2018-09-19 15:32:25,075:INFO: ### Model ###
LeNet5(
  (convnet): Sequential(
    (0): Conv2d(1, 6, kernel_size=(5, 5), stride=(1, 1))
    (1): ReLU()
    (2): MaxPool2d(kernel_size=(2, 2), stride=2, padding=0, dilation=1, ceil_mode=False)
    (3): Conv2d(6, 16, kernel_size=(5, 5), stride=(1, 1))
    (4): ReLU()
    (5): MaxPool2d(kernel_size=(2, 2), stride=2, padding=0, dilation=1, ceil_mode=False)
    (6): Conv2d(16, 120, kernel_size=(5, 5), stride=(1, 1))
    (7): ReLU()
    (8): Conv2d(120, 240, kernel_size=(5, 5), stride=(1, 1))
    (9): ReLU()
  )
  (fc): Sequential(
    (0): Linear(in_features=240, out_features=84, bias=True)
    (1): ReLU()
    (2): Linear(in_features=84, out_features=10, bias=True)
  )
)
2018-09-19 15:32:25,076:INFO: ### Optimizer ###
Adam (
Parameter Group 0
    amsgrad: False
    betas: (0.9, 0.999)
    eps: 1e-08
    lr: 0.0001
    weight_decay: 0
)
2018-09-19 15:32:25,076:INFO: ### HParams ###
n_epochs: 1 ; data: ferplus ; label: ferplus_votes ; batch_size: 24 ; lr: 0.0001 ; wd: 0 ; init: kaiming_he ; eval_steps: 1190
2018-09-19 15:32:25,250:INFO: [TRAIN] Step: 0 ; Loss: 42.863 ; Acc: 4.167
2018-09-19 15:32:25,329:INFO: [TRAIN] Step: 1 ; Loss: 36.206 ; Acc: 12.500
2018-09-19 15:32:25,404:INFO: [TRAIN] Step: 2 ; Loss: 34.104 ; Acc: 13.889
2018-09-19 15:32:25,495:INFO: [TRAIN] Step: 3 ; Loss: 40.673 ; Acc: 11.458
2018-09-19 15:32:25,576:INFO: [TRAIN] Step: 4 ; Loss: 35.256 ; Acc: 10.833
2018-09-19 15:32:25,664:INFO: [TRAIN] Step: 5 ; Loss: 27.899 ; Acc: 11.806
2018-09-19 15:32:25,741:INFO: [TRAIN] Step: 6 ; Loss: 28.541 ; Acc: 15.476
2018-09-19 15:32:25,822:INFO: [TRAIN] Step: 7 ; Loss: 32.696 ; Acc: 18.750
2018-09-19 15:32:25,899:INFO: [TRAIN] Step: 8 ; Loss: 31.243 ; Acc: 19.444
2018-09-19 15:32:25,980:INFO: [TRAIN] Step: 9 ; Loss: 32.890 ; Acc: 21.250
2018-09-19 15:32:26,055:INFO: [TRAIN] Step: 10 ; Loss: 29.226 ; Acc: 23.485
2018-09-19 15:32:26,138:INFO: [TRAIN] Step: 11 ; Loss: 29.951 ; Acc: 25.000
2018-09-19 15:32:26,213:INFO: [TRAIN] Step: 12 ; Loss: 33.365 ; Acc: 25.321
2018-09-19 15:32:26,294:INFO: [TRAIN] Step: 13 ; Loss: 30.033 ; Acc: 25.893
2018-09-19 15:32:26,374:INFO: [TRAIN] Step: 14 ; Loss: 32.722 ; Acc: 26.389
2018-09-19 15:32:26,469:INFO: [TRAIN] Step: 15 ; Loss: 29.737 ; Acc: 27.344
2018-09-19 15:32:26,552:INFO: [TRAIN] Step: 16 ; Loss: 28.768 ; Acc: 28.676
2018-09-19 15:32:26,642:INFO: [TRAIN] Step: 17 ; Loss: 31.190 ; Acc: 29.861
2018-09-19 15:32:26,734:INFO: [TRAIN] Step: 18 ; Loss: 27.910 ; Acc: 30.921
2018-09-19 15:32:26,831:INFO: [TRAIN] Step: 19 ; Loss: 28.506 ; Acc: 31.042
2018-09-19 15:32:26,920:INFO: [TRAIN] Step: 20 ; Loss: 30.634 ; Acc: 31.349
2018-09-19 15:32:27,020:INFO: [TRAIN] Step: 21 ; Loss: 31.643 ; Acc: 31.439
2018-09-19 15:32:27,108:INFO: [TRAIN] Step: 22 ; Loss: 30.608 ; Acc: 31.522
2018-09-19 15:32:27,206:INFO: [TRAIN] Step: 23 ; Loss: 25.326 ; Acc: 31.597
2018-09-19 15:32:27,281:INFO: [TRAIN] Step: 24 ; Loss: 30.885 ; Acc: 31.500
2018-09-19 15:32:27,363:INFO: [TRAIN] Step: 25 ; Loss: 31.308 ; Acc: 31.571
2018-09-19 15:32:27,439:INFO: [TRAIN] Step: 26 ; Loss: 28.995 ; Acc: 31.019
2018-09-19 15:32:27,517:INFO: [TRAIN] Step: 27 ; Loss: 32.095 ; Acc: 30.952
2018-09-19 15:32:27,590:INFO: [TRAIN] Step: 28 ; Loss: 25.924 ; Acc: 31.178
2018-09-19 15:32:27,669:INFO: [TRAIN] Step: 29 ; Loss: 30.306 ; Acc: 31.250
2018-09-19 15:32:27,742:INFO: [TRAIN] Step: 30 ; Loss: 29.014 ; Acc: 31.720
2018-09-19 15:32:27,822:INFO: [TRAIN] Step: 31 ; Loss: 25.458 ; Acc: 32.292
2018-09-19 15:32:27,895:INFO: [TRAIN] Step: 32 ; Loss: 34.455 ; Acc: 32.828
2018-09-19 15:32:27,977:INFO: [TRAIN] Step: 33 ; Loss: 31.997 ; Acc: 32.721
2018-09-19 15:32:28,056:INFO: [TRAIN] Step: 34 ; Loss: 25.417 ; Acc: 33.214
2018-09-19 15:32:28,138:INFO: [TRAIN] Step: 35 ; Loss: 29.154 ; Acc: 33.333
2018-09-19 15:32:28,222:INFO: [TRAIN] Step: 36 ; Loss: 28.447 ; Acc: 33.671
2018-09-19 15:32:28,326:INFO: [TRAIN] Step: 37 ; Loss: 26.134 ; Acc: 33.882
2018-09-19 15:32:28,416:INFO: [TRAIN] Step: 38 ; Loss: 29.415 ; Acc: 33.547
2018-09-19 15:32:28,496:INFO: [TRAIN] Step: 39 ; Loss: 26.173 ; Acc: 33.750
2018-09-19 15:32:28,586:INFO: [TRAIN] Step: 40 ; Loss: 30.522 ; Acc: 34.045
2018-09-19 15:32:28,701:INFO: [TRAIN] Step: 41 ; Loss: 27.280 ; Acc: 33.929
2018-09-19 15:32:28,803:INFO: [TRAIN] Step: 42 ; Loss: 23.121 ; Acc: 34.109
2018-09-19 15:32:28,904:INFO: [TRAIN] Step: 43 ; Loss: 30.752 ; Acc: 34.470
2018-09-19 15:32:29,001:INFO: [TRAIN] Step: 44 ; Loss: 26.356 ; Acc: 34.630
2018-09-19 15:32:29,080:INFO: [TRAIN] Step: 45 ; Loss: 28.642 ; Acc: 34.601
2018-09-19 15:32:29,152:INFO: [TRAIN] Step: 46 ; Loss: 27.675 ; Acc: 34.929
2018-09-19 15:32:29,231:INFO: [TRAIN] Step: 47 ; Loss: 28.671 ; Acc: 34.722
2018-09-19 15:32:29,303:INFO: [TRAIN] Step: 48 ; Loss: 29.074 ; Acc: 34.609
2018-09-19 15:32:29,381:INFO: [TRAIN] Step: 49 ; Loss: 27.519 ; Acc: 34.833
2018-09-19 15:32:29,456:INFO: [TRAIN] Step: 50 ; Loss: 27.270 ; Acc: 34.641
2018-09-19 15:32:29,532:INFO: [TRAIN] Step: 51 ; Loss: 30.179 ; Acc: 34.535
2018-09-19 15:32:29,603:INFO: [TRAIN] Step: 52 ; Loss: 31.024 ; Acc: 34.513
2018-09-19 15:32:29,679:INFO: [TRAIN] Step: 53 ; Loss: 27.588 ; Acc: 34.799
2018-09-19 15:32:29,750:INFO: [TRAIN] Step: 54 ; Loss: 30.039 ; Acc: 34.848
2018-09-19 15:32:29,827:INFO: [TRAIN] Step: 55 ; Loss: 27.397 ; Acc: 35.119
2018-09-19 15:32:29,900:INFO: [TRAIN] Step: 56 ; Loss: 27.707 ; Acc: 35.161
2018-09-19 15:32:29,980:INFO: [TRAIN] Step: 57 ; Loss: 29.509 ; Acc: 35.129
2018-09-19 15:32:30,076:INFO: [TRAIN] Step: 58 ; Loss: 28.203 ; Acc: 35.311
2018-09-19 15:32:30,217:INFO: [TRAIN] Step: 59 ; Loss: 27.747 ; Acc: 35.556
2018-09-19 15:32:30,292:INFO: [TRAIN] Step: 60 ; Loss: 26.396 ; Acc: 35.451
2018-09-19 15:32:30,368:INFO: [TRAIN] Step: 61 ; Loss: 26.045 ; Acc: 35.618
2018-09-19 15:32:30,440:INFO: [TRAIN] Step: 62 ; Loss: 29.752 ; Acc: 35.648
2018-09-19 15:32:30,523:INFO: [TRAIN] Step: 63 ; Loss: 24.192 ; Acc: 36.068
2018-09-19 15:32:30,619:INFO: [TRAIN] Step: 64 ; Loss: 25.994 ; Acc: 36.154
2018-09-19 15:32:30,705:INFO: [TRAIN] Step: 65 ; Loss: 24.968 ; Acc: 36.553
2018-09-19 15:32:30,780:INFO: [TRAIN] Step: 66 ; Loss: 24.294 ; Acc: 36.692
2018-09-19 15:32:30,858:INFO: [TRAIN] Step: 67 ; Loss: 32.761 ; Acc: 36.581
2018-09-19 15:32:30,928:INFO: [TRAIN] Step: 68 ; Loss: 29.142 ; Acc: 36.715
2018-09-19 15:32:31,009:INFO: [TRAIN] Step: 69 ; Loss: 31.766 ; Acc: 36.726
2018-09-19 15:32:31,082:INFO: [TRAIN] Step: 70 ; Loss: 25.050 ; Acc: 36.737
2018-09-19 15:32:31,156:INFO: [TRAIN] Step: 71 ; Loss: 27.757 ; Acc: 36.806
2018-09-19 15:32:31,228:INFO: [TRAIN] Step: 72 ; Loss: 33.685 ; Acc: 36.644
2018-09-19 15:32:31,311:INFO: [TRAIN] Step: 73 ; Loss: 25.980 ; Acc: 36.712
2018-09-19 15:32:31,390:INFO: [TRAIN] Step: 74 ; Loss: 26.990 ; Acc: 37.000
2018-09-19 15:32:31,469:INFO: [TRAIN] Step: 75 ; Loss: 26.167 ; Acc: 37.061
2018-09-19 15:32:31,540:INFO: [TRAIN] Step: 76 ; Loss: 30.177 ; Acc: 37.013
2018-09-19 15:32:31,617:INFO: [TRAIN] Step: 77 ; Loss: 27.016 ; Acc: 37.019
2018-09-19 15:32:31,688:INFO: [TRAIN] Step: 78 ; Loss: 28.746 ; Acc: 36.973
2018-09-19 15:32:31,763:INFO: [TRAIN] Step: 79 ; Loss: 30.306 ; Acc: 37.083
2018-09-19 15:32:31,833:INFO: [TRAIN] Step: 80 ; Loss: 25.997 ; Acc: 37.346
2018-09-19 15:32:31,911:INFO: [TRAIN] Step: 81 ; Loss: 32.749 ; Acc: 37.398
2018-09-19 15:32:31,985:INFO: [TRAIN] Step: 82 ; Loss: 26.325 ; Acc: 37.299
2018-09-19 15:32:32,071:INFO: [TRAIN] Step: 83 ; Loss: 26.584 ; Acc: 37.450
2018-09-19 15:32:32,149:INFO: [TRAIN] Step: 84 ; Loss: 29.219 ; Acc: 37.304
2018-09-19 15:32:32,243:INFO: [TRAIN] Step: 85 ; Loss: 24.762 ; Acc: 37.452
2018-09-19 15:32:32,328:INFO: [TRAIN] Step: 86 ; Loss: 25.013 ; Acc: 37.644
2018-09-19 15:32:32,406:INFO: [TRAIN] Step: 87 ; Loss: 28.137 ; Acc: 37.689
2018-09-19 15:32:32,482:INFO: [TRAIN] Step: 88 ; Loss: 30.352 ; Acc: 37.640
2018-09-19 15:32:32,564:INFO: [TRAIN] Step: 89 ; Loss: 27.787 ; Acc: 37.778
2018-09-19 15:32:32,638:INFO: [TRAIN] Step: 90 ; Loss: 28.258 ; Acc: 37.729
2018-09-19 15:32:32,717:INFO: [TRAIN] Step: 91 ; Loss: 26.659 ; Acc: 37.998
2018-09-19 15:32:32,787:INFO: [TRAIN] Step: 92 ; Loss: 26.960 ; Acc: 37.948
2018-09-19 15:32:32,866:INFO: [TRAIN] Step: 93 ; Loss: 26.508 ; Acc: 37.899
2018-09-19 15:32:32,938:INFO: [TRAIN] Step: 94 ; Loss: 25.208 ; Acc: 38.070
2018-09-19 15:32:33,025:INFO: [TRAIN] Step: 95 ; Loss: 27.980 ; Acc: 38.194
2018-09-19 15:32:33,106:INFO: [TRAIN] Step: 96 ; Loss: 33.538 ; Acc: 38.144
2018-09-19 15:32:33,184:INFO: [TRAIN] Step: 97 ; Loss: 29.958 ; Acc: 38.138
2018-09-19 15:32:33,260:INFO: [TRAIN] Step: 98 ; Loss: 27.439 ; Acc: 38.089
2018-09-19 15:32:33,338:INFO: [TRAIN] Step: 99 ; Loss: 29.188 ; Acc: 38.167
2018-09-19 15:32:33,409:INFO: [TRAIN] Step: 100 ; Loss: 28.771 ; Acc: 38.201
2018-09-19 15:32:33,486:INFO: [TRAIN] Step: 101 ; Loss: 30.823 ; Acc: 38.031
2018-09-19 15:32:33,557:INFO: [TRAIN] Step: 102 ; Loss: 25.995 ; Acc: 37.783
2018-09-19 15:32:33,632:INFO: [TRAIN] Step: 103 ; Loss: 26.889 ; Acc: 37.780
2018-09-19 15:32:33,704:INFO: [TRAIN] Step: 104 ; Loss: 25.119 ; Acc: 37.817
2018-09-19 15:32:33,780:INFO: [TRAIN] Step: 105 ; Loss: 25.667 ; Acc: 38.090
2018-09-19 15:32:33,853:INFO: [TRAIN] Step: 106 ; Loss: 22.143 ; Acc: 38.279
2018-09-19 15:32:33,928:INFO: [TRAIN] Step: 107 ; Loss: 24.871 ; Acc: 38.503
2018-09-19 15:32:33,998:INFO: [TRAIN] Step: 108 ; Loss: 28.575 ; Acc: 38.532
2018-09-19 15:32:34,073:INFO: [TRAIN] Step: 109 ; Loss: 30.319 ; Acc: 38.561
2018-09-19 15:32:34,144:INFO: [TRAIN] Step: 110 ; Loss: 30.314 ; Acc: 38.476
2018-09-19 15:32:34,221:INFO: [TRAIN] Step: 111 ; Loss: 24.642 ; Acc: 38.579
2018-09-19 15:32:34,296:INFO: [TRAIN] Step: 112 ; Loss: 25.719 ; Acc: 38.717
2018-09-19 15:32:34,373:INFO: [TRAIN] Step: 113 ; Loss: 26.436 ; Acc: 38.779
2018-09-19 15:32:34,451:INFO: [TRAIN] Step: 114 ; Loss: 28.145 ; Acc: 38.696
2018-09-19 15:32:34,534:INFO: [TRAIN] Step: 115 ; Loss: 26.468 ; Acc: 38.685
2018-09-19 15:32:34,611:INFO: [TRAIN] Step: 116 ; Loss: 33.320 ; Acc: 38.497
2018-09-19 15:32:34,686:INFO: [TRAIN] Step: 117 ; Loss: 26.401 ; Acc: 38.489
2018-09-19 15:32:34,756:INFO: [TRAIN] Step: 118 ; Loss: 26.890 ; Acc: 38.550
2018-09-19 15:32:34,833:INFO: [TRAIN] Step: 119 ; Loss: 26.516 ; Acc: 38.403
2018-09-19 15:32:34,907:INFO: [TRAIN] Step: 120 ; Loss: 27.113 ; Acc: 38.430
2018-09-19 15:32:34,988:INFO: [TRAIN] Step: 121 ; Loss: 25.232 ; Acc: 38.456
2018-09-19 15:32:35,066:INFO: [TRAIN] Step: 122 ; Loss: 27.934 ; Acc: 38.449
2018-09-19 15:32:35,163:INFO: [TRAIN] Step: 123 ; Loss: 25.324 ; Acc: 38.542
2018-09-19 15:32:35,237:INFO: [TRAIN] Step: 124 ; Loss: 25.678 ; Acc: 38.667
2018-09-19 15:32:35,320:INFO: [TRAIN] Step: 125 ; Loss: 27.432 ; Acc: 38.624
2018-09-19 15:32:35,391:INFO: [TRAIN] Step: 126 ; Loss: 28.529 ; Acc: 38.583
2018-09-19 15:32:35,474:INFO: [TRAIN] Step: 127 ; Loss: 24.729 ; Acc: 38.509
2018-09-19 15:32:35,545:INFO: [TRAIN] Step: 128 ; Loss: 26.504 ; Acc: 38.501
2018-09-19 15:32:35,624:INFO: [TRAIN] Step: 129 ; Loss: 24.108 ; Acc: 38.622
2018-09-19 15:32:35,697:INFO: [TRAIN] Step: 130 ; Loss: 32.536 ; Acc: 38.645
2018-09-19 15:32:35,780:INFO: [TRAIN] Step: 131 ; Loss: 24.980 ; Acc: 38.731
2018-09-19 15:32:35,854:INFO: [TRAIN] Step: 132 ; Loss: 26.309 ; Acc: 38.847
2018-09-19 15:32:35,929:INFO: [TRAIN] Step: 133 ; Loss: 27.025 ; Acc: 38.837
2018-09-19 15:32:36,000:INFO: [TRAIN] Step: 134 ; Loss: 27.773 ; Acc: 38.889
2018-09-19 15:32:36,076:INFO: [TRAIN] Step: 135 ; Loss: 23.328 ; Acc: 38.909
2018-09-19 15:32:36,148:INFO: [TRAIN] Step: 136 ; Loss: 24.196 ; Acc: 38.869
2018-09-19 15:32:36,224:INFO: [TRAIN] Step: 137 ; Loss: 27.543 ; Acc: 38.919
2018-09-19 15:32:36,295:INFO: [TRAIN] Step: 138 ; Loss: 23.980 ; Acc: 39.059
2018-09-19 15:32:36,372:INFO: [TRAIN] Step: 139 ; Loss: 29.881 ; Acc: 39.107
2018-09-19 15:32:36,443:INFO: [TRAIN] Step: 140 ; Loss: 25.059 ; Acc: 39.214
2018-09-19 15:32:36,518:INFO: [TRAIN] Step: 141 ; Loss: 28.318 ; Acc: 39.173
2018-09-19 15:32:36,590:INFO: [TRAIN] Step: 142 ; Loss: 26.963 ; Acc: 39.307
2018-09-19 15:32:36,665:INFO: [TRAIN] Step: 143 ; Loss: 26.603 ; Acc: 39.468
2018-09-19 15:32:36,737:INFO: [TRAIN] Step: 144 ; Loss: 27.905 ; Acc: 39.511
2018-09-19 15:32:36,811:INFO: [TRAIN] Step: 145 ; Loss: 23.628 ; Acc: 39.469
2018-09-19 15:32:36,883:INFO: [TRAIN] Step: 146 ; Loss: 25.053 ; Acc: 39.626
2018-09-19 15:32:36,958:INFO: [TRAIN] Step: 147 ; Loss: 24.772 ; Acc: 39.640
2018-09-19 15:32:37,031:INFO: [TRAIN] Step: 148 ; Loss: 24.836 ; Acc: 39.765
2018-09-19 15:32:37,106:INFO: [TRAIN] Step: 149 ; Loss: 25.783 ; Acc: 39.750
2018-09-19 15:32:37,181:INFO: [TRAIN] Step: 150 ; Loss: 26.936 ; Acc: 39.818
2018-09-19 15:32:37,260:INFO: [TRAIN] Step: 151 ; Loss: 30.469 ; Acc: 39.857
2018-09-19 15:32:37,332:INFO: [TRAIN] Step: 152 ; Loss: 23.398 ; Acc: 39.951
2018-09-19 15:32:37,411:INFO: [TRAIN] Step: 153 ; Loss: 23.745 ; Acc: 39.989
2018-09-19 15:32:37,482:INFO: [TRAIN] Step: 154 ; Loss: 23.737 ; Acc: 40.054
2018-09-19 15:32:37,557:INFO: [TRAIN] Step: 155 ; Loss: 24.902 ; Acc: 40.064
2018-09-19 15:32:37,630:INFO: [TRAIN] Step: 156 ; Loss: 31.847 ; Acc: 40.127
2018-09-19 15:32:37,705:INFO: [TRAIN] Step: 157 ; Loss: 29.684 ; Acc: 40.216
2018-09-19 15:32:37,777:INFO: [TRAIN] Step: 158 ; Loss: 27.459 ; Acc: 40.356
2018-09-19 15:32:37,857:INFO: [TRAIN] Step: 159 ; Loss: 23.935 ; Acc: 40.443
2018-09-19 15:32:37,931:INFO: [TRAIN] Step: 160 ; Loss: 27.899 ; Acc: 40.450
2018-09-19 15:32:38,006:INFO: [TRAIN] Step: 161 ; Loss: 23.750 ; Acc: 40.484
2018-09-19 15:32:38,079:INFO: [TRAIN] Step: 162 ; Loss: 21.389 ; Acc: 40.567
2018-09-19 15:32:38,157:INFO: [TRAIN] Step: 163 ; Loss: 25.563 ; Acc: 40.600
2018-09-19 15:32:38,232:INFO: [TRAIN] Step: 164 ; Loss: 25.586 ; Acc: 40.631
2018-09-19 15:32:38,318:INFO: [TRAIN] Step: 165 ; Loss: 26.704 ; Acc: 40.587
2018-09-19 15:32:38,406:INFO: [TRAIN] Step: 166 ; Loss: 26.745 ; Acc: 40.669
2018-09-19 15:32:38,499:INFO: [TRAIN] Step: 167 ; Loss: 23.010 ; Acc: 40.774
2018-09-19 15:32:38,584:INFO: [TRAIN] Step: 168 ; Loss: 27.686 ; Acc: 40.804
2018-09-19 15:32:38,674:INFO: [TRAIN] Step: 169 ; Loss: 25.465 ; Acc: 40.833
2018-09-19 15:32:38,748:INFO: [TRAIN] Step: 170 ; Loss: 25.326 ; Acc: 40.863
2018-09-19 15:32:38,829:INFO: [TRAIN] Step: 171 ; Loss: 25.675 ; Acc: 40.964
2018-09-19 15:32:38,905:INFO: [TRAIN] Step: 172 ; Loss: 25.246 ; Acc: 40.896
2018-09-19 15:32:38,992:INFO: [TRAIN] Step: 173 ; Loss: 25.201 ; Acc: 40.948
2018-09-19 15:32:39,073:INFO: [TRAIN] Step: 174 ; Loss: 25.351 ; Acc: 40.976
2018-09-19 15:32:39,157:INFO: [TRAIN] Step: 175 ; Loss: 26.575 ; Acc: 41.027
2018-09-19 15:32:39,233:INFO: [TRAIN] Step: 176 ; Loss: 27.107 ; Acc: 41.008
2018-09-19 15:32:39,311:INFO: [TRAIN] Step: 177 ; Loss: 24.459 ; Acc: 41.035
2018-09-19 15:32:39,388:INFO: [TRAIN] Step: 178 ; Loss: 31.519 ; Acc: 40.945
2018-09-19 15:32:39,471:INFO: [TRAIN] Step: 179 ; Loss: 22.940 ; Acc: 41.042
2018-09-19 15:32:39,544:INFO: [TRAIN] Step: 180 ; Loss: 27.185 ; Acc: 41.137
2018-09-19 15:32:39,632:INFO: [TRAIN] Step: 181 ; Loss: 25.138 ; Acc: 41.209
2018-09-19 15:32:39,712:INFO: [TRAIN] Step: 182 ; Loss: 21.734 ; Acc: 41.325
2018-09-19 15:32:39,788:INFO: [TRAIN] Step: 183 ; Loss: 31.782 ; Acc: 41.259
2018-09-19 15:32:39,859:INFO: [TRAIN] Step: 184 ; Loss: 23.535 ; Acc: 41.306
2018-09-19 15:32:39,936:INFO: [TRAIN] Step: 185 ; Loss: 26.015 ; Acc: 41.398
2018-09-19 15:32:40,009:INFO: [TRAIN] Step: 186 ; Loss: 23.914 ; Acc: 41.422
2018-09-19 15:32:40,085:INFO: [TRAIN] Step: 187 ; Loss: 24.384 ; Acc: 41.467
2018-09-19 15:32:40,158:INFO: [TRAIN] Step: 188 ; Loss: 22.956 ; Acc: 41.601
2018-09-19 15:32:40,234:INFO: [TRAIN] Step: 189 ; Loss: 23.287 ; Acc: 41.732
2018-09-19 15:32:40,307:INFO: [TRAIN] Step: 190 ; Loss: 22.375 ; Acc: 41.710
2018-09-19 15:32:40,383:INFO: [TRAIN] Step: 191 ; Loss: 25.080 ; Acc: 41.753
2018-09-19 15:32:40,454:INFO: [TRAIN] Step: 192 ; Loss: 24.793 ; Acc: 41.839
2018-09-19 15:32:40,530:INFO: [TRAIN] Step: 193 ; Loss: 28.600 ; Acc: 41.817
2018-09-19 15:32:40,601:INFO: [TRAIN] Step: 194 ; Loss: 26.629 ; Acc: 41.880
2018-09-19 15:32:40,677:INFO: [TRAIN] Step: 195 ; Loss: 24.844 ; Acc: 41.964
2018-09-19 15:32:40,748:INFO: [TRAIN] Step: 196 ; Loss: 25.539 ; Acc: 41.963
2018-09-19 15:32:40,825:INFO: [TRAIN] Step: 197 ; Loss: 24.652 ; Acc: 42.003
2018-09-19 15:32:40,898:INFO: [TRAIN] Step: 198 ; Loss: 23.523 ; Acc: 42.002
2018-09-19 15:32:40,973:INFO: [TRAIN] Step: 199 ; Loss: 25.178 ; Acc: 42.021
2018-09-19 15:32:41,048:INFO: [TRAIN] Step: 200 ; Loss: 25.798 ; Acc: 42.081
2018-09-19 15:32:41,123:INFO: [TRAIN] Step: 201 ; Loss: 24.591 ; Acc: 42.100
2018-09-19 15:32:41,192:INFO: [TRAIN] Step: 202 ; Loss: 23.705 ; Acc: 42.200
2018-09-19 15:32:41,268:INFO: [TRAIN] Step: 203 ; Loss: 26.477 ; Acc: 42.218
2018-09-19 15:32:41,340:INFO: [TRAIN] Step: 204 ; Loss: 27.321 ; Acc: 42.276
2018-09-19 15:32:41,415:INFO: [TRAIN] Step: 205 ; Loss: 21.562 ; Acc: 42.395
2018-09-19 15:32:41,488:INFO: [TRAIN] Step: 206 ; Loss: 25.093 ; Acc: 42.391
2018-09-19 15:32:41,563:INFO: [TRAIN] Step: 207 ; Loss: 21.653 ; Acc: 42.448
2018-09-19 15:32:41,635:INFO: [TRAIN] Step: 208 ; Loss: 28.372 ; Acc: 42.484
2018-09-19 15:32:41,711:INFO: [TRAIN] Step: 209 ; Loss: 23.384 ; Acc: 42.500
2018-09-19 15:32:41,783:INFO: [TRAIN] Step: 210 ; Loss: 25.863 ; Acc: 42.516
2018-09-19 15:32:41,856:INFO: [TRAIN] Step: 211 ; Loss: 26.968 ; Acc: 42.492
2018-09-19 15:32:41,927:INFO: [TRAIN] Step: 212 ; Loss: 23.632 ; Acc: 42.547
2018-09-19 15:32:42,001:INFO: [TRAIN] Step: 213 ; Loss: 28.658 ; Acc: 42.562
2018-09-19 15:32:42,073:INFO: [TRAIN] Step: 214 ; Loss: 22.642 ; Acc: 42.616
2018-09-19 15:32:42,150:INFO: [TRAIN] Step: 215 ; Loss: 25.081 ; Acc: 42.631
2018-09-19 15:32:42,220:INFO: [TRAIN] Step: 216 ; Loss: 23.821 ; Acc: 42.608
2018-09-19 15:32:42,294:INFO: [TRAIN] Step: 217 ; Loss: 22.464 ; Acc: 42.680
2018-09-19 15:32:42,365:INFO: [TRAIN] Step: 218 ; Loss: 27.802 ; Acc: 42.599
2018-09-19 15:32:42,443:INFO: [TRAIN] Step: 219 ; Loss: 28.691 ; Acc: 42.557
2018-09-19 15:32:42,513:INFO: [TRAIN] Step: 220 ; Loss: 31.525 ; Acc: 42.534
2018-09-19 15:32:42,589:INFO: [TRAIN] Step: 221 ; Loss: 24.955 ; Acc: 42.492
2018-09-19 15:32:42,667:INFO: [TRAIN] Step: 222 ; Loss: 29.108 ; Acc: 42.451
2018-09-19 15:32:42,746:INFO: [TRAIN] Step: 223 ; Loss: 27.667 ; Acc: 42.485
2018-09-19 15:32:42,818:INFO: [TRAIN] Step: 224 ; Loss: 22.736 ; Acc: 42.537
2018-09-19 15:32:42,894:INFO: [TRAIN] Step: 225 ; Loss: 24.806 ; Acc: 42.552
2018-09-19 15:32:42,971:INFO: [TRAIN] Step: 226 ; Loss: 28.554 ; Acc: 42.566
2018-09-19 15:32:43,088:INFO: [TRAIN] Step: 227 ; Loss: 25.450 ; Acc: 42.526
2018-09-19 15:32:43,174:INFO: [TRAIN] Step: 228 ; Loss: 26.990 ; Acc: 42.540
2018-09-19 15:32:43,252:INFO: [TRAIN] Step: 229 ; Loss: 27.178 ; Acc: 42.554
2018-09-19 15:32:43,322:INFO: [TRAIN] Step: 230 ; Loss: 28.295 ; Acc: 42.496
2018-09-19 15:32:43,400:INFO: [TRAIN] Step: 231 ; Loss: 25.995 ; Acc: 42.493
2018-09-19 15:32:43,478:INFO: [TRAIN] Step: 232 ; Loss: 22.282 ; Acc: 42.525
2018-09-19 15:32:43,556:INFO: [TRAIN] Step: 233 ; Loss: 31.930 ; Acc: 42.468
2018-09-19 15:32:43,632:INFO: [TRAIN] Step: 234 ; Loss: 22.269 ; Acc: 42.589
2018-09-19 15:32:43,722:INFO: [TRAIN] Step: 235 ; Loss: 24.510 ; Acc: 42.655
2018-09-19 15:32:43,803:INFO: [TRAIN] Step: 236 ; Loss: 24.962 ; Acc: 42.634
2018-09-19 15:32:43,884:INFO: [TRAIN] Step: 237 ; Loss: 23.944 ; Acc: 42.630
2018-09-19 15:32:43,961:INFO: [TRAIN] Step: 238 ; Loss: 29.396 ; Acc: 42.643
2018-09-19 15:32:44,044:INFO: [TRAIN] Step: 239 ; Loss: 23.848 ; Acc: 42.708
2018-09-19 15:32:44,121:INFO: [TRAIN] Step: 240 ; Loss: 26.668 ; Acc: 42.721
2018-09-19 15:32:44,200:INFO: [TRAIN] Step: 241 ; Loss: 22.293 ; Acc: 42.803
2018-09-19 15:32:44,273:INFO: [TRAIN] Step: 242 ; Loss: 27.100 ; Acc: 42.867
2018-09-19 15:32:44,349:INFO: [TRAIN] Step: 243 ; Loss: 31.409 ; Acc: 42.845
2018-09-19 15:32:44,420:INFO: [TRAIN] Step: 244 ; Loss: 22.090 ; Acc: 42.942
2018-09-19 15:32:44,494:INFO: [TRAIN] Step: 245 ; Loss: 29.363 ; Acc: 42.903
2018-09-19 15:32:44,566:INFO: [TRAIN] Step: 246 ; Loss: 24.682 ; Acc: 42.999
2018-09-19 15:32:44,647:INFO: [TRAIN] Step: 247 ; Loss: 23.382 ; Acc: 43.078
2018-09-19 15:32:44,718:INFO: [TRAIN] Step: 248 ; Loss: 29.444 ; Acc: 43.039
2018-09-19 15:32:44,793:INFO: [TRAIN] Step: 249 ; Loss: 33.481 ; Acc: 43.000
2018-09-19 15:32:44,864:INFO: [TRAIN] Step: 250 ; Loss: 24.380 ; Acc: 43.094
2018-09-19 15:32:44,941:INFO: [TRAIN] Step: 251 ; Loss: 27.686 ; Acc: 43.039
2018-09-19 15:32:45,012:INFO: [TRAIN] Step: 252 ; Loss: 24.812 ; Acc: 43.050
2018-09-19 15:32:45,099:INFO: [TRAIN] Step: 253 ; Loss: 22.617 ; Acc: 43.127
2018-09-19 15:32:45,187:INFO: [TRAIN] Step: 254 ; Loss: 24.104 ; Acc: 43.219
2018-09-19 15:32:45,269:INFO: [TRAIN] Step: 255 ; Loss: 22.497 ; Acc: 43.278
2018-09-19 15:32:45,343:INFO: [TRAIN] Step: 256 ; Loss: 26.415 ; Acc: 43.337
2018-09-19 15:32:45,423:INFO: [TRAIN] Step: 257 ; Loss: 26.997 ; Acc: 43.330
2018-09-19 15:32:45,502:INFO: [TRAIN] Step: 258 ; Loss: 21.618 ; Acc: 43.452
2018-09-19 15:32:45,601:INFO: [TRAIN] Step: 259 ; Loss: 24.247 ; Acc: 43.446
2018-09-19 15:32:45,696:INFO: [TRAIN] Step: 260 ; Loss: 27.281 ; Acc: 43.503
2018-09-19 15:32:45,805:INFO: [TRAIN] Step: 261 ; Loss: 21.768 ; Acc: 43.543
2018-09-19 15:32:45,886:INFO: [TRAIN] Step: 262 ; Loss: 32.975 ; Acc: 43.489
2018-09-19 15:32:45,960:INFO: [TRAIN] Step: 263 ; Loss: 21.763 ; Acc: 43.529
2018-09-19 15:32:46,033:INFO: [TRAIN] Step: 264 ; Loss: 23.381 ; Acc: 43.585
2018-09-19 15:32:46,132:INFO: [TRAIN] Step: 265 ; Loss: 22.997 ; Acc: 43.625
2018-09-19 15:32:46,209:INFO: [TRAIN] Step: 266 ; Loss: 23.274 ; Acc: 43.633
2018-09-19 15:32:46,290:INFO: [TRAIN] Step: 267 ; Loss: 26.742 ; Acc: 43.672
2018-09-19 15:32:46,365:INFO: [TRAIN] Step: 268 ; Loss: 24.253 ; Acc: 43.696
2018-09-19 15:32:46,447:INFO: [TRAIN] Step: 269 ; Loss: 21.943 ; Acc: 43.750
2018-09-19 15:32:46,543:INFO: [TRAIN] Step: 270 ; Loss: 23.408 ; Acc: 43.819
2018-09-19 15:32:46,660:INFO: [TRAIN] Step: 271 ; Loss: 21.979 ; Acc: 43.857
2018-09-19 15:32:46,755:INFO: [TRAIN] Step: 272 ; Loss: 19.826 ; Acc: 43.926
2018-09-19 15:32:46,839:INFO: [TRAIN] Step: 273 ; Loss: 17.791 ; Acc: 43.993
2018-09-19 15:32:46,919:INFO: [TRAIN] Step: 274 ; Loss: 24.675 ; Acc: 44.045
2018-09-19 15:32:47,004:INFO: [TRAIN] Step: 275 ; Loss: 21.212 ; Acc: 44.127
2018-09-19 15:32:47,078:INFO: [TRAIN] Step: 276 ; Loss: 25.625 ; Acc: 44.119
2018-09-19 15:32:47,164:INFO: [TRAIN] Step: 277 ; Loss: 23.145 ; Acc: 44.185
2018-09-19 15:32:47,238:INFO: [TRAIN] Step: 278 ; Loss: 20.890 ; Acc: 44.265
2018-09-19 15:32:47,328:INFO: [TRAIN] Step: 279 ; Loss: 22.958 ; Acc: 44.315
2018-09-19 15:32:47,410:INFO: [TRAIN] Step: 280 ; Loss: 18.840 ; Acc: 44.365
2018-09-19 15:32:47,499:INFO: [TRAIN] Step: 281 ; Loss: 20.789 ; Acc: 44.444
2018-09-19 15:32:47,592:INFO: [TRAIN] Step: 282 ; Loss: 22.518 ; Acc: 44.479
2018-09-19 15:32:47,681:INFO: [TRAIN] Step: 283 ; Loss: 20.105 ; Acc: 44.572
2018-09-19 15:32:47,759:INFO: [TRAIN] Step: 284 ; Loss: 21.925 ; Acc: 44.620
2018-09-19 15:32:47,851:INFO: [TRAIN] Step: 285 ; Loss: 26.051 ; Acc: 44.653
2018-09-19 15:32:47,928:INFO: [TRAIN] Step: 286 ; Loss: 22.468 ; Acc: 44.672
2018-09-19 15:32:48,011:INFO: [TRAIN] Step: 287 ; Loss: 24.803 ; Acc: 44.676
2018-09-19 15:32:48,084:INFO: [TRAIN] Step: 288 ; Loss: 26.473 ; Acc: 44.680
2018-09-19 15:32:48,170:INFO: [TRAIN] Step: 289 ; Loss: 27.410 ; Acc: 44.684
2018-09-19 15:32:48,246:INFO: [TRAIN] Step: 290 ; Loss: 25.320 ; Acc: 44.731
2018-09-19 15:32:48,328:INFO: [TRAIN] Step: 291 ; Loss: 19.081 ; Acc: 44.792
2018-09-19 15:32:48,401:INFO: [TRAIN] Step: 292 ; Loss: 23.441 ; Acc: 44.866
2018-09-19 15:32:48,488:INFO: [TRAIN] Step: 293 ; Loss: 23.186 ; Acc: 44.898
2018-09-19 15:32:48,560:INFO: [TRAIN] Step: 294 ; Loss: 23.614 ; Acc: 44.958
2018-09-19 15:32:48,640:INFO: [TRAIN] Step: 295 ; Loss: 21.686 ; Acc: 44.989
2018-09-19 15:32:48,713:INFO: [TRAIN] Step: 296 ; Loss: 24.854 ; Acc: 45.020
2018-09-19 15:32:48,795:INFO: [TRAIN] Step: 297 ; Loss: 28.388 ; Acc: 44.980
2018-09-19 15:32:48,870:INFO: [TRAIN] Step: 298 ; Loss: 24.559 ; Acc: 44.928
2018-09-19 15:32:48,957:INFO: [TRAIN] Step: 299 ; Loss: 25.903 ; Acc: 44.944
2018-09-19 15:32:49,038:INFO: [TRAIN] Step: 300 ; Loss: 19.461 ; Acc: 45.017
2018-09-19 15:32:49,119:INFO: [TRAIN] Step: 301 ; Loss: 28.517 ; Acc: 45.047
2018-09-19 15:32:49,192:INFO: [TRAIN] Step: 302 ; Loss: 28.103 ; Acc: 45.008
2018-09-19 15:32:49,274:INFO: [TRAIN] Step: 303 ; Loss: 19.930 ; Acc: 45.066
2018-09-19 15:32:49,347:INFO: [TRAIN] Step: 304 ; Loss: 20.024 ; Acc: 45.123
2018-09-19 15:32:49,428:INFO: [TRAIN] Step: 305 ; Loss: 26.818 ; Acc: 45.098
2018-09-19 15:32:49,503:INFO: [TRAIN] Step: 306 ; Loss: 25.338 ; Acc: 45.114
2018-09-19 15:32:49,582:INFO: [TRAIN] Step: 307 ; Loss: 30.232 ; Acc: 45.143
2018-09-19 15:32:49,655:INFO: [TRAIN] Step: 308 ; Loss: 26.447 ; Acc: 45.132
2018-09-19 15:32:49,737:INFO: [TRAIN] Step: 309 ; Loss: 25.240 ; Acc: 45.134
2018-09-19 15:32:49,810:INFO: [TRAIN] Step: 310 ; Loss: 24.481 ; Acc: 45.177
2018-09-19 15:32:49,892:INFO: [TRAIN] Step: 311 ; Loss: 28.861 ; Acc: 45.206
2018-09-19 15:32:49,966:INFO: [TRAIN] Step: 312 ; Loss: 23.105 ; Acc: 45.234
2018-09-19 15:32:50,045:INFO: [TRAIN] Step: 313 ; Loss: 25.528 ; Acc: 45.263
2018-09-19 15:32:50,120:INFO: [TRAIN] Step: 314 ; Loss: 24.085 ; Acc: 45.304
2018-09-19 15:32:50,199:INFO: [TRAIN] Step: 315 ; Loss: 26.192 ; Acc: 45.306
2018-09-19 15:32:50,271:INFO: [TRAIN] Step: 316 ; Loss: 24.450 ; Acc: 45.347
2018-09-19 15:32:50,352:INFO: [TRAIN] Step: 317 ; Loss: 21.600 ; Acc: 45.349
2018-09-19 15:32:50,431:INFO: [TRAIN] Step: 318 ; Loss: 26.642 ; Acc: 45.376
2018-09-19 15:32:50,524:INFO: [TRAIN] Step: 319 ; Loss: 30.618 ; Acc: 45.352
2018-09-19 15:32:50,600:INFO: [TRAIN] Step: 320 ; Loss: 23.131 ; Acc: 45.392
2018-09-19 15:32:50,682:INFO: [TRAIN] Step: 321 ; Loss: 19.614 ; Acc: 45.471
2018-09-19 15:32:50,757:INFO: [TRAIN] Step: 322 ; Loss: 27.115 ; Acc: 45.472
2018-09-19 15:32:50,845:INFO: [TRAIN] Step: 323 ; Loss: 20.374 ; Acc: 45.473
2018-09-19 15:32:50,921:INFO: [TRAIN] Step: 324 ; Loss: 23.363 ; Acc: 45.500
2018-09-19 15:32:51,001:INFO: [TRAIN] Step: 325 ; Loss: 22.024 ; Acc: 45.539
2018-09-19 15:32:51,084:INFO: [TRAIN] Step: 326 ; Loss: 28.945 ; Acc: 45.540
2018-09-19 15:32:51,164:INFO: [TRAIN] Step: 327 ; Loss: 31.348 ; Acc: 45.516
2018-09-19 15:32:51,236:INFO: [TRAIN] Step: 328 ; Loss: 25.045 ; Acc: 45.542
2018-09-19 15:32:51,317:INFO: [TRAIN] Step: 329 ; Loss: 24.453 ; Acc: 45.568
2018-09-19 15:32:51,390:INFO: [TRAIN] Step: 330 ; Loss: 21.184 ; Acc: 45.594
2018-09-19 15:32:51,473:INFO: [TRAIN] Step: 331 ; Loss: 27.266 ; Acc: 45.620
2018-09-19 15:32:51,548:INFO: [TRAIN] Step: 332 ; Loss: 23.165 ; Acc: 45.633
2018-09-19 15:32:51,631:INFO: [TRAIN] Step: 333 ; Loss: 23.229 ; Acc: 45.596
2018-09-19 15:32:51,711:INFO: [TRAIN] Step: 334 ; Loss: 27.647 ; Acc: 45.597
2018-09-19 15:32:51,798:INFO: [TRAIN] Step: 335 ; Loss: 23.159 ; Acc: 45.610
2018-09-19 15:32:51,876:INFO: [TRAIN] Step: 336 ; Loss: 30.406 ; Acc: 45.598
2018-09-19 15:32:51,982:INFO: [TRAIN] Step: 337 ; Loss: 21.850 ; Acc: 45.661
2018-09-19 15:32:52,063:INFO: [TRAIN] Step: 338 ; Loss: 29.228 ; Acc: 45.649
2018-09-19 15:32:52,146:INFO: [TRAIN] Step: 339 ; Loss: 30.268 ; Acc: 45.650
2018-09-19 15:32:52,224:INFO: [TRAIN] Step: 340 ; Loss: 22.858 ; Acc: 45.687
2018-09-19 15:32:52,306:INFO: [TRAIN] Step: 341 ; Loss: 21.776 ; Acc: 45.712
2018-09-19 15:32:52,391:INFO: [TRAIN] Step: 342 ; Loss: 26.665 ; Acc: 45.724
2018-09-19 15:32:52,482:INFO: [TRAIN] Step: 343 ; Loss: 26.640 ; Acc: 45.749
2018-09-19 15:32:52,558:INFO: [TRAIN] Step: 344 ; Loss: 21.603 ; Acc: 45.809
2018-09-19 15:32:52,640:INFO: [TRAIN] Step: 345 ; Loss: 21.721 ; Acc: 45.869
2018-09-19 15:32:52,715:INFO: [TRAIN] Step: 346 ; Loss: 22.681 ; Acc: 45.857
2018-09-19 15:32:52,800:INFO: [TRAIN] Step: 347 ; Loss: 23.111 ; Acc: 45.905
2018-09-19 15:32:52,887:INFO: [TRAIN] Step: 348 ; Loss: 26.172 ; Acc: 45.917
2018-09-19 15:32:52,979:INFO: [TRAIN] Step: 349 ; Loss: 24.924 ; Acc: 45.964
2018-09-19 15:32:53,061:INFO: [TRAIN] Step: 350 ; Loss: 23.720 ; Acc: 45.988
2018-09-19 15:32:53,145:INFO: [TRAIN] Step: 351 ; Loss: 25.686 ; Acc: 45.952
2018-09-19 15:32:53,221:INFO: [TRAIN] Step: 352 ; Loss: 27.574 ; Acc: 45.904
2018-09-19 15:32:53,303:INFO: [TRAIN] Step: 353 ; Loss: 23.138 ; Acc: 45.916
2018-09-19 15:32:53,381:INFO: [TRAIN] Step: 354 ; Loss: 23.249 ; Acc: 45.892
2018-09-19 15:32:53,461:INFO: [TRAIN] Step: 355 ; Loss: 26.337 ; Acc: 45.880
2018-09-19 15:32:53,536:INFO: [TRAIN] Step: 356 ; Loss: 20.565 ; Acc: 45.927
2018-09-19 15:32:53,617:INFO: [TRAIN] Step: 357 ; Loss: 22.380 ; Acc: 45.938
2018-09-19 15:32:53,697:INFO: [TRAIN] Step: 358 ; Loss: 22.677 ; Acc: 45.973
2018-09-19 15:32:53,780:INFO: [TRAIN] Step: 359 ; Loss: 17.222 ; Acc: 46.076
2018-09-19 15:32:53,863:INFO: [TRAIN] Step: 360 ; Loss: 28.468 ; Acc: 46.064
2018-09-19 15:32:53,947:INFO: [TRAIN] Step: 361 ; Loss: 26.001 ; Acc: 46.052
2018-09-19 15:32:54,028:INFO: [TRAIN] Step: 362 ; Loss: 24.094 ; Acc: 46.063
2018-09-19 15:32:54,109:INFO: [TRAIN] Step: 363 ; Loss: 20.056 ; Acc: 46.108
2018-09-19 15:32:54,185:INFO: [TRAIN] Step: 364 ; Loss: 18.664 ; Acc: 46.164
2018-09-19 15:32:54,265:INFO: [TRAIN] Step: 365 ; Loss: 19.890 ; Acc: 46.232
2018-09-19 15:32:54,341:INFO: [TRAIN] Step: 366 ; Loss: 25.995 ; Acc: 46.253
2018-09-19 15:32:54,420:INFO: [TRAIN] Step: 367 ; Loss: 21.715 ; Acc: 46.309
2018-09-19 15:32:54,496:INFO: [TRAIN] Step: 368 ; Loss: 24.981 ; Acc: 46.308
2018-09-19 15:32:54,574:INFO: [TRAIN] Step: 369 ; Loss: 24.213 ; Acc: 46.340
2018-09-19 15:32:54,649:INFO: [TRAIN] Step: 370 ; Loss: 25.668 ; Acc: 46.327
2018-09-19 15:32:54,730:INFO: [TRAIN] Step: 371 ; Loss: 21.269 ; Acc: 46.393
2018-09-19 15:32:54,807:INFO: [TRAIN] Step: 372 ; Loss: 22.220 ; Acc: 46.403
2018-09-19 15:32:54,891:INFO: [TRAIN] Step: 373 ; Loss: 27.780 ; Acc: 46.402
2018-09-19 15:32:54,965:INFO: [TRAIN] Step: 374 ; Loss: 24.621 ; Acc: 46.400
2018-09-19 15:32:55,046:INFO: [TRAIN] Step: 375 ; Loss: 24.115 ; Acc: 46.398
2018-09-19 15:32:55,119:INFO: [TRAIN] Step: 376 ; Loss: 25.077 ; Acc: 46.364
2018-09-19 15:32:55,200:INFO: [TRAIN] Step: 377 ; Loss: 22.594 ; Acc: 46.373
2018-09-19 15:32:55,276:INFO: [TRAIN] Step: 378 ; Loss: 19.465 ; Acc: 46.438
2018-09-19 15:32:55,352:INFO: [TRAIN] Step: 379 ; Loss: 23.905 ; Acc: 46.436
2018-09-19 15:32:55,427:INFO: [TRAIN] Step: 380 ; Loss: 24.548 ; Acc: 46.424
2018-09-19 15:32:55,507:INFO: [TRAIN] Step: 381 ; Loss: 23.465 ; Acc: 46.422
2018-09-19 15:32:55,581:INFO: [TRAIN] Step: 382 ; Loss: 28.414 ; Acc: 46.421
2018-09-19 15:32:55,663:INFO: [TRAIN] Step: 383 ; Loss: 24.857 ; Acc: 46.441
2018-09-19 15:32:55,750:INFO: [TRAIN] Step: 384 ; Loss: 19.436 ; Acc: 46.548
2018-09-19 15:32:55,846:INFO: [TRAIN] Step: 385 ; Loss: 19.357 ; Acc: 46.600
2018-09-19 15:32:55,935:INFO: [TRAIN] Step: 386 ; Loss: 19.170 ; Acc: 46.684
2018-09-19 15:32:56,024:INFO: [TRAIN] Step: 387 ; Loss: 18.458 ; Acc: 46.725
2018-09-19 15:32:56,097:INFO: [TRAIN] Step: 388 ; Loss: 23.617 ; Acc: 46.744
2018-09-19 15:32:56,179:INFO: [TRAIN] Step: 389 ; Loss: 25.245 ; Acc: 46.784
2018-09-19 15:32:56,253:INFO: [TRAIN] Step: 390 ; Loss: 20.123 ; Acc: 46.835
2018-09-19 15:32:56,333:INFO: [TRAIN] Step: 391 ; Loss: 22.809 ; Acc: 46.886
2018-09-19 15:32:56,413:INFO: [TRAIN] Step: 392 ; Loss: 21.960 ; Acc: 46.915
2018-09-19 15:32:56,500:INFO: [TRAIN] Step: 393 ; Loss: 24.606 ; Acc: 46.923
2018-09-19 15:32:56,579:INFO: [TRAIN] Step: 394 ; Loss: 22.860 ; Acc: 46.973
2018-09-19 15:32:56,664:INFO: [TRAIN] Step: 395 ; Loss: 23.682 ; Acc: 46.970
2018-09-19 15:32:56,744:INFO: [TRAIN] Step: 396 ; Loss: 21.815 ; Acc: 47.019
2018-09-19 15:32:56,828:INFO: [TRAIN] Step: 397 ; Loss: 25.291 ; Acc: 46.985
2018-09-19 15:32:56,904:INFO: [TRAIN] Step: 398 ; Loss: 21.575 ; Acc: 46.992
2018-09-19 15:32:56,985:INFO: [TRAIN] Step: 399 ; Loss: 19.650 ; Acc: 47.010
2018-09-19 15:32:57,058:INFO: [TRAIN] Step: 400 ; Loss: 25.554 ; Acc: 47.028
2018-09-19 15:32:57,137:INFO: [TRAIN] Step: 401 ; Loss: 23.364 ; Acc: 47.036
2018-09-19 15:32:57,212:INFO: [TRAIN] Step: 402 ; Loss: 30.628 ; Acc: 47.012
2018-09-19 15:32:57,295:INFO: [TRAIN] Step: 403 ; Loss: 28.831 ; Acc: 46.999
2018-09-19 15:32:57,372:INFO: [TRAIN] Step: 404 ; Loss: 23.599 ; Acc: 47.027
2018-09-19 15:32:57,452:INFO: [TRAIN] Step: 405 ; Loss: 19.863 ; Acc: 47.085
2018-09-19 15:32:57,526:INFO: [TRAIN] Step: 406 ; Loss: 23.829 ; Acc: 47.113
2018-09-19 15:32:57,606:INFO: [TRAIN] Step: 407 ; Loss: 21.563 ; Acc: 47.151
2018-09-19 15:32:57,679:INFO: [TRAIN] Step: 408 ; Loss: 20.292 ; Acc: 47.188
2018-09-19 15:32:57,760:INFO: [TRAIN] Step: 409 ; Loss: 22.219 ; Acc: 47.205
2018-09-19 15:32:57,837:INFO: [TRAIN] Step: 410 ; Loss: 19.293 ; Acc: 47.212
2018-09-19 15:32:57,921:INFO: [TRAIN] Step: 411 ; Loss: 23.568 ; Acc: 47.249
2018-09-19 15:32:57,992:INFO: [TRAIN] Step: 412 ; Loss: 22.069 ; Acc: 47.226
2018-09-19 15:32:58,074:INFO: [TRAIN] Step: 413 ; Loss: 21.857 ; Acc: 47.242
2018-09-19 15:32:58,146:INFO: [TRAIN] Step: 414 ; Loss: 22.055 ; Acc: 47.259
2018-09-19 15:32:58,226:INFO: [TRAIN] Step: 415 ; Loss: 25.467 ; Acc: 47.276
2018-09-19 15:32:58,299:INFO: [TRAIN] Step: 416 ; Loss: 24.259 ; Acc: 47.322
2018-09-19 15:32:58,379:INFO: [TRAIN] Step: 417 ; Loss: 20.901 ; Acc: 47.348
2018-09-19 15:32:58,465:INFO: [TRAIN] Step: 418 ; Loss: 19.923 ; Acc: 47.345
2018-09-19 15:32:58,546:INFO: [TRAIN] Step: 419 ; Loss: 22.388 ; Acc: 47.341
2018-09-19 15:32:58,619:INFO: [TRAIN] Step: 420 ; Loss: 23.237 ; Acc: 47.367
2018-09-19 15:32:58,700:INFO: [TRAIN] Step: 421 ; Loss: 22.423 ; Acc: 47.354
2018-09-19 15:32:58,775:INFO: [TRAIN] Step: 422 ; Loss: 25.972 ; Acc: 47.370
2018-09-19 15:32:58,857:INFO: [TRAIN] Step: 423 ; Loss: 22.401 ; Acc: 47.376
2018-09-19 15:32:58,935:INFO: [TRAIN] Step: 424 ; Loss: 23.925 ; Acc: 47.402
2018-09-19 15:32:59,014:INFO: [TRAIN] Step: 425 ; Loss: 21.269 ; Acc: 47.398
2018-09-19 15:32:59,089:INFO: [TRAIN] Step: 426 ; Loss: 26.335 ; Acc: 47.395
2018-09-19 15:32:59,171:INFO: [TRAIN] Step: 427 ; Loss: 24.003 ; Acc: 47.420
2018-09-19 15:32:59,252:INFO: [TRAIN] Step: 428 ; Loss: 27.691 ; Acc: 47.387
2018-09-19 15:32:59,336:INFO: [TRAIN] Step: 429 ; Loss: 24.758 ; Acc: 47.422
2018-09-19 15:32:59,411:INFO: [TRAIN] Step: 430 ; Loss: 20.120 ; Acc: 47.477
2018-09-19 15:32:59,500:INFO: [TRAIN] Step: 431 ; Loss: 22.171 ; Acc: 47.454
2018-09-19 15:32:59,577:INFO: [TRAIN] Step: 432 ; Loss: 20.421 ; Acc: 47.479
2018-09-19 15:32:59,657:INFO: [TRAIN] Step: 433 ; Loss: 21.963 ; Acc: 47.504
2018-09-19 15:32:59,744:INFO: [TRAIN] Step: 434 ; Loss: 24.782 ; Acc: 47.529
2018-09-19 15:32:59,825:INFO: [TRAIN] Step: 435 ; Loss: 18.326 ; Acc: 47.582
2018-09-19 15:32:59,909:INFO: [TRAIN] Step: 436 ; Loss: 21.100 ; Acc: 47.626
2018-09-19 15:32:59,995:INFO: [TRAIN] Step: 437 ; Loss: 25.069 ; Acc: 47.631
2018-09-19 15:33:00,070:INFO: [TRAIN] Step: 438 ; Loss: 23.529 ; Acc: 47.684
2018-09-19 15:33:00,158:INFO: [TRAIN] Step: 439 ; Loss: 25.173 ; Acc: 47.670
2018-09-19 15:33:00,233:INFO: [TRAIN] Step: 440 ; Loss: 31.269 ; Acc: 47.657
2018-09-19 15:33:00,315:INFO: [TRAIN] Step: 441 ; Loss: 20.742 ; Acc: 47.700
2018-09-19 15:33:00,388:INFO: [TRAIN] Step: 442 ; Loss: 19.906 ; Acc: 47.714
2018-09-19 15:33:00,471:INFO: [TRAIN] Step: 443 ; Loss: 19.453 ; Acc: 47.729
2018-09-19 15:33:00,544:INFO: [TRAIN] Step: 444 ; Loss: 23.222 ; Acc: 47.734
2018-09-19 15:33:00,624:INFO: [TRAIN] Step: 445 ; Loss: 22.344 ; Acc: 47.767
2018-09-19 15:33:00,699:INFO: [TRAIN] Step: 446 ; Loss: 22.754 ; Acc: 47.782
2018-09-19 15:33:00,784:INFO: [TRAIN] Step: 447 ; Loss: 23.576 ; Acc: 47.796
2018-09-19 15:33:00,866:INFO: [TRAIN] Step: 448 ; Loss: 19.114 ; Acc: 47.819
2018-09-19 15:33:00,953:INFO: [TRAIN] Step: 449 ; Loss: 26.317 ; Acc: 47.787
2018-09-19 15:33:01,026:INFO: [TRAIN] Step: 450 ; Loss: 29.106 ; Acc: 47.792
2018-09-19 15:33:01,112:INFO: [TRAIN] Step: 451 ; Loss: 19.847 ; Acc: 47.824
2018-09-19 15:33:01,186:INFO: [TRAIN] Step: 452 ; Loss: 22.398 ; Acc: 47.848
2018-09-19 15:33:01,268:INFO: [TRAIN] Step: 453 ; Loss: 27.641 ; Acc: 47.843
2018-09-19 15:33:01,341:INFO: [TRAIN] Step: 454 ; Loss: 23.745 ; Acc: 47.830
2018-09-19 15:33:01,423:INFO: [TRAIN] Step: 455 ; Loss: 20.230 ; Acc: 47.862
2018-09-19 15:33:01,496:INFO: [TRAIN] Step: 456 ; Loss: 21.972 ; Acc: 47.885
2018-09-19 15:33:01,579:INFO: [TRAIN] Step: 457 ; Loss: 21.062 ; Acc: 47.926
2018-09-19 15:33:01,653:INFO: [TRAIN] Step: 458 ; Loss: 26.354 ; Acc: 47.930
2018-09-19 15:33:01,733:INFO: [TRAIN] Step: 459 ; Loss: 21.965 ; Acc: 47.908
2018-09-19 15:33:01,807:INFO: [TRAIN] Step: 460 ; Loss: 24.927 ; Acc: 47.921
2018-09-19 15:33:01,887:INFO: [TRAIN] Step: 461 ; Loss: 26.028 ; Acc: 47.935
2018-09-19 15:33:01,962:INFO: [TRAIN] Step: 462 ; Loss: 22.773 ; Acc: 47.957
2018-09-19 15:33:02,042:INFO: [TRAIN] Step: 463 ; Loss: 25.863 ; Acc: 47.953
2018-09-19 15:33:02,115:INFO: [TRAIN] Step: 464 ; Loss: 22.541 ; Acc: 47.957
2018-09-19 15:33:02,198:INFO: [TRAIN] Step: 465 ; Loss: 25.981 ; Acc: 47.988
2018-09-19 15:33:02,275:INFO: [TRAIN] Step: 466 ; Loss: 25.484 ; Acc: 47.975
2018-09-19 15:33:02,362:INFO: [TRAIN] Step: 467 ; Loss: 22.323 ; Acc: 48.006
2018-09-19 15:33:02,442:INFO: [TRAIN] Step: 468 ; Loss: 21.598 ; Acc: 48.045
2018-09-19 15:33:02,528:INFO: [TRAIN] Step: 469 ; Loss: 24.227 ; Acc: 48.041
2018-09-19 15:33:02,609:INFO: [TRAIN] Step: 470 ; Loss: 25.101 ; Acc: 48.045
2018-09-19 15:33:02,697:INFO: [TRAIN] Step: 471 ; Loss: 26.759 ; Acc: 48.023
2018-09-19 15:33:02,776:INFO: [TRAIN] Step: 472 ; Loss: 20.482 ; Acc: 48.044
2018-09-19 15:33:02,859:INFO: [TRAIN] Step: 473 ; Loss: 25.156 ; Acc: 48.040
2018-09-19 15:33:02,938:INFO: [TRAIN] Step: 474 ; Loss: 21.267 ; Acc: 48.070
2018-09-19 15:33:03,023:INFO: [TRAIN] Step: 475 ; Loss: 21.523 ; Acc: 48.100
2018-09-19 15:33:03,101:INFO: [TRAIN] Step: 476 ; Loss: 23.512 ; Acc: 48.122
2018-09-19 15:33:03,186:INFO: [TRAIN] Step: 477 ; Loss: 23.378 ; Acc: 48.117
2018-09-19 15:33:03,259:INFO: [TRAIN] Step: 478 ; Loss: 20.462 ; Acc: 48.147
2018-09-19 15:33:03,339:INFO: [TRAIN] Step: 479 ; Loss: 19.848 ; Acc: 48.151
2018-09-19 15:33:03,414:INFO: [TRAIN] Step: 480 ; Loss: 22.599 ; Acc: 48.181
2018-09-19 15:33:03,499:INFO: [TRAIN] Step: 481 ; Loss: 22.068 ; Acc: 48.185
2018-09-19 15:33:03,574:INFO: [TRAIN] Step: 482 ; Loss: 28.311 ; Acc: 48.145
2018-09-19 15:33:03,655:INFO: [TRAIN] Step: 483 ; Loss: 24.406 ; Acc: 48.149
2018-09-19 15:33:03,729:INFO: [TRAIN] Step: 484 ; Loss: 21.902 ; Acc: 48.162
2018-09-19 15:33:03,810:INFO: [TRAIN] Step: 485 ; Loss: 24.775 ; Acc: 48.157
2018-09-19 15:33:03,885:INFO: [TRAIN] Step: 486 ; Loss: 26.440 ; Acc: 48.126
2018-09-19 15:33:03,968:INFO: [TRAIN] Step: 487 ; Loss: 23.228 ; Acc: 48.139
2018-09-19 15:33:04,050:INFO: [TRAIN] Step: 488 ; Loss: 22.245 ; Acc: 48.168
2018-09-19 15:33:04,131:INFO: [TRAIN] Step: 489 ; Loss: 24.347 ; Acc: 48.172
2018-09-19 15:33:04,214:INFO: [TRAIN] Step: 490 ; Loss: 26.099 ; Acc: 48.184
2018-09-19 15:33:04,296:INFO: [TRAIN] Step: 491 ; Loss: 26.370 ; Acc: 48.162
2018-09-19 15:33:04,371:INFO: [TRAIN] Step: 492 ; Loss: 23.934 ; Acc: 48.174
2018-09-19 15:33:04,450:INFO: [TRAIN] Step: 493 ; Loss: 23.530 ; Acc: 48.187
2018-09-19 15:33:04,524:INFO: [TRAIN] Step: 494 ; Loss: 26.940 ; Acc: 48.165
2018-09-19 15:33:04,605:INFO: [TRAIN] Step: 495 ; Loss: 20.492 ; Acc: 48.185
2018-09-19 15:33:04,678:INFO: [TRAIN] Step: 496 ; Loss: 20.330 ; Acc: 48.214
2018-09-19 15:33:04,759:INFO: [TRAIN] Step: 497 ; Loss: 24.308 ; Acc: 48.184
2018-09-19 15:33:04,835:INFO: [TRAIN] Step: 498 ; Loss: 24.234 ; Acc: 48.188
2018-09-19 15:33:04,920:INFO: [TRAIN] Step: 499 ; Loss: 20.223 ; Acc: 48.208
2018-09-19 15:33:04,998:INFO: [TRAIN] Step: 500 ; Loss: 21.403 ; Acc: 48.204
2018-09-19 15:33:05,082:INFO: [TRAIN] Step: 501 ; Loss: 20.304 ; Acc: 48.249
2018-09-19 15:33:05,161:INFO: [TRAIN] Step: 502 ; Loss: 17.412 ; Acc: 48.285
2018-09-19 15:33:05,248:INFO: [TRAIN] Step: 503 ; Loss: 21.996 ; Acc: 48.297
2018-09-19 15:33:05,322:INFO: [TRAIN] Step: 504 ; Loss: 25.270 ; Acc: 48.276
2018-09-19 15:33:05,403:INFO: [TRAIN] Step: 505 ; Loss: 18.348 ; Acc: 48.304
2018-09-19 15:33:05,479:INFO: [TRAIN] Step: 506 ; Loss: 21.772 ; Acc: 48.315
2018-09-19 15:33:05,560:INFO: [TRAIN] Step: 507 ; Loss: 19.182 ; Acc: 48.351
2018-09-19 15:33:05,637:INFO: [TRAIN] Step: 508 ; Loss: 20.782 ; Acc: 48.379
2018-09-19 15:33:05,719:INFO: [TRAIN] Step: 509 ; Loss: 20.999 ; Acc: 48.399
2018-09-19 15:33:05,791:INFO: [TRAIN] Step: 510 ; Loss: 21.591 ; Acc: 48.402
2018-09-19 15:33:05,874:INFO: [TRAIN] Step: 511 ; Loss: 26.409 ; Acc: 48.405
2018-09-19 15:33:05,947:INFO: [TRAIN] Step: 512 ; Loss: 21.087 ; Acc: 48.441
2018-09-19 15:33:06,028:INFO: [TRAIN] Step: 513 ; Loss: 20.818 ; Acc: 48.452
2018-09-19 15:33:06,102:INFO: [TRAIN] Step: 514 ; Loss: 23.808 ; Acc: 48.463
2018-09-19 15:33:06,181:INFO: [TRAIN] Step: 515 ; Loss: 21.723 ; Acc: 48.466
2018-09-19 15:33:06,256:INFO: [TRAIN] Step: 516 ; Loss: 25.527 ; Acc: 48.485
2018-09-19 15:33:06,340:INFO: [TRAIN] Step: 517 ; Loss: 24.831 ; Acc: 48.480
2018-09-19 15:33:06,415:INFO: [TRAIN] Step: 518 ; Loss: 25.362 ; Acc: 48.499
2018-09-19 15:33:06,495:INFO: [TRAIN] Step: 519 ; Loss: 24.174 ; Acc: 48.502
2018-09-19 15:33:06,569:INFO: [TRAIN] Step: 520 ; Loss: 27.634 ; Acc: 48.496
2018-09-19 15:33:06,649:INFO: [TRAIN] Step: 521 ; Loss: 18.788 ; Acc: 48.507
2018-09-19 15:33:06,721:INFO: [TRAIN] Step: 522 ; Loss: 20.853 ; Acc: 48.534
2018-09-19 15:33:06,823:INFO: [TRAIN] Step: 523 ; Loss: 23.863 ; Acc: 48.537
2018-09-19 15:33:06,903:INFO: [TRAIN] Step: 524 ; Loss: 21.484 ; Acc: 48.548
2018-09-19 15:33:06,987:INFO: [TRAIN] Step: 525 ; Loss: 27.731 ; Acc: 48.519
2018-09-19 15:33:07,061:INFO: [TRAIN] Step: 526 ; Loss: 20.385 ; Acc: 48.545
2018-09-19 15:33:07,141:INFO: [TRAIN] Step: 527 ; Loss: 28.874 ; Acc: 48.548
2018-09-19 15:33:07,215:INFO: [TRAIN] Step: 528 ; Loss: 22.550 ; Acc: 48.566
2018-09-19 15:33:07,295:INFO: [TRAIN] Step: 529 ; Loss: 25.475 ; Acc: 48.561
2018-09-19 15:33:07,369:INFO: [TRAIN] Step: 530 ; Loss: 25.751 ; Acc: 48.556
2018-09-19 15:33:07,450:INFO: [TRAIN] Step: 531 ; Loss: 21.503 ; Acc: 48.567
2018-09-19 15:33:07,523:INFO: [TRAIN] Step: 532 ; Loss: 21.732 ; Acc: 48.585
2018-09-19 15:33:07,602:INFO: [TRAIN] Step: 533 ; Loss: 27.050 ; Acc: 48.564
2018-09-19 15:33:07,677:INFO: [TRAIN] Step: 534 ; Loss: 19.052 ; Acc: 48.583
2018-09-19 15:33:07,761:INFO: [TRAIN] Step: 535 ; Loss: 23.989 ; Acc: 48.577
2018-09-19 15:33:07,838:INFO: [TRAIN] Step: 536 ; Loss: 21.071 ; Acc: 48.611
2018-09-19 15:33:07,917:INFO: [TRAIN] Step: 537 ; Loss: 20.744 ; Acc: 48.629
2018-09-19 15:33:07,990:INFO: [TRAIN] Step: 538 ; Loss: 26.634 ; Acc: 48.624
2018-09-19 15:33:08,071:INFO: [TRAIN] Step: 539 ; Loss: 20.509 ; Acc: 48.650
2018-09-19 15:33:08,145:INFO: [TRAIN] Step: 540 ; Loss: 25.433 ; Acc: 48.652
2018-09-19 15:33:08,225:INFO: [TRAIN] Step: 541 ; Loss: 21.225 ; Acc: 48.662
2018-09-19 15:33:08,297:INFO: [TRAIN] Step: 542 ; Loss: 24.951 ; Acc: 48.688
2018-09-19 15:33:08,377:INFO: [TRAIN] Step: 543 ; Loss: 26.125 ; Acc: 48.660
2018-09-19 15:33:08,450:INFO: [TRAIN] Step: 544 ; Loss: 25.057 ; Acc: 48.670
2018-09-19 15:33:08,533:INFO: [TRAIN] Step: 545 ; Loss: 22.147 ; Acc: 48.672
2018-09-19 15:33:08,606:INFO: [TRAIN] Step: 546 ; Loss: 20.234 ; Acc: 48.675
2018-09-19 15:33:08,687:INFO: [TRAIN] Step: 547 ; Loss: 26.383 ; Acc: 48.669
2018-09-19 15:33:08,766:INFO: [TRAIN] Step: 548 ; Loss: 20.142 ; Acc: 48.687
2018-09-19 15:33:08,854:INFO: [TRAIN] Step: 549 ; Loss: 26.841 ; Acc: 48.667
2018-09-19 15:33:08,933:INFO: [TRAIN] Step: 550 ; Loss: 23.310 ; Acc: 48.677
2018-09-19 15:33:09,022:INFO: [TRAIN] Step: 551 ; Loss: 23.412 ; Acc: 48.687
2018-09-19 15:33:09,103:INFO: [TRAIN] Step: 552 ; Loss: 26.142 ; Acc: 48.681
2018-09-19 15:33:09,189:INFO: [TRAIN] Step: 553 ; Loss: 22.491 ; Acc: 48.669
2018-09-19 15:33:09,267:INFO: [TRAIN] Step: 554 ; Loss: 22.720 ; Acc: 48.671
2018-09-19 15:33:09,356:INFO: [TRAIN] Step: 555 ; Loss: 21.642 ; Acc: 48.674
2018-09-19 15:33:09,434:INFO: [TRAIN] Step: 556 ; Loss: 21.489 ; Acc: 48.683
2018-09-19 15:33:09,519:INFO: [TRAIN] Step: 557 ; Loss: 21.908 ; Acc: 48.671
2018-09-19 15:33:09,595:INFO: [TRAIN] Step: 558 ; Loss: 25.123 ; Acc: 48.688
2018-09-19 15:33:09,678:INFO: [TRAIN] Step: 559 ; Loss: 26.098 ; Acc: 48.698
2018-09-19 15:33:09,752:INFO: [TRAIN] Step: 560 ; Loss: 24.832 ; Acc: 48.723
2018-09-19 15:33:09,833:INFO: [TRAIN] Step: 561 ; Loss: 19.134 ; Acc: 48.754
2018-09-19 15:33:09,915:INFO: [TRAIN] Step: 562 ; Loss: 21.864 ; Acc: 48.757
2018-09-19 15:33:10,002:INFO: [TRAIN] Step: 563 ; Loss: 23.480 ; Acc: 48.774
2018-09-19 15:33:10,077:INFO: [TRAIN] Step: 564 ; Loss: 21.905 ; Acc: 48.776
2018-09-19 15:33:10,156:INFO: [TRAIN] Step: 565 ; Loss: 20.632 ; Acc: 48.785
2018-09-19 15:33:10,230:INFO: [TRAIN] Step: 566 ; Loss: 17.523 ; Acc: 48.810
2018-09-19 15:33:10,313:INFO: [TRAIN] Step: 567 ; Loss: 27.070 ; Acc: 48.797
2018-09-19 15:33:10,389:INFO: [TRAIN] Step: 568 ; Loss: 22.580 ; Acc: 48.799
2018-09-19 15:33:10,470:INFO: [TRAIN] Step: 569 ; Loss: 19.598 ; Acc: 48.852
2018-09-19 15:33:10,543:INFO: [TRAIN] Step: 570 ; Loss: 17.549 ; Acc: 48.898
2018-09-19 15:33:10,624:INFO: [TRAIN] Step: 571 ; Loss: 22.159 ; Acc: 48.907
2018-09-19 15:33:10,700:INFO: [TRAIN] Step: 572 ; Loss: 21.154 ; Acc: 48.924
2018-09-19 15:33:10,784:INFO: [TRAIN] Step: 573 ; Loss: 24.249 ; Acc: 48.926
2018-09-19 15:33:10,859:INFO: [TRAIN] Step: 574 ; Loss: 22.770 ; Acc: 48.920
2018-09-19 15:33:10,941:INFO: [TRAIN] Step: 575 ; Loss: 21.978 ; Acc: 48.937
2018-09-19 15:33:11,015:INFO: [TRAIN] Step: 576 ; Loss: 26.551 ; Acc: 48.938
2018-09-19 15:33:11,094:INFO: [TRAIN] Step: 577 ; Loss: 19.413 ; Acc: 48.969
2018-09-19 15:33:11,174:INFO: [TRAIN] Step: 578 ; Loss: 23.950 ; Acc: 48.949
2018-09-19 15:33:11,254:INFO: [TRAIN] Step: 579 ; Loss: 22.136 ; Acc: 48.966
2018-09-19 15:33:11,328:INFO: [TRAIN] Step: 580 ; Loss: 25.589 ; Acc: 48.960
2018-09-19 15:33:11,411:INFO: [TRAIN] Step: 581 ; Loss: 23.432 ; Acc: 48.940
2018-09-19 15:33:11,487:INFO: [TRAIN] Step: 582 ; Loss: 20.788 ; Acc: 48.964
2018-09-19 15:33:11,568:INFO: [TRAIN] Step: 583 ; Loss: 24.765 ; Acc: 48.980
2018-09-19 15:33:11,642:INFO: [TRAIN] Step: 584 ; Loss: 23.398 ; Acc: 48.981
2018-09-19 15:33:11,722:INFO: [TRAIN] Step: 585 ; Loss: 17.524 ; Acc: 49.019
2018-09-19 15:33:11,796:INFO: [TRAIN] Step: 586 ; Loss: 28.941 ; Acc: 49.006
2018-09-19 15:33:11,876:INFO: [TRAIN] Step: 587 ; Loss: 24.662 ; Acc: 49.008
2018-09-19 15:33:11,949:INFO: [TRAIN] Step: 588 ; Loss: 23.623 ; Acc: 49.031
2018-09-19 15:33:12,031:INFO: [TRAIN] Step: 589 ; Loss: 19.007 ; Acc: 49.061
2018-09-19 15:33:12,104:INFO: [TRAIN] Step: 590 ; Loss: 21.478 ; Acc: 49.076
2018-09-19 15:33:12,183:INFO: [TRAIN] Step: 591 ; Loss: 19.679 ; Acc: 49.099
2018-09-19 15:33:12,256:INFO: [TRAIN] Step: 592 ; Loss: 22.372 ; Acc: 49.101
2018-09-19 15:33:12,337:INFO: [TRAIN] Step: 593 ; Loss: 22.590 ; Acc: 49.102
2018-09-19 15:33:12,410:INFO: [TRAIN] Step: 594 ; Loss: 18.787 ; Acc: 49.139
2018-09-19 15:33:12,491:INFO: [TRAIN] Step: 595 ; Loss: 27.541 ; Acc: 49.147
2018-09-19 15:33:12,569:INFO: [TRAIN] Step: 596 ; Loss: 29.556 ; Acc: 49.135
2018-09-19 15:33:12,651:INFO: [TRAIN] Step: 597 ; Loss: 23.984 ; Acc: 49.157
2018-09-19 15:33:12,726:INFO: [TRAIN] Step: 598 ; Loss: 21.383 ; Acc: 49.165
2018-09-19 15:33:12,807:INFO: [TRAIN] Step: 599 ; Loss: 24.850 ; Acc: 49.174
2018-09-19 15:33:12,881:INFO: [TRAIN] Step: 600 ; Loss: 26.712 ; Acc: 49.168
2018-09-19 15:33:12,961:INFO: [TRAIN] Step: 601 ; Loss: 24.568 ; Acc: 49.169
2018-09-19 15:33:13,035:INFO: [TRAIN] Step: 602 ; Loss: 24.109 ; Acc: 49.178
2018-09-19 15:33:13,119:INFO: [TRAIN] Step: 603 ; Loss: 27.741 ; Acc: 49.186
2018-09-19 15:33:13,191:INFO: [TRAIN] Step: 604 ; Loss: 26.174 ; Acc: 49.160
2018-09-19 15:33:13,274:INFO: [TRAIN] Step: 605 ; Loss: 23.139 ; Acc: 49.161
2018-09-19 15:33:13,352:INFO: [TRAIN] Step: 606 ; Loss: 25.214 ; Acc: 49.142
2018-09-19 15:33:13,436:INFO: [TRAIN] Step: 607 ; Loss: 24.889 ; Acc: 49.109
2018-09-19 15:33:13,509:INFO: [TRAIN] Step: 608 ; Loss: 24.752 ; Acc: 49.111
2018-09-19 15:33:13,591:INFO: [TRAIN] Step: 609 ; Loss: 24.720 ; Acc: 49.105
2018-09-19 15:33:13,670:INFO: [TRAIN] Step: 610 ; Loss: 26.440 ; Acc: 49.107
2018-09-19 15:33:13,754:INFO: [TRAIN] Step: 611 ; Loss: 17.517 ; Acc: 49.129
2018-09-19 15:33:13,827:INFO: [TRAIN] Step: 612 ; Loss: 26.186 ; Acc: 49.123
2018-09-19 15:33:13,906:INFO: [TRAIN] Step: 613 ; Loss: 25.603 ; Acc: 49.091
2018-09-19 15:33:13,980:INFO: [TRAIN] Step: 614 ; Loss: 21.050 ; Acc: 49.092
2018-09-19 15:33:14,061:INFO: [TRAIN] Step: 615 ; Loss: 22.239 ; Acc: 49.100
2018-09-19 15:33:14,137:INFO: [TRAIN] Step: 616 ; Loss: 20.996 ; Acc: 49.102
2018-09-19 15:33:14,221:INFO: [TRAIN] Step: 617 ; Loss: 21.520 ; Acc: 49.110
2018-09-19 15:33:14,298:INFO: [TRAIN] Step: 618 ; Loss: 26.147 ; Acc: 49.125
2018-09-19 15:33:14,378:INFO: [TRAIN] Step: 619 ; Loss: 19.182 ; Acc: 49.160
2018-09-19 15:33:14,452:INFO: [TRAIN] Step: 620 ; Loss: 23.044 ; Acc: 49.155
2018-09-19 15:33:14,534:INFO: [TRAIN] Step: 621 ; Loss: 24.698 ; Acc: 49.169
2018-09-19 15:33:14,608:INFO: [TRAIN] Step: 622 ; Loss: 22.990 ; Acc: 49.184
2018-09-19 15:33:14,686:INFO: [TRAIN] Step: 623 ; Loss: 29.231 ; Acc: 49.165
2018-09-19 15:33:14,762:INFO: [TRAIN] Step: 624 ; Loss: 19.100 ; Acc: 49.193
2018-09-19 15:33:14,842:INFO: [TRAIN] Step: 625 ; Loss: 26.201 ; Acc: 49.208
2018-09-19 15:33:14,918:INFO: [TRAIN] Step: 626 ; Loss: 18.958 ; Acc: 49.222
2018-09-19 15:33:14,999:INFO: [TRAIN] Step: 627 ; Loss: 26.515 ; Acc: 49.204
2018-09-19 15:33:15,073:INFO: [TRAIN] Step: 628 ; Loss: 26.473 ; Acc: 49.205
2018-09-19 15:33:15,154:INFO: [TRAIN] Step: 629 ; Loss: 21.734 ; Acc: 49.220
2018-09-19 15:33:15,231:INFO: [TRAIN] Step: 630 ; Loss: 18.831 ; Acc: 49.260
2018-09-19 15:33:15,313:INFO: [TRAIN] Step: 631 ; Loss: 22.939 ; Acc: 49.262
2018-09-19 15:33:15,387:INFO: [TRAIN] Step: 632 ; Loss: 23.034 ; Acc: 49.283
2018-09-19 15:33:15,466:INFO: [TRAIN] Step: 633 ; Loss: 19.798 ; Acc: 49.323
2018-09-19 15:33:15,539:INFO: [TRAIN] Step: 634 ; Loss: 21.373 ; Acc: 49.324
2018-09-19 15:33:15,618:INFO: [TRAIN] Step: 635 ; Loss: 27.677 ; Acc: 49.292
2018-09-19 15:33:15,693:INFO: [TRAIN] Step: 636 ; Loss: 30.103 ; Acc: 49.287
2018-09-19 15:33:15,775:INFO: [TRAIN] Step: 637 ; Loss: 23.471 ; Acc: 49.275
2018-09-19 15:33:15,848:INFO: [TRAIN] Step: 638 ; Loss: 21.934 ; Acc: 49.296
2018-09-19 15:33:15,931:INFO: [TRAIN] Step: 639 ; Loss: 20.971 ; Acc: 49.284
2018-09-19 15:33:16,006:INFO: [TRAIN] Step: 640 ; Loss: 17.075 ; Acc: 49.324
2018-09-19 15:33:16,085:INFO: [TRAIN] Step: 641 ; Loss: 22.740 ; Acc: 49.306
2018-09-19 15:33:16,164:INFO: [TRAIN] Step: 642 ; Loss: 23.277 ; Acc: 49.307
2018-09-19 15:33:16,245:INFO: [TRAIN] Step: 643 ; Loss: 22.920 ; Acc: 49.288
2018-09-19 15:33:16,320:INFO: [TRAIN] Step: 644 ; Loss: 27.679 ; Acc: 49.276
2018-09-19 15:33:16,402:INFO: [TRAIN] Step: 645 ; Loss: 23.422 ; Acc: 49.291
2018-09-19 15:33:16,475:INFO: [TRAIN] Step: 646 ; Loss: 18.169 ; Acc: 49.311
2018-09-19 15:33:16,555:INFO: [TRAIN] Step: 647 ; Loss: 21.519 ; Acc: 49.351
2018-09-19 15:33:16,630:INFO: [TRAIN] Step: 648 ; Loss: 23.637 ; Acc: 49.339
2018-09-19 15:33:16,714:INFO: [TRAIN] Step: 649 ; Loss: 23.777 ; Acc: 49.346
2018-09-19 15:33:16,788:INFO: [TRAIN] Step: 650 ; Loss: 23.524 ; Acc: 49.366
2018-09-19 15:33:16,868:INFO: [TRAIN] Step: 651 ; Loss: 28.460 ; Acc: 49.348
2018-09-19 15:33:16,943:INFO: [TRAIN] Step: 652 ; Loss: 22.201 ; Acc: 49.356
2018-09-19 15:33:17,023:INFO: [TRAIN] Step: 653 ; Loss: 23.863 ; Acc: 49.382
2018-09-19 15:33:17,097:INFO: [TRAIN] Step: 654 ; Loss: 24.322 ; Acc: 49.402
2018-09-19 15:33:17,180:INFO: [TRAIN] Step: 655 ; Loss: 15.952 ; Acc: 49.460
2018-09-19 15:33:17,253:INFO: [TRAIN] Step: 656 ; Loss: 16.447 ; Acc: 49.499
2018-09-19 15:33:17,332:INFO: [TRAIN] Step: 657 ; Loss: 20.698 ; Acc: 49.506
2018-09-19 15:33:17,407:INFO: [TRAIN] Step: 658 ; Loss: 30.442 ; Acc: 49.488
2018-09-19 15:33:17,487:INFO: [TRAIN] Step: 659 ; Loss: 13.587 ; Acc: 49.520
2018-09-19 15:33:17,571:INFO: [TRAIN] Step: 660 ; Loss: 21.860 ; Acc: 49.515
2018-09-19 15:33:17,655:INFO: [TRAIN] Step: 661 ; Loss: 14.800 ; Acc: 49.559
2018-09-19 15:33:17,729:INFO: [TRAIN] Step: 662 ; Loss: 23.224 ; Acc: 49.566
2018-09-19 15:33:17,811:INFO: [TRAIN] Step: 663 ; Loss: 20.976 ; Acc: 49.567
2018-09-19 15:33:17,886:INFO: [TRAIN] Step: 664 ; Loss: 20.093 ; Acc: 49.586
2018-09-19 15:33:17,967:INFO: [TRAIN] Step: 665 ; Loss: 18.651 ; Acc: 49.600
2018-09-19 15:33:18,041:INFO: [TRAIN] Step: 666 ; Loss: 21.844 ; Acc: 49.613
2018-09-19 15:33:18,123:INFO: [TRAIN] Step: 667 ; Loss: 22.322 ; Acc: 49.632
2018-09-19 15:33:18,200:INFO: [TRAIN] Step: 668 ; Loss: 24.101 ; Acc: 49.620
2018-09-19 15:33:18,282:INFO: [TRAIN] Step: 669 ; Loss: 22.075 ; Acc: 49.596
2018-09-19 15:33:18,357:INFO: [TRAIN] Step: 670 ; Loss: 19.507 ; Acc: 49.621
2018-09-19 15:33:18,442:INFO: [TRAIN] Step: 671 ; Loss: 26.545 ; Acc: 49.628
2018-09-19 15:33:18,516:INFO: [TRAIN] Step: 672 ; Loss: 20.642 ; Acc: 49.635
2018-09-19 15:33:18,598:INFO: [TRAIN] Step: 673 ; Loss: 24.309 ; Acc: 49.629
2018-09-19 15:33:18,674:INFO: [TRAIN] Step: 674 ; Loss: 20.406 ; Acc: 49.660
2018-09-19 15:33:18,756:INFO: [TRAIN] Step: 675 ; Loss: 21.915 ; Acc: 49.667
2018-09-19 15:33:18,831:INFO: [TRAIN] Step: 676 ; Loss: 25.642 ; Acc: 49.661
2018-09-19 15:33:18,911:INFO: [TRAIN] Step: 677 ; Loss: 15.905 ; Acc: 49.693
2018-09-19 15:33:18,990:INFO: [TRAIN] Step: 678 ; Loss: 20.620 ; Acc: 49.718
2018-09-19 15:33:19,076:INFO: [TRAIN] Step: 679 ; Loss: 25.793 ; Acc: 49.706
2018-09-19 15:33:19,153:INFO: [TRAIN] Step: 680 ; Loss: 20.984 ; Acc: 49.700
2018-09-19 15:33:19,234:INFO: [TRAIN] Step: 681 ; Loss: 19.108 ; Acc: 49.695
2018-09-19 15:33:19,310:INFO: [TRAIN] Step: 682 ; Loss: 22.343 ; Acc: 49.683
2018-09-19 15:33:19,393:INFO: [TRAIN] Step: 683 ; Loss: 23.301 ; Acc: 49.695
2018-09-19 15:33:19,469:INFO: [TRAIN] Step: 684 ; Loss: 23.594 ; Acc: 49.684
2018-09-19 15:33:19,550:INFO: [TRAIN] Step: 685 ; Loss: 24.966 ; Acc: 49.684
2018-09-19 15:33:19,628:INFO: [TRAIN] Step: 686 ; Loss: 26.555 ; Acc: 49.648
2018-09-19 15:33:19,709:INFO: [TRAIN] Step: 687 ; Loss: 22.620 ; Acc: 49.649
2018-09-19 15:33:19,784:INFO: [TRAIN] Step: 688 ; Loss: 19.280 ; Acc: 49.673
2018-09-19 15:33:19,869:INFO: [TRAIN] Step: 689 ; Loss: 24.892 ; Acc: 49.674
2018-09-19 15:33:19,949:INFO: [TRAIN] Step: 690 ; Loss: 21.895 ; Acc: 49.674
2018-09-19 15:33:20,035:INFO: [TRAIN] Step: 691 ; Loss: 25.095 ; Acc: 49.669
2018-09-19 15:33:20,112:INFO: [TRAIN] Step: 692 ; Loss: 16.951 ; Acc: 49.687
2018-09-19 15:33:20,197:INFO: [TRAIN] Step: 693 ; Loss: 18.371 ; Acc: 49.712
2018-09-19 15:33:20,275:INFO: [TRAIN] Step: 694 ; Loss: 25.089 ; Acc: 49.718
2018-09-19 15:33:20,358:INFO: [TRAIN] Step: 695 ; Loss: 20.920 ; Acc: 49.731
2018-09-19 15:33:20,435:INFO: [TRAIN] Step: 696 ; Loss: 25.370 ; Acc: 49.725
2018-09-19 15:33:20,517:INFO: [TRAIN] Step: 697 ; Loss: 24.926 ; Acc: 49.707
2018-09-19 15:33:20,593:INFO: [TRAIN] Step: 698 ; Loss: 26.735 ; Acc: 49.708
2018-09-19 15:33:20,678:INFO: [TRAIN] Step: 699 ; Loss: 19.979 ; Acc: 49.732
2018-09-19 15:33:20,754:INFO: [TRAIN] Step: 700 ; Loss: 20.619 ; Acc: 49.738
2018-09-19 15:33:20,841:INFO: [TRAIN] Step: 701 ; Loss: 16.917 ; Acc: 49.763
2018-09-19 15:33:20,920:INFO: [TRAIN] Step: 702 ; Loss: 22.877 ; Acc: 49.757
2018-09-19 15:33:21,005:INFO: [TRAIN] Step: 703 ; Loss: 22.820 ; Acc: 49.781
2018-09-19 15:33:21,085:INFO: [TRAIN] Step: 704 ; Loss: 17.353 ; Acc: 49.799
2018-09-19 15:33:21,179:INFO: [TRAIN] Step: 705 ; Loss: 23.792 ; Acc: 49.811
2018-09-19 15:33:21,257:INFO: [TRAIN] Step: 706 ; Loss: 20.544 ; Acc: 49.829
2018-09-19 15:33:21,345:INFO: [TRAIN] Step: 707 ; Loss: 29.692 ; Acc: 49.812
2018-09-19 15:33:21,423:INFO: [TRAIN] Step: 708 ; Loss: 24.574 ; Acc: 49.800
2018-09-19 15:33:21,505:INFO: [TRAIN] Step: 709 ; Loss: 21.293 ; Acc: 49.836
2018-09-19 15:33:21,591:INFO: [TRAIN] Step: 710 ; Loss: 21.177 ; Acc: 49.830
2018-09-19 15:33:21,674:INFO: [TRAIN] Step: 711 ; Loss: 18.354 ; Acc: 49.860
2018-09-19 15:33:21,751:INFO: [TRAIN] Step: 712 ; Loss: 21.939 ; Acc: 49.860
2018-09-19 15:33:21,837:INFO: [TRAIN] Step: 713 ; Loss: 23.315 ; Acc: 49.860
2018-09-19 15:33:21,915:INFO: [TRAIN] Step: 714 ; Loss: 25.018 ; Acc: 49.866
2018-09-19 15:33:21,997:INFO: [TRAIN] Step: 715 ; Loss: 24.984 ; Acc: 49.860
2018-09-19 15:33:22,077:INFO: [TRAIN] Step: 716 ; Loss: 26.557 ; Acc: 49.831
2018-09-19 15:33:22,161:INFO: [TRAIN] Step: 717 ; Loss: 22.470 ; Acc: 49.849
2018-09-19 15:33:22,238:INFO: [TRAIN] Step: 718 ; Loss: 23.938 ; Acc: 49.849
2018-09-19 15:33:22,321:INFO: [TRAIN] Step: 719 ; Loss: 20.168 ; Acc: 49.838
2018-09-19 15:33:22,409:INFO: [TRAIN] Step: 720 ; Loss: 20.125 ; Acc: 49.861
2018-09-19 15:33:22,497:INFO: [TRAIN] Step: 721 ; Loss: 21.901 ; Acc: 49.867
2018-09-19 15:33:22,580:INFO: [TRAIN] Step: 722 ; Loss: 29.586 ; Acc: 49.833
2018-09-19 15:33:22,669:INFO: [TRAIN] Step: 723 ; Loss: 19.506 ; Acc: 49.839
2018-09-19 15:33:22,748:INFO: [TRAIN] Step: 724 ; Loss: 26.678 ; Acc: 49.822
2018-09-19 15:33:22,837:INFO: [TRAIN] Step: 725 ; Loss: 20.669 ; Acc: 49.822
2018-09-19 15:33:22,917:INFO: [TRAIN] Step: 726 ; Loss: 22.240 ; Acc: 49.834
2018-09-19 15:33:23,006:INFO: [TRAIN] Step: 727 ; Loss: 23.123 ; Acc: 49.840
2018-09-19 15:33:23,090:INFO: [TRAIN] Step: 728 ; Loss: 18.752 ; Acc: 49.851
2018-09-19 15:33:23,177:INFO: [TRAIN] Step: 729 ; Loss: 22.982 ; Acc: 49.852
2018-09-19 15:33:23,254:INFO: [TRAIN] Step: 730 ; Loss: 22.395 ; Acc: 49.858
2018-09-19 15:33:23,337:INFO: [TRAIN] Step: 731 ; Loss: 18.644 ; Acc: 49.892
2018-09-19 15:33:23,416:INFO: [TRAIN] Step: 732 ; Loss: 21.233 ; Acc: 49.892
2018-09-19 15:33:23,504:INFO: [TRAIN] Step: 733 ; Loss: 21.931 ; Acc: 49.909
2018-09-19 15:33:23,583:INFO: [TRAIN] Step: 734 ; Loss: 22.875 ; Acc: 49.909
2018-09-19 15:33:23,671:INFO: [TRAIN] Step: 735 ; Loss: 21.431 ; Acc: 49.909
2018-09-19 15:33:23,750:INFO: [TRAIN] Step: 736 ; Loss: 14.997 ; Acc: 49.949
2018-09-19 15:33:23,836:INFO: [TRAIN] Step: 737 ; Loss: 20.266 ; Acc: 49.960
2018-09-19 15:33:23,920:INFO: [TRAIN] Step: 738 ; Loss: 20.840 ; Acc: 49.977
2018-09-19 15:33:24,010:INFO: [TRAIN] Step: 739 ; Loss: 21.604 ; Acc: 49.989
2018-09-19 15:33:24,096:INFO: [TRAIN] Step: 740 ; Loss: 23.013 ; Acc: 50.006
2018-09-19 15:33:24,185:INFO: [TRAIN] Step: 741 ; Loss: 24.347 ; Acc: 50.006
2018-09-19 15:33:24,267:INFO: [TRAIN] Step: 742 ; Loss: 28.774 ; Acc: 50.011
2018-09-19 15:33:24,355:INFO: [TRAIN] Step: 743 ; Loss: 18.326 ; Acc: 50.034
2018-09-19 15:33:24,437:INFO: [TRAIN] Step: 744 ; Loss: 22.358 ; Acc: 50.034
2018-09-19 15:33:24,526:INFO: [TRAIN] Step: 745 ; Loss: 23.850 ; Acc: 50.050
2018-09-19 15:33:24,607:INFO: [TRAIN] Step: 746 ; Loss: 21.314 ; Acc: 50.056
2018-09-19 15:33:24,700:INFO: [TRAIN] Step: 747 ; Loss: 24.260 ; Acc: 50.056
2018-09-19 15:33:24,785:INFO: [TRAIN] Step: 748 ; Loss: 22.101 ; Acc: 50.050
2018-09-19 15:33:24,873:INFO: [TRAIN] Step: 749 ; Loss: 18.931 ; Acc: 50.050
2018-09-19 15:33:24,957:INFO: [TRAIN] Step: 750 ; Loss: 22.773 ; Acc: 50.044
2018-09-19 15:33:25,045:INFO: [TRAIN] Step: 751 ; Loss: 18.552 ; Acc: 50.061
2018-09-19 15:33:25,128:INFO: [TRAIN] Step: 752 ; Loss: 19.483 ; Acc: 50.077
2018-09-19 15:33:25,221:INFO: [TRAIN] Step: 753 ; Loss: 18.884 ; Acc: 50.094
2018-09-19 15:33:25,302:INFO: [TRAIN] Step: 754 ; Loss: 18.244 ; Acc: 50.127
2018-09-19 15:33:25,388:INFO: [TRAIN] Step: 755 ; Loss: 18.299 ; Acc: 50.127
2018-09-19 15:33:25,466:INFO: [TRAIN] Step: 756 ; Loss: 17.302 ; Acc: 50.149
2018-09-19 15:33:25,552:INFO: [TRAIN] Step: 757 ; Loss: 17.469 ; Acc: 50.170
2018-09-19 15:33:25,639:INFO: [TRAIN] Step: 758 ; Loss: 14.866 ; Acc: 50.203
2018-09-19 15:33:25,724:INFO: [TRAIN] Step: 759 ; Loss: 17.369 ; Acc: 50.225
2018-09-19 15:33:25,801:INFO: [TRAIN] Step: 760 ; Loss: 23.695 ; Acc: 50.230
2018-09-19 15:33:25,895:INFO: [TRAIN] Step: 761 ; Loss: 22.924 ; Acc: 50.241
2018-09-19 15:33:25,974:INFO: [TRAIN] Step: 762 ; Loss: 26.387 ; Acc: 50.246
2018-09-19 15:33:26,061:INFO: [TRAIN] Step: 763 ; Loss: 17.423 ; Acc: 50.278
2018-09-19 15:33:26,162:INFO: [TRAIN] Step: 764 ; Loss: 21.156 ; Acc: 50.305
2018-09-19 15:33:26,251:INFO: [TRAIN] Step: 765 ; Loss: 20.654 ; Acc: 50.321
2018-09-19 15:33:26,328:INFO: [TRAIN] Step: 766 ; Loss: 23.143 ; Acc: 50.337
2018-09-19 15:33:26,412:INFO: [TRAIN] Step: 767 ; Loss: 24.108 ; Acc: 50.353
2018-09-19 15:33:26,493:INFO: [TRAIN] Step: 768 ; Loss: 22.220 ; Acc: 50.363
2018-09-19 15:33:26,583:INFO: [TRAIN] Step: 769 ; Loss: 19.231 ; Acc: 50.363
2018-09-19 15:33:26,662:INFO: [TRAIN] Step: 770 ; Loss: 23.009 ; Acc: 50.351
2018-09-19 15:33:26,746:INFO: [TRAIN] Step: 771 ; Loss: 22.451 ; Acc: 50.356
2018-09-19 15:33:26,827:INFO: [TRAIN] Step: 772 ; Loss: 18.614 ; Acc: 50.377
2018-09-19 15:33:26,915:INFO: [TRAIN] Step: 773 ; Loss: 24.570 ; Acc: 50.377
2018-09-19 15:33:27,029:INFO: [TRAIN] Step: 774 ; Loss: 21.412 ; Acc: 50.382
2018-09-19 15:33:27,117:INFO: [TRAIN] Step: 775 ; Loss: 26.176 ; Acc: 50.370
2018-09-19 15:33:27,204:INFO: [TRAIN] Step: 776 ; Loss: 23.263 ; Acc: 50.370
2018-09-19 15:33:27,289:INFO: [TRAIN] Step: 777 ; Loss: 18.518 ; Acc: 50.375
2018-09-19 15:33:27,369:INFO: [TRAIN] Step: 778 ; Loss: 17.413 ; Acc: 50.396
2018-09-19 15:33:27,455:INFO: [TRAIN] Step: 779 ; Loss: 23.586 ; Acc: 50.385
2018-09-19 15:33:27,535:INFO: [TRAIN] Step: 780 ; Loss: 22.905 ; Acc: 50.389
2018-09-19 15:33:27,631:INFO: [TRAIN] Step: 781 ; Loss: 21.062 ; Acc: 50.400
2018-09-19 15:33:27,712:INFO: [TRAIN] Step: 782 ; Loss: 22.605 ; Acc: 50.410
2018-09-19 15:33:27,804:INFO: [TRAIN] Step: 783 ; Loss: 28.375 ; Acc: 50.393
2018-09-19 15:33:27,896:INFO: [TRAIN] Step: 784 ; Loss: 25.590 ; Acc: 50.377
2018-09-19 15:33:27,990:INFO: [TRAIN] Step: 785 ; Loss: 26.735 ; Acc: 50.366
2018-09-19 15:33:28,073:INFO: [TRAIN] Step: 786 ; Loss: 25.391 ; Acc: 50.339
2018-09-19 15:33:28,175:INFO: [TRAIN] Step: 787 ; Loss: 27.632 ; Acc: 50.328
2018-09-19 15:33:28,259:INFO: [TRAIN] Step: 788 ; Loss: 24.312 ; Acc: 50.317
2018-09-19 15:33:28,347:INFO: [TRAIN] Step: 789 ; Loss: 21.238 ; Acc: 50.322
2018-09-19 15:33:28,428:INFO: [TRAIN] Step: 790 ; Loss: 21.231 ; Acc: 50.316
2018-09-19 15:33:28,513:INFO: [TRAIN] Step: 791 ; Loss: 27.930 ; Acc: 50.310
2018-09-19 15:33:28,593:INFO: [TRAIN] Step: 792 ; Loss: 25.181 ; Acc: 50.310
2018-09-19 15:33:28,681:INFO: [TRAIN] Step: 793 ; Loss: 24.641 ; Acc: 50.294
2018-09-19 15:33:28,759:INFO: [TRAIN] Step: 794 ; Loss: 22.501 ; Acc: 50.278
2018-09-19 15:33:28,845:INFO: [TRAIN] Step: 795 ; Loss: 20.305 ; Acc: 50.277
2018-09-19 15:33:28,933:INFO: [TRAIN] Step: 796 ; Loss: 20.075 ; Acc: 50.277
2018-09-19 15:33:29,030:INFO: [TRAIN] Step: 797 ; Loss: 15.744 ; Acc: 50.303
2018-09-19 15:33:29,123:INFO: [TRAIN] Step: 798 ; Loss: 26.905 ; Acc: 50.292
2018-09-19 15:33:29,219:INFO: [TRAIN] Step: 799 ; Loss: 19.263 ; Acc: 50.297
2018-09-19 15:33:29,307:INFO: [TRAIN] Step: 800 ; Loss: 23.067 ; Acc: 50.297
2018-09-19 15:33:29,394:INFO: [TRAIN] Step: 801 ; Loss: 23.912 ; Acc: 50.296
2018-09-19 15:33:29,473:INFO: [TRAIN] Step: 802 ; Loss: 20.890 ; Acc: 50.296
2018-09-19 15:33:29,558:INFO: [TRAIN] Step: 803 ; Loss: 20.037 ; Acc: 50.295
2018-09-19 15:33:29,637:INFO: [TRAIN] Step: 804 ; Loss: 21.131 ; Acc: 50.305
2018-09-19 15:33:29,722:INFO: [TRAIN] Step: 805 ; Loss: 25.234 ; Acc: 50.289
2018-09-19 15:33:29,802:INFO: [TRAIN] Step: 806 ; Loss: 23.496 ; Acc: 50.299
2018-09-19 15:33:29,892:INFO: [TRAIN] Step: 807 ; Loss: 24.087 ; Acc: 50.294
2018-09-19 15:33:29,968:INFO: [TRAIN] Step: 808 ; Loss: 25.103 ; Acc: 50.299
2018-09-19 15:33:30,056:INFO: [TRAIN] Step: 809 ; Loss: 23.507 ; Acc: 50.293
2018-09-19 15:33:30,136:INFO: [TRAIN] Step: 810 ; Loss: 19.924 ; Acc: 50.313
2018-09-19 15:33:30,222:INFO: [TRAIN] Step: 811 ; Loss: 21.884 ; Acc: 50.313
2018-09-19 15:33:30,306:INFO: [TRAIN] Step: 812 ; Loss: 28.102 ; Acc: 50.292
2018-09-19 15:33:30,393:INFO: [TRAIN] Step: 813 ; Loss: 21.205 ; Acc: 50.302
2018-09-19 15:33:30,471:INFO: [TRAIN] Step: 814 ; Loss: 20.017 ; Acc: 50.307
2018-09-19 15:33:30,562:INFO: [TRAIN] Step: 815 ; Loss: 30.979 ; Acc: 50.291
2018-09-19 15:33:30,643:INFO: [TRAIN] Step: 816 ; Loss: 26.532 ; Acc: 50.291
2018-09-19 15:33:30,729:INFO: [TRAIN] Step: 817 ; Loss: 21.819 ; Acc: 50.280
2018-09-19 15:33:30,814:INFO: [TRAIN] Step: 818 ; Loss: 22.750 ; Acc: 50.295
2018-09-19 15:33:30,900:INFO: [TRAIN] Step: 819 ; Loss: 22.016 ; Acc: 50.290
2018-09-19 15:33:30,979:INFO: [TRAIN] Step: 820 ; Loss: 22.078 ; Acc: 50.305
2018-09-19 15:33:31,072:INFO: [TRAIN] Step: 821 ; Loss: 18.788 ; Acc: 50.309
2018-09-19 15:33:31,151:INFO: [TRAIN] Step: 822 ; Loss: 22.161 ; Acc: 50.319
2018-09-19 15:33:31,245:INFO: [TRAIN] Step: 823 ; Loss: 26.191 ; Acc: 50.314
2018-09-19 15:33:31,323:INFO: [TRAIN] Step: 824 ; Loss: 22.892 ; Acc: 50.318
2018-09-19 15:33:31,419:INFO: [TRAIN] Step: 825 ; Loss: 26.243 ; Acc: 50.328
2018-09-19 15:33:31,499:INFO: [TRAIN] Step: 826 ; Loss: 22.415 ; Acc: 50.343
2018-09-19 15:33:31,587:INFO: [TRAIN] Step: 827 ; Loss: 20.727 ; Acc: 50.362
2018-09-19 15:33:31,666:INFO: [TRAIN] Step: 828 ; Loss: 21.611 ; Acc: 50.372
2018-09-19 15:33:31,749:INFO: [TRAIN] Step: 829 ; Loss: 23.843 ; Acc: 50.371
2018-09-19 15:33:31,828:INFO: [TRAIN] Step: 830 ; Loss: 19.307 ; Acc: 50.391
2018-09-19 15:33:31,916:INFO: [TRAIN] Step: 831 ; Loss: 16.005 ; Acc: 50.406
2018-09-19 15:33:31,997:INFO: [TRAIN] Step: 832 ; Loss: 21.532 ; Acc: 50.420
2018-09-19 15:33:32,085:INFO: [TRAIN] Step: 833 ; Loss: 20.452 ; Acc: 50.435
2018-09-19 15:33:32,163:INFO: [TRAIN] Step: 834 ; Loss: 19.178 ; Acc: 50.449
2018-09-19 15:33:32,247:INFO: [TRAIN] Step: 835 ; Loss: 26.443 ; Acc: 50.434
2018-09-19 15:33:32,331:INFO: [TRAIN] Step: 836 ; Loss: 18.016 ; Acc: 50.468
2018-09-19 15:33:32,417:INFO: [TRAIN] Step: 837 ; Loss: 20.077 ; Acc: 50.487
2018-09-19 15:33:32,495:INFO: [TRAIN] Step: 838 ; Loss: 20.948 ; Acc: 50.502
2018-09-19 15:33:32,585:INFO: [TRAIN] Step: 839 ; Loss: 16.033 ; Acc: 50.521
2018-09-19 15:33:32,662:INFO: [TRAIN] Step: 840 ; Loss: 21.702 ; Acc: 50.530
2018-09-19 15:33:32,747:INFO: [TRAIN] Step: 841 ; Loss: 22.484 ; Acc: 50.525
2018-09-19 15:33:32,831:INFO: [TRAIN] Step: 842 ; Loss: 23.281 ; Acc: 50.529
2018-09-19 15:33:32,917:INFO: [TRAIN] Step: 843 ; Loss: 20.027 ; Acc: 50.538
2018-09-19 15:33:33,002:INFO: [TRAIN] Step: 844 ; Loss: 25.212 ; Acc: 50.533
2018-09-19 15:33:33,088:INFO: [TRAIN] Step: 845 ; Loss: 23.854 ; Acc: 50.512
2018-09-19 15:33:33,166:INFO: [TRAIN] Step: 846 ; Loss: 19.289 ; Acc: 50.526
2018-09-19 15:33:33,260:INFO: [TRAIN] Step: 847 ; Loss: 21.669 ; Acc: 50.516
2018-09-19 15:33:33,339:INFO: [TRAIN] Step: 848 ; Loss: 21.780 ; Acc: 50.515
2018-09-19 15:33:33,426:INFO: [TRAIN] Step: 849 ; Loss: 21.628 ; Acc: 50.515
2018-09-19 15:33:33,508:INFO: [TRAIN] Step: 850 ; Loss: 21.937 ; Acc: 50.514
2018-09-19 15:33:33,597:INFO: [TRAIN] Step: 851 ; Loss: 24.521 ; Acc: 50.494
2018-09-19 15:33:33,674:INFO: [TRAIN] Step: 852 ; Loss: 23.266 ; Acc: 50.503
2018-09-19 15:33:33,762:INFO: [TRAIN] Step: 853 ; Loss: 21.264 ; Acc: 50.512
2018-09-19 15:33:33,840:INFO: [TRAIN] Step: 854 ; Loss: 18.951 ; Acc: 50.521
2018-09-19 15:33:33,927:INFO: [TRAIN] Step: 855 ; Loss: 19.915 ; Acc: 50.535
2018-09-19 15:33:34,009:INFO: [TRAIN] Step: 856 ; Loss: 21.912 ; Acc: 50.520
2018-09-19 15:33:34,097:INFO: [TRAIN] Step: 857 ; Loss: 22.093 ; Acc: 50.520
2018-09-19 15:33:34,182:INFO: [TRAIN] Step: 858 ; Loss: 17.491 ; Acc: 50.543
2018-09-19 15:33:34,268:INFO: [TRAIN] Step: 859 ; Loss: 20.575 ; Acc: 50.547
2018-09-19 15:33:34,347:INFO: [TRAIN] Step: 860 ; Loss: 19.935 ; Acc: 50.557
2018-09-19 15:33:34,431:INFO: [TRAIN] Step: 861 ; Loss: 20.398 ; Acc: 50.556
2018-09-19 15:33:34,509:INFO: [TRAIN] Step: 862 ; Loss: 26.761 ; Acc: 50.560
2018-09-19 15:33:34,593:INFO: [TRAIN] Step: 863 ; Loss: 25.493 ; Acc: 50.550
2018-09-19 15:33:34,673:INFO: [TRAIN] Step: 864 ; Loss: 24.430 ; Acc: 50.525
2018-09-19 15:33:34,760:INFO: [TRAIN] Step: 865 ; Loss: 17.790 ; Acc: 50.544
2018-09-19 15:33:34,840:INFO: [TRAIN] Step: 866 ; Loss: 24.289 ; Acc: 50.548
2018-09-19 15:33:34,926:INFO: [TRAIN] Step: 867 ; Loss: 26.444 ; Acc: 50.547
2018-09-19 15:33:35,006:INFO: [TRAIN] Step: 868 ; Loss: 24.463 ; Acc: 50.547
2018-09-19 15:33:35,091:INFO: [TRAIN] Step: 869 ; Loss: 19.777 ; Acc: 50.565
2018-09-19 15:33:35,168:INFO: [TRAIN] Step: 870 ; Loss: 20.403 ; Acc: 50.579
2018-09-19 15:33:35,254:INFO: [TRAIN] Step: 871 ; Loss: 21.797 ; Acc: 50.578
2018-09-19 15:33:35,332:INFO: [TRAIN] Step: 872 ; Loss: 23.837 ; Acc: 50.587
2018-09-19 15:33:35,418:INFO: [TRAIN] Step: 873 ; Loss: 18.859 ; Acc: 50.605
2018-09-19 15:33:35,500:INFO: [TRAIN] Step: 874 ; Loss: 16.823 ; Acc: 50.614
2018-09-19 15:33:35,588:INFO: [TRAIN] Step: 875 ; Loss: 20.474 ; Acc: 50.628
2018-09-19 15:33:35,669:INFO: [TRAIN] Step: 876 ; Loss: 20.417 ; Acc: 50.637
2018-09-19 15:33:35,752:INFO: [TRAIN] Step: 877 ; Loss: 23.027 ; Acc: 50.631
2018-09-19 15:33:35,835:INFO: [TRAIN] Step: 878 ; Loss: 23.216 ; Acc: 50.640
2018-09-19 15:33:35,923:INFO: [TRAIN] Step: 879 ; Loss: 22.746 ; Acc: 50.644
2018-09-19 15:33:36,009:INFO: [TRAIN] Step: 880 ; Loss: 25.567 ; Acc: 50.638
2018-09-19 15:33:36,095:INFO: [TRAIN] Step: 881 ; Loss: 18.749 ; Acc: 50.642
2018-09-19 15:33:36,179:INFO: [TRAIN] Step: 882 ; Loss: 20.329 ; Acc: 50.651
2018-09-19 15:33:36,272:INFO: [TRAIN] Step: 883 ; Loss: 22.199 ; Acc: 50.655
2018-09-19 15:33:36,353:INFO: [TRAIN] Step: 884 ; Loss: 16.063 ; Acc: 50.678
2018-09-19 15:33:36,443:INFO: [TRAIN] Step: 885 ; Loss: 19.245 ; Acc: 50.687
2018-09-19 15:33:36,522:INFO: [TRAIN] Step: 886 ; Loss: 19.854 ; Acc: 50.695
2018-09-19 15:33:36,608:INFO: [TRAIN] Step: 887 ; Loss: 15.890 ; Acc: 50.718
2018-09-19 15:33:36,690:INFO: [TRAIN] Step: 888 ; Loss: 21.620 ; Acc: 50.731
2018-09-19 15:33:36,773:INFO: [TRAIN] Step: 889 ; Loss: 25.041 ; Acc: 50.730
2018-09-19 15:33:36,849:INFO: [TRAIN] Step: 890 ; Loss: 21.388 ; Acc: 50.734
2018-09-19 15:33:36,935:INFO: [TRAIN] Step: 891 ; Loss: 24.692 ; Acc: 50.719
2018-09-19 15:33:37,025:INFO: [TRAIN] Step: 892 ; Loss: 19.070 ; Acc: 50.723
2018-09-19 15:33:37,114:INFO: [TRAIN] Step: 893 ; Loss: 19.989 ; Acc: 50.732
2018-09-19 15:33:37,192:INFO: [TRAIN] Step: 894 ; Loss: 19.114 ; Acc: 50.750
2018-09-19 15:33:37,276:INFO: [TRAIN] Step: 895 ; Loss: 23.621 ; Acc: 50.735
2018-09-19 15:33:37,356:INFO: [TRAIN] Step: 896 ; Loss: 24.791 ; Acc: 50.729
2018-09-19 15:33:37,450:INFO: [TRAIN] Step: 897 ; Loss: 19.941 ; Acc: 50.742
2018-09-19 15:33:37,537:INFO: [TRAIN] Step: 898 ; Loss: 24.339 ; Acc: 50.737
2018-09-19 15:33:37,620:INFO: [TRAIN] Step: 899 ; Loss: 23.204 ; Acc: 50.755
2018-09-19 15:33:37,703:INFO: [TRAIN] Step: 900 ; Loss: 20.919 ; Acc: 50.749
2018-09-19 15:33:37,789:INFO: [TRAIN] Step: 901 ; Loss: 23.596 ; Acc: 50.762
2018-09-19 15:33:37,868:INFO: [TRAIN] Step: 902 ; Loss: 19.194 ; Acc: 50.775
2018-09-19 15:33:37,953:INFO: [TRAIN] Step: 903 ; Loss: 22.066 ; Acc: 50.784
2018-09-19 15:33:38,034:INFO: [TRAIN] Step: 904 ; Loss: 20.675 ; Acc: 50.792
2018-09-19 15:33:38,120:INFO: [TRAIN] Step: 905 ; Loss: 16.322 ; Acc: 50.819
2018-09-19 15:33:38,203:INFO: [TRAIN] Step: 906 ; Loss: 19.504 ; Acc: 50.827
2018-09-19 15:33:38,295:INFO: [TRAIN] Step: 907 ; Loss: 24.593 ; Acc: 50.831
2018-09-19 15:33:38,374:INFO: [TRAIN] Step: 908 ; Loss: 28.680 ; Acc: 50.834
2018-09-19 15:33:38,464:INFO: [TRAIN] Step: 909 ; Loss: 21.368 ; Acc: 50.833
2018-09-19 15:33:38,545:INFO: [TRAIN] Step: 910 ; Loss: 19.714 ; Acc: 50.837
2018-09-19 15:33:38,636:INFO: [TRAIN] Step: 911 ; Loss: 21.230 ; Acc: 50.850
2018-09-19 15:33:38,715:INFO: [TRAIN] Step: 912 ; Loss: 22.644 ; Acc: 50.863
2018-09-19 15:33:38,819:INFO: [TRAIN] Step: 913 ; Loss: 21.846 ; Acc: 50.884
2018-09-19 15:33:38,903:INFO: [TRAIN] Step: 914 ; Loss: 23.062 ; Acc: 50.888
2018-09-19 15:33:38,990:INFO: [TRAIN] Step: 915 ; Loss: 15.093 ; Acc: 50.919
2018-09-19 15:33:39,070:INFO: [TRAIN] Step: 916 ; Loss: 22.847 ; Acc: 50.927
2018-09-19 15:33:39,153:INFO: [TRAIN] Step: 917 ; Loss: 23.268 ; Acc: 50.935
2018-09-19 15:33:39,236:INFO: [TRAIN] Step: 918 ; Loss: 16.400 ; Acc: 50.961
2018-09-19 15:33:39,323:INFO: [TRAIN] Step: 919 ; Loss: 19.729 ; Acc: 50.983
2018-09-19 15:33:39,402:INFO: [TRAIN] Step: 920 ; Loss: 23.068 ; Acc: 50.973
2018-09-19 15:33:39,492:INFO: [TRAIN] Step: 921 ; Loss: 21.617 ; Acc: 50.972
2018-09-19 15:33:39,574:INFO: [TRAIN] Step: 922 ; Loss: 18.855 ; Acc: 50.980
2018-09-19 15:33:39,665:INFO: [TRAIN] Step: 923 ; Loss: 20.230 ; Acc: 50.983
2018-09-19 15:33:39,750:INFO: [TRAIN] Step: 924 ; Loss: 26.088 ; Acc: 50.977
2018-09-19 15:33:39,837:INFO: [TRAIN] Step: 925 ; Loss: 22.395 ; Acc: 50.985
2018-09-19 15:33:39,919:INFO: [TRAIN] Step: 926 ; Loss: 27.765 ; Acc: 50.971
2018-09-19 15:33:40,006:INFO: [TRAIN] Step: 927 ; Loss: 22.624 ; Acc: 50.979
2018-09-19 15:33:40,087:INFO: [TRAIN] Step: 928 ; Loss: 22.438 ; Acc: 50.991
2018-09-19 15:33:40,170:INFO: [TRAIN] Step: 929 ; Loss: 21.944 ; Acc: 50.995
2018-09-19 15:33:40,252:INFO: [TRAIN] Step: 930 ; Loss: 22.507 ; Acc: 50.998
2018-09-19 15:33:40,339:INFO: [TRAIN] Step: 931 ; Loss: 22.043 ; Acc: 50.997
2018-09-19 15:33:40,419:INFO: [TRAIN] Step: 932 ; Loss: 19.473 ; Acc: 51.005
2018-09-19 15:33:40,510:INFO: [TRAIN] Step: 933 ; Loss: 19.249 ; Acc: 51.013
2018-09-19 15:33:40,587:INFO: [TRAIN] Step: 934 ; Loss: 20.817 ; Acc: 51.025
2018-09-19 15:33:40,676:INFO: [TRAIN] Step: 935 ; Loss: 25.406 ; Acc: 51.015
2018-09-19 15:33:40,755:INFO: [TRAIN] Step: 936 ; Loss: 19.796 ; Acc: 51.014
2018-09-19 15:33:40,847:INFO: [TRAIN] Step: 937 ; Loss: 25.009 ; Acc: 51.022
2018-09-19 15:33:40,928:INFO: [TRAIN] Step: 938 ; Loss: 22.727 ; Acc: 51.038
2018-09-19 15:33:41,015:INFO: [TRAIN] Step: 939 ; Loss: 25.005 ; Acc: 51.024
2018-09-19 15:33:41,095:INFO: [TRAIN] Step: 940 ; Loss: 20.005 ; Acc: 51.036
2018-09-19 15:33:41,182:INFO: [TRAIN] Step: 941 ; Loss: 21.300 ; Acc: 51.048
2018-09-19 15:33:41,267:INFO: [TRAIN] Step: 942 ; Loss: 25.391 ; Acc: 51.052
2018-09-19 15:33:41,352:INFO: [TRAIN] Step: 943 ; Loss: 22.502 ; Acc: 51.046
2018-09-19 15:33:41,433:INFO: [TRAIN] Step: 944 ; Loss: 22.987 ; Acc: 51.036
2018-09-19 15:33:41,521:INFO: [TRAIN] Step: 945 ; Loss: 22.422 ; Acc: 51.035
2018-09-19 15:33:41,598:INFO: [TRAIN] Step: 946 ; Loss: 25.533 ; Acc: 51.034
2018-09-19 15:33:41,685:INFO: [TRAIN] Step: 947 ; Loss: 18.551 ; Acc: 51.059
2018-09-19 15:33:41,763:INFO: [TRAIN] Step: 948 ; Loss: 19.713 ; Acc: 51.067
2018-09-19 15:33:41,851:INFO: [TRAIN] Step: 949 ; Loss: 21.333 ; Acc: 51.075
2018-09-19 15:33:41,929:INFO: [TRAIN] Step: 950 ; Loss: 28.412 ; Acc: 51.069
2018-09-19 15:33:42,017:INFO: [TRAIN] Step: 951 ; Loss: 21.962 ; Acc: 51.090
2018-09-19 15:33:42,099:INFO: [TRAIN] Step: 952 ; Loss: 20.972 ; Acc: 51.084
2018-09-19 15:33:42,186:INFO: [TRAIN] Step: 953 ; Loss: 24.963 ; Acc: 51.074
2018-09-19 15:33:42,267:INFO: [TRAIN] Step: 954 ; Loss: 16.651 ; Acc: 51.095
2018-09-19 15:33:42,352:INFO: [TRAIN] Step: 955 ; Loss: 21.895 ; Acc: 51.103
2018-09-19 15:33:42,436:INFO: [TRAIN] Step: 956 ; Loss: 20.308 ; Acc: 51.102
2018-09-19 15:33:42,527:INFO: [TRAIN] Step: 957 ; Loss: 21.711 ; Acc: 51.109
2018-09-19 15:33:42,609:INFO: [TRAIN] Step: 958 ; Loss: 26.080 ; Acc: 51.099
2018-09-19 15:33:42,698:INFO: [TRAIN] Step: 959 ; Loss: 19.266 ; Acc: 51.115
2018-09-19 15:33:42,777:INFO: [TRAIN] Step: 960 ; Loss: 21.007 ; Acc: 51.119
2018-09-19 15:33:42,867:INFO: [TRAIN] Step: 961 ; Loss: 22.219 ; Acc: 51.122
2018-09-19 15:33:42,945:INFO: [TRAIN] Step: 962 ; Loss: 20.196 ; Acc: 51.142
2018-09-19 15:33:43,030:INFO: [TRAIN] Step: 963 ; Loss: 18.920 ; Acc: 51.145
2018-09-19 15:33:43,116:INFO: [TRAIN] Step: 964 ; Loss: 20.727 ; Acc: 51.149
2018-09-19 15:33:43,203:INFO: [TRAIN] Step: 965 ; Loss: 23.095 ; Acc: 51.156
2018-09-19 15:33:43,286:INFO: [TRAIN] Step: 966 ; Loss: 20.318 ; Acc: 51.172
2018-09-19 15:33:43,376:INFO: [TRAIN] Step: 967 ; Loss: 16.122 ; Acc: 51.179
2018-09-19 15:33:43,460:INFO: [TRAIN] Step: 968 ; Loss: 20.990 ; Acc: 51.191
2018-09-19 15:33:43,552:INFO: [TRAIN] Step: 969 ; Loss: 27.279 ; Acc: 51.181
2018-09-19 15:33:43,633:INFO: [TRAIN] Step: 970 ; Loss: 22.366 ; Acc: 51.180
2018-09-19 15:33:43,723:INFO: [TRAIN] Step: 971 ; Loss: 24.465 ; Acc: 51.166
2018-09-19 15:33:43,801:INFO: [TRAIN] Step: 972 ; Loss: 22.530 ; Acc: 51.165
2018-09-19 15:33:43,886:INFO: [TRAIN] Step: 973 ; Loss: 23.656 ; Acc: 51.176
2018-09-19 15:33:43,966:INFO: [TRAIN] Step: 974 ; Loss: 22.160 ; Acc: 51.171
2018-09-19 15:33:44,060:INFO: [TRAIN] Step: 975 ; Loss: 22.666 ; Acc: 51.161
2018-09-19 15:33:44,139:INFO: [TRAIN] Step: 976 ; Loss: 20.883 ; Acc: 51.169
2018-09-19 15:33:44,230:INFO: [TRAIN] Step: 977 ; Loss: 19.385 ; Acc: 51.184
2018-09-19 15:33:44,309:INFO: [TRAIN] Step: 978 ; Loss: 17.631 ; Acc: 51.183
2018-09-19 15:33:44,395:INFO: [TRAIN] Step: 979 ; Loss: 22.060 ; Acc: 51.178
2018-09-19 15:33:44,477:INFO: [TRAIN] Step: 980 ; Loss: 22.196 ; Acc: 51.172
2018-09-19 15:33:44,559:INFO: [TRAIN] Step: 981 ; Loss: 15.931 ; Acc: 51.184
2018-09-19 15:33:44,637:INFO: [TRAIN] Step: 982 ; Loss: 19.584 ; Acc: 51.187
2018-09-19 15:33:44,730:INFO: [TRAIN] Step: 983 ; Loss: 19.332 ; Acc: 51.181
2018-09-19 15:33:44,812:INFO: [TRAIN] Step: 984 ; Loss: 12.951 ; Acc: 51.206
2018-09-19 15:33:44,906:INFO: [TRAIN] Step: 985 ; Loss: 22.155 ; Acc: 51.209
2018-09-19 15:33:44,986:INFO: [TRAIN] Step: 986 ; Loss: 29.576 ; Acc: 51.199
2018-09-19 15:33:45,074:INFO: [TRAIN] Step: 987 ; Loss: 19.265 ; Acc: 51.202
2018-09-19 15:33:45,153:INFO: [TRAIN] Step: 988 ; Loss: 30.689 ; Acc: 51.209
2018-09-19 15:33:45,241:INFO: [TRAIN] Step: 989 ; Loss: 22.931 ; Acc: 51.208
2018-09-19 15:33:45,319:INFO: [TRAIN] Step: 990 ; Loss: 23.757 ; Acc: 51.202
2018-09-19 15:33:45,406:INFO: [TRAIN] Step: 991 ; Loss: 24.806 ; Acc: 51.210
2018-09-19 15:33:45,487:INFO: [TRAIN] Step: 992 ; Loss: 19.143 ; Acc: 51.204
2018-09-19 15:33:45,574:INFO: [TRAIN] Step: 993 ; Loss: 23.880 ; Acc: 51.203
2018-09-19 15:33:45,653:INFO: [TRAIN] Step: 994 ; Loss: 23.788 ; Acc: 51.185
2018-09-19 15:33:45,741:INFO: [TRAIN] Step: 995 ; Loss: 23.982 ; Acc: 51.201
2018-09-19 15:33:45,822:INFO: [TRAIN] Step: 996 ; Loss: 20.765 ; Acc: 51.216
2018-09-19 15:33:45,911:INFO: [TRAIN] Step: 997 ; Loss: 20.194 ; Acc: 51.215
2018-09-19 15:33:46,001:INFO: [TRAIN] Step: 998 ; Loss: 20.260 ; Acc: 51.226
2018-09-19 15:33:46,093:INFO: [TRAIN] Step: 999 ; Loss: 20.820 ; Acc: 51.238
2018-09-19 15:33:46,178:INFO: [TRAIN] Step: 1000 ; Loss: 19.964 ; Acc: 51.249
2018-09-19 15:33:46,274:INFO: [TRAIN] Step: 1001 ; Loss: 21.932 ; Acc: 51.243
2018-09-19 15:33:46,361:INFO: [TRAIN] Step: 1002 ; Loss: 23.038 ; Acc: 51.246
2018-09-19 15:33:46,448:INFO: [TRAIN] Step: 1003 ; Loss: 16.354 ; Acc: 51.249
2018-09-19 15:33:46,535:INFO: [TRAIN] Step: 1004 ; Loss: 24.890 ; Acc: 51.248
2018-09-19 15:33:46,623:INFO: [TRAIN] Step: 1005 ; Loss: 21.409 ; Acc: 51.251
2018-09-19 15:33:46,707:INFO: [TRAIN] Step: 1006 ; Loss: 25.905 ; Acc: 51.237
2018-09-19 15:33:46,796:INFO: [TRAIN] Step: 1007 ; Loss: 26.287 ; Acc: 51.228
2018-09-19 15:33:46,879:INFO: [TRAIN] Step: 1008 ; Loss: 18.944 ; Acc: 51.247
2018-09-19 15:33:46,964:INFO: [TRAIN] Step: 1009 ; Loss: 25.232 ; Acc: 51.233
2018-09-19 15:33:47,049:INFO: [TRAIN] Step: 1010 ; Loss: 19.517 ; Acc: 51.232
2018-09-19 15:33:47,138:INFO: [TRAIN] Step: 1011 ; Loss: 20.344 ; Acc: 51.248
2018-09-19 15:33:47,219:INFO: [TRAIN] Step: 1012 ; Loss: 21.777 ; Acc: 51.238
2018-09-19 15:33:47,307:INFO: [TRAIN] Step: 1013 ; Loss: 22.490 ; Acc: 51.233
2018-09-19 15:33:47,385:INFO: [TRAIN] Step: 1014 ; Loss: 23.369 ; Acc: 51.223
2018-09-19 15:33:47,469:INFO: [TRAIN] Step: 1015 ; Loss: 23.279 ; Acc: 51.230
2018-09-19 15:33:47,556:INFO: [TRAIN] Step: 1016 ; Loss: 18.010 ; Acc: 51.258
2018-09-19 15:33:47,649:INFO: [TRAIN] Step: 1017 ; Loss: 23.986 ; Acc: 51.244
2018-09-19 15:33:47,727:INFO: [TRAIN] Step: 1018 ; Loss: 23.339 ; Acc: 51.235
2018-09-19 15:33:47,814:INFO: [TRAIN] Step: 1019 ; Loss: 19.549 ; Acc: 51.234
2018-09-19 15:33:47,896:INFO: [TRAIN] Step: 1020 ; Loss: 22.382 ; Acc: 51.237
2018-09-19 15:33:47,984:INFO: [TRAIN] Step: 1021 ; Loss: 22.123 ; Acc: 51.231
2018-09-19 15:33:48,073:INFO: [TRAIN] Step: 1022 ; Loss: 20.392 ; Acc: 51.242
2018-09-19 15:33:48,159:INFO: [TRAIN] Step: 1023 ; Loss: 24.626 ; Acc: 51.237
2018-09-19 15:33:48,240:INFO: [TRAIN] Step: 1024 ; Loss: 23.808 ; Acc: 51.220
2018-09-19 15:33:48,326:INFO: [TRAIN] Step: 1025 ; Loss: 20.337 ; Acc: 51.235
2018-09-19 15:33:48,409:INFO: [TRAIN] Step: 1026 ; Loss: 19.536 ; Acc: 51.237
2018-09-19 15:33:48,492:INFO: [TRAIN] Step: 1027 ; Loss: 27.220 ; Acc: 51.224
2018-09-19 15:33:48,575:INFO: [TRAIN] Step: 1028 ; Loss: 21.427 ; Acc: 51.235
2018-09-19 15:33:48,659:INFO: [TRAIN] Step: 1029 ; Loss: 19.297 ; Acc: 51.234
2018-09-19 15:33:48,740:INFO: [TRAIN] Step: 1030 ; Loss: 20.909 ; Acc: 51.233
2018-09-19 15:33:48,827:INFO: [TRAIN] Step: 1031 ; Loss: 23.230 ; Acc: 51.240
2018-09-19 15:33:48,907:INFO: [TRAIN] Step: 1032 ; Loss: 21.750 ; Acc: 51.222
2018-09-19 15:33:48,996:INFO: [TRAIN] Step: 1033 ; Loss: 23.484 ; Acc: 51.217
2018-09-19 15:33:49,083:INFO: [TRAIN] Step: 1034 ; Loss: 20.511 ; Acc: 51.228
2018-09-19 15:33:49,166:INFO: [TRAIN] Step: 1035 ; Loss: 23.668 ; Acc: 51.235
2018-09-19 15:33:49,248:INFO: [TRAIN] Step: 1036 ; Loss: 21.855 ; Acc: 51.234
2018-09-19 15:33:49,337:INFO: [TRAIN] Step: 1037 ; Loss: 18.146 ; Acc: 51.260
2018-09-19 15:33:49,426:INFO: [TRAIN] Step: 1038 ; Loss: 20.992 ; Acc: 51.259
2018-09-19 15:33:49,515:INFO: [TRAIN] Step: 1039 ; Loss: 18.961 ; Acc: 51.258
2018-09-19 15:33:49,595:INFO: [TRAIN] Step: 1040 ; Loss: 20.586 ; Acc: 51.257
2018-09-19 15:33:49,680:INFO: [TRAIN] Step: 1041 ; Loss: 22.959 ; Acc: 51.260
2018-09-19 15:33:49,761:INFO: [TRAIN] Step: 1042 ; Loss: 16.909 ; Acc: 51.266
2018-09-19 15:33:49,848:INFO: [TRAIN] Step: 1043 ; Loss: 22.273 ; Acc: 51.261
2018-09-19 15:33:49,929:INFO: [TRAIN] Step: 1044 ; Loss: 25.136 ; Acc: 51.256
2018-09-19 15:33:50,020:INFO: [TRAIN] Step: 1045 ; Loss: 21.069 ; Acc: 51.267
2018-09-19 15:33:50,101:INFO: [TRAIN] Step: 1046 ; Loss: 22.970 ; Acc: 51.266
2018-09-19 15:33:50,188:INFO: [TRAIN] Step: 1047 ; Loss: 22.637 ; Acc: 51.260
2018-09-19 15:33:50,269:INFO: [TRAIN] Step: 1048 ; Loss: 22.920 ; Acc: 51.267
2018-09-19 15:33:50,362:INFO: [TRAIN] Step: 1049 ; Loss: 16.381 ; Acc: 51.286
2018-09-19 15:33:50,445:INFO: [TRAIN] Step: 1050 ; Loss: 24.715 ; Acc: 51.277
2018-09-19 15:33:50,537:INFO: [TRAIN] Step: 1051 ; Loss: 25.439 ; Acc: 51.267
2018-09-19 15:33:50,622:INFO: [TRAIN] Step: 1052 ; Loss: 19.674 ; Acc: 51.270
2018-09-19 15:33:50,712:INFO: [TRAIN] Step: 1053 ; Loss: 23.876 ; Acc: 51.273
2018-09-19 15:33:50,799:INFO: [TRAIN] Step: 1054 ; Loss: 20.321 ; Acc: 51.288
2018-09-19 15:33:50,894:INFO: [TRAIN] Step: 1055 ; Loss: 25.458 ; Acc: 51.274
2018-09-19 15:33:50,974:INFO: [TRAIN] Step: 1056 ; Loss: 19.618 ; Acc: 51.293
2018-09-19 15:33:51,061:INFO: [TRAIN] Step: 1057 ; Loss: 22.130 ; Acc: 51.300
2018-09-19 15:33:51,141:INFO: [TRAIN] Step: 1058 ; Loss: 19.218 ; Acc: 51.302
2018-09-19 15:33:51,227:INFO: [TRAIN] Step: 1059 ; Loss: 27.565 ; Acc: 51.309
2018-09-19 15:33:51,316:INFO: [TRAIN] Step: 1060 ; Loss: 18.527 ; Acc: 51.312
2018-09-19 15:33:51,407:INFO: [TRAIN] Step: 1061 ; Loss: 20.635 ; Acc: 51.314
2018-09-19 15:33:51,485:INFO: [TRAIN] Step: 1062 ; Loss: 20.827 ; Acc: 51.305
2018-09-19 15:33:51,572:INFO: [TRAIN] Step: 1063 ; Loss: 23.004 ; Acc: 51.308
2018-09-19 15:33:51,654:INFO: [TRAIN] Step: 1064 ; Loss: 18.158 ; Acc: 51.307
2018-09-19 15:33:51,740:INFO: [TRAIN] Step: 1065 ; Loss: 24.362 ; Acc: 51.306
2018-09-19 15:33:51,821:INFO: [TRAIN] Step: 1066 ; Loss: 24.527 ; Acc: 51.308
2018-09-19 15:33:51,912:INFO: [TRAIN] Step: 1067 ; Loss: 20.657 ; Acc: 51.326
2018-09-19 15:33:51,995:INFO: [TRAIN] Step: 1068 ; Loss: 21.930 ; Acc: 51.329
2018-09-19 15:33:52,088:INFO: [TRAIN] Step: 1069 ; Loss: 26.271 ; Acc: 51.308
2018-09-19 15:33:52,173:INFO: [TRAIN] Step: 1070 ; Loss: 21.018 ; Acc: 51.315
2018-09-19 15:33:52,264:INFO: [TRAIN] Step: 1071 ; Loss: 22.984 ; Acc: 51.302
2018-09-19 15:33:52,351:INFO: [TRAIN] Step: 1072 ; Loss: 24.992 ; Acc: 51.309
2018-09-19 15:33:52,439:INFO: [TRAIN] Step: 1073 ; Loss: 21.374 ; Acc: 51.323
2018-09-19 15:33:52,524:INFO: [TRAIN] Step: 1074 ; Loss: 17.669 ; Acc: 51.337
2018-09-19 15:33:52,614:INFO: [TRAIN] Step: 1075 ; Loss: 19.459 ; Acc: 51.336
2018-09-19 15:33:52,696:INFO: [TRAIN] Step: 1076 ; Loss: 21.332 ; Acc: 51.354
2018-09-19 15:33:52,788:INFO: [TRAIN] Step: 1077 ; Loss: 18.896 ; Acc: 51.368
2018-09-19 15:33:52,873:INFO: [TRAIN] Step: 1078 ; Loss: 21.199 ; Acc: 51.371
2018-09-19 15:33:52,958:INFO: [TRAIN] Step: 1079 ; Loss: 25.107 ; Acc: 51.385
2018-09-19 15:33:53,041:INFO: [TRAIN] Step: 1080 ; Loss: 22.091 ; Acc: 51.384
2018-09-19 15:33:53,132:INFO: [TRAIN] Step: 1081 ; Loss: 19.870 ; Acc: 51.382
2018-09-19 15:33:53,215:INFO: [TRAIN] Step: 1082 ; Loss: 15.226 ; Acc: 51.389
2018-09-19 15:33:53,301:INFO: [TRAIN] Step: 1083 ; Loss: 24.749 ; Acc: 51.384
2018-09-19 15:33:53,382:INFO: [TRAIN] Step: 1084 ; Loss: 19.720 ; Acc: 51.398
2018-09-19 15:33:53,471:INFO: [TRAIN] Step: 1085 ; Loss: 19.898 ; Acc: 51.408
2018-09-19 15:33:53,553:INFO: [TRAIN] Step: 1086 ; Loss: 23.833 ; Acc: 51.399
2018-09-19 15:33:53,636:INFO: [TRAIN] Step: 1087 ; Loss: 21.951 ; Acc: 51.405
2018-09-19 15:33:53,715:INFO: [TRAIN] Step: 1088 ; Loss: 20.404 ; Acc: 51.427
2018-09-19 15:33:53,806:INFO: [TRAIN] Step: 1089 ; Loss: 19.775 ; Acc: 51.441
2018-09-19 15:33:53,885:INFO: [TRAIN] Step: 1090 ; Loss: 22.172 ; Acc: 51.428
2018-09-19 15:33:53,970:INFO: [TRAIN] Step: 1091 ; Loss: 22.644 ; Acc: 51.446
2018-09-19 15:33:54,054:INFO: [TRAIN] Step: 1092 ; Loss: 25.979 ; Acc: 51.437
2018-09-19 15:33:54,140:INFO: [TRAIN] Step: 1093 ; Loss: 20.443 ; Acc: 51.447
2018-09-19 15:33:54,219:INFO: [TRAIN] Step: 1094 ; Loss: 19.340 ; Acc: 51.465
2018-09-19 15:33:54,304:INFO: [TRAIN] Step: 1095 ; Loss: 19.492 ; Acc: 51.483
2018-09-19 15:33:54,385:INFO: [TRAIN] Step: 1096 ; Loss: 21.975 ; Acc: 51.478
2018-09-19 15:33:54,474:INFO: [TRAIN] Step: 1097 ; Loss: 15.452 ; Acc: 51.507
2018-09-19 15:33:54,565:INFO: [TRAIN] Step: 1098 ; Loss: 23.373 ; Acc: 51.505
2018-09-19 15:33:54,652:INFO: [TRAIN] Step: 1099 ; Loss: 19.818 ; Acc: 51.523
2018-09-19 15:33:54,732:INFO: [TRAIN] Step: 1100 ; Loss: 16.924 ; Acc: 51.533
2018-09-19 15:33:54,819:INFO: [TRAIN] Step: 1101 ; Loss: 20.526 ; Acc: 51.520
2018-09-19 15:33:54,899:INFO: [TRAIN] Step: 1102 ; Loss: 22.345 ; Acc: 51.515
2018-09-19 15:33:54,988:INFO: [TRAIN] Step: 1103 ; Loss: 27.872 ; Acc: 51.513
2018-09-19 15:33:55,076:INFO: [TRAIN] Step: 1104 ; Loss: 21.122 ; Acc: 51.505
2018-09-19 15:33:55,169:INFO: [TRAIN] Step: 1105 ; Loss: 19.000 ; Acc: 51.507
2018-09-19 15:33:55,248:INFO: [TRAIN] Step: 1106 ; Loss: 21.284 ; Acc: 51.517
2018-09-19 15:33:55,335:INFO: [TRAIN] Step: 1107 ; Loss: 20.320 ; Acc: 51.523
2018-09-19 15:33:55,415:INFO: [TRAIN] Step: 1108 ; Loss: 22.615 ; Acc: 51.525
2018-09-19 15:33:55,505:INFO: [TRAIN] Step: 1109 ; Loss: 20.727 ; Acc: 51.532
2018-09-19 15:33:55,589:INFO: [TRAIN] Step: 1110 ; Loss: 22.159 ; Acc: 51.538
2018-09-19 15:33:55,679:INFO: [TRAIN] Step: 1111 ; Loss: 21.848 ; Acc: 51.533
2018-09-19 15:33:55,760:INFO: [TRAIN] Step: 1112 ; Loss: 28.734 ; Acc: 51.516
2018-09-19 15:33:55,850:INFO: [TRAIN] Step: 1113 ; Loss: 26.681 ; Acc: 51.515
2018-09-19 15:33:55,932:INFO: [TRAIN] Step: 1114 ; Loss: 16.942 ; Acc: 51.536
2018-09-19 15:33:56,021:INFO: [TRAIN] Step: 1115 ; Loss: 17.213 ; Acc: 51.557
2018-09-19 15:33:56,104:INFO: [TRAIN] Step: 1116 ; Loss: 16.943 ; Acc: 51.567
2018-09-19 15:33:56,191:INFO: [TRAIN] Step: 1117 ; Loss: 23.562 ; Acc: 51.558
2018-09-19 15:33:56,272:INFO: [TRAIN] Step: 1118 ; Loss: 20.768 ; Acc: 51.564
2018-09-19 15:33:56,360:INFO: [TRAIN] Step: 1119 ; Loss: 19.529 ; Acc: 51.570
2018-09-19 15:33:56,448:INFO: [TRAIN] Step: 1120 ; Loss: 24.920 ; Acc: 51.569
2018-09-19 15:33:56,539:INFO: [TRAIN] Step: 1121 ; Loss: 19.799 ; Acc: 51.563
2018-09-19 15:33:56,623:INFO: [TRAIN] Step: 1122 ; Loss: 15.814 ; Acc: 51.573
2018-09-19 15:33:56,710:INFO: [TRAIN] Step: 1123 ; Loss: 24.158 ; Acc: 51.568
2018-09-19 15:33:56,795:INFO: [TRAIN] Step: 1124 ; Loss: 25.127 ; Acc: 51.567
2018-09-19 15:33:56,884:INFO: [TRAIN] Step: 1125 ; Loss: 25.107 ; Acc: 51.569
2018-09-19 15:33:56,967:INFO: [TRAIN] Step: 1126 ; Loss: 22.020 ; Acc: 51.579
2018-09-19 15:33:57,057:INFO: [TRAIN] Step: 1127 ; Loss: 19.022 ; Acc: 51.581
2018-09-19 15:33:57,139:INFO: [TRAIN] Step: 1128 ; Loss: 20.525 ; Acc: 51.583
2018-09-19 15:33:57,233:INFO: [TRAIN] Step: 1129 ; Loss: 17.681 ; Acc: 51.619
2018-09-19 15:33:57,316:INFO: [TRAIN] Step: 1130 ; Loss: 20.956 ; Acc: 51.625
2018-09-19 15:33:57,403:INFO: [TRAIN] Step: 1131 ; Loss: 22.334 ; Acc: 51.620
2018-09-19 15:33:57,487:INFO: [TRAIN] Step: 1132 ; Loss: 16.362 ; Acc: 51.644
2018-09-19 15:33:57,576:INFO: [TRAIN] Step: 1133 ; Loss: 22.018 ; Acc: 51.653
2018-09-19 15:33:57,662:INFO: [TRAIN] Step: 1134 ; Loss: 16.476 ; Acc: 51.659
2018-09-19 15:33:57,748:INFO: [TRAIN] Step: 1135 ; Loss: 19.990 ; Acc: 51.665
2018-09-19 15:33:57,833:INFO: [TRAIN] Step: 1136 ; Loss: 21.872 ; Acc: 51.664
2018-09-19 15:33:57,922:INFO: [TRAIN] Step: 1137 ; Loss: 19.515 ; Acc: 51.673
2018-09-19 15:33:58,003:INFO: [TRAIN] Step: 1138 ; Loss: 19.952 ; Acc: 51.679
2018-09-19 15:33:58,094:INFO: [TRAIN] Step: 1139 ; Loss: 19.812 ; Acc: 51.681
2018-09-19 15:33:58,175:INFO: [TRAIN] Step: 1140 ; Loss: 18.334 ; Acc: 51.702
2018-09-19 15:33:58,263:INFO: [TRAIN] Step: 1141 ; Loss: 21.467 ; Acc: 51.711
2018-09-19 15:33:58,346:INFO: [TRAIN] Step: 1142 ; Loss: 19.991 ; Acc: 51.717
2018-09-19 15:33:58,440:INFO: [TRAIN] Step: 1143 ; Loss: 22.681 ; Acc: 51.719
2018-09-19 15:33:58,521:INFO: [TRAIN] Step: 1144 ; Loss: 23.413 ; Acc: 51.721
2018-09-19 15:33:58,615:INFO: [TRAIN] Step: 1145 ; Loss: 22.399 ; Acc: 51.723
2018-09-19 15:33:58,697:INFO: [TRAIN] Step: 1146 ; Loss: 21.057 ; Acc: 51.740
2018-09-19 15:33:58,785:INFO: [TRAIN] Step: 1147 ; Loss: 19.537 ; Acc: 51.739
2018-09-19 15:33:58,869:INFO: [TRAIN] Step: 1148 ; Loss: 25.062 ; Acc: 51.737
2018-09-19 15:33:58,956:INFO: [TRAIN] Step: 1149 ; Loss: 21.531 ; Acc: 51.743
2018-09-19 15:33:59,042:INFO: [TRAIN] Step: 1150 ; Loss: 24.003 ; Acc: 51.741
2018-09-19 15:33:59,132:INFO: [TRAIN] Step: 1151 ; Loss: 19.631 ; Acc: 51.732
2018-09-19 15:33:59,217:INFO: [TRAIN] Step: 1152 ; Loss: 16.012 ; Acc: 51.745
2018-09-19 15:33:59,306:INFO: [TRAIN] Step: 1153 ; Loss: 21.720 ; Acc: 51.729
2018-09-19 15:33:59,392:INFO: [TRAIN] Step: 1154 ; Loss: 20.070 ; Acc: 51.746
2018-09-19 15:33:59,482:INFO: [TRAIN] Step: 1155 ; Loss: 19.896 ; Acc: 51.755
2018-09-19 15:33:59,568:INFO: [TRAIN] Step: 1156 ; Loss: 21.892 ; Acc: 51.761
2018-09-19 15:33:59,659:INFO: [TRAIN] Step: 1157 ; Loss: 23.083 ; Acc: 51.763
2018-09-19 15:33:59,741:INFO: [TRAIN] Step: 1158 ; Loss: 19.717 ; Acc: 51.772
2018-09-19 15:33:59,830:INFO: [TRAIN] Step: 1159 ; Loss: 21.682 ; Acc: 51.771
2018-09-19 15:33:59,914:INFO: [TRAIN] Step: 1160 ; Loss: 20.802 ; Acc: 51.769
2018-09-19 15:34:00,006:INFO: [TRAIN] Step: 1161 ; Loss: 19.659 ; Acc: 51.782
2018-09-19 15:34:00,090:INFO: [TRAIN] Step: 1162 ; Loss: 22.668 ; Acc: 51.784
2018-09-19 15:34:00,179:INFO: [TRAIN] Step: 1163 ; Loss: 21.380 ; Acc: 51.790
2018-09-19 15:34:00,264:INFO: [TRAIN] Step: 1164 ; Loss: 24.285 ; Acc: 51.792
2018-09-19 15:34:00,354:INFO: [TRAIN] Step: 1165 ; Loss: 22.035 ; Acc: 51.794
2018-09-19 15:34:00,437:INFO: [TRAIN] Step: 1166 ; Loss: 27.230 ; Acc: 51.789
2018-09-19 15:34:00,522:INFO: [TRAIN] Step: 1167 ; Loss: 22.923 ; Acc: 51.791
2018-09-19 15:34:00,606:INFO: [TRAIN] Step: 1168 ; Loss: 24.054 ; Acc: 51.782
2018-09-19 15:34:00,694:INFO: [TRAIN] Step: 1169 ; Loss: 25.282 ; Acc: 51.791
2018-09-19 15:34:00,773:INFO: [TRAIN] Step: 1170 ; Loss: 27.436 ; Acc: 51.768
2018-09-19 15:34:00,863:INFO: [TRAIN] Step: 1171 ; Loss: 23.499 ; Acc: 51.781
2018-09-19 15:34:00,944:INFO: [TRAIN] Step: 1172 ; Loss: 17.855 ; Acc: 51.797
2018-09-19 15:34:01,032:INFO: [TRAIN] Step: 1173 ; Loss: 15.631 ; Acc: 51.814
2018-09-19 15:34:01,112:INFO: [TRAIN] Step: 1174 ; Loss: 18.838 ; Acc: 51.823
2018-09-19 15:34:01,198:INFO: [TRAIN] Step: 1175 ; Loss: 19.268 ; Acc: 51.828
2018-09-19 15:34:01,282:INFO: [TRAIN] Step: 1176 ; Loss: 21.391 ; Acc: 51.837
2018-09-19 15:34:01,379:INFO: [TRAIN] Step: 1177 ; Loss: 24.974 ; Acc: 51.822
2018-09-19 15:34:01,463:INFO: [TRAIN] Step: 1178 ; Loss: 18.881 ; Acc: 51.838
2018-09-19 15:34:01,556:INFO: [TRAIN] Step: 1179 ; Loss: 21.218 ; Acc: 51.840
2018-09-19 15:34:01,639:INFO: [TRAIN] Step: 1180 ; Loss: 19.577 ; Acc: 51.845
2018-09-19 15:34:01,731:INFO: [TRAIN] Step: 1181 ; Loss: 22.170 ; Acc: 51.844
2018-09-19 15:34:01,813:INFO: [TRAIN] Step: 1182 ; Loss: 19.156 ; Acc: 51.846
2018-09-19 15:34:01,903:INFO: [TRAIN] Step: 1183 ; Loss: 21.648 ; Acc: 51.848
2018-09-19 15:34:01,983:INFO: [TRAIN] Step: 1184 ; Loss: 19.515 ; Acc: 51.857
2018-09-19 15:34:02,071:INFO: [TRAIN] Step: 1185 ; Loss: 20.872 ; Acc: 51.851
2018-09-19 15:34:02,157:INFO: [TRAIN] Step: 1186 ; Loss: 20.739 ; Acc: 51.857
2018-09-19 15:34:02,245:INFO: [TRAIN] Step: 1187 ; Loss: 18.227 ; Acc: 51.869
2018-09-19 15:34:02,336:INFO: [TRAIN] Step: 1188 ; Loss: 22.501 ; Acc: 51.868
2018-09-19 15:34:02,426:INFO: [TRAIN] Step: 1189 ; Loss: 21.884 ; Acc: 51.866
2018-09-19 15:34:08,154:INFO: [EVAL] Step: 1190 ; Loss: 0.215 ; Acc: 0.579
