2018-09-19 13:56:45,351:INFO: ### Model ###
LeNet5(
  (convnet): Sequential(
    (0): Conv2d(1, 6, kernel_size=(5, 5), stride=(1, 1))
    (1): ReLU()
    (2): MaxPool2d(kernel_size=(2, 2), stride=2, padding=0, dilation=1, ceil_mode=False)
    (3): Conv2d(6, 16, kernel_size=(5, 5), stride=(1, 1))
    (4): ReLU()
    (5): MaxPool2d(kernel_size=(2, 2), stride=2, padding=0, dilation=1, ceil_mode=False)
    (6): Conv2d(16, 120, kernel_size=(5, 5), stride=(1, 1))
    (7): ReLU()
    (8): Conv2d(120, 240, kernel_size=(5, 5), stride=(1, 1))
    (9): ReLU()
  )
  (fc): Sequential(
    (0): Linear(in_features=240, out_features=84, bias=True)
    (1): ReLU()
    (2): Linear(in_features=84, out_features=10, bias=True)
  )
)
2018-09-19 13:56:45,351:INFO: ### Optimizer ###
Adam (
Parameter Group 0
    amsgrad: False
    betas: (0.9, 0.999)
    eps: 1e-08
    lr: 5e-06
    weight_decay: 0
)
2018-09-19 13:56:45,352:INFO: ### HParams ###
n_epochs: 1 ; data: ferplus ; label: ferplus_votes ; batch_size: 24 ; lr: 5e-06 ; wd: 0 ; eval_steps: 1190
2018-09-19 13:56:45,556:INFO: [TRAIN] Step: 0 ; Loss: 40.071 ; Acc: 0.000
2018-09-19 13:56:45,633:INFO: [TRAIN] Step: 1 ; Loss: 34.580 ; Acc: 4.167
2018-09-19 13:56:45,713:INFO: [TRAIN] Step: 2 ; Loss: 37.173 ; Acc: 4.167
2018-09-19 13:56:45,796:INFO: [TRAIN] Step: 3 ; Loss: 37.644 ; Acc: 5.208
2018-09-19 13:56:45,871:INFO: [TRAIN] Step: 4 ; Loss: 41.110 ; Acc: 4.167
2018-09-19 13:56:45,953:INFO: [TRAIN] Step: 5 ; Loss: 37.371 ; Acc: 4.167
2018-09-19 13:56:46,026:INFO: [TRAIN] Step: 6 ; Loss: 40.340 ; Acc: 4.167
2018-09-19 13:56:46,113:INFO: [TRAIN] Step: 7 ; Loss: 39.345 ; Acc: 4.167
2018-09-19 13:56:46,188:INFO: [TRAIN] Step: 8 ; Loss: 43.782 ; Acc: 4.167
2018-09-19 13:56:46,268:INFO: [TRAIN] Step: 9 ; Loss: 41.943 ; Acc: 4.167
2018-09-19 13:56:46,342:INFO: [TRAIN] Step: 10 ; Loss: 42.072 ; Acc: 5.682
2018-09-19 13:56:46,426:INFO: [TRAIN] Step: 11 ; Loss: 38.409 ; Acc: 5.556
2018-09-19 13:56:46,501:INFO: [TRAIN] Step: 12 ; Loss: 42.995 ; Acc: 6.090
2018-09-19 13:56:46,580:INFO: [TRAIN] Step: 13 ; Loss: 37.888 ; Acc: 5.952
2018-09-19 13:56:46,658:INFO: [TRAIN] Step: 14 ; Loss: 40.850 ; Acc: 5.556
2018-09-19 13:56:46,739:INFO: [TRAIN] Step: 15 ; Loss: 37.211 ; Acc: 5.990
2018-09-19 13:56:46,816:INFO: [TRAIN] Step: 16 ; Loss: 37.332 ; Acc: 6.373
2018-09-19 13:56:46,895:INFO: [TRAIN] Step: 17 ; Loss: 42.881 ; Acc: 6.250
2018-09-19 13:56:46,972:INFO: [TRAIN] Step: 18 ; Loss: 39.032 ; Acc: 6.579
2018-09-19 13:56:47,055:INFO: [TRAIN] Step: 19 ; Loss: 37.300 ; Acc: 6.667
2018-09-19 13:56:47,131:INFO: [TRAIN] Step: 20 ; Loss: 39.157 ; Acc: 6.746
2018-09-19 13:56:47,212:INFO: [TRAIN] Step: 21 ; Loss: 40.571 ; Acc: 6.629
2018-09-19 13:56:47,284:INFO: [TRAIN] Step: 22 ; Loss: 38.953 ; Acc: 7.065
2018-09-19 13:56:47,365:INFO: [TRAIN] Step: 23 ; Loss: 41.225 ; Acc: 7.292
2018-09-19 13:56:47,438:INFO: [TRAIN] Step: 24 ; Loss: 37.466 ; Acc: 7.167
2018-09-19 13:56:47,518:INFO: [TRAIN] Step: 25 ; Loss: 38.155 ; Acc: 7.532
2018-09-19 13:56:47,594:INFO: [TRAIN] Step: 26 ; Loss: 41.522 ; Acc: 7.562
2018-09-19 13:56:47,687:INFO: [TRAIN] Step: 27 ; Loss: 42.252 ; Acc: 7.738
2018-09-19 13:56:47,762:INFO: [TRAIN] Step: 28 ; Loss: 39.825 ; Acc: 8.477
2018-09-19 13:56:47,843:INFO: [TRAIN] Step: 29 ; Loss: 39.628 ; Acc: 8.889
2018-09-19 13:56:47,918:INFO: [TRAIN] Step: 30 ; Loss: 35.997 ; Acc: 9.274
2018-09-19 13:56:47,999:INFO: [TRAIN] Step: 31 ; Loss: 38.662 ; Acc: 9.245
2018-09-19 13:56:48,075:INFO: [TRAIN] Step: 32 ; Loss: 37.732 ; Acc: 9.343
2018-09-19 13:56:48,153:INFO: [TRAIN] Step: 33 ; Loss: 36.217 ; Acc: 9.436
2018-09-19 13:56:48,228:INFO: [TRAIN] Step: 34 ; Loss: 43.541 ; Acc: 9.405
2018-09-19 13:56:48,309:INFO: [TRAIN] Step: 35 ; Loss: 41.326 ; Acc: 9.606
2018-09-19 13:56:48,383:INFO: [TRAIN] Step: 36 ; Loss: 38.976 ; Acc: 9.685
2018-09-19 13:56:48,465:INFO: [TRAIN] Step: 37 ; Loss: 35.411 ; Acc: 10.197
2018-09-19 13:56:48,539:INFO: [TRAIN] Step: 38 ; Loss: 42.326 ; Acc: 10.363
2018-09-19 13:56:48,623:INFO: [TRAIN] Step: 39 ; Loss: 36.485 ; Acc: 10.521
2018-09-19 13:56:48,696:INFO: [TRAIN] Step: 40 ; Loss: 43.212 ; Acc: 10.671
2018-09-19 13:56:48,777:INFO: [TRAIN] Step: 41 ; Loss: 36.858 ; Acc: 11.012
2018-09-19 13:56:48,873:INFO: [TRAIN] Step: 42 ; Loss: 39.561 ; Acc: 11.337
2018-09-19 13:56:48,955:INFO: [TRAIN] Step: 43 ; Loss: 39.046 ; Acc: 11.837
2018-09-19 13:56:49,030:INFO: [TRAIN] Step: 44 ; Loss: 35.787 ; Acc: 12.407
2018-09-19 13:56:49,116:INFO: [TRAIN] Step: 45 ; Loss: 35.772 ; Acc: 12.591
2018-09-19 13:56:49,190:INFO: [TRAIN] Step: 46 ; Loss: 39.325 ; Acc: 12.943
2018-09-19 13:56:49,272:INFO: [TRAIN] Step: 47 ; Loss: 38.320 ; Acc: 12.934
2018-09-19 13:56:49,345:INFO: [TRAIN] Step: 48 ; Loss: 38.816 ; Acc: 13.095
2018-09-19 13:56:49,422:INFO: [TRAIN] Step: 49 ; Loss: 40.662 ; Acc: 13.250
2018-09-19 13:56:49,499:INFO: [TRAIN] Step: 50 ; Loss: 39.860 ; Acc: 13.562
2018-09-19 13:56:49,578:INFO: [TRAIN] Step: 51 ; Loss: 38.735 ; Acc: 13.862
2018-09-19 13:56:49,656:INFO: [TRAIN] Step: 52 ; Loss: 41.137 ; Acc: 13.994
2018-09-19 13:56:49,737:INFO: [TRAIN] Step: 53 ; Loss: 39.139 ; Acc: 14.429
2018-09-19 13:56:49,811:INFO: [TRAIN] Step: 54 ; Loss: 36.914 ; Acc: 15.227
2018-09-19 13:56:49,890:INFO: [TRAIN] Step: 55 ; Loss: 41.003 ; Acc: 15.253
2018-09-19 13:56:49,963:INFO: [TRAIN] Step: 56 ; Loss: 40.146 ; Acc: 15.424
2018-09-19 13:56:50,043:INFO: [TRAIN] Step: 57 ; Loss: 37.627 ; Acc: 15.948
2018-09-19 13:56:50,119:INFO: [TRAIN] Step: 58 ; Loss: 43.204 ; Acc: 15.890
2018-09-19 13:56:50,199:INFO: [TRAIN] Step: 59 ; Loss: 37.451 ; Acc: 16.250
2018-09-19 13:56:50,273:INFO: [TRAIN] Step: 60 ; Loss: 39.326 ; Acc: 16.530
2018-09-19 13:56:50,354:INFO: [TRAIN] Step: 61 ; Loss: 38.396 ; Acc: 17.070
2018-09-19 13:56:50,426:INFO: [TRAIN] Step: 62 ; Loss: 39.178 ; Acc: 17.328
2018-09-19 13:56:50,505:INFO: [TRAIN] Step: 63 ; Loss: 40.241 ; Acc: 17.578
2018-09-19 13:56:50,579:INFO: [TRAIN] Step: 64 ; Loss: 38.813 ; Acc: 17.821
2018-09-19 13:56:50,660:INFO: [TRAIN] Step: 65 ; Loss: 40.626 ; Acc: 18.182
2018-09-19 13:56:50,736:INFO: [TRAIN] Step: 66 ; Loss: 38.517 ; Acc: 18.346
2018-09-19 13:56:50,817:INFO: [TRAIN] Step: 67 ; Loss: 39.808 ; Acc: 18.811
2018-09-19 13:56:50,894:INFO: [TRAIN] Step: 68 ; Loss: 43.270 ; Acc: 19.143
2018-09-19 13:56:50,974:INFO: [TRAIN] Step: 69 ; Loss: 39.933 ; Acc: 19.405
2018-09-19 13:56:51,046:INFO: [TRAIN] Step: 70 ; Loss: 39.680 ; Acc: 19.542
2018-09-19 13:56:51,126:INFO: [TRAIN] Step: 71 ; Loss: 39.979 ; Acc: 19.676
2018-09-19 13:56:51,197:INFO: [TRAIN] Step: 72 ; Loss: 37.882 ; Acc: 19.920
2018-09-19 13:56:51,277:INFO: [TRAIN] Step: 73 ; Loss: 39.985 ; Acc: 20.158
2018-09-19 13:56:51,350:INFO: [TRAIN] Step: 74 ; Loss: 38.057 ; Acc: 20.389
2018-09-19 13:56:51,431:INFO: [TRAIN] Step: 75 ; Loss: 39.135 ; Acc: 20.504
2018-09-19 13:56:51,504:INFO: [TRAIN] Step: 76 ; Loss: 40.636 ; Acc: 20.563
2018-09-19 13:56:51,584:INFO: [TRAIN] Step: 77 ; Loss: 32.253 ; Acc: 20.726
2018-09-19 13:56:51,659:INFO: [TRAIN] Step: 78 ; Loss: 40.336 ; Acc: 20.886
2018-09-19 13:56:51,739:INFO: [TRAIN] Step: 79 ; Loss: 38.638 ; Acc: 21.094
2018-09-19 13:56:51,814:INFO: [TRAIN] Step: 80 ; Loss: 39.577 ; Acc: 21.245
2018-09-19 13:56:51,893:INFO: [TRAIN] Step: 81 ; Loss: 39.378 ; Acc: 21.494
2018-09-19 13:56:51,967:INFO: [TRAIN] Step: 82 ; Loss: 41.088 ; Acc: 21.586
2018-09-19 13:56:52,046:INFO: [TRAIN] Step: 83 ; Loss: 38.188 ; Acc: 21.776
2018-09-19 13:56:52,143:INFO: [TRAIN] Step: 84 ; Loss: 36.909 ; Acc: 22.108
2018-09-19 13:56:52,224:INFO: [TRAIN] Step: 85 ; Loss: 39.535 ; Acc: 22.238
2018-09-19 13:56:52,302:INFO: [TRAIN] Step: 86 ; Loss: 38.710 ; Acc: 22.318
2018-09-19 13:56:52,382:INFO: [TRAIN] Step: 87 ; Loss: 37.844 ; Acc: 22.443
2018-09-19 13:56:52,464:INFO: [TRAIN] Step: 88 ; Loss: 40.254 ; Acc: 22.566
2018-09-19 13:56:52,546:INFO: [TRAIN] Step: 89 ; Loss: 38.575 ; Acc: 22.824
2018-09-19 13:56:52,620:INFO: [TRAIN] Step: 90 ; Loss: 40.735 ; Acc: 22.985
2018-09-19 13:56:52,700:INFO: [TRAIN] Step: 91 ; Loss: 39.606 ; Acc: 23.188
2018-09-19 13:56:52,772:INFO: [TRAIN] Step: 92 ; Loss: 41.616 ; Acc: 23.297
2018-09-19 13:56:52,852:INFO: [TRAIN] Step: 93 ; Loss: 41.400 ; Acc: 23.404
2018-09-19 13:56:52,924:INFO: [TRAIN] Step: 94 ; Loss: 34.717 ; Acc: 23.553
2018-09-19 13:56:53,005:INFO: [TRAIN] Step: 95 ; Loss: 37.973 ; Acc: 23.568
2018-09-19 13:56:53,077:INFO: [TRAIN] Step: 96 ; Loss: 37.524 ; Acc: 23.668
2018-09-19 13:56:53,156:INFO: [TRAIN] Step: 97 ; Loss: 37.853 ; Acc: 23.895
2018-09-19 13:56:53,232:INFO: [TRAIN] Step: 98 ; Loss: 41.298 ; Acc: 24.116
2018-09-19 13:56:53,314:INFO: [TRAIN] Step: 99 ; Loss: 38.057 ; Acc: 24.125
2018-09-19 13:56:53,386:INFO: [TRAIN] Step: 100 ; Loss: 34.791 ; Acc: 24.216
2018-09-19 13:56:53,464:INFO: [TRAIN] Step: 101 ; Loss: 43.140 ; Acc: 24.224
2018-09-19 13:56:53,537:INFO: [TRAIN] Step: 102 ; Loss: 44.101 ; Acc: 24.231
2018-09-19 13:56:53,617:INFO: [TRAIN] Step: 103 ; Loss: 37.644 ; Acc: 24.279
2018-09-19 13:56:53,692:INFO: [TRAIN] Step: 104 ; Loss: 38.913 ; Acc: 24.444
2018-09-19 13:56:53,773:INFO: [TRAIN] Step: 105 ; Loss: 36.162 ; Acc: 24.607
2018-09-19 13:56:53,846:INFO: [TRAIN] Step: 106 ; Loss: 39.072 ; Acc: 24.455
2018-09-19 13:56:53,927:INFO: [TRAIN] Step: 107 ; Loss: 41.704 ; Acc: 24.576
2018-09-19 13:56:54,000:INFO: [TRAIN] Step: 108 ; Loss: 35.241 ; Acc: 24.656
2018-09-19 13:56:54,079:INFO: [TRAIN] Step: 109 ; Loss: 38.831 ; Acc: 24.735
2018-09-19 13:56:54,153:INFO: [TRAIN] Step: 110 ; Loss: 38.169 ; Acc: 24.812
2018-09-19 13:56:54,237:INFO: [TRAIN] Step: 111 ; Loss: 36.816 ; Acc: 24.888
2018-09-19 13:56:54,311:INFO: [TRAIN] Step: 112 ; Loss: 40.886 ; Acc: 25.000
2018-09-19 13:56:54,393:INFO: [TRAIN] Step: 113 ; Loss: 36.276 ; Acc: 25.183
2018-09-19 13:56:54,471:INFO: [TRAIN] Step: 114 ; Loss: 39.051 ; Acc: 25.217
2018-09-19 13:56:54,552:INFO: [TRAIN] Step: 115 ; Loss: 36.475 ; Acc: 25.216
2018-09-19 13:56:54,626:INFO: [TRAIN] Step: 116 ; Loss: 36.522 ; Acc: 25.321
2018-09-19 13:56:54,706:INFO: [TRAIN] Step: 117 ; Loss: 38.585 ; Acc: 25.459
2018-09-19 13:56:54,781:INFO: [TRAIN] Step: 118 ; Loss: 38.460 ; Acc: 25.630
2018-09-19 13:56:54,859:INFO: [TRAIN] Step: 119 ; Loss: 39.486 ; Acc: 25.729
2018-09-19 13:56:54,932:INFO: [TRAIN] Step: 120 ; Loss: 39.362 ; Acc: 25.895
2018-09-19 13:56:55,014:INFO: [TRAIN] Step: 121 ; Loss: 38.564 ; Acc: 25.956
2018-09-19 13:56:55,087:INFO: [TRAIN] Step: 122 ; Loss: 43.341 ; Acc: 26.084
2018-09-19 13:56:55,167:INFO: [TRAIN] Step: 123 ; Loss: 40.571 ; Acc: 26.243
2018-09-19 13:56:55,241:INFO: [TRAIN] Step: 124 ; Loss: 35.978 ; Acc: 26.233
2018-09-19 13:56:55,322:INFO: [TRAIN] Step: 125 ; Loss: 37.728 ; Acc: 26.323
2018-09-19 13:56:55,397:INFO: [TRAIN] Step: 126 ; Loss: 37.140 ; Acc: 26.444
2018-09-19 13:56:55,477:INFO: [TRAIN] Step: 127 ; Loss: 40.099 ; Acc: 26.562
2018-09-19 13:56:55,557:INFO: [TRAIN] Step: 128 ; Loss: 34.261 ; Acc: 26.647
2018-09-19 13:56:55,642:INFO: [TRAIN] Step: 129 ; Loss: 38.674 ; Acc: 26.859
2018-09-19 13:56:55,717:INFO: [TRAIN] Step: 130 ; Loss: 39.693 ; Acc: 26.972
2018-09-19 13:56:55,798:INFO: [TRAIN] Step: 131 ; Loss: 36.034 ; Acc: 27.020
2018-09-19 13:56:55,874:INFO: [TRAIN] Step: 132 ; Loss: 40.426 ; Acc: 27.162
2018-09-19 13:56:55,955:INFO: [TRAIN] Step: 133 ; Loss: 39.065 ; Acc: 27.114
2018-09-19 13:56:56,028:INFO: [TRAIN] Step: 134 ; Loss: 38.235 ; Acc: 27.284
2018-09-19 13:56:56,107:INFO: [TRAIN] Step: 135 ; Loss: 37.626 ; Acc: 27.359
2018-09-19 13:56:56,180:INFO: [TRAIN] Step: 136 ; Loss: 36.086 ; Acc: 27.372
2018-09-19 13:56:56,260:INFO: [TRAIN] Step: 137 ; Loss: 43.499 ; Acc: 27.446
2018-09-19 13:56:56,335:INFO: [TRAIN] Step: 138 ; Loss: 37.227 ; Acc: 27.428
2018-09-19 13:56:56,414:INFO: [TRAIN] Step: 139 ; Loss: 41.173 ; Acc: 27.440
2018-09-19 13:56:56,494:INFO: [TRAIN] Step: 140 ; Loss: 37.086 ; Acc: 27.512
2018-09-19 13:56:56,578:INFO: [TRAIN] Step: 141 ; Loss: 37.241 ; Acc: 27.553
2018-09-19 13:56:56,655:INFO: [TRAIN] Step: 142 ; Loss: 37.765 ; Acc: 27.564
2018-09-19 13:56:56,734:INFO: [TRAIN] Step: 143 ; Loss: 34.581 ; Acc: 27.546
2018-09-19 13:56:56,806:INFO: [TRAIN] Step: 144 ; Loss: 39.279 ; Acc: 27.672
2018-09-19 13:56:56,890:INFO: [TRAIN] Step: 145 ; Loss: 35.945 ; Acc: 27.626
2018-09-19 13:56:56,963:INFO: [TRAIN] Step: 146 ; Loss: 38.258 ; Acc: 27.749
2018-09-19 13:56:57,044:INFO: [TRAIN] Step: 147 ; Loss: 41.740 ; Acc: 27.703
2018-09-19 13:56:57,117:INFO: [TRAIN] Step: 148 ; Loss: 38.577 ; Acc: 27.796
2018-09-19 13:56:57,198:INFO: [TRAIN] Step: 149 ; Loss: 37.870 ; Acc: 27.750
2018-09-19 13:56:57,270:INFO: [TRAIN] Step: 150 ; Loss: 39.474 ; Acc: 27.677
2018-09-19 13:56:57,350:INFO: [TRAIN] Step: 151 ; Loss: 37.880 ; Acc: 27.632
2018-09-19 13:56:57,424:INFO: [TRAIN] Step: 152 ; Loss: 38.891 ; Acc: 27.614
2018-09-19 13:56:57,504:INFO: [TRAIN] Step: 153 ; Loss: 37.322 ; Acc: 27.733
2018-09-19 13:56:57,578:INFO: [TRAIN] Step: 154 ; Loss: 38.844 ; Acc: 27.742
2018-09-19 13:56:57,659:INFO: [TRAIN] Step: 155 ; Loss: 39.471 ; Acc: 27.885
2018-09-19 13:56:57,732:INFO: [TRAIN] Step: 156 ; Loss: 33.200 ; Acc: 27.972
2018-09-19 13:56:57,811:INFO: [TRAIN] Step: 157 ; Loss: 34.531 ; Acc: 28.006
2018-09-19 13:56:57,885:INFO: [TRAIN] Step: 158 ; Loss: 38.457 ; Acc: 28.014
2018-09-19 13:56:57,965:INFO: [TRAIN] Step: 159 ; Loss: 40.068 ; Acc: 28.021
2018-09-19 13:56:58,039:INFO: [TRAIN] Step: 160 ; Loss: 37.392 ; Acc: 28.183
2018-09-19 13:56:58,119:INFO: [TRAIN] Step: 161 ; Loss: 38.419 ; Acc: 28.164
2018-09-19 13:56:58,193:INFO: [TRAIN] Step: 162 ; Loss: 35.811 ; Acc: 28.221
2018-09-19 13:56:58,277:INFO: [TRAIN] Step: 163 ; Loss: 37.116 ; Acc: 28.328
2018-09-19 13:56:58,352:INFO: [TRAIN] Step: 164 ; Loss: 39.273 ; Acc: 28.535
2018-09-19 13:56:58,436:INFO: [TRAIN] Step: 165 ; Loss: 34.324 ; Acc: 28.614
2018-09-19 13:56:58,516:INFO: [TRAIN] Step: 166 ; Loss: 40.249 ; Acc: 28.643
2018-09-19 13:56:58,604:INFO: [TRAIN] Step: 167 ; Loss: 37.986 ; Acc: 28.695
2018-09-19 13:56:58,682:INFO: [TRAIN] Step: 168 ; Loss: 37.364 ; Acc: 28.723
2018-09-19 13:56:58,767:INFO: [TRAIN] Step: 169 ; Loss: 33.198 ; Acc: 28.824
2018-09-19 13:56:58,842:INFO: [TRAIN] Step: 170 ; Loss: 36.854 ; Acc: 28.899
2018-09-19 13:56:58,927:INFO: [TRAIN] Step: 171 ; Loss: 36.394 ; Acc: 28.949
2018-09-19 13:56:59,002:INFO: [TRAIN] Step: 172 ; Loss: 36.791 ; Acc: 29.046
2018-09-19 13:56:59,081:INFO: [TRAIN] Step: 173 ; Loss: 37.334 ; Acc: 29.215
2018-09-19 13:56:59,158:INFO: [TRAIN] Step: 174 ; Loss: 39.455 ; Acc: 29.190
2018-09-19 13:56:59,238:INFO: [TRAIN] Step: 175 ; Loss: 37.005 ; Acc: 29.190
2018-09-19 13:56:59,313:INFO: [TRAIN] Step: 176 ; Loss: 37.462 ; Acc: 29.261
2018-09-19 13:56:59,395:INFO: [TRAIN] Step: 177 ; Loss: 41.208 ; Acc: 29.237
2018-09-19 13:56:59,468:INFO: [TRAIN] Step: 178 ; Loss: 36.479 ; Acc: 29.167
2018-09-19 13:56:59,553:INFO: [TRAIN] Step: 179 ; Loss: 33.568 ; Acc: 29.306
2018-09-19 13:56:59,626:INFO: [TRAIN] Step: 180 ; Loss: 37.634 ; Acc: 29.374
2018-09-19 13:56:59,716:INFO: [TRAIN] Step: 181 ; Loss: 36.162 ; Acc: 29.373
2018-09-19 13:56:59,792:INFO: [TRAIN] Step: 182 ; Loss: 36.786 ; Acc: 29.554
2018-09-19 13:56:59,875:INFO: [TRAIN] Step: 183 ; Loss: 36.599 ; Acc: 29.574
2018-09-19 13:56:59,951:INFO: [TRAIN] Step: 184 ; Loss: 39.533 ; Acc: 29.662
2018-09-19 13:57:00,034:INFO: [TRAIN] Step: 185 ; Loss: 35.084 ; Acc: 29.659
2018-09-19 13:57:00,107:INFO: [TRAIN] Step: 186 ; Loss: 36.231 ; Acc: 29.724
2018-09-19 13:57:00,190:INFO: [TRAIN] Step: 187 ; Loss: 37.861 ; Acc: 29.699
2018-09-19 13:57:00,266:INFO: [TRAIN] Step: 188 ; Loss: 35.151 ; Acc: 29.784
2018-09-19 13:57:00,347:INFO: [TRAIN] Step: 189 ; Loss: 39.620 ; Acc: 29.825
2018-09-19 13:57:00,418:INFO: [TRAIN] Step: 190 ; Loss: 35.127 ; Acc: 29.821
2018-09-19 13:57:00,499:INFO: [TRAIN] Step: 191 ; Loss: 36.556 ; Acc: 29.861
2018-09-19 13:57:00,573:INFO: [TRAIN] Step: 192 ; Loss: 35.330 ; Acc: 29.814
2018-09-19 13:57:00,653:INFO: [TRAIN] Step: 193 ; Loss: 37.671 ; Acc: 29.897
2018-09-19 13:57:00,729:INFO: [TRAIN] Step: 194 ; Loss: 36.291 ; Acc: 29.850
2018-09-19 13:57:00,811:INFO: [TRAIN] Step: 195 ; Loss: 38.367 ; Acc: 29.889
2018-09-19 13:57:00,890:INFO: [TRAIN] Step: 196 ; Loss: 36.403 ; Acc: 29.992
2018-09-19 13:57:00,976:INFO: [TRAIN] Step: 197 ; Loss: 31.650 ; Acc: 30.051
2018-09-19 13:57:01,050:INFO: [TRAIN] Step: 198 ; Loss: 34.572 ; Acc: 30.067
2018-09-19 13:57:01,130:INFO: [TRAIN] Step: 199 ; Loss: 34.819 ; Acc: 30.104
2018-09-19 13:57:01,203:INFO: [TRAIN] Step: 200 ; Loss: 34.638 ; Acc: 30.120
2018-09-19 13:57:01,284:INFO: [TRAIN] Step: 201 ; Loss: 35.841 ; Acc: 30.136
2018-09-19 13:57:01,357:INFO: [TRAIN] Step: 202 ; Loss: 30.702 ; Acc: 30.172
2018-09-19 13:57:01,437:INFO: [TRAIN] Step: 203 ; Loss: 36.545 ; Acc: 30.188
2018-09-19 13:57:01,510:INFO: [TRAIN] Step: 204 ; Loss: 34.625 ; Acc: 30.163
2018-09-19 13:57:01,589:INFO: [TRAIN] Step: 205 ; Loss: 33.991 ; Acc: 30.178
2018-09-19 13:57:01,663:INFO: [TRAIN] Step: 206 ; Loss: 37.914 ; Acc: 30.193
2018-09-19 13:57:01,741:INFO: [TRAIN] Step: 207 ; Loss: 34.762 ; Acc: 30.228
2018-09-19 13:57:01,814:INFO: [TRAIN] Step: 208 ; Loss: 36.353 ; Acc: 30.203
2018-09-19 13:57:01,894:INFO: [TRAIN] Step: 209 ; Loss: 31.240 ; Acc: 30.278
2018-09-19 13:57:01,968:INFO: [TRAIN] Step: 210 ; Loss: 37.415 ; Acc: 30.371
2018-09-19 13:57:02,048:INFO: [TRAIN] Step: 211 ; Loss: 34.548 ; Acc: 30.346
2018-09-19 13:57:02,125:INFO: [TRAIN] Step: 212 ; Loss: 31.561 ; Acc: 30.438
2018-09-19 13:57:02,204:INFO: [TRAIN] Step: 213 ; Loss: 36.094 ; Acc: 30.413
2018-09-19 13:57:02,276:INFO: [TRAIN] Step: 214 ; Loss: 30.141 ; Acc: 30.446
2018-09-19 13:57:02,354:INFO: [TRAIN] Step: 215 ; Loss: 38.306 ; Acc: 30.459
2018-09-19 13:57:02,431:INFO: [TRAIN] Step: 216 ; Loss: 35.545 ; Acc: 30.492
2018-09-19 13:57:02,513:INFO: [TRAIN] Step: 217 ; Loss: 36.040 ; Acc: 30.485
2018-09-19 13:57:02,584:INFO: [TRAIN] Step: 218 ; Loss: 34.222 ; Acc: 30.518
2018-09-19 13:57:02,666:INFO: [TRAIN] Step: 219 ; Loss: 34.363 ; Acc: 30.549
2018-09-19 13:57:02,749:INFO: [TRAIN] Step: 220 ; Loss: 33.689 ; Acc: 30.581
2018-09-19 13:57:02,828:INFO: [TRAIN] Step: 221 ; Loss: 36.917 ; Acc: 30.537
2018-09-19 13:57:02,901:INFO: [TRAIN] Step: 222 ; Loss: 36.775 ; Acc: 30.587
2018-09-19 13:57:02,986:INFO: [TRAIN] Step: 223 ; Loss: 36.250 ; Acc: 30.543
2018-09-19 13:57:03,061:INFO: [TRAIN] Step: 224 ; Loss: 37.679 ; Acc: 30.500
2018-09-19 13:57:03,141:INFO: [TRAIN] Step: 225 ; Loss: 34.194 ; Acc: 30.586
2018-09-19 13:57:03,215:INFO: [TRAIN] Step: 226 ; Loss: 36.738 ; Acc: 30.598
2018-09-19 13:57:03,294:INFO: [TRAIN] Step: 227 ; Loss: 38.130 ; Acc: 30.556
2018-09-19 13:57:03,368:INFO: [TRAIN] Step: 228 ; Loss: 35.566 ; Acc: 30.586
2018-09-19 13:57:03,448:INFO: [TRAIN] Step: 229 ; Loss: 34.001 ; Acc: 30.688
2018-09-19 13:57:03,523:INFO: [TRAIN] Step: 230 ; Loss: 34.790 ; Acc: 30.682
2018-09-19 13:57:03,604:INFO: [TRAIN] Step: 231 ; Loss: 34.729 ; Acc: 30.711
2018-09-19 13:57:03,677:INFO: [TRAIN] Step: 232 ; Loss: 36.083 ; Acc: 30.687
2018-09-19 13:57:03,762:INFO: [TRAIN] Step: 233 ; Loss: 35.113 ; Acc: 30.716
2018-09-19 13:57:03,837:INFO: [TRAIN] Step: 234 ; Loss: 34.135 ; Acc: 30.727
2018-09-19 13:57:03,917:INFO: [TRAIN] Step: 235 ; Loss: 34.696 ; Acc: 30.791
2018-09-19 13:57:03,989:INFO: [TRAIN] Step: 236 ; Loss: 35.805 ; Acc: 30.802
2018-09-19 13:57:04,069:INFO: [TRAIN] Step: 237 ; Loss: 37.040 ; Acc: 30.812
2018-09-19 13:57:04,144:INFO: [TRAIN] Step: 238 ; Loss: 38.089 ; Acc: 30.771
2018-09-19 13:57:04,226:INFO: [TRAIN] Step: 239 ; Loss: 35.032 ; Acc: 30.851
2018-09-19 13:57:04,299:INFO: [TRAIN] Step: 240 ; Loss: 34.144 ; Acc: 30.878
2018-09-19 13:57:04,379:INFO: [TRAIN] Step: 241 ; Loss: 33.377 ; Acc: 30.957
2018-09-19 13:57:04,453:INFO: [TRAIN] Step: 242 ; Loss: 36.832 ; Acc: 30.933
2018-09-19 13:57:04,533:INFO: [TRAIN] Step: 243 ; Loss: 34.950 ; Acc: 30.908
2018-09-19 13:57:04,607:INFO: [TRAIN] Step: 244 ; Loss: 36.673 ; Acc: 30.867
2018-09-19 13:57:04,687:INFO: [TRAIN] Step: 245 ; Loss: 32.749 ; Acc: 30.928
2018-09-19 13:57:04,762:INFO: [TRAIN] Step: 246 ; Loss: 34.983 ; Acc: 31.039
2018-09-19 13:57:04,841:INFO: [TRAIN] Step: 247 ; Loss: 35.747 ; Acc: 31.048
2018-09-19 13:57:04,913:INFO: [TRAIN] Step: 248 ; Loss: 35.110 ; Acc: 31.024
2018-09-19 13:57:04,994:INFO: [TRAIN] Step: 249 ; Loss: 33.436 ; Acc: 31.017
2018-09-19 13:57:05,068:INFO: [TRAIN] Step: 250 ; Loss: 33.219 ; Acc: 31.042
2018-09-19 13:57:05,145:INFO: [TRAIN] Step: 251 ; Loss: 32.314 ; Acc: 31.118
2018-09-19 13:57:05,222:INFO: [TRAIN] Step: 252 ; Loss: 33.508 ; Acc: 31.159
2018-09-19 13:57:05,302:INFO: [TRAIN] Step: 253 ; Loss: 31.912 ; Acc: 31.217
2018-09-19 13:57:05,374:INFO: [TRAIN] Step: 254 ; Loss: 33.509 ; Acc: 31.242
2018-09-19 13:57:05,455:INFO: [TRAIN] Step: 255 ; Loss: 35.341 ; Acc: 31.201
2018-09-19 13:57:05,528:INFO: [TRAIN] Step: 256 ; Loss: 32.814 ; Acc: 31.209
2018-09-19 13:57:05,608:INFO: [TRAIN] Step: 257 ; Loss: 31.875 ; Acc: 31.218
2018-09-19 13:57:05,683:INFO: [TRAIN] Step: 258 ; Loss: 34.911 ; Acc: 31.242
2018-09-19 13:57:05,763:INFO: [TRAIN] Step: 259 ; Loss: 31.939 ; Acc: 31.218
2018-09-19 13:57:05,837:INFO: [TRAIN] Step: 260 ; Loss: 31.934 ; Acc: 31.306
2018-09-19 13:57:05,922:INFO: [TRAIN] Step: 261 ; Loss: 34.254 ; Acc: 31.314
2018-09-19 13:57:05,997:INFO: [TRAIN] Step: 262 ; Loss: 30.941 ; Acc: 31.305
2018-09-19 13:57:06,076:INFO: [TRAIN] Step: 263 ; Loss: 32.335 ; Acc: 31.313
2018-09-19 13:57:06,148:INFO: [TRAIN] Step: 264 ; Loss: 36.603 ; Acc: 31.352
2018-09-19 13:57:06,228:INFO: [TRAIN] Step: 265 ; Loss: 32.088 ; Acc: 31.407
2018-09-19 13:57:06,302:INFO: [TRAIN] Step: 266 ; Loss: 28.796 ; Acc: 31.429
2018-09-19 13:57:06,382:INFO: [TRAIN] Step: 267 ; Loss: 32.391 ; Acc: 31.468
2018-09-19 13:57:06,459:INFO: [TRAIN] Step: 268 ; Loss: 33.677 ; Acc: 31.475
2018-09-19 13:57:06,539:INFO: [TRAIN] Step: 269 ; Loss: 28.516 ; Acc: 31.497
2018-09-19 13:57:06,614:INFO: [TRAIN] Step: 270 ; Loss: 33.891 ; Acc: 31.534
2018-09-19 13:57:06,693:INFO: [TRAIN] Step: 271 ; Loss: 35.491 ; Acc: 31.510
2018-09-19 13:57:06,765:INFO: [TRAIN] Step: 272 ; Loss: 32.491 ; Acc: 31.532
2018-09-19 13:57:06,845:INFO: [TRAIN] Step: 273 ; Loss: 33.650 ; Acc: 31.554
2018-09-19 13:57:06,918:INFO: [TRAIN] Step: 274 ; Loss: 36.049 ; Acc: 31.591
2018-09-19 13:57:06,998:INFO: [TRAIN] Step: 275 ; Loss: 32.695 ; Acc: 31.582
2018-09-19 13:57:07,069:INFO: [TRAIN] Step: 276 ; Loss: 32.369 ; Acc: 31.619
2018-09-19 13:57:07,153:INFO: [TRAIN] Step: 277 ; Loss: 29.553 ; Acc: 31.685
2018-09-19 13:57:07,231:INFO: [TRAIN] Step: 278 ; Loss: 32.616 ; Acc: 31.750
2018-09-19 13:57:07,310:INFO: [TRAIN] Step: 279 ; Loss: 33.266 ; Acc: 31.726
2018-09-19 13:57:07,383:INFO: [TRAIN] Step: 280 ; Loss: 35.637 ; Acc: 31.658
2018-09-19 13:57:07,462:INFO: [TRAIN] Step: 281 ; Loss: 32.305 ; Acc: 31.605
2018-09-19 13:57:07,538:INFO: [TRAIN] Step: 282 ; Loss: 30.354 ; Acc: 31.655
2018-09-19 13:57:07,618:INFO: [TRAIN] Step: 283 ; Loss: 31.031 ; Acc: 31.719
2018-09-19 13:57:07,692:INFO: [TRAIN] Step: 284 ; Loss: 30.838 ; Acc: 31.725
2018-09-19 13:57:07,775:INFO: [TRAIN] Step: 285 ; Loss: 31.527 ; Acc: 31.774
2018-09-19 13:57:07,850:INFO: [TRAIN] Step: 286 ; Loss: 29.606 ; Acc: 31.809
2018-09-19 13:57:07,930:INFO: [TRAIN] Step: 287 ; Loss: 33.793 ; Acc: 31.800
2018-09-19 13:57:08,002:INFO: [TRAIN] Step: 288 ; Loss: 33.514 ; Acc: 31.791
2018-09-19 13:57:08,083:INFO: [TRAIN] Step: 289 ; Loss: 33.622 ; Acc: 31.767
2018-09-19 13:57:08,157:INFO: [TRAIN] Step: 290 ; Loss: 31.463 ; Acc: 31.830
2018-09-19 13:57:08,237:INFO: [TRAIN] Step: 291 ; Loss: 32.309 ; Acc: 31.864
2018-09-19 13:57:08,311:INFO: [TRAIN] Step: 292 ; Loss: 34.340 ; Acc: 31.854
2018-09-19 13:57:08,390:INFO: [TRAIN] Step: 293 ; Loss: 28.897 ; Acc: 31.916
2018-09-19 13:57:08,462:INFO: [TRAIN] Step: 294 ; Loss: 29.290 ; Acc: 31.949
2018-09-19 13:57:08,542:INFO: [TRAIN] Step: 295 ; Loss: 32.414 ; Acc: 31.926
2018-09-19 13:57:08,616:INFO: [TRAIN] Step: 296 ; Loss: 33.791 ; Acc: 31.888
2018-09-19 13:57:08,697:INFO: [TRAIN] Step: 297 ; Loss: 33.230 ; Acc: 31.865
2018-09-19 13:57:08,777:INFO: [TRAIN] Step: 298 ; Loss: 29.674 ; Acc: 31.968
2018-09-19 13:57:08,856:INFO: [TRAIN] Step: 299 ; Loss: 30.334 ; Acc: 32.014
2018-09-19 13:57:08,929:INFO: [TRAIN] Step: 300 ; Loss: 31.606 ; Acc: 32.087
2018-09-19 13:57:09,010:INFO: [TRAIN] Step: 301 ; Loss: 28.522 ; Acc: 32.064
2018-09-19 13:57:09,082:INFO: [TRAIN] Step: 302 ; Loss: 30.275 ; Acc: 32.096
2018-09-19 13:57:09,162:INFO: [TRAIN] Step: 303 ; Loss: 33.267 ; Acc: 32.127
2018-09-19 13:57:09,239:INFO: [TRAIN] Step: 304 ; Loss: 30.979 ; Acc: 32.090
2018-09-19 13:57:09,323:INFO: [TRAIN] Step: 305 ; Loss: 30.584 ; Acc: 32.067
2018-09-19 13:57:09,398:INFO: [TRAIN] Step: 306 ; Loss: 31.348 ; Acc: 32.071
2018-09-19 13:57:09,477:INFO: [TRAIN] Step: 307 ; Loss: 33.248 ; Acc: 32.116
2018-09-19 13:57:09,551:INFO: [TRAIN] Step: 308 ; Loss: 33.517 ; Acc: 32.093
2018-09-19 13:57:09,629:INFO: [TRAIN] Step: 309 ; Loss: 29.153 ; Acc: 32.110
2018-09-19 13:57:09,701:INFO: [TRAIN] Step: 310 ; Loss: 29.741 ; Acc: 32.128
2018-09-19 13:57:09,782:INFO: [TRAIN] Step: 311 ; Loss: 28.484 ; Acc: 32.158
2018-09-19 13:57:09,857:INFO: [TRAIN] Step: 312 ; Loss: 32.797 ; Acc: 32.188
2018-09-19 13:57:09,938:INFO: [TRAIN] Step: 313 ; Loss: 33.677 ; Acc: 32.192
2018-09-19 13:57:10,012:INFO: [TRAIN] Step: 314 ; Loss: 31.438 ; Acc: 32.222
2018-09-19 13:57:10,092:INFO: [TRAIN] Step: 315 ; Loss: 31.503 ; Acc: 32.199
2018-09-19 13:57:10,163:INFO: [TRAIN] Step: 316 ; Loss: 30.294 ; Acc: 32.203
2018-09-19 13:57:10,246:INFO: [TRAIN] Step: 317 ; Loss: 31.208 ; Acc: 32.259
2018-09-19 13:57:10,321:INFO: [TRAIN] Step: 318 ; Loss: 27.584 ; Acc: 32.301
2018-09-19 13:57:10,400:INFO: [TRAIN] Step: 319 ; Loss: 28.865 ; Acc: 32.292
2018-09-19 13:57:10,473:INFO: [TRAIN] Step: 320 ; Loss: 31.714 ; Acc: 32.282
2018-09-19 13:57:10,552:INFO: [TRAIN] Step: 321 ; Loss: 30.696 ; Acc: 32.285
2018-09-19 13:57:10,626:INFO: [TRAIN] Step: 322 ; Loss: 30.397 ; Acc: 32.276
2018-09-19 13:57:10,706:INFO: [TRAIN] Step: 323 ; Loss: 33.560 ; Acc: 32.292
2018-09-19 13:57:10,781:INFO: [TRAIN] Step: 324 ; Loss: 28.970 ; Acc: 32.333
2018-09-19 13:57:10,860:INFO: [TRAIN] Step: 325 ; Loss: 31.237 ; Acc: 32.362
2018-09-19 13:57:10,933:INFO: [TRAIN] Step: 326 ; Loss: 30.644 ; Acc: 32.403
2018-09-19 13:57:11,019:INFO: [TRAIN] Step: 327 ; Loss: 27.362 ; Acc: 32.444
2018-09-19 13:57:11,098:INFO: [TRAIN] Step: 328 ; Loss: 31.509 ; Acc: 32.472
2018-09-19 13:57:11,179:INFO: [TRAIN] Step: 329 ; Loss: 33.310 ; Acc: 32.462
2018-09-19 13:57:11,252:INFO: [TRAIN] Step: 330 ; Loss: 28.899 ; Acc: 32.528
2018-09-19 13:57:11,333:INFO: [TRAIN] Step: 331 ; Loss: 31.190 ; Acc: 32.555
2018-09-19 13:57:11,407:INFO: [TRAIN] Step: 332 ; Loss: 31.087 ; Acc: 32.570
2018-09-19 13:57:11,487:INFO: [TRAIN] Step: 333 ; Loss: 33.851 ; Acc: 32.522
2018-09-19 13:57:11,561:INFO: [TRAIN] Step: 334 ; Loss: 30.765 ; Acc: 32.575
2018-09-19 13:57:11,642:INFO: [TRAIN] Step: 335 ; Loss: 28.586 ; Acc: 32.639
2018-09-19 13:57:11,717:INFO: [TRAIN] Step: 336 ; Loss: 29.589 ; Acc: 32.690
2018-09-19 13:57:11,796:INFO: [TRAIN] Step: 337 ; Loss: 29.212 ; Acc: 32.655
2018-09-19 13:57:11,869:INFO: [TRAIN] Step: 338 ; Loss: 31.130 ; Acc: 32.706
2018-09-19 13:57:11,950:INFO: [TRAIN] Step: 339 ; Loss: 31.279 ; Acc: 32.721
2018-09-19 13:57:12,028:INFO: [TRAIN] Step: 340 ; Loss: 32.717 ; Acc: 32.722
2018-09-19 13:57:12,107:INFO: [TRAIN] Step: 341 ; Loss: 27.303 ; Acc: 32.724
2018-09-19 13:57:12,183:INFO: [TRAIN] Step: 342 ; Loss: 33.485 ; Acc: 32.677
2018-09-19 13:57:12,264:INFO: [TRAIN] Step: 343 ; Loss: 30.898 ; Acc: 32.679
2018-09-19 13:57:12,338:INFO: [TRAIN] Step: 344 ; Loss: 32.195 ; Acc: 32.681
2018-09-19 13:57:12,418:INFO: [TRAIN] Step: 345 ; Loss: 29.764 ; Acc: 32.671
2018-09-19 13:57:12,496:INFO: [TRAIN] Step: 346 ; Loss: 35.241 ; Acc: 32.685
2018-09-19 13:57:12,577:INFO: [TRAIN] Step: 347 ; Loss: 33.030 ; Acc: 32.663
2018-09-19 13:57:12,651:INFO: [TRAIN] Step: 348 ; Loss: 29.660 ; Acc: 32.653
2018-09-19 13:57:12,731:INFO: [TRAIN] Step: 349 ; Loss: 26.823 ; Acc: 32.726
2018-09-19 13:57:12,804:INFO: [TRAIN] Step: 350 ; Loss: 29.673 ; Acc: 32.787
2018-09-19 13:57:12,886:INFO: [TRAIN] Step: 351 ; Loss: 33.246 ; Acc: 32.789
2018-09-19 13:57:12,961:INFO: [TRAIN] Step: 352 ; Loss: 28.703 ; Acc: 32.790
2018-09-19 13:57:13,043:INFO: [TRAIN] Step: 353 ; Loss: 32.253 ; Acc: 32.804
2018-09-19 13:57:13,116:INFO: [TRAIN] Step: 354 ; Loss: 31.436 ; Acc: 32.793
2018-09-19 13:57:13,194:INFO: [TRAIN] Step: 355 ; Loss: 30.699 ; Acc: 32.760
2018-09-19 13:57:13,268:INFO: [TRAIN] Step: 356 ; Loss: 31.823 ; Acc: 32.773
2018-09-19 13:57:13,347:INFO: [TRAIN] Step: 357 ; Loss: 26.061 ; Acc: 32.821
2018-09-19 13:57:13,419:INFO: [TRAIN] Step: 358 ; Loss: 29.981 ; Acc: 32.811
2018-09-19 13:57:13,498:INFO: [TRAIN] Step: 359 ; Loss: 30.229 ; Acc: 32.859
2018-09-19 13:57:13,571:INFO: [TRAIN] Step: 360 ; Loss: 32.289 ; Acc: 32.849
2018-09-19 13:57:13,651:INFO: [TRAIN] Step: 361 ; Loss: 29.612 ; Acc: 32.827
2018-09-19 13:57:13,725:INFO: [TRAIN] Step: 362 ; Loss: 29.874 ; Acc: 32.851
2018-09-19 13:57:13,805:INFO: [TRAIN] Step: 363 ; Loss: 31.802 ; Acc: 32.841
2018-09-19 13:57:13,881:INFO: [TRAIN] Step: 364 ; Loss: 25.647 ; Acc: 32.877
2018-09-19 13:57:13,961:INFO: [TRAIN] Step: 365 ; Loss: 31.642 ; Acc: 32.878
2018-09-19 13:57:14,035:INFO: [TRAIN] Step: 366 ; Loss: 30.445 ; Acc: 32.879
2018-09-19 13:57:14,117:INFO: [TRAIN] Step: 367 ; Loss: 25.107 ; Acc: 32.926
2018-09-19 13:57:14,191:INFO: [TRAIN] Step: 368 ; Loss: 28.184 ; Acc: 32.949
2018-09-19 13:57:14,273:INFO: [TRAIN] Step: 369 ; Loss: 29.420 ; Acc: 32.973
2018-09-19 13:57:14,348:INFO: [TRAIN] Step: 370 ; Loss: 30.033 ; Acc: 32.996
2018-09-19 13:57:14,427:INFO: [TRAIN] Step: 371 ; Loss: 32.779 ; Acc: 33.020
2018-09-19 13:57:14,500:INFO: [TRAIN] Step: 372 ; Loss: 30.672 ; Acc: 32.976
2018-09-19 13:57:14,580:INFO: [TRAIN] Step: 373 ; Loss: 31.612 ; Acc: 32.966
2018-09-19 13:57:14,652:INFO: [TRAIN] Step: 374 ; Loss: 31.706 ; Acc: 32.956
2018-09-19 13:57:14,731:INFO: [TRAIN] Step: 375 ; Loss: 27.787 ; Acc: 32.979
2018-09-19 13:57:14,803:INFO: [TRAIN] Step: 376 ; Loss: 29.888 ; Acc: 32.991
2018-09-19 13:57:14,882:INFO: [TRAIN] Step: 377 ; Loss: 31.886 ; Acc: 32.959
2018-09-19 13:57:14,954:INFO: [TRAIN] Step: 378 ; Loss: 30.816 ; Acc: 32.960
2018-09-19 13:57:15,034:INFO: [TRAIN] Step: 379 ; Loss: 29.590 ; Acc: 32.939
2018-09-19 13:57:15,108:INFO: [TRAIN] Step: 380 ; Loss: 28.999 ; Acc: 32.929
2018-09-19 13:57:15,188:INFO: [TRAIN] Step: 381 ; Loss: 31.928 ; Acc: 32.897
2018-09-19 13:57:15,262:INFO: [TRAIN] Step: 382 ; Loss: 29.016 ; Acc: 32.920
2018-09-19 13:57:15,342:INFO: [TRAIN] Step: 383 ; Loss: 27.652 ; Acc: 32.921
2018-09-19 13:57:15,415:INFO: [TRAIN] Step: 384 ; Loss: 30.181 ; Acc: 32.911
2018-09-19 13:57:15,495:INFO: [TRAIN] Step: 385 ; Loss: 32.136 ; Acc: 32.869
2018-09-19 13:57:15,568:INFO: [TRAIN] Step: 386 ; Loss: 28.582 ; Acc: 32.827
2018-09-19 13:57:15,649:INFO: [TRAIN] Step: 387 ; Loss: 28.982 ; Acc: 32.872
2018-09-19 13:57:15,726:INFO: [TRAIN] Step: 388 ; Loss: 33.074 ; Acc: 32.862
2018-09-19 13:57:15,805:INFO: [TRAIN] Step: 389 ; Loss: 30.645 ; Acc: 32.874
2018-09-19 13:57:15,879:INFO: [TRAIN] Step: 390 ; Loss: 32.316 ; Acc: 32.864
2018-09-19 13:57:15,960:INFO: [TRAIN] Step: 391 ; Loss: 33.344 ; Acc: 32.887
2018-09-19 13:57:16,032:INFO: [TRAIN] Step: 392 ; Loss: 29.961 ; Acc: 32.888
2018-09-19 13:57:16,110:INFO: [TRAIN] Step: 393 ; Loss: 32.137 ; Acc: 32.836
2018-09-19 13:57:16,187:INFO: [TRAIN] Step: 394 ; Loss: 27.984 ; Acc: 32.838
2018-09-19 13:57:16,267:INFO: [TRAIN] Step: 395 ; Loss: 29.715 ; Acc: 32.870
2018-09-19 13:57:16,342:INFO: [TRAIN] Step: 396 ; Loss: 28.915 ; Acc: 32.872
2018-09-19 13:57:16,423:INFO: [TRAIN] Step: 397 ; Loss: 26.553 ; Acc: 32.904
2018-09-19 13:57:16,497:INFO: [TRAIN] Step: 398 ; Loss: 26.982 ; Acc: 32.916
2018-09-19 13:57:16,578:INFO: [TRAIN] Step: 399 ; Loss: 28.515 ; Acc: 32.938
2018-09-19 13:57:16,649:INFO: [TRAIN] Step: 400 ; Loss: 28.870 ; Acc: 32.949
2018-09-19 13:57:16,729:INFO: [TRAIN] Step: 401 ; Loss: 27.257 ; Acc: 33.022
2018-09-19 13:57:16,804:INFO: [TRAIN] Step: 402 ; Loss: 31.055 ; Acc: 33.065
2018-09-19 13:57:16,886:INFO: [TRAIN] Step: 403 ; Loss: 29.719 ; Acc: 33.024
2018-09-19 13:57:16,961:INFO: [TRAIN] Step: 404 ; Loss: 30.700 ; Acc: 33.004
2018-09-19 13:57:17,041:INFO: [TRAIN] Step: 405 ; Loss: 27.889 ; Acc: 33.046
2018-09-19 13:57:17,111:INFO: [TRAIN] Step: 406 ; Loss: 27.241 ; Acc: 33.067
2018-09-19 13:57:17,194:INFO: [TRAIN] Step: 407 ; Loss: 33.556 ; Acc: 33.047
2018-09-19 13:57:17,269:INFO: [TRAIN] Step: 408 ; Loss: 28.158 ; Acc: 33.058
2018-09-19 13:57:17,352:INFO: [TRAIN] Step: 409 ; Loss: 30.266 ; Acc: 33.069
2018-09-19 13:57:17,424:INFO: [TRAIN] Step: 410 ; Loss: 29.532 ; Acc: 33.080
2018-09-19 13:57:17,505:INFO: [TRAIN] Step: 411 ; Loss: 32.684 ; Acc: 33.081
2018-09-19 13:57:17,580:INFO: [TRAIN] Step: 412 ; Loss: 32.890 ; Acc: 33.081
2018-09-19 13:57:17,669:INFO: [TRAIN] Step: 413 ; Loss: 29.800 ; Acc: 33.102
2018-09-19 13:57:17,747:INFO: [TRAIN] Step: 414 ; Loss: 28.568 ; Acc: 33.102
2018-09-19 13:57:17,829:INFO: [TRAIN] Step: 415 ; Loss: 26.898 ; Acc: 33.123
2018-09-19 13:57:17,904:INFO: [TRAIN] Step: 416 ; Loss: 28.709 ; Acc: 33.143
2018-09-19 13:57:17,985:INFO: [TRAIN] Step: 417 ; Loss: 29.823 ; Acc: 33.174
2018-09-19 13:57:18,058:INFO: [TRAIN] Step: 418 ; Loss: 31.862 ; Acc: 33.194
2018-09-19 13:57:18,137:INFO: [TRAIN] Step: 419 ; Loss: 28.603 ; Acc: 33.204
2018-09-19 13:57:18,211:INFO: [TRAIN] Step: 420 ; Loss: 32.115 ; Acc: 33.215
2018-09-19 13:57:18,292:INFO: [TRAIN] Step: 421 ; Loss: 32.430 ; Acc: 33.195
2018-09-19 13:57:18,367:INFO: [TRAIN] Step: 422 ; Loss: 29.512 ; Acc: 33.176
2018-09-19 13:57:18,448:INFO: [TRAIN] Step: 423 ; Loss: 30.041 ; Acc: 33.186
2018-09-19 13:57:18,520:INFO: [TRAIN] Step: 424 ; Loss: 29.729 ; Acc: 33.206
2018-09-19 13:57:18,599:INFO: [TRAIN] Step: 425 ; Loss: 29.409 ; Acc: 33.206
2018-09-19 13:57:18,672:INFO: [TRAIN] Step: 426 ; Loss: 29.204 ; Acc: 33.197
2018-09-19 13:57:18,751:INFO: [TRAIN] Step: 427 ; Loss: 30.640 ; Acc: 33.168
2018-09-19 13:57:18,824:INFO: [TRAIN] Step: 428 ; Loss: 32.264 ; Acc: 33.139
2018-09-19 13:57:18,904:INFO: [TRAIN] Step: 429 ; Loss: 29.640 ; Acc: 33.159
2018-09-19 13:57:18,975:INFO: [TRAIN] Step: 430 ; Loss: 28.359 ; Acc: 33.169
2018-09-19 13:57:19,057:INFO: [TRAIN] Step: 431 ; Loss: 32.736 ; Acc: 33.169
2018-09-19 13:57:19,129:INFO: [TRAIN] Step: 432 ; Loss: 29.661 ; Acc: 33.218
2018-09-19 13:57:19,209:INFO: [TRAIN] Step: 433 ; Loss: 24.581 ; Acc: 33.257
2018-09-19 13:57:19,283:INFO: [TRAIN] Step: 434 ; Loss: 27.855 ; Acc: 33.266
2018-09-19 13:57:19,362:INFO: [TRAIN] Step: 435 ; Loss: 32.840 ; Acc: 33.238
2018-09-19 13:57:19,436:INFO: [TRAIN] Step: 436 ; Loss: 30.176 ; Acc: 33.228
2018-09-19 13:57:19,515:INFO: [TRAIN] Step: 437 ; Loss: 27.923 ; Acc: 33.229
2018-09-19 13:57:19,589:INFO: [TRAIN] Step: 438 ; Loss: 31.285 ; Acc: 33.229
2018-09-19 13:57:19,669:INFO: [TRAIN] Step: 439 ; Loss: 29.383 ; Acc: 33.239
2018-09-19 13:57:19,741:INFO: [TRAIN] Step: 440 ; Loss: 30.209 ; Acc: 33.229
2018-09-19 13:57:19,821:INFO: [TRAIN] Step: 441 ; Loss: 27.535 ; Acc: 33.239
2018-09-19 13:57:19,894:INFO: [TRAIN] Step: 442 ; Loss: 34.479 ; Acc: 33.220
2018-09-19 13:57:19,973:INFO: [TRAIN] Step: 443 ; Loss: 26.432 ; Acc: 33.249
2018-09-19 13:57:20,047:INFO: [TRAIN] Step: 444 ; Loss: 29.344 ; Acc: 33.249
2018-09-19 13:57:20,126:INFO: [TRAIN] Step: 445 ; Loss: 34.269 ; Acc: 33.259
2018-09-19 13:57:20,200:INFO: [TRAIN] Step: 446 ; Loss: 32.736 ; Acc: 33.259
2018-09-19 13:57:20,278:INFO: [TRAIN] Step: 447 ; Loss: 31.946 ; Acc: 33.250
2018-09-19 13:57:20,350:INFO: [TRAIN] Step: 448 ; Loss: 30.698 ; Acc: 33.231
2018-09-19 13:57:20,431:INFO: [TRAIN] Step: 449 ; Loss: 27.017 ; Acc: 33.287
2018-09-19 13:57:20,510:INFO: [TRAIN] Step: 450 ; Loss: 32.157 ; Acc: 33.315
2018-09-19 13:57:20,590:INFO: [TRAIN] Step: 451 ; Loss: 28.577 ; Acc: 33.306
2018-09-19 13:57:20,665:INFO: [TRAIN] Step: 452 ; Loss: 26.500 ; Acc: 33.306
2018-09-19 13:57:20,744:INFO: [TRAIN] Step: 453 ; Loss: 27.768 ; Acc: 33.324
2018-09-19 13:57:20,817:INFO: [TRAIN] Step: 454 ; Loss: 30.250 ; Acc: 33.306
2018-09-19 13:57:20,897:INFO: [TRAIN] Step: 455 ; Loss: 28.600 ; Acc: 33.315
2018-09-19 13:57:20,971:INFO: [TRAIN] Step: 456 ; Loss: 31.107 ; Acc: 33.306
2018-09-19 13:57:21,052:INFO: [TRAIN] Step: 457 ; Loss: 29.650 ; Acc: 33.297
2018-09-19 13:57:21,125:INFO: [TRAIN] Step: 458 ; Loss: 28.119 ; Acc: 33.315
2018-09-19 13:57:21,205:INFO: [TRAIN] Step: 459 ; Loss: 25.683 ; Acc: 33.333
2018-09-19 13:57:21,279:INFO: [TRAIN] Step: 460 ; Loss: 28.747 ; Acc: 33.351
2018-09-19 13:57:21,357:INFO: [TRAIN] Step: 461 ; Loss: 30.583 ; Acc: 33.342
2018-09-19 13:57:21,432:INFO: [TRAIN] Step: 462 ; Loss: 26.055 ; Acc: 33.351
2018-09-19 13:57:21,515:INFO: [TRAIN] Step: 463 ; Loss: 28.791 ; Acc: 33.351
2018-09-19 13:57:21,587:INFO: [TRAIN] Step: 464 ; Loss: 28.520 ; Acc: 33.333
2018-09-19 13:57:21,666:INFO: [TRAIN] Step: 465 ; Loss: 30.809 ; Acc: 33.315
2018-09-19 13:57:21,738:INFO: [TRAIN] Step: 466 ; Loss: 28.757 ; Acc: 33.342
2018-09-19 13:57:21,817:INFO: [TRAIN] Step: 467 ; Loss: 32.494 ; Acc: 33.324
2018-09-19 13:57:21,892:INFO: [TRAIN] Step: 468 ; Loss: 29.068 ; Acc: 33.369
2018-09-19 13:57:21,974:INFO: [TRAIN] Step: 469 ; Loss: 26.769 ; Acc: 33.413
2018-09-19 13:57:22,048:INFO: [TRAIN] Step: 470 ; Loss: 28.528 ; Acc: 33.404
2018-09-19 13:57:22,131:INFO: [TRAIN] Step: 471 ; Loss: 29.503 ; Acc: 33.413
2018-09-19 13:57:22,202:INFO: [TRAIN] Step: 472 ; Loss: 29.732 ; Acc: 33.386
2018-09-19 13:57:22,283:INFO: [TRAIN] Step: 473 ; Loss: 33.021 ; Acc: 33.404
2018-09-19 13:57:22,357:INFO: [TRAIN] Step: 474 ; Loss: 27.369 ; Acc: 33.412
2018-09-19 13:57:22,438:INFO: [TRAIN] Step: 475 ; Loss: 34.146 ; Acc: 33.412
2018-09-19 13:57:22,514:INFO: [TRAIN] Step: 476 ; Loss: 27.735 ; Acc: 33.456
2018-09-19 13:57:22,594:INFO: [TRAIN] Step: 477 ; Loss: 28.360 ; Acc: 33.438
2018-09-19 13:57:22,668:INFO: [TRAIN] Step: 478 ; Loss: 32.164 ; Acc: 33.473
2018-09-19 13:57:22,748:INFO: [TRAIN] Step: 479 ; Loss: 27.700 ; Acc: 33.498
2018-09-19 13:57:22,819:INFO: [TRAIN] Step: 480 ; Loss: 27.161 ; Acc: 33.515
2018-09-19 13:57:22,899:INFO: [TRAIN] Step: 481 ; Loss: 29.841 ; Acc: 33.506
2018-09-19 13:57:22,972:INFO: [TRAIN] Step: 482 ; Loss: 31.293 ; Acc: 33.471
2018-09-19 13:57:23,051:INFO: [TRAIN] Step: 483 ; Loss: 28.688 ; Acc: 33.497
2018-09-19 13:57:23,127:INFO: [TRAIN] Step: 484 ; Loss: 30.169 ; Acc: 33.488
2018-09-19 13:57:23,206:INFO: [TRAIN] Step: 485 ; Loss: 28.183 ; Acc: 33.488
2018-09-19 13:57:23,279:INFO: [TRAIN] Step: 486 ; Loss: 28.653 ; Acc: 33.479
2018-09-19 13:57:23,361:INFO: [TRAIN] Step: 487 ; Loss: 33.644 ; Acc: 33.461
2018-09-19 13:57:23,435:INFO: [TRAIN] Step: 488 ; Loss: 31.721 ; Acc: 33.427
2018-09-19 13:57:23,518:INFO: [TRAIN] Step: 489 ; Loss: 29.768 ; Acc: 33.435
2018-09-19 13:57:23,592:INFO: [TRAIN] Step: 490 ; Loss: 34.912 ; Acc: 33.410
2018-09-19 13:57:23,672:INFO: [TRAIN] Step: 491 ; Loss: 30.108 ; Acc: 33.435
2018-09-19 13:57:23,745:INFO: [TRAIN] Step: 492 ; Loss: 31.248 ; Acc: 33.443
2018-09-19 13:57:23,824:INFO: [TRAIN] Step: 493 ; Loss: 28.130 ; Acc: 33.451
2018-09-19 13:57:23,898:INFO: [TRAIN] Step: 494 ; Loss: 34.924 ; Acc: 33.409
2018-09-19 13:57:23,977:INFO: [TRAIN] Step: 495 ; Loss: 26.469 ; Acc: 33.426
2018-09-19 13:57:24,048:INFO: [TRAIN] Step: 496 ; Loss: 28.670 ; Acc: 33.442
2018-09-19 13:57:24,129:INFO: [TRAIN] Step: 497 ; Loss: 29.869 ; Acc: 33.442
2018-09-19 13:57:24,204:INFO: [TRAIN] Step: 498 ; Loss: 29.238 ; Acc: 33.450
2018-09-19 13:57:24,287:INFO: [TRAIN] Step: 499 ; Loss: 27.649 ; Acc: 33.492
2018-09-19 13:57:24,362:INFO: [TRAIN] Step: 500 ; Loss: 28.822 ; Acc: 33.533
2018-09-19 13:57:24,441:INFO: [TRAIN] Step: 501 ; Loss: 31.983 ; Acc: 33.516
2018-09-19 13:57:24,513:INFO: [TRAIN] Step: 502 ; Loss: 30.317 ; Acc: 33.507
2018-09-19 13:57:24,593:INFO: [TRAIN] Step: 503 ; Loss: 31.517 ; Acc: 33.499
2018-09-19 13:57:24,666:INFO: [TRAIN] Step: 504 ; Loss: 29.266 ; Acc: 33.465
2018-09-19 13:57:24,747:INFO: [TRAIN] Step: 505 ; Loss: 28.971 ; Acc: 33.490
2018-09-19 13:57:24,824:INFO: [TRAIN] Step: 506 ; Loss: 32.008 ; Acc: 33.498
2018-09-19 13:57:24,904:INFO: [TRAIN] Step: 507 ; Loss: 29.297 ; Acc: 33.481
2018-09-19 13:57:24,980:INFO: [TRAIN] Step: 508 ; Loss: 30.089 ; Acc: 33.481
2018-09-19 13:57:25,058:INFO: [TRAIN] Step: 509 ; Loss: 27.121 ; Acc: 33.489
2018-09-19 13:57:25,132:INFO: [TRAIN] Step: 510 ; Loss: 24.572 ; Acc: 33.496
2018-09-19 13:57:25,216:INFO: [TRAIN] Step: 511 ; Loss: 30.124 ; Acc: 33.504
2018-09-19 13:57:25,291:INFO: [TRAIN] Step: 512 ; Loss: 28.151 ; Acc: 33.528
2018-09-19 13:57:25,371:INFO: [TRAIN] Step: 513 ; Loss: 31.361 ; Acc: 33.520
2018-09-19 13:57:25,444:INFO: [TRAIN] Step: 514 ; Loss: 26.771 ; Acc: 33.528
2018-09-19 13:57:25,523:INFO: [TRAIN] Step: 515 ; Loss: 31.768 ; Acc: 33.503
2018-09-19 13:57:25,596:INFO: [TRAIN] Step: 516 ; Loss: 29.286 ; Acc: 33.519
2018-09-19 13:57:25,679:INFO: [TRAIN] Step: 517 ; Loss: 29.354 ; Acc: 33.494
2018-09-19 13:57:25,753:INFO: [TRAIN] Step: 518 ; Loss: 28.219 ; Acc: 33.518
2018-09-19 13:57:25,834:INFO: [TRAIN] Step: 519 ; Loss: 27.154 ; Acc: 33.526
2018-09-19 13:57:25,908:INFO: [TRAIN] Step: 520 ; Loss: 29.616 ; Acc: 33.517
2018-09-19 13:57:25,989:INFO: [TRAIN] Step: 521 ; Loss: 30.966 ; Acc: 33.485
2018-09-19 13:57:26,060:INFO: [TRAIN] Step: 522 ; Loss: 35.539 ; Acc: 33.469
2018-09-19 13:57:26,141:INFO: [TRAIN] Step: 523 ; Loss: 30.674 ; Acc: 33.461
2018-09-19 13:57:26,216:INFO: [TRAIN] Step: 524 ; Loss: 27.331 ; Acc: 33.468
2018-09-19 13:57:26,296:INFO: [TRAIN] Step: 525 ; Loss: 32.697 ; Acc: 33.436
2018-09-19 13:57:26,369:INFO: [TRAIN] Step: 526 ; Loss: 28.447 ; Acc: 33.452
2018-09-19 13:57:26,447:INFO: [TRAIN] Step: 527 ; Loss: 28.891 ; Acc: 33.444
2018-09-19 13:57:26,520:INFO: [TRAIN] Step: 528 ; Loss: 27.665 ; Acc: 33.451
2018-09-19 13:57:26,599:INFO: [TRAIN] Step: 529 ; Loss: 28.779 ; Acc: 33.451
2018-09-19 13:57:26,673:INFO: [TRAIN] Step: 530 ; Loss: 29.554 ; Acc: 33.467
2018-09-19 13:57:26,753:INFO: [TRAIN] Step: 531 ; Loss: 33.755 ; Acc: 33.419
2018-09-19 13:57:26,826:INFO: [TRAIN] Step: 532 ; Loss: 28.755 ; Acc: 33.443
2018-09-19 13:57:26,911:INFO: [TRAIN] Step: 533 ; Loss: 30.680 ; Acc: 33.458
2018-09-19 13:57:26,985:INFO: [TRAIN] Step: 534 ; Loss: 28.409 ; Acc: 33.481
2018-09-19 13:57:27,067:INFO: [TRAIN] Step: 535 ; Loss: 32.918 ; Acc: 33.473
2018-09-19 13:57:27,141:INFO: [TRAIN] Step: 536 ; Loss: 31.203 ; Acc: 33.489
2018-09-19 13:57:27,220:INFO: [TRAIN] Step: 537 ; Loss: 31.023 ; Acc: 33.480
2018-09-19 13:57:27,294:INFO: [TRAIN] Step: 538 ; Loss: 33.020 ; Acc: 33.465
2018-09-19 13:57:27,374:INFO: [TRAIN] Step: 539 ; Loss: 29.349 ; Acc: 33.457
2018-09-19 13:57:27,449:INFO: [TRAIN] Step: 540 ; Loss: 28.040 ; Acc: 33.472
2018-09-19 13:57:27,528:INFO: [TRAIN] Step: 541 ; Loss: 28.084 ; Acc: 33.510
2018-09-19 13:57:27,601:INFO: [TRAIN] Step: 542 ; Loss: 29.867 ; Acc: 33.494
2018-09-19 13:57:27,682:INFO: [TRAIN] Step: 543 ; Loss: 28.754 ; Acc: 33.502
2018-09-19 13:57:27,755:INFO: [TRAIN] Step: 544 ; Loss: 30.466 ; Acc: 33.532
2018-09-19 13:57:27,836:INFO: [TRAIN] Step: 545 ; Loss: 33.124 ; Acc: 33.532
2018-09-19 13:57:27,909:INFO: [TRAIN] Step: 546 ; Loss: 28.223 ; Acc: 33.516
2018-09-19 13:57:27,991:INFO: [TRAIN] Step: 547 ; Loss: 27.878 ; Acc: 33.531
2018-09-19 13:57:28,067:INFO: [TRAIN] Step: 548 ; Loss: 27.762 ; Acc: 33.538
2018-09-19 13:57:28,157:INFO: [TRAIN] Step: 549 ; Loss: 31.329 ; Acc: 33.538
2018-09-19 13:57:28,231:INFO: [TRAIN] Step: 550 ; Loss: 30.414 ; Acc: 33.545
2018-09-19 13:57:28,311:INFO: [TRAIN] Step: 551 ; Loss: 28.476 ; Acc: 33.537
2018-09-19 13:57:28,385:INFO: [TRAIN] Step: 552 ; Loss: 33.666 ; Acc: 33.514
2018-09-19 13:57:28,466:INFO: [TRAIN] Step: 553 ; Loss: 29.413 ; Acc: 33.514
2018-09-19 13:57:28,538:INFO: [TRAIN] Step: 554 ; Loss: 30.961 ; Acc: 33.536
2018-09-19 13:57:28,617:INFO: [TRAIN] Step: 555 ; Loss: 29.200 ; Acc: 33.543
2018-09-19 13:57:28,694:INFO: [TRAIN] Step: 556 ; Loss: 27.083 ; Acc: 33.558
2018-09-19 13:57:28,772:INFO: [TRAIN] Step: 557 ; Loss: 25.516 ; Acc: 33.580
2018-09-19 13:57:28,844:INFO: [TRAIN] Step: 558 ; Loss: 26.742 ; Acc: 33.594
2018-09-19 13:57:28,923:INFO: [TRAIN] Step: 559 ; Loss: 29.094 ; Acc: 33.624
2018-09-19 13:57:28,997:INFO: [TRAIN] Step: 560 ; Loss: 30.148 ; Acc: 33.623
2018-09-19 13:57:29,081:INFO: [TRAIN] Step: 561 ; Loss: 29.297 ; Acc: 33.622
2018-09-19 13:57:29,155:INFO: [TRAIN] Step: 562 ; Loss: 28.324 ; Acc: 33.644
2018-09-19 13:57:29,234:INFO: [TRAIN] Step: 563 ; Loss: 25.030 ; Acc: 33.644
2018-09-19 13:57:29,308:INFO: [TRAIN] Step: 564 ; Loss: 25.899 ; Acc: 33.636
2018-09-19 13:57:29,388:INFO: [TRAIN] Step: 565 ; Loss: 29.443 ; Acc: 33.628
2018-09-19 13:57:29,462:INFO: [TRAIN] Step: 566 ; Loss: 28.829 ; Acc: 33.627
2018-09-19 13:57:29,541:INFO: [TRAIN] Step: 567 ; Loss: 27.804 ; Acc: 33.641
2018-09-19 13:57:29,613:INFO: [TRAIN] Step: 568 ; Loss: 30.816 ; Acc: 33.670
2018-09-19 13:57:29,694:INFO: [TRAIN] Step: 569 ; Loss: 27.836 ; Acc: 33.670
2018-09-19 13:57:29,766:INFO: [TRAIN] Step: 570 ; Loss: 26.574 ; Acc: 33.676
2018-09-19 13:57:29,846:INFO: [TRAIN] Step: 571 ; Loss: 32.037 ; Acc: 33.654
2018-09-19 13:57:29,918:INFO: [TRAIN] Step: 572 ; Loss: 27.730 ; Acc: 33.639
2018-09-19 13:57:29,998:INFO: [TRAIN] Step: 573 ; Loss: 29.276 ; Acc: 33.645
2018-09-19 13:57:30,070:INFO: [TRAIN] Step: 574 ; Loss: 29.869 ; Acc: 33.652
2018-09-19 13:57:30,149:INFO: [TRAIN] Step: 575 ; Loss: 30.740 ; Acc: 33.659
2018-09-19 13:57:30,221:INFO: [TRAIN] Step: 576 ; Loss: 29.385 ; Acc: 33.658
2018-09-19 13:57:30,301:INFO: [TRAIN] Step: 577 ; Loss: 31.403 ; Acc: 33.658
2018-09-19 13:57:30,378:INFO: [TRAIN] Step: 578 ; Loss: 28.604 ; Acc: 33.672
2018-09-19 13:57:30,462:INFO: [TRAIN] Step: 579 ; Loss: 27.880 ; Acc: 33.671
2018-09-19 13:57:30,540:INFO: [TRAIN] Step: 580 ; Loss: 31.167 ; Acc: 33.670
2018-09-19 13:57:30,618:INFO: [TRAIN] Step: 581 ; Loss: 27.163 ; Acc: 33.706
2018-09-19 13:57:30,692:INFO: [TRAIN] Step: 582 ; Loss: 36.223 ; Acc: 33.698
2018-09-19 13:57:30,771:INFO: [TRAIN] Step: 583 ; Loss: 30.724 ; Acc: 33.719
2018-09-19 13:57:30,847:INFO: [TRAIN] Step: 584 ; Loss: 34.379 ; Acc: 33.704
2018-09-19 13:57:30,933:INFO: [TRAIN] Step: 585 ; Loss: 32.574 ; Acc: 33.703
2018-09-19 13:57:31,008:INFO: [TRAIN] Step: 586 ; Loss: 28.198 ; Acc: 33.702
2018-09-19 13:57:31,086:INFO: [TRAIN] Step: 587 ; Loss: 33.287 ; Acc: 33.688
2018-09-19 13:57:31,160:INFO: [TRAIN] Step: 588 ; Loss: 27.615 ; Acc: 33.694
2018-09-19 13:57:31,240:INFO: [TRAIN] Step: 589 ; Loss: 31.448 ; Acc: 33.679
2018-09-19 13:57:31,315:INFO: [TRAIN] Step: 590 ; Loss: 28.125 ; Acc: 33.679
2018-09-19 13:57:31,396:INFO: [TRAIN] Step: 591 ; Loss: 29.908 ; Acc: 33.678
2018-09-19 13:57:31,469:INFO: [TRAIN] Step: 592 ; Loss: 29.481 ; Acc: 33.678
2018-09-19 13:57:31,549:INFO: [TRAIN] Step: 593 ; Loss: 27.800 ; Acc: 33.670
2018-09-19 13:57:31,623:INFO: [TRAIN] Step: 594 ; Loss: 29.716 ; Acc: 33.676
2018-09-19 13:57:31,703:INFO: [TRAIN] Step: 595 ; Loss: 31.030 ; Acc: 33.697
2018-09-19 13:57:31,776:INFO: [TRAIN] Step: 596 ; Loss: 33.846 ; Acc: 33.682
2018-09-19 13:57:31,855:INFO: [TRAIN] Step: 597 ; Loss: 33.648 ; Acc: 33.661
2018-09-19 13:57:31,929:INFO: [TRAIN] Step: 598 ; Loss: 31.563 ; Acc: 33.667
2018-09-19 13:57:32,012:INFO: [TRAIN] Step: 599 ; Loss: 28.319 ; Acc: 33.708
2018-09-19 13:57:32,085:INFO: [TRAIN] Step: 600 ; Loss: 32.579 ; Acc: 33.708
2018-09-19 13:57:32,163:INFO: [TRAIN] Step: 601 ; Loss: 27.813 ; Acc: 33.721
2018-09-19 13:57:32,236:INFO: [TRAIN] Step: 602 ; Loss: 30.404 ; Acc: 33.713
2018-09-19 13:57:32,336:INFO: [TRAIN] Step: 603 ; Loss: 30.546 ; Acc: 33.733
2018-09-19 13:57:32,408:INFO: [TRAIN] Step: 604 ; Loss: 31.747 ; Acc: 33.719
2018-09-19 13:57:32,488:INFO: [TRAIN] Step: 605 ; Loss: 29.657 ; Acc: 33.725
2018-09-19 13:57:32,567:INFO: [TRAIN] Step: 606 ; Loss: 26.948 ; Acc: 33.752
2018-09-19 13:57:32,649:INFO: [TRAIN] Step: 607 ; Loss: 32.058 ; Acc: 33.738
2018-09-19 13:57:32,724:INFO: [TRAIN] Step: 608 ; Loss: 31.086 ; Acc: 33.716
2018-09-19 13:57:32,805:INFO: [TRAIN] Step: 609 ; Loss: 28.308 ; Acc: 33.743
2018-09-19 13:57:32,879:INFO: [TRAIN] Step: 610 ; Loss: 27.877 ; Acc: 33.742
2018-09-19 13:57:32,960:INFO: [TRAIN] Step: 611 ; Loss: 31.374 ; Acc: 33.742
2018-09-19 13:57:33,035:INFO: [TRAIN] Step: 612 ; Loss: 30.064 ; Acc: 33.728
2018-09-19 13:57:33,116:INFO: [TRAIN] Step: 613 ; Loss: 25.872 ; Acc: 33.781
2018-09-19 13:57:33,190:INFO: [TRAIN] Step: 614 ; Loss: 27.615 ; Acc: 33.801
2018-09-19 13:57:33,270:INFO: [TRAIN] Step: 615 ; Loss: 25.811 ; Acc: 33.834
2018-09-19 13:57:33,344:INFO: [TRAIN] Step: 616 ; Loss: 27.638 ; Acc: 33.833
2018-09-19 13:57:33,424:INFO: [TRAIN] Step: 617 ; Loss: 27.166 ; Acc: 33.866
2018-09-19 13:57:33,499:INFO: [TRAIN] Step: 618 ; Loss: 31.215 ; Acc: 33.879
2018-09-19 13:57:33,579:INFO: [TRAIN] Step: 619 ; Loss: 27.230 ; Acc: 33.911
2018-09-19 13:57:33,653:INFO: [TRAIN] Step: 620 ; Loss: 26.460 ; Acc: 33.951
2018-09-19 13:57:33,732:INFO: [TRAIN] Step: 621 ; Loss: 31.769 ; Acc: 33.970
2018-09-19 13:57:33,805:INFO: [TRAIN] Step: 622 ; Loss: 25.104 ; Acc: 33.995
2018-09-19 13:57:33,885:INFO: [TRAIN] Step: 623 ; Loss: 26.972 ; Acc: 33.994
2018-09-19 13:57:33,961:INFO: [TRAIN] Step: 624 ; Loss: 22.490 ; Acc: 34.040
2018-09-19 13:57:34,042:INFO: [TRAIN] Step: 625 ; Loss: 27.629 ; Acc: 34.026
2018-09-19 13:57:34,117:INFO: [TRAIN] Step: 626 ; Loss: 28.712 ; Acc: 34.038
2018-09-19 13:57:34,196:INFO: [TRAIN] Step: 627 ; Loss: 32.697 ; Acc: 34.023
2018-09-19 13:57:34,269:INFO: [TRAIN] Step: 628 ; Loss: 30.592 ; Acc: 34.036
2018-09-19 13:57:34,349:INFO: [TRAIN] Step: 629 ; Loss: 31.103 ; Acc: 34.061
2018-09-19 13:57:34,421:INFO: [TRAIN] Step: 630 ; Loss: 28.112 ; Acc: 34.053
2018-09-19 13:57:34,503:INFO: [TRAIN] Step: 631 ; Loss: 31.084 ; Acc: 34.045
2018-09-19 13:57:34,576:INFO: [TRAIN] Step: 632 ; Loss: 29.154 ; Acc: 34.044
2018-09-19 13:57:34,658:INFO: [TRAIN] Step: 633 ; Loss: 29.336 ; Acc: 34.050
2018-09-19 13:57:34,734:INFO: [TRAIN] Step: 634 ; Loss: 28.741 ; Acc: 34.049
2018-09-19 13:57:34,814:INFO: [TRAIN] Step: 635 ; Loss: 29.606 ; Acc: 34.034
2018-09-19 13:57:34,887:INFO: [TRAIN] Step: 636 ; Loss: 32.381 ; Acc: 34.001
2018-09-19 13:57:34,971:INFO: [TRAIN] Step: 637 ; Loss: 27.195 ; Acc: 34.019
2018-09-19 13:57:35,045:INFO: [TRAIN] Step: 638 ; Loss: 31.148 ; Acc: 33.992
2018-09-19 13:57:35,126:INFO: [TRAIN] Step: 639 ; Loss: 32.394 ; Acc: 33.984
2018-09-19 13:57:35,200:INFO: [TRAIN] Step: 640 ; Loss: 29.632 ; Acc: 34.003
2018-09-19 13:57:35,282:INFO: [TRAIN] Step: 641 ; Loss: 26.208 ; Acc: 34.015
2018-09-19 13:57:35,356:INFO: [TRAIN] Step: 642 ; Loss: 27.566 ; Acc: 34.027
2018-09-19 13:57:35,438:INFO: [TRAIN] Step: 643 ; Loss: 29.520 ; Acc: 34.013
2018-09-19 13:57:35,513:INFO: [TRAIN] Step: 644 ; Loss: 32.749 ; Acc: 34.005
2018-09-19 13:57:35,595:INFO: [TRAIN] Step: 645 ; Loss: 26.449 ; Acc: 33.985
2018-09-19 13:57:35,671:INFO: [TRAIN] Step: 646 ; Loss: 28.770 ; Acc: 33.990
2018-09-19 13:57:35,753:INFO: [TRAIN] Step: 647 ; Loss: 25.845 ; Acc: 34.015
2018-09-19 13:57:35,827:INFO: [TRAIN] Step: 648 ; Loss: 30.589 ; Acc: 34.001
2018-09-19 13:57:35,910:INFO: [TRAIN] Step: 649 ; Loss: 29.139 ; Acc: 34.013
2018-09-19 13:57:35,985:INFO: [TRAIN] Step: 650 ; Loss: 29.105 ; Acc: 34.018
2018-09-19 13:57:36,072:INFO: [TRAIN] Step: 651 ; Loss: 30.099 ; Acc: 33.998
2018-09-19 13:57:36,148:INFO: [TRAIN] Step: 652 ; Loss: 29.182 ; Acc: 33.978
2018-09-19 13:57:36,234:INFO: [TRAIN] Step: 653 ; Loss: 30.487 ; Acc: 33.996
2018-09-19 13:57:36,309:INFO: [TRAIN] Step: 654 ; Loss: 32.848 ; Acc: 34.001
2018-09-19 13:57:36,392:INFO: [TRAIN] Step: 655 ; Loss: 28.755 ; Acc: 34.007
2018-09-19 13:57:36,469:INFO: [TRAIN] Step: 656 ; Loss: 33.789 ; Acc: 33.993
2018-09-19 13:57:36,553:INFO: [TRAIN] Step: 657 ; Loss: 32.442 ; Acc: 34.011
2018-09-19 13:57:36,629:INFO: [TRAIN] Step: 658 ; Loss: 27.080 ; Acc: 34.023
2018-09-19 13:57:36,711:INFO: [TRAIN] Step: 659 ; Loss: 32.805 ; Acc: 34.021
2018-09-19 13:57:36,787:INFO: [TRAIN] Step: 660 ; Loss: 31.667 ; Acc: 34.020
2018-09-19 13:57:36,871:INFO: [TRAIN] Step: 661 ; Loss: 31.218 ; Acc: 34.019
2018-09-19 13:57:36,945:INFO: [TRAIN] Step: 662 ; Loss: 28.649 ; Acc: 34.031
2018-09-19 13:57:37,027:INFO: [TRAIN] Step: 663 ; Loss: 26.892 ; Acc: 34.061
2018-09-19 13:57:37,104:INFO: [TRAIN] Step: 664 ; Loss: 28.350 ; Acc: 34.073
2018-09-19 13:57:37,188:INFO: [TRAIN] Step: 665 ; Loss: 31.820 ; Acc: 34.047
2018-09-19 13:57:37,263:INFO: [TRAIN] Step: 666 ; Loss: 31.075 ; Acc: 34.033
2018-09-19 13:57:37,345:INFO: [TRAIN] Step: 667 ; Loss: 27.521 ; Acc: 34.032
2018-09-19 13:57:37,421:INFO: [TRAIN] Step: 668 ; Loss: 26.596 ; Acc: 34.062
2018-09-19 13:57:37,506:INFO: [TRAIN] Step: 669 ; Loss: 24.395 ; Acc: 34.104
2018-09-19 13:57:37,583:INFO: [TRAIN] Step: 670 ; Loss: 31.846 ; Acc: 34.116
2018-09-19 13:57:37,665:INFO: [TRAIN] Step: 671 ; Loss: 29.845 ; Acc: 34.127
2018-09-19 13:57:37,744:INFO: [TRAIN] Step: 672 ; Loss: 34.929 ; Acc: 34.113
2018-09-19 13:57:37,829:INFO: [TRAIN] Step: 673 ; Loss: 26.491 ; Acc: 34.149
2018-09-19 13:57:37,907:INFO: [TRAIN] Step: 674 ; Loss: 26.156 ; Acc: 34.154
2018-09-19 13:57:37,989:INFO: [TRAIN] Step: 675 ; Loss: 26.732 ; Acc: 34.147
2018-09-19 13:57:38,065:INFO: [TRAIN] Step: 676 ; Loss: 28.399 ; Acc: 34.133
2018-09-19 13:57:38,149:INFO: [TRAIN] Step: 677 ; Loss: 25.191 ; Acc: 34.145
2018-09-19 13:57:38,227:INFO: [TRAIN] Step: 678 ; Loss: 28.296 ; Acc: 34.162
2018-09-19 13:57:38,313:INFO: [TRAIN] Step: 679 ; Loss: 26.411 ; Acc: 34.173
2018-09-19 13:57:38,393:INFO: [TRAIN] Step: 680 ; Loss: 28.726 ; Acc: 34.184
2018-09-19 13:57:38,479:INFO: [TRAIN] Step: 681 ; Loss: 29.459 ; Acc: 34.176
2018-09-19 13:57:38,556:INFO: [TRAIN] Step: 682 ; Loss: 29.294 ; Acc: 34.163
2018-09-19 13:57:38,640:INFO: [TRAIN] Step: 683 ; Loss: 32.418 ; Acc: 34.150
2018-09-19 13:57:38,717:INFO: [TRAIN] Step: 684 ; Loss: 26.897 ; Acc: 34.161
2018-09-19 13:57:38,801:INFO: [TRAIN] Step: 685 ; Loss: 28.031 ; Acc: 34.159
2018-09-19 13:57:38,879:INFO: [TRAIN] Step: 686 ; Loss: 28.063 ; Acc: 34.140
2018-09-19 13:57:38,963:INFO: [TRAIN] Step: 687 ; Loss: 31.002 ; Acc: 34.127
2018-09-19 13:57:39,043:INFO: [TRAIN] Step: 688 ; Loss: 31.115 ; Acc: 34.144
2018-09-19 13:57:39,126:INFO: [TRAIN] Step: 689 ; Loss: 27.490 ; Acc: 34.143
2018-09-19 13:57:39,208:INFO: [TRAIN] Step: 690 ; Loss: 32.944 ; Acc: 34.135
2018-09-19 13:57:39,301:INFO: [TRAIN] Step: 691 ; Loss: 26.795 ; Acc: 34.146
2018-09-19 13:57:39,379:INFO: [TRAIN] Step: 692 ; Loss: 30.279 ; Acc: 34.139
2018-09-19 13:57:39,465:INFO: [TRAIN] Step: 693 ; Loss: 30.033 ; Acc: 34.156
2018-09-19 13:57:39,542:INFO: [TRAIN] Step: 694 ; Loss: 29.312 ; Acc: 34.155
2018-09-19 13:57:39,626:INFO: [TRAIN] Step: 695 ; Loss: 30.729 ; Acc: 34.153
2018-09-19 13:57:39,704:INFO: [TRAIN] Step: 696 ; Loss: 27.543 ; Acc: 34.146
2018-09-19 13:57:39,787:INFO: [TRAIN] Step: 697 ; Loss: 32.162 ; Acc: 34.157
2018-09-19 13:57:39,864:INFO: [TRAIN] Step: 698 ; Loss: 27.197 ; Acc: 34.174
2018-09-19 13:57:39,950:INFO: [TRAIN] Step: 699 ; Loss: 28.132 ; Acc: 34.167
2018-09-19 13:57:40,029:INFO: [TRAIN] Step: 700 ; Loss: 27.364 ; Acc: 34.183
2018-09-19 13:57:40,115:INFO: [TRAIN] Step: 701 ; Loss: 31.988 ; Acc: 34.182
2018-09-19 13:57:40,192:INFO: [TRAIN] Step: 702 ; Loss: 27.478 ; Acc: 34.199
2018-09-19 13:57:40,276:INFO: [TRAIN] Step: 703 ; Loss: 31.210 ; Acc: 34.197
2018-09-19 13:57:40,355:INFO: [TRAIN] Step: 704 ; Loss: 27.711 ; Acc: 34.208
2018-09-19 13:57:40,441:INFO: [TRAIN] Step: 705 ; Loss: 30.989 ; Acc: 34.201
2018-09-19 13:57:40,518:INFO: [TRAIN] Step: 706 ; Loss: 28.255 ; Acc: 34.217
2018-09-19 13:57:40,601:INFO: [TRAIN] Step: 707 ; Loss: 33.460 ; Acc: 34.216
2018-09-19 13:57:40,680:INFO: [TRAIN] Step: 708 ; Loss: 26.883 ; Acc: 34.203
2018-09-19 13:57:40,767:INFO: [TRAIN] Step: 709 ; Loss: 27.173 ; Acc: 34.231
2018-09-19 13:57:40,845:INFO: [TRAIN] Step: 710 ; Loss: 30.785 ; Acc: 34.218
2018-09-19 13:57:40,929:INFO: [TRAIN] Step: 711 ; Loss: 30.990 ; Acc: 34.223
2018-09-19 13:57:41,006:INFO: [TRAIN] Step: 712 ; Loss: 28.171 ; Acc: 34.251
2018-09-19 13:57:41,091:INFO: [TRAIN] Step: 713 ; Loss: 29.763 ; Acc: 34.250
2018-09-19 13:57:41,170:INFO: [TRAIN] Step: 714 ; Loss: 26.149 ; Acc: 34.272
2018-09-19 13:57:41,255:INFO: [TRAIN] Step: 715 ; Loss: 31.107 ; Acc: 34.264
2018-09-19 13:57:41,332:INFO: [TRAIN] Step: 716 ; Loss: 32.443 ; Acc: 34.263
2018-09-19 13:57:41,417:INFO: [TRAIN] Step: 717 ; Loss: 34.499 ; Acc: 34.256
2018-09-19 13:57:41,495:INFO: [TRAIN] Step: 718 ; Loss: 28.416 ; Acc: 34.255
2018-09-19 13:57:41,582:INFO: [TRAIN] Step: 719 ; Loss: 29.930 ; Acc: 34.259
2018-09-19 13:57:41,661:INFO: [TRAIN] Step: 720 ; Loss: 30.931 ; Acc: 34.252
2018-09-19 13:57:41,749:INFO: [TRAIN] Step: 721 ; Loss: 28.090 ; Acc: 34.262
2018-09-19 13:57:41,826:INFO: [TRAIN] Step: 722 ; Loss: 28.802 ; Acc: 34.267
2018-09-19 13:57:41,912:INFO: [TRAIN] Step: 723 ; Loss: 28.634 ; Acc: 34.243
2018-09-19 13:57:41,989:INFO: [TRAIN] Step: 724 ; Loss: 30.887 ; Acc: 34.259
2018-09-19 13:57:42,077:INFO: [TRAIN] Step: 725 ; Loss: 29.765 ; Acc: 34.257
2018-09-19 13:57:42,158:INFO: [TRAIN] Step: 726 ; Loss: 32.179 ; Acc: 34.256
2018-09-19 13:57:42,243:INFO: [TRAIN] Step: 727 ; Loss: 27.839 ; Acc: 34.255
2018-09-19 13:57:42,323:INFO: [TRAIN] Step: 728 ; Loss: 30.858 ; Acc: 34.259
2018-09-19 13:57:42,409:INFO: [TRAIN] Step: 729 ; Loss: 31.062 ; Acc: 34.247
2018-09-19 13:57:42,490:INFO: [TRAIN] Step: 730 ; Loss: 28.520 ; Acc: 34.245
2018-09-19 13:57:42,579:INFO: [TRAIN] Step: 731 ; Loss: 27.509 ; Acc: 34.255
2018-09-19 13:57:42,656:INFO: [TRAIN] Step: 732 ; Loss: 27.932 ; Acc: 34.266
2018-09-19 13:57:42,742:INFO: [TRAIN] Step: 733 ; Loss: 28.110 ; Acc: 34.253
2018-09-19 13:57:42,822:INFO: [TRAIN] Step: 734 ; Loss: 29.430 ; Acc: 34.257
2018-09-19 13:57:42,912:INFO: [TRAIN] Step: 735 ; Loss: 33.056 ; Acc: 34.245
2018-09-19 13:57:42,992:INFO: [TRAIN] Step: 736 ; Loss: 29.015 ; Acc: 34.249
2018-09-19 13:57:43,078:INFO: [TRAIN] Step: 737 ; Loss: 26.501 ; Acc: 34.242
2018-09-19 13:57:43,161:INFO: [TRAIN] Step: 738 ; Loss: 27.032 ; Acc: 34.241
2018-09-19 13:57:43,246:INFO: [TRAIN] Step: 739 ; Loss: 29.252 ; Acc: 34.245
2018-09-19 13:57:43,324:INFO: [TRAIN] Step: 740 ; Loss: 29.406 ; Acc: 34.250
2018-09-19 13:57:43,409:INFO: [TRAIN] Step: 741 ; Loss: 29.729 ; Acc: 34.260
2018-09-19 13:57:43,489:INFO: [TRAIN] Step: 742 ; Loss: 30.522 ; Acc: 34.270
2018-09-19 13:57:43,576:INFO: [TRAIN] Step: 743 ; Loss: 30.196 ; Acc: 34.263
2018-09-19 13:57:43,656:INFO: [TRAIN] Step: 744 ; Loss: 28.509 ; Acc: 34.262
2018-09-19 13:57:43,745:INFO: [TRAIN] Step: 745 ; Loss: 28.542 ; Acc: 34.272
2018-09-19 13:57:43,827:INFO: [TRAIN] Step: 746 ; Loss: 28.623 ; Acc: 34.282
2018-09-19 13:57:43,913:INFO: [TRAIN] Step: 747 ; Loss: 27.696 ; Acc: 34.308
2018-09-19 13:57:43,993:INFO: [TRAIN] Step: 748 ; Loss: 27.785 ; Acc: 34.324
2018-09-19 13:57:44,079:INFO: [TRAIN] Step: 749 ; Loss: 25.156 ; Acc: 34.339
2018-09-19 13:57:44,160:INFO: [TRAIN] Step: 750 ; Loss: 32.327 ; Acc: 34.338
2018-09-19 13:57:44,247:INFO: [TRAIN] Step: 751 ; Loss: 32.457 ; Acc: 34.336
2018-09-19 13:57:44,328:INFO: [TRAIN] Step: 752 ; Loss: 26.771 ; Acc: 34.335
2018-09-19 13:57:44,416:INFO: [TRAIN] Step: 753 ; Loss: 29.613 ; Acc: 34.334
2018-09-19 13:57:44,496:INFO: [TRAIN] Step: 754 ; Loss: 27.513 ; Acc: 34.332
2018-09-19 13:57:44,582:INFO: [TRAIN] Step: 755 ; Loss: 28.424 ; Acc: 34.347
2018-09-19 13:57:44,663:INFO: [TRAIN] Step: 756 ; Loss: 29.347 ; Acc: 34.352
2018-09-19 13:57:44,753:INFO: [TRAIN] Step: 757 ; Loss: 29.546 ; Acc: 34.361
2018-09-19 13:57:44,837:INFO: [TRAIN] Step: 758 ; Loss: 31.506 ; Acc: 34.343
2018-09-19 13:57:44,927:INFO: [TRAIN] Step: 759 ; Loss: 26.912 ; Acc: 34.359
2018-09-19 13:57:45,010:INFO: [TRAIN] Step: 760 ; Loss: 29.279 ; Acc: 34.352
2018-09-19 13:57:45,098:INFO: [TRAIN] Step: 761 ; Loss: 31.800 ; Acc: 34.345
2018-09-19 13:57:45,180:INFO: [TRAIN] Step: 762 ; Loss: 28.901 ; Acc: 34.349
2018-09-19 13:57:45,272:INFO: [TRAIN] Step: 763 ; Loss: 32.022 ; Acc: 34.331
2018-09-19 13:57:45,353:INFO: [TRAIN] Step: 764 ; Loss: 28.795 ; Acc: 34.325
2018-09-19 13:57:45,443:INFO: [TRAIN] Step: 765 ; Loss: 31.669 ; Acc: 34.329
2018-09-19 13:57:45,526:INFO: [TRAIN] Step: 766 ; Loss: 27.829 ; Acc: 34.338
2018-09-19 13:57:45,617:INFO: [TRAIN] Step: 767 ; Loss: 24.688 ; Acc: 34.342
2018-09-19 13:57:45,702:INFO: [TRAIN] Step: 768 ; Loss: 27.556 ; Acc: 34.368
2018-09-19 13:57:45,793:INFO: [TRAIN] Step: 769 ; Loss: 30.318 ; Acc: 34.367
2018-09-19 13:57:45,877:INFO: [TRAIN] Step: 770 ; Loss: 32.082 ; Acc: 34.339
2018-09-19 13:57:45,965:INFO: [TRAIN] Step: 771 ; Loss: 30.575 ; Acc: 34.326
2018-09-19 13:57:46,046:INFO: [TRAIN] Step: 772 ; Loss: 33.288 ; Acc: 34.325
2018-09-19 13:57:46,137:INFO: [TRAIN] Step: 773 ; Loss: 27.772 ; Acc: 34.324
2018-09-19 13:57:46,220:INFO: [TRAIN] Step: 774 ; Loss: 26.427 ; Acc: 34.344
2018-09-19 13:57:46,307:INFO: [TRAIN] Step: 775 ; Loss: 26.161 ; Acc: 34.348
2018-09-19 13:57:46,389:INFO: [TRAIN] Step: 776 ; Loss: 30.353 ; Acc: 34.331
2018-09-19 13:57:46,477:INFO: [TRAIN] Step: 777 ; Loss: 29.028 ; Acc: 34.335
2018-09-19 13:57:46,559:INFO: [TRAIN] Step: 778 ; Loss: 28.416 ; Acc: 34.339
2018-09-19 13:57:46,648:INFO: [TRAIN] Step: 779 ; Loss: 29.233 ; Acc: 34.343
2018-09-19 13:57:46,731:INFO: [TRAIN] Step: 780 ; Loss: 30.676 ; Acc: 34.358
2018-09-19 13:57:46,819:INFO: [TRAIN] Step: 781 ; Loss: 29.720 ; Acc: 34.378
2018-09-19 13:57:46,900:INFO: [TRAIN] Step: 782 ; Loss: 27.368 ; Acc: 34.376
2018-09-19 13:57:46,988:INFO: [TRAIN] Step: 783 ; Loss: 27.303 ; Acc: 34.386
2018-09-19 13:57:47,071:INFO: [TRAIN] Step: 784 ; Loss: 27.941 ; Acc: 34.379
2018-09-19 13:57:47,161:INFO: [TRAIN] Step: 785 ; Loss: 31.869 ; Acc: 34.383
2018-09-19 13:57:47,244:INFO: [TRAIN] Step: 786 ; Loss: 26.931 ; Acc: 34.424
2018-09-19 13:57:47,333:INFO: [TRAIN] Step: 787 ; Loss: 31.625 ; Acc: 34.407
2018-09-19 13:57:47,421:INFO: [TRAIN] Step: 788 ; Loss: 30.478 ; Acc: 34.421
2018-09-19 13:57:47,512:INFO: [TRAIN] Step: 789 ; Loss: 28.927 ; Acc: 34.420
2018-09-19 13:57:47,598:INFO: [TRAIN] Step: 790 ; Loss: 34.559 ; Acc: 34.413
2018-09-19 13:57:47,700:INFO: [TRAIN] Step: 791 ; Loss: 32.928 ; Acc: 34.396
2018-09-19 13:57:47,785:INFO: [TRAIN] Step: 792 ; Loss: 28.509 ; Acc: 34.421
2018-09-19 13:57:47,873:INFO: [TRAIN] Step: 793 ; Loss: 28.962 ; Acc: 34.414
2018-09-19 13:57:47,957:INFO: [TRAIN] Step: 794 ; Loss: 32.735 ; Acc: 34.413
2018-09-19 13:57:48,050:INFO: [TRAIN] Step: 795 ; Loss: 25.701 ; Acc: 34.443
2018-09-19 13:57:48,138:INFO: [TRAIN] Step: 796 ; Loss: 27.163 ; Acc: 34.473
2018-09-19 13:57:48,230:INFO: [TRAIN] Step: 797 ; Loss: 23.087 ; Acc: 34.503
2018-09-19 13:57:48,316:INFO: [TRAIN] Step: 798 ; Loss: 32.175 ; Acc: 34.496
2018-09-19 13:57:48,406:INFO: [TRAIN] Step: 799 ; Loss: 28.359 ; Acc: 34.500
2018-09-19 13:57:48,491:INFO: [TRAIN] Step: 800 ; Loss: 30.244 ; Acc: 34.509
2018-09-19 13:57:48,581:INFO: [TRAIN] Step: 801 ; Loss: 28.808 ; Acc: 34.502
2018-09-19 13:57:48,665:INFO: [TRAIN] Step: 802 ; Loss: 30.484 ; Acc: 34.496
2018-09-19 13:57:48,756:INFO: [TRAIN] Step: 803 ; Loss: 28.397 ; Acc: 34.479
2018-09-19 13:57:48,841:INFO: [TRAIN] Step: 804 ; Loss: 29.272 ; Acc: 34.482
2018-09-19 13:57:48,935:INFO: [TRAIN] Step: 805 ; Loss: 28.428 ; Acc: 34.486
2018-09-19 13:57:49,021:INFO: [TRAIN] Step: 806 ; Loss: 28.534 ; Acc: 34.474
2018-09-19 13:57:49,112:INFO: [TRAIN] Step: 807 ; Loss: 29.953 ; Acc: 34.473
2018-09-19 13:57:49,201:INFO: [TRAIN] Step: 808 ; Loss: 28.149 ; Acc: 34.482
2018-09-19 13:57:49,292:INFO: [TRAIN] Step: 809 ; Loss: 26.533 ; Acc: 34.511
2018-09-19 13:57:49,380:INFO: [TRAIN] Step: 810 ; Loss: 27.084 ; Acc: 34.525
2018-09-19 13:57:49,474:INFO: [TRAIN] Step: 811 ; Loss: 31.621 ; Acc: 34.524
2018-09-19 13:57:49,562:INFO: [TRAIN] Step: 812 ; Loss: 30.202 ; Acc: 34.522
2018-09-19 13:57:49,653:INFO: [TRAIN] Step: 813 ; Loss: 26.927 ; Acc: 34.516
2018-09-19 13:57:49,738:INFO: [TRAIN] Step: 814 ; Loss: 28.807 ; Acc: 34.504
2018-09-19 13:57:49,834:INFO: [TRAIN] Step: 815 ; Loss: 23.605 ; Acc: 34.538
2018-09-19 13:57:49,921:INFO: [TRAIN] Step: 816 ; Loss: 29.574 ; Acc: 34.547
2018-09-19 13:57:50,013:INFO: [TRAIN] Step: 817 ; Loss: 32.055 ; Acc: 34.530
2018-09-19 13:57:50,101:INFO: [TRAIN] Step: 818 ; Loss: 27.138 ; Acc: 34.549
2018-09-19 13:57:50,196:INFO: [TRAIN] Step: 819 ; Loss: 26.723 ; Acc: 34.563
2018-09-19 13:57:50,284:INFO: [TRAIN] Step: 820 ; Loss: 29.591 ; Acc: 34.572
2018-09-19 13:57:50,378:INFO: [TRAIN] Step: 821 ; Loss: 28.813 ; Acc: 34.595
2018-09-19 13:57:50,466:INFO: [TRAIN] Step: 822 ; Loss: 30.243 ; Acc: 34.594
2018-09-19 13:57:50,561:INFO: [TRAIN] Step: 823 ; Loss: 24.584 ; Acc: 34.628
2018-09-19 13:57:50,650:INFO: [TRAIN] Step: 824 ; Loss: 27.905 ; Acc: 34.641
2018-09-19 13:57:50,746:INFO: [TRAIN] Step: 825 ; Loss: 26.440 ; Acc: 34.670
2018-09-19 13:57:50,834:INFO: [TRAIN] Step: 826 ; Loss: 29.964 ; Acc: 34.663
2018-09-19 13:57:50,930:INFO: [TRAIN] Step: 827 ; Loss: 26.881 ; Acc: 34.687
2018-09-19 13:57:51,018:INFO: [TRAIN] Step: 828 ; Loss: 26.578 ; Acc: 34.695
2018-09-19 13:57:51,112:INFO: [TRAIN] Step: 829 ; Loss: 25.458 ; Acc: 34.714
2018-09-19 13:57:51,204:INFO: [TRAIN] Step: 830 ; Loss: 28.352 ; Acc: 34.712
2018-09-19 13:57:51,300:INFO: [TRAIN] Step: 831 ; Loss: 26.888 ; Acc: 34.706
2018-09-19 13:57:51,389:INFO: [TRAIN] Step: 832 ; Loss: 28.794 ; Acc: 34.709
2018-09-19 13:57:51,484:INFO: [TRAIN] Step: 833 ; Loss: 28.514 ; Acc: 34.717
2018-09-19 13:57:51,576:INFO: [TRAIN] Step: 834 ; Loss: 32.443 ; Acc: 34.706
2018-09-19 13:57:51,668:INFO: [TRAIN] Step: 835 ; Loss: 27.519 ; Acc: 34.709
2018-09-19 13:57:51,757:INFO: [TRAIN] Step: 836 ; Loss: 32.898 ; Acc: 34.712
2018-09-19 13:57:51,850:INFO: [TRAIN] Step: 837 ; Loss: 32.150 ; Acc: 34.711
2018-09-19 13:57:51,939:INFO: [TRAIN] Step: 838 ; Loss: 28.657 ; Acc: 34.714
2018-09-19 13:57:52,034:INFO: [TRAIN] Step: 839 ; Loss: 33.598 ; Acc: 34.702
2018-09-19 13:57:52,123:INFO: [TRAIN] Step: 840 ; Loss: 27.657 ; Acc: 34.716
2018-09-19 13:57:52,216:INFO: [TRAIN] Step: 841 ; Loss: 27.007 ; Acc: 34.734
2018-09-19 13:57:52,305:INFO: [TRAIN] Step: 842 ; Loss: 29.894 ; Acc: 34.717
2018-09-19 13:57:52,400:INFO: [TRAIN] Step: 843 ; Loss: 32.014 ; Acc: 34.735
2018-09-19 13:57:52,491:INFO: [TRAIN] Step: 844 ; Loss: 29.630 ; Acc: 34.719
2018-09-19 13:57:52,584:INFO: [TRAIN] Step: 845 ; Loss: 26.515 ; Acc: 34.732
2018-09-19 13:57:52,677:INFO: [TRAIN] Step: 846 ; Loss: 32.604 ; Acc: 34.726
2018-09-19 13:57:52,771:INFO: [TRAIN] Step: 847 ; Loss: 30.611 ; Acc: 34.729
2018-09-19 13:57:52,860:INFO: [TRAIN] Step: 848 ; Loss: 28.209 ; Acc: 34.747
2018-09-19 13:57:52,959:INFO: [TRAIN] Step: 849 ; Loss: 28.670 ; Acc: 34.750
2018-09-19 13:57:53,047:INFO: [TRAIN] Step: 850 ; Loss: 27.058 ; Acc: 34.748
2018-09-19 13:57:53,143:INFO: [TRAIN] Step: 851 ; Loss: 27.527 ; Acc: 34.742
2018-09-19 13:57:53,233:INFO: [TRAIN] Step: 852 ; Loss: 28.053 ; Acc: 34.735
2018-09-19 13:57:53,327:INFO: [TRAIN] Step: 853 ; Loss: 26.145 ; Acc: 34.748
2018-09-19 13:57:53,413:INFO: [TRAIN] Step: 854 ; Loss: 30.200 ; Acc: 34.756
2018-09-19 13:57:53,510:INFO: [TRAIN] Step: 855 ; Loss: 26.877 ; Acc: 34.755
2018-09-19 13:57:53,598:INFO: [TRAIN] Step: 856 ; Loss: 30.808 ; Acc: 34.758
2018-09-19 13:57:53,692:INFO: [TRAIN] Step: 857 ; Loss: 24.503 ; Acc: 34.761
2018-09-19 13:57:53,779:INFO: [TRAIN] Step: 858 ; Loss: 29.456 ; Acc: 34.750
2018-09-19 13:57:53,873:INFO: [TRAIN] Step: 859 ; Loss: 23.872 ; Acc: 34.767
2018-09-19 13:57:53,960:INFO: [TRAIN] Step: 860 ; Loss: 26.738 ; Acc: 34.785
2018-09-19 13:57:54,056:INFO: [TRAIN] Step: 861 ; Loss: 27.827 ; Acc: 34.779
2018-09-19 13:57:54,146:INFO: [TRAIN] Step: 862 ; Loss: 36.458 ; Acc: 34.758
2018-09-19 13:57:54,239:INFO: [TRAIN] Step: 863 ; Loss: 29.433 ; Acc: 34.766
2018-09-19 13:57:54,328:INFO: [TRAIN] Step: 864 ; Loss: 31.738 ; Acc: 34.754
2018-09-19 13:57:54,422:INFO: [TRAIN] Step: 865 ; Loss: 31.936 ; Acc: 34.753
2018-09-19 13:57:54,509:INFO: [TRAIN] Step: 866 ; Loss: 28.199 ; Acc: 34.741
2018-09-19 13:57:54,606:INFO: [TRAIN] Step: 867 ; Loss: 25.990 ; Acc: 34.754
2018-09-19 13:57:54,694:INFO: [TRAIN] Step: 868 ; Loss: 29.605 ; Acc: 34.743
2018-09-19 13:57:54,792:INFO: [TRAIN] Step: 869 ; Loss: 25.944 ; Acc: 34.751
2018-09-19 13:57:54,882:INFO: [TRAIN] Step: 870 ; Loss: 31.839 ; Acc: 34.735
2018-09-19 13:57:54,979:INFO: [TRAIN] Step: 871 ; Loss: 29.158 ; Acc: 34.743
2018-09-19 13:57:55,072:INFO: [TRAIN] Step: 872 ; Loss: 27.014 ; Acc: 34.765
2018-09-19 13:57:55,171:INFO: [TRAIN] Step: 873 ; Loss: 26.878 ; Acc: 34.773
2018-09-19 13:57:55,263:INFO: [TRAIN] Step: 874 ; Loss: 29.382 ; Acc: 34.757
2018-09-19 13:57:55,362:INFO: [TRAIN] Step: 875 ; Loss: 24.462 ; Acc: 34.775
2018-09-19 13:57:55,453:INFO: [TRAIN] Step: 876 ; Loss: 25.680 ; Acc: 34.778
2018-09-19 13:57:55,548:INFO: [TRAIN] Step: 877 ; Loss: 27.871 ; Acc: 34.800
2018-09-19 13:57:55,640:INFO: [TRAIN] Step: 878 ; Loss: 32.678 ; Acc: 34.798
2018-09-19 13:57:55,739:INFO: [TRAIN] Step: 879 ; Loss: 27.987 ; Acc: 34.801
2018-09-19 13:57:55,834:INFO: [TRAIN] Step: 880 ; Loss: 30.066 ; Acc: 34.799
2018-09-19 13:57:55,930:INFO: [TRAIN] Step: 881 ; Loss: 30.521 ; Acc: 34.807
2018-09-19 13:57:56,019:INFO: [TRAIN] Step: 882 ; Loss: 28.084 ; Acc: 34.815
2018-09-19 13:57:56,117:INFO: [TRAIN] Step: 883 ; Loss: 25.175 ; Acc: 34.818
2018-09-19 13:57:56,208:INFO: [TRAIN] Step: 884 ; Loss: 23.671 ; Acc: 34.831
2018-09-19 13:57:56,304:INFO: [TRAIN] Step: 885 ; Loss: 27.681 ; Acc: 34.843
2018-09-19 13:57:56,391:INFO: [TRAIN] Step: 886 ; Loss: 28.097 ; Acc: 34.855
2018-09-19 13:57:56,487:INFO: [TRAIN] Step: 887 ; Loss: 29.256 ; Acc: 34.868
2018-09-19 13:57:56,574:INFO: [TRAIN] Step: 888 ; Loss: 32.644 ; Acc: 34.880
2018-09-19 13:57:56,669:INFO: [TRAIN] Step: 889 ; Loss: 26.800 ; Acc: 34.869
2018-09-19 13:57:56,759:INFO: [TRAIN] Step: 890 ; Loss: 30.450 ; Acc: 34.886
2018-09-19 13:57:56,860:INFO: [TRAIN] Step: 891 ; Loss: 29.260 ; Acc: 34.879
2018-09-19 13:57:56,951:INFO: [TRAIN] Step: 892 ; Loss: 27.917 ; Acc: 34.892
2018-09-19 13:57:57,048:INFO: [TRAIN] Step: 893 ; Loss: 30.949 ; Acc: 34.890
2018-09-19 13:57:57,135:INFO: [TRAIN] Step: 894 ; Loss: 31.055 ; Acc: 34.888
2018-09-19 13:57:57,234:INFO: [TRAIN] Step: 895 ; Loss: 27.392 ; Acc: 34.882
2018-09-19 13:57:57,321:INFO: [TRAIN] Step: 896 ; Loss: 25.275 ; Acc: 34.889
2018-09-19 13:57:57,418:INFO: [TRAIN] Step: 897 ; Loss: 27.894 ; Acc: 34.906
2018-09-19 13:57:57,507:INFO: [TRAIN] Step: 898 ; Loss: 27.719 ; Acc: 34.937
2018-09-19 13:57:57,604:INFO: [TRAIN] Step: 899 ; Loss: 30.544 ; Acc: 34.940
2018-09-19 13:57:57,696:INFO: [TRAIN] Step: 900 ; Loss: 30.114 ; Acc: 34.961
2018-09-19 13:57:57,795:INFO: [TRAIN] Step: 901 ; Loss: 32.031 ; Acc: 34.969
2018-09-19 13:57:57,887:INFO: [TRAIN] Step: 902 ; Loss: 27.206 ; Acc: 34.971
2018-09-19 13:57:57,984:INFO: [TRAIN] Step: 903 ; Loss: 28.066 ; Acc: 34.970
2018-09-19 13:57:58,075:INFO: [TRAIN] Step: 904 ; Loss: 27.782 ; Acc: 34.991
2018-09-19 13:57:58,172:INFO: [TRAIN] Step: 905 ; Loss: 28.441 ; Acc: 34.989
2018-09-19 13:57:58,264:INFO: [TRAIN] Step: 906 ; Loss: 31.467 ; Acc: 34.992
2018-09-19 13:57:58,362:INFO: [TRAIN] Step: 907 ; Loss: 24.604 ; Acc: 35.008
2018-09-19 13:57:58,451:INFO: [TRAIN] Step: 908 ; Loss: 27.006 ; Acc: 35.016
2018-09-19 13:57:58,549:INFO: [TRAIN] Step: 909 ; Loss: 26.765 ; Acc: 35.014
2018-09-19 13:57:58,641:INFO: [TRAIN] Step: 910 ; Loss: 25.200 ; Acc: 35.026
2018-09-19 13:57:58,737:INFO: [TRAIN] Step: 911 ; Loss: 31.619 ; Acc: 35.015
2018-09-19 13:57:58,830:INFO: [TRAIN] Step: 912 ; Loss: 29.075 ; Acc: 35.017
2018-09-19 13:57:58,927:INFO: [TRAIN] Step: 913 ; Loss: 28.140 ; Acc: 35.029
2018-09-19 13:57:59,018:INFO: [TRAIN] Step: 914 ; Loss: 30.208 ; Acc: 35.032
2018-09-19 13:57:59,117:INFO: [TRAIN] Step: 915 ; Loss: 28.922 ; Acc: 35.030
2018-09-19 13:57:59,208:INFO: [TRAIN] Step: 916 ; Loss: 29.857 ; Acc: 35.042
2018-09-19 13:57:59,304:INFO: [TRAIN] Step: 917 ; Loss: 31.731 ; Acc: 35.026
2018-09-19 13:57:59,394:INFO: [TRAIN] Step: 918 ; Loss: 31.370 ; Acc: 35.015
2018-09-19 13:57:59,490:INFO: [TRAIN] Step: 919 ; Loss: 29.102 ; Acc: 35.014
2018-09-19 13:57:59,582:INFO: [TRAIN] Step: 920 ; Loss: 27.204 ; Acc: 35.025
2018-09-19 13:57:59,678:INFO: [TRAIN] Step: 921 ; Loss: 27.492 ; Acc: 35.014
2018-09-19 13:57:59,772:INFO: [TRAIN] Step: 922 ; Loss: 27.132 ; Acc: 35.035
2018-09-19 13:57:59,870:INFO: [TRAIN] Step: 923 ; Loss: 29.715 ; Acc: 35.047
2018-09-19 13:57:59,958:INFO: [TRAIN] Step: 924 ; Loss: 25.949 ; Acc: 35.059
2018-09-19 13:58:00,061:INFO: [TRAIN] Step: 925 ; Loss: 27.415 ; Acc: 35.070
2018-09-19 13:58:00,161:INFO: [TRAIN] Step: 926 ; Loss: 32.181 ; Acc: 35.064
2018-09-19 13:58:00,259:INFO: [TRAIN] Step: 927 ; Loss: 26.760 ; Acc: 35.093
2018-09-19 13:58:00,348:INFO: [TRAIN] Step: 928 ; Loss: 30.510 ; Acc: 35.114
2018-09-19 13:58:00,444:INFO: [TRAIN] Step: 929 ; Loss: 26.716 ; Acc: 35.121
2018-09-19 13:58:00,536:INFO: [TRAIN] Step: 930 ; Loss: 27.548 ; Acc: 35.128
2018-09-19 13:58:00,633:INFO: [TRAIN] Step: 931 ; Loss: 29.630 ; Acc: 35.117
2018-09-19 13:58:00,725:INFO: [TRAIN] Step: 932 ; Loss: 28.396 ; Acc: 35.111
2018-09-19 13:58:00,822:INFO: [TRAIN] Step: 933 ; Loss: 30.085 ; Acc: 35.091
2018-09-19 13:58:00,915:INFO: [TRAIN] Step: 934 ; Loss: 29.720 ; Acc: 35.085
2018-09-19 13:58:01,016:INFO: [TRAIN] Step: 935 ; Loss: 31.117 ; Acc: 35.087
2018-09-19 13:58:01,105:INFO: [TRAIN] Step: 936 ; Loss: 23.190 ; Acc: 35.103
2018-09-19 13:58:01,201:INFO: [TRAIN] Step: 937 ; Loss: 30.079 ; Acc: 35.115
2018-09-19 13:58:01,292:INFO: [TRAIN] Step: 938 ; Loss: 27.949 ; Acc: 35.117
2018-09-19 13:58:01,389:INFO: [TRAIN] Step: 939 ; Loss: 29.079 ; Acc: 35.115
2018-09-19 13:58:01,482:INFO: [TRAIN] Step: 940 ; Loss: 29.368 ; Acc: 35.127
2018-09-19 13:58:01,577:INFO: [TRAIN] Step: 941 ; Loss: 30.832 ; Acc: 35.147
2018-09-19 13:58:01,669:INFO: [TRAIN] Step: 942 ; Loss: 26.239 ; Acc: 35.158
2018-09-19 13:58:01,765:INFO: [TRAIN] Step: 943 ; Loss: 27.530 ; Acc: 35.174
2018-09-19 13:58:01,857:INFO: [TRAIN] Step: 944 ; Loss: 27.407 ; Acc: 35.163
2018-09-19 13:58:01,952:INFO: [TRAIN] Step: 945 ; Loss: 28.971 ; Acc: 35.170
2018-09-19 13:58:02,039:INFO: [TRAIN] Step: 946 ; Loss: 25.648 ; Acc: 35.186
2018-09-19 13:58:02,138:INFO: [TRAIN] Step: 947 ; Loss: 27.934 ; Acc: 35.175
2018-09-19 13:58:02,227:INFO: [TRAIN] Step: 948 ; Loss: 26.806 ; Acc: 35.186
2018-09-19 13:58:02,325:INFO: [TRAIN] Step: 949 ; Loss: 29.668 ; Acc: 35.175
2018-09-19 13:58:02,416:INFO: [TRAIN] Step: 950 ; Loss: 24.819 ; Acc: 35.195
2018-09-19 13:58:02,510:INFO: [TRAIN] Step: 951 ; Loss: 29.227 ; Acc: 35.189
2018-09-19 13:58:02,603:INFO: [TRAIN] Step: 952 ; Loss: 28.587 ; Acc: 35.196
2018-09-19 13:58:02,712:INFO: [TRAIN] Step: 953 ; Loss: 28.364 ; Acc: 35.194
2018-09-19 13:58:02,803:INFO: [TRAIN] Step: 954 ; Loss: 26.231 ; Acc: 35.218
2018-09-19 13:58:02,903:INFO: [TRAIN] Step: 955 ; Loss: 30.697 ; Acc: 35.221
2018-09-19 13:58:02,992:INFO: [TRAIN] Step: 956 ; Loss: 32.334 ; Acc: 35.219
2018-09-19 13:58:03,088:INFO: [TRAIN] Step: 957 ; Loss: 27.161 ; Acc: 35.230
2018-09-19 13:58:03,177:INFO: [TRAIN] Step: 958 ; Loss: 31.061 ; Acc: 35.215
2018-09-19 13:58:03,270:INFO: [TRAIN] Step: 959 ; Loss: 28.303 ; Acc: 35.230
2018-09-19 13:58:03,359:INFO: [TRAIN] Step: 960 ; Loss: 28.710 ; Acc: 35.241
2018-09-19 13:58:03,453:INFO: [TRAIN] Step: 961 ; Loss: 30.266 ; Acc: 35.239
2018-09-19 13:58:03,542:INFO: [TRAIN] Step: 962 ; Loss: 32.160 ; Acc: 35.224
2018-09-19 13:58:03,641:INFO: [TRAIN] Step: 963 ; Loss: 32.370 ; Acc: 35.214
2018-09-19 13:58:03,732:INFO: [TRAIN] Step: 964 ; Loss: 24.491 ; Acc: 35.207
2018-09-19 13:58:03,829:INFO: [TRAIN] Step: 965 ; Loss: 26.696 ; Acc: 35.214
2018-09-19 13:58:03,918:INFO: [TRAIN] Step: 966 ; Loss: 30.992 ; Acc: 35.234
2018-09-19 13:58:04,018:INFO: [TRAIN] Step: 967 ; Loss: 31.589 ; Acc: 35.232
2018-09-19 13:58:04,111:INFO: [TRAIN] Step: 968 ; Loss: 30.142 ; Acc: 35.230
2018-09-19 13:58:04,207:INFO: [TRAIN] Step: 969 ; Loss: 27.279 ; Acc: 35.241
2018-09-19 13:58:04,296:INFO: [TRAIN] Step: 970 ; Loss: 29.337 ; Acc: 35.247
2018-09-19 13:58:04,394:INFO: [TRAIN] Step: 971 ; Loss: 25.952 ; Acc: 35.254
2018-09-19 13:58:04,483:INFO: [TRAIN] Step: 972 ; Loss: 28.612 ; Acc: 35.269
2018-09-19 13:58:04,581:INFO: [TRAIN] Step: 973 ; Loss: 27.425 ; Acc: 35.284
2018-09-19 13:58:04,671:INFO: [TRAIN] Step: 974 ; Loss: 30.977 ; Acc: 35.261
2018-09-19 13:58:04,769:INFO: [TRAIN] Step: 975 ; Loss: 30.290 ; Acc: 35.254
2018-09-19 13:58:04,859:INFO: [TRAIN] Step: 976 ; Loss: 33.638 ; Acc: 35.261
2018-09-19 13:58:04,954:INFO: [TRAIN] Step: 977 ; Loss: 31.883 ; Acc: 35.251
2018-09-19 13:58:05,042:INFO: [TRAIN] Step: 978 ; Loss: 29.995 ; Acc: 35.249
2018-09-19 13:58:05,135:INFO: [TRAIN] Step: 979 ; Loss: 25.735 ; Acc: 35.251
2018-09-19 13:58:05,253:INFO: [TRAIN] Step: 980 ; Loss: 29.037 ; Acc: 35.257
2018-09-19 13:58:05,354:INFO: [TRAIN] Step: 981 ; Loss: 28.897 ; Acc: 35.251
2018-09-19 13:58:05,444:INFO: [TRAIN] Step: 982 ; Loss: 31.499 ; Acc: 35.253
2018-09-19 13:58:05,542:INFO: [TRAIN] Step: 983 ; Loss: 31.253 ; Acc: 35.247
2018-09-19 13:58:05,635:INFO: [TRAIN] Step: 984 ; Loss: 25.968 ; Acc: 35.250
2018-09-19 13:58:05,734:INFO: [TRAIN] Step: 985 ; Loss: 30.571 ; Acc: 35.256
2018-09-19 13:58:05,823:INFO: [TRAIN] Step: 986 ; Loss: 28.094 ; Acc: 35.250
2018-09-19 13:58:05,920:INFO: [TRAIN] Step: 987 ; Loss: 26.421 ; Acc: 35.256
2018-09-19 13:58:06,012:INFO: [TRAIN] Step: 988 ; Loss: 31.031 ; Acc: 35.263
2018-09-19 13:58:06,108:INFO: [TRAIN] Step: 989 ; Loss: 30.959 ; Acc: 35.265
2018-09-19 13:58:06,203:INFO: [TRAIN] Step: 990 ; Loss: 35.800 ; Acc: 35.276
2018-09-19 13:58:06,321:INFO: [TRAIN] Step: 991 ; Loss: 27.263 ; Acc: 35.286
2018-09-19 13:58:06,408:INFO: [TRAIN] Step: 992 ; Loss: 27.780 ; Acc: 35.297
2018-09-19 13:58:06,519:INFO: [TRAIN] Step: 993 ; Loss: 25.852 ; Acc: 35.312
2018-09-19 13:58:06,615:INFO: [TRAIN] Step: 994 ; Loss: 24.244 ; Acc: 35.314
2018-09-19 13:58:06,724:INFO: [TRAIN] Step: 995 ; Loss: 30.733 ; Acc: 35.304
2018-09-19 13:58:06,821:INFO: [TRAIN] Step: 996 ; Loss: 27.294 ; Acc: 35.306
2018-09-19 13:58:06,926:INFO: [TRAIN] Step: 997 ; Loss: 27.860 ; Acc: 35.308
2018-09-19 13:58:07,016:INFO: [TRAIN] Step: 998 ; Loss: 29.131 ; Acc: 35.310
2018-09-19 13:58:07,105:INFO: [TRAIN] Step: 999 ; Loss: 31.116 ; Acc: 35.333
2018-09-19 13:58:07,204:INFO: [TRAIN] Step: 1000 ; Loss: 30.055 ; Acc: 35.319
2018-09-19 13:58:07,301:INFO: [TRAIN] Step: 1001 ; Loss: 26.048 ; Acc: 35.321
2018-09-19 13:58:07,396:INFO: [TRAIN] Step: 1002 ; Loss: 29.199 ; Acc: 35.327
2018-09-19 13:58:07,486:INFO: [TRAIN] Step: 1003 ; Loss: 28.368 ; Acc: 35.330
2018-09-19 13:58:07,593:INFO: [TRAIN] Step: 1004 ; Loss: 30.022 ; Acc: 35.328
2018-09-19 13:58:07,687:INFO: [TRAIN] Step: 1005 ; Loss: 25.279 ; Acc: 35.330
2018-09-19 13:58:07,783:INFO: [TRAIN] Step: 1006 ; Loss: 28.543 ; Acc: 35.319
2018-09-19 13:58:07,879:INFO: [TRAIN] Step: 1007 ; Loss: 27.488 ; Acc: 35.326
2018-09-19 13:58:07,977:INFO: [TRAIN] Step: 1008 ; Loss: 29.011 ; Acc: 35.344
2018-09-19 13:58:08,073:INFO: [TRAIN] Step: 1009 ; Loss: 24.317 ; Acc: 35.347
2018-09-19 13:58:08,179:INFO: [TRAIN] Step: 1010 ; Loss: 26.269 ; Acc: 35.357
2018-09-19 13:58:08,282:INFO: [TRAIN] Step: 1011 ; Loss: 26.816 ; Acc: 35.363
2018-09-19 13:58:08,385:INFO: [TRAIN] Step: 1012 ; Loss: 28.519 ; Acc: 35.373
2018-09-19 13:58:08,473:INFO: [TRAIN] Step: 1013 ; Loss: 26.222 ; Acc: 35.380
2018-09-19 13:58:08,566:INFO: [TRAIN] Step: 1014 ; Loss: 25.195 ; Acc: 35.394
2018-09-19 13:58:08,655:INFO: [TRAIN] Step: 1015 ; Loss: 29.628 ; Acc: 35.400
2018-09-19 13:58:08,748:INFO: [TRAIN] Step: 1016 ; Loss: 29.062 ; Acc: 35.402
2018-09-19 13:58:08,835:INFO: [TRAIN] Step: 1017 ; Loss: 28.377 ; Acc: 35.404
2018-09-19 13:58:08,929:INFO: [TRAIN] Step: 1018 ; Loss: 28.803 ; Acc: 35.406
2018-09-19 13:58:09,019:INFO: [TRAIN] Step: 1019 ; Loss: 28.823 ; Acc: 35.408
2018-09-19 13:58:09,115:INFO: [TRAIN] Step: 1020 ; Loss: 32.996 ; Acc: 35.411
2018-09-19 13:58:09,211:INFO: [TRAIN] Step: 1021 ; Loss: 27.146 ; Acc: 35.417
2018-09-19 13:58:09,315:INFO: [TRAIN] Step: 1022 ; Loss: 27.127 ; Acc: 35.427
2018-09-19 13:58:09,414:INFO: [TRAIN] Step: 1023 ; Loss: 27.086 ; Acc: 35.433
2018-09-19 13:58:09,517:INFO: [TRAIN] Step: 1024 ; Loss: 26.921 ; Acc: 35.447
2018-09-19 13:58:09,605:INFO: [TRAIN] Step: 1025 ; Loss: 30.441 ; Acc: 35.441
2018-09-19 13:58:09,701:INFO: [TRAIN] Step: 1026 ; Loss: 28.262 ; Acc: 35.435
2018-09-19 13:58:09,786:INFO: [TRAIN] Step: 1027 ; Loss: 29.494 ; Acc: 35.437
2018-09-19 13:58:09,879:INFO: [TRAIN] Step: 1028 ; Loss: 25.684 ; Acc: 35.455
2018-09-19 13:58:09,969:INFO: [TRAIN] Step: 1029 ; Loss: 24.194 ; Acc: 35.485
2018-09-19 13:58:10,066:INFO: [TRAIN] Step: 1030 ; Loss: 33.644 ; Acc: 35.475
2018-09-19 13:58:10,151:INFO: [TRAIN] Step: 1031 ; Loss: 28.610 ; Acc: 35.485
2018-09-19 13:58:10,247:INFO: [TRAIN] Step: 1032 ; Loss: 32.472 ; Acc: 35.467
2018-09-19 13:58:10,333:INFO: [TRAIN] Step: 1033 ; Loss: 29.110 ; Acc: 35.469
2018-09-19 13:58:10,428:INFO: [TRAIN] Step: 1034 ; Loss: 27.976 ; Acc: 35.455
2018-09-19 13:58:10,513:INFO: [TRAIN] Step: 1035 ; Loss: 31.734 ; Acc: 35.449
2018-09-19 13:58:10,605:INFO: [TRAIN] Step: 1036 ; Loss: 31.118 ; Acc: 35.451
2018-09-19 13:58:10,694:INFO: [TRAIN] Step: 1037 ; Loss: 27.701 ; Acc: 35.457
2018-09-19 13:58:10,787:INFO: [TRAIN] Step: 1038 ; Loss: 29.393 ; Acc: 35.463
2018-09-19 13:58:10,879:INFO: [TRAIN] Step: 1039 ; Loss: 29.922 ; Acc: 35.457
2018-09-19 13:58:10,973:INFO: [TRAIN] Step: 1040 ; Loss: 31.096 ; Acc: 35.459
2018-09-19 13:58:11,063:INFO: [TRAIN] Step: 1041 ; Loss: 29.233 ; Acc: 35.453
2018-09-19 13:58:11,157:INFO: [TRAIN] Step: 1042 ; Loss: 28.940 ; Acc: 35.451
2018-09-19 13:58:11,242:INFO: [TRAIN] Step: 1043 ; Loss: 29.929 ; Acc: 35.449
2018-09-19 13:58:11,334:INFO: [TRAIN] Step: 1044 ; Loss: 26.106 ; Acc: 35.451
2018-09-19 13:58:11,425:INFO: [TRAIN] Step: 1045 ; Loss: 32.350 ; Acc: 35.453
2018-09-19 13:58:11,516:INFO: [TRAIN] Step: 1046 ; Loss: 28.127 ; Acc: 35.462
2018-09-19 13:58:11,605:INFO: [TRAIN] Step: 1047 ; Loss: 26.818 ; Acc: 35.456
2018-09-19 13:58:11,697:INFO: [TRAIN] Step: 1048 ; Loss: 29.053 ; Acc: 35.446
2018-09-19 13:58:11,784:INFO: [TRAIN] Step: 1049 ; Loss: 28.798 ; Acc: 35.440
2018-09-19 13:58:11,876:INFO: [TRAIN] Step: 1050 ; Loss: 29.092 ; Acc: 35.431
2018-09-19 13:58:11,964:INFO: [TRAIN] Step: 1051 ; Loss: 27.467 ; Acc: 35.433
2018-09-19 13:58:12,060:INFO: [TRAIN] Step: 1052 ; Loss: 25.541 ; Acc: 35.423
2018-09-19 13:58:12,148:INFO: [TRAIN] Step: 1053 ; Loss: 26.649 ; Acc: 35.429
2018-09-19 13:58:12,245:INFO: [TRAIN] Step: 1054 ; Loss: 27.481 ; Acc: 35.427
2018-09-19 13:58:12,331:INFO: [TRAIN] Step: 1055 ; Loss: 26.801 ; Acc: 35.436
2018-09-19 13:58:12,424:INFO: [TRAIN] Step: 1056 ; Loss: 28.613 ; Acc: 35.442
2018-09-19 13:58:12,510:INFO: [TRAIN] Step: 1057 ; Loss: 30.611 ; Acc: 35.456
2018-09-19 13:58:12,603:INFO: [TRAIN] Step: 1058 ; Loss: 31.362 ; Acc: 35.462
2018-09-19 13:58:12,695:INFO: [TRAIN] Step: 1059 ; Loss: 28.541 ; Acc: 35.476
2018-09-19 13:58:12,789:INFO: [TRAIN] Step: 1060 ; Loss: 26.950 ; Acc: 35.474
2018-09-19 13:58:12,877:INFO: [TRAIN] Step: 1061 ; Loss: 30.028 ; Acc: 35.479
2018-09-19 13:58:12,973:INFO: [TRAIN] Step: 1062 ; Loss: 28.221 ; Acc: 35.497
2018-09-19 13:58:13,061:INFO: [TRAIN] Step: 1063 ; Loss: 27.662 ; Acc: 35.499
2018-09-19 13:58:13,153:INFO: [TRAIN] Step: 1064 ; Loss: 25.567 ; Acc: 35.505
2018-09-19 13:58:13,241:INFO: [TRAIN] Step: 1065 ; Loss: 25.285 ; Acc: 35.514
2018-09-19 13:58:13,333:INFO: [TRAIN] Step: 1066 ; Loss: 24.678 ; Acc: 35.524
2018-09-19 13:58:13,418:INFO: [TRAIN] Step: 1067 ; Loss: 27.196 ; Acc: 35.538
2018-09-19 13:58:13,513:INFO: [TRAIN] Step: 1068 ; Loss: 31.966 ; Acc: 35.551
2018-09-19 13:58:13,602:INFO: [TRAIN] Step: 1069 ; Loss: 27.575 ; Acc: 35.561
2018-09-19 13:58:13,694:INFO: [TRAIN] Step: 1070 ; Loss: 31.389 ; Acc: 35.555
2018-09-19 13:58:13,782:INFO: [TRAIN] Step: 1071 ; Loss: 31.260 ; Acc: 35.564
2018-09-19 13:58:13,877:INFO: [TRAIN] Step: 1072 ; Loss: 28.961 ; Acc: 35.566
2018-09-19 13:58:13,962:INFO: [TRAIN] Step: 1073 ; Loss: 29.467 ; Acc: 35.572
2018-09-19 13:58:14,054:INFO: [TRAIN] Step: 1074 ; Loss: 29.628 ; Acc: 35.578
2018-09-19 13:58:14,139:INFO: [TRAIN] Step: 1075 ; Loss: 26.682 ; Acc: 35.603
2018-09-19 13:58:14,230:INFO: [TRAIN] Step: 1076 ; Loss: 26.902 ; Acc: 35.616
2018-09-19 13:58:14,318:INFO: [TRAIN] Step: 1077 ; Loss: 24.945 ; Acc: 35.637
2018-09-19 13:58:14,413:INFO: [TRAIN] Step: 1078 ; Loss: 28.676 ; Acc: 35.635
2018-09-19 13:58:14,500:INFO: [TRAIN] Step: 1079 ; Loss: 28.364 ; Acc: 35.621
2018-09-19 13:58:14,593:INFO: [TRAIN] Step: 1080 ; Loss: 28.569 ; Acc: 35.615
2018-09-19 13:58:14,678:INFO: [TRAIN] Step: 1081 ; Loss: 30.886 ; Acc: 35.594
2018-09-19 13:58:14,773:INFO: [TRAIN] Step: 1082 ; Loss: 27.529 ; Acc: 35.599
2018-09-19 13:58:14,859:INFO: [TRAIN] Step: 1083 ; Loss: 30.657 ; Acc: 35.590
2018-09-19 13:58:14,953:INFO: [TRAIN] Step: 1084 ; Loss: 25.739 ; Acc: 35.607
2018-09-19 13:58:15,038:INFO: [TRAIN] Step: 1085 ; Loss: 29.822 ; Acc: 35.605
2018-09-19 13:58:15,131:INFO: [TRAIN] Step: 1086 ; Loss: 30.352 ; Acc: 35.610
2018-09-19 13:58:15,221:INFO: [TRAIN] Step: 1087 ; Loss: 29.701 ; Acc: 35.631
2018-09-19 13:58:15,315:INFO: [TRAIN] Step: 1088 ; Loss: 25.971 ; Acc: 35.648
2018-09-19 13:58:15,404:INFO: [TRAIN] Step: 1089 ; Loss: 31.525 ; Acc: 35.646
2018-09-19 13:58:15,498:INFO: [TRAIN] Step: 1090 ; Loss: 32.860 ; Acc: 35.640
2018-09-19 13:58:15,585:INFO: [TRAIN] Step: 1091 ; Loss: 29.095 ; Acc: 35.653
2018-09-19 13:58:15,677:INFO: [TRAIN] Step: 1092 ; Loss: 27.913 ; Acc: 35.655
2018-09-19 13:58:15,764:INFO: [TRAIN] Step: 1093 ; Loss: 26.837 ; Acc: 35.668
2018-09-19 13:58:15,855:INFO: [TRAIN] Step: 1094 ; Loss: 27.231 ; Acc: 35.666
2018-09-19 13:58:15,942:INFO: [TRAIN] Step: 1095 ; Loss: 29.600 ; Acc: 35.668
2018-09-19 13:58:16,035:INFO: [TRAIN] Step: 1096 ; Loss: 29.428 ; Acc: 35.673
2018-09-19 13:58:16,121:INFO: [TRAIN] Step: 1097 ; Loss: 29.719 ; Acc: 35.679
2018-09-19 13:58:16,216:INFO: [TRAIN] Step: 1098 ; Loss: 28.678 ; Acc: 35.680
2018-09-19 13:58:16,302:INFO: [TRAIN] Step: 1099 ; Loss: 28.205 ; Acc: 35.689
2018-09-19 13:58:16,396:INFO: [TRAIN] Step: 1100 ; Loss: 29.421 ; Acc: 35.706
2018-09-19 13:58:16,482:INFO: [TRAIN] Step: 1101 ; Loss: 30.104 ; Acc: 35.708
2018-09-19 13:58:16,571:INFO: [TRAIN] Step: 1102 ; Loss: 28.749 ; Acc: 35.713
2018-09-19 13:58:16,656:INFO: [TRAIN] Step: 1103 ; Loss: 26.332 ; Acc: 35.730
2018-09-19 13:58:16,748:INFO: [TRAIN] Step: 1104 ; Loss: 30.039 ; Acc: 35.732
2018-09-19 13:58:16,836:INFO: [TRAIN] Step: 1105 ; Loss: 30.191 ; Acc: 35.741
2018-09-19 13:58:16,931:INFO: [TRAIN] Step: 1106 ; Loss: 34.299 ; Acc: 35.735
2018-09-19 13:58:17,015:INFO: [TRAIN] Step: 1107 ; Loss: 30.010 ; Acc: 35.736
2018-09-19 13:58:17,109:INFO: [TRAIN] Step: 1108 ; Loss: 27.272 ; Acc: 35.734
2018-09-19 13:58:17,195:INFO: [TRAIN] Step: 1109 ; Loss: 34.099 ; Acc: 35.724
2018-09-19 13:58:17,290:INFO: [TRAIN] Step: 1110 ; Loss: 25.433 ; Acc: 35.749
2018-09-19 13:58:17,487:INFO: [TRAIN] Step: 1111 ; Loss: 27.431 ; Acc: 35.758
2018-09-19 13:58:17,581:INFO: [TRAIN] Step: 1112 ; Loss: 29.871 ; Acc: 35.755
2018-09-19 13:58:17,679:INFO: [TRAIN] Step: 1113 ; Loss: 29.376 ; Acc: 35.753
2018-09-19 13:58:17,769:INFO: [TRAIN] Step: 1114 ; Loss: 27.052 ; Acc: 35.759
2018-09-19 13:58:17,853:INFO: [TRAIN] Step: 1115 ; Loss: 32.416 ; Acc: 35.760
2018-09-19 13:58:17,947:INFO: [TRAIN] Step: 1116 ; Loss: 26.482 ; Acc: 35.758
2018-09-19 13:58:18,037:INFO: [TRAIN] Step: 1117 ; Loss: 30.395 ; Acc: 35.745
2018-09-19 13:58:18,134:INFO: [TRAIN] Step: 1118 ; Loss: 30.474 ; Acc: 35.750
2018-09-19 13:58:18,224:INFO: [TRAIN] Step: 1119 ; Loss: 31.990 ; Acc: 35.737
2018-09-19 13:58:18,317:INFO: [TRAIN] Step: 1120 ; Loss: 28.885 ; Acc: 35.746
2018-09-19 13:58:18,404:INFO: [TRAIN] Step: 1121 ; Loss: 28.916 ; Acc: 35.747
2018-09-19 13:58:18,495:INFO: [TRAIN] Step: 1122 ; Loss: 29.634 ; Acc: 35.741
2018-09-19 13:58:18,582:INFO: [TRAIN] Step: 1123 ; Loss: 21.818 ; Acc: 35.761
2018-09-19 13:58:18,678:INFO: [TRAIN] Step: 1124 ; Loss: 27.745 ; Acc: 35.759
2018-09-19 13:58:18,767:INFO: [TRAIN] Step: 1125 ; Loss: 25.437 ; Acc: 35.757
2018-09-19 13:58:18,858:INFO: [TRAIN] Step: 1126 ; Loss: 29.971 ; Acc: 35.748
2018-09-19 13:58:18,944:INFO: [TRAIN] Step: 1127 ; Loss: 30.702 ; Acc: 35.742
2018-09-19 13:58:19,038:INFO: [TRAIN] Step: 1128 ; Loss: 28.397 ; Acc: 35.740
2018-09-19 13:58:19,125:INFO: [TRAIN] Step: 1129 ; Loss: 27.416 ; Acc: 35.734
2018-09-19 13:58:19,217:INFO: [TRAIN] Step: 1130 ; Loss: 24.427 ; Acc: 35.739
2018-09-19 13:58:19,306:INFO: [TRAIN] Step: 1131 ; Loss: 29.710 ; Acc: 35.733
2018-09-19 13:58:19,397:INFO: [TRAIN] Step: 1132 ; Loss: 28.845 ; Acc: 35.738
2018-09-19 13:58:19,481:INFO: [TRAIN] Step: 1133 ; Loss: 26.393 ; Acc: 35.751
2018-09-19 13:58:19,573:INFO: [TRAIN] Step: 1134 ; Loss: 30.165 ; Acc: 35.764
2018-09-19 13:58:19,664:INFO: [TRAIN] Step: 1135 ; Loss: 27.039 ; Acc: 35.761
2018-09-19 13:58:19,759:INFO: [TRAIN] Step: 1136 ; Loss: 29.531 ; Acc: 35.763
2018-09-19 13:58:19,847:INFO: [TRAIN] Step: 1137 ; Loss: 28.870 ; Acc: 35.757
2018-09-19 13:58:19,939:INFO: [TRAIN] Step: 1138 ; Loss: 28.377 ; Acc: 35.762
2018-09-19 13:58:20,026:INFO: [TRAIN] Step: 1139 ; Loss: 27.712 ; Acc: 35.775
2018-09-19 13:58:20,120:INFO: [TRAIN] Step: 1140 ; Loss: 29.166 ; Acc: 35.780
2018-09-19 13:58:20,204:INFO: [TRAIN] Step: 1141 ; Loss: 29.688 ; Acc: 35.792
2018-09-19 13:58:20,295:INFO: [TRAIN] Step: 1142 ; Loss: 31.032 ; Acc: 35.776
2018-09-19 13:58:20,382:INFO: [TRAIN] Step: 1143 ; Loss: 28.814 ; Acc: 35.774
2018-09-19 13:58:20,476:INFO: [TRAIN] Step: 1144 ; Loss: 28.194 ; Acc: 35.771
2018-09-19 13:58:20,562:INFO: [TRAIN] Step: 1145 ; Loss: 28.574 ; Acc: 35.773
2018-09-19 13:58:20,653:INFO: [TRAIN] Step: 1146 ; Loss: 26.370 ; Acc: 35.778
2018-09-19 13:58:20,742:INFO: [TRAIN] Step: 1147 ; Loss: 35.532 ; Acc: 35.772
2018-09-19 13:58:20,835:INFO: [TRAIN] Step: 1148 ; Loss: 30.615 ; Acc: 35.763
2018-09-19 13:58:20,922:INFO: [TRAIN] Step: 1149 ; Loss: 28.682 ; Acc: 35.757
2018-09-19 13:58:21,015:INFO: [TRAIN] Step: 1150 ; Loss: 28.005 ; Acc: 35.759
2018-09-19 13:58:21,102:INFO: [TRAIN] Step: 1151 ; Loss: 29.463 ; Acc: 35.753
2018-09-19 13:58:21,193:INFO: [TRAIN] Step: 1152 ; Loss: 27.819 ; Acc: 35.765
2018-09-19 13:58:21,279:INFO: [TRAIN] Step: 1153 ; Loss: 27.853 ; Acc: 35.774
2018-09-19 13:58:21,370:INFO: [TRAIN] Step: 1154 ; Loss: 26.129 ; Acc: 35.779
2018-09-19 13:58:21,456:INFO: [TRAIN] Step: 1155 ; Loss: 27.170 ; Acc: 35.795
2018-09-19 13:58:21,549:INFO: [TRAIN] Step: 1156 ; Loss: 30.080 ; Acc: 35.786
2018-09-19 13:58:21,635:INFO: [TRAIN] Step: 1157 ; Loss: 28.351 ; Acc: 35.794
2018-09-19 13:58:21,727:INFO: [TRAIN] Step: 1158 ; Loss: 31.693 ; Acc: 35.785
2018-09-19 13:58:21,817:INFO: [TRAIN] Step: 1159 ; Loss: 30.724 ; Acc: 35.787
2018-09-19 13:58:21,911:INFO: [TRAIN] Step: 1160 ; Loss: 29.749 ; Acc: 35.785
2018-09-19 13:58:22,000:INFO: [TRAIN] Step: 1161 ; Loss: 24.434 ; Acc: 35.786
2018-09-19 13:58:22,090:INFO: [TRAIN] Step: 1162 ; Loss: 27.217 ; Acc: 35.787
2018-09-19 13:58:22,175:INFO: [TRAIN] Step: 1163 ; Loss: 28.075 ; Acc: 35.789
2018-09-19 13:58:22,267:INFO: [TRAIN] Step: 1164 ; Loss: 27.227 ; Acc: 35.783
2018-09-19 13:58:22,353:INFO: [TRAIN] Step: 1165 ; Loss: 26.602 ; Acc: 35.792
2018-09-19 13:58:22,446:INFO: [TRAIN] Step: 1166 ; Loss: 29.033 ; Acc: 35.800
2018-09-19 13:58:22,534:INFO: [TRAIN] Step: 1167 ; Loss: 26.139 ; Acc: 35.806
2018-09-19 13:58:22,625:INFO: [TRAIN] Step: 1168 ; Loss: 26.640 ; Acc: 35.811
2018-09-19 13:58:22,712:INFO: [TRAIN] Step: 1169 ; Loss: 28.058 ; Acc: 35.816
2018-09-19 13:58:22,805:INFO: [TRAIN] Step: 1170 ; Loss: 31.395 ; Acc: 35.813
2018-09-19 13:58:22,892:INFO: [TRAIN] Step: 1171 ; Loss: 25.855 ; Acc: 35.833
2018-09-19 13:58:22,990:INFO: [TRAIN] Step: 1172 ; Loss: 32.680 ; Acc: 35.834
2018-09-19 13:58:23,078:INFO: [TRAIN] Step: 1173 ; Loss: 28.972 ; Acc: 35.821
2018-09-19 13:58:23,172:INFO: [TRAIN] Step: 1174 ; Loss: 29.585 ; Acc: 35.823
2018-09-19 13:58:23,259:INFO: [TRAIN] Step: 1175 ; Loss: 29.360 ; Acc: 35.831
2018-09-19 13:58:23,354:INFO: [TRAIN] Step: 1176 ; Loss: 28.476 ; Acc: 35.840
2018-09-19 13:58:23,442:INFO: [TRAIN] Step: 1177 ; Loss: 26.170 ; Acc: 35.852
2018-09-19 13:58:23,536:INFO: [TRAIN] Step: 1178 ; Loss: 29.421 ; Acc: 35.853
2018-09-19 13:58:23,622:INFO: [TRAIN] Step: 1179 ; Loss: 31.326 ; Acc: 35.855
2018-09-19 13:58:23,717:INFO: [TRAIN] Step: 1180 ; Loss: 28.102 ; Acc: 35.874
2018-09-19 13:58:23,803:INFO: [TRAIN] Step: 1181 ; Loss: 29.243 ; Acc: 35.878
2018-09-19 13:58:23,898:INFO: [TRAIN] Step: 1182 ; Loss: 27.418 ; Acc: 35.890
2018-09-19 13:58:23,985:INFO: [TRAIN] Step: 1183 ; Loss: 28.570 ; Acc: 35.878
2018-09-19 13:58:24,077:INFO: [TRAIN] Step: 1184 ; Loss: 35.821 ; Acc: 35.872
2018-09-19 13:58:24,164:INFO: [TRAIN] Step: 1185 ; Loss: 33.338 ; Acc: 35.859
2018-09-19 13:58:24,257:INFO: [TRAIN] Step: 1186 ; Loss: 28.130 ; Acc: 35.871
2018-09-19 13:58:24,342:INFO: [TRAIN] Step: 1187 ; Loss: 29.017 ; Acc: 35.876
2018-09-19 13:58:24,435:INFO: [TRAIN] Step: 1188 ; Loss: 28.136 ; Acc: 35.892
2018-09-19 13:58:24,519:INFO: [TRAIN] Step: 1189 ; Loss: 28.007 ; Acc: 35.896
2018-09-19 13:58:29,702:INFO: [EVAL] Step: 1190 ; Loss: 0.301 ; Acc: 0.386
