2018-09-19 14:37:29,030:INFO: ### Model ###
LeNet5(
  (convnet): Sequential(
    (0): Conv2d(1, 6, kernel_size=(5, 5), stride=(1, 1))
    (1): ReLU()
    (2): MaxPool2d(kernel_size=(2, 2), stride=2, padding=0, dilation=1, ceil_mode=False)
    (3): Conv2d(6, 16, kernel_size=(5, 5), stride=(1, 1))
    (4): ReLU()
    (5): MaxPool2d(kernel_size=(2, 2), stride=2, padding=0, dilation=1, ceil_mode=False)
    (6): Conv2d(16, 120, kernel_size=(5, 5), stride=(1, 1))
    (7): ReLU()
    (8): Conv2d(120, 240, kernel_size=(5, 5), stride=(1, 1))
    (9): ReLU()
  )
  (fc): Sequential(
    (0): Linear(in_features=240, out_features=84, bias=True)
    (1): ReLU()
    (2): Linear(in_features=84, out_features=10, bias=True)
  )
)
2018-09-19 14:37:29,031:INFO: ### Optimizer ###
Adam (
Parameter Group 0
    amsgrad: False
    betas: (0.9, 0.999)
    eps: 1e-08
    lr: 0.001
    weight_decay: 0
)
2018-09-19 14:37:29,031:INFO: ### HParams ###
n_epochs: 1 ; data: ferplus ; label: ferplus_votes ; batch_size: 24 ; lr: 0.001 ; wd: 0 ; eval_steps: 1190
2018-09-19 14:37:29,202:INFO: [TRAIN] Step: 0 ; Loss: 39.252 ; Acc: 37.500
2018-09-19 14:37:29,280:INFO: [TRAIN] Step: 1 ; Loss: 37.606 ; Acc: 33.333
2018-09-19 14:37:29,352:INFO: [TRAIN] Step: 2 ; Loss: 38.528 ; Acc: 31.944
2018-09-19 14:37:29,471:INFO: [TRAIN] Step: 3 ; Loss: 34.864 ; Acc: 34.375
2018-09-19 14:37:29,554:INFO: [TRAIN] Step: 4 ; Loss: 34.344 ; Acc: 32.500
2018-09-19 14:37:29,628:INFO: [TRAIN] Step: 5 ; Loss: 48.680 ; Acc: 29.861
2018-09-19 14:37:29,708:INFO: [TRAIN] Step: 6 ; Loss: 36.143 ; Acc: 30.952
2018-09-19 14:37:29,780:INFO: [TRAIN] Step: 7 ; Loss: 33.317 ; Acc: 30.208
2018-09-19 14:37:29,862:INFO: [TRAIN] Step: 8 ; Loss: 32.856 ; Acc: 29.630
2018-09-19 14:37:29,934:INFO: [TRAIN] Step: 9 ; Loss: 31.999 ; Acc: 28.333
2018-09-19 14:37:30,015:INFO: [TRAIN] Step: 10 ; Loss: 33.968 ; Acc: 27.652
2018-09-19 14:37:30,093:INFO: [TRAIN] Step: 11 ; Loss: 31.513 ; Acc: 27.083
2018-09-19 14:37:30,172:INFO: [TRAIN] Step: 12 ; Loss: 30.152 ; Acc: 26.603
2018-09-19 14:37:30,244:INFO: [TRAIN] Step: 13 ; Loss: 29.537 ; Acc: 27.976
2018-09-19 14:37:30,335:INFO: [TRAIN] Step: 14 ; Loss: 30.890 ; Acc: 28.611
2018-09-19 14:37:30,411:INFO: [TRAIN] Step: 15 ; Loss: 37.151 ; Acc: 28.125
2018-09-19 14:37:30,490:INFO: [TRAIN] Step: 16 ; Loss: 28.847 ; Acc: 28.922
2018-09-19 14:37:30,565:INFO: [TRAIN] Step: 17 ; Loss: 25.125 ; Acc: 30.093
2018-09-19 14:37:30,648:INFO: [TRAIN] Step: 18 ; Loss: 27.889 ; Acc: 30.921
2018-09-19 14:37:30,724:INFO: [TRAIN] Step: 19 ; Loss: 31.143 ; Acc: 30.833
2018-09-19 14:37:30,804:INFO: [TRAIN] Step: 20 ; Loss: 27.228 ; Acc: 32.143
2018-09-19 14:37:30,881:INFO: [TRAIN] Step: 21 ; Loss: 29.083 ; Acc: 32.386
2018-09-19 14:37:30,962:INFO: [TRAIN] Step: 22 ; Loss: 26.580 ; Acc: 32.246
2018-09-19 14:37:31,034:INFO: [TRAIN] Step: 23 ; Loss: 31.123 ; Acc: 32.465
2018-09-19 14:37:31,115:INFO: [TRAIN] Step: 24 ; Loss: 31.304 ; Acc: 32.833
2018-09-19 14:37:31,187:INFO: [TRAIN] Step: 25 ; Loss: 27.520 ; Acc: 33.013
2018-09-19 14:37:31,267:INFO: [TRAIN] Step: 26 ; Loss: 25.547 ; Acc: 33.025
2018-09-19 14:37:31,340:INFO: [TRAIN] Step: 27 ; Loss: 29.379 ; Acc: 32.887
2018-09-19 14:37:31,420:INFO: [TRAIN] Step: 28 ; Loss: 29.331 ; Acc: 32.759
2018-09-19 14:37:31,493:INFO: [TRAIN] Step: 29 ; Loss: 31.087 ; Acc: 32.361
2018-09-19 14:37:31,572:INFO: [TRAIN] Step: 30 ; Loss: 27.785 ; Acc: 31.989
2018-09-19 14:37:31,645:INFO: [TRAIN] Step: 31 ; Loss: 28.626 ; Acc: 32.161
2018-09-19 14:37:31,725:INFO: [TRAIN] Step: 32 ; Loss: 27.725 ; Acc: 32.828
2018-09-19 14:37:31,798:INFO: [TRAIN] Step: 33 ; Loss: 34.097 ; Acc: 32.598
2018-09-19 14:37:31,877:INFO: [TRAIN] Step: 34 ; Loss: 28.242 ; Acc: 32.738
2018-09-19 14:37:31,950:INFO: [TRAIN] Step: 35 ; Loss: 30.568 ; Acc: 32.870
2018-09-19 14:37:32,030:INFO: [TRAIN] Step: 36 ; Loss: 29.466 ; Acc: 32.770
2018-09-19 14:37:32,106:INFO: [TRAIN] Step: 37 ; Loss: 27.122 ; Acc: 32.895
2018-09-19 14:37:32,186:INFO: [TRAIN] Step: 38 ; Loss: 27.383 ; Acc: 33.013
2018-09-19 14:37:32,259:INFO: [TRAIN] Step: 39 ; Loss: 27.807 ; Acc: 32.708
2018-09-19 14:37:32,339:INFO: [TRAIN] Step: 40 ; Loss: 25.186 ; Acc: 32.825
2018-09-19 14:37:32,413:INFO: [TRAIN] Step: 41 ; Loss: 33.127 ; Acc: 33.135
2018-09-19 14:37:32,492:INFO: [TRAIN] Step: 42 ; Loss: 28.657 ; Acc: 32.849
2018-09-19 14:37:32,565:INFO: [TRAIN] Step: 43 ; Loss: 32.942 ; Acc: 32.481
2018-09-19 14:37:32,646:INFO: [TRAIN] Step: 44 ; Loss: 33.908 ; Acc: 32.315
2018-09-19 14:37:32,722:INFO: [TRAIN] Step: 45 ; Loss: 29.404 ; Acc: 32.156
2018-09-19 14:37:32,808:INFO: [TRAIN] Step: 46 ; Loss: 28.256 ; Acc: 32.270
2018-09-19 14:37:32,885:INFO: [TRAIN] Step: 47 ; Loss: 26.796 ; Acc: 32.378
2018-09-19 14:37:32,967:INFO: [TRAIN] Step: 48 ; Loss: 27.765 ; Acc: 32.398
2018-09-19 14:37:33,040:INFO: [TRAIN] Step: 49 ; Loss: 34.123 ; Acc: 32.333
2018-09-19 14:37:33,118:INFO: [TRAIN] Step: 50 ; Loss: 30.600 ; Acc: 32.598
2018-09-19 14:37:33,190:INFO: [TRAIN] Step: 51 ; Loss: 26.441 ; Acc: 32.853
2018-09-19 14:37:33,270:INFO: [TRAIN] Step: 52 ; Loss: 28.715 ; Acc: 32.783
2018-09-19 14:37:33,343:INFO: [TRAIN] Step: 53 ; Loss: 28.177 ; Acc: 32.948
2018-09-19 14:37:33,422:INFO: [TRAIN] Step: 54 ; Loss: 28.490 ; Acc: 33.106
2018-09-19 14:37:33,493:INFO: [TRAIN] Step: 55 ; Loss: 32.104 ; Acc: 33.036
2018-09-19 14:37:33,570:INFO: [TRAIN] Step: 56 ; Loss: 24.830 ; Acc: 33.333
2018-09-19 14:37:33,642:INFO: [TRAIN] Step: 57 ; Loss: 28.743 ; Acc: 33.477
2018-09-19 14:37:33,723:INFO: [TRAIN] Step: 58 ; Loss: 29.928 ; Acc: 33.475
2018-09-19 14:37:33,797:INFO: [TRAIN] Step: 59 ; Loss: 29.126 ; Acc: 33.264
2018-09-19 14:37:33,875:INFO: [TRAIN] Step: 60 ; Loss: 27.480 ; Acc: 33.333
2018-09-19 14:37:33,946:INFO: [TRAIN] Step: 61 ; Loss: 31.944 ; Acc: 33.401
2018-09-19 14:37:34,027:INFO: [TRAIN] Step: 62 ; Loss: 26.620 ; Acc: 33.399
2018-09-19 14:37:34,100:INFO: [TRAIN] Step: 63 ; Loss: 28.521 ; Acc: 33.398
2018-09-19 14:37:34,179:INFO: [TRAIN] Step: 64 ; Loss: 31.652 ; Acc: 33.333
2018-09-19 14:37:34,251:INFO: [TRAIN] Step: 65 ; Loss: 28.393 ; Acc: 33.018
2018-09-19 14:37:34,331:INFO: [TRAIN] Step: 66 ; Loss: 28.961 ; Acc: 32.898
2018-09-19 14:37:34,405:INFO: [TRAIN] Step: 67 ; Loss: 27.098 ; Acc: 32.721
2018-09-19 14:37:34,485:INFO: [TRAIN] Step: 68 ; Loss: 26.023 ; Acc: 32.729
2018-09-19 14:37:34,557:INFO: [TRAIN] Step: 69 ; Loss: 29.321 ; Acc: 32.619
2018-09-19 14:37:34,634:INFO: [TRAIN] Step: 70 ; Loss: 28.791 ; Acc: 32.746
2018-09-19 14:37:34,705:INFO: [TRAIN] Step: 71 ; Loss: 29.304 ; Acc: 32.928
2018-09-19 14:37:34,784:INFO: [TRAIN] Step: 72 ; Loss: 28.765 ; Acc: 33.219
2018-09-19 14:37:34,856:INFO: [TRAIN] Step: 73 ; Loss: 30.532 ; Acc: 33.390
2018-09-19 14:37:34,936:INFO: [TRAIN] Step: 74 ; Loss: 29.597 ; Acc: 33.444
2018-09-19 14:37:35,007:INFO: [TRAIN] Step: 75 ; Loss: 25.824 ; Acc: 33.443
2018-09-19 14:37:35,087:INFO: [TRAIN] Step: 76 ; Loss: 30.107 ; Acc: 33.442
2018-09-19 14:37:35,162:INFO: [TRAIN] Step: 77 ; Loss: 27.169 ; Acc: 33.600
2018-09-19 14:37:35,242:INFO: [TRAIN] Step: 78 ; Loss: 30.605 ; Acc: 33.703
2018-09-19 14:37:35,316:INFO: [TRAIN] Step: 79 ; Loss: 27.423 ; Acc: 33.750
2018-09-19 14:37:35,396:INFO: [TRAIN] Step: 80 ; Loss: 27.228 ; Acc: 33.796
2018-09-19 14:37:35,468:INFO: [TRAIN] Step: 81 ; Loss: 28.878 ; Acc: 33.892
2018-09-19 14:37:35,547:INFO: [TRAIN] Step: 82 ; Loss: 24.615 ; Acc: 34.086
2018-09-19 14:37:35,619:INFO: [TRAIN] Step: 83 ; Loss: 30.404 ; Acc: 34.028
2018-09-19 14:37:35,699:INFO: [TRAIN] Step: 84 ; Loss: 25.921 ; Acc: 34.069
2018-09-19 14:37:35,773:INFO: [TRAIN] Step: 85 ; Loss: 32.705 ; Acc: 33.915
2018-09-19 14:37:35,868:INFO: [TRAIN] Step: 86 ; Loss: 32.499 ; Acc: 33.764
2018-09-19 14:37:35,942:INFO: [TRAIN] Step: 87 ; Loss: 24.355 ; Acc: 33.996
2018-09-19 14:37:36,022:INFO: [TRAIN] Step: 88 ; Loss: 26.501 ; Acc: 34.036
2018-09-19 14:37:36,096:INFO: [TRAIN] Step: 89 ; Loss: 27.033 ; Acc: 34.028
2018-09-19 14:37:36,174:INFO: [TRAIN] Step: 90 ; Loss: 28.262 ; Acc: 34.158
2018-09-19 14:37:36,246:INFO: [TRAIN] Step: 91 ; Loss: 24.646 ; Acc: 34.375
2018-09-19 14:37:36,325:INFO: [TRAIN] Step: 92 ; Loss: 27.975 ; Acc: 34.319
2018-09-19 14:37:36,399:INFO: [TRAIN] Step: 93 ; Loss: 23.651 ; Acc: 34.486
2018-09-19 14:37:36,478:INFO: [TRAIN] Step: 94 ; Loss: 28.666 ; Acc: 34.518
2018-09-19 14:37:36,551:INFO: [TRAIN] Step: 95 ; Loss: 23.466 ; Acc: 34.766
2018-09-19 14:37:36,630:INFO: [TRAIN] Step: 96 ; Loss: 29.326 ; Acc: 34.837
2018-09-19 14:37:36,704:INFO: [TRAIN] Step: 97 ; Loss: 24.249 ; Acc: 34.906
2018-09-19 14:37:36,783:INFO: [TRAIN] Step: 98 ; Loss: 28.844 ; Acc: 35.059
2018-09-19 14:37:36,856:INFO: [TRAIN] Step: 99 ; Loss: 25.875 ; Acc: 35.167
2018-09-19 14:37:36,935:INFO: [TRAIN] Step: 100 ; Loss: 29.327 ; Acc: 35.190
2018-09-19 14:37:37,009:INFO: [TRAIN] Step: 101 ; Loss: 32.199 ; Acc: 34.967
2018-09-19 14:37:37,087:INFO: [TRAIN] Step: 102 ; Loss: 28.267 ; Acc: 35.073
2018-09-19 14:37:37,161:INFO: [TRAIN] Step: 103 ; Loss: 30.576 ; Acc: 34.976
2018-09-19 14:37:37,241:INFO: [TRAIN] Step: 104 ; Loss: 29.527 ; Acc: 35.040
2018-09-19 14:37:37,315:INFO: [TRAIN] Step: 105 ; Loss: 27.203 ; Acc: 35.142
2018-09-19 14:37:37,394:INFO: [TRAIN] Step: 106 ; Loss: 27.789 ; Acc: 35.202
2018-09-19 14:37:37,467:INFO: [TRAIN] Step: 107 ; Loss: 25.875 ; Acc: 35.301
2018-09-19 14:37:37,547:INFO: [TRAIN] Step: 108 ; Loss: 27.010 ; Acc: 35.398
2018-09-19 14:37:37,621:INFO: [TRAIN] Step: 109 ; Loss: 29.868 ; Acc: 35.379
2018-09-19 14:37:37,703:INFO: [TRAIN] Step: 110 ; Loss: 26.391 ; Acc: 35.323
2018-09-19 14:37:37,775:INFO: [TRAIN] Step: 111 ; Loss: 25.598 ; Acc: 35.491
2018-09-19 14:37:37,852:INFO: [TRAIN] Step: 112 ; Loss: 26.574 ; Acc: 35.583
2018-09-19 14:37:37,924:INFO: [TRAIN] Step: 113 ; Loss: 31.726 ; Acc: 35.453
2018-09-19 14:37:38,003:INFO: [TRAIN] Step: 114 ; Loss: 30.700 ; Acc: 35.471
2018-09-19 14:37:38,077:INFO: [TRAIN] Step: 115 ; Loss: 28.031 ; Acc: 35.345
2018-09-19 14:37:38,159:INFO: [TRAIN] Step: 116 ; Loss: 28.633 ; Acc: 35.363
2018-09-19 14:37:38,231:INFO: [TRAIN] Step: 117 ; Loss: 30.176 ; Acc: 35.381
2018-09-19 14:37:38,309:INFO: [TRAIN] Step: 118 ; Loss: 28.935 ; Acc: 35.329
2018-09-19 14:37:38,383:INFO: [TRAIN] Step: 119 ; Loss: 27.236 ; Acc: 35.312
2018-09-19 14:37:38,464:INFO: [TRAIN] Step: 120 ; Loss: 28.283 ; Acc: 35.193
2018-09-19 14:37:38,537:INFO: [TRAIN] Step: 121 ; Loss: 25.618 ; Acc: 35.143
2018-09-19 14:37:38,616:INFO: [TRAIN] Step: 122 ; Loss: 26.720 ; Acc: 35.230
2018-09-19 14:37:38,689:INFO: [TRAIN] Step: 123 ; Loss: 24.735 ; Acc: 35.316
2018-09-19 14:37:38,766:INFO: [TRAIN] Step: 124 ; Loss: 32.105 ; Acc: 35.333
2018-09-19 14:37:38,839:INFO: [TRAIN] Step: 125 ; Loss: 25.912 ; Acc: 35.351
2018-09-19 14:37:38,917:INFO: [TRAIN] Step: 126 ; Loss: 27.316 ; Acc: 35.335
2018-09-19 14:37:38,991:INFO: [TRAIN] Step: 127 ; Loss: 28.934 ; Acc: 35.254
2018-09-19 14:37:39,070:INFO: [TRAIN] Step: 128 ; Loss: 25.713 ; Acc: 35.336
2018-09-19 14:37:39,142:INFO: [TRAIN] Step: 129 ; Loss: 26.154 ; Acc: 35.417
2018-09-19 14:37:39,242:INFO: [TRAIN] Step: 130 ; Loss: 27.280 ; Acc: 35.401
2018-09-19 14:37:39,321:INFO: [TRAIN] Step: 131 ; Loss: 27.269 ; Acc: 35.480
2018-09-19 14:37:39,404:INFO: [TRAIN] Step: 132 ; Loss: 26.687 ; Acc: 35.620
2018-09-19 14:37:39,483:INFO: [TRAIN] Step: 133 ; Loss: 32.551 ; Acc: 35.665
2018-09-19 14:37:39,565:INFO: [TRAIN] Step: 134 ; Loss: 28.352 ; Acc: 35.710
2018-09-19 14:37:39,638:INFO: [TRAIN] Step: 135 ; Loss: 28.708 ; Acc: 35.723
2018-09-19 14:37:39,719:INFO: [TRAIN] Step: 136 ; Loss: 27.051 ; Acc: 35.766
2018-09-19 14:37:39,791:INFO: [TRAIN] Step: 137 ; Loss: 25.121 ; Acc: 35.870
2018-09-19 14:37:39,870:INFO: [TRAIN] Step: 138 ; Loss: 26.324 ; Acc: 35.821
2018-09-19 14:37:39,942:INFO: [TRAIN] Step: 139 ; Loss: 24.353 ; Acc: 35.893
2018-09-19 14:37:40,021:INFO: [TRAIN] Step: 140 ; Loss: 28.068 ; Acc: 35.904
2018-09-19 14:37:40,093:INFO: [TRAIN] Step: 141 ; Loss: 30.434 ; Acc: 35.857
2018-09-19 14:37:40,171:INFO: [TRAIN] Step: 142 ; Loss: 27.339 ; Acc: 35.868
2018-09-19 14:37:40,250:INFO: [TRAIN] Step: 143 ; Loss: 22.416 ; Acc: 36.024
2018-09-19 14:37:40,334:INFO: [TRAIN] Step: 144 ; Loss: 29.415 ; Acc: 36.063
2018-09-19 14:37:40,408:INFO: [TRAIN] Step: 145 ; Loss: 28.483 ; Acc: 36.130
2018-09-19 14:37:40,487:INFO: [TRAIN] Step: 146 ; Loss: 24.706 ; Acc: 36.168
2018-09-19 14:37:40,559:INFO: [TRAIN] Step: 147 ; Loss: 27.761 ; Acc: 36.092
2018-09-19 14:37:40,639:INFO: [TRAIN] Step: 148 ; Loss: 25.235 ; Acc: 36.130
2018-09-19 14:37:40,712:INFO: [TRAIN] Step: 149 ; Loss: 25.377 ; Acc: 36.222
2018-09-19 14:37:40,791:INFO: [TRAIN] Step: 150 ; Loss: 24.056 ; Acc: 36.313
2018-09-19 14:37:40,866:INFO: [TRAIN] Step: 151 ; Loss: 27.154 ; Acc: 36.349
2018-09-19 14:37:40,944:INFO: [TRAIN] Step: 152 ; Loss: 25.796 ; Acc: 36.383
2018-09-19 14:37:41,018:INFO: [TRAIN] Step: 153 ; Loss: 30.437 ; Acc: 36.391
2018-09-19 14:37:41,097:INFO: [TRAIN] Step: 154 ; Loss: 27.175 ; Acc: 36.344
2018-09-19 14:37:41,173:INFO: [TRAIN] Step: 155 ; Loss: 26.700 ; Acc: 36.458
2018-09-19 14:37:41,253:INFO: [TRAIN] Step: 156 ; Loss: 30.261 ; Acc: 36.412
2018-09-19 14:37:41,326:INFO: [TRAIN] Step: 157 ; Loss: 27.724 ; Acc: 36.392
2018-09-19 14:37:41,407:INFO: [TRAIN] Step: 158 ; Loss: 25.099 ; Acc: 36.399
2018-09-19 14:37:41,484:INFO: [TRAIN] Step: 159 ; Loss: 27.892 ; Acc: 36.536
2018-09-19 14:37:41,562:INFO: [TRAIN] Step: 160 ; Loss: 25.347 ; Acc: 36.542
2018-09-19 14:37:41,637:INFO: [TRAIN] Step: 161 ; Loss: 25.220 ; Acc: 36.626
2018-09-19 14:37:41,716:INFO: [TRAIN] Step: 162 ; Loss: 28.643 ; Acc: 36.631
2018-09-19 14:37:41,791:INFO: [TRAIN] Step: 163 ; Loss: 30.561 ; Acc: 36.611
2018-09-19 14:37:41,871:INFO: [TRAIN] Step: 164 ; Loss: 27.917 ; Acc: 36.667
2018-09-19 14:37:41,944:INFO: [TRAIN] Step: 165 ; Loss: 22.875 ; Acc: 36.747
2018-09-19 14:37:42,024:INFO: [TRAIN] Step: 166 ; Loss: 24.807 ; Acc: 36.851
2018-09-19 14:37:42,100:INFO: [TRAIN] Step: 167 ; Loss: 23.352 ; Acc: 36.979
2018-09-19 14:37:42,181:INFO: [TRAIN] Step: 168 ; Loss: 25.742 ; Acc: 37.056
2018-09-19 14:37:42,252:INFO: [TRAIN] Step: 169 ; Loss: 28.224 ; Acc: 37.034
2018-09-19 14:37:42,331:INFO: [TRAIN] Step: 170 ; Loss: 28.758 ; Acc: 37.110
2018-09-19 14:37:42,403:INFO: [TRAIN] Step: 171 ; Loss: 27.624 ; Acc: 37.185
2018-09-19 14:37:42,481:INFO: [TRAIN] Step: 172 ; Loss: 26.918 ; Acc: 37.259
2018-09-19 14:37:42,553:INFO: [TRAIN] Step: 173 ; Loss: 24.817 ; Acc: 37.428
2018-09-19 14:37:42,632:INFO: [TRAIN] Step: 174 ; Loss: 23.013 ; Acc: 37.476
2018-09-19 14:37:42,712:INFO: [TRAIN] Step: 175 ; Loss: 25.865 ; Acc: 37.524
2018-09-19 14:37:42,793:INFO: [TRAIN] Step: 176 ; Loss: 27.544 ; Acc: 37.500
2018-09-19 14:37:42,867:INFO: [TRAIN] Step: 177 ; Loss: 26.325 ; Acc: 37.570
2018-09-19 14:37:42,948:INFO: [TRAIN] Step: 178 ; Loss: 30.027 ; Acc: 37.523
2018-09-19 14:37:43,023:INFO: [TRAIN] Step: 179 ; Loss: 26.623 ; Acc: 37.616
2018-09-19 14:37:43,102:INFO: [TRAIN] Step: 180 ; Loss: 28.940 ; Acc: 37.661
2018-09-19 14:37:43,177:INFO: [TRAIN] Step: 181 ; Loss: 38.438 ; Acc: 37.546
2018-09-19 14:37:43,257:INFO: [TRAIN] Step: 182 ; Loss: 25.846 ; Acc: 37.568
2018-09-19 14:37:43,329:INFO: [TRAIN] Step: 183 ; Loss: 23.433 ; Acc: 37.636
2018-09-19 14:37:43,408:INFO: [TRAIN] Step: 184 ; Loss: 31.674 ; Acc: 37.613
2018-09-19 14:37:43,481:INFO: [TRAIN] Step: 185 ; Loss: 27.445 ; Acc: 37.634
2018-09-19 14:37:43,567:INFO: [TRAIN] Step: 186 ; Loss: 31.694 ; Acc: 37.634
2018-09-19 14:37:43,639:INFO: [TRAIN] Step: 187 ; Loss: 34.004 ; Acc: 37.611
2018-09-19 14:37:43,719:INFO: [TRAIN] Step: 188 ; Loss: 29.753 ; Acc: 37.610
2018-09-19 14:37:43,793:INFO: [TRAIN] Step: 189 ; Loss: 28.759 ; Acc: 37.654
2018-09-19 14:37:43,875:INFO: [TRAIN] Step: 190 ; Loss: 26.180 ; Acc: 37.740
2018-09-19 14:37:43,949:INFO: [TRAIN] Step: 191 ; Loss: 24.434 ; Acc: 37.891
2018-09-19 14:37:44,030:INFO: [TRAIN] Step: 192 ; Loss: 21.646 ; Acc: 37.997
2018-09-19 14:37:44,103:INFO: [TRAIN] Step: 193 ; Loss: 24.287 ; Acc: 37.994
2018-09-19 14:37:44,183:INFO: [TRAIN] Step: 194 ; Loss: 26.210 ; Acc: 37.991
2018-09-19 14:37:44,257:INFO: [TRAIN] Step: 195 ; Loss: 26.551 ; Acc: 38.010
2018-09-19 14:37:44,337:INFO: [TRAIN] Step: 196 ; Loss: 26.441 ; Acc: 38.135
2018-09-19 14:37:44,410:INFO: [TRAIN] Step: 197 ; Loss: 29.413 ; Acc: 38.131
2018-09-19 14:37:44,488:INFO: [TRAIN] Step: 198 ; Loss: 28.207 ; Acc: 38.149
2018-09-19 14:37:44,561:INFO: [TRAIN] Step: 199 ; Loss: 25.238 ; Acc: 38.208
2018-09-19 14:37:44,639:INFO: [TRAIN] Step: 200 ; Loss: 26.274 ; Acc: 38.246
2018-09-19 14:37:44,712:INFO: [TRAIN] Step: 201 ; Loss: 25.202 ; Acc: 38.366
2018-09-19 14:37:44,791:INFO: [TRAIN] Step: 202 ; Loss: 24.099 ; Acc: 38.403
2018-09-19 14:37:44,862:INFO: [TRAIN] Step: 203 ; Loss: 25.834 ; Acc: 38.419
2018-09-19 14:37:44,940:INFO: [TRAIN] Step: 204 ; Loss: 26.581 ; Acc: 38.476
2018-09-19 14:37:45,012:INFO: [TRAIN] Step: 205 ; Loss: 21.751 ; Acc: 38.532
2018-09-19 14:37:45,091:INFO: [TRAIN] Step: 206 ; Loss: 25.744 ; Acc: 38.567
2018-09-19 14:37:45,162:INFO: [TRAIN] Step: 207 ; Loss: 22.691 ; Acc: 38.622
2018-09-19 14:37:45,241:INFO: [TRAIN] Step: 208 ; Loss: 25.814 ; Acc: 38.696
2018-09-19 14:37:45,314:INFO: [TRAIN] Step: 209 ; Loss: 26.879 ; Acc: 38.770
2018-09-19 14:37:45,395:INFO: [TRAIN] Step: 210 ; Loss: 24.669 ; Acc: 38.843
2018-09-19 14:37:45,469:INFO: [TRAIN] Step: 211 ; Loss: 24.727 ; Acc: 38.895
2018-09-19 14:37:45,548:INFO: [TRAIN] Step: 212 ; Loss: 29.840 ; Acc: 38.948
2018-09-19 14:37:45,622:INFO: [TRAIN] Step: 213 ; Loss: 28.636 ; Acc: 38.960
2018-09-19 14:37:45,703:INFO: [TRAIN] Step: 214 ; Loss: 23.712 ; Acc: 39.050
2018-09-19 14:37:45,777:INFO: [TRAIN] Step: 215 ; Loss: 27.698 ; Acc: 39.024
2018-09-19 14:37:45,862:INFO: [TRAIN] Step: 216 ; Loss: 25.073 ; Acc: 39.094
2018-09-19 14:37:45,933:INFO: [TRAIN] Step: 217 ; Loss: 26.884 ; Acc: 39.106
2018-09-19 14:37:46,011:INFO: [TRAIN] Step: 218 ; Loss: 24.878 ; Acc: 39.117
2018-09-19 14:37:46,084:INFO: [TRAIN] Step: 219 ; Loss: 24.181 ; Acc: 39.223
2018-09-19 14:37:46,163:INFO: [TRAIN] Step: 220 ; Loss: 29.532 ; Acc: 39.235
2018-09-19 14:37:46,236:INFO: [TRAIN] Step: 221 ; Loss: 24.316 ; Acc: 39.264
2018-09-19 14:37:46,315:INFO: [TRAIN] Step: 222 ; Loss: 32.305 ; Acc: 39.312
2018-09-19 14:37:46,390:INFO: [TRAIN] Step: 223 ; Loss: 25.653 ; Acc: 39.360
2018-09-19 14:37:46,470:INFO: [TRAIN] Step: 224 ; Loss: 25.345 ; Acc: 39.389
2018-09-19 14:37:46,543:INFO: [TRAIN] Step: 225 ; Loss: 24.437 ; Acc: 39.454
2018-09-19 14:37:46,623:INFO: [TRAIN] Step: 226 ; Loss: 20.317 ; Acc: 39.537
2018-09-19 14:37:46,694:INFO: [TRAIN] Step: 227 ; Loss: 23.890 ; Acc: 39.583
2018-09-19 14:37:46,774:INFO: [TRAIN] Step: 228 ; Loss: 23.417 ; Acc: 39.629
2018-09-19 14:37:46,845:INFO: [TRAIN] Step: 229 ; Loss: 21.980 ; Acc: 39.692
2018-09-19 14:37:46,933:INFO: [TRAIN] Step: 230 ; Loss: 29.020 ; Acc: 39.719
2018-09-19 14:37:47,006:INFO: [TRAIN] Step: 231 ; Loss: 29.687 ; Acc: 39.763
2018-09-19 14:37:47,086:INFO: [TRAIN] Step: 232 ; Loss: 30.048 ; Acc: 39.771
2018-09-19 14:37:47,159:INFO: [TRAIN] Step: 233 ; Loss: 21.295 ; Acc: 39.815
2018-09-19 14:37:47,239:INFO: [TRAIN] Step: 234 ; Loss: 23.989 ; Acc: 39.876
2018-09-19 14:37:47,311:INFO: [TRAIN] Step: 235 ; Loss: 26.853 ; Acc: 39.883
2018-09-19 14:37:47,392:INFO: [TRAIN] Step: 236 ; Loss: 27.517 ; Acc: 39.873
2018-09-19 14:37:47,467:INFO: [TRAIN] Step: 237 ; Loss: 24.039 ; Acc: 39.933
2018-09-19 14:37:47,546:INFO: [TRAIN] Step: 238 ; Loss: 23.697 ; Acc: 39.993
2018-09-19 14:37:47,636:INFO: [TRAIN] Step: 239 ; Loss: 25.646 ; Acc: 40.035
2018-09-19 14:37:47,715:INFO: [TRAIN] Step: 240 ; Loss: 25.733 ; Acc: 40.111
2018-09-19 14:37:47,789:INFO: [TRAIN] Step: 241 ; Loss: 25.442 ; Acc: 40.152
2018-09-19 14:37:47,870:INFO: [TRAIN] Step: 242 ; Loss: 23.565 ; Acc: 40.261
2018-09-19 14:37:47,942:INFO: [TRAIN] Step: 243 ; Loss: 22.900 ; Acc: 40.335
2018-09-19 14:37:48,023:INFO: [TRAIN] Step: 244 ; Loss: 23.368 ; Acc: 40.459
2018-09-19 14:37:48,099:INFO: [TRAIN] Step: 245 ; Loss: 26.940 ; Acc: 40.396
2018-09-19 14:37:48,178:INFO: [TRAIN] Step: 246 ; Loss: 24.184 ; Acc: 40.418
2018-09-19 14:37:48,254:INFO: [TRAIN] Step: 247 ; Loss: 23.719 ; Acc: 40.491
2018-09-19 14:37:48,334:INFO: [TRAIN] Step: 248 ; Loss: 25.555 ; Acc: 40.512
2018-09-19 14:37:48,406:INFO: [TRAIN] Step: 249 ; Loss: 23.464 ; Acc: 40.617
2018-09-19 14:37:48,487:INFO: [TRAIN] Step: 250 ; Loss: 23.482 ; Acc: 40.637
2018-09-19 14:37:48,559:INFO: [TRAIN] Step: 251 ; Loss: 26.794 ; Acc: 40.642
2018-09-19 14:37:48,639:INFO: [TRAIN] Step: 252 ; Loss: 25.126 ; Acc: 40.695
2018-09-19 14:37:48,712:INFO: [TRAIN] Step: 253 ; Loss: 34.536 ; Acc: 40.650
2018-09-19 14:37:48,791:INFO: [TRAIN] Step: 254 ; Loss: 28.076 ; Acc: 40.670
2018-09-19 14:37:48,865:INFO: [TRAIN] Step: 255 ; Loss: 26.471 ; Acc: 40.674
2018-09-19 14:37:48,945:INFO: [TRAIN] Step: 256 ; Loss: 23.683 ; Acc: 40.678
2018-09-19 14:37:49,019:INFO: [TRAIN] Step: 257 ; Loss: 27.445 ; Acc: 40.714
2018-09-19 14:37:49,102:INFO: [TRAIN] Step: 258 ; Loss: 24.123 ; Acc: 40.766
2018-09-19 14:37:49,173:INFO: [TRAIN] Step: 259 ; Loss: 24.790 ; Acc: 40.849
2018-09-19 14:37:49,253:INFO: [TRAIN] Step: 260 ; Loss: 27.941 ; Acc: 40.852
2018-09-19 14:37:49,326:INFO: [TRAIN] Step: 261 ; Loss: 24.756 ; Acc: 40.887
2018-09-19 14:37:49,405:INFO: [TRAIN] Step: 262 ; Loss: 21.595 ; Acc: 40.954
2018-09-19 14:37:49,478:INFO: [TRAIN] Step: 263 ; Loss: 24.975 ; Acc: 40.972
2018-09-19 14:37:49,557:INFO: [TRAIN] Step: 264 ; Loss: 32.575 ; Acc: 40.928
2018-09-19 14:37:49,629:INFO: [TRAIN] Step: 265 ; Loss: 23.165 ; Acc: 41.024
2018-09-19 14:37:49,708:INFO: [TRAIN] Step: 266 ; Loss: 25.763 ; Acc: 41.058
2018-09-19 14:37:49,780:INFO: [TRAIN] Step: 267 ; Loss: 28.099 ; Acc: 41.029
2018-09-19 14:37:49,859:INFO: [TRAIN] Step: 268 ; Loss: 27.774 ; Acc: 40.985
2018-09-19 14:37:49,931:INFO: [TRAIN] Step: 269 ; Loss: 21.523 ; Acc: 41.080
2018-09-19 14:37:50,012:INFO: [TRAIN] Step: 270 ; Loss: 29.794 ; Acc: 41.067
2018-09-19 14:37:50,084:INFO: [TRAIN] Step: 271 ; Loss: 19.439 ; Acc: 41.131
2018-09-19 14:37:50,165:INFO: [TRAIN] Step: 272 ; Loss: 22.390 ; Acc: 41.148
2018-09-19 14:37:50,237:INFO: [TRAIN] Step: 273 ; Loss: 23.998 ; Acc: 41.210
2018-09-19 14:37:50,317:INFO: [TRAIN] Step: 274 ; Loss: 29.527 ; Acc: 41.197
2018-09-19 14:37:50,397:INFO: [TRAIN] Step: 275 ; Loss: 25.009 ; Acc: 41.229
2018-09-19 14:37:50,477:INFO: [TRAIN] Step: 276 ; Loss: 26.494 ; Acc: 41.215
2018-09-19 14:37:50,548:INFO: [TRAIN] Step: 277 ; Loss: 24.792 ; Acc: 41.247
2018-09-19 14:37:50,627:INFO: [TRAIN] Step: 278 ; Loss: 23.837 ; Acc: 41.249
2018-09-19 14:37:50,699:INFO: [TRAIN] Step: 279 ; Loss: 28.664 ; Acc: 41.235
2018-09-19 14:37:50,777:INFO: [TRAIN] Step: 280 ; Loss: 22.152 ; Acc: 41.311
2018-09-19 14:37:50,854:INFO: [TRAIN] Step: 281 ; Loss: 23.626 ; Acc: 41.356
2018-09-19 14:37:50,933:INFO: [TRAIN] Step: 282 ; Loss: 30.765 ; Acc: 41.343
2018-09-19 14:37:51,006:INFO: [TRAIN] Step: 283 ; Loss: 25.908 ; Acc: 41.344
2018-09-19 14:37:51,086:INFO: [TRAIN] Step: 284 ; Loss: 23.362 ; Acc: 41.404
2018-09-19 14:37:51,160:INFO: [TRAIN] Step: 285 ; Loss: 24.278 ; Acc: 41.448
2018-09-19 14:37:51,242:INFO: [TRAIN] Step: 286 ; Loss: 23.298 ; Acc: 41.492
2018-09-19 14:37:51,314:INFO: [TRAIN] Step: 287 ; Loss: 23.328 ; Acc: 41.565
2018-09-19 14:37:51,394:INFO: [TRAIN] Step: 288 ; Loss: 25.883 ; Acc: 41.522
2018-09-19 14:37:51,465:INFO: [TRAIN] Step: 289 ; Loss: 24.360 ; Acc: 41.523
2018-09-19 14:37:51,544:INFO: [TRAIN] Step: 290 ; Loss: 33.562 ; Acc: 41.495
2018-09-19 14:37:51,615:INFO: [TRAIN] Step: 291 ; Loss: 21.057 ; Acc: 41.510
2018-09-19 14:37:51,696:INFO: [TRAIN] Step: 292 ; Loss: 27.569 ; Acc: 41.510
2018-09-19 14:37:51,767:INFO: [TRAIN] Step: 293 ; Loss: 24.552 ; Acc: 41.553
2018-09-19 14:37:51,846:INFO: [TRAIN] Step: 294 ; Loss: 26.473 ; Acc: 41.638
2018-09-19 14:37:51,918:INFO: [TRAIN] Step: 295 ; Loss: 23.805 ; Acc: 41.653
2018-09-19 14:37:52,001:INFO: [TRAIN] Step: 296 ; Loss: 21.898 ; Acc: 41.695
2018-09-19 14:37:52,075:INFO: [TRAIN] Step: 297 ; Loss: 29.272 ; Acc: 41.695
2018-09-19 14:37:52,154:INFO: [TRAIN] Step: 298 ; Loss: 21.366 ; Acc: 41.722
2018-09-19 14:37:52,226:INFO: [TRAIN] Step: 299 ; Loss: 21.788 ; Acc: 41.778
2018-09-19 14:37:52,305:INFO: [TRAIN] Step: 300 ; Loss: 21.876 ; Acc: 41.805
2018-09-19 14:37:52,386:INFO: [TRAIN] Step: 301 ; Loss: 25.635 ; Acc: 41.832
2018-09-19 14:37:52,463:INFO: [TRAIN] Step: 302 ; Loss: 24.341 ; Acc: 41.859
2018-09-19 14:37:52,535:INFO: [TRAIN] Step: 303 ; Loss: 20.659 ; Acc: 41.941
2018-09-19 14:37:52,613:INFO: [TRAIN] Step: 304 ; Loss: 24.365 ; Acc: 41.940
2018-09-19 14:37:52,688:INFO: [TRAIN] Step: 305 ; Loss: 20.253 ; Acc: 41.993
2018-09-19 14:37:52,766:INFO: [TRAIN] Step: 306 ; Loss: 30.093 ; Acc: 41.965
2018-09-19 14:37:52,841:INFO: [TRAIN] Step: 307 ; Loss: 25.777 ; Acc: 41.978
2018-09-19 14:37:52,920:INFO: [TRAIN] Step: 308 ; Loss: 27.414 ; Acc: 42.017
2018-09-19 14:37:52,993:INFO: [TRAIN] Step: 309 ; Loss: 24.192 ; Acc: 42.083
2018-09-19 14:37:53,072:INFO: [TRAIN] Step: 310 ; Loss: 22.569 ; Acc: 42.162
2018-09-19 14:37:53,143:INFO: [TRAIN] Step: 311 ; Loss: 24.392 ; Acc: 42.147
2018-09-19 14:37:53,226:INFO: [TRAIN] Step: 312 ; Loss: 24.754 ; Acc: 42.159
2018-09-19 14:37:53,298:INFO: [TRAIN] Step: 313 ; Loss: 23.357 ; Acc: 42.237
2018-09-19 14:37:53,377:INFO: [TRAIN] Step: 314 ; Loss: 22.924 ; Acc: 42.262
2018-09-19 14:37:53,450:INFO: [TRAIN] Step: 315 ; Loss: 25.378 ; Acc: 42.273
2018-09-19 14:37:53,531:INFO: [TRAIN] Step: 316 ; Loss: 28.780 ; Acc: 42.258
2018-09-19 14:37:53,604:INFO: [TRAIN] Step: 317 ; Loss: 21.499 ; Acc: 42.322
2018-09-19 14:37:53,683:INFO: [TRAIN] Step: 318 ; Loss: 24.999 ; Acc: 42.333
2018-09-19 14:37:53,757:INFO: [TRAIN] Step: 319 ; Loss: 28.227 ; Acc: 42.305
2018-09-19 14:37:53,837:INFO: [TRAIN] Step: 320 ; Loss: 25.595 ; Acc: 42.316
2018-09-19 14:37:53,909:INFO: [TRAIN] Step: 321 ; Loss: 19.014 ; Acc: 42.365
2018-09-19 14:37:53,988:INFO: [TRAIN] Step: 322 ; Loss: 24.190 ; Acc: 42.389
2018-09-19 14:37:54,059:INFO: [TRAIN] Step: 323 ; Loss: 26.347 ; Acc: 42.400
2018-09-19 14:37:54,141:INFO: [TRAIN] Step: 324 ; Loss: 21.223 ; Acc: 42.449
2018-09-19 14:37:54,220:INFO: [TRAIN] Step: 325 ; Loss: 16.711 ; Acc: 42.536
2018-09-19 14:37:54,297:INFO: [TRAIN] Step: 326 ; Loss: 20.577 ; Acc: 42.584
2018-09-19 14:37:54,370:INFO: [TRAIN] Step: 327 ; Loss: 23.942 ; Acc: 42.632
2018-09-19 14:37:54,450:INFO: [TRAIN] Step: 328 ; Loss: 25.942 ; Acc: 42.655
2018-09-19 14:37:54,525:INFO: [TRAIN] Step: 329 ; Loss: 24.565 ; Acc: 42.689
2018-09-19 14:37:54,603:INFO: [TRAIN] Step: 330 ; Loss: 32.462 ; Acc: 42.699
2018-09-19 14:37:54,676:INFO: [TRAIN] Step: 331 ; Loss: 21.571 ; Acc: 42.746
2018-09-19 14:37:54,755:INFO: [TRAIN] Step: 332 ; Loss: 23.292 ; Acc: 42.805
2018-09-19 14:37:54,829:INFO: [TRAIN] Step: 333 ; Loss: 25.434 ; Acc: 42.802
2018-09-19 14:37:54,910:INFO: [TRAIN] Step: 334 ; Loss: 26.755 ; Acc: 42.836
2018-09-19 14:37:54,984:INFO: [TRAIN] Step: 335 ; Loss: 20.623 ; Acc: 42.870
2018-09-19 14:37:55,062:INFO: [TRAIN] Step: 336 ; Loss: 21.931 ; Acc: 42.878
2018-09-19 14:37:55,138:INFO: [TRAIN] Step: 337 ; Loss: 25.473 ; Acc: 42.936
2018-09-19 14:37:55,220:INFO: [TRAIN] Step: 338 ; Loss: 22.504 ; Acc: 42.933
2018-09-19 14:37:55,300:INFO: [TRAIN] Step: 339 ; Loss: 26.549 ; Acc: 42.990
2018-09-19 14:37:55,380:INFO: [TRAIN] Step: 340 ; Loss: 21.053 ; Acc: 42.999
2018-09-19 14:37:55,454:INFO: [TRAIN] Step: 341 ; Loss: 25.166 ; Acc: 43.019
2018-09-19 14:37:55,535:INFO: [TRAIN] Step: 342 ; Loss: 24.889 ; Acc: 43.064
2018-09-19 14:37:55,607:INFO: [TRAIN] Step: 343 ; Loss: 27.490 ; Acc: 43.035
2018-09-19 14:37:55,687:INFO: [TRAIN] Step: 344 ; Loss: 21.831 ; Acc: 43.068
2018-09-19 14:37:55,759:INFO: [TRAIN] Step: 345 ; Loss: 27.327 ; Acc: 43.076
2018-09-19 14:37:55,843:INFO: [TRAIN] Step: 346 ; Loss: 23.291 ; Acc: 43.096
2018-09-19 14:37:55,915:INFO: [TRAIN] Step: 347 ; Loss: 24.988 ; Acc: 43.139
2018-09-19 14:37:55,995:INFO: [TRAIN] Step: 348 ; Loss: 24.766 ; Acc: 43.171
2018-09-19 14:37:56,069:INFO: [TRAIN] Step: 349 ; Loss: 27.200 ; Acc: 43.202
2018-09-19 14:37:56,152:INFO: [TRAIN] Step: 350 ; Loss: 22.777 ; Acc: 43.269
2018-09-19 14:37:56,224:INFO: [TRAIN] Step: 351 ; Loss: 26.348 ; Acc: 43.288
2018-09-19 14:37:56,307:INFO: [TRAIN] Step: 352 ; Loss: 21.807 ; Acc: 43.343
2018-09-19 14:37:56,381:INFO: [TRAIN] Step: 353 ; Loss: 20.981 ; Acc: 43.373
2018-09-19 14:37:56,462:INFO: [TRAIN] Step: 354 ; Loss: 21.136 ; Acc: 43.392
2018-09-19 14:37:56,533:INFO: [TRAIN] Step: 355 ; Loss: 21.469 ; Acc: 43.422
2018-09-19 14:37:56,614:INFO: [TRAIN] Step: 356 ; Loss: 32.558 ; Acc: 43.417
2018-09-19 14:37:56,685:INFO: [TRAIN] Step: 357 ; Loss: 24.777 ; Acc: 43.412
2018-09-19 14:37:56,765:INFO: [TRAIN] Step: 358 ; Loss: 27.735 ; Acc: 43.431
2018-09-19 14:37:56,836:INFO: [TRAIN] Step: 359 ; Loss: 23.654 ; Acc: 43.438
2018-09-19 14:37:56,915:INFO: [TRAIN] Step: 360 ; Loss: 22.796 ; Acc: 43.444
2018-09-19 14:37:56,988:INFO: [TRAIN] Step: 361 ; Loss: 23.832 ; Acc: 43.462
2018-09-19 14:37:57,069:INFO: [TRAIN] Step: 362 ; Loss: 27.637 ; Acc: 43.434
2018-09-19 14:37:57,141:INFO: [TRAIN] Step: 363 ; Loss: 25.858 ; Acc: 43.418
2018-09-19 14:37:57,222:INFO: [TRAIN] Step: 364 ; Loss: 22.732 ; Acc: 43.436
2018-09-19 14:37:57,294:INFO: [TRAIN] Step: 365 ; Loss: 19.041 ; Acc: 43.522
2018-09-19 14:37:57,377:INFO: [TRAIN] Step: 366 ; Loss: 24.665 ; Acc: 43.540
2018-09-19 14:37:57,451:INFO: [TRAIN] Step: 367 ; Loss: 20.184 ; Acc: 43.569
2018-09-19 14:37:57,531:INFO: [TRAIN] Step: 368 ; Loss: 30.835 ; Acc: 43.530
2018-09-19 14:37:57,604:INFO: [TRAIN] Step: 369 ; Loss: 28.272 ; Acc: 43.514
2018-09-19 14:37:57,684:INFO: [TRAIN] Step: 370 ; Loss: 21.268 ; Acc: 43.520
2018-09-19 14:37:57,756:INFO: [TRAIN] Step: 371 ; Loss: 20.392 ; Acc: 43.548
2018-09-19 14:37:57,836:INFO: [TRAIN] Step: 372 ; Loss: 25.338 ; Acc: 43.532
2018-09-19 14:37:57,909:INFO: [TRAIN] Step: 373 ; Loss: 24.107 ; Acc: 43.549
2018-09-19 14:37:57,990:INFO: [TRAIN] Step: 374 ; Loss: 24.499 ; Acc: 43.522
2018-09-19 14:37:58,066:INFO: [TRAIN] Step: 375 ; Loss: 24.961 ; Acc: 43.539
2018-09-19 14:37:58,147:INFO: [TRAIN] Step: 376 ; Loss: 20.500 ; Acc: 43.590
2018-09-19 14:37:58,218:INFO: [TRAIN] Step: 377 ; Loss: 22.660 ; Acc: 43.618
2018-09-19 14:37:58,297:INFO: [TRAIN] Step: 378 ; Loss: 23.426 ; Acc: 43.624
2018-09-19 14:37:58,368:INFO: [TRAIN] Step: 379 ; Loss: 23.695 ; Acc: 43.662
2018-09-19 14:37:58,447:INFO: [TRAIN] Step: 380 ; Loss: 23.431 ; Acc: 43.668
2018-09-19 14:37:58,519:INFO: [TRAIN] Step: 381 ; Loss: 21.901 ; Acc: 43.706
2018-09-19 14:37:58,598:INFO: [TRAIN] Step: 382 ; Loss: 25.522 ; Acc: 43.734
2018-09-19 14:37:58,673:INFO: [TRAIN] Step: 383 ; Loss: 18.178 ; Acc: 43.772
2018-09-19 14:37:58,752:INFO: [TRAIN] Step: 384 ; Loss: 23.041 ; Acc: 43.799
2018-09-19 14:37:58,826:INFO: [TRAIN] Step: 385 ; Loss: 27.265 ; Acc: 43.772
2018-09-19 14:37:58,904:INFO: [TRAIN] Step: 386 ; Loss: 23.218 ; Acc: 43.745
2018-09-19 14:37:58,976:INFO: [TRAIN] Step: 387 ; Loss: 27.628 ; Acc: 43.750
2018-09-19 14:37:59,056:INFO: [TRAIN] Step: 388 ; Loss: 22.234 ; Acc: 43.755
2018-09-19 14:37:59,129:INFO: [TRAIN] Step: 389 ; Loss: 20.674 ; Acc: 43.782
2018-09-19 14:37:59,210:INFO: [TRAIN] Step: 390 ; Loss: 22.001 ; Acc: 43.809
2018-09-19 14:37:59,283:INFO: [TRAIN] Step: 391 ; Loss: 21.910 ; Acc: 43.814
2018-09-19 14:37:59,364:INFO: [TRAIN] Step: 392 ; Loss: 21.446 ; Acc: 43.830
2018-09-19 14:37:59,437:INFO: [TRAIN] Step: 393 ; Loss: 23.518 ; Acc: 43.856
2018-09-19 14:37:59,518:INFO: [TRAIN] Step: 394 ; Loss: 26.212 ; Acc: 43.861
2018-09-19 14:37:59,591:INFO: [TRAIN] Step: 395 ; Loss: 20.158 ; Acc: 43.876
2018-09-19 14:37:59,672:INFO: [TRAIN] Step: 396 ; Loss: 24.298 ; Acc: 43.892
2018-09-19 14:37:59,744:INFO: [TRAIN] Step: 397 ; Loss: 22.705 ; Acc: 43.918
2018-09-19 14:37:59,824:INFO: [TRAIN] Step: 398 ; Loss: 23.441 ; Acc: 43.933
2018-09-19 14:37:59,896:INFO: [TRAIN] Step: 399 ; Loss: 22.862 ; Acc: 43.979
2018-09-19 14:37:59,976:INFO: [TRAIN] Step: 400 ; Loss: 17.662 ; Acc: 44.015
2018-09-19 14:38:00,050:INFO: [TRAIN] Step: 401 ; Loss: 21.206 ; Acc: 44.051
2018-09-19 14:38:00,130:INFO: [TRAIN] Step: 402 ; Loss: 21.853 ; Acc: 44.096
2018-09-19 14:38:00,203:INFO: [TRAIN] Step: 403 ; Loss: 23.325 ; Acc: 44.121
2018-09-19 14:38:00,282:INFO: [TRAIN] Step: 404 ; Loss: 18.039 ; Acc: 44.177
2018-09-19 14:38:00,356:INFO: [TRAIN] Step: 405 ; Loss: 27.088 ; Acc: 44.181
2018-09-19 14:38:00,445:INFO: [TRAIN] Step: 406 ; Loss: 22.591 ; Acc: 44.206
2018-09-19 14:38:00,520:INFO: [TRAIN] Step: 407 ; Loss: 24.096 ; Acc: 44.199
2018-09-19 14:38:00,599:INFO: [TRAIN] Step: 408 ; Loss: 22.762 ; Acc: 44.203
2018-09-19 14:38:00,674:INFO: [TRAIN] Step: 409 ; Loss: 16.995 ; Acc: 44.289
2018-09-19 14:38:00,756:INFO: [TRAIN] Step: 410 ; Loss: 22.210 ; Acc: 44.323
2018-09-19 14:38:00,831:INFO: [TRAIN] Step: 411 ; Loss: 24.855 ; Acc: 44.306
2018-09-19 14:38:00,912:INFO: [TRAIN] Step: 412 ; Loss: 24.754 ; Acc: 44.320
2018-09-19 14:38:00,986:INFO: [TRAIN] Step: 413 ; Loss: 25.519 ; Acc: 44.344
2018-09-19 14:38:01,064:INFO: [TRAIN] Step: 414 ; Loss: 19.806 ; Acc: 44.388
2018-09-19 14:38:01,138:INFO: [TRAIN] Step: 415 ; Loss: 26.559 ; Acc: 44.371
2018-09-19 14:38:01,218:INFO: [TRAIN] Step: 416 ; Loss: 27.304 ; Acc: 44.365
2018-09-19 14:38:01,291:INFO: [TRAIN] Step: 417 ; Loss: 24.472 ; Acc: 44.388
2018-09-19 14:38:01,372:INFO: [TRAIN] Step: 418 ; Loss: 24.288 ; Acc: 44.431
2018-09-19 14:38:01,443:INFO: [TRAIN] Step: 419 ; Loss: 20.175 ; Acc: 44.444
2018-09-19 14:38:01,523:INFO: [TRAIN] Step: 420 ; Loss: 20.032 ; Acc: 44.487
2018-09-19 14:38:01,597:INFO: [TRAIN] Step: 421 ; Loss: 22.152 ; Acc: 44.530
2018-09-19 14:38:01,677:INFO: [TRAIN] Step: 422 ; Loss: 21.494 ; Acc: 44.563
2018-09-19 14:38:01,751:INFO: [TRAIN] Step: 423 ; Loss: 25.903 ; Acc: 44.566
2018-09-19 14:38:01,832:INFO: [TRAIN] Step: 424 ; Loss: 21.647 ; Acc: 44.608
2018-09-19 14:38:01,905:INFO: [TRAIN] Step: 425 ; Loss: 25.001 ; Acc: 44.611
2018-09-19 14:38:01,982:INFO: [TRAIN] Step: 426 ; Loss: 25.222 ; Acc: 44.633
2018-09-19 14:38:02,055:INFO: [TRAIN] Step: 427 ; Loss: 20.642 ; Acc: 44.665
2018-09-19 14:38:02,137:INFO: [TRAIN] Step: 428 ; Loss: 24.535 ; Acc: 44.668
2018-09-19 14:38:02,209:INFO: [TRAIN] Step: 429 ; Loss: 24.087 ; Acc: 44.661
2018-09-19 14:38:02,289:INFO: [TRAIN] Step: 430 ; Loss: 20.664 ; Acc: 44.673
2018-09-19 14:38:02,360:INFO: [TRAIN] Step: 431 ; Loss: 26.414 ; Acc: 44.676
2018-09-19 14:38:02,440:INFO: [TRAIN] Step: 432 ; Loss: 24.903 ; Acc: 44.698
2018-09-19 14:38:02,516:INFO: [TRAIN] Step: 433 ; Loss: 28.238 ; Acc: 44.672
2018-09-19 14:38:02,595:INFO: [TRAIN] Step: 434 ; Loss: 21.411 ; Acc: 44.713
2018-09-19 14:38:02,668:INFO: [TRAIN] Step: 435 ; Loss: 20.125 ; Acc: 44.734
2018-09-19 14:38:02,748:INFO: [TRAIN] Step: 436 ; Loss: 20.660 ; Acc: 44.775
2018-09-19 14:38:02,819:INFO: [TRAIN] Step: 437 ; Loss: 22.721 ; Acc: 44.777
2018-09-19 14:38:02,899:INFO: [TRAIN] Step: 438 ; Loss: 14.391 ; Acc: 44.846
2018-09-19 14:38:02,971:INFO: [TRAIN] Step: 439 ; Loss: 23.928 ; Acc: 44.858
2018-09-19 14:38:03,052:INFO: [TRAIN] Step: 440 ; Loss: 21.747 ; Acc: 44.860
2018-09-19 14:38:03,124:INFO: [TRAIN] Step: 441 ; Loss: 21.705 ; Acc: 44.881
2018-09-19 14:38:03,204:INFO: [TRAIN] Step: 442 ; Loss: 22.256 ; Acc: 44.902
2018-09-19 14:38:03,279:INFO: [TRAIN] Step: 443 ; Loss: 23.438 ; Acc: 44.932
2018-09-19 14:38:03,357:INFO: [TRAIN] Step: 444 ; Loss: 21.501 ; Acc: 44.953
2018-09-19 14:38:03,430:INFO: [TRAIN] Step: 445 ; Loss: 23.925 ; Acc: 44.974
2018-09-19 14:38:03,509:INFO: [TRAIN] Step: 446 ; Loss: 25.483 ; Acc: 44.976
2018-09-19 14:38:03,582:INFO: [TRAIN] Step: 447 ; Loss: 22.943 ; Acc: 44.968
2018-09-19 14:38:03,665:INFO: [TRAIN] Step: 448 ; Loss: 23.340 ; Acc: 44.961
2018-09-19 14:38:03,739:INFO: [TRAIN] Step: 449 ; Loss: 17.698 ; Acc: 45.009
2018-09-19 14:38:03,820:INFO: [TRAIN] Step: 450 ; Loss: 23.191 ; Acc: 45.030
2018-09-19 14:38:03,895:INFO: [TRAIN] Step: 451 ; Loss: 27.395 ; Acc: 45.004
2018-09-19 14:38:03,973:INFO: [TRAIN] Step: 452 ; Loss: 23.421 ; Acc: 45.015
2018-09-19 14:38:04,048:INFO: [TRAIN] Step: 453 ; Loss: 26.762 ; Acc: 45.035
2018-09-19 14:38:04,128:INFO: [TRAIN] Step: 454 ; Loss: 22.867 ; Acc: 45.046
2018-09-19 14:38:04,201:INFO: [TRAIN] Step: 455 ; Loss: 25.893 ; Acc: 45.029
2018-09-19 14:38:04,282:INFO: [TRAIN] Step: 456 ; Loss: 19.014 ; Acc: 45.058
2018-09-19 14:38:04,353:INFO: [TRAIN] Step: 457 ; Loss: 23.721 ; Acc: 45.060
2018-09-19 14:38:04,432:INFO: [TRAIN] Step: 458 ; Loss: 25.421 ; Acc: 45.044
2018-09-19 14:38:04,504:INFO: [TRAIN] Step: 459 ; Loss: 24.046 ; Acc: 45.072
2018-09-19 14:38:04,585:INFO: [TRAIN] Step: 460 ; Loss: 25.642 ; Acc: 45.074
2018-09-19 14:38:04,659:INFO: [TRAIN] Step: 461 ; Loss: 22.519 ; Acc: 45.112
2018-09-19 14:38:04,737:INFO: [TRAIN] Step: 462 ; Loss: 20.074 ; Acc: 45.167
2018-09-19 14:38:04,810:INFO: [TRAIN] Step: 463 ; Loss: 25.659 ; Acc: 45.196
2018-09-19 14:38:04,889:INFO: [TRAIN] Step: 464 ; Loss: 20.102 ; Acc: 45.224
2018-09-19 14:38:04,961:INFO: [TRAIN] Step: 465 ; Loss: 22.103 ; Acc: 45.243
2018-09-19 14:38:05,040:INFO: [TRAIN] Step: 466 ; Loss: 23.063 ; Acc: 45.253
2018-09-19 14:38:05,117:INFO: [TRAIN] Step: 467 ; Loss: 24.260 ; Acc: 45.264
2018-09-19 14:38:05,211:INFO: [TRAIN] Step: 468 ; Loss: 23.154 ; Acc: 45.291
2018-09-19 14:38:05,290:INFO: [TRAIN] Step: 469 ; Loss: 18.622 ; Acc: 45.346
2018-09-19 14:38:05,370:INFO: [TRAIN] Step: 470 ; Loss: 20.374 ; Acc: 45.364
2018-09-19 14:38:05,445:INFO: [TRAIN] Step: 471 ; Loss: 24.634 ; Acc: 45.383
2018-09-19 14:38:05,524:INFO: [TRAIN] Step: 472 ; Loss: 21.185 ; Acc: 45.402
2018-09-19 14:38:05,597:INFO: [TRAIN] Step: 473 ; Loss: 19.793 ; Acc: 45.438
2018-09-19 14:38:05,678:INFO: [TRAIN] Step: 474 ; Loss: 23.511 ; Acc: 45.430
2018-09-19 14:38:05,751:INFO: [TRAIN] Step: 475 ; Loss: 23.255 ; Acc: 45.448
2018-09-19 14:38:05,831:INFO: [TRAIN] Step: 476 ; Loss: 21.822 ; Acc: 45.475
2018-09-19 14:38:05,906:INFO: [TRAIN] Step: 477 ; Loss: 20.991 ; Acc: 45.511
2018-09-19 14:38:05,984:INFO: [TRAIN] Step: 478 ; Loss: 19.506 ; Acc: 45.529
2018-09-19 14:38:06,058:INFO: [TRAIN] Step: 479 ; Loss: 19.860 ; Acc: 45.573
2018-09-19 14:38:06,140:INFO: [TRAIN] Step: 480 ; Loss: 25.630 ; Acc: 45.547
2018-09-19 14:38:06,251:INFO: [TRAIN] Step: 481 ; Loss: 24.810 ; Acc: 45.522
2018-09-19 14:38:06,338:INFO: [TRAIN] Step: 482 ; Loss: 21.270 ; Acc: 45.540
2018-09-19 14:38:06,425:INFO: [TRAIN] Step: 483 ; Loss: 30.192 ; Acc: 45.523
2018-09-19 14:38:06,507:INFO: [TRAIN] Step: 484 ; Loss: 24.575 ; Acc: 45.515
2018-09-19 14:38:06,594:INFO: [TRAIN] Step: 485 ; Loss: 25.478 ; Acc: 45.525
2018-09-19 14:38:06,688:INFO: [TRAIN] Step: 486 ; Loss: 25.403 ; Acc: 45.508
2018-09-19 14:38:06,764:INFO: [TRAIN] Step: 487 ; Loss: 21.816 ; Acc: 45.500
2018-09-19 14:38:06,845:INFO: [TRAIN] Step: 488 ; Loss: 21.201 ; Acc: 45.544
2018-09-19 14:38:06,918:INFO: [TRAIN] Step: 489 ; Loss: 24.540 ; Acc: 45.553
2018-09-19 14:38:07,001:INFO: [TRAIN] Step: 490 ; Loss: 24.168 ; Acc: 45.579
2018-09-19 14:38:07,079:INFO: [TRAIN] Step: 491 ; Loss: 21.557 ; Acc: 45.596
2018-09-19 14:38:07,166:INFO: [TRAIN] Step: 492 ; Loss: 21.181 ; Acc: 45.605
2018-09-19 14:38:07,270:INFO: [TRAIN] Step: 493 ; Loss: 25.340 ; Acc: 45.622
2018-09-19 14:38:07,354:INFO: [TRAIN] Step: 494 ; Loss: 23.123 ; Acc: 45.640
2018-09-19 14:38:07,426:INFO: [TRAIN] Step: 495 ; Loss: 23.671 ; Acc: 45.623
2018-09-19 14:38:07,517:INFO: [TRAIN] Step: 496 ; Loss: 26.828 ; Acc: 45.615
2018-09-19 14:38:07,591:INFO: [TRAIN] Step: 497 ; Loss: 21.769 ; Acc: 45.624
2018-09-19 14:38:07,673:INFO: [TRAIN] Step: 498 ; Loss: 24.510 ; Acc: 45.641
2018-09-19 14:38:07,760:INFO: [TRAIN] Step: 499 ; Loss: 20.247 ; Acc: 45.692
2018-09-19 14:38:07,850:INFO: [TRAIN] Step: 500 ; Loss: 18.409 ; Acc: 45.742
2018-09-19 14:38:07,928:INFO: [TRAIN] Step: 501 ; Loss: 19.486 ; Acc: 45.767
2018-09-19 14:38:08,015:INFO: [TRAIN] Step: 502 ; Loss: 20.338 ; Acc: 45.784
2018-09-19 14:38:08,100:INFO: [TRAIN] Step: 503 ; Loss: 22.017 ; Acc: 45.800
2018-09-19 14:38:08,186:INFO: [TRAIN] Step: 504 ; Loss: 22.131 ; Acc: 45.817
2018-09-19 14:38:08,272:INFO: [TRAIN] Step: 505 ; Loss: 23.645 ; Acc: 45.825
2018-09-19 14:38:08,351:INFO: [TRAIN] Step: 506 ; Loss: 25.433 ; Acc: 45.825
2018-09-19 14:38:08,425:INFO: [TRAIN] Step: 507 ; Loss: 28.235 ; Acc: 45.833
2018-09-19 14:38:08,504:INFO: [TRAIN] Step: 508 ; Loss: 23.218 ; Acc: 45.825
2018-09-19 14:38:08,578:INFO: [TRAIN] Step: 509 ; Loss: 21.038 ; Acc: 45.858
2018-09-19 14:38:08,658:INFO: [TRAIN] Step: 510 ; Loss: 20.405 ; Acc: 45.866
2018-09-19 14:38:08,734:INFO: [TRAIN] Step: 511 ; Loss: 24.128 ; Acc: 45.858
2018-09-19 14:38:08,812:INFO: [TRAIN] Step: 512 ; Loss: 23.698 ; Acc: 45.874
2018-09-19 14:38:08,885:INFO: [TRAIN] Step: 513 ; Loss: 20.173 ; Acc: 45.898
2018-09-19 14:38:08,965:INFO: [TRAIN] Step: 514 ; Loss: 22.867 ; Acc: 45.922
2018-09-19 14:38:09,038:INFO: [TRAIN] Step: 515 ; Loss: 19.877 ; Acc: 45.963
2018-09-19 14:38:09,132:INFO: [TRAIN] Step: 516 ; Loss: 25.577 ; Acc: 45.954
2018-09-19 14:38:09,214:INFO: [TRAIN] Step: 517 ; Loss: 25.392 ; Acc: 45.954
2018-09-19 14:38:09,304:INFO: [TRAIN] Step: 518 ; Loss: 23.191 ; Acc: 45.970
2018-09-19 14:38:09,386:INFO: [TRAIN] Step: 519 ; Loss: 23.571 ; Acc: 45.986
2018-09-19 14:38:09,477:INFO: [TRAIN] Step: 520 ; Loss: 16.878 ; Acc: 46.033
2018-09-19 14:38:09,550:INFO: [TRAIN] Step: 521 ; Loss: 18.092 ; Acc: 46.081
2018-09-19 14:38:09,629:INFO: [TRAIN] Step: 522 ; Loss: 27.810 ; Acc: 46.064
2018-09-19 14:38:09,703:INFO: [TRAIN] Step: 523 ; Loss: 20.823 ; Acc: 46.064
2018-09-19 14:38:09,782:INFO: [TRAIN] Step: 524 ; Loss: 23.392 ; Acc: 46.079
2018-09-19 14:38:09,856:INFO: [TRAIN] Step: 525 ; Loss: 21.226 ; Acc: 46.119
2018-09-19 14:38:09,936:INFO: [TRAIN] Step: 526 ; Loss: 23.788 ; Acc: 46.126
2018-09-19 14:38:10,010:INFO: [TRAIN] Step: 527 ; Loss: 26.195 ; Acc: 46.117
2018-09-19 14:38:10,090:INFO: [TRAIN] Step: 528 ; Loss: 27.212 ; Acc: 46.101
2018-09-19 14:38:10,164:INFO: [TRAIN] Step: 529 ; Loss: 20.534 ; Acc: 46.132
2018-09-19 14:38:10,242:INFO: [TRAIN] Step: 530 ; Loss: 22.014 ; Acc: 46.186
2018-09-19 14:38:10,316:INFO: [TRAIN] Step: 531 ; Loss: 18.887 ; Acc: 46.225
2018-09-19 14:38:10,398:INFO: [TRAIN] Step: 532 ; Loss: 22.794 ; Acc: 46.224
2018-09-19 14:38:10,478:INFO: [TRAIN] Step: 533 ; Loss: 24.038 ; Acc: 46.223
2018-09-19 14:38:10,557:INFO: [TRAIN] Step: 534 ; Loss: 20.071 ; Acc: 46.238
2018-09-19 14:38:10,629:INFO: [TRAIN] Step: 535 ; Loss: 21.737 ; Acc: 46.269
2018-09-19 14:38:10,707:INFO: [TRAIN] Step: 536 ; Loss: 24.777 ; Acc: 46.268
2018-09-19 14:38:10,780:INFO: [TRAIN] Step: 537 ; Loss: 23.804 ; Acc: 46.306
2018-09-19 14:38:10,862:INFO: [TRAIN] Step: 538 ; Loss: 21.271 ; Acc: 46.320
2018-09-19 14:38:10,934:INFO: [TRAIN] Step: 539 ; Loss: 19.309 ; Acc: 46.366
2018-09-19 14:38:11,014:INFO: [TRAIN] Step: 540 ; Loss: 17.915 ; Acc: 46.411
2018-09-19 14:38:11,085:INFO: [TRAIN] Step: 541 ; Loss: 19.391 ; Acc: 46.456
2018-09-19 14:38:11,167:INFO: [TRAIN] Step: 542 ; Loss: 23.174 ; Acc: 46.470
2018-09-19 14:38:11,240:INFO: [TRAIN] Step: 543 ; Loss: 23.589 ; Acc: 46.477
2018-09-19 14:38:11,329:INFO: [TRAIN] Step: 544 ; Loss: 16.874 ; Acc: 46.506
2018-09-19 14:38:11,404:INFO: [TRAIN] Step: 545 ; Loss: 24.962 ; Acc: 46.528
2018-09-19 14:38:11,483:INFO: [TRAIN] Step: 546 ; Loss: 16.882 ; Acc: 46.557
2018-09-19 14:38:11,555:INFO: [TRAIN] Step: 547 ; Loss: 18.255 ; Acc: 46.563
2018-09-19 14:38:11,636:INFO: [TRAIN] Step: 548 ; Loss: 21.848 ; Acc: 46.577
2018-09-19 14:38:11,708:INFO: [TRAIN] Step: 549 ; Loss: 21.759 ; Acc: 46.636
2018-09-19 14:38:11,788:INFO: [TRAIN] Step: 550 ; Loss: 20.976 ; Acc: 46.665
2018-09-19 14:38:11,860:INFO: [TRAIN] Step: 551 ; Loss: 27.816 ; Acc: 46.649
2018-09-19 14:38:11,940:INFO: [TRAIN] Step: 552 ; Loss: 22.041 ; Acc: 46.655
2018-09-19 14:38:12,021:INFO: [TRAIN] Step: 553 ; Loss: 16.907 ; Acc: 46.676
2018-09-19 14:38:12,103:INFO: [TRAIN] Step: 554 ; Loss: 17.116 ; Acc: 46.704
2018-09-19 14:38:12,178:INFO: [TRAIN] Step: 555 ; Loss: 18.609 ; Acc: 46.748
2018-09-19 14:38:12,258:INFO: [TRAIN] Step: 556 ; Loss: 22.238 ; Acc: 46.768
2018-09-19 14:38:12,331:INFO: [TRAIN] Step: 557 ; Loss: 21.418 ; Acc: 46.782
2018-09-19 14:38:12,414:INFO: [TRAIN] Step: 558 ; Loss: 20.221 ; Acc: 46.832
2018-09-19 14:38:12,490:INFO: [TRAIN] Step: 559 ; Loss: 27.699 ; Acc: 46.838
2018-09-19 14:38:12,568:INFO: [TRAIN] Step: 560 ; Loss: 22.301 ; Acc: 46.836
2018-09-19 14:38:12,643:INFO: [TRAIN] Step: 561 ; Loss: 23.120 ; Acc: 46.834
2018-09-19 14:38:12,722:INFO: [TRAIN] Step: 562 ; Loss: 20.958 ; Acc: 46.855
2018-09-19 14:38:12,796:INFO: [TRAIN] Step: 563 ; Loss: 16.990 ; Acc: 46.890
2018-09-19 14:38:12,874:INFO: [TRAIN] Step: 564 ; Loss: 16.875 ; Acc: 46.932
2018-09-19 14:38:12,946:INFO: [TRAIN] Step: 565 ; Loss: 20.857 ; Acc: 46.960
2018-09-19 14:38:13,027:INFO: [TRAIN] Step: 566 ; Loss: 17.997 ; Acc: 47.002
2018-09-19 14:38:13,103:INFO: [TRAIN] Step: 567 ; Loss: 18.208 ; Acc: 47.051
2018-09-19 14:38:13,184:INFO: [TRAIN] Step: 568 ; Loss: 30.647 ; Acc: 47.056
2018-09-19 14:38:13,259:INFO: [TRAIN] Step: 569 ; Loss: 21.979 ; Acc: 47.076
2018-09-19 14:38:13,338:INFO: [TRAIN] Step: 570 ; Loss: 20.358 ; Acc: 47.096
2018-09-19 14:38:13,411:INFO: [TRAIN] Step: 571 ; Loss: 23.010 ; Acc: 47.094
2018-09-19 14:38:13,493:INFO: [TRAIN] Step: 572 ; Loss: 23.346 ; Acc: 47.099
2018-09-19 14:38:13,568:INFO: [TRAIN] Step: 573 ; Loss: 19.200 ; Acc: 47.125
2018-09-19 14:38:13,647:INFO: [TRAIN] Step: 574 ; Loss: 22.702 ; Acc: 47.138
2018-09-19 14:38:13,720:INFO: [TRAIN] Step: 575 ; Loss: 23.433 ; Acc: 47.128
2018-09-19 14:38:13,799:INFO: [TRAIN] Step: 576 ; Loss: 21.221 ; Acc: 47.148
2018-09-19 14:38:13,872:INFO: [TRAIN] Step: 577 ; Loss: 22.733 ; Acc: 47.160
2018-09-19 14:38:13,949:INFO: [TRAIN] Step: 578 ; Loss: 20.782 ; Acc: 47.165
2018-09-19 14:38:14,024:INFO: [TRAIN] Step: 579 ; Loss: 28.277 ; Acc: 47.162
2018-09-19 14:38:14,103:INFO: [TRAIN] Step: 580 ; Loss: 21.617 ; Acc: 47.146
2018-09-19 14:38:14,175:INFO: [TRAIN] Step: 581 ; Loss: 20.420 ; Acc: 47.158
2018-09-19 14:38:14,254:INFO: [TRAIN] Step: 582 ; Loss: 23.340 ; Acc: 47.170
2018-09-19 14:38:14,326:INFO: [TRAIN] Step: 583 ; Loss: 26.377 ; Acc: 47.160
2018-09-19 14:38:14,408:INFO: [TRAIN] Step: 584 ; Loss: 23.921 ; Acc: 47.165
2018-09-19 14:38:14,480:INFO: [TRAIN] Step: 585 ; Loss: 25.191 ; Acc: 47.184
2018-09-19 14:38:14,559:INFO: [TRAIN] Step: 586 ; Loss: 18.912 ; Acc: 47.196
2018-09-19 14:38:14,633:INFO: [TRAIN] Step: 587 ; Loss: 20.891 ; Acc: 47.243
2018-09-19 14:38:14,712:INFO: [TRAIN] Step: 588 ; Loss: 16.855 ; Acc: 47.284
2018-09-19 14:38:14,783:INFO: [TRAIN] Step: 589 ; Loss: 19.431 ; Acc: 47.288
2018-09-19 14:38:14,865:INFO: [TRAIN] Step: 590 ; Loss: 20.266 ; Acc: 47.293
2018-09-19 14:38:14,939:INFO: [TRAIN] Step: 591 ; Loss: 25.097 ; Acc: 47.304
2018-09-19 14:38:15,017:INFO: [TRAIN] Step: 592 ; Loss: 20.211 ; Acc: 47.323
2018-09-19 14:38:15,092:INFO: [TRAIN] Step: 593 ; Loss: 17.810 ; Acc: 47.363
2018-09-19 14:38:15,172:INFO: [TRAIN] Step: 594 ; Loss: 25.809 ; Acc: 47.360
2018-09-19 14:38:15,245:INFO: [TRAIN] Step: 595 ; Loss: 17.579 ; Acc: 47.378
2018-09-19 14:38:15,325:INFO: [TRAIN] Step: 596 ; Loss: 19.609 ; Acc: 47.397
2018-09-19 14:38:15,398:INFO: [TRAIN] Step: 597 ; Loss: 22.925 ; Acc: 47.422
2018-09-19 14:38:15,477:INFO: [TRAIN] Step: 598 ; Loss: 17.826 ; Acc: 47.447
2018-09-19 14:38:15,550:INFO: [TRAIN] Step: 599 ; Loss: 18.746 ; Acc: 47.486
2018-09-19 14:38:15,627:INFO: [TRAIN] Step: 600 ; Loss: 21.717 ; Acc: 47.490
2018-09-19 14:38:15,700:INFO: [TRAIN] Step: 601 ; Loss: 17.328 ; Acc: 47.536
2018-09-19 14:38:15,778:INFO: [TRAIN] Step: 602 ; Loss: 18.871 ; Acc: 47.568
2018-09-19 14:38:15,853:INFO: [TRAIN] Step: 603 ; Loss: 25.180 ; Acc: 47.565
2018-09-19 14:38:15,933:INFO: [TRAIN] Step: 604 ; Loss: 22.976 ; Acc: 47.555
2018-09-19 14:38:16,006:INFO: [TRAIN] Step: 605 ; Loss: 24.135 ; Acc: 47.539
2018-09-19 14:38:16,085:INFO: [TRAIN] Step: 606 ; Loss: 19.082 ; Acc: 47.570
2018-09-19 14:38:16,157:INFO: [TRAIN] Step: 607 ; Loss: 25.590 ; Acc: 47.581
2018-09-19 14:38:16,237:INFO: [TRAIN] Step: 608 ; Loss: 23.084 ; Acc: 47.612
2018-09-19 14:38:16,309:INFO: [TRAIN] Step: 609 ; Loss: 18.124 ; Acc: 47.630
2018-09-19 14:38:16,391:INFO: [TRAIN] Step: 610 ; Loss: 18.957 ; Acc: 47.647
2018-09-19 14:38:16,462:INFO: [TRAIN] Step: 611 ; Loss: 23.720 ; Acc: 47.638
2018-09-19 14:38:16,541:INFO: [TRAIN] Step: 612 ; Loss: 24.027 ; Acc: 47.641
2018-09-19 14:38:16,613:INFO: [TRAIN] Step: 613 ; Loss: 16.765 ; Acc: 47.686
2018-09-19 14:38:16,692:INFO: [TRAIN] Step: 614 ; Loss: 20.611 ; Acc: 47.690
2018-09-19 14:38:16,765:INFO: [TRAIN] Step: 615 ; Loss: 22.146 ; Acc: 47.700
2018-09-19 14:38:16,843:INFO: [TRAIN] Step: 616 ; Loss: 27.059 ; Acc: 47.690
2018-09-19 14:38:16,916:INFO: [TRAIN] Step: 617 ; Loss: 20.472 ; Acc: 47.714
2018-09-19 14:38:16,995:INFO: [TRAIN] Step: 618 ; Loss: 23.549 ; Acc: 47.718
2018-09-19 14:38:17,072:INFO: [TRAIN] Step: 619 ; Loss: 22.623 ; Acc: 47.722
2018-09-19 14:38:17,152:INFO: [TRAIN] Step: 620 ; Loss: 24.076 ; Acc: 47.732
2018-09-19 14:38:17,224:INFO: [TRAIN] Step: 621 ; Loss: 24.941 ; Acc: 47.722
2018-09-19 14:38:17,304:INFO: [TRAIN] Step: 622 ; Loss: 20.534 ; Acc: 47.739
2018-09-19 14:38:17,381:INFO: [TRAIN] Step: 623 ; Loss: 21.294 ; Acc: 47.743
2018-09-19 14:38:17,461:INFO: [TRAIN] Step: 624 ; Loss: 21.563 ; Acc: 47.753
2018-09-19 14:38:17,534:INFO: [TRAIN] Step: 625 ; Loss: 21.009 ; Acc: 47.790
2018-09-19 14:38:17,624:INFO: [TRAIN] Step: 626 ; Loss: 19.375 ; Acc: 47.820
2018-09-19 14:38:17,702:INFO: [TRAIN] Step: 627 ; Loss: 21.234 ; Acc: 47.837
2018-09-19 14:38:17,783:INFO: [TRAIN] Step: 628 ; Loss: 19.105 ; Acc: 47.840
2018-09-19 14:38:17,854:INFO: [TRAIN] Step: 629 ; Loss: 18.840 ; Acc: 47.837
2018-09-19 14:38:17,934:INFO: [TRAIN] Step: 630 ; Loss: 16.755 ; Acc: 47.867
2018-09-19 14:38:18,008:INFO: [TRAIN] Step: 631 ; Loss: 27.756 ; Acc: 47.871
2018-09-19 14:38:18,090:INFO: [TRAIN] Step: 632 ; Loss: 23.996 ; Acc: 47.867
2018-09-19 14:38:18,166:INFO: [TRAIN] Step: 633 ; Loss: 22.969 ; Acc: 47.890
2018-09-19 14:38:18,248:INFO: [TRAIN] Step: 634 ; Loss: 20.617 ; Acc: 47.894
2018-09-19 14:38:18,321:INFO: [TRAIN] Step: 635 ; Loss: 21.992 ; Acc: 47.897
2018-09-19 14:38:18,416:INFO: [TRAIN] Step: 636 ; Loss: 20.414 ; Acc: 47.933
2018-09-19 14:38:18,492:INFO: [TRAIN] Step: 637 ; Loss: 23.482 ; Acc: 47.949
2018-09-19 14:38:18,576:INFO: [TRAIN] Step: 638 ; Loss: 21.807 ; Acc: 47.959
2018-09-19 14:38:18,651:INFO: [TRAIN] Step: 639 ; Loss: 19.709 ; Acc: 47.975
2018-09-19 14:38:18,734:INFO: [TRAIN] Step: 640 ; Loss: 22.258 ; Acc: 47.985
2018-09-19 14:38:18,810:INFO: [TRAIN] Step: 641 ; Loss: 17.174 ; Acc: 48.027
2018-09-19 14:38:18,895:INFO: [TRAIN] Step: 642 ; Loss: 19.268 ; Acc: 48.043
2018-09-19 14:38:18,971:INFO: [TRAIN] Step: 643 ; Loss: 24.102 ; Acc: 48.040
2018-09-19 14:38:19,058:INFO: [TRAIN] Step: 644 ; Loss: 19.391 ; Acc: 48.062
2018-09-19 14:38:19,133:INFO: [TRAIN] Step: 645 ; Loss: 20.235 ; Acc: 48.084
2018-09-19 14:38:19,219:INFO: [TRAIN] Step: 646 ; Loss: 15.763 ; Acc: 48.126
2018-09-19 14:38:19,294:INFO: [TRAIN] Step: 647 ; Loss: 17.936 ; Acc: 48.148
2018-09-19 14:38:19,376:INFO: [TRAIN] Step: 648 ; Loss: 19.199 ; Acc: 48.196
2018-09-19 14:38:19,452:INFO: [TRAIN] Step: 649 ; Loss: 23.783 ; Acc: 48.199
2018-09-19 14:38:19,538:INFO: [TRAIN] Step: 650 ; Loss: 19.083 ; Acc: 48.221
2018-09-19 14:38:19,615:INFO: [TRAIN] Step: 651 ; Loss: 24.476 ; Acc: 48.211
2018-09-19 14:38:19,699:INFO: [TRAIN] Step: 652 ; Loss: 16.052 ; Acc: 48.233
2018-09-19 14:38:19,792:INFO: [TRAIN] Step: 653 ; Loss: 20.358 ; Acc: 48.254
2018-09-19 14:38:19,875:INFO: [TRAIN] Step: 654 ; Loss: 18.477 ; Acc: 48.289
2018-09-19 14:38:19,959:INFO: [TRAIN] Step: 655 ; Loss: 22.541 ; Acc: 48.323
2018-09-19 14:38:20,044:INFO: [TRAIN] Step: 656 ; Loss: 22.086 ; Acc: 48.332
2018-09-19 14:38:20,123:INFO: [TRAIN] Step: 657 ; Loss: 20.302 ; Acc: 48.328
2018-09-19 14:38:20,221:INFO: [TRAIN] Step: 658 ; Loss: 22.933 ; Acc: 48.324
2018-09-19 14:38:20,302:INFO: [TRAIN] Step: 659 ; Loss: 21.715 ; Acc: 48.333
2018-09-19 14:38:20,401:INFO: [TRAIN] Step: 660 ; Loss: 20.991 ; Acc: 48.336
2018-09-19 14:38:20,495:INFO: [TRAIN] Step: 661 ; Loss: 17.588 ; Acc: 48.357
2018-09-19 14:38:20,595:INFO: [TRAIN] Step: 662 ; Loss: 21.370 ; Acc: 48.372
2018-09-19 14:38:20,675:INFO: [TRAIN] Step: 663 ; Loss: 27.487 ; Acc: 48.350
2018-09-19 14:38:20,761:INFO: [TRAIN] Step: 664 ; Loss: 24.806 ; Acc: 48.358
2018-09-19 14:38:20,844:INFO: [TRAIN] Step: 665 ; Loss: 22.115 ; Acc: 48.373
2018-09-19 14:38:20,939:INFO: [TRAIN] Step: 666 ; Loss: 26.073 ; Acc: 48.388
2018-09-19 14:38:21,036:INFO: [TRAIN] Step: 667 ; Loss: 22.554 ; Acc: 48.403
2018-09-19 14:38:21,127:INFO: [TRAIN] Step: 668 ; Loss: 21.625 ; Acc: 48.412
2018-09-19 14:38:21,209:INFO: [TRAIN] Step: 669 ; Loss: 22.263 ; Acc: 48.427
2018-09-19 14:38:21,298:INFO: [TRAIN] Step: 670 ; Loss: 13.688 ; Acc: 48.466
2018-09-19 14:38:21,383:INFO: [TRAIN] Step: 671 ; Loss: 25.098 ; Acc: 48.469
2018-09-19 14:38:21,483:INFO: [TRAIN] Step: 672 ; Loss: 13.925 ; Acc: 48.508
2018-09-19 14:38:21,576:INFO: [TRAIN] Step: 673 ; Loss: 19.810 ; Acc: 48.516
2018-09-19 14:38:21,680:INFO: [TRAIN] Step: 674 ; Loss: 19.113 ; Acc: 48.537
2018-09-19 14:38:21,778:INFO: [TRAIN] Step: 675 ; Loss: 24.090 ; Acc: 48.527
2018-09-19 14:38:21,877:INFO: [TRAIN] Step: 676 ; Loss: 20.717 ; Acc: 48.554
2018-09-19 14:38:21,964:INFO: [TRAIN] Step: 677 ; Loss: 24.748 ; Acc: 48.568
2018-09-19 14:38:22,061:INFO: [TRAIN] Step: 678 ; Loss: 17.450 ; Acc: 48.589
2018-09-19 14:38:22,150:INFO: [TRAIN] Step: 679 ; Loss: 22.823 ; Acc: 48.591
2018-09-19 14:38:22,246:INFO: [TRAIN] Step: 680 ; Loss: 18.770 ; Acc: 48.605
2018-09-19 14:38:22,335:INFO: [TRAIN] Step: 681 ; Loss: 21.719 ; Acc: 48.595
2018-09-19 14:38:22,433:INFO: [TRAIN] Step: 682 ; Loss: 18.217 ; Acc: 48.585
2018-09-19 14:38:22,526:INFO: [TRAIN] Step: 683 ; Loss: 17.761 ; Acc: 48.617
2018-09-19 14:38:22,627:INFO: [TRAIN] Step: 684 ; Loss: 16.839 ; Acc: 48.631
2018-09-19 14:38:22,721:INFO: [TRAIN] Step: 685 ; Loss: 22.360 ; Acc: 48.621
2018-09-19 14:38:22,820:INFO: [TRAIN] Step: 686 ; Loss: 16.218 ; Acc: 48.641
2018-09-19 14:38:22,914:INFO: [TRAIN] Step: 687 ; Loss: 16.131 ; Acc: 48.656
2018-09-19 14:38:23,024:INFO: [TRAIN] Step: 688 ; Loss: 23.535 ; Acc: 48.645
2018-09-19 14:38:23,138:INFO: [TRAIN] Step: 689 ; Loss: 18.365 ; Acc: 48.671
2018-09-19 14:38:23,275:INFO: [TRAIN] Step: 690 ; Loss: 22.880 ; Acc: 48.673
2018-09-19 14:38:23,381:INFO: [TRAIN] Step: 691 ; Loss: 20.917 ; Acc: 48.687
2018-09-19 14:38:23,494:INFO: [TRAIN] Step: 692 ; Loss: 20.885 ; Acc: 48.701
2018-09-19 14:38:23,609:INFO: [TRAIN] Step: 693 ; Loss: 25.773 ; Acc: 48.715
2018-09-19 14:38:23,714:INFO: [TRAIN] Step: 694 ; Loss: 20.911 ; Acc: 48.729
2018-09-19 14:38:23,827:INFO: [TRAIN] Step: 695 ; Loss: 22.065 ; Acc: 48.731
2018-09-19 14:38:23,933:INFO: [TRAIN] Step: 696 ; Loss: 23.035 ; Acc: 48.733
2018-09-19 14:38:24,037:INFO: [TRAIN] Step: 697 ; Loss: 28.611 ; Acc: 48.729
2018-09-19 14:38:24,148:INFO: [TRAIN] Step: 698 ; Loss: 23.034 ; Acc: 48.748
2018-09-19 14:38:24,256:INFO: [TRAIN] Step: 699 ; Loss: 18.894 ; Acc: 48.744
2018-09-19 14:38:24,366:INFO: [TRAIN] Step: 700 ; Loss: 19.736 ; Acc: 48.764
2018-09-19 14:38:24,473:INFO: [TRAIN] Step: 701 ; Loss: 28.798 ; Acc: 48.765
2018-09-19 14:38:24,584:INFO: [TRAIN] Step: 702 ; Loss: 17.323 ; Acc: 48.785
2018-09-19 14:38:24,691:INFO: [TRAIN] Step: 703 ; Loss: 17.158 ; Acc: 48.822
2018-09-19 14:38:24,800:INFO: [TRAIN] Step: 704 ; Loss: 18.333 ; Acc: 48.853
2018-09-19 14:38:24,911:INFO: [TRAIN] Step: 705 ; Loss: 14.799 ; Acc: 48.879
2018-09-19 14:38:25,024:INFO: [TRAIN] Step: 706 ; Loss: 18.242 ; Acc: 48.910
2018-09-19 14:38:25,137:INFO: [TRAIN] Step: 707 ; Loss: 17.407 ; Acc: 48.929
2018-09-19 14:38:25,250:INFO: [TRAIN] Step: 708 ; Loss: 20.617 ; Acc: 48.936
2018-09-19 14:38:25,362:INFO: [TRAIN] Step: 709 ; Loss: 17.429 ; Acc: 48.973
2018-09-19 14:38:25,472:INFO: [TRAIN] Step: 710 ; Loss: 18.431 ; Acc: 48.998
2018-09-19 14:38:25,587:INFO: [TRAIN] Step: 711 ; Loss: 23.606 ; Acc: 49.005
2018-09-19 14:38:25,701:INFO: [TRAIN] Step: 712 ; Loss: 23.793 ; Acc: 49.001
2018-09-19 14:38:25,819:INFO: [TRAIN] Step: 713 ; Loss: 29.010 ; Acc: 48.979
2018-09-19 14:38:25,935:INFO: [TRAIN] Step: 714 ; Loss: 23.296 ; Acc: 48.974
2018-09-19 14:38:26,051:INFO: [TRAIN] Step: 715 ; Loss: 15.652 ; Acc: 48.999
2018-09-19 14:38:26,172:INFO: [TRAIN] Step: 716 ; Loss: 21.685 ; Acc: 49.000
2018-09-19 14:38:26,286:INFO: [TRAIN] Step: 717 ; Loss: 17.214 ; Acc: 49.048
2018-09-19 14:38:26,403:INFO: [TRAIN] Step: 718 ; Loss: 21.974 ; Acc: 49.038
2018-09-19 14:38:26,519:INFO: [TRAIN] Step: 719 ; Loss: 22.739 ; Acc: 49.034
2018-09-19 14:38:26,634:INFO: [TRAIN] Step: 720 ; Loss: 23.046 ; Acc: 49.029
2018-09-19 14:38:26,750:INFO: [TRAIN] Step: 721 ; Loss: 19.719 ; Acc: 49.036
2018-09-19 14:38:26,870:INFO: [TRAIN] Step: 722 ; Loss: 21.606 ; Acc: 49.061
2018-09-19 14:38:26,987:INFO: [TRAIN] Step: 723 ; Loss: 20.498 ; Acc: 49.091
2018-09-19 14:38:27,103:INFO: [TRAIN] Step: 724 ; Loss: 16.598 ; Acc: 49.121
2018-09-19 14:38:27,221:INFO: [TRAIN] Step: 725 ; Loss: 18.210 ; Acc: 49.133
2018-09-19 14:38:27,338:INFO: [TRAIN] Step: 726 ; Loss: 17.653 ; Acc: 49.157
2018-09-19 14:38:27,456:INFO: [TRAIN] Step: 727 ; Loss: 18.685 ; Acc: 49.164
2018-09-19 14:38:27,573:INFO: [TRAIN] Step: 728 ; Loss: 18.216 ; Acc: 49.194
2018-09-19 14:38:27,691:INFO: [TRAIN] Step: 729 ; Loss: 18.007 ; Acc: 49.212
2018-09-19 14:38:27,809:INFO: [TRAIN] Step: 730 ; Loss: 24.154 ; Acc: 49.196
2018-09-19 14:38:27,929:INFO: [TRAIN] Step: 731 ; Loss: 21.568 ; Acc: 49.203
2018-09-19 14:38:28,058:INFO: [TRAIN] Step: 732 ; Loss: 22.427 ; Acc: 49.198
2018-09-19 14:38:28,173:INFO: [TRAIN] Step: 733 ; Loss: 21.857 ; Acc: 49.194
2018-09-19 14:38:28,289:INFO: [TRAIN] Step: 734 ; Loss: 20.365 ; Acc: 49.206
2018-09-19 14:38:28,406:INFO: [TRAIN] Step: 735 ; Loss: 17.769 ; Acc: 49.230
2018-09-19 14:38:28,522:INFO: [TRAIN] Step: 736 ; Loss: 20.119 ; Acc: 49.259
2018-09-19 14:38:28,640:INFO: [TRAIN] Step: 737 ; Loss: 18.567 ; Acc: 49.283
2018-09-19 14:38:28,757:INFO: [TRAIN] Step: 738 ; Loss: 19.994 ; Acc: 49.301
2018-09-19 14:38:28,873:INFO: [TRAIN] Step: 739 ; Loss: 19.940 ; Acc: 49.319
2018-09-19 14:38:28,989:INFO: [TRAIN] Step: 740 ; Loss: 21.931 ; Acc: 49.325
2018-09-19 14:38:29,105:INFO: [TRAIN] Step: 741 ; Loss: 19.686 ; Acc: 49.326
2018-09-19 14:38:29,223:INFO: [TRAIN] Step: 742 ; Loss: 20.554 ; Acc: 49.349
2018-09-19 14:38:29,339:INFO: [TRAIN] Step: 743 ; Loss: 21.272 ; Acc: 49.356
2018-09-19 14:38:29,455:INFO: [TRAIN] Step: 744 ; Loss: 21.275 ; Acc: 49.396
2018-09-19 14:38:29,573:INFO: [TRAIN] Step: 745 ; Loss: 17.588 ; Acc: 49.402
2018-09-19 14:38:29,695:INFO: [TRAIN] Step: 746 ; Loss: 21.935 ; Acc: 49.414
2018-09-19 14:38:29,813:INFO: [TRAIN] Step: 747 ; Loss: 18.716 ; Acc: 49.432
2018-09-19 14:38:29,934:INFO: [TRAIN] Step: 748 ; Loss: 22.559 ; Acc: 49.455
2018-09-19 14:38:30,059:INFO: [TRAIN] Step: 749 ; Loss: 25.532 ; Acc: 49.467
2018-09-19 14:38:30,179:INFO: [TRAIN] Step: 750 ; Loss: 17.254 ; Acc: 49.456
2018-09-19 14:38:30,295:INFO: [TRAIN] Step: 751 ; Loss: 19.120 ; Acc: 49.468
2018-09-19 14:38:30,412:INFO: [TRAIN] Step: 752 ; Loss: 22.728 ; Acc: 49.469
2018-09-19 14:38:30,532:INFO: [TRAIN] Step: 753 ; Loss: 22.517 ; Acc: 49.458
2018-09-19 14:38:30,649:INFO: [TRAIN] Step: 754 ; Loss: 24.013 ; Acc: 49.443
2018-09-19 14:38:30,765:INFO: [TRAIN] Step: 755 ; Loss: 19.808 ; Acc: 49.432
2018-09-19 14:38:30,881:INFO: [TRAIN] Step: 756 ; Loss: 24.091 ; Acc: 49.433
2018-09-19 14:38:31,000:INFO: [TRAIN] Step: 757 ; Loss: 18.942 ; Acc: 49.467
2018-09-19 14:38:31,117:INFO: [TRAIN] Step: 758 ; Loss: 27.786 ; Acc: 49.462
2018-09-19 14:38:31,241:INFO: [TRAIN] Step: 759 ; Loss: 15.596 ; Acc: 49.479
2018-09-19 14:38:31,362:INFO: [TRAIN] Step: 760 ; Loss: 15.511 ; Acc: 49.518
2018-09-19 14:38:31,494:INFO: [TRAIN] Step: 761 ; Loss: 21.382 ; Acc: 49.513
2018-09-19 14:38:31,614:INFO: [TRAIN] Step: 762 ; Loss: 17.969 ; Acc: 49.525
2018-09-19 14:38:31,733:INFO: [TRAIN] Step: 763 ; Loss: 19.398 ; Acc: 49.526
2018-09-19 14:38:31,853:INFO: [TRAIN] Step: 764 ; Loss: 17.377 ; Acc: 49.526
2018-09-19 14:38:31,974:INFO: [TRAIN] Step: 765 ; Loss: 15.107 ; Acc: 49.554
2018-09-19 14:38:32,101:INFO: [TRAIN] Step: 766 ; Loss: 22.946 ; Acc: 49.565
2018-09-19 14:38:32,221:INFO: [TRAIN] Step: 767 ; Loss: 19.809 ; Acc: 49.571
2018-09-19 14:38:32,339:INFO: [TRAIN] Step: 768 ; Loss: 21.387 ; Acc: 49.561
2018-09-19 14:38:32,462:INFO: [TRAIN] Step: 769 ; Loss: 23.793 ; Acc: 49.567
2018-09-19 14:38:32,581:INFO: [TRAIN] Step: 770 ; Loss: 25.852 ; Acc: 49.551
2018-09-19 14:38:32,706:INFO: [TRAIN] Step: 771 ; Loss: 21.057 ; Acc: 49.557
2018-09-19 14:38:32,827:INFO: [TRAIN] Step: 772 ; Loss: 17.349 ; Acc: 49.585
2018-09-19 14:38:32,949:INFO: [TRAIN] Step: 773 ; Loss: 16.863 ; Acc: 49.591
2018-09-19 14:38:33,073:INFO: [TRAIN] Step: 774 ; Loss: 15.065 ; Acc: 49.618
2018-09-19 14:38:33,197:INFO: [TRAIN] Step: 775 ; Loss: 20.527 ; Acc: 49.635
2018-09-19 14:38:33,322:INFO: [TRAIN] Step: 776 ; Loss: 19.778 ; Acc: 49.662
2018-09-19 14:38:33,447:INFO: [TRAIN] Step: 777 ; Loss: 22.854 ; Acc: 49.647
2018-09-19 14:38:33,575:INFO: [TRAIN] Step: 778 ; Loss: 17.320 ; Acc: 49.668
2018-09-19 14:38:33,699:INFO: [TRAIN] Step: 779 ; Loss: 24.156 ; Acc: 49.674
2018-09-19 14:38:33,818:INFO: [TRAIN] Step: 780 ; Loss: 22.112 ; Acc: 49.685
2018-09-19 14:38:33,937:INFO: [TRAIN] Step: 781 ; Loss: 17.272 ; Acc: 49.707
2018-09-19 14:38:34,059:INFO: [TRAIN] Step: 782 ; Loss: 18.966 ; Acc: 49.718
2018-09-19 14:38:34,178:INFO: [TRAIN] Step: 783 ; Loss: 18.402 ; Acc: 49.745
2018-09-19 14:38:34,296:INFO: [TRAIN] Step: 784 ; Loss: 21.093 ; Acc: 49.756
2018-09-19 14:38:34,418:INFO: [TRAIN] Step: 785 ; Loss: 23.572 ; Acc: 49.746
2018-09-19 14:38:34,537:INFO: [TRAIN] Step: 786 ; Loss: 26.814 ; Acc: 49.735
2018-09-19 14:38:34,658:INFO: [TRAIN] Step: 787 ; Loss: 27.530 ; Acc: 49.730
2018-09-19 14:38:34,778:INFO: [TRAIN] Step: 788 ; Loss: 20.726 ; Acc: 49.736
2018-09-19 14:38:34,902:INFO: [TRAIN] Step: 789 ; Loss: 18.536 ; Acc: 49.752
2018-09-19 14:38:35,027:INFO: [TRAIN] Step: 790 ; Loss: 24.383 ; Acc: 49.752
2018-09-19 14:38:35,150:INFO: [TRAIN] Step: 791 ; Loss: 15.627 ; Acc: 49.784
2018-09-19 14:38:35,269:INFO: [TRAIN] Step: 792 ; Loss: 18.307 ; Acc: 49.795
2018-09-19 14:38:35,393:INFO: [TRAIN] Step: 793 ; Loss: 20.563 ; Acc: 49.806
2018-09-19 14:38:35,514:INFO: [TRAIN] Step: 794 ; Loss: 20.033 ; Acc: 49.806
2018-09-19 14:38:35,635:INFO: [TRAIN] Step: 795 ; Loss: 25.700 ; Acc: 49.796
2018-09-19 14:38:35,758:INFO: [TRAIN] Step: 796 ; Loss: 21.742 ; Acc: 49.796
2018-09-19 14:38:35,881:INFO: [TRAIN] Step: 797 ; Loss: 22.053 ; Acc: 49.807
2018-09-19 14:38:36,004:INFO: [TRAIN] Step: 798 ; Loss: 17.538 ; Acc: 49.812
2018-09-19 14:38:36,128:INFO: [TRAIN] Step: 799 ; Loss: 22.984 ; Acc: 49.818
2018-09-19 14:38:36,253:INFO: [TRAIN] Step: 800 ; Loss: 21.606 ; Acc: 49.828
2018-09-19 14:38:36,372:INFO: [TRAIN] Step: 801 ; Loss: 25.133 ; Acc: 49.818
2018-09-19 14:38:36,493:INFO: [TRAIN] Step: 802 ; Loss: 23.197 ; Acc: 49.808
2018-09-19 14:38:36,617:INFO: [TRAIN] Step: 803 ; Loss: 18.418 ; Acc: 49.829
2018-09-19 14:38:36,741:INFO: [TRAIN] Step: 804 ; Loss: 20.724 ; Acc: 49.855
2018-09-19 14:38:36,865:INFO: [TRAIN] Step: 805 ; Loss: 20.813 ; Acc: 49.866
2018-09-19 14:38:36,988:INFO: [TRAIN] Step: 806 ; Loss: 20.679 ; Acc: 49.876
2018-09-19 14:38:37,117:INFO: [TRAIN] Step: 807 ; Loss: 21.329 ; Acc: 49.881
2018-09-19 14:38:37,240:INFO: [TRAIN] Step: 808 ; Loss: 17.862 ; Acc: 49.912
2018-09-19 14:38:37,360:INFO: [TRAIN] Step: 809 ; Loss: 25.923 ; Acc: 49.913
2018-09-19 14:38:37,479:INFO: [TRAIN] Step: 810 ; Loss: 20.621 ; Acc: 49.908
2018-09-19 14:38:37,602:INFO: [TRAIN] Step: 811 ; Loss: 16.907 ; Acc: 49.928
2018-09-19 14:38:37,721:INFO: [TRAIN] Step: 812 ; Loss: 19.754 ; Acc: 49.944
2018-09-19 14:38:37,840:INFO: [TRAIN] Step: 813 ; Loss: 17.021 ; Acc: 49.969
2018-09-19 14:38:37,961:INFO: [TRAIN] Step: 814 ; Loss: 15.672 ; Acc: 50.010
2018-09-19 14:38:38,082:INFO: [TRAIN] Step: 815 ; Loss: 21.454 ; Acc: 50.015
2018-09-19 14:38:38,200:INFO: [TRAIN] Step: 816 ; Loss: 15.424 ; Acc: 50.031
2018-09-19 14:38:38,316:INFO: [TRAIN] Step: 817 ; Loss: 17.333 ; Acc: 50.051
2018-09-19 14:38:38,435:INFO: [TRAIN] Step: 818 ; Loss: 19.310 ; Acc: 50.061
2018-09-19 14:38:38,556:INFO: [TRAIN] Step: 819 ; Loss: 13.069 ; Acc: 50.091
2018-09-19 14:38:38,676:INFO: [TRAIN] Step: 820 ; Loss: 22.157 ; Acc: 50.096
2018-09-19 14:38:38,799:INFO: [TRAIN] Step: 821 ; Loss: 18.817 ; Acc: 50.117
2018-09-19 14:38:38,919:INFO: [TRAIN] Step: 822 ; Loss: 17.578 ; Acc: 50.132
2018-09-19 14:38:39,037:INFO: [TRAIN] Step: 823 ; Loss: 22.986 ; Acc: 50.131
2018-09-19 14:38:39,155:INFO: [TRAIN] Step: 824 ; Loss: 18.300 ; Acc: 50.146
2018-09-19 14:38:39,278:INFO: [TRAIN] Step: 825 ; Loss: 21.333 ; Acc: 50.141
2018-09-19 14:38:39,396:INFO: [TRAIN] Step: 826 ; Loss: 20.706 ; Acc: 50.136
2018-09-19 14:38:39,512:INFO: [TRAIN] Step: 827 ; Loss: 20.173 ; Acc: 50.161
2018-09-19 14:38:39,628:INFO: [TRAIN] Step: 828 ; Loss: 16.327 ; Acc: 50.191
2018-09-19 14:38:39,744:INFO: [TRAIN] Step: 829 ; Loss: 22.105 ; Acc: 50.196
2018-09-19 14:38:39,867:INFO: [TRAIN] Step: 830 ; Loss: 25.171 ; Acc: 50.196
2018-09-19 14:38:39,982:INFO: [TRAIN] Step: 831 ; Loss: 18.424 ; Acc: 50.195
2018-09-19 14:38:40,107:INFO: [TRAIN] Step: 832 ; Loss: 20.577 ; Acc: 50.210
2018-09-19 14:38:40,224:INFO: [TRAIN] Step: 833 ; Loss: 29.203 ; Acc: 50.200
2018-09-19 14:38:40,337:INFO: [TRAIN] Step: 834 ; Loss: 20.814 ; Acc: 50.215
2018-09-19 14:38:40,453:INFO: [TRAIN] Step: 835 ; Loss: 19.503 ; Acc: 50.224
2018-09-19 14:38:40,575:INFO: [TRAIN] Step: 836 ; Loss: 16.277 ; Acc: 50.249
2018-09-19 14:38:40,692:INFO: [TRAIN] Step: 837 ; Loss: 21.543 ; Acc: 50.254
2018-09-19 14:38:40,810:INFO: [TRAIN] Step: 838 ; Loss: 18.402 ; Acc: 50.268
2018-09-19 14:38:40,924:INFO: [TRAIN] Step: 839 ; Loss: 17.303 ; Acc: 50.273
2018-09-19 14:38:41,044:INFO: [TRAIN] Step: 840 ; Loss: 21.847 ; Acc: 50.277
2018-09-19 14:38:41,158:INFO: [TRAIN] Step: 841 ; Loss: 21.588 ; Acc: 50.287
2018-09-19 14:38:41,274:INFO: [TRAIN] Step: 842 ; Loss: 22.890 ; Acc: 50.282
2018-09-19 14:38:41,388:INFO: [TRAIN] Step: 843 ; Loss: 18.518 ; Acc: 50.301
2018-09-19 14:38:41,502:INFO: [TRAIN] Step: 844 ; Loss: 16.794 ; Acc: 50.330
2018-09-19 14:38:41,614:INFO: [TRAIN] Step: 845 ; Loss: 20.299 ; Acc: 50.360
2018-09-19 14:38:41,729:INFO: [TRAIN] Step: 846 ; Loss: 18.557 ; Acc: 50.369
2018-09-19 14:38:41,840:INFO: [TRAIN] Step: 847 ; Loss: 22.519 ; Acc: 50.359
2018-09-19 14:38:41,955:INFO: [TRAIN] Step: 848 ; Loss: 18.622 ; Acc: 50.368
2018-09-19 14:38:42,066:INFO: [TRAIN] Step: 849 ; Loss: 27.180 ; Acc: 50.353
2018-09-19 14:38:42,179:INFO: [TRAIN] Step: 850 ; Loss: 21.415 ; Acc: 50.362
2018-09-19 14:38:42,291:INFO: [TRAIN] Step: 851 ; Loss: 15.370 ; Acc: 50.377
2018-09-19 14:38:42,403:INFO: [TRAIN] Step: 852 ; Loss: 17.602 ; Acc: 50.391
2018-09-19 14:38:42,513:INFO: [TRAIN] Step: 853 ; Loss: 16.659 ; Acc: 50.405
2018-09-19 14:38:42,627:INFO: [TRAIN] Step: 854 ; Loss: 17.591 ; Acc: 50.424
2018-09-19 14:38:42,740:INFO: [TRAIN] Step: 855 ; Loss: 14.852 ; Acc: 50.443
2018-09-19 14:38:42,851:INFO: [TRAIN] Step: 856 ; Loss: 16.987 ; Acc: 50.452
2018-09-19 14:38:42,962:INFO: [TRAIN] Step: 857 ; Loss: 17.978 ; Acc: 50.466
2018-09-19 14:38:43,073:INFO: [TRAIN] Step: 858 ; Loss: 17.788 ; Acc: 50.466
2018-09-19 14:38:43,181:INFO: [TRAIN] Step: 859 ; Loss: 17.136 ; Acc: 50.484
2018-09-19 14:38:43,290:INFO: [TRAIN] Step: 860 ; Loss: 16.404 ; Acc: 50.498
2018-09-19 14:38:43,430:INFO: [TRAIN] Step: 861 ; Loss: 21.175 ; Acc: 50.522
2018-09-19 14:38:43,539:INFO: [TRAIN] Step: 862 ; Loss: 19.786 ; Acc: 50.512
2018-09-19 14:38:43,649:INFO: [TRAIN] Step: 863 ; Loss: 22.406 ; Acc: 50.506
2018-09-19 14:38:43,759:INFO: [TRAIN] Step: 864 ; Loss: 16.817 ; Acc: 50.530
2018-09-19 14:38:43,871:INFO: [TRAIN] Step: 865 ; Loss: 20.276 ; Acc: 50.544
2018-09-19 14:38:43,980:INFO: [TRAIN] Step: 866 ; Loss: 20.756 ; Acc: 50.548
2018-09-19 14:38:44,090:INFO: [TRAIN] Step: 867 ; Loss: 25.977 ; Acc: 50.538
2018-09-19 14:38:44,199:INFO: [TRAIN] Step: 868 ; Loss: 21.443 ; Acc: 50.551
2018-09-19 14:38:44,308:INFO: [TRAIN] Step: 869 ; Loss: 20.853 ; Acc: 50.556
2018-09-19 14:38:44,418:INFO: [TRAIN] Step: 870 ; Loss: 21.185 ; Acc: 50.541
2018-09-19 14:38:44,525:INFO: [TRAIN] Step: 871 ; Loss: 22.545 ; Acc: 50.550
2018-09-19 14:38:44,636:INFO: [TRAIN] Step: 872 ; Loss: 20.203 ; Acc: 50.539
2018-09-19 14:38:44,743:INFO: [TRAIN] Step: 873 ; Loss: 20.429 ; Acc: 50.553
2018-09-19 14:38:44,850:INFO: [TRAIN] Step: 874 ; Loss: 20.545 ; Acc: 50.581
2018-09-19 14:38:44,956:INFO: [TRAIN] Step: 875 ; Loss: 19.502 ; Acc: 50.590
2018-09-19 14:38:45,069:INFO: [TRAIN] Step: 876 ; Loss: 20.096 ; Acc: 50.589
2018-09-19 14:38:45,179:INFO: [TRAIN] Step: 877 ; Loss: 22.030 ; Acc: 50.584
2018-09-19 14:38:45,284:INFO: [TRAIN] Step: 878 ; Loss: 19.771 ; Acc: 50.602
2018-09-19 14:38:45,390:INFO: [TRAIN] Step: 879 ; Loss: 20.647 ; Acc: 50.597
2018-09-19 14:38:45,496:INFO: [TRAIN] Step: 880 ; Loss: 16.894 ; Acc: 50.615
2018-09-19 14:38:45,601:INFO: [TRAIN] Step: 881 ; Loss: 26.787 ; Acc: 50.624
2018-09-19 14:38:45,707:INFO: [TRAIN] Step: 882 ; Loss: 20.015 ; Acc: 50.623
2018-09-19 14:38:45,816:INFO: [TRAIN] Step: 883 ; Loss: 28.922 ; Acc: 50.622
2018-09-19 14:38:45,925:INFO: [TRAIN] Step: 884 ; Loss: 19.901 ; Acc: 50.636
2018-09-19 14:38:46,031:INFO: [TRAIN] Step: 885 ; Loss: 24.660 ; Acc: 50.621
2018-09-19 14:38:46,139:INFO: [TRAIN] Step: 886 ; Loss: 15.654 ; Acc: 50.644
2018-09-19 14:38:46,251:INFO: [TRAIN] Step: 887 ; Loss: 20.724 ; Acc: 50.662
2018-09-19 14:38:46,359:INFO: [TRAIN] Step: 888 ; Loss: 20.860 ; Acc: 50.684
2018-09-19 14:38:46,466:INFO: [TRAIN] Step: 889 ; Loss: 14.533 ; Acc: 50.712
2018-09-19 14:38:46,571:INFO: [TRAIN] Step: 890 ; Loss: 20.081 ; Acc: 50.730
2018-09-19 14:38:46,677:INFO: [TRAIN] Step: 891 ; Loss: 17.202 ; Acc: 50.752
2018-09-19 14:38:46,781:INFO: [TRAIN] Step: 892 ; Loss: 19.174 ; Acc: 50.765
2018-09-19 14:38:46,887:INFO: [TRAIN] Step: 893 ; Loss: 25.477 ; Acc: 50.764
2018-09-19 14:38:46,994:INFO: [TRAIN] Step: 894 ; Loss: 25.820 ; Acc: 50.759
2018-09-19 14:38:47,099:INFO: [TRAIN] Step: 895 ; Loss: 20.602 ; Acc: 50.772
2018-09-19 14:38:47,209:INFO: [TRAIN] Step: 896 ; Loss: 23.211 ; Acc: 50.766
2018-09-19 14:38:47,315:INFO: [TRAIN] Step: 897 ; Loss: 19.027 ; Acc: 50.770
2018-09-19 14:38:47,418:INFO: [TRAIN] Step: 898 ; Loss: 18.886 ; Acc: 50.793
2018-09-19 14:38:47,526:INFO: [TRAIN] Step: 899 ; Loss: 22.896 ; Acc: 50.782
2018-09-19 14:38:47,641:INFO: [TRAIN] Step: 900 ; Loss: 23.633 ; Acc: 50.786
2018-09-19 14:38:47,746:INFO: [TRAIN] Step: 901 ; Loss: 18.080 ; Acc: 50.790
2018-09-19 14:38:47,854:INFO: [TRAIN] Step: 902 ; Loss: 19.995 ; Acc: 50.794
2018-09-19 14:38:47,963:INFO: [TRAIN] Step: 903 ; Loss: 21.484 ; Acc: 50.802
2018-09-19 14:38:48,071:INFO: [TRAIN] Step: 904 ; Loss: 22.996 ; Acc: 50.815
2018-09-19 14:38:48,182:INFO: [TRAIN] Step: 905 ; Loss: 19.254 ; Acc: 50.828
2018-09-19 14:38:48,297:INFO: [TRAIN] Step: 906 ; Loss: 21.895 ; Acc: 50.818
2018-09-19 14:38:48,404:INFO: [TRAIN] Step: 907 ; Loss: 21.534 ; Acc: 50.817
2018-09-19 14:38:48,511:INFO: [TRAIN] Step: 908 ; Loss: 17.202 ; Acc: 50.830
2018-09-19 14:38:48,616:INFO: [TRAIN] Step: 909 ; Loss: 28.746 ; Acc: 50.824
2018-09-19 14:38:48,724:INFO: [TRAIN] Step: 910 ; Loss: 22.136 ; Acc: 50.823
2018-09-19 14:38:48,828:INFO: [TRAIN] Step: 911 ; Loss: 19.546 ; Acc: 50.813
2018-09-19 14:38:48,935:INFO: [TRAIN] Step: 912 ; Loss: 18.413 ; Acc: 50.826
2018-09-19 14:38:49,040:INFO: [TRAIN] Step: 913 ; Loss: 20.381 ; Acc: 50.825
2018-09-19 14:38:49,146:INFO: [TRAIN] Step: 914 ; Loss: 17.065 ; Acc: 50.842
2018-09-19 14:38:49,255:INFO: [TRAIN] Step: 915 ; Loss: 21.415 ; Acc: 50.846
2018-09-19 14:38:49,362:INFO: [TRAIN] Step: 916 ; Loss: 17.264 ; Acc: 50.854
2018-09-19 14:38:49,470:INFO: [TRAIN] Step: 917 ; Loss: 20.125 ; Acc: 50.867
2018-09-19 14:38:49,573:INFO: [TRAIN] Step: 918 ; Loss: 18.485 ; Acc: 50.866
2018-09-19 14:38:49,678:INFO: [TRAIN] Step: 919 ; Loss: 20.421 ; Acc: 50.870
2018-09-19 14:38:49,785:INFO: [TRAIN] Step: 920 ; Loss: 21.529 ; Acc: 50.878
2018-09-19 14:38:49,892:INFO: [TRAIN] Step: 921 ; Loss: 22.405 ; Acc: 50.881
2018-09-19 14:38:50,000:INFO: [TRAIN] Step: 922 ; Loss: 22.511 ; Acc: 50.885
2018-09-19 14:38:50,107:INFO: [TRAIN] Step: 923 ; Loss: 18.391 ; Acc: 50.897
2018-09-19 14:38:50,215:INFO: [TRAIN] Step: 924 ; Loss: 19.358 ; Acc: 50.905
2018-09-19 14:38:50,321:INFO: [TRAIN] Step: 925 ; Loss: 16.062 ; Acc: 50.931
2018-09-19 14:38:50,426:INFO: [TRAIN] Step: 926 ; Loss: 20.990 ; Acc: 50.944
2018-09-19 14:38:50,535:INFO: [TRAIN] Step: 927 ; Loss: 24.516 ; Acc: 50.943
2018-09-19 14:38:50,648:INFO: [TRAIN] Step: 928 ; Loss: 24.476 ; Acc: 50.933
2018-09-19 14:38:50,753:INFO: [TRAIN] Step: 929 ; Loss: 20.905 ; Acc: 50.923
2018-09-19 14:38:50,856:INFO: [TRAIN] Step: 930 ; Loss: 21.427 ; Acc: 50.931
2018-09-19 14:38:50,960:INFO: [TRAIN] Step: 931 ; Loss: 17.196 ; Acc: 50.939
2018-09-19 14:38:51,065:INFO: [TRAIN] Step: 932 ; Loss: 18.202 ; Acc: 50.960
2018-09-19 14:38:51,172:INFO: [TRAIN] Step: 933 ; Loss: 19.037 ; Acc: 50.986
2018-09-19 14:38:51,279:INFO: [TRAIN] Step: 934 ; Loss: 24.278 ; Acc: 50.985
2018-09-19 14:38:51,390:INFO: [TRAIN] Step: 935 ; Loss: 21.530 ; Acc: 50.993
2018-09-19 14:38:51,496:INFO: [TRAIN] Step: 936 ; Loss: 18.288 ; Acc: 50.996
2018-09-19 14:38:51,602:INFO: [TRAIN] Step: 937 ; Loss: 20.800 ; Acc: 50.991
2018-09-19 14:38:51,710:INFO: [TRAIN] Step: 938 ; Loss: 18.504 ; Acc: 51.012
2018-09-19 14:38:51,819:INFO: [TRAIN] Step: 939 ; Loss: 15.468 ; Acc: 51.015
2018-09-19 14:38:51,927:INFO: [TRAIN] Step: 940 ; Loss: 22.222 ; Acc: 51.014
2018-09-19 14:38:52,035:INFO: [TRAIN] Step: 941 ; Loss: 25.008 ; Acc: 51.017
2018-09-19 14:38:52,143:INFO: [TRAIN] Step: 942 ; Loss: 17.937 ; Acc: 51.038
2018-09-19 14:38:52,252:INFO: [TRAIN] Step: 943 ; Loss: 21.184 ; Acc: 51.037
2018-09-19 14:38:52,355:INFO: [TRAIN] Step: 944 ; Loss: 17.176 ; Acc: 51.045
2018-09-19 14:38:52,461:INFO: [TRAIN] Step: 945 ; Loss: 19.783 ; Acc: 51.053
2018-09-19 14:38:52,567:INFO: [TRAIN] Step: 946 ; Loss: 15.699 ; Acc: 51.056
2018-09-19 14:38:52,674:INFO: [TRAIN] Step: 947 ; Loss: 17.885 ; Acc: 51.064
2018-09-19 14:38:52,781:INFO: [TRAIN] Step: 948 ; Loss: 20.576 ; Acc: 51.080
2018-09-19 14:38:52,885:INFO: [TRAIN] Step: 949 ; Loss: 23.792 ; Acc: 51.070
2018-09-19 14:38:52,989:INFO: [TRAIN] Step: 950 ; Loss: 17.497 ; Acc: 51.095
2018-09-19 14:38:53,099:INFO: [TRAIN] Step: 951 ; Loss: 25.321 ; Acc: 51.094
2018-09-19 14:38:53,204:INFO: [TRAIN] Step: 952 ; Loss: 19.532 ; Acc: 51.106
2018-09-19 14:38:53,315:INFO: [TRAIN] Step: 953 ; Loss: 23.498 ; Acc: 51.105
2018-09-19 14:38:53,421:INFO: [TRAIN] Step: 954 ; Loss: 22.299 ; Acc: 51.104
2018-09-19 14:38:53,525:INFO: [TRAIN] Step: 955 ; Loss: 14.640 ; Acc: 51.129
2018-09-19 14:38:53,632:INFO: [TRAIN] Step: 956 ; Loss: 19.234 ; Acc: 51.149
2018-09-19 14:38:53,740:INFO: [TRAIN] Step: 957 ; Loss: 17.078 ; Acc: 51.166
2018-09-19 14:38:53,845:INFO: [TRAIN] Step: 958 ; Loss: 20.682 ; Acc: 51.173
2018-09-19 14:38:53,948:INFO: [TRAIN] Step: 959 ; Loss: 18.282 ; Acc: 51.185
2018-09-19 14:38:54,055:INFO: [TRAIN] Step: 960 ; Loss: 23.347 ; Acc: 51.184
2018-09-19 14:38:54,163:INFO: [TRAIN] Step: 961 ; Loss: 18.617 ; Acc: 51.191
2018-09-19 14:38:54,270:INFO: [TRAIN] Step: 962 ; Loss: 16.568 ; Acc: 51.203
2018-09-19 14:38:54,376:INFO: [TRAIN] Step: 963 ; Loss: 20.232 ; Acc: 51.206
2018-09-19 14:38:54,479:INFO: [TRAIN] Step: 964 ; Loss: 19.633 ; Acc: 51.209
2018-09-19 14:38:54,583:INFO: [TRAIN] Step: 965 ; Loss: 17.591 ; Acc: 51.221
2018-09-19 14:38:54,691:INFO: [TRAIN] Step: 966 ; Loss: 24.416 ; Acc: 51.228
2018-09-19 14:38:54,794:INFO: [TRAIN] Step: 967 ; Loss: 15.682 ; Acc: 51.248
2018-09-19 14:38:54,901:INFO: [TRAIN] Step: 968 ; Loss: 22.955 ; Acc: 51.251
2018-09-19 14:38:55,007:INFO: [TRAIN] Step: 969 ; Loss: 19.542 ; Acc: 51.271
2018-09-19 14:38:55,110:INFO: [TRAIN] Step: 970 ; Loss: 13.875 ; Acc: 51.300
2018-09-19 14:38:55,214:INFO: [TRAIN] Step: 971 ; Loss: 18.180 ; Acc: 51.316
2018-09-19 14:38:55,319:INFO: [TRAIN] Step: 972 ; Loss: 21.287 ; Acc: 51.319
2018-09-19 14:38:55,424:INFO: [TRAIN] Step: 973 ; Loss: 17.652 ; Acc: 51.348
2018-09-19 14:38:55,528:INFO: [TRAIN] Step: 974 ; Loss: 21.318 ; Acc: 51.355
2018-09-19 14:38:55,632:INFO: [TRAIN] Step: 975 ; Loss: 21.383 ; Acc: 51.358
2018-09-19 14:38:55,736:INFO: [TRAIN] Step: 976 ; Loss: 19.637 ; Acc: 51.360
2018-09-19 14:38:55,840:INFO: [TRAIN] Step: 977 ; Loss: 21.124 ; Acc: 51.363
2018-09-19 14:38:55,943:INFO: [TRAIN] Step: 978 ; Loss: 25.135 ; Acc: 51.353
2018-09-19 14:38:56,048:INFO: [TRAIN] Step: 979 ; Loss: 25.582 ; Acc: 51.356
2018-09-19 14:38:56,152:INFO: [TRAIN] Step: 980 ; Loss: 17.414 ; Acc: 51.376
2018-09-19 14:38:56,255:INFO: [TRAIN] Step: 981 ; Loss: 19.201 ; Acc: 51.404
2018-09-19 14:38:56,358:INFO: [TRAIN] Step: 982 ; Loss: 24.409 ; Acc: 51.390
2018-09-19 14:38:56,463:INFO: [TRAIN] Step: 983 ; Loss: 18.139 ; Acc: 51.402
2018-09-19 14:38:56,568:INFO: [TRAIN] Step: 984 ; Loss: 18.110 ; Acc: 51.417
2018-09-19 14:38:56,671:INFO: [TRAIN] Step: 985 ; Loss: 17.708 ; Acc: 51.428
2018-09-19 14:38:56,772:INFO: [TRAIN] Step: 986 ; Loss: 15.610 ; Acc: 51.444
2018-09-19 14:38:56,875:INFO: [TRAIN] Step: 987 ; Loss: 18.834 ; Acc: 51.455
2018-09-19 14:38:56,979:INFO: [TRAIN] Step: 988 ; Loss: 19.049 ; Acc: 51.453
2018-09-19 14:38:57,090:INFO: [TRAIN] Step: 989 ; Loss: 24.929 ; Acc: 51.431
2018-09-19 14:38:57,197:INFO: [TRAIN] Step: 990 ; Loss: 16.142 ; Acc: 51.438
2018-09-19 14:38:57,302:INFO: [TRAIN] Step: 991 ; Loss: 22.111 ; Acc: 51.441
2018-09-19 14:38:57,410:INFO: [TRAIN] Step: 992 ; Loss: 19.048 ; Acc: 51.452
2018-09-19 14:38:57,517:INFO: [TRAIN] Step: 993 ; Loss: 23.318 ; Acc: 51.450
2018-09-19 14:38:57,620:INFO: [TRAIN] Step: 994 ; Loss: 21.544 ; Acc: 51.449
2018-09-19 14:38:57,722:INFO: [TRAIN] Step: 995 ; Loss: 16.582 ; Acc: 51.468
2018-09-19 14:38:57,831:INFO: [TRAIN] Step: 996 ; Loss: 21.260 ; Acc: 51.471
2018-09-19 14:38:57,936:INFO: [TRAIN] Step: 997 ; Loss: 19.138 ; Acc: 51.474
2018-09-19 14:38:58,039:INFO: [TRAIN] Step: 998 ; Loss: 18.401 ; Acc: 51.493
2018-09-19 14:38:58,142:INFO: [TRAIN] Step: 999 ; Loss: 18.097 ; Acc: 51.517
2018-09-19 14:38:58,249:INFO: [TRAIN] Step: 1000 ; Loss: 19.062 ; Acc: 51.528
2018-09-19 14:38:58,353:INFO: [TRAIN] Step: 1001 ; Loss: 16.395 ; Acc: 51.534
2018-09-19 14:38:58,458:INFO: [TRAIN] Step: 1002 ; Loss: 19.754 ; Acc: 51.541
2018-09-19 14:38:58,565:INFO: [TRAIN] Step: 1003 ; Loss: 17.530 ; Acc: 51.556
2018-09-19 14:38:58,668:INFO: [TRAIN] Step: 1004 ; Loss: 15.282 ; Acc: 51.571
2018-09-19 14:38:58,771:INFO: [TRAIN] Step: 1005 ; Loss: 20.674 ; Acc: 51.566
2018-09-19 14:38:58,878:INFO: [TRAIN] Step: 1006 ; Loss: 18.898 ; Acc: 51.576
2018-09-19 14:38:58,985:INFO: [TRAIN] Step: 1007 ; Loss: 19.096 ; Acc: 51.587
2018-09-19 14:38:59,091:INFO: [TRAIN] Step: 1008 ; Loss: 25.514 ; Acc: 51.586
2018-09-19 14:38:59,193:INFO: [TRAIN] Step: 1009 ; Loss: 13.810 ; Acc: 51.605
2018-09-19 14:38:59,300:INFO: [TRAIN] Step: 1010 ; Loss: 18.798 ; Acc: 51.603
2018-09-19 14:38:59,405:INFO: [TRAIN] Step: 1011 ; Loss: 22.142 ; Acc: 51.606
2018-09-19 14:38:59,513:INFO: [TRAIN] Step: 1012 ; Loss: 19.368 ; Acc: 51.608
2018-09-19 14:38:59,615:INFO: [TRAIN] Step: 1013 ; Loss: 21.427 ; Acc: 51.607
2018-09-19 14:38:59,721:INFO: [TRAIN] Step: 1014 ; Loss: 15.333 ; Acc: 51.634
2018-09-19 14:38:59,825:INFO: [TRAIN] Step: 1015 ; Loss: 20.533 ; Acc: 51.636
2018-09-19 14:38:59,929:INFO: [TRAIN] Step: 1016 ; Loss: 17.560 ; Acc: 51.655
2018-09-19 14:39:00,036:INFO: [TRAIN] Step: 1017 ; Loss: 16.526 ; Acc: 51.662
2018-09-19 14:39:00,140:INFO: [TRAIN] Step: 1018 ; Loss: 17.091 ; Acc: 51.672
2018-09-19 14:39:00,249:INFO: [TRAIN] Step: 1019 ; Loss: 17.843 ; Acc: 51.683
2018-09-19 14:39:00,353:INFO: [TRAIN] Step: 1020 ; Loss: 14.686 ; Acc: 51.702
2018-09-19 14:39:00,462:INFO: [TRAIN] Step: 1021 ; Loss: 15.155 ; Acc: 51.712
2018-09-19 14:39:00,567:INFO: [TRAIN] Step: 1022 ; Loss: 17.479 ; Acc: 51.727
2018-09-19 14:39:00,677:INFO: [TRAIN] Step: 1023 ; Loss: 17.368 ; Acc: 51.746
2018-09-19 14:39:00,780:INFO: [TRAIN] Step: 1024 ; Loss: 18.367 ; Acc: 51.740
2018-09-19 14:39:00,885:INFO: [TRAIN] Step: 1025 ; Loss: 17.460 ; Acc: 51.750
2018-09-19 14:39:00,989:INFO: [TRAIN] Step: 1026 ; Loss: 20.568 ; Acc: 51.765
2018-09-19 14:39:01,096:INFO: [TRAIN] Step: 1027 ; Loss: 17.399 ; Acc: 51.775
2018-09-19 14:39:01,199:INFO: [TRAIN] Step: 1028 ; Loss: 16.326 ; Acc: 51.782
2018-09-19 14:39:01,305:INFO: [TRAIN] Step: 1029 ; Loss: 17.646 ; Acc: 51.800
2018-09-19 14:39:01,411:INFO: [TRAIN] Step: 1030 ; Loss: 21.543 ; Acc: 51.811
2018-09-19 14:39:01,515:INFO: [TRAIN] Step: 1031 ; Loss: 17.590 ; Acc: 51.817
2018-09-19 14:39:01,618:INFO: [TRAIN] Step: 1032 ; Loss: 15.644 ; Acc: 51.839
2018-09-19 14:39:01,729:INFO: [TRAIN] Step: 1033 ; Loss: 17.220 ; Acc: 51.842
2018-09-19 14:39:01,836:INFO: [TRAIN] Step: 1034 ; Loss: 21.693 ; Acc: 51.844
2018-09-19 14:39:01,943:INFO: [TRAIN] Step: 1035 ; Loss: 17.503 ; Acc: 51.854
2018-09-19 14:39:02,045:INFO: [TRAIN] Step: 1036 ; Loss: 17.808 ; Acc: 51.868
2018-09-19 14:39:02,152:INFO: [TRAIN] Step: 1037 ; Loss: 24.114 ; Acc: 51.879
2018-09-19 14:39:02,258:INFO: [TRAIN] Step: 1038 ; Loss: 20.142 ; Acc: 51.889
2018-09-19 14:39:02,361:INFO: [TRAIN] Step: 1039 ; Loss: 17.953 ; Acc: 51.895
2018-09-19 14:39:02,471:INFO: [TRAIN] Step: 1040 ; Loss: 18.959 ; Acc: 51.905
2018-09-19 14:39:02,577:INFO: [TRAIN] Step: 1041 ; Loss: 24.324 ; Acc: 51.903
2018-09-19 14:39:02,686:INFO: [TRAIN] Step: 1042 ; Loss: 18.713 ; Acc: 51.914
2018-09-19 14:39:02,789:INFO: [TRAIN] Step: 1043 ; Loss: 15.739 ; Acc: 51.928
2018-09-19 14:39:02,896:INFO: [TRAIN] Step: 1044 ; Loss: 19.884 ; Acc: 51.926
2018-09-19 14:39:03,004:INFO: [TRAIN] Step: 1045 ; Loss: 26.299 ; Acc: 51.920
2018-09-19 14:39:03,112:INFO: [TRAIN] Step: 1046 ; Loss: 20.819 ; Acc: 51.926
2018-09-19 14:39:03,216:INFO: [TRAIN] Step: 1047 ; Loss: 22.139 ; Acc: 51.928
2018-09-19 14:39:03,323:INFO: [TRAIN] Step: 1048 ; Loss: 20.408 ; Acc: 51.934
2018-09-19 14:39:03,426:INFO: [TRAIN] Step: 1049 ; Loss: 17.288 ; Acc: 51.948
2018-09-19 14:39:03,530:INFO: [TRAIN] Step: 1050 ; Loss: 20.495 ; Acc: 51.954
2018-09-19 14:39:03,633:INFO: [TRAIN] Step: 1051 ; Loss: 21.774 ; Acc: 51.957
2018-09-19 14:39:03,739:INFO: [TRAIN] Step: 1052 ; Loss: 16.433 ; Acc: 51.971
2018-09-19 14:39:03,846:INFO: [TRAIN] Step: 1053 ; Loss: 19.954 ; Acc: 51.985
2018-09-19 14:39:03,952:INFO: [TRAIN] Step: 1054 ; Loss: 17.402 ; Acc: 52.010
2018-09-19 14:39:04,055:INFO: [TRAIN] Step: 1055 ; Loss: 19.701 ; Acc: 52.016
2018-09-19 14:39:04,161:INFO: [TRAIN] Step: 1056 ; Loss: 15.973 ; Acc: 52.030
2018-09-19 14:39:04,268:INFO: [TRAIN] Step: 1057 ; Loss: 15.144 ; Acc: 52.044
2018-09-19 14:39:04,372:INFO: [TRAIN] Step: 1058 ; Loss: 19.593 ; Acc: 52.062
2018-09-19 14:39:04,478:INFO: [TRAIN] Step: 1059 ; Loss: 19.496 ; Acc: 52.060
2018-09-19 14:39:04,584:INFO: [TRAIN] Step: 1060 ; Loss: 19.107 ; Acc: 52.074
2018-09-19 14:39:04,687:INFO: [TRAIN] Step: 1061 ; Loss: 19.334 ; Acc: 52.083
2018-09-19 14:39:04,793:INFO: [TRAIN] Step: 1062 ; Loss: 22.077 ; Acc: 52.074
2018-09-19 14:39:04,898:INFO: [TRAIN] Step: 1063 ; Loss: 16.692 ; Acc: 52.064
2018-09-19 14:39:05,001:INFO: [TRAIN] Step: 1064 ; Loss: 18.248 ; Acc: 52.081
2018-09-19 14:39:05,103:INFO: [TRAIN] Step: 1065 ; Loss: 19.914 ; Acc: 52.076
2018-09-19 14:39:05,215:INFO: [TRAIN] Step: 1066 ; Loss: 18.810 ; Acc: 52.074
2018-09-19 14:39:05,318:INFO: [TRAIN] Step: 1067 ; Loss: 15.180 ; Acc: 52.087
2018-09-19 14:39:05,423:INFO: [TRAIN] Step: 1068 ; Loss: 18.566 ; Acc: 52.101
2018-09-19 14:39:05,526:INFO: [TRAIN] Step: 1069 ; Loss: 22.641 ; Acc: 52.099
2018-09-19 14:39:05,630:INFO: [TRAIN] Step: 1070 ; Loss: 19.369 ; Acc: 52.105
2018-09-19 14:39:05,736:INFO: [TRAIN] Step: 1071 ; Loss: 18.510 ; Acc: 52.118
2018-09-19 14:39:05,843:INFO: [TRAIN] Step: 1072 ; Loss: 21.946 ; Acc: 52.124
2018-09-19 14:39:05,946:INFO: [TRAIN] Step: 1073 ; Loss: 19.982 ; Acc: 52.130
2018-09-19 14:39:06,053:INFO: [TRAIN] Step: 1074 ; Loss: 24.090 ; Acc: 52.132
2018-09-19 14:39:06,160:INFO: [TRAIN] Step: 1075 ; Loss: 22.081 ; Acc: 52.126
2018-09-19 14:39:06,268:INFO: [TRAIN] Step: 1076 ; Loss: 21.784 ; Acc: 52.124
2018-09-19 14:39:06,376:INFO: [TRAIN] Step: 1077 ; Loss: 12.858 ; Acc: 52.145
2018-09-19 14:39:06,483:INFO: [TRAIN] Step: 1078 ; Loss: 20.194 ; Acc: 52.151
2018-09-19 14:39:06,587:INFO: [TRAIN] Step: 1079 ; Loss: 17.978 ; Acc: 52.164
2018-09-19 14:39:06,695:INFO: [TRAIN] Step: 1080 ; Loss: 20.595 ; Acc: 52.170
2018-09-19 14:39:06,805:INFO: [TRAIN] Step: 1081 ; Loss: 21.683 ; Acc: 52.172
2018-09-19 14:39:06,912:INFO: [TRAIN] Step: 1082 ; Loss: 20.825 ; Acc: 52.174
2018-09-19 14:39:07,016:INFO: [TRAIN] Step: 1083 ; Loss: 21.752 ; Acc: 52.179
2018-09-19 14:39:07,120:INFO: [TRAIN] Step: 1084 ; Loss: 15.334 ; Acc: 52.193
2018-09-19 14:39:07,227:INFO: [TRAIN] Step: 1085 ; Loss: 22.468 ; Acc: 52.198
2018-09-19 14:39:07,333:INFO: [TRAIN] Step: 1086 ; Loss: 18.026 ; Acc: 52.216
2018-09-19 14:39:07,443:INFO: [TRAIN] Step: 1087 ; Loss: 21.959 ; Acc: 52.214
2018-09-19 14:39:07,547:INFO: [TRAIN] Step: 1088 ; Loss: 23.124 ; Acc: 52.208
2018-09-19 14:39:07,654:INFO: [TRAIN] Step: 1089 ; Loss: 15.307 ; Acc: 52.229
2018-09-19 14:39:07,759:INFO: [TRAIN] Step: 1090 ; Loss: 22.548 ; Acc: 52.223
2018-09-19 14:39:07,863:INFO: [TRAIN] Step: 1091 ; Loss: 16.050 ; Acc: 52.244
2018-09-19 14:39:07,967:INFO: [TRAIN] Step: 1092 ; Loss: 23.659 ; Acc: 52.234
2018-09-19 14:39:08,075:INFO: [TRAIN] Step: 1093 ; Loss: 17.026 ; Acc: 52.247
2018-09-19 14:39:08,178:INFO: [TRAIN] Step: 1094 ; Loss: 21.599 ; Acc: 52.249
2018-09-19 14:39:08,281:INFO: [TRAIN] Step: 1095 ; Loss: 18.117 ; Acc: 52.266
2018-09-19 14:39:08,387:INFO: [TRAIN] Step: 1096 ; Loss: 17.170 ; Acc: 52.268
2018-09-19 14:39:08,492:INFO: [TRAIN] Step: 1097 ; Loss: 18.733 ; Acc: 52.281
2018-09-19 14:39:08,594:INFO: [TRAIN] Step: 1098 ; Loss: 16.911 ; Acc: 52.294
2018-09-19 14:39:08,699:INFO: [TRAIN] Step: 1099 ; Loss: 17.609 ; Acc: 52.292
2018-09-19 14:39:08,804:INFO: [TRAIN] Step: 1100 ; Loss: 21.316 ; Acc: 52.297
2018-09-19 14:39:08,909:INFO: [TRAIN] Step: 1101 ; Loss: 17.834 ; Acc: 52.314
2018-09-19 14:39:09,013:INFO: [TRAIN] Step: 1102 ; Loss: 19.466 ; Acc: 52.308
2018-09-19 14:39:09,118:INFO: [TRAIN] Step: 1103 ; Loss: 18.209 ; Acc: 52.317
2018-09-19 14:39:09,226:INFO: [TRAIN] Step: 1104 ; Loss: 18.579 ; Acc: 52.327
2018-09-19 14:39:09,329:INFO: [TRAIN] Step: 1105 ; Loss: 16.537 ; Acc: 52.343
2018-09-19 14:39:09,433:INFO: [TRAIN] Step: 1106 ; Loss: 17.354 ; Acc: 52.352
2018-09-19 14:39:09,540:INFO: [TRAIN] Step: 1107 ; Loss: 19.439 ; Acc: 52.373
2018-09-19 14:39:09,641:INFO: [TRAIN] Step: 1108 ; Loss: 21.226 ; Acc: 52.382
2018-09-19 14:39:09,748:INFO: [TRAIN] Step: 1109 ; Loss: 16.655 ; Acc: 52.395
2018-09-19 14:39:09,854:INFO: [TRAIN] Step: 1110 ; Loss: 16.009 ; Acc: 52.408
2018-09-19 14:39:09,957:INFO: [TRAIN] Step: 1111 ; Loss: 22.860 ; Acc: 52.406
2018-09-19 14:39:10,059:INFO: [TRAIN] Step: 1112 ; Loss: 17.399 ; Acc: 52.415
2018-09-19 14:39:10,166:INFO: [TRAIN] Step: 1113 ; Loss: 19.211 ; Acc: 52.424
2018-09-19 14:39:10,272:INFO: [TRAIN] Step: 1114 ; Loss: 18.495 ; Acc: 52.440
2018-09-19 14:39:10,374:INFO: [TRAIN] Step: 1115 ; Loss: 20.011 ; Acc: 52.438
2018-09-19 14:39:10,480:INFO: [TRAIN] Step: 1116 ; Loss: 21.467 ; Acc: 52.443
2018-09-19 14:39:10,586:INFO: [TRAIN] Step: 1117 ; Loss: 14.453 ; Acc: 52.460
2018-09-19 14:39:10,694:INFO: [TRAIN] Step: 1118 ; Loss: 14.408 ; Acc: 52.487
2018-09-19 14:39:10,797:INFO: [TRAIN] Step: 1119 ; Loss: 21.794 ; Acc: 52.493
2018-09-19 14:39:10,900:INFO: [TRAIN] Step: 1120 ; Loss: 16.769 ; Acc: 52.505
2018-09-19 14:39:11,007:INFO: [TRAIN] Step: 1121 ; Loss: 18.195 ; Acc: 52.510
2018-09-19 14:39:11,113:INFO: [TRAIN] Step: 1122 ; Loss: 19.533 ; Acc: 52.516
2018-09-19 14:39:11,217:INFO: [TRAIN] Step: 1123 ; Loss: 16.455 ; Acc: 52.532
2018-09-19 14:39:11,323:INFO: [TRAIN] Step: 1124 ; Loss: 15.213 ; Acc: 52.544
2018-09-19 14:39:11,427:INFO: [TRAIN] Step: 1125 ; Loss: 24.430 ; Acc: 52.546
2018-09-19 14:39:11,529:INFO: [TRAIN] Step: 1126 ; Loss: 17.996 ; Acc: 52.562
2018-09-19 14:39:11,633:INFO: [TRAIN] Step: 1127 ; Loss: 14.659 ; Acc: 52.586
2018-09-19 14:39:11,738:INFO: [TRAIN] Step: 1128 ; Loss: 24.375 ; Acc: 52.576
2018-09-19 14:39:11,843:INFO: [TRAIN] Step: 1129 ; Loss: 20.366 ; Acc: 52.570
2018-09-19 14:39:11,949:INFO: [TRAIN] Step: 1130 ; Loss: 16.805 ; Acc: 52.583
2018-09-19 14:39:12,055:INFO: [TRAIN] Step: 1131 ; Loss: 19.331 ; Acc: 52.602
2018-09-19 14:39:12,163:INFO: [TRAIN] Step: 1132 ; Loss: 18.124 ; Acc: 52.604
2018-09-19 14:39:12,267:INFO: [TRAIN] Step: 1133 ; Loss: 17.059 ; Acc: 52.616
2018-09-19 14:39:12,371:INFO: [TRAIN] Step: 1134 ; Loss: 18.406 ; Acc: 52.632
2018-09-19 14:39:12,478:INFO: [TRAIN] Step: 1135 ; Loss: 23.448 ; Acc: 52.641
2018-09-19 14:39:12,582:INFO: [TRAIN] Step: 1136 ; Loss: 12.844 ; Acc: 52.657
2018-09-19 14:39:12,688:INFO: [TRAIN] Step: 1137 ; Loss: 20.188 ; Acc: 52.658
2018-09-19 14:39:12,796:INFO: [TRAIN] Step: 1138 ; Loss: 18.050 ; Acc: 52.667
2018-09-19 14:39:12,899:INFO: [TRAIN] Step: 1139 ; Loss: 21.809 ; Acc: 52.672
2018-09-19 14:39:13,009:INFO: [TRAIN] Step: 1140 ; Loss: 15.317 ; Acc: 52.684
2018-09-19 14:39:13,112:INFO: [TRAIN] Step: 1141 ; Loss: 14.355 ; Acc: 52.707
2018-09-19 14:39:13,216:INFO: [TRAIN] Step: 1142 ; Loss: 21.492 ; Acc: 52.701
2018-09-19 14:39:13,323:INFO: [TRAIN] Step: 1143 ; Loss: 21.204 ; Acc: 52.703
2018-09-19 14:39:13,430:INFO: [TRAIN] Step: 1144 ; Loss: 20.487 ; Acc: 52.700
2018-09-19 14:39:13,530:INFO: [TRAIN] Step: 1145 ; Loss: 18.454 ; Acc: 52.705
2018-09-19 14:39:13,635:INFO: [TRAIN] Step: 1146 ; Loss: 20.399 ; Acc: 52.699
2018-09-19 14:39:13,745:INFO: [TRAIN] Step: 1147 ; Loss: 17.568 ; Acc: 52.715
2018-09-19 14:39:13,848:INFO: [TRAIN] Step: 1148 ; Loss: 15.333 ; Acc: 52.723
2018-09-19 14:39:13,950:INFO: [TRAIN] Step: 1149 ; Loss: 21.826 ; Acc: 52.717
2018-09-19 14:39:14,058:INFO: [TRAIN] Step: 1150 ; Loss: 15.642 ; Acc: 52.748
2018-09-19 14:39:14,166:INFO: [TRAIN] Step: 1151 ; Loss: 21.656 ; Acc: 52.745
2018-09-19 14:39:14,273:INFO: [TRAIN] Step: 1152 ; Loss: 16.348 ; Acc: 52.757
2018-09-19 14:39:14,380:INFO: [TRAIN] Step: 1153 ; Loss: 21.341 ; Acc: 52.751
2018-09-19 14:39:14,482:INFO: [TRAIN] Step: 1154 ; Loss: 18.792 ; Acc: 52.771
2018-09-19 14:39:14,588:INFO: [TRAIN] Step: 1155 ; Loss: 19.373 ; Acc: 52.775
2018-09-19 14:39:14,692:INFO: [TRAIN] Step: 1156 ; Loss: 21.351 ; Acc: 52.773
2018-09-19 14:39:14,798:INFO: [TRAIN] Step: 1157 ; Loss: 19.402 ; Acc: 52.789
2018-09-19 14:39:14,899:INFO: [TRAIN] Step: 1158 ; Loss: 18.573 ; Acc: 52.783
2018-09-19 14:39:15,004:INFO: [TRAIN] Step: 1159 ; Loss: 14.132 ; Acc: 52.787
2018-09-19 14:39:15,109:INFO: [TRAIN] Step: 1160 ; Loss: 20.739 ; Acc: 52.778
2018-09-19 14:39:15,212:INFO: [TRAIN] Step: 1161 ; Loss: 23.021 ; Acc: 52.783
2018-09-19 14:39:15,315:INFO: [TRAIN] Step: 1162 ; Loss: 23.540 ; Acc: 52.780
2018-09-19 14:39:15,419:INFO: [TRAIN] Step: 1163 ; Loss: 18.906 ; Acc: 52.781
2018-09-19 14:39:15,522:INFO: [TRAIN] Step: 1164 ; Loss: 12.195 ; Acc: 52.800
2018-09-19 14:39:15,626:INFO: [TRAIN] Step: 1165 ; Loss: 17.736 ; Acc: 52.816
2018-09-19 14:39:15,733:INFO: [TRAIN] Step: 1166 ; Loss: 17.386 ; Acc: 52.828
2018-09-19 14:39:15,837:INFO: [TRAIN] Step: 1167 ; Loss: 21.390 ; Acc: 52.836
2018-09-19 14:39:15,948:INFO: [TRAIN] Step: 1168 ; Loss: 25.854 ; Acc: 52.834
2018-09-19 14:39:16,056:INFO: [TRAIN] Step: 1169 ; Loss: 19.971 ; Acc: 52.828
2018-09-19 14:39:16,162:INFO: [TRAIN] Step: 1170 ; Loss: 20.014 ; Acc: 52.832
2018-09-19 14:39:16,267:INFO: [TRAIN] Step: 1171 ; Loss: 20.599 ; Acc: 52.844
2018-09-19 14:39:16,370:INFO: [TRAIN] Step: 1172 ; Loss: 25.000 ; Acc: 52.838
2018-09-19 14:39:16,477:INFO: [TRAIN] Step: 1173 ; Loss: 20.572 ; Acc: 52.850
2018-09-19 14:39:16,583:INFO: [TRAIN] Step: 1174 ; Loss: 16.403 ; Acc: 52.872
2018-09-19 14:39:16,689:INFO: [TRAIN] Step: 1175 ; Loss: 15.192 ; Acc: 52.877
2018-09-19 14:39:16,791:INFO: [TRAIN] Step: 1176 ; Loss: 19.495 ; Acc: 52.885
2018-09-19 14:39:16,896:INFO: [TRAIN] Step: 1177 ; Loss: 15.495 ; Acc: 52.897
2018-09-19 14:39:16,999:INFO: [TRAIN] Step: 1178 ; Loss: 18.086 ; Acc: 52.901
2018-09-19 14:39:17,099:INFO: [TRAIN] Step: 1179 ; Loss: 19.334 ; Acc: 52.913
2018-09-19 14:39:17,205:INFO: [TRAIN] Step: 1180 ; Loss: 14.558 ; Acc: 52.928
2018-09-19 14:39:17,311:INFO: [TRAIN] Step: 1181 ; Loss: 18.337 ; Acc: 52.940
2018-09-19 14:39:17,419:INFO: [TRAIN] Step: 1182 ; Loss: 19.629 ; Acc: 52.944
2018-09-19 14:39:17,527:INFO: [TRAIN] Step: 1183 ; Loss: 21.390 ; Acc: 52.938
2018-09-19 14:39:17,639:INFO: [TRAIN] Step: 1184 ; Loss: 21.618 ; Acc: 52.925
2018-09-19 14:39:17,749:INFO: [TRAIN] Step: 1185 ; Loss: 23.500 ; Acc: 52.923
2018-09-19 14:39:17,855:INFO: [TRAIN] Step: 1186 ; Loss: 22.362 ; Acc: 52.924
2018-09-19 14:39:17,957:INFO: [TRAIN] Step: 1187 ; Loss: 16.852 ; Acc: 52.939
2018-09-19 14:39:18,059:INFO: [TRAIN] Step: 1188 ; Loss: 17.736 ; Acc: 52.951
2018-09-19 14:39:18,162:INFO: [TRAIN] Step: 1189 ; Loss: 20.894 ; Acc: 52.959
2018-09-19 14:39:23,402:INFO: [EVAL] Step: 1190 ; Loss: 0.196 ; Acc: 0.620
