2018-09-19 14:06:50,926:INFO: ### Model ###
LeNet5(
  (convnet): Sequential(
    (0): Conv2d(1, 6, kernel_size=(5, 5), stride=(1, 1))
    (1): ReLU()
    (2): MaxPool2d(kernel_size=(2, 2), stride=2, padding=0, dilation=1, ceil_mode=False)
    (3): Conv2d(6, 16, kernel_size=(5, 5), stride=(1, 1))
    (4): ReLU()
    (5): MaxPool2d(kernel_size=(2, 2), stride=2, padding=0, dilation=1, ceil_mode=False)
    (6): Conv2d(16, 120, kernel_size=(5, 5), stride=(1, 1))
    (7): ReLU()
    (8): Conv2d(120, 240, kernel_size=(5, 5), stride=(1, 1))
    (9): ReLU()
  )
  (fc): Sequential(
    (0): Linear(in_features=240, out_features=84, bias=True)
    (1): ReLU()
    (2): Linear(in_features=84, out_features=10, bias=True)
  )
)
2018-09-19 14:06:50,927:INFO: ### Optimizer ###
Adam (
Parameter Group 0
    amsgrad: False
    betas: (0.9, 0.999)
    eps: 1e-08
    lr: 1e-05
    weight_decay: 0
)
2018-09-19 14:06:50,927:INFO: ### HParams ###
n_epochs: 1 ; data: ferplus ; label: ferplus_votes ; batch_size: 24 ; lr: 1e-05 ; wd: 0 ; eval_steps: 1190
2018-09-19 14:06:51,104:INFO: [TRAIN] Step: 0 ; Loss: 38.167 ; Acc: 41.667
2018-09-19 14:06:51,181:INFO: [TRAIN] Step: 1 ; Loss: 38.978 ; Acc: 41.667
2018-09-19 14:06:51,256:INFO: [TRAIN] Step: 2 ; Loss: 37.386 ; Acc: 43.056
2018-09-19 14:06:51,341:INFO: [TRAIN] Step: 3 ; Loss: 40.765 ; Acc: 38.542
2018-09-19 14:06:51,421:INFO: [TRAIN] Step: 4 ; Loss: 39.195 ; Acc: 39.167
2018-09-19 14:06:51,498:INFO: [TRAIN] Step: 5 ; Loss: 41.364 ; Acc: 40.278
2018-09-19 14:06:51,574:INFO: [TRAIN] Step: 6 ; Loss: 42.442 ; Acc: 39.286
2018-09-19 14:06:51,662:INFO: [TRAIN] Step: 7 ; Loss: 37.805 ; Acc: 39.583
2018-09-19 14:06:51,738:INFO: [TRAIN] Step: 8 ; Loss: 38.349 ; Acc: 37.037
2018-09-19 14:06:51,819:INFO: [TRAIN] Step: 9 ; Loss: 37.471 ; Acc: 35.417
2018-09-19 14:06:51,894:INFO: [TRAIN] Step: 10 ; Loss: 39.939 ; Acc: 35.227
2018-09-19 14:06:51,978:INFO: [TRAIN] Step: 11 ; Loss: 39.154 ; Acc: 36.111
2018-09-19 14:06:52,052:INFO: [TRAIN] Step: 12 ; Loss: 39.242 ; Acc: 36.859
2018-09-19 14:06:52,135:INFO: [TRAIN] Step: 13 ; Loss: 37.473 ; Acc: 37.202
2018-09-19 14:06:52,215:INFO: [TRAIN] Step: 14 ; Loss: 39.444 ; Acc: 36.111
2018-09-19 14:06:52,297:INFO: [TRAIN] Step: 15 ; Loss: 42.230 ; Acc: 36.198
2018-09-19 14:06:52,372:INFO: [TRAIN] Step: 16 ; Loss: 35.390 ; Acc: 36.029
2018-09-19 14:06:52,453:INFO: [TRAIN] Step: 17 ; Loss: 40.925 ; Acc: 35.185
2018-09-19 14:06:52,527:INFO: [TRAIN] Step: 18 ; Loss: 42.112 ; Acc: 36.404
2018-09-19 14:06:52,609:INFO: [TRAIN] Step: 19 ; Loss: 41.531 ; Acc: 36.042
2018-09-19 14:06:52,683:INFO: [TRAIN] Step: 20 ; Loss: 32.441 ; Acc: 37.103
2018-09-19 14:06:52,762:INFO: [TRAIN] Step: 21 ; Loss: 35.791 ; Acc: 38.068
2018-09-19 14:06:52,838:INFO: [TRAIN] Step: 22 ; Loss: 40.067 ; Acc: 38.768
2018-09-19 14:06:52,921:INFO: [TRAIN] Step: 23 ; Loss: 35.638 ; Acc: 38.889
2018-09-19 14:06:52,994:INFO: [TRAIN] Step: 24 ; Loss: 39.977 ; Acc: 38.833
2018-09-19 14:06:53,075:INFO: [TRAIN] Step: 25 ; Loss: 38.178 ; Acc: 39.423
2018-09-19 14:06:53,147:INFO: [TRAIN] Step: 26 ; Loss: 41.928 ; Acc: 39.352
2018-09-19 14:06:53,227:INFO: [TRAIN] Step: 27 ; Loss: 34.194 ; Acc: 39.286
2018-09-19 14:06:53,299:INFO: [TRAIN] Step: 28 ; Loss: 39.984 ; Acc: 38.649
2018-09-19 14:06:53,378:INFO: [TRAIN] Step: 29 ; Loss: 41.758 ; Acc: 38.889
2018-09-19 14:06:53,450:INFO: [TRAIN] Step: 30 ; Loss: 37.860 ; Acc: 38.844
2018-09-19 14:06:53,532:INFO: [TRAIN] Step: 31 ; Loss: 38.300 ; Acc: 38.542
2018-09-19 14:06:53,606:INFO: [TRAIN] Step: 32 ; Loss: 35.733 ; Acc: 37.753
2018-09-19 14:06:53,691:INFO: [TRAIN] Step: 33 ; Loss: 36.184 ; Acc: 37.623
2018-09-19 14:06:53,763:INFO: [TRAIN] Step: 34 ; Loss: 40.827 ; Acc: 37.262
2018-09-19 14:06:53,842:INFO: [TRAIN] Step: 35 ; Loss: 36.221 ; Acc: 37.269
2018-09-19 14:06:53,914:INFO: [TRAIN] Step: 36 ; Loss: 40.701 ; Acc: 37.275
2018-09-19 14:06:53,995:INFO: [TRAIN] Step: 37 ; Loss: 39.118 ; Acc: 37.719
2018-09-19 14:06:54,069:INFO: [TRAIN] Step: 38 ; Loss: 37.284 ; Acc: 37.393
2018-09-19 14:06:54,151:INFO: [TRAIN] Step: 39 ; Loss: 37.317 ; Acc: 37.292
2018-09-19 14:06:54,228:INFO: [TRAIN] Step: 40 ; Loss: 35.186 ; Acc: 36.992
2018-09-19 14:06:54,309:INFO: [TRAIN] Step: 41 ; Loss: 39.144 ; Acc: 36.905
2018-09-19 14:06:54,396:INFO: [TRAIN] Step: 42 ; Loss: 39.447 ; Acc: 36.919
2018-09-19 14:06:54,477:INFO: [TRAIN] Step: 43 ; Loss: 33.591 ; Acc: 37.121
2018-09-19 14:06:54,551:INFO: [TRAIN] Step: 44 ; Loss: 39.304 ; Acc: 37.222
2018-09-19 14:06:54,635:INFO: [TRAIN] Step: 45 ; Loss: 38.097 ; Acc: 37.319
2018-09-19 14:06:54,708:INFO: [TRAIN] Step: 46 ; Loss: 35.004 ; Acc: 37.323
2018-09-19 14:06:54,790:INFO: [TRAIN] Step: 47 ; Loss: 39.951 ; Acc: 37.240
2018-09-19 14:06:54,863:INFO: [TRAIN] Step: 48 ; Loss: 38.654 ; Acc: 37.585
2018-09-19 14:06:54,942:INFO: [TRAIN] Step: 49 ; Loss: 40.950 ; Acc: 37.500
2018-09-19 14:06:55,014:INFO: [TRAIN] Step: 50 ; Loss: 38.475 ; Acc: 37.745
2018-09-19 14:06:55,094:INFO: [TRAIN] Step: 51 ; Loss: 36.265 ; Acc: 37.821
2018-09-19 14:06:55,168:INFO: [TRAIN] Step: 52 ; Loss: 36.369 ; Acc: 37.579
2018-09-19 14:06:55,252:INFO: [TRAIN] Step: 53 ; Loss: 43.226 ; Acc: 37.809
2018-09-19 14:06:55,325:INFO: [TRAIN] Step: 54 ; Loss: 35.964 ; Acc: 37.652
2018-09-19 14:06:55,406:INFO: [TRAIN] Step: 55 ; Loss: 39.077 ; Acc: 37.500
2018-09-19 14:06:55,480:INFO: [TRAIN] Step: 56 ; Loss: 38.245 ; Acc: 37.500
2018-09-19 14:06:55,563:INFO: [TRAIN] Step: 57 ; Loss: 41.784 ; Acc: 37.428
2018-09-19 14:06:55,636:INFO: [TRAIN] Step: 58 ; Loss: 35.478 ; Acc: 37.500
2018-09-19 14:06:55,720:INFO: [TRAIN] Step: 59 ; Loss: 38.856 ; Acc: 37.292
2018-09-19 14:06:55,791:INFO: [TRAIN] Step: 60 ; Loss: 31.887 ; Acc: 37.158
2018-09-19 14:06:55,876:INFO: [TRAIN] Step: 61 ; Loss: 36.741 ; Acc: 36.962
2018-09-19 14:06:55,950:INFO: [TRAIN] Step: 62 ; Loss: 38.146 ; Acc: 37.103
2018-09-19 14:06:56,034:INFO: [TRAIN] Step: 63 ; Loss: 36.338 ; Acc: 37.174
2018-09-19 14:06:56,107:INFO: [TRAIN] Step: 64 ; Loss: 34.722 ; Acc: 37.179
2018-09-19 14:06:56,186:INFO: [TRAIN] Step: 65 ; Loss: 35.992 ; Acc: 37.374
2018-09-19 14:06:56,262:INFO: [TRAIN] Step: 66 ; Loss: 37.939 ; Acc: 37.500
2018-09-19 14:06:56,343:INFO: [TRAIN] Step: 67 ; Loss: 41.375 ; Acc: 37.316
2018-09-19 14:06:56,418:INFO: [TRAIN] Step: 68 ; Loss: 32.343 ; Acc: 37.379
2018-09-19 14:06:56,499:INFO: [TRAIN] Step: 69 ; Loss: 36.497 ; Acc: 37.202
2018-09-19 14:06:56,573:INFO: [TRAIN] Step: 70 ; Loss: 37.571 ; Acc: 37.324
2018-09-19 14:06:56,655:INFO: [TRAIN] Step: 71 ; Loss: 38.924 ; Acc: 37.095
2018-09-19 14:06:56,730:INFO: [TRAIN] Step: 72 ; Loss: 37.763 ; Acc: 36.986
2018-09-19 14:06:56,811:INFO: [TRAIN] Step: 73 ; Loss: 40.075 ; Acc: 36.824
2018-09-19 14:06:56,888:INFO: [TRAIN] Step: 74 ; Loss: 36.493 ; Acc: 36.833
2018-09-19 14:06:56,968:INFO: [TRAIN] Step: 75 ; Loss: 35.385 ; Acc: 36.787
2018-09-19 14:06:57,042:INFO: [TRAIN] Step: 76 ; Loss: 34.461 ; Acc: 36.959
2018-09-19 14:06:57,123:INFO: [TRAIN] Step: 77 ; Loss: 38.163 ; Acc: 37.019
2018-09-19 14:06:57,197:INFO: [TRAIN] Step: 78 ; Loss: 38.993 ; Acc: 36.814
2018-09-19 14:06:57,277:INFO: [TRAIN] Step: 79 ; Loss: 37.800 ; Acc: 36.771
2018-09-19 14:06:57,350:INFO: [TRAIN] Step: 80 ; Loss: 38.285 ; Acc: 36.574
2018-09-19 14:06:57,433:INFO: [TRAIN] Step: 81 ; Loss: 40.832 ; Acc: 36.382
2018-09-19 14:06:57,507:INFO: [TRAIN] Step: 82 ; Loss: 36.998 ; Acc: 36.396
2018-09-19 14:06:57,588:INFO: [TRAIN] Step: 83 ; Loss: 33.143 ; Acc: 36.409
2018-09-19 14:06:57,664:INFO: [TRAIN] Step: 84 ; Loss: 36.690 ; Acc: 36.471
2018-09-19 14:06:57,753:INFO: [TRAIN] Step: 85 ; Loss: 36.230 ; Acc: 36.676
2018-09-19 14:06:57,828:INFO: [TRAIN] Step: 86 ; Loss: 36.215 ; Acc: 36.734
2018-09-19 14:06:57,908:INFO: [TRAIN] Step: 87 ; Loss: 34.945 ; Acc: 36.742
2018-09-19 14:06:57,985:INFO: [TRAIN] Step: 88 ; Loss: 37.245 ; Acc: 36.657
2018-09-19 14:06:58,065:INFO: [TRAIN] Step: 89 ; Loss: 32.837 ; Acc: 36.620
2018-09-19 14:06:58,139:INFO: [TRAIN] Step: 90 ; Loss: 35.601 ; Acc: 36.584
2018-09-19 14:06:58,218:INFO: [TRAIN] Step: 91 ; Loss: 34.235 ; Acc: 36.730
2018-09-19 14:06:58,292:INFO: [TRAIN] Step: 92 ; Loss: 34.251 ; Acc: 36.783
2018-09-19 14:06:58,371:INFO: [TRAIN] Step: 93 ; Loss: 35.030 ; Acc: 36.879
2018-09-19 14:06:58,445:INFO: [TRAIN] Step: 94 ; Loss: 38.357 ; Acc: 36.754
2018-09-19 14:06:58,525:INFO: [TRAIN] Step: 95 ; Loss: 35.220 ; Acc: 36.892
2018-09-19 14:06:58,598:INFO: [TRAIN] Step: 96 ; Loss: 34.248 ; Acc: 37.027
2018-09-19 14:06:58,679:INFO: [TRAIN] Step: 97 ; Loss: 36.267 ; Acc: 36.990
2018-09-19 14:06:58,751:INFO: [TRAIN] Step: 98 ; Loss: 38.169 ; Acc: 36.785
2018-09-19 14:06:58,833:INFO: [TRAIN] Step: 99 ; Loss: 31.186 ; Acc: 36.750
2018-09-19 14:06:58,908:INFO: [TRAIN] Step: 100 ; Loss: 37.600 ; Acc: 36.634
2018-09-19 14:06:58,989:INFO: [TRAIN] Step: 101 ; Loss: 34.484 ; Acc: 36.724
2018-09-19 14:06:59,066:INFO: [TRAIN] Step: 102 ; Loss: 36.916 ; Acc: 36.610
2018-09-19 14:06:59,149:INFO: [TRAIN] Step: 103 ; Loss: 36.121 ; Acc: 36.579
2018-09-19 14:06:59,223:INFO: [TRAIN] Step: 104 ; Loss: 31.797 ; Acc: 36.587
2018-09-19 14:06:59,313:INFO: [TRAIN] Step: 105 ; Loss: 38.451 ; Acc: 36.517
2018-09-19 14:06:59,387:INFO: [TRAIN] Step: 106 ; Loss: 31.241 ; Acc: 36.604
2018-09-19 14:06:59,471:INFO: [TRAIN] Step: 107 ; Loss: 34.856 ; Acc: 36.574
2018-09-19 14:06:59,553:INFO: [TRAIN] Step: 108 ; Loss: 34.576 ; Acc: 36.506
2018-09-19 14:06:59,636:INFO: [TRAIN] Step: 109 ; Loss: 34.580 ; Acc: 36.402
2018-09-19 14:06:59,710:INFO: [TRAIN] Step: 110 ; Loss: 34.190 ; Acc: 36.524
2018-09-19 14:06:59,801:INFO: [TRAIN] Step: 111 ; Loss: 37.042 ; Acc: 36.533
2018-09-19 14:06:59,877:INFO: [TRAIN] Step: 112 ; Loss: 33.122 ; Acc: 36.652
2018-09-19 14:06:59,957:INFO: [TRAIN] Step: 113 ; Loss: 34.756 ; Acc: 36.477
2018-09-19 14:07:00,031:INFO: [TRAIN] Step: 114 ; Loss: 30.334 ; Acc: 36.630
2018-09-19 14:07:00,114:INFO: [TRAIN] Step: 115 ; Loss: 35.904 ; Acc: 36.602
2018-09-19 14:07:00,187:INFO: [TRAIN] Step: 116 ; Loss: 35.302 ; Acc: 36.538
2018-09-19 14:07:00,269:INFO: [TRAIN] Step: 117 ; Loss: 32.730 ; Acc: 36.653
2018-09-19 14:07:00,343:INFO: [TRAIN] Step: 118 ; Loss: 34.783 ; Acc: 36.695
2018-09-19 14:07:00,429:INFO: [TRAIN] Step: 119 ; Loss: 33.977 ; Acc: 36.806
2018-09-19 14:07:00,505:INFO: [TRAIN] Step: 120 ; Loss: 33.408 ; Acc: 36.811
2018-09-19 14:07:00,592:INFO: [TRAIN] Step: 121 ; Loss: 35.391 ; Acc: 36.783
2018-09-19 14:07:00,668:INFO: [TRAIN] Step: 122 ; Loss: 34.337 ; Acc: 36.822
2018-09-19 14:07:00,748:INFO: [TRAIN] Step: 123 ; Loss: 31.172 ; Acc: 36.929
2018-09-19 14:07:00,822:INFO: [TRAIN] Step: 124 ; Loss: 37.468 ; Acc: 36.833
2018-09-19 14:07:00,909:INFO: [TRAIN] Step: 125 ; Loss: 35.879 ; Acc: 36.772
2018-09-19 14:07:00,987:INFO: [TRAIN] Step: 126 ; Loss: 32.073 ; Acc: 36.778
2018-09-19 14:07:01,097:INFO: [TRAIN] Step: 127 ; Loss: 33.604 ; Acc: 36.816
2018-09-19 14:07:01,180:INFO: [TRAIN] Step: 128 ; Loss: 33.056 ; Acc: 36.822
2018-09-19 14:07:01,266:INFO: [TRAIN] Step: 129 ; Loss: 35.678 ; Acc: 36.827
2018-09-19 14:07:01,343:INFO: [TRAIN] Step: 130 ; Loss: 31.288 ; Acc: 36.832
2018-09-19 14:07:01,423:INFO: [TRAIN] Step: 131 ; Loss: 28.429 ; Acc: 36.963
2018-09-19 14:07:01,495:INFO: [TRAIN] Step: 132 ; Loss: 31.366 ; Acc: 36.967
2018-09-19 14:07:01,590:INFO: [TRAIN] Step: 133 ; Loss: 33.888 ; Acc: 36.909
2018-09-19 14:07:01,662:INFO: [TRAIN] Step: 134 ; Loss: 31.992 ; Acc: 36.914
2018-09-19 14:07:01,749:INFO: [TRAIN] Step: 135 ; Loss: 33.426 ; Acc: 36.949
2018-09-19 14:07:01,828:INFO: [TRAIN] Step: 136 ; Loss: 29.251 ; Acc: 37.013
2018-09-19 14:07:01,908:INFO: [TRAIN] Step: 137 ; Loss: 33.958 ; Acc: 36.957
2018-09-19 14:07:01,983:INFO: [TRAIN] Step: 138 ; Loss: 32.452 ; Acc: 36.960
2018-09-19 14:07:02,064:INFO: [TRAIN] Step: 139 ; Loss: 30.524 ; Acc: 36.935
2018-09-19 14:07:02,138:INFO: [TRAIN] Step: 140 ; Loss: 32.032 ; Acc: 36.939
2018-09-19 14:07:02,220:INFO: [TRAIN] Step: 141 ; Loss: 33.864 ; Acc: 36.913
2018-09-19 14:07:02,293:INFO: [TRAIN] Step: 142 ; Loss: 30.249 ; Acc: 37.034
2018-09-19 14:07:02,376:INFO: [TRAIN] Step: 143 ; Loss: 32.772 ; Acc: 37.095
2018-09-19 14:07:02,450:INFO: [TRAIN] Step: 144 ; Loss: 31.647 ; Acc: 37.040
2018-09-19 14:07:02,532:INFO: [TRAIN] Step: 145 ; Loss: 32.453 ; Acc: 36.986
2018-09-19 14:07:02,606:INFO: [TRAIN] Step: 146 ; Loss: 32.289 ; Acc: 36.933
2018-09-19 14:07:02,689:INFO: [TRAIN] Step: 147 ; Loss: 32.873 ; Acc: 36.881
2018-09-19 14:07:02,763:INFO: [TRAIN] Step: 148 ; Loss: 27.307 ; Acc: 36.969
2018-09-19 14:07:02,845:INFO: [TRAIN] Step: 149 ; Loss: 31.709 ; Acc: 37.000
2018-09-19 14:07:02,918:INFO: [TRAIN] Step: 150 ; Loss: 32.177 ; Acc: 37.058
2018-09-19 14:07:02,998:INFO: [TRAIN] Step: 151 ; Loss: 33.163 ; Acc: 37.034
2018-09-19 14:07:03,073:INFO: [TRAIN] Step: 152 ; Loss: 32.132 ; Acc: 37.010
2018-09-19 14:07:03,154:INFO: [TRAIN] Step: 153 ; Loss: 34.808 ; Acc: 36.932
2018-09-19 14:07:03,228:INFO: [TRAIN] Step: 154 ; Loss: 30.281 ; Acc: 36.962
2018-09-19 14:07:03,308:INFO: [TRAIN] Step: 155 ; Loss: 33.430 ; Acc: 36.966
2018-09-19 14:07:03,381:INFO: [TRAIN] Step: 156 ; Loss: 32.144 ; Acc: 36.996
2018-09-19 14:07:03,462:INFO: [TRAIN] Step: 157 ; Loss: 31.563 ; Acc: 37.052
2018-09-19 14:07:03,535:INFO: [TRAIN] Step: 158 ; Loss: 33.548 ; Acc: 36.976
2018-09-19 14:07:03,617:INFO: [TRAIN] Step: 159 ; Loss: 26.226 ; Acc: 37.005
2018-09-19 14:07:03,690:INFO: [TRAIN] Step: 160 ; Loss: 33.729 ; Acc: 36.905
2018-09-19 14:07:03,772:INFO: [TRAIN] Step: 161 ; Loss: 29.323 ; Acc: 36.986
2018-09-19 14:07:03,846:INFO: [TRAIN] Step: 162 ; Loss: 32.160 ; Acc: 36.938
2018-09-19 14:07:03,929:INFO: [TRAIN] Step: 163 ; Loss: 32.999 ; Acc: 36.839
2018-09-19 14:07:04,003:INFO: [TRAIN] Step: 164 ; Loss: 33.825 ; Acc: 36.869
2018-09-19 14:07:04,086:INFO: [TRAIN] Step: 165 ; Loss: 26.831 ; Acc: 36.973
2018-09-19 14:07:04,162:INFO: [TRAIN] Step: 166 ; Loss: 31.388 ; Acc: 36.951
2018-09-19 14:07:04,244:INFO: [TRAIN] Step: 167 ; Loss: 33.541 ; Acc: 36.905
2018-09-19 14:07:04,317:INFO: [TRAIN] Step: 168 ; Loss: 30.119 ; Acc: 36.933
2018-09-19 14:07:04,399:INFO: [TRAIN] Step: 169 ; Loss: 28.933 ; Acc: 36.887
2018-09-19 14:07:04,481:INFO: [TRAIN] Step: 170 ; Loss: 29.091 ; Acc: 36.988
2018-09-19 14:07:04,562:INFO: [TRAIN] Step: 171 ; Loss: 30.977 ; Acc: 36.894
2018-09-19 14:07:04,634:INFO: [TRAIN] Step: 172 ; Loss: 34.227 ; Acc: 36.826
2018-09-19 14:07:04,714:INFO: [TRAIN] Step: 173 ; Loss: 29.364 ; Acc: 36.877
2018-09-19 14:07:04,794:INFO: [TRAIN] Step: 174 ; Loss: 30.184 ; Acc: 36.952
2018-09-19 14:07:04,876:INFO: [TRAIN] Step: 175 ; Loss: 27.085 ; Acc: 37.050
2018-09-19 14:07:04,951:INFO: [TRAIN] Step: 176 ; Loss: 33.177 ; Acc: 37.029
2018-09-19 14:07:05,034:INFO: [TRAIN] Step: 177 ; Loss: 30.079 ; Acc: 36.985
2018-09-19 14:07:05,107:INFO: [TRAIN] Step: 178 ; Loss: 30.244 ; Acc: 36.941
2018-09-19 14:07:05,191:INFO: [TRAIN] Step: 179 ; Loss: 34.878 ; Acc: 36.921
2018-09-19 14:07:05,265:INFO: [TRAIN] Step: 180 ; Loss: 31.894 ; Acc: 36.901
2018-09-19 14:07:05,347:INFO: [TRAIN] Step: 181 ; Loss: 28.601 ; Acc: 36.951
2018-09-19 14:07:05,421:INFO: [TRAIN] Step: 182 ; Loss: 30.541 ; Acc: 36.931
2018-09-19 14:07:05,505:INFO: [TRAIN] Step: 183 ; Loss: 37.004 ; Acc: 36.866
2018-09-19 14:07:05,579:INFO: [TRAIN] Step: 184 ; Loss: 30.659 ; Acc: 36.892
2018-09-19 14:07:05,665:INFO: [TRAIN] Step: 185 ; Loss: 35.382 ; Acc: 36.783
2018-09-19 14:07:05,740:INFO: [TRAIN] Step: 186 ; Loss: 34.096 ; Acc: 36.720
2018-09-19 14:07:05,820:INFO: [TRAIN] Step: 187 ; Loss: 31.362 ; Acc: 36.724
2018-09-19 14:07:05,898:INFO: [TRAIN] Step: 188 ; Loss: 26.671 ; Acc: 36.728
2018-09-19 14:07:05,979:INFO: [TRAIN] Step: 189 ; Loss: 29.947 ; Acc: 36.732
2018-09-19 14:07:06,053:INFO: [TRAIN] Step: 190 ; Loss: 32.349 ; Acc: 36.736
2018-09-19 14:07:06,136:INFO: [TRAIN] Step: 191 ; Loss: 33.669 ; Acc: 36.675
2018-09-19 14:07:06,211:INFO: [TRAIN] Step: 192 ; Loss: 27.990 ; Acc: 36.723
2018-09-19 14:07:06,292:INFO: [TRAIN] Step: 193 ; Loss: 31.187 ; Acc: 36.727
2018-09-19 14:07:06,365:INFO: [TRAIN] Step: 194 ; Loss: 28.832 ; Acc: 36.731
2018-09-19 14:07:06,447:INFO: [TRAIN] Step: 195 ; Loss: 31.147 ; Acc: 36.713
2018-09-19 14:07:06,521:INFO: [TRAIN] Step: 196 ; Loss: 30.117 ; Acc: 36.739
2018-09-19 14:07:06,603:INFO: [TRAIN] Step: 197 ; Loss: 30.663 ; Acc: 36.700
2018-09-19 14:07:06,676:INFO: [TRAIN] Step: 198 ; Loss: 30.580 ; Acc: 36.704
2018-09-19 14:07:06,759:INFO: [TRAIN] Step: 199 ; Loss: 28.094 ; Acc: 36.750
2018-09-19 14:07:06,832:INFO: [TRAIN] Step: 200 ; Loss: 34.221 ; Acc: 36.692
2018-09-19 14:07:06,913:INFO: [TRAIN] Step: 201 ; Loss: 28.008 ; Acc: 36.675
2018-09-19 14:07:06,987:INFO: [TRAIN] Step: 202 ; Loss: 29.030 ; Acc: 36.638
2018-09-19 14:07:07,070:INFO: [TRAIN] Step: 203 ; Loss: 30.339 ; Acc: 36.622
2018-09-19 14:07:07,143:INFO: [TRAIN] Step: 204 ; Loss: 31.382 ; Acc: 36.484
2018-09-19 14:07:07,226:INFO: [TRAIN] Step: 205 ; Loss: 35.464 ; Acc: 36.428
2018-09-19 14:07:07,301:INFO: [TRAIN] Step: 206 ; Loss: 27.326 ; Acc: 36.534
2018-09-19 14:07:07,382:INFO: [TRAIN] Step: 207 ; Loss: 30.285 ; Acc: 36.518
2018-09-19 14:07:07,457:INFO: [TRAIN] Step: 208 ; Loss: 26.870 ; Acc: 36.603
2018-09-19 14:07:07,538:INFO: [TRAIN] Step: 209 ; Loss: 27.612 ; Acc: 36.647
2018-09-19 14:07:07,612:INFO: [TRAIN] Step: 210 ; Loss: 29.534 ; Acc: 36.592
2018-09-19 14:07:07,696:INFO: [TRAIN] Step: 211 ; Loss: 30.403 ; Acc: 36.596
2018-09-19 14:07:07,771:INFO: [TRAIN] Step: 212 ; Loss: 28.076 ; Acc: 36.600
2018-09-19 14:07:07,851:INFO: [TRAIN] Step: 213 ; Loss: 33.849 ; Acc: 36.526
2018-09-19 14:07:07,925:INFO: [TRAIN] Step: 214 ; Loss: 29.765 ; Acc: 36.492
2018-09-19 14:07:08,007:INFO: [TRAIN] Step: 215 ; Loss: 34.011 ; Acc: 36.478
2018-09-19 14:07:08,081:INFO: [TRAIN] Step: 216 ; Loss: 28.094 ; Acc: 36.502
2018-09-19 14:07:08,163:INFO: [TRAIN] Step: 217 ; Loss: 32.242 ; Acc: 36.430
2018-09-19 14:07:08,238:INFO: [TRAIN] Step: 218 ; Loss: 29.993 ; Acc: 36.416
2018-09-19 14:07:08,319:INFO: [TRAIN] Step: 219 ; Loss: 33.357 ; Acc: 36.420
2018-09-19 14:07:08,394:INFO: [TRAIN] Step: 220 ; Loss: 32.180 ; Acc: 36.406
2018-09-19 14:07:08,474:INFO: [TRAIN] Step: 221 ; Loss: 26.507 ; Acc: 36.449
2018-09-19 14:07:08,548:INFO: [TRAIN] Step: 222 ; Loss: 30.329 ; Acc: 36.510
2018-09-19 14:07:08,628:INFO: [TRAIN] Step: 223 ; Loss: 28.829 ; Acc: 36.514
2018-09-19 14:07:08,702:INFO: [TRAIN] Step: 224 ; Loss: 27.466 ; Acc: 36.630
2018-09-19 14:07:08,783:INFO: [TRAIN] Step: 225 ; Loss: 31.532 ; Acc: 36.560
2018-09-19 14:07:08,861:INFO: [TRAIN] Step: 226 ; Loss: 27.415 ; Acc: 36.601
2018-09-19 14:07:08,942:INFO: [TRAIN] Step: 227 ; Loss: 30.204 ; Acc: 36.623
2018-09-19 14:07:09,015:INFO: [TRAIN] Step: 228 ; Loss: 34.726 ; Acc: 36.499
2018-09-19 14:07:09,101:INFO: [TRAIN] Step: 229 ; Loss: 32.038 ; Acc: 36.467
2018-09-19 14:07:09,174:INFO: [TRAIN] Step: 230 ; Loss: 28.797 ; Acc: 36.472
2018-09-19 14:07:09,256:INFO: [TRAIN] Step: 231 ; Loss: 30.267 ; Acc: 36.512
2018-09-19 14:07:09,330:INFO: [TRAIN] Step: 232 ; Loss: 32.169 ; Acc: 36.499
2018-09-19 14:07:09,412:INFO: [TRAIN] Step: 233 ; Loss: 32.045 ; Acc: 36.432
2018-09-19 14:07:09,487:INFO: [TRAIN] Step: 234 ; Loss: 29.477 ; Acc: 36.436
2018-09-19 14:07:09,568:INFO: [TRAIN] Step: 235 ; Loss: 27.574 ; Acc: 36.529
2018-09-19 14:07:09,642:INFO: [TRAIN] Step: 236 ; Loss: 27.569 ; Acc: 36.515
2018-09-19 14:07:09,723:INFO: [TRAIN] Step: 237 ; Loss: 31.847 ; Acc: 36.467
2018-09-19 14:07:09,798:INFO: [TRAIN] Step: 238 ; Loss: 33.161 ; Acc: 36.419
2018-09-19 14:07:09,883:INFO: [TRAIN] Step: 239 ; Loss: 31.681 ; Acc: 36.389
2018-09-19 14:07:09,958:INFO: [TRAIN] Step: 240 ; Loss: 29.188 ; Acc: 36.393
2018-09-19 14:07:10,039:INFO: [TRAIN] Step: 241 ; Loss: 30.124 ; Acc: 36.346
2018-09-19 14:07:10,113:INFO: [TRAIN] Step: 242 ; Loss: 28.894 ; Acc: 36.334
2018-09-19 14:07:10,195:INFO: [TRAIN] Step: 243 ; Loss: 26.778 ; Acc: 36.373
2018-09-19 14:07:10,269:INFO: [TRAIN] Step: 244 ; Loss: 28.882 ; Acc: 36.378
2018-09-19 14:07:10,352:INFO: [TRAIN] Step: 245 ; Loss: 31.589 ; Acc: 36.365
2018-09-19 14:07:10,426:INFO: [TRAIN] Step: 246 ; Loss: 32.131 ; Acc: 36.285
2018-09-19 14:07:10,508:INFO: [TRAIN] Step: 247 ; Loss: 28.213 ; Acc: 36.274
2018-09-19 14:07:10,582:INFO: [TRAIN] Step: 248 ; Loss: 29.922 ; Acc: 36.278
2018-09-19 14:07:10,663:INFO: [TRAIN] Step: 249 ; Loss: 29.596 ; Acc: 36.283
2018-09-19 14:07:10,737:INFO: [TRAIN] Step: 250 ; Loss: 27.632 ; Acc: 36.238
2018-09-19 14:07:10,820:INFO: [TRAIN] Step: 251 ; Loss: 31.051 ; Acc: 36.194
2018-09-19 14:07:10,897:INFO: [TRAIN] Step: 252 ; Loss: 26.702 ; Acc: 36.182
2018-09-19 14:07:10,977:INFO: [TRAIN] Step: 253 ; Loss: 32.024 ; Acc: 36.171
2018-09-19 14:07:11,050:INFO: [TRAIN] Step: 254 ; Loss: 26.488 ; Acc: 36.225
2018-09-19 14:07:11,132:INFO: [TRAIN] Step: 255 ; Loss: 26.607 ; Acc: 36.198
2018-09-19 14:07:11,206:INFO: [TRAIN] Step: 256 ; Loss: 30.145 ; Acc: 36.219
2018-09-19 14:07:11,286:INFO: [TRAIN] Step: 257 ; Loss: 33.699 ; Acc: 36.176
2018-09-19 14:07:11,360:INFO: [TRAIN] Step: 258 ; Loss: 30.885 ; Acc: 36.197
2018-09-19 14:07:11,441:INFO: [TRAIN] Step: 259 ; Loss: 29.123 ; Acc: 36.122
2018-09-19 14:07:11,515:INFO: [TRAIN] Step: 260 ; Loss: 29.445 ; Acc: 36.159
2018-09-19 14:07:11,597:INFO: [TRAIN] Step: 261 ; Loss: 29.961 ; Acc: 36.244
2018-09-19 14:07:11,671:INFO: [TRAIN] Step: 262 ; Loss: 28.899 ; Acc: 36.264
2018-09-19 14:07:11,753:INFO: [TRAIN] Step: 263 ; Loss: 33.348 ; Acc: 36.222
2018-09-19 14:07:11,826:INFO: [TRAIN] Step: 264 ; Loss: 28.684 ; Acc: 36.258
2018-09-19 14:07:11,905:INFO: [TRAIN] Step: 265 ; Loss: 34.604 ; Acc: 36.216
2018-09-19 14:07:11,979:INFO: [TRAIN] Step: 266 ; Loss: 25.656 ; Acc: 36.283
2018-09-19 14:07:12,062:INFO: [TRAIN] Step: 267 ; Loss: 27.219 ; Acc: 36.303
2018-09-19 14:07:12,136:INFO: [TRAIN] Step: 268 ; Loss: 28.289 ; Acc: 36.307
2018-09-19 14:07:12,219:INFO: [TRAIN] Step: 269 ; Loss: 28.934 ; Acc: 36.296
2018-09-19 14:07:12,290:INFO: [TRAIN] Step: 270 ; Loss: 30.649 ; Acc: 36.347
2018-09-19 14:07:12,371:INFO: [TRAIN] Step: 271 ; Loss: 33.174 ; Acc: 36.351
2018-09-19 14:07:12,444:INFO: [TRAIN] Step: 272 ; Loss: 30.472 ; Acc: 36.325
2018-09-19 14:07:12,525:INFO: [TRAIN] Step: 273 ; Loss: 30.341 ; Acc: 36.283
2018-09-19 14:07:12,599:INFO: [TRAIN] Step: 274 ; Loss: 28.527 ; Acc: 36.242
2018-09-19 14:07:12,681:INFO: [TRAIN] Step: 275 ; Loss: 25.721 ; Acc: 36.292
2018-09-19 14:07:12,756:INFO: [TRAIN] Step: 276 ; Loss: 28.466 ; Acc: 36.282
2018-09-19 14:07:12,837:INFO: [TRAIN] Step: 277 ; Loss: 31.164 ; Acc: 36.226
2018-09-19 14:07:12,910:INFO: [TRAIN] Step: 278 ; Loss: 28.774 ; Acc: 36.290
2018-09-19 14:07:12,990:INFO: [TRAIN] Step: 279 ; Loss: 30.720 ; Acc: 36.250
2018-09-19 14:07:13,062:INFO: [TRAIN] Step: 280 ; Loss: 31.335 ; Acc: 36.284
2018-09-19 14:07:13,145:INFO: [TRAIN] Step: 281 ; Loss: 32.967 ; Acc: 36.259
2018-09-19 14:07:13,220:INFO: [TRAIN] Step: 282 ; Loss: 28.583 ; Acc: 36.307
2018-09-19 14:07:13,302:INFO: [TRAIN] Step: 283 ; Loss: 31.520 ; Acc: 36.312
2018-09-19 14:07:13,377:INFO: [TRAIN] Step: 284 ; Loss: 30.407 ; Acc: 36.257
2018-09-19 14:07:13,458:INFO: [TRAIN] Step: 285 ; Loss: 29.736 ; Acc: 36.276
2018-09-19 14:07:13,530:INFO: [TRAIN] Step: 286 ; Loss: 25.473 ; Acc: 36.295
2018-09-19 14:07:13,612:INFO: [TRAIN] Step: 287 ; Loss: 29.854 ; Acc: 36.299
2018-09-19 14:07:13,691:INFO: [TRAIN] Step: 288 ; Loss: 30.412 ; Acc: 36.289
2018-09-19 14:07:13,772:INFO: [TRAIN] Step: 289 ; Loss: 26.801 ; Acc: 36.307
2018-09-19 14:07:13,846:INFO: [TRAIN] Step: 290 ; Loss: 32.714 ; Acc: 36.297
2018-09-19 14:07:13,930:INFO: [TRAIN] Step: 291 ; Loss: 26.730 ; Acc: 36.316
2018-09-19 14:07:14,003:INFO: [TRAIN] Step: 292 ; Loss: 30.554 ; Acc: 36.277
2018-09-19 14:07:14,085:INFO: [TRAIN] Step: 293 ; Loss: 31.040 ; Acc: 36.224
2018-09-19 14:07:14,162:INFO: [TRAIN] Step: 294 ; Loss: 28.690 ; Acc: 36.229
2018-09-19 14:07:14,251:INFO: [TRAIN] Step: 295 ; Loss: 24.285 ; Acc: 36.303
2018-09-19 14:07:14,331:INFO: [TRAIN] Step: 296 ; Loss: 30.625 ; Acc: 36.209
2018-09-19 14:07:14,412:INFO: [TRAIN] Step: 297 ; Loss: 27.901 ; Acc: 36.172
2018-09-19 14:07:14,489:INFO: [TRAIN] Step: 298 ; Loss: 31.953 ; Acc: 36.148
2018-09-19 14:07:14,571:INFO: [TRAIN] Step: 299 ; Loss: 29.608 ; Acc: 36.194
2018-09-19 14:07:14,644:INFO: [TRAIN] Step: 300 ; Loss: 25.517 ; Acc: 36.157
2018-09-19 14:07:14,725:INFO: [TRAIN] Step: 301 ; Loss: 26.554 ; Acc: 36.148
2018-09-19 14:07:14,798:INFO: [TRAIN] Step: 302 ; Loss: 29.169 ; Acc: 36.139
2018-09-19 14:07:14,879:INFO: [TRAIN] Step: 303 ; Loss: 29.574 ; Acc: 36.129
2018-09-19 14:07:14,955:INFO: [TRAIN] Step: 304 ; Loss: 30.002 ; Acc: 36.120
2018-09-19 14:07:15,037:INFO: [TRAIN] Step: 305 ; Loss: 29.088 ; Acc: 36.111
2018-09-19 14:07:15,109:INFO: [TRAIN] Step: 306 ; Loss: 28.477 ; Acc: 36.170
2018-09-19 14:07:15,190:INFO: [TRAIN] Step: 307 ; Loss: 27.653 ; Acc: 36.188
2018-09-19 14:07:15,266:INFO: [TRAIN] Step: 308 ; Loss: 30.747 ; Acc: 36.152
2018-09-19 14:07:15,347:INFO: [TRAIN] Step: 309 ; Loss: 31.692 ; Acc: 36.089
2018-09-19 14:07:15,422:INFO: [TRAIN] Step: 310 ; Loss: 32.264 ; Acc: 36.066
2018-09-19 14:07:15,502:INFO: [TRAIN] Step: 311 ; Loss: 33.494 ; Acc: 36.058
2018-09-19 14:07:15,577:INFO: [TRAIN] Step: 312 ; Loss: 28.766 ; Acc: 36.036
2018-09-19 14:07:15,659:INFO: [TRAIN] Step: 313 ; Loss: 27.497 ; Acc: 36.014
2018-09-19 14:07:15,732:INFO: [TRAIN] Step: 314 ; Loss: 27.543 ; Acc: 36.005
2018-09-19 14:07:15,813:INFO: [TRAIN] Step: 315 ; Loss: 26.803 ; Acc: 36.102
2018-09-19 14:07:15,888:INFO: [TRAIN] Step: 316 ; Loss: 30.578 ; Acc: 36.054
2018-09-19 14:07:15,968:INFO: [TRAIN] Step: 317 ; Loss: 32.317 ; Acc: 36.019
2018-09-19 14:07:16,041:INFO: [TRAIN] Step: 318 ; Loss: 31.373 ; Acc: 35.998
2018-09-19 14:07:16,123:INFO: [TRAIN] Step: 319 ; Loss: 28.014 ; Acc: 36.029
2018-09-19 14:07:16,197:INFO: [TRAIN] Step: 320 ; Loss: 26.956 ; Acc: 36.007
2018-09-19 14:07:16,278:INFO: [TRAIN] Step: 321 ; Loss: 29.454 ; Acc: 35.986
2018-09-19 14:07:16,353:INFO: [TRAIN] Step: 322 ; Loss: 26.679 ; Acc: 36.055
2018-09-19 14:07:16,435:INFO: [TRAIN] Step: 323 ; Loss: 29.642 ; Acc: 36.021
2018-09-19 14:07:16,510:INFO: [TRAIN] Step: 324 ; Loss: 28.842 ; Acc: 36.000
2018-09-19 14:07:16,591:INFO: [TRAIN] Step: 325 ; Loss: 36.820 ; Acc: 35.992
2018-09-19 14:07:16,663:INFO: [TRAIN] Step: 326 ; Loss: 26.191 ; Acc: 36.009
2018-09-19 14:07:16,745:INFO: [TRAIN] Step: 327 ; Loss: 28.647 ; Acc: 36.026
2018-09-19 14:07:16,818:INFO: [TRAIN] Step: 328 ; Loss: 28.181 ; Acc: 36.069
2018-09-19 14:07:16,897:INFO: [TRAIN] Step: 329 ; Loss: 30.489 ; Acc: 36.098
2018-09-19 14:07:16,982:INFO: [TRAIN] Step: 330 ; Loss: 27.121 ; Acc: 36.128
2018-09-19 14:07:17,062:INFO: [TRAIN] Step: 331 ; Loss: 31.975 ; Acc: 36.119
2018-09-19 14:07:17,135:INFO: [TRAIN] Step: 332 ; Loss: 32.683 ; Acc: 36.099
2018-09-19 14:07:17,217:INFO: [TRAIN] Step: 333 ; Loss: 29.113 ; Acc: 36.090
2018-09-19 14:07:17,289:INFO: [TRAIN] Step: 334 ; Loss: 29.116 ; Acc: 36.095
2018-09-19 14:07:17,373:INFO: [TRAIN] Step: 335 ; Loss: 30.692 ; Acc: 36.086
2018-09-19 14:07:17,445:INFO: [TRAIN] Step: 336 ; Loss: 30.949 ; Acc: 36.066
2018-09-19 14:07:17,529:INFO: [TRAIN] Step: 337 ; Loss: 27.528 ; Acc: 36.119
2018-09-19 14:07:17,603:INFO: [TRAIN] Step: 338 ; Loss: 28.950 ; Acc: 36.087
2018-09-19 14:07:17,695:INFO: [TRAIN] Step: 339 ; Loss: 30.875 ; Acc: 36.078
2018-09-19 14:07:17,769:INFO: [TRAIN] Step: 340 ; Loss: 30.464 ; Acc: 36.058
2018-09-19 14:07:17,853:INFO: [TRAIN] Step: 341 ; Loss: 25.846 ; Acc: 36.062
2018-09-19 14:07:17,926:INFO: [TRAIN] Step: 342 ; Loss: 34.118 ; Acc: 36.042
2018-09-19 14:07:18,010:INFO: [TRAIN] Step: 343 ; Loss: 29.642 ; Acc: 36.010
2018-09-19 14:07:18,082:INFO: [TRAIN] Step: 344 ; Loss: 24.547 ; Acc: 36.063
2018-09-19 14:07:18,163:INFO: [TRAIN] Step: 345 ; Loss: 40.061 ; Acc: 35.995
2018-09-19 14:07:18,236:INFO: [TRAIN] Step: 346 ; Loss: 25.601 ; Acc: 36.023
2018-09-19 14:07:18,318:INFO: [TRAIN] Step: 347 ; Loss: 29.185 ; Acc: 36.027
2018-09-19 14:07:18,391:INFO: [TRAIN] Step: 348 ; Loss: 24.373 ; Acc: 36.055
2018-09-19 14:07:18,472:INFO: [TRAIN] Step: 349 ; Loss: 29.523 ; Acc: 36.036
2018-09-19 14:07:18,547:INFO: [TRAIN] Step: 350 ; Loss: 26.439 ; Acc: 36.064
2018-09-19 14:07:18,629:INFO: [TRAIN] Step: 351 ; Loss: 27.312 ; Acc: 36.080
2018-09-19 14:07:18,704:INFO: [TRAIN] Step: 352 ; Loss: 31.071 ; Acc: 36.119
2018-09-19 14:07:18,786:INFO: [TRAIN] Step: 353 ; Loss: 29.594 ; Acc: 36.111
2018-09-19 14:07:18,863:INFO: [TRAIN] Step: 354 ; Loss: 28.851 ; Acc: 36.103
2018-09-19 14:07:18,944:INFO: [TRAIN] Step: 355 ; Loss: 30.321 ; Acc: 36.107
2018-09-19 14:07:19,019:INFO: [TRAIN] Step: 356 ; Loss: 28.534 ; Acc: 36.088
2018-09-19 14:07:19,103:INFO: [TRAIN] Step: 357 ; Loss: 27.268 ; Acc: 36.080
2018-09-19 14:07:19,177:INFO: [TRAIN] Step: 358 ; Loss: 27.207 ; Acc: 36.096
2018-09-19 14:07:19,260:INFO: [TRAIN] Step: 359 ; Loss: 31.341 ; Acc: 36.088
2018-09-19 14:07:19,331:INFO: [TRAIN] Step: 360 ; Loss: 28.497 ; Acc: 36.080
2018-09-19 14:07:19,414:INFO: [TRAIN] Step: 361 ; Loss: 28.463 ; Acc: 36.107
2018-09-19 14:07:19,488:INFO: [TRAIN] Step: 362 ; Loss: 30.882 ; Acc: 36.100
2018-09-19 14:07:19,571:INFO: [TRAIN] Step: 363 ; Loss: 28.657 ; Acc: 36.115
2018-09-19 14:07:19,648:INFO: [TRAIN] Step: 364 ; Loss: 32.112 ; Acc: 36.096
2018-09-19 14:07:19,730:INFO: [TRAIN] Step: 365 ; Loss: 31.111 ; Acc: 36.100
2018-09-19 14:07:19,804:INFO: [TRAIN] Step: 366 ; Loss: 26.115 ; Acc: 36.115
2018-09-19 14:07:19,885:INFO: [TRAIN] Step: 367 ; Loss: 31.498 ; Acc: 36.096
2018-09-19 14:07:19,957:INFO: [TRAIN] Step: 368 ; Loss: 28.152 ; Acc: 36.122
2018-09-19 14:07:20,038:INFO: [TRAIN] Step: 369 ; Loss: 30.243 ; Acc: 36.104
2018-09-19 14:07:20,112:INFO: [TRAIN] Step: 370 ; Loss: 27.872 ; Acc: 36.141
2018-09-19 14:07:20,195:INFO: [TRAIN] Step: 371 ; Loss: 27.677 ; Acc: 36.145
2018-09-19 14:07:20,266:INFO: [TRAIN] Step: 372 ; Loss: 28.181 ; Acc: 36.171
2018-09-19 14:07:20,348:INFO: [TRAIN] Step: 373 ; Loss: 26.956 ; Acc: 36.208
2018-09-19 14:07:20,421:INFO: [TRAIN] Step: 374 ; Loss: 30.666 ; Acc: 36.178
2018-09-19 14:07:20,503:INFO: [TRAIN] Step: 375 ; Loss: 28.458 ; Acc: 36.203
2018-09-19 14:07:20,579:INFO: [TRAIN] Step: 376 ; Loss: 28.251 ; Acc: 36.218
2018-09-19 14:07:20,660:INFO: [TRAIN] Step: 377 ; Loss: 28.689 ; Acc: 36.221
2018-09-19 14:07:20,734:INFO: [TRAIN] Step: 378 ; Loss: 29.751 ; Acc: 36.214
2018-09-19 14:07:20,817:INFO: [TRAIN] Step: 379 ; Loss: 29.626 ; Acc: 36.195
2018-09-19 14:07:20,891:INFO: [TRAIN] Step: 380 ; Loss: 23.853 ; Acc: 36.210
2018-09-19 14:07:20,974:INFO: [TRAIN] Step: 381 ; Loss: 26.884 ; Acc: 36.224
2018-09-19 14:07:21,046:INFO: [TRAIN] Step: 382 ; Loss: 33.254 ; Acc: 36.216
2018-09-19 14:07:21,126:INFO: [TRAIN] Step: 383 ; Loss: 29.028 ; Acc: 36.220
2018-09-19 14:07:21,199:INFO: [TRAIN] Step: 384 ; Loss: 31.969 ; Acc: 36.201
2018-09-19 14:07:21,282:INFO: [TRAIN] Step: 385 ; Loss: 29.896 ; Acc: 36.161
2018-09-19 14:07:21,356:INFO: [TRAIN] Step: 386 ; Loss: 33.179 ; Acc: 36.122
2018-09-19 14:07:21,437:INFO: [TRAIN] Step: 387 ; Loss: 27.087 ; Acc: 36.147
2018-09-19 14:07:21,511:INFO: [TRAIN] Step: 388 ; Loss: 27.631 ; Acc: 36.161
2018-09-19 14:07:21,592:INFO: [TRAIN] Step: 389 ; Loss: 29.088 ; Acc: 36.143
2018-09-19 14:07:21,664:INFO: [TRAIN] Step: 390 ; Loss: 31.888 ; Acc: 36.136
2018-09-19 14:07:21,747:INFO: [TRAIN] Step: 391 ; Loss: 32.637 ; Acc: 36.129
2018-09-19 14:07:21,820:INFO: [TRAIN] Step: 392 ; Loss: 29.688 ; Acc: 36.111
2018-09-19 14:07:21,901:INFO: [TRAIN] Step: 393 ; Loss: 30.592 ; Acc: 36.104
2018-09-19 14:07:21,974:INFO: [TRAIN] Step: 394 ; Loss: 26.417 ; Acc: 36.108
2018-09-19 14:07:22,057:INFO: [TRAIN] Step: 395 ; Loss: 26.723 ; Acc: 36.122
2018-09-19 14:07:22,135:INFO: [TRAIN] Step: 396 ; Loss: 31.626 ; Acc: 36.083
2018-09-19 14:07:22,216:INFO: [TRAIN] Step: 397 ; Loss: 26.642 ; Acc: 36.087
2018-09-19 14:07:22,289:INFO: [TRAIN] Step: 398 ; Loss: 33.094 ; Acc: 36.101
2018-09-19 14:07:22,371:INFO: [TRAIN] Step: 399 ; Loss: 28.313 ; Acc: 36.083
2018-09-19 14:07:22,444:INFO: [TRAIN] Step: 400 ; Loss: 32.750 ; Acc: 36.066
2018-09-19 14:07:22,526:INFO: [TRAIN] Step: 401 ; Loss: 28.919 ; Acc: 36.059
2018-09-19 14:07:22,601:INFO: [TRAIN] Step: 402 ; Loss: 29.639 ; Acc: 36.063
2018-09-19 14:07:22,682:INFO: [TRAIN] Step: 403 ; Loss: 28.731 ; Acc: 36.066
2018-09-19 14:07:22,760:INFO: [TRAIN] Step: 404 ; Loss: 26.396 ; Acc: 36.070
2018-09-19 14:07:22,842:INFO: [TRAIN] Step: 405 ; Loss: 26.004 ; Acc: 36.094
2018-09-19 14:07:22,916:INFO: [TRAIN] Step: 406 ; Loss: 29.080 ; Acc: 36.118
2018-09-19 14:07:22,998:INFO: [TRAIN] Step: 407 ; Loss: 30.667 ; Acc: 36.111
2018-09-19 14:07:23,071:INFO: [TRAIN] Step: 408 ; Loss: 30.565 ; Acc: 36.094
2018-09-19 14:07:23,155:INFO: [TRAIN] Step: 409 ; Loss: 27.675 ; Acc: 36.128
2018-09-19 14:07:23,229:INFO: [TRAIN] Step: 410 ; Loss: 27.613 ; Acc: 36.142
2018-09-19 14:07:23,311:INFO: [TRAIN] Step: 411 ; Loss: 28.656 ; Acc: 36.145
2018-09-19 14:07:23,384:INFO: [TRAIN] Step: 412 ; Loss: 28.556 ; Acc: 36.148
2018-09-19 14:07:23,467:INFO: [TRAIN] Step: 413 ; Loss: 31.309 ; Acc: 36.141
2018-09-19 14:07:23,540:INFO: [TRAIN] Step: 414 ; Loss: 28.397 ; Acc: 36.145
2018-09-19 14:07:23,622:INFO: [TRAIN] Step: 415 ; Loss: 32.354 ; Acc: 36.118
2018-09-19 14:07:23,696:INFO: [TRAIN] Step: 416 ; Loss: 27.320 ; Acc: 36.111
2018-09-19 14:07:23,777:INFO: [TRAIN] Step: 417 ; Loss: 31.364 ; Acc: 36.094
2018-09-19 14:07:23,853:INFO: [TRAIN] Step: 418 ; Loss: 29.226 ; Acc: 36.078
2018-09-19 14:07:23,935:INFO: [TRAIN] Step: 419 ; Loss: 26.875 ; Acc: 36.111
2018-09-19 14:07:24,008:INFO: [TRAIN] Step: 420 ; Loss: 26.291 ; Acc: 36.114
2018-09-19 14:07:24,091:INFO: [TRAIN] Step: 421 ; Loss: 28.294 ; Acc: 36.128
2018-09-19 14:07:24,168:INFO: [TRAIN] Step: 422 ; Loss: 29.833 ; Acc: 36.131
2018-09-19 14:07:24,249:INFO: [TRAIN] Step: 423 ; Loss: 29.230 ; Acc: 36.134
2018-09-19 14:07:24,323:INFO: [TRAIN] Step: 424 ; Loss: 31.255 ; Acc: 36.078
2018-09-19 14:07:24,404:INFO: [TRAIN] Step: 425 ; Loss: 28.030 ; Acc: 36.072
2018-09-19 14:07:24,479:INFO: [TRAIN] Step: 426 ; Loss: 27.487 ; Acc: 36.075
2018-09-19 14:07:24,562:INFO: [TRAIN] Step: 427 ; Loss: 25.933 ; Acc: 36.108
2018-09-19 14:07:24,636:INFO: [TRAIN] Step: 428 ; Loss: 28.023 ; Acc: 36.131
2018-09-19 14:07:24,720:INFO: [TRAIN] Step: 429 ; Loss: 32.235 ; Acc: 36.114
2018-09-19 14:07:24,793:INFO: [TRAIN] Step: 430 ; Loss: 28.890 ; Acc: 36.108
2018-09-19 14:07:24,876:INFO: [TRAIN] Step: 431 ; Loss: 25.438 ; Acc: 36.130
2018-09-19 14:07:24,950:INFO: [TRAIN] Step: 432 ; Loss: 29.216 ; Acc: 36.114
2018-09-19 14:07:25,031:INFO: [TRAIN] Step: 433 ; Loss: 28.936 ; Acc: 36.118
2018-09-19 14:07:25,104:INFO: [TRAIN] Step: 434 ; Loss: 32.574 ; Acc: 36.092
2018-09-19 14:07:25,188:INFO: [TRAIN] Step: 435 ; Loss: 28.099 ; Acc: 36.124
2018-09-19 14:07:25,263:INFO: [TRAIN] Step: 436 ; Loss: 29.772 ; Acc: 36.079
2018-09-19 14:07:25,344:INFO: [TRAIN] Step: 437 ; Loss: 32.707 ; Acc: 36.045
2018-09-19 14:07:25,417:INFO: [TRAIN] Step: 438 ; Loss: 30.775 ; Acc: 36.038
2018-09-19 14:07:25,499:INFO: [TRAIN] Step: 439 ; Loss: 32.985 ; Acc: 36.023
2018-09-19 14:07:25,574:INFO: [TRAIN] Step: 440 ; Loss: 28.127 ; Acc: 36.026
2018-09-19 14:07:25,654:INFO: [TRAIN] Step: 441 ; Loss: 27.082 ; Acc: 36.020
2018-09-19 14:07:25,731:INFO: [TRAIN] Step: 442 ; Loss: 26.751 ; Acc: 36.023
2018-09-19 14:07:25,813:INFO: [TRAIN] Step: 443 ; Loss: 26.765 ; Acc: 36.027
2018-09-19 14:07:25,887:INFO: [TRAIN] Step: 444 ; Loss: 29.619 ; Acc: 36.011
2018-09-19 14:07:25,968:INFO: [TRAIN] Step: 445 ; Loss: 29.099 ; Acc: 36.033
2018-09-19 14:07:26,043:INFO: [TRAIN] Step: 446 ; Loss: 32.930 ; Acc: 36.018
2018-09-19 14:07:26,123:INFO: [TRAIN] Step: 447 ; Loss: 28.035 ; Acc: 36.031
2018-09-19 14:07:26,197:INFO: [TRAIN] Step: 448 ; Loss: 33.344 ; Acc: 36.024
2018-09-19 14:07:26,278:INFO: [TRAIN] Step: 449 ; Loss: 27.867 ; Acc: 36.046
2018-09-19 14:07:26,353:INFO: [TRAIN] Step: 450 ; Loss: 25.519 ; Acc: 36.077
2018-09-19 14:07:26,436:INFO: [TRAIN] Step: 451 ; Loss: 31.475 ; Acc: 36.034
2018-09-19 14:07:26,515:INFO: [TRAIN] Step: 452 ; Loss: 26.695 ; Acc: 36.074
2018-09-19 14:07:26,600:INFO: [TRAIN] Step: 453 ; Loss: 27.448 ; Acc: 36.096
2018-09-19 14:07:26,675:INFO: [TRAIN] Step: 454 ; Loss: 28.781 ; Acc: 36.117
2018-09-19 14:07:26,757:INFO: [TRAIN] Step: 455 ; Loss: 27.390 ; Acc: 36.139
2018-09-19 14:07:26,831:INFO: [TRAIN] Step: 456 ; Loss: 31.735 ; Acc: 36.123
2018-09-19 14:07:26,914:INFO: [TRAIN] Step: 457 ; Loss: 26.019 ; Acc: 36.135
2018-09-19 14:07:26,989:INFO: [TRAIN] Step: 458 ; Loss: 32.064 ; Acc: 36.120
2018-09-19 14:07:27,069:INFO: [TRAIN] Step: 459 ; Loss: 27.547 ; Acc: 36.132
2018-09-19 14:07:27,142:INFO: [TRAIN] Step: 460 ; Loss: 29.994 ; Acc: 36.135
2018-09-19 14:07:27,223:INFO: [TRAIN] Step: 461 ; Loss: 26.502 ; Acc: 36.156
2018-09-19 14:07:27,298:INFO: [TRAIN] Step: 462 ; Loss: 29.856 ; Acc: 36.141
2018-09-19 14:07:27,382:INFO: [TRAIN] Step: 463 ; Loss: 30.295 ; Acc: 36.144
2018-09-19 14:07:27,459:INFO: [TRAIN] Step: 464 ; Loss: 29.683 ; Acc: 36.129
2018-09-19 14:07:27,541:INFO: [TRAIN] Step: 465 ; Loss: 31.222 ; Acc: 36.132
2018-09-19 14:07:27,613:INFO: [TRAIN] Step: 466 ; Loss: 31.654 ; Acc: 36.099
2018-09-19 14:07:27,695:INFO: [TRAIN] Step: 467 ; Loss: 30.427 ; Acc: 36.075
2018-09-19 14:07:27,771:INFO: [TRAIN] Step: 468 ; Loss: 31.744 ; Acc: 36.079
2018-09-19 14:07:27,851:INFO: [TRAIN] Step: 469 ; Loss: 28.151 ; Acc: 36.055
2018-09-19 14:07:27,924:INFO: [TRAIN] Step: 470 ; Loss: 31.443 ; Acc: 36.049
2018-09-19 14:07:28,005:INFO: [TRAIN] Step: 471 ; Loss: 29.400 ; Acc: 36.061
2018-09-19 14:07:28,079:INFO: [TRAIN] Step: 472 ; Loss: 30.102 ; Acc: 36.073
2018-09-19 14:07:28,163:INFO: [TRAIN] Step: 473 ; Loss: 29.584 ; Acc: 36.058
2018-09-19 14:07:28,237:INFO: [TRAIN] Step: 474 ; Loss: 31.274 ; Acc: 36.018
2018-09-19 14:07:28,317:INFO: [TRAIN] Step: 475 ; Loss: 28.600 ; Acc: 36.029
2018-09-19 14:07:28,392:INFO: [TRAIN] Step: 476 ; Loss: 30.025 ; Acc: 36.041
2018-09-19 14:07:28,478:INFO: [TRAIN] Step: 477 ; Loss: 28.353 ; Acc: 36.044
2018-09-19 14:07:28,553:INFO: [TRAIN] Step: 478 ; Loss: 28.125 ; Acc: 36.030
2018-09-19 14:07:28,634:INFO: [TRAIN] Step: 479 ; Loss: 27.529 ; Acc: 36.033
2018-09-19 14:07:28,707:INFO: [TRAIN] Step: 480 ; Loss: 31.168 ; Acc: 36.036
2018-09-19 14:07:28,789:INFO: [TRAIN] Step: 481 ; Loss: 26.540 ; Acc: 36.022
2018-09-19 14:07:28,864:INFO: [TRAIN] Step: 482 ; Loss: 25.585 ; Acc: 36.042
2018-09-19 14:07:28,947:INFO: [TRAIN] Step: 483 ; Loss: 30.402 ; Acc: 36.028
2018-09-19 14:07:29,023:INFO: [TRAIN] Step: 484 ; Loss: 28.953 ; Acc: 36.057
2018-09-19 14:07:29,106:INFO: [TRAIN] Step: 485 ; Loss: 30.807 ; Acc: 36.051
2018-09-19 14:07:29,178:INFO: [TRAIN] Step: 486 ; Loss: 28.391 ; Acc: 36.063
2018-09-19 14:07:29,262:INFO: [TRAIN] Step: 487 ; Loss: 28.777 ; Acc: 36.074
2018-09-19 14:07:29,335:INFO: [TRAIN] Step: 488 ; Loss: 26.909 ; Acc: 36.103
2018-09-19 14:07:29,417:INFO: [TRAIN] Step: 489 ; Loss: 27.069 ; Acc: 36.122
2018-09-19 14:07:29,492:INFO: [TRAIN] Step: 490 ; Loss: 26.188 ; Acc: 36.117
2018-09-19 14:07:29,575:INFO: [TRAIN] Step: 491 ; Loss: 27.313 ; Acc: 36.120
2018-09-19 14:07:29,650:INFO: [TRAIN] Step: 492 ; Loss: 30.324 ; Acc: 36.122
2018-09-19 14:07:29,731:INFO: [TRAIN] Step: 493 ; Loss: 29.532 ; Acc: 36.142
2018-09-19 14:07:29,807:INFO: [TRAIN] Step: 494 ; Loss: 25.888 ; Acc: 36.136
2018-09-19 14:07:29,888:INFO: [TRAIN] Step: 495 ; Loss: 28.504 ; Acc: 36.114
2018-09-19 14:07:29,963:INFO: [TRAIN] Step: 496 ; Loss: 30.191 ; Acc: 36.117
2018-09-19 14:07:30,046:INFO: [TRAIN] Step: 497 ; Loss: 33.122 ; Acc: 36.086
2018-09-19 14:07:30,120:INFO: [TRAIN] Step: 498 ; Loss: 28.113 ; Acc: 36.089
2018-09-19 14:07:30,201:INFO: [TRAIN] Step: 499 ; Loss: 27.798 ; Acc: 36.108
2018-09-19 14:07:30,276:INFO: [TRAIN] Step: 500 ; Loss: 22.540 ; Acc: 36.144
2018-09-19 14:07:30,356:INFO: [TRAIN] Step: 501 ; Loss: 25.972 ; Acc: 36.189
2018-09-19 14:07:30,430:INFO: [TRAIN] Step: 502 ; Loss: 29.834 ; Acc: 36.199
2018-09-19 14:07:30,511:INFO: [TRAIN] Step: 503 ; Loss: 27.507 ; Acc: 36.186
2018-09-19 14:07:30,585:INFO: [TRAIN] Step: 504 ; Loss: 26.638 ; Acc: 36.213
2018-09-19 14:07:30,666:INFO: [TRAIN] Step: 505 ; Loss: 29.846 ; Acc: 36.215
2018-09-19 14:07:30,741:INFO: [TRAIN] Step: 506 ; Loss: 29.583 ; Acc: 36.210
2018-09-19 14:07:30,820:INFO: [TRAIN] Step: 507 ; Loss: 29.707 ; Acc: 36.220
2018-09-19 14:07:30,899:INFO: [TRAIN] Step: 508 ; Loss: 30.319 ; Acc: 36.223
2018-09-19 14:07:30,977:INFO: [TRAIN] Step: 509 ; Loss: 34.165 ; Acc: 36.201
2018-09-19 14:07:31,051:INFO: [TRAIN] Step: 510 ; Loss: 27.399 ; Acc: 36.179
2018-09-19 14:07:31,133:INFO: [TRAIN] Step: 511 ; Loss: 28.334 ; Acc: 36.174
2018-09-19 14:07:31,208:INFO: [TRAIN] Step: 512 ; Loss: 31.262 ; Acc: 36.144
2018-09-19 14:07:31,291:INFO: [TRAIN] Step: 513 ; Loss: 26.814 ; Acc: 36.146
2018-09-19 14:07:31,367:INFO: [TRAIN] Step: 514 ; Loss: 30.006 ; Acc: 36.141
2018-09-19 14:07:31,449:INFO: [TRAIN] Step: 515 ; Loss: 36.108 ; Acc: 36.119
2018-09-19 14:07:31,525:INFO: [TRAIN] Step: 516 ; Loss: 29.158 ; Acc: 36.154
2018-09-19 14:07:31,605:INFO: [TRAIN] Step: 517 ; Loss: 32.239 ; Acc: 36.116
2018-09-19 14:07:31,680:INFO: [TRAIN] Step: 518 ; Loss: 26.968 ; Acc: 36.159
2018-09-19 14:07:31,762:INFO: [TRAIN] Step: 519 ; Loss: 24.730 ; Acc: 36.178
2018-09-19 14:07:31,840:INFO: [TRAIN] Step: 520 ; Loss: 27.619 ; Acc: 36.180
2018-09-19 14:07:31,921:INFO: [TRAIN] Step: 521 ; Loss: 27.295 ; Acc: 36.223
2018-09-19 14:07:31,997:INFO: [TRAIN] Step: 522 ; Loss: 30.634 ; Acc: 36.209
2018-09-19 14:07:32,078:INFO: [TRAIN] Step: 523 ; Loss: 30.824 ; Acc: 36.204
2018-09-19 14:07:32,151:INFO: [TRAIN] Step: 524 ; Loss: 27.810 ; Acc: 36.222
2018-09-19 14:07:32,234:INFO: [TRAIN] Step: 525 ; Loss: 29.684 ; Acc: 36.225
2018-09-19 14:07:32,305:INFO: [TRAIN] Step: 526 ; Loss: 26.525 ; Acc: 36.251
2018-09-19 14:07:32,386:INFO: [TRAIN] Step: 527 ; Loss: 28.733 ; Acc: 36.245
2018-09-19 14:07:32,459:INFO: [TRAIN] Step: 528 ; Loss: 30.874 ; Acc: 36.248
2018-09-19 14:07:32,543:INFO: [TRAIN] Step: 529 ; Loss: 28.851 ; Acc: 36.234
2018-09-19 14:07:32,618:INFO: [TRAIN] Step: 530 ; Loss: 29.068 ; Acc: 36.221
2018-09-19 14:07:32,700:INFO: [TRAIN] Step: 531 ; Loss: 28.189 ; Acc: 36.223
2018-09-19 14:07:32,773:INFO: [TRAIN] Step: 532 ; Loss: 28.716 ; Acc: 36.234
2018-09-19 14:07:32,855:INFO: [TRAIN] Step: 533 ; Loss: 29.136 ; Acc: 36.259
2018-09-19 14:07:32,931:INFO: [TRAIN] Step: 534 ; Loss: 28.386 ; Acc: 36.262
2018-09-19 14:07:33,012:INFO: [TRAIN] Step: 535 ; Loss: 29.401 ; Acc: 36.248
2018-09-19 14:07:33,088:INFO: [TRAIN] Step: 536 ; Loss: 27.222 ; Acc: 36.259
2018-09-19 14:07:33,168:INFO: [TRAIN] Step: 537 ; Loss: 26.386 ; Acc: 36.238
2018-09-19 14:07:33,243:INFO: [TRAIN] Step: 538 ; Loss: 30.145 ; Acc: 36.240
2018-09-19 14:07:33,324:INFO: [TRAIN] Step: 539 ; Loss: 27.025 ; Acc: 36.258
2018-09-19 14:07:33,399:INFO: [TRAIN] Step: 540 ; Loss: 26.756 ; Acc: 36.268
2018-09-19 14:07:33,482:INFO: [TRAIN] Step: 541 ; Loss: 27.567 ; Acc: 36.262
2018-09-19 14:07:33,556:INFO: [TRAIN] Step: 542 ; Loss: 27.271 ; Acc: 36.288
2018-09-19 14:07:33,638:INFO: [TRAIN] Step: 543 ; Loss: 27.270 ; Acc: 36.297
2018-09-19 14:07:33,714:INFO: [TRAIN] Step: 544 ; Loss: 32.625 ; Acc: 36.261
2018-09-19 14:07:33,795:INFO: [TRAIN] Step: 545 ; Loss: 28.081 ; Acc: 36.256
2018-09-19 14:07:33,871:INFO: [TRAIN] Step: 546 ; Loss: 29.932 ; Acc: 36.251
2018-09-19 14:07:33,954:INFO: [TRAIN] Step: 547 ; Loss: 32.908 ; Acc: 36.253
2018-09-19 14:07:34,028:INFO: [TRAIN] Step: 548 ; Loss: 31.676 ; Acc: 36.240
2018-09-19 14:07:34,111:INFO: [TRAIN] Step: 549 ; Loss: 29.880 ; Acc: 36.235
2018-09-19 14:07:34,196:INFO: [TRAIN] Step: 550 ; Loss: 28.599 ; Acc: 36.245
2018-09-19 14:07:34,279:INFO: [TRAIN] Step: 551 ; Loss: 26.072 ; Acc: 36.262
2018-09-19 14:07:34,355:INFO: [TRAIN] Step: 552 ; Loss: 28.064 ; Acc: 36.272
2018-09-19 14:07:34,435:INFO: [TRAIN] Step: 553 ; Loss: 27.298 ; Acc: 36.289
2018-09-19 14:07:34,511:INFO: [TRAIN] Step: 554 ; Loss: 28.518 ; Acc: 36.261
2018-09-19 14:07:34,596:INFO: [TRAIN] Step: 555 ; Loss: 30.047 ; Acc: 36.263
2018-09-19 14:07:34,669:INFO: [TRAIN] Step: 556 ; Loss: 28.244 ; Acc: 36.281
2018-09-19 14:07:34,750:INFO: [TRAIN] Step: 557 ; Loss: 25.352 ; Acc: 36.313
2018-09-19 14:07:34,824:INFO: [TRAIN] Step: 558 ; Loss: 31.959 ; Acc: 36.300
2018-09-19 14:07:34,907:INFO: [TRAIN] Step: 559 ; Loss: 25.421 ; Acc: 36.339
2018-09-19 14:07:34,980:INFO: [TRAIN] Step: 560 ; Loss: 25.207 ; Acc: 36.356
2018-09-19 14:07:35,063:INFO: [TRAIN] Step: 561 ; Loss: 25.241 ; Acc: 36.388
2018-09-19 14:07:35,143:INFO: [TRAIN] Step: 562 ; Loss: 27.042 ; Acc: 36.390
2018-09-19 14:07:35,224:INFO: [TRAIN] Step: 563 ; Loss: 27.622 ; Acc: 36.399
2018-09-19 14:07:35,299:INFO: [TRAIN] Step: 564 ; Loss: 26.583 ; Acc: 36.394
2018-09-19 14:07:35,378:INFO: [TRAIN] Step: 565 ; Loss: 29.328 ; Acc: 36.403
2018-09-19 14:07:35,454:INFO: [TRAIN] Step: 566 ; Loss: 28.414 ; Acc: 36.427
2018-09-19 14:07:35,535:INFO: [TRAIN] Step: 567 ; Loss: 27.273 ; Acc: 36.444
2018-09-19 14:07:35,610:INFO: [TRAIN] Step: 568 ; Loss: 25.668 ; Acc: 36.446
2018-09-19 14:07:35,691:INFO: [TRAIN] Step: 569 ; Loss: 26.644 ; Acc: 36.433
2018-09-19 14:07:35,767:INFO: [TRAIN] Step: 570 ; Loss: 23.210 ; Acc: 36.449
2018-09-19 14:07:35,849:INFO: [TRAIN] Step: 571 ; Loss: 27.778 ; Acc: 36.458
2018-09-19 14:07:35,928:INFO: [TRAIN] Step: 572 ; Loss: 26.662 ; Acc: 36.475
2018-09-19 14:07:36,013:INFO: [TRAIN] Step: 573 ; Loss: 29.138 ; Acc: 36.469
2018-09-19 14:07:36,090:INFO: [TRAIN] Step: 574 ; Loss: 25.755 ; Acc: 36.493
2018-09-19 14:07:36,171:INFO: [TRAIN] Step: 575 ; Loss: 31.670 ; Acc: 36.480
2018-09-19 14:07:36,242:INFO: [TRAIN] Step: 576 ; Loss: 27.932 ; Acc: 36.489
2018-09-19 14:07:36,326:INFO: [TRAIN] Step: 577 ; Loss: 29.895 ; Acc: 36.484
2018-09-19 14:07:36,400:INFO: [TRAIN] Step: 578 ; Loss: 25.223 ; Acc: 36.521
2018-09-19 14:07:36,482:INFO: [TRAIN] Step: 579 ; Loss: 29.417 ; Acc: 36.516
2018-09-19 14:07:36,555:INFO: [TRAIN] Step: 580 ; Loss: 28.151 ; Acc: 36.525
2018-09-19 14:07:36,638:INFO: [TRAIN] Step: 581 ; Loss: 26.689 ; Acc: 36.534
2018-09-19 14:07:36,712:INFO: [TRAIN] Step: 582 ; Loss: 27.653 ; Acc: 36.542
2018-09-19 14:07:36,793:INFO: [TRAIN] Step: 583 ; Loss: 29.858 ; Acc: 36.515
2018-09-19 14:07:36,868:INFO: [TRAIN] Step: 584 ; Loss: 26.179 ; Acc: 36.517
2018-09-19 14:07:36,946:INFO: [TRAIN] Step: 585 ; Loss: 31.271 ; Acc: 36.505
2018-09-19 14:07:37,020:INFO: [TRAIN] Step: 586 ; Loss: 25.098 ; Acc: 36.520
2018-09-19 14:07:37,102:INFO: [TRAIN] Step: 587 ; Loss: 29.582 ; Acc: 36.494
2018-09-19 14:07:37,192:INFO: [TRAIN] Step: 588 ; Loss: 25.899 ; Acc: 36.517
2018-09-19 14:07:37,290:INFO: [TRAIN] Step: 589 ; Loss: 28.901 ; Acc: 36.532
2018-09-19 14:07:37,367:INFO: [TRAIN] Step: 590 ; Loss: 26.866 ; Acc: 36.541
2018-09-19 14:07:37,454:INFO: [TRAIN] Step: 591 ; Loss: 33.648 ; Acc: 36.536
2018-09-19 14:07:37,529:INFO: [TRAIN] Step: 592 ; Loss: 30.796 ; Acc: 36.530
2018-09-19 14:07:37,612:INFO: [TRAIN] Step: 593 ; Loss: 34.040 ; Acc: 36.511
2018-09-19 14:07:37,688:INFO: [TRAIN] Step: 594 ; Loss: 27.189 ; Acc: 36.506
2018-09-19 14:07:37,771:INFO: [TRAIN] Step: 595 ; Loss: 31.119 ; Acc: 36.500
2018-09-19 14:07:37,847:INFO: [TRAIN] Step: 596 ; Loss: 23.944 ; Acc: 36.509
2018-09-19 14:07:37,927:INFO: [TRAIN] Step: 597 ; Loss: 27.331 ; Acc: 36.497
2018-09-19 14:07:38,003:INFO: [TRAIN] Step: 598 ; Loss: 27.558 ; Acc: 36.491
2018-09-19 14:07:38,085:INFO: [TRAIN] Step: 599 ; Loss: 26.830 ; Acc: 36.500
2018-09-19 14:07:38,160:INFO: [TRAIN] Step: 600 ; Loss: 29.437 ; Acc: 36.481
2018-09-19 14:07:38,243:INFO: [TRAIN] Step: 601 ; Loss: 26.155 ; Acc: 36.510
2018-09-19 14:07:38,316:INFO: [TRAIN] Step: 602 ; Loss: 31.099 ; Acc: 36.505
2018-09-19 14:07:38,398:INFO: [TRAIN] Step: 603 ; Loss: 27.646 ; Acc: 36.500
2018-09-19 14:07:38,470:INFO: [TRAIN] Step: 604 ; Loss: 27.241 ; Acc: 36.543
2018-09-19 14:07:38,554:INFO: [TRAIN] Step: 605 ; Loss: 26.274 ; Acc: 36.544
2018-09-19 14:07:38,627:INFO: [TRAIN] Step: 606 ; Loss: 27.496 ; Acc: 36.546
2018-09-19 14:07:38,709:INFO: [TRAIN] Step: 607 ; Loss: 27.224 ; Acc: 36.527
2018-09-19 14:07:38,783:INFO: [TRAIN] Step: 608 ; Loss: 28.724 ; Acc: 36.528
2018-09-19 14:07:38,864:INFO: [TRAIN] Step: 609 ; Loss: 28.175 ; Acc: 36.516
2018-09-19 14:07:38,938:INFO: [TRAIN] Step: 610 ; Loss: 33.956 ; Acc: 36.498
2018-09-19 14:07:39,020:INFO: [TRAIN] Step: 611 ; Loss: 27.128 ; Acc: 36.506
2018-09-19 14:07:39,096:INFO: [TRAIN] Step: 612 ; Loss: 27.291 ; Acc: 36.501
2018-09-19 14:07:39,179:INFO: [TRAIN] Step: 613 ; Loss: 30.595 ; Acc: 36.489
2018-09-19 14:07:39,253:INFO: [TRAIN] Step: 614 ; Loss: 26.410 ; Acc: 36.484
2018-09-19 14:07:39,337:INFO: [TRAIN] Step: 615 ; Loss: 27.240 ; Acc: 36.479
2018-09-19 14:07:39,412:INFO: [TRAIN] Step: 616 ; Loss: 25.914 ; Acc: 36.480
2018-09-19 14:07:39,497:INFO: [TRAIN] Step: 617 ; Loss: 33.238 ; Acc: 36.468
2018-09-19 14:07:39,573:INFO: [TRAIN] Step: 618 ; Loss: 30.758 ; Acc: 36.463
2018-09-19 14:07:39,657:INFO: [TRAIN] Step: 619 ; Loss: 35.122 ; Acc: 36.445
2018-09-19 14:07:39,732:INFO: [TRAIN] Step: 620 ; Loss: 25.476 ; Acc: 36.440
2018-09-19 14:07:39,816:INFO: [TRAIN] Step: 621 ; Loss: 29.369 ; Acc: 36.468
2018-09-19 14:07:39,892:INFO: [TRAIN] Step: 622 ; Loss: 31.179 ; Acc: 36.470
2018-09-19 14:07:39,973:INFO: [TRAIN] Step: 623 ; Loss: 31.471 ; Acc: 36.452
2018-09-19 14:07:40,051:INFO: [TRAIN] Step: 624 ; Loss: 26.558 ; Acc: 36.453
2018-09-19 14:07:40,135:INFO: [TRAIN] Step: 625 ; Loss: 32.097 ; Acc: 36.442
2018-09-19 14:07:40,210:INFO: [TRAIN] Step: 626 ; Loss: 30.627 ; Acc: 36.430
2018-09-19 14:07:40,292:INFO: [TRAIN] Step: 627 ; Loss: 31.614 ; Acc: 36.405
2018-09-19 14:07:40,368:INFO: [TRAIN] Step: 628 ; Loss: 31.382 ; Acc: 36.400
2018-09-19 14:07:40,454:INFO: [TRAIN] Step: 629 ; Loss: 26.279 ; Acc: 36.409
2018-09-19 14:07:40,530:INFO: [TRAIN] Step: 630 ; Loss: 25.257 ; Acc: 36.424
2018-09-19 14:07:40,615:INFO: [TRAIN] Step: 631 ; Loss: 30.801 ; Acc: 36.406
2018-09-19 14:07:40,691:INFO: [TRAIN] Step: 632 ; Loss: 24.652 ; Acc: 36.440
2018-09-19 14:07:40,772:INFO: [TRAIN] Step: 633 ; Loss: 28.456 ; Acc: 36.409
2018-09-19 14:07:40,849:INFO: [TRAIN] Step: 634 ; Loss: 27.432 ; Acc: 36.424
2018-09-19 14:07:40,934:INFO: [TRAIN] Step: 635 ; Loss: 28.621 ; Acc: 36.406
2018-09-19 14:07:41,013:INFO: [TRAIN] Step: 636 ; Loss: 29.442 ; Acc: 36.401
2018-09-19 14:07:41,096:INFO: [TRAIN] Step: 637 ; Loss: 24.853 ; Acc: 36.396
2018-09-19 14:07:41,175:INFO: [TRAIN] Step: 638 ; Loss: 29.759 ; Acc: 36.398
2018-09-19 14:07:41,258:INFO: [TRAIN] Step: 639 ; Loss: 27.411 ; Acc: 36.393
2018-09-19 14:07:41,337:INFO: [TRAIN] Step: 640 ; Loss: 26.819 ; Acc: 36.401
2018-09-19 14:07:41,420:INFO: [TRAIN] Step: 641 ; Loss: 30.930 ; Acc: 36.397
2018-09-19 14:07:41,498:INFO: [TRAIN] Step: 642 ; Loss: 30.626 ; Acc: 36.385
2018-09-19 14:07:41,581:INFO: [TRAIN] Step: 643 ; Loss: 28.781 ; Acc: 36.407
2018-09-19 14:07:41,657:INFO: [TRAIN] Step: 644 ; Loss: 28.239 ; Acc: 36.402
2018-09-19 14:07:41,740:INFO: [TRAIN] Step: 645 ; Loss: 27.654 ; Acc: 36.410
2018-09-19 14:07:41,817:INFO: [TRAIN] Step: 646 ; Loss: 26.373 ; Acc: 36.418
2018-09-19 14:07:41,900:INFO: [TRAIN] Step: 647 ; Loss: 36.067 ; Acc: 36.407
2018-09-19 14:07:41,976:INFO: [TRAIN] Step: 648 ; Loss: 24.932 ; Acc: 36.434
2018-09-19 14:07:42,064:INFO: [TRAIN] Step: 649 ; Loss: 29.108 ; Acc: 36.462
2018-09-19 14:07:42,141:INFO: [TRAIN] Step: 650 ; Loss: 29.701 ; Acc: 36.476
2018-09-19 14:07:42,228:INFO: [TRAIN] Step: 651 ; Loss: 27.610 ; Acc: 36.484
2018-09-19 14:07:42,304:INFO: [TRAIN] Step: 652 ; Loss: 28.075 ; Acc: 36.511
2018-09-19 14:07:42,389:INFO: [TRAIN] Step: 653 ; Loss: 29.556 ; Acc: 36.519
2018-09-19 14:07:42,469:INFO: [TRAIN] Step: 654 ; Loss: 26.003 ; Acc: 36.520
2018-09-19 14:07:42,552:INFO: [TRAIN] Step: 655 ; Loss: 28.380 ; Acc: 36.522
2018-09-19 14:07:42,631:INFO: [TRAIN] Step: 656 ; Loss: 31.619 ; Acc: 36.523
2018-09-19 14:07:42,714:INFO: [TRAIN] Step: 657 ; Loss: 32.536 ; Acc: 36.525
2018-09-19 14:07:42,791:INFO: [TRAIN] Step: 658 ; Loss: 30.382 ; Acc: 36.533
2018-09-19 14:07:42,875:INFO: [TRAIN] Step: 659 ; Loss: 30.185 ; Acc: 36.534
2018-09-19 14:07:42,952:INFO: [TRAIN] Step: 660 ; Loss: 30.427 ; Acc: 36.517
2018-09-19 14:07:43,037:INFO: [TRAIN] Step: 661 ; Loss: 28.080 ; Acc: 36.518
2018-09-19 14:07:43,113:INFO: [TRAIN] Step: 662 ; Loss: 27.961 ; Acc: 36.526
2018-09-19 14:07:43,198:INFO: [TRAIN] Step: 663 ; Loss: 29.189 ; Acc: 36.534
2018-09-19 14:07:43,276:INFO: [TRAIN] Step: 664 ; Loss: 26.940 ; Acc: 36.548
2018-09-19 14:07:43,367:INFO: [TRAIN] Step: 665 ; Loss: 25.846 ; Acc: 36.543
2018-09-19 14:07:43,445:INFO: [TRAIN] Step: 666 ; Loss: 30.110 ; Acc: 36.569
2018-09-19 14:07:43,529:INFO: [TRAIN] Step: 667 ; Loss: 30.228 ; Acc: 36.583
2018-09-19 14:07:43,607:INFO: [TRAIN] Step: 668 ; Loss: 30.107 ; Acc: 36.566
2018-09-19 14:07:43,694:INFO: [TRAIN] Step: 669 ; Loss: 25.139 ; Acc: 36.586
2018-09-19 14:07:43,774:INFO: [TRAIN] Step: 670 ; Loss: 29.920 ; Acc: 36.575
2018-09-19 14:07:43,859:INFO: [TRAIN] Step: 671 ; Loss: 29.927 ; Acc: 36.595
2018-09-19 14:07:43,937:INFO: [TRAIN] Step: 672 ; Loss: 28.392 ; Acc: 36.621
2018-09-19 14:07:44,022:INFO: [TRAIN] Step: 673 ; Loss: 30.434 ; Acc: 36.628
2018-09-19 14:07:44,100:INFO: [TRAIN] Step: 674 ; Loss: 27.666 ; Acc: 36.660
2018-09-19 14:07:44,185:INFO: [TRAIN] Step: 675 ; Loss: 27.407 ; Acc: 36.693
2018-09-19 14:07:44,262:INFO: [TRAIN] Step: 676 ; Loss: 28.036 ; Acc: 36.700
2018-09-19 14:07:44,348:INFO: [TRAIN] Step: 677 ; Loss: 32.217 ; Acc: 36.695
2018-09-19 14:07:44,427:INFO: [TRAIN] Step: 678 ; Loss: 26.920 ; Acc: 36.721
2018-09-19 14:07:44,513:INFO: [TRAIN] Step: 679 ; Loss: 27.033 ; Acc: 36.734
2018-09-19 14:07:44,596:INFO: [TRAIN] Step: 680 ; Loss: 30.115 ; Acc: 36.754
2018-09-19 14:07:44,683:INFO: [TRAIN] Step: 681 ; Loss: 29.200 ; Acc: 36.767
2018-09-19 14:07:44,763:INFO: [TRAIN] Step: 682 ; Loss: 27.527 ; Acc: 36.762
2018-09-19 14:07:44,850:INFO: [TRAIN] Step: 683 ; Loss: 27.230 ; Acc: 36.775
2018-09-19 14:07:44,928:INFO: [TRAIN] Step: 684 ; Loss: 28.083 ; Acc: 36.758
2018-09-19 14:07:45,015:INFO: [TRAIN] Step: 685 ; Loss: 27.660 ; Acc: 36.771
2018-09-19 14:07:45,096:INFO: [TRAIN] Step: 686 ; Loss: 29.956 ; Acc: 36.784
2018-09-19 14:07:45,179:INFO: [TRAIN] Step: 687 ; Loss: 29.740 ; Acc: 36.779
2018-09-19 14:07:45,260:INFO: [TRAIN] Step: 688 ; Loss: 27.783 ; Acc: 36.780
2018-09-19 14:07:45,349:INFO: [TRAIN] Step: 689 ; Loss: 31.305 ; Acc: 36.775
2018-09-19 14:07:45,431:INFO: [TRAIN] Step: 690 ; Loss: 28.857 ; Acc: 36.770
2018-09-19 14:07:45,518:INFO: [TRAIN] Step: 691 ; Loss: 29.664 ; Acc: 36.753
2018-09-19 14:07:45,603:INFO: [TRAIN] Step: 692 ; Loss: 30.217 ; Acc: 36.766
2018-09-19 14:07:45,692:INFO: [TRAIN] Step: 693 ; Loss: 29.027 ; Acc: 36.756
2018-09-19 14:07:45,773:INFO: [TRAIN] Step: 694 ; Loss: 31.462 ; Acc: 36.739
2018-09-19 14:07:45,859:INFO: [TRAIN] Step: 695 ; Loss: 26.789 ; Acc: 36.722
2018-09-19 14:07:45,942:INFO: [TRAIN] Step: 696 ; Loss: 30.416 ; Acc: 36.717
2018-09-19 14:07:46,031:INFO: [TRAIN] Step: 697 ; Loss: 26.151 ; Acc: 36.712
2018-09-19 14:07:46,114:INFO: [TRAIN] Step: 698 ; Loss: 30.435 ; Acc: 36.713
2018-09-19 14:07:46,203:INFO: [TRAIN] Step: 699 ; Loss: 27.454 ; Acc: 36.726
2018-09-19 14:07:46,288:INFO: [TRAIN] Step: 700 ; Loss: 27.934 ; Acc: 36.733
2018-09-19 14:07:46,381:INFO: [TRAIN] Step: 701 ; Loss: 27.602 ; Acc: 36.740
2018-09-19 14:07:46,464:INFO: [TRAIN] Step: 702 ; Loss: 27.888 ; Acc: 36.765
2018-09-19 14:07:46,556:INFO: [TRAIN] Step: 703 ; Loss: 23.981 ; Acc: 36.754
2018-09-19 14:07:46,643:INFO: [TRAIN] Step: 704 ; Loss: 29.177 ; Acc: 36.767
2018-09-19 14:07:46,733:INFO: [TRAIN] Step: 705 ; Loss: 26.949 ; Acc: 36.786
2018-09-19 14:07:46,816:INFO: [TRAIN] Step: 706 ; Loss: 31.625 ; Acc: 36.781
2018-09-19 14:07:46,911:INFO: [TRAIN] Step: 707 ; Loss: 33.744 ; Acc: 36.776
2018-09-19 14:07:46,997:INFO: [TRAIN] Step: 708 ; Loss: 25.902 ; Acc: 36.801
2018-09-19 14:07:47,087:INFO: [TRAIN] Step: 709 ; Loss: 27.293 ; Acc: 36.784
2018-09-19 14:07:47,172:INFO: [TRAIN] Step: 710 ; Loss: 27.202 ; Acc: 36.791
2018-09-19 14:07:47,262:INFO: [TRAIN] Step: 711 ; Loss: 31.409 ; Acc: 36.786
2018-09-19 14:07:47,346:INFO: [TRAIN] Step: 712 ; Loss: 24.306 ; Acc: 36.793
2018-09-19 14:07:47,444:INFO: [TRAIN] Step: 713 ; Loss: 26.308 ; Acc: 36.806
2018-09-19 14:07:47,530:INFO: [TRAIN] Step: 714 ; Loss: 31.210 ; Acc: 36.801
2018-09-19 14:07:47,633:INFO: [TRAIN] Step: 715 ; Loss: 25.710 ; Acc: 36.819
2018-09-19 14:07:47,728:INFO: [TRAIN] Step: 716 ; Loss: 25.289 ; Acc: 36.843
2018-09-19 14:07:47,824:INFO: [TRAIN] Step: 717 ; Loss: 28.922 ; Acc: 36.856
2018-09-19 14:07:47,910:INFO: [TRAIN] Step: 718 ; Loss: 26.664 ; Acc: 36.857
2018-09-19 14:07:48,002:INFO: [TRAIN] Step: 719 ; Loss: 26.894 ; Acc: 36.863
2018-09-19 14:07:48,089:INFO: [TRAIN] Step: 720 ; Loss: 27.110 ; Acc: 36.864
2018-09-19 14:07:48,183:INFO: [TRAIN] Step: 721 ; Loss: 31.775 ; Acc: 36.848
2018-09-19 14:07:48,274:INFO: [TRAIN] Step: 722 ; Loss: 26.553 ; Acc: 36.860
2018-09-19 14:07:48,369:INFO: [TRAIN] Step: 723 ; Loss: 26.935 ; Acc: 36.878
2018-09-19 14:07:48,456:INFO: [TRAIN] Step: 724 ; Loss: 31.483 ; Acc: 36.868
2018-09-19 14:07:48,546:INFO: [TRAIN] Step: 725 ; Loss: 28.033 ; Acc: 36.880
2018-09-19 14:07:48,634:INFO: [TRAIN] Step: 726 ; Loss: 26.687 ; Acc: 36.875
2018-09-19 14:07:48,730:INFO: [TRAIN] Step: 727 ; Loss: 28.371 ; Acc: 36.865
2018-09-19 14:07:48,819:INFO: [TRAIN] Step: 728 ; Loss: 26.378 ; Acc: 36.866
2018-09-19 14:07:48,914:INFO: [TRAIN] Step: 729 ; Loss: 29.010 ; Acc: 36.872
2018-09-19 14:07:49,002:INFO: [TRAIN] Step: 730 ; Loss: 32.504 ; Acc: 36.856
2018-09-19 14:07:49,098:INFO: [TRAIN] Step: 731 ; Loss: 30.165 ; Acc: 36.857
2018-09-19 14:07:49,187:INFO: [TRAIN] Step: 732 ; Loss: 30.393 ; Acc: 36.846
2018-09-19 14:07:49,280:INFO: [TRAIN] Step: 733 ; Loss: 30.928 ; Acc: 36.853
2018-09-19 14:07:49,368:INFO: [TRAIN] Step: 734 ; Loss: 28.910 ; Acc: 36.865
2018-09-19 14:07:49,462:INFO: [TRAIN] Step: 735 ; Loss: 31.350 ; Acc: 36.838
2018-09-19 14:07:49,549:INFO: [TRAIN] Step: 736 ; Loss: 24.780 ; Acc: 36.844
2018-09-19 14:07:49,644:INFO: [TRAIN] Step: 737 ; Loss: 30.132 ; Acc: 36.851
2018-09-19 14:07:49,736:INFO: [TRAIN] Step: 738 ; Loss: 30.294 ; Acc: 36.846
2018-09-19 14:07:49,830:INFO: [TRAIN] Step: 739 ; Loss: 27.264 ; Acc: 36.841
2018-09-19 14:07:49,921:INFO: [TRAIN] Step: 740 ; Loss: 31.341 ; Acc: 36.836
2018-09-19 14:07:50,017:INFO: [TRAIN] Step: 741 ; Loss: 28.948 ; Acc: 36.837
2018-09-19 14:07:50,107:INFO: [TRAIN] Step: 742 ; Loss: 30.274 ; Acc: 36.844
2018-09-19 14:07:50,201:INFO: [TRAIN] Step: 743 ; Loss: 29.435 ; Acc: 36.845
2018-09-19 14:07:50,290:INFO: [TRAIN] Step: 744 ; Loss: 29.158 ; Acc: 36.846
2018-09-19 14:07:50,390:INFO: [TRAIN] Step: 745 ; Loss: 26.820 ; Acc: 36.858
2018-09-19 14:07:50,479:INFO: [TRAIN] Step: 746 ; Loss: 32.682 ; Acc: 36.842
2018-09-19 14:07:50,575:INFO: [TRAIN] Step: 747 ; Loss: 27.059 ; Acc: 36.843
2018-09-19 14:07:50,664:INFO: [TRAIN] Step: 748 ; Loss: 25.479 ; Acc: 36.871
2018-09-19 14:07:50,757:INFO: [TRAIN] Step: 749 ; Loss: 27.562 ; Acc: 36.872
2018-09-19 14:07:50,847:INFO: [TRAIN] Step: 750 ; Loss: 26.887 ; Acc: 36.884
2018-09-19 14:07:50,944:INFO: [TRAIN] Step: 751 ; Loss: 30.379 ; Acc: 36.891
2018-09-19 14:07:51,038:INFO: [TRAIN] Step: 752 ; Loss: 28.317 ; Acc: 36.908
2018-09-19 14:07:51,135:INFO: [TRAIN] Step: 753 ; Loss: 24.836 ; Acc: 36.920
2018-09-19 14:07:51,222:INFO: [TRAIN] Step: 754 ; Loss: 25.204 ; Acc: 36.948
2018-09-19 14:07:51,323:INFO: [TRAIN] Step: 755 ; Loss: 28.295 ; Acc: 36.949
2018-09-19 14:07:51,413:INFO: [TRAIN] Step: 756 ; Loss: 28.583 ; Acc: 36.955
2018-09-19 14:07:51,514:INFO: [TRAIN] Step: 757 ; Loss: 28.397 ; Acc: 36.945
2018-09-19 14:07:51,603:INFO: [TRAIN] Step: 758 ; Loss: 30.941 ; Acc: 36.962
2018-09-19 14:07:51,700:INFO: [TRAIN] Step: 759 ; Loss: 32.076 ; Acc: 36.930
2018-09-19 14:07:51,795:INFO: [TRAIN] Step: 760 ; Loss: 27.916 ; Acc: 36.920
2018-09-19 14:07:51,892:INFO: [TRAIN] Step: 761 ; Loss: 27.612 ; Acc: 36.931
2018-09-19 14:07:51,986:INFO: [TRAIN] Step: 762 ; Loss: 27.807 ; Acc: 36.943
2018-09-19 14:07:52,086:INFO: [TRAIN] Step: 763 ; Loss: 28.881 ; Acc: 36.955
2018-09-19 14:07:52,179:INFO: [TRAIN] Step: 764 ; Loss: 31.579 ; Acc: 36.934
2018-09-19 14:07:52,280:INFO: [TRAIN] Step: 765 ; Loss: 27.642 ; Acc: 36.934
2018-09-19 14:07:52,370:INFO: [TRAIN] Step: 766 ; Loss: 29.918 ; Acc: 36.946
2018-09-19 14:07:52,472:INFO: [TRAIN] Step: 767 ; Loss: 33.710 ; Acc: 36.925
2018-09-19 14:07:52,565:INFO: [TRAIN] Step: 768 ; Loss: 31.446 ; Acc: 36.920
2018-09-19 14:07:52,664:INFO: [TRAIN] Step: 769 ; Loss: 27.170 ; Acc: 36.921
2018-09-19 14:07:52,755:INFO: [TRAIN] Step: 770 ; Loss: 29.579 ; Acc: 36.922
2018-09-19 14:07:52,859:INFO: [TRAIN] Step: 771 ; Loss: 24.824 ; Acc: 36.928
2018-09-19 14:07:52,956:INFO: [TRAIN] Step: 772 ; Loss: 31.762 ; Acc: 36.902
2018-09-19 14:07:53,055:INFO: [TRAIN] Step: 773 ; Loss: 26.261 ; Acc: 36.924
2018-09-19 14:07:53,146:INFO: [TRAIN] Step: 774 ; Loss: 26.092 ; Acc: 36.935
2018-09-19 14:07:53,245:INFO: [TRAIN] Step: 775 ; Loss: 24.827 ; Acc: 36.936
2018-09-19 14:07:53,336:INFO: [TRAIN] Step: 776 ; Loss: 24.950 ; Acc: 36.942
2018-09-19 14:07:53,435:INFO: [TRAIN] Step: 777 ; Loss: 29.189 ; Acc: 36.932
2018-09-19 14:07:53,525:INFO: [TRAIN] Step: 778 ; Loss: 26.173 ; Acc: 36.960
2018-09-19 14:07:53,623:INFO: [TRAIN] Step: 779 ; Loss: 29.145 ; Acc: 36.976
2018-09-19 14:07:53,717:INFO: [TRAIN] Step: 780 ; Loss: 24.941 ; Acc: 37.015
2018-09-19 14:07:53,816:INFO: [TRAIN] Step: 781 ; Loss: 26.956 ; Acc: 37.010
2018-09-19 14:07:53,908:INFO: [TRAIN] Step: 782 ; Loss: 23.584 ; Acc: 37.048
2018-09-19 14:07:54,006:INFO: [TRAIN] Step: 783 ; Loss: 28.054 ; Acc: 37.070
2018-09-19 14:07:54,098:INFO: [TRAIN] Step: 784 ; Loss: 27.312 ; Acc: 37.059
2018-09-19 14:07:54,197:INFO: [TRAIN] Step: 785 ; Loss: 27.603 ; Acc: 37.060
2018-09-19 14:07:54,287:INFO: [TRAIN] Step: 786 ; Loss: 26.248 ; Acc: 37.055
2018-09-19 14:07:54,387:INFO: [TRAIN] Step: 787 ; Loss: 29.959 ; Acc: 37.082
2018-09-19 14:07:54,482:INFO: [TRAIN] Step: 788 ; Loss: 25.347 ; Acc: 37.099
2018-09-19 14:07:54,584:INFO: [TRAIN] Step: 789 ; Loss: 31.306 ; Acc: 37.073
2018-09-19 14:07:54,675:INFO: [TRAIN] Step: 790 ; Loss: 28.544 ; Acc: 37.073
2018-09-19 14:07:54,775:INFO: [TRAIN] Step: 791 ; Loss: 29.375 ; Acc: 37.048
2018-09-19 14:07:54,866:INFO: [TRAIN] Step: 792 ; Loss: 28.214 ; Acc: 37.048
2018-09-19 14:07:54,966:INFO: [TRAIN] Step: 793 ; Loss: 30.662 ; Acc: 37.043
2018-09-19 14:07:55,060:INFO: [TRAIN] Step: 794 ; Loss: 27.944 ; Acc: 37.034
2018-09-19 14:07:55,161:INFO: [TRAIN] Step: 795 ; Loss: 26.286 ; Acc: 37.018
2018-09-19 14:07:55,256:INFO: [TRAIN] Step: 796 ; Loss: 27.711 ; Acc: 37.029
2018-09-19 14:07:55,352:INFO: [TRAIN] Step: 797 ; Loss: 28.810 ; Acc: 37.030
2018-09-19 14:07:55,446:INFO: [TRAIN] Step: 798 ; Loss: 30.411 ; Acc: 37.025
2018-09-19 14:07:55,545:INFO: [TRAIN] Step: 799 ; Loss: 29.455 ; Acc: 37.021
2018-09-19 14:07:55,636:INFO: [TRAIN] Step: 800 ; Loss: 31.192 ; Acc: 37.011
2018-09-19 14:07:55,737:INFO: [TRAIN] Step: 801 ; Loss: 26.422 ; Acc: 37.006
2018-09-19 14:07:55,831:INFO: [TRAIN] Step: 802 ; Loss: 27.084 ; Acc: 37.038
2018-09-19 14:07:55,929:INFO: [TRAIN] Step: 803 ; Loss: 28.869 ; Acc: 37.034
2018-09-19 14:07:56,023:INFO: [TRAIN] Step: 804 ; Loss: 29.409 ; Acc: 37.050
2018-09-19 14:07:56,121:INFO: [TRAIN] Step: 805 ; Loss: 33.150 ; Acc: 37.030
2018-09-19 14:07:56,213:INFO: [TRAIN] Step: 806 ; Loss: 30.568 ; Acc: 37.010
2018-09-19 14:07:56,310:INFO: [TRAIN] Step: 807 ; Loss: 28.513 ; Acc: 37.005
2018-09-19 14:07:56,403:INFO: [TRAIN] Step: 808 ; Loss: 26.416 ; Acc: 36.985
2018-09-19 14:07:56,502:INFO: [TRAIN] Step: 809 ; Loss: 28.987 ; Acc: 36.975
2018-09-19 14:07:56,594:INFO: [TRAIN] Step: 810 ; Loss: 29.630 ; Acc: 36.981
2018-09-19 14:07:56,692:INFO: [TRAIN] Step: 811 ; Loss: 28.374 ; Acc: 36.992
2018-09-19 14:07:56,786:INFO: [TRAIN] Step: 812 ; Loss: 26.915 ; Acc: 36.977
2018-09-19 14:07:56,885:INFO: [TRAIN] Step: 813 ; Loss: 28.436 ; Acc: 36.983
2018-09-19 14:07:56,979:INFO: [TRAIN] Step: 814 ; Loss: 28.882 ; Acc: 36.979
2018-09-19 14:07:57,077:INFO: [TRAIN] Step: 815 ; Loss: 27.551 ; Acc: 37.005
2018-09-19 14:07:57,170:INFO: [TRAIN] Step: 816 ; Loss: 25.795 ; Acc: 37.010
2018-09-19 14:07:57,271:INFO: [TRAIN] Step: 817 ; Loss: 28.270 ; Acc: 37.021
2018-09-19 14:07:57,366:INFO: [TRAIN] Step: 818 ; Loss: 31.713 ; Acc: 37.012
2018-09-19 14:07:57,463:INFO: [TRAIN] Step: 819 ; Loss: 27.404 ; Acc: 36.997
2018-09-19 14:07:57,558:INFO: [TRAIN] Step: 820 ; Loss: 27.038 ; Acc: 37.008
2018-09-19 14:07:57,660:INFO: [TRAIN] Step: 821 ; Loss: 29.595 ; Acc: 37.013
2018-09-19 14:07:57,753:INFO: [TRAIN] Step: 822 ; Loss: 29.247 ; Acc: 37.019
2018-09-19 14:07:57,851:INFO: [TRAIN] Step: 823 ; Loss: 27.650 ; Acc: 37.035
2018-09-19 14:07:57,940:INFO: [TRAIN] Step: 824 ; Loss: 28.868 ; Acc: 37.035
2018-09-19 14:07:58,041:INFO: [TRAIN] Step: 825 ; Loss: 25.598 ; Acc: 37.036
2018-09-19 14:07:58,132:INFO: [TRAIN] Step: 826 ; Loss: 29.698 ; Acc: 37.021
2018-09-19 14:07:58,230:INFO: [TRAIN] Step: 827 ; Loss: 26.069 ; Acc: 37.032
2018-09-19 14:07:58,320:INFO: [TRAIN] Step: 828 ; Loss: 25.715 ; Acc: 37.038
2018-09-19 14:07:58,420:INFO: [TRAIN] Step: 829 ; Loss: 30.686 ; Acc: 37.033
2018-09-19 14:07:58,513:INFO: [TRAIN] Step: 830 ; Loss: 27.573 ; Acc: 37.024
2018-09-19 14:07:58,610:INFO: [TRAIN] Step: 831 ; Loss: 24.831 ; Acc: 37.014
2018-09-19 14:07:58,703:INFO: [TRAIN] Step: 832 ; Loss: 30.528 ; Acc: 37.010
2018-09-19 14:07:58,802:INFO: [TRAIN] Step: 833 ; Loss: 31.988 ; Acc: 37.010
2018-09-19 14:07:58,894:INFO: [TRAIN] Step: 834 ; Loss: 29.165 ; Acc: 37.026
2018-09-19 14:07:58,992:INFO: [TRAIN] Step: 835 ; Loss: 25.927 ; Acc: 37.036
2018-09-19 14:07:59,087:INFO: [TRAIN] Step: 836 ; Loss: 28.553 ; Acc: 37.047
2018-09-19 14:07:59,188:INFO: [TRAIN] Step: 837 ; Loss: 33.779 ; Acc: 37.033
2018-09-19 14:07:59,282:INFO: [TRAIN] Step: 838 ; Loss: 27.255 ; Acc: 37.033
2018-09-19 14:07:59,382:INFO: [TRAIN] Step: 839 ; Loss: 28.179 ; Acc: 37.044
2018-09-19 14:07:59,471:INFO: [TRAIN] Step: 840 ; Loss: 27.275 ; Acc: 37.044
2018-09-19 14:07:59,571:INFO: [TRAIN] Step: 841 ; Loss: 28.029 ; Acc: 37.055
2018-09-19 14:07:59,664:INFO: [TRAIN] Step: 842 ; Loss: 28.542 ; Acc: 37.060
2018-09-19 14:07:59,761:INFO: [TRAIN] Step: 843 ; Loss: 28.240 ; Acc: 37.046
2018-09-19 14:07:59,851:INFO: [TRAIN] Step: 844 ; Loss: 28.068 ; Acc: 37.056
2018-09-19 14:07:59,950:INFO: [TRAIN] Step: 845 ; Loss: 31.951 ; Acc: 37.052
2018-09-19 14:08:00,039:INFO: [TRAIN] Step: 846 ; Loss: 27.262 ; Acc: 37.082
2018-09-19 14:08:00,139:INFO: [TRAIN] Step: 847 ; Loss: 29.832 ; Acc: 37.097
2018-09-19 14:08:00,232:INFO: [TRAIN] Step: 848 ; Loss: 28.722 ; Acc: 37.088
2018-09-19 14:08:00,334:INFO: [TRAIN] Step: 849 ; Loss: 27.853 ; Acc: 37.093
2018-09-19 14:08:00,423:INFO: [TRAIN] Step: 850 ; Loss: 27.985 ; Acc: 37.099
2018-09-19 14:08:00,522:INFO: [TRAIN] Step: 851 ; Loss: 25.360 ; Acc: 37.119
2018-09-19 14:08:00,617:INFO: [TRAIN] Step: 852 ; Loss: 27.519 ; Acc: 37.134
2018-09-19 14:08:00,713:INFO: [TRAIN] Step: 853 ; Loss: 27.329 ; Acc: 37.119
2018-09-19 14:08:00,802:INFO: [TRAIN] Step: 854 ; Loss: 31.854 ; Acc: 37.110
2018-09-19 14:08:00,900:INFO: [TRAIN] Step: 855 ; Loss: 24.704 ; Acc: 37.106
2018-09-19 14:08:00,989:INFO: [TRAIN] Step: 856 ; Loss: 31.251 ; Acc: 37.096
2018-09-19 14:08:01,086:INFO: [TRAIN] Step: 857 ; Loss: 26.515 ; Acc: 37.111
2018-09-19 14:08:01,181:INFO: [TRAIN] Step: 858 ; Loss: 32.965 ; Acc: 37.107
2018-09-19 14:08:01,281:INFO: [TRAIN] Step: 859 ; Loss: 25.724 ; Acc: 37.127
2018-09-19 14:08:01,373:INFO: [TRAIN] Step: 860 ; Loss: 27.855 ; Acc: 37.113
2018-09-19 14:08:01,470:INFO: [TRAIN] Step: 861 ; Loss: 26.230 ; Acc: 37.108
2018-09-19 14:08:01,564:INFO: [TRAIN] Step: 862 ; Loss: 26.893 ; Acc: 37.119
2018-09-19 14:08:01,661:INFO: [TRAIN] Step: 863 ; Loss: 28.816 ; Acc: 37.119
2018-09-19 14:08:01,752:INFO: [TRAIN] Step: 864 ; Loss: 30.337 ; Acc: 37.124
2018-09-19 14:08:01,849:INFO: [TRAIN] Step: 865 ; Loss: 27.715 ; Acc: 37.120
2018-09-19 14:08:01,939:INFO: [TRAIN] Step: 866 ; Loss: 29.300 ; Acc: 37.120
2018-09-19 14:08:02,036:INFO: [TRAIN] Step: 867 ; Loss: 27.651 ; Acc: 37.130
2018-09-19 14:08:02,127:INFO: [TRAIN] Step: 868 ; Loss: 28.388 ; Acc: 37.126
2018-09-19 14:08:02,222:INFO: [TRAIN] Step: 869 ; Loss: 33.859 ; Acc: 37.102
2018-09-19 14:08:02,315:INFO: [TRAIN] Step: 870 ; Loss: 24.743 ; Acc: 37.113
2018-09-19 14:08:02,415:INFO: [TRAIN] Step: 871 ; Loss: 32.384 ; Acc: 37.118
2018-09-19 14:08:02,508:INFO: [TRAIN] Step: 872 ; Loss: 32.683 ; Acc: 37.104
2018-09-19 14:08:02,613:INFO: [TRAIN] Step: 873 ; Loss: 31.680 ; Acc: 37.100
2018-09-19 14:08:02,703:INFO: [TRAIN] Step: 874 ; Loss: 27.529 ; Acc: 37.100
2018-09-19 14:08:02,799:INFO: [TRAIN] Step: 875 ; Loss: 32.260 ; Acc: 37.096
2018-09-19 14:08:02,892:INFO: [TRAIN] Step: 876 ; Loss: 26.398 ; Acc: 37.101
2018-09-19 14:08:02,991:INFO: [TRAIN] Step: 877 ; Loss: 28.197 ; Acc: 37.097
2018-09-19 14:08:03,081:INFO: [TRAIN] Step: 878 ; Loss: 27.639 ; Acc: 37.078
2018-09-19 14:08:03,181:INFO: [TRAIN] Step: 879 ; Loss: 26.064 ; Acc: 37.079
2018-09-19 14:08:03,268:INFO: [TRAIN] Step: 880 ; Loss: 24.908 ; Acc: 37.084
2018-09-19 14:08:03,363:INFO: [TRAIN] Step: 881 ; Loss: 27.215 ; Acc: 37.103
2018-09-19 14:08:03,453:INFO: [TRAIN] Step: 882 ; Loss: 31.249 ; Acc: 37.113
2018-09-19 14:08:03,547:INFO: [TRAIN] Step: 883 ; Loss: 27.418 ; Acc: 37.113
2018-09-19 14:08:03,639:INFO: [TRAIN] Step: 884 ; Loss: 23.726 ; Acc: 37.123
2018-09-19 14:08:03,738:INFO: [TRAIN] Step: 885 ; Loss: 28.273 ; Acc: 37.138
2018-09-19 14:08:03,829:INFO: [TRAIN] Step: 886 ; Loss: 27.061 ; Acc: 37.138
2018-09-19 14:08:03,925:INFO: [TRAIN] Step: 887 ; Loss: 26.074 ; Acc: 37.125
2018-09-19 14:08:04,014:INFO: [TRAIN] Step: 888 ; Loss: 29.348 ; Acc: 37.125
2018-09-19 14:08:04,112:INFO: [TRAIN] Step: 889 ; Loss: 31.248 ; Acc: 37.135
2018-09-19 14:08:04,204:INFO: [TRAIN] Step: 890 ; Loss: 29.213 ; Acc: 37.149
2018-09-19 14:08:04,302:INFO: [TRAIN] Step: 891 ; Loss: 28.727 ; Acc: 37.145
2018-09-19 14:08:04,392:INFO: [TRAIN] Step: 892 ; Loss: 30.785 ; Acc: 37.145
2018-09-19 14:08:04,491:INFO: [TRAIN] Step: 893 ; Loss: 27.070 ; Acc: 37.164
2018-09-19 14:08:04,578:INFO: [TRAIN] Step: 894 ; Loss: 28.703 ; Acc: 37.151
2018-09-19 14:08:04,680:INFO: [TRAIN] Step: 895 ; Loss: 28.999 ; Acc: 37.151
2018-09-19 14:08:04,770:INFO: [TRAIN] Step: 896 ; Loss: 27.459 ; Acc: 37.170
2018-09-19 14:08:04,866:INFO: [TRAIN] Step: 897 ; Loss: 25.166 ; Acc: 37.194
2018-09-19 14:08:04,957:INFO: [TRAIN] Step: 898 ; Loss: 29.876 ; Acc: 37.208
2018-09-19 14:08:05,057:INFO: [TRAIN] Step: 899 ; Loss: 30.625 ; Acc: 37.204
2018-09-19 14:08:05,147:INFO: [TRAIN] Step: 900 ; Loss: 27.709 ; Acc: 37.199
2018-09-19 14:08:05,261:INFO: [TRAIN] Step: 901 ; Loss: 26.854 ; Acc: 37.209
2018-09-19 14:08:05,371:INFO: [TRAIN] Step: 902 ; Loss: 26.106 ; Acc: 37.209
2018-09-19 14:08:05,470:INFO: [TRAIN] Step: 903 ; Loss: 25.194 ; Acc: 37.233
2018-09-19 14:08:05,558:INFO: [TRAIN] Step: 904 ; Loss: 23.338 ; Acc: 37.265
2018-09-19 14:08:05,656:INFO: [TRAIN] Step: 905 ; Loss: 29.313 ; Acc: 37.265
2018-09-19 14:08:05,765:INFO: [TRAIN] Step: 906 ; Loss: 25.686 ; Acc: 37.266
2018-09-19 14:08:05,860:INFO: [TRAIN] Step: 907 ; Loss: 30.995 ; Acc: 37.266
2018-09-19 14:08:05,949:INFO: [TRAIN] Step: 908 ; Loss: 27.001 ; Acc: 37.271
2018-09-19 14:08:06,045:INFO: [TRAIN] Step: 909 ; Loss: 32.845 ; Acc: 37.262
2018-09-19 14:08:06,134:INFO: [TRAIN] Step: 910 ; Loss: 27.747 ; Acc: 37.248
2018-09-19 14:08:06,252:INFO: [TRAIN] Step: 911 ; Loss: 27.749 ; Acc: 37.253
2018-09-19 14:08:06,339:INFO: [TRAIN] Step: 912 ; Loss: 25.696 ; Acc: 37.267
2018-09-19 14:08:06,437:INFO: [TRAIN] Step: 913 ; Loss: 28.278 ; Acc: 37.254
2018-09-19 14:08:06,526:INFO: [TRAIN] Step: 914 ; Loss: 28.652 ; Acc: 37.254
2018-09-19 14:08:06,623:INFO: [TRAIN] Step: 915 ; Loss: 26.823 ; Acc: 37.263
2018-09-19 14:08:06,722:INFO: [TRAIN] Step: 916 ; Loss: 29.960 ; Acc: 37.255
2018-09-19 14:08:06,842:INFO: [TRAIN] Step: 917 ; Loss: 30.122 ; Acc: 37.264
2018-09-19 14:08:06,936:INFO: [TRAIN] Step: 918 ; Loss: 27.489 ; Acc: 37.251
2018-09-19 14:08:07,040:INFO: [TRAIN] Step: 919 ; Loss: 27.877 ; Acc: 37.264
2018-09-19 14:08:07,147:INFO: [TRAIN] Step: 920 ; Loss: 25.947 ; Acc: 37.269
2018-09-19 14:08:07,260:INFO: [TRAIN] Step: 921 ; Loss: 28.540 ; Acc: 37.265
2018-09-19 14:08:07,357:INFO: [TRAIN] Step: 922 ; Loss: 29.086 ; Acc: 37.265
2018-09-19 14:08:07,452:INFO: [TRAIN] Step: 923 ; Loss: 28.446 ; Acc: 37.279
2018-09-19 14:08:07,549:INFO: [TRAIN] Step: 924 ; Loss: 27.747 ; Acc: 37.279
2018-09-19 14:08:07,643:INFO: [TRAIN] Step: 925 ; Loss: 31.010 ; Acc: 37.280
2018-09-19 14:08:07,739:INFO: [TRAIN] Step: 926 ; Loss: 32.302 ; Acc: 37.253
2018-09-19 14:08:07,827:INFO: [TRAIN] Step: 927 ; Loss: 30.417 ; Acc: 37.267
2018-09-19 14:08:07,929:INFO: [TRAIN] Step: 928 ; Loss: 31.566 ; Acc: 37.244
2018-09-19 14:08:08,022:INFO: [TRAIN] Step: 929 ; Loss: 28.908 ; Acc: 37.236
2018-09-19 14:08:08,117:INFO: [TRAIN] Step: 930 ; Loss: 26.729 ; Acc: 37.245
2018-09-19 14:08:08,213:INFO: [TRAIN] Step: 931 ; Loss: 31.429 ; Acc: 37.223
2018-09-19 14:08:08,308:INFO: [TRAIN] Step: 932 ; Loss: 27.606 ; Acc: 37.219
2018-09-19 14:08:08,402:INFO: [TRAIN] Step: 933 ; Loss: 27.703 ; Acc: 37.219
2018-09-19 14:08:08,504:INFO: [TRAIN] Step: 934 ; Loss: 28.599 ; Acc: 37.228
2018-09-19 14:08:08,594:INFO: [TRAIN] Step: 935 ; Loss: 28.990 ; Acc: 37.224
2018-09-19 14:08:08,700:INFO: [TRAIN] Step: 936 ; Loss: 29.772 ; Acc: 37.211
2018-09-19 14:08:08,797:INFO: [TRAIN] Step: 937 ; Loss: 28.922 ; Acc: 37.216
2018-09-19 14:08:08,894:INFO: [TRAIN] Step: 938 ; Loss: 30.209 ; Acc: 37.212
2018-09-19 14:08:08,980:INFO: [TRAIN] Step: 939 ; Loss: 24.398 ; Acc: 37.216
2018-09-19 14:08:09,075:INFO: [TRAIN] Step: 940 ; Loss: 27.423 ; Acc: 37.225
2018-09-19 14:08:09,164:INFO: [TRAIN] Step: 941 ; Loss: 25.470 ; Acc: 37.235
2018-09-19 14:08:09,259:INFO: [TRAIN] Step: 942 ; Loss: 29.630 ; Acc: 37.239
2018-09-19 14:08:09,347:INFO: [TRAIN] Step: 943 ; Loss: 28.943 ; Acc: 37.244
2018-09-19 14:08:09,445:INFO: [TRAIN] Step: 944 ; Loss: 26.354 ; Acc: 37.257
2018-09-19 14:08:09,543:INFO: [TRAIN] Step: 945 ; Loss: 25.660 ; Acc: 37.267
2018-09-19 14:08:09,647:INFO: [TRAIN] Step: 946 ; Loss: 29.520 ; Acc: 37.258
2018-09-19 14:08:09,744:INFO: [TRAIN] Step: 947 ; Loss: 28.599 ; Acc: 37.263
2018-09-19 14:08:09,850:INFO: [TRAIN] Step: 948 ; Loss: 31.793 ; Acc: 37.259
2018-09-19 14:08:09,939:INFO: [TRAIN] Step: 949 ; Loss: 29.292 ; Acc: 37.276
2018-09-19 14:08:10,035:INFO: [TRAIN] Step: 950 ; Loss: 29.295 ; Acc: 37.285
2018-09-19 14:08:10,126:INFO: [TRAIN] Step: 951 ; Loss: 29.267 ; Acc: 37.277
2018-09-19 14:08:10,220:INFO: [TRAIN] Step: 952 ; Loss: 28.619 ; Acc: 37.290
2018-09-19 14:08:10,307:INFO: [TRAIN] Step: 953 ; Loss: 27.546 ; Acc: 37.295
2018-09-19 14:08:10,400:INFO: [TRAIN] Step: 954 ; Loss: 27.997 ; Acc: 37.291
2018-09-19 14:08:10,488:INFO: [TRAIN] Step: 955 ; Loss: 31.054 ; Acc: 37.286
2018-09-19 14:08:10,585:INFO: [TRAIN] Step: 956 ; Loss: 29.658 ; Acc: 37.278
2018-09-19 14:08:10,674:INFO: [TRAIN] Step: 957 ; Loss: 23.858 ; Acc: 37.296
2018-09-19 14:08:10,771:INFO: [TRAIN] Step: 958 ; Loss: 27.579 ; Acc: 37.313
2018-09-19 14:08:10,863:INFO: [TRAIN] Step: 959 ; Loss: 30.454 ; Acc: 37.300
2018-09-19 14:08:10,955:INFO: [TRAIN] Step: 960 ; Loss: 25.688 ; Acc: 37.301
2018-09-19 14:08:11,046:INFO: [TRAIN] Step: 961 ; Loss: 30.120 ; Acc: 37.279
2018-09-19 14:08:11,144:INFO: [TRAIN] Step: 962 ; Loss: 32.342 ; Acc: 37.284
2018-09-19 14:08:11,231:INFO: [TRAIN] Step: 963 ; Loss: 26.917 ; Acc: 37.280
2018-09-19 14:08:11,325:INFO: [TRAIN] Step: 964 ; Loss: 25.854 ; Acc: 37.280
2018-09-19 14:08:11,409:INFO: [TRAIN] Step: 965 ; Loss: 28.537 ; Acc: 37.297
2018-09-19 14:08:11,502:INFO: [TRAIN] Step: 966 ; Loss: 27.799 ; Acc: 37.302
2018-09-19 14:08:11,587:INFO: [TRAIN] Step: 967 ; Loss: 29.270 ; Acc: 37.306
2018-09-19 14:08:11,682:INFO: [TRAIN] Step: 968 ; Loss: 33.048 ; Acc: 37.302
2018-09-19 14:08:11,769:INFO: [TRAIN] Step: 969 ; Loss: 27.332 ; Acc: 37.311
2018-09-19 14:08:11,862:INFO: [TRAIN] Step: 970 ; Loss: 34.455 ; Acc: 37.303
2018-09-19 14:08:11,950:INFO: [TRAIN] Step: 971 ; Loss: 28.429 ; Acc: 37.324
2018-09-19 14:08:12,045:INFO: [TRAIN] Step: 972 ; Loss: 24.780 ; Acc: 37.350
2018-09-19 14:08:12,137:INFO: [TRAIN] Step: 973 ; Loss: 26.169 ; Acc: 37.367
2018-09-19 14:08:12,229:INFO: [TRAIN] Step: 974 ; Loss: 30.045 ; Acc: 37.359
2018-09-19 14:08:12,316:INFO: [TRAIN] Step: 975 ; Loss: 29.476 ; Acc: 37.368
2018-09-19 14:08:12,413:INFO: [TRAIN] Step: 976 ; Loss: 28.297 ; Acc: 37.368
2018-09-19 14:08:12,502:INFO: [TRAIN] Step: 977 ; Loss: 26.330 ; Acc: 37.372
2018-09-19 14:08:12,599:INFO: [TRAIN] Step: 978 ; Loss: 27.052 ; Acc: 37.377
2018-09-19 14:08:12,687:INFO: [TRAIN] Step: 979 ; Loss: 25.361 ; Acc: 37.389
2018-09-19 14:08:12,783:INFO: [TRAIN] Step: 980 ; Loss: 29.089 ; Acc: 37.373
2018-09-19 14:08:12,871:INFO: [TRAIN] Step: 981 ; Loss: 29.700 ; Acc: 37.368
2018-09-19 14:08:12,969:INFO: [TRAIN] Step: 982 ; Loss: 29.244 ; Acc: 37.373
2018-09-19 14:08:13,058:INFO: [TRAIN] Step: 983 ; Loss: 31.790 ; Acc: 37.360
2018-09-19 14:08:13,150:INFO: [TRAIN] Step: 984 ; Loss: 29.814 ; Acc: 37.356
2018-09-19 14:08:13,240:INFO: [TRAIN] Step: 985 ; Loss: 28.660 ; Acc: 37.348
2018-09-19 14:08:13,333:INFO: [TRAIN] Step: 986 ; Loss: 30.389 ; Acc: 37.344
2018-09-19 14:08:13,419:INFO: [TRAIN] Step: 987 ; Loss: 27.193 ; Acc: 37.327
2018-09-19 14:08:13,513:INFO: [TRAIN] Step: 988 ; Loss: 30.252 ; Acc: 37.327
2018-09-19 14:08:13,602:INFO: [TRAIN] Step: 989 ; Loss: 29.161 ; Acc: 37.327
2018-09-19 14:08:13,695:INFO: [TRAIN] Step: 990 ; Loss: 28.054 ; Acc: 37.328
2018-09-19 14:08:13,785:INFO: [TRAIN] Step: 991 ; Loss: 27.360 ; Acc: 37.349
2018-09-19 14:08:13,882:INFO: [TRAIN] Step: 992 ; Loss: 29.179 ; Acc: 37.345
2018-09-19 14:08:13,970:INFO: [TRAIN] Step: 993 ; Loss: 27.171 ; Acc: 37.353
2018-09-19 14:08:14,066:INFO: [TRAIN] Step: 994 ; Loss: 29.552 ; Acc: 37.345
2018-09-19 14:08:14,151:INFO: [TRAIN] Step: 995 ; Loss: 30.823 ; Acc: 37.370
2018-09-19 14:08:14,248:INFO: [TRAIN] Step: 996 ; Loss: 26.642 ; Acc: 37.379
2018-09-19 14:08:14,334:INFO: [TRAIN] Step: 997 ; Loss: 29.925 ; Acc: 37.391
2018-09-19 14:08:14,429:INFO: [TRAIN] Step: 998 ; Loss: 29.856 ; Acc: 37.392
2018-09-19 14:08:14,515:INFO: [TRAIN] Step: 999 ; Loss: 30.509 ; Acc: 37.375
2018-09-19 14:08:14,610:INFO: [TRAIN] Step: 1000 ; Loss: 28.532 ; Acc: 37.379
2018-09-19 14:08:14,698:INFO: [TRAIN] Step: 1001 ; Loss: 29.375 ; Acc: 37.375
2018-09-19 14:08:14,798:INFO: [TRAIN] Step: 1002 ; Loss: 27.860 ; Acc: 37.371
2018-09-19 14:08:14,883:INFO: [TRAIN] Step: 1003 ; Loss: 26.672 ; Acc: 37.367
2018-09-19 14:08:14,979:INFO: [TRAIN] Step: 1004 ; Loss: 29.319 ; Acc: 37.376
2018-09-19 14:08:15,064:INFO: [TRAIN] Step: 1005 ; Loss: 27.911 ; Acc: 37.388
2018-09-19 14:08:15,158:INFO: [TRAIN] Step: 1006 ; Loss: 29.165 ; Acc: 37.401
2018-09-19 14:08:15,246:INFO: [TRAIN] Step: 1007 ; Loss: 27.692 ; Acc: 37.413
2018-09-19 14:08:15,340:INFO: [TRAIN] Step: 1008 ; Loss: 29.254 ; Acc: 37.417
2018-09-19 14:08:15,426:INFO: [TRAIN] Step: 1009 ; Loss: 30.078 ; Acc: 37.405
2018-09-19 14:08:15,523:INFO: [TRAIN] Step: 1010 ; Loss: 31.894 ; Acc: 37.389
2018-09-19 14:08:15,608:INFO: [TRAIN] Step: 1011 ; Loss: 27.079 ; Acc: 37.389
2018-09-19 14:08:15,701:INFO: [TRAIN] Step: 1012 ; Loss: 25.058 ; Acc: 37.393
2018-09-19 14:08:15,787:INFO: [TRAIN] Step: 1013 ; Loss: 31.237 ; Acc: 37.385
2018-09-19 14:08:15,885:INFO: [TRAIN] Step: 1014 ; Loss: 30.149 ; Acc: 37.389
2018-09-19 14:08:15,970:INFO: [TRAIN] Step: 1015 ; Loss: 29.422 ; Acc: 37.385
2018-09-19 14:08:16,062:INFO: [TRAIN] Step: 1016 ; Loss: 29.209 ; Acc: 37.377
2018-09-19 14:08:16,150:INFO: [TRAIN] Step: 1017 ; Loss: 30.766 ; Acc: 37.365
2018-09-19 14:08:16,239:INFO: [TRAIN] Step: 1018 ; Loss: 25.589 ; Acc: 37.386
2018-09-19 14:08:16,328:INFO: [TRAIN] Step: 1019 ; Loss: 25.727 ; Acc: 37.402
2018-09-19 14:08:16,421:INFO: [TRAIN] Step: 1020 ; Loss: 32.243 ; Acc: 37.398
2018-09-19 14:08:16,506:INFO: [TRAIN] Step: 1021 ; Loss: 28.251 ; Acc: 37.402
2018-09-19 14:08:16,597:INFO: [TRAIN] Step: 1022 ; Loss: 26.577 ; Acc: 37.402
2018-09-19 14:08:16,683:INFO: [TRAIN] Step: 1023 ; Loss: 26.908 ; Acc: 37.410
2018-09-19 14:08:16,778:INFO: [TRAIN] Step: 1024 ; Loss: 28.675 ; Acc: 37.394
2018-09-19 14:08:16,866:INFO: [TRAIN] Step: 1025 ; Loss: 29.401 ; Acc: 37.403
2018-09-19 14:08:16,960:INFO: [TRAIN] Step: 1026 ; Loss: 26.281 ; Acc: 37.407
2018-09-19 14:08:17,045:INFO: [TRAIN] Step: 1027 ; Loss: 27.466 ; Acc: 37.419
2018-09-19 14:08:17,137:INFO: [TRAIN] Step: 1028 ; Loss: 25.476 ; Acc: 37.431
2018-09-19 14:08:17,228:INFO: [TRAIN] Step: 1029 ; Loss: 27.581 ; Acc: 37.439
2018-09-19 14:08:17,320:INFO: [TRAIN] Step: 1030 ; Loss: 32.558 ; Acc: 37.439
2018-09-19 14:08:17,406:INFO: [TRAIN] Step: 1031 ; Loss: 27.435 ; Acc: 37.439
2018-09-19 14:08:17,501:INFO: [TRAIN] Step: 1032 ; Loss: 27.548 ; Acc: 37.448
2018-09-19 14:08:17,590:INFO: [TRAIN] Step: 1033 ; Loss: 29.501 ; Acc: 37.464
2018-09-19 14:08:17,691:INFO: [TRAIN] Step: 1034 ; Loss: 22.916 ; Acc: 37.484
2018-09-19 14:08:17,777:INFO: [TRAIN] Step: 1035 ; Loss: 24.831 ; Acc: 37.496
2018-09-19 14:08:17,869:INFO: [TRAIN] Step: 1036 ; Loss: 29.289 ; Acc: 37.496
2018-09-19 14:08:17,956:INFO: [TRAIN] Step: 1037 ; Loss: 28.587 ; Acc: 37.496
2018-09-19 14:08:18,051:INFO: [TRAIN] Step: 1038 ; Loss: 27.474 ; Acc: 37.512
2018-09-19 14:08:18,138:INFO: [TRAIN] Step: 1039 ; Loss: 28.342 ; Acc: 37.512
2018-09-19 14:08:18,229:INFO: [TRAIN] Step: 1040 ; Loss: 27.762 ; Acc: 37.512
2018-09-19 14:08:18,320:INFO: [TRAIN] Step: 1041 ; Loss: 26.042 ; Acc: 37.524
2018-09-19 14:08:18,418:INFO: [TRAIN] Step: 1042 ; Loss: 32.083 ; Acc: 37.520
2018-09-19 14:08:18,505:INFO: [TRAIN] Step: 1043 ; Loss: 31.709 ; Acc: 37.516
2018-09-19 14:08:18,598:INFO: [TRAIN] Step: 1044 ; Loss: 31.006 ; Acc: 37.516
2018-09-19 14:08:18,685:INFO: [TRAIN] Step: 1045 ; Loss: 32.115 ; Acc: 37.496
2018-09-19 14:08:18,778:INFO: [TRAIN] Step: 1046 ; Loss: 28.105 ; Acc: 37.492
2018-09-19 14:08:18,867:INFO: [TRAIN] Step: 1047 ; Loss: 27.069 ; Acc: 37.488
2018-09-19 14:08:18,959:INFO: [TRAIN] Step: 1048 ; Loss: 28.790 ; Acc: 37.484
2018-09-19 14:08:19,047:INFO: [TRAIN] Step: 1049 ; Loss: 30.015 ; Acc: 37.472
2018-09-19 14:08:19,144:INFO: [TRAIN] Step: 1050 ; Loss: 27.246 ; Acc: 37.492
2018-09-19 14:08:19,229:INFO: [TRAIN] Step: 1051 ; Loss: 26.086 ; Acc: 37.496
2018-09-19 14:08:19,320:INFO: [TRAIN] Step: 1052 ; Loss: 27.147 ; Acc: 37.520
2018-09-19 14:08:19,406:INFO: [TRAIN] Step: 1053 ; Loss: 30.346 ; Acc: 37.520
2018-09-19 14:08:19,498:INFO: [TRAIN] Step: 1054 ; Loss: 31.241 ; Acc: 37.504
2018-09-19 14:08:19,585:INFO: [TRAIN] Step: 1055 ; Loss: 24.600 ; Acc: 37.520
2018-09-19 14:08:19,679:INFO: [TRAIN] Step: 1056 ; Loss: 28.369 ; Acc: 37.512
2018-09-19 14:08:19,768:INFO: [TRAIN] Step: 1057 ; Loss: 31.168 ; Acc: 37.504
2018-09-19 14:08:19,860:INFO: [TRAIN] Step: 1058 ; Loss: 33.728 ; Acc: 37.500
2018-09-19 14:08:19,947:INFO: [TRAIN] Step: 1059 ; Loss: 24.666 ; Acc: 37.508
2018-09-19 14:08:20,041:INFO: [TRAIN] Step: 1060 ; Loss: 25.877 ; Acc: 37.524
2018-09-19 14:08:20,129:INFO: [TRAIN] Step: 1061 ; Loss: 29.680 ; Acc: 37.527
2018-09-19 14:08:20,218:INFO: [TRAIN] Step: 1062 ; Loss: 29.086 ; Acc: 37.508
2018-09-19 14:08:20,307:INFO: [TRAIN] Step: 1063 ; Loss: 27.049 ; Acc: 37.504
2018-09-19 14:08:20,400:INFO: [TRAIN] Step: 1064 ; Loss: 24.345 ; Acc: 37.508
2018-09-19 14:08:20,486:INFO: [TRAIN] Step: 1065 ; Loss: 28.753 ; Acc: 37.504
2018-09-19 14:08:20,580:INFO: [TRAIN] Step: 1066 ; Loss: 26.171 ; Acc: 37.512
2018-09-19 14:08:20,668:INFO: [TRAIN] Step: 1067 ; Loss: 28.693 ; Acc: 37.504
2018-09-19 14:08:20,760:INFO: [TRAIN] Step: 1068 ; Loss: 26.496 ; Acc: 37.500
2018-09-19 14:08:20,847:INFO: [TRAIN] Step: 1069 ; Loss: 29.542 ; Acc: 37.500
2018-09-19 14:08:20,940:INFO: [TRAIN] Step: 1070 ; Loss: 33.163 ; Acc: 37.500
2018-09-19 14:08:21,030:INFO: [TRAIN] Step: 1071 ; Loss: 28.685 ; Acc: 37.519
2018-09-19 14:08:21,123:INFO: [TRAIN] Step: 1072 ; Loss: 26.843 ; Acc: 37.516
2018-09-19 14:08:21,208:INFO: [TRAIN] Step: 1073 ; Loss: 25.226 ; Acc: 37.527
2018-09-19 14:08:21,300:INFO: [TRAIN] Step: 1074 ; Loss: 29.485 ; Acc: 37.516
2018-09-19 14:08:21,389:INFO: [TRAIN] Step: 1075 ; Loss: 28.445 ; Acc: 37.523
2018-09-19 14:08:21,479:INFO: [TRAIN] Step: 1076 ; Loss: 25.589 ; Acc: 37.515
2018-09-19 14:08:21,563:INFO: [TRAIN] Step: 1077 ; Loss: 27.781 ; Acc: 37.523
2018-09-19 14:08:21,654:INFO: [TRAIN] Step: 1078 ; Loss: 28.286 ; Acc: 37.531
2018-09-19 14:08:21,740:INFO: [TRAIN] Step: 1079 ; Loss: 30.853 ; Acc: 37.527
2018-09-19 14:08:21,831:INFO: [TRAIN] Step: 1080 ; Loss: 27.531 ; Acc: 37.539
2018-09-19 14:08:21,915:INFO: [TRAIN] Step: 1081 ; Loss: 29.242 ; Acc: 37.539
2018-09-19 14:08:22,015:INFO: [TRAIN] Step: 1082 ; Loss: 30.914 ; Acc: 37.527
2018-09-19 14:08:22,100:INFO: [TRAIN] Step: 1083 ; Loss: 27.510 ; Acc: 37.531
2018-09-19 14:08:22,192:INFO: [TRAIN] Step: 1084 ; Loss: 24.885 ; Acc: 37.531
2018-09-19 14:08:22,280:INFO: [TRAIN] Step: 1085 ; Loss: 30.692 ; Acc: 37.519
2018-09-19 14:08:22,375:INFO: [TRAIN] Step: 1086 ; Loss: 29.298 ; Acc: 37.496
2018-09-19 14:08:22,462:INFO: [TRAIN] Step: 1087 ; Loss: 30.403 ; Acc: 37.511
2018-09-19 14:08:22,552:INFO: [TRAIN] Step: 1088 ; Loss: 29.425 ; Acc: 37.500
2018-09-19 14:08:22,642:INFO: [TRAIN] Step: 1089 ; Loss: 30.086 ; Acc: 37.500
2018-09-19 14:08:22,733:INFO: [TRAIN] Step: 1090 ; Loss: 27.999 ; Acc: 37.500
2018-09-19 14:08:22,820:INFO: [TRAIN] Step: 1091 ; Loss: 26.507 ; Acc: 37.500
2018-09-19 14:08:22,912:INFO: [TRAIN] Step: 1092 ; Loss: 29.680 ; Acc: 37.500
2018-09-19 14:08:22,996:INFO: [TRAIN] Step: 1093 ; Loss: 28.587 ; Acc: 37.508
2018-09-19 14:08:23,091:INFO: [TRAIN] Step: 1094 ; Loss: 24.323 ; Acc: 37.519
2018-09-19 14:08:23,177:INFO: [TRAIN] Step: 1095 ; Loss: 25.643 ; Acc: 37.542
2018-09-19 14:08:23,270:INFO: [TRAIN] Step: 1096 ; Loss: 32.353 ; Acc: 37.542
2018-09-19 14:08:23,357:INFO: [TRAIN] Step: 1097 ; Loss: 27.714 ; Acc: 37.546
2018-09-19 14:08:23,449:INFO: [TRAIN] Step: 1098 ; Loss: 31.799 ; Acc: 37.530
2018-09-19 14:08:23,538:INFO: [TRAIN] Step: 1099 ; Loss: 24.719 ; Acc: 37.534
2018-09-19 14:08:23,634:INFO: [TRAIN] Step: 1100 ; Loss: 28.094 ; Acc: 37.534
2018-09-19 14:08:23,723:INFO: [TRAIN] Step: 1101 ; Loss: 29.641 ; Acc: 37.534
2018-09-19 14:08:23,818:INFO: [TRAIN] Step: 1102 ; Loss: 27.957 ; Acc: 37.526
2018-09-19 14:08:23,907:INFO: [TRAIN] Step: 1103 ; Loss: 30.723 ; Acc: 37.530
2018-09-19 14:08:24,000:INFO: [TRAIN] Step: 1104 ; Loss: 26.215 ; Acc: 37.534
2018-09-19 14:08:24,086:INFO: [TRAIN] Step: 1105 ; Loss: 26.049 ; Acc: 37.534
2018-09-19 14:08:24,178:INFO: [TRAIN] Step: 1106 ; Loss: 29.330 ; Acc: 37.534
2018-09-19 14:08:24,263:INFO: [TRAIN] Step: 1107 ; Loss: 23.567 ; Acc: 37.556
2018-09-19 14:08:24,359:INFO: [TRAIN] Step: 1108 ; Loss: 27.465 ; Acc: 37.556
2018-09-19 14:08:24,448:INFO: [TRAIN] Step: 1109 ; Loss: 24.424 ; Acc: 37.553
2018-09-19 14:08:24,538:INFO: [TRAIN] Step: 1110 ; Loss: 33.191 ; Acc: 37.549
2018-09-19 14:08:24,628:INFO: [TRAIN] Step: 1111 ; Loss: 28.236 ; Acc: 37.545
2018-09-19 14:08:24,727:INFO: [TRAIN] Step: 1112 ; Loss: 31.576 ; Acc: 37.549
2018-09-19 14:08:24,814:INFO: [TRAIN] Step: 1113 ; Loss: 27.148 ; Acc: 37.545
2018-09-19 14:08:24,906:INFO: [TRAIN] Step: 1114 ; Loss: 29.740 ; Acc: 37.541
2018-09-19 14:08:24,992:INFO: [TRAIN] Step: 1115 ; Loss: 27.940 ; Acc: 37.534
2018-09-19 14:08:25,085:INFO: [TRAIN] Step: 1116 ; Loss: 26.543 ; Acc: 37.534
2018-09-19 14:08:25,174:INFO: [TRAIN] Step: 1117 ; Loss: 31.530 ; Acc: 37.526
2018-09-19 14:08:25,267:INFO: [TRAIN] Step: 1118 ; Loss: 25.844 ; Acc: 37.530
2018-09-19 14:08:25,365:INFO: [TRAIN] Step: 1119 ; Loss: 27.077 ; Acc: 37.537
2018-09-19 14:08:25,463:INFO: [TRAIN] Step: 1120 ; Loss: 29.245 ; Acc: 37.526
2018-09-19 14:08:25,554:INFO: [TRAIN] Step: 1121 ; Loss: 30.740 ; Acc: 37.511
2018-09-19 14:08:25,648:INFO: [TRAIN] Step: 1122 ; Loss: 30.184 ; Acc: 37.507
2018-09-19 14:08:25,736:INFO: [TRAIN] Step: 1123 ; Loss: 26.349 ; Acc: 37.511
2018-09-19 14:08:25,828:INFO: [TRAIN] Step: 1124 ; Loss: 36.441 ; Acc: 37.496
2018-09-19 14:08:25,918:INFO: [TRAIN] Step: 1125 ; Loss: 28.869 ; Acc: 37.511
2018-09-19 14:08:26,014:INFO: [TRAIN] Step: 1126 ; Loss: 29.817 ; Acc: 37.511
2018-09-19 14:08:26,102:INFO: [TRAIN] Step: 1127 ; Loss: 27.379 ; Acc: 37.522
2018-09-19 14:08:26,194:INFO: [TRAIN] Step: 1128 ; Loss: 30.141 ; Acc: 37.507
2018-09-19 14:08:26,284:INFO: [TRAIN] Step: 1129 ; Loss: 25.200 ; Acc: 37.511
2018-09-19 14:08:26,375:INFO: [TRAIN] Step: 1130 ; Loss: 28.431 ; Acc: 37.511
2018-09-19 14:08:26,463:INFO: [TRAIN] Step: 1131 ; Loss: 28.060 ; Acc: 37.515
2018-09-19 14:08:26,554:INFO: [TRAIN] Step: 1132 ; Loss: 28.910 ; Acc: 37.522
2018-09-19 14:08:26,643:INFO: [TRAIN] Step: 1133 ; Loss: 30.722 ; Acc: 37.522
2018-09-19 14:08:26,737:INFO: [TRAIN] Step: 1134 ; Loss: 33.215 ; Acc: 37.511
2018-09-19 14:08:26,822:INFO: [TRAIN] Step: 1135 ; Loss: 31.330 ; Acc: 37.496
2018-09-19 14:08:26,916:INFO: [TRAIN] Step: 1136 ; Loss: 26.617 ; Acc: 37.507
2018-09-19 14:08:27,007:INFO: [TRAIN] Step: 1137 ; Loss: 29.984 ; Acc: 37.500
2018-09-19 14:08:27,101:INFO: [TRAIN] Step: 1138 ; Loss: 29.430 ; Acc: 37.504
2018-09-19 14:08:27,188:INFO: [TRAIN] Step: 1139 ; Loss: 26.623 ; Acc: 37.504
2018-09-19 14:08:27,280:INFO: [TRAIN] Step: 1140 ; Loss: 24.874 ; Acc: 37.518
2018-09-19 14:08:27,372:INFO: [TRAIN] Step: 1141 ; Loss: 25.856 ; Acc: 37.533
2018-09-19 14:08:27,466:INFO: [TRAIN] Step: 1142 ; Loss: 28.092 ; Acc: 37.547
2018-09-19 14:08:27,552:INFO: [TRAIN] Step: 1143 ; Loss: 29.765 ; Acc: 37.551
2018-09-19 14:08:27,647:INFO: [TRAIN] Step: 1144 ; Loss: 28.797 ; Acc: 37.540
2018-09-19 14:08:27,733:INFO: [TRAIN] Step: 1145 ; Loss: 29.815 ; Acc: 37.547
2018-09-19 14:08:27,825:INFO: [TRAIN] Step: 1146 ; Loss: 31.148 ; Acc: 37.547
2018-09-19 14:08:27,913:INFO: [TRAIN] Step: 1147 ; Loss: 29.827 ; Acc: 37.551
2018-09-19 14:08:28,006:INFO: [TRAIN] Step: 1148 ; Loss: 26.062 ; Acc: 37.562
2018-09-19 14:08:28,094:INFO: [TRAIN] Step: 1149 ; Loss: 30.702 ; Acc: 37.543
2018-09-19 14:08:28,190:INFO: [TRAIN] Step: 1150 ; Loss: 30.438 ; Acc: 37.551
2018-09-19 14:08:28,278:INFO: [TRAIN] Step: 1151 ; Loss: 26.752 ; Acc: 37.576
2018-09-19 14:08:28,371:INFO: [TRAIN] Step: 1152 ; Loss: 27.216 ; Acc: 37.583
2018-09-19 14:08:28,462:INFO: [TRAIN] Step: 1153 ; Loss: 27.573 ; Acc: 37.605
2018-09-19 14:08:28,556:INFO: [TRAIN] Step: 1154 ; Loss: 29.070 ; Acc: 37.608
2018-09-19 14:08:28,642:INFO: [TRAIN] Step: 1155 ; Loss: 26.827 ; Acc: 37.612
2018-09-19 14:08:28,733:INFO: [TRAIN] Step: 1156 ; Loss: 28.094 ; Acc: 37.619
2018-09-19 14:08:28,820:INFO: [TRAIN] Step: 1157 ; Loss: 27.336 ; Acc: 37.640
2018-09-19 14:08:28,912:INFO: [TRAIN] Step: 1158 ; Loss: 29.386 ; Acc: 37.647
2018-09-19 14:08:29,001:INFO: [TRAIN] Step: 1159 ; Loss: 33.473 ; Acc: 37.636
2018-09-19 14:08:29,093:INFO: [TRAIN] Step: 1160 ; Loss: 24.954 ; Acc: 37.636
2018-09-19 14:08:29,179:INFO: [TRAIN] Step: 1161 ; Loss: 27.368 ; Acc: 37.633
2018-09-19 14:08:29,272:INFO: [TRAIN] Step: 1162 ; Loss: 25.231 ; Acc: 37.629
2018-09-19 14:08:29,363:INFO: [TRAIN] Step: 1163 ; Loss: 27.576 ; Acc: 37.640
2018-09-19 14:08:29,458:INFO: [TRAIN] Step: 1164 ; Loss: 23.969 ; Acc: 37.639
2018-09-19 14:08:29,547:INFO: [TRAIN] Step: 1165 ; Loss: 25.448 ; Acc: 37.654
2018-09-19 14:08:29,643:INFO: [TRAIN] Step: 1166 ; Loss: 26.089 ; Acc: 37.664
2018-09-19 14:08:29,729:INFO: [TRAIN] Step: 1167 ; Loss: 24.792 ; Acc: 37.671
2018-09-19 14:08:29,824:INFO: [TRAIN] Step: 1168 ; Loss: 26.915 ; Acc: 37.685
2018-09-19 14:08:29,913:INFO: [TRAIN] Step: 1169 ; Loss: 29.497 ; Acc: 37.682
2018-09-19 14:08:30,005:INFO: [TRAIN] Step: 1170 ; Loss: 28.552 ; Acc: 37.692
2018-09-19 14:08:30,093:INFO: [TRAIN] Step: 1171 ; Loss: 27.124 ; Acc: 37.713
2018-09-19 14:08:30,186:INFO: [TRAIN] Step: 1172 ; Loss: 27.040 ; Acc: 37.724
2018-09-19 14:08:30,273:INFO: [TRAIN] Step: 1173 ; Loss: 30.702 ; Acc: 37.734
2018-09-19 14:08:30,367:INFO: [TRAIN] Step: 1174 ; Loss: 28.697 ; Acc: 37.738
2018-09-19 14:08:30,458:INFO: [TRAIN] Step: 1175 ; Loss: 28.692 ; Acc: 37.737
2018-09-19 14:08:30,552:INFO: [TRAIN] Step: 1176 ; Loss: 29.330 ; Acc: 37.734
2018-09-19 14:08:30,638:INFO: [TRAIN] Step: 1177 ; Loss: 28.174 ; Acc: 37.744
2018-09-19 14:08:30,730:INFO: [TRAIN] Step: 1178 ; Loss: 30.798 ; Acc: 37.730
2018-09-19 14:08:30,819:INFO: [TRAIN] Step: 1179 ; Loss: 27.957 ; Acc: 37.733
2018-09-19 14:08:30,911:INFO: [TRAIN] Step: 1180 ; Loss: 24.626 ; Acc: 37.750
2018-09-19 14:08:31,000:INFO: [TRAIN] Step: 1181 ; Loss: 26.258 ; Acc: 37.757
2018-09-19 14:08:31,094:INFO: [TRAIN] Step: 1182 ; Loss: 30.063 ; Acc: 37.754
2018-09-19 14:08:31,180:INFO: [TRAIN] Step: 1183 ; Loss: 29.442 ; Acc: 37.760
2018-09-19 14:08:31,273:INFO: [TRAIN] Step: 1184 ; Loss: 26.860 ; Acc: 37.771
2018-09-19 14:08:31,362:INFO: [TRAIN] Step: 1185 ; Loss: 27.940 ; Acc: 37.767
2018-09-19 14:08:31,457:INFO: [TRAIN] Step: 1186 ; Loss: 25.991 ; Acc: 37.770
2018-09-19 14:08:31,542:INFO: [TRAIN] Step: 1187 ; Loss: 30.454 ; Acc: 37.763
2018-09-19 14:08:31,634:INFO: [TRAIN] Step: 1188 ; Loss: 26.808 ; Acc: 37.756
2018-09-19 14:08:31,727:INFO: [TRAIN] Step: 1189 ; Loss: 25.765 ; Acc: 37.773
2018-09-19 14:08:37,074:INFO: [EVAL] Step: 1190 ; Loss: 0.294 ; Acc: 0.402
