2018-09-20 13:16:59,872:INFO: ### Model ###
LeNet5(
  (convnet): Sequential(
    (0): Conv2d(1, 6, kernel_size=(5, 5), stride=(1, 1))
    (1): ReLU()
    (2): MaxPool2d(kernel_size=(2, 2), stride=2, padding=0, dilation=1, ceil_mode=False)
    (3): Conv2d(6, 16, kernel_size=(5, 5), stride=(1, 1))
    (4): ReLU()
    (5): MaxPool2d(kernel_size=(2, 2), stride=2, padding=0, dilation=1, ceil_mode=False)
    (6): Conv2d(16, 120, kernel_size=(5, 5), stride=(1, 1))
    (7): ReLU()
    (8): Conv2d(120, 240, kernel_size=(5, 5), stride=(1, 1))
    (9): ReLU()
  )
  (fc): Sequential(
    (0): Linear(in_features=240, out_features=84, bias=True)
    (1): ReLU()
    (2): Linear(in_features=84, out_features=10, bias=True)
  )
)
2018-09-20 13:16:59,872:INFO: ### Optimizer ###
Adam (
Parameter Group 0
    amsgrad: False
    betas: (0.9, 0.999)
    eps: 1e-08
    lr: 0.001
    weight_decay: 1e-05
)
2018-09-20 13:16:59,872:INFO: ### Scheduler ###
<torch.optim.lr_scheduler.ReduceLROnPlateau object at 0x10fde3ac8>
2018-09-20 13:16:59,873:INFO: ### HParams ###
n_epochs: 10 ; data: ferplus ; label: ferplus_votes ; batch_size: 24 ; lr: 0.001 ; wd: 1e-05 ; init: kaiming_he ; scheduler_patience: 5 ; scheduler_factor: 0.5 ; eval_steps: 1190
2018-09-20 13:17:00,081:INFO: [TRAIN] Step: 0 ; Loss: 52.042 ; Acc: 20.833
2018-09-20 13:17:00,197:INFO: [TRAIN] Step: 1 ; Loss: 47.926 ; Acc: 29.167
2018-09-20 13:17:00,297:INFO: [TRAIN] Step: 2 ; Loss: 49.623 ; Acc: 23.611
2018-09-20 13:17:00,391:INFO: [TRAIN] Step: 3 ; Loss: 30.619 ; Acc: 26.042
2018-09-20 13:17:00,481:INFO: [TRAIN] Step: 4 ; Loss: 32.079 ; Acc: 28.333
2018-09-20 13:17:00,564:INFO: [TRAIN] Step: 5 ; Loss: 30.614 ; Acc: 31.250
2018-09-20 13:17:00,648:INFO: [TRAIN] Step: 6 ; Loss: 31.592 ; Acc: 34.524
2018-09-20 13:17:00,732:INFO: [TRAIN] Step: 7 ; Loss: 26.480 ; Acc: 37.500
2018-09-20 13:17:00,819:INFO: [TRAIN] Step: 8 ; Loss: 29.550 ; Acc: 38.889
2018-09-20 13:17:00,906:INFO: [TRAIN] Step: 9 ; Loss: 26.364 ; Acc: 39.167
2018-09-20 13:17:01,000:INFO: [TRAIN] Step: 10 ; Loss: 26.855 ; Acc: 40.152
2018-09-20 13:17:01,082:INFO: [TRAIN] Step: 11 ; Loss: 32.358 ; Acc: 38.889
2018-09-20 13:17:01,176:INFO: [TRAIN] Step: 12 ; Loss: 32.055 ; Acc: 37.821
2018-09-20 13:17:01,259:INFO: [TRAIN] Step: 13 ; Loss: 30.880 ; Acc: 37.500
2018-09-20 13:17:01,347:INFO: [TRAIN] Step: 14 ; Loss: 29.640 ; Acc: 37.500
2018-09-20 13:17:01,450:INFO: [TRAIN] Step: 15 ; Loss: 28.725 ; Acc: 38.021
2018-09-20 13:17:01,572:INFO: [TRAIN] Step: 16 ; Loss: 27.993 ; Acc: 37.990
2018-09-20 13:17:01,677:INFO: [TRAIN] Step: 17 ; Loss: 32.777 ; Acc: 37.963
2018-09-20 13:17:01,783:INFO: [TRAIN] Step: 18 ; Loss: 28.421 ; Acc: 38.377
2018-09-20 13:17:01,902:INFO: [TRAIN] Step: 19 ; Loss: 28.353 ; Acc: 37.917
2018-09-20 13:17:02,019:INFO: [TRAIN] Step: 20 ; Loss: 24.635 ; Acc: 37.500
2018-09-20 13:17:02,138:INFO: [TRAIN] Step: 21 ; Loss: 28.653 ; Acc: 37.689
2018-09-20 13:17:02,283:INFO: [TRAIN] Step: 22 ; Loss: 29.770 ; Acc: 37.319
2018-09-20 13:17:02,413:INFO: [TRAIN] Step: 23 ; Loss: 27.271 ; Acc: 37.326
2018-09-20 13:17:02,540:INFO: [TRAIN] Step: 24 ; Loss: 24.756 ; Acc: 37.667
2018-09-20 13:17:02,655:INFO: [TRAIN] Step: 25 ; Loss: 31.037 ; Acc: 37.019
2018-09-20 13:17:02,772:INFO: [TRAIN] Step: 26 ; Loss: 27.378 ; Acc: 36.883
2018-09-20 13:17:02,890:INFO: [TRAIN] Step: 27 ; Loss: 30.524 ; Acc: 37.054
2018-09-20 13:17:03,012:INFO: [TRAIN] Step: 28 ; Loss: 28.093 ; Acc: 37.213
2018-09-20 13:17:03,131:INFO: [TRAIN] Step: 29 ; Loss: 28.112 ; Acc: 37.222
2018-09-20 13:17:03,251:INFO: [TRAIN] Step: 30 ; Loss: 27.638 ; Acc: 37.366
2018-09-20 13:17:03,374:INFO: [TRAIN] Step: 31 ; Loss: 28.799 ; Acc: 37.109
2018-09-20 13:17:03,463:INFO: [TRAIN] Step: 32 ; Loss: 29.813 ; Acc: 37.121
2018-09-20 13:17:03,545:INFO: [TRAIN] Step: 33 ; Loss: 25.338 ; Acc: 37.745
2018-09-20 13:17:03,635:INFO: [TRAIN] Step: 34 ; Loss: 27.053 ; Acc: 37.619
2018-09-20 13:17:03,718:INFO: [TRAIN] Step: 35 ; Loss: 30.508 ; Acc: 37.616
2018-09-20 13:17:03,808:INFO: [TRAIN] Step: 36 ; Loss: 27.329 ; Acc: 37.500
2018-09-20 13:17:03,893:INFO: [TRAIN] Step: 37 ; Loss: 29.670 ; Acc: 37.390
2018-09-20 13:17:04,001:INFO: [TRAIN] Step: 38 ; Loss: 32.044 ; Acc: 37.393
2018-09-20 13:17:04,102:INFO: [TRAIN] Step: 39 ; Loss: 29.722 ; Acc: 37.500
2018-09-20 13:17:04,192:INFO: [TRAIN] Step: 40 ; Loss: 28.258 ; Acc: 37.195
2018-09-20 13:17:04,279:INFO: [TRAIN] Step: 41 ; Loss: 29.549 ; Acc: 37.599
2018-09-20 13:17:04,366:INFO: [TRAIN] Step: 42 ; Loss: 28.696 ; Acc: 37.306
2018-09-20 13:17:04,449:INFO: [TRAIN] Step: 43 ; Loss: 33.513 ; Acc: 37.216
2018-09-20 13:17:04,539:INFO: [TRAIN] Step: 44 ; Loss: 28.281 ; Acc: 37.222
2018-09-20 13:17:04,620:INFO: [TRAIN] Step: 45 ; Loss: 26.477 ; Acc: 36.957
2018-09-20 13:17:04,706:INFO: [TRAIN] Step: 46 ; Loss: 24.947 ; Acc: 37.057
2018-09-20 13:17:04,788:INFO: [TRAIN] Step: 47 ; Loss: 33.445 ; Acc: 36.979
2018-09-20 13:17:04,878:INFO: [TRAIN] Step: 48 ; Loss: 26.452 ; Acc: 36.905
2018-09-20 13:17:04,960:INFO: [TRAIN] Step: 49 ; Loss: 26.740 ; Acc: 36.833
2018-09-20 13:17:05,047:INFO: [TRAIN] Step: 50 ; Loss: 30.423 ; Acc: 36.520
2018-09-20 13:17:05,130:INFO: [TRAIN] Step: 51 ; Loss: 29.825 ; Acc: 36.378
2018-09-20 13:17:05,217:INFO: [TRAIN] Step: 52 ; Loss: 25.192 ; Acc: 36.635
2018-09-20 13:17:05,299:INFO: [TRAIN] Step: 53 ; Loss: 30.789 ; Acc: 36.497
2018-09-20 13:17:05,388:INFO: [TRAIN] Step: 54 ; Loss: 31.446 ; Acc: 36.515
2018-09-20 13:17:05,469:INFO: [TRAIN] Step: 55 ; Loss: 28.635 ; Acc: 36.533
2018-09-20 13:17:05,558:INFO: [TRAIN] Step: 56 ; Loss: 27.421 ; Acc: 36.550
2018-09-20 13:17:05,640:INFO: [TRAIN] Step: 57 ; Loss: 27.423 ; Acc: 36.494
2018-09-20 13:17:05,728:INFO: [TRAIN] Step: 58 ; Loss: 28.591 ; Acc: 36.441
2018-09-20 13:17:05,809:INFO: [TRAIN] Step: 59 ; Loss: 25.075 ; Acc: 37.014
2018-09-20 13:17:05,896:INFO: [TRAIN] Step: 60 ; Loss: 26.049 ; Acc: 37.090
2018-09-20 13:17:05,978:INFO: [TRAIN] Step: 61 ; Loss: 24.754 ; Acc: 37.298
2018-09-20 13:17:06,067:INFO: [TRAIN] Step: 62 ; Loss: 29.823 ; Acc: 37.302
2018-09-20 13:17:06,150:INFO: [TRAIN] Step: 63 ; Loss: 33.018 ; Acc: 37.044
2018-09-20 13:17:06,236:INFO: [TRAIN] Step: 64 ; Loss: 24.483 ; Acc: 37.564
2018-09-20 13:17:06,319:INFO: [TRAIN] Step: 65 ; Loss: 29.592 ; Acc: 37.374
2018-09-20 13:17:06,426:INFO: [TRAIN] Step: 66 ; Loss: 26.687 ; Acc: 37.624
2018-09-20 13:17:06,560:INFO: [TRAIN] Step: 67 ; Loss: 27.638 ; Acc: 37.929
2018-09-20 13:17:06,670:INFO: [TRAIN] Step: 68 ; Loss: 30.744 ; Acc: 37.923
2018-09-20 13:17:06,751:INFO: [TRAIN] Step: 69 ; Loss: 24.544 ; Acc: 38.036
2018-09-20 13:17:06,841:INFO: [TRAIN] Step: 70 ; Loss: 23.524 ; Acc: 38.087
2018-09-20 13:17:06,942:INFO: [TRAIN] Step: 71 ; Loss: 28.224 ; Acc: 37.847
2018-09-20 13:17:07,040:INFO: [TRAIN] Step: 72 ; Loss: 28.134 ; Acc: 37.957
2018-09-20 13:17:07,121:INFO: [TRAIN] Step: 73 ; Loss: 26.852 ; Acc: 37.950
2018-09-20 13:17:07,210:INFO: [TRAIN] Step: 74 ; Loss: 26.707 ; Acc: 38.056
2018-09-20 13:17:07,295:INFO: [TRAIN] Step: 75 ; Loss: 26.967 ; Acc: 38.158
2018-09-20 13:17:07,396:INFO: [TRAIN] Step: 76 ; Loss: 25.283 ; Acc: 38.474
2018-09-20 13:17:07,478:INFO: [TRAIN] Step: 77 ; Loss: 27.925 ; Acc: 38.462
2018-09-20 13:17:07,572:INFO: [TRAIN] Step: 78 ; Loss: 27.892 ; Acc: 38.502
2018-09-20 13:17:07,656:INFO: [TRAIN] Step: 79 ; Loss: 24.276 ; Acc: 38.542
2018-09-20 13:17:07,743:INFO: [TRAIN] Step: 80 ; Loss: 26.663 ; Acc: 38.529
2018-09-20 13:17:07,827:INFO: [TRAIN] Step: 81 ; Loss: 23.191 ; Acc: 38.770
2018-09-20 13:17:07,917:INFO: [TRAIN] Step: 82 ; Loss: 27.950 ; Acc: 38.805
2018-09-20 13:17:08,003:INFO: [TRAIN] Step: 83 ; Loss: 25.879 ; Acc: 38.889
2018-09-20 13:17:08,092:INFO: [TRAIN] Step: 84 ; Loss: 25.781 ; Acc: 38.873
2018-09-20 13:17:08,173:INFO: [TRAIN] Step: 85 ; Loss: 26.645 ; Acc: 39.002
2018-09-20 13:17:08,263:INFO: [TRAIN] Step: 86 ; Loss: 25.710 ; Acc: 39.176
2018-09-20 13:17:08,344:INFO: [TRAIN] Step: 87 ; Loss: 24.650 ; Acc: 39.347
2018-09-20 13:17:08,431:INFO: [TRAIN] Step: 88 ; Loss: 26.685 ; Acc: 39.513
2018-09-20 13:17:08,511:INFO: [TRAIN] Step: 89 ; Loss: 29.729 ; Acc: 39.769
2018-09-20 13:17:08,600:INFO: [TRAIN] Step: 90 ; Loss: 26.728 ; Acc: 39.835
2018-09-20 13:17:08,683:INFO: [TRAIN] Step: 91 ; Loss: 23.074 ; Acc: 40.082
2018-09-20 13:17:08,769:INFO: [TRAIN] Step: 92 ; Loss: 29.268 ; Acc: 40.054
2018-09-20 13:17:08,849:INFO: [TRAIN] Step: 93 ; Loss: 26.305 ; Acc: 40.204
2018-09-20 13:17:08,935:INFO: [TRAIN] Step: 94 ; Loss: 27.898 ; Acc: 40.132
2018-09-20 13:17:09,017:INFO: [TRAIN] Step: 95 ; Loss: 27.443 ; Acc: 40.061
2018-09-20 13:17:09,103:INFO: [TRAIN] Step: 96 ; Loss: 24.460 ; Acc: 40.077
2018-09-20 13:17:09,187:INFO: [TRAIN] Step: 97 ; Loss: 23.146 ; Acc: 40.179
2018-09-20 13:17:09,278:INFO: [TRAIN] Step: 98 ; Loss: 27.367 ; Acc: 40.320
2018-09-20 13:17:09,362:INFO: [TRAIN] Step: 99 ; Loss: 28.240 ; Acc: 40.250
2018-09-20 13:17:09,448:INFO: [TRAIN] Step: 100 ; Loss: 25.568 ; Acc: 40.347
2018-09-20 13:17:09,532:INFO: [TRAIN] Step: 101 ; Loss: 27.116 ; Acc: 40.359
2018-09-20 13:17:09,619:INFO: [TRAIN] Step: 102 ; Loss: 22.174 ; Acc: 40.453
2018-09-20 13:17:09,701:INFO: [TRAIN] Step: 103 ; Loss: 19.260 ; Acc: 40.625
2018-09-20 13:17:09,786:INFO: [TRAIN] Step: 104 ; Loss: 27.363 ; Acc: 40.516
2018-09-20 13:17:09,870:INFO: [TRAIN] Step: 105 ; Loss: 28.441 ; Acc: 40.527
2018-09-20 13:17:09,960:INFO: [TRAIN] Step: 106 ; Loss: 35.374 ; Acc: 40.498
2018-09-20 13:17:10,058:INFO: [TRAIN] Step: 107 ; Loss: 26.791 ; Acc: 40.625
2018-09-20 13:17:10,146:INFO: [TRAIN] Step: 108 ; Loss: 27.499 ; Acc: 40.749
2018-09-20 13:17:10,227:INFO: [TRAIN] Step: 109 ; Loss: 25.942 ; Acc: 40.720
2018-09-20 13:17:10,317:INFO: [TRAIN] Step: 110 ; Loss: 26.860 ; Acc: 40.916
2018-09-20 13:17:10,398:INFO: [TRAIN] Step: 111 ; Loss: 26.834 ; Acc: 41.109
2018-09-20 13:17:10,486:INFO: [TRAIN] Step: 112 ; Loss: 26.792 ; Acc: 41.040
2018-09-20 13:17:10,568:INFO: [TRAIN] Step: 113 ; Loss: 26.554 ; Acc: 41.118
2018-09-20 13:17:10,655:INFO: [TRAIN] Step: 114 ; Loss: 25.485 ; Acc: 41.232
2018-09-20 13:17:10,738:INFO: [TRAIN] Step: 115 ; Loss: 23.143 ; Acc: 41.307
2018-09-20 13:17:10,830:INFO: [TRAIN] Step: 116 ; Loss: 29.770 ; Acc: 41.239
2018-09-20 13:17:10,909:INFO: [TRAIN] Step: 117 ; Loss: 26.104 ; Acc: 41.278
2018-09-20 13:17:10,998:INFO: [TRAIN] Step: 118 ; Loss: 27.393 ; Acc: 41.282
2018-09-20 13:17:11,129:INFO: [TRAIN] Step: 119 ; Loss: 19.797 ; Acc: 41.458
2018-09-20 13:17:11,263:INFO: [TRAIN] Step: 120 ; Loss: 23.978 ; Acc: 41.494
2018-09-20 13:17:11,347:INFO: [TRAIN] Step: 121 ; Loss: 28.149 ; Acc: 41.496
2018-09-20 13:17:11,435:INFO: [TRAIN] Step: 122 ; Loss: 29.912 ; Acc: 41.531
2018-09-20 13:17:11,515:INFO: [TRAIN] Step: 123 ; Loss: 29.444 ; Acc: 41.398
2018-09-20 13:17:11,604:INFO: [TRAIN] Step: 124 ; Loss: 20.006 ; Acc: 41.533
2018-09-20 13:17:11,685:INFO: [TRAIN] Step: 125 ; Loss: 25.913 ; Acc: 41.667
2018-09-20 13:17:11,770:INFO: [TRAIN] Step: 126 ; Loss: 28.924 ; Acc: 41.634
2018-09-20 13:17:11,849:INFO: [TRAIN] Step: 127 ; Loss: 24.204 ; Acc: 41.764
2018-09-20 13:17:11,935:INFO: [TRAIN] Step: 128 ; Loss: 20.791 ; Acc: 41.957
2018-09-20 13:17:12,017:INFO: [TRAIN] Step: 129 ; Loss: 28.223 ; Acc: 41.955
2018-09-20 13:17:12,104:INFO: [TRAIN] Step: 130 ; Loss: 27.927 ; Acc: 41.953
2018-09-20 13:17:12,199:INFO: [TRAIN] Step: 131 ; Loss: 24.340 ; Acc: 42.014
2018-09-20 13:17:12,286:INFO: [TRAIN] Step: 132 ; Loss: 22.633 ; Acc: 42.074
2018-09-20 13:17:12,367:INFO: [TRAIN] Step: 133 ; Loss: 20.381 ; Acc: 42.226
2018-09-20 13:17:12,455:INFO: [TRAIN] Step: 134 ; Loss: 27.027 ; Acc: 42.160
2018-09-20 13:17:12,536:INFO: [TRAIN] Step: 135 ; Loss: 24.322 ; Acc: 42.249
2018-09-20 13:17:12,621:INFO: [TRAIN] Step: 136 ; Loss: 28.619 ; Acc: 42.184
2018-09-20 13:17:12,702:INFO: [TRAIN] Step: 137 ; Loss: 26.466 ; Acc: 42.180
2018-09-20 13:17:12,789:INFO: [TRAIN] Step: 138 ; Loss: 24.518 ; Acc: 42.296
2018-09-20 13:17:12,871:INFO: [TRAIN] Step: 139 ; Loss: 24.333 ; Acc: 42.321
2018-09-20 13:17:12,956:INFO: [TRAIN] Step: 140 ; Loss: 23.976 ; Acc: 42.435
2018-09-20 13:17:13,039:INFO: [TRAIN] Step: 141 ; Loss: 27.519 ; Acc: 42.459
2018-09-20 13:17:13,129:INFO: [TRAIN] Step: 142 ; Loss: 27.332 ; Acc: 42.395
2018-09-20 13:17:13,211:INFO: [TRAIN] Step: 143 ; Loss: 26.781 ; Acc: 42.419
2018-09-20 13:17:13,312:INFO: [TRAIN] Step: 144 ; Loss: 24.363 ; Acc: 42.471
2018-09-20 13:17:13,393:INFO: [TRAIN] Step: 145 ; Loss: 21.600 ; Acc: 42.580
2018-09-20 13:17:13,480:INFO: [TRAIN] Step: 146 ; Loss: 25.247 ; Acc: 42.602
2018-09-20 13:17:13,559:INFO: [TRAIN] Step: 147 ; Loss: 25.085 ; Acc: 42.596
2018-09-20 13:17:13,644:INFO: [TRAIN] Step: 148 ; Loss: 26.213 ; Acc: 42.617
2018-09-20 13:17:13,724:INFO: [TRAIN] Step: 149 ; Loss: 25.244 ; Acc: 42.639
2018-09-20 13:17:13,809:INFO: [TRAIN] Step: 150 ; Loss: 25.501 ; Acc: 42.577
2018-09-20 13:17:13,890:INFO: [TRAIN] Step: 151 ; Loss: 23.550 ; Acc: 42.681
2018-09-20 13:17:13,973:INFO: [TRAIN] Step: 152 ; Loss: 22.335 ; Acc: 42.674
2018-09-20 13:17:14,054:INFO: [TRAIN] Step: 153 ; Loss: 22.801 ; Acc: 42.803
2018-09-20 13:17:14,140:INFO: [TRAIN] Step: 154 ; Loss: 21.477 ; Acc: 42.903
2018-09-20 13:17:14,224:INFO: [TRAIN] Step: 155 ; Loss: 23.077 ; Acc: 42.922
2018-09-20 13:17:14,322:INFO: [TRAIN] Step: 156 ; Loss: 27.518 ; Acc: 42.941
2018-09-20 13:17:14,404:INFO: [TRAIN] Step: 157 ; Loss: 25.048 ; Acc: 42.959
2018-09-20 13:17:14,490:INFO: [TRAIN] Step: 158 ; Loss: 25.503 ; Acc: 43.029
2018-09-20 13:17:14,570:INFO: [TRAIN] Step: 159 ; Loss: 26.275 ; Acc: 43.047
2018-09-20 13:17:14,657:INFO: [TRAIN] Step: 160 ; Loss: 23.913 ; Acc: 43.064
2018-09-20 13:17:14,739:INFO: [TRAIN] Step: 161 ; Loss: 25.036 ; Acc: 43.158
2018-09-20 13:17:14,828:INFO: [TRAIN] Step: 162 ; Loss: 22.878 ; Acc: 43.252
2018-09-20 13:17:14,910:INFO: [TRAIN] Step: 163 ; Loss: 26.825 ; Acc: 43.267
2018-09-20 13:17:15,000:INFO: [TRAIN] Step: 164 ; Loss: 23.566 ; Acc: 43.308
2018-09-20 13:17:15,084:INFO: [TRAIN] Step: 165 ; Loss: 22.363 ; Acc: 43.248
2018-09-20 13:17:15,170:INFO: [TRAIN] Step: 166 ; Loss: 26.061 ; Acc: 43.239
2018-09-20 13:17:15,250:INFO: [TRAIN] Step: 167 ; Loss: 28.299 ; Acc: 43.254
2018-09-20 13:17:15,339:INFO: [TRAIN] Step: 168 ; Loss: 24.231 ; Acc: 43.245
2018-09-20 13:17:15,421:INFO: [TRAIN] Step: 169 ; Loss: 25.558 ; Acc: 43.260
2018-09-20 13:17:15,506:INFO: [TRAIN] Step: 170 ; Loss: 27.910 ; Acc: 43.226
2018-09-20 13:17:15,587:INFO: [TRAIN] Step: 171 ; Loss: 21.051 ; Acc: 43.314
2018-09-20 13:17:15,673:INFO: [TRAIN] Step: 172 ; Loss: 23.164 ; Acc: 43.329
2018-09-20 13:17:15,755:INFO: [TRAIN] Step: 173 ; Loss: 21.526 ; Acc: 43.487
2018-09-20 13:17:15,841:INFO: [TRAIN] Step: 174 ; Loss: 24.401 ; Acc: 43.595
2018-09-20 13:17:15,921:INFO: [TRAIN] Step: 175 ; Loss: 21.773 ; Acc: 43.726
2018-09-20 13:17:16,007:INFO: [TRAIN] Step: 176 ; Loss: 23.616 ; Acc: 43.785
2018-09-20 13:17:16,090:INFO: [TRAIN] Step: 177 ; Loss: 24.263 ; Acc: 43.844
2018-09-20 13:17:16,177:INFO: [TRAIN] Step: 178 ; Loss: 27.814 ; Acc: 43.831
2018-09-20 13:17:16,256:INFO: [TRAIN] Step: 179 ; Loss: 21.724 ; Acc: 43.866
2018-09-20 13:17:16,344:INFO: [TRAIN] Step: 180 ; Loss: 19.869 ; Acc: 44.038
2018-09-20 13:17:16,424:INFO: [TRAIN] Step: 181 ; Loss: 21.808 ; Acc: 44.139
2018-09-20 13:17:16,511:INFO: [TRAIN] Step: 182 ; Loss: 25.250 ; Acc: 44.217
2018-09-20 13:17:16,590:INFO: [TRAIN] Step: 183 ; Loss: 25.469 ; Acc: 44.203
2018-09-20 13:17:16,678:INFO: [TRAIN] Step: 184 ; Loss: 24.228 ; Acc: 44.257
2018-09-20 13:17:16,757:INFO: [TRAIN] Step: 185 ; Loss: 26.257 ; Acc: 44.220
2018-09-20 13:17:16,844:INFO: [TRAIN] Step: 186 ; Loss: 22.018 ; Acc: 44.318
2018-09-20 13:17:16,923:INFO: [TRAIN] Step: 187 ; Loss: 23.785 ; Acc: 44.326
2018-09-20 13:17:17,014:INFO: [TRAIN] Step: 188 ; Loss: 24.944 ; Acc: 44.356
2018-09-20 13:17:17,148:INFO: [TRAIN] Step: 189 ; Loss: 35.352 ; Acc: 44.320
2018-09-20 13:17:17,236:INFO: [TRAIN] Step: 190 ; Loss: 25.982 ; Acc: 44.328
2018-09-20 13:17:17,330:INFO: [TRAIN] Step: 191 ; Loss: 20.729 ; Acc: 44.358
2018-09-20 13:17:17,416:INFO: [TRAIN] Step: 192 ; Loss: 23.573 ; Acc: 44.408
2018-09-20 13:17:17,496:INFO: [TRAIN] Step: 193 ; Loss: 27.148 ; Acc: 44.459
2018-09-20 13:17:17,589:INFO: [TRAIN] Step: 194 ; Loss: 23.401 ; Acc: 44.551
2018-09-20 13:17:17,670:INFO: [TRAIN] Step: 195 ; Loss: 22.300 ; Acc: 44.664
2018-09-20 13:17:17,760:INFO: [TRAIN] Step: 196 ; Loss: 19.280 ; Acc: 44.839
2018-09-20 13:17:17,840:INFO: [TRAIN] Step: 197 ; Loss: 23.077 ; Acc: 44.865
2018-09-20 13:17:17,925:INFO: [TRAIN] Step: 198 ; Loss: 27.069 ; Acc: 44.870
2018-09-20 13:17:18,007:INFO: [TRAIN] Step: 199 ; Loss: 24.204 ; Acc: 44.833
2018-09-20 13:17:18,094:INFO: [TRAIN] Step: 200 ; Loss: 26.856 ; Acc: 44.838
2018-09-20 13:17:18,176:INFO: [TRAIN] Step: 201 ; Loss: 22.579 ; Acc: 44.864
2018-09-20 13:17:18,263:INFO: [TRAIN] Step: 202 ; Loss: 20.210 ; Acc: 44.910
2018-09-20 13:17:18,348:INFO: [TRAIN] Step: 203 ; Loss: 28.534 ; Acc: 44.873
2018-09-20 13:17:18,435:INFO: [TRAIN] Step: 204 ; Loss: 21.081 ; Acc: 44.919
2018-09-20 13:17:18,517:INFO: [TRAIN] Step: 205 ; Loss: 23.283 ; Acc: 44.943
2018-09-20 13:17:18,603:INFO: [TRAIN] Step: 206 ; Loss: 20.154 ; Acc: 45.008
2018-09-20 13:17:18,683:INFO: [TRAIN] Step: 207 ; Loss: 25.173 ; Acc: 45.032
2018-09-20 13:17:18,768:INFO: [TRAIN] Step: 208 ; Loss: 25.383 ; Acc: 45.116
2018-09-20 13:17:18,847:INFO: [TRAIN] Step: 209 ; Loss: 23.062 ; Acc: 45.139
2018-09-20 13:17:18,933:INFO: [TRAIN] Step: 210 ; Loss: 21.119 ; Acc: 45.182
2018-09-20 13:17:19,013:INFO: [TRAIN] Step: 211 ; Loss: 26.500 ; Acc: 45.224
2018-09-20 13:17:19,099:INFO: [TRAIN] Step: 212 ; Loss: 20.319 ; Acc: 45.246
2018-09-20 13:17:19,178:INFO: [TRAIN] Step: 213 ; Loss: 24.157 ; Acc: 45.308
2018-09-20 13:17:19,268:INFO: [TRAIN] Step: 214 ; Loss: 23.400 ; Acc: 45.349
2018-09-20 13:17:19,350:INFO: [TRAIN] Step: 215 ; Loss: 21.118 ; Acc: 45.448
2018-09-20 13:17:19,437:INFO: [TRAIN] Step: 216 ; Loss: 22.908 ; Acc: 45.449
2018-09-20 13:17:19,518:INFO: [TRAIN] Step: 217 ; Loss: 22.622 ; Acc: 45.470
2018-09-20 13:17:19,605:INFO: [TRAIN] Step: 218 ; Loss: 24.479 ; Acc: 45.415
2018-09-20 13:17:19,684:INFO: [TRAIN] Step: 219 ; Loss: 21.114 ; Acc: 45.473
2018-09-20 13:17:19,771:INFO: [TRAIN] Step: 220 ; Loss: 22.019 ; Acc: 45.532
2018-09-20 13:17:19,849:INFO: [TRAIN] Step: 221 ; Loss: 20.535 ; Acc: 45.533
2018-09-20 13:17:19,935:INFO: [TRAIN] Step: 222 ; Loss: 25.293 ; Acc: 45.497
2018-09-20 13:17:20,018:INFO: [TRAIN] Step: 223 ; Loss: 23.402 ; Acc: 45.499
2018-09-20 13:17:20,104:INFO: [TRAIN] Step: 224 ; Loss: 22.337 ; Acc: 45.556
2018-09-20 13:17:20,182:INFO: [TRAIN] Step: 225 ; Loss: 24.250 ; Acc: 45.594
2018-09-20 13:17:20,271:INFO: [TRAIN] Step: 226 ; Loss: 24.118 ; Acc: 45.631
2018-09-20 13:17:20,351:INFO: [TRAIN] Step: 227 ; Loss: 21.139 ; Acc: 45.687
2018-09-20 13:17:20,438:INFO: [TRAIN] Step: 228 ; Loss: 23.066 ; Acc: 45.779
2018-09-20 13:17:20,522:INFO: [TRAIN] Step: 229 ; Loss: 29.285 ; Acc: 45.797
2018-09-20 13:17:20,612:INFO: [TRAIN] Step: 230 ; Loss: 25.657 ; Acc: 45.815
2018-09-20 13:17:20,693:INFO: [TRAIN] Step: 231 ; Loss: 25.155 ; Acc: 45.869
2018-09-20 13:17:20,786:INFO: [TRAIN] Step: 232 ; Loss: 24.347 ; Acc: 45.941
2018-09-20 13:17:20,869:INFO: [TRAIN] Step: 233 ; Loss: 22.199 ; Acc: 45.976
2018-09-20 13:17:20,956:INFO: [TRAIN] Step: 234 ; Loss: 24.092 ; Acc: 46.011
2018-09-20 13:17:21,036:INFO: [TRAIN] Step: 235 ; Loss: 25.121 ; Acc: 46.045
2018-09-20 13:17:21,124:INFO: [TRAIN] Step: 236 ; Loss: 24.184 ; Acc: 46.044
2018-09-20 13:17:21,219:INFO: [TRAIN] Step: 237 ; Loss: 23.695 ; Acc: 46.061
2018-09-20 13:17:21,337:INFO: [TRAIN] Step: 238 ; Loss: 26.349 ; Acc: 46.025
2018-09-20 13:17:21,435:INFO: [TRAIN] Step: 239 ; Loss: 25.241 ; Acc: 46.042
2018-09-20 13:17:21,538:INFO: [TRAIN] Step: 240 ; Loss: 22.038 ; Acc: 46.110
2018-09-20 13:17:21,652:INFO: [TRAIN] Step: 241 ; Loss: 22.070 ; Acc: 46.178
2018-09-20 13:17:21,746:INFO: [TRAIN] Step: 242 ; Loss: 23.956 ; Acc: 46.176
2018-09-20 13:17:21,830:INFO: [TRAIN] Step: 243 ; Loss: 22.788 ; Acc: 46.192
2018-09-20 13:17:21,916:INFO: [TRAIN] Step: 244 ; Loss: 21.965 ; Acc: 46.276
2018-09-20 13:17:21,996:INFO: [TRAIN] Step: 245 ; Loss: 20.819 ; Acc: 46.325
2018-09-20 13:17:22,081:INFO: [TRAIN] Step: 246 ; Loss: 28.103 ; Acc: 46.272
2018-09-20 13:17:22,162:INFO: [TRAIN] Step: 247 ; Loss: 24.067 ; Acc: 46.304
2018-09-20 13:17:22,268:INFO: [TRAIN] Step: 248 ; Loss: 23.937 ; Acc: 46.386
2018-09-20 13:17:22,355:INFO: [TRAIN] Step: 249 ; Loss: 25.326 ; Acc: 46.433
2018-09-20 13:17:22,446:INFO: [TRAIN] Step: 250 ; Loss: 19.404 ; Acc: 46.448
2018-09-20 13:17:22,530:INFO: [TRAIN] Step: 251 ; Loss: 21.407 ; Acc: 46.511
2018-09-20 13:17:22,614:INFO: [TRAIN] Step: 252 ; Loss: 17.542 ; Acc: 46.574
2018-09-20 13:17:22,694:INFO: [TRAIN] Step: 253 ; Loss: 23.811 ; Acc: 46.621
2018-09-20 13:17:22,778:INFO: [TRAIN] Step: 254 ; Loss: 24.539 ; Acc: 46.634
2018-09-20 13:17:22,857:INFO: [TRAIN] Step: 255 ; Loss: 21.665 ; Acc: 46.680
2018-09-20 13:17:22,966:INFO: [TRAIN] Step: 256 ; Loss: 25.319 ; Acc: 46.709
2018-09-20 13:17:23,066:INFO: [TRAIN] Step: 257 ; Loss: 20.785 ; Acc: 46.770
2018-09-20 13:17:23,147:INFO: [TRAIN] Step: 258 ; Loss: 25.410 ; Acc: 46.750
2018-09-20 13:17:23,234:INFO: [TRAIN] Step: 259 ; Loss: 23.036 ; Acc: 46.795
2018-09-20 13:17:23,315:INFO: [TRAIN] Step: 260 ; Loss: 23.041 ; Acc: 46.839
2018-09-20 13:17:23,392:INFO: [TRAIN] Step: 261 ; Loss: 22.006 ; Acc: 46.851
2018-09-20 13:17:23,474:INFO: [TRAIN] Step: 262 ; Loss: 24.099 ; Acc: 46.847
2018-09-20 13:17:23,551:INFO: [TRAIN] Step: 263 ; Loss: 27.130 ; Acc: 46.843
2018-09-20 13:17:23,631:INFO: [TRAIN] Step: 264 ; Loss: 19.670 ; Acc: 46.918
2018-09-20 13:17:23,707:INFO: [TRAIN] Step: 265 ; Loss: 23.082 ; Acc: 46.883
2018-09-20 13:17:23,786:INFO: [TRAIN] Step: 266 ; Loss: 24.436 ; Acc: 46.895
2018-09-20 13:17:23,863:INFO: [TRAIN] Step: 267 ; Loss: 17.897 ; Acc: 46.937
2018-09-20 13:17:23,950:INFO: [TRAIN] Step: 268 ; Loss: 19.910 ; Acc: 47.042
2018-09-20 13:17:24,040:INFO: [TRAIN] Step: 269 ; Loss: 21.320 ; Acc: 47.099
2018-09-20 13:17:24,136:INFO: [TRAIN] Step: 270 ; Loss: 22.454 ; Acc: 47.140
2018-09-20 13:17:24,221:INFO: [TRAIN] Step: 271 ; Loss: 20.939 ; Acc: 47.197
2018-09-20 13:17:24,313:INFO: [TRAIN] Step: 272 ; Loss: 25.330 ; Acc: 47.146
2018-09-20 13:17:24,400:INFO: [TRAIN] Step: 273 ; Loss: 24.511 ; Acc: 47.156
2018-09-20 13:17:24,490:INFO: [TRAIN] Step: 274 ; Loss: 22.993 ; Acc: 47.167
2018-09-20 13:17:24,568:INFO: [TRAIN] Step: 275 ; Loss: 22.612 ; Acc: 47.192
2018-09-20 13:17:24,662:INFO: [TRAIN] Step: 276 ; Loss: 22.793 ; Acc: 47.217
2018-09-20 13:17:24,742:INFO: [TRAIN] Step: 277 ; Loss: 19.790 ; Acc: 47.257
2018-09-20 13:17:24,838:INFO: [TRAIN] Step: 278 ; Loss: 23.497 ; Acc: 47.252
2018-09-20 13:17:24,920:INFO: [TRAIN] Step: 279 ; Loss: 18.600 ; Acc: 47.262
2018-09-20 13:17:25,013:INFO: [TRAIN] Step: 280 ; Loss: 19.223 ; Acc: 47.346
2018-09-20 13:17:25,090:INFO: [TRAIN] Step: 281 ; Loss: 24.698 ; Acc: 47.385
2018-09-20 13:17:25,181:INFO: [TRAIN] Step: 282 ; Loss: 21.341 ; Acc: 47.394
2018-09-20 13:17:25,374:INFO: [TRAIN] Step: 283 ; Loss: 19.747 ; Acc: 47.491
2018-09-20 13:17:25,470:INFO: [TRAIN] Step: 284 ; Loss: 21.795 ; Acc: 47.515
2018-09-20 13:17:25,548:INFO: [TRAIN] Step: 285 ; Loss: 23.547 ; Acc: 47.509
2018-09-20 13:17:25,628:INFO: [TRAIN] Step: 286 ; Loss: 22.051 ; Acc: 47.517
2018-09-20 13:17:25,704:INFO: [TRAIN] Step: 287 ; Loss: 17.956 ; Acc: 47.569
2018-09-20 13:17:25,785:INFO: [TRAIN] Step: 288 ; Loss: 18.982 ; Acc: 47.636
2018-09-20 13:17:25,860:INFO: [TRAIN] Step: 289 ; Loss: 24.454 ; Acc: 47.615
2018-09-20 13:17:25,940:INFO: [TRAIN] Step: 290 ; Loss: 24.222 ; Acc: 47.609
2018-09-20 13:17:26,015:INFO: [TRAIN] Step: 291 ; Loss: 24.251 ; Acc: 47.603
2018-09-20 13:17:26,096:INFO: [TRAIN] Step: 292 ; Loss: 21.856 ; Acc: 47.625
2018-09-20 13:17:26,173:INFO: [TRAIN] Step: 293 ; Loss: 20.593 ; Acc: 47.619
2018-09-20 13:17:26,259:INFO: [TRAIN] Step: 294 ; Loss: 24.278 ; Acc: 47.627
2018-09-20 13:17:26,337:INFO: [TRAIN] Step: 295 ; Loss: 19.433 ; Acc: 47.691
2018-09-20 13:17:26,419:INFO: [TRAIN] Step: 296 ; Loss: 27.055 ; Acc: 47.685
2018-09-20 13:17:26,496:INFO: [TRAIN] Step: 297 ; Loss: 16.387 ; Acc: 47.763
2018-09-20 13:17:26,576:INFO: [TRAIN] Step: 298 ; Loss: 26.241 ; Acc: 47.770
2018-09-20 13:17:26,652:INFO: [TRAIN] Step: 299 ; Loss: 21.622 ; Acc: 47.806
2018-09-20 13:17:26,734:INFO: [TRAIN] Step: 300 ; Loss: 23.398 ; Acc: 47.882
2018-09-20 13:17:26,810:INFO: [TRAIN] Step: 301 ; Loss: 21.808 ; Acc: 47.889
2018-09-20 13:17:26,891:INFO: [TRAIN] Step: 302 ; Loss: 28.262 ; Acc: 47.896
2018-09-20 13:17:26,968:INFO: [TRAIN] Step: 303 ; Loss: 23.104 ; Acc: 47.930
2018-09-20 13:17:27,054:INFO: [TRAIN] Step: 304 ; Loss: 15.451 ; Acc: 48.019
2018-09-20 13:17:27,149:INFO: [TRAIN] Step: 305 ; Loss: 20.971 ; Acc: 48.080
2018-09-20 13:17:27,239:INFO: [TRAIN] Step: 306 ; Loss: 20.254 ; Acc: 48.127
2018-09-20 13:17:27,357:INFO: [TRAIN] Step: 307 ; Loss: 23.687 ; Acc: 48.120
2018-09-20 13:17:27,453:INFO: [TRAIN] Step: 308 ; Loss: 21.621 ; Acc: 48.153
2018-09-20 13:17:27,533:INFO: [TRAIN] Step: 309 ; Loss: 20.236 ; Acc: 48.212
2018-09-20 13:17:27,687:INFO: [TRAIN] Step: 310 ; Loss: 22.508 ; Acc: 48.191
2018-09-20 13:17:27,816:INFO: [TRAIN] Step: 311 ; Loss: 21.057 ; Acc: 48.197
2018-09-20 13:17:27,905:INFO: [TRAIN] Step: 312 ; Loss: 20.932 ; Acc: 48.229
2018-09-20 13:17:27,987:INFO: [TRAIN] Step: 313 ; Loss: 23.279 ; Acc: 48.262
2018-09-20 13:17:28,073:INFO: [TRAIN] Step: 314 ; Loss: 23.180 ; Acc: 48.280
2018-09-20 13:17:28,194:INFO: [TRAIN] Step: 315 ; Loss: 22.369 ; Acc: 48.286
2018-09-20 13:17:28,317:INFO: [TRAIN] Step: 316 ; Loss: 22.019 ; Acc: 48.291
2018-09-20 13:17:28,408:INFO: [TRAIN] Step: 317 ; Loss: 23.475 ; Acc: 48.336
2018-09-20 13:17:28,499:INFO: [TRAIN] Step: 318 ; Loss: 24.021 ; Acc: 48.341
2018-09-20 13:17:28,578:INFO: [TRAIN] Step: 319 ; Loss: 19.296 ; Acc: 48.398
2018-09-20 13:17:28,669:INFO: [TRAIN] Step: 320 ; Loss: 26.314 ; Acc: 48.377
2018-09-20 13:17:28,757:INFO: [TRAIN] Step: 321 ; Loss: 20.568 ; Acc: 48.383
2018-09-20 13:17:28,857:INFO: [TRAIN] Step: 322 ; Loss: 23.645 ; Acc: 48.413
2018-09-20 13:17:28,951:INFO: [TRAIN] Step: 323 ; Loss: 20.406 ; Acc: 48.457
2018-09-20 13:17:29,039:INFO: [TRAIN] Step: 324 ; Loss: 27.731 ; Acc: 48.410
2018-09-20 13:17:29,125:INFO: [TRAIN] Step: 325 ; Loss: 23.218 ; Acc: 48.415
2018-09-20 13:17:29,233:INFO: [TRAIN] Step: 326 ; Loss: 20.406 ; Acc: 48.445
2018-09-20 13:17:29,320:INFO: [TRAIN] Step: 327 ; Loss: 20.858 ; Acc: 48.476
2018-09-20 13:17:29,406:INFO: [TRAIN] Step: 328 ; Loss: 20.510 ; Acc: 48.518
2018-09-20 13:17:29,611:INFO: [TRAIN] Step: 329 ; Loss: 18.639 ; Acc: 48.535
2018-09-20 13:17:29,698:INFO: [TRAIN] Step: 330 ; Loss: 26.944 ; Acc: 48.502
2018-09-20 13:17:29,806:INFO: [TRAIN] Step: 331 ; Loss: 28.295 ; Acc: 48.519
2018-09-20 13:17:29,894:INFO: [TRAIN] Step: 332 ; Loss: 18.904 ; Acc: 48.574
2018-09-20 13:17:29,979:INFO: [TRAIN] Step: 333 ; Loss: 25.153 ; Acc: 48.590
2018-09-20 13:17:30,061:INFO: [TRAIN] Step: 334 ; Loss: 18.844 ; Acc: 48.682
2018-09-20 13:17:30,174:INFO: [TRAIN] Step: 335 ; Loss: 20.006 ; Acc: 48.735
2018-09-20 13:17:30,297:INFO: [TRAIN] Step: 336 ; Loss: 24.707 ; Acc: 48.751
2018-09-20 13:17:30,398:INFO: [TRAIN] Step: 337 ; Loss: 25.916 ; Acc: 48.743
2018-09-20 13:17:30,482:INFO: [TRAIN] Step: 338 ; Loss: 24.326 ; Acc: 48.722
2018-09-20 13:17:30,565:INFO: [TRAIN] Step: 339 ; Loss: 21.514 ; Acc: 48.750
2018-09-20 13:17:30,669:INFO: [TRAIN] Step: 340 ; Loss: 24.227 ; Acc: 48.717
2018-09-20 13:17:30,809:INFO: [TRAIN] Step: 341 ; Loss: 18.154 ; Acc: 48.782
2018-09-20 13:17:30,927:INFO: [TRAIN] Step: 342 ; Loss: 19.878 ; Acc: 48.797
2018-09-20 13:17:31,016:INFO: [TRAIN] Step: 343 ; Loss: 19.133 ; Acc: 48.789
2018-09-20 13:17:31,094:INFO: [TRAIN] Step: 344 ; Loss: 18.326 ; Acc: 48.865
2018-09-20 13:17:31,183:INFO: [TRAIN] Step: 345 ; Loss: 28.310 ; Acc: 48.844
2018-09-20 13:17:31,265:INFO: [TRAIN] Step: 346 ; Loss: 20.125 ; Acc: 48.823
2018-09-20 13:17:31,347:INFO: [TRAIN] Step: 347 ; Loss: 16.304 ; Acc: 48.875
2018-09-20 13:17:31,424:INFO: [TRAIN] Step: 348 ; Loss: 36.166 ; Acc: 48.866
2018-09-20 13:17:31,510:INFO: [TRAIN] Step: 349 ; Loss: 23.322 ; Acc: 48.881
2018-09-20 13:17:31,719:INFO: [TRAIN] Step: 350 ; Loss: 18.608 ; Acc: 48.920
2018-09-20 13:17:31,816:INFO: [TRAIN] Step: 351 ; Loss: 22.727 ; Acc: 48.946
2018-09-20 13:17:31,909:INFO: [TRAIN] Step: 352 ; Loss: 22.266 ; Acc: 48.938
2018-09-20 13:17:31,998:INFO: [TRAIN] Step: 353 ; Loss: 25.444 ; Acc: 48.941
2018-09-20 13:17:32,100:INFO: [TRAIN] Step: 354 ; Loss: 19.146 ; Acc: 48.979
2018-09-20 13:17:32,206:INFO: [TRAIN] Step: 355 ; Loss: 20.878 ; Acc: 49.005
2018-09-20 13:17:32,293:INFO: [TRAIN] Step: 356 ; Loss: 22.798 ; Acc: 49.043
2018-09-20 13:17:32,388:INFO: [TRAIN] Step: 357 ; Loss: 21.563 ; Acc: 49.057
2018-09-20 13:17:32,474:INFO: [TRAIN] Step: 358 ; Loss: 24.826 ; Acc: 49.083
2018-09-20 13:17:32,566:INFO: [TRAIN] Step: 359 ; Loss: 18.784 ; Acc: 49.109
2018-09-20 13:17:32,667:INFO: [TRAIN] Step: 360 ; Loss: 20.372 ; Acc: 49.123
2018-09-20 13:17:32,759:INFO: [TRAIN] Step: 361 ; Loss: 26.316 ; Acc: 49.114
2018-09-20 13:17:32,849:INFO: [TRAIN] Step: 362 ; Loss: 29.185 ; Acc: 49.093
2018-09-20 13:17:32,947:INFO: [TRAIN] Step: 363 ; Loss: 15.168 ; Acc: 49.164
2018-09-20 13:17:33,042:INFO: [TRAIN] Step: 364 ; Loss: 18.621 ; Acc: 49.189
2018-09-20 13:17:33,169:INFO: [TRAIN] Step: 365 ; Loss: 18.776 ; Acc: 49.237
2018-09-20 13:17:33,278:INFO: [TRAIN] Step: 366 ; Loss: 22.063 ; Acc: 49.251
2018-09-20 13:17:33,381:INFO: [TRAIN] Step: 367 ; Loss: 16.365 ; Acc: 49.309
2018-09-20 13:17:33,465:INFO: [TRAIN] Step: 368 ; Loss: 21.015 ; Acc: 49.334
2018-09-20 13:17:33,545:INFO: [TRAIN] Step: 369 ; Loss: 21.840 ; Acc: 49.336
2018-09-20 13:17:33,633:INFO: [TRAIN] Step: 370 ; Loss: 21.784 ; Acc: 49.360
2018-09-20 13:17:33,712:INFO: [TRAIN] Step: 371 ; Loss: 23.042 ; Acc: 49.384
2018-09-20 13:17:33,804:INFO: [TRAIN] Step: 372 ; Loss: 21.630 ; Acc: 49.341
2018-09-20 13:17:33,888:INFO: [TRAIN] Step: 373 ; Loss: 19.719 ; Acc: 49.365
2018-09-20 13:17:33,976:INFO: [TRAIN] Step: 374 ; Loss: 18.098 ; Acc: 49.422
2018-09-20 13:17:34,059:INFO: [TRAIN] Step: 375 ; Loss: 22.981 ; Acc: 49.413
2018-09-20 13:17:34,173:INFO: [TRAIN] Step: 376 ; Loss: 19.557 ; Acc: 49.481
2018-09-20 13:17:34,293:INFO: [TRAIN] Step: 377 ; Loss: 26.944 ; Acc: 49.460
2018-09-20 13:17:34,398:INFO: [TRAIN] Step: 378 ; Loss: 25.028 ; Acc: 49.461
2018-09-20 13:17:34,488:INFO: [TRAIN] Step: 379 ; Loss: 21.555 ; Acc: 49.474
2018-09-20 13:17:34,586:INFO: [TRAIN] Step: 380 ; Loss: 24.414 ; Acc: 49.464
2018-09-20 13:17:34,718:INFO: [TRAIN] Step: 381 ; Loss: 23.456 ; Acc: 49.466
2018-09-20 13:17:34,849:INFO: [TRAIN] Step: 382 ; Loss: 23.486 ; Acc: 49.478
2018-09-20 13:17:34,973:INFO: [TRAIN] Step: 383 ; Loss: 23.719 ; Acc: 49.490
2018-09-20 13:17:35,069:INFO: [TRAIN] Step: 384 ; Loss: 18.983 ; Acc: 49.502
2018-09-20 13:17:35,154:INFO: [TRAIN] Step: 385 ; Loss: 25.706 ; Acc: 49.503
2018-09-20 13:17:35,266:INFO: [TRAIN] Step: 386 ; Loss: 23.853 ; Acc: 49.516
2018-09-20 13:17:35,369:INFO: [TRAIN] Step: 387 ; Loss: 22.005 ; Acc: 49.527
2018-09-20 13:17:35,467:INFO: [TRAIN] Step: 388 ; Loss: 27.328 ; Acc: 49.507
2018-09-20 13:17:35,600:INFO: [TRAIN] Step: 389 ; Loss: 21.148 ; Acc: 49.551
2018-09-20 13:17:35,752:INFO: [TRAIN] Step: 390 ; Loss: 22.899 ; Acc: 49.552
2018-09-20 13:17:35,862:INFO: [TRAIN] Step: 391 ; Loss: 26.260 ; Acc: 49.543
2018-09-20 13:17:35,968:INFO: [TRAIN] Step: 392 ; Loss: 25.449 ; Acc: 49.534
2018-09-20 13:17:36,078:INFO: [TRAIN] Step: 393 ; Loss: 29.045 ; Acc: 49.524
2018-09-20 13:17:36,164:INFO: [TRAIN] Step: 394 ; Loss: 23.590 ; Acc: 49.557
2018-09-20 13:17:36,256:INFO: [TRAIN] Step: 395 ; Loss: 23.086 ; Acc: 49.558
2018-09-20 13:17:36,378:INFO: [TRAIN] Step: 396 ; Loss: 24.596 ; Acc: 49.570
2018-09-20 13:17:36,600:INFO: [TRAIN] Step: 397 ; Loss: 17.536 ; Acc: 49.602
2018-09-20 13:17:36,699:INFO: [TRAIN] Step: 398 ; Loss: 23.018 ; Acc: 49.624
2018-09-20 13:17:36,788:INFO: [TRAIN] Step: 399 ; Loss: 28.534 ; Acc: 49.604
2018-09-20 13:17:36,932:INFO: [TRAIN] Step: 400 ; Loss: 19.498 ; Acc: 49.616
2018-09-20 13:17:37,029:INFO: [TRAIN] Step: 401 ; Loss: 17.722 ; Acc: 49.668
2018-09-20 13:17:37,127:INFO: [TRAIN] Step: 402 ; Loss: 22.408 ; Acc: 49.669
2018-09-20 13:17:37,224:INFO: [TRAIN] Step: 403 ; Loss: 20.268 ; Acc: 49.722
2018-09-20 13:17:37,307:INFO: [TRAIN] Step: 404 ; Loss: 17.997 ; Acc: 49.805
2018-09-20 13:17:37,392:INFO: [TRAIN] Step: 405 ; Loss: 23.432 ; Acc: 49.815
2018-09-20 13:17:37,472:INFO: [TRAIN] Step: 406 ; Loss: 24.967 ; Acc: 49.836
2018-09-20 13:17:37,568:INFO: [TRAIN] Step: 407 ; Loss: 18.526 ; Acc: 49.857
2018-09-20 13:17:37,748:INFO: [TRAIN] Step: 408 ; Loss: 18.907 ; Acc: 49.857
2018-09-20 13:17:37,857:INFO: [TRAIN] Step: 409 ; Loss: 22.012 ; Acc: 49.878
2018-09-20 13:17:37,952:INFO: [TRAIN] Step: 410 ; Loss: 20.851 ; Acc: 49.858
2018-09-20 13:17:38,051:INFO: [TRAIN] Step: 411 ; Loss: 24.548 ; Acc: 49.889
2018-09-20 13:17:38,134:INFO: [TRAIN] Step: 412 ; Loss: 24.742 ; Acc: 49.899
2018-09-20 13:17:38,214:INFO: [TRAIN] Step: 413 ; Loss: 20.417 ; Acc: 49.909
2018-09-20 13:17:38,296:INFO: [TRAIN] Step: 414 ; Loss: 18.678 ; Acc: 49.950
2018-09-20 13:17:38,377:INFO: [TRAIN] Step: 415 ; Loss: 24.948 ; Acc: 49.950
2018-09-20 13:17:38,503:INFO: [TRAIN] Step: 416 ; Loss: 20.538 ; Acc: 49.990
2018-09-20 13:17:38,666:INFO: [TRAIN] Step: 417 ; Loss: 20.308 ; Acc: 50.010
2018-09-20 13:17:38,778:INFO: [TRAIN] Step: 418 ; Loss: 25.403 ; Acc: 50.010
2018-09-20 13:17:38,869:INFO: [TRAIN] Step: 419 ; Loss: 18.183 ; Acc: 50.050
2018-09-20 13:17:38,949:INFO: [TRAIN] Step: 420 ; Loss: 21.140 ; Acc: 50.030
2018-09-20 13:17:39,029:INFO: [TRAIN] Step: 421 ; Loss: 22.057 ; Acc: 50.049
2018-09-20 13:17:39,108:INFO: [TRAIN] Step: 422 ; Loss: 19.950 ; Acc: 50.049
2018-09-20 13:17:39,192:INFO: [TRAIN] Step: 423 ; Loss: 26.547 ; Acc: 50.059
2018-09-20 13:17:39,273:INFO: [TRAIN] Step: 424 ; Loss: 14.649 ; Acc: 50.137
2018-09-20 13:17:39,363:INFO: [TRAIN] Step: 425 ; Loss: 16.948 ; Acc: 50.186
2018-09-20 13:17:39,448:INFO: [TRAIN] Step: 426 ; Loss: 24.962 ; Acc: 50.166
2018-09-20 13:17:39,529:INFO: [TRAIN] Step: 427 ; Loss: 22.473 ; Acc: 50.185
2018-09-20 13:17:39,619:INFO: [TRAIN] Step: 428 ; Loss: 22.632 ; Acc: 50.194
2018-09-20 13:17:39,718:INFO: [TRAIN] Step: 429 ; Loss: 18.816 ; Acc: 50.223
2018-09-20 13:17:39,798:INFO: [TRAIN] Step: 430 ; Loss: 22.743 ; Acc: 50.222
2018-09-20 13:17:39,886:INFO: [TRAIN] Step: 431 ; Loss: 23.357 ; Acc: 50.231
2018-09-20 13:17:39,979:INFO: [TRAIN] Step: 432 ; Loss: 23.534 ; Acc: 50.269
2018-09-20 13:17:40,068:INFO: [TRAIN] Step: 433 ; Loss: 19.663 ; Acc: 50.298
2018-09-20 13:17:40,150:INFO: [TRAIN] Step: 434 ; Loss: 23.514 ; Acc: 50.297
2018-09-20 13:17:40,237:INFO: [TRAIN] Step: 435 ; Loss: 24.067 ; Acc: 50.325
2018-09-20 13:17:40,321:INFO: [TRAIN] Step: 436 ; Loss: 20.963 ; Acc: 50.315
2018-09-20 13:17:40,414:INFO: [TRAIN] Step: 437 ; Loss: 23.971 ; Acc: 50.285
2018-09-20 13:17:40,506:INFO: [TRAIN] Step: 438 ; Loss: 16.225 ; Acc: 50.313
2018-09-20 13:17:40,593:INFO: [TRAIN] Step: 439 ; Loss: 20.688 ; Acc: 50.331
2018-09-20 13:17:40,675:INFO: [TRAIN] Step: 440 ; Loss: 28.935 ; Acc: 50.283
2018-09-20 13:17:40,760:INFO: [TRAIN] Step: 441 ; Loss: 19.822 ; Acc: 50.311
2018-09-20 13:17:40,843:INFO: [TRAIN] Step: 442 ; Loss: 24.295 ; Acc: 50.292
2018-09-20 13:17:40,934:INFO: [TRAIN] Step: 443 ; Loss: 19.481 ; Acc: 50.300
2018-09-20 13:17:41,018:INFO: [TRAIN] Step: 444 ; Loss: 18.478 ; Acc: 50.337
2018-09-20 13:17:41,155:INFO: [TRAIN] Step: 445 ; Loss: 18.650 ; Acc: 50.374
2018-09-20 13:17:41,309:INFO: [TRAIN] Step: 446 ; Loss: 19.305 ; Acc: 50.391
2018-09-20 13:17:41,405:INFO: [TRAIN] Step: 447 ; Loss: 18.208 ; Acc: 50.381
