2018-09-19 13:54:20,165:INFO: ### Model ###
LeNet5(
  (convnet): Sequential(
    (0): Conv2d(1, 6, kernel_size=(5, 5), stride=(1, 1))
    (1): ReLU()
    (2): MaxPool2d(kernel_size=(2, 2), stride=2, padding=0, dilation=1, ceil_mode=False)
    (3): Conv2d(6, 16, kernel_size=(5, 5), stride=(1, 1))
    (4): ReLU()
    (5): MaxPool2d(kernel_size=(2, 2), stride=2, padding=0, dilation=1, ceil_mode=False)
    (6): Conv2d(16, 120, kernel_size=(5, 5), stride=(1, 1))
    (7): ReLU()
    (8): Conv2d(120, 240, kernel_size=(5, 5), stride=(1, 1))
    (9): ReLU()
  )
  (fc): Sequential(
    (0): Linear(in_features=240, out_features=84, bias=True)
    (1): ReLU()
    (2): Linear(in_features=84, out_features=10, bias=True)
  )
)
2018-09-19 13:54:20,166:INFO: ### Optimizer ###
Adam (
Parameter Group 0
    amsgrad: False
    betas: (0.9, 0.999)
    eps: 1e-08
    lr: 5e-06
    weight_decay: 0
)
2018-09-19 13:54:20,166:INFO: ### HParams ###
n_epochs: 1 ; data: ferplus ; label: ferplus_votes ; batch_size: 24 ; lr: 5e-06 ; wd: 0 ; eval_steps: 1190
2018-09-19 13:54:20,341:INFO: [TRAIN] Step: 0 ; Loss: 39.076 ; Acc: 0.000
2018-09-19 13:54:20,420:INFO: [TRAIN] Step: 1 ; Loss: 39.438 ; Acc: 0.000
2018-09-19 13:54:20,499:INFO: [TRAIN] Step: 2 ; Loss: 40.413 ; Acc: 0.000
2018-09-19 13:54:20,604:INFO: [TRAIN] Step: 3 ; Loss: 42.136 ; Acc: 0.000
2018-09-19 13:54:20,686:INFO: [TRAIN] Step: 4 ; Loss: 41.929 ; Acc: 0.000
2018-09-19 13:54:20,763:INFO: [TRAIN] Step: 5 ; Loss: 41.405 ; Acc: 0.000
2018-09-19 13:54:20,846:INFO: [TRAIN] Step: 6 ; Loss: 42.051 ; Acc: 0.000
2018-09-19 13:54:20,928:INFO: [TRAIN] Step: 7 ; Loss: 41.365 ; Acc: 0.000
2018-09-19 13:54:21,010:INFO: [TRAIN] Step: 8 ; Loss: 40.623 ; Acc: 0.000
2018-09-19 13:54:21,085:INFO: [TRAIN] Step: 9 ; Loss: 39.035 ; Acc: 0.417
2018-09-19 13:54:21,166:INFO: [TRAIN] Step: 10 ; Loss: 39.385 ; Acc: 0.379
2018-09-19 13:54:21,247:INFO: [TRAIN] Step: 11 ; Loss: 38.975 ; Acc: 0.347
2018-09-19 13:54:21,330:INFO: [TRAIN] Step: 12 ; Loss: 39.418 ; Acc: 0.321
2018-09-19 13:54:21,416:INFO: [TRAIN] Step: 13 ; Loss: 42.426 ; Acc: 0.298
2018-09-19 13:54:21,509:INFO: [TRAIN] Step: 14 ; Loss: 36.887 ; Acc: 0.278
2018-09-19 13:54:21,586:INFO: [TRAIN] Step: 15 ; Loss: 37.111 ; Acc: 0.521
2018-09-19 13:54:21,670:INFO: [TRAIN] Step: 16 ; Loss: 38.475 ; Acc: 0.490
2018-09-19 13:54:21,750:INFO: [TRAIN] Step: 17 ; Loss: 39.206 ; Acc: 0.463
2018-09-19 13:54:21,839:INFO: [TRAIN] Step: 18 ; Loss: 38.898 ; Acc: 0.439
2018-09-19 13:54:21,925:INFO: [TRAIN] Step: 19 ; Loss: 39.119 ; Acc: 0.417
2018-09-19 13:54:22,007:INFO: [TRAIN] Step: 20 ; Loss: 41.164 ; Acc: 0.595
2018-09-19 13:54:22,079:INFO: [TRAIN] Step: 21 ; Loss: 43.355 ; Acc: 0.568
2018-09-19 13:54:22,163:INFO: [TRAIN] Step: 22 ; Loss: 35.391 ; Acc: 0.725
2018-09-19 13:54:22,239:INFO: [TRAIN] Step: 23 ; Loss: 40.678 ; Acc: 0.694
2018-09-19 13:54:22,319:INFO: [TRAIN] Step: 24 ; Loss: 37.959 ; Acc: 0.667
2018-09-19 13:54:22,394:INFO: [TRAIN] Step: 25 ; Loss: 45.157 ; Acc: 0.641
2018-09-19 13:54:22,476:INFO: [TRAIN] Step: 26 ; Loss: 42.389 ; Acc: 0.617
2018-09-19 13:54:22,551:INFO: [TRAIN] Step: 27 ; Loss: 41.589 ; Acc: 0.595
2018-09-19 13:54:22,632:INFO: [TRAIN] Step: 28 ; Loss: 41.564 ; Acc: 0.575
2018-09-19 13:54:22,708:INFO: [TRAIN] Step: 29 ; Loss: 37.256 ; Acc: 0.556
2018-09-19 13:54:22,791:INFO: [TRAIN] Step: 30 ; Loss: 40.597 ; Acc: 0.538
2018-09-19 13:54:22,866:INFO: [TRAIN] Step: 31 ; Loss: 37.730 ; Acc: 0.521
2018-09-19 13:54:22,947:INFO: [TRAIN] Step: 32 ; Loss: 38.984 ; Acc: 0.505
2018-09-19 13:54:23,021:INFO: [TRAIN] Step: 33 ; Loss: 41.759 ; Acc: 0.490
2018-09-19 13:54:23,104:INFO: [TRAIN] Step: 34 ; Loss: 41.262 ; Acc: 0.595
2018-09-19 13:54:23,180:INFO: [TRAIN] Step: 35 ; Loss: 41.849 ; Acc: 0.579
2018-09-19 13:54:23,262:INFO: [TRAIN] Step: 36 ; Loss: 43.644 ; Acc: 0.563
2018-09-19 13:54:23,338:INFO: [TRAIN] Step: 37 ; Loss: 41.831 ; Acc: 0.548
2018-09-19 13:54:23,425:INFO: [TRAIN] Step: 38 ; Loss: 40.467 ; Acc: 0.534
2018-09-19 13:54:23,501:INFO: [TRAIN] Step: 39 ; Loss: 38.582 ; Acc: 0.521
2018-09-19 13:54:23,582:INFO: [TRAIN] Step: 40 ; Loss: 42.196 ; Acc: 0.508
2018-09-19 13:54:23,656:INFO: [TRAIN] Step: 41 ; Loss: 34.386 ; Acc: 0.496
2018-09-19 13:54:23,737:INFO: [TRAIN] Step: 42 ; Loss: 35.784 ; Acc: 0.484
2018-09-19 13:54:23,833:INFO: [TRAIN] Step: 43 ; Loss: 38.256 ; Acc: 0.473
2018-09-19 13:54:23,917:INFO: [TRAIN] Step: 44 ; Loss: 38.273 ; Acc: 0.463
2018-09-19 13:54:23,989:INFO: [TRAIN] Step: 45 ; Loss: 44.248 ; Acc: 0.543
2018-09-19 13:54:24,075:INFO: [TRAIN] Step: 46 ; Loss: 40.974 ; Acc: 0.532
2018-09-19 13:54:24,151:INFO: [TRAIN] Step: 47 ; Loss: 36.174 ; Acc: 0.521
2018-09-19 13:54:24,233:INFO: [TRAIN] Step: 48 ; Loss: 41.435 ; Acc: 0.510
2018-09-19 13:54:24,308:INFO: [TRAIN] Step: 49 ; Loss: 39.725 ; Acc: 0.833
2018-09-19 13:54:24,389:INFO: [TRAIN] Step: 50 ; Loss: 41.143 ; Acc: 0.817
2018-09-19 13:54:24,468:INFO: [TRAIN] Step: 51 ; Loss: 36.587 ; Acc: 1.042
2018-09-19 13:54:24,552:INFO: [TRAIN] Step: 52 ; Loss: 34.972 ; Acc: 1.022
2018-09-19 13:54:24,629:INFO: [TRAIN] Step: 53 ; Loss: 36.075 ; Acc: 1.080
2018-09-19 13:54:24,709:INFO: [TRAIN] Step: 54 ; Loss: 37.895 ; Acc: 1.364
2018-09-19 13:54:24,782:INFO: [TRAIN] Step: 55 ; Loss: 45.371 ; Acc: 1.339
2018-09-19 13:54:24,864:INFO: [TRAIN] Step: 56 ; Loss: 39.913 ; Acc: 1.389
2018-09-19 13:54:24,937:INFO: [TRAIN] Step: 57 ; Loss: 42.062 ; Acc: 1.509
2018-09-19 13:54:25,018:INFO: [TRAIN] Step: 58 ; Loss: 42.726 ; Acc: 1.624
2018-09-19 13:54:25,091:INFO: [TRAIN] Step: 59 ; Loss: 40.608 ; Acc: 1.667
2018-09-19 13:54:25,173:INFO: [TRAIN] Step: 60 ; Loss: 38.050 ; Acc: 1.708
2018-09-19 13:54:25,248:INFO: [TRAIN] Step: 61 ; Loss: 42.191 ; Acc: 1.815
2018-09-19 13:54:25,329:INFO: [TRAIN] Step: 62 ; Loss: 39.697 ; Acc: 1.918
2018-09-19 13:54:25,403:INFO: [TRAIN] Step: 63 ; Loss: 40.828 ; Acc: 1.953
2018-09-19 13:54:25,485:INFO: [TRAIN] Step: 64 ; Loss: 40.314 ; Acc: 2.372
2018-09-19 13:54:25,559:INFO: [TRAIN] Step: 65 ; Loss: 36.904 ; Acc: 2.525
2018-09-19 13:54:25,639:INFO: [TRAIN] Step: 66 ; Loss: 35.620 ; Acc: 2.674
2018-09-19 13:54:25,714:INFO: [TRAIN] Step: 67 ; Loss: 35.840 ; Acc: 2.696
2018-09-19 13:54:25,796:INFO: [TRAIN] Step: 68 ; Loss: 39.017 ; Acc: 2.959
2018-09-19 13:54:25,873:INFO: [TRAIN] Step: 69 ; Loss: 40.198 ; Acc: 3.155
2018-09-19 13:54:25,954:INFO: [TRAIN] Step: 70 ; Loss: 38.905 ; Acc: 3.286
2018-09-19 13:54:26,030:INFO: [TRAIN] Step: 71 ; Loss: 37.420 ; Acc: 3.530
2018-09-19 13:54:26,109:INFO: [TRAIN] Step: 72 ; Loss: 36.604 ; Acc: 3.596
2018-09-19 13:54:26,182:INFO: [TRAIN] Step: 73 ; Loss: 37.651 ; Acc: 3.829
2018-09-19 13:54:26,264:INFO: [TRAIN] Step: 74 ; Loss: 38.124 ; Acc: 4.111
2018-09-19 13:54:26,338:INFO: [TRAIN] Step: 75 ; Loss: 37.861 ; Acc: 4.276
2018-09-19 13:54:26,419:INFO: [TRAIN] Step: 76 ; Loss: 38.036 ; Acc: 4.275
2018-09-19 13:54:26,493:INFO: [TRAIN] Step: 77 ; Loss: 39.834 ; Acc: 4.594
2018-09-19 13:54:26,574:INFO: [TRAIN] Step: 78 ; Loss: 41.995 ; Acc: 4.905
2018-09-19 13:54:26,647:INFO: [TRAIN] Step: 79 ; Loss: 36.592 ; Acc: 5.052
2018-09-19 13:54:26,730:INFO: [TRAIN] Step: 80 ; Loss: 37.239 ; Acc: 5.195
2018-09-19 13:54:26,803:INFO: [TRAIN] Step: 81 ; Loss: 43.922 ; Acc: 5.488
2018-09-19 13:54:26,885:INFO: [TRAIN] Step: 82 ; Loss: 36.565 ; Acc: 5.572
2018-09-19 13:54:26,959:INFO: [TRAIN] Step: 83 ; Loss: 39.734 ; Acc: 5.804
2018-09-19 13:54:27,052:INFO: [TRAIN] Step: 84 ; Loss: 38.632 ; Acc: 6.029
2018-09-19 13:54:27,135:INFO: [TRAIN] Step: 85 ; Loss: 38.241 ; Acc: 6.105
2018-09-19 13:54:27,216:INFO: [TRAIN] Step: 86 ; Loss: 38.021 ; Acc: 6.418
2018-09-19 13:54:27,291:INFO: [TRAIN] Step: 87 ; Loss: 39.890 ; Acc: 6.581
2018-09-19 13:54:27,372:INFO: [TRAIN] Step: 88 ; Loss: 41.539 ; Acc: 7.022
2018-09-19 13:54:27,446:INFO: [TRAIN] Step: 89 ; Loss: 38.798 ; Acc: 7.269
2018-09-19 13:54:27,528:INFO: [TRAIN] Step: 90 ; Loss: 37.680 ; Acc: 7.463
2018-09-19 13:54:27,605:INFO: [TRAIN] Step: 91 ; Loss: 43.886 ; Acc: 7.654
2018-09-19 13:54:27,686:INFO: [TRAIN] Step: 92 ; Loss: 35.301 ; Acc: 7.885
2018-09-19 13:54:27,761:INFO: [TRAIN] Step: 93 ; Loss: 40.075 ; Acc: 8.023
2018-09-19 13:54:27,843:INFO: [TRAIN] Step: 94 ; Loss: 38.680 ; Acc: 8.289
2018-09-19 13:54:27,918:INFO: [TRAIN] Step: 95 ; Loss: 39.285 ; Acc: 8.550
2018-09-19 13:54:28,005:INFO: [TRAIN] Step: 96 ; Loss: 40.179 ; Acc: 8.763
2018-09-19 13:54:28,080:INFO: [TRAIN] Step: 97 ; Loss: 39.676 ; Acc: 8.971
2018-09-19 13:54:28,164:INFO: [TRAIN] Step: 98 ; Loss: 34.540 ; Acc: 9.175
2018-09-19 13:54:28,241:INFO: [TRAIN] Step: 99 ; Loss: 37.591 ; Acc: 9.458
2018-09-19 13:54:28,321:INFO: [TRAIN] Step: 100 ; Loss: 36.468 ; Acc: 9.653
2018-09-19 13:54:28,396:INFO: [TRAIN] Step: 101 ; Loss: 39.533 ; Acc: 9.926
2018-09-19 13:54:28,477:INFO: [TRAIN] Step: 102 ; Loss: 34.746 ; Acc: 9.992
2018-09-19 13:54:28,553:INFO: [TRAIN] Step: 103 ; Loss: 39.679 ; Acc: 10.216
2018-09-19 13:54:28,633:INFO: [TRAIN] Step: 104 ; Loss: 39.435 ; Acc: 10.516
2018-09-19 13:54:28,709:INFO: [TRAIN] Step: 105 ; Loss: 37.577 ; Acc: 10.731
2018-09-19 13:54:28,792:INFO: [TRAIN] Step: 106 ; Loss: 40.890 ; Acc: 11.098
2018-09-19 13:54:28,865:INFO: [TRAIN] Step: 107 ; Loss: 38.659 ; Acc: 11.304
2018-09-19 13:54:28,946:INFO: [TRAIN] Step: 108 ; Loss: 38.968 ; Acc: 11.468
2018-09-19 13:54:29,021:INFO: [TRAIN] Step: 109 ; Loss: 42.510 ; Acc: 11.515
2018-09-19 13:54:29,102:INFO: [TRAIN] Step: 110 ; Loss: 40.400 ; Acc: 11.824
2018-09-19 13:54:29,175:INFO: [TRAIN] Step: 111 ; Loss: 39.290 ; Acc: 11.979
2018-09-19 13:54:29,256:INFO: [TRAIN] Step: 112 ; Loss: 39.320 ; Acc: 12.205
2018-09-19 13:54:29,330:INFO: [TRAIN] Step: 113 ; Loss: 39.328 ; Acc: 12.317
2018-09-19 13:54:29,411:INFO: [TRAIN] Step: 114 ; Loss: 36.991 ; Acc: 12.464
2018-09-19 13:54:29,487:INFO: [TRAIN] Step: 115 ; Loss: 41.245 ; Acc: 12.751
2018-09-19 13:54:29,567:INFO: [TRAIN] Step: 116 ; Loss: 39.341 ; Acc: 12.963
2018-09-19 13:54:29,641:INFO: [TRAIN] Step: 117 ; Loss: 39.749 ; Acc: 13.065
2018-09-19 13:54:29,723:INFO: [TRAIN] Step: 118 ; Loss: 40.976 ; Acc: 13.200
2018-09-19 13:54:29,796:INFO: [TRAIN] Step: 119 ; Loss: 38.079 ; Acc: 13.299
2018-09-19 13:54:29,879:INFO: [TRAIN] Step: 120 ; Loss: 40.651 ; Acc: 13.671
2018-09-19 13:54:29,951:INFO: [TRAIN] Step: 121 ; Loss: 35.386 ; Acc: 13.866
2018-09-19 13:54:30,032:INFO: [TRAIN] Step: 122 ; Loss: 35.601 ; Acc: 13.957
2018-09-19 13:54:30,126:INFO: [TRAIN] Step: 123 ; Loss: 39.653 ; Acc: 14.180
2018-09-19 13:54:30,218:INFO: [TRAIN] Step: 124 ; Loss: 40.635 ; Acc: 14.367
2018-09-19 13:54:30,294:INFO: [TRAIN] Step: 125 ; Loss: 36.203 ; Acc: 14.517
2018-09-19 13:54:30,382:INFO: [TRAIN] Step: 126 ; Loss: 39.108 ; Acc: 14.731
2018-09-19 13:54:30,457:INFO: [TRAIN] Step: 127 ; Loss: 38.145 ; Acc: 14.909
2018-09-19 13:54:30,539:INFO: [TRAIN] Step: 128 ; Loss: 39.122 ; Acc: 15.084
2018-09-19 13:54:30,614:INFO: [TRAIN] Step: 129 ; Loss: 38.098 ; Acc: 15.256
2018-09-19 13:54:30,697:INFO: [TRAIN] Step: 130 ; Loss: 38.117 ; Acc: 15.299
2018-09-19 13:54:30,775:INFO: [TRAIN] Step: 131 ; Loss: 38.353 ; Acc: 15.341
2018-09-19 13:54:30,857:INFO: [TRAIN] Step: 132 ; Loss: 37.537 ; Acc: 15.508
2018-09-19 13:54:30,932:INFO: [TRAIN] Step: 133 ; Loss: 35.547 ; Acc: 15.672
2018-09-19 13:54:31,013:INFO: [TRAIN] Step: 134 ; Loss: 37.767 ; Acc: 15.864
2018-09-19 13:54:31,088:INFO: [TRAIN] Step: 135 ; Loss: 40.554 ; Acc: 15.931
2018-09-19 13:54:31,170:INFO: [TRAIN] Step: 136 ; Loss: 34.992 ; Acc: 16.028
2018-09-19 13:54:31,246:INFO: [TRAIN] Step: 137 ; Loss: 36.575 ; Acc: 16.214
2018-09-19 13:54:31,326:INFO: [TRAIN] Step: 138 ; Loss: 37.911 ; Acc: 16.427
2018-09-19 13:54:31,400:INFO: [TRAIN] Step: 139 ; Loss: 36.548 ; Acc: 16.488
2018-09-19 13:54:31,483:INFO: [TRAIN] Step: 140 ; Loss: 35.621 ; Acc: 16.489
2018-09-19 13:54:31,555:INFO: [TRAIN] Step: 141 ; Loss: 39.766 ; Acc: 16.667
2018-09-19 13:54:31,636:INFO: [TRAIN] Step: 142 ; Loss: 34.194 ; Acc: 16.783
2018-09-19 13:54:31,712:INFO: [TRAIN] Step: 143 ; Loss: 37.669 ; Acc: 16.869
2018-09-19 13:54:31,792:INFO: [TRAIN] Step: 144 ; Loss: 39.805 ; Acc: 16.954
2018-09-19 13:54:31,867:INFO: [TRAIN] Step: 145 ; Loss: 39.720 ; Acc: 17.066
2018-09-19 13:54:31,953:INFO: [TRAIN] Step: 146 ; Loss: 38.250 ; Acc: 17.120
2018-09-19 13:54:32,028:INFO: [TRAIN] Step: 147 ; Loss: 43.079 ; Acc: 17.258
2018-09-19 13:54:32,108:INFO: [TRAIN] Step: 148 ; Loss: 39.039 ; Acc: 17.310
2018-09-19 13:54:32,182:INFO: [TRAIN] Step: 149 ; Loss: 33.516 ; Acc: 17.500
2018-09-19 13:54:32,262:INFO: [TRAIN] Step: 150 ; Loss: 34.940 ; Acc: 17.605
2018-09-19 13:54:32,340:INFO: [TRAIN] Step: 151 ; Loss: 35.139 ; Acc: 17.708
2018-09-19 13:54:32,422:INFO: [TRAIN] Step: 152 ; Loss: 34.909 ; Acc: 17.756
2018-09-19 13:54:32,498:INFO: [TRAIN] Step: 153 ; Loss: 38.836 ; Acc: 17.857
2018-09-19 13:54:32,579:INFO: [TRAIN] Step: 154 ; Loss: 36.150 ; Acc: 18.038
2018-09-19 13:54:32,653:INFO: [TRAIN] Step: 155 ; Loss: 36.057 ; Acc: 18.029
2018-09-19 13:54:32,733:INFO: [TRAIN] Step: 156 ; Loss: 38.200 ; Acc: 18.126
2018-09-19 13:54:32,806:INFO: [TRAIN] Step: 157 ; Loss: 39.714 ; Acc: 18.223
2018-09-19 13:54:32,888:INFO: [TRAIN] Step: 158 ; Loss: 37.480 ; Acc: 18.239
2018-09-19 13:54:32,962:INFO: [TRAIN] Step: 159 ; Loss: 36.719 ; Acc: 18.307
2018-09-19 13:54:33,048:INFO: [TRAIN] Step: 160 ; Loss: 38.492 ; Acc: 18.375
2018-09-19 13:54:33,122:INFO: [TRAIN] Step: 161 ; Loss: 35.376 ; Acc: 18.313
2018-09-19 13:54:33,202:INFO: [TRAIN] Step: 162 ; Loss: 41.933 ; Acc: 18.379
2018-09-19 13:54:33,278:INFO: [TRAIN] Step: 163 ; Loss: 37.367 ; Acc: 18.572
2018-09-19 13:54:33,359:INFO: [TRAIN] Step: 164 ; Loss: 32.986 ; Acc: 18.611
2018-09-19 13:54:33,446:INFO: [TRAIN] Step: 165 ; Loss: 38.004 ; Acc: 18.800
2018-09-19 13:54:33,525:INFO: [TRAIN] Step: 166 ; Loss: 38.578 ; Acc: 18.837
2018-09-19 13:54:33,600:INFO: [TRAIN] Step: 167 ; Loss: 36.664 ; Acc: 18.948
2018-09-19 13:54:33,681:INFO: [TRAIN] Step: 168 ; Loss: 37.886 ; Acc: 19.107
2018-09-19 13:54:33,756:INFO: [TRAIN] Step: 169 ; Loss: 34.366 ; Acc: 19.289
2018-09-19 13:54:33,838:INFO: [TRAIN] Step: 170 ; Loss: 35.378 ; Acc: 19.396
2018-09-19 13:54:33,912:INFO: [TRAIN] Step: 171 ; Loss: 36.762 ; Acc: 19.646
2018-09-19 13:54:33,992:INFO: [TRAIN] Step: 172 ; Loss: 40.269 ; Acc: 19.774
2018-09-19 13:54:34,068:INFO: [TRAIN] Step: 173 ; Loss: 35.201 ; Acc: 19.852
2018-09-19 13:54:34,150:INFO: [TRAIN] Step: 174 ; Loss: 36.357 ; Acc: 19.786
2018-09-19 13:54:34,228:INFO: [TRAIN] Step: 175 ; Loss: 35.861 ; Acc: 19.886
2018-09-19 13:54:34,322:INFO: [TRAIN] Step: 176 ; Loss: 32.647 ; Acc: 20.033
2018-09-19 13:54:34,400:INFO: [TRAIN] Step: 177 ; Loss: 36.529 ; Acc: 20.201
2018-09-19 13:54:34,484:INFO: [TRAIN] Step: 178 ; Loss: 36.199 ; Acc: 20.321
2018-09-19 13:54:34,560:INFO: [TRAIN] Step: 179 ; Loss: 34.963 ; Acc: 20.463
2018-09-19 13:54:34,640:INFO: [TRAIN] Step: 180 ; Loss: 36.461 ; Acc: 20.626
2018-09-19 13:54:34,715:INFO: [TRAIN] Step: 181 ; Loss: 37.246 ; Acc: 20.650
2018-09-19 13:54:34,797:INFO: [TRAIN] Step: 182 ; Loss: 32.887 ; Acc: 20.811
2018-09-19 13:54:34,871:INFO: [TRAIN] Step: 183 ; Loss: 37.569 ; Acc: 20.947
2018-09-19 13:54:34,951:INFO: [TRAIN] Step: 184 ; Loss: 38.446 ; Acc: 20.968
2018-09-19 13:54:35,024:INFO: [TRAIN] Step: 185 ; Loss: 38.575 ; Acc: 21.057
2018-09-19 13:54:35,103:INFO: [TRAIN] Step: 186 ; Loss: 33.508 ; Acc: 21.078
2018-09-19 13:54:35,176:INFO: [TRAIN] Step: 187 ; Loss: 35.261 ; Acc: 21.144
2018-09-19 13:54:35,258:INFO: [TRAIN] Step: 188 ; Loss: 33.939 ; Acc: 21.208
2018-09-19 13:54:35,334:INFO: [TRAIN] Step: 189 ; Loss: 37.655 ; Acc: 21.316
2018-09-19 13:54:35,417:INFO: [TRAIN] Step: 190 ; Loss: 36.794 ; Acc: 21.335
2018-09-19 13:54:35,493:INFO: [TRAIN] Step: 191 ; Loss: 35.750 ; Acc: 21.398
2018-09-19 13:54:35,574:INFO: [TRAIN] Step: 192 ; Loss: 39.504 ; Acc: 21.438
2018-09-19 13:54:35,647:INFO: [TRAIN] Step: 193 ; Loss: 39.827 ; Acc: 21.585
2018-09-19 13:54:35,728:INFO: [TRAIN] Step: 194 ; Loss: 32.127 ; Acc: 21.774
2018-09-19 13:54:35,801:INFO: [TRAIN] Step: 195 ; Loss: 38.021 ; Acc: 21.832
2018-09-19 13:54:35,885:INFO: [TRAIN] Step: 196 ; Loss: 36.857 ; Acc: 21.891
2018-09-19 13:54:35,957:INFO: [TRAIN] Step: 197 ; Loss: 37.785 ; Acc: 21.886
2018-09-19 13:54:36,042:INFO: [TRAIN] Step: 198 ; Loss: 36.351 ; Acc: 21.964
2018-09-19 13:54:36,115:INFO: [TRAIN] Step: 199 ; Loss: 39.822 ; Acc: 21.979
2018-09-19 13:54:36,196:INFO: [TRAIN] Step: 200 ; Loss: 35.036 ; Acc: 22.015
2018-09-19 13:54:36,271:INFO: [TRAIN] Step: 201 ; Loss: 35.166 ; Acc: 22.153
2018-09-19 13:54:36,353:INFO: [TRAIN] Step: 202 ; Loss: 40.347 ; Acc: 22.167
2018-09-19 13:54:36,426:INFO: [TRAIN] Step: 203 ; Loss: 39.485 ; Acc: 22.222
2018-09-19 13:54:36,509:INFO: [TRAIN] Step: 204 ; Loss: 38.147 ; Acc: 22.276
2018-09-19 13:54:36,586:INFO: [TRAIN] Step: 205 ; Loss: 34.755 ; Acc: 22.411
2018-09-19 13:54:36,667:INFO: [TRAIN] Step: 206 ; Loss: 36.438 ; Acc: 22.444
2018-09-19 13:54:36,741:INFO: [TRAIN] Step: 207 ; Loss: 36.347 ; Acc: 22.516
2018-09-19 13:54:36,823:INFO: [TRAIN] Step: 208 ; Loss: 42.902 ; Acc: 22.528
2018-09-19 13:54:36,899:INFO: [TRAIN] Step: 209 ; Loss: 38.694 ; Acc: 22.560
2018-09-19 13:54:36,978:INFO: [TRAIN] Step: 210 ; Loss: 37.388 ; Acc: 22.591
2018-09-19 13:54:37,054:INFO: [TRAIN] Step: 211 ; Loss: 35.853 ; Acc: 22.720
2018-09-19 13:54:37,135:INFO: [TRAIN] Step: 212 ; Loss: 37.651 ; Acc: 22.770
2018-09-19 13:54:37,209:INFO: [TRAIN] Step: 213 ; Loss: 33.502 ; Acc: 22.858
2018-09-19 13:54:37,291:INFO: [TRAIN] Step: 214 ; Loss: 33.838 ; Acc: 22.926
2018-09-19 13:54:37,364:INFO: [TRAIN] Step: 215 ; Loss: 35.607 ; Acc: 22.994
2018-09-19 13:54:37,449:INFO: [TRAIN] Step: 216 ; Loss: 34.345 ; Acc: 23.061
2018-09-19 13:54:37,521:INFO: [TRAIN] Step: 217 ; Loss: 36.308 ; Acc: 23.108
2018-09-19 13:54:37,604:INFO: [TRAIN] Step: 218 ; Loss: 33.894 ; Acc: 23.135
2018-09-19 13:54:37,682:INFO: [TRAIN] Step: 219 ; Loss: 35.486 ; Acc: 23.201
2018-09-19 13:54:37,778:INFO: [TRAIN] Step: 220 ; Loss: 35.394 ; Acc: 23.247
2018-09-19 13:54:37,851:INFO: [TRAIN] Step: 221 ; Loss: 39.673 ; Acc: 23.236
2018-09-19 13:54:37,935:INFO: [TRAIN] Step: 222 ; Loss: 39.313 ; Acc: 23.318
2018-09-19 13:54:38,012:INFO: [TRAIN] Step: 223 ; Loss: 36.658 ; Acc: 23.363
2018-09-19 13:54:38,094:INFO: [TRAIN] Step: 224 ; Loss: 37.941 ; Acc: 23.426
2018-09-19 13:54:38,170:INFO: [TRAIN] Step: 225 ; Loss: 36.273 ; Acc: 23.507
2018-09-19 13:54:38,251:INFO: [TRAIN] Step: 226 ; Loss: 33.385 ; Acc: 23.477
2018-09-19 13:54:38,326:INFO: [TRAIN] Step: 227 ; Loss: 32.410 ; Acc: 23.556
2018-09-19 13:54:38,407:INFO: [TRAIN] Step: 228 ; Loss: 35.394 ; Acc: 23.563
2018-09-19 13:54:38,481:INFO: [TRAIN] Step: 229 ; Loss: 29.429 ; Acc: 23.659
2018-09-19 13:54:38,562:INFO: [TRAIN] Step: 230 ; Loss: 31.723 ; Acc: 23.773
2018-09-19 13:54:38,634:INFO: [TRAIN] Step: 231 ; Loss: 38.054 ; Acc: 23.797
2018-09-19 13:54:38,718:INFO: [TRAIN] Step: 232 ; Loss: 35.341 ; Acc: 23.784
2018-09-19 13:54:38,792:INFO: [TRAIN] Step: 233 ; Loss: 36.252 ; Acc: 23.807
2018-09-19 13:54:38,873:INFO: [TRAIN] Step: 234 ; Loss: 33.584 ; Acc: 23.830
2018-09-19 13:54:38,947:INFO: [TRAIN] Step: 235 ; Loss: 32.690 ; Acc: 23.905
2018-09-19 13:54:39,028:INFO: [TRAIN] Step: 236 ; Loss: 38.721 ; Acc: 23.910
2018-09-19 13:54:39,103:INFO: [TRAIN] Step: 237 ; Loss: 35.637 ; Acc: 24.020
2018-09-19 13:54:39,185:INFO: [TRAIN] Step: 238 ; Loss: 35.333 ; Acc: 24.059
2018-09-19 13:54:39,259:INFO: [TRAIN] Step: 239 ; Loss: 35.152 ; Acc: 24.062
2018-09-19 13:54:39,340:INFO: [TRAIN] Step: 240 ; Loss: 34.722 ; Acc: 24.153
2018-09-19 13:54:39,414:INFO: [TRAIN] Step: 241 ; Loss: 33.547 ; Acc: 24.208
2018-09-19 13:54:39,495:INFO: [TRAIN] Step: 242 ; Loss: 32.725 ; Acc: 24.211
2018-09-19 13:54:39,570:INFO: [TRAIN] Step: 243 ; Loss: 36.246 ; Acc: 24.266
2018-09-19 13:54:39,652:INFO: [TRAIN] Step: 244 ; Loss: 32.605 ; Acc: 24.354
2018-09-19 13:54:39,724:INFO: [TRAIN] Step: 245 ; Loss: 32.551 ; Acc: 24.458
2018-09-19 13:54:39,805:INFO: [TRAIN] Step: 246 ; Loss: 32.858 ; Acc: 24.443
2018-09-19 13:54:39,880:INFO: [TRAIN] Step: 247 ; Loss: 34.863 ; Acc: 24.429
2018-09-19 13:54:39,961:INFO: [TRAIN] Step: 248 ; Loss: 33.649 ; Acc: 24.448
2018-09-19 13:54:40,035:INFO: [TRAIN] Step: 249 ; Loss: 32.155 ; Acc: 24.433
2018-09-19 13:54:40,118:INFO: [TRAIN] Step: 250 ; Loss: 35.225 ; Acc: 24.469
2018-09-19 13:54:40,196:INFO: [TRAIN] Step: 251 ; Loss: 34.697 ; Acc: 24.454
2018-09-19 13:54:40,281:INFO: [TRAIN] Step: 252 ; Loss: 32.520 ; Acc: 24.506
2018-09-19 13:54:40,355:INFO: [TRAIN] Step: 253 ; Loss: 36.588 ; Acc: 24.590
2018-09-19 13:54:40,437:INFO: [TRAIN] Step: 254 ; Loss: 35.308 ; Acc: 24.657
2018-09-19 13:54:40,512:INFO: [TRAIN] Step: 255 ; Loss: 31.477 ; Acc: 24.788
2018-09-19 13:54:40,593:INFO: [TRAIN] Step: 256 ; Loss: 33.359 ; Acc: 24.773
2018-09-19 13:54:40,666:INFO: [TRAIN] Step: 257 ; Loss: 31.183 ; Acc: 24.903
2018-09-19 13:54:40,749:INFO: [TRAIN] Step: 258 ; Loss: 32.025 ; Acc: 25.000
2018-09-19 13:54:40,822:INFO: [TRAIN] Step: 259 ; Loss: 31.925 ; Acc: 25.128
2018-09-19 13:54:40,907:INFO: [TRAIN] Step: 260 ; Loss: 33.268 ; Acc: 25.160
2018-09-19 13:54:40,980:INFO: [TRAIN] Step: 261 ; Loss: 32.359 ; Acc: 25.270
2018-09-19 13:54:41,062:INFO: [TRAIN] Step: 262 ; Loss: 33.583 ; Acc: 25.253
2018-09-19 13:54:41,134:INFO: [TRAIN] Step: 263 ; Loss: 34.443 ; Acc: 25.221
2018-09-19 13:54:41,218:INFO: [TRAIN] Step: 264 ; Loss: 32.315 ; Acc: 25.299
2018-09-19 13:54:41,295:INFO: [TRAIN] Step: 265 ; Loss: 33.740 ; Acc: 25.329
2018-09-19 13:54:41,375:INFO: [TRAIN] Step: 266 ; Loss: 35.238 ; Acc: 25.328
2018-09-19 13:54:41,449:INFO: [TRAIN] Step: 267 ; Loss: 32.565 ; Acc: 25.389
2018-09-19 13:54:41,531:INFO: [TRAIN] Step: 268 ; Loss: 35.013 ; Acc: 25.403
2018-09-19 13:54:41,603:INFO: [TRAIN] Step: 269 ; Loss: 32.380 ; Acc: 25.478
2018-09-19 13:54:41,685:INFO: [TRAIN] Step: 270 ; Loss: 30.123 ; Acc: 25.538
2018-09-19 13:54:41,764:INFO: [TRAIN] Step: 271 ; Loss: 35.545 ; Acc: 25.597
2018-09-19 13:54:41,846:INFO: [TRAIN] Step: 272 ; Loss: 32.721 ; Acc: 25.626
2018-09-19 13:54:41,918:INFO: [TRAIN] Step: 273 ; Loss: 35.797 ; Acc: 25.684
2018-09-19 13:54:42,004:INFO: [TRAIN] Step: 274 ; Loss: 34.335 ; Acc: 25.667
2018-09-19 13:54:42,077:INFO: [TRAIN] Step: 275 ; Loss: 34.689 ; Acc: 25.679
2018-09-19 13:54:42,158:INFO: [TRAIN] Step: 276 ; Loss: 34.171 ; Acc: 25.722
2018-09-19 13:54:42,233:INFO: [TRAIN] Step: 277 ; Loss: 34.337 ; Acc: 25.794
2018-09-19 13:54:42,313:INFO: [TRAIN] Step: 278 ; Loss: 32.572 ; Acc: 25.777
2018-09-19 13:54:42,391:INFO: [TRAIN] Step: 279 ; Loss: 31.088 ; Acc: 25.833
2018-09-19 13:54:42,478:INFO: [TRAIN] Step: 280 ; Loss: 35.454 ; Acc: 25.875
2018-09-19 13:54:42,552:INFO: [TRAIN] Step: 281 ; Loss: 31.681 ; Acc: 25.916
2018-09-19 13:54:42,630:INFO: [TRAIN] Step: 282 ; Loss: 33.438 ; Acc: 25.942
2018-09-19 13:54:42,702:INFO: [TRAIN] Step: 283 ; Loss: 29.049 ; Acc: 26.012
2018-09-19 13:54:42,784:INFO: [TRAIN] Step: 284 ; Loss: 30.678 ; Acc: 26.067
2018-09-19 13:54:42,856:INFO: [TRAIN] Step: 285 ; Loss: 32.742 ; Acc: 26.078
2018-09-19 13:54:42,937:INFO: [TRAIN] Step: 286 ; Loss: 30.452 ; Acc: 26.147
2018-09-19 13:54:43,012:INFO: [TRAIN] Step: 287 ; Loss: 34.136 ; Acc: 26.215
2018-09-19 13:54:43,095:INFO: [TRAIN] Step: 288 ; Loss: 27.262 ; Acc: 26.283
2018-09-19 13:54:43,169:INFO: [TRAIN] Step: 289 ; Loss: 34.735 ; Acc: 26.264
2018-09-19 13:54:43,251:INFO: [TRAIN] Step: 290 ; Loss: 34.673 ; Acc: 26.231
2018-09-19 13:54:43,324:INFO: [TRAIN] Step: 291 ; Loss: 31.174 ; Acc: 26.241
2018-09-19 13:54:43,406:INFO: [TRAIN] Step: 292 ; Loss: 32.849 ; Acc: 26.294
2018-09-19 13:54:43,480:INFO: [TRAIN] Step: 293 ; Loss: 32.816 ; Acc: 26.346
2018-09-19 13:54:43,570:INFO: [TRAIN] Step: 294 ; Loss: 33.913 ; Acc: 26.370
2018-09-19 13:54:43,643:INFO: [TRAIN] Step: 295 ; Loss: 32.158 ; Acc: 26.365
2018-09-19 13:54:43,728:INFO: [TRAIN] Step: 296 ; Loss: 32.394 ; Acc: 26.403
2018-09-19 13:54:43,803:INFO: [TRAIN] Step: 297 ; Loss: 34.828 ; Acc: 26.398
2018-09-19 13:54:43,882:INFO: [TRAIN] Step: 298 ; Loss: 34.495 ; Acc: 26.449
2018-09-19 13:54:43,956:INFO: [TRAIN] Step: 299 ; Loss: 36.616 ; Acc: 26.444
2018-09-19 13:54:44,039:INFO: [TRAIN] Step: 300 ; Loss: 32.809 ; Acc: 26.453
2018-09-19 13:54:44,111:INFO: [TRAIN] Step: 301 ; Loss: 33.270 ; Acc: 26.504
2018-09-19 13:54:44,192:INFO: [TRAIN] Step: 302 ; Loss: 34.212 ; Acc: 26.499
2018-09-19 13:54:44,272:INFO: [TRAIN] Step: 303 ; Loss: 31.641 ; Acc: 26.535
2018-09-19 13:54:44,352:INFO: [TRAIN] Step: 304 ; Loss: 35.776 ; Acc: 26.516
2018-09-19 13:54:44,427:INFO: [TRAIN] Step: 305 ; Loss: 33.059 ; Acc: 26.525
2018-09-19 13:54:44,508:INFO: [TRAIN] Step: 306 ; Loss: 33.349 ; Acc: 26.520
2018-09-19 13:54:44,582:INFO: [TRAIN] Step: 307 ; Loss: 30.597 ; Acc: 26.583
2018-09-19 13:54:44,664:INFO: [TRAIN] Step: 308 ; Loss: 34.113 ; Acc: 26.591
2018-09-19 13:54:44,738:INFO: [TRAIN] Step: 309 ; Loss: 31.406 ; Acc: 26.694
2018-09-19 13:54:44,820:INFO: [TRAIN] Step: 310 ; Loss: 31.270 ; Acc: 26.728
2018-09-19 13:54:44,894:INFO: [TRAIN] Step: 311 ; Loss: 33.081 ; Acc: 26.696
2018-09-19 13:54:44,974:INFO: [TRAIN] Step: 312 ; Loss: 29.670 ; Acc: 26.704
2018-09-19 13:54:45,051:INFO: [TRAIN] Step: 313 ; Loss: 29.545 ; Acc: 26.699
2018-09-19 13:54:45,130:INFO: [TRAIN] Step: 314 ; Loss: 29.730 ; Acc: 26.799
2018-09-19 13:54:45,205:INFO: [TRAIN] Step: 315 ; Loss: 31.770 ; Acc: 26.846
2018-09-19 13:54:45,287:INFO: [TRAIN] Step: 316 ; Loss: 29.958 ; Acc: 26.853
2018-09-19 13:54:45,363:INFO: [TRAIN] Step: 317 ; Loss: 33.389 ; Acc: 26.861
2018-09-19 13:54:45,445:INFO: [TRAIN] Step: 318 ; Loss: 30.613 ; Acc: 26.855
2018-09-19 13:54:45,520:INFO: [TRAIN] Step: 319 ; Loss: 29.625 ; Acc: 26.940
2018-09-19 13:54:45,602:INFO: [TRAIN] Step: 320 ; Loss: 33.096 ; Acc: 26.960
2018-09-19 13:54:45,678:INFO: [TRAIN] Step: 321 ; Loss: 33.331 ; Acc: 26.941
2018-09-19 13:54:45,773:INFO: [TRAIN] Step: 322 ; Loss: 31.584 ; Acc: 26.987
2018-09-19 13:54:45,850:INFO: [TRAIN] Step: 323 ; Loss: 32.104 ; Acc: 27.019
2018-09-19 13:54:45,941:INFO: [TRAIN] Step: 324 ; Loss: 30.213 ; Acc: 27.064
2018-09-19 13:54:46,015:INFO: [TRAIN] Step: 325 ; Loss: 32.686 ; Acc: 27.058
2018-09-19 13:54:46,099:INFO: [TRAIN] Step: 326 ; Loss: 34.548 ; Acc: 27.039
2018-09-19 13:54:46,172:INFO: [TRAIN] Step: 327 ; Loss: 29.831 ; Acc: 27.071
2018-09-19 13:54:46,256:INFO: [TRAIN] Step: 328 ; Loss: 34.446 ; Acc: 27.064
2018-09-19 13:54:46,330:INFO: [TRAIN] Step: 329 ; Loss: 32.996 ; Acc: 27.083
2018-09-19 13:54:46,411:INFO: [TRAIN] Step: 330 ; Loss: 34.454 ; Acc: 27.102
2018-09-19 13:54:46,486:INFO: [TRAIN] Step: 331 ; Loss: 28.842 ; Acc: 27.221
2018-09-19 13:54:46,568:INFO: [TRAIN] Step: 332 ; Loss: 34.584 ; Acc: 27.227
2018-09-19 13:54:46,641:INFO: [TRAIN] Step: 333 ; Loss: 34.167 ; Acc: 27.183
2018-09-19 13:54:46,724:INFO: [TRAIN] Step: 334 ; Loss: 31.293 ; Acc: 27.201
2018-09-19 13:54:46,797:INFO: [TRAIN] Step: 335 ; Loss: 32.162 ; Acc: 27.220
2018-09-19 13:54:46,878:INFO: [TRAIN] Step: 336 ; Loss: 29.412 ; Acc: 27.238
2018-09-19 13:54:46,951:INFO: [TRAIN] Step: 337 ; Loss: 29.507 ; Acc: 27.367
2018-09-19 13:54:47,034:INFO: [TRAIN] Step: 338 ; Loss: 34.555 ; Acc: 27.384
2018-09-19 13:54:47,107:INFO: [TRAIN] Step: 339 ; Loss: 32.154 ; Acc: 27.402
2018-09-19 13:54:47,188:INFO: [TRAIN] Step: 340 ; Loss: 28.393 ; Acc: 27.419
2018-09-19 13:54:47,263:INFO: [TRAIN] Step: 341 ; Loss: 31.172 ; Acc: 27.424
2018-09-19 13:54:47,346:INFO: [TRAIN] Step: 342 ; Loss: 30.846 ; Acc: 27.430
2018-09-19 13:54:47,423:INFO: [TRAIN] Step: 343 ; Loss: 28.326 ; Acc: 27.459
2018-09-19 13:54:47,504:INFO: [TRAIN] Step: 344 ; Loss: 32.961 ; Acc: 27.452
2018-09-19 13:54:47,578:INFO: [TRAIN] Step: 345 ; Loss: 31.680 ; Acc: 27.481
2018-09-19 13:54:47,669:INFO: [TRAIN] Step: 346 ; Loss: 34.273 ; Acc: 27.486
2018-09-19 13:54:47,748:INFO: [TRAIN] Step: 347 ; Loss: 33.312 ; Acc: 27.490
2018-09-19 13:54:47,831:INFO: [TRAIN] Step: 348 ; Loss: 28.307 ; Acc: 27.531
2018-09-19 13:54:47,905:INFO: [TRAIN] Step: 349 ; Loss: 32.728 ; Acc: 27.571
2018-09-19 13:54:47,991:INFO: [TRAIN] Step: 350 ; Loss: 32.623 ; Acc: 27.576
2018-09-19 13:54:48,066:INFO: [TRAIN] Step: 351 ; Loss: 29.298 ; Acc: 27.604
2018-09-19 13:54:48,146:INFO: [TRAIN] Step: 352 ; Loss: 29.185 ; Acc: 27.644
2018-09-19 13:54:48,221:INFO: [TRAIN] Step: 353 ; Loss: 34.861 ; Acc: 27.613
2018-09-19 13:54:48,303:INFO: [TRAIN] Step: 354 ; Loss: 31.641 ; Acc: 27.594
2018-09-19 13:54:48,378:INFO: [TRAIN] Step: 355 ; Loss: 29.289 ; Acc: 27.645
2018-09-19 13:54:48,457:INFO: [TRAIN] Step: 356 ; Loss: 27.704 ; Acc: 27.719
2018-09-19 13:54:48,530:INFO: [TRAIN] Step: 357 ; Loss: 31.868 ; Acc: 27.747
2018-09-19 13:54:48,613:INFO: [TRAIN] Step: 358 ; Loss: 33.134 ; Acc: 27.751
2018-09-19 13:54:48,687:INFO: [TRAIN] Step: 359 ; Loss: 30.654 ; Acc: 27.801
2018-09-19 13:54:48,767:INFO: [TRAIN] Step: 360 ; Loss: 33.911 ; Acc: 27.793
2018-09-19 13:54:48,842:INFO: [TRAIN] Step: 361 ; Loss: 28.095 ; Acc: 27.855
2018-09-19 13:54:48,925:INFO: [TRAIN] Step: 362 ; Loss: 31.933 ; Acc: 27.870
2018-09-19 13:54:49,001:INFO: [TRAIN] Step: 363 ; Loss: 32.570 ; Acc: 27.930
2018-09-19 13:54:49,084:INFO: [TRAIN] Step: 364 ; Loss: 33.048 ; Acc: 27.934
2018-09-19 13:54:49,161:INFO: [TRAIN] Step: 365 ; Loss: 32.767 ; Acc: 27.960
2018-09-19 13:54:49,243:INFO: [TRAIN] Step: 366 ; Loss: 31.935 ; Acc: 27.997
2018-09-19 13:54:49,317:INFO: [TRAIN] Step: 367 ; Loss: 31.179 ; Acc: 28.023
2018-09-19 13:54:49,398:INFO: [TRAIN] Step: 368 ; Loss: 28.673 ; Acc: 28.026
2018-09-19 13:54:49,473:INFO: [TRAIN] Step: 369 ; Loss: 28.948 ; Acc: 28.074
2018-09-19 13:54:49,553:INFO: [TRAIN] Step: 370 ; Loss: 33.128 ; Acc: 28.077
2018-09-19 13:54:49,627:INFO: [TRAIN] Step: 371 ; Loss: 30.214 ; Acc: 28.080
2018-09-19 13:54:49,709:INFO: [TRAIN] Step: 372 ; Loss: 30.523 ; Acc: 28.105
2018-09-19 13:54:49,783:INFO: [TRAIN] Step: 373 ; Loss: 24.443 ; Acc: 28.186
2018-09-19 13:54:49,865:INFO: [TRAIN] Step: 374 ; Loss: 32.598 ; Acc: 28.211
2018-09-19 13:54:49,940:INFO: [TRAIN] Step: 375 ; Loss: 30.077 ; Acc: 28.236
2018-09-19 13:54:50,021:INFO: [TRAIN] Step: 376 ; Loss: 29.622 ; Acc: 28.271
2018-09-19 13:54:50,093:INFO: [TRAIN] Step: 377 ; Loss: 28.601 ; Acc: 28.307
2018-09-19 13:54:50,173:INFO: [TRAIN] Step: 378 ; Loss: 31.895 ; Acc: 28.331
2018-09-19 13:54:50,248:INFO: [TRAIN] Step: 379 ; Loss: 30.534 ; Acc: 28.344
2018-09-19 13:54:50,332:INFO: [TRAIN] Step: 380 ; Loss: 29.413 ; Acc: 28.401
2018-09-19 13:54:50,406:INFO: [TRAIN] Step: 381 ; Loss: 26.871 ; Acc: 28.425
2018-09-19 13:54:50,489:INFO: [TRAIN] Step: 382 ; Loss: 30.382 ; Acc: 28.460
2018-09-19 13:54:50,562:INFO: [TRAIN] Step: 383 ; Loss: 26.853 ; Acc: 28.483
2018-09-19 13:54:50,646:INFO: [TRAIN] Step: 384 ; Loss: 26.323 ; Acc: 28.517
2018-09-19 13:54:50,720:INFO: [TRAIN] Step: 385 ; Loss: 33.995 ; Acc: 28.497
2018-09-19 13:54:50,812:INFO: [TRAIN] Step: 386 ; Loss: 29.651 ; Acc: 28.488
2018-09-19 13:54:50,894:INFO: [TRAIN] Step: 387 ; Loss: 31.197 ; Acc: 28.512
2018-09-19 13:54:50,993:INFO: [TRAIN] Step: 388 ; Loss: 31.284 ; Acc: 28.524
2018-09-19 13:54:51,073:INFO: [TRAIN] Step: 389 ; Loss: 28.736 ; Acc: 28.515
2018-09-19 13:54:51,164:INFO: [TRAIN] Step: 390 ; Loss: 27.476 ; Acc: 28.559
2018-09-19 13:54:51,251:INFO: [TRAIN] Step: 391 ; Loss: 34.693 ; Acc: 28.561
2018-09-19 13:54:51,340:INFO: [TRAIN] Step: 392 ; Loss: 27.467 ; Acc: 28.584
2018-09-19 13:54:51,422:INFO: [TRAIN] Step: 393 ; Loss: 32.971 ; Acc: 28.564
2018-09-19 13:54:51,506:INFO: [TRAIN] Step: 394 ; Loss: 29.246 ; Acc: 28.608
2018-09-19 13:54:51,583:INFO: [TRAIN] Step: 395 ; Loss: 29.573 ; Acc: 28.641
2018-09-19 13:54:51,668:INFO: [TRAIN] Step: 396 ; Loss: 29.088 ; Acc: 28.631
2018-09-19 13:54:51,745:INFO: [TRAIN] Step: 397 ; Loss: 32.275 ; Acc: 28.654
2018-09-19 13:54:51,827:INFO: [TRAIN] Step: 398 ; Loss: 34.950 ; Acc: 28.634
2018-09-19 13:54:51,912:INFO: [TRAIN] Step: 399 ; Loss: 30.869 ; Acc: 28.667
2018-09-19 13:54:52,000:INFO: [TRAIN] Step: 400 ; Loss: 33.268 ; Acc: 28.668
2018-09-19 13:54:52,081:INFO: [TRAIN] Step: 401 ; Loss: 29.961 ; Acc: 28.700
2018-09-19 13:54:52,166:INFO: [TRAIN] Step: 402 ; Loss: 31.897 ; Acc: 28.701
2018-09-19 13:54:52,240:INFO: [TRAIN] Step: 403 ; Loss: 29.568 ; Acc: 28.703
2018-09-19 13:54:52,322:INFO: [TRAIN] Step: 404 ; Loss: 30.845 ; Acc: 28.693
2018-09-19 13:54:52,400:INFO: [TRAIN] Step: 405 ; Loss: 29.962 ; Acc: 28.715
2018-09-19 13:54:52,482:INFO: [TRAIN] Step: 406 ; Loss: 30.792 ; Acc: 28.716
2018-09-19 13:54:52,557:INFO: [TRAIN] Step: 407 ; Loss: 28.959 ; Acc: 28.728
2018-09-19 13:54:52,638:INFO: [TRAIN] Step: 408 ; Loss: 29.146 ; Acc: 28.780
2018-09-19 13:54:52,714:INFO: [TRAIN] Step: 409 ; Loss: 27.464 ; Acc: 28.841
2018-09-19 13:54:52,797:INFO: [TRAIN] Step: 410 ; Loss: 32.304 ; Acc: 28.842
2018-09-19 13:54:52,872:INFO: [TRAIN] Step: 411 ; Loss: 31.270 ; Acc: 28.863
2018-09-19 13:54:52,955:INFO: [TRAIN] Step: 412 ; Loss: 30.654 ; Acc: 28.914
2018-09-19 13:54:53,028:INFO: [TRAIN] Step: 413 ; Loss: 28.834 ; Acc: 28.975
2018-09-19 13:54:53,110:INFO: [TRAIN] Step: 414 ; Loss: 29.886 ; Acc: 28.966
2018-09-19 13:54:53,183:INFO: [TRAIN] Step: 415 ; Loss: 30.083 ; Acc: 29.006
2018-09-19 13:54:53,265:INFO: [TRAIN] Step: 416 ; Loss: 28.707 ; Acc: 29.017
2018-09-19 13:54:53,342:INFO: [TRAIN] Step: 417 ; Loss: 26.952 ; Acc: 29.047
2018-09-19 13:54:53,429:INFO: [TRAIN] Step: 418 ; Loss: 31.568 ; Acc: 29.057
2018-09-19 13:54:53,511:INFO: [TRAIN] Step: 419 ; Loss: 30.492 ; Acc: 29.058
2018-09-19 13:54:53,595:INFO: [TRAIN] Step: 420 ; Loss: 27.513 ; Acc: 29.107
2018-09-19 13:54:53,668:INFO: [TRAIN] Step: 421 ; Loss: 30.370 ; Acc: 29.137
2018-09-19 13:54:53,752:INFO: [TRAIN] Step: 422 ; Loss: 29.605 ; Acc: 29.147
2018-09-19 13:54:53,828:INFO: [TRAIN] Step: 423 ; Loss: 30.066 ; Acc: 29.186
2018-09-19 13:54:53,913:INFO: [TRAIN] Step: 424 ; Loss: 32.293 ; Acc: 29.196
2018-09-19 13:54:53,989:INFO: [TRAIN] Step: 425 ; Loss: 28.926 ; Acc: 29.216
2018-09-19 13:54:54,072:INFO: [TRAIN] Step: 426 ; Loss: 30.210 ; Acc: 29.254
2018-09-19 13:54:54,149:INFO: [TRAIN] Step: 427 ; Loss: 33.075 ; Acc: 29.274
2018-09-19 13:54:54,239:INFO: [TRAIN] Step: 428 ; Loss: 31.798 ; Acc: 29.274
2018-09-19 13:54:54,325:INFO: [TRAIN] Step: 429 ; Loss: 31.079 ; Acc: 29.312
2018-09-19 13:54:54,415:INFO: [TRAIN] Step: 430 ; Loss: 25.550 ; Acc: 29.350
2018-09-19 13:54:54,497:INFO: [TRAIN] Step: 431 ; Loss: 31.827 ; Acc: 29.360
2018-09-19 13:54:54,584:INFO: [TRAIN] Step: 432 ; Loss: 31.901 ; Acc: 29.359
2018-09-19 13:54:54,657:INFO: [TRAIN] Step: 433 ; Loss: 30.600 ; Acc: 29.378
2018-09-19 13:54:54,739:INFO: [TRAIN] Step: 434 ; Loss: 28.769 ; Acc: 29.397
2018-09-19 13:54:54,815:INFO: [TRAIN] Step: 435 ; Loss: 31.703 ; Acc: 29.406
2018-09-19 13:54:54,896:INFO: [TRAIN] Step: 436 ; Loss: 32.796 ; Acc: 29.395
2018-09-19 13:54:54,971:INFO: [TRAIN] Step: 437 ; Loss: 30.185 ; Acc: 29.395
2018-09-19 13:54:55,052:INFO: [TRAIN] Step: 438 ; Loss: 33.646 ; Acc: 29.394
2018-09-19 13:54:55,127:INFO: [TRAIN] Step: 439 ; Loss: 29.436 ; Acc: 29.384
2018-09-19 13:54:55,208:INFO: [TRAIN] Step: 440 ; Loss: 30.964 ; Acc: 29.365
2018-09-19 13:54:55,287:INFO: [TRAIN] Step: 441 ; Loss: 28.549 ; Acc: 29.421
2018-09-19 13:54:55,369:INFO: [TRAIN] Step: 442 ; Loss: 31.078 ; Acc: 29.421
2018-09-19 13:54:55,443:INFO: [TRAIN] Step: 443 ; Loss: 29.345 ; Acc: 29.467
2018-09-19 13:54:55,528:INFO: [TRAIN] Step: 444 ; Loss: 32.590 ; Acc: 29.448
2018-09-19 13:54:55,617:INFO: [TRAIN] Step: 445 ; Loss: 31.964 ; Acc: 29.428
2018-09-19 13:54:55,713:INFO: [TRAIN] Step: 446 ; Loss: 28.224 ; Acc: 29.446
2018-09-19 13:54:55,794:INFO: [TRAIN] Step: 447 ; Loss: 30.964 ; Acc: 29.446
2018-09-19 13:54:55,881:INFO: [TRAIN] Step: 448 ; Loss: 33.339 ; Acc: 29.454
2018-09-19 13:54:55,958:INFO: [TRAIN] Step: 449 ; Loss: 28.509 ; Acc: 29.481
2018-09-19 13:54:56,039:INFO: [TRAIN] Step: 450 ; Loss: 32.672 ; Acc: 29.481
2018-09-19 13:54:56,117:INFO: [TRAIN] Step: 451 ; Loss: 28.990 ; Acc: 29.489
2018-09-19 13:54:56,200:INFO: [TRAIN] Step: 452 ; Loss: 30.013 ; Acc: 29.535
2018-09-19 13:54:56,279:INFO: [TRAIN] Step: 453 ; Loss: 29.416 ; Acc: 29.552
2018-09-19 13:54:56,371:INFO: [TRAIN] Step: 454 ; Loss: 29.895 ; Acc: 29.560
2018-09-19 13:54:56,457:INFO: [TRAIN] Step: 455 ; Loss: 32.102 ; Acc: 29.560
2018-09-19 13:54:56,547:INFO: [TRAIN] Step: 456 ; Loss: 29.186 ; Acc: 29.604
2018-09-19 13:54:56,622:INFO: [TRAIN] Step: 457 ; Loss: 28.404 ; Acc: 29.640
2018-09-19 13:54:56,705:INFO: [TRAIN] Step: 458 ; Loss: 28.555 ; Acc: 29.648
2018-09-19 13:54:56,783:INFO: [TRAIN] Step: 459 ; Loss: 30.138 ; Acc: 29.692
2018-09-19 13:54:56,873:INFO: [TRAIN] Step: 460 ; Loss: 29.893 ; Acc: 29.709
2018-09-19 13:54:56,949:INFO: [TRAIN] Step: 461 ; Loss: 34.785 ; Acc: 29.690
2018-09-19 13:54:57,032:INFO: [TRAIN] Step: 462 ; Loss: 28.105 ; Acc: 29.725
2018-09-19 13:54:57,108:INFO: [TRAIN] Step: 463 ; Loss: 29.060 ; Acc: 29.741
2018-09-19 13:54:57,190:INFO: [TRAIN] Step: 464 ; Loss: 32.243 ; Acc: 29.758
2018-09-19 13:54:57,263:INFO: [TRAIN] Step: 465 ; Loss: 30.795 ; Acc: 29.766
2018-09-19 13:54:57,345:INFO: [TRAIN] Step: 466 ; Loss: 28.664 ; Acc: 29.809
2018-09-19 13:54:57,420:INFO: [TRAIN] Step: 467 ; Loss: 29.859 ; Acc: 29.825
2018-09-19 13:54:57,501:INFO: [TRAIN] Step: 468 ; Loss: 29.381 ; Acc: 29.886
2018-09-19 13:54:57,575:INFO: [TRAIN] Step: 469 ; Loss: 30.596 ; Acc: 29.911
2018-09-19 13:54:57,658:INFO: [TRAIN] Step: 470 ; Loss: 27.685 ; Acc: 29.936
2018-09-19 13:54:57,732:INFO: [TRAIN] Step: 471 ; Loss: 29.311 ; Acc: 29.952
2018-09-19 13:54:57,814:INFO: [TRAIN] Step: 472 ; Loss: 30.375 ; Acc: 29.951
2018-09-19 13:54:57,888:INFO: [TRAIN] Step: 473 ; Loss: 25.376 ; Acc: 29.984
2018-09-19 13:54:57,970:INFO: [TRAIN] Step: 474 ; Loss: 29.320 ; Acc: 30.009
2018-09-19 13:54:58,046:INFO: [TRAIN] Step: 475 ; Loss: 30.239 ; Acc: 30.007
2018-09-19 13:54:58,128:INFO: [TRAIN] Step: 476 ; Loss: 31.713 ; Acc: 30.014
2018-09-19 13:54:58,203:INFO: [TRAIN] Step: 477 ; Loss: 27.635 ; Acc: 30.073
2018-09-19 13:54:58,285:INFO: [TRAIN] Step: 478 ; Loss: 29.539 ; Acc: 30.080
2018-09-19 13:54:58,364:INFO: [TRAIN] Step: 479 ; Loss: 31.479 ; Acc: 30.087
2018-09-19 13:54:58,444:INFO: [TRAIN] Step: 480 ; Loss: 31.902 ; Acc: 30.076
2018-09-19 13:54:58,518:INFO: [TRAIN] Step: 481 ; Loss: 28.918 ; Acc: 30.083
2018-09-19 13:54:58,598:INFO: [TRAIN] Step: 482 ; Loss: 30.797 ; Acc: 30.090
2018-09-19 13:54:58,671:INFO: [TRAIN] Step: 483 ; Loss: 32.946 ; Acc: 30.079
2018-09-19 13:54:58,752:INFO: [TRAIN] Step: 484 ; Loss: 29.777 ; Acc: 30.077
2018-09-19 13:54:58,826:INFO: [TRAIN] Step: 485 ; Loss: 30.905 ; Acc: 30.084
2018-09-19 13:54:58,907:INFO: [TRAIN] Step: 486 ; Loss: 31.848 ; Acc: 30.091
2018-09-19 13:54:58,983:INFO: [TRAIN] Step: 487 ; Loss: 28.493 ; Acc: 30.097
2018-09-19 13:54:59,064:INFO: [TRAIN] Step: 488 ; Loss: 28.239 ; Acc: 30.130
2018-09-19 13:54:59,141:INFO: [TRAIN] Step: 489 ; Loss: 33.199 ; Acc: 30.111
2018-09-19 13:54:59,225:INFO: [TRAIN] Step: 490 ; Loss: 27.821 ; Acc: 30.160
2018-09-19 13:54:59,300:INFO: [TRAIN] Step: 491 ; Loss: 28.599 ; Acc: 30.191
2018-09-19 13:54:59,382:INFO: [TRAIN] Step: 492 ; Loss: 32.939 ; Acc: 30.181
2018-09-19 13:54:59,457:INFO: [TRAIN] Step: 493 ; Loss: 29.793 ; Acc: 30.196
2018-09-19 13:54:59,539:INFO: [TRAIN] Step: 494 ; Loss: 26.588 ; Acc: 30.244
2018-09-19 13:54:59,615:INFO: [TRAIN] Step: 495 ; Loss: 32.079 ; Acc: 30.250
2018-09-19 13:54:59,698:INFO: [TRAIN] Step: 496 ; Loss: 30.235 ; Acc: 30.248
2018-09-19 13:54:59,770:INFO: [TRAIN] Step: 497 ; Loss: 27.831 ; Acc: 30.246
2018-09-19 13:54:59,852:INFO: [TRAIN] Step: 498 ; Loss: 30.463 ; Acc: 30.277
2018-09-19 13:54:59,927:INFO: [TRAIN] Step: 499 ; Loss: 31.443 ; Acc: 30.292
2018-09-19 13:55:00,007:INFO: [TRAIN] Step: 500 ; Loss: 27.354 ; Acc: 30.323
2018-09-19 13:55:00,084:INFO: [TRAIN] Step: 501 ; Loss: 29.586 ; Acc: 30.329
2018-09-19 13:55:00,165:INFO: [TRAIN] Step: 502 ; Loss: 31.143 ; Acc: 30.351
2018-09-19 13:55:00,240:INFO: [TRAIN] Step: 503 ; Loss: 32.358 ; Acc: 30.349
2018-09-19 13:55:00,322:INFO: [TRAIN] Step: 504 ; Loss: 30.948 ; Acc: 30.363
2018-09-19 13:55:00,397:INFO: [TRAIN] Step: 505 ; Loss: 29.346 ; Acc: 30.394
2018-09-19 13:55:00,477:INFO: [TRAIN] Step: 506 ; Loss: 34.909 ; Acc: 30.350
2018-09-19 13:55:00,553:INFO: [TRAIN] Step: 507 ; Loss: 32.209 ; Acc: 30.331
2018-09-19 13:55:00,637:INFO: [TRAIN] Step: 508 ; Loss: 29.092 ; Acc: 30.386
2018-09-19 13:55:00,715:INFO: [TRAIN] Step: 509 ; Loss: 27.281 ; Acc: 30.392
2018-09-19 13:55:00,797:INFO: [TRAIN] Step: 510 ; Loss: 26.718 ; Acc: 30.414
2018-09-19 13:55:00,871:INFO: [TRAIN] Step: 511 ; Loss: 30.794 ; Acc: 30.444
2018-09-19 13:55:00,954:INFO: [TRAIN] Step: 512 ; Loss: 29.696 ; Acc: 30.482
2018-09-19 13:55:01,030:INFO: [TRAIN] Step: 513 ; Loss: 27.835 ; Acc: 30.529
2018-09-19 13:55:01,110:INFO: [TRAIN] Step: 514 ; Loss: 32.861 ; Acc: 30.542
2018-09-19 13:55:01,186:INFO: [TRAIN] Step: 515 ; Loss: 38.007 ; Acc: 30.531
2018-09-19 13:55:01,268:INFO: [TRAIN] Step: 516 ; Loss: 31.935 ; Acc: 30.553
2018-09-19 13:55:01,343:INFO: [TRAIN] Step: 517 ; Loss: 30.827 ; Acc: 30.590
2018-09-19 13:55:01,422:INFO: [TRAIN] Step: 518 ; Loss: 31.483 ; Acc: 30.620
2018-09-19 13:55:01,496:INFO: [TRAIN] Step: 519 ; Loss: 28.793 ; Acc: 30.633
2018-09-19 13:55:01,581:INFO: [TRAIN] Step: 520 ; Loss: 27.862 ; Acc: 30.654
2018-09-19 13:55:01,656:INFO: [TRAIN] Step: 521 ; Loss: 29.155 ; Acc: 30.683
2018-09-19 13:55:01,738:INFO: [TRAIN] Step: 522 ; Loss: 27.212 ; Acc: 30.688
2018-09-19 13:55:01,815:INFO: [TRAIN] Step: 523 ; Loss: 26.348 ; Acc: 30.693
2018-09-19 13:55:01,897:INFO: [TRAIN] Step: 524 ; Loss: 28.533 ; Acc: 30.659
2018-09-19 13:55:01,973:INFO: [TRAIN] Step: 525 ; Loss: 29.314 ; Acc: 30.664
2018-09-19 13:55:02,059:INFO: [TRAIN] Step: 526 ; Loss: 26.875 ; Acc: 30.701
2018-09-19 13:55:02,136:INFO: [TRAIN] Step: 527 ; Loss: 26.828 ; Acc: 30.713
2018-09-19 13:55:02,217:INFO: [TRAIN] Step: 528 ; Loss: 33.609 ; Acc: 30.703
2018-09-19 13:55:02,292:INFO: [TRAIN] Step: 529 ; Loss: 29.319 ; Acc: 30.708
2018-09-19 13:55:02,372:INFO: [TRAIN] Step: 530 ; Loss: 29.887 ; Acc: 30.712
2018-09-19 13:55:02,447:INFO: [TRAIN] Step: 531 ; Loss: 30.408 ; Acc: 30.717
2018-09-19 13:55:02,529:INFO: [TRAIN] Step: 532 ; Loss: 28.492 ; Acc: 30.722
2018-09-19 13:55:02,603:INFO: [TRAIN] Step: 533 ; Loss: 33.593 ; Acc: 30.712
2018-09-19 13:55:02,685:INFO: [TRAIN] Step: 534 ; Loss: 28.889 ; Acc: 30.740
2018-09-19 13:55:02,760:INFO: [TRAIN] Step: 535 ; Loss: 32.303 ; Acc: 30.768
2018-09-19 13:55:02,851:INFO: [TRAIN] Step: 536 ; Loss: 26.403 ; Acc: 30.788
2018-09-19 13:55:02,931:INFO: [TRAIN] Step: 537 ; Loss: 31.381 ; Acc: 30.778
2018-09-19 13:55:03,016:INFO: [TRAIN] Step: 538 ; Loss: 26.736 ; Acc: 30.798
2018-09-19 13:55:03,093:INFO: [TRAIN] Step: 539 ; Loss: 27.504 ; Acc: 30.849
2018-09-19 13:55:03,172:INFO: [TRAIN] Step: 540 ; Loss: 27.651 ; Acc: 30.900
2018-09-19 13:55:03,246:INFO: [TRAIN] Step: 541 ; Loss: 29.520 ; Acc: 30.912
2018-09-19 13:55:03,328:INFO: [TRAIN] Step: 542 ; Loss: 32.942 ; Acc: 30.901
2018-09-19 13:55:03,400:INFO: [TRAIN] Step: 543 ; Loss: 32.027 ; Acc: 30.890
2018-09-19 13:55:03,482:INFO: [TRAIN] Step: 544 ; Loss: 28.035 ; Acc: 30.894
2018-09-19 13:55:03,558:INFO: [TRAIN] Step: 545 ; Loss: 31.256 ; Acc: 30.907
2018-09-19 13:55:03,638:INFO: [TRAIN] Step: 546 ; Loss: 28.665 ; Acc: 30.926
2018-09-19 13:55:03,712:INFO: [TRAIN] Step: 547 ; Loss: 28.540 ; Acc: 30.946
2018-09-19 13:55:03,794:INFO: [TRAIN] Step: 548 ; Loss: 29.346 ; Acc: 30.965
2018-09-19 13:55:03,872:INFO: [TRAIN] Step: 549 ; Loss: 30.123 ; Acc: 30.977
2018-09-19 13:55:03,953:INFO: [TRAIN] Step: 550 ; Loss: 27.781 ; Acc: 31.004
2018-09-19 13:55:04,026:INFO: [TRAIN] Step: 551 ; Loss: 33.134 ; Acc: 31.024
2018-09-19 13:55:04,108:INFO: [TRAIN] Step: 552 ; Loss: 28.605 ; Acc: 31.035
2018-09-19 13:55:04,184:INFO: [TRAIN] Step: 553 ; Loss: 31.588 ; Acc: 31.047
2018-09-19 13:55:04,266:INFO: [TRAIN] Step: 554 ; Loss: 33.748 ; Acc: 31.044
2018-09-19 13:55:04,341:INFO: [TRAIN] Step: 555 ; Loss: 28.614 ; Acc: 31.033
2018-09-19 13:55:04,422:INFO: [TRAIN] Step: 556 ; Loss: 31.338 ; Acc: 31.044
2018-09-19 13:55:04,499:INFO: [TRAIN] Step: 557 ; Loss: 28.862 ; Acc: 31.056
2018-09-19 13:55:04,580:INFO: [TRAIN] Step: 558 ; Loss: 28.963 ; Acc: 31.082
2018-09-19 13:55:04,654:INFO: [TRAIN] Step: 559 ; Loss: 30.298 ; Acc: 31.079
2018-09-19 13:55:04,736:INFO: [TRAIN] Step: 560 ; Loss: 32.691 ; Acc: 31.061
2018-09-19 13:55:04,809:INFO: [TRAIN] Step: 561 ; Loss: 33.595 ; Acc: 31.042
2018-09-19 13:55:04,891:INFO: [TRAIN] Step: 562 ; Loss: 30.555 ; Acc: 31.069
2018-09-19 13:55:04,966:INFO: [TRAIN] Step: 563 ; Loss: 26.912 ; Acc: 31.110
2018-09-19 13:55:05,046:INFO: [TRAIN] Step: 564 ; Loss: 30.230 ; Acc: 31.091
2018-09-19 13:55:05,121:INFO: [TRAIN] Step: 565 ; Loss: 32.538 ; Acc: 31.088
2018-09-19 13:55:05,203:INFO: [TRAIN] Step: 566 ; Loss: 29.045 ; Acc: 31.107
2018-09-19 13:55:05,279:INFO: [TRAIN] Step: 567 ; Loss: 30.528 ; Acc: 31.140
2018-09-19 13:55:05,360:INFO: [TRAIN] Step: 568 ; Loss: 26.644 ; Acc: 31.158
2018-09-19 13:55:05,435:INFO: [TRAIN] Step: 569 ; Loss: 32.170 ; Acc: 31.140
2018-09-19 13:55:05,517:INFO: [TRAIN] Step: 570 ; Loss: 29.286 ; Acc: 31.144
2018-09-19 13:55:05,588:INFO: [TRAIN] Step: 571 ; Loss: 33.824 ; Acc: 31.148
2018-09-19 13:55:05,670:INFO: [TRAIN] Step: 572 ; Loss: 28.412 ; Acc: 31.166
2018-09-19 13:55:05,745:INFO: [TRAIN] Step: 573 ; Loss: 30.120 ; Acc: 31.156
2018-09-19 13:55:05,828:INFO: [TRAIN] Step: 574 ; Loss: 30.159 ; Acc: 31.145
2018-09-19 13:55:05,912:INFO: [TRAIN] Step: 575 ; Loss: 31.591 ; Acc: 31.134
2018-09-19 13:55:05,996:INFO: [TRAIN] Step: 576 ; Loss: 28.273 ; Acc: 31.124
2018-09-19 13:55:06,071:INFO: [TRAIN] Step: 577 ; Loss: 31.570 ; Acc: 31.127
2018-09-19 13:55:06,153:INFO: [TRAIN] Step: 578 ; Loss: 30.524 ; Acc: 31.138
2018-09-19 13:55:06,229:INFO: [TRAIN] Step: 579 ; Loss: 28.270 ; Acc: 31.149
2018-09-19 13:55:06,310:INFO: [TRAIN] Step: 580 ; Loss: 31.605 ; Acc: 31.132
2018-09-19 13:55:06,383:INFO: [TRAIN] Step: 581 ; Loss: 28.263 ; Acc: 31.157
2018-09-19 13:55:06,467:INFO: [TRAIN] Step: 582 ; Loss: 28.527 ; Acc: 31.168
2018-09-19 13:55:06,544:INFO: [TRAIN] Step: 583 ; Loss: 29.811 ; Acc: 31.172
2018-09-19 13:55:06,625:INFO: [TRAIN] Step: 584 ; Loss: 32.803 ; Acc: 31.175
2018-09-19 13:55:06,700:INFO: [TRAIN] Step: 585 ; Loss: 29.288 ; Acc: 31.200
2018-09-19 13:55:06,785:INFO: [TRAIN] Step: 586 ; Loss: 29.191 ; Acc: 31.197
2018-09-19 13:55:06,862:INFO: [TRAIN] Step: 587 ; Loss: 29.128 ; Acc: 31.215
2018-09-19 13:55:06,942:INFO: [TRAIN] Step: 588 ; Loss: 28.486 ; Acc: 31.225
2018-09-19 13:55:07,017:INFO: [TRAIN] Step: 589 ; Loss: 27.160 ; Acc: 31.264
2018-09-19 13:55:07,098:INFO: [TRAIN] Step: 590 ; Loss: 32.360 ; Acc: 31.246
2018-09-19 13:55:07,173:INFO: [TRAIN] Step: 591 ; Loss: 30.195 ; Acc: 31.250
2018-09-19 13:55:07,254:INFO: [TRAIN] Step: 592 ; Loss: 33.181 ; Acc: 31.239
2018-09-19 13:55:07,329:INFO: [TRAIN] Step: 593 ; Loss: 27.765 ; Acc: 31.229
2018-09-19 13:55:07,409:INFO: [TRAIN] Step: 594 ; Loss: 31.231 ; Acc: 31.246
2018-09-19 13:55:07,482:INFO: [TRAIN] Step: 595 ; Loss: 29.770 ; Acc: 31.264
2018-09-19 13:55:07,566:INFO: [TRAIN] Step: 596 ; Loss: 27.259 ; Acc: 31.288
2018-09-19 13:55:07,641:INFO: [TRAIN] Step: 597 ; Loss: 24.519 ; Acc: 31.327
2018-09-19 13:55:07,722:INFO: [TRAIN] Step: 598 ; Loss: 26.994 ; Acc: 31.351
2018-09-19 13:55:07,796:INFO: [TRAIN] Step: 599 ; Loss: 28.835 ; Acc: 31.375
2018-09-19 13:55:07,878:INFO: [TRAIN] Step: 600 ; Loss: 30.016 ; Acc: 31.364
2018-09-19 13:55:07,951:INFO: [TRAIN] Step: 601 ; Loss: 25.511 ; Acc: 31.382
2018-09-19 13:55:08,033:INFO: [TRAIN] Step: 602 ; Loss: 28.529 ; Acc: 31.364
2018-09-19 13:55:08,106:INFO: [TRAIN] Step: 603 ; Loss: 29.452 ; Acc: 31.374
2018-09-19 13:55:08,189:INFO: [TRAIN] Step: 604 ; Loss: 27.523 ; Acc: 31.391
2018-09-19 13:55:08,264:INFO: [TRAIN] Step: 605 ; Loss: 28.899 ; Acc: 31.381
2018-09-19 13:55:08,344:INFO: [TRAIN] Step: 606 ; Loss: 29.382 ; Acc: 31.377
2018-09-19 13:55:08,419:INFO: [TRAIN] Step: 607 ; Loss: 33.506 ; Acc: 31.367
2018-09-19 13:55:08,503:INFO: [TRAIN] Step: 608 ; Loss: 34.881 ; Acc: 31.349
2018-09-19 13:55:08,579:INFO: [TRAIN] Step: 609 ; Loss: 25.925 ; Acc: 31.352
2018-09-19 13:55:08,664:INFO: [TRAIN] Step: 610 ; Loss: 27.530 ; Acc: 31.403
2018-09-19 13:55:08,739:INFO: [TRAIN] Step: 611 ; Loss: 27.818 ; Acc: 31.413
2018-09-19 13:55:08,821:INFO: [TRAIN] Step: 612 ; Loss: 29.382 ; Acc: 31.410
2018-09-19 13:55:08,896:INFO: [TRAIN] Step: 613 ; Loss: 29.592 ; Acc: 31.399
2018-09-19 13:55:08,976:INFO: [TRAIN] Step: 614 ; Loss: 27.986 ; Acc: 31.443
2018-09-19 13:55:09,048:INFO: [TRAIN] Step: 615 ; Loss: 28.800 ; Acc: 31.460
2018-09-19 13:55:09,130:INFO: [TRAIN] Step: 616 ; Loss: 29.857 ; Acc: 31.469
2018-09-19 13:55:09,207:INFO: [TRAIN] Step: 617 ; Loss: 31.221 ; Acc: 31.459
2018-09-19 13:55:09,288:INFO: [TRAIN] Step: 618 ; Loss: 29.541 ; Acc: 31.475
2018-09-19 13:55:09,361:INFO: [TRAIN] Step: 619 ; Loss: 32.972 ; Acc: 31.485
2018-09-19 13:55:09,443:INFO: [TRAIN] Step: 620 ; Loss: 29.444 ; Acc: 31.481
2018-09-19 13:55:09,515:INFO: [TRAIN] Step: 621 ; Loss: 25.558 ; Acc: 31.531
2018-09-19 13:55:09,596:INFO: [TRAIN] Step: 622 ; Loss: 27.189 ; Acc: 31.574
2018-09-19 13:55:09,669:INFO: [TRAIN] Step: 623 ; Loss: 33.817 ; Acc: 31.584
2018-09-19 13:55:09,750:INFO: [TRAIN] Step: 624 ; Loss: 25.866 ; Acc: 31.633
2018-09-19 13:55:09,824:INFO: [TRAIN] Step: 625 ; Loss: 27.083 ; Acc: 31.663
2018-09-19 13:55:09,904:INFO: [TRAIN] Step: 626 ; Loss: 34.446 ; Acc: 31.652
2018-09-19 13:55:09,979:INFO: [TRAIN] Step: 627 ; Loss: 28.427 ; Acc: 31.675
2018-09-19 13:55:10,062:INFO: [TRAIN] Step: 628 ; Loss: 31.722 ; Acc: 31.651
2018-09-19 13:55:10,138:INFO: [TRAIN] Step: 629 ; Loss: 29.782 ; Acc: 31.667
2018-09-19 13:55:10,221:INFO: [TRAIN] Step: 630 ; Loss: 27.790 ; Acc: 31.669
2018-09-19 13:55:10,298:INFO: [TRAIN] Step: 631 ; Loss: 28.569 ; Acc: 31.692
2018-09-19 13:55:10,379:INFO: [TRAIN] Step: 632 ; Loss: 28.078 ; Acc: 31.707
2018-09-19 13:55:10,452:INFO: [TRAIN] Step: 633 ; Loss: 29.742 ; Acc: 31.710
2018-09-19 13:55:10,532:INFO: [TRAIN] Step: 634 ; Loss: 29.204 ; Acc: 31.699
2018-09-19 13:55:10,605:INFO: [TRAIN] Step: 635 ; Loss: 28.761 ; Acc: 31.735
2018-09-19 13:55:10,688:INFO: [TRAIN] Step: 636 ; Loss: 28.033 ; Acc: 31.724
2018-09-19 13:55:10,766:INFO: [TRAIN] Step: 637 ; Loss: 30.874 ; Acc: 31.707
2018-09-19 13:55:10,849:INFO: [TRAIN] Step: 638 ; Loss: 25.211 ; Acc: 31.736
2018-09-19 13:55:10,923:INFO: [TRAIN] Step: 639 ; Loss: 29.703 ; Acc: 31.738
2018-09-19 13:55:11,005:INFO: [TRAIN] Step: 640 ; Loss: 28.014 ; Acc: 31.747
2018-09-19 13:55:11,078:INFO: [TRAIN] Step: 641 ; Loss: 30.827 ; Acc: 31.743
2018-09-19 13:55:11,160:INFO: [TRAIN] Step: 642 ; Loss: 28.805 ; Acc: 31.759
2018-09-19 13:55:11,233:INFO: [TRAIN] Step: 643 ; Loss: 34.160 ; Acc: 31.748
2018-09-19 13:55:11,315:INFO: [TRAIN] Step: 644 ; Loss: 28.449 ; Acc: 31.757
2018-09-19 13:55:11,392:INFO: [TRAIN] Step: 645 ; Loss: 29.756 ; Acc: 31.760
2018-09-19 13:55:11,475:INFO: [TRAIN] Step: 646 ; Loss: 30.267 ; Acc: 31.756
2018-09-19 13:55:11,550:INFO: [TRAIN] Step: 647 ; Loss: 24.550 ; Acc: 31.771
2018-09-19 13:55:11,631:INFO: [TRAIN] Step: 648 ; Loss: 31.297 ; Acc: 31.780
2018-09-19 13:55:11,705:INFO: [TRAIN] Step: 649 ; Loss: 32.201 ; Acc: 31.776
2018-09-19 13:55:11,787:INFO: [TRAIN] Step: 650 ; Loss: 28.939 ; Acc: 31.804
2018-09-19 13:55:11,865:INFO: [TRAIN] Step: 651 ; Loss: 24.824 ; Acc: 31.838
2018-09-19 13:55:11,948:INFO: [TRAIN] Step: 652 ; Loss: 26.583 ; Acc: 31.859
2018-09-19 13:55:12,023:INFO: [TRAIN] Step: 653 ; Loss: 28.987 ; Acc: 31.855
2018-09-19 13:55:12,112:INFO: [TRAIN] Step: 654 ; Loss: 27.187 ; Acc: 31.870
2018-09-19 13:55:12,185:INFO: [TRAIN] Step: 655 ; Loss: 26.787 ; Acc: 31.885
2018-09-19 13:55:12,266:INFO: [TRAIN] Step: 656 ; Loss: 27.712 ; Acc: 31.875
2018-09-19 13:55:12,344:INFO: [TRAIN] Step: 657 ; Loss: 24.422 ; Acc: 31.921
2018-09-19 13:55:12,426:INFO: [TRAIN] Step: 658 ; Loss: 30.887 ; Acc: 31.904
2018-09-19 13:55:12,504:INFO: [TRAIN] Step: 659 ; Loss: 28.894 ; Acc: 31.907
2018-09-19 13:55:12,586:INFO: [TRAIN] Step: 660 ; Loss: 31.110 ; Acc: 31.902
2018-09-19 13:55:12,661:INFO: [TRAIN] Step: 661 ; Loss: 29.748 ; Acc: 31.879
2018-09-19 13:55:12,743:INFO: [TRAIN] Step: 662 ; Loss: 28.344 ; Acc: 31.888
2018-09-19 13:55:12,817:INFO: [TRAIN] Step: 663 ; Loss: 30.218 ; Acc: 31.896
2018-09-19 13:55:12,899:INFO: [TRAIN] Step: 664 ; Loss: 28.954 ; Acc: 31.911
2018-09-19 13:55:12,975:INFO: [TRAIN] Step: 665 ; Loss: 29.659 ; Acc: 31.894
2018-09-19 13:55:13,058:INFO: [TRAIN] Step: 666 ; Loss: 28.527 ; Acc: 31.890
2018-09-19 13:55:13,135:INFO: [TRAIN] Step: 667 ; Loss: 29.291 ; Acc: 31.899
2018-09-19 13:55:13,215:INFO: [TRAIN] Step: 668 ; Loss: 24.698 ; Acc: 31.920
2018-09-19 13:55:13,291:INFO: [TRAIN] Step: 669 ; Loss: 29.215 ; Acc: 31.915
2018-09-19 13:55:13,378:INFO: [TRAIN] Step: 670 ; Loss: 27.985 ; Acc: 31.930
2018-09-19 13:55:13,455:INFO: [TRAIN] Step: 671 ; Loss: 28.326 ; Acc: 31.957
2018-09-19 13:55:13,540:INFO: [TRAIN] Step: 672 ; Loss: 29.026 ; Acc: 31.940
2018-09-19 13:55:13,616:INFO: [TRAIN] Step: 673 ; Loss: 26.739 ; Acc: 31.955
2018-09-19 13:55:13,698:INFO: [TRAIN] Step: 674 ; Loss: 30.893 ; Acc: 31.957
2018-09-19 13:55:13,776:INFO: [TRAIN] Step: 675 ; Loss: 29.592 ; Acc: 31.922
2018-09-19 13:55:13,859:INFO: [TRAIN] Step: 676 ; Loss: 28.165 ; Acc: 31.924
2018-09-19 13:55:13,936:INFO: [TRAIN] Step: 677 ; Loss: 31.679 ; Acc: 31.932
2018-09-19 13:55:14,018:INFO: [TRAIN] Step: 678 ; Loss: 32.083 ; Acc: 31.922
2018-09-19 13:55:14,097:INFO: [TRAIN] Step: 679 ; Loss: 27.952 ; Acc: 31.930
2018-09-19 13:55:14,182:INFO: [TRAIN] Step: 680 ; Loss: 29.144 ; Acc: 31.926
2018-09-19 13:55:14,258:INFO: [TRAIN] Step: 681 ; Loss: 31.603 ; Acc: 31.934
2018-09-19 13:55:14,342:INFO: [TRAIN] Step: 682 ; Loss: 26.992 ; Acc: 31.949
2018-09-19 13:55:14,417:INFO: [TRAIN] Step: 683 ; Loss: 30.429 ; Acc: 31.963
2018-09-19 13:55:14,498:INFO: [TRAIN] Step: 684 ; Loss: 25.766 ; Acc: 31.989
2018-09-19 13:55:14,574:INFO: [TRAIN] Step: 685 ; Loss: 27.625 ; Acc: 32.003
2018-09-19 13:55:14,658:INFO: [TRAIN] Step: 686 ; Loss: 29.356 ; Acc: 32.005
2018-09-19 13:55:14,734:INFO: [TRAIN] Step: 687 ; Loss: 25.754 ; Acc: 32.037
2018-09-19 13:55:14,819:INFO: [TRAIN] Step: 688 ; Loss: 29.734 ; Acc: 32.033
2018-09-19 13:55:14,894:INFO: [TRAIN] Step: 689 ; Loss: 29.475 ; Acc: 32.047
2018-09-19 13:55:14,978:INFO: [TRAIN] Step: 690 ; Loss: 28.728 ; Acc: 32.061
2018-09-19 13:55:15,054:INFO: [TRAIN] Step: 691 ; Loss: 26.165 ; Acc: 32.093
2018-09-19 13:55:15,139:INFO: [TRAIN] Step: 692 ; Loss: 31.390 ; Acc: 32.083
2018-09-19 13:55:15,215:INFO: [TRAIN] Step: 693 ; Loss: 30.096 ; Acc: 32.061
2018-09-19 13:55:15,302:INFO: [TRAIN] Step: 694 ; Loss: 25.904 ; Acc: 32.068
2018-09-19 13:55:15,379:INFO: [TRAIN] Step: 695 ; Loss: 28.601 ; Acc: 32.064
2018-09-19 13:55:15,462:INFO: [TRAIN] Step: 696 ; Loss: 27.338 ; Acc: 32.078
2018-09-19 13:55:15,539:INFO: [TRAIN] Step: 697 ; Loss: 27.374 ; Acc: 32.092
2018-09-19 13:55:15,622:INFO: [TRAIN] Step: 698 ; Loss: 29.714 ; Acc: 32.093
2018-09-19 13:55:15,699:INFO: [TRAIN] Step: 699 ; Loss: 27.138 ; Acc: 32.107
2018-09-19 13:55:15,785:INFO: [TRAIN] Step: 700 ; Loss: 29.630 ; Acc: 32.127
2018-09-19 13:55:15,864:INFO: [TRAIN] Step: 701 ; Loss: 28.629 ; Acc: 32.146
2018-09-19 13:55:15,946:INFO: [TRAIN] Step: 702 ; Loss: 30.218 ; Acc: 32.148
2018-09-19 13:55:16,022:INFO: [TRAIN] Step: 703 ; Loss: 26.201 ; Acc: 32.173
2018-09-19 13:55:16,105:INFO: [TRAIN] Step: 704 ; Loss: 30.056 ; Acc: 32.181
2018-09-19 13:55:16,182:INFO: [TRAIN] Step: 705 ; Loss: 26.850 ; Acc: 32.188
2018-09-19 13:55:16,265:INFO: [TRAIN] Step: 706 ; Loss: 28.350 ; Acc: 32.208
2018-09-19 13:55:16,343:INFO: [TRAIN] Step: 707 ; Loss: 30.448 ; Acc: 32.198
2018-09-19 13:55:16,425:INFO: [TRAIN] Step: 708 ; Loss: 27.768 ; Acc: 32.199
2018-09-19 13:55:16,500:INFO: [TRAIN] Step: 709 ; Loss: 29.097 ; Acc: 32.201
2018-09-19 13:55:16,584:INFO: [TRAIN] Step: 710 ; Loss: 30.893 ; Acc: 32.196
2018-09-19 13:55:16,661:INFO: [TRAIN] Step: 711 ; Loss: 31.490 ; Acc: 32.175
2018-09-19 13:55:16,744:INFO: [TRAIN] Step: 712 ; Loss: 27.787 ; Acc: 32.176
2018-09-19 13:55:16,820:INFO: [TRAIN] Step: 713 ; Loss: 28.619 ; Acc: 32.172
2018-09-19 13:55:16,903:INFO: [TRAIN] Step: 714 ; Loss: 29.712 ; Acc: 32.185
2018-09-19 13:55:16,981:INFO: [TRAIN] Step: 715 ; Loss: 28.484 ; Acc: 32.158
2018-09-19 13:55:17,065:INFO: [TRAIN] Step: 716 ; Loss: 26.837 ; Acc: 32.148
2018-09-19 13:55:17,144:INFO: [TRAIN] Step: 717 ; Loss: 29.472 ; Acc: 32.155
2018-09-19 13:55:17,227:INFO: [TRAIN] Step: 718 ; Loss: 30.286 ; Acc: 32.169
2018-09-19 13:55:17,306:INFO: [TRAIN] Step: 719 ; Loss: 28.224 ; Acc: 32.159
2018-09-19 13:55:17,390:INFO: [TRAIN] Step: 720 ; Loss: 31.155 ; Acc: 32.166
2018-09-19 13:55:17,470:INFO: [TRAIN] Step: 721 ; Loss: 28.554 ; Acc: 32.173
2018-09-19 13:55:17,555:INFO: [TRAIN] Step: 722 ; Loss: 28.514 ; Acc: 32.186
2018-09-19 13:55:17,639:INFO: [TRAIN] Step: 723 ; Loss: 28.062 ; Acc: 32.211
2018-09-19 13:55:17,730:INFO: [TRAIN] Step: 724 ; Loss: 32.682 ; Acc: 32.207
2018-09-19 13:55:17,810:INFO: [TRAIN] Step: 725 ; Loss: 28.790 ; Acc: 32.214
2018-09-19 13:55:17,898:INFO: [TRAIN] Step: 726 ; Loss: 31.488 ; Acc: 32.199
2018-09-19 13:55:17,977:INFO: [TRAIN] Step: 727 ; Loss: 27.883 ; Acc: 32.194
2018-09-19 13:55:18,066:INFO: [TRAIN] Step: 728 ; Loss: 27.878 ; Acc: 32.230
2018-09-19 13:55:18,143:INFO: [TRAIN] Step: 729 ; Loss: 30.950 ; Acc: 32.226
2018-09-19 13:55:18,229:INFO: [TRAIN] Step: 730 ; Loss: 28.045 ; Acc: 32.233
2018-09-19 13:55:18,307:INFO: [TRAIN] Step: 731 ; Loss: 27.393 ; Acc: 32.229
2018-09-19 13:55:18,391:INFO: [TRAIN] Step: 732 ; Loss: 24.963 ; Acc: 32.259
2018-09-19 13:55:18,470:INFO: [TRAIN] Step: 733 ; Loss: 30.592 ; Acc: 32.272
2018-09-19 13:55:18,556:INFO: [TRAIN] Step: 734 ; Loss: 27.624 ; Acc: 32.273
2018-09-19 13:55:18,635:INFO: [TRAIN] Step: 735 ; Loss: 33.074 ; Acc: 32.258
2018-09-19 13:55:18,720:INFO: [TRAIN] Step: 736 ; Loss: 25.665 ; Acc: 32.259
2018-09-19 13:55:18,798:INFO: [TRAIN] Step: 737 ; Loss: 31.727 ; Acc: 32.261
2018-09-19 13:55:18,884:INFO: [TRAIN] Step: 738 ; Loss: 30.738 ; Acc: 32.262
2018-09-19 13:55:18,967:INFO: [TRAIN] Step: 739 ; Loss: 26.697 ; Acc: 32.286
2018-09-19 13:55:19,051:INFO: [TRAIN] Step: 740 ; Loss: 33.551 ; Acc: 32.293
2018-09-19 13:55:19,132:INFO: [TRAIN] Step: 741 ; Loss: 29.989 ; Acc: 32.311
2018-09-19 13:55:19,221:INFO: [TRAIN] Step: 742 ; Loss: 29.461 ; Acc: 32.330
2018-09-19 13:55:19,301:INFO: [TRAIN] Step: 743 ; Loss: 28.083 ; Acc: 32.325
2018-09-19 13:55:19,387:INFO: [TRAIN] Step: 744 ; Loss: 28.778 ; Acc: 32.338
2018-09-19 13:55:19,468:INFO: [TRAIN] Step: 745 ; Loss: 23.489 ; Acc: 32.345
2018-09-19 13:55:19,554:INFO: [TRAIN] Step: 746 ; Loss: 25.694 ; Acc: 32.368
2018-09-19 13:55:19,632:INFO: [TRAIN] Step: 747 ; Loss: 28.612 ; Acc: 32.381
2018-09-19 13:55:19,715:INFO: [TRAIN] Step: 748 ; Loss: 26.778 ; Acc: 32.415
2018-09-19 13:55:19,793:INFO: [TRAIN] Step: 749 ; Loss: 30.122 ; Acc: 32.422
2018-09-19 13:55:19,878:INFO: [TRAIN] Step: 750 ; Loss: 29.706 ; Acc: 32.435
2018-09-19 13:55:19,960:INFO: [TRAIN] Step: 751 ; Loss: 27.604 ; Acc: 32.447
2018-09-19 13:55:20,048:INFO: [TRAIN] Step: 752 ; Loss: 29.855 ; Acc: 32.465
2018-09-19 13:55:20,126:INFO: [TRAIN] Step: 753 ; Loss: 30.755 ; Acc: 32.488
2018-09-19 13:55:20,211:INFO: [TRAIN] Step: 754 ; Loss: 29.916 ; Acc: 32.494
2018-09-19 13:55:20,292:INFO: [TRAIN] Step: 755 ; Loss: 28.198 ; Acc: 32.512
2018-09-19 13:55:20,380:INFO: [TRAIN] Step: 756 ; Loss: 28.440 ; Acc: 32.502
2018-09-19 13:55:20,459:INFO: [TRAIN] Step: 757 ; Loss: 27.868 ; Acc: 32.520
2018-09-19 13:55:20,546:INFO: [TRAIN] Step: 758 ; Loss: 29.039 ; Acc: 32.526
2018-09-19 13:55:20,625:INFO: [TRAIN] Step: 759 ; Loss: 28.557 ; Acc: 32.555
2018-09-19 13:55:20,710:INFO: [TRAIN] Step: 760 ; Loss: 23.900 ; Acc: 32.578
2018-09-19 13:55:20,789:INFO: [TRAIN] Step: 761 ; Loss: 25.390 ; Acc: 32.590
2018-09-19 13:55:20,877:INFO: [TRAIN] Step: 762 ; Loss: 30.324 ; Acc: 32.591
2018-09-19 13:55:20,959:INFO: [TRAIN] Step: 763 ; Loss: 27.723 ; Acc: 32.597
2018-09-19 13:55:21,045:INFO: [TRAIN] Step: 764 ; Loss: 28.902 ; Acc: 32.603
2018-09-19 13:55:21,125:INFO: [TRAIN] Step: 765 ; Loss: 31.434 ; Acc: 32.610
2018-09-19 13:55:21,211:INFO: [TRAIN] Step: 766 ; Loss: 24.694 ; Acc: 32.627
2018-09-19 13:55:21,290:INFO: [TRAIN] Step: 767 ; Loss: 30.442 ; Acc: 32.628
2018-09-19 13:55:21,379:INFO: [TRAIN] Step: 768 ; Loss: 27.161 ; Acc: 32.645
2018-09-19 13:55:21,458:INFO: [TRAIN] Step: 769 ; Loss: 30.189 ; Acc: 32.646
2018-09-19 13:55:21,544:INFO: [TRAIN] Step: 770 ; Loss: 30.809 ; Acc: 32.669
2018-09-19 13:55:21,623:INFO: [TRAIN] Step: 771 ; Loss: 30.492 ; Acc: 32.659
2018-09-19 13:55:21,710:INFO: [TRAIN] Step: 772 ; Loss: 28.448 ; Acc: 32.660
2018-09-19 13:55:21,793:INFO: [TRAIN] Step: 773 ; Loss: 29.911 ; Acc: 32.644
2018-09-19 13:55:21,881:INFO: [TRAIN] Step: 774 ; Loss: 26.999 ; Acc: 32.651
2018-09-19 13:55:21,965:INFO: [TRAIN] Step: 775 ; Loss: 28.745 ; Acc: 32.651
2018-09-19 13:55:22,052:INFO: [TRAIN] Step: 776 ; Loss: 30.547 ; Acc: 32.652
2018-09-19 13:55:22,138:INFO: [TRAIN] Step: 777 ; Loss: 26.697 ; Acc: 32.669
2018-09-19 13:55:22,224:INFO: [TRAIN] Step: 778 ; Loss: 26.438 ; Acc: 32.681
2018-09-19 13:55:22,305:INFO: [TRAIN] Step: 779 ; Loss: 28.308 ; Acc: 32.703
2018-09-19 13:55:22,392:INFO: [TRAIN] Step: 780 ; Loss: 26.929 ; Acc: 32.730
2018-09-19 13:55:22,477:INFO: [TRAIN] Step: 781 ; Loss: 30.795 ; Acc: 32.742
2018-09-19 13:55:22,566:INFO: [TRAIN] Step: 782 ; Loss: 33.288 ; Acc: 32.727
2018-09-19 13:55:22,656:INFO: [TRAIN] Step: 783 ; Loss: 26.982 ; Acc: 32.727
2018-09-19 13:55:22,744:INFO: [TRAIN] Step: 784 ; Loss: 27.165 ; Acc: 32.749
2018-09-19 13:55:22,824:INFO: [TRAIN] Step: 785 ; Loss: 27.181 ; Acc: 32.761
2018-09-19 13:55:22,911:INFO: [TRAIN] Step: 786 ; Loss: 27.446 ; Acc: 32.772
2018-09-19 13:55:22,994:INFO: [TRAIN] Step: 787 ; Loss: 28.115 ; Acc: 32.773
2018-09-19 13:55:23,081:INFO: [TRAIN] Step: 788 ; Loss: 29.209 ; Acc: 32.763
2018-09-19 13:55:23,165:INFO: [TRAIN] Step: 789 ; Loss: 25.581 ; Acc: 32.769
2018-09-19 13:55:23,254:INFO: [TRAIN] Step: 790 ; Loss: 30.037 ; Acc: 32.743
2018-09-19 13:55:23,335:INFO: [TRAIN] Step: 791 ; Loss: 26.280 ; Acc: 32.744
2018-09-19 13:55:23,424:INFO: [TRAIN] Step: 792 ; Loss: 30.267 ; Acc: 32.755
2018-09-19 13:55:23,504:INFO: [TRAIN] Step: 793 ; Loss: 28.251 ; Acc: 32.761
2018-09-19 13:55:23,593:INFO: [TRAIN] Step: 794 ; Loss: 28.284 ; Acc: 32.773
2018-09-19 13:55:23,680:INFO: [TRAIN] Step: 795 ; Loss: 31.159 ; Acc: 32.789
2018-09-19 13:55:23,771:INFO: [TRAIN] Step: 796 ; Loss: 30.993 ; Acc: 32.774
2018-09-19 13:55:23,855:INFO: [TRAIN] Step: 797 ; Loss: 26.629 ; Acc: 32.785
2018-09-19 13:55:23,942:INFO: [TRAIN] Step: 798 ; Loss: 26.775 ; Acc: 32.796
2018-09-19 13:55:24,024:INFO: [TRAIN] Step: 799 ; Loss: 28.088 ; Acc: 32.802
2018-09-19 13:55:24,115:INFO: [TRAIN] Step: 800 ; Loss: 27.122 ; Acc: 32.824
2018-09-19 13:55:24,198:INFO: [TRAIN] Step: 801 ; Loss: 27.150 ; Acc: 32.835
2018-09-19 13:55:24,287:INFO: [TRAIN] Step: 802 ; Loss: 27.009 ; Acc: 32.846
2018-09-19 13:55:24,368:INFO: [TRAIN] Step: 803 ; Loss: 29.025 ; Acc: 32.846
2018-09-19 13:55:24,459:INFO: [TRAIN] Step: 804 ; Loss: 31.312 ; Acc: 32.836
2018-09-19 13:55:24,542:INFO: [TRAIN] Step: 805 ; Loss: 31.652 ; Acc: 32.827
2018-09-19 13:55:24,632:INFO: [TRAIN] Step: 806 ; Loss: 27.831 ; Acc: 32.827
2018-09-19 13:55:24,713:INFO: [TRAIN] Step: 807 ; Loss: 27.763 ; Acc: 32.843
2018-09-19 13:55:24,802:INFO: [TRAIN] Step: 808 ; Loss: 29.384 ; Acc: 32.859
2018-09-19 13:55:24,888:INFO: [TRAIN] Step: 809 ; Loss: 23.993 ; Acc: 32.881
2018-09-19 13:55:24,981:INFO: [TRAIN] Step: 810 ; Loss: 25.797 ; Acc: 32.886
2018-09-19 13:55:25,068:INFO: [TRAIN] Step: 811 ; Loss: 26.745 ; Acc: 32.897
2018-09-19 13:55:25,156:INFO: [TRAIN] Step: 812 ; Loss: 30.594 ; Acc: 32.918
2018-09-19 13:55:25,239:INFO: [TRAIN] Step: 813 ; Loss: 31.388 ; Acc: 32.914
2018-09-19 13:55:25,328:INFO: [TRAIN] Step: 814 ; Loss: 31.175 ; Acc: 32.914
2018-09-19 13:55:25,414:INFO: [TRAIN] Step: 815 ; Loss: 29.266 ; Acc: 32.920
2018-09-19 13:55:25,504:INFO: [TRAIN] Step: 816 ; Loss: 30.281 ; Acc: 32.920
2018-09-19 13:55:25,587:INFO: [TRAIN] Step: 817 ; Loss: 33.102 ; Acc: 32.895
2018-09-19 13:55:25,677:INFO: [TRAIN] Step: 818 ; Loss: 26.420 ; Acc: 32.906
2018-09-19 13:55:25,765:INFO: [TRAIN] Step: 819 ; Loss: 29.637 ; Acc: 32.901
2018-09-19 13:55:25,855:INFO: [TRAIN] Step: 820 ; Loss: 28.245 ; Acc: 32.912
2018-09-19 13:55:25,939:INFO: [TRAIN] Step: 821 ; Loss: 27.432 ; Acc: 32.928
2018-09-19 13:55:26,034:INFO: [TRAIN] Step: 822 ; Loss: 29.360 ; Acc: 32.923
2018-09-19 13:55:26,115:INFO: [TRAIN] Step: 823 ; Loss: 31.128 ; Acc: 32.929
2018-09-19 13:55:26,206:INFO: [TRAIN] Step: 824 ; Loss: 28.217 ; Acc: 32.929
2018-09-19 13:55:26,291:INFO: [TRAIN] Step: 825 ; Loss: 24.641 ; Acc: 32.945
2018-09-19 13:55:26,382:INFO: [TRAIN] Step: 826 ; Loss: 30.103 ; Acc: 32.945
2018-09-19 13:55:26,465:INFO: [TRAIN] Step: 827 ; Loss: 31.181 ; Acc: 32.941
2018-09-19 13:55:26,555:INFO: [TRAIN] Step: 828 ; Loss: 33.483 ; Acc: 32.921
2018-09-19 13:55:26,639:INFO: [TRAIN] Step: 829 ; Loss: 25.798 ; Acc: 32.932
2018-09-19 13:55:26,732:INFO: [TRAIN] Step: 830 ; Loss: 27.815 ; Acc: 32.927
2018-09-19 13:55:26,815:INFO: [TRAIN] Step: 831 ; Loss: 26.226 ; Acc: 32.938
2018-09-19 13:55:26,909:INFO: [TRAIN] Step: 832 ; Loss: 29.236 ; Acc: 32.933
2018-09-19 13:55:26,997:INFO: [TRAIN] Step: 833 ; Loss: 26.799 ; Acc: 32.944
2018-09-19 13:55:27,088:INFO: [TRAIN] Step: 834 ; Loss: 30.030 ; Acc: 32.949
2018-09-19 13:55:27,174:INFO: [TRAIN] Step: 835 ; Loss: 30.429 ; Acc: 32.960
2018-09-19 13:55:27,269:INFO: [TRAIN] Step: 836 ; Loss: 29.310 ; Acc: 32.970
2018-09-19 13:55:27,352:INFO: [TRAIN] Step: 837 ; Loss: 27.237 ; Acc: 32.980
2018-09-19 13:55:27,445:INFO: [TRAIN] Step: 838 ; Loss: 33.268 ; Acc: 32.966
2018-09-19 13:55:27,531:INFO: [TRAIN] Step: 839 ; Loss: 25.714 ; Acc: 32.981
2018-09-19 13:55:27,620:INFO: [TRAIN] Step: 840 ; Loss: 28.917 ; Acc: 32.977
2018-09-19 13:55:27,708:INFO: [TRAIN] Step: 841 ; Loss: 33.803 ; Acc: 32.987
2018-09-19 13:55:27,801:INFO: [TRAIN] Step: 842 ; Loss: 26.972 ; Acc: 33.002
2018-09-19 13:55:27,889:INFO: [TRAIN] Step: 843 ; Loss: 27.841 ; Acc: 33.008
2018-09-19 13:55:27,982:INFO: [TRAIN] Step: 844 ; Loss: 31.491 ; Acc: 32.998
2018-09-19 13:55:28,071:INFO: [TRAIN] Step: 845 ; Loss: 25.308 ; Acc: 32.998
2018-09-19 13:55:28,163:INFO: [TRAIN] Step: 846 ; Loss: 28.751 ; Acc: 33.004
2018-09-19 13:55:28,247:INFO: [TRAIN] Step: 847 ; Loss: 31.647 ; Acc: 32.984
2018-09-19 13:55:28,341:INFO: [TRAIN] Step: 848 ; Loss: 29.317 ; Acc: 32.995
2018-09-19 13:55:28,425:INFO: [TRAIN] Step: 849 ; Loss: 31.124 ; Acc: 33.010
2018-09-19 13:55:28,517:INFO: [TRAIN] Step: 850 ; Loss: 33.196 ; Acc: 33.005
2018-09-19 13:55:28,605:INFO: [TRAIN] Step: 851 ; Loss: 26.742 ; Acc: 33.020
2018-09-19 13:55:28,699:INFO: [TRAIN] Step: 852 ; Loss: 27.206 ; Acc: 33.026
2018-09-19 13:55:28,783:INFO: [TRAIN] Step: 853 ; Loss: 29.219 ; Acc: 33.026
2018-09-19 13:55:28,875:INFO: [TRAIN] Step: 854 ; Loss: 28.782 ; Acc: 33.017
2018-09-19 13:55:28,964:INFO: [TRAIN] Step: 855 ; Loss: 23.641 ; Acc: 33.046
2018-09-19 13:55:29,060:INFO: [TRAIN] Step: 856 ; Loss: 29.210 ; Acc: 33.051
2018-09-19 13:55:29,149:INFO: [TRAIN] Step: 857 ; Loss: 27.175 ; Acc: 33.081
2018-09-19 13:55:29,242:INFO: [TRAIN] Step: 858 ; Loss: 32.777 ; Acc: 33.105
2018-09-19 13:55:29,327:INFO: [TRAIN] Step: 859 ; Loss: 30.498 ; Acc: 33.110
2018-09-19 13:55:29,418:INFO: [TRAIN] Step: 860 ; Loss: 30.106 ; Acc: 33.120
2018-09-19 13:55:29,504:INFO: [TRAIN] Step: 861 ; Loss: 29.245 ; Acc: 33.121
2018-09-19 13:55:29,599:INFO: [TRAIN] Step: 862 ; Loss: 27.394 ; Acc: 33.126
2018-09-19 13:55:29,687:INFO: [TRAIN] Step: 863 ; Loss: 30.156 ; Acc: 33.136
2018-09-19 13:55:29,780:INFO: [TRAIN] Step: 864 ; Loss: 31.589 ; Acc: 33.121
2018-09-19 13:55:29,864:INFO: [TRAIN] Step: 865 ; Loss: 28.754 ; Acc: 33.122
2018-09-19 13:55:29,959:INFO: [TRAIN] Step: 866 ; Loss: 30.440 ; Acc: 33.117
2018-09-19 13:55:30,047:INFO: [TRAIN] Step: 867 ; Loss: 28.457 ; Acc: 33.117
2018-09-19 13:55:30,142:INFO: [TRAIN] Step: 868 ; Loss: 28.680 ; Acc: 33.142
2018-09-19 13:55:30,230:INFO: [TRAIN] Step: 869 ; Loss: 25.925 ; Acc: 33.161
2018-09-19 13:55:30,326:INFO: [TRAIN] Step: 870 ; Loss: 27.611 ; Acc: 33.161
2018-09-19 13:55:30,412:INFO: [TRAIN] Step: 871 ; Loss: 30.875 ; Acc: 33.157
2018-09-19 13:55:30,508:INFO: [TRAIN] Step: 872 ; Loss: 29.084 ; Acc: 33.166
2018-09-19 13:55:30,592:INFO: [TRAIN] Step: 873 ; Loss: 26.649 ; Acc: 33.166
2018-09-19 13:55:30,684:INFO: [TRAIN] Step: 874 ; Loss: 26.393 ; Acc: 33.181
2018-09-19 13:55:30,773:INFO: [TRAIN] Step: 875 ; Loss: 30.753 ; Acc: 33.176
2018-09-19 13:55:30,865:INFO: [TRAIN] Step: 876 ; Loss: 28.623 ; Acc: 33.181
2018-09-19 13:55:30,954:INFO: [TRAIN] Step: 877 ; Loss: 29.326 ; Acc: 33.191
2018-09-19 13:55:31,045:INFO: [TRAIN] Step: 878 ; Loss: 27.255 ; Acc: 33.205
2018-09-19 13:55:31,134:INFO: [TRAIN] Step: 879 ; Loss: 32.627 ; Acc: 33.205
2018-09-19 13:55:31,228:INFO: [TRAIN] Step: 880 ; Loss: 29.378 ; Acc: 33.206
2018-09-19 13:55:31,314:INFO: [TRAIN] Step: 881 ; Loss: 27.150 ; Acc: 33.220
2018-09-19 13:55:31,408:INFO: [TRAIN] Step: 882 ; Loss: 29.398 ; Acc: 33.225
2018-09-19 13:55:31,492:INFO: [TRAIN] Step: 883 ; Loss: 30.150 ; Acc: 33.239
2018-09-19 13:55:31,584:INFO: [TRAIN] Step: 884 ; Loss: 28.388 ; Acc: 33.244
2018-09-19 13:55:31,670:INFO: [TRAIN] Step: 885 ; Loss: 29.288 ; Acc: 33.249
2018-09-19 13:55:31,764:INFO: [TRAIN] Step: 886 ; Loss: 31.733 ; Acc: 33.235
2018-09-19 13:55:31,851:INFO: [TRAIN] Step: 887 ; Loss: 25.972 ; Acc: 33.239
2018-09-19 13:55:31,945:INFO: [TRAIN] Step: 888 ; Loss: 24.607 ; Acc: 33.235
2018-09-19 13:55:32,030:INFO: [TRAIN] Step: 889 ; Loss: 24.920 ; Acc: 33.268
2018-09-19 13:55:32,122:INFO: [TRAIN] Step: 890 ; Loss: 27.094 ; Acc: 33.277
2018-09-19 13:55:32,215:INFO: [TRAIN] Step: 891 ; Loss: 30.418 ; Acc: 33.282
2018-09-19 13:55:32,311:INFO: [TRAIN] Step: 892 ; Loss: 29.309 ; Acc: 33.273
2018-09-19 13:55:32,401:INFO: [TRAIN] Step: 893 ; Loss: 29.976 ; Acc: 33.282
2018-09-19 13:55:32,493:INFO: [TRAIN] Step: 894 ; Loss: 31.913 ; Acc: 33.264
2018-09-19 13:55:32,584:INFO: [TRAIN] Step: 895 ; Loss: 25.734 ; Acc: 33.268
2018-09-19 13:55:32,675:INFO: [TRAIN] Step: 896 ; Loss: 29.928 ; Acc: 33.268
2018-09-19 13:55:32,762:INFO: [TRAIN] Step: 897 ; Loss: 26.357 ; Acc: 33.282
2018-09-19 13:55:32,853:INFO: [TRAIN] Step: 898 ; Loss: 30.956 ; Acc: 33.278
2018-09-19 13:55:32,940:INFO: [TRAIN] Step: 899 ; Loss: 29.693 ; Acc: 33.269
2018-09-19 13:55:33,037:INFO: [TRAIN] Step: 900 ; Loss: 29.216 ; Acc: 33.273
2018-09-19 13:55:33,125:INFO: [TRAIN] Step: 901 ; Loss: 33.972 ; Acc: 33.269
2018-09-19 13:55:33,219:INFO: [TRAIN] Step: 902 ; Loss: 29.305 ; Acc: 33.278
2018-09-19 13:55:33,306:INFO: [TRAIN] Step: 903 ; Loss: 29.123 ; Acc: 33.269
2018-09-19 13:55:33,397:INFO: [TRAIN] Step: 904 ; Loss: 28.183 ; Acc: 33.283
2018-09-19 13:55:33,484:INFO: [TRAIN] Step: 905 ; Loss: 28.296 ; Acc: 33.274
2018-09-19 13:55:33,579:INFO: [TRAIN] Step: 906 ; Loss: 29.093 ; Acc: 33.264
2018-09-19 13:55:33,665:INFO: [TRAIN] Step: 907 ; Loss: 28.669 ; Acc: 33.255
2018-09-19 13:55:33,756:INFO: [TRAIN] Step: 908 ; Loss: 25.711 ; Acc: 33.278
2018-09-19 13:55:33,845:INFO: [TRAIN] Step: 909 ; Loss: 26.051 ; Acc: 33.292
2018-09-19 13:55:33,942:INFO: [TRAIN] Step: 910 ; Loss: 27.176 ; Acc: 33.292
2018-09-19 13:55:34,031:INFO: [TRAIN] Step: 911 ; Loss: 24.792 ; Acc: 33.310
2018-09-19 13:55:34,124:INFO: [TRAIN] Step: 912 ; Loss: 27.752 ; Acc: 33.324
2018-09-19 13:55:34,215:INFO: [TRAIN] Step: 913 ; Loss: 32.103 ; Acc: 33.333
2018-09-19 13:55:34,309:INFO: [TRAIN] Step: 914 ; Loss: 26.247 ; Acc: 33.342
2018-09-19 13:55:34,396:INFO: [TRAIN] Step: 915 ; Loss: 29.512 ; Acc: 33.347
2018-09-19 13:55:34,487:INFO: [TRAIN] Step: 916 ; Loss: 30.745 ; Acc: 33.342
2018-09-19 13:55:34,578:INFO: [TRAIN] Step: 917 ; Loss: 28.827 ; Acc: 33.351
2018-09-19 13:55:34,670:INFO: [TRAIN] Step: 918 ; Loss: 29.413 ; Acc: 33.361
2018-09-19 13:55:34,756:INFO: [TRAIN] Step: 919 ; Loss: 25.208 ; Acc: 33.379
2018-09-19 13:55:34,851:INFO: [TRAIN] Step: 920 ; Loss: 31.551 ; Acc: 33.360
2018-09-19 13:55:34,936:INFO: [TRAIN] Step: 921 ; Loss: 33.119 ; Acc: 33.356
2018-09-19 13:55:35,033:INFO: [TRAIN] Step: 922 ; Loss: 28.221 ; Acc: 33.342
2018-09-19 13:55:35,119:INFO: [TRAIN] Step: 923 ; Loss: 27.834 ; Acc: 33.347
2018-09-19 13:55:35,211:INFO: [TRAIN] Step: 924 ; Loss: 31.701 ; Acc: 33.338
2018-09-19 13:55:35,302:INFO: [TRAIN] Step: 925 ; Loss: 31.504 ; Acc: 33.333
2018-09-19 13:55:35,396:INFO: [TRAIN] Step: 926 ; Loss: 25.184 ; Acc: 33.342
2018-09-19 13:55:35,483:INFO: [TRAIN] Step: 927 ; Loss: 28.869 ; Acc: 33.351
2018-09-19 13:55:35,576:INFO: [TRAIN] Step: 928 ; Loss: 31.021 ; Acc: 33.342
2018-09-19 13:55:35,662:INFO: [TRAIN] Step: 929 ; Loss: 28.938 ; Acc: 33.360
2018-09-19 13:55:35,755:INFO: [TRAIN] Step: 930 ; Loss: 31.491 ; Acc: 33.365
2018-09-19 13:55:35,845:INFO: [TRAIN] Step: 931 ; Loss: 30.279 ; Acc: 33.374
2018-09-19 13:55:35,941:INFO: [TRAIN] Step: 932 ; Loss: 28.729 ; Acc: 33.382
2018-09-19 13:55:36,030:INFO: [TRAIN] Step: 933 ; Loss: 27.261 ; Acc: 33.409
2018-09-19 13:55:36,125:INFO: [TRAIN] Step: 934 ; Loss: 30.558 ; Acc: 33.409
2018-09-19 13:55:36,216:INFO: [TRAIN] Step: 935 ; Loss: 27.606 ; Acc: 33.418
2018-09-19 13:55:36,313:INFO: [TRAIN] Step: 936 ; Loss: 27.022 ; Acc: 33.418
2018-09-19 13:55:36,406:INFO: [TRAIN] Step: 937 ; Loss: 27.281 ; Acc: 33.413
2018-09-19 13:55:36,507:INFO: [TRAIN] Step: 938 ; Loss: 28.244 ; Acc: 33.413
2018-09-19 13:55:36,594:INFO: [TRAIN] Step: 939 ; Loss: 29.341 ; Acc: 33.426
2018-09-19 13:55:36,689:INFO: [TRAIN] Step: 940 ; Loss: 29.432 ; Acc: 33.422
2018-09-19 13:55:36,776:INFO: [TRAIN] Step: 941 ; Loss: 27.517 ; Acc: 33.444
2018-09-19 13:55:36,872:INFO: [TRAIN] Step: 942 ; Loss: 29.721 ; Acc: 33.435
2018-09-19 13:55:36,963:INFO: [TRAIN] Step: 943 ; Loss: 31.649 ; Acc: 33.444
2018-09-19 13:55:37,057:INFO: [TRAIN] Step: 944 ; Loss: 28.273 ; Acc: 33.452
2018-09-19 13:55:37,146:INFO: [TRAIN] Step: 945 ; Loss: 29.107 ; Acc: 33.465
2018-09-19 13:55:37,245:INFO: [TRAIN] Step: 946 ; Loss: 30.958 ; Acc: 33.465
2018-09-19 13:55:37,337:INFO: [TRAIN] Step: 947 ; Loss: 25.687 ; Acc: 33.478
2018-09-19 13:55:37,432:INFO: [TRAIN] Step: 948 ; Loss: 25.929 ; Acc: 33.483
2018-09-19 13:55:37,524:INFO: [TRAIN] Step: 949 ; Loss: 25.711 ; Acc: 33.496
2018-09-19 13:55:37,618:INFO: [TRAIN] Step: 950 ; Loss: 30.336 ; Acc: 33.478
2018-09-19 13:55:37,707:INFO: [TRAIN] Step: 951 ; Loss: 30.871 ; Acc: 33.487
2018-09-19 13:55:37,801:INFO: [TRAIN] Step: 952 ; Loss: 25.176 ; Acc: 33.495
2018-09-19 13:55:37,906:INFO: [TRAIN] Step: 953 ; Loss: 28.130 ; Acc: 33.499
2018-09-19 13:55:38,008:INFO: [TRAIN] Step: 954 ; Loss: 27.294 ; Acc: 33.495
2018-09-19 13:55:38,094:INFO: [TRAIN] Step: 955 ; Loss: 27.766 ; Acc: 33.495
2018-09-19 13:55:38,187:INFO: [TRAIN] Step: 956 ; Loss: 27.994 ; Acc: 33.503
2018-09-19 13:55:38,275:INFO: [TRAIN] Step: 957 ; Loss: 28.269 ; Acc: 33.507
2018-09-19 13:55:38,367:INFO: [TRAIN] Step: 958 ; Loss: 29.141 ; Acc: 33.529
2018-09-19 13:55:38,456:INFO: [TRAIN] Step: 959 ; Loss: 29.029 ; Acc: 33.511
2018-09-19 13:55:38,549:INFO: [TRAIN] Step: 960 ; Loss: 26.029 ; Acc: 33.515
2018-09-19 13:55:38,640:INFO: [TRAIN] Step: 961 ; Loss: 28.550 ; Acc: 33.507
2018-09-19 13:55:38,736:INFO: [TRAIN] Step: 962 ; Loss: 28.515 ; Acc: 33.502
2018-09-19 13:55:38,824:INFO: [TRAIN] Step: 963 ; Loss: 31.787 ; Acc: 33.502
2018-09-19 13:55:38,921:INFO: [TRAIN] Step: 964 ; Loss: 26.562 ; Acc: 33.510
2018-09-19 13:55:39,009:INFO: [TRAIN] Step: 965 ; Loss: 22.854 ; Acc: 33.532
2018-09-19 13:55:39,102:INFO: [TRAIN] Step: 966 ; Loss: 26.755 ; Acc: 33.549
2018-09-19 13:55:39,192:INFO: [TRAIN] Step: 967 ; Loss: 27.607 ; Acc: 33.566
2018-09-19 13:55:39,290:INFO: [TRAIN] Step: 968 ; Loss: 24.259 ; Acc: 33.604
2018-09-19 13:55:39,376:INFO: [TRAIN] Step: 969 ; Loss: 28.578 ; Acc: 33.617
2018-09-19 13:55:39,472:INFO: [TRAIN] Step: 970 ; Loss: 26.267 ; Acc: 33.617
2018-09-19 13:55:39,558:INFO: [TRAIN] Step: 971 ; Loss: 29.227 ; Acc: 33.633
2018-09-19 13:55:39,656:INFO: [TRAIN] Step: 972 ; Loss: 33.709 ; Acc: 33.629
2018-09-19 13:55:39,746:INFO: [TRAIN] Step: 973 ; Loss: 27.712 ; Acc: 33.633
2018-09-19 13:55:39,842:INFO: [TRAIN] Step: 974 ; Loss: 28.919 ; Acc: 33.645
2018-09-19 13:55:39,929:INFO: [TRAIN] Step: 975 ; Loss: 28.614 ; Acc: 33.658
2018-09-19 13:55:40,024:INFO: [TRAIN] Step: 976 ; Loss: 29.987 ; Acc: 33.645
2018-09-19 13:55:40,113:INFO: [TRAIN] Step: 977 ; Loss: 28.423 ; Acc: 33.640
2018-09-19 13:55:40,207:INFO: [TRAIN] Step: 978 ; Loss: 29.953 ; Acc: 33.661
2018-09-19 13:55:40,294:INFO: [TRAIN] Step: 979 ; Loss: 29.799 ; Acc: 33.648
2018-09-19 13:55:40,387:INFO: [TRAIN] Step: 980 ; Loss: 29.429 ; Acc: 33.652
2018-09-19 13:55:40,473:INFO: [TRAIN] Step: 981 ; Loss: 28.891 ; Acc: 33.669
2018-09-19 13:55:40,568:INFO: [TRAIN] Step: 982 ; Loss: 26.173 ; Acc: 33.681
2018-09-19 13:55:40,657:INFO: [TRAIN] Step: 983 ; Loss: 27.485 ; Acc: 33.702
2018-09-19 13:55:40,754:INFO: [TRAIN] Step: 984 ; Loss: 28.364 ; Acc: 33.706
2018-09-19 13:55:40,846:INFO: [TRAIN] Step: 985 ; Loss: 32.039 ; Acc: 33.693
2018-09-19 13:55:40,949:INFO: [TRAIN] Step: 986 ; Loss: 27.341 ; Acc: 33.713
2018-09-19 13:55:41,037:INFO: [TRAIN] Step: 987 ; Loss: 33.379 ; Acc: 33.704
2018-09-19 13:55:41,133:INFO: [TRAIN] Step: 988 ; Loss: 31.654 ; Acc: 33.725
2018-09-19 13:55:41,221:INFO: [TRAIN] Step: 989 ; Loss: 28.953 ; Acc: 33.721
2018-09-19 13:55:41,315:INFO: [TRAIN] Step: 990 ; Loss: 31.979 ; Acc: 33.708
2018-09-19 13:55:41,403:INFO: [TRAIN] Step: 991 ; Loss: 24.924 ; Acc: 33.724
2018-09-19 13:55:41,501:INFO: [TRAIN] Step: 992 ; Loss: 24.735 ; Acc: 33.732
2018-09-19 13:55:41,586:INFO: [TRAIN] Step: 993 ; Loss: 28.825 ; Acc: 33.727
2018-09-19 13:55:41,684:INFO: [TRAIN] Step: 994 ; Loss: 29.863 ; Acc: 33.727
2018-09-19 13:55:41,769:INFO: [TRAIN] Step: 995 ; Loss: 25.516 ; Acc: 33.739
2018-09-19 13:55:41,861:INFO: [TRAIN] Step: 996 ; Loss: 27.097 ; Acc: 33.751
2018-09-19 13:55:41,949:INFO: [TRAIN] Step: 997 ; Loss: 27.030 ; Acc: 33.751
2018-09-19 13:55:42,041:INFO: [TRAIN] Step: 998 ; Loss: 25.241 ; Acc: 33.771
2018-09-19 13:55:42,129:INFO: [TRAIN] Step: 999 ; Loss: 27.570 ; Acc: 33.779
2018-09-19 13:55:42,228:INFO: [TRAIN] Step: 1000 ; Loss: 29.473 ; Acc: 33.791
2018-09-19 13:55:42,317:INFO: [TRAIN] Step: 1001 ; Loss: 31.063 ; Acc: 33.799
2018-09-19 13:55:42,410:INFO: [TRAIN] Step: 1002 ; Loss: 29.750 ; Acc: 33.815
2018-09-19 13:55:42,497:INFO: [TRAIN] Step: 1003 ; Loss: 30.972 ; Acc: 33.806
2018-09-19 13:55:42,590:INFO: [TRAIN] Step: 1004 ; Loss: 29.942 ; Acc: 33.798
2018-09-19 13:55:42,678:INFO: [TRAIN] Step: 1005 ; Loss: 31.478 ; Acc: 33.781
2018-09-19 13:55:42,772:INFO: [TRAIN] Step: 1006 ; Loss: 28.089 ; Acc: 33.784
2018-09-19 13:55:42,860:INFO: [TRAIN] Step: 1007 ; Loss: 28.843 ; Acc: 33.780
2018-09-19 13:55:42,954:INFO: [TRAIN] Step: 1008 ; Loss: 28.686 ; Acc: 33.775
2018-09-19 13:55:43,045:INFO: [TRAIN] Step: 1009 ; Loss: 32.619 ; Acc: 33.771
2018-09-19 13:55:43,140:INFO: [TRAIN] Step: 1010 ; Loss: 28.872 ; Acc: 33.774
2018-09-19 13:55:43,226:INFO: [TRAIN] Step: 1011 ; Loss: 29.187 ; Acc: 33.778
2018-09-19 13:55:43,324:INFO: [TRAIN] Step: 1012 ; Loss: 27.079 ; Acc: 33.786
2018-09-19 13:55:43,413:INFO: [TRAIN] Step: 1013 ; Loss: 27.402 ; Acc: 33.777
2018-09-19 13:55:43,507:INFO: [TRAIN] Step: 1014 ; Loss: 30.354 ; Acc: 33.789
2018-09-19 13:55:43,593:INFO: [TRAIN] Step: 1015 ; Loss: 28.474 ; Acc: 33.789
2018-09-19 13:55:43,686:INFO: [TRAIN] Step: 1016 ; Loss: 30.899 ; Acc: 33.776
2018-09-19 13:55:43,775:INFO: [TRAIN] Step: 1017 ; Loss: 27.231 ; Acc: 33.796
2018-09-19 13:55:43,871:INFO: [TRAIN] Step: 1018 ; Loss: 22.843 ; Acc: 33.812
2018-09-19 13:55:43,961:INFO: [TRAIN] Step: 1019 ; Loss: 36.450 ; Acc: 33.791
2018-09-19 13:55:44,059:INFO: [TRAIN] Step: 1020 ; Loss: 32.237 ; Acc: 33.790
2018-09-19 13:55:44,146:INFO: [TRAIN] Step: 1021 ; Loss: 32.126 ; Acc: 33.790
2018-09-19 13:55:44,244:INFO: [TRAIN] Step: 1022 ; Loss: 28.667 ; Acc: 33.794
2018-09-19 13:55:44,332:INFO: [TRAIN] Step: 1023 ; Loss: 28.327 ; Acc: 33.797
2018-09-19 13:55:44,428:INFO: [TRAIN] Step: 1024 ; Loss: 27.950 ; Acc: 33.805
2018-09-19 13:55:44,514:INFO: [TRAIN] Step: 1025 ; Loss: 30.557 ; Acc: 33.808
2018-09-19 13:55:44,606:INFO: [TRAIN] Step: 1026 ; Loss: 31.126 ; Acc: 33.820
2018-09-19 13:55:44,695:INFO: [TRAIN] Step: 1027 ; Loss: 31.787 ; Acc: 33.820
2018-09-19 13:55:44,789:INFO: [TRAIN] Step: 1028 ; Loss: 30.034 ; Acc: 33.815
2018-09-19 13:55:44,878:INFO: [TRAIN] Step: 1029 ; Loss: 30.914 ; Acc: 33.827
2018-09-19 13:55:44,975:INFO: [TRAIN] Step: 1030 ; Loss: 30.928 ; Acc: 33.818
2018-09-19 13:55:45,061:INFO: [TRAIN] Step: 1031 ; Loss: 30.186 ; Acc: 33.818
2018-09-19 13:55:45,154:INFO: [TRAIN] Step: 1032 ; Loss: 28.504 ; Acc: 33.809
2018-09-19 13:55:45,239:INFO: [TRAIN] Step: 1033 ; Loss: 23.814 ; Acc: 33.825
2018-09-19 13:55:45,334:INFO: [TRAIN] Step: 1034 ; Loss: 29.787 ; Acc: 33.829
2018-09-19 13:55:45,422:INFO: [TRAIN] Step: 1035 ; Loss: 27.966 ; Acc: 33.824
2018-09-19 13:55:45,518:INFO: [TRAIN] Step: 1036 ; Loss: 27.326 ; Acc: 33.840
2018-09-19 13:55:45,604:INFO: [TRAIN] Step: 1037 ; Loss: 26.108 ; Acc: 33.851
2018-09-19 13:55:45,696:INFO: [TRAIN] Step: 1038 ; Loss: 27.356 ; Acc: 33.851
2018-09-19 13:55:45,785:INFO: [TRAIN] Step: 1039 ; Loss: 30.534 ; Acc: 33.850
2018-09-19 13:55:45,877:INFO: [TRAIN] Step: 1040 ; Loss: 28.651 ; Acc: 33.854
2018-09-19 13:55:45,965:INFO: [TRAIN] Step: 1041 ; Loss: 26.901 ; Acc: 33.881
2018-09-19 13:55:46,060:INFO: [TRAIN] Step: 1042 ; Loss: 26.136 ; Acc: 33.889
2018-09-19 13:55:46,149:INFO: [TRAIN] Step: 1043 ; Loss: 30.934 ; Acc: 33.884
2018-09-19 13:55:46,243:INFO: [TRAIN] Step: 1044 ; Loss: 28.347 ; Acc: 33.904
2018-09-19 13:55:46,330:INFO: [TRAIN] Step: 1045 ; Loss: 32.617 ; Acc: 33.895
2018-09-19 13:55:46,424:INFO: [TRAIN] Step: 1046 ; Loss: 28.843 ; Acc: 33.902
2018-09-19 13:55:46,508:INFO: [TRAIN] Step: 1047 ; Loss: 29.599 ; Acc: 33.910
2018-09-19 13:55:46,599:INFO: [TRAIN] Step: 1048 ; Loss: 31.430 ; Acc: 33.913
2018-09-19 13:55:46,687:INFO: [TRAIN] Step: 1049 ; Loss: 29.635 ; Acc: 33.925
2018-09-19 13:55:46,782:INFO: [TRAIN] Step: 1050 ; Loss: 22.171 ; Acc: 33.932
2018-09-19 13:55:46,867:INFO: [TRAIN] Step: 1051 ; Loss: 33.942 ; Acc: 33.935
2018-09-19 13:55:46,963:INFO: [TRAIN] Step: 1052 ; Loss: 27.978 ; Acc: 33.939
2018-09-19 13:55:47,050:INFO: [TRAIN] Step: 1053 ; Loss: 28.122 ; Acc: 33.946
2018-09-19 13:55:47,142:INFO: [TRAIN] Step: 1054 ; Loss: 28.553 ; Acc: 33.953
2018-09-19 13:55:47,230:INFO: [TRAIN] Step: 1055 ; Loss: 28.765 ; Acc: 33.953
2018-09-19 13:55:47,326:INFO: [TRAIN] Step: 1056 ; Loss: 29.664 ; Acc: 33.948
2018-09-19 13:55:47,412:INFO: [TRAIN] Step: 1057 ; Loss: 27.750 ; Acc: 33.967
2018-09-19 13:55:47,506:INFO: [TRAIN] Step: 1058 ; Loss: 29.017 ; Acc: 33.975
2018-09-19 13:55:47,600:INFO: [TRAIN] Step: 1059 ; Loss: 29.887 ; Acc: 33.986
2018-09-19 13:55:47,698:INFO: [TRAIN] Step: 1060 ; Loss: 29.280 ; Acc: 33.977
2018-09-19 13:55:47,785:INFO: [TRAIN] Step: 1061 ; Loss: 25.525 ; Acc: 33.981
2018-09-19 13:55:47,879:INFO: [TRAIN] Step: 1062 ; Loss: 30.264 ; Acc: 33.988
2018-09-19 13:55:47,968:INFO: [TRAIN] Step: 1063 ; Loss: 33.672 ; Acc: 33.991
2018-09-19 13:55:48,060:INFO: [TRAIN] Step: 1064 ; Loss: 27.500 ; Acc: 34.006
2018-09-19 13:55:48,151:INFO: [TRAIN] Step: 1065 ; Loss: 30.530 ; Acc: 34.013
2018-09-19 13:55:48,246:INFO: [TRAIN] Step: 1066 ; Loss: 24.863 ; Acc: 34.021
2018-09-19 13:55:48,337:INFO: [TRAIN] Step: 1067 ; Loss: 29.507 ; Acc: 34.016
2018-09-19 13:55:48,433:INFO: [TRAIN] Step: 1068 ; Loss: 31.376 ; Acc: 34.023
2018-09-19 13:55:48,517:INFO: [TRAIN] Step: 1069 ; Loss: 28.215 ; Acc: 34.026
2018-09-19 13:55:48,610:INFO: [TRAIN] Step: 1070 ; Loss: 24.735 ; Acc: 34.049
2018-09-19 13:55:48,697:INFO: [TRAIN] Step: 1071 ; Loss: 25.631 ; Acc: 34.080
2018-09-19 13:55:48,789:INFO: [TRAIN] Step: 1072 ; Loss: 27.100 ; Acc: 34.091
2018-09-19 13:55:48,881:INFO: [TRAIN] Step: 1073 ; Loss: 30.690 ; Acc: 34.098
2018-09-19 13:55:48,974:INFO: [TRAIN] Step: 1074 ; Loss: 32.121 ; Acc: 34.097
2018-09-19 13:55:49,064:INFO: [TRAIN] Step: 1075 ; Loss: 25.920 ; Acc: 34.108
2018-09-19 13:55:49,158:INFO: [TRAIN] Step: 1076 ; Loss: 28.473 ; Acc: 34.111
2018-09-19 13:55:49,248:INFO: [TRAIN] Step: 1077 ; Loss: 31.109 ; Acc: 34.095
2018-09-19 13:55:49,345:INFO: [TRAIN] Step: 1078 ; Loss: 26.690 ; Acc: 34.106
2018-09-19 13:55:49,435:INFO: [TRAIN] Step: 1079 ; Loss: 28.740 ; Acc: 34.117
2018-09-19 13:55:49,529:INFO: [TRAIN] Step: 1080 ; Loss: 27.717 ; Acc: 34.120
2018-09-19 13:55:49,617:INFO: [TRAIN] Step: 1081 ; Loss: 23.930 ; Acc: 34.134
2018-09-19 13:55:49,711:INFO: [TRAIN] Step: 1082 ; Loss: 29.718 ; Acc: 34.126
2018-09-19 13:55:49,800:INFO: [TRAIN] Step: 1083 ; Loss: 25.554 ; Acc: 34.137
2018-09-19 13:55:49,900:INFO: [TRAIN] Step: 1084 ; Loss: 29.984 ; Acc: 34.124
2018-09-19 13:55:49,987:INFO: [TRAIN] Step: 1085 ; Loss: 28.901 ; Acc: 34.124
2018-09-19 13:55:50,083:INFO: [TRAIN] Step: 1086 ; Loss: 27.459 ; Acc: 34.108
2018-09-19 13:55:50,172:INFO: [TRAIN] Step: 1087 ; Loss: 27.191 ; Acc: 34.111
2018-09-19 13:55:50,264:INFO: [TRAIN] Step: 1088 ; Loss: 25.990 ; Acc: 34.141
2018-09-19 13:55:50,350:INFO: [TRAIN] Step: 1089 ; Loss: 26.233 ; Acc: 34.155
2018-09-19 13:55:50,448:INFO: [TRAIN] Step: 1090 ; Loss: 29.956 ; Acc: 34.162
2018-09-19 13:55:50,536:INFO: [TRAIN] Step: 1091 ; Loss: 28.778 ; Acc: 34.173
2018-09-19 13:55:50,630:INFO: [TRAIN] Step: 1092 ; Loss: 29.667 ; Acc: 34.180
2018-09-19 13:55:50,721:INFO: [TRAIN] Step: 1093 ; Loss: 27.611 ; Acc: 34.190
2018-09-19 13:55:50,813:INFO: [TRAIN] Step: 1094 ; Loss: 31.831 ; Acc: 34.182
2018-09-19 13:55:50,904:INFO: [TRAIN] Step: 1095 ; Loss: 25.928 ; Acc: 34.185
2018-09-19 13:55:50,995:INFO: [TRAIN] Step: 1096 ; Loss: 24.227 ; Acc: 34.203
2018-09-19 13:55:51,082:INFO: [TRAIN] Step: 1097 ; Loss: 30.757 ; Acc: 34.202
2018-09-19 13:55:51,179:INFO: [TRAIN] Step: 1098 ; Loss: 29.033 ; Acc: 34.198
2018-09-19 13:55:51,267:INFO: [TRAIN] Step: 1099 ; Loss: 27.131 ; Acc: 34.193
2018-09-19 13:55:51,358:INFO: [TRAIN] Step: 1100 ; Loss: 28.425 ; Acc: 34.204
2018-09-19 13:55:51,447:INFO: [TRAIN] Step: 1101 ; Loss: 24.696 ; Acc: 34.229
2018-09-19 13:55:51,545:INFO: [TRAIN] Step: 1102 ; Loss: 28.769 ; Acc: 34.229
2018-09-19 13:55:51,631:INFO: [TRAIN] Step: 1103 ; Loss: 26.592 ; Acc: 34.228
2018-09-19 13:55:51,726:INFO: [TRAIN] Step: 1104 ; Loss: 28.875 ; Acc: 34.227
2018-09-19 13:55:51,814:INFO: [TRAIN] Step: 1105 ; Loss: 28.360 ; Acc: 34.245
2018-09-19 13:55:51,909:INFO: [TRAIN] Step: 1106 ; Loss: 30.300 ; Acc: 34.237
2018-09-19 13:55:51,994:INFO: [TRAIN] Step: 1107 ; Loss: 30.543 ; Acc: 34.232
2018-09-19 13:55:52,097:INFO: [TRAIN] Step: 1108 ; Loss: 28.349 ; Acc: 34.231
2018-09-19 13:55:52,188:INFO: [TRAIN] Step: 1109 ; Loss: 34.435 ; Acc: 34.219
2018-09-19 13:55:52,288:INFO: [TRAIN] Step: 1110 ; Loss: 29.477 ; Acc: 34.230
2018-09-19 13:55:52,374:INFO: [TRAIN] Step: 1111 ; Loss: 29.048 ; Acc: 34.229
2018-09-19 13:55:52,467:INFO: [TRAIN] Step: 1112 ; Loss: 26.855 ; Acc: 34.232
2018-09-19 13:55:52,553:INFO: [TRAIN] Step: 1113 ; Loss: 26.473 ; Acc: 34.242
2018-09-19 13:55:52,649:INFO: [TRAIN] Step: 1114 ; Loss: 31.675 ; Acc: 34.230
2018-09-19 13:55:52,737:INFO: [TRAIN] Step: 1115 ; Loss: 27.417 ; Acc: 34.241
2018-09-19 13:55:52,829:INFO: [TRAIN] Step: 1116 ; Loss: 29.252 ; Acc: 34.251
2018-09-19 13:55:52,919:INFO: [TRAIN] Step: 1117 ; Loss: 28.903 ; Acc: 34.250
2018-09-19 13:55:53,012:INFO: [TRAIN] Step: 1118 ; Loss: 24.235 ; Acc: 34.272
2018-09-19 13:55:53,097:INFO: [TRAIN] Step: 1119 ; Loss: 29.631 ; Acc: 34.286
2018-09-19 13:55:53,192:INFO: [TRAIN] Step: 1120 ; Loss: 27.215 ; Acc: 34.292
2018-09-19 13:55:53,277:INFO: [TRAIN] Step: 1121 ; Loss: 28.380 ; Acc: 34.303
2018-09-19 13:55:53,374:INFO: [TRAIN] Step: 1122 ; Loss: 29.022 ; Acc: 34.302
2018-09-19 13:55:53,461:INFO: [TRAIN] Step: 1123 ; Loss: 28.300 ; Acc: 34.308
2018-09-19 13:55:53,556:INFO: [TRAIN] Step: 1124 ; Loss: 26.481 ; Acc: 34.341
2018-09-19 13:55:53,643:INFO: [TRAIN] Step: 1125 ; Loss: 28.042 ; Acc: 34.340
2018-09-19 13:55:53,739:INFO: [TRAIN] Step: 1126 ; Loss: 29.352 ; Acc: 34.339
2018-09-19 13:55:53,827:INFO: [TRAIN] Step: 1127 ; Loss: 29.227 ; Acc: 34.349
2018-09-19 13:55:53,924:INFO: [TRAIN] Step: 1128 ; Loss: 30.379 ; Acc: 34.348
2018-09-19 13:55:54,014:INFO: [TRAIN] Step: 1129 ; Loss: 28.694 ; Acc: 34.369
2018-09-19 13:55:54,106:INFO: [TRAIN] Step: 1130 ; Loss: 33.663 ; Acc: 34.369
2018-09-19 13:55:54,196:INFO: [TRAIN] Step: 1131 ; Loss: 26.040 ; Acc: 34.379
2018-09-19 13:55:54,289:INFO: [TRAIN] Step: 1132 ; Loss: 27.084 ; Acc: 34.381
2018-09-19 13:55:54,380:INFO: [TRAIN] Step: 1133 ; Loss: 25.042 ; Acc: 34.384
2018-09-19 13:55:54,471:INFO: [TRAIN] Step: 1134 ; Loss: 31.516 ; Acc: 34.365
2018-09-19 13:55:54,558:INFO: [TRAIN] Step: 1135 ; Loss: 28.262 ; Acc: 34.379
2018-09-19 13:55:54,651:INFO: [TRAIN] Step: 1136 ; Loss: 30.583 ; Acc: 34.381
2018-09-19 13:55:54,737:INFO: [TRAIN] Step: 1137 ; Loss: 29.473 ; Acc: 34.380
2018-09-19 13:55:54,830:INFO: [TRAIN] Step: 1138 ; Loss: 31.624 ; Acc: 34.376
2018-09-19 13:55:54,916:INFO: [TRAIN] Step: 1139 ; Loss: 30.613 ; Acc: 34.371
2018-09-19 13:55:55,012:INFO: [TRAIN] Step: 1140 ; Loss: 28.945 ; Acc: 34.363
2018-09-19 13:55:55,096:INFO: [TRAIN] Step: 1141 ; Loss: 28.166 ; Acc: 34.373
2018-09-19 13:55:55,191:INFO: [TRAIN] Step: 1142 ; Loss: 31.667 ; Acc: 34.361
2018-09-19 13:55:55,280:INFO: [TRAIN] Step: 1143 ; Loss: 28.636 ; Acc: 34.375
2018-09-19 13:55:55,376:INFO: [TRAIN] Step: 1144 ; Loss: 30.090 ; Acc: 34.370
2018-09-19 13:55:55,466:INFO: [TRAIN] Step: 1145 ; Loss: 29.079 ; Acc: 34.373
2018-09-19 13:55:55,560:INFO: [TRAIN] Step: 1146 ; Loss: 25.403 ; Acc: 34.387
2018-09-19 13:55:55,645:INFO: [TRAIN] Step: 1147 ; Loss: 22.248 ; Acc: 34.404
2018-09-19 13:55:55,741:INFO: [TRAIN] Step: 1148 ; Loss: 27.432 ; Acc: 34.399
2018-09-19 13:55:55,827:INFO: [TRAIN] Step: 1149 ; Loss: 27.161 ; Acc: 34.409
2018-09-19 13:55:55,922:INFO: [TRAIN] Step: 1150 ; Loss: 26.907 ; Acc: 34.427
2018-09-19 13:55:56,008:INFO: [TRAIN] Step: 1151 ; Loss: 31.015 ; Acc: 34.433
2018-09-19 13:55:56,099:INFO: [TRAIN] Step: 1152 ; Loss: 29.173 ; Acc: 34.439
2018-09-19 13:55:56,188:INFO: [TRAIN] Step: 1153 ; Loss: 32.029 ; Acc: 34.442
2018-09-19 13:55:56,286:INFO: [TRAIN] Step: 1154 ; Loss: 27.089 ; Acc: 34.452
2018-09-19 13:55:56,377:INFO: [TRAIN] Step: 1155 ; Loss: 31.137 ; Acc: 34.447
2018-09-19 13:55:56,474:INFO: [TRAIN] Step: 1156 ; Loss: 25.690 ; Acc: 34.468
2018-09-19 13:55:56,558:INFO: [TRAIN] Step: 1157 ; Loss: 32.805 ; Acc: 34.460
2018-09-19 13:55:56,651:INFO: [TRAIN] Step: 1158 ; Loss: 28.185 ; Acc: 34.466
2018-09-19 13:55:56,740:INFO: [TRAIN] Step: 1159 ; Loss: 27.008 ; Acc: 34.479
2018-09-19 13:55:56,834:INFO: [TRAIN] Step: 1160 ; Loss: 25.437 ; Acc: 34.482
2018-09-19 13:55:56,923:INFO: [TRAIN] Step: 1161 ; Loss: 31.957 ; Acc: 34.470
2018-09-19 13:55:57,018:INFO: [TRAIN] Step: 1162 ; Loss: 27.049 ; Acc: 34.483
2018-09-19 13:55:57,109:INFO: [TRAIN] Step: 1163 ; Loss: 31.091 ; Acc: 34.475
2018-09-19 13:55:57,200:INFO: [TRAIN] Step: 1164 ; Loss: 29.671 ; Acc: 34.485
2018-09-19 13:55:57,287:INFO: [TRAIN] Step: 1165 ; Loss: 27.644 ; Acc: 34.491
2018-09-19 13:55:57,380:INFO: [TRAIN] Step: 1166 ; Loss: 28.668 ; Acc: 34.501
2018-09-19 13:55:57,465:INFO: [TRAIN] Step: 1167 ; Loss: 33.140 ; Acc: 34.503
2018-09-19 13:55:57,558:INFO: [TRAIN] Step: 1168 ; Loss: 29.646 ; Acc: 34.502
2018-09-19 13:55:57,642:INFO: [TRAIN] Step: 1169 ; Loss: 32.341 ; Acc: 34.494
2018-09-19 13:55:57,738:INFO: [TRAIN] Step: 1170 ; Loss: 26.806 ; Acc: 34.493
2018-09-19 13:55:57,828:INFO: [TRAIN] Step: 1171 ; Loss: 31.702 ; Acc: 34.485
2018-09-19 13:55:57,919:INFO: [TRAIN] Step: 1172 ; Loss: 29.618 ; Acc: 34.488
2018-09-19 13:55:58,005:INFO: [TRAIN] Step: 1173 ; Loss: 27.694 ; Acc: 34.487
2018-09-19 13:55:58,097:INFO: [TRAIN] Step: 1174 ; Loss: 29.464 ; Acc: 34.486
2018-09-19 13:55:58,184:INFO: [TRAIN] Step: 1175 ; Loss: 25.073 ; Acc: 34.485
2018-09-19 13:55:58,281:INFO: [TRAIN] Step: 1176 ; Loss: 24.805 ; Acc: 34.505
2018-09-19 13:55:58,364:INFO: [TRAIN] Step: 1177 ; Loss: 29.082 ; Acc: 34.497
2018-09-19 13:55:58,456:INFO: [TRAIN] Step: 1178 ; Loss: 26.195 ; Acc: 34.503
2018-09-19 13:55:58,543:INFO: [TRAIN] Step: 1179 ; Loss: 26.232 ; Acc: 34.506
2018-09-19 13:55:58,641:INFO: [TRAIN] Step: 1180 ; Loss: 25.570 ; Acc: 34.515
2018-09-19 13:55:58,725:INFO: [TRAIN] Step: 1181 ; Loss: 29.855 ; Acc: 34.507
2018-09-19 13:55:58,820:INFO: [TRAIN] Step: 1182 ; Loss: 26.739 ; Acc: 34.506
2018-09-19 13:55:58,908:INFO: [TRAIN] Step: 1183 ; Loss: 26.637 ; Acc: 34.526
2018-09-19 13:55:58,999:INFO: [TRAIN] Step: 1184 ; Loss: 27.156 ; Acc: 34.529
2018-09-19 13:55:59,091:INFO: [TRAIN] Step: 1185 ; Loss: 23.926 ; Acc: 34.545
2018-09-19 13:55:59,186:INFO: [TRAIN] Step: 1186 ; Loss: 29.789 ; Acc: 34.555
2018-09-19 13:55:59,269:INFO: [TRAIN] Step: 1187 ; Loss: 30.689 ; Acc: 34.550
2018-09-19 13:55:59,359:INFO: [TRAIN] Step: 1188 ; Loss: 27.132 ; Acc: 34.560
2018-09-19 13:55:59,447:INFO: [TRAIN] Step: 1189 ; Loss: 27.949 ; Acc: 34.576
2018-09-19 13:56:04,604:INFO: [EVAL] Step: 1190 ; Loss: 0.299 ; Acc: 0.390
