2018-09-19 14:40:08,755:INFO: ### Model ###
LeNet5(
  (convnet): Sequential(
    (0): Conv2d(1, 6, kernel_size=(5, 5), stride=(1, 1))
    (1): ReLU()
    (2): MaxPool2d(kernel_size=(2, 2), stride=2, padding=0, dilation=1, ceil_mode=False)
    (3): Conv2d(6, 16, kernel_size=(5, 5), stride=(1, 1))
    (4): ReLU()
    (5): MaxPool2d(kernel_size=(2, 2), stride=2, padding=0, dilation=1, ceil_mode=False)
    (6): Conv2d(16, 120, kernel_size=(5, 5), stride=(1, 1))
    (7): ReLU()
    (8): Conv2d(120, 240, kernel_size=(5, 5), stride=(1, 1))
    (9): ReLU()
  )
  (fc): Sequential(
    (0): Linear(in_features=240, out_features=84, bias=True)
    (1): ReLU()
    (2): Linear(in_features=84, out_features=10, bias=True)
  )
)
2018-09-19 14:40:08,756:INFO: ### Optimizer ###
Adam (
Parameter Group 0
    amsgrad: False
    betas: (0.9, 0.999)
    eps: 1e-08
    lr: 0.001
    weight_decay: 0
)
2018-09-19 14:40:08,756:INFO: ### HParams ###
n_epochs: 1 ; data: ferplus ; label: ferplus_votes ; batch_size: 24 ; lr: 0.001 ; wd: 0 ; eval_steps: 1190
2018-09-19 14:40:08,930:INFO: [TRAIN] Step: 0 ; Loss: 38.942 ; Acc: 4.167
2018-09-19 14:40:09,010:INFO: [TRAIN] Step: 1 ; Loss: 38.017 ; Acc: 25.000
2018-09-19 14:40:09,105:INFO: [TRAIN] Step: 2 ; Loss: 33.875 ; Acc: 22.222
2018-09-19 14:40:09,200:INFO: [TRAIN] Step: 3 ; Loss: 29.166 ; Acc: 27.083
2018-09-19 14:40:09,278:INFO: [TRAIN] Step: 4 ; Loss: 38.801 ; Acc: 25.833
2018-09-19 14:40:09,355:INFO: [TRAIN] Step: 5 ; Loss: 31.781 ; Acc: 27.083
2018-09-19 14:40:09,429:INFO: [TRAIN] Step: 6 ; Loss: 31.121 ; Acc: 26.786
2018-09-19 14:40:09,510:INFO: [TRAIN] Step: 7 ; Loss: 31.488 ; Acc: 27.604
2018-09-19 14:40:09,584:INFO: [TRAIN] Step: 8 ; Loss: 29.130 ; Acc: 26.389
2018-09-19 14:40:09,667:INFO: [TRAIN] Step: 9 ; Loss: 27.488 ; Acc: 25.417
2018-09-19 14:40:09,740:INFO: [TRAIN] Step: 10 ; Loss: 29.599 ; Acc: 24.621
2018-09-19 14:40:09,823:INFO: [TRAIN] Step: 11 ; Loss: 31.479 ; Acc: 25.694
2018-09-19 14:40:09,897:INFO: [TRAIN] Step: 12 ; Loss: 32.610 ; Acc: 25.321
2018-09-19 14:40:09,981:INFO: [TRAIN] Step: 13 ; Loss: 30.234 ; Acc: 25.893
2018-09-19 14:40:10,061:INFO: [TRAIN] Step: 14 ; Loss: 30.890 ; Acc: 26.389
2018-09-19 14:40:10,141:INFO: [TRAIN] Step: 15 ; Loss: 27.750 ; Acc: 26.562
2018-09-19 14:40:10,216:INFO: [TRAIN] Step: 16 ; Loss: 31.256 ; Acc: 26.716
2018-09-19 14:40:10,298:INFO: [TRAIN] Step: 17 ; Loss: 35.698 ; Acc: 25.926
2018-09-19 14:40:10,371:INFO: [TRAIN] Step: 18 ; Loss: 32.783 ; Acc: 26.316
2018-09-19 14:40:10,452:INFO: [TRAIN] Step: 19 ; Loss: 29.886 ; Acc: 26.667
2018-09-19 14:40:10,537:INFO: [TRAIN] Step: 20 ; Loss: 33.229 ; Acc: 26.190
2018-09-19 14:40:10,625:INFO: [TRAIN] Step: 21 ; Loss: 32.341 ; Acc: 25.947
2018-09-19 14:40:10,709:INFO: [TRAIN] Step: 22 ; Loss: 32.431 ; Acc: 26.087
2018-09-19 14:40:10,805:INFO: [TRAIN] Step: 23 ; Loss: 25.331 ; Acc: 26.389
2018-09-19 14:40:10,900:INFO: [TRAIN] Step: 24 ; Loss: 31.420 ; Acc: 26.333
2018-09-19 14:40:10,981:INFO: [TRAIN] Step: 25 ; Loss: 31.340 ; Acc: 26.603
2018-09-19 14:40:11,055:INFO: [TRAIN] Step: 26 ; Loss: 29.706 ; Acc: 26.235
2018-09-19 14:40:11,135:INFO: [TRAIN] Step: 27 ; Loss: 26.927 ; Acc: 26.786
2018-09-19 14:40:11,209:INFO: [TRAIN] Step: 28 ; Loss: 28.060 ; Acc: 27.874
2018-09-19 14:40:11,288:INFO: [TRAIN] Step: 29 ; Loss: 27.200 ; Acc: 28.333
2018-09-19 14:40:11,364:INFO: [TRAIN] Step: 30 ; Loss: 33.865 ; Acc: 27.823
2018-09-19 14:40:11,446:INFO: [TRAIN] Step: 31 ; Loss: 31.590 ; Acc: 28.125
2018-09-19 14:40:11,519:INFO: [TRAIN] Step: 32 ; Loss: 23.446 ; Acc: 29.040
2018-09-19 14:40:11,598:INFO: [TRAIN] Step: 33 ; Loss: 27.391 ; Acc: 29.289
2018-09-19 14:40:11,673:INFO: [TRAIN] Step: 34 ; Loss: 26.507 ; Acc: 29.286
2018-09-19 14:40:11,753:INFO: [TRAIN] Step: 35 ; Loss: 26.487 ; Acc: 29.630
2018-09-19 14:40:11,827:INFO: [TRAIN] Step: 36 ; Loss: 27.804 ; Acc: 29.730
2018-09-19 14:40:11,910:INFO: [TRAIN] Step: 37 ; Loss: 27.414 ; Acc: 29.715
2018-09-19 14:40:11,982:INFO: [TRAIN] Step: 38 ; Loss: 30.097 ; Acc: 29.487
2018-09-19 14:40:12,062:INFO: [TRAIN] Step: 39 ; Loss: 31.563 ; Acc: 29.479
2018-09-19 14:40:12,136:INFO: [TRAIN] Step: 40 ; Loss: 30.698 ; Acc: 29.472
2018-09-19 14:40:12,215:INFO: [TRAIN] Step: 41 ; Loss: 31.350 ; Acc: 29.563
2018-09-19 14:40:12,291:INFO: [TRAIN] Step: 42 ; Loss: 32.494 ; Acc: 29.651
2018-09-19 14:40:12,371:INFO: [TRAIN] Step: 43 ; Loss: 26.845 ; Acc: 30.114
2018-09-19 14:40:12,445:INFO: [TRAIN] Step: 44 ; Loss: 33.498 ; Acc: 29.907
2018-09-19 14:40:12,525:INFO: [TRAIN] Step: 45 ; Loss: 27.587 ; Acc: 29.982
2018-09-19 14:40:12,605:INFO: [TRAIN] Step: 46 ; Loss: 27.194 ; Acc: 30.319
2018-09-19 14:40:12,687:INFO: [TRAIN] Step: 47 ; Loss: 29.348 ; Acc: 30.382
2018-09-19 14:40:12,761:INFO: [TRAIN] Step: 48 ; Loss: 27.363 ; Acc: 30.782
2018-09-19 14:40:12,846:INFO: [TRAIN] Step: 49 ; Loss: 29.762 ; Acc: 30.917
2018-09-19 14:40:12,921:INFO: [TRAIN] Step: 50 ; Loss: 28.636 ; Acc: 31.127
2018-09-19 14:40:13,007:INFO: [TRAIN] Step: 51 ; Loss: 24.635 ; Acc: 31.571
2018-09-19 14:40:13,081:INFO: [TRAIN] Step: 52 ; Loss: 30.010 ; Acc: 31.525
2018-09-19 14:40:13,159:INFO: [TRAIN] Step: 53 ; Loss: 31.373 ; Acc: 31.481
2018-09-19 14:40:13,233:INFO: [TRAIN] Step: 54 ; Loss: 34.115 ; Acc: 31.439
2018-09-19 14:40:13,312:INFO: [TRAIN] Step: 55 ; Loss: 29.547 ; Acc: 31.771
2018-09-19 14:40:13,385:INFO: [TRAIN] Step: 56 ; Loss: 25.807 ; Acc: 32.091
2018-09-19 14:40:13,465:INFO: [TRAIN] Step: 57 ; Loss: 25.146 ; Acc: 32.328
2018-09-19 14:40:13,540:INFO: [TRAIN] Step: 58 ; Loss: 29.443 ; Acc: 32.133
2018-09-19 14:40:13,621:INFO: [TRAIN] Step: 59 ; Loss: 24.850 ; Acc: 32.292
2018-09-19 14:40:13,694:INFO: [TRAIN] Step: 60 ; Loss: 29.428 ; Acc: 32.582
2018-09-19 14:40:13,774:INFO: [TRAIN] Step: 61 ; Loss: 27.178 ; Acc: 32.661
2018-09-19 14:40:13,846:INFO: [TRAIN] Step: 62 ; Loss: 28.804 ; Acc: 32.870
2018-09-19 14:40:13,925:INFO: [TRAIN] Step: 63 ; Loss: 28.340 ; Acc: 32.878
2018-09-19 14:40:14,001:INFO: [TRAIN] Step: 64 ; Loss: 27.600 ; Acc: 32.756
2018-09-19 14:40:14,081:INFO: [TRAIN] Step: 65 ; Loss: 29.141 ; Acc: 33.018
2018-09-19 14:40:14,155:INFO: [TRAIN] Step: 66 ; Loss: 27.860 ; Acc: 33.147
2018-09-19 14:40:14,237:INFO: [TRAIN] Step: 67 ; Loss: 26.017 ; Acc: 33.456
2018-09-19 14:40:14,310:INFO: [TRAIN] Step: 68 ; Loss: 27.671 ; Acc: 33.514
2018-09-19 14:40:14,390:INFO: [TRAIN] Step: 69 ; Loss: 31.085 ; Acc: 33.631
2018-09-19 14:40:14,461:INFO: [TRAIN] Step: 70 ; Loss: 28.922 ; Acc: 33.803
2018-09-19 14:40:14,539:INFO: [TRAIN] Step: 71 ; Loss: 29.336 ; Acc: 33.854
2018-09-19 14:40:14,611:INFO: [TRAIN] Step: 72 ; Loss: 29.372 ; Acc: 33.961
2018-09-19 14:40:14,691:INFO: [TRAIN] Step: 73 ; Loss: 27.453 ; Acc: 33.840
2018-09-19 14:40:14,765:INFO: [TRAIN] Step: 74 ; Loss: 32.595 ; Acc: 33.778
2018-09-19 14:40:14,845:INFO: [TRAIN] Step: 75 ; Loss: 26.644 ; Acc: 33.662
2018-09-19 14:40:14,917:INFO: [TRAIN] Step: 76 ; Loss: 25.470 ; Acc: 33.712
2018-09-19 14:40:14,998:INFO: [TRAIN] Step: 77 ; Loss: 28.847 ; Acc: 33.707
2018-09-19 14:40:15,070:INFO: [TRAIN] Step: 78 ; Loss: 30.079 ; Acc: 33.703
2018-09-19 14:40:15,149:INFO: [TRAIN] Step: 79 ; Loss: 29.377 ; Acc: 33.854
2018-09-19 14:40:15,223:INFO: [TRAIN] Step: 80 ; Loss: 28.802 ; Acc: 33.899
2018-09-19 14:40:15,304:INFO: [TRAIN] Step: 81 ; Loss: 26.376 ; Acc: 33.994
2018-09-19 14:40:15,378:INFO: [TRAIN] Step: 82 ; Loss: 25.558 ; Acc: 34.337
2018-09-19 14:40:15,460:INFO: [TRAIN] Step: 83 ; Loss: 29.921 ; Acc: 34.325
2018-09-19 14:40:15,532:INFO: [TRAIN] Step: 84 ; Loss: 29.394 ; Acc: 34.314
2018-09-19 14:40:15,612:INFO: [TRAIN] Step: 85 ; Loss: 28.896 ; Acc: 34.109
2018-09-19 14:40:15,706:INFO: [TRAIN] Step: 86 ; Loss: 28.499 ; Acc: 34.100
2018-09-19 14:40:15,786:INFO: [TRAIN] Step: 87 ; Loss: 23.806 ; Acc: 34.186
2018-09-19 14:40:15,869:INFO: [TRAIN] Step: 88 ; Loss: 27.217 ; Acc: 34.363
2018-09-19 14:40:15,949:INFO: [TRAIN] Step: 89 ; Loss: 30.714 ; Acc: 34.259
2018-09-19 14:40:16,022:INFO: [TRAIN] Step: 90 ; Loss: 26.691 ; Acc: 34.341
2018-09-19 14:40:16,102:INFO: [TRAIN] Step: 91 ; Loss: 26.758 ; Acc: 34.330
2018-09-19 14:40:16,175:INFO: [TRAIN] Step: 92 ; Loss: 25.452 ; Acc: 34.364
2018-09-19 14:40:16,254:INFO: [TRAIN] Step: 93 ; Loss: 28.484 ; Acc: 34.441
2018-09-19 14:40:16,328:INFO: [TRAIN] Step: 94 ; Loss: 28.756 ; Acc: 34.430
2018-09-19 14:40:16,408:INFO: [TRAIN] Step: 95 ; Loss: 31.718 ; Acc: 34.505
2018-09-19 14:40:16,485:INFO: [TRAIN] Step: 96 ; Loss: 29.339 ; Acc: 34.493
2018-09-19 14:40:16,567:INFO: [TRAIN] Step: 97 ; Loss: 27.386 ; Acc: 34.694
2018-09-19 14:40:16,640:INFO: [TRAIN] Step: 98 ; Loss: 25.867 ; Acc: 34.554
2018-09-19 14:40:16,718:INFO: [TRAIN] Step: 99 ; Loss: 27.291 ; Acc: 34.583
2018-09-19 14:40:16,792:INFO: [TRAIN] Step: 100 ; Loss: 23.896 ; Acc: 34.571
2018-09-19 14:40:16,872:INFO: [TRAIN] Step: 101 ; Loss: 24.379 ; Acc: 34.763
2018-09-19 14:40:16,947:INFO: [TRAIN] Step: 102 ; Loss: 23.967 ; Acc: 34.911
2018-09-19 14:40:17,027:INFO: [TRAIN] Step: 103 ; Loss: 29.823 ; Acc: 34.856
2018-09-19 14:40:17,101:INFO: [TRAIN] Step: 104 ; Loss: 34.726 ; Acc: 34.802
2018-09-19 14:40:17,182:INFO: [TRAIN] Step: 105 ; Loss: 27.111 ; Acc: 34.866
2018-09-19 14:40:17,255:INFO: [TRAIN] Step: 106 ; Loss: 28.453 ; Acc: 34.930
2018-09-19 14:40:17,334:INFO: [TRAIN] Step: 107 ; Loss: 28.841 ; Acc: 34.992
2018-09-19 14:40:17,410:INFO: [TRAIN] Step: 108 ; Loss: 28.561 ; Acc: 35.054
2018-09-19 14:40:17,490:INFO: [TRAIN] Step: 109 ; Loss: 28.324 ; Acc: 35.114
2018-09-19 14:40:17,567:INFO: [TRAIN] Step: 110 ; Loss: 29.728 ; Acc: 35.173
2018-09-19 14:40:17,657:INFO: [TRAIN] Step: 111 ; Loss: 27.668 ; Acc: 35.082
2018-09-19 14:40:17,732:INFO: [TRAIN] Step: 112 ; Loss: 30.330 ; Acc: 34.993
2018-09-19 14:40:17,814:INFO: [TRAIN] Step: 113 ; Loss: 25.499 ; Acc: 34.978
2018-09-19 14:40:17,887:INFO: [TRAIN] Step: 114 ; Loss: 27.107 ; Acc: 35.000
2018-09-19 14:40:17,970:INFO: [TRAIN] Step: 115 ; Loss: 29.482 ; Acc: 34.950
2018-09-19 14:40:18,046:INFO: [TRAIN] Step: 116 ; Loss: 25.657 ; Acc: 34.972
2018-09-19 14:40:18,126:INFO: [TRAIN] Step: 117 ; Loss: 27.021 ; Acc: 35.064
2018-09-19 14:40:18,200:INFO: [TRAIN] Step: 118 ; Loss: 29.758 ; Acc: 35.049
2018-09-19 14:40:18,281:INFO: [TRAIN] Step: 119 ; Loss: 30.436 ; Acc: 34.931
2018-09-19 14:40:18,354:INFO: [TRAIN] Step: 120 ; Loss: 26.897 ; Acc: 35.055
2018-09-19 14:40:18,436:INFO: [TRAIN] Step: 121 ; Loss: 28.468 ; Acc: 34.973
2018-09-19 14:40:18,512:INFO: [TRAIN] Step: 122 ; Loss: 27.711 ; Acc: 34.959
2018-09-19 14:40:18,592:INFO: [TRAIN] Step: 123 ; Loss: 27.872 ; Acc: 34.845
2018-09-19 14:40:18,665:INFO: [TRAIN] Step: 124 ; Loss: 24.996 ; Acc: 34.867
2018-09-19 14:40:18,746:INFO: [TRAIN] Step: 125 ; Loss: 28.627 ; Acc: 34.888
2018-09-19 14:40:18,820:INFO: [TRAIN] Step: 126 ; Loss: 28.783 ; Acc: 34.810
2018-09-19 14:40:18,900:INFO: [TRAIN] Step: 127 ; Loss: 26.713 ; Acc: 34.993
2018-09-19 14:40:18,973:INFO: [TRAIN] Step: 128 ; Loss: 24.088 ; Acc: 35.142
2018-09-19 14:40:19,052:INFO: [TRAIN] Step: 129 ; Loss: 27.253 ; Acc: 35.192
2018-09-19 14:40:19,125:INFO: [TRAIN] Step: 130 ; Loss: 29.168 ; Acc: 35.210
2018-09-19 14:40:19,228:INFO: [TRAIN] Step: 131 ; Loss: 22.698 ; Acc: 35.259
2018-09-19 14:40:19,306:INFO: [TRAIN] Step: 132 ; Loss: 32.175 ; Acc: 35.182
2018-09-19 14:40:19,386:INFO: [TRAIN] Step: 133 ; Loss: 26.723 ; Acc: 35.199
2018-09-19 14:40:19,465:INFO: [TRAIN] Step: 134 ; Loss: 24.687 ; Acc: 35.247
2018-09-19 14:40:19,545:INFO: [TRAIN] Step: 135 ; Loss: 26.590 ; Acc: 35.294
2018-09-19 14:40:19,621:INFO: [TRAIN] Step: 136 ; Loss: 25.824 ; Acc: 35.371
2018-09-19 14:40:19,701:INFO: [TRAIN] Step: 137 ; Loss: 27.861 ; Acc: 35.417
2018-09-19 14:40:19,776:INFO: [TRAIN] Step: 138 ; Loss: 25.894 ; Acc: 35.372
2018-09-19 14:40:19,857:INFO: [TRAIN] Step: 139 ; Loss: 25.814 ; Acc: 35.446
2018-09-19 14:40:19,929:INFO: [TRAIN] Step: 140 ; Loss: 30.073 ; Acc: 35.520
2018-09-19 14:40:20,008:INFO: [TRAIN] Step: 141 ; Loss: 27.791 ; Acc: 35.534
2018-09-19 14:40:20,083:INFO: [TRAIN] Step: 142 ; Loss: 28.007 ; Acc: 35.577
2018-09-19 14:40:20,162:INFO: [TRAIN] Step: 143 ; Loss: 25.519 ; Acc: 35.648
2018-09-19 14:40:20,235:INFO: [TRAIN] Step: 144 ; Loss: 26.429 ; Acc: 35.747
2018-09-19 14:40:20,314:INFO: [TRAIN] Step: 145 ; Loss: 27.930 ; Acc: 35.902
2018-09-19 14:40:20,391:INFO: [TRAIN] Step: 146 ; Loss: 21.816 ; Acc: 36.111
2018-09-19 14:40:20,471:INFO: [TRAIN] Step: 147 ; Loss: 26.717 ; Acc: 36.149
2018-09-19 14:40:20,544:INFO: [TRAIN] Step: 148 ; Loss: 25.345 ; Acc: 36.102
2018-09-19 14:40:20,624:INFO: [TRAIN] Step: 149 ; Loss: 28.691 ; Acc: 36.139
2018-09-19 14:40:20,697:INFO: [TRAIN] Step: 150 ; Loss: 24.068 ; Acc: 36.258
2018-09-19 14:40:20,778:INFO: [TRAIN] Step: 151 ; Loss: 25.951 ; Acc: 36.321
2018-09-19 14:40:20,857:INFO: [TRAIN] Step: 152 ; Loss: 29.469 ; Acc: 36.329
2018-09-19 14:40:20,942:INFO: [TRAIN] Step: 153 ; Loss: 26.143 ; Acc: 36.364
2018-09-19 14:40:21,015:INFO: [TRAIN] Step: 154 ; Loss: 23.982 ; Acc: 36.344
2018-09-19 14:40:21,096:INFO: [TRAIN] Step: 155 ; Loss: 30.205 ; Acc: 36.325
2018-09-19 14:40:21,169:INFO: [TRAIN] Step: 156 ; Loss: 26.648 ; Acc: 36.412
2018-09-19 14:40:21,249:INFO: [TRAIN] Step: 157 ; Loss: 26.206 ; Acc: 36.445
2018-09-19 14:40:21,321:INFO: [TRAIN] Step: 158 ; Loss: 21.747 ; Acc: 36.504
2018-09-19 14:40:21,402:INFO: [TRAIN] Step: 159 ; Loss: 26.104 ; Acc: 36.536
2018-09-19 14:40:21,475:INFO: [TRAIN] Step: 160 ; Loss: 24.823 ; Acc: 36.646
2018-09-19 14:40:21,556:INFO: [TRAIN] Step: 161 ; Loss: 21.665 ; Acc: 36.806
2018-09-19 14:40:21,628:INFO: [TRAIN] Step: 162 ; Loss: 26.316 ; Acc: 36.810
2018-09-19 14:40:21,709:INFO: [TRAIN] Step: 163 ; Loss: 30.120 ; Acc: 36.814
2018-09-19 14:40:21,782:INFO: [TRAIN] Step: 164 ; Loss: 31.477 ; Acc: 36.717
2018-09-19 14:40:21,862:INFO: [TRAIN] Step: 165 ; Loss: 22.673 ; Acc: 36.822
2018-09-19 14:40:21,937:INFO: [TRAIN] Step: 166 ; Loss: 27.627 ; Acc: 36.901
2018-09-19 14:40:22,019:INFO: [TRAIN] Step: 167 ; Loss: 23.902 ; Acc: 36.979
2018-09-19 14:40:22,092:INFO: [TRAIN] Step: 168 ; Loss: 24.388 ; Acc: 37.056
2018-09-19 14:40:22,172:INFO: [TRAIN] Step: 169 ; Loss: 27.384 ; Acc: 37.083
2018-09-19 14:40:22,248:INFO: [TRAIN] Step: 170 ; Loss: 24.780 ; Acc: 37.183
2018-09-19 14:40:22,327:INFO: [TRAIN] Step: 171 ; Loss: 23.996 ; Acc: 37.234
2018-09-19 14:40:22,399:INFO: [TRAIN] Step: 172 ; Loss: 27.753 ; Acc: 37.211
2018-09-19 14:40:22,480:INFO: [TRAIN] Step: 173 ; Loss: 25.121 ; Acc: 37.261
2018-09-19 14:40:22,553:INFO: [TRAIN] Step: 174 ; Loss: 25.962 ; Acc: 37.310
2018-09-19 14:40:22,636:INFO: [TRAIN] Step: 175 ; Loss: 27.222 ; Acc: 37.334
2018-09-19 14:40:22,714:INFO: [TRAIN] Step: 176 ; Loss: 25.040 ; Acc: 37.429
2018-09-19 14:40:22,795:INFO: [TRAIN] Step: 177 ; Loss: 24.385 ; Acc: 37.523
2018-09-19 14:40:22,869:INFO: [TRAIN] Step: 178 ; Loss: 22.995 ; Acc: 37.616
2018-09-19 14:40:22,953:INFO: [TRAIN] Step: 179 ; Loss: 25.916 ; Acc: 37.685
2018-09-19 14:40:23,027:INFO: [TRAIN] Step: 180 ; Loss: 25.574 ; Acc: 37.684
2018-09-19 14:40:23,107:INFO: [TRAIN] Step: 181 ; Loss: 26.486 ; Acc: 37.729
2018-09-19 14:40:23,180:INFO: [TRAIN] Step: 182 ; Loss: 25.656 ; Acc: 37.750
2018-09-19 14:40:23,260:INFO: [TRAIN] Step: 183 ; Loss: 32.254 ; Acc: 37.681
2018-09-19 14:40:23,334:INFO: [TRAIN] Step: 184 ; Loss: 26.681 ; Acc: 37.658
2018-09-19 14:40:23,414:INFO: [TRAIN] Step: 185 ; Loss: 30.342 ; Acc: 37.634
2018-09-19 14:40:23,492:INFO: [TRAIN] Step: 186 ; Loss: 26.914 ; Acc: 37.723
2018-09-19 14:40:23,573:INFO: [TRAIN] Step: 187 ; Loss: 26.295 ; Acc: 37.877
2018-09-19 14:40:23,649:INFO: [TRAIN] Step: 188 ; Loss: 24.275 ; Acc: 38.095
2018-09-19 14:40:23,731:INFO: [TRAIN] Step: 189 ; Loss: 26.801 ; Acc: 38.092
2018-09-19 14:40:23,805:INFO: [TRAIN] Step: 190 ; Loss: 26.637 ; Acc: 38.111
2018-09-19 14:40:23,887:INFO: [TRAIN] Step: 191 ; Loss: 22.032 ; Acc: 38.325
2018-09-19 14:40:23,958:INFO: [TRAIN] Step: 192 ; Loss: 28.064 ; Acc: 38.342
2018-09-19 14:40:24,039:INFO: [TRAIN] Step: 193 ; Loss: 26.220 ; Acc: 38.445
2018-09-19 14:40:24,114:INFO: [TRAIN] Step: 194 ; Loss: 25.527 ; Acc: 38.547
2018-09-19 14:40:24,196:INFO: [TRAIN] Step: 195 ; Loss: 28.879 ; Acc: 38.605
2018-09-19 14:40:24,268:INFO: [TRAIN] Step: 196 ; Loss: 22.662 ; Acc: 38.663
2018-09-19 14:40:24,349:INFO: [TRAIN] Step: 197 ; Loss: 29.404 ; Acc: 38.678
2018-09-19 14:40:24,421:INFO: [TRAIN] Step: 198 ; Loss: 24.403 ; Acc: 38.673
2018-09-19 14:40:24,503:INFO: [TRAIN] Step: 199 ; Loss: 26.787 ; Acc: 38.688
2018-09-19 14:40:24,576:INFO: [TRAIN] Step: 200 ; Loss: 22.432 ; Acc: 38.702
2018-09-19 14:40:24,657:INFO: [TRAIN] Step: 201 ; Loss: 27.073 ; Acc: 38.717
2018-09-19 14:40:24,730:INFO: [TRAIN] Step: 202 ; Loss: 26.158 ; Acc: 38.814
2018-09-19 14:40:24,812:INFO: [TRAIN] Step: 203 ; Loss: 26.702 ; Acc: 38.787
2018-09-19 14:40:24,885:INFO: [TRAIN] Step: 204 ; Loss: 27.881 ; Acc: 38.821
2018-09-19 14:40:24,964:INFO: [TRAIN] Step: 205 ; Loss: 22.443 ; Acc: 38.916
2018-09-19 14:40:25,038:INFO: [TRAIN] Step: 206 ; Loss: 27.477 ; Acc: 38.889
2018-09-19 14:40:25,120:INFO: [TRAIN] Step: 207 ; Loss: 22.570 ; Acc: 38.982
2018-09-19 14:40:25,194:INFO: [TRAIN] Step: 208 ; Loss: 25.109 ; Acc: 39.035
2018-09-19 14:40:25,274:INFO: [TRAIN] Step: 209 ; Loss: 23.464 ; Acc: 39.067
2018-09-19 14:40:25,348:INFO: [TRAIN] Step: 210 ; Loss: 25.526 ; Acc: 39.080
2018-09-19 14:40:25,429:INFO: [TRAIN] Step: 211 ; Loss: 22.540 ; Acc: 39.151
2018-09-19 14:40:25,503:INFO: [TRAIN] Step: 212 ; Loss: 31.463 ; Acc: 39.085
2018-09-19 14:40:25,584:INFO: [TRAIN] Step: 213 ; Loss: 26.162 ; Acc: 39.097
2018-09-19 14:40:25,660:INFO: [TRAIN] Step: 214 ; Loss: 22.611 ; Acc: 39.167
2018-09-19 14:40:25,741:INFO: [TRAIN] Step: 215 ; Loss: 25.211 ; Acc: 39.198
2018-09-19 14:40:25,816:INFO: [TRAIN] Step: 216 ; Loss: 22.546 ; Acc: 39.228
2018-09-19 14:40:25,896:INFO: [TRAIN] Step: 217 ; Loss: 28.945 ; Acc: 39.258
2018-09-19 14:40:25,969:INFO: [TRAIN] Step: 218 ; Loss: 23.062 ; Acc: 39.384
2018-09-19 14:40:26,050:INFO: [TRAIN] Step: 219 ; Loss: 22.963 ; Acc: 39.489
2018-09-19 14:40:26,124:INFO: [TRAIN] Step: 220 ; Loss: 26.135 ; Acc: 39.593
2018-09-19 14:40:26,203:INFO: [TRAIN] Step: 221 ; Loss: 24.986 ; Acc: 39.640
2018-09-19 14:40:26,277:INFO: [TRAIN] Step: 222 ; Loss: 30.617 ; Acc: 39.611
2018-09-19 14:40:26,359:INFO: [TRAIN] Step: 223 ; Loss: 26.991 ; Acc: 39.621
2018-09-19 14:40:26,431:INFO: [TRAIN] Step: 224 ; Loss: 25.337 ; Acc: 39.667
2018-09-19 14:40:26,513:INFO: [TRAIN] Step: 225 ; Loss: 22.596 ; Acc: 39.694
2018-09-19 14:40:26,586:INFO: [TRAIN] Step: 226 ; Loss: 27.088 ; Acc: 39.666
2018-09-19 14:40:26,666:INFO: [TRAIN] Step: 227 ; Loss: 29.067 ; Acc: 39.656
2018-09-19 14:40:26,740:INFO: [TRAIN] Step: 228 ; Loss: 25.461 ; Acc: 39.647
2018-09-19 14:40:26,837:INFO: [TRAIN] Step: 229 ; Loss: 23.306 ; Acc: 39.674
2018-09-19 14:40:26,916:INFO: [TRAIN] Step: 230 ; Loss: 26.561 ; Acc: 39.683
2018-09-19 14:40:26,997:INFO: [TRAIN] Step: 231 ; Loss: 25.866 ; Acc: 39.691
2018-09-19 14:40:27,071:INFO: [TRAIN] Step: 232 ; Loss: 22.562 ; Acc: 39.735
2018-09-19 14:40:27,153:INFO: [TRAIN] Step: 233 ; Loss: 27.918 ; Acc: 39.761
2018-09-19 14:40:27,227:INFO: [TRAIN] Step: 234 ; Loss: 24.151 ; Acc: 39.787
2018-09-19 14:40:27,309:INFO: [TRAIN] Step: 235 ; Loss: 18.854 ; Acc: 39.919
2018-09-19 14:40:27,383:INFO: [TRAIN] Step: 236 ; Loss: 22.979 ; Acc: 39.944
2018-09-19 14:40:27,463:INFO: [TRAIN] Step: 237 ; Loss: 32.489 ; Acc: 39.968
2018-09-19 14:40:27,537:INFO: [TRAIN] Step: 238 ; Loss: 26.952 ; Acc: 39.993
2018-09-19 14:40:27,616:INFO: [TRAIN] Step: 239 ; Loss: 28.552 ; Acc: 40.052
2018-09-19 14:40:27,690:INFO: [TRAIN] Step: 240 ; Loss: 25.333 ; Acc: 40.093
2018-09-19 14:40:27,771:INFO: [TRAIN] Step: 241 ; Loss: 28.066 ; Acc: 40.152
2018-09-19 14:40:27,844:INFO: [TRAIN] Step: 242 ; Loss: 27.762 ; Acc: 40.226
2018-09-19 14:40:27,924:INFO: [TRAIN] Step: 243 ; Loss: 24.874 ; Acc: 40.266
2018-09-19 14:40:27,997:INFO: [TRAIN] Step: 244 ; Loss: 28.818 ; Acc: 40.255
2018-09-19 14:40:28,076:INFO: [TRAIN] Step: 245 ; Loss: 23.810 ; Acc: 40.329
2018-09-19 14:40:28,148:INFO: [TRAIN] Step: 246 ; Loss: 22.491 ; Acc: 40.435
2018-09-19 14:40:28,229:INFO: [TRAIN] Step: 247 ; Loss: 26.575 ; Acc: 40.423
2018-09-19 14:40:28,304:INFO: [TRAIN] Step: 248 ; Loss: 33.199 ; Acc: 40.445
2018-09-19 14:40:28,384:INFO: [TRAIN] Step: 249 ; Loss: 25.531 ; Acc: 40.467
2018-09-19 14:40:28,458:INFO: [TRAIN] Step: 250 ; Loss: 25.055 ; Acc: 40.471
2018-09-19 14:40:28,540:INFO: [TRAIN] Step: 251 ; Loss: 22.887 ; Acc: 40.509
2018-09-19 14:40:28,613:INFO: [TRAIN] Step: 252 ; Loss: 26.472 ; Acc: 40.563
2018-09-19 14:40:28,693:INFO: [TRAIN] Step: 253 ; Loss: 24.464 ; Acc: 40.617
2018-09-19 14:40:28,769:INFO: [TRAIN] Step: 254 ; Loss: 21.541 ; Acc: 40.654
2018-09-19 14:40:28,849:INFO: [TRAIN] Step: 255 ; Loss: 23.441 ; Acc: 40.723
2018-09-19 14:40:28,922:INFO: [TRAIN] Step: 256 ; Loss: 28.393 ; Acc: 40.775
2018-09-19 14:40:29,003:INFO: [TRAIN] Step: 257 ; Loss: 24.235 ; Acc: 40.827
2018-09-19 14:40:29,077:INFO: [TRAIN] Step: 258 ; Loss: 24.831 ; Acc: 40.830
2018-09-19 14:40:29,158:INFO: [TRAIN] Step: 259 ; Loss: 25.788 ; Acc: 40.801
2018-09-19 14:40:29,233:INFO: [TRAIN] Step: 260 ; Loss: 29.988 ; Acc: 40.773
2018-09-19 14:40:29,312:INFO: [TRAIN] Step: 261 ; Loss: 21.104 ; Acc: 40.887
2018-09-19 14:40:29,386:INFO: [TRAIN] Step: 262 ; Loss: 22.768 ; Acc: 40.970
2018-09-19 14:40:29,466:INFO: [TRAIN] Step: 263 ; Loss: 23.472 ; Acc: 41.004
2018-09-19 14:40:29,538:INFO: [TRAIN] Step: 264 ; Loss: 27.260 ; Acc: 41.038
2018-09-19 14:40:29,618:INFO: [TRAIN] Step: 265 ; Loss: 27.427 ; Acc: 41.071
2018-09-19 14:40:29,692:INFO: [TRAIN] Step: 266 ; Loss: 22.854 ; Acc: 41.089
2018-09-19 14:40:29,773:INFO: [TRAIN] Step: 267 ; Loss: 23.572 ; Acc: 41.169
2018-09-19 14:40:29,845:INFO: [TRAIN] Step: 268 ; Loss: 27.734 ; Acc: 41.156
2018-09-19 14:40:29,926:INFO: [TRAIN] Step: 269 ; Loss: 27.936 ; Acc: 41.157
2018-09-19 14:40:29,999:INFO: [TRAIN] Step: 270 ; Loss: 21.114 ; Acc: 41.236
2018-09-19 14:40:30,079:INFO: [TRAIN] Step: 271 ; Loss: 26.257 ; Acc: 41.207
2018-09-19 14:40:30,152:INFO: [TRAIN] Step: 272 ; Loss: 26.592 ; Acc: 41.209
2018-09-19 14:40:30,234:INFO: [TRAIN] Step: 273 ; Loss: 23.830 ; Acc: 41.226
2018-09-19 14:40:30,307:INFO: [TRAIN] Step: 274 ; Loss: 18.139 ; Acc: 41.303
2018-09-19 14:40:30,389:INFO: [TRAIN] Step: 275 ; Loss: 27.062 ; Acc: 41.335
2018-09-19 14:40:30,466:INFO: [TRAIN] Step: 276 ; Loss: 19.880 ; Acc: 41.411
2018-09-19 14:40:30,547:INFO: [TRAIN] Step: 277 ; Loss: 24.074 ; Acc: 41.457
2018-09-19 14:40:30,621:INFO: [TRAIN] Step: 278 ; Loss: 21.633 ; Acc: 41.532
2018-09-19 14:40:30,701:INFO: [TRAIN] Step: 279 ; Loss: 20.644 ; Acc: 41.607
2018-09-19 14:40:30,774:INFO: [TRAIN] Step: 280 ; Loss: 24.702 ; Acc: 41.607
2018-09-19 14:40:30,861:INFO: [TRAIN] Step: 281 ; Loss: 23.342 ; Acc: 41.637
2018-09-19 14:40:30,941:INFO: [TRAIN] Step: 282 ; Loss: 23.694 ; Acc: 41.667
2018-09-19 14:40:31,022:INFO: [TRAIN] Step: 283 ; Loss: 26.424 ; Acc: 41.711
2018-09-19 14:40:31,094:INFO: [TRAIN] Step: 284 ; Loss: 28.927 ; Acc: 41.637
2018-09-19 14:40:31,174:INFO: [TRAIN] Step: 285 ; Loss: 26.186 ; Acc: 41.667
2018-09-19 14:40:31,249:INFO: [TRAIN] Step: 286 ; Loss: 23.366 ; Acc: 41.710
2018-09-19 14:40:31,331:INFO: [TRAIN] Step: 287 ; Loss: 26.660 ; Acc: 41.739
2018-09-19 14:40:31,403:INFO: [TRAIN] Step: 288 ; Loss: 19.279 ; Acc: 41.825
2018-09-19 14:40:31,483:INFO: [TRAIN] Step: 289 ; Loss: 19.060 ; Acc: 41.868
2018-09-19 14:40:31,555:INFO: [TRAIN] Step: 290 ; Loss: 24.935 ; Acc: 41.867
2018-09-19 14:40:31,635:INFO: [TRAIN] Step: 291 ; Loss: 25.318 ; Acc: 41.881
2018-09-19 14:40:31,708:INFO: [TRAIN] Step: 292 ; Loss: 21.828 ; Acc: 41.894
2018-09-19 14:40:31,788:INFO: [TRAIN] Step: 293 ; Loss: 25.920 ; Acc: 41.908
2018-09-19 14:40:31,863:INFO: [TRAIN] Step: 294 ; Loss: 20.501 ; Acc: 41.949
2018-09-19 14:40:31,946:INFO: [TRAIN] Step: 295 ; Loss: 21.360 ; Acc: 42.033
2018-09-19 14:40:32,019:INFO: [TRAIN] Step: 296 ; Loss: 22.960 ; Acc: 42.059
2018-09-19 14:40:32,100:INFO: [TRAIN] Step: 297 ; Loss: 24.923 ; Acc: 42.058
2018-09-19 14:40:32,182:INFO: [TRAIN] Step: 298 ; Loss: 24.294 ; Acc: 42.099
2018-09-19 14:40:32,263:INFO: [TRAIN] Step: 299 ; Loss: 19.410 ; Acc: 42.153
2018-09-19 14:40:32,335:INFO: [TRAIN] Step: 300 ; Loss: 18.851 ; Acc: 42.248
2018-09-19 14:40:32,416:INFO: [TRAIN] Step: 301 ; Loss: 22.675 ; Acc: 42.315
2018-09-19 14:40:32,490:INFO: [TRAIN] Step: 302 ; Loss: 20.602 ; Acc: 42.354
2018-09-19 14:40:32,569:INFO: [TRAIN] Step: 303 ; Loss: 23.303 ; Acc: 42.366
2018-09-19 14:40:32,644:INFO: [TRAIN] Step: 304 ; Loss: 28.487 ; Acc: 42.350
2018-09-19 14:40:32,727:INFO: [TRAIN] Step: 305 ; Loss: 26.794 ; Acc: 42.388
2018-09-19 14:40:32,801:INFO: [TRAIN] Step: 306 ; Loss: 23.009 ; Acc: 42.440
2018-09-19 14:40:32,881:INFO: [TRAIN] Step: 307 ; Loss: 24.400 ; Acc: 42.451
2018-09-19 14:40:32,956:INFO: [TRAIN] Step: 308 ; Loss: 23.071 ; Acc: 42.503
2018-09-19 14:40:33,036:INFO: [TRAIN] Step: 309 ; Loss: 24.050 ; Acc: 42.554
2018-09-19 14:40:33,111:INFO: [TRAIN] Step: 310 ; Loss: 18.712 ; Acc: 42.645
2018-09-19 14:40:33,191:INFO: [TRAIN] Step: 311 ; Loss: 32.818 ; Acc: 42.588
2018-09-19 14:40:33,263:INFO: [TRAIN] Step: 312 ; Loss: 20.500 ; Acc: 42.612
2018-09-19 14:40:33,343:INFO: [TRAIN] Step: 313 ; Loss: 17.594 ; Acc: 42.675
2018-09-19 14:40:33,416:INFO: [TRAIN] Step: 314 ; Loss: 28.307 ; Acc: 42.698
2018-09-19 14:40:33,497:INFO: [TRAIN] Step: 315 ; Loss: 22.829 ; Acc: 42.761
2018-09-19 14:40:33,570:INFO: [TRAIN] Step: 316 ; Loss: 32.722 ; Acc: 42.758
2018-09-19 14:40:33,649:INFO: [TRAIN] Step: 317 ; Loss: 20.617 ; Acc: 42.780
2018-09-19 14:40:33,725:INFO: [TRAIN] Step: 318 ; Loss: 19.747 ; Acc: 42.842
2018-09-19 14:40:33,804:INFO: [TRAIN] Step: 319 ; Loss: 21.931 ; Acc: 42.917
2018-09-19 14:40:33,878:INFO: [TRAIN] Step: 320 ; Loss: 23.416 ; Acc: 42.978
2018-09-19 14:40:33,960:INFO: [TRAIN] Step: 321 ; Loss: 22.296 ; Acc: 42.974
2018-09-19 14:40:34,032:INFO: [TRAIN] Step: 322 ; Loss: 24.066 ; Acc: 42.982
2018-09-19 14:40:34,115:INFO: [TRAIN] Step: 323 ; Loss: 23.211 ; Acc: 43.043
2018-09-19 14:40:34,194:INFO: [TRAIN] Step: 324 ; Loss: 27.052 ; Acc: 43.064
2018-09-19 14:40:34,274:INFO: [TRAIN] Step: 325 ; Loss: 23.560 ; Acc: 43.111
2018-09-19 14:40:34,347:INFO: [TRAIN] Step: 326 ; Loss: 23.724 ; Acc: 43.119
2018-09-19 14:40:34,427:INFO: [TRAIN] Step: 327 ; Loss: 24.661 ; Acc: 43.140
2018-09-19 14:40:34,499:INFO: [TRAIN] Step: 328 ; Loss: 28.427 ; Acc: 43.098
2018-09-19 14:40:34,582:INFO: [TRAIN] Step: 329 ; Loss: 26.299 ; Acc: 43.169
2018-09-19 14:40:34,657:INFO: [TRAIN] Step: 330 ; Loss: 24.826 ; Acc: 43.177
2018-09-19 14:40:34,738:INFO: [TRAIN] Step: 331 ; Loss: 24.164 ; Acc: 43.173
2018-09-19 14:40:34,811:INFO: [TRAIN] Step: 332 ; Loss: 22.429 ; Acc: 43.231
2018-09-19 14:40:34,891:INFO: [TRAIN] Step: 333 ; Loss: 21.820 ; Acc: 43.276
2018-09-19 14:40:34,964:INFO: [TRAIN] Step: 334 ; Loss: 24.243 ; Acc: 43.284
2018-09-19 14:40:35,045:INFO: [TRAIN] Step: 335 ; Loss: 27.242 ; Acc: 43.254
2018-09-19 14:40:35,119:INFO: [TRAIN] Step: 336 ; Loss: 19.568 ; Acc: 43.311
2018-09-19 14:40:35,202:INFO: [TRAIN] Step: 337 ; Loss: 23.278 ; Acc: 43.306
2018-09-19 14:40:35,284:INFO: [TRAIN] Step: 338 ; Loss: 28.211 ; Acc: 43.314
2018-09-19 14:40:35,369:INFO: [TRAIN] Step: 339 ; Loss: 22.639 ; Acc: 43.309
2018-09-19 14:40:35,442:INFO: [TRAIN] Step: 340 ; Loss: 22.399 ; Acc: 43.377
2018-09-19 14:40:35,521:INFO: [TRAIN] Step: 341 ; Loss: 21.643 ; Acc: 43.372
2018-09-19 14:40:35,593:INFO: [TRAIN] Step: 342 ; Loss: 25.884 ; Acc: 43.392
2018-09-19 14:40:35,671:INFO: [TRAIN] Step: 343 ; Loss: 25.844 ; Acc: 43.375
2018-09-19 14:40:35,744:INFO: [TRAIN] Step: 344 ; Loss: 23.537 ; Acc: 43.394
2018-09-19 14:40:35,829:INFO: [TRAIN] Step: 345 ; Loss: 23.813 ; Acc: 43.401
2018-09-19 14:40:35,904:INFO: [TRAIN] Step: 346 ; Loss: 22.186 ; Acc: 43.408
2018-09-19 14:40:35,983:INFO: [TRAIN] Step: 347 ; Loss: 20.460 ; Acc: 43.475
2018-09-19 14:40:36,058:INFO: [TRAIN] Step: 348 ; Loss: 24.083 ; Acc: 43.493
2018-09-19 14:40:36,138:INFO: [TRAIN] Step: 349 ; Loss: 29.412 ; Acc: 43.476
2018-09-19 14:40:36,210:INFO: [TRAIN] Step: 350 ; Loss: 19.963 ; Acc: 43.495
2018-09-19 14:40:36,290:INFO: [TRAIN] Step: 351 ; Loss: 20.701 ; Acc: 43.525
2018-09-19 14:40:36,362:INFO: [TRAIN] Step: 352 ; Loss: 21.938 ; Acc: 43.532
2018-09-19 14:40:36,442:INFO: [TRAIN] Step: 353 ; Loss: 23.367 ; Acc: 43.562
2018-09-19 14:40:36,518:INFO: [TRAIN] Step: 354 ; Loss: 19.456 ; Acc: 43.615
2018-09-19 14:40:36,597:INFO: [TRAIN] Step: 355 ; Loss: 24.039 ; Acc: 43.633
2018-09-19 14:40:36,672:INFO: [TRAIN] Step: 356 ; Loss: 18.567 ; Acc: 43.686
2018-09-19 14:40:36,752:INFO: [TRAIN] Step: 357 ; Loss: 27.231 ; Acc: 43.669
2018-09-19 14:40:36,824:INFO: [TRAIN] Step: 358 ; Loss: 20.766 ; Acc: 43.686
2018-09-19 14:40:36,903:INFO: [TRAIN] Step: 359 ; Loss: 27.267 ; Acc: 43.681
2018-09-19 14:40:36,977:INFO: [TRAIN] Step: 360 ; Loss: 21.102 ; Acc: 43.710
2018-09-19 14:40:37,057:INFO: [TRAIN] Step: 361 ; Loss: 23.541 ; Acc: 43.727
2018-09-19 14:40:37,132:INFO: [TRAIN] Step: 362 ; Loss: 21.812 ; Acc: 43.767
2018-09-19 14:40:37,214:INFO: [TRAIN] Step: 363 ; Loss: 21.216 ; Acc: 43.796
2018-09-19 14:40:37,289:INFO: [TRAIN] Step: 364 ; Loss: 26.406 ; Acc: 43.824
2018-09-19 14:40:37,371:INFO: [TRAIN] Step: 365 ; Loss: 30.439 ; Acc: 43.784
2018-09-19 14:40:37,445:INFO: [TRAIN] Step: 366 ; Loss: 20.334 ; Acc: 43.812
2018-09-19 14:40:37,525:INFO: [TRAIN] Step: 367 ; Loss: 23.087 ; Acc: 43.841
2018-09-19 14:40:37,601:INFO: [TRAIN] Step: 368 ; Loss: 27.398 ; Acc: 43.801
2018-09-19 14:40:37,682:INFO: [TRAIN] Step: 369 ; Loss: 31.106 ; Acc: 43.750
2018-09-19 14:40:37,754:INFO: [TRAIN] Step: 370 ; Loss: 18.865 ; Acc: 43.801
2018-09-19 14:40:37,835:INFO: [TRAIN] Step: 371 ; Loss: 20.602 ; Acc: 43.817
2018-09-19 14:40:37,910:INFO: [TRAIN] Step: 372 ; Loss: 24.838 ; Acc: 43.811
2018-09-19 14:40:37,991:INFO: [TRAIN] Step: 373 ; Loss: 22.508 ; Acc: 43.828
2018-09-19 14:40:38,065:INFO: [TRAIN] Step: 374 ; Loss: 20.986 ; Acc: 43.900
2018-09-19 14:40:38,145:INFO: [TRAIN] Step: 375 ; Loss: 24.638 ; Acc: 43.894
2018-09-19 14:40:38,219:INFO: [TRAIN] Step: 376 ; Loss: 24.028 ; Acc: 43.932
2018-09-19 14:40:38,301:INFO: [TRAIN] Step: 377 ; Loss: 24.394 ; Acc: 43.948
2018-09-19 14:40:38,373:INFO: [TRAIN] Step: 378 ; Loss: 27.780 ; Acc: 43.942
2018-09-19 14:40:38,454:INFO: [TRAIN] Step: 379 ; Loss: 24.090 ; Acc: 43.893
2018-09-19 14:40:38,529:INFO: [TRAIN] Step: 380 ; Loss: 30.350 ; Acc: 43.854
2018-09-19 14:40:38,608:INFO: [TRAIN] Step: 381 ; Loss: 18.756 ; Acc: 43.870
2018-09-19 14:40:38,680:INFO: [TRAIN] Step: 382 ; Loss: 26.797 ; Acc: 43.864
2018-09-19 14:40:38,759:INFO: [TRAIN] Step: 383 ; Loss: 26.044 ; Acc: 43.848
2018-09-19 14:40:38,832:INFO: [TRAIN] Step: 384 ; Loss: 25.604 ; Acc: 43.885
2018-09-19 14:40:38,912:INFO: [TRAIN] Step: 385 ; Loss: 25.878 ; Acc: 43.858
2018-09-19 14:40:38,984:INFO: [TRAIN] Step: 386 ; Loss: 22.664 ; Acc: 43.831
2018-09-19 14:40:39,064:INFO: [TRAIN] Step: 387 ; Loss: 20.794 ; Acc: 43.868
2018-09-19 14:40:39,139:INFO: [TRAIN] Step: 388 ; Loss: 23.396 ; Acc: 43.852
2018-09-19 14:40:39,223:INFO: [TRAIN] Step: 389 ; Loss: 22.405 ; Acc: 43.846
2018-09-19 14:40:39,298:INFO: [TRAIN] Step: 390 ; Loss: 24.152 ; Acc: 43.873
2018-09-19 14:40:39,379:INFO: [TRAIN] Step: 391 ; Loss: 24.775 ; Acc: 43.846
2018-09-19 14:40:39,451:INFO: [TRAIN] Step: 392 ; Loss: 21.787 ; Acc: 43.893
2018-09-19 14:40:39,531:INFO: [TRAIN] Step: 393 ; Loss: 22.490 ; Acc: 43.930
2018-09-19 14:40:39,603:INFO: [TRAIN] Step: 394 ; Loss: 23.643 ; Acc: 43.945
2018-09-19 14:40:39,685:INFO: [TRAIN] Step: 395 ; Loss: 18.547 ; Acc: 43.981
2018-09-19 14:40:39,758:INFO: [TRAIN] Step: 396 ; Loss: 25.335 ; Acc: 43.955
2018-09-19 14:40:39,838:INFO: [TRAIN] Step: 397 ; Loss: 19.351 ; Acc: 44.001
2018-09-19 14:40:39,912:INFO: [TRAIN] Step: 398 ; Loss: 22.482 ; Acc: 44.016
2018-09-19 14:40:39,994:INFO: [TRAIN] Step: 399 ; Loss: 24.068 ; Acc: 44.052
2018-09-19 14:40:40,065:INFO: [TRAIN] Step: 400 ; Loss: 22.190 ; Acc: 44.077
2018-09-19 14:40:40,145:INFO: [TRAIN] Step: 401 ; Loss: 23.893 ; Acc: 44.082
2018-09-19 14:40:40,220:INFO: [TRAIN] Step: 402 ; Loss: 28.967 ; Acc: 44.065
2018-09-19 14:40:40,301:INFO: [TRAIN] Step: 403 ; Loss: 26.015 ; Acc: 44.080
2018-09-19 14:40:40,375:INFO: [TRAIN] Step: 404 ; Loss: 24.500 ; Acc: 44.105
2018-09-19 14:40:40,455:INFO: [TRAIN] Step: 405 ; Loss: 22.254 ; Acc: 44.130
2018-09-19 14:40:40,531:INFO: [TRAIN] Step: 406 ; Loss: 23.932 ; Acc: 44.144
2018-09-19 14:40:40,611:INFO: [TRAIN] Step: 407 ; Loss: 28.303 ; Acc: 44.138
2018-09-19 14:40:40,684:INFO: [TRAIN] Step: 408 ; Loss: 26.447 ; Acc: 44.132
2018-09-19 14:40:40,765:INFO: [TRAIN] Step: 409 ; Loss: 23.360 ; Acc: 44.126
2018-09-19 14:40:40,839:INFO: [TRAIN] Step: 410 ; Loss: 19.149 ; Acc: 44.181
2018-09-19 14:40:40,922:INFO: [TRAIN] Step: 411 ; Loss: 21.319 ; Acc: 44.215
2018-09-19 14:40:40,995:INFO: [TRAIN] Step: 412 ; Loss: 27.734 ; Acc: 44.219
2018-09-19 14:40:41,074:INFO: [TRAIN] Step: 413 ; Loss: 20.874 ; Acc: 44.243
2018-09-19 14:40:41,146:INFO: [TRAIN] Step: 414 ; Loss: 24.601 ; Acc: 44.277
2018-09-19 14:40:41,227:INFO: [TRAIN] Step: 415 ; Loss: 24.887 ; Acc: 44.301
2018-09-19 14:40:41,300:INFO: [TRAIN] Step: 416 ; Loss: 16.339 ; Acc: 44.335
2018-09-19 14:40:41,381:INFO: [TRAIN] Step: 417 ; Loss: 18.630 ; Acc: 44.368
2018-09-19 14:40:41,457:INFO: [TRAIN] Step: 418 ; Loss: 22.408 ; Acc: 44.362
2018-09-19 14:40:41,538:INFO: [TRAIN] Step: 419 ; Loss: 23.275 ; Acc: 44.355
2018-09-19 14:40:41,612:INFO: [TRAIN] Step: 420 ; Loss: 30.697 ; Acc: 44.349
2018-09-19 14:40:41,695:INFO: [TRAIN] Step: 421 ; Loss: 20.024 ; Acc: 44.382
2018-09-19 14:40:41,767:INFO: [TRAIN] Step: 422 ; Loss: 22.616 ; Acc: 44.395
2018-09-19 14:40:41,847:INFO: [TRAIN] Step: 423 ; Loss: 25.079 ; Acc: 44.408
2018-09-19 14:40:41,921:INFO: [TRAIN] Step: 424 ; Loss: 21.851 ; Acc: 44.451
2018-09-19 14:40:42,001:INFO: [TRAIN] Step: 425 ; Loss: 21.852 ; Acc: 44.493
2018-09-19 14:40:42,076:INFO: [TRAIN] Step: 426 ; Loss: 27.007 ; Acc: 44.496
2018-09-19 14:40:42,158:INFO: [TRAIN] Step: 427 ; Loss: 23.262 ; Acc: 44.500
2018-09-19 14:40:42,230:INFO: [TRAIN] Step: 428 ; Loss: 23.241 ; Acc: 44.512
2018-09-19 14:40:42,310:INFO: [TRAIN] Step: 429 ; Loss: 25.435 ; Acc: 44.545
2018-09-19 14:40:42,382:INFO: [TRAIN] Step: 430 ; Loss: 24.986 ; Acc: 44.577
2018-09-19 14:40:42,461:INFO: [TRAIN] Step: 431 ; Loss: 20.102 ; Acc: 44.599
2018-09-19 14:40:42,535:INFO: [TRAIN] Step: 432 ; Loss: 22.234 ; Acc: 44.621
2018-09-19 14:40:42,615:INFO: [TRAIN] Step: 433 ; Loss: 17.921 ; Acc: 44.643
2018-09-19 14:40:42,687:INFO: [TRAIN] Step: 434 ; Loss: 17.913 ; Acc: 44.674
2018-09-19 14:40:42,769:INFO: [TRAIN] Step: 435 ; Loss: 21.743 ; Acc: 44.658
2018-09-19 14:40:42,842:INFO: [TRAIN] Step: 436 ; Loss: 23.154 ; Acc: 44.699
2018-09-19 14:40:42,922:INFO: [TRAIN] Step: 437 ; Loss: 24.539 ; Acc: 44.701
2018-09-19 14:40:42,996:INFO: [TRAIN] Step: 438 ; Loss: 24.180 ; Acc: 44.751
2018-09-19 14:40:43,076:INFO: [TRAIN] Step: 439 ; Loss: 18.339 ; Acc: 44.782
2018-09-19 14:40:43,149:INFO: [TRAIN] Step: 440 ; Loss: 21.140 ; Acc: 44.803
2018-09-19 14:40:43,229:INFO: [TRAIN] Step: 441 ; Loss: 30.678 ; Acc: 44.778
2018-09-19 14:40:43,308:INFO: [TRAIN] Step: 442 ; Loss: 25.143 ; Acc: 44.789
2018-09-19 14:40:43,388:INFO: [TRAIN] Step: 443 ; Loss: 25.056 ; Acc: 44.801
2018-09-19 14:40:43,460:INFO: [TRAIN] Step: 444 ; Loss: 25.747 ; Acc: 44.785
2018-09-19 14:40:43,542:INFO: [TRAIN] Step: 445 ; Loss: 27.694 ; Acc: 44.768
2018-09-19 14:40:43,615:INFO: [TRAIN] Step: 446 ; Loss: 25.529 ; Acc: 44.761
2018-09-19 14:40:43,693:INFO: [TRAIN] Step: 447 ; Loss: 25.109 ; Acc: 44.754
2018-09-19 14:40:43,767:INFO: [TRAIN] Step: 448 ; Loss: 27.351 ; Acc: 44.748
2018-09-19 14:40:43,847:INFO: [TRAIN] Step: 449 ; Loss: 23.259 ; Acc: 44.759
2018-09-19 14:40:43,920:INFO: [TRAIN] Step: 450 ; Loss: 27.459 ; Acc: 44.752
2018-09-19 14:40:43,999:INFO: [TRAIN] Step: 451 ; Loss: 24.205 ; Acc: 44.736
2018-09-19 14:40:44,071:INFO: [TRAIN] Step: 452 ; Loss: 22.266 ; Acc: 44.794
2018-09-19 14:40:44,152:INFO: [TRAIN] Step: 453 ; Loss: 21.613 ; Acc: 44.879
2018-09-19 14:40:44,223:INFO: [TRAIN] Step: 454 ; Loss: 26.492 ; Acc: 44.872
2018-09-19 14:40:44,302:INFO: [TRAIN] Step: 455 ; Loss: 23.173 ; Acc: 44.892
2018-09-19 14:40:44,374:INFO: [TRAIN] Step: 456 ; Loss: 19.030 ; Acc: 44.940
2018-09-19 14:40:44,456:INFO: [TRAIN] Step: 457 ; Loss: 24.174 ; Acc: 44.951
2018-09-19 14:40:44,531:INFO: [TRAIN] Step: 458 ; Loss: 20.463 ; Acc: 44.989
2018-09-19 14:40:44,612:INFO: [TRAIN] Step: 459 ; Loss: 24.728 ; Acc: 44.991
2018-09-19 14:40:44,686:INFO: [TRAIN] Step: 460 ; Loss: 22.051 ; Acc: 44.993
2018-09-19 14:40:44,769:INFO: [TRAIN] Step: 461 ; Loss: 18.876 ; Acc: 45.031
2018-09-19 14:40:44,842:INFO: [TRAIN] Step: 462 ; Loss: 23.648 ; Acc: 45.059
2018-09-19 14:40:44,922:INFO: [TRAIN] Step: 463 ; Loss: 23.960 ; Acc: 45.088
2018-09-19 14:40:44,996:INFO: [TRAIN] Step: 464 ; Loss: 22.452 ; Acc: 45.081
2018-09-19 14:40:45,078:INFO: [TRAIN] Step: 465 ; Loss: 24.476 ; Acc: 45.055
2018-09-19 14:40:45,151:INFO: [TRAIN] Step: 466 ; Loss: 22.687 ; Acc: 45.057
2018-09-19 14:40:45,231:INFO: [TRAIN] Step: 467 ; Loss: 24.954 ; Acc: 45.085
2018-09-19 14:40:45,305:INFO: [TRAIN] Step: 468 ; Loss: 20.955 ; Acc: 45.105
2018-09-19 14:40:45,387:INFO: [TRAIN] Step: 469 ; Loss: 18.939 ; Acc: 45.168
2018-09-19 14:40:45,463:INFO: [TRAIN] Step: 470 ; Loss: 24.962 ; Acc: 45.152
2018-09-19 14:40:45,545:INFO: [TRAIN] Step: 471 ; Loss: 23.478 ; Acc: 45.145
2018-09-19 14:40:45,617:INFO: [TRAIN] Step: 472 ; Loss: 22.069 ; Acc: 45.181
2018-09-19 14:40:45,697:INFO: [TRAIN] Step: 473 ; Loss: 22.111 ; Acc: 45.209
2018-09-19 14:40:45,772:INFO: [TRAIN] Step: 474 ; Loss: 24.949 ; Acc: 45.219
2018-09-19 14:40:45,852:INFO: [TRAIN] Step: 475 ; Loss: 21.737 ; Acc: 45.238
2018-09-19 14:40:45,925:INFO: [TRAIN] Step: 476 ; Loss: 23.294 ; Acc: 45.248
2018-09-19 14:40:46,006:INFO: [TRAIN] Step: 477 ; Loss: 20.373 ; Acc: 45.293
2018-09-19 14:40:46,078:INFO: [TRAIN] Step: 478 ; Loss: 16.755 ; Acc: 45.320
2018-09-19 14:40:46,160:INFO: [TRAIN] Step: 479 ; Loss: 24.628 ; Acc: 45.321
2018-09-19 14:40:46,233:INFO: [TRAIN] Step: 480 ; Loss: 25.339 ; Acc: 45.314
2018-09-19 14:40:46,312:INFO: [TRAIN] Step: 481 ; Loss: 19.396 ; Acc: 45.375
2018-09-19 14:40:46,384:INFO: [TRAIN] Step: 482 ; Loss: 22.032 ; Acc: 45.385
2018-09-19 14:40:46,463:INFO: [TRAIN] Step: 483 ; Loss: 17.468 ; Acc: 45.429
2018-09-19 14:40:46,536:INFO: [TRAIN] Step: 484 ; Loss: 21.534 ; Acc: 45.447
2018-09-19 14:40:46,617:INFO: [TRAIN] Step: 485 ; Loss: 23.566 ; Acc: 45.456
2018-09-19 14:40:46,693:INFO: [TRAIN] Step: 486 ; Loss: 20.947 ; Acc: 45.465
2018-09-19 14:40:46,787:INFO: [TRAIN] Step: 487 ; Loss: 23.475 ; Acc: 45.492
2018-09-19 14:40:46,861:INFO: [TRAIN] Step: 488 ; Loss: 21.182 ; Acc: 45.510
2018-09-19 14:40:46,943:INFO: [TRAIN] Step: 489 ; Loss: 25.951 ; Acc: 45.485
2018-09-19 14:40:47,018:INFO: [TRAIN] Step: 490 ; Loss: 18.608 ; Acc: 45.511
2018-09-19 14:40:47,101:INFO: [TRAIN] Step: 491 ; Loss: 21.323 ; Acc: 45.520
2018-09-19 14:40:47,178:INFO: [TRAIN] Step: 492 ; Loss: 22.001 ; Acc: 45.512
2018-09-19 14:40:47,260:INFO: [TRAIN] Step: 493 ; Loss: 19.787 ; Acc: 45.555
2018-09-19 14:40:47,334:INFO: [TRAIN] Step: 494 ; Loss: 19.035 ; Acc: 45.589
2018-09-19 14:40:47,414:INFO: [TRAIN] Step: 495 ; Loss: 21.592 ; Acc: 45.623
2018-09-19 14:40:47,487:INFO: [TRAIN] Step: 496 ; Loss: 20.713 ; Acc: 45.657
2018-09-19 14:40:47,570:INFO: [TRAIN] Step: 497 ; Loss: 21.231 ; Acc: 45.674
2018-09-19 14:40:47,648:INFO: [TRAIN] Step: 498 ; Loss: 20.043 ; Acc: 45.675
2018-09-19 14:40:47,726:INFO: [TRAIN] Step: 499 ; Loss: 21.943 ; Acc: 45.700
2018-09-19 14:40:47,797:INFO: [TRAIN] Step: 500 ; Loss: 24.863 ; Acc: 45.709
2018-09-19 14:40:47,877:INFO: [TRAIN] Step: 501 ; Loss: 20.281 ; Acc: 45.742
2018-09-19 14:40:47,951:INFO: [TRAIN] Step: 502 ; Loss: 19.399 ; Acc: 45.792
2018-09-19 14:40:48,031:INFO: [TRAIN] Step: 503 ; Loss: 19.041 ; Acc: 45.817
2018-09-19 14:40:48,107:INFO: [TRAIN] Step: 504 ; Loss: 19.372 ; Acc: 45.825
2018-09-19 14:40:48,188:INFO: [TRAIN] Step: 505 ; Loss: 22.884 ; Acc: 45.825
2018-09-19 14:40:48,262:INFO: [TRAIN] Step: 506 ; Loss: 22.594 ; Acc: 45.825
2018-09-19 14:40:48,344:INFO: [TRAIN] Step: 507 ; Loss: 19.627 ; Acc: 45.850
2018-09-19 14:40:48,419:INFO: [TRAIN] Step: 508 ; Loss: 20.185 ; Acc: 45.882
2018-09-19 14:40:48,499:INFO: [TRAIN] Step: 509 ; Loss: 21.182 ; Acc: 45.907
2018-09-19 14:40:48,573:INFO: [TRAIN] Step: 510 ; Loss: 23.701 ; Acc: 45.899
2018-09-19 14:40:48,651:INFO: [TRAIN] Step: 511 ; Loss: 17.040 ; Acc: 45.931
2018-09-19 14:40:48,725:INFO: [TRAIN] Step: 512 ; Loss: 18.587 ; Acc: 45.971
2018-09-19 14:40:48,806:INFO: [TRAIN] Step: 513 ; Loss: 21.384 ; Acc: 45.995
2018-09-19 14:40:48,878:INFO: [TRAIN] Step: 514 ; Loss: 19.526 ; Acc: 46.019
2018-09-19 14:40:48,959:INFO: [TRAIN] Step: 515 ; Loss: 24.400 ; Acc: 46.011
2018-09-19 14:40:49,031:INFO: [TRAIN] Step: 516 ; Loss: 22.935 ; Acc: 46.019
2018-09-19 14:40:49,111:INFO: [TRAIN] Step: 517 ; Loss: 22.233 ; Acc: 46.034
2018-09-19 14:40:49,190:INFO: [TRAIN] Step: 518 ; Loss: 26.919 ; Acc: 46.026
2018-09-19 14:40:49,268:INFO: [TRAIN] Step: 519 ; Loss: 23.171 ; Acc: 46.042
2018-09-19 14:40:49,343:INFO: [TRAIN] Step: 520 ; Loss: 21.997 ; Acc: 46.081
2018-09-19 14:40:49,424:INFO: [TRAIN] Step: 521 ; Loss: 19.073 ; Acc: 46.113
2018-09-19 14:40:49,496:INFO: [TRAIN] Step: 522 ; Loss: 19.998 ; Acc: 46.120
2018-09-19 14:40:49,577:INFO: [TRAIN] Step: 523 ; Loss: 21.512 ; Acc: 46.135
2018-09-19 14:40:49,653:INFO: [TRAIN] Step: 524 ; Loss: 27.153 ; Acc: 46.127
2018-09-19 14:40:49,732:INFO: [TRAIN] Step: 525 ; Loss: 21.736 ; Acc: 46.111
2018-09-19 14:40:49,806:INFO: [TRAIN] Step: 526 ; Loss: 25.218 ; Acc: 46.118
2018-09-19 14:40:49,885:INFO: [TRAIN] Step: 527 ; Loss: 21.969 ; Acc: 46.117
2018-09-19 14:40:49,959:INFO: [TRAIN] Step: 528 ; Loss: 23.719 ; Acc: 46.125
2018-09-19 14:40:50,038:INFO: [TRAIN] Step: 529 ; Loss: 24.069 ; Acc: 46.116
2018-09-19 14:40:50,109:INFO: [TRAIN] Step: 530 ; Loss: 21.335 ; Acc: 46.147
2018-09-19 14:40:50,188:INFO: [TRAIN] Step: 531 ; Loss: 19.826 ; Acc: 46.162
2018-09-19 14:40:50,262:INFO: [TRAIN] Step: 532 ; Loss: 24.605 ; Acc: 46.185
2018-09-19 14:40:50,344:INFO: [TRAIN] Step: 533 ; Loss: 20.857 ; Acc: 46.216
2018-09-19 14:40:50,420:INFO: [TRAIN] Step: 534 ; Loss: 25.368 ; Acc: 46.207
2018-09-19 14:40:50,501:INFO: [TRAIN] Step: 535 ; Loss: 26.446 ; Acc: 46.206
2018-09-19 14:40:50,573:INFO: [TRAIN] Step: 536 ; Loss: 17.992 ; Acc: 46.252
2018-09-19 14:40:50,654:INFO: [TRAIN] Step: 537 ; Loss: 21.375 ; Acc: 46.252
2018-09-19 14:40:50,728:INFO: [TRAIN] Step: 538 ; Loss: 24.626 ; Acc: 46.266
2018-09-19 14:40:50,809:INFO: [TRAIN] Step: 539 ; Loss: 25.104 ; Acc: 46.273
2018-09-19 14:40:50,884:INFO: [TRAIN] Step: 540 ; Loss: 20.995 ; Acc: 46.288
2018-09-19 14:40:50,970:INFO: [TRAIN] Step: 541 ; Loss: 23.279 ; Acc: 46.272
2018-09-19 14:40:51,047:INFO: [TRAIN] Step: 542 ; Loss: 18.692 ; Acc: 46.294
2018-09-19 14:40:51,128:INFO: [TRAIN] Step: 543 ; Loss: 23.369 ; Acc: 46.293
2018-09-19 14:40:51,201:INFO: [TRAIN] Step: 544 ; Loss: 20.859 ; Acc: 46.307
2018-09-19 14:40:51,281:INFO: [TRAIN] Step: 545 ; Loss: 24.822 ; Acc: 46.306
2018-09-19 14:40:51,357:INFO: [TRAIN] Step: 546 ; Loss: 22.818 ; Acc: 46.313
2018-09-19 14:40:51,438:INFO: [TRAIN] Step: 547 ; Loss: 21.396 ; Acc: 46.312
2018-09-19 14:40:51,510:INFO: [TRAIN] Step: 548 ; Loss: 20.154 ; Acc: 46.319
2018-09-19 14:40:51,591:INFO: [TRAIN] Step: 549 ; Loss: 20.068 ; Acc: 46.341
2018-09-19 14:40:51,665:INFO: [TRAIN] Step: 550 ; Loss: 16.587 ; Acc: 46.385
2018-09-19 14:40:51,746:INFO: [TRAIN] Step: 551 ; Loss: 18.477 ; Acc: 46.392
2018-09-19 14:40:51,819:INFO: [TRAIN] Step: 552 ; Loss: 19.830 ; Acc: 46.406
2018-09-19 14:40:51,900:INFO: [TRAIN] Step: 553 ; Loss: 21.537 ; Acc: 46.427
2018-09-19 14:40:51,973:INFO: [TRAIN] Step: 554 ; Loss: 17.204 ; Acc: 46.426
2018-09-19 14:40:52,055:INFO: [TRAIN] Step: 555 ; Loss: 19.694 ; Acc: 46.448
2018-09-19 14:40:52,133:INFO: [TRAIN] Step: 556 ; Loss: 20.370 ; Acc: 46.462
2018-09-19 14:40:52,213:INFO: [TRAIN] Step: 557 ; Loss: 18.817 ; Acc: 46.483
2018-09-19 14:40:52,287:INFO: [TRAIN] Step: 558 ; Loss: 21.100 ; Acc: 46.504
2018-09-19 14:40:52,369:INFO: [TRAIN] Step: 559 ; Loss: 26.378 ; Acc: 46.510
2018-09-19 14:40:52,450:INFO: [TRAIN] Step: 560 ; Loss: 24.264 ; Acc: 46.494
2018-09-19 14:40:52,535:INFO: [TRAIN] Step: 561 ; Loss: 21.614 ; Acc: 46.486
2018-09-19 14:40:52,607:INFO: [TRAIN] Step: 562 ; Loss: 22.768 ; Acc: 46.492
2018-09-19 14:40:52,687:INFO: [TRAIN] Step: 563 ; Loss: 25.356 ; Acc: 46.491
2018-09-19 14:40:52,763:INFO: [TRAIN] Step: 564 ; Loss: 19.294 ; Acc: 46.512
2018-09-19 14:40:52,842:INFO: [TRAIN] Step: 565 ; Loss: 22.652 ; Acc: 46.511
2018-09-19 14:40:52,915:INFO: [TRAIN] Step: 566 ; Loss: 24.801 ; Acc: 46.524
2018-09-19 14:40:52,994:INFO: [TRAIN] Step: 567 ; Loss: 17.676 ; Acc: 46.545
2018-09-19 14:40:53,067:INFO: [TRAIN] Step: 568 ; Loss: 19.301 ; Acc: 46.566
2018-09-19 14:40:53,148:INFO: [TRAIN] Step: 569 ; Loss: 23.521 ; Acc: 46.572
2018-09-19 14:40:53,222:INFO: [TRAIN] Step: 570 ; Loss: 21.445 ; Acc: 46.578
2018-09-19 14:40:53,301:INFO: [TRAIN] Step: 571 ; Loss: 22.871 ; Acc: 46.598
2018-09-19 14:40:53,376:INFO: [TRAIN] Step: 572 ; Loss: 22.754 ; Acc: 46.633
2018-09-19 14:40:53,458:INFO: [TRAIN] Step: 573 ; Loss: 21.571 ; Acc: 46.646
2018-09-19 14:40:53,532:INFO: [TRAIN] Step: 574 ; Loss: 24.663 ; Acc: 46.652
2018-09-19 14:40:53,614:INFO: [TRAIN] Step: 575 ; Loss: 16.830 ; Acc: 46.665
2018-09-19 14:40:53,689:INFO: [TRAIN] Step: 576 ; Loss: 23.051 ; Acc: 46.671
2018-09-19 14:40:53,769:INFO: [TRAIN] Step: 577 ; Loss: 21.016 ; Acc: 46.684
2018-09-19 14:40:53,843:INFO: [TRAIN] Step: 578 ; Loss: 23.852 ; Acc: 46.697
2018-09-19 14:40:53,923:INFO: [TRAIN] Step: 579 ; Loss: 22.548 ; Acc: 46.688
2018-09-19 14:40:53,996:INFO: [TRAIN] Step: 580 ; Loss: 21.207 ; Acc: 46.701
2018-09-19 14:40:54,076:INFO: [TRAIN] Step: 581 ; Loss: 22.732 ; Acc: 46.700
2018-09-19 14:40:54,148:INFO: [TRAIN] Step: 582 ; Loss: 27.429 ; Acc: 46.677
2018-09-19 14:40:54,229:INFO: [TRAIN] Step: 583 ; Loss: 21.974 ; Acc: 46.689
2018-09-19 14:40:54,300:INFO: [TRAIN] Step: 584 ; Loss: 17.992 ; Acc: 46.738
2018-09-19 14:40:54,380:INFO: [TRAIN] Step: 585 ; Loss: 19.219 ; Acc: 46.772
2018-09-19 14:40:54,453:INFO: [TRAIN] Step: 586 ; Loss: 19.931 ; Acc: 46.813
2018-09-19 14:40:54,535:INFO: [TRAIN] Step: 587 ; Loss: 18.336 ; Acc: 46.847
2018-09-19 14:40:54,609:INFO: [TRAIN] Step: 588 ; Loss: 21.336 ; Acc: 46.880
2018-09-19 14:40:54,688:INFO: [TRAIN] Step: 589 ; Loss: 18.950 ; Acc: 46.893
2018-09-19 14:40:54,762:INFO: [TRAIN] Step: 590 ; Loss: 18.526 ; Acc: 46.912
2018-09-19 14:40:54,842:INFO: [TRAIN] Step: 591 ; Loss: 22.295 ; Acc: 46.938
2018-09-19 14:40:54,915:INFO: [TRAIN] Step: 592 ; Loss: 23.432 ; Acc: 46.972
2018-09-19 14:40:54,995:INFO: [TRAIN] Step: 593 ; Loss: 30.091 ; Acc: 46.991
2018-09-19 14:40:55,068:INFO: [TRAIN] Step: 594 ; Loss: 24.896 ; Acc: 47.003
2018-09-19 14:40:55,150:INFO: [TRAIN] Step: 595 ; Loss: 21.210 ; Acc: 47.029
2018-09-19 14:40:55,227:INFO: [TRAIN] Step: 596 ; Loss: 20.685 ; Acc: 47.055
2018-09-19 14:40:55,307:INFO: [TRAIN] Step: 597 ; Loss: 22.357 ; Acc: 47.081
2018-09-19 14:40:55,380:INFO: [TRAIN] Step: 598 ; Loss: 22.768 ; Acc: 47.113
2018-09-19 14:40:55,462:INFO: [TRAIN] Step: 599 ; Loss: 20.488 ; Acc: 47.132
2018-09-19 14:40:55,536:INFO: [TRAIN] Step: 600 ; Loss: 24.636 ; Acc: 47.130
2018-09-19 14:40:55,616:INFO: [TRAIN] Step: 601 ; Loss: 19.921 ; Acc: 47.169
2018-09-19 14:40:55,690:INFO: [TRAIN] Step: 602 ; Loss: 17.904 ; Acc: 47.195
2018-09-19 14:40:55,770:INFO: [TRAIN] Step: 603 ; Loss: 20.323 ; Acc: 47.220
2018-09-19 14:40:55,845:INFO: [TRAIN] Step: 604 ; Loss: 21.219 ; Acc: 47.252
2018-09-19 14:40:55,925:INFO: [TRAIN] Step: 605 ; Loss: 21.752 ; Acc: 47.263
2018-09-19 14:40:56,000:INFO: [TRAIN] Step: 606 ; Loss: 19.940 ; Acc: 47.261
2018-09-19 14:40:56,081:INFO: [TRAIN] Step: 607 ; Loss: 19.128 ; Acc: 47.293
2018-09-19 14:40:56,154:INFO: [TRAIN] Step: 608 ; Loss: 23.812 ; Acc: 47.284
2018-09-19 14:40:56,235:INFO: [TRAIN] Step: 609 ; Loss: 22.301 ; Acc: 47.295
2018-09-19 14:40:56,310:INFO: [TRAIN] Step: 610 ; Loss: 16.282 ; Acc: 47.327
2018-09-19 14:40:56,389:INFO: [TRAIN] Step: 611 ; Loss: 16.598 ; Acc: 47.365
2018-09-19 14:40:56,462:INFO: [TRAIN] Step: 612 ; Loss: 18.875 ; Acc: 47.383
2018-09-19 14:40:56,543:INFO: [TRAIN] Step: 613 ; Loss: 19.580 ; Acc: 47.401
2018-09-19 14:40:56,618:INFO: [TRAIN] Step: 614 ; Loss: 17.517 ; Acc: 47.432
2018-09-19 14:40:56,697:INFO: [TRAIN] Step: 615 ; Loss: 26.835 ; Acc: 47.450
2018-09-19 14:40:56,772:INFO: [TRAIN] Step: 616 ; Loss: 24.331 ; Acc: 47.468
2018-09-19 14:40:56,852:INFO: [TRAIN] Step: 617 ; Loss: 19.445 ; Acc: 47.478
2018-09-19 14:40:56,926:INFO: [TRAIN] Step: 618 ; Loss: 19.490 ; Acc: 47.516
2018-09-19 14:40:57,007:INFO: [TRAIN] Step: 619 ; Loss: 21.604 ; Acc: 47.534
2018-09-19 14:40:57,080:INFO: [TRAIN] Step: 620 ; Loss: 17.214 ; Acc: 47.578
2018-09-19 14:40:57,161:INFO: [TRAIN] Step: 621 ; Loss: 20.255 ; Acc: 47.609
2018-09-19 14:40:57,236:INFO: [TRAIN] Step: 622 ; Loss: 21.451 ; Acc: 47.619
2018-09-19 14:40:57,317:INFO: [TRAIN] Step: 623 ; Loss: 21.789 ; Acc: 47.616
2018-09-19 14:40:57,391:INFO: [TRAIN] Step: 624 ; Loss: 20.730 ; Acc: 47.653
2018-09-19 14:40:57,478:INFO: [TRAIN] Step: 625 ; Loss: 19.572 ; Acc: 47.677
2018-09-19 14:40:57,553:INFO: [TRAIN] Step: 626 ; Loss: 22.705 ; Acc: 47.687
2018-09-19 14:40:57,635:INFO: [TRAIN] Step: 627 ; Loss: 22.915 ; Acc: 47.698
2018-09-19 14:40:57,706:INFO: [TRAIN] Step: 628 ; Loss: 17.201 ; Acc: 47.748
2018-09-19 14:40:57,787:INFO: [TRAIN] Step: 629 ; Loss: 18.062 ; Acc: 47.765
2018-09-19 14:40:57,861:INFO: [TRAIN] Step: 630 ; Loss: 22.478 ; Acc: 47.761
2018-09-19 14:40:57,942:INFO: [TRAIN] Step: 631 ; Loss: 16.469 ; Acc: 47.811
2018-09-19 14:40:58,017:INFO: [TRAIN] Step: 632 ; Loss: 21.607 ; Acc: 47.808
2018-09-19 14:40:58,096:INFO: [TRAIN] Step: 633 ; Loss: 31.558 ; Acc: 47.798
2018-09-19 14:40:58,172:INFO: [TRAIN] Step: 634 ; Loss: 19.090 ; Acc: 47.815
2018-09-19 14:40:58,254:INFO: [TRAIN] Step: 635 ; Loss: 24.208 ; Acc: 47.825
2018-09-19 14:40:58,326:INFO: [TRAIN] Step: 636 ; Loss: 20.028 ; Acc: 47.848
2018-09-19 14:40:58,407:INFO: [TRAIN] Step: 637 ; Loss: 19.106 ; Acc: 47.877
2018-09-19 14:40:58,484:INFO: [TRAIN] Step: 638 ; Loss: 18.915 ; Acc: 47.894
2018-09-19 14:40:58,565:INFO: [TRAIN] Step: 639 ; Loss: 23.541 ; Acc: 47.891
2018-09-19 14:40:58,641:INFO: [TRAIN] Step: 640 ; Loss: 17.061 ; Acc: 47.920
2018-09-19 14:40:58,722:INFO: [TRAIN] Step: 641 ; Loss: 19.743 ; Acc: 47.936
2018-09-19 14:40:58,797:INFO: [TRAIN] Step: 642 ; Loss: 28.608 ; Acc: 47.933
2018-09-19 14:40:58,879:INFO: [TRAIN] Step: 643 ; Loss: 20.969 ; Acc: 47.962
2018-09-19 14:40:58,953:INFO: [TRAIN] Step: 644 ; Loss: 19.478 ; Acc: 47.978
2018-09-19 14:40:59,035:INFO: [TRAIN] Step: 645 ; Loss: 22.032 ; Acc: 47.994
2018-09-19 14:40:59,109:INFO: [TRAIN] Step: 646 ; Loss: 25.272 ; Acc: 48.004
2018-09-19 14:40:59,191:INFO: [TRAIN] Step: 647 ; Loss: 18.842 ; Acc: 48.026
2018-09-19 14:40:59,267:INFO: [TRAIN] Step: 648 ; Loss: 25.802 ; Acc: 48.035
2018-09-19 14:40:59,349:INFO: [TRAIN] Step: 649 ; Loss: 20.557 ; Acc: 48.058
2018-09-19 14:40:59,425:INFO: [TRAIN] Step: 650 ; Loss: 21.619 ; Acc: 48.067
2018-09-19 14:40:59,508:INFO: [TRAIN] Step: 651 ; Loss: 17.323 ; Acc: 48.089
2018-09-19 14:40:59,585:INFO: [TRAIN] Step: 652 ; Loss: 22.350 ; Acc: 48.079
2018-09-19 14:40:59,668:INFO: [TRAIN] Step: 653 ; Loss: 22.130 ; Acc: 48.114
2018-09-19 14:40:59,743:INFO: [TRAIN] Step: 654 ; Loss: 18.575 ; Acc: 48.136
2018-09-19 14:40:59,829:INFO: [TRAIN] Step: 655 ; Loss: 23.237 ; Acc: 48.152
2018-09-19 14:40:59,908:INFO: [TRAIN] Step: 656 ; Loss: 22.070 ; Acc: 48.174
2018-09-19 14:40:59,994:INFO: [TRAIN] Step: 657 ; Loss: 20.880 ; Acc: 48.176
2018-09-19 14:41:00,072:INFO: [TRAIN] Step: 658 ; Loss: 18.000 ; Acc: 48.192
2018-09-19 14:41:00,157:INFO: [TRAIN] Step: 659 ; Loss: 20.949 ; Acc: 48.194
2018-09-19 14:41:00,236:INFO: [TRAIN] Step: 660 ; Loss: 23.028 ; Acc: 48.229
2018-09-19 14:41:00,322:INFO: [TRAIN] Step: 661 ; Loss: 24.422 ; Acc: 48.238
2018-09-19 14:41:00,404:INFO: [TRAIN] Step: 662 ; Loss: 22.348 ; Acc: 48.253
2018-09-19 14:41:00,490:INFO: [TRAIN] Step: 663 ; Loss: 25.429 ; Acc: 48.243
2018-09-19 14:41:00,572:INFO: [TRAIN] Step: 664 ; Loss: 19.872 ; Acc: 48.264
2018-09-19 14:41:00,659:INFO: [TRAIN] Step: 665 ; Loss: 19.475 ; Acc: 48.273
2018-09-19 14:41:00,740:INFO: [TRAIN] Step: 666 ; Loss: 20.391 ; Acc: 48.288
2018-09-19 14:41:00,830:INFO: [TRAIN] Step: 667 ; Loss: 22.339 ; Acc: 48.303
2018-09-19 14:41:00,912:INFO: [TRAIN] Step: 668 ; Loss: 23.511 ; Acc: 48.287
2018-09-19 14:41:01,005:INFO: [TRAIN] Step: 669 ; Loss: 24.059 ; Acc: 48.284
2018-09-19 14:41:01,087:INFO: [TRAIN] Step: 670 ; Loss: 20.063 ; Acc: 48.305
2018-09-19 14:41:01,179:INFO: [TRAIN] Step: 671 ; Loss: 23.820 ; Acc: 48.332
2018-09-19 14:41:01,265:INFO: [TRAIN] Step: 672 ; Loss: 21.397 ; Acc: 48.341
2018-09-19 14:41:01,356:INFO: [TRAIN] Step: 673 ; Loss: 21.877 ; Acc: 48.343
2018-09-19 14:41:01,442:INFO: [TRAIN] Step: 674 ; Loss: 24.827 ; Acc: 48.346
2018-09-19 14:41:01,536:INFO: [TRAIN] Step: 675 ; Loss: 22.644 ; Acc: 48.354
2018-09-19 14:41:01,623:INFO: [TRAIN] Step: 676 ; Loss: 18.176 ; Acc: 48.375
2018-09-19 14:41:01,714:INFO: [TRAIN] Step: 677 ; Loss: 20.799 ; Acc: 48.378
2018-09-19 14:41:01,803:INFO: [TRAIN] Step: 678 ; Loss: 18.162 ; Acc: 48.411
2018-09-19 14:41:01,896:INFO: [TRAIN] Step: 679 ; Loss: 22.392 ; Acc: 48.413
2018-09-19 14:41:01,983:INFO: [TRAIN] Step: 680 ; Loss: 20.637 ; Acc: 48.428
2018-09-19 14:41:02,083:INFO: [TRAIN] Step: 681 ; Loss: 18.678 ; Acc: 48.430
2018-09-19 14:41:02,171:INFO: [TRAIN] Step: 682 ; Loss: 22.700 ; Acc: 48.438
2018-09-19 14:41:02,272:INFO: [TRAIN] Step: 683 ; Loss: 26.550 ; Acc: 48.447
2018-09-19 14:41:02,364:INFO: [TRAIN] Step: 684 ; Loss: 21.660 ; Acc: 48.467
2018-09-19 14:41:02,466:INFO: [TRAIN] Step: 685 ; Loss: 18.613 ; Acc: 48.494
2018-09-19 14:41:02,561:INFO: [TRAIN] Step: 686 ; Loss: 17.560 ; Acc: 48.520
2018-09-19 14:41:02,664:INFO: [TRAIN] Step: 687 ; Loss: 18.351 ; Acc: 48.522
2018-09-19 14:41:02,759:INFO: [TRAIN] Step: 688 ; Loss: 19.105 ; Acc: 48.561
2018-09-19 14:41:02,862:INFO: [TRAIN] Step: 689 ; Loss: 22.726 ; Acc: 48.563
2018-09-19 14:41:02,955:INFO: [TRAIN] Step: 690 ; Loss: 17.003 ; Acc: 48.583
2018-09-19 14:41:03,059:INFO: [TRAIN] Step: 691 ; Loss: 20.600 ; Acc: 48.615
2018-09-19 14:41:03,155:INFO: [TRAIN] Step: 692 ; Loss: 17.107 ; Acc: 48.629
2018-09-19 14:41:03,259:INFO: [TRAIN] Step: 693 ; Loss: 22.385 ; Acc: 48.631
2018-09-19 14:41:03,356:INFO: [TRAIN] Step: 694 ; Loss: 21.712 ; Acc: 48.633
2018-09-19 14:41:03,463:INFO: [TRAIN] Step: 695 ; Loss: 22.357 ; Acc: 48.653
2018-09-19 14:41:03,565:INFO: [TRAIN] Step: 696 ; Loss: 22.667 ; Acc: 48.661
2018-09-19 14:41:03,672:INFO: [TRAIN] Step: 697 ; Loss: 22.570 ; Acc: 48.669
2018-09-19 14:41:03,778:INFO: [TRAIN] Step: 698 ; Loss: 16.029 ; Acc: 48.706
2018-09-19 14:41:03,883:INFO: [TRAIN] Step: 699 ; Loss: 23.493 ; Acc: 48.708
2018-09-19 14:41:03,992:INFO: [TRAIN] Step: 700 ; Loss: 22.898 ; Acc: 48.716
2018-09-19 14:41:04,100:INFO: [TRAIN] Step: 701 ; Loss: 19.588 ; Acc: 48.712
2018-09-19 14:41:04,210:INFO: [TRAIN] Step: 702 ; Loss: 19.571 ; Acc: 48.726
2018-09-19 14:41:04,320:INFO: [TRAIN] Step: 703 ; Loss: 18.887 ; Acc: 48.745
2018-09-19 14:41:04,429:INFO: [TRAIN] Step: 704 ; Loss: 20.013 ; Acc: 48.765
2018-09-19 14:41:04,544:INFO: [TRAIN] Step: 705 ; Loss: 21.515 ; Acc: 48.767
2018-09-19 14:41:04,656:INFO: [TRAIN] Step: 706 ; Loss: 18.138 ; Acc: 48.774
2018-09-19 14:41:04,769:INFO: [TRAIN] Step: 707 ; Loss: 16.667 ; Acc: 48.805
2018-09-19 14:41:04,878:INFO: [TRAIN] Step: 708 ; Loss: 21.935 ; Acc: 48.801
2018-09-19 14:41:04,992:INFO: [TRAIN] Step: 709 ; Loss: 24.114 ; Acc: 48.803
2018-09-19 14:41:05,109:INFO: [TRAIN] Step: 710 ; Loss: 13.515 ; Acc: 48.846
2018-09-19 14:41:05,224:INFO: [TRAIN] Step: 711 ; Loss: 21.289 ; Acc: 48.853
2018-09-19 14:41:05,336:INFO: [TRAIN] Step: 712 ; Loss: 24.516 ; Acc: 48.860
2018-09-19 14:41:05,452:INFO: [TRAIN] Step: 713 ; Loss: 21.910 ; Acc: 48.862
2018-09-19 14:41:05,563:INFO: [TRAIN] Step: 714 ; Loss: 24.821 ; Acc: 48.846
2018-09-19 14:41:05,675:INFO: [TRAIN] Step: 715 ; Loss: 19.818 ; Acc: 48.859
2018-09-19 14:41:05,789:INFO: [TRAIN] Step: 716 ; Loss: 18.784 ; Acc: 48.861
2018-09-19 14:41:05,906:INFO: [TRAIN] Step: 717 ; Loss: 18.067 ; Acc: 48.886
2018-09-19 14:41:06,019:INFO: [TRAIN] Step: 718 ; Loss: 21.924 ; Acc: 48.911
2018-09-19 14:41:06,132:INFO: [TRAIN] Step: 719 ; Loss: 15.397 ; Acc: 48.941
2018-09-19 14:41:06,248:INFO: [TRAIN] Step: 720 ; Loss: 22.159 ; Acc: 48.960
2018-09-19 14:41:06,360:INFO: [TRAIN] Step: 721 ; Loss: 19.149 ; Acc: 48.967
2018-09-19 14:41:06,477:INFO: [TRAIN] Step: 722 ; Loss: 20.228 ; Acc: 48.986
2018-09-19 14:41:06,595:INFO: [TRAIN] Step: 723 ; Loss: 15.511 ; Acc: 49.016
2018-09-19 14:41:06,709:INFO: [TRAIN] Step: 724 ; Loss: 14.634 ; Acc: 49.057
2018-09-19 14:41:06,826:INFO: [TRAIN] Step: 725 ; Loss: 19.162 ; Acc: 49.076
2018-09-19 14:41:06,941:INFO: [TRAIN] Step: 726 ; Loss: 28.098 ; Acc: 49.072
2018-09-19 14:41:07,060:INFO: [TRAIN] Step: 727 ; Loss: 19.272 ; Acc: 49.090
2018-09-19 14:41:07,177:INFO: [TRAIN] Step: 728 ; Loss: 18.664 ; Acc: 49.108
2018-09-19 14:41:07,292:INFO: [TRAIN] Step: 729 ; Loss: 22.093 ; Acc: 49.098
2018-09-19 14:41:07,411:INFO: [TRAIN] Step: 730 ; Loss: 22.056 ; Acc: 49.117
2018-09-19 14:41:07,535:INFO: [TRAIN] Step: 731 ; Loss: 16.762 ; Acc: 49.152
2018-09-19 14:41:07,659:INFO: [TRAIN] Step: 732 ; Loss: 19.363 ; Acc: 49.164
2018-09-19 14:41:07,777:INFO: [TRAIN] Step: 733 ; Loss: 17.844 ; Acc: 49.188
2018-09-19 14:41:07,892:INFO: [TRAIN] Step: 734 ; Loss: 23.229 ; Acc: 49.184
2018-09-19 14:41:08,010:INFO: [TRAIN] Step: 735 ; Loss: 19.186 ; Acc: 49.196
2018-09-19 14:41:08,125:INFO: [TRAIN] Step: 736 ; Loss: 25.286 ; Acc: 49.186
2018-09-19 14:41:08,243:INFO: [TRAIN] Step: 737 ; Loss: 18.631 ; Acc: 49.193
2018-09-19 14:41:08,358:INFO: [TRAIN] Step: 738 ; Loss: 20.497 ; Acc: 49.188
2018-09-19 14:41:08,474:INFO: [TRAIN] Step: 739 ; Loss: 23.024 ; Acc: 49.200
2018-09-19 14:41:08,593:INFO: [TRAIN] Step: 740 ; Loss: 21.700 ; Acc: 49.224
2018-09-19 14:41:08,712:INFO: [TRAIN] Step: 741 ; Loss: 21.653 ; Acc: 49.225
2018-09-19 14:41:08,832:INFO: [TRAIN] Step: 742 ; Loss: 21.171 ; Acc: 49.237
2018-09-19 14:41:08,955:INFO: [TRAIN] Step: 743 ; Loss: 17.900 ; Acc: 49.261
2018-09-19 14:41:09,075:INFO: [TRAIN] Step: 744 ; Loss: 15.920 ; Acc: 49.295
2018-09-19 14:41:09,193:INFO: [TRAIN] Step: 745 ; Loss: 19.890 ; Acc: 49.302
2018-09-19 14:41:09,309:INFO: [TRAIN] Step: 746 ; Loss: 18.945 ; Acc: 49.314
2018-09-19 14:41:09,426:INFO: [TRAIN] Step: 747 ; Loss: 25.770 ; Acc: 49.320
2018-09-19 14:41:09,545:INFO: [TRAIN] Step: 748 ; Loss: 24.515 ; Acc: 49.305
2018-09-19 14:41:09,667:INFO: [TRAIN] Step: 749 ; Loss: 19.944 ; Acc: 49.328
2018-09-19 14:41:09,784:INFO: [TRAIN] Step: 750 ; Loss: 19.703 ; Acc: 49.351
2018-09-19 14:41:09,903:INFO: [TRAIN] Step: 751 ; Loss: 19.644 ; Acc: 49.357
2018-09-19 14:41:10,026:INFO: [TRAIN] Step: 752 ; Loss: 18.939 ; Acc: 49.364
2018-09-19 14:41:10,144:INFO: [TRAIN] Step: 753 ; Loss: 21.435 ; Acc: 49.359
2018-09-19 14:41:10,266:INFO: [TRAIN] Step: 754 ; Loss: 18.146 ; Acc: 49.382
2018-09-19 14:41:10,390:INFO: [TRAIN] Step: 755 ; Loss: 23.998 ; Acc: 49.394
2018-09-19 14:41:10,510:INFO: [TRAIN] Step: 756 ; Loss: 17.806 ; Acc: 49.411
2018-09-19 14:41:10,628:INFO: [TRAIN] Step: 757 ; Loss: 20.497 ; Acc: 49.412
2018-09-19 14:41:10,748:INFO: [TRAIN] Step: 758 ; Loss: 21.170 ; Acc: 49.402
2018-09-19 14:41:10,869:INFO: [TRAIN] Step: 759 ; Loss: 23.764 ; Acc: 49.397
2018-09-19 14:41:10,988:INFO: [TRAIN] Step: 760 ; Loss: 20.912 ; Acc: 49.403
2018-09-19 14:41:11,115:INFO: [TRAIN] Step: 761 ; Loss: 20.006 ; Acc: 49.415
2018-09-19 14:41:11,236:INFO: [TRAIN] Step: 762 ; Loss: 19.553 ; Acc: 49.432
2018-09-19 14:41:11,356:INFO: [TRAIN] Step: 763 ; Loss: 21.515 ; Acc: 49.433
2018-09-19 14:41:11,476:INFO: [TRAIN] Step: 764 ; Loss: 21.316 ; Acc: 49.439
2018-09-19 14:41:11,600:INFO: [TRAIN] Step: 765 ; Loss: 19.397 ; Acc: 49.472
2018-09-19 14:41:11,723:INFO: [TRAIN] Step: 766 ; Loss: 23.051 ; Acc: 49.473
2018-09-19 14:41:11,844:INFO: [TRAIN] Step: 767 ; Loss: 19.457 ; Acc: 49.468
2018-09-19 14:41:11,965:INFO: [TRAIN] Step: 768 ; Loss: 16.759 ; Acc: 49.491
2018-09-19 14:41:12,084:INFO: [TRAIN] Step: 769 ; Loss: 20.332 ; Acc: 49.497
2018-09-19 14:41:12,201:INFO: [TRAIN] Step: 770 ; Loss: 26.311 ; Acc: 49.470
2018-09-19 14:41:12,320:INFO: [TRAIN] Step: 771 ; Loss: 22.213 ; Acc: 49.471
2018-09-19 14:41:12,438:INFO: [TRAIN] Step: 772 ; Loss: 21.949 ; Acc: 49.472
2018-09-19 14:41:12,566:INFO: [TRAIN] Step: 773 ; Loss: 22.014 ; Acc: 49.489
2018-09-19 14:41:12,689:INFO: [TRAIN] Step: 774 ; Loss: 21.040 ; Acc: 49.489
2018-09-19 14:41:12,813:INFO: [TRAIN] Step: 775 ; Loss: 16.536 ; Acc: 49.517
2018-09-19 14:41:12,931:INFO: [TRAIN] Step: 776 ; Loss: 21.401 ; Acc: 49.512
2018-09-19 14:41:13,053:INFO: [TRAIN] Step: 777 ; Loss: 19.983 ; Acc: 49.539
2018-09-19 14:41:13,175:INFO: [TRAIN] Step: 778 ; Loss: 21.260 ; Acc: 49.551
2018-09-19 14:41:13,294:INFO: [TRAIN] Step: 779 ; Loss: 18.081 ; Acc: 49.557
2018-09-19 14:41:13,418:INFO: [TRAIN] Step: 780 ; Loss: 19.878 ; Acc: 49.579
2018-09-19 14:41:13,538:INFO: [TRAIN] Step: 781 ; Loss: 14.025 ; Acc: 49.622
2018-09-19 14:41:13,660:INFO: [TRAIN] Step: 782 ; Loss: 19.522 ; Acc: 49.633
2018-09-19 14:41:13,783:INFO: [TRAIN] Step: 783 ; Loss: 23.902 ; Acc: 49.644
2018-09-19 14:41:13,907:INFO: [TRAIN] Step: 784 ; Loss: 21.892 ; Acc: 49.650
2018-09-19 14:41:14,029:INFO: [TRAIN] Step: 785 ; Loss: 17.712 ; Acc: 49.650
2018-09-19 14:41:14,147:INFO: [TRAIN] Step: 786 ; Loss: 25.616 ; Acc: 49.640
2018-09-19 14:41:14,267:INFO: [TRAIN] Step: 787 ; Loss: 16.690 ; Acc: 49.662
2018-09-19 14:41:14,389:INFO: [TRAIN] Step: 788 ; Loss: 17.295 ; Acc: 49.667
2018-09-19 14:41:14,511:INFO: [TRAIN] Step: 789 ; Loss: 23.138 ; Acc: 49.657
2018-09-19 14:41:14,630:INFO: [TRAIN] Step: 790 ; Loss: 19.540 ; Acc: 49.673
2018-09-19 14:41:14,749:INFO: [TRAIN] Step: 791 ; Loss: 19.349 ; Acc: 49.690
2018-09-19 14:41:14,871:INFO: [TRAIN] Step: 792 ; Loss: 19.164 ; Acc: 49.695
2018-09-19 14:41:14,989:INFO: [TRAIN] Step: 793 ; Loss: 19.757 ; Acc: 49.711
2018-09-19 14:41:15,108:INFO: [TRAIN] Step: 794 ; Loss: 17.511 ; Acc: 49.717
2018-09-19 14:41:15,226:INFO: [TRAIN] Step: 795 ; Loss: 23.353 ; Acc: 49.712
2018-09-19 14:41:15,346:INFO: [TRAIN] Step: 796 ; Loss: 19.898 ; Acc: 49.733
2018-09-19 14:41:15,469:INFO: [TRAIN] Step: 797 ; Loss: 22.433 ; Acc: 49.734
2018-09-19 14:41:15,589:INFO: [TRAIN] Step: 798 ; Loss: 19.496 ; Acc: 49.744
2018-09-19 14:41:15,711:INFO: [TRAIN] Step: 799 ; Loss: 22.891 ; Acc: 49.755
2018-09-19 14:41:15,835:INFO: [TRAIN] Step: 800 ; Loss: 22.046 ; Acc: 49.750
2018-09-19 14:41:15,957:INFO: [TRAIN] Step: 801 ; Loss: 24.765 ; Acc: 49.751
2018-09-19 14:41:16,081:INFO: [TRAIN] Step: 802 ; Loss: 19.324 ; Acc: 49.772
2018-09-19 14:41:16,200:INFO: [TRAIN] Step: 803 ; Loss: 19.330 ; Acc: 49.777
2018-09-19 14:41:16,322:INFO: [TRAIN] Step: 804 ; Loss: 20.973 ; Acc: 49.788
2018-09-19 14:41:16,441:INFO: [TRAIN] Step: 805 ; Loss: 18.649 ; Acc: 49.804
2018-09-19 14:41:16,565:INFO: [TRAIN] Step: 806 ; Loss: 23.957 ; Acc: 49.809
2018-09-19 14:41:16,686:INFO: [TRAIN] Step: 807 ; Loss: 15.475 ; Acc: 49.850
2018-09-19 14:41:16,804:INFO: [TRAIN] Step: 808 ; Loss: 19.829 ; Acc: 49.861
2018-09-19 14:41:16,921:INFO: [TRAIN] Step: 809 ; Loss: 18.151 ; Acc: 49.877
2018-09-19 14:41:17,041:INFO: [TRAIN] Step: 810 ; Loss: 21.673 ; Acc: 49.882
2018-09-19 14:41:17,160:INFO: [TRAIN] Step: 811 ; Loss: 26.048 ; Acc: 49.882
2018-09-19 14:41:17,281:INFO: [TRAIN] Step: 812 ; Loss: 19.097 ; Acc: 49.897
2018-09-19 14:41:17,403:INFO: [TRAIN] Step: 813 ; Loss: 19.498 ; Acc: 49.903
2018-09-19 14:41:17,524:INFO: [TRAIN] Step: 814 ; Loss: 17.250 ; Acc: 49.913
2018-09-19 14:41:17,651:INFO: [TRAIN] Step: 815 ; Loss: 14.985 ; Acc: 49.944
2018-09-19 14:41:17,768:INFO: [TRAIN] Step: 816 ; Loss: 15.741 ; Acc: 49.959
2018-09-19 14:41:17,884:INFO: [TRAIN] Step: 817 ; Loss: 19.128 ; Acc: 49.964
2018-09-19 14:41:18,002:INFO: [TRAIN] Step: 818 ; Loss: 17.722 ; Acc: 49.969
2018-09-19 14:41:18,120:INFO: [TRAIN] Step: 819 ; Loss: 17.459 ; Acc: 49.970
2018-09-19 14:41:18,236:INFO: [TRAIN] Step: 820 ; Loss: 15.480 ; Acc: 49.990
2018-09-19 14:41:18,355:INFO: [TRAIN] Step: 821 ; Loss: 27.288 ; Acc: 49.990
2018-09-19 14:41:18,472:INFO: [TRAIN] Step: 822 ; Loss: 17.184 ; Acc: 49.990
2018-09-19 14:41:18,590:INFO: [TRAIN] Step: 823 ; Loss: 19.873 ; Acc: 49.995
2018-09-19 14:41:18,707:INFO: [TRAIN] Step: 824 ; Loss: 20.303 ; Acc: 49.995
2018-09-19 14:41:18,827:INFO: [TRAIN] Step: 825 ; Loss: 18.191 ; Acc: 50.000
2018-09-19 14:41:18,949:INFO: [TRAIN] Step: 826 ; Loss: 16.870 ; Acc: 50.025
2018-09-19 14:41:19,067:INFO: [TRAIN] Step: 827 ; Loss: 22.669 ; Acc: 50.040
2018-09-19 14:41:19,186:INFO: [TRAIN] Step: 828 ; Loss: 18.370 ; Acc: 50.070
2018-09-19 14:41:19,304:INFO: [TRAIN] Step: 829 ; Loss: 15.758 ; Acc: 50.090
2018-09-19 14:41:19,422:INFO: [TRAIN] Step: 830 ; Loss: 19.953 ; Acc: 50.105
2018-09-19 14:41:19,542:INFO: [TRAIN] Step: 831 ; Loss: 19.696 ; Acc: 50.120
2018-09-19 14:41:19,661:INFO: [TRAIN] Step: 832 ; Loss: 18.093 ; Acc: 50.145
2018-09-19 14:41:19,775:INFO: [TRAIN] Step: 833 ; Loss: 24.958 ; Acc: 50.125
2018-09-19 14:41:19,889:INFO: [TRAIN] Step: 834 ; Loss: 18.886 ; Acc: 50.130
2018-09-19 14:41:20,006:INFO: [TRAIN] Step: 835 ; Loss: 16.605 ; Acc: 50.150
2018-09-19 14:41:20,120:INFO: [TRAIN] Step: 836 ; Loss: 19.942 ; Acc: 50.149
2018-09-19 14:41:20,232:INFO: [TRAIN] Step: 837 ; Loss: 19.820 ; Acc: 50.174
2018-09-19 14:41:20,348:INFO: [TRAIN] Step: 838 ; Loss: 21.339 ; Acc: 50.174
2018-09-19 14:41:20,461:INFO: [TRAIN] Step: 839 ; Loss: 18.043 ; Acc: 50.188
2018-09-19 14:41:20,574:INFO: [TRAIN] Step: 840 ; Loss: 17.577 ; Acc: 50.203
2018-09-19 14:41:20,691:INFO: [TRAIN] Step: 841 ; Loss: 20.166 ; Acc: 50.208
2018-09-19 14:41:20,807:INFO: [TRAIN] Step: 842 ; Loss: 21.803 ; Acc: 50.222
2018-09-19 14:41:20,922:INFO: [TRAIN] Step: 843 ; Loss: 16.606 ; Acc: 50.232
2018-09-19 14:41:21,034:INFO: [TRAIN] Step: 844 ; Loss: 23.362 ; Acc: 50.247
2018-09-19 14:41:21,153:INFO: [TRAIN] Step: 845 ; Loss: 19.345 ; Acc: 50.256
2018-09-19 14:41:21,269:INFO: [TRAIN] Step: 846 ; Loss: 21.130 ; Acc: 50.251
2018-09-19 14:41:21,379:INFO: [TRAIN] Step: 847 ; Loss: 20.400 ; Acc: 50.241
2018-09-19 14:41:21,489:INFO: [TRAIN] Step: 848 ; Loss: 21.319 ; Acc: 50.250
2018-09-19 14:41:21,602:INFO: [TRAIN] Step: 849 ; Loss: 18.871 ; Acc: 50.260
2018-09-19 14:41:21,713:INFO: [TRAIN] Step: 850 ; Loss: 18.915 ; Acc: 50.279
2018-09-19 14:41:21,825:INFO: [TRAIN] Step: 851 ; Loss: 18.769 ; Acc: 50.303
2018-09-19 14:41:21,934:INFO: [TRAIN] Step: 852 ; Loss: 18.982 ; Acc: 50.308
2018-09-19 14:41:22,046:INFO: [TRAIN] Step: 853 ; Loss: 22.232 ; Acc: 50.317
2018-09-19 14:41:22,156:INFO: [TRAIN] Step: 854 ; Loss: 22.068 ; Acc: 50.322
2018-09-19 14:41:22,268:INFO: [TRAIN] Step: 855 ; Loss: 19.597 ; Acc: 50.346
2018-09-19 14:41:22,375:INFO: [TRAIN] Step: 856 ; Loss: 14.523 ; Acc: 50.370
2018-09-19 14:41:22,483:INFO: [TRAIN] Step: 857 ; Loss: 16.789 ; Acc: 50.384
2018-09-19 14:41:22,591:INFO: [TRAIN] Step: 858 ; Loss: 15.975 ; Acc: 50.398
2018-09-19 14:41:22,699:INFO: [TRAIN] Step: 859 ; Loss: 17.864 ; Acc: 50.417
2018-09-19 14:41:22,807:INFO: [TRAIN] Step: 860 ; Loss: 20.106 ; Acc: 50.426
2018-09-19 14:41:22,915:INFO: [TRAIN] Step: 861 ; Loss: 20.626 ; Acc: 50.445
2018-09-19 14:41:23,026:INFO: [TRAIN] Step: 862 ; Loss: 21.391 ; Acc: 50.449
2018-09-19 14:41:23,131:INFO: [TRAIN] Step: 863 ; Loss: 22.916 ; Acc: 50.458
2018-09-19 14:41:23,244:INFO: [TRAIN] Step: 864 ; Loss: 19.962 ; Acc: 50.467
2018-09-19 14:41:23,352:INFO: [TRAIN] Step: 865 ; Loss: 16.536 ; Acc: 50.486
2018-09-19 14:41:23,458:INFO: [TRAIN] Step: 866 ; Loss: 17.788 ; Acc: 50.500
2018-09-19 14:41:23,562:INFO: [TRAIN] Step: 867 ; Loss: 19.933 ; Acc: 50.504
2018-09-19 14:41:23,670:INFO: [TRAIN] Step: 868 ; Loss: 16.858 ; Acc: 50.523
2018-09-19 14:41:23,773:INFO: [TRAIN] Step: 869 ; Loss: 17.778 ; Acc: 50.536
2018-09-19 14:41:23,878:INFO: [TRAIN] Step: 870 ; Loss: 15.831 ; Acc: 50.555
2018-09-19 14:41:23,988:INFO: [TRAIN] Step: 871 ; Loss: 18.831 ; Acc: 50.564
2018-09-19 14:41:24,096:INFO: [TRAIN] Step: 872 ; Loss: 17.028 ; Acc: 50.587
2018-09-19 14:41:24,201:INFO: [TRAIN] Step: 873 ; Loss: 20.559 ; Acc: 50.601
2018-09-19 14:41:24,304:INFO: [TRAIN] Step: 874 ; Loss: 15.411 ; Acc: 50.629
2018-09-19 14:41:24,406:INFO: [TRAIN] Step: 875 ; Loss: 24.025 ; Acc: 50.637
2018-09-19 14:41:24,510:INFO: [TRAIN] Step: 876 ; Loss: 23.398 ; Acc: 50.627
2018-09-19 14:41:24,616:INFO: [TRAIN] Step: 877 ; Loss: 19.647 ; Acc: 50.641
2018-09-19 14:41:24,722:INFO: [TRAIN] Step: 878 ; Loss: 13.828 ; Acc: 50.659
2018-09-19 14:41:24,826:INFO: [TRAIN] Step: 879 ; Loss: 21.044 ; Acc: 50.668
2018-09-19 14:41:24,933:INFO: [TRAIN] Step: 880 ; Loss: 17.068 ; Acc: 50.686
2018-09-19 14:41:25,037:INFO: [TRAIN] Step: 881 ; Loss: 22.312 ; Acc: 50.685
2018-09-19 14:41:25,137:INFO: [TRAIN] Step: 882 ; Loss: 18.780 ; Acc: 50.689
2018-09-19 14:41:25,244:INFO: [TRAIN] Step: 883 ; Loss: 18.897 ; Acc: 50.693
2018-09-19 14:41:25,347:INFO: [TRAIN] Step: 884 ; Loss: 19.340 ; Acc: 50.702
2018-09-19 14:41:25,452:INFO: [TRAIN] Step: 885 ; Loss: 19.140 ; Acc: 50.710
2018-09-19 14:41:25,557:INFO: [TRAIN] Step: 886 ; Loss: 15.085 ; Acc: 50.742
2018-09-19 14:41:25,659:INFO: [TRAIN] Step: 887 ; Loss: 19.595 ; Acc: 50.751
2018-09-19 14:41:25,762:INFO: [TRAIN] Step: 888 ; Loss: 13.941 ; Acc: 50.773
2018-09-19 14:41:25,868:INFO: [TRAIN] Step: 889 ; Loss: 20.916 ; Acc: 50.787
2018-09-19 14:41:25,968:INFO: [TRAIN] Step: 890 ; Loss: 29.476 ; Acc: 50.790
2018-09-19 14:41:26,067:INFO: [TRAIN] Step: 891 ; Loss: 21.443 ; Acc: 50.794
2018-09-19 14:41:26,171:INFO: [TRAIN] Step: 892 ; Loss: 15.239 ; Acc: 50.831
2018-09-19 14:41:26,276:INFO: [TRAIN] Step: 893 ; Loss: 22.775 ; Acc: 50.834
2018-09-19 14:41:26,381:INFO: [TRAIN] Step: 894 ; Loss: 23.215 ; Acc: 50.829
2018-09-19 14:41:26,483:INFO: [TRAIN] Step: 895 ; Loss: 23.533 ; Acc: 50.832
2018-09-19 14:41:26,585:INFO: [TRAIN] Step: 896 ; Loss: 20.101 ; Acc: 50.850
2018-09-19 14:41:26,688:INFO: [TRAIN] Step: 897 ; Loss: 24.742 ; Acc: 50.849
2018-09-19 14:41:26,794:INFO: [TRAIN] Step: 898 ; Loss: 15.112 ; Acc: 50.857
2018-09-19 14:41:26,896:INFO: [TRAIN] Step: 899 ; Loss: 18.881 ; Acc: 50.875
2018-09-19 14:41:27,000:INFO: [TRAIN] Step: 900 ; Loss: 17.954 ; Acc: 50.888
2018-09-19 14:41:27,101:INFO: [TRAIN] Step: 901 ; Loss: 15.968 ; Acc: 50.919
2018-09-19 14:41:27,204:INFO: [TRAIN] Step: 902 ; Loss: 26.391 ; Acc: 50.904
2018-09-19 14:41:27,307:INFO: [TRAIN] Step: 903 ; Loss: 16.430 ; Acc: 50.913
2018-09-19 14:41:27,421:INFO: [TRAIN] Step: 904 ; Loss: 16.602 ; Acc: 50.925
2018-09-19 14:41:27,548:INFO: [TRAIN] Step: 905 ; Loss: 19.224 ; Acc: 50.929
2018-09-19 14:41:27,650:INFO: [TRAIN] Step: 906 ; Loss: 17.312 ; Acc: 50.928
2018-09-19 14:41:27,753:INFO: [TRAIN] Step: 907 ; Loss: 18.763 ; Acc: 50.932
2018-09-19 14:41:27,857:INFO: [TRAIN] Step: 908 ; Loss: 23.784 ; Acc: 50.931
2018-09-19 14:41:27,962:INFO: [TRAIN] Step: 909 ; Loss: 19.551 ; Acc: 50.943
2018-09-19 14:41:28,069:INFO: [TRAIN] Step: 910 ; Loss: 23.037 ; Acc: 50.938
2018-09-19 14:41:28,176:INFO: [TRAIN] Step: 911 ; Loss: 21.024 ; Acc: 50.955
2018-09-19 14:41:28,279:INFO: [TRAIN] Step: 912 ; Loss: 22.853 ; Acc: 50.945
2018-09-19 14:41:28,383:INFO: [TRAIN] Step: 913 ; Loss: 16.299 ; Acc: 50.957
2018-09-19 14:41:28,489:INFO: [TRAIN] Step: 914 ; Loss: 24.188 ; Acc: 50.956
2018-09-19 14:41:28,592:INFO: [TRAIN] Step: 915 ; Loss: 19.836 ; Acc: 50.964
2018-09-19 14:41:28,694:INFO: [TRAIN] Step: 916 ; Loss: 22.362 ; Acc: 50.972
2018-09-19 14:41:28,797:INFO: [TRAIN] Step: 917 ; Loss: 24.630 ; Acc: 50.976
2018-09-19 14:41:28,900:INFO: [TRAIN] Step: 918 ; Loss: 18.067 ; Acc: 50.984
2018-09-19 14:41:29,007:INFO: [TRAIN] Step: 919 ; Loss: 15.766 ; Acc: 50.992
2018-09-19 14:41:29,111:INFO: [TRAIN] Step: 920 ; Loss: 18.022 ; Acc: 51.004
2018-09-19 14:41:29,212:INFO: [TRAIN] Step: 921 ; Loss: 16.954 ; Acc: 51.012
2018-09-19 14:41:29,315:INFO: [TRAIN] Step: 922 ; Loss: 17.195 ; Acc: 51.025
2018-09-19 14:41:29,422:INFO: [TRAIN] Step: 923 ; Loss: 21.080 ; Acc: 51.033
2018-09-19 14:41:29,530:INFO: [TRAIN] Step: 924 ; Loss: 16.130 ; Acc: 51.063
2018-09-19 14:41:29,638:INFO: [TRAIN] Step: 925 ; Loss: 16.040 ; Acc: 51.071
2018-09-19 14:41:29,745:INFO: [TRAIN] Step: 926 ; Loss: 19.568 ; Acc: 51.083
2018-09-19 14:41:29,848:INFO: [TRAIN] Step: 927 ; Loss: 22.003 ; Acc: 51.087
2018-09-19 14:41:29,951:INFO: [TRAIN] Step: 928 ; Loss: 21.439 ; Acc: 51.090
2018-09-19 14:41:30,054:INFO: [TRAIN] Step: 929 ; Loss: 17.905 ; Acc: 51.093
2018-09-19 14:41:30,158:INFO: [TRAIN] Step: 930 ; Loss: 20.185 ; Acc: 51.110
2018-09-19 14:41:30,262:INFO: [TRAIN] Step: 931 ; Loss: 20.368 ; Acc: 51.118
2018-09-19 14:41:30,370:INFO: [TRAIN] Step: 932 ; Loss: 20.262 ; Acc: 51.130
2018-09-19 14:41:30,475:INFO: [TRAIN] Step: 933 ; Loss: 20.845 ; Acc: 51.142
2018-09-19 14:41:30,576:INFO: [TRAIN] Step: 934 ; Loss: 20.653 ; Acc: 51.141
2018-09-19 14:41:30,676:INFO: [TRAIN] Step: 935 ; Loss: 18.466 ; Acc: 51.157
2018-09-19 14:41:30,783:INFO: [TRAIN] Step: 936 ; Loss: 19.816 ; Acc: 51.170
2018-09-19 14:41:30,887:INFO: [TRAIN] Step: 937 ; Loss: 17.878 ; Acc: 51.177
2018-09-19 14:41:30,991:INFO: [TRAIN] Step: 938 ; Loss: 18.851 ; Acc: 51.185
2018-09-19 14:41:31,097:INFO: [TRAIN] Step: 939 ; Loss: 22.907 ; Acc: 51.192
2018-09-19 14:41:31,202:INFO: [TRAIN] Step: 940 ; Loss: 15.330 ; Acc: 51.218
2018-09-19 14:41:31,307:INFO: [TRAIN] Step: 941 ; Loss: 17.289 ; Acc: 51.243
2018-09-19 14:41:31,412:INFO: [TRAIN] Step: 942 ; Loss: 16.874 ; Acc: 51.255
2018-09-19 14:41:31,514:INFO: [TRAIN] Step: 943 ; Loss: 21.331 ; Acc: 51.254
2018-09-19 14:41:31,621:INFO: [TRAIN] Step: 944 ; Loss: 21.061 ; Acc: 51.257
2018-09-19 14:41:31,725:INFO: [TRAIN] Step: 945 ; Loss: 13.823 ; Acc: 51.273
2018-09-19 14:41:31,831:INFO: [TRAIN] Step: 946 ; Loss: 15.363 ; Acc: 51.298
2018-09-19 14:41:31,937:INFO: [TRAIN] Step: 947 ; Loss: 22.943 ; Acc: 51.297
2018-09-19 14:41:32,039:INFO: [TRAIN] Step: 948 ; Loss: 12.313 ; Acc: 51.330
2018-09-19 14:41:32,141:INFO: [TRAIN] Step: 949 ; Loss: 23.699 ; Acc: 51.316
2018-09-19 14:41:32,245:INFO: [TRAIN] Step: 950 ; Loss: 16.114 ; Acc: 51.349
2018-09-19 14:41:32,350:INFO: [TRAIN] Step: 951 ; Loss: 25.319 ; Acc: 51.357
2018-09-19 14:41:32,455:INFO: [TRAIN] Step: 952 ; Loss: 21.041 ; Acc: 51.360
2018-09-19 14:41:32,557:INFO: [TRAIN] Step: 953 ; Loss: 20.949 ; Acc: 51.367
2018-09-19 14:41:32,660:INFO: [TRAIN] Step: 954 ; Loss: 22.498 ; Acc: 51.366
2018-09-19 14:41:32,765:INFO: [TRAIN] Step: 955 ; Loss: 16.512 ; Acc: 51.386
2018-09-19 14:41:32,871:INFO: [TRAIN] Step: 956 ; Loss: 22.338 ; Acc: 51.393
2018-09-19 14:41:32,973:INFO: [TRAIN] Step: 957 ; Loss: 20.667 ; Acc: 51.405
2018-09-19 14:41:33,076:INFO: [TRAIN] Step: 958 ; Loss: 19.194 ; Acc: 51.408
2018-09-19 14:41:33,179:INFO: [TRAIN] Step: 959 ; Loss: 16.447 ; Acc: 51.411
2018-09-19 14:41:33,282:INFO: [TRAIN] Step: 960 ; Loss: 18.289 ; Acc: 51.422
2018-09-19 14:41:33,383:INFO: [TRAIN] Step: 961 ; Loss: 13.927 ; Acc: 51.442
2018-09-19 14:41:33,487:INFO: [TRAIN] Step: 962 ; Loss: 19.487 ; Acc: 51.458
2018-09-19 14:41:33,593:INFO: [TRAIN] Step: 963 ; Loss: 18.876 ; Acc: 51.474
2018-09-19 14:41:33,697:INFO: [TRAIN] Step: 964 ; Loss: 18.823 ; Acc: 51.481
2018-09-19 14:41:33,801:INFO: [TRAIN] Step: 965 ; Loss: 17.925 ; Acc: 51.488
2018-09-19 14:41:33,904:INFO: [TRAIN] Step: 966 ; Loss: 19.856 ; Acc: 51.491
2018-09-19 14:41:34,011:INFO: [TRAIN] Step: 967 ; Loss: 17.191 ; Acc: 51.494
2018-09-19 14:41:34,115:INFO: [TRAIN] Step: 968 ; Loss: 26.059 ; Acc: 51.492
2018-09-19 14:41:34,218:INFO: [TRAIN] Step: 969 ; Loss: 23.807 ; Acc: 51.482
2018-09-19 14:41:34,322:INFO: [TRAIN] Step: 970 ; Loss: 14.733 ; Acc: 51.506
2018-09-19 14:41:34,428:INFO: [TRAIN] Step: 971 ; Loss: 18.115 ; Acc: 51.517
2018-09-19 14:41:34,531:INFO: [TRAIN] Step: 972 ; Loss: 14.543 ; Acc: 51.542
2018-09-19 14:41:34,637:INFO: [TRAIN] Step: 973 ; Loss: 17.268 ; Acc: 51.540
2018-09-19 14:41:34,746:INFO: [TRAIN] Step: 974 ; Loss: 18.502 ; Acc: 51.551
2018-09-19 14:41:34,852:INFO: [TRAIN] Step: 975 ; Loss: 22.204 ; Acc: 51.554
2018-09-19 14:41:34,959:INFO: [TRAIN] Step: 976 ; Loss: 21.211 ; Acc: 51.565
2018-09-19 14:41:35,064:INFO: [TRAIN] Step: 977 ; Loss: 17.770 ; Acc: 51.568
2018-09-19 14:41:35,167:INFO: [TRAIN] Step: 978 ; Loss: 17.033 ; Acc: 51.588
2018-09-19 14:41:35,272:INFO: [TRAIN] Step: 979 ; Loss: 20.575 ; Acc: 51.577
2018-09-19 14:41:35,380:INFO: [TRAIN] Step: 980 ; Loss: 16.704 ; Acc: 51.589
2018-09-19 14:41:35,484:INFO: [TRAIN] Step: 981 ; Loss: 17.080 ; Acc: 51.608
2018-09-19 14:41:35,592:INFO: [TRAIN] Step: 982 ; Loss: 19.169 ; Acc: 51.606
2018-09-19 14:41:35,700:INFO: [TRAIN] Step: 983 ; Loss: 23.127 ; Acc: 51.601
2018-09-19 14:41:35,807:INFO: [TRAIN] Step: 984 ; Loss: 20.841 ; Acc: 51.612
2018-09-19 14:41:35,912:INFO: [TRAIN] Step: 985 ; Loss: 23.209 ; Acc: 51.602
2018-09-19 14:41:36,015:INFO: [TRAIN] Step: 986 ; Loss: 16.395 ; Acc: 51.617
2018-09-19 14:41:36,119:INFO: [TRAIN] Step: 987 ; Loss: 11.838 ; Acc: 51.645
2018-09-19 14:41:36,225:INFO: [TRAIN] Step: 988 ; Loss: 19.795 ; Acc: 51.647
2018-09-19 14:41:36,327:INFO: [TRAIN] Step: 989 ; Loss: 14.918 ; Acc: 51.662
2018-09-19 14:41:36,430:INFO: [TRAIN] Step: 990 ; Loss: 22.685 ; Acc: 51.673
2018-09-19 14:41:36,533:INFO: [TRAIN] Step: 991 ; Loss: 16.291 ; Acc: 51.689
2018-09-19 14:41:36,638:INFO: [TRAIN] Step: 992 ; Loss: 20.872 ; Acc: 51.695
2018-09-19 14:41:36,740:INFO: [TRAIN] Step: 993 ; Loss: 16.783 ; Acc: 51.698
2018-09-19 14:41:36,845:INFO: [TRAIN] Step: 994 ; Loss: 18.258 ; Acc: 51.704
2018-09-19 14:41:36,948:INFO: [TRAIN] Step: 995 ; Loss: 18.751 ; Acc: 51.728
2018-09-19 14:41:37,055:INFO: [TRAIN] Step: 996 ; Loss: 20.116 ; Acc: 51.734
2018-09-19 14:41:37,158:INFO: [TRAIN] Step: 997 ; Loss: 20.529 ; Acc: 51.737
2018-09-19 14:41:37,261:INFO: [TRAIN] Step: 998 ; Loss: 23.682 ; Acc: 51.739
2018-09-19 14:41:37,366:INFO: [TRAIN] Step: 999 ; Loss: 17.656 ; Acc: 51.758
2018-09-19 14:41:37,476:INFO: [TRAIN] Step: 1000 ; Loss: 20.386 ; Acc: 51.761
2018-09-19 14:41:37,581:INFO: [TRAIN] Step: 1001 ; Loss: 26.160 ; Acc: 51.771
2018-09-19 14:41:37,690:INFO: [TRAIN] Step: 1002 ; Loss: 19.276 ; Acc: 51.790
2018-09-19 14:41:37,794:INFO: [TRAIN] Step: 1003 ; Loss: 15.193 ; Acc: 51.818
2018-09-19 14:41:37,901:INFO: [TRAIN] Step: 1004 ; Loss: 29.983 ; Acc: 51.812
2018-09-19 14:41:38,005:INFO: [TRAIN] Step: 1005 ; Loss: 18.108 ; Acc: 51.818
2018-09-19 14:41:38,109:INFO: [TRAIN] Step: 1006 ; Loss: 15.574 ; Acc: 51.837
2018-09-19 14:41:38,214:INFO: [TRAIN] Step: 1007 ; Loss: 15.985 ; Acc: 51.860
2018-09-19 14:41:38,320:INFO: [TRAIN] Step: 1008 ; Loss: 21.189 ; Acc: 51.858
2018-09-19 14:41:38,429:INFO: [TRAIN] Step: 1009 ; Loss: 17.201 ; Acc: 51.873
2018-09-19 14:41:38,535:INFO: [TRAIN] Step: 1010 ; Loss: 16.209 ; Acc: 51.892
2018-09-19 14:41:38,642:INFO: [TRAIN] Step: 1011 ; Loss: 16.154 ; Acc: 51.923
2018-09-19 14:41:38,751:INFO: [TRAIN] Step: 1012 ; Loss: 17.306 ; Acc: 51.933
2018-09-19 14:41:38,853:INFO: [TRAIN] Step: 1013 ; Loss: 14.858 ; Acc: 51.956
2018-09-19 14:41:38,957:INFO: [TRAIN] Step: 1014 ; Loss: 13.789 ; Acc: 51.987
2018-09-19 14:41:39,059:INFO: [TRAIN] Step: 1015 ; Loss: 19.821 ; Acc: 51.997
2018-09-19 14:41:39,164:INFO: [TRAIN] Step: 1016 ; Loss: 14.400 ; Acc: 52.020
2018-09-19 14:41:39,266:INFO: [TRAIN] Step: 1017 ; Loss: 14.932 ; Acc: 52.026
2018-09-19 14:41:39,369:INFO: [TRAIN] Step: 1018 ; Loss: 18.957 ; Acc: 52.036
2018-09-19 14:41:39,475:INFO: [TRAIN] Step: 1019 ; Loss: 19.623 ; Acc: 52.051
2018-09-19 14:41:39,582:INFO: [TRAIN] Step: 1020 ; Loss: 22.119 ; Acc: 52.053
2018-09-19 14:41:39,689:INFO: [TRAIN] Step: 1021 ; Loss: 22.711 ; Acc: 52.059
2018-09-19 14:41:39,793:INFO: [TRAIN] Step: 1022 ; Loss: 19.837 ; Acc: 52.069
2018-09-19 14:41:39,901:INFO: [TRAIN] Step: 1023 ; Loss: 19.345 ; Acc: 52.079
2018-09-19 14:41:40,003:INFO: [TRAIN] Step: 1024 ; Loss: 16.905 ; Acc: 52.106
2018-09-19 14:41:40,108:INFO: [TRAIN] Step: 1025 ; Loss: 20.669 ; Acc: 52.100
2018-09-19 14:41:40,219:INFO: [TRAIN] Step: 1026 ; Loss: 17.967 ; Acc: 52.114
2018-09-19 14:41:40,323:INFO: [TRAIN] Step: 1027 ; Loss: 20.065 ; Acc: 52.112
2018-09-19 14:41:40,430:INFO: [TRAIN] Step: 1028 ; Loss: 22.100 ; Acc: 52.118
2018-09-19 14:41:40,535:INFO: [TRAIN] Step: 1029 ; Loss: 19.060 ; Acc: 52.132
2018-09-19 14:41:40,637:INFO: [TRAIN] Step: 1030 ; Loss: 20.943 ; Acc: 52.130
2018-09-19 14:41:40,743:INFO: [TRAIN] Step: 1031 ; Loss: 21.064 ; Acc: 52.128
2018-09-19 14:41:40,845:INFO: [TRAIN] Step: 1032 ; Loss: 17.882 ; Acc: 52.150
2018-09-19 14:41:40,952:INFO: [TRAIN] Step: 1033 ; Loss: 15.350 ; Acc: 52.156
2018-09-19 14:41:41,058:INFO: [TRAIN] Step: 1034 ; Loss: 15.813 ; Acc: 52.170
2018-09-19 14:41:41,166:INFO: [TRAIN] Step: 1035 ; Loss: 19.588 ; Acc: 52.172
2018-09-19 14:41:41,270:INFO: [TRAIN] Step: 1036 ; Loss: 17.256 ; Acc: 52.186
2018-09-19 14:41:41,378:INFO: [TRAIN] Step: 1037 ; Loss: 19.036 ; Acc: 52.192
2018-09-19 14:41:41,484:INFO: [TRAIN] Step: 1038 ; Loss: 19.116 ; Acc: 52.178
2018-09-19 14:41:41,587:INFO: [TRAIN] Step: 1039 ; Loss: 17.213 ; Acc: 52.192
2018-09-19 14:41:41,695:INFO: [TRAIN] Step: 1040 ; Loss: 22.220 ; Acc: 52.193
2018-09-19 14:41:41,801:INFO: [TRAIN] Step: 1041 ; Loss: 17.046 ; Acc: 52.203
2018-09-19 14:41:41,910:INFO: [TRAIN] Step: 1042 ; Loss: 16.463 ; Acc: 52.221
2018-09-19 14:41:42,016:INFO: [TRAIN] Step: 1043 ; Loss: 17.883 ; Acc: 52.235
2018-09-19 14:41:42,120:INFO: [TRAIN] Step: 1044 ; Loss: 16.729 ; Acc: 52.249
2018-09-19 14:41:42,227:INFO: [TRAIN] Step: 1045 ; Loss: 21.858 ; Acc: 52.263
2018-09-19 14:41:42,332:INFO: [TRAIN] Step: 1046 ; Loss: 18.846 ; Acc: 52.252
2018-09-19 14:41:42,438:INFO: [TRAIN] Step: 1047 ; Loss: 16.068 ; Acc: 52.258
2018-09-19 14:41:42,545:INFO: [TRAIN] Step: 1048 ; Loss: 23.901 ; Acc: 52.252
2018-09-19 14:41:42,650:INFO: [TRAIN] Step: 1049 ; Loss: 19.541 ; Acc: 52.254
2018-09-19 14:41:42,754:INFO: [TRAIN] Step: 1050 ; Loss: 22.543 ; Acc: 52.256
2018-09-19 14:41:42,857:INFO: [TRAIN] Step: 1051 ; Loss: 19.793 ; Acc: 52.258
2018-09-19 14:41:42,963:INFO: [TRAIN] Step: 1052 ; Loss: 15.288 ; Acc: 52.271
2018-09-19 14:41:43,065:INFO: [TRAIN] Step: 1053 ; Loss: 19.918 ; Acc: 52.265
2018-09-19 14:41:43,169:INFO: [TRAIN] Step: 1054 ; Loss: 16.912 ; Acc: 52.271
2018-09-19 14:41:43,276:INFO: [TRAIN] Step: 1055 ; Loss: 13.847 ; Acc: 52.296
2018-09-19 14:41:43,380:INFO: [TRAIN] Step: 1056 ; Loss: 18.137 ; Acc: 52.302
2018-09-19 14:41:43,482:INFO: [TRAIN] Step: 1057 ; Loss: 18.426 ; Acc: 52.312
2018-09-19 14:41:43,591:INFO: [TRAIN] Step: 1058 ; Loss: 20.681 ; Acc: 52.317
2018-09-19 14:41:43,698:INFO: [TRAIN] Step: 1059 ; Loss: 15.581 ; Acc: 52.323
2018-09-19 14:41:43,808:INFO: [TRAIN] Step: 1060 ; Loss: 22.118 ; Acc: 52.325
2018-09-19 14:41:43,914:INFO: [TRAIN] Step: 1061 ; Loss: 21.448 ; Acc: 52.315
2018-09-19 14:41:44,022:INFO: [TRAIN] Step: 1062 ; Loss: 14.385 ; Acc: 52.317
2018-09-19 14:41:44,127:INFO: [TRAIN] Step: 1063 ; Loss: 13.588 ; Acc: 52.338
2018-09-19 14:41:44,230:INFO: [TRAIN] Step: 1064 ; Loss: 16.281 ; Acc: 52.351
2018-09-19 14:41:44,335:INFO: [TRAIN] Step: 1065 ; Loss: 12.519 ; Acc: 52.369
2018-09-19 14:41:44,438:INFO: [TRAIN] Step: 1066 ; Loss: 21.135 ; Acc: 52.370
2018-09-19 14:41:44,545:INFO: [TRAIN] Step: 1067 ; Loss: 17.014 ; Acc: 52.376
2018-09-19 14:41:44,651:INFO: [TRAIN] Step: 1068 ; Loss: 20.008 ; Acc: 52.382
2018-09-19 14:41:44,756:INFO: [TRAIN] Step: 1069 ; Loss: 14.744 ; Acc: 52.410
2018-09-19 14:41:44,858:INFO: [TRAIN] Step: 1070 ; Loss: 17.973 ; Acc: 52.435
2018-09-19 14:41:44,964:INFO: [TRAIN] Step: 1071 ; Loss: 20.515 ; Acc: 52.441
2018-09-19 14:41:45,068:INFO: [TRAIN] Step: 1072 ; Loss: 24.860 ; Acc: 52.435
2018-09-19 14:41:45,172:INFO: [TRAIN] Step: 1073 ; Loss: 16.150 ; Acc: 52.444
2018-09-19 14:41:45,278:INFO: [TRAIN] Step: 1074 ; Loss: 19.402 ; Acc: 52.446
2018-09-19 14:41:45,382:INFO: [TRAIN] Step: 1075 ; Loss: 20.061 ; Acc: 52.459
2018-09-19 14:41:45,488:INFO: [TRAIN] Step: 1076 ; Loss: 13.962 ; Acc: 52.480
2018-09-19 14:41:45,591:INFO: [TRAIN] Step: 1077 ; Loss: 16.267 ; Acc: 52.501
2018-09-19 14:41:45,698:INFO: [TRAIN] Step: 1078 ; Loss: 20.807 ; Acc: 52.502
2018-09-19 14:41:45,811:INFO: [TRAIN] Step: 1079 ; Loss: 24.734 ; Acc: 52.504
2018-09-19 14:41:45,915:INFO: [TRAIN] Step: 1080 ; Loss: 18.551 ; Acc: 52.529
2018-09-19 14:41:46,022:INFO: [TRAIN] Step: 1081 ; Loss: 16.338 ; Acc: 52.526
2018-09-19 14:41:46,128:INFO: [TRAIN] Step: 1082 ; Loss: 20.875 ; Acc: 52.532
2018-09-19 14:41:46,237:INFO: [TRAIN] Step: 1083 ; Loss: 20.536 ; Acc: 52.537
2018-09-19 14:41:46,353:INFO: [TRAIN] Step: 1084 ; Loss: 17.368 ; Acc: 52.546
2018-09-19 14:41:46,461:INFO: [TRAIN] Step: 1085 ; Loss: 19.888 ; Acc: 52.555
2018-09-19 14:41:46,564:INFO: [TRAIN] Step: 1086 ; Loss: 25.604 ; Acc: 52.557
2018-09-19 14:41:46,670:INFO: [TRAIN] Step: 1087 ; Loss: 21.963 ; Acc: 52.566
2018-09-19 14:41:46,778:INFO: [TRAIN] Step: 1088 ; Loss: 23.137 ; Acc: 52.560
2018-09-19 14:41:46,881:INFO: [TRAIN] Step: 1089 ; Loss: 21.557 ; Acc: 52.554
2018-09-19 14:41:46,986:INFO: [TRAIN] Step: 1090 ; Loss: 20.085 ; Acc: 52.559
2018-09-19 14:41:47,090:INFO: [TRAIN] Step: 1091 ; Loss: 22.243 ; Acc: 52.549
2018-09-19 14:41:47,205:INFO: [TRAIN] Step: 1092 ; Loss: 17.867 ; Acc: 52.566
2018-09-19 14:41:47,315:INFO: [TRAIN] Step: 1093 ; Loss: 18.761 ; Acc: 52.575
2018-09-19 14:41:47,424:INFO: [TRAIN] Step: 1094 ; Loss: 14.728 ; Acc: 52.595
2018-09-19 14:41:47,531:INFO: [TRAIN] Step: 1095 ; Loss: 17.174 ; Acc: 52.616
2018-09-19 14:41:47,645:INFO: [TRAIN] Step: 1096 ; Loss: 15.986 ; Acc: 52.621
2018-09-19 14:41:47,753:INFO: [TRAIN] Step: 1097 ; Loss: 20.150 ; Acc: 52.634
2018-09-19 14:41:47,867:INFO: [TRAIN] Step: 1098 ; Loss: 20.551 ; Acc: 52.646
2018-09-19 14:41:47,979:INFO: [TRAIN] Step: 1099 ; Loss: 12.220 ; Acc: 52.674
2018-09-19 14:41:48,082:INFO: [TRAIN] Step: 1100 ; Loss: 19.793 ; Acc: 52.679
2018-09-19 14:41:48,184:INFO: [TRAIN] Step: 1101 ; Loss: 17.497 ; Acc: 52.688
2018-09-19 14:41:48,304:INFO: [TRAIN] Step: 1102 ; Loss: 19.900 ; Acc: 52.693
2018-09-19 14:41:48,416:INFO: [TRAIN] Step: 1103 ; Loss: 18.487 ; Acc: 52.695
2018-09-19 14:41:48,523:INFO: [TRAIN] Step: 1104 ; Loss: 17.117 ; Acc: 52.715
2018-09-19 14:41:48,631:INFO: [TRAIN] Step: 1105 ; Loss: 19.733 ; Acc: 52.712
2018-09-19 14:41:48,734:INFO: [TRAIN] Step: 1106 ; Loss: 20.506 ; Acc: 52.706
2018-09-19 14:41:48,837:INFO: [TRAIN] Step: 1107 ; Loss: 16.751 ; Acc: 52.726
2018-09-19 14:41:48,943:INFO: [TRAIN] Step: 1108 ; Loss: 21.773 ; Acc: 52.739
2018-09-19 14:41:49,055:INFO: [TRAIN] Step: 1109 ; Loss: 16.319 ; Acc: 52.744
2018-09-19 14:41:49,171:INFO: [TRAIN] Step: 1110 ; Loss: 17.080 ; Acc: 52.760
2018-09-19 14:41:49,286:INFO: [TRAIN] Step: 1111 ; Loss: 21.270 ; Acc: 52.773
2018-09-19 14:41:49,405:INFO: [TRAIN] Step: 1112 ; Loss: 20.716 ; Acc: 52.774
2018-09-19 14:41:49,508:INFO: [TRAIN] Step: 1113 ; Loss: 18.275 ; Acc: 52.794
2018-09-19 14:41:49,611:INFO: [TRAIN] Step: 1114 ; Loss: 16.512 ; Acc: 52.810
2018-09-19 14:41:49,713:INFO: [TRAIN] Step: 1115 ; Loss: 19.467 ; Acc: 52.826
2018-09-19 14:41:49,820:INFO: [TRAIN] Step: 1116 ; Loss: 21.421 ; Acc: 52.831
2018-09-19 14:41:49,927:INFO: [TRAIN] Step: 1117 ; Loss: 17.349 ; Acc: 52.836
2018-09-19 14:41:50,029:INFO: [TRAIN] Step: 1118 ; Loss: 14.732 ; Acc: 52.845
2018-09-19 14:41:50,133:INFO: [TRAIN] Step: 1119 ; Loss: 20.944 ; Acc: 52.846
2018-09-19 14:41:50,241:INFO: [TRAIN] Step: 1120 ; Loss: 10.497 ; Acc: 52.877
2018-09-19 14:41:50,344:INFO: [TRAIN] Step: 1121 ; Loss: 15.438 ; Acc: 52.885
2018-09-19 14:41:50,447:INFO: [TRAIN] Step: 1122 ; Loss: 24.870 ; Acc: 52.890
2018-09-19 14:41:50,551:INFO: [TRAIN] Step: 1123 ; Loss: 22.515 ; Acc: 52.884
2018-09-19 14:41:50,660:INFO: [TRAIN] Step: 1124 ; Loss: 18.504 ; Acc: 52.881
2018-09-19 14:41:50,768:INFO: [TRAIN] Step: 1125 ; Loss: 21.935 ; Acc: 52.883
2018-09-19 14:41:50,878:INFO: [TRAIN] Step: 1126 ; Loss: 19.517 ; Acc: 52.884
2018-09-19 14:41:50,981:INFO: [TRAIN] Step: 1127 ; Loss: 22.731 ; Acc: 52.885
2018-09-19 14:41:51,087:INFO: [TRAIN] Step: 1128 ; Loss: 22.811 ; Acc: 52.886
2018-09-19 14:41:51,194:INFO: [TRAIN] Step: 1129 ; Loss: 21.704 ; Acc: 52.891
2018-09-19 14:41:51,299:INFO: [TRAIN] Step: 1130 ; Loss: 22.430 ; Acc: 52.885
2018-09-19 14:41:51,405:INFO: [TRAIN] Step: 1131 ; Loss: 23.413 ; Acc: 52.886
2018-09-19 14:41:51,514:INFO: [TRAIN] Step: 1132 ; Loss: 15.840 ; Acc: 52.905
2018-09-19 14:41:51,620:INFO: [TRAIN] Step: 1133 ; Loss: 16.745 ; Acc: 52.917
2018-09-19 14:41:51,724:INFO: [TRAIN] Step: 1134 ; Loss: 19.223 ; Acc: 52.915
2018-09-19 14:41:51,830:INFO: [TRAIN] Step: 1135 ; Loss: 20.293 ; Acc: 52.916
2018-09-19 14:41:51,937:INFO: [TRAIN] Step: 1136 ; Loss: 16.579 ; Acc: 52.928
2018-09-19 14:41:52,041:INFO: [TRAIN] Step: 1137 ; Loss: 17.997 ; Acc: 52.940
2018-09-19 14:41:52,147:INFO: [TRAIN] Step: 1138 ; Loss: 18.258 ; Acc: 52.952
2018-09-19 14:41:52,250:INFO: [TRAIN] Step: 1139 ; Loss: 19.002 ; Acc: 52.953
2018-09-19 14:41:52,356:INFO: [TRAIN] Step: 1140 ; Loss: 18.316 ; Acc: 52.969
2018-09-19 14:41:52,461:INFO: [TRAIN] Step: 1141 ; Loss: 21.139 ; Acc: 52.970
2018-09-19 14:41:52,570:INFO: [TRAIN] Step: 1142 ; Loss: 17.610 ; Acc: 52.975
2018-09-19 14:41:52,679:INFO: [TRAIN] Step: 1143 ; Loss: 24.614 ; Acc: 52.979
2018-09-19 14:41:52,784:INFO: [TRAIN] Step: 1144 ; Loss: 18.844 ; Acc: 52.984
2018-09-19 14:41:52,888:INFO: [TRAIN] Step: 1145 ; Loss: 17.166 ; Acc: 53.000
2018-09-19 14:41:52,996:INFO: [TRAIN] Step: 1146 ; Loss: 14.276 ; Acc: 53.019
2018-09-19 14:41:53,101:INFO: [TRAIN] Step: 1147 ; Loss: 20.951 ; Acc: 53.020
2018-09-19 14:41:53,204:INFO: [TRAIN] Step: 1148 ; Loss: 17.522 ; Acc: 53.021
2018-09-19 14:41:53,310:INFO: [TRAIN] Step: 1149 ; Loss: 18.341 ; Acc: 53.036
2018-09-19 14:41:53,414:INFO: [TRAIN] Step: 1150 ; Loss: 17.543 ; Acc: 53.052
2018-09-19 14:41:53,521:INFO: [TRAIN] Step: 1151 ; Loss: 19.262 ; Acc: 53.060
2018-09-19 14:41:53,627:INFO: [TRAIN] Step: 1152 ; Loss: 16.824 ; Acc: 53.068
2018-09-19 14:41:53,731:INFO: [TRAIN] Step: 1153 ; Loss: 16.331 ; Acc: 53.080
2018-09-19 14:41:53,838:INFO: [TRAIN] Step: 1154 ; Loss: 15.779 ; Acc: 53.088
2018-09-19 14:41:53,944:INFO: [TRAIN] Step: 1155 ; Loss: 20.526 ; Acc: 53.093
2018-09-19 14:41:54,050:INFO: [TRAIN] Step: 1156 ; Loss: 21.632 ; Acc: 53.090
2018-09-19 14:41:54,151:INFO: [TRAIN] Step: 1157 ; Loss: 13.930 ; Acc: 53.105
2018-09-19 14:41:54,257:INFO: [TRAIN] Step: 1158 ; Loss: 17.431 ; Acc: 53.110
2018-09-19 14:41:54,363:INFO: [TRAIN] Step: 1159 ; Loss: 16.459 ; Acc: 53.111
2018-09-19 14:41:54,470:INFO: [TRAIN] Step: 1160 ; Loss: 17.640 ; Acc: 53.133
2018-09-19 14:41:54,578:INFO: [TRAIN] Step: 1161 ; Loss: 20.264 ; Acc: 53.130
2018-09-19 14:41:54,685:INFO: [TRAIN] Step: 1162 ; Loss: 17.472 ; Acc: 53.135
2018-09-19 14:41:54,790:INFO: [TRAIN] Step: 1163 ; Loss: 17.528 ; Acc: 53.143
2018-09-19 14:41:54,896:INFO: [TRAIN] Step: 1164 ; Loss: 22.682 ; Acc: 53.144
2018-09-19 14:41:55,000:INFO: [TRAIN] Step: 1165 ; Loss: 16.778 ; Acc: 53.159
2018-09-19 14:41:55,105:INFO: [TRAIN] Step: 1166 ; Loss: 19.000 ; Acc: 53.163
2018-09-19 14:41:55,209:INFO: [TRAIN] Step: 1167 ; Loss: 19.119 ; Acc: 53.168
2018-09-19 14:41:55,315:INFO: [TRAIN] Step: 1168 ; Loss: 18.799 ; Acc: 53.165
2018-09-19 14:41:55,419:INFO: [TRAIN] Step: 1169 ; Loss: 22.877 ; Acc: 53.170
2018-09-19 14:41:55,525:INFO: [TRAIN] Step: 1170 ; Loss: 18.694 ; Acc: 53.160
2018-09-19 14:41:55,627:INFO: [TRAIN] Step: 1171 ; Loss: 19.436 ; Acc: 53.161
2018-09-19 14:41:55,730:INFO: [TRAIN] Step: 1172 ; Loss: 13.499 ; Acc: 53.169
2018-09-19 14:41:55,832:INFO: [TRAIN] Step: 1173 ; Loss: 21.072 ; Acc: 53.180
2018-09-19 14:41:55,938:INFO: [TRAIN] Step: 1174 ; Loss: 16.726 ; Acc: 53.199
2018-09-19 14:41:56,043:INFO: [TRAIN] Step: 1175 ; Loss: 15.099 ; Acc: 53.224
2018-09-19 14:41:56,147:INFO: [TRAIN] Step: 1176 ; Loss: 21.893 ; Acc: 53.232
2018-09-19 14:41:56,253:INFO: [TRAIN] Step: 1177 ; Loss: 18.800 ; Acc: 53.240
2018-09-19 14:41:56,361:INFO: [TRAIN] Step: 1178 ; Loss: 23.063 ; Acc: 53.241
2018-09-19 14:41:56,463:INFO: [TRAIN] Step: 1179 ; Loss: 18.017 ; Acc: 53.234
2018-09-19 14:41:56,565:INFO: [TRAIN] Step: 1180 ; Loss: 16.438 ; Acc: 53.246
2018-09-19 14:41:56,667:INFO: [TRAIN] Step: 1181 ; Loss: 22.069 ; Acc: 53.250
2018-09-19 14:41:56,773:INFO: [TRAIN] Step: 1182 ; Loss: 14.763 ; Acc: 53.261
2018-09-19 14:41:56,875:INFO: [TRAIN] Step: 1183 ; Loss: 16.649 ; Acc: 53.273
2018-09-19 14:41:56,977:INFO: [TRAIN] Step: 1184 ; Loss: 16.339 ; Acc: 53.288
2018-09-19 14:41:57,078:INFO: [TRAIN] Step: 1185 ; Loss: 19.676 ; Acc: 53.288
2018-09-19 14:41:57,181:INFO: [TRAIN] Step: 1186 ; Loss: 17.354 ; Acc: 53.303
2018-09-19 14:41:57,286:INFO: [TRAIN] Step: 1187 ; Loss: 17.204 ; Acc: 53.307
2018-09-19 14:41:57,390:INFO: [TRAIN] Step: 1188 ; Loss: 18.146 ; Acc: 53.312
2018-09-19 14:41:57,493:INFO: [TRAIN] Step: 1189 ; Loss: 17.569 ; Acc: 53.323
2018-09-19 14:42:02,636:INFO: [EVAL] Step: 1190 ; Loss: 0.197 ; Acc: 0.607
