2018-09-19 14:12:04,537:INFO: ### Model ###
LeNet5(
  (convnet): Sequential(
    (0): Conv2d(1, 6, kernel_size=(5, 5), stride=(1, 1))
    (1): ReLU()
    (2): MaxPool2d(kernel_size=(2, 2), stride=2, padding=0, dilation=1, ceil_mode=False)
    (3): Conv2d(6, 16, kernel_size=(5, 5), stride=(1, 1))
    (4): ReLU()
    (5): MaxPool2d(kernel_size=(2, 2), stride=2, padding=0, dilation=1, ceil_mode=False)
    (6): Conv2d(16, 120, kernel_size=(5, 5), stride=(1, 1))
    (7): ReLU()
    (8): Conv2d(120, 240, kernel_size=(5, 5), stride=(1, 1))
    (9): ReLU()
  )
  (fc): Sequential(
    (0): Linear(in_features=240, out_features=84, bias=True)
    (1): ReLU()
    (2): Linear(in_features=84, out_features=10, bias=True)
  )
)
2018-09-19 14:12:04,538:INFO: ### Optimizer ###
Adam (
Parameter Group 0
    amsgrad: False
    betas: (0.9, 0.999)
    eps: 1e-08
    lr: 5e-05
    weight_decay: 0
)
2018-09-19 14:12:04,538:INFO: ### HParams ###
n_epochs: 1 ; data: ferplus ; label: ferplus_votes ; batch_size: 24 ; lr: 5e-05 ; wd: 0 ; eval_steps: 1190
2018-09-19 14:12:04,702:INFO: [TRAIN] Step: 0 ; Loss: 42.055 ; Acc: 0.000
2018-09-19 14:12:04,780:INFO: [TRAIN] Step: 1 ; Loss: 41.871 ; Acc: 0.000
2018-09-19 14:12:04,858:INFO: [TRAIN] Step: 2 ; Loss: 36.520 ; Acc: 0.000
2018-09-19 14:12:04,974:INFO: [TRAIN] Step: 3 ; Loss: 36.928 ; Acc: 0.000
2018-09-19 14:12:05,054:INFO: [TRAIN] Step: 4 ; Loss: 39.062 ; Acc: 0.000
2018-09-19 14:12:05,127:INFO: [TRAIN] Step: 5 ; Loss: 42.080 ; Acc: 0.000
2018-09-19 14:12:05,237:INFO: [TRAIN] Step: 6 ; Loss: 41.621 ; Acc: 0.000
2018-09-19 14:12:05,333:INFO: [TRAIN] Step: 7 ; Loss: 42.401 ; Acc: 0.000
2018-09-19 14:12:05,424:INFO: [TRAIN] Step: 8 ; Loss: 44.888 ; Acc: 0.000
2018-09-19 14:12:05,506:INFO: [TRAIN] Step: 9 ; Loss: 39.261 ; Acc: 0.000
2018-09-19 14:12:05,584:INFO: [TRAIN] Step: 10 ; Loss: 39.459 ; Acc: 0.000
2018-09-19 14:12:05,668:INFO: [TRAIN] Step: 11 ; Loss: 43.712 ; Acc: 0.000
2018-09-19 14:12:05,741:INFO: [TRAIN] Step: 12 ; Loss: 40.372 ; Acc: 0.000
2018-09-19 14:12:05,829:INFO: [TRAIN] Step: 13 ; Loss: 42.015 ; Acc: 0.298
2018-09-19 14:12:05,906:INFO: [TRAIN] Step: 14 ; Loss: 39.896 ; Acc: 0.556
2018-09-19 14:12:05,985:INFO: [TRAIN] Step: 15 ; Loss: 37.496 ; Acc: 1.562
2018-09-19 14:12:06,059:INFO: [TRAIN] Step: 16 ; Loss: 41.743 ; Acc: 3.186
2018-09-19 14:12:06,138:INFO: [TRAIN] Step: 17 ; Loss: 36.625 ; Acc: 4.167
2018-09-19 14:12:06,211:INFO: [TRAIN] Step: 18 ; Loss: 38.353 ; Acc: 5.044
2018-09-19 14:12:06,291:INFO: [TRAIN] Step: 19 ; Loss: 38.464 ; Acc: 5.000
2018-09-19 14:12:06,367:INFO: [TRAIN] Step: 20 ; Loss: 38.706 ; Acc: 5.754
2018-09-19 14:12:06,474:INFO: [TRAIN] Step: 21 ; Loss: 36.074 ; Acc: 6.439
2018-09-19 14:12:06,553:INFO: [TRAIN] Step: 22 ; Loss: 35.038 ; Acc: 7.790
2018-09-19 14:12:06,634:INFO: [TRAIN] Step: 23 ; Loss: 36.471 ; Acc: 8.160
2018-09-19 14:12:06,720:INFO: [TRAIN] Step: 24 ; Loss: 42.693 ; Acc: 9.500
2018-09-19 14:12:06,806:INFO: [TRAIN] Step: 25 ; Loss: 40.888 ; Acc: 10.577
2018-09-19 14:12:06,889:INFO: [TRAIN] Step: 26 ; Loss: 34.755 ; Acc: 10.957
2018-09-19 14:12:06,975:INFO: [TRAIN] Step: 27 ; Loss: 36.935 ; Acc: 11.012
2018-09-19 14:12:07,052:INFO: [TRAIN] Step: 28 ; Loss: 40.724 ; Acc: 11.925
2018-09-19 14:12:07,131:INFO: [TRAIN] Step: 29 ; Loss: 38.766 ; Acc: 12.639
2018-09-19 14:12:07,207:INFO: [TRAIN] Step: 30 ; Loss: 36.583 ; Acc: 13.575
2018-09-19 14:12:07,294:INFO: [TRAIN] Step: 31 ; Loss: 39.119 ; Acc: 13.802
2018-09-19 14:12:07,372:INFO: [TRAIN] Step: 32 ; Loss: 43.248 ; Acc: 14.520
2018-09-19 14:12:07,454:INFO: [TRAIN] Step: 33 ; Loss: 41.779 ; Acc: 15.074
2018-09-19 14:12:07,527:INFO: [TRAIN] Step: 34 ; Loss: 39.671 ; Acc: 15.595
2018-09-19 14:12:07,606:INFO: [TRAIN] Step: 35 ; Loss: 42.449 ; Acc: 16.319
2018-09-19 14:12:07,681:INFO: [TRAIN] Step: 36 ; Loss: 38.268 ; Acc: 16.441
2018-09-19 14:12:07,761:INFO: [TRAIN] Step: 37 ; Loss: 33.759 ; Acc: 16.447
2018-09-19 14:12:07,846:INFO: [TRAIN] Step: 38 ; Loss: 36.989 ; Acc: 16.667
2018-09-19 14:12:07,948:INFO: [TRAIN] Step: 39 ; Loss: 42.131 ; Acc: 17.292
2018-09-19 14:12:08,033:INFO: [TRAIN] Step: 40 ; Loss: 36.571 ; Acc: 17.683
2018-09-19 14:12:08,125:INFO: [TRAIN] Step: 41 ; Loss: 40.176 ; Acc: 17.857
2018-09-19 14:12:08,200:INFO: [TRAIN] Step: 42 ; Loss: 38.058 ; Acc: 18.605
2018-09-19 14:12:08,294:INFO: [TRAIN] Step: 43 ; Loss: 39.402 ; Acc: 19.223
2018-09-19 14:12:08,371:INFO: [TRAIN] Step: 44 ; Loss: 35.062 ; Acc: 19.074
2018-09-19 14:12:08,452:INFO: [TRAIN] Step: 45 ; Loss: 36.450 ; Acc: 19.384
2018-09-19 14:12:08,528:INFO: [TRAIN] Step: 46 ; Loss: 34.272 ; Acc: 19.592
2018-09-19 14:12:08,607:INFO: [TRAIN] Step: 47 ; Loss: 34.938 ; Acc: 19.271
2018-09-19 14:12:08,681:INFO: [TRAIN] Step: 48 ; Loss: 38.305 ; Acc: 19.558
2018-09-19 14:12:08,761:INFO: [TRAIN] Step: 49 ; Loss: 37.061 ; Acc: 19.667
2018-09-19 14:12:08,835:INFO: [TRAIN] Step: 50 ; Loss: 34.147 ; Acc: 19.853
2018-09-19 14:12:08,913:INFO: [TRAIN] Step: 51 ; Loss: 39.364 ; Acc: 20.112
2018-09-19 14:12:08,987:INFO: [TRAIN] Step: 52 ; Loss: 35.925 ; Acc: 20.204
2018-09-19 14:12:09,067:INFO: [TRAIN] Step: 53 ; Loss: 35.777 ; Acc: 20.525
2018-09-19 14:12:09,140:INFO: [TRAIN] Step: 54 ; Loss: 35.936 ; Acc: 20.530
2018-09-19 14:12:09,223:INFO: [TRAIN] Step: 55 ; Loss: 36.377 ; Acc: 20.759
2018-09-19 14:12:09,296:INFO: [TRAIN] Step: 56 ; Loss: 33.186 ; Acc: 20.833
2018-09-19 14:12:09,375:INFO: [TRAIN] Step: 57 ; Loss: 33.217 ; Acc: 20.977
2018-09-19 14:12:09,450:INFO: [TRAIN] Step: 58 ; Loss: 35.318 ; Acc: 20.975
2018-09-19 14:12:09,529:INFO: [TRAIN] Step: 59 ; Loss: 35.235 ; Acc: 20.833
2018-09-19 14:12:09,603:INFO: [TRAIN] Step: 60 ; Loss: 29.102 ; Acc: 21.038
2018-09-19 14:12:09,682:INFO: [TRAIN] Step: 61 ; Loss: 31.093 ; Acc: 21.035
2018-09-19 14:12:09,756:INFO: [TRAIN] Step: 62 ; Loss: 31.183 ; Acc: 21.032
2018-09-19 14:12:09,835:INFO: [TRAIN] Step: 63 ; Loss: 29.949 ; Acc: 20.898
2018-09-19 14:12:09,907:INFO: [TRAIN] Step: 64 ; Loss: 29.990 ; Acc: 20.833
2018-09-19 14:12:09,985:INFO: [TRAIN] Step: 65 ; Loss: 29.700 ; Acc: 20.960
2018-09-19 14:12:10,058:INFO: [TRAIN] Step: 66 ; Loss: 31.834 ; Acc: 21.020
2018-09-19 14:12:10,139:INFO: [TRAIN] Step: 67 ; Loss: 31.711 ; Acc: 21.017
2018-09-19 14:12:10,212:INFO: [TRAIN] Step: 68 ; Loss: 30.323 ; Acc: 21.135
2018-09-19 14:12:10,291:INFO: [TRAIN] Step: 69 ; Loss: 29.993 ; Acc: 21.190
2018-09-19 14:12:10,363:INFO: [TRAIN] Step: 70 ; Loss: 30.324 ; Acc: 21.479
2018-09-19 14:12:10,444:INFO: [TRAIN] Step: 71 ; Loss: 29.162 ; Acc: 21.875
2018-09-19 14:12:10,517:INFO: [TRAIN] Step: 72 ; Loss: 28.559 ; Acc: 21.975
2018-09-19 14:12:10,596:INFO: [TRAIN] Step: 73 ; Loss: 36.327 ; Acc: 22.128
2018-09-19 14:12:10,670:INFO: [TRAIN] Step: 74 ; Loss: 31.114 ; Acc: 22.000
2018-09-19 14:12:10,748:INFO: [TRAIN] Step: 75 ; Loss: 30.241 ; Acc: 22.259
2018-09-19 14:12:10,821:INFO: [TRAIN] Step: 76 ; Loss: 30.026 ; Acc: 22.565
2018-09-19 14:12:10,910:INFO: [TRAIN] Step: 77 ; Loss: 26.421 ; Acc: 22.756
2018-09-19 14:12:10,990:INFO: [TRAIN] Step: 78 ; Loss: 29.729 ; Acc: 22.996
2018-09-19 14:12:11,076:INFO: [TRAIN] Step: 79 ; Loss: 27.062 ; Acc: 23.281
2018-09-19 14:12:11,149:INFO: [TRAIN] Step: 80 ; Loss: 28.142 ; Acc: 23.560
2018-09-19 14:12:11,228:INFO: [TRAIN] Step: 81 ; Loss: 30.669 ; Acc: 23.679
2018-09-19 14:12:11,305:INFO: [TRAIN] Step: 82 ; Loss: 28.078 ; Acc: 24.096
2018-09-19 14:12:11,384:INFO: [TRAIN] Step: 83 ; Loss: 25.675 ; Acc: 24.256
2018-09-19 14:12:11,459:INFO: [TRAIN] Step: 84 ; Loss: 28.432 ; Acc: 24.314
2018-09-19 14:12:11,538:INFO: [TRAIN] Step: 85 ; Loss: 29.020 ; Acc: 24.419
2018-09-19 14:12:11,611:INFO: [TRAIN] Step: 86 ; Loss: 30.468 ; Acc: 24.473
2018-09-19 14:12:11,690:INFO: [TRAIN] Step: 87 ; Loss: 29.982 ; Acc: 24.527
2018-09-19 14:12:11,765:INFO: [TRAIN] Step: 88 ; Loss: 31.399 ; Acc: 24.579
2018-09-19 14:12:11,845:INFO: [TRAIN] Step: 89 ; Loss: 28.561 ; Acc: 24.815
2018-09-19 14:12:11,918:INFO: [TRAIN] Step: 90 ; Loss: 25.955 ; Acc: 25.000
2018-09-19 14:12:11,998:INFO: [TRAIN] Step: 91 ; Loss: 30.547 ; Acc: 24.909
2018-09-19 14:12:12,070:INFO: [TRAIN] Step: 92 ; Loss: 27.739 ; Acc: 24.910
2018-09-19 14:12:12,150:INFO: [TRAIN] Step: 93 ; Loss: 31.375 ; Acc: 25.044
2018-09-19 14:12:12,225:INFO: [TRAIN] Step: 94 ; Loss: 29.884 ; Acc: 25.000
2018-09-19 14:12:12,303:INFO: [TRAIN] Step: 95 ; Loss: 27.545 ; Acc: 24.957
2018-09-19 14:12:12,375:INFO: [TRAIN] Step: 96 ; Loss: 30.979 ; Acc: 24.914
2018-09-19 14:12:12,456:INFO: [TRAIN] Step: 97 ; Loss: 30.316 ; Acc: 25.085
2018-09-19 14:12:12,528:INFO: [TRAIN] Step: 98 ; Loss: 27.322 ; Acc: 25.337
2018-09-19 14:12:12,609:INFO: [TRAIN] Step: 99 ; Loss: 29.037 ; Acc: 25.333
2018-09-19 14:12:12,682:INFO: [TRAIN] Step: 100 ; Loss: 29.825 ; Acc: 25.289
2018-09-19 14:12:12,762:INFO: [TRAIN] Step: 101 ; Loss: 30.455 ; Acc: 25.449
2018-09-19 14:12:12,836:INFO: [TRAIN] Step: 102 ; Loss: 30.372 ; Acc: 25.405
2018-09-19 14:12:12,918:INFO: [TRAIN] Step: 103 ; Loss: 27.939 ; Acc: 25.521
2018-09-19 14:12:12,991:INFO: [TRAIN] Step: 104 ; Loss: 28.168 ; Acc: 25.714
2018-09-19 14:12:13,070:INFO: [TRAIN] Step: 105 ; Loss: 29.124 ; Acc: 25.865
2018-09-19 14:12:13,142:INFO: [TRAIN] Step: 106 ; Loss: 31.322 ; Acc: 26.051
2018-09-19 14:12:13,223:INFO: [TRAIN] Step: 107 ; Loss: 32.752 ; Acc: 26.003
2018-09-19 14:12:13,295:INFO: [TRAIN] Step: 108 ; Loss: 31.106 ; Acc: 26.185
2018-09-19 14:12:13,375:INFO: [TRAIN] Step: 109 ; Loss: 32.553 ; Acc: 26.212
2018-09-19 14:12:13,450:INFO: [TRAIN] Step: 110 ; Loss: 25.881 ; Acc: 26.389
2018-09-19 14:12:13,529:INFO: [TRAIN] Step: 111 ; Loss: 32.929 ; Acc: 26.376
2018-09-19 14:12:13,603:INFO: [TRAIN] Step: 112 ; Loss: 31.124 ; Acc: 26.438
2018-09-19 14:12:13,682:INFO: [TRAIN] Step: 113 ; Loss: 27.314 ; Acc: 26.681
2018-09-19 14:12:13,755:INFO: [TRAIN] Step: 114 ; Loss: 31.067 ; Acc: 26.775
2018-09-19 14:12:13,833:INFO: [TRAIN] Step: 115 ; Loss: 28.174 ; Acc: 26.832
2018-09-19 14:12:13,904:INFO: [TRAIN] Step: 116 ; Loss: 31.154 ; Acc: 26.887
2018-09-19 14:12:13,983:INFO: [TRAIN] Step: 117 ; Loss: 28.304 ; Acc: 26.977
2018-09-19 14:12:14,058:INFO: [TRAIN] Step: 118 ; Loss: 33.546 ; Acc: 26.961
2018-09-19 14:12:14,139:INFO: [TRAIN] Step: 119 ; Loss: 27.809 ; Acc: 27.049
2018-09-19 14:12:14,219:INFO: [TRAIN] Step: 120 ; Loss: 27.664 ; Acc: 27.135
2018-09-19 14:12:14,321:INFO: [TRAIN] Step: 121 ; Loss: 31.402 ; Acc: 27.186
2018-09-19 14:12:14,393:INFO: [TRAIN] Step: 122 ; Loss: 27.942 ; Acc: 27.304
2018-09-19 14:12:14,476:INFO: [TRAIN] Step: 123 ; Loss: 33.846 ; Acc: 27.319
2018-09-19 14:12:14,551:INFO: [TRAIN] Step: 124 ; Loss: 31.437 ; Acc: 27.333
2018-09-19 14:12:14,632:INFO: [TRAIN] Step: 125 ; Loss: 30.167 ; Acc: 27.381
2018-09-19 14:12:14,704:INFO: [TRAIN] Step: 126 ; Loss: 28.494 ; Acc: 27.493
2018-09-19 14:12:14,786:INFO: [TRAIN] Step: 127 ; Loss: 30.737 ; Acc: 27.637
2018-09-19 14:12:14,860:INFO: [TRAIN] Step: 128 ; Loss: 27.904 ; Acc: 27.681
2018-09-19 14:12:14,939:INFO: [TRAIN] Step: 129 ; Loss: 28.178 ; Acc: 27.821
2018-09-19 14:12:15,012:INFO: [TRAIN] Step: 130 ; Loss: 26.674 ; Acc: 27.894
2018-09-19 14:12:15,091:INFO: [TRAIN] Step: 131 ; Loss: 29.321 ; Acc: 27.967
2018-09-19 14:12:15,164:INFO: [TRAIN] Step: 132 ; Loss: 31.802 ; Acc: 28.008
2018-09-19 14:12:15,246:INFO: [TRAIN] Step: 133 ; Loss: 29.440 ; Acc: 28.172
2018-09-19 14:12:15,318:INFO: [TRAIN] Step: 134 ; Loss: 33.535 ; Acc: 28.210
2018-09-19 14:12:15,397:INFO: [TRAIN] Step: 135 ; Loss: 30.785 ; Acc: 28.370
2018-09-19 14:12:15,478:INFO: [TRAIN] Step: 136 ; Loss: 29.103 ; Acc: 28.315
2018-09-19 14:12:15,559:INFO: [TRAIN] Step: 137 ; Loss: 29.143 ; Acc: 28.502
2018-09-19 14:12:15,634:INFO: [TRAIN] Step: 138 ; Loss: 31.941 ; Acc: 28.537
2018-09-19 14:12:15,715:INFO: [TRAIN] Step: 139 ; Loss: 27.347 ; Acc: 28.690
2018-09-19 14:12:15,788:INFO: [TRAIN] Step: 140 ; Loss: 28.104 ; Acc: 28.694
2018-09-19 14:12:15,874:INFO: [TRAIN] Step: 141 ; Loss: 31.185 ; Acc: 28.609
2018-09-19 14:12:15,947:INFO: [TRAIN] Step: 142 ; Loss: 31.301 ; Acc: 28.642
2018-09-19 14:12:16,026:INFO: [TRAIN] Step: 143 ; Loss: 27.479 ; Acc: 28.733
2018-09-19 14:12:16,099:INFO: [TRAIN] Step: 144 ; Loss: 30.975 ; Acc: 28.707
2018-09-19 14:12:16,179:INFO: [TRAIN] Step: 145 ; Loss: 23.840 ; Acc: 28.853
2018-09-19 14:12:16,251:INFO: [TRAIN] Step: 146 ; Loss: 28.536 ; Acc: 28.827
2018-09-19 14:12:16,333:INFO: [TRAIN] Step: 147 ; Loss: 30.402 ; Acc: 28.801
2018-09-19 14:12:16,409:INFO: [TRAIN] Step: 148 ; Loss: 25.496 ; Acc: 28.859
2018-09-19 14:12:16,491:INFO: [TRAIN] Step: 149 ; Loss: 29.863 ; Acc: 28.889
2018-09-19 14:12:16,565:INFO: [TRAIN] Step: 150 ; Loss: 31.275 ; Acc: 28.918
2018-09-19 14:12:16,647:INFO: [TRAIN] Step: 151 ; Loss: 28.617 ; Acc: 28.975
2018-09-19 14:12:16,720:INFO: [TRAIN] Step: 152 ; Loss: 26.473 ; Acc: 29.058
2018-09-19 14:12:16,799:INFO: [TRAIN] Step: 153 ; Loss: 30.630 ; Acc: 29.085
2018-09-19 14:12:16,873:INFO: [TRAIN] Step: 154 ; Loss: 27.739 ; Acc: 29.194
2018-09-19 14:12:16,955:INFO: [TRAIN] Step: 155 ; Loss: 33.651 ; Acc: 29.087
2018-09-19 14:12:17,034:INFO: [TRAIN] Step: 156 ; Loss: 29.748 ; Acc: 29.220
2018-09-19 14:12:17,115:INFO: [TRAIN] Step: 157 ; Loss: 30.490 ; Acc: 29.193
2018-09-19 14:12:17,191:INFO: [TRAIN] Step: 158 ; Loss: 30.833 ; Acc: 29.193
2018-09-19 14:12:17,272:INFO: [TRAIN] Step: 159 ; Loss: 29.391 ; Acc: 29.323
2018-09-19 14:12:17,345:INFO: [TRAIN] Step: 160 ; Loss: 30.023 ; Acc: 29.374
2018-09-19 14:12:17,428:INFO: [TRAIN] Step: 161 ; Loss: 31.318 ; Acc: 29.398
2018-09-19 14:12:17,501:INFO: [TRAIN] Step: 162 ; Loss: 29.496 ; Acc: 29.422
2018-09-19 14:12:17,582:INFO: [TRAIN] Step: 163 ; Loss: 29.430 ; Acc: 29.497
2018-09-19 14:12:17,669:INFO: [TRAIN] Step: 164 ; Loss: 30.574 ; Acc: 29.520
2018-09-19 14:12:17,748:INFO: [TRAIN] Step: 165 ; Loss: 26.819 ; Acc: 29.568
2018-09-19 14:12:17,832:INFO: [TRAIN] Step: 166 ; Loss: 32.589 ; Acc: 29.516
2018-09-19 14:12:17,913:INFO: [TRAIN] Step: 167 ; Loss: 26.910 ; Acc: 29.663
2018-09-19 14:12:17,989:INFO: [TRAIN] Step: 168 ; Loss: 28.793 ; Acc: 29.660
2018-09-19 14:12:18,069:INFO: [TRAIN] Step: 169 ; Loss: 27.971 ; Acc: 29.681
2018-09-19 14:12:18,142:INFO: [TRAIN] Step: 170 ; Loss: 28.333 ; Acc: 29.703
2018-09-19 14:12:18,224:INFO: [TRAIN] Step: 171 ; Loss: 28.819 ; Acc: 29.772
2018-09-19 14:12:18,298:INFO: [TRAIN] Step: 172 ; Loss: 26.580 ; Acc: 29.841
2018-09-19 14:12:18,378:INFO: [TRAIN] Step: 173 ; Loss: 32.543 ; Acc: 29.765
2018-09-19 14:12:18,452:INFO: [TRAIN] Step: 174 ; Loss: 31.134 ; Acc: 29.810
2018-09-19 14:12:18,533:INFO: [TRAIN] Step: 175 ; Loss: 29.548 ; Acc: 29.830
2018-09-19 14:12:18,617:INFO: [TRAIN] Step: 176 ; Loss: 27.389 ; Acc: 29.873
2018-09-19 14:12:18,698:INFO: [TRAIN] Step: 177 ; Loss: 30.100 ; Acc: 29.846
2018-09-19 14:12:18,773:INFO: [TRAIN] Step: 178 ; Loss: 29.554 ; Acc: 29.818
2018-09-19 14:12:18,853:INFO: [TRAIN] Step: 179 ; Loss: 30.435 ; Acc: 29.838
2018-09-19 14:12:18,928:INFO: [TRAIN] Step: 180 ; Loss: 30.024 ; Acc: 29.880
2018-09-19 14:12:19,010:INFO: [TRAIN] Step: 181 ; Loss: 28.745 ; Acc: 29.899
2018-09-19 14:12:19,085:INFO: [TRAIN] Step: 182 ; Loss: 25.340 ; Acc: 29.986
2018-09-19 14:12:19,165:INFO: [TRAIN] Step: 183 ; Loss: 30.749 ; Acc: 29.937
2018-09-19 14:12:19,243:INFO: [TRAIN] Step: 184 ; Loss: 26.143 ; Acc: 30.000
2018-09-19 14:12:19,322:INFO: [TRAIN] Step: 185 ; Loss: 28.179 ; Acc: 30.085
2018-09-19 14:12:19,395:INFO: [TRAIN] Step: 186 ; Loss: 29.519 ; Acc: 30.125
2018-09-19 14:12:19,477:INFO: [TRAIN] Step: 187 ; Loss: 27.462 ; Acc: 30.142
2018-09-19 14:12:19,550:INFO: [TRAIN] Step: 188 ; Loss: 27.155 ; Acc: 30.181
2018-09-19 14:12:19,630:INFO: [TRAIN] Step: 189 ; Loss: 28.799 ; Acc: 30.197
2018-09-19 14:12:19,703:INFO: [TRAIN] Step: 190 ; Loss: 26.916 ; Acc: 30.323
2018-09-19 14:12:19,783:INFO: [TRAIN] Step: 191 ; Loss: 28.763 ; Acc: 30.339
2018-09-19 14:12:19,855:INFO: [TRAIN] Step: 192 ; Loss: 30.504 ; Acc: 30.376
2018-09-19 14:12:19,937:INFO: [TRAIN] Step: 193 ; Loss: 31.636 ; Acc: 30.412
2018-09-19 14:12:20,010:INFO: [TRAIN] Step: 194 ; Loss: 27.659 ; Acc: 30.491
2018-09-19 14:12:20,089:INFO: [TRAIN] Step: 195 ; Loss: 27.297 ; Acc: 30.548
2018-09-19 14:12:20,161:INFO: [TRAIN] Step: 196 ; Loss: 26.807 ; Acc: 30.626
2018-09-19 14:12:20,240:INFO: [TRAIN] Step: 197 ; Loss: 27.004 ; Acc: 30.703
2018-09-19 14:12:20,314:INFO: [TRAIN] Step: 198 ; Loss: 31.508 ; Acc: 30.695
2018-09-19 14:12:20,394:INFO: [TRAIN] Step: 199 ; Loss: 27.244 ; Acc: 30.750
2018-09-19 14:12:20,468:INFO: [TRAIN] Step: 200 ; Loss: 27.893 ; Acc: 30.804
2018-09-19 14:12:20,547:INFO: [TRAIN] Step: 201 ; Loss: 29.706 ; Acc: 30.837
2018-09-19 14:12:20,620:INFO: [TRAIN] Step: 202 ; Loss: 29.068 ; Acc: 30.788
2018-09-19 14:12:20,699:INFO: [TRAIN] Step: 203 ; Loss: 30.842 ; Acc: 30.801
2018-09-19 14:12:20,772:INFO: [TRAIN] Step: 204 ; Loss: 25.933 ; Acc: 30.854
2018-09-19 14:12:20,853:INFO: [TRAIN] Step: 205 ; Loss: 32.094 ; Acc: 30.926
2018-09-19 14:12:20,928:INFO: [TRAIN] Step: 206 ; Loss: 29.837 ; Acc: 30.878
2018-09-19 14:12:21,007:INFO: [TRAIN] Step: 207 ; Loss: 26.237 ; Acc: 30.950
2018-09-19 14:12:21,080:INFO: [TRAIN] Step: 208 ; Loss: 29.882 ; Acc: 31.061
2018-09-19 14:12:21,160:INFO: [TRAIN] Step: 209 ; Loss: 33.246 ; Acc: 30.972
2018-09-19 14:12:21,233:INFO: [TRAIN] Step: 210 ; Loss: 29.299 ; Acc: 30.983
2018-09-19 14:12:21,314:INFO: [TRAIN] Step: 211 ; Loss: 32.009 ; Acc: 31.014
2018-09-19 14:12:21,386:INFO: [TRAIN] Step: 212 ; Loss: 27.059 ; Acc: 31.084
2018-09-19 14:12:21,467:INFO: [TRAIN] Step: 213 ; Loss: 30.537 ; Acc: 31.114
2018-09-19 14:12:21,540:INFO: [TRAIN] Step: 214 ; Loss: 29.401 ; Acc: 31.163
2018-09-19 14:12:21,622:INFO: [TRAIN] Step: 215 ; Loss: 29.013 ; Acc: 31.154
2018-09-19 14:12:21,696:INFO: [TRAIN] Step: 216 ; Loss: 27.673 ; Acc: 31.164
2018-09-19 14:12:21,781:INFO: [TRAIN] Step: 217 ; Loss: 31.763 ; Acc: 31.097
2018-09-19 14:12:21,853:INFO: [TRAIN] Step: 218 ; Loss: 29.574 ; Acc: 31.126
2018-09-19 14:12:21,935:INFO: [TRAIN] Step: 219 ; Loss: 28.785 ; Acc: 31.193
2018-09-19 14:12:22,008:INFO: [TRAIN] Step: 220 ; Loss: 32.416 ; Acc: 31.184
2018-09-19 14:12:22,089:INFO: [TRAIN] Step: 221 ; Loss: 27.845 ; Acc: 31.250
2018-09-19 14:12:22,163:INFO: [TRAIN] Step: 222 ; Loss: 28.409 ; Acc: 31.278
2018-09-19 14:12:22,242:INFO: [TRAIN] Step: 223 ; Loss: 29.740 ; Acc: 31.269
2018-09-19 14:12:22,315:INFO: [TRAIN] Step: 224 ; Loss: 27.715 ; Acc: 31.315
2018-09-19 14:12:22,394:INFO: [TRAIN] Step: 225 ; Loss: 33.136 ; Acc: 31.287
2018-09-19 14:12:22,467:INFO: [TRAIN] Step: 226 ; Loss: 32.729 ; Acc: 31.314
2018-09-19 14:12:22,547:INFO: [TRAIN] Step: 227 ; Loss: 27.360 ; Acc: 31.323
2018-09-19 14:12:22,622:INFO: [TRAIN] Step: 228 ; Loss: 24.901 ; Acc: 31.405
2018-09-19 14:12:22,703:INFO: [TRAIN] Step: 229 ; Loss: 27.331 ; Acc: 31.467
2018-09-19 14:12:22,778:INFO: [TRAIN] Step: 230 ; Loss: 31.648 ; Acc: 31.494
2018-09-19 14:12:22,857:INFO: [TRAIN] Step: 231 ; Loss: 28.480 ; Acc: 31.501
2018-09-19 14:12:22,931:INFO: [TRAIN] Step: 232 ; Loss: 22.548 ; Acc: 31.563
2018-09-19 14:12:23,009:INFO: [TRAIN] Step: 233 ; Loss: 28.338 ; Acc: 31.571
2018-09-19 14:12:23,083:INFO: [TRAIN] Step: 234 ; Loss: 27.369 ; Acc: 31.631
2018-09-19 14:12:23,164:INFO: [TRAIN] Step: 235 ; Loss: 32.047 ; Acc: 31.621
2018-09-19 14:12:23,236:INFO: [TRAIN] Step: 236 ; Loss: 26.686 ; Acc: 31.681
2018-09-19 14:12:23,321:INFO: [TRAIN] Step: 237 ; Loss: 29.523 ; Acc: 31.723
2018-09-19 14:12:23,395:INFO: [TRAIN] Step: 238 ; Loss: 29.461 ; Acc: 31.729
2018-09-19 14:12:23,475:INFO: [TRAIN] Step: 239 ; Loss: 29.089 ; Acc: 31.806
2018-09-19 14:12:23,548:INFO: [TRAIN] Step: 240 ; Loss: 29.477 ; Acc: 31.795
2018-09-19 14:12:23,628:INFO: [TRAIN] Step: 241 ; Loss: 27.892 ; Acc: 31.801
2018-09-19 14:12:23,702:INFO: [TRAIN] Step: 242 ; Loss: 34.391 ; Acc: 31.842
2018-09-19 14:12:23,782:INFO: [TRAIN] Step: 243 ; Loss: 29.883 ; Acc: 31.882
2018-09-19 14:12:23,856:INFO: [TRAIN] Step: 244 ; Loss: 27.566 ; Acc: 31.922
2018-09-19 14:12:23,936:INFO: [TRAIN] Step: 245 ; Loss: 28.953 ; Acc: 31.978
2018-09-19 14:12:24,010:INFO: [TRAIN] Step: 246 ; Loss: 29.134 ; Acc: 32.001
2018-09-19 14:12:24,090:INFO: [TRAIN] Step: 247 ; Loss: 34.704 ; Acc: 31.989
2018-09-19 14:12:24,161:INFO: [TRAIN] Step: 248 ; Loss: 28.234 ; Acc: 32.028
2018-09-19 14:12:24,242:INFO: [TRAIN] Step: 249 ; Loss: 26.790 ; Acc: 32.083
2018-09-19 14:12:24,314:INFO: [TRAIN] Step: 250 ; Loss: 28.238 ; Acc: 32.105
2018-09-19 14:12:24,394:INFO: [TRAIN] Step: 251 ; Loss: 28.713 ; Acc: 32.077
2018-09-19 14:12:24,470:INFO: [TRAIN] Step: 252 ; Loss: 27.808 ; Acc: 32.098
2018-09-19 14:12:24,550:INFO: [TRAIN] Step: 253 ; Loss: 27.015 ; Acc: 32.169
2018-09-19 14:12:24,623:INFO: [TRAIN] Step: 254 ; Loss: 29.259 ; Acc: 32.190
2018-09-19 14:12:24,705:INFO: [TRAIN] Step: 255 ; Loss: 28.383 ; Acc: 32.145
2018-09-19 14:12:24,777:INFO: [TRAIN] Step: 256 ; Loss: 28.907 ; Acc: 32.215
2018-09-19 14:12:24,855:INFO: [TRAIN] Step: 257 ; Loss: 27.351 ; Acc: 32.235
2018-09-19 14:12:24,927:INFO: [TRAIN] Step: 258 ; Loss: 28.327 ; Acc: 32.207
2018-09-19 14:12:25,008:INFO: [TRAIN] Step: 259 ; Loss: 30.266 ; Acc: 32.228
2018-09-19 14:12:25,080:INFO: [TRAIN] Step: 260 ; Loss: 27.450 ; Acc: 32.296
2018-09-19 14:12:25,161:INFO: [TRAIN] Step: 261 ; Loss: 28.407 ; Acc: 32.347
2018-09-19 14:12:25,233:INFO: [TRAIN] Step: 262 ; Loss: 26.169 ; Acc: 32.414
2018-09-19 14:12:25,313:INFO: [TRAIN] Step: 263 ; Loss: 29.336 ; Acc: 32.402
2018-09-19 14:12:25,387:INFO: [TRAIN] Step: 264 ; Loss: 28.903 ; Acc: 32.421
2018-09-19 14:12:25,473:INFO: [TRAIN] Step: 265 ; Loss: 25.613 ; Acc: 32.519
2018-09-19 14:12:25,547:INFO: [TRAIN] Step: 266 ; Loss: 31.076 ; Acc: 32.491
2018-09-19 14:12:25,628:INFO: [TRAIN] Step: 267 ; Loss: 28.819 ; Acc: 32.494
2018-09-19 14:12:25,701:INFO: [TRAIN] Step: 268 ; Loss: 27.219 ; Acc: 32.574
2018-09-19 14:12:25,781:INFO: [TRAIN] Step: 269 ; Loss: 28.345 ; Acc: 32.593
2018-09-19 14:12:25,856:INFO: [TRAIN] Step: 270 ; Loss: 25.751 ; Acc: 32.641
2018-09-19 14:12:25,939:INFO: [TRAIN] Step: 271 ; Loss: 27.721 ; Acc: 32.644
2018-09-19 14:12:26,013:INFO: [TRAIN] Step: 272 ; Loss: 29.422 ; Acc: 32.677
2018-09-19 14:12:26,093:INFO: [TRAIN] Step: 273 ; Loss: 29.978 ; Acc: 32.649
2018-09-19 14:12:26,168:INFO: [TRAIN] Step: 274 ; Loss: 28.536 ; Acc: 32.621
2018-09-19 14:12:26,248:INFO: [TRAIN] Step: 275 ; Loss: 27.968 ; Acc: 32.624
2018-09-19 14:12:26,321:INFO: [TRAIN] Step: 276 ; Loss: 27.027 ; Acc: 32.626
2018-09-19 14:12:26,403:INFO: [TRAIN] Step: 277 ; Loss: 30.398 ; Acc: 32.629
2018-09-19 14:12:26,476:INFO: [TRAIN] Step: 278 ; Loss: 27.175 ; Acc: 32.661
2018-09-19 14:12:26,554:INFO: [TRAIN] Step: 279 ; Loss: 29.105 ; Acc: 32.708
2018-09-19 14:12:26,627:INFO: [TRAIN] Step: 280 ; Loss: 30.325 ; Acc: 32.666
2018-09-19 14:12:26,708:INFO: [TRAIN] Step: 281 ; Loss: 27.715 ; Acc: 32.713
2018-09-19 14:12:26,783:INFO: [TRAIN] Step: 282 ; Loss: 28.778 ; Acc: 32.730
2018-09-19 14:12:26,863:INFO: [TRAIN] Step: 283 ; Loss: 29.413 ; Acc: 32.732
2018-09-19 14:12:26,936:INFO: [TRAIN] Step: 284 ; Loss: 27.676 ; Acc: 32.778
2018-09-19 14:12:27,016:INFO: [TRAIN] Step: 285 ; Loss: 31.498 ; Acc: 32.780
2018-09-19 14:12:27,091:INFO: [TRAIN] Step: 286 ; Loss: 30.058 ; Acc: 32.767
2018-09-19 14:12:27,172:INFO: [TRAIN] Step: 287 ; Loss: 25.588 ; Acc: 32.812
2018-09-19 14:12:27,245:INFO: [TRAIN] Step: 288 ; Loss: 29.465 ; Acc: 32.814
2018-09-19 14:12:27,324:INFO: [TRAIN] Step: 289 ; Loss: 31.406 ; Acc: 32.874
2018-09-19 14:12:27,399:INFO: [TRAIN] Step: 290 ; Loss: 27.078 ; Acc: 32.947
2018-09-19 14:12:27,478:INFO: [TRAIN] Step: 291 ; Loss: 27.188 ; Acc: 32.977
2018-09-19 14:12:27,552:INFO: [TRAIN] Step: 292 ; Loss: 25.495 ; Acc: 33.035
2018-09-19 14:12:27,632:INFO: [TRAIN] Step: 293 ; Loss: 26.004 ; Acc: 33.078
2018-09-19 14:12:27,703:INFO: [TRAIN] Step: 294 ; Loss: 28.157 ; Acc: 33.051
2018-09-19 14:12:27,782:INFO: [TRAIN] Step: 295 ; Loss: 26.125 ; Acc: 33.066
2018-09-19 14:12:27,854:INFO: [TRAIN] Step: 296 ; Loss: 27.631 ; Acc: 33.053
2018-09-19 14:12:27,934:INFO: [TRAIN] Step: 297 ; Loss: 29.608 ; Acc: 33.054
2018-09-19 14:12:28,005:INFO: [TRAIN] Step: 298 ; Loss: 29.463 ; Acc: 33.027
2018-09-19 14:12:28,086:INFO: [TRAIN] Step: 299 ; Loss: 31.019 ; Acc: 33.056
2018-09-19 14:12:28,161:INFO: [TRAIN] Step: 300 ; Loss: 29.398 ; Acc: 33.029
2018-09-19 14:12:28,247:INFO: [TRAIN] Step: 301 ; Loss: 25.698 ; Acc: 33.126
2018-09-19 14:12:28,321:INFO: [TRAIN] Step: 302 ; Loss: 32.189 ; Acc: 33.182
2018-09-19 14:12:28,400:INFO: [TRAIN] Step: 303 ; Loss: 23.437 ; Acc: 33.279
2018-09-19 14:12:28,473:INFO: [TRAIN] Step: 304 ; Loss: 28.782 ; Acc: 33.279
2018-09-19 14:12:28,554:INFO: [TRAIN] Step: 305 ; Loss: 29.973 ; Acc: 33.265
2018-09-19 14:12:28,629:INFO: [TRAIN] Step: 306 ; Loss: 27.102 ; Acc: 33.265
2018-09-19 14:12:28,708:INFO: [TRAIN] Step: 307 ; Loss: 28.611 ; Acc: 33.279
2018-09-19 14:12:28,782:INFO: [TRAIN] Step: 308 ; Loss: 28.083 ; Acc: 33.333
2018-09-19 14:12:28,860:INFO: [TRAIN] Step: 309 ; Loss: 27.756 ; Acc: 33.333
2018-09-19 14:12:28,934:INFO: [TRAIN] Step: 310 ; Loss: 28.715 ; Acc: 33.333
2018-09-19 14:12:29,014:INFO: [TRAIN] Step: 311 ; Loss: 28.835 ; Acc: 33.373
2018-09-19 14:12:29,086:INFO: [TRAIN] Step: 312 ; Loss: 25.910 ; Acc: 33.387
2018-09-19 14:12:29,171:INFO: [TRAIN] Step: 313 ; Loss: 27.553 ; Acc: 33.453
2018-09-19 14:12:29,247:INFO: [TRAIN] Step: 314 ; Loss: 29.488 ; Acc: 33.479
2018-09-19 14:12:29,328:INFO: [TRAIN] Step: 315 ; Loss: 33.155 ; Acc: 33.465
2018-09-19 14:12:29,400:INFO: [TRAIN] Step: 316 ; Loss: 27.911 ; Acc: 33.478
2018-09-19 14:12:29,480:INFO: [TRAIN] Step: 317 ; Loss: 31.395 ; Acc: 33.517
2018-09-19 14:12:29,553:INFO: [TRAIN] Step: 318 ; Loss: 25.570 ; Acc: 33.555
2018-09-19 14:12:29,633:INFO: [TRAIN] Step: 319 ; Loss: 29.913 ; Acc: 33.516
2018-09-19 14:12:29,704:INFO: [TRAIN] Step: 320 ; Loss: 29.542 ; Acc: 33.502
2018-09-19 14:12:29,784:INFO: [TRAIN] Step: 321 ; Loss: 31.233 ; Acc: 33.476
2018-09-19 14:12:29,858:INFO: [TRAIN] Step: 322 ; Loss: 30.731 ; Acc: 33.488
2018-09-19 14:12:29,937:INFO: [TRAIN] Step: 323 ; Loss: 29.860 ; Acc: 33.488
2018-09-19 14:12:30,012:INFO: [TRAIN] Step: 324 ; Loss: 29.820 ; Acc: 33.513
2018-09-19 14:12:30,093:INFO: [TRAIN] Step: 325 ; Loss: 31.225 ; Acc: 33.538
2018-09-19 14:12:30,164:INFO: [TRAIN] Step: 326 ; Loss: 25.779 ; Acc: 33.601
2018-09-19 14:12:30,257:INFO: [TRAIN] Step: 327 ; Loss: 30.223 ; Acc: 33.638
2018-09-19 14:12:30,331:INFO: [TRAIN] Step: 328 ; Loss: 29.692 ; Acc: 33.625
2018-09-19 14:12:30,410:INFO: [TRAIN] Step: 329 ; Loss: 26.541 ; Acc: 33.674
2018-09-19 14:12:30,483:INFO: [TRAIN] Step: 330 ; Loss: 28.496 ; Acc: 33.711
2018-09-19 14:12:30,563:INFO: [TRAIN] Step: 331 ; Loss: 23.570 ; Acc: 33.747
2018-09-19 14:12:30,634:INFO: [TRAIN] Step: 332 ; Loss: 29.838 ; Acc: 33.771
2018-09-19 14:12:30,716:INFO: [TRAIN] Step: 333 ; Loss: 29.447 ; Acc: 33.745
2018-09-19 14:12:30,789:INFO: [TRAIN] Step: 334 ; Loss: 32.067 ; Acc: 33.719
2018-09-19 14:12:30,872:INFO: [TRAIN] Step: 335 ; Loss: 27.589 ; Acc: 33.743
2018-09-19 14:12:30,945:INFO: [TRAIN] Step: 336 ; Loss: 28.547 ; Acc: 33.741
2018-09-19 14:12:31,023:INFO: [TRAIN] Step: 337 ; Loss: 26.527 ; Acc: 33.728
2018-09-19 14:12:31,095:INFO: [TRAIN] Step: 338 ; Loss: 25.412 ; Acc: 33.764
2018-09-19 14:12:31,177:INFO: [TRAIN] Step: 339 ; Loss: 30.918 ; Acc: 33.750
2018-09-19 14:12:31,250:INFO: [TRAIN] Step: 340 ; Loss: 26.548 ; Acc: 33.773
2018-09-19 14:12:31,330:INFO: [TRAIN] Step: 341 ; Loss: 28.247 ; Acc: 33.772
2018-09-19 14:12:31,405:INFO: [TRAIN] Step: 342 ; Loss: 29.883 ; Acc: 33.771
2018-09-19 14:12:31,487:INFO: [TRAIN] Step: 343 ; Loss: 30.787 ; Acc: 33.781
2018-09-19 14:12:31,559:INFO: [TRAIN] Step: 344 ; Loss: 29.211 ; Acc: 33.768
2018-09-19 14:12:31,640:INFO: [TRAIN] Step: 345 ; Loss: 28.612 ; Acc: 33.779
2018-09-19 14:12:31,714:INFO: [TRAIN] Step: 346 ; Loss: 29.250 ; Acc: 33.766
2018-09-19 14:12:31,795:INFO: [TRAIN] Step: 347 ; Loss: 31.922 ; Acc: 33.716
2018-09-19 14:12:31,866:INFO: [TRAIN] Step: 348 ; Loss: 30.230 ; Acc: 33.715
2018-09-19 14:12:31,945:INFO: [TRAIN] Step: 349 ; Loss: 27.088 ; Acc: 33.738
2018-09-19 14:12:32,018:INFO: [TRAIN] Step: 350 ; Loss: 28.194 ; Acc: 33.737
2018-09-19 14:12:32,101:INFO: [TRAIN] Step: 351 ; Loss: 25.284 ; Acc: 33.759
2018-09-19 14:12:32,174:INFO: [TRAIN] Step: 352 ; Loss: 29.998 ; Acc: 33.782
2018-09-19 14:12:32,254:INFO: [TRAIN] Step: 353 ; Loss: 28.612 ; Acc: 33.839
2018-09-19 14:12:32,328:INFO: [TRAIN] Step: 354 ; Loss: 28.292 ; Acc: 33.862
2018-09-19 14:12:32,408:INFO: [TRAIN] Step: 355 ; Loss: 32.627 ; Acc: 33.895
2018-09-19 14:12:32,480:INFO: [TRAIN] Step: 356 ; Loss: 28.861 ; Acc: 33.894
2018-09-19 14:12:32,561:INFO: [TRAIN] Step: 357 ; Loss: 27.791 ; Acc: 33.904
2018-09-19 14:12:32,635:INFO: [TRAIN] Step: 358 ; Loss: 29.409 ; Acc: 33.937
2018-09-19 14:12:32,715:INFO: [TRAIN] Step: 359 ; Loss: 30.930 ; Acc: 33.970
2018-09-19 14:12:32,788:INFO: [TRAIN] Step: 360 ; Loss: 27.774 ; Acc: 34.049
2018-09-19 14:12:32,870:INFO: [TRAIN] Step: 361 ; Loss: 26.559 ; Acc: 34.081
2018-09-19 14:12:32,944:INFO: [TRAIN] Step: 362 ; Loss: 27.928 ; Acc: 34.091
2018-09-19 14:12:33,027:INFO: [TRAIN] Step: 363 ; Loss: 29.693 ; Acc: 34.112
2018-09-19 14:12:33,101:INFO: [TRAIN] Step: 364 ; Loss: 28.337 ; Acc: 34.144
2018-09-19 14:12:33,181:INFO: [TRAIN] Step: 365 ; Loss: 32.800 ; Acc: 34.153
2018-09-19 14:12:33,254:INFO: [TRAIN] Step: 366 ; Loss: 28.652 ; Acc: 34.208
2018-09-19 14:12:33,337:INFO: [TRAIN] Step: 367 ; Loss: 29.587 ; Acc: 34.205
2018-09-19 14:12:33,410:INFO: [TRAIN] Step: 368 ; Loss: 28.229 ; Acc: 34.214
2018-09-19 14:12:33,489:INFO: [TRAIN] Step: 369 ; Loss: 28.879 ; Acc: 34.223
2018-09-19 14:12:33,561:INFO: [TRAIN] Step: 370 ; Loss: 30.079 ; Acc: 34.254
2018-09-19 14:12:33,641:INFO: [TRAIN] Step: 371 ; Loss: 31.791 ; Acc: 34.241
2018-09-19 14:12:33,716:INFO: [TRAIN] Step: 372 ; Loss: 25.577 ; Acc: 34.283
2018-09-19 14:12:33,796:INFO: [TRAIN] Step: 373 ; Loss: 28.388 ; Acc: 34.291
2018-09-19 14:12:33,867:INFO: [TRAIN] Step: 374 ; Loss: 25.291 ; Acc: 34.289
2018-09-19 14:12:33,946:INFO: [TRAIN] Step: 375 ; Loss: 28.940 ; Acc: 34.309
2018-09-19 14:12:34,018:INFO: [TRAIN] Step: 376 ; Loss: 27.832 ; Acc: 34.339
2018-09-19 14:12:34,098:INFO: [TRAIN] Step: 377 ; Loss: 29.067 ; Acc: 34.336
2018-09-19 14:12:34,171:INFO: [TRAIN] Step: 378 ; Loss: 26.055 ; Acc: 34.367
2018-09-19 14:12:34,251:INFO: [TRAIN] Step: 379 ; Loss: 28.521 ; Acc: 34.386
2018-09-19 14:12:34,323:INFO: [TRAIN] Step: 380 ; Loss: 26.022 ; Acc: 34.427
2018-09-19 14:12:34,404:INFO: [TRAIN] Step: 381 ; Loss: 26.696 ; Acc: 34.435
2018-09-19 14:12:34,479:INFO: [TRAIN] Step: 382 ; Loss: 28.763 ; Acc: 34.454
2018-09-19 14:12:34,562:INFO: [TRAIN] Step: 383 ; Loss: 28.345 ; Acc: 34.473
2018-09-19 14:12:34,637:INFO: [TRAIN] Step: 384 ; Loss: 26.639 ; Acc: 34.481
2018-09-19 14:12:34,718:INFO: [TRAIN] Step: 385 ; Loss: 29.605 ; Acc: 34.456
2018-09-19 14:12:34,791:INFO: [TRAIN] Step: 386 ; Loss: 28.989 ; Acc: 34.507
2018-09-19 14:12:34,873:INFO: [TRAIN] Step: 387 ; Loss: 24.517 ; Acc: 34.547
2018-09-19 14:12:34,947:INFO: [TRAIN] Step: 388 ; Loss: 26.109 ; Acc: 34.576
2018-09-19 14:12:35,028:INFO: [TRAIN] Step: 389 ; Loss: 28.906 ; Acc: 34.594
2018-09-19 14:12:35,101:INFO: [TRAIN] Step: 390 ; Loss: 29.849 ; Acc: 34.580
2018-09-19 14:12:35,183:INFO: [TRAIN] Step: 391 ; Loss: 28.761 ; Acc: 34.566
2018-09-19 14:12:35,255:INFO: [TRAIN] Step: 392 ; Loss: 30.129 ; Acc: 34.595
2018-09-19 14:12:35,336:INFO: [TRAIN] Step: 393 ; Loss: 25.008 ; Acc: 34.634
2018-09-19 14:12:35,408:INFO: [TRAIN] Step: 394 ; Loss: 30.443 ; Acc: 34.620
2018-09-19 14:12:35,491:INFO: [TRAIN] Step: 395 ; Loss: 25.140 ; Acc: 34.649
2018-09-19 14:12:35,565:INFO: [TRAIN] Step: 396 ; Loss: 28.283 ; Acc: 34.656
2018-09-19 14:12:35,646:INFO: [TRAIN] Step: 397 ; Loss: 27.170 ; Acc: 34.663
2018-09-19 14:12:35,720:INFO: [TRAIN] Step: 398 ; Loss: 30.559 ; Acc: 34.649
2018-09-19 14:12:35,801:INFO: [TRAIN] Step: 399 ; Loss: 26.963 ; Acc: 34.656
2018-09-19 14:12:35,876:INFO: [TRAIN] Step: 400 ; Loss: 29.859 ; Acc: 34.674
2018-09-19 14:12:35,955:INFO: [TRAIN] Step: 401 ; Loss: 25.584 ; Acc: 34.722
2018-09-19 14:12:36,032:INFO: [TRAIN] Step: 402 ; Loss: 25.950 ; Acc: 34.739
2018-09-19 14:12:36,116:INFO: [TRAIN] Step: 403 ; Loss: 25.719 ; Acc: 34.777
2018-09-19 14:12:36,188:INFO: [TRAIN] Step: 404 ; Loss: 27.678 ; Acc: 34.794
2018-09-19 14:12:36,268:INFO: [TRAIN] Step: 405 ; Loss: 26.569 ; Acc: 34.801
2018-09-19 14:12:36,343:INFO: [TRAIN] Step: 406 ; Loss: 28.739 ; Acc: 34.828
2018-09-19 14:12:36,423:INFO: [TRAIN] Step: 407 ; Loss: 28.339 ; Acc: 34.835
2018-09-19 14:12:36,496:INFO: [TRAIN] Step: 408 ; Loss: 27.606 ; Acc: 34.861
2018-09-19 14:12:36,576:INFO: [TRAIN] Step: 409 ; Loss: 27.956 ; Acc: 34.868
2018-09-19 14:12:36,648:INFO: [TRAIN] Step: 410 ; Loss: 23.456 ; Acc: 34.905
2018-09-19 14:12:36,728:INFO: [TRAIN] Step: 411 ; Loss: 33.198 ; Acc: 34.901
2018-09-19 14:12:36,801:INFO: [TRAIN] Step: 412 ; Loss: 28.077 ; Acc: 34.937
2018-09-19 14:12:36,883:INFO: [TRAIN] Step: 413 ; Loss: 25.873 ; Acc: 34.974
2018-09-19 14:12:36,957:INFO: [TRAIN] Step: 414 ; Loss: 26.387 ; Acc: 34.970
2018-09-19 14:12:37,039:INFO: [TRAIN] Step: 415 ; Loss: 28.736 ; Acc: 34.976
2018-09-19 14:12:37,112:INFO: [TRAIN] Step: 416 ; Loss: 27.429 ; Acc: 34.972
2018-09-19 14:12:37,191:INFO: [TRAIN] Step: 417 ; Loss: 27.598 ; Acc: 34.988
2018-09-19 14:12:37,264:INFO: [TRAIN] Step: 418 ; Loss: 28.075 ; Acc: 35.014
2018-09-19 14:12:37,346:INFO: [TRAIN] Step: 419 ; Loss: 29.005 ; Acc: 34.980
2018-09-19 14:12:37,422:INFO: [TRAIN] Step: 420 ; Loss: 31.277 ; Acc: 34.937
2018-09-19 14:12:37,506:INFO: [TRAIN] Step: 421 ; Loss: 23.996 ; Acc: 35.022
2018-09-19 14:12:37,580:INFO: [TRAIN] Step: 422 ; Loss: 27.684 ; Acc: 35.067
2018-09-19 14:12:37,659:INFO: [TRAIN] Step: 423 ; Loss: 27.209 ; Acc: 35.112
2018-09-19 14:12:37,730:INFO: [TRAIN] Step: 424 ; Loss: 28.002 ; Acc: 35.157
2018-09-19 14:12:37,808:INFO: [TRAIN] Step: 425 ; Loss: 24.600 ; Acc: 35.201
2018-09-19 14:12:37,881:INFO: [TRAIN] Step: 426 ; Loss: 31.833 ; Acc: 35.207
2018-09-19 14:12:37,962:INFO: [TRAIN] Step: 427 ; Loss: 26.946 ; Acc: 35.232
2018-09-19 14:12:38,034:INFO: [TRAIN] Step: 428 ; Loss: 29.298 ; Acc: 35.237
2018-09-19 14:12:38,114:INFO: [TRAIN] Step: 429 ; Loss: 26.029 ; Acc: 35.262
2018-09-19 14:12:38,189:INFO: [TRAIN] Step: 430 ; Loss: 28.566 ; Acc: 35.276
2018-09-19 14:12:38,271:INFO: [TRAIN] Step: 431 ; Loss: 27.784 ; Acc: 35.301
2018-09-19 14:12:38,344:INFO: [TRAIN] Step: 432 ; Loss: 28.968 ; Acc: 35.277
2018-09-19 14:12:38,424:INFO: [TRAIN] Step: 433 ; Loss: 25.521 ; Acc: 35.321
2018-09-19 14:12:38,497:INFO: [TRAIN] Step: 434 ; Loss: 28.753 ; Acc: 35.335
2018-09-19 14:12:38,577:INFO: [TRAIN] Step: 435 ; Loss: 28.716 ; Acc: 35.350
2018-09-19 14:12:38,653:INFO: [TRAIN] Step: 436 ; Loss: 31.347 ; Acc: 35.364
2018-09-19 14:12:38,733:INFO: [TRAIN] Step: 437 ; Loss: 26.938 ; Acc: 35.369
2018-09-19 14:12:38,806:INFO: [TRAIN] Step: 438 ; Loss: 22.178 ; Acc: 35.431
2018-09-19 14:12:38,886:INFO: [TRAIN] Step: 439 ; Loss: 30.398 ; Acc: 35.417
2018-09-19 14:12:38,963:INFO: [TRAIN] Step: 440 ; Loss: 27.065 ; Acc: 35.421
2018-09-19 14:12:39,044:INFO: [TRAIN] Step: 441 ; Loss: 31.445 ; Acc: 35.426
2018-09-19 14:12:39,116:INFO: [TRAIN] Step: 442 ; Loss: 26.262 ; Acc: 35.459
2018-09-19 14:12:39,195:INFO: [TRAIN] Step: 443 ; Loss: 27.958 ; Acc: 35.426
2018-09-19 14:12:39,270:INFO: [TRAIN] Step: 444 ; Loss: 29.646 ; Acc: 35.384
2018-09-19 14:12:39,350:INFO: [TRAIN] Step: 445 ; Loss: 26.355 ; Acc: 35.389
2018-09-19 14:12:39,424:INFO: [TRAIN] Step: 446 ; Loss: 27.450 ; Acc: 35.365
2018-09-19 14:12:39,504:INFO: [TRAIN] Step: 447 ; Loss: 32.056 ; Acc: 35.370
2018-09-19 14:12:39,577:INFO: [TRAIN] Step: 448 ; Loss: 32.606 ; Acc: 35.338
2018-09-19 14:12:39,656:INFO: [TRAIN] Step: 449 ; Loss: 29.210 ; Acc: 35.333
2018-09-19 14:12:39,729:INFO: [TRAIN] Step: 450 ; Loss: 29.300 ; Acc: 35.375
2018-09-19 14:12:39,809:INFO: [TRAIN] Step: 451 ; Loss: 28.597 ; Acc: 35.380
2018-09-19 14:12:39,884:INFO: [TRAIN] Step: 452 ; Loss: 28.180 ; Acc: 35.412
2018-09-19 14:12:39,964:INFO: [TRAIN] Step: 453 ; Loss: 26.132 ; Acc: 35.444
2018-09-19 14:12:40,038:INFO: [TRAIN] Step: 454 ; Loss: 28.660 ; Acc: 35.449
2018-09-19 14:12:40,118:INFO: [TRAIN] Step: 455 ; Loss: 27.932 ; Acc: 35.408
2018-09-19 14:12:40,189:INFO: [TRAIN] Step: 456 ; Loss: 27.712 ; Acc: 35.403
2018-09-19 14:12:40,269:INFO: [TRAIN] Step: 457 ; Loss: 27.812 ; Acc: 35.398
2018-09-19 14:12:40,345:INFO: [TRAIN] Step: 458 ; Loss: 27.981 ; Acc: 35.385
2018-09-19 14:12:40,431:INFO: [TRAIN] Step: 459 ; Loss: 26.874 ; Acc: 35.362
2018-09-19 14:12:40,505:INFO: [TRAIN] Step: 460 ; Loss: 27.217 ; Acc: 35.367
2018-09-19 14:12:40,587:INFO: [TRAIN] Step: 461 ; Loss: 27.669 ; Acc: 35.444
2018-09-19 14:12:40,660:INFO: [TRAIN] Step: 462 ; Loss: 25.547 ; Acc: 35.448
2018-09-19 14:12:40,740:INFO: [TRAIN] Step: 463 ; Loss: 31.344 ; Acc: 35.426
2018-09-19 14:12:40,814:INFO: [TRAIN] Step: 464 ; Loss: 29.590 ; Acc: 35.430
2018-09-19 14:12:40,893:INFO: [TRAIN] Step: 465 ; Loss: 27.348 ; Acc: 35.435
2018-09-19 14:12:40,967:INFO: [TRAIN] Step: 466 ; Loss: 26.743 ; Acc: 35.448
2018-09-19 14:12:41,046:INFO: [TRAIN] Step: 467 ; Loss: 30.392 ; Acc: 35.426
2018-09-19 14:12:41,120:INFO: [TRAIN] Step: 468 ; Loss: 32.248 ; Acc: 35.430
2018-09-19 14:12:41,202:INFO: [TRAIN] Step: 469 ; Loss: 28.655 ; Acc: 35.426
2018-09-19 14:12:41,276:INFO: [TRAIN] Step: 470 ; Loss: 28.284 ; Acc: 35.456
2018-09-19 14:12:41,357:INFO: [TRAIN] Step: 471 ; Loss: 28.383 ; Acc: 35.452
2018-09-19 14:12:41,431:INFO: [TRAIN] Step: 472 ; Loss: 28.915 ; Acc: 35.447
2018-09-19 14:12:41,512:INFO: [TRAIN] Step: 473 ; Loss: 23.687 ; Acc: 35.478
2018-09-19 14:12:41,585:INFO: [TRAIN] Step: 474 ; Loss: 29.004 ; Acc: 35.509
2018-09-19 14:12:41,665:INFO: [TRAIN] Step: 475 ; Loss: 30.681 ; Acc: 35.504
2018-09-19 14:12:41,737:INFO: [TRAIN] Step: 476 ; Loss: 28.025 ; Acc: 35.465
2018-09-19 14:12:41,819:INFO: [TRAIN] Step: 477 ; Loss: 27.209 ; Acc: 35.478
2018-09-19 14:12:41,893:INFO: [TRAIN] Step: 478 ; Loss: 25.809 ; Acc: 35.491
2018-09-19 14:12:41,975:INFO: [TRAIN] Step: 479 ; Loss: 29.196 ; Acc: 35.486
2018-09-19 14:12:42,047:INFO: [TRAIN] Step: 480 ; Loss: 25.340 ; Acc: 35.473
2018-09-19 14:12:42,129:INFO: [TRAIN] Step: 481 ; Loss: 27.126 ; Acc: 35.494
2018-09-19 14:12:42,203:INFO: [TRAIN] Step: 482 ; Loss: 23.705 ; Acc: 35.533
2018-09-19 14:12:42,286:INFO: [TRAIN] Step: 483 ; Loss: 26.065 ; Acc: 35.572
2018-09-19 14:12:42,357:INFO: [TRAIN] Step: 484 ; Loss: 29.759 ; Acc: 35.576
2018-09-19 14:12:42,437:INFO: [TRAIN] Step: 485 ; Loss: 27.761 ; Acc: 35.545
2018-09-19 14:12:42,511:INFO: [TRAIN] Step: 486 ; Loss: 28.076 ; Acc: 35.532
2018-09-19 14:12:42,592:INFO: [TRAIN] Step: 487 ; Loss: 25.454 ; Acc: 35.536
2018-09-19 14:12:42,663:INFO: [TRAIN] Step: 488 ; Loss: 25.456 ; Acc: 35.574
2018-09-19 14:12:42,743:INFO: [TRAIN] Step: 489 ; Loss: 29.375 ; Acc: 35.587
2018-09-19 14:12:42,815:INFO: [TRAIN] Step: 490 ; Loss: 29.511 ; Acc: 35.582
2018-09-19 14:12:42,896:INFO: [TRAIN] Step: 491 ; Loss: 29.076 ; Acc: 35.620
2018-09-19 14:12:42,967:INFO: [TRAIN] Step: 492 ; Loss: 27.084 ; Acc: 35.607
2018-09-19 14:12:43,045:INFO: [TRAIN] Step: 493 ; Loss: 25.443 ; Acc: 35.644
2018-09-19 14:12:43,124:INFO: [TRAIN] Step: 494 ; Loss: 26.800 ; Acc: 35.665
2018-09-19 14:12:43,204:INFO: [TRAIN] Step: 495 ; Loss: 24.703 ; Acc: 35.685
2018-09-19 14:12:43,280:INFO: [TRAIN] Step: 496 ; Loss: 28.703 ; Acc: 35.681
2018-09-19 14:12:43,365:INFO: [TRAIN] Step: 497 ; Loss: 30.708 ; Acc: 35.710
2018-09-19 14:12:43,440:INFO: [TRAIN] Step: 498 ; Loss: 25.450 ; Acc: 35.746
2018-09-19 14:12:43,518:INFO: [TRAIN] Step: 499 ; Loss: 29.984 ; Acc: 35.758
2018-09-19 14:12:43,592:INFO: [TRAIN] Step: 500 ; Loss: 30.105 ; Acc: 35.762
2018-09-19 14:12:43,672:INFO: [TRAIN] Step: 501 ; Loss: 30.195 ; Acc: 35.757
2018-09-19 14:12:43,743:INFO: [TRAIN] Step: 502 ; Loss: 31.782 ; Acc: 35.719
2018-09-19 14:12:43,824:INFO: [TRAIN] Step: 503 ; Loss: 26.508 ; Acc: 35.731
2018-09-19 14:12:43,896:INFO: [TRAIN] Step: 504 ; Loss: 29.770 ; Acc: 35.710
2018-09-19 14:12:43,977:INFO: [TRAIN] Step: 505 ; Loss: 27.622 ; Acc: 35.697
2018-09-19 14:12:44,054:INFO: [TRAIN] Step: 506 ; Loss: 29.900 ; Acc: 35.676
2018-09-19 14:12:44,136:INFO: [TRAIN] Step: 507 ; Loss: 29.735 ; Acc: 35.679
2018-09-19 14:12:44,209:INFO: [TRAIN] Step: 508 ; Loss: 27.270 ; Acc: 35.666
2018-09-19 14:12:44,287:INFO: [TRAIN] Step: 509 ; Loss: 24.307 ; Acc: 35.686
2018-09-19 14:12:44,360:INFO: [TRAIN] Step: 510 ; Loss: 23.881 ; Acc: 35.698
2018-09-19 14:12:44,441:INFO: [TRAIN] Step: 511 ; Loss: 24.103 ; Acc: 35.693
2018-09-19 14:12:44,513:INFO: [TRAIN] Step: 512 ; Loss: 27.553 ; Acc: 35.713
2018-09-19 14:12:44,594:INFO: [TRAIN] Step: 513 ; Loss: 30.188 ; Acc: 35.700
2018-09-19 14:12:44,664:INFO: [TRAIN] Step: 514 ; Loss: 26.837 ; Acc: 35.736
2018-09-19 14:12:44,746:INFO: [TRAIN] Step: 515 ; Loss: 26.764 ; Acc: 35.780
2018-09-19 14:12:44,819:INFO: [TRAIN] Step: 516 ; Loss: 31.290 ; Acc: 35.767
2018-09-19 14:12:44,898:INFO: [TRAIN] Step: 517 ; Loss: 26.143 ; Acc: 35.795
2018-09-19 14:12:44,972:INFO: [TRAIN] Step: 518 ; Loss: 33.092 ; Acc: 35.798
2018-09-19 14:12:45,051:INFO: [TRAIN] Step: 519 ; Loss: 29.846 ; Acc: 35.841
2018-09-19 14:12:45,124:INFO: [TRAIN] Step: 520 ; Loss: 28.405 ; Acc: 35.869
2018-09-19 14:12:45,204:INFO: [TRAIN] Step: 521 ; Loss: 27.994 ; Acc: 35.920
2018-09-19 14:12:45,280:INFO: [TRAIN] Step: 522 ; Loss: 26.719 ; Acc: 35.938
2018-09-19 14:12:45,360:INFO: [TRAIN] Step: 523 ; Loss: 27.608 ; Acc: 35.926
2018-09-19 14:12:45,432:INFO: [TRAIN] Step: 524 ; Loss: 29.875 ; Acc: 35.937
2018-09-19 14:12:45,514:INFO: [TRAIN] Step: 525 ; Loss: 30.415 ; Acc: 35.932
2018-09-19 14:12:45,594:INFO: [TRAIN] Step: 526 ; Loss: 27.015 ; Acc: 35.942
2018-09-19 14:12:45,672:INFO: [TRAIN] Step: 527 ; Loss: 28.070 ; Acc: 35.969
2018-09-19 14:12:45,744:INFO: [TRAIN] Step: 528 ; Loss: 26.059 ; Acc: 35.988
2018-09-19 14:12:45,823:INFO: [TRAIN] Step: 529 ; Loss: 27.672 ; Acc: 36.014
2018-09-19 14:12:45,895:INFO: [TRAIN] Step: 530 ; Loss: 26.918 ; Acc: 36.025
2018-09-19 14:12:45,975:INFO: [TRAIN] Step: 531 ; Loss: 30.696 ; Acc: 36.028
2018-09-19 14:12:46,047:INFO: [TRAIN] Step: 532 ; Loss: 31.931 ; Acc: 36.007
2018-09-19 14:12:46,127:INFO: [TRAIN] Step: 533 ; Loss: 30.372 ; Acc: 36.002
2018-09-19 14:12:46,203:INFO: [TRAIN] Step: 534 ; Loss: 22.796 ; Acc: 36.012
2018-09-19 14:12:46,286:INFO: [TRAIN] Step: 535 ; Loss: 27.385 ; Acc: 35.992
2018-09-19 14:12:46,370:INFO: [TRAIN] Step: 536 ; Loss: 26.625 ; Acc: 35.987
2018-09-19 14:12:46,459:INFO: [TRAIN] Step: 537 ; Loss: 27.155 ; Acc: 35.982
2018-09-19 14:12:46,534:INFO: [TRAIN] Step: 538 ; Loss: 27.725 ; Acc: 36.000
2018-09-19 14:12:46,614:INFO: [TRAIN] Step: 539 ; Loss: 27.590 ; Acc: 36.019
2018-09-19 14:12:46,688:INFO: [TRAIN] Step: 540 ; Loss: 29.448 ; Acc: 36.021
2018-09-19 14:12:46,768:INFO: [TRAIN] Step: 541 ; Loss: 29.551 ; Acc: 36.039
2018-09-19 14:12:46,842:INFO: [TRAIN] Step: 542 ; Loss: 25.652 ; Acc: 36.065
2018-09-19 14:12:46,920:INFO: [TRAIN] Step: 543 ; Loss: 24.773 ; Acc: 36.091
2018-09-19 14:12:46,991:INFO: [TRAIN] Step: 544 ; Loss: 25.542 ; Acc: 36.070
2018-09-19 14:12:47,070:INFO: [TRAIN] Step: 545 ; Loss: 24.723 ; Acc: 36.050
2018-09-19 14:12:47,143:INFO: [TRAIN] Step: 546 ; Loss: 28.642 ; Acc: 36.037
2018-09-19 14:12:47,223:INFO: [TRAIN] Step: 547 ; Loss: 27.031 ; Acc: 36.025
2018-09-19 14:12:47,296:INFO: [TRAIN] Step: 548 ; Loss: 29.542 ; Acc: 36.020
2018-09-19 14:12:47,381:INFO: [TRAIN] Step: 549 ; Loss: 28.041 ; Acc: 36.045
2018-09-19 14:12:47,455:INFO: [TRAIN] Step: 550 ; Loss: 29.133 ; Acc: 36.071
2018-09-19 14:12:47,535:INFO: [TRAIN] Step: 551 ; Loss: 29.659 ; Acc: 36.058
2018-09-19 14:12:47,613:INFO: [TRAIN] Step: 552 ; Loss: 24.740 ; Acc: 36.068
2018-09-19 14:12:47,701:INFO: [TRAIN] Step: 553 ; Loss: 29.118 ; Acc: 36.048
2018-09-19 14:12:47,774:INFO: [TRAIN] Step: 554 ; Loss: 25.336 ; Acc: 36.059
2018-09-19 14:12:47,855:INFO: [TRAIN] Step: 555 ; Loss: 23.656 ; Acc: 36.091
2018-09-19 14:12:47,928:INFO: [TRAIN] Step: 556 ; Loss: 26.801 ; Acc: 36.094
2018-09-19 14:12:48,008:INFO: [TRAIN] Step: 557 ; Loss: 27.603 ; Acc: 36.111
2018-09-19 14:12:48,082:INFO: [TRAIN] Step: 558 ; Loss: 26.616 ; Acc: 36.129
2018-09-19 14:12:48,164:INFO: [TRAIN] Step: 559 ; Loss: 28.023 ; Acc: 36.138
2018-09-19 14:12:48,236:INFO: [TRAIN] Step: 560 ; Loss: 29.131 ; Acc: 36.126
2018-09-19 14:12:48,316:INFO: [TRAIN] Step: 561 ; Loss: 27.920 ; Acc: 36.143
2018-09-19 14:12:48,392:INFO: [TRAIN] Step: 562 ; Loss: 26.027 ; Acc: 36.146
2018-09-19 14:12:48,472:INFO: [TRAIN] Step: 563 ; Loss: 24.043 ; Acc: 36.170
2018-09-19 14:12:48,545:INFO: [TRAIN] Step: 564 ; Loss: 23.933 ; Acc: 36.187
2018-09-19 14:12:48,626:INFO: [TRAIN] Step: 565 ; Loss: 31.853 ; Acc: 36.182
2018-09-19 14:12:48,697:INFO: [TRAIN] Step: 566 ; Loss: 26.556 ; Acc: 36.207
2018-09-19 14:12:48,778:INFO: [TRAIN] Step: 567 ; Loss: 31.040 ; Acc: 36.194
2018-09-19 14:12:48,852:INFO: [TRAIN] Step: 568 ; Loss: 31.560 ; Acc: 36.167
2018-09-19 14:12:48,935:INFO: [TRAIN] Step: 569 ; Loss: 26.103 ; Acc: 36.177
2018-09-19 14:12:49,009:INFO: [TRAIN] Step: 570 ; Loss: 27.900 ; Acc: 36.179
2018-09-19 14:12:49,091:INFO: [TRAIN] Step: 571 ; Loss: 28.262 ; Acc: 36.189
2018-09-19 14:12:49,166:INFO: [TRAIN] Step: 572 ; Loss: 28.961 ; Acc: 36.198
2018-09-19 14:12:49,246:INFO: [TRAIN] Step: 573 ; Loss: 29.884 ; Acc: 36.201
2018-09-19 14:12:49,321:INFO: [TRAIN] Step: 574 ; Loss: 25.493 ; Acc: 36.217
2018-09-19 14:12:49,400:INFO: [TRAIN] Step: 575 ; Loss: 30.254 ; Acc: 36.205
2018-09-19 14:12:49,474:INFO: [TRAIN] Step: 576 ; Loss: 28.490 ; Acc: 36.200
2018-09-19 14:12:49,556:INFO: [TRAIN] Step: 577 ; Loss: 23.815 ; Acc: 36.246
2018-09-19 14:12:49,630:INFO: [TRAIN] Step: 578 ; Loss: 24.410 ; Acc: 36.284
2018-09-19 14:12:49,713:INFO: [TRAIN] Step: 579 ; Loss: 26.986 ; Acc: 36.286
2018-09-19 14:12:49,786:INFO: [TRAIN] Step: 580 ; Loss: 27.809 ; Acc: 36.281
2018-09-19 14:12:49,866:INFO: [TRAIN] Step: 581 ; Loss: 30.964 ; Acc: 36.254
2018-09-19 14:12:49,940:INFO: [TRAIN] Step: 582 ; Loss: 28.873 ; Acc: 36.249
2018-09-19 14:12:50,022:INFO: [TRAIN] Step: 583 ; Loss: 32.303 ; Acc: 36.251
2018-09-19 14:12:50,096:INFO: [TRAIN] Step: 584 ; Loss: 25.898 ; Acc: 36.275
2018-09-19 14:12:50,181:INFO: [TRAIN] Step: 585 ; Loss: 26.833 ; Acc: 36.256
2018-09-19 14:12:50,254:INFO: [TRAIN] Step: 586 ; Loss: 26.364 ; Acc: 36.244
2018-09-19 14:12:50,335:INFO: [TRAIN] Step: 587 ; Loss: 27.264 ; Acc: 36.239
2018-09-19 14:12:50,410:INFO: [TRAIN] Step: 588 ; Loss: 28.723 ; Acc: 36.220
2018-09-19 14:12:50,491:INFO: [TRAIN] Step: 589 ; Loss: 27.454 ; Acc: 36.222
2018-09-19 14:12:50,564:INFO: [TRAIN] Step: 590 ; Loss: 25.029 ; Acc: 36.238
2018-09-19 14:12:50,644:INFO: [TRAIN] Step: 591 ; Loss: 23.756 ; Acc: 36.247
2018-09-19 14:12:50,718:INFO: [TRAIN] Step: 592 ; Loss: 27.797 ; Acc: 36.263
2018-09-19 14:12:50,800:INFO: [TRAIN] Step: 593 ; Loss: 28.910 ; Acc: 36.286
2018-09-19 14:12:50,880:INFO: [TRAIN] Step: 594 ; Loss: 26.350 ; Acc: 36.289
2018-09-19 14:12:50,960:INFO: [TRAIN] Step: 595 ; Loss: 27.478 ; Acc: 36.277
2018-09-19 14:12:51,032:INFO: [TRAIN] Step: 596 ; Loss: 27.684 ; Acc: 36.279
2018-09-19 14:12:51,112:INFO: [TRAIN] Step: 597 ; Loss: 31.794 ; Acc: 36.246
2018-09-19 14:12:51,185:INFO: [TRAIN] Step: 598 ; Loss: 30.266 ; Acc: 36.262
2018-09-19 14:12:51,264:INFO: [TRAIN] Step: 599 ; Loss: 30.097 ; Acc: 36.257
2018-09-19 14:12:51,340:INFO: [TRAIN] Step: 600 ; Loss: 24.896 ; Acc: 36.252
2018-09-19 14:12:51,421:INFO: [TRAIN] Step: 601 ; Loss: 30.615 ; Acc: 36.220
2018-09-19 14:12:51,497:INFO: [TRAIN] Step: 602 ; Loss: 28.939 ; Acc: 36.215
2018-09-19 14:12:51,578:INFO: [TRAIN] Step: 603 ; Loss: 27.149 ; Acc: 36.231
2018-09-19 14:12:51,651:INFO: [TRAIN] Step: 604 ; Loss: 26.728 ; Acc: 36.240
2018-09-19 14:12:51,731:INFO: [TRAIN] Step: 605 ; Loss: 26.180 ; Acc: 36.235
2018-09-19 14:12:51,807:INFO: [TRAIN] Step: 606 ; Loss: 28.973 ; Acc: 36.230
2018-09-19 14:12:51,888:INFO: [TRAIN] Step: 607 ; Loss: 27.387 ; Acc: 36.225
2018-09-19 14:12:51,960:INFO: [TRAIN] Step: 608 ; Loss: 29.475 ; Acc: 36.214
2018-09-19 14:12:52,043:INFO: [TRAIN] Step: 609 ; Loss: 28.357 ; Acc: 36.202
2018-09-19 14:12:52,114:INFO: [TRAIN] Step: 610 ; Loss: 30.387 ; Acc: 36.238
2018-09-19 14:12:52,195:INFO: [TRAIN] Step: 611 ; Loss: 34.175 ; Acc: 36.247
2018-09-19 14:12:52,269:INFO: [TRAIN] Step: 612 ; Loss: 23.976 ; Acc: 36.256
2018-09-19 14:12:52,350:INFO: [TRAIN] Step: 613 ; Loss: 27.205 ; Acc: 36.285
2018-09-19 14:12:52,424:INFO: [TRAIN] Step: 614 ; Loss: 25.996 ; Acc: 36.308
2018-09-19 14:12:52,505:INFO: [TRAIN] Step: 615 ; Loss: 28.140 ; Acc: 36.337
2018-09-19 14:12:52,577:INFO: [TRAIN] Step: 616 ; Loss: 27.661 ; Acc: 36.359
2018-09-19 14:12:52,659:INFO: [TRAIN] Step: 617 ; Loss: 28.555 ; Acc: 36.361
2018-09-19 14:12:52,732:INFO: [TRAIN] Step: 618 ; Loss: 27.978 ; Acc: 36.362
2018-09-19 14:12:52,816:INFO: [TRAIN] Step: 619 ; Loss: 31.592 ; Acc: 36.358
2018-09-19 14:12:52,891:INFO: [TRAIN] Step: 620 ; Loss: 28.651 ; Acc: 36.346
2018-09-19 14:12:52,975:INFO: [TRAIN] Step: 621 ; Loss: 28.754 ; Acc: 36.348
2018-09-19 14:12:53,051:INFO: [TRAIN] Step: 622 ; Loss: 23.722 ; Acc: 36.330
2018-09-19 14:12:53,132:INFO: [TRAIN] Step: 623 ; Loss: 27.610 ; Acc: 36.325
2018-09-19 14:12:53,206:INFO: [TRAIN] Step: 624 ; Loss: 28.481 ; Acc: 36.347
2018-09-19 14:12:53,292:INFO: [TRAIN] Step: 625 ; Loss: 30.477 ; Acc: 36.355
2018-09-19 14:12:53,370:INFO: [TRAIN] Step: 626 ; Loss: 28.579 ; Acc: 36.330
2018-09-19 14:12:53,454:INFO: [TRAIN] Step: 627 ; Loss: 29.745 ; Acc: 36.326
2018-09-19 14:12:53,529:INFO: [TRAIN] Step: 628 ; Loss: 27.690 ; Acc: 36.328
2018-09-19 14:12:53,614:INFO: [TRAIN] Step: 629 ; Loss: 23.511 ; Acc: 36.343
2018-09-19 14:12:53,690:INFO: [TRAIN] Step: 630 ; Loss: 28.272 ; Acc: 36.358
2018-09-19 14:12:53,775:INFO: [TRAIN] Step: 631 ; Loss: 24.485 ; Acc: 36.359
2018-09-19 14:12:53,852:INFO: [TRAIN] Step: 632 ; Loss: 25.024 ; Acc: 36.381
2018-09-19 14:12:53,937:INFO: [TRAIN] Step: 633 ; Loss: 30.285 ; Acc: 36.363
2018-09-19 14:12:54,017:INFO: [TRAIN] Step: 634 ; Loss: 28.604 ; Acc: 36.358
2018-09-19 14:12:54,103:INFO: [TRAIN] Step: 635 ; Loss: 30.052 ; Acc: 36.354
2018-09-19 14:12:54,181:INFO: [TRAIN] Step: 636 ; Loss: 29.193 ; Acc: 36.349
2018-09-19 14:12:54,268:INFO: [TRAIN] Step: 637 ; Loss: 28.757 ; Acc: 36.357
2018-09-19 14:12:54,347:INFO: [TRAIN] Step: 638 ; Loss: 28.603 ; Acc: 36.365
2018-09-19 14:12:54,435:INFO: [TRAIN] Step: 639 ; Loss: 32.266 ; Acc: 36.406
2018-09-19 14:12:54,519:INFO: [TRAIN] Step: 640 ; Loss: 27.850 ; Acc: 36.401
2018-09-19 14:12:54,605:INFO: [TRAIN] Step: 641 ; Loss: 28.076 ; Acc: 36.423
2018-09-19 14:12:54,684:INFO: [TRAIN] Step: 642 ; Loss: 29.960 ; Acc: 36.437
2018-09-19 14:12:54,772:INFO: [TRAIN] Step: 643 ; Loss: 27.166 ; Acc: 36.452
2018-09-19 14:12:54,854:INFO: [TRAIN] Step: 644 ; Loss: 27.721 ; Acc: 36.460
2018-09-19 14:12:54,943:INFO: [TRAIN] Step: 645 ; Loss: 27.004 ; Acc: 36.468
2018-09-19 14:12:55,024:INFO: [TRAIN] Step: 646 ; Loss: 26.857 ; Acc: 36.470
2018-09-19 14:12:55,115:INFO: [TRAIN] Step: 647 ; Loss: 27.466 ; Acc: 36.465
2018-09-19 14:12:55,198:INFO: [TRAIN] Step: 648 ; Loss: 31.343 ; Acc: 36.492
2018-09-19 14:12:55,286:INFO: [TRAIN] Step: 649 ; Loss: 28.015 ; Acc: 36.487
2018-09-19 14:12:55,371:INFO: [TRAIN] Step: 650 ; Loss: 31.897 ; Acc: 36.489
2018-09-19 14:12:55,464:INFO: [TRAIN] Step: 651 ; Loss: 27.356 ; Acc: 36.503
2018-09-19 14:12:55,547:INFO: [TRAIN] Step: 652 ; Loss: 28.418 ; Acc: 36.511
2018-09-19 14:12:55,645:INFO: [TRAIN] Step: 653 ; Loss: 26.142 ; Acc: 36.525
2018-09-19 14:12:55,734:INFO: [TRAIN] Step: 654 ; Loss: 26.539 ; Acc: 36.539
2018-09-19 14:12:55,829:INFO: [TRAIN] Step: 655 ; Loss: 25.967 ; Acc: 36.547
2018-09-19 14:12:55,920:INFO: [TRAIN] Step: 656 ; Loss: 28.760 ; Acc: 36.568
2018-09-19 14:12:56,017:INFO: [TRAIN] Step: 657 ; Loss: 28.341 ; Acc: 36.601
2018-09-19 14:12:56,103:INFO: [TRAIN] Step: 658 ; Loss: 22.367 ; Acc: 36.634
2018-09-19 14:12:56,200:INFO: [TRAIN] Step: 659 ; Loss: 31.721 ; Acc: 36.604
2018-09-19 14:12:56,286:INFO: [TRAIN] Step: 660 ; Loss: 28.402 ; Acc: 36.599
2018-09-19 14:12:56,384:INFO: [TRAIN] Step: 661 ; Loss: 26.525 ; Acc: 36.594
2018-09-19 14:12:56,474:INFO: [TRAIN] Step: 662 ; Loss: 30.838 ; Acc: 36.582
2018-09-19 14:12:56,569:INFO: [TRAIN] Step: 663 ; Loss: 26.919 ; Acc: 36.609
2018-09-19 14:12:56,662:INFO: [TRAIN] Step: 664 ; Loss: 23.133 ; Acc: 36.635
2018-09-19 14:12:56,758:INFO: [TRAIN] Step: 665 ; Loss: 27.847 ; Acc: 36.655
2018-09-19 14:12:56,849:INFO: [TRAIN] Step: 666 ; Loss: 28.392 ; Acc: 36.657
2018-09-19 14:12:56,951:INFO: [TRAIN] Step: 667 ; Loss: 25.191 ; Acc: 36.633
2018-09-19 14:12:57,044:INFO: [TRAIN] Step: 668 ; Loss: 32.052 ; Acc: 36.622
2018-09-19 14:12:57,143:INFO: [TRAIN] Step: 669 ; Loss: 26.028 ; Acc: 36.623
2018-09-19 14:12:57,240:INFO: [TRAIN] Step: 670 ; Loss: 28.649 ; Acc: 36.624
2018-09-19 14:12:57,341:INFO: [TRAIN] Step: 671 ; Loss: 27.358 ; Acc: 36.626
2018-09-19 14:12:57,436:INFO: [TRAIN] Step: 672 ; Loss: 28.072 ; Acc: 36.652
2018-09-19 14:12:57,537:INFO: [TRAIN] Step: 673 ; Loss: 30.868 ; Acc: 36.641
2018-09-19 14:12:57,630:INFO: [TRAIN] Step: 674 ; Loss: 28.892 ; Acc: 36.636
2018-09-19 14:12:57,739:INFO: [TRAIN] Step: 675 ; Loss: 28.470 ; Acc: 36.631
2018-09-19 14:12:57,834:INFO: [TRAIN] Step: 676 ; Loss: 28.094 ; Acc: 36.645
2018-09-19 14:12:57,937:INFO: [TRAIN] Step: 677 ; Loss: 27.351 ; Acc: 36.652
2018-09-19 14:12:58,034:INFO: [TRAIN] Step: 678 ; Loss: 25.837 ; Acc: 36.684
2018-09-19 14:12:58,141:INFO: [TRAIN] Step: 679 ; Loss: 26.399 ; Acc: 36.679
2018-09-19 14:12:58,246:INFO: [TRAIN] Step: 680 ; Loss: 25.952 ; Acc: 36.692
2018-09-19 14:12:58,355:INFO: [TRAIN] Step: 681 ; Loss: 28.112 ; Acc: 36.681
2018-09-19 14:12:58,461:INFO: [TRAIN] Step: 682 ; Loss: 27.565 ; Acc: 36.664
2018-09-19 14:12:58,568:INFO: [TRAIN] Step: 683 ; Loss: 30.465 ; Acc: 36.653
2018-09-19 14:12:58,678:INFO: [TRAIN] Step: 684 ; Loss: 24.108 ; Acc: 36.697
2018-09-19 14:12:58,790:INFO: [TRAIN] Step: 685 ; Loss: 27.970 ; Acc: 36.680
2018-09-19 14:12:58,898:INFO: [TRAIN] Step: 686 ; Loss: 27.367 ; Acc: 36.699
2018-09-19 14:12:59,007:INFO: [TRAIN] Step: 687 ; Loss: 23.399 ; Acc: 36.707
2018-09-19 14:12:59,118:INFO: [TRAIN] Step: 688 ; Loss: 29.696 ; Acc: 36.702
2018-09-19 14:12:59,227:INFO: [TRAIN] Step: 689 ; Loss: 27.029 ; Acc: 36.703
2018-09-19 14:12:59,342:INFO: [TRAIN] Step: 690 ; Loss: 29.043 ; Acc: 36.704
2018-09-19 14:12:59,450:INFO: [TRAIN] Step: 691 ; Loss: 25.691 ; Acc: 36.747
2018-09-19 14:12:59,566:INFO: [TRAIN] Step: 692 ; Loss: 23.896 ; Acc: 36.748
2018-09-19 14:12:59,675:INFO: [TRAIN] Step: 693 ; Loss: 24.305 ; Acc: 36.762
2018-09-19 14:12:59,787:INFO: [TRAIN] Step: 694 ; Loss: 30.564 ; Acc: 36.751
2018-09-19 14:12:59,898:INFO: [TRAIN] Step: 695 ; Loss: 25.173 ; Acc: 36.776
2018-09-19 14:13:00,014:INFO: [TRAIN] Step: 696 ; Loss: 24.383 ; Acc: 36.801
2018-09-19 14:13:00,130:INFO: [TRAIN] Step: 697 ; Loss: 28.306 ; Acc: 36.814
2018-09-19 14:13:00,242:INFO: [TRAIN] Step: 698 ; Loss: 26.190 ; Acc: 36.844
2018-09-19 14:13:00,357:INFO: [TRAIN] Step: 699 ; Loss: 23.545 ; Acc: 36.875
2018-09-19 14:13:00,471:INFO: [TRAIN] Step: 700 ; Loss: 26.993 ; Acc: 36.864
2018-09-19 14:13:00,580:INFO: [TRAIN] Step: 701 ; Loss: 26.053 ; Acc: 36.877
2018-09-19 14:13:00,695:INFO: [TRAIN] Step: 702 ; Loss: 30.187 ; Acc: 36.860
2018-09-19 14:13:00,810:INFO: [TRAIN] Step: 703 ; Loss: 27.136 ; Acc: 36.867
2018-09-19 14:13:00,925:INFO: [TRAIN] Step: 704 ; Loss: 28.514 ; Acc: 36.874
2018-09-19 14:13:01,038:INFO: [TRAIN] Step: 705 ; Loss: 26.150 ; Acc: 36.880
2018-09-19 14:13:01,153:INFO: [TRAIN] Step: 706 ; Loss: 24.298 ; Acc: 36.899
2018-09-19 14:13:01,269:INFO: [TRAIN] Step: 707 ; Loss: 32.766 ; Acc: 36.882
2018-09-19 14:13:01,379:INFO: [TRAIN] Step: 708 ; Loss: 29.088 ; Acc: 36.889
2018-09-19 14:13:01,496:INFO: [TRAIN] Step: 709 ; Loss: 26.487 ; Acc: 36.890
2018-09-19 14:13:01,609:INFO: [TRAIN] Step: 710 ; Loss: 30.739 ; Acc: 36.885
2018-09-19 14:13:01,722:INFO: [TRAIN] Step: 711 ; Loss: 26.750 ; Acc: 36.880
2018-09-19 14:13:01,841:INFO: [TRAIN] Step: 712 ; Loss: 28.526 ; Acc: 36.869
2018-09-19 14:13:01,951:INFO: [TRAIN] Step: 713 ; Loss: 26.142 ; Acc: 36.876
2018-09-19 14:13:02,061:INFO: [TRAIN] Step: 714 ; Loss: 24.089 ; Acc: 36.906
2018-09-19 14:13:02,175:INFO: [TRAIN] Step: 715 ; Loss: 27.638 ; Acc: 36.912
2018-09-19 14:13:02,285:INFO: [TRAIN] Step: 716 ; Loss: 25.724 ; Acc: 36.913
2018-09-19 14:13:02,398:INFO: [TRAIN] Step: 717 ; Loss: 27.909 ; Acc: 36.925
2018-09-19 14:13:02,509:INFO: [TRAIN] Step: 718 ; Loss: 28.331 ; Acc: 36.920
2018-09-19 14:13:02,619:INFO: [TRAIN] Step: 719 ; Loss: 33.877 ; Acc: 36.910
2018-09-19 14:13:02,731:INFO: [TRAIN] Step: 720 ; Loss: 25.175 ; Acc: 36.939
2018-09-19 14:13:02,843:INFO: [TRAIN] Step: 721 ; Loss: 30.543 ; Acc: 36.929
2018-09-19 14:13:02,954:INFO: [TRAIN] Step: 722 ; Loss: 26.225 ; Acc: 36.953
2018-09-19 14:13:03,062:INFO: [TRAIN] Step: 723 ; Loss: 31.577 ; Acc: 36.965
2018-09-19 14:13:03,172:INFO: [TRAIN] Step: 724 ; Loss: 31.761 ; Acc: 36.948
2018-09-19 14:13:03,280:INFO: [TRAIN] Step: 725 ; Loss: 27.093 ; Acc: 36.983
2018-09-19 14:13:03,387:INFO: [TRAIN] Step: 726 ; Loss: 27.791 ; Acc: 36.967
2018-09-19 14:13:03,498:INFO: [TRAIN] Step: 727 ; Loss: 25.636 ; Acc: 36.968
2018-09-19 14:13:03,606:INFO: [TRAIN] Step: 728 ; Loss: 23.403 ; Acc: 36.991
2018-09-19 14:13:03,722:INFO: [TRAIN] Step: 729 ; Loss: 27.753 ; Acc: 37.003
2018-09-19 14:13:03,835:INFO: [TRAIN] Step: 730 ; Loss: 29.903 ; Acc: 36.998
2018-09-19 14:13:03,944:INFO: [TRAIN] Step: 731 ; Loss: 24.989 ; Acc: 37.005
2018-09-19 14:13:04,058:INFO: [TRAIN] Step: 732 ; Loss: 28.053 ; Acc: 37.017
2018-09-19 14:13:04,168:INFO: [TRAIN] Step: 733 ; Loss: 28.556 ; Acc: 37.035
2018-09-19 14:13:04,281:INFO: [TRAIN] Step: 734 ; Loss: 25.330 ; Acc: 37.046
2018-09-19 14:13:04,390:INFO: [TRAIN] Step: 735 ; Loss: 26.122 ; Acc: 37.053
2018-09-19 14:13:04,499:INFO: [TRAIN] Step: 736 ; Loss: 29.608 ; Acc: 37.053
2018-09-19 14:13:04,611:INFO: [TRAIN] Step: 737 ; Loss: 27.686 ; Acc: 37.060
2018-09-19 14:13:04,719:INFO: [TRAIN] Step: 738 ; Loss: 24.631 ; Acc: 37.066
2018-09-19 14:13:04,831:INFO: [TRAIN] Step: 739 ; Loss: 26.620 ; Acc: 37.078
2018-09-19 14:13:04,941:INFO: [TRAIN] Step: 740 ; Loss: 30.978 ; Acc: 37.084
2018-09-19 14:13:05,053:INFO: [TRAIN] Step: 741 ; Loss: 28.166 ; Acc: 37.096
2018-09-19 14:13:05,166:INFO: [TRAIN] Step: 742 ; Loss: 27.333 ; Acc: 37.096
2018-09-19 14:13:05,281:INFO: [TRAIN] Step: 743 ; Loss: 25.882 ; Acc: 37.097
2018-09-19 14:13:05,394:INFO: [TRAIN] Step: 744 ; Loss: 26.350 ; Acc: 37.086
2018-09-19 14:13:05,503:INFO: [TRAIN] Step: 745 ; Loss: 27.119 ; Acc: 37.109
2018-09-19 14:13:05,619:INFO: [TRAIN] Step: 746 ; Loss: 26.432 ; Acc: 37.104
2018-09-19 14:13:05,731:INFO: [TRAIN] Step: 747 ; Loss: 27.097 ; Acc: 37.099
2018-09-19 14:13:05,841:INFO: [TRAIN] Step: 748 ; Loss: 26.728 ; Acc: 37.088
2018-09-19 14:13:05,952:INFO: [TRAIN] Step: 749 ; Loss: 27.141 ; Acc: 37.106
2018-09-19 14:13:06,061:INFO: [TRAIN] Step: 750 ; Loss: 27.368 ; Acc: 37.117
2018-09-19 14:13:06,169:INFO: [TRAIN] Step: 751 ; Loss: 25.578 ; Acc: 37.151
2018-09-19 14:13:06,280:INFO: [TRAIN] Step: 752 ; Loss: 30.056 ; Acc: 37.151
2018-09-19 14:13:06,390:INFO: [TRAIN] Step: 753 ; Loss: 26.744 ; Acc: 37.141
2018-09-19 14:13:06,497:INFO: [TRAIN] Step: 754 ; Loss: 27.848 ; Acc: 37.141
2018-09-19 14:13:06,609:INFO: [TRAIN] Step: 755 ; Loss: 28.139 ; Acc: 37.153
2018-09-19 14:13:06,719:INFO: [TRAIN] Step: 756 ; Loss: 26.585 ; Acc: 37.164
2018-09-19 14:13:06,831:INFO: [TRAIN] Step: 757 ; Loss: 30.097 ; Acc: 37.181
2018-09-19 14:13:06,941:INFO: [TRAIN] Step: 758 ; Loss: 22.868 ; Acc: 37.220
2018-09-19 14:13:07,053:INFO: [TRAIN] Step: 759 ; Loss: 27.095 ; Acc: 37.220
2018-09-19 14:13:07,163:INFO: [TRAIN] Step: 760 ; Loss: 22.630 ; Acc: 37.254
2018-09-19 14:13:07,276:INFO: [TRAIN] Step: 761 ; Loss: 30.372 ; Acc: 37.248
2018-09-19 14:13:07,391:INFO: [TRAIN] Step: 762 ; Loss: 26.344 ; Acc: 37.254
2018-09-19 14:13:07,501:INFO: [TRAIN] Step: 763 ; Loss: 27.802 ; Acc: 37.260
2018-09-19 14:13:07,611:INFO: [TRAIN] Step: 764 ; Loss: 29.821 ; Acc: 37.266
2018-09-19 14:13:07,729:INFO: [TRAIN] Step: 765 ; Loss: 21.835 ; Acc: 37.288
2018-09-19 14:13:07,839:INFO: [TRAIN] Step: 766 ; Loss: 26.251 ; Acc: 37.299
2018-09-19 14:13:07,947:INFO: [TRAIN] Step: 767 ; Loss: 26.620 ; Acc: 37.310
2018-09-19 14:13:08,055:INFO: [TRAIN] Step: 768 ; Loss: 24.870 ; Acc: 37.310
2018-09-19 14:13:08,165:INFO: [TRAIN] Step: 769 ; Loss: 26.131 ; Acc: 37.316
2018-09-19 14:13:08,272:INFO: [TRAIN] Step: 770 ; Loss: 24.928 ; Acc: 37.338
2018-09-19 14:13:08,381:INFO: [TRAIN] Step: 771 ; Loss: 29.353 ; Acc: 37.327
2018-09-19 14:13:08,488:INFO: [TRAIN] Step: 772 ; Loss: 26.497 ; Acc: 37.328
2018-09-19 14:13:08,600:INFO: [TRAIN] Step: 773 ; Loss: 27.990 ; Acc: 37.317
2018-09-19 14:13:08,715:INFO: [TRAIN] Step: 774 ; Loss: 28.788 ; Acc: 37.323
2018-09-19 14:13:08,822:INFO: [TRAIN] Step: 775 ; Loss: 31.085 ; Acc: 37.328
2018-09-19 14:13:08,933:INFO: [TRAIN] Step: 776 ; Loss: 31.030 ; Acc: 37.328
2018-09-19 14:13:09,040:INFO: [TRAIN] Step: 777 ; Loss: 25.722 ; Acc: 37.323
2018-09-19 14:13:09,152:INFO: [TRAIN] Step: 778 ; Loss: 27.200 ; Acc: 37.329
2018-09-19 14:13:09,259:INFO: [TRAIN] Step: 779 ; Loss: 28.496 ; Acc: 37.313
2018-09-19 14:13:09,367:INFO: [TRAIN] Step: 780 ; Loss: 30.306 ; Acc: 37.303
2018-09-19 14:13:09,479:INFO: [TRAIN] Step: 781 ; Loss: 30.510 ; Acc: 37.287
2018-09-19 14:13:09,586:INFO: [TRAIN] Step: 782 ; Loss: 30.752 ; Acc: 37.282
2018-09-19 14:13:09,697:INFO: [TRAIN] Step: 783 ; Loss: 24.890 ; Acc: 37.303
2018-09-19 14:13:09,804:INFO: [TRAIN] Step: 784 ; Loss: 22.916 ; Acc: 37.330
2018-09-19 14:13:09,916:INFO: [TRAIN] Step: 785 ; Loss: 27.810 ; Acc: 37.341
2018-09-19 14:13:10,024:INFO: [TRAIN] Step: 786 ; Loss: 29.248 ; Acc: 37.320
2018-09-19 14:13:10,134:INFO: [TRAIN] Step: 787 ; Loss: 28.425 ; Acc: 37.336
2018-09-19 14:13:10,243:INFO: [TRAIN] Step: 788 ; Loss: 27.121 ; Acc: 37.342
2018-09-19 14:13:10,352:INFO: [TRAIN] Step: 789 ; Loss: 25.313 ; Acc: 37.352
2018-09-19 14:13:10,460:INFO: [TRAIN] Step: 790 ; Loss: 30.461 ; Acc: 37.353
2018-09-19 14:13:10,566:INFO: [TRAIN] Step: 791 ; Loss: 23.494 ; Acc: 37.379
2018-09-19 14:13:10,672:INFO: [TRAIN] Step: 792 ; Loss: 24.609 ; Acc: 37.384
2018-09-19 14:13:10,784:INFO: [TRAIN] Step: 793 ; Loss: 24.504 ; Acc: 37.395
2018-09-19 14:13:10,893:INFO: [TRAIN] Step: 794 ; Loss: 28.511 ; Acc: 37.406
2018-09-19 14:13:11,001:INFO: [TRAIN] Step: 795 ; Loss: 26.042 ; Acc: 37.437
2018-09-19 14:13:11,107:INFO: [TRAIN] Step: 796 ; Loss: 27.919 ; Acc: 37.442
2018-09-19 14:13:11,217:INFO: [TRAIN] Step: 797 ; Loss: 22.631 ; Acc: 37.474
2018-09-19 14:13:11,327:INFO: [TRAIN] Step: 798 ; Loss: 23.684 ; Acc: 37.495
2018-09-19 14:13:11,436:INFO: [TRAIN] Step: 799 ; Loss: 26.126 ; Acc: 37.510
2018-09-19 14:13:11,545:INFO: [TRAIN] Step: 800 ; Loss: 30.225 ; Acc: 37.505
2018-09-19 14:13:11,651:INFO: [TRAIN] Step: 801 ; Loss: 31.453 ; Acc: 37.495
2018-09-19 14:13:11,761:INFO: [TRAIN] Step: 802 ; Loss: 25.639 ; Acc: 37.505
2018-09-19 14:13:11,865:INFO: [TRAIN] Step: 803 ; Loss: 29.299 ; Acc: 37.505
2018-09-19 14:13:11,970:INFO: [TRAIN] Step: 804 ; Loss: 23.982 ; Acc: 37.500
2018-09-19 14:13:12,076:INFO: [TRAIN] Step: 805 ; Loss: 25.206 ; Acc: 37.541
2018-09-19 14:13:12,179:INFO: [TRAIN] Step: 806 ; Loss: 26.421 ; Acc: 37.541
2018-09-19 14:13:12,291:INFO: [TRAIN] Step: 807 ; Loss: 27.303 ; Acc: 37.557
2018-09-19 14:13:12,397:INFO: [TRAIN] Step: 808 ; Loss: 28.880 ; Acc: 37.562
2018-09-19 14:13:12,501:INFO: [TRAIN] Step: 809 ; Loss: 26.780 ; Acc: 37.582
2018-09-19 14:13:12,608:INFO: [TRAIN] Step: 810 ; Loss: 28.259 ; Acc: 37.577
2018-09-19 14:13:12,712:INFO: [TRAIN] Step: 811 ; Loss: 28.056 ; Acc: 37.582
2018-09-19 14:13:12,818:INFO: [TRAIN] Step: 812 ; Loss: 27.218 ; Acc: 37.582
2018-09-19 14:13:12,924:INFO: [TRAIN] Step: 813 ; Loss: 25.192 ; Acc: 37.587
2018-09-19 14:13:13,032:INFO: [TRAIN] Step: 814 ; Loss: 23.885 ; Acc: 37.612
2018-09-19 14:13:13,138:INFO: [TRAIN] Step: 815 ; Loss: 25.733 ; Acc: 37.638
2018-09-19 14:13:13,245:INFO: [TRAIN] Step: 816 ; Loss: 23.690 ; Acc: 37.658
2018-09-19 14:13:13,353:INFO: [TRAIN] Step: 817 ; Loss: 28.762 ; Acc: 37.653
2018-09-19 14:13:13,458:INFO: [TRAIN] Step: 818 ; Loss: 24.875 ; Acc: 37.663
2018-09-19 14:13:13,563:INFO: [TRAIN] Step: 819 ; Loss: 28.121 ; Acc: 37.652
2018-09-19 14:13:13,669:INFO: [TRAIN] Step: 820 ; Loss: 24.625 ; Acc: 37.662
2018-09-19 14:13:13,771:INFO: [TRAIN] Step: 821 ; Loss: 28.371 ; Acc: 37.672
2018-09-19 14:13:13,877:INFO: [TRAIN] Step: 822 ; Loss: 27.546 ; Acc: 37.697
2018-09-19 14:13:13,983:INFO: [TRAIN] Step: 823 ; Loss: 30.168 ; Acc: 37.702
2018-09-19 14:13:14,088:INFO: [TRAIN] Step: 824 ; Loss: 24.440 ; Acc: 37.702
2018-09-19 14:13:14,192:INFO: [TRAIN] Step: 825 ; Loss: 24.636 ; Acc: 37.702
2018-09-19 14:13:14,300:INFO: [TRAIN] Step: 826 ; Loss: 25.517 ; Acc: 37.722
2018-09-19 14:13:14,405:INFO: [TRAIN] Step: 827 ; Loss: 27.310 ; Acc: 37.747
2018-09-19 14:13:14,504:INFO: [TRAIN] Step: 828 ; Loss: 27.152 ; Acc: 37.756
2018-09-19 14:13:14,604:INFO: [TRAIN] Step: 829 ; Loss: 24.444 ; Acc: 37.781
2018-09-19 14:13:14,705:INFO: [TRAIN] Step: 830 ; Loss: 27.001 ; Acc: 37.781
2018-09-19 14:13:14,805:INFO: [TRAIN] Step: 831 ; Loss: 26.455 ; Acc: 37.805
2018-09-19 14:13:14,906:INFO: [TRAIN] Step: 832 ; Loss: 25.485 ; Acc: 37.815
2018-09-19 14:13:15,006:INFO: [TRAIN] Step: 833 ; Loss: 27.728 ; Acc: 37.815
2018-09-19 14:13:15,102:INFO: [TRAIN] Step: 834 ; Loss: 28.757 ; Acc: 37.804
2018-09-19 14:13:15,202:INFO: [TRAIN] Step: 835 ; Loss: 25.542 ; Acc: 37.809
2018-09-19 14:13:15,294:INFO: [TRAIN] Step: 836 ; Loss: 25.175 ; Acc: 37.809
2018-09-19 14:13:15,398:INFO: [TRAIN] Step: 837 ; Loss: 28.979 ; Acc: 37.808
2018-09-19 14:13:15,494:INFO: [TRAIN] Step: 838 ; Loss: 31.251 ; Acc: 37.793
2018-09-19 14:13:15,594:INFO: [TRAIN] Step: 839 ; Loss: 29.617 ; Acc: 37.812
2018-09-19 14:13:15,695:INFO: [TRAIN] Step: 840 ; Loss: 28.979 ; Acc: 37.812
2018-09-19 14:13:15,794:INFO: [TRAIN] Step: 841 ; Loss: 26.341 ; Acc: 37.802
2018-09-19 14:13:15,890:INFO: [TRAIN] Step: 842 ; Loss: 23.882 ; Acc: 37.831
2018-09-19 14:13:15,992:INFO: [TRAIN] Step: 843 ; Loss: 29.410 ; Acc: 37.836
2018-09-19 14:13:16,083:INFO: [TRAIN] Step: 844 ; Loss: 26.536 ; Acc: 37.825
2018-09-19 14:13:16,183:INFO: [TRAIN] Step: 845 ; Loss: 28.031 ; Acc: 37.840
2018-09-19 14:13:16,275:INFO: [TRAIN] Step: 846 ; Loss: 28.592 ; Acc: 37.839
2018-09-19 14:13:16,377:INFO: [TRAIN] Step: 847 ; Loss: 27.376 ; Acc: 37.854
2018-09-19 14:13:16,468:INFO: [TRAIN] Step: 848 ; Loss: 26.208 ; Acc: 37.873
2018-09-19 14:13:16,565:INFO: [TRAIN] Step: 849 ; Loss: 26.790 ; Acc: 37.887
2018-09-19 14:13:16,657:INFO: [TRAIN] Step: 850 ; Loss: 27.753 ; Acc: 37.916
2018-09-19 14:13:16,755:INFO: [TRAIN] Step: 851 ; Loss: 29.141 ; Acc: 37.911
2018-09-19 14:13:16,843:INFO: [TRAIN] Step: 852 ; Loss: 23.585 ; Acc: 37.940
2018-09-19 14:13:16,940:INFO: [TRAIN] Step: 853 ; Loss: 28.071 ; Acc: 37.949
2018-09-19 14:13:17,035:INFO: [TRAIN] Step: 854 ; Loss: 26.913 ; Acc: 37.963
2018-09-19 14:13:17,134:INFO: [TRAIN] Step: 855 ; Loss: 25.578 ; Acc: 37.992
2018-09-19 14:13:17,228:INFO: [TRAIN] Step: 856 ; Loss: 26.269 ; Acc: 37.986
2018-09-19 14:13:17,323:INFO: [TRAIN] Step: 857 ; Loss: 24.522 ; Acc: 37.990
2018-09-19 14:13:17,417:INFO: [TRAIN] Step: 858 ; Loss: 25.991 ; Acc: 37.990
2018-09-19 14:13:17,516:INFO: [TRAIN] Step: 859 ; Loss: 25.294 ; Acc: 37.989
2018-09-19 14:13:17,609:INFO: [TRAIN] Step: 860 ; Loss: 27.147 ; Acc: 38.008
2018-09-19 14:13:17,724:INFO: [TRAIN] Step: 861 ; Loss: 25.693 ; Acc: 38.017
2018-09-19 14:13:17,823:INFO: [TRAIN] Step: 862 ; Loss: 26.835 ; Acc: 38.021
2018-09-19 14:13:17,920:INFO: [TRAIN] Step: 863 ; Loss: 23.387 ; Acc: 38.040
2018-09-19 14:13:18,008:INFO: [TRAIN] Step: 864 ; Loss: 27.778 ; Acc: 38.044
2018-09-19 14:13:18,103:INFO: [TRAIN] Step: 865 ; Loss: 29.411 ; Acc: 38.044
2018-09-19 14:13:18,195:INFO: [TRAIN] Step: 866 ; Loss: 28.486 ; Acc: 38.062
2018-09-19 14:13:18,298:INFO: [TRAIN] Step: 867 ; Loss: 25.032 ; Acc: 38.062
2018-09-19 14:13:18,401:INFO: [TRAIN] Step: 868 ; Loss: 26.135 ; Acc: 38.047
2018-09-19 14:13:18,512:INFO: [TRAIN] Step: 869 ; Loss: 23.892 ; Acc: 38.065
2018-09-19 14:13:18,607:INFO: [TRAIN] Step: 870 ; Loss: 27.430 ; Acc: 38.060
2018-09-19 14:13:18,706:INFO: [TRAIN] Step: 871 ; Loss: 28.892 ; Acc: 38.073
2018-09-19 14:13:18,798:INFO: [TRAIN] Step: 872 ; Loss: 23.300 ; Acc: 38.087
2018-09-19 14:13:18,894:INFO: [TRAIN] Step: 873 ; Loss: 26.152 ; Acc: 38.091
2018-09-19 14:13:18,987:INFO: [TRAIN] Step: 874 ; Loss: 23.212 ; Acc: 38.114
2018-09-19 14:13:19,082:INFO: [TRAIN] Step: 875 ; Loss: 23.487 ; Acc: 38.137
2018-09-19 14:13:19,171:INFO: [TRAIN] Step: 876 ; Loss: 25.641 ; Acc: 38.151
2018-09-19 14:13:19,266:INFO: [TRAIN] Step: 877 ; Loss: 26.680 ; Acc: 38.160
2018-09-19 14:13:19,360:INFO: [TRAIN] Step: 878 ; Loss: 25.403 ; Acc: 38.164
2018-09-19 14:13:19,459:INFO: [TRAIN] Step: 879 ; Loss: 21.240 ; Acc: 38.205
2018-09-19 14:13:19,562:INFO: [TRAIN] Step: 880 ; Loss: 26.732 ; Acc: 38.224
2018-09-19 14:13:19,666:INFO: [TRAIN] Step: 881 ; Loss: 25.445 ; Acc: 38.242
2018-09-19 14:13:19,759:INFO: [TRAIN] Step: 882 ; Loss: 23.293 ; Acc: 38.250
2018-09-19 14:13:19,867:INFO: [TRAIN] Step: 883 ; Loss: 25.669 ; Acc: 38.268
2018-09-19 14:13:19,956:INFO: [TRAIN] Step: 884 ; Loss: 25.815 ; Acc: 38.263
2018-09-19 14:13:20,053:INFO: [TRAIN] Step: 885 ; Loss: 25.387 ; Acc: 38.285
2018-09-19 14:13:20,141:INFO: [TRAIN] Step: 886 ; Loss: 25.884 ; Acc: 38.299
2018-09-19 14:13:20,238:INFO: [TRAIN] Step: 887 ; Loss: 29.781 ; Acc: 38.298
2018-09-19 14:13:20,327:INFO: [TRAIN] Step: 888 ; Loss: 29.422 ; Acc: 38.292
2018-09-19 14:13:20,426:INFO: [TRAIN] Step: 889 ; Loss: 27.785 ; Acc: 38.301
2018-09-19 14:13:20,512:INFO: [TRAIN] Step: 890 ; Loss: 27.257 ; Acc: 38.309
2018-09-19 14:13:20,611:INFO: [TRAIN] Step: 891 ; Loss: 26.986 ; Acc: 38.308
2018-09-19 14:13:20,700:INFO: [TRAIN] Step: 892 ; Loss: 26.694 ; Acc: 38.317
2018-09-19 14:13:20,795:INFO: [TRAIN] Step: 893 ; Loss: 23.032 ; Acc: 38.330
2018-09-19 14:13:20,886:INFO: [TRAIN] Step: 894 ; Loss: 28.218 ; Acc: 38.319
2018-09-19 14:13:20,982:INFO: [TRAIN] Step: 895 ; Loss: 30.797 ; Acc: 38.323
2018-09-19 14:13:21,072:INFO: [TRAIN] Step: 896 ; Loss: 28.388 ; Acc: 38.327
2018-09-19 14:13:21,169:INFO: [TRAIN] Step: 897 ; Loss: 25.109 ; Acc: 38.335
2018-09-19 14:13:21,258:INFO: [TRAIN] Step: 898 ; Loss: 26.234 ; Acc: 38.339
2018-09-19 14:13:21,356:INFO: [TRAIN] Step: 899 ; Loss: 26.705 ; Acc: 38.343
2018-09-19 14:13:21,445:INFO: [TRAIN] Step: 900 ; Loss: 29.036 ; Acc: 38.342
2018-09-19 14:13:21,542:INFO: [TRAIN] Step: 901 ; Loss: 25.463 ; Acc: 38.350
2018-09-19 14:13:21,629:INFO: [TRAIN] Step: 902 ; Loss: 24.499 ; Acc: 38.372
2018-09-19 14:13:21,725:INFO: [TRAIN] Step: 903 ; Loss: 24.007 ; Acc: 38.394
2018-09-19 14:13:21,813:INFO: [TRAIN] Step: 904 ; Loss: 26.252 ; Acc: 38.421
2018-09-19 14:13:21,910:INFO: [TRAIN] Step: 905 ; Loss: 27.803 ; Acc: 38.438
2018-09-19 14:13:21,996:INFO: [TRAIN] Step: 906 ; Loss: 27.208 ; Acc: 38.446
2018-09-19 14:13:22,094:INFO: [TRAIN] Step: 907 ; Loss: 25.984 ; Acc: 38.459
2018-09-19 14:13:22,183:INFO: [TRAIN] Step: 908 ; Loss: 25.320 ; Acc: 38.467
2018-09-19 14:13:22,279:INFO: [TRAIN] Step: 909 ; Loss: 28.368 ; Acc: 38.462
2018-09-19 14:13:22,373:INFO: [TRAIN] Step: 910 ; Loss: 25.116 ; Acc: 38.502
2018-09-19 14:13:22,469:INFO: [TRAIN] Step: 911 ; Loss: 25.014 ; Acc: 38.514
2018-09-19 14:13:22,557:INFO: [TRAIN] Step: 912 ; Loss: 27.114 ; Acc: 38.513
2018-09-19 14:13:22,650:INFO: [TRAIN] Step: 913 ; Loss: 25.641 ; Acc: 38.526
2018-09-19 14:13:22,738:INFO: [TRAIN] Step: 914 ; Loss: 25.775 ; Acc: 38.529
2018-09-19 14:13:22,834:INFO: [TRAIN] Step: 915 ; Loss: 28.882 ; Acc: 38.523
2018-09-19 14:13:22,920:INFO: [TRAIN] Step: 916 ; Loss: 26.732 ; Acc: 38.518
2018-09-19 14:13:23,013:INFO: [TRAIN] Step: 917 ; Loss: 25.899 ; Acc: 38.521
2018-09-19 14:13:23,102:INFO: [TRAIN] Step: 918 ; Loss: 23.174 ; Acc: 38.538
2018-09-19 14:13:23,196:INFO: [TRAIN] Step: 919 ; Loss: 24.034 ; Acc: 38.537
2018-09-19 14:13:23,285:INFO: [TRAIN] Step: 920 ; Loss: 26.386 ; Acc: 38.536
2018-09-19 14:13:23,381:INFO: [TRAIN] Step: 921 ; Loss: 26.127 ; Acc: 38.548
2018-09-19 14:13:23,468:INFO: [TRAIN] Step: 922 ; Loss: 23.286 ; Acc: 38.565
2018-09-19 14:13:23,564:INFO: [TRAIN] Step: 923 ; Loss: 24.457 ; Acc: 38.582
2018-09-19 14:13:23,651:INFO: [TRAIN] Step: 924 ; Loss: 27.543 ; Acc: 38.581
2018-09-19 14:13:23,748:INFO: [TRAIN] Step: 925 ; Loss: 27.761 ; Acc: 38.580
2018-09-19 14:13:23,835:INFO: [TRAIN] Step: 926 ; Loss: 23.646 ; Acc: 38.606
2018-09-19 14:13:23,934:INFO: [TRAIN] Step: 927 ; Loss: 26.210 ; Acc: 38.605
2018-09-19 14:13:24,022:INFO: [TRAIN] Step: 928 ; Loss: 28.514 ; Acc: 38.599
2018-09-19 14:13:24,117:INFO: [TRAIN] Step: 929 ; Loss: 26.874 ; Acc: 38.607
2018-09-19 14:13:24,208:INFO: [TRAIN] Step: 930 ; Loss: 26.280 ; Acc: 38.610
2018-09-19 14:13:24,304:INFO: [TRAIN] Step: 931 ; Loss: 27.372 ; Acc: 38.622
2018-09-19 14:13:24,390:INFO: [TRAIN] Step: 932 ; Loss: 25.018 ; Acc: 38.634
2018-09-19 14:13:24,484:INFO: [TRAIN] Step: 933 ; Loss: 34.774 ; Acc: 38.624
2018-09-19 14:13:24,572:INFO: [TRAIN] Step: 934 ; Loss: 23.537 ; Acc: 38.645
2018-09-19 14:13:24,666:INFO: [TRAIN] Step: 935 ; Loss: 27.261 ; Acc: 38.657
2018-09-19 14:13:24,755:INFO: [TRAIN] Step: 936 ; Loss: 22.771 ; Acc: 38.678
2018-09-19 14:13:24,848:INFO: [TRAIN] Step: 937 ; Loss: 23.049 ; Acc: 38.695
2018-09-19 14:13:24,938:INFO: [TRAIN] Step: 938 ; Loss: 24.663 ; Acc: 38.703
2018-09-19 14:13:25,032:INFO: [TRAIN] Step: 939 ; Loss: 29.217 ; Acc: 38.715
2018-09-19 14:13:25,119:INFO: [TRAIN] Step: 940 ; Loss: 25.523 ; Acc: 38.744
2018-09-19 14:13:25,213:INFO: [TRAIN] Step: 941 ; Loss: 26.232 ; Acc: 38.738
2018-09-19 14:13:25,301:INFO: [TRAIN] Step: 942 ; Loss: 22.116 ; Acc: 38.750
2018-09-19 14:13:25,396:INFO: [TRAIN] Step: 943 ; Loss: 30.032 ; Acc: 38.749
2018-09-19 14:13:25,484:INFO: [TRAIN] Step: 944 ; Loss: 24.723 ; Acc: 38.757
2018-09-19 14:13:25,581:INFO: [TRAIN] Step: 945 ; Loss: 23.754 ; Acc: 38.760
2018-09-19 14:13:25,671:INFO: [TRAIN] Step: 946 ; Loss: 25.346 ; Acc: 38.758
2018-09-19 14:13:25,767:INFO: [TRAIN] Step: 947 ; Loss: 26.154 ; Acc: 38.761
2018-09-19 14:13:25,851:INFO: [TRAIN] Step: 948 ; Loss: 26.088 ; Acc: 38.773
2018-09-19 14:13:25,948:INFO: [TRAIN] Step: 949 ; Loss: 30.245 ; Acc: 38.776
2018-09-19 14:13:26,039:INFO: [TRAIN] Step: 950 ; Loss: 24.432 ; Acc: 38.784
2018-09-19 14:13:26,130:INFO: [TRAIN] Step: 951 ; Loss: 23.061 ; Acc: 38.813
2018-09-19 14:13:26,218:INFO: [TRAIN] Step: 952 ; Loss: 24.486 ; Acc: 38.838
2018-09-19 14:13:26,311:INFO: [TRAIN] Step: 953 ; Loss: 23.814 ; Acc: 38.858
2018-09-19 14:13:26,398:INFO: [TRAIN] Step: 954 ; Loss: 32.064 ; Acc: 38.857
2018-09-19 14:13:26,491:INFO: [TRAIN] Step: 955 ; Loss: 29.280 ; Acc: 38.869
2018-09-19 14:13:26,576:INFO: [TRAIN] Step: 956 ; Loss: 26.840 ; Acc: 38.867
2018-09-19 14:13:26,669:INFO: [TRAIN] Step: 957 ; Loss: 23.502 ; Acc: 38.879
2018-09-19 14:13:26,760:INFO: [TRAIN] Step: 958 ; Loss: 22.614 ; Acc: 38.895
2018-09-19 14:13:26,853:INFO: [TRAIN] Step: 959 ; Loss: 25.637 ; Acc: 38.902
2018-09-19 14:13:26,944:INFO: [TRAIN] Step: 960 ; Loss: 25.472 ; Acc: 38.909
2018-09-19 14:13:27,040:INFO: [TRAIN] Step: 961 ; Loss: 25.421 ; Acc: 38.916
2018-09-19 14:13:27,125:INFO: [TRAIN] Step: 962 ; Loss: 27.441 ; Acc: 38.924
2018-09-19 14:13:27,216:INFO: [TRAIN] Step: 963 ; Loss: 22.734 ; Acc: 38.948
2018-09-19 14:13:27,303:INFO: [TRAIN] Step: 964 ; Loss: 24.209 ; Acc: 38.959
2018-09-19 14:13:27,394:INFO: [TRAIN] Step: 965 ; Loss: 23.918 ; Acc: 38.967
2018-09-19 14:13:27,483:INFO: [TRAIN] Step: 966 ; Loss: 24.966 ; Acc: 38.961
2018-09-19 14:13:27,576:INFO: [TRAIN] Step: 967 ; Loss: 31.422 ; Acc: 38.955
2018-09-19 14:13:27,664:INFO: [TRAIN] Step: 968 ; Loss: 23.206 ; Acc: 38.979
2018-09-19 14:13:27,760:INFO: [TRAIN] Step: 969 ; Loss: 28.493 ; Acc: 38.982
2018-09-19 14:13:27,845:INFO: [TRAIN] Step: 970 ; Loss: 25.328 ; Acc: 38.989
2018-09-19 14:13:27,938:INFO: [TRAIN] Step: 971 ; Loss: 26.623 ; Acc: 38.992
2018-09-19 14:13:28,026:INFO: [TRAIN] Step: 972 ; Loss: 28.484 ; Acc: 38.986
2018-09-19 14:13:28,121:INFO: [TRAIN] Step: 973 ; Loss: 28.582 ; Acc: 38.972
2018-09-19 14:13:28,208:INFO: [TRAIN] Step: 974 ; Loss: 29.232 ; Acc: 38.962
2018-09-19 14:13:28,306:INFO: [TRAIN] Step: 975 ; Loss: 24.957 ; Acc: 38.977
2018-09-19 14:13:28,391:INFO: [TRAIN] Step: 976 ; Loss: 29.098 ; Acc: 38.984
2018-09-19 14:13:28,489:INFO: [TRAIN] Step: 977 ; Loss: 25.093 ; Acc: 39.008
2018-09-19 14:13:28,574:INFO: [TRAIN] Step: 978 ; Loss: 25.314 ; Acc: 39.007
2018-09-19 14:13:28,666:INFO: [TRAIN] Step: 979 ; Loss: 25.322 ; Acc: 39.005
2018-09-19 14:13:28,754:INFO: [TRAIN] Step: 980 ; Loss: 24.232 ; Acc: 39.016
2018-09-19 14:13:28,850:INFO: [TRAIN] Step: 981 ; Loss: 27.481 ; Acc: 39.023
2018-09-19 14:13:28,942:INFO: [TRAIN] Step: 982 ; Loss: 22.166 ; Acc: 39.043
2018-09-19 14:13:29,035:INFO: [TRAIN] Step: 983 ; Loss: 29.279 ; Acc: 39.020
2018-09-19 14:13:29,123:INFO: [TRAIN] Step: 984 ; Loss: 28.999 ; Acc: 39.014
2018-09-19 14:13:29,219:INFO: [TRAIN] Step: 985 ; Loss: 25.097 ; Acc: 39.004
2018-09-19 14:13:29,304:INFO: [TRAIN] Step: 986 ; Loss: 23.195 ; Acc: 39.024
2018-09-19 14:13:29,397:INFO: [TRAIN] Step: 987 ; Loss: 26.959 ; Acc: 39.031
2018-09-19 14:13:29,486:INFO: [TRAIN] Step: 988 ; Loss: 26.439 ; Acc: 39.042
2018-09-19 14:13:29,584:INFO: [TRAIN] Step: 989 ; Loss: 30.154 ; Acc: 39.040
2018-09-19 14:13:29,670:INFO: [TRAIN] Step: 990 ; Loss: 26.990 ; Acc: 39.051
2018-09-19 14:13:29,765:INFO: [TRAIN] Step: 991 ; Loss: 26.355 ; Acc: 39.050
2018-09-19 14:13:29,853:INFO: [TRAIN] Step: 992 ; Loss: 24.021 ; Acc: 39.065
2018-09-19 14:13:29,946:INFO: [TRAIN] Step: 993 ; Loss: 27.339 ; Acc: 39.055
2018-09-19 14:13:30,034:INFO: [TRAIN] Step: 994 ; Loss: 26.503 ; Acc: 39.070
2018-09-19 14:13:30,127:INFO: [TRAIN] Step: 995 ; Loss: 25.926 ; Acc: 39.073
2018-09-19 14:13:30,215:INFO: [TRAIN] Step: 996 ; Loss: 26.403 ; Acc: 39.084
2018-09-19 14:13:30,307:INFO: [TRAIN] Step: 997 ; Loss: 26.581 ; Acc: 39.099
2018-09-19 14:13:30,392:INFO: [TRAIN] Step: 998 ; Loss: 28.896 ; Acc: 39.102
2018-09-19 14:13:30,486:INFO: [TRAIN] Step: 999 ; Loss: 28.035 ; Acc: 39.100
2018-09-19 14:13:30,573:INFO: [TRAIN] Step: 1000 ; Loss: 28.697 ; Acc: 39.103
2018-09-19 14:13:30,665:INFO: [TRAIN] Step: 1001 ; Loss: 24.967 ; Acc: 39.113
2018-09-19 14:13:30,758:INFO: [TRAIN] Step: 1002 ; Loss: 25.513 ; Acc: 39.108
2018-09-19 14:13:30,851:INFO: [TRAIN] Step: 1003 ; Loss: 26.207 ; Acc: 39.131
2018-09-19 14:13:30,938:INFO: [TRAIN] Step: 1004 ; Loss: 25.144 ; Acc: 39.142
2018-09-19 14:13:31,032:INFO: [TRAIN] Step: 1005 ; Loss: 28.981 ; Acc: 39.144
2018-09-19 14:13:31,120:INFO: [TRAIN] Step: 1006 ; Loss: 25.255 ; Acc: 39.147
2018-09-19 14:13:31,218:INFO: [TRAIN] Step: 1007 ; Loss: 24.670 ; Acc: 39.166
2018-09-19 14:13:31,305:INFO: [TRAIN] Step: 1008 ; Loss: 27.738 ; Acc: 39.177
2018-09-19 14:13:31,401:INFO: [TRAIN] Step: 1009 ; Loss: 30.360 ; Acc: 39.175
2018-09-19 14:13:31,491:INFO: [TRAIN] Step: 1010 ; Loss: 22.250 ; Acc: 39.190
2018-09-19 14:13:31,584:INFO: [TRAIN] Step: 1011 ; Loss: 28.725 ; Acc: 39.192
2018-09-19 14:13:31,672:INFO: [TRAIN] Step: 1012 ; Loss: 28.267 ; Acc: 39.199
2018-09-19 14:13:31,765:INFO: [TRAIN] Step: 1013 ; Loss: 26.439 ; Acc: 39.209
2018-09-19 14:13:31,853:INFO: [TRAIN] Step: 1014 ; Loss: 26.196 ; Acc: 39.224
2018-09-19 14:13:31,946:INFO: [TRAIN] Step: 1015 ; Loss: 24.374 ; Acc: 39.243
2018-09-19 14:13:32,033:INFO: [TRAIN] Step: 1016 ; Loss: 24.344 ; Acc: 39.254
2018-09-19 14:13:32,130:INFO: [TRAIN] Step: 1017 ; Loss: 23.805 ; Acc: 39.252
2018-09-19 14:13:32,214:INFO: [TRAIN] Step: 1018 ; Loss: 24.992 ; Acc: 39.234
2018-09-19 14:13:32,311:INFO: [TRAIN] Step: 1019 ; Loss: 23.337 ; Acc: 39.244
2018-09-19 14:13:32,403:INFO: [TRAIN] Step: 1020 ; Loss: 25.793 ; Acc: 39.243
2018-09-19 14:13:32,496:INFO: [TRAIN] Step: 1021 ; Loss: 26.853 ; Acc: 39.257
2018-09-19 14:13:32,581:INFO: [TRAIN] Step: 1022 ; Loss: 26.291 ; Acc: 39.247
2018-09-19 14:13:32,678:INFO: [TRAIN] Step: 1023 ; Loss: 22.387 ; Acc: 39.262
2018-09-19 14:13:32,764:INFO: [TRAIN] Step: 1024 ; Loss: 29.916 ; Acc: 39.252
2018-09-19 14:13:32,862:INFO: [TRAIN] Step: 1025 ; Loss: 26.394 ; Acc: 39.267
2018-09-19 14:13:32,950:INFO: [TRAIN] Step: 1026 ; Loss: 22.737 ; Acc: 39.289
2018-09-19 14:13:33,044:INFO: [TRAIN] Step: 1027 ; Loss: 28.233 ; Acc: 39.300
2018-09-19 14:13:33,134:INFO: [TRAIN] Step: 1028 ; Loss: 27.254 ; Acc: 39.302
2018-09-19 14:13:33,232:INFO: [TRAIN] Step: 1029 ; Loss: 28.598 ; Acc: 39.304
2018-09-19 14:13:33,320:INFO: [TRAIN] Step: 1030 ; Loss: 27.571 ; Acc: 39.306
2018-09-19 14:13:33,417:INFO: [TRAIN] Step: 1031 ; Loss: 21.992 ; Acc: 39.325
2018-09-19 14:13:33,507:INFO: [TRAIN] Step: 1032 ; Loss: 24.465 ; Acc: 39.343
2018-09-19 14:13:33,599:INFO: [TRAIN] Step: 1033 ; Loss: 24.389 ; Acc: 39.366
2018-09-19 14:13:33,689:INFO: [TRAIN] Step: 1034 ; Loss: 28.310 ; Acc: 39.368
2018-09-19 14:13:33,782:INFO: [TRAIN] Step: 1035 ; Loss: 25.495 ; Acc: 39.398
2018-09-19 14:13:33,874:INFO: [TRAIN] Step: 1036 ; Loss: 25.099 ; Acc: 39.413
2018-09-19 14:13:33,966:INFO: [TRAIN] Step: 1037 ; Loss: 27.491 ; Acc: 39.411
2018-09-19 14:13:34,055:INFO: [TRAIN] Step: 1038 ; Loss: 26.096 ; Acc: 39.429
2018-09-19 14:13:34,154:INFO: [TRAIN] Step: 1039 ; Loss: 24.305 ; Acc: 39.459
2018-09-19 14:13:34,244:INFO: [TRAIN] Step: 1040 ; Loss: 26.834 ; Acc: 39.461
2018-09-19 14:13:34,343:INFO: [TRAIN] Step: 1041 ; Loss: 25.439 ; Acc: 39.463
2018-09-19 14:13:34,430:INFO: [TRAIN] Step: 1042 ; Loss: 25.323 ; Acc: 39.489
2018-09-19 14:13:34,527:INFO: [TRAIN] Step: 1043 ; Loss: 28.341 ; Acc: 39.508
2018-09-19 14:13:34,612:INFO: [TRAIN] Step: 1044 ; Loss: 29.120 ; Acc: 39.494
2018-09-19 14:13:34,708:INFO: [TRAIN] Step: 1045 ; Loss: 22.008 ; Acc: 39.500
2018-09-19 14:13:34,793:INFO: [TRAIN] Step: 1046 ; Loss: 27.403 ; Acc: 39.490
2018-09-19 14:13:34,890:INFO: [TRAIN] Step: 1047 ; Loss: 28.234 ; Acc: 39.500
2018-09-19 14:13:34,976:INFO: [TRAIN] Step: 1048 ; Loss: 28.907 ; Acc: 39.510
2018-09-19 14:13:35,076:INFO: [TRAIN] Step: 1049 ; Loss: 26.285 ; Acc: 39.516
2018-09-19 14:13:35,163:INFO: [TRAIN] Step: 1050 ; Loss: 25.200 ; Acc: 39.522
2018-09-19 14:13:35,257:INFO: [TRAIN] Step: 1051 ; Loss: 25.032 ; Acc: 39.536
2018-09-19 14:13:35,344:INFO: [TRAIN] Step: 1052 ; Loss: 27.344 ; Acc: 39.558
2018-09-19 14:13:35,440:INFO: [TRAIN] Step: 1053 ; Loss: 23.807 ; Acc: 39.579
2018-09-19 14:13:35,528:INFO: [TRAIN] Step: 1054 ; Loss: 28.805 ; Acc: 39.570
2018-09-19 14:13:35,621:INFO: [TRAIN] Step: 1055 ; Loss: 23.466 ; Acc: 39.583
2018-09-19 14:13:35,715:INFO: [TRAIN] Step: 1056 ; Loss: 27.652 ; Acc: 39.577
2018-09-19 14:13:35,810:INFO: [TRAIN] Step: 1057 ; Loss: 23.936 ; Acc: 39.595
2018-09-19 14:13:35,895:INFO: [TRAIN] Step: 1058 ; Loss: 25.045 ; Acc: 39.605
2018-09-19 14:13:35,991:INFO: [TRAIN] Step: 1059 ; Loss: 25.577 ; Acc: 39.607
2018-09-19 14:13:36,083:INFO: [TRAIN] Step: 1060 ; Loss: 24.336 ; Acc: 39.613
2018-09-19 14:13:36,178:INFO: [TRAIN] Step: 1061 ; Loss: 23.586 ; Acc: 39.623
2018-09-19 14:13:36,268:INFO: [TRAIN] Step: 1062 ; Loss: 23.497 ; Acc: 39.628
2018-09-19 14:13:36,363:INFO: [TRAIN] Step: 1063 ; Loss: 27.929 ; Acc: 39.619
2018-09-19 14:13:36,454:INFO: [TRAIN] Step: 1064 ; Loss: 21.373 ; Acc: 39.636
2018-09-19 14:13:36,548:INFO: [TRAIN] Step: 1065 ; Loss: 27.231 ; Acc: 39.634
2018-09-19 14:13:36,635:INFO: [TRAIN] Step: 1066 ; Loss: 27.197 ; Acc: 39.644
2018-09-19 14:13:36,729:INFO: [TRAIN] Step: 1067 ; Loss: 30.616 ; Acc: 39.657
2018-09-19 14:13:36,816:INFO: [TRAIN] Step: 1068 ; Loss: 26.124 ; Acc: 39.655
2018-09-19 14:13:36,911:INFO: [TRAIN] Step: 1069 ; Loss: 26.348 ; Acc: 39.665
2018-09-19 14:13:36,999:INFO: [TRAIN] Step: 1070 ; Loss: 29.672 ; Acc: 39.659
2018-09-19 14:13:37,095:INFO: [TRAIN] Step: 1071 ; Loss: 28.474 ; Acc: 39.649
2018-09-19 14:13:37,180:INFO: [TRAIN] Step: 1072 ; Loss: 24.417 ; Acc: 39.651
2018-09-19 14:13:37,275:INFO: [TRAIN] Step: 1073 ; Loss: 25.886 ; Acc: 39.673
2018-09-19 14:13:37,364:INFO: [TRAIN] Step: 1074 ; Loss: 28.083 ; Acc: 39.694
2018-09-19 14:13:37,457:INFO: [TRAIN] Step: 1075 ; Loss: 24.116 ; Acc: 39.703
2018-09-19 14:13:37,543:INFO: [TRAIN] Step: 1076 ; Loss: 24.022 ; Acc: 39.717
2018-09-19 14:13:37,636:INFO: [TRAIN] Step: 1077 ; Loss: 26.195 ; Acc: 39.715
2018-09-19 14:13:37,723:INFO: [TRAIN] Step: 1078 ; Loss: 29.485 ; Acc: 39.724
2018-09-19 14:13:37,819:INFO: [TRAIN] Step: 1079 ; Loss: 24.446 ; Acc: 39.742
2018-09-19 14:13:37,905:INFO: [TRAIN] Step: 1080 ; Loss: 28.508 ; Acc: 39.743
2018-09-19 14:13:37,997:INFO: [TRAIN] Step: 1081 ; Loss: 25.960 ; Acc: 39.749
2018-09-19 14:13:38,084:INFO: [TRAIN] Step: 1082 ; Loss: 25.820 ; Acc: 39.743
2018-09-19 14:13:38,180:INFO: [TRAIN] Step: 1083 ; Loss: 27.935 ; Acc: 39.756
2018-09-19 14:13:38,266:INFO: [TRAIN] Step: 1084 ; Loss: 21.191 ; Acc: 39.781
2018-09-19 14:13:38,359:INFO: [TRAIN] Step: 1085 ; Loss: 29.742 ; Acc: 39.787
2018-09-19 14:13:38,448:INFO: [TRAIN] Step: 1086 ; Loss: 22.903 ; Acc: 39.792
2018-09-19 14:13:38,549:INFO: [TRAIN] Step: 1087 ; Loss: 23.758 ; Acc: 39.813
2018-09-19 14:13:38,643:INFO: [TRAIN] Step: 1088 ; Loss: 26.242 ; Acc: 39.811
2018-09-19 14:13:38,736:INFO: [TRAIN] Step: 1089 ; Loss: 24.099 ; Acc: 39.824
2018-09-19 14:13:38,832:INFO: [TRAIN] Step: 1090 ; Loss: 28.351 ; Acc: 39.830
2018-09-19 14:13:38,925:INFO: [TRAIN] Step: 1091 ; Loss: 28.626 ; Acc: 39.824
2018-09-19 14:13:39,011:INFO: [TRAIN] Step: 1092 ; Loss: 27.695 ; Acc: 39.833
2018-09-19 14:13:39,117:INFO: [TRAIN] Step: 1093 ; Loss: 28.012 ; Acc: 39.839
2018-09-19 14:13:39,205:INFO: [TRAIN] Step: 1094 ; Loss: 29.148 ; Acc: 39.829
2018-09-19 14:13:39,302:INFO: [TRAIN] Step: 1095 ; Loss: 21.182 ; Acc: 39.846
2018-09-19 14:13:39,390:INFO: [TRAIN] Step: 1096 ; Loss: 22.479 ; Acc: 39.855
2018-09-19 14:13:39,490:INFO: [TRAIN] Step: 1097 ; Loss: 24.165 ; Acc: 39.872
2018-09-19 14:13:39,581:INFO: [TRAIN] Step: 1098 ; Loss: 25.109 ; Acc: 39.885
2018-09-19 14:13:39,705:INFO: [TRAIN] Step: 1099 ; Loss: 25.261 ; Acc: 39.886
2018-09-19 14:13:39,794:INFO: [TRAIN] Step: 1100 ; Loss: 26.809 ; Acc: 39.884
2018-09-19 14:13:39,897:INFO: [TRAIN] Step: 1101 ; Loss: 26.757 ; Acc: 39.897
2018-09-19 14:13:39,984:INFO: [TRAIN] Step: 1102 ; Loss: 25.608 ; Acc: 39.906
2018-09-19 14:13:40,086:INFO: [TRAIN] Step: 1103 ; Loss: 29.696 ; Acc: 39.908
2018-09-19 14:13:40,172:INFO: [TRAIN] Step: 1104 ; Loss: 23.737 ; Acc: 39.917
2018-09-19 14:13:40,272:INFO: [TRAIN] Step: 1105 ; Loss: 22.697 ; Acc: 39.934
2018-09-19 14:13:40,371:INFO: [TRAIN] Step: 1106 ; Loss: 26.880 ; Acc: 39.943
2018-09-19 14:13:40,465:INFO: [TRAIN] Step: 1107 ; Loss: 23.545 ; Acc: 39.956
2018-09-19 14:13:40,562:INFO: [TRAIN] Step: 1108 ; Loss: 22.809 ; Acc: 39.983
2018-09-19 14:13:40,669:INFO: [TRAIN] Step: 1109 ; Loss: 24.212 ; Acc: 40.004
2018-09-19 14:13:40,756:INFO: [TRAIN] Step: 1110 ; Loss: 23.558 ; Acc: 40.013
2018-09-19 14:13:40,850:INFO: [TRAIN] Step: 1111 ; Loss: 25.872 ; Acc: 40.010
2018-09-19 14:13:40,945:INFO: [TRAIN] Step: 1112 ; Loss: 28.329 ; Acc: 40.016
2018-09-19 14:13:41,043:INFO: [TRAIN] Step: 1113 ; Loss: 25.183 ; Acc: 40.017
2018-09-19 14:13:41,131:INFO: [TRAIN] Step: 1114 ; Loss: 27.950 ; Acc: 40.007
2018-09-19 14:13:41,228:INFO: [TRAIN] Step: 1115 ; Loss: 22.304 ; Acc: 40.016
2018-09-19 14:13:41,321:INFO: [TRAIN] Step: 1116 ; Loss: 32.398 ; Acc: 40.022
2018-09-19 14:13:41,425:INFO: [TRAIN] Step: 1117 ; Loss: 28.680 ; Acc: 40.027
2018-09-19 14:13:41,521:INFO: [TRAIN] Step: 1118 ; Loss: 24.869 ; Acc: 40.039
2018-09-19 14:13:41,624:INFO: [TRAIN] Step: 1119 ; Loss: 27.313 ; Acc: 40.033
2018-09-19 14:13:41,722:INFO: [TRAIN] Step: 1120 ; Loss: 26.732 ; Acc: 40.039
2018-09-19 14:13:41,813:INFO: [TRAIN] Step: 1121 ; Loss: 27.046 ; Acc: 40.036
2018-09-19 14:13:41,905:INFO: [TRAIN] Step: 1122 ; Loss: 19.758 ; Acc: 40.053
2018-09-19 14:13:41,998:INFO: [TRAIN] Step: 1123 ; Loss: 23.064 ; Acc: 40.058
2018-09-19 14:13:42,087:INFO: [TRAIN] Step: 1124 ; Loss: 25.951 ; Acc: 40.063
2018-09-19 14:13:42,180:INFO: [TRAIN] Step: 1125 ; Loss: 23.062 ; Acc: 40.079
2018-09-19 14:13:42,269:INFO: [TRAIN] Step: 1126 ; Loss: 26.667 ; Acc: 40.084
2018-09-19 14:13:42,365:INFO: [TRAIN] Step: 1127 ; Loss: 25.709 ; Acc: 40.086
2018-09-19 14:13:42,453:INFO: [TRAIN] Step: 1128 ; Loss: 30.580 ; Acc: 40.083
2018-09-19 14:13:42,544:INFO: [TRAIN] Step: 1129 ; Loss: 27.586 ; Acc: 40.088
2018-09-19 14:13:42,633:INFO: [TRAIN] Step: 1130 ; Loss: 23.648 ; Acc: 40.112
2018-09-19 14:13:42,728:INFO: [TRAIN] Step: 1131 ; Loss: 25.804 ; Acc: 40.110
2018-09-19 14:13:42,817:INFO: [TRAIN] Step: 1132 ; Loss: 23.800 ; Acc: 40.129
2018-09-19 14:13:42,910:INFO: [TRAIN] Step: 1133 ; Loss: 26.125 ; Acc: 40.131
2018-09-19 14:13:43,001:INFO: [TRAIN] Step: 1134 ; Loss: 24.195 ; Acc: 40.143
2018-09-19 14:13:43,094:INFO: [TRAIN] Step: 1135 ; Loss: 25.431 ; Acc: 40.141
2018-09-19 14:13:43,182:INFO: [TRAIN] Step: 1136 ; Loss: 29.237 ; Acc: 40.142
2018-09-19 14:13:43,276:INFO: [TRAIN] Step: 1137 ; Loss: 24.743 ; Acc: 40.151
2018-09-19 14:13:43,366:INFO: [TRAIN] Step: 1138 ; Loss: 24.166 ; Acc: 40.167
2018-09-19 14:13:43,458:INFO: [TRAIN] Step: 1139 ; Loss: 23.269 ; Acc: 40.175
2018-09-19 14:13:43,545:INFO: [TRAIN] Step: 1140 ; Loss: 30.615 ; Acc: 40.169
2018-09-19 14:13:43,638:INFO: [TRAIN] Step: 1141 ; Loss: 23.120 ; Acc: 40.174
2018-09-19 14:13:43,726:INFO: [TRAIN] Step: 1142 ; Loss: 25.437 ; Acc: 40.183
2018-09-19 14:13:43,826:INFO: [TRAIN] Step: 1143 ; Loss: 25.436 ; Acc: 40.184
2018-09-19 14:13:43,916:INFO: [TRAIN] Step: 1144 ; Loss: 24.960 ; Acc: 40.189
2018-09-19 14:13:44,012:INFO: [TRAIN] Step: 1145 ; Loss: 23.421 ; Acc: 40.187
2018-09-19 14:13:44,100:INFO: [TRAIN] Step: 1146 ; Loss: 25.448 ; Acc: 40.185
2018-09-19 14:13:44,196:INFO: [TRAIN] Step: 1147 ; Loss: 24.631 ; Acc: 40.204
2018-09-19 14:13:44,283:INFO: [TRAIN] Step: 1148 ; Loss: 23.299 ; Acc: 40.216
2018-09-19 14:13:44,377:INFO: [TRAIN] Step: 1149 ; Loss: 26.614 ; Acc: 40.217
2018-09-19 14:13:44,461:INFO: [TRAIN] Step: 1150 ; Loss: 19.480 ; Acc: 40.237
2018-09-19 14:13:44,556:INFO: [TRAIN] Step: 1151 ; Loss: 22.056 ; Acc: 40.249
2018-09-19 14:13:44,643:INFO: [TRAIN] Step: 1152 ; Loss: 21.329 ; Acc: 40.250
2018-09-19 14:13:44,739:INFO: [TRAIN] Step: 1153 ; Loss: 29.858 ; Acc: 40.240
2018-09-19 14:13:44,828:INFO: [TRAIN] Step: 1154 ; Loss: 21.549 ; Acc: 40.253
2018-09-19 14:13:44,921:INFO: [TRAIN] Step: 1155 ; Loss: 26.188 ; Acc: 40.254
2018-09-19 14:13:45,011:INFO: [TRAIN] Step: 1156 ; Loss: 26.943 ; Acc: 40.255
2018-09-19 14:13:45,104:INFO: [TRAIN] Step: 1157 ; Loss: 24.445 ; Acc: 40.278
2018-09-19 14:13:45,194:INFO: [TRAIN] Step: 1158 ; Loss: 26.490 ; Acc: 40.283
2018-09-19 14:13:45,289:INFO: [TRAIN] Step: 1159 ; Loss: 29.947 ; Acc: 40.284
2018-09-19 14:13:45,379:INFO: [TRAIN] Step: 1160 ; Loss: 25.223 ; Acc: 40.292
2018-09-19 14:13:45,473:INFO: [TRAIN] Step: 1161 ; Loss: 26.960 ; Acc: 40.283
2018-09-19 14:13:45,562:INFO: [TRAIN] Step: 1162 ; Loss: 26.822 ; Acc: 40.280
2018-09-19 14:13:45,658:INFO: [TRAIN] Step: 1163 ; Loss: 25.300 ; Acc: 40.285
2018-09-19 14:13:45,750:INFO: [TRAIN] Step: 1164 ; Loss: 25.337 ; Acc: 40.290
2018-09-19 14:13:45,844:INFO: [TRAIN] Step: 1165 ; Loss: 26.246 ; Acc: 40.298
2018-09-19 14:13:45,930:INFO: [TRAIN] Step: 1166 ; Loss: 27.792 ; Acc: 40.296
2018-09-19 14:13:46,027:INFO: [TRAIN] Step: 1167 ; Loss: 24.366 ; Acc: 40.315
2018-09-19 14:13:46,117:INFO: [TRAIN] Step: 1168 ; Loss: 24.615 ; Acc: 40.319
2018-09-19 14:13:46,214:INFO: [TRAIN] Step: 1169 ; Loss: 25.500 ; Acc: 40.321
2018-09-19 14:13:46,303:INFO: [TRAIN] Step: 1170 ; Loss: 22.476 ; Acc: 40.336
2018-09-19 14:13:46,398:INFO: [TRAIN] Step: 1171 ; Loss: 25.849 ; Acc: 40.341
2018-09-19 14:13:46,486:INFO: [TRAIN] Step: 1172 ; Loss: 24.700 ; Acc: 40.335
2018-09-19 14:13:46,581:INFO: [TRAIN] Step: 1173 ; Loss: 25.585 ; Acc: 40.346
2018-09-19 14:13:46,667:INFO: [TRAIN] Step: 1174 ; Loss: 22.236 ; Acc: 40.348
2018-09-19 14:13:46,763:INFO: [TRAIN] Step: 1175 ; Loss: 23.983 ; Acc: 40.359
2018-09-19 14:13:46,849:INFO: [TRAIN] Step: 1176 ; Loss: 22.592 ; Acc: 40.378
2018-09-19 14:13:46,942:INFO: [TRAIN] Step: 1177 ; Loss: 27.027 ; Acc: 40.365
2018-09-19 14:13:47,031:INFO: [TRAIN] Step: 1178 ; Loss: 31.380 ; Acc: 40.366
2018-09-19 14:13:47,127:INFO: [TRAIN] Step: 1179 ; Loss: 21.933 ; Acc: 40.378
2018-09-19 14:13:47,211:INFO: [TRAIN] Step: 1180 ; Loss: 25.519 ; Acc: 40.386
2018-09-19 14:13:47,305:INFO: [TRAIN] Step: 1181 ; Loss: 21.504 ; Acc: 40.387
2018-09-19 14:13:47,395:INFO: [TRAIN] Step: 1182 ; Loss: 21.144 ; Acc: 40.413
2018-09-19 14:13:47,491:INFO: [TRAIN] Step: 1183 ; Loss: 28.813 ; Acc: 40.417
2018-09-19 14:13:47,577:INFO: [TRAIN] Step: 1184 ; Loss: 22.988 ; Acc: 40.429
2018-09-19 14:13:47,685:INFO: [TRAIN] Step: 1185 ; Loss: 29.883 ; Acc: 40.427
2018-09-19 14:13:47,773:INFO: [TRAIN] Step: 1186 ; Loss: 22.749 ; Acc: 40.435
2018-09-19 14:13:47,865:INFO: [TRAIN] Step: 1187 ; Loss: 26.287 ; Acc: 40.436
2018-09-19 14:13:47,955:INFO: [TRAIN] Step: 1188 ; Loss: 20.274 ; Acc: 40.440
2018-09-19 14:13:48,046:INFO: [TRAIN] Step: 1189 ; Loss: 23.018 ; Acc: 40.455
2018-09-19 14:13:53,258:INFO: [EVAL] Step: 1190 ; Loss: 0.262 ; Acc: 0.497
