2018-09-19 14:57:34,136:INFO: ### Model ###
LeNet5(
  (convnet): Sequential(
    (0): Conv2d(1, 6, kernel_size=(5, 5), stride=(1, 1))
    (1): ReLU()
    (2): MaxPool2d(kernel_size=(2, 2), stride=2, padding=0, dilation=1, ceil_mode=False)
    (3): Conv2d(6, 16, kernel_size=(5, 5), stride=(1, 1))
    (4): ReLU()
    (5): MaxPool2d(kernel_size=(2, 2), stride=2, padding=0, dilation=1, ceil_mode=False)
    (6): Conv2d(16, 120, kernel_size=(5, 5), stride=(1, 1))
    (7): ReLU()
    (8): Conv2d(120, 240, kernel_size=(5, 5), stride=(1, 1))
    (9): ReLU()
  )
  (fc): Sequential(
    (0): Linear(in_features=240, out_features=84, bias=True)
    (1): ReLU()
    (2): Linear(in_features=84, out_features=10, bias=True)
  )
)
2018-09-19 14:57:34,137:INFO: ### Optimizer ###
Adam (
Parameter Group 0
    amsgrad: False
    betas: (0.9, 0.999)
    eps: 1e-08
    lr: 0.005
    weight_decay: 0
)
2018-09-19 14:57:34,137:INFO: ### HParams ###
n_epochs: 1 ; data: ferplus ; label: ferplus_votes ; batch_size: 24 ; lr: 0.005 ; wd: 0 ; eval_steps: 1190
2018-09-19 14:57:34,356:INFO: [TRAIN] Step: 0 ; Loss: 39.903 ; Acc: 16.667
2018-09-19 14:57:34,468:INFO: [TRAIN] Step: 1 ; Loss: 32.923 ; Acc: 27.083
2018-09-19 14:57:34,616:INFO: [TRAIN] Step: 2 ; Loss: 52.853 ; Acc: 33.333
2018-09-19 14:57:34,722:INFO: [TRAIN] Step: 3 ; Loss: 35.773 ; Acc: 27.083
2018-09-19 14:57:34,831:INFO: [TRAIN] Step: 4 ; Loss: 36.077 ; Acc: 27.500
2018-09-19 14:57:34,918:INFO: [TRAIN] Step: 5 ; Loss: 35.909 ; Acc: 27.778
2018-09-19 14:57:35,024:INFO: [TRAIN] Step: 6 ; Loss: 35.209 ; Acc: 27.381
2018-09-19 14:57:35,133:INFO: [TRAIN] Step: 7 ; Loss: 38.984 ; Acc: 26.562
2018-09-19 14:57:35,238:INFO: [TRAIN] Step: 8 ; Loss: 38.955 ; Acc: 26.852
2018-09-19 14:57:35,346:INFO: [TRAIN] Step: 9 ; Loss: 38.003 ; Acc: 27.500
2018-09-19 14:57:35,456:INFO: [TRAIN] Step: 10 ; Loss: 35.287 ; Acc: 27.652
2018-09-19 14:57:35,561:INFO: [TRAIN] Step: 11 ; Loss: 32.601 ; Acc: 27.083
2018-09-19 14:57:35,653:INFO: [TRAIN] Step: 12 ; Loss: 34.107 ; Acc: 26.603
2018-09-19 14:57:35,761:INFO: [TRAIN] Step: 13 ; Loss: 29.258 ; Acc: 27.381
2018-09-19 14:57:35,871:INFO: [TRAIN] Step: 14 ; Loss: 38.252 ; Acc: 27.222
2018-09-19 14:57:35,974:INFO: [TRAIN] Step: 15 ; Loss: 35.528 ; Acc: 26.302
2018-09-19 14:57:36,090:INFO: [TRAIN] Step: 16 ; Loss: 30.377 ; Acc: 27.451
2018-09-19 14:57:36,197:INFO: [TRAIN] Step: 17 ; Loss: 34.060 ; Acc: 27.315
2018-09-19 14:57:36,309:INFO: [TRAIN] Step: 18 ; Loss: 30.983 ; Acc: 27.412
2018-09-19 14:57:36,413:INFO: [TRAIN] Step: 19 ; Loss: 31.847 ; Acc: 27.500
2018-09-19 14:57:36,514:INFO: [TRAIN] Step: 20 ; Loss: 34.014 ; Acc: 26.984
2018-09-19 14:57:36,597:INFO: [TRAIN] Step: 21 ; Loss: 26.752 ; Acc: 27.273
2018-09-19 14:57:36,669:INFO: [TRAIN] Step: 22 ; Loss: 27.767 ; Acc: 26.993
2018-09-19 14:57:36,752:INFO: [TRAIN] Step: 23 ; Loss: 34.281 ; Acc: 26.910
2018-09-19 14:57:36,853:INFO: [TRAIN] Step: 24 ; Loss: 32.155 ; Acc: 26.667
2018-09-19 14:57:36,960:INFO: [TRAIN] Step: 25 ; Loss: 30.924 ; Acc: 27.244
2018-09-19 14:57:37,040:INFO: [TRAIN] Step: 26 ; Loss: 30.113 ; Acc: 27.469
2018-09-19 14:57:37,122:INFO: [TRAIN] Step: 27 ; Loss: 34.503 ; Acc: 27.083
2018-09-19 14:57:37,230:INFO: [TRAIN] Step: 28 ; Loss: 29.786 ; Acc: 26.868
2018-09-19 14:57:37,344:INFO: [TRAIN] Step: 29 ; Loss: 29.774 ; Acc: 27.500
2018-09-19 14:57:37,449:INFO: [TRAIN] Step: 30 ; Loss: 27.850 ; Acc: 27.957
2018-09-19 14:57:37,580:INFO: [TRAIN] Step: 31 ; Loss: 30.773 ; Acc: 27.734
2018-09-19 14:57:37,701:INFO: [TRAIN] Step: 32 ; Loss: 29.723 ; Acc: 27.904
2018-09-19 14:57:37,806:INFO: [TRAIN] Step: 33 ; Loss: 28.608 ; Acc: 28.186
2018-09-19 14:57:37,899:INFO: [TRAIN] Step: 34 ; Loss: 27.564 ; Acc: 28.214
2018-09-19 14:57:38,012:INFO: [TRAIN] Step: 35 ; Loss: 29.732 ; Acc: 28.356
2018-09-19 14:57:38,123:INFO: [TRAIN] Step: 36 ; Loss: 31.404 ; Acc: 28.378
2018-09-19 14:57:38,230:INFO: [TRAIN] Step: 37 ; Loss: 30.621 ; Acc: 28.180
2018-09-19 14:57:38,331:INFO: [TRAIN] Step: 38 ; Loss: 29.933 ; Acc: 28.205
2018-09-19 14:57:38,446:INFO: [TRAIN] Step: 39 ; Loss: 27.002 ; Acc: 28.438
2018-09-19 14:57:38,550:INFO: [TRAIN] Step: 40 ; Loss: 31.469 ; Acc: 28.659
2018-09-19 14:57:38,658:INFO: [TRAIN] Step: 41 ; Loss: 29.548 ; Acc: 28.671
2018-09-19 14:57:38,751:INFO: [TRAIN] Step: 42 ; Loss: 28.354 ; Acc: 28.295
2018-09-19 14:57:38,832:INFO: [TRAIN] Step: 43 ; Loss: 29.286 ; Acc: 28.409
2018-09-19 14:57:38,907:INFO: [TRAIN] Step: 44 ; Loss: 31.253 ; Acc: 28.333
2018-09-19 14:57:38,978:INFO: [TRAIN] Step: 45 ; Loss: 26.159 ; Acc: 28.261
2018-09-19 14:57:39,055:INFO: [TRAIN] Step: 46 ; Loss: 31.945 ; Acc: 28.191
2018-09-19 14:57:39,124:INFO: [TRAIN] Step: 47 ; Loss: 29.632 ; Acc: 28.472
2018-09-19 14:57:39,200:INFO: [TRAIN] Step: 48 ; Loss: 28.182 ; Acc: 28.231
2018-09-19 14:57:39,271:INFO: [TRAIN] Step: 49 ; Loss: 28.522 ; Acc: 28.333
2018-09-19 14:57:39,363:INFO: [TRAIN] Step: 50 ; Loss: 29.762 ; Acc: 28.268
2018-09-19 14:57:39,453:INFO: [TRAIN] Step: 51 ; Loss: 27.665 ; Acc: 28.606
2018-09-19 14:57:39,541:INFO: [TRAIN] Step: 52 ; Loss: 29.206 ; Acc: 28.774
2018-09-19 14:57:39,614:INFO: [TRAIN] Step: 53 ; Loss: 28.662 ; Acc: 28.858
2018-09-19 14:57:39,706:INFO: [TRAIN] Step: 54 ; Loss: 28.607 ; Acc: 29.318
2018-09-19 14:57:39,811:INFO: [TRAIN] Step: 55 ; Loss: 30.402 ; Acc: 29.315
2018-09-19 14:57:39,919:INFO: [TRAIN] Step: 56 ; Loss: 29.559 ; Acc: 29.167
2018-09-19 14:57:40,022:INFO: [TRAIN] Step: 57 ; Loss: 28.194 ; Acc: 29.239
2018-09-19 14:57:40,134:INFO: [TRAIN] Step: 58 ; Loss: 28.621 ; Acc: 29.449
2018-09-19 14:57:40,242:INFO: [TRAIN] Step: 59 ; Loss: 28.994 ; Acc: 29.514
2018-09-19 14:57:40,346:INFO: [TRAIN] Step: 60 ; Loss: 28.361 ; Acc: 29.577
2018-09-19 14:57:40,452:INFO: [TRAIN] Step: 61 ; Loss: 31.920 ; Acc: 29.570
2018-09-19 14:57:40,564:INFO: [TRAIN] Step: 62 ; Loss: 32.555 ; Acc: 29.431
2018-09-19 14:57:40,685:INFO: [TRAIN] Step: 63 ; Loss: 27.769 ; Acc: 29.688
2018-09-19 14:57:40,780:INFO: [TRAIN] Step: 64 ; Loss: 25.227 ; Acc: 30.064
2018-09-19 14:57:40,855:INFO: [TRAIN] Step: 65 ; Loss: 28.872 ; Acc: 30.366
2018-09-19 14:57:40,936:INFO: [TRAIN] Step: 66 ; Loss: 28.464 ; Acc: 30.286
2018-09-19 14:57:41,006:INFO: [TRAIN] Step: 67 ; Loss: 26.466 ; Acc: 30.270
2018-09-19 14:57:41,084:INFO: [TRAIN] Step: 68 ; Loss: 36.039 ; Acc: 30.133
2018-09-19 14:57:41,160:INFO: [TRAIN] Step: 69 ; Loss: 28.293 ; Acc: 30.298
2018-09-19 14:57:41,252:INFO: [TRAIN] Step: 70 ; Loss: 27.973 ; Acc: 30.340
2018-09-19 14:57:41,343:INFO: [TRAIN] Step: 71 ; Loss: 30.525 ; Acc: 30.324
2018-09-19 14:57:41,436:INFO: [TRAIN] Step: 72 ; Loss: 28.454 ; Acc: 30.251
2018-09-19 14:57:41,508:INFO: [TRAIN] Step: 73 ; Loss: 29.719 ; Acc: 30.180
2018-09-19 14:57:41,585:INFO: [TRAIN] Step: 74 ; Loss: 31.009 ; Acc: 30.167
2018-09-19 14:57:41,658:INFO: [TRAIN] Step: 75 ; Loss: 26.038 ; Acc: 30.263
2018-09-19 14:57:41,735:INFO: [TRAIN] Step: 76 ; Loss: 25.277 ; Acc: 30.411
2018-09-19 14:57:41,808:INFO: [TRAIN] Step: 77 ; Loss: 25.727 ; Acc: 30.556
2018-09-19 14:57:41,885:INFO: [TRAIN] Step: 78 ; Loss: 27.127 ; Acc: 30.432
2018-09-19 14:57:41,955:INFO: [TRAIN] Step: 79 ; Loss: 30.150 ; Acc: 30.312
2018-09-19 14:57:42,030:INFO: [TRAIN] Step: 80 ; Loss: 26.574 ; Acc: 30.298
2018-09-19 14:57:42,102:INFO: [TRAIN] Step: 81 ; Loss: 29.230 ; Acc: 30.285
2018-09-19 14:57:42,177:INFO: [TRAIN] Step: 82 ; Loss: 25.162 ; Acc: 30.171
2018-09-19 14:57:42,248:INFO: [TRAIN] Step: 83 ; Loss: 28.584 ; Acc: 30.060
2018-09-19 14:57:42,327:INFO: [TRAIN] Step: 84 ; Loss: 30.331 ; Acc: 29.902
2018-09-19 14:57:42,399:INFO: [TRAIN] Step: 85 ; Loss: 27.536 ; Acc: 29.845
2018-09-19 14:57:42,501:INFO: [TRAIN] Step: 86 ; Loss: 28.841 ; Acc: 29.789
2018-09-19 14:57:42,613:INFO: [TRAIN] Step: 87 ; Loss: 29.207 ; Acc: 29.972
2018-09-19 14:57:42,729:INFO: [TRAIN] Step: 88 ; Loss: 30.628 ; Acc: 29.963
2018-09-19 14:57:42,842:INFO: [TRAIN] Step: 89 ; Loss: 28.833 ; Acc: 30.093
2018-09-19 14:57:42,921:INFO: [TRAIN] Step: 90 ; Loss: 31.526 ; Acc: 30.128
2018-09-19 14:57:42,997:INFO: [TRAIN] Step: 91 ; Loss: 30.620 ; Acc: 30.208
2018-09-19 14:57:43,075:INFO: [TRAIN] Step: 92 ; Loss: 27.793 ; Acc: 30.332
2018-09-19 14:57:43,176:INFO: [TRAIN] Step: 93 ; Loss: 33.749 ; Acc: 30.408
2018-09-19 14:57:43,285:INFO: [TRAIN] Step: 94 ; Loss: 25.656 ; Acc: 30.570
2018-09-19 14:57:43,393:INFO: [TRAIN] Step: 95 ; Loss: 36.593 ; Acc: 30.686
2018-09-19 14:57:43,503:INFO: [TRAIN] Step: 96 ; Loss: 26.501 ; Acc: 30.799
2018-09-19 14:57:43,612:INFO: [TRAIN] Step: 97 ; Loss: 26.498 ; Acc: 30.910
2018-09-19 14:57:43,724:INFO: [TRAIN] Step: 98 ; Loss: 26.358 ; Acc: 31.145
2018-09-19 14:57:43,803:INFO: [TRAIN] Step: 99 ; Loss: 29.270 ; Acc: 31.167
2018-09-19 14:57:43,901:INFO: [TRAIN] Step: 100 ; Loss: 31.896 ; Acc: 31.229
2018-09-19 14:57:44,035:INFO: [TRAIN] Step: 101 ; Loss: 33.110 ; Acc: 31.168
2018-09-19 14:57:44,144:INFO: [TRAIN] Step: 102 ; Loss: 32.594 ; Acc: 31.149
2018-09-19 14:57:44,266:INFO: [TRAIN] Step: 103 ; Loss: 28.723 ; Acc: 31.170
2018-09-19 14:57:44,377:INFO: [TRAIN] Step: 104 ; Loss: 30.675 ; Acc: 31.111
2018-09-19 14:57:44,489:INFO: [TRAIN] Step: 105 ; Loss: 28.156 ; Acc: 31.250
2018-09-19 14:57:44,594:INFO: [TRAIN] Step: 106 ; Loss: 28.026 ; Acc: 31.192
2018-09-19 14:57:44,697:INFO: [TRAIN] Step: 107 ; Loss: 32.103 ; Acc: 31.096
2018-09-19 14:57:44,786:INFO: [TRAIN] Step: 108 ; Loss: 27.202 ; Acc: 31.193
2018-09-19 14:57:44,864:INFO: [TRAIN] Step: 109 ; Loss: 24.291 ; Acc: 31.439
2018-09-19 14:57:44,940:INFO: [TRAIN] Step: 110 ; Loss: 29.292 ; Acc: 31.419
2018-09-19 14:57:45,010:INFO: [TRAIN] Step: 111 ; Loss: 28.326 ; Acc: 31.585
2018-09-19 14:57:45,086:INFO: [TRAIN] Step: 112 ; Loss: 28.926 ; Acc: 31.563
2018-09-19 14:57:45,156:INFO: [TRAIN] Step: 113 ; Loss: 29.583 ; Acc: 31.615
2018-09-19 14:57:45,235:INFO: [TRAIN] Step: 114 ; Loss: 27.106 ; Acc: 31.775
2018-09-19 14:57:45,323:INFO: [TRAIN] Step: 115 ; Loss: 27.165 ; Acc: 31.753
2018-09-19 14:57:45,413:INFO: [TRAIN] Step: 116 ; Loss: 28.396 ; Acc: 31.766
2018-09-19 14:57:45,500:INFO: [TRAIN] Step: 117 ; Loss: 24.145 ; Acc: 31.780
2018-09-19 14:57:45,577:INFO: [TRAIN] Step: 118 ; Loss: 31.673 ; Acc: 31.793
2018-09-19 14:57:45,650:INFO: [TRAIN] Step: 119 ; Loss: 27.644 ; Acc: 31.771
2018-09-19 14:57:45,724:INFO: [TRAIN] Step: 120 ; Loss: 31.784 ; Acc: 31.680
2018-09-19 14:57:45,797:INFO: [TRAIN] Step: 121 ; Loss: 29.498 ; Acc: 31.626
2018-09-19 14:57:45,873:INFO: [TRAIN] Step: 122 ; Loss: 33.212 ; Acc: 31.606
2018-09-19 14:57:45,944:INFO: [TRAIN] Step: 123 ; Loss: 31.566 ; Acc: 31.586
2018-09-19 14:57:46,021:INFO: [TRAIN] Step: 124 ; Loss: 29.919 ; Acc: 31.633
2018-09-19 14:57:46,091:INFO: [TRAIN] Step: 125 ; Loss: 30.202 ; Acc: 31.680
2018-09-19 14:57:46,165:INFO: [TRAIN] Step: 126 ; Loss: 29.407 ; Acc: 31.660
2018-09-19 14:57:46,237:INFO: [TRAIN] Step: 127 ; Loss: 25.611 ; Acc: 31.836
2018-09-19 14:57:46,314:INFO: [TRAIN] Step: 128 ; Loss: 28.115 ; Acc: 31.848
2018-09-19 14:57:46,386:INFO: [TRAIN] Step: 129 ; Loss: 29.674 ; Acc: 31.763
2018-09-19 14:57:46,461:INFO: [TRAIN] Step: 130 ; Loss: 27.123 ; Acc: 31.775
2018-09-19 14:57:46,533:INFO: [TRAIN] Step: 131 ; Loss: 28.719 ; Acc: 31.787
2018-09-19 14:57:46,609:INFO: [TRAIN] Step: 132 ; Loss: 28.339 ; Acc: 31.767
2018-09-19 14:57:46,681:INFO: [TRAIN] Step: 133 ; Loss: 34.390 ; Acc: 31.810
2018-09-19 14:57:46,757:INFO: [TRAIN] Step: 134 ; Loss: 27.728 ; Acc: 31.790
2018-09-19 14:57:46,831:INFO: [TRAIN] Step: 135 ; Loss: 30.278 ; Acc: 31.801
2018-09-19 14:57:46,909:INFO: [TRAIN] Step: 136 ; Loss: 31.395 ; Acc: 31.813
2018-09-19 14:57:46,980:INFO: [TRAIN] Step: 137 ; Loss: 28.922 ; Acc: 31.824
2018-09-19 14:57:47,057:INFO: [TRAIN] Step: 138 ; Loss: 26.107 ; Acc: 31.894
2018-09-19 14:57:47,133:INFO: [TRAIN] Step: 139 ; Loss: 28.097 ; Acc: 31.964
2018-09-19 14:57:47,207:INFO: [TRAIN] Step: 140 ; Loss: 25.373 ; Acc: 31.915
2018-09-19 14:57:47,279:INFO: [TRAIN] Step: 141 ; Loss: 24.771 ; Acc: 31.984
2018-09-19 14:57:47,353:INFO: [TRAIN] Step: 142 ; Loss: 28.466 ; Acc: 32.022
2018-09-19 14:57:47,423:INFO: [TRAIN] Step: 143 ; Loss: 29.074 ; Acc: 32.089
2018-09-19 14:57:47,501:INFO: [TRAIN] Step: 144 ; Loss: 28.701 ; Acc: 32.040
2018-09-19 14:57:47,597:INFO: [TRAIN] Step: 145 ; Loss: 28.356 ; Acc: 32.049
2018-09-19 14:57:47,686:INFO: [TRAIN] Step: 146 ; Loss: 28.151 ; Acc: 32.058
2018-09-19 14:57:47,760:INFO: [TRAIN] Step: 147 ; Loss: 27.966 ; Acc: 32.066
2018-09-19 14:57:47,838:INFO: [TRAIN] Step: 148 ; Loss: 31.374 ; Acc: 32.047
2018-09-19 14:57:47,914:INFO: [TRAIN] Step: 149 ; Loss: 31.326 ; Acc: 31.917
2018-09-19 14:57:47,991:INFO: [TRAIN] Step: 150 ; Loss: 31.095 ; Acc: 31.898
2018-09-19 14:57:48,060:INFO: [TRAIN] Step: 151 ; Loss: 28.213 ; Acc: 31.990
2018-09-19 14:57:48,137:INFO: [TRAIN] Step: 152 ; Loss: 27.285 ; Acc: 32.081
2018-09-19 14:57:48,211:INFO: [TRAIN] Step: 153 ; Loss: 27.575 ; Acc: 32.170
2018-09-19 14:57:48,295:INFO: [TRAIN] Step: 154 ; Loss: 26.363 ; Acc: 32.124
2018-09-19 14:57:48,366:INFO: [TRAIN] Step: 155 ; Loss: 27.699 ; Acc: 32.185
2018-09-19 14:57:48,440:INFO: [TRAIN] Step: 156 ; Loss: 25.342 ; Acc: 32.192
2018-09-19 14:57:48,511:INFO: [TRAIN] Step: 157 ; Loss: 33.691 ; Acc: 32.147
2018-09-19 14:57:48,587:INFO: [TRAIN] Step: 158 ; Loss: 27.883 ; Acc: 32.102
2018-09-19 14:57:48,657:INFO: [TRAIN] Step: 159 ; Loss: 28.464 ; Acc: 32.005
2018-09-19 14:57:48,733:INFO: [TRAIN] Step: 160 ; Loss: 30.738 ; Acc: 31.988
2018-09-19 14:57:48,802:INFO: [TRAIN] Step: 161 ; Loss: 29.976 ; Acc: 31.893
2018-09-19 14:57:48,878:INFO: [TRAIN] Step: 162 ; Loss: 27.903 ; Acc: 31.927
2018-09-19 14:57:48,950:INFO: [TRAIN] Step: 163 ; Loss: 29.569 ; Acc: 31.860
2018-09-19 14:57:49,027:INFO: [TRAIN] Step: 164 ; Loss: 30.278 ; Acc: 31.894
2018-09-19 14:57:49,098:INFO: [TRAIN] Step: 165 ; Loss: 29.489 ; Acc: 31.878
2018-09-19 14:57:49,174:INFO: [TRAIN] Step: 166 ; Loss: 26.118 ; Acc: 31.911
2018-09-19 14:57:49,245:INFO: [TRAIN] Step: 167 ; Loss: 31.775 ; Acc: 31.870
2018-09-19 14:57:49,322:INFO: [TRAIN] Step: 168 ; Loss: 27.753 ; Acc: 31.854
2018-09-19 14:57:49,392:INFO: [TRAIN] Step: 169 ; Loss: 26.809 ; Acc: 31.740
2018-09-19 14:57:49,469:INFO: [TRAIN] Step: 170 ; Loss: 27.998 ; Acc: 31.725
2018-09-19 14:57:49,541:INFO: [TRAIN] Step: 171 ; Loss: 30.371 ; Acc: 31.613
2018-09-19 14:57:49,617:INFO: [TRAIN] Step: 172 ; Loss: 31.701 ; Acc: 31.647
2018-09-19 14:57:49,689:INFO: [TRAIN] Step: 173 ; Loss: 28.237 ; Acc: 31.729
2018-09-19 14:57:49,763:INFO: [TRAIN] Step: 174 ; Loss: 25.890 ; Acc: 31.833
2018-09-19 14:57:49,834:INFO: [TRAIN] Step: 175 ; Loss: 26.600 ; Acc: 31.913
2018-09-19 14:57:49,909:INFO: [TRAIN] Step: 176 ; Loss: 30.385 ; Acc: 31.874
2018-09-19 14:57:49,979:INFO: [TRAIN] Step: 177 ; Loss: 29.683 ; Acc: 31.859
2018-09-19 14:57:50,056:INFO: [TRAIN] Step: 178 ; Loss: 27.681 ; Acc: 31.937
2018-09-19 14:57:50,127:INFO: [TRAIN] Step: 179 ; Loss: 30.601 ; Acc: 31.991
2018-09-19 14:57:50,203:INFO: [TRAIN] Step: 180 ; Loss: 31.795 ; Acc: 31.975
2018-09-19 14:57:50,274:INFO: [TRAIN] Step: 181 ; Loss: 28.950 ; Acc: 31.983
2018-09-19 14:57:50,348:INFO: [TRAIN] Step: 182 ; Loss: 32.940 ; Acc: 31.922
2018-09-19 14:57:50,422:INFO: [TRAIN] Step: 183 ; Loss: 31.230 ; Acc: 31.839
2018-09-19 14:57:50,497:INFO: [TRAIN] Step: 184 ; Loss: 27.481 ; Acc: 31.847
2018-09-19 14:57:50,568:INFO: [TRAIN] Step: 185 ; Loss: 30.935 ; Acc: 31.900
2018-09-19 14:57:50,643:INFO: [TRAIN] Step: 186 ; Loss: 26.999 ; Acc: 31.952
2018-09-19 14:57:50,713:INFO: [TRAIN] Step: 187 ; Loss: 28.309 ; Acc: 32.048
2018-09-19 14:57:50,791:INFO: [TRAIN] Step: 188 ; Loss: 29.542 ; Acc: 31.989
2018-09-19 14:57:50,863:INFO: [TRAIN] Step: 189 ; Loss: 29.048 ; Acc: 32.039
2018-09-19 14:57:50,940:INFO: [TRAIN] Step: 190 ; Loss: 30.306 ; Acc: 32.068
2018-09-19 14:57:51,010:INFO: [TRAIN] Step: 191 ; Loss: 26.718 ; Acc: 32.118
2018-09-19 14:57:51,085:INFO: [TRAIN] Step: 192 ; Loss: 30.207 ; Acc: 32.124
2018-09-19 14:57:51,158:INFO: [TRAIN] Step: 193 ; Loss: 30.077 ; Acc: 32.152
2018-09-19 14:57:51,233:INFO: [TRAIN] Step: 194 ; Loss: 29.782 ; Acc: 32.137
2018-09-19 14:57:51,305:INFO: [TRAIN] Step: 195 ; Loss: 30.439 ; Acc: 32.122
2018-09-19 14:57:51,382:INFO: [TRAIN] Step: 196 ; Loss: 29.157 ; Acc: 32.191
2018-09-19 14:57:51,453:INFO: [TRAIN] Step: 197 ; Loss: 25.530 ; Acc: 32.218
2018-09-19 14:57:51,529:INFO: [TRAIN] Step: 198 ; Loss: 30.864 ; Acc: 32.265
2018-09-19 14:57:51,616:INFO: [TRAIN] Step: 199 ; Loss: 26.753 ; Acc: 32.292
2018-09-19 14:57:51,695:INFO: [TRAIN] Step: 200 ; Loss: 27.531 ; Acc: 32.255
2018-09-19 14:57:51,767:INFO: [TRAIN] Step: 201 ; Loss: 23.515 ; Acc: 32.343
2018-09-19 14:57:51,843:INFO: [TRAIN] Step: 202 ; Loss: 30.225 ; Acc: 32.328
2018-09-19 14:57:51,917:INFO: [TRAIN] Step: 203 ; Loss: 33.269 ; Acc: 32.251
2018-09-19 14:57:51,995:INFO: [TRAIN] Step: 204 ; Loss: 30.240 ; Acc: 32.236
2018-09-19 14:57:52,064:INFO: [TRAIN] Step: 205 ; Loss: 27.015 ; Acc: 32.221
2018-09-19 14:57:52,142:INFO: [TRAIN] Step: 206 ; Loss: 30.571 ; Acc: 32.186
2018-09-19 14:57:52,213:INFO: [TRAIN] Step: 207 ; Loss: 26.774 ; Acc: 32.131
2018-09-19 14:57:52,288:INFO: [TRAIN] Step: 208 ; Loss: 28.429 ; Acc: 32.037
2018-09-19 14:57:52,357:INFO: [TRAIN] Step: 209 ; Loss: 27.587 ; Acc: 32.143
2018-09-19 14:57:52,433:INFO: [TRAIN] Step: 210 ; Loss: 26.280 ; Acc: 32.148
2018-09-19 14:57:52,503:INFO: [TRAIN] Step: 211 ; Loss: 29.635 ; Acc: 32.095
2018-09-19 14:57:52,583:INFO: [TRAIN] Step: 212 ; Loss: 29.247 ; Acc: 32.160
2018-09-19 14:57:52,654:INFO: [TRAIN] Step: 213 ; Loss: 28.080 ; Acc: 32.146
2018-09-19 14:57:52,730:INFO: [TRAIN] Step: 214 ; Loss: 26.098 ; Acc: 32.248
2018-09-19 14:57:52,802:INFO: [TRAIN] Step: 215 ; Loss: 31.331 ; Acc: 32.176
2018-09-19 14:57:52,879:INFO: [TRAIN] Step: 216 ; Loss: 25.528 ; Acc: 32.143
2018-09-19 14:57:52,955:INFO: [TRAIN] Step: 217 ; Loss: 29.567 ; Acc: 32.148
2018-09-19 14:57:53,031:INFO: [TRAIN] Step: 218 ; Loss: 32.538 ; Acc: 32.154
2018-09-19 14:57:53,102:INFO: [TRAIN] Step: 219 ; Loss: 30.363 ; Acc: 32.140
2018-09-19 14:57:53,177:INFO: [TRAIN] Step: 220 ; Loss: 27.546 ; Acc: 32.146
2018-09-19 14:57:53,249:INFO: [TRAIN] Step: 221 ; Loss: 29.551 ; Acc: 32.264
2018-09-19 14:57:53,325:INFO: [TRAIN] Step: 222 ; Loss: 32.658 ; Acc: 32.231
2018-09-19 14:57:53,396:INFO: [TRAIN] Step: 223 ; Loss: 26.268 ; Acc: 32.273
2018-09-19 14:57:53,474:INFO: [TRAIN] Step: 224 ; Loss: 28.375 ; Acc: 32.278
2018-09-19 14:57:53,544:INFO: [TRAIN] Step: 225 ; Loss: 28.379 ; Acc: 32.264
2018-09-19 14:57:53,620:INFO: [TRAIN] Step: 226 ; Loss: 31.531 ; Acc: 32.214
2018-09-19 14:57:53,690:INFO: [TRAIN] Step: 227 ; Loss: 31.808 ; Acc: 32.219
2018-09-19 14:57:53,769:INFO: [TRAIN] Step: 228 ; Loss: 25.304 ; Acc: 32.333
2018-09-19 14:57:53,838:INFO: [TRAIN] Step: 229 ; Loss: 32.314 ; Acc: 32.337
2018-09-19 14:57:53,913:INFO: [TRAIN] Step: 230 ; Loss: 32.076 ; Acc: 32.269
2018-09-19 14:57:53,984:INFO: [TRAIN] Step: 231 ; Loss: 27.631 ; Acc: 32.310
2018-09-19 14:57:54,060:INFO: [TRAIN] Step: 232 ; Loss: 32.761 ; Acc: 32.350
2018-09-19 14:57:54,130:INFO: [TRAIN] Step: 233 ; Loss: 27.130 ; Acc: 32.407
2018-09-19 14:57:54,205:INFO: [TRAIN] Step: 234 ; Loss: 27.573 ; Acc: 32.465
2018-09-19 14:57:54,280:INFO: [TRAIN] Step: 235 ; Loss: 27.918 ; Acc: 32.451
2018-09-19 14:57:54,362:INFO: [TRAIN] Step: 236 ; Loss: 28.468 ; Acc: 32.472
2018-09-19 14:57:54,433:INFO: [TRAIN] Step: 237 ; Loss: 30.910 ; Acc: 32.423
2018-09-19 14:57:54,509:INFO: [TRAIN] Step: 238 ; Loss: 27.136 ; Acc: 32.444
2018-09-19 14:57:54,582:INFO: [TRAIN] Step: 239 ; Loss: 29.024 ; Acc: 32.465
2018-09-19 14:57:54,657:INFO: [TRAIN] Step: 240 ; Loss: 24.155 ; Acc: 32.469
2018-09-19 14:57:54,728:INFO: [TRAIN] Step: 241 ; Loss: 32.006 ; Acc: 32.455
2018-09-19 14:57:54,806:INFO: [TRAIN] Step: 242 ; Loss: 27.130 ; Acc: 32.510
2018-09-19 14:57:54,875:INFO: [TRAIN] Step: 243 ; Loss: 26.710 ; Acc: 32.548
2018-09-19 14:57:54,952:INFO: [TRAIN] Step: 244 ; Loss: 28.237 ; Acc: 32.534
2018-09-19 14:57:55,023:INFO: [TRAIN] Step: 245 ; Loss: 27.488 ; Acc: 32.622
2018-09-19 14:57:55,098:INFO: [TRAIN] Step: 246 ; Loss: 26.955 ; Acc: 32.659
2018-09-19 14:57:55,170:INFO: [TRAIN] Step: 247 ; Loss: 27.896 ; Acc: 32.728
2018-09-19 14:57:55,244:INFO: [TRAIN] Step: 248 ; Loss: 29.766 ; Acc: 32.714
2018-09-19 14:57:55,315:INFO: [TRAIN] Step: 249 ; Loss: 25.373 ; Acc: 32.733
2018-09-19 14:57:55,391:INFO: [TRAIN] Step: 250 ; Loss: 28.034 ; Acc: 32.769
2018-09-19 14:57:55,460:INFO: [TRAIN] Step: 251 ; Loss: 28.986 ; Acc: 32.771
2018-09-19 14:57:55,535:INFO: [TRAIN] Step: 252 ; Loss: 27.576 ; Acc: 32.790
2018-09-19 14:57:55,605:INFO: [TRAIN] Step: 253 ; Loss: 30.714 ; Acc: 32.759
2018-09-19 14:57:55,680:INFO: [TRAIN] Step: 254 ; Loss: 28.343 ; Acc: 32.794
2018-09-19 14:57:55,753:INFO: [TRAIN] Step: 255 ; Loss: 25.111 ; Acc: 32.878
2018-09-19 14:57:55,833:INFO: [TRAIN] Step: 256 ; Loss: 25.809 ; Acc: 32.944
2018-09-19 14:57:55,904:INFO: [TRAIN] Step: 257 ; Loss: 25.009 ; Acc: 32.994
2018-09-19 14:57:55,980:INFO: [TRAIN] Step: 258 ; Loss: 30.680 ; Acc: 32.995
2018-09-19 14:57:56,052:INFO: [TRAIN] Step: 259 ; Loss: 31.623 ; Acc: 32.997
2018-09-19 14:57:56,129:INFO: [TRAIN] Step: 260 ; Loss: 27.848 ; Acc: 32.998
2018-09-19 14:57:56,200:INFO: [TRAIN] Step: 261 ; Loss: 29.823 ; Acc: 32.999
2018-09-19 14:57:56,276:INFO: [TRAIN] Step: 262 ; Loss: 28.426 ; Acc: 33.048
2018-09-19 14:57:56,352:INFO: [TRAIN] Step: 263 ; Loss: 29.585 ; Acc: 33.065
2018-09-19 14:57:56,428:INFO: [TRAIN] Step: 264 ; Loss: 30.673 ; Acc: 33.050
2018-09-19 14:57:56,498:INFO: [TRAIN] Step: 265 ; Loss: 29.342 ; Acc: 33.036
2018-09-19 14:57:56,574:INFO: [TRAIN] Step: 266 ; Loss: 27.580 ; Acc: 33.037
2018-09-19 14:57:56,645:INFO: [TRAIN] Step: 267 ; Loss: 28.470 ; Acc: 33.053
2018-09-19 14:57:56,721:INFO: [TRAIN] Step: 268 ; Loss: 32.466 ; Acc: 33.055
2018-09-19 14:57:56,791:INFO: [TRAIN] Step: 269 ; Loss: 26.931 ; Acc: 33.086
2018-09-19 14:57:56,867:INFO: [TRAIN] Step: 270 ; Loss: 29.523 ; Acc: 33.072
2018-09-19 14:57:56,939:INFO: [TRAIN] Step: 271 ; Loss: 32.154 ; Acc: 33.027
2018-09-19 14:57:57,016:INFO: [TRAIN] Step: 272 ; Loss: 30.972 ; Acc: 33.013
2018-09-19 14:57:57,089:INFO: [TRAIN] Step: 273 ; Loss: 29.104 ; Acc: 32.953
2018-09-19 14:57:57,165:INFO: [TRAIN] Step: 274 ; Loss: 26.282 ; Acc: 33.030
2018-09-19 14:57:57,237:INFO: [TRAIN] Step: 275 ; Loss: 28.801 ; Acc: 33.092
2018-09-19 14:57:57,315:INFO: [TRAIN] Step: 276 ; Loss: 27.339 ; Acc: 33.108
2018-09-19 14:57:57,386:INFO: [TRAIN] Step: 277 ; Loss: 29.275 ; Acc: 33.124
2018-09-19 14:57:57,461:INFO: [TRAIN] Step: 278 ; Loss: 29.849 ; Acc: 33.169
2018-09-19 14:57:57,533:INFO: [TRAIN] Step: 279 ; Loss: 26.969 ; Acc: 33.229
2018-09-19 14:57:57,608:INFO: [TRAIN] Step: 280 ; Loss: 32.603 ; Acc: 33.170
2018-09-19 14:57:57,677:INFO: [TRAIN] Step: 281 ; Loss: 29.175 ; Acc: 33.186
2018-09-19 14:57:57,753:INFO: [TRAIN] Step: 282 ; Loss: 30.649 ; Acc: 33.157
2018-09-19 14:57:57,827:INFO: [TRAIN] Step: 283 ; Loss: 28.526 ; Acc: 33.187
2018-09-19 14:57:57,912:INFO: [TRAIN] Step: 284 ; Loss: 29.023 ; Acc: 33.173
2018-09-19 14:57:57,982:INFO: [TRAIN] Step: 285 ; Loss: 26.710 ; Acc: 33.217
2018-09-19 14:57:58,058:INFO: [TRAIN] Step: 286 ; Loss: 27.744 ; Acc: 33.304
2018-09-19 14:57:58,130:INFO: [TRAIN] Step: 287 ; Loss: 27.534 ; Acc: 33.290
2018-09-19 14:57:58,207:INFO: [TRAIN] Step: 288 ; Loss: 29.652 ; Acc: 33.247
2018-09-19 14:57:58,278:INFO: [TRAIN] Step: 289 ; Loss: 33.123 ; Acc: 33.175
2018-09-19 14:57:58,355:INFO: [TRAIN] Step: 290 ; Loss: 28.436 ; Acc: 33.233
2018-09-19 14:57:58,429:INFO: [TRAIN] Step: 291 ; Loss: 25.436 ; Acc: 33.248
2018-09-19 14:57:58,506:INFO: [TRAIN] Step: 292 ; Loss: 28.179 ; Acc: 33.234
2018-09-19 14:57:58,577:INFO: [TRAIN] Step: 293 ; Loss: 30.334 ; Acc: 33.262
2018-09-19 14:57:58,652:INFO: [TRAIN] Step: 294 ; Loss: 28.443 ; Acc: 33.277
2018-09-19 14:57:58,721:INFO: [TRAIN] Step: 295 ; Loss: 28.907 ; Acc: 33.305
2018-09-19 14:57:58,796:INFO: [TRAIN] Step: 296 ; Loss: 27.201 ; Acc: 33.319
2018-09-19 14:57:58,865:INFO: [TRAIN] Step: 297 ; Loss: 27.236 ; Acc: 33.347
2018-09-19 14:57:58,942:INFO: [TRAIN] Step: 298 ; Loss: 27.618 ; Acc: 33.361
2018-09-19 14:57:59,013:INFO: [TRAIN] Step: 299 ; Loss: 30.294 ; Acc: 33.361
2018-09-19 14:57:59,092:INFO: [TRAIN] Step: 300 ; Loss: 27.031 ; Acc: 33.361
2018-09-19 14:57:59,163:INFO: [TRAIN] Step: 301 ; Loss: 27.454 ; Acc: 33.416
2018-09-19 14:57:59,241:INFO: [TRAIN] Step: 302 ; Loss: 26.828 ; Acc: 33.471
2018-09-19 14:57:59,311:INFO: [TRAIN] Step: 303 ; Loss: 29.237 ; Acc: 33.443
2018-09-19 14:57:59,387:INFO: [TRAIN] Step: 304 ; Loss: 27.131 ; Acc: 33.456
2018-09-19 14:57:59,458:INFO: [TRAIN] Step: 305 ; Loss: 29.117 ; Acc: 33.442
2018-09-19 14:57:59,544:INFO: [TRAIN] Step: 306 ; Loss: 26.892 ; Acc: 33.483
2018-09-19 14:57:59,616:INFO: [TRAIN] Step: 307 ; Loss: 30.970 ; Acc: 33.496
2018-09-19 14:57:59,692:INFO: [TRAIN] Step: 308 ; Loss: 27.763 ; Acc: 33.482
2018-09-19 14:57:59,765:INFO: [TRAIN] Step: 309 ; Loss: 33.074 ; Acc: 33.468
2018-09-19 14:57:59,840:INFO: [TRAIN] Step: 310 ; Loss: 30.694 ; Acc: 33.481
2018-09-19 14:57:59,911:INFO: [TRAIN] Step: 311 ; Loss: 27.754 ; Acc: 33.494
2018-09-19 14:57:59,985:INFO: [TRAIN] Step: 312 ; Loss: 29.998 ; Acc: 33.453
2018-09-19 14:58:00,057:INFO: [TRAIN] Step: 313 ; Loss: 30.824 ; Acc: 33.439
2018-09-19 14:58:00,132:INFO: [TRAIN] Step: 314 ; Loss: 29.608 ; Acc: 33.426
2018-09-19 14:58:00,202:INFO: [TRAIN] Step: 315 ; Loss: 32.151 ; Acc: 33.412
2018-09-19 14:58:00,280:INFO: [TRAIN] Step: 316 ; Loss: 30.655 ; Acc: 33.386
2018-09-19 14:58:00,351:INFO: [TRAIN] Step: 317 ; Loss: 28.246 ; Acc: 33.386
2018-09-19 14:58:00,427:INFO: [TRAIN] Step: 318 ; Loss: 28.888 ; Acc: 33.386
2018-09-19 14:58:00,501:INFO: [TRAIN] Step: 319 ; Loss: 25.574 ; Acc: 33.398
2018-09-19 14:58:00,578:INFO: [TRAIN] Step: 320 ; Loss: 24.354 ; Acc: 33.463
2018-09-19 14:58:00,648:INFO: [TRAIN] Step: 321 ; Loss: 26.882 ; Acc: 33.489
2018-09-19 14:58:00,724:INFO: [TRAIN] Step: 322 ; Loss: 25.045 ; Acc: 33.540
2018-09-19 14:58:00,795:INFO: [TRAIN] Step: 323 ; Loss: 26.707 ; Acc: 33.526
2018-09-19 14:58:00,872:INFO: [TRAIN] Step: 324 ; Loss: 26.197 ; Acc: 33.474
2018-09-19 14:58:00,946:INFO: [TRAIN] Step: 325 ; Loss: 28.877 ; Acc: 33.423
2018-09-19 14:58:01,021:INFO: [TRAIN] Step: 326 ; Loss: 25.844 ; Acc: 33.423
2018-09-19 14:58:01,092:INFO: [TRAIN] Step: 327 ; Loss: 25.643 ; Acc: 33.422
2018-09-19 14:58:01,168:INFO: [TRAIN] Step: 328 ; Loss: 29.922 ; Acc: 33.384
2018-09-19 14:58:01,239:INFO: [TRAIN] Step: 329 ; Loss: 24.851 ; Acc: 33.434
2018-09-19 14:58:01,322:INFO: [TRAIN] Step: 330 ; Loss: 30.373 ; Acc: 33.447
2018-09-19 14:58:01,406:INFO: [TRAIN] Step: 331 ; Loss: 26.315 ; Acc: 33.459
2018-09-19 14:58:01,492:INFO: [TRAIN] Step: 332 ; Loss: 34.637 ; Acc: 33.421
2018-09-19 14:58:01,575:INFO: [TRAIN] Step: 333 ; Loss: 27.654 ; Acc: 33.396
2018-09-19 14:58:01,659:INFO: [TRAIN] Step: 334 ; Loss: 25.560 ; Acc: 33.383
2018-09-19 14:58:01,743:INFO: [TRAIN] Step: 335 ; Loss: 26.186 ; Acc: 33.321
2018-09-19 14:58:01,826:INFO: [TRAIN] Step: 336 ; Loss: 31.098 ; Acc: 33.296
2018-09-19 14:58:01,901:INFO: [TRAIN] Step: 337 ; Loss: 31.400 ; Acc: 33.259
2018-09-19 14:58:01,979:INFO: [TRAIN] Step: 338 ; Loss: 29.153 ; Acc: 33.284
2018-09-19 14:58:02,057:INFO: [TRAIN] Step: 339 ; Loss: 28.926 ; Acc: 33.333
2018-09-19 14:58:02,140:INFO: [TRAIN] Step: 340 ; Loss: 27.332 ; Acc: 33.382
2018-09-19 14:58:02,215:INFO: [TRAIN] Step: 341 ; Loss: 31.910 ; Acc: 33.358
2018-09-19 14:58:02,294:INFO: [TRAIN] Step: 342 ; Loss: 25.681 ; Acc: 33.358
2018-09-19 14:58:02,389:INFO: [TRAIN] Step: 343 ; Loss: 25.450 ; Acc: 33.418
2018-09-19 14:58:02,487:INFO: [TRAIN] Step: 344 ; Loss: 33.024 ; Acc: 33.430
2018-09-19 14:58:02,566:INFO: [TRAIN] Step: 345 ; Loss: 28.685 ; Acc: 33.466
2018-09-19 14:58:02,643:INFO: [TRAIN] Step: 346 ; Loss: 28.001 ; Acc: 33.453
2018-09-19 14:58:02,716:INFO: [TRAIN] Step: 347 ; Loss: 27.644 ; Acc: 33.441
2018-09-19 14:58:02,793:INFO: [TRAIN] Step: 348 ; Loss: 28.702 ; Acc: 33.429
2018-09-19 14:58:02,864:INFO: [TRAIN] Step: 349 ; Loss: 31.426 ; Acc: 33.405
2018-09-19 14:58:02,946:INFO: [TRAIN] Step: 350 ; Loss: 30.455 ; Acc: 33.405
2018-09-19 14:58:03,023:INFO: [TRAIN] Step: 351 ; Loss: 28.808 ; Acc: 33.464
2018-09-19 14:58:03,251:INFO: [TRAIN] Step: 352 ; Loss: 33.468 ; Acc: 33.428
2018-09-19 14:58:03,343:INFO: [TRAIN] Step: 353 ; Loss: 27.291 ; Acc: 33.486
2018-09-19 14:58:03,454:INFO: [TRAIN] Step: 354 ; Loss: 30.882 ; Acc: 33.474
2018-09-19 14:58:03,538:INFO: [TRAIN] Step: 355 ; Loss: 28.274 ; Acc: 33.462
2018-09-19 14:58:03,625:INFO: [TRAIN] Step: 356 ; Loss: 28.447 ; Acc: 33.462
2018-09-19 14:58:03,710:INFO: [TRAIN] Step: 357 ; Loss: 29.529 ; Acc: 33.473
2018-09-19 14:58:03,819:INFO: [TRAIN] Step: 358 ; Loss: 25.001 ; Acc: 33.554
2018-09-19 14:58:03,967:INFO: [TRAIN] Step: 359 ; Loss: 26.025 ; Acc: 33.588
2018-09-19 14:58:04,090:INFO: [TRAIN] Step: 360 ; Loss: 28.383 ; Acc: 33.599
2018-09-19 14:58:04,182:INFO: [TRAIN] Step: 361 ; Loss: 29.081 ; Acc: 33.552
2018-09-19 14:58:04,269:INFO: [TRAIN] Step: 362 ; Loss: 24.197 ; Acc: 33.597
2018-09-19 14:58:04,359:INFO: [TRAIN] Step: 363 ; Loss: 29.013 ; Acc: 33.597
2018-09-19 14:58:04,445:INFO: [TRAIN] Step: 364 ; Loss: 25.709 ; Acc: 33.607
2018-09-19 14:58:04,522:INFO: [TRAIN] Step: 365 ; Loss: 32.182 ; Acc: 33.595
2018-09-19 14:58:04,598:INFO: [TRAIN] Step: 366 ; Loss: 26.664 ; Acc: 33.583
2018-09-19 14:58:04,675:INFO: [TRAIN] Step: 367 ; Loss: 30.790 ; Acc: 33.582
2018-09-19 14:58:04,751:INFO: [TRAIN] Step: 368 ; Loss: 26.377 ; Acc: 33.638
2018-09-19 14:58:04,831:INFO: [TRAIN] Step: 369 ; Loss: 28.601 ; Acc: 33.660
2018-09-19 14:58:04,904:INFO: [TRAIN] Step: 370 ; Loss: 27.288 ; Acc: 33.614
2018-09-19 14:58:04,983:INFO: [TRAIN] Step: 371 ; Loss: 26.699 ; Acc: 33.647
2018-09-19 14:58:05,055:INFO: [TRAIN] Step: 372 ; Loss: 26.730 ; Acc: 33.635
2018-09-19 14:58:05,134:INFO: [TRAIN] Step: 373 ; Loss: 31.258 ; Acc: 33.578
2018-09-19 14:58:05,208:INFO: [TRAIN] Step: 374 ; Loss: 31.332 ; Acc: 33.567
2018-09-19 14:58:05,288:INFO: [TRAIN] Step: 375 ; Loss: 29.352 ; Acc: 33.544
2018-09-19 14:58:05,362:INFO: [TRAIN] Step: 376 ; Loss: 29.786 ; Acc: 33.532
2018-09-19 14:58:05,440:INFO: [TRAIN] Step: 377 ; Loss: 33.928 ; Acc: 33.477
2018-09-19 14:58:05,515:INFO: [TRAIN] Step: 378 ; Loss: 29.677 ; Acc: 33.465
2018-09-19 14:58:05,591:INFO: [TRAIN] Step: 379 ; Loss: 28.394 ; Acc: 33.465
2018-09-19 14:58:05,661:INFO: [TRAIN] Step: 380 ; Loss: 27.047 ; Acc: 33.486
2018-09-19 14:58:05,734:INFO: [TRAIN] Step: 381 ; Loss: 27.058 ; Acc: 33.519
2018-09-19 14:58:05,815:INFO: [TRAIN] Step: 382 ; Loss: 28.519 ; Acc: 33.529
2018-09-19 14:58:05,894:INFO: [TRAIN] Step: 383 ; Loss: 26.931 ; Acc: 33.518
2018-09-19 14:58:05,963:INFO: [TRAIN] Step: 384 ; Loss: 27.816 ; Acc: 33.528
2018-09-19 14:58:06,036:INFO: [TRAIN] Step: 385 ; Loss: 28.732 ; Acc: 33.538
2018-09-19 14:58:06,110:INFO: [TRAIN] Step: 386 ; Loss: 30.146 ; Acc: 33.538
2018-09-19 14:58:06,181:INFO: [TRAIN] Step: 387 ; Loss: 30.527 ; Acc: 33.505
2018-09-19 14:58:06,251:INFO: [TRAIN] Step: 388 ; Loss: 25.979 ; Acc: 33.548
2018-09-19 14:58:06,322:INFO: [TRAIN] Step: 389 ; Loss: 30.080 ; Acc: 33.558
2018-09-19 14:58:06,402:INFO: [TRAIN] Step: 390 ; Loss: 29.149 ; Acc: 33.546
2018-09-19 14:58:06,475:INFO: [TRAIN] Step: 391 ; Loss: 32.353 ; Acc: 33.514
2018-09-19 14:58:06,545:INFO: [TRAIN] Step: 392 ; Loss: 30.337 ; Acc: 33.503
2018-09-19 14:58:06,622:INFO: [TRAIN] Step: 393 ; Loss: 26.761 ; Acc: 33.534
2018-09-19 14:58:06,692:INFO: [TRAIN] Step: 394 ; Loss: 29.389 ; Acc: 33.513
2018-09-19 14:58:06,764:INFO: [TRAIN] Step: 395 ; Loss: 29.013 ; Acc: 33.512
2018-09-19 14:58:06,834:INFO: [TRAIN] Step: 396 ; Loss: 28.810 ; Acc: 33.480
2018-09-19 14:58:06,906:INFO: [TRAIN] Step: 397 ; Loss: 28.875 ; Acc: 33.501
2018-09-19 14:58:06,976:INFO: [TRAIN] Step: 398 ; Loss: 29.184 ; Acc: 33.521
2018-09-19 14:58:07,048:INFO: [TRAIN] Step: 399 ; Loss: 29.888 ; Acc: 33.521
2018-09-19 14:58:07,120:INFO: [TRAIN] Step: 400 ; Loss: 28.278 ; Acc: 33.531
2018-09-19 14:58:07,197:INFO: [TRAIN] Step: 401 ; Loss: 26.999 ; Acc: 33.572
2018-09-19 14:58:07,269:INFO: [TRAIN] Step: 402 ; Loss: 32.197 ; Acc: 33.571
2018-09-19 14:58:07,341:INFO: [TRAIN] Step: 403 ; Loss: 29.282 ; Acc: 33.550
2018-09-19 14:58:07,435:INFO: [TRAIN] Step: 404 ; Loss: 29.106 ; Acc: 33.549
2018-09-19 14:58:07,508:INFO: [TRAIN] Step: 405 ; Loss: 28.270 ; Acc: 33.569
2018-09-19 14:58:07,586:INFO: [TRAIN] Step: 406 ; Loss: 27.761 ; Acc: 33.579
2018-09-19 14:58:07,667:INFO: [TRAIN] Step: 407 ; Loss: 23.859 ; Acc: 33.619
2018-09-19 14:58:07,743:INFO: [TRAIN] Step: 408 ; Loss: 29.376 ; Acc: 33.608
2018-09-19 14:58:07,835:INFO: [TRAIN] Step: 409 ; Loss: 29.837 ; Acc: 33.598
2018-09-19 14:58:07,910:INFO: [TRAIN] Step: 410 ; Loss: 27.248 ; Acc: 33.617
2018-09-19 14:58:07,989:INFO: [TRAIN] Step: 411 ; Loss: 29.634 ; Acc: 33.617
2018-09-19 14:58:08,059:INFO: [TRAIN] Step: 412 ; Loss: 26.857 ; Acc: 33.646
2018-09-19 14:58:08,135:INFO: [TRAIN] Step: 413 ; Loss: 29.358 ; Acc: 33.615
2018-09-19 14:58:08,202:INFO: [TRAIN] Step: 414 ; Loss: 27.357 ; Acc: 33.655
2018-09-19 14:58:08,273:INFO: [TRAIN] Step: 415 ; Loss: 29.846 ; Acc: 33.634
2018-09-19 14:58:08,342:INFO: [TRAIN] Step: 416 ; Loss: 28.293 ; Acc: 33.623
2018-09-19 14:58:08,418:INFO: [TRAIN] Step: 417 ; Loss: 25.660 ; Acc: 33.652
2018-09-19 14:58:08,487:INFO: [TRAIN] Step: 418 ; Loss: 28.217 ; Acc: 33.681
2018-09-19 14:58:08,563:INFO: [TRAIN] Step: 419 ; Loss: 27.674 ; Acc: 33.681
2018-09-19 14:58:08,653:INFO: [TRAIN] Step: 420 ; Loss: 29.311 ; Acc: 33.660
2018-09-19 14:58:08,730:INFO: [TRAIN] Step: 421 ; Loss: 29.346 ; Acc: 33.659
2018-09-19 14:58:08,801:INFO: [TRAIN] Step: 422 ; Loss: 26.956 ; Acc: 33.668
2018-09-19 14:58:08,874:INFO: [TRAIN] Step: 423 ; Loss: 34.865 ; Acc: 33.648
2018-09-19 14:58:08,953:INFO: [TRAIN] Step: 424 ; Loss: 30.251 ; Acc: 33.618
2018-09-19 14:58:09,026:INFO: [TRAIN] Step: 425 ; Loss: 29.550 ; Acc: 33.607
2018-09-19 14:58:09,107:INFO: [TRAIN] Step: 426 ; Loss: 28.700 ; Acc: 33.587
2018-09-19 14:58:09,195:INFO: [TRAIN] Step: 427 ; Loss: 25.292 ; Acc: 33.596
2018-09-19 14:58:09,264:INFO: [TRAIN] Step: 428 ; Loss: 28.318 ; Acc: 33.596
2018-09-19 14:58:09,345:INFO: [TRAIN] Step: 429 ; Loss: 27.937 ; Acc: 33.624
2018-09-19 14:58:09,423:INFO: [TRAIN] Step: 430 ; Loss: 27.812 ; Acc: 33.594
2018-09-19 14:58:09,497:INFO: [TRAIN] Step: 431 ; Loss: 28.874 ; Acc: 33.613
2018-09-19 14:58:09,571:INFO: [TRAIN] Step: 432 ; Loss: 27.521 ; Acc: 33.584
2018-09-19 14:58:09,645:INFO: [TRAIN] Step: 433 ; Loss: 28.596 ; Acc: 33.573
2018-09-19 14:58:09,716:INFO: [TRAIN] Step: 434 ; Loss: 28.446 ; Acc: 33.563
2018-09-19 14:58:09,790:INFO: [TRAIN] Step: 435 ; Loss: 35.053 ; Acc: 33.544
2018-09-19 14:58:09,857:INFO: [TRAIN] Step: 436 ; Loss: 26.021 ; Acc: 33.534
2018-09-19 14:58:09,933:INFO: [TRAIN] Step: 437 ; Loss: 26.325 ; Acc: 33.505
2018-09-19 14:58:10,000:INFO: [TRAIN] Step: 438 ; Loss: 29.771 ; Acc: 33.504
2018-09-19 14:58:10,073:INFO: [TRAIN] Step: 439 ; Loss: 28.875 ; Acc: 33.475
2018-09-19 14:58:10,145:INFO: [TRAIN] Step: 440 ; Loss: 30.650 ; Acc: 33.437
2018-09-19 14:58:10,228:INFO: [TRAIN] Step: 441 ; Loss: 26.116 ; Acc: 33.409
2018-09-19 14:58:10,303:INFO: [TRAIN] Step: 442 ; Loss: 31.571 ; Acc: 33.343
2018-09-19 14:58:10,384:INFO: [TRAIN] Step: 443 ; Loss: 29.451 ; Acc: 33.324
2018-09-19 14:58:10,461:INFO: [TRAIN] Step: 444 ; Loss: 27.903 ; Acc: 33.324
2018-09-19 14:58:10,541:INFO: [TRAIN] Step: 445 ; Loss: 26.411 ; Acc: 33.324
2018-09-19 14:58:10,610:INFO: [TRAIN] Step: 446 ; Loss: 32.088 ; Acc: 33.324
2018-09-19 14:58:10,681:INFO: [TRAIN] Step: 447 ; Loss: 26.748 ; Acc: 33.398
2018-09-19 14:58:10,751:INFO: [TRAIN] Step: 448 ; Loss: 31.727 ; Acc: 33.380
2018-09-19 14:58:10,825:INFO: [TRAIN] Step: 449 ; Loss: 28.732 ; Acc: 33.370
2018-09-19 14:58:10,896:INFO: [TRAIN] Step: 450 ; Loss: 26.353 ; Acc: 33.389
2018-09-19 14:58:10,971:INFO: [TRAIN] Step: 451 ; Loss: 29.131 ; Acc: 33.416
2018-09-19 14:58:11,042:INFO: [TRAIN] Step: 452 ; Loss: 29.654 ; Acc: 33.425
2018-09-19 14:58:11,116:INFO: [TRAIN] Step: 453 ; Loss: 27.033 ; Acc: 33.443
2018-09-19 14:58:11,185:INFO: [TRAIN] Step: 454 ; Loss: 31.418 ; Acc: 33.471
2018-09-19 14:58:11,258:INFO: [TRAIN] Step: 455 ; Loss: 32.027 ; Acc: 33.434
2018-09-19 14:58:11,329:INFO: [TRAIN] Step: 456 ; Loss: 29.592 ; Acc: 33.443
2018-09-19 14:58:11,403:INFO: [TRAIN] Step: 457 ; Loss: 28.066 ; Acc: 33.443
2018-09-19 14:58:11,473:INFO: [TRAIN] Step: 458 ; Loss: 28.141 ; Acc: 33.424
2018-09-19 14:58:11,544:INFO: [TRAIN] Step: 459 ; Loss: 30.711 ; Acc: 33.442
2018-09-19 14:58:11,615:INFO: [TRAIN] Step: 460 ; Loss: 27.640 ; Acc: 33.469
2018-09-19 14:58:11,687:INFO: [TRAIN] Step: 461 ; Loss: 31.865 ; Acc: 33.469
2018-09-19 14:58:11,755:INFO: [TRAIN] Step: 462 ; Loss: 28.145 ; Acc: 33.477
2018-09-19 14:58:11,831:INFO: [TRAIN] Step: 463 ; Loss: 34.041 ; Acc: 33.459
2018-09-19 14:58:11,901:INFO: [TRAIN] Step: 464 ; Loss: 27.298 ; Acc: 33.495
2018-09-19 14:58:11,973:INFO: [TRAIN] Step: 465 ; Loss: 32.851 ; Acc: 33.476
2018-09-19 14:58:12,042:INFO: [TRAIN] Step: 466 ; Loss: 30.044 ; Acc: 33.476
2018-09-19 14:58:12,116:INFO: [TRAIN] Step: 467 ; Loss: 25.320 ; Acc: 33.538
2018-09-19 14:58:12,188:INFO: [TRAIN] Step: 468 ; Loss: 24.566 ; Acc: 33.547
2018-09-19 14:58:12,260:INFO: [TRAIN] Step: 469 ; Loss: 28.899 ; Acc: 33.555
2018-09-19 14:58:12,333:INFO: [TRAIN] Step: 470 ; Loss: 28.793 ; Acc: 33.537
2018-09-19 14:58:12,405:INFO: [TRAIN] Step: 471 ; Loss: 26.193 ; Acc: 33.545
2018-09-19 14:58:12,474:INFO: [TRAIN] Step: 472 ; Loss: 25.750 ; Acc: 33.589
2018-09-19 14:58:12,549:INFO: [TRAIN] Step: 473 ; Loss: 23.798 ; Acc: 33.597
2018-09-19 14:58:12,621:INFO: [TRAIN] Step: 474 ; Loss: 27.114 ; Acc: 33.623
2018-09-19 14:58:12,692:INFO: [TRAIN] Step: 475 ; Loss: 27.981 ; Acc: 33.640
2018-09-19 14:58:12,760:INFO: [TRAIN] Step: 476 ; Loss: 28.475 ; Acc: 33.665
2018-09-19 14:58:12,835:INFO: [TRAIN] Step: 477 ; Loss: 28.507 ; Acc: 33.682
2018-09-19 14:58:12,904:INFO: [TRAIN] Step: 478 ; Loss: 27.444 ; Acc: 33.681
2018-09-19 14:58:12,978:INFO: [TRAIN] Step: 479 ; Loss: 26.386 ; Acc: 33.689
2018-09-19 14:58:13,047:INFO: [TRAIN] Step: 480 ; Loss: 32.290 ; Acc: 33.671
2018-09-19 14:58:13,121:INFO: [TRAIN] Step: 481 ; Loss: 29.804 ; Acc: 33.696
2018-09-19 14:58:13,192:INFO: [TRAIN] Step: 482 ; Loss: 29.984 ; Acc: 33.696
2018-09-19 14:58:13,265:INFO: [TRAIN] Step: 483 ; Loss: 31.549 ; Acc: 33.669
2018-09-19 14:58:13,334:INFO: [TRAIN] Step: 484 ; Loss: 23.681 ; Acc: 33.668
2018-09-19 14:58:13,408:INFO: [TRAIN] Step: 485 ; Loss: 28.182 ; Acc: 33.693
2018-09-19 14:58:13,482:INFO: [TRAIN] Step: 486 ; Loss: 32.282 ; Acc: 33.676
2018-09-19 14:58:13,557:INFO: [TRAIN] Step: 487 ; Loss: 30.337 ; Acc: 33.675
2018-09-19 14:58:13,627:INFO: [TRAIN] Step: 488 ; Loss: 29.016 ; Acc: 33.683
2018-09-19 14:58:13,701:INFO: [TRAIN] Step: 489 ; Loss: 28.341 ; Acc: 33.699
2018-09-19 14:58:13,770:INFO: [TRAIN] Step: 490 ; Loss: 27.125 ; Acc: 33.707
2018-09-19 14:58:13,846:INFO: [TRAIN] Step: 491 ; Loss: 27.110 ; Acc: 33.740
2018-09-19 14:58:13,915:INFO: [TRAIN] Step: 492 ; Loss: 23.357 ; Acc: 33.798
2018-09-19 14:58:13,988:INFO: [TRAIN] Step: 493 ; Loss: 28.184 ; Acc: 33.823
2018-09-19 14:58:14,057:INFO: [TRAIN] Step: 494 ; Loss: 29.577 ; Acc: 33.796
2018-09-19 14:58:14,133:INFO: [TRAIN] Step: 495 ; Loss: 31.273 ; Acc: 33.795
2018-09-19 14:58:14,204:INFO: [TRAIN] Step: 496 ; Loss: 29.395 ; Acc: 33.820
2018-09-19 14:58:14,276:INFO: [TRAIN] Step: 497 ; Loss: 33.087 ; Acc: 33.802
2018-09-19 14:58:14,344:INFO: [TRAIN] Step: 498 ; Loss: 25.947 ; Acc: 33.826
2018-09-19 14:58:14,422:INFO: [TRAIN] Step: 499 ; Loss: 31.071 ; Acc: 33.808
2018-09-19 14:58:14,491:INFO: [TRAIN] Step: 500 ; Loss: 30.919 ; Acc: 33.799
2018-09-19 14:58:14,564:INFO: [TRAIN] Step: 501 ; Loss: 30.481 ; Acc: 33.798
2018-09-19 14:58:14,633:INFO: [TRAIN] Step: 502 ; Loss: 28.999 ; Acc: 33.806
2018-09-19 14:58:14,705:INFO: [TRAIN] Step: 503 ; Loss: 26.450 ; Acc: 33.796
2018-09-19 14:58:14,773:INFO: [TRAIN] Step: 504 ; Loss: 27.096 ; Acc: 33.812
2018-09-19 14:58:14,846:INFO: [TRAIN] Step: 505 ; Loss: 29.215 ; Acc: 33.811
2018-09-19 14:58:14,914:INFO: [TRAIN] Step: 506 ; Loss: 25.480 ; Acc: 33.802
2018-09-19 14:58:14,985:INFO: [TRAIN] Step: 507 ; Loss: 33.205 ; Acc: 33.776
2018-09-19 14:58:15,054:INFO: [TRAIN] Step: 508 ; Loss: 26.664 ; Acc: 33.784
2018-09-19 14:58:15,129:INFO: [TRAIN] Step: 509 ; Loss: 23.648 ; Acc: 33.807
2018-09-19 14:58:15,199:INFO: [TRAIN] Step: 510 ; Loss: 29.623 ; Acc: 33.814
2018-09-19 14:58:15,272:INFO: [TRAIN] Step: 511 ; Loss: 27.837 ; Acc: 33.822
2018-09-19 14:58:15,340:INFO: [TRAIN] Step: 512 ; Loss: 29.804 ; Acc: 33.796
2018-09-19 14:58:15,413:INFO: [TRAIN] Step: 513 ; Loss: 28.252 ; Acc: 33.820
2018-09-19 14:58:15,484:INFO: [TRAIN] Step: 514 ; Loss: 29.012 ; Acc: 33.835
2018-09-19 14:58:15,556:INFO: [TRAIN] Step: 515 ; Loss: 29.546 ; Acc: 33.826
2018-09-19 14:58:15,640:INFO: [TRAIN] Step: 516 ; Loss: 27.658 ; Acc: 33.833
2018-09-19 14:58:15,712:INFO: [TRAIN] Step: 517 ; Loss: 30.282 ; Acc: 33.832
2018-09-19 14:58:15,781:INFO: [TRAIN] Step: 518 ; Loss: 28.677 ; Acc: 33.831
2018-09-19 14:58:15,858:INFO: [TRAIN] Step: 519 ; Loss: 26.939 ; Acc: 33.870
2018-09-19 14:58:15,928:INFO: [TRAIN] Step: 520 ; Loss: 30.824 ; Acc: 33.869
2018-09-19 14:58:16,001:INFO: [TRAIN] Step: 521 ; Loss: 27.714 ; Acc: 33.908
2018-09-19 14:58:16,070:INFO: [TRAIN] Step: 522 ; Loss: 26.127 ; Acc: 33.931
2018-09-19 14:58:16,143:INFO: [TRAIN] Step: 523 ; Loss: 27.581 ; Acc: 33.962
2018-09-19 14:58:16,211:INFO: [TRAIN] Step: 524 ; Loss: 26.017 ; Acc: 33.944
2018-09-19 14:58:16,285:INFO: [TRAIN] Step: 525 ; Loss: 30.131 ; Acc: 33.920
2018-09-19 14:58:16,355:INFO: [TRAIN] Step: 526 ; Loss: 29.551 ; Acc: 33.942
2018-09-19 14:58:16,428:INFO: [TRAIN] Step: 527 ; Loss: 29.402 ; Acc: 33.949
2018-09-19 14:58:16,499:INFO: [TRAIN] Step: 528 ; Loss: 32.594 ; Acc: 33.940
2018-09-19 14:58:16,573:INFO: [TRAIN] Step: 529 ; Loss: 26.963 ; Acc: 33.931
2018-09-19 14:58:16,646:INFO: [TRAIN] Step: 530 ; Loss: 26.294 ; Acc: 33.945
2018-09-19 14:58:16,717:INFO: [TRAIN] Step: 531 ; Loss: 30.067 ; Acc: 33.952
2018-09-19 14:58:16,787:INFO: [TRAIN] Step: 532 ; Loss: 28.402 ; Acc: 33.959
2018-09-19 14:58:16,861:INFO: [TRAIN] Step: 533 ; Loss: 28.804 ; Acc: 33.989
2018-09-19 14:58:16,930:INFO: [TRAIN] Step: 534 ; Loss: 25.903 ; Acc: 34.019
2018-09-19 14:58:17,002:INFO: [TRAIN] Step: 535 ; Loss: 30.271 ; Acc: 34.017
2018-09-19 14:58:17,071:INFO: [TRAIN] Step: 536 ; Loss: 27.633 ; Acc: 34.039
2018-09-19 14:58:17,144:INFO: [TRAIN] Step: 537 ; Loss: 25.576 ; Acc: 34.038
2018-09-19 14:58:17,214:INFO: [TRAIN] Step: 538 ; Loss: 28.227 ; Acc: 34.060
2018-09-19 14:58:17,289:INFO: [TRAIN] Step: 539 ; Loss: 32.507 ; Acc: 34.028
2018-09-19 14:58:17,360:INFO: [TRAIN] Step: 540 ; Loss: 30.080 ; Acc: 34.019
2018-09-19 14:58:17,435:INFO: [TRAIN] Step: 541 ; Loss: 28.475 ; Acc: 34.002
2018-09-19 14:58:17,504:INFO: [TRAIN] Step: 542 ; Loss: 28.000 ; Acc: 33.993
2018-09-19 14:58:17,584:INFO: [TRAIN] Step: 543 ; Loss: 28.495 ; Acc: 34.000
2018-09-19 14:58:17,655:INFO: [TRAIN] Step: 544 ; Loss: 27.159 ; Acc: 34.014
2018-09-19 14:58:17,730:INFO: [TRAIN] Step: 545 ; Loss: 28.373 ; Acc: 34.028
2018-09-19 14:58:17,799:INFO: [TRAIN] Step: 546 ; Loss: 29.684 ; Acc: 34.004
2018-09-19 14:58:17,872:INFO: [TRAIN] Step: 547 ; Loss: 26.622 ; Acc: 34.002
2018-09-19 14:58:17,946:INFO: [TRAIN] Step: 548 ; Loss: 25.816 ; Acc: 34.009
2018-09-19 14:58:18,019:INFO: [TRAIN] Step: 549 ; Loss: 31.472 ; Acc: 34.015
2018-09-19 14:58:18,086:INFO: [TRAIN] Step: 550 ; Loss: 30.054 ; Acc: 34.014
2018-09-19 14:58:18,159:INFO: [TRAIN] Step: 551 ; Loss: 26.905 ; Acc: 34.035
2018-09-19 14:58:18,229:INFO: [TRAIN] Step: 552 ; Loss: 27.760 ; Acc: 34.049
2018-09-19 14:58:18,302:INFO: [TRAIN] Step: 553 ; Loss: 25.157 ; Acc: 34.070
2018-09-19 14:58:18,375:INFO: [TRAIN] Step: 554 ; Loss: 26.827 ; Acc: 34.062
2018-09-19 14:58:18,448:INFO: [TRAIN] Step: 555 ; Loss: 24.111 ; Acc: 34.113
2018-09-19 14:58:18,519:INFO: [TRAIN] Step: 556 ; Loss: 24.899 ; Acc: 34.126
2018-09-19 14:58:18,592:INFO: [TRAIN] Step: 557 ; Loss: 28.393 ; Acc: 34.140
2018-09-19 14:58:18,662:INFO: [TRAIN] Step: 558 ; Loss: 29.679 ; Acc: 34.131
2018-09-19 14:58:18,734:INFO: [TRAIN] Step: 559 ; Loss: 30.697 ; Acc: 34.100
2018-09-19 14:58:18,804:INFO: [TRAIN] Step: 560 ; Loss: 28.483 ; Acc: 34.076
2018-09-19 14:58:18,877:INFO: [TRAIN] Step: 561 ; Loss: 28.736 ; Acc: 34.097
2018-09-19 14:58:18,946:INFO: [TRAIN] Step: 562 ; Loss: 27.525 ; Acc: 34.096
2018-09-19 14:58:19,020:INFO: [TRAIN] Step: 563 ; Loss: 28.054 ; Acc: 34.124
2018-09-19 14:58:19,090:INFO: [TRAIN] Step: 564 ; Loss: 33.184 ; Acc: 34.115
2018-09-19 14:58:19,162:INFO: [TRAIN] Step: 565 ; Loss: 29.597 ; Acc: 34.136
2018-09-19 14:58:19,231:INFO: [TRAIN] Step: 566 ; Loss: 27.939 ; Acc: 34.149
2018-09-19 14:58:19,306:INFO: [TRAIN] Step: 567 ; Loss: 30.856 ; Acc: 34.140
2018-09-19 14:58:19,375:INFO: [TRAIN] Step: 568 ; Loss: 30.553 ; Acc: 34.132
2018-09-19 14:58:19,446:INFO: [TRAIN] Step: 569 ; Loss: 27.464 ; Acc: 34.137
2018-09-19 14:58:19,517:INFO: [TRAIN] Step: 570 ; Loss: 29.101 ; Acc: 34.136
2018-09-19 14:58:19,594:INFO: [TRAIN] Step: 571 ; Loss: 29.785 ; Acc: 34.149
2018-09-19 14:58:19,662:INFO: [TRAIN] Step: 572 ; Loss: 29.771 ; Acc: 34.148
2018-09-19 14:58:19,736:INFO: [TRAIN] Step: 573 ; Loss: 28.965 ; Acc: 34.161
2018-09-19 14:58:19,807:INFO: [TRAIN] Step: 574 ; Loss: 30.564 ; Acc: 34.145
2018-09-19 14:58:19,879:INFO: [TRAIN] Step: 575 ; Loss: 28.159 ; Acc: 34.144
2018-09-19 14:58:19,946:INFO: [TRAIN] Step: 576 ; Loss: 29.928 ; Acc: 34.171
2018-09-19 14:58:20,018:INFO: [TRAIN] Step: 577 ; Loss: 28.139 ; Acc: 34.177
2018-09-19 14:58:20,089:INFO: [TRAIN] Step: 578 ; Loss: 31.963 ; Acc: 34.168
2018-09-19 14:58:20,161:INFO: [TRAIN] Step: 579 ; Loss: 29.518 ; Acc: 34.174
2018-09-19 14:58:20,231:INFO: [TRAIN] Step: 580 ; Loss: 30.241 ; Acc: 34.158
2018-09-19 14:58:20,303:INFO: [TRAIN] Step: 581 ; Loss: 28.436 ; Acc: 34.171
2018-09-19 14:58:20,371:INFO: [TRAIN] Step: 582 ; Loss: 24.981 ; Acc: 34.198
2018-09-19 14:58:20,444:INFO: [TRAIN] Step: 583 ; Loss: 26.707 ; Acc: 34.204
2018-09-19 14:58:20,515:INFO: [TRAIN] Step: 584 ; Loss: 27.139 ; Acc: 34.238
2018-09-19 14:58:20,588:INFO: [TRAIN] Step: 585 ; Loss: 27.689 ; Acc: 34.258
2018-09-19 14:58:20,656:INFO: [TRAIN] Step: 586 ; Loss: 26.571 ; Acc: 34.263
2018-09-19 14:58:20,728:INFO: [TRAIN] Step: 587 ; Loss: 26.029 ; Acc: 34.262
2018-09-19 14:58:20,801:INFO: [TRAIN] Step: 588 ; Loss: 29.713 ; Acc: 34.267
2018-09-19 14:58:20,873:INFO: [TRAIN] Step: 589 ; Loss: 29.484 ; Acc: 34.294
2018-09-19 14:58:20,945:INFO: [TRAIN] Step: 590 ; Loss: 25.733 ; Acc: 34.320
2018-09-19 14:58:21,016:INFO: [TRAIN] Step: 591 ; Loss: 27.307 ; Acc: 34.326
2018-09-19 14:58:21,087:INFO: [TRAIN] Step: 592 ; Loss: 26.844 ; Acc: 34.303
2018-09-19 14:58:21,159:INFO: [TRAIN] Step: 593 ; Loss: 33.041 ; Acc: 34.273
2018-09-19 14:58:21,227:INFO: [TRAIN] Step: 594 ; Loss: 32.296 ; Acc: 34.272
2018-09-19 14:58:21,299:INFO: [TRAIN] Step: 595 ; Loss: 26.190 ; Acc: 34.270
2018-09-19 14:58:21,370:INFO: [TRAIN] Step: 596 ; Loss: 29.304 ; Acc: 34.276
2018-09-19 14:58:21,444:INFO: [TRAIN] Step: 597 ; Loss: 28.950 ; Acc: 34.295
2018-09-19 14:58:21,512:INFO: [TRAIN] Step: 598 ; Loss: 29.043 ; Acc: 34.286
2018-09-19 14:58:21,586:INFO: [TRAIN] Step: 599 ; Loss: 28.791 ; Acc: 34.285
2018-09-19 14:58:21,656:INFO: [TRAIN] Step: 600 ; Loss: 29.230 ; Acc: 34.304
2018-09-19 14:58:21,729:INFO: [TRAIN] Step: 601 ; Loss: 33.414 ; Acc: 34.309
2018-09-19 14:58:21,798:INFO: [TRAIN] Step: 602 ; Loss: 28.558 ; Acc: 34.321
2018-09-19 14:58:21,871:INFO: [TRAIN] Step: 603 ; Loss: 27.208 ; Acc: 34.361
2018-09-19 14:58:21,941:INFO: [TRAIN] Step: 604 ; Loss: 25.986 ; Acc: 34.387
2018-09-19 14:58:22,014:INFO: [TRAIN] Step: 605 ; Loss: 29.071 ; Acc: 34.392
2018-09-19 14:58:22,084:INFO: [TRAIN] Step: 606 ; Loss: 28.340 ; Acc: 34.397
2018-09-19 14:58:22,156:INFO: [TRAIN] Step: 607 ; Loss: 28.100 ; Acc: 34.409
2018-09-19 14:58:22,224:INFO: [TRAIN] Step: 608 ; Loss: 33.842 ; Acc: 34.401
2018-09-19 14:58:22,296:INFO: [TRAIN] Step: 609 ; Loss: 27.582 ; Acc: 34.426
2018-09-19 14:58:22,366:INFO: [TRAIN] Step: 610 ; Loss: 27.254 ; Acc: 34.452
2018-09-19 14:58:22,440:INFO: [TRAIN] Step: 611 ; Loss: 30.549 ; Acc: 34.457
2018-09-19 14:58:22,507:INFO: [TRAIN] Step: 612 ; Loss: 27.710 ; Acc: 34.455
2018-09-19 14:58:22,581:INFO: [TRAIN] Step: 613 ; Loss: 29.405 ; Acc: 34.460
2018-09-19 14:58:22,650:INFO: [TRAIN] Step: 614 ; Loss: 30.170 ; Acc: 34.451
2018-09-19 14:58:22,723:INFO: [TRAIN] Step: 615 ; Loss: 29.177 ; Acc: 34.449
2018-09-19 14:58:22,794:INFO: [TRAIN] Step: 616 ; Loss: 28.840 ; Acc: 34.461
2018-09-19 14:58:22,868:INFO: [TRAIN] Step: 617 ; Loss: 32.394 ; Acc: 34.446
2018-09-19 14:58:22,940:INFO: [TRAIN] Step: 618 ; Loss: 26.408 ; Acc: 34.457
2018-09-19 14:58:23,018:INFO: [TRAIN] Step: 619 ; Loss: 29.668 ; Acc: 34.469
2018-09-19 14:58:23,089:INFO: [TRAIN] Step: 620 ; Loss: 28.367 ; Acc: 34.474
2018-09-19 14:58:23,161:INFO: [TRAIN] Step: 621 ; Loss: 29.904 ; Acc: 34.492
2018-09-19 14:58:23,229:INFO: [TRAIN] Step: 622 ; Loss: 30.627 ; Acc: 34.490
2018-09-19 14:58:23,303:INFO: [TRAIN] Step: 623 ; Loss: 26.569 ; Acc: 34.502
2018-09-19 14:58:23,371:INFO: [TRAIN] Step: 624 ; Loss: 29.758 ; Acc: 34.500
2018-09-19 14:58:23,444:INFO: [TRAIN] Step: 625 ; Loss: 28.540 ; Acc: 34.485
2018-09-19 14:58:23,513:INFO: [TRAIN] Step: 626 ; Loss: 31.607 ; Acc: 34.490
2018-09-19 14:58:23,586:INFO: [TRAIN] Step: 627 ; Loss: 30.025 ; Acc: 34.475
2018-09-19 14:58:23,658:INFO: [TRAIN] Step: 628 ; Loss: 29.307 ; Acc: 34.466
2018-09-19 14:58:23,730:INFO: [TRAIN] Step: 629 ; Loss: 26.641 ; Acc: 34.484
2018-09-19 14:58:23,799:INFO: [TRAIN] Step: 630 ; Loss: 27.247 ; Acc: 34.476
2018-09-19 14:58:23,871:INFO: [TRAIN] Step: 631 ; Loss: 26.300 ; Acc: 34.487
2018-09-19 14:58:23,941:INFO: [TRAIN] Step: 632 ; Loss: 26.600 ; Acc: 34.505
2018-09-19 14:58:24,015:INFO: [TRAIN] Step: 633 ; Loss: 30.842 ; Acc: 34.523
2018-09-19 14:58:24,085:INFO: [TRAIN] Step: 634 ; Loss: 29.651 ; Acc: 34.521
2018-09-19 14:58:24,158:INFO: [TRAIN] Step: 635 ; Loss: 28.223 ; Acc: 34.545
2018-09-19 14:58:24,229:INFO: [TRAIN] Step: 636 ; Loss: 29.632 ; Acc: 34.543
2018-09-19 14:58:24,303:INFO: [TRAIN] Step: 637 ; Loss: 26.674 ; Acc: 34.548
2018-09-19 14:58:24,374:INFO: [TRAIN] Step: 638 ; Loss: 32.734 ; Acc: 34.559
2018-09-19 14:58:24,452:INFO: [TRAIN] Step: 639 ; Loss: 30.654 ; Acc: 34.557
2018-09-19 14:58:24,523:INFO: [TRAIN] Step: 640 ; Loss: 27.234 ; Acc: 34.575
2018-09-19 14:58:24,597:INFO: [TRAIN] Step: 641 ; Loss: 23.994 ; Acc: 34.618
2018-09-19 14:58:24,668:INFO: [TRAIN] Step: 642 ; Loss: 29.732 ; Acc: 34.610
2018-09-19 14:58:24,740:INFO: [TRAIN] Step: 643 ; Loss: 29.804 ; Acc: 34.621
2018-09-19 14:58:24,808:INFO: [TRAIN] Step: 644 ; Loss: 27.497 ; Acc: 34.632
2018-09-19 14:58:24,882:INFO: [TRAIN] Step: 645 ; Loss: 26.929 ; Acc: 34.636
2018-09-19 14:58:24,953:INFO: [TRAIN] Step: 646 ; Loss: 30.155 ; Acc: 34.628
2018-09-19 14:58:25,026:INFO: [TRAIN] Step: 647 ; Loss: 26.979 ; Acc: 34.626
2018-09-19 14:58:25,100:INFO: [TRAIN] Step: 648 ; Loss: 28.791 ; Acc: 34.605
2018-09-19 14:58:25,173:INFO: [TRAIN] Step: 649 ; Loss: 25.679 ; Acc: 34.641
2018-09-19 14:58:25,245:INFO: [TRAIN] Step: 650 ; Loss: 27.840 ; Acc: 34.645
2018-09-19 14:58:25,318:INFO: [TRAIN] Step: 651 ; Loss: 32.942 ; Acc: 34.631
2018-09-19 14:58:25,388:INFO: [TRAIN] Step: 652 ; Loss: 29.219 ; Acc: 34.635
2018-09-19 14:58:25,463:INFO: [TRAIN] Step: 653 ; Loss: 30.996 ; Acc: 34.633
2018-09-19 14:58:25,532:INFO: [TRAIN] Step: 654 ; Loss: 24.835 ; Acc: 34.625
2018-09-19 14:58:25,607:INFO: [TRAIN] Step: 655 ; Loss: 27.976 ; Acc: 34.629
2018-09-19 14:58:25,679:INFO: [TRAIN] Step: 656 ; Loss: 27.967 ; Acc: 34.633
2018-09-19 14:58:25,753:INFO: [TRAIN] Step: 657 ; Loss: 26.086 ; Acc: 34.650
2018-09-19 14:58:25,824:INFO: [TRAIN] Step: 658 ; Loss: 27.601 ; Acc: 34.648
2018-09-19 14:58:25,897:INFO: [TRAIN] Step: 659 ; Loss: 32.790 ; Acc: 34.621
2018-09-19 14:58:25,969:INFO: [TRAIN] Step: 660 ; Loss: 32.333 ; Acc: 34.607
2018-09-19 14:58:26,042:INFO: [TRAIN] Step: 661 ; Loss: 30.948 ; Acc: 34.605
2018-09-19 14:58:26,114:INFO: [TRAIN] Step: 662 ; Loss: 24.119 ; Acc: 34.641
2018-09-19 14:58:26,187:INFO: [TRAIN] Step: 663 ; Loss: 27.423 ; Acc: 34.632
2018-09-19 14:58:26,260:INFO: [TRAIN] Step: 664 ; Loss: 27.320 ; Acc: 34.649
2018-09-19 14:58:26,334:INFO: [TRAIN] Step: 665 ; Loss: 29.949 ; Acc: 34.635
2018-09-19 14:58:26,407:INFO: [TRAIN] Step: 666 ; Loss: 24.565 ; Acc: 34.651
2018-09-19 14:58:26,484:INFO: [TRAIN] Step: 667 ; Loss: 34.430 ; Acc: 34.625
2018-09-19 14:58:26,558:INFO: [TRAIN] Step: 668 ; Loss: 27.991 ; Acc: 34.641
2018-09-19 14:58:26,638:INFO: [TRAIN] Step: 669 ; Loss: 31.483 ; Acc: 34.646
2018-09-19 14:58:26,713:INFO: [TRAIN] Step: 670 ; Loss: 26.144 ; Acc: 34.631
2018-09-19 14:58:26,798:INFO: [TRAIN] Step: 671 ; Loss: 26.904 ; Acc: 34.623
2018-09-19 14:58:26,873:INFO: [TRAIN] Step: 672 ; Loss: 33.186 ; Acc: 34.584
2018-09-19 14:58:26,950:INFO: [TRAIN] Step: 673 ; Loss: 26.635 ; Acc: 34.582
2018-09-19 14:58:27,024:INFO: [TRAIN] Step: 674 ; Loss: 28.057 ; Acc: 34.580
2018-09-19 14:58:27,105:INFO: [TRAIN] Step: 675 ; Loss: 24.904 ; Acc: 34.572
2018-09-19 14:58:27,179:INFO: [TRAIN] Step: 676 ; Loss: 26.920 ; Acc: 34.583
2018-09-19 14:58:27,257:INFO: [TRAIN] Step: 677 ; Loss: 29.012 ; Acc: 34.581
2018-09-19 14:58:27,334:INFO: [TRAIN] Step: 678 ; Loss: 27.681 ; Acc: 34.597
2018-09-19 14:58:27,415:INFO: [TRAIN] Step: 679 ; Loss: 30.012 ; Acc: 34.571
2018-09-19 14:58:27,491:INFO: [TRAIN] Step: 680 ; Loss: 28.833 ; Acc: 34.563
2018-09-19 14:58:27,574:INFO: [TRAIN] Step: 681 ; Loss: 33.886 ; Acc: 34.531
2018-09-19 14:58:27,657:INFO: [TRAIN] Step: 682 ; Loss: 27.738 ; Acc: 34.535
2018-09-19 14:58:27,740:INFO: [TRAIN] Step: 683 ; Loss: 29.162 ; Acc: 34.509
2018-09-19 14:58:27,820:INFO: [TRAIN] Step: 684 ; Loss: 27.132 ; Acc: 34.495
2018-09-19 14:58:27,904:INFO: [TRAIN] Step: 685 ; Loss: 26.137 ; Acc: 34.487
2018-09-19 14:58:27,985:INFO: [TRAIN] Step: 686 ; Loss: 29.483 ; Acc: 34.467
2018-09-19 14:58:28,072:INFO: [TRAIN] Step: 687 ; Loss: 29.932 ; Acc: 34.454
2018-09-19 14:58:28,155:INFO: [TRAIN] Step: 688 ; Loss: 28.156 ; Acc: 34.422
2018-09-19 14:58:28,246:INFO: [TRAIN] Step: 689 ; Loss: 27.498 ; Acc: 34.426
2018-09-19 14:58:28,333:INFO: [TRAIN] Step: 690 ; Loss: 25.964 ; Acc: 34.449
2018-09-19 14:58:28,424:INFO: [TRAIN] Step: 691 ; Loss: 28.504 ; Acc: 34.441
2018-09-19 14:58:28,514:INFO: [TRAIN] Step: 692 ; Loss: 27.332 ; Acc: 34.440
2018-09-19 14:58:28,607:INFO: [TRAIN] Step: 693 ; Loss: 25.966 ; Acc: 34.444
2018-09-19 14:58:28,694:INFO: [TRAIN] Step: 694 ; Loss: 25.653 ; Acc: 34.466
2018-09-19 14:58:28,787:INFO: [TRAIN] Step: 695 ; Loss: 29.202 ; Acc: 34.477
2018-09-19 14:58:28,878:INFO: [TRAIN] Step: 696 ; Loss: 25.579 ; Acc: 34.481
2018-09-19 14:58:28,972:INFO: [TRAIN] Step: 697 ; Loss: 29.889 ; Acc: 34.468
2018-09-19 14:58:29,064:INFO: [TRAIN] Step: 698 ; Loss: 28.351 ; Acc: 34.466
2018-09-19 14:58:29,164:INFO: [TRAIN] Step: 699 ; Loss: 30.897 ; Acc: 34.452
2018-09-19 14:58:29,259:INFO: [TRAIN] Step: 700 ; Loss: 31.760 ; Acc: 34.445
2018-09-19 14:58:29,356:INFO: [TRAIN] Step: 701 ; Loss: 30.262 ; Acc: 34.455
2018-09-19 14:58:29,458:INFO: [TRAIN] Step: 702 ; Loss: 32.139 ; Acc: 34.436
2018-09-19 14:58:29,559:INFO: [TRAIN] Step: 703 ; Loss: 25.041 ; Acc: 34.440
2018-09-19 14:58:29,661:INFO: [TRAIN] Step: 704 ; Loss: 25.805 ; Acc: 34.468
2018-09-19 14:58:29,766:INFO: [TRAIN] Step: 705 ; Loss: 29.624 ; Acc: 34.472
2018-09-19 14:58:29,874:INFO: [TRAIN] Step: 706 ; Loss: 27.459 ; Acc: 34.471
2018-09-19 14:58:29,985:INFO: [TRAIN] Step: 707 ; Loss: 27.744 ; Acc: 34.499
2018-09-19 14:58:30,090:INFO: [TRAIN] Step: 708 ; Loss: 26.651 ; Acc: 34.526
2018-09-19 14:58:30,202:INFO: [TRAIN] Step: 709 ; Loss: 31.025 ; Acc: 34.495
2018-09-19 14:58:30,311:INFO: [TRAIN] Step: 710 ; Loss: 27.449 ; Acc: 34.482
2018-09-19 14:58:30,422:INFO: [TRAIN] Step: 711 ; Loss: 31.214 ; Acc: 34.474
2018-09-19 14:58:30,531:INFO: [TRAIN] Step: 712 ; Loss: 31.740 ; Acc: 34.461
2018-09-19 14:58:30,647:INFO: [TRAIN] Step: 713 ; Loss: 29.959 ; Acc: 34.471
2018-09-19 14:58:30,758:INFO: [TRAIN] Step: 714 ; Loss: 27.145 ; Acc: 34.464
2018-09-19 14:58:30,871:INFO: [TRAIN] Step: 715 ; Loss: 26.436 ; Acc: 34.456
2018-09-19 14:58:30,987:INFO: [TRAIN] Step: 716 ; Loss: 26.544 ; Acc: 34.449
2018-09-19 14:58:31,104:INFO: [TRAIN] Step: 717 ; Loss: 31.905 ; Acc: 34.459
2018-09-19 14:58:31,220:INFO: [TRAIN] Step: 718 ; Loss: 24.652 ; Acc: 34.463
2018-09-19 14:58:31,335:INFO: [TRAIN] Step: 719 ; Loss: 30.995 ; Acc: 34.456
2018-09-19 14:58:31,457:INFO: [TRAIN] Step: 720 ; Loss: 29.148 ; Acc: 34.466
2018-09-19 14:58:31,579:INFO: [TRAIN] Step: 721 ; Loss: 29.261 ; Acc: 34.476
2018-09-19 14:58:31,704:INFO: [TRAIN] Step: 722 ; Loss: 29.316 ; Acc: 34.497
2018-09-19 14:58:31,828:INFO: [TRAIN] Step: 723 ; Loss: 29.318 ; Acc: 34.484
2018-09-19 14:58:31,952:INFO: [TRAIN] Step: 724 ; Loss: 29.897 ; Acc: 34.494
2018-09-19 14:58:32,074:INFO: [TRAIN] Step: 725 ; Loss: 29.354 ; Acc: 34.493
2018-09-19 14:58:32,199:INFO: [TRAIN] Step: 726 ; Loss: 31.794 ; Acc: 34.485
2018-09-19 14:58:32,325:INFO: [TRAIN] Step: 727 ; Loss: 29.973 ; Acc: 34.484
2018-09-19 14:58:32,447:INFO: [TRAIN] Step: 728 ; Loss: 30.584 ; Acc: 34.488
2018-09-19 14:58:32,572:INFO: [TRAIN] Step: 729 ; Loss: 26.253 ; Acc: 34.509
2018-09-19 14:58:32,696:INFO: [TRAIN] Step: 730 ; Loss: 30.743 ; Acc: 34.496
2018-09-19 14:58:32,822:INFO: [TRAIN] Step: 731 ; Loss: 29.029 ; Acc: 34.495
2018-09-19 14:58:32,946:INFO: [TRAIN] Step: 732 ; Loss: 25.489 ; Acc: 34.510
2018-09-19 14:58:33,072:INFO: [TRAIN] Step: 733 ; Loss: 30.808 ; Acc: 34.491
2018-09-19 14:58:33,200:INFO: [TRAIN] Step: 734 ; Loss: 26.142 ; Acc: 34.507
2018-09-19 14:58:33,326:INFO: [TRAIN] Step: 735 ; Loss: 25.855 ; Acc: 34.505
2018-09-19 14:58:33,457:INFO: [TRAIN] Step: 736 ; Loss: 30.500 ; Acc: 34.521
2018-09-19 14:58:33,583:INFO: [TRAIN] Step: 737 ; Loss: 26.672 ; Acc: 34.513
2018-09-19 14:58:33,720:INFO: [TRAIN] Step: 738 ; Loss: 28.473 ; Acc: 34.506
2018-09-19 14:58:33,857:INFO: [TRAIN] Step: 739 ; Loss: 27.077 ; Acc: 34.505
2018-09-19 14:58:33,993:INFO: [TRAIN] Step: 740 ; Loss: 23.430 ; Acc: 34.531
2018-09-19 14:58:34,127:INFO: [TRAIN] Step: 741 ; Loss: 25.220 ; Acc: 34.535
2018-09-19 14:58:34,268:INFO: [TRAIN] Step: 742 ; Loss: 26.106 ; Acc: 34.545
2018-09-19 14:58:34,400:INFO: [TRAIN] Step: 743 ; Loss: 29.082 ; Acc: 34.543
2018-09-19 14:58:34,538:INFO: [TRAIN] Step: 744 ; Loss: 28.119 ; Acc: 34.536
2018-09-19 14:58:34,674:INFO: [TRAIN] Step: 745 ; Loss: 27.114 ; Acc: 34.557
2018-09-19 14:58:34,808:INFO: [TRAIN] Step: 746 ; Loss: 33.059 ; Acc: 34.538
2018-09-19 14:58:34,942:INFO: [TRAIN] Step: 747 ; Loss: 23.903 ; Acc: 34.559
2018-09-19 14:58:35,081:INFO: [TRAIN] Step: 748 ; Loss: 29.375 ; Acc: 34.557
2018-09-19 14:58:35,220:INFO: [TRAIN] Step: 749 ; Loss: 28.967 ; Acc: 34.567
2018-09-19 14:58:35,354:INFO: [TRAIN] Step: 750 ; Loss: 33.205 ; Acc: 34.548
2018-09-19 14:58:35,490:INFO: [TRAIN] Step: 751 ; Loss: 29.558 ; Acc: 34.541
2018-09-19 14:58:35,628:INFO: [TRAIN] Step: 752 ; Loss: 29.588 ; Acc: 34.545
2018-09-19 14:58:35,762:INFO: [TRAIN] Step: 753 ; Loss: 27.067 ; Acc: 34.549
2018-09-19 14:58:35,898:INFO: [TRAIN] Step: 754 ; Loss: 25.147 ; Acc: 34.581
2018-09-19 14:58:36,032:INFO: [TRAIN] Step: 755 ; Loss: 30.057 ; Acc: 34.584
2018-09-19 14:58:36,170:INFO: [TRAIN] Step: 756 ; Loss: 28.482 ; Acc: 34.577
2018-09-19 14:58:36,303:INFO: [TRAIN] Step: 757 ; Loss: 29.271 ; Acc: 34.581
2018-09-19 14:58:36,439:INFO: [TRAIN] Step: 758 ; Loss: 30.622 ; Acc: 34.558
2018-09-19 14:58:36,571:INFO: [TRAIN] Step: 759 ; Loss: 25.244 ; Acc: 34.567
2018-09-19 14:58:36,711:INFO: [TRAIN] Step: 760 ; Loss: 34.763 ; Acc: 34.554
2018-09-19 14:58:36,847:INFO: [TRAIN] Step: 761 ; Loss: 28.270 ; Acc: 34.558
2018-09-19 14:58:36,983:INFO: [TRAIN] Step: 762 ; Loss: 30.132 ; Acc: 34.557
2018-09-19 14:58:37,118:INFO: [TRAIN] Step: 763 ; Loss: 29.257 ; Acc: 34.571
2018-09-19 14:58:37,251:INFO: [TRAIN] Step: 764 ; Loss: 26.359 ; Acc: 34.597
2018-09-19 14:58:37,387:INFO: [TRAIN] Step: 765 ; Loss: 30.271 ; Acc: 34.601
2018-09-19 14:58:37,521:INFO: [TRAIN] Step: 766 ; Loss: 31.980 ; Acc: 34.588
2018-09-19 14:58:37,660:INFO: [TRAIN] Step: 767 ; Loss: 26.371 ; Acc: 34.608
2018-09-19 14:58:37,798:INFO: [TRAIN] Step: 768 ; Loss: 27.046 ; Acc: 34.628
2018-09-19 14:58:37,930:INFO: [TRAIN] Step: 769 ; Loss: 26.059 ; Acc: 34.648
2018-09-19 14:58:38,064:INFO: [TRAIN] Step: 770 ; Loss: 29.224 ; Acc: 34.657
2018-09-19 14:58:38,199:INFO: [TRAIN] Step: 771 ; Loss: 29.669 ; Acc: 34.661
2018-09-19 14:58:38,333:INFO: [TRAIN] Step: 772 ; Loss: 27.337 ; Acc: 34.654
2018-09-19 14:58:38,467:INFO: [TRAIN] Step: 773 ; Loss: 27.996 ; Acc: 34.663
2018-09-19 14:58:38,600:INFO: [TRAIN] Step: 774 ; Loss: 28.825 ; Acc: 34.661
2018-09-19 14:58:38,736:INFO: [TRAIN] Step: 775 ; Loss: 32.961 ; Acc: 34.643
2018-09-19 14:58:38,872:INFO: [TRAIN] Step: 776 ; Loss: 29.011 ; Acc: 34.631
2018-09-19 14:58:39,013:INFO: [TRAIN] Step: 777 ; Loss: 28.104 ; Acc: 34.635
2018-09-19 14:58:39,152:INFO: [TRAIN] Step: 778 ; Loss: 29.479 ; Acc: 34.644
2018-09-19 14:58:39,287:INFO: [TRAIN] Step: 779 ; Loss: 25.542 ; Acc: 34.642
2018-09-19 14:58:39,421:INFO: [TRAIN] Step: 780 ; Loss: 33.706 ; Acc: 34.630
2018-09-19 14:58:39,557:INFO: [TRAIN] Step: 781 ; Loss: 29.727 ; Acc: 34.612
2018-09-19 14:58:39,691:INFO: [TRAIN] Step: 782 ; Loss: 24.065 ; Acc: 34.637
2018-09-19 14:58:39,829:INFO: [TRAIN] Step: 783 ; Loss: 27.746 ; Acc: 34.646
2018-09-19 14:58:39,963:INFO: [TRAIN] Step: 784 ; Loss: 27.524 ; Acc: 34.671
2018-09-19 14:58:40,096:INFO: [TRAIN] Step: 785 ; Loss: 28.047 ; Acc: 34.680
2018-09-19 14:58:40,232:INFO: [TRAIN] Step: 786 ; Loss: 29.182 ; Acc: 34.689
2018-09-19 14:58:40,368:INFO: [TRAIN] Step: 787 ; Loss: 31.109 ; Acc: 34.671
2018-09-19 14:58:40,507:INFO: [TRAIN] Step: 788 ; Loss: 27.328 ; Acc: 34.664
2018-09-19 14:58:40,648:INFO: [TRAIN] Step: 789 ; Loss: 29.882 ; Acc: 34.673
2018-09-19 14:58:40,781:INFO: [TRAIN] Step: 790 ; Loss: 26.975 ; Acc: 34.671
2018-09-19 14:58:40,916:INFO: [TRAIN] Step: 791 ; Loss: 31.256 ; Acc: 34.670
2018-09-19 14:58:41,051:INFO: [TRAIN] Step: 792 ; Loss: 30.564 ; Acc: 34.673
2018-09-19 14:58:41,188:INFO: [TRAIN] Step: 793 ; Loss: 24.541 ; Acc: 34.687
2018-09-19 14:58:41,321:INFO: [TRAIN] Step: 794 ; Loss: 31.208 ; Acc: 34.686
2018-09-19 14:58:41,453:INFO: [TRAIN] Step: 795 ; Loss: 26.919 ; Acc: 34.689
2018-09-19 14:58:41,590:INFO: [TRAIN] Step: 796 ; Loss: 28.260 ; Acc: 34.698
2018-09-19 14:58:41,727:INFO: [TRAIN] Step: 797 ; Loss: 32.042 ; Acc: 34.696
2018-09-19 14:58:41,866:INFO: [TRAIN] Step: 798 ; Loss: 29.688 ; Acc: 34.694
2018-09-19 14:58:41,998:INFO: [TRAIN] Step: 799 ; Loss: 30.117 ; Acc: 34.682
2018-09-19 14:58:42,135:INFO: [TRAIN] Step: 800 ; Loss: 28.141 ; Acc: 34.686
2018-09-19 14:58:42,276:INFO: [TRAIN] Step: 801 ; Loss: 25.984 ; Acc: 34.700
2018-09-19 14:58:42,407:INFO: [TRAIN] Step: 802 ; Loss: 31.515 ; Acc: 34.693
2018-09-19 14:58:42,542:INFO: [TRAIN] Step: 803 ; Loss: 29.829 ; Acc: 34.696
2018-09-19 14:58:42,684:INFO: [TRAIN] Step: 804 ; Loss: 29.617 ; Acc: 34.720
2018-09-19 14:58:42,820:INFO: [TRAIN] Step: 805 ; Loss: 27.256 ; Acc: 34.734
2018-09-19 14:58:42,952:INFO: [TRAIN] Step: 806 ; Loss: 28.607 ; Acc: 34.738
2018-09-19 14:58:43,091:INFO: [TRAIN] Step: 807 ; Loss: 31.168 ; Acc: 34.741
2018-09-19 14:58:43,224:INFO: [TRAIN] Step: 808 ; Loss: 27.424 ; Acc: 34.739
2018-09-19 14:58:43,360:INFO: [TRAIN] Step: 809 ; Loss: 28.486 ; Acc: 34.753
2018-09-19 14:58:43,496:INFO: [TRAIN] Step: 810 ; Loss: 29.991 ; Acc: 34.751
2018-09-19 14:58:43,633:INFO: [TRAIN] Step: 811 ; Loss: 26.173 ; Acc: 34.775
2018-09-19 14:58:43,768:INFO: [TRAIN] Step: 812 ; Loss: 29.081 ; Acc: 34.773
2018-09-19 14:58:43,905:INFO: [TRAIN] Step: 813 ; Loss: 29.196 ; Acc: 34.756
2018-09-19 14:58:44,038:INFO: [TRAIN] Step: 814 ; Loss: 29.958 ; Acc: 34.760
2018-09-19 14:58:44,176:INFO: [TRAIN] Step: 815 ; Loss: 24.543 ; Acc: 34.763
2018-09-19 14:58:44,308:INFO: [TRAIN] Step: 816 ; Loss: 33.218 ; Acc: 34.772
2018-09-19 14:58:44,444:INFO: [TRAIN] Step: 817 ; Loss: 30.730 ; Acc: 34.749
2018-09-19 14:58:44,584:INFO: [TRAIN] Step: 818 ; Loss: 29.486 ; Acc: 34.748
2018-09-19 14:58:44,716:INFO: [TRAIN] Step: 819 ; Loss: 27.694 ; Acc: 34.751
2018-09-19 14:58:44,847:INFO: [TRAIN] Step: 820 ; Loss: 28.297 ; Acc: 34.744
2018-09-19 14:58:44,985:INFO: [TRAIN] Step: 821 ; Loss: 28.585 ; Acc: 34.737
2018-09-19 14:58:45,121:INFO: [TRAIN] Step: 822 ; Loss: 27.175 ; Acc: 34.751
2018-09-19 14:58:45,255:INFO: [TRAIN] Step: 823 ; Loss: 31.633 ; Acc: 34.749
2018-09-19 14:58:45,389:INFO: [TRAIN] Step: 824 ; Loss: 29.375 ; Acc: 34.747
2018-09-19 14:58:45,523:INFO: [TRAIN] Step: 825 ; Loss: 28.783 ; Acc: 34.731
2018-09-19 14:58:45,663:INFO: [TRAIN] Step: 826 ; Loss: 28.349 ; Acc: 34.739
2018-09-19 14:58:45,795:INFO: [TRAIN] Step: 827 ; Loss: 27.006 ; Acc: 34.747
2018-09-19 14:58:45,931:INFO: [TRAIN] Step: 828 ; Loss: 30.780 ; Acc: 34.736
2018-09-19 14:58:46,061:INFO: [TRAIN] Step: 829 ; Loss: 28.303 ; Acc: 34.749
2018-09-19 14:58:46,197:INFO: [TRAIN] Step: 830 ; Loss: 26.240 ; Acc: 34.742
2018-09-19 14:58:46,329:INFO: [TRAIN] Step: 831 ; Loss: 28.983 ; Acc: 34.731
2018-09-19 14:58:46,461:INFO: [TRAIN] Step: 832 ; Loss: 27.557 ; Acc: 34.739
2018-09-19 14:58:46,593:INFO: [TRAIN] Step: 833 ; Loss: 27.008 ; Acc: 34.727
2018-09-19 14:58:46,732:INFO: [TRAIN] Step: 834 ; Loss: 29.557 ; Acc: 34.731
2018-09-19 14:58:46,864:INFO: [TRAIN] Step: 835 ; Loss: 27.363 ; Acc: 34.744
2018-09-19 14:58:46,993:INFO: [TRAIN] Step: 836 ; Loss: 29.660 ; Acc: 34.737
2018-09-19 14:58:47,121:INFO: [TRAIN] Step: 837 ; Loss: 30.746 ; Acc: 34.726
2018-09-19 14:58:47,253:INFO: [TRAIN] Step: 838 ; Loss: 32.871 ; Acc: 34.729
2018-09-19 14:58:47,385:INFO: [TRAIN] Step: 839 ; Loss: 26.858 ; Acc: 34.737
2018-09-19 14:58:47,524:INFO: [TRAIN] Step: 840 ; Loss: 25.421 ; Acc: 34.750
2018-09-19 14:58:47,658:INFO: [TRAIN] Step: 841 ; Loss: 29.523 ; Acc: 34.754
2018-09-19 14:58:47,792:INFO: [TRAIN] Step: 842 ; Loss: 31.055 ; Acc: 34.752
2018-09-19 14:58:47,920:INFO: [TRAIN] Step: 843 ; Loss: 25.925 ; Acc: 34.755
2018-09-19 14:58:48,051:INFO: [TRAIN] Step: 844 ; Loss: 29.150 ; Acc: 34.753
2018-09-19 14:58:48,184:INFO: [TRAIN] Step: 845 ; Loss: 30.752 ; Acc: 34.757
2018-09-19 14:58:48,311:INFO: [TRAIN] Step: 846 ; Loss: 28.193 ; Acc: 34.755
2018-09-19 14:58:48,436:INFO: [TRAIN] Step: 847 ; Loss: 30.514 ; Acc: 34.734
2018-09-19 14:58:48,567:INFO: [TRAIN] Step: 848 ; Loss: 26.905 ; Acc: 34.717
2018-09-19 14:58:48,699:INFO: [TRAIN] Step: 849 ; Loss: 30.532 ; Acc: 34.711
2018-09-19 14:58:48,827:INFO: [TRAIN] Step: 850 ; Loss: 29.812 ; Acc: 34.714
2018-09-19 14:58:48,954:INFO: [TRAIN] Step: 851 ; Loss: 27.017 ; Acc: 34.708
2018-09-19 14:58:49,080:INFO: [TRAIN] Step: 852 ; Loss: 35.902 ; Acc: 34.686
2018-09-19 14:58:49,207:INFO: [TRAIN] Step: 853 ; Loss: 24.527 ; Acc: 34.704
2018-09-19 14:58:49,333:INFO: [TRAIN] Step: 854 ; Loss: 25.931 ; Acc: 34.703
2018-09-19 14:58:49,462:INFO: [TRAIN] Step: 855 ; Loss: 26.117 ; Acc: 34.721
2018-09-19 14:58:49,589:INFO: [TRAIN] Step: 856 ; Loss: 29.180 ; Acc: 34.729
2018-09-19 14:58:49,715:INFO: [TRAIN] Step: 857 ; Loss: 26.249 ; Acc: 34.737
2018-09-19 14:58:49,838:INFO: [TRAIN] Step: 858 ; Loss: 31.677 ; Acc: 34.740
2018-09-19 14:58:49,962:INFO: [TRAIN] Step: 859 ; Loss: 29.482 ; Acc: 34.738
2018-09-19 14:58:50,082:INFO: [TRAIN] Step: 860 ; Loss: 31.739 ; Acc: 34.737
2018-09-19 14:58:50,203:INFO: [TRAIN] Step: 861 ; Loss: 32.340 ; Acc: 34.745
2018-09-19 14:58:50,322:INFO: [TRAIN] Step: 862 ; Loss: 30.943 ; Acc: 34.743
2018-09-19 14:58:50,440:INFO: [TRAIN] Step: 863 ; Loss: 27.920 ; Acc: 34.742
2018-09-19 14:58:50,571:INFO: [TRAIN] Step: 864 ; Loss: 28.020 ; Acc: 34.745
2018-09-19 14:58:50,700:INFO: [TRAIN] Step: 865 ; Loss: 31.401 ; Acc: 34.729
2018-09-19 14:58:50,826:INFO: [TRAIN] Step: 866 ; Loss: 26.671 ; Acc: 34.737
2018-09-19 14:58:50,948:INFO: [TRAIN] Step: 867 ; Loss: 26.695 ; Acc: 34.759
2018-09-19 14:58:51,066:INFO: [TRAIN] Step: 868 ; Loss: 25.830 ; Acc: 34.767
2018-09-19 14:58:51,187:INFO: [TRAIN] Step: 869 ; Loss: 30.451 ; Acc: 34.770
2018-09-19 14:58:51,304:INFO: [TRAIN] Step: 870 ; Loss: 28.108 ; Acc: 34.773
2018-09-19 14:58:51,419:INFO: [TRAIN] Step: 871 ; Loss: 29.662 ; Acc: 34.772
2018-09-19 14:58:51,536:INFO: [TRAIN] Step: 872 ; Loss: 27.053 ; Acc: 34.789
2018-09-19 14:58:51,656:INFO: [TRAIN] Step: 873 ; Loss: 27.650 ; Acc: 34.792
2018-09-19 14:58:51,768:INFO: [TRAIN] Step: 874 ; Loss: 28.952 ; Acc: 34.800
2018-09-19 14:58:51,882:INFO: [TRAIN] Step: 875 ; Loss: 29.437 ; Acc: 34.813
2018-09-19 14:58:51,997:INFO: [TRAIN] Step: 876 ; Loss: 28.738 ; Acc: 34.820
2018-09-19 14:58:52,108:INFO: [TRAIN] Step: 877 ; Loss: 27.508 ; Acc: 34.838
2018-09-19 14:58:52,224:INFO: [TRAIN] Step: 878 ; Loss: 27.324 ; Acc: 34.822
2018-09-19 14:58:52,335:INFO: [TRAIN] Step: 879 ; Loss: 26.740 ; Acc: 34.820
2018-09-19 14:58:52,447:INFO: [TRAIN] Step: 880 ; Loss: 28.781 ; Acc: 34.814
2018-09-19 14:58:52,561:INFO: [TRAIN] Step: 881 ; Loss: 29.089 ; Acc: 34.826
2018-09-19 14:58:52,676:INFO: [TRAIN] Step: 882 ; Loss: 27.507 ; Acc: 34.853
2018-09-19 14:58:52,784:INFO: [TRAIN] Step: 883 ; Loss: 28.289 ; Acc: 34.860
2018-09-19 14:58:52,892:INFO: [TRAIN] Step: 884 ; Loss: 28.913 ; Acc: 34.863
2018-09-19 14:58:53,001:INFO: [TRAIN] Step: 885 ; Loss: 25.757 ; Acc: 34.871
2018-09-19 14:58:53,109:INFO: [TRAIN] Step: 886 ; Loss: 27.864 ; Acc: 34.860
2018-09-19 14:58:53,224:INFO: [TRAIN] Step: 887 ; Loss: 28.357 ; Acc: 34.872
2018-09-19 14:58:53,337:INFO: [TRAIN] Step: 888 ; Loss: 28.908 ; Acc: 34.861
2018-09-19 14:58:53,447:INFO: [TRAIN] Step: 889 ; Loss: 27.128 ; Acc: 34.869
2018-09-19 14:58:53,559:INFO: [TRAIN] Step: 890 ; Loss: 24.125 ; Acc: 34.877
2018-09-19 14:58:53,667:INFO: [TRAIN] Step: 891 ; Loss: 36.278 ; Acc: 34.856
2018-09-19 14:58:53,778:INFO: [TRAIN] Step: 892 ; Loss: 29.613 ; Acc: 34.850
2018-09-19 14:58:53,885:INFO: [TRAIN] Step: 893 ; Loss: 30.765 ; Acc: 34.843
2018-09-19 14:58:53,992:INFO: [TRAIN] Step: 894 ; Loss: 26.528 ; Acc: 34.860
2018-09-19 14:58:54,104:INFO: [TRAIN] Step: 895 ; Loss: 27.685 ; Acc: 34.863
2018-09-19 14:58:54,215:INFO: [TRAIN] Step: 896 ; Loss: 23.461 ; Acc: 34.876
2018-09-19 14:58:54,321:INFO: [TRAIN] Step: 897 ; Loss: 28.443 ; Acc: 34.860
2018-09-19 14:58:54,430:INFO: [TRAIN] Step: 898 ; Loss: 28.323 ; Acc: 34.858
2018-09-19 14:58:54,542:INFO: [TRAIN] Step: 899 ; Loss: 26.211 ; Acc: 34.861
2018-09-19 14:58:54,653:INFO: [TRAIN] Step: 900 ; Loss: 32.908 ; Acc: 34.855
2018-09-19 14:58:54,761:INFO: [TRAIN] Step: 901 ; Loss: 25.567 ; Acc: 34.872
2018-09-19 14:58:54,868:INFO: [TRAIN] Step: 902 ; Loss: 26.827 ; Acc: 34.879
2018-09-19 14:58:54,972:INFO: [TRAIN] Step: 903 ; Loss: 31.410 ; Acc: 34.868
2018-09-19 14:58:55,076:INFO: [TRAIN] Step: 904 ; Loss: 32.700 ; Acc: 34.857
2018-09-19 14:58:55,184:INFO: [TRAIN] Step: 905 ; Loss: 25.792 ; Acc: 34.860
2018-09-19 14:58:55,288:INFO: [TRAIN] Step: 906 ; Loss: 28.340 ; Acc: 34.881
2018-09-19 14:58:55,392:INFO: [TRAIN] Step: 907 ; Loss: 27.963 ; Acc: 34.898
2018-09-19 14:58:55,497:INFO: [TRAIN] Step: 908 ; Loss: 30.023 ; Acc: 34.896
2018-09-19 14:58:55,602:INFO: [TRAIN] Step: 909 ; Loss: 24.209 ; Acc: 34.908
2018-09-19 14:58:55,712:INFO: [TRAIN] Step: 910 ; Loss: 27.228 ; Acc: 34.920
2018-09-19 14:58:55,819:INFO: [TRAIN] Step: 911 ; Loss: 26.843 ; Acc: 34.937
2018-09-19 14:58:55,925:INFO: [TRAIN] Step: 912 ; Loss: 28.606 ; Acc: 34.935
2018-09-19 14:58:56,033:INFO: [TRAIN] Step: 913 ; Loss: 26.584 ; Acc: 34.938
2018-09-19 14:58:56,138:INFO: [TRAIN] Step: 914 ; Loss: 29.746 ; Acc: 34.950
2018-09-19 14:58:56,244:INFO: [TRAIN] Step: 915 ; Loss: 28.953 ; Acc: 34.953
2018-09-19 14:58:56,348:INFO: [TRAIN] Step: 916 ; Loss: 29.295 ; Acc: 34.951
2018-09-19 14:58:56,457:INFO: [TRAIN] Step: 917 ; Loss: 28.569 ; Acc: 34.936
2018-09-19 14:58:56,561:INFO: [TRAIN] Step: 918 ; Loss: 28.304 ; Acc: 34.943
2018-09-19 14:58:56,669:INFO: [TRAIN] Step: 919 ; Loss: 32.557 ; Acc: 34.937
2018-09-19 14:58:56,776:INFO: [TRAIN] Step: 920 ; Loss: 25.048 ; Acc: 34.948
2018-09-19 14:58:56,883:INFO: [TRAIN] Step: 921 ; Loss: 27.219 ; Acc: 34.951
2018-09-19 14:58:56,991:INFO: [TRAIN] Step: 922 ; Loss: 29.721 ; Acc: 34.958
2018-09-19 14:58:57,094:INFO: [TRAIN] Step: 923 ; Loss: 26.323 ; Acc: 34.957
2018-09-19 14:58:57,199:INFO: [TRAIN] Step: 924 ; Loss: 25.833 ; Acc: 34.968
2018-09-19 14:58:57,304:INFO: [TRAIN] Step: 925 ; Loss: 27.350 ; Acc: 34.971
2018-09-19 14:58:57,407:INFO: [TRAIN] Step: 926 ; Loss: 28.814 ; Acc: 34.969
2018-09-19 14:58:57,514:INFO: [TRAIN] Step: 927 ; Loss: 29.431 ; Acc: 34.986
2018-09-19 14:58:57,620:INFO: [TRAIN] Step: 928 ; Loss: 27.323 ; Acc: 34.988
2018-09-19 14:58:57,726:INFO: [TRAIN] Step: 929 ; Loss: 32.652 ; Acc: 34.978
2018-09-19 14:58:57,829:INFO: [TRAIN] Step: 930 ; Loss: 27.801 ; Acc: 34.980
2018-09-19 14:58:57,943:INFO: [TRAIN] Step: 931 ; Loss: 33.817 ; Acc: 34.970
2018-09-19 14:58:58,050:INFO: [TRAIN] Step: 932 ; Loss: 27.139 ; Acc: 34.990
2018-09-19 14:58:58,154:INFO: [TRAIN] Step: 933 ; Loss: 30.644 ; Acc: 34.984
2018-09-19 14:58:58,257:INFO: [TRAIN] Step: 934 ; Loss: 27.505 ; Acc: 34.973
2018-09-19 14:58:58,360:INFO: [TRAIN] Step: 935 ; Loss: 24.206 ; Acc: 34.998
2018-09-19 14:58:58,464:INFO: [TRAIN] Step: 936 ; Loss: 29.783 ; Acc: 34.983
2018-09-19 14:58:58,572:INFO: [TRAIN] Step: 937 ; Loss: 28.700 ; Acc: 34.990
2018-09-19 14:58:58,680:INFO: [TRAIN] Step: 938 ; Loss: 31.381 ; Acc: 34.988
2018-09-19 14:58:58,788:INFO: [TRAIN] Step: 939 ; Loss: 33.278 ; Acc: 34.969
2018-09-19 14:58:58,897:INFO: [TRAIN] Step: 940 ; Loss: 29.859 ; Acc: 34.985
2018-09-19 14:58:59,001:INFO: [TRAIN] Step: 941 ; Loss: 28.267 ; Acc: 35.001
2018-09-19 14:58:59,106:INFO: [TRAIN] Step: 942 ; Loss: 28.817 ; Acc: 35.004
2018-09-19 14:58:59,214:INFO: [TRAIN] Step: 943 ; Loss: 26.229 ; Acc: 35.002
2018-09-19 14:58:59,320:INFO: [TRAIN] Step: 944 ; Loss: 27.337 ; Acc: 35.026
2018-09-19 14:58:59,424:INFO: [TRAIN] Step: 945 ; Loss: 30.444 ; Acc: 35.016
2018-09-19 14:58:59,527:INFO: [TRAIN] Step: 946 ; Loss: 28.097 ; Acc: 35.010
2018-09-19 14:58:59,635:INFO: [TRAIN] Step: 947 ; Loss: 30.628 ; Acc: 34.999
2018-09-19 14:58:59,739:INFO: [TRAIN] Step: 948 ; Loss: 26.695 ; Acc: 34.989
2018-09-19 14:58:59,845:INFO: [TRAIN] Step: 949 ; Loss: 29.348 ; Acc: 34.996
2018-09-19 14:58:59,950:INFO: [TRAIN] Step: 950 ; Loss: 27.643 ; Acc: 34.994
2018-09-19 14:59:00,064:INFO: [TRAIN] Step: 951 ; Loss: 30.187 ; Acc: 34.992
2018-09-19 14:59:00,171:INFO: [TRAIN] Step: 952 ; Loss: 25.316 ; Acc: 35.003
2018-09-19 14:59:00,277:INFO: [TRAIN] Step: 953 ; Loss: 25.782 ; Acc: 35.010
2018-09-19 14:59:00,384:INFO: [TRAIN] Step: 954 ; Loss: 29.385 ; Acc: 35.000
2018-09-19 14:59:00,487:INFO: [TRAIN] Step: 955 ; Loss: 28.267 ; Acc: 34.998
2018-09-19 14:59:00,590:INFO: [TRAIN] Step: 956 ; Loss: 26.237 ; Acc: 34.997
2018-09-19 14:59:00,695:INFO: [TRAIN] Step: 957 ; Loss: 26.066 ; Acc: 35.003
2018-09-19 14:59:00,802:INFO: [TRAIN] Step: 958 ; Loss: 30.081 ; Acc: 35.006
2018-09-19 14:59:00,907:INFO: [TRAIN] Step: 959 ; Loss: 27.579 ; Acc: 35.013
2018-09-19 14:59:01,012:INFO: [TRAIN] Step: 960 ; Loss: 30.927 ; Acc: 34.994
2018-09-19 14:59:01,115:INFO: [TRAIN] Step: 961 ; Loss: 31.931 ; Acc: 35.005
2018-09-19 14:59:01,220:INFO: [TRAIN] Step: 962 ; Loss: 32.291 ; Acc: 34.999
2018-09-19 14:59:01,324:INFO: [TRAIN] Step: 963 ; Loss: 30.775 ; Acc: 34.993
2018-09-19 14:59:01,432:INFO: [TRAIN] Step: 964 ; Loss: 25.556 ; Acc: 35.026
2018-09-19 14:59:01,536:INFO: [TRAIN] Step: 965 ; Loss: 29.788 ; Acc: 35.024
2018-09-19 14:59:01,641:INFO: [TRAIN] Step: 966 ; Loss: 27.192 ; Acc: 35.027
2018-09-19 14:59:01,748:INFO: [TRAIN] Step: 967 ; Loss: 30.372 ; Acc: 35.042
2018-09-19 14:59:01,857:INFO: [TRAIN] Step: 968 ; Loss: 31.054 ; Acc: 35.036
2018-09-19 14:59:01,965:INFO: [TRAIN] Step: 969 ; Loss: 28.915 ; Acc: 35.043
2018-09-19 14:59:02,071:INFO: [TRAIN] Step: 970 ; Loss: 30.768 ; Acc: 35.033
2018-09-19 14:59:02,179:INFO: [TRAIN] Step: 971 ; Loss: 27.010 ; Acc: 35.031
2018-09-19 14:59:02,282:INFO: [TRAIN] Step: 972 ; Loss: 29.281 ; Acc: 35.042
2018-09-19 14:59:02,388:INFO: [TRAIN] Step: 973 ; Loss: 30.251 ; Acc: 35.044
2018-09-19 14:59:02,499:INFO: [TRAIN] Step: 974 ; Loss: 30.579 ; Acc: 35.030
2018-09-19 14:59:02,602:INFO: [TRAIN] Step: 975 ; Loss: 28.794 ; Acc: 35.028
2018-09-19 14:59:02,709:INFO: [TRAIN] Step: 976 ; Loss: 25.391 ; Acc: 35.031
2018-09-19 14:59:02,815:INFO: [TRAIN] Step: 977 ; Loss: 31.105 ; Acc: 35.016
2018-09-19 14:59:02,920:INFO: [TRAIN] Step: 978 ; Loss: 25.718 ; Acc: 35.027
2018-09-19 14:59:03,026:INFO: [TRAIN] Step: 979 ; Loss: 26.799 ; Acc: 35.026
2018-09-19 14:59:03,131:INFO: [TRAIN] Step: 980 ; Loss: 29.603 ; Acc: 35.037
2018-09-19 14:59:03,238:INFO: [TRAIN] Step: 981 ; Loss: 24.927 ; Acc: 35.048
2018-09-19 14:59:03,345:INFO: [TRAIN] Step: 982 ; Loss: 23.903 ; Acc: 35.037
2018-09-19 14:59:03,448:INFO: [TRAIN] Step: 983 ; Loss: 29.327 ; Acc: 35.019
2018-09-19 14:59:03,556:INFO: [TRAIN] Step: 984 ; Loss: 29.606 ; Acc: 35.017
2018-09-19 14:59:03,665:INFO: [TRAIN] Step: 985 ; Loss: 27.993 ; Acc: 35.011
2018-09-19 14:59:03,771:INFO: [TRAIN] Step: 986 ; Loss: 26.773 ; Acc: 35.014
2018-09-19 14:59:03,875:INFO: [TRAIN] Step: 987 ; Loss: 29.792 ; Acc: 35.012
2018-09-19 14:59:03,984:INFO: [TRAIN] Step: 988 ; Loss: 23.315 ; Acc: 35.014
2018-09-19 14:59:04,089:INFO: [TRAIN] Step: 989 ; Loss: 25.093 ; Acc: 35.013
2018-09-19 14:59:04,197:INFO: [TRAIN] Step: 990 ; Loss: 26.207 ; Acc: 35.032
2018-09-19 14:59:04,300:INFO: [TRAIN] Step: 991 ; Loss: 25.104 ; Acc: 35.055
2018-09-19 14:59:04,407:INFO: [TRAIN] Step: 992 ; Loss: 27.913 ; Acc: 35.066
2018-09-19 14:59:04,511:INFO: [TRAIN] Step: 993 ; Loss: 32.528 ; Acc: 35.044
2018-09-19 14:59:04,624:INFO: [TRAIN] Step: 994 ; Loss: 31.356 ; Acc: 35.021
2018-09-19 14:59:04,730:INFO: [TRAIN] Step: 995 ; Loss: 25.073 ; Acc: 35.028
2018-09-19 14:59:04,837:INFO: [TRAIN] Step: 996 ; Loss: 30.793 ; Acc: 35.038
2018-09-19 14:59:04,941:INFO: [TRAIN] Step: 997 ; Loss: 28.404 ; Acc: 35.033
2018-09-19 14:59:05,046:INFO: [TRAIN] Step: 998 ; Loss: 25.873 ; Acc: 35.035
2018-09-19 14:59:05,152:INFO: [TRAIN] Step: 999 ; Loss: 25.477 ; Acc: 35.038
2018-09-19 14:59:05,258:INFO: [TRAIN] Step: 1000 ; Loss: 27.892 ; Acc: 35.036
2018-09-19 14:59:05,363:INFO: [TRAIN] Step: 1001 ; Loss: 29.878 ; Acc: 35.042
2018-09-19 14:59:05,468:INFO: [TRAIN] Step: 1002 ; Loss: 31.348 ; Acc: 35.032
2018-09-19 14:59:05,571:INFO: [TRAIN] Step: 1003 ; Loss: 28.578 ; Acc: 35.047
2018-09-19 14:59:05,676:INFO: [TRAIN] Step: 1004 ; Loss: 27.076 ; Acc: 35.050
2018-09-19 14:59:05,780:INFO: [TRAIN] Step: 1005 ; Loss: 28.619 ; Acc: 35.040
2018-09-19 14:59:05,886:INFO: [TRAIN] Step: 1006 ; Loss: 29.453 ; Acc: 35.030
2018-09-19 14:59:05,990:INFO: [TRAIN] Step: 1007 ; Loss: 26.964 ; Acc: 35.041
2018-09-19 14:59:06,095:INFO: [TRAIN] Step: 1008 ; Loss: 28.528 ; Acc: 35.051
2018-09-19 14:59:06,206:INFO: [TRAIN] Step: 1009 ; Loss: 29.489 ; Acc: 35.050
2018-09-19 14:59:06,314:INFO: [TRAIN] Step: 1010 ; Loss: 30.516 ; Acc: 35.035
2018-09-19 14:59:06,424:INFO: [TRAIN] Step: 1011 ; Loss: 25.509 ; Acc: 35.050
2018-09-19 14:59:06,532:INFO: [TRAIN] Step: 1012 ; Loss: 24.931 ; Acc: 35.057
2018-09-19 14:59:06,638:INFO: [TRAIN] Step: 1013 ; Loss: 29.411 ; Acc: 35.063
2018-09-19 14:59:06,744:INFO: [TRAIN] Step: 1014 ; Loss: 29.556 ; Acc: 35.070
2018-09-19 14:59:06,851:INFO: [TRAIN] Step: 1015 ; Loss: 23.831 ; Acc: 35.084
2018-09-19 14:59:06,955:INFO: [TRAIN] Step: 1016 ; Loss: 26.265 ; Acc: 35.083
2018-09-19 14:59:07,066:INFO: [TRAIN] Step: 1017 ; Loss: 33.463 ; Acc: 35.069
2018-09-19 14:59:07,176:INFO: [TRAIN] Step: 1018 ; Loss: 28.856 ; Acc: 35.075
2018-09-19 14:59:07,282:INFO: [TRAIN] Step: 1019 ; Loss: 27.117 ; Acc: 35.086
2018-09-19 14:59:07,389:INFO: [TRAIN] Step: 1020 ; Loss: 27.612 ; Acc: 35.092
2018-09-19 14:59:07,497:INFO: [TRAIN] Step: 1021 ; Loss: 30.140 ; Acc: 35.082
2018-09-19 14:59:07,603:INFO: [TRAIN] Step: 1022 ; Loss: 31.200 ; Acc: 35.077
2018-09-19 14:59:07,709:INFO: [TRAIN] Step: 1023 ; Loss: 31.883 ; Acc: 35.063
2018-09-19 14:59:07,818:INFO: [TRAIN] Step: 1024 ; Loss: 34.632 ; Acc: 35.049
2018-09-19 14:59:07,926:INFO: [TRAIN] Step: 1025 ; Loss: 30.120 ; Acc: 35.043
2018-09-19 14:59:08,033:INFO: [TRAIN] Step: 1026 ; Loss: 25.785 ; Acc: 35.037
2018-09-19 14:59:08,135:INFO: [TRAIN] Step: 1027 ; Loss: 32.410 ; Acc: 35.028
2018-09-19 14:59:08,241:INFO: [TRAIN] Step: 1028 ; Loss: 29.472 ; Acc: 35.038
2018-09-19 14:59:08,348:INFO: [TRAIN] Step: 1029 ; Loss: 29.036 ; Acc: 35.044
2018-09-19 14:59:08,453:INFO: [TRAIN] Step: 1030 ; Loss: 29.779 ; Acc: 35.039
2018-09-19 14:59:08,561:INFO: [TRAIN] Step: 1031 ; Loss: 28.963 ; Acc: 35.041
2018-09-19 14:59:08,666:INFO: [TRAIN] Step: 1032 ; Loss: 29.502 ; Acc: 35.040
2018-09-19 14:59:08,770:INFO: [TRAIN] Step: 1033 ; Loss: 28.988 ; Acc: 35.038
2018-09-19 14:59:08,876:INFO: [TRAIN] Step: 1034 ; Loss: 26.345 ; Acc: 35.036
2018-09-19 14:59:08,982:INFO: [TRAIN] Step: 1035 ; Loss: 30.902 ; Acc: 35.035
2018-09-19 14:59:09,090:INFO: [TRAIN] Step: 1036 ; Loss: 30.033 ; Acc: 35.037
2018-09-19 14:59:09,197:INFO: [TRAIN] Step: 1037 ; Loss: 27.181 ; Acc: 35.019
2018-09-19 14:59:09,305:INFO: [TRAIN] Step: 1038 ; Loss: 29.276 ; Acc: 35.026
2018-09-19 14:59:09,412:INFO: [TRAIN] Step: 1039 ; Loss: 29.123 ; Acc: 35.024
2018-09-19 14:59:09,516:INFO: [TRAIN] Step: 1040 ; Loss: 26.217 ; Acc: 35.022
2018-09-19 14:59:09,624:INFO: [TRAIN] Step: 1041 ; Loss: 27.234 ; Acc: 35.041
2018-09-19 14:59:09,730:INFO: [TRAIN] Step: 1042 ; Loss: 30.354 ; Acc: 35.043
2018-09-19 14:59:09,836:INFO: [TRAIN] Step: 1043 ; Loss: 29.841 ; Acc: 35.034
2018-09-19 14:59:09,944:INFO: [TRAIN] Step: 1044 ; Loss: 28.212 ; Acc: 35.036
2018-09-19 14:59:10,050:INFO: [TRAIN] Step: 1045 ; Loss: 29.255 ; Acc: 35.050
2018-09-19 14:59:10,157:INFO: [TRAIN] Step: 1046 ; Loss: 27.946 ; Acc: 35.057
2018-09-19 14:59:10,263:INFO: [TRAIN] Step: 1047 ; Loss: 28.211 ; Acc: 35.063
2018-09-19 14:59:10,368:INFO: [TRAIN] Step: 1048 ; Loss: 31.727 ; Acc: 35.057
2018-09-19 14:59:10,473:INFO: [TRAIN] Step: 1049 ; Loss: 28.519 ; Acc: 35.063
2018-09-19 14:59:10,577:INFO: [TRAIN] Step: 1050 ; Loss: 29.143 ; Acc: 35.058
2018-09-19 14:59:10,683:INFO: [TRAIN] Step: 1051 ; Loss: 30.855 ; Acc: 35.048
2018-09-19 14:59:10,790:INFO: [TRAIN] Step: 1052 ; Loss: 27.695 ; Acc: 35.059
2018-09-19 14:59:10,896:INFO: [TRAIN] Step: 1053 ; Loss: 28.873 ; Acc: 35.069
2018-09-19 14:59:11,000:INFO: [TRAIN] Step: 1054 ; Loss: 28.200 ; Acc: 35.063
2018-09-19 14:59:11,104:INFO: [TRAIN] Step: 1055 ; Loss: 30.413 ; Acc: 35.065
2018-09-19 14:59:11,213:INFO: [TRAIN] Step: 1056 ; Loss: 30.336 ; Acc: 35.064
2018-09-19 14:59:11,318:INFO: [TRAIN] Step: 1057 ; Loss: 28.321 ; Acc: 35.058
2018-09-19 14:59:11,421:INFO: [TRAIN] Step: 1058 ; Loss: 30.830 ; Acc: 35.041
2018-09-19 14:59:11,531:INFO: [TRAIN] Step: 1059 ; Loss: 25.761 ; Acc: 35.039
2018-09-19 14:59:11,635:INFO: [TRAIN] Step: 1060 ; Loss: 29.393 ; Acc: 35.042
2018-09-19 14:59:11,740:INFO: [TRAIN] Step: 1061 ; Loss: 26.451 ; Acc: 35.052
2018-09-19 14:59:11,847:INFO: [TRAIN] Step: 1062 ; Loss: 27.061 ; Acc: 35.066
2018-09-19 14:59:11,956:INFO: [TRAIN] Step: 1063 ; Loss: 27.463 ; Acc: 35.060
2018-09-19 14:59:12,059:INFO: [TRAIN] Step: 1064 ; Loss: 25.916 ; Acc: 35.067
2018-09-19 14:59:12,166:INFO: [TRAIN] Step: 1065 ; Loss: 31.498 ; Acc: 35.069
2018-09-19 14:59:12,272:INFO: [TRAIN] Step: 1066 ; Loss: 28.691 ; Acc: 35.067
2018-09-19 14:59:12,375:INFO: [TRAIN] Step: 1067 ; Loss: 29.956 ; Acc: 35.062
2018-09-19 14:59:12,480:INFO: [TRAIN] Step: 1068 ; Loss: 28.613 ; Acc: 35.076
2018-09-19 14:59:12,590:INFO: [TRAIN] Step: 1069 ; Loss: 27.067 ; Acc: 35.082
2018-09-19 14:59:12,697:INFO: [TRAIN] Step: 1070 ; Loss: 25.828 ; Acc: 35.092
2018-09-19 14:59:12,805:INFO: [TRAIN] Step: 1071 ; Loss: 27.865 ; Acc: 35.094
2018-09-19 14:59:12,909:INFO: [TRAIN] Step: 1072 ; Loss: 29.215 ; Acc: 35.092
2018-09-19 14:59:13,017:INFO: [TRAIN] Step: 1073 ; Loss: 30.281 ; Acc: 35.091
2018-09-19 14:59:13,123:INFO: [TRAIN] Step: 1074 ; Loss: 29.957 ; Acc: 35.078
2018-09-19 14:59:13,252:INFO: [TRAIN] Step: 1075 ; Loss: 25.005 ; Acc: 35.095
2018-09-19 14:59:13,386:INFO: [TRAIN] Step: 1076 ; Loss: 26.888 ; Acc: 35.105
2018-09-19 14:59:13,501:INFO: [TRAIN] Step: 1077 ; Loss: 31.926 ; Acc: 35.096
2018-09-19 14:59:13,615:INFO: [TRAIN] Step: 1078 ; Loss: 29.221 ; Acc: 35.079
2018-09-19 14:59:13,725:INFO: [TRAIN] Step: 1079 ; Loss: 31.382 ; Acc: 35.073
2018-09-19 14:59:13,839:INFO: [TRAIN] Step: 1080 ; Loss: 27.698 ; Acc: 35.076
2018-09-19 14:59:13,973:INFO: [TRAIN] Step: 1081 ; Loss: 24.784 ; Acc: 35.089
2018-09-19 14:59:14,111:INFO: [TRAIN] Step: 1082 ; Loss: 25.845 ; Acc: 35.095
2018-09-19 14:59:14,226:INFO: [TRAIN] Step: 1083 ; Loss: 30.741 ; Acc: 35.090
2018-09-19 14:59:14,337:INFO: [TRAIN] Step: 1084 ; Loss: 29.185 ; Acc: 35.081
2018-09-19 14:59:14,453:INFO: [TRAIN] Step: 1085 ; Loss: 28.681 ; Acc: 35.083
2018-09-19 14:59:14,564:INFO: [TRAIN] Step: 1086 ; Loss: 29.122 ; Acc: 35.093
2018-09-19 14:59:14,676:INFO: [TRAIN] Step: 1087 ; Loss: 25.409 ; Acc: 35.095
2018-09-19 14:59:14,782:INFO: [TRAIN] Step: 1088 ; Loss: 27.529 ; Acc: 35.105
2018-09-19 14:59:14,908:INFO: [TRAIN] Step: 1089 ; Loss: 28.328 ; Acc: 35.088
2018-09-19 14:59:15,047:INFO: [TRAIN] Step: 1090 ; Loss: 26.633 ; Acc: 35.086
2018-09-19 14:59:15,165:INFO: [TRAIN] Step: 1091 ; Loss: 25.978 ; Acc: 35.089
2018-09-19 14:59:15,273:INFO: [TRAIN] Step: 1092 ; Loss: 27.439 ; Acc: 35.087
2018-09-19 14:59:15,384:INFO: [TRAIN] Step: 1093 ; Loss: 27.590 ; Acc: 35.093
2018-09-19 14:59:15,494:INFO: [TRAIN] Step: 1094 ; Loss: 27.928 ; Acc: 35.091
2018-09-19 14:59:15,608:INFO: [TRAIN] Step: 1095 ; Loss: 33.355 ; Acc: 35.082
2018-09-19 14:59:15,723:INFO: [TRAIN] Step: 1096 ; Loss: 30.152 ; Acc: 35.073
2018-09-19 14:59:15,849:INFO: [TRAIN] Step: 1097 ; Loss: 29.914 ; Acc: 35.075
2018-09-19 14:59:15,967:INFO: [TRAIN] Step: 1098 ; Loss: 27.955 ; Acc: 35.062
2018-09-19 14:59:16,082:INFO: [TRAIN] Step: 1099 ; Loss: 27.146 ; Acc: 35.072
2018-09-19 14:59:16,198:INFO: [TRAIN] Step: 1100 ; Loss: 31.752 ; Acc: 35.051
2018-09-19 14:59:16,305:INFO: [TRAIN] Step: 1101 ; Loss: 25.487 ; Acc: 35.054
2018-09-19 14:59:16,415:INFO: [TRAIN] Step: 1102 ; Loss: 28.903 ; Acc: 35.045
2018-09-19 14:59:16,520:INFO: [TRAIN] Step: 1103 ; Loss: 28.509 ; Acc: 35.043
2018-09-19 14:59:16,629:INFO: [TRAIN] Step: 1104 ; Loss: 31.768 ; Acc: 35.049
2018-09-19 14:59:16,737:INFO: [TRAIN] Step: 1105 ; Loss: 26.557 ; Acc: 35.066
2018-09-19 14:59:16,849:INFO: [TRAIN] Step: 1106 ; Loss: 29.052 ; Acc: 35.065
2018-09-19 14:59:16,964:INFO: [TRAIN] Step: 1107 ; Loss: 27.739 ; Acc: 35.056
2018-09-19 14:59:17,087:INFO: [TRAIN] Step: 1108 ; Loss: 32.399 ; Acc: 35.054
2018-09-19 14:59:17,228:INFO: [TRAIN] Step: 1109 ; Loss: 28.828 ; Acc: 35.056
2018-09-19 14:59:17,355:INFO: [TRAIN] Step: 1110 ; Loss: 28.047 ; Acc: 35.081
2018-09-19 14:59:17,464:INFO: [TRAIN] Step: 1111 ; Loss: 24.215 ; Acc: 35.079
2018-09-19 14:59:17,593:INFO: [TRAIN] Step: 1112 ; Loss: 33.418 ; Acc: 35.070
2018-09-19 14:59:17,731:INFO: [TRAIN] Step: 1113 ; Loss: 32.127 ; Acc: 35.061
2018-09-19 14:59:17,848:INFO: [TRAIN] Step: 1114 ; Loss: 29.980 ; Acc: 35.067
2018-09-19 14:59:18,003:INFO: [TRAIN] Step: 1115 ; Loss: 26.001 ; Acc: 35.073
2018-09-19 14:59:18,108:INFO: [TRAIN] Step: 1116 ; Loss: 28.606 ; Acc: 35.079
2018-09-19 14:59:18,220:INFO: [TRAIN] Step: 1117 ; Loss: 28.201 ; Acc: 35.070
2018-09-19 14:59:18,326:INFO: [TRAIN] Step: 1118 ; Loss: 28.418 ; Acc: 35.072
2018-09-19 14:59:18,436:INFO: [TRAIN] Step: 1119 ; Loss: 27.778 ; Acc: 35.078
2018-09-19 14:59:18,546:INFO: [TRAIN] Step: 1120 ; Loss: 30.288 ; Acc: 35.080
2018-09-19 14:59:18,656:INFO: [TRAIN] Step: 1121 ; Loss: 29.440 ; Acc: 35.068
2018-09-19 14:59:18,763:INFO: [TRAIN] Step: 1122 ; Loss: 29.582 ; Acc: 35.066
2018-09-19 14:59:18,871:INFO: [TRAIN] Step: 1123 ; Loss: 26.854 ; Acc: 35.065
2018-09-19 14:59:18,979:INFO: [TRAIN] Step: 1124 ; Loss: 32.054 ; Acc: 35.056
2018-09-19 14:59:19,092:INFO: [TRAIN] Step: 1125 ; Loss: 28.833 ; Acc: 35.054
2018-09-19 14:59:19,202:INFO: [TRAIN] Step: 1126 ; Loss: 30.762 ; Acc: 35.064
2018-09-19 14:59:19,311:INFO: [TRAIN] Step: 1127 ; Loss: 32.654 ; Acc: 35.047
2018-09-19 14:59:19,418:INFO: [TRAIN] Step: 1128 ; Loss: 30.824 ; Acc: 35.049
2018-09-19 14:59:19,527:INFO: [TRAIN] Step: 1129 ; Loss: 27.724 ; Acc: 35.044
2018-09-19 14:59:19,636:INFO: [TRAIN] Step: 1130 ; Loss: 29.104 ; Acc: 35.061
2018-09-19 14:59:19,743:INFO: [TRAIN] Step: 1131 ; Loss: 31.069 ; Acc: 35.056
2018-09-19 14:59:19,866:INFO: [TRAIN] Step: 1132 ; Loss: 29.890 ; Acc: 35.040
2018-09-19 14:59:20,004:INFO: [TRAIN] Step: 1133 ; Loss: 27.474 ; Acc: 35.049
2018-09-19 14:59:20,144:INFO: [TRAIN] Step: 1134 ; Loss: 26.058 ; Acc: 35.048
2018-09-19 14:59:20,268:INFO: [TRAIN] Step: 1135 ; Loss: 32.043 ; Acc: 35.046
2018-09-19 14:59:20,380:INFO: [TRAIN] Step: 1136 ; Loss: 31.218 ; Acc: 35.048
2018-09-19 14:59:20,546:INFO: [TRAIN] Step: 1137 ; Loss: 26.918 ; Acc: 35.058
2018-09-19 14:59:20,685:INFO: [TRAIN] Step: 1138 ; Loss: 33.443 ; Acc: 35.053
2018-09-19 14:59:20,802:INFO: [TRAIN] Step: 1139 ; Loss: 27.522 ; Acc: 35.066
2018-09-19 14:59:20,910:INFO: [TRAIN] Step: 1140 ; Loss: 32.258 ; Acc: 35.050
2018-09-19 14:59:21,017:INFO: [TRAIN] Step: 1141 ; Loss: 26.784 ; Acc: 35.037
2018-09-19 14:59:21,123:INFO: [TRAIN] Step: 1142 ; Loss: 28.627 ; Acc: 35.050
2018-09-19 14:59:21,235:INFO: [TRAIN] Step: 1143 ; Loss: 27.800 ; Acc: 35.052
2018-09-19 14:59:21,346:INFO: [TRAIN] Step: 1144 ; Loss: 26.603 ; Acc: 35.055
2018-09-19 14:59:21,453:INFO: [TRAIN] Step: 1145 ; Loss: 27.753 ; Acc: 35.060
2018-09-19 14:59:21,561:INFO: [TRAIN] Step: 1146 ; Loss: 28.379 ; Acc: 35.062
2018-09-19 14:59:21,670:INFO: [TRAIN] Step: 1147 ; Loss: 29.735 ; Acc: 35.068
2018-09-19 14:59:21,780:INFO: [TRAIN] Step: 1148 ; Loss: 25.024 ; Acc: 35.074
2018-09-19 14:59:21,888:INFO: [TRAIN] Step: 1149 ; Loss: 28.422 ; Acc: 35.076
2018-09-19 14:59:21,994:INFO: [TRAIN] Step: 1150 ; Loss: 27.124 ; Acc: 35.071
2018-09-19 14:59:22,105:INFO: [TRAIN] Step: 1151 ; Loss: 30.136 ; Acc: 35.062
2018-09-19 14:59:22,213:INFO: [TRAIN] Step: 1152 ; Loss: 27.471 ; Acc: 35.068
2018-09-19 14:59:22,321:INFO: [TRAIN] Step: 1153 ; Loss: 29.675 ; Acc: 35.063
2018-09-19 14:59:22,428:INFO: [TRAIN] Step: 1154 ; Loss: 32.517 ; Acc: 35.061
2018-09-19 14:59:22,540:INFO: [TRAIN] Step: 1155 ; Loss: 23.888 ; Acc: 35.074
2018-09-19 14:59:22,647:INFO: [TRAIN] Step: 1156 ; Loss: 25.182 ; Acc: 35.102
2018-09-19 14:59:22,758:INFO: [TRAIN] Step: 1157 ; Loss: 33.963 ; Acc: 35.104
2018-09-19 14:59:22,869:INFO: [TRAIN] Step: 1158 ; Loss: 30.341 ; Acc: 35.091
2018-09-19 14:59:22,977:INFO: [TRAIN] Step: 1159 ; Loss: 29.051 ; Acc: 35.108
2018-09-19 14:59:23,087:INFO: [TRAIN] Step: 1160 ; Loss: 25.344 ; Acc: 35.117
2018-09-19 14:59:23,193:INFO: [TRAIN] Step: 1161 ; Loss: 29.043 ; Acc: 35.119
2018-09-19 14:59:23,299:INFO: [TRAIN] Step: 1162 ; Loss: 29.655 ; Acc: 35.110
2018-09-19 14:59:23,408:INFO: [TRAIN] Step: 1163 ; Loss: 29.302 ; Acc: 35.109
2018-09-19 14:59:23,517:INFO: [TRAIN] Step: 1164 ; Loss: 26.406 ; Acc: 35.122
2018-09-19 14:59:23,629:INFO: [TRAIN] Step: 1165 ; Loss: 26.492 ; Acc: 35.131
2018-09-19 14:59:23,737:INFO: [TRAIN] Step: 1166 ; Loss: 27.853 ; Acc: 35.133
2018-09-19 14:59:23,848:INFO: [TRAIN] Step: 1167 ; Loss: 24.572 ; Acc: 35.146
2018-09-19 14:59:23,963:INFO: [TRAIN] Step: 1168 ; Loss: 24.186 ; Acc: 35.158
2018-09-19 14:59:24,071:INFO: [TRAIN] Step: 1169 ; Loss: 31.833 ; Acc: 35.153
2018-09-19 14:59:24,179:INFO: [TRAIN] Step: 1170 ; Loss: 29.579 ; Acc: 35.134
2018-09-19 14:59:24,288:INFO: [TRAIN] Step: 1171 ; Loss: 29.156 ; Acc: 35.136
2018-09-19 14:59:24,399:INFO: [TRAIN] Step: 1172 ; Loss: 29.278 ; Acc: 35.138
2018-09-19 14:59:24,509:INFO: [TRAIN] Step: 1173 ; Loss: 28.237 ; Acc: 35.136
2018-09-19 14:59:24,621:INFO: [TRAIN] Step: 1174 ; Loss: 27.658 ; Acc: 35.145
2018-09-19 14:59:24,728:INFO: [TRAIN] Step: 1175 ; Loss: 27.405 ; Acc: 35.144
2018-09-19 14:59:24,834:INFO: [TRAIN] Step: 1176 ; Loss: 35.033 ; Acc: 35.142
2018-09-19 14:59:24,943:INFO: [TRAIN] Step: 1177 ; Loss: 28.693 ; Acc: 35.141
2018-09-19 14:59:25,053:INFO: [TRAIN] Step: 1178 ; Loss: 27.312 ; Acc: 35.150
2018-09-19 14:59:25,167:INFO: [TRAIN] Step: 1179 ; Loss: 27.834 ; Acc: 35.166
2018-09-19 14:59:25,275:INFO: [TRAIN] Step: 1180 ; Loss: 27.960 ; Acc: 35.179
2018-09-19 14:59:25,384:INFO: [TRAIN] Step: 1181 ; Loss: 28.149 ; Acc: 35.177
2018-09-19 14:59:25,492:INFO: [TRAIN] Step: 1182 ; Loss: 29.244 ; Acc: 35.172
2018-09-19 14:59:25,603:INFO: [TRAIN] Step: 1183 ; Loss: 30.477 ; Acc: 35.167
2018-09-19 14:59:25,712:INFO: [TRAIN] Step: 1184 ; Loss: 29.489 ; Acc: 35.172
2018-09-19 14:59:25,825:INFO: [TRAIN] Step: 1185 ; Loss: 31.033 ; Acc: 35.174
2018-09-19 14:59:25,934:INFO: [TRAIN] Step: 1186 ; Loss: 24.533 ; Acc: 35.194
2018-09-19 14:59:26,046:INFO: [TRAIN] Step: 1187 ; Loss: 27.467 ; Acc: 35.199
2018-09-19 14:59:26,154:INFO: [TRAIN] Step: 1188 ; Loss: 26.825 ; Acc: 35.201
2018-09-19 14:59:26,261:INFO: [TRAIN] Step: 1189 ; Loss: 26.839 ; Acc: 35.203
2018-09-19 14:59:31,503:INFO: [EVAL] Step: 1190 ; Loss: 0.301 ; Acc: 0.373
