2018-09-19 15:41:17,657:INFO: ### Model ###
LeNet5(
  (convnet): Sequential(
    (0): Conv2d(1, 6, kernel_size=(5, 5), stride=(1, 1))
    (1): ReLU()
    (2): MaxPool2d(kernel_size=(2, 2), stride=2, padding=0, dilation=1, ceil_mode=False)
    (3): Conv2d(6, 16, kernel_size=(5, 5), stride=(1, 1))
    (4): ReLU()
    (5): MaxPool2d(kernel_size=(2, 2), stride=2, padding=0, dilation=1, ceil_mode=False)
    (6): Conv2d(16, 120, kernel_size=(5, 5), stride=(1, 1))
    (7): ReLU()
    (8): Conv2d(120, 240, kernel_size=(5, 5), stride=(1, 1))
    (9): ReLU()
  )
  (fc): Sequential(
    (0): Linear(in_features=240, out_features=84, bias=True)
    (1): ReLU()
    (2): Linear(in_features=84, out_features=10, bias=True)
  )
)
2018-09-19 15:41:17,658:INFO: ### Optimizer ###
Adam (
Parameter Group 0
    amsgrad: False
    betas: (0.9, 0.999)
    eps: 1e-08
    lr: 0.0005
    weight_decay: 0
)
2018-09-19 15:41:17,658:INFO: ### HParams ###
n_epochs: 1 ; data: ferplus ; label: ferplus_votes ; batch_size: 24 ; lr: 0.0005 ; wd: 0 ; init: kaiming_he ; eval_steps: 1190
2018-09-19 15:41:17,825:INFO: [TRAIN] Step: 0 ; Loss: 37.972 ; Acc: 12.500
2018-09-19 15:41:17,899:INFO: [TRAIN] Step: 1 ; Loss: 34.294 ; Acc: 25.000
2018-09-19 15:41:17,978:INFO: [TRAIN] Step: 2 ; Loss: 38.608 ; Acc: 22.222
2018-09-19 15:41:18,076:INFO: [TRAIN] Step: 3 ; Loss: 38.048 ; Acc: 26.042
2018-09-19 15:41:18,148:INFO: [TRAIN] Step: 4 ; Loss: 36.235 ; Acc: 24.167
2018-09-19 15:41:18,227:INFO: [TRAIN] Step: 5 ; Loss: 29.826 ; Acc: 25.000
2018-09-19 15:41:18,306:INFO: [TRAIN] Step: 6 ; Loss: 34.699 ; Acc: 25.595
2018-09-19 15:41:18,383:INFO: [TRAIN] Step: 7 ; Loss: 33.032 ; Acc: 25.000
2018-09-19 15:41:18,453:INFO: [TRAIN] Step: 8 ; Loss: 34.506 ; Acc: 24.074
2018-09-19 15:41:18,530:INFO: [TRAIN] Step: 9 ; Loss: 29.543 ; Acc: 25.000
2018-09-19 15:41:18,602:INFO: [TRAIN] Step: 10 ; Loss: 30.777 ; Acc: 26.515
2018-09-19 15:41:18,678:INFO: [TRAIN] Step: 11 ; Loss: 36.324 ; Acc: 28.125
2018-09-19 15:41:18,756:INFO: [TRAIN] Step: 12 ; Loss: 31.611 ; Acc: 27.564
2018-09-19 15:41:18,835:INFO: [TRAIN] Step: 13 ; Loss: 29.553 ; Acc: 26.786
2018-09-19 15:41:18,908:INFO: [TRAIN] Step: 14 ; Loss: 27.338 ; Acc: 28.333
2018-09-19 15:41:18,989:INFO: [TRAIN] Step: 15 ; Loss: 26.851 ; Acc: 28.646
2018-09-19 15:41:19,060:INFO: [TRAIN] Step: 16 ; Loss: 29.374 ; Acc: 28.676
2018-09-19 15:41:19,138:INFO: [TRAIN] Step: 17 ; Loss: 25.689 ; Acc: 29.398
2018-09-19 15:41:19,215:INFO: [TRAIN] Step: 18 ; Loss: 30.473 ; Acc: 29.605
2018-09-19 15:41:19,297:INFO: [TRAIN] Step: 19 ; Loss: 28.731 ; Acc: 29.583
2018-09-19 15:41:19,378:INFO: [TRAIN] Step: 20 ; Loss: 30.493 ; Acc: 29.762
2018-09-19 15:41:19,457:INFO: [TRAIN] Step: 21 ; Loss: 28.713 ; Acc: 30.114
2018-09-19 15:41:19,529:INFO: [TRAIN] Step: 22 ; Loss: 29.742 ; Acc: 29.891
2018-09-19 15:41:19,604:INFO: [TRAIN] Step: 23 ; Loss: 25.388 ; Acc: 29.861
2018-09-19 15:41:19,676:INFO: [TRAIN] Step: 24 ; Loss: 27.495 ; Acc: 29.500
2018-09-19 15:41:19,756:INFO: [TRAIN] Step: 25 ; Loss: 29.624 ; Acc: 29.968
2018-09-19 15:41:19,828:INFO: [TRAIN] Step: 26 ; Loss: 26.842 ; Acc: 29.938
2018-09-19 15:41:19,905:INFO: [TRAIN] Step: 27 ; Loss: 33.710 ; Acc: 29.464
2018-09-19 15:41:19,976:INFO: [TRAIN] Step: 28 ; Loss: 26.604 ; Acc: 29.741
2018-09-19 15:41:20,050:INFO: [TRAIN] Step: 29 ; Loss: 27.043 ; Acc: 30.694
2018-09-19 15:41:20,122:INFO: [TRAIN] Step: 30 ; Loss: 26.240 ; Acc: 31.048
2018-09-19 15:41:20,199:INFO: [TRAIN] Step: 31 ; Loss: 26.115 ; Acc: 31.641
2018-09-19 15:41:20,272:INFO: [TRAIN] Step: 32 ; Loss: 32.308 ; Acc: 31.187
2018-09-19 15:41:20,350:INFO: [TRAIN] Step: 33 ; Loss: 29.249 ; Acc: 31.618
2018-09-19 15:41:20,428:INFO: [TRAIN] Step: 34 ; Loss: 25.752 ; Acc: 32.024
2018-09-19 15:41:20,513:INFO: [TRAIN] Step: 35 ; Loss: 24.617 ; Acc: 32.639
2018-09-19 15:41:20,592:INFO: [TRAIN] Step: 36 ; Loss: 24.984 ; Acc: 32.995
2018-09-19 15:41:20,669:INFO: [TRAIN] Step: 37 ; Loss: 28.449 ; Acc: 33.114
2018-09-19 15:41:20,741:INFO: [TRAIN] Step: 38 ; Loss: 30.165 ; Acc: 33.226
2018-09-19 15:41:20,826:INFO: [TRAIN] Step: 39 ; Loss: 30.187 ; Acc: 33.333
2018-09-19 15:41:20,896:INFO: [TRAIN] Step: 40 ; Loss: 28.392 ; Acc: 33.333
2018-09-19 15:41:20,972:INFO: [TRAIN] Step: 41 ; Loss: 29.018 ; Acc: 33.532
2018-09-19 15:41:21,059:INFO: [TRAIN] Step: 42 ; Loss: 25.718 ; Acc: 34.012
2018-09-19 15:41:21,151:INFO: [TRAIN] Step: 43 ; Loss: 28.111 ; Acc: 34.375
2018-09-19 15:41:21,230:INFO: [TRAIN] Step: 44 ; Loss: 26.548 ; Acc: 35.093
2018-09-19 15:41:21,315:INFO: [TRAIN] Step: 45 ; Loss: 27.475 ; Acc: 34.873
2018-09-19 15:41:21,394:INFO: [TRAIN] Step: 46 ; Loss: 24.716 ; Acc: 35.372
2018-09-19 15:41:21,473:INFO: [TRAIN] Step: 47 ; Loss: 26.105 ; Acc: 35.590
2018-09-19 15:41:21,548:INFO: [TRAIN] Step: 48 ; Loss: 26.770 ; Acc: 35.884
2018-09-19 15:41:21,631:INFO: [TRAIN] Step: 49 ; Loss: 24.363 ; Acc: 36.167
2018-09-19 15:41:21,707:INFO: [TRAIN] Step: 50 ; Loss: 21.768 ; Acc: 36.275
2018-09-19 15:41:21,785:INFO: [TRAIN] Step: 51 ; Loss: 30.124 ; Acc: 36.218
2018-09-19 15:41:21,861:INFO: [TRAIN] Step: 52 ; Loss: 25.767 ; Acc: 36.557
2018-09-19 15:41:21,941:INFO: [TRAIN] Step: 53 ; Loss: 27.675 ; Acc: 36.420
2018-09-19 15:41:22,018:INFO: [TRAIN] Step: 54 ; Loss: 22.790 ; Acc: 36.818
2018-09-19 15:41:22,099:INFO: [TRAIN] Step: 55 ; Loss: 27.700 ; Acc: 36.756
2018-09-19 15:41:22,173:INFO: [TRAIN] Step: 56 ; Loss: 32.159 ; Acc: 36.915
2018-09-19 15:41:22,253:INFO: [TRAIN] Step: 57 ; Loss: 25.878 ; Acc: 37.069
2018-09-19 15:41:22,329:INFO: [TRAIN] Step: 58 ; Loss: 28.656 ; Acc: 37.076
2018-09-19 15:41:22,409:INFO: [TRAIN] Step: 59 ; Loss: 29.744 ; Acc: 37.153
2018-09-19 15:41:22,485:INFO: [TRAIN] Step: 60 ; Loss: 26.832 ; Acc: 37.227
2018-09-19 15:41:22,566:INFO: [TRAIN] Step: 61 ; Loss: 27.551 ; Acc: 37.500
2018-09-19 15:41:22,643:INFO: [TRAIN] Step: 62 ; Loss: 29.047 ; Acc: 37.500
2018-09-19 15:41:22,720:INFO: [TRAIN] Step: 63 ; Loss: 25.603 ; Acc: 37.630
2018-09-19 15:41:22,801:INFO: [TRAIN] Step: 64 ; Loss: 25.815 ; Acc: 37.564
2018-09-19 15:41:22,885:INFO: [TRAIN] Step: 65 ; Loss: 26.351 ; Acc: 37.626
2018-09-19 15:41:22,964:INFO: [TRAIN] Step: 66 ; Loss: 25.322 ; Acc: 37.935
2018-09-19 15:41:23,040:INFO: [TRAIN] Step: 67 ; Loss: 27.437 ; Acc: 38.051
2018-09-19 15:41:23,111:INFO: [TRAIN] Step: 68 ; Loss: 30.332 ; Acc: 38.043
2018-09-19 15:41:23,192:INFO: [TRAIN] Step: 69 ; Loss: 28.010 ; Acc: 38.036
2018-09-19 15:41:23,264:INFO: [TRAIN] Step: 70 ; Loss: 26.573 ; Acc: 38.322
2018-09-19 15:41:23,340:INFO: [TRAIN] Step: 71 ; Loss: 24.760 ; Acc: 38.310
2018-09-19 15:41:23,412:INFO: [TRAIN] Step: 72 ; Loss: 32.218 ; Acc: 38.128
2018-09-19 15:41:23,492:INFO: [TRAIN] Step: 73 ; Loss: 30.160 ; Acc: 38.063
2018-09-19 15:41:23,563:INFO: [TRAIN] Step: 74 ; Loss: 27.388 ; Acc: 38.111
2018-09-19 15:41:23,640:INFO: [TRAIN] Step: 75 ; Loss: 27.796 ; Acc: 38.213
2018-09-19 15:41:23,715:INFO: [TRAIN] Step: 76 ; Loss: 24.399 ; Acc: 38.312
2018-09-19 15:41:23,796:INFO: [TRAIN] Step: 77 ; Loss: 24.610 ; Acc: 38.408
2018-09-19 15:41:23,867:INFO: [TRAIN] Step: 78 ; Loss: 24.359 ; Acc: 38.502
2018-09-19 15:41:23,944:INFO: [TRAIN] Step: 79 ; Loss: 24.031 ; Acc: 38.802
2018-09-19 15:41:24,015:INFO: [TRAIN] Step: 80 ; Loss: 20.603 ; Acc: 38.940
2018-09-19 15:41:24,090:INFO: [TRAIN] Step: 81 ; Loss: 30.165 ; Acc: 38.770
2018-09-19 15:41:24,161:INFO: [TRAIN] Step: 82 ; Loss: 26.933 ; Acc: 39.006
2018-09-19 15:41:24,237:INFO: [TRAIN] Step: 83 ; Loss: 30.882 ; Acc: 38.988
2018-09-19 15:41:24,320:INFO: [TRAIN] Step: 84 ; Loss: 23.966 ; Acc: 39.118
2018-09-19 15:41:24,402:INFO: [TRAIN] Step: 85 ; Loss: 23.533 ; Acc: 39.244
2018-09-19 15:41:24,474:INFO: [TRAIN] Step: 86 ; Loss: 27.650 ; Acc: 39.176
2018-09-19 15:41:24,555:INFO: [TRAIN] Step: 87 ; Loss: 26.372 ; Acc: 39.110
2018-09-19 15:41:24,628:INFO: [TRAIN] Step: 88 ; Loss: 27.472 ; Acc: 39.232
2018-09-19 15:41:24,709:INFO: [TRAIN] Step: 89 ; Loss: 28.583 ; Acc: 39.213
2018-09-19 15:41:24,783:INFO: [TRAIN] Step: 90 ; Loss: 27.279 ; Acc: 39.377
2018-09-19 15:41:24,864:INFO: [TRAIN] Step: 91 ; Loss: 24.600 ; Acc: 39.629
2018-09-19 15:41:24,937:INFO: [TRAIN] Step: 92 ; Loss: 28.078 ; Acc: 39.695
2018-09-19 15:41:25,017:INFO: [TRAIN] Step: 93 ; Loss: 26.245 ; Acc: 39.805
2018-09-19 15:41:25,088:INFO: [TRAIN] Step: 94 ; Loss: 24.909 ; Acc: 39.912
2018-09-19 15:41:25,169:INFO: [TRAIN] Step: 95 ; Loss: 31.228 ; Acc: 39.974
2018-09-19 15:41:25,242:INFO: [TRAIN] Step: 96 ; Loss: 24.503 ; Acc: 40.163
2018-09-19 15:41:25,329:INFO: [TRAIN] Step: 97 ; Loss: 21.051 ; Acc: 40.434
2018-09-19 15:41:25,401:INFO: [TRAIN] Step: 98 ; Loss: 24.157 ; Acc: 40.699
2018-09-19 15:41:25,478:INFO: [TRAIN] Step: 99 ; Loss: 23.603 ; Acc: 40.792
2018-09-19 15:41:25,555:INFO: [TRAIN] Step: 100 ; Loss: 24.460 ; Acc: 40.883
2018-09-19 15:41:25,631:INFO: [TRAIN] Step: 101 ; Loss: 23.447 ; Acc: 41.054
2018-09-19 15:41:25,701:INFO: [TRAIN] Step: 102 ; Loss: 26.838 ; Acc: 40.979
2018-09-19 15:41:25,780:INFO: [TRAIN] Step: 103 ; Loss: 23.519 ; Acc: 41.066
2018-09-19 15:41:25,850:INFO: [TRAIN] Step: 104 ; Loss: 27.036 ; Acc: 41.111
2018-09-19 15:41:25,928:INFO: [TRAIN] Step: 105 ; Loss: 33.881 ; Acc: 40.959
2018-09-19 15:41:26,000:INFO: [TRAIN] Step: 106 ; Loss: 24.642 ; Acc: 41.121
2018-09-19 15:41:26,078:INFO: [TRAIN] Step: 107 ; Loss: 21.905 ; Acc: 41.242
2018-09-19 15:41:26,148:INFO: [TRAIN] Step: 108 ; Loss: 23.117 ; Acc: 41.323
2018-09-19 15:41:26,226:INFO: [TRAIN] Step: 109 ; Loss: 26.943 ; Acc: 41.326
2018-09-19 15:41:26,296:INFO: [TRAIN] Step: 110 ; Loss: 26.766 ; Acc: 41.404
2018-09-19 15:41:26,373:INFO: [TRAIN] Step: 111 ; Loss: 26.824 ; Acc: 41.555
2018-09-19 15:41:26,443:INFO: [TRAIN] Step: 112 ; Loss: 29.296 ; Acc: 41.372
2018-09-19 15:41:26,520:INFO: [TRAIN] Step: 113 ; Loss: 23.765 ; Acc: 41.374
2018-09-19 15:41:26,597:INFO: [TRAIN] Step: 114 ; Loss: 31.245 ; Acc: 41.304
2018-09-19 15:41:26,674:INFO: [TRAIN] Step: 115 ; Loss: 30.107 ; Acc: 41.307
2018-09-19 15:41:26,746:INFO: [TRAIN] Step: 116 ; Loss: 22.148 ; Acc: 41.417
2018-09-19 15:41:26,823:INFO: [TRAIN] Step: 117 ; Loss: 26.947 ; Acc: 41.314
2018-09-19 15:41:26,893:INFO: [TRAIN] Step: 118 ; Loss: 22.185 ; Acc: 41.457
2018-09-19 15:41:26,971:INFO: [TRAIN] Step: 119 ; Loss: 25.617 ; Acc: 41.632
2018-09-19 15:41:27,042:INFO: [TRAIN] Step: 120 ; Loss: 23.624 ; Acc: 41.736
2018-09-19 15:41:27,123:INFO: [TRAIN] Step: 121 ; Loss: 27.677 ; Acc: 41.701
2018-09-19 15:41:27,195:INFO: [TRAIN] Step: 122 ; Loss: 30.679 ; Acc: 41.633
2018-09-19 15:41:27,272:INFO: [TRAIN] Step: 123 ; Loss: 26.061 ; Acc: 41.734
2018-09-19 15:41:27,347:INFO: [TRAIN] Step: 124 ; Loss: 25.864 ; Acc: 41.800
2018-09-19 15:41:27,434:INFO: [TRAIN] Step: 125 ; Loss: 27.622 ; Acc: 41.733
2018-09-19 15:41:27,507:INFO: [TRAIN] Step: 126 ; Loss: 29.703 ; Acc: 41.765
2018-09-19 15:41:27,583:INFO: [TRAIN] Step: 127 ; Loss: 27.015 ; Acc: 41.829
2018-09-19 15:41:27,663:INFO: [TRAIN] Step: 128 ; Loss: 25.839 ; Acc: 41.731
2018-09-19 15:41:27,742:INFO: [TRAIN] Step: 129 ; Loss: 29.233 ; Acc: 41.699
2018-09-19 15:41:27,817:INFO: [TRAIN] Step: 130 ; Loss: 21.717 ; Acc: 41.730
2018-09-19 15:41:27,892:INFO: [TRAIN] Step: 131 ; Loss: 22.247 ; Acc: 41.730
2018-09-19 15:41:27,965:INFO: [TRAIN] Step: 132 ; Loss: 27.140 ; Acc: 41.761
2018-09-19 15:41:28,046:INFO: [TRAIN] Step: 133 ; Loss: 26.807 ; Acc: 41.760
2018-09-19 15:41:28,119:INFO: [TRAIN] Step: 134 ; Loss: 24.254 ; Acc: 41.821
2018-09-19 15:41:28,195:INFO: [TRAIN] Step: 135 ; Loss: 28.080 ; Acc: 41.850
2018-09-19 15:41:28,274:INFO: [TRAIN] Step: 136 ; Loss: 24.220 ; Acc: 41.910
2018-09-19 15:41:28,352:INFO: [TRAIN] Step: 137 ; Loss: 25.983 ; Acc: 41.878
2018-09-19 15:41:28,425:INFO: [TRAIN] Step: 138 ; Loss: 25.112 ; Acc: 41.936
2018-09-19 15:41:28,503:INFO: [TRAIN] Step: 139 ; Loss: 27.117 ; Acc: 41.964
2018-09-19 15:41:28,576:INFO: [TRAIN] Step: 140 ; Loss: 26.261 ; Acc: 42.021
2018-09-19 15:41:28,654:INFO: [TRAIN] Step: 141 ; Loss: 21.714 ; Acc: 42.107
2018-09-19 15:41:28,728:INFO: [TRAIN] Step: 142 ; Loss: 25.111 ; Acc: 42.133
2018-09-19 15:41:28,807:INFO: [TRAIN] Step: 143 ; Loss: 26.049 ; Acc: 42.216
2018-09-19 15:41:28,878:INFO: [TRAIN] Step: 144 ; Loss: 23.809 ; Acc: 42.270
2018-09-19 15:41:28,955:INFO: [TRAIN] Step: 145 ; Loss: 23.487 ; Acc: 42.352
2018-09-19 15:41:29,025:INFO: [TRAIN] Step: 146 ; Loss: 23.048 ; Acc: 42.489
2018-09-19 15:41:29,102:INFO: [TRAIN] Step: 147 ; Loss: 27.228 ; Acc: 42.511
2018-09-19 15:41:29,179:INFO: [TRAIN] Step: 148 ; Loss: 22.615 ; Acc: 42.645
2018-09-19 15:41:29,255:INFO: [TRAIN] Step: 149 ; Loss: 26.787 ; Acc: 42.611
2018-09-19 15:41:29,331:INFO: [TRAIN] Step: 150 ; Loss: 28.983 ; Acc: 42.660
2018-09-19 15:41:29,408:INFO: [TRAIN] Step: 151 ; Loss: 27.473 ; Acc: 42.626
2018-09-19 15:41:29,479:INFO: [TRAIN] Step: 152 ; Loss: 27.878 ; Acc: 42.674
2018-09-19 15:41:29,556:INFO: [TRAIN] Step: 153 ; Loss: 26.005 ; Acc: 42.749
2018-09-19 15:41:29,630:INFO: [TRAIN] Step: 154 ; Loss: 20.654 ; Acc: 42.849
2018-09-19 15:41:29,709:INFO: [TRAIN] Step: 155 ; Loss: 27.369 ; Acc: 42.815
2018-09-19 15:41:29,780:INFO: [TRAIN] Step: 156 ; Loss: 22.814 ; Acc: 42.941
2018-09-19 15:41:29,863:INFO: [TRAIN] Step: 157 ; Loss: 24.147 ; Acc: 42.932
2018-09-19 15:41:29,935:INFO: [TRAIN] Step: 158 ; Loss: 23.734 ; Acc: 43.082
2018-09-19 15:41:30,013:INFO: [TRAIN] Step: 159 ; Loss: 23.446 ; Acc: 43.229
2018-09-19 15:41:30,085:INFO: [TRAIN] Step: 160 ; Loss: 21.866 ; Acc: 43.323
2018-09-19 15:41:30,162:INFO: [TRAIN] Step: 161 ; Loss: 27.268 ; Acc: 43.416
2018-09-19 15:41:30,233:INFO: [TRAIN] Step: 162 ; Loss: 22.545 ; Acc: 43.507
2018-09-19 15:41:30,310:INFO: [TRAIN] Step: 163 ; Loss: 29.562 ; Acc: 43.547
2018-09-19 15:41:30,382:INFO: [TRAIN] Step: 164 ; Loss: 25.971 ; Acc: 43.586
2018-09-19 15:41:30,462:INFO: [TRAIN] Step: 165 ; Loss: 28.457 ; Acc: 43.549
2018-09-19 15:41:30,534:INFO: [TRAIN] Step: 166 ; Loss: 26.262 ; Acc: 43.613
2018-09-19 15:41:30,612:INFO: [TRAIN] Step: 167 ; Loss: 23.378 ; Acc: 43.576
2018-09-19 15:41:30,689:INFO: [TRAIN] Step: 168 ; Loss: 26.095 ; Acc: 43.590
2018-09-19 15:41:30,771:INFO: [TRAIN] Step: 169 ; Loss: 22.542 ; Acc: 43.701
2018-09-19 15:41:30,844:INFO: [TRAIN] Step: 170 ; Loss: 23.335 ; Acc: 43.713
2018-09-19 15:41:30,924:INFO: [TRAIN] Step: 171 ; Loss: 20.805 ; Acc: 43.798
2018-09-19 15:41:30,994:INFO: [TRAIN] Step: 172 ; Loss: 20.102 ; Acc: 43.882
2018-09-19 15:41:31,071:INFO: [TRAIN] Step: 173 ; Loss: 24.491 ; Acc: 43.846
2018-09-19 15:41:31,143:INFO: [TRAIN] Step: 174 ; Loss: 21.062 ; Acc: 43.881
2018-09-19 15:41:31,219:INFO: [TRAIN] Step: 175 ; Loss: 24.086 ; Acc: 43.916
2018-09-19 15:41:31,293:INFO: [TRAIN] Step: 176 ; Loss: 25.632 ; Acc: 43.950
2018-09-19 15:41:31,369:INFO: [TRAIN] Step: 177 ; Loss: 29.654 ; Acc: 43.914
2018-09-19 15:41:31,445:INFO: [TRAIN] Step: 178 ; Loss: 25.506 ; Acc: 43.878
2018-09-19 15:41:31,531:INFO: [TRAIN] Step: 179 ; Loss: 22.805 ; Acc: 43.912
2018-09-19 15:41:31,601:INFO: [TRAIN] Step: 180 ; Loss: 23.297 ; Acc: 43.992
2018-09-19 15:41:31,679:INFO: [TRAIN] Step: 181 ; Loss: 21.449 ; Acc: 44.139
2018-09-19 15:41:31,755:INFO: [TRAIN] Step: 182 ; Loss: 22.200 ; Acc: 44.171
2018-09-19 15:41:31,833:INFO: [TRAIN] Step: 183 ; Loss: 27.554 ; Acc: 44.226
2018-09-19 15:41:31,904:INFO: [TRAIN] Step: 184 ; Loss: 24.921 ; Acc: 44.279
2018-09-19 15:41:31,981:INFO: [TRAIN] Step: 185 ; Loss: 23.161 ; Acc: 44.288
2018-09-19 15:41:32,058:INFO: [TRAIN] Step: 186 ; Loss: 23.903 ; Acc: 44.340
2018-09-19 15:41:32,136:INFO: [TRAIN] Step: 187 ; Loss: 22.097 ; Acc: 44.371
2018-09-19 15:41:32,209:INFO: [TRAIN] Step: 188 ; Loss: 23.767 ; Acc: 44.400
2018-09-19 15:41:32,284:INFO: [TRAIN] Step: 189 ; Loss: 21.940 ; Acc: 44.474
2018-09-19 15:41:32,356:INFO: [TRAIN] Step: 190 ; Loss: 22.020 ; Acc: 44.590
2018-09-19 15:41:32,443:INFO: [TRAIN] Step: 191 ; Loss: 22.383 ; Acc: 44.596
2018-09-19 15:41:32,516:INFO: [TRAIN] Step: 192 ; Loss: 21.933 ; Acc: 44.668
2018-09-19 15:41:32,592:INFO: [TRAIN] Step: 193 ; Loss: 19.296 ; Acc: 44.845
2018-09-19 15:41:32,662:INFO: [TRAIN] Step: 194 ; Loss: 29.207 ; Acc: 44.850
2018-09-19 15:41:32,739:INFO: [TRAIN] Step: 195 ; Loss: 15.463 ; Acc: 44.940
2018-09-19 15:41:32,818:INFO: [TRAIN] Step: 196 ; Loss: 21.372 ; Acc: 45.008
2018-09-19 15:41:32,900:INFO: [TRAIN] Step: 197 ; Loss: 19.305 ; Acc: 45.097
2018-09-19 15:41:32,977:INFO: [TRAIN] Step: 198 ; Loss: 25.866 ; Acc: 45.080
2018-09-19 15:41:33,058:INFO: [TRAIN] Step: 199 ; Loss: 26.436 ; Acc: 45.042
2018-09-19 15:41:33,138:INFO: [TRAIN] Step: 200 ; Loss: 27.188 ; Acc: 45.025
2018-09-19 15:41:33,220:INFO: [TRAIN] Step: 201 ; Loss: 21.784 ; Acc: 45.111
2018-09-19 15:41:33,296:INFO: [TRAIN] Step: 202 ; Loss: 22.570 ; Acc: 45.156
2018-09-19 15:41:33,376:INFO: [TRAIN] Step: 203 ; Loss: 22.425 ; Acc: 45.159
2018-09-19 15:41:33,445:INFO: [TRAIN] Step: 204 ; Loss: 29.962 ; Acc: 45.142
2018-09-19 15:41:33,527:INFO: [TRAIN] Step: 205 ; Loss: 23.172 ; Acc: 45.206
2018-09-19 15:41:33,601:INFO: [TRAIN] Step: 206 ; Loss: 21.203 ; Acc: 45.290
2018-09-19 15:41:33,682:INFO: [TRAIN] Step: 207 ; Loss: 20.126 ; Acc: 45.373
2018-09-19 15:41:33,757:INFO: [TRAIN] Step: 208 ; Loss: 21.362 ; Acc: 45.455
2018-09-19 15:41:33,837:INFO: [TRAIN] Step: 209 ; Loss: 24.543 ; Acc: 45.437
2018-09-19 15:41:33,909:INFO: [TRAIN] Step: 210 ; Loss: 18.308 ; Acc: 45.517
2018-09-19 15:41:33,989:INFO: [TRAIN] Step: 211 ; Loss: 24.717 ; Acc: 45.519
2018-09-19 15:41:34,062:INFO: [TRAIN] Step: 212 ; Loss: 26.736 ; Acc: 45.481
2018-09-19 15:41:34,146:INFO: [TRAIN] Step: 213 ; Loss: 25.004 ; Acc: 45.483
2018-09-19 15:41:34,216:INFO: [TRAIN] Step: 214 ; Loss: 19.787 ; Acc: 45.581
2018-09-19 15:41:34,296:INFO: [TRAIN] Step: 215 ; Loss: 22.557 ; Acc: 45.640
2018-09-19 15:41:34,374:INFO: [TRAIN] Step: 216 ; Loss: 18.684 ; Acc: 45.757
2018-09-19 15:41:34,453:INFO: [TRAIN] Step: 217 ; Loss: 23.618 ; Acc: 45.719
2018-09-19 15:41:34,526:INFO: [TRAIN] Step: 218 ; Loss: 24.241 ; Acc: 45.776
2018-09-19 15:41:34,603:INFO: [TRAIN] Step: 219 ; Loss: 27.336 ; Acc: 45.833
2018-09-19 15:41:34,676:INFO: [TRAIN] Step: 220 ; Loss: 24.943 ; Acc: 45.833
2018-09-19 15:41:34,752:INFO: [TRAIN] Step: 221 ; Loss: 26.709 ; Acc: 45.777
2018-09-19 15:41:34,842:INFO: [TRAIN] Step: 222 ; Loss: 20.858 ; Acc: 45.871
2018-09-19 15:41:34,930:INFO: [TRAIN] Step: 223 ; Loss: 28.913 ; Acc: 45.833
2018-09-19 15:41:35,005:INFO: [TRAIN] Step: 224 ; Loss: 20.555 ; Acc: 45.889
2018-09-19 15:41:35,086:INFO: [TRAIN] Step: 225 ; Loss: 25.669 ; Acc: 45.907
2018-09-19 15:41:35,159:INFO: [TRAIN] Step: 226 ; Loss: 26.322 ; Acc: 45.907
2018-09-19 15:41:35,243:INFO: [TRAIN] Step: 227 ; Loss: 23.506 ; Acc: 45.961
2018-09-19 15:41:35,319:INFO: [TRAIN] Step: 228 ; Loss: 25.570 ; Acc: 45.979
2018-09-19 15:41:35,402:INFO: [TRAIN] Step: 229 ; Loss: 21.417 ; Acc: 45.996
2018-09-19 15:41:35,475:INFO: [TRAIN] Step: 230 ; Loss: 23.408 ; Acc: 45.996
2018-09-19 15:41:35,558:INFO: [TRAIN] Step: 231 ; Loss: 23.525 ; Acc: 46.067
2018-09-19 15:41:35,633:INFO: [TRAIN] Step: 232 ; Loss: 21.058 ; Acc: 46.102
2018-09-19 15:41:35,710:INFO: [TRAIN] Step: 233 ; Loss: 25.681 ; Acc: 46.118
2018-09-19 15:41:35,788:INFO: [TRAIN] Step: 234 ; Loss: 23.741 ; Acc: 46.188
2018-09-19 15:41:35,871:INFO: [TRAIN] Step: 235 ; Loss: 28.426 ; Acc: 46.151
2018-09-19 15:41:35,941:INFO: [TRAIN] Step: 236 ; Loss: 21.381 ; Acc: 46.167
2018-09-19 15:41:36,020:INFO: [TRAIN] Step: 237 ; Loss: 23.335 ; Acc: 46.166
2018-09-19 15:41:36,091:INFO: [TRAIN] Step: 238 ; Loss: 19.852 ; Acc: 46.252
2018-09-19 15:41:36,168:INFO: [TRAIN] Step: 239 ; Loss: 22.989 ; Acc: 46.302
2018-09-19 15:41:36,238:INFO: [TRAIN] Step: 240 ; Loss: 20.820 ; Acc: 46.369
2018-09-19 15:41:36,316:INFO: [TRAIN] Step: 241 ; Loss: 21.235 ; Acc: 46.419
2018-09-19 15:41:36,390:INFO: [TRAIN] Step: 242 ; Loss: 21.921 ; Acc: 46.433
2018-09-19 15:41:36,467:INFO: [TRAIN] Step: 243 ; Loss: 21.144 ; Acc: 46.448
2018-09-19 15:41:36,540:INFO: [TRAIN] Step: 244 ; Loss: 23.133 ; Acc: 46.446
2018-09-19 15:41:36,617:INFO: [TRAIN] Step: 245 ; Loss: 18.004 ; Acc: 46.545
2018-09-19 15:41:36,690:INFO: [TRAIN] Step: 246 ; Loss: 17.555 ; Acc: 46.609
2018-09-19 15:41:36,767:INFO: [TRAIN] Step: 247 ; Loss: 22.208 ; Acc: 46.623
2018-09-19 15:41:36,836:INFO: [TRAIN] Step: 248 ; Loss: 22.258 ; Acc: 46.637
2018-09-19 15:41:36,914:INFO: [TRAIN] Step: 249 ; Loss: 22.314 ; Acc: 46.683
2018-09-19 15:41:36,985:INFO: [TRAIN] Step: 250 ; Loss: 16.872 ; Acc: 46.813
2018-09-19 15:41:37,062:INFO: [TRAIN] Step: 251 ; Loss: 21.906 ; Acc: 46.842
2018-09-19 15:41:37,134:INFO: [TRAIN] Step: 252 ; Loss: 21.866 ; Acc: 46.887
2018-09-19 15:41:37,212:INFO: [TRAIN] Step: 253 ; Loss: 24.775 ; Acc: 46.867
2018-09-19 15:41:37,282:INFO: [TRAIN] Step: 254 ; Loss: 21.738 ; Acc: 46.895
2018-09-19 15:41:37,358:INFO: [TRAIN] Step: 255 ; Loss: 22.977 ; Acc: 46.924
2018-09-19 15:41:37,431:INFO: [TRAIN] Step: 256 ; Loss: 21.850 ; Acc: 46.968
2018-09-19 15:41:37,517:INFO: [TRAIN] Step: 257 ; Loss: 24.164 ; Acc: 46.996
2018-09-19 15:41:37,590:INFO: [TRAIN] Step: 258 ; Loss: 21.472 ; Acc: 47.056
2018-09-19 15:41:37,667:INFO: [TRAIN] Step: 259 ; Loss: 22.296 ; Acc: 47.099
2018-09-19 15:41:37,738:INFO: [TRAIN] Step: 260 ; Loss: 18.262 ; Acc: 47.158
2018-09-19 15:41:37,820:INFO: [TRAIN] Step: 261 ; Loss: 22.065 ; Acc: 47.137
2018-09-19 15:41:37,897:INFO: [TRAIN] Step: 262 ; Loss: 30.089 ; Acc: 47.132
2018-09-19 15:41:37,973:INFO: [TRAIN] Step: 263 ; Loss: 19.503 ; Acc: 47.254
2018-09-19 15:41:38,043:INFO: [TRAIN] Step: 264 ; Loss: 19.702 ; Acc: 47.311
2018-09-19 15:41:38,119:INFO: [TRAIN] Step: 265 ; Loss: 24.519 ; Acc: 47.321
2018-09-19 15:41:38,188:INFO: [TRAIN] Step: 266 ; Loss: 22.255 ; Acc: 47.347
2018-09-19 15:41:38,265:INFO: [TRAIN] Step: 267 ; Loss: 24.177 ; Acc: 47.435
2018-09-19 15:41:38,338:INFO: [TRAIN] Step: 268 ; Loss: 22.594 ; Acc: 47.460
2018-09-19 15:41:38,417:INFO: [TRAIN] Step: 269 ; Loss: 23.341 ; Acc: 47.500
2018-09-19 15:41:38,495:INFO: [TRAIN] Step: 270 ; Loss: 22.048 ; Acc: 47.525
2018-09-19 15:41:38,571:INFO: [TRAIN] Step: 271 ; Loss: 22.450 ; Acc: 47.580
2018-09-19 15:41:38,643:INFO: [TRAIN] Step: 272 ; Loss: 17.418 ; Acc: 47.695
2018-09-19 15:41:38,718:INFO: [TRAIN] Step: 273 ; Loss: 23.933 ; Acc: 47.704
2018-09-19 15:41:38,791:INFO: [TRAIN] Step: 274 ; Loss: 19.984 ; Acc: 47.788
2018-09-19 15:41:38,873:INFO: [TRAIN] Step: 275 ; Loss: 29.508 ; Acc: 47.720
2018-09-19 15:41:38,946:INFO: [TRAIN] Step: 276 ; Loss: 20.016 ; Acc: 47.759
2018-09-19 15:41:39,028:INFO: [TRAIN] Step: 277 ; Loss: 21.206 ; Acc: 47.767
2018-09-19 15:41:39,106:INFO: [TRAIN] Step: 278 ; Loss: 21.534 ; Acc: 47.820
2018-09-19 15:41:39,184:INFO: [TRAIN] Step: 279 ; Loss: 22.143 ; Acc: 47.887
2018-09-19 15:41:39,255:INFO: [TRAIN] Step: 280 ; Loss: 24.264 ; Acc: 47.909
2018-09-19 15:41:39,335:INFO: [TRAIN] Step: 281 ; Loss: 23.735 ; Acc: 47.961
2018-09-19 15:41:39,409:INFO: [TRAIN] Step: 282 ; Loss: 22.006 ; Acc: 48.042
2018-09-19 15:41:39,487:INFO: [TRAIN] Step: 283 ; Loss: 19.822 ; Acc: 48.107
2018-09-19 15:41:39,562:INFO: [TRAIN] Step: 284 ; Loss: 23.501 ; Acc: 48.158
2018-09-19 15:41:39,642:INFO: [TRAIN] Step: 285 ; Loss: 26.220 ; Acc: 48.150
2018-09-19 15:41:39,715:INFO: [TRAIN] Step: 286 ; Loss: 19.680 ; Acc: 48.243
2018-09-19 15:41:39,792:INFO: [TRAIN] Step: 287 ; Loss: 17.232 ; Acc: 48.307
2018-09-19 15:41:39,865:INFO: [TRAIN] Step: 288 ; Loss: 19.352 ; Acc: 48.342
2018-09-19 15:41:39,942:INFO: [TRAIN] Step: 289 ; Loss: 19.797 ; Acc: 48.420
2018-09-19 15:41:40,018:INFO: [TRAIN] Step: 290 ; Loss: 21.527 ; Acc: 48.411
2018-09-19 15:41:40,098:INFO: [TRAIN] Step: 291 ; Loss: 24.934 ; Acc: 48.416
2018-09-19 15:41:40,170:INFO: [TRAIN] Step: 292 ; Loss: 26.883 ; Acc: 48.407
2018-09-19 15:41:40,248:INFO: [TRAIN] Step: 293 ; Loss: 26.067 ; Acc: 48.384
2018-09-19 15:41:40,318:INFO: [TRAIN] Step: 294 ; Loss: 20.421 ; Acc: 48.404
2018-09-19 15:41:40,397:INFO: [TRAIN] Step: 295 ; Loss: 22.356 ; Acc: 48.353
2018-09-19 15:41:40,471:INFO: [TRAIN] Step: 296 ; Loss: 21.272 ; Acc: 48.359
2018-09-19 15:41:40,551:INFO: [TRAIN] Step: 297 ; Loss: 22.261 ; Acc: 48.406
2018-09-19 15:41:40,627:INFO: [TRAIN] Step: 298 ; Loss: 21.645 ; Acc: 48.425
2018-09-19 15:41:40,709:INFO: [TRAIN] Step: 299 ; Loss: 21.689 ; Acc: 48.458
2018-09-19 15:41:40,787:INFO: [TRAIN] Step: 300 ; Loss: 22.186 ; Acc: 48.408
2018-09-19 15:41:40,870:INFO: [TRAIN] Step: 301 ; Loss: 25.227 ; Acc: 48.400
2018-09-19 15:41:40,946:INFO: [TRAIN] Step: 302 ; Loss: 21.054 ; Acc: 48.432
2018-09-19 15:41:41,036:INFO: [TRAIN] Step: 303 ; Loss: 21.193 ; Acc: 48.438
2018-09-19 15:41:41,116:INFO: [TRAIN] Step: 304 ; Loss: 17.619 ; Acc: 48.484
2018-09-19 15:41:41,196:INFO: [TRAIN] Step: 305 ; Loss: 22.919 ; Acc: 48.448
2018-09-19 15:41:41,276:INFO: [TRAIN] Step: 306 ; Loss: 26.452 ; Acc: 48.426
2018-09-19 15:41:41,357:INFO: [TRAIN] Step: 307 ; Loss: 21.913 ; Acc: 48.444
2018-09-19 15:41:41,431:INFO: [TRAIN] Step: 308 ; Loss: 26.177 ; Acc: 48.409
2018-09-19 15:41:41,508:INFO: [TRAIN] Step: 309 ; Loss: 20.115 ; Acc: 48.414
2018-09-19 15:41:41,582:INFO: [TRAIN] Step: 310 ; Loss: 18.956 ; Acc: 48.486
2018-09-19 15:41:41,665:INFO: [TRAIN] Step: 311 ; Loss: 27.488 ; Acc: 48.478
2018-09-19 15:41:41,741:INFO: [TRAIN] Step: 312 ; Loss: 26.157 ; Acc: 48.522
2018-09-19 15:41:41,820:INFO: [TRAIN] Step: 313 ; Loss: 26.040 ; Acc: 48.527
2018-09-19 15:41:41,895:INFO: [TRAIN] Step: 314 ; Loss: 22.616 ; Acc: 48.545
2018-09-19 15:41:41,978:INFO: [TRAIN] Step: 315 ; Loss: 23.712 ; Acc: 48.563
2018-09-19 15:41:42,055:INFO: [TRAIN] Step: 316 ; Loss: 18.733 ; Acc: 48.620
2018-09-19 15:41:42,134:INFO: [TRAIN] Step: 317 ; Loss: 25.477 ; Acc: 48.624
2018-09-19 15:41:42,211:INFO: [TRAIN] Step: 318 ; Loss: 22.230 ; Acc: 48.589
2018-09-19 15:41:42,292:INFO: [TRAIN] Step: 319 ; Loss: 21.232 ; Acc: 48.620
2018-09-19 15:41:42,367:INFO: [TRAIN] Step: 320 ; Loss: 24.708 ; Acc: 48.637
2018-09-19 15:41:42,447:INFO: [TRAIN] Step: 321 ; Loss: 21.164 ; Acc: 48.693
2018-09-19 15:41:42,526:INFO: [TRAIN] Step: 322 ; Loss: 21.080 ; Acc: 48.736
2018-09-19 15:41:42,609:INFO: [TRAIN] Step: 323 ; Loss: 20.325 ; Acc: 48.753
2018-09-19 15:41:42,686:INFO: [TRAIN] Step: 324 ; Loss: 28.528 ; Acc: 48.718
2018-09-19 15:41:42,767:INFO: [TRAIN] Step: 325 ; Loss: 17.781 ; Acc: 48.786
2018-09-19 15:41:42,864:INFO: [TRAIN] Step: 326 ; Loss: 26.152 ; Acc: 48.777
2018-09-19 15:41:42,950:INFO: [TRAIN] Step: 327 ; Loss: 25.308 ; Acc: 48.768
2018-09-19 15:41:43,027:INFO: [TRAIN] Step: 328 ; Loss: 20.707 ; Acc: 48.797
2018-09-19 15:41:43,107:INFO: [TRAIN] Step: 329 ; Loss: 20.484 ; Acc: 48.851
2018-09-19 15:41:43,184:INFO: [TRAIN] Step: 330 ; Loss: 24.463 ; Acc: 48.842
2018-09-19 15:41:43,266:INFO: [TRAIN] Step: 331 ; Loss: 18.515 ; Acc: 48.908
2018-09-19 15:41:43,342:INFO: [TRAIN] Step: 332 ; Loss: 23.324 ; Acc: 48.936
2018-09-19 15:41:43,423:INFO: [TRAIN] Step: 333 ; Loss: 18.552 ; Acc: 48.990
2018-09-19 15:41:43,497:INFO: [TRAIN] Step: 334 ; Loss: 23.786 ; Acc: 48.993
2018-09-19 15:41:43,579:INFO: [TRAIN] Step: 335 ; Loss: 17.838 ; Acc: 49.045
2018-09-19 15:41:43,655:INFO: [TRAIN] Step: 336 ; Loss: 25.361 ; Acc: 49.048
2018-09-19 15:41:43,735:INFO: [TRAIN] Step: 337 ; Loss: 24.935 ; Acc: 49.051
2018-09-19 15:41:43,806:INFO: [TRAIN] Step: 338 ; Loss: 23.248 ; Acc: 49.004
2018-09-19 15:41:43,883:INFO: [TRAIN] Step: 339 ; Loss: 16.926 ; Acc: 49.056
2018-09-19 15:41:43,954:INFO: [TRAIN] Step: 340 ; Loss: 21.292 ; Acc: 49.096
2018-09-19 15:41:44,033:INFO: [TRAIN] Step: 341 ; Loss: 19.234 ; Acc: 49.159
2018-09-19 15:41:44,106:INFO: [TRAIN] Step: 342 ; Loss: 23.555 ; Acc: 49.174
2018-09-19 15:41:44,184:INFO: [TRAIN] Step: 343 ; Loss: 28.726 ; Acc: 49.152
2018-09-19 15:41:44,257:INFO: [TRAIN] Step: 344 ; Loss: 21.448 ; Acc: 49.179
2018-09-19 15:41:44,335:INFO: [TRAIN] Step: 345 ; Loss: 20.726 ; Acc: 49.145
2018-09-19 15:41:44,408:INFO: [TRAIN] Step: 346 ; Loss: 27.143 ; Acc: 49.159
2018-09-19 15:41:44,487:INFO: [TRAIN] Step: 347 ; Loss: 16.529 ; Acc: 49.258
2018-09-19 15:41:44,559:INFO: [TRAIN] Step: 348 ; Loss: 22.916 ; Acc: 49.224
2018-09-19 15:41:44,642:INFO: [TRAIN] Step: 349 ; Loss: 22.883 ; Acc: 49.214
2018-09-19 15:41:44,714:INFO: [TRAIN] Step: 350 ; Loss: 24.177 ; Acc: 49.228
2018-09-19 15:41:44,789:INFO: [TRAIN] Step: 351 ; Loss: 26.882 ; Acc: 49.231
2018-09-19 15:41:44,860:INFO: [TRAIN] Step: 352 ; Loss: 26.948 ; Acc: 49.162
2018-09-19 15:41:44,936:INFO: [TRAIN] Step: 353 ; Loss: 26.319 ; Acc: 49.164
2018-09-19 15:41:45,010:INFO: [TRAIN] Step: 354 ; Loss: 21.940 ; Acc: 49.178
2018-09-19 15:41:45,086:INFO: [TRAIN] Step: 355 ; Loss: 22.878 ; Acc: 49.157
2018-09-19 15:41:45,158:INFO: [TRAIN] Step: 356 ; Loss: 25.656 ; Acc: 49.136
2018-09-19 15:41:45,240:INFO: [TRAIN] Step: 357 ; Loss: 19.978 ; Acc: 49.174
2018-09-19 15:41:45,312:INFO: [TRAIN] Step: 358 ; Loss: 21.489 ; Acc: 49.199
2018-09-19 15:41:45,389:INFO: [TRAIN] Step: 359 ; Loss: 21.578 ; Acc: 49.213
2018-09-19 15:41:45,460:INFO: [TRAIN] Step: 360 ; Loss: 21.880 ; Acc: 49.192
2018-09-19 15:41:45,535:INFO: [TRAIN] Step: 361 ; Loss: 17.200 ; Acc: 49.263
2018-09-19 15:41:45,608:INFO: [TRAIN] Step: 362 ; Loss: 18.985 ; Acc: 49.300
2018-09-19 15:41:45,686:INFO: [TRAIN] Step: 363 ; Loss: 25.689 ; Acc: 49.290
2018-09-19 15:41:45,759:INFO: [TRAIN] Step: 364 ; Loss: 17.593 ; Acc: 49.315
2018-09-19 15:41:45,835:INFO: [TRAIN] Step: 365 ; Loss: 22.106 ; Acc: 49.306
2018-09-19 15:41:45,909:INFO: [TRAIN] Step: 366 ; Loss: 19.511 ; Acc: 49.364
2018-09-19 15:41:45,991:INFO: [TRAIN] Step: 367 ; Loss: 19.743 ; Acc: 49.445
2018-09-19 15:41:46,062:INFO: [TRAIN] Step: 368 ; Loss: 12.933 ; Acc: 49.514
2018-09-19 15:41:46,143:INFO: [TRAIN] Step: 369 ; Loss: 17.996 ; Acc: 49.561
2018-09-19 15:41:46,217:INFO: [TRAIN] Step: 370 ; Loss: 24.059 ; Acc: 49.506
2018-09-19 15:41:46,299:INFO: [TRAIN] Step: 371 ; Loss: 24.184 ; Acc: 49.507
2018-09-19 15:41:46,373:INFO: [TRAIN] Step: 372 ; Loss: 22.756 ; Acc: 49.508
2018-09-19 15:41:46,454:INFO: [TRAIN] Step: 373 ; Loss: 22.799 ; Acc: 49.521
2018-09-19 15:41:46,525:INFO: [TRAIN] Step: 374 ; Loss: 20.944 ; Acc: 49.567
2018-09-19 15:41:46,607:INFO: [TRAIN] Step: 375 ; Loss: 22.274 ; Acc: 49.601
2018-09-19 15:41:46,677:INFO: [TRAIN] Step: 376 ; Loss: 24.360 ; Acc: 49.613
2018-09-19 15:41:46,754:INFO: [TRAIN] Step: 377 ; Loss: 21.601 ; Acc: 49.647
2018-09-19 15:41:46,829:INFO: [TRAIN] Step: 378 ; Loss: 18.832 ; Acc: 49.648
2018-09-19 15:41:46,906:INFO: [TRAIN] Step: 379 ; Loss: 22.678 ; Acc: 49.649
2018-09-19 15:41:46,977:INFO: [TRAIN] Step: 380 ; Loss: 25.827 ; Acc: 49.617
2018-09-19 15:41:47,056:INFO: [TRAIN] Step: 381 ; Loss: 26.509 ; Acc: 49.607
2018-09-19 15:41:47,128:INFO: [TRAIN] Step: 382 ; Loss: 18.019 ; Acc: 49.641
2018-09-19 15:41:47,209:INFO: [TRAIN] Step: 383 ; Loss: 23.130 ; Acc: 49.653
2018-09-19 15:41:47,283:INFO: [TRAIN] Step: 384 ; Loss: 20.515 ; Acc: 49.665
2018-09-19 15:41:47,363:INFO: [TRAIN] Step: 385 ; Loss: 19.365 ; Acc: 49.698
2018-09-19 15:41:47,437:INFO: [TRAIN] Step: 386 ; Loss: 21.851 ; Acc: 49.742
2018-09-19 15:41:47,519:INFO: [TRAIN] Step: 387 ; Loss: 23.943 ; Acc: 49.753
2018-09-19 15:41:47,598:INFO: [TRAIN] Step: 388 ; Loss: 17.608 ; Acc: 49.807
2018-09-19 15:41:47,675:INFO: [TRAIN] Step: 389 ; Loss: 20.789 ; Acc: 49.808
2018-09-19 15:41:47,746:INFO: [TRAIN] Step: 390 ; Loss: 15.564 ; Acc: 49.840
2018-09-19 15:41:47,824:INFO: [TRAIN] Step: 391 ; Loss: 19.587 ; Acc: 49.883
2018-09-19 15:41:47,896:INFO: [TRAIN] Step: 392 ; Loss: 21.542 ; Acc: 49.883
2018-09-19 15:41:47,972:INFO: [TRAIN] Step: 393 ; Loss: 28.003 ; Acc: 49.831
2018-09-19 15:41:48,045:INFO: [TRAIN] Step: 394 ; Loss: 25.360 ; Acc: 49.800
2018-09-19 15:41:48,121:INFO: [TRAIN] Step: 395 ; Loss: 23.340 ; Acc: 49.811
2018-09-19 15:41:48,194:INFO: [TRAIN] Step: 396 ; Loss: 22.722 ; Acc: 49.769
2018-09-19 15:41:48,273:INFO: [TRAIN] Step: 397 ; Loss: 25.309 ; Acc: 49.759
2018-09-19 15:41:48,347:INFO: [TRAIN] Step: 398 ; Loss: 20.694 ; Acc: 49.812
2018-09-19 15:41:48,425:INFO: [TRAIN] Step: 399 ; Loss: 23.555 ; Acc: 49.812
2018-09-19 15:41:48,495:INFO: [TRAIN] Step: 400 ; Loss: 21.649 ; Acc: 49.834
2018-09-19 15:41:48,571:INFO: [TRAIN] Step: 401 ; Loss: 21.715 ; Acc: 49.896
2018-09-19 15:41:48,651:INFO: [TRAIN] Step: 402 ; Loss: 21.279 ; Acc: 49.928
2018-09-19 15:41:48,728:INFO: [TRAIN] Step: 403 ; Loss: 22.537 ; Acc: 49.928
2018-09-19 15:41:48,801:INFO: [TRAIN] Step: 404 ; Loss: 21.619 ; Acc: 49.918
2018-09-19 15:41:48,884:INFO: [TRAIN] Step: 405 ; Loss: 22.563 ; Acc: 49.928
2018-09-19 15:41:48,958:INFO: [TRAIN] Step: 406 ; Loss: 19.784 ; Acc: 49.969
2018-09-19 15:41:49,037:INFO: [TRAIN] Step: 407 ; Loss: 24.371 ; Acc: 49.949
2018-09-19 15:41:49,108:INFO: [TRAIN] Step: 408 ; Loss: 19.465 ; Acc: 49.990
2018-09-19 15:41:49,183:INFO: [TRAIN] Step: 409 ; Loss: 17.998 ; Acc: 50.010
2018-09-19 15:41:49,255:INFO: [TRAIN] Step: 410 ; Loss: 24.840 ; Acc: 50.000
2018-09-19 15:41:49,334:INFO: [TRAIN] Step: 411 ; Loss: 22.904 ; Acc: 49.970
2018-09-19 15:41:49,410:INFO: [TRAIN] Step: 412 ; Loss: 17.807 ; Acc: 50.020
2018-09-19 15:41:49,486:INFO: [TRAIN] Step: 413 ; Loss: 17.215 ; Acc: 50.040
2018-09-19 15:41:49,558:INFO: [TRAIN] Step: 414 ; Loss: 18.757 ; Acc: 50.060
2018-09-19 15:41:49,636:INFO: [TRAIN] Step: 415 ; Loss: 21.545 ; Acc: 50.080
2018-09-19 15:41:49,707:INFO: [TRAIN] Step: 416 ; Loss: 20.279 ; Acc: 50.110
2018-09-19 15:41:49,784:INFO: [TRAIN] Step: 417 ; Loss: 17.296 ; Acc: 50.120
2018-09-19 15:41:49,856:INFO: [TRAIN] Step: 418 ; Loss: 28.971 ; Acc: 50.129
2018-09-19 15:41:49,935:INFO: [TRAIN] Step: 419 ; Loss: 18.349 ; Acc: 50.109
2018-09-19 15:41:50,011:INFO: [TRAIN] Step: 420 ; Loss: 21.733 ; Acc: 50.099
2018-09-19 15:41:50,088:INFO: [TRAIN] Step: 421 ; Loss: 23.595 ; Acc: 50.109
2018-09-19 15:41:50,159:INFO: [TRAIN] Step: 422 ; Loss: 22.141 ; Acc: 50.118
2018-09-19 15:41:50,236:INFO: [TRAIN] Step: 423 ; Loss: 20.340 ; Acc: 50.128
2018-09-19 15:41:50,308:INFO: [TRAIN] Step: 424 ; Loss: 25.045 ; Acc: 50.127
2018-09-19 15:41:50,387:INFO: [TRAIN] Step: 425 ; Loss: 19.824 ; Acc: 50.137
2018-09-19 15:41:50,463:INFO: [TRAIN] Step: 426 ; Loss: 24.168 ; Acc: 50.127
2018-09-19 15:41:50,542:INFO: [TRAIN] Step: 427 ; Loss: 23.212 ; Acc: 50.127
2018-09-19 15:41:50,614:INFO: [TRAIN] Step: 428 ; Loss: 18.606 ; Acc: 50.136
2018-09-19 15:41:50,691:INFO: [TRAIN] Step: 429 ; Loss: 23.431 ; Acc: 50.136
2018-09-19 15:41:50,762:INFO: [TRAIN] Step: 430 ; Loss: 16.756 ; Acc: 50.184
2018-09-19 15:41:50,838:INFO: [TRAIN] Step: 431 ; Loss: 28.883 ; Acc: 50.164
2018-09-19 15:41:50,909:INFO: [TRAIN] Step: 432 ; Loss: 24.664 ; Acc: 50.164
2018-09-19 15:41:50,984:INFO: [TRAIN] Step: 433 ; Loss: 21.692 ; Acc: 50.173
2018-09-19 15:41:51,056:INFO: [TRAIN] Step: 434 ; Loss: 24.868 ; Acc: 50.182
2018-09-19 15:41:51,133:INFO: [TRAIN] Step: 435 ; Loss: 25.400 ; Acc: 50.153
2018-09-19 15:41:51,206:INFO: [TRAIN] Step: 436 ; Loss: 24.886 ; Acc: 50.172
2018-09-19 15:41:51,284:INFO: [TRAIN] Step: 437 ; Loss: 21.790 ; Acc: 50.190
2018-09-19 15:41:51,355:INFO: [TRAIN] Step: 438 ; Loss: 19.464 ; Acc: 50.218
2018-09-19 15:41:51,431:INFO: [TRAIN] Step: 439 ; Loss: 20.801 ; Acc: 50.237
2018-09-19 15:41:51,504:INFO: [TRAIN] Step: 440 ; Loss: 19.829 ; Acc: 50.255
2018-09-19 15:41:51,581:INFO: [TRAIN] Step: 441 ; Loss: 20.616 ; Acc: 50.255
2018-09-19 15:41:51,655:INFO: [TRAIN] Step: 442 ; Loss: 20.154 ; Acc: 50.254
2018-09-19 15:41:51,731:INFO: [TRAIN] Step: 443 ; Loss: 22.533 ; Acc: 50.253
2018-09-19 15:41:51,803:INFO: [TRAIN] Step: 444 ; Loss: 17.991 ; Acc: 50.290
2018-09-19 15:41:51,879:INFO: [TRAIN] Step: 445 ; Loss: 23.238 ; Acc: 50.299
2018-09-19 15:41:51,949:INFO: [TRAIN] Step: 446 ; Loss: 21.045 ; Acc: 50.326
2018-09-19 15:41:52,026:INFO: [TRAIN] Step: 447 ; Loss: 22.025 ; Acc: 50.344
2018-09-19 15:41:52,098:INFO: [TRAIN] Step: 448 ; Loss: 20.644 ; Acc: 50.371
2018-09-19 15:41:52,175:INFO: [TRAIN] Step: 449 ; Loss: 18.372 ; Acc: 50.417
2018-09-19 15:41:52,246:INFO: [TRAIN] Step: 450 ; Loss: 17.932 ; Acc: 50.462
2018-09-19 15:41:52,322:INFO: [TRAIN] Step: 451 ; Loss: 22.610 ; Acc: 50.498
2018-09-19 15:41:52,395:INFO: [TRAIN] Step: 452 ; Loss: 20.346 ; Acc: 50.524
2018-09-19 15:41:52,471:INFO: [TRAIN] Step: 453 ; Loss: 13.863 ; Acc: 50.587
2018-09-19 15:41:52,551:INFO: [TRAIN] Step: 454 ; Loss: 18.291 ; Acc: 50.632
2018-09-19 15:41:52,632:INFO: [TRAIN] Step: 455 ; Loss: 23.817 ; Acc: 50.630
2018-09-19 15:41:52,705:INFO: [TRAIN] Step: 456 ; Loss: 26.816 ; Acc: 50.647
2018-09-19 15:41:52,780:INFO: [TRAIN] Step: 457 ; Loss: 23.532 ; Acc: 50.646
2018-09-19 15:41:52,854:INFO: [TRAIN] Step: 458 ; Loss: 23.021 ; Acc: 50.645
2018-09-19 15:41:52,930:INFO: [TRAIN] Step: 459 ; Loss: 16.126 ; Acc: 50.688
2018-09-19 15:41:53,002:INFO: [TRAIN] Step: 460 ; Loss: 25.166 ; Acc: 50.696
2018-09-19 15:41:53,080:INFO: [TRAIN] Step: 461 ; Loss: 19.742 ; Acc: 50.685
2018-09-19 15:41:53,151:INFO: [TRAIN] Step: 462 ; Loss: 17.559 ; Acc: 50.702
2018-09-19 15:41:53,233:INFO: [TRAIN] Step: 463 ; Loss: 22.508 ; Acc: 50.718
2018-09-19 15:41:53,306:INFO: [TRAIN] Step: 464 ; Loss: 24.487 ; Acc: 50.690
2018-09-19 15:41:53,382:INFO: [TRAIN] Step: 465 ; Loss: 24.377 ; Acc: 50.715
2018-09-19 15:41:53,457:INFO: [TRAIN] Step: 466 ; Loss: 24.775 ; Acc: 50.741
2018-09-19 15:41:53,534:INFO: [TRAIN] Step: 467 ; Loss: 22.914 ; Acc: 50.703
2018-09-19 15:41:53,609:INFO: [TRAIN] Step: 468 ; Loss: 19.648 ; Acc: 50.746
2018-09-19 15:41:53,687:INFO: [TRAIN] Step: 469 ; Loss: 18.695 ; Acc: 50.816
2018-09-19 15:41:53,758:INFO: [TRAIN] Step: 470 ; Loss: 20.517 ; Acc: 50.823
2018-09-19 15:41:53,833:INFO: [TRAIN] Step: 471 ; Loss: 20.333 ; Acc: 50.856
2018-09-19 15:41:53,905:INFO: [TRAIN] Step: 472 ; Loss: 22.498 ; Acc: 50.854
2018-09-19 15:41:53,983:INFO: [TRAIN] Step: 473 ; Loss: 13.006 ; Acc: 50.897
2018-09-19 15:41:54,060:INFO: [TRAIN] Step: 474 ; Loss: 24.051 ; Acc: 50.877
2018-09-19 15:41:54,136:INFO: [TRAIN] Step: 475 ; Loss: 20.975 ; Acc: 50.884
2018-09-19 15:41:54,207:INFO: [TRAIN] Step: 476 ; Loss: 16.833 ; Acc: 50.908
2018-09-19 15:41:54,282:INFO: [TRAIN] Step: 477 ; Loss: 21.986 ; Acc: 50.924
2018-09-19 15:41:54,354:INFO: [TRAIN] Step: 478 ; Loss: 24.570 ; Acc: 50.913
2018-09-19 15:41:54,430:INFO: [TRAIN] Step: 479 ; Loss: 21.468 ; Acc: 50.885
2018-09-19 15:41:54,504:INFO: [TRAIN] Step: 480 ; Loss: 23.063 ; Acc: 50.866
2018-09-19 15:41:54,582:INFO: [TRAIN] Step: 481 ; Loss: 19.815 ; Acc: 50.882
2018-09-19 15:41:54,657:INFO: [TRAIN] Step: 482 ; Loss: 20.169 ; Acc: 50.897
2018-09-19 15:41:54,736:INFO: [TRAIN] Step: 483 ; Loss: 23.249 ; Acc: 50.869
2018-09-19 15:41:54,810:INFO: [TRAIN] Step: 484 ; Loss: 21.174 ; Acc: 50.876
2018-09-19 15:41:54,885:INFO: [TRAIN] Step: 485 ; Loss: 20.008 ; Acc: 50.874
2018-09-19 15:41:54,956:INFO: [TRAIN] Step: 486 ; Loss: 16.299 ; Acc: 50.915
2018-09-19 15:41:55,034:INFO: [TRAIN] Step: 487 ; Loss: 21.981 ; Acc: 50.905
2018-09-19 15:41:55,106:INFO: [TRAIN] Step: 488 ; Loss: 19.029 ; Acc: 50.903
2018-09-19 15:41:55,183:INFO: [TRAIN] Step: 489 ; Loss: 27.041 ; Acc: 50.876
2018-09-19 15:41:55,256:INFO: [TRAIN] Step: 490 ; Loss: 22.670 ; Acc: 50.900
2018-09-19 15:41:55,336:INFO: [TRAIN] Step: 491 ; Loss: 20.746 ; Acc: 50.915
2018-09-19 15:41:55,410:INFO: [TRAIN] Step: 492 ; Loss: 21.605 ; Acc: 50.904
2018-09-19 15:41:55,490:INFO: [TRAIN] Step: 493 ; Loss: 24.806 ; Acc: 50.894
2018-09-19 15:41:55,568:INFO: [TRAIN] Step: 494 ; Loss: 21.751 ; Acc: 50.901
2018-09-19 15:41:55,651:INFO: [TRAIN] Step: 495 ; Loss: 22.777 ; Acc: 50.916
2018-09-19 15:41:55,728:INFO: [TRAIN] Step: 496 ; Loss: 20.131 ; Acc: 50.947
2018-09-19 15:41:55,808:INFO: [TRAIN] Step: 497 ; Loss: 20.041 ; Acc: 50.979
2018-09-19 15:41:55,885:INFO: [TRAIN] Step: 498 ; Loss: 21.523 ; Acc: 50.994
2018-09-19 15:41:55,961:INFO: [TRAIN] Step: 499 ; Loss: 19.881 ; Acc: 51.033
2018-09-19 15:41:56,039:INFO: [TRAIN] Step: 500 ; Loss: 22.071 ; Acc: 51.065
2018-09-19 15:41:56,116:INFO: [TRAIN] Step: 501 ; Loss: 16.476 ; Acc: 51.096
2018-09-19 15:41:56,193:INFO: [TRAIN] Step: 502 ; Loss: 20.741 ; Acc: 51.110
2018-09-19 15:41:56,271:INFO: [TRAIN] Step: 503 ; Loss: 19.947 ; Acc: 51.141
2018-09-19 15:41:56,345:INFO: [TRAIN] Step: 504 ; Loss: 28.366 ; Acc: 51.130
2018-09-19 15:41:56,421:INFO: [TRAIN] Step: 505 ; Loss: 13.479 ; Acc: 51.178
2018-09-19 15:41:56,498:INFO: [TRAIN] Step: 506 ; Loss: 19.380 ; Acc: 51.208
2018-09-19 15:41:56,575:INFO: [TRAIN] Step: 507 ; Loss: 22.423 ; Acc: 51.222
2018-09-19 15:41:56,649:INFO: [TRAIN] Step: 508 ; Loss: 19.725 ; Acc: 51.236
2018-09-19 15:41:56,729:INFO: [TRAIN] Step: 509 ; Loss: 17.073 ; Acc: 51.266
2018-09-19 15:41:56,806:INFO: [TRAIN] Step: 510 ; Loss: 19.071 ; Acc: 51.272
2018-09-19 15:41:56,886:INFO: [TRAIN] Step: 511 ; Loss: 17.695 ; Acc: 51.278
2018-09-19 15:41:56,963:INFO: [TRAIN] Step: 512 ; Loss: 21.751 ; Acc: 51.283
2018-09-19 15:41:57,039:INFO: [TRAIN] Step: 513 ; Loss: 23.333 ; Acc: 51.281
2018-09-19 15:41:57,114:INFO: [TRAIN] Step: 514 ; Loss: 19.690 ; Acc: 51.303
2018-09-19 15:41:57,190:INFO: [TRAIN] Step: 515 ; Loss: 22.335 ; Acc: 51.284
2018-09-19 15:41:57,265:INFO: [TRAIN] Step: 516 ; Loss: 17.489 ; Acc: 51.314
2018-09-19 15:41:57,342:INFO: [TRAIN] Step: 517 ; Loss: 21.614 ; Acc: 51.311
2018-09-19 15:41:57,418:INFO: [TRAIN] Step: 518 ; Loss: 24.595 ; Acc: 51.333
2018-09-19 15:41:57,496:INFO: [TRAIN] Step: 519 ; Loss: 25.877 ; Acc: 51.322
2018-09-19 15:41:57,567:INFO: [TRAIN] Step: 520 ; Loss: 16.577 ; Acc: 51.352
2018-09-19 15:41:57,644:INFO: [TRAIN] Step: 521 ; Loss: 22.025 ; Acc: 51.357
2018-09-19 15:41:57,717:INFO: [TRAIN] Step: 522 ; Loss: 22.141 ; Acc: 51.362
2018-09-19 15:41:57,794:INFO: [TRAIN] Step: 523 ; Loss: 23.802 ; Acc: 51.376
2018-09-19 15:41:57,865:INFO: [TRAIN] Step: 524 ; Loss: 26.393 ; Acc: 51.349
2018-09-19 15:41:57,943:INFO: [TRAIN] Step: 525 ; Loss: 19.502 ; Acc: 51.355
2018-09-19 15:41:58,014:INFO: [TRAIN] Step: 526 ; Loss: 16.921 ; Acc: 51.392
2018-09-19 15:41:58,092:INFO: [TRAIN] Step: 527 ; Loss: 24.703 ; Acc: 51.373
2018-09-19 15:41:58,164:INFO: [TRAIN] Step: 528 ; Loss: 17.955 ; Acc: 51.386
2018-09-19 15:41:58,240:INFO: [TRAIN] Step: 529 ; Loss: 24.165 ; Acc: 51.376
2018-09-19 15:41:58,312:INFO: [TRAIN] Step: 530 ; Loss: 21.385 ; Acc: 51.381
2018-09-19 15:41:58,389:INFO: [TRAIN] Step: 531 ; Loss: 22.702 ; Acc: 51.394
2018-09-19 15:41:58,464:INFO: [TRAIN] Step: 532 ; Loss: 19.143 ; Acc: 51.423
2018-09-19 15:41:58,543:INFO: [TRAIN] Step: 533 ; Loss: 25.697 ; Acc: 51.420
2018-09-19 15:41:58,614:INFO: [TRAIN] Step: 534 ; Loss: 20.701 ; Acc: 51.449
2018-09-19 15:41:58,691:INFO: [TRAIN] Step: 535 ; Loss: 20.461 ; Acc: 51.430
2018-09-19 15:41:58,764:INFO: [TRAIN] Step: 536 ; Loss: 16.437 ; Acc: 51.459
2018-09-19 15:41:58,839:INFO: [TRAIN] Step: 537 ; Loss: 22.466 ; Acc: 51.471
2018-09-19 15:41:58,917:INFO: [TRAIN] Step: 538 ; Loss: 18.387 ; Acc: 51.507
2018-09-19 15:41:59,002:INFO: [TRAIN] Step: 539 ; Loss: 18.300 ; Acc: 51.528
2018-09-19 15:41:59,080:INFO: [TRAIN] Step: 540 ; Loss: 19.791 ; Acc: 51.540
2018-09-19 15:41:59,154:INFO: [TRAIN] Step: 541 ; Loss: 18.925 ; Acc: 51.553
2018-09-19 15:41:59,227:INFO: [TRAIN] Step: 542 ; Loss: 20.851 ; Acc: 51.573
2018-09-19 15:41:59,309:INFO: [TRAIN] Step: 543 ; Loss: 19.393 ; Acc: 51.601
2018-09-19 15:41:59,383:INFO: [TRAIN] Step: 544 ; Loss: 24.175 ; Acc: 51.613
2018-09-19 15:41:59,461:INFO: [TRAIN] Step: 545 ; Loss: 16.825 ; Acc: 51.633
2018-09-19 15:41:59,539:INFO: [TRAIN] Step: 546 ; Loss: 22.615 ; Acc: 51.645
2018-09-19 15:41:59,615:INFO: [TRAIN] Step: 547 ; Loss: 23.067 ; Acc: 51.665
2018-09-19 15:41:59,689:INFO: [TRAIN] Step: 548 ; Loss: 25.367 ; Acc: 51.647
2018-09-19 15:41:59,764:INFO: [TRAIN] Step: 549 ; Loss: 17.524 ; Acc: 51.689
2018-09-19 15:41:59,835:INFO: [TRAIN] Step: 550 ; Loss: 19.273 ; Acc: 51.694
2018-09-19 15:41:59,912:INFO: [TRAIN] Step: 551 ; Loss: 19.348 ; Acc: 51.683
2018-09-19 15:41:59,984:INFO: [TRAIN] Step: 552 ; Loss: 17.096 ; Acc: 51.710
2018-09-19 15:42:00,070:INFO: [TRAIN] Step: 553 ; Loss: 25.445 ; Acc: 51.670
2018-09-19 15:42:00,143:INFO: [TRAIN] Step: 554 ; Loss: 23.937 ; Acc: 51.652
2018-09-19 15:42:00,221:INFO: [TRAIN] Step: 555 ; Loss: 20.258 ; Acc: 51.634
2018-09-19 15:42:00,294:INFO: [TRAIN] Step: 556 ; Loss: 24.814 ; Acc: 51.608
2018-09-19 15:42:00,371:INFO: [TRAIN] Step: 557 ; Loss: 17.851 ; Acc: 51.605
2018-09-19 15:42:00,443:INFO: [TRAIN] Step: 558 ; Loss: 23.638 ; Acc: 51.610
2018-09-19 15:42:00,519:INFO: [TRAIN] Step: 559 ; Loss: 20.346 ; Acc: 51.600
2018-09-19 15:42:00,591:INFO: [TRAIN] Step: 560 ; Loss: 24.343 ; Acc: 51.597
2018-09-19 15:42:00,667:INFO: [TRAIN] Step: 561 ; Loss: 20.145 ; Acc: 51.609
2018-09-19 15:42:00,741:INFO: [TRAIN] Step: 562 ; Loss: 19.878 ; Acc: 51.643
2018-09-19 15:42:00,822:INFO: [TRAIN] Step: 563 ; Loss: 18.380 ; Acc: 51.662
2018-09-19 15:42:00,894:INFO: [TRAIN] Step: 564 ; Loss: 19.524 ; Acc: 51.689
2018-09-19 15:42:00,971:INFO: [TRAIN] Step: 565 ; Loss: 18.524 ; Acc: 51.693
2018-09-19 15:42:01,046:INFO: [TRAIN] Step: 566 ; Loss: 25.092 ; Acc: 51.683
2018-09-19 15:42:01,125:INFO: [TRAIN] Step: 567 ; Loss: 22.881 ; Acc: 51.680
2018-09-19 15:42:01,197:INFO: [TRAIN] Step: 568 ; Loss: 19.984 ; Acc: 51.699
2018-09-19 15:42:01,273:INFO: [TRAIN] Step: 569 ; Loss: 22.243 ; Acc: 51.703
2018-09-19 15:42:01,345:INFO: [TRAIN] Step: 570 ; Loss: 21.045 ; Acc: 51.700
2018-09-19 15:42:01,423:INFO: [TRAIN] Step: 571 ; Loss: 24.865 ; Acc: 51.683
2018-09-19 15:42:01,494:INFO: [TRAIN] Step: 572 ; Loss: 17.500 ; Acc: 51.694
2018-09-19 15:42:01,571:INFO: [TRAIN] Step: 573 ; Loss: 21.223 ; Acc: 51.720
2018-09-19 15:42:01,645:INFO: [TRAIN] Step: 574 ; Loss: 18.434 ; Acc: 51.754
2018-09-19 15:42:01,722:INFO: [TRAIN] Step: 575 ; Loss: 21.034 ; Acc: 51.780
2018-09-19 15:42:01,796:INFO: [TRAIN] Step: 576 ; Loss: 21.121 ; Acc: 51.805
2018-09-19 15:42:01,872:INFO: [TRAIN] Step: 577 ; Loss: 20.311 ; Acc: 51.781
2018-09-19 15:42:01,944:INFO: [TRAIN] Step: 578 ; Loss: 18.785 ; Acc: 51.777
2018-09-19 15:42:02,020:INFO: [TRAIN] Step: 579 ; Loss: 16.361 ; Acc: 51.789
2018-09-19 15:42:02,091:INFO: [TRAIN] Step: 580 ; Loss: 16.976 ; Acc: 51.814
2018-09-19 15:42:02,168:INFO: [TRAIN] Step: 581 ; Loss: 17.137 ; Acc: 51.847
2018-09-19 15:42:02,239:INFO: [TRAIN] Step: 582 ; Loss: 23.345 ; Acc: 51.830
2018-09-19 15:42:02,314:INFO: [TRAIN] Step: 583 ; Loss: 20.391 ; Acc: 51.855
2018-09-19 15:42:02,388:INFO: [TRAIN] Step: 584 ; Loss: 24.120 ; Acc: 51.852
2018-09-19 15:42:02,467:INFO: [TRAIN] Step: 585 ; Loss: 18.321 ; Acc: 51.870
2018-09-19 15:42:02,537:INFO: [TRAIN] Step: 586 ; Loss: 22.652 ; Acc: 51.860
2018-09-19 15:42:02,615:INFO: [TRAIN] Step: 587 ; Loss: 21.844 ; Acc: 51.885
2018-09-19 15:42:02,688:INFO: [TRAIN] Step: 588 ; Loss: 17.916 ; Acc: 51.917
2018-09-19 15:42:02,763:INFO: [TRAIN] Step: 589 ; Loss: 23.079 ; Acc: 51.935
2018-09-19 15:42:02,836:INFO: [TRAIN] Step: 590 ; Loss: 17.858 ; Acc: 51.946
2018-09-19 15:42:02,918:INFO: [TRAIN] Step: 591 ; Loss: 23.501 ; Acc: 51.943
2018-09-19 15:42:02,989:INFO: [TRAIN] Step: 592 ; Loss: 20.019 ; Acc: 51.974
2018-09-19 15:42:03,066:INFO: [TRAIN] Step: 593 ; Loss: 18.932 ; Acc: 51.950
2018-09-19 15:42:03,136:INFO: [TRAIN] Step: 594 ; Loss: 24.229 ; Acc: 51.933
2018-09-19 15:42:03,214:INFO: [TRAIN] Step: 595 ; Loss: 19.835 ; Acc: 51.937
2018-09-19 15:42:03,286:INFO: [TRAIN] Step: 596 ; Loss: 22.397 ; Acc: 51.940
2018-09-19 15:42:03,362:INFO: [TRAIN] Step: 597 ; Loss: 17.546 ; Acc: 51.958
2018-09-19 15:42:03,432:INFO: [TRAIN] Step: 598 ; Loss: 20.591 ; Acc: 51.976
2018-09-19 15:42:03,510:INFO: [TRAIN] Step: 599 ; Loss: 18.967 ; Acc: 52.007
2018-09-19 15:42:03,583:INFO: [TRAIN] Step: 600 ; Loss: 17.763 ; Acc: 52.045
2018-09-19 15:42:03,661:INFO: [TRAIN] Step: 601 ; Loss: 15.626 ; Acc: 52.090
2018-09-19 15:42:03,735:INFO: [TRAIN] Step: 602 ; Loss: 20.803 ; Acc: 52.080
2018-09-19 15:42:03,813:INFO: [TRAIN] Step: 603 ; Loss: 18.493 ; Acc: 52.070
2018-09-19 15:42:03,885:INFO: [TRAIN] Step: 604 ; Loss: 19.935 ; Acc: 52.114
2018-09-19 15:42:03,965:INFO: [TRAIN] Step: 605 ; Loss: 15.674 ; Acc: 52.138
2018-09-19 15:42:04,044:INFO: [TRAIN] Step: 606 ; Loss: 24.231 ; Acc: 52.149
2018-09-19 15:42:04,120:INFO: [TRAIN] Step: 607 ; Loss: 19.494 ; Acc: 52.166
2018-09-19 15:42:04,192:INFO: [TRAIN] Step: 608 ; Loss: 19.486 ; Acc: 52.176
2018-09-19 15:42:04,269:INFO: [TRAIN] Step: 609 ; Loss: 24.559 ; Acc: 52.172
2018-09-19 15:42:04,341:INFO: [TRAIN] Step: 610 ; Loss: 16.686 ; Acc: 52.189
2018-09-19 15:42:04,419:INFO: [TRAIN] Step: 611 ; Loss: 18.753 ; Acc: 52.199
2018-09-19 15:42:04,491:INFO: [TRAIN] Step: 612 ; Loss: 18.068 ; Acc: 52.229
2018-09-19 15:42:04,568:INFO: [TRAIN] Step: 613 ; Loss: 15.782 ; Acc: 52.253
2018-09-19 15:42:04,639:INFO: [TRAIN] Step: 614 ; Loss: 20.711 ; Acc: 52.263
2018-09-19 15:42:04,715:INFO: [TRAIN] Step: 615 ; Loss: 26.882 ; Acc: 52.252
2018-09-19 15:42:04,795:INFO: [TRAIN] Step: 616 ; Loss: 20.124 ; Acc: 52.242
2018-09-19 15:42:04,872:INFO: [TRAIN] Step: 617 ; Loss: 14.325 ; Acc: 52.252
2018-09-19 15:42:04,945:INFO: [TRAIN] Step: 618 ; Loss: 18.097 ; Acc: 52.248
2018-09-19 15:42:05,020:INFO: [TRAIN] Step: 619 ; Loss: 25.548 ; Acc: 52.245
2018-09-19 15:42:05,103:INFO: [TRAIN] Step: 620 ; Loss: 20.457 ; Acc: 52.248
2018-09-19 15:42:05,201:INFO: [TRAIN] Step: 621 ; Loss: 20.542 ; Acc: 52.251
2018-09-19 15:42:05,276:INFO: [TRAIN] Step: 622 ; Loss: 20.356 ; Acc: 52.234
2018-09-19 15:42:05,354:INFO: [TRAIN] Step: 623 ; Loss: 19.921 ; Acc: 52.244
2018-09-19 15:42:05,423:INFO: [TRAIN] Step: 624 ; Loss: 21.842 ; Acc: 52.227
2018-09-19 15:42:05,500:INFO: [TRAIN] Step: 625 ; Loss: 15.808 ; Acc: 52.243
2018-09-19 15:42:05,571:INFO: [TRAIN] Step: 626 ; Loss: 16.999 ; Acc: 52.286
2018-09-19 15:42:05,647:INFO: [TRAIN] Step: 627 ; Loss: 17.251 ; Acc: 52.316
2018-09-19 15:42:05,718:INFO: [TRAIN] Step: 628 ; Loss: 19.783 ; Acc: 52.332
2018-09-19 15:42:05,800:INFO: [TRAIN] Step: 629 ; Loss: 20.964 ; Acc: 52.341
2018-09-19 15:42:05,876:INFO: [TRAIN] Step: 630 ; Loss: 21.270 ; Acc: 52.351
2018-09-19 15:42:05,952:INFO: [TRAIN] Step: 631 ; Loss: 17.971 ; Acc: 52.367
2018-09-19 15:42:06,027:INFO: [TRAIN] Step: 632 ; Loss: 23.342 ; Acc: 52.357
2018-09-19 15:42:06,114:INFO: [TRAIN] Step: 633 ; Loss: 22.252 ; Acc: 52.333
2018-09-19 15:42:06,216:INFO: [TRAIN] Step: 634 ; Loss: 15.069 ; Acc: 52.362
2018-09-19 15:42:06,298:INFO: [TRAIN] Step: 635 ; Loss: 19.516 ; Acc: 52.358
2018-09-19 15:42:06,370:INFO: [TRAIN] Step: 636 ; Loss: 18.750 ; Acc: 52.361
2018-09-19 15:42:06,462:INFO: [TRAIN] Step: 637 ; Loss: 19.806 ; Acc: 52.364
2018-09-19 15:42:06,544:INFO: [TRAIN] Step: 638 ; Loss: 25.530 ; Acc: 52.367
2018-09-19 15:42:06,653:INFO: [TRAIN] Step: 639 ; Loss: 19.238 ; Acc: 52.389
2018-09-19 15:42:06,729:INFO: [TRAIN] Step: 640 ; Loss: 22.494 ; Acc: 52.405
2018-09-19 15:42:06,817:INFO: [TRAIN] Step: 641 ; Loss: 23.434 ; Acc: 52.414
2018-09-19 15:42:06,891:INFO: [TRAIN] Step: 642 ; Loss: 20.745 ; Acc: 52.424
2018-09-19 15:42:06,969:INFO: [TRAIN] Step: 643 ; Loss: 20.575 ; Acc: 52.439
2018-09-19 15:42:07,045:INFO: [TRAIN] Step: 644 ; Loss: 18.134 ; Acc: 52.468
2018-09-19 15:42:07,137:INFO: [TRAIN] Step: 645 ; Loss: 22.321 ; Acc: 52.457
2018-09-19 15:42:07,220:INFO: [TRAIN] Step: 646 ; Loss: 24.413 ; Acc: 52.460
2018-09-19 15:42:07,300:INFO: [TRAIN] Step: 647 ; Loss: 22.103 ; Acc: 52.469
2018-09-19 15:42:07,377:INFO: [TRAIN] Step: 648 ; Loss: 18.613 ; Acc: 52.491
2018-09-19 15:42:07,460:INFO: [TRAIN] Step: 649 ; Loss: 20.006 ; Acc: 52.481
2018-09-19 15:42:07,543:INFO: [TRAIN] Step: 650 ; Loss: 22.881 ; Acc: 52.490
2018-09-19 15:42:07,632:INFO: [TRAIN] Step: 651 ; Loss: 19.365 ; Acc: 52.486
2018-09-19 15:42:07,711:INFO: [TRAIN] Step: 652 ; Loss: 19.236 ; Acc: 52.495
2018-09-19 15:42:07,794:INFO: [TRAIN] Step: 653 ; Loss: 22.181 ; Acc: 52.504
2018-09-19 15:42:07,884:INFO: [TRAIN] Step: 654 ; Loss: 22.102 ; Acc: 52.487
2018-09-19 15:42:07,968:INFO: [TRAIN] Step: 655 ; Loss: 22.173 ; Acc: 52.471
2018-09-19 15:42:08,046:INFO: [TRAIN] Step: 656 ; Loss: 19.527 ; Acc: 52.480
2018-09-19 15:42:08,151:INFO: [TRAIN] Step: 657 ; Loss: 18.483 ; Acc: 52.520
2018-09-19 15:42:08,242:INFO: [TRAIN] Step: 658 ; Loss: 22.623 ; Acc: 52.516
2018-09-19 15:42:08,324:INFO: [TRAIN] Step: 659 ; Loss: 20.793 ; Acc: 52.525
2018-09-19 15:42:08,398:INFO: [TRAIN] Step: 660 ; Loss: 18.648 ; Acc: 52.540
2018-09-19 15:42:08,482:INFO: [TRAIN] Step: 661 ; Loss: 20.235 ; Acc: 52.537
2018-09-19 15:42:08,553:INFO: [TRAIN] Step: 662 ; Loss: 19.926 ; Acc: 52.533
2018-09-19 15:42:08,640:INFO: [TRAIN] Step: 663 ; Loss: 23.280 ; Acc: 52.535
2018-09-19 15:42:08,725:INFO: [TRAIN] Step: 664 ; Loss: 18.459 ; Acc: 52.538
2018-09-19 15:42:08,809:INFO: [TRAIN] Step: 665 ; Loss: 19.312 ; Acc: 52.540
2018-09-19 15:42:08,883:INFO: [TRAIN] Step: 666 ; Loss: 20.022 ; Acc: 52.549
2018-09-19 15:42:08,962:INFO: [TRAIN] Step: 667 ; Loss: 22.016 ; Acc: 52.539
2018-09-19 15:42:09,041:INFO: [TRAIN] Step: 668 ; Loss: 17.086 ; Acc: 52.560
2018-09-19 15:42:09,118:INFO: [TRAIN] Step: 669 ; Loss: 21.581 ; Acc: 52.550
2018-09-19 15:42:09,196:INFO: [TRAIN] Step: 670 ; Loss: 14.111 ; Acc: 52.583
2018-09-19 15:42:09,284:INFO: [TRAIN] Step: 671 ; Loss: 23.115 ; Acc: 52.579
2018-09-19 15:42:09,380:INFO: [TRAIN] Step: 672 ; Loss: 19.345 ; Acc: 52.606
2018-09-19 15:42:09,478:INFO: [TRAIN] Step: 673 ; Loss: 18.320 ; Acc: 52.634
2018-09-19 15:42:09,566:INFO: [TRAIN] Step: 674 ; Loss: 17.891 ; Acc: 52.654
2018-09-19 15:42:09,656:INFO: [TRAIN] Step: 675 ; Loss: 21.171 ; Acc: 52.663
2018-09-19 15:42:09,729:INFO: [TRAIN] Step: 676 ; Loss: 19.973 ; Acc: 52.671
2018-09-19 15:42:09,817:INFO: [TRAIN] Step: 677 ; Loss: 23.752 ; Acc: 52.692
2018-09-19 15:42:09,894:INFO: [TRAIN] Step: 678 ; Loss: 17.464 ; Acc: 52.712
2018-09-19 15:42:09,978:INFO: [TRAIN] Step: 679 ; Loss: 19.041 ; Acc: 52.739
2018-09-19 15:42:10,054:INFO: [TRAIN] Step: 680 ; Loss: 16.085 ; Acc: 52.778
2018-09-19 15:42:10,137:INFO: [TRAIN] Step: 681 ; Loss: 21.685 ; Acc: 52.768
2018-09-19 15:42:10,210:INFO: [TRAIN] Step: 682 ; Loss: 26.689 ; Acc: 52.770
2018-09-19 15:42:10,290:INFO: [TRAIN] Step: 683 ; Loss: 26.049 ; Acc: 52.772
2018-09-19 15:42:10,367:INFO: [TRAIN] Step: 684 ; Loss: 17.366 ; Acc: 52.780
2018-09-19 15:42:10,446:INFO: [TRAIN] Step: 685 ; Loss: 18.826 ; Acc: 52.770
2018-09-19 15:42:10,519:INFO: [TRAIN] Step: 686 ; Loss: 19.085 ; Acc: 52.778
2018-09-19 15:42:10,600:INFO: [TRAIN] Step: 687 ; Loss: 20.854 ; Acc: 52.792
2018-09-19 15:42:10,676:INFO: [TRAIN] Step: 688 ; Loss: 19.482 ; Acc: 52.812
2018-09-19 15:42:10,764:INFO: [TRAIN] Step: 689 ; Loss: 20.785 ; Acc: 52.808
2018-09-19 15:42:10,840:INFO: [TRAIN] Step: 690 ; Loss: 23.423 ; Acc: 52.810
2018-09-19 15:42:10,923:INFO: [TRAIN] Step: 691 ; Loss: 16.417 ; Acc: 52.836
2018-09-19 15:42:11,002:INFO: [TRAIN] Step: 692 ; Loss: 18.606 ; Acc: 52.832
2018-09-19 15:42:11,084:INFO: [TRAIN] Step: 693 ; Loss: 17.846 ; Acc: 52.852
2018-09-19 15:42:11,159:INFO: [TRAIN] Step: 694 ; Loss: 16.265 ; Acc: 52.872
2018-09-19 15:42:11,247:INFO: [TRAIN] Step: 695 ; Loss: 17.857 ; Acc: 52.892
2018-09-19 15:42:11,325:INFO: [TRAIN] Step: 696 ; Loss: 21.866 ; Acc: 52.893
2018-09-19 15:42:11,409:INFO: [TRAIN] Step: 697 ; Loss: 15.267 ; Acc: 52.895
2018-09-19 15:42:11,488:INFO: [TRAIN] Step: 698 ; Loss: 18.834 ; Acc: 52.909
2018-09-19 15:42:11,572:INFO: [TRAIN] Step: 699 ; Loss: 23.371 ; Acc: 52.893
2018-09-19 15:42:11,649:INFO: [TRAIN] Step: 700 ; Loss: 24.095 ; Acc: 52.871
2018-09-19 15:42:11,738:INFO: [TRAIN] Step: 701 ; Loss: 20.974 ; Acc: 52.873
2018-09-19 15:42:11,819:INFO: [TRAIN] Step: 702 ; Loss: 16.677 ; Acc: 52.898
2018-09-19 15:42:11,903:INFO: [TRAIN] Step: 703 ; Loss: 13.689 ; Acc: 52.924
2018-09-19 15:42:11,985:INFO: [TRAIN] Step: 704 ; Loss: 15.000 ; Acc: 52.961
2018-09-19 15:42:12,072:INFO: [TRAIN] Step: 705 ; Loss: 16.044 ; Acc: 52.992
2018-09-19 15:42:12,152:INFO: [TRAIN] Step: 706 ; Loss: 15.780 ; Acc: 53.012
2018-09-19 15:42:12,242:INFO: [TRAIN] Step: 707 ; Loss: 26.980 ; Acc: 53.007
2018-09-19 15:42:12,329:INFO: [TRAIN] Step: 708 ; Loss: 17.559 ; Acc: 53.021
2018-09-19 15:42:12,416:INFO: [TRAIN] Step: 709 ; Loss: 15.043 ; Acc: 53.040
2018-09-19 15:42:12,504:INFO: [TRAIN] Step: 710 ; Loss: 20.660 ; Acc: 53.041
2018-09-19 15:42:12,595:INFO: [TRAIN] Step: 711 ; Loss: 18.799 ; Acc: 53.066
2018-09-19 15:42:12,677:INFO: [TRAIN] Step: 712 ; Loss: 19.279 ; Acc: 53.080
2018-09-19 15:42:12,766:INFO: [TRAIN] Step: 713 ; Loss: 22.625 ; Acc: 53.087
2018-09-19 15:42:12,851:INFO: [TRAIN] Step: 714 ; Loss: 21.627 ; Acc: 53.094
2018-09-19 15:42:12,959:INFO: [TRAIN] Step: 715 ; Loss: 21.478 ; Acc: 53.084
2018-09-19 15:42:13,059:INFO: [TRAIN] Step: 716 ; Loss: 19.431 ; Acc: 53.086
2018-09-19 15:42:13,153:INFO: [TRAIN] Step: 717 ; Loss: 22.230 ; Acc: 53.087
2018-09-19 15:42:13,245:INFO: [TRAIN] Step: 718 ; Loss: 21.021 ; Acc: 53.089
2018-09-19 15:42:13,341:INFO: [TRAIN] Step: 719 ; Loss: 22.097 ; Acc: 53.084
2018-09-19 15:42:13,431:INFO: [TRAIN] Step: 720 ; Loss: 19.383 ; Acc: 53.086
2018-09-19 15:42:13,521:INFO: [TRAIN] Step: 721 ; Loss: 13.387 ; Acc: 53.116
2018-09-19 15:42:13,609:INFO: [TRAIN] Step: 722 ; Loss: 21.944 ; Acc: 53.106
2018-09-19 15:42:13,702:INFO: [TRAIN] Step: 723 ; Loss: 18.780 ; Acc: 53.108
2018-09-19 15:42:13,791:INFO: [TRAIN] Step: 724 ; Loss: 21.555 ; Acc: 53.109
2018-09-19 15:42:13,885:INFO: [TRAIN] Step: 725 ; Loss: 17.413 ; Acc: 53.111
2018-09-19 15:42:13,971:INFO: [TRAIN] Step: 726 ; Loss: 24.027 ; Acc: 53.112
2018-09-19 15:42:14,067:INFO: [TRAIN] Step: 727 ; Loss: 24.485 ; Acc: 53.096
2018-09-19 15:42:14,155:INFO: [TRAIN] Step: 728 ; Loss: 19.433 ; Acc: 53.104
2018-09-19 15:42:14,250:INFO: [TRAIN] Step: 729 ; Loss: 17.065 ; Acc: 53.122
2018-09-19 15:42:14,346:INFO: [TRAIN] Step: 730 ; Loss: 20.038 ; Acc: 53.106
2018-09-19 15:42:14,444:INFO: [TRAIN] Step: 731 ; Loss: 16.766 ; Acc: 53.114
2018-09-19 15:42:14,541:INFO: [TRAIN] Step: 732 ; Loss: 16.675 ; Acc: 53.138
2018-09-19 15:42:14,640:INFO: [TRAIN] Step: 733 ; Loss: 21.254 ; Acc: 53.139
2018-09-19 15:42:14,732:INFO: [TRAIN] Step: 734 ; Loss: 24.391 ; Acc: 53.141
2018-09-19 15:42:14,828:INFO: [TRAIN] Step: 735 ; Loss: 17.751 ; Acc: 53.148
2018-09-19 15:42:14,922:INFO: [TRAIN] Step: 736 ; Loss: 20.323 ; Acc: 53.166
2018-09-19 15:42:15,025:INFO: [TRAIN] Step: 737 ; Loss: 18.404 ; Acc: 53.173
2018-09-19 15:42:15,119:INFO: [TRAIN] Step: 738 ; Loss: 15.529 ; Acc: 53.208
2018-09-19 15:42:15,213:INFO: [TRAIN] Step: 739 ; Loss: 17.383 ; Acc: 53.221
2018-09-19 15:42:15,303:INFO: [TRAIN] Step: 740 ; Loss: 20.903 ; Acc: 53.233
2018-09-19 15:42:15,397:INFO: [TRAIN] Step: 741 ; Loss: 20.940 ; Acc: 53.240
2018-09-19 15:42:15,496:INFO: [TRAIN] Step: 742 ; Loss: 22.497 ; Acc: 53.236
2018-09-19 15:42:15,591:INFO: [TRAIN] Step: 743 ; Loss: 18.874 ; Acc: 53.248
2018-09-19 15:42:15,684:INFO: [TRAIN] Step: 744 ; Loss: 18.769 ; Acc: 53.249
2018-09-19 15:42:15,783:INFO: [TRAIN] Step: 745 ; Loss: 19.572 ; Acc: 53.251
2018-09-19 15:42:15,876:INFO: [TRAIN] Step: 746 ; Loss: 18.902 ; Acc: 53.269
2018-09-19 15:42:15,975:INFO: [TRAIN] Step: 747 ; Loss: 17.419 ; Acc: 53.303
2018-09-19 15:42:16,073:INFO: [TRAIN] Step: 748 ; Loss: 23.576 ; Acc: 53.293
2018-09-19 15:42:16,175:INFO: [TRAIN] Step: 749 ; Loss: 17.046 ; Acc: 53.317
2018-09-19 15:42:16,271:INFO: [TRAIN] Step: 750 ; Loss: 20.695 ; Acc: 53.318
2018-09-19 15:42:16,372:INFO: [TRAIN] Step: 751 ; Loss: 15.136 ; Acc: 53.336
2018-09-19 15:42:16,471:INFO: [TRAIN] Step: 752 ; Loss: 21.953 ; Acc: 53.326
2018-09-19 15:42:16,572:INFO: [TRAIN] Step: 753 ; Loss: 16.041 ; Acc: 53.349
2018-09-19 15:42:16,672:INFO: [TRAIN] Step: 754 ; Loss: 21.464 ; Acc: 53.339
2018-09-19 15:42:16,778:INFO: [TRAIN] Step: 755 ; Loss: 20.405 ; Acc: 53.329
2018-09-19 15:42:16,874:INFO: [TRAIN] Step: 756 ; Loss: 20.173 ; Acc: 53.336
2018-09-19 15:42:16,973:INFO: [TRAIN] Step: 757 ; Loss: 13.057 ; Acc: 53.353
2018-09-19 15:42:17,066:INFO: [TRAIN] Step: 758 ; Loss: 16.330 ; Acc: 53.365
2018-09-19 15:42:17,162:INFO: [TRAIN] Step: 759 ; Loss: 27.068 ; Acc: 53.350
2018-09-19 15:42:17,255:INFO: [TRAIN] Step: 760 ; Loss: 15.393 ; Acc: 53.384
2018-09-19 15:42:17,352:INFO: [TRAIN] Step: 761 ; Loss: 16.407 ; Acc: 53.407
2018-09-19 15:42:17,447:INFO: [TRAIN] Step: 762 ; Loss: 21.042 ; Acc: 53.419
2018-09-19 15:42:17,550:INFO: [TRAIN] Step: 763 ; Loss: 21.398 ; Acc: 53.430
2018-09-19 15:42:17,645:INFO: [TRAIN] Step: 764 ; Loss: 18.225 ; Acc: 53.431
2018-09-19 15:42:17,745:INFO: [TRAIN] Step: 765 ; Loss: 25.370 ; Acc: 53.416
2018-09-19 15:42:17,845:INFO: [TRAIN] Step: 766 ; Loss: 21.593 ; Acc: 53.412
2018-09-19 15:42:17,942:INFO: [TRAIN] Step: 767 ; Loss: 23.575 ; Acc: 53.391
2018-09-19 15:42:18,034:INFO: [TRAIN] Step: 768 ; Loss: 14.379 ; Acc: 53.424
2018-09-19 15:42:18,132:INFO: [TRAIN] Step: 769 ; Loss: 16.265 ; Acc: 53.436
2018-09-19 15:42:18,229:INFO: [TRAIN] Step: 770 ; Loss: 20.000 ; Acc: 53.448
2018-09-19 15:42:18,325:INFO: [TRAIN] Step: 771 ; Loss: 29.396 ; Acc: 53.438
2018-09-19 15:42:18,420:INFO: [TRAIN] Step: 772 ; Loss: 20.198 ; Acc: 53.439
2018-09-19 15:42:18,519:INFO: [TRAIN] Step: 773 ; Loss: 22.159 ; Acc: 53.435
2018-09-19 15:42:18,611:INFO: [TRAIN] Step: 774 ; Loss: 15.550 ; Acc: 53.457
2018-09-19 15:42:18,708:INFO: [TRAIN] Step: 775 ; Loss: 21.139 ; Acc: 53.463
2018-09-19 15:42:18,800:INFO: [TRAIN] Step: 776 ; Loss: 20.765 ; Acc: 53.470
2018-09-19 15:42:18,903:INFO: [TRAIN] Step: 777 ; Loss: 16.906 ; Acc: 53.481
2018-09-19 15:42:18,995:INFO: [TRAIN] Step: 778 ; Loss: 23.434 ; Acc: 53.466
2018-09-19 15:42:19,096:INFO: [TRAIN] Step: 779 ; Loss: 16.967 ; Acc: 53.472
2018-09-19 15:42:19,189:INFO: [TRAIN] Step: 780 ; Loss: 22.561 ; Acc: 53.468
2018-09-19 15:42:19,287:INFO: [TRAIN] Step: 781 ; Loss: 16.440 ; Acc: 53.495
2018-09-19 15:42:19,378:INFO: [TRAIN] Step: 782 ; Loss: 18.753 ; Acc: 53.501
2018-09-19 15:42:19,476:INFO: [TRAIN] Step: 783 ; Loss: 22.409 ; Acc: 53.486
2018-09-19 15:42:19,565:INFO: [TRAIN] Step: 784 ; Loss: 21.949 ; Acc: 53.508
2018-09-19 15:42:19,667:INFO: [TRAIN] Step: 785 ; Loss: 17.272 ; Acc: 53.531
2018-09-19 15:42:19,769:INFO: [TRAIN] Step: 786 ; Loss: 17.790 ; Acc: 53.558
2018-09-19 15:42:19,867:INFO: [TRAIN] Step: 787 ; Loss: 21.569 ; Acc: 53.559
2018-09-19 15:42:19,970:INFO: [TRAIN] Step: 788 ; Loss: 21.762 ; Acc: 53.559
2018-09-19 15:42:20,069:INFO: [TRAIN] Step: 789 ; Loss: 22.888 ; Acc: 53.539
2018-09-19 15:42:20,162:INFO: [TRAIN] Step: 790 ; Loss: 20.271 ; Acc: 53.566
2018-09-19 15:42:20,263:INFO: [TRAIN] Step: 791 ; Loss: 23.339 ; Acc: 53.535
2018-09-19 15:42:20,355:INFO: [TRAIN] Step: 792 ; Loss: 24.893 ; Acc: 53.520
2018-09-19 15:42:20,454:INFO: [TRAIN] Step: 793 ; Loss: 22.669 ; Acc: 53.511
2018-09-19 15:42:20,546:INFO: [TRAIN] Step: 794 ; Loss: 14.807 ; Acc: 53.532
2018-09-19 15:42:20,642:INFO: [TRAIN] Step: 795 ; Loss: 20.524 ; Acc: 53.528
2018-09-19 15:42:20,732:INFO: [TRAIN] Step: 796 ; Loss: 17.806 ; Acc: 53.545
2018-09-19 15:42:20,831:INFO: [TRAIN] Step: 797 ; Loss: 15.168 ; Acc: 53.561
2018-09-19 15:42:20,928:INFO: [TRAIN] Step: 798 ; Loss: 23.376 ; Acc: 53.557
2018-09-19 15:42:21,030:INFO: [TRAIN] Step: 799 ; Loss: 17.035 ; Acc: 53.578
2018-09-19 15:42:21,120:INFO: [TRAIN] Step: 800 ; Loss: 19.243 ; Acc: 53.579
2018-09-19 15:42:21,219:INFO: [TRAIN] Step: 801 ; Loss: 18.209 ; Acc: 53.595
2018-09-19 15:42:21,313:INFO: [TRAIN] Step: 802 ; Loss: 20.604 ; Acc: 53.606
2018-09-19 15:42:21,409:INFO: [TRAIN] Step: 803 ; Loss: 18.401 ; Acc: 53.623
2018-09-19 15:42:21,501:INFO: [TRAIN] Step: 804 ; Loss: 22.339 ; Acc: 53.618
2018-09-19 15:42:21,600:INFO: [TRAIN] Step: 805 ; Loss: 19.040 ; Acc: 53.614
2018-09-19 15:42:21,695:INFO: [TRAIN] Step: 806 ; Loss: 22.587 ; Acc: 53.614
2018-09-19 15:42:21,791:INFO: [TRAIN] Step: 807 ; Loss: 17.565 ; Acc: 53.625
2018-09-19 15:42:21,882:INFO: [TRAIN] Step: 808 ; Loss: 16.092 ; Acc: 53.641
2018-09-19 15:42:21,983:INFO: [TRAIN] Step: 809 ; Loss: 18.244 ; Acc: 53.652
2018-09-19 15:42:22,083:INFO: [TRAIN] Step: 810 ; Loss: 20.455 ; Acc: 53.668
2018-09-19 15:42:22,181:INFO: [TRAIN] Step: 811 ; Loss: 16.415 ; Acc: 53.700
2018-09-19 15:42:22,272:INFO: [TRAIN] Step: 812 ; Loss: 24.495 ; Acc: 53.690
2018-09-19 15:42:22,371:INFO: [TRAIN] Step: 813 ; Loss: 17.759 ; Acc: 53.696
2018-09-19 15:42:22,462:INFO: [TRAIN] Step: 814 ; Loss: 28.848 ; Acc: 53.671
2018-09-19 15:42:22,563:INFO: [TRAIN] Step: 815 ; Loss: 14.574 ; Acc: 53.692
2018-09-19 15:42:22,656:INFO: [TRAIN] Step: 816 ; Loss: 17.633 ; Acc: 53.708
2018-09-19 15:42:22,759:INFO: [TRAIN] Step: 817 ; Loss: 14.994 ; Acc: 53.729
2018-09-19 15:42:22,855:INFO: [TRAIN] Step: 818 ; Loss: 20.540 ; Acc: 53.739
2018-09-19 15:42:22,951:INFO: [TRAIN] Step: 819 ; Loss: 19.750 ; Acc: 53.740
2018-09-19 15:42:23,049:INFO: [TRAIN] Step: 820 ; Loss: 15.574 ; Acc: 53.756
2018-09-19 15:42:23,149:INFO: [TRAIN] Step: 821 ; Loss: 20.710 ; Acc: 53.731
2018-09-19 15:42:23,240:INFO: [TRAIN] Step: 822 ; Loss: 18.706 ; Acc: 53.721
2018-09-19 15:42:23,338:INFO: [TRAIN] Step: 823 ; Loss: 21.398 ; Acc: 53.727
2018-09-19 15:42:23,431:INFO: [TRAIN] Step: 824 ; Loss: 21.383 ; Acc: 53.712
2018-09-19 15:42:23,533:INFO: [TRAIN] Step: 825 ; Loss: 19.736 ; Acc: 53.733
2018-09-19 15:42:23,626:INFO: [TRAIN] Step: 826 ; Loss: 21.156 ; Acc: 53.738
2018-09-19 15:42:23,724:INFO: [TRAIN] Step: 827 ; Loss: 23.701 ; Acc: 53.754
2018-09-19 15:42:23,817:INFO: [TRAIN] Step: 828 ; Loss: 16.554 ; Acc: 53.770
2018-09-19 15:42:23,915:INFO: [TRAIN] Step: 829 ; Loss: 19.266 ; Acc: 53.780
2018-09-19 15:42:24,007:INFO: [TRAIN] Step: 830 ; Loss: 20.432 ; Acc: 53.781
2018-09-19 15:42:24,106:INFO: [TRAIN] Step: 831 ; Loss: 22.549 ; Acc: 53.786
2018-09-19 15:42:24,199:INFO: [TRAIN] Step: 832 ; Loss: 18.228 ; Acc: 53.792
2018-09-19 15:42:24,295:INFO: [TRAIN] Step: 833 ; Loss: 19.436 ; Acc: 53.797
2018-09-19 15:42:24,391:INFO: [TRAIN] Step: 834 ; Loss: 18.835 ; Acc: 53.797
2018-09-19 15:42:24,490:INFO: [TRAIN] Step: 835 ; Loss: 19.606 ; Acc: 53.803
2018-09-19 15:42:24,581:INFO: [TRAIN] Step: 836 ; Loss: 19.024 ; Acc: 53.813
2018-09-19 15:42:24,677:INFO: [TRAIN] Step: 837 ; Loss: 16.577 ; Acc: 53.834
2018-09-19 15:42:24,777:INFO: [TRAIN] Step: 838 ; Loss: 19.054 ; Acc: 53.854
2018-09-19 15:42:24,872:INFO: [TRAIN] Step: 839 ; Loss: 23.718 ; Acc: 53.849
2018-09-19 15:42:24,969:INFO: [TRAIN] Step: 840 ; Loss: 20.248 ; Acc: 53.864
2018-09-19 15:42:25,073:INFO: [TRAIN] Step: 841 ; Loss: 23.041 ; Acc: 53.855
2018-09-19 15:42:25,168:INFO: [TRAIN] Step: 842 ; Loss: 16.993 ; Acc: 53.870
2018-09-19 15:42:25,263:INFO: [TRAIN] Step: 843 ; Loss: 18.329 ; Acc: 53.870
2018-09-19 15:42:25,359:INFO: [TRAIN] Step: 844 ; Loss: 14.394 ; Acc: 53.895
2018-09-19 15:42:25,456:INFO: [TRAIN] Step: 845 ; Loss: 22.419 ; Acc: 53.891
2018-09-19 15:42:25,548:INFO: [TRAIN] Step: 846 ; Loss: 18.901 ; Acc: 53.891
2018-09-19 15:42:25,651:INFO: [TRAIN] Step: 847 ; Loss: 18.218 ; Acc: 53.921
2018-09-19 15:42:25,743:INFO: [TRAIN] Step: 848 ; Loss: 16.616 ; Acc: 53.931
2018-09-19 15:42:25,840:INFO: [TRAIN] Step: 849 ; Loss: 21.488 ; Acc: 53.931
2018-09-19 15:42:25,930:INFO: [TRAIN] Step: 850 ; Loss: 18.241 ; Acc: 53.937
2018-09-19 15:42:26,027:INFO: [TRAIN] Step: 851 ; Loss: 19.149 ; Acc: 53.947
2018-09-19 15:42:26,120:INFO: [TRAIN] Step: 852 ; Loss: 21.697 ; Acc: 53.947
2018-09-19 15:42:26,218:INFO: [TRAIN] Step: 853 ; Loss: 21.778 ; Acc: 53.952
2018-09-19 15:42:26,320:INFO: [TRAIN] Step: 854 ; Loss: 19.630 ; Acc: 53.962
2018-09-19 15:42:26,412:INFO: [TRAIN] Step: 855 ; Loss: 21.536 ; Acc: 53.943
2018-09-19 15:42:26,503:INFO: [TRAIN] Step: 856 ; Loss: 21.722 ; Acc: 53.924
2018-09-19 15:42:26,601:INFO: [TRAIN] Step: 857 ; Loss: 24.128 ; Acc: 53.914
2018-09-19 15:42:26,691:INFO: [TRAIN] Step: 858 ; Loss: 17.118 ; Acc: 53.939
2018-09-19 15:42:26,792:INFO: [TRAIN] Step: 859 ; Loss: 19.619 ; Acc: 53.949
2018-09-19 15:42:26,882:INFO: [TRAIN] Step: 860 ; Loss: 19.479 ; Acc: 53.944
2018-09-19 15:42:26,976:INFO: [TRAIN] Step: 861 ; Loss: 19.532 ; Acc: 53.944
2018-09-19 15:42:27,063:INFO: [TRAIN] Step: 862 ; Loss: 18.348 ; Acc: 53.959
2018-09-19 15:42:27,156:INFO: [TRAIN] Step: 863 ; Loss: 21.666 ; Acc: 53.959
2018-09-19 15:42:27,245:INFO: [TRAIN] Step: 864 ; Loss: 19.169 ; Acc: 53.974
2018-09-19 15:42:27,342:INFO: [TRAIN] Step: 865 ; Loss: 17.070 ; Acc: 53.969
2018-09-19 15:42:27,433:INFO: [TRAIN] Step: 866 ; Loss: 13.767 ; Acc: 53.989
2018-09-19 15:42:27,529:INFO: [TRAIN] Step: 867 ; Loss: 14.489 ; Acc: 54.008
2018-09-19 15:42:27,615:INFO: [TRAIN] Step: 868 ; Loss: 17.695 ; Acc: 54.023
2018-09-19 15:42:27,710:INFO: [TRAIN] Step: 869 ; Loss: 16.904 ; Acc: 54.042
2018-09-19 15:42:27,798:INFO: [TRAIN] Step: 870 ; Loss: 23.714 ; Acc: 54.038
2018-09-19 15:42:27,892:INFO: [TRAIN] Step: 871 ; Loss: 20.657 ; Acc: 54.047
2018-09-19 15:42:27,983:INFO: [TRAIN] Step: 872 ; Loss: 24.749 ; Acc: 54.047
2018-09-19 15:42:28,079:INFO: [TRAIN] Step: 873 ; Loss: 15.992 ; Acc: 54.067
2018-09-19 15:42:28,170:INFO: [TRAIN] Step: 874 ; Loss: 19.511 ; Acc: 54.076
2018-09-19 15:42:28,263:INFO: [TRAIN] Step: 875 ; Loss: 19.789 ; Acc: 54.081
2018-09-19 15:42:28,353:INFO: [TRAIN] Step: 876 ; Loss: 19.137 ; Acc: 54.086
2018-09-19 15:42:28,443:INFO: [TRAIN] Step: 877 ; Loss: 21.448 ; Acc: 54.100
2018-09-19 15:42:28,530:INFO: [TRAIN] Step: 878 ; Loss: 22.585 ; Acc: 54.096
2018-09-19 15:42:28,625:INFO: [TRAIN] Step: 879 ; Loss: 21.733 ; Acc: 54.096
2018-09-19 15:42:28,712:INFO: [TRAIN] Step: 880 ; Loss: 17.452 ; Acc: 54.110
2018-09-19 15:42:28,808:INFO: [TRAIN] Step: 881 ; Loss: 19.443 ; Acc: 54.119
2018-09-19 15:42:28,894:INFO: [TRAIN] Step: 882 ; Loss: 20.230 ; Acc: 54.124
2018-09-19 15:42:28,987:INFO: [TRAIN] Step: 883 ; Loss: 18.463 ; Acc: 54.134
2018-09-19 15:42:29,074:INFO: [TRAIN] Step: 884 ; Loss: 22.041 ; Acc: 54.138
2018-09-19 15:42:29,166:INFO: [TRAIN] Step: 885 ; Loss: 19.381 ; Acc: 54.148
2018-09-19 15:42:29,260:INFO: [TRAIN] Step: 886 ; Loss: 23.713 ; Acc: 54.148
2018-09-19 15:42:29,358:INFO: [TRAIN] Step: 887 ; Loss: 17.313 ; Acc: 54.153
2018-09-19 15:42:29,449:INFO: [TRAIN] Step: 888 ; Loss: 24.150 ; Acc: 54.134
2018-09-19 15:42:29,544:INFO: [TRAIN] Step: 889 ; Loss: 18.632 ; Acc: 54.125
2018-09-19 15:42:29,632:INFO: [TRAIN] Step: 890 ; Loss: 19.103 ; Acc: 54.129
2018-09-19 15:42:29,731:INFO: [TRAIN] Step: 891 ; Loss: 16.618 ; Acc: 54.148
2018-09-19 15:42:29,826:INFO: [TRAIN] Step: 892 ; Loss: 20.132 ; Acc: 54.134
2018-09-19 15:42:29,917:INFO: [TRAIN] Step: 893 ; Loss: 19.081 ; Acc: 54.148
2018-09-19 15:42:30,010:INFO: [TRAIN] Step: 894 ; Loss: 21.707 ; Acc: 54.157
2018-09-19 15:42:30,105:INFO: [TRAIN] Step: 895 ; Loss: 17.296 ; Acc: 54.167
2018-09-19 15:42:30,195:INFO: [TRAIN] Step: 896 ; Loss: 19.123 ; Acc: 54.181
2018-09-19 15:42:30,286:INFO: [TRAIN] Step: 897 ; Loss: 24.469 ; Acc: 54.171
2018-09-19 15:42:30,376:INFO: [TRAIN] Step: 898 ; Loss: 16.588 ; Acc: 54.185
2018-09-19 15:42:30,469:INFO: [TRAIN] Step: 899 ; Loss: 21.089 ; Acc: 54.199
2018-09-19 15:42:30,550:INFO: [TRAIN] Step: 900 ; Loss: 21.366 ; Acc: 54.194
2018-09-19 15:42:30,642:INFO: [TRAIN] Step: 901 ; Loss: 13.709 ; Acc: 54.208
2018-09-19 15:42:30,728:INFO: [TRAIN] Step: 902 ; Loss: 20.320 ; Acc: 54.217
2018-09-19 15:42:30,817:INFO: [TRAIN] Step: 903 ; Loss: 18.712 ; Acc: 54.222
2018-09-19 15:42:30,904:INFO: [TRAIN] Step: 904 ; Loss: 20.556 ; Acc: 54.217
2018-09-19 15:42:30,991:INFO: [TRAIN] Step: 905 ; Loss: 19.983 ; Acc: 54.226
2018-09-19 15:42:31,077:INFO: [TRAIN] Step: 906 ; Loss: 15.461 ; Acc: 54.240
2018-09-19 15:42:31,169:INFO: [TRAIN] Step: 907 ; Loss: 20.137 ; Acc: 54.226
2018-09-19 15:42:31,258:INFO: [TRAIN] Step: 908 ; Loss: 23.014 ; Acc: 54.226
2018-09-19 15:42:31,355:INFO: [TRAIN] Step: 909 ; Loss: 19.427 ; Acc: 54.212
2018-09-19 15:42:31,442:INFO: [TRAIN] Step: 910 ; Loss: 20.225 ; Acc: 54.231
2018-09-19 15:42:31,532:INFO: [TRAIN] Step: 911 ; Loss: 16.374 ; Acc: 54.240
2018-09-19 15:42:31,621:INFO: [TRAIN] Step: 912 ; Loss: 18.228 ; Acc: 54.253
2018-09-19 15:42:31,717:INFO: [TRAIN] Step: 913 ; Loss: 23.099 ; Acc: 54.262
2018-09-19 15:42:31,805:INFO: [TRAIN] Step: 914 ; Loss: 21.016 ; Acc: 54.262
2018-09-19 15:42:31,900:INFO: [TRAIN] Step: 915 ; Loss: 17.362 ; Acc: 54.271
2018-09-19 15:42:31,986:INFO: [TRAIN] Step: 916 ; Loss: 20.232 ; Acc: 54.267
2018-09-19 15:42:32,096:INFO: [TRAIN] Step: 917 ; Loss: 20.492 ; Acc: 54.271
2018-09-19 15:42:32,201:INFO: [TRAIN] Step: 918 ; Loss: 23.620 ; Acc: 54.280
2018-09-19 15:42:32,295:INFO: [TRAIN] Step: 919 ; Loss: 13.708 ; Acc: 54.298
2018-09-19 15:42:32,381:INFO: [TRAIN] Step: 920 ; Loss: 14.611 ; Acc: 54.293
2018-09-19 15:42:32,473:INFO: [TRAIN] Step: 921 ; Loss: 23.042 ; Acc: 54.289
2018-09-19 15:42:32,567:INFO: [TRAIN] Step: 922 ; Loss: 17.433 ; Acc: 54.298
2018-09-19 15:42:32,656:INFO: [TRAIN] Step: 923 ; Loss: 18.017 ; Acc: 54.324
2018-09-19 15:42:32,744:INFO: [TRAIN] Step: 924 ; Loss: 17.325 ; Acc: 54.347
2018-09-19 15:42:32,833:INFO: [TRAIN] Step: 925 ; Loss: 15.896 ; Acc: 54.365
2018-09-19 15:42:32,917:INFO: [TRAIN] Step: 926 ; Loss: 18.682 ; Acc: 54.355
2018-09-19 15:42:33,017:INFO: [TRAIN] Step: 927 ; Loss: 18.603 ; Acc: 54.360
2018-09-19 15:42:33,110:INFO: [TRAIN] Step: 928 ; Loss: 16.913 ; Acc: 54.368
2018-09-19 15:42:33,202:INFO: [TRAIN] Step: 929 ; Loss: 17.581 ; Acc: 54.382
2018-09-19 15:42:33,287:INFO: [TRAIN] Step: 930 ; Loss: 20.625 ; Acc: 54.386
2018-09-19 15:42:33,380:INFO: [TRAIN] Step: 931 ; Loss: 23.803 ; Acc: 54.363
2018-09-19 15:42:33,463:INFO: [TRAIN] Step: 932 ; Loss: 26.154 ; Acc: 54.350
2018-09-19 15:42:33,555:INFO: [TRAIN] Step: 933 ; Loss: 22.391 ; Acc: 54.341
2018-09-19 15:42:33,645:INFO: [TRAIN] Step: 934 ; Loss: 17.678 ; Acc: 54.354
2018-09-19 15:42:33,736:INFO: [TRAIN] Step: 935 ; Loss: 18.203 ; Acc: 54.358
2018-09-19 15:42:33,825:INFO: [TRAIN] Step: 936 ; Loss: 22.987 ; Acc: 54.336
2018-09-19 15:42:33,918:INFO: [TRAIN] Step: 937 ; Loss: 13.934 ; Acc: 54.349
2018-09-19 15:42:34,003:INFO: [TRAIN] Step: 938 ; Loss: 20.122 ; Acc: 54.357
2018-09-19 15:42:34,095:INFO: [TRAIN] Step: 939 ; Loss: 19.009 ; Acc: 54.344
2018-09-19 15:42:34,182:INFO: [TRAIN] Step: 940 ; Loss: 19.555 ; Acc: 54.335
2018-09-19 15:42:34,274:INFO: [TRAIN] Step: 941 ; Loss: 22.244 ; Acc: 54.339
2018-09-19 15:42:34,357:INFO: [TRAIN] Step: 942 ; Loss: 27.496 ; Acc: 54.335
2018-09-19 15:42:34,449:INFO: [TRAIN] Step: 943 ; Loss: 18.852 ; Acc: 54.343
2018-09-19 15:42:34,535:INFO: [TRAIN] Step: 944 ; Loss: 23.772 ; Acc: 54.330
2018-09-19 15:42:34,627:INFO: [TRAIN] Step: 945 ; Loss: 25.416 ; Acc: 54.325
2018-09-19 15:42:34,712:INFO: [TRAIN] Step: 946 ; Loss: 20.999 ; Acc: 54.329
2018-09-19 15:42:34,803:INFO: [TRAIN] Step: 947 ; Loss: 19.163 ; Acc: 54.320
2018-09-19 15:42:34,891:INFO: [TRAIN] Step: 948 ; Loss: 20.020 ; Acc: 54.325
2018-09-19 15:42:34,982:INFO: [TRAIN] Step: 949 ; Loss: 19.002 ; Acc: 54.325
2018-09-19 15:42:35,070:INFO: [TRAIN] Step: 950 ; Loss: 14.055 ; Acc: 54.346
2018-09-19 15:42:35,164:INFO: [TRAIN] Step: 951 ; Loss: 18.822 ; Acc: 54.350
2018-09-19 15:42:35,250:INFO: [TRAIN] Step: 952 ; Loss: 17.022 ; Acc: 54.363
2018-09-19 15:42:35,342:INFO: [TRAIN] Step: 953 ; Loss: 20.654 ; Acc: 54.346
2018-09-19 15:42:35,431:INFO: [TRAIN] Step: 954 ; Loss: 16.270 ; Acc: 54.359
2018-09-19 15:42:35,523:INFO: [TRAIN] Step: 955 ; Loss: 20.603 ; Acc: 54.372
2018-09-19 15:42:35,610:INFO: [TRAIN] Step: 956 ; Loss: 18.769 ; Acc: 54.393
2018-09-19 15:42:35,701:INFO: [TRAIN] Step: 957 ; Loss: 20.784 ; Acc: 54.406
2018-09-19 15:42:35,807:INFO: [TRAIN] Step: 958 ; Loss: 19.537 ; Acc: 54.423
2018-09-19 15:42:35,898:INFO: [TRAIN] Step: 959 ; Loss: 19.078 ; Acc: 54.427
2018-09-19 15:42:35,987:INFO: [TRAIN] Step: 960 ; Loss: 17.750 ; Acc: 54.431
2018-09-19 15:42:36,078:INFO: [TRAIN] Step: 961 ; Loss: 15.543 ; Acc: 54.457
2018-09-19 15:42:36,171:INFO: [TRAIN] Step: 962 ; Loss: 15.487 ; Acc: 54.474
2018-09-19 15:42:36,264:INFO: [TRAIN] Step: 963 ; Loss: 15.763 ; Acc: 54.478
2018-09-19 15:42:36,353:INFO: [TRAIN] Step: 964 ; Loss: 18.422 ; Acc: 54.478
2018-09-19 15:42:36,444:INFO: [TRAIN] Step: 965 ; Loss: 20.043 ; Acc: 54.486
2018-09-19 15:42:36,530:INFO: [TRAIN] Step: 966 ; Loss: 16.494 ; Acc: 54.498
2018-09-19 15:42:36,623:INFO: [TRAIN] Step: 967 ; Loss: 18.456 ; Acc: 54.502
2018-09-19 15:42:36,706:INFO: [TRAIN] Step: 968 ; Loss: 14.423 ; Acc: 54.519
2018-09-19 15:42:36,795:INFO: [TRAIN] Step: 969 ; Loss: 21.480 ; Acc: 54.532
2018-09-19 15:42:36,882:INFO: [TRAIN] Step: 970 ; Loss: 20.037 ; Acc: 54.531
2018-09-19 15:42:36,973:INFO: [TRAIN] Step: 971 ; Loss: 18.972 ; Acc: 54.552
2018-09-19 15:42:37,066:INFO: [TRAIN] Step: 972 ; Loss: 15.564 ; Acc: 54.556
2018-09-19 15:42:37,156:INFO: [TRAIN] Step: 973 ; Loss: 13.940 ; Acc: 54.569
2018-09-19 15:42:37,242:INFO: [TRAIN] Step: 974 ; Loss: 16.646 ; Acc: 54.568
2018-09-19 15:42:37,334:INFO: [TRAIN] Step: 975 ; Loss: 23.829 ; Acc: 54.551
2018-09-19 15:42:37,424:INFO: [TRAIN] Step: 976 ; Loss: 14.784 ; Acc: 54.585
2018-09-19 15:42:37,519:INFO: [TRAIN] Step: 977 ; Loss: 19.106 ; Acc: 54.601
2018-09-19 15:42:37,614:INFO: [TRAIN] Step: 978 ; Loss: 18.300 ; Acc: 54.614
2018-09-19 15:42:37,713:INFO: [TRAIN] Step: 979 ; Loss: 31.573 ; Acc: 54.605
2018-09-19 15:42:37,798:INFO: [TRAIN] Step: 980 ; Loss: 18.543 ; Acc: 54.613
2018-09-19 15:42:37,887:INFO: [TRAIN] Step: 981 ; Loss: 24.627 ; Acc: 54.608
2018-09-19 15:42:37,972:INFO: [TRAIN] Step: 982 ; Loss: 18.300 ; Acc: 54.629
2018-09-19 15:42:38,065:INFO: [TRAIN] Step: 983 ; Loss: 15.698 ; Acc: 54.658
2018-09-19 15:42:38,152:INFO: [TRAIN] Step: 984 ; Loss: 15.633 ; Acc: 54.657
2018-09-19 15:42:38,246:INFO: [TRAIN] Step: 985 ; Loss: 21.493 ; Acc: 54.653
2018-09-19 15:42:38,333:INFO: [TRAIN] Step: 986 ; Loss: 19.191 ; Acc: 54.665
2018-09-19 15:42:38,427:INFO: [TRAIN] Step: 987 ; Loss: 20.657 ; Acc: 54.681
2018-09-19 15:42:38,515:INFO: [TRAIN] Step: 988 ; Loss: 19.826 ; Acc: 54.689
2018-09-19 15:42:38,608:INFO: [TRAIN] Step: 989 ; Loss: 19.950 ; Acc: 54.680
2018-09-19 15:42:38,693:INFO: [TRAIN] Step: 990 ; Loss: 21.426 ; Acc: 54.688
2018-09-19 15:42:38,785:INFO: [TRAIN] Step: 991 ; Loss: 17.509 ; Acc: 54.696
2018-09-19 15:42:38,870:INFO: [TRAIN] Step: 992 ; Loss: 14.394 ; Acc: 54.721
2018-09-19 15:42:38,963:INFO: [TRAIN] Step: 993 ; Loss: 20.560 ; Acc: 54.716
2018-09-19 15:42:39,050:INFO: [TRAIN] Step: 994 ; Loss: 26.507 ; Acc: 54.703
2018-09-19 15:42:39,141:INFO: [TRAIN] Step: 995 ; Loss: 18.670 ; Acc: 54.711
2018-09-19 15:42:39,228:INFO: [TRAIN] Step: 996 ; Loss: 15.682 ; Acc: 54.723
2018-09-19 15:42:39,320:INFO: [TRAIN] Step: 997 ; Loss: 18.483 ; Acc: 54.734
2018-09-19 15:42:39,405:INFO: [TRAIN] Step: 998 ; Loss: 16.535 ; Acc: 54.751
2018-09-19 15:42:39,501:INFO: [TRAIN] Step: 999 ; Loss: 16.608 ; Acc: 54.758
2018-09-19 15:42:39,592:INFO: [TRAIN] Step: 1000 ; Loss: 19.129 ; Acc: 54.758
2018-09-19 15:42:39,689:INFO: [TRAIN] Step: 1001 ; Loss: 16.003 ; Acc: 54.765
2018-09-19 15:42:39,781:INFO: [TRAIN] Step: 1002 ; Loss: 24.534 ; Acc: 54.761
2018-09-19 15:42:39,879:INFO: [TRAIN] Step: 1003 ; Loss: 16.512 ; Acc: 54.777
2018-09-19 15:42:39,973:INFO: [TRAIN] Step: 1004 ; Loss: 18.155 ; Acc: 54.772
2018-09-19 15:42:40,069:INFO: [TRAIN] Step: 1005 ; Loss: 25.976 ; Acc: 54.751
2018-09-19 15:42:40,153:INFO: [TRAIN] Step: 1006 ; Loss: 17.406 ; Acc: 54.762
2018-09-19 15:42:40,247:INFO: [TRAIN] Step: 1007 ; Loss: 20.274 ; Acc: 54.774
2018-09-19 15:42:40,339:INFO: [TRAIN] Step: 1008 ; Loss: 20.148 ; Acc: 54.765
2018-09-19 15:42:40,437:INFO: [TRAIN] Step: 1009 ; Loss: 21.172 ; Acc: 54.765
2018-09-19 15:42:40,527:INFO: [TRAIN] Step: 1010 ; Loss: 13.782 ; Acc: 54.793
2018-09-19 15:42:40,626:INFO: [TRAIN] Step: 1011 ; Loss: 17.036 ; Acc: 54.809
2018-09-19 15:42:40,717:INFO: [TRAIN] Step: 1012 ; Loss: 19.314 ; Acc: 54.796
2018-09-19 15:42:40,815:INFO: [TRAIN] Step: 1013 ; Loss: 13.483 ; Acc: 54.820
2018-09-19 15:42:40,903:INFO: [TRAIN] Step: 1014 ; Loss: 16.615 ; Acc: 54.836
2018-09-19 15:42:40,996:INFO: [TRAIN] Step: 1015 ; Loss: 18.790 ; Acc: 54.831
2018-09-19 15:42:41,083:INFO: [TRAIN] Step: 1016 ; Loss: 14.246 ; Acc: 54.851
2018-09-19 15:42:41,181:INFO: [TRAIN] Step: 1017 ; Loss: 20.319 ; Acc: 54.867
2018-09-19 15:42:41,273:INFO: [TRAIN] Step: 1018 ; Loss: 15.497 ; Acc: 54.866
2018-09-19 15:42:41,367:INFO: [TRAIN] Step: 1019 ; Loss: 20.275 ; Acc: 54.869
2018-09-19 15:42:41,454:INFO: [TRAIN] Step: 1020 ; Loss: 19.672 ; Acc: 54.869
2018-09-19 15:42:41,547:INFO: [TRAIN] Step: 1021 ; Loss: 20.213 ; Acc: 54.852
2018-09-19 15:42:41,634:INFO: [TRAIN] Step: 1022 ; Loss: 14.309 ; Acc: 54.855
2018-09-19 15:42:41,732:INFO: [TRAIN] Step: 1023 ; Loss: 15.373 ; Acc: 54.862
2018-09-19 15:42:41,828:INFO: [TRAIN] Step: 1024 ; Loss: 19.653 ; Acc: 54.862
2018-09-19 15:42:41,931:INFO: [TRAIN] Step: 1025 ; Loss: 18.752 ; Acc: 54.865
2018-09-19 15:42:42,017:INFO: [TRAIN] Step: 1026 ; Loss: 18.930 ; Acc: 54.869
2018-09-19 15:42:42,107:INFO: [TRAIN] Step: 1027 ; Loss: 13.411 ; Acc: 54.896
2018-09-19 15:42:42,196:INFO: [TRAIN] Step: 1028 ; Loss: 14.283 ; Acc: 54.912
2018-09-19 15:42:42,301:INFO: [TRAIN] Step: 1029 ; Loss: 23.423 ; Acc: 54.907
2018-09-19 15:42:42,400:INFO: [TRAIN] Step: 1030 ; Loss: 15.701 ; Acc: 54.922
2018-09-19 15:42:42,497:INFO: [TRAIN] Step: 1031 ; Loss: 19.365 ; Acc: 54.930
2018-09-19 15:42:42,582:INFO: [TRAIN] Step: 1032 ; Loss: 20.731 ; Acc: 54.925
2018-09-19 15:42:42,671:INFO: [TRAIN] Step: 1033 ; Loss: 18.383 ; Acc: 54.924
2018-09-19 15:42:42,762:INFO: [TRAIN] Step: 1034 ; Loss: 12.578 ; Acc: 54.948
2018-09-19 15:42:42,859:INFO: [TRAIN] Step: 1035 ; Loss: 15.529 ; Acc: 54.963
2018-09-19 15:42:42,952:INFO: [TRAIN] Step: 1036 ; Loss: 20.854 ; Acc: 54.950
2018-09-19 15:42:43,056:INFO: [TRAIN] Step: 1037 ; Loss: 19.647 ; Acc: 54.953
2018-09-19 15:42:43,141:INFO: [TRAIN] Step: 1038 ; Loss: 16.956 ; Acc: 54.957
2018-09-19 15:42:43,231:INFO: [TRAIN] Step: 1039 ; Loss: 17.673 ; Acc: 54.964
2018-09-19 15:42:43,315:INFO: [TRAIN] Step: 1040 ; Loss: 19.118 ; Acc: 54.967
2018-09-19 15:42:43,408:INFO: [TRAIN] Step: 1041 ; Loss: 16.220 ; Acc: 54.978
2018-09-19 15:42:43,504:INFO: [TRAIN] Step: 1042 ; Loss: 16.927 ; Acc: 54.990
2018-09-19 15:42:43,603:INFO: [TRAIN] Step: 1043 ; Loss: 24.457 ; Acc: 54.989
2018-09-19 15:42:43,692:INFO: [TRAIN] Step: 1044 ; Loss: 19.011 ; Acc: 54.980
2018-09-19 15:42:43,789:INFO: [TRAIN] Step: 1045 ; Loss: 21.274 ; Acc: 54.979
2018-09-19 15:42:43,879:INFO: [TRAIN] Step: 1046 ; Loss: 17.329 ; Acc: 54.994
2018-09-19 15:42:43,967:INFO: [TRAIN] Step: 1047 ; Loss: 21.234 ; Acc: 54.994
2018-09-19 15:42:44,057:INFO: [TRAIN] Step: 1048 ; Loss: 14.317 ; Acc: 54.997
2018-09-19 15:42:44,158:INFO: [TRAIN] Step: 1049 ; Loss: 16.984 ; Acc: 55.000
2018-09-19 15:42:44,248:INFO: [TRAIN] Step: 1050 ; Loss: 15.025 ; Acc: 55.015
2018-09-19 15:42:44,341:INFO: [TRAIN] Step: 1051 ; Loss: 16.561 ; Acc: 55.018
2018-09-19 15:42:44,427:INFO: [TRAIN] Step: 1052 ; Loss: 13.993 ; Acc: 55.025
2018-09-19 15:42:44,520:INFO: [TRAIN] Step: 1053 ; Loss: 18.096 ; Acc: 55.021
2018-09-19 15:42:44,610:INFO: [TRAIN] Step: 1054 ; Loss: 17.191 ; Acc: 55.028
2018-09-19 15:42:44,702:INFO: [TRAIN] Step: 1055 ; Loss: 21.925 ; Acc: 55.019
2018-09-19 15:42:44,798:INFO: [TRAIN] Step: 1056 ; Loss: 16.934 ; Acc: 55.030
2018-09-19 15:42:44,895:INFO: [TRAIN] Step: 1057 ; Loss: 16.944 ; Acc: 55.041
2018-09-19 15:42:44,982:INFO: [TRAIN] Step: 1058 ; Loss: 23.871 ; Acc: 55.040
2018-09-19 15:42:45,071:INFO: [TRAIN] Step: 1059 ; Loss: 17.230 ; Acc: 55.047
2018-09-19 15:42:45,159:INFO: [TRAIN] Step: 1060 ; Loss: 23.722 ; Acc: 55.046
2018-09-19 15:42:45,255:INFO: [TRAIN] Step: 1061 ; Loss: 18.946 ; Acc: 55.042
2018-09-19 15:42:45,353:INFO: [TRAIN] Step: 1062 ; Loss: 17.448 ; Acc: 55.053
2018-09-19 15:42:45,446:INFO: [TRAIN] Step: 1063 ; Loss: 20.332 ; Acc: 55.060
2018-09-19 15:42:45,538:INFO: [TRAIN] Step: 1064 ; Loss: 17.484 ; Acc: 55.070
2018-09-19 15:42:45,632:INFO: [TRAIN] Step: 1065 ; Loss: 20.630 ; Acc: 55.077
2018-09-19 15:42:45,721:INFO: [TRAIN] Step: 1066 ; Loss: 18.424 ; Acc: 55.080
2018-09-19 15:42:45,820:INFO: [TRAIN] Step: 1067 ; Loss: 19.862 ; Acc: 55.083
2018-09-19 15:42:45,911:INFO: [TRAIN] Step: 1068 ; Loss: 15.442 ; Acc: 55.094
2018-09-19 15:42:46,010:INFO: [TRAIN] Step: 1069 ; Loss: 19.054 ; Acc: 55.101
2018-09-19 15:42:46,109:INFO: [TRAIN] Step: 1070 ; Loss: 20.717 ; Acc: 55.100
2018-09-19 15:42:46,207:INFO: [TRAIN] Step: 1071 ; Loss: 19.272 ; Acc: 55.115
2018-09-19 15:42:46,293:INFO: [TRAIN] Step: 1072 ; Loss: 11.892 ; Acc: 55.118
2018-09-19 15:42:46,385:INFO: [TRAIN] Step: 1073 ; Loss: 14.133 ; Acc: 55.129
2018-09-19 15:42:46,472:INFO: [TRAIN] Step: 1074 ; Loss: 18.189 ; Acc: 55.147
2018-09-19 15:42:46,564:INFO: [TRAIN] Step: 1075 ; Loss: 21.561 ; Acc: 55.146
2018-09-19 15:42:46,650:INFO: [TRAIN] Step: 1076 ; Loss: 20.588 ; Acc: 55.142
2018-09-19 15:42:46,741:INFO: [TRAIN] Step: 1077 ; Loss: 15.105 ; Acc: 55.160
2018-09-19 15:42:46,827:INFO: [TRAIN] Step: 1078 ; Loss: 18.442 ; Acc: 55.155
2018-09-19 15:42:46,916:INFO: [TRAIN] Step: 1079 ; Loss: 18.264 ; Acc: 55.150
2018-09-19 15:42:47,000:INFO: [TRAIN] Step: 1080 ; Loss: 17.445 ; Acc: 55.161
2018-09-19 15:42:47,090:INFO: [TRAIN] Step: 1081 ; Loss: 17.577 ; Acc: 55.156
2018-09-19 15:42:47,176:INFO: [TRAIN] Step: 1082 ; Loss: 15.026 ; Acc: 55.171
2018-09-19 15:42:47,268:INFO: [TRAIN] Step: 1083 ; Loss: 17.466 ; Acc: 55.178
2018-09-19 15:42:47,353:INFO: [TRAIN] Step: 1084 ; Loss: 22.532 ; Acc: 55.177
2018-09-19 15:42:47,443:INFO: [TRAIN] Step: 1085 ; Loss: 17.845 ; Acc: 55.183
2018-09-19 15:42:47,535:INFO: [TRAIN] Step: 1086 ; Loss: 17.574 ; Acc: 55.186
2018-09-19 15:42:47,632:INFO: [TRAIN] Step: 1087 ; Loss: 14.502 ; Acc: 55.208
2018-09-19 15:42:47,719:INFO: [TRAIN] Step: 1088 ; Loss: 19.813 ; Acc: 55.219
2018-09-19 15:42:47,813:INFO: [TRAIN] Step: 1089 ; Loss: 22.047 ; Acc: 55.206
2018-09-19 15:42:47,897:INFO: [TRAIN] Step: 1090 ; Loss: 19.314 ; Acc: 55.209
2018-09-19 15:42:47,987:INFO: [TRAIN] Step: 1091 ; Loss: 15.493 ; Acc: 55.235
2018-09-19 15:42:48,073:INFO: [TRAIN] Step: 1092 ; Loss: 16.815 ; Acc: 55.242
2018-09-19 15:42:48,163:INFO: [TRAIN] Step: 1093 ; Loss: 15.481 ; Acc: 55.248
2018-09-19 15:42:48,247:INFO: [TRAIN] Step: 1094 ; Loss: 12.747 ; Acc: 55.255
2018-09-19 15:42:48,340:INFO: [TRAIN] Step: 1095 ; Loss: 19.140 ; Acc: 55.258
2018-09-19 15:42:48,443:INFO: [TRAIN] Step: 1096 ; Loss: 19.082 ; Acc: 55.257
2018-09-19 15:42:48,532:INFO: [TRAIN] Step: 1097 ; Loss: 18.602 ; Acc: 55.260
2018-09-19 15:42:48,617:INFO: [TRAIN] Step: 1098 ; Loss: 17.199 ; Acc: 55.266
2018-09-19 15:42:48,708:INFO: [TRAIN] Step: 1099 ; Loss: 17.489 ; Acc: 55.273
2018-09-19 15:42:48,796:INFO: [TRAIN] Step: 1100 ; Loss: 20.235 ; Acc: 55.279
2018-09-19 15:42:48,887:INFO: [TRAIN] Step: 1101 ; Loss: 19.013 ; Acc: 55.275
2018-09-19 15:42:48,975:INFO: [TRAIN] Step: 1102 ; Loss: 16.735 ; Acc: 55.277
2018-09-19 15:42:49,063:INFO: [TRAIN] Step: 1103 ; Loss: 20.816 ; Acc: 55.276
2018-09-19 15:42:49,148:INFO: [TRAIN] Step: 1104 ; Loss: 17.256 ; Acc: 55.283
2018-09-19 15:42:49,242:INFO: [TRAIN] Step: 1105 ; Loss: 20.065 ; Acc: 55.286
2018-09-19 15:42:49,334:INFO: [TRAIN] Step: 1106 ; Loss: 17.369 ; Acc: 55.292
2018-09-19 15:42:49,427:INFO: [TRAIN] Step: 1107 ; Loss: 15.657 ; Acc: 55.299
2018-09-19 15:42:49,509:INFO: [TRAIN] Step: 1108 ; Loss: 20.854 ; Acc: 55.309
2018-09-19 15:42:49,599:INFO: [TRAIN] Step: 1109 ; Loss: 19.020 ; Acc: 55.312
2018-09-19 15:42:49,684:INFO: [TRAIN] Step: 1110 ; Loss: 22.284 ; Acc: 55.318
2018-09-19 15:42:49,778:INFO: [TRAIN] Step: 1111 ; Loss: 15.513 ; Acc: 55.321
2018-09-19 15:42:49,864:INFO: [TRAIN] Step: 1112 ; Loss: 13.826 ; Acc: 55.327
2018-09-19 15:42:49,956:INFO: [TRAIN] Step: 1113 ; Loss: 15.292 ; Acc: 55.330
2018-09-19 15:42:50,044:INFO: [TRAIN] Step: 1114 ; Loss: 15.556 ; Acc: 55.333
2018-09-19 15:42:50,137:INFO: [TRAIN] Step: 1115 ; Loss: 19.069 ; Acc: 55.332
2018-09-19 15:42:50,223:INFO: [TRAIN] Step: 1116 ; Loss: 18.492 ; Acc: 55.327
2018-09-19 15:42:50,315:INFO: [TRAIN] Step: 1117 ; Loss: 21.995 ; Acc: 55.322
2018-09-19 15:42:50,409:INFO: [TRAIN] Step: 1118 ; Loss: 19.549 ; Acc: 55.325
2018-09-19 15:42:50,502:INFO: [TRAIN] Step: 1119 ; Loss: 14.108 ; Acc: 55.342
2018-09-19 15:42:50,591:INFO: [TRAIN] Step: 1120 ; Loss: 19.513 ; Acc: 55.349
2018-09-19 15:42:50,682:INFO: [TRAIN] Step: 1121 ; Loss: 19.494 ; Acc: 55.336
2018-09-19 15:42:50,770:INFO: [TRAIN] Step: 1122 ; Loss: 17.443 ; Acc: 55.343
2018-09-19 15:42:50,859:INFO: [TRAIN] Step: 1123 ; Loss: 16.753 ; Acc: 55.353
2018-09-19 15:42:50,953:INFO: [TRAIN] Step: 1124 ; Loss: 20.124 ; Acc: 55.352
2018-09-19 15:42:51,044:INFO: [TRAIN] Step: 1125 ; Loss: 13.810 ; Acc: 55.354
2018-09-19 15:42:51,128:INFO: [TRAIN] Step: 1126 ; Loss: 18.760 ; Acc: 55.357
2018-09-19 15:42:51,221:INFO: [TRAIN] Step: 1127 ; Loss: 19.478 ; Acc: 55.356
2018-09-19 15:42:51,306:INFO: [TRAIN] Step: 1128 ; Loss: 17.561 ; Acc: 55.359
2018-09-19 15:42:51,399:INFO: [TRAIN] Step: 1129 ; Loss: 20.639 ; Acc: 55.350
2018-09-19 15:42:51,486:INFO: [TRAIN] Step: 1130 ; Loss: 14.723 ; Acc: 55.357
2018-09-19 15:42:51,578:INFO: [TRAIN] Step: 1131 ; Loss: 22.920 ; Acc: 55.363
2018-09-19 15:42:51,663:INFO: [TRAIN] Step: 1132 ; Loss: 16.540 ; Acc: 55.380
2018-09-19 15:42:51,755:INFO: [TRAIN] Step: 1133 ; Loss: 17.149 ; Acc: 55.383
2018-09-19 15:42:51,842:INFO: [TRAIN] Step: 1134 ; Loss: 18.505 ; Acc: 55.382
2018-09-19 15:42:51,936:INFO: [TRAIN] Step: 1135 ; Loss: 23.316 ; Acc: 55.366
2018-09-19 15:42:52,026:INFO: [TRAIN] Step: 1136 ; Loss: 20.182 ; Acc: 55.369
2018-09-19 15:42:52,117:INFO: [TRAIN] Step: 1137 ; Loss: 16.546 ; Acc: 55.375
2018-09-19 15:42:52,204:INFO: [TRAIN] Step: 1138 ; Loss: 19.546 ; Acc: 55.381
2018-09-19 15:42:52,294:INFO: [TRAIN] Step: 1139 ; Loss: 15.691 ; Acc: 55.384
2018-09-19 15:42:52,382:INFO: [TRAIN] Step: 1140 ; Loss: 14.358 ; Acc: 55.397
2018-09-19 15:42:52,473:INFO: [TRAIN] Step: 1141 ; Loss: 16.460 ; Acc: 55.411
2018-09-19 15:42:52,559:INFO: [TRAIN] Step: 1142 ; Loss: 23.655 ; Acc: 55.413
2018-09-19 15:42:52,650:INFO: [TRAIN] Step: 1143 ; Loss: 18.413 ; Acc: 55.416
2018-09-19 15:42:52,732:INFO: [TRAIN] Step: 1144 ; Loss: 18.379 ; Acc: 55.422
2018-09-19 15:42:52,823:INFO: [TRAIN] Step: 1145 ; Loss: 19.295 ; Acc: 55.425
2018-09-19 15:42:52,906:INFO: [TRAIN] Step: 1146 ; Loss: 21.796 ; Acc: 55.420
2018-09-19 15:42:52,996:INFO: [TRAIN] Step: 1147 ; Loss: 19.133 ; Acc: 55.430
2018-09-19 15:42:53,087:INFO: [TRAIN] Step: 1148 ; Loss: 20.129 ; Acc: 55.440
2018-09-19 15:42:53,179:INFO: [TRAIN] Step: 1149 ; Loss: 22.012 ; Acc: 55.438
2018-09-19 15:42:53,268:INFO: [TRAIN] Step: 1150 ; Loss: 19.748 ; Acc: 55.434
2018-09-19 15:42:53,360:INFO: [TRAIN] Step: 1151 ; Loss: 20.327 ; Acc: 55.429
2018-09-19 15:42:53,447:INFO: [TRAIN] Step: 1152 ; Loss: 16.439 ; Acc: 55.446
2018-09-19 15:42:53,537:INFO: [TRAIN] Step: 1153 ; Loss: 17.402 ; Acc: 55.452
2018-09-19 15:42:53,626:INFO: [TRAIN] Step: 1154 ; Loss: 19.003 ; Acc: 55.451
2018-09-19 15:42:53,718:INFO: [TRAIN] Step: 1155 ; Loss: 18.230 ; Acc: 55.453
2018-09-19 15:42:53,802:INFO: [TRAIN] Step: 1156 ; Loss: 23.570 ; Acc: 55.445
2018-09-19 15:42:53,891:INFO: [TRAIN] Step: 1157 ; Loss: 19.158 ; Acc: 55.448
2018-09-19 15:42:53,979:INFO: [TRAIN] Step: 1158 ; Loss: 18.710 ; Acc: 55.447
2018-09-19 15:42:54,069:INFO: [TRAIN] Step: 1159 ; Loss: 14.925 ; Acc: 55.453
2018-09-19 15:42:54,155:INFO: [TRAIN] Step: 1160 ; Loss: 18.207 ; Acc: 55.459
2018-09-19 15:42:54,245:INFO: [TRAIN] Step: 1161 ; Loss: 18.140 ; Acc: 55.472
2018-09-19 15:42:54,333:INFO: [TRAIN] Step: 1162 ; Loss: 14.699 ; Acc: 55.489
2018-09-19 15:42:54,432:INFO: [TRAIN] Step: 1163 ; Loss: 22.392 ; Acc: 55.480
2018-09-19 15:42:54,522:INFO: [TRAIN] Step: 1164 ; Loss: 20.120 ; Acc: 55.476
2018-09-19 15:42:54,614:INFO: [TRAIN] Step: 1165 ; Loss: 24.611 ; Acc: 55.475
2018-09-19 15:42:54,704:INFO: [TRAIN] Step: 1166 ; Loss: 20.233 ; Acc: 55.481
2018-09-19 15:42:54,801:INFO: [TRAIN] Step: 1167 ; Loss: 16.359 ; Acc: 55.490
2018-09-19 15:42:54,888:INFO: [TRAIN] Step: 1168 ; Loss: 20.939 ; Acc: 55.493
2018-09-19 15:42:54,995:INFO: [TRAIN] Step: 1169 ; Loss: 14.875 ; Acc: 55.506
2018-09-19 15:42:55,084:INFO: [TRAIN] Step: 1170 ; Loss: 15.656 ; Acc: 55.515
2018-09-19 15:42:55,176:INFO: [TRAIN] Step: 1171 ; Loss: 14.589 ; Acc: 55.535
2018-09-19 15:42:55,263:INFO: [TRAIN] Step: 1172 ; Loss: 27.378 ; Acc: 55.534
2018-09-19 15:42:55,356:INFO: [TRAIN] Step: 1173 ; Loss: 18.219 ; Acc: 55.540
2018-09-19 15:42:55,446:INFO: [TRAIN] Step: 1174 ; Loss: 21.580 ; Acc: 55.525
2018-09-19 15:42:55,537:INFO: [TRAIN] Step: 1175 ; Loss: 23.315 ; Acc: 55.531
2018-09-19 15:42:55,622:INFO: [TRAIN] Step: 1176 ; Loss: 16.534 ; Acc: 55.540
2018-09-19 15:42:55,717:INFO: [TRAIN] Step: 1177 ; Loss: 17.504 ; Acc: 55.536
2018-09-19 15:42:55,824:INFO: [TRAIN] Step: 1178 ; Loss: 19.614 ; Acc: 55.548
2018-09-19 15:42:55,931:INFO: [TRAIN] Step: 1179 ; Loss: 14.807 ; Acc: 55.558
2018-09-19 15:42:56,016:INFO: [TRAIN] Step: 1180 ; Loss: 16.311 ; Acc: 55.574
2018-09-19 15:42:56,115:INFO: [TRAIN] Step: 1181 ; Loss: 16.974 ; Acc: 55.591
2018-09-19 15:42:56,201:INFO: [TRAIN] Step: 1182 ; Loss: 17.766 ; Acc: 55.597
2018-09-19 15:42:56,293:INFO: [TRAIN] Step: 1183 ; Loss: 15.486 ; Acc: 55.606
2018-09-19 15:42:56,396:INFO: [TRAIN] Step: 1184 ; Loss: 22.270 ; Acc: 55.598
2018-09-19 15:42:56,491:INFO: [TRAIN] Step: 1185 ; Loss: 15.715 ; Acc: 55.607
2018-09-19 15:42:56,599:INFO: [TRAIN] Step: 1186 ; Loss: 15.032 ; Acc: 55.616
2018-09-19 15:42:56,694:INFO: [TRAIN] Step: 1187 ; Loss: 14.844 ; Acc: 55.633
2018-09-19 15:42:56,781:INFO: [TRAIN] Step: 1188 ; Loss: 15.044 ; Acc: 55.646
2018-09-19 15:42:56,870:INFO: [TRAIN] Step: 1189 ; Loss: 15.748 ; Acc: 55.651
2018-09-19 15:43:02,335:INFO: [EVAL] Step: 1190 ; Loss: 0.183 ; Acc: 0.642
