2018-09-19 15:50:07,754:INFO: ### Model ###
LeNet5(
  (convnet): Sequential(
    (0): Conv2d(1, 6, kernel_size=(5, 5), stride=(1, 1))
    (1): ReLU()
    (2): MaxPool2d(kernel_size=(2, 2), stride=2, padding=0, dilation=1, ceil_mode=False)
    (3): Conv2d(6, 16, kernel_size=(5, 5), stride=(1, 1))
    (4): ReLU()
    (5): MaxPool2d(kernel_size=(2, 2), stride=2, padding=0, dilation=1, ceil_mode=False)
    (6): Conv2d(16, 120, kernel_size=(5, 5), stride=(1, 1))
    (7): ReLU()
    (8): Conv2d(120, 240, kernel_size=(5, 5), stride=(1, 1))
    (9): ReLU()
  )
  (fc): Sequential(
    (0): Linear(in_features=240, out_features=84, bias=True)
    (1): ReLU()
    (2): Linear(in_features=84, out_features=10, bias=True)
  )
)
2018-09-19 15:50:07,755:INFO: ### Optimizer ###
Adam (
Parameter Group 0
    amsgrad: False
    betas: (0.9, 0.999)
    eps: 1e-08
    lr: 0.001
    weight_decay: 0
)
2018-09-19 15:50:07,755:INFO: ### HParams ###
n_epochs: 1 ; data: ferplus ; label: ferplus_votes ; batch_size: 24 ; lr: 0.001 ; wd: 0 ; init: kaiming_he ; eval_steps: 1190
2018-09-19 15:50:08,019:INFO: [TRAIN] Step: 0 ; Loss: 45.567 ; Acc: 8.333
2018-09-19 15:50:08,101:INFO: [TRAIN] Step: 1 ; Loss: 33.381 ; Acc: 14.583
2018-09-19 15:50:08,175:INFO: [TRAIN] Step: 2 ; Loss: 42.356 ; Acc: 22.222
2018-09-19 15:50:08,254:INFO: [TRAIN] Step: 3 ; Loss: 31.571 ; Acc: 23.958
2018-09-19 15:50:08,337:INFO: [TRAIN] Step: 4 ; Loss: 40.782 ; Acc: 24.167
2018-09-19 15:50:08,463:INFO: [TRAIN] Step: 5 ; Loss: 32.478 ; Acc: 25.000
2018-09-19 15:50:08,579:INFO: [TRAIN] Step: 6 ; Loss: 29.617 ; Acc: 26.190
2018-09-19 15:50:08,702:INFO: [TRAIN] Step: 7 ; Loss: 36.576 ; Acc: 24.479
2018-09-19 15:50:08,816:INFO: [TRAIN] Step: 8 ; Loss: 30.325 ; Acc: 23.611
2018-09-19 15:50:08,900:INFO: [TRAIN] Step: 9 ; Loss: 32.319 ; Acc: 24.583
2018-09-19 15:50:08,979:INFO: [TRAIN] Step: 10 ; Loss: 28.406 ; Acc: 25.000
2018-09-19 15:50:09,077:INFO: [TRAIN] Step: 11 ; Loss: 26.987 ; Acc: 25.347
2018-09-19 15:50:09,153:INFO: [TRAIN] Step: 12 ; Loss: 28.341 ; Acc: 25.962
2018-09-19 15:50:09,237:INFO: [TRAIN] Step: 13 ; Loss: 31.772 ; Acc: 26.786
2018-09-19 15:50:09,319:INFO: [TRAIN] Step: 14 ; Loss: 30.244 ; Acc: 27.500
2018-09-19 15:50:09,426:INFO: [TRAIN] Step: 15 ; Loss: 31.946 ; Acc: 27.604
2018-09-19 15:50:09,522:INFO: [TRAIN] Step: 16 ; Loss: 30.313 ; Acc: 27.941
2018-09-19 15:50:09,609:INFO: [TRAIN] Step: 17 ; Loss: 30.044 ; Acc: 28.472
2018-09-19 15:50:09,684:INFO: [TRAIN] Step: 18 ; Loss: 29.517 ; Acc: 28.509
2018-09-19 15:50:09,787:INFO: [TRAIN] Step: 19 ; Loss: 28.521 ; Acc: 29.583
2018-09-19 15:50:09,873:INFO: [TRAIN] Step: 20 ; Loss: 30.755 ; Acc: 30.159
2018-09-19 15:50:09,977:INFO: [TRAIN] Step: 21 ; Loss: 28.053 ; Acc: 30.682
2018-09-19 15:50:10,071:INFO: [TRAIN] Step: 22 ; Loss: 31.063 ; Acc: 31.522
2018-09-19 15:50:10,161:INFO: [TRAIN] Step: 23 ; Loss: 27.512 ; Acc: 31.771
2018-09-19 15:50:10,233:INFO: [TRAIN] Step: 24 ; Loss: 24.811 ; Acc: 32.333
2018-09-19 15:50:10,310:INFO: [TRAIN] Step: 25 ; Loss: 28.801 ; Acc: 32.853
2018-09-19 15:50:10,386:INFO: [TRAIN] Step: 26 ; Loss: 32.795 ; Acc: 32.562
2018-09-19 15:50:10,466:INFO: [TRAIN] Step: 27 ; Loss: 29.655 ; Acc: 31.845
2018-09-19 15:50:10,543:INFO: [TRAIN] Step: 28 ; Loss: 27.453 ; Acc: 32.615
2018-09-19 15:50:10,622:INFO: [TRAIN] Step: 29 ; Loss: 27.681 ; Acc: 33.472
2018-09-19 15:50:10,696:INFO: [TRAIN] Step: 30 ; Loss: 26.775 ; Acc: 33.602
2018-09-19 15:50:10,779:INFO: [TRAIN] Step: 31 ; Loss: 26.415 ; Acc: 34.115
2018-09-19 15:50:10,857:INFO: [TRAIN] Step: 32 ; Loss: 27.778 ; Acc: 34.343
2018-09-19 15:50:10,938:INFO: [TRAIN] Step: 33 ; Loss: 27.619 ; Acc: 34.436
2018-09-19 15:50:11,014:INFO: [TRAIN] Step: 34 ; Loss: 23.639 ; Acc: 34.762
2018-09-19 15:50:11,100:INFO: [TRAIN] Step: 35 ; Loss: 26.516 ; Acc: 34.954
2018-09-19 15:50:11,185:INFO: [TRAIN] Step: 36 ; Loss: 29.193 ; Acc: 35.135
2018-09-19 15:50:11,261:INFO: [TRAIN] Step: 37 ; Loss: 30.848 ; Acc: 34.649
2018-09-19 15:50:11,333:INFO: [TRAIN] Step: 38 ; Loss: 29.439 ; Acc: 34.936
2018-09-19 15:50:11,410:INFO: [TRAIN] Step: 39 ; Loss: 27.440 ; Acc: 34.792
2018-09-19 15:50:11,491:INFO: [TRAIN] Step: 40 ; Loss: 28.380 ; Acc: 34.858
2018-09-19 15:50:11,575:INFO: [TRAIN] Step: 41 ; Loss: 26.263 ; Acc: 35.218
2018-09-19 15:50:11,650:INFO: [TRAIN] Step: 42 ; Loss: 26.011 ; Acc: 35.756
2018-09-19 15:50:11,729:INFO: [TRAIN] Step: 43 ; Loss: 21.234 ; Acc: 36.364
2018-09-19 15:50:11,802:INFO: [TRAIN] Step: 44 ; Loss: 28.683 ; Acc: 36.852
2018-09-19 15:50:11,881:INFO: [TRAIN] Step: 45 ; Loss: 28.674 ; Acc: 36.504
2018-09-19 15:50:11,952:INFO: [TRAIN] Step: 46 ; Loss: 29.570 ; Acc: 36.613
2018-09-19 15:50:12,030:INFO: [TRAIN] Step: 47 ; Loss: 26.488 ; Acc: 36.719
2018-09-19 15:50:12,104:INFO: [TRAIN] Step: 48 ; Loss: 25.511 ; Acc: 36.905
2018-09-19 15:50:12,182:INFO: [TRAIN] Step: 49 ; Loss: 30.643 ; Acc: 36.667
2018-09-19 15:50:12,255:INFO: [TRAIN] Step: 50 ; Loss: 24.844 ; Acc: 37.010
2018-09-19 15:50:12,332:INFO: [TRAIN] Step: 51 ; Loss: 27.286 ; Acc: 36.859
2018-09-19 15:50:12,406:INFO: [TRAIN] Step: 52 ; Loss: 31.459 ; Acc: 36.714
2018-09-19 15:50:12,481:INFO: [TRAIN] Step: 53 ; Loss: 22.813 ; Acc: 36.883
2018-09-19 15:50:12,561:INFO: [TRAIN] Step: 54 ; Loss: 29.714 ; Acc: 36.818
2018-09-19 15:50:12,639:INFO: [TRAIN] Step: 55 ; Loss: 31.118 ; Acc: 36.458
2018-09-19 15:50:12,713:INFO: [TRAIN] Step: 56 ; Loss: 27.059 ; Acc: 36.550
2018-09-19 15:50:12,791:INFO: [TRAIN] Step: 57 ; Loss: 26.552 ; Acc: 36.710
2018-09-19 15:50:12,863:INFO: [TRAIN] Step: 58 ; Loss: 29.000 ; Acc: 36.794
2018-09-19 15:50:12,942:INFO: [TRAIN] Step: 59 ; Loss: 22.175 ; Acc: 37.222
2018-09-19 15:50:13,015:INFO: [TRAIN] Step: 60 ; Loss: 28.544 ; Acc: 37.158
2018-09-19 15:50:13,096:INFO: [TRAIN] Step: 61 ; Loss: 27.593 ; Acc: 37.097
2018-09-19 15:50:13,165:INFO: [TRAIN] Step: 62 ; Loss: 23.837 ; Acc: 37.698
2018-09-19 15:50:13,246:INFO: [TRAIN] Step: 63 ; Loss: 26.702 ; Acc: 37.760
2018-09-19 15:50:13,322:INFO: [TRAIN] Step: 64 ; Loss: 24.748 ; Acc: 38.077
2018-09-19 15:50:13,397:INFO: [TRAIN] Step: 65 ; Loss: 29.623 ; Acc: 37.942
2018-09-19 15:50:13,474:INFO: [TRAIN] Step: 66 ; Loss: 21.486 ; Acc: 37.998
2018-09-19 15:50:13,553:INFO: [TRAIN] Step: 67 ; Loss: 24.162 ; Acc: 38.113
2018-09-19 15:50:13,630:INFO: [TRAIN] Step: 68 ; Loss: 25.645 ; Acc: 38.345
2018-09-19 15:50:13,709:INFO: [TRAIN] Step: 69 ; Loss: 24.207 ; Acc: 38.512
2018-09-19 15:50:13,786:INFO: [TRAIN] Step: 70 ; Loss: 25.942 ; Acc: 38.674
2018-09-19 15:50:13,865:INFO: [TRAIN] Step: 71 ; Loss: 19.881 ; Acc: 39.062
2018-09-19 15:50:13,943:INFO: [TRAIN] Step: 72 ; Loss: 23.947 ; Acc: 39.326
2018-09-19 15:50:14,024:INFO: [TRAIN] Step: 73 ; Loss: 31.285 ; Acc: 39.245
2018-09-19 15:50:14,098:INFO: [TRAIN] Step: 74 ; Loss: 24.611 ; Acc: 39.667
2018-09-19 15:50:14,187:INFO: [TRAIN] Step: 75 ; Loss: 24.015 ; Acc: 39.803
2018-09-19 15:50:14,262:INFO: [TRAIN] Step: 76 ; Loss: 24.832 ; Acc: 39.827
2018-09-19 15:50:14,339:INFO: [TRAIN] Step: 77 ; Loss: 24.423 ; Acc: 40.064
2018-09-19 15:50:14,419:INFO: [TRAIN] Step: 78 ; Loss: 23.757 ; Acc: 40.243
2018-09-19 15:50:14,502:INFO: [TRAIN] Step: 79 ; Loss: 26.334 ; Acc: 40.417
2018-09-19 15:50:14,579:INFO: [TRAIN] Step: 80 ; Loss: 24.647 ; Acc: 40.586
2018-09-19 15:50:14,655:INFO: [TRAIN] Step: 81 ; Loss: 23.795 ; Acc: 40.701
2018-09-19 15:50:14,726:INFO: [TRAIN] Step: 82 ; Loss: 23.214 ; Acc: 40.813
2018-09-19 15:50:14,803:INFO: [TRAIN] Step: 83 ; Loss: 22.972 ; Acc: 41.121
2018-09-19 15:50:14,876:INFO: [TRAIN] Step: 84 ; Loss: 23.429 ; Acc: 41.225
2018-09-19 15:50:14,954:INFO: [TRAIN] Step: 85 ; Loss: 22.188 ; Acc: 41.279
2018-09-19 15:50:15,025:INFO: [TRAIN] Step: 86 ; Loss: 30.126 ; Acc: 41.140
2018-09-19 15:50:15,107:INFO: [TRAIN] Step: 87 ; Loss: 25.767 ; Acc: 41.288
2018-09-19 15:50:15,180:INFO: [TRAIN] Step: 88 ; Loss: 24.853 ; Acc: 41.479
2018-09-19 15:50:15,257:INFO: [TRAIN] Step: 89 ; Loss: 25.552 ; Acc: 41.574
2018-09-19 15:50:15,328:INFO: [TRAIN] Step: 90 ; Loss: 21.012 ; Acc: 41.712
2018-09-19 15:50:15,407:INFO: [TRAIN] Step: 91 ; Loss: 26.747 ; Acc: 41.757
2018-09-19 15:50:15,477:INFO: [TRAIN] Step: 92 ; Loss: 22.025 ; Acc: 41.801
2018-09-19 15:50:15,555:INFO: [TRAIN] Step: 93 ; Loss: 20.712 ; Acc: 41.977
2018-09-19 15:50:15,630:INFO: [TRAIN] Step: 94 ; Loss: 27.081 ; Acc: 42.193
2018-09-19 15:50:15,706:INFO: [TRAIN] Step: 95 ; Loss: 24.975 ; Acc: 42.274
2018-09-19 15:50:15,779:INFO: [TRAIN] Step: 96 ; Loss: 21.586 ; Acc: 42.397
2018-09-19 15:50:15,857:INFO: [TRAIN] Step: 97 ; Loss: 20.016 ; Acc: 42.474
2018-09-19 15:50:15,927:INFO: [TRAIN] Step: 98 ; Loss: 22.512 ; Acc: 42.635
2018-09-19 15:50:16,005:INFO: [TRAIN] Step: 99 ; Loss: 21.414 ; Acc: 42.625
2018-09-19 15:50:16,076:INFO: [TRAIN] Step: 100 ; Loss: 20.370 ; Acc: 42.904
2018-09-19 15:50:16,155:INFO: [TRAIN] Step: 101 ; Loss: 26.127 ; Acc: 43.137
2018-09-19 15:50:16,225:INFO: [TRAIN] Step: 102 ; Loss: 29.200 ; Acc: 43.083
2018-09-19 15:50:16,302:INFO: [TRAIN] Step: 103 ; Loss: 23.357 ; Acc: 43.109
2018-09-19 15:50:16,374:INFO: [TRAIN] Step: 104 ; Loss: 26.647 ; Acc: 43.095
2018-09-19 15:50:16,450:INFO: [TRAIN] Step: 105 ; Loss: 26.782 ; Acc: 43.082
2018-09-19 15:50:16,521:INFO: [TRAIN] Step: 106 ; Loss: 25.510 ; Acc: 43.185
2018-09-19 15:50:16,598:INFO: [TRAIN] Step: 107 ; Loss: 24.741 ; Acc: 43.326
2018-09-19 15:50:16,670:INFO: [TRAIN] Step: 108 ; Loss: 25.066 ; Acc: 43.234
2018-09-19 15:50:16,749:INFO: [TRAIN] Step: 109 ; Loss: 27.530 ; Acc: 43.220
2018-09-19 15:50:16,822:INFO: [TRAIN] Step: 110 ; Loss: 24.124 ; Acc: 43.318
2018-09-19 15:50:16,900:INFO: [TRAIN] Step: 111 ; Loss: 23.222 ; Acc: 43.378
2018-09-19 15:50:16,972:INFO: [TRAIN] Step: 112 ; Loss: 24.412 ; Acc: 43.400
2018-09-19 15:50:17,047:INFO: [TRAIN] Step: 113 ; Loss: 35.354 ; Acc: 43.458
2018-09-19 15:50:17,120:INFO: [TRAIN] Step: 114 ; Loss: 19.971 ; Acc: 43.587
2018-09-19 15:50:17,200:INFO: [TRAIN] Step: 115 ; Loss: 26.603 ; Acc: 43.499
2018-09-19 15:50:17,274:INFO: [TRAIN] Step: 116 ; Loss: 22.188 ; Acc: 43.590
2018-09-19 15:50:17,349:INFO: [TRAIN] Step: 117 ; Loss: 24.194 ; Acc: 43.644
2018-09-19 15:50:17,420:INFO: [TRAIN] Step: 118 ; Loss: 24.892 ; Acc: 43.697
2018-09-19 15:50:17,502:INFO: [TRAIN] Step: 119 ; Loss: 26.693 ; Acc: 43.681
2018-09-19 15:50:17,584:INFO: [TRAIN] Step: 120 ; Loss: 25.409 ; Acc: 43.733
2018-09-19 15:50:17,670:INFO: [TRAIN] Step: 121 ; Loss: 25.002 ; Acc: 43.750
2018-09-19 15:50:17,751:INFO: [TRAIN] Step: 122 ; Loss: 25.612 ; Acc: 43.869
2018-09-19 15:50:17,828:INFO: [TRAIN] Step: 123 ; Loss: 26.460 ; Acc: 43.784
2018-09-19 15:50:17,903:INFO: [TRAIN] Step: 124 ; Loss: 21.315 ; Acc: 43.967
2018-09-19 15:50:17,979:INFO: [TRAIN] Step: 125 ; Loss: 22.381 ; Acc: 44.048
2018-09-19 15:50:18,050:INFO: [TRAIN] Step: 126 ; Loss: 22.801 ; Acc: 44.193
2018-09-19 15:50:18,128:INFO: [TRAIN] Step: 127 ; Loss: 27.824 ; Acc: 44.238
2018-09-19 15:50:18,200:INFO: [TRAIN] Step: 128 ; Loss: 27.204 ; Acc: 44.154
2018-09-19 15:50:18,279:INFO: [TRAIN] Step: 129 ; Loss: 26.317 ; Acc: 44.038
2018-09-19 15:50:18,352:INFO: [TRAIN] Step: 130 ; Loss: 22.612 ; Acc: 44.020
2018-09-19 15:50:18,429:INFO: [TRAIN] Step: 131 ; Loss: 20.758 ; Acc: 44.160
2018-09-19 15:50:18,502:INFO: [TRAIN] Step: 132 ; Loss: 28.291 ; Acc: 44.204
2018-09-19 15:50:18,578:INFO: [TRAIN] Step: 133 ; Loss: 23.322 ; Acc: 44.248
2018-09-19 15:50:18,650:INFO: [TRAIN] Step: 134 ; Loss: 26.725 ; Acc: 44.228
2018-09-19 15:50:18,727:INFO: [TRAIN] Step: 135 ; Loss: 27.345 ; Acc: 44.240
2018-09-19 15:50:18,801:INFO: [TRAIN] Step: 136 ; Loss: 26.766 ; Acc: 44.252
2018-09-19 15:50:18,880:INFO: [TRAIN] Step: 137 ; Loss: 24.348 ; Acc: 44.354
2018-09-19 15:50:18,956:INFO: [TRAIN] Step: 138 ; Loss: 23.146 ; Acc: 44.335
2018-09-19 15:50:19,033:INFO: [TRAIN] Step: 139 ; Loss: 24.341 ; Acc: 44.464
2018-09-19 15:50:19,105:INFO: [TRAIN] Step: 140 ; Loss: 25.191 ; Acc: 44.504
2018-09-19 15:50:19,182:INFO: [TRAIN] Step: 141 ; Loss: 25.109 ; Acc: 44.542
2018-09-19 15:50:19,251:INFO: [TRAIN] Step: 142 ; Loss: 23.823 ; Acc: 44.580
2018-09-19 15:50:19,335:INFO: [TRAIN] Step: 143 ; Loss: 23.592 ; Acc: 44.647
2018-09-19 15:50:19,409:INFO: [TRAIN] Step: 144 ; Loss: 28.721 ; Acc: 44.598
2018-09-19 15:50:19,486:INFO: [TRAIN] Step: 145 ; Loss: 21.113 ; Acc: 44.578
2018-09-19 15:50:19,559:INFO: [TRAIN] Step: 146 ; Loss: 26.106 ; Acc: 44.529
2018-09-19 15:50:19,636:INFO: [TRAIN] Step: 147 ; Loss: 26.142 ; Acc: 44.510
2018-09-19 15:50:19,709:INFO: [TRAIN] Step: 148 ; Loss: 23.765 ; Acc: 44.631
2018-09-19 15:50:19,788:INFO: [TRAIN] Step: 149 ; Loss: 24.578 ; Acc: 44.667
2018-09-19 15:50:19,861:INFO: [TRAIN] Step: 150 ; Loss: 23.329 ; Acc: 44.785
2018-09-19 15:50:19,939:INFO: [TRAIN] Step: 151 ; Loss: 19.944 ; Acc: 44.901
2018-09-19 15:50:20,019:INFO: [TRAIN] Step: 152 ; Loss: 21.491 ; Acc: 44.962
2018-09-19 15:50:20,097:INFO: [TRAIN] Step: 153 ; Loss: 24.034 ; Acc: 45.022
2018-09-19 15:50:20,168:INFO: [TRAIN] Step: 154 ; Loss: 23.425 ; Acc: 44.973
2018-09-19 15:50:20,245:INFO: [TRAIN] Step: 155 ; Loss: 21.394 ; Acc: 45.032
2018-09-19 15:50:20,317:INFO: [TRAIN] Step: 156 ; Loss: 22.803 ; Acc: 45.090
2018-09-19 15:50:20,394:INFO: [TRAIN] Step: 157 ; Loss: 24.166 ; Acc: 45.121
2018-09-19 15:50:20,464:INFO: [TRAIN] Step: 158 ; Loss: 20.909 ; Acc: 45.178
2018-09-19 15:50:20,545:INFO: [TRAIN] Step: 159 ; Loss: 22.942 ; Acc: 45.208
2018-09-19 15:50:20,615:INFO: [TRAIN] Step: 160 ; Loss: 20.979 ; Acc: 45.290
2018-09-19 15:50:20,694:INFO: [TRAIN] Step: 161 ; Loss: 22.915 ; Acc: 45.345
2018-09-19 15:50:20,769:INFO: [TRAIN] Step: 162 ; Loss: 17.477 ; Acc: 45.501
2018-09-19 15:50:20,846:INFO: [TRAIN] Step: 163 ; Loss: 18.626 ; Acc: 45.630
2018-09-19 15:50:20,919:INFO: [TRAIN] Step: 164 ; Loss: 25.116 ; Acc: 45.606
2018-09-19 15:50:21,005:INFO: [TRAIN] Step: 165 ; Loss: 23.619 ; Acc: 45.582
2018-09-19 15:50:21,082:INFO: [TRAIN] Step: 166 ; Loss: 18.619 ; Acc: 45.659
2018-09-19 15:50:21,161:INFO: [TRAIN] Step: 167 ; Loss: 24.554 ; Acc: 45.784
2018-09-19 15:50:21,233:INFO: [TRAIN] Step: 168 ; Loss: 24.287 ; Acc: 45.759
2018-09-19 15:50:21,308:INFO: [TRAIN] Step: 169 ; Loss: 23.089 ; Acc: 45.809
2018-09-19 15:50:21,384:INFO: [TRAIN] Step: 170 ; Loss: 23.646 ; Acc: 45.760
2018-09-19 15:50:21,459:INFO: [TRAIN] Step: 171 ; Loss: 20.082 ; Acc: 45.906
2018-09-19 15:50:21,530:INFO: [TRAIN] Step: 172 ; Loss: 22.019 ; Acc: 45.882
2018-09-19 15:50:21,610:INFO: [TRAIN] Step: 173 ; Loss: 21.231 ; Acc: 45.905
2018-09-19 15:50:21,682:INFO: [TRAIN] Step: 174 ; Loss: 29.745 ; Acc: 45.905
2018-09-19 15:50:21,768:INFO: [TRAIN] Step: 175 ; Loss: 21.353 ; Acc: 45.975
2018-09-19 15:50:21,843:INFO: [TRAIN] Step: 176 ; Loss: 21.153 ; Acc: 46.069
2018-09-19 15:50:21,919:INFO: [TRAIN] Step: 177 ; Loss: 27.739 ; Acc: 45.997
2018-09-19 15:50:21,989:INFO: [TRAIN] Step: 178 ; Loss: 20.050 ; Acc: 46.066
2018-09-19 15:50:22,066:INFO: [TRAIN] Step: 179 ; Loss: 20.515 ; Acc: 46.157
2018-09-19 15:50:22,140:INFO: [TRAIN] Step: 180 ; Loss: 25.877 ; Acc: 46.110
2018-09-19 15:50:22,216:INFO: [TRAIN] Step: 181 ; Loss: 19.734 ; Acc: 46.200
2018-09-19 15:50:22,293:INFO: [TRAIN] Step: 182 ; Loss: 26.176 ; Acc: 46.220
2018-09-19 15:50:22,373:INFO: [TRAIN] Step: 183 ; Loss: 28.574 ; Acc: 46.196
2018-09-19 15:50:22,451:INFO: [TRAIN] Step: 184 ; Loss: 18.757 ; Acc: 46.261
2018-09-19 15:50:22,531:INFO: [TRAIN] Step: 185 ; Loss: 21.970 ; Acc: 46.349
2018-09-19 15:50:22,603:INFO: [TRAIN] Step: 186 ; Loss: 22.064 ; Acc: 46.413
2018-09-19 15:50:22,682:INFO: [TRAIN] Step: 187 ; Loss: 27.165 ; Acc: 46.432
2018-09-19 15:50:22,757:INFO: [TRAIN] Step: 188 ; Loss: 16.955 ; Acc: 46.517
2018-09-19 15:50:22,841:INFO: [TRAIN] Step: 189 ; Loss: 24.249 ; Acc: 46.513
2018-09-19 15:50:22,913:INFO: [TRAIN] Step: 190 ; Loss: 18.395 ; Acc: 46.597
2018-09-19 15:50:22,991:INFO: [TRAIN] Step: 191 ; Loss: 20.461 ; Acc: 46.680
2018-09-19 15:50:23,061:INFO: [TRAIN] Step: 192 ; Loss: 20.722 ; Acc: 46.718
2018-09-19 15:50:23,138:INFO: [TRAIN] Step: 193 ; Loss: 29.329 ; Acc: 46.628
2018-09-19 15:50:23,208:INFO: [TRAIN] Step: 194 ; Loss: 23.923 ; Acc: 46.645
2018-09-19 15:50:23,285:INFO: [TRAIN] Step: 195 ; Loss: 25.486 ; Acc: 46.599
2018-09-19 15:50:23,357:INFO: [TRAIN] Step: 196 ; Loss: 25.140 ; Acc: 46.595
2018-09-19 15:50:23,437:INFO: [TRAIN] Step: 197 ; Loss: 15.212 ; Acc: 46.696
2018-09-19 15:50:23,512:INFO: [TRAIN] Step: 198 ; Loss: 25.980 ; Acc: 46.692
2018-09-19 15:50:23,589:INFO: [TRAIN] Step: 199 ; Loss: 24.785 ; Acc: 46.729
2018-09-19 15:50:23,661:INFO: [TRAIN] Step: 200 ; Loss: 22.206 ; Acc: 46.704
2018-09-19 15:50:23,744:INFO: [TRAIN] Step: 201 ; Loss: 25.273 ; Acc: 46.679
2018-09-19 15:50:23,816:INFO: [TRAIN] Step: 202 ; Loss: 23.685 ; Acc: 46.675
2018-09-19 15:50:23,900:INFO: [TRAIN] Step: 203 ; Loss: 20.143 ; Acc: 46.712
2018-09-19 15:50:23,972:INFO: [TRAIN] Step: 204 ; Loss: 21.743 ; Acc: 46.707
2018-09-19 15:50:24,054:INFO: [TRAIN] Step: 205 ; Loss: 22.131 ; Acc: 46.703
2018-09-19 15:50:24,126:INFO: [TRAIN] Step: 206 ; Loss: 19.874 ; Acc: 46.759
2018-09-19 15:50:24,208:INFO: [TRAIN] Step: 207 ; Loss: 24.264 ; Acc: 46.855
2018-09-19 15:50:24,281:INFO: [TRAIN] Step: 208 ; Loss: 27.564 ; Acc: 46.890
2018-09-19 15:50:24,361:INFO: [TRAIN] Step: 209 ; Loss: 20.680 ; Acc: 47.004
2018-09-19 15:50:24,434:INFO: [TRAIN] Step: 210 ; Loss: 27.379 ; Acc: 46.998
2018-09-19 15:50:24,521:INFO: [TRAIN] Step: 211 ; Loss: 19.661 ; Acc: 47.150
2018-09-19 15:50:24,594:INFO: [TRAIN] Step: 212 ; Loss: 23.009 ; Acc: 47.164
2018-09-19 15:50:24,670:INFO: [TRAIN] Step: 213 ; Loss: 17.917 ; Acc: 47.255
2018-09-19 15:50:24,744:INFO: [TRAIN] Step: 214 ; Loss: 22.786 ; Acc: 47.267
2018-09-19 15:50:24,821:INFO: [TRAIN] Step: 215 ; Loss: 16.958 ; Acc: 47.319
2018-09-19 15:50:24,892:INFO: [TRAIN] Step: 216 ; Loss: 25.647 ; Acc: 47.254
2018-09-19 15:50:24,969:INFO: [TRAIN] Step: 217 ; Loss: 19.017 ; Acc: 47.286
2018-09-19 15:50:25,045:INFO: [TRAIN] Step: 218 ; Loss: 18.159 ; Acc: 47.374
2018-09-19 15:50:25,131:INFO: [TRAIN] Step: 219 ; Loss: 19.481 ; Acc: 47.424
2018-09-19 15:50:25,202:INFO: [TRAIN] Step: 220 ; Loss: 20.799 ; Acc: 47.474
2018-09-19 15:50:25,279:INFO: [TRAIN] Step: 221 ; Loss: 15.194 ; Acc: 47.616
2018-09-19 15:50:25,351:INFO: [TRAIN] Step: 222 ; Loss: 22.161 ; Acc: 47.664
2018-09-19 15:50:25,429:INFO: [TRAIN] Step: 223 ; Loss: 20.870 ; Acc: 47.712
2018-09-19 15:50:25,501:INFO: [TRAIN] Step: 224 ; Loss: 25.221 ; Acc: 47.722
2018-09-19 15:50:25,580:INFO: [TRAIN] Step: 225 ; Loss: 18.964 ; Acc: 47.769
2018-09-19 15:50:25,651:INFO: [TRAIN] Step: 226 ; Loss: 20.450 ; Acc: 47.889
2018-09-19 15:50:25,731:INFO: [TRAIN] Step: 227 ; Loss: 20.726 ; Acc: 47.990
2018-09-19 15:50:25,808:INFO: [TRAIN] Step: 228 ; Loss: 23.352 ; Acc: 48.035
2018-09-19 15:50:25,884:INFO: [TRAIN] Step: 229 ; Loss: 20.065 ; Acc: 48.152
2018-09-19 15:50:25,956:INFO: [TRAIN] Step: 230 ; Loss: 18.513 ; Acc: 48.268
2018-09-19 15:50:26,035:INFO: [TRAIN] Step: 231 ; Loss: 22.130 ; Acc: 48.312
2018-09-19 15:50:26,111:INFO: [TRAIN] Step: 232 ; Loss: 23.225 ; Acc: 48.265
2018-09-19 15:50:26,190:INFO: [TRAIN] Step: 233 ; Loss: 23.390 ; Acc: 48.219
2018-09-19 15:50:26,264:INFO: [TRAIN] Step: 234 ; Loss: 16.290 ; Acc: 48.298
2018-09-19 15:50:26,349:INFO: [TRAIN] Step: 235 ; Loss: 19.961 ; Acc: 48.340
2018-09-19 15:50:26,421:INFO: [TRAIN] Step: 236 ; Loss: 22.513 ; Acc: 48.365
2018-09-19 15:50:26,504:INFO: [TRAIN] Step: 237 ; Loss: 20.542 ; Acc: 48.477
2018-09-19 15:50:26,575:INFO: [TRAIN] Step: 238 ; Loss: 17.749 ; Acc: 48.518
2018-09-19 15:50:26,653:INFO: [TRAIN] Step: 239 ; Loss: 19.178 ; Acc: 48.576
2018-09-19 15:50:26,731:INFO: [TRAIN] Step: 240 ; Loss: 21.536 ; Acc: 48.600
2018-09-19 15:50:26,808:INFO: [TRAIN] Step: 241 ; Loss: 16.351 ; Acc: 48.623
2018-09-19 15:50:26,882:INFO: [TRAIN] Step: 242 ; Loss: 24.336 ; Acc: 48.594
2018-09-19 15:50:26,959:INFO: [TRAIN] Step: 243 ; Loss: 19.810 ; Acc: 48.685
2018-09-19 15:50:27,031:INFO: [TRAIN] Step: 244 ; Loss: 27.499 ; Acc: 48.673
2018-09-19 15:50:27,111:INFO: [TRAIN] Step: 245 ; Loss: 22.498 ; Acc: 48.679
2018-09-19 15:50:27,189:INFO: [TRAIN] Step: 246 ; Loss: 18.150 ; Acc: 48.752
2018-09-19 15:50:27,264:INFO: [TRAIN] Step: 247 ; Loss: 19.376 ; Acc: 48.841
2018-09-19 15:50:27,334:INFO: [TRAIN] Step: 248 ; Loss: 21.227 ; Acc: 48.829
2018-09-19 15:50:27,410:INFO: [TRAIN] Step: 249 ; Loss: 15.428 ; Acc: 48.933
2018-09-19 15:50:27,483:INFO: [TRAIN] Step: 250 ; Loss: 21.213 ; Acc: 48.954
2018-09-19 15:50:27,558:INFO: [TRAIN] Step: 251 ; Loss: 23.719 ; Acc: 48.991
2018-09-19 15:50:27,629:INFO: [TRAIN] Step: 252 ; Loss: 22.157 ; Acc: 49.028
2018-09-19 15:50:27,709:INFO: [TRAIN] Step: 253 ; Loss: 24.498 ; Acc: 49.049
2018-09-19 15:50:27,784:INFO: [TRAIN] Step: 254 ; Loss: 20.534 ; Acc: 49.101
2018-09-19 15:50:27,861:INFO: [TRAIN] Step: 255 ; Loss: 19.394 ; Acc: 49.121
2018-09-19 15:50:27,934:INFO: [TRAIN] Step: 256 ; Loss: 20.046 ; Acc: 49.189
2018-09-19 15:50:28,017:INFO: [TRAIN] Step: 257 ; Loss: 20.733 ; Acc: 49.241
2018-09-19 15:50:28,090:INFO: [TRAIN] Step: 258 ; Loss: 23.368 ; Acc: 49.244
2018-09-19 15:50:28,167:INFO: [TRAIN] Step: 259 ; Loss: 22.084 ; Acc: 49.263
2018-09-19 15:50:28,239:INFO: [TRAIN] Step: 260 ; Loss: 22.698 ; Acc: 49.298
2018-09-19 15:50:28,317:INFO: [TRAIN] Step: 261 ; Loss: 23.546 ; Acc: 49.332
2018-09-19 15:50:28,395:INFO: [TRAIN] Step: 262 ; Loss: 20.571 ; Acc: 49.350
2018-09-19 15:50:28,474:INFO: [TRAIN] Step: 263 ; Loss: 24.699 ; Acc: 49.384
2018-09-19 15:50:28,547:INFO: [TRAIN] Step: 264 ; Loss: 22.467 ; Acc: 49.387
2018-09-19 15:50:28,625:INFO: [TRAIN] Step: 265 ; Loss: 26.079 ; Acc: 49.373
2018-09-19 15:50:28,695:INFO: [TRAIN] Step: 266 ; Loss: 24.246 ; Acc: 49.391
2018-09-19 15:50:28,771:INFO: [TRAIN] Step: 267 ; Loss: 23.877 ; Acc: 49.409
2018-09-19 15:50:28,843:INFO: [TRAIN] Step: 268 ; Loss: 22.193 ; Acc: 49.427
2018-09-19 15:50:28,922:INFO: [TRAIN] Step: 269 ; Loss: 18.457 ; Acc: 49.444
2018-09-19 15:50:28,993:INFO: [TRAIN] Step: 270 ; Loss: 17.923 ; Acc: 49.462
2018-09-19 15:50:29,072:INFO: [TRAIN] Step: 271 ; Loss: 23.983 ; Acc: 49.464
2018-09-19 15:50:29,146:INFO: [TRAIN] Step: 272 ; Loss: 21.710 ; Acc: 49.512
2018-09-19 15:50:29,223:INFO: [TRAIN] Step: 273 ; Loss: 22.127 ; Acc: 49.529
2018-09-19 15:50:29,297:INFO: [TRAIN] Step: 274 ; Loss: 23.337 ; Acc: 49.561
2018-09-19 15:50:29,380:INFO: [TRAIN] Step: 275 ; Loss: 17.664 ; Acc: 49.638
2018-09-19 15:50:29,453:INFO: [TRAIN] Step: 276 ; Loss: 18.749 ; Acc: 49.699
2018-09-19 15:50:29,535:INFO: [TRAIN] Step: 277 ; Loss: 21.455 ; Acc: 49.685
2018-09-19 15:50:29,607:INFO: [TRAIN] Step: 278 ; Loss: 23.100 ; Acc: 49.701
2018-09-19 15:50:29,688:INFO: [TRAIN] Step: 279 ; Loss: 19.763 ; Acc: 49.747
2018-09-19 15:50:29,761:INFO: [TRAIN] Step: 280 ; Loss: 23.476 ; Acc: 49.748
2018-09-19 15:50:29,844:INFO: [TRAIN] Step: 281 ; Loss: 23.388 ; Acc: 49.764
2018-09-19 15:50:29,918:INFO: [TRAIN] Step: 282 ; Loss: 19.393 ; Acc: 49.794
2018-09-19 15:50:29,997:INFO: [TRAIN] Step: 283 ; Loss: 14.942 ; Acc: 49.883
2018-09-19 15:50:30,075:INFO: [TRAIN] Step: 284 ; Loss: 19.373 ; Acc: 49.942
2018-09-19 15:50:30,152:INFO: [TRAIN] Step: 285 ; Loss: 19.640 ; Acc: 49.956
2018-09-19 15:50:30,229:INFO: [TRAIN] Step: 286 ; Loss: 20.967 ; Acc: 50.000
2018-09-19 15:50:30,308:INFO: [TRAIN] Step: 287 ; Loss: 26.644 ; Acc: 49.942
2018-09-19 15:50:30,384:INFO: [TRAIN] Step: 288 ; Loss: 19.510 ; Acc: 49.986
2018-09-19 15:50:30,462:INFO: [TRAIN] Step: 289 ; Loss: 21.167 ; Acc: 50.014
2018-09-19 15:50:30,534:INFO: [TRAIN] Step: 290 ; Loss: 22.184 ; Acc: 50.072
2018-09-19 15:50:30,611:INFO: [TRAIN] Step: 291 ; Loss: 19.156 ; Acc: 50.100
2018-09-19 15:50:30,681:INFO: [TRAIN] Step: 292 ; Loss: 22.246 ; Acc: 50.085
2018-09-19 15:50:30,765:INFO: [TRAIN] Step: 293 ; Loss: 19.540 ; Acc: 50.156
2018-09-19 15:50:30,837:INFO: [TRAIN] Step: 294 ; Loss: 24.082 ; Acc: 50.169
2018-09-19 15:50:30,916:INFO: [TRAIN] Step: 295 ; Loss: 21.073 ; Acc: 50.127
2018-09-19 15:50:30,988:INFO: [TRAIN] Step: 296 ; Loss: 19.113 ; Acc: 50.154
2018-09-19 15:50:31,065:INFO: [TRAIN] Step: 297 ; Loss: 29.291 ; Acc: 50.168
2018-09-19 15:50:31,136:INFO: [TRAIN] Step: 298 ; Loss: 23.336 ; Acc: 50.167
2018-09-19 15:50:31,220:INFO: [TRAIN] Step: 299 ; Loss: 23.434 ; Acc: 50.194
2018-09-19 15:50:31,293:INFO: [TRAIN] Step: 300 ; Loss: 24.808 ; Acc: 50.166
2018-09-19 15:50:31,369:INFO: [TRAIN] Step: 301 ; Loss: 20.526 ; Acc: 50.179
2018-09-19 15:50:31,442:INFO: [TRAIN] Step: 302 ; Loss: 15.722 ; Acc: 50.234
2018-09-19 15:50:31,519:INFO: [TRAIN] Step: 303 ; Loss: 23.267 ; Acc: 50.247
2018-09-19 15:50:31,591:INFO: [TRAIN] Step: 304 ; Loss: 20.882 ; Acc: 50.246
2018-09-19 15:50:31,668:INFO: [TRAIN] Step: 305 ; Loss: 19.515 ; Acc: 50.259
2018-09-19 15:50:31,743:INFO: [TRAIN] Step: 306 ; Loss: 18.162 ; Acc: 50.271
2018-09-19 15:50:31,819:INFO: [TRAIN] Step: 307 ; Loss: 17.805 ; Acc: 50.298
2018-09-19 15:50:31,889:INFO: [TRAIN] Step: 308 ; Loss: 18.693 ; Acc: 50.324
2018-09-19 15:50:31,966:INFO: [TRAIN] Step: 309 ; Loss: 24.241 ; Acc: 50.309
2018-09-19 15:50:32,039:INFO: [TRAIN] Step: 310 ; Loss: 21.362 ; Acc: 50.335
2018-09-19 15:50:32,114:INFO: [TRAIN] Step: 311 ; Loss: 27.664 ; Acc: 50.361
2018-09-19 15:50:32,187:INFO: [TRAIN] Step: 312 ; Loss: 20.250 ; Acc: 50.386
2018-09-19 15:50:32,268:INFO: [TRAIN] Step: 313 ; Loss: 18.106 ; Acc: 50.425
2018-09-19 15:50:32,341:INFO: [TRAIN] Step: 314 ; Loss: 20.232 ; Acc: 50.423
2018-09-19 15:50:32,422:INFO: [TRAIN] Step: 315 ; Loss: 21.297 ; Acc: 50.396
2018-09-19 15:50:32,494:INFO: [TRAIN] Step: 316 ; Loss: 20.128 ; Acc: 50.434
2018-09-19 15:50:32,575:INFO: [TRAIN] Step: 317 ; Loss: 22.850 ; Acc: 50.432
2018-09-19 15:50:32,646:INFO: [TRAIN] Step: 318 ; Loss: 19.111 ; Acc: 50.444
2018-09-19 15:50:32,723:INFO: [TRAIN] Step: 319 ; Loss: 17.554 ; Acc: 50.430
2018-09-19 15:50:32,800:INFO: [TRAIN] Step: 320 ; Loss: 21.349 ; Acc: 50.467
2018-09-19 15:50:32,900:INFO: [TRAIN] Step: 321 ; Loss: 19.325 ; Acc: 50.479
2018-09-19 15:50:32,971:INFO: [TRAIN] Step: 322 ; Loss: 24.571 ; Acc: 50.464
2018-09-19 15:50:33,050:INFO: [TRAIN] Step: 323 ; Loss: 22.984 ; Acc: 50.476
2018-09-19 15:50:33,123:INFO: [TRAIN] Step: 324 ; Loss: 23.827 ; Acc: 50.436
2018-09-19 15:50:33,199:INFO: [TRAIN] Step: 325 ; Loss: 20.231 ; Acc: 50.473
2018-09-19 15:50:33,274:INFO: [TRAIN] Step: 326 ; Loss: 18.339 ; Acc: 50.497
2018-09-19 15:50:33,350:INFO: [TRAIN] Step: 327 ; Loss: 19.994 ; Acc: 50.521
2018-09-19 15:50:33,424:INFO: [TRAIN] Step: 328 ; Loss: 19.976 ; Acc: 50.532
2018-09-19 15:50:33,500:INFO: [TRAIN] Step: 329 ; Loss: 18.602 ; Acc: 50.530
2018-09-19 15:50:33,575:INFO: [TRAIN] Step: 330 ; Loss: 20.464 ; Acc: 50.541
2018-09-19 15:50:33,651:INFO: [TRAIN] Step: 331 ; Loss: 22.115 ; Acc: 50.540
2018-09-19 15:50:33,721:INFO: [TRAIN] Step: 332 ; Loss: 21.921 ; Acc: 50.538
2018-09-19 15:50:33,800:INFO: [TRAIN] Step: 333 ; Loss: 21.640 ; Acc: 50.561
2018-09-19 15:50:33,874:INFO: [TRAIN] Step: 334 ; Loss: 23.810 ; Acc: 50.572
2018-09-19 15:50:33,949:INFO: [TRAIN] Step: 335 ; Loss: 27.858 ; Acc: 50.508
2018-09-19 15:50:34,021:INFO: [TRAIN] Step: 336 ; Loss: 20.370 ; Acc: 50.507
2018-09-19 15:50:34,097:INFO: [TRAIN] Step: 337 ; Loss: 21.122 ; Acc: 50.456
2018-09-19 15:50:34,169:INFO: [TRAIN] Step: 338 ; Loss: 25.648 ; Acc: 50.430
2018-09-19 15:50:34,245:INFO: [TRAIN] Step: 339 ; Loss: 22.412 ; Acc: 50.441
2018-09-19 15:50:34,321:INFO: [TRAIN] Step: 340 ; Loss: 22.057 ; Acc: 50.477
2018-09-19 15:50:34,401:INFO: [TRAIN] Step: 341 ; Loss: 21.436 ; Acc: 50.524
2018-09-19 15:50:34,473:INFO: [TRAIN] Step: 342 ; Loss: 17.878 ; Acc: 50.559
2018-09-19 15:50:34,553:INFO: [TRAIN] Step: 343 ; Loss: 18.079 ; Acc: 50.618
2018-09-19 15:50:34,630:INFO: [TRAIN] Step: 344 ; Loss: 16.705 ; Acc: 50.676
2018-09-19 15:50:34,712:INFO: [TRAIN] Step: 345 ; Loss: 20.749 ; Acc: 50.698
2018-09-19 15:50:34,784:INFO: [TRAIN] Step: 346 ; Loss: 26.832 ; Acc: 50.684
2018-09-19 15:50:34,860:INFO: [TRAIN] Step: 347 ; Loss: 20.789 ; Acc: 50.670
2018-09-19 15:50:34,932:INFO: [TRAIN] Step: 348 ; Loss: 29.812 ; Acc: 50.669
2018-09-19 15:50:35,010:INFO: [TRAIN] Step: 349 ; Loss: 19.482 ; Acc: 50.726
2018-09-19 15:50:35,083:INFO: [TRAIN] Step: 350 ; Loss: 17.822 ; Acc: 50.783
2018-09-19 15:50:35,161:INFO: [TRAIN] Step: 351 ; Loss: 19.937 ; Acc: 50.793
2018-09-19 15:50:35,237:INFO: [TRAIN] Step: 352 ; Loss: 22.227 ; Acc: 50.791
2018-09-19 15:50:35,315:INFO: [TRAIN] Step: 353 ; Loss: 23.821 ; Acc: 50.730
2018-09-19 15:50:35,389:INFO: [TRAIN] Step: 354 ; Loss: 15.501 ; Acc: 50.810
2018-09-19 15:50:35,469:INFO: [TRAIN] Step: 355 ; Loss: 21.399 ; Acc: 50.843
2018-09-19 15:50:35,541:INFO: [TRAIN] Step: 356 ; Loss: 22.643 ; Acc: 50.899
2018-09-19 15:50:35,619:INFO: [TRAIN] Step: 357 ; Loss: 17.408 ; Acc: 50.919
2018-09-19 15:50:35,692:INFO: [TRAIN] Step: 358 ; Loss: 22.333 ; Acc: 50.917
2018-09-19 15:50:35,773:INFO: [TRAIN] Step: 359 ; Loss: 19.402 ; Acc: 50.972
2018-09-19 15:50:35,846:INFO: [TRAIN] Step: 360 ; Loss: 19.775 ; Acc: 50.981
2018-09-19 15:50:35,925:INFO: [TRAIN] Step: 361 ; Loss: 22.775 ; Acc: 50.967
2018-09-19 15:50:35,995:INFO: [TRAIN] Step: 362 ; Loss: 23.615 ; Acc: 50.953
2018-09-19 15:50:36,071:INFO: [TRAIN] Step: 363 ; Loss: 19.124 ; Acc: 50.984
2018-09-19 15:50:36,142:INFO: [TRAIN] Step: 364 ; Loss: 20.631 ; Acc: 51.005
2018-09-19 15:50:36,218:INFO: [TRAIN] Step: 365 ; Loss: 24.456 ; Acc: 51.025
2018-09-19 15:50:36,293:INFO: [TRAIN] Step: 366 ; Loss: 22.529 ; Acc: 51.033
2018-09-19 15:50:36,372:INFO: [TRAIN] Step: 367 ; Loss: 19.905 ; Acc: 51.064
2018-09-19 15:50:36,443:INFO: [TRAIN] Step: 368 ; Loss: 21.735 ; Acc: 51.061
2018-09-19 15:50:36,522:INFO: [TRAIN] Step: 369 ; Loss: 14.894 ; Acc: 51.137
2018-09-19 15:50:36,597:INFO: [TRAIN] Step: 370 ; Loss: 16.810 ; Acc: 51.146
2018-09-19 15:50:36,672:INFO: [TRAIN] Step: 371 ; Loss: 21.763 ; Acc: 51.120
2018-09-19 15:50:36,751:INFO: [TRAIN] Step: 372 ; Loss: 15.619 ; Acc: 51.195
2018-09-19 15:50:36,830:INFO: [TRAIN] Step: 373 ; Loss: 19.656 ; Acc: 51.203
2018-09-19 15:50:36,904:INFO: [TRAIN] Step: 374 ; Loss: 22.423 ; Acc: 51.156
2018-09-19 15:50:36,981:INFO: [TRAIN] Step: 375 ; Loss: 16.524 ; Acc: 51.197
2018-09-19 15:50:37,053:INFO: [TRAIN] Step: 376 ; Loss: 17.836 ; Acc: 51.205
2018-09-19 15:50:37,129:INFO: [TRAIN] Step: 377 ; Loss: 19.569 ; Acc: 51.213
2018-09-19 15:50:37,200:INFO: [TRAIN] Step: 378 ; Loss: 19.167 ; Acc: 51.220
2018-09-19 15:50:37,277:INFO: [TRAIN] Step: 379 ; Loss: 16.248 ; Acc: 51.272
2018-09-19 15:50:37,356:INFO: [TRAIN] Step: 380 ; Loss: 22.334 ; Acc: 51.312
2018-09-19 15:50:37,435:INFO: [TRAIN] Step: 381 ; Loss: 18.604 ; Acc: 51.309
2018-09-19 15:50:37,512:INFO: [TRAIN] Step: 382 ; Loss: 24.037 ; Acc: 51.327
2018-09-19 15:50:37,590:INFO: [TRAIN] Step: 383 ; Loss: 21.550 ; Acc: 51.345
2018-09-19 15:50:37,666:INFO: [TRAIN] Step: 384 ; Loss: 20.652 ; Acc: 51.374
2018-09-19 15:50:37,745:INFO: [TRAIN] Step: 385 ; Loss: 24.324 ; Acc: 51.349
2018-09-19 15:50:37,825:INFO: [TRAIN] Step: 386 ; Loss: 22.262 ; Acc: 51.314
2018-09-19 15:50:37,905:INFO: [TRAIN] Step: 387 ; Loss: 21.639 ; Acc: 51.321
2018-09-19 15:50:37,985:INFO: [TRAIN] Step: 388 ; Loss: 25.854 ; Acc: 51.339
2018-09-19 15:50:38,062:INFO: [TRAIN] Step: 389 ; Loss: 24.525 ; Acc: 51.282
2018-09-19 15:50:38,138:INFO: [TRAIN] Step: 390 ; Loss: 17.670 ; Acc: 51.343
2018-09-19 15:50:38,216:INFO: [TRAIN] Step: 391 ; Loss: 14.839 ; Acc: 51.371
2018-09-19 15:50:38,287:INFO: [TRAIN] Step: 392 ; Loss: 20.651 ; Acc: 51.399
2018-09-19 15:50:38,364:INFO: [TRAIN] Step: 393 ; Loss: 22.737 ; Acc: 51.375
2018-09-19 15:50:38,442:INFO: [TRAIN] Step: 394 ; Loss: 17.634 ; Acc: 51.414
2018-09-19 15:50:38,519:INFO: [TRAIN] Step: 395 ; Loss: 16.820 ; Acc: 51.452
2018-09-19 15:50:38,593:INFO: [TRAIN] Step: 396 ; Loss: 23.270 ; Acc: 51.490
2018-09-19 15:50:38,674:INFO: [TRAIN] Step: 397 ; Loss: 17.479 ; Acc: 51.539
2018-09-19 15:50:38,744:INFO: [TRAIN] Step: 398 ; Loss: 19.312 ; Acc: 51.587
2018-09-19 15:50:38,821:INFO: [TRAIN] Step: 399 ; Loss: 22.550 ; Acc: 51.583
2018-09-19 15:50:38,895:INFO: [TRAIN] Step: 400 ; Loss: 21.147 ; Acc: 51.579
2018-09-19 15:50:38,980:INFO: [TRAIN] Step: 401 ; Loss: 18.877 ; Acc: 51.586
2018-09-19 15:50:39,051:INFO: [TRAIN] Step: 402 ; Loss: 20.291 ; Acc: 51.623
2018-09-19 15:50:39,127:INFO: [TRAIN] Step: 403 ; Loss: 20.668 ; Acc: 51.650
2018-09-19 15:50:39,199:INFO: [TRAIN] Step: 404 ; Loss: 20.373 ; Acc: 51.656
2018-09-19 15:50:39,277:INFO: [TRAIN] Step: 405 ; Loss: 18.813 ; Acc: 51.652
2018-09-19 15:50:39,350:INFO: [TRAIN] Step: 406 ; Loss: 16.630 ; Acc: 51.669
2018-09-19 15:50:39,427:INFO: [TRAIN] Step: 407 ; Loss: 17.848 ; Acc: 51.705
2018-09-19 15:50:39,503:INFO: [TRAIN] Step: 408 ; Loss: 21.680 ; Acc: 51.732
2018-09-19 15:50:39,578:INFO: [TRAIN] Step: 409 ; Loss: 17.782 ; Acc: 51.758
2018-09-19 15:50:39,650:INFO: [TRAIN] Step: 410 ; Loss: 21.074 ; Acc: 51.764
2018-09-19 15:50:39,726:INFO: [TRAIN] Step: 411 ; Loss: 19.592 ; Acc: 51.810
2018-09-19 15:50:39,798:INFO: [TRAIN] Step: 412 ; Loss: 24.620 ; Acc: 51.826
2018-09-19 15:50:39,876:INFO: [TRAIN] Step: 413 ; Loss: 18.824 ; Acc: 51.832
2018-09-19 15:50:39,949:INFO: [TRAIN] Step: 414 ; Loss: 21.495 ; Acc: 51.857
2018-09-19 15:50:40,028:INFO: [TRAIN] Step: 415 ; Loss: 23.601 ; Acc: 51.823
2018-09-19 15:50:40,098:INFO: [TRAIN] Step: 416 ; Loss: 19.326 ; Acc: 51.849
2018-09-19 15:50:40,173:INFO: [TRAIN] Step: 417 ; Loss: 21.229 ; Acc: 51.834
2018-09-19 15:50:40,244:INFO: [TRAIN] Step: 418 ; Loss: 20.413 ; Acc: 51.840
2018-09-19 15:50:40,320:INFO: [TRAIN] Step: 419 ; Loss: 19.516 ; Acc: 51.875
2018-09-19 15:50:40,393:INFO: [TRAIN] Step: 420 ; Loss: 18.599 ; Acc: 51.900
2018-09-19 15:50:40,470:INFO: [TRAIN] Step: 421 ; Loss: 19.043 ; Acc: 51.945
2018-09-19 15:50:40,547:INFO: [TRAIN] Step: 422 ; Loss: 17.196 ; Acc: 52.009
2018-09-19 15:50:40,624:INFO: [TRAIN] Step: 423 ; Loss: 18.646 ; Acc: 52.044
2018-09-19 15:50:40,696:INFO: [TRAIN] Step: 424 ; Loss: 19.604 ; Acc: 52.069
2018-09-19 15:50:40,776:INFO: [TRAIN] Step: 425 ; Loss: 19.404 ; Acc: 52.093
2018-09-19 15:50:40,853:INFO: [TRAIN] Step: 426 ; Loss: 16.899 ; Acc: 52.117
2018-09-19 15:50:40,934:INFO: [TRAIN] Step: 427 ; Loss: 19.500 ; Acc: 52.151
2018-09-19 15:50:41,006:INFO: [TRAIN] Step: 428 ; Loss: 21.726 ; Acc: 52.166
2018-09-19 15:50:41,086:INFO: [TRAIN] Step: 429 ; Loss: 21.354 ; Acc: 52.151
2018-09-19 15:50:41,160:INFO: [TRAIN] Step: 430 ; Loss: 18.390 ; Acc: 52.185
2018-09-19 15:50:41,238:INFO: [TRAIN] Step: 431 ; Loss: 20.336 ; Acc: 52.199
2018-09-19 15:50:41,310:INFO: [TRAIN] Step: 432 ; Loss: 18.847 ; Acc: 52.242
2018-09-19 15:50:41,388:INFO: [TRAIN] Step: 433 ; Loss: 16.725 ; Acc: 52.256
2018-09-19 15:50:41,460:INFO: [TRAIN] Step: 434 ; Loss: 18.040 ; Acc: 52.280
2018-09-19 15:50:41,535:INFO: [TRAIN] Step: 435 ; Loss: 19.995 ; Acc: 52.313
2018-09-19 15:50:41,607:INFO: [TRAIN] Step: 436 ; Loss: 21.155 ; Acc: 52.307
2018-09-19 15:50:41,685:INFO: [TRAIN] Step: 437 ; Loss: 17.816 ; Acc: 52.350
2018-09-19 15:50:41,757:INFO: [TRAIN] Step: 438 ; Loss: 19.021 ; Acc: 52.382
2018-09-19 15:50:41,839:INFO: [TRAIN] Step: 439 ; Loss: 19.751 ; Acc: 52.396
2018-09-19 15:50:41,910:INFO: [TRAIN] Step: 440 ; Loss: 19.405 ; Acc: 52.372
2018-09-19 15:50:41,987:INFO: [TRAIN] Step: 441 ; Loss: 14.800 ; Acc: 52.413
2018-09-19 15:50:42,063:INFO: [TRAIN] Step: 442 ; Loss: 19.497 ; Acc: 52.417
2018-09-19 15:50:42,138:INFO: [TRAIN] Step: 443 ; Loss: 17.147 ; Acc: 52.459
2018-09-19 15:50:42,217:INFO: [TRAIN] Step: 444 ; Loss: 20.019 ; Acc: 52.453
2018-09-19 15:50:42,292:INFO: [TRAIN] Step: 445 ; Loss: 18.302 ; Acc: 52.504
2018-09-19 15:50:42,370:INFO: [TRAIN] Step: 446 ; Loss: 22.543 ; Acc: 52.470
2018-09-19 15:50:42,448:INFO: [TRAIN] Step: 447 ; Loss: 20.289 ; Acc: 52.483
2018-09-19 15:50:42,524:INFO: [TRAIN] Step: 448 ; Loss: 18.797 ; Acc: 52.478
2018-09-19 15:50:42,603:INFO: [TRAIN] Step: 449 ; Loss: 20.446 ; Acc: 52.491
2018-09-19 15:50:42,682:INFO: [TRAIN] Step: 450 ; Loss: 17.912 ; Acc: 52.504
2018-09-19 15:50:42,757:INFO: [TRAIN] Step: 451 ; Loss: 22.491 ; Acc: 52.507
2018-09-19 15:50:42,836:INFO: [TRAIN] Step: 452 ; Loss: 21.637 ; Acc: 52.511
2018-09-19 15:50:42,912:INFO: [TRAIN] Step: 453 ; Loss: 20.009 ; Acc: 52.496
2018-09-19 15:50:42,987:INFO: [TRAIN] Step: 454 ; Loss: 25.121 ; Acc: 52.491
2018-09-19 15:50:43,064:INFO: [TRAIN] Step: 455 ; Loss: 19.471 ; Acc: 52.531
2018-09-19 15:50:43,138:INFO: [TRAIN] Step: 456 ; Loss: 22.923 ; Acc: 52.553
2018-09-19 15:50:43,218:INFO: [TRAIN] Step: 457 ; Loss: 19.513 ; Acc: 52.556
2018-09-19 15:50:43,292:INFO: [TRAIN] Step: 458 ; Loss: 19.947 ; Acc: 52.578
2018-09-19 15:50:43,373:INFO: [TRAIN] Step: 459 ; Loss: 22.271 ; Acc: 52.563
2018-09-19 15:50:43,447:INFO: [TRAIN] Step: 460 ; Loss: 18.557 ; Acc: 52.576
2018-09-19 15:50:43,523:INFO: [TRAIN] Step: 461 ; Loss: 21.506 ; Acc: 52.579
2018-09-19 15:50:43,593:INFO: [TRAIN] Step: 462 ; Loss: 23.505 ; Acc: 52.574
2018-09-19 15:50:43,670:INFO: [TRAIN] Step: 463 ; Loss: 17.146 ; Acc: 52.577
2018-09-19 15:50:43,740:INFO: [TRAIN] Step: 464 ; Loss: 19.724 ; Acc: 52.590
2018-09-19 15:50:43,817:INFO: [TRAIN] Step: 465 ; Loss: 23.023 ; Acc: 52.620
2018-09-19 15:50:43,891:INFO: [TRAIN] Step: 466 ; Loss: 22.331 ; Acc: 52.641
2018-09-19 15:50:43,968:INFO: [TRAIN] Step: 467 ; Loss: 19.391 ; Acc: 52.662
2018-09-19 15:50:44,041:INFO: [TRAIN] Step: 468 ; Loss: 25.502 ; Acc: 52.630
2018-09-19 15:50:44,117:INFO: [TRAIN] Step: 469 ; Loss: 21.149 ; Acc: 52.651
2018-09-19 15:50:44,189:INFO: [TRAIN] Step: 470 ; Loss: 19.654 ; Acc: 52.672
2018-09-19 15:50:44,266:INFO: [TRAIN] Step: 471 ; Loss: 17.823 ; Acc: 52.701
2018-09-19 15:50:44,342:INFO: [TRAIN] Step: 472 ; Loss: 19.894 ; Acc: 52.713
2018-09-19 15:50:44,418:INFO: [TRAIN] Step: 473 ; Loss: 24.820 ; Acc: 52.690
2018-09-19 15:50:44,489:INFO: [TRAIN] Step: 474 ; Loss: 18.835 ; Acc: 52.719
2018-09-19 15:50:44,567:INFO: [TRAIN] Step: 475 ; Loss: 22.679 ; Acc: 52.722
2018-09-19 15:50:44,640:INFO: [TRAIN] Step: 476 ; Loss: 21.600 ; Acc: 52.717
2018-09-19 15:50:44,723:INFO: [TRAIN] Step: 477 ; Loss: 18.487 ; Acc: 52.737
2018-09-19 15:50:44,795:INFO: [TRAIN] Step: 478 ; Loss: 28.245 ; Acc: 52.723
2018-09-19 15:50:44,870:INFO: [TRAIN] Step: 479 ; Loss: 17.781 ; Acc: 52.752
2018-09-19 15:50:44,940:INFO: [TRAIN] Step: 480 ; Loss: 20.980 ; Acc: 52.772
2018-09-19 15:50:45,018:INFO: [TRAIN] Step: 481 ; Loss: 19.978 ; Acc: 52.784
2018-09-19 15:50:45,092:INFO: [TRAIN] Step: 482 ; Loss: 15.874 ; Acc: 52.804
2018-09-19 15:50:45,167:INFO: [TRAIN] Step: 483 ; Loss: 19.318 ; Acc: 52.824
2018-09-19 15:50:45,246:INFO: [TRAIN] Step: 484 ; Loss: 22.639 ; Acc: 52.826
2018-09-19 15:50:45,326:INFO: [TRAIN] Step: 485 ; Loss: 17.132 ; Acc: 52.838
2018-09-19 15:50:45,397:INFO: [TRAIN] Step: 486 ; Loss: 21.268 ; Acc: 52.841
2018-09-19 15:50:45,476:INFO: [TRAIN] Step: 487 ; Loss: 22.598 ; Acc: 52.843
2018-09-19 15:50:45,549:INFO: [TRAIN] Step: 488 ; Loss: 21.346 ; Acc: 52.829
2018-09-19 15:50:45,624:INFO: [TRAIN] Step: 489 ; Loss: 24.105 ; Acc: 52.823
2018-09-19 15:50:45,695:INFO: [TRAIN] Step: 490 ; Loss: 16.789 ; Acc: 52.826
2018-09-19 15:50:45,775:INFO: [TRAIN] Step: 491 ; Loss: 18.249 ; Acc: 52.854
2018-09-19 15:50:45,845:INFO: [TRAIN] Step: 492 ; Loss: 18.355 ; Acc: 52.874
2018-09-19 15:50:45,921:INFO: [TRAIN] Step: 493 ; Loss: 21.198 ; Acc: 52.893
2018-09-19 15:50:45,993:INFO: [TRAIN] Step: 494 ; Loss: 17.038 ; Acc: 52.921
2018-09-19 15:50:46,070:INFO: [TRAIN] Step: 495 ; Loss: 23.086 ; Acc: 52.907
2018-09-19 15:50:46,143:INFO: [TRAIN] Step: 496 ; Loss: 24.362 ; Acc: 52.867
2018-09-19 15:50:46,224:INFO: [TRAIN] Step: 497 ; Loss: 23.479 ; Acc: 52.853
2018-09-19 15:50:46,297:INFO: [TRAIN] Step: 498 ; Loss: 15.609 ; Acc: 52.881
2018-09-19 15:50:46,372:INFO: [TRAIN] Step: 499 ; Loss: 18.397 ; Acc: 52.900
2018-09-19 15:50:46,445:INFO: [TRAIN] Step: 500 ; Loss: 17.931 ; Acc: 52.903
2018-09-19 15:50:46,522:INFO: [TRAIN] Step: 501 ; Loss: 17.392 ; Acc: 52.930
2018-09-19 15:50:46,592:INFO: [TRAIN] Step: 502 ; Loss: 19.677 ; Acc: 52.974
2018-09-19 15:50:46,668:INFO: [TRAIN] Step: 503 ; Loss: 18.373 ; Acc: 53.018
2018-09-19 15:50:46,741:INFO: [TRAIN] Step: 504 ; Loss: 19.486 ; Acc: 53.028
2018-09-19 15:50:46,820:INFO: [TRAIN] Step: 505 ; Loss: 12.004 ; Acc: 53.063
2018-09-19 15:50:46,893:INFO: [TRAIN] Step: 506 ; Loss: 22.863 ; Acc: 53.090
2018-09-19 15:50:46,973:INFO: [TRAIN] Step: 507 ; Loss: 18.330 ; Acc: 53.133
2018-09-19 15:50:47,047:INFO: [TRAIN] Step: 508 ; Loss: 19.313 ; Acc: 53.127
2018-09-19 15:50:47,133:INFO: [TRAIN] Step: 509 ; Loss: 20.829 ; Acc: 53.145
2018-09-19 15:50:47,204:INFO: [TRAIN] Step: 510 ; Loss: 25.049 ; Acc: 53.147
2018-09-19 15:50:47,283:INFO: [TRAIN] Step: 511 ; Loss: 17.731 ; Acc: 53.166
2018-09-19 15:50:47,357:INFO: [TRAIN] Step: 512 ; Loss: 20.663 ; Acc: 53.160
2018-09-19 15:50:47,432:INFO: [TRAIN] Step: 513 ; Loss: 22.603 ; Acc: 53.137
2018-09-19 15:50:47,507:INFO: [TRAIN] Step: 514 ; Loss: 18.587 ; Acc: 53.172
2018-09-19 15:50:47,596:INFO: [TRAIN] Step: 515 ; Loss: 20.360 ; Acc: 53.173
2018-09-19 15:50:47,674:INFO: [TRAIN] Step: 516 ; Loss: 20.442 ; Acc: 53.191
2018-09-19 15:50:47,752:INFO: [TRAIN] Step: 517 ; Loss: 23.658 ; Acc: 53.209
2018-09-19 15:50:47,823:INFO: [TRAIN] Step: 518 ; Loss: 24.006 ; Acc: 53.211
2018-09-19 15:50:47,903:INFO: [TRAIN] Step: 519 ; Loss: 18.010 ; Acc: 53.221
2018-09-19 15:50:47,976:INFO: [TRAIN] Step: 520 ; Loss: 20.351 ; Acc: 53.223
2018-09-19 15:50:48,051:INFO: [TRAIN] Step: 521 ; Loss: 19.814 ; Acc: 53.241
2018-09-19 15:50:48,125:INFO: [TRAIN] Step: 522 ; Loss: 16.444 ; Acc: 53.266
2018-09-19 15:50:48,206:INFO: [TRAIN] Step: 523 ; Loss: 16.018 ; Acc: 53.284
2018-09-19 15:50:48,279:INFO: [TRAIN] Step: 524 ; Loss: 19.212 ; Acc: 53.310
2018-09-19 15:50:48,357:INFO: [TRAIN] Step: 525 ; Loss: 21.221 ; Acc: 53.327
2018-09-19 15:50:48,428:INFO: [TRAIN] Step: 526 ; Loss: 12.293 ; Acc: 53.376
2018-09-19 15:50:48,506:INFO: [TRAIN] Step: 527 ; Loss: 21.863 ; Acc: 53.362
2018-09-19 15:50:48,576:INFO: [TRAIN] Step: 528 ; Loss: 20.557 ; Acc: 53.355
2018-09-19 15:50:48,655:INFO: [TRAIN] Step: 529 ; Loss: 16.699 ; Acc: 53.357
2018-09-19 15:50:48,731:INFO: [TRAIN] Step: 530 ; Loss: 23.982 ; Acc: 53.358
2018-09-19 15:50:48,811:INFO: [TRAIN] Step: 531 ; Loss: 17.500 ; Acc: 53.376
2018-09-19 15:50:48,891:INFO: [TRAIN] Step: 532 ; Loss: 19.317 ; Acc: 53.377
2018-09-19 15:50:48,973:INFO: [TRAIN] Step: 533 ; Loss: 17.814 ; Acc: 53.363
2018-09-19 15:50:49,044:INFO: [TRAIN] Step: 534 ; Loss: 20.638 ; Acc: 53.380
2018-09-19 15:50:49,126:INFO: [TRAIN] Step: 535 ; Loss: 21.658 ; Acc: 53.397
2018-09-19 15:50:49,197:INFO: [TRAIN] Step: 536 ; Loss: 17.386 ; Acc: 53.422
2018-09-19 15:50:49,278:INFO: [TRAIN] Step: 537 ; Loss: 17.141 ; Acc: 53.431
2018-09-19 15:50:49,354:INFO: [TRAIN] Step: 538 ; Loss: 19.893 ; Acc: 53.440
2018-09-19 15:50:49,436:INFO: [TRAIN] Step: 539 ; Loss: 21.071 ; Acc: 53.449
2018-09-19 15:50:49,507:INFO: [TRAIN] Step: 540 ; Loss: 19.293 ; Acc: 53.489
2018-09-19 15:50:49,585:INFO: [TRAIN] Step: 541 ; Loss: 16.610 ; Acc: 53.536
2018-09-19 15:50:49,659:INFO: [TRAIN] Step: 542 ; Loss: 13.933 ; Acc: 53.583
2018-09-19 15:50:49,736:INFO: [TRAIN] Step: 543 ; Loss: 16.957 ; Acc: 53.608
2018-09-19 15:50:49,806:INFO: [TRAIN] Step: 544 ; Loss: 24.390 ; Acc: 53.601
2018-09-19 15:50:49,884:INFO: [TRAIN] Step: 545 ; Loss: 22.435 ; Acc: 53.610
2018-09-19 15:50:49,958:INFO: [TRAIN] Step: 546 ; Loss: 15.365 ; Acc: 53.641
2018-09-19 15:50:50,038:INFO: [TRAIN] Step: 547 ; Loss: 15.596 ; Acc: 53.672
2018-09-19 15:50:50,112:INFO: [TRAIN] Step: 548 ; Loss: 19.308 ; Acc: 53.673
2018-09-19 15:50:50,191:INFO: [TRAIN] Step: 549 ; Loss: 16.597 ; Acc: 53.674
2018-09-19 15:50:50,264:INFO: [TRAIN] Step: 550 ; Loss: 19.452 ; Acc: 53.690
2018-09-19 15:50:50,341:INFO: [TRAIN] Step: 551 ; Loss: 18.059 ; Acc: 53.699
2018-09-19 15:50:50,427:INFO: [TRAIN] Step: 552 ; Loss: 17.241 ; Acc: 53.707
2018-09-19 15:50:50,507:INFO: [TRAIN] Step: 553 ; Loss: 18.781 ; Acc: 53.685
2018-09-19 15:50:50,578:INFO: [TRAIN] Step: 554 ; Loss: 17.893 ; Acc: 53.694
2018-09-19 15:50:50,654:INFO: [TRAIN] Step: 555 ; Loss: 17.509 ; Acc: 53.695
2018-09-19 15:50:50,724:INFO: [TRAIN] Step: 556 ; Loss: 18.508 ; Acc: 53.718
2018-09-19 15:50:50,807:INFO: [TRAIN] Step: 557 ; Loss: 23.511 ; Acc: 53.689
2018-09-19 15:50:50,885:INFO: [TRAIN] Step: 558 ; Loss: 19.168 ; Acc: 53.660
2018-09-19 15:50:50,967:INFO: [TRAIN] Step: 559 ; Loss: 17.725 ; Acc: 53.698
2018-09-19 15:50:51,038:INFO: [TRAIN] Step: 560 ; Loss: 20.358 ; Acc: 53.691
2018-09-19 15:50:51,115:INFO: [TRAIN] Step: 561 ; Loss: 19.595 ; Acc: 53.685
2018-09-19 15:50:51,195:INFO: [TRAIN] Step: 562 ; Loss: 22.118 ; Acc: 53.678
2018-09-19 15:50:51,274:INFO: [TRAIN] Step: 563 ; Loss: 20.643 ; Acc: 53.694
2018-09-19 15:50:51,346:INFO: [TRAIN] Step: 564 ; Loss: 13.046 ; Acc: 53.702
2018-09-19 15:50:51,424:INFO: [TRAIN] Step: 565 ; Loss: 22.184 ; Acc: 53.710
2018-09-19 15:50:51,498:INFO: [TRAIN] Step: 566 ; Loss: 21.634 ; Acc: 53.718
2018-09-19 15:50:51,574:INFO: [TRAIN] Step: 567 ; Loss: 23.410 ; Acc: 53.712
2018-09-19 15:50:51,646:INFO: [TRAIN] Step: 568 ; Loss: 21.577 ; Acc: 53.735
2018-09-19 15:50:51,729:INFO: [TRAIN] Step: 569 ; Loss: 23.580 ; Acc: 53.721
2018-09-19 15:50:51,801:INFO: [TRAIN] Step: 570 ; Loss: 20.200 ; Acc: 53.722
2018-09-19 15:50:51,877:INFO: [TRAIN] Step: 571 ; Loss: 23.039 ; Acc: 53.700
2018-09-19 15:50:51,948:INFO: [TRAIN] Step: 572 ; Loss: 20.558 ; Acc: 53.687
2018-09-19 15:50:52,031:INFO: [TRAIN] Step: 573 ; Loss: 20.739 ; Acc: 53.695
2018-09-19 15:50:52,102:INFO: [TRAIN] Step: 574 ; Loss: 18.386 ; Acc: 53.717
2018-09-19 15:50:52,178:INFO: [TRAIN] Step: 575 ; Loss: 14.515 ; Acc: 53.762
2018-09-19 15:50:52,255:INFO: [TRAIN] Step: 576 ; Loss: 18.433 ; Acc: 53.762
2018-09-19 15:50:52,332:INFO: [TRAIN] Step: 577 ; Loss: 24.412 ; Acc: 53.749
2018-09-19 15:50:52,409:INFO: [TRAIN] Step: 578 ; Loss: 21.906 ; Acc: 53.749
2018-09-19 15:50:52,488:INFO: [TRAIN] Step: 579 ; Loss: 21.142 ; Acc: 53.772
2018-09-19 15:50:52,562:INFO: [TRAIN] Step: 580 ; Loss: 21.163 ; Acc: 53.758
2018-09-19 15:50:52,640:INFO: [TRAIN] Step: 581 ; Loss: 14.974 ; Acc: 53.787
2018-09-19 15:50:52,711:INFO: [TRAIN] Step: 582 ; Loss: 17.297 ; Acc: 53.781
2018-09-19 15:50:52,792:INFO: [TRAIN] Step: 583 ; Loss: 14.585 ; Acc: 53.803
2018-09-19 15:50:52,863:INFO: [TRAIN] Step: 584 ; Loss: 19.321 ; Acc: 53.825
2018-09-19 15:50:52,943:INFO: [TRAIN] Step: 585 ; Loss: 23.588 ; Acc: 53.832
2018-09-19 15:50:53,014:INFO: [TRAIN] Step: 586 ; Loss: 19.950 ; Acc: 53.854
2018-09-19 15:50:53,090:INFO: [TRAIN] Step: 587 ; Loss: 16.395 ; Acc: 53.834
2018-09-19 15:50:53,162:INFO: [TRAIN] Step: 588 ; Loss: 20.331 ; Acc: 53.848
2018-09-19 15:50:53,239:INFO: [TRAIN] Step: 589 ; Loss: 17.180 ; Acc: 53.856
2018-09-19 15:50:53,310:INFO: [TRAIN] Step: 590 ; Loss: 17.461 ; Acc: 53.871
2018-09-19 15:50:53,386:INFO: [TRAIN] Step: 591 ; Loss: 17.375 ; Acc: 53.892
2018-09-19 15:50:53,463:INFO: [TRAIN] Step: 592 ; Loss: 14.971 ; Acc: 53.928
2018-09-19 15:50:53,537:INFO: [TRAIN] Step: 593 ; Loss: 18.351 ; Acc: 53.928
2018-09-19 15:50:53,610:INFO: [TRAIN] Step: 594 ; Loss: 15.134 ; Acc: 53.957
2018-09-19 15:50:53,686:INFO: [TRAIN] Step: 595 ; Loss: 18.136 ; Acc: 53.971
2018-09-19 15:50:53,757:INFO: [TRAIN] Step: 596 ; Loss: 19.093 ; Acc: 53.985
2018-09-19 15:50:53,835:INFO: [TRAIN] Step: 597 ; Loss: 21.610 ; Acc: 53.986
2018-09-19 15:50:53,909:INFO: [TRAIN] Step: 598 ; Loss: 23.445 ; Acc: 53.986
2018-09-19 15:50:53,991:INFO: [TRAIN] Step: 599 ; Loss: 18.023 ; Acc: 53.993
2018-09-19 15:50:54,064:INFO: [TRAIN] Step: 600 ; Loss: 20.682 ; Acc: 54.007
2018-09-19 15:50:54,140:INFO: [TRAIN] Step: 601 ; Loss: 22.394 ; Acc: 54.001
2018-09-19 15:50:54,216:INFO: [TRAIN] Step: 602 ; Loss: 16.131 ; Acc: 54.022
2018-09-19 15:50:54,292:INFO: [TRAIN] Step: 603 ; Loss: 18.803 ; Acc: 54.049
2018-09-19 15:50:54,364:INFO: [TRAIN] Step: 604 ; Loss: 16.670 ; Acc: 54.063
2018-09-19 15:50:54,446:INFO: [TRAIN] Step: 605 ; Loss: 17.441 ; Acc: 54.091
2018-09-19 15:50:54,517:INFO: [TRAIN] Step: 606 ; Loss: 26.372 ; Acc: 54.105
2018-09-19 15:50:54,596:INFO: [TRAIN] Step: 607 ; Loss: 20.148 ; Acc: 54.132
2018-09-19 15:50:54,670:INFO: [TRAIN] Step: 608 ; Loss: 20.615 ; Acc: 54.132
2018-09-19 15:50:54,746:INFO: [TRAIN] Step: 609 ; Loss: 23.310 ; Acc: 54.105
2018-09-19 15:50:54,816:INFO: [TRAIN] Step: 610 ; Loss: 19.468 ; Acc: 54.126
2018-09-19 15:50:54,892:INFO: [TRAIN] Step: 611 ; Loss: 21.547 ; Acc: 54.126
2018-09-19 15:50:54,970:INFO: [TRAIN] Step: 612 ; Loss: 21.415 ; Acc: 54.133
2018-09-19 15:50:55,055:INFO: [TRAIN] Step: 613 ; Loss: 13.739 ; Acc: 54.153
2018-09-19 15:50:55,128:INFO: [TRAIN] Step: 614 ; Loss: 15.364 ; Acc: 54.160
2018-09-19 15:50:55,211:INFO: [TRAIN] Step: 615 ; Loss: 17.750 ; Acc: 54.160
2018-09-19 15:50:55,285:INFO: [TRAIN] Step: 616 ; Loss: 21.514 ; Acc: 54.153
2018-09-19 15:50:55,370:INFO: [TRAIN] Step: 617 ; Loss: 16.707 ; Acc: 54.173
2018-09-19 15:50:55,444:INFO: [TRAIN] Step: 618 ; Loss: 23.258 ; Acc: 54.187
2018-09-19 15:50:55,527:INFO: [TRAIN] Step: 619 ; Loss: 16.933 ; Acc: 54.214
2018-09-19 15:50:55,599:INFO: [TRAIN] Step: 620 ; Loss: 16.084 ; Acc: 54.220
2018-09-19 15:50:55,682:INFO: [TRAIN] Step: 621 ; Loss: 17.627 ; Acc: 54.254
2018-09-19 15:50:55,758:INFO: [TRAIN] Step: 622 ; Loss: 23.604 ; Acc: 54.240
2018-09-19 15:50:55,838:INFO: [TRAIN] Step: 623 ; Loss: 20.711 ; Acc: 54.274
2018-09-19 15:50:55,910:INFO: [TRAIN] Step: 624 ; Loss: 20.109 ; Acc: 54.280
2018-09-19 15:50:55,988:INFO: [TRAIN] Step: 625 ; Loss: 19.401 ; Acc: 54.280
2018-09-19 15:50:56,059:INFO: [TRAIN] Step: 626 ; Loss: 18.791 ; Acc: 54.273
2018-09-19 15:50:56,136:INFO: [TRAIN] Step: 627 ; Loss: 20.611 ; Acc: 54.286
2018-09-19 15:50:56,208:INFO: [TRAIN] Step: 628 ; Loss: 15.678 ; Acc: 54.279
2018-09-19 15:50:56,286:INFO: [TRAIN] Step: 629 ; Loss: 19.616 ; Acc: 54.253
2018-09-19 15:50:56,361:INFO: [TRAIN] Step: 630 ; Loss: 28.945 ; Acc: 54.266
2018-09-19 15:50:56,441:INFO: [TRAIN] Step: 631 ; Loss: 19.532 ; Acc: 54.272
2018-09-19 15:50:56,512:INFO: [TRAIN] Step: 632 ; Loss: 23.187 ; Acc: 54.265
2018-09-19 15:50:56,588:INFO: [TRAIN] Step: 633 ; Loss: 19.879 ; Acc: 54.285
2018-09-19 15:50:56,662:INFO: [TRAIN] Step: 634 ; Loss: 16.608 ; Acc: 54.285
2018-09-19 15:50:56,739:INFO: [TRAIN] Step: 635 ; Loss: 19.620 ; Acc: 54.304
2018-09-19 15:50:56,812:INFO: [TRAIN] Step: 636 ; Loss: 21.216 ; Acc: 54.311
2018-09-19 15:50:56,890:INFO: [TRAIN] Step: 637 ; Loss: 22.952 ; Acc: 54.304
2018-09-19 15:50:56,963:INFO: [TRAIN] Step: 638 ; Loss: 18.736 ; Acc: 54.323
2018-09-19 15:50:57,041:INFO: [TRAIN] Step: 639 ; Loss: 20.265 ; Acc: 54.316
2018-09-19 15:50:57,114:INFO: [TRAIN] Step: 640 ; Loss: 26.036 ; Acc: 54.290
2018-09-19 15:50:57,191:INFO: [TRAIN] Step: 641 ; Loss: 20.708 ; Acc: 54.283
2018-09-19 15:50:57,261:INFO: [TRAIN] Step: 642 ; Loss: 16.411 ; Acc: 54.316
2018-09-19 15:50:57,338:INFO: [TRAIN] Step: 643 ; Loss: 22.357 ; Acc: 54.309
2018-09-19 15:50:57,414:INFO: [TRAIN] Step: 644 ; Loss: 24.773 ; Acc: 54.289
2018-09-19 15:50:57,490:INFO: [TRAIN] Step: 645 ; Loss: 22.549 ; Acc: 54.283
2018-09-19 15:50:57,561:INFO: [TRAIN] Step: 646 ; Loss: 24.248 ; Acc: 54.238
2018-09-19 15:50:57,637:INFO: [TRAIN] Step: 647 ; Loss: 17.067 ; Acc: 54.263
2018-09-19 15:50:57,709:INFO: [TRAIN] Step: 648 ; Loss: 19.507 ; Acc: 54.282
2018-09-19 15:50:57,787:INFO: [TRAIN] Step: 649 ; Loss: 19.615 ; Acc: 54.282
2018-09-19 15:50:57,862:INFO: [TRAIN] Step: 650 ; Loss: 22.540 ; Acc: 54.288
2018-09-19 15:50:57,943:INFO: [TRAIN] Step: 651 ; Loss: 19.731 ; Acc: 54.275
2018-09-19 15:50:58,018:INFO: [TRAIN] Step: 652 ; Loss: 25.253 ; Acc: 54.275
2018-09-19 15:50:58,095:INFO: [TRAIN] Step: 653 ; Loss: 22.931 ; Acc: 54.269
2018-09-19 15:50:58,174:INFO: [TRAIN] Step: 654 ; Loss: 20.879 ; Acc: 54.288
2018-09-19 15:50:58,261:INFO: [TRAIN] Step: 655 ; Loss: 17.165 ; Acc: 54.287
2018-09-19 15:50:58,334:INFO: [TRAIN] Step: 656 ; Loss: 15.977 ; Acc: 54.313
2018-09-19 15:50:58,412:INFO: [TRAIN] Step: 657 ; Loss: 15.420 ; Acc: 54.338
2018-09-19 15:50:58,485:INFO: [TRAIN] Step: 658 ; Loss: 25.276 ; Acc: 54.331
2018-09-19 15:50:58,563:INFO: [TRAIN] Step: 659 ; Loss: 22.873 ; Acc: 54.337
2018-09-19 15:50:58,639:INFO: [TRAIN] Step: 660 ; Loss: 11.980 ; Acc: 54.387
2018-09-19 15:50:58,718:INFO: [TRAIN] Step: 661 ; Loss: 22.538 ; Acc: 54.387
2018-09-19 15:50:58,793:INFO: [TRAIN] Step: 662 ; Loss: 21.742 ; Acc: 54.380
2018-09-19 15:50:58,870:INFO: [TRAIN] Step: 663 ; Loss: 16.074 ; Acc: 54.399
2018-09-19 15:50:58,942:INFO: [TRAIN] Step: 664 ; Loss: 18.840 ; Acc: 54.398
2018-09-19 15:50:59,021:INFO: [TRAIN] Step: 665 ; Loss: 17.301 ; Acc: 54.429
2018-09-19 15:50:59,093:INFO: [TRAIN] Step: 666 ; Loss: 21.123 ; Acc: 54.435
2018-09-19 15:50:59,174:INFO: [TRAIN] Step: 667 ; Loss: 15.808 ; Acc: 54.466
2018-09-19 15:50:59,249:INFO: [TRAIN] Step: 668 ; Loss: 19.290 ; Acc: 54.466
2018-09-19 15:50:59,329:INFO: [TRAIN] Step: 669 ; Loss: 18.376 ; Acc: 54.471
2018-09-19 15:50:59,403:INFO: [TRAIN] Step: 670 ; Loss: 17.104 ; Acc: 54.496
2018-09-19 15:50:59,483:INFO: [TRAIN] Step: 671 ; Loss: 17.011 ; Acc: 54.526
2018-09-19 15:50:59,557:INFO: [TRAIN] Step: 672 ; Loss: 20.176 ; Acc: 54.526
2018-09-19 15:50:59,643:INFO: [TRAIN] Step: 673 ; Loss: 19.038 ; Acc: 54.538
2018-09-19 15:50:59,717:INFO: [TRAIN] Step: 674 ; Loss: 13.186 ; Acc: 54.562
2018-09-19 15:50:59,794:INFO: [TRAIN] Step: 675 ; Loss: 23.177 ; Acc: 54.549
2018-09-19 15:50:59,868:INFO: [TRAIN] Step: 676 ; Loss: 17.795 ; Acc: 54.561
2018-09-19 15:50:59,946:INFO: [TRAIN] Step: 677 ; Loss: 15.341 ; Acc: 54.572
2018-09-19 15:51:00,019:INFO: [TRAIN] Step: 678 ; Loss: 17.676 ; Acc: 54.566
2018-09-19 15:51:00,100:INFO: [TRAIN] Step: 679 ; Loss: 15.484 ; Acc: 54.577
2018-09-19 15:51:00,179:INFO: [TRAIN] Step: 680 ; Loss: 17.256 ; Acc: 54.595
2018-09-19 15:51:00,261:INFO: [TRAIN] Step: 681 ; Loss: 22.764 ; Acc: 54.576
2018-09-19 15:51:00,336:INFO: [TRAIN] Step: 682 ; Loss: 19.146 ; Acc: 54.582
2018-09-19 15:51:00,417:INFO: [TRAIN] Step: 683 ; Loss: 22.322 ; Acc: 54.569
2018-09-19 15:51:00,493:INFO: [TRAIN] Step: 684 ; Loss: 21.823 ; Acc: 54.580
2018-09-19 15:51:00,585:INFO: [TRAIN] Step: 685 ; Loss: 19.469 ; Acc: 54.561
2018-09-19 15:51:00,669:INFO: [TRAIN] Step: 686 ; Loss: 12.641 ; Acc: 54.591
2018-09-19 15:51:00,753:INFO: [TRAIN] Step: 687 ; Loss: 13.489 ; Acc: 54.627
2018-09-19 15:51:00,829:INFO: [TRAIN] Step: 688 ; Loss: 19.316 ; Acc: 54.657
2018-09-19 15:51:00,914:INFO: [TRAIN] Step: 689 ; Loss: 19.804 ; Acc: 54.668
2018-09-19 15:51:00,993:INFO: [TRAIN] Step: 690 ; Loss: 19.146 ; Acc: 54.685
2018-09-19 15:51:01,082:INFO: [TRAIN] Step: 691 ; Loss: 16.580 ; Acc: 54.697
2018-09-19 15:51:01,163:INFO: [TRAIN] Step: 692 ; Loss: 17.819 ; Acc: 54.702
2018-09-19 15:51:01,246:INFO: [TRAIN] Step: 693 ; Loss: 21.722 ; Acc: 54.695
2018-09-19 15:51:01,326:INFO: [TRAIN] Step: 694 ; Loss: 19.732 ; Acc: 54.706
2018-09-19 15:51:01,411:INFO: [TRAIN] Step: 695 ; Loss: 17.944 ; Acc: 54.723
2018-09-19 15:51:01,497:INFO: [TRAIN] Step: 696 ; Loss: 21.454 ; Acc: 54.723
2018-09-19 15:51:01,582:INFO: [TRAIN] Step: 697 ; Loss: 18.492 ; Acc: 54.746
2018-09-19 15:51:01,665:INFO: [TRAIN] Step: 698 ; Loss: 20.260 ; Acc: 54.757
2018-09-19 15:51:01,747:INFO: [TRAIN] Step: 699 ; Loss: 19.644 ; Acc: 54.762
2018-09-19 15:51:01,826:INFO: [TRAIN] Step: 700 ; Loss: 17.804 ; Acc: 54.761
2018-09-19 15:51:01,909:INFO: [TRAIN] Step: 701 ; Loss: 15.454 ; Acc: 54.784
2018-09-19 15:51:01,992:INFO: [TRAIN] Step: 702 ; Loss: 15.545 ; Acc: 54.813
2018-09-19 15:51:02,079:INFO: [TRAIN] Step: 703 ; Loss: 23.932 ; Acc: 54.794
2018-09-19 15:51:02,164:INFO: [TRAIN] Step: 704 ; Loss: 16.647 ; Acc: 54.805
2018-09-19 15:51:02,255:INFO: [TRAIN] Step: 705 ; Loss: 14.891 ; Acc: 54.822
2018-09-19 15:51:02,339:INFO: [TRAIN] Step: 706 ; Loss: 22.170 ; Acc: 54.809
2018-09-19 15:51:02,426:INFO: [TRAIN] Step: 707 ; Loss: 13.690 ; Acc: 54.838
2018-09-19 15:51:02,509:INFO: [TRAIN] Step: 708 ; Loss: 15.818 ; Acc: 54.860
2018-09-19 15:51:02,598:INFO: [TRAIN] Step: 709 ; Loss: 22.745 ; Acc: 54.865
2018-09-19 15:51:02,686:INFO: [TRAIN] Step: 710 ; Loss: 19.924 ; Acc: 54.876
2018-09-19 15:51:02,779:INFO: [TRAIN] Step: 711 ; Loss: 19.557 ; Acc: 54.881
2018-09-19 15:51:02,867:INFO: [TRAIN] Step: 712 ; Loss: 19.406 ; Acc: 54.874
2018-09-19 15:51:02,959:INFO: [TRAIN] Step: 713 ; Loss: 14.741 ; Acc: 54.896
2018-09-19 15:51:03,048:INFO: [TRAIN] Step: 714 ; Loss: 13.873 ; Acc: 54.895
2018-09-19 15:51:03,148:INFO: [TRAIN] Step: 715 ; Loss: 25.180 ; Acc: 54.888
2018-09-19 15:51:03,237:INFO: [TRAIN] Step: 716 ; Loss: 15.668 ; Acc: 54.905
2018-09-19 15:51:03,330:INFO: [TRAIN] Step: 717 ; Loss: 20.820 ; Acc: 54.892
2018-09-19 15:51:03,420:INFO: [TRAIN] Step: 718 ; Loss: 16.514 ; Acc: 54.903
2018-09-19 15:51:03,518:INFO: [TRAIN] Step: 719 ; Loss: 18.082 ; Acc: 54.913
2018-09-19 15:51:03,610:INFO: [TRAIN] Step: 720 ; Loss: 19.993 ; Acc: 54.912
2018-09-19 15:51:03,707:INFO: [TRAIN] Step: 721 ; Loss: 15.468 ; Acc: 54.934
2018-09-19 15:51:03,805:INFO: [TRAIN] Step: 722 ; Loss: 23.732 ; Acc: 54.910
2018-09-19 15:51:03,907:INFO: [TRAIN] Step: 723 ; Loss: 22.817 ; Acc: 54.903
2018-09-19 15:51:04,002:INFO: [TRAIN] Step: 724 ; Loss: 21.423 ; Acc: 54.891
2018-09-19 15:51:04,108:INFO: [TRAIN] Step: 725 ; Loss: 17.892 ; Acc: 54.907
2018-09-19 15:51:04,204:INFO: [TRAIN] Step: 726 ; Loss: 19.448 ; Acc: 54.935
2018-09-19 15:51:04,305:INFO: [TRAIN] Step: 727 ; Loss: 18.463 ; Acc: 54.934
2018-09-19 15:51:04,399:INFO: [TRAIN] Step: 728 ; Loss: 17.440 ; Acc: 54.944
2018-09-19 15:51:04,500:INFO: [TRAIN] Step: 729 ; Loss: 14.763 ; Acc: 54.971
2018-09-19 15:51:04,597:INFO: [TRAIN] Step: 730 ; Loss: 17.116 ; Acc: 54.993
2018-09-19 15:51:04,709:INFO: [TRAIN] Step: 731 ; Loss: 19.369 ; Acc: 55.003
2018-09-19 15:51:04,808:INFO: [TRAIN] Step: 732 ; Loss: 16.370 ; Acc: 55.019
2018-09-19 15:51:04,913:INFO: [TRAIN] Step: 733 ; Loss: 27.888 ; Acc: 55.007
2018-09-19 15:51:05,011:INFO: [TRAIN] Step: 734 ; Loss: 19.489 ; Acc: 55.017
2018-09-19 15:51:05,119:INFO: [TRAIN] Step: 735 ; Loss: 16.660 ; Acc: 55.038
2018-09-19 15:51:05,225:INFO: [TRAIN] Step: 736 ; Loss: 20.481 ; Acc: 55.026
2018-09-19 15:51:05,333:INFO: [TRAIN] Step: 737 ; Loss: 18.614 ; Acc: 55.008
2018-09-19 15:51:05,437:INFO: [TRAIN] Step: 738 ; Loss: 19.711 ; Acc: 55.012
2018-09-19 15:51:05,542:INFO: [TRAIN] Step: 739 ; Loss: 20.422 ; Acc: 55.023
2018-09-19 15:51:05,650:INFO: [TRAIN] Step: 740 ; Loss: 17.681 ; Acc: 55.044
2018-09-19 15:51:05,753:INFO: [TRAIN] Step: 741 ; Loss: 18.932 ; Acc: 55.037
2018-09-19 15:51:05,856:INFO: [TRAIN] Step: 742 ; Loss: 20.802 ; Acc: 55.047
2018-09-19 15:51:05,967:INFO: [TRAIN] Step: 743 ; Loss: 17.693 ; Acc: 55.052
2018-09-19 15:51:06,073:INFO: [TRAIN] Step: 744 ; Loss: 17.022 ; Acc: 55.067
2018-09-19 15:51:06,178:INFO: [TRAIN] Step: 745 ; Loss: 15.233 ; Acc: 55.094
2018-09-19 15:51:06,289:INFO: [TRAIN] Step: 746 ; Loss: 15.658 ; Acc: 55.115
2018-09-19 15:51:06,394:INFO: [TRAIN] Step: 747 ; Loss: 23.248 ; Acc: 55.091
2018-09-19 15:51:06,496:INFO: [TRAIN] Step: 748 ; Loss: 25.415 ; Acc: 55.073
2018-09-19 15:51:06,599:INFO: [TRAIN] Step: 749 ; Loss: 20.121 ; Acc: 55.078
2018-09-19 15:51:06,705:INFO: [TRAIN] Step: 750 ; Loss: 20.658 ; Acc: 55.082
2018-09-19 15:51:06,814:INFO: [TRAIN] Step: 751 ; Loss: 17.787 ; Acc: 55.092
2018-09-19 15:51:06,918:INFO: [TRAIN] Step: 752 ; Loss: 18.288 ; Acc: 55.102
2018-09-19 15:51:07,028:INFO: [TRAIN] Step: 753 ; Loss: 17.944 ; Acc: 55.112
2018-09-19 15:51:07,139:INFO: [TRAIN] Step: 754 ; Loss: 21.444 ; Acc: 55.110
2018-09-19 15:51:07,246:INFO: [TRAIN] Step: 755 ; Loss: 17.795 ; Acc: 55.120
2018-09-19 15:51:07,355:INFO: [TRAIN] Step: 756 ; Loss: 16.003 ; Acc: 55.141
2018-09-19 15:51:07,466:INFO: [TRAIN] Step: 757 ; Loss: 19.232 ; Acc: 55.134
2018-09-19 15:51:07,572:INFO: [TRAIN] Step: 758 ; Loss: 17.861 ; Acc: 55.133
2018-09-19 15:51:07,680:INFO: [TRAIN] Step: 759 ; Loss: 18.373 ; Acc: 55.126
2018-09-19 15:51:07,791:INFO: [TRAIN] Step: 760 ; Loss: 17.351 ; Acc: 55.119
2018-09-19 15:51:07,905:INFO: [TRAIN] Step: 761 ; Loss: 18.480 ; Acc: 55.135
2018-09-19 15:51:08,012:INFO: [TRAIN] Step: 762 ; Loss: 17.008 ; Acc: 55.144
2018-09-19 15:51:08,118:INFO: [TRAIN] Step: 763 ; Loss: 15.715 ; Acc: 55.159
2018-09-19 15:51:08,221:INFO: [TRAIN] Step: 764 ; Loss: 19.037 ; Acc: 55.163
2018-09-19 15:51:08,326:INFO: [TRAIN] Step: 765 ; Loss: 21.584 ; Acc: 55.157
2018-09-19 15:51:08,435:INFO: [TRAIN] Step: 766 ; Loss: 19.029 ; Acc: 55.166
2018-09-19 15:51:08,544:INFO: [TRAIN] Step: 767 ; Loss: 18.033 ; Acc: 55.176
2018-09-19 15:51:08,646:INFO: [TRAIN] Step: 768 ; Loss: 15.536 ; Acc: 55.202
2018-09-19 15:51:08,751:INFO: [TRAIN] Step: 769 ; Loss: 17.906 ; Acc: 55.200
2018-09-19 15:51:08,854:INFO: [TRAIN] Step: 770 ; Loss: 17.936 ; Acc: 55.199
2018-09-19 15:51:08,966:INFO: [TRAIN] Step: 771 ; Loss: 17.923 ; Acc: 55.225
2018-09-19 15:51:09,077:INFO: [TRAIN] Step: 772 ; Loss: 22.572 ; Acc: 55.223
2018-09-19 15:51:09,181:INFO: [TRAIN] Step: 773 ; Loss: 18.387 ; Acc: 55.222
2018-09-19 15:51:09,288:INFO: [TRAIN] Step: 774 ; Loss: 18.472 ; Acc: 55.231
2018-09-19 15:51:09,393:INFO: [TRAIN] Step: 775 ; Loss: 24.383 ; Acc: 55.241
2018-09-19 15:51:09,497:INFO: [TRAIN] Step: 776 ; Loss: 8.541 ; Acc: 55.266
2018-09-19 15:51:09,607:INFO: [TRAIN] Step: 777 ; Loss: 19.920 ; Acc: 55.270
2018-09-19 15:51:09,710:INFO: [TRAIN] Step: 778 ; Loss: 16.560 ; Acc: 55.290
2018-09-19 15:51:09,814:INFO: [TRAIN] Step: 779 ; Loss: 15.778 ; Acc: 55.288
2018-09-19 15:51:09,917:INFO: [TRAIN] Step: 780 ; Loss: 20.631 ; Acc: 55.287
2018-09-19 15:51:10,026:INFO: [TRAIN] Step: 781 ; Loss: 17.812 ; Acc: 55.302
2018-09-19 15:51:10,137:INFO: [TRAIN] Step: 782 ; Loss: 24.784 ; Acc: 55.284
2018-09-19 15:51:10,242:INFO: [TRAIN] Step: 783 ; Loss: 19.397 ; Acc: 55.283
2018-09-19 15:51:10,346:INFO: [TRAIN] Step: 784 ; Loss: 20.995 ; Acc: 55.287
2018-09-19 15:51:10,451:INFO: [TRAIN] Step: 785 ; Loss: 24.811 ; Acc: 55.275
2018-09-19 15:51:10,559:INFO: [TRAIN] Step: 786 ; Loss: 15.014 ; Acc: 55.305
2018-09-19 15:51:10,665:INFO: [TRAIN] Step: 787 ; Loss: 18.919 ; Acc: 55.304
2018-09-19 15:51:10,770:INFO: [TRAIN] Step: 788 ; Loss: 20.679 ; Acc: 55.313
2018-09-19 15:51:10,873:INFO: [TRAIN] Step: 789 ; Loss: 25.841 ; Acc: 55.280
2018-09-19 15:51:10,979:INFO: [TRAIN] Step: 790 ; Loss: 13.417 ; Acc: 55.304
2018-09-19 15:51:11,088:INFO: [TRAIN] Step: 791 ; Loss: 23.303 ; Acc: 55.298
2018-09-19 15:51:11,198:INFO: [TRAIN] Step: 792 ; Loss: 13.500 ; Acc: 55.328
2018-09-19 15:51:11,301:INFO: [TRAIN] Step: 793 ; Loss: 18.189 ; Acc: 55.337
2018-09-19 15:51:11,409:INFO: [TRAIN] Step: 794 ; Loss: 19.881 ; Acc: 55.330
2018-09-19 15:51:11,514:INFO: [TRAIN] Step: 795 ; Loss: 14.169 ; Acc: 55.365
2018-09-19 15:51:11,620:INFO: [TRAIN] Step: 796 ; Loss: 15.527 ; Acc: 55.374
2018-09-19 15:51:11,740:INFO: [TRAIN] Step: 797 ; Loss: 16.193 ; Acc: 55.378
2018-09-19 15:51:11,851:INFO: [TRAIN] Step: 798 ; Loss: 17.402 ; Acc: 55.377
2018-09-19 15:51:11,961:INFO: [TRAIN] Step: 799 ; Loss: 18.203 ; Acc: 55.380
2018-09-19 15:51:12,067:INFO: [TRAIN] Step: 800 ; Loss: 20.632 ; Acc: 55.384
2018-09-19 15:51:12,177:INFO: [TRAIN] Step: 801 ; Loss: 20.791 ; Acc: 55.388
2018-09-19 15:51:12,288:INFO: [TRAIN] Step: 802 ; Loss: 20.886 ; Acc: 55.391
2018-09-19 15:51:12,392:INFO: [TRAIN] Step: 803 ; Loss: 19.074 ; Acc: 55.385
2018-09-19 15:51:12,496:INFO: [TRAIN] Step: 804 ; Loss: 17.309 ; Acc: 55.399
2018-09-19 15:51:12,605:INFO: [TRAIN] Step: 805 ; Loss: 16.159 ; Acc: 55.402
2018-09-19 15:51:12,716:INFO: [TRAIN] Step: 806 ; Loss: 18.712 ; Acc: 55.411
2018-09-19 15:51:12,823:INFO: [TRAIN] Step: 807 ; Loss: 18.561 ; Acc: 55.409
2018-09-19 15:51:12,928:INFO: [TRAIN] Step: 808 ; Loss: 16.602 ; Acc: 55.434
2018-09-19 15:51:13,030:INFO: [TRAIN] Step: 809 ; Loss: 18.705 ; Acc: 55.448
2018-09-19 15:51:13,134:INFO: [TRAIN] Step: 810 ; Loss: 20.144 ; Acc: 55.441
2018-09-19 15:51:13,243:INFO: [TRAIN] Step: 811 ; Loss: 13.853 ; Acc: 55.460
2018-09-19 15:51:13,351:INFO: [TRAIN] Step: 812 ; Loss: 16.062 ; Acc: 55.468
2018-09-19 15:51:13,455:INFO: [TRAIN] Step: 813 ; Loss: 12.072 ; Acc: 55.492
2018-09-19 15:51:13,558:INFO: [TRAIN] Step: 814 ; Loss: 11.222 ; Acc: 55.527
2018-09-19 15:51:13,664:INFO: [TRAIN] Step: 815 ; Loss: 15.773 ; Acc: 55.545
2018-09-19 15:51:13,772:INFO: [TRAIN] Step: 816 ; Loss: 16.411 ; Acc: 55.564
2018-09-19 15:51:13,882:INFO: [TRAIN] Step: 817 ; Loss: 16.985 ; Acc: 55.573
2018-09-19 15:51:13,991:INFO: [TRAIN] Step: 818 ; Loss: 16.517 ; Acc: 55.581
2018-09-19 15:51:14,099:INFO: [TRAIN] Step: 819 ; Loss: 16.572 ; Acc: 55.600
2018-09-19 15:51:14,202:INFO: [TRAIN] Step: 820 ; Loss: 18.904 ; Acc: 55.618
2018-09-19 15:51:14,308:INFO: [TRAIN] Step: 821 ; Loss: 12.519 ; Acc: 55.642
2018-09-19 15:51:14,417:INFO: [TRAIN] Step: 822 ; Loss: 15.991 ; Acc: 55.645
2018-09-19 15:51:14,525:INFO: [TRAIN] Step: 823 ; Loss: 14.692 ; Acc: 55.663
2018-09-19 15:51:14,631:INFO: [TRAIN] Step: 824 ; Loss: 19.229 ; Acc: 55.672
2018-09-19 15:51:14,741:INFO: [TRAIN] Step: 825 ; Loss: 18.754 ; Acc: 55.690
2018-09-19 15:51:14,856:INFO: [TRAIN] Step: 826 ; Loss: 31.229 ; Acc: 55.668
2018-09-19 15:51:14,966:INFO: [TRAIN] Step: 827 ; Loss: 19.133 ; Acc: 55.681
2018-09-19 15:51:15,076:INFO: [TRAIN] Step: 828 ; Loss: 17.060 ; Acc: 55.695
2018-09-19 15:51:15,186:INFO: [TRAIN] Step: 829 ; Loss: 17.065 ; Acc: 55.708
2018-09-19 15:51:15,291:INFO: [TRAIN] Step: 830 ; Loss: 22.312 ; Acc: 55.696
2018-09-19 15:51:15,403:INFO: [TRAIN] Step: 831 ; Loss: 17.347 ; Acc: 55.714
2018-09-19 15:51:15,518:INFO: [TRAIN] Step: 832 ; Loss: 19.001 ; Acc: 55.717
2018-09-19 15:51:15,630:INFO: [TRAIN] Step: 833 ; Loss: 19.627 ; Acc: 55.710
2018-09-19 15:51:15,737:INFO: [TRAIN] Step: 834 ; Loss: 20.760 ; Acc: 55.709
2018-09-19 15:51:15,842:INFO: [TRAIN] Step: 835 ; Loss: 10.183 ; Acc: 55.722
2018-09-19 15:51:15,945:INFO: [TRAIN] Step: 836 ; Loss: 19.235 ; Acc: 55.720
2018-09-19 15:51:16,050:INFO: [TRAIN] Step: 837 ; Loss: 13.534 ; Acc: 55.758
2018-09-19 15:51:16,158:INFO: [TRAIN] Step: 838 ; Loss: 28.700 ; Acc: 55.746
2018-09-19 15:51:16,262:INFO: [TRAIN] Step: 839 ; Loss: 16.651 ; Acc: 55.744
2018-09-19 15:51:16,369:INFO: [TRAIN] Step: 840 ; Loss: 22.460 ; Acc: 55.742
2018-09-19 15:51:16,470:INFO: [TRAIN] Step: 841 ; Loss: 15.485 ; Acc: 55.765
2018-09-19 15:51:16,572:INFO: [TRAIN] Step: 842 ; Loss: 17.878 ; Acc: 55.778
2018-09-19 15:51:16,679:INFO: [TRAIN] Step: 843 ; Loss: 18.314 ; Acc: 55.771
2018-09-19 15:51:16,783:INFO: [TRAIN] Step: 844 ; Loss: 15.248 ; Acc: 55.789
2018-09-19 15:51:16,884:INFO: [TRAIN] Step: 845 ; Loss: 13.331 ; Acc: 55.807
2018-09-19 15:51:16,991:INFO: [TRAIN] Step: 846 ; Loss: 20.456 ; Acc: 55.829
2018-09-19 15:51:17,096:INFO: [TRAIN] Step: 847 ; Loss: 23.126 ; Acc: 55.832
2018-09-19 15:51:17,204:INFO: [TRAIN] Step: 848 ; Loss: 20.702 ; Acc: 55.845
2018-09-19 15:51:17,306:INFO: [TRAIN] Step: 849 ; Loss: 16.424 ; Acc: 55.848
2018-09-19 15:51:17,411:INFO: [TRAIN] Step: 850 ; Loss: 17.410 ; Acc: 55.841
2018-09-19 15:51:17,519:INFO: [TRAIN] Step: 851 ; Loss: 20.516 ; Acc: 55.829
2018-09-19 15:51:17,628:INFO: [TRAIN] Step: 852 ; Loss: 16.914 ; Acc: 55.842
2018-09-19 15:51:17,733:INFO: [TRAIN] Step: 853 ; Loss: 18.384 ; Acc: 55.850
2018-09-19 15:51:17,835:INFO: [TRAIN] Step: 854 ; Loss: 25.110 ; Acc: 55.853
2018-09-19 15:51:17,943:INFO: [TRAIN] Step: 855 ; Loss: 17.960 ; Acc: 55.861
2018-09-19 15:51:18,043:INFO: [TRAIN] Step: 856 ; Loss: 14.023 ; Acc: 55.883
2018-09-19 15:51:18,143:INFO: [TRAIN] Step: 857 ; Loss: 22.157 ; Acc: 55.886
2018-09-19 15:51:18,242:INFO: [TRAIN] Step: 858 ; Loss: 21.461 ; Acc: 55.893
2018-09-19 15:51:18,343:INFO: [TRAIN] Step: 859 ; Loss: 19.298 ; Acc: 55.882
2018-09-19 15:51:18,444:INFO: [TRAIN] Step: 860 ; Loss: 18.387 ; Acc: 55.880
2018-09-19 15:51:18,543:INFO: [TRAIN] Step: 861 ; Loss: 17.503 ; Acc: 55.887
2018-09-19 15:51:18,638:INFO: [TRAIN] Step: 862 ; Loss: 16.791 ; Acc: 55.900
2018-09-19 15:51:18,747:INFO: [TRAIN] Step: 863 ; Loss: 15.112 ; Acc: 55.912
2018-09-19 15:51:18,853:INFO: [TRAIN] Step: 864 ; Loss: 20.148 ; Acc: 55.915
2018-09-19 15:51:18,954:INFO: [TRAIN] Step: 865 ; Loss: 17.056 ; Acc: 55.923
2018-09-19 15:51:19,054:INFO: [TRAIN] Step: 866 ; Loss: 19.891 ; Acc: 55.911
2018-09-19 15:51:19,153:INFO: [TRAIN] Step: 867 ; Loss: 15.235 ; Acc: 55.904
2018-09-19 15:51:19,253:INFO: [TRAIN] Step: 868 ; Loss: 15.956 ; Acc: 55.926
2018-09-19 15:51:19,360:INFO: [TRAIN] Step: 869 ; Loss: 17.051 ; Acc: 55.939
2018-09-19 15:51:19,460:INFO: [TRAIN] Step: 870 ; Loss: 17.742 ; Acc: 55.961
2018-09-19 15:51:19,554:INFO: [TRAIN] Step: 871 ; Loss: 19.702 ; Acc: 55.963
2018-09-19 15:51:19,655:INFO: [TRAIN] Step: 872 ; Loss: 13.951 ; Acc: 55.961
2018-09-19 15:51:19,755:INFO: [TRAIN] Step: 873 ; Loss: 23.539 ; Acc: 55.945
2018-09-19 15:51:19,854:INFO: [TRAIN] Step: 874 ; Loss: 21.024 ; Acc: 55.938
2018-09-19 15:51:19,948:INFO: [TRAIN] Step: 875 ; Loss: 19.917 ; Acc: 55.936
2018-09-19 15:51:20,052:INFO: [TRAIN] Step: 876 ; Loss: 20.548 ; Acc: 55.934
2018-09-19 15:51:20,147:INFO: [TRAIN] Step: 877 ; Loss: 18.219 ; Acc: 55.942
2018-09-19 15:51:20,246:INFO: [TRAIN] Step: 878 ; Loss: 17.486 ; Acc: 55.968
2018-09-19 15:51:20,371:INFO: [TRAIN] Step: 879 ; Loss: 17.850 ; Acc: 55.966
2018-09-19 15:51:20,491:INFO: [TRAIN] Step: 880 ; Loss: 18.780 ; Acc: 55.983
2018-09-19 15:51:20,610:INFO: [TRAIN] Step: 881 ; Loss: 15.590 ; Acc: 56.004
2018-09-19 15:51:20,715:INFO: [TRAIN] Step: 882 ; Loss: 20.777 ; Acc: 55.998
2018-09-19 15:51:20,825:INFO: [TRAIN] Step: 883 ; Loss: 21.847 ; Acc: 55.986
2018-09-19 15:51:20,925:INFO: [TRAIN] Step: 884 ; Loss: 21.479 ; Acc: 55.998
2018-09-19 15:51:21,020:INFO: [TRAIN] Step: 885 ; Loss: 18.504 ; Acc: 55.996
2018-09-19 15:51:21,125:INFO: [TRAIN] Step: 886 ; Loss: 21.624 ; Acc: 56.003
2018-09-19 15:51:21,220:INFO: [TRAIN] Step: 887 ; Loss: 26.049 ; Acc: 55.987
2018-09-19 15:51:21,317:INFO: [TRAIN] Step: 888 ; Loss: 16.793 ; Acc: 55.990
2018-09-19 15:51:21,414:INFO: [TRAIN] Step: 889 ; Loss: 15.108 ; Acc: 56.007
2018-09-19 15:51:21,510:INFO: [TRAIN] Step: 890 ; Loss: 16.032 ; Acc: 56.014
2018-09-19 15:51:21,606:INFO: [TRAIN] Step: 891 ; Loss: 19.175 ; Acc: 56.007
2018-09-19 15:51:21,693:INFO: [TRAIN] Step: 892 ; Loss: 19.868 ; Acc: 56.014
2018-09-19 15:51:21,790:INFO: [TRAIN] Step: 893 ; Loss: 16.874 ; Acc: 56.017
2018-09-19 15:51:21,878:INFO: [TRAIN] Step: 894 ; Loss: 18.804 ; Acc: 56.020
2018-09-19 15:51:21,973:INFO: [TRAIN] Step: 895 ; Loss: 13.435 ; Acc: 56.041
2018-09-19 15:51:22,061:INFO: [TRAIN] Step: 896 ; Loss: 19.257 ; Acc: 56.039
2018-09-19 15:51:22,155:INFO: [TRAIN] Step: 897 ; Loss: 19.272 ; Acc: 56.050
2018-09-19 15:51:22,243:INFO: [TRAIN] Step: 898 ; Loss: 20.038 ; Acc: 56.053
2018-09-19 15:51:22,338:INFO: [TRAIN] Step: 899 ; Loss: 16.148 ; Acc: 56.046
2018-09-19 15:51:22,430:INFO: [TRAIN] Step: 900 ; Loss: 16.972 ; Acc: 56.053
2018-09-19 15:51:22,522:INFO: [TRAIN] Step: 901 ; Loss: 13.417 ; Acc: 56.074
2018-09-19 15:51:22,609:INFO: [TRAIN] Step: 902 ; Loss: 18.308 ; Acc: 56.091
2018-09-19 15:51:22,710:INFO: [TRAIN] Step: 903 ; Loss: 21.416 ; Acc: 56.079
2018-09-19 15:51:22,804:INFO: [TRAIN] Step: 904 ; Loss: 17.930 ; Acc: 56.096
2018-09-19 15:51:22,898:INFO: [TRAIN] Step: 905 ; Loss: 21.580 ; Acc: 56.098
2018-09-19 15:51:22,998:INFO: [TRAIN] Step: 906 ; Loss: 17.347 ; Acc: 56.114
2018-09-19 15:51:23,090:INFO: [TRAIN] Step: 907 ; Loss: 20.227 ; Acc: 56.117
2018-09-19 15:51:23,178:INFO: [TRAIN] Step: 908 ; Loss: 22.030 ; Acc: 56.129
2018-09-19 15:51:23,272:INFO: [TRAIN] Step: 909 ; Loss: 15.541 ; Acc: 56.158
2018-09-19 15:51:23,358:INFO: [TRAIN] Step: 910 ; Loss: 17.863 ; Acc: 56.170
2018-09-19 15:51:23,452:INFO: [TRAIN] Step: 911 ; Loss: 16.624 ; Acc: 56.186
2018-09-19 15:51:23,543:INFO: [TRAIN] Step: 912 ; Loss: 18.313 ; Acc: 56.207
2018-09-19 15:51:23,640:INFO: [TRAIN] Step: 913 ; Loss: 17.864 ; Acc: 56.218
2018-09-19 15:51:23,727:INFO: [TRAIN] Step: 914 ; Loss: 15.988 ; Acc: 56.220
2018-09-19 15:51:23,825:INFO: [TRAIN] Step: 915 ; Loss: 19.860 ; Acc: 56.232
2018-09-19 15:51:23,916:INFO: [TRAIN] Step: 916 ; Loss: 12.948 ; Acc: 56.257
2018-09-19 15:51:24,011:INFO: [TRAIN] Step: 917 ; Loss: 16.748 ; Acc: 56.259
2018-09-19 15:51:24,102:INFO: [TRAIN] Step: 918 ; Loss: 19.368 ; Acc: 56.257
2018-09-19 15:51:24,197:INFO: [TRAIN] Step: 919 ; Loss: 18.238 ; Acc: 56.250
2018-09-19 15:51:24,293:INFO: [TRAIN] Step: 920 ; Loss: 17.649 ; Acc: 56.266
2018-09-19 15:51:24,388:INFO: [TRAIN] Step: 921 ; Loss: 13.724 ; Acc: 56.277
2018-09-19 15:51:24,480:INFO: [TRAIN] Step: 922 ; Loss: 18.101 ; Acc: 56.279
2018-09-19 15:51:24,573:INFO: [TRAIN] Step: 923 ; Loss: 12.544 ; Acc: 56.309
2018-09-19 15:51:24,667:INFO: [TRAIN] Step: 924 ; Loss: 29.108 ; Acc: 56.302
2018-09-19 15:51:24,767:INFO: [TRAIN] Step: 925 ; Loss: 18.007 ; Acc: 56.295
2018-09-19 15:51:24,857:INFO: [TRAIN] Step: 926 ; Loss: 17.616 ; Acc: 56.297
2018-09-19 15:51:24,953:INFO: [TRAIN] Step: 927 ; Loss: 18.395 ; Acc: 56.304
2018-09-19 15:51:25,045:INFO: [TRAIN] Step: 928 ; Loss: 18.383 ; Acc: 56.315
2018-09-19 15:51:25,144:INFO: [TRAIN] Step: 929 ; Loss: 19.429 ; Acc: 56.308
2018-09-19 15:51:25,237:INFO: [TRAIN] Step: 930 ; Loss: 21.260 ; Acc: 56.315
2018-09-19 15:51:25,358:INFO: [TRAIN] Step: 931 ; Loss: 19.095 ; Acc: 56.313
2018-09-19 15:51:25,451:INFO: [TRAIN] Step: 932 ; Loss: 14.794 ; Acc: 56.319
2018-09-19 15:51:25,546:INFO: [TRAIN] Step: 933 ; Loss: 17.257 ; Acc: 56.317
2018-09-19 15:51:25,636:INFO: [TRAIN] Step: 934 ; Loss: 21.257 ; Acc: 56.306
2018-09-19 15:51:25,731:INFO: [TRAIN] Step: 935 ; Loss: 16.662 ; Acc: 56.330
2018-09-19 15:51:25,826:INFO: [TRAIN] Step: 936 ; Loss: 18.700 ; Acc: 56.328
2018-09-19 15:51:25,923:INFO: [TRAIN] Step: 937 ; Loss: 15.990 ; Acc: 56.334
2018-09-19 15:51:26,011:INFO: [TRAIN] Step: 938 ; Loss: 17.695 ; Acc: 56.337
2018-09-19 15:51:26,106:INFO: [TRAIN] Step: 939 ; Loss: 18.815 ; Acc: 56.343
2018-09-19 15:51:26,197:INFO: [TRAIN] Step: 940 ; Loss: 20.689 ; Acc: 56.341
2018-09-19 15:51:26,292:INFO: [TRAIN] Step: 941 ; Loss: 16.104 ; Acc: 56.352
2018-09-19 15:51:26,382:INFO: [TRAIN] Step: 942 ; Loss: 12.686 ; Acc: 56.372
2018-09-19 15:51:26,474:INFO: [TRAIN] Step: 943 ; Loss: 20.993 ; Acc: 56.369
2018-09-19 15:51:26,567:INFO: [TRAIN] Step: 944 ; Loss: 13.902 ; Acc: 56.389
2018-09-19 15:51:26,662:INFO: [TRAIN] Step: 945 ; Loss: 18.952 ; Acc: 56.395
2018-09-19 15:51:26,756:INFO: [TRAIN] Step: 946 ; Loss: 13.078 ; Acc: 56.424
2018-09-19 15:51:26,856:INFO: [TRAIN] Step: 947 ; Loss: 20.067 ; Acc: 56.426
2018-09-19 15:51:26,941:INFO: [TRAIN] Step: 948 ; Loss: 17.342 ; Acc: 56.432
2018-09-19 15:51:27,041:INFO: [TRAIN] Step: 949 ; Loss: 16.735 ; Acc: 56.430
2018-09-19 15:51:27,135:INFO: [TRAIN] Step: 950 ; Loss: 19.528 ; Acc: 56.427
2018-09-19 15:51:27,233:INFO: [TRAIN] Step: 951 ; Loss: 23.024 ; Acc: 56.434
2018-09-19 15:51:27,325:INFO: [TRAIN] Step: 952 ; Loss: 18.081 ; Acc: 56.436
2018-09-19 15:51:27,419:INFO: [TRAIN] Step: 953 ; Loss: 17.465 ; Acc: 56.442
2018-09-19 15:51:27,509:INFO: [TRAIN] Step: 954 ; Loss: 16.469 ; Acc: 56.444
2018-09-19 15:51:27,601:INFO: [TRAIN] Step: 955 ; Loss: 18.655 ; Acc: 56.446
2018-09-19 15:51:27,700:INFO: [TRAIN] Step: 956 ; Loss: 22.591 ; Acc: 56.439
2018-09-19 15:51:27,799:INFO: [TRAIN] Step: 957 ; Loss: 18.732 ; Acc: 56.441
2018-09-19 15:51:27,891:INFO: [TRAIN] Step: 958 ; Loss: 19.607 ; Acc: 56.435
2018-09-19 15:51:27,987:INFO: [TRAIN] Step: 959 ; Loss: 18.385 ; Acc: 56.428
2018-09-19 15:51:28,077:INFO: [TRAIN] Step: 960 ; Loss: 20.906 ; Acc: 56.417
2018-09-19 15:51:28,183:INFO: [TRAIN] Step: 961 ; Loss: 17.898 ; Acc: 56.432
2018-09-19 15:51:28,277:INFO: [TRAIN] Step: 962 ; Loss: 17.530 ; Acc: 56.443
2018-09-19 15:51:28,380:INFO: [TRAIN] Step: 963 ; Loss: 15.160 ; Acc: 56.453
2018-09-19 15:51:28,469:INFO: [TRAIN] Step: 964 ; Loss: 11.791 ; Acc: 56.455
2018-09-19 15:51:28,561:INFO: [TRAIN] Step: 965 ; Loss: 19.000 ; Acc: 56.470
2018-09-19 15:51:28,651:INFO: [TRAIN] Step: 966 ; Loss: 16.199 ; Acc: 56.472
2018-09-19 15:51:28,756:INFO: [TRAIN] Step: 967 ; Loss: 13.628 ; Acc: 56.482
2018-09-19 15:51:28,846:INFO: [TRAIN] Step: 968 ; Loss: 17.760 ; Acc: 56.493
2018-09-19 15:51:28,943:INFO: [TRAIN] Step: 969 ; Loss: 15.156 ; Acc: 56.521
2018-09-19 15:51:29,056:INFO: [TRAIN] Step: 970 ; Loss: 18.354 ; Acc: 56.535
2018-09-19 15:51:29,154:INFO: [TRAIN] Step: 971 ; Loss: 17.466 ; Acc: 56.529
2018-09-19 15:51:29,240:INFO: [TRAIN] Step: 972 ; Loss: 16.713 ; Acc: 56.530
2018-09-19 15:51:29,335:INFO: [TRAIN] Step: 973 ; Loss: 17.798 ; Acc: 56.532
2018-09-19 15:51:29,435:INFO: [TRAIN] Step: 974 ; Loss: 24.476 ; Acc: 56.521
2018-09-19 15:51:29,535:INFO: [TRAIN] Step: 975 ; Loss: 18.078 ; Acc: 56.532
2018-09-19 15:51:29,641:INFO: [TRAIN] Step: 976 ; Loss: 25.088 ; Acc: 56.521
2018-09-19 15:51:29,759:INFO: [TRAIN] Step: 977 ; Loss: 16.254 ; Acc: 56.548
2018-09-19 15:51:29,848:INFO: [TRAIN] Step: 978 ; Loss: 16.963 ; Acc: 56.563
2018-09-19 15:51:29,940:INFO: [TRAIN] Step: 979 ; Loss: 20.212 ; Acc: 56.569
2018-09-19 15:51:30,028:INFO: [TRAIN] Step: 980 ; Loss: 16.625 ; Acc: 56.588
2018-09-19 15:51:30,121:INFO: [TRAIN] Step: 981 ; Loss: 21.045 ; Acc: 56.568
2018-09-19 15:51:30,209:INFO: [TRAIN] Step: 982 ; Loss: 18.399 ; Acc: 56.583
2018-09-19 15:51:30,306:INFO: [TRAIN] Step: 983 ; Loss: 16.630 ; Acc: 56.589
2018-09-19 15:51:30,398:INFO: [TRAIN] Step: 984 ; Loss: 19.390 ; Acc: 56.591
2018-09-19 15:51:30,493:INFO: [TRAIN] Step: 985 ; Loss: 21.371 ; Acc: 56.601
2018-09-19 15:51:30,582:INFO: [TRAIN] Step: 986 ; Loss: 15.685 ; Acc: 56.619
2018-09-19 15:51:30,685:INFO: [TRAIN] Step: 987 ; Loss: 19.364 ; Acc: 56.638
2018-09-19 15:51:30,800:INFO: [TRAIN] Step: 988 ; Loss: 17.832 ; Acc: 56.644
2018-09-19 15:51:30,906:INFO: [TRAIN] Step: 989 ; Loss: 16.915 ; Acc: 56.646
2018-09-19 15:51:31,009:INFO: [TRAIN] Step: 990 ; Loss: 20.209 ; Acc: 56.652
2018-09-19 15:51:31,109:INFO: [TRAIN] Step: 991 ; Loss: 15.274 ; Acc: 56.674
2018-09-19 15:51:31,201:INFO: [TRAIN] Step: 992 ; Loss: 18.623 ; Acc: 56.688
2018-09-19 15:51:31,297:INFO: [TRAIN] Step: 993 ; Loss: 14.858 ; Acc: 56.699
2018-09-19 15:51:31,383:INFO: [TRAIN] Step: 994 ; Loss: 17.147 ; Acc: 56.721
2018-09-19 15:51:31,480:INFO: [TRAIN] Step: 995 ; Loss: 13.059 ; Acc: 56.744
2018-09-19 15:51:31,567:INFO: [TRAIN] Step: 996 ; Loss: 16.979 ; Acc: 56.749
2018-09-19 15:51:31,661:INFO: [TRAIN] Step: 997 ; Loss: 26.121 ; Acc: 56.743
2018-09-19 15:51:31,749:INFO: [TRAIN] Step: 998 ; Loss: 13.046 ; Acc: 56.769
2018-09-19 15:51:31,842:INFO: [TRAIN] Step: 999 ; Loss: 17.846 ; Acc: 56.763
2018-09-19 15:51:31,931:INFO: [TRAIN] Step: 1000 ; Loss: 13.312 ; Acc: 56.772
2018-09-19 15:51:32,029:INFO: [TRAIN] Step: 1001 ; Loss: 18.181 ; Acc: 56.782
2018-09-19 15:51:32,116:INFO: [TRAIN] Step: 1002 ; Loss: 18.069 ; Acc: 56.792
2018-09-19 15:51:32,211:INFO: [TRAIN] Step: 1003 ; Loss: 14.744 ; Acc: 56.810
2018-09-19 15:51:32,297:INFO: [TRAIN] Step: 1004 ; Loss: 15.101 ; Acc: 56.833
2018-09-19 15:51:32,392:INFO: [TRAIN] Step: 1005 ; Loss: 16.222 ; Acc: 56.842
2018-09-19 15:51:32,481:INFO: [TRAIN] Step: 1006 ; Loss: 16.136 ; Acc: 56.848
2018-09-19 15:51:32,580:INFO: [TRAIN] Step: 1007 ; Loss: 15.382 ; Acc: 56.866
2018-09-19 15:51:32,668:INFO: [TRAIN] Step: 1008 ; Loss: 17.053 ; Acc: 56.847
2018-09-19 15:51:32,762:INFO: [TRAIN] Step: 1009 ; Loss: 17.351 ; Acc: 56.856
2018-09-19 15:51:32,850:INFO: [TRAIN] Step: 1010 ; Loss: 17.938 ; Acc: 56.862
2018-09-19 15:51:32,945:INFO: [TRAIN] Step: 1011 ; Loss: 19.319 ; Acc: 56.876
2018-09-19 15:51:33,034:INFO: [TRAIN] Step: 1012 ; Loss: 19.189 ; Acc: 56.885
2018-09-19 15:51:33,129:INFO: [TRAIN] Step: 1013 ; Loss: 21.459 ; Acc: 56.870
2018-09-19 15:51:33,216:INFO: [TRAIN] Step: 1014 ; Loss: 20.110 ; Acc: 56.876
2018-09-19 15:51:33,314:INFO: [TRAIN] Step: 1015 ; Loss: 22.359 ; Acc: 56.865
2018-09-19 15:51:33,399:INFO: [TRAIN] Step: 1016 ; Loss: 21.012 ; Acc: 56.875
2018-09-19 15:51:33,495:INFO: [TRAIN] Step: 1017 ; Loss: 16.908 ; Acc: 56.889
2018-09-19 15:51:33,582:INFO: [TRAIN] Step: 1018 ; Loss: 19.106 ; Acc: 56.890
2018-09-19 15:51:33,680:INFO: [TRAIN] Step: 1019 ; Loss: 17.466 ; Acc: 56.904
2018-09-19 15:51:33,766:INFO: [TRAIN] Step: 1020 ; Loss: 19.410 ; Acc: 56.897
2018-09-19 15:51:33,862:INFO: [TRAIN] Step: 1021 ; Loss: 18.460 ; Acc: 56.898
2018-09-19 15:51:33,949:INFO: [TRAIN] Step: 1022 ; Loss: 13.586 ; Acc: 56.900
2018-09-19 15:51:34,045:INFO: [TRAIN] Step: 1023 ; Loss: 16.089 ; Acc: 56.913
2018-09-19 15:51:34,134:INFO: [TRAIN] Step: 1024 ; Loss: 16.134 ; Acc: 56.919
2018-09-19 15:51:34,227:INFO: [TRAIN] Step: 1025 ; Loss: 13.867 ; Acc: 56.924
2018-09-19 15:51:34,313:INFO: [TRAIN] Step: 1026 ; Loss: 20.424 ; Acc: 56.917
2018-09-19 15:51:34,408:INFO: [TRAIN] Step: 1027 ; Loss: 17.377 ; Acc: 56.919
2018-09-19 15:51:34,496:INFO: [TRAIN] Step: 1028 ; Loss: 17.514 ; Acc: 56.932
2018-09-19 15:51:34,587:INFO: [TRAIN] Step: 1029 ; Loss: 23.286 ; Acc: 56.946
2018-09-19 15:51:34,677:INFO: [TRAIN] Step: 1030 ; Loss: 19.768 ; Acc: 56.943
2018-09-19 15:51:34,774:INFO: [TRAIN] Step: 1031 ; Loss: 17.389 ; Acc: 56.948
2018-09-19 15:51:34,861:INFO: [TRAIN] Step: 1032 ; Loss: 20.741 ; Acc: 56.954
2018-09-19 15:51:34,957:INFO: [TRAIN] Step: 1033 ; Loss: 19.868 ; Acc: 56.959
2018-09-19 15:51:35,043:INFO: [TRAIN] Step: 1034 ; Loss: 17.802 ; Acc: 56.973
2018-09-19 15:51:35,138:INFO: [TRAIN] Step: 1035 ; Loss: 16.457 ; Acc: 56.978
2018-09-19 15:51:35,230:INFO: [TRAIN] Step: 1036 ; Loss: 12.838 ; Acc: 57.011
2018-09-19 15:51:35,328:INFO: [TRAIN] Step: 1037 ; Loss: 23.961 ; Acc: 57.013
2018-09-19 15:51:35,418:INFO: [TRAIN] Step: 1038 ; Loss: 17.996 ; Acc: 57.014
2018-09-19 15:51:35,513:INFO: [TRAIN] Step: 1039 ; Loss: 17.155 ; Acc: 57.023
2018-09-19 15:51:35,600:INFO: [TRAIN] Step: 1040 ; Loss: 16.146 ; Acc: 57.037
2018-09-19 15:51:35,692:INFO: [TRAIN] Step: 1041 ; Loss: 16.556 ; Acc: 57.046
2018-09-19 15:51:35,780:INFO: [TRAIN] Step: 1042 ; Loss: 16.433 ; Acc: 57.055
2018-09-19 15:51:35,873:INFO: [TRAIN] Step: 1043 ; Loss: 12.756 ; Acc: 57.072
2018-09-19 15:51:35,964:INFO: [TRAIN] Step: 1044 ; Loss: 21.097 ; Acc: 57.077
2018-09-19 15:51:36,062:INFO: [TRAIN] Step: 1045 ; Loss: 13.849 ; Acc: 57.102
2018-09-19 15:51:36,152:INFO: [TRAIN] Step: 1046 ; Loss: 17.381 ; Acc: 57.116
2018-09-19 15:51:36,250:INFO: [TRAIN] Step: 1047 ; Loss: 14.431 ; Acc: 57.121
2018-09-19 15:51:36,339:INFO: [TRAIN] Step: 1048 ; Loss: 17.763 ; Acc: 57.126
2018-09-19 15:51:36,436:INFO: [TRAIN] Step: 1049 ; Loss: 18.025 ; Acc: 57.127
2018-09-19 15:51:36,524:INFO: [TRAIN] Step: 1050 ; Loss: 20.882 ; Acc: 57.120
2018-09-19 15:51:36,619:INFO: [TRAIN] Step: 1051 ; Loss: 18.431 ; Acc: 57.125
2018-09-19 15:51:36,710:INFO: [TRAIN] Step: 1052 ; Loss: 14.644 ; Acc: 57.142
2018-09-19 15:51:36,803:INFO: [TRAIN] Step: 1053 ; Loss: 17.450 ; Acc: 57.151
2018-09-19 15:51:36,895:INFO: [TRAIN] Step: 1054 ; Loss: 12.788 ; Acc: 57.172
2018-09-19 15:51:36,993:INFO: [TRAIN] Step: 1055 ; Loss: 19.291 ; Acc: 57.177
2018-09-19 15:51:37,081:INFO: [TRAIN] Step: 1056 ; Loss: 13.598 ; Acc: 57.194
2018-09-19 15:51:37,176:INFO: [TRAIN] Step: 1057 ; Loss: 19.628 ; Acc: 57.191
2018-09-19 15:51:37,263:INFO: [TRAIN] Step: 1058 ; Loss: 14.452 ; Acc: 57.208
2018-09-19 15:51:37,361:INFO: [TRAIN] Step: 1059 ; Loss: 22.271 ; Acc: 57.205
2018-09-19 15:51:37,453:INFO: [TRAIN] Step: 1060 ; Loss: 20.425 ; Acc: 57.210
2018-09-19 15:51:37,556:INFO: [TRAIN] Step: 1061 ; Loss: 20.059 ; Acc: 57.199
2018-09-19 15:51:37,650:INFO: [TRAIN] Step: 1062 ; Loss: 15.990 ; Acc: 57.208
2018-09-19 15:51:37,746:INFO: [TRAIN] Step: 1063 ; Loss: 18.383 ; Acc: 57.213
2018-09-19 15:51:37,841:INFO: [TRAIN] Step: 1064 ; Loss: 16.756 ; Acc: 57.226
2018-09-19 15:51:37,939:INFO: [TRAIN] Step: 1065 ; Loss: 17.709 ; Acc: 57.219
2018-09-19 15:51:38,028:INFO: [TRAIN] Step: 1066 ; Loss: 17.549 ; Acc: 57.216
2018-09-19 15:51:38,131:INFO: [TRAIN] Step: 1067 ; Loss: 15.021 ; Acc: 57.225
2018-09-19 15:51:38,223:INFO: [TRAIN] Step: 1068 ; Loss: 22.758 ; Acc: 57.215
2018-09-19 15:51:38,315:INFO: [TRAIN] Step: 1069 ; Loss: 17.464 ; Acc: 57.200
2018-09-19 15:51:38,402:INFO: [TRAIN] Step: 1070 ; Loss: 13.350 ; Acc: 57.213
2018-09-19 15:51:38,500:INFO: [TRAIN] Step: 1071 ; Loss: 13.067 ; Acc: 57.222
2018-09-19 15:51:38,588:INFO: [TRAIN] Step: 1072 ; Loss: 18.414 ; Acc: 57.219
2018-09-19 15:51:38,685:INFO: [TRAIN] Step: 1073 ; Loss: 14.793 ; Acc: 57.243
2018-09-19 15:51:38,773:INFO: [TRAIN] Step: 1074 ; Loss: 16.086 ; Acc: 57.244
2018-09-19 15:51:38,865:INFO: [TRAIN] Step: 1075 ; Loss: 21.370 ; Acc: 57.253
2018-09-19 15:51:38,955:INFO: [TRAIN] Step: 1076 ; Loss: 16.033 ; Acc: 57.266
2018-09-19 15:51:39,055:INFO: [TRAIN] Step: 1077 ; Loss: 20.082 ; Acc: 57.259
2018-09-19 15:51:39,145:INFO: [TRAIN] Step: 1078 ; Loss: 22.605 ; Acc: 57.260
2018-09-19 15:51:39,235:INFO: [TRAIN] Step: 1079 ; Loss: 14.261 ; Acc: 57.269
2018-09-19 15:51:39,323:INFO: [TRAIN] Step: 1080 ; Loss: 13.831 ; Acc: 57.273
2018-09-19 15:51:39,420:INFO: [TRAIN] Step: 1081 ; Loss: 19.913 ; Acc: 57.282
2018-09-19 15:51:39,513:INFO: [TRAIN] Step: 1082 ; Loss: 18.343 ; Acc: 57.291
2018-09-19 15:51:39,609:INFO: [TRAIN] Step: 1083 ; Loss: 16.384 ; Acc: 57.288
2018-09-19 15:51:39,707:INFO: [TRAIN] Step: 1084 ; Loss: 18.578 ; Acc: 57.293
2018-09-19 15:51:39,801:INFO: [TRAIN] Step: 1085 ; Loss: 18.277 ; Acc: 57.294
2018-09-19 15:51:39,888:INFO: [TRAIN] Step: 1086 ; Loss: 18.583 ; Acc: 57.306
2018-09-19 15:51:39,983:INFO: [TRAIN] Step: 1087 ; Loss: 18.881 ; Acc: 57.311
2018-09-19 15:51:40,072:INFO: [TRAIN] Step: 1088 ; Loss: 17.401 ; Acc: 57.316
2018-09-19 15:51:40,204:INFO: [TRAIN] Step: 1089 ; Loss: 14.357 ; Acc: 57.332
2018-09-19 15:51:40,294:INFO: [TRAIN] Step: 1090 ; Loss: 14.265 ; Acc: 57.359
2018-09-19 15:51:40,388:INFO: [TRAIN] Step: 1091 ; Loss: 18.225 ; Acc: 57.372
2018-09-19 15:51:40,478:INFO: [TRAIN] Step: 1092 ; Loss: 14.805 ; Acc: 57.388
2018-09-19 15:51:40,573:INFO: [TRAIN] Step: 1093 ; Loss: 19.007 ; Acc: 57.389
2018-09-19 15:51:40,661:INFO: [TRAIN] Step: 1094 ; Loss: 18.076 ; Acc: 57.393
2018-09-19 15:51:40,755:INFO: [TRAIN] Step: 1095 ; Loss: 12.175 ; Acc: 57.410
2018-09-19 15:51:40,845:INFO: [TRAIN] Step: 1096 ; Loss: 15.824 ; Acc: 57.422
2018-09-19 15:51:40,937:INFO: [TRAIN] Step: 1097 ; Loss: 18.787 ; Acc: 57.430
2018-09-19 15:51:41,023:INFO: [TRAIN] Step: 1098 ; Loss: 19.381 ; Acc: 57.435
2018-09-19 15:51:41,118:INFO: [TRAIN] Step: 1099 ; Loss: 20.586 ; Acc: 57.443
2018-09-19 15:51:41,208:INFO: [TRAIN] Step: 1100 ; Loss: 21.306 ; Acc: 57.436
2018-09-19 15:51:41,303:INFO: [TRAIN] Step: 1101 ; Loss: 13.450 ; Acc: 57.449
2018-09-19 15:51:41,397:INFO: [TRAIN] Step: 1102 ; Loss: 18.619 ; Acc: 57.453
2018-09-19 15:51:41,490:INFO: [TRAIN] Step: 1103 ; Loss: 17.020 ; Acc: 57.465
2018-09-19 15:51:41,579:INFO: [TRAIN] Step: 1104 ; Loss: 18.620 ; Acc: 57.474
2018-09-19 15:51:41,672:INFO: [TRAIN] Step: 1105 ; Loss: 13.329 ; Acc: 57.493
2018-09-19 15:51:41,760:INFO: [TRAIN] Step: 1106 ; Loss: 18.117 ; Acc: 57.490
2018-09-19 15:51:41,855:INFO: [TRAIN] Step: 1107 ; Loss: 15.832 ; Acc: 57.502
2018-09-19 15:51:41,950:INFO: [TRAIN] Step: 1108 ; Loss: 14.312 ; Acc: 57.511
2018-09-19 15:51:42,053:INFO: [TRAIN] Step: 1109 ; Loss: 16.817 ; Acc: 57.511
2018-09-19 15:51:42,144:INFO: [TRAIN] Step: 1110 ; Loss: 16.598 ; Acc: 57.520
2018-09-19 15:51:42,239:INFO: [TRAIN] Step: 1111 ; Loss: 21.984 ; Acc: 57.520
2018-09-19 15:51:42,327:INFO: [TRAIN] Step: 1112 ; Loss: 16.437 ; Acc: 57.532
2018-09-19 15:51:42,426:INFO: [TRAIN] Step: 1113 ; Loss: 15.689 ; Acc: 57.537
2018-09-19 15:51:42,515:INFO: [TRAIN] Step: 1114 ; Loss: 17.712 ; Acc: 57.545
2018-09-19 15:51:42,611:INFO: [TRAIN] Step: 1115 ; Loss: 10.022 ; Acc: 57.553
2018-09-19 15:51:42,697:INFO: [TRAIN] Step: 1116 ; Loss: 13.195 ; Acc: 57.569
2018-09-19 15:51:42,788:INFO: [TRAIN] Step: 1117 ; Loss: 19.317 ; Acc: 57.566
2018-09-19 15:51:42,881:INFO: [TRAIN] Step: 1118 ; Loss: 15.901 ; Acc: 57.577
2018-09-19 15:51:42,979:INFO: [TRAIN] Step: 1119 ; Loss: 18.243 ; Acc: 57.578
2018-09-19 15:51:43,074:INFO: [TRAIN] Step: 1120 ; Loss: 14.960 ; Acc: 57.583
2018-09-19 15:51:43,175:INFO: [TRAIN] Step: 1121 ; Loss: 17.568 ; Acc: 57.583
2018-09-19 15:51:43,261:INFO: [TRAIN] Step: 1122 ; Loss: 18.235 ; Acc: 57.588
2018-09-19 15:51:43,354:INFO: [TRAIN] Step: 1123 ; Loss: 12.204 ; Acc: 57.607
2018-09-19 15:51:43,447:INFO: [TRAIN] Step: 1124 ; Loss: 20.604 ; Acc: 57.607
2018-09-19 15:51:43,542:INFO: [TRAIN] Step: 1125 ; Loss: 19.208 ; Acc: 57.615
2018-09-19 15:51:43,633:INFO: [TRAIN] Step: 1126 ; Loss: 20.217 ; Acc: 57.605
2018-09-19 15:51:43,728:INFO: [TRAIN] Step: 1127 ; Loss: 24.017 ; Acc: 57.598
2018-09-19 15:51:43,819:INFO: [TRAIN] Step: 1128 ; Loss: 21.867 ; Acc: 57.584
2018-09-19 15:51:43,916:INFO: [TRAIN] Step: 1129 ; Loss: 15.637 ; Acc: 57.596
2018-09-19 15:51:44,009:INFO: [TRAIN] Step: 1130 ; Loss: 19.223 ; Acc: 57.597
2018-09-19 15:51:44,109:INFO: [TRAIN] Step: 1131 ; Loss: 19.748 ; Acc: 57.605
2018-09-19 15:51:44,198:INFO: [TRAIN] Step: 1132 ; Loss: 19.724 ; Acc: 57.602
2018-09-19 15:51:44,295:INFO: [TRAIN] Step: 1133 ; Loss: 16.269 ; Acc: 57.602
2018-09-19 15:51:44,384:INFO: [TRAIN] Step: 1134 ; Loss: 16.515 ; Acc: 57.606
2018-09-19 15:51:44,477:INFO: [TRAIN] Step: 1135 ; Loss: 11.039 ; Acc: 57.640
2018-09-19 15:51:44,565:INFO: [TRAIN] Step: 1136 ; Loss: 18.231 ; Acc: 57.630
2018-09-19 15:51:44,662:INFO: [TRAIN] Step: 1137 ; Loss: 23.850 ; Acc: 57.616
2018-09-19 15:51:44,755:INFO: [TRAIN] Step: 1138 ; Loss: 16.592 ; Acc: 57.620
2018-09-19 15:51:44,850:INFO: [TRAIN] Step: 1139 ; Loss: 20.404 ; Acc: 57.613
2018-09-19 15:51:44,938:INFO: [TRAIN] Step: 1140 ; Loss: 19.474 ; Acc: 57.610
2018-09-19 15:51:45,033:INFO: [TRAIN] Step: 1141 ; Loss: 19.885 ; Acc: 57.611
2018-09-19 15:51:45,125:INFO: [TRAIN] Step: 1142 ; Loss: 17.697 ; Acc: 57.612
2018-09-19 15:51:45,221:INFO: [TRAIN] Step: 1143 ; Loss: 13.801 ; Acc: 57.623
2018-09-19 15:51:45,312:INFO: [TRAIN] Step: 1144 ; Loss: 21.293 ; Acc: 57.624
2018-09-19 15:51:45,406:INFO: [TRAIN] Step: 1145 ; Loss: 18.348 ; Acc: 57.621
2018-09-19 15:51:45,496:INFO: [TRAIN] Step: 1146 ; Loss: 16.608 ; Acc: 57.629
2018-09-19 15:51:45,592:INFO: [TRAIN] Step: 1147 ; Loss: 21.032 ; Acc: 57.633
2018-09-19 15:51:45,685:INFO: [TRAIN] Step: 1148 ; Loss: 14.882 ; Acc: 57.637
2018-09-19 15:51:45,779:INFO: [TRAIN] Step: 1149 ; Loss: 20.891 ; Acc: 57.641
2018-09-19 15:51:45,873:INFO: [TRAIN] Step: 1150 ; Loss: 14.975 ; Acc: 57.646
2018-09-19 15:51:45,972:INFO: [TRAIN] Step: 1151 ; Loss: 22.016 ; Acc: 57.639
2018-09-19 15:51:46,060:INFO: [TRAIN] Step: 1152 ; Loss: 19.666 ; Acc: 57.643
2018-09-19 15:51:46,156:INFO: [TRAIN] Step: 1153 ; Loss: 17.413 ; Acc: 57.655
2018-09-19 15:51:46,245:INFO: [TRAIN] Step: 1154 ; Loss: 16.166 ; Acc: 57.655
2018-09-19 15:51:46,341:INFO: [TRAIN] Step: 1155 ; Loss: 21.479 ; Acc: 57.638
2018-09-19 15:51:46,431:INFO: [TRAIN] Step: 1156 ; Loss: 22.040 ; Acc: 57.645
2018-09-19 15:51:46,525:INFO: [TRAIN] Step: 1157 ; Loss: 19.807 ; Acc: 57.653
2018-09-19 15:51:46,616:INFO: [TRAIN] Step: 1158 ; Loss: 19.992 ; Acc: 57.665
2018-09-19 15:51:46,708:INFO: [TRAIN] Step: 1159 ; Loss: 15.995 ; Acc: 57.676
2018-09-19 15:51:46,795:INFO: [TRAIN] Step: 1160 ; Loss: 15.482 ; Acc: 57.691
2018-09-19 15:51:46,888:INFO: [TRAIN] Step: 1161 ; Loss: 13.263 ; Acc: 57.709
2018-09-19 15:51:46,977:INFO: [TRAIN] Step: 1162 ; Loss: 13.706 ; Acc: 57.728
2018-09-19 15:51:47,070:INFO: [TRAIN] Step: 1163 ; Loss: 16.575 ; Acc: 57.725
2018-09-19 15:51:47,160:INFO: [TRAIN] Step: 1164 ; Loss: 23.565 ; Acc: 57.711
2018-09-19 15:51:47,251:INFO: [TRAIN] Step: 1165 ; Loss: 15.161 ; Acc: 57.737
2018-09-19 15:51:47,339:INFO: [TRAIN] Step: 1166 ; Loss: 16.898 ; Acc: 57.744
2018-09-19 15:51:47,434:INFO: [TRAIN] Step: 1167 ; Loss: 11.862 ; Acc: 57.763
2018-09-19 15:51:47,524:INFO: [TRAIN] Step: 1168 ; Loss: 17.956 ; Acc: 57.752
2018-09-19 15:51:47,629:INFO: [TRAIN] Step: 1169 ; Loss: 9.817 ; Acc: 57.767
2018-09-19 15:51:47,716:INFO: [TRAIN] Step: 1170 ; Loss: 15.173 ; Acc: 57.789
2018-09-19 15:51:47,810:INFO: [TRAIN] Step: 1171 ; Loss: 16.344 ; Acc: 57.786
2018-09-19 15:51:47,902:INFO: [TRAIN] Step: 1172 ; Loss: 20.231 ; Acc: 57.793
2018-09-19 15:51:48,005:INFO: [TRAIN] Step: 1173 ; Loss: 16.644 ; Acc: 57.794
2018-09-19 15:51:48,093:INFO: [TRAIN] Step: 1174 ; Loss: 16.129 ; Acc: 57.812
2018-09-19 15:51:48,189:INFO: [TRAIN] Step: 1175 ; Loss: 13.926 ; Acc: 57.834
2018-09-19 15:51:48,277:INFO: [TRAIN] Step: 1176 ; Loss: 18.113 ; Acc: 57.834
2018-09-19 15:51:48,369:INFO: [TRAIN] Step: 1177 ; Loss: 19.538 ; Acc: 57.828
2018-09-19 15:51:48,460:INFO: [TRAIN] Step: 1178 ; Loss: 15.228 ; Acc: 57.839
2018-09-19 15:51:48,554:INFO: [TRAIN] Step: 1179 ; Loss: 18.735 ; Acc: 57.832
2018-09-19 15:51:48,649:INFO: [TRAIN] Step: 1180 ; Loss: 19.003 ; Acc: 57.839
2018-09-19 15:51:48,744:INFO: [TRAIN] Step: 1181 ; Loss: 16.134 ; Acc: 57.850
2018-09-19 15:51:48,832:INFO: [TRAIN] Step: 1182 ; Loss: 21.831 ; Acc: 57.851
2018-09-19 15:51:48,926:INFO: [TRAIN] Step: 1183 ; Loss: 18.127 ; Acc: 57.844
2018-09-19 15:51:49,015:INFO: [TRAIN] Step: 1184 ; Loss: 17.381 ; Acc: 57.855
2018-09-19 15:51:49,111:INFO: [TRAIN] Step: 1185 ; Loss: 15.379 ; Acc: 57.859
2018-09-19 15:51:49,207:INFO: [TRAIN] Step: 1186 ; Loss: 16.693 ; Acc: 57.856
2018-09-19 15:51:49,304:INFO: [TRAIN] Step: 1187 ; Loss: 15.011 ; Acc: 57.870
2018-09-19 15:51:49,393:INFO: [TRAIN] Step: 1188 ; Loss: 18.852 ; Acc: 57.871
2018-09-19 15:51:49,489:INFO: [TRAIN] Step: 1189 ; Loss: 19.769 ; Acc: 57.871
2018-09-19 15:51:54,847:INFO: [EVAL] Step: 1190 ; Loss: 0.174 ; Acc: 0.651
