2018-09-19 14:09:22,603:INFO: ### Model ###
LeNet5(
  (convnet): Sequential(
    (0): Conv2d(1, 6, kernel_size=(5, 5), stride=(1, 1))
    (1): ReLU()
    (2): MaxPool2d(kernel_size=(2, 2), stride=2, padding=0, dilation=1, ceil_mode=False)
    (3): Conv2d(6, 16, kernel_size=(5, 5), stride=(1, 1))
    (4): ReLU()
    (5): MaxPool2d(kernel_size=(2, 2), stride=2, padding=0, dilation=1, ceil_mode=False)
    (6): Conv2d(16, 120, kernel_size=(5, 5), stride=(1, 1))
    (7): ReLU()
    (8): Conv2d(120, 240, kernel_size=(5, 5), stride=(1, 1))
    (9): ReLU()
  )
  (fc): Sequential(
    (0): Linear(in_features=240, out_features=84, bias=True)
    (1): ReLU()
    (2): Linear(in_features=84, out_features=10, bias=True)
  )
)
2018-09-19 14:09:22,603:INFO: ### Optimizer ###
Adam (
Parameter Group 0
    amsgrad: False
    betas: (0.9, 0.999)
    eps: 1e-08
    lr: 5e-05
    weight_decay: 0
)
2018-09-19 14:09:22,604:INFO: ### HParams ###
n_epochs: 1 ; data: ferplus ; label: ferplus_votes ; batch_size: 24 ; lr: 5e-05 ; wd: 0 ; eval_steps: 1190
2018-09-19 14:09:22,784:INFO: [TRAIN] Step: 0 ; Loss: 39.793 ; Acc: 25.000
2018-09-19 14:09:22,863:INFO: [TRAIN] Step: 1 ; Loss: 39.068 ; Acc: 33.333
2018-09-19 14:09:22,936:INFO: [TRAIN] Step: 2 ; Loss: 40.029 ; Acc: 31.944
2018-09-19 14:09:23,020:INFO: [TRAIN] Step: 3 ; Loss: 38.070 ; Acc: 34.375
2018-09-19 14:09:23,103:INFO: [TRAIN] Step: 4 ; Loss: 37.749 ; Acc: 35.000
2018-09-19 14:09:23,190:INFO: [TRAIN] Step: 5 ; Loss: 41.366 ; Acc: 35.417
2018-09-19 14:09:23,267:INFO: [TRAIN] Step: 6 ; Loss: 39.870 ; Acc: 34.524
2018-09-19 14:09:23,347:INFO: [TRAIN] Step: 7 ; Loss: 38.194 ; Acc: 34.896
2018-09-19 14:09:23,422:INFO: [TRAIN] Step: 8 ; Loss: 38.343 ; Acc: 35.185
2018-09-19 14:09:23,508:INFO: [TRAIN] Step: 9 ; Loss: 37.646 ; Acc: 36.250
2018-09-19 14:09:23,583:INFO: [TRAIN] Step: 10 ; Loss: 38.762 ; Acc: 35.606
2018-09-19 14:09:23,668:INFO: [TRAIN] Step: 11 ; Loss: 39.372 ; Acc: 36.806
2018-09-19 14:09:23,741:INFO: [TRAIN] Step: 12 ; Loss: 38.870 ; Acc: 37.179
2018-09-19 14:09:23,822:INFO: [TRAIN] Step: 13 ; Loss: 36.693 ; Acc: 36.905
2018-09-19 14:09:23,898:INFO: [TRAIN] Step: 14 ; Loss: 39.525 ; Acc: 35.833
2018-09-19 14:09:23,984:INFO: [TRAIN] Step: 15 ; Loss: 38.021 ; Acc: 35.156
2018-09-19 14:09:24,058:INFO: [TRAIN] Step: 16 ; Loss: 38.848 ; Acc: 35.784
2018-09-19 14:09:24,141:INFO: [TRAIN] Step: 17 ; Loss: 34.629 ; Acc: 36.806
2018-09-19 14:09:24,216:INFO: [TRAIN] Step: 18 ; Loss: 40.267 ; Acc: 37.281
2018-09-19 14:09:24,297:INFO: [TRAIN] Step: 19 ; Loss: 38.940 ; Acc: 37.708
2018-09-19 14:09:24,371:INFO: [TRAIN] Step: 20 ; Loss: 32.722 ; Acc: 36.508
2018-09-19 14:09:24,453:INFO: [TRAIN] Step: 21 ; Loss: 40.921 ; Acc: 36.742
2018-09-19 14:09:24,525:INFO: [TRAIN] Step: 22 ; Loss: 38.984 ; Acc: 37.138
2018-09-19 14:09:24,606:INFO: [TRAIN] Step: 23 ; Loss: 37.357 ; Acc: 37.500
2018-09-19 14:09:24,681:INFO: [TRAIN] Step: 24 ; Loss: 40.780 ; Acc: 37.667
2018-09-19 14:09:24,764:INFO: [TRAIN] Step: 25 ; Loss: 41.371 ; Acc: 37.821
2018-09-19 14:09:24,836:INFO: [TRAIN] Step: 26 ; Loss: 39.192 ; Acc: 37.500
2018-09-19 14:09:24,923:INFO: [TRAIN] Step: 27 ; Loss: 36.216 ; Acc: 37.798
2018-09-19 14:09:24,996:INFO: [TRAIN] Step: 28 ; Loss: 38.430 ; Acc: 37.644
2018-09-19 14:09:25,077:INFO: [TRAIN] Step: 29 ; Loss: 35.009 ; Acc: 37.778
2018-09-19 14:09:25,149:INFO: [TRAIN] Step: 30 ; Loss: 38.311 ; Acc: 38.038
2018-09-19 14:09:25,231:INFO: [TRAIN] Step: 31 ; Loss: 41.764 ; Acc: 38.021
2018-09-19 14:09:25,305:INFO: [TRAIN] Step: 32 ; Loss: 36.804 ; Acc: 38.005
2018-09-19 14:09:25,387:INFO: [TRAIN] Step: 33 ; Loss: 38.585 ; Acc: 37.990
2018-09-19 14:09:25,463:INFO: [TRAIN] Step: 34 ; Loss: 39.441 ; Acc: 38.095
2018-09-19 14:09:25,544:INFO: [TRAIN] Step: 35 ; Loss: 40.889 ; Acc: 38.079
2018-09-19 14:09:25,617:INFO: [TRAIN] Step: 36 ; Loss: 39.240 ; Acc: 37.950
2018-09-19 14:09:25,700:INFO: [TRAIN] Step: 37 ; Loss: 32.364 ; Acc: 38.377
2018-09-19 14:09:25,773:INFO: [TRAIN] Step: 38 ; Loss: 37.652 ; Acc: 38.034
2018-09-19 14:09:25,857:INFO: [TRAIN] Step: 39 ; Loss: 37.399 ; Acc: 38.021
2018-09-19 14:09:25,932:INFO: [TRAIN] Step: 40 ; Loss: 37.367 ; Acc: 37.703
2018-09-19 14:09:26,016:INFO: [TRAIN] Step: 41 ; Loss: 37.222 ; Acc: 37.698
2018-09-19 14:09:26,097:INFO: [TRAIN] Step: 42 ; Loss: 34.585 ; Acc: 37.694
2018-09-19 14:09:26,210:INFO: [TRAIN] Step: 43 ; Loss: 37.290 ; Acc: 37.689
2018-09-19 14:09:26,283:INFO: [TRAIN] Step: 44 ; Loss: 31.777 ; Acc: 37.593
2018-09-19 14:09:26,364:INFO: [TRAIN] Step: 45 ; Loss: 34.468 ; Acc: 37.500
2018-09-19 14:09:26,437:INFO: [TRAIN] Step: 46 ; Loss: 35.830 ; Acc: 37.500
2018-09-19 14:09:26,518:INFO: [TRAIN] Step: 47 ; Loss: 36.585 ; Acc: 37.587
2018-09-19 14:09:26,593:INFO: [TRAIN] Step: 48 ; Loss: 34.736 ; Acc: 37.670
2018-09-19 14:09:26,673:INFO: [TRAIN] Step: 49 ; Loss: 36.141 ; Acc: 37.833
2018-09-19 14:09:26,750:INFO: [TRAIN] Step: 50 ; Loss: 34.916 ; Acc: 37.663
2018-09-19 14:09:26,831:INFO: [TRAIN] Step: 51 ; Loss: 35.198 ; Acc: 37.821
2018-09-19 14:09:26,906:INFO: [TRAIN] Step: 52 ; Loss: 33.413 ; Acc: 37.814
2018-09-19 14:09:26,986:INFO: [TRAIN] Step: 53 ; Loss: 36.694 ; Acc: 37.500
2018-09-19 14:09:27,062:INFO: [TRAIN] Step: 54 ; Loss: 36.159 ; Acc: 37.500
2018-09-19 14:09:27,144:INFO: [TRAIN] Step: 55 ; Loss: 32.210 ; Acc: 37.426
2018-09-19 14:09:27,215:INFO: [TRAIN] Step: 56 ; Loss: 32.913 ; Acc: 37.354
2018-09-19 14:09:27,297:INFO: [TRAIN] Step: 57 ; Loss: 33.862 ; Acc: 37.356
2018-09-19 14:09:27,368:INFO: [TRAIN] Step: 58 ; Loss: 32.441 ; Acc: 37.571
2018-09-19 14:09:27,450:INFO: [TRAIN] Step: 59 ; Loss: 33.540 ; Acc: 37.431
2018-09-19 14:09:27,525:INFO: [TRAIN] Step: 60 ; Loss: 28.538 ; Acc: 37.705
2018-09-19 14:09:27,608:INFO: [TRAIN] Step: 61 ; Loss: 32.384 ; Acc: 37.567
2018-09-19 14:09:27,680:INFO: [TRAIN] Step: 62 ; Loss: 36.404 ; Acc: 37.500
2018-09-19 14:09:27,760:INFO: [TRAIN] Step: 63 ; Loss: 32.513 ; Acc: 37.630
2018-09-19 14:09:27,835:INFO: [TRAIN] Step: 64 ; Loss: 31.394 ; Acc: 37.756
2018-09-19 14:09:27,916:INFO: [TRAIN] Step: 65 ; Loss: 32.231 ; Acc: 37.689
2018-09-19 14:09:27,993:INFO: [TRAIN] Step: 66 ; Loss: 35.641 ; Acc: 37.438
2018-09-19 14:09:28,074:INFO: [TRAIN] Step: 67 ; Loss: 33.674 ; Acc: 37.316
2018-09-19 14:09:28,146:INFO: [TRAIN] Step: 68 ; Loss: 26.305 ; Acc: 37.379
2018-09-19 14:09:28,228:INFO: [TRAIN] Step: 69 ; Loss: 29.277 ; Acc: 37.381
2018-09-19 14:09:28,301:INFO: [TRAIN] Step: 70 ; Loss: 31.196 ; Acc: 37.441
2018-09-19 14:09:28,381:INFO: [TRAIN] Step: 71 ; Loss: 31.049 ; Acc: 37.674
2018-09-19 14:09:28,456:INFO: [TRAIN] Step: 72 ; Loss: 30.795 ; Acc: 37.500
2018-09-19 14:09:28,539:INFO: [TRAIN] Step: 73 ; Loss: 31.161 ; Acc: 37.275
2018-09-19 14:09:28,612:INFO: [TRAIN] Step: 74 ; Loss: 33.874 ; Acc: 37.056
2018-09-19 14:09:28,693:INFO: [TRAIN] Step: 75 ; Loss: 32.942 ; Acc: 36.897
2018-09-19 14:09:28,765:INFO: [TRAIN] Step: 76 ; Loss: 33.087 ; Acc: 36.959
2018-09-19 14:09:28,845:INFO: [TRAIN] Step: 77 ; Loss: 32.320 ; Acc: 37.073
2018-09-19 14:09:28,921:INFO: [TRAIN] Step: 78 ; Loss: 28.869 ; Acc: 37.236
2018-09-19 14:09:29,003:INFO: [TRAIN] Step: 79 ; Loss: 30.796 ; Acc: 37.344
2018-09-19 14:09:29,077:INFO: [TRAIN] Step: 80 ; Loss: 27.843 ; Acc: 37.551
2018-09-19 14:09:29,166:INFO: [TRAIN] Step: 81 ; Loss: 29.963 ; Acc: 37.602
2018-09-19 14:09:29,244:INFO: [TRAIN] Step: 82 ; Loss: 26.526 ; Acc: 37.600
2018-09-19 14:09:29,325:INFO: [TRAIN] Step: 83 ; Loss: 31.658 ; Acc: 37.450
2018-09-19 14:09:29,398:INFO: [TRAIN] Step: 84 ; Loss: 29.465 ; Acc: 37.598
2018-09-19 14:09:29,480:INFO: [TRAIN] Step: 85 ; Loss: 30.292 ; Acc: 37.597
2018-09-19 14:09:29,553:INFO: [TRAIN] Step: 86 ; Loss: 32.988 ; Acc: 37.500
2018-09-19 14:09:29,636:INFO: [TRAIN] Step: 87 ; Loss: 27.091 ; Acc: 37.689
2018-09-19 14:09:29,710:INFO: [TRAIN] Step: 88 ; Loss: 31.855 ; Acc: 37.734
2018-09-19 14:09:29,791:INFO: [TRAIN] Step: 89 ; Loss: 31.565 ; Acc: 37.639
2018-09-19 14:09:29,864:INFO: [TRAIN] Step: 90 ; Loss: 30.700 ; Acc: 37.729
2018-09-19 14:09:29,946:INFO: [TRAIN] Step: 91 ; Loss: 28.021 ; Acc: 37.681
2018-09-19 14:09:30,021:INFO: [TRAIN] Step: 92 ; Loss: 35.491 ; Acc: 37.545
2018-09-19 14:09:30,103:INFO: [TRAIN] Step: 93 ; Loss: 29.404 ; Acc: 37.544
2018-09-19 14:09:30,177:INFO: [TRAIN] Step: 94 ; Loss: 29.501 ; Acc: 37.588
2018-09-19 14:09:30,257:INFO: [TRAIN] Step: 95 ; Loss: 26.873 ; Acc: 37.717
2018-09-19 14:09:30,331:INFO: [TRAIN] Step: 96 ; Loss: 28.699 ; Acc: 37.758
2018-09-19 14:09:30,413:INFO: [TRAIN] Step: 97 ; Loss: 27.195 ; Acc: 37.883
2018-09-19 14:09:30,490:INFO: [TRAIN] Step: 98 ; Loss: 30.186 ; Acc: 37.837
2018-09-19 14:09:30,571:INFO: [TRAIN] Step: 99 ; Loss: 28.519 ; Acc: 37.917
2018-09-19 14:09:30,646:INFO: [TRAIN] Step: 100 ; Loss: 29.892 ; Acc: 37.830
2018-09-19 14:09:30,729:INFO: [TRAIN] Step: 101 ; Loss: 30.975 ; Acc: 37.827
2018-09-19 14:09:30,802:INFO: [TRAIN] Step: 102 ; Loss: 28.221 ; Acc: 37.905
2018-09-19 14:09:30,886:INFO: [TRAIN] Step: 103 ; Loss: 30.121 ; Acc: 37.901
2018-09-19 14:09:30,961:INFO: [TRAIN] Step: 104 ; Loss: 29.446 ; Acc: 37.937
2018-09-19 14:09:31,042:INFO: [TRAIN] Step: 105 ; Loss: 30.058 ; Acc: 38.011
2018-09-19 14:09:31,117:INFO: [TRAIN] Step: 106 ; Loss: 31.182 ; Acc: 38.006
2018-09-19 14:09:31,197:INFO: [TRAIN] Step: 107 ; Loss: 33.804 ; Acc: 37.809
2018-09-19 14:09:31,269:INFO: [TRAIN] Step: 108 ; Loss: 28.495 ; Acc: 37.729
2018-09-19 14:09:31,354:INFO: [TRAIN] Step: 109 ; Loss: 32.540 ; Acc: 37.614
2018-09-19 14:09:31,426:INFO: [TRAIN] Step: 110 ; Loss: 25.961 ; Acc: 37.688
2018-09-19 14:09:31,507:INFO: [TRAIN] Step: 111 ; Loss: 27.832 ; Acc: 37.686
2018-09-19 14:09:31,582:INFO: [TRAIN] Step: 112 ; Loss: 28.487 ; Acc: 37.758
2018-09-19 14:09:31,666:INFO: [TRAIN] Step: 113 ; Loss: 27.116 ; Acc: 37.719
2018-09-19 14:09:31,741:INFO: [TRAIN] Step: 114 ; Loss: 29.051 ; Acc: 37.645
2018-09-19 14:09:31,822:INFO: [TRAIN] Step: 115 ; Loss: 33.113 ; Acc: 37.536
2018-09-19 14:09:31,897:INFO: [TRAIN] Step: 116 ; Loss: 28.567 ; Acc: 37.536
2018-09-19 14:09:31,979:INFO: [TRAIN] Step: 117 ; Loss: 30.684 ; Acc: 37.500
2018-09-19 14:09:32,052:INFO: [TRAIN] Step: 118 ; Loss: 29.637 ; Acc: 37.430
2018-09-19 14:09:32,134:INFO: [TRAIN] Step: 119 ; Loss: 27.015 ; Acc: 37.569
2018-09-19 14:09:32,207:INFO: [TRAIN] Step: 120 ; Loss: 29.941 ; Acc: 37.534
2018-09-19 14:09:32,290:INFO: [TRAIN] Step: 121 ; Loss: 30.948 ; Acc: 37.602
2018-09-19 14:09:32,367:INFO: [TRAIN] Step: 122 ; Loss: 26.653 ; Acc: 37.568
2018-09-19 14:09:32,453:INFO: [TRAIN] Step: 123 ; Loss: 27.928 ; Acc: 37.567
2018-09-19 14:09:32,544:INFO: [TRAIN] Step: 124 ; Loss: 28.707 ; Acc: 37.633
2018-09-19 14:09:32,625:INFO: [TRAIN] Step: 125 ; Loss: 31.902 ; Acc: 37.632
2018-09-19 14:09:32,699:INFO: [TRAIN] Step: 126 ; Loss: 31.076 ; Acc: 37.598
2018-09-19 14:09:32,788:INFO: [TRAIN] Step: 127 ; Loss: 27.793 ; Acc: 37.728
2018-09-19 14:09:32,863:INFO: [TRAIN] Step: 128 ; Loss: 28.839 ; Acc: 37.694
2018-09-19 14:09:32,947:INFO: [TRAIN] Step: 129 ; Loss: 33.872 ; Acc: 37.596
2018-09-19 14:09:33,023:INFO: [TRAIN] Step: 130 ; Loss: 29.726 ; Acc: 37.595
2018-09-19 14:09:33,104:INFO: [TRAIN] Step: 131 ; Loss: 30.570 ; Acc: 37.532
2018-09-19 14:09:33,179:INFO: [TRAIN] Step: 132 ; Loss: 28.828 ; Acc: 37.563
2018-09-19 14:09:33,268:INFO: [TRAIN] Step: 133 ; Loss: 31.025 ; Acc: 37.562
2018-09-19 14:09:33,340:INFO: [TRAIN] Step: 134 ; Loss: 30.915 ; Acc: 37.469
2018-09-19 14:09:33,422:INFO: [TRAIN] Step: 135 ; Loss: 28.733 ; Acc: 37.469
2018-09-19 14:09:33,500:INFO: [TRAIN] Step: 136 ; Loss: 34.538 ; Acc: 37.287
2018-09-19 14:09:33,578:INFO: [TRAIN] Step: 137 ; Loss: 32.650 ; Acc: 37.289
2018-09-19 14:09:33,650:INFO: [TRAIN] Step: 138 ; Loss: 29.601 ; Acc: 37.140
2018-09-19 14:09:33,730:INFO: [TRAIN] Step: 139 ; Loss: 32.057 ; Acc: 37.024
2018-09-19 14:09:33,807:INFO: [TRAIN] Step: 140 ; Loss: 31.882 ; Acc: 36.939
2018-09-19 14:09:33,889:INFO: [TRAIN] Step: 141 ; Loss: 28.553 ; Acc: 37.001
2018-09-19 14:09:33,963:INFO: [TRAIN] Step: 142 ; Loss: 30.833 ; Acc: 36.976
2018-09-19 14:09:34,047:INFO: [TRAIN] Step: 143 ; Loss: 30.075 ; Acc: 36.921
2018-09-19 14:09:34,120:INFO: [TRAIN] Step: 144 ; Loss: 34.924 ; Acc: 36.925
2018-09-19 14:09:34,202:INFO: [TRAIN] Step: 145 ; Loss: 31.058 ; Acc: 36.872
2018-09-19 14:09:34,275:INFO: [TRAIN] Step: 146 ; Loss: 26.856 ; Acc: 36.706
2018-09-19 14:09:34,356:INFO: [TRAIN] Step: 147 ; Loss: 32.258 ; Acc: 36.543
2018-09-19 14:09:34,430:INFO: [TRAIN] Step: 148 ; Loss: 30.469 ; Acc: 36.493
2018-09-19 14:09:34,513:INFO: [TRAIN] Step: 149 ; Loss: 29.151 ; Acc: 36.417
2018-09-19 14:09:34,588:INFO: [TRAIN] Step: 150 ; Loss: 29.589 ; Acc: 36.424
2018-09-19 14:09:34,669:INFO: [TRAIN] Step: 151 ; Loss: 27.889 ; Acc: 36.321
2018-09-19 14:09:34,743:INFO: [TRAIN] Step: 152 ; Loss: 28.514 ; Acc: 36.220
2018-09-19 14:09:34,824:INFO: [TRAIN] Step: 153 ; Loss: 30.499 ; Acc: 36.147
2018-09-19 14:09:34,899:INFO: [TRAIN] Step: 154 ; Loss: 30.304 ; Acc: 36.102
2018-09-19 14:09:34,980:INFO: [TRAIN] Step: 155 ; Loss: 27.979 ; Acc: 36.138
2018-09-19 14:09:35,051:INFO: [TRAIN] Step: 156 ; Loss: 31.859 ; Acc: 36.014
2018-09-19 14:09:35,135:INFO: [TRAIN] Step: 157 ; Loss: 29.474 ; Acc: 36.076
2018-09-19 14:09:35,208:INFO: [TRAIN] Step: 158 ; Loss: 29.228 ; Acc: 36.006
2018-09-19 14:09:35,292:INFO: [TRAIN] Step: 159 ; Loss: 28.692 ; Acc: 35.990
2018-09-19 14:09:35,363:INFO: [TRAIN] Step: 160 ; Loss: 30.638 ; Acc: 35.921
2018-09-19 14:09:35,443:INFO: [TRAIN] Step: 161 ; Loss: 30.431 ; Acc: 35.880
2018-09-19 14:09:35,519:INFO: [TRAIN] Step: 162 ; Loss: 29.084 ; Acc: 35.915
2018-09-19 14:09:35,601:INFO: [TRAIN] Step: 163 ; Loss: 28.971 ; Acc: 35.976
2018-09-19 14:09:35,675:INFO: [TRAIN] Step: 164 ; Loss: 27.368 ; Acc: 35.909
2018-09-19 14:09:35,756:INFO: [TRAIN] Step: 165 ; Loss: 28.915 ; Acc: 35.969
2018-09-19 14:09:35,832:INFO: [TRAIN] Step: 166 ; Loss: 27.426 ; Acc: 35.953
2018-09-19 14:09:35,918:INFO: [TRAIN] Step: 167 ; Loss: 31.554 ; Acc: 35.938
2018-09-19 14:09:35,991:INFO: [TRAIN] Step: 168 ; Loss: 28.335 ; Acc: 35.971
2018-09-19 14:09:36,086:INFO: [TRAIN] Step: 169 ; Loss: 31.010 ; Acc: 35.980
2018-09-19 14:09:36,159:INFO: [TRAIN] Step: 170 ; Loss: 25.718 ; Acc: 35.989
2018-09-19 14:09:36,242:INFO: [TRAIN] Step: 171 ; Loss: 30.927 ; Acc: 36.022
2018-09-19 14:09:36,315:INFO: [TRAIN] Step: 172 ; Loss: 34.843 ; Acc: 36.031
2018-09-19 14:09:36,395:INFO: [TRAIN] Step: 173 ; Loss: 30.203 ; Acc: 36.063
2018-09-19 14:09:36,469:INFO: [TRAIN] Step: 174 ; Loss: 25.940 ; Acc: 36.095
2018-09-19 14:09:36,550:INFO: [TRAIN] Step: 175 ; Loss: 25.411 ; Acc: 36.151
2018-09-19 14:09:36,623:INFO: [TRAIN] Step: 176 ; Loss: 29.174 ; Acc: 36.229
2018-09-19 14:09:36,706:INFO: [TRAIN] Step: 177 ; Loss: 32.469 ; Acc: 36.213
2018-09-19 14:09:36,778:INFO: [TRAIN] Step: 178 ; Loss: 28.238 ; Acc: 36.173
2018-09-19 14:09:36,865:INFO: [TRAIN] Step: 179 ; Loss: 32.862 ; Acc: 36.088
2018-09-19 14:09:36,939:INFO: [TRAIN] Step: 180 ; Loss: 28.928 ; Acc: 36.004
2018-09-19 14:09:37,021:INFO: [TRAIN] Step: 181 ; Loss: 28.882 ; Acc: 36.012
2018-09-19 14:09:37,093:INFO: [TRAIN] Step: 182 ; Loss: 29.720 ; Acc: 36.020
2018-09-19 14:09:37,177:INFO: [TRAIN] Step: 183 ; Loss: 27.993 ; Acc: 36.005
2018-09-19 14:09:37,250:INFO: [TRAIN] Step: 184 ; Loss: 30.180 ; Acc: 36.014
2018-09-19 14:09:37,330:INFO: [TRAIN] Step: 185 ; Loss: 26.367 ; Acc: 36.089
2018-09-19 14:09:37,403:INFO: [TRAIN] Step: 186 ; Loss: 27.940 ; Acc: 36.096
2018-09-19 14:09:37,484:INFO: [TRAIN] Step: 187 ; Loss: 25.376 ; Acc: 36.148
2018-09-19 14:09:37,557:INFO: [TRAIN] Step: 188 ; Loss: 30.977 ; Acc: 36.111
2018-09-19 14:09:37,636:INFO: [TRAIN] Step: 189 ; Loss: 30.035 ; Acc: 36.075
2018-09-19 14:09:37,710:INFO: [TRAIN] Step: 190 ; Loss: 26.653 ; Acc: 36.147
2018-09-19 14:09:37,793:INFO: [TRAIN] Step: 191 ; Loss: 33.387 ; Acc: 36.111
2018-09-19 14:09:37,867:INFO: [TRAIN] Step: 192 ; Loss: 25.355 ; Acc: 36.097
2018-09-19 14:09:37,951:INFO: [TRAIN] Step: 193 ; Loss: 31.033 ; Acc: 36.061
2018-09-19 14:09:38,028:INFO: [TRAIN] Step: 194 ; Loss: 29.443 ; Acc: 36.111
2018-09-19 14:09:38,110:INFO: [TRAIN] Step: 195 ; Loss: 30.886 ; Acc: 36.097
2018-09-19 14:09:38,184:INFO: [TRAIN] Step: 196 ; Loss: 25.443 ; Acc: 36.104
2018-09-19 14:09:38,267:INFO: [TRAIN] Step: 197 ; Loss: 29.566 ; Acc: 36.174
2018-09-19 14:09:38,343:INFO: [TRAIN] Step: 198 ; Loss: 30.003 ; Acc: 36.202
2018-09-19 14:09:38,424:INFO: [TRAIN] Step: 199 ; Loss: 27.014 ; Acc: 36.188
2018-09-19 14:09:38,498:INFO: [TRAIN] Step: 200 ; Loss: 29.700 ; Acc: 36.215
2018-09-19 14:09:38,578:INFO: [TRAIN] Step: 201 ; Loss: 28.036 ; Acc: 36.200
2018-09-19 14:09:38,651:INFO: [TRAIN] Step: 202 ; Loss: 31.249 ; Acc: 36.166
2018-09-19 14:09:38,734:INFO: [TRAIN] Step: 203 ; Loss: 26.015 ; Acc: 36.234
2018-09-19 14:09:38,809:INFO: [TRAIN] Step: 204 ; Loss: 28.993 ; Acc: 36.260
2018-09-19 14:09:38,890:INFO: [TRAIN] Step: 205 ; Loss: 30.339 ; Acc: 36.307
2018-09-19 14:09:38,964:INFO: [TRAIN] Step: 206 ; Loss: 28.528 ; Acc: 36.312
2018-09-19 14:09:39,046:INFO: [TRAIN] Step: 207 ; Loss: 28.993 ; Acc: 36.318
2018-09-19 14:09:39,119:INFO: [TRAIN] Step: 208 ; Loss: 26.488 ; Acc: 36.384
2018-09-19 14:09:39,200:INFO: [TRAIN] Step: 209 ; Loss: 28.309 ; Acc: 36.369
2018-09-19 14:09:39,275:INFO: [TRAIN] Step: 210 ; Loss: 30.260 ; Acc: 36.355
2018-09-19 14:09:39,357:INFO: [TRAIN] Step: 211 ; Loss: 28.895 ; Acc: 36.360
2018-09-19 14:09:39,432:INFO: [TRAIN] Step: 212 ; Loss: 31.255 ; Acc: 36.307
2018-09-19 14:09:39,513:INFO: [TRAIN] Step: 213 ; Loss: 32.793 ; Acc: 36.234
2018-09-19 14:09:39,585:INFO: [TRAIN] Step: 214 ; Loss: 31.592 ; Acc: 36.221
2018-09-19 14:09:39,667:INFO: [TRAIN] Step: 215 ; Loss: 29.630 ; Acc: 36.169
2018-09-19 14:09:39,740:INFO: [TRAIN] Step: 216 ; Loss: 27.527 ; Acc: 36.194
2018-09-19 14:09:39,821:INFO: [TRAIN] Step: 217 ; Loss: 28.906 ; Acc: 36.162
2018-09-19 14:09:39,897:INFO: [TRAIN] Step: 218 ; Loss: 28.486 ; Acc: 36.168
2018-09-19 14:09:39,978:INFO: [TRAIN] Step: 219 ; Loss: 28.703 ; Acc: 36.212
2018-09-19 14:09:40,054:INFO: [TRAIN] Step: 220 ; Loss: 30.422 ; Acc: 36.199
2018-09-19 14:09:40,146:INFO: [TRAIN] Step: 221 ; Loss: 29.103 ; Acc: 36.186
2018-09-19 14:09:40,217:INFO: [TRAIN] Step: 222 ; Loss: 26.223 ; Acc: 36.248
2018-09-19 14:09:40,299:INFO: [TRAIN] Step: 223 ; Loss: 27.970 ; Acc: 36.291
2018-09-19 14:09:40,372:INFO: [TRAIN] Step: 224 ; Loss: 28.723 ; Acc: 36.259
2018-09-19 14:09:40,452:INFO: [TRAIN] Step: 225 ; Loss: 29.231 ; Acc: 36.302
2018-09-19 14:09:40,527:INFO: [TRAIN] Step: 226 ; Loss: 25.938 ; Acc: 36.289
2018-09-19 14:09:40,608:INFO: [TRAIN] Step: 227 ; Loss: 27.129 ; Acc: 36.294
2018-09-19 14:09:40,680:INFO: [TRAIN] Step: 228 ; Loss: 27.622 ; Acc: 36.354
2018-09-19 14:09:40,763:INFO: [TRAIN] Step: 229 ; Loss: 28.026 ; Acc: 36.395
2018-09-19 14:09:40,838:INFO: [TRAIN] Step: 230 ; Loss: 28.624 ; Acc: 36.382
2018-09-19 14:09:40,922:INFO: [TRAIN] Step: 231 ; Loss: 29.556 ; Acc: 36.369
2018-09-19 14:09:40,996:INFO: [TRAIN] Step: 232 ; Loss: 27.358 ; Acc: 36.409
2018-09-19 14:09:41,078:INFO: [TRAIN] Step: 233 ; Loss: 31.487 ; Acc: 36.414
2018-09-19 14:09:41,149:INFO: [TRAIN] Step: 234 ; Loss: 27.699 ; Acc: 36.436
2018-09-19 14:09:41,231:INFO: [TRAIN] Step: 235 ; Loss: 30.965 ; Acc: 36.405
2018-09-19 14:09:41,305:INFO: [TRAIN] Step: 236 ; Loss: 31.644 ; Acc: 36.392
2018-09-19 14:09:41,386:INFO: [TRAIN] Step: 237 ; Loss: 24.481 ; Acc: 36.432
2018-09-19 14:09:41,461:INFO: [TRAIN] Step: 238 ; Loss: 23.607 ; Acc: 36.489
2018-09-19 14:09:41,544:INFO: [TRAIN] Step: 239 ; Loss: 30.765 ; Acc: 36.458
2018-09-19 14:09:41,617:INFO: [TRAIN] Step: 240 ; Loss: 25.404 ; Acc: 36.515
2018-09-19 14:09:41,699:INFO: [TRAIN] Step: 241 ; Loss: 28.762 ; Acc: 36.467
2018-09-19 14:09:41,772:INFO: [TRAIN] Step: 242 ; Loss: 32.159 ; Acc: 36.420
2018-09-19 14:09:41,852:INFO: [TRAIN] Step: 243 ; Loss: 28.681 ; Acc: 36.373
2018-09-19 14:09:41,924:INFO: [TRAIN] Step: 244 ; Loss: 30.225 ; Acc: 36.310
2018-09-19 14:09:42,005:INFO: [TRAIN] Step: 245 ; Loss: 31.386 ; Acc: 36.314
2018-09-19 14:09:42,078:INFO: [TRAIN] Step: 246 ; Loss: 29.687 ; Acc: 36.353
2018-09-19 14:09:42,160:INFO: [TRAIN] Step: 247 ; Loss: 29.180 ; Acc: 36.341
2018-09-19 14:09:42,234:INFO: [TRAIN] Step: 248 ; Loss: 29.156 ; Acc: 36.345
2018-09-19 14:09:42,318:INFO: [TRAIN] Step: 249 ; Loss: 31.914 ; Acc: 36.317
2018-09-19 14:09:42,392:INFO: [TRAIN] Step: 250 ; Loss: 28.542 ; Acc: 36.321
2018-09-19 14:09:42,475:INFO: [TRAIN] Step: 251 ; Loss: 26.449 ; Acc: 36.326
2018-09-19 14:09:42,547:INFO: [TRAIN] Step: 252 ; Loss: 25.005 ; Acc: 36.347
2018-09-19 14:09:42,628:INFO: [TRAIN] Step: 253 ; Loss: 28.686 ; Acc: 36.385
2018-09-19 14:09:42,701:INFO: [TRAIN] Step: 254 ; Loss: 28.828 ; Acc: 36.324
2018-09-19 14:09:42,785:INFO: [TRAIN] Step: 255 ; Loss: 26.134 ; Acc: 36.344
2018-09-19 14:09:42,859:INFO: [TRAIN] Step: 256 ; Loss: 33.100 ; Acc: 36.365
2018-09-19 14:09:42,939:INFO: [TRAIN] Step: 257 ; Loss: 29.810 ; Acc: 36.321
2018-09-19 14:09:43,011:INFO: [TRAIN] Step: 258 ; Loss: 26.387 ; Acc: 36.326
2018-09-19 14:09:43,093:INFO: [TRAIN] Step: 259 ; Loss: 25.363 ; Acc: 36.426
2018-09-19 14:09:43,168:INFO: [TRAIN] Step: 260 ; Loss: 30.270 ; Acc: 36.398
2018-09-19 14:09:43,248:INFO: [TRAIN] Step: 261 ; Loss: 26.164 ; Acc: 36.434
2018-09-19 14:09:43,321:INFO: [TRAIN] Step: 262 ; Loss: 28.139 ; Acc: 36.375
2018-09-19 14:09:43,405:INFO: [TRAIN] Step: 263 ; Loss: 28.521 ; Acc: 36.411
2018-09-19 14:09:43,479:INFO: [TRAIN] Step: 264 ; Loss: 28.430 ; Acc: 36.384
2018-09-19 14:09:43,560:INFO: [TRAIN] Step: 265 ; Loss: 28.120 ; Acc: 36.388
2018-09-19 14:09:43,636:INFO: [TRAIN] Step: 266 ; Loss: 30.113 ; Acc: 36.376
2018-09-19 14:09:43,717:INFO: [TRAIN] Step: 267 ; Loss: 34.383 ; Acc: 36.381
2018-09-19 14:09:43,790:INFO: [TRAIN] Step: 268 ; Loss: 26.496 ; Acc: 36.416
2018-09-19 14:09:43,873:INFO: [TRAIN] Step: 269 ; Loss: 29.867 ; Acc: 36.435
2018-09-19 14:09:43,947:INFO: [TRAIN] Step: 270 ; Loss: 25.368 ; Acc: 36.424
2018-09-19 14:09:44,029:INFO: [TRAIN] Step: 271 ; Loss: 25.964 ; Acc: 36.458
2018-09-19 14:09:44,104:INFO: [TRAIN] Step: 272 ; Loss: 29.946 ; Acc: 36.493
2018-09-19 14:09:44,186:INFO: [TRAIN] Step: 273 ; Loss: 30.467 ; Acc: 36.481
2018-09-19 14:09:44,261:INFO: [TRAIN] Step: 274 ; Loss: 28.363 ; Acc: 36.455
2018-09-19 14:09:44,344:INFO: [TRAIN] Step: 275 ; Loss: 24.596 ; Acc: 36.549
2018-09-19 14:09:44,420:INFO: [TRAIN] Step: 276 ; Loss: 28.264 ; Acc: 36.582
2018-09-19 14:09:44,499:INFO: [TRAIN] Step: 277 ; Loss: 30.688 ; Acc: 36.571
2018-09-19 14:09:44,573:INFO: [TRAIN] Step: 278 ; Loss: 25.997 ; Acc: 36.559
2018-09-19 14:09:44,656:INFO: [TRAIN] Step: 279 ; Loss: 27.729 ; Acc: 36.577
2018-09-19 14:09:44,732:INFO: [TRAIN] Step: 280 ; Loss: 28.666 ; Acc: 36.536
2018-09-19 14:09:44,813:INFO: [TRAIN] Step: 281 ; Loss: 28.473 ; Acc: 36.554
2018-09-19 14:09:44,887:INFO: [TRAIN] Step: 282 ; Loss: 29.260 ; Acc: 36.558
2018-09-19 14:09:44,974:INFO: [TRAIN] Step: 283 ; Loss: 27.732 ; Acc: 36.561
2018-09-19 14:09:45,048:INFO: [TRAIN] Step: 284 ; Loss: 29.027 ; Acc: 36.550
2018-09-19 14:09:45,131:INFO: [TRAIN] Step: 285 ; Loss: 24.866 ; Acc: 36.597
2018-09-19 14:09:45,210:INFO: [TRAIN] Step: 286 ; Loss: 28.970 ; Acc: 36.585
2018-09-19 14:09:45,291:INFO: [TRAIN] Step: 287 ; Loss: 27.013 ; Acc: 36.574
2018-09-19 14:09:45,363:INFO: [TRAIN] Step: 288 ; Loss: 25.051 ; Acc: 36.649
2018-09-19 14:09:45,444:INFO: [TRAIN] Step: 289 ; Loss: 28.842 ; Acc: 36.695
2018-09-19 14:09:45,518:INFO: [TRAIN] Step: 290 ; Loss: 30.623 ; Acc: 36.670
2018-09-19 14:09:45,600:INFO: [TRAIN] Step: 291 ; Loss: 28.096 ; Acc: 36.672
2018-09-19 14:09:45,671:INFO: [TRAIN] Step: 292 ; Loss: 26.152 ; Acc: 36.689
2018-09-19 14:09:45,753:INFO: [TRAIN] Step: 293 ; Loss: 24.312 ; Acc: 36.749
2018-09-19 14:09:45,825:INFO: [TRAIN] Step: 294 ; Loss: 27.825 ; Acc: 36.723
2018-09-19 14:09:45,906:INFO: [TRAIN] Step: 295 ; Loss: 30.488 ; Acc: 36.684
2018-09-19 14:09:45,984:INFO: [TRAIN] Step: 296 ; Loss: 30.566 ; Acc: 36.658
2018-09-19 14:09:46,067:INFO: [TRAIN] Step: 297 ; Loss: 29.103 ; Acc: 36.661
2018-09-19 14:09:46,143:INFO: [TRAIN] Step: 298 ; Loss: 33.721 ; Acc: 36.622
2018-09-19 14:09:46,224:INFO: [TRAIN] Step: 299 ; Loss: 28.090 ; Acc: 36.639
2018-09-19 14:09:46,298:INFO: [TRAIN] Step: 300 ; Loss: 33.144 ; Acc: 36.545
2018-09-19 14:09:46,381:INFO: [TRAIN] Step: 301 ; Loss: 31.127 ; Acc: 36.534
2018-09-19 14:09:46,457:INFO: [TRAIN] Step: 302 ; Loss: 30.539 ; Acc: 36.537
2018-09-19 14:09:46,539:INFO: [TRAIN] Step: 303 ; Loss: 26.897 ; Acc: 36.527
2018-09-19 14:09:46,614:INFO: [TRAIN] Step: 304 ; Loss: 31.273 ; Acc: 36.544
2018-09-19 14:09:46,696:INFO: [TRAIN] Step: 305 ; Loss: 28.649 ; Acc: 36.574
2018-09-19 14:09:46,769:INFO: [TRAIN] Step: 306 ; Loss: 28.248 ; Acc: 36.550
2018-09-19 14:09:46,850:INFO: [TRAIN] Step: 307 ; Loss: 27.819 ; Acc: 36.540
2018-09-19 14:09:46,926:INFO: [TRAIN] Step: 308 ; Loss: 27.923 ; Acc: 36.529
2018-09-19 14:09:47,006:INFO: [TRAIN] Step: 309 ; Loss: 28.129 ; Acc: 36.573
2018-09-19 14:09:47,080:INFO: [TRAIN] Step: 310 ; Loss: 27.060 ; Acc: 36.616
2018-09-19 14:09:47,163:INFO: [TRAIN] Step: 311 ; Loss: 26.362 ; Acc: 36.632
2018-09-19 14:09:47,235:INFO: [TRAIN] Step: 312 ; Loss: 29.170 ; Acc: 36.648
2018-09-19 14:09:47,319:INFO: [TRAIN] Step: 313 ; Loss: 33.810 ; Acc: 36.584
2018-09-19 14:09:47,393:INFO: [TRAIN] Step: 314 ; Loss: 31.513 ; Acc: 36.548
2018-09-19 14:09:47,476:INFO: [TRAIN] Step: 315 ; Loss: 28.704 ; Acc: 36.498
2018-09-19 14:09:47,548:INFO: [TRAIN] Step: 316 ; Loss: 29.969 ; Acc: 36.501
2018-09-19 14:09:47,639:INFO: [TRAIN] Step: 317 ; Loss: 27.258 ; Acc: 36.530
2018-09-19 14:09:47,720:INFO: [TRAIN] Step: 318 ; Loss: 27.802 ; Acc: 36.520
2018-09-19 14:09:47,802:INFO: [TRAIN] Step: 319 ; Loss: 31.328 ; Acc: 36.523
2018-09-19 14:09:47,874:INFO: [TRAIN] Step: 320 ; Loss: 27.682 ; Acc: 36.526
2018-09-19 14:09:47,957:INFO: [TRAIN] Step: 321 ; Loss: 29.292 ; Acc: 36.530
2018-09-19 14:09:48,032:INFO: [TRAIN] Step: 322 ; Loss: 25.848 ; Acc: 36.558
2018-09-19 14:09:48,114:INFO: [TRAIN] Step: 323 ; Loss: 26.266 ; Acc: 36.510
2018-09-19 14:09:48,191:INFO: [TRAIN] Step: 324 ; Loss: 29.289 ; Acc: 36.513
2018-09-19 14:09:48,271:INFO: [TRAIN] Step: 325 ; Loss: 26.229 ; Acc: 36.580
2018-09-19 14:09:48,344:INFO: [TRAIN] Step: 326 ; Loss: 24.927 ; Acc: 36.621
2018-09-19 14:09:48,429:INFO: [TRAIN] Step: 327 ; Loss: 26.366 ; Acc: 36.687
2018-09-19 14:09:48,511:INFO: [TRAIN] Step: 328 ; Loss: 28.861 ; Acc: 36.639
2018-09-19 14:09:48,593:INFO: [TRAIN] Step: 329 ; Loss: 26.268 ; Acc: 36.654
2018-09-19 14:09:48,675:INFO: [TRAIN] Step: 330 ; Loss: 28.535 ; Acc: 36.669
2018-09-19 14:09:48,756:INFO: [TRAIN] Step: 331 ; Loss: 31.451 ; Acc: 36.672
2018-09-19 14:09:48,829:INFO: [TRAIN] Step: 332 ; Loss: 26.530 ; Acc: 36.687
2018-09-19 14:09:48,911:INFO: [TRAIN] Step: 333 ; Loss: 26.038 ; Acc: 36.714
2018-09-19 14:09:48,983:INFO: [TRAIN] Step: 334 ; Loss: 29.993 ; Acc: 36.716
2018-09-19 14:09:49,064:INFO: [TRAIN] Step: 335 ; Loss: 23.420 ; Acc: 36.731
2018-09-19 14:09:49,138:INFO: [TRAIN] Step: 336 ; Loss: 24.274 ; Acc: 36.771
2018-09-19 14:09:49,218:INFO: [TRAIN] Step: 337 ; Loss: 24.933 ; Acc: 36.748
2018-09-19 14:09:49,293:INFO: [TRAIN] Step: 338 ; Loss: 26.251 ; Acc: 36.787
2018-09-19 14:09:49,376:INFO: [TRAIN] Step: 339 ; Loss: 28.159 ; Acc: 36.814
2018-09-19 14:09:49,454:INFO: [TRAIN] Step: 340 ; Loss: 25.913 ; Acc: 36.840
2018-09-19 14:09:49,536:INFO: [TRAIN] Step: 341 ; Loss: 29.569 ; Acc: 36.854
2018-09-19 14:09:49,610:INFO: [TRAIN] Step: 342 ; Loss: 32.227 ; Acc: 36.808
2018-09-19 14:09:49,693:INFO: [TRAIN] Step: 343 ; Loss: 29.650 ; Acc: 36.785
2018-09-19 14:09:49,767:INFO: [TRAIN] Step: 344 ; Loss: 31.378 ; Acc: 36.751
2018-09-19 14:09:49,849:INFO: [TRAIN] Step: 345 ; Loss: 27.661 ; Acc: 36.741
2018-09-19 14:09:49,923:INFO: [TRAIN] Step: 346 ; Loss: 30.354 ; Acc: 36.720
2018-09-19 14:09:50,004:INFO: [TRAIN] Step: 347 ; Loss: 29.483 ; Acc: 36.782
2018-09-19 14:09:50,076:INFO: [TRAIN] Step: 348 ; Loss: 25.174 ; Acc: 36.796
2018-09-19 14:09:50,158:INFO: [TRAIN] Step: 349 ; Loss: 31.742 ; Acc: 36.786
2018-09-19 14:09:50,230:INFO: [TRAIN] Step: 350 ; Loss: 24.256 ; Acc: 36.811
2018-09-19 14:09:50,310:INFO: [TRAIN] Step: 351 ; Loss: 30.419 ; Acc: 36.802
2018-09-19 14:09:50,386:INFO: [TRAIN] Step: 352 ; Loss: 32.690 ; Acc: 36.780
2018-09-19 14:09:50,466:INFO: [TRAIN] Step: 353 ; Loss: 28.558 ; Acc: 36.794
2018-09-19 14:09:50,539:INFO: [TRAIN] Step: 354 ; Loss: 27.441 ; Acc: 36.819
2018-09-19 14:09:50,622:INFO: [TRAIN] Step: 355 ; Loss: 28.505 ; Acc: 36.833
2018-09-19 14:09:50,694:INFO: [TRAIN] Step: 356 ; Loss: 28.000 ; Acc: 36.823
2018-09-19 14:09:50,775:INFO: [TRAIN] Step: 357 ; Loss: 28.805 ; Acc: 36.848
2018-09-19 14:09:50,852:INFO: [TRAIN] Step: 358 ; Loss: 29.962 ; Acc: 36.804
2018-09-19 14:09:50,935:INFO: [TRAIN] Step: 359 ; Loss: 28.761 ; Acc: 36.806
2018-09-19 14:09:51,008:INFO: [TRAIN] Step: 360 ; Loss: 27.470 ; Acc: 36.773
2018-09-19 14:09:51,090:INFO: [TRAIN] Step: 361 ; Loss: 28.423 ; Acc: 36.786
2018-09-19 14:09:51,165:INFO: [TRAIN] Step: 362 ; Loss: 30.223 ; Acc: 36.811
2018-09-19 14:09:51,247:INFO: [TRAIN] Step: 363 ; Loss: 25.466 ; Acc: 36.825
2018-09-19 14:09:51,321:INFO: [TRAIN] Step: 364 ; Loss: 26.301 ; Acc: 36.872
2018-09-19 14:09:51,403:INFO: [TRAIN] Step: 365 ; Loss: 28.513 ; Acc: 36.862
2018-09-19 14:09:51,477:INFO: [TRAIN] Step: 366 ; Loss: 29.713 ; Acc: 36.876
2018-09-19 14:09:51,558:INFO: [TRAIN] Step: 367 ; Loss: 28.692 ; Acc: 36.889
2018-09-19 14:09:51,632:INFO: [TRAIN] Step: 368 ; Loss: 31.698 ; Acc: 36.868
2018-09-19 14:09:51,715:INFO: [TRAIN] Step: 369 ; Loss: 30.636 ; Acc: 36.869
2018-09-19 14:09:51,788:INFO: [TRAIN] Step: 370 ; Loss: 26.794 ; Acc: 36.916
2018-09-19 14:09:51,870:INFO: [TRAIN] Step: 371 ; Loss: 30.745 ; Acc: 36.962
2018-09-19 14:09:51,944:INFO: [TRAIN] Step: 372 ; Loss: 27.071 ; Acc: 36.964
2018-09-19 14:09:52,025:INFO: [TRAIN] Step: 373 ; Loss: 27.177 ; Acc: 36.965
2018-09-19 14:09:52,099:INFO: [TRAIN] Step: 374 ; Loss: 26.407 ; Acc: 36.933
2018-09-19 14:09:52,179:INFO: [TRAIN] Step: 375 ; Loss: 32.587 ; Acc: 36.879
2018-09-19 14:09:52,253:INFO: [TRAIN] Step: 376 ; Loss: 33.345 ; Acc: 36.881
2018-09-19 14:09:52,335:INFO: [TRAIN] Step: 377 ; Loss: 29.514 ; Acc: 36.828
2018-09-19 14:09:52,407:INFO: [TRAIN] Step: 378 ; Loss: 27.093 ; Acc: 36.851
2018-09-19 14:09:52,488:INFO: [TRAIN] Step: 379 ; Loss: 24.558 ; Acc: 36.842
2018-09-19 14:09:52,562:INFO: [TRAIN] Step: 380 ; Loss: 26.449 ; Acc: 36.844
2018-09-19 14:09:52,644:INFO: [TRAIN] Step: 381 ; Loss: 28.228 ; Acc: 36.846
2018-09-19 14:09:52,718:INFO: [TRAIN] Step: 382 ; Loss: 29.293 ; Acc: 36.782
2018-09-19 14:09:52,802:INFO: [TRAIN] Step: 383 ; Loss: 27.338 ; Acc: 36.806
2018-09-19 14:09:52,876:INFO: [TRAIN] Step: 384 ; Loss: 27.799 ; Acc: 36.829
2018-09-19 14:09:52,956:INFO: [TRAIN] Step: 385 ; Loss: 30.292 ; Acc: 36.863
2018-09-19 14:09:53,031:INFO: [TRAIN] Step: 386 ; Loss: 29.764 ; Acc: 36.876
2018-09-19 14:09:53,112:INFO: [TRAIN] Step: 387 ; Loss: 30.809 ; Acc: 36.866
2018-09-19 14:09:53,184:INFO: [TRAIN] Step: 388 ; Loss: 27.127 ; Acc: 36.868
2018-09-19 14:09:53,267:INFO: [TRAIN] Step: 389 ; Loss: 28.611 ; Acc: 36.902
2018-09-19 14:09:53,340:INFO: [TRAIN] Step: 390 ; Loss: 27.324 ; Acc: 36.882
2018-09-19 14:09:53,422:INFO: [TRAIN] Step: 391 ; Loss: 26.843 ; Acc: 36.894
2018-09-19 14:09:53,496:INFO: [TRAIN] Step: 392 ; Loss: 29.355 ; Acc: 36.853
2018-09-19 14:09:53,576:INFO: [TRAIN] Step: 393 ; Loss: 25.112 ; Acc: 36.865
2018-09-19 14:09:53,652:INFO: [TRAIN] Step: 394 ; Loss: 26.928 ; Acc: 36.909
2018-09-19 14:09:53,734:INFO: [TRAIN] Step: 395 ; Loss: 25.517 ; Acc: 36.932
2018-09-19 14:09:53,809:INFO: [TRAIN] Step: 396 ; Loss: 26.342 ; Acc: 36.954
2018-09-19 14:09:53,891:INFO: [TRAIN] Step: 397 ; Loss: 27.449 ; Acc: 37.029
2018-09-19 14:09:53,967:INFO: [TRAIN] Step: 398 ; Loss: 25.618 ; Acc: 37.051
2018-09-19 14:09:54,051:INFO: [TRAIN] Step: 399 ; Loss: 28.718 ; Acc: 37.052
2018-09-19 14:09:54,129:INFO: [TRAIN] Step: 400 ; Loss: 26.348 ; Acc: 37.074
2018-09-19 14:09:54,212:INFO: [TRAIN] Step: 401 ; Loss: 30.053 ; Acc: 37.085
2018-09-19 14:09:54,285:INFO: [TRAIN] Step: 402 ; Loss: 28.858 ; Acc: 37.076
2018-09-19 14:09:54,366:INFO: [TRAIN] Step: 403 ; Loss: 25.152 ; Acc: 37.098
2018-09-19 14:09:54,442:INFO: [TRAIN] Step: 404 ; Loss: 31.670 ; Acc: 37.088
2018-09-19 14:09:54,522:INFO: [TRAIN] Step: 405 ; Loss: 29.708 ; Acc: 37.089
2018-09-19 14:09:54,596:INFO: [TRAIN] Step: 406 ; Loss: 30.496 ; Acc: 37.101
2018-09-19 14:09:54,679:INFO: [TRAIN] Step: 407 ; Loss: 30.431 ; Acc: 37.081
2018-09-19 14:09:54,750:INFO: [TRAIN] Step: 408 ; Loss: 25.705 ; Acc: 37.093
2018-09-19 14:09:54,831:INFO: [TRAIN] Step: 409 ; Loss: 25.698 ; Acc: 37.134
2018-09-19 14:09:54,904:INFO: [TRAIN] Step: 410 ; Loss: 30.710 ; Acc: 37.115
2018-09-19 14:09:55,007:INFO: [TRAIN] Step: 411 ; Loss: 25.113 ; Acc: 37.146
2018-09-19 14:09:55,082:INFO: [TRAIN] Step: 412 ; Loss: 29.635 ; Acc: 37.147
2018-09-19 14:09:55,164:INFO: [TRAIN] Step: 413 ; Loss: 23.955 ; Acc: 37.208
2018-09-19 14:09:55,238:INFO: [TRAIN] Step: 414 ; Loss: 29.840 ; Acc: 37.179
2018-09-19 14:09:55,320:INFO: [TRAIN] Step: 415 ; Loss: 25.143 ; Acc: 37.169
2018-09-19 14:09:55,395:INFO: [TRAIN] Step: 416 ; Loss: 28.432 ; Acc: 37.200
2018-09-19 14:09:55,478:INFO: [TRAIN] Step: 417 ; Loss: 24.619 ; Acc: 37.221
2018-09-19 14:09:55,551:INFO: [TRAIN] Step: 418 ; Loss: 29.530 ; Acc: 37.182
2018-09-19 14:09:55,633:INFO: [TRAIN] Step: 419 ; Loss: 28.333 ; Acc: 37.153
2018-09-19 14:09:55,705:INFO: [TRAIN] Step: 420 ; Loss: 25.633 ; Acc: 37.193
2018-09-19 14:09:55,788:INFO: [TRAIN] Step: 421 ; Loss: 29.220 ; Acc: 37.214
2018-09-19 14:09:55,863:INFO: [TRAIN] Step: 422 ; Loss: 29.590 ; Acc: 37.204
2018-09-19 14:09:55,945:INFO: [TRAIN] Step: 423 ; Loss: 27.541 ; Acc: 37.195
2018-09-19 14:09:56,019:INFO: [TRAIN] Step: 424 ; Loss: 27.355 ; Acc: 37.196
2018-09-19 14:09:56,099:INFO: [TRAIN] Step: 425 ; Loss: 29.503 ; Acc: 37.158
2018-09-19 14:09:56,173:INFO: [TRAIN] Step: 426 ; Loss: 27.210 ; Acc: 37.178
2018-09-19 14:09:56,257:INFO: [TRAIN] Step: 427 ; Loss: 27.480 ; Acc: 37.188
2018-09-19 14:09:56,331:INFO: [TRAIN] Step: 428 ; Loss: 31.567 ; Acc: 37.170
2018-09-19 14:09:56,412:INFO: [TRAIN] Step: 429 ; Loss: 27.005 ; Acc: 37.209
2018-09-19 14:09:56,486:INFO: [TRAIN] Step: 430 ; Loss: 29.866 ; Acc: 37.210
2018-09-19 14:09:56,566:INFO: [TRAIN] Step: 431 ; Loss: 26.252 ; Acc: 37.182
2018-09-19 14:09:56,638:INFO: [TRAIN] Step: 432 ; Loss: 25.829 ; Acc: 37.182
2018-09-19 14:09:56,719:INFO: [TRAIN] Step: 433 ; Loss: 34.721 ; Acc: 37.135
2018-09-19 14:09:56,794:INFO: [TRAIN] Step: 434 ; Loss: 21.947 ; Acc: 37.184
2018-09-19 14:09:56,879:INFO: [TRAIN] Step: 435 ; Loss: 29.502 ; Acc: 37.194
2018-09-19 14:09:56,951:INFO: [TRAIN] Step: 436 ; Loss: 28.721 ; Acc: 37.223
2018-09-19 14:09:57,035:INFO: [TRAIN] Step: 437 ; Loss: 28.815 ; Acc: 37.215
2018-09-19 14:09:57,108:INFO: [TRAIN] Step: 438 ; Loss: 28.836 ; Acc: 37.206
2018-09-19 14:09:57,191:INFO: [TRAIN] Step: 439 ; Loss: 30.588 ; Acc: 37.216
2018-09-19 14:09:57,263:INFO: [TRAIN] Step: 440 ; Loss: 28.216 ; Acc: 37.226
2018-09-19 14:09:57,346:INFO: [TRAIN] Step: 441 ; Loss: 28.991 ; Acc: 37.245
2018-09-19 14:09:57,421:INFO: [TRAIN] Step: 442 ; Loss: 27.699 ; Acc: 37.227
2018-09-19 14:09:57,503:INFO: [TRAIN] Step: 443 ; Loss: 22.837 ; Acc: 37.247
2018-09-19 14:09:57,576:INFO: [TRAIN] Step: 444 ; Loss: 27.500 ; Acc: 37.266
2018-09-19 14:09:57,661:INFO: [TRAIN] Step: 445 ; Loss: 27.104 ; Acc: 37.294
2018-09-19 14:09:57,734:INFO: [TRAIN] Step: 446 ; Loss: 26.802 ; Acc: 37.314
2018-09-19 14:09:57,814:INFO: [TRAIN] Step: 447 ; Loss: 24.624 ; Acc: 37.351
2018-09-19 14:09:57,888:INFO: [TRAIN] Step: 448 ; Loss: 26.149 ; Acc: 37.361
2018-09-19 14:09:57,969:INFO: [TRAIN] Step: 449 ; Loss: 27.928 ; Acc: 37.370
2018-09-19 14:09:58,042:INFO: [TRAIN] Step: 450 ; Loss: 27.533 ; Acc: 37.380
2018-09-19 14:09:58,125:INFO: [TRAIN] Step: 451 ; Loss: 25.028 ; Acc: 37.408
2018-09-19 14:09:58,203:INFO: [TRAIN] Step: 452 ; Loss: 25.445 ; Acc: 37.436
2018-09-19 14:09:58,287:INFO: [TRAIN] Step: 453 ; Loss: 30.999 ; Acc: 37.417
2018-09-19 14:09:58,360:INFO: [TRAIN] Step: 454 ; Loss: 27.310 ; Acc: 37.427
2018-09-19 14:09:58,443:INFO: [TRAIN] Step: 455 ; Loss: 29.730 ; Acc: 37.418
2018-09-19 14:09:58,516:INFO: [TRAIN] Step: 456 ; Loss: 30.934 ; Acc: 37.418
2018-09-19 14:09:58,597:INFO: [TRAIN] Step: 457 ; Loss: 24.359 ; Acc: 37.427
2018-09-19 14:09:58,671:INFO: [TRAIN] Step: 458 ; Loss: 28.571 ; Acc: 37.436
2018-09-19 14:09:58,754:INFO: [TRAIN] Step: 459 ; Loss: 28.300 ; Acc: 37.473
2018-09-19 14:09:58,827:INFO: [TRAIN] Step: 460 ; Loss: 27.829 ; Acc: 37.491
2018-09-19 14:09:58,908:INFO: [TRAIN] Step: 461 ; Loss: 26.258 ; Acc: 37.491
2018-09-19 14:09:58,983:INFO: [TRAIN] Step: 462 ; Loss: 27.112 ; Acc: 37.509
2018-09-19 14:09:59,065:INFO: [TRAIN] Step: 463 ; Loss: 27.776 ; Acc: 37.536
2018-09-19 14:09:59,137:INFO: [TRAIN] Step: 464 ; Loss: 27.575 ; Acc: 37.581
2018-09-19 14:09:59,218:INFO: [TRAIN] Step: 465 ; Loss: 28.266 ; Acc: 37.589
2018-09-19 14:09:59,291:INFO: [TRAIN] Step: 466 ; Loss: 28.004 ; Acc: 37.554
2018-09-19 14:09:59,374:INFO: [TRAIN] Step: 467 ; Loss: 28.927 ; Acc: 37.562
2018-09-19 14:09:59,447:INFO: [TRAIN] Step: 468 ; Loss: 27.475 ; Acc: 37.553
2018-09-19 14:09:59,529:INFO: [TRAIN] Step: 469 ; Loss: 28.578 ; Acc: 37.562
2018-09-19 14:09:59,603:INFO: [TRAIN] Step: 470 ; Loss: 25.755 ; Acc: 37.580
2018-09-19 14:09:59,685:INFO: [TRAIN] Step: 471 ; Loss: 27.773 ; Acc: 37.588
2018-09-19 14:09:59,759:INFO: [TRAIN] Step: 472 ; Loss: 33.119 ; Acc: 37.562
2018-09-19 14:09:59,841:INFO: [TRAIN] Step: 473 ; Loss: 32.402 ; Acc: 37.562
2018-09-19 14:09:59,915:INFO: [TRAIN] Step: 474 ; Loss: 25.987 ; Acc: 37.544
2018-09-19 14:09:59,998:INFO: [TRAIN] Step: 475 ; Loss: 28.907 ; Acc: 37.561
2018-09-19 14:10:00,073:INFO: [TRAIN] Step: 476 ; Loss: 30.688 ; Acc: 37.570
2018-09-19 14:10:00,155:INFO: [TRAIN] Step: 477 ; Loss: 29.694 ; Acc: 37.561
2018-09-19 14:10:00,227:INFO: [TRAIN] Step: 478 ; Loss: 29.334 ; Acc: 37.578
2018-09-19 14:10:00,309:INFO: [TRAIN] Step: 479 ; Loss: 26.126 ; Acc: 37.595
2018-09-19 14:10:00,383:INFO: [TRAIN] Step: 480 ; Loss: 33.688 ; Acc: 37.569
2018-09-19 14:10:00,464:INFO: [TRAIN] Step: 481 ; Loss: 26.371 ; Acc: 37.604
2018-09-19 14:10:00,536:INFO: [TRAIN] Step: 482 ; Loss: 25.966 ; Acc: 37.612
2018-09-19 14:10:00,619:INFO: [TRAIN] Step: 483 ; Loss: 24.815 ; Acc: 37.629
2018-09-19 14:10:00,692:INFO: [TRAIN] Step: 484 ; Loss: 31.394 ; Acc: 37.620
2018-09-19 14:10:00,775:INFO: [TRAIN] Step: 485 ; Loss: 24.344 ; Acc: 37.611
2018-09-19 14:10:00,848:INFO: [TRAIN] Step: 486 ; Loss: 32.534 ; Acc: 37.577
2018-09-19 14:10:00,931:INFO: [TRAIN] Step: 487 ; Loss: 26.085 ; Acc: 37.560
2018-09-19 14:10:01,008:INFO: [TRAIN] Step: 488 ; Loss: 27.997 ; Acc: 37.577
2018-09-19 14:10:01,092:INFO: [TRAIN] Step: 489 ; Loss: 29.560 ; Acc: 37.577
2018-09-19 14:10:01,165:INFO: [TRAIN] Step: 490 ; Loss: 25.266 ; Acc: 37.610
2018-09-19 14:10:01,250:INFO: [TRAIN] Step: 491 ; Loss: 26.036 ; Acc: 37.602
2018-09-19 14:10:01,324:INFO: [TRAIN] Step: 492 ; Loss: 29.813 ; Acc: 37.576
2018-09-19 14:10:01,405:INFO: [TRAIN] Step: 493 ; Loss: 29.639 ; Acc: 37.576
2018-09-19 14:10:01,479:INFO: [TRAIN] Step: 494 ; Loss: 27.502 ; Acc: 37.576
2018-09-19 14:10:01,564:INFO: [TRAIN] Step: 495 ; Loss: 25.749 ; Acc: 37.618
2018-09-19 14:10:01,639:INFO: [TRAIN] Step: 496 ; Loss: 29.410 ; Acc: 37.609
2018-09-19 14:10:01,720:INFO: [TRAIN] Step: 497 ; Loss: 24.785 ; Acc: 37.634
2018-09-19 14:10:01,794:INFO: [TRAIN] Step: 498 ; Loss: 28.656 ; Acc: 37.634
2018-09-19 14:10:01,874:INFO: [TRAIN] Step: 499 ; Loss: 31.664 ; Acc: 37.633
2018-09-19 14:10:01,947:INFO: [TRAIN] Step: 500 ; Loss: 27.411 ; Acc: 37.650
2018-09-19 14:10:02,033:INFO: [TRAIN] Step: 501 ; Loss: 30.978 ; Acc: 37.674
2018-09-19 14:10:02,113:INFO: [TRAIN] Step: 502 ; Loss: 31.739 ; Acc: 37.633
2018-09-19 14:10:02,196:INFO: [TRAIN] Step: 503 ; Loss: 26.468 ; Acc: 37.649
2018-09-19 14:10:02,269:INFO: [TRAIN] Step: 504 ; Loss: 25.275 ; Acc: 37.649
2018-09-19 14:10:02,352:INFO: [TRAIN] Step: 505 ; Loss: 26.200 ; Acc: 37.673
2018-09-19 14:10:02,429:INFO: [TRAIN] Step: 506 ; Loss: 30.204 ; Acc: 37.673
2018-09-19 14:10:02,513:INFO: [TRAIN] Step: 507 ; Loss: 25.421 ; Acc: 37.689
2018-09-19 14:10:02,585:INFO: [TRAIN] Step: 508 ; Loss: 30.107 ; Acc: 37.680
2018-09-19 14:10:02,667:INFO: [TRAIN] Step: 509 ; Loss: 25.030 ; Acc: 37.688
2018-09-19 14:10:02,741:INFO: [TRAIN] Step: 510 ; Loss: 25.350 ; Acc: 37.712
2018-09-19 14:10:02,822:INFO: [TRAIN] Step: 511 ; Loss: 27.429 ; Acc: 37.744
2018-09-19 14:10:02,897:INFO: [TRAIN] Step: 512 ; Loss: 30.931 ; Acc: 37.768
2018-09-19 14:10:02,978:INFO: [TRAIN] Step: 513 ; Loss: 28.147 ; Acc: 37.776
2018-09-19 14:10:03,053:INFO: [TRAIN] Step: 514 ; Loss: 28.157 ; Acc: 37.775
2018-09-19 14:10:03,136:INFO: [TRAIN] Step: 515 ; Loss: 25.907 ; Acc: 37.791
2018-09-19 14:10:03,209:INFO: [TRAIN] Step: 516 ; Loss: 24.675 ; Acc: 37.806
2018-09-19 14:10:03,291:INFO: [TRAIN] Step: 517 ; Loss: 29.361 ; Acc: 37.822
2018-09-19 14:10:03,364:INFO: [TRAIN] Step: 518 ; Loss: 27.147 ; Acc: 37.805
2018-09-19 14:10:03,447:INFO: [TRAIN] Step: 519 ; Loss: 28.232 ; Acc: 37.821
2018-09-19 14:10:03,521:INFO: [TRAIN] Step: 520 ; Loss: 29.788 ; Acc: 37.820
2018-09-19 14:10:03,602:INFO: [TRAIN] Step: 521 ; Loss: 28.904 ; Acc: 37.787
2018-09-19 14:10:03,674:INFO: [TRAIN] Step: 522 ; Loss: 27.733 ; Acc: 37.803
2018-09-19 14:10:03,757:INFO: [TRAIN] Step: 523 ; Loss: 30.086 ; Acc: 37.794
2018-09-19 14:10:03,828:INFO: [TRAIN] Step: 524 ; Loss: 30.144 ; Acc: 37.817
2018-09-19 14:10:03,910:INFO: [TRAIN] Step: 525 ; Loss: 26.636 ; Acc: 37.833
2018-09-19 14:10:03,984:INFO: [TRAIN] Step: 526 ; Loss: 22.724 ; Acc: 37.864
2018-09-19 14:10:04,065:INFO: [TRAIN] Step: 527 ; Loss: 27.870 ; Acc: 37.879
2018-09-19 14:10:04,139:INFO: [TRAIN] Step: 528 ; Loss: 32.794 ; Acc: 37.910
2018-09-19 14:10:04,223:INFO: [TRAIN] Step: 529 ; Loss: 26.811 ; Acc: 37.869
2018-09-19 14:10:04,296:INFO: [TRAIN] Step: 530 ; Loss: 29.831 ; Acc: 37.877
2018-09-19 14:10:04,379:INFO: [TRAIN] Step: 531 ; Loss: 31.698 ; Acc: 37.860
2018-09-19 14:10:04,451:INFO: [TRAIN] Step: 532 ; Loss: 27.106 ; Acc: 37.836
2018-09-19 14:10:04,532:INFO: [TRAIN] Step: 533 ; Loss: 25.555 ; Acc: 37.843
2018-09-19 14:10:04,606:INFO: [TRAIN] Step: 534 ; Loss: 27.289 ; Acc: 37.843
2018-09-19 14:10:04,687:INFO: [TRAIN] Step: 535 ; Loss: 30.096 ; Acc: 37.842
2018-09-19 14:10:04,762:INFO: [TRAIN] Step: 536 ; Loss: 27.628 ; Acc: 37.841
2018-09-19 14:10:04,843:INFO: [TRAIN] Step: 537 ; Loss: 28.950 ; Acc: 37.841
2018-09-19 14:10:04,918:INFO: [TRAIN] Step: 538 ; Loss: 26.551 ; Acc: 37.856
2018-09-19 14:10:05,001:INFO: [TRAIN] Step: 539 ; Loss: 26.654 ; Acc: 37.824
2018-09-19 14:10:05,077:INFO: [TRAIN] Step: 540 ; Loss: 28.307 ; Acc: 37.823
2018-09-19 14:10:05,166:INFO: [TRAIN] Step: 541 ; Loss: 30.085 ; Acc: 37.823
2018-09-19 14:10:05,253:INFO: [TRAIN] Step: 542 ; Loss: 26.027 ; Acc: 37.838
2018-09-19 14:10:05,337:INFO: [TRAIN] Step: 543 ; Loss: 29.904 ; Acc: 37.814
2018-09-19 14:10:05,414:INFO: [TRAIN] Step: 544 ; Loss: 27.652 ; Acc: 37.813
2018-09-19 14:10:05,495:INFO: [TRAIN] Step: 545 ; Loss: 28.611 ; Acc: 37.828
2018-09-19 14:10:05,569:INFO: [TRAIN] Step: 546 ; Loss: 33.090 ; Acc: 37.789
2018-09-19 14:10:05,651:INFO: [TRAIN] Step: 547 ; Loss: 26.380 ; Acc: 37.797
2018-09-19 14:10:05,727:INFO: [TRAIN] Step: 548 ; Loss: 26.510 ; Acc: 37.819
2018-09-19 14:10:05,830:INFO: [TRAIN] Step: 549 ; Loss: 25.981 ; Acc: 37.848
2018-09-19 14:10:05,918:INFO: [TRAIN] Step: 550 ; Loss: 24.227 ; Acc: 37.848
2018-09-19 14:10:06,001:INFO: [TRAIN] Step: 551 ; Loss: 27.292 ; Acc: 37.870
2018-09-19 14:10:06,081:INFO: [TRAIN] Step: 552 ; Loss: 28.188 ; Acc: 37.869
2018-09-19 14:10:06,164:INFO: [TRAIN] Step: 553 ; Loss: 26.774 ; Acc: 37.869
2018-09-19 14:10:06,236:INFO: [TRAIN] Step: 554 ; Loss: 28.386 ; Acc: 37.860
2018-09-19 14:10:06,318:INFO: [TRAIN] Step: 555 ; Loss: 29.046 ; Acc: 37.867
2018-09-19 14:10:06,391:INFO: [TRAIN] Step: 556 ; Loss: 27.076 ; Acc: 37.904
2018-09-19 14:10:06,478:INFO: [TRAIN] Step: 557 ; Loss: 26.883 ; Acc: 37.918
2018-09-19 14:10:06,552:INFO: [TRAIN] Step: 558 ; Loss: 24.809 ; Acc: 37.932
2018-09-19 14:10:06,635:INFO: [TRAIN] Step: 559 ; Loss: 30.144 ; Acc: 37.917
2018-09-19 14:10:06,707:INFO: [TRAIN] Step: 560 ; Loss: 24.203 ; Acc: 37.931
2018-09-19 14:10:06,788:INFO: [TRAIN] Step: 561 ; Loss: 25.636 ; Acc: 37.945
2018-09-19 14:10:06,861:INFO: [TRAIN] Step: 562 ; Loss: 28.236 ; Acc: 37.937
2018-09-19 14:10:06,941:INFO: [TRAIN] Step: 563 ; Loss: 25.800 ; Acc: 37.965
2018-09-19 14:10:07,015:INFO: [TRAIN] Step: 564 ; Loss: 30.712 ; Acc: 37.965
2018-09-19 14:10:07,121:INFO: [TRAIN] Step: 565 ; Loss: 23.743 ; Acc: 37.993
2018-09-19 14:10:07,201:INFO: [TRAIN] Step: 566 ; Loss: 27.808 ; Acc: 38.014
2018-09-19 14:10:07,300:INFO: [TRAIN] Step: 567 ; Loss: 24.314 ; Acc: 38.058
2018-09-19 14:10:07,380:INFO: [TRAIN] Step: 568 ; Loss: 27.955 ; Acc: 38.057
2018-09-19 14:10:07,470:INFO: [TRAIN] Step: 569 ; Loss: 26.857 ; Acc: 38.077
2018-09-19 14:10:07,556:INFO: [TRAIN] Step: 570 ; Loss: 26.537 ; Acc: 38.113
2018-09-19 14:10:07,652:INFO: [TRAIN] Step: 571 ; Loss: 26.225 ; Acc: 38.105
2018-09-19 14:10:07,726:INFO: [TRAIN] Step: 572 ; Loss: 27.272 ; Acc: 38.118
2018-09-19 14:10:07,808:INFO: [TRAIN] Step: 573 ; Loss: 29.436 ; Acc: 38.117
2018-09-19 14:10:07,887:INFO: [TRAIN] Step: 574 ; Loss: 24.702 ; Acc: 38.145
2018-09-19 14:10:07,966:INFO: [TRAIN] Step: 575 ; Loss: 25.520 ; Acc: 38.158
2018-09-19 14:10:08,042:INFO: [TRAIN] Step: 576 ; Loss: 27.198 ; Acc: 38.157
2018-09-19 14:10:08,123:INFO: [TRAIN] Step: 577 ; Loss: 25.905 ; Acc: 38.156
2018-09-19 14:10:08,197:INFO: [TRAIN] Step: 578 ; Loss: 27.935 ; Acc: 38.176
2018-09-19 14:10:08,280:INFO: [TRAIN] Step: 579 ; Loss: 22.427 ; Acc: 38.218
2018-09-19 14:10:08,353:INFO: [TRAIN] Step: 580 ; Loss: 24.639 ; Acc: 38.246
2018-09-19 14:10:08,434:INFO: [TRAIN] Step: 581 ; Loss: 27.504 ; Acc: 38.237
2018-09-19 14:10:08,521:INFO: [TRAIN] Step: 582 ; Loss: 25.526 ; Acc: 38.236
2018-09-19 14:10:08,607:INFO: [TRAIN] Step: 583 ; Loss: 26.336 ; Acc: 38.249
2018-09-19 14:10:08,680:INFO: [TRAIN] Step: 584 ; Loss: 31.185 ; Acc: 38.212
2018-09-19 14:10:08,768:INFO: [TRAIN] Step: 585 ; Loss: 25.952 ; Acc: 38.232
2018-09-19 14:10:08,847:INFO: [TRAIN] Step: 586 ; Loss: 28.994 ; Acc: 38.217
2018-09-19 14:10:08,931:INFO: [TRAIN] Step: 587 ; Loss: 22.845 ; Acc: 38.223
2018-09-19 14:10:09,006:INFO: [TRAIN] Step: 588 ; Loss: 28.521 ; Acc: 38.222
2018-09-19 14:10:09,088:INFO: [TRAIN] Step: 589 ; Loss: 24.836 ; Acc: 38.227
2018-09-19 14:10:09,166:INFO: [TRAIN] Step: 590 ; Loss: 25.371 ; Acc: 38.233
2018-09-19 14:10:09,261:INFO: [TRAIN] Step: 591 ; Loss: 25.791 ; Acc: 38.260
2018-09-19 14:10:09,334:INFO: [TRAIN] Step: 592 ; Loss: 28.123 ; Acc: 38.252
2018-09-19 14:10:09,416:INFO: [TRAIN] Step: 593 ; Loss: 27.229 ; Acc: 38.258
2018-09-19 14:10:09,491:INFO: [TRAIN] Step: 594 ; Loss: 26.656 ; Acc: 38.298
2018-09-19 14:10:09,572:INFO: [TRAIN] Step: 595 ; Loss: 27.412 ; Acc: 38.311
2018-09-19 14:10:09,645:INFO: [TRAIN] Step: 596 ; Loss: 26.381 ; Acc: 38.310
2018-09-19 14:10:09,728:INFO: [TRAIN] Step: 597 ; Loss: 29.419 ; Acc: 38.322
2018-09-19 14:10:09,802:INFO: [TRAIN] Step: 598 ; Loss: 25.883 ; Acc: 38.321
2018-09-19 14:10:09,884:INFO: [TRAIN] Step: 599 ; Loss: 29.379 ; Acc: 38.347
2018-09-19 14:10:09,958:INFO: [TRAIN] Step: 600 ; Loss: 24.595 ; Acc: 38.374
2018-09-19 14:10:10,047:INFO: [TRAIN] Step: 601 ; Loss: 27.050 ; Acc: 38.400
2018-09-19 14:10:10,119:INFO: [TRAIN] Step: 602 ; Loss: 27.002 ; Acc: 38.405
2018-09-19 14:10:10,199:INFO: [TRAIN] Step: 603 ; Loss: 24.753 ; Acc: 38.424
2018-09-19 14:10:10,272:INFO: [TRAIN] Step: 604 ; Loss: 27.850 ; Acc: 38.471
2018-09-19 14:10:10,353:INFO: [TRAIN] Step: 605 ; Loss: 26.655 ; Acc: 38.476
2018-09-19 14:10:10,426:INFO: [TRAIN] Step: 606 ; Loss: 30.717 ; Acc: 38.468
2018-09-19 14:10:10,507:INFO: [TRAIN] Step: 607 ; Loss: 23.991 ; Acc: 38.473
2018-09-19 14:10:10,585:INFO: [TRAIN] Step: 608 ; Loss: 23.241 ; Acc: 38.492
2018-09-19 14:10:10,667:INFO: [TRAIN] Step: 609 ; Loss: 27.430 ; Acc: 38.470
2018-09-19 14:10:10,740:INFO: [TRAIN] Step: 610 ; Loss: 24.524 ; Acc: 38.496
2018-09-19 14:10:10,822:INFO: [TRAIN] Step: 611 ; Loss: 25.040 ; Acc: 38.528
2018-09-19 14:10:10,902:INFO: [TRAIN] Step: 612 ; Loss: 25.082 ; Acc: 38.520
2018-09-19 14:10:10,985:INFO: [TRAIN] Step: 613 ; Loss: 28.757 ; Acc: 38.518
2018-09-19 14:10:11,059:INFO: [TRAIN] Step: 614 ; Loss: 26.379 ; Acc: 38.537
2018-09-19 14:10:11,141:INFO: [TRAIN] Step: 615 ; Loss: 28.125 ; Acc: 38.555
2018-09-19 14:10:11,215:INFO: [TRAIN] Step: 616 ; Loss: 29.433 ; Acc: 38.547
2018-09-19 14:10:11,300:INFO: [TRAIN] Step: 617 ; Loss: 29.988 ; Acc: 38.552
2018-09-19 14:10:11,374:INFO: [TRAIN] Step: 618 ; Loss: 26.437 ; Acc: 38.557
2018-09-19 14:10:11,459:INFO: [TRAIN] Step: 619 ; Loss: 28.284 ; Acc: 38.542
2018-09-19 14:10:11,533:INFO: [TRAIN] Step: 620 ; Loss: 25.162 ; Acc: 38.560
2018-09-19 14:10:11,618:INFO: [TRAIN] Step: 621 ; Loss: 31.891 ; Acc: 38.552
2018-09-19 14:10:11,692:INFO: [TRAIN] Step: 622 ; Loss: 30.143 ; Acc: 38.523
2018-09-19 14:10:11,777:INFO: [TRAIN] Step: 623 ; Loss: 27.956 ; Acc: 38.548
2018-09-19 14:10:11,852:INFO: [TRAIN] Step: 624 ; Loss: 25.292 ; Acc: 38.580
2018-09-19 14:10:11,936:INFO: [TRAIN] Step: 625 ; Loss: 27.345 ; Acc: 38.598
2018-09-19 14:10:12,012:INFO: [TRAIN] Step: 626 ; Loss: 30.066 ; Acc: 38.603
2018-09-19 14:10:12,098:INFO: [TRAIN] Step: 627 ; Loss: 25.322 ; Acc: 38.621
2018-09-19 14:10:12,175:INFO: [TRAIN] Step: 628 ; Loss: 24.935 ; Acc: 38.653
2018-09-19 14:10:12,262:INFO: [TRAIN] Step: 629 ; Loss: 27.994 ; Acc: 38.664
2018-09-19 14:10:12,337:INFO: [TRAIN] Step: 630 ; Loss: 29.048 ; Acc: 38.669
2018-09-19 14:10:12,423:INFO: [TRAIN] Step: 631 ; Loss: 25.782 ; Acc: 38.687
2018-09-19 14:10:12,500:INFO: [TRAIN] Step: 632 ; Loss: 32.150 ; Acc: 38.665
2018-09-19 14:10:12,585:INFO: [TRAIN] Step: 633 ; Loss: 26.166 ; Acc: 38.709
2018-09-19 14:10:12,663:INFO: [TRAIN] Step: 634 ; Loss: 24.306 ; Acc: 38.727
2018-09-19 14:10:12,747:INFO: [TRAIN] Step: 635 ; Loss: 27.821 ; Acc: 38.738
2018-09-19 14:10:12,825:INFO: [TRAIN] Step: 636 ; Loss: 27.788 ; Acc: 38.743
2018-09-19 14:10:12,914:INFO: [TRAIN] Step: 637 ; Loss: 27.634 ; Acc: 38.747
2018-09-19 14:10:12,993:INFO: [TRAIN] Step: 638 ; Loss: 29.646 ; Acc: 38.732
2018-09-19 14:10:13,079:INFO: [TRAIN] Step: 639 ; Loss: 26.639 ; Acc: 38.750
2018-09-19 14:10:13,158:INFO: [TRAIN] Step: 640 ; Loss: 30.319 ; Acc: 38.755
2018-09-19 14:10:13,246:INFO: [TRAIN] Step: 641 ; Loss: 25.412 ; Acc: 38.759
2018-09-19 14:10:13,325:INFO: [TRAIN] Step: 642 ; Loss: 28.075 ; Acc: 38.764
2018-09-19 14:10:13,413:INFO: [TRAIN] Step: 643 ; Loss: 26.311 ; Acc: 38.762
2018-09-19 14:10:13,495:INFO: [TRAIN] Step: 644 ; Loss: 26.332 ; Acc: 38.779
2018-09-19 14:10:13,585:INFO: [TRAIN] Step: 645 ; Loss: 25.445 ; Acc: 38.784
2018-09-19 14:10:13,665:INFO: [TRAIN] Step: 646 ; Loss: 25.751 ; Acc: 38.801
2018-09-19 14:10:13,754:INFO: [TRAIN] Step: 647 ; Loss: 26.648 ; Acc: 38.805
2018-09-19 14:10:13,837:INFO: [TRAIN] Step: 648 ; Loss: 25.928 ; Acc: 38.829
2018-09-19 14:10:13,929:INFO: [TRAIN] Step: 649 ; Loss: 26.874 ; Acc: 38.840
2018-09-19 14:10:14,012:INFO: [TRAIN] Step: 650 ; Loss: 25.901 ; Acc: 38.857
2018-09-19 14:10:14,101:INFO: [TRAIN] Step: 651 ; Loss: 30.908 ; Acc: 38.855
2018-09-19 14:10:14,182:INFO: [TRAIN] Step: 652 ; Loss: 28.593 ; Acc: 38.840
2018-09-19 14:10:14,277:INFO: [TRAIN] Step: 653 ; Loss: 27.647 ; Acc: 38.844
2018-09-19 14:10:14,362:INFO: [TRAIN] Step: 654 ; Loss: 27.345 ; Acc: 38.842
2018-09-19 14:10:14,456:INFO: [TRAIN] Step: 655 ; Loss: 31.970 ; Acc: 38.827
2018-09-19 14:10:14,540:INFO: [TRAIN] Step: 656 ; Loss: 26.729 ; Acc: 38.838
2018-09-19 14:10:14,635:INFO: [TRAIN] Step: 657 ; Loss: 27.012 ; Acc: 38.855
2018-09-19 14:10:14,719:INFO: [TRAIN] Step: 658 ; Loss: 28.210 ; Acc: 38.866
2018-09-19 14:10:14,813:INFO: [TRAIN] Step: 659 ; Loss: 26.252 ; Acc: 38.902
2018-09-19 14:10:14,899:INFO: [TRAIN] Step: 660 ; Loss: 27.543 ; Acc: 38.906
2018-09-19 14:10:14,996:INFO: [TRAIN] Step: 661 ; Loss: 23.266 ; Acc: 38.929
2018-09-19 14:10:15,086:INFO: [TRAIN] Step: 662 ; Loss: 23.311 ; Acc: 38.945
2018-09-19 14:10:15,183:INFO: [TRAIN] Step: 663 ; Loss: 24.314 ; Acc: 38.975
2018-09-19 14:10:15,270:INFO: [TRAIN] Step: 664 ; Loss: 28.560 ; Acc: 38.966
2018-09-19 14:10:15,366:INFO: [TRAIN] Step: 665 ; Loss: 28.157 ; Acc: 38.983
2018-09-19 14:10:15,454:INFO: [TRAIN] Step: 666 ; Loss: 28.104 ; Acc: 38.987
2018-09-19 14:10:15,552:INFO: [TRAIN] Step: 667 ; Loss: 23.374 ; Acc: 39.009
2018-09-19 14:10:15,642:INFO: [TRAIN] Step: 668 ; Loss: 27.933 ; Acc: 39.013
2018-09-19 14:10:15,738:INFO: [TRAIN] Step: 669 ; Loss: 26.764 ; Acc: 39.011
2018-09-19 14:10:15,832:INFO: [TRAIN] Step: 670 ; Loss: 25.207 ; Acc: 39.009
2018-09-19 14:10:15,931:INFO: [TRAIN] Step: 671 ; Loss: 26.645 ; Acc: 39.025
2018-09-19 14:10:16,021:INFO: [TRAIN] Step: 672 ; Loss: 26.068 ; Acc: 39.023
2018-09-19 14:10:16,120:INFO: [TRAIN] Step: 673 ; Loss: 28.753 ; Acc: 39.027
2018-09-19 14:10:16,212:INFO: [TRAIN] Step: 674 ; Loss: 24.059 ; Acc: 39.049
2018-09-19 14:10:16,312:INFO: [TRAIN] Step: 675 ; Loss: 25.315 ; Acc: 39.078
2018-09-19 14:10:16,407:INFO: [TRAIN] Step: 676 ; Loss: 23.925 ; Acc: 39.106
2018-09-19 14:10:16,507:INFO: [TRAIN] Step: 677 ; Loss: 25.764 ; Acc: 39.110
2018-09-19 14:10:16,600:INFO: [TRAIN] Step: 678 ; Loss: 32.026 ; Acc: 39.102
2018-09-19 14:10:16,701:INFO: [TRAIN] Step: 679 ; Loss: 30.972 ; Acc: 39.118
2018-09-19 14:10:16,797:INFO: [TRAIN] Step: 680 ; Loss: 22.861 ; Acc: 39.158
2018-09-19 14:10:16,902:INFO: [TRAIN] Step: 681 ; Loss: 30.251 ; Acc: 39.150
2018-09-19 14:10:17,000:INFO: [TRAIN] Step: 682 ; Loss: 26.492 ; Acc: 39.141
2018-09-19 14:10:17,105:INFO: [TRAIN] Step: 683 ; Loss: 28.809 ; Acc: 39.145
2018-09-19 14:10:17,203:INFO: [TRAIN] Step: 684 ; Loss: 22.812 ; Acc: 39.148
2018-09-19 14:10:17,307:INFO: [TRAIN] Step: 685 ; Loss: 28.591 ; Acc: 39.164
2018-09-19 14:10:17,405:INFO: [TRAIN] Step: 686 ; Loss: 28.478 ; Acc: 39.162
2018-09-19 14:10:17,508:INFO: [TRAIN] Step: 687 ; Loss: 27.032 ; Acc: 39.172
2018-09-19 14:10:17,609:INFO: [TRAIN] Step: 688 ; Loss: 26.828 ; Acc: 39.187
2018-09-19 14:10:17,725:INFO: [TRAIN] Step: 689 ; Loss: 27.904 ; Acc: 39.191
2018-09-19 14:10:17,829:INFO: [TRAIN] Step: 690 ; Loss: 25.296 ; Acc: 39.170
2018-09-19 14:10:17,936:INFO: [TRAIN] Step: 691 ; Loss: 24.561 ; Acc: 39.180
2018-09-19 14:10:18,045:INFO: [TRAIN] Step: 692 ; Loss: 28.854 ; Acc: 39.184
2018-09-19 14:10:18,155:INFO: [TRAIN] Step: 693 ; Loss: 26.778 ; Acc: 39.187
2018-09-19 14:10:18,259:INFO: [TRAIN] Step: 694 ; Loss: 28.234 ; Acc: 39.173
2018-09-19 14:10:18,369:INFO: [TRAIN] Step: 695 ; Loss: 28.514 ; Acc: 39.176
2018-09-19 14:10:18,475:INFO: [TRAIN] Step: 696 ; Loss: 23.844 ; Acc: 39.234
2018-09-19 14:10:18,582:INFO: [TRAIN] Step: 697 ; Loss: 30.900 ; Acc: 39.219
2018-09-19 14:10:18,687:INFO: [TRAIN] Step: 698 ; Loss: 28.483 ; Acc: 39.223
2018-09-19 14:10:18,797:INFO: [TRAIN] Step: 699 ; Loss: 30.560 ; Acc: 39.226
2018-09-19 14:10:18,905:INFO: [TRAIN] Step: 700 ; Loss: 26.724 ; Acc: 39.218
2018-09-19 14:10:19,014:INFO: [TRAIN] Step: 701 ; Loss: 22.081 ; Acc: 39.221
2018-09-19 14:10:19,123:INFO: [TRAIN] Step: 702 ; Loss: 23.567 ; Acc: 39.237
2018-09-19 14:10:19,230:INFO: [TRAIN] Step: 703 ; Loss: 30.699 ; Acc: 39.234
2018-09-19 14:10:19,339:INFO: [TRAIN] Step: 704 ; Loss: 26.447 ; Acc: 39.243
2018-09-19 14:10:19,446:INFO: [TRAIN] Step: 705 ; Loss: 23.939 ; Acc: 39.271
2018-09-19 14:10:19,554:INFO: [TRAIN] Step: 706 ; Loss: 31.350 ; Acc: 39.256
2018-09-19 14:10:19,660:INFO: [TRAIN] Step: 707 ; Loss: 26.856 ; Acc: 39.266
2018-09-19 14:10:19,771:INFO: [TRAIN] Step: 708 ; Loss: 27.166 ; Acc: 39.281
2018-09-19 14:10:19,884:INFO: [TRAIN] Step: 709 ; Loss: 29.607 ; Acc: 39.272
2018-09-19 14:10:19,992:INFO: [TRAIN] Step: 710 ; Loss: 26.679 ; Acc: 39.252
2018-09-19 14:10:20,102:INFO: [TRAIN] Step: 711 ; Loss: 29.530 ; Acc: 39.250
2018-09-19 14:10:20,208:INFO: [TRAIN] Step: 712 ; Loss: 30.069 ; Acc: 39.265
2018-09-19 14:10:20,317:INFO: [TRAIN] Step: 713 ; Loss: 25.358 ; Acc: 39.274
2018-09-19 14:10:20,424:INFO: [TRAIN] Step: 714 ; Loss: 27.344 ; Acc: 39.289
2018-09-19 14:10:20,534:INFO: [TRAIN] Step: 715 ; Loss: 22.104 ; Acc: 39.310
2018-09-19 14:10:20,640:INFO: [TRAIN] Step: 716 ; Loss: 27.028 ; Acc: 39.319
2018-09-19 14:10:20,750:INFO: [TRAIN] Step: 717 ; Loss: 26.021 ; Acc: 39.322
2018-09-19 14:10:20,859:INFO: [TRAIN] Step: 718 ; Loss: 25.785 ; Acc: 39.343
2018-09-19 14:10:20,971:INFO: [TRAIN] Step: 719 ; Loss: 28.121 ; Acc: 39.352
2018-09-19 14:10:21,082:INFO: [TRAIN] Step: 720 ; Loss: 27.933 ; Acc: 39.349
2018-09-19 14:10:21,190:INFO: [TRAIN] Step: 721 ; Loss: 24.039 ; Acc: 39.364
2018-09-19 14:10:21,301:INFO: [TRAIN] Step: 722 ; Loss: 27.642 ; Acc: 39.361
2018-09-19 14:10:21,413:INFO: [TRAIN] Step: 723 ; Loss: 26.757 ; Acc: 39.370
2018-09-19 14:10:21,520:INFO: [TRAIN] Step: 724 ; Loss: 30.319 ; Acc: 39.368
2018-09-19 14:10:21,631:INFO: [TRAIN] Step: 725 ; Loss: 25.906 ; Acc: 39.365
2018-09-19 14:10:21,745:INFO: [TRAIN] Step: 726 ; Loss: 30.220 ; Acc: 39.345
2018-09-19 14:10:21,855:INFO: [TRAIN] Step: 727 ; Loss: 29.528 ; Acc: 39.343
2018-09-19 14:10:21,963:INFO: [TRAIN] Step: 728 ; Loss: 27.645 ; Acc: 39.346
2018-09-19 14:10:22,076:INFO: [TRAIN] Step: 729 ; Loss: 25.642 ; Acc: 39.366
2018-09-19 14:10:22,183:INFO: [TRAIN] Step: 730 ; Loss: 29.036 ; Acc: 39.358
2018-09-19 14:10:22,292:INFO: [TRAIN] Step: 731 ; Loss: 26.346 ; Acc: 39.378
2018-09-19 14:10:22,402:INFO: [TRAIN] Step: 732 ; Loss: 29.836 ; Acc: 39.370
2018-09-19 14:10:22,517:INFO: [TRAIN] Step: 733 ; Loss: 26.329 ; Acc: 39.396
2018-09-19 14:10:22,628:INFO: [TRAIN] Step: 734 ; Loss: 26.388 ; Acc: 39.405
2018-09-19 14:10:22,736:INFO: [TRAIN] Step: 735 ; Loss: 28.134 ; Acc: 39.408
2018-09-19 14:10:22,846:INFO: [TRAIN] Step: 736 ; Loss: 25.979 ; Acc: 39.417
2018-09-19 14:10:22,953:INFO: [TRAIN] Step: 737 ; Loss: 27.661 ; Acc: 39.386
2018-09-19 14:10:23,063:INFO: [TRAIN] Step: 738 ; Loss: 26.736 ; Acc: 39.394
2018-09-19 14:10:23,174:INFO: [TRAIN] Step: 739 ; Loss: 28.188 ; Acc: 39.375
2018-09-19 14:10:23,281:INFO: [TRAIN] Step: 740 ; Loss: 24.898 ; Acc: 39.384
2018-09-19 14:10:23,395:INFO: [TRAIN] Step: 741 ; Loss: 26.858 ; Acc: 39.392
2018-09-19 14:10:23,503:INFO: [TRAIN] Step: 742 ; Loss: 28.165 ; Acc: 39.395
2018-09-19 14:10:23,612:INFO: [TRAIN] Step: 743 ; Loss: 28.795 ; Acc: 39.399
2018-09-19 14:10:23,720:INFO: [TRAIN] Step: 744 ; Loss: 33.022 ; Acc: 39.402
2018-09-19 14:10:23,830:INFO: [TRAIN] Step: 745 ; Loss: 26.617 ; Acc: 39.388
2018-09-19 14:10:23,937:INFO: [TRAIN] Step: 746 ; Loss: 25.573 ; Acc: 39.391
2018-09-19 14:10:24,045:INFO: [TRAIN] Step: 747 ; Loss: 27.676 ; Acc: 39.400
2018-09-19 14:10:24,154:INFO: [TRAIN] Step: 748 ; Loss: 26.163 ; Acc: 39.419
2018-09-19 14:10:24,264:INFO: [TRAIN] Step: 749 ; Loss: 26.337 ; Acc: 39.422
2018-09-19 14:10:24,375:INFO: [TRAIN] Step: 750 ; Loss: 24.068 ; Acc: 39.442
2018-09-19 14:10:24,484:INFO: [TRAIN] Step: 751 ; Loss: 29.848 ; Acc: 39.423
2018-09-19 14:10:24,592:INFO: [TRAIN] Step: 752 ; Loss: 29.263 ; Acc: 39.409
2018-09-19 14:10:24,700:INFO: [TRAIN] Step: 753 ; Loss: 26.118 ; Acc: 39.418
2018-09-19 14:10:24,813:INFO: [TRAIN] Step: 754 ; Loss: 29.571 ; Acc: 39.421
2018-09-19 14:10:24,927:INFO: [TRAIN] Step: 755 ; Loss: 25.059 ; Acc: 39.424
2018-09-19 14:10:25,036:INFO: [TRAIN] Step: 756 ; Loss: 24.651 ; Acc: 39.443
2018-09-19 14:10:25,150:INFO: [TRAIN] Step: 757 ; Loss: 25.447 ; Acc: 39.468
2018-09-19 14:10:25,257:INFO: [TRAIN] Step: 758 ; Loss: 26.107 ; Acc: 39.471
2018-09-19 14:10:25,367:INFO: [TRAIN] Step: 759 ; Loss: 25.499 ; Acc: 39.496
2018-09-19 14:10:25,476:INFO: [TRAIN] Step: 760 ; Loss: 26.418 ; Acc: 39.498
2018-09-19 14:10:25,590:INFO: [TRAIN] Step: 761 ; Loss: 28.836 ; Acc: 39.496
2018-09-19 14:10:25,701:INFO: [TRAIN] Step: 762 ; Loss: 28.324 ; Acc: 39.488
2018-09-19 14:10:25,811:INFO: [TRAIN] Step: 763 ; Loss: 26.936 ; Acc: 39.491
2018-09-19 14:10:25,921:INFO: [TRAIN] Step: 764 ; Loss: 27.592 ; Acc: 39.493
2018-09-19 14:10:26,029:INFO: [TRAIN] Step: 765 ; Loss: 24.392 ; Acc: 39.507
2018-09-19 14:10:26,136:INFO: [TRAIN] Step: 766 ; Loss: 25.107 ; Acc: 39.526
2018-09-19 14:10:26,244:INFO: [TRAIN] Step: 767 ; Loss: 23.792 ; Acc: 39.545
2018-09-19 14:10:26,354:INFO: [TRAIN] Step: 768 ; Loss: 25.237 ; Acc: 39.548
2018-09-19 14:10:26,465:INFO: [TRAIN] Step: 769 ; Loss: 29.878 ; Acc: 39.540
2018-09-19 14:10:26,571:INFO: [TRAIN] Step: 770 ; Loss: 27.633 ; Acc: 39.543
2018-09-19 14:10:26,683:INFO: [TRAIN] Step: 771 ; Loss: 25.696 ; Acc: 39.546
2018-09-19 14:10:26,797:INFO: [TRAIN] Step: 772 ; Loss: 25.872 ; Acc: 39.538
2018-09-19 14:10:26,907:INFO: [TRAIN] Step: 773 ; Loss: 27.336 ; Acc: 39.546
2018-09-19 14:10:27,017:INFO: [TRAIN] Step: 774 ; Loss: 29.775 ; Acc: 39.527
2018-09-19 14:10:27,123:INFO: [TRAIN] Step: 775 ; Loss: 35.489 ; Acc: 39.524
2018-09-19 14:10:27,233:INFO: [TRAIN] Step: 776 ; Loss: 28.302 ; Acc: 39.522
2018-09-19 14:10:27,338:INFO: [TRAIN] Step: 777 ; Loss: 26.218 ; Acc: 39.540
2018-09-19 14:10:27,449:INFO: [TRAIN] Step: 778 ; Loss: 24.343 ; Acc: 39.549
2018-09-19 14:10:27,562:INFO: [TRAIN] Step: 779 ; Loss: 26.293 ; Acc: 39.551
2018-09-19 14:10:27,670:INFO: [TRAIN] Step: 780 ; Loss: 24.603 ; Acc: 39.570
2018-09-19 14:10:27,781:INFO: [TRAIN] Step: 781 ; Loss: 29.780 ; Acc: 39.562
2018-09-19 14:10:27,891:INFO: [TRAIN] Step: 782 ; Loss: 26.171 ; Acc: 39.575
2018-09-19 14:10:27,999:INFO: [TRAIN] Step: 783 ; Loss: 27.485 ; Acc: 39.567
2018-09-19 14:10:28,108:INFO: [TRAIN] Step: 784 ; Loss: 27.540 ; Acc: 39.570
2018-09-19 14:10:28,215:INFO: [TRAIN] Step: 785 ; Loss: 24.481 ; Acc: 39.594
2018-09-19 14:10:28,323:INFO: [TRAIN] Step: 786 ; Loss: 27.955 ; Acc: 39.602
2018-09-19 14:10:28,433:INFO: [TRAIN] Step: 787 ; Loss: 27.079 ; Acc: 39.604
2018-09-19 14:10:28,541:INFO: [TRAIN] Step: 788 ; Loss: 25.747 ; Acc: 39.612
2018-09-19 14:10:28,650:INFO: [TRAIN] Step: 789 ; Loss: 24.213 ; Acc: 39.636
2018-09-19 14:10:28,758:INFO: [TRAIN] Step: 790 ; Loss: 27.346 ; Acc: 39.623
2018-09-19 14:10:28,868:INFO: [TRAIN] Step: 791 ; Loss: 29.377 ; Acc: 39.636
2018-09-19 14:10:28,977:INFO: [TRAIN] Step: 792 ; Loss: 22.710 ; Acc: 39.665
2018-09-19 14:10:29,086:INFO: [TRAIN] Step: 793 ; Loss: 28.374 ; Acc: 39.678
2018-09-19 14:10:29,195:INFO: [TRAIN] Step: 794 ; Loss: 25.934 ; Acc: 39.691
2018-09-19 14:10:29,299:INFO: [TRAIN] Step: 795 ; Loss: 24.575 ; Acc: 39.714
2018-09-19 14:10:29,406:INFO: [TRAIN] Step: 796 ; Loss: 29.979 ; Acc: 39.732
2018-09-19 14:10:29,517:INFO: [TRAIN] Step: 797 ; Loss: 27.992 ; Acc: 39.730
2018-09-19 14:10:29,627:INFO: [TRAIN] Step: 798 ; Loss: 29.615 ; Acc: 39.716
2018-09-19 14:10:29,736:INFO: [TRAIN] Step: 799 ; Loss: 28.089 ; Acc: 39.719
2018-09-19 14:10:29,845:INFO: [TRAIN] Step: 800 ; Loss: 29.528 ; Acc: 39.721
2018-09-19 14:10:29,953:INFO: [TRAIN] Step: 801 ; Loss: 25.606 ; Acc: 39.744
2018-09-19 14:10:30,060:INFO: [TRAIN] Step: 802 ; Loss: 27.292 ; Acc: 39.752
2018-09-19 14:10:30,164:INFO: [TRAIN] Step: 803 ; Loss: 29.984 ; Acc: 39.744
2018-09-19 14:10:30,271:INFO: [TRAIN] Step: 804 ; Loss: 22.938 ; Acc: 39.752
2018-09-19 14:10:30,378:INFO: [TRAIN] Step: 805 ; Loss: 23.166 ; Acc: 39.759
2018-09-19 14:10:30,484:INFO: [TRAIN] Step: 806 ; Loss: 25.225 ; Acc: 39.761
2018-09-19 14:10:30,591:INFO: [TRAIN] Step: 807 ; Loss: 27.593 ; Acc: 39.774
2018-09-19 14:10:30,695:INFO: [TRAIN] Step: 808 ; Loss: 28.065 ; Acc: 39.776
2018-09-19 14:10:30,800:INFO: [TRAIN] Step: 809 ; Loss: 26.423 ; Acc: 39.794
2018-09-19 14:10:30,904:INFO: [TRAIN] Step: 810 ; Loss: 24.788 ; Acc: 39.797
2018-09-19 14:10:31,010:INFO: [TRAIN] Step: 811 ; Loss: 26.992 ; Acc: 39.804
2018-09-19 14:10:31,114:INFO: [TRAIN] Step: 812 ; Loss: 28.473 ; Acc: 39.786
2018-09-19 14:10:31,219:INFO: [TRAIN] Step: 813 ; Loss: 24.733 ; Acc: 39.798
2018-09-19 14:10:31,325:INFO: [TRAIN] Step: 814 ; Loss: 26.990 ; Acc: 39.801
2018-09-19 14:10:31,430:INFO: [TRAIN] Step: 815 ; Loss: 27.243 ; Acc: 39.813
2018-09-19 14:10:31,536:INFO: [TRAIN] Step: 816 ; Loss: 27.244 ; Acc: 39.815
2018-09-19 14:10:31,639:INFO: [TRAIN] Step: 817 ; Loss: 29.489 ; Acc: 39.813
2018-09-19 14:10:31,741:INFO: [TRAIN] Step: 818 ; Loss: 22.129 ; Acc: 39.815
2018-09-19 14:10:31,845:INFO: [TRAIN] Step: 819 ; Loss: 21.479 ; Acc: 39.848
2018-09-19 14:10:31,947:INFO: [TRAIN] Step: 820 ; Loss: 25.735 ; Acc: 39.855
2018-09-19 14:10:32,050:INFO: [TRAIN] Step: 821 ; Loss: 23.321 ; Acc: 39.877
2018-09-19 14:10:32,150:INFO: [TRAIN] Step: 822 ; Loss: 23.809 ; Acc: 39.900
2018-09-19 14:10:32,253:INFO: [TRAIN] Step: 823 ; Loss: 25.299 ; Acc: 39.902
2018-09-19 14:10:32,354:INFO: [TRAIN] Step: 824 ; Loss: 26.691 ; Acc: 39.894
2018-09-19 14:10:32,456:INFO: [TRAIN] Step: 825 ; Loss: 28.776 ; Acc: 39.896
2018-09-19 14:10:32,556:INFO: [TRAIN] Step: 826 ; Loss: 27.537 ; Acc: 39.893
2018-09-19 14:10:32,657:INFO: [TRAIN] Step: 827 ; Loss: 28.320 ; Acc: 39.885
2018-09-19 14:10:32,757:INFO: [TRAIN] Step: 828 ; Loss: 23.358 ; Acc: 39.897
2018-09-19 14:10:32,861:INFO: [TRAIN] Step: 829 ; Loss: 26.504 ; Acc: 39.910
2018-09-19 14:10:32,963:INFO: [TRAIN] Step: 830 ; Loss: 28.961 ; Acc: 39.902
2018-09-19 14:10:33,063:INFO: [TRAIN] Step: 831 ; Loss: 27.433 ; Acc: 39.914
2018-09-19 14:10:33,157:INFO: [TRAIN] Step: 832 ; Loss: 22.222 ; Acc: 39.936
2018-09-19 14:10:33,259:INFO: [TRAIN] Step: 833 ; Loss: 29.672 ; Acc: 39.928
2018-09-19 14:10:33,357:INFO: [TRAIN] Step: 834 ; Loss: 25.347 ; Acc: 39.925
2018-09-19 14:10:33,452:INFO: [TRAIN] Step: 835 ; Loss: 29.024 ; Acc: 39.912
2018-09-19 14:10:33,557:INFO: [TRAIN] Step: 836 ; Loss: 27.872 ; Acc: 39.899
2018-09-19 14:10:33,652:INFO: [TRAIN] Step: 837 ; Loss: 24.882 ; Acc: 39.897
2018-09-19 14:10:33,751:INFO: [TRAIN] Step: 838 ; Loss: 26.521 ; Acc: 39.904
2018-09-19 14:10:33,845:INFO: [TRAIN] Step: 839 ; Loss: 29.744 ; Acc: 39.906
2018-09-19 14:10:33,951:INFO: [TRAIN] Step: 840 ; Loss: 26.797 ; Acc: 39.918
2018-09-19 14:10:34,044:INFO: [TRAIN] Step: 841 ; Loss: 28.886 ; Acc: 39.925
2018-09-19 14:10:34,145:INFO: [TRAIN] Step: 842 ; Loss: 27.557 ; Acc: 39.917
2018-09-19 14:10:34,239:INFO: [TRAIN] Step: 843 ; Loss: 24.830 ; Acc: 39.929
2018-09-19 14:10:34,338:INFO: [TRAIN] Step: 844 ; Loss: 26.328 ; Acc: 39.931
2018-09-19 14:10:34,437:INFO: [TRAIN] Step: 845 ; Loss: 27.145 ; Acc: 39.933
2018-09-19 14:10:34,544:INFO: [TRAIN] Step: 846 ; Loss: 25.796 ; Acc: 39.940
2018-09-19 14:10:34,639:INFO: [TRAIN] Step: 847 ; Loss: 27.039 ; Acc: 39.947
2018-09-19 14:10:34,742:INFO: [TRAIN] Step: 848 ; Loss: 23.944 ; Acc: 39.954
2018-09-19 14:10:34,836:INFO: [TRAIN] Step: 849 ; Loss: 29.836 ; Acc: 39.961
2018-09-19 14:10:34,938:INFO: [TRAIN] Step: 850 ; Loss: 26.120 ; Acc: 39.982
2018-09-19 14:10:35,034:INFO: [TRAIN] Step: 851 ; Loss: 28.339 ; Acc: 39.984
2018-09-19 14:10:35,137:INFO: [TRAIN] Step: 852 ; Loss: 22.164 ; Acc: 40.035
2018-09-19 14:10:35,228:INFO: [TRAIN] Step: 853 ; Loss: 25.226 ; Acc: 40.052
2018-09-19 14:10:35,325:INFO: [TRAIN] Step: 854 ; Loss: 28.571 ; Acc: 40.063
2018-09-19 14:10:35,419:INFO: [TRAIN] Step: 855 ; Loss: 28.379 ; Acc: 40.041
2018-09-19 14:10:35,519:INFO: [TRAIN] Step: 856 ; Loss: 22.939 ; Acc: 40.067
2018-09-19 14:10:35,616:INFO: [TRAIN] Step: 857 ; Loss: 24.108 ; Acc: 40.079
2018-09-19 14:10:35,716:INFO: [TRAIN] Step: 858 ; Loss: 29.676 ; Acc: 40.066
2018-09-19 14:10:35,809:INFO: [TRAIN] Step: 859 ; Loss: 26.148 ; Acc: 40.082
2018-09-19 14:10:35,906:INFO: [TRAIN] Step: 860 ; Loss: 28.065 ; Acc: 40.089
2018-09-19 14:10:35,998:INFO: [TRAIN] Step: 861 ; Loss: 29.306 ; Acc: 40.086
2018-09-19 14:10:36,098:INFO: [TRAIN] Step: 862 ; Loss: 25.451 ; Acc: 40.078
2018-09-19 14:10:36,191:INFO: [TRAIN] Step: 863 ; Loss: 25.971 ; Acc: 40.090
2018-09-19 14:10:36,289:INFO: [TRAIN] Step: 864 ; Loss: 29.626 ; Acc: 40.082
2018-09-19 14:10:36,384:INFO: [TRAIN] Step: 865 ; Loss: 27.709 ; Acc: 40.089
2018-09-19 14:10:36,481:INFO: [TRAIN] Step: 866 ; Loss: 22.380 ; Acc: 40.114
2018-09-19 14:10:36,571:INFO: [TRAIN] Step: 867 ; Loss: 28.479 ; Acc: 40.121
2018-09-19 14:10:36,667:INFO: [TRAIN] Step: 868 ; Loss: 21.854 ; Acc: 40.147
2018-09-19 14:10:36,754:INFO: [TRAIN] Step: 869 ; Loss: 30.581 ; Acc: 40.144
2018-09-19 14:10:36,852:INFO: [TRAIN] Step: 870 ; Loss: 25.158 ; Acc: 40.174
2018-09-19 14:10:36,941:INFO: [TRAIN] Step: 871 ; Loss: 28.180 ; Acc: 40.162
2018-09-19 14:10:37,045:INFO: [TRAIN] Step: 872 ; Loss: 30.098 ; Acc: 40.168
2018-09-19 14:10:37,139:INFO: [TRAIN] Step: 873 ; Loss: 24.326 ; Acc: 40.194
2018-09-19 14:10:37,236:INFO: [TRAIN] Step: 874 ; Loss: 26.197 ; Acc: 40.190
2018-09-19 14:10:37,328:INFO: [TRAIN] Step: 875 ; Loss: 24.522 ; Acc: 40.202
2018-09-19 14:10:37,430:INFO: [TRAIN] Step: 876 ; Loss: 26.845 ; Acc: 40.203
2018-09-19 14:10:37,524:INFO: [TRAIN] Step: 877 ; Loss: 27.665 ; Acc: 40.205
2018-09-19 14:10:37,619:INFO: [TRAIN] Step: 878 ; Loss: 26.317 ; Acc: 40.207
2018-09-19 14:10:37,712:INFO: [TRAIN] Step: 879 ; Loss: 30.302 ; Acc: 40.208
2018-09-19 14:10:37,826:INFO: [TRAIN] Step: 880 ; Loss: 24.529 ; Acc: 40.219
2018-09-19 14:10:37,922:INFO: [TRAIN] Step: 881 ; Loss: 23.949 ; Acc: 40.254
2018-09-19 14:10:38,020:INFO: [TRAIN] Step: 882 ; Loss: 27.621 ; Acc: 40.256
2018-09-19 14:10:38,113:INFO: [TRAIN] Step: 883 ; Loss: 22.004 ; Acc: 40.281
2018-09-19 14:10:38,211:INFO: [TRAIN] Step: 884 ; Loss: 35.308 ; Acc: 40.278
2018-09-19 14:10:38,299:INFO: [TRAIN] Step: 885 ; Loss: 27.533 ; Acc: 40.284
2018-09-19 14:10:38,394:INFO: [TRAIN] Step: 886 ; Loss: 28.747 ; Acc: 40.286
2018-09-19 14:10:38,485:INFO: [TRAIN] Step: 887 ; Loss: 26.410 ; Acc: 40.292
2018-09-19 14:10:38,583:INFO: [TRAIN] Step: 888 ; Loss: 31.333 ; Acc: 40.279
2018-09-19 14:10:38,675:INFO: [TRAIN] Step: 889 ; Loss: 28.158 ; Acc: 40.281
2018-09-19 14:10:38,777:INFO: [TRAIN] Step: 890 ; Loss: 27.781 ; Acc: 40.273
2018-09-19 14:10:38,864:INFO: [TRAIN] Step: 891 ; Loss: 23.185 ; Acc: 40.279
2018-09-19 14:10:38,962:INFO: [TRAIN] Step: 892 ; Loss: 31.022 ; Acc: 40.281
2018-09-19 14:10:39,054:INFO: [TRAIN] Step: 893 ; Loss: 25.520 ; Acc: 40.287
2018-09-19 14:10:39,152:INFO: [TRAIN] Step: 894 ; Loss: 28.050 ; Acc: 40.293
2018-09-19 14:10:39,244:INFO: [TRAIN] Step: 895 ; Loss: 26.645 ; Acc: 40.290
2018-09-19 14:10:39,340:INFO: [TRAIN] Step: 896 ; Loss: 24.343 ; Acc: 40.306
2018-09-19 14:10:39,431:INFO: [TRAIN] Step: 897 ; Loss: 26.623 ; Acc: 40.316
2018-09-19 14:10:39,527:INFO: [TRAIN] Step: 898 ; Loss: 28.942 ; Acc: 40.313
2018-09-19 14:10:39,620:INFO: [TRAIN] Step: 899 ; Loss: 27.510 ; Acc: 40.306
2018-09-19 14:10:39,715:INFO: [TRAIN] Step: 900 ; Loss: 26.038 ; Acc: 40.321
2018-09-19 14:10:39,808:INFO: [TRAIN] Step: 901 ; Loss: 26.005 ; Acc: 40.327
2018-09-19 14:10:39,906:INFO: [TRAIN] Step: 902 ; Loss: 23.733 ; Acc: 40.356
2018-09-19 14:10:39,994:INFO: [TRAIN] Step: 903 ; Loss: 25.400 ; Acc: 40.358
2018-09-19 14:10:40,090:INFO: [TRAIN] Step: 904 ; Loss: 24.783 ; Acc: 40.368
2018-09-19 14:10:40,180:INFO: [TRAIN] Step: 905 ; Loss: 23.966 ; Acc: 40.393
2018-09-19 14:10:40,280:INFO: [TRAIN] Step: 906 ; Loss: 27.094 ; Acc: 40.403
2018-09-19 14:10:40,371:INFO: [TRAIN] Step: 907 ; Loss: 25.308 ; Acc: 40.414
2018-09-19 14:10:40,465:INFO: [TRAIN] Step: 908 ; Loss: 25.680 ; Acc: 40.420
2018-09-19 14:10:40,556:INFO: [TRAIN] Step: 909 ; Loss: 27.067 ; Acc: 40.426
2018-09-19 14:10:40,650:INFO: [TRAIN] Step: 910 ; Loss: 25.987 ; Acc: 40.450
2018-09-19 14:10:40,742:INFO: [TRAIN] Step: 911 ; Loss: 25.605 ; Acc: 40.451
2018-09-19 14:10:40,841:INFO: [TRAIN] Step: 912 ; Loss: 24.415 ; Acc: 40.466
2018-09-19 14:10:40,935:INFO: [TRAIN] Step: 913 ; Loss: 29.722 ; Acc: 40.472
2018-09-19 14:10:41,029:INFO: [TRAIN] Step: 914 ; Loss: 25.348 ; Acc: 40.478
2018-09-19 14:10:41,121:INFO: [TRAIN] Step: 915 ; Loss: 23.028 ; Acc: 40.502
2018-09-19 14:10:41,216:INFO: [TRAIN] Step: 916 ; Loss: 24.435 ; Acc: 40.513
2018-09-19 14:10:41,307:INFO: [TRAIN] Step: 917 ; Loss: 26.144 ; Acc: 40.496
2018-09-19 14:10:41,403:INFO: [TRAIN] Step: 918 ; Loss: 26.402 ; Acc: 40.511
2018-09-19 14:10:41,493:INFO: [TRAIN] Step: 919 ; Loss: 26.519 ; Acc: 40.507
2018-09-19 14:10:41,592:INFO: [TRAIN] Step: 920 ; Loss: 24.440 ; Acc: 40.522
2018-09-19 14:10:41,684:INFO: [TRAIN] Step: 921 ; Loss: 27.285 ; Acc: 40.523
2018-09-19 14:10:41,780:INFO: [TRAIN] Step: 922 ; Loss: 25.843 ; Acc: 40.534
2018-09-19 14:10:41,871:INFO: [TRAIN] Step: 923 ; Loss: 27.027 ; Acc: 40.535
2018-09-19 14:10:41,964:INFO: [TRAIN] Step: 924 ; Loss: 28.670 ; Acc: 40.532
2018-09-19 14:10:42,055:INFO: [TRAIN] Step: 925 ; Loss: 31.300 ; Acc: 40.528
2018-09-19 14:10:42,149:INFO: [TRAIN] Step: 926 ; Loss: 24.109 ; Acc: 40.538
2018-09-19 14:10:42,239:INFO: [TRAIN] Step: 927 ; Loss: 28.595 ; Acc: 40.531
2018-09-19 14:10:42,331:INFO: [TRAIN] Step: 928 ; Loss: 26.712 ; Acc: 40.532
2018-09-19 14:10:42,421:INFO: [TRAIN] Step: 929 ; Loss: 22.769 ; Acc: 40.533
2018-09-19 14:10:42,518:INFO: [TRAIN] Step: 930 ; Loss: 26.352 ; Acc: 40.539
2018-09-19 14:10:42,607:INFO: [TRAIN] Step: 931 ; Loss: 23.464 ; Acc: 40.567
2018-09-19 14:10:42,703:INFO: [TRAIN] Step: 932 ; Loss: 21.106 ; Acc: 40.577
2018-09-19 14:10:42,796:INFO: [TRAIN] Step: 933 ; Loss: 24.637 ; Acc: 40.587
2018-09-19 14:10:42,889:INFO: [TRAIN] Step: 934 ; Loss: 26.293 ; Acc: 40.593
2018-09-19 14:10:42,979:INFO: [TRAIN] Step: 935 ; Loss: 22.468 ; Acc: 40.603
2018-09-19 14:10:43,074:INFO: [TRAIN] Step: 936 ; Loss: 28.694 ; Acc: 40.613
2018-09-19 14:10:43,162:INFO: [TRAIN] Step: 937 ; Loss: 23.578 ; Acc: 40.627
2018-09-19 14:10:43,260:INFO: [TRAIN] Step: 938 ; Loss: 22.553 ; Acc: 40.646
2018-09-19 14:10:43,348:INFO: [TRAIN] Step: 939 ; Loss: 25.606 ; Acc: 40.647
2018-09-19 14:10:43,447:INFO: [TRAIN] Step: 940 ; Loss: 22.619 ; Acc: 40.648
2018-09-19 14:10:43,536:INFO: [TRAIN] Step: 941 ; Loss: 26.786 ; Acc: 40.658
2018-09-19 14:10:43,631:INFO: [TRAIN] Step: 942 ; Loss: 29.236 ; Acc: 40.650
2018-09-19 14:10:43,722:INFO: [TRAIN] Step: 943 ; Loss: 25.855 ; Acc: 40.647
2018-09-19 14:10:43,823:INFO: [TRAIN] Step: 944 ; Loss: 28.009 ; Acc: 40.644
2018-09-19 14:10:43,915:INFO: [TRAIN] Step: 945 ; Loss: 27.055 ; Acc: 40.640
2018-09-19 14:10:44,012:INFO: [TRAIN] Step: 946 ; Loss: 24.803 ; Acc: 40.637
2018-09-19 14:10:44,102:INFO: [TRAIN] Step: 947 ; Loss: 30.161 ; Acc: 40.629
2018-09-19 14:10:44,200:INFO: [TRAIN] Step: 948 ; Loss: 24.950 ; Acc: 40.657
2018-09-19 14:10:44,292:INFO: [TRAIN] Step: 949 ; Loss: 24.725 ; Acc: 40.654
2018-09-19 14:10:44,384:INFO: [TRAIN] Step: 950 ; Loss: 24.953 ; Acc: 40.668
2018-09-19 14:10:44,475:INFO: [TRAIN] Step: 951 ; Loss: 31.270 ; Acc: 40.643
2018-09-19 14:10:44,571:INFO: [TRAIN] Step: 952 ; Loss: 24.095 ; Acc: 40.630
2018-09-19 14:10:44,659:INFO: [TRAIN] Step: 953 ; Loss: 26.171 ; Acc: 40.640
2018-09-19 14:10:44,757:INFO: [TRAIN] Step: 954 ; Loss: 27.460 ; Acc: 40.637
2018-09-19 14:10:44,845:INFO: [TRAIN] Step: 955 ; Loss: 23.851 ; Acc: 40.664
2018-09-19 14:10:44,943:INFO: [TRAIN] Step: 956 ; Loss: 30.730 ; Acc: 40.665
2018-09-19 14:10:45,030:INFO: [TRAIN] Step: 957 ; Loss: 22.185 ; Acc: 40.688
2018-09-19 14:10:45,126:INFO: [TRAIN] Step: 958 ; Loss: 24.380 ; Acc: 40.693
2018-09-19 14:10:45,225:INFO: [TRAIN] Step: 959 ; Loss: 25.209 ; Acc: 40.712
2018-09-19 14:10:45,322:INFO: [TRAIN] Step: 960 ; Loss: 24.103 ; Acc: 40.730
2018-09-19 14:10:45,410:INFO: [TRAIN] Step: 961 ; Loss: 30.361 ; Acc: 40.722
2018-09-19 14:10:45,505:INFO: [TRAIN] Step: 962 ; Loss: 29.395 ; Acc: 40.719
2018-09-19 14:10:45,595:INFO: [TRAIN] Step: 963 ; Loss: 26.667 ; Acc: 40.703
2018-09-19 14:10:45,693:INFO: [TRAIN] Step: 964 ; Loss: 25.294 ; Acc: 40.712
2018-09-19 14:10:45,780:INFO: [TRAIN] Step: 965 ; Loss: 27.972 ; Acc: 40.731
2018-09-19 14:10:45,873:INFO: [TRAIN] Step: 966 ; Loss: 26.370 ; Acc: 40.753
2018-09-19 14:10:45,962:INFO: [TRAIN] Step: 967 ; Loss: 28.084 ; Acc: 40.758
2018-09-19 14:10:46,059:INFO: [TRAIN] Step: 968 ; Loss: 29.008 ; Acc: 40.742
2018-09-19 14:10:46,147:INFO: [TRAIN] Step: 969 ; Loss: 27.910 ; Acc: 40.747
2018-09-19 14:10:46,241:INFO: [TRAIN] Step: 970 ; Loss: 25.802 ; Acc: 40.766
2018-09-19 14:10:46,330:INFO: [TRAIN] Step: 971 ; Loss: 24.365 ; Acc: 40.771
2018-09-19 14:10:46,426:INFO: [TRAIN] Step: 972 ; Loss: 26.030 ; Acc: 40.763
2018-09-19 14:10:46,515:INFO: [TRAIN] Step: 973 ; Loss: 24.535 ; Acc: 40.768
2018-09-19 14:10:46,609:INFO: [TRAIN] Step: 974 ; Loss: 23.610 ; Acc: 40.791
2018-09-19 14:10:46,702:INFO: [TRAIN] Step: 975 ; Loss: 27.617 ; Acc: 40.796
2018-09-19 14:10:46,795:INFO: [TRAIN] Step: 976 ; Loss: 22.983 ; Acc: 40.805
2018-09-19 14:10:46,888:INFO: [TRAIN] Step: 977 ; Loss: 27.939 ; Acc: 40.810
2018-09-19 14:10:46,981:INFO: [TRAIN] Step: 978 ; Loss: 27.195 ; Acc: 40.815
2018-09-19 14:10:47,071:INFO: [TRAIN] Step: 979 ; Loss: 26.498 ; Acc: 40.816
2018-09-19 14:10:47,165:INFO: [TRAIN] Step: 980 ; Loss: 23.471 ; Acc: 40.821
2018-09-19 14:10:47,252:INFO: [TRAIN] Step: 981 ; Loss: 23.525 ; Acc: 40.839
2018-09-19 14:10:47,346:INFO: [TRAIN] Step: 982 ; Loss: 29.984 ; Acc: 40.819
2018-09-19 14:10:47,435:INFO: [TRAIN] Step: 983 ; Loss: 19.628 ; Acc: 40.845
2018-09-19 14:10:47,531:INFO: [TRAIN] Step: 984 ; Loss: 25.149 ; Acc: 40.846
2018-09-19 14:10:47,624:INFO: [TRAIN] Step: 985 ; Loss: 26.606 ; Acc: 40.843
2018-09-19 14:10:47,724:INFO: [TRAIN] Step: 986 ; Loss: 27.159 ; Acc: 40.843
2018-09-19 14:10:47,815:INFO: [TRAIN] Step: 987 ; Loss: 21.948 ; Acc: 40.870
2018-09-19 14:10:47,911:INFO: [TRAIN] Step: 988 ; Loss: 22.455 ; Acc: 40.896
2018-09-19 14:10:48,001:INFO: [TRAIN] Step: 989 ; Loss: 25.677 ; Acc: 40.896
2018-09-19 14:10:48,094:INFO: [TRAIN] Step: 990 ; Loss: 26.835 ; Acc: 40.885
2018-09-19 14:10:48,185:INFO: [TRAIN] Step: 991 ; Loss: 27.036 ; Acc: 40.890
2018-09-19 14:10:48,283:INFO: [TRAIN] Step: 992 ; Loss: 23.532 ; Acc: 40.920
2018-09-19 14:10:48,372:INFO: [TRAIN] Step: 993 ; Loss: 26.865 ; Acc: 40.921
2018-09-19 14:10:48,467:INFO: [TRAIN] Step: 994 ; Loss: 25.921 ; Acc: 40.925
2018-09-19 14:10:48,555:INFO: [TRAIN] Step: 995 ; Loss: 23.576 ; Acc: 40.947
2018-09-19 14:10:48,652:INFO: [TRAIN] Step: 996 ; Loss: 27.311 ; Acc: 40.952
2018-09-19 14:10:48,737:INFO: [TRAIN] Step: 997 ; Loss: 23.693 ; Acc: 40.965
2018-09-19 14:10:48,831:INFO: [TRAIN] Step: 998 ; Loss: 24.892 ; Acc: 40.970
2018-09-19 14:10:48,917:INFO: [TRAIN] Step: 999 ; Loss: 26.894 ; Acc: 40.971
2018-09-19 14:10:49,014:INFO: [TRAIN] Step: 1000 ; Loss: 27.280 ; Acc: 40.976
2018-09-19 14:10:49,103:INFO: [TRAIN] Step: 1001 ; Loss: 28.143 ; Acc: 40.981
2018-09-19 14:10:49,197:INFO: [TRAIN] Step: 1002 ; Loss: 21.716 ; Acc: 41.006
2018-09-19 14:10:49,282:INFO: [TRAIN] Step: 1003 ; Loss: 24.813 ; Acc: 41.023
2018-09-19 14:10:49,376:INFO: [TRAIN] Step: 1004 ; Loss: 24.592 ; Acc: 41.020
2018-09-19 14:10:49,463:INFO: [TRAIN] Step: 1005 ; Loss: 27.442 ; Acc: 41.021
2018-09-19 14:10:49,557:INFO: [TRAIN] Step: 1006 ; Loss: 28.433 ; Acc: 41.013
2018-09-19 14:10:49,647:INFO: [TRAIN] Step: 1007 ; Loss: 23.021 ; Acc: 41.034
2018-09-19 14:10:49,740:INFO: [TRAIN] Step: 1008 ; Loss: 24.164 ; Acc: 41.035
2018-09-19 14:10:49,832:INFO: [TRAIN] Step: 1009 ; Loss: 27.515 ; Acc: 41.040
2018-09-19 14:10:49,927:INFO: [TRAIN] Step: 1010 ; Loss: 29.268 ; Acc: 41.036
2018-09-19 14:10:50,014:INFO: [TRAIN] Step: 1011 ; Loss: 26.057 ; Acc: 41.045
2018-09-19 14:10:50,111:INFO: [TRAIN] Step: 1012 ; Loss: 25.410 ; Acc: 41.050
2018-09-19 14:10:50,201:INFO: [TRAIN] Step: 1013 ; Loss: 21.001 ; Acc: 41.071
2018-09-19 14:10:50,297:INFO: [TRAIN] Step: 1014 ; Loss: 26.864 ; Acc: 41.067
2018-09-19 14:10:50,385:INFO: [TRAIN] Step: 1015 ; Loss: 28.900 ; Acc: 41.076
2018-09-19 14:10:50,477:INFO: [TRAIN] Step: 1016 ; Loss: 23.811 ; Acc: 41.093
2018-09-19 14:10:50,567:INFO: [TRAIN] Step: 1017 ; Loss: 21.883 ; Acc: 41.110
2018-09-19 14:10:50,664:INFO: [TRAIN] Step: 1018 ; Loss: 21.721 ; Acc: 41.131
2018-09-19 14:10:50,754:INFO: [TRAIN] Step: 1019 ; Loss: 22.231 ; Acc: 41.144
2018-09-19 14:10:50,850:INFO: [TRAIN] Step: 1020 ; Loss: 29.014 ; Acc: 41.152
2018-09-19 14:10:50,941:INFO: [TRAIN] Step: 1021 ; Loss: 21.994 ; Acc: 41.161
2018-09-19 14:10:51,035:INFO: [TRAIN] Step: 1022 ; Loss: 26.654 ; Acc: 41.170
2018-09-19 14:10:51,125:INFO: [TRAIN] Step: 1023 ; Loss: 25.192 ; Acc: 41.187
2018-09-19 14:10:51,221:INFO: [TRAIN] Step: 1024 ; Loss: 24.532 ; Acc: 41.191
2018-09-19 14:10:51,312:INFO: [TRAIN] Step: 1025 ; Loss: 24.747 ; Acc: 41.208
2018-09-19 14:10:51,407:INFO: [TRAIN] Step: 1026 ; Loss: 23.134 ; Acc: 41.220
2018-09-19 14:10:51,494:INFO: [TRAIN] Step: 1027 ; Loss: 29.918 ; Acc: 41.217
2018-09-19 14:10:51,590:INFO: [TRAIN] Step: 1028 ; Loss: 22.874 ; Acc: 41.229
2018-09-19 14:10:51,680:INFO: [TRAIN] Step: 1029 ; Loss: 26.465 ; Acc: 41.218
2018-09-19 14:10:51,775:INFO: [TRAIN] Step: 1030 ; Loss: 26.140 ; Acc: 41.222
2018-09-19 14:10:51,864:INFO: [TRAIN] Step: 1031 ; Loss: 24.725 ; Acc: 41.231
2018-09-19 14:10:51,958:INFO: [TRAIN] Step: 1032 ; Loss: 25.400 ; Acc: 41.235
2018-09-19 14:10:52,047:INFO: [TRAIN] Step: 1033 ; Loss: 29.065 ; Acc: 41.240
2018-09-19 14:10:52,146:INFO: [TRAIN] Step: 1034 ; Loss: 25.760 ; Acc: 41.256
2018-09-19 14:10:52,239:INFO: [TRAIN] Step: 1035 ; Loss: 29.747 ; Acc: 41.244
2018-09-19 14:10:52,333:INFO: [TRAIN] Step: 1036 ; Loss: 25.669 ; Acc: 41.241
2018-09-19 14:10:52,423:INFO: [TRAIN] Step: 1037 ; Loss: 24.353 ; Acc: 41.249
2018-09-19 14:10:52,521:INFO: [TRAIN] Step: 1038 ; Loss: 25.176 ; Acc: 41.274
2018-09-19 14:10:52,609:INFO: [TRAIN] Step: 1039 ; Loss: 25.131 ; Acc: 41.274
2018-09-19 14:10:52,706:INFO: [TRAIN] Step: 1040 ; Loss: 23.946 ; Acc: 41.286
2018-09-19 14:10:52,794:INFO: [TRAIN] Step: 1041 ; Loss: 27.574 ; Acc: 41.279
2018-09-19 14:10:52,889:INFO: [TRAIN] Step: 1042 ; Loss: 25.799 ; Acc: 41.295
2018-09-19 14:10:52,979:INFO: [TRAIN] Step: 1043 ; Loss: 21.161 ; Acc: 41.307
2018-09-19 14:10:53,073:INFO: [TRAIN] Step: 1044 ; Loss: 24.695 ; Acc: 41.304
2018-09-19 14:10:53,161:INFO: [TRAIN] Step: 1045 ; Loss: 27.637 ; Acc: 41.304
2018-09-19 14:10:53,257:INFO: [TRAIN] Step: 1046 ; Loss: 27.580 ; Acc: 41.320
2018-09-19 14:10:53,342:INFO: [TRAIN] Step: 1047 ; Loss: 30.298 ; Acc: 41.317
2018-09-19 14:10:53,438:INFO: [TRAIN] Step: 1048 ; Loss: 24.350 ; Acc: 41.341
2018-09-19 14:10:53,527:INFO: [TRAIN] Step: 1049 ; Loss: 24.823 ; Acc: 41.341
2018-09-19 14:10:53,620:INFO: [TRAIN] Step: 1050 ; Loss: 26.382 ; Acc: 41.338
2018-09-19 14:10:53,706:INFO: [TRAIN] Step: 1051 ; Loss: 24.312 ; Acc: 41.338
2018-09-19 14:10:53,802:INFO: [TRAIN] Step: 1052 ; Loss: 30.755 ; Acc: 41.318
2018-09-19 14:10:53,890:INFO: [TRAIN] Step: 1053 ; Loss: 24.890 ; Acc: 41.315
2018-09-19 14:10:53,988:INFO: [TRAIN] Step: 1054 ; Loss: 26.432 ; Acc: 41.323
2018-09-19 14:10:54,078:INFO: [TRAIN] Step: 1055 ; Loss: 24.623 ; Acc: 41.331
2018-09-19 14:10:54,171:INFO: [TRAIN] Step: 1056 ; Loss: 26.630 ; Acc: 41.332
2018-09-19 14:10:54,258:INFO: [TRAIN] Step: 1057 ; Loss: 24.398 ; Acc: 41.336
2018-09-19 14:10:54,356:INFO: [TRAIN] Step: 1058 ; Loss: 29.141 ; Acc: 41.324
2018-09-19 14:10:54,444:INFO: [TRAIN] Step: 1059 ; Loss: 26.407 ; Acc: 41.325
2018-09-19 14:10:54,536:INFO: [TRAIN] Step: 1060 ; Loss: 30.027 ; Acc: 41.317
2018-09-19 14:10:54,624:INFO: [TRAIN] Step: 1061 ; Loss: 26.806 ; Acc: 41.314
2018-09-19 14:10:54,718:INFO: [TRAIN] Step: 1062 ; Loss: 27.613 ; Acc: 41.302
2018-09-19 14:10:54,805:INFO: [TRAIN] Step: 1063 ; Loss: 24.484 ; Acc: 41.302
2018-09-19 14:10:54,900:INFO: [TRAIN] Step: 1064 ; Loss: 24.412 ; Acc: 41.303
2018-09-19 14:10:54,989:INFO: [TRAIN] Step: 1065 ; Loss: 30.270 ; Acc: 41.291
2018-09-19 14:10:55,084:INFO: [TRAIN] Step: 1066 ; Loss: 23.757 ; Acc: 41.311
2018-09-19 14:10:55,177:INFO: [TRAIN] Step: 1067 ; Loss: 30.115 ; Acc: 41.300
2018-09-19 14:10:55,268:INFO: [TRAIN] Step: 1068 ; Loss: 27.737 ; Acc: 41.312
2018-09-19 14:10:55,357:INFO: [TRAIN] Step: 1069 ; Loss: 20.400 ; Acc: 41.324
2018-09-19 14:10:55,456:INFO: [TRAIN] Step: 1070 ; Loss: 23.933 ; Acc: 41.348
2018-09-19 14:10:55,546:INFO: [TRAIN] Step: 1071 ; Loss: 24.117 ; Acc: 41.360
2018-09-19 14:10:55,641:INFO: [TRAIN] Step: 1072 ; Loss: 28.646 ; Acc: 41.356
2018-09-19 14:10:55,733:INFO: [TRAIN] Step: 1073 ; Loss: 28.412 ; Acc: 41.352
2018-09-19 14:10:55,826:INFO: [TRAIN] Step: 1074 ; Loss: 24.294 ; Acc: 41.349
2018-09-19 14:10:55,917:INFO: [TRAIN] Step: 1075 ; Loss: 27.401 ; Acc: 41.365
2018-09-19 14:10:56,014:INFO: [TRAIN] Step: 1076 ; Loss: 24.351 ; Acc: 41.365
2018-09-19 14:10:56,100:INFO: [TRAIN] Step: 1077 ; Loss: 22.312 ; Acc: 41.385
2018-09-19 14:10:56,192:INFO: [TRAIN] Step: 1078 ; Loss: 24.347 ; Acc: 41.404
2018-09-19 14:10:56,284:INFO: [TRAIN] Step: 1079 ; Loss: 23.333 ; Acc: 41.416
2018-09-19 14:10:56,376:INFO: [TRAIN] Step: 1080 ; Loss: 26.324 ; Acc: 41.424
2018-09-19 14:10:56,465:INFO: [TRAIN] Step: 1081 ; Loss: 24.354 ; Acc: 41.439
2018-09-19 14:10:56,559:INFO: [TRAIN] Step: 1082 ; Loss: 26.377 ; Acc: 41.447
2018-09-19 14:10:56,648:INFO: [TRAIN] Step: 1083 ; Loss: 26.576 ; Acc: 41.455
2018-09-19 14:10:56,745:INFO: [TRAIN] Step: 1084 ; Loss: 23.116 ; Acc: 41.463
2018-09-19 14:10:56,836:INFO: [TRAIN] Step: 1085 ; Loss: 28.564 ; Acc: 41.463
2018-09-19 14:10:56,932:INFO: [TRAIN] Step: 1086 ; Loss: 28.905 ; Acc: 41.460
2018-09-19 14:10:57,022:INFO: [TRAIN] Step: 1087 ; Loss: 29.715 ; Acc: 41.460
2018-09-19 14:10:57,117:INFO: [TRAIN] Step: 1088 ; Loss: 24.539 ; Acc: 41.468
2018-09-19 14:10:57,208:INFO: [TRAIN] Step: 1089 ; Loss: 23.999 ; Acc: 41.476
2018-09-19 14:10:57,302:INFO: [TRAIN] Step: 1090 ; Loss: 24.954 ; Acc: 41.502
2018-09-19 14:10:57,394:INFO: [TRAIN] Step: 1091 ; Loss: 22.068 ; Acc: 41.518
2018-09-19 14:10:57,490:INFO: [TRAIN] Step: 1092 ; Loss: 21.370 ; Acc: 41.526
2018-09-19 14:10:57,576:INFO: [TRAIN] Step: 1093 ; Loss: 21.031 ; Acc: 41.541
2018-09-19 14:10:57,673:INFO: [TRAIN] Step: 1094 ; Loss: 33.986 ; Acc: 41.526
2018-09-19 14:10:57,761:INFO: [TRAIN] Step: 1095 ; Loss: 28.364 ; Acc: 41.518
2018-09-19 14:10:57,857:INFO: [TRAIN] Step: 1096 ; Loss: 24.582 ; Acc: 41.519
2018-09-19 14:10:57,947:INFO: [TRAIN] Step: 1097 ; Loss: 26.171 ; Acc: 41.519
2018-09-19 14:10:58,042:INFO: [TRAIN] Step: 1098 ; Loss: 21.234 ; Acc: 41.545
2018-09-19 14:10:58,129:INFO: [TRAIN] Step: 1099 ; Loss: 25.133 ; Acc: 41.553
2018-09-19 14:10:58,222:INFO: [TRAIN] Step: 1100 ; Loss: 23.942 ; Acc: 41.553
2018-09-19 14:10:58,310:INFO: [TRAIN] Step: 1101 ; Loss: 26.417 ; Acc: 41.561
2018-09-19 14:10:58,405:INFO: [TRAIN] Step: 1102 ; Loss: 29.042 ; Acc: 41.565
2018-09-19 14:10:58,496:INFO: [TRAIN] Step: 1103 ; Loss: 26.750 ; Acc: 41.561
2018-09-19 14:10:58,592:INFO: [TRAIN] Step: 1104 ; Loss: 28.429 ; Acc: 41.557
2018-09-19 14:10:58,680:INFO: [TRAIN] Step: 1105 ; Loss: 27.886 ; Acc: 41.550
2018-09-19 14:10:58,774:INFO: [TRAIN] Step: 1106 ; Loss: 24.799 ; Acc: 41.546
2018-09-19 14:10:58,867:INFO: [TRAIN] Step: 1107 ; Loss: 27.767 ; Acc: 41.546
2018-09-19 14:10:58,961:INFO: [TRAIN] Step: 1108 ; Loss: 22.935 ; Acc: 41.569
2018-09-19 14:10:59,049:INFO: [TRAIN] Step: 1109 ; Loss: 25.056 ; Acc: 41.592
2018-09-19 14:10:59,147:INFO: [TRAIN] Step: 1110 ; Loss: 26.259 ; Acc: 41.595
2018-09-19 14:10:59,236:INFO: [TRAIN] Step: 1111 ; Loss: 30.102 ; Acc: 41.588
2018-09-19 14:10:59,329:INFO: [TRAIN] Step: 1112 ; Loss: 20.994 ; Acc: 41.603
2018-09-19 14:10:59,418:INFO: [TRAIN] Step: 1113 ; Loss: 27.021 ; Acc: 41.607
2018-09-19 14:10:59,512:INFO: [TRAIN] Step: 1114 ; Loss: 26.110 ; Acc: 41.622
2018-09-19 14:10:59,602:INFO: [TRAIN] Step: 1115 ; Loss: 27.435 ; Acc: 41.614
2018-09-19 14:10:59,694:INFO: [TRAIN] Step: 1116 ; Loss: 23.540 ; Acc: 41.614
2018-09-19 14:10:59,784:INFO: [TRAIN] Step: 1117 ; Loss: 25.412 ; Acc: 41.626
2018-09-19 14:10:59,879:INFO: [TRAIN] Step: 1118 ; Loss: 28.241 ; Acc: 41.626
2018-09-19 14:10:59,972:INFO: [TRAIN] Step: 1119 ; Loss: 23.267 ; Acc: 41.629
2018-09-19 14:11:00,066:INFO: [TRAIN] Step: 1120 ; Loss: 20.231 ; Acc: 41.656
2018-09-19 14:11:00,159:INFO: [TRAIN] Step: 1121 ; Loss: 28.050 ; Acc: 41.644
2018-09-19 14:11:00,252:INFO: [TRAIN] Step: 1122 ; Loss: 27.007 ; Acc: 41.648
2018-09-19 14:11:00,347:INFO: [TRAIN] Step: 1123 ; Loss: 22.086 ; Acc: 41.652
2018-09-19 14:11:00,439:INFO: [TRAIN] Step: 1124 ; Loss: 21.393 ; Acc: 41.667
2018-09-19 14:11:00,527:INFO: [TRAIN] Step: 1125 ; Loss: 27.042 ; Acc: 41.670
2018-09-19 14:11:00,621:INFO: [TRAIN] Step: 1126 ; Loss: 28.360 ; Acc: 41.670
2018-09-19 14:11:00,709:INFO: [TRAIN] Step: 1127 ; Loss: 25.992 ; Acc: 41.678
2018-09-19 14:11:00,807:INFO: [TRAIN] Step: 1128 ; Loss: 25.102 ; Acc: 41.681
2018-09-19 14:11:00,897:INFO: [TRAIN] Step: 1129 ; Loss: 25.503 ; Acc: 41.692
2018-09-19 14:11:00,992:INFO: [TRAIN] Step: 1130 ; Loss: 26.123 ; Acc: 41.704
2018-09-19 14:11:01,080:INFO: [TRAIN] Step: 1131 ; Loss: 25.214 ; Acc: 41.711
2018-09-19 14:11:01,174:INFO: [TRAIN] Step: 1132 ; Loss: 25.533 ; Acc: 41.718
2018-09-19 14:11:01,266:INFO: [TRAIN] Step: 1133 ; Loss: 26.158 ; Acc: 41.718
2018-09-19 14:11:01,364:INFO: [TRAIN] Step: 1134 ; Loss: 26.539 ; Acc: 41.729
2018-09-19 14:11:01,451:INFO: [TRAIN] Step: 1135 ; Loss: 23.646 ; Acc: 41.747
2018-09-19 14:11:01,545:INFO: [TRAIN] Step: 1136 ; Loss: 23.443 ; Acc: 41.740
2018-09-19 14:11:01,635:INFO: [TRAIN] Step: 1137 ; Loss: 23.927 ; Acc: 41.755
2018-09-19 14:11:01,732:INFO: [TRAIN] Step: 1138 ; Loss: 23.395 ; Acc: 41.765
2018-09-19 14:11:01,824:INFO: [TRAIN] Step: 1139 ; Loss: 31.260 ; Acc: 41.769
2018-09-19 14:11:01,923:INFO: [TRAIN] Step: 1140 ; Loss: 23.463 ; Acc: 41.791
2018-09-19 14:11:02,017:INFO: [TRAIN] Step: 1141 ; Loss: 25.613 ; Acc: 41.794
2018-09-19 14:11:02,114:INFO: [TRAIN] Step: 1142 ; Loss: 23.330 ; Acc: 41.820
2018-09-19 14:11:02,203:INFO: [TRAIN] Step: 1143 ; Loss: 28.439 ; Acc: 41.820
2018-09-19 14:11:02,297:INFO: [TRAIN] Step: 1144 ; Loss: 20.942 ; Acc: 41.834
2018-09-19 14:11:02,385:INFO: [TRAIN] Step: 1145 ; Loss: 28.172 ; Acc: 41.848
2018-09-19 14:11:02,488:INFO: [TRAIN] Step: 1146 ; Loss: 25.507 ; Acc: 41.863
2018-09-19 14:11:02,576:INFO: [TRAIN] Step: 1147 ; Loss: 28.142 ; Acc: 41.863
2018-09-19 14:11:02,673:INFO: [TRAIN] Step: 1148 ; Loss: 26.810 ; Acc: 41.866
2018-09-19 14:11:02,766:INFO: [TRAIN] Step: 1149 ; Loss: 25.419 ; Acc: 41.873
2018-09-19 14:11:02,863:INFO: [TRAIN] Step: 1150 ; Loss: 23.923 ; Acc: 41.884
2018-09-19 14:11:02,954:INFO: [TRAIN] Step: 1151 ; Loss: 22.938 ; Acc: 41.891
2018-09-19 14:11:03,048:INFO: [TRAIN] Step: 1152 ; Loss: 25.930 ; Acc: 41.894
2018-09-19 14:11:03,137:INFO: [TRAIN] Step: 1153 ; Loss: 24.134 ; Acc: 41.909
2018-09-19 14:11:03,233:INFO: [TRAIN] Step: 1154 ; Loss: 24.365 ; Acc: 41.919
2018-09-19 14:11:03,324:INFO: [TRAIN] Step: 1155 ; Loss: 20.823 ; Acc: 41.941
2018-09-19 14:11:03,417:INFO: [TRAIN] Step: 1156 ; Loss: 25.875 ; Acc: 41.951
2018-09-19 14:11:03,511:INFO: [TRAIN] Step: 1157 ; Loss: 29.040 ; Acc: 41.940
2018-09-19 14:11:03,605:INFO: [TRAIN] Step: 1158 ; Loss: 23.703 ; Acc: 41.947
2018-09-19 14:11:03,696:INFO: [TRAIN] Step: 1159 ; Loss: 31.264 ; Acc: 41.936
2018-09-19 14:11:03,790:INFO: [TRAIN] Step: 1160 ; Loss: 26.585 ; Acc: 41.932
2018-09-19 14:11:03,881:INFO: [TRAIN] Step: 1161 ; Loss: 25.280 ; Acc: 41.939
2018-09-19 14:11:03,977:INFO: [TRAIN] Step: 1162 ; Loss: 23.897 ; Acc: 41.928
2018-09-19 14:11:04,067:INFO: [TRAIN] Step: 1163 ; Loss: 26.630 ; Acc: 41.932
2018-09-19 14:11:04,163:INFO: [TRAIN] Step: 1164 ; Loss: 28.122 ; Acc: 41.931
2018-09-19 14:11:04,250:INFO: [TRAIN] Step: 1165 ; Loss: 29.312 ; Acc: 41.920
2018-09-19 14:11:04,349:INFO: [TRAIN] Step: 1166 ; Loss: 24.422 ; Acc: 41.920
2018-09-19 14:11:04,439:INFO: [TRAIN] Step: 1167 ; Loss: 28.418 ; Acc: 41.920
2018-09-19 14:11:04,535:INFO: [TRAIN] Step: 1168 ; Loss: 23.695 ; Acc: 41.941
2018-09-19 14:11:04,628:INFO: [TRAIN] Step: 1169 ; Loss: 23.214 ; Acc: 41.941
2018-09-19 14:11:04,722:INFO: [TRAIN] Step: 1170 ; Loss: 20.037 ; Acc: 41.948
2018-09-19 14:11:04,815:INFO: [TRAIN] Step: 1171 ; Loss: 25.217 ; Acc: 41.951
2018-09-19 14:11:04,913:INFO: [TRAIN] Step: 1172 ; Loss: 27.692 ; Acc: 41.965
2018-09-19 14:11:04,999:INFO: [TRAIN] Step: 1173 ; Loss: 21.265 ; Acc: 41.975
2018-09-19 14:11:05,101:INFO: [TRAIN] Step: 1174 ; Loss: 23.743 ; Acc: 41.975
2018-09-19 14:11:05,195:INFO: [TRAIN] Step: 1175 ; Loss: 22.375 ; Acc: 41.993
2018-09-19 14:11:05,293:INFO: [TRAIN] Step: 1176 ; Loss: 22.999 ; Acc: 41.985
2018-09-19 14:11:05,382:INFO: [TRAIN] Step: 1177 ; Loss: 25.195 ; Acc: 41.985
2018-09-19 14:11:05,478:INFO: [TRAIN] Step: 1178 ; Loss: 24.528 ; Acc: 41.981
2018-09-19 14:11:05,566:INFO: [TRAIN] Step: 1179 ; Loss: 24.304 ; Acc: 41.995
2018-09-19 14:11:05,663:INFO: [TRAIN] Step: 1180 ; Loss: 28.677 ; Acc: 41.991
2018-09-19 14:11:05,754:INFO: [TRAIN] Step: 1181 ; Loss: 30.501 ; Acc: 41.977
2018-09-19 14:11:05,847:INFO: [TRAIN] Step: 1182 ; Loss: 25.356 ; Acc: 41.973
2018-09-19 14:11:05,939:INFO: [TRAIN] Step: 1183 ; Loss: 25.741 ; Acc: 41.980
2018-09-19 14:11:06,033:INFO: [TRAIN] Step: 1184 ; Loss: 24.892 ; Acc: 41.987
2018-09-19 14:11:06,122:INFO: [TRAIN] Step: 1185 ; Loss: 28.546 ; Acc: 41.976
2018-09-19 14:11:06,215:INFO: [TRAIN] Step: 1186 ; Loss: 25.982 ; Acc: 41.976
2018-09-19 14:11:06,307:INFO: [TRAIN] Step: 1187 ; Loss: 28.523 ; Acc: 41.979
2018-09-19 14:11:06,405:INFO: [TRAIN] Step: 1188 ; Loss: 30.988 ; Acc: 41.968
2018-09-19 14:11:06,497:INFO: [TRAIN] Step: 1189 ; Loss: 26.736 ; Acc: 41.961
2018-09-19 14:11:11,910:INFO: [EVAL] Step: 1190 ; Loss: 0.266 ; Acc: 0.496
