2018-09-19 15:08:45,373:INFO: ### Model ###
LeNet5(
  (convnet): Sequential(
    (0): Conv2d(1, 6, kernel_size=(5, 5), stride=(1, 1))
    (1): ReLU()
    (2): MaxPool2d(kernel_size=(2, 2), stride=2, padding=0, dilation=1, ceil_mode=False)
    (3): Conv2d(6, 16, kernel_size=(5, 5), stride=(1, 1))
    (4): ReLU()
    (5): MaxPool2d(kernel_size=(2, 2), stride=2, padding=0, dilation=1, ceil_mode=False)
    (6): Conv2d(16, 120, kernel_size=(5, 5), stride=(1, 1))
    (7): ReLU()
    (8): Conv2d(120, 240, kernel_size=(5, 5), stride=(1, 1))
    (9): ReLU()
  )
  (fc): Sequential(
    (0): Linear(in_features=240, out_features=84, bias=True)
    (1): ReLU()
    (2): Linear(in_features=84, out_features=10, bias=True)
  )
)
2018-09-19 15:08:45,374:INFO: ### Optimizer ###
Adam (
Parameter Group 0
    amsgrad: False
    betas: (0.9, 0.999)
    eps: 1e-08
    lr: 0.01
    weight_decay: 0
)
2018-09-19 15:08:45,374:INFO: ### HParams ###
n_epochs: 1 ; data: ferplus ; label: ferplus_votes ; batch_size: 24 ; lr: 0.01 ; wd: 0 ; eval_steps: 1190
2018-09-19 15:08:45,548:INFO: [TRAIN] Step: 0 ; Loss: 39.485 ; Acc: 16.667
2018-09-19 15:08:45,626:INFO: [TRAIN] Step: 1 ; Loss: 136.692 ; Acc: 12.500
2018-09-19 15:08:45,700:INFO: [TRAIN] Step: 2 ; Loss: 46.037 ; Acc: 25.000
2018-09-19 15:08:45,803:INFO: [TRAIN] Step: 3 ; Loss: 36.422 ; Acc: 21.875
2018-09-19 15:08:45,899:INFO: [TRAIN] Step: 4 ; Loss: 36.066 ; Acc: 20.000
2018-09-19 15:08:45,975:INFO: [TRAIN] Step: 5 ; Loss: 34.767 ; Acc: 22.222
2018-09-19 15:08:46,054:INFO: [TRAIN] Step: 6 ; Loss: 33.961 ; Acc: 24.405
2018-09-19 15:08:46,131:INFO: [TRAIN] Step: 7 ; Loss: 30.681 ; Acc: 25.521
2018-09-19 15:08:46,217:INFO: [TRAIN] Step: 8 ; Loss: 41.820 ; Acc: 24.074
2018-09-19 15:08:46,294:INFO: [TRAIN] Step: 9 ; Loss: 32.684 ; Acc: 22.500
2018-09-19 15:08:46,380:INFO: [TRAIN] Step: 10 ; Loss: 25.120 ; Acc: 26.136
2018-09-19 15:08:46,462:INFO: [TRAIN] Step: 11 ; Loss: 28.629 ; Acc: 26.736
2018-09-19 15:08:46,541:INFO: [TRAIN] Step: 12 ; Loss: 25.497 ; Acc: 27.885
2018-09-19 15:08:46,614:INFO: [TRAIN] Step: 13 ; Loss: 29.192 ; Acc: 27.976
2018-09-19 15:08:46,699:INFO: [TRAIN] Step: 14 ; Loss: 28.818 ; Acc: 28.611
2018-09-19 15:08:46,770:INFO: [TRAIN] Step: 15 ; Loss: 27.128 ; Acc: 28.906
2018-09-19 15:08:46,851:INFO: [TRAIN] Step: 16 ; Loss: 26.063 ; Acc: 29.167
2018-09-19 15:08:46,924:INFO: [TRAIN] Step: 17 ; Loss: 36.472 ; Acc: 28.704
2018-09-19 15:08:47,004:INFO: [TRAIN] Step: 18 ; Loss: 32.985 ; Acc: 29.167
2018-09-19 15:08:47,079:INFO: [TRAIN] Step: 19 ; Loss: 28.913 ; Acc: 29.375
2018-09-19 15:08:47,161:INFO: [TRAIN] Step: 20 ; Loss: 28.046 ; Acc: 29.365
2018-09-19 15:08:47,233:INFO: [TRAIN] Step: 21 ; Loss: 24.520 ; Acc: 29.545
2018-09-19 15:08:47,311:INFO: [TRAIN] Step: 22 ; Loss: 30.788 ; Acc: 28.986
2018-09-19 15:08:47,385:INFO: [TRAIN] Step: 23 ; Loss: 29.499 ; Acc: 28.819
2018-09-19 15:08:47,463:INFO: [TRAIN] Step: 24 ; Loss: 26.648 ; Acc: 28.667
2018-09-19 15:08:47,535:INFO: [TRAIN] Step: 25 ; Loss: 28.434 ; Acc: 28.686
2018-09-19 15:08:47,645:INFO: [TRAIN] Step: 26 ; Loss: 31.994 ; Acc: 28.241
2018-09-19 15:08:47,721:INFO: [TRAIN] Step: 27 ; Loss: 30.283 ; Acc: 28.125
2018-09-19 15:08:47,801:INFO: [TRAIN] Step: 28 ; Loss: 29.790 ; Acc: 28.736
2018-09-19 15:08:47,874:INFO: [TRAIN] Step: 29 ; Loss: 31.605 ; Acc: 28.750
2018-09-19 15:08:47,960:INFO: [TRAIN] Step: 30 ; Loss: 27.209 ; Acc: 28.495
2018-09-19 15:08:48,032:INFO: [TRAIN] Step: 31 ; Loss: 30.438 ; Acc: 27.995
2018-09-19 15:08:48,113:INFO: [TRAIN] Step: 32 ; Loss: 25.577 ; Acc: 28.535
2018-09-19 15:08:48,187:INFO: [TRAIN] Step: 33 ; Loss: 30.791 ; Acc: 28.799
2018-09-19 15:08:48,269:INFO: [TRAIN] Step: 34 ; Loss: 30.918 ; Acc: 29.048
2018-09-19 15:08:48,342:INFO: [TRAIN] Step: 35 ; Loss: 27.855 ; Acc: 29.282
2018-09-19 15:08:48,422:INFO: [TRAIN] Step: 36 ; Loss: 26.044 ; Acc: 29.730
2018-09-19 15:08:48,495:INFO: [TRAIN] Step: 37 ; Loss: 30.456 ; Acc: 29.825
2018-09-19 15:08:48,575:INFO: [TRAIN] Step: 38 ; Loss: 26.448 ; Acc: 30.556
2018-09-19 15:08:48,647:INFO: [TRAIN] Step: 39 ; Loss: 26.291 ; Acc: 31.146
2018-09-19 15:08:48,726:INFO: [TRAIN] Step: 40 ; Loss: 28.658 ; Acc: 30.996
2018-09-19 15:08:48,797:INFO: [TRAIN] Step: 41 ; Loss: 21.538 ; Acc: 31.746
2018-09-19 15:08:48,879:INFO: [TRAIN] Step: 42 ; Loss: 34.443 ; Acc: 31.395
2018-09-19 15:08:48,950:INFO: [TRAIN] Step: 43 ; Loss: 26.597 ; Acc: 31.534
2018-09-19 15:08:49,029:INFO: [TRAIN] Step: 44 ; Loss: 28.392 ; Acc: 31.759
2018-09-19 15:08:49,103:INFO: [TRAIN] Step: 45 ; Loss: 29.568 ; Acc: 31.884
2018-09-19 15:08:49,195:INFO: [TRAIN] Step: 46 ; Loss: 28.336 ; Acc: 32.270
2018-09-19 15:08:49,274:INFO: [TRAIN] Step: 47 ; Loss: 26.915 ; Acc: 32.552
2018-09-19 15:08:49,353:INFO: [TRAIN] Step: 48 ; Loss: 28.960 ; Acc: 32.738
2018-09-19 15:08:49,430:INFO: [TRAIN] Step: 49 ; Loss: 30.491 ; Acc: 32.750
2018-09-19 15:08:49,510:INFO: [TRAIN] Step: 50 ; Loss: 32.165 ; Acc: 32.516
2018-09-19 15:08:49,580:INFO: [TRAIN] Step: 51 ; Loss: 28.903 ; Acc: 32.612
2018-09-19 15:08:49,660:INFO: [TRAIN] Step: 52 ; Loss: 27.264 ; Acc: 32.626
2018-09-19 15:08:49,732:INFO: [TRAIN] Step: 53 ; Loss: 30.206 ; Acc: 32.330
2018-09-19 15:08:49,812:INFO: [TRAIN] Step: 54 ; Loss: 30.523 ; Acc: 32.121
2018-09-19 15:08:49,883:INFO: [TRAIN] Step: 55 ; Loss: 31.595 ; Acc: 31.920
2018-09-19 15:08:49,962:INFO: [TRAIN] Step: 56 ; Loss: 28.356 ; Acc: 31.798
2018-09-19 15:08:50,034:INFO: [TRAIN] Step: 57 ; Loss: 29.017 ; Acc: 31.466
2018-09-19 15:08:50,113:INFO: [TRAIN] Step: 58 ; Loss: 30.267 ; Acc: 31.285
2018-09-19 15:08:50,188:INFO: [TRAIN] Step: 59 ; Loss: 29.862 ; Acc: 31.389
2018-09-19 15:08:50,267:INFO: [TRAIN] Step: 60 ; Loss: 28.148 ; Acc: 31.489
2018-09-19 15:08:50,340:INFO: [TRAIN] Step: 61 ; Loss: 27.593 ; Acc: 31.384
2018-09-19 15:08:50,420:INFO: [TRAIN] Step: 62 ; Loss: 29.942 ; Acc: 31.283
2018-09-19 15:08:50,491:INFO: [TRAIN] Step: 63 ; Loss: 34.937 ; Acc: 31.055
2018-09-19 15:08:50,571:INFO: [TRAIN] Step: 64 ; Loss: 26.746 ; Acc: 31.090
2018-09-19 15:08:50,643:INFO: [TRAIN] Step: 65 ; Loss: 31.547 ; Acc: 31.250
2018-09-19 15:08:50,723:INFO: [TRAIN] Step: 66 ; Loss: 26.931 ; Acc: 31.343
2018-09-19 15:08:50,798:INFO: [TRAIN] Step: 67 ; Loss: 28.708 ; Acc: 31.495
2018-09-19 15:08:50,879:INFO: [TRAIN] Step: 68 ; Loss: 27.022 ; Acc: 31.461
2018-09-19 15:08:50,953:INFO: [TRAIN] Step: 69 ; Loss: 30.999 ; Acc: 31.131
2018-09-19 15:08:51,034:INFO: [TRAIN] Step: 70 ; Loss: 26.111 ; Acc: 31.573
2018-09-19 15:08:51,108:INFO: [TRAIN] Step: 71 ; Loss: 27.900 ; Acc: 31.539
2018-09-19 15:08:51,191:INFO: [TRAIN] Step: 72 ; Loss: 33.813 ; Acc: 31.393
2018-09-19 15:08:51,265:INFO: [TRAIN] Step: 73 ; Loss: 28.117 ; Acc: 31.644
2018-09-19 15:08:51,345:INFO: [TRAIN] Step: 74 ; Loss: 27.780 ; Acc: 31.611
2018-09-19 15:08:51,418:INFO: [TRAIN] Step: 75 ; Loss: 29.273 ; Acc: 31.689
2018-09-19 15:08:51,499:INFO: [TRAIN] Step: 76 ; Loss: 28.206 ; Acc: 32.035
2018-09-19 15:08:51,572:INFO: [TRAIN] Step: 77 ; Loss: 28.132 ; Acc: 32.158
2018-09-19 15:08:51,653:INFO: [TRAIN] Step: 78 ; Loss: 27.776 ; Acc: 32.331
2018-09-19 15:08:51,726:INFO: [TRAIN] Step: 79 ; Loss: 29.229 ; Acc: 32.448
2018-09-19 15:08:51,806:INFO: [TRAIN] Step: 80 ; Loss: 27.743 ; Acc: 32.767
2018-09-19 15:08:51,880:INFO: [TRAIN] Step: 81 ; Loss: 29.077 ; Acc: 32.927
2018-09-19 15:08:51,961:INFO: [TRAIN] Step: 82 ; Loss: 29.566 ; Acc: 32.982
2018-09-19 15:08:52,034:INFO: [TRAIN] Step: 83 ; Loss: 31.227 ; Acc: 32.837
2018-09-19 15:08:52,112:INFO: [TRAIN] Step: 84 ; Loss: 29.147 ; Acc: 32.843
2018-09-19 15:08:52,185:INFO: [TRAIN] Step: 85 ; Loss: 27.365 ; Acc: 33.043
2018-09-19 15:08:52,264:INFO: [TRAIN] Step: 86 ; Loss: 29.191 ; Acc: 33.094
2018-09-19 15:08:52,336:INFO: [TRAIN] Step: 87 ; Loss: 33.159 ; Acc: 32.955
2018-09-19 15:08:52,417:INFO: [TRAIN] Step: 88 ; Loss: 29.174 ; Acc: 32.912
2018-09-19 15:08:52,489:INFO: [TRAIN] Step: 89 ; Loss: 30.531 ; Acc: 32.917
2018-09-19 15:08:52,565:INFO: [TRAIN] Step: 90 ; Loss: 27.098 ; Acc: 33.059
2018-09-19 15:08:52,639:INFO: [TRAIN] Step: 91 ; Loss: 26.466 ; Acc: 33.243
2018-09-19 15:08:52,742:INFO: [TRAIN] Step: 92 ; Loss: 27.503 ; Acc: 33.289
2018-09-19 15:08:52,815:INFO: [TRAIN] Step: 93 ; Loss: 29.634 ; Acc: 33.200
2018-09-19 15:08:52,901:INFO: [TRAIN] Step: 94 ; Loss: 29.625 ; Acc: 33.114
2018-09-19 15:08:52,973:INFO: [TRAIN] Step: 95 ; Loss: 29.356 ; Acc: 33.116
2018-09-19 15:08:53,053:INFO: [TRAIN] Step: 96 ; Loss: 28.880 ; Acc: 33.076
2018-09-19 15:08:53,126:INFO: [TRAIN] Step: 97 ; Loss: 33.124 ; Acc: 33.121
2018-09-19 15:08:53,204:INFO: [TRAIN] Step: 98 ; Loss: 27.620 ; Acc: 33.249
2018-09-19 15:08:53,275:INFO: [TRAIN] Step: 99 ; Loss: 28.586 ; Acc: 33.375
2018-09-19 15:08:53,354:INFO: [TRAIN] Step: 100 ; Loss: 31.175 ; Acc: 33.416
2018-09-19 15:08:53,432:INFO: [TRAIN] Step: 101 ; Loss: 27.269 ; Acc: 33.538
2018-09-19 15:08:53,510:INFO: [TRAIN] Step: 102 ; Loss: 29.632 ; Acc: 33.495
2018-09-19 15:08:53,584:INFO: [TRAIN] Step: 103 ; Loss: 29.817 ; Acc: 33.534
2018-09-19 15:08:53,663:INFO: [TRAIN] Step: 104 ; Loss: 29.535 ; Acc: 33.492
2018-09-19 15:08:53,735:INFO: [TRAIN] Step: 105 ; Loss: 29.567 ; Acc: 33.491
2018-09-19 15:08:53,815:INFO: [TRAIN] Step: 106 ; Loss: 29.565 ; Acc: 33.489
2018-09-19 15:08:53,886:INFO: [TRAIN] Step: 107 ; Loss: 31.453 ; Acc: 33.526
2018-09-19 15:08:53,968:INFO: [TRAIN] Step: 108 ; Loss: 29.820 ; Acc: 33.524
2018-09-19 15:08:54,042:INFO: [TRAIN] Step: 109 ; Loss: 28.966 ; Acc: 33.561
2018-09-19 15:08:54,122:INFO: [TRAIN] Step: 110 ; Loss: 30.975 ; Acc: 33.483
2018-09-19 15:08:54,196:INFO: [TRAIN] Step: 111 ; Loss: 29.271 ; Acc: 33.408
2018-09-19 15:08:54,275:INFO: [TRAIN] Step: 112 ; Loss: 31.627 ; Acc: 33.370
2018-09-19 15:08:54,349:INFO: [TRAIN] Step: 113 ; Loss: 28.005 ; Acc: 33.370
2018-09-19 15:08:54,432:INFO: [TRAIN] Step: 114 ; Loss: 29.221 ; Acc: 33.442
2018-09-19 15:08:54,503:INFO: [TRAIN] Step: 115 ; Loss: 34.605 ; Acc: 33.333
2018-09-19 15:08:54,581:INFO: [TRAIN] Step: 116 ; Loss: 28.667 ; Acc: 33.369
2018-09-19 15:08:54,656:INFO: [TRAIN] Step: 117 ; Loss: 25.646 ; Acc: 33.439
2018-09-19 15:08:54,735:INFO: [TRAIN] Step: 118 ; Loss: 26.628 ; Acc: 33.613
2018-09-19 15:08:54,808:INFO: [TRAIN] Step: 119 ; Loss: 30.921 ; Acc: 33.576
2018-09-19 15:08:54,886:INFO: [TRAIN] Step: 120 ; Loss: 31.164 ; Acc: 33.574
2018-09-19 15:08:54,960:INFO: [TRAIN] Step: 121 ; Loss: 28.847 ; Acc: 33.641
2018-09-19 15:08:55,040:INFO: [TRAIN] Step: 122 ; Loss: 28.657 ; Acc: 33.740
2018-09-19 15:08:55,114:INFO: [TRAIN] Step: 123 ; Loss: 29.350 ; Acc: 33.837
2018-09-19 15:08:55,193:INFO: [TRAIN] Step: 124 ; Loss: 27.873 ; Acc: 33.867
2018-09-19 15:08:55,268:INFO: [TRAIN] Step: 125 ; Loss: 30.227 ; Acc: 33.796
2018-09-19 15:08:55,352:INFO: [TRAIN] Step: 126 ; Loss: 27.894 ; Acc: 33.793
2018-09-19 15:08:55,427:INFO: [TRAIN] Step: 127 ; Loss: 32.357 ; Acc: 33.691
2018-09-19 15:08:55,506:INFO: [TRAIN] Step: 128 ; Loss: 30.545 ; Acc: 33.624
2018-09-19 15:08:55,579:INFO: [TRAIN] Step: 129 ; Loss: 28.840 ; Acc: 33.558
2018-09-19 15:08:55,659:INFO: [TRAIN] Step: 130 ; Loss: 34.344 ; Acc: 33.588
2018-09-19 15:08:55,732:INFO: [TRAIN] Step: 131 ; Loss: 29.580 ; Acc: 33.554
2018-09-19 15:08:55,815:INFO: [TRAIN] Step: 132 ; Loss: 26.931 ; Acc: 33.615
2018-09-19 15:08:55,890:INFO: [TRAIN] Step: 133 ; Loss: 31.527 ; Acc: 33.520
2018-09-19 15:08:55,994:INFO: [TRAIN] Step: 134 ; Loss: 28.178 ; Acc: 33.549
2018-09-19 15:08:56,067:INFO: [TRAIN] Step: 135 ; Loss: 33.246 ; Acc: 33.548
2018-09-19 15:08:56,147:INFO: [TRAIN] Step: 136 ; Loss: 31.945 ; Acc: 33.425
2018-09-19 15:08:56,225:INFO: [TRAIN] Step: 137 ; Loss: 32.478 ; Acc: 33.424
2018-09-19 15:08:56,307:INFO: [TRAIN] Step: 138 ; Loss: 27.087 ; Acc: 33.363
2018-09-19 15:08:56,383:INFO: [TRAIN] Step: 139 ; Loss: 31.250 ; Acc: 33.274
2018-09-19 15:08:56,470:INFO: [TRAIN] Step: 140 ; Loss: 28.784 ; Acc: 33.304
2018-09-19 15:08:56,542:INFO: [TRAIN] Step: 141 ; Loss: 32.215 ; Acc: 33.069
2018-09-19 15:08:56,623:INFO: [TRAIN] Step: 142 ; Loss: 29.163 ; Acc: 33.013
2018-09-19 15:08:56,695:INFO: [TRAIN] Step: 143 ; Loss: 27.597 ; Acc: 33.073
2018-09-19 15:08:56,773:INFO: [TRAIN] Step: 144 ; Loss: 31.242 ; Acc: 33.132
2018-09-19 15:08:56,846:INFO: [TRAIN] Step: 145 ; Loss: 26.530 ; Acc: 33.134
2018-09-19 15:08:56,925:INFO: [TRAIN] Step: 146 ; Loss: 29.985 ; Acc: 33.107
2018-09-19 15:08:56,996:INFO: [TRAIN] Step: 147 ; Loss: 26.379 ; Acc: 33.221
2018-09-19 15:08:57,074:INFO: [TRAIN] Step: 148 ; Loss: 32.068 ; Acc: 33.221
2018-09-19 15:08:57,145:INFO: [TRAIN] Step: 149 ; Loss: 25.223 ; Acc: 33.333
2018-09-19 15:08:57,226:INFO: [TRAIN] Step: 150 ; Loss: 27.866 ; Acc: 33.361
2018-09-19 15:08:57,301:INFO: [TRAIN] Step: 151 ; Loss: 29.480 ; Acc: 33.361
2018-09-19 15:08:57,381:INFO: [TRAIN] Step: 152 ; Loss: 31.890 ; Acc: 33.279
2018-09-19 15:08:57,455:INFO: [TRAIN] Step: 153 ; Loss: 34.501 ; Acc: 33.225
2018-09-19 15:08:57,534:INFO: [TRAIN] Step: 154 ; Loss: 26.794 ; Acc: 33.333
2018-09-19 15:08:57,608:INFO: [TRAIN] Step: 155 ; Loss: 25.650 ; Acc: 33.494
2018-09-19 15:08:57,687:INFO: [TRAIN] Step: 156 ; Loss: 27.672 ; Acc: 33.493
2018-09-19 15:08:57,760:INFO: [TRAIN] Step: 157 ; Loss: 30.545 ; Acc: 33.492
2018-09-19 15:08:57,840:INFO: [TRAIN] Step: 158 ; Loss: 28.477 ; Acc: 33.491
2018-09-19 15:08:57,916:INFO: [TRAIN] Step: 159 ; Loss: 28.986 ; Acc: 33.438
2018-09-19 15:08:57,995:INFO: [TRAIN] Step: 160 ; Loss: 28.127 ; Acc: 33.489
2018-09-19 15:08:58,069:INFO: [TRAIN] Step: 161 ; Loss: 28.762 ; Acc: 33.565
2018-09-19 15:08:58,147:INFO: [TRAIN] Step: 162 ; Loss: 28.424 ; Acc: 33.538
2018-09-19 15:08:58,220:INFO: [TRAIN] Step: 163 ; Loss: 26.587 ; Acc: 33.460
2018-09-19 15:08:58,296:INFO: [TRAIN] Step: 164 ; Loss: 29.214 ; Acc: 33.460
2018-09-19 15:08:58,370:INFO: [TRAIN] Step: 165 ; Loss: 28.323 ; Acc: 33.509
2018-09-19 15:08:58,449:INFO: [TRAIN] Step: 166 ; Loss: 28.938 ; Acc: 33.433
2018-09-19 15:08:58,522:INFO: [TRAIN] Step: 167 ; Loss: 21.864 ; Acc: 33.383
2018-09-19 15:08:58,602:INFO: [TRAIN] Step: 168 ; Loss: 27.661 ; Acc: 33.333
2018-09-19 15:08:58,673:INFO: [TRAIN] Step: 169 ; Loss: 27.848 ; Acc: 33.284
2018-09-19 15:08:58,751:INFO: [TRAIN] Step: 170 ; Loss: 26.947 ; Acc: 33.236
2018-09-19 15:08:58,824:INFO: [TRAIN] Step: 171 ; Loss: 30.846 ; Acc: 33.188
2018-09-19 15:08:58,900:INFO: [TRAIN] Step: 172 ; Loss: 32.364 ; Acc: 33.141
2018-09-19 15:08:58,975:INFO: [TRAIN] Step: 173 ; Loss: 28.311 ; Acc: 33.094
2018-09-19 15:08:59,055:INFO: [TRAIN] Step: 174 ; Loss: 27.283 ; Acc: 33.048
2018-09-19 15:08:59,128:INFO: [TRAIN] Step: 175 ; Loss: 30.406 ; Acc: 33.049
2018-09-19 15:08:59,208:INFO: [TRAIN] Step: 176 ; Loss: 29.722 ; Acc: 33.027
2018-09-19 15:08:59,282:INFO: [TRAIN] Step: 177 ; Loss: 28.660 ; Acc: 33.052
2018-09-19 15:08:59,359:INFO: [TRAIN] Step: 178 ; Loss: 30.413 ; Acc: 33.054
2018-09-19 15:08:59,434:INFO: [TRAIN] Step: 179 ; Loss: 30.228 ; Acc: 33.032
2018-09-19 15:08:59,523:INFO: [TRAIN] Step: 180 ; Loss: 27.656 ; Acc: 33.034
2018-09-19 15:08:59,597:INFO: [TRAIN] Step: 181 ; Loss: 25.041 ; Acc: 33.059
2018-09-19 15:08:59,675:INFO: [TRAIN] Step: 182 ; Loss: 25.954 ; Acc: 33.106
2018-09-19 15:08:59,752:INFO: [TRAIN] Step: 183 ; Loss: 25.865 ; Acc: 33.220
2018-09-19 15:08:59,833:INFO: [TRAIN] Step: 184 ; Loss: 29.788 ; Acc: 33.198
2018-09-19 15:08:59,904:INFO: [TRAIN] Step: 185 ; Loss: 28.812 ; Acc: 33.132
2018-09-19 15:08:59,984:INFO: [TRAIN] Step: 186 ; Loss: 29.143 ; Acc: 33.111
2018-09-19 15:09:00,058:INFO: [TRAIN] Step: 187 ; Loss: 27.936 ; Acc: 33.223
2018-09-19 15:09:00,137:INFO: [TRAIN] Step: 188 ; Loss: 27.460 ; Acc: 33.179
2018-09-19 15:09:00,211:INFO: [TRAIN] Step: 189 ; Loss: 27.627 ; Acc: 33.246
2018-09-19 15:09:00,297:INFO: [TRAIN] Step: 190 ; Loss: 33.641 ; Acc: 33.181
2018-09-19 15:09:00,369:INFO: [TRAIN] Step: 191 ; Loss: 25.242 ; Acc: 33.160
2018-09-19 15:09:00,453:INFO: [TRAIN] Step: 192 ; Loss: 28.569 ; Acc: 33.161
2018-09-19 15:09:00,527:INFO: [TRAIN] Step: 193 ; Loss: 25.478 ; Acc: 33.269
2018-09-19 15:09:00,606:INFO: [TRAIN] Step: 194 ; Loss: 25.552 ; Acc: 33.376
2018-09-19 15:09:00,680:INFO: [TRAIN] Step: 195 ; Loss: 24.100 ; Acc: 33.525
2018-09-19 15:09:00,759:INFO: [TRAIN] Step: 196 ; Loss: 24.663 ; Acc: 33.545
2018-09-19 15:09:00,835:INFO: [TRAIN] Step: 197 ; Loss: 25.576 ; Acc: 33.628
2018-09-19 15:09:00,916:INFO: [TRAIN] Step: 198 ; Loss: 27.074 ; Acc: 33.689
2018-09-19 15:09:00,989:INFO: [TRAIN] Step: 199 ; Loss: 32.653 ; Acc: 33.708
2018-09-19 15:09:01,070:INFO: [TRAIN] Step: 200 ; Loss: 28.294 ; Acc: 33.748
2018-09-19 15:09:01,145:INFO: [TRAIN] Step: 201 ; Loss: 30.239 ; Acc: 33.746
2018-09-19 15:09:01,225:INFO: [TRAIN] Step: 202 ; Loss: 24.510 ; Acc: 33.764
2018-09-19 15:09:01,297:INFO: [TRAIN] Step: 203 ; Loss: 27.361 ; Acc: 33.885
2018-09-19 15:09:01,378:INFO: [TRAIN] Step: 204 ; Loss: 29.013 ; Acc: 33.841
2018-09-19 15:09:01,449:INFO: [TRAIN] Step: 205 ; Loss: 27.227 ; Acc: 33.839
2018-09-19 15:09:01,531:INFO: [TRAIN] Step: 206 ; Loss: 29.008 ; Acc: 33.816
2018-09-19 15:09:01,603:INFO: [TRAIN] Step: 207 ; Loss: 28.536 ; Acc: 33.834
2018-09-19 15:09:01,683:INFO: [TRAIN] Step: 208 ; Loss: 28.065 ; Acc: 33.852
2018-09-19 15:09:01,756:INFO: [TRAIN] Step: 209 ; Loss: 26.935 ; Acc: 33.929
2018-09-19 15:09:01,836:INFO: [TRAIN] Step: 210 ; Loss: 27.933 ; Acc: 34.005
2018-09-19 15:09:01,909:INFO: [TRAIN] Step: 211 ; Loss: 28.381 ; Acc: 33.943
2018-09-19 15:09:01,989:INFO: [TRAIN] Step: 212 ; Loss: 24.857 ; Acc: 33.979
2018-09-19 15:09:02,063:INFO: [TRAIN] Step: 213 ; Loss: 29.980 ; Acc: 33.995
2018-09-19 15:09:02,144:INFO: [TRAIN] Step: 214 ; Loss: 25.982 ; Acc: 34.012
2018-09-19 15:09:02,217:INFO: [TRAIN] Step: 215 ; Loss: 28.675 ; Acc: 33.931
2018-09-19 15:09:02,298:INFO: [TRAIN] Step: 216 ; Loss: 27.543 ; Acc: 33.948
2018-09-19 15:09:02,371:INFO: [TRAIN] Step: 217 ; Loss: 26.616 ; Acc: 34.002
2018-09-19 15:09:02,450:INFO: [TRAIN] Step: 218 ; Loss: 28.229 ; Acc: 33.999
2018-09-19 15:09:02,523:INFO: [TRAIN] Step: 219 ; Loss: 27.483 ; Acc: 33.996
2018-09-19 15:09:02,601:INFO: [TRAIN] Step: 220 ; Loss: 27.514 ; Acc: 34.012
2018-09-19 15:09:02,675:INFO: [TRAIN] Step: 221 ; Loss: 26.156 ; Acc: 34.009
2018-09-19 15:09:02,754:INFO: [TRAIN] Step: 222 ; Loss: 35.059 ; Acc: 33.950
2018-09-19 15:09:02,827:INFO: [TRAIN] Step: 223 ; Loss: 34.173 ; Acc: 33.947
2018-09-19 15:09:02,907:INFO: [TRAIN] Step: 224 ; Loss: 24.158 ; Acc: 34.019
2018-09-19 15:09:02,982:INFO: [TRAIN] Step: 225 ; Loss: 25.492 ; Acc: 34.015
2018-09-19 15:09:03,062:INFO: [TRAIN] Step: 226 ; Loss: 27.650 ; Acc: 34.086
2018-09-19 15:09:03,138:INFO: [TRAIN] Step: 227 ; Loss: 27.251 ; Acc: 34.119
2018-09-19 15:09:03,218:INFO: [TRAIN] Step: 228 ; Loss: 32.032 ; Acc: 34.098
2018-09-19 15:09:03,290:INFO: [TRAIN] Step: 229 ; Loss: 31.153 ; Acc: 34.058
2018-09-19 15:09:03,369:INFO: [TRAIN] Step: 230 ; Loss: 28.254 ; Acc: 34.109
2018-09-19 15:09:03,461:INFO: [TRAIN] Step: 231 ; Loss: 26.506 ; Acc: 34.124
2018-09-19 15:09:03,549:INFO: [TRAIN] Step: 232 ; Loss: 25.958 ; Acc: 34.156
2018-09-19 15:09:03,623:INFO: [TRAIN] Step: 233 ; Loss: 26.600 ; Acc: 34.152
2018-09-19 15:09:03,702:INFO: [TRAIN] Step: 234 ; Loss: 29.002 ; Acc: 34.113
2018-09-19 15:09:03,775:INFO: [TRAIN] Step: 235 ; Loss: 27.854 ; Acc: 34.145
2018-09-19 15:09:03,853:INFO: [TRAIN] Step: 236 ; Loss: 25.676 ; Acc: 34.160
2018-09-19 15:09:03,927:INFO: [TRAIN] Step: 237 ; Loss: 27.216 ; Acc: 34.174
2018-09-19 15:09:04,007:INFO: [TRAIN] Step: 238 ; Loss: 29.298 ; Acc: 34.118
2018-09-19 15:09:04,078:INFO: [TRAIN] Step: 239 ; Loss: 29.264 ; Acc: 34.167
2018-09-19 15:09:04,159:INFO: [TRAIN] Step: 240 ; Loss: 28.209 ; Acc: 34.198
2018-09-19 15:09:04,231:INFO: [TRAIN] Step: 241 ; Loss: 27.926 ; Acc: 34.211
2018-09-19 15:09:04,310:INFO: [TRAIN] Step: 242 ; Loss: 28.959 ; Acc: 34.208
2018-09-19 15:09:04,382:INFO: [TRAIN] Step: 243 ; Loss: 28.628 ; Acc: 34.170
2018-09-19 15:09:04,463:INFO: [TRAIN] Step: 244 ; Loss: 25.894 ; Acc: 34.184
2018-09-19 15:09:04,535:INFO: [TRAIN] Step: 245 ; Loss: 29.279 ; Acc: 34.197
2018-09-19 15:09:04,614:INFO: [TRAIN] Step: 246 ; Loss: 28.106 ; Acc: 34.177
2018-09-19 15:09:04,687:INFO: [TRAIN] Step: 247 ; Loss: 27.419 ; Acc: 34.241
2018-09-19 15:09:04,766:INFO: [TRAIN] Step: 248 ; Loss: 33.910 ; Acc: 34.187
2018-09-19 15:09:04,840:INFO: [TRAIN] Step: 249 ; Loss: 26.126 ; Acc: 34.200
2018-09-19 15:09:04,923:INFO: [TRAIN] Step: 250 ; Loss: 28.336 ; Acc: 34.263
2018-09-19 15:09:04,994:INFO: [TRAIN] Step: 251 ; Loss: 32.148 ; Acc: 34.243
2018-09-19 15:09:05,074:INFO: [TRAIN] Step: 252 ; Loss: 29.042 ; Acc: 34.272
2018-09-19 15:09:05,145:INFO: [TRAIN] Step: 253 ; Loss: 27.102 ; Acc: 34.285
2018-09-19 15:09:05,224:INFO: [TRAIN] Step: 254 ; Loss: 27.442 ; Acc: 34.297
2018-09-19 15:09:05,297:INFO: [TRAIN] Step: 255 ; Loss: 25.906 ; Acc: 34.310
2018-09-19 15:09:05,377:INFO: [TRAIN] Step: 256 ; Loss: 24.544 ; Acc: 34.339
2018-09-19 15:09:05,450:INFO: [TRAIN] Step: 257 ; Loss: 24.697 ; Acc: 34.367
2018-09-19 15:09:05,528:INFO: [TRAIN] Step: 258 ; Loss: 30.569 ; Acc: 34.363
2018-09-19 15:09:05,602:INFO: [TRAIN] Step: 259 ; Loss: 28.555 ; Acc: 34.375
2018-09-19 15:09:05,682:INFO: [TRAIN] Step: 260 ; Loss: 28.222 ; Acc: 34.323
2018-09-19 15:09:05,754:INFO: [TRAIN] Step: 261 ; Loss: 25.366 ; Acc: 34.335
2018-09-19 15:09:05,842:INFO: [TRAIN] Step: 262 ; Loss: 28.618 ; Acc: 34.347
2018-09-19 15:09:05,915:INFO: [TRAIN] Step: 263 ; Loss: 29.363 ; Acc: 34.328
2018-09-19 15:09:05,994:INFO: [TRAIN] Step: 264 ; Loss: 28.734 ; Acc: 34.340
2018-09-19 15:09:06,066:INFO: [TRAIN] Step: 265 ; Loss: 33.395 ; Acc: 34.289
2018-09-19 15:09:06,146:INFO: [TRAIN] Step: 266 ; Loss: 29.812 ; Acc: 34.285
2018-09-19 15:09:06,219:INFO: [TRAIN] Step: 267 ; Loss: 26.950 ; Acc: 34.359
2018-09-19 15:09:06,298:INFO: [TRAIN] Step: 268 ; Loss: 29.006 ; Acc: 34.278
2018-09-19 15:09:06,371:INFO: [TRAIN] Step: 269 ; Loss: 32.332 ; Acc: 34.228
2018-09-19 15:09:06,453:INFO: [TRAIN] Step: 270 ; Loss: 27.639 ; Acc: 34.240
2018-09-19 15:09:06,531:INFO: [TRAIN] Step: 271 ; Loss: 28.059 ; Acc: 34.268
2018-09-19 15:09:06,610:INFO: [TRAIN] Step: 272 ; Loss: 27.619 ; Acc: 34.219
2018-09-19 15:09:06,685:INFO: [TRAIN] Step: 273 ; Loss: 26.039 ; Acc: 34.246
2018-09-19 15:09:06,766:INFO: [TRAIN] Step: 274 ; Loss: 30.110 ; Acc: 34.227
2018-09-19 15:09:06,841:INFO: [TRAIN] Step: 275 ; Loss: 27.331 ; Acc: 34.269
2018-09-19 15:09:06,920:INFO: [TRAIN] Step: 276 ; Loss: 29.296 ; Acc: 34.236
2018-09-19 15:09:06,995:INFO: [TRAIN] Step: 277 ; Loss: 28.991 ; Acc: 34.218
2018-09-19 15:09:07,073:INFO: [TRAIN] Step: 278 ; Loss: 31.552 ; Acc: 34.170
2018-09-19 15:09:07,145:INFO: [TRAIN] Step: 279 ; Loss: 27.395 ; Acc: 34.167
2018-09-19 15:09:07,224:INFO: [TRAIN] Step: 280 ; Loss: 31.805 ; Acc: 34.164
2018-09-19 15:09:07,299:INFO: [TRAIN] Step: 281 ; Loss: 27.673 ; Acc: 34.146
2018-09-19 15:09:07,379:INFO: [TRAIN] Step: 282 ; Loss: 31.219 ; Acc: 34.114
2018-09-19 15:09:07,450:INFO: [TRAIN] Step: 283 ; Loss: 29.977 ; Acc: 34.082
2018-09-19 15:09:07,533:INFO: [TRAIN] Step: 284 ; Loss: 28.987 ; Acc: 34.050
2018-09-19 15:09:07,609:INFO: [TRAIN] Step: 285 ; Loss: 25.956 ; Acc: 34.047
2018-09-19 15:09:07,689:INFO: [TRAIN] Step: 286 ; Loss: 28.391 ; Acc: 34.030
2018-09-19 15:09:07,761:INFO: [TRAIN] Step: 287 ; Loss: 32.407 ; Acc: 33.999
2018-09-19 15:09:07,841:INFO: [TRAIN] Step: 288 ; Loss: 29.417 ; Acc: 33.924
2018-09-19 15:09:07,915:INFO: [TRAIN] Step: 289 ; Loss: 25.490 ; Acc: 33.879
2018-09-19 15:09:07,997:INFO: [TRAIN] Step: 290 ; Loss: 30.192 ; Acc: 33.806
2018-09-19 15:09:08,070:INFO: [TRAIN] Step: 291 ; Loss: 27.824 ; Acc: 33.790
2018-09-19 15:09:08,150:INFO: [TRAIN] Step: 292 ; Loss: 29.188 ; Acc: 33.803
2018-09-19 15:09:08,221:INFO: [TRAIN] Step: 293 ; Loss: 28.602 ; Acc: 33.773
2018-09-19 15:09:08,302:INFO: [TRAIN] Step: 294 ; Loss: 29.422 ; Acc: 33.757
2018-09-19 15:09:08,375:INFO: [TRAIN] Step: 295 ; Loss: 28.107 ; Acc: 33.770
2018-09-19 15:09:08,455:INFO: [TRAIN] Step: 296 ; Loss: 30.710 ; Acc: 33.768
2018-09-19 15:09:08,530:INFO: [TRAIN] Step: 297 ; Loss: 29.414 ; Acc: 33.781
2018-09-19 15:09:08,610:INFO: [TRAIN] Step: 298 ; Loss: 29.711 ; Acc: 33.821
2018-09-19 15:09:08,683:INFO: [TRAIN] Step: 299 ; Loss: 27.282 ; Acc: 33.847
2018-09-19 15:09:08,766:INFO: [TRAIN] Step: 300 ; Loss: 27.760 ; Acc: 33.832
2018-09-19 15:09:08,839:INFO: [TRAIN] Step: 301 ; Loss: 31.582 ; Acc: 33.844
2018-09-19 15:09:08,919:INFO: [TRAIN] Step: 302 ; Loss: 28.041 ; Acc: 33.897
2018-09-19 15:09:08,992:INFO: [TRAIN] Step: 303 ; Loss: 26.059 ; Acc: 33.964
2018-09-19 15:09:09,074:INFO: [TRAIN] Step: 304 ; Loss: 29.607 ; Acc: 33.934
2018-09-19 15:09:09,149:INFO: [TRAIN] Step: 305 ; Loss: 30.122 ; Acc: 33.932
2018-09-19 15:09:09,229:INFO: [TRAIN] Step: 306 ; Loss: 27.597 ; Acc: 33.958
2018-09-19 15:09:09,300:INFO: [TRAIN] Step: 307 ; Loss: 26.608 ; Acc: 34.023
2018-09-19 15:09:09,380:INFO: [TRAIN] Step: 308 ; Loss: 27.150 ; Acc: 34.048
2018-09-19 15:09:09,451:INFO: [TRAIN] Step: 309 ; Loss: 30.462 ; Acc: 34.005
2018-09-19 15:09:09,530:INFO: [TRAIN] Step: 310 ; Loss: 30.370 ; Acc: 34.003
2018-09-19 15:09:09,602:INFO: [TRAIN] Step: 311 ; Loss: 30.368 ; Acc: 33.988
2018-09-19 15:09:09,681:INFO: [TRAIN] Step: 312 ; Loss: 27.237 ; Acc: 34.039
2018-09-19 15:09:09,762:INFO: [TRAIN] Step: 313 ; Loss: 24.901 ; Acc: 34.103
2018-09-19 15:09:09,845:INFO: [TRAIN] Step: 314 ; Loss: 27.196 ; Acc: 34.114
2018-09-19 15:09:09,917:INFO: [TRAIN] Step: 315 ; Loss: 25.175 ; Acc: 34.098
2018-09-19 15:09:09,995:INFO: [TRAIN] Step: 316 ; Loss: 27.918 ; Acc: 34.135
2018-09-19 15:09:10,069:INFO: [TRAIN] Step: 317 ; Loss: 33.051 ; Acc: 34.106
2018-09-19 15:09:10,150:INFO: [TRAIN] Step: 318 ; Loss: 30.132 ; Acc: 34.078
2018-09-19 15:09:10,223:INFO: [TRAIN] Step: 319 ; Loss: 25.970 ; Acc: 34.115
2018-09-19 15:09:10,305:INFO: [TRAIN] Step: 320 ; Loss: 26.192 ; Acc: 34.125
2018-09-19 15:09:10,377:INFO: [TRAIN] Step: 321 ; Loss: 28.475 ; Acc: 34.123
2018-09-19 15:09:10,456:INFO: [TRAIN] Step: 322 ; Loss: 26.374 ; Acc: 34.172
2018-09-19 15:09:10,528:INFO: [TRAIN] Step: 323 ; Loss: 26.180 ; Acc: 34.169
2018-09-19 15:09:10,608:INFO: [TRAIN] Step: 324 ; Loss: 26.426 ; Acc: 34.179
2018-09-19 15:09:10,678:INFO: [TRAIN] Step: 325 ; Loss: 32.571 ; Acc: 34.151
2018-09-19 15:09:10,757:INFO: [TRAIN] Step: 326 ; Loss: 27.677 ; Acc: 34.098
2018-09-19 15:09:10,831:INFO: [TRAIN] Step: 327 ; Loss: 28.010 ; Acc: 34.057
2018-09-19 15:09:10,911:INFO: [TRAIN] Step: 328 ; Loss: 30.655 ; Acc: 34.043
2018-09-19 15:09:10,984:INFO: [TRAIN] Step: 329 ; Loss: 29.110 ; Acc: 34.053
2018-09-19 15:09:11,064:INFO: [TRAIN] Step: 330 ; Loss: 31.018 ; Acc: 34.076
2018-09-19 15:09:11,138:INFO: [TRAIN] Step: 331 ; Loss: 24.494 ; Acc: 34.111
2018-09-19 15:09:11,219:INFO: [TRAIN] Step: 332 ; Loss: 32.433 ; Acc: 34.072
2018-09-19 15:09:11,292:INFO: [TRAIN] Step: 333 ; Loss: 24.196 ; Acc: 34.119
2018-09-19 15:09:11,375:INFO: [TRAIN] Step: 334 ; Loss: 25.635 ; Acc: 34.142
2018-09-19 15:09:11,447:INFO: [TRAIN] Step: 335 ; Loss: 28.323 ; Acc: 34.201
2018-09-19 15:09:11,527:INFO: [TRAIN] Step: 336 ; Loss: 30.597 ; Acc: 34.211
2018-09-19 15:09:11,600:INFO: [TRAIN] Step: 337 ; Loss: 31.072 ; Acc: 34.209
2018-09-19 15:09:11,680:INFO: [TRAIN] Step: 338 ; Loss: 27.402 ; Acc: 34.267
2018-09-19 15:09:11,754:INFO: [TRAIN] Step: 339 ; Loss: 28.258 ; Acc: 34.252
2018-09-19 15:09:11,831:INFO: [TRAIN] Step: 340 ; Loss: 27.587 ; Acc: 34.238
2018-09-19 15:09:11,907:INFO: [TRAIN] Step: 341 ; Loss: 26.646 ; Acc: 34.259
2018-09-19 15:09:11,987:INFO: [TRAIN] Step: 342 ; Loss: 28.584 ; Acc: 34.281
2018-09-19 15:09:12,071:INFO: [TRAIN] Step: 343 ; Loss: 27.684 ; Acc: 34.278
2018-09-19 15:09:12,155:INFO: [TRAIN] Step: 344 ; Loss: 29.977 ; Acc: 34.239
2018-09-19 15:09:12,228:INFO: [TRAIN] Step: 345 ; Loss: 25.991 ; Acc: 34.285
2018-09-19 15:09:12,308:INFO: [TRAIN] Step: 346 ; Loss: 31.919 ; Acc: 34.258
2018-09-19 15:09:12,380:INFO: [TRAIN] Step: 347 ; Loss: 30.130 ; Acc: 34.255
2018-09-19 15:09:12,459:INFO: [TRAIN] Step: 348 ; Loss: 25.887 ; Acc: 34.300
2018-09-19 15:09:12,533:INFO: [TRAIN] Step: 349 ; Loss: 27.729 ; Acc: 34.345
2018-09-19 15:09:12,611:INFO: [TRAIN] Step: 350 ; Loss: 30.081 ; Acc: 34.366
2018-09-19 15:09:12,687:INFO: [TRAIN] Step: 351 ; Loss: 27.182 ; Acc: 34.363
2018-09-19 15:09:12,770:INFO: [TRAIN] Step: 352 ; Loss: 28.607 ; Acc: 34.360
2018-09-19 15:09:12,843:INFO: [TRAIN] Step: 353 ; Loss: 32.342 ; Acc: 34.322
2018-09-19 15:09:12,927:INFO: [TRAIN] Step: 354 ; Loss: 29.903 ; Acc: 34.296
2018-09-19 15:09:13,003:INFO: [TRAIN] Step: 355 ; Loss: 27.976 ; Acc: 34.258
2018-09-19 15:09:13,083:INFO: [TRAIN] Step: 356 ; Loss: 25.740 ; Acc: 34.255
2018-09-19 15:09:13,155:INFO: [TRAIN] Step: 357 ; Loss: 28.533 ; Acc: 34.230
2018-09-19 15:09:13,235:INFO: [TRAIN] Step: 358 ; Loss: 27.621 ; Acc: 34.204
2018-09-19 15:09:13,305:INFO: [TRAIN] Step: 359 ; Loss: 27.203 ; Acc: 34.213
2018-09-19 15:09:13,389:INFO: [TRAIN] Step: 360 ; Loss: 31.651 ; Acc: 34.153
2018-09-19 15:09:13,460:INFO: [TRAIN] Step: 361 ; Loss: 29.470 ; Acc: 34.116
2018-09-19 15:09:13,540:INFO: [TRAIN] Step: 362 ; Loss: 29.283 ; Acc: 34.125
2018-09-19 15:09:13,613:INFO: [TRAIN] Step: 363 ; Loss: 27.798 ; Acc: 34.146
2018-09-19 15:09:13,693:INFO: [TRAIN] Step: 364 ; Loss: 24.645 ; Acc: 34.098
2018-09-19 15:09:13,766:INFO: [TRAIN] Step: 365 ; Loss: 27.258 ; Acc: 34.073
2018-09-19 15:09:13,846:INFO: [TRAIN] Step: 366 ; Loss: 31.205 ; Acc: 34.049
2018-09-19 15:09:13,920:INFO: [TRAIN] Step: 367 ; Loss: 33.645 ; Acc: 34.001
2018-09-19 15:09:14,000:INFO: [TRAIN] Step: 368 ; Loss: 29.564 ; Acc: 34.033
2018-09-19 15:09:14,076:INFO: [TRAIN] Step: 369 ; Loss: 28.088 ; Acc: 33.986
2018-09-19 15:09:14,158:INFO: [TRAIN] Step: 370 ; Loss: 29.475 ; Acc: 34.007
2018-09-19 15:09:14,231:INFO: [TRAIN] Step: 371 ; Loss: 27.568 ; Acc: 33.972
2018-09-19 15:09:14,310:INFO: [TRAIN] Step: 372 ; Loss: 27.218 ; Acc: 33.948
2018-09-19 15:09:14,384:INFO: [TRAIN] Step: 373 ; Loss: 31.649 ; Acc: 33.913
2018-09-19 15:09:14,464:INFO: [TRAIN] Step: 374 ; Loss: 26.615 ; Acc: 33.922
2018-09-19 15:09:14,538:INFO: [TRAIN] Step: 375 ; Loss: 32.468 ; Acc: 33.898
2018-09-19 15:09:14,618:INFO: [TRAIN] Step: 376 ; Loss: 28.670 ; Acc: 33.908
2018-09-19 15:09:14,691:INFO: [TRAIN] Step: 377 ; Loss: 26.112 ; Acc: 33.884
2018-09-19 15:09:14,771:INFO: [TRAIN] Step: 378 ; Loss: 25.143 ; Acc: 33.916
2018-09-19 15:09:14,843:INFO: [TRAIN] Step: 379 ; Loss: 26.430 ; Acc: 33.980
2018-09-19 15:09:14,921:INFO: [TRAIN] Step: 380 ; Loss: 27.955 ; Acc: 33.990
2018-09-19 15:09:14,994:INFO: [TRAIN] Step: 381 ; Loss: 30.922 ; Acc: 33.988
2018-09-19 15:09:15,076:INFO: [TRAIN] Step: 382 ; Loss: 26.702 ; Acc: 34.019
2018-09-19 15:09:15,149:INFO: [TRAIN] Step: 383 ; Loss: 33.675 ; Acc: 33.974
2018-09-19 15:09:15,229:INFO: [TRAIN] Step: 384 ; Loss: 27.920 ; Acc: 33.961
2018-09-19 15:09:15,302:INFO: [TRAIN] Step: 385 ; Loss: 27.617 ; Acc: 33.949
2018-09-19 15:09:15,382:INFO: [TRAIN] Step: 386 ; Loss: 26.380 ; Acc: 33.958
2018-09-19 15:09:15,455:INFO: [TRAIN] Step: 387 ; Loss: 32.241 ; Acc: 33.956
2018-09-19 15:09:15,535:INFO: [TRAIN] Step: 388 ; Loss: 29.886 ; Acc: 33.901
2018-09-19 15:09:15,609:INFO: [TRAIN] Step: 389 ; Loss: 27.403 ; Acc: 33.878
2018-09-19 15:09:15,689:INFO: [TRAIN] Step: 390 ; Loss: 31.979 ; Acc: 33.866
2018-09-19 15:09:15,762:INFO: [TRAIN] Step: 391 ; Loss: 26.127 ; Acc: 33.897
2018-09-19 15:09:15,850:INFO: [TRAIN] Step: 392 ; Loss: 30.790 ; Acc: 33.885
2018-09-19 15:09:15,923:INFO: [TRAIN] Step: 393 ; Loss: 27.809 ; Acc: 33.852
2018-09-19 15:09:16,001:INFO: [TRAIN] Step: 394 ; Loss: 25.838 ; Acc: 33.892
2018-09-19 15:09:16,075:INFO: [TRAIN] Step: 395 ; Loss: 27.767 ; Acc: 33.891
2018-09-19 15:09:16,152:INFO: [TRAIN] Step: 396 ; Loss: 30.542 ; Acc: 33.890
2018-09-19 15:09:16,226:INFO: [TRAIN] Step: 397 ; Loss: 26.230 ; Acc: 33.888
2018-09-19 15:09:16,304:INFO: [TRAIN] Step: 398 ; Loss: 28.139 ; Acc: 33.929
2018-09-19 15:09:16,377:INFO: [TRAIN] Step: 399 ; Loss: 27.521 ; Acc: 33.885
2018-09-19 15:09:16,456:INFO: [TRAIN] Step: 400 ; Loss: 27.223 ; Acc: 33.894
2018-09-19 15:09:16,534:INFO: [TRAIN] Step: 401 ; Loss: 29.429 ; Acc: 33.903
2018-09-19 15:09:16,615:INFO: [TRAIN] Step: 402 ; Loss: 25.982 ; Acc: 33.902
2018-09-19 15:09:16,686:INFO: [TRAIN] Step: 403 ; Loss: 28.389 ; Acc: 33.901
2018-09-19 15:09:16,764:INFO: [TRAIN] Step: 404 ; Loss: 31.298 ; Acc: 33.879
2018-09-19 15:09:16,837:INFO: [TRAIN] Step: 405 ; Loss: 25.722 ; Acc: 33.888
2018-09-19 15:09:16,918:INFO: [TRAIN] Step: 406 ; Loss: 30.030 ; Acc: 33.876
2018-09-19 15:09:16,991:INFO: [TRAIN] Step: 407 ; Loss: 29.863 ; Acc: 33.895
2018-09-19 15:09:17,070:INFO: [TRAIN] Step: 408 ; Loss: 31.703 ; Acc: 33.853
2018-09-19 15:09:17,149:INFO: [TRAIN] Step: 409 ; Loss: 27.635 ; Acc: 33.811
2018-09-19 15:09:17,228:INFO: [TRAIN] Step: 410 ; Loss: 27.608 ; Acc: 33.779
2018-09-19 15:09:17,301:INFO: [TRAIN] Step: 411 ; Loss: 29.315 ; Acc: 33.778
2018-09-19 15:09:17,381:INFO: [TRAIN] Step: 412 ; Loss: 31.970 ; Acc: 33.787
2018-09-19 15:09:17,456:INFO: [TRAIN] Step: 413 ; Loss: 29.575 ; Acc: 33.816
2018-09-19 15:09:17,538:INFO: [TRAIN] Step: 414 ; Loss: 27.742 ; Acc: 33.825
2018-09-19 15:09:17,618:INFO: [TRAIN] Step: 415 ; Loss: 30.494 ; Acc: 33.854
2018-09-19 15:09:17,698:INFO: [TRAIN] Step: 416 ; Loss: 32.782 ; Acc: 33.833
2018-09-19 15:09:17,771:INFO: [TRAIN] Step: 417 ; Loss: 27.846 ; Acc: 33.822
2018-09-19 15:09:17,849:INFO: [TRAIN] Step: 418 ; Loss: 31.075 ; Acc: 33.801
2018-09-19 15:09:17,924:INFO: [TRAIN] Step: 419 ; Loss: 24.469 ; Acc: 33.839
2018-09-19 15:09:18,004:INFO: [TRAIN] Step: 420 ; Loss: 27.907 ; Acc: 33.858
2018-09-19 15:09:18,076:INFO: [TRAIN] Step: 421 ; Loss: 30.083 ; Acc: 33.847
2018-09-19 15:09:18,154:INFO: [TRAIN] Step: 422 ; Loss: 28.855 ; Acc: 33.836
2018-09-19 15:09:18,228:INFO: [TRAIN] Step: 423 ; Loss: 28.774 ; Acc: 33.835
2018-09-19 15:09:18,307:INFO: [TRAIN] Step: 424 ; Loss: 30.146 ; Acc: 33.833
2018-09-19 15:09:18,379:INFO: [TRAIN] Step: 425 ; Loss: 28.497 ; Acc: 33.832
2018-09-19 15:09:18,458:INFO: [TRAIN] Step: 426 ; Loss: 31.807 ; Acc: 33.821
2018-09-19 15:09:18,530:INFO: [TRAIN] Step: 427 ; Loss: 28.401 ; Acc: 33.820
2018-09-19 15:09:18,608:INFO: [TRAIN] Step: 428 ; Loss: 31.066 ; Acc: 33.800
2018-09-19 15:09:18,681:INFO: [TRAIN] Step: 429 ; Loss: 26.785 ; Acc: 33.828
2018-09-19 15:09:18,760:INFO: [TRAIN] Step: 430 ; Loss: 30.741 ; Acc: 33.855
2018-09-19 15:09:18,835:INFO: [TRAIN] Step: 431 ; Loss: 28.751 ; Acc: 33.864
2018-09-19 15:09:18,914:INFO: [TRAIN] Step: 432 ; Loss: 29.689 ; Acc: 33.891
2018-09-19 15:09:18,988:INFO: [TRAIN] Step: 433 ; Loss: 28.391 ; Acc: 33.881
2018-09-19 15:09:19,068:INFO: [TRAIN] Step: 434 ; Loss: 28.258 ; Acc: 33.889
2018-09-19 15:09:19,143:INFO: [TRAIN] Step: 435 ; Loss: 27.592 ; Acc: 33.878
2018-09-19 15:09:19,224:INFO: [TRAIN] Step: 436 ; Loss: 29.249 ; Acc: 33.877
2018-09-19 15:09:19,297:INFO: [TRAIN] Step: 437 ; Loss: 27.167 ; Acc: 33.914
2018-09-19 15:09:19,376:INFO: [TRAIN] Step: 438 ; Loss: 25.827 ; Acc: 33.931
2018-09-19 15:09:19,450:INFO: [TRAIN] Step: 439 ; Loss: 30.624 ; Acc: 33.902
2018-09-19 15:09:19,528:INFO: [TRAIN] Step: 440 ; Loss: 31.916 ; Acc: 33.891
2018-09-19 15:09:19,601:INFO: [TRAIN] Step: 441 ; Loss: 25.481 ; Acc: 33.927
2018-09-19 15:09:19,680:INFO: [TRAIN] Step: 442 ; Loss: 27.848 ; Acc: 33.935
2018-09-19 15:09:19,753:INFO: [TRAIN] Step: 443 ; Loss: 25.291 ; Acc: 33.943
2018-09-19 15:09:19,832:INFO: [TRAIN] Step: 444 ; Loss: 27.609 ; Acc: 33.961
2018-09-19 15:09:19,905:INFO: [TRAIN] Step: 445 ; Loss: 33.838 ; Acc: 33.931
2018-09-19 15:09:19,986:INFO: [TRAIN] Step: 446 ; Loss: 31.110 ; Acc: 33.911
2018-09-19 15:09:20,057:INFO: [TRAIN] Step: 447 ; Loss: 30.935 ; Acc: 33.882
2018-09-19 15:09:20,138:INFO: [TRAIN] Step: 448 ; Loss: 28.939 ; Acc: 33.918
2018-09-19 15:09:20,212:INFO: [TRAIN] Step: 449 ; Loss: 25.517 ; Acc: 33.935
2018-09-19 15:09:20,292:INFO: [TRAIN] Step: 450 ; Loss: 29.576 ; Acc: 33.952
2018-09-19 15:09:20,366:INFO: [TRAIN] Step: 451 ; Loss: 30.040 ; Acc: 33.942
2018-09-19 15:09:20,443:INFO: [TRAIN] Step: 452 ; Loss: 27.868 ; Acc: 33.977
2018-09-19 15:09:20,517:INFO: [TRAIN] Step: 453 ; Loss: 27.097 ; Acc: 34.003
2018-09-19 15:09:20,596:INFO: [TRAIN] Step: 454 ; Loss: 31.362 ; Acc: 33.993
2018-09-19 15:09:20,669:INFO: [TRAIN] Step: 455 ; Loss: 25.327 ; Acc: 34.028
2018-09-19 15:09:20,749:INFO: [TRAIN] Step: 456 ; Loss: 24.135 ; Acc: 34.099
2018-09-19 15:09:20,820:INFO: [TRAIN] Step: 457 ; Loss: 32.420 ; Acc: 34.070
2018-09-19 15:09:20,902:INFO: [TRAIN] Step: 458 ; Loss: 31.755 ; Acc: 34.096
2018-09-19 15:09:20,973:INFO: [TRAIN] Step: 459 ; Loss: 29.252 ; Acc: 34.112
2018-09-19 15:09:21,052:INFO: [TRAIN] Step: 460 ; Loss: 26.108 ; Acc: 34.165
2018-09-19 15:09:21,126:INFO: [TRAIN] Step: 461 ; Loss: 26.209 ; Acc: 34.172
2018-09-19 15:09:21,207:INFO: [TRAIN] Step: 462 ; Loss: 27.657 ; Acc: 34.206
2018-09-19 15:09:21,281:INFO: [TRAIN] Step: 463 ; Loss: 32.017 ; Acc: 34.195
2018-09-19 15:09:21,361:INFO: [TRAIN] Step: 464 ; Loss: 25.909 ; Acc: 34.220
2018-09-19 15:09:21,434:INFO: [TRAIN] Step: 465 ; Loss: 29.518 ; Acc: 34.236
2018-09-19 15:09:21,515:INFO: [TRAIN] Step: 466 ; Loss: 31.842 ; Acc: 34.217
2018-09-19 15:09:21,585:INFO: [TRAIN] Step: 467 ; Loss: 31.229 ; Acc: 34.206
2018-09-19 15:09:21,665:INFO: [TRAIN] Step: 468 ; Loss: 28.501 ; Acc: 34.222
2018-09-19 15:09:21,735:INFO: [TRAIN] Step: 469 ; Loss: 27.805 ; Acc: 34.246
2018-09-19 15:09:21,815:INFO: [TRAIN] Step: 470 ; Loss: 30.155 ; Acc: 34.245
2018-09-19 15:09:21,888:INFO: [TRAIN] Step: 471 ; Loss: 27.957 ; Acc: 34.251
2018-09-19 15:09:21,968:INFO: [TRAIN] Step: 472 ; Loss: 25.063 ; Acc: 34.258
2018-09-19 15:09:22,042:INFO: [TRAIN] Step: 473 ; Loss: 30.951 ; Acc: 34.256
2018-09-19 15:09:22,121:INFO: [TRAIN] Step: 474 ; Loss: 31.622 ; Acc: 34.246
2018-09-19 15:09:22,195:INFO: [TRAIN] Step: 475 ; Loss: 26.678 ; Acc: 34.296
2018-09-19 15:09:22,274:INFO: [TRAIN] Step: 476 ; Loss: 29.599 ; Acc: 34.312
2018-09-19 15:09:22,348:INFO: [TRAIN] Step: 477 ; Loss: 31.679 ; Acc: 34.292
2018-09-19 15:09:22,429:INFO: [TRAIN] Step: 478 ; Loss: 28.229 ; Acc: 34.308
2018-09-19 15:09:22,500:INFO: [TRAIN] Step: 479 ; Loss: 30.998 ; Acc: 34.297
2018-09-19 15:09:22,580:INFO: [TRAIN] Step: 480 ; Loss: 24.982 ; Acc: 34.338
2018-09-19 15:09:22,652:INFO: [TRAIN] Step: 481 ; Loss: 30.157 ; Acc: 34.336
2018-09-19 15:09:22,734:INFO: [TRAIN] Step: 482 ; Loss: 27.490 ; Acc: 34.334
2018-09-19 15:09:22,808:INFO: [TRAIN] Step: 483 ; Loss: 27.191 ; Acc: 34.332
2018-09-19 15:09:22,885:INFO: [TRAIN] Step: 484 ; Loss: 27.366 ; Acc: 34.330
2018-09-19 15:09:22,959:INFO: [TRAIN] Step: 485 ; Loss: 29.837 ; Acc: 34.345
2018-09-19 15:09:23,037:INFO: [TRAIN] Step: 486 ; Loss: 30.047 ; Acc: 34.326
2018-09-19 15:09:23,110:INFO: [TRAIN] Step: 487 ; Loss: 31.130 ; Acc: 34.324
2018-09-19 15:09:23,189:INFO: [TRAIN] Step: 488 ; Loss: 27.301 ; Acc: 34.356
2018-09-19 15:09:23,268:INFO: [TRAIN] Step: 489 ; Loss: 23.563 ; Acc: 34.379
2018-09-19 15:09:23,347:INFO: [TRAIN] Step: 490 ; Loss: 26.925 ; Acc: 34.411
2018-09-19 15:09:23,420:INFO: [TRAIN] Step: 491 ; Loss: 28.715 ; Acc: 34.434
2018-09-19 15:09:23,501:INFO: [TRAIN] Step: 492 ; Loss: 28.259 ; Acc: 34.424
2018-09-19 15:09:23,575:INFO: [TRAIN] Step: 493 ; Loss: 27.854 ; Acc: 34.455
2018-09-19 15:09:23,656:INFO: [TRAIN] Step: 494 ; Loss: 26.719 ; Acc: 34.478
2018-09-19 15:09:23,729:INFO: [TRAIN] Step: 495 ; Loss: 30.755 ; Acc: 34.467
2018-09-19 15:09:23,808:INFO: [TRAIN] Step: 496 ; Loss: 27.246 ; Acc: 34.465
2018-09-19 15:09:23,879:INFO: [TRAIN] Step: 497 ; Loss: 28.109 ; Acc: 34.480
2018-09-19 15:09:23,958:INFO: [TRAIN] Step: 498 ; Loss: 30.302 ; Acc: 34.486
2018-09-19 15:09:24,031:INFO: [TRAIN] Step: 499 ; Loss: 30.688 ; Acc: 34.467
2018-09-19 15:09:24,112:INFO: [TRAIN] Step: 500 ; Loss: 33.275 ; Acc: 34.431
2018-09-19 15:09:24,188:INFO: [TRAIN] Step: 501 ; Loss: 28.825 ; Acc: 34.437
2018-09-19 15:09:24,267:INFO: [TRAIN] Step: 502 ; Loss: 27.929 ; Acc: 34.427
2018-09-19 15:09:24,340:INFO: [TRAIN] Step: 503 ; Loss: 27.161 ; Acc: 34.416
2018-09-19 15:09:24,420:INFO: [TRAIN] Step: 504 ; Loss: 23.906 ; Acc: 34.439
2018-09-19 15:09:24,492:INFO: [TRAIN] Step: 505 ; Loss: 27.473 ; Acc: 34.437
2018-09-19 15:09:24,572:INFO: [TRAIN] Step: 506 ; Loss: 30.947 ; Acc: 34.443
2018-09-19 15:09:24,644:INFO: [TRAIN] Step: 507 ; Loss: 31.588 ; Acc: 34.432
2018-09-19 15:09:24,724:INFO: [TRAIN] Step: 508 ; Loss: 25.722 ; Acc: 34.455
2018-09-19 15:09:24,802:INFO: [TRAIN] Step: 509 ; Loss: 27.535 ; Acc: 34.436
2018-09-19 15:09:24,882:INFO: [TRAIN] Step: 510 ; Loss: 28.098 ; Acc: 34.410
2018-09-19 15:09:24,954:INFO: [TRAIN] Step: 511 ; Loss: 29.740 ; Acc: 34.391
2018-09-19 15:09:25,032:INFO: [TRAIN] Step: 512 ; Loss: 28.181 ; Acc: 34.357
2018-09-19 15:09:25,103:INFO: [TRAIN] Step: 513 ; Loss: 30.752 ; Acc: 34.371
2018-09-19 15:09:25,183:INFO: [TRAIN] Step: 514 ; Loss: 32.446 ; Acc: 34.337
2018-09-19 15:09:25,256:INFO: [TRAIN] Step: 515 ; Loss: 25.767 ; Acc: 34.359
2018-09-19 15:09:25,336:INFO: [TRAIN] Step: 516 ; Loss: 29.747 ; Acc: 34.357
2018-09-19 15:09:25,408:INFO: [TRAIN] Step: 517 ; Loss: 29.380 ; Acc: 34.371
2018-09-19 15:09:25,488:INFO: [TRAIN] Step: 518 ; Loss: 25.829 ; Acc: 34.377
2018-09-19 15:09:25,561:INFO: [TRAIN] Step: 519 ; Loss: 24.943 ; Acc: 34.399
2018-09-19 15:09:25,641:INFO: [TRAIN] Step: 520 ; Loss: 30.051 ; Acc: 34.373
2018-09-19 15:09:25,713:INFO: [TRAIN] Step: 521 ; Loss: 27.853 ; Acc: 34.371
2018-09-19 15:09:25,793:INFO: [TRAIN] Step: 522 ; Loss: 32.792 ; Acc: 34.321
2018-09-19 15:09:25,864:INFO: [TRAIN] Step: 523 ; Loss: 29.650 ; Acc: 34.280
2018-09-19 15:09:25,944:INFO: [TRAIN] Step: 524 ; Loss: 30.611 ; Acc: 34.254
2018-09-19 15:09:26,015:INFO: [TRAIN] Step: 525 ; Loss: 29.095 ; Acc: 34.244
2018-09-19 15:09:26,095:INFO: [TRAIN] Step: 526 ; Loss: 28.202 ; Acc: 34.250
2018-09-19 15:09:26,167:INFO: [TRAIN] Step: 527 ; Loss: 27.536 ; Acc: 34.272
2018-09-19 15:09:26,246:INFO: [TRAIN] Step: 528 ; Loss: 25.858 ; Acc: 34.279
2018-09-19 15:09:26,318:INFO: [TRAIN] Step: 529 ; Loss: 29.220 ; Acc: 34.261
2018-09-19 15:09:26,398:INFO: [TRAIN] Step: 530 ; Loss: 25.937 ; Acc: 34.244
2018-09-19 15:09:26,471:INFO: [TRAIN] Step: 531 ; Loss: 24.499 ; Acc: 34.265
2018-09-19 15:09:26,556:INFO: [TRAIN] Step: 532 ; Loss: 29.953 ; Acc: 34.256
2018-09-19 15:09:26,628:INFO: [TRAIN] Step: 533 ; Loss: 28.058 ; Acc: 34.254
2018-09-19 15:09:26,707:INFO: [TRAIN] Step: 534 ; Loss: 28.350 ; Acc: 34.260
2018-09-19 15:09:26,781:INFO: [TRAIN] Step: 535 ; Loss: 29.190 ; Acc: 34.243
2018-09-19 15:09:26,863:INFO: [TRAIN] Step: 536 ; Loss: 27.157 ; Acc: 34.257
2018-09-19 15:09:26,937:INFO: [TRAIN] Step: 537 ; Loss: 29.077 ; Acc: 34.239
2018-09-19 15:09:27,019:INFO: [TRAIN] Step: 538 ; Loss: 30.910 ; Acc: 34.253
2018-09-19 15:09:27,092:INFO: [TRAIN] Step: 539 ; Loss: 30.741 ; Acc: 34.244
2018-09-19 15:09:27,173:INFO: [TRAIN] Step: 540 ; Loss: 26.841 ; Acc: 34.242
2018-09-19 15:09:27,247:INFO: [TRAIN] Step: 541 ; Loss: 25.008 ; Acc: 34.256
2018-09-19 15:09:27,327:INFO: [TRAIN] Step: 542 ; Loss: 28.689 ; Acc: 34.300
2018-09-19 15:09:27,402:INFO: [TRAIN] Step: 543 ; Loss: 27.059 ; Acc: 34.298
2018-09-19 15:09:27,481:INFO: [TRAIN] Step: 544 ; Loss: 27.128 ; Acc: 34.327
2018-09-19 15:09:27,553:INFO: [TRAIN] Step: 545 ; Loss: 26.793 ; Acc: 34.325
2018-09-19 15:09:27,634:INFO: [TRAIN] Step: 546 ; Loss: 27.752 ; Acc: 34.331
2018-09-19 15:09:27,707:INFO: [TRAIN] Step: 547 ; Loss: 31.856 ; Acc: 34.299
2018-09-19 15:09:27,786:INFO: [TRAIN] Step: 548 ; Loss: 30.471 ; Acc: 34.274
2018-09-19 15:09:27,859:INFO: [TRAIN] Step: 549 ; Loss: 30.876 ; Acc: 34.303
2018-09-19 15:09:27,940:INFO: [TRAIN] Step: 550 ; Loss: 29.730 ; Acc: 34.301
2018-09-19 15:09:28,013:INFO: [TRAIN] Step: 551 ; Loss: 29.038 ; Acc: 34.322
2018-09-19 15:09:28,106:INFO: [TRAIN] Step: 552 ; Loss: 29.133 ; Acc: 34.335
2018-09-19 15:09:28,181:INFO: [TRAIN] Step: 553 ; Loss: 29.075 ; Acc: 34.349
2018-09-19 15:09:28,260:INFO: [TRAIN] Step: 554 ; Loss: 27.619 ; Acc: 34.332
2018-09-19 15:09:28,332:INFO: [TRAIN] Step: 555 ; Loss: 28.636 ; Acc: 34.330
2018-09-19 15:09:28,410:INFO: [TRAIN] Step: 556 ; Loss: 28.225 ; Acc: 34.328
2018-09-19 15:09:28,482:INFO: [TRAIN] Step: 557 ; Loss: 25.454 ; Acc: 34.356
2018-09-19 15:09:28,560:INFO: [TRAIN] Step: 558 ; Loss: 28.364 ; Acc: 34.369
2018-09-19 15:09:28,632:INFO: [TRAIN] Step: 559 ; Loss: 29.420 ; Acc: 34.382
2018-09-19 15:09:28,711:INFO: [TRAIN] Step: 560 ; Loss: 24.990 ; Acc: 34.410
2018-09-19 15:09:28,784:INFO: [TRAIN] Step: 561 ; Loss: 29.177 ; Acc: 34.438
2018-09-19 15:09:28,864:INFO: [TRAIN] Step: 562 ; Loss: 29.904 ; Acc: 34.451
2018-09-19 15:09:28,937:INFO: [TRAIN] Step: 563 ; Loss: 26.051 ; Acc: 34.515
2018-09-19 15:09:29,017:INFO: [TRAIN] Step: 564 ; Loss: 25.397 ; Acc: 34.521
2018-09-19 15:09:29,096:INFO: [TRAIN] Step: 565 ; Loss: 32.730 ; Acc: 34.489
2018-09-19 15:09:29,175:INFO: [TRAIN] Step: 566 ; Loss: 28.548 ; Acc: 34.494
2018-09-19 15:09:29,247:INFO: [TRAIN] Step: 567 ; Loss: 28.838 ; Acc: 34.507
2018-09-19 15:09:29,327:INFO: [TRAIN] Step: 568 ; Loss: 28.843 ; Acc: 34.483
2018-09-19 15:09:29,400:INFO: [TRAIN] Step: 569 ; Loss: 29.220 ; Acc: 34.474
2018-09-19 15:09:29,480:INFO: [TRAIN] Step: 570 ; Loss: 29.512 ; Acc: 34.479
2018-09-19 15:09:29,551:INFO: [TRAIN] Step: 571 ; Loss: 30.778 ; Acc: 34.492
2018-09-19 15:09:29,631:INFO: [TRAIN] Step: 572 ; Loss: 27.047 ; Acc: 34.475
2018-09-19 15:09:29,702:INFO: [TRAIN] Step: 573 ; Loss: 27.789 ; Acc: 34.458
2018-09-19 15:09:29,781:INFO: [TRAIN] Step: 574 ; Loss: 28.363 ; Acc: 34.428
2018-09-19 15:09:29,852:INFO: [TRAIN] Step: 575 ; Loss: 26.772 ; Acc: 34.440
2018-09-19 15:09:29,933:INFO: [TRAIN] Step: 576 ; Loss: 30.112 ; Acc: 34.431
2018-09-19 15:09:30,005:INFO: [TRAIN] Step: 577 ; Loss: 27.508 ; Acc: 34.436
2018-09-19 15:09:30,086:INFO: [TRAIN] Step: 578 ; Loss: 26.787 ; Acc: 34.470
2018-09-19 15:09:30,159:INFO: [TRAIN] Step: 579 ; Loss: 29.144 ; Acc: 34.461
2018-09-19 15:09:30,239:INFO: [TRAIN] Step: 580 ; Loss: 28.902 ; Acc: 34.452
2018-09-19 15:09:30,312:INFO: [TRAIN] Step: 581 ; Loss: 28.080 ; Acc: 34.450
2018-09-19 15:09:30,392:INFO: [TRAIN] Step: 582 ; Loss: 26.376 ; Acc: 34.463
2018-09-19 15:09:30,463:INFO: [TRAIN] Step: 583 ; Loss: 25.943 ; Acc: 34.482
2018-09-19 15:09:30,541:INFO: [TRAIN] Step: 584 ; Loss: 28.991 ; Acc: 34.480
2018-09-19 15:09:30,614:INFO: [TRAIN] Step: 585 ; Loss: 27.719 ; Acc: 34.478
2018-09-19 15:09:30,693:INFO: [TRAIN] Step: 586 ; Loss: 28.410 ; Acc: 34.462
2018-09-19 15:09:30,767:INFO: [TRAIN] Step: 587 ; Loss: 29.816 ; Acc: 34.460
2018-09-19 15:09:30,853:INFO: [TRAIN] Step: 588 ; Loss: 26.491 ; Acc: 34.444
2018-09-19 15:09:30,926:INFO: [TRAIN] Step: 589 ; Loss: 25.594 ; Acc: 34.421
2018-09-19 15:09:31,007:INFO: [TRAIN] Step: 590 ; Loss: 31.108 ; Acc: 34.440
2018-09-19 15:09:31,081:INFO: [TRAIN] Step: 591 ; Loss: 30.970 ; Acc: 34.445
2018-09-19 15:09:31,160:INFO: [TRAIN] Step: 592 ; Loss: 29.651 ; Acc: 34.436
2018-09-19 15:09:31,231:INFO: [TRAIN] Step: 593 ; Loss: 28.507 ; Acc: 34.414
2018-09-19 15:09:31,310:INFO: [TRAIN] Step: 594 ; Loss: 29.545 ; Acc: 34.412
2018-09-19 15:09:31,383:INFO: [TRAIN] Step: 595 ; Loss: 33.362 ; Acc: 34.396
2018-09-19 15:09:31,464:INFO: [TRAIN] Step: 596 ; Loss: 30.005 ; Acc: 34.373
2018-09-19 15:09:31,536:INFO: [TRAIN] Step: 597 ; Loss: 27.833 ; Acc: 34.344
2018-09-19 15:09:31,618:INFO: [TRAIN] Step: 598 ; Loss: 29.506 ; Acc: 34.328
2018-09-19 15:09:31,692:INFO: [TRAIN] Step: 599 ; Loss: 30.831 ; Acc: 34.312
2018-09-19 15:09:31,773:INFO: [TRAIN] Step: 600 ; Loss: 30.547 ; Acc: 34.297
2018-09-19 15:09:31,845:INFO: [TRAIN] Step: 601 ; Loss: 30.029 ; Acc: 34.302
2018-09-19 15:09:31,925:INFO: [TRAIN] Step: 602 ; Loss: 28.354 ; Acc: 34.315
2018-09-19 15:09:31,998:INFO: [TRAIN] Step: 603 ; Loss: 27.837 ; Acc: 34.292
2018-09-19 15:09:32,078:INFO: [TRAIN] Step: 604 ; Loss: 29.070 ; Acc: 34.291
2018-09-19 15:09:32,152:INFO: [TRAIN] Step: 605 ; Loss: 26.032 ; Acc: 34.275
2018-09-19 15:09:32,231:INFO: [TRAIN] Step: 606 ; Loss: 27.894 ; Acc: 34.260
2018-09-19 15:09:32,304:INFO: [TRAIN] Step: 607 ; Loss: 25.204 ; Acc: 34.238
2018-09-19 15:09:32,382:INFO: [TRAIN] Step: 608 ; Loss: 28.978 ; Acc: 34.236
2018-09-19 15:09:32,455:INFO: [TRAIN] Step: 609 ; Loss: 27.317 ; Acc: 34.235
2018-09-19 15:09:32,532:INFO: [TRAIN] Step: 610 ; Loss: 27.265 ; Acc: 34.247
2018-09-19 15:09:32,606:INFO: [TRAIN] Step: 611 ; Loss: 24.220 ; Acc: 34.239
2018-09-19 15:09:32,685:INFO: [TRAIN] Step: 612 ; Loss: 29.668 ; Acc: 34.251
2018-09-19 15:09:32,759:INFO: [TRAIN] Step: 613 ; Loss: 33.423 ; Acc: 34.229
2018-09-19 15:09:32,840:INFO: [TRAIN] Step: 614 ; Loss: 27.173 ; Acc: 34.241
2018-09-19 15:09:32,913:INFO: [TRAIN] Step: 615 ; Loss: 26.689 ; Acc: 34.253
2018-09-19 15:09:32,995:INFO: [TRAIN] Step: 616 ; Loss: 29.857 ; Acc: 34.252
2018-09-19 15:09:33,067:INFO: [TRAIN] Step: 617 ; Loss: 29.637 ; Acc: 34.264
2018-09-19 15:09:33,147:INFO: [TRAIN] Step: 618 ; Loss: 27.224 ; Acc: 34.256
2018-09-19 15:09:33,221:INFO: [TRAIN] Step: 619 ; Loss: 30.036 ; Acc: 34.227
2018-09-19 15:09:33,300:INFO: [TRAIN] Step: 620 ; Loss: 28.709 ; Acc: 34.226
2018-09-19 15:09:33,371:INFO: [TRAIN] Step: 621 ; Loss: 27.995 ; Acc: 34.224
2018-09-19 15:09:33,452:INFO: [TRAIN] Step: 622 ; Loss: 31.732 ; Acc: 34.216
2018-09-19 15:09:33,523:INFO: [TRAIN] Step: 623 ; Loss: 28.639 ; Acc: 34.228
2018-09-19 15:09:33,604:INFO: [TRAIN] Step: 624 ; Loss: 28.137 ; Acc: 34.227
2018-09-19 15:09:33,676:INFO: [TRAIN] Step: 625 ; Loss: 31.539 ; Acc: 34.212
2018-09-19 15:09:33,757:INFO: [TRAIN] Step: 626 ; Loss: 29.901 ; Acc: 34.211
2018-09-19 15:09:33,830:INFO: [TRAIN] Step: 627 ; Loss: 30.226 ; Acc: 34.229
2018-09-19 15:09:33,909:INFO: [TRAIN] Step: 628 ; Loss: 28.701 ; Acc: 34.228
2018-09-19 15:09:33,981:INFO: [TRAIN] Step: 629 ; Loss: 27.156 ; Acc: 34.246
2018-09-19 15:09:34,061:INFO: [TRAIN] Step: 630 ; Loss: 27.662 ; Acc: 34.245
2018-09-19 15:09:34,133:INFO: [TRAIN] Step: 631 ; Loss: 27.022 ; Acc: 34.250
2018-09-19 15:09:34,213:INFO: [TRAIN] Step: 632 ; Loss: 26.038 ; Acc: 34.261
2018-09-19 15:09:34,285:INFO: [TRAIN] Step: 633 ; Loss: 26.527 ; Acc: 34.299
2018-09-19 15:09:34,365:INFO: [TRAIN] Step: 634 ; Loss: 29.527 ; Acc: 34.318
2018-09-19 15:09:34,439:INFO: [TRAIN] Step: 635 ; Loss: 28.711 ; Acc: 34.323
2018-09-19 15:09:34,519:INFO: [TRAIN] Step: 636 ; Loss: 29.017 ; Acc: 34.341
2018-09-19 15:09:34,592:INFO: [TRAIN] Step: 637 ; Loss: 29.803 ; Acc: 34.339
2018-09-19 15:09:34,670:INFO: [TRAIN] Step: 638 ; Loss: 29.192 ; Acc: 34.324
2018-09-19 15:09:34,742:INFO: [TRAIN] Step: 639 ; Loss: 23.295 ; Acc: 34.349
2018-09-19 15:09:34,823:INFO: [TRAIN] Step: 640 ; Loss: 28.071 ; Acc: 34.354
2018-09-19 15:09:34,895:INFO: [TRAIN] Step: 641 ; Loss: 27.748 ; Acc: 34.359
2018-09-19 15:09:34,974:INFO: [TRAIN] Step: 642 ; Loss: 31.719 ; Acc: 34.331
2018-09-19 15:09:35,046:INFO: [TRAIN] Step: 643 ; Loss: 29.634 ; Acc: 34.330
2018-09-19 15:09:35,125:INFO: [TRAIN] Step: 644 ; Loss: 27.741 ; Acc: 34.335
2018-09-19 15:09:35,197:INFO: [TRAIN] Step: 645 ; Loss: 26.014 ; Acc: 34.365
2018-09-19 15:09:35,277:INFO: [TRAIN] Step: 646 ; Loss: 29.120 ; Acc: 34.364
2018-09-19 15:09:35,350:INFO: [TRAIN] Step: 647 ; Loss: 29.245 ; Acc: 34.349
2018-09-19 15:09:35,430:INFO: [TRAIN] Step: 648 ; Loss: 30.572 ; Acc: 34.361
2018-09-19 15:09:35,506:INFO: [TRAIN] Step: 649 ; Loss: 28.115 ; Acc: 34.359
2018-09-19 15:09:35,587:INFO: [TRAIN] Step: 650 ; Loss: 24.006 ; Acc: 34.370
2018-09-19 15:09:35,661:INFO: [TRAIN] Step: 651 ; Loss: 28.289 ; Acc: 34.362
2018-09-19 15:09:35,740:INFO: [TRAIN] Step: 652 ; Loss: 28.820 ; Acc: 34.373
2018-09-19 15:09:35,815:INFO: [TRAIN] Step: 653 ; Loss: 28.994 ; Acc: 34.391
2018-09-19 15:09:35,895:INFO: [TRAIN] Step: 654 ; Loss: 29.319 ; Acc: 34.408
2018-09-19 15:09:35,968:INFO: [TRAIN] Step: 655 ; Loss: 28.663 ; Acc: 34.426
2018-09-19 15:09:36,050:INFO: [TRAIN] Step: 656 ; Loss: 27.233 ; Acc: 34.443
2018-09-19 15:09:36,126:INFO: [TRAIN] Step: 657 ; Loss: 27.937 ; Acc: 34.473
2018-09-19 15:09:36,210:INFO: [TRAIN] Step: 658 ; Loss: 30.459 ; Acc: 34.471
2018-09-19 15:09:36,284:INFO: [TRAIN] Step: 659 ; Loss: 28.216 ; Acc: 34.444
2018-09-19 15:09:36,366:INFO: [TRAIN] Step: 660 ; Loss: 29.321 ; Acc: 34.443
2018-09-19 15:09:36,439:INFO: [TRAIN] Step: 661 ; Loss: 29.512 ; Acc: 34.441
2018-09-19 15:09:36,521:INFO: [TRAIN] Step: 662 ; Loss: 27.507 ; Acc: 34.446
2018-09-19 15:09:36,600:INFO: [TRAIN] Step: 663 ; Loss: 28.598 ; Acc: 34.431
2018-09-19 15:09:36,681:INFO: [TRAIN] Step: 664 ; Loss: 27.265 ; Acc: 34.424
2018-09-19 15:09:36,758:INFO: [TRAIN] Step: 665 ; Loss: 28.278 ; Acc: 34.447
2018-09-19 15:09:36,839:INFO: [TRAIN] Step: 666 ; Loss: 27.007 ; Acc: 34.464
2018-09-19 15:09:36,913:INFO: [TRAIN] Step: 667 ; Loss: 28.256 ; Acc: 34.481
2018-09-19 15:09:36,996:INFO: [TRAIN] Step: 668 ; Loss: 24.545 ; Acc: 34.479
2018-09-19 15:09:37,071:INFO: [TRAIN] Step: 669 ; Loss: 30.501 ; Acc: 34.490
2018-09-19 15:09:37,155:INFO: [TRAIN] Step: 670 ; Loss: 26.229 ; Acc: 34.501
2018-09-19 15:09:37,230:INFO: [TRAIN] Step: 671 ; Loss: 26.370 ; Acc: 34.511
2018-09-19 15:09:37,313:INFO: [TRAIN] Step: 672 ; Loss: 29.089 ; Acc: 34.503
2018-09-19 15:09:37,393:INFO: [TRAIN] Step: 673 ; Loss: 27.778 ; Acc: 34.508
2018-09-19 15:09:37,476:INFO: [TRAIN] Step: 674 ; Loss: 27.181 ; Acc: 34.519
2018-09-19 15:09:37,555:INFO: [TRAIN] Step: 675 ; Loss: 32.884 ; Acc: 34.529
2018-09-19 15:09:37,639:INFO: [TRAIN] Step: 676 ; Loss: 29.575 ; Acc: 34.521
2018-09-19 15:09:37,716:INFO: [TRAIN] Step: 677 ; Loss: 28.503 ; Acc: 34.532
2018-09-19 15:09:37,802:INFO: [TRAIN] Step: 678 ; Loss: 26.636 ; Acc: 34.548
2018-09-19 15:09:37,882:INFO: [TRAIN] Step: 679 ; Loss: 29.853 ; Acc: 34.547
2018-09-19 15:09:37,971:INFO: [TRAIN] Step: 680 ; Loss: 28.622 ; Acc: 34.545
2018-09-19 15:09:38,052:INFO: [TRAIN] Step: 681 ; Loss: 26.301 ; Acc: 34.574
2018-09-19 15:09:38,139:INFO: [TRAIN] Step: 682 ; Loss: 29.920 ; Acc: 34.572
2018-09-19 15:09:38,224:INFO: [TRAIN] Step: 683 ; Loss: 29.300 ; Acc: 34.576
2018-09-19 15:09:38,313:INFO: [TRAIN] Step: 684 ; Loss: 36.751 ; Acc: 34.550
2018-09-19 15:09:38,397:INFO: [TRAIN] Step: 685 ; Loss: 25.436 ; Acc: 34.572
2018-09-19 15:09:38,485:INFO: [TRAIN] Step: 686 ; Loss: 29.102 ; Acc: 34.565
2018-09-19 15:09:38,570:INFO: [TRAIN] Step: 687 ; Loss: 30.520 ; Acc: 34.563
2018-09-19 15:09:38,661:INFO: [TRAIN] Step: 688 ; Loss: 30.803 ; Acc: 34.561
2018-09-19 15:09:38,746:INFO: [TRAIN] Step: 689 ; Loss: 30.378 ; Acc: 34.553
2018-09-19 15:09:38,840:INFO: [TRAIN] Step: 690 ; Loss: 27.835 ; Acc: 34.569
2018-09-19 15:09:38,926:INFO: [TRAIN] Step: 691 ; Loss: 29.270 ; Acc: 34.568
2018-09-19 15:09:39,023:INFO: [TRAIN] Step: 692 ; Loss: 26.016 ; Acc: 34.554
2018-09-19 15:09:39,112:INFO: [TRAIN] Step: 693 ; Loss: 31.746 ; Acc: 34.546
2018-09-19 15:09:39,211:INFO: [TRAIN] Step: 694 ; Loss: 28.383 ; Acc: 34.568
2018-09-19 15:09:39,303:INFO: [TRAIN] Step: 695 ; Loss: 31.743 ; Acc: 34.555
2018-09-19 15:09:39,402:INFO: [TRAIN] Step: 696 ; Loss: 33.965 ; Acc: 34.523
2018-09-19 15:09:39,494:INFO: [TRAIN] Step: 697 ; Loss: 27.566 ; Acc: 34.521
2018-09-19 15:09:39,596:INFO: [TRAIN] Step: 698 ; Loss: 30.320 ; Acc: 34.526
2018-09-19 15:09:39,693:INFO: [TRAIN] Step: 699 ; Loss: 24.942 ; Acc: 34.554
2018-09-19 15:09:39,801:INFO: [TRAIN] Step: 700 ; Loss: 29.076 ; Acc: 34.570
2018-09-19 15:09:39,899:INFO: [TRAIN] Step: 701 ; Loss: 28.092 ; Acc: 34.580
2018-09-19 15:09:40,003:INFO: [TRAIN] Step: 702 ; Loss: 26.639 ; Acc: 34.584
2018-09-19 15:09:40,103:INFO: [TRAIN] Step: 703 ; Loss: 27.244 ; Acc: 34.594
2018-09-19 15:09:40,211:INFO: [TRAIN] Step: 704 ; Loss: 24.481 ; Acc: 34.604
2018-09-19 15:09:40,317:INFO: [TRAIN] Step: 705 ; Loss: 29.712 ; Acc: 34.608
2018-09-19 15:09:40,428:INFO: [TRAIN] Step: 706 ; Loss: 28.853 ; Acc: 34.618
2018-09-19 15:09:40,541:INFO: [TRAIN] Step: 707 ; Loss: 28.080 ; Acc: 34.622
2018-09-19 15:09:40,655:INFO: [TRAIN] Step: 708 ; Loss: 26.047 ; Acc: 34.644
2018-09-19 15:09:40,768:INFO: [TRAIN] Step: 709 ; Loss: 25.366 ; Acc: 34.654
2018-09-19 15:09:40,879:INFO: [TRAIN] Step: 710 ; Loss: 27.232 ; Acc: 34.669
2018-09-19 15:09:40,992:INFO: [TRAIN] Step: 711 ; Loss: 26.647 ; Acc: 34.679
2018-09-19 15:09:41,108:INFO: [TRAIN] Step: 712 ; Loss: 31.115 ; Acc: 34.677
2018-09-19 15:09:41,226:INFO: [TRAIN] Step: 713 ; Loss: 26.589 ; Acc: 34.687
2018-09-19 15:09:41,342:INFO: [TRAIN] Step: 714 ; Loss: 25.390 ; Acc: 34.697
2018-09-19 15:09:41,466:INFO: [TRAIN] Step: 715 ; Loss: 26.190 ; Acc: 34.695
2018-09-19 15:09:41,588:INFO: [TRAIN] Step: 716 ; Loss: 27.615 ; Acc: 34.711
2018-09-19 15:09:41,711:INFO: [TRAIN] Step: 717 ; Loss: 30.136 ; Acc: 34.709
2018-09-19 15:09:41,836:INFO: [TRAIN] Step: 718 ; Loss: 26.469 ; Acc: 34.707
2018-09-19 15:09:41,959:INFO: [TRAIN] Step: 719 ; Loss: 27.695 ; Acc: 34.716
2018-09-19 15:09:42,087:INFO: [TRAIN] Step: 720 ; Loss: 32.569 ; Acc: 34.709
2018-09-19 15:09:42,209:INFO: [TRAIN] Step: 721 ; Loss: 28.190 ; Acc: 34.701
2018-09-19 15:09:42,336:INFO: [TRAIN] Step: 722 ; Loss: 27.188 ; Acc: 34.693
2018-09-19 15:09:42,462:INFO: [TRAIN] Step: 723 ; Loss: 29.207 ; Acc: 34.686
2018-09-19 15:09:42,587:INFO: [TRAIN] Step: 724 ; Loss: 28.511 ; Acc: 34.718
2018-09-19 15:09:42,711:INFO: [TRAIN] Step: 725 ; Loss: 31.843 ; Acc: 34.728
2018-09-19 15:09:42,835:INFO: [TRAIN] Step: 726 ; Loss: 27.546 ; Acc: 34.732
2018-09-19 15:09:42,962:INFO: [TRAIN] Step: 727 ; Loss: 28.992 ; Acc: 34.747
2018-09-19 15:09:43,094:INFO: [TRAIN] Step: 728 ; Loss: 30.977 ; Acc: 34.734
2018-09-19 15:09:43,222:INFO: [TRAIN] Step: 729 ; Loss: 28.381 ; Acc: 34.715
2018-09-19 15:09:43,355:INFO: [TRAIN] Step: 730 ; Loss: 31.791 ; Acc: 34.707
2018-09-19 15:09:43,484:INFO: [TRAIN] Step: 731 ; Loss: 29.491 ; Acc: 34.705
2018-09-19 15:09:43,617:INFO: [TRAIN] Step: 732 ; Loss: 27.817 ; Acc: 34.703
2018-09-19 15:09:43,748:INFO: [TRAIN] Step: 733 ; Loss: 29.526 ; Acc: 34.707
2018-09-19 15:09:43,881:INFO: [TRAIN] Step: 734 ; Loss: 30.739 ; Acc: 34.694
2018-09-19 15:09:44,011:INFO: [TRAIN] Step: 735 ; Loss: 28.543 ; Acc: 34.686
2018-09-19 15:09:44,144:INFO: [TRAIN] Step: 736 ; Loss: 25.657 ; Acc: 34.713
2018-09-19 15:09:44,277:INFO: [TRAIN] Step: 737 ; Loss: 27.027 ; Acc: 34.700
2018-09-19 15:09:44,412:INFO: [TRAIN] Step: 738 ; Loss: 31.165 ; Acc: 34.675
2018-09-19 15:09:44,544:INFO: [TRAIN] Step: 739 ; Loss: 28.127 ; Acc: 34.657
2018-09-19 15:09:44,675:INFO: [TRAIN] Step: 740 ; Loss: 26.419 ; Acc: 34.660
2018-09-19 15:09:44,806:INFO: [TRAIN] Step: 741 ; Loss: 30.116 ; Acc: 34.664
2018-09-19 15:09:44,940:INFO: [TRAIN] Step: 742 ; Loss: 29.109 ; Acc: 34.679
2018-09-19 15:09:45,077:INFO: [TRAIN] Step: 743 ; Loss: 29.006 ; Acc: 34.666
2018-09-19 15:09:45,214:INFO: [TRAIN] Step: 744 ; Loss: 27.647 ; Acc: 34.648
2018-09-19 15:09:45,355:INFO: [TRAIN] Step: 745 ; Loss: 26.122 ; Acc: 34.635
2018-09-19 15:09:45,490:INFO: [TRAIN] Step: 746 ; Loss: 29.259 ; Acc: 34.616
2018-09-19 15:09:45,629:INFO: [TRAIN] Step: 747 ; Loss: 25.733 ; Acc: 34.609
2018-09-19 15:09:45,768:INFO: [TRAIN] Step: 748 ; Loss: 31.341 ; Acc: 34.607
2018-09-19 15:09:45,910:INFO: [TRAIN] Step: 749 ; Loss: 27.261 ; Acc: 34.633
2018-09-19 15:09:46,048:INFO: [TRAIN] Step: 750 ; Loss: 27.139 ; Acc: 34.643
2018-09-19 15:09:46,197:INFO: [TRAIN] Step: 751 ; Loss: 28.043 ; Acc: 34.646
2018-09-19 15:09:46,340:INFO: [TRAIN] Step: 752 ; Loss: 29.992 ; Acc: 34.645
2018-09-19 15:09:46,482:INFO: [TRAIN] Step: 753 ; Loss: 28.136 ; Acc: 34.643
2018-09-19 15:09:46,632:INFO: [TRAIN] Step: 754 ; Loss: 25.735 ; Acc: 34.641
2018-09-19 15:09:46,776:INFO: [TRAIN] Step: 755 ; Loss: 27.523 ; Acc: 34.651
2018-09-19 15:09:46,928:INFO: [TRAIN] Step: 756 ; Loss: 28.066 ; Acc: 34.660
2018-09-19 15:09:47,072:INFO: [TRAIN] Step: 757 ; Loss: 30.433 ; Acc: 34.642
2018-09-19 15:09:47,225:INFO: [TRAIN] Step: 758 ; Loss: 27.628 ; Acc: 34.640
2018-09-19 15:09:47,378:INFO: [TRAIN] Step: 759 ; Loss: 28.973 ; Acc: 34.633
2018-09-19 15:09:47,529:INFO: [TRAIN] Step: 760 ; Loss: 30.401 ; Acc: 34.620
2018-09-19 15:09:47,693:INFO: [TRAIN] Step: 761 ; Loss: 31.496 ; Acc: 34.613
2018-09-19 15:09:47,847:INFO: [TRAIN] Step: 762 ; Loss: 27.106 ; Acc: 34.611
2018-09-19 15:09:47,999:INFO: [TRAIN] Step: 763 ; Loss: 29.903 ; Acc: 34.615
2018-09-19 15:09:48,148:INFO: [TRAIN] Step: 764 ; Loss: 24.167 ; Acc: 34.630
2018-09-19 15:09:48,300:INFO: [TRAIN] Step: 765 ; Loss: 32.709 ; Acc: 34.628
2018-09-19 15:09:48,450:INFO: [TRAIN] Step: 766 ; Loss: 29.281 ; Acc: 34.637
2018-09-19 15:09:48,602:INFO: [TRAIN] Step: 767 ; Loss: 31.272 ; Acc: 34.641
2018-09-19 15:09:48,750:INFO: [TRAIN] Step: 768 ; Loss: 27.669 ; Acc: 34.645
2018-09-19 15:09:48,902:INFO: [TRAIN] Step: 769 ; Loss: 30.697 ; Acc: 34.637
2018-09-19 15:09:49,048:INFO: [TRAIN] Step: 770 ; Loss: 28.936 ; Acc: 34.647
2018-09-19 15:09:49,198:INFO: [TRAIN] Step: 771 ; Loss: 30.991 ; Acc: 34.650
2018-09-19 15:09:49,346:INFO: [TRAIN] Step: 772 ; Loss: 30.467 ; Acc: 34.649
2018-09-19 15:09:49,495:INFO: [TRAIN] Step: 773 ; Loss: 27.980 ; Acc: 34.668
2018-09-19 15:09:49,647:INFO: [TRAIN] Step: 774 ; Loss: 30.490 ; Acc: 34.656
2018-09-19 15:09:49,793:INFO: [TRAIN] Step: 775 ; Loss: 28.829 ; Acc: 34.665
2018-09-19 15:09:49,944:INFO: [TRAIN] Step: 776 ; Loss: 26.100 ; Acc: 34.674
2018-09-19 15:09:50,097:INFO: [TRAIN] Step: 777 ; Loss: 25.445 ; Acc: 34.683
2018-09-19 15:09:50,243:INFO: [TRAIN] Step: 778 ; Loss: 28.442 ; Acc: 34.676
2018-09-19 15:09:50,397:INFO: [TRAIN] Step: 779 ; Loss: 27.545 ; Acc: 34.696
2018-09-19 15:09:50,548:INFO: [TRAIN] Step: 780 ; Loss: 26.796 ; Acc: 34.704
2018-09-19 15:09:50,704:INFO: [TRAIN] Step: 781 ; Loss: 29.155 ; Acc: 34.703
2018-09-19 15:09:50,855:INFO: [TRAIN] Step: 782 ; Loss: 30.886 ; Acc: 34.690
2018-09-19 15:09:51,008:INFO: [TRAIN] Step: 783 ; Loss: 26.988 ; Acc: 34.705
2018-09-19 15:09:51,159:INFO: [TRAIN] Step: 784 ; Loss: 29.162 ; Acc: 34.708
2018-09-19 15:09:51,307:INFO: [TRAIN] Step: 785 ; Loss: 29.256 ; Acc: 34.701
2018-09-19 15:09:51,461:INFO: [TRAIN] Step: 786 ; Loss: 35.502 ; Acc: 34.694
2018-09-19 15:09:51,611:INFO: [TRAIN] Step: 787 ; Loss: 26.557 ; Acc: 34.687
2018-09-19 15:09:51,769:INFO: [TRAIN] Step: 788 ; Loss: 24.432 ; Acc: 34.696
2018-09-19 15:09:51,920:INFO: [TRAIN] Step: 789 ; Loss: 29.156 ; Acc: 34.694
2018-09-19 15:09:52,077:INFO: [TRAIN] Step: 790 ; Loss: 26.958 ; Acc: 34.703
2018-09-19 15:09:52,232:INFO: [TRAIN] Step: 791 ; Loss: 33.314 ; Acc: 34.685
2018-09-19 15:09:52,394:INFO: [TRAIN] Step: 792 ; Loss: 24.464 ; Acc: 34.710
2018-09-19 15:09:52,544:INFO: [TRAIN] Step: 793 ; Loss: 28.213 ; Acc: 34.698
2018-09-19 15:09:52,703:INFO: [TRAIN] Step: 794 ; Loss: 30.452 ; Acc: 34.680
2018-09-19 15:09:52,850:INFO: [TRAIN] Step: 795 ; Loss: 28.321 ; Acc: 34.668
2018-09-19 15:09:52,999:INFO: [TRAIN] Step: 796 ; Loss: 28.685 ; Acc: 34.666
2018-09-19 15:09:53,152:INFO: [TRAIN] Step: 797 ; Loss: 27.956 ; Acc: 34.686
2018-09-19 15:09:53,303:INFO: [TRAIN] Step: 798 ; Loss: 28.946 ; Acc: 34.694
2018-09-19 15:09:53,457:INFO: [TRAIN] Step: 799 ; Loss: 32.715 ; Acc: 34.703
2018-09-19 15:09:53,612:INFO: [TRAIN] Step: 800 ; Loss: 27.786 ; Acc: 34.717
2018-09-19 15:09:53,764:INFO: [TRAIN] Step: 801 ; Loss: 31.288 ; Acc: 34.715
2018-09-19 15:09:53,921:INFO: [TRAIN] Step: 802 ; Loss: 28.068 ; Acc: 34.703
2018-09-19 15:09:54,069:INFO: [TRAIN] Step: 803 ; Loss: 26.199 ; Acc: 34.712
2018-09-19 15:09:54,219:INFO: [TRAIN] Step: 804 ; Loss: 28.191 ; Acc: 34.710
2018-09-19 15:09:54,368:INFO: [TRAIN] Step: 805 ; Loss: 29.316 ; Acc: 34.693
2018-09-19 15:09:54,516:INFO: [TRAIN] Step: 806 ; Loss: 31.777 ; Acc: 34.676
2018-09-19 15:09:54,673:INFO: [TRAIN] Step: 807 ; Loss: 27.897 ; Acc: 34.679
2018-09-19 15:09:54,826:INFO: [TRAIN] Step: 808 ; Loss: 28.828 ; Acc: 34.683
2018-09-19 15:09:54,974:INFO: [TRAIN] Step: 809 ; Loss: 31.502 ; Acc: 34.681
2018-09-19 15:09:55,123:INFO: [TRAIN] Step: 810 ; Loss: 27.262 ; Acc: 34.700
2018-09-19 15:09:55,276:INFO: [TRAIN] Step: 811 ; Loss: 31.608 ; Acc: 34.688
2018-09-19 15:09:55,434:INFO: [TRAIN] Step: 812 ; Loss: 28.507 ; Acc: 34.686
2018-09-19 15:09:55,580:INFO: [TRAIN] Step: 813 ; Loss: 32.176 ; Acc: 34.680
2018-09-19 15:09:55,731:INFO: [TRAIN] Step: 814 ; Loss: 26.101 ; Acc: 34.688
2018-09-19 15:09:55,881:INFO: [TRAIN] Step: 815 ; Loss: 28.083 ; Acc: 34.681
2018-09-19 15:09:56,034:INFO: [TRAIN] Step: 816 ; Loss: 32.621 ; Acc: 34.654
2018-09-19 15:09:56,186:INFO: [TRAIN] Step: 817 ; Loss: 29.099 ; Acc: 34.637
2018-09-19 15:09:56,337:INFO: [TRAIN] Step: 818 ; Loss: 27.866 ; Acc: 34.661
2018-09-19 15:09:56,488:INFO: [TRAIN] Step: 819 ; Loss: 28.811 ; Acc: 34.654
2018-09-19 15:09:56,641:INFO: [TRAIN] Step: 820 ; Loss: 28.813 ; Acc: 34.643
2018-09-19 15:09:56,790:INFO: [TRAIN] Step: 821 ; Loss: 29.242 ; Acc: 34.641
2018-09-19 15:09:56,940:INFO: [TRAIN] Step: 822 ; Loss: 31.269 ; Acc: 34.614
2018-09-19 15:09:57,095:INFO: [TRAIN] Step: 823 ; Loss: 28.393 ; Acc: 34.582
2018-09-19 15:09:57,243:INFO: [TRAIN] Step: 824 ; Loss: 33.098 ; Acc: 34.576
2018-09-19 15:09:57,396:INFO: [TRAIN] Step: 825 ; Loss: 27.686 ; Acc: 34.564
2018-09-19 15:09:57,550:INFO: [TRAIN] Step: 826 ; Loss: 26.593 ; Acc: 34.543
2018-09-19 15:09:57,705:INFO: [TRAIN] Step: 827 ; Loss: 26.777 ; Acc: 34.546
2018-09-19 15:09:57,854:INFO: [TRAIN] Step: 828 ; Loss: 30.661 ; Acc: 34.555
2018-09-19 15:09:58,002:INFO: [TRAIN] Step: 829 ; Loss: 29.342 ; Acc: 34.543
2018-09-19 15:09:58,153:INFO: [TRAIN] Step: 830 ; Loss: 26.071 ; Acc: 34.567
2018-09-19 15:09:58,303:INFO: [TRAIN] Step: 831 ; Loss: 30.101 ; Acc: 34.570
2018-09-19 15:09:58,458:INFO: [TRAIN] Step: 832 ; Loss: 29.082 ; Acc: 34.574
2018-09-19 15:09:58,608:INFO: [TRAIN] Step: 833 ; Loss: 26.467 ; Acc: 34.602
2018-09-19 15:09:58,759:INFO: [TRAIN] Step: 834 ; Loss: 28.187 ; Acc: 34.616
2018-09-19 15:09:58,912:INFO: [TRAIN] Step: 835 ; Loss: 27.723 ; Acc: 34.644
2018-09-19 15:09:59,062:INFO: [TRAIN] Step: 836 ; Loss: 29.897 ; Acc: 34.643
2018-09-19 15:09:59,217:INFO: [TRAIN] Step: 837 ; Loss: 32.032 ; Acc: 34.631
2018-09-19 15:09:59,368:INFO: [TRAIN] Step: 838 ; Loss: 25.433 ; Acc: 34.634
2018-09-19 15:09:59,516:INFO: [TRAIN] Step: 839 ; Loss: 27.999 ; Acc: 34.633
2018-09-19 15:09:59,668:INFO: [TRAIN] Step: 840 ; Loss: 27.270 ; Acc: 34.641
2018-09-19 15:09:59,816:INFO: [TRAIN] Step: 841 ; Loss: 25.194 ; Acc: 34.664
2018-09-19 15:09:59,963:INFO: [TRAIN] Step: 842 ; Loss: 25.569 ; Acc: 34.678
2018-09-19 15:10:00,126:INFO: [TRAIN] Step: 843 ; Loss: 30.510 ; Acc: 34.676
2018-09-19 15:10:00,278:INFO: [TRAIN] Step: 844 ; Loss: 29.727 ; Acc: 34.655
2018-09-19 15:10:00,429:INFO: [TRAIN] Step: 845 ; Loss: 28.978 ; Acc: 34.634
2018-09-19 15:10:00,577:INFO: [TRAIN] Step: 846 ; Loss: 27.101 ; Acc: 34.657
2018-09-19 15:10:00,728:INFO: [TRAIN] Step: 847 ; Loss: 26.824 ; Acc: 34.655
2018-09-19 15:10:00,875:INFO: [TRAIN] Step: 848 ; Loss: 27.735 ; Acc: 34.663
2018-09-19 15:10:01,027:INFO: [TRAIN] Step: 849 ; Loss: 30.212 ; Acc: 34.647
2018-09-19 15:10:01,174:INFO: [TRAIN] Step: 850 ; Loss: 30.140 ; Acc: 34.641
2018-09-19 15:10:01,319:INFO: [TRAIN] Step: 851 ; Loss: 31.103 ; Acc: 34.629
2018-09-19 15:10:01,460:INFO: [TRAIN] Step: 852 ; Loss: 26.213 ; Acc: 34.633
2018-09-19 15:10:01,602:INFO: [TRAIN] Step: 853 ; Loss: 30.029 ; Acc: 34.621
2018-09-19 15:10:01,741:INFO: [TRAIN] Step: 854 ; Loss: 27.731 ; Acc: 34.620
2018-09-19 15:10:01,884:INFO: [TRAIN] Step: 855 ; Loss: 28.208 ; Acc: 34.618
2018-09-19 15:10:02,029:INFO: [TRAIN] Step: 856 ; Loss: 30.617 ; Acc: 34.617
2018-09-19 15:10:02,169:INFO: [TRAIN] Step: 857 ; Loss: 28.904 ; Acc: 34.625
2018-09-19 15:10:02,314:INFO: [TRAIN] Step: 858 ; Loss: 24.643 ; Acc: 34.648
2018-09-19 15:10:02,456:INFO: [TRAIN] Step: 859 ; Loss: 27.844 ; Acc: 34.675
2018-09-19 15:10:02,602:INFO: [TRAIN] Step: 860 ; Loss: 29.605 ; Acc: 34.659
2018-09-19 15:10:02,740:INFO: [TRAIN] Step: 861 ; Loss: 24.960 ; Acc: 34.677
2018-09-19 15:10:02,880:INFO: [TRAIN] Step: 862 ; Loss: 27.652 ; Acc: 34.690
2018-09-19 15:10:03,022:INFO: [TRAIN] Step: 863 ; Loss: 30.084 ; Acc: 34.693
2018-09-19 15:10:03,166:INFO: [TRAIN] Step: 864 ; Loss: 30.275 ; Acc: 34.677
2018-09-19 15:10:03,305:INFO: [TRAIN] Step: 865 ; Loss: 25.594 ; Acc: 34.676
2018-09-19 15:10:03,440:INFO: [TRAIN] Step: 866 ; Loss: 29.025 ; Acc: 34.679
2018-09-19 15:10:03,575:INFO: [TRAIN] Step: 867 ; Loss: 31.333 ; Acc: 34.658
2018-09-19 15:10:03,712:INFO: [TRAIN] Step: 868 ; Loss: 25.156 ; Acc: 34.661
2018-09-19 15:10:03,849:INFO: [TRAIN] Step: 869 ; Loss: 33.054 ; Acc: 34.650
2018-09-19 15:10:03,982:INFO: [TRAIN] Step: 870 ; Loss: 34.306 ; Acc: 34.644
2018-09-19 15:10:04,117:INFO: [TRAIN] Step: 871 ; Loss: 34.843 ; Acc: 34.623
2018-09-19 15:10:04,250:INFO: [TRAIN] Step: 872 ; Loss: 30.275 ; Acc: 34.622
2018-09-19 15:10:04,385:INFO: [TRAIN] Step: 873 ; Loss: 30.517 ; Acc: 34.630
2018-09-19 15:10:04,523:INFO: [TRAIN] Step: 874 ; Loss: 28.715 ; Acc: 34.633
2018-09-19 15:10:04,656:INFO: [TRAIN] Step: 875 ; Loss: 31.108 ; Acc: 34.622
2018-09-19 15:10:04,784:INFO: [TRAIN] Step: 876 ; Loss: 30.636 ; Acc: 34.607
2018-09-19 15:10:04,918:INFO: [TRAIN] Step: 877 ; Loss: 22.927 ; Acc: 34.610
2018-09-19 15:10:05,048:INFO: [TRAIN] Step: 878 ; Loss: 28.884 ; Acc: 34.599
2018-09-19 15:10:05,202:INFO: [TRAIN] Step: 879 ; Loss: 26.271 ; Acc: 34.583
2018-09-19 15:10:05,352:INFO: [TRAIN] Step: 880 ; Loss: 29.255 ; Acc: 34.577
2018-09-19 15:10:05,489:INFO: [TRAIN] Step: 881 ; Loss: 29.240 ; Acc: 34.566
2018-09-19 15:10:05,618:INFO: [TRAIN] Step: 882 ; Loss: 28.757 ; Acc: 34.570
2018-09-19 15:10:05,751:INFO: [TRAIN] Step: 883 ; Loss: 32.543 ; Acc: 34.545
2018-09-19 15:10:05,887:INFO: [TRAIN] Step: 884 ; Loss: 29.137 ; Acc: 34.529
2018-09-19 15:10:06,017:INFO: [TRAIN] Step: 885 ; Loss: 30.188 ; Acc: 34.509
2018-09-19 15:10:06,156:INFO: [TRAIN] Step: 886 ; Loss: 28.207 ; Acc: 34.475
2018-09-19 15:10:06,297:INFO: [TRAIN] Step: 887 ; Loss: 28.065 ; Acc: 34.474
2018-09-19 15:10:06,442:INFO: [TRAIN] Step: 888 ; Loss: 28.719 ; Acc: 34.472
2018-09-19 15:10:06,581:INFO: [TRAIN] Step: 889 ; Loss: 30.025 ; Acc: 34.471
2018-09-19 15:10:06,731:INFO: [TRAIN] Step: 890 ; Loss: 26.275 ; Acc: 34.456
2018-09-19 15:10:06,860:INFO: [TRAIN] Step: 891 ; Loss: 29.168 ; Acc: 34.464
2018-09-19 15:10:06,992:INFO: [TRAIN] Step: 892 ; Loss: 26.923 ; Acc: 34.472
2018-09-19 15:10:07,121:INFO: [TRAIN] Step: 893 ; Loss: 26.709 ; Acc: 34.475
2018-09-19 15:10:07,257:INFO: [TRAIN] Step: 894 ; Loss: 27.001 ; Acc: 34.483
2018-09-19 15:10:07,383:INFO: [TRAIN] Step: 895 ; Loss: 24.685 ; Acc: 34.496
2018-09-19 15:10:07,508:INFO: [TRAIN] Step: 896 ; Loss: 28.560 ; Acc: 34.504
2018-09-19 15:10:07,648:INFO: [TRAIN] Step: 897 ; Loss: 30.939 ; Acc: 34.503
2018-09-19 15:10:07,772:INFO: [TRAIN] Step: 898 ; Loss: 29.883 ; Acc: 34.497
2018-09-19 15:10:07,901:INFO: [TRAIN] Step: 899 ; Loss: 32.747 ; Acc: 34.495
2018-09-19 15:10:08,026:INFO: [TRAIN] Step: 900 ; Loss: 27.680 ; Acc: 34.489
2018-09-19 15:10:08,167:INFO: [TRAIN] Step: 901 ; Loss: 27.478 ; Acc: 34.497
2018-09-19 15:10:08,302:INFO: [TRAIN] Step: 902 ; Loss: 32.601 ; Acc: 34.496
2018-09-19 15:10:08,424:INFO: [TRAIN] Step: 903 ; Loss: 28.726 ; Acc: 34.513
2018-09-19 15:10:08,551:INFO: [TRAIN] Step: 904 ; Loss: 26.994 ; Acc: 34.507
2018-09-19 15:10:08,677:INFO: [TRAIN] Step: 905 ; Loss: 32.071 ; Acc: 34.497
2018-09-19 15:10:08,809:INFO: [TRAIN] Step: 906 ; Loss: 27.763 ; Acc: 34.486
2018-09-19 15:10:08,934:INFO: [TRAIN] Step: 907 ; Loss: 29.944 ; Acc: 34.476
2018-09-19 15:10:09,056:INFO: [TRAIN] Step: 908 ; Loss: 31.217 ; Acc: 34.470
2018-09-19 15:10:09,187:INFO: [TRAIN] Step: 909 ; Loss: 23.467 ; Acc: 34.492
2018-09-19 15:10:09,320:INFO: [TRAIN] Step: 910 ; Loss: 31.459 ; Acc: 34.486
2018-09-19 15:10:09,452:INFO: [TRAIN] Step: 911 ; Loss: 31.829 ; Acc: 34.466
2018-09-19 15:10:09,586:INFO: [TRAIN] Step: 912 ; Loss: 28.483 ; Acc: 34.488
2018-09-19 15:10:09,706:INFO: [TRAIN] Step: 913 ; Loss: 25.607 ; Acc: 34.505
2018-09-19 15:10:09,834:INFO: [TRAIN] Step: 914 ; Loss: 25.691 ; Acc: 34.513
2018-09-19 15:10:09,957:INFO: [TRAIN] Step: 915 ; Loss: 27.057 ; Acc: 34.521
2018-09-19 15:10:10,085:INFO: [TRAIN] Step: 916 ; Loss: 28.565 ; Acc: 34.515
2018-09-19 15:10:10,209:INFO: [TRAIN] Step: 917 ; Loss: 27.679 ; Acc: 34.504
2018-09-19 15:10:10,335:INFO: [TRAIN] Step: 918 ; Loss: 27.635 ; Acc: 34.517
2018-09-19 15:10:10,458:INFO: [TRAIN] Step: 919 ; Loss: 26.769 ; Acc: 34.529
2018-09-19 15:10:10,578:INFO: [TRAIN] Step: 920 ; Loss: 29.663 ; Acc: 34.532
2018-09-19 15:10:10,698:INFO: [TRAIN] Step: 921 ; Loss: 26.420 ; Acc: 34.531
2018-09-19 15:10:10,819:INFO: [TRAIN] Step: 922 ; Loss: 30.978 ; Acc: 34.530
2018-09-19 15:10:10,939:INFO: [TRAIN] Step: 923 ; Loss: 25.987 ; Acc: 34.542
2018-09-19 15:10:11,055:INFO: [TRAIN] Step: 924 ; Loss: 30.299 ; Acc: 34.545
2018-09-19 15:10:11,180:INFO: [TRAIN] Step: 925 ; Loss: 31.461 ; Acc: 34.566
2018-09-19 15:10:11,296:INFO: [TRAIN] Step: 926 ; Loss: 24.667 ; Acc: 34.569
2018-09-19 15:10:11,420:INFO: [TRAIN] Step: 927 ; Loss: 29.746 ; Acc: 34.573
2018-09-19 15:10:11,538:INFO: [TRAIN] Step: 928 ; Loss: 30.164 ; Acc: 34.571
2018-09-19 15:10:11,656:INFO: [TRAIN] Step: 929 ; Loss: 30.123 ; Acc: 34.561
2018-09-19 15:10:11,790:INFO: [TRAIN] Step: 930 ; Loss: 32.063 ; Acc: 34.564
2018-09-19 15:10:11,914:INFO: [TRAIN] Step: 931 ; Loss: 29.463 ; Acc: 34.554
2018-09-19 15:10:12,043:INFO: [TRAIN] Step: 932 ; Loss: 27.943 ; Acc: 34.561
2018-09-19 15:10:12,161:INFO: [TRAIN] Step: 933 ; Loss: 29.164 ; Acc: 34.551
2018-09-19 15:10:12,283:INFO: [TRAIN] Step: 934 ; Loss: 27.653 ; Acc: 34.563
2018-09-19 15:10:12,416:INFO: [TRAIN] Step: 935 ; Loss: 27.063 ; Acc: 34.575
2018-09-19 15:10:12,532:INFO: [TRAIN] Step: 936 ; Loss: 23.997 ; Acc: 34.596
2018-09-19 15:10:12,655:INFO: [TRAIN] Step: 937 ; Loss: 30.002 ; Acc: 34.595
2018-09-19 15:10:12,772:INFO: [TRAIN] Step: 938 ; Loss: 30.403 ; Acc: 34.594
2018-09-19 15:10:12,888:INFO: [TRAIN] Step: 939 ; Loss: 26.096 ; Acc: 34.605
2018-09-19 15:10:13,014:INFO: [TRAIN] Step: 940 ; Loss: 28.787 ; Acc: 34.600
2018-09-19 15:10:13,142:INFO: [TRAIN] Step: 941 ; Loss: 27.676 ; Acc: 34.616
2018-09-19 15:10:13,272:INFO: [TRAIN] Step: 942 ; Loss: 26.235 ; Acc: 34.615
2018-09-19 15:10:13,395:INFO: [TRAIN] Step: 943 ; Loss: 32.723 ; Acc: 34.613
2018-09-19 15:10:13,513:INFO: [TRAIN] Step: 944 ; Loss: 30.014 ; Acc: 34.603
2018-09-19 15:10:13,632:INFO: [TRAIN] Step: 945 ; Loss: 33.130 ; Acc: 34.589
2018-09-19 15:10:13,750:INFO: [TRAIN] Step: 946 ; Loss: 27.469 ; Acc: 34.583
2018-09-19 15:10:13,863:INFO: [TRAIN] Step: 947 ; Loss: 25.580 ; Acc: 34.599
2018-09-19 15:10:13,980:INFO: [TRAIN] Step: 948 ; Loss: 31.375 ; Acc: 34.598
2018-09-19 15:10:14,097:INFO: [TRAIN] Step: 949 ; Loss: 27.790 ; Acc: 34.614
2018-09-19 15:10:14,213:INFO: [TRAIN] Step: 950 ; Loss: 29.175 ; Acc: 34.617
2018-09-19 15:10:14,328:INFO: [TRAIN] Step: 951 ; Loss: 29.162 ; Acc: 34.620
2018-09-19 15:10:14,445:INFO: [TRAIN] Step: 952 ; Loss: 24.710 ; Acc: 34.636
2018-09-19 15:10:14,561:INFO: [TRAIN] Step: 953 ; Loss: 29.289 ; Acc: 34.635
2018-09-19 15:10:14,678:INFO: [TRAIN] Step: 954 ; Loss: 29.318 ; Acc: 34.634
2018-09-19 15:10:14,797:INFO: [TRAIN] Step: 955 ; Loss: 24.952 ; Acc: 34.637
2018-09-19 15:10:14,914:INFO: [TRAIN] Step: 956 ; Loss: 28.470 ; Acc: 34.644
2018-09-19 15:10:15,032:INFO: [TRAIN] Step: 957 ; Loss: 34.420 ; Acc: 34.651
2018-09-19 15:10:15,150:INFO: [TRAIN] Step: 958 ; Loss: 26.719 ; Acc: 34.672
2018-09-19 15:10:15,265:INFO: [TRAIN] Step: 959 ; Loss: 27.084 ; Acc: 34.674
2018-09-19 15:10:15,384:INFO: [TRAIN] Step: 960 ; Loss: 25.565 ; Acc: 34.673
2018-09-19 15:10:15,500:INFO: [TRAIN] Step: 961 ; Loss: 28.303 ; Acc: 34.672
2018-09-19 15:10:15,618:INFO: [TRAIN] Step: 962 ; Loss: 31.674 ; Acc: 34.670
2018-09-19 15:10:15,731:INFO: [TRAIN] Step: 963 ; Loss: 33.067 ; Acc: 34.665
2018-09-19 15:10:15,847:INFO: [TRAIN] Step: 964 ; Loss: 29.563 ; Acc: 34.668
2018-09-19 15:10:15,965:INFO: [TRAIN] Step: 965 ; Loss: 27.087 ; Acc: 34.666
2018-09-19 15:10:16,085:INFO: [TRAIN] Step: 966 ; Loss: 27.805 ; Acc: 34.669
2018-09-19 15:10:16,198:INFO: [TRAIN] Step: 967 ; Loss: 30.695 ; Acc: 34.676
2018-09-19 15:10:16,313:INFO: [TRAIN] Step: 968 ; Loss: 28.449 ; Acc: 34.684
2018-09-19 15:10:16,427:INFO: [TRAIN] Step: 969 ; Loss: 30.039 ; Acc: 34.691
2018-09-19 15:10:16,542:INFO: [TRAIN] Step: 970 ; Loss: 26.522 ; Acc: 34.689
2018-09-19 15:10:16,659:INFO: [TRAIN] Step: 971 ; Loss: 26.521 ; Acc: 34.692
2018-09-19 15:10:16,781:INFO: [TRAIN] Step: 972 ; Loss: 30.203 ; Acc: 34.682
2018-09-19 15:10:16,899:INFO: [TRAIN] Step: 973 ; Loss: 32.107 ; Acc: 34.685
2018-09-19 15:10:17,013:INFO: [TRAIN] Step: 974 ; Loss: 30.217 ; Acc: 34.692
2018-09-19 15:10:17,129:INFO: [TRAIN] Step: 975 ; Loss: 28.524 ; Acc: 34.712
2018-09-19 15:10:17,249:INFO: [TRAIN] Step: 976 ; Loss: 29.715 ; Acc: 34.715
2018-09-19 15:10:17,366:INFO: [TRAIN] Step: 977 ; Loss: 29.360 ; Acc: 34.714
2018-09-19 15:10:17,485:INFO: [TRAIN] Step: 978 ; Loss: 29.521 ; Acc: 34.708
2018-09-19 15:10:17,610:INFO: [TRAIN] Step: 979 ; Loss: 30.621 ; Acc: 34.694
2018-09-19 15:10:17,731:INFO: [TRAIN] Step: 980 ; Loss: 31.157 ; Acc: 34.684
2018-09-19 15:10:17,850:INFO: [TRAIN] Step: 981 ; Loss: 28.521 ; Acc: 34.683
2018-09-19 15:10:17,969:INFO: [TRAIN] Step: 982 ; Loss: 27.956 ; Acc: 34.694
2018-09-19 15:10:18,088:INFO: [TRAIN] Step: 983 ; Loss: 27.530 ; Acc: 34.710
2018-09-19 15:10:18,208:INFO: [TRAIN] Step: 984 ; Loss: 29.554 ; Acc: 34.708
2018-09-19 15:10:18,328:INFO: [TRAIN] Step: 985 ; Loss: 25.074 ; Acc: 34.711
2018-09-19 15:10:18,442:INFO: [TRAIN] Step: 986 ; Loss: 30.434 ; Acc: 34.718
2018-09-19 15:10:18,558:INFO: [TRAIN] Step: 987 ; Loss: 27.333 ; Acc: 34.725
2018-09-19 15:10:18,677:INFO: [TRAIN] Step: 988 ; Loss: 26.930 ; Acc: 34.728
2018-09-19 15:10:18,792:INFO: [TRAIN] Step: 989 ; Loss: 28.175 ; Acc: 34.718
2018-09-19 15:10:18,904:INFO: [TRAIN] Step: 990 ; Loss: 27.945 ; Acc: 34.700
2018-09-19 15:10:19,017:INFO: [TRAIN] Step: 991 ; Loss: 26.841 ; Acc: 34.698
2018-09-19 15:10:19,134:INFO: [TRAIN] Step: 992 ; Loss: 27.227 ; Acc: 34.718
2018-09-19 15:10:19,251:INFO: [TRAIN] Step: 993 ; Loss: 32.998 ; Acc: 34.700
2018-09-19 15:10:19,368:INFO: [TRAIN] Step: 994 ; Loss: 27.810 ; Acc: 34.711
2018-09-19 15:10:19,487:INFO: [TRAIN] Step: 995 ; Loss: 26.015 ; Acc: 34.722
2018-09-19 15:10:19,602:INFO: [TRAIN] Step: 996 ; Loss: 30.259 ; Acc: 34.725
2018-09-19 15:10:19,720:INFO: [TRAIN] Step: 997 ; Loss: 33.600 ; Acc: 34.724
2018-09-19 15:10:19,837:INFO: [TRAIN] Step: 998 ; Loss: 27.458 ; Acc: 34.735
2018-09-19 15:10:19,956:INFO: [TRAIN] Step: 999 ; Loss: 32.216 ; Acc: 34.742
2018-09-19 15:10:20,074:INFO: [TRAIN] Step: 1000 ; Loss: 29.628 ; Acc: 34.728
2018-09-19 15:10:20,195:INFO: [TRAIN] Step: 1001 ; Loss: 29.773 ; Acc: 34.722
2018-09-19 15:10:20,308:INFO: [TRAIN] Step: 1002 ; Loss: 31.615 ; Acc: 34.717
2018-09-19 15:10:20,422:INFO: [TRAIN] Step: 1003 ; Loss: 29.378 ; Acc: 34.703
2018-09-19 15:10:20,537:INFO: [TRAIN] Step: 1004 ; Loss: 23.885 ; Acc: 34.701
2018-09-19 15:10:20,657:INFO: [TRAIN] Step: 1005 ; Loss: 32.325 ; Acc: 34.692
2018-09-19 15:10:20,771:INFO: [TRAIN] Step: 1006 ; Loss: 32.668 ; Acc: 34.686
2018-09-19 15:10:20,891:INFO: [TRAIN] Step: 1007 ; Loss: 30.000 ; Acc: 34.702
2018-09-19 15:10:21,015:INFO: [TRAIN] Step: 1008 ; Loss: 31.771 ; Acc: 34.696
2018-09-19 15:10:21,130:INFO: [TRAIN] Step: 1009 ; Loss: 28.681 ; Acc: 34.711
2018-09-19 15:10:21,248:INFO: [TRAIN] Step: 1010 ; Loss: 30.418 ; Acc: 34.710
2018-09-19 15:10:21,364:INFO: [TRAIN] Step: 1011 ; Loss: 30.066 ; Acc: 34.700
2018-09-19 15:10:21,477:INFO: [TRAIN] Step: 1012 ; Loss: 29.510 ; Acc: 34.715
2018-09-19 15:10:21,594:INFO: [TRAIN] Step: 1013 ; Loss: 27.414 ; Acc: 34.710
2018-09-19 15:10:21,712:INFO: [TRAIN] Step: 1014 ; Loss: 24.760 ; Acc: 34.741
2018-09-19 15:10:21,826:INFO: [TRAIN] Step: 1015 ; Loss: 25.347 ; Acc: 34.724
2018-09-19 15:10:21,946:INFO: [TRAIN] Step: 1016 ; Loss: 27.657 ; Acc: 34.730
2018-09-19 15:10:22,063:INFO: [TRAIN] Step: 1017 ; Loss: 29.643 ; Acc: 34.741
2018-09-19 15:10:22,182:INFO: [TRAIN] Step: 1018 ; Loss: 30.655 ; Acc: 34.724
2018-09-19 15:10:22,301:INFO: [TRAIN] Step: 1019 ; Loss: 31.068 ; Acc: 34.730
2018-09-19 15:10:22,417:INFO: [TRAIN] Step: 1020 ; Loss: 32.033 ; Acc: 34.717
2018-09-19 15:10:22,533:INFO: [TRAIN] Step: 1021 ; Loss: 25.790 ; Acc: 34.720
2018-09-19 15:10:22,649:INFO: [TRAIN] Step: 1022 ; Loss: 28.679 ; Acc: 34.726
2018-09-19 15:10:22,769:INFO: [TRAIN] Step: 1023 ; Loss: 29.075 ; Acc: 34.729
2018-09-19 15:10:22,886:INFO: [TRAIN] Step: 1024 ; Loss: 29.433 ; Acc: 34.728
2018-09-19 15:10:23,004:INFO: [TRAIN] Step: 1025 ; Loss: 27.807 ; Acc: 34.722
2018-09-19 15:10:23,121:INFO: [TRAIN] Step: 1026 ; Loss: 26.255 ; Acc: 34.737
2018-09-19 15:10:23,245:INFO: [TRAIN] Step: 1027 ; Loss: 31.342 ; Acc: 34.720
2018-09-19 15:10:23,361:INFO: [TRAIN] Step: 1028 ; Loss: 27.693 ; Acc: 34.726
2018-09-19 15:10:23,478:INFO: [TRAIN] Step: 1029 ; Loss: 28.873 ; Acc: 34.729
2018-09-19 15:10:23,593:INFO: [TRAIN] Step: 1030 ; Loss: 26.361 ; Acc: 34.752
2018-09-19 15:10:23,709:INFO: [TRAIN] Step: 1031 ; Loss: 28.201 ; Acc: 34.759
2018-09-19 15:10:23,827:INFO: [TRAIN] Step: 1032 ; Loss: 28.553 ; Acc: 34.749
2018-09-19 15:10:23,946:INFO: [TRAIN] Step: 1033 ; Loss: 24.156 ; Acc: 34.756
2018-09-19 15:10:24,061:INFO: [TRAIN] Step: 1034 ; Loss: 29.876 ; Acc: 34.738
2018-09-19 15:10:24,178:INFO: [TRAIN] Step: 1035 ; Loss: 25.742 ; Acc: 34.753
2018-09-19 15:10:24,291:INFO: [TRAIN] Step: 1036 ; Loss: 26.373 ; Acc: 34.760
2018-09-19 15:10:24,410:INFO: [TRAIN] Step: 1037 ; Loss: 29.957 ; Acc: 34.754
2018-09-19 15:10:24,527:INFO: [TRAIN] Step: 1038 ; Loss: 32.953 ; Acc: 34.745
2018-09-19 15:10:24,642:INFO: [TRAIN] Step: 1039 ; Loss: 27.288 ; Acc: 34.744
2018-09-19 15:10:24,759:INFO: [TRAIN] Step: 1040 ; Loss: 23.977 ; Acc: 34.758
2018-09-19 15:10:24,874:INFO: [TRAIN] Step: 1041 ; Loss: 31.121 ; Acc: 34.765
2018-09-19 15:10:24,989:INFO: [TRAIN] Step: 1042 ; Loss: 27.024 ; Acc: 34.764
2018-09-19 15:10:25,104:INFO: [TRAIN] Step: 1043 ; Loss: 27.599 ; Acc: 34.770
2018-09-19 15:10:25,221:INFO: [TRAIN] Step: 1044 ; Loss: 28.693 ; Acc: 34.781
2018-09-19 15:10:25,339:INFO: [TRAIN] Step: 1045 ; Loss: 27.487 ; Acc: 34.787
2018-09-19 15:10:25,453:INFO: [TRAIN] Step: 1046 ; Loss: 26.798 ; Acc: 34.786
2018-09-19 15:10:25,568:INFO: [TRAIN] Step: 1047 ; Loss: 30.699 ; Acc: 34.800
2018-09-19 15:10:25,690:INFO: [TRAIN] Step: 1048 ; Loss: 24.639 ; Acc: 34.807
2018-09-19 15:10:25,803:INFO: [TRAIN] Step: 1049 ; Loss: 32.242 ; Acc: 34.794
2018-09-19 15:10:25,918:INFO: [TRAIN] Step: 1050 ; Loss: 27.990 ; Acc: 34.792
2018-09-19 15:10:26,038:INFO: [TRAIN] Step: 1051 ; Loss: 31.396 ; Acc: 34.779
2018-09-19 15:10:26,153:INFO: [TRAIN] Step: 1052 ; Loss: 33.276 ; Acc: 34.782
2018-09-19 15:10:26,268:INFO: [TRAIN] Step: 1053 ; Loss: 29.738 ; Acc: 34.784
2018-09-19 15:10:26,385:INFO: [TRAIN] Step: 1054 ; Loss: 31.593 ; Acc: 34.795
2018-09-19 15:10:26,504:INFO: [TRAIN] Step: 1055 ; Loss: 27.947 ; Acc: 34.797
2018-09-19 15:10:26,616:INFO: [TRAIN] Step: 1056 ; Loss: 30.260 ; Acc: 34.796
2018-09-19 15:10:26,735:INFO: [TRAIN] Step: 1057 ; Loss: 28.909 ; Acc: 34.794
2018-09-19 15:10:26,850:INFO: [TRAIN] Step: 1058 ; Loss: 32.200 ; Acc: 34.797
2018-09-19 15:10:26,972:INFO: [TRAIN] Step: 1059 ; Loss: 29.815 ; Acc: 34.784
2018-09-19 15:10:27,093:INFO: [TRAIN] Step: 1060 ; Loss: 27.325 ; Acc: 34.786
2018-09-19 15:10:27,211:INFO: [TRAIN] Step: 1061 ; Loss: 28.457 ; Acc: 34.789
2018-09-19 15:10:27,333:INFO: [TRAIN] Step: 1062 ; Loss: 30.035 ; Acc: 34.791
2018-09-19 15:10:27,452:INFO: [TRAIN] Step: 1063 ; Loss: 28.280 ; Acc: 34.790
2018-09-19 15:10:27,567:INFO: [TRAIN] Step: 1064 ; Loss: 26.949 ; Acc: 34.789
2018-09-19 15:10:27,687:INFO: [TRAIN] Step: 1065 ; Loss: 33.383 ; Acc: 34.772
2018-09-19 15:10:27,805:INFO: [TRAIN] Step: 1066 ; Loss: 28.677 ; Acc: 34.782
2018-09-19 15:10:27,919:INFO: [TRAIN] Step: 1067 ; Loss: 28.330 ; Acc: 34.769
2018-09-19 15:10:28,034:INFO: [TRAIN] Step: 1068 ; Loss: 30.389 ; Acc: 34.756
2018-09-19 15:10:28,147:INFO: [TRAIN] Step: 1069 ; Loss: 28.943 ; Acc: 34.747
2018-09-19 15:10:28,277:INFO: [TRAIN] Step: 1070 ; Loss: 27.345 ; Acc: 34.753
2018-09-19 15:10:28,397:INFO: [TRAIN] Step: 1071 ; Loss: 29.847 ; Acc: 34.748
2018-09-19 15:10:28,513:INFO: [TRAIN] Step: 1072 ; Loss: 33.811 ; Acc: 34.724
2018-09-19 15:10:28,634:INFO: [TRAIN] Step: 1073 ; Loss: 26.978 ; Acc: 34.726
2018-09-19 15:10:28,752:INFO: [TRAIN] Step: 1074 ; Loss: 25.219 ; Acc: 34.740
2018-09-19 15:10:28,868:INFO: [TRAIN] Step: 1075 ; Loss: 27.874 ; Acc: 34.751
2018-09-19 15:10:28,984:INFO: [TRAIN] Step: 1076 ; Loss: 27.733 ; Acc: 34.742
2018-09-19 15:10:29,104:INFO: [TRAIN] Step: 1077 ; Loss: 29.411 ; Acc: 34.756
2018-09-19 15:10:29,223:INFO: [TRAIN] Step: 1078 ; Loss: 29.050 ; Acc: 34.747
2018-09-19 15:10:29,339:INFO: [TRAIN] Step: 1079 ; Loss: 29.144 ; Acc: 34.749
2018-09-19 15:10:29,456:INFO: [TRAIN] Step: 1080 ; Loss: 30.386 ; Acc: 34.744
2018-09-19 15:10:29,571:INFO: [TRAIN] Step: 1081 ; Loss: 25.784 ; Acc: 34.758
2018-09-19 15:10:29,691:INFO: [TRAIN] Step: 1082 ; Loss: 27.915 ; Acc: 34.765
2018-09-19 15:10:29,810:INFO: [TRAIN] Step: 1083 ; Loss: 28.883 ; Acc: 34.763
2018-09-19 15:10:29,924:INFO: [TRAIN] Step: 1084 ; Loss: 29.676 ; Acc: 34.750
2018-09-19 15:10:30,040:INFO: [TRAIN] Step: 1085 ; Loss: 27.259 ; Acc: 34.761
2018-09-19 15:10:30,161:INFO: [TRAIN] Step: 1086 ; Loss: 26.431 ; Acc: 34.771
2018-09-19 15:10:30,277:INFO: [TRAIN] Step: 1087 ; Loss: 29.012 ; Acc: 34.781
2018-09-19 15:10:30,393:INFO: [TRAIN] Step: 1088 ; Loss: 29.300 ; Acc: 34.776
2018-09-19 15:10:30,507:INFO: [TRAIN] Step: 1089 ; Loss: 27.161 ; Acc: 34.790
2018-09-19 15:10:30,625:INFO: [TRAIN] Step: 1090 ; Loss: 29.756 ; Acc: 34.792
2018-09-19 15:10:30,743:INFO: [TRAIN] Step: 1091 ; Loss: 27.672 ; Acc: 34.795
2018-09-19 15:10:30,856:INFO: [TRAIN] Step: 1092 ; Loss: 27.548 ; Acc: 34.797
2018-09-19 15:10:30,974:INFO: [TRAIN] Step: 1093 ; Loss: 31.202 ; Acc: 34.792
2018-09-19 15:10:31,087:INFO: [TRAIN] Step: 1094 ; Loss: 28.589 ; Acc: 34.798
2018-09-19 15:10:31,205:INFO: [TRAIN] Step: 1095 ; Loss: 29.388 ; Acc: 34.797
2018-09-19 15:10:31,327:INFO: [TRAIN] Step: 1096 ; Loss: 32.049 ; Acc: 34.792
2018-09-19 15:10:31,443:INFO: [TRAIN] Step: 1097 ; Loss: 28.247 ; Acc: 34.791
2018-09-19 15:10:31,560:INFO: [TRAIN] Step: 1098 ; Loss: 29.886 ; Acc: 34.789
2018-09-19 15:10:31,677:INFO: [TRAIN] Step: 1099 ; Loss: 29.114 ; Acc: 34.784
2018-09-19 15:10:31,795:INFO: [TRAIN] Step: 1100 ; Loss: 28.316 ; Acc: 34.783
2018-09-19 15:10:31,910:INFO: [TRAIN] Step: 1101 ; Loss: 27.925 ; Acc: 34.781
2018-09-19 15:10:32,028:INFO: [TRAIN] Step: 1102 ; Loss: 24.923 ; Acc: 34.795
2018-09-19 15:10:32,149:INFO: [TRAIN] Step: 1103 ; Loss: 30.759 ; Acc: 34.790
2018-09-19 15:10:32,263:INFO: [TRAIN] Step: 1104 ; Loss: 29.992 ; Acc: 34.785
2018-09-19 15:10:32,382:INFO: [TRAIN] Step: 1105 ; Loss: 29.856 ; Acc: 34.780
2018-09-19 15:10:32,501:INFO: [TRAIN] Step: 1106 ; Loss: 25.065 ; Acc: 34.794
2018-09-19 15:10:32,619:INFO: [TRAIN] Step: 1107 ; Loss: 28.595 ; Acc: 34.789
2018-09-19 15:10:32,747:INFO: [TRAIN] Step: 1108 ; Loss: 27.269 ; Acc: 34.787
2018-09-19 15:10:32,862:INFO: [TRAIN] Step: 1109 ; Loss: 28.910 ; Acc: 34.786
2018-09-19 15:10:32,978:INFO: [TRAIN] Step: 1110 ; Loss: 30.289 ; Acc: 34.781
2018-09-19 15:10:33,093:INFO: [TRAIN] Step: 1111 ; Loss: 30.346 ; Acc: 34.787
2018-09-19 15:10:33,207:INFO: [TRAIN] Step: 1112 ; Loss: 30.386 ; Acc: 34.775
2018-09-19 15:10:33,324:INFO: [TRAIN] Step: 1113 ; Loss: 30.541 ; Acc: 34.758
2018-09-19 15:10:33,438:INFO: [TRAIN] Step: 1114 ; Loss: 26.318 ; Acc: 34.768
2018-09-19 15:10:33,551:INFO: [TRAIN] Step: 1115 ; Loss: 28.038 ; Acc: 34.771
2018-09-19 15:10:33,667:INFO: [TRAIN] Step: 1116 ; Loss: 27.883 ; Acc: 34.766
2018-09-19 15:10:33,783:INFO: [TRAIN] Step: 1117 ; Loss: 25.711 ; Acc: 34.772
2018-09-19 15:10:33,902:INFO: [TRAIN] Step: 1118 ; Loss: 28.856 ; Acc: 34.782
2018-09-19 15:10:34,019:INFO: [TRAIN] Step: 1119 ; Loss: 25.185 ; Acc: 34.792
2018-09-19 15:10:34,134:INFO: [TRAIN] Step: 1120 ; Loss: 31.309 ; Acc: 34.768
2018-09-19 15:10:34,253:INFO: [TRAIN] Step: 1121 ; Loss: 30.421 ; Acc: 34.759
2018-09-19 15:10:34,371:INFO: [TRAIN] Step: 1122 ; Loss: 24.982 ; Acc: 34.773
2018-09-19 15:10:34,484:INFO: [TRAIN] Step: 1123 ; Loss: 28.630 ; Acc: 34.772
2018-09-19 15:10:34,599:INFO: [TRAIN] Step: 1124 ; Loss: 36.274 ; Acc: 34.763
2018-09-19 15:10:34,712:INFO: [TRAIN] Step: 1125 ; Loss: 31.529 ; Acc: 34.754
2018-09-19 15:10:34,828:INFO: [TRAIN] Step: 1126 ; Loss: 30.296 ; Acc: 34.760
2018-09-19 15:10:34,950:INFO: [TRAIN] Step: 1127 ; Loss: 27.109 ; Acc: 34.778
2018-09-19 15:10:35,063:INFO: [TRAIN] Step: 1128 ; Loss: 29.124 ; Acc: 34.784
2018-09-19 15:10:35,181:INFO: [TRAIN] Step: 1129 ; Loss: 32.263 ; Acc: 34.764
2018-09-19 15:10:35,295:INFO: [TRAIN] Step: 1130 ; Loss: 27.418 ; Acc: 34.752
2018-09-19 15:10:35,413:INFO: [TRAIN] Step: 1131 ; Loss: 27.824 ; Acc: 34.761
2018-09-19 15:10:35,527:INFO: [TRAIN] Step: 1132 ; Loss: 29.859 ; Acc: 34.757
2018-09-19 15:10:35,643:INFO: [TRAIN] Step: 1133 ; Loss: 29.079 ; Acc: 34.748
2018-09-19 15:10:35,760:INFO: [TRAIN] Step: 1134 ; Loss: 27.438 ; Acc: 34.758
2018-09-19 15:10:35,876:INFO: [TRAIN] Step: 1135 ; Loss: 30.102 ; Acc: 34.756
2018-09-19 15:10:35,991:INFO: [TRAIN] Step: 1136 ; Loss: 27.946 ; Acc: 34.770
2018-09-19 15:10:36,113:INFO: [TRAIN] Step: 1137 ; Loss: 28.499 ; Acc: 34.776
2018-09-19 15:10:36,232:INFO: [TRAIN] Step: 1138 ; Loss: 28.114 ; Acc: 34.767
2018-09-19 15:10:36,350:INFO: [TRAIN] Step: 1139 ; Loss: 28.050 ; Acc: 34.770
2018-09-19 15:10:36,471:INFO: [TRAIN] Step: 1140 ; Loss: 27.132 ; Acc: 34.776
2018-09-19 15:10:36,589:INFO: [TRAIN] Step: 1141 ; Loss: 28.079 ; Acc: 34.771
2018-09-19 15:10:36,711:INFO: [TRAIN] Step: 1142 ; Loss: 25.960 ; Acc: 34.762
2018-09-19 15:10:36,836:INFO: [TRAIN] Step: 1143 ; Loss: 29.088 ; Acc: 34.757
2018-09-19 15:10:36,954:INFO: [TRAIN] Step: 1144 ; Loss: 28.374 ; Acc: 34.756
2018-09-19 15:10:37,067:INFO: [TRAIN] Step: 1145 ; Loss: 30.676 ; Acc: 34.755
2018-09-19 15:10:37,182:INFO: [TRAIN] Step: 1146 ; Loss: 31.644 ; Acc: 34.746
2018-09-19 15:10:37,304:INFO: [TRAIN] Step: 1147 ; Loss: 27.806 ; Acc: 34.760
2018-09-19 15:10:37,419:INFO: [TRAIN] Step: 1148 ; Loss: 29.873 ; Acc: 34.751
2018-09-19 15:10:37,536:INFO: [TRAIN] Step: 1149 ; Loss: 25.497 ; Acc: 34.746
2018-09-19 15:10:37,650:INFO: [TRAIN] Step: 1150 ; Loss: 27.704 ; Acc: 34.745
2018-09-19 15:10:37,766:INFO: [TRAIN] Step: 1151 ; Loss: 27.548 ; Acc: 34.769
2018-09-19 15:10:37,884:INFO: [TRAIN] Step: 1152 ; Loss: 27.499 ; Acc: 34.764
2018-09-19 15:10:37,998:INFO: [TRAIN] Step: 1153 ; Loss: 28.572 ; Acc: 34.774
2018-09-19 15:10:38,113:INFO: [TRAIN] Step: 1154 ; Loss: 29.010 ; Acc: 34.780
2018-09-19 15:10:38,226:INFO: [TRAIN] Step: 1155 ; Loss: 24.735 ; Acc: 34.790
2018-09-19 15:10:38,346:INFO: [TRAIN] Step: 1156 ; Loss: 26.718 ; Acc: 34.795
2018-09-19 15:10:38,459:INFO: [TRAIN] Step: 1157 ; Loss: 28.313 ; Acc: 34.805
2018-09-19 15:10:38,577:INFO: [TRAIN] Step: 1158 ; Loss: 30.832 ; Acc: 34.800
2018-09-19 15:10:38,694:INFO: [TRAIN] Step: 1159 ; Loss: 27.967 ; Acc: 34.799
2018-09-19 15:10:38,812:INFO: [TRAIN] Step: 1160 ; Loss: 25.732 ; Acc: 34.808
2018-09-19 15:10:38,924:INFO: [TRAIN] Step: 1161 ; Loss: 28.570 ; Acc: 34.811
2018-09-19 15:10:39,040:INFO: [TRAIN] Step: 1162 ; Loss: 30.301 ; Acc: 34.813
2018-09-19 15:10:39,153:INFO: [TRAIN] Step: 1163 ; Loss: 26.637 ; Acc: 34.812
2018-09-19 15:10:39,271:INFO: [TRAIN] Step: 1164 ; Loss: 30.517 ; Acc: 34.803
2018-09-19 15:10:39,384:INFO: [TRAIN] Step: 1165 ; Loss: 24.799 ; Acc: 34.809
2018-09-19 15:10:39,500:INFO: [TRAIN] Step: 1166 ; Loss: 32.433 ; Acc: 34.797
2018-09-19 15:10:39,617:INFO: [TRAIN] Step: 1167 ; Loss: 30.601 ; Acc: 34.792
2018-09-19 15:10:39,734:INFO: [TRAIN] Step: 1168 ; Loss: 24.191 ; Acc: 34.802
2018-09-19 15:10:39,852:INFO: [TRAIN] Step: 1169 ; Loss: 30.438 ; Acc: 34.801
2018-09-19 15:10:39,970:INFO: [TRAIN] Step: 1170 ; Loss: 27.264 ; Acc: 34.803
2018-09-19 15:10:40,087:INFO: [TRAIN] Step: 1171 ; Loss: 28.436 ; Acc: 34.798
2018-09-19 15:10:40,201:INFO: [TRAIN] Step: 1172 ; Loss: 29.927 ; Acc: 34.793
2018-09-19 15:10:40,324:INFO: [TRAIN] Step: 1173 ; Loss: 28.897 ; Acc: 34.803
2018-09-19 15:10:40,437:INFO: [TRAIN] Step: 1174 ; Loss: 29.407 ; Acc: 34.816
2018-09-19 15:10:40,553:INFO: [TRAIN] Step: 1175 ; Loss: 26.021 ; Acc: 34.825
2018-09-19 15:10:40,670:INFO: [TRAIN] Step: 1176 ; Loss: 28.166 ; Acc: 34.827
2018-09-19 15:10:40,792:INFO: [TRAIN] Step: 1177 ; Loss: 30.159 ; Acc: 34.815
2018-09-19 15:10:40,904:INFO: [TRAIN] Step: 1178 ; Loss: 28.604 ; Acc: 34.818
2018-09-19 15:10:41,023:INFO: [TRAIN] Step: 1179 ; Loss: 28.942 ; Acc: 34.823
2018-09-19 15:10:41,135:INFO: [TRAIN] Step: 1180 ; Loss: 29.606 ; Acc: 34.812
2018-09-19 15:10:41,249:INFO: [TRAIN] Step: 1181 ; Loss: 27.205 ; Acc: 34.814
2018-09-19 15:10:41,367:INFO: [TRAIN] Step: 1182 ; Loss: 24.320 ; Acc: 34.813
2018-09-19 15:10:41,481:INFO: [TRAIN] Step: 1183 ; Loss: 24.827 ; Acc: 34.818
2018-09-19 15:10:41,596:INFO: [TRAIN] Step: 1184 ; Loss: 27.597 ; Acc: 34.807
2018-09-19 15:10:41,713:INFO: [TRAIN] Step: 1185 ; Loss: 28.601 ; Acc: 34.805
2018-09-19 15:10:41,832:INFO: [TRAIN] Step: 1186 ; Loss: 32.272 ; Acc: 34.804
2018-09-19 15:10:41,944:INFO: [TRAIN] Step: 1187 ; Loss: 28.880 ; Acc: 34.813
2018-09-19 15:10:42,059:INFO: [TRAIN] Step: 1188 ; Loss: 32.814 ; Acc: 34.819
2018-09-19 15:10:42,177:INFO: [TRAIN] Step: 1189 ; Loss: 26.766 ; Acc: 34.821
2018-09-19 15:10:47,294:INFO: [EVAL] Step: 1190 ; Loss: 0.300 ; Acc: 0.373
