2018-09-19 15:19:04,142:INFO: ### Model ###
LeNet5(
  (convnet): Sequential(
    (0): Conv2d(1, 6, kernel_size=(5, 5), stride=(1, 1))
    (1): ReLU()
    (2): MaxPool2d(kernel_size=(2, 2), stride=2, padding=0, dilation=1, ceil_mode=False)
    (3): Conv2d(6, 16, kernel_size=(5, 5), stride=(1, 1))
    (4): ReLU()
    (5): MaxPool2d(kernel_size=(2, 2), stride=2, padding=0, dilation=1, ceil_mode=False)
    (6): Conv2d(16, 120, kernel_size=(5, 5), stride=(1, 1))
    (7): ReLU()
    (8): Conv2d(120, 240, kernel_size=(5, 5), stride=(1, 1))
    (9): ReLU()
  )
  (fc): Sequential(
    (0): Linear(in_features=240, out_features=84, bias=True)
    (1): ReLU()
    (2): Linear(in_features=84, out_features=10, bias=True)
  )
)
2018-09-19 15:19:04,142:INFO: ### Optimizer ###
Adam (
Parameter Group 0
    amsgrad: False
    betas: (0.9, 0.999)
    eps: 1e-08
    lr: 0.05
    weight_decay: 0
)
2018-09-19 15:19:04,143:INFO: ### HParams ###
n_epochs: 1 ; data: ferplus ; label: ferplus_votes ; batch_size: 24 ; lr: 0.05 ; wd: 0 ; eval_steps: 1190
2018-09-19 15:19:04,317:INFO: [TRAIN] Step: 0 ; Loss: 39.247 ; Acc: 0.000
2018-09-19 15:19:04,396:INFO: [TRAIN] Step: 1 ; Loss: 50125.367 ; Acc: 16.667
2018-09-19 15:19:04,468:INFO: [TRAIN] Step: 2 ; Loss: 149.825 ; Acc: 13.889
2018-09-19 15:19:04,546:INFO: [TRAIN] Step: 3 ; Loss: 39.090 ; Acc: 16.667
2018-09-19 15:19:04,621:INFO: [TRAIN] Step: 4 ; Loss: 35.372 ; Acc: 15.833
2018-09-19 15:19:04,703:INFO: [TRAIN] Step: 5 ; Loss: 33.479 ; Acc: 17.361
2018-09-19 15:19:04,776:INFO: [TRAIN] Step: 6 ; Loss: 39.351 ; Acc: 16.667
2018-09-19 15:19:04,856:INFO: [TRAIN] Step: 7 ; Loss: 29.508 ; Acc: 18.229
2018-09-19 15:19:04,931:INFO: [TRAIN] Step: 8 ; Loss: 27.437 ; Acc: 20.370
2018-09-19 15:19:05,010:INFO: [TRAIN] Step: 9 ; Loss: 34.338 ; Acc: 21.667
2018-09-19 15:19:05,098:INFO: [TRAIN] Step: 10 ; Loss: 26.432 ; Acc: 22.727
2018-09-19 15:19:05,203:INFO: [TRAIN] Step: 11 ; Loss: 31.078 ; Acc: 22.222
2018-09-19 15:19:05,278:INFO: [TRAIN] Step: 12 ; Loss: 28.516 ; Acc: 23.397
2018-09-19 15:19:05,358:INFO: [TRAIN] Step: 13 ; Loss: 35.113 ; Acc: 24.405
2018-09-19 15:19:05,438:INFO: [TRAIN] Step: 14 ; Loss: 34.123 ; Acc: 24.722
2018-09-19 15:19:05,518:INFO: [TRAIN] Step: 15 ; Loss: 29.241 ; Acc: 25.260
2018-09-19 15:19:05,591:INFO: [TRAIN] Step: 16 ; Loss: 33.862 ; Acc: 25.000
2018-09-19 15:19:05,670:INFO: [TRAIN] Step: 17 ; Loss: 30.391 ; Acc: 24.769
2018-09-19 15:19:05,744:INFO: [TRAIN] Step: 18 ; Loss: 31.227 ; Acc: 25.439
2018-09-19 15:19:05,826:INFO: [TRAIN] Step: 19 ; Loss: 32.220 ; Acc: 26.042
2018-09-19 15:19:05,901:INFO: [TRAIN] Step: 20 ; Loss: 31.469 ; Acc: 26.190
2018-09-19 15:19:05,985:INFO: [TRAIN] Step: 21 ; Loss: 32.988 ; Acc: 26.515
2018-09-19 15:19:06,061:INFO: [TRAIN] Step: 22 ; Loss: 28.141 ; Acc: 26.993
2018-09-19 15:19:06,144:INFO: [TRAIN] Step: 23 ; Loss: 28.734 ; Acc: 27.604
2018-09-19 15:19:06,217:INFO: [TRAIN] Step: 24 ; Loss: 30.783 ; Acc: 27.667
2018-09-19 15:19:06,297:INFO: [TRAIN] Step: 25 ; Loss: 28.432 ; Acc: 27.724
2018-09-19 15:19:06,372:INFO: [TRAIN] Step: 26 ; Loss: 28.728 ; Acc: 28.241
2018-09-19 15:19:06,452:INFO: [TRAIN] Step: 27 ; Loss: 28.425 ; Acc: 27.976
2018-09-19 15:19:06,524:INFO: [TRAIN] Step: 28 ; Loss: 29.967 ; Acc: 28.161
2018-09-19 15:19:06,602:INFO: [TRAIN] Step: 29 ; Loss: 31.799 ; Acc: 27.917
2018-09-19 15:19:06,675:INFO: [TRAIN] Step: 30 ; Loss: 29.884 ; Acc: 28.091
2018-09-19 15:19:06,755:INFO: [TRAIN] Step: 31 ; Loss: 27.503 ; Acc: 28.385
2018-09-19 15:19:06,828:INFO: [TRAIN] Step: 32 ; Loss: 25.808 ; Acc: 28.914
2018-09-19 15:19:06,908:INFO: [TRAIN] Step: 33 ; Loss: 30.357 ; Acc: 28.922
2018-09-19 15:19:06,980:INFO: [TRAIN] Step: 34 ; Loss: 29.161 ; Acc: 28.571
2018-09-19 15:19:07,060:INFO: [TRAIN] Step: 35 ; Loss: 26.322 ; Acc: 28.704
2018-09-19 15:19:07,131:INFO: [TRAIN] Step: 36 ; Loss: 25.717 ; Acc: 28.716
2018-09-19 15:19:07,210:INFO: [TRAIN] Step: 37 ; Loss: 28.068 ; Acc: 28.509
2018-09-19 15:19:07,285:INFO: [TRAIN] Step: 38 ; Loss: 29.189 ; Acc: 28.526
2018-09-19 15:19:07,366:INFO: [TRAIN] Step: 39 ; Loss: 27.155 ; Acc: 29.063
2018-09-19 15:19:07,438:INFO: [TRAIN] Step: 40 ; Loss: 27.786 ; Acc: 29.065
2018-09-19 15:19:07,517:INFO: [TRAIN] Step: 41 ; Loss: 30.812 ; Acc: 29.464
2018-09-19 15:19:07,589:INFO: [TRAIN] Step: 42 ; Loss: 27.621 ; Acc: 29.457
2018-09-19 15:19:07,669:INFO: [TRAIN] Step: 43 ; Loss: 25.272 ; Acc: 30.019
2018-09-19 15:19:07,742:INFO: [TRAIN] Step: 44 ; Loss: 31.837 ; Acc: 30.370
2018-09-19 15:19:07,822:INFO: [TRAIN] Step: 45 ; Loss: 28.008 ; Acc: 30.435
2018-09-19 15:19:07,896:INFO: [TRAIN] Step: 46 ; Loss: 31.567 ; Acc: 30.585
2018-09-19 15:19:07,977:INFO: [TRAIN] Step: 47 ; Loss: 31.124 ; Acc: 30.382
2018-09-19 15:19:08,051:INFO: [TRAIN] Step: 48 ; Loss: 30.578 ; Acc: 30.357
2018-09-19 15:19:08,131:INFO: [TRAIN] Step: 49 ; Loss: 25.060 ; Acc: 30.917
2018-09-19 15:19:08,228:INFO: [TRAIN] Step: 50 ; Loss: 30.037 ; Acc: 31.209
2018-09-19 15:19:08,316:INFO: [TRAIN] Step: 51 ; Loss: 28.000 ; Acc: 31.330
2018-09-19 15:19:08,389:INFO: [TRAIN] Step: 52 ; Loss: 31.822 ; Acc: 31.211
2018-09-19 15:19:08,483:INFO: [TRAIN] Step: 53 ; Loss: 29.955 ; Acc: 31.327
2018-09-19 15:19:08,559:INFO: [TRAIN] Step: 54 ; Loss: 30.109 ; Acc: 31.288
2018-09-19 15:19:08,641:INFO: [TRAIN] Step: 55 ; Loss: 28.566 ; Acc: 31.622
2018-09-19 15:19:08,718:INFO: [TRAIN] Step: 56 ; Loss: 32.013 ; Acc: 31.287
2018-09-19 15:19:08,801:INFO: [TRAIN] Step: 57 ; Loss: 29.076 ; Acc: 31.394
2018-09-19 15:19:08,875:INFO: [TRAIN] Step: 58 ; Loss: 28.418 ; Acc: 31.427
2018-09-19 15:19:08,955:INFO: [TRAIN] Step: 59 ; Loss: 28.852 ; Acc: 31.458
2018-09-19 15:19:09,033:INFO: [TRAIN] Step: 60 ; Loss: 28.569 ; Acc: 31.557
2018-09-19 15:19:09,111:INFO: [TRAIN] Step: 61 ; Loss: 23.717 ; Acc: 31.922
2018-09-19 15:19:09,187:INFO: [TRAIN] Step: 62 ; Loss: 30.540 ; Acc: 31.944
2018-09-19 15:19:09,268:INFO: [TRAIN] Step: 63 ; Loss: 30.056 ; Acc: 31.901
2018-09-19 15:19:09,342:INFO: [TRAIN] Step: 64 ; Loss: 28.342 ; Acc: 32.051
2018-09-19 15:19:09,425:INFO: [TRAIN] Step: 65 ; Loss: 29.437 ; Acc: 32.260
2018-09-19 15:19:09,498:INFO: [TRAIN] Step: 66 ; Loss: 28.100 ; Acc: 32.400
2018-09-19 15:19:09,579:INFO: [TRAIN] Step: 67 ; Loss: 26.387 ; Acc: 32.659
2018-09-19 15:19:09,653:INFO: [TRAIN] Step: 68 ; Loss: 29.918 ; Acc: 32.548
2018-09-19 15:19:09,732:INFO: [TRAIN] Step: 69 ; Loss: 30.040 ; Acc: 32.560
2018-09-19 15:19:09,803:INFO: [TRAIN] Step: 70 ; Loss: 26.272 ; Acc: 32.746
2018-09-19 15:19:09,884:INFO: [TRAIN] Step: 71 ; Loss: 30.842 ; Acc: 32.755
2018-09-19 15:19:09,956:INFO: [TRAIN] Step: 72 ; Loss: 26.358 ; Acc: 32.877
2018-09-19 15:19:10,036:INFO: [TRAIN] Step: 73 ; Loss: 29.855 ; Acc: 32.827
2018-09-19 15:19:10,111:INFO: [TRAIN] Step: 74 ; Loss: 26.384 ; Acc: 33.111
2018-09-19 15:19:10,192:INFO: [TRAIN] Step: 75 ; Loss: 27.918 ; Acc: 33.224
2018-09-19 15:19:10,267:INFO: [TRAIN] Step: 76 ; Loss: 26.699 ; Acc: 33.442
2018-09-19 15:19:10,347:INFO: [TRAIN] Step: 77 ; Loss: 31.906 ; Acc: 33.494
2018-09-19 15:19:10,420:INFO: [TRAIN] Step: 78 ; Loss: 30.148 ; Acc: 33.544
2018-09-19 15:19:10,502:INFO: [TRAIN] Step: 79 ; Loss: 29.276 ; Acc: 33.542
2018-09-19 15:19:10,574:INFO: [TRAIN] Step: 80 ; Loss: 31.283 ; Acc: 33.488
2018-09-19 15:19:10,654:INFO: [TRAIN] Step: 81 ; Loss: 24.597 ; Acc: 33.689
2018-09-19 15:19:10,725:INFO: [TRAIN] Step: 82 ; Loss: 34.883 ; Acc: 33.484
2018-09-19 15:19:10,811:INFO: [TRAIN] Step: 83 ; Loss: 28.511 ; Acc: 33.681
2018-09-19 15:19:10,884:INFO: [TRAIN] Step: 84 ; Loss: 28.588 ; Acc: 33.627
2018-09-19 15:19:10,965:INFO: [TRAIN] Step: 85 ; Loss: 33.221 ; Acc: 33.479
2018-09-19 15:19:11,041:INFO: [TRAIN] Step: 86 ; Loss: 27.790 ; Acc: 33.525
2018-09-19 15:19:11,123:INFO: [TRAIN] Step: 87 ; Loss: 30.337 ; Acc: 33.523
2018-09-19 15:19:11,199:INFO: [TRAIN] Step: 88 ; Loss: 28.077 ; Acc: 33.427
2018-09-19 15:19:11,279:INFO: [TRAIN] Step: 89 ; Loss: 28.988 ; Acc: 33.426
2018-09-19 15:19:11,352:INFO: [TRAIN] Step: 90 ; Loss: 33.707 ; Acc: 33.379
2018-09-19 15:19:11,435:INFO: [TRAIN] Step: 91 ; Loss: 26.739 ; Acc: 33.424
2018-09-19 15:19:11,517:INFO: [TRAIN] Step: 92 ; Loss: 28.645 ; Acc: 33.468
2018-09-19 15:19:11,598:INFO: [TRAIN] Step: 93 ; Loss: 29.214 ; Acc: 33.333
2018-09-19 15:19:11,669:INFO: [TRAIN] Step: 94 ; Loss: 29.019 ; Acc: 33.246
2018-09-19 15:19:11,751:INFO: [TRAIN] Step: 95 ; Loss: 28.674 ; Acc: 33.116
2018-09-19 15:19:11,825:INFO: [TRAIN] Step: 96 ; Loss: 29.034 ; Acc: 32.990
2018-09-19 15:19:11,908:INFO: [TRAIN] Step: 97 ; Loss: 27.663 ; Acc: 32.993
2018-09-19 15:19:11,981:INFO: [TRAIN] Step: 98 ; Loss: 29.593 ; Acc: 33.123
2018-09-19 15:19:12,063:INFO: [TRAIN] Step: 99 ; Loss: 27.047 ; Acc: 33.167
2018-09-19 15:19:12,134:INFO: [TRAIN] Step: 100 ; Loss: 28.036 ; Acc: 33.210
2018-09-19 15:19:12,214:INFO: [TRAIN] Step: 101 ; Loss: 27.672 ; Acc: 33.252
2018-09-19 15:19:12,286:INFO: [TRAIN] Step: 102 ; Loss: 34.037 ; Acc: 33.131
2018-09-19 15:19:12,368:INFO: [TRAIN] Step: 103 ; Loss: 27.241 ; Acc: 33.253
2018-09-19 15:19:12,442:INFO: [TRAIN] Step: 104 ; Loss: 26.555 ; Acc: 33.333
2018-09-19 15:19:12,521:INFO: [TRAIN] Step: 105 ; Loss: 29.197 ; Acc: 33.294
2018-09-19 15:19:12,595:INFO: [TRAIN] Step: 106 ; Loss: 26.252 ; Acc: 33.372
2018-09-19 15:19:12,675:INFO: [TRAIN] Step: 107 ; Loss: 24.681 ; Acc: 33.565
2018-09-19 15:19:12,747:INFO: [TRAIN] Step: 108 ; Loss: 26.319 ; Acc: 33.563
2018-09-19 15:19:12,827:INFO: [TRAIN] Step: 109 ; Loss: 28.714 ; Acc: 33.561
2018-09-19 15:19:12,900:INFO: [TRAIN] Step: 110 ; Loss: 29.001 ; Acc: 33.559
2018-09-19 15:19:12,980:INFO: [TRAIN] Step: 111 ; Loss: 28.619 ; Acc: 33.631
2018-09-19 15:19:13,053:INFO: [TRAIN] Step: 112 ; Loss: 27.138 ; Acc: 33.813
2018-09-19 15:19:13,134:INFO: [TRAIN] Step: 113 ; Loss: 27.271 ; Acc: 33.772
2018-09-19 15:19:13,206:INFO: [TRAIN] Step: 114 ; Loss: 31.968 ; Acc: 33.804
2018-09-19 15:19:13,285:INFO: [TRAIN] Step: 115 ; Loss: 31.170 ; Acc: 33.728
2018-09-19 15:19:13,360:INFO: [TRAIN] Step: 116 ; Loss: 27.481 ; Acc: 33.761
2018-09-19 15:19:13,440:INFO: [TRAIN] Step: 117 ; Loss: 28.292 ; Acc: 33.722
2018-09-19 15:19:13,513:INFO: [TRAIN] Step: 118 ; Loss: 26.323 ; Acc: 33.894
2018-09-19 15:19:13,595:INFO: [TRAIN] Step: 119 ; Loss: 24.836 ; Acc: 33.993
2018-09-19 15:19:13,670:INFO: [TRAIN] Step: 120 ; Loss: 28.423 ; Acc: 34.125
2018-09-19 15:19:13,750:INFO: [TRAIN] Step: 121 ; Loss: 29.298 ; Acc: 34.085
2018-09-19 15:19:13,823:INFO: [TRAIN] Step: 122 ; Loss: 22.745 ; Acc: 34.282
2018-09-19 15:19:13,902:INFO: [TRAIN] Step: 123 ; Loss: 30.698 ; Acc: 34.308
2018-09-19 15:19:13,974:INFO: [TRAIN] Step: 124 ; Loss: 26.718 ; Acc: 34.400
2018-09-19 15:19:14,054:INFO: [TRAIN] Step: 125 ; Loss: 31.034 ; Acc: 34.358
2018-09-19 15:19:14,126:INFO: [TRAIN] Step: 126 ; Loss: 35.044 ; Acc: 34.285
2018-09-19 15:19:14,207:INFO: [TRAIN] Step: 127 ; Loss: 27.337 ; Acc: 34.408
2018-09-19 15:19:14,279:INFO: [TRAIN] Step: 128 ; Loss: 28.390 ; Acc: 34.432
2018-09-19 15:19:14,362:INFO: [TRAIN] Step: 129 ; Loss: 29.851 ; Acc: 34.455
2018-09-19 15:19:14,434:INFO: [TRAIN] Step: 130 ; Loss: 27.106 ; Acc: 34.478
2018-09-19 15:19:14,514:INFO: [TRAIN] Step: 131 ; Loss: 29.907 ; Acc: 34.438
2018-09-19 15:19:14,589:INFO: [TRAIN] Step: 132 ; Loss: 26.669 ; Acc: 34.555
2018-09-19 15:19:14,667:INFO: [TRAIN] Step: 133 ; Loss: 31.942 ; Acc: 34.422
2018-09-19 15:19:14,753:INFO: [TRAIN] Step: 134 ; Loss: 31.339 ; Acc: 34.414
2018-09-19 15:19:14,839:INFO: [TRAIN] Step: 135 ; Loss: 28.561 ; Acc: 34.344
2018-09-19 15:19:14,912:INFO: [TRAIN] Step: 136 ; Loss: 33.417 ; Acc: 34.307
2018-09-19 15:19:15,003:INFO: [TRAIN] Step: 137 ; Loss: 31.929 ; Acc: 34.269
2018-09-19 15:19:15,077:INFO: [TRAIN] Step: 138 ; Loss: 29.222 ; Acc: 34.173
2018-09-19 15:19:15,158:INFO: [TRAIN] Step: 139 ; Loss: 32.958 ; Acc: 34.077
2018-09-19 15:19:15,233:INFO: [TRAIN] Step: 140 ; Loss: 27.443 ; Acc: 34.013
2018-09-19 15:19:15,314:INFO: [TRAIN] Step: 141 ; Loss: 27.832 ; Acc: 34.008
2018-09-19 15:19:15,388:INFO: [TRAIN] Step: 142 ; Loss: 26.350 ; Acc: 34.003
2018-09-19 15:19:15,473:INFO: [TRAIN] Step: 143 ; Loss: 25.728 ; Acc: 33.796
2018-09-19 15:19:15,546:INFO: [TRAIN] Step: 144 ; Loss: 26.653 ; Acc: 33.764
2018-09-19 15:19:15,628:INFO: [TRAIN] Step: 145 ; Loss: 27.224 ; Acc: 33.818
2018-09-19 15:19:15,699:INFO: [TRAIN] Step: 146 ; Loss: 27.516 ; Acc: 33.815
2018-09-19 15:19:15,788:INFO: [TRAIN] Step: 147 ; Loss: 25.765 ; Acc: 33.925
2018-09-19 15:19:15,862:INFO: [TRAIN] Step: 148 ; Loss: 29.972 ; Acc: 33.977
2018-09-19 15:19:15,943:INFO: [TRAIN] Step: 149 ; Loss: 30.134 ; Acc: 34.056
2018-09-19 15:19:16,014:INFO: [TRAIN] Step: 150 ; Loss: 28.377 ; Acc: 34.134
2018-09-19 15:19:16,095:INFO: [TRAIN] Step: 151 ; Loss: 26.753 ; Acc: 34.238
2018-09-19 15:19:16,164:INFO: [TRAIN] Step: 152 ; Loss: 29.858 ; Acc: 34.232
2018-09-19 15:19:16,245:INFO: [TRAIN] Step: 153 ; Loss: 26.147 ; Acc: 34.307
2018-09-19 15:19:16,320:INFO: [TRAIN] Step: 154 ; Loss: 29.249 ; Acc: 34.167
2018-09-19 15:19:16,401:INFO: [TRAIN] Step: 155 ; Loss: 27.654 ; Acc: 34.135
2018-09-19 15:19:16,472:INFO: [TRAIN] Step: 156 ; Loss: 27.405 ; Acc: 34.209
2018-09-19 15:19:16,553:INFO: [TRAIN] Step: 157 ; Loss: 29.147 ; Acc: 34.204
2018-09-19 15:19:16,626:INFO: [TRAIN] Step: 158 ; Loss: 29.048 ; Acc: 34.224
2018-09-19 15:19:16,707:INFO: [TRAIN] Step: 159 ; Loss: 28.321 ; Acc: 34.245
2018-09-19 15:19:16,779:INFO: [TRAIN] Step: 160 ; Loss: 25.558 ; Acc: 34.136
2018-09-19 15:19:16,860:INFO: [TRAIN] Step: 161 ; Loss: 29.676 ; Acc: 34.105
2018-09-19 15:19:16,933:INFO: [TRAIN] Step: 162 ; Loss: 31.393 ; Acc: 34.024
2018-09-19 15:19:17,012:INFO: [TRAIN] Step: 163 ; Loss: 28.940 ; Acc: 33.892
2018-09-19 15:19:17,089:INFO: [TRAIN] Step: 164 ; Loss: 28.579 ; Acc: 33.939
2018-09-19 15:19:17,167:INFO: [TRAIN] Step: 165 ; Loss: 27.504 ; Acc: 33.835
2018-09-19 15:19:17,243:INFO: [TRAIN] Step: 166 ; Loss: 29.032 ; Acc: 33.782
2018-09-19 15:19:17,324:INFO: [TRAIN] Step: 167 ; Loss: 29.964 ; Acc: 33.705
2018-09-19 15:19:17,395:INFO: [TRAIN] Step: 168 ; Loss: 27.902 ; Acc: 33.555
2018-09-19 15:19:17,476:INFO: [TRAIN] Step: 169 ; Loss: 29.976 ; Acc: 33.529
2018-09-19 15:19:17,555:INFO: [TRAIN] Step: 170 ; Loss: 27.259 ; Acc: 33.626
2018-09-19 15:19:17,641:INFO: [TRAIN] Step: 171 ; Loss: 31.025 ; Acc: 33.503
2018-09-19 15:19:17,713:INFO: [TRAIN] Step: 172 ; Loss: 27.990 ; Acc: 33.478
2018-09-19 15:19:17,793:INFO: [TRAIN] Step: 173 ; Loss: 30.175 ; Acc: 33.429
2018-09-19 15:19:17,868:INFO: [TRAIN] Step: 174 ; Loss: 26.428 ; Acc: 33.452
2018-09-19 15:19:17,954:INFO: [TRAIN] Step: 175 ; Loss: 28.601 ; Acc: 33.499
2018-09-19 15:19:18,038:INFO: [TRAIN] Step: 176 ; Loss: 28.604 ; Acc: 33.498
2018-09-19 15:19:18,119:INFO: [TRAIN] Step: 177 ; Loss: 31.240 ; Acc: 33.474
2018-09-19 15:19:18,192:INFO: [TRAIN] Step: 178 ; Loss: 25.896 ; Acc: 33.520
2018-09-19 15:19:18,272:INFO: [TRAIN] Step: 179 ; Loss: 32.897 ; Acc: 33.426
2018-09-19 15:19:18,349:INFO: [TRAIN] Step: 180 ; Loss: 28.386 ; Acc: 33.402
2018-09-19 15:19:18,432:INFO: [TRAIN] Step: 181 ; Loss: 24.271 ; Acc: 33.448
2018-09-19 15:19:18,512:INFO: [TRAIN] Step: 182 ; Loss: 25.827 ; Acc: 33.561
2018-09-19 15:19:18,593:INFO: [TRAIN] Step: 183 ; Loss: 28.279 ; Acc: 33.582
2018-09-19 15:19:18,670:INFO: [TRAIN] Step: 184 ; Loss: 27.577 ; Acc: 33.604
2018-09-19 15:19:18,753:INFO: [TRAIN] Step: 185 ; Loss: 29.035 ; Acc: 33.557
2018-09-19 15:19:18,828:INFO: [TRAIN] Step: 186 ; Loss: 32.771 ; Acc: 33.422
2018-09-19 15:19:18,909:INFO: [TRAIN] Step: 187 ; Loss: 32.384 ; Acc: 33.422
2018-09-19 15:19:18,995:INFO: [TRAIN] Step: 188 ; Loss: 31.706 ; Acc: 33.399
2018-09-19 15:19:19,076:INFO: [TRAIN] Step: 189 ; Loss: 25.934 ; Acc: 33.465
2018-09-19 15:19:19,152:INFO: [TRAIN] Step: 190 ; Loss: 30.088 ; Acc: 33.421
2018-09-19 15:19:19,232:INFO: [TRAIN] Step: 191 ; Loss: 26.105 ; Acc: 33.312
2018-09-19 15:19:19,307:INFO: [TRAIN] Step: 192 ; Loss: 27.173 ; Acc: 33.333
2018-09-19 15:19:19,389:INFO: [TRAIN] Step: 193 ; Loss: 26.451 ; Acc: 33.419
2018-09-19 15:19:19,463:INFO: [TRAIN] Step: 194 ; Loss: 32.531 ; Acc: 33.440
2018-09-19 15:19:19,545:INFO: [TRAIN] Step: 195 ; Loss: 28.333 ; Acc: 33.482
2018-09-19 15:19:19,622:INFO: [TRAIN] Step: 196 ; Loss: 27.704 ; Acc: 33.587
2018-09-19 15:19:19,704:INFO: [TRAIN] Step: 197 ; Loss: 26.778 ; Acc: 33.523
2018-09-19 15:19:19,779:INFO: [TRAIN] Step: 198 ; Loss: 30.132 ; Acc: 33.396
2018-09-19 15:19:19,858:INFO: [TRAIN] Step: 199 ; Loss: 28.097 ; Acc: 33.438
2018-09-19 15:19:19,931:INFO: [TRAIN] Step: 200 ; Loss: 27.647 ; Acc: 33.458
2018-09-19 15:19:20,011:INFO: [TRAIN] Step: 201 ; Loss: 29.634 ; Acc: 33.519
2018-09-19 15:19:20,088:INFO: [TRAIN] Step: 202 ; Loss: 31.067 ; Acc: 33.374
2018-09-19 15:19:20,169:INFO: [TRAIN] Step: 203 ; Loss: 25.531 ; Acc: 33.374
2018-09-19 15:19:20,242:INFO: [TRAIN] Step: 204 ; Loss: 24.886 ; Acc: 33.496
2018-09-19 15:19:20,322:INFO: [TRAIN] Step: 205 ; Loss: 26.877 ; Acc: 33.515
2018-09-19 15:19:20,397:INFO: [TRAIN] Step: 206 ; Loss: 26.641 ; Acc: 33.555
2018-09-19 15:19:20,477:INFO: [TRAIN] Step: 207 ; Loss: 25.392 ; Acc: 33.714
2018-09-19 15:19:20,551:INFO: [TRAIN] Step: 208 ; Loss: 25.642 ; Acc: 33.712
2018-09-19 15:19:20,631:INFO: [TRAIN] Step: 209 ; Loss: 27.492 ; Acc: 33.750
2018-09-19 15:19:20,704:INFO: [TRAIN] Step: 210 ; Loss: 25.156 ; Acc: 33.867
2018-09-19 15:19:20,786:INFO: [TRAIN] Step: 211 ; Loss: 31.153 ; Acc: 33.844
2018-09-19 15:19:20,860:INFO: [TRAIN] Step: 212 ; Loss: 29.390 ; Acc: 33.803
2018-09-19 15:19:20,942:INFO: [TRAIN] Step: 213 ; Loss: 28.282 ; Acc: 33.762
2018-09-19 15:19:21,016:INFO: [TRAIN] Step: 214 ; Loss: 27.700 ; Acc: 33.798
2018-09-19 15:19:21,097:INFO: [TRAIN] Step: 215 ; Loss: 29.160 ; Acc: 33.777
2018-09-19 15:19:21,172:INFO: [TRAIN] Step: 216 ; Loss: 30.350 ; Acc: 33.756
2018-09-19 15:19:21,252:INFO: [TRAIN] Step: 217 ; Loss: 30.795 ; Acc: 33.773
2018-09-19 15:19:21,323:INFO: [TRAIN] Step: 218 ; Loss: 26.199 ; Acc: 33.885
2018-09-19 15:19:21,404:INFO: [TRAIN] Step: 219 ; Loss: 28.131 ; Acc: 33.977
2018-09-19 15:19:21,477:INFO: [TRAIN] Step: 220 ; Loss: 24.421 ; Acc: 34.069
2018-09-19 15:19:21,557:INFO: [TRAIN] Step: 221 ; Loss: 30.037 ; Acc: 34.028
2018-09-19 15:19:21,632:INFO: [TRAIN] Step: 222 ; Loss: 30.552 ; Acc: 34.006
2018-09-19 15:19:21,713:INFO: [TRAIN] Step: 223 ; Loss: 28.881 ; Acc: 34.003
2018-09-19 15:19:21,788:INFO: [TRAIN] Step: 224 ; Loss: 28.209 ; Acc: 34.037
2018-09-19 15:19:21,866:INFO: [TRAIN] Step: 225 ; Loss: 31.768 ; Acc: 34.052
2018-09-19 15:19:21,939:INFO: [TRAIN] Step: 226 ; Loss: 30.379 ; Acc: 34.031
2018-09-19 15:19:22,019:INFO: [TRAIN] Step: 227 ; Loss: 27.397 ; Acc: 34.064
2018-09-19 15:19:22,093:INFO: [TRAIN] Step: 228 ; Loss: 31.892 ; Acc: 34.116
2018-09-19 15:19:22,173:INFO: [TRAIN] Step: 229 ; Loss: 27.711 ; Acc: 34.130
2018-09-19 15:19:22,252:INFO: [TRAIN] Step: 230 ; Loss: 28.135 ; Acc: 34.181
2018-09-19 15:19:22,333:INFO: [TRAIN] Step: 231 ; Loss: 31.004 ; Acc: 34.213
2018-09-19 15:19:22,406:INFO: [TRAIN] Step: 232 ; Loss: 25.327 ; Acc: 34.227
2018-09-19 15:19:22,487:INFO: [TRAIN] Step: 233 ; Loss: 25.538 ; Acc: 34.259
2018-09-19 15:19:22,559:INFO: [TRAIN] Step: 234 ; Loss: 30.510 ; Acc: 34.255
2018-09-19 15:19:22,641:INFO: [TRAIN] Step: 235 ; Loss: 28.511 ; Acc: 34.269
2018-09-19 15:19:22,713:INFO: [TRAIN] Step: 236 ; Loss: 31.927 ; Acc: 34.265
2018-09-19 15:19:22,794:INFO: [TRAIN] Step: 237 ; Loss: 29.470 ; Acc: 34.244
2018-09-19 15:19:22,867:INFO: [TRAIN] Step: 238 ; Loss: 28.353 ; Acc: 34.240
2018-09-19 15:19:22,952:INFO: [TRAIN] Step: 239 ; Loss: 27.858 ; Acc: 34.253
2018-09-19 15:19:23,025:INFO: [TRAIN] Step: 240 ; Loss: 30.199 ; Acc: 34.267
2018-09-19 15:19:23,107:INFO: [TRAIN] Step: 241 ; Loss: 30.421 ; Acc: 34.263
2018-09-19 15:19:23,181:INFO: [TRAIN] Step: 242 ; Loss: 27.873 ; Acc: 34.225
2018-09-19 15:19:23,261:INFO: [TRAIN] Step: 243 ; Loss: 29.074 ; Acc: 34.290
2018-09-19 15:19:23,334:INFO: [TRAIN] Step: 244 ; Loss: 29.209 ; Acc: 34.252
2018-09-19 15:19:23,413:INFO: [TRAIN] Step: 245 ; Loss: 28.834 ; Acc: 34.180
2018-09-19 15:19:23,487:INFO: [TRAIN] Step: 246 ; Loss: 27.730 ; Acc: 34.109
2018-09-19 15:19:23,568:INFO: [TRAIN] Step: 247 ; Loss: 30.269 ; Acc: 34.157
2018-09-19 15:19:23,644:INFO: [TRAIN] Step: 248 ; Loss: 28.096 ; Acc: 34.120
2018-09-19 15:19:23,726:INFO: [TRAIN] Step: 249 ; Loss: 28.706 ; Acc: 34.100
2018-09-19 15:19:23,800:INFO: [TRAIN] Step: 250 ; Loss: 28.379 ; Acc: 34.064
2018-09-19 15:19:23,880:INFO: [TRAIN] Step: 251 ; Loss: 28.968 ; Acc: 34.061
2018-09-19 15:19:23,954:INFO: [TRAIN] Step: 252 ; Loss: 27.885 ; Acc: 33.992
2018-09-19 15:19:24,035:INFO: [TRAIN] Step: 253 ; Loss: 30.601 ; Acc: 33.973
2018-09-19 15:19:24,110:INFO: [TRAIN] Step: 254 ; Loss: 28.104 ; Acc: 34.003
2018-09-19 15:19:24,191:INFO: [TRAIN] Step: 255 ; Loss: 30.209 ; Acc: 33.968
2018-09-19 15:19:24,264:INFO: [TRAIN] Step: 256 ; Loss: 28.695 ; Acc: 33.885
2018-09-19 15:19:24,342:INFO: [TRAIN] Step: 257 ; Loss: 27.395 ; Acc: 33.947
2018-09-19 15:19:24,416:INFO: [TRAIN] Step: 258 ; Loss: 29.308 ; Acc: 33.977
2018-09-19 15:19:24,496:INFO: [TRAIN] Step: 259 ; Loss: 28.835 ; Acc: 33.942
2018-09-19 15:19:24,569:INFO: [TRAIN] Step: 260 ; Loss: 25.312 ; Acc: 34.020
2018-09-19 15:19:24,652:INFO: [TRAIN] Step: 261 ; Loss: 26.133 ; Acc: 34.097
2018-09-19 15:19:24,726:INFO: [TRAIN] Step: 262 ; Loss: 28.223 ; Acc: 34.173
2018-09-19 15:19:24,809:INFO: [TRAIN] Step: 263 ; Loss: 35.888 ; Acc: 34.107
2018-09-19 15:19:24,881:INFO: [TRAIN] Step: 264 ; Loss: 29.872 ; Acc: 34.104
2018-09-19 15:19:24,961:INFO: [TRAIN] Step: 265 ; Loss: 29.043 ; Acc: 34.117
2018-09-19 15:19:25,033:INFO: [TRAIN] Step: 266 ; Loss: 28.132 ; Acc: 34.098
2018-09-19 15:19:25,114:INFO: [TRAIN] Step: 267 ; Loss: 29.689 ; Acc: 34.064
2018-09-19 15:19:25,186:INFO: [TRAIN] Step: 268 ; Loss: 27.064 ; Acc: 34.092
2018-09-19 15:19:25,265:INFO: [TRAIN] Step: 269 ; Loss: 26.324 ; Acc: 34.105
2018-09-19 15:19:25,337:INFO: [TRAIN] Step: 270 ; Loss: 31.103 ; Acc: 34.087
2018-09-19 15:19:25,419:INFO: [TRAIN] Step: 271 ; Loss: 30.794 ; Acc: 34.084
2018-09-19 15:19:25,491:INFO: [TRAIN] Step: 272 ; Loss: 27.473 ; Acc: 34.112
2018-09-19 15:19:25,570:INFO: [TRAIN] Step: 273 ; Loss: 29.405 ; Acc: 34.048
2018-09-19 15:19:25,645:INFO: [TRAIN] Step: 274 ; Loss: 27.839 ; Acc: 33.985
2018-09-19 15:19:25,725:INFO: [TRAIN] Step: 275 ; Loss: 29.247 ; Acc: 33.982
2018-09-19 15:19:25,803:INFO: [TRAIN] Step: 276 ; Loss: 28.492 ; Acc: 33.890
2018-09-19 15:19:25,883:INFO: [TRAIN] Step: 277 ; Loss: 30.700 ; Acc: 33.858
2018-09-19 15:19:25,955:INFO: [TRAIN] Step: 278 ; Loss: 28.660 ; Acc: 33.856
2018-09-19 15:19:26,036:INFO: [TRAIN] Step: 279 ; Loss: 28.033 ; Acc: 33.884
2018-09-19 15:19:26,106:INFO: [TRAIN] Step: 280 ; Loss: 27.481 ; Acc: 33.912
2018-09-19 15:19:26,186:INFO: [TRAIN] Step: 281 ; Loss: 32.873 ; Acc: 33.865
2018-09-19 15:19:26,259:INFO: [TRAIN] Step: 282 ; Loss: 28.127 ; Acc: 33.893
2018-09-19 15:19:26,338:INFO: [TRAIN] Step: 283 ; Loss: 29.823 ; Acc: 33.906
2018-09-19 15:19:26,412:INFO: [TRAIN] Step: 284 ; Loss: 30.139 ; Acc: 33.874
2018-09-19 15:19:26,491:INFO: [TRAIN] Step: 285 ; Loss: 26.661 ; Acc: 33.916
2018-09-19 15:19:26,563:INFO: [TRAIN] Step: 286 ; Loss: 30.061 ; Acc: 33.929
2018-09-19 15:19:26,644:INFO: [TRAIN] Step: 287 ; Loss: 29.645 ; Acc: 33.912
2018-09-19 15:19:26,718:INFO: [TRAIN] Step: 288 ; Loss: 28.339 ; Acc: 33.910
2018-09-19 15:19:26,798:INFO: [TRAIN] Step: 289 ; Loss: 28.239 ; Acc: 33.922
2018-09-19 15:19:26,873:INFO: [TRAIN] Step: 290 ; Loss: 28.471 ; Acc: 33.949
2018-09-19 15:19:26,952:INFO: [TRAIN] Step: 291 ; Loss: 28.710 ; Acc: 33.933
2018-09-19 15:19:27,027:INFO: [TRAIN] Step: 292 ; Loss: 23.804 ; Acc: 34.016
2018-09-19 15:19:27,107:INFO: [TRAIN] Step: 293 ; Loss: 30.511 ; Acc: 34.014
2018-09-19 15:19:27,181:INFO: [TRAIN] Step: 294 ; Loss: 29.496 ; Acc: 34.025
2018-09-19 15:19:27,261:INFO: [TRAIN] Step: 295 ; Loss: 28.537 ; Acc: 34.037
2018-09-19 15:19:27,332:INFO: [TRAIN] Step: 296 ; Loss: 28.692 ; Acc: 34.077
2018-09-19 15:19:27,413:INFO: [TRAIN] Step: 297 ; Loss: 30.783 ; Acc: 34.046
2018-09-19 15:19:27,497:INFO: [TRAIN] Step: 298 ; Loss: 27.473 ; Acc: 34.072
2018-09-19 15:19:27,580:INFO: [TRAIN] Step: 299 ; Loss: 29.349 ; Acc: 34.111
2018-09-19 15:19:27,653:INFO: [TRAIN] Step: 300 ; Loss: 30.506 ; Acc: 34.122
2018-09-19 15:19:27,732:INFO: [TRAIN] Step: 301 ; Loss: 27.060 ; Acc: 34.134
2018-09-19 15:19:27,804:INFO: [TRAIN] Step: 302 ; Loss: 31.846 ; Acc: 34.103
2018-09-19 15:19:27,885:INFO: [TRAIN] Step: 303 ; Loss: 30.467 ; Acc: 34.115
2018-09-19 15:19:27,962:INFO: [TRAIN] Step: 304 ; Loss: 25.563 ; Acc: 34.153
2018-09-19 15:19:28,042:INFO: [TRAIN] Step: 305 ; Loss: 27.151 ; Acc: 34.178
2018-09-19 15:19:28,113:INFO: [TRAIN] Step: 306 ; Loss: 28.631 ; Acc: 34.202
2018-09-19 15:19:28,195:INFO: [TRAIN] Step: 307 ; Loss: 30.070 ; Acc: 34.226
2018-09-19 15:19:28,268:INFO: [TRAIN] Step: 308 ; Loss: 29.675 ; Acc: 34.223
2018-09-19 15:19:28,347:INFO: [TRAIN] Step: 309 ; Loss: 28.687 ; Acc: 34.288
2018-09-19 15:19:28,422:INFO: [TRAIN] Step: 310 ; Loss: 28.988 ; Acc: 34.298
2018-09-19 15:19:28,507:INFO: [TRAIN] Step: 311 ; Loss: 29.389 ; Acc: 34.295
2018-09-19 15:19:28,581:INFO: [TRAIN] Step: 312 ; Loss: 27.336 ; Acc: 34.305
2018-09-19 15:19:28,663:INFO: [TRAIN] Step: 313 ; Loss: 27.102 ; Acc: 34.342
2018-09-19 15:19:28,737:INFO: [TRAIN] Step: 314 ; Loss: 26.662 ; Acc: 34.352
2018-09-19 15:19:28,818:INFO: [TRAIN] Step: 315 ; Loss: 32.246 ; Acc: 34.296
2018-09-19 15:19:28,893:INFO: [TRAIN] Step: 316 ; Loss: 28.727 ; Acc: 34.319
2018-09-19 15:19:28,974:INFO: [TRAIN] Step: 317 ; Loss: 27.988 ; Acc: 34.342
2018-09-19 15:19:29,047:INFO: [TRAIN] Step: 318 ; Loss: 25.029 ; Acc: 34.391
2018-09-19 15:19:29,133:INFO: [TRAIN] Step: 319 ; Loss: 27.057 ; Acc: 34.388
2018-09-19 15:19:29,207:INFO: [TRAIN] Step: 320 ; Loss: 29.776 ; Acc: 34.372
2018-09-19 15:19:29,287:INFO: [TRAIN] Step: 321 ; Loss: 30.875 ; Acc: 34.369
2018-09-19 15:19:29,359:INFO: [TRAIN] Step: 322 ; Loss: 30.341 ; Acc: 34.404
2018-09-19 15:19:29,441:INFO: [TRAIN] Step: 323 ; Loss: 27.454 ; Acc: 34.426
2018-09-19 15:19:29,517:INFO: [TRAIN] Step: 324 ; Loss: 27.752 ; Acc: 34.449
2018-09-19 15:19:29,597:INFO: [TRAIN] Step: 325 ; Loss: 30.815 ; Acc: 34.471
2018-09-19 15:19:29,671:INFO: [TRAIN] Step: 326 ; Loss: 28.618 ; Acc: 34.480
2018-09-19 15:19:29,747:INFO: [TRAIN] Step: 327 ; Loss: 24.539 ; Acc: 34.502
2018-09-19 15:19:29,823:INFO: [TRAIN] Step: 328 ; Loss: 28.400 ; Acc: 34.486
2018-09-19 15:19:29,903:INFO: [TRAIN] Step: 329 ; Loss: 24.008 ; Acc: 34.545
2018-09-19 15:19:29,976:INFO: [TRAIN] Step: 330 ; Loss: 28.013 ; Acc: 34.592
2018-09-19 15:19:30,057:INFO: [TRAIN] Step: 331 ; Loss: 24.670 ; Acc: 34.639
2018-09-19 15:19:30,132:INFO: [TRAIN] Step: 332 ; Loss: 30.953 ; Acc: 34.635
2018-09-19 15:19:30,216:INFO: [TRAIN] Step: 333 ; Loss: 28.456 ; Acc: 34.631
2018-09-19 15:19:30,289:INFO: [TRAIN] Step: 334 ; Loss: 25.979 ; Acc: 34.652
2018-09-19 15:19:30,368:INFO: [TRAIN] Step: 335 ; Loss: 31.409 ; Acc: 34.685
2018-09-19 15:19:30,446:INFO: [TRAIN] Step: 336 ; Loss: 31.539 ; Acc: 34.656
2018-09-19 15:19:30,527:INFO: [TRAIN] Step: 337 ; Loss: 27.530 ; Acc: 34.702
2018-09-19 15:19:30,604:INFO: [TRAIN] Step: 338 ; Loss: 30.348 ; Acc: 34.698
2018-09-19 15:19:30,685:INFO: [TRAIN] Step: 339 ; Loss: 30.097 ; Acc: 34.718
2018-09-19 15:19:30,772:INFO: [TRAIN] Step: 340 ; Loss: 28.783 ; Acc: 34.726
2018-09-19 15:19:30,868:INFO: [TRAIN] Step: 341 ; Loss: 27.718 ; Acc: 34.722
2018-09-19 15:19:30,945:INFO: [TRAIN] Step: 342 ; Loss: 26.586 ; Acc: 34.742
2018-09-19 15:19:31,027:INFO: [TRAIN] Step: 343 ; Loss: 30.686 ; Acc: 34.726
2018-09-19 15:19:31,102:INFO: [TRAIN] Step: 344 ; Loss: 29.840 ; Acc: 34.710
2018-09-19 15:19:31,183:INFO: [TRAIN] Step: 345 ; Loss: 26.135 ; Acc: 34.694
2018-09-19 15:19:31,257:INFO: [TRAIN] Step: 346 ; Loss: 27.933 ; Acc: 34.690
2018-09-19 15:19:31,341:INFO: [TRAIN] Step: 347 ; Loss: 27.215 ; Acc: 34.734
2018-09-19 15:19:31,415:INFO: [TRAIN] Step: 348 ; Loss: 27.577 ; Acc: 34.778
2018-09-19 15:19:31,493:INFO: [TRAIN] Step: 349 ; Loss: 27.844 ; Acc: 34.762
2018-09-19 15:19:31,567:INFO: [TRAIN] Step: 350 ; Loss: 28.353 ; Acc: 34.734
2018-09-19 15:19:31,645:INFO: [TRAIN] Step: 351 ; Loss: 27.139 ; Acc: 34.789
2018-09-19 15:19:31,722:INFO: [TRAIN] Step: 352 ; Loss: 27.517 ; Acc: 34.821
2018-09-19 15:19:31,802:INFO: [TRAIN] Step: 353 ; Loss: 31.209 ; Acc: 34.816
2018-09-19 15:19:31,877:INFO: [TRAIN] Step: 354 ; Loss: 30.775 ; Acc: 34.812
2018-09-19 15:19:31,958:INFO: [TRAIN] Step: 355 ; Loss: 28.985 ; Acc: 34.796
2018-09-19 15:19:32,030:INFO: [TRAIN] Step: 356 ; Loss: 22.796 ; Acc: 34.839
2018-09-19 15:19:32,109:INFO: [TRAIN] Step: 357 ; Loss: 31.462 ; Acc: 34.870
2018-09-19 15:19:32,182:INFO: [TRAIN] Step: 358 ; Loss: 28.606 ; Acc: 34.854
2018-09-19 15:19:32,263:INFO: [TRAIN] Step: 359 ; Loss: 28.681 ; Acc: 34.815
2018-09-19 15:19:32,336:INFO: [TRAIN] Step: 360 ; Loss: 28.870 ; Acc: 34.857
2018-09-19 15:19:32,419:INFO: [TRAIN] Step: 361 ; Loss: 26.606 ; Acc: 34.841
2018-09-19 15:19:32,492:INFO: [TRAIN] Step: 362 ; Loss: 28.191 ; Acc: 34.848
2018-09-19 15:19:32,572:INFO: [TRAIN] Step: 363 ; Loss: 28.713 ; Acc: 34.844
2018-09-19 15:19:32,646:INFO: [TRAIN] Step: 364 ; Loss: 28.827 ; Acc: 34.840
2018-09-19 15:19:32,727:INFO: [TRAIN] Step: 365 ; Loss: 28.661 ; Acc: 34.813
2018-09-19 15:19:32,801:INFO: [TRAIN] Step: 366 ; Loss: 33.142 ; Acc: 34.764
2018-09-19 15:19:32,881:INFO: [TRAIN] Step: 367 ; Loss: 31.236 ; Acc: 34.726
2018-09-19 15:19:32,958:INFO: [TRAIN] Step: 368 ; Loss: 27.611 ; Acc: 34.666
2018-09-19 15:19:33,039:INFO: [TRAIN] Step: 369 ; Loss: 30.053 ; Acc: 34.662
2018-09-19 15:19:33,112:INFO: [TRAIN] Step: 370 ; Loss: 29.573 ; Acc: 34.659
2018-09-19 15:19:33,191:INFO: [TRAIN] Step: 371 ; Loss: 32.471 ; Acc: 34.644
2018-09-19 15:19:33,264:INFO: [TRAIN] Step: 372 ; Loss: 27.513 ; Acc: 34.640
2018-09-19 15:19:33,341:INFO: [TRAIN] Step: 373 ; Loss: 30.152 ; Acc: 34.581
2018-09-19 15:19:33,415:INFO: [TRAIN] Step: 374 ; Loss: 27.805 ; Acc: 34.589
2018-09-19 15:19:33,495:INFO: [TRAIN] Step: 375 ; Loss: 29.954 ; Acc: 34.586
2018-09-19 15:19:33,567:INFO: [TRAIN] Step: 376 ; Loss: 30.061 ; Acc: 34.571
2018-09-19 15:19:33,651:INFO: [TRAIN] Step: 377 ; Loss: 27.262 ; Acc: 34.502
2018-09-19 15:19:33,727:INFO: [TRAIN] Step: 378 ; Loss: 27.449 ; Acc: 34.488
2018-09-19 15:19:33,807:INFO: [TRAIN] Step: 379 ; Loss: 27.713 ; Acc: 34.485
2018-09-19 15:19:33,881:INFO: [TRAIN] Step: 380 ; Loss: 26.134 ; Acc: 34.449
2018-09-19 15:19:33,961:INFO: [TRAIN] Step: 381 ; Loss: 27.988 ; Acc: 34.446
2018-09-19 15:19:34,037:INFO: [TRAIN] Step: 382 ; Loss: 27.756 ; Acc: 34.476
2018-09-19 15:19:34,118:INFO: [TRAIN] Step: 383 ; Loss: 29.092 ; Acc: 34.494
2018-09-19 15:19:34,191:INFO: [TRAIN] Step: 384 ; Loss: 27.962 ; Acc: 34.459
2018-09-19 15:19:34,270:INFO: [TRAIN] Step: 385 ; Loss: 27.259 ; Acc: 34.510
2018-09-19 15:19:34,344:INFO: [TRAIN] Step: 386 ; Loss: 26.933 ; Acc: 34.539
2018-09-19 15:19:34,423:INFO: [TRAIN] Step: 387 ; Loss: 27.180 ; Acc: 34.579
2018-09-19 15:19:34,497:INFO: [TRAIN] Step: 388 ; Loss: 25.762 ; Acc: 34.587
2018-09-19 15:19:34,577:INFO: [TRAIN] Step: 389 ; Loss: 29.174 ; Acc: 34.583
2018-09-19 15:19:34,650:INFO: [TRAIN] Step: 390 ; Loss: 33.564 ; Acc: 34.601
2018-09-19 15:19:34,732:INFO: [TRAIN] Step: 391 ; Loss: 32.192 ; Acc: 34.609
2018-09-19 15:19:34,804:INFO: [TRAIN] Step: 392 ; Loss: 25.763 ; Acc: 34.627
2018-09-19 15:19:34,883:INFO: [TRAIN] Step: 393 ; Loss: 27.624 ; Acc: 34.634
2018-09-19 15:19:34,959:INFO: [TRAIN] Step: 394 ; Loss: 25.765 ; Acc: 34.694
2018-09-19 15:19:35,038:INFO: [TRAIN] Step: 395 ; Loss: 29.097 ; Acc: 34.680
2018-09-19 15:19:35,109:INFO: [TRAIN] Step: 396 ; Loss: 30.084 ; Acc: 34.666
2018-09-19 15:19:35,189:INFO: [TRAIN] Step: 397 ; Loss: 26.571 ; Acc: 34.705
2018-09-19 15:19:35,262:INFO: [TRAIN] Step: 398 ; Loss: 28.849 ; Acc: 34.701
2018-09-19 15:19:35,340:INFO: [TRAIN] Step: 399 ; Loss: 30.261 ; Acc: 34.719
2018-09-19 15:19:35,415:INFO: [TRAIN] Step: 400 ; Loss: 30.749 ; Acc: 34.705
2018-09-19 15:19:35,495:INFO: [TRAIN] Step: 401 ; Loss: 27.738 ; Acc: 34.691
2018-09-19 15:19:35,568:INFO: [TRAIN] Step: 402 ; Loss: 25.931 ; Acc: 34.729
2018-09-19 15:19:35,649:INFO: [TRAIN] Step: 403 ; Loss: 30.151 ; Acc: 34.715
2018-09-19 15:19:35,720:INFO: [TRAIN] Step: 404 ; Loss: 26.057 ; Acc: 34.763
2018-09-19 15:19:35,802:INFO: [TRAIN] Step: 405 ; Loss: 31.826 ; Acc: 34.750
2018-09-19 15:19:35,875:INFO: [TRAIN] Step: 406 ; Loss: 33.743 ; Acc: 34.726
2018-09-19 15:19:35,955:INFO: [TRAIN] Step: 407 ; Loss: 29.194 ; Acc: 34.753
2018-09-19 15:19:36,030:INFO: [TRAIN] Step: 408 ; Loss: 27.924 ; Acc: 34.780
2018-09-19 15:19:36,112:INFO: [TRAIN] Step: 409 ; Loss: 27.708 ; Acc: 34.787
2018-09-19 15:19:36,183:INFO: [TRAIN] Step: 410 ; Loss: 27.692 ; Acc: 34.783
2018-09-19 15:19:36,265:INFO: [TRAIN] Step: 411 ; Loss: 29.693 ; Acc: 34.790
2018-09-19 15:19:36,340:INFO: [TRAIN] Step: 412 ; Loss: 26.114 ; Acc: 34.806
2018-09-19 15:19:36,420:INFO: [TRAIN] Step: 413 ; Loss: 30.775 ; Acc: 34.783
2018-09-19 15:19:36,493:INFO: [TRAIN] Step: 414 ; Loss: 29.406 ; Acc: 34.749
2018-09-19 15:19:36,574:INFO: [TRAIN] Step: 415 ; Loss: 29.874 ; Acc: 34.756
2018-09-19 15:19:36,649:INFO: [TRAIN] Step: 416 ; Loss: 25.764 ; Acc: 34.772
2018-09-19 15:19:36,728:INFO: [TRAIN] Step: 417 ; Loss: 28.304 ; Acc: 34.789
2018-09-19 15:19:36,801:INFO: [TRAIN] Step: 418 ; Loss: 31.456 ; Acc: 34.815
2018-09-19 15:19:36,882:INFO: [TRAIN] Step: 419 ; Loss: 30.548 ; Acc: 34.782
2018-09-19 15:19:36,957:INFO: [TRAIN] Step: 420 ; Loss: 28.241 ; Acc: 34.808
2018-09-19 15:19:37,035:INFO: [TRAIN] Step: 421 ; Loss: 26.244 ; Acc: 34.824
2018-09-19 15:19:37,107:INFO: [TRAIN] Step: 422 ; Loss: 29.643 ; Acc: 34.840
2018-09-19 15:19:37,187:INFO: [TRAIN] Step: 423 ; Loss: 29.789 ; Acc: 34.827
2018-09-19 15:19:37,262:INFO: [TRAIN] Step: 424 ; Loss: 29.621 ; Acc: 34.833
2018-09-19 15:19:37,341:INFO: [TRAIN] Step: 425 ; Loss: 26.222 ; Acc: 34.810
2018-09-19 15:19:37,416:INFO: [TRAIN] Step: 426 ; Loss: 30.666 ; Acc: 34.817
2018-09-19 15:19:37,495:INFO: [TRAIN] Step: 427 ; Loss: 26.172 ; Acc: 34.842
2018-09-19 15:19:37,567:INFO: [TRAIN] Step: 428 ; Loss: 32.073 ; Acc: 34.829
2018-09-19 15:19:37,646:INFO: [TRAIN] Step: 429 ; Loss: 30.214 ; Acc: 34.806
2018-09-19 15:19:37,718:INFO: [TRAIN] Step: 430 ; Loss: 28.648 ; Acc: 34.812
2018-09-19 15:19:37,799:INFO: [TRAIN] Step: 431 ; Loss: 32.760 ; Acc: 34.819
2018-09-19 15:19:37,873:INFO: [TRAIN] Step: 432 ; Loss: 29.742 ; Acc: 34.834
2018-09-19 15:19:37,954:INFO: [TRAIN] Step: 433 ; Loss: 28.055 ; Acc: 34.812
2018-09-19 15:19:38,027:INFO: [TRAIN] Step: 434 ; Loss: 27.824 ; Acc: 34.818
2018-09-19 15:19:38,108:INFO: [TRAIN] Step: 435 ; Loss: 28.690 ; Acc: 34.843
2018-09-19 15:19:38,182:INFO: [TRAIN] Step: 436 ; Loss: 29.957 ; Acc: 34.811
2018-09-19 15:19:38,261:INFO: [TRAIN] Step: 437 ; Loss: 27.619 ; Acc: 34.789
2018-09-19 15:19:38,335:INFO: [TRAIN] Step: 438 ; Loss: 27.931 ; Acc: 34.767
2018-09-19 15:19:38,416:INFO: [TRAIN] Step: 439 ; Loss: 30.874 ; Acc: 34.744
2018-09-19 15:19:38,491:INFO: [TRAIN] Step: 440 ; Loss: 29.517 ; Acc: 34.741
2018-09-19 15:19:38,578:INFO: [TRAIN] Step: 441 ; Loss: 26.829 ; Acc: 34.747
2018-09-19 15:19:38,653:INFO: [TRAIN] Step: 442 ; Loss: 30.594 ; Acc: 34.688
2018-09-19 15:19:38,731:INFO: [TRAIN] Step: 443 ; Loss: 29.556 ; Acc: 34.638
2018-09-19 15:19:38,805:INFO: [TRAIN] Step: 444 ; Loss: 31.000 ; Acc: 34.625
2018-09-19 15:19:38,886:INFO: [TRAIN] Step: 445 ; Loss: 25.368 ; Acc: 34.623
2018-09-19 15:19:38,960:INFO: [TRAIN] Step: 446 ; Loss: 30.167 ; Acc: 34.620
2018-09-19 15:19:39,039:INFO: [TRAIN] Step: 447 ; Loss: 32.192 ; Acc: 34.598
2018-09-19 15:19:39,112:INFO: [TRAIN] Step: 448 ; Loss: 27.154 ; Acc: 34.614
2018-09-19 15:19:39,190:INFO: [TRAIN] Step: 449 ; Loss: 29.216 ; Acc: 34.602
2018-09-19 15:19:39,265:INFO: [TRAIN] Step: 450 ; Loss: 26.396 ; Acc: 34.599
2018-09-19 15:19:39,346:INFO: [TRAIN] Step: 451 ; Loss: 30.884 ; Acc: 34.587
2018-09-19 15:19:39,421:INFO: [TRAIN] Step: 452 ; Loss: 27.076 ; Acc: 34.557
2018-09-19 15:19:39,503:INFO: [TRAIN] Step: 453 ; Loss: 29.733 ; Acc: 34.563
2018-09-19 15:19:39,578:INFO: [TRAIN] Step: 454 ; Loss: 28.349 ; Acc: 34.570
2018-09-19 15:19:39,658:INFO: [TRAIN] Step: 455 ; Loss: 28.740 ; Acc: 34.530
2018-09-19 15:19:39,730:INFO: [TRAIN] Step: 456 ; Loss: 27.741 ; Acc: 34.573
2018-09-19 15:19:39,809:INFO: [TRAIN] Step: 457 ; Loss: 28.152 ; Acc: 34.571
2018-09-19 15:19:39,881:INFO: [TRAIN] Step: 458 ; Loss: 30.976 ; Acc: 34.559
2018-09-19 15:19:39,962:INFO: [TRAIN] Step: 459 ; Loss: 28.625 ; Acc: 34.565
2018-09-19 15:19:40,035:INFO: [TRAIN] Step: 460 ; Loss: 30.292 ; Acc: 34.544
2018-09-19 15:19:40,117:INFO: [TRAIN] Step: 461 ; Loss: 25.944 ; Acc: 34.569
2018-09-19 15:19:40,191:INFO: [TRAIN] Step: 462 ; Loss: 29.130 ; Acc: 34.575
2018-09-19 15:19:40,273:INFO: [TRAIN] Step: 463 ; Loss: 26.293 ; Acc: 34.591
2018-09-19 15:19:40,345:INFO: [TRAIN] Step: 464 ; Loss: 29.889 ; Acc: 34.570
2018-09-19 15:19:40,429:INFO: [TRAIN] Step: 465 ; Loss: 31.332 ; Acc: 34.567
2018-09-19 15:19:40,504:INFO: [TRAIN] Step: 466 ; Loss: 29.255 ; Acc: 34.574
2018-09-19 15:19:40,583:INFO: [TRAIN] Step: 467 ; Loss: 30.191 ; Acc: 34.553
2018-09-19 15:19:40,657:INFO: [TRAIN] Step: 468 ; Loss: 28.408 ; Acc: 34.586
2018-09-19 15:19:40,736:INFO: [TRAIN] Step: 469 ; Loss: 32.403 ; Acc: 34.592
2018-09-19 15:19:40,811:INFO: [TRAIN] Step: 470 ; Loss: 30.112 ; Acc: 34.554
2018-09-19 15:19:40,890:INFO: [TRAIN] Step: 471 ; Loss: 26.737 ; Acc: 34.560
2018-09-19 15:19:40,964:INFO: [TRAIN] Step: 472 ; Loss: 30.162 ; Acc: 34.567
2018-09-19 15:19:41,043:INFO: [TRAIN] Step: 473 ; Loss: 26.050 ; Acc: 34.599
2018-09-19 15:19:41,120:INFO: [TRAIN] Step: 474 ; Loss: 25.973 ; Acc: 34.623
2018-09-19 15:19:41,201:INFO: [TRAIN] Step: 475 ; Loss: 28.251 ; Acc: 34.638
2018-09-19 15:19:41,276:INFO: [TRAIN] Step: 476 ; Loss: 32.991 ; Acc: 34.600
2018-09-19 15:19:41,356:INFO: [TRAIN] Step: 477 ; Loss: 28.309 ; Acc: 34.615
2018-09-19 15:19:41,430:INFO: [TRAIN] Step: 478 ; Loss: 24.147 ; Acc: 34.664
2018-09-19 15:19:41,510:INFO: [TRAIN] Step: 479 ; Loss: 30.064 ; Acc: 34.670
2018-09-19 15:19:41,585:INFO: [TRAIN] Step: 480 ; Loss: 29.180 ; Acc: 34.685
2018-09-19 15:19:41,665:INFO: [TRAIN] Step: 481 ; Loss: 27.627 ; Acc: 34.665
2018-09-19 15:19:41,739:INFO: [TRAIN] Step: 482 ; Loss: 30.491 ; Acc: 34.670
2018-09-19 15:19:41,820:INFO: [TRAIN] Step: 483 ; Loss: 28.624 ; Acc: 34.702
2018-09-19 15:19:41,895:INFO: [TRAIN] Step: 484 ; Loss: 26.588 ; Acc: 34.674
2018-09-19 15:19:41,974:INFO: [TRAIN] Step: 485 ; Loss: 25.951 ; Acc: 34.705
2018-09-19 15:19:42,046:INFO: [TRAIN] Step: 486 ; Loss: 30.959 ; Acc: 34.711
2018-09-19 15:19:42,126:INFO: [TRAIN] Step: 487 ; Loss: 30.883 ; Acc: 34.717
2018-09-19 15:19:42,199:INFO: [TRAIN] Step: 488 ; Loss: 31.315 ; Acc: 34.697
2018-09-19 15:19:42,280:INFO: [TRAIN] Step: 489 ; Loss: 26.720 ; Acc: 34.736
2018-09-19 15:19:42,351:INFO: [TRAIN] Step: 490 ; Loss: 32.735 ; Acc: 34.734
2018-09-19 15:19:42,433:INFO: [TRAIN] Step: 491 ; Loss: 29.125 ; Acc: 34.765
2018-09-19 15:19:42,508:INFO: [TRAIN] Step: 492 ; Loss: 31.779 ; Acc: 34.745
2018-09-19 15:19:42,586:INFO: [TRAIN] Step: 493 ; Loss: 30.536 ; Acc: 34.717
2018-09-19 15:19:42,659:INFO: [TRAIN] Step: 494 ; Loss: 28.453 ; Acc: 34.714
2018-09-19 15:19:42,739:INFO: [TRAIN] Step: 495 ; Loss: 29.527 ; Acc: 34.686
2018-09-19 15:19:42,812:INFO: [TRAIN] Step: 496 ; Loss: 30.950 ; Acc: 34.675
2018-09-19 15:19:42,893:INFO: [TRAIN] Step: 497 ; Loss: 27.071 ; Acc: 34.697
2018-09-19 15:19:42,966:INFO: [TRAIN] Step: 498 ; Loss: 29.150 ; Acc: 34.636
2018-09-19 15:19:43,046:INFO: [TRAIN] Step: 499 ; Loss: 30.496 ; Acc: 34.617
2018-09-19 15:19:43,116:INFO: [TRAIN] Step: 500 ; Loss: 25.898 ; Acc: 34.606
2018-09-19 15:19:43,197:INFO: [TRAIN] Step: 501 ; Loss: 30.553 ; Acc: 34.612
2018-09-19 15:19:43,277:INFO: [TRAIN] Step: 502 ; Loss: 28.837 ; Acc: 34.609
2018-09-19 15:19:43,362:INFO: [TRAIN] Step: 503 ; Loss: 27.032 ; Acc: 34.598
2018-09-19 15:19:43,435:INFO: [TRAIN] Step: 504 ; Loss: 26.618 ; Acc: 34.612
2018-09-19 15:19:43,518:INFO: [TRAIN] Step: 505 ; Loss: 29.393 ; Acc: 34.585
2018-09-19 15:19:43,593:INFO: [TRAIN] Step: 506 ; Loss: 28.215 ; Acc: 34.599
2018-09-19 15:19:43,672:INFO: [TRAIN] Step: 507 ; Loss: 30.958 ; Acc: 34.613
2018-09-19 15:19:43,747:INFO: [TRAIN] Step: 508 ; Loss: 29.825 ; Acc: 34.627
2018-09-19 15:19:43,825:INFO: [TRAIN] Step: 509 ; Loss: 35.245 ; Acc: 34.624
2018-09-19 15:19:43,900:INFO: [TRAIN] Step: 510 ; Loss: 31.095 ; Acc: 34.605
2018-09-19 15:19:43,979:INFO: [TRAIN] Step: 511 ; Loss: 28.273 ; Acc: 34.587
2018-09-19 15:19:44,053:INFO: [TRAIN] Step: 512 ; Loss: 29.453 ; Acc: 34.600
2018-09-19 15:19:44,132:INFO: [TRAIN] Step: 513 ; Loss: 28.479 ; Acc: 34.622
2018-09-19 15:19:44,203:INFO: [TRAIN] Step: 514 ; Loss: 33.124 ; Acc: 34.595
2018-09-19 15:19:44,285:INFO: [TRAIN] Step: 515 ; Loss: 27.530 ; Acc: 34.617
2018-09-19 15:19:44,360:INFO: [TRAIN] Step: 516 ; Loss: 28.991 ; Acc: 34.615
2018-09-19 15:19:44,444:INFO: [TRAIN] Step: 517 ; Loss: 23.674 ; Acc: 34.628
2018-09-19 15:19:44,517:INFO: [TRAIN] Step: 518 ; Loss: 27.946 ; Acc: 34.634
2018-09-19 15:19:44,599:INFO: [TRAIN] Step: 519 ; Loss: 31.452 ; Acc: 34.615
2018-09-19 15:19:44,678:INFO: [TRAIN] Step: 520 ; Loss: 27.829 ; Acc: 34.637
2018-09-19 15:19:44,759:INFO: [TRAIN] Step: 521 ; Loss: 29.558 ; Acc: 34.626
2018-09-19 15:19:44,834:INFO: [TRAIN] Step: 522 ; Loss: 31.985 ; Acc: 34.600
2018-09-19 15:19:44,914:INFO: [TRAIN] Step: 523 ; Loss: 28.880 ; Acc: 34.590
2018-09-19 15:19:44,987:INFO: [TRAIN] Step: 524 ; Loss: 26.776 ; Acc: 34.595
2018-09-19 15:19:45,066:INFO: [TRAIN] Step: 525 ; Loss: 26.063 ; Acc: 34.593
2018-09-19 15:19:45,140:INFO: [TRAIN] Step: 526 ; Loss: 28.480 ; Acc: 34.598
2018-09-19 15:19:45,222:INFO: [TRAIN] Step: 527 ; Loss: 29.773 ; Acc: 34.604
2018-09-19 15:19:45,296:INFO: [TRAIN] Step: 528 ; Loss: 24.577 ; Acc: 34.641
2018-09-19 15:19:45,376:INFO: [TRAIN] Step: 529 ; Loss: 24.471 ; Acc: 34.686
2018-09-19 15:19:45,448:INFO: [TRAIN] Step: 530 ; Loss: 30.810 ; Acc: 34.659
2018-09-19 15:19:45,527:INFO: [TRAIN] Step: 531 ; Loss: 29.179 ; Acc: 34.657
2018-09-19 15:19:45,599:INFO: [TRAIN] Step: 532 ; Loss: 23.288 ; Acc: 34.686
2018-09-19 15:19:45,679:INFO: [TRAIN] Step: 533 ; Loss: 32.192 ; Acc: 34.691
2018-09-19 15:19:45,750:INFO: [TRAIN] Step: 534 ; Loss: 30.498 ; Acc: 34.665
2018-09-19 15:19:45,830:INFO: [TRAIN] Step: 535 ; Loss: 26.641 ; Acc: 34.694
2018-09-19 15:19:45,903:INFO: [TRAIN] Step: 536 ; Loss: 27.083 ; Acc: 34.707
2018-09-19 15:19:45,984:INFO: [TRAIN] Step: 537 ; Loss: 27.171 ; Acc: 34.712
2018-09-19 15:19:46,059:INFO: [TRAIN] Step: 538 ; Loss: 31.337 ; Acc: 34.694
2018-09-19 15:19:46,141:INFO: [TRAIN] Step: 539 ; Loss: 31.799 ; Acc: 34.691
2018-09-19 15:19:46,215:INFO: [TRAIN] Step: 540 ; Loss: 34.404 ; Acc: 34.673
2018-09-19 15:19:46,295:INFO: [TRAIN] Step: 541 ; Loss: 24.719 ; Acc: 34.702
2018-09-19 15:19:46,369:INFO: [TRAIN] Step: 542 ; Loss: 28.306 ; Acc: 34.699
2018-09-19 15:19:46,447:INFO: [TRAIN] Step: 543 ; Loss: 32.459 ; Acc: 34.681
2018-09-19 15:19:46,521:INFO: [TRAIN] Step: 544 ; Loss: 28.600 ; Acc: 34.671
2018-09-19 15:19:46,603:INFO: [TRAIN] Step: 545 ; Loss: 25.679 ; Acc: 34.684
2018-09-19 15:19:46,688:INFO: [TRAIN] Step: 546 ; Loss: 29.430 ; Acc: 34.666
2018-09-19 15:19:46,768:INFO: [TRAIN] Step: 547 ; Loss: 30.725 ; Acc: 34.641
2018-09-19 15:19:46,843:INFO: [TRAIN] Step: 548 ; Loss: 29.111 ; Acc: 34.639
2018-09-19 15:19:46,924:INFO: [TRAIN] Step: 549 ; Loss: 30.678 ; Acc: 34.636
2018-09-19 15:19:46,996:INFO: [TRAIN] Step: 550 ; Loss: 29.334 ; Acc: 34.642
2018-09-19 15:19:47,078:INFO: [TRAIN] Step: 551 ; Loss: 30.364 ; Acc: 34.647
2018-09-19 15:19:47,152:INFO: [TRAIN] Step: 552 ; Loss: 30.372 ; Acc: 34.644
2018-09-19 15:19:47,236:INFO: [TRAIN] Step: 553 ; Loss: 32.757 ; Acc: 34.650
2018-09-19 15:19:47,311:INFO: [TRAIN] Step: 554 ; Loss: 29.080 ; Acc: 34.647
2018-09-19 15:19:47,391:INFO: [TRAIN] Step: 555 ; Loss: 25.507 ; Acc: 34.645
2018-09-19 15:19:47,464:INFO: [TRAIN] Step: 556 ; Loss: 29.242 ; Acc: 34.650
2018-09-19 15:19:47,547:INFO: [TRAIN] Step: 557 ; Loss: 32.116 ; Acc: 34.633
2018-09-19 15:19:47,630:INFO: [TRAIN] Step: 558 ; Loss: 29.096 ; Acc: 34.600
2018-09-19 15:19:47,710:INFO: [TRAIN] Step: 559 ; Loss: 28.812 ; Acc: 34.591
2018-09-19 15:19:47,783:INFO: [TRAIN] Step: 560 ; Loss: 32.176 ; Acc: 34.566
2018-09-19 15:19:47,863:INFO: [TRAIN] Step: 561 ; Loss: 29.481 ; Acc: 34.534
2018-09-19 15:19:47,936:INFO: [TRAIN] Step: 562 ; Loss: 25.332 ; Acc: 34.525
2018-09-19 15:19:48,015:INFO: [TRAIN] Step: 563 ; Loss: 28.465 ; Acc: 34.545
2018-09-19 15:19:48,087:INFO: [TRAIN] Step: 564 ; Loss: 30.732 ; Acc: 34.543
2018-09-19 15:19:48,165:INFO: [TRAIN] Step: 565 ; Loss: 27.847 ; Acc: 34.489
2018-09-19 15:19:48,239:INFO: [TRAIN] Step: 566 ; Loss: 32.332 ; Acc: 34.494
2018-09-19 15:19:48,318:INFO: [TRAIN] Step: 567 ; Loss: 24.124 ; Acc: 34.485
2018-09-19 15:19:48,393:INFO: [TRAIN] Step: 568 ; Loss: 27.976 ; Acc: 34.476
2018-09-19 15:19:48,472:INFO: [TRAIN] Step: 569 ; Loss: 30.590 ; Acc: 34.474
2018-09-19 15:19:48,550:INFO: [TRAIN] Step: 570 ; Loss: 31.522 ; Acc: 34.464
2018-09-19 15:19:48,632:INFO: [TRAIN] Step: 571 ; Loss: 28.329 ; Acc: 34.455
2018-09-19 15:19:48,705:INFO: [TRAIN] Step: 572 ; Loss: 28.464 ; Acc: 34.475
2018-09-19 15:19:48,785:INFO: [TRAIN] Step: 573 ; Loss: 29.893 ; Acc: 34.466
2018-09-19 15:19:48,861:INFO: [TRAIN] Step: 574 ; Loss: 26.626 ; Acc: 34.500
2018-09-19 15:19:48,939:INFO: [TRAIN] Step: 575 ; Loss: 28.294 ; Acc: 34.498
2018-09-19 15:19:49,011:INFO: [TRAIN] Step: 576 ; Loss: 28.831 ; Acc: 34.496
2018-09-19 15:19:49,090:INFO: [TRAIN] Step: 577 ; Loss: 32.052 ; Acc: 34.494
2018-09-19 15:19:49,161:INFO: [TRAIN] Step: 578 ; Loss: 32.000 ; Acc: 34.492
2018-09-19 15:19:49,240:INFO: [TRAIN] Step: 579 ; Loss: 29.124 ; Acc: 34.490
2018-09-19 15:19:49,312:INFO: [TRAIN] Step: 580 ; Loss: 28.549 ; Acc: 34.481
2018-09-19 15:19:49,392:INFO: [TRAIN] Step: 581 ; Loss: 26.455 ; Acc: 34.507
2018-09-19 15:19:49,463:INFO: [TRAIN] Step: 582 ; Loss: 26.893 ; Acc: 34.527
2018-09-19 15:19:49,545:INFO: [TRAIN] Step: 583 ; Loss: 27.924 ; Acc: 34.518
2018-09-19 15:19:49,616:INFO: [TRAIN] Step: 584 ; Loss: 26.493 ; Acc: 34.537
2018-09-19 15:19:49,696:INFO: [TRAIN] Step: 585 ; Loss: 28.491 ; Acc: 34.563
2018-09-19 15:19:49,768:INFO: [TRAIN] Step: 586 ; Loss: 29.688 ; Acc: 34.561
2018-09-19 15:19:49,847:INFO: [TRAIN] Step: 587 ; Loss: 26.739 ; Acc: 34.559
2018-09-19 15:19:49,919:INFO: [TRAIN] Step: 588 ; Loss: 27.753 ; Acc: 34.564
2018-09-19 15:19:49,999:INFO: [TRAIN] Step: 589 ; Loss: 26.224 ; Acc: 34.583
2018-09-19 15:19:50,071:INFO: [TRAIN] Step: 590 ; Loss: 27.683 ; Acc: 34.588
2018-09-19 15:19:50,152:INFO: [TRAIN] Step: 591 ; Loss: 27.266 ; Acc: 34.593
2018-09-19 15:19:50,226:INFO: [TRAIN] Step: 592 ; Loss: 28.006 ; Acc: 34.598
2018-09-19 15:19:50,306:INFO: [TRAIN] Step: 593 ; Loss: 31.967 ; Acc: 34.568
2018-09-19 15:19:50,381:INFO: [TRAIN] Step: 594 ; Loss: 30.257 ; Acc: 34.531
2018-09-19 15:19:50,461:INFO: [TRAIN] Step: 595 ; Loss: 27.782 ; Acc: 34.550
2018-09-19 15:19:50,535:INFO: [TRAIN] Step: 596 ; Loss: 33.203 ; Acc: 34.548
2018-09-19 15:19:50,613:INFO: [TRAIN] Step: 597 ; Loss: 27.662 ; Acc: 34.553
2018-09-19 15:19:50,686:INFO: [TRAIN] Step: 598 ; Loss: 27.832 ; Acc: 34.551
2018-09-19 15:19:50,767:INFO: [TRAIN] Step: 599 ; Loss: 26.372 ; Acc: 34.549
2018-09-19 15:19:50,843:INFO: [TRAIN] Step: 600 ; Loss: 29.130 ; Acc: 34.554
2018-09-19 15:19:50,925:INFO: [TRAIN] Step: 601 ; Loss: 25.226 ; Acc: 34.551
2018-09-19 15:19:50,998:INFO: [TRAIN] Step: 602 ; Loss: 25.280 ; Acc: 34.563
2018-09-19 15:19:51,077:INFO: [TRAIN] Step: 603 ; Loss: 30.036 ; Acc: 34.534
2018-09-19 15:19:51,154:INFO: [TRAIN] Step: 604 ; Loss: 28.062 ; Acc: 34.539
2018-09-19 15:19:51,232:INFO: [TRAIN] Step: 605 ; Loss: 28.913 ; Acc: 34.537
2018-09-19 15:19:51,307:INFO: [TRAIN] Step: 606 ; Loss: 29.544 ; Acc: 34.521
2018-09-19 15:19:51,388:INFO: [TRAIN] Step: 607 ; Loss: 29.322 ; Acc: 34.498
2018-09-19 15:19:51,459:INFO: [TRAIN] Step: 608 ; Loss: 28.479 ; Acc: 34.490
2018-09-19 15:19:51,539:INFO: [TRAIN] Step: 609 ; Loss: 31.473 ; Acc: 34.495
2018-09-19 15:19:51,612:INFO: [TRAIN] Step: 610 ; Loss: 26.961 ; Acc: 34.459
2018-09-19 15:19:51,693:INFO: [TRAIN] Step: 611 ; Loss: 27.897 ; Acc: 34.450
2018-09-19 15:19:51,766:INFO: [TRAIN] Step: 612 ; Loss: 27.423 ; Acc: 34.448
2018-09-19 15:19:51,846:INFO: [TRAIN] Step: 613 ; Loss: 31.388 ; Acc: 34.453
2018-09-19 15:19:51,920:INFO: [TRAIN] Step: 614 ; Loss: 27.469 ; Acc: 34.451
2018-09-19 15:19:52,000:INFO: [TRAIN] Step: 615 ; Loss: 28.381 ; Acc: 34.422
2018-09-19 15:19:52,074:INFO: [TRAIN] Step: 616 ; Loss: 26.938 ; Acc: 34.421
2018-09-19 15:19:52,156:INFO: [TRAIN] Step: 617 ; Loss: 25.674 ; Acc: 34.459
2018-09-19 15:19:52,232:INFO: [TRAIN] Step: 618 ; Loss: 28.989 ; Acc: 34.457
2018-09-19 15:19:52,311:INFO: [TRAIN] Step: 619 ; Loss: 30.256 ; Acc: 34.449
2018-09-19 15:19:52,386:INFO: [TRAIN] Step: 620 ; Loss: 29.234 ; Acc: 34.447
2018-09-19 15:19:52,463:INFO: [TRAIN] Step: 621 ; Loss: 30.715 ; Acc: 34.452
2018-09-19 15:19:52,537:INFO: [TRAIN] Step: 622 ; Loss: 28.471 ; Acc: 34.464
2018-09-19 15:19:52,622:INFO: [TRAIN] Step: 623 ; Loss: 34.463 ; Acc: 34.435
2018-09-19 15:19:52,697:INFO: [TRAIN] Step: 624 ; Loss: 27.721 ; Acc: 34.420
2018-09-19 15:19:52,778:INFO: [TRAIN] Step: 625 ; Loss: 29.120 ; Acc: 34.432
2018-09-19 15:19:52,850:INFO: [TRAIN] Step: 626 ; Loss: 30.654 ; Acc: 34.443
2018-09-19 15:19:52,930:INFO: [TRAIN] Step: 627 ; Loss: 30.133 ; Acc: 34.461
2018-09-19 15:19:53,001:INFO: [TRAIN] Step: 628 ; Loss: 29.250 ; Acc: 34.446
2018-09-19 15:19:53,081:INFO: [TRAIN] Step: 629 ; Loss: 34.921 ; Acc: 34.425
2018-09-19 15:19:53,151:INFO: [TRAIN] Step: 630 ; Loss: 25.616 ; Acc: 34.436
2018-09-19 15:19:53,230:INFO: [TRAIN] Step: 631 ; Loss: 28.343 ; Acc: 34.415
2018-09-19 15:19:53,302:INFO: [TRAIN] Step: 632 ; Loss: 29.296 ; Acc: 34.406
2018-09-19 15:19:53,383:INFO: [TRAIN] Step: 633 ; Loss: 26.132 ; Acc: 34.398
2018-09-19 15:19:53,456:INFO: [TRAIN] Step: 634 ; Loss: 29.514 ; Acc: 34.370
2018-09-19 15:19:53,538:INFO: [TRAIN] Step: 635 ; Loss: 29.614 ; Acc: 34.362
2018-09-19 15:19:53,613:INFO: [TRAIN] Step: 636 ; Loss: 29.641 ; Acc: 34.314
2018-09-19 15:19:53,693:INFO: [TRAIN] Step: 637 ; Loss: 27.245 ; Acc: 34.319
2018-09-19 15:19:53,767:INFO: [TRAIN] Step: 638 ; Loss: 29.959 ; Acc: 34.318
2018-09-19 15:19:53,846:INFO: [TRAIN] Step: 639 ; Loss: 28.685 ; Acc: 34.303
2018-09-19 15:19:53,921:INFO: [TRAIN] Step: 640 ; Loss: 27.131 ; Acc: 34.315
2018-09-19 15:19:54,005:INFO: [TRAIN] Step: 641 ; Loss: 29.155 ; Acc: 34.313
2018-09-19 15:19:54,081:INFO: [TRAIN] Step: 642 ; Loss: 29.409 ; Acc: 34.318
2018-09-19 15:19:54,163:INFO: [TRAIN] Step: 643 ; Loss: 31.078 ; Acc: 34.323
2018-09-19 15:19:54,235:INFO: [TRAIN] Step: 644 ; Loss: 27.400 ; Acc: 34.322
2018-09-19 15:19:54,316:INFO: [TRAIN] Step: 645 ; Loss: 29.612 ; Acc: 34.307
2018-09-19 15:19:54,393:INFO: [TRAIN] Step: 646 ; Loss: 22.990 ; Acc: 34.306
2018-09-19 15:19:54,471:INFO: [TRAIN] Step: 647 ; Loss: 30.270 ; Acc: 34.291
2018-09-19 15:19:54,545:INFO: [TRAIN] Step: 648 ; Loss: 27.495 ; Acc: 34.303
2018-09-19 15:19:54,625:INFO: [TRAIN] Step: 649 ; Loss: 25.983 ; Acc: 34.301
2018-09-19 15:19:54,697:INFO: [TRAIN] Step: 650 ; Loss: 28.608 ; Acc: 34.306
2018-09-19 15:19:54,777:INFO: [TRAIN] Step: 651 ; Loss: 24.248 ; Acc: 34.305
2018-09-19 15:19:54,852:INFO: [TRAIN] Step: 652 ; Loss: 29.582 ; Acc: 34.303
2018-09-19 15:19:54,935:INFO: [TRAIN] Step: 653 ; Loss: 25.395 ; Acc: 34.334
2018-09-19 15:19:55,010:INFO: [TRAIN] Step: 654 ; Loss: 32.810 ; Acc: 34.332
2018-09-19 15:19:55,090:INFO: [TRAIN] Step: 655 ; Loss: 26.725 ; Acc: 34.362
2018-09-19 15:19:55,164:INFO: [TRAIN] Step: 656 ; Loss: 32.308 ; Acc: 34.354
2018-09-19 15:19:55,246:INFO: [TRAIN] Step: 657 ; Loss: 27.192 ; Acc: 34.366
2018-09-19 15:19:55,320:INFO: [TRAIN] Step: 658 ; Loss: 26.113 ; Acc: 34.396
2018-09-19 15:19:55,401:INFO: [TRAIN] Step: 659 ; Loss: 29.636 ; Acc: 34.388
2018-09-19 15:19:55,476:INFO: [TRAIN] Step: 660 ; Loss: 33.195 ; Acc: 34.373
2018-09-19 15:19:55,557:INFO: [TRAIN] Step: 661 ; Loss: 30.058 ; Acc: 34.372
2018-09-19 15:19:55,631:INFO: [TRAIN] Step: 662 ; Loss: 24.893 ; Acc: 34.408
2018-09-19 15:19:55,714:INFO: [TRAIN] Step: 663 ; Loss: 31.603 ; Acc: 34.394
2018-09-19 15:19:55,788:INFO: [TRAIN] Step: 664 ; Loss: 27.130 ; Acc: 34.392
2018-09-19 15:19:55,868:INFO: [TRAIN] Step: 665 ; Loss: 29.081 ; Acc: 34.384
2018-09-19 15:19:55,942:INFO: [TRAIN] Step: 666 ; Loss: 27.025 ; Acc: 34.383
2018-09-19 15:19:56,022:INFO: [TRAIN] Step: 667 ; Loss: 27.747 ; Acc: 34.375
2018-09-19 15:19:56,098:INFO: [TRAIN] Step: 668 ; Loss: 30.556 ; Acc: 34.380
2018-09-19 15:19:56,181:INFO: [TRAIN] Step: 669 ; Loss: 28.526 ; Acc: 34.378
2018-09-19 15:19:56,257:INFO: [TRAIN] Step: 670 ; Loss: 25.822 ; Acc: 34.389
2018-09-19 15:19:56,336:INFO: [TRAIN] Step: 671 ; Loss: 29.289 ; Acc: 34.387
2018-09-19 15:19:56,410:INFO: [TRAIN] Step: 672 ; Loss: 25.731 ; Acc: 34.373
2018-09-19 15:19:56,490:INFO: [TRAIN] Step: 673 ; Loss: 31.306 ; Acc: 34.347
2018-09-19 15:19:56,566:INFO: [TRAIN] Step: 674 ; Loss: 31.656 ; Acc: 34.321
2018-09-19 15:19:56,649:INFO: [TRAIN] Step: 675 ; Loss: 28.117 ; Acc: 34.338
2018-09-19 15:19:56,726:INFO: [TRAIN] Step: 676 ; Loss: 23.570 ; Acc: 34.293
2018-09-19 15:19:56,809:INFO: [TRAIN] Step: 677 ; Loss: 33.629 ; Acc: 34.274
2018-09-19 15:19:56,887:INFO: [TRAIN] Step: 678 ; Loss: 28.320 ; Acc: 34.248
2018-09-19 15:19:56,970:INFO: [TRAIN] Step: 679 ; Loss: 26.887 ; Acc: 34.252
2018-09-19 15:19:57,045:INFO: [TRAIN] Step: 680 ; Loss: 27.826 ; Acc: 34.257
2018-09-19 15:19:57,126:INFO: [TRAIN] Step: 681 ; Loss: 28.549 ; Acc: 34.268
2018-09-19 15:19:57,202:INFO: [TRAIN] Step: 682 ; Loss: 28.383 ; Acc: 34.279
2018-09-19 15:19:57,284:INFO: [TRAIN] Step: 683 ; Loss: 26.495 ; Acc: 34.265
2018-09-19 15:19:57,363:INFO: [TRAIN] Step: 684 ; Loss: 26.564 ; Acc: 34.270
2018-09-19 15:19:57,448:INFO: [TRAIN] Step: 685 ; Loss: 30.106 ; Acc: 34.250
2018-09-19 15:19:57,526:INFO: [TRAIN] Step: 686 ; Loss: 29.029 ; Acc: 34.267
2018-09-19 15:19:57,610:INFO: [TRAIN] Step: 687 ; Loss: 27.493 ; Acc: 34.272
2018-09-19 15:19:57,687:INFO: [TRAIN] Step: 688 ; Loss: 29.558 ; Acc: 34.289
2018-09-19 15:19:57,772:INFO: [TRAIN] Step: 689 ; Loss: 25.382 ; Acc: 34.306
2018-09-19 15:19:57,848:INFO: [TRAIN] Step: 690 ; Loss: 30.093 ; Acc: 34.310
2018-09-19 15:19:57,935:INFO: [TRAIN] Step: 691 ; Loss: 34.137 ; Acc: 34.291
2018-09-19 15:19:58,012:INFO: [TRAIN] Step: 692 ; Loss: 29.555 ; Acc: 34.289
2018-09-19 15:19:58,100:INFO: [TRAIN] Step: 693 ; Loss: 27.545 ; Acc: 34.288
2018-09-19 15:19:58,181:INFO: [TRAIN] Step: 694 ; Loss: 28.047 ; Acc: 34.293
2018-09-19 15:19:58,274:INFO: [TRAIN] Step: 695 ; Loss: 25.384 ; Acc: 34.315
2018-09-19 15:19:58,356:INFO: [TRAIN] Step: 696 ; Loss: 31.453 ; Acc: 34.302
2018-09-19 15:19:58,449:INFO: [TRAIN] Step: 697 ; Loss: 27.394 ; Acc: 34.294
2018-09-19 15:19:58,532:INFO: [TRAIN] Step: 698 ; Loss: 27.960 ; Acc: 34.293
2018-09-19 15:19:58,626:INFO: [TRAIN] Step: 699 ; Loss: 27.245 ; Acc: 34.286
2018-09-19 15:19:58,714:INFO: [TRAIN] Step: 700 ; Loss: 28.640 ; Acc: 34.284
2018-09-19 15:19:58,804:INFO: [TRAIN] Step: 701 ; Loss: 28.326 ; Acc: 34.277
2018-09-19 15:19:58,889:INFO: [TRAIN] Step: 702 ; Loss: 28.557 ; Acc: 34.282
2018-09-19 15:19:58,981:INFO: [TRAIN] Step: 703 ; Loss: 23.885 ; Acc: 34.298
2018-09-19 15:19:59,068:INFO: [TRAIN] Step: 704 ; Loss: 28.423 ; Acc: 34.291
2018-09-19 15:19:59,162:INFO: [TRAIN] Step: 705 ; Loss: 26.716 ; Acc: 34.278
2018-09-19 15:19:59,253:INFO: [TRAIN] Step: 706 ; Loss: 29.500 ; Acc: 34.264
2018-09-19 15:19:59,351:INFO: [TRAIN] Step: 707 ; Loss: 27.344 ; Acc: 34.263
2018-09-19 15:19:59,442:INFO: [TRAIN] Step: 708 ; Loss: 26.690 ; Acc: 34.280
2018-09-19 15:19:59,543:INFO: [TRAIN] Step: 709 ; Loss: 28.743 ; Acc: 34.296
2018-09-19 15:19:59,638:INFO: [TRAIN] Step: 710 ; Loss: 28.095 ; Acc: 34.294
2018-09-19 15:19:59,742:INFO: [TRAIN] Step: 711 ; Loss: 31.193 ; Acc: 34.311
2018-09-19 15:19:59,837:INFO: [TRAIN] Step: 712 ; Loss: 28.202 ; Acc: 34.309
2018-09-19 15:19:59,940:INFO: [TRAIN] Step: 713 ; Loss: 27.379 ; Acc: 34.331
2018-09-19 15:20:00,040:INFO: [TRAIN] Step: 714 ; Loss: 29.188 ; Acc: 34.341
2018-09-19 15:20:00,148:INFO: [TRAIN] Step: 715 ; Loss: 27.039 ; Acc: 34.346
2018-09-19 15:20:00,248:INFO: [TRAIN] Step: 716 ; Loss: 30.070 ; Acc: 34.350
2018-09-19 15:20:00,354:INFO: [TRAIN] Step: 717 ; Loss: 28.265 ; Acc: 34.337
2018-09-19 15:20:00,454:INFO: [TRAIN] Step: 718 ; Loss: 33.164 ; Acc: 34.336
2018-09-19 15:20:00,562:INFO: [TRAIN] Step: 719 ; Loss: 27.862 ; Acc: 34.334
2018-09-19 15:20:00,667:INFO: [TRAIN] Step: 720 ; Loss: 25.407 ; Acc: 34.339
2018-09-19 15:20:00,784:INFO: [TRAIN] Step: 721 ; Loss: 32.515 ; Acc: 34.343
2018-09-19 15:20:00,898:INFO: [TRAIN] Step: 722 ; Loss: 29.951 ; Acc: 34.330
2018-09-19 15:20:01,017:INFO: [TRAIN] Step: 723 ; Loss: 25.841 ; Acc: 34.346
2018-09-19 15:20:01,131:INFO: [TRAIN] Step: 724 ; Loss: 30.234 ; Acc: 34.322
2018-09-19 15:20:01,249:INFO: [TRAIN] Step: 725 ; Loss: 25.508 ; Acc: 34.332
2018-09-19 15:20:01,365:INFO: [TRAIN] Step: 726 ; Loss: 27.974 ; Acc: 34.336
2018-09-19 15:20:01,481:INFO: [TRAIN] Step: 727 ; Loss: 28.776 ; Acc: 34.335
2018-09-19 15:20:01,601:INFO: [TRAIN] Step: 728 ; Loss: 27.659 ; Acc: 34.345
2018-09-19 15:20:01,720:INFO: [TRAIN] Step: 729 ; Loss: 26.853 ; Acc: 34.361
2018-09-19 15:20:01,842:INFO: [TRAIN] Step: 730 ; Loss: 31.251 ; Acc: 34.354
2018-09-19 15:20:01,961:INFO: [TRAIN] Step: 731 ; Loss: 29.031 ; Acc: 34.364
2018-09-19 15:20:02,087:INFO: [TRAIN] Step: 732 ; Loss: 26.581 ; Acc: 34.368
2018-09-19 15:20:02,207:INFO: [TRAIN] Step: 733 ; Loss: 26.514 ; Acc: 34.378
2018-09-19 15:20:02,328:INFO: [TRAIN] Step: 734 ; Loss: 26.827 ; Acc: 34.382
2018-09-19 15:20:02,453:INFO: [TRAIN] Step: 735 ; Loss: 28.615 ; Acc: 34.392
2018-09-19 15:20:02,580:INFO: [TRAIN] Step: 736 ; Loss: 25.092 ; Acc: 34.402
2018-09-19 15:20:02,706:INFO: [TRAIN] Step: 737 ; Loss: 27.423 ; Acc: 34.423
2018-09-19 15:20:02,834:INFO: [TRAIN] Step: 738 ; Loss: 29.626 ; Acc: 34.416
2018-09-19 15:20:02,962:INFO: [TRAIN] Step: 739 ; Loss: 28.243 ; Acc: 34.426
2018-09-19 15:20:03,089:INFO: [TRAIN] Step: 740 ; Loss: 29.315 ; Acc: 34.424
2018-09-19 15:20:03,217:INFO: [TRAIN] Step: 741 ; Loss: 31.945 ; Acc: 34.412
2018-09-19 15:20:03,344:INFO: [TRAIN] Step: 742 ; Loss: 26.604 ; Acc: 34.427
2018-09-19 15:20:03,473:INFO: [TRAIN] Step: 743 ; Loss: 31.080 ; Acc: 34.403
2018-09-19 15:20:03,597:INFO: [TRAIN] Step: 744 ; Loss: 28.902 ; Acc: 34.424
2018-09-19 15:20:03,726:INFO: [TRAIN] Step: 745 ; Loss: 31.862 ; Acc: 34.422
2018-09-19 15:20:03,857:INFO: [TRAIN] Step: 746 ; Loss: 29.551 ; Acc: 34.427
2018-09-19 15:20:03,991:INFO: [TRAIN] Step: 747 ; Loss: 28.030 ; Acc: 34.425
2018-09-19 15:20:04,122:INFO: [TRAIN] Step: 748 ; Loss: 30.327 ; Acc: 34.418
2018-09-19 15:20:04,250:INFO: [TRAIN] Step: 749 ; Loss: 28.267 ; Acc: 34.450
2018-09-19 15:20:04,380:INFO: [TRAIN] Step: 750 ; Loss: 23.745 ; Acc: 34.493
2018-09-19 15:20:04,510:INFO: [TRAIN] Step: 751 ; Loss: 31.050 ; Acc: 34.502
2018-09-19 15:20:04,637:INFO: [TRAIN] Step: 752 ; Loss: 29.626 ; Acc: 34.529
2018-09-19 15:20:04,762:INFO: [TRAIN] Step: 753 ; Loss: 30.326 ; Acc: 34.527
2018-09-19 15:20:04,889:INFO: [TRAIN] Step: 754 ; Loss: 29.024 ; Acc: 34.525
2018-09-19 15:20:05,017:INFO: [TRAIN] Step: 755 ; Loss: 29.895 ; Acc: 34.529
2018-09-19 15:20:05,162:INFO: [TRAIN] Step: 756 ; Loss: 29.718 ; Acc: 34.528
2018-09-19 15:20:05,300:INFO: [TRAIN] Step: 757 ; Loss: 26.482 ; Acc: 34.532
2018-09-19 15:20:05,427:INFO: [TRAIN] Step: 758 ; Loss: 27.499 ; Acc: 34.525
2018-09-19 15:20:05,555:INFO: [TRAIN] Step: 759 ; Loss: 26.487 ; Acc: 34.523
2018-09-19 15:20:05,687:INFO: [TRAIN] Step: 760 ; Loss: 31.142 ; Acc: 34.516
2018-09-19 15:20:05,812:INFO: [TRAIN] Step: 761 ; Loss: 30.370 ; Acc: 34.520
2018-09-19 15:20:05,938:INFO: [TRAIN] Step: 762 ; Loss: 27.570 ; Acc: 34.513
2018-09-19 15:20:06,068:INFO: [TRAIN] Step: 763 ; Loss: 29.248 ; Acc: 34.511
2018-09-19 15:20:06,222:INFO: [TRAIN] Step: 764 ; Loss: 30.906 ; Acc: 34.504
2018-09-19 15:20:06,347:INFO: [TRAIN] Step: 765 ; Loss: 26.961 ; Acc: 34.546
2018-09-19 15:20:06,497:INFO: [TRAIN] Step: 766 ; Loss: 28.612 ; Acc: 34.545
2018-09-19 15:20:06,645:INFO: [TRAIN] Step: 767 ; Loss: 30.671 ; Acc: 34.527
2018-09-19 15:20:06,787:INFO: [TRAIN] Step: 768 ; Loss: 33.409 ; Acc: 34.504
2018-09-19 15:20:06,919:INFO: [TRAIN] Step: 769 ; Loss: 27.121 ; Acc: 34.481
2018-09-19 15:20:07,052:INFO: [TRAIN] Step: 770 ; Loss: 24.746 ; Acc: 34.468
2018-09-19 15:20:07,188:INFO: [TRAIN] Step: 771 ; Loss: 31.106 ; Acc: 34.456
2018-09-19 15:20:07,326:INFO: [TRAIN] Step: 772 ; Loss: 26.570 ; Acc: 34.438
2018-09-19 15:20:07,458:INFO: [TRAIN] Step: 773 ; Loss: 31.988 ; Acc: 34.426
2018-09-19 15:20:07,606:INFO: [TRAIN] Step: 774 ; Loss: 29.901 ; Acc: 34.414
2018-09-19 15:20:07,740:INFO: [TRAIN] Step: 775 ; Loss: 31.421 ; Acc: 34.391
2018-09-19 15:20:07,887:INFO: [TRAIN] Step: 776 ; Loss: 28.569 ; Acc: 34.400
2018-09-19 15:20:08,021:INFO: [TRAIN] Step: 777 ; Loss: 26.714 ; Acc: 34.399
2018-09-19 15:20:08,151:INFO: [TRAIN] Step: 778 ; Loss: 30.281 ; Acc: 34.403
2018-09-19 15:20:08,287:INFO: [TRAIN] Step: 779 ; Loss: 31.826 ; Acc: 34.402
2018-09-19 15:20:08,423:INFO: [TRAIN] Step: 780 ; Loss: 29.511 ; Acc: 34.406
2018-09-19 15:20:08,554:INFO: [TRAIN] Step: 781 ; Loss: 27.357 ; Acc: 34.415
2018-09-19 15:20:08,695:INFO: [TRAIN] Step: 782 ; Loss: 27.686 ; Acc: 34.419
2018-09-19 15:20:08,832:INFO: [TRAIN] Step: 783 ; Loss: 26.851 ; Acc: 34.423
2018-09-19 15:20:08,971:INFO: [TRAIN] Step: 784 ; Loss: 28.776 ; Acc: 34.416
2018-09-19 15:20:09,109:INFO: [TRAIN] Step: 785 ; Loss: 26.382 ; Acc: 34.425
2018-09-19 15:20:09,245:INFO: [TRAIN] Step: 786 ; Loss: 28.062 ; Acc: 34.429
2018-09-19 15:20:09,381:INFO: [TRAIN] Step: 787 ; Loss: 23.429 ; Acc: 34.449
2018-09-19 15:20:09,517:INFO: [TRAIN] Step: 788 ; Loss: 29.231 ; Acc: 34.442
2018-09-19 15:20:09,652:INFO: [TRAIN] Step: 789 ; Loss: 27.838 ; Acc: 34.451
2018-09-19 15:20:09,790:INFO: [TRAIN] Step: 790 ; Loss: 32.074 ; Acc: 34.440
2018-09-19 15:20:09,929:INFO: [TRAIN] Step: 791 ; Loss: 29.975 ; Acc: 34.443
2018-09-19 15:20:10,071:INFO: [TRAIN] Step: 792 ; Loss: 27.684 ; Acc: 34.463
2018-09-19 15:20:10,209:INFO: [TRAIN] Step: 793 ; Loss: 29.738 ; Acc: 34.451
2018-09-19 15:20:10,346:INFO: [TRAIN] Step: 794 ; Loss: 25.723 ; Acc: 34.455
2018-09-19 15:20:10,486:INFO: [TRAIN] Step: 795 ; Loss: 27.511 ; Acc: 34.474
2018-09-19 15:20:10,625:INFO: [TRAIN] Step: 796 ; Loss: 28.122 ; Acc: 34.463
2018-09-19 15:20:10,767:INFO: [TRAIN] Step: 797 ; Loss: 30.401 ; Acc: 34.451
2018-09-19 15:20:10,912:INFO: [TRAIN] Step: 798 ; Loss: 28.100 ; Acc: 34.439
2018-09-19 15:20:11,054:INFO: [TRAIN] Step: 799 ; Loss: 29.204 ; Acc: 34.432
2018-09-19 15:20:11,188:INFO: [TRAIN] Step: 800 ; Loss: 24.583 ; Acc: 34.436
2018-09-19 15:20:11,334:INFO: [TRAIN] Step: 801 ; Loss: 28.618 ; Acc: 34.435
2018-09-19 15:20:11,472:INFO: [TRAIN] Step: 802 ; Loss: 30.360 ; Acc: 34.433
2018-09-19 15:20:11,610:INFO: [TRAIN] Step: 803 ; Loss: 24.255 ; Acc: 34.442
2018-09-19 15:20:11,753:INFO: [TRAIN] Step: 804 ; Loss: 24.841 ; Acc: 34.451
2018-09-19 15:20:11,892:INFO: [TRAIN] Step: 805 ; Loss: 29.099 ; Acc: 34.445
2018-09-19 15:20:12,037:INFO: [TRAIN] Step: 806 ; Loss: 27.504 ; Acc: 34.449
2018-09-19 15:20:12,186:INFO: [TRAIN] Step: 807 ; Loss: 25.595 ; Acc: 34.427
2018-09-19 15:20:12,332:INFO: [TRAIN] Step: 808 ; Loss: 30.635 ; Acc: 34.410
2018-09-19 15:20:12,475:INFO: [TRAIN] Step: 809 ; Loss: 27.482 ; Acc: 34.398
2018-09-19 15:20:12,623:INFO: [TRAIN] Step: 810 ; Loss: 25.054 ; Acc: 34.392
2018-09-19 15:20:12,773:INFO: [TRAIN] Step: 811 ; Loss: 28.505 ; Acc: 34.396
2018-09-19 15:20:12,920:INFO: [TRAIN] Step: 812 ; Loss: 27.171 ; Acc: 34.394
2018-09-19 15:20:13,063:INFO: [TRAIN] Step: 813 ; Loss: 32.703 ; Acc: 34.393
2018-09-19 15:20:13,207:INFO: [TRAIN] Step: 814 ; Loss: 24.181 ; Acc: 34.392
2018-09-19 15:20:13,357:INFO: [TRAIN] Step: 815 ; Loss: 25.299 ; Acc: 34.416
2018-09-19 15:20:13,502:INFO: [TRAIN] Step: 816 ; Loss: 30.601 ; Acc: 34.404
2018-09-19 15:20:13,645:INFO: [TRAIN] Step: 817 ; Loss: 27.851 ; Acc: 34.403
2018-09-19 15:20:13,794:INFO: [TRAIN] Step: 818 ; Loss: 26.881 ; Acc: 34.412
2018-09-19 15:20:13,938:INFO: [TRAIN] Step: 819 ; Loss: 25.797 ; Acc: 34.416
2018-09-19 15:20:14,088:INFO: [TRAIN] Step: 820 ; Loss: 29.503 ; Acc: 34.414
2018-09-19 15:20:14,235:INFO: [TRAIN] Step: 821 ; Loss: 28.263 ; Acc: 34.408
2018-09-19 15:20:14,383:INFO: [TRAIN] Step: 822 ; Loss: 27.524 ; Acc: 34.417
2018-09-19 15:20:14,534:INFO: [TRAIN] Step: 823 ; Loss: 30.143 ; Acc: 34.415
2018-09-19 15:20:14,678:INFO: [TRAIN] Step: 824 ; Loss: 24.783 ; Acc: 34.409
2018-09-19 15:20:14,823:INFO: [TRAIN] Step: 825 ; Loss: 28.706 ; Acc: 34.398
2018-09-19 15:20:14,970:INFO: [TRAIN] Step: 826 ; Loss: 27.503 ; Acc: 34.366
2018-09-19 15:20:15,117:INFO: [TRAIN] Step: 827 ; Loss: 24.339 ; Acc: 34.385
2018-09-19 15:20:15,267:INFO: [TRAIN] Step: 828 ; Loss: 33.553 ; Acc: 34.369
2018-09-19 15:20:15,419:INFO: [TRAIN] Step: 829 ; Loss: 27.208 ; Acc: 34.362
2018-09-19 15:20:15,567:INFO: [TRAIN] Step: 830 ; Loss: 24.551 ; Acc: 34.376
2018-09-19 15:20:15,715:INFO: [TRAIN] Step: 831 ; Loss: 27.617 ; Acc: 34.405
2018-09-19 15:20:15,867:INFO: [TRAIN] Step: 832 ; Loss: 28.876 ; Acc: 34.394
2018-09-19 15:20:16,014:INFO: [TRAIN] Step: 833 ; Loss: 22.756 ; Acc: 34.417
2018-09-19 15:20:16,165:INFO: [TRAIN] Step: 834 ; Loss: 30.765 ; Acc: 34.411
2018-09-19 15:20:16,314:INFO: [TRAIN] Step: 835 ; Loss: 31.284 ; Acc: 34.400
2018-09-19 15:20:16,466:INFO: [TRAIN] Step: 836 ; Loss: 28.234 ; Acc: 34.414
2018-09-19 15:20:16,617:INFO: [TRAIN] Step: 837 ; Loss: 30.850 ; Acc: 34.427
2018-09-19 15:20:16,765:INFO: [TRAIN] Step: 838 ; Loss: 23.876 ; Acc: 34.451
2018-09-19 15:20:16,909:INFO: [TRAIN] Step: 839 ; Loss: 28.164 ; Acc: 34.459
2018-09-19 15:20:17,054:INFO: [TRAIN] Step: 840 ; Loss: 26.837 ; Acc: 34.473
2018-09-19 15:20:17,203:INFO: [TRAIN] Step: 841 ; Loss: 27.496 ; Acc: 34.491
2018-09-19 15:20:17,348:INFO: [TRAIN] Step: 842 ; Loss: 29.616 ; Acc: 34.495
2018-09-19 15:20:17,497:INFO: [TRAIN] Step: 843 ; Loss: 28.959 ; Acc: 34.484
2018-09-19 15:20:17,654:INFO: [TRAIN] Step: 844 ; Loss: 30.403 ; Acc: 34.477
2018-09-19 15:20:17,804:INFO: [TRAIN] Step: 845 ; Loss: 31.031 ; Acc: 34.466
2018-09-19 15:20:17,945:INFO: [TRAIN] Step: 846 ; Loss: 35.507 ; Acc: 34.455
2018-09-19 15:20:18,092:INFO: [TRAIN] Step: 847 ; Loss: 30.832 ; Acc: 34.439
2018-09-19 15:20:18,240:INFO: [TRAIN] Step: 848 ; Loss: 30.537 ; Acc: 34.442
2018-09-19 15:20:18,387:INFO: [TRAIN] Step: 849 ; Loss: 30.049 ; Acc: 34.456
2018-09-19 15:20:18,532:INFO: [TRAIN] Step: 850 ; Loss: 26.455 ; Acc: 34.474
2018-09-19 15:20:18,678:INFO: [TRAIN] Step: 851 ; Loss: 28.336 ; Acc: 34.478
2018-09-19 15:20:18,829:INFO: [TRAIN] Step: 852 ; Loss: 26.340 ; Acc: 34.486
2018-09-19 15:20:18,972:INFO: [TRAIN] Step: 853 ; Loss: 29.567 ; Acc: 34.495
2018-09-19 15:20:19,116:INFO: [TRAIN] Step: 854 ; Loss: 31.808 ; Acc: 34.483
2018-09-19 15:20:19,264:INFO: [TRAIN] Step: 855 ; Loss: 25.617 ; Acc: 34.497
2018-09-19 15:20:19,411:INFO: [TRAIN] Step: 856 ; Loss: 27.981 ; Acc: 34.510
2018-09-19 15:20:19,554:INFO: [TRAIN] Step: 857 ; Loss: 25.956 ; Acc: 34.528
2018-09-19 15:20:19,703:INFO: [TRAIN] Step: 858 ; Loss: 28.824 ; Acc: 34.522
2018-09-19 15:20:19,843:INFO: [TRAIN] Step: 859 ; Loss: 27.818 ; Acc: 34.525
2018-09-19 15:20:19,986:INFO: [TRAIN] Step: 860 ; Loss: 29.874 ; Acc: 34.514
2018-09-19 15:20:20,128:INFO: [TRAIN] Step: 861 ; Loss: 25.036 ; Acc: 34.518
2018-09-19 15:20:20,265:INFO: [TRAIN] Step: 862 ; Loss: 30.410 ; Acc: 34.511
2018-09-19 15:20:20,406:INFO: [TRAIN] Step: 863 ; Loss: 31.072 ; Acc: 34.515
2018-09-19 15:20:20,549:INFO: [TRAIN] Step: 864 ; Loss: 27.540 ; Acc: 34.518
2018-09-19 15:20:20,697:INFO: [TRAIN] Step: 865 ; Loss: 27.728 ; Acc: 34.522
2018-09-19 15:20:20,843:INFO: [TRAIN] Step: 866 ; Loss: 29.559 ; Acc: 34.511
2018-09-19 15:20:20,980:INFO: [TRAIN] Step: 867 ; Loss: 28.676 ; Acc: 34.495
2018-09-19 15:20:21,119:INFO: [TRAIN] Step: 868 ; Loss: 28.700 ; Acc: 34.484
2018-09-19 15:20:21,257:INFO: [TRAIN] Step: 869 ; Loss: 29.618 ; Acc: 34.497
2018-09-19 15:20:21,393:INFO: [TRAIN] Step: 870 ; Loss: 24.120 ; Acc: 34.510
2018-09-19 15:20:21,527:INFO: [TRAIN] Step: 871 ; Loss: 27.615 ; Acc: 34.533
2018-09-19 15:20:21,662:INFO: [TRAIN] Step: 872 ; Loss: 28.101 ; Acc: 34.531
2018-09-19 15:20:21,801:INFO: [TRAIN] Step: 873 ; Loss: 30.439 ; Acc: 34.516
2018-09-19 15:20:21,939:INFO: [TRAIN] Step: 874 ; Loss: 26.975 ; Acc: 34.505
2018-09-19 15:20:22,075:INFO: [TRAIN] Step: 875 ; Loss: 32.057 ; Acc: 34.484
2018-09-19 15:20:22,206:INFO: [TRAIN] Step: 876 ; Loss: 27.491 ; Acc: 34.464
2018-09-19 15:20:22,343:INFO: [TRAIN] Step: 877 ; Loss: 28.809 ; Acc: 34.458
2018-09-19 15:20:22,474:INFO: [TRAIN] Step: 878 ; Loss: 28.439 ; Acc: 34.466
2018-09-19 15:20:22,605:INFO: [TRAIN] Step: 879 ; Loss: 28.392 ; Acc: 34.465
2018-09-19 15:20:22,736:INFO: [TRAIN] Step: 880 ; Loss: 24.956 ; Acc: 34.468
2018-09-19 15:20:22,866:INFO: [TRAIN] Step: 881 ; Loss: 29.744 ; Acc: 34.458
2018-09-19 15:20:22,997:INFO: [TRAIN] Step: 882 ; Loss: 30.183 ; Acc: 34.452
2018-09-19 15:20:23,128:INFO: [TRAIN] Step: 883 ; Loss: 28.544 ; Acc: 34.465
2018-09-19 15:20:23,259:INFO: [TRAIN] Step: 884 ; Loss: 30.973 ; Acc: 34.449
2018-09-19 15:20:23,390:INFO: [TRAIN] Step: 885 ; Loss: 28.151 ; Acc: 34.434
2018-09-19 15:20:23,517:INFO: [TRAIN] Step: 886 ; Loss: 31.729 ; Acc: 34.423
2018-09-19 15:20:23,647:INFO: [TRAIN] Step: 887 ; Loss: 25.697 ; Acc: 34.436
2018-09-19 15:20:23,776:INFO: [TRAIN] Step: 888 ; Loss: 25.491 ; Acc: 34.430
2018-09-19 15:20:23,906:INFO: [TRAIN] Step: 889 ; Loss: 29.795 ; Acc: 34.429
2018-09-19 15:20:24,030:INFO: [TRAIN] Step: 890 ; Loss: 28.075 ; Acc: 34.432
2018-09-19 15:20:24,158:INFO: [TRAIN] Step: 891 ; Loss: 25.385 ; Acc: 34.454
2018-09-19 15:20:24,283:INFO: [TRAIN] Step: 892 ; Loss: 27.391 ; Acc: 34.434
2018-09-19 15:20:24,410:INFO: [TRAIN] Step: 893 ; Loss: 30.975 ; Acc: 34.443
2018-09-19 15:20:24,539:INFO: [TRAIN] Step: 894 ; Loss: 30.028 ; Acc: 34.441
2018-09-19 15:20:24,662:INFO: [TRAIN] Step: 895 ; Loss: 27.313 ; Acc: 34.449
2018-09-19 15:20:24,792:INFO: [TRAIN] Step: 896 ; Loss: 33.282 ; Acc: 34.439
2018-09-19 15:20:24,915:INFO: [TRAIN] Step: 897 ; Loss: 28.703 ; Acc: 34.419
2018-09-19 15:20:25,039:INFO: [TRAIN] Step: 898 ; Loss: 25.983 ; Acc: 34.432
2018-09-19 15:20:25,170:INFO: [TRAIN] Step: 899 ; Loss: 26.911 ; Acc: 34.440
2018-09-19 15:20:25,297:INFO: [TRAIN] Step: 900 ; Loss: 28.719 ; Acc: 34.434
2018-09-19 15:20:25,421:INFO: [TRAIN] Step: 901 ; Loss: 31.341 ; Acc: 34.424
2018-09-19 15:20:25,547:INFO: [TRAIN] Step: 902 ; Loss: 28.086 ; Acc: 34.418
2018-09-19 15:20:25,676:INFO: [TRAIN] Step: 903 ; Loss: 26.602 ; Acc: 34.426
2018-09-19 15:20:25,805:INFO: [TRAIN] Step: 904 ; Loss: 28.462 ; Acc: 34.424
2018-09-19 15:20:25,931:INFO: [TRAIN] Step: 905 ; Loss: 26.599 ; Acc: 34.414
2018-09-19 15:20:26,056:INFO: [TRAIN] Step: 906 ; Loss: 29.934 ; Acc: 34.427
2018-09-19 15:20:26,184:INFO: [TRAIN] Step: 907 ; Loss: 28.288 ; Acc: 34.416
2018-09-19 15:20:26,306:INFO: [TRAIN] Step: 908 ; Loss: 26.000 ; Acc: 34.411
2018-09-19 15:20:26,435:INFO: [TRAIN] Step: 909 ; Loss: 27.801 ; Acc: 34.409
2018-09-19 15:20:26,560:INFO: [TRAIN] Step: 910 ; Loss: 29.730 ; Acc: 34.394
2018-09-19 15:20:26,684:INFO: [TRAIN] Step: 911 ; Loss: 26.147 ; Acc: 34.393
2018-09-19 15:20:26,810:INFO: [TRAIN] Step: 912 ; Loss: 27.986 ; Acc: 34.388
2018-09-19 15:20:26,934:INFO: [TRAIN] Step: 913 ; Loss: 25.977 ; Acc: 34.377
2018-09-19 15:20:27,064:INFO: [TRAIN] Step: 914 ; Loss: 26.575 ; Acc: 34.358
2018-09-19 15:20:27,188:INFO: [TRAIN] Step: 915 ; Loss: 24.715 ; Acc: 34.343
2018-09-19 15:20:27,311:INFO: [TRAIN] Step: 916 ; Loss: 26.105 ; Acc: 34.328
2018-09-19 15:20:27,434:INFO: [TRAIN] Step: 917 ; Loss: 22.570 ; Acc: 34.327
2018-09-19 15:20:27,561:INFO: [TRAIN] Step: 918 ; Loss: 30.250 ; Acc: 34.340
2018-09-19 15:20:27,683:INFO: [TRAIN] Step: 919 ; Loss: 28.995 ; Acc: 34.334
2018-09-19 15:20:27,809:INFO: [TRAIN] Step: 920 ; Loss: 28.561 ; Acc: 34.324
2018-09-19 15:20:27,933:INFO: [TRAIN] Step: 921 ; Loss: 24.761 ; Acc: 34.337
2018-09-19 15:20:28,062:INFO: [TRAIN] Step: 922 ; Loss: 27.567 ; Acc: 34.331
2018-09-19 15:20:28,192:INFO: [TRAIN] Step: 923 ; Loss: 33.549 ; Acc: 34.325
2018-09-19 15:20:28,317:INFO: [TRAIN] Step: 924 ; Loss: 28.866 ; Acc: 34.333
2018-09-19 15:20:28,445:INFO: [TRAIN] Step: 925 ; Loss: 26.869 ; Acc: 34.332
2018-09-19 15:20:28,568:INFO: [TRAIN] Step: 926 ; Loss: 27.813 ; Acc: 34.331
2018-09-19 15:20:28,695:INFO: [TRAIN] Step: 927 ; Loss: 27.700 ; Acc: 34.335
2018-09-19 15:20:28,818:INFO: [TRAIN] Step: 928 ; Loss: 24.664 ; Acc: 34.342
2018-09-19 15:20:28,942:INFO: [TRAIN] Step: 929 ; Loss: 27.437 ; Acc: 34.350
2018-09-19 15:20:29,061:INFO: [TRAIN] Step: 930 ; Loss: 30.840 ; Acc: 34.354
2018-09-19 15:20:29,184:INFO: [TRAIN] Step: 931 ; Loss: 25.680 ; Acc: 34.362
2018-09-19 15:20:29,307:INFO: [TRAIN] Step: 932 ; Loss: 28.128 ; Acc: 34.369
2018-09-19 15:20:29,429:INFO: [TRAIN] Step: 933 ; Loss: 32.209 ; Acc: 34.342
2018-09-19 15:20:29,555:INFO: [TRAIN] Step: 934 ; Loss: 28.310 ; Acc: 34.354
2018-09-19 15:20:29,682:INFO: [TRAIN] Step: 935 ; Loss: 29.543 ; Acc: 34.353
2018-09-19 15:20:29,809:INFO: [TRAIN] Step: 936 ; Loss: 28.046 ; Acc: 34.365
2018-09-19 15:20:29,928:INFO: [TRAIN] Step: 937 ; Loss: 27.247 ; Acc: 34.373
2018-09-19 15:20:30,053:INFO: [TRAIN] Step: 938 ; Loss: 27.782 ; Acc: 34.372
2018-09-19 15:20:30,176:INFO: [TRAIN] Step: 939 ; Loss: 30.023 ; Acc: 34.371
2018-09-19 15:20:30,299:INFO: [TRAIN] Step: 940 ; Loss: 28.478 ; Acc: 34.374
2018-09-19 15:20:30,428:INFO: [TRAIN] Step: 941 ; Loss: 27.749 ; Acc: 34.377
2018-09-19 15:20:30,554:INFO: [TRAIN] Step: 942 ; Loss: 29.935 ; Acc: 34.354
2018-09-19 15:20:30,676:INFO: [TRAIN] Step: 943 ; Loss: 23.638 ; Acc: 34.375
2018-09-19 15:20:30,799:INFO: [TRAIN] Step: 944 ; Loss: 26.865 ; Acc: 34.383
2018-09-19 15:20:30,923:INFO: [TRAIN] Step: 945 ; Loss: 29.795 ; Acc: 34.377
2018-09-19 15:20:31,047:INFO: [TRAIN] Step: 946 ; Loss: 29.368 ; Acc: 34.363
2018-09-19 15:20:31,167:INFO: [TRAIN] Step: 947 ; Loss: 28.312 ; Acc: 34.375
2018-09-19 15:20:31,292:INFO: [TRAIN] Step: 948 ; Loss: 23.966 ; Acc: 34.396
2018-09-19 15:20:31,423:INFO: [TRAIN] Step: 949 ; Loss: 35.239 ; Acc: 34.390
2018-09-19 15:20:31,544:INFO: [TRAIN] Step: 950 ; Loss: 27.313 ; Acc: 34.398
2018-09-19 15:20:31,664:INFO: [TRAIN] Step: 951 ; Loss: 30.106 ; Acc: 34.393
2018-09-19 15:20:31,787:INFO: [TRAIN] Step: 952 ; Loss: 31.655 ; Acc: 34.391
2018-09-19 15:20:31,909:INFO: [TRAIN] Step: 953 ; Loss: 29.528 ; Acc: 34.408
2018-09-19 15:20:32,030:INFO: [TRAIN] Step: 954 ; Loss: 27.096 ; Acc: 34.411
2018-09-19 15:20:32,155:INFO: [TRAIN] Step: 955 ; Loss: 30.560 ; Acc: 34.410
2018-09-19 15:20:32,278:INFO: [TRAIN] Step: 956 ; Loss: 24.214 ; Acc: 34.431
2018-09-19 15:20:32,400:INFO: [TRAIN] Step: 957 ; Loss: 30.360 ; Acc: 34.421
2018-09-19 15:20:32,524:INFO: [TRAIN] Step: 958 ; Loss: 26.805 ; Acc: 34.415
2018-09-19 15:20:32,648:INFO: [TRAIN] Step: 959 ; Loss: 27.872 ; Acc: 34.427
2018-09-19 15:20:32,774:INFO: [TRAIN] Step: 960 ; Loss: 26.849 ; Acc: 34.430
2018-09-19 15:20:32,893:INFO: [TRAIN] Step: 961 ; Loss: 25.524 ; Acc: 34.455
2018-09-19 15:20:33,013:INFO: [TRAIN] Step: 962 ; Loss: 26.553 ; Acc: 34.458
2018-09-19 15:20:33,132:INFO: [TRAIN] Step: 963 ; Loss: 30.275 ; Acc: 34.466
2018-09-19 15:20:33,245:INFO: [TRAIN] Step: 964 ; Loss: 28.358 ; Acc: 34.469
2018-09-19 15:20:33,374:INFO: [TRAIN] Step: 965 ; Loss: 31.870 ; Acc: 34.463
2018-09-19 15:20:33,494:INFO: [TRAIN] Step: 966 ; Loss: 29.650 ; Acc: 34.471
2018-09-19 15:20:33,612:INFO: [TRAIN] Step: 967 ; Loss: 28.945 ; Acc: 34.465
2018-09-19 15:20:33,738:INFO: [TRAIN] Step: 968 ; Loss: 32.916 ; Acc: 34.451
2018-09-19 15:20:33,860:INFO: [TRAIN] Step: 969 ; Loss: 31.438 ; Acc: 34.442
2018-09-19 15:20:33,979:INFO: [TRAIN] Step: 970 ; Loss: 30.239 ; Acc: 34.428
2018-09-19 15:20:34,103:INFO: [TRAIN] Step: 971 ; Loss: 28.680 ; Acc: 34.435
2018-09-19 15:20:34,230:INFO: [TRAIN] Step: 972 ; Loss: 27.892 ; Acc: 34.447
2018-09-19 15:20:34,362:INFO: [TRAIN] Step: 973 ; Loss: 27.261 ; Acc: 34.437
2018-09-19 15:20:34,480:INFO: [TRAIN] Step: 974 ; Loss: 29.225 ; Acc: 34.432
2018-09-19 15:20:34,596:INFO: [TRAIN] Step: 975 ; Loss: 27.663 ; Acc: 34.422
2018-09-19 15:20:34,711:INFO: [TRAIN] Step: 976 ; Loss: 27.947 ; Acc: 34.442
2018-09-19 15:20:34,832:INFO: [TRAIN] Step: 977 ; Loss: 25.972 ; Acc: 34.441
2018-09-19 15:20:34,951:INFO: [TRAIN] Step: 978 ; Loss: 30.966 ; Acc: 34.440
2018-09-19 15:20:35,065:INFO: [TRAIN] Step: 979 ; Loss: 27.536 ; Acc: 34.435
2018-09-19 15:20:35,182:INFO: [TRAIN] Step: 980 ; Loss: 32.554 ; Acc: 34.433
2018-09-19 15:20:35,309:INFO: [TRAIN] Step: 981 ; Loss: 23.440 ; Acc: 34.462
2018-09-19 15:20:35,436:INFO: [TRAIN] Step: 982 ; Loss: 31.611 ; Acc: 34.452
2018-09-19 15:20:35,564:INFO: [TRAIN] Step: 983 ; Loss: 26.383 ; Acc: 34.460
2018-09-19 15:20:35,683:INFO: [TRAIN] Step: 984 ; Loss: 30.257 ; Acc: 34.437
2018-09-19 15:20:35,806:INFO: [TRAIN] Step: 985 ; Loss: 27.448 ; Acc: 34.436
2018-09-19 15:20:35,926:INFO: [TRAIN] Step: 986 ; Loss: 29.460 ; Acc: 34.431
2018-09-19 15:20:36,038:INFO: [TRAIN] Step: 987 ; Loss: 28.147 ; Acc: 34.430
2018-09-19 15:20:36,150:INFO: [TRAIN] Step: 988 ; Loss: 28.087 ; Acc: 34.433
2018-09-19 15:20:36,265:INFO: [TRAIN] Step: 989 ; Loss: 26.510 ; Acc: 34.449
2018-09-19 15:20:36,384:INFO: [TRAIN] Step: 990 ; Loss: 27.238 ; Acc: 34.469
2018-09-19 15:20:36,497:INFO: [TRAIN] Step: 991 ; Loss: 29.482 ; Acc: 34.476
2018-09-19 15:20:36,612:INFO: [TRAIN] Step: 992 ; Loss: 30.446 ; Acc: 34.475
2018-09-19 15:20:36,731:INFO: [TRAIN] Step: 993 ; Loss: 32.202 ; Acc: 34.474
2018-09-19 15:20:36,844:INFO: [TRAIN] Step: 994 ; Loss: 26.852 ; Acc: 34.489
2018-09-19 15:20:36,958:INFO: [TRAIN] Step: 995 ; Loss: 29.891 ; Acc: 34.488
2018-09-19 15:20:37,069:INFO: [TRAIN] Step: 996 ; Loss: 25.627 ; Acc: 34.499
2018-09-19 15:20:37,181:INFO: [TRAIN] Step: 997 ; Loss: 30.362 ; Acc: 34.490
2018-09-19 15:20:37,300:INFO: [TRAIN] Step: 998 ; Loss: 28.713 ; Acc: 34.484
2018-09-19 15:20:37,421:INFO: [TRAIN] Step: 999 ; Loss: 28.875 ; Acc: 34.467
2018-09-19 15:20:37,532:INFO: [TRAIN] Step: 1000 ; Loss: 29.977 ; Acc: 34.466
2018-09-19 15:20:37,649:INFO: [TRAIN] Step: 1001 ; Loss: 30.635 ; Acc: 34.456
2018-09-19 15:20:37,767:INFO: [TRAIN] Step: 1002 ; Loss: 25.331 ; Acc: 34.455
2018-09-19 15:20:37,883:INFO: [TRAIN] Step: 1003 ; Loss: 31.774 ; Acc: 34.433
2018-09-19 15:20:37,998:INFO: [TRAIN] Step: 1004 ; Loss: 33.592 ; Acc: 34.420
2018-09-19 15:20:38,111:INFO: [TRAIN] Step: 1005 ; Loss: 30.189 ; Acc: 34.423
2018-09-19 15:20:38,227:INFO: [TRAIN] Step: 1006 ; Loss: 33.222 ; Acc: 34.405
2018-09-19 15:20:38,341:INFO: [TRAIN] Step: 1007 ; Loss: 30.462 ; Acc: 34.404
2018-09-19 15:20:38,460:INFO: [TRAIN] Step: 1008 ; Loss: 26.746 ; Acc: 34.419
2018-09-19 15:20:38,576:INFO: [TRAIN] Step: 1009 ; Loss: 29.664 ; Acc: 34.427
2018-09-19 15:20:38,691:INFO: [TRAIN] Step: 1010 ; Loss: 28.710 ; Acc: 34.430
2018-09-19 15:20:38,811:INFO: [TRAIN] Step: 1011 ; Loss: 32.678 ; Acc: 34.437
2018-09-19 15:20:38,927:INFO: [TRAIN] Step: 1012 ; Loss: 28.491 ; Acc: 34.440
2018-09-19 15:20:39,044:INFO: [TRAIN] Step: 1013 ; Loss: 26.485 ; Acc: 34.422
2018-09-19 15:20:39,160:INFO: [TRAIN] Step: 1014 ; Loss: 29.365 ; Acc: 34.413
2018-09-19 15:20:39,272:INFO: [TRAIN] Step: 1015 ; Loss: 31.736 ; Acc: 34.391
2018-09-19 15:20:39,384:INFO: [TRAIN] Step: 1016 ; Loss: 31.663 ; Acc: 34.386
2018-09-19 15:20:39,494:INFO: [TRAIN] Step: 1017 ; Loss: 29.301 ; Acc: 34.377
2018-09-19 15:20:39,610:INFO: [TRAIN] Step: 1018 ; Loss: 26.440 ; Acc: 34.368
2018-09-19 15:20:39,722:INFO: [TRAIN] Step: 1019 ; Loss: 23.469 ; Acc: 34.355
2018-09-19 15:20:39,836:INFO: [TRAIN] Step: 1020 ; Loss: 29.227 ; Acc: 34.341
2018-09-19 15:20:39,947:INFO: [TRAIN] Step: 1021 ; Loss: 32.003 ; Acc: 34.357
2018-09-19 15:20:40,062:INFO: [TRAIN] Step: 1022 ; Loss: 28.814 ; Acc: 34.343
2018-09-19 15:20:40,176:INFO: [TRAIN] Step: 1023 ; Loss: 27.607 ; Acc: 34.334
2018-09-19 15:20:40,295:INFO: [TRAIN] Step: 1024 ; Loss: 29.742 ; Acc: 34.329
2018-09-19 15:20:40,406:INFO: [TRAIN] Step: 1025 ; Loss: 32.335 ; Acc: 34.316
2018-09-19 15:20:40,522:INFO: [TRAIN] Step: 1026 ; Loss: 26.101 ; Acc: 34.319
2018-09-19 15:20:40,635:INFO: [TRAIN] Step: 1027 ; Loss: 31.071 ; Acc: 34.310
2018-09-19 15:20:40,754:INFO: [TRAIN] Step: 1028 ; Loss: 25.702 ; Acc: 34.313
2018-09-19 15:20:40,865:INFO: [TRAIN] Step: 1029 ; Loss: 29.739 ; Acc: 34.308
2018-09-19 15:20:40,976:INFO: [TRAIN] Step: 1030 ; Loss: 27.412 ; Acc: 34.307
2018-09-19 15:20:41,091:INFO: [TRAIN] Step: 1031 ; Loss: 29.877 ; Acc: 34.290
2018-09-19 15:20:41,205:INFO: [TRAIN] Step: 1032 ; Loss: 25.877 ; Acc: 34.289
2018-09-19 15:20:41,318:INFO: [TRAIN] Step: 1033 ; Loss: 32.614 ; Acc: 34.284
2018-09-19 15:20:41,429:INFO: [TRAIN] Step: 1034 ; Loss: 28.653 ; Acc: 34.283
2018-09-19 15:20:41,545:INFO: [TRAIN] Step: 1035 ; Loss: 27.339 ; Acc: 34.287
2018-09-19 15:20:41,662:INFO: [TRAIN] Step: 1036 ; Loss: 29.131 ; Acc: 34.290
2018-09-19 15:20:41,777:INFO: [TRAIN] Step: 1037 ; Loss: 30.398 ; Acc: 34.277
2018-09-19 15:20:41,889:INFO: [TRAIN] Step: 1038 ; Loss: 32.088 ; Acc: 34.260
2018-09-19 15:20:42,006:INFO: [TRAIN] Step: 1039 ; Loss: 31.317 ; Acc: 34.259
2018-09-19 15:20:42,121:INFO: [TRAIN] Step: 1040 ; Loss: 25.318 ; Acc: 34.246
2018-09-19 15:20:42,236:INFO: [TRAIN] Step: 1041 ; Loss: 30.201 ; Acc: 34.233
2018-09-19 15:20:42,349:INFO: [TRAIN] Step: 1042 ; Loss: 26.994 ; Acc: 34.208
2018-09-19 15:20:42,468:INFO: [TRAIN] Step: 1043 ; Loss: 28.663 ; Acc: 34.195
2018-09-19 15:20:42,581:INFO: [TRAIN] Step: 1044 ; Loss: 29.859 ; Acc: 34.187
2018-09-19 15:20:42,695:INFO: [TRAIN] Step: 1045 ; Loss: 30.089 ; Acc: 34.190
2018-09-19 15:20:42,808:INFO: [TRAIN] Step: 1046 ; Loss: 31.388 ; Acc: 34.193
2018-09-19 15:20:42,922:INFO: [TRAIN] Step: 1047 ; Loss: 30.005 ; Acc: 34.200
2018-09-19 15:20:43,034:INFO: [TRAIN] Step: 1048 ; Loss: 27.192 ; Acc: 34.215
2018-09-19 15:20:43,146:INFO: [TRAIN] Step: 1049 ; Loss: 29.846 ; Acc: 34.198
2018-09-19 15:20:43,266:INFO: [TRAIN] Step: 1050 ; Loss: 31.601 ; Acc: 34.190
2018-09-19 15:20:43,385:INFO: [TRAIN] Step: 1051 ; Loss: 24.459 ; Acc: 34.205
2018-09-19 15:20:43,501:INFO: [TRAIN] Step: 1052 ; Loss: 28.493 ; Acc: 34.204
2018-09-19 15:20:43,615:INFO: [TRAIN] Step: 1053 ; Loss: 25.713 ; Acc: 34.215
2018-09-19 15:20:43,731:INFO: [TRAIN] Step: 1054 ; Loss: 27.984 ; Acc: 34.218
2018-09-19 15:20:43,848:INFO: [TRAIN] Step: 1055 ; Loss: 29.165 ; Acc: 34.213
2018-09-19 15:20:43,963:INFO: [TRAIN] Step: 1056 ; Loss: 31.734 ; Acc: 34.208
2018-09-19 15:20:44,079:INFO: [TRAIN] Step: 1057 ; Loss: 28.774 ; Acc: 34.216
2018-09-19 15:20:44,197:INFO: [TRAIN] Step: 1058 ; Loss: 30.266 ; Acc: 34.215
2018-09-19 15:20:44,319:INFO: [TRAIN] Step: 1059 ; Loss: 29.906 ; Acc: 34.214
2018-09-19 15:20:44,431:INFO: [TRAIN] Step: 1060 ; Loss: 26.801 ; Acc: 34.237
2018-09-19 15:20:44,550:INFO: [TRAIN] Step: 1061 ; Loss: 27.078 ; Acc: 34.240
2018-09-19 15:20:44,662:INFO: [TRAIN] Step: 1062 ; Loss: 30.771 ; Acc: 34.231
2018-09-19 15:20:44,776:INFO: [TRAIN] Step: 1063 ; Loss: 30.384 ; Acc: 34.238
2018-09-19 15:20:44,888:INFO: [TRAIN] Step: 1064 ; Loss: 30.208 ; Acc: 34.229
2018-09-19 15:20:45,001:INFO: [TRAIN] Step: 1065 ; Loss: 27.886 ; Acc: 34.244
2018-09-19 15:20:45,114:INFO: [TRAIN] Step: 1066 ; Loss: 28.792 ; Acc: 34.239
2018-09-19 15:20:45,228:INFO: [TRAIN] Step: 1067 ; Loss: 28.637 ; Acc: 34.250
2018-09-19 15:20:45,344:INFO: [TRAIN] Step: 1068 ; Loss: 31.620 ; Acc: 34.242
2018-09-19 15:20:45,459:INFO: [TRAIN] Step: 1069 ; Loss: 31.741 ; Acc: 34.229
2018-09-19 15:20:45,578:INFO: [TRAIN] Step: 1070 ; Loss: 32.406 ; Acc: 34.224
2018-09-19 15:20:45,693:INFO: [TRAIN] Step: 1071 ; Loss: 29.290 ; Acc: 34.231
2018-09-19 15:20:45,808:INFO: [TRAIN] Step: 1072 ; Loss: 28.976 ; Acc: 34.238
2018-09-19 15:20:45,923:INFO: [TRAIN] Step: 1073 ; Loss: 32.133 ; Acc: 34.245
2018-09-19 15:20:46,035:INFO: [TRAIN] Step: 1074 ; Loss: 30.110 ; Acc: 34.256
2018-09-19 15:20:46,152:INFO: [TRAIN] Step: 1075 ; Loss: 24.420 ; Acc: 34.259
2018-09-19 15:20:46,264:INFO: [TRAIN] Step: 1076 ; Loss: 31.370 ; Acc: 34.250
2018-09-19 15:20:46,378:INFO: [TRAIN] Step: 1077 ; Loss: 27.159 ; Acc: 34.249
2018-09-19 15:20:46,492:INFO: [TRAIN] Step: 1078 ; Loss: 29.372 ; Acc: 34.256
2018-09-19 15:20:46,608:INFO: [TRAIN] Step: 1079 ; Loss: 29.267 ; Acc: 34.263
2018-09-19 15:20:46,721:INFO: [TRAIN] Step: 1080 ; Loss: 30.098 ; Acc: 34.270
2018-09-19 15:20:46,836:INFO: [TRAIN] Step: 1081 ; Loss: 27.607 ; Acc: 34.261
2018-09-19 15:20:46,949:INFO: [TRAIN] Step: 1082 ; Loss: 29.331 ; Acc: 34.257
2018-09-19 15:20:47,069:INFO: [TRAIN] Step: 1083 ; Loss: 28.596 ; Acc: 34.267
2018-09-19 15:20:47,183:INFO: [TRAIN] Step: 1084 ; Loss: 27.735 ; Acc: 34.278
2018-09-19 15:20:47,296:INFO: [TRAIN] Step: 1085 ; Loss: 31.320 ; Acc: 34.269
2018-09-19 15:20:47,409:INFO: [TRAIN] Step: 1086 ; Loss: 28.667 ; Acc: 34.280
2018-09-19 15:20:47,526:INFO: [TRAIN] Step: 1087 ; Loss: 27.602 ; Acc: 34.283
2018-09-19 15:20:47,652:INFO: [TRAIN] Step: 1088 ; Loss: 28.503 ; Acc: 34.294
2018-09-19 15:20:47,767:INFO: [TRAIN] Step: 1089 ; Loss: 33.035 ; Acc: 34.293
2018-09-19 15:20:47,886:INFO: [TRAIN] Step: 1090 ; Loss: 27.904 ; Acc: 34.296
2018-09-19 15:20:48,000:INFO: [TRAIN] Step: 1091 ; Loss: 29.195 ; Acc: 34.299
2018-09-19 15:20:48,118:INFO: [TRAIN] Step: 1092 ; Loss: 30.509 ; Acc: 34.294
2018-09-19 15:20:48,233:INFO: [TRAIN] Step: 1093 ; Loss: 24.329 ; Acc: 34.320
2018-09-19 15:20:48,346:INFO: [TRAIN] Step: 1094 ; Loss: 27.774 ; Acc: 34.326
2018-09-19 15:20:48,461:INFO: [TRAIN] Step: 1095 ; Loss: 28.152 ; Acc: 34.329
2018-09-19 15:20:48,573:INFO: [TRAIN] Step: 1096 ; Loss: 27.721 ; Acc: 34.321
2018-09-19 15:20:48,688:INFO: [TRAIN] Step: 1097 ; Loss: 29.125 ; Acc: 34.320
2018-09-19 15:20:48,812:INFO: [TRAIN] Step: 1098 ; Loss: 26.522 ; Acc: 34.323
2018-09-19 15:20:48,928:INFO: [TRAIN] Step: 1099 ; Loss: 29.381 ; Acc: 34.322
2018-09-19 15:20:49,045:INFO: [TRAIN] Step: 1100 ; Loss: 27.503 ; Acc: 34.332
2018-09-19 15:20:49,160:INFO: [TRAIN] Step: 1101 ; Loss: 26.444 ; Acc: 34.343
2018-09-19 15:20:49,275:INFO: [TRAIN] Step: 1102 ; Loss: 31.646 ; Acc: 34.331
2018-09-19 15:20:49,387:INFO: [TRAIN] Step: 1103 ; Loss: 27.788 ; Acc: 34.341
2018-09-19 15:20:49,503:INFO: [TRAIN] Step: 1104 ; Loss: 26.696 ; Acc: 34.336
2018-09-19 15:20:49,619:INFO: [TRAIN] Step: 1105 ; Loss: 29.046 ; Acc: 34.339
2018-09-19 15:20:49,736:INFO: [TRAIN] Step: 1106 ; Loss: 28.305 ; Acc: 34.357
2018-09-19 15:20:49,851:INFO: [TRAIN] Step: 1107 ; Loss: 33.110 ; Acc: 34.356
2018-09-19 15:20:49,964:INFO: [TRAIN] Step: 1108 ; Loss: 23.453 ; Acc: 34.382
2018-09-19 15:20:50,079:INFO: [TRAIN] Step: 1109 ; Loss: 32.041 ; Acc: 34.377
2018-09-19 15:20:50,190:INFO: [TRAIN] Step: 1110 ; Loss: 28.118 ; Acc: 34.365
2018-09-19 15:20:50,303:INFO: [TRAIN] Step: 1111 ; Loss: 25.229 ; Acc: 34.390
2018-09-19 15:20:50,418:INFO: [TRAIN] Step: 1112 ; Loss: 29.552 ; Acc: 34.385
2018-09-19 15:20:50,532:INFO: [TRAIN] Step: 1113 ; Loss: 29.582 ; Acc: 34.381
2018-09-19 15:20:50,646:INFO: [TRAIN] Step: 1114 ; Loss: 26.519 ; Acc: 34.387
2018-09-19 15:20:50,782:INFO: [TRAIN] Step: 1115 ; Loss: 28.744 ; Acc: 34.379
2018-09-19 15:20:50,892:INFO: [TRAIN] Step: 1116 ; Loss: 26.471 ; Acc: 34.385
2018-09-19 15:20:51,009:INFO: [TRAIN] Step: 1117 ; Loss: 29.816 ; Acc: 34.381
2018-09-19 15:20:51,124:INFO: [TRAIN] Step: 1118 ; Loss: 29.379 ; Acc: 34.387
2018-09-19 15:20:51,242:INFO: [TRAIN] Step: 1119 ; Loss: 25.627 ; Acc: 34.386
2018-09-19 15:20:51,356:INFO: [TRAIN] Step: 1120 ; Loss: 27.704 ; Acc: 34.382
2018-09-19 15:20:51,472:INFO: [TRAIN] Step: 1121 ; Loss: 33.403 ; Acc: 34.381
2018-09-19 15:20:51,588:INFO: [TRAIN] Step: 1122 ; Loss: 35.268 ; Acc: 34.376
2018-09-19 15:20:51,702:INFO: [TRAIN] Step: 1123 ; Loss: 31.579 ; Acc: 34.371
2018-09-19 15:20:51,818:INFO: [TRAIN] Step: 1124 ; Loss: 28.037 ; Acc: 34.367
2018-09-19 15:20:51,929:INFO: [TRAIN] Step: 1125 ; Loss: 25.950 ; Acc: 34.362
2018-09-19 15:20:52,044:INFO: [TRAIN] Step: 1126 ; Loss: 39.182 ; Acc: 34.350
2018-09-19 15:20:52,159:INFO: [TRAIN] Step: 1127 ; Loss: 29.288 ; Acc: 34.331
2018-09-19 15:20:52,271:INFO: [TRAIN] Step: 1128 ; Loss: 26.222 ; Acc: 34.311
2018-09-19 15:20:52,387:INFO: [TRAIN] Step: 1129 ; Loss: 26.704 ; Acc: 34.318
2018-09-19 15:20:52,499:INFO: [TRAIN] Step: 1130 ; Loss: 27.466 ; Acc: 34.317
2018-09-19 15:20:52,616:INFO: [TRAIN] Step: 1131 ; Loss: 28.887 ; Acc: 34.312
2018-09-19 15:20:52,731:INFO: [TRAIN] Step: 1132 ; Loss: 27.766 ; Acc: 34.308
2018-09-19 15:20:52,845:INFO: [TRAIN] Step: 1133 ; Loss: 31.013 ; Acc: 34.292
2018-09-19 15:20:52,956:INFO: [TRAIN] Step: 1134 ; Loss: 25.743 ; Acc: 34.280
2018-09-19 15:20:53,069:INFO: [TRAIN] Step: 1135 ; Loss: 31.312 ; Acc: 34.269
2018-09-19 15:20:53,182:INFO: [TRAIN] Step: 1136 ; Loss: 27.028 ; Acc: 34.257
2018-09-19 15:20:53,293:INFO: [TRAIN] Step: 1137 ; Loss: 26.915 ; Acc: 34.241
2018-09-19 15:20:53,408:INFO: [TRAIN] Step: 1138 ; Loss: 29.802 ; Acc: 34.241
2018-09-19 15:20:53,520:INFO: [TRAIN] Step: 1139 ; Loss: 26.735 ; Acc: 34.247
2018-09-19 15:20:53,633:INFO: [TRAIN] Step: 1140 ; Loss: 26.222 ; Acc: 34.257
2018-09-19 15:20:53,752:INFO: [TRAIN] Step: 1141 ; Loss: 32.071 ; Acc: 34.256
2018-09-19 15:20:53,867:INFO: [TRAIN] Step: 1142 ; Loss: 26.075 ; Acc: 34.263
2018-09-19 15:20:53,983:INFO: [TRAIN] Step: 1143 ; Loss: 25.905 ; Acc: 34.269
2018-09-19 15:20:54,097:INFO: [TRAIN] Step: 1144 ; Loss: 26.438 ; Acc: 34.283
2018-09-19 15:20:54,214:INFO: [TRAIN] Step: 1145 ; Loss: 29.035 ; Acc: 34.279
2018-09-19 15:20:54,329:INFO: [TRAIN] Step: 1146 ; Loss: 28.574 ; Acc: 34.267
2018-09-19 15:20:54,442:INFO: [TRAIN] Step: 1147 ; Loss: 29.064 ; Acc: 34.266
2018-09-19 15:20:54,557:INFO: [TRAIN] Step: 1148 ; Loss: 31.186 ; Acc: 34.258
2018-09-19 15:20:54,672:INFO: [TRAIN] Step: 1149 ; Loss: 30.484 ; Acc: 34.257
2018-09-19 15:20:54,785:INFO: [TRAIN] Step: 1150 ; Loss: 28.471 ; Acc: 34.256
2018-09-19 15:20:54,900:INFO: [TRAIN] Step: 1151 ; Loss: 26.512 ; Acc: 34.274
2018-09-19 15:20:55,012:INFO: [TRAIN] Step: 1152 ; Loss: 28.181 ; Acc: 34.269
2018-09-19 15:20:55,128:INFO: [TRAIN] Step: 1153 ; Loss: 30.267 ; Acc: 34.279
2018-09-19 15:20:55,241:INFO: [TRAIN] Step: 1154 ; Loss: 25.008 ; Acc: 34.297
2018-09-19 15:20:55,359:INFO: [TRAIN] Step: 1155 ; Loss: 25.299 ; Acc: 34.299
2018-09-19 15:20:55,472:INFO: [TRAIN] Step: 1156 ; Loss: 30.088 ; Acc: 34.295
2018-09-19 15:20:55,587:INFO: [TRAIN] Step: 1157 ; Loss: 26.472 ; Acc: 34.298
2018-09-19 15:20:55,702:INFO: [TRAIN] Step: 1158 ; Loss: 29.618 ; Acc: 34.293
2018-09-19 15:20:55,817:INFO: [TRAIN] Step: 1159 ; Loss: 30.425 ; Acc: 34.285
2018-09-19 15:20:55,933:INFO: [TRAIN] Step: 1160 ; Loss: 29.002 ; Acc: 34.274
2018-09-19 15:20:56,048:INFO: [TRAIN] Step: 1161 ; Loss: 30.686 ; Acc: 34.266
2018-09-19 15:20:56,163:INFO: [TRAIN] Step: 1162 ; Loss: 29.819 ; Acc: 34.258
2018-09-19 15:20:56,276:INFO: [TRAIN] Step: 1163 ; Loss: 28.119 ; Acc: 34.264
2018-09-19 15:20:56,392:INFO: [TRAIN] Step: 1164 ; Loss: 27.159 ; Acc: 34.281
2018-09-19 15:20:56,505:INFO: [TRAIN] Step: 1165 ; Loss: 29.138 ; Acc: 34.277
2018-09-19 15:20:56,621:INFO: [TRAIN] Step: 1166 ; Loss: 28.572 ; Acc: 34.283
2018-09-19 15:20:56,735:INFO: [TRAIN] Step: 1167 ; Loss: 29.069 ; Acc: 34.282
2018-09-19 15:20:56,848:INFO: [TRAIN] Step: 1168 ; Loss: 29.421 ; Acc: 34.274
2018-09-19 15:20:56,964:INFO: [TRAIN] Step: 1169 ; Loss: 31.178 ; Acc: 34.274
2018-09-19 15:20:57,078:INFO: [TRAIN] Step: 1170 ; Loss: 26.420 ; Acc: 34.255
2018-09-19 15:20:57,196:INFO: [TRAIN] Step: 1171 ; Loss: 27.817 ; Acc: 34.243
2018-09-19 15:20:57,313:INFO: [TRAIN] Step: 1172 ; Loss: 29.887 ; Acc: 34.243
2018-09-19 15:20:57,426:INFO: [TRAIN] Step: 1173 ; Loss: 24.862 ; Acc: 34.228
2018-09-19 15:20:57,541:INFO: [TRAIN] Step: 1174 ; Loss: 29.241 ; Acc: 34.223
2018-09-19 15:20:57,661:INFO: [TRAIN] Step: 1175 ; Loss: 29.053 ; Acc: 34.230
2018-09-19 15:20:57,779:INFO: [TRAIN] Step: 1176 ; Loss: 28.607 ; Acc: 34.233
2018-09-19 15:20:57,892:INFO: [TRAIN] Step: 1177 ; Loss: 27.428 ; Acc: 34.228
2018-09-19 15:20:58,008:INFO: [TRAIN] Step: 1178 ; Loss: 33.075 ; Acc: 34.220
2018-09-19 15:20:58,124:INFO: [TRAIN] Step: 1179 ; Loss: 26.060 ; Acc: 34.220
2018-09-19 15:20:58,241:INFO: [TRAIN] Step: 1180 ; Loss: 26.512 ; Acc: 34.226
2018-09-19 15:20:58,355:INFO: [TRAIN] Step: 1181 ; Loss: 29.443 ; Acc: 34.222
2018-09-19 15:20:58,470:INFO: [TRAIN] Step: 1182 ; Loss: 28.158 ; Acc: 34.217
2018-09-19 15:20:58,581:INFO: [TRAIN] Step: 1183 ; Loss: 29.211 ; Acc: 34.203
2018-09-19 15:20:58,695:INFO: [TRAIN] Step: 1184 ; Loss: 30.206 ; Acc: 34.188
2018-09-19 15:20:58,811:INFO: [TRAIN] Step: 1185 ; Loss: 26.396 ; Acc: 34.187
2018-09-19 15:20:58,925:INFO: [TRAIN] Step: 1186 ; Loss: 29.305 ; Acc: 34.172
2018-09-19 15:20:59,045:INFO: [TRAIN] Step: 1187 ; Loss: 28.920 ; Acc: 34.158
2018-09-19 15:20:59,158:INFO: [TRAIN] Step: 1188 ; Loss: 28.134 ; Acc: 34.174
2018-09-19 15:20:59,275:INFO: [TRAIN] Step: 1189 ; Loss: 36.717 ; Acc: 34.167
2018-09-19 15:21:04,398:INFO: [EVAL] Step: 1190 ; Loss: 0.301 ; Acc: 0.373
