2018-09-19 15:53:08,489:INFO: ### Model ###
LeNet5(
  (convnet): Sequential(
    (0): Conv2d(1, 6, kernel_size=(5, 5), stride=(1, 1))
    (1): ReLU()
    (2): MaxPool2d(kernel_size=(2, 2), stride=2, padding=0, dilation=1, ceil_mode=False)
    (3): Conv2d(6, 16, kernel_size=(5, 5), stride=(1, 1))
    (4): ReLU()
    (5): MaxPool2d(kernel_size=(2, 2), stride=2, padding=0, dilation=1, ceil_mode=False)
    (6): Conv2d(16, 120, kernel_size=(5, 5), stride=(1, 1))
    (7): ReLU()
    (8): Conv2d(120, 240, kernel_size=(5, 5), stride=(1, 1))
    (9): ReLU()
  )
  (fc): Sequential(
    (0): Linear(in_features=240, out_features=84, bias=True)
    (1): ReLU()
    (2): Linear(in_features=84, out_features=10, bias=True)
  )
)
2018-09-19 15:53:08,490:INFO: ### Optimizer ###
Adam (
Parameter Group 0
    amsgrad: False
    betas: (0.9, 0.999)
    eps: 1e-08
    lr: 0.001
    weight_decay: 0
)
2018-09-19 15:53:08,491:INFO: ### HParams ###
n_epochs: 1 ; data: ferplus ; label: ferplus_votes ; batch_size: 24 ; lr: 0.001 ; wd: 0 ; init: kaiming_he ; eval_steps: 1190
2018-09-19 15:53:08,716:INFO: [TRAIN] Step: 0 ; Loss: 42.016 ; Acc: 12.500
2018-09-19 15:53:08,797:INFO: [TRAIN] Step: 1 ; Loss: 33.584 ; Acc: 8.333
2018-09-19 15:53:08,878:INFO: [TRAIN] Step: 2 ; Loss: 33.488 ; Acc: 18.056
2018-09-19 15:53:08,961:INFO: [TRAIN] Step: 3 ; Loss: 31.835 ; Acc: 20.833
2018-09-19 15:53:09,045:INFO: [TRAIN] Step: 4 ; Loss: 27.409 ; Acc: 23.333
2018-09-19 15:53:09,134:INFO: [TRAIN] Step: 5 ; Loss: 32.089 ; Acc: 21.528
2018-09-19 15:53:09,209:INFO: [TRAIN] Step: 6 ; Loss: 34.744 ; Acc: 23.810
2018-09-19 15:53:09,288:INFO: [TRAIN] Step: 7 ; Loss: 32.416 ; Acc: 24.479
2018-09-19 15:53:09,360:INFO: [TRAIN] Step: 8 ; Loss: 30.018 ; Acc: 25.926
2018-09-19 15:53:09,436:INFO: [TRAIN] Step: 9 ; Loss: 27.844 ; Acc: 27.083
2018-09-19 15:53:09,509:INFO: [TRAIN] Step: 10 ; Loss: 30.580 ; Acc: 27.652
2018-09-19 15:53:09,590:INFO: [TRAIN] Step: 11 ; Loss: 33.020 ; Acc: 28.472
2018-09-19 15:53:09,663:INFO: [TRAIN] Step: 12 ; Loss: 31.541 ; Acc: 27.885
2018-09-19 15:53:09,743:INFO: [TRAIN] Step: 13 ; Loss: 29.634 ; Acc: 28.571
2018-09-19 15:53:09,830:INFO: [TRAIN] Step: 14 ; Loss: 27.467 ; Acc: 29.167
2018-09-19 15:53:09,912:INFO: [TRAIN] Step: 15 ; Loss: 29.637 ; Acc: 29.688
2018-09-19 15:53:09,983:INFO: [TRAIN] Step: 16 ; Loss: 27.288 ; Acc: 31.127
2018-09-19 15:53:10,059:INFO: [TRAIN] Step: 17 ; Loss: 34.754 ; Acc: 30.324
2018-09-19 15:53:10,129:INFO: [TRAIN] Step: 18 ; Loss: 31.136 ; Acc: 30.921
2018-09-19 15:53:10,207:INFO: [TRAIN] Step: 19 ; Loss: 27.859 ; Acc: 31.250
2018-09-19 15:53:10,280:INFO: [TRAIN] Step: 20 ; Loss: 23.935 ; Acc: 32.143
2018-09-19 15:53:10,360:INFO: [TRAIN] Step: 21 ; Loss: 31.071 ; Acc: 31.818
2018-09-19 15:53:10,438:INFO: [TRAIN] Step: 22 ; Loss: 28.893 ; Acc: 32.065
2018-09-19 15:53:10,524:INFO: [TRAIN] Step: 23 ; Loss: 31.321 ; Acc: 31.944
2018-09-19 15:53:10,600:INFO: [TRAIN] Step: 24 ; Loss: 30.479 ; Acc: 31.667
2018-09-19 15:53:10,685:INFO: [TRAIN] Step: 25 ; Loss: 29.651 ; Acc: 31.250
2018-09-19 15:53:10,777:INFO: [TRAIN] Step: 26 ; Loss: 23.330 ; Acc: 31.944
2018-09-19 15:53:10,865:INFO: [TRAIN] Step: 27 ; Loss: 26.193 ; Acc: 31.696
2018-09-19 15:53:10,942:INFO: [TRAIN] Step: 28 ; Loss: 28.181 ; Acc: 31.609
2018-09-19 15:53:11,022:INFO: [TRAIN] Step: 29 ; Loss: 27.882 ; Acc: 31.528
2018-09-19 15:53:11,096:INFO: [TRAIN] Step: 30 ; Loss: 31.830 ; Acc: 31.183
2018-09-19 15:53:11,173:INFO: [TRAIN] Step: 31 ; Loss: 29.270 ; Acc: 30.859
2018-09-19 15:53:11,250:INFO: [TRAIN] Step: 32 ; Loss: 26.597 ; Acc: 31.313
2018-09-19 15:53:11,351:INFO: [TRAIN] Step: 33 ; Loss: 29.192 ; Acc: 31.373
2018-09-19 15:53:11,456:INFO: [TRAIN] Step: 34 ; Loss: 29.092 ; Acc: 31.190
2018-09-19 15:53:11,564:INFO: [TRAIN] Step: 35 ; Loss: 29.517 ; Acc: 31.366
2018-09-19 15:53:11,669:INFO: [TRAIN] Step: 36 ; Loss: 28.687 ; Acc: 31.644
2018-09-19 15:53:11,770:INFO: [TRAIN] Step: 37 ; Loss: 31.021 ; Acc: 31.908
2018-09-19 15:53:11,873:INFO: [TRAIN] Step: 38 ; Loss: 28.532 ; Acc: 32.051
2018-09-19 15:53:11,979:INFO: [TRAIN] Step: 39 ; Loss: 28.604 ; Acc: 32.188
2018-09-19 15:53:12,077:INFO: [TRAIN] Step: 40 ; Loss: 30.092 ; Acc: 32.520
2018-09-19 15:53:12,167:INFO: [TRAIN] Step: 41 ; Loss: 29.223 ; Acc: 32.341
2018-09-19 15:53:12,304:INFO: [TRAIN] Step: 42 ; Loss: 27.943 ; Acc: 32.364
2018-09-19 15:53:12,412:INFO: [TRAIN] Step: 43 ; Loss: 24.981 ; Acc: 32.292
2018-09-19 15:53:12,495:INFO: [TRAIN] Step: 44 ; Loss: 25.379 ; Acc: 32.963
2018-09-19 15:53:12,568:INFO: [TRAIN] Step: 45 ; Loss: 30.161 ; Acc: 33.062
2018-09-19 15:53:12,649:INFO: [TRAIN] Step: 46 ; Loss: 27.674 ; Acc: 33.156
2018-09-19 15:53:12,723:INFO: [TRAIN] Step: 47 ; Loss: 27.359 ; Acc: 33.160
2018-09-19 15:53:12,810:INFO: [TRAIN] Step: 48 ; Loss: 27.432 ; Acc: 32.908
2018-09-19 15:53:12,891:INFO: [TRAIN] Step: 49 ; Loss: 22.904 ; Acc: 33.333
2018-09-19 15:53:13,007:INFO: [TRAIN] Step: 50 ; Loss: 32.555 ; Acc: 33.333
2018-09-19 15:53:13,099:INFO: [TRAIN] Step: 51 ; Loss: 25.117 ; Acc: 33.574
2018-09-19 15:53:13,198:INFO: [TRAIN] Step: 52 ; Loss: 31.658 ; Acc: 33.333
2018-09-19 15:53:13,271:INFO: [TRAIN] Step: 53 ; Loss: 26.160 ; Acc: 33.410
2018-09-19 15:53:13,353:INFO: [TRAIN] Step: 54 ; Loss: 24.833 ; Acc: 33.409
2018-09-19 15:53:13,428:INFO: [TRAIN] Step: 55 ; Loss: 22.461 ; Acc: 34.003
2018-09-19 15:53:13,519:INFO: [TRAIN] Step: 56 ; Loss: 26.689 ; Acc: 34.211
2018-09-19 15:53:13,597:INFO: [TRAIN] Step: 57 ; Loss: 34.780 ; Acc: 34.124
2018-09-19 15:53:13,685:INFO: [TRAIN] Step: 58 ; Loss: 25.814 ; Acc: 34.251
2018-09-19 15:53:13,783:INFO: [TRAIN] Step: 59 ; Loss: 25.840 ; Acc: 34.375
2018-09-19 15:53:13,887:INFO: [TRAIN] Step: 60 ; Loss: 23.905 ; Acc: 34.836
2018-09-19 15:53:13,974:INFO: [TRAIN] Step: 61 ; Loss: 23.461 ; Acc: 35.081
2018-09-19 15:53:14,055:INFO: [TRAIN] Step: 62 ; Loss: 29.906 ; Acc: 35.119
2018-09-19 15:53:14,130:INFO: [TRAIN] Step: 63 ; Loss: 26.387 ; Acc: 35.286
2018-09-19 15:53:14,210:INFO: [TRAIN] Step: 64 ; Loss: 28.216 ; Acc: 35.449
2018-09-19 15:53:14,283:INFO: [TRAIN] Step: 65 ; Loss: 28.432 ; Acc: 35.669
2018-09-19 15:53:14,370:INFO: [TRAIN] Step: 66 ; Loss: 23.422 ; Acc: 36.007
2018-09-19 15:53:14,446:INFO: [TRAIN] Step: 67 ; Loss: 26.255 ; Acc: 36.458
2018-09-19 15:53:14,532:INFO: [TRAIN] Step: 68 ; Loss: 20.418 ; Acc: 36.957
2018-09-19 15:53:14,604:INFO: [TRAIN] Step: 69 ; Loss: 27.950 ; Acc: 37.262
2018-09-19 15:53:14,683:INFO: [TRAIN] Step: 70 ; Loss: 30.662 ; Acc: 37.324
2018-09-19 15:53:14,757:INFO: [TRAIN] Step: 71 ; Loss: 26.725 ; Acc: 37.616
2018-09-19 15:53:14,837:INFO: [TRAIN] Step: 72 ; Loss: 27.500 ; Acc: 37.557
2018-09-19 15:53:14,913:INFO: [TRAIN] Step: 73 ; Loss: 20.838 ; Acc: 37.782
2018-09-19 15:53:14,993:INFO: [TRAIN] Step: 74 ; Loss: 26.433 ; Acc: 37.611
2018-09-19 15:53:15,070:INFO: [TRAIN] Step: 75 ; Loss: 32.583 ; Acc: 37.555
2018-09-19 15:53:15,150:INFO: [TRAIN] Step: 76 ; Loss: 24.086 ; Acc: 37.771
2018-09-19 15:53:15,223:INFO: [TRAIN] Step: 77 ; Loss: 24.308 ; Acc: 38.034
2018-09-19 15:53:15,302:INFO: [TRAIN] Step: 78 ; Loss: 25.409 ; Acc: 38.186
2018-09-19 15:53:15,373:INFO: [TRAIN] Step: 79 ; Loss: 25.574 ; Acc: 38.229
2018-09-19 15:53:15,460:INFO: [TRAIN] Step: 80 ; Loss: 22.380 ; Acc: 38.477
2018-09-19 15:53:15,547:INFO: [TRAIN] Step: 81 ; Loss: 29.947 ; Acc: 38.465
2018-09-19 15:53:15,636:INFO: [TRAIN] Step: 82 ; Loss: 25.156 ; Acc: 38.604
2018-09-19 15:53:15,712:INFO: [TRAIN] Step: 83 ; Loss: 28.931 ; Acc: 38.740
2018-09-19 15:53:15,804:INFO: [TRAIN] Step: 84 ; Loss: 31.061 ; Acc: 38.775
2018-09-19 15:53:15,884:INFO: [TRAIN] Step: 85 ; Loss: 28.977 ; Acc: 38.953
2018-09-19 15:53:15,964:INFO: [TRAIN] Step: 86 ; Loss: 26.144 ; Acc: 39.128
2018-09-19 15:53:16,048:INFO: [TRAIN] Step: 87 ; Loss: 31.913 ; Acc: 39.015
2018-09-19 15:53:16,126:INFO: [TRAIN] Step: 88 ; Loss: 26.827 ; Acc: 38.951
2018-09-19 15:53:16,211:INFO: [TRAIN] Step: 89 ; Loss: 23.758 ; Acc: 38.981
2018-09-19 15:53:16,292:INFO: [TRAIN] Step: 90 ; Loss: 20.923 ; Acc: 39.194
2018-09-19 15:53:16,365:INFO: [TRAIN] Step: 91 ; Loss: 29.146 ; Acc: 39.130
2018-09-19 15:53:16,446:INFO: [TRAIN] Step: 92 ; Loss: 25.022 ; Acc: 39.158
2018-09-19 15:53:16,519:INFO: [TRAIN] Step: 93 ; Loss: 22.813 ; Acc: 39.273
2018-09-19 15:53:16,600:INFO: [TRAIN] Step: 94 ; Loss: 26.786 ; Acc: 39.430
2018-09-19 15:53:16,679:INFO: [TRAIN] Step: 95 ; Loss: 26.663 ; Acc: 39.497
2018-09-19 15:53:16,757:INFO: [TRAIN] Step: 96 ; Loss: 24.049 ; Acc: 39.605
2018-09-19 15:53:16,831:INFO: [TRAIN] Step: 97 ; Loss: 24.296 ; Acc: 39.626
2018-09-19 15:53:16,913:INFO: [TRAIN] Step: 98 ; Loss: 25.709 ; Acc: 39.689
2018-09-19 15:53:16,984:INFO: [TRAIN] Step: 99 ; Loss: 25.046 ; Acc: 39.792
2018-09-19 15:53:17,063:INFO: [TRAIN] Step: 100 ; Loss: 26.294 ; Acc: 39.769
2018-09-19 15:53:17,135:INFO: [TRAIN] Step: 101 ; Loss: 24.709 ; Acc: 39.869
2018-09-19 15:53:17,215:INFO: [TRAIN] Step: 102 ; Loss: 23.529 ; Acc: 39.887
2018-09-19 15:53:17,288:INFO: [TRAIN] Step: 103 ; Loss: 26.723 ; Acc: 40.104
2018-09-19 15:53:17,367:INFO: [TRAIN] Step: 104 ; Loss: 26.891 ; Acc: 40.119
2018-09-19 15:53:17,442:INFO: [TRAIN] Step: 105 ; Loss: 26.902 ; Acc: 40.173
2018-09-19 15:53:17,529:INFO: [TRAIN] Step: 106 ; Loss: 24.586 ; Acc: 40.304
2018-09-19 15:53:17,611:INFO: [TRAIN] Step: 107 ; Loss: 25.910 ; Acc: 40.432
2018-09-19 15:53:17,691:INFO: [TRAIN] Step: 108 ; Loss: 25.727 ; Acc: 40.558
2018-09-19 15:53:17,768:INFO: [TRAIN] Step: 109 ; Loss: 28.215 ; Acc: 40.492
2018-09-19 15:53:17,845:INFO: [TRAIN] Step: 110 ; Loss: 29.608 ; Acc: 40.353
2018-09-19 15:53:17,921:INFO: [TRAIN] Step: 111 ; Loss: 21.417 ; Acc: 40.513
2018-09-19 15:53:18,003:INFO: [TRAIN] Step: 112 ; Loss: 23.743 ; Acc: 40.597
2018-09-19 15:53:18,078:INFO: [TRAIN] Step: 113 ; Loss: 24.206 ; Acc: 40.680
2018-09-19 15:53:18,160:INFO: [TRAIN] Step: 114 ; Loss: 28.368 ; Acc: 40.797
2018-09-19 15:53:18,234:INFO: [TRAIN] Step: 115 ; Loss: 30.261 ; Acc: 40.697
2018-09-19 15:53:18,317:INFO: [TRAIN] Step: 116 ; Loss: 26.437 ; Acc: 40.670
2018-09-19 15:53:18,392:INFO: [TRAIN] Step: 117 ; Loss: 25.773 ; Acc: 40.749
2018-09-19 15:53:18,470:INFO: [TRAIN] Step: 118 ; Loss: 24.640 ; Acc: 40.756
2018-09-19 15:53:18,543:INFO: [TRAIN] Step: 119 ; Loss: 20.575 ; Acc: 40.972
2018-09-19 15:53:18,625:INFO: [TRAIN] Step: 120 ; Loss: 24.924 ; Acc: 41.150
2018-09-19 15:53:18,699:INFO: [TRAIN] Step: 121 ; Loss: 25.097 ; Acc: 41.291
2018-09-19 15:53:18,788:INFO: [TRAIN] Step: 122 ; Loss: 24.339 ; Acc: 41.430
2018-09-19 15:53:18,874:INFO: [TRAIN] Step: 123 ; Loss: 24.467 ; Acc: 41.499
2018-09-19 15:53:18,956:INFO: [TRAIN] Step: 124 ; Loss: 28.479 ; Acc: 41.500
2018-09-19 15:53:19,034:INFO: [TRAIN] Step: 125 ; Loss: 22.777 ; Acc: 41.601
2018-09-19 15:53:19,115:INFO: [TRAIN] Step: 126 ; Loss: 24.345 ; Acc: 41.699
2018-09-19 15:53:19,189:INFO: [TRAIN] Step: 127 ; Loss: 23.442 ; Acc: 41.764
2018-09-19 15:53:19,268:INFO: [TRAIN] Step: 128 ; Loss: 21.463 ; Acc: 41.828
2018-09-19 15:53:19,342:INFO: [TRAIN] Step: 129 ; Loss: 25.081 ; Acc: 41.859
2018-09-19 15:53:19,423:INFO: [TRAIN] Step: 130 ; Loss: 21.725 ; Acc: 41.953
2018-09-19 15:53:19,500:INFO: [TRAIN] Step: 131 ; Loss: 25.069 ; Acc: 42.014
2018-09-19 15:53:19,580:INFO: [TRAIN] Step: 132 ; Loss: 22.675 ; Acc: 42.074
2018-09-19 15:53:19,655:INFO: [TRAIN] Step: 133 ; Loss: 26.267 ; Acc: 42.164
2018-09-19 15:53:19,737:INFO: [TRAIN] Step: 134 ; Loss: 21.448 ; Acc: 42.284
2018-09-19 15:53:19,812:INFO: [TRAIN] Step: 135 ; Loss: 23.542 ; Acc: 42.341
2018-09-19 15:53:19,896:INFO: [TRAIN] Step: 136 ; Loss: 26.078 ; Acc: 42.397
2018-09-19 15:53:19,970:INFO: [TRAIN] Step: 137 ; Loss: 28.343 ; Acc: 42.482
2018-09-19 15:53:20,050:INFO: [TRAIN] Step: 138 ; Loss: 27.022 ; Acc: 42.446
2018-09-19 15:53:20,123:INFO: [TRAIN] Step: 139 ; Loss: 27.721 ; Acc: 42.470
2018-09-19 15:53:20,204:INFO: [TRAIN] Step: 140 ; Loss: 23.651 ; Acc: 42.553
2018-09-19 15:53:20,277:INFO: [TRAIN] Step: 141 ; Loss: 22.481 ; Acc: 42.606
2018-09-19 15:53:20,360:INFO: [TRAIN] Step: 142 ; Loss: 21.005 ; Acc: 42.657
2018-09-19 15:53:20,435:INFO: [TRAIN] Step: 143 ; Loss: 27.714 ; Acc: 42.708
2018-09-19 15:53:20,514:INFO: [TRAIN] Step: 144 ; Loss: 26.859 ; Acc: 42.672
2018-09-19 15:53:20,587:INFO: [TRAIN] Step: 145 ; Loss: 24.202 ; Acc: 42.780
2018-09-19 15:53:20,675:INFO: [TRAIN] Step: 146 ; Loss: 26.526 ; Acc: 42.687
2018-09-19 15:53:20,755:INFO: [TRAIN] Step: 147 ; Loss: 18.123 ; Acc: 42.793
2018-09-19 15:53:20,838:INFO: [TRAIN] Step: 148 ; Loss: 25.614 ; Acc: 42.757
2018-09-19 15:53:20,919:INFO: [TRAIN] Step: 149 ; Loss: 20.908 ; Acc: 42.889
2018-09-19 15:53:21,002:INFO: [TRAIN] Step: 150 ; Loss: 20.856 ; Acc: 43.019
2018-09-19 15:53:21,081:INFO: [TRAIN] Step: 151 ; Loss: 25.658 ; Acc: 43.065
2018-09-19 15:53:21,164:INFO: [TRAIN] Step: 152 ; Loss: 25.149 ; Acc: 43.083
2018-09-19 15:53:21,236:INFO: [TRAIN] Step: 153 ; Loss: 25.347 ; Acc: 43.182
2018-09-19 15:53:21,319:INFO: [TRAIN] Step: 154 ; Loss: 23.463 ; Acc: 43.226
2018-09-19 15:53:21,393:INFO: [TRAIN] Step: 155 ; Loss: 25.642 ; Acc: 43.216
2018-09-19 15:53:21,475:INFO: [TRAIN] Step: 156 ; Loss: 27.651 ; Acc: 43.259
2018-09-19 15:53:21,553:INFO: [TRAIN] Step: 157 ; Loss: 21.859 ; Acc: 43.275
2018-09-19 15:53:21,635:INFO: [TRAIN] Step: 158 ; Loss: 21.771 ; Acc: 43.396
2018-09-19 15:53:21,707:INFO: [TRAIN] Step: 159 ; Loss: 26.056 ; Acc: 43.490
2018-09-19 15:53:21,788:INFO: [TRAIN] Step: 160 ; Loss: 19.408 ; Acc: 43.608
2018-09-19 15:53:21,870:INFO: [TRAIN] Step: 161 ; Loss: 19.270 ; Acc: 43.776
2018-09-19 15:53:21,952:INFO: [TRAIN] Step: 162 ; Loss: 20.357 ; Acc: 43.916
2018-09-19 15:53:22,026:INFO: [TRAIN] Step: 163 ; Loss: 23.626 ; Acc: 43.953
2018-09-19 15:53:22,108:INFO: [TRAIN] Step: 164 ; Loss: 26.734 ; Acc: 43.889
2018-09-19 15:53:22,183:INFO: [TRAIN] Step: 165 ; Loss: 24.273 ; Acc: 43.876
2018-09-19 15:53:22,262:INFO: [TRAIN] Step: 166 ; Loss: 22.603 ; Acc: 43.937
2018-09-19 15:53:22,336:INFO: [TRAIN] Step: 167 ; Loss: 21.994 ; Acc: 43.998
2018-09-19 15:53:22,416:INFO: [TRAIN] Step: 168 ; Loss: 30.311 ; Acc: 43.935
2018-09-19 15:53:22,491:INFO: [TRAIN] Step: 169 ; Loss: 20.922 ; Acc: 43.995
2018-09-19 15:53:22,575:INFO: [TRAIN] Step: 170 ; Loss: 22.846 ; Acc: 44.103
2018-09-19 15:53:22,650:INFO: [TRAIN] Step: 171 ; Loss: 20.206 ; Acc: 44.138
2018-09-19 15:53:22,737:INFO: [TRAIN] Step: 172 ; Loss: 23.100 ; Acc: 44.244
2018-09-19 15:53:22,811:INFO: [TRAIN] Step: 173 ; Loss: 23.192 ; Acc: 44.277
2018-09-19 15:53:22,899:INFO: [TRAIN] Step: 174 ; Loss: 22.221 ; Acc: 44.286
2018-09-19 15:53:22,982:INFO: [TRAIN] Step: 175 ; Loss: 26.876 ; Acc: 44.318
2018-09-19 15:53:23,063:INFO: [TRAIN] Step: 176 ; Loss: 22.577 ; Acc: 44.350
2018-09-19 15:53:23,136:INFO: [TRAIN] Step: 177 ; Loss: 26.975 ; Acc: 44.476
2018-09-19 15:53:23,218:INFO: [TRAIN] Step: 178 ; Loss: 21.886 ; Acc: 44.483
2018-09-19 15:53:23,292:INFO: [TRAIN] Step: 179 ; Loss: 25.280 ; Acc: 44.444
2018-09-19 15:53:23,375:INFO: [TRAIN] Step: 180 ; Loss: 24.917 ; Acc: 44.429
2018-09-19 15:53:23,451:INFO: [TRAIN] Step: 181 ; Loss: 21.116 ; Acc: 44.483
2018-09-19 15:53:23,532:INFO: [TRAIN] Step: 182 ; Loss: 19.599 ; Acc: 44.581
2018-09-19 15:53:23,606:INFO: [TRAIN] Step: 183 ; Loss: 20.448 ; Acc: 44.701
2018-09-19 15:53:23,687:INFO: [TRAIN] Step: 184 ; Loss: 20.733 ; Acc: 44.775
2018-09-19 15:53:23,760:INFO: [TRAIN] Step: 185 ; Loss: 22.973 ; Acc: 44.780
2018-09-19 15:53:23,841:INFO: [TRAIN] Step: 186 ; Loss: 28.802 ; Acc: 44.697
2018-09-19 15:53:23,919:INFO: [TRAIN] Step: 187 ; Loss: 23.540 ; Acc: 44.725
2018-09-19 15:53:24,000:INFO: [TRAIN] Step: 188 ; Loss: 25.754 ; Acc: 44.687
2018-09-19 15:53:24,086:INFO: [TRAIN] Step: 189 ; Loss: 19.519 ; Acc: 44.781
2018-09-19 15:53:24,167:INFO: [TRAIN] Step: 190 ; Loss: 22.489 ; Acc: 44.873
2018-09-19 15:53:24,249:INFO: [TRAIN] Step: 191 ; Loss: 23.949 ; Acc: 44.944
2018-09-19 15:53:24,335:INFO: [TRAIN] Step: 192 ; Loss: 19.630 ; Acc: 45.078
2018-09-19 15:53:24,412:INFO: [TRAIN] Step: 193 ; Loss: 28.139 ; Acc: 45.060
2018-09-19 15:53:24,494:INFO: [TRAIN] Step: 194 ; Loss: 26.376 ; Acc: 45.064
2018-09-19 15:53:24,572:INFO: [TRAIN] Step: 195 ; Loss: 25.406 ; Acc: 45.047
2018-09-19 15:53:24,654:INFO: [TRAIN] Step: 196 ; Loss: 25.236 ; Acc: 45.093
2018-09-19 15:53:24,731:INFO: [TRAIN] Step: 197 ; Loss: 24.442 ; Acc: 45.076
2018-09-19 15:53:24,810:INFO: [TRAIN] Step: 198 ; Loss: 20.715 ; Acc: 45.059
2018-09-19 15:53:24,885:INFO: [TRAIN] Step: 199 ; Loss: 30.488 ; Acc: 45.062
2018-09-19 15:53:24,963:INFO: [TRAIN] Step: 200 ; Loss: 23.299 ; Acc: 45.129
2018-09-19 15:53:25,038:INFO: [TRAIN] Step: 201 ; Loss: 20.648 ; Acc: 45.173
2018-09-19 15:53:25,140:INFO: [TRAIN] Step: 202 ; Loss: 19.383 ; Acc: 45.218
2018-09-19 15:53:25,230:INFO: [TRAIN] Step: 203 ; Loss: 19.308 ; Acc: 45.343
2018-09-19 15:53:25,308:INFO: [TRAIN] Step: 204 ; Loss: 21.563 ; Acc: 45.407
2018-09-19 15:53:25,389:INFO: [TRAIN] Step: 205 ; Loss: 25.794 ; Acc: 45.449
2018-09-19 15:53:25,468:INFO: [TRAIN] Step: 206 ; Loss: 15.968 ; Acc: 45.632
2018-09-19 15:53:25,547:INFO: [TRAIN] Step: 207 ; Loss: 24.471 ; Acc: 45.673
2018-09-19 15:53:25,633:INFO: [TRAIN] Step: 208 ; Loss: 29.869 ; Acc: 45.634
2018-09-19 15:53:25,715:INFO: [TRAIN] Step: 209 ; Loss: 24.442 ; Acc: 45.635
2018-09-19 15:53:25,808:INFO: [TRAIN] Step: 210 ; Loss: 25.342 ; Acc: 45.636
2018-09-19 15:53:25,886:INFO: [TRAIN] Step: 211 ; Loss: 25.685 ; Acc: 45.656
2018-09-19 15:53:25,970:INFO: [TRAIN] Step: 212 ; Loss: 23.488 ; Acc: 45.755
2018-09-19 15:53:26,046:INFO: [TRAIN] Step: 213 ; Loss: 18.171 ; Acc: 45.872
2018-09-19 15:53:26,126:INFO: [TRAIN] Step: 214 ; Loss: 22.234 ; Acc: 45.891
2018-09-19 15:53:26,207:INFO: [TRAIN] Step: 215 ; Loss: 25.631 ; Acc: 45.949
2018-09-19 15:53:26,292:INFO: [TRAIN] Step: 216 ; Loss: 20.940 ; Acc: 46.045
2018-09-19 15:53:26,370:INFO: [TRAIN] Step: 217 ; Loss: 23.712 ; Acc: 46.082
2018-09-19 15:53:26,448:INFO: [TRAIN] Step: 218 ; Loss: 20.745 ; Acc: 46.157
2018-09-19 15:53:26,524:INFO: [TRAIN] Step: 219 ; Loss: 28.740 ; Acc: 46.080
2018-09-19 15:53:26,607:INFO: [TRAIN] Step: 220 ; Loss: 26.159 ; Acc: 46.078
2018-09-19 15:53:26,685:INFO: [TRAIN] Step: 221 ; Loss: 23.343 ; Acc: 46.152
2018-09-19 15:53:26,766:INFO: [TRAIN] Step: 222 ; Loss: 26.175 ; Acc: 46.207
2018-09-19 15:53:26,838:INFO: [TRAIN] Step: 223 ; Loss: 21.249 ; Acc: 46.243
2018-09-19 15:53:26,917:INFO: [TRAIN] Step: 224 ; Loss: 23.104 ; Acc: 46.315
2018-09-19 15:53:26,992:INFO: [TRAIN] Step: 225 ; Loss: 20.847 ; Acc: 46.331
2018-09-19 15:53:27,072:INFO: [TRAIN] Step: 226 ; Loss: 20.069 ; Acc: 46.384
2018-09-19 15:53:27,146:INFO: [TRAIN] Step: 227 ; Loss: 27.947 ; Acc: 46.290
2018-09-19 15:53:27,229:INFO: [TRAIN] Step: 228 ; Loss: 21.987 ; Acc: 46.288
2018-09-19 15:53:27,302:INFO: [TRAIN] Step: 229 ; Loss: 24.330 ; Acc: 46.322
2018-09-19 15:53:27,381:INFO: [TRAIN] Step: 230 ; Loss: 21.923 ; Acc: 46.392
2018-09-19 15:53:27,455:INFO: [TRAIN] Step: 231 ; Loss: 21.430 ; Acc: 46.462
2018-09-19 15:53:27,537:INFO: [TRAIN] Step: 232 ; Loss: 21.412 ; Acc: 46.513
2018-09-19 15:53:27,611:INFO: [TRAIN] Step: 233 ; Loss: 26.089 ; Acc: 46.457
2018-09-19 15:53:27,690:INFO: [TRAIN] Step: 234 ; Loss: 19.798 ; Acc: 46.507
2018-09-19 15:53:27,762:INFO: [TRAIN] Step: 235 ; Loss: 19.047 ; Acc: 46.628
2018-09-19 15:53:27,842:INFO: [TRAIN] Step: 236 ; Loss: 23.553 ; Acc: 46.624
2018-09-19 15:53:27,914:INFO: [TRAIN] Step: 237 ; Loss: 25.916 ; Acc: 46.621
2018-09-19 15:53:27,993:INFO: [TRAIN] Step: 238 ; Loss: 28.012 ; Acc: 46.635
2018-09-19 15:53:28,076:INFO: [TRAIN] Step: 239 ; Loss: 24.654 ; Acc: 46.649
2018-09-19 15:53:28,154:INFO: [TRAIN] Step: 240 ; Loss: 23.183 ; Acc: 46.646
2018-09-19 15:53:28,229:INFO: [TRAIN] Step: 241 ; Loss: 22.334 ; Acc: 46.660
2018-09-19 15:53:28,308:INFO: [TRAIN] Step: 242 ; Loss: 24.789 ; Acc: 46.674
2018-09-19 15:53:28,382:INFO: [TRAIN] Step: 243 ; Loss: 21.112 ; Acc: 46.670
2018-09-19 15:53:28,463:INFO: [TRAIN] Step: 244 ; Loss: 24.975 ; Acc: 46.735
2018-09-19 15:53:28,537:INFO: [TRAIN] Step: 245 ; Loss: 22.817 ; Acc: 46.765
2018-09-19 15:53:28,619:INFO: [TRAIN] Step: 246 ; Loss: 23.015 ; Acc: 46.795
2018-09-19 15:53:28,693:INFO: [TRAIN] Step: 247 ; Loss: 20.577 ; Acc: 46.825
2018-09-19 15:53:28,780:INFO: [TRAIN] Step: 248 ; Loss: 19.202 ; Acc: 46.888
2018-09-19 15:53:28,856:INFO: [TRAIN] Step: 249 ; Loss: 20.033 ; Acc: 46.950
2018-09-19 15:53:28,937:INFO: [TRAIN] Step: 250 ; Loss: 19.393 ; Acc: 47.012
2018-09-19 15:53:29,012:INFO: [TRAIN] Step: 251 ; Loss: 23.947 ; Acc: 47.024
2018-09-19 15:53:29,095:INFO: [TRAIN] Step: 252 ; Loss: 21.137 ; Acc: 47.052
2018-09-19 15:53:29,169:INFO: [TRAIN] Step: 253 ; Loss: 25.644 ; Acc: 47.014
2018-09-19 15:53:29,258:INFO: [TRAIN] Step: 254 ; Loss: 19.279 ; Acc: 47.026
2018-09-19 15:53:29,333:INFO: [TRAIN] Step: 255 ; Loss: 20.131 ; Acc: 47.119
2018-09-19 15:53:29,416:INFO: [TRAIN] Step: 256 ; Loss: 23.508 ; Acc: 47.114
2018-09-19 15:53:29,491:INFO: [TRAIN] Step: 257 ; Loss: 23.391 ; Acc: 47.077
2018-09-19 15:53:29,571:INFO: [TRAIN] Step: 258 ; Loss: 21.329 ; Acc: 47.120
2018-09-19 15:53:29,645:INFO: [TRAIN] Step: 259 ; Loss: 19.693 ; Acc: 47.196
2018-09-19 15:53:29,726:INFO: [TRAIN] Step: 260 ; Loss: 19.177 ; Acc: 47.254
2018-09-19 15:53:29,800:INFO: [TRAIN] Step: 261 ; Loss: 22.116 ; Acc: 47.328
2018-09-19 15:53:29,880:INFO: [TRAIN] Step: 262 ; Loss: 20.666 ; Acc: 47.370
2018-09-19 15:53:29,954:INFO: [TRAIN] Step: 263 ; Loss: 27.910 ; Acc: 47.412
2018-09-19 15:53:30,037:INFO: [TRAIN] Step: 264 ; Loss: 21.355 ; Acc: 47.453
2018-09-19 15:53:30,116:INFO: [TRAIN] Step: 265 ; Loss: 19.342 ; Acc: 47.494
2018-09-19 15:53:30,197:INFO: [TRAIN] Step: 266 ; Loss: 20.660 ; Acc: 47.534
2018-09-19 15:53:30,270:INFO: [TRAIN] Step: 267 ; Loss: 21.433 ; Acc: 47.575
2018-09-19 15:53:30,350:INFO: [TRAIN] Step: 268 ; Loss: 21.158 ; Acc: 47.599
2018-09-19 15:53:30,424:INFO: [TRAIN] Step: 269 ; Loss: 19.477 ; Acc: 47.639
2018-09-19 15:53:30,506:INFO: [TRAIN] Step: 270 ; Loss: 21.595 ; Acc: 47.678
2018-09-19 15:53:30,583:INFO: [TRAIN] Step: 271 ; Loss: 19.813 ; Acc: 47.672
2018-09-19 15:53:30,659:INFO: [TRAIN] Step: 272 ; Loss: 20.258 ; Acc: 47.741
2018-09-19 15:53:30,732:INFO: [TRAIN] Step: 273 ; Loss: 20.601 ; Acc: 47.795
2018-09-19 15:53:30,817:INFO: [TRAIN] Step: 274 ; Loss: 25.985 ; Acc: 47.758
2018-09-19 15:53:30,892:INFO: [TRAIN] Step: 275 ; Loss: 21.693 ; Acc: 47.796
2018-09-19 15:53:30,978:INFO: [TRAIN] Step: 276 ; Loss: 20.721 ; Acc: 47.789
2018-09-19 15:53:31,055:INFO: [TRAIN] Step: 277 ; Loss: 25.215 ; Acc: 47.767
2018-09-19 15:53:31,142:INFO: [TRAIN] Step: 278 ; Loss: 21.418 ; Acc: 47.805
2018-09-19 15:53:31,217:INFO: [TRAIN] Step: 279 ; Loss: 19.333 ; Acc: 47.857
2018-09-19 15:53:31,304:INFO: [TRAIN] Step: 280 ; Loss: 21.852 ; Acc: 47.909
2018-09-19 15:53:31,377:INFO: [TRAIN] Step: 281 ; Loss: 25.464 ; Acc: 47.931
2018-09-19 15:53:31,470:INFO: [TRAIN] Step: 282 ; Loss: 16.317 ; Acc: 48.027
2018-09-19 15:53:31,545:INFO: [TRAIN] Step: 283 ; Loss: 27.327 ; Acc: 47.990
2018-09-19 15:53:31,636:INFO: [TRAIN] Step: 284 ; Loss: 19.011 ; Acc: 47.997
2018-09-19 15:53:31,715:INFO: [TRAIN] Step: 285 ; Loss: 22.234 ; Acc: 48.004
2018-09-19 15:53:31,804:INFO: [TRAIN] Step: 286 ; Loss: 17.106 ; Acc: 48.098
2018-09-19 15:53:31,879:INFO: [TRAIN] Step: 287 ; Loss: 23.827 ; Acc: 48.119
2018-09-19 15:53:31,958:INFO: [TRAIN] Step: 288 ; Loss: 21.409 ; Acc: 48.082
2018-09-19 15:53:32,032:INFO: [TRAIN] Step: 289 ; Loss: 21.087 ; Acc: 48.175
2018-09-19 15:53:32,109:INFO: [TRAIN] Step: 290 ; Loss: 20.165 ; Acc: 48.196
2018-09-19 15:53:32,180:INFO: [TRAIN] Step: 291 ; Loss: 17.462 ; Acc: 48.259
2018-09-19 15:53:32,264:INFO: [TRAIN] Step: 292 ; Loss: 25.784 ; Acc: 48.208
2018-09-19 15:53:32,335:INFO: [TRAIN] Step: 293 ; Loss: 21.913 ; Acc: 48.228
2018-09-19 15:53:32,414:INFO: [TRAIN] Step: 294 ; Loss: 26.992 ; Acc: 48.192
2018-09-19 15:53:32,488:INFO: [TRAIN] Step: 295 ; Loss: 20.380 ; Acc: 48.240
2018-09-19 15:53:32,566:INFO: [TRAIN] Step: 296 ; Loss: 22.790 ; Acc: 48.260
2018-09-19 15:53:32,643:INFO: [TRAIN] Step: 297 ; Loss: 23.016 ; Acc: 48.294
2018-09-19 15:53:32,722:INFO: [TRAIN] Step: 298 ; Loss: 24.682 ; Acc: 48.328
2018-09-19 15:53:32,801:INFO: [TRAIN] Step: 299 ; Loss: 15.889 ; Acc: 48.431
2018-09-19 15:53:32,880:INFO: [TRAIN] Step: 300 ; Loss: 18.985 ; Acc: 48.477
2018-09-19 15:53:32,956:INFO: [TRAIN] Step: 301 ; Loss: 23.741 ; Acc: 48.469
2018-09-19 15:53:33,039:INFO: [TRAIN] Step: 302 ; Loss: 23.575 ; Acc: 48.487
2018-09-19 15:53:33,113:INFO: [TRAIN] Step: 303 ; Loss: 21.517 ; Acc: 48.492
2018-09-19 15:53:33,200:INFO: [TRAIN] Step: 304 ; Loss: 24.392 ; Acc: 48.511
2018-09-19 15:53:33,274:INFO: [TRAIN] Step: 305 ; Loss: 23.757 ; Acc: 48.516
2018-09-19 15:53:33,355:INFO: [TRAIN] Step: 306 ; Loss: 23.351 ; Acc: 48.480
2018-09-19 15:53:33,432:INFO: [TRAIN] Step: 307 ; Loss: 20.058 ; Acc: 48.525
2018-09-19 15:53:33,514:INFO: [TRAIN] Step: 308 ; Loss: 22.118 ; Acc: 48.544
2018-09-19 15:53:33,594:INFO: [TRAIN] Step: 309 ; Loss: 22.057 ; Acc: 48.508
2018-09-19 15:53:33,677:INFO: [TRAIN] Step: 310 ; Loss: 16.094 ; Acc: 48.566
2018-09-19 15:53:33,748:INFO: [TRAIN] Step: 311 ; Loss: 22.448 ; Acc: 48.611
2018-09-19 15:53:33,828:INFO: [TRAIN] Step: 312 ; Loss: 23.420 ; Acc: 48.629
2018-09-19 15:53:33,902:INFO: [TRAIN] Step: 313 ; Loss: 22.806 ; Acc: 48.660
2018-09-19 15:53:33,986:INFO: [TRAIN] Step: 314 ; Loss: 17.091 ; Acc: 48.743
2018-09-19 15:53:34,064:INFO: [TRAIN] Step: 315 ; Loss: 21.579 ; Acc: 48.774
2018-09-19 15:53:34,144:INFO: [TRAIN] Step: 316 ; Loss: 21.041 ; Acc: 48.778
2018-09-19 15:53:34,221:INFO: [TRAIN] Step: 317 ; Loss: 23.420 ; Acc: 48.768
2018-09-19 15:53:34,303:INFO: [TRAIN] Step: 318 ; Loss: 20.598 ; Acc: 48.798
2018-09-19 15:53:34,376:INFO: [TRAIN] Step: 319 ; Loss: 21.776 ; Acc: 48.815
2018-09-19 15:53:34,456:INFO: [TRAIN] Step: 320 ; Loss: 21.491 ; Acc: 48.845
2018-09-19 15:53:34,529:INFO: [TRAIN] Step: 321 ; Loss: 20.385 ; Acc: 48.861
2018-09-19 15:53:34,609:INFO: [TRAIN] Step: 322 ; Loss: 22.878 ; Acc: 48.916
2018-09-19 15:53:34,694:INFO: [TRAIN] Step: 323 ; Loss: 19.201 ; Acc: 48.933
2018-09-19 15:53:34,776:INFO: [TRAIN] Step: 324 ; Loss: 25.772 ; Acc: 48.897
2018-09-19 15:53:34,855:INFO: [TRAIN] Step: 325 ; Loss: 18.744 ; Acc: 48.965
2018-09-19 15:53:34,937:INFO: [TRAIN] Step: 326 ; Loss: 18.604 ; Acc: 48.968
2018-09-19 15:53:35,013:INFO: [TRAIN] Step: 327 ; Loss: 21.765 ; Acc: 49.022
2018-09-19 15:53:35,095:INFO: [TRAIN] Step: 328 ; Loss: 24.085 ; Acc: 49.012
2018-09-19 15:53:35,173:INFO: [TRAIN] Step: 329 ; Loss: 24.770 ; Acc: 49.015
2018-09-19 15:53:35,255:INFO: [TRAIN] Step: 330 ; Loss: 25.207 ; Acc: 49.043
2018-09-19 15:53:35,334:INFO: [TRAIN] Step: 331 ; Loss: 22.107 ; Acc: 49.059
2018-09-19 15:53:35,412:INFO: [TRAIN] Step: 332 ; Loss: 25.615 ; Acc: 49.112
2018-09-19 15:53:35,486:INFO: [TRAIN] Step: 333 ; Loss: 19.075 ; Acc: 49.114
2018-09-19 15:53:35,568:INFO: [TRAIN] Step: 334 ; Loss: 22.361 ; Acc: 49.117
2018-09-19 15:53:35,643:INFO: [TRAIN] Step: 335 ; Loss: 21.877 ; Acc: 49.144
2018-09-19 15:53:35,723:INFO: [TRAIN] Step: 336 ; Loss: 21.662 ; Acc: 49.184
2018-09-19 15:53:35,804:INFO: [TRAIN] Step: 337 ; Loss: 19.861 ; Acc: 49.260
2018-09-19 15:53:35,886:INFO: [TRAIN] Step: 338 ; Loss: 17.933 ; Acc: 49.312
2018-09-19 15:53:35,959:INFO: [TRAIN] Step: 339 ; Loss: 26.054 ; Acc: 49.301
2018-09-19 15:53:36,042:INFO: [TRAIN] Step: 340 ; Loss: 24.640 ; Acc: 49.304
2018-09-19 15:53:36,121:INFO: [TRAIN] Step: 341 ; Loss: 24.329 ; Acc: 49.293
2018-09-19 15:53:36,205:INFO: [TRAIN] Step: 342 ; Loss: 22.864 ; Acc: 49.271
2018-09-19 15:53:36,284:INFO: [TRAIN] Step: 343 ; Loss: 18.196 ; Acc: 49.322
2018-09-19 15:53:36,365:INFO: [TRAIN] Step: 344 ; Loss: 20.543 ; Acc: 49.324
2018-09-19 15:53:36,437:INFO: [TRAIN] Step: 345 ; Loss: 19.529 ; Acc: 49.362
2018-09-19 15:53:36,518:INFO: [TRAIN] Step: 346 ; Loss: 21.156 ; Acc: 49.412
2018-09-19 15:53:36,590:INFO: [TRAIN] Step: 347 ; Loss: 23.443 ; Acc: 49.425
2018-09-19 15:53:36,672:INFO: [TRAIN] Step: 348 ; Loss: 25.811 ; Acc: 49.415
2018-09-19 15:53:36,748:INFO: [TRAIN] Step: 349 ; Loss: 21.931 ; Acc: 49.429
2018-09-19 15:53:36,829:INFO: [TRAIN] Step: 350 ; Loss: 24.975 ; Acc: 49.418
2018-09-19 15:53:36,902:INFO: [TRAIN] Step: 351 ; Loss: 18.975 ; Acc: 49.432
2018-09-19 15:53:36,982:INFO: [TRAIN] Step: 352 ; Loss: 22.549 ; Acc: 49.433
2018-09-19 15:53:37,057:INFO: [TRAIN] Step: 353 ; Loss: 16.926 ; Acc: 49.506
2018-09-19 15:53:37,142:INFO: [TRAIN] Step: 354 ; Loss: 19.296 ; Acc: 49.495
2018-09-19 15:53:37,216:INFO: [TRAIN] Step: 355 ; Loss: 25.625 ; Acc: 49.532
2018-09-19 15:53:37,296:INFO: [TRAIN] Step: 356 ; Loss: 20.461 ; Acc: 49.556
2018-09-19 15:53:37,370:INFO: [TRAIN] Step: 357 ; Loss: 18.968 ; Acc: 49.604
2018-09-19 15:53:37,455:INFO: [TRAIN] Step: 358 ; Loss: 21.346 ; Acc: 49.640
2018-09-19 15:53:37,530:INFO: [TRAIN] Step: 359 ; Loss: 24.008 ; Acc: 49.653
2018-09-19 15:53:37,614:INFO: [TRAIN] Step: 360 ; Loss: 20.392 ; Acc: 49.700
2018-09-19 15:53:37,688:INFO: [TRAIN] Step: 361 ; Loss: 18.197 ; Acc: 49.735
2018-09-19 15:53:37,779:INFO: [TRAIN] Step: 362 ; Loss: 20.895 ; Acc: 49.770
2018-09-19 15:53:37,864:INFO: [TRAIN] Step: 363 ; Loss: 20.024 ; Acc: 49.783
2018-09-19 15:53:37,944:INFO: [TRAIN] Step: 364 ; Loss: 19.541 ; Acc: 49.783
2018-09-19 15:53:38,026:INFO: [TRAIN] Step: 365 ; Loss: 16.844 ; Acc: 49.841
2018-09-19 15:53:38,103:INFO: [TRAIN] Step: 366 ; Loss: 23.468 ; Acc: 49.864
2018-09-19 15:53:38,182:INFO: [TRAIN] Step: 367 ; Loss: 16.977 ; Acc: 49.898
2018-09-19 15:53:38,265:INFO: [TRAIN] Step: 368 ; Loss: 17.068 ; Acc: 49.921
2018-09-19 15:53:38,339:INFO: [TRAIN] Step: 369 ; Loss: 22.814 ; Acc: 49.944
2018-09-19 15:53:38,420:INFO: [TRAIN] Step: 370 ; Loss: 19.499 ; Acc: 49.955
2018-09-19 15:53:38,493:INFO: [TRAIN] Step: 371 ; Loss: 18.484 ; Acc: 49.955
2018-09-19 15:53:38,574:INFO: [TRAIN] Step: 372 ; Loss: 26.087 ; Acc: 49.922
2018-09-19 15:53:38,648:INFO: [TRAIN] Step: 373 ; Loss: 21.854 ; Acc: 49.933
2018-09-19 15:53:38,729:INFO: [TRAIN] Step: 374 ; Loss: 22.001 ; Acc: 49.944
2018-09-19 15:53:38,800:INFO: [TRAIN] Step: 375 ; Loss: 16.270 ; Acc: 49.989
2018-09-19 15:53:38,883:INFO: [TRAIN] Step: 376 ; Loss: 23.778 ; Acc: 50.033
2018-09-19 15:53:38,959:INFO: [TRAIN] Step: 377 ; Loss: 19.865 ; Acc: 50.055
2018-09-19 15:53:39,041:INFO: [TRAIN] Step: 378 ; Loss: 23.174 ; Acc: 50.055
2018-09-19 15:53:39,117:INFO: [TRAIN] Step: 379 ; Loss: 24.399 ; Acc: 50.055
2018-09-19 15:53:39,198:INFO: [TRAIN] Step: 380 ; Loss: 21.702 ; Acc: 50.033
2018-09-19 15:53:39,274:INFO: [TRAIN] Step: 381 ; Loss: 23.008 ; Acc: 50.022
2018-09-19 15:53:39,355:INFO: [TRAIN] Step: 382 ; Loss: 24.731 ; Acc: 49.978
2018-09-19 15:53:39,429:INFO: [TRAIN] Step: 383 ; Loss: 17.718 ; Acc: 50.011
2018-09-19 15:53:39,509:INFO: [TRAIN] Step: 384 ; Loss: 26.677 ; Acc: 50.000
2018-09-19 15:53:39,583:INFO: [TRAIN] Step: 385 ; Loss: 21.365 ; Acc: 50.032
2018-09-19 15:53:39,665:INFO: [TRAIN] Step: 386 ; Loss: 24.748 ; Acc: 50.022
2018-09-19 15:53:39,746:INFO: [TRAIN] Step: 387 ; Loss: 19.055 ; Acc: 50.021
2018-09-19 15:53:39,826:INFO: [TRAIN] Step: 388 ; Loss: 22.902 ; Acc: 50.011
2018-09-19 15:53:39,901:INFO: [TRAIN] Step: 389 ; Loss: 23.343 ; Acc: 50.021
2018-09-19 15:53:39,984:INFO: [TRAIN] Step: 390 ; Loss: 24.325 ; Acc: 50.032
2018-09-19 15:53:40,060:INFO: [TRAIN] Step: 391 ; Loss: 24.088 ; Acc: 50.064
2018-09-19 15:53:40,142:INFO: [TRAIN] Step: 392 ; Loss: 20.526 ; Acc: 50.074
2018-09-19 15:53:40,217:INFO: [TRAIN] Step: 393 ; Loss: 22.147 ; Acc: 50.085
2018-09-19 15:53:40,296:INFO: [TRAIN] Step: 394 ; Loss: 21.943 ; Acc: 50.105
2018-09-19 15:53:40,375:INFO: [TRAIN] Step: 395 ; Loss: 24.947 ; Acc: 50.095
2018-09-19 15:53:40,459:INFO: [TRAIN] Step: 396 ; Loss: 21.230 ; Acc: 50.094
2018-09-19 15:53:40,535:INFO: [TRAIN] Step: 397 ; Loss: 16.901 ; Acc: 50.157
2018-09-19 15:53:40,614:INFO: [TRAIN] Step: 398 ; Loss: 17.482 ; Acc: 50.157
2018-09-19 15:53:40,691:INFO: [TRAIN] Step: 399 ; Loss: 18.295 ; Acc: 50.167
2018-09-19 15:53:40,770:INFO: [TRAIN] Step: 400 ; Loss: 20.033 ; Acc: 50.229
2018-09-19 15:53:40,844:INFO: [TRAIN] Step: 401 ; Loss: 19.146 ; Acc: 50.269
2018-09-19 15:53:40,926:INFO: [TRAIN] Step: 402 ; Loss: 21.819 ; Acc: 50.310
2018-09-19 15:53:41,002:INFO: [TRAIN] Step: 403 ; Loss: 17.637 ; Acc: 50.330
2018-09-19 15:53:41,084:INFO: [TRAIN] Step: 404 ; Loss: 16.123 ; Acc: 50.381
2018-09-19 15:53:41,157:INFO: [TRAIN] Step: 405 ; Loss: 18.806 ; Acc: 50.411
2018-09-19 15:53:41,237:INFO: [TRAIN] Step: 406 ; Loss: 15.394 ; Acc: 50.461
2018-09-19 15:53:41,313:INFO: [TRAIN] Step: 407 ; Loss: 24.435 ; Acc: 50.439
2018-09-19 15:53:41,394:INFO: [TRAIN] Step: 408 ; Loss: 21.385 ; Acc: 50.479
2018-09-19 15:53:41,473:INFO: [TRAIN] Step: 409 ; Loss: 16.607 ; Acc: 50.518
2018-09-19 15:53:41,555:INFO: [TRAIN] Step: 410 ; Loss: 20.755 ; Acc: 50.537
2018-09-19 15:53:41,629:INFO: [TRAIN] Step: 411 ; Loss: 19.178 ; Acc: 50.566
2018-09-19 15:53:41,709:INFO: [TRAIN] Step: 412 ; Loss: 13.877 ; Acc: 50.575
2018-09-19 15:53:41,785:INFO: [TRAIN] Step: 413 ; Loss: 16.769 ; Acc: 50.614
2018-09-19 15:53:41,869:INFO: [TRAIN] Step: 414 ; Loss: 21.289 ; Acc: 50.633
2018-09-19 15:53:41,945:INFO: [TRAIN] Step: 415 ; Loss: 22.074 ; Acc: 50.611
2018-09-19 15:53:42,024:INFO: [TRAIN] Step: 416 ; Loss: 21.980 ; Acc: 50.629
2018-09-19 15:53:42,096:INFO: [TRAIN] Step: 417 ; Loss: 20.295 ; Acc: 50.618
2018-09-19 15:53:42,177:INFO: [TRAIN] Step: 418 ; Loss: 18.632 ; Acc: 50.656
2018-09-19 15:53:42,249:INFO: [TRAIN] Step: 419 ; Loss: 17.616 ; Acc: 50.714
2018-09-19 15:53:42,332:INFO: [TRAIN] Step: 420 ; Loss: 22.002 ; Acc: 50.732
2018-09-19 15:53:42,410:INFO: [TRAIN] Step: 421 ; Loss: 16.234 ; Acc: 50.800
2018-09-19 15:53:42,493:INFO: [TRAIN] Step: 422 ; Loss: 19.580 ; Acc: 50.827
2018-09-19 15:53:42,569:INFO: [TRAIN] Step: 423 ; Loss: 16.513 ; Acc: 50.894
2018-09-19 15:53:42,649:INFO: [TRAIN] Step: 424 ; Loss: 20.524 ; Acc: 50.922
2018-09-19 15:53:42,723:INFO: [TRAIN] Step: 425 ; Loss: 21.104 ; Acc: 50.900
2018-09-19 15:53:42,806:INFO: [TRAIN] Step: 426 ; Loss: 19.593 ; Acc: 50.917
2018-09-19 15:53:42,880:INFO: [TRAIN] Step: 427 ; Loss: 16.287 ; Acc: 50.964
2018-09-19 15:53:42,958:INFO: [TRAIN] Step: 428 ; Loss: 16.856 ; Acc: 50.991
2018-09-19 15:53:43,035:INFO: [TRAIN] Step: 429 ; Loss: 23.731 ; Acc: 50.988
2018-09-19 15:53:43,119:INFO: [TRAIN] Step: 430 ; Loss: 26.065 ; Acc: 50.957
2018-09-19 15:53:43,198:INFO: [TRAIN] Step: 431 ; Loss: 16.563 ; Acc: 50.974
2018-09-19 15:53:43,281:INFO: [TRAIN] Step: 432 ; Loss: 25.378 ; Acc: 50.953
2018-09-19 15:53:43,354:INFO: [TRAIN] Step: 433 ; Loss: 19.879 ; Acc: 50.960
2018-09-19 15:53:43,434:INFO: [TRAIN] Step: 434 ; Loss: 21.233 ; Acc: 50.948
2018-09-19 15:53:43,509:INFO: [TRAIN] Step: 435 ; Loss: 18.138 ; Acc: 50.975
2018-09-19 15:53:43,592:INFO: [TRAIN] Step: 436 ; Loss: 20.243 ; Acc: 50.973
2018-09-19 15:53:43,666:INFO: [TRAIN] Step: 437 ; Loss: 20.487 ; Acc: 50.989
2018-09-19 15:53:43,746:INFO: [TRAIN] Step: 438 ; Loss: 17.339 ; Acc: 51.035
2018-09-19 15:53:43,819:INFO: [TRAIN] Step: 439 ; Loss: 17.776 ; Acc: 51.089
2018-09-19 15:53:43,900:INFO: [TRAIN] Step: 440 ; Loss: 20.297 ; Acc: 51.096
2018-09-19 15:53:43,977:INFO: [TRAIN] Step: 441 ; Loss: 18.139 ; Acc: 51.103
2018-09-19 15:53:44,057:INFO: [TRAIN] Step: 442 ; Loss: 23.729 ; Acc: 51.119
2018-09-19 15:53:44,133:INFO: [TRAIN] Step: 443 ; Loss: 19.782 ; Acc: 51.126
2018-09-19 15:53:44,214:INFO: [TRAIN] Step: 444 ; Loss: 20.724 ; Acc: 51.161
2018-09-19 15:53:44,292:INFO: [TRAIN] Step: 445 ; Loss: 23.797 ; Acc: 51.168
2018-09-19 15:53:44,374:INFO: [TRAIN] Step: 446 ; Loss: 16.800 ; Acc: 51.212
2018-09-19 15:53:44,452:INFO: [TRAIN] Step: 447 ; Loss: 20.496 ; Acc: 51.237
2018-09-19 15:53:44,531:INFO: [TRAIN] Step: 448 ; Loss: 17.693 ; Acc: 51.271
2018-09-19 15:53:44,610:INFO: [TRAIN] Step: 449 ; Loss: 16.903 ; Acc: 51.296
2018-09-19 15:53:44,695:INFO: [TRAIN] Step: 450 ; Loss: 22.660 ; Acc: 51.312
2018-09-19 15:53:44,771:INFO: [TRAIN] Step: 451 ; Loss: 18.255 ; Acc: 51.355
2018-09-19 15:53:44,853:INFO: [TRAIN] Step: 452 ; Loss: 24.991 ; Acc: 51.343
2018-09-19 15:53:44,930:INFO: [TRAIN] Step: 453 ; Loss: 21.144 ; Acc: 51.358
2018-09-19 15:53:45,017:INFO: [TRAIN] Step: 454 ; Loss: 18.932 ; Acc: 51.383
2018-09-19 15:53:45,093:INFO: [TRAIN] Step: 455 ; Loss: 16.546 ; Acc: 51.398
2018-09-19 15:53:45,179:INFO: [TRAIN] Step: 456 ; Loss: 19.076 ; Acc: 51.422
2018-09-19 15:53:45,253:INFO: [TRAIN] Step: 457 ; Loss: 23.828 ; Acc: 51.401
2018-09-19 15:53:45,333:INFO: [TRAIN] Step: 458 ; Loss: 25.938 ; Acc: 51.371
2018-09-19 15:53:45,406:INFO: [TRAIN] Step: 459 ; Loss: 17.442 ; Acc: 51.377
2018-09-19 15:53:45,485:INFO: [TRAIN] Step: 460 ; Loss: 18.524 ; Acc: 51.401
2018-09-19 15:53:45,559:INFO: [TRAIN] Step: 461 ; Loss: 18.086 ; Acc: 51.416
2018-09-19 15:53:45,642:INFO: [TRAIN] Step: 462 ; Loss: 21.304 ; Acc: 51.440
2018-09-19 15:53:45,717:INFO: [TRAIN] Step: 463 ; Loss: 20.392 ; Acc: 51.446
2018-09-19 15:53:45,798:INFO: [TRAIN] Step: 464 ; Loss: 18.063 ; Acc: 51.461
2018-09-19 15:53:45,871:INFO: [TRAIN] Step: 465 ; Loss: 20.073 ; Acc: 51.440
2018-09-19 15:53:45,949:INFO: [TRAIN] Step: 466 ; Loss: 19.916 ; Acc: 51.481
2018-09-19 15:53:46,024:INFO: [TRAIN] Step: 467 ; Loss: 21.124 ; Acc: 51.442
2018-09-19 15:53:46,105:INFO: [TRAIN] Step: 468 ; Loss: 20.275 ; Acc: 51.457
2018-09-19 15:53:46,177:INFO: [TRAIN] Step: 469 ; Loss: 20.435 ; Acc: 51.480
2018-09-19 15:53:46,257:INFO: [TRAIN] Step: 470 ; Loss: 23.714 ; Acc: 51.486
2018-09-19 15:53:46,330:INFO: [TRAIN] Step: 471 ; Loss: 21.423 ; Acc: 51.492
2018-09-19 15:53:46,411:INFO: [TRAIN] Step: 472 ; Loss: 16.523 ; Acc: 51.515
2018-09-19 15:53:46,483:INFO: [TRAIN] Step: 473 ; Loss: 18.105 ; Acc: 51.547
2018-09-19 15:53:46,564:INFO: [TRAIN] Step: 474 ; Loss: 21.287 ; Acc: 51.526
2018-09-19 15:53:46,638:INFO: [TRAIN] Step: 475 ; Loss: 14.312 ; Acc: 51.593
2018-09-19 15:53:46,716:INFO: [TRAIN] Step: 476 ; Loss: 19.452 ; Acc: 51.616
2018-09-19 15:53:46,789:INFO: [TRAIN] Step: 477 ; Loss: 20.353 ; Acc: 51.630
2018-09-19 15:53:46,870:INFO: [TRAIN] Step: 478 ; Loss: 18.868 ; Acc: 51.661
2018-09-19 15:53:46,944:INFO: [TRAIN] Step: 479 ; Loss: 26.185 ; Acc: 51.641
2018-09-19 15:53:47,031:INFO: [TRAIN] Step: 480 ; Loss: 24.205 ; Acc: 51.637
2018-09-19 15:53:47,106:INFO: [TRAIN] Step: 481 ; Loss: 19.942 ; Acc: 51.651
2018-09-19 15:53:47,184:INFO: [TRAIN] Step: 482 ; Loss: 21.410 ; Acc: 51.656
2018-09-19 15:53:47,257:INFO: [TRAIN] Step: 483 ; Loss: 16.703 ; Acc: 51.670
2018-09-19 15:53:47,339:INFO: [TRAIN] Step: 484 ; Loss: 18.359 ; Acc: 51.701
2018-09-19 15:53:47,413:INFO: [TRAIN] Step: 485 ; Loss: 15.522 ; Acc: 51.749
2018-09-19 15:53:47,506:INFO: [TRAIN] Step: 486 ; Loss: 19.681 ; Acc: 51.754
2018-09-19 15:53:47,590:INFO: [TRAIN] Step: 487 ; Loss: 21.793 ; Acc: 51.767
2018-09-19 15:53:47,675:INFO: [TRAIN] Step: 488 ; Loss: 19.716 ; Acc: 51.798
2018-09-19 15:53:47,757:INFO: [TRAIN] Step: 489 ; Loss: 17.819 ; Acc: 51.803
2018-09-19 15:53:47,839:INFO: [TRAIN] Step: 490 ; Loss: 22.277 ; Acc: 51.791
2018-09-19 15:53:47,914:INFO: [TRAIN] Step: 491 ; Loss: 19.549 ; Acc: 51.804
2018-09-19 15:53:47,999:INFO: [TRAIN] Step: 492 ; Loss: 24.437 ; Acc: 51.800
2018-09-19 15:53:48,075:INFO: [TRAIN] Step: 493 ; Loss: 22.904 ; Acc: 51.780
2018-09-19 15:53:48,156:INFO: [TRAIN] Step: 494 ; Loss: 17.820 ; Acc: 51.793
2018-09-19 15:53:48,230:INFO: [TRAIN] Step: 495 ; Loss: 16.771 ; Acc: 51.831
2018-09-19 15:53:48,308:INFO: [TRAIN] Step: 496 ; Loss: 18.439 ; Acc: 51.861
2018-09-19 15:53:48,385:INFO: [TRAIN] Step: 497 ; Loss: 20.435 ; Acc: 51.883
2018-09-19 15:53:48,463:INFO: [TRAIN] Step: 498 ; Loss: 22.946 ; Acc: 51.887
2018-09-19 15:53:48,539:INFO: [TRAIN] Step: 499 ; Loss: 16.418 ; Acc: 51.917
2018-09-19 15:53:48,622:INFO: [TRAIN] Step: 500 ; Loss: 21.565 ; Acc: 51.954
2018-09-19 15:53:48,698:INFO: [TRAIN] Step: 501 ; Loss: 18.996 ; Acc: 52.000
2018-09-19 15:53:48,777:INFO: [TRAIN] Step: 502 ; Loss: 15.161 ; Acc: 52.029
2018-09-19 15:53:48,852:INFO: [TRAIN] Step: 503 ; Loss: 20.978 ; Acc: 52.050
2018-09-19 15:53:48,936:INFO: [TRAIN] Step: 504 ; Loss: 22.537 ; Acc: 52.079
2018-09-19 15:53:49,010:INFO: [TRAIN] Step: 505 ; Loss: 20.245 ; Acc: 52.083
2018-09-19 15:53:49,093:INFO: [TRAIN] Step: 506 ; Loss: 17.919 ; Acc: 52.104
2018-09-19 15:53:49,167:INFO: [TRAIN] Step: 507 ; Loss: 20.248 ; Acc: 52.100
2018-09-19 15:53:49,246:INFO: [TRAIN] Step: 508 ; Loss: 15.843 ; Acc: 52.120
2018-09-19 15:53:49,321:INFO: [TRAIN] Step: 509 ; Loss: 16.004 ; Acc: 52.141
2018-09-19 15:53:49,401:INFO: [TRAIN] Step: 510 ; Loss: 23.721 ; Acc: 52.120
2018-09-19 15:53:49,477:INFO: [TRAIN] Step: 511 ; Loss: 17.091 ; Acc: 52.140
2018-09-19 15:53:49,556:INFO: [TRAIN] Step: 512 ; Loss: 20.286 ; Acc: 52.152
2018-09-19 15:53:49,630:INFO: [TRAIN] Step: 513 ; Loss: 20.451 ; Acc: 52.173
2018-09-19 15:53:49,710:INFO: [TRAIN] Step: 514 ; Loss: 18.597 ; Acc: 52.193
2018-09-19 15:53:49,788:INFO: [TRAIN] Step: 515 ; Loss: 17.215 ; Acc: 52.213
2018-09-19 15:53:49,869:INFO: [TRAIN] Step: 516 ; Loss: 20.100 ; Acc: 52.240
2018-09-19 15:53:49,948:INFO: [TRAIN] Step: 517 ; Loss: 18.406 ; Acc: 52.260
2018-09-19 15:53:50,032:INFO: [TRAIN] Step: 518 ; Loss: 23.892 ; Acc: 52.256
2018-09-19 15:53:50,105:INFO: [TRAIN] Step: 519 ; Loss: 16.155 ; Acc: 52.300
2018-09-19 15:53:50,187:INFO: [TRAIN] Step: 520 ; Loss: 15.693 ; Acc: 52.311
2018-09-19 15:53:50,262:INFO: [TRAIN] Step: 521 ; Loss: 23.522 ; Acc: 52.299
2018-09-19 15:53:50,341:INFO: [TRAIN] Step: 522 ; Loss: 15.745 ; Acc: 52.318
2018-09-19 15:53:50,414:INFO: [TRAIN] Step: 523 ; Loss: 16.826 ; Acc: 52.330
2018-09-19 15:53:50,498:INFO: [TRAIN] Step: 524 ; Loss: 18.269 ; Acc: 52.357
2018-09-19 15:53:50,573:INFO: [TRAIN] Step: 525 ; Loss: 18.642 ; Acc: 52.376
2018-09-19 15:53:50,661:INFO: [TRAIN] Step: 526 ; Loss: 16.784 ; Acc: 52.396
2018-09-19 15:53:50,742:INFO: [TRAIN] Step: 527 ; Loss: 19.890 ; Acc: 52.415
2018-09-19 15:53:50,837:INFO: [TRAIN] Step: 528 ; Loss: 18.161 ; Acc: 52.426
2018-09-19 15:53:50,913:INFO: [TRAIN] Step: 529 ; Loss: 17.582 ; Acc: 52.429
2018-09-19 15:53:50,993:INFO: [TRAIN] Step: 530 ; Loss: 17.147 ; Acc: 52.464
2018-09-19 15:53:51,068:INFO: [TRAIN] Step: 531 ; Loss: 15.889 ; Acc: 52.498
2018-09-19 15:53:51,150:INFO: [TRAIN] Step: 532 ; Loss: 18.807 ; Acc: 52.502
2018-09-19 15:53:51,223:INFO: [TRAIN] Step: 533 ; Loss: 14.384 ; Acc: 52.528
2018-09-19 15:53:51,305:INFO: [TRAIN] Step: 534 ; Loss: 16.227 ; Acc: 52.531
2018-09-19 15:53:51,379:INFO: [TRAIN] Step: 535 ; Loss: 18.714 ; Acc: 52.558
2018-09-19 15:53:51,461:INFO: [TRAIN] Step: 536 ; Loss: 21.475 ; Acc: 52.576
2018-09-19 15:53:51,539:INFO: [TRAIN] Step: 537 ; Loss: 21.158 ; Acc: 52.579
2018-09-19 15:53:51,621:INFO: [TRAIN] Step: 538 ; Loss: 14.393 ; Acc: 52.628
2018-09-19 15:53:51,699:INFO: [TRAIN] Step: 539 ; Loss: 20.275 ; Acc: 52.654
2018-09-19 15:53:51,786:INFO: [TRAIN] Step: 540 ; Loss: 19.711 ; Acc: 52.626
2018-09-19 15:53:51,862:INFO: [TRAIN] Step: 541 ; Loss: 19.390 ; Acc: 52.621
2018-09-19 15:53:51,950:INFO: [TRAIN] Step: 542 ; Loss: 17.597 ; Acc: 52.624
2018-09-19 15:53:52,027:INFO: [TRAIN] Step: 543 ; Loss: 17.379 ; Acc: 52.619
2018-09-19 15:53:52,110:INFO: [TRAIN] Step: 544 ; Loss: 19.436 ; Acc: 52.622
2018-09-19 15:53:52,186:INFO: [TRAIN] Step: 545 ; Loss: 16.437 ; Acc: 52.648
2018-09-19 15:53:52,271:INFO: [TRAIN] Step: 546 ; Loss: 19.891 ; Acc: 52.628
2018-09-19 15:53:52,345:INFO: [TRAIN] Step: 547 ; Loss: 16.861 ; Acc: 52.661
2018-09-19 15:53:52,430:INFO: [TRAIN] Step: 548 ; Loss: 23.905 ; Acc: 52.672
2018-09-19 15:53:52,506:INFO: [TRAIN] Step: 549 ; Loss: 20.644 ; Acc: 52.667
2018-09-19 15:53:52,591:INFO: [TRAIN] Step: 550 ; Loss: 21.804 ; Acc: 52.669
2018-09-19 15:53:52,665:INFO: [TRAIN] Step: 551 ; Loss: 21.856 ; Acc: 52.627
2018-09-19 15:53:52,745:INFO: [TRAIN] Step: 552 ; Loss: 21.875 ; Acc: 52.599
2018-09-19 15:53:52,820:INFO: [TRAIN] Step: 553 ; Loss: 26.002 ; Acc: 52.602
2018-09-19 15:53:52,900:INFO: [TRAIN] Step: 554 ; Loss: 18.985 ; Acc: 52.628
2018-09-19 15:53:52,975:INFO: [TRAIN] Step: 555 ; Loss: 16.880 ; Acc: 52.638
2018-09-19 15:53:53,058:INFO: [TRAIN] Step: 556 ; Loss: 25.204 ; Acc: 52.633
2018-09-19 15:53:53,130:INFO: [TRAIN] Step: 557 ; Loss: 19.502 ; Acc: 52.636
2018-09-19 15:53:53,210:INFO: [TRAIN] Step: 558 ; Loss: 16.047 ; Acc: 52.654
2018-09-19 15:53:53,287:INFO: [TRAIN] Step: 559 ; Loss: 22.814 ; Acc: 52.649
2018-09-19 15:53:53,366:INFO: [TRAIN] Step: 560 ; Loss: 23.433 ; Acc: 52.652
2018-09-19 15:53:53,439:INFO: [TRAIN] Step: 561 ; Loss: 13.486 ; Acc: 52.691
2018-09-19 15:53:53,519:INFO: [TRAIN] Step: 562 ; Loss: 16.525 ; Acc: 52.724
2018-09-19 15:53:53,594:INFO: [TRAIN] Step: 563 ; Loss: 21.806 ; Acc: 52.733
2018-09-19 15:53:53,677:INFO: [TRAIN] Step: 564 ; Loss: 17.288 ; Acc: 52.751
2018-09-19 15:53:53,754:INFO: [TRAIN] Step: 565 ; Loss: 23.699 ; Acc: 52.746
2018-09-19 15:53:53,833:INFO: [TRAIN] Step: 566 ; Loss: 23.539 ; Acc: 52.763
2018-09-19 15:53:53,909:INFO: [TRAIN] Step: 567 ; Loss: 16.325 ; Acc: 52.780
2018-09-19 15:53:53,989:INFO: [TRAIN] Step: 568 ; Loss: 19.292 ; Acc: 52.746
2018-09-19 15:53:54,061:INFO: [TRAIN] Step: 569 ; Loss: 18.895 ; Acc: 52.727
2018-09-19 15:53:54,147:INFO: [TRAIN] Step: 570 ; Loss: 22.452 ; Acc: 52.715
2018-09-19 15:53:54,221:INFO: [TRAIN] Step: 571 ; Loss: 16.547 ; Acc: 52.717
2018-09-19 15:53:54,304:INFO: [TRAIN] Step: 572 ; Loss: 24.719 ; Acc: 52.712
2018-09-19 15:53:54,380:INFO: [TRAIN] Step: 573 ; Loss: 15.859 ; Acc: 52.729
2018-09-19 15:53:54,464:INFO: [TRAIN] Step: 574 ; Loss: 20.346 ; Acc: 52.725
2018-09-19 15:53:54,544:INFO: [TRAIN] Step: 575 ; Loss: 24.028 ; Acc: 52.698
2018-09-19 15:53:54,627:INFO: [TRAIN] Step: 576 ; Loss: 22.029 ; Acc: 52.715
2018-09-19 15:53:54,703:INFO: [TRAIN] Step: 577 ; Loss: 15.937 ; Acc: 52.747
2018-09-19 15:53:54,786:INFO: [TRAIN] Step: 578 ; Loss: 13.886 ; Acc: 52.792
2018-09-19 15:53:54,864:INFO: [TRAIN] Step: 579 ; Loss: 16.213 ; Acc: 52.830
2018-09-19 15:53:54,943:INFO: [TRAIN] Step: 580 ; Loss: 16.435 ; Acc: 52.869
2018-09-19 15:53:55,018:INFO: [TRAIN] Step: 581 ; Loss: 15.321 ; Acc: 52.892
2018-09-19 15:53:55,101:INFO: [TRAIN] Step: 582 ; Loss: 24.664 ; Acc: 52.887
2018-09-19 15:53:55,182:INFO: [TRAIN] Step: 583 ; Loss: 16.169 ; Acc: 52.897
2018-09-19 15:53:55,261:INFO: [TRAIN] Step: 584 ; Loss: 16.653 ; Acc: 52.913
2018-09-19 15:53:55,335:INFO: [TRAIN] Step: 585 ; Loss: 15.091 ; Acc: 52.944
2018-09-19 15:53:55,416:INFO: [TRAIN] Step: 586 ; Loss: 21.700 ; Acc: 52.953
2018-09-19 15:53:55,492:INFO: [TRAIN] Step: 587 ; Loss: 21.555 ; Acc: 52.948
2018-09-19 15:53:55,577:INFO: [TRAIN] Step: 588 ; Loss: 17.589 ; Acc: 52.943
2018-09-19 15:53:55,654:INFO: [TRAIN] Step: 589 ; Loss: 17.703 ; Acc: 52.959
2018-09-19 15:53:55,735:INFO: [TRAIN] Step: 590 ; Loss: 22.302 ; Acc: 52.968
2018-09-19 15:53:55,810:INFO: [TRAIN] Step: 591 ; Loss: 17.250 ; Acc: 53.005
2018-09-19 15:53:55,890:INFO: [TRAIN] Step: 592 ; Loss: 20.217 ; Acc: 53.014
2018-09-19 15:53:55,967:INFO: [TRAIN] Step: 593 ; Loss: 22.658 ; Acc: 53.044
2018-09-19 15:53:56,046:INFO: [TRAIN] Step: 594 ; Loss: 17.882 ; Acc: 53.053
2018-09-19 15:53:56,121:INFO: [TRAIN] Step: 595 ; Loss: 22.197 ; Acc: 53.041
2018-09-19 15:53:56,203:INFO: [TRAIN] Step: 596 ; Loss: 21.529 ; Acc: 53.043
2018-09-19 15:53:56,278:INFO: [TRAIN] Step: 597 ; Loss: 18.329 ; Acc: 53.066
2018-09-19 15:53:56,359:INFO: [TRAIN] Step: 598 ; Loss: 22.075 ; Acc: 53.075
2018-09-19 15:53:56,432:INFO: [TRAIN] Step: 599 ; Loss: 19.628 ; Acc: 53.069
2018-09-19 15:53:56,521:INFO: [TRAIN] Step: 600 ; Loss: 17.821 ; Acc: 53.099
2018-09-19 15:53:56,593:INFO: [TRAIN] Step: 601 ; Loss: 18.007 ; Acc: 53.108
2018-09-19 15:53:56,674:INFO: [TRAIN] Step: 602 ; Loss: 18.495 ; Acc: 53.144
2018-09-19 15:53:56,749:INFO: [TRAIN] Step: 603 ; Loss: 18.858 ; Acc: 53.166
2018-09-19 15:53:56,830:INFO: [TRAIN] Step: 604 ; Loss: 14.816 ; Acc: 53.189
2018-09-19 15:53:56,904:INFO: [TRAIN] Step: 605 ; Loss: 27.211 ; Acc: 53.163
2018-09-19 15:53:56,989:INFO: [TRAIN] Step: 606 ; Loss: 18.421 ; Acc: 53.178
2018-09-19 15:53:57,070:INFO: [TRAIN] Step: 607 ; Loss: 18.583 ; Acc: 53.200
2018-09-19 15:53:57,155:INFO: [TRAIN] Step: 608 ; Loss: 18.957 ; Acc: 53.209
2018-09-19 15:53:57,232:INFO: [TRAIN] Step: 609 ; Loss: 17.290 ; Acc: 53.204
2018-09-19 15:53:57,313:INFO: [TRAIN] Step: 610 ; Loss: 17.405 ; Acc: 53.219
2018-09-19 15:53:57,395:INFO: [TRAIN] Step: 611 ; Loss: 23.276 ; Acc: 53.241
2018-09-19 15:53:57,482:INFO: [TRAIN] Step: 612 ; Loss: 18.156 ; Acc: 53.263
2018-09-19 15:53:57,556:INFO: [TRAIN] Step: 613 ; Loss: 20.262 ; Acc: 53.271
2018-09-19 15:53:57,635:INFO: [TRAIN] Step: 614 ; Loss: 15.702 ; Acc: 53.272
2018-09-19 15:53:57,709:INFO: [TRAIN] Step: 615 ; Loss: 18.796 ; Acc: 53.308
2018-09-19 15:53:57,789:INFO: [TRAIN] Step: 616 ; Loss: 21.729 ; Acc: 53.302
2018-09-19 15:53:57,863:INFO: [TRAIN] Step: 617 ; Loss: 19.453 ; Acc: 53.324
2018-09-19 15:53:57,944:INFO: [TRAIN] Step: 618 ; Loss: 20.371 ; Acc: 53.332
2018-09-19 15:53:58,021:INFO: [TRAIN] Step: 619 ; Loss: 18.119 ; Acc: 53.367
2018-09-19 15:53:58,102:INFO: [TRAIN] Step: 620 ; Loss: 14.272 ; Acc: 53.402
2018-09-19 15:53:58,180:INFO: [TRAIN] Step: 621 ; Loss: 19.296 ; Acc: 53.410
2018-09-19 15:53:58,261:INFO: [TRAIN] Step: 622 ; Loss: 21.240 ; Acc: 53.411
2018-09-19 15:53:58,336:INFO: [TRAIN] Step: 623 ; Loss: 18.451 ; Acc: 53.425
2018-09-19 15:53:58,423:INFO: [TRAIN] Step: 624 ; Loss: 20.984 ; Acc: 53.447
2018-09-19 15:53:58,498:INFO: [TRAIN] Step: 625 ; Loss: 21.655 ; Acc: 53.474
2018-09-19 15:53:58,585:INFO: [TRAIN] Step: 626 ; Loss: 26.357 ; Acc: 53.456
2018-09-19 15:53:58,663:INFO: [TRAIN] Step: 627 ; Loss: 21.960 ; Acc: 53.450
2018-09-19 15:53:58,751:INFO: [TRAIN] Step: 628 ; Loss: 16.913 ; Acc: 53.471
2018-09-19 15:53:58,827:INFO: [TRAIN] Step: 629 ; Loss: 19.553 ; Acc: 53.485
2018-09-19 15:53:58,913:INFO: [TRAIN] Step: 630 ; Loss: 23.267 ; Acc: 53.493
2018-09-19 15:53:58,987:INFO: [TRAIN] Step: 631 ; Loss: 20.447 ; Acc: 53.501
2018-09-19 15:53:59,075:INFO: [TRAIN] Step: 632 ; Loss: 17.685 ; Acc: 53.528
2018-09-19 15:53:59,151:INFO: [TRAIN] Step: 633 ; Loss: 15.403 ; Acc: 53.549
2018-09-19 15:53:59,232:INFO: [TRAIN] Step: 634 ; Loss: 18.506 ; Acc: 53.517
2018-09-19 15:53:59,305:INFO: [TRAIN] Step: 635 ; Loss: 23.418 ; Acc: 53.512
2018-09-19 15:53:59,384:INFO: [TRAIN] Step: 636 ; Loss: 15.780 ; Acc: 53.526
2018-09-19 15:53:59,460:INFO: [TRAIN] Step: 637 ; Loss: 19.129 ; Acc: 53.546
2018-09-19 15:53:59,541:INFO: [TRAIN] Step: 638 ; Loss: 19.486 ; Acc: 53.547
2018-09-19 15:53:59,618:INFO: [TRAIN] Step: 639 ; Loss: 17.521 ; Acc: 53.548
2018-09-19 15:53:59,698:INFO: [TRAIN] Step: 640 ; Loss: 16.313 ; Acc: 53.575
2018-09-19 15:53:59,772:INFO: [TRAIN] Step: 641 ; Loss: 22.553 ; Acc: 53.570
2018-09-19 15:53:59,851:INFO: [TRAIN] Step: 642 ; Loss: 22.291 ; Acc: 53.571
2018-09-19 15:53:59,925:INFO: [TRAIN] Step: 643 ; Loss: 17.636 ; Acc: 53.578
2018-09-19 15:54:00,007:INFO: [TRAIN] Step: 644 ; Loss: 20.088 ; Acc: 53.572
2018-09-19 15:54:00,083:INFO: [TRAIN] Step: 645 ; Loss: 18.433 ; Acc: 53.580
2018-09-19 15:54:00,165:INFO: [TRAIN] Step: 646 ; Loss: 16.314 ; Acc: 53.594
2018-09-19 15:54:00,241:INFO: [TRAIN] Step: 647 ; Loss: 17.252 ; Acc: 53.620
2018-09-19 15:54:00,322:INFO: [TRAIN] Step: 648 ; Loss: 16.169 ; Acc: 53.653
2018-09-19 15:54:00,395:INFO: [TRAIN] Step: 649 ; Loss: 16.306 ; Acc: 53.673
2018-09-19 15:54:00,476:INFO: [TRAIN] Step: 650 ; Loss: 26.223 ; Acc: 53.661
2018-09-19 15:54:00,551:INFO: [TRAIN] Step: 651 ; Loss: 17.900 ; Acc: 53.687
2018-09-19 15:54:00,631:INFO: [TRAIN] Step: 652 ; Loss: 17.148 ; Acc: 53.707
2018-09-19 15:54:00,706:INFO: [TRAIN] Step: 653 ; Loss: 16.758 ; Acc: 53.746
2018-09-19 15:54:00,788:INFO: [TRAIN] Step: 654 ; Loss: 19.322 ; Acc: 53.760
2018-09-19 15:54:00,863:INFO: [TRAIN] Step: 655 ; Loss: 20.479 ; Acc: 53.754
2018-09-19 15:54:00,948:INFO: [TRAIN] Step: 656 ; Loss: 16.170 ; Acc: 53.773
2018-09-19 15:54:01,029:INFO: [TRAIN] Step: 657 ; Loss: 16.714 ; Acc: 53.793
2018-09-19 15:54:01,117:INFO: [TRAIN] Step: 658 ; Loss: 20.670 ; Acc: 53.806
2018-09-19 15:54:01,193:INFO: [TRAIN] Step: 659 ; Loss: 24.303 ; Acc: 53.794
2018-09-19 15:54:01,276:INFO: [TRAIN] Step: 660 ; Loss: 18.497 ; Acc: 53.807
2018-09-19 15:54:01,352:INFO: [TRAIN] Step: 661 ; Loss: 19.129 ; Acc: 53.802
2018-09-19 15:54:01,431:INFO: [TRAIN] Step: 662 ; Loss: 21.961 ; Acc: 53.802
2018-09-19 15:54:01,505:INFO: [TRAIN] Step: 663 ; Loss: 15.708 ; Acc: 53.815
2018-09-19 15:54:01,586:INFO: [TRAIN] Step: 664 ; Loss: 21.528 ; Acc: 53.822
2018-09-19 15:54:01,664:INFO: [TRAIN] Step: 665 ; Loss: 17.458 ; Acc: 53.835
2018-09-19 15:54:01,746:INFO: [TRAIN] Step: 666 ; Loss: 14.705 ; Acc: 53.848
2018-09-19 15:54:01,821:INFO: [TRAIN] Step: 667 ; Loss: 19.703 ; Acc: 53.867
2018-09-19 15:54:01,906:INFO: [TRAIN] Step: 668 ; Loss: 22.421 ; Acc: 53.861
2018-09-19 15:54:01,983:INFO: [TRAIN] Step: 669 ; Loss: 22.490 ; Acc: 53.862
2018-09-19 15:54:02,066:INFO: [TRAIN] Step: 670 ; Loss: 17.588 ; Acc: 53.856
2018-09-19 15:54:02,142:INFO: [TRAIN] Step: 671 ; Loss: 21.194 ; Acc: 53.857
2018-09-19 15:54:02,225:INFO: [TRAIN] Step: 672 ; Loss: 20.631 ; Acc: 53.863
2018-09-19 15:54:02,302:INFO: [TRAIN] Step: 673 ; Loss: 17.623 ; Acc: 53.876
2018-09-19 15:54:02,385:INFO: [TRAIN] Step: 674 ; Loss: 17.690 ; Acc: 53.901
2018-09-19 15:54:02,462:INFO: [TRAIN] Step: 675 ; Loss: 20.247 ; Acc: 53.920
2018-09-19 15:54:02,543:INFO: [TRAIN] Step: 676 ; Loss: 17.534 ; Acc: 53.927
2018-09-19 15:54:02,619:INFO: [TRAIN] Step: 677 ; Loss: 28.027 ; Acc: 53.896
2018-09-19 15:54:02,703:INFO: [TRAIN] Step: 678 ; Loss: 18.391 ; Acc: 53.909
2018-09-19 15:54:02,778:INFO: [TRAIN] Step: 679 ; Loss: 18.812 ; Acc: 53.903
2018-09-19 15:54:02,862:INFO: [TRAIN] Step: 680 ; Loss: 22.048 ; Acc: 53.891
2018-09-19 15:54:02,943:INFO: [TRAIN] Step: 681 ; Loss: 16.708 ; Acc: 53.916
2018-09-19 15:54:03,028:INFO: [TRAIN] Step: 682 ; Loss: 19.492 ; Acc: 53.923
2018-09-19 15:54:03,105:INFO: [TRAIN] Step: 683 ; Loss: 17.778 ; Acc: 53.929
2018-09-19 15:54:03,188:INFO: [TRAIN] Step: 684 ; Loss: 16.892 ; Acc: 53.942
2018-09-19 15:54:03,264:INFO: [TRAIN] Step: 685 ; Loss: 18.902 ; Acc: 53.948
2018-09-19 15:54:03,350:INFO: [TRAIN] Step: 686 ; Loss: 24.119 ; Acc: 53.942
2018-09-19 15:54:03,430:INFO: [TRAIN] Step: 687 ; Loss: 21.382 ; Acc: 53.961
2018-09-19 15:54:03,516:INFO: [TRAIN] Step: 688 ; Loss: 17.279 ; Acc: 53.991
2018-09-19 15:54:03,595:INFO: [TRAIN] Step: 689 ; Loss: 20.986 ; Acc: 53.998
2018-09-19 15:54:03,688:INFO: [TRAIN] Step: 690 ; Loss: 22.003 ; Acc: 53.998
2018-09-19 15:54:03,771:INFO: [TRAIN] Step: 691 ; Loss: 21.775 ; Acc: 53.998
2018-09-19 15:54:03,860:INFO: [TRAIN] Step: 692 ; Loss: 17.239 ; Acc: 54.028
2018-09-19 15:54:03,940:INFO: [TRAIN] Step: 693 ; Loss: 18.066 ; Acc: 54.023
2018-09-19 15:54:04,033:INFO: [TRAIN] Step: 694 ; Loss: 11.496 ; Acc: 54.059
2018-09-19 15:54:04,116:INFO: [TRAIN] Step: 695 ; Loss: 17.208 ; Acc: 54.071
2018-09-19 15:54:04,206:INFO: [TRAIN] Step: 696 ; Loss: 17.434 ; Acc: 54.095
2018-09-19 15:54:04,294:INFO: [TRAIN] Step: 697 ; Loss: 18.401 ; Acc: 54.125
2018-09-19 15:54:04,384:INFO: [TRAIN] Step: 698 ; Loss: 16.647 ; Acc: 54.119
2018-09-19 15:54:04,466:INFO: [TRAIN] Step: 699 ; Loss: 23.538 ; Acc: 54.113
2018-09-19 15:54:04,557:INFO: [TRAIN] Step: 700 ; Loss: 21.348 ; Acc: 54.101
2018-09-19 15:54:04,643:INFO: [TRAIN] Step: 701 ; Loss: 18.373 ; Acc: 54.107
2018-09-19 15:54:04,733:INFO: [TRAIN] Step: 702 ; Loss: 17.878 ; Acc: 54.113
2018-09-19 15:54:04,822:INFO: [TRAIN] Step: 703 ; Loss: 15.220 ; Acc: 54.113
2018-09-19 15:54:04,914:INFO: [TRAIN] Step: 704 ; Loss: 18.592 ; Acc: 54.125
2018-09-19 15:54:05,006:INFO: [TRAIN] Step: 705 ; Loss: 16.177 ; Acc: 54.155
2018-09-19 15:54:05,128:INFO: [TRAIN] Step: 706 ; Loss: 16.722 ; Acc: 54.190
2018-09-19 15:54:05,230:INFO: [TRAIN] Step: 707 ; Loss: 19.581 ; Acc: 54.196
2018-09-19 15:54:05,326:INFO: [TRAIN] Step: 708 ; Loss: 21.345 ; Acc: 54.184
2018-09-19 15:54:05,417:INFO: [TRAIN] Step: 709 ; Loss: 15.328 ; Acc: 54.202
2018-09-19 15:54:05,516:INFO: [TRAIN] Step: 710 ; Loss: 20.054 ; Acc: 54.202
2018-09-19 15:54:05,609:INFO: [TRAIN] Step: 711 ; Loss: 17.871 ; Acc: 54.202
2018-09-19 15:54:05,706:INFO: [TRAIN] Step: 712 ; Loss: 16.629 ; Acc: 54.208
2018-09-19 15:54:05,800:INFO: [TRAIN] Step: 713 ; Loss: 16.285 ; Acc: 54.231
2018-09-19 15:54:05,899:INFO: [TRAIN] Step: 714 ; Loss: 20.977 ; Acc: 54.219
2018-09-19 15:54:05,996:INFO: [TRAIN] Step: 715 ; Loss: 15.323 ; Acc: 54.260
2018-09-19 15:54:06,106:INFO: [TRAIN] Step: 716 ; Loss: 16.757 ; Acc: 54.271
2018-09-19 15:54:06,227:INFO: [TRAIN] Step: 717 ; Loss: 14.014 ; Acc: 54.300
2018-09-19 15:54:06,335:INFO: [TRAIN] Step: 718 ; Loss: 20.788 ; Acc: 54.294
2018-09-19 15:54:06,444:INFO: [TRAIN] Step: 719 ; Loss: 18.670 ; Acc: 54.306
2018-09-19 15:54:06,566:INFO: [TRAIN] Step: 720 ; Loss: 17.818 ; Acc: 54.311
2018-09-19 15:54:06,684:INFO: [TRAIN] Step: 721 ; Loss: 14.575 ; Acc: 54.334
2018-09-19 15:54:06,792:INFO: [TRAIN] Step: 722 ; Loss: 22.082 ; Acc: 54.340
2018-09-19 15:54:06,913:INFO: [TRAIN] Step: 723 ; Loss: 15.344 ; Acc: 54.345
2018-09-19 15:54:07,035:INFO: [TRAIN] Step: 724 ; Loss: 15.214 ; Acc: 54.345
2018-09-19 15:54:07,150:INFO: [TRAIN] Step: 725 ; Loss: 16.944 ; Acc: 54.350
2018-09-19 15:54:07,272:INFO: [TRAIN] Step: 726 ; Loss: 14.511 ; Acc: 54.362
2018-09-19 15:54:07,398:INFO: [TRAIN] Step: 727 ; Loss: 21.948 ; Acc: 54.356
2018-09-19 15:54:07,511:INFO: [TRAIN] Step: 728 ; Loss: 21.994 ; Acc: 54.350
2018-09-19 15:54:07,624:INFO: [TRAIN] Step: 729 ; Loss: 15.906 ; Acc: 54.366
2018-09-19 15:54:07,740:INFO: [TRAIN] Step: 730 ; Loss: 14.221 ; Acc: 54.383
2018-09-19 15:54:07,870:INFO: [TRAIN] Step: 731 ; Loss: 17.968 ; Acc: 54.383
2018-09-19 15:54:07,988:INFO: [TRAIN] Step: 732 ; Loss: 17.744 ; Acc: 54.388
2018-09-19 15:54:08,124:INFO: [TRAIN] Step: 733 ; Loss: 19.590 ; Acc: 54.394
2018-09-19 15:54:08,260:INFO: [TRAIN] Step: 734 ; Loss: 20.334 ; Acc: 54.388
2018-09-19 15:54:08,383:INFO: [TRAIN] Step: 735 ; Loss: 20.263 ; Acc: 54.404
2018-09-19 15:54:08,498:INFO: [TRAIN] Step: 736 ; Loss: 16.269 ; Acc: 54.432
2018-09-19 15:54:08,618:INFO: [TRAIN] Step: 737 ; Loss: 19.128 ; Acc: 54.449
2018-09-19 15:54:08,738:INFO: [TRAIN] Step: 738 ; Loss: 18.179 ; Acc: 54.460
2018-09-19 15:54:08,858:INFO: [TRAIN] Step: 739 ; Loss: 18.219 ; Acc: 54.476
2018-09-19 15:54:08,978:INFO: [TRAIN] Step: 740 ; Loss: 21.303 ; Acc: 54.487
2018-09-19 15:54:09,111:INFO: [TRAIN] Step: 741 ; Loss: 12.486 ; Acc: 54.526
2018-09-19 15:54:09,237:INFO: [TRAIN] Step: 742 ; Loss: 18.557 ; Acc: 54.526
2018-09-19 15:54:09,374:INFO: [TRAIN] Step: 743 ; Loss: 21.283 ; Acc: 54.542
2018-09-19 15:54:09,507:INFO: [TRAIN] Step: 744 ; Loss: 21.141 ; Acc: 54.541
2018-09-19 15:54:09,643:INFO: [TRAIN] Step: 745 ; Loss: 16.741 ; Acc: 54.552
2018-09-19 15:54:09,784:INFO: [TRAIN] Step: 746 ; Loss: 21.629 ; Acc: 54.546
2018-09-19 15:54:09,911:INFO: [TRAIN] Step: 747 ; Loss: 17.944 ; Acc: 54.540
2018-09-19 15:54:10,031:INFO: [TRAIN] Step: 748 ; Loss: 15.822 ; Acc: 54.567
2018-09-19 15:54:10,147:INFO: [TRAIN] Step: 749 ; Loss: 24.400 ; Acc: 54.556
2018-09-19 15:54:10,266:INFO: [TRAIN] Step: 750 ; Loss: 15.621 ; Acc: 54.583
2018-09-19 15:54:10,377:INFO: [TRAIN] Step: 751 ; Loss: 19.448 ; Acc: 54.582
2018-09-19 15:54:10,500:INFO: [TRAIN] Step: 752 ; Loss: 21.243 ; Acc: 54.554
2018-09-19 15:54:10,620:INFO: [TRAIN] Step: 753 ; Loss: 20.212 ; Acc: 54.570
2018-09-19 15:54:10,748:INFO: [TRAIN] Step: 754 ; Loss: 15.811 ; Acc: 54.586
2018-09-19 15:54:10,871:INFO: [TRAIN] Step: 755 ; Loss: 18.835 ; Acc: 54.586
2018-09-19 15:54:10,986:INFO: [TRAIN] Step: 756 ; Loss: 14.888 ; Acc: 54.613
2018-09-19 15:54:11,103:INFO: [TRAIN] Step: 757 ; Loss: 17.935 ; Acc: 54.639
2018-09-19 15:54:11,221:INFO: [TRAIN] Step: 758 ; Loss: 20.315 ; Acc: 54.655
2018-09-19 15:54:11,339:INFO: [TRAIN] Step: 759 ; Loss: 13.744 ; Acc: 54.671
2018-09-19 15:54:11,452:INFO: [TRAIN] Step: 760 ; Loss: 23.741 ; Acc: 54.692
2018-09-19 15:54:11,572:INFO: [TRAIN] Step: 761 ; Loss: 20.529 ; Acc: 54.697
2018-09-19 15:54:11,689:INFO: [TRAIN] Step: 762 ; Loss: 10.652 ; Acc: 54.746
2018-09-19 15:54:11,805:INFO: [TRAIN] Step: 763 ; Loss: 21.145 ; Acc: 54.750
2018-09-19 15:54:11,922:INFO: [TRAIN] Step: 764 ; Loss: 19.714 ; Acc: 54.766
2018-09-19 15:54:12,039:INFO: [TRAIN] Step: 765 ; Loss: 22.186 ; Acc: 54.770
2018-09-19 15:54:12,155:INFO: [TRAIN] Step: 766 ; Loss: 17.650 ; Acc: 54.775
2018-09-19 15:54:12,273:INFO: [TRAIN] Step: 767 ; Loss: 13.630 ; Acc: 54.801
2018-09-19 15:54:12,392:INFO: [TRAIN] Step: 768 ; Loss: 16.162 ; Acc: 54.817
2018-09-19 15:54:12,510:INFO: [TRAIN] Step: 769 ; Loss: 17.365 ; Acc: 54.827
2018-09-19 15:54:12,628:INFO: [TRAIN] Step: 770 ; Loss: 14.282 ; Acc: 54.864
2018-09-19 15:54:12,742:INFO: [TRAIN] Step: 771 ; Loss: 18.383 ; Acc: 54.874
2018-09-19 15:54:12,858:INFO: [TRAIN] Step: 772 ; Loss: 16.966 ; Acc: 54.894
2018-09-19 15:54:12,993:INFO: [TRAIN] Step: 773 ; Loss: 15.894 ; Acc: 54.910
2018-09-19 15:54:13,129:INFO: [TRAIN] Step: 774 ; Loss: 17.856 ; Acc: 54.914
2018-09-19 15:54:13,261:INFO: [TRAIN] Step: 775 ; Loss: 11.581 ; Acc: 54.945
2018-09-19 15:54:13,381:INFO: [TRAIN] Step: 776 ; Loss: 14.972 ; Acc: 54.976
2018-09-19 15:54:13,511:INFO: [TRAIN] Step: 777 ; Loss: 20.093 ; Acc: 54.970
2018-09-19 15:54:13,641:INFO: [TRAIN] Step: 778 ; Loss: 21.275 ; Acc: 54.990
2018-09-19 15:54:13,761:INFO: [TRAIN] Step: 779 ; Loss: 21.241 ; Acc: 55.005
2018-09-19 15:54:13,893:INFO: [TRAIN] Step: 780 ; Loss: 19.987 ; Acc: 54.983
2018-09-19 15:54:14,041:INFO: [TRAIN] Step: 781 ; Loss: 23.500 ; Acc: 54.987
2018-09-19 15:54:14,188:INFO: [TRAIN] Step: 782 ; Loss: 13.144 ; Acc: 55.013
2018-09-19 15:54:14,317:INFO: [TRAIN] Step: 783 ; Loss: 14.923 ; Acc: 55.028
2018-09-19 15:54:14,445:INFO: [TRAIN] Step: 784 ; Loss: 11.764 ; Acc: 55.058
2018-09-19 15:54:14,586:INFO: [TRAIN] Step: 785 ; Loss: 20.189 ; Acc: 55.063
2018-09-19 15:54:14,706:INFO: [TRAIN] Step: 786 ; Loss: 18.218 ; Acc: 55.061
2018-09-19 15:54:14,827:INFO: [TRAIN] Step: 787 ; Loss: 21.281 ; Acc: 55.060
2018-09-19 15:54:14,950:INFO: [TRAIN] Step: 788 ; Loss: 16.772 ; Acc: 55.064
2018-09-19 15:54:15,072:INFO: [TRAIN] Step: 789 ; Loss: 19.818 ; Acc: 55.047
2018-09-19 15:54:15,191:INFO: [TRAIN] Step: 790 ; Loss: 20.728 ; Acc: 55.036
2018-09-19 15:54:15,318:INFO: [TRAIN] Step: 791 ; Loss: 22.525 ; Acc: 55.035
2018-09-19 15:54:15,432:INFO: [TRAIN] Step: 792 ; Loss: 17.447 ; Acc: 55.044
2018-09-19 15:54:15,555:INFO: [TRAIN] Step: 793 ; Loss: 19.525 ; Acc: 55.038
2018-09-19 15:54:15,674:INFO: [TRAIN] Step: 794 ; Loss: 19.895 ; Acc: 55.052
2018-09-19 15:54:15,798:INFO: [TRAIN] Step: 795 ; Loss: 23.114 ; Acc: 55.062
2018-09-19 15:54:15,915:INFO: [TRAIN] Step: 796 ; Loss: 17.528 ; Acc: 55.050
2018-09-19 15:54:16,035:INFO: [TRAIN] Step: 797 ; Loss: 18.828 ; Acc: 55.054
2018-09-19 15:54:16,151:INFO: [TRAIN] Step: 798 ; Loss: 15.982 ; Acc: 55.053
2018-09-19 15:54:16,268:INFO: [TRAIN] Step: 799 ; Loss: 24.974 ; Acc: 55.047
2018-09-19 15:54:16,385:INFO: [TRAIN] Step: 800 ; Loss: 18.468 ; Acc: 55.056
2018-09-19 15:54:16,503:INFO: [TRAIN] Step: 801 ; Loss: 17.061 ; Acc: 55.060
2018-09-19 15:54:16,621:INFO: [TRAIN] Step: 802 ; Loss: 18.671 ; Acc: 55.054
2018-09-19 15:54:16,737:INFO: [TRAIN] Step: 803 ; Loss: 19.366 ; Acc: 55.048
2018-09-19 15:54:16,856:INFO: [TRAIN] Step: 804 ; Loss: 22.395 ; Acc: 55.047
2018-09-19 15:54:16,973:INFO: [TRAIN] Step: 805 ; Loss: 16.407 ; Acc: 55.066
2018-09-19 15:54:17,096:INFO: [TRAIN] Step: 806 ; Loss: 16.780 ; Acc: 55.086
2018-09-19 15:54:17,212:INFO: [TRAIN] Step: 807 ; Loss: 20.979 ; Acc: 55.105
2018-09-19 15:54:17,326:INFO: [TRAIN] Step: 808 ; Loss: 16.077 ; Acc: 55.130
2018-09-19 15:54:17,444:INFO: [TRAIN] Step: 809 ; Loss: 12.279 ; Acc: 55.134
2018-09-19 15:54:17,570:INFO: [TRAIN] Step: 810 ; Loss: 12.703 ; Acc: 55.148
2018-09-19 15:54:17,687:INFO: [TRAIN] Step: 811 ; Loss: 13.579 ; Acc: 55.178
2018-09-19 15:54:17,801:INFO: [TRAIN] Step: 812 ; Loss: 21.036 ; Acc: 55.181
2018-09-19 15:54:17,924:INFO: [TRAIN] Step: 813 ; Loss: 19.213 ; Acc: 55.170
2018-09-19 15:54:18,041:INFO: [TRAIN] Step: 814 ; Loss: 20.738 ; Acc: 55.164
2018-09-19 15:54:18,162:INFO: [TRAIN] Step: 815 ; Loss: 19.012 ; Acc: 55.173
2018-09-19 15:54:18,285:INFO: [TRAIN] Step: 816 ; Loss: 15.422 ; Acc: 55.182
2018-09-19 15:54:18,409:INFO: [TRAIN] Step: 817 ; Loss: 22.622 ; Acc: 55.170
2018-09-19 15:54:18,528:INFO: [TRAIN] Step: 818 ; Loss: 16.159 ; Acc: 55.189
2018-09-19 15:54:18,652:INFO: [TRAIN] Step: 819 ; Loss: 14.619 ; Acc: 55.218
2018-09-19 15:54:18,768:INFO: [TRAIN] Step: 820 ; Loss: 17.401 ; Acc: 55.232
2018-09-19 15:54:18,890:INFO: [TRAIN] Step: 821 ; Loss: 21.921 ; Acc: 55.221
2018-09-19 15:54:19,011:INFO: [TRAIN] Step: 822 ; Loss: 17.395 ; Acc: 55.245
2018-09-19 15:54:19,129:INFO: [TRAIN] Step: 823 ; Loss: 19.043 ; Acc: 55.244
2018-09-19 15:54:19,245:INFO: [TRAIN] Step: 824 ; Loss: 21.232 ; Acc: 55.242
2018-09-19 15:54:19,363:INFO: [TRAIN] Step: 825 ; Loss: 20.464 ; Acc: 55.251
2018-09-19 15:54:19,482:INFO: [TRAIN] Step: 826 ; Loss: 15.470 ; Acc: 55.265
2018-09-19 15:54:19,597:INFO: [TRAIN] Step: 827 ; Loss: 16.166 ; Acc: 55.274
2018-09-19 15:54:19,715:INFO: [TRAIN] Step: 828 ; Loss: 14.733 ; Acc: 55.287
2018-09-19 15:54:19,833:INFO: [TRAIN] Step: 829 ; Loss: 19.829 ; Acc: 55.296
2018-09-19 15:54:19,947:INFO: [TRAIN] Step: 830 ; Loss: 16.450 ; Acc: 55.310
2018-09-19 15:54:20,063:INFO: [TRAIN] Step: 831 ; Loss: 18.337 ; Acc: 55.324
2018-09-19 15:54:20,183:INFO: [TRAIN] Step: 832 ; Loss: 22.337 ; Acc: 55.307
2018-09-19 15:54:20,296:INFO: [TRAIN] Step: 833 ; Loss: 19.224 ; Acc: 55.321
2018-09-19 15:54:20,415:INFO: [TRAIN] Step: 834 ; Loss: 16.963 ; Acc: 55.329
2018-09-19 15:54:20,535:INFO: [TRAIN] Step: 835 ; Loss: 17.781 ; Acc: 55.333
2018-09-19 15:54:20,653:INFO: [TRAIN] Step: 836 ; Loss: 17.079 ; Acc: 55.351
2018-09-19 15:54:20,778:INFO: [TRAIN] Step: 837 ; Loss: 15.889 ; Acc: 55.375
2018-09-19 15:54:20,901:INFO: [TRAIN] Step: 838 ; Loss: 13.948 ; Acc: 55.403
2018-09-19 15:54:21,017:INFO: [TRAIN] Step: 839 ; Loss: 16.044 ; Acc: 55.412
2018-09-19 15:54:21,131:INFO: [TRAIN] Step: 840 ; Loss: 17.106 ; Acc: 55.445
2018-09-19 15:54:21,244:INFO: [TRAIN] Step: 841 ; Loss: 16.831 ; Acc: 55.458
2018-09-19 15:54:21,361:INFO: [TRAIN] Step: 842 ; Loss: 13.226 ; Acc: 55.467
2018-09-19 15:54:21,473:INFO: [TRAIN] Step: 843 ; Loss: 19.511 ; Acc: 55.475
2018-09-19 15:54:21,591:INFO: [TRAIN] Step: 844 ; Loss: 18.073 ; Acc: 55.473
2018-09-19 15:54:21,715:INFO: [TRAIN] Step: 845 ; Loss: 18.073 ; Acc: 55.477
2018-09-19 15:54:21,835:INFO: [TRAIN] Step: 846 ; Loss: 16.725 ; Acc: 55.490
2018-09-19 15:54:21,950:INFO: [TRAIN] Step: 847 ; Loss: 20.871 ; Acc: 55.503
2018-09-19 15:54:22,069:INFO: [TRAIN] Step: 848 ; Loss: 19.147 ; Acc: 55.516
2018-09-19 15:54:22,190:INFO: [TRAIN] Step: 849 ; Loss: 13.492 ; Acc: 55.534
2018-09-19 15:54:22,311:INFO: [TRAIN] Step: 850 ; Loss: 20.049 ; Acc: 55.518
2018-09-19 15:54:22,430:INFO: [TRAIN] Step: 851 ; Loss: 15.550 ; Acc: 55.521
2018-09-19 15:54:22,545:INFO: [TRAIN] Step: 852 ; Loss: 18.348 ; Acc: 55.549
2018-09-19 15:54:22,657:INFO: [TRAIN] Step: 853 ; Loss: 17.349 ; Acc: 55.562
2018-09-19 15:54:22,780:INFO: [TRAIN] Step: 854 ; Loss: 16.448 ; Acc: 55.565
2018-09-19 15:54:22,904:INFO: [TRAIN] Step: 855 ; Loss: 20.505 ; Acc: 55.559
2018-09-19 15:54:23,024:INFO: [TRAIN] Step: 856 ; Loss: 15.399 ; Acc: 55.572
2018-09-19 15:54:23,138:INFO: [TRAIN] Step: 857 ; Loss: 20.499 ; Acc: 55.570
2018-09-19 15:54:23,252:INFO: [TRAIN] Step: 858 ; Loss: 16.000 ; Acc: 55.602
2018-09-19 15:54:23,372:INFO: [TRAIN] Step: 859 ; Loss: 24.070 ; Acc: 55.601
2018-09-19 15:54:23,487:INFO: [TRAIN] Step: 860 ; Loss: 22.227 ; Acc: 55.589
2018-09-19 15:54:23,605:INFO: [TRAIN] Step: 861 ; Loss: 19.025 ; Acc: 55.602
2018-09-19 15:54:23,721:INFO: [TRAIN] Step: 862 ; Loss: 23.320 ; Acc: 55.591
2018-09-19 15:54:23,838:INFO: [TRAIN] Step: 863 ; Loss: 20.541 ; Acc: 55.584
2018-09-19 15:54:23,954:INFO: [TRAIN] Step: 864 ; Loss: 16.702 ; Acc: 55.583
2018-09-19 15:54:24,073:INFO: [TRAIN] Step: 865 ; Loss: 15.248 ; Acc: 55.605
2018-09-19 15:54:24,188:INFO: [TRAIN] Step: 866 ; Loss: 14.731 ; Acc: 55.613
2018-09-19 15:54:24,300:INFO: [TRAIN] Step: 867 ; Loss: 17.257 ; Acc: 55.602
2018-09-19 15:54:24,415:INFO: [TRAIN] Step: 868 ; Loss: 17.096 ; Acc: 55.605
2018-09-19 15:54:24,531:INFO: [TRAIN] Step: 869 ; Loss: 22.819 ; Acc: 55.608
2018-09-19 15:54:24,643:INFO: [TRAIN] Step: 870 ; Loss: 24.803 ; Acc: 55.587
2018-09-19 15:54:24,756:INFO: [TRAIN] Step: 871 ; Loss: 14.263 ; Acc: 55.600
2018-09-19 15:54:24,864:INFO: [TRAIN] Step: 872 ; Loss: 16.400 ; Acc: 55.608
2018-09-19 15:54:24,976:INFO: [TRAIN] Step: 873 ; Loss: 20.572 ; Acc: 55.621
2018-09-19 15:54:25,085:INFO: [TRAIN] Step: 874 ; Loss: 19.985 ; Acc: 55.610
2018-09-19 15:54:25,196:INFO: [TRAIN] Step: 875 ; Loss: 16.418 ; Acc: 55.622
2018-09-19 15:54:25,305:INFO: [TRAIN] Step: 876 ; Loss: 15.296 ; Acc: 55.649
2018-09-19 15:54:25,409:INFO: [TRAIN] Step: 877 ; Loss: 19.601 ; Acc: 55.652
2018-09-19 15:54:25,514:INFO: [TRAIN] Step: 878 ; Loss: 17.522 ; Acc: 55.655
2018-09-19 15:54:25,620:INFO: [TRAIN] Step: 879 ; Loss: 25.167 ; Acc: 55.644
2018-09-19 15:54:25,726:INFO: [TRAIN] Step: 880 ; Loss: 24.112 ; Acc: 55.642
2018-09-19 15:54:25,843:INFO: [TRAIN] Step: 881 ; Loss: 12.635 ; Acc: 55.655
2018-09-19 15:54:25,945:INFO: [TRAIN] Step: 882 ; Loss: 15.338 ; Acc: 55.667
2018-09-19 15:54:26,053:INFO: [TRAIN] Step: 883 ; Loss: 13.170 ; Acc: 55.684
2018-09-19 15:54:26,154:INFO: [TRAIN] Step: 884 ; Loss: 20.142 ; Acc: 55.692
2018-09-19 15:54:26,250:INFO: [TRAIN] Step: 885 ; Loss: 19.938 ; Acc: 55.695
2018-09-19 15:54:26,363:INFO: [TRAIN] Step: 886 ; Loss: 20.953 ; Acc: 55.689
2018-09-19 15:54:26,471:INFO: [TRAIN] Step: 887 ; Loss: 21.617 ; Acc: 55.682
2018-09-19 15:54:26,578:INFO: [TRAIN] Step: 888 ; Loss: 21.174 ; Acc: 55.676
2018-09-19 15:54:26,683:INFO: [TRAIN] Step: 889 ; Loss: 25.934 ; Acc: 55.679
2018-09-19 15:54:26,786:INFO: [TRAIN] Step: 890 ; Loss: 22.784 ; Acc: 55.668
2018-09-19 15:54:26,893:INFO: [TRAIN] Step: 891 ; Loss: 15.143 ; Acc: 55.689
2018-09-19 15:54:27,000:INFO: [TRAIN] Step: 892 ; Loss: 14.844 ; Acc: 55.716
2018-09-19 15:54:27,108:INFO: [TRAIN] Step: 893 ; Loss: 16.835 ; Acc: 55.709
2018-09-19 15:54:27,206:INFO: [TRAIN] Step: 894 ; Loss: 16.011 ; Acc: 55.717
2018-09-19 15:54:27,303:INFO: [TRAIN] Step: 895 ; Loss: 23.091 ; Acc: 55.725
2018-09-19 15:54:27,403:INFO: [TRAIN] Step: 896 ; Loss: 14.882 ; Acc: 55.732
2018-09-19 15:54:27,504:INFO: [TRAIN] Step: 897 ; Loss: 18.826 ; Acc: 55.740
2018-09-19 15:54:27,605:INFO: [TRAIN] Step: 898 ; Loss: 14.774 ; Acc: 55.747
2018-09-19 15:54:27,707:INFO: [TRAIN] Step: 899 ; Loss: 18.196 ; Acc: 55.745
2018-09-19 15:54:27,829:INFO: [TRAIN] Step: 900 ; Loss: 17.031 ; Acc: 55.744
2018-09-19 15:54:27,931:INFO: [TRAIN] Step: 901 ; Loss: 18.292 ; Acc: 55.756
2018-09-19 15:54:28,040:INFO: [TRAIN] Step: 902 ; Loss: 12.113 ; Acc: 55.768
2018-09-19 15:54:28,141:INFO: [TRAIN] Step: 903 ; Loss: 14.160 ; Acc: 55.784
2018-09-19 15:54:28,244:INFO: [TRAIN] Step: 904 ; Loss: 15.923 ; Acc: 55.792
2018-09-19 15:54:28,354:INFO: [TRAIN] Step: 905 ; Loss: 20.271 ; Acc: 55.799
2018-09-19 15:54:28,458:INFO: [TRAIN] Step: 906 ; Loss: 16.835 ; Acc: 55.802
2018-09-19 15:54:28,570:INFO: [TRAIN] Step: 907 ; Loss: 22.583 ; Acc: 55.800
2018-09-19 15:54:28,675:INFO: [TRAIN] Step: 908 ; Loss: 19.889 ; Acc: 55.798
2018-09-19 15:54:28,779:INFO: [TRAIN] Step: 909 ; Loss: 19.349 ; Acc: 55.792
2018-09-19 15:54:28,883:INFO: [TRAIN] Step: 910 ; Loss: 17.488 ; Acc: 55.790
2018-09-19 15:54:28,996:INFO: [TRAIN] Step: 911 ; Loss: 13.712 ; Acc: 55.816
2018-09-19 15:54:29,097:INFO: [TRAIN] Step: 912 ; Loss: 17.935 ; Acc: 55.814
2018-09-19 15:54:29,197:INFO: [TRAIN] Step: 913 ; Loss: 17.351 ; Acc: 55.808
2018-09-19 15:54:29,295:INFO: [TRAIN] Step: 914 ; Loss: 17.826 ; Acc: 55.806
2018-09-19 15:54:29,386:INFO: [TRAIN] Step: 915 ; Loss: 17.992 ; Acc: 55.822
2018-09-19 15:54:29,488:INFO: [TRAIN] Step: 916 ; Loss: 16.960 ; Acc: 55.839
2018-09-19 15:54:29,595:INFO: [TRAIN] Step: 917 ; Loss: 16.917 ; Acc: 55.864
2018-09-19 15:54:29,707:INFO: [TRAIN] Step: 918 ; Loss: 14.048 ; Acc: 55.880
2018-09-19 15:54:29,815:INFO: [TRAIN] Step: 919 ; Loss: 19.312 ; Acc: 55.879
2018-09-19 15:54:29,930:INFO: [TRAIN] Step: 920 ; Loss: 19.086 ; Acc: 55.881
2018-09-19 15:54:30,029:INFO: [TRAIN] Step: 921 ; Loss: 17.261 ; Acc: 55.879
2018-09-19 15:54:30,122:INFO: [TRAIN] Step: 922 ; Loss: 12.889 ; Acc: 55.905
2018-09-19 15:54:30,226:INFO: [TRAIN] Step: 923 ; Loss: 18.787 ; Acc: 55.916
2018-09-19 15:54:30,328:INFO: [TRAIN] Step: 924 ; Loss: 21.632 ; Acc: 55.928
2018-09-19 15:54:30,429:INFO: [TRAIN] Step: 925 ; Loss: 15.970 ; Acc: 55.940
2018-09-19 15:54:30,529:INFO: [TRAIN] Step: 926 ; Loss: 12.631 ; Acc: 55.965
2018-09-19 15:54:30,621:INFO: [TRAIN] Step: 927 ; Loss: 15.180 ; Acc: 55.976
2018-09-19 15:54:30,726:INFO: [TRAIN] Step: 928 ; Loss: 18.438 ; Acc: 55.979
2018-09-19 15:54:30,838:INFO: [TRAIN] Step: 929 ; Loss: 18.350 ; Acc: 55.977
2018-09-19 15:54:30,942:INFO: [TRAIN] Step: 930 ; Loss: 14.914 ; Acc: 55.993
2018-09-19 15:54:31,045:INFO: [TRAIN] Step: 931 ; Loss: 13.374 ; Acc: 56.004
2018-09-19 15:54:31,145:INFO: [TRAIN] Step: 932 ; Loss: 15.877 ; Acc: 56.016
2018-09-19 15:54:31,243:INFO: [TRAIN] Step: 933 ; Loss: 14.580 ; Acc: 56.036
2018-09-19 15:54:31,342:INFO: [TRAIN] Step: 934 ; Loss: 17.760 ; Acc: 56.043
2018-09-19 15:54:31,443:INFO: [TRAIN] Step: 935 ; Loss: 19.485 ; Acc: 56.041
2018-09-19 15:54:31,542:INFO: [TRAIN] Step: 936 ; Loss: 20.682 ; Acc: 56.039
2018-09-19 15:54:31,638:INFO: [TRAIN] Step: 937 ; Loss: 17.821 ; Acc: 56.050
2018-09-19 15:54:31,745:INFO: [TRAIN] Step: 938 ; Loss: 18.117 ; Acc: 56.053
2018-09-19 15:54:31,850:INFO: [TRAIN] Step: 939 ; Loss: 15.323 ; Acc: 56.073
2018-09-19 15:54:31,953:INFO: [TRAIN] Step: 940 ; Loss: 19.551 ; Acc: 56.071
2018-09-19 15:54:32,054:INFO: [TRAIN] Step: 941 ; Loss: 16.209 ; Acc: 56.077
2018-09-19 15:54:32,153:INFO: [TRAIN] Step: 942 ; Loss: 15.207 ; Acc: 56.093
2018-09-19 15:54:32,246:INFO: [TRAIN] Step: 943 ; Loss: 16.834 ; Acc: 56.109
2018-09-19 15:54:32,344:INFO: [TRAIN] Step: 944 ; Loss: 22.224 ; Acc: 56.107
2018-09-19 15:54:32,442:INFO: [TRAIN] Step: 945 ; Loss: 18.369 ; Acc: 56.091
2018-09-19 15:54:32,543:INFO: [TRAIN] Step: 946 ; Loss: 16.753 ; Acc: 56.081
2018-09-19 15:54:32,640:INFO: [TRAIN] Step: 947 ; Loss: 19.013 ; Acc: 56.087
2018-09-19 15:54:32,741:INFO: [TRAIN] Step: 948 ; Loss: 18.281 ; Acc: 56.081
2018-09-19 15:54:32,836:INFO: [TRAIN] Step: 949 ; Loss: 23.289 ; Acc: 56.079
2018-09-19 15:54:32,938:INFO: [TRAIN] Step: 950 ; Loss: 14.684 ; Acc: 56.099
2018-09-19 15:54:33,034:INFO: [TRAIN] Step: 951 ; Loss: 19.787 ; Acc: 56.097
2018-09-19 15:54:33,135:INFO: [TRAIN] Step: 952 ; Loss: 20.502 ; Acc: 56.086
2018-09-19 15:54:33,232:INFO: [TRAIN] Step: 953 ; Loss: 19.056 ; Acc: 56.093
2018-09-19 15:54:33,335:INFO: [TRAIN] Step: 954 ; Loss: 19.167 ; Acc: 56.099
2018-09-19 15:54:33,433:INFO: [TRAIN] Step: 955 ; Loss: 21.296 ; Acc: 56.089
2018-09-19 15:54:33,535:INFO: [TRAIN] Step: 956 ; Loss: 15.397 ; Acc: 56.117
2018-09-19 15:54:33,632:INFO: [TRAIN] Step: 957 ; Loss: 15.791 ; Acc: 56.124
2018-09-19 15:54:33,737:INFO: [TRAIN] Step: 958 ; Loss: 17.972 ; Acc: 56.135
2018-09-19 15:54:33,835:INFO: [TRAIN] Step: 959 ; Loss: 16.266 ; Acc: 56.150
2018-09-19 15:54:33,937:INFO: [TRAIN] Step: 960 ; Loss: 16.353 ; Acc: 56.161
2018-09-19 15:54:34,032:INFO: [TRAIN] Step: 961 ; Loss: 20.748 ; Acc: 56.168
2018-09-19 15:54:34,131:INFO: [TRAIN] Step: 962 ; Loss: 13.044 ; Acc: 56.192
2018-09-19 15:54:34,224:INFO: [TRAIN] Step: 963 ; Loss: 17.794 ; Acc: 56.194
2018-09-19 15:54:34,324:INFO: [TRAIN] Step: 964 ; Loss: 16.301 ; Acc: 56.213
2018-09-19 15:54:34,417:INFO: [TRAIN] Step: 965 ; Loss: 16.762 ; Acc: 56.211
2018-09-19 15:54:34,522:INFO: [TRAIN] Step: 966 ; Loss: 19.491 ; Acc: 56.218
2018-09-19 15:54:34,614:INFO: [TRAIN] Step: 967 ; Loss: 20.081 ; Acc: 56.224
2018-09-19 15:54:34,714:INFO: [TRAIN] Step: 968 ; Loss: 17.086 ; Acc: 56.231
2018-09-19 15:54:34,810:INFO: [TRAIN] Step: 969 ; Loss: 18.819 ; Acc: 56.241
2018-09-19 15:54:34,909:INFO: [TRAIN] Step: 970 ; Loss: 14.620 ; Acc: 56.256
2018-09-19 15:54:35,004:INFO: [TRAIN] Step: 971 ; Loss: 18.280 ; Acc: 56.263
2018-09-19 15:54:35,104:INFO: [TRAIN] Step: 972 ; Loss: 21.688 ; Acc: 56.261
2018-09-19 15:54:35,199:INFO: [TRAIN] Step: 973 ; Loss: 17.574 ; Acc: 56.271
2018-09-19 15:54:35,302:INFO: [TRAIN] Step: 974 ; Loss: 13.221 ; Acc: 56.295
2018-09-19 15:54:35,401:INFO: [TRAIN] Step: 975 ; Loss: 19.990 ; Acc: 56.301
2018-09-19 15:54:35,499:INFO: [TRAIN] Step: 976 ; Loss: 16.475 ; Acc: 56.320
2018-09-19 15:54:35,598:INFO: [TRAIN] Step: 977 ; Loss: 18.325 ; Acc: 56.335
2018-09-19 15:54:35,699:INFO: [TRAIN] Step: 978 ; Loss: 13.474 ; Acc: 56.350
2018-09-19 15:54:35,796:INFO: [TRAIN] Step: 979 ; Loss: 13.621 ; Acc: 56.365
2018-09-19 15:54:35,896:INFO: [TRAIN] Step: 980 ; Loss: 14.389 ; Acc: 56.384
2018-09-19 15:54:35,996:INFO: [TRAIN] Step: 981 ; Loss: 17.622 ; Acc: 56.386
2018-09-19 15:54:36,098:INFO: [TRAIN] Step: 982 ; Loss: 16.707 ; Acc: 56.405
2018-09-19 15:54:36,193:INFO: [TRAIN] Step: 983 ; Loss: 19.363 ; Acc: 56.419
2018-09-19 15:54:36,296:INFO: [TRAIN] Step: 984 ; Loss: 17.194 ; Acc: 56.417
2018-09-19 15:54:36,391:INFO: [TRAIN] Step: 985 ; Loss: 16.704 ; Acc: 56.436
2018-09-19 15:54:36,492:INFO: [TRAIN] Step: 986 ; Loss: 12.610 ; Acc: 56.451
2018-09-19 15:54:36,589:INFO: [TRAIN] Step: 987 ; Loss: 22.663 ; Acc: 56.457
2018-09-19 15:54:36,688:INFO: [TRAIN] Step: 988 ; Loss: 19.188 ; Acc: 56.450
2018-09-19 15:54:36,785:INFO: [TRAIN] Step: 989 ; Loss: 18.617 ; Acc: 56.456
2018-09-19 15:54:36,882:INFO: [TRAIN] Step: 990 ; Loss: 18.567 ; Acc: 56.462
2018-09-19 15:54:36,974:INFO: [TRAIN] Step: 991 ; Loss: 16.663 ; Acc: 56.477
2018-09-19 15:54:37,077:INFO: [TRAIN] Step: 992 ; Loss: 19.625 ; Acc: 56.479
2018-09-19 15:54:37,183:INFO: [TRAIN] Step: 993 ; Loss: 12.295 ; Acc: 56.506
2018-09-19 15:54:37,285:INFO: [TRAIN] Step: 994 ; Loss: 17.101 ; Acc: 56.528
2018-09-19 15:54:37,380:INFO: [TRAIN] Step: 995 ; Loss: 20.142 ; Acc: 56.534
2018-09-19 15:54:37,478:INFO: [TRAIN] Step: 996 ; Loss: 14.802 ; Acc: 56.549
2018-09-19 15:54:37,575:INFO: [TRAIN] Step: 997 ; Loss: 22.262 ; Acc: 56.534
2018-09-19 15:54:37,676:INFO: [TRAIN] Step: 998 ; Loss: 15.473 ; Acc: 56.561
2018-09-19 15:54:37,770:INFO: [TRAIN] Step: 999 ; Loss: 13.680 ; Acc: 56.579
2018-09-19 15:54:37,872:INFO: [TRAIN] Step: 1000 ; Loss: 19.525 ; Acc: 56.593
2018-09-19 15:54:37,970:INFO: [TRAIN] Step: 1001 ; Loss: 17.488 ; Acc: 56.599
2018-09-19 15:54:38,072:INFO: [TRAIN] Step: 1002 ; Loss: 18.875 ; Acc: 56.618
2018-09-19 15:54:38,166:INFO: [TRAIN] Step: 1003 ; Loss: 19.747 ; Acc: 56.619
2018-09-19 15:54:38,272:INFO: [TRAIN] Step: 1004 ; Loss: 17.536 ; Acc: 56.617
2018-09-19 15:54:38,364:INFO: [TRAIN] Step: 1005 ; Loss: 14.564 ; Acc: 56.643
2018-09-19 15:54:38,467:INFO: [TRAIN] Step: 1006 ; Loss: 18.599 ; Acc: 56.645
2018-09-19 15:54:38,559:INFO: [TRAIN] Step: 1007 ; Loss: 13.686 ; Acc: 56.659
2018-09-19 15:54:38,658:INFO: [TRAIN] Step: 1008 ; Loss: 23.336 ; Acc: 56.653
2018-09-19 15:54:38,754:INFO: [TRAIN] Step: 1009 ; Loss: 18.526 ; Acc: 56.663
2018-09-19 15:54:38,856:INFO: [TRAIN] Step: 1010 ; Loss: 15.088 ; Acc: 56.685
2018-09-19 15:54:38,954:INFO: [TRAIN] Step: 1011 ; Loss: 18.864 ; Acc: 56.699
2018-09-19 15:54:39,056:INFO: [TRAIN] Step: 1012 ; Loss: 16.804 ; Acc: 56.717
2018-09-19 15:54:39,152:INFO: [TRAIN] Step: 1013 ; Loss: 21.810 ; Acc: 56.723
2018-09-19 15:54:39,253:INFO: [TRAIN] Step: 1014 ; Loss: 14.233 ; Acc: 56.745
2018-09-19 15:54:39,348:INFO: [TRAIN] Step: 1015 ; Loss: 21.822 ; Acc: 56.746
2018-09-19 15:54:39,453:INFO: [TRAIN] Step: 1016 ; Loss: 13.475 ; Acc: 56.756
2018-09-19 15:54:39,564:INFO: [TRAIN] Step: 1017 ; Loss: 12.970 ; Acc: 56.778
2018-09-19 15:54:39,676:INFO: [TRAIN] Step: 1018 ; Loss: 16.705 ; Acc: 56.792
2018-09-19 15:54:39,797:INFO: [TRAIN] Step: 1019 ; Loss: 15.581 ; Acc: 56.810
2018-09-19 15:54:39,904:INFO: [TRAIN] Step: 1020 ; Loss: 20.368 ; Acc: 56.807
2018-09-19 15:54:40,016:INFO: [TRAIN] Step: 1021 ; Loss: 21.639 ; Acc: 56.796
2018-09-19 15:54:40,139:INFO: [TRAIN] Step: 1022 ; Loss: 19.182 ; Acc: 56.790
2018-09-19 15:54:40,263:INFO: [TRAIN] Step: 1023 ; Loss: 15.158 ; Acc: 56.791
2018-09-19 15:54:40,389:INFO: [TRAIN] Step: 1024 ; Loss: 14.394 ; Acc: 56.805
2018-09-19 15:54:40,506:INFO: [TRAIN] Step: 1025 ; Loss: 15.881 ; Acc: 56.810
2018-09-19 15:54:40,612:INFO: [TRAIN] Step: 1026 ; Loss: 25.697 ; Acc: 56.804
2018-09-19 15:54:40,717:INFO: [TRAIN] Step: 1027 ; Loss: 20.132 ; Acc: 56.805
2018-09-19 15:54:40,831:INFO: [TRAIN] Step: 1028 ; Loss: 20.057 ; Acc: 56.811
2018-09-19 15:54:40,941:INFO: [TRAIN] Step: 1029 ; Loss: 13.752 ; Acc: 56.820
2018-09-19 15:54:41,050:INFO: [TRAIN] Step: 1030 ; Loss: 12.320 ; Acc: 56.850
2018-09-19 15:54:41,155:INFO: [TRAIN] Step: 1031 ; Loss: 20.314 ; Acc: 56.852
2018-09-19 15:54:41,266:INFO: [TRAIN] Step: 1032 ; Loss: 20.140 ; Acc: 56.849
2018-09-19 15:54:41,373:INFO: [TRAIN] Step: 1033 ; Loss: 16.116 ; Acc: 56.850
2018-09-19 15:54:41,479:INFO: [TRAIN] Step: 1034 ; Loss: 15.958 ; Acc: 56.860
2018-09-19 15:54:41,591:INFO: [TRAIN] Step: 1035 ; Loss: 19.661 ; Acc: 56.865
2018-09-19 15:54:41,699:INFO: [TRAIN] Step: 1036 ; Loss: 16.753 ; Acc: 56.883
2018-09-19 15:54:41,811:INFO: [TRAIN] Step: 1037 ; Loss: 19.719 ; Acc: 56.884
2018-09-19 15:54:41,911:INFO: [TRAIN] Step: 1038 ; Loss: 14.025 ; Acc: 56.890
2018-09-19 15:54:42,014:INFO: [TRAIN] Step: 1039 ; Loss: 19.672 ; Acc: 56.907
2018-09-19 15:54:42,115:INFO: [TRAIN] Step: 1040 ; Loss: 21.446 ; Acc: 56.900
2018-09-19 15:54:42,215:INFO: [TRAIN] Step: 1041 ; Loss: 15.441 ; Acc: 56.918
2018-09-19 15:54:42,311:INFO: [TRAIN] Step: 1042 ; Loss: 20.800 ; Acc: 56.919
2018-09-19 15:54:42,412:INFO: [TRAIN] Step: 1043 ; Loss: 13.195 ; Acc: 56.932
2018-09-19 15:54:42,516:INFO: [TRAIN] Step: 1044 ; Loss: 19.768 ; Acc: 56.938
2018-09-19 15:54:42,616:INFO: [TRAIN] Step: 1045 ; Loss: 17.809 ; Acc: 56.951
2018-09-19 15:54:42,713:INFO: [TRAIN] Step: 1046 ; Loss: 18.163 ; Acc: 56.960
2018-09-19 15:54:42,810:INFO: [TRAIN] Step: 1047 ; Loss: 21.460 ; Acc: 56.958
2018-09-19 15:54:42,911:INFO: [TRAIN] Step: 1048 ; Loss: 15.973 ; Acc: 56.959
2018-09-19 15:54:43,014:INFO: [TRAIN] Step: 1049 ; Loss: 20.543 ; Acc: 56.952
2018-09-19 15:54:43,111:INFO: [TRAIN] Step: 1050 ; Loss: 18.401 ; Acc: 56.942
2018-09-19 15:54:43,204:INFO: [TRAIN] Step: 1051 ; Loss: 20.691 ; Acc: 56.923
2018-09-19 15:54:43,307:INFO: [TRAIN] Step: 1052 ; Loss: 16.764 ; Acc: 56.921
2018-09-19 15:54:43,407:INFO: [TRAIN] Step: 1053 ; Loss: 14.878 ; Acc: 56.938
2018-09-19 15:54:43,510:INFO: [TRAIN] Step: 1054 ; Loss: 19.394 ; Acc: 56.939
2018-09-19 15:54:43,612:INFO: [TRAIN] Step: 1055 ; Loss: 14.687 ; Acc: 56.960
2018-09-19 15:54:43,714:INFO: [TRAIN] Step: 1056 ; Loss: 20.052 ; Acc: 56.962
2018-09-19 15:54:43,816:INFO: [TRAIN] Step: 1057 ; Loss: 14.174 ; Acc: 56.983
2018-09-19 15:54:43,913:INFO: [TRAIN] Step: 1058 ; Loss: 17.593 ; Acc: 56.988
2018-09-19 15:54:44,008:INFO: [TRAIN] Step: 1059 ; Loss: 16.630 ; Acc: 57.001
2018-09-19 15:54:44,114:INFO: [TRAIN] Step: 1060 ; Loss: 13.495 ; Acc: 57.030
2018-09-19 15:54:44,209:INFO: [TRAIN] Step: 1061 ; Loss: 21.747 ; Acc: 57.019
2018-09-19 15:54:44,315:INFO: [TRAIN] Step: 1062 ; Loss: 15.877 ; Acc: 57.036
2018-09-19 15:54:44,411:INFO: [TRAIN] Step: 1063 ; Loss: 16.292 ; Acc: 57.049
2018-09-19 15:54:44,510:INFO: [TRAIN] Step: 1064 ; Loss: 19.845 ; Acc: 57.046
2018-09-19 15:54:44,611:INFO: [TRAIN] Step: 1065 ; Loss: 16.552 ; Acc: 57.055
2018-09-19 15:54:44,710:INFO: [TRAIN] Step: 1066 ; Loss: 19.855 ; Acc: 57.052
2018-09-19 15:54:44,807:INFO: [TRAIN] Step: 1067 ; Loss: 18.085 ; Acc: 57.054
2018-09-19 15:54:44,910:INFO: [TRAIN] Step: 1068 ; Loss: 20.305 ; Acc: 57.055
2018-09-19 15:54:45,006:INFO: [TRAIN] Step: 1069 ; Loss: 18.663 ; Acc: 57.052
2018-09-19 15:54:45,107:INFO: [TRAIN] Step: 1070 ; Loss: 21.725 ; Acc: 57.046
2018-09-19 15:54:45,202:INFO: [TRAIN] Step: 1071 ; Loss: 20.349 ; Acc: 57.055
2018-09-19 15:54:45,303:INFO: [TRAIN] Step: 1072 ; Loss: 12.562 ; Acc: 57.079
2018-09-19 15:54:45,403:INFO: [TRAIN] Step: 1073 ; Loss: 14.156 ; Acc: 57.096
2018-09-19 15:54:45,505:INFO: [TRAIN] Step: 1074 ; Loss: 13.240 ; Acc: 57.116
2018-09-19 15:54:45,599:INFO: [TRAIN] Step: 1075 ; Loss: 20.732 ; Acc: 57.117
2018-09-19 15:54:45,698:INFO: [TRAIN] Step: 1076 ; Loss: 19.388 ; Acc: 57.107
2018-09-19 15:54:45,791:INFO: [TRAIN] Step: 1077 ; Loss: 24.298 ; Acc: 57.104
2018-09-19 15:54:45,888:INFO: [TRAIN] Step: 1078 ; Loss: 17.525 ; Acc: 57.121
2018-09-19 15:54:45,987:INFO: [TRAIN] Step: 1079 ; Loss: 15.424 ; Acc: 57.141
2018-09-19 15:54:46,087:INFO: [TRAIN] Step: 1080 ; Loss: 13.703 ; Acc: 57.162
2018-09-19 15:54:46,187:INFO: [TRAIN] Step: 1081 ; Loss: 13.178 ; Acc: 57.178
2018-09-19 15:54:46,287:INFO: [TRAIN] Step: 1082 ; Loss: 15.861 ; Acc: 57.191
2018-09-19 15:54:46,381:INFO: [TRAIN] Step: 1083 ; Loss: 14.602 ; Acc: 57.211
2018-09-19 15:54:46,480:INFO: [TRAIN] Step: 1084 ; Loss: 14.037 ; Acc: 57.224
2018-09-19 15:54:46,576:INFO: [TRAIN] Step: 1085 ; Loss: 12.351 ; Acc: 57.244
2018-09-19 15:54:46,675:INFO: [TRAIN] Step: 1086 ; Loss: 17.434 ; Acc: 57.249
2018-09-19 15:54:46,771:INFO: [TRAIN] Step: 1087 ; Loss: 19.936 ; Acc: 57.253
2018-09-19 15:54:46,874:INFO: [TRAIN] Step: 1088 ; Loss: 16.317 ; Acc: 57.258
2018-09-19 15:54:46,971:INFO: [TRAIN] Step: 1089 ; Loss: 17.202 ; Acc: 57.271
2018-09-19 15:54:47,070:INFO: [TRAIN] Step: 1090 ; Loss: 26.794 ; Acc: 57.256
2018-09-19 15:54:47,167:INFO: [TRAIN] Step: 1091 ; Loss: 22.198 ; Acc: 57.254
2018-09-19 15:54:47,272:INFO: [TRAIN] Step: 1092 ; Loss: 19.325 ; Acc: 57.247
2018-09-19 15:54:47,367:INFO: [TRAIN] Step: 1093 ; Loss: 21.073 ; Acc: 57.244
2018-09-19 15:54:47,474:INFO: [TRAIN] Step: 1094 ; Loss: 18.573 ; Acc: 57.253
2018-09-19 15:54:47,579:INFO: [TRAIN] Step: 1095 ; Loss: 20.487 ; Acc: 57.261
2018-09-19 15:54:47,681:INFO: [TRAIN] Step: 1096 ; Loss: 22.902 ; Acc: 57.255
2018-09-19 15:54:47,785:INFO: [TRAIN] Step: 1097 ; Loss: 12.934 ; Acc: 57.271
2018-09-19 15:54:47,885:INFO: [TRAIN] Step: 1098 ; Loss: 17.168 ; Acc: 57.283
2018-09-19 15:54:47,981:INFO: [TRAIN] Step: 1099 ; Loss: 12.232 ; Acc: 57.307
2018-09-19 15:54:48,074:INFO: [TRAIN] Step: 1100 ; Loss: 23.441 ; Acc: 57.289
2018-09-19 15:54:48,177:INFO: [TRAIN] Step: 1101 ; Loss: 17.788 ; Acc: 57.294
2018-09-19 15:54:48,271:INFO: [TRAIN] Step: 1102 ; Loss: 17.468 ; Acc: 57.310
2018-09-19 15:54:48,370:INFO: [TRAIN] Step: 1103 ; Loss: 14.552 ; Acc: 57.333
2018-09-19 15:54:48,466:INFO: [TRAIN] Step: 1104 ; Loss: 19.354 ; Acc: 57.327
2018-09-19 15:54:48,569:INFO: [TRAIN] Step: 1105 ; Loss: 15.298 ; Acc: 57.335
2018-09-19 15:54:48,664:INFO: [TRAIN] Step: 1106 ; Loss: 23.803 ; Acc: 57.328
2018-09-19 15:54:48,766:INFO: [TRAIN] Step: 1107 ; Loss: 16.053 ; Acc: 57.337
2018-09-19 15:54:48,866:INFO: [TRAIN] Step: 1108 ; Loss: 20.210 ; Acc: 57.334
2018-09-19 15:54:48,969:INFO: [TRAIN] Step: 1109 ; Loss: 11.557 ; Acc: 57.361
2018-09-19 15:54:49,065:INFO: [TRAIN] Step: 1110 ; Loss: 18.103 ; Acc: 57.362
2018-09-19 15:54:49,171:INFO: [TRAIN] Step: 1111 ; Loss: 13.800 ; Acc: 57.378
2018-09-19 15:54:49,268:INFO: [TRAIN] Step: 1112 ; Loss: 14.222 ; Acc: 57.401
2018-09-19 15:54:49,370:INFO: [TRAIN] Step: 1113 ; Loss: 15.919 ; Acc: 57.413
2018-09-19 15:54:49,473:INFO: [TRAIN] Step: 1114 ; Loss: 16.394 ; Acc: 57.425
2018-09-19 15:54:49,573:INFO: [TRAIN] Step: 1115 ; Loss: 16.863 ; Acc: 57.419
2018-09-19 15:54:49,671:INFO: [TRAIN] Step: 1116 ; Loss: 16.190 ; Acc: 57.431
2018-09-19 15:54:49,767:INFO: [TRAIN] Step: 1117 ; Loss: 17.599 ; Acc: 57.431
2018-09-19 15:54:49,868:INFO: [TRAIN] Step: 1118 ; Loss: 22.236 ; Acc: 57.421
2018-09-19 15:54:49,960:INFO: [TRAIN] Step: 1119 ; Loss: 14.582 ; Acc: 57.433
2018-09-19 15:54:50,067:INFO: [TRAIN] Step: 1120 ; Loss: 14.303 ; Acc: 57.434
2018-09-19 15:54:50,165:INFO: [TRAIN] Step: 1121 ; Loss: 13.800 ; Acc: 57.442
2018-09-19 15:54:50,269:INFO: [TRAIN] Step: 1122 ; Loss: 20.258 ; Acc: 57.447
2018-09-19 15:54:50,366:INFO: [TRAIN] Step: 1123 ; Loss: 12.048 ; Acc: 57.470
2018-09-19 15:54:50,469:INFO: [TRAIN] Step: 1124 ; Loss: 15.855 ; Acc: 57.481
2018-09-19 15:54:50,569:INFO: [TRAIN] Step: 1125 ; Loss: 22.826 ; Acc: 57.475
2018-09-19 15:54:50,663:INFO: [TRAIN] Step: 1126 ; Loss: 14.344 ; Acc: 57.483
2018-09-19 15:54:50,763:INFO: [TRAIN] Step: 1127 ; Loss: 16.455 ; Acc: 57.495
2018-09-19 15:54:50,860:INFO: [TRAIN] Step: 1128 ; Loss: 23.101 ; Acc: 57.492
2018-09-19 15:54:50,966:INFO: [TRAIN] Step: 1129 ; Loss: 14.103 ; Acc: 57.485
2018-09-19 15:54:51,060:INFO: [TRAIN] Step: 1130 ; Loss: 16.652 ; Acc: 57.493
2018-09-19 15:54:51,164:INFO: [TRAIN] Step: 1131 ; Loss: 13.900 ; Acc: 57.501
2018-09-19 15:54:51,259:INFO: [TRAIN] Step: 1132 ; Loss: 17.009 ; Acc: 57.513
2018-09-19 15:54:51,360:INFO: [TRAIN] Step: 1133 ; Loss: 20.666 ; Acc: 57.507
2018-09-19 15:54:51,457:INFO: [TRAIN] Step: 1134 ; Loss: 16.419 ; Acc: 57.518
2018-09-19 15:54:51,562:INFO: [TRAIN] Step: 1135 ; Loss: 19.168 ; Acc: 57.515
2018-09-19 15:54:51,658:INFO: [TRAIN] Step: 1136 ; Loss: 14.608 ; Acc: 57.531
2018-09-19 15:54:51,771:INFO: [TRAIN] Step: 1137 ; Loss: 18.771 ; Acc: 57.546
2018-09-19 15:54:51,870:INFO: [TRAIN] Step: 1138 ; Loss: 21.277 ; Acc: 57.547
2018-09-19 15:54:51,973:INFO: [TRAIN] Step: 1139 ; Loss: 21.124 ; Acc: 57.548
2018-09-19 15:54:52,075:INFO: [TRAIN] Step: 1140 ; Loss: 14.499 ; Acc: 57.556
2018-09-19 15:54:52,173:INFO: [TRAIN] Step: 1141 ; Loss: 16.398 ; Acc: 57.563
2018-09-19 15:54:52,266:INFO: [TRAIN] Step: 1142 ; Loss: 19.178 ; Acc: 57.557
2018-09-19 15:54:52,370:INFO: [TRAIN] Step: 1143 ; Loss: 16.771 ; Acc: 57.579
2018-09-19 15:54:52,469:INFO: [TRAIN] Step: 1144 ; Loss: 16.390 ; Acc: 57.580
2018-09-19 15:54:52,570:INFO: [TRAIN] Step: 1145 ; Loss: 17.477 ; Acc: 57.577
2018-09-19 15:54:52,671:INFO: [TRAIN] Step: 1146 ; Loss: 16.109 ; Acc: 57.574
2018-09-19 15:54:52,777:INFO: [TRAIN] Step: 1147 ; Loss: 16.477 ; Acc: 57.578
2018-09-19 15:54:52,879:INFO: [TRAIN] Step: 1148 ; Loss: 18.910 ; Acc: 57.586
2018-09-19 15:54:52,989:INFO: [TRAIN] Step: 1149 ; Loss: 15.243 ; Acc: 57.598
2018-09-19 15:54:53,098:INFO: [TRAIN] Step: 1150 ; Loss: 17.616 ; Acc: 57.613
2018-09-19 15:54:53,208:INFO: [TRAIN] Step: 1151 ; Loss: 17.518 ; Acc: 57.621
2018-09-19 15:54:53,317:INFO: [TRAIN] Step: 1152 ; Loss: 17.157 ; Acc: 57.629
2018-09-19 15:54:53,416:INFO: [TRAIN] Step: 1153 ; Loss: 21.041 ; Acc: 57.622
2018-09-19 15:54:53,512:INFO: [TRAIN] Step: 1154 ; Loss: 13.198 ; Acc: 57.633
2018-09-19 15:54:53,620:INFO: [TRAIN] Step: 1155 ; Loss: 12.771 ; Acc: 57.645
2018-09-19 15:54:53,723:INFO: [TRAIN] Step: 1156 ; Loss: 17.807 ; Acc: 57.645
2018-09-19 15:54:53,824:INFO: [TRAIN] Step: 1157 ; Loss: 18.072 ; Acc: 57.650
2018-09-19 15:54:53,930:INFO: [TRAIN] Step: 1158 ; Loss: 13.341 ; Acc: 57.661
2018-09-19 15:54:54,033:INFO: [TRAIN] Step: 1159 ; Loss: 14.172 ; Acc: 57.669
2018-09-19 15:54:54,140:INFO: [TRAIN] Step: 1160 ; Loss: 16.645 ; Acc: 57.673
2018-09-19 15:54:54,241:INFO: [TRAIN] Step: 1161 ; Loss: 15.815 ; Acc: 57.670
2018-09-19 15:54:54,342:INFO: [TRAIN] Step: 1162 ; Loss: 20.378 ; Acc: 57.663
2018-09-19 15:54:54,443:INFO: [TRAIN] Step: 1163 ; Loss: 15.659 ; Acc: 57.671
2018-09-19 15:54:54,545:INFO: [TRAIN] Step: 1164 ; Loss: 16.081 ; Acc: 57.675
2018-09-19 15:54:54,650:INFO: [TRAIN] Step: 1165 ; Loss: 17.439 ; Acc: 57.665
2018-09-19 15:54:54,752:INFO: [TRAIN] Step: 1166 ; Loss: 14.047 ; Acc: 57.680
2018-09-19 15:54:54,855:INFO: [TRAIN] Step: 1167 ; Loss: 16.106 ; Acc: 57.691
2018-09-19 15:54:54,954:INFO: [TRAIN] Step: 1168 ; Loss: 15.823 ; Acc: 57.702
2018-09-19 15:54:55,048:INFO: [TRAIN] Step: 1169 ; Loss: 14.916 ; Acc: 57.721
2018-09-19 15:54:55,153:INFO: [TRAIN] Step: 1170 ; Loss: 19.744 ; Acc: 57.725
2018-09-19 15:54:55,251:INFO: [TRAIN] Step: 1171 ; Loss: 16.736 ; Acc: 57.722
2018-09-19 15:54:55,349:INFO: [TRAIN] Step: 1172 ; Loss: 12.191 ; Acc: 57.729
2018-09-19 15:54:55,460:INFO: [TRAIN] Step: 1173 ; Loss: 16.341 ; Acc: 57.734
2018-09-19 15:54:55,558:INFO: [TRAIN] Step: 1174 ; Loss: 19.164 ; Acc: 57.734
2018-09-19 15:54:55,652:INFO: [TRAIN] Step: 1175 ; Loss: 16.280 ; Acc: 57.745
2018-09-19 15:54:55,753:INFO: [TRAIN] Step: 1176 ; Loss: 13.216 ; Acc: 57.753
2018-09-19 15:54:55,855:INFO: [TRAIN] Step: 1177 ; Loss: 16.541 ; Acc: 57.757
2018-09-19 15:54:55,956:INFO: [TRAIN] Step: 1178 ; Loss: 21.236 ; Acc: 57.757
2018-09-19 15:54:56,056:INFO: [TRAIN] Step: 1179 ; Loss: 17.194 ; Acc: 57.754
2018-09-19 15:54:56,151:INFO: [TRAIN] Step: 1180 ; Loss: 16.673 ; Acc: 57.762
2018-09-19 15:54:56,261:INFO: [TRAIN] Step: 1181 ; Loss: 15.950 ; Acc: 57.766
2018-09-19 15:54:56,367:INFO: [TRAIN] Step: 1182 ; Loss: 11.733 ; Acc: 57.763
2018-09-19 15:54:56,468:INFO: [TRAIN] Step: 1183 ; Loss: 18.639 ; Acc: 57.763
2018-09-19 15:54:56,568:INFO: [TRAIN] Step: 1184 ; Loss: 14.061 ; Acc: 57.767
2018-09-19 15:54:56,667:INFO: [TRAIN] Step: 1185 ; Loss: 16.043 ; Acc: 57.771
2018-09-19 15:54:56,762:INFO: [TRAIN] Step: 1186 ; Loss: 17.135 ; Acc: 57.775
2018-09-19 15:54:56,867:INFO: [TRAIN] Step: 1187 ; Loss: 17.392 ; Acc: 57.783
2018-09-19 15:54:56,965:INFO: [TRAIN] Step: 1188 ; Loss: 16.251 ; Acc: 57.783
2018-09-19 15:54:57,061:INFO: [TRAIN] Step: 1189 ; Loss: 21.042 ; Acc: 57.784
2018-09-19 15:55:02,402:INFO: [EVAL] Step: 1190 ; Loss: 0.179 ; Acc: 0.637
