2018-09-19 14:43:04,235:INFO: ### Model ###
LeNet5(
  (convnet): Sequential(
    (0): Conv2d(1, 6, kernel_size=(5, 5), stride=(1, 1))
    (1): ReLU()
    (2): MaxPool2d(kernel_size=(2, 2), stride=2, padding=0, dilation=1, ceil_mode=False)
    (3): Conv2d(6, 16, kernel_size=(5, 5), stride=(1, 1))
    (4): ReLU()
    (5): MaxPool2d(kernel_size=(2, 2), stride=2, padding=0, dilation=1, ceil_mode=False)
    (6): Conv2d(16, 120, kernel_size=(5, 5), stride=(1, 1))
    (7): ReLU()
    (8): Conv2d(120, 240, kernel_size=(5, 5), stride=(1, 1))
    (9): ReLU()
  )
  (fc): Sequential(
    (0): Linear(in_features=240, out_features=84, bias=True)
    (1): ReLU()
    (2): Linear(in_features=84, out_features=10, bias=True)
  )
)
2018-09-19 14:43:04,236:INFO: ### Optimizer ###
Adam (
Parameter Group 0
    amsgrad: False
    betas: (0.9, 0.999)
    eps: 1e-08
    lr: 0.001
    weight_decay: 0
)
2018-09-19 14:43:04,236:INFO: ### HParams ###
n_epochs: 1 ; data: ferplus ; label: ferplus_votes ; batch_size: 24 ; lr: 0.001 ; wd: 0 ; eval_steps: 1190
2018-09-19 14:43:04,479:INFO: [TRAIN] Step: 0 ; Loss: 43.473 ; Acc: 0.000
2018-09-19 14:43:04,559:INFO: [TRAIN] Step: 1 ; Loss: 37.637 ; Acc: 6.250
2018-09-19 14:43:04,640:INFO: [TRAIN] Step: 2 ; Loss: 34.101 ; Acc: 11.111
2018-09-19 14:43:04,722:INFO: [TRAIN] Step: 3 ; Loss: 34.181 ; Acc: 19.792
2018-09-19 14:43:04,797:INFO: [TRAIN] Step: 4 ; Loss: 32.851 ; Acc: 22.500
2018-09-19 14:43:04,878:INFO: [TRAIN] Step: 5 ; Loss: 32.994 ; Acc: 25.000
2018-09-19 14:43:04,956:INFO: [TRAIN] Step: 6 ; Loss: 43.990 ; Acc: 22.024
2018-09-19 14:43:05,041:INFO: [TRAIN] Step: 7 ; Loss: 31.074 ; Acc: 24.479
2018-09-19 14:43:05,119:INFO: [TRAIN] Step: 8 ; Loss: 30.448 ; Acc: 24.537
2018-09-19 14:43:05,203:INFO: [TRAIN] Step: 9 ; Loss: 33.164 ; Acc: 24.583
2018-09-19 14:43:05,282:INFO: [TRAIN] Step: 10 ; Loss: 30.493 ; Acc: 25.758
2018-09-19 14:43:05,359:INFO: [TRAIN] Step: 11 ; Loss: 30.456 ; Acc: 26.389
2018-09-19 14:43:05,435:INFO: [TRAIN] Step: 12 ; Loss: 29.495 ; Acc: 27.564
2018-09-19 14:43:05,529:INFO: [TRAIN] Step: 13 ; Loss: 35.915 ; Acc: 28.274
2018-09-19 14:43:05,601:INFO: [TRAIN] Step: 14 ; Loss: 34.603 ; Acc: 28.611
2018-09-19 14:43:05,682:INFO: [TRAIN] Step: 15 ; Loss: 30.955 ; Acc: 29.688
2018-09-19 14:43:05,755:INFO: [TRAIN] Step: 16 ; Loss: 35.670 ; Acc: 29.412
2018-09-19 14:43:05,839:INFO: [TRAIN] Step: 17 ; Loss: 33.504 ; Acc: 29.861
2018-09-19 14:43:05,911:INFO: [TRAIN] Step: 18 ; Loss: 31.192 ; Acc: 30.482
2018-09-19 14:43:05,993:INFO: [TRAIN] Step: 19 ; Loss: 29.517 ; Acc: 31.250
2018-09-19 14:43:06,067:INFO: [TRAIN] Step: 20 ; Loss: 31.418 ; Acc: 31.746
2018-09-19 14:43:06,150:INFO: [TRAIN] Step: 21 ; Loss: 29.300 ; Acc: 32.576
2018-09-19 14:43:06,224:INFO: [TRAIN] Step: 22 ; Loss: 28.227 ; Acc: 32.609
2018-09-19 14:43:06,305:INFO: [TRAIN] Step: 23 ; Loss: 29.469 ; Acc: 33.333
2018-09-19 14:43:06,382:INFO: [TRAIN] Step: 24 ; Loss: 32.399 ; Acc: 33.167
2018-09-19 14:43:06,463:INFO: [TRAIN] Step: 25 ; Loss: 32.046 ; Acc: 33.333
2018-09-19 14:43:06,538:INFO: [TRAIN] Step: 26 ; Loss: 26.427 ; Acc: 33.179
2018-09-19 14:43:06,619:INFO: [TRAIN] Step: 27 ; Loss: 28.302 ; Acc: 33.185
2018-09-19 14:43:06,694:INFO: [TRAIN] Step: 28 ; Loss: 31.963 ; Acc: 33.046
2018-09-19 14:43:06,775:INFO: [TRAIN] Step: 29 ; Loss: 29.858 ; Acc: 33.333
2018-09-19 14:43:06,849:INFO: [TRAIN] Step: 30 ; Loss: 30.908 ; Acc: 33.602
2018-09-19 14:43:06,931:INFO: [TRAIN] Step: 31 ; Loss: 31.192 ; Acc: 33.854
2018-09-19 14:43:07,003:INFO: [TRAIN] Step: 32 ; Loss: 28.438 ; Acc: 34.217
2018-09-19 14:43:07,086:INFO: [TRAIN] Step: 33 ; Loss: 32.007 ; Acc: 33.701
2018-09-19 14:43:07,160:INFO: [TRAIN] Step: 34 ; Loss: 27.530 ; Acc: 33.929
2018-09-19 14:43:07,241:INFO: [TRAIN] Step: 35 ; Loss: 27.682 ; Acc: 33.912
2018-09-19 14:43:07,315:INFO: [TRAIN] Step: 36 ; Loss: 30.279 ; Acc: 33.671
2018-09-19 14:43:07,395:INFO: [TRAIN] Step: 37 ; Loss: 29.333 ; Acc: 33.772
2018-09-19 14:43:07,469:INFO: [TRAIN] Step: 38 ; Loss: 29.726 ; Acc: 33.761
2018-09-19 14:43:07,550:INFO: [TRAIN] Step: 39 ; Loss: 28.995 ; Acc: 33.854
2018-09-19 14:43:07,637:INFO: [TRAIN] Step: 40 ; Loss: 29.992 ; Acc: 33.435
2018-09-19 14:43:07,721:INFO: [TRAIN] Step: 41 ; Loss: 27.921 ; Acc: 33.433
2018-09-19 14:43:07,795:INFO: [TRAIN] Step: 42 ; Loss: 29.168 ; Acc: 33.818
2018-09-19 14:43:07,884:INFO: [TRAIN] Step: 43 ; Loss: 27.027 ; Acc: 33.996
2018-09-19 14:43:07,962:INFO: [TRAIN] Step: 44 ; Loss: 25.829 ; Acc: 34.444
2018-09-19 14:43:08,045:INFO: [TRAIN] Step: 45 ; Loss: 25.566 ; Acc: 34.692
2018-09-19 14:43:08,122:INFO: [TRAIN] Step: 46 ; Loss: 28.559 ; Acc: 34.840
2018-09-19 14:43:08,203:INFO: [TRAIN] Step: 47 ; Loss: 29.595 ; Acc: 34.896
2018-09-19 14:43:08,278:INFO: [TRAIN] Step: 48 ; Loss: 28.978 ; Acc: 34.694
2018-09-19 14:43:08,360:INFO: [TRAIN] Step: 49 ; Loss: 25.996 ; Acc: 34.750
2018-09-19 14:43:08,435:INFO: [TRAIN] Step: 50 ; Loss: 28.512 ; Acc: 34.559
2018-09-19 14:43:08,516:INFO: [TRAIN] Step: 51 ; Loss: 28.556 ; Acc: 34.295
2018-09-19 14:43:08,593:INFO: [TRAIN] Step: 52 ; Loss: 31.118 ; Acc: 34.434
2018-09-19 14:43:08,678:INFO: [TRAIN] Step: 53 ; Loss: 28.268 ; Acc: 34.414
2018-09-19 14:43:08,752:INFO: [TRAIN] Step: 54 ; Loss: 26.176 ; Acc: 34.470
2018-09-19 14:43:08,835:INFO: [TRAIN] Step: 55 ; Loss: 26.076 ; Acc: 34.747
2018-09-19 14:43:08,910:INFO: [TRAIN] Step: 56 ; Loss: 29.276 ; Acc: 34.722
2018-09-19 14:43:08,992:INFO: [TRAIN] Step: 57 ; Loss: 28.404 ; Acc: 34.555
2018-09-19 14:43:09,067:INFO: [TRAIN] Step: 58 ; Loss: 30.221 ; Acc: 34.463
2018-09-19 14:43:09,150:INFO: [TRAIN] Step: 59 ; Loss: 26.226 ; Acc: 34.444
2018-09-19 14:43:09,225:INFO: [TRAIN] Step: 60 ; Loss: 34.729 ; Acc: 34.153
2018-09-19 14:43:09,306:INFO: [TRAIN] Step: 61 ; Loss: 30.163 ; Acc: 34.207
2018-09-19 14:43:09,380:INFO: [TRAIN] Step: 62 ; Loss: 23.679 ; Acc: 34.127
2018-09-19 14:43:09,460:INFO: [TRAIN] Step: 63 ; Loss: 30.690 ; Acc: 34.049
2018-09-19 14:43:09,535:INFO: [TRAIN] Step: 64 ; Loss: 27.600 ; Acc: 33.846
2018-09-19 14:43:09,616:INFO: [TRAIN] Step: 65 ; Loss: 27.795 ; Acc: 34.028
2018-09-19 14:43:09,689:INFO: [TRAIN] Step: 66 ; Loss: 29.258 ; Acc: 34.453
2018-09-19 14:43:09,773:INFO: [TRAIN] Step: 67 ; Loss: 27.968 ; Acc: 34.681
2018-09-19 14:43:09,846:INFO: [TRAIN] Step: 68 ; Loss: 29.045 ; Acc: 34.662
2018-09-19 14:43:09,927:INFO: [TRAIN] Step: 69 ; Loss: 29.053 ; Acc: 34.524
2018-09-19 14:43:10,001:INFO: [TRAIN] Step: 70 ; Loss: 29.950 ; Acc: 34.448
2018-09-19 14:43:10,080:INFO: [TRAIN] Step: 71 ; Loss: 25.969 ; Acc: 34.375
2018-09-19 14:43:10,156:INFO: [TRAIN] Step: 72 ; Loss: 28.703 ; Acc: 34.361
2018-09-19 14:43:10,239:INFO: [TRAIN] Step: 73 ; Loss: 30.629 ; Acc: 34.234
2018-09-19 14:43:10,314:INFO: [TRAIN] Step: 74 ; Loss: 26.206 ; Acc: 34.500
2018-09-19 14:43:10,396:INFO: [TRAIN] Step: 75 ; Loss: 29.289 ; Acc: 34.539
2018-09-19 14:43:10,472:INFO: [TRAIN] Step: 76 ; Loss: 25.812 ; Acc: 34.848
2018-09-19 14:43:10,555:INFO: [TRAIN] Step: 77 ; Loss: 26.764 ; Acc: 34.989
2018-09-19 14:43:10,629:INFO: [TRAIN] Step: 78 ; Loss: 29.231 ; Acc: 35.127
2018-09-19 14:43:10,708:INFO: [TRAIN] Step: 79 ; Loss: 29.667 ; Acc: 34.948
2018-09-19 14:43:10,782:INFO: [TRAIN] Step: 80 ; Loss: 30.094 ; Acc: 34.979
2018-09-19 14:43:10,881:INFO: [TRAIN] Step: 81 ; Loss: 29.260 ; Acc: 34.909
2018-09-19 14:43:10,961:INFO: [TRAIN] Step: 82 ; Loss: 30.236 ; Acc: 34.940
2018-09-19 14:43:11,043:INFO: [TRAIN] Step: 83 ; Loss: 25.810 ; Acc: 35.069
2018-09-19 14:43:11,123:INFO: [TRAIN] Step: 84 ; Loss: 29.437 ; Acc: 35.147
2018-09-19 14:43:11,205:INFO: [TRAIN] Step: 85 ; Loss: 25.953 ; Acc: 35.368
2018-09-19 14:43:11,280:INFO: [TRAIN] Step: 86 ; Loss: 27.149 ; Acc: 35.393
2018-09-19 14:43:11,362:INFO: [TRAIN] Step: 87 ; Loss: 24.783 ; Acc: 35.511
2018-09-19 14:43:11,441:INFO: [TRAIN] Step: 88 ; Loss: 26.300 ; Acc: 35.768
2018-09-19 14:43:11,520:INFO: [TRAIN] Step: 89 ; Loss: 32.127 ; Acc: 35.880
2018-09-19 14:43:11,593:INFO: [TRAIN] Step: 90 ; Loss: 26.472 ; Acc: 35.897
2018-09-19 14:43:11,675:INFO: [TRAIN] Step: 91 ; Loss: 25.424 ; Acc: 35.915
2018-09-19 14:43:11,751:INFO: [TRAIN] Step: 92 ; Loss: 29.488 ; Acc: 35.797
2018-09-19 14:43:11,833:INFO: [TRAIN] Step: 93 ; Loss: 26.288 ; Acc: 35.727
2018-09-19 14:43:11,912:INFO: [TRAIN] Step: 94 ; Loss: 31.011 ; Acc: 35.658
2018-09-19 14:43:11,994:INFO: [TRAIN] Step: 95 ; Loss: 27.714 ; Acc: 35.764
2018-09-19 14:43:12,068:INFO: [TRAIN] Step: 96 ; Loss: 30.103 ; Acc: 35.868
2018-09-19 14:43:12,149:INFO: [TRAIN] Step: 97 ; Loss: 28.512 ; Acc: 36.012
2018-09-19 14:43:12,222:INFO: [TRAIN] Step: 98 ; Loss: 29.862 ; Acc: 35.943
2018-09-19 14:43:12,301:INFO: [TRAIN] Step: 99 ; Loss: 28.332 ; Acc: 35.833
2018-09-19 14:43:12,377:INFO: [TRAIN] Step: 100 ; Loss: 26.871 ; Acc: 36.015
2018-09-19 14:43:12,457:INFO: [TRAIN] Step: 101 ; Loss: 30.785 ; Acc: 35.907
2018-09-19 14:43:12,533:INFO: [TRAIN] Step: 102 ; Loss: 26.063 ; Acc: 35.922
2018-09-19 14:43:12,615:INFO: [TRAIN] Step: 103 ; Loss: 31.694 ; Acc: 35.978
2018-09-19 14:43:12,689:INFO: [TRAIN] Step: 104 ; Loss: 27.491 ; Acc: 35.913
2018-09-19 14:43:12,770:INFO: [TRAIN] Step: 105 ; Loss: 27.380 ; Acc: 35.849
2018-09-19 14:43:12,846:INFO: [TRAIN] Step: 106 ; Loss: 30.682 ; Acc: 35.903
2018-09-19 14:43:12,930:INFO: [TRAIN] Step: 107 ; Loss: 27.943 ; Acc: 35.841
2018-09-19 14:43:13,002:INFO: [TRAIN] Step: 108 ; Loss: 28.851 ; Acc: 35.971
2018-09-19 14:43:13,083:INFO: [TRAIN] Step: 109 ; Loss: 28.820 ; Acc: 35.947
2018-09-19 14:43:13,156:INFO: [TRAIN] Step: 110 ; Loss: 31.458 ; Acc: 35.923
2018-09-19 14:43:13,236:INFO: [TRAIN] Step: 111 ; Loss: 25.494 ; Acc: 35.900
2018-09-19 14:43:13,312:INFO: [TRAIN] Step: 112 ; Loss: 29.555 ; Acc: 35.841
2018-09-19 14:43:13,394:INFO: [TRAIN] Step: 113 ; Loss: 28.135 ; Acc: 35.709
2018-09-19 14:43:13,469:INFO: [TRAIN] Step: 114 ; Loss: 27.598 ; Acc: 35.725
2018-09-19 14:43:13,548:INFO: [TRAIN] Step: 115 ; Loss: 30.425 ; Acc: 35.668
2018-09-19 14:43:13,624:INFO: [TRAIN] Step: 116 ; Loss: 23.944 ; Acc: 35.684
2018-09-19 14:43:13,706:INFO: [TRAIN] Step: 117 ; Loss: 23.760 ; Acc: 35.805
2018-09-19 14:43:13,782:INFO: [TRAIN] Step: 118 ; Loss: 26.110 ; Acc: 35.889
2018-09-19 14:43:13,867:INFO: [TRAIN] Step: 119 ; Loss: 31.078 ; Acc: 35.938
2018-09-19 14:43:13,945:INFO: [TRAIN] Step: 120 ; Loss: 28.038 ; Acc: 35.847
2018-09-19 14:43:14,029:INFO: [TRAIN] Step: 121 ; Loss: 27.060 ; Acc: 35.929
2018-09-19 14:43:14,105:INFO: [TRAIN] Step: 122 ; Loss: 27.467 ; Acc: 35.874
2018-09-19 14:43:14,185:INFO: [TRAIN] Step: 123 ; Loss: 25.126 ; Acc: 35.954
2018-09-19 14:43:14,259:INFO: [TRAIN] Step: 124 ; Loss: 30.053 ; Acc: 35.933
2018-09-19 14:43:14,349:INFO: [TRAIN] Step: 125 ; Loss: 28.439 ; Acc: 35.979
2018-09-19 14:43:14,430:INFO: [TRAIN] Step: 126 ; Loss: 27.649 ; Acc: 36.188
2018-09-19 14:43:14,512:INFO: [TRAIN] Step: 127 ; Loss: 25.569 ; Acc: 36.133
2018-09-19 14:43:14,587:INFO: [TRAIN] Step: 128 ; Loss: 29.382 ; Acc: 36.111
2018-09-19 14:43:14,668:INFO: [TRAIN] Step: 129 ; Loss: 28.098 ; Acc: 36.122
2018-09-19 14:43:14,744:INFO: [TRAIN] Step: 130 ; Loss: 27.522 ; Acc: 36.196
2018-09-19 14:43:14,826:INFO: [TRAIN] Step: 131 ; Loss: 25.174 ; Acc: 36.269
2018-09-19 14:43:14,900:INFO: [TRAIN] Step: 132 ; Loss: 31.445 ; Acc: 36.216
2018-09-19 14:43:14,981:INFO: [TRAIN] Step: 133 ; Loss: 25.549 ; Acc: 36.318
2018-09-19 14:43:15,059:INFO: [TRAIN] Step: 134 ; Loss: 27.132 ; Acc: 36.327
2018-09-19 14:43:15,140:INFO: [TRAIN] Step: 135 ; Loss: 22.306 ; Acc: 36.275
2018-09-19 14:43:15,214:INFO: [TRAIN] Step: 136 ; Loss: 27.341 ; Acc: 36.405
2018-09-19 14:43:15,297:INFO: [TRAIN] Step: 137 ; Loss: 24.238 ; Acc: 36.413
2018-09-19 14:43:15,377:INFO: [TRAIN] Step: 138 ; Loss: 30.392 ; Acc: 36.391
2018-09-19 14:43:15,462:INFO: [TRAIN] Step: 139 ; Loss: 24.122 ; Acc: 36.399
2018-09-19 14:43:15,535:INFO: [TRAIN] Step: 140 ; Loss: 29.746 ; Acc: 36.377
2018-09-19 14:43:15,619:INFO: [TRAIN] Step: 141 ; Loss: 28.012 ; Acc: 36.356
2018-09-19 14:43:15,693:INFO: [TRAIN] Step: 142 ; Loss: 28.990 ; Acc: 36.334
2018-09-19 14:43:15,773:INFO: [TRAIN] Step: 143 ; Loss: 24.791 ; Acc: 36.314
2018-09-19 14:43:15,849:INFO: [TRAIN] Step: 144 ; Loss: 26.066 ; Acc: 36.408
2018-09-19 14:43:15,930:INFO: [TRAIN] Step: 145 ; Loss: 28.542 ; Acc: 36.444
2018-09-19 14:43:16,006:INFO: [TRAIN] Step: 146 ; Loss: 28.212 ; Acc: 36.395
2018-09-19 14:43:16,086:INFO: [TRAIN] Step: 147 ; Loss: 26.258 ; Acc: 36.543
2018-09-19 14:43:16,160:INFO: [TRAIN] Step: 148 ; Loss: 28.168 ; Acc: 36.577
2018-09-19 14:43:16,242:INFO: [TRAIN] Step: 149 ; Loss: 26.755 ; Acc: 36.611
2018-09-19 14:43:16,317:INFO: [TRAIN] Step: 150 ; Loss: 25.570 ; Acc: 36.700
2018-09-19 14:43:16,400:INFO: [TRAIN] Step: 151 ; Loss: 25.549 ; Acc: 36.815
2018-09-19 14:43:16,473:INFO: [TRAIN] Step: 152 ; Loss: 28.589 ; Acc: 36.846
2018-09-19 14:43:16,558:INFO: [TRAIN] Step: 153 ; Loss: 24.935 ; Acc: 36.851
2018-09-19 14:43:16,634:INFO: [TRAIN] Step: 154 ; Loss: 26.149 ; Acc: 36.962
2018-09-19 14:43:16,714:INFO: [TRAIN] Step: 155 ; Loss: 27.718 ; Acc: 36.939
2018-09-19 14:43:16,790:INFO: [TRAIN] Step: 156 ; Loss: 25.624 ; Acc: 37.022
2018-09-19 14:43:16,873:INFO: [TRAIN] Step: 157 ; Loss: 28.105 ; Acc: 37.078
2018-09-19 14:43:16,952:INFO: [TRAIN] Step: 158 ; Loss: 26.339 ; Acc: 37.081
2018-09-19 14:43:17,034:INFO: [TRAIN] Step: 159 ; Loss: 27.758 ; Acc: 37.109
2018-09-19 14:43:17,108:INFO: [TRAIN] Step: 160 ; Loss: 32.974 ; Acc: 37.034
2018-09-19 14:43:17,191:INFO: [TRAIN] Step: 161 ; Loss: 27.536 ; Acc: 37.063
2018-09-19 14:43:17,267:INFO: [TRAIN] Step: 162 ; Loss: 30.581 ; Acc: 37.091
2018-09-19 14:43:17,346:INFO: [TRAIN] Step: 163 ; Loss: 26.379 ; Acc: 37.119
2018-09-19 14:43:17,420:INFO: [TRAIN] Step: 164 ; Loss: 27.922 ; Acc: 37.121
2018-09-19 14:43:17,501:INFO: [TRAIN] Step: 165 ; Loss: 22.555 ; Acc: 37.249
2018-09-19 14:43:17,579:INFO: [TRAIN] Step: 166 ; Loss: 30.482 ; Acc: 37.275
2018-09-19 14:43:17,676:INFO: [TRAIN] Step: 167 ; Loss: 26.137 ; Acc: 37.326
2018-09-19 14:43:17,750:INFO: [TRAIN] Step: 168 ; Loss: 27.649 ; Acc: 37.253
2018-09-19 14:43:17,831:INFO: [TRAIN] Step: 169 ; Loss: 27.995 ; Acc: 37.304
2018-09-19 14:43:17,907:INFO: [TRAIN] Step: 170 ; Loss: 28.977 ; Acc: 37.403
2018-09-19 14:43:17,993:INFO: [TRAIN] Step: 171 ; Loss: 22.901 ; Acc: 37.524
2018-09-19 14:43:18,069:INFO: [TRAIN] Step: 172 ; Loss: 29.912 ; Acc: 37.572
2018-09-19 14:43:18,151:INFO: [TRAIN] Step: 173 ; Loss: 26.570 ; Acc: 37.620
2018-09-19 14:43:18,225:INFO: [TRAIN] Step: 174 ; Loss: 25.301 ; Acc: 37.738
2018-09-19 14:43:18,305:INFO: [TRAIN] Step: 175 ; Loss: 24.919 ; Acc: 37.760
2018-09-19 14:43:18,380:INFO: [TRAIN] Step: 176 ; Loss: 26.455 ; Acc: 37.830
2018-09-19 14:43:18,467:INFO: [TRAIN] Step: 177 ; Loss: 29.496 ; Acc: 37.898
2018-09-19 14:43:18,542:INFO: [TRAIN] Step: 178 ; Loss: 25.006 ; Acc: 38.035
2018-09-19 14:43:18,624:INFO: [TRAIN] Step: 179 ; Loss: 25.347 ; Acc: 38.148
2018-09-19 14:43:18,699:INFO: [TRAIN] Step: 180 ; Loss: 26.294 ; Acc: 38.191
2018-09-19 14:43:18,781:INFO: [TRAIN] Step: 181 ; Loss: 29.503 ; Acc: 38.278
2018-09-19 14:43:18,855:INFO: [TRAIN] Step: 182 ; Loss: 26.763 ; Acc: 38.297
2018-09-19 14:43:18,934:INFO: [TRAIN] Step: 183 ; Loss: 27.238 ; Acc: 38.293
2018-09-19 14:43:19,008:INFO: [TRAIN] Step: 184 ; Loss: 27.385 ; Acc: 38.288
2018-09-19 14:43:19,090:INFO: [TRAIN] Step: 185 ; Loss: 24.752 ; Acc: 38.374
2018-09-19 14:43:19,164:INFO: [TRAIN] Step: 186 ; Loss: 25.611 ; Acc: 38.391
2018-09-19 14:43:19,245:INFO: [TRAIN] Step: 187 ; Loss: 27.449 ; Acc: 38.387
2018-09-19 14:43:19,318:INFO: [TRAIN] Step: 188 ; Loss: 27.656 ; Acc: 38.316
2018-09-19 14:43:19,400:INFO: [TRAIN] Step: 189 ; Loss: 25.821 ; Acc: 38.421
2018-09-19 14:43:19,475:INFO: [TRAIN] Step: 190 ; Loss: 25.445 ; Acc: 38.416
2018-09-19 14:43:19,554:INFO: [TRAIN] Step: 191 ; Loss: 26.292 ; Acc: 38.455
2018-09-19 14:43:19,628:INFO: [TRAIN] Step: 192 ; Loss: 24.655 ; Acc: 38.472
2018-09-19 14:43:19,707:INFO: [TRAIN] Step: 193 ; Loss: 21.229 ; Acc: 38.531
2018-09-19 14:43:19,781:INFO: [TRAIN] Step: 194 ; Loss: 23.669 ; Acc: 38.568
2018-09-19 14:43:19,860:INFO: [TRAIN] Step: 195 ; Loss: 23.540 ; Acc: 38.627
2018-09-19 14:43:19,935:INFO: [TRAIN] Step: 196 ; Loss: 28.034 ; Acc: 38.663
2018-09-19 14:43:20,017:INFO: [TRAIN] Step: 197 ; Loss: 26.507 ; Acc: 38.742
2018-09-19 14:43:20,092:INFO: [TRAIN] Step: 198 ; Loss: 25.540 ; Acc: 38.819
2018-09-19 14:43:20,174:INFO: [TRAIN] Step: 199 ; Loss: 27.096 ; Acc: 38.875
2018-09-19 14:43:20,250:INFO: [TRAIN] Step: 200 ; Loss: 24.023 ; Acc: 38.951
2018-09-19 14:43:20,332:INFO: [TRAIN] Step: 201 ; Loss: 25.753 ; Acc: 38.965
2018-09-19 14:43:20,407:INFO: [TRAIN] Step: 202 ; Loss: 26.265 ; Acc: 38.978
2018-09-19 14:43:20,488:INFO: [TRAIN] Step: 203 ; Loss: 27.051 ; Acc: 39.073
2018-09-19 14:43:20,564:INFO: [TRAIN] Step: 204 ; Loss: 24.261 ; Acc: 39.126
2018-09-19 14:43:20,647:INFO: [TRAIN] Step: 205 ; Loss: 29.837 ; Acc: 39.138
2018-09-19 14:43:20,721:INFO: [TRAIN] Step: 206 ; Loss: 26.717 ; Acc: 39.231
2018-09-19 14:43:20,804:INFO: [TRAIN] Step: 207 ; Loss: 22.610 ; Acc: 39.263
2018-09-19 14:43:20,882:INFO: [TRAIN] Step: 208 ; Loss: 21.105 ; Acc: 39.294
2018-09-19 14:43:20,964:INFO: [TRAIN] Step: 209 ; Loss: 29.306 ; Acc: 39.306
2018-09-19 14:43:21,039:INFO: [TRAIN] Step: 210 ; Loss: 25.625 ; Acc: 39.376
2018-09-19 14:43:21,120:INFO: [TRAIN] Step: 211 ; Loss: 21.251 ; Acc: 39.544
2018-09-19 14:43:21,198:INFO: [TRAIN] Step: 212 ; Loss: 31.562 ; Acc: 39.476
2018-09-19 14:43:21,283:INFO: [TRAIN] Step: 213 ; Loss: 24.922 ; Acc: 39.486
2018-09-19 14:43:21,359:INFO: [TRAIN] Step: 214 ; Loss: 25.691 ; Acc: 39.496
2018-09-19 14:43:21,444:INFO: [TRAIN] Step: 215 ; Loss: 25.657 ; Acc: 39.545
2018-09-19 14:43:21,522:INFO: [TRAIN] Step: 216 ; Loss: 28.650 ; Acc: 39.535
2018-09-19 14:43:21,602:INFO: [TRAIN] Step: 217 ; Loss: 26.561 ; Acc: 39.602
2018-09-19 14:43:21,676:INFO: [TRAIN] Step: 218 ; Loss: 21.996 ; Acc: 39.688
2018-09-19 14:43:21,762:INFO: [TRAIN] Step: 219 ; Loss: 19.895 ; Acc: 39.792
2018-09-19 14:43:21,836:INFO: [TRAIN] Step: 220 ; Loss: 23.070 ; Acc: 39.913
2018-09-19 14:43:21,917:INFO: [TRAIN] Step: 221 ; Loss: 26.620 ; Acc: 39.940
2018-09-19 14:43:21,993:INFO: [TRAIN] Step: 222 ; Loss: 22.701 ; Acc: 40.004
2018-09-19 14:43:22,077:INFO: [TRAIN] Step: 223 ; Loss: 23.289 ; Acc: 40.030
2018-09-19 14:43:22,152:INFO: [TRAIN] Step: 224 ; Loss: 25.308 ; Acc: 40.130
2018-09-19 14:43:22,231:INFO: [TRAIN] Step: 225 ; Loss: 20.967 ; Acc: 40.173
2018-09-19 14:43:22,306:INFO: [TRAIN] Step: 226 ; Loss: 24.626 ; Acc: 40.198
2018-09-19 14:43:22,386:INFO: [TRAIN] Step: 227 ; Loss: 30.006 ; Acc: 40.205
2018-09-19 14:43:22,462:INFO: [TRAIN] Step: 228 ; Loss: 23.254 ; Acc: 40.266
2018-09-19 14:43:22,544:INFO: [TRAIN] Step: 229 ; Loss: 25.371 ; Acc: 40.272
2018-09-19 14:43:22,619:INFO: [TRAIN] Step: 230 ; Loss: 20.897 ; Acc: 40.350
2018-09-19 14:43:22,700:INFO: [TRAIN] Step: 231 ; Loss: 21.918 ; Acc: 40.463
2018-09-19 14:43:22,776:INFO: [TRAIN] Step: 232 ; Loss: 26.072 ; Acc: 40.504
2018-09-19 14:43:22,859:INFO: [TRAIN] Step: 233 ; Loss: 22.954 ; Acc: 40.563
2018-09-19 14:43:22,937:INFO: [TRAIN] Step: 234 ; Loss: 28.356 ; Acc: 40.550
2018-09-19 14:43:23,018:INFO: [TRAIN] Step: 235 ; Loss: 21.657 ; Acc: 40.607
2018-09-19 14:43:23,094:INFO: [TRAIN] Step: 236 ; Loss: 25.648 ; Acc: 40.629
2018-09-19 14:43:23,176:INFO: [TRAIN] Step: 237 ; Loss: 24.616 ; Acc: 40.686
2018-09-19 14:43:23,252:INFO: [TRAIN] Step: 238 ; Loss: 24.371 ; Acc: 40.743
2018-09-19 14:43:23,333:INFO: [TRAIN] Step: 239 ; Loss: 28.149 ; Acc: 40.816
2018-09-19 14:43:23,407:INFO: [TRAIN] Step: 240 ; Loss: 19.391 ; Acc: 40.923
2018-09-19 14:43:23,489:INFO: [TRAIN] Step: 241 ; Loss: 24.188 ; Acc: 40.961
2018-09-19 14:43:23,563:INFO: [TRAIN] Step: 242 ; Loss: 22.159 ; Acc: 40.964
2018-09-19 14:43:23,644:INFO: [TRAIN] Step: 243 ; Loss: 24.818 ; Acc: 40.984
2018-09-19 14:43:23,718:INFO: [TRAIN] Step: 244 ; Loss: 26.285 ; Acc: 40.969
2018-09-19 14:43:23,798:INFO: [TRAIN] Step: 245 ; Loss: 24.120 ; Acc: 40.972
2018-09-19 14:43:23,873:INFO: [TRAIN] Step: 246 ; Loss: 24.450 ; Acc: 41.009
2018-09-19 14:43:23,956:INFO: [TRAIN] Step: 247 ; Loss: 21.102 ; Acc: 41.045
2018-09-19 14:43:24,032:INFO: [TRAIN] Step: 248 ; Loss: 23.404 ; Acc: 41.098
2018-09-19 14:43:24,112:INFO: [TRAIN] Step: 249 ; Loss: 23.763 ; Acc: 41.133
2018-09-19 14:43:24,189:INFO: [TRAIN] Step: 250 ; Loss: 24.929 ; Acc: 41.235
2018-09-19 14:43:24,273:INFO: [TRAIN] Step: 251 ; Loss: 23.059 ; Acc: 41.286
2018-09-19 14:43:24,348:INFO: [TRAIN] Step: 252 ; Loss: 24.667 ; Acc: 41.354
2018-09-19 14:43:24,429:INFO: [TRAIN] Step: 253 ; Loss: 23.151 ; Acc: 41.388
2018-09-19 14:43:24,506:INFO: [TRAIN] Step: 254 ; Loss: 20.596 ; Acc: 41.373
2018-09-19 14:43:24,589:INFO: [TRAIN] Step: 255 ; Loss: 21.071 ; Acc: 41.406
2018-09-19 14:43:24,664:INFO: [TRAIN] Step: 256 ; Loss: 23.218 ; Acc: 41.472
2018-09-19 14:43:24,744:INFO: [TRAIN] Step: 257 ; Loss: 23.262 ; Acc: 41.505
2018-09-19 14:43:24,818:INFO: [TRAIN] Step: 258 ; Loss: 25.777 ; Acc: 41.570
2018-09-19 14:43:24,899:INFO: [TRAIN] Step: 259 ; Loss: 26.875 ; Acc: 41.619
2018-09-19 14:43:24,974:INFO: [TRAIN] Step: 260 ; Loss: 24.933 ; Acc: 41.619
2018-09-19 14:43:25,054:INFO: [TRAIN] Step: 261 ; Loss: 24.436 ; Acc: 41.587
2018-09-19 14:43:25,129:INFO: [TRAIN] Step: 262 ; Loss: 26.543 ; Acc: 41.619
2018-09-19 14:43:25,209:INFO: [TRAIN] Step: 263 ; Loss: 21.889 ; Acc: 41.667
2018-09-19 14:43:25,286:INFO: [TRAIN] Step: 264 ; Loss: 20.982 ; Acc: 41.714
2018-09-19 14:43:25,370:INFO: [TRAIN] Step: 265 ; Loss: 17.209 ; Acc: 41.808
2018-09-19 14:43:25,445:INFO: [TRAIN] Step: 266 ; Loss: 22.217 ; Acc: 41.838
2018-09-19 14:43:25,526:INFO: [TRAIN] Step: 267 ; Loss: 21.762 ; Acc: 41.884
2018-09-19 14:43:25,602:INFO: [TRAIN] Step: 268 ; Loss: 18.251 ; Acc: 41.992
2018-09-19 14:43:25,695:INFO: [TRAIN] Step: 269 ; Loss: 16.412 ; Acc: 42.068
2018-09-19 14:43:25,768:INFO: [TRAIN] Step: 270 ; Loss: 29.417 ; Acc: 42.051
2018-09-19 14:43:25,855:INFO: [TRAIN] Step: 271 ; Loss: 19.601 ; Acc: 42.126
2018-09-19 14:43:25,932:INFO: [TRAIN] Step: 272 ; Loss: 24.014 ; Acc: 42.186
2018-09-19 14:43:26,013:INFO: [TRAIN] Step: 273 ; Loss: 19.411 ; Acc: 42.214
2018-09-19 14:43:26,087:INFO: [TRAIN] Step: 274 ; Loss: 25.687 ; Acc: 42.197
2018-09-19 14:43:26,170:INFO: [TRAIN] Step: 275 ; Loss: 20.379 ; Acc: 42.255
2018-09-19 14:43:26,242:INFO: [TRAIN] Step: 276 ; Loss: 19.536 ; Acc: 42.329
2018-09-19 14:43:26,324:INFO: [TRAIN] Step: 277 ; Loss: 19.215 ; Acc: 42.401
2018-09-19 14:43:26,404:INFO: [TRAIN] Step: 278 ; Loss: 25.439 ; Acc: 42.443
2018-09-19 14:43:26,483:INFO: [TRAIN] Step: 279 ; Loss: 21.625 ; Acc: 42.500
2018-09-19 14:43:26,557:INFO: [TRAIN] Step: 280 ; Loss: 25.916 ; Acc: 42.512
2018-09-19 14:43:26,639:INFO: [TRAIN] Step: 281 ; Loss: 18.944 ; Acc: 42.583
2018-09-19 14:43:26,716:INFO: [TRAIN] Step: 282 ; Loss: 21.200 ; Acc: 42.653
2018-09-19 14:43:26,796:INFO: [TRAIN] Step: 283 ; Loss: 16.901 ; Acc: 42.723
2018-09-19 14:43:26,870:INFO: [TRAIN] Step: 284 ; Loss: 27.440 ; Acc: 42.749
2018-09-19 14:43:26,956:INFO: [TRAIN] Step: 285 ; Loss: 27.409 ; Acc: 42.774
2018-09-19 14:43:27,031:INFO: [TRAIN] Step: 286 ; Loss: 23.291 ; Acc: 42.785
2018-09-19 14:43:27,113:INFO: [TRAIN] Step: 287 ; Loss: 18.706 ; Acc: 42.867
2018-09-19 14:43:27,187:INFO: [TRAIN] Step: 288 ; Loss: 27.645 ; Acc: 42.849
2018-09-19 14:43:27,268:INFO: [TRAIN] Step: 289 ; Loss: 28.096 ; Acc: 42.859
2018-09-19 14:43:27,346:INFO: [TRAIN] Step: 290 ; Loss: 28.189 ; Acc: 42.826
2018-09-19 14:43:27,431:INFO: [TRAIN] Step: 291 ; Loss: 22.282 ; Acc: 42.908
2018-09-19 14:43:27,506:INFO: [TRAIN] Step: 292 ; Loss: 23.079 ; Acc: 42.947
2018-09-19 14:43:27,595:INFO: [TRAIN] Step: 293 ; Loss: 23.681 ; Acc: 42.985
2018-09-19 14:43:27,668:INFO: [TRAIN] Step: 294 ; Loss: 22.901 ; Acc: 42.994
2018-09-19 14:43:27,748:INFO: [TRAIN] Step: 295 ; Loss: 22.579 ; Acc: 43.032
2018-09-19 14:43:27,823:INFO: [TRAIN] Step: 296 ; Loss: 21.095 ; Acc: 43.042
2018-09-19 14:43:27,906:INFO: [TRAIN] Step: 297 ; Loss: 23.665 ; Acc: 43.093
2018-09-19 14:43:27,982:INFO: [TRAIN] Step: 298 ; Loss: 21.858 ; Acc: 43.088
2018-09-19 14:43:28,070:INFO: [TRAIN] Step: 299 ; Loss: 21.508 ; Acc: 43.139
2018-09-19 14:43:28,143:INFO: [TRAIN] Step: 300 ; Loss: 24.041 ; Acc: 43.203
2018-09-19 14:43:28,223:INFO: [TRAIN] Step: 301 ; Loss: 20.129 ; Acc: 43.240
2018-09-19 14:43:28,296:INFO: [TRAIN] Step: 302 ; Loss: 29.333 ; Acc: 43.234
2018-09-19 14:43:28,378:INFO: [TRAIN] Step: 303 ; Loss: 17.837 ; Acc: 43.339
2018-09-19 14:43:28,452:INFO: [TRAIN] Step: 304 ; Loss: 24.365 ; Acc: 43.347
2018-09-19 14:43:28,531:INFO: [TRAIN] Step: 305 ; Loss: 22.989 ; Acc: 43.410
2018-09-19 14:43:28,606:INFO: [TRAIN] Step: 306 ; Loss: 23.532 ; Acc: 43.404
2018-09-19 14:43:28,688:INFO: [TRAIN] Step: 307 ; Loss: 23.754 ; Acc: 43.479
2018-09-19 14:43:28,762:INFO: [TRAIN] Step: 308 ; Loss: 21.315 ; Acc: 43.514
2018-09-19 14:43:28,844:INFO: [TRAIN] Step: 309 ; Loss: 22.846 ; Acc: 43.522
2018-09-19 14:43:28,917:INFO: [TRAIN] Step: 310 ; Loss: 28.164 ; Acc: 43.583
2018-09-19 14:43:28,998:INFO: [TRAIN] Step: 311 ; Loss: 23.787 ; Acc: 43.616
2018-09-19 14:43:29,073:INFO: [TRAIN] Step: 312 ; Loss: 24.842 ; Acc: 43.597
2018-09-19 14:43:29,155:INFO: [TRAIN] Step: 313 ; Loss: 21.827 ; Acc: 43.644
2018-09-19 14:43:29,230:INFO: [TRAIN] Step: 314 ; Loss: 22.718 ; Acc: 43.704
2018-09-19 14:43:29,315:INFO: [TRAIN] Step: 315 ; Loss: 24.644 ; Acc: 43.724
2018-09-19 14:43:29,389:INFO: [TRAIN] Step: 316 ; Loss: 22.695 ; Acc: 43.757
2018-09-19 14:43:29,471:INFO: [TRAIN] Step: 317 ; Loss: 19.487 ; Acc: 43.789
2018-09-19 14:43:29,546:INFO: [TRAIN] Step: 318 ; Loss: 25.996 ; Acc: 43.783
2018-09-19 14:43:29,628:INFO: [TRAIN] Step: 319 ; Loss: 20.518 ; Acc: 43.802
2018-09-19 14:43:29,703:INFO: [TRAIN] Step: 320 ; Loss: 19.693 ; Acc: 43.886
2018-09-19 14:43:29,783:INFO: [TRAIN] Step: 321 ; Loss: 24.480 ; Acc: 43.892
2018-09-19 14:43:29,858:INFO: [TRAIN] Step: 322 ; Loss: 24.781 ; Acc: 43.924
2018-09-19 14:43:29,939:INFO: [TRAIN] Step: 323 ; Loss: 22.572 ; Acc: 43.943
2018-09-19 14:43:30,012:INFO: [TRAIN] Step: 324 ; Loss: 26.165 ; Acc: 43.962
2018-09-19 14:43:30,094:INFO: [TRAIN] Step: 325 ; Loss: 21.704 ; Acc: 44.006
2018-09-19 14:43:30,169:INFO: [TRAIN] Step: 326 ; Loss: 19.547 ; Acc: 44.075
2018-09-19 14:43:30,270:INFO: [TRAIN] Step: 327 ; Loss: 20.603 ; Acc: 44.131
2018-09-19 14:43:30,350:INFO: [TRAIN] Step: 328 ; Loss: 26.589 ; Acc: 44.162
2018-09-19 14:43:30,431:INFO: [TRAIN] Step: 329 ; Loss: 21.581 ; Acc: 44.192
2018-09-19 14:43:30,506:INFO: [TRAIN] Step: 330 ; Loss: 26.925 ; Acc: 44.222
2018-09-19 14:43:30,589:INFO: [TRAIN] Step: 331 ; Loss: 18.740 ; Acc: 44.265
2018-09-19 14:43:30,664:INFO: [TRAIN] Step: 332 ; Loss: 26.152 ; Acc: 44.282
2018-09-19 14:43:30,746:INFO: [TRAIN] Step: 333 ; Loss: 18.813 ; Acc: 44.349
2018-09-19 14:43:30,823:INFO: [TRAIN] Step: 334 ; Loss: 23.451 ; Acc: 44.353
2018-09-19 14:43:30,904:INFO: [TRAIN] Step: 335 ; Loss: 19.512 ; Acc: 44.395
2018-09-19 14:43:30,977:INFO: [TRAIN] Step: 336 ; Loss: 21.330 ; Acc: 44.411
2018-09-19 14:43:31,058:INFO: [TRAIN] Step: 337 ; Loss: 22.195 ; Acc: 44.440
2018-09-19 14:43:31,133:INFO: [TRAIN] Step: 338 ; Loss: 19.940 ; Acc: 44.481
2018-09-19 14:43:31,222:INFO: [TRAIN] Step: 339 ; Loss: 27.286 ; Acc: 44.473
2018-09-19 14:43:31,296:INFO: [TRAIN] Step: 340 ; Loss: 19.777 ; Acc: 44.514
2018-09-19 14:43:31,378:INFO: [TRAIN] Step: 341 ; Loss: 18.718 ; Acc: 44.530
2018-09-19 14:43:31,454:INFO: [TRAIN] Step: 342 ; Loss: 19.175 ; Acc: 44.594
2018-09-19 14:43:31,544:INFO: [TRAIN] Step: 343 ; Loss: 20.749 ; Acc: 44.646
2018-09-19 14:43:31,616:INFO: [TRAIN] Step: 344 ; Loss: 20.981 ; Acc: 44.686
2018-09-19 14:43:31,695:INFO: [TRAIN] Step: 345 ; Loss: 23.085 ; Acc: 44.701
2018-09-19 14:43:31,771:INFO: [TRAIN] Step: 346 ; Loss: 26.030 ; Acc: 44.717
2018-09-19 14:43:31,855:INFO: [TRAIN] Step: 347 ; Loss: 21.770 ; Acc: 44.744
2018-09-19 14:43:31,929:INFO: [TRAIN] Step: 348 ; Loss: 16.069 ; Acc: 44.807
2018-09-19 14:43:32,010:INFO: [TRAIN] Step: 349 ; Loss: 19.294 ; Acc: 44.845
2018-09-19 14:43:32,084:INFO: [TRAIN] Step: 350 ; Loss: 21.350 ; Acc: 44.860
2018-09-19 14:43:32,164:INFO: [TRAIN] Step: 351 ; Loss: 16.191 ; Acc: 44.898
2018-09-19 14:43:32,239:INFO: [TRAIN] Step: 352 ; Loss: 22.773 ; Acc: 44.924
2018-09-19 14:43:32,320:INFO: [TRAIN] Step: 353 ; Loss: 24.033 ; Acc: 44.962
2018-09-19 14:43:32,395:INFO: [TRAIN] Step: 354 ; Loss: 20.545 ; Acc: 45.012
2018-09-19 14:43:32,478:INFO: [TRAIN] Step: 355 ; Loss: 24.274 ; Acc: 45.037
2018-09-19 14:43:32,555:INFO: [TRAIN] Step: 356 ; Loss: 22.177 ; Acc: 45.110
2018-09-19 14:43:32,638:INFO: [TRAIN] Step: 357 ; Loss: 24.735 ; Acc: 45.123
2018-09-19 14:43:32,710:INFO: [TRAIN] Step: 358 ; Loss: 19.169 ; Acc: 45.207
2018-09-19 14:43:32,789:INFO: [TRAIN] Step: 359 ; Loss: 20.231 ; Acc: 45.231
2018-09-19 14:43:32,868:INFO: [TRAIN] Step: 360 ; Loss: 19.256 ; Acc: 45.279
2018-09-19 14:43:32,950:INFO: [TRAIN] Step: 361 ; Loss: 24.180 ; Acc: 45.269
2018-09-19 14:43:33,025:INFO: [TRAIN] Step: 362 ; Loss: 20.729 ; Acc: 45.305
2018-09-19 14:43:33,105:INFO: [TRAIN] Step: 363 ; Loss: 18.626 ; Acc: 45.364
2018-09-19 14:43:33,184:INFO: [TRAIN] Step: 364 ; Loss: 23.598 ; Acc: 45.377
2018-09-19 14:43:33,267:INFO: [TRAIN] Step: 365 ; Loss: 19.216 ; Acc: 45.446
2018-09-19 14:43:33,341:INFO: [TRAIN] Step: 366 ; Loss: 24.432 ; Acc: 45.481
2018-09-19 14:43:33,422:INFO: [TRAIN] Step: 367 ; Loss: 16.293 ; Acc: 45.539
2018-09-19 14:43:33,497:INFO: [TRAIN] Step: 368 ; Loss: 21.376 ; Acc: 45.562
2018-09-19 14:43:33,580:INFO: [TRAIN] Step: 369 ; Loss: 30.672 ; Acc: 45.495
2018-09-19 14:43:33,655:INFO: [TRAIN] Step: 370 ; Loss: 21.078 ; Acc: 45.530
2018-09-19 14:43:33,737:INFO: [TRAIN] Step: 371 ; Loss: 22.420 ; Acc: 45.576
2018-09-19 14:43:33,814:INFO: [TRAIN] Step: 372 ; Loss: 19.327 ; Acc: 45.621
2018-09-19 14:43:33,896:INFO: [TRAIN] Step: 373 ; Loss: 20.236 ; Acc: 45.655
2018-09-19 14:43:33,972:INFO: [TRAIN] Step: 374 ; Loss: 20.090 ; Acc: 45.700
2018-09-19 14:43:34,053:INFO: [TRAIN] Step: 375 ; Loss: 23.463 ; Acc: 45.745
2018-09-19 14:43:34,127:INFO: [TRAIN] Step: 376 ; Loss: 24.700 ; Acc: 45.756
2018-09-19 14:43:34,207:INFO: [TRAIN] Step: 377 ; Loss: 19.724 ; Acc: 45.811
2018-09-19 14:43:34,284:INFO: [TRAIN] Step: 378 ; Loss: 23.150 ; Acc: 45.811
2018-09-19 14:43:34,367:INFO: [TRAIN] Step: 379 ; Loss: 24.414 ; Acc: 45.833
2018-09-19 14:43:34,444:INFO: [TRAIN] Step: 380 ; Loss: 18.035 ; Acc: 45.921
2018-09-19 14:43:34,527:INFO: [TRAIN] Step: 381 ; Loss: 18.240 ; Acc: 45.953
2018-09-19 14:43:34,600:INFO: [TRAIN] Step: 382 ; Loss: 16.991 ; Acc: 46.029
2018-09-19 14:43:34,681:INFO: [TRAIN] Step: 383 ; Loss: 21.334 ; Acc: 46.061
2018-09-19 14:43:34,755:INFO: [TRAIN] Step: 384 ; Loss: 29.773 ; Acc: 46.050
2018-09-19 14:43:34,836:INFO: [TRAIN] Step: 385 ; Loss: 16.357 ; Acc: 46.125
2018-09-19 14:43:34,912:INFO: [TRAIN] Step: 386 ; Loss: 23.627 ; Acc: 46.124
2018-09-19 14:43:34,993:INFO: [TRAIN] Step: 387 ; Loss: 15.389 ; Acc: 46.166
2018-09-19 14:43:35,067:INFO: [TRAIN] Step: 388 ; Loss: 28.121 ; Acc: 46.165
2018-09-19 14:43:35,149:INFO: [TRAIN] Step: 389 ; Loss: 19.797 ; Acc: 46.197
2018-09-19 14:43:35,225:INFO: [TRAIN] Step: 390 ; Loss: 22.933 ; Acc: 46.206
2018-09-19 14:43:35,308:INFO: [TRAIN] Step: 391 ; Loss: 23.894 ; Acc: 46.216
2018-09-19 14:43:35,382:INFO: [TRAIN] Step: 392 ; Loss: 24.371 ; Acc: 46.226
2018-09-19 14:43:35,466:INFO: [TRAIN] Step: 393 ; Loss: 20.501 ; Acc: 46.256
2018-09-19 14:43:35,543:INFO: [TRAIN] Step: 394 ; Loss: 24.391 ; Acc: 46.234
2018-09-19 14:43:35,625:INFO: [TRAIN] Step: 395 ; Loss: 25.466 ; Acc: 46.223
2018-09-19 14:43:35,699:INFO: [TRAIN] Step: 396 ; Loss: 24.230 ; Acc: 46.243
2018-09-19 14:43:35,778:INFO: [TRAIN] Step: 397 ; Loss: 23.962 ; Acc: 46.210
2018-09-19 14:43:35,856:INFO: [TRAIN] Step: 398 ; Loss: 19.711 ; Acc: 46.230
2018-09-19 14:43:35,936:INFO: [TRAIN] Step: 399 ; Loss: 21.842 ; Acc: 46.250
2018-09-19 14:43:36,013:INFO: [TRAIN] Step: 400 ; Loss: 19.386 ; Acc: 46.280
2018-09-19 14:43:36,094:INFO: [TRAIN] Step: 401 ; Loss: 21.802 ; Acc: 46.300
2018-09-19 14:43:36,167:INFO: [TRAIN] Step: 402 ; Loss: 23.294 ; Acc: 46.309
2018-09-19 14:43:36,247:INFO: [TRAIN] Step: 403 ; Loss: 20.219 ; Acc: 46.359
2018-09-19 14:43:36,323:INFO: [TRAIN] Step: 404 ; Loss: 17.911 ; Acc: 46.409
2018-09-19 14:43:36,404:INFO: [TRAIN] Step: 405 ; Loss: 25.681 ; Acc: 46.388
2018-09-19 14:43:36,479:INFO: [TRAIN] Step: 406 ; Loss: 20.259 ; Acc: 46.427
2018-09-19 14:43:36,561:INFO: [TRAIN] Step: 407 ; Loss: 20.274 ; Acc: 46.415
2018-09-19 14:43:36,638:INFO: [TRAIN] Step: 408 ; Loss: 23.238 ; Acc: 46.424
2018-09-19 14:43:36,720:INFO: [TRAIN] Step: 409 ; Loss: 18.513 ; Acc: 46.474
2018-09-19 14:43:36,795:INFO: [TRAIN] Step: 410 ; Loss: 18.207 ; Acc: 46.523
2018-09-19 14:43:36,878:INFO: [TRAIN] Step: 411 ; Loss: 24.922 ; Acc: 46.521
2018-09-19 14:43:36,952:INFO: [TRAIN] Step: 412 ; Loss: 18.613 ; Acc: 46.550
2018-09-19 14:43:37,033:INFO: [TRAIN] Step: 413 ; Loss: 17.356 ; Acc: 46.598
2018-09-19 14:43:37,106:INFO: [TRAIN] Step: 414 ; Loss: 17.611 ; Acc: 46.637
2018-09-19 14:43:37,189:INFO: [TRAIN] Step: 415 ; Loss: 20.285 ; Acc: 46.685
2018-09-19 14:43:37,262:INFO: [TRAIN] Step: 416 ; Loss: 24.591 ; Acc: 46.693
2018-09-19 14:43:37,343:INFO: [TRAIN] Step: 417 ; Loss: 17.688 ; Acc: 46.730
2018-09-19 14:43:37,419:INFO: [TRAIN] Step: 418 ; Loss: 24.780 ; Acc: 46.718
2018-09-19 14:43:37,502:INFO: [TRAIN] Step: 419 ; Loss: 23.142 ; Acc: 46.746
2018-09-19 14:43:37,577:INFO: [TRAIN] Step: 420 ; Loss: 21.074 ; Acc: 46.764
2018-09-19 14:43:37,660:INFO: [TRAIN] Step: 421 ; Loss: 19.517 ; Acc: 46.811
2018-09-19 14:43:37,738:INFO: [TRAIN] Step: 422 ; Loss: 22.874 ; Acc: 46.828
2018-09-19 14:43:37,820:INFO: [TRAIN] Step: 423 ; Loss: 20.713 ; Acc: 46.826
2018-09-19 14:43:37,895:INFO: [TRAIN] Step: 424 ; Loss: 22.500 ; Acc: 46.824
2018-09-19 14:43:37,976:INFO: [TRAIN] Step: 425 ; Loss: 20.943 ; Acc: 46.841
2018-09-19 14:43:38,052:INFO: [TRAIN] Step: 426 ; Loss: 28.830 ; Acc: 46.819
2018-09-19 14:43:38,132:INFO: [TRAIN] Step: 427 ; Loss: 22.353 ; Acc: 46.807
2018-09-19 14:43:38,205:INFO: [TRAIN] Step: 428 ; Loss: 22.207 ; Acc: 46.843
2018-09-19 14:43:38,286:INFO: [TRAIN] Step: 429 ; Loss: 19.798 ; Acc: 46.899
2018-09-19 14:43:38,361:INFO: [TRAIN] Step: 430 ; Loss: 23.416 ; Acc: 46.906
2018-09-19 14:43:38,441:INFO: [TRAIN] Step: 431 ; Loss: 23.412 ; Acc: 46.923
2018-09-19 14:43:38,518:INFO: [TRAIN] Step: 432 ; Loss: 21.744 ; Acc: 46.911
2018-09-19 14:43:38,600:INFO: [TRAIN] Step: 433 ; Loss: 19.731 ; Acc: 46.918
2018-09-19 14:43:38,675:INFO: [TRAIN] Step: 434 ; Loss: 16.415 ; Acc: 46.944
2018-09-19 14:43:38,760:INFO: [TRAIN] Step: 435 ; Loss: 22.710 ; Acc: 46.961
2018-09-19 14:43:38,837:INFO: [TRAIN] Step: 436 ; Loss: 18.481 ; Acc: 46.987
2018-09-19 14:43:38,920:INFO: [TRAIN] Step: 437 ; Loss: 28.243 ; Acc: 46.965
2018-09-19 14:43:38,997:INFO: [TRAIN] Step: 438 ; Loss: 21.373 ; Acc: 46.963
2018-09-19 14:43:39,078:INFO: [TRAIN] Step: 439 ; Loss: 21.300 ; Acc: 46.970
2018-09-19 14:43:39,154:INFO: [TRAIN] Step: 440 ; Loss: 17.463 ; Acc: 47.014
2018-09-19 14:43:39,236:INFO: [TRAIN] Step: 441 ; Loss: 25.602 ; Acc: 47.031
2018-09-19 14:43:39,310:INFO: [TRAIN] Step: 442 ; Loss: 17.187 ; Acc: 47.094
2018-09-19 14:43:39,392:INFO: [TRAIN] Step: 443 ; Loss: 20.300 ; Acc: 47.119
2018-09-19 14:43:39,465:INFO: [TRAIN] Step: 444 ; Loss: 20.402 ; Acc: 47.144
2018-09-19 14:43:39,546:INFO: [TRAIN] Step: 445 ; Loss: 19.322 ; Acc: 47.169
2018-09-19 14:43:39,620:INFO: [TRAIN] Step: 446 ; Loss: 21.402 ; Acc: 47.176
2018-09-19 14:43:39,704:INFO: [TRAIN] Step: 447 ; Loss: 19.303 ; Acc: 47.219
2018-09-19 14:43:39,780:INFO: [TRAIN] Step: 448 ; Loss: 26.092 ; Acc: 47.225
2018-09-19 14:43:39,861:INFO: [TRAIN] Step: 449 ; Loss: 20.631 ; Acc: 47.250
2018-09-19 14:43:39,935:INFO: [TRAIN] Step: 450 ; Loss: 21.891 ; Acc: 47.256
2018-09-19 14:43:40,018:INFO: [TRAIN] Step: 451 ; Loss: 18.451 ; Acc: 47.281
2018-09-19 14:43:40,092:INFO: [TRAIN] Step: 452 ; Loss: 23.415 ; Acc: 47.287
2018-09-19 14:43:40,173:INFO: [TRAIN] Step: 453 ; Loss: 22.934 ; Acc: 47.293
2018-09-19 14:43:40,249:INFO: [TRAIN] Step: 454 ; Loss: 19.422 ; Acc: 47.326
2018-09-19 14:43:40,331:INFO: [TRAIN] Step: 455 ; Loss: 24.374 ; Acc: 47.341
2018-09-19 14:43:40,405:INFO: [TRAIN] Step: 456 ; Loss: 20.058 ; Acc: 47.347
2018-09-19 14:43:40,485:INFO: [TRAIN] Step: 457 ; Loss: 25.056 ; Acc: 47.353
2018-09-19 14:43:40,560:INFO: [TRAIN] Step: 458 ; Loss: 17.609 ; Acc: 47.386
2018-09-19 14:43:40,643:INFO: [TRAIN] Step: 459 ; Loss: 21.728 ; Acc: 47.418
2018-09-19 14:43:40,717:INFO: [TRAIN] Step: 460 ; Loss: 21.209 ; Acc: 47.433
2018-09-19 14:43:40,800:INFO: [TRAIN] Step: 461 ; Loss: 20.534 ; Acc: 47.457
2018-09-19 14:43:40,875:INFO: [TRAIN] Step: 462 ; Loss: 20.604 ; Acc: 47.471
2018-09-19 14:43:40,956:INFO: [TRAIN] Step: 463 ; Loss: 18.089 ; Acc: 47.531
2018-09-19 14:43:41,031:INFO: [TRAIN] Step: 464 ; Loss: 21.994 ; Acc: 47.536
2018-09-19 14:43:41,113:INFO: [TRAIN] Step: 465 ; Loss: 18.198 ; Acc: 47.586
2018-09-19 14:43:41,189:INFO: [TRAIN] Step: 466 ; Loss: 17.082 ; Acc: 47.636
2018-09-19 14:43:41,270:INFO: [TRAIN] Step: 467 ; Loss: 21.061 ; Acc: 47.650
2018-09-19 14:43:41,344:INFO: [TRAIN] Step: 468 ; Loss: 22.770 ; Acc: 47.655
2018-09-19 14:43:41,425:INFO: [TRAIN] Step: 469 ; Loss: 20.252 ; Acc: 47.686
2018-09-19 14:43:41,503:INFO: [TRAIN] Step: 470 ; Loss: 23.986 ; Acc: 47.682
2018-09-19 14:43:41,587:INFO: [TRAIN] Step: 471 ; Loss: 18.349 ; Acc: 47.714
2018-09-19 14:43:41,663:INFO: [TRAIN] Step: 472 ; Loss: 22.323 ; Acc: 47.710
2018-09-19 14:43:41,745:INFO: [TRAIN] Step: 473 ; Loss: 22.715 ; Acc: 47.706
2018-09-19 14:43:41,821:INFO: [TRAIN] Step: 474 ; Loss: 19.057 ; Acc: 47.728
2018-09-19 14:43:41,902:INFO: [TRAIN] Step: 475 ; Loss: 21.544 ; Acc: 47.742
2018-09-19 14:43:41,978:INFO: [TRAIN] Step: 476 ; Loss: 16.074 ; Acc: 47.799
2018-09-19 14:43:42,062:INFO: [TRAIN] Step: 477 ; Loss: 20.020 ; Acc: 47.803
2018-09-19 14:43:42,138:INFO: [TRAIN] Step: 478 ; Loss: 24.050 ; Acc: 47.808
2018-09-19 14:43:42,219:INFO: [TRAIN] Step: 479 ; Loss: 24.654 ; Acc: 47.804
2018-09-19 14:43:42,295:INFO: [TRAIN] Step: 480 ; Loss: 16.910 ; Acc: 47.834
2018-09-19 14:43:42,377:INFO: [TRAIN] Step: 481 ; Loss: 17.080 ; Acc: 47.873
2018-09-19 14:43:42,451:INFO: [TRAIN] Step: 482 ; Loss: 23.626 ; Acc: 47.869
2018-09-19 14:43:42,532:INFO: [TRAIN] Step: 483 ; Loss: 19.148 ; Acc: 47.891
2018-09-19 14:43:42,609:INFO: [TRAIN] Step: 484 ; Loss: 19.467 ; Acc: 47.895
2018-09-19 14:43:42,692:INFO: [TRAIN] Step: 485 ; Loss: 16.852 ; Acc: 47.934
2018-09-19 14:43:42,765:INFO: [TRAIN] Step: 486 ; Loss: 19.236 ; Acc: 47.955
2018-09-19 14:43:42,845:INFO: [TRAIN] Step: 487 ; Loss: 21.257 ; Acc: 47.968
2018-09-19 14:43:42,920:INFO: [TRAIN] Step: 488 ; Loss: 19.834 ; Acc: 48.006
2018-09-19 14:43:43,007:INFO: [TRAIN] Step: 489 ; Loss: 17.842 ; Acc: 48.019
2018-09-19 14:43:43,085:INFO: [TRAIN] Step: 490 ; Loss: 20.214 ; Acc: 48.040
2018-09-19 14:43:43,167:INFO: [TRAIN] Step: 491 ; Loss: 19.059 ; Acc: 48.078
2018-09-19 14:43:43,242:INFO: [TRAIN] Step: 492 ; Loss: 16.364 ; Acc: 48.124
2018-09-19 14:43:43,328:INFO: [TRAIN] Step: 493 ; Loss: 15.880 ; Acc: 48.153
2018-09-19 14:43:43,404:INFO: [TRAIN] Step: 494 ; Loss: 19.477 ; Acc: 48.165
2018-09-19 14:43:43,484:INFO: [TRAIN] Step: 495 ; Loss: 20.671 ; Acc: 48.177
2018-09-19 14:43:43,558:INFO: [TRAIN] Step: 496 ; Loss: 18.622 ; Acc: 48.198
2018-09-19 14:43:43,638:INFO: [TRAIN] Step: 497 ; Loss: 19.562 ; Acc: 48.210
2018-09-19 14:43:43,715:INFO: [TRAIN] Step: 498 ; Loss: 15.555 ; Acc: 48.272
2018-09-19 14:43:43,797:INFO: [TRAIN] Step: 499 ; Loss: 22.964 ; Acc: 48.283
2018-09-19 14:43:43,872:INFO: [TRAIN] Step: 500 ; Loss: 21.912 ; Acc: 48.278
2018-09-19 14:43:43,952:INFO: [TRAIN] Step: 501 ; Loss: 20.685 ; Acc: 48.323
2018-09-19 14:43:44,028:INFO: [TRAIN] Step: 502 ; Loss: 22.490 ; Acc: 48.352
2018-09-19 14:43:44,110:INFO: [TRAIN] Step: 503 ; Loss: 20.225 ; Acc: 48.380
2018-09-19 14:43:44,187:INFO: [TRAIN] Step: 504 ; Loss: 20.372 ; Acc: 48.383
2018-09-19 14:43:44,267:INFO: [TRAIN] Step: 505 ; Loss: 18.643 ; Acc: 48.403
2018-09-19 14:43:44,342:INFO: [TRAIN] Step: 506 ; Loss: 21.241 ; Acc: 48.439
2018-09-19 14:43:44,422:INFO: [TRAIN] Step: 507 ; Loss: 19.085 ; Acc: 48.466
2018-09-19 14:43:44,497:INFO: [TRAIN] Step: 508 ; Loss: 22.234 ; Acc: 48.486
2018-09-19 14:43:44,579:INFO: [TRAIN] Step: 509 ; Loss: 23.454 ; Acc: 48.497
2018-09-19 14:43:44,655:INFO: [TRAIN] Step: 510 ; Loss: 24.242 ; Acc: 48.492
2018-09-19 14:43:44,737:INFO: [TRAIN] Step: 511 ; Loss: 22.888 ; Acc: 48.478
2018-09-19 14:43:44,812:INFO: [TRAIN] Step: 512 ; Loss: 18.603 ; Acc: 48.522
2018-09-19 14:43:44,895:INFO: [TRAIN] Step: 513 ; Loss: 18.798 ; Acc: 48.565
2018-09-19 14:43:44,970:INFO: [TRAIN] Step: 514 ; Loss: 19.231 ; Acc: 48.592
2018-09-19 14:43:45,050:INFO: [TRAIN] Step: 515 ; Loss: 20.100 ; Acc: 48.595
2018-09-19 14:43:45,125:INFO: [TRAIN] Step: 516 ; Loss: 25.023 ; Acc: 48.590
2018-09-19 14:43:45,207:INFO: [TRAIN] Step: 517 ; Loss: 18.383 ; Acc: 48.633
2018-09-19 14:43:45,281:INFO: [TRAIN] Step: 518 ; Loss: 20.785 ; Acc: 48.619
2018-09-19 14:43:45,361:INFO: [TRAIN] Step: 519 ; Loss: 24.717 ; Acc: 48.614
2018-09-19 14:43:45,438:INFO: [TRAIN] Step: 520 ; Loss: 18.644 ; Acc: 48.632
2018-09-19 14:43:45,521:INFO: [TRAIN] Step: 521 ; Loss: 22.931 ; Acc: 48.635
2018-09-19 14:43:45,596:INFO: [TRAIN] Step: 522 ; Loss: 21.845 ; Acc: 48.670
2018-09-19 14:43:45,680:INFO: [TRAIN] Step: 523 ; Loss: 28.039 ; Acc: 48.688
2018-09-19 14:43:45,755:INFO: [TRAIN] Step: 524 ; Loss: 22.606 ; Acc: 48.706
2018-09-19 14:43:45,836:INFO: [TRAIN] Step: 525 ; Loss: 17.371 ; Acc: 48.733
2018-09-19 14:43:45,909:INFO: [TRAIN] Step: 526 ; Loss: 19.796 ; Acc: 48.751
2018-09-19 14:43:45,991:INFO: [TRAIN] Step: 527 ; Loss: 19.113 ; Acc: 48.753
2018-09-19 14:43:46,068:INFO: [TRAIN] Step: 528 ; Loss: 19.555 ; Acc: 48.763
2018-09-19 14:43:46,151:INFO: [TRAIN] Step: 529 ; Loss: 20.556 ; Acc: 48.789
2018-09-19 14:43:46,227:INFO: [TRAIN] Step: 530 ; Loss: 20.808 ; Acc: 48.792
2018-09-19 14:43:46,327:INFO: [TRAIN] Step: 531 ; Loss: 16.997 ; Acc: 48.841
2018-09-19 14:43:46,405:INFO: [TRAIN] Step: 532 ; Loss: 21.777 ; Acc: 48.851
2018-09-19 14:43:46,485:INFO: [TRAIN] Step: 533 ; Loss: 14.551 ; Acc: 48.884
2018-09-19 14:43:46,562:INFO: [TRAIN] Step: 534 ; Loss: 19.198 ; Acc: 48.925
2018-09-19 14:43:46,644:INFO: [TRAIN] Step: 535 ; Loss: 22.584 ; Acc: 48.935
2018-09-19 14:43:46,718:INFO: [TRAIN] Step: 536 ; Loss: 21.886 ; Acc: 48.953
2018-09-19 14:43:46,800:INFO: [TRAIN] Step: 537 ; Loss: 19.392 ; Acc: 48.985
2018-09-19 14:43:46,876:INFO: [TRAIN] Step: 538 ; Loss: 18.972 ; Acc: 49.003
2018-09-19 14:43:46,958:INFO: [TRAIN] Step: 539 ; Loss: 23.611 ; Acc: 49.020
2018-09-19 14:43:47,034:INFO: [TRAIN] Step: 540 ; Loss: 18.459 ; Acc: 49.045
2018-09-19 14:43:47,115:INFO: [TRAIN] Step: 541 ; Loss: 18.323 ; Acc: 49.077
2018-09-19 14:43:47,190:INFO: [TRAIN] Step: 542 ; Loss: 20.926 ; Acc: 49.102
2018-09-19 14:43:47,274:INFO: [TRAIN] Step: 543 ; Loss: 19.311 ; Acc: 49.119
2018-09-19 14:43:47,348:INFO: [TRAIN] Step: 544 ; Loss: 19.882 ; Acc: 49.159
2018-09-19 14:43:47,430:INFO: [TRAIN] Step: 545 ; Loss: 22.522 ; Acc: 49.161
2018-09-19 14:43:47,504:INFO: [TRAIN] Step: 546 ; Loss: 21.039 ; Acc: 49.162
2018-09-19 14:43:47,591:INFO: [TRAIN] Step: 547 ; Loss: 22.088 ; Acc: 49.179
2018-09-19 14:43:47,670:INFO: [TRAIN] Step: 548 ; Loss: 24.026 ; Acc: 49.158
2018-09-19 14:43:47,752:INFO: [TRAIN] Step: 549 ; Loss: 17.407 ; Acc: 49.189
2018-09-19 14:43:47,826:INFO: [TRAIN] Step: 550 ; Loss: 19.102 ; Acc: 49.221
2018-09-19 14:43:47,908:INFO: [TRAIN] Step: 551 ; Loss: 13.960 ; Acc: 49.275
2018-09-19 14:43:47,983:INFO: [TRAIN] Step: 552 ; Loss: 21.382 ; Acc: 49.284
2018-09-19 14:43:48,065:INFO: [TRAIN] Step: 553 ; Loss: 18.107 ; Acc: 49.308
2018-09-19 14:43:48,140:INFO: [TRAIN] Step: 554 ; Loss: 22.451 ; Acc: 49.279
2018-09-19 14:43:48,222:INFO: [TRAIN] Step: 555 ; Loss: 26.417 ; Acc: 49.266
2018-09-19 14:43:48,296:INFO: [TRAIN] Step: 556 ; Loss: 19.933 ; Acc: 49.274
2018-09-19 14:43:48,376:INFO: [TRAIN] Step: 557 ; Loss: 18.914 ; Acc: 49.291
2018-09-19 14:43:48,452:INFO: [TRAIN] Step: 558 ; Loss: 18.801 ; Acc: 49.314
2018-09-19 14:43:48,534:INFO: [TRAIN] Step: 559 ; Loss: 18.006 ; Acc: 49.345
2018-09-19 14:43:48,607:INFO: [TRAIN] Step: 560 ; Loss: 20.266 ; Acc: 49.354
2018-09-19 14:43:48,687:INFO: [TRAIN] Step: 561 ; Loss: 23.133 ; Acc: 49.362
2018-09-19 14:43:48,762:INFO: [TRAIN] Step: 562 ; Loss: 17.509 ; Acc: 49.378
2018-09-19 14:43:48,843:INFO: [TRAIN] Step: 563 ; Loss: 23.550 ; Acc: 49.394
2018-09-19 14:43:48,918:INFO: [TRAIN] Step: 564 ; Loss: 20.857 ; Acc: 49.403
2018-09-19 14:43:49,000:INFO: [TRAIN] Step: 565 ; Loss: 16.015 ; Acc: 49.463
2018-09-19 14:43:49,075:INFO: [TRAIN] Step: 566 ; Loss: 16.459 ; Acc: 49.486
2018-09-19 14:43:49,155:INFO: [TRAIN] Step: 567 ; Loss: 21.385 ; Acc: 49.494
2018-09-19 14:43:49,229:INFO: [TRAIN] Step: 568 ; Loss: 18.693 ; Acc: 49.487
2018-09-19 14:43:49,313:INFO: [TRAIN] Step: 569 ; Loss: 20.586 ; Acc: 49.503
2018-09-19 14:43:49,391:INFO: [TRAIN] Step: 570 ; Loss: 17.085 ; Acc: 49.526
2018-09-19 14:43:49,472:INFO: [TRAIN] Step: 571 ; Loss: 13.778 ; Acc: 49.541
2018-09-19 14:43:49,547:INFO: [TRAIN] Step: 572 ; Loss: 23.567 ; Acc: 49.520
2018-09-19 14:43:49,630:INFO: [TRAIN] Step: 573 ; Loss: 22.215 ; Acc: 49.528
2018-09-19 14:43:49,706:INFO: [TRAIN] Step: 574 ; Loss: 16.690 ; Acc: 49.572
2018-09-19 14:43:49,789:INFO: [TRAIN] Step: 575 ; Loss: 17.931 ; Acc: 49.566
2018-09-19 14:43:49,862:INFO: [TRAIN] Step: 576 ; Loss: 21.510 ; Acc: 49.581
2018-09-19 14:43:49,945:INFO: [TRAIN] Step: 577 ; Loss: 20.143 ; Acc: 49.604
2018-09-19 14:43:50,021:INFO: [TRAIN] Step: 578 ; Loss: 24.251 ; Acc: 49.590
2018-09-19 14:43:50,102:INFO: [TRAIN] Step: 579 ; Loss: 23.141 ; Acc: 49.576
2018-09-19 14:43:50,176:INFO: [TRAIN] Step: 580 ; Loss: 16.049 ; Acc: 49.591
2018-09-19 14:43:50,258:INFO: [TRAIN] Step: 581 ; Loss: 22.909 ; Acc: 49.585
2018-09-19 14:43:50,333:INFO: [TRAIN] Step: 582 ; Loss: 17.571 ; Acc: 49.628
2018-09-19 14:43:50,413:INFO: [TRAIN] Step: 583 ; Loss: 28.456 ; Acc: 49.643
2018-09-19 14:43:50,487:INFO: [TRAIN] Step: 584 ; Loss: 22.651 ; Acc: 49.630
2018-09-19 14:43:50,571:INFO: [TRAIN] Step: 585 ; Loss: 22.480 ; Acc: 49.637
2018-09-19 14:43:50,646:INFO: [TRAIN] Step: 586 ; Loss: 20.102 ; Acc: 49.659
2018-09-19 14:43:50,728:INFO: [TRAIN] Step: 587 ; Loss: 27.565 ; Acc: 49.653
2018-09-19 14:43:50,803:INFO: [TRAIN] Step: 588 ; Loss: 16.005 ; Acc: 49.703
2018-09-19 14:43:50,889:INFO: [TRAIN] Step: 589 ; Loss: 19.604 ; Acc: 49.718
2018-09-19 14:43:50,963:INFO: [TRAIN] Step: 590 ; Loss: 18.784 ; Acc: 49.718
2018-09-19 14:43:51,047:INFO: [TRAIN] Step: 591 ; Loss: 15.328 ; Acc: 49.754
2018-09-19 14:43:51,122:INFO: [TRAIN] Step: 592 ; Loss: 14.736 ; Acc: 49.775
2018-09-19 14:43:51,202:INFO: [TRAIN] Step: 593 ; Loss: 21.912 ; Acc: 49.776
2018-09-19 14:43:51,277:INFO: [TRAIN] Step: 594 ; Loss: 19.031 ; Acc: 49.804
2018-09-19 14:43:51,360:INFO: [TRAIN] Step: 595 ; Loss: 19.836 ; Acc: 49.832
2018-09-19 14:43:51,436:INFO: [TRAIN] Step: 596 ; Loss: 16.863 ; Acc: 49.881
2018-09-19 14:43:51,516:INFO: [TRAIN] Step: 597 ; Loss: 17.452 ; Acc: 49.889
2018-09-19 14:43:51,595:INFO: [TRAIN] Step: 598 ; Loss: 20.884 ; Acc: 49.917
2018-09-19 14:43:51,676:INFO: [TRAIN] Step: 599 ; Loss: 20.911 ; Acc: 49.896
2018-09-19 14:43:51,752:INFO: [TRAIN] Step: 600 ; Loss: 17.222 ; Acc: 49.924
2018-09-19 14:43:51,833:INFO: [TRAIN] Step: 601 ; Loss: 25.160 ; Acc: 49.903
2018-09-19 14:43:51,909:INFO: [TRAIN] Step: 602 ; Loss: 22.751 ; Acc: 49.889
2018-09-19 14:43:51,993:INFO: [TRAIN] Step: 603 ; Loss: 20.305 ; Acc: 49.897
2018-09-19 14:43:52,066:INFO: [TRAIN] Step: 604 ; Loss: 23.546 ; Acc: 49.904
2018-09-19 14:43:52,147:INFO: [TRAIN] Step: 605 ; Loss: 19.703 ; Acc: 49.924
2018-09-19 14:43:52,221:INFO: [TRAIN] Step: 606 ; Loss: 22.174 ; Acc: 49.911
2018-09-19 14:43:52,307:INFO: [TRAIN] Step: 607 ; Loss: 20.496 ; Acc: 49.952
2018-09-19 14:43:52,381:INFO: [TRAIN] Step: 608 ; Loss: 19.470 ; Acc: 49.952
2018-09-19 14:43:52,462:INFO: [TRAIN] Step: 609 ; Loss: 16.688 ; Acc: 49.973
2018-09-19 14:43:52,537:INFO: [TRAIN] Step: 610 ; Loss: 19.231 ; Acc: 50.007
2018-09-19 14:43:52,620:INFO: [TRAIN] Step: 611 ; Loss: 27.497 ; Acc: 50.020
2018-09-19 14:43:52,694:INFO: [TRAIN] Step: 612 ; Loss: 19.480 ; Acc: 50.020
2018-09-19 14:43:52,777:INFO: [TRAIN] Step: 613 ; Loss: 24.309 ; Acc: 50.027
2018-09-19 14:43:52,851:INFO: [TRAIN] Step: 614 ; Loss: 17.935 ; Acc: 50.054
2018-09-19 14:43:52,932:INFO: [TRAIN] Step: 615 ; Loss: 22.867 ; Acc: 50.054
2018-09-19 14:43:53,006:INFO: [TRAIN] Step: 616 ; Loss: 20.736 ; Acc: 50.061
2018-09-19 14:43:53,088:INFO: [TRAIN] Step: 617 ; Loss: 18.261 ; Acc: 50.094
2018-09-19 14:43:53,162:INFO: [TRAIN] Step: 618 ; Loss: 21.304 ; Acc: 50.074
2018-09-19 14:43:53,244:INFO: [TRAIN] Step: 619 ; Loss: 17.863 ; Acc: 50.101
2018-09-19 14:43:53,320:INFO: [TRAIN] Step: 620 ; Loss: 15.948 ; Acc: 50.101
2018-09-19 14:43:53,402:INFO: [TRAIN] Step: 621 ; Loss: 23.997 ; Acc: 50.100
2018-09-19 14:43:53,476:INFO: [TRAIN] Step: 622 ; Loss: 24.711 ; Acc: 50.094
2018-09-19 14:43:53,559:INFO: [TRAIN] Step: 623 ; Loss: 25.224 ; Acc: 50.073
2018-09-19 14:43:53,634:INFO: [TRAIN] Step: 624 ; Loss: 14.419 ; Acc: 50.120
2018-09-19 14:43:53,715:INFO: [TRAIN] Step: 625 ; Loss: 17.448 ; Acc: 50.133
2018-09-19 14:43:53,790:INFO: [TRAIN] Step: 626 ; Loss: 20.679 ; Acc: 50.140
2018-09-19 14:43:53,871:INFO: [TRAIN] Step: 627 ; Loss: 21.018 ; Acc: 50.139
2018-09-19 14:43:53,946:INFO: [TRAIN] Step: 628 ; Loss: 17.206 ; Acc: 50.146
2018-09-19 14:43:54,027:INFO: [TRAIN] Step: 629 ; Loss: 20.108 ; Acc: 50.172
2018-09-19 14:43:54,104:INFO: [TRAIN] Step: 630 ; Loss: 19.401 ; Acc: 50.178
2018-09-19 14:43:54,187:INFO: [TRAIN] Step: 631 ; Loss: 23.738 ; Acc: 50.198
2018-09-19 14:43:54,261:INFO: [TRAIN] Step: 632 ; Loss: 18.830 ; Acc: 50.204
2018-09-19 14:43:54,343:INFO: [TRAIN] Step: 633 ; Loss: 13.413 ; Acc: 50.256
2018-09-19 14:43:54,421:INFO: [TRAIN] Step: 634 ; Loss: 23.449 ; Acc: 50.269
2018-09-19 14:43:54,503:INFO: [TRAIN] Step: 635 ; Loss: 18.845 ; Acc: 50.275
2018-09-19 14:43:54,577:INFO: [TRAIN] Step: 636 ; Loss: 20.918 ; Acc: 50.281
2018-09-19 14:43:54,660:INFO: [TRAIN] Step: 637 ; Loss: 16.901 ; Acc: 50.294
2018-09-19 14:43:54,737:INFO: [TRAIN] Step: 638 ; Loss: 19.616 ; Acc: 50.293
2018-09-19 14:43:54,821:INFO: [TRAIN] Step: 639 ; Loss: 25.413 ; Acc: 50.299
2018-09-19 14:43:54,898:INFO: [TRAIN] Step: 640 ; Loss: 21.623 ; Acc: 50.306
2018-09-19 14:43:54,984:INFO: [TRAIN] Step: 641 ; Loss: 18.677 ; Acc: 50.344
2018-09-19 14:43:55,061:INFO: [TRAIN] Step: 642 ; Loss: 20.946 ; Acc: 50.330
2018-09-19 14:43:55,145:INFO: [TRAIN] Step: 643 ; Loss: 21.138 ; Acc: 50.343
2018-09-19 14:43:55,221:INFO: [TRAIN] Step: 644 ; Loss: 17.813 ; Acc: 50.375
2018-09-19 14:43:55,305:INFO: [TRAIN] Step: 645 ; Loss: 17.761 ; Acc: 50.393
2018-09-19 14:43:55,383:INFO: [TRAIN] Step: 646 ; Loss: 18.323 ; Acc: 50.399
2018-09-19 14:43:55,467:INFO: [TRAIN] Step: 647 ; Loss: 18.666 ; Acc: 50.431
2018-09-19 14:43:55,547:INFO: [TRAIN] Step: 648 ; Loss: 23.240 ; Acc: 50.443
2018-09-19 14:43:55,632:INFO: [TRAIN] Step: 649 ; Loss: 21.426 ; Acc: 50.429
2018-09-19 14:43:55,708:INFO: [TRAIN] Step: 650 ; Loss: 25.057 ; Acc: 50.416
2018-09-19 14:43:55,790:INFO: [TRAIN] Step: 651 ; Loss: 23.979 ; Acc: 50.415
2018-09-19 14:43:55,868:INFO: [TRAIN] Step: 652 ; Loss: 15.651 ; Acc: 50.453
2018-09-19 14:43:55,952:INFO: [TRAIN] Step: 653 ; Loss: 20.940 ; Acc: 50.452
2018-09-19 14:43:56,029:INFO: [TRAIN] Step: 654 ; Loss: 16.740 ; Acc: 50.471
2018-09-19 14:43:56,116:INFO: [TRAIN] Step: 655 ; Loss: 22.275 ; Acc: 50.476
2018-09-19 14:43:56,199:INFO: [TRAIN] Step: 656 ; Loss: 18.073 ; Acc: 50.507
2018-09-19 14:43:56,286:INFO: [TRAIN] Step: 657 ; Loss: 15.911 ; Acc: 50.545
2018-09-19 14:43:56,365:INFO: [TRAIN] Step: 658 ; Loss: 16.074 ; Acc: 50.582
2018-09-19 14:43:56,452:INFO: [TRAIN] Step: 659 ; Loss: 15.120 ; Acc: 50.619
2018-09-19 14:43:56,530:INFO: [TRAIN] Step: 660 ; Loss: 18.910 ; Acc: 50.624
2018-09-19 14:43:56,616:INFO: [TRAIN] Step: 661 ; Loss: 16.765 ; Acc: 50.648
2018-09-19 14:43:56,698:INFO: [TRAIN] Step: 662 ; Loss: 17.309 ; Acc: 50.660
2018-09-19 14:43:56,786:INFO: [TRAIN] Step: 663 ; Loss: 23.629 ; Acc: 50.665
2018-09-19 14:43:56,868:INFO: [TRAIN] Step: 664 ; Loss: 15.995 ; Acc: 50.689
2018-09-19 14:43:56,957:INFO: [TRAIN] Step: 665 ; Loss: 21.913 ; Acc: 50.701
2018-09-19 14:43:57,040:INFO: [TRAIN] Step: 666 ; Loss: 24.369 ; Acc: 50.681
2018-09-19 14:43:57,132:INFO: [TRAIN] Step: 667 ; Loss: 18.950 ; Acc: 50.699
2018-09-19 14:43:57,212:INFO: [TRAIN] Step: 668 ; Loss: 17.204 ; Acc: 50.716
2018-09-19 14:43:57,302:INFO: [TRAIN] Step: 669 ; Loss: 22.794 ; Acc: 50.721
2018-09-19 14:43:57,389:INFO: [TRAIN] Step: 670 ; Loss: 17.600 ; Acc: 50.764
2018-09-19 14:43:57,481:INFO: [TRAIN] Step: 671 ; Loss: 17.722 ; Acc: 50.775
2018-09-19 14:43:57,568:INFO: [TRAIN] Step: 672 ; Loss: 17.893 ; Acc: 50.780
2018-09-19 14:43:57,661:INFO: [TRAIN] Step: 673 ; Loss: 16.490 ; Acc: 50.791
2018-09-19 14:43:57,748:INFO: [TRAIN] Step: 674 ; Loss: 16.685 ; Acc: 50.790
2018-09-19 14:43:57,844:INFO: [TRAIN] Step: 675 ; Loss: 23.716 ; Acc: 50.789
2018-09-19 14:43:57,931:INFO: [TRAIN] Step: 676 ; Loss: 19.942 ; Acc: 50.794
2018-09-19 14:43:58,031:INFO: [TRAIN] Step: 677 ; Loss: 20.301 ; Acc: 50.805
2018-09-19 14:43:58,125:INFO: [TRAIN] Step: 678 ; Loss: 23.860 ; Acc: 50.792
2018-09-19 14:43:58,220:INFO: [TRAIN] Step: 679 ; Loss: 16.917 ; Acc: 50.821
2018-09-19 14:43:58,315:INFO: [TRAIN] Step: 680 ; Loss: 23.440 ; Acc: 50.808
2018-09-19 14:43:58,416:INFO: [TRAIN] Step: 681 ; Loss: 21.250 ; Acc: 50.806
2018-09-19 14:43:58,510:INFO: [TRAIN] Step: 682 ; Loss: 25.639 ; Acc: 50.793
2018-09-19 14:43:58,616:INFO: [TRAIN] Step: 683 ; Loss: 22.023 ; Acc: 50.798
2018-09-19 14:43:58,711:INFO: [TRAIN] Step: 684 ; Loss: 22.028 ; Acc: 50.821
2018-09-19 14:43:58,817:INFO: [TRAIN] Step: 685 ; Loss: 18.363 ; Acc: 50.832
2018-09-19 14:43:58,916:INFO: [TRAIN] Step: 686 ; Loss: 22.834 ; Acc: 50.831
2018-09-19 14:43:59,022:INFO: [TRAIN] Step: 687 ; Loss: 19.958 ; Acc: 50.854
2018-09-19 14:43:59,120:INFO: [TRAIN] Step: 688 ; Loss: 19.650 ; Acc: 50.865
2018-09-19 14:43:59,227:INFO: [TRAIN] Step: 689 ; Loss: 21.392 ; Acc: 50.857
2018-09-19 14:43:59,329:INFO: [TRAIN] Step: 690 ; Loss: 15.953 ; Acc: 50.886
2018-09-19 14:43:59,438:INFO: [TRAIN] Step: 691 ; Loss: 21.166 ; Acc: 50.903
2018-09-19 14:43:59,544:INFO: [TRAIN] Step: 692 ; Loss: 17.833 ; Acc: 50.902
2018-09-19 14:43:59,651:INFO: [TRAIN] Step: 693 ; Loss: 16.389 ; Acc: 50.913
2018-09-19 14:43:59,760:INFO: [TRAIN] Step: 694 ; Loss: 20.371 ; Acc: 50.923
2018-09-19 14:43:59,869:INFO: [TRAIN] Step: 695 ; Loss: 21.089 ; Acc: 50.928
2018-09-19 14:43:59,977:INFO: [TRAIN] Step: 696 ; Loss: 18.141 ; Acc: 50.951
2018-09-19 14:44:00,090:INFO: [TRAIN] Step: 697 ; Loss: 22.510 ; Acc: 50.949
2018-09-19 14:44:00,203:INFO: [TRAIN] Step: 698 ; Loss: 23.293 ; Acc: 50.954
2018-09-19 14:44:00,314:INFO: [TRAIN] Step: 699 ; Loss: 22.753 ; Acc: 50.958
2018-09-19 14:44:00,427:INFO: [TRAIN] Step: 700 ; Loss: 18.510 ; Acc: 50.999
2018-09-19 14:44:00,542:INFO: [TRAIN] Step: 701 ; Loss: 16.621 ; Acc: 51.021
2018-09-19 14:44:00,653:INFO: [TRAIN] Step: 702 ; Loss: 16.740 ; Acc: 51.037
2018-09-19 14:44:00,771:INFO: [TRAIN] Step: 703 ; Loss: 15.039 ; Acc: 51.071
2018-09-19 14:44:00,886:INFO: [TRAIN] Step: 704 ; Loss: 19.845 ; Acc: 51.093
2018-09-19 14:44:00,999:INFO: [TRAIN] Step: 705 ; Loss: 22.851 ; Acc: 51.092
2018-09-19 14:44:01,112:INFO: [TRAIN] Step: 706 ; Loss: 19.288 ; Acc: 51.102
2018-09-19 14:44:01,228:INFO: [TRAIN] Step: 707 ; Loss: 17.949 ; Acc: 51.136
2018-09-19 14:44:01,342:INFO: [TRAIN] Step: 708 ; Loss: 15.558 ; Acc: 51.169
2018-09-19 14:44:01,462:INFO: [TRAIN] Step: 709 ; Loss: 20.360 ; Acc: 51.191
2018-09-19 14:44:01,578:INFO: [TRAIN] Step: 710 ; Loss: 18.481 ; Acc: 51.201
2018-09-19 14:44:01,700:INFO: [TRAIN] Step: 711 ; Loss: 20.587 ; Acc: 51.206
2018-09-19 14:44:01,820:INFO: [TRAIN] Step: 712 ; Loss: 18.917 ; Acc: 51.192
2018-09-19 14:44:01,937:INFO: [TRAIN] Step: 713 ; Loss: 19.659 ; Acc: 51.196
2018-09-19 14:44:02,061:INFO: [TRAIN] Step: 714 ; Loss: 18.361 ; Acc: 51.200
2018-09-19 14:44:02,179:INFO: [TRAIN] Step: 715 ; Loss: 24.666 ; Acc: 51.205
2018-09-19 14:44:02,294:INFO: [TRAIN] Step: 716 ; Loss: 17.040 ; Acc: 51.226
2018-09-19 14:44:02,413:INFO: [TRAIN] Step: 717 ; Loss: 21.297 ; Acc: 51.236
2018-09-19 14:44:02,532:INFO: [TRAIN] Step: 718 ; Loss: 17.171 ; Acc: 51.252
2018-09-19 14:44:02,650:INFO: [TRAIN] Step: 719 ; Loss: 21.419 ; Acc: 51.262
2018-09-19 14:44:02,767:INFO: [TRAIN] Step: 720 ; Loss: 17.138 ; Acc: 51.289
2018-09-19 14:44:02,887:INFO: [TRAIN] Step: 721 ; Loss: 15.251 ; Acc: 51.310
2018-09-19 14:44:03,005:INFO: [TRAIN] Step: 722 ; Loss: 18.689 ; Acc: 51.331
2018-09-19 14:44:03,128:INFO: [TRAIN] Step: 723 ; Loss: 20.877 ; Acc: 51.329
2018-09-19 14:44:03,248:INFO: [TRAIN] Step: 724 ; Loss: 17.141 ; Acc: 51.351
2018-09-19 14:44:03,368:INFO: [TRAIN] Step: 725 ; Loss: 18.530 ; Acc: 51.366
2018-09-19 14:44:03,491:INFO: [TRAIN] Step: 726 ; Loss: 18.820 ; Acc: 51.376
2018-09-19 14:44:03,614:INFO: [TRAIN] Step: 727 ; Loss: 23.075 ; Acc: 51.374
2018-09-19 14:44:03,736:INFO: [TRAIN] Step: 728 ; Loss: 22.722 ; Acc: 51.377
2018-09-19 14:44:03,858:INFO: [TRAIN] Step: 729 ; Loss: 21.334 ; Acc: 51.370
2018-09-19 14:44:03,978:INFO: [TRAIN] Step: 730 ; Loss: 15.094 ; Acc: 51.414
2018-09-19 14:44:04,104:INFO: [TRAIN] Step: 731 ; Loss: 17.123 ; Acc: 51.452
2018-09-19 14:44:04,224:INFO: [TRAIN] Step: 732 ; Loss: 18.033 ; Acc: 51.467
2018-09-19 14:44:04,342:INFO: [TRAIN] Step: 733 ; Loss: 21.756 ; Acc: 51.470
2018-09-19 14:44:04,463:INFO: [TRAIN] Step: 734 ; Loss: 18.498 ; Acc: 51.480
2018-09-19 14:44:04,581:INFO: [TRAIN] Step: 735 ; Loss: 22.771 ; Acc: 51.483
2018-09-19 14:44:04,705:INFO: [TRAIN] Step: 736 ; Loss: 16.222 ; Acc: 51.504
2018-09-19 14:44:04,823:INFO: [TRAIN] Step: 737 ; Loss: 16.968 ; Acc: 51.513
2018-09-19 14:44:04,947:INFO: [TRAIN] Step: 738 ; Loss: 14.811 ; Acc: 51.522
2018-09-19 14:44:05,070:INFO: [TRAIN] Step: 739 ; Loss: 21.991 ; Acc: 51.532
2018-09-19 14:44:05,210:INFO: [TRAIN] Step: 740 ; Loss: 18.474 ; Acc: 51.529
2018-09-19 14:44:05,347:INFO: [TRAIN] Step: 741 ; Loss: 19.508 ; Acc: 51.533
2018-09-19 14:44:05,470:INFO: [TRAIN] Step: 742 ; Loss: 21.270 ; Acc: 51.531
2018-09-19 14:44:05,597:INFO: [TRAIN] Step: 743 ; Loss: 19.154 ; Acc: 51.562
2018-09-19 14:44:05,722:INFO: [TRAIN] Step: 744 ; Loss: 20.582 ; Acc: 51.566
2018-09-19 14:44:05,842:INFO: [TRAIN] Step: 745 ; Loss: 20.842 ; Acc: 51.586
2018-09-19 14:44:05,962:INFO: [TRAIN] Step: 746 ; Loss: 18.608 ; Acc: 51.601
2018-09-19 14:44:06,086:INFO: [TRAIN] Step: 747 ; Loss: 14.155 ; Acc: 51.610
2018-09-19 14:44:06,233:INFO: [TRAIN] Step: 748 ; Loss: 18.191 ; Acc: 51.636
2018-09-19 14:44:06,359:INFO: [TRAIN] Step: 749 ; Loss: 16.919 ; Acc: 51.639
2018-09-19 14:44:06,499:INFO: [TRAIN] Step: 750 ; Loss: 20.970 ; Acc: 51.626
2018-09-19 14:44:06,634:INFO: [TRAIN] Step: 751 ; Loss: 14.710 ; Acc: 51.657
2018-09-19 14:44:06,773:INFO: [TRAIN] Step: 752 ; Loss: 12.424 ; Acc: 51.682
2018-09-19 14:44:06,896:INFO: [TRAIN] Step: 753 ; Loss: 18.833 ; Acc: 51.685
2018-09-19 14:44:07,023:INFO: [TRAIN] Step: 754 ; Loss: 14.774 ; Acc: 51.705
2018-09-19 14:44:07,149:INFO: [TRAIN] Step: 755 ; Loss: 23.665 ; Acc: 51.714
2018-09-19 14:44:07,279:INFO: [TRAIN] Step: 756 ; Loss: 25.598 ; Acc: 51.706
2018-09-19 14:44:07,405:INFO: [TRAIN] Step: 757 ; Loss: 17.941 ; Acc: 51.721
2018-09-19 14:44:07,531:INFO: [TRAIN] Step: 758 ; Loss: 17.112 ; Acc: 51.740
2018-09-19 14:44:07,667:INFO: [TRAIN] Step: 759 ; Loss: 18.771 ; Acc: 51.754
2018-09-19 14:44:07,794:INFO: [TRAIN] Step: 760 ; Loss: 20.350 ; Acc: 51.758
2018-09-19 14:44:07,926:INFO: [TRAIN] Step: 761 ; Loss: 18.047 ; Acc: 51.777
2018-09-19 14:44:08,056:INFO: [TRAIN] Step: 762 ; Loss: 14.451 ; Acc: 51.818
2018-09-19 14:44:08,188:INFO: [TRAIN] Step: 763 ; Loss: 18.624 ; Acc: 51.838
2018-09-19 14:44:08,323:INFO: [TRAIN] Step: 764 ; Loss: 14.683 ; Acc: 51.868
2018-09-19 14:44:08,449:INFO: [TRAIN] Step: 765 ; Loss: 19.200 ; Acc: 51.882
2018-09-19 14:44:08,572:INFO: [TRAIN] Step: 766 ; Loss: 16.772 ; Acc: 51.907
2018-09-19 14:44:08,700:INFO: [TRAIN] Step: 767 ; Loss: 23.926 ; Acc: 51.904
2018-09-19 14:44:08,821:INFO: [TRAIN] Step: 768 ; Loss: 21.932 ; Acc: 51.902
2018-09-19 14:44:08,951:INFO: [TRAIN] Step: 769 ; Loss: 16.238 ; Acc: 51.910
2018-09-19 14:44:09,076:INFO: [TRAIN] Step: 770 ; Loss: 24.576 ; Acc: 51.902
2018-09-19 14:44:09,214:INFO: [TRAIN] Step: 771 ; Loss: 22.848 ; Acc: 51.894
2018-09-19 14:44:09,347:INFO: [TRAIN] Step: 772 ; Loss: 25.919 ; Acc: 51.876
2018-09-19 14:44:09,483:INFO: [TRAIN] Step: 773 ; Loss: 15.608 ; Acc: 51.879
2018-09-19 14:44:09,607:INFO: [TRAIN] Step: 774 ; Loss: 19.139 ; Acc: 51.887
2018-09-19 14:44:09,732:INFO: [TRAIN] Step: 775 ; Loss: 16.138 ; Acc: 51.901
2018-09-19 14:44:09,858:INFO: [TRAIN] Step: 776 ; Loss: 18.303 ; Acc: 51.904
2018-09-19 14:44:09,985:INFO: [TRAIN] Step: 777 ; Loss: 19.707 ; Acc: 51.917
2018-09-19 14:44:10,112:INFO: [TRAIN] Step: 778 ; Loss: 19.055 ; Acc: 51.915
2018-09-19 14:44:10,237:INFO: [TRAIN] Step: 779 ; Loss: 19.963 ; Acc: 51.923
2018-09-19 14:44:10,366:INFO: [TRAIN] Step: 780 ; Loss: 22.771 ; Acc: 51.921
2018-09-19 14:44:10,492:INFO: [TRAIN] Step: 781 ; Loss: 16.649 ; Acc: 51.934
2018-09-19 14:44:10,616:INFO: [TRAIN] Step: 782 ; Loss: 18.555 ; Acc: 51.948
2018-09-19 14:44:10,738:INFO: [TRAIN] Step: 783 ; Loss: 14.373 ; Acc: 51.977
2018-09-19 14:44:10,865:INFO: [TRAIN] Step: 784 ; Loss: 19.282 ; Acc: 51.996
2018-09-19 14:44:10,987:INFO: [TRAIN] Step: 785 ; Loss: 16.615 ; Acc: 52.009
2018-09-19 14:44:11,108:INFO: [TRAIN] Step: 786 ; Loss: 21.502 ; Acc: 52.017
2018-09-19 14:44:11,232:INFO: [TRAIN] Step: 787 ; Loss: 16.240 ; Acc: 52.025
2018-09-19 14:44:11,353:INFO: [TRAIN] Step: 788 ; Loss: 21.332 ; Acc: 52.017
2018-09-19 14:44:11,479:INFO: [TRAIN] Step: 789 ; Loss: 17.428 ; Acc: 52.025
2018-09-19 14:44:11,606:INFO: [TRAIN] Step: 790 ; Loss: 20.381 ; Acc: 52.028
2018-09-19 14:44:11,734:INFO: [TRAIN] Step: 791 ; Loss: 24.461 ; Acc: 52.010
2018-09-19 14:44:11,861:INFO: [TRAIN] Step: 792 ; Loss: 26.331 ; Acc: 52.007
2018-09-19 14:44:11,982:INFO: [TRAIN] Step: 793 ; Loss: 20.324 ; Acc: 52.026
2018-09-19 14:44:12,104:INFO: [TRAIN] Step: 794 ; Loss: 20.907 ; Acc: 52.023
2018-09-19 14:44:12,228:INFO: [TRAIN] Step: 795 ; Loss: 17.382 ; Acc: 52.057
2018-09-19 14:44:12,349:INFO: [TRAIN] Step: 796 ; Loss: 19.253 ; Acc: 52.081
2018-09-19 14:44:12,477:INFO: [TRAIN] Step: 797 ; Loss: 19.684 ; Acc: 52.078
2018-09-19 14:44:12,599:INFO: [TRAIN] Step: 798 ; Loss: 16.309 ; Acc: 52.091
2018-09-19 14:44:12,722:INFO: [TRAIN] Step: 799 ; Loss: 21.237 ; Acc: 52.099
2018-09-19 14:44:12,848:INFO: [TRAIN] Step: 800 ; Loss: 14.265 ; Acc: 52.107
2018-09-19 14:44:12,969:INFO: [TRAIN] Step: 801 ; Loss: 19.288 ; Acc: 52.115
2018-09-19 14:44:13,088:INFO: [TRAIN] Step: 802 ; Loss: 16.677 ; Acc: 52.133
2018-09-19 14:44:13,213:INFO: [TRAIN] Step: 803 ; Loss: 17.338 ; Acc: 52.135
2018-09-19 14:44:13,343:INFO: [TRAIN] Step: 804 ; Loss: 14.946 ; Acc: 52.138
2018-09-19 14:44:13,471:INFO: [TRAIN] Step: 805 ; Loss: 21.934 ; Acc: 52.140
2018-09-19 14:44:13,595:INFO: [TRAIN] Step: 806 ; Loss: 15.893 ; Acc: 52.174
2018-09-19 14:44:13,722:INFO: [TRAIN] Step: 807 ; Loss: 21.608 ; Acc: 52.181
2018-09-19 14:44:13,849:INFO: [TRAIN] Step: 808 ; Loss: 19.757 ; Acc: 52.184
2018-09-19 14:44:13,972:INFO: [TRAIN] Step: 809 ; Loss: 17.170 ; Acc: 52.212
2018-09-19 14:44:14,098:INFO: [TRAIN] Step: 810 ; Loss: 17.283 ; Acc: 52.219
2018-09-19 14:44:14,220:INFO: [TRAIN] Step: 811 ; Loss: 16.182 ; Acc: 52.248
2018-09-19 14:44:14,347:INFO: [TRAIN] Step: 812 ; Loss: 19.350 ; Acc: 52.255
2018-09-19 14:44:14,467:INFO: [TRAIN] Step: 813 ; Loss: 17.153 ; Acc: 52.278
2018-09-19 14:44:14,589:INFO: [TRAIN] Step: 814 ; Loss: 22.149 ; Acc: 52.270
2018-09-19 14:44:14,713:INFO: [TRAIN] Step: 815 ; Loss: 18.734 ; Acc: 52.288
2018-09-19 14:44:14,838:INFO: [TRAIN] Step: 816 ; Loss: 16.478 ; Acc: 52.295
2018-09-19 14:44:14,960:INFO: [TRAIN] Step: 817 ; Loss: 18.524 ; Acc: 52.297
2018-09-19 14:44:15,086:INFO: [TRAIN] Step: 818 ; Loss: 22.584 ; Acc: 52.305
2018-09-19 14:44:15,210:INFO: [TRAIN] Step: 819 ; Loss: 18.109 ; Acc: 52.297
2018-09-19 14:44:15,329:INFO: [TRAIN] Step: 820 ; Loss: 22.822 ; Acc: 52.299
2018-09-19 14:44:15,450:INFO: [TRAIN] Step: 821 ; Loss: 17.388 ; Acc: 52.322
2018-09-19 14:44:15,577:INFO: [TRAIN] Step: 822 ; Loss: 22.951 ; Acc: 52.319
2018-09-19 14:44:15,696:INFO: [TRAIN] Step: 823 ; Loss: 20.727 ; Acc: 52.336
2018-09-19 14:44:15,817:INFO: [TRAIN] Step: 824 ; Loss: 21.208 ; Acc: 52.333
2018-09-19 14:44:15,939:INFO: [TRAIN] Step: 825 ; Loss: 20.518 ; Acc: 52.341
2018-09-19 14:44:16,057:INFO: [TRAIN] Step: 826 ; Loss: 18.522 ; Acc: 52.353
2018-09-19 14:44:16,182:INFO: [TRAIN] Step: 827 ; Loss: 16.683 ; Acc: 52.380
2018-09-19 14:44:16,299:INFO: [TRAIN] Step: 828 ; Loss: 19.605 ; Acc: 52.387
2018-09-19 14:44:16,421:INFO: [TRAIN] Step: 829 ; Loss: 20.891 ; Acc: 52.405
2018-09-19 14:44:16,543:INFO: [TRAIN] Step: 830 ; Loss: 16.725 ; Acc: 52.412
2018-09-19 14:44:16,661:INFO: [TRAIN] Step: 831 ; Loss: 16.289 ; Acc: 52.429
2018-09-19 14:44:16,780:INFO: [TRAIN] Step: 832 ; Loss: 13.961 ; Acc: 52.466
2018-09-19 14:44:16,897:INFO: [TRAIN] Step: 833 ; Loss: 23.073 ; Acc: 52.463
2018-09-19 14:44:17,013:INFO: [TRAIN] Step: 834 ; Loss: 19.613 ; Acc: 52.480
2018-09-19 14:44:17,131:INFO: [TRAIN] Step: 835 ; Loss: 12.964 ; Acc: 52.512
2018-09-19 14:44:17,254:INFO: [TRAIN] Step: 836 ; Loss: 26.290 ; Acc: 52.484
2018-09-19 14:44:17,372:INFO: [TRAIN] Step: 837 ; Loss: 16.537 ; Acc: 52.501
2018-09-19 14:44:17,492:INFO: [TRAIN] Step: 838 ; Loss: 21.438 ; Acc: 52.498
2018-09-19 14:44:17,615:INFO: [TRAIN] Step: 839 ; Loss: 15.398 ; Acc: 52.525
2018-09-19 14:44:17,729:INFO: [TRAIN] Step: 840 ; Loss: 20.349 ; Acc: 52.522
2018-09-19 14:44:17,846:INFO: [TRAIN] Step: 841 ; Loss: 19.615 ; Acc: 52.529
2018-09-19 14:44:17,964:INFO: [TRAIN] Step: 842 ; Loss: 18.667 ; Acc: 52.541
2018-09-19 14:44:18,079:INFO: [TRAIN] Step: 843 ; Loss: 15.895 ; Acc: 52.557
2018-09-19 14:44:18,200:INFO: [TRAIN] Step: 844 ; Loss: 24.072 ; Acc: 52.574
2018-09-19 14:44:18,324:INFO: [TRAIN] Step: 845 ; Loss: 15.980 ; Acc: 52.591
2018-09-19 14:44:18,439:INFO: [TRAIN] Step: 846 ; Loss: 18.710 ; Acc: 52.592
2018-09-19 14:44:18,549:INFO: [TRAIN] Step: 847 ; Loss: 16.898 ; Acc: 52.604
2018-09-19 14:44:18,665:INFO: [TRAIN] Step: 848 ; Loss: 20.234 ; Acc: 52.601
2018-09-19 14:44:18,781:INFO: [TRAIN] Step: 849 ; Loss: 19.211 ; Acc: 52.618
2018-09-19 14:44:18,895:INFO: [TRAIN] Step: 850 ; Loss: 19.776 ; Acc: 52.610
2018-09-19 14:44:19,007:INFO: [TRAIN] Step: 851 ; Loss: 19.569 ; Acc: 52.616
2018-09-19 14:44:19,118:INFO: [TRAIN] Step: 852 ; Loss: 14.184 ; Acc: 52.633
2018-09-19 14:44:19,233:INFO: [TRAIN] Step: 853 ; Loss: 14.245 ; Acc: 52.659
2018-09-19 14:44:19,341:INFO: [TRAIN] Step: 854 ; Loss: 20.057 ; Acc: 52.671
2018-09-19 14:44:19,451:INFO: [TRAIN] Step: 855 ; Loss: 20.709 ; Acc: 52.687
2018-09-19 14:44:19,565:INFO: [TRAIN] Step: 856 ; Loss: 18.571 ; Acc: 52.703
2018-09-19 14:44:19,673:INFO: [TRAIN] Step: 857 ; Loss: 17.359 ; Acc: 52.734
2018-09-19 14:44:19,785:INFO: [TRAIN] Step: 858 ; Loss: 15.902 ; Acc: 52.750
2018-09-19 14:44:19,892:INFO: [TRAIN] Step: 859 ; Loss: 16.385 ; Acc: 52.771
2018-09-19 14:44:20,000:INFO: [TRAIN] Step: 860 ; Loss: 17.471 ; Acc: 52.778
2018-09-19 14:44:20,110:INFO: [TRAIN] Step: 861 ; Loss: 19.317 ; Acc: 52.794
2018-09-19 14:44:20,219:INFO: [TRAIN] Step: 862 ; Loss: 17.700 ; Acc: 52.815
2018-09-19 14:44:20,327:INFO: [TRAIN] Step: 863 ; Loss: 22.217 ; Acc: 52.807
2018-09-19 14:44:20,435:INFO: [TRAIN] Step: 864 ; Loss: 20.958 ; Acc: 52.818
2018-09-19 14:44:20,544:INFO: [TRAIN] Step: 865 ; Loss: 23.798 ; Acc: 52.829
2018-09-19 14:44:20,655:INFO: [TRAIN] Step: 866 ; Loss: 18.420 ; Acc: 52.845
2018-09-19 14:44:20,762:INFO: [TRAIN] Step: 867 ; Loss: 16.118 ; Acc: 52.866
2018-09-19 14:44:20,875:INFO: [TRAIN] Step: 868 ; Loss: 24.263 ; Acc: 52.853
2018-09-19 14:44:20,982:INFO: [TRAIN] Step: 869 ; Loss: 17.794 ; Acc: 52.864
2018-09-19 14:44:21,091:INFO: [TRAIN] Step: 870 ; Loss: 18.012 ; Acc: 52.856
2018-09-19 14:44:21,199:INFO: [TRAIN] Step: 871 ; Loss: 21.604 ; Acc: 52.857
2018-09-19 14:44:21,309:INFO: [TRAIN] Step: 872 ; Loss: 19.528 ; Acc: 52.859
2018-09-19 14:44:21,417:INFO: [TRAIN] Step: 873 ; Loss: 14.467 ; Acc: 52.884
2018-09-19 14:44:21,524:INFO: [TRAIN] Step: 874 ; Loss: 22.396 ; Acc: 52.876
2018-09-19 14:44:21,634:INFO: [TRAIN] Step: 875 ; Loss: 18.854 ; Acc: 52.878
2018-09-19 14:44:21,747:INFO: [TRAIN] Step: 876 ; Loss: 16.269 ; Acc: 52.889
2018-09-19 14:44:21,854:INFO: [TRAIN] Step: 877 ; Loss: 19.628 ; Acc: 52.881
2018-09-19 14:44:21,965:INFO: [TRAIN] Step: 878 ; Loss: 20.819 ; Acc: 52.877
2018-09-19 14:44:22,073:INFO: [TRAIN] Step: 879 ; Loss: 18.430 ; Acc: 52.888
2018-09-19 14:44:22,178:INFO: [TRAIN] Step: 880 ; Loss: 19.580 ; Acc: 52.894
2018-09-19 14:44:22,282:INFO: [TRAIN] Step: 881 ; Loss: 19.687 ; Acc: 52.901
2018-09-19 14:44:22,390:INFO: [TRAIN] Step: 882 ; Loss: 20.683 ; Acc: 52.893
2018-09-19 14:44:22,494:INFO: [TRAIN] Step: 883 ; Loss: 21.943 ; Acc: 52.908
2018-09-19 14:44:22,599:INFO: [TRAIN] Step: 884 ; Loss: 13.366 ; Acc: 52.933
2018-09-19 14:44:22,704:INFO: [TRAIN] Step: 885 ; Loss: 23.037 ; Acc: 52.935
2018-09-19 14:44:22,813:INFO: [TRAIN] Step: 886 ; Loss: 20.599 ; Acc: 52.941
2018-09-19 14:44:22,919:INFO: [TRAIN] Step: 887 ; Loss: 17.752 ; Acc: 52.947
2018-09-19 14:44:23,026:INFO: [TRAIN] Step: 888 ; Loss: 16.924 ; Acc: 52.962
2018-09-19 14:44:23,130:INFO: [TRAIN] Step: 889 ; Loss: 17.374 ; Acc: 52.968
2018-09-19 14:44:23,241:INFO: [TRAIN] Step: 890 ; Loss: 21.484 ; Acc: 52.960
2018-09-19 14:44:23,349:INFO: [TRAIN] Step: 891 ; Loss: 20.389 ; Acc: 52.952
2018-09-19 14:44:23,457:INFO: [TRAIN] Step: 892 ; Loss: 24.618 ; Acc: 52.958
2018-09-19 14:44:23,561:INFO: [TRAIN] Step: 893 ; Loss: 19.032 ; Acc: 52.960
2018-09-19 14:44:23,667:INFO: [TRAIN] Step: 894 ; Loss: 15.765 ; Acc: 52.970
2018-09-19 14:44:23,772:INFO: [TRAIN] Step: 895 ; Loss: 19.910 ; Acc: 52.962
2018-09-19 14:44:23,877:INFO: [TRAIN] Step: 896 ; Loss: 18.500 ; Acc: 52.978
2018-09-19 14:44:23,980:INFO: [TRAIN] Step: 897 ; Loss: 16.971 ; Acc: 52.993
2018-09-19 14:44:24,091:INFO: [TRAIN] Step: 898 ; Loss: 15.686 ; Acc: 53.008
2018-09-19 14:44:24,198:INFO: [TRAIN] Step: 899 ; Loss: 20.209 ; Acc: 53.009
2018-09-19 14:44:24,305:INFO: [TRAIN] Step: 900 ; Loss: 17.640 ; Acc: 53.029
2018-09-19 14:44:24,412:INFO: [TRAIN] Step: 901 ; Loss: 19.980 ; Acc: 53.035
2018-09-19 14:44:24,520:INFO: [TRAIN] Step: 902 ; Loss: 16.459 ; Acc: 53.045
2018-09-19 14:44:24,626:INFO: [TRAIN] Step: 903 ; Loss: 13.306 ; Acc: 53.065
2018-09-19 14:44:24,730:INFO: [TRAIN] Step: 904 ; Loss: 16.458 ; Acc: 53.085
2018-09-19 14:44:24,838:INFO: [TRAIN] Step: 905 ; Loss: 15.879 ; Acc: 53.100
2018-09-19 14:44:24,946:INFO: [TRAIN] Step: 906 ; Loss: 21.726 ; Acc: 53.105
2018-09-19 14:44:25,051:INFO: [TRAIN] Step: 907 ; Loss: 13.000 ; Acc: 53.116
2018-09-19 14:44:25,163:INFO: [TRAIN] Step: 908 ; Loss: 14.458 ; Acc: 53.131
2018-09-19 14:44:25,275:INFO: [TRAIN] Step: 909 ; Loss: 18.699 ; Acc: 53.127
2018-09-19 14:44:25,380:INFO: [TRAIN] Step: 910 ; Loss: 20.479 ; Acc: 53.133
2018-09-19 14:44:25,490:INFO: [TRAIN] Step: 911 ; Loss: 19.730 ; Acc: 53.134
2018-09-19 14:44:25,593:INFO: [TRAIN] Step: 912 ; Loss: 16.931 ; Acc: 53.144
2018-09-19 14:44:25,699:INFO: [TRAIN] Step: 913 ; Loss: 16.312 ; Acc: 53.173
2018-09-19 14:44:25,806:INFO: [TRAIN] Step: 914 ; Loss: 18.004 ; Acc: 53.169
2018-09-19 14:44:25,910:INFO: [TRAIN] Step: 915 ; Loss: 12.974 ; Acc: 53.198
2018-09-19 14:44:26,015:INFO: [TRAIN] Step: 916 ; Loss: 14.005 ; Acc: 53.217
2018-09-19 14:44:26,128:INFO: [TRAIN] Step: 917 ; Loss: 14.692 ; Acc: 53.232
2018-09-19 14:44:26,233:INFO: [TRAIN] Step: 918 ; Loss: 13.395 ; Acc: 53.260
2018-09-19 14:44:26,343:INFO: [TRAIN] Step: 919 ; Loss: 16.067 ; Acc: 53.261
2018-09-19 14:44:26,452:INFO: [TRAIN] Step: 920 ; Loss: 18.192 ; Acc: 53.266
2018-09-19 14:44:26,556:INFO: [TRAIN] Step: 921 ; Loss: 22.087 ; Acc: 53.263
2018-09-19 14:44:26,660:INFO: [TRAIN] Step: 922 ; Loss: 24.449 ; Acc: 53.268
2018-09-19 14:44:26,768:INFO: [TRAIN] Step: 923 ; Loss: 16.215 ; Acc: 53.296
2018-09-19 14:44:26,874:INFO: [TRAIN] Step: 924 ; Loss: 15.853 ; Acc: 53.311
2018-09-19 14:44:26,981:INFO: [TRAIN] Step: 925 ; Loss: 22.444 ; Acc: 53.312
2018-09-19 14:44:27,088:INFO: [TRAIN] Step: 926 ; Loss: 20.731 ; Acc: 53.313
2018-09-19 14:44:27,194:INFO: [TRAIN] Step: 927 ; Loss: 16.413 ; Acc: 53.327
2018-09-19 14:44:27,302:INFO: [TRAIN] Step: 928 ; Loss: 16.495 ; Acc: 53.346
2018-09-19 14:44:27,408:INFO: [TRAIN] Step: 929 ; Loss: 15.395 ; Acc: 53.356
2018-09-19 14:44:27,514:INFO: [TRAIN] Step: 930 ; Loss: 17.763 ; Acc: 53.370
2018-09-19 14:44:27,617:INFO: [TRAIN] Step: 931 ; Loss: 21.538 ; Acc: 53.375
2018-09-19 14:44:27,721:INFO: [TRAIN] Step: 932 ; Loss: 21.879 ; Acc: 53.376
2018-09-19 14:44:27,826:INFO: [TRAIN] Step: 933 ; Loss: 16.018 ; Acc: 53.395
2018-09-19 14:44:27,934:INFO: [TRAIN] Step: 934 ; Loss: 17.952 ; Acc: 53.405
2018-09-19 14:44:28,042:INFO: [TRAIN] Step: 935 ; Loss: 18.434 ; Acc: 53.410
2018-09-19 14:44:28,153:INFO: [TRAIN] Step: 936 ; Loss: 19.987 ; Acc: 53.406
2018-09-19 14:44:28,265:INFO: [TRAIN] Step: 937 ; Loss: 14.772 ; Acc: 53.420
2018-09-19 14:44:28,374:INFO: [TRAIN] Step: 938 ; Loss: 23.759 ; Acc: 53.430
2018-09-19 14:44:28,478:INFO: [TRAIN] Step: 939 ; Loss: 15.572 ; Acc: 53.431
2018-09-19 14:44:28,582:INFO: [TRAIN] Step: 940 ; Loss: 14.813 ; Acc: 53.463
2018-09-19 14:44:28,693:INFO: [TRAIN] Step: 941 ; Loss: 18.096 ; Acc: 53.468
2018-09-19 14:44:28,803:INFO: [TRAIN] Step: 942 ; Loss: 20.683 ; Acc: 53.455
2018-09-19 14:44:28,914:INFO: [TRAIN] Step: 943 ; Loss: 24.953 ; Acc: 53.452
2018-09-19 14:44:29,020:INFO: [TRAIN] Step: 944 ; Loss: 18.626 ; Acc: 53.461
2018-09-19 14:44:29,130:INFO: [TRAIN] Step: 945 ; Loss: 17.612 ; Acc: 53.475
2018-09-19 14:44:29,243:INFO: [TRAIN] Step: 946 ; Loss: 17.392 ; Acc: 53.489
2018-09-19 14:44:29,363:INFO: [TRAIN] Step: 947 ; Loss: 18.259 ; Acc: 53.512
2018-09-19 14:44:29,477:INFO: [TRAIN] Step: 948 ; Loss: 14.757 ; Acc: 53.526
2018-09-19 14:44:29,583:INFO: [TRAIN] Step: 949 ; Loss: 18.786 ; Acc: 53.535
2018-09-19 14:44:29,692:INFO: [TRAIN] Step: 950 ; Loss: 17.729 ; Acc: 53.536
2018-09-19 14:44:29,825:INFO: [TRAIN] Step: 951 ; Loss: 13.116 ; Acc: 53.567
2018-09-19 14:44:29,936:INFO: [TRAIN] Step: 952 ; Loss: 15.134 ; Acc: 53.581
2018-09-19 14:44:30,058:INFO: [TRAIN] Step: 953 ; Loss: 19.086 ; Acc: 53.577
2018-09-19 14:44:30,167:INFO: [TRAIN] Step: 954 ; Loss: 16.252 ; Acc: 53.582
2018-09-19 14:44:30,289:INFO: [TRAIN] Step: 955 ; Loss: 16.966 ; Acc: 53.600
2018-09-19 14:44:30,396:INFO: [TRAIN] Step: 956 ; Loss: 18.599 ; Acc: 53.601
2018-09-19 14:44:30,503:INFO: [TRAIN] Step: 957 ; Loss: 16.724 ; Acc: 53.623
2018-09-19 14:44:30,617:INFO: [TRAIN] Step: 958 ; Loss: 13.405 ; Acc: 53.645
2018-09-19 14:44:30,724:INFO: [TRAIN] Step: 959 ; Loss: 23.383 ; Acc: 53.650
2018-09-19 14:44:30,832:INFO: [TRAIN] Step: 960 ; Loss: 19.347 ; Acc: 53.633
2018-09-19 14:44:30,941:INFO: [TRAIN] Step: 961 ; Loss: 18.469 ; Acc: 53.651
2018-09-19 14:44:31,057:INFO: [TRAIN] Step: 962 ; Loss: 15.500 ; Acc: 53.665
2018-09-19 14:44:31,175:INFO: [TRAIN] Step: 963 ; Loss: 17.451 ; Acc: 53.670
2018-09-19 14:44:31,293:INFO: [TRAIN] Step: 964 ; Loss: 17.653 ; Acc: 53.683
2018-09-19 14:44:31,408:INFO: [TRAIN] Step: 965 ; Loss: 18.941 ; Acc: 53.701
2018-09-19 14:44:31,512:INFO: [TRAIN] Step: 966 ; Loss: 16.671 ; Acc: 53.706
2018-09-19 14:44:31,618:INFO: [TRAIN] Step: 967 ; Loss: 20.559 ; Acc: 53.715
2018-09-19 14:44:31,734:INFO: [TRAIN] Step: 968 ; Loss: 15.969 ; Acc: 53.728
2018-09-19 14:44:31,842:INFO: [TRAIN] Step: 969 ; Loss: 20.398 ; Acc: 53.724
2018-09-19 14:44:31,948:INFO: [TRAIN] Step: 970 ; Loss: 17.853 ; Acc: 53.729
2018-09-19 14:44:32,057:INFO: [TRAIN] Step: 971 ; Loss: 18.723 ; Acc: 53.734
2018-09-19 14:44:32,164:INFO: [TRAIN] Step: 972 ; Loss: 17.424 ; Acc: 53.743
2018-09-19 14:44:32,271:INFO: [TRAIN] Step: 973 ; Loss: 17.534 ; Acc: 53.756
2018-09-19 14:44:32,377:INFO: [TRAIN] Step: 974 ; Loss: 19.074 ; Acc: 53.761
2018-09-19 14:44:32,484:INFO: [TRAIN] Step: 975 ; Loss: 20.516 ; Acc: 53.753
2018-09-19 14:44:32,591:INFO: [TRAIN] Step: 976 ; Loss: 24.570 ; Acc: 53.753
2018-09-19 14:44:32,694:INFO: [TRAIN] Step: 977 ; Loss: 21.924 ; Acc: 53.758
2018-09-19 14:44:32,802:INFO: [TRAIN] Step: 978 ; Loss: 17.112 ; Acc: 53.762
2018-09-19 14:44:32,908:INFO: [TRAIN] Step: 979 ; Loss: 20.979 ; Acc: 53.776
2018-09-19 14:44:33,016:INFO: [TRAIN] Step: 980 ; Loss: 16.556 ; Acc: 53.789
2018-09-19 14:44:33,124:INFO: [TRAIN] Step: 981 ; Loss: 21.068 ; Acc: 53.772
2018-09-19 14:44:33,228:INFO: [TRAIN] Step: 982 ; Loss: 20.573 ; Acc: 53.794
2018-09-19 14:44:33,333:INFO: [TRAIN] Step: 983 ; Loss: 19.153 ; Acc: 53.803
2018-09-19 14:44:33,440:INFO: [TRAIN] Step: 984 ; Loss: 20.825 ; Acc: 53.794
2018-09-19 14:44:33,548:INFO: [TRAIN] Step: 985 ; Loss: 14.371 ; Acc: 53.824
2018-09-19 14:44:33,658:INFO: [TRAIN] Step: 986 ; Loss: 15.177 ; Acc: 53.837
2018-09-19 14:44:33,761:INFO: [TRAIN] Step: 987 ; Loss: 20.395 ; Acc: 53.838
2018-09-19 14:44:33,865:INFO: [TRAIN] Step: 988 ; Loss: 21.438 ; Acc: 53.846
2018-09-19 14:44:33,969:INFO: [TRAIN] Step: 989 ; Loss: 13.269 ; Acc: 53.876
2018-09-19 14:44:34,075:INFO: [TRAIN] Step: 990 ; Loss: 13.150 ; Acc: 53.898
2018-09-19 14:44:34,181:INFO: [TRAIN] Step: 991 ; Loss: 29.564 ; Acc: 53.873
2018-09-19 14:44:34,289:INFO: [TRAIN] Step: 992 ; Loss: 25.706 ; Acc: 53.860
2018-09-19 14:44:34,394:INFO: [TRAIN] Step: 993 ; Loss: 20.779 ; Acc: 53.856
2018-09-19 14:44:34,498:INFO: [TRAIN] Step: 994 ; Loss: 21.768 ; Acc: 53.861
2018-09-19 14:44:34,605:INFO: [TRAIN] Step: 995 ; Loss: 15.744 ; Acc: 53.882
2018-09-19 14:44:34,713:INFO: [TRAIN] Step: 996 ; Loss: 19.685 ; Acc: 53.882
2018-09-19 14:44:34,817:INFO: [TRAIN] Step: 997 ; Loss: 16.222 ; Acc: 53.908
2018-09-19 14:44:34,923:INFO: [TRAIN] Step: 998 ; Loss: 18.408 ; Acc: 53.900
2018-09-19 14:44:35,030:INFO: [TRAIN] Step: 999 ; Loss: 20.600 ; Acc: 53.917
2018-09-19 14:44:35,137:INFO: [TRAIN] Step: 1000 ; Loss: 20.586 ; Acc: 53.925
2018-09-19 14:44:35,241:INFO: [TRAIN] Step: 1001 ; Loss: 21.925 ; Acc: 53.917
2018-09-19 14:44:35,349:INFO: [TRAIN] Step: 1002 ; Loss: 15.282 ; Acc: 53.922
2018-09-19 14:44:35,455:INFO: [TRAIN] Step: 1003 ; Loss: 17.579 ; Acc: 53.934
2018-09-19 14:44:35,563:INFO: [TRAIN] Step: 1004 ; Loss: 20.741 ; Acc: 53.926
2018-09-19 14:44:35,667:INFO: [TRAIN] Step: 1005 ; Loss: 16.452 ; Acc: 53.951
2018-09-19 14:44:35,772:INFO: [TRAIN] Step: 1006 ; Loss: 24.111 ; Acc: 53.947
2018-09-19 14:44:35,878:INFO: [TRAIN] Step: 1007 ; Loss: 19.552 ; Acc: 53.943
2018-09-19 14:44:35,983:INFO: [TRAIN] Step: 1008 ; Loss: 16.050 ; Acc: 53.960
2018-09-19 14:44:36,088:INFO: [TRAIN] Step: 1009 ; Loss: 12.824 ; Acc: 53.981
2018-09-19 14:44:36,192:INFO: [TRAIN] Step: 1010 ; Loss: 13.574 ; Acc: 54.002
2018-09-19 14:44:36,296:INFO: [TRAIN] Step: 1011 ; Loss: 20.708 ; Acc: 54.006
2018-09-19 14:44:36,402:INFO: [TRAIN] Step: 1012 ; Loss: 19.484 ; Acc: 53.998
2018-09-19 14:44:36,506:INFO: [TRAIN] Step: 1013 ; Loss: 19.848 ; Acc: 53.994
2018-09-19 14:44:36,614:INFO: [TRAIN] Step: 1014 ; Loss: 12.872 ; Acc: 54.015
2018-09-19 14:44:36,718:INFO: [TRAIN] Step: 1015 ; Loss: 18.560 ; Acc: 54.007
2018-09-19 14:44:36,824:INFO: [TRAIN] Step: 1016 ; Loss: 18.532 ; Acc: 54.023
2018-09-19 14:44:36,930:INFO: [TRAIN] Step: 1017 ; Loss: 16.565 ; Acc: 54.032
2018-09-19 14:44:37,034:INFO: [TRAIN] Step: 1018 ; Loss: 17.125 ; Acc: 54.044
2018-09-19 14:44:37,144:INFO: [TRAIN] Step: 1019 ; Loss: 18.279 ; Acc: 54.048
2018-09-19 14:44:37,251:INFO: [TRAIN] Step: 1020 ; Loss: 20.281 ; Acc: 54.052
2018-09-19 14:44:37,355:INFO: [TRAIN] Step: 1021 ; Loss: 22.090 ; Acc: 54.061
2018-09-19 14:44:37,459:INFO: [TRAIN] Step: 1022 ; Loss: 17.744 ; Acc: 54.065
2018-09-19 14:44:37,563:INFO: [TRAIN] Step: 1023 ; Loss: 17.259 ; Acc: 54.081
2018-09-19 14:44:37,668:INFO: [TRAIN] Step: 1024 ; Loss: 14.921 ; Acc: 54.102
2018-09-19 14:44:37,779:INFO: [TRAIN] Step: 1025 ; Loss: 20.721 ; Acc: 54.098
2018-09-19 14:44:37,885:INFO: [TRAIN] Step: 1026 ; Loss: 15.714 ; Acc: 54.110
2018-09-19 14:44:37,989:INFO: [TRAIN] Step: 1027 ; Loss: 16.004 ; Acc: 54.134
2018-09-19 14:44:38,097:INFO: [TRAIN] Step: 1028 ; Loss: 14.730 ; Acc: 54.146
2018-09-19 14:44:38,203:INFO: [TRAIN] Step: 1029 ; Loss: 18.228 ; Acc: 54.150
2018-09-19 14:44:38,314:INFO: [TRAIN] Step: 1030 ; Loss: 21.210 ; Acc: 54.163
2018-09-19 14:44:38,419:INFO: [TRAIN] Step: 1031 ; Loss: 15.673 ; Acc: 54.175
2018-09-19 14:44:38,522:INFO: [TRAIN] Step: 1032 ; Loss: 17.827 ; Acc: 54.199
2018-09-19 14:44:38,630:INFO: [TRAIN] Step: 1033 ; Loss: 19.654 ; Acc: 54.215
2018-09-19 14:44:38,734:INFO: [TRAIN] Step: 1034 ; Loss: 20.877 ; Acc: 54.219
2018-09-19 14:44:38,840:INFO: [TRAIN] Step: 1035 ; Loss: 17.889 ; Acc: 54.219
2018-09-19 14:44:38,943:INFO: [TRAIN] Step: 1036 ; Loss: 18.849 ; Acc: 54.223
2018-09-19 14:44:39,045:INFO: [TRAIN] Step: 1037 ; Loss: 20.731 ; Acc: 54.231
2018-09-19 14:44:39,155:INFO: [TRAIN] Step: 1038 ; Loss: 18.176 ; Acc: 54.235
2018-09-19 14:44:39,261:INFO: [TRAIN] Step: 1039 ; Loss: 16.287 ; Acc: 54.243
2018-09-19 14:44:39,366:INFO: [TRAIN] Step: 1040 ; Loss: 17.464 ; Acc: 54.259
2018-09-19 14:44:39,471:INFO: [TRAIN] Step: 1041 ; Loss: 12.981 ; Acc: 54.283
2018-09-19 14:44:39,576:INFO: [TRAIN] Step: 1042 ; Loss: 19.751 ; Acc: 54.279
2018-09-19 14:44:39,682:INFO: [TRAIN] Step: 1043 ; Loss: 13.568 ; Acc: 54.306
2018-09-19 14:44:39,789:INFO: [TRAIN] Step: 1044 ; Loss: 17.227 ; Acc: 54.310
2018-09-19 14:44:39,893:INFO: [TRAIN] Step: 1045 ; Loss: 20.295 ; Acc: 54.306
2018-09-19 14:44:40,003:INFO: [TRAIN] Step: 1046 ; Loss: 21.778 ; Acc: 54.314
2018-09-19 14:44:40,105:INFO: [TRAIN] Step: 1047 ; Loss: 15.060 ; Acc: 54.326
2018-09-19 14:44:40,210:INFO: [TRAIN] Step: 1048 ; Loss: 19.310 ; Acc: 54.341
2018-09-19 14:44:40,315:INFO: [TRAIN] Step: 1049 ; Loss: 15.376 ; Acc: 54.353
2018-09-19 14:44:40,419:INFO: [TRAIN] Step: 1050 ; Loss: 16.374 ; Acc: 54.365
2018-09-19 14:44:40,524:INFO: [TRAIN] Step: 1051 ; Loss: 14.878 ; Acc: 54.388
2018-09-19 14:44:40,628:INFO: [TRAIN] Step: 1052 ; Loss: 19.692 ; Acc: 54.392
2018-09-19 14:44:40,735:INFO: [TRAIN] Step: 1053 ; Loss: 15.562 ; Acc: 54.412
2018-09-19 14:44:40,837:INFO: [TRAIN] Step: 1054 ; Loss: 20.138 ; Acc: 54.419
2018-09-19 14:44:40,942:INFO: [TRAIN] Step: 1055 ; Loss: 15.219 ; Acc: 54.427
2018-09-19 14:44:41,047:INFO: [TRAIN] Step: 1056 ; Loss: 12.534 ; Acc: 54.450
2018-09-19 14:44:41,155:INFO: [TRAIN] Step: 1057 ; Loss: 18.118 ; Acc: 54.458
2018-09-19 14:44:41,258:INFO: [TRAIN] Step: 1058 ; Loss: 15.560 ; Acc: 54.477
2018-09-19 14:44:41,364:INFO: [TRAIN] Step: 1059 ; Loss: 15.034 ; Acc: 54.485
2018-09-19 14:44:41,473:INFO: [TRAIN] Step: 1060 ; Loss: 13.820 ; Acc: 54.500
2018-09-19 14:44:41,578:INFO: [TRAIN] Step: 1061 ; Loss: 20.354 ; Acc: 54.500
2018-09-19 14:44:41,686:INFO: [TRAIN] Step: 1062 ; Loss: 18.698 ; Acc: 54.492
2018-09-19 14:44:41,802:INFO: [TRAIN] Step: 1063 ; Loss: 14.676 ; Acc: 54.511
2018-09-19 14:44:41,908:INFO: [TRAIN] Step: 1064 ; Loss: 18.937 ; Acc: 54.515
2018-09-19 14:44:42,019:INFO: [TRAIN] Step: 1065 ; Loss: 13.569 ; Acc: 54.534
2018-09-19 14:44:42,122:INFO: [TRAIN] Step: 1066 ; Loss: 16.350 ; Acc: 54.538
2018-09-19 14:44:42,231:INFO: [TRAIN] Step: 1067 ; Loss: 18.149 ; Acc: 54.545
2018-09-19 14:44:42,337:INFO: [TRAIN] Step: 1068 ; Loss: 13.576 ; Acc: 54.564
2018-09-19 14:44:42,441:INFO: [TRAIN] Step: 1069 ; Loss: 15.737 ; Acc: 54.583
2018-09-19 14:44:42,547:INFO: [TRAIN] Step: 1070 ; Loss: 17.342 ; Acc: 54.579
2018-09-19 14:44:42,653:INFO: [TRAIN] Step: 1071 ; Loss: 15.838 ; Acc: 54.590
2018-09-19 14:44:42,755:INFO: [TRAIN] Step: 1072 ; Loss: 21.275 ; Acc: 54.590
2018-09-19 14:44:42,860:INFO: [TRAIN] Step: 1073 ; Loss: 14.488 ; Acc: 54.605
2018-09-19 14:44:42,963:INFO: [TRAIN] Step: 1074 ; Loss: 16.494 ; Acc: 54.620
2018-09-19 14:44:43,069:INFO: [TRAIN] Step: 1075 ; Loss: 16.070 ; Acc: 54.627
2018-09-19 14:44:43,174:INFO: [TRAIN] Step: 1076 ; Loss: 19.339 ; Acc: 54.643
2018-09-19 14:44:43,281:INFO: [TRAIN] Step: 1077 ; Loss: 13.698 ; Acc: 54.654
2018-09-19 14:44:43,386:INFO: [TRAIN] Step: 1078 ; Loss: 27.985 ; Acc: 54.661
2018-09-19 14:44:43,493:INFO: [TRAIN] Step: 1079 ; Loss: 19.777 ; Acc: 54.653
2018-09-19 14:44:43,598:INFO: [TRAIN] Step: 1080 ; Loss: 18.630 ; Acc: 54.660
2018-09-19 14:44:43,709:INFO: [TRAIN] Step: 1081 ; Loss: 18.231 ; Acc: 54.667
2018-09-19 14:44:43,812:INFO: [TRAIN] Step: 1082 ; Loss: 18.616 ; Acc: 54.667
2018-09-19 14:44:43,918:INFO: [TRAIN] Step: 1083 ; Loss: 20.398 ; Acc: 54.666
2018-09-19 14:44:44,022:INFO: [TRAIN] Step: 1084 ; Loss: 15.258 ; Acc: 54.693
2018-09-19 14:44:44,125:INFO: [TRAIN] Step: 1085 ; Loss: 18.392 ; Acc: 54.696
2018-09-19 14:44:44,233:INFO: [TRAIN] Step: 1086 ; Loss: 22.303 ; Acc: 54.699
2018-09-19 14:44:44,339:INFO: [TRAIN] Step: 1087 ; Loss: 17.133 ; Acc: 54.699
2018-09-19 14:44:44,448:INFO: [TRAIN] Step: 1088 ; Loss: 13.623 ; Acc: 54.725
2018-09-19 14:44:44,551:INFO: [TRAIN] Step: 1089 ; Loss: 15.497 ; Acc: 54.755
2018-09-19 14:44:44,656:INFO: [TRAIN] Step: 1090 ; Loss: 17.725 ; Acc: 54.766
2018-09-19 14:44:44,763:INFO: [TRAIN] Step: 1091 ; Loss: 15.485 ; Acc: 54.781
2018-09-19 14:44:44,868:INFO: [TRAIN] Step: 1092 ; Loss: 16.481 ; Acc: 54.796
2018-09-19 14:44:44,975:INFO: [TRAIN] Step: 1093 ; Loss: 18.126 ; Acc: 54.799
2018-09-19 14:44:45,080:INFO: [TRAIN] Step: 1094 ; Loss: 22.048 ; Acc: 54.802
2018-09-19 14:44:45,185:INFO: [TRAIN] Step: 1095 ; Loss: 14.289 ; Acc: 54.824
2018-09-19 14:44:45,293:INFO: [TRAIN] Step: 1096 ; Loss: 19.049 ; Acc: 54.835
2018-09-19 14:44:45,398:INFO: [TRAIN] Step: 1097 ; Loss: 18.170 ; Acc: 54.838
2018-09-19 14:44:45,506:INFO: [TRAIN] Step: 1098 ; Loss: 15.294 ; Acc: 54.853
2018-09-19 14:44:45,612:INFO: [TRAIN] Step: 1099 ; Loss: 19.921 ; Acc: 54.856
2018-09-19 14:44:45,722:INFO: [TRAIN] Step: 1100 ; Loss: 20.586 ; Acc: 54.863
2018-09-19 14:44:45,829:INFO: [TRAIN] Step: 1101 ; Loss: 19.075 ; Acc: 54.862
2018-09-19 14:44:45,938:INFO: [TRAIN] Step: 1102 ; Loss: 19.496 ; Acc: 54.873
2018-09-19 14:44:46,044:INFO: [TRAIN] Step: 1103 ; Loss: 20.665 ; Acc: 54.872
2018-09-19 14:44:46,151:INFO: [TRAIN] Step: 1104 ; Loss: 24.941 ; Acc: 54.872
2018-09-19 14:44:46,258:INFO: [TRAIN] Step: 1105 ; Loss: 19.762 ; Acc: 54.882
2018-09-19 14:44:46,364:INFO: [TRAIN] Step: 1106 ; Loss: 21.599 ; Acc: 54.871
2018-09-19 14:44:46,473:INFO: [TRAIN] Step: 1107 ; Loss: 21.555 ; Acc: 54.881
2018-09-19 14:44:46,577:INFO: [TRAIN] Step: 1108 ; Loss: 15.356 ; Acc: 54.888
2018-09-19 14:44:46,681:INFO: [TRAIN] Step: 1109 ; Loss: 15.475 ; Acc: 54.899
2018-09-19 14:44:46,786:INFO: [TRAIN] Step: 1110 ; Loss: 18.615 ; Acc: 54.902
2018-09-19 14:44:46,889:INFO: [TRAIN] Step: 1111 ; Loss: 19.417 ; Acc: 54.901
2018-09-19 14:44:46,997:INFO: [TRAIN] Step: 1112 ; Loss: 20.737 ; Acc: 54.904
2018-09-19 14:44:47,101:INFO: [TRAIN] Step: 1113 ; Loss: 16.119 ; Acc: 54.907
2018-09-19 14:44:47,207:INFO: [TRAIN] Step: 1114 ; Loss: 23.984 ; Acc: 54.910
2018-09-19 14:44:47,309:INFO: [TRAIN] Step: 1115 ; Loss: 19.495 ; Acc: 54.902
2018-09-19 14:44:47,417:INFO: [TRAIN] Step: 1116 ; Loss: 18.047 ; Acc: 54.909
2018-09-19 14:44:47,521:INFO: [TRAIN] Step: 1117 ; Loss: 17.807 ; Acc: 54.908
2018-09-19 14:44:47,636:INFO: [TRAIN] Step: 1118 ; Loss: 29.260 ; Acc: 54.908
2018-09-19 14:44:47,751:INFO: [TRAIN] Step: 1119 ; Loss: 22.422 ; Acc: 54.896
2018-09-19 14:44:47,857:INFO: [TRAIN] Step: 1120 ; Loss: 15.718 ; Acc: 54.899
2018-09-19 14:44:47,961:INFO: [TRAIN] Step: 1121 ; Loss: 17.194 ; Acc: 54.917
2018-09-19 14:44:48,069:INFO: [TRAIN] Step: 1122 ; Loss: 17.971 ; Acc: 54.935
2018-09-19 14:44:48,172:INFO: [TRAIN] Step: 1123 ; Loss: 15.279 ; Acc: 54.949
2018-09-19 14:44:48,279:INFO: [TRAIN] Step: 1124 ; Loss: 15.321 ; Acc: 54.959
2018-09-19 14:44:48,385:INFO: [TRAIN] Step: 1125 ; Loss: 17.122 ; Acc: 54.959
2018-09-19 14:44:48,487:INFO: [TRAIN] Step: 1126 ; Loss: 16.210 ; Acc: 54.965
2018-09-19 14:44:48,591:INFO: [TRAIN] Step: 1127 ; Loss: 19.918 ; Acc: 54.968
2018-09-19 14:44:48,698:INFO: [TRAIN] Step: 1128 ; Loss: 18.513 ; Acc: 54.986
2018-09-19 14:44:48,805:INFO: [TRAIN] Step: 1129 ; Loss: 17.650 ; Acc: 54.996
2018-09-19 14:44:48,909:INFO: [TRAIN] Step: 1130 ; Loss: 20.017 ; Acc: 55.010
2018-09-19 14:44:49,017:INFO: [TRAIN] Step: 1131 ; Loss: 17.162 ; Acc: 55.021
2018-09-19 14:44:49,119:INFO: [TRAIN] Step: 1132 ; Loss: 18.821 ; Acc: 55.027
2018-09-19 14:44:49,226:INFO: [TRAIN] Step: 1133 ; Loss: 15.452 ; Acc: 55.034
2018-09-19 14:44:49,331:INFO: [TRAIN] Step: 1134 ; Loss: 17.903 ; Acc: 55.044
2018-09-19 14:44:49,433:INFO: [TRAIN] Step: 1135 ; Loss: 17.480 ; Acc: 55.040
2018-09-19 14:44:49,536:INFO: [TRAIN] Step: 1136 ; Loss: 15.831 ; Acc: 55.050
2018-09-19 14:44:49,643:INFO: [TRAIN] Step: 1137 ; Loss: 20.629 ; Acc: 55.049
2018-09-19 14:44:49,748:INFO: [TRAIN] Step: 1138 ; Loss: 24.730 ; Acc: 55.034
2018-09-19 14:44:49,853:INFO: [TRAIN] Step: 1139 ; Loss: 16.828 ; Acc: 55.044
2018-09-19 14:44:49,957:INFO: [TRAIN] Step: 1140 ; Loss: 20.570 ; Acc: 55.039
2018-09-19 14:44:50,062:INFO: [TRAIN] Step: 1141 ; Loss: 14.111 ; Acc: 55.057
2018-09-19 14:44:50,165:INFO: [TRAIN] Step: 1142 ; Loss: 14.505 ; Acc: 55.074
2018-09-19 14:44:50,267:INFO: [TRAIN] Step: 1143 ; Loss: 20.568 ; Acc: 55.077
2018-09-19 14:44:50,372:INFO: [TRAIN] Step: 1144 ; Loss: 17.966 ; Acc: 55.087
2018-09-19 14:44:50,481:INFO: [TRAIN] Step: 1145 ; Loss: 21.611 ; Acc: 55.097
2018-09-19 14:44:50,583:INFO: [TRAIN] Step: 1146 ; Loss: 18.163 ; Acc: 55.104
2018-09-19 14:44:50,688:INFO: [TRAIN] Step: 1147 ; Loss: 29.152 ; Acc: 55.103
2018-09-19 14:44:50,793:INFO: [TRAIN] Step: 1148 ; Loss: 15.769 ; Acc: 55.113
2018-09-19 14:44:50,915:INFO: [TRAIN] Step: 1149 ; Loss: 15.643 ; Acc: 55.127
2018-09-19 14:44:51,021:INFO: [TRAIN] Step: 1150 ; Loss: 14.081 ; Acc: 55.148
2018-09-19 14:44:51,125:INFO: [TRAIN] Step: 1151 ; Loss: 22.405 ; Acc: 55.140
2018-09-19 14:44:51,232:INFO: [TRAIN] Step: 1152 ; Loss: 14.649 ; Acc: 55.160
2018-09-19 14:44:51,334:INFO: [TRAIN] Step: 1153 ; Loss: 14.007 ; Acc: 55.174
2018-09-19 14:44:51,439:INFO: [TRAIN] Step: 1154 ; Loss: 21.778 ; Acc: 55.173
2018-09-19 14:44:51,547:INFO: [TRAIN] Step: 1155 ; Loss: 14.901 ; Acc: 55.194
2018-09-19 14:44:51,652:INFO: [TRAIN] Step: 1156 ; Loss: 15.384 ; Acc: 55.200
2018-09-19 14:44:51,759:INFO: [TRAIN] Step: 1157 ; Loss: 13.971 ; Acc: 55.210
2018-09-19 14:44:51,865:INFO: [TRAIN] Step: 1158 ; Loss: 17.566 ; Acc: 55.213
2018-09-19 14:44:51,969:INFO: [TRAIN] Step: 1159 ; Loss: 18.813 ; Acc: 55.216
2018-09-19 14:44:52,072:INFO: [TRAIN] Step: 1160 ; Loss: 14.156 ; Acc: 55.240
2018-09-19 14:44:52,176:INFO: [TRAIN] Step: 1161 ; Loss: 15.188 ; Acc: 55.260
2018-09-19 14:44:52,281:INFO: [TRAIN] Step: 1162 ; Loss: 17.062 ; Acc: 55.263
2018-09-19 14:44:52,393:INFO: [TRAIN] Step: 1163 ; Loss: 14.803 ; Acc: 55.273
2018-09-19 14:44:52,499:INFO: [TRAIN] Step: 1164 ; Loss: 23.962 ; Acc: 55.275
2018-09-19 14:44:52,607:INFO: [TRAIN] Step: 1165 ; Loss: 19.332 ; Acc: 55.285
2018-09-19 14:44:52,714:INFO: [TRAIN] Step: 1166 ; Loss: 15.839 ; Acc: 55.302
2018-09-19 14:44:52,819:INFO: [TRAIN] Step: 1167 ; Loss: 19.395 ; Acc: 55.305
2018-09-19 14:44:52,923:INFO: [TRAIN] Step: 1168 ; Loss: 15.171 ; Acc: 55.304
2018-09-19 14:44:53,026:INFO: [TRAIN] Step: 1169 ; Loss: 17.259 ; Acc: 55.306
2018-09-19 14:44:53,130:INFO: [TRAIN] Step: 1170 ; Loss: 20.756 ; Acc: 55.316
2018-09-19 14:44:53,236:INFO: [TRAIN] Step: 1171 ; Loss: 15.706 ; Acc: 55.329
2018-09-19 14:44:53,339:INFO: [TRAIN] Step: 1172 ; Loss: 10.861 ; Acc: 55.350
2018-09-19 14:44:53,447:INFO: [TRAIN] Step: 1173 ; Loss: 15.638 ; Acc: 55.352
2018-09-19 14:44:53,553:INFO: [TRAIN] Step: 1174 ; Loss: 14.333 ; Acc: 55.376
2018-09-19 14:44:53,659:INFO: [TRAIN] Step: 1175 ; Loss: 17.677 ; Acc: 55.378
2018-09-19 14:44:53,762:INFO: [TRAIN] Step: 1176 ; Loss: 18.995 ; Acc: 55.377
2018-09-19 14:44:53,869:INFO: [TRAIN] Step: 1177 ; Loss: 18.556 ; Acc: 55.383
2018-09-19 14:44:53,972:INFO: [TRAIN] Step: 1178 ; Loss: 24.899 ; Acc: 55.375
2018-09-19 14:44:54,075:INFO: [TRAIN] Step: 1179 ; Loss: 13.090 ; Acc: 55.388
2018-09-19 14:44:54,179:INFO: [TRAIN] Step: 1180 ; Loss: 19.186 ; Acc: 55.394
2018-09-19 14:44:54,282:INFO: [TRAIN] Step: 1181 ; Loss: 21.870 ; Acc: 55.390
2018-09-19 14:44:54,386:INFO: [TRAIN] Step: 1182 ; Loss: 12.722 ; Acc: 55.410
2018-09-19 14:44:54,491:INFO: [TRAIN] Step: 1183 ; Loss: 18.002 ; Acc: 55.419
2018-09-19 14:44:54,598:INFO: [TRAIN] Step: 1184 ; Loss: 15.098 ; Acc: 55.432
2018-09-19 14:44:54,705:INFO: [TRAIN] Step: 1185 ; Loss: 17.029 ; Acc: 55.442
2018-09-19 14:44:54,809:INFO: [TRAIN] Step: 1186 ; Loss: 19.934 ; Acc: 55.437
2018-09-19 14:44:54,914:INFO: [TRAIN] Step: 1187 ; Loss: 12.905 ; Acc: 55.457
2018-09-19 14:44:55,016:INFO: [TRAIN] Step: 1188 ; Loss: 16.556 ; Acc: 55.460
2018-09-19 14:44:55,123:INFO: [TRAIN] Step: 1189 ; Loss: 18.682 ; Acc: 55.462
2018-09-19 14:45:00,407:INFO: [EVAL] Step: 1190 ; Loss: 0.180 ; Acc: 0.641
