2018-09-19 15:38:39,720:INFO: ### Model ###
LeNet5(
  (convnet): Sequential(
    (0): Conv2d(1, 6, kernel_size=(5, 5), stride=(1, 1))
    (1): ReLU()
    (2): MaxPool2d(kernel_size=(2, 2), stride=2, padding=0, dilation=1, ceil_mode=False)
    (3): Conv2d(6, 16, kernel_size=(5, 5), stride=(1, 1))
    (4): ReLU()
    (5): MaxPool2d(kernel_size=(2, 2), stride=2, padding=0, dilation=1, ceil_mode=False)
    (6): Conv2d(16, 120, kernel_size=(5, 5), stride=(1, 1))
    (7): ReLU()
    (8): Conv2d(120, 240, kernel_size=(5, 5), stride=(1, 1))
    (9): ReLU()
  )
  (fc): Sequential(
    (0): Linear(in_features=240, out_features=84, bias=True)
    (1): ReLU()
    (2): Linear(in_features=84, out_features=10, bias=True)
  )
)
2018-09-19 15:38:39,720:INFO: ### Optimizer ###
Adam (
Parameter Group 0
    amsgrad: False
    betas: (0.9, 0.999)
    eps: 1e-08
    lr: 0.0005
    weight_decay: 0
)
2018-09-19 15:38:39,721:INFO: ### HParams ###
n_epochs: 1 ; data: ferplus ; label: ferplus_votes ; batch_size: 24 ; lr: 0.0005 ; wd: 0 ; init: kaiming_he ; eval_steps: 1190
2018-09-19 15:38:39,883:INFO: [TRAIN] Step: 0 ; Loss: 61.867 ; Acc: 0.000
2018-09-19 15:38:39,957:INFO: [TRAIN] Step: 1 ; Loss: 48.634 ; Acc: 22.917
2018-09-19 15:38:40,032:INFO: [TRAIN] Step: 2 ; Loss: 30.794 ; Acc: 30.556
2018-09-19 15:38:40,145:INFO: [TRAIN] Step: 3 ; Loss: 32.683 ; Acc: 35.417
2018-09-19 15:38:40,222:INFO: [TRAIN] Step: 4 ; Loss: 33.622 ; Acc: 33.333
2018-09-19 15:38:40,294:INFO: [TRAIN] Step: 5 ; Loss: 30.506 ; Acc: 35.417
2018-09-19 15:38:40,376:INFO: [TRAIN] Step: 6 ; Loss: 37.136 ; Acc: 33.333
2018-09-19 15:38:40,452:INFO: [TRAIN] Step: 7 ; Loss: 32.596 ; Acc: 33.333
2018-09-19 15:38:40,537:INFO: [TRAIN] Step: 8 ; Loss: 24.549 ; Acc: 34.722
2018-09-19 15:38:40,614:INFO: [TRAIN] Step: 9 ; Loss: 30.607 ; Acc: 35.000
2018-09-19 15:38:40,692:INFO: [TRAIN] Step: 10 ; Loss: 27.485 ; Acc: 35.227
2018-09-19 15:38:40,770:INFO: [TRAIN] Step: 11 ; Loss: 25.915 ; Acc: 36.111
2018-09-19 15:38:40,848:INFO: [TRAIN] Step: 12 ; Loss: 32.808 ; Acc: 34.936
2018-09-19 15:38:40,927:INFO: [TRAIN] Step: 13 ; Loss: 27.044 ; Acc: 34.821
2018-09-19 15:38:41,036:INFO: [TRAIN] Step: 14 ; Loss: 30.865 ; Acc: 34.444
2018-09-19 15:38:41,115:INFO: [TRAIN] Step: 15 ; Loss: 31.421 ; Acc: 33.854
2018-09-19 15:38:41,200:INFO: [TRAIN] Step: 16 ; Loss: 25.861 ; Acc: 33.578
2018-09-19 15:38:41,274:INFO: [TRAIN] Step: 17 ; Loss: 28.625 ; Acc: 33.796
2018-09-19 15:38:41,351:INFO: [TRAIN] Step: 18 ; Loss: 26.421 ; Acc: 34.649
2018-09-19 15:38:41,422:INFO: [TRAIN] Step: 19 ; Loss: 28.518 ; Acc: 35.625
2018-09-19 15:38:41,501:INFO: [TRAIN] Step: 20 ; Loss: 27.101 ; Acc: 35.714
2018-09-19 15:38:41,574:INFO: [TRAIN] Step: 21 ; Loss: 30.124 ; Acc: 36.364
2018-09-19 15:38:41,660:INFO: [TRAIN] Step: 22 ; Loss: 27.862 ; Acc: 35.870
2018-09-19 15:38:41,736:INFO: [TRAIN] Step: 23 ; Loss: 24.473 ; Acc: 36.285
2018-09-19 15:38:41,814:INFO: [TRAIN] Step: 24 ; Loss: 25.619 ; Acc: 36.500
2018-09-19 15:38:41,887:INFO: [TRAIN] Step: 25 ; Loss: 25.361 ; Acc: 37.179
2018-09-19 15:38:41,967:INFO: [TRAIN] Step: 26 ; Loss: 28.793 ; Acc: 36.883
2018-09-19 15:38:42,041:INFO: [TRAIN] Step: 27 ; Loss: 24.823 ; Acc: 37.649
2018-09-19 15:38:42,137:INFO: [TRAIN] Step: 28 ; Loss: 29.626 ; Acc: 37.500
2018-09-19 15:38:42,249:INFO: [TRAIN] Step: 29 ; Loss: 30.146 ; Acc: 37.639
2018-09-19 15:38:42,341:INFO: [TRAIN] Step: 30 ; Loss: 26.273 ; Acc: 38.038
2018-09-19 15:38:42,416:INFO: [TRAIN] Step: 31 ; Loss: 30.697 ; Acc: 37.500
2018-09-19 15:38:42,499:INFO: [TRAIN] Step: 32 ; Loss: 30.983 ; Acc: 37.879
2018-09-19 15:38:42,575:INFO: [TRAIN] Step: 33 ; Loss: 23.630 ; Acc: 38.358
2018-09-19 15:38:42,657:INFO: [TRAIN] Step: 34 ; Loss: 25.803 ; Acc: 38.333
2018-09-19 15:38:42,735:INFO: [TRAIN] Step: 35 ; Loss: 27.220 ; Acc: 38.773
2018-09-19 15:38:42,844:INFO: [TRAIN] Step: 36 ; Loss: 30.800 ; Acc: 38.514
2018-09-19 15:38:42,942:INFO: [TRAIN] Step: 37 ; Loss: 27.966 ; Acc: 38.158
2018-09-19 15:38:43,054:INFO: [TRAIN] Step: 38 ; Loss: 30.365 ; Acc: 38.034
2018-09-19 15:38:43,155:INFO: [TRAIN] Step: 39 ; Loss: 26.869 ; Acc: 38.333
2018-09-19 15:38:43,242:INFO: [TRAIN] Step: 40 ; Loss: 33.912 ; Acc: 38.211
2018-09-19 15:38:43,317:INFO: [TRAIN] Step: 41 ; Loss: 30.293 ; Acc: 38.194
2018-09-19 15:38:43,404:INFO: [TRAIN] Step: 42 ; Loss: 27.977 ; Acc: 37.888
2018-09-19 15:38:43,484:INFO: [TRAIN] Step: 43 ; Loss: 27.977 ; Acc: 38.068
2018-09-19 15:38:43,599:INFO: [TRAIN] Step: 44 ; Loss: 26.751 ; Acc: 38.241
2018-09-19 15:38:43,706:INFO: [TRAIN] Step: 45 ; Loss: 27.350 ; Acc: 38.406
2018-09-19 15:38:43,806:INFO: [TRAIN] Step: 46 ; Loss: 25.076 ; Acc: 38.298
2018-09-19 15:38:43,882:INFO: [TRAIN] Step: 47 ; Loss: 26.022 ; Acc: 38.368
2018-09-19 15:38:43,986:INFO: [TRAIN] Step: 48 ; Loss: 25.759 ; Acc: 38.520
2018-09-19 15:38:44,097:INFO: [TRAIN] Step: 49 ; Loss: 22.349 ; Acc: 38.750
2018-09-19 15:38:44,190:INFO: [TRAIN] Step: 50 ; Loss: 30.078 ; Acc: 38.807
2018-09-19 15:38:44,267:INFO: [TRAIN] Step: 51 ; Loss: 25.805 ; Acc: 38.862
2018-09-19 15:38:44,351:INFO: [TRAIN] Step: 52 ; Loss: 27.552 ; Acc: 38.758
2018-09-19 15:38:44,423:INFO: [TRAIN] Step: 53 ; Loss: 28.237 ; Acc: 38.349
2018-09-19 15:38:44,503:INFO: [TRAIN] Step: 54 ; Loss: 28.426 ; Acc: 38.409
2018-09-19 15:38:44,576:INFO: [TRAIN] Step: 55 ; Loss: 24.576 ; Acc: 38.616
2018-09-19 15:38:44,662:INFO: [TRAIN] Step: 56 ; Loss: 24.272 ; Acc: 38.816
2018-09-19 15:38:44,762:INFO: [TRAIN] Step: 57 ; Loss: 29.855 ; Acc: 38.721
2018-09-19 15:38:44,866:INFO: [TRAIN] Step: 58 ; Loss: 29.115 ; Acc: 38.701
2018-09-19 15:38:44,946:INFO: [TRAIN] Step: 59 ; Loss: 29.291 ; Acc: 38.750
2018-09-19 15:38:45,027:INFO: [TRAIN] Step: 60 ; Loss: 30.496 ; Acc: 39.003
2018-09-19 15:38:45,102:INFO: [TRAIN] Step: 61 ; Loss: 28.231 ; Acc: 38.978
2018-09-19 15:38:45,191:INFO: [TRAIN] Step: 62 ; Loss: 32.016 ; Acc: 38.889
2018-09-19 15:38:45,268:INFO: [TRAIN] Step: 63 ; Loss: 29.288 ; Acc: 38.867
2018-09-19 15:38:45,350:INFO: [TRAIN] Step: 64 ; Loss: 31.563 ; Acc: 38.974
2018-09-19 15:38:45,423:INFO: [TRAIN] Step: 65 ; Loss: 29.017 ; Acc: 38.952
2018-09-19 15:38:45,504:INFO: [TRAIN] Step: 66 ; Loss: 28.496 ; Acc: 38.806
2018-09-19 15:38:45,578:INFO: [TRAIN] Step: 67 ; Loss: 29.841 ; Acc: 39.032
2018-09-19 15:38:45,657:INFO: [TRAIN] Step: 68 ; Loss: 26.764 ; Acc: 39.070
2018-09-19 15:38:45,730:INFO: [TRAIN] Step: 69 ; Loss: 25.828 ; Acc: 39.107
2018-09-19 15:38:45,816:INFO: [TRAIN] Step: 70 ; Loss: 25.514 ; Acc: 39.143
2018-09-19 15:38:45,889:INFO: [TRAIN] Step: 71 ; Loss: 27.550 ; Acc: 39.120
2018-09-19 15:38:45,972:INFO: [TRAIN] Step: 72 ; Loss: 30.282 ; Acc: 38.984
2018-09-19 15:38:46,048:INFO: [TRAIN] Step: 73 ; Loss: 27.516 ; Acc: 39.133
2018-09-19 15:38:46,132:INFO: [TRAIN] Step: 74 ; Loss: 30.706 ; Acc: 39.278
2018-09-19 15:38:46,215:INFO: [TRAIN] Step: 75 ; Loss: 22.246 ; Acc: 39.638
2018-09-19 15:38:46,293:INFO: [TRAIN] Step: 76 ; Loss: 29.365 ; Acc: 39.556
2018-09-19 15:38:46,373:INFO: [TRAIN] Step: 77 ; Loss: 29.381 ; Acc: 39.476
2018-09-19 15:38:46,459:INFO: [TRAIN] Step: 78 ; Loss: 27.071 ; Acc: 39.557
2018-09-19 15:38:46,534:INFO: [TRAIN] Step: 79 ; Loss: 25.765 ; Acc: 39.583
2018-09-19 15:38:46,616:INFO: [TRAIN] Step: 80 ; Loss: 26.791 ; Acc: 39.712
2018-09-19 15:38:46,692:INFO: [TRAIN] Step: 81 ; Loss: 33.676 ; Acc: 39.583
2018-09-19 15:38:46,775:INFO: [TRAIN] Step: 82 ; Loss: 29.824 ; Acc: 39.558
2018-09-19 15:38:46,851:INFO: [TRAIN] Step: 83 ; Loss: 24.763 ; Acc: 39.782
2018-09-19 15:38:46,932:INFO: [TRAIN] Step: 84 ; Loss: 26.023 ; Acc: 39.804
2018-09-19 15:38:47,007:INFO: [TRAIN] Step: 85 ; Loss: 35.816 ; Acc: 39.486
2018-09-19 15:38:47,087:INFO: [TRAIN] Step: 86 ; Loss: 26.522 ; Acc: 39.559
2018-09-19 15:38:47,163:INFO: [TRAIN] Step: 87 ; Loss: 27.784 ; Acc: 39.773
2018-09-19 15:38:47,245:INFO: [TRAIN] Step: 88 ; Loss: 28.578 ; Acc: 39.794
2018-09-19 15:38:47,318:INFO: [TRAIN] Step: 89 ; Loss: 27.050 ; Acc: 39.954
2018-09-19 15:38:47,400:INFO: [TRAIN] Step: 90 ; Loss: 27.223 ; Acc: 40.018
2018-09-19 15:38:47,481:INFO: [TRAIN] Step: 91 ; Loss: 24.767 ; Acc: 40.036
2018-09-19 15:38:47,580:INFO: [TRAIN] Step: 92 ; Loss: 29.683 ; Acc: 39.964
2018-09-19 15:38:47,662:INFO: [TRAIN] Step: 93 ; Loss: 27.816 ; Acc: 40.027
2018-09-19 15:38:47,743:INFO: [TRAIN] Step: 94 ; Loss: 26.104 ; Acc: 40.219
2018-09-19 15:38:47,818:INFO: [TRAIN] Step: 95 ; Loss: 26.057 ; Acc: 40.191
2018-09-19 15:38:47,898:INFO: [TRAIN] Step: 96 ; Loss: 28.158 ; Acc: 40.292
2018-09-19 15:38:47,972:INFO: [TRAIN] Step: 97 ; Loss: 23.994 ; Acc: 40.519
2018-09-19 15:38:48,055:INFO: [TRAIN] Step: 98 ; Loss: 25.666 ; Acc: 40.657
2018-09-19 15:38:48,133:INFO: [TRAIN] Step: 99 ; Loss: 28.543 ; Acc: 40.708
2018-09-19 15:38:48,216:INFO: [TRAIN] Step: 100 ; Loss: 26.537 ; Acc: 40.635
2018-09-19 15:38:48,296:INFO: [TRAIN] Step: 101 ; Loss: 28.008 ; Acc: 40.605
2018-09-19 15:38:48,379:INFO: [TRAIN] Step: 102 ; Loss: 31.742 ; Acc: 40.574
2018-09-19 15:38:48,458:INFO: [TRAIN] Step: 103 ; Loss: 22.785 ; Acc: 40.625
2018-09-19 15:38:48,538:INFO: [TRAIN] Step: 104 ; Loss: 25.674 ; Acc: 40.714
2018-09-19 15:38:48,613:INFO: [TRAIN] Step: 105 ; Loss: 24.426 ; Acc: 40.881
2018-09-19 15:38:48,701:INFO: [TRAIN] Step: 106 ; Loss: 26.096 ; Acc: 40.810
2018-09-19 15:38:48,781:INFO: [TRAIN] Step: 107 ; Loss: 26.196 ; Acc: 40.818
2018-09-19 15:38:48,868:INFO: [TRAIN] Step: 108 ; Loss: 19.631 ; Acc: 40.979
2018-09-19 15:38:48,946:INFO: [TRAIN] Step: 109 ; Loss: 27.976 ; Acc: 41.023
2018-09-19 15:38:49,037:INFO: [TRAIN] Step: 110 ; Loss: 29.565 ; Acc: 41.141
2018-09-19 15:38:49,114:INFO: [TRAIN] Step: 111 ; Loss: 30.317 ; Acc: 40.997
2018-09-19 15:38:49,192:INFO: [TRAIN] Step: 112 ; Loss: 28.679 ; Acc: 41.040
2018-09-19 15:38:49,268:INFO: [TRAIN] Step: 113 ; Loss: 24.311 ; Acc: 41.082
2018-09-19 15:38:49,359:INFO: [TRAIN] Step: 114 ; Loss: 23.231 ; Acc: 41.232
2018-09-19 15:38:49,437:INFO: [TRAIN] Step: 115 ; Loss: 22.494 ; Acc: 41.379
2018-09-19 15:38:49,522:INFO: [TRAIN] Step: 116 ; Loss: 23.430 ; Acc: 41.417
2018-09-19 15:38:49,598:INFO: [TRAIN] Step: 117 ; Loss: 26.323 ; Acc: 41.455
2018-09-19 15:38:49,691:INFO: [TRAIN] Step: 118 ; Loss: 25.888 ; Acc: 41.422
2018-09-19 15:38:49,773:INFO: [TRAIN] Step: 119 ; Loss: 26.447 ; Acc: 41.389
2018-09-19 15:38:49,857:INFO: [TRAIN] Step: 120 ; Loss: 30.990 ; Acc: 41.426
2018-09-19 15:38:49,933:INFO: [TRAIN] Step: 121 ; Loss: 23.406 ; Acc: 41.530
2018-09-19 15:38:50,019:INFO: [TRAIN] Step: 122 ; Loss: 25.836 ; Acc: 41.497
2018-09-19 15:38:50,095:INFO: [TRAIN] Step: 123 ; Loss: 29.743 ; Acc: 41.431
2018-09-19 15:38:50,179:INFO: [TRAIN] Step: 124 ; Loss: 22.248 ; Acc: 41.533
2018-09-19 15:38:50,257:INFO: [TRAIN] Step: 125 ; Loss: 28.216 ; Acc: 41.501
2018-09-19 15:38:50,340:INFO: [TRAIN] Step: 126 ; Loss: 21.997 ; Acc: 41.699
2018-09-19 15:38:50,412:INFO: [TRAIN] Step: 127 ; Loss: 27.603 ; Acc: 41.699
2018-09-19 15:38:50,496:INFO: [TRAIN] Step: 128 ; Loss: 23.259 ; Acc: 41.764
2018-09-19 15:38:50,584:INFO: [TRAIN] Step: 129 ; Loss: 25.532 ; Acc: 41.795
2018-09-19 15:38:50,665:INFO: [TRAIN] Step: 130 ; Loss: 26.031 ; Acc: 41.698
2018-09-19 15:38:50,743:INFO: [TRAIN] Step: 131 ; Loss: 27.603 ; Acc: 41.730
2018-09-19 15:38:50,833:INFO: [TRAIN] Step: 132 ; Loss: 23.256 ; Acc: 41.792
2018-09-19 15:38:50,910:INFO: [TRAIN] Step: 133 ; Loss: 24.720 ; Acc: 41.729
2018-09-19 15:38:50,991:INFO: [TRAIN] Step: 134 ; Loss: 23.593 ; Acc: 41.790
2018-09-19 15:38:51,069:INFO: [TRAIN] Step: 135 ; Loss: 26.839 ; Acc: 41.789
2018-09-19 15:38:51,150:INFO: [TRAIN] Step: 136 ; Loss: 27.399 ; Acc: 41.758
2018-09-19 15:38:51,223:INFO: [TRAIN] Step: 137 ; Loss: 30.372 ; Acc: 41.727
2018-09-19 15:38:51,303:INFO: [TRAIN] Step: 138 ; Loss: 25.817 ; Acc: 41.817
2018-09-19 15:38:51,377:INFO: [TRAIN] Step: 139 ; Loss: 21.640 ; Acc: 41.786
2018-09-19 15:38:51,457:INFO: [TRAIN] Step: 140 ; Loss: 24.276 ; Acc: 41.933
2018-09-19 15:38:51,530:INFO: [TRAIN] Step: 141 ; Loss: 28.245 ; Acc: 41.960
2018-09-19 15:38:51,612:INFO: [TRAIN] Step: 142 ; Loss: 28.788 ; Acc: 41.987
2018-09-19 15:38:51,685:INFO: [TRAIN] Step: 143 ; Loss: 22.222 ; Acc: 42.159
2018-09-19 15:38:51,766:INFO: [TRAIN] Step: 144 ; Loss: 28.762 ; Acc: 42.126
2018-09-19 15:38:51,839:INFO: [TRAIN] Step: 145 ; Loss: 27.736 ; Acc: 42.237
2018-09-19 15:38:51,920:INFO: [TRAIN] Step: 146 ; Loss: 30.733 ; Acc: 42.205
2018-09-19 15:38:51,995:INFO: [TRAIN] Step: 147 ; Loss: 26.562 ; Acc: 42.286
2018-09-19 15:38:52,076:INFO: [TRAIN] Step: 148 ; Loss: 26.733 ; Acc: 42.282
2018-09-19 15:38:52,154:INFO: [TRAIN] Step: 149 ; Loss: 23.931 ; Acc: 42.306
2018-09-19 15:38:52,237:INFO: [TRAIN] Step: 150 ; Loss: 25.086 ; Acc: 42.384
2018-09-19 15:38:52,320:INFO: [TRAIN] Step: 151 ; Loss: 23.550 ; Acc: 42.379
2018-09-19 15:38:52,402:INFO: [TRAIN] Step: 152 ; Loss: 24.638 ; Acc: 42.484
2018-09-19 15:38:52,476:INFO: [TRAIN] Step: 153 ; Loss: 23.229 ; Acc: 42.614
2018-09-19 15:38:52,559:INFO: [TRAIN] Step: 154 ; Loss: 26.436 ; Acc: 42.608
2018-09-19 15:38:52,638:INFO: [TRAIN] Step: 155 ; Loss: 28.533 ; Acc: 42.548
2018-09-19 15:38:52,726:INFO: [TRAIN] Step: 156 ; Loss: 25.021 ; Acc: 42.463
2018-09-19 15:38:52,805:INFO: [TRAIN] Step: 157 ; Loss: 26.679 ; Acc: 42.484
2018-09-19 15:38:52,888:INFO: [TRAIN] Step: 158 ; Loss: 24.990 ; Acc: 42.505
2018-09-19 15:38:52,961:INFO: [TRAIN] Step: 159 ; Loss: 26.371 ; Acc: 42.578
2018-09-19 15:38:53,042:INFO: [TRAIN] Step: 160 ; Loss: 22.868 ; Acc: 42.572
2018-09-19 15:38:53,117:INFO: [TRAIN] Step: 161 ; Loss: 24.094 ; Acc: 42.618
2018-09-19 15:38:53,202:INFO: [TRAIN] Step: 162 ; Loss: 18.749 ; Acc: 42.715
2018-09-19 15:38:53,278:INFO: [TRAIN] Step: 163 ; Loss: 22.214 ; Acc: 42.785
2018-09-19 15:38:53,367:INFO: [TRAIN] Step: 164 ; Loss: 25.790 ; Acc: 42.753
2018-09-19 15:38:53,444:INFO: [TRAIN] Step: 165 ; Loss: 18.799 ; Acc: 42.972
2018-09-19 15:38:53,527:INFO: [TRAIN] Step: 166 ; Loss: 22.901 ; Acc: 42.989
2018-09-19 15:38:53,601:INFO: [TRAIN] Step: 167 ; Loss: 34.171 ; Acc: 42.882
2018-09-19 15:38:53,680:INFO: [TRAIN] Step: 168 ; Loss: 28.687 ; Acc: 42.875
2018-09-19 15:38:53,761:INFO: [TRAIN] Step: 169 ; Loss: 23.009 ; Acc: 42.843
2018-09-19 15:38:53,847:INFO: [TRAIN] Step: 170 ; Loss: 27.406 ; Acc: 42.812
2018-09-19 15:38:53,922:INFO: [TRAIN] Step: 171 ; Loss: 28.717 ; Acc: 42.733
2018-09-19 15:38:54,003:INFO: [TRAIN] Step: 172 ; Loss: 30.054 ; Acc: 42.654
2018-09-19 15:38:54,079:INFO: [TRAIN] Step: 173 ; Loss: 24.028 ; Acc: 42.744
2018-09-19 15:38:54,163:INFO: [TRAIN] Step: 174 ; Loss: 26.001 ; Acc: 42.738
2018-09-19 15:38:54,244:INFO: [TRAIN] Step: 175 ; Loss: 33.326 ; Acc: 42.637
2018-09-19 15:38:54,328:INFO: [TRAIN] Step: 176 ; Loss: 24.309 ; Acc: 42.702
2018-09-19 15:38:54,403:INFO: [TRAIN] Step: 177 ; Loss: 25.623 ; Acc: 42.673
2018-09-19 15:38:54,482:INFO: [TRAIN] Step: 178 ; Loss: 29.725 ; Acc: 42.621
2018-09-19 15:38:54,559:INFO: [TRAIN] Step: 179 ; Loss: 28.979 ; Acc: 42.569
2018-09-19 15:38:54,640:INFO: [TRAIN] Step: 180 ; Loss: 24.333 ; Acc: 42.610
2018-09-19 15:38:54,715:INFO: [TRAIN] Step: 181 ; Loss: 27.113 ; Acc: 42.628
2018-09-19 15:38:54,797:INFO: [TRAIN] Step: 182 ; Loss: 23.197 ; Acc: 42.760
2018-09-19 15:38:54,872:INFO: [TRAIN] Step: 183 ; Loss: 25.063 ; Acc: 42.754
2018-09-19 15:38:54,957:INFO: [TRAIN] Step: 184 ; Loss: 24.159 ; Acc: 42.815
2018-09-19 15:38:55,031:INFO: [TRAIN] Step: 185 ; Loss: 26.902 ; Acc: 42.854
2018-09-19 15:38:55,116:INFO: [TRAIN] Step: 186 ; Loss: 24.855 ; Acc: 42.914
2018-09-19 15:38:55,193:INFO: [TRAIN] Step: 187 ; Loss: 23.454 ; Acc: 43.019
2018-09-19 15:38:55,277:INFO: [TRAIN] Step: 188 ; Loss: 22.860 ; Acc: 43.056
2018-09-19 15:38:55,354:INFO: [TRAIN] Step: 189 ; Loss: 25.796 ; Acc: 43.114
2018-09-19 15:38:55,434:INFO: [TRAIN] Step: 190 ; Loss: 24.935 ; Acc: 43.128
2018-09-19 15:38:55,506:INFO: [TRAIN] Step: 191 ; Loss: 29.347 ; Acc: 43.142
2018-09-19 15:38:55,588:INFO: [TRAIN] Step: 192 ; Loss: 25.293 ; Acc: 43.178
2018-09-19 15:38:55,662:INFO: [TRAIN] Step: 193 ; Loss: 23.921 ; Acc: 43.256
2018-09-19 15:38:55,748:INFO: [TRAIN] Step: 194 ; Loss: 18.701 ; Acc: 43.355
2018-09-19 15:38:55,832:INFO: [TRAIN] Step: 195 ; Loss: 28.690 ; Acc: 43.282
2018-09-19 15:38:55,918:INFO: [TRAIN] Step: 196 ; Loss: 23.008 ; Acc: 43.316
2018-09-19 15:38:55,993:INFO: [TRAIN] Step: 197 ; Loss: 27.745 ; Acc: 43.350
2018-09-19 15:38:56,074:INFO: [TRAIN] Step: 198 ; Loss: 22.491 ; Acc: 43.384
2018-09-19 15:38:56,147:INFO: [TRAIN] Step: 199 ; Loss: 21.812 ; Acc: 43.458
2018-09-19 15:38:56,227:INFO: [TRAIN] Step: 200 ; Loss: 27.307 ; Acc: 43.408
2018-09-19 15:38:56,304:INFO: [TRAIN] Step: 201 ; Loss: 24.048 ; Acc: 43.461
2018-09-19 15:38:56,389:INFO: [TRAIN] Step: 202 ; Loss: 17.874 ; Acc: 43.596
2018-09-19 15:38:56,465:INFO: [TRAIN] Step: 203 ; Loss: 23.234 ; Acc: 43.668
2018-09-19 15:38:56,543:INFO: [TRAIN] Step: 204 ; Loss: 24.123 ; Acc: 43.679
2018-09-19 15:38:56,619:INFO: [TRAIN] Step: 205 ; Loss: 24.479 ; Acc: 43.770
2018-09-19 15:38:56,700:INFO: [TRAIN] Step: 206 ; Loss: 23.804 ; Acc: 43.780
2018-09-19 15:38:56,772:INFO: [TRAIN] Step: 207 ; Loss: 22.758 ; Acc: 43.770
2018-09-19 15:38:56,855:INFO: [TRAIN] Step: 208 ; Loss: 33.332 ; Acc: 43.700
2018-09-19 15:38:56,928:INFO: [TRAIN] Step: 209 ; Loss: 25.302 ; Acc: 43.710
2018-09-19 15:38:57,010:INFO: [TRAIN] Step: 210 ; Loss: 20.703 ; Acc: 43.799
2018-09-19 15:38:57,086:INFO: [TRAIN] Step: 211 ; Loss: 24.668 ; Acc: 43.868
2018-09-19 15:38:57,177:INFO: [TRAIN] Step: 212 ; Loss: 23.507 ; Acc: 43.897
2018-09-19 15:38:57,252:INFO: [TRAIN] Step: 213 ; Loss: 24.838 ; Acc: 43.847
2018-09-19 15:38:57,340:INFO: [TRAIN] Step: 214 ; Loss: 28.814 ; Acc: 43.760
2018-09-19 15:38:57,417:INFO: [TRAIN] Step: 215 ; Loss: 24.385 ; Acc: 43.827
2018-09-19 15:38:57,509:INFO: [TRAIN] Step: 216 ; Loss: 29.404 ; Acc: 43.817
2018-09-19 15:38:57,587:INFO: [TRAIN] Step: 217 ; Loss: 25.190 ; Acc: 43.865
2018-09-19 15:38:57,675:INFO: [TRAIN] Step: 218 ; Loss: 23.775 ; Acc: 43.893
2018-09-19 15:38:57,755:INFO: [TRAIN] Step: 219 ; Loss: 24.064 ; Acc: 43.939
2018-09-19 15:38:57,851:INFO: [TRAIN] Step: 220 ; Loss: 27.042 ; Acc: 43.948
2018-09-19 15:38:57,931:INFO: [TRAIN] Step: 221 ; Loss: 25.644 ; Acc: 44.013
2018-09-19 15:38:58,014:INFO: [TRAIN] Step: 222 ; Loss: 24.451 ; Acc: 44.002
2018-09-19 15:38:58,094:INFO: [TRAIN] Step: 223 ; Loss: 27.891 ; Acc: 44.066
2018-09-19 15:38:58,177:INFO: [TRAIN] Step: 224 ; Loss: 22.561 ; Acc: 44.130
2018-09-19 15:38:58,253:INFO: [TRAIN] Step: 225 ; Loss: 20.388 ; Acc: 44.248
2018-09-19 15:38:58,339:INFO: [TRAIN] Step: 226 ; Loss: 24.461 ; Acc: 44.291
2018-09-19 15:38:58,418:INFO: [TRAIN] Step: 227 ; Loss: 22.308 ; Acc: 44.317
2018-09-19 15:38:58,502:INFO: [TRAIN] Step: 228 ; Loss: 25.038 ; Acc: 44.378
2018-09-19 15:38:58,575:INFO: [TRAIN] Step: 229 ; Loss: 22.300 ; Acc: 44.438
2018-09-19 15:38:58,656:INFO: [TRAIN] Step: 230 ; Loss: 24.901 ; Acc: 44.408
2018-09-19 15:38:58,731:INFO: [TRAIN] Step: 231 ; Loss: 26.763 ; Acc: 44.379
2018-09-19 15:38:58,821:INFO: [TRAIN] Step: 232 ; Loss: 26.703 ; Acc: 44.367
2018-09-19 15:38:58,896:INFO: [TRAIN] Step: 233 ; Loss: 24.467 ; Acc: 44.391
2018-09-19 15:38:58,978:INFO: [TRAIN] Step: 234 ; Loss: 24.203 ; Acc: 44.468
2018-09-19 15:38:59,053:INFO: [TRAIN] Step: 235 ; Loss: 26.937 ; Acc: 44.492
2018-09-19 15:38:59,134:INFO: [TRAIN] Step: 236 ; Loss: 23.848 ; Acc: 44.497
2018-09-19 15:38:59,209:INFO: [TRAIN] Step: 237 ; Loss: 24.679 ; Acc: 44.555
2018-09-19 15:38:59,291:INFO: [TRAIN] Step: 238 ; Loss: 25.452 ; Acc: 44.578
2018-09-19 15:38:59,365:INFO: [TRAIN] Step: 239 ; Loss: 26.252 ; Acc: 44.635
2018-09-19 15:38:59,449:INFO: [TRAIN] Step: 240 ; Loss: 21.948 ; Acc: 44.692
2018-09-19 15:38:59,525:INFO: [TRAIN] Step: 241 ; Loss: 22.316 ; Acc: 44.680
2018-09-19 15:38:59,607:INFO: [TRAIN] Step: 242 ; Loss: 26.456 ; Acc: 44.702
2018-09-19 15:38:59,683:INFO: [TRAIN] Step: 243 ; Loss: 24.665 ; Acc: 44.689
2018-09-19 15:38:59,765:INFO: [TRAIN] Step: 244 ; Loss: 22.899 ; Acc: 44.728
2018-09-19 15:38:59,840:INFO: [TRAIN] Step: 245 ; Loss: 22.050 ; Acc: 44.766
2018-09-19 15:38:59,917:INFO: [TRAIN] Step: 246 ; Loss: 24.216 ; Acc: 44.754
2018-09-19 15:38:59,995:INFO: [TRAIN] Step: 247 ; Loss: 26.639 ; Acc: 44.758
2018-09-19 15:39:00,078:INFO: [TRAIN] Step: 248 ; Loss: 30.400 ; Acc: 44.679
2018-09-19 15:39:00,154:INFO: [TRAIN] Step: 249 ; Loss: 24.529 ; Acc: 44.700
2018-09-19 15:39:00,238:INFO: [TRAIN] Step: 250 ; Loss: 28.005 ; Acc: 44.705
2018-09-19 15:39:00,318:INFO: [TRAIN] Step: 251 ; Loss: 24.691 ; Acc: 44.676
2018-09-19 15:39:00,400:INFO: [TRAIN] Step: 252 ; Loss: 24.574 ; Acc: 44.681
2018-09-19 15:39:00,474:INFO: [TRAIN] Step: 253 ; Loss: 22.938 ; Acc: 44.669
2018-09-19 15:39:00,555:INFO: [TRAIN] Step: 254 ; Loss: 28.355 ; Acc: 44.641
2018-09-19 15:39:00,631:INFO: [TRAIN] Step: 255 ; Loss: 21.681 ; Acc: 44.661
2018-09-19 15:39:00,712:INFO: [TRAIN] Step: 256 ; Loss: 21.529 ; Acc: 44.650
2018-09-19 15:39:00,788:INFO: [TRAIN] Step: 257 ; Loss: 25.573 ; Acc: 44.703
2018-09-19 15:39:00,869:INFO: [TRAIN] Step: 258 ; Loss: 25.534 ; Acc: 44.772
2018-09-19 15:39:00,944:INFO: [TRAIN] Step: 259 ; Loss: 23.757 ; Acc: 44.808
2018-09-19 15:39:01,027:INFO: [TRAIN] Step: 260 ; Loss: 21.928 ; Acc: 44.828
2018-09-19 15:39:01,108:INFO: [TRAIN] Step: 261 ; Loss: 27.519 ; Acc: 44.752
2018-09-19 15:39:01,184:INFO: [TRAIN] Step: 262 ; Loss: 25.897 ; Acc: 44.724
2018-09-19 15:39:01,259:INFO: [TRAIN] Step: 263 ; Loss: 24.998 ; Acc: 44.665
2018-09-19 15:39:01,340:INFO: [TRAIN] Step: 264 ; Loss: 22.012 ; Acc: 44.701
2018-09-19 15:39:01,415:INFO: [TRAIN] Step: 265 ; Loss: 24.329 ; Acc: 44.706
2018-09-19 15:39:01,501:INFO: [TRAIN] Step: 266 ; Loss: 21.115 ; Acc: 44.741
2018-09-19 15:39:01,576:INFO: [TRAIN] Step: 267 ; Loss: 22.979 ; Acc: 44.792
2018-09-19 15:39:01,659:INFO: [TRAIN] Step: 268 ; Loss: 25.026 ; Acc: 44.796
2018-09-19 15:39:01,735:INFO: [TRAIN] Step: 269 ; Loss: 24.310 ; Acc: 44.753
2018-09-19 15:39:01,817:INFO: [TRAIN] Step: 270 ; Loss: 25.130 ; Acc: 44.834
2018-09-19 15:39:01,892:INFO: [TRAIN] Step: 271 ; Loss: 23.703 ; Acc: 44.853
2018-09-19 15:39:01,973:INFO: [TRAIN] Step: 272 ; Loss: 26.460 ; Acc: 44.857
2018-09-19 15:39:02,047:INFO: [TRAIN] Step: 273 ; Loss: 24.075 ; Acc: 44.891
2018-09-19 15:39:02,127:INFO: [TRAIN] Step: 274 ; Loss: 22.327 ; Acc: 44.909
2018-09-19 15:39:02,203:INFO: [TRAIN] Step: 275 ; Loss: 30.228 ; Acc: 44.897
2018-09-19 15:39:02,289:INFO: [TRAIN] Step: 276 ; Loss: 21.573 ; Acc: 44.916
2018-09-19 15:39:02,373:INFO: [TRAIN] Step: 277 ; Loss: 25.195 ; Acc: 44.934
2018-09-19 15:39:02,454:INFO: [TRAIN] Step: 278 ; Loss: 27.937 ; Acc: 44.922
2018-09-19 15:39:02,528:INFO: [TRAIN] Step: 279 ; Loss: 22.435 ; Acc: 44.970
2018-09-19 15:39:02,610:INFO: [TRAIN] Step: 280 ; Loss: 22.442 ; Acc: 45.018
2018-09-19 15:39:02,686:INFO: [TRAIN] Step: 281 ; Loss: 22.077 ; Acc: 45.035
2018-09-19 15:39:02,769:INFO: [TRAIN] Step: 282 ; Loss: 21.595 ; Acc: 45.068
2018-09-19 15:39:02,841:INFO: [TRAIN] Step: 283 ; Loss: 21.762 ; Acc: 45.100
2018-09-19 15:39:02,923:INFO: [TRAIN] Step: 284 ; Loss: 23.885 ; Acc: 45.102
2018-09-19 15:39:02,997:INFO: [TRAIN] Step: 285 ; Loss: 21.986 ; Acc: 45.119
2018-09-19 15:39:03,089:INFO: [TRAIN] Step: 286 ; Loss: 22.238 ; Acc: 45.151
2018-09-19 15:39:03,166:INFO: [TRAIN] Step: 287 ; Loss: 23.175 ; Acc: 45.139
2018-09-19 15:39:03,251:INFO: [TRAIN] Step: 288 ; Loss: 21.391 ; Acc: 45.185
2018-09-19 15:39:03,327:INFO: [TRAIN] Step: 289 ; Loss: 28.312 ; Acc: 45.216
2018-09-19 15:39:03,408:INFO: [TRAIN] Step: 290 ; Loss: 22.420 ; Acc: 45.232
2018-09-19 15:39:03,482:INFO: [TRAIN] Step: 291 ; Loss: 26.163 ; Acc: 45.205
2018-09-19 15:39:03,564:INFO: [TRAIN] Step: 292 ; Loss: 27.068 ; Acc: 45.222
2018-09-19 15:39:03,638:INFO: [TRAIN] Step: 293 ; Loss: 26.186 ; Acc: 45.181
2018-09-19 15:39:03,721:INFO: [TRAIN] Step: 294 ; Loss: 25.358 ; Acc: 45.169
2018-09-19 15:39:03,794:INFO: [TRAIN] Step: 295 ; Loss: 19.859 ; Acc: 45.228
2018-09-19 15:39:03,875:INFO: [TRAIN] Step: 296 ; Loss: 23.904 ; Acc: 45.300
2018-09-19 15:39:03,952:INFO: [TRAIN] Step: 297 ; Loss: 21.109 ; Acc: 45.330
2018-09-19 15:39:04,036:INFO: [TRAIN] Step: 298 ; Loss: 24.116 ; Acc: 45.346
2018-09-19 15:39:04,112:INFO: [TRAIN] Step: 299 ; Loss: 24.229 ; Acc: 45.375
2018-09-19 15:39:04,190:INFO: [TRAIN] Step: 300 ; Loss: 29.148 ; Acc: 45.363
2018-09-19 15:39:04,267:INFO: [TRAIN] Step: 301 ; Loss: 22.566 ; Acc: 45.433
2018-09-19 15:39:04,350:INFO: [TRAIN] Step: 302 ; Loss: 18.656 ; Acc: 45.476
2018-09-19 15:39:04,425:INFO: [TRAIN] Step: 303 ; Loss: 22.366 ; Acc: 45.491
2018-09-19 15:39:04,505:INFO: [TRAIN] Step: 304 ; Loss: 28.426 ; Acc: 45.464
2018-09-19 15:39:04,582:INFO: [TRAIN] Step: 305 ; Loss: 31.875 ; Acc: 45.398
2018-09-19 15:39:04,665:INFO: [TRAIN] Step: 306 ; Loss: 26.620 ; Acc: 45.345
2018-09-19 15:39:04,741:INFO: [TRAIN] Step: 307 ; Loss: 23.037 ; Acc: 45.333
2018-09-19 15:39:04,821:INFO: [TRAIN] Step: 308 ; Loss: 21.468 ; Acc: 45.334
2018-09-19 15:39:04,894:INFO: [TRAIN] Step: 309 ; Loss: 27.838 ; Acc: 45.309
2018-09-19 15:39:04,976:INFO: [TRAIN] Step: 310 ; Loss: 24.989 ; Acc: 45.338
2018-09-19 15:39:05,050:INFO: [TRAIN] Step: 311 ; Loss: 24.878 ; Acc: 45.379
2018-09-19 15:39:05,132:INFO: [TRAIN] Step: 312 ; Loss: 22.071 ; Acc: 45.407
2018-09-19 15:39:05,210:INFO: [TRAIN] Step: 313 ; Loss: 25.386 ; Acc: 45.395
2018-09-19 15:39:05,291:INFO: [TRAIN] Step: 314 ; Loss: 22.053 ; Acc: 45.437
2018-09-19 15:39:05,366:INFO: [TRAIN] Step: 315 ; Loss: 20.597 ; Acc: 45.451
2018-09-19 15:39:05,447:INFO: [TRAIN] Step: 316 ; Loss: 23.804 ; Acc: 45.439
2018-09-19 15:39:05,520:INFO: [TRAIN] Step: 317 ; Loss: 22.079 ; Acc: 45.480
2018-09-19 15:39:05,603:INFO: [TRAIN] Step: 318 ; Loss: 19.015 ; Acc: 45.494
2018-09-19 15:39:05,687:INFO: [TRAIN] Step: 319 ; Loss: 19.991 ; Acc: 45.547
2018-09-19 15:39:05,772:INFO: [TRAIN] Step: 320 ; Loss: 24.230 ; Acc: 45.561
2018-09-19 15:39:05,847:INFO: [TRAIN] Step: 321 ; Loss: 26.140 ; Acc: 45.587
2018-09-19 15:39:05,928:INFO: [TRAIN] Step: 322 ; Loss: 26.630 ; Acc: 45.575
2018-09-19 15:39:06,004:INFO: [TRAIN] Step: 323 ; Loss: 25.652 ; Acc: 45.563
2018-09-19 15:39:06,084:INFO: [TRAIN] Step: 324 ; Loss: 29.506 ; Acc: 45.513
2018-09-19 15:39:06,161:INFO: [TRAIN] Step: 325 ; Loss: 20.049 ; Acc: 45.552
2018-09-19 15:39:06,238:INFO: [TRAIN] Step: 326 ; Loss: 21.750 ; Acc: 45.591
2018-09-19 15:39:06,313:INFO: [TRAIN] Step: 327 ; Loss: 20.108 ; Acc: 45.605
2018-09-19 15:39:06,397:INFO: [TRAIN] Step: 328 ; Loss: 23.438 ; Acc: 45.567
2018-09-19 15:39:06,470:INFO: [TRAIN] Step: 329 ; Loss: 20.224 ; Acc: 45.631
2018-09-19 15:39:06,550:INFO: [TRAIN] Step: 330 ; Loss: 20.744 ; Acc: 45.682
2018-09-19 15:39:06,627:INFO: [TRAIN] Step: 331 ; Loss: 19.749 ; Acc: 45.745
2018-09-19 15:39:06,708:INFO: [TRAIN] Step: 332 ; Loss: 18.374 ; Acc: 45.758
2018-09-19 15:39:06,784:INFO: [TRAIN] Step: 333 ; Loss: 18.795 ; Acc: 45.808
2018-09-19 15:39:06,864:INFO: [TRAIN] Step: 334 ; Loss: 19.523 ; Acc: 45.858
2018-09-19 15:39:06,937:INFO: [TRAIN] Step: 335 ; Loss: 23.753 ; Acc: 45.871
2018-09-19 15:39:07,017:INFO: [TRAIN] Step: 336 ; Loss: 23.896 ; Acc: 45.883
2018-09-19 15:39:07,090:INFO: [TRAIN] Step: 337 ; Loss: 28.486 ; Acc: 45.833
2018-09-19 15:39:07,171:INFO: [TRAIN] Step: 338 ; Loss: 21.137 ; Acc: 45.870
2018-09-19 15:39:07,245:INFO: [TRAIN] Step: 339 ; Loss: 21.746 ; Acc: 45.919
2018-09-19 15:39:07,326:INFO: [TRAIN] Step: 340 ; Loss: 23.501 ; Acc: 45.931
2018-09-19 15:39:07,402:INFO: [TRAIN] Step: 341 ; Loss: 21.669 ; Acc: 45.919
2018-09-19 15:39:07,482:INFO: [TRAIN] Step: 342 ; Loss: 26.021 ; Acc: 45.931
2018-09-19 15:39:07,557:INFO: [TRAIN] Step: 343 ; Loss: 21.417 ; Acc: 45.918
2018-09-19 15:39:07,637:INFO: [TRAIN] Step: 344 ; Loss: 22.402 ; Acc: 45.954
2018-09-19 15:39:07,712:INFO: [TRAIN] Step: 345 ; Loss: 22.875 ; Acc: 45.942
2018-09-19 15:39:07,794:INFO: [TRAIN] Step: 346 ; Loss: 29.847 ; Acc: 45.941
2018-09-19 15:39:07,874:INFO: [TRAIN] Step: 347 ; Loss: 26.034 ; Acc: 45.941
2018-09-19 15:39:07,950:INFO: [TRAIN] Step: 348 ; Loss: 20.983 ; Acc: 45.917
2018-09-19 15:39:08,025:INFO: [TRAIN] Step: 349 ; Loss: 22.027 ; Acc: 45.929
2018-09-19 15:39:08,105:INFO: [TRAIN] Step: 350 ; Loss: 24.868 ; Acc: 45.940
2018-09-19 15:39:08,179:INFO: [TRAIN] Step: 351 ; Loss: 26.417 ; Acc: 45.940
2018-09-19 15:39:08,260:INFO: [TRAIN] Step: 352 ; Loss: 22.147 ; Acc: 45.987
2018-09-19 15:39:08,334:INFO: [TRAIN] Step: 353 ; Loss: 23.243 ; Acc: 46.022
2018-09-19 15:39:08,416:INFO: [TRAIN] Step: 354 ; Loss: 21.972 ; Acc: 46.056
2018-09-19 15:39:08,491:INFO: [TRAIN] Step: 355 ; Loss: 19.336 ; Acc: 46.091
2018-09-19 15:39:08,571:INFO: [TRAIN] Step: 356 ; Loss: 24.477 ; Acc: 46.113
2018-09-19 15:39:08,644:INFO: [TRAIN] Step: 357 ; Loss: 21.417 ; Acc: 46.124
2018-09-19 15:39:08,727:INFO: [TRAIN] Step: 358 ; Loss: 21.073 ; Acc: 46.170
2018-09-19 15:39:08,803:INFO: [TRAIN] Step: 359 ; Loss: 19.208 ; Acc: 46.227
2018-09-19 15:39:08,884:INFO: [TRAIN] Step: 360 ; Loss: 24.720 ; Acc: 46.283
2018-09-19 15:39:08,959:INFO: [TRAIN] Step: 361 ; Loss: 23.968 ; Acc: 46.282
2018-09-19 15:39:09,048:INFO: [TRAIN] Step: 362 ; Loss: 25.496 ; Acc: 46.315
2018-09-19 15:39:09,122:INFO: [TRAIN] Step: 363 ; Loss: 26.051 ; Acc: 46.314
2018-09-19 15:39:09,203:INFO: [TRAIN] Step: 364 ; Loss: 27.539 ; Acc: 46.279
2018-09-19 15:39:09,279:INFO: [TRAIN] Step: 365 ; Loss: 22.274 ; Acc: 46.277
2018-09-19 15:39:09,360:INFO: [TRAIN] Step: 366 ; Loss: 20.231 ; Acc: 46.287
2018-09-19 15:39:09,438:INFO: [TRAIN] Step: 367 ; Loss: 21.191 ; Acc: 46.320
2018-09-19 15:39:09,517:INFO: [TRAIN] Step: 368 ; Loss: 24.130 ; Acc: 46.341
2018-09-19 15:39:09,592:INFO: [TRAIN] Step: 369 ; Loss: 25.908 ; Acc: 46.329
2018-09-19 15:39:09,675:INFO: [TRAIN] Step: 370 ; Loss: 23.393 ; Acc: 46.316
2018-09-19 15:39:09,751:INFO: [TRAIN] Step: 371 ; Loss: 29.302 ; Acc: 46.270
2018-09-19 15:39:09,840:INFO: [TRAIN] Step: 372 ; Loss: 20.325 ; Acc: 46.291
2018-09-19 15:39:09,914:INFO: [TRAIN] Step: 373 ; Loss: 20.912 ; Acc: 46.357
2018-09-19 15:39:09,994:INFO: [TRAIN] Step: 374 ; Loss: 24.929 ; Acc: 46.344
2018-09-19 15:39:10,068:INFO: [TRAIN] Step: 375 ; Loss: 24.504 ; Acc: 46.365
2018-09-19 15:39:10,148:INFO: [TRAIN] Step: 376 ; Loss: 21.417 ; Acc: 46.397
2018-09-19 15:39:10,224:INFO: [TRAIN] Step: 377 ; Loss: 27.322 ; Acc: 46.373
2018-09-19 15:39:10,307:INFO: [TRAIN] Step: 378 ; Loss: 22.348 ; Acc: 46.405
2018-09-19 15:39:10,381:INFO: [TRAIN] Step: 379 ; Loss: 25.089 ; Acc: 46.425
2018-09-19 15:39:10,462:INFO: [TRAIN] Step: 380 ; Loss: 25.320 ; Acc: 46.446
2018-09-19 15:39:10,537:INFO: [TRAIN] Step: 381 ; Loss: 23.341 ; Acc: 46.455
2018-09-19 15:39:10,617:INFO: [TRAIN] Step: 382 ; Loss: 21.210 ; Acc: 46.497
2018-09-19 15:39:10,691:INFO: [TRAIN] Step: 383 ; Loss: 21.488 ; Acc: 46.539
2018-09-19 15:39:10,776:INFO: [TRAIN] Step: 384 ; Loss: 18.218 ; Acc: 46.613
2018-09-19 15:39:10,853:INFO: [TRAIN] Step: 385 ; Loss: 19.157 ; Acc: 46.643
2018-09-19 15:39:10,936:INFO: [TRAIN] Step: 386 ; Loss: 16.686 ; Acc: 46.727
2018-09-19 15:39:11,010:INFO: [TRAIN] Step: 387 ; Loss: 20.651 ; Acc: 46.725
2018-09-19 15:39:11,092:INFO: [TRAIN] Step: 388 ; Loss: 18.087 ; Acc: 46.787
2018-09-19 15:39:11,167:INFO: [TRAIN] Step: 389 ; Loss: 22.389 ; Acc: 46.827
2018-09-19 15:39:11,246:INFO: [TRAIN] Step: 390 ; Loss: 21.246 ; Acc: 46.803
2018-09-19 15:39:11,320:INFO: [TRAIN] Step: 391 ; Loss: 24.406 ; Acc: 46.811
2018-09-19 15:39:11,402:INFO: [TRAIN] Step: 392 ; Loss: 20.757 ; Acc: 46.830
2018-09-19 15:39:11,476:INFO: [TRAIN] Step: 393 ; Loss: 20.171 ; Acc: 46.870
2018-09-19 15:39:11,554:INFO: [TRAIN] Step: 394 ; Loss: 21.227 ; Acc: 46.888
2018-09-19 15:39:11,630:INFO: [TRAIN] Step: 395 ; Loss: 21.593 ; Acc: 46.896
2018-09-19 15:39:11,712:INFO: [TRAIN] Step: 396 ; Loss: 19.836 ; Acc: 46.925
2018-09-19 15:39:11,789:INFO: [TRAIN] Step: 397 ; Loss: 20.341 ; Acc: 46.943
2018-09-19 15:39:11,875:INFO: [TRAIN] Step: 398 ; Loss: 20.718 ; Acc: 47.003
2018-09-19 15:39:11,950:INFO: [TRAIN] Step: 399 ; Loss: 20.465 ; Acc: 47.042
2018-09-19 15:39:12,031:INFO: [TRAIN] Step: 400 ; Loss: 24.937 ; Acc: 47.039
2018-09-19 15:39:12,104:INFO: [TRAIN] Step: 401 ; Loss: 20.059 ; Acc: 47.067
2018-09-19 15:39:12,184:INFO: [TRAIN] Step: 402 ; Loss: 23.201 ; Acc: 47.064
2018-09-19 15:39:12,259:INFO: [TRAIN] Step: 403 ; Loss: 22.566 ; Acc: 47.081
2018-09-19 15:39:12,345:INFO: [TRAIN] Step: 404 ; Loss: 28.463 ; Acc: 47.078
2018-09-19 15:39:12,419:INFO: [TRAIN] Step: 405 ; Loss: 21.286 ; Acc: 47.116
2018-09-19 15:39:12,501:INFO: [TRAIN] Step: 406 ; Loss: 16.794 ; Acc: 47.174
2018-09-19 15:39:12,574:INFO: [TRAIN] Step: 407 ; Loss: 23.571 ; Acc: 47.192
2018-09-19 15:39:12,653:INFO: [TRAIN] Step: 408 ; Loss: 21.151 ; Acc: 47.198
2018-09-19 15:39:12,729:INFO: [TRAIN] Step: 409 ; Loss: 20.404 ; Acc: 47.215
2018-09-19 15:39:12,812:INFO: [TRAIN] Step: 410 ; Loss: 26.307 ; Acc: 47.182
2018-09-19 15:39:12,889:INFO: [TRAIN] Step: 411 ; Loss: 24.691 ; Acc: 47.199
2018-09-19 15:39:12,969:INFO: [TRAIN] Step: 412 ; Loss: 23.164 ; Acc: 47.215
2018-09-19 15:39:13,041:INFO: [TRAIN] Step: 413 ; Loss: 22.336 ; Acc: 47.242
2018-09-19 15:39:13,121:INFO: [TRAIN] Step: 414 ; Loss: 18.395 ; Acc: 47.289
2018-09-19 15:39:13,195:INFO: [TRAIN] Step: 415 ; Loss: 20.006 ; Acc: 47.316
2018-09-19 15:39:13,277:INFO: [TRAIN] Step: 416 ; Loss: 20.246 ; Acc: 47.352
2018-09-19 15:39:13,350:INFO: [TRAIN] Step: 417 ; Loss: 21.485 ; Acc: 47.358
2018-09-19 15:39:13,430:INFO: [TRAIN] Step: 418 ; Loss: 23.611 ; Acc: 47.375
2018-09-19 15:39:13,504:INFO: [TRAIN] Step: 419 ; Loss: 23.107 ; Acc: 47.361
2018-09-19 15:39:13,583:INFO: [TRAIN] Step: 420 ; Loss: 21.667 ; Acc: 47.407
2018-09-19 15:39:13,656:INFO: [TRAIN] Step: 421 ; Loss: 19.628 ; Acc: 47.443
2018-09-19 15:39:13,739:INFO: [TRAIN] Step: 422 ; Loss: 27.414 ; Acc: 47.419
2018-09-19 15:39:13,815:INFO: [TRAIN] Step: 423 ; Loss: 21.511 ; Acc: 47.445
2018-09-19 15:39:13,901:INFO: [TRAIN] Step: 424 ; Loss: 24.569 ; Acc: 47.422
2018-09-19 15:39:13,977:INFO: [TRAIN] Step: 425 ; Loss: 21.372 ; Acc: 47.428
2018-09-19 15:39:14,063:INFO: [TRAIN] Step: 426 ; Loss: 21.347 ; Acc: 47.443
2018-09-19 15:39:14,136:INFO: [TRAIN] Step: 427 ; Loss: 22.853 ; Acc: 47.420
2018-09-19 15:39:14,219:INFO: [TRAIN] Step: 428 ; Loss: 21.115 ; Acc: 47.416
2018-09-19 15:39:14,292:INFO: [TRAIN] Step: 429 ; Loss: 26.620 ; Acc: 47.393
2018-09-19 15:39:14,374:INFO: [TRAIN] Step: 430 ; Loss: 17.923 ; Acc: 47.448
2018-09-19 15:39:14,451:INFO: [TRAIN] Step: 431 ; Loss: 24.558 ; Acc: 47.483
2018-09-19 15:39:14,531:INFO: [TRAIN] Step: 432 ; Loss: 27.420 ; Acc: 47.479
2018-09-19 15:39:14,605:INFO: [TRAIN] Step: 433 ; Loss: 25.888 ; Acc: 47.437
2018-09-19 15:39:14,688:INFO: [TRAIN] Step: 434 ; Loss: 19.276 ; Acc: 47.452
2018-09-19 15:39:14,762:INFO: [TRAIN] Step: 435 ; Loss: 20.540 ; Acc: 47.477
2018-09-19 15:39:14,841:INFO: [TRAIN] Step: 436 ; Loss: 23.602 ; Acc: 47.483
2018-09-19 15:39:14,916:INFO: [TRAIN] Step: 437 ; Loss: 18.857 ; Acc: 47.489
2018-09-19 15:39:14,996:INFO: [TRAIN] Step: 438 ; Loss: 29.545 ; Acc: 47.466
2018-09-19 15:39:15,070:INFO: [TRAIN] Step: 439 ; Loss: 23.941 ; Acc: 47.462
2018-09-19 15:39:15,151:INFO: [TRAIN] Step: 440 ; Loss: 19.564 ; Acc: 47.515
2018-09-19 15:39:15,228:INFO: [TRAIN] Step: 441 ; Loss: 16.790 ; Acc: 47.558
2018-09-19 15:39:15,309:INFO: [TRAIN] Step: 442 ; Loss: 23.975 ; Acc: 47.573
2018-09-19 15:39:15,384:INFO: [TRAIN] Step: 443 ; Loss: 19.996 ; Acc: 47.579
2018-09-19 15:39:15,463:INFO: [TRAIN] Step: 444 ; Loss: 23.210 ; Acc: 47.566
2018-09-19 15:39:15,538:INFO: [TRAIN] Step: 445 ; Loss: 24.349 ; Acc: 47.562
2018-09-19 15:39:15,618:INFO: [TRAIN] Step: 446 ; Loss: 26.926 ; Acc: 47.548
2018-09-19 15:39:15,693:INFO: [TRAIN] Step: 447 ; Loss: 26.709 ; Acc: 47.526
2018-09-19 15:39:15,776:INFO: [TRAIN] Step: 448 ; Loss: 19.250 ; Acc: 47.559
2018-09-19 15:39:15,852:INFO: [TRAIN] Step: 449 ; Loss: 26.313 ; Acc: 47.528
2018-09-19 15:39:15,935:INFO: [TRAIN] Step: 450 ; Loss: 18.473 ; Acc: 47.561
2018-09-19 15:39:16,007:INFO: [TRAIN] Step: 451 ; Loss: 23.365 ; Acc: 47.576
2018-09-19 15:39:16,089:INFO: [TRAIN] Step: 452 ; Loss: 20.335 ; Acc: 47.599
2018-09-19 15:39:16,165:INFO: [TRAIN] Step: 453 ; Loss: 23.627 ; Acc: 47.595
2018-09-19 15:39:16,248:INFO: [TRAIN] Step: 454 ; Loss: 20.202 ; Acc: 47.628
2018-09-19 15:39:16,323:INFO: [TRAIN] Step: 455 ; Loss: 21.427 ; Acc: 47.643
2018-09-19 15:39:16,405:INFO: [TRAIN] Step: 456 ; Loss: 24.332 ; Acc: 47.648
2018-09-19 15:39:16,483:INFO: [TRAIN] Step: 457 ; Loss: 22.246 ; Acc: 47.671
2018-09-19 15:39:16,562:INFO: [TRAIN] Step: 458 ; Loss: 22.657 ; Acc: 47.658
2018-09-19 15:39:16,639:INFO: [TRAIN] Step: 459 ; Loss: 20.810 ; Acc: 47.645
2018-09-19 15:39:16,723:INFO: [TRAIN] Step: 460 ; Loss: 16.293 ; Acc: 47.686
2018-09-19 15:39:16,801:INFO: [TRAIN] Step: 461 ; Loss: 19.073 ; Acc: 47.718
2018-09-19 15:39:16,880:INFO: [TRAIN] Step: 462 ; Loss: 22.082 ; Acc: 47.759
2018-09-19 15:39:16,959:INFO: [TRAIN] Step: 463 ; Loss: 23.498 ; Acc: 47.773
2018-09-19 15:39:17,038:INFO: [TRAIN] Step: 464 ; Loss: 23.505 ; Acc: 47.796
2018-09-19 15:39:17,114:INFO: [TRAIN] Step: 465 ; Loss: 28.953 ; Acc: 47.774
2018-09-19 15:39:17,196:INFO: [TRAIN] Step: 466 ; Loss: 24.311 ; Acc: 47.761
2018-09-19 15:39:17,275:INFO: [TRAIN] Step: 467 ; Loss: 17.622 ; Acc: 47.792
2018-09-19 15:39:17,357:INFO: [TRAIN] Step: 468 ; Loss: 25.209 ; Acc: 47.788
2018-09-19 15:39:17,431:INFO: [TRAIN] Step: 469 ; Loss: 22.714 ; Acc: 47.801
2018-09-19 15:39:17,513:INFO: [TRAIN] Step: 470 ; Loss: 21.835 ; Acc: 47.806
2018-09-19 15:39:17,593:INFO: [TRAIN] Step: 471 ; Loss: 24.386 ; Acc: 47.820
2018-09-19 15:39:17,672:INFO: [TRAIN] Step: 472 ; Loss: 22.739 ; Acc: 47.851
2018-09-19 15:39:17,744:INFO: [TRAIN] Step: 473 ; Loss: 22.470 ; Acc: 47.899
2018-09-19 15:39:17,823:INFO: [TRAIN] Step: 474 ; Loss: 24.060 ; Acc: 47.921
2018-09-19 15:39:17,899:INFO: [TRAIN] Step: 475 ; Loss: 22.390 ; Acc: 47.960
2018-09-19 15:39:17,984:INFO: [TRAIN] Step: 476 ; Loss: 20.992 ; Acc: 47.982
2018-09-19 15:39:18,061:INFO: [TRAIN] Step: 477 ; Loss: 19.815 ; Acc: 48.004
2018-09-19 15:39:18,142:INFO: [TRAIN] Step: 478 ; Loss: 20.481 ; Acc: 48.017
2018-09-19 15:39:18,219:INFO: [TRAIN] Step: 479 ; Loss: 17.832 ; Acc: 48.038
2018-09-19 15:39:18,306:INFO: [TRAIN] Step: 480 ; Loss: 22.390 ; Acc: 48.068
2018-09-19 15:39:18,390:INFO: [TRAIN] Step: 481 ; Loss: 18.929 ; Acc: 48.090
2018-09-19 15:39:18,474:INFO: [TRAIN] Step: 482 ; Loss: 23.093 ; Acc: 48.119
2018-09-19 15:39:18,550:INFO: [TRAIN] Step: 483 ; Loss: 20.410 ; Acc: 48.115
2018-09-19 15:39:18,636:INFO: [TRAIN] Step: 484 ; Loss: 22.433 ; Acc: 48.144
2018-09-19 15:39:18,709:INFO: [TRAIN] Step: 485 ; Loss: 26.296 ; Acc: 48.122
2018-09-19 15:39:18,795:INFO: [TRAIN] Step: 486 ; Loss: 23.561 ; Acc: 48.118
2018-09-19 15:39:18,869:INFO: [TRAIN] Step: 487 ; Loss: 20.690 ; Acc: 48.130
2018-09-19 15:39:18,952:INFO: [TRAIN] Step: 488 ; Loss: 18.903 ; Acc: 48.134
2018-09-19 15:39:19,035:INFO: [TRAIN] Step: 489 ; Loss: 23.505 ; Acc: 48.146
2018-09-19 15:39:19,115:INFO: [TRAIN] Step: 490 ; Loss: 22.912 ; Acc: 48.150
2018-09-19 15:39:19,189:INFO: [TRAIN] Step: 491 ; Loss: 16.374 ; Acc: 48.196
2018-09-19 15:39:19,269:INFO: [TRAIN] Step: 492 ; Loss: 22.218 ; Acc: 48.191
2018-09-19 15:39:19,346:INFO: [TRAIN] Step: 493 ; Loss: 22.431 ; Acc: 48.220
2018-09-19 15:39:19,426:INFO: [TRAIN] Step: 494 ; Loss: 19.321 ; Acc: 48.274
2018-09-19 15:39:19,500:INFO: [TRAIN] Step: 495 ; Loss: 22.485 ; Acc: 48.286
2018-09-19 15:39:19,586:INFO: [TRAIN] Step: 496 ; Loss: 22.007 ; Acc: 48.290
2018-09-19 15:39:19,661:INFO: [TRAIN] Step: 497 ; Loss: 25.093 ; Acc: 48.318
2018-09-19 15:39:19,747:INFO: [TRAIN] Step: 498 ; Loss: 14.465 ; Acc: 48.388
2018-09-19 15:39:19,822:INFO: [TRAIN] Step: 499 ; Loss: 20.565 ; Acc: 48.433
2018-09-19 15:39:19,905:INFO: [TRAIN] Step: 500 ; Loss: 16.047 ; Acc: 48.470
2018-09-19 15:39:19,980:INFO: [TRAIN] Step: 501 ; Loss: 26.095 ; Acc: 48.448
2018-09-19 15:39:20,061:INFO: [TRAIN] Step: 502 ; Loss: 21.260 ; Acc: 48.451
2018-09-19 15:39:20,137:INFO: [TRAIN] Step: 503 ; Loss: 20.548 ; Acc: 48.471
2018-09-19 15:39:20,218:INFO: [TRAIN] Step: 504 ; Loss: 20.033 ; Acc: 48.482
2018-09-19 15:39:20,296:INFO: [TRAIN] Step: 505 ; Loss: 23.378 ; Acc: 48.534
2018-09-19 15:39:20,377:INFO: [TRAIN] Step: 506 ; Loss: 24.206 ; Acc: 48.512
2018-09-19 15:39:20,450:INFO: [TRAIN] Step: 507 ; Loss: 20.964 ; Acc: 48.540
2018-09-19 15:39:20,529:INFO: [TRAIN] Step: 508 ; Loss: 23.315 ; Acc: 48.535
2018-09-19 15:39:20,604:INFO: [TRAIN] Step: 509 ; Loss: 25.184 ; Acc: 48.521
2018-09-19 15:39:20,684:INFO: [TRAIN] Step: 510 ; Loss: 20.647 ; Acc: 48.532
2018-09-19 15:39:20,758:INFO: [TRAIN] Step: 511 ; Loss: 19.785 ; Acc: 48.551
2018-09-19 15:39:20,844:INFO: [TRAIN] Step: 512 ; Loss: 23.463 ; Acc: 48.562
2018-09-19 15:39:20,919:INFO: [TRAIN] Step: 513 ; Loss: 18.025 ; Acc: 48.614
2018-09-19 15:39:20,999:INFO: [TRAIN] Step: 514 ; Loss: 24.051 ; Acc: 48.592
2018-09-19 15:39:21,074:INFO: [TRAIN] Step: 515 ; Loss: 24.298 ; Acc: 48.595
2018-09-19 15:39:21,156:INFO: [TRAIN] Step: 516 ; Loss: 27.662 ; Acc: 48.598
2018-09-19 15:39:21,231:INFO: [TRAIN] Step: 517 ; Loss: 19.100 ; Acc: 48.625
2018-09-19 15:39:21,316:INFO: [TRAIN] Step: 518 ; Loss: 18.290 ; Acc: 48.667
2018-09-19 15:39:21,390:INFO: [TRAIN] Step: 519 ; Loss: 20.569 ; Acc: 48.686
2018-09-19 15:39:21,474:INFO: [TRAIN] Step: 520 ; Loss: 18.081 ; Acc: 48.752
2018-09-19 15:39:21,550:INFO: [TRAIN] Step: 521 ; Loss: 24.081 ; Acc: 48.731
2018-09-19 15:39:21,640:INFO: [TRAIN] Step: 522 ; Loss: 16.659 ; Acc: 48.765
2018-09-19 15:39:21,717:INFO: [TRAIN] Step: 523 ; Loss: 20.235 ; Acc: 48.752
2018-09-19 15:39:21,800:INFO: [TRAIN] Step: 524 ; Loss: 16.886 ; Acc: 48.794
2018-09-19 15:39:21,877:INFO: [TRAIN] Step: 525 ; Loss: 17.156 ; Acc: 48.836
2018-09-19 15:39:21,958:INFO: [TRAIN] Step: 526 ; Loss: 21.274 ; Acc: 48.846
2018-09-19 15:39:22,036:INFO: [TRAIN] Step: 527 ; Loss: 20.580 ; Acc: 48.864
2018-09-19 15:39:22,117:INFO: [TRAIN] Step: 528 ; Loss: 25.765 ; Acc: 48.842
2018-09-19 15:39:22,192:INFO: [TRAIN] Step: 529 ; Loss: 15.654 ; Acc: 48.868
2018-09-19 15:39:22,273:INFO: [TRAIN] Step: 530 ; Loss: 20.769 ; Acc: 48.878
2018-09-19 15:39:22,350:INFO: [TRAIN] Step: 531 ; Loss: 18.206 ; Acc: 48.880
2018-09-19 15:39:22,433:INFO: [TRAIN] Step: 532 ; Loss: 24.609 ; Acc: 48.859
2018-09-19 15:39:22,508:INFO: [TRAIN] Step: 533 ; Loss: 24.301 ; Acc: 48.892
2018-09-19 15:39:22,590:INFO: [TRAIN] Step: 534 ; Loss: 22.119 ; Acc: 48.910
2018-09-19 15:39:22,664:INFO: [TRAIN] Step: 535 ; Loss: 20.304 ; Acc: 48.919
2018-09-19 15:39:22,743:INFO: [TRAIN] Step: 536 ; Loss: 27.389 ; Acc: 48.890
2018-09-19 15:39:22,817:INFO: [TRAIN] Step: 537 ; Loss: 18.890 ; Acc: 48.908
2018-09-19 15:39:22,897:INFO: [TRAIN] Step: 538 ; Loss: 21.022 ; Acc: 48.933
2018-09-19 15:39:22,971:INFO: [TRAIN] Step: 539 ; Loss: 27.148 ; Acc: 48.951
2018-09-19 15:39:23,050:INFO: [TRAIN] Step: 540 ; Loss: 15.338 ; Acc: 48.983
2018-09-19 15:39:23,124:INFO: [TRAIN] Step: 541 ; Loss: 18.407 ; Acc: 49.016
2018-09-19 15:39:23,205:INFO: [TRAIN] Step: 542 ; Loss: 22.023 ; Acc: 48.995
2018-09-19 15:39:23,279:INFO: [TRAIN] Step: 543 ; Loss: 21.198 ; Acc: 49.027
2018-09-19 15:39:23,359:INFO: [TRAIN] Step: 544 ; Loss: 17.970 ; Acc: 49.067
2018-09-19 15:39:23,444:INFO: [TRAIN] Step: 545 ; Loss: 23.028 ; Acc: 49.092
2018-09-19 15:39:23,531:INFO: [TRAIN] Step: 546 ; Loss: 21.324 ; Acc: 49.132
2018-09-19 15:39:23,609:INFO: [TRAIN] Step: 547 ; Loss: 19.419 ; Acc: 49.133
2018-09-19 15:39:23,690:INFO: [TRAIN] Step: 548 ; Loss: 20.851 ; Acc: 49.158
2018-09-19 15:39:23,764:INFO: [TRAIN] Step: 549 ; Loss: 24.384 ; Acc: 49.167
2018-09-19 15:39:23,849:INFO: [TRAIN] Step: 550 ; Loss: 26.345 ; Acc: 49.161
2018-09-19 15:39:23,925:INFO: [TRAIN] Step: 551 ; Loss: 17.140 ; Acc: 49.192
2018-09-19 15:39:24,009:INFO: [TRAIN] Step: 552 ; Loss: 19.181 ; Acc: 49.209
2018-09-19 15:39:24,086:INFO: [TRAIN] Step: 553 ; Loss: 24.812 ; Acc: 49.210
2018-09-19 15:39:24,167:INFO: [TRAIN] Step: 554 ; Loss: 27.279 ; Acc: 49.189
2018-09-19 15:39:24,241:INFO: [TRAIN] Step: 555 ; Loss: 21.583 ; Acc: 49.176
2018-09-19 15:39:24,323:INFO: [TRAIN] Step: 556 ; Loss: 23.305 ; Acc: 49.170
2018-09-19 15:39:24,398:INFO: [TRAIN] Step: 557 ; Loss: 23.614 ; Acc: 49.164
2018-09-19 15:39:24,479:INFO: [TRAIN] Step: 558 ; Loss: 26.516 ; Acc: 49.173
2018-09-19 15:39:24,553:INFO: [TRAIN] Step: 559 ; Loss: 19.842 ; Acc: 49.226
2018-09-19 15:39:24,632:INFO: [TRAIN] Step: 560 ; Loss: 20.231 ; Acc: 49.257
2018-09-19 15:39:24,705:INFO: [TRAIN] Step: 561 ; Loss: 24.425 ; Acc: 49.266
2018-09-19 15:39:24,787:INFO: [TRAIN] Step: 562 ; Loss: 19.114 ; Acc: 49.290
2018-09-19 15:39:24,866:INFO: [TRAIN] Step: 563 ; Loss: 21.466 ; Acc: 49.291
2018-09-19 15:39:24,946:INFO: [TRAIN] Step: 564 ; Loss: 19.477 ; Acc: 49.322
2018-09-19 15:39:25,024:INFO: [TRAIN] Step: 565 ; Loss: 24.180 ; Acc: 49.293
2018-09-19 15:39:25,105:INFO: [TRAIN] Step: 566 ; Loss: 20.671 ; Acc: 49.331
2018-09-19 15:39:25,181:INFO: [TRAIN] Step: 567 ; Loss: 22.317 ; Acc: 49.332
2018-09-19 15:39:25,261:INFO: [TRAIN] Step: 568 ; Loss: 16.253 ; Acc: 49.370
2018-09-19 15:39:25,336:INFO: [TRAIN] Step: 569 ; Loss: 25.891 ; Acc: 49.357
2018-09-19 15:39:25,416:INFO: [TRAIN] Step: 570 ; Loss: 28.217 ; Acc: 49.358
2018-09-19 15:39:25,496:INFO: [TRAIN] Step: 571 ; Loss: 24.710 ; Acc: 49.366
2018-09-19 15:39:25,578:INFO: [TRAIN] Step: 572 ; Loss: 28.836 ; Acc: 49.389
2018-09-19 15:39:25,655:INFO: [TRAIN] Step: 573 ; Loss: 22.187 ; Acc: 49.405
2018-09-19 15:39:25,734:INFO: [TRAIN] Step: 574 ; Loss: 21.217 ; Acc: 49.399
2018-09-19 15:39:25,810:INFO: [TRAIN] Step: 575 ; Loss: 23.059 ; Acc: 49.400
2018-09-19 15:39:25,893:INFO: [TRAIN] Step: 576 ; Loss: 22.800 ; Acc: 49.401
2018-09-19 15:39:25,966:INFO: [TRAIN] Step: 577 ; Loss: 24.055 ; Acc: 49.409
2018-09-19 15:39:26,050:INFO: [TRAIN] Step: 578 ; Loss: 20.689 ; Acc: 49.431
2018-09-19 15:39:26,124:INFO: [TRAIN] Step: 579 ; Loss: 18.527 ; Acc: 49.454
2018-09-19 15:39:26,209:INFO: [TRAIN] Step: 580 ; Loss: 19.122 ; Acc: 49.462
2018-09-19 15:39:26,286:INFO: [TRAIN] Step: 581 ; Loss: 23.453 ; Acc: 49.485
2018-09-19 15:39:26,373:INFO: [TRAIN] Step: 582 ; Loss: 25.575 ; Acc: 49.500
2018-09-19 15:39:26,447:INFO: [TRAIN] Step: 583 ; Loss: 19.223 ; Acc: 49.508
2018-09-19 15:39:26,537:INFO: [TRAIN] Step: 584 ; Loss: 28.133 ; Acc: 49.494
2018-09-19 15:39:26,614:INFO: [TRAIN] Step: 585 ; Loss: 23.364 ; Acc: 49.488
2018-09-19 15:39:26,699:INFO: [TRAIN] Step: 586 ; Loss: 18.719 ; Acc: 49.503
2018-09-19 15:39:26,774:INFO: [TRAIN] Step: 587 ; Loss: 21.426 ; Acc: 49.511
2018-09-19 15:39:26,854:INFO: [TRAIN] Step: 588 ; Loss: 22.937 ; Acc: 49.498
2018-09-19 15:39:26,929:INFO: [TRAIN] Step: 589 ; Loss: 21.405 ; Acc: 49.520
2018-09-19 15:39:27,009:INFO: [TRAIN] Step: 590 ; Loss: 21.418 ; Acc: 49.563
2018-09-19 15:39:27,084:INFO: [TRAIN] Step: 591 ; Loss: 18.132 ; Acc: 49.578
2018-09-19 15:39:27,166:INFO: [TRAIN] Step: 592 ; Loss: 18.160 ; Acc: 49.607
2018-09-19 15:39:27,243:INFO: [TRAIN] Step: 593 ; Loss: 21.797 ; Acc: 49.607
2018-09-19 15:39:27,327:INFO: [TRAIN] Step: 594 ; Loss: 22.940 ; Acc: 49.615
2018-09-19 15:39:27,400:INFO: [TRAIN] Step: 595 ; Loss: 21.795 ; Acc: 49.636
2018-09-19 15:39:27,482:INFO: [TRAIN] Step: 596 ; Loss: 19.057 ; Acc: 49.658
2018-09-19 15:39:27,555:INFO: [TRAIN] Step: 597 ; Loss: 20.564 ; Acc: 49.686
2018-09-19 15:39:27,636:INFO: [TRAIN] Step: 598 ; Loss: 17.758 ; Acc: 49.715
2018-09-19 15:39:27,713:INFO: [TRAIN] Step: 599 ; Loss: 22.611 ; Acc: 49.729
2018-09-19 15:39:27,798:INFO: [TRAIN] Step: 600 ; Loss: 19.596 ; Acc: 49.764
2018-09-19 15:39:27,876:INFO: [TRAIN] Step: 601 ; Loss: 19.146 ; Acc: 49.792
2018-09-19 15:39:27,955:INFO: [TRAIN] Step: 602 ; Loss: 22.543 ; Acc: 49.800
2018-09-19 15:39:28,031:INFO: [TRAIN] Step: 603 ; Loss: 23.794 ; Acc: 49.793
2018-09-19 15:39:28,113:INFO: [TRAIN] Step: 604 ; Loss: 28.278 ; Acc: 49.780
2018-09-19 15:39:28,196:INFO: [TRAIN] Step: 605 ; Loss: 20.342 ; Acc: 49.807
2018-09-19 15:39:28,279:INFO: [TRAIN] Step: 606 ; Loss: 17.720 ; Acc: 49.828
2018-09-19 15:39:28,354:INFO: [TRAIN] Step: 607 ; Loss: 17.778 ; Acc: 49.842
2018-09-19 15:39:28,435:INFO: [TRAIN] Step: 608 ; Loss: 22.666 ; Acc: 49.849
2018-09-19 15:39:28,510:INFO: [TRAIN] Step: 609 ; Loss: 19.253 ; Acc: 49.870
2018-09-19 15:39:28,592:INFO: [TRAIN] Step: 610 ; Loss: 21.027 ; Acc: 49.870
2018-09-19 15:39:28,669:INFO: [TRAIN] Step: 611 ; Loss: 17.921 ; Acc: 49.877
2018-09-19 15:39:28,757:INFO: [TRAIN] Step: 612 ; Loss: 19.489 ; Acc: 49.912
2018-09-19 15:39:28,836:INFO: [TRAIN] Step: 613 ; Loss: 22.296 ; Acc: 49.925
2018-09-19 15:39:28,917:INFO: [TRAIN] Step: 614 ; Loss: 19.978 ; Acc: 49.953
2018-09-19 15:39:28,999:INFO: [TRAIN] Step: 615 ; Loss: 22.732 ; Acc: 49.946
2018-09-19 15:39:29,084:INFO: [TRAIN] Step: 616 ; Loss: 19.421 ; Acc: 49.980
2018-09-19 15:39:29,161:INFO: [TRAIN] Step: 617 ; Loss: 22.921 ; Acc: 49.973
2018-09-19 15:39:29,240:INFO: [TRAIN] Step: 618 ; Loss: 20.811 ; Acc: 49.966
2018-09-19 15:39:29,316:INFO: [TRAIN] Step: 619 ; Loss: 18.888 ; Acc: 49.987
2018-09-19 15:39:29,399:INFO: [TRAIN] Step: 620 ; Loss: 22.902 ; Acc: 50.000
2018-09-19 15:39:29,473:INFO: [TRAIN] Step: 621 ; Loss: 20.539 ; Acc: 50.000
2018-09-19 15:39:29,558:INFO: [TRAIN] Step: 622 ; Loss: 21.233 ; Acc: 50.013
2018-09-19 15:39:29,633:INFO: [TRAIN] Step: 623 ; Loss: 20.263 ; Acc: 50.007
2018-09-19 15:39:29,718:INFO: [TRAIN] Step: 624 ; Loss: 15.757 ; Acc: 50.040
2018-09-19 15:39:29,790:INFO: [TRAIN] Step: 625 ; Loss: 24.890 ; Acc: 50.047
2018-09-19 15:39:29,871:INFO: [TRAIN] Step: 626 ; Loss: 20.039 ; Acc: 50.047
2018-09-19 15:39:29,945:INFO: [TRAIN] Step: 627 ; Loss: 19.007 ; Acc: 50.053
2018-09-19 15:39:30,026:INFO: [TRAIN] Step: 628 ; Loss: 18.927 ; Acc: 50.079
2018-09-19 15:39:30,104:INFO: [TRAIN] Step: 629 ; Loss: 20.164 ; Acc: 50.079
2018-09-19 15:39:30,186:INFO: [TRAIN] Step: 630 ; Loss: 25.338 ; Acc: 50.099
2018-09-19 15:39:30,259:INFO: [TRAIN] Step: 631 ; Loss: 20.146 ; Acc: 50.119
2018-09-19 15:39:30,339:INFO: [TRAIN] Step: 632 ; Loss: 20.172 ; Acc: 50.132
2018-09-19 15:39:30,413:INFO: [TRAIN] Step: 633 ; Loss: 22.568 ; Acc: 50.118
2018-09-19 15:39:30,492:INFO: [TRAIN] Step: 634 ; Loss: 21.927 ; Acc: 50.118
2018-09-19 15:39:30,568:INFO: [TRAIN] Step: 635 ; Loss: 20.596 ; Acc: 50.131
2018-09-19 15:39:30,647:INFO: [TRAIN] Step: 636 ; Loss: 24.012 ; Acc: 50.137
2018-09-19 15:39:30,721:INFO: [TRAIN] Step: 637 ; Loss: 18.787 ; Acc: 50.137
2018-09-19 15:39:30,801:INFO: [TRAIN] Step: 638 ; Loss: 17.757 ; Acc: 50.170
2018-09-19 15:39:30,877:INFO: [TRAIN] Step: 639 ; Loss: 17.496 ; Acc: 50.208
2018-09-19 15:39:30,957:INFO: [TRAIN] Step: 640 ; Loss: 25.610 ; Acc: 50.202
2018-09-19 15:39:31,030:INFO: [TRAIN] Step: 641 ; Loss: 17.697 ; Acc: 50.240
2018-09-19 15:39:31,112:INFO: [TRAIN] Step: 642 ; Loss: 21.075 ; Acc: 50.259
2018-09-19 15:39:31,188:INFO: [TRAIN] Step: 643 ; Loss: 22.898 ; Acc: 50.272
2018-09-19 15:39:31,270:INFO: [TRAIN] Step: 644 ; Loss: 23.577 ; Acc: 50.258
2018-09-19 15:39:31,344:INFO: [TRAIN] Step: 645 ; Loss: 24.083 ; Acc: 50.245
2018-09-19 15:39:31,425:INFO: [TRAIN] Step: 646 ; Loss: 21.791 ; Acc: 50.258
2018-09-19 15:39:31,500:INFO: [TRAIN] Step: 647 ; Loss: 22.775 ; Acc: 50.257
2018-09-19 15:39:31,582:INFO: [TRAIN] Step: 648 ; Loss: 23.485 ; Acc: 50.257
2018-09-19 15:39:31,658:INFO: [TRAIN] Step: 649 ; Loss: 24.071 ; Acc: 50.244
2018-09-19 15:39:31,737:INFO: [TRAIN] Step: 650 ; Loss: 22.172 ; Acc: 50.237
2018-09-19 15:39:31,821:INFO: [TRAIN] Step: 651 ; Loss: 20.623 ; Acc: 50.217
2018-09-19 15:39:31,904:INFO: [TRAIN] Step: 652 ; Loss: 24.517 ; Acc: 50.211
2018-09-19 15:39:31,977:INFO: [TRAIN] Step: 653 ; Loss: 20.215 ; Acc: 50.217
2018-09-19 15:39:32,056:INFO: [TRAIN] Step: 654 ; Loss: 19.770 ; Acc: 50.210
2018-09-19 15:39:32,132:INFO: [TRAIN] Step: 655 ; Loss: 25.286 ; Acc: 50.203
2018-09-19 15:39:32,221:INFO: [TRAIN] Step: 656 ; Loss: 16.651 ; Acc: 50.222
2018-09-19 15:39:32,297:INFO: [TRAIN] Step: 657 ; Loss: 17.751 ; Acc: 50.247
2018-09-19 15:39:32,381:INFO: [TRAIN] Step: 658 ; Loss: 20.918 ; Acc: 50.259
2018-09-19 15:39:32,457:INFO: [TRAIN] Step: 659 ; Loss: 23.482 ; Acc: 50.265
2018-09-19 15:39:32,538:INFO: [TRAIN] Step: 660 ; Loss: 25.044 ; Acc: 50.271
2018-09-19 15:39:32,613:INFO: [TRAIN] Step: 661 ; Loss: 18.512 ; Acc: 50.277
2018-09-19 15:39:32,693:INFO: [TRAIN] Step: 662 ; Loss: 18.587 ; Acc: 50.289
2018-09-19 15:39:32,769:INFO: [TRAIN] Step: 663 ; Loss: 20.329 ; Acc: 50.289
2018-09-19 15:39:32,851:INFO: [TRAIN] Step: 664 ; Loss: 27.980 ; Acc: 50.263
2018-09-19 15:39:32,928:INFO: [TRAIN] Step: 665 ; Loss: 17.408 ; Acc: 50.282
2018-09-19 15:39:33,008:INFO: [TRAIN] Step: 666 ; Loss: 20.936 ; Acc: 50.281
2018-09-19 15:39:33,084:INFO: [TRAIN] Step: 667 ; Loss: 23.483 ; Acc: 50.274
2018-09-19 15:39:33,167:INFO: [TRAIN] Step: 668 ; Loss: 25.663 ; Acc: 50.262
2018-09-19 15:39:33,245:INFO: [TRAIN] Step: 669 ; Loss: 21.237 ; Acc: 50.261
2018-09-19 15:39:33,325:INFO: [TRAIN] Step: 670 ; Loss: 22.044 ; Acc: 50.273
2018-09-19 15:39:33,402:INFO: [TRAIN] Step: 671 ; Loss: 21.842 ; Acc: 50.279
2018-09-19 15:39:33,482:INFO: [TRAIN] Step: 672 ; Loss: 18.145 ; Acc: 50.310
2018-09-19 15:39:33,557:INFO: [TRAIN] Step: 673 ; Loss: 20.617 ; Acc: 50.309
2018-09-19 15:39:33,640:INFO: [TRAIN] Step: 674 ; Loss: 20.785 ; Acc: 50.346
2018-09-19 15:39:33,718:INFO: [TRAIN] Step: 675 ; Loss: 25.177 ; Acc: 50.333
2018-09-19 15:39:33,810:INFO: [TRAIN] Step: 676 ; Loss: 23.763 ; Acc: 50.320
2018-09-19 15:39:33,884:INFO: [TRAIN] Step: 677 ; Loss: 18.600 ; Acc: 50.320
2018-09-19 15:39:33,968:INFO: [TRAIN] Step: 678 ; Loss: 23.024 ; Acc: 50.301
2018-09-19 15:39:34,048:INFO: [TRAIN] Step: 679 ; Loss: 25.429 ; Acc: 50.288
2018-09-19 15:39:34,133:INFO: [TRAIN] Step: 680 ; Loss: 22.287 ; Acc: 50.300
2018-09-19 15:39:34,212:INFO: [TRAIN] Step: 681 ; Loss: 21.144 ; Acc: 50.312
2018-09-19 15:39:34,301:INFO: [TRAIN] Step: 682 ; Loss: 25.613 ; Acc: 50.293
2018-09-19 15:39:34,378:INFO: [TRAIN] Step: 683 ; Loss: 18.623 ; Acc: 50.311
2018-09-19 15:39:34,471:INFO: [TRAIN] Step: 684 ; Loss: 17.727 ; Acc: 50.341
2018-09-19 15:39:34,547:INFO: [TRAIN] Step: 685 ; Loss: 16.549 ; Acc: 50.377
2018-09-19 15:39:34,632:INFO: [TRAIN] Step: 686 ; Loss: 21.661 ; Acc: 50.370
2018-09-19 15:39:34,710:INFO: [TRAIN] Step: 687 ; Loss: 19.050 ; Acc: 50.388
2018-09-19 15:39:34,799:INFO: [TRAIN] Step: 688 ; Loss: 19.343 ; Acc: 50.417
2018-09-19 15:39:34,883:INFO: [TRAIN] Step: 689 ; Loss: 22.546 ; Acc: 50.417
2018-09-19 15:39:34,968:INFO: [TRAIN] Step: 690 ; Loss: 15.821 ; Acc: 50.458
2018-09-19 15:39:35,050:INFO: [TRAIN] Step: 691 ; Loss: 17.018 ; Acc: 50.488
2018-09-19 15:39:35,135:INFO: [TRAIN] Step: 692 ; Loss: 16.517 ; Acc: 50.493
2018-09-19 15:39:35,217:INFO: [TRAIN] Step: 693 ; Loss: 18.956 ; Acc: 50.504
2018-09-19 15:39:35,307:INFO: [TRAIN] Step: 694 ; Loss: 18.778 ; Acc: 50.528
2018-09-19 15:39:35,391:INFO: [TRAIN] Step: 695 ; Loss: 23.677 ; Acc: 50.527
2018-09-19 15:39:35,478:INFO: [TRAIN] Step: 696 ; Loss: 21.944 ; Acc: 50.544
2018-09-19 15:39:35,562:INFO: [TRAIN] Step: 697 ; Loss: 20.682 ; Acc: 50.531
2018-09-19 15:39:35,652:INFO: [TRAIN] Step: 698 ; Loss: 22.691 ; Acc: 50.519
2018-09-19 15:39:35,732:INFO: [TRAIN] Step: 699 ; Loss: 21.437 ; Acc: 50.536
2018-09-19 15:39:35,819:INFO: [TRAIN] Step: 700 ; Loss: 25.110 ; Acc: 50.547
2018-09-19 15:39:35,902:INFO: [TRAIN] Step: 701 ; Loss: 21.879 ; Acc: 50.540
2018-09-19 15:39:35,992:INFO: [TRAIN] Step: 702 ; Loss: 17.146 ; Acc: 50.551
2018-09-19 15:39:36,077:INFO: [TRAIN] Step: 703 ; Loss: 26.011 ; Acc: 50.556
2018-09-19 15:39:36,166:INFO: [TRAIN] Step: 704 ; Loss: 21.168 ; Acc: 50.544
2018-09-19 15:39:36,255:INFO: [TRAIN] Step: 705 ; Loss: 17.958 ; Acc: 50.578
2018-09-19 15:39:36,350:INFO: [TRAIN] Step: 706 ; Loss: 22.981 ; Acc: 50.583
2018-09-19 15:39:36,436:INFO: [TRAIN] Step: 707 ; Loss: 16.970 ; Acc: 50.606
2018-09-19 15:39:36,529:INFO: [TRAIN] Step: 708 ; Loss: 21.383 ; Acc: 50.605
2018-09-19 15:39:36,617:INFO: [TRAIN] Step: 709 ; Loss: 19.249 ; Acc: 50.634
2018-09-19 15:39:36,711:INFO: [TRAIN] Step: 710 ; Loss: 23.293 ; Acc: 50.656
2018-09-19 15:39:36,800:INFO: [TRAIN] Step: 711 ; Loss: 20.581 ; Acc: 50.673
2018-09-19 15:39:36,894:INFO: [TRAIN] Step: 712 ; Loss: 19.907 ; Acc: 50.678
2018-09-19 15:39:36,984:INFO: [TRAIN] Step: 713 ; Loss: 20.066 ; Acc: 50.671
2018-09-19 15:39:37,084:INFO: [TRAIN] Step: 714 ; Loss: 17.107 ; Acc: 50.688
2018-09-19 15:39:37,173:INFO: [TRAIN] Step: 715 ; Loss: 22.657 ; Acc: 50.675
2018-09-19 15:39:37,269:INFO: [TRAIN] Step: 716 ; Loss: 16.596 ; Acc: 50.686
2018-09-19 15:39:37,355:INFO: [TRAIN] Step: 717 ; Loss: 25.216 ; Acc: 50.679
2018-09-19 15:39:37,452:INFO: [TRAIN] Step: 718 ; Loss: 18.312 ; Acc: 50.684
2018-09-19 15:39:37,549:INFO: [TRAIN] Step: 719 ; Loss: 23.379 ; Acc: 50.671
2018-09-19 15:39:37,646:INFO: [TRAIN] Step: 720 ; Loss: 21.946 ; Acc: 50.682
2018-09-19 15:39:37,741:INFO: [TRAIN] Step: 721 ; Loss: 20.927 ; Acc: 50.693
2018-09-19 15:39:37,843:INFO: [TRAIN] Step: 722 ; Loss: 22.614 ; Acc: 50.709
2018-09-19 15:39:37,938:INFO: [TRAIN] Step: 723 ; Loss: 20.757 ; Acc: 50.714
2018-09-19 15:39:38,040:INFO: [TRAIN] Step: 724 ; Loss: 17.343 ; Acc: 50.747
2018-09-19 15:39:38,133:INFO: [TRAIN] Step: 725 ; Loss: 19.948 ; Acc: 50.758
2018-09-19 15:39:38,239:INFO: [TRAIN] Step: 726 ; Loss: 19.311 ; Acc: 50.785
2018-09-19 15:39:38,336:INFO: [TRAIN] Step: 727 ; Loss: 24.860 ; Acc: 50.796
2018-09-19 15:39:38,443:INFO: [TRAIN] Step: 728 ; Loss: 20.286 ; Acc: 50.800
2018-09-19 15:39:38,539:INFO: [TRAIN] Step: 729 ; Loss: 17.957 ; Acc: 50.828
2018-09-19 15:39:38,641:INFO: [TRAIN] Step: 730 ; Loss: 18.471 ; Acc: 50.838
2018-09-19 15:39:38,741:INFO: [TRAIN] Step: 731 ; Loss: 17.002 ; Acc: 50.860
2018-09-19 15:39:38,848:INFO: [TRAIN] Step: 732 ; Loss: 23.864 ; Acc: 50.864
2018-09-19 15:39:38,944:INFO: [TRAIN] Step: 733 ; Loss: 21.157 ; Acc: 50.863
2018-09-19 15:39:39,051:INFO: [TRAIN] Step: 734 ; Loss: 22.481 ; Acc: 50.850
2018-09-19 15:39:39,147:INFO: [TRAIN] Step: 735 ; Loss: 17.571 ; Acc: 50.866
2018-09-19 15:39:39,259:INFO: [TRAIN] Step: 736 ; Loss: 28.312 ; Acc: 50.859
2018-09-19 15:39:39,365:INFO: [TRAIN] Step: 737 ; Loss: 19.826 ; Acc: 50.858
2018-09-19 15:39:39,468:INFO: [TRAIN] Step: 738 ; Loss: 19.358 ; Acc: 50.857
2018-09-19 15:39:39,576:INFO: [TRAIN] Step: 739 ; Loss: 24.255 ; Acc: 50.861
2018-09-19 15:39:39,682:INFO: [TRAIN] Step: 740 ; Loss: 26.191 ; Acc: 50.832
2018-09-19 15:39:39,789:INFO: [TRAIN] Step: 741 ; Loss: 21.476 ; Acc: 50.831
2018-09-19 15:39:39,892:INFO: [TRAIN] Step: 742 ; Loss: 22.045 ; Acc: 50.813
2018-09-19 15:39:39,995:INFO: [TRAIN] Step: 743 ; Loss: 17.418 ; Acc: 50.823
2018-09-19 15:39:40,101:INFO: [TRAIN] Step: 744 ; Loss: 17.034 ; Acc: 50.828
2018-09-19 15:39:40,208:INFO: [TRAIN] Step: 745 ; Loss: 18.522 ; Acc: 50.860
2018-09-19 15:39:40,314:INFO: [TRAIN] Step: 746 ; Loss: 19.551 ; Acc: 50.870
2018-09-19 15:39:40,417:INFO: [TRAIN] Step: 747 ; Loss: 21.708 ; Acc: 50.880
2018-09-19 15:39:40,529:INFO: [TRAIN] Step: 748 ; Loss: 18.353 ; Acc: 50.879
2018-09-19 15:39:40,631:INFO: [TRAIN] Step: 749 ; Loss: 21.273 ; Acc: 50.883
2018-09-19 15:39:40,740:INFO: [TRAIN] Step: 750 ; Loss: 20.889 ; Acc: 50.893
2018-09-19 15:39:40,844:INFO: [TRAIN] Step: 751 ; Loss: 23.244 ; Acc: 50.892
2018-09-19 15:39:40,951:INFO: [TRAIN] Step: 752 ; Loss: 25.090 ; Acc: 50.896
2018-09-19 15:39:41,060:INFO: [TRAIN] Step: 753 ; Loss: 20.112 ; Acc: 50.912
2018-09-19 15:39:41,167:INFO: [TRAIN] Step: 754 ; Loss: 21.169 ; Acc: 50.905
2018-09-19 15:39:41,280:INFO: [TRAIN] Step: 755 ; Loss: 19.692 ; Acc: 50.926
2018-09-19 15:39:41,386:INFO: [TRAIN] Step: 756 ; Loss: 21.834 ; Acc: 50.930
2018-09-19 15:39:41,495:INFO: [TRAIN] Step: 757 ; Loss: 20.319 ; Acc: 50.929
2018-09-19 15:39:41,601:INFO: [TRAIN] Step: 758 ; Loss: 19.916 ; Acc: 50.928
2018-09-19 15:39:41,711:INFO: [TRAIN] Step: 759 ; Loss: 18.913 ; Acc: 50.954
2018-09-19 15:39:41,816:INFO: [TRAIN] Step: 760 ; Loss: 21.613 ; Acc: 50.958
2018-09-19 15:39:41,924:INFO: [TRAIN] Step: 761 ; Loss: 21.240 ; Acc: 50.957
2018-09-19 15:39:42,036:INFO: [TRAIN] Step: 762 ; Loss: 20.142 ; Acc: 50.961
2018-09-19 15:39:42,142:INFO: [TRAIN] Step: 763 ; Loss: 19.312 ; Acc: 50.971
2018-09-19 15:39:42,258:INFO: [TRAIN] Step: 764 ; Loss: 23.480 ; Acc: 50.975
2018-09-19 15:39:42,369:INFO: [TRAIN] Step: 765 ; Loss: 19.706 ; Acc: 50.985
2018-09-19 15:39:42,473:INFO: [TRAIN] Step: 766 ; Loss: 19.925 ; Acc: 50.994
2018-09-19 15:39:42,582:INFO: [TRAIN] Step: 767 ; Loss: 22.727 ; Acc: 50.998
2018-09-19 15:39:42,688:INFO: [TRAIN] Step: 768 ; Loss: 18.110 ; Acc: 51.024
2018-09-19 15:39:42,793:INFO: [TRAIN] Step: 769 ; Loss: 22.414 ; Acc: 51.044
2018-09-19 15:39:42,904:INFO: [TRAIN] Step: 770 ; Loss: 21.996 ; Acc: 51.043
2018-09-19 15:39:43,016:INFO: [TRAIN] Step: 771 ; Loss: 14.912 ; Acc: 51.074
2018-09-19 15:39:43,125:INFO: [TRAIN] Step: 772 ; Loss: 23.243 ; Acc: 51.089
2018-09-19 15:39:43,242:INFO: [TRAIN] Step: 773 ; Loss: 20.804 ; Acc: 51.093
2018-09-19 15:39:43,358:INFO: [TRAIN] Step: 774 ; Loss: 18.001 ; Acc: 51.108
2018-09-19 15:39:43,486:INFO: [TRAIN] Step: 775 ; Loss: 19.496 ; Acc: 51.128
2018-09-19 15:39:43,597:INFO: [TRAIN] Step: 776 ; Loss: 18.364 ; Acc: 51.153
2018-09-19 15:39:43,702:INFO: [TRAIN] Step: 777 ; Loss: 20.588 ; Acc: 51.178
2018-09-19 15:39:43,812:INFO: [TRAIN] Step: 778 ; Loss: 22.180 ; Acc: 51.193
2018-09-19 15:39:43,918:INFO: [TRAIN] Step: 779 ; Loss: 25.632 ; Acc: 51.197
2018-09-19 15:39:44,026:INFO: [TRAIN] Step: 780 ; Loss: 20.290 ; Acc: 51.211
2018-09-19 15:39:44,138:INFO: [TRAIN] Step: 781 ; Loss: 22.319 ; Acc: 51.199
2018-09-19 15:39:44,275:INFO: [TRAIN] Step: 782 ; Loss: 17.588 ; Acc: 51.203
2018-09-19 15:39:44,384:INFO: [TRAIN] Step: 783 ; Loss: 19.477 ; Acc: 51.228
2018-09-19 15:39:44,492:INFO: [TRAIN] Step: 784 ; Loss: 21.108 ; Acc: 51.226
2018-09-19 15:39:44,603:INFO: [TRAIN] Step: 785 ; Loss: 20.073 ; Acc: 51.251
2018-09-19 15:39:44,707:INFO: [TRAIN] Step: 786 ; Loss: 18.571 ; Acc: 51.260
2018-09-19 15:39:44,813:INFO: [TRAIN] Step: 787 ; Loss: 15.472 ; Acc: 51.290
2018-09-19 15:39:44,917:INFO: [TRAIN] Step: 788 ; Loss: 17.437 ; Acc: 51.299
2018-09-19 15:39:45,023:INFO: [TRAIN] Step: 789 ; Loss: 20.125 ; Acc: 51.297
2018-09-19 15:39:45,143:INFO: [TRAIN] Step: 790 ; Loss: 22.868 ; Acc: 51.301
2018-09-19 15:39:45,255:INFO: [TRAIN] Step: 791 ; Loss: 17.612 ; Acc: 51.331
2018-09-19 15:39:45,369:INFO: [TRAIN] Step: 792 ; Loss: 18.550 ; Acc: 51.356
2018-09-19 15:39:45,480:INFO: [TRAIN] Step: 793 ; Loss: 18.272 ; Acc: 51.364
2018-09-19 15:39:45,590:INFO: [TRAIN] Step: 794 ; Loss: 17.676 ; Acc: 51.378
2018-09-19 15:39:45,707:INFO: [TRAIN] Step: 795 ; Loss: 21.337 ; Acc: 51.382
2018-09-19 15:39:45,818:INFO: [TRAIN] Step: 796 ; Loss: 21.903 ; Acc: 51.391
2018-09-19 15:39:45,924:INFO: [TRAIN] Step: 797 ; Loss: 18.521 ; Acc: 51.410
2018-09-19 15:39:46,027:INFO: [TRAIN] Step: 798 ; Loss: 15.575 ; Acc: 51.439
2018-09-19 15:39:46,136:INFO: [TRAIN] Step: 799 ; Loss: 21.432 ; Acc: 51.438
2018-09-19 15:39:46,251:INFO: [TRAIN] Step: 800 ; Loss: 20.597 ; Acc: 51.457
2018-09-19 15:39:46,360:INFO: [TRAIN] Step: 801 ; Loss: 21.000 ; Acc: 51.460
2018-09-19 15:39:46,472:INFO: [TRAIN] Step: 802 ; Loss: 19.472 ; Acc: 51.474
2018-09-19 15:39:46,588:INFO: [TRAIN] Step: 803 ; Loss: 19.330 ; Acc: 51.482
2018-09-19 15:39:46,707:INFO: [TRAIN] Step: 804 ; Loss: 13.742 ; Acc: 51.522
2018-09-19 15:39:46,825:INFO: [TRAIN] Step: 805 ; Loss: 19.056 ; Acc: 51.530
2018-09-19 15:39:46,929:INFO: [TRAIN] Step: 806 ; Loss: 17.152 ; Acc: 51.549
2018-09-19 15:39:47,035:INFO: [TRAIN] Step: 807 ; Loss: 22.806 ; Acc: 51.557
2018-09-19 15:39:47,142:INFO: [TRAIN] Step: 808 ; Loss: 19.358 ; Acc: 51.581
2018-09-19 15:39:47,253:INFO: [TRAIN] Step: 809 ; Loss: 19.278 ; Acc: 51.584
2018-09-19 15:39:47,368:INFO: [TRAIN] Step: 810 ; Loss: 21.960 ; Acc: 51.593
2018-09-19 15:39:47,480:INFO: [TRAIN] Step: 811 ; Loss: 20.385 ; Acc: 51.591
2018-09-19 15:39:47,589:INFO: [TRAIN] Step: 812 ; Loss: 23.520 ; Acc: 51.584
2018-09-19 15:39:47,690:INFO: [TRAIN] Step: 813 ; Loss: 21.723 ; Acc: 51.607
2018-09-19 15:39:47,795:INFO: [TRAIN] Step: 814 ; Loss: 23.824 ; Acc: 51.585
2018-09-19 15:39:47,897:INFO: [TRAIN] Step: 815 ; Loss: 23.792 ; Acc: 51.573
2018-09-19 15:39:48,002:INFO: [TRAIN] Step: 816 ; Loss: 21.844 ; Acc: 51.581
2018-09-19 15:39:48,108:INFO: [TRAIN] Step: 817 ; Loss: 18.470 ; Acc: 51.599
2018-09-19 15:39:48,214:INFO: [TRAIN] Step: 818 ; Loss: 22.416 ; Acc: 51.613
2018-09-19 15:39:48,322:INFO: [TRAIN] Step: 819 ; Loss: 18.150 ; Acc: 51.606
2018-09-19 15:39:48,431:INFO: [TRAIN] Step: 820 ; Loss: 24.056 ; Acc: 51.594
2018-09-19 15:39:48,542:INFO: [TRAIN] Step: 821 ; Loss: 21.701 ; Acc: 51.597
2018-09-19 15:39:48,648:INFO: [TRAIN] Step: 822 ; Loss: 22.681 ; Acc: 51.605
2018-09-19 15:39:48,753:INFO: [TRAIN] Step: 823 ; Loss: 18.512 ; Acc: 51.623
2018-09-19 15:39:48,855:INFO: [TRAIN] Step: 824 ; Loss: 14.579 ; Acc: 51.646
2018-09-19 15:39:48,960:INFO: [TRAIN] Step: 825 ; Loss: 22.671 ; Acc: 51.655
2018-09-19 15:39:49,064:INFO: [TRAIN] Step: 826 ; Loss: 20.983 ; Acc: 51.642
2018-09-19 15:39:49,176:INFO: [TRAIN] Step: 827 ; Loss: 21.348 ; Acc: 51.646
2018-09-19 15:39:49,282:INFO: [TRAIN] Step: 828 ; Loss: 18.471 ; Acc: 51.649
2018-09-19 15:39:49,391:INFO: [TRAIN] Step: 829 ; Loss: 20.901 ; Acc: 51.667
2018-09-19 15:39:49,495:INFO: [TRAIN] Step: 830 ; Loss: 20.698 ; Acc: 51.680
2018-09-19 15:39:49,601:INFO: [TRAIN] Step: 831 ; Loss: 19.650 ; Acc: 51.698
2018-09-19 15:39:49,705:INFO: [TRAIN] Step: 832 ; Loss: 18.236 ; Acc: 51.726
2018-09-19 15:39:49,815:INFO: [TRAIN] Step: 833 ; Loss: 23.964 ; Acc: 51.709
2018-09-19 15:39:49,924:INFO: [TRAIN] Step: 834 ; Loss: 20.804 ; Acc: 51.707
2018-09-19 15:39:50,029:INFO: [TRAIN] Step: 835 ; Loss: 19.009 ; Acc: 51.700
2018-09-19 15:39:50,138:INFO: [TRAIN] Step: 836 ; Loss: 16.164 ; Acc: 51.712
2018-09-19 15:39:50,247:INFO: [TRAIN] Step: 837 ; Loss: 20.477 ; Acc: 51.735
2018-09-19 15:39:50,356:INFO: [TRAIN] Step: 838 ; Loss: 25.147 ; Acc: 51.733
2018-09-19 15:39:50,461:INFO: [TRAIN] Step: 839 ; Loss: 14.794 ; Acc: 51.761
2018-09-19 15:39:50,570:INFO: [TRAIN] Step: 840 ; Loss: 18.659 ; Acc: 51.774
2018-09-19 15:39:50,680:INFO: [TRAIN] Step: 841 ; Loss: 19.650 ; Acc: 51.786
2018-09-19 15:39:50,787:INFO: [TRAIN] Step: 842 ; Loss: 18.800 ; Acc: 51.799
2018-09-19 15:39:50,894:INFO: [TRAIN] Step: 843 ; Loss: 18.547 ; Acc: 51.812
2018-09-19 15:39:51,006:INFO: [TRAIN] Step: 844 ; Loss: 21.044 ; Acc: 51.820
2018-09-19 15:39:51,114:INFO: [TRAIN] Step: 845 ; Loss: 18.935 ; Acc: 51.832
2018-09-19 15:39:51,220:INFO: [TRAIN] Step: 846 ; Loss: 21.792 ; Acc: 51.840
2018-09-19 15:39:51,328:INFO: [TRAIN] Step: 847 ; Loss: 24.357 ; Acc: 51.847
2018-09-19 15:39:51,433:INFO: [TRAIN] Step: 848 ; Loss: 20.292 ; Acc: 51.870
2018-09-19 15:39:51,538:INFO: [TRAIN] Step: 849 ; Loss: 20.507 ; Acc: 51.877
2018-09-19 15:39:51,643:INFO: [TRAIN] Step: 850 ; Loss: 18.981 ; Acc: 51.880
2018-09-19 15:39:51,752:INFO: [TRAIN] Step: 851 ; Loss: 15.170 ; Acc: 51.893
2018-09-19 15:39:51,859:INFO: [TRAIN] Step: 852 ; Loss: 18.792 ; Acc: 51.900
2018-09-19 15:39:51,960:INFO: [TRAIN] Step: 853 ; Loss: 22.466 ; Acc: 51.893
2018-09-19 15:39:52,068:INFO: [TRAIN] Step: 854 ; Loss: 18.450 ; Acc: 51.881
2018-09-19 15:39:52,173:INFO: [TRAIN] Step: 855 ; Loss: 18.038 ; Acc: 51.889
2018-09-19 15:39:52,277:INFO: [TRAIN] Step: 856 ; Loss: 18.509 ; Acc: 51.901
2018-09-19 15:39:52,379:INFO: [TRAIN] Step: 857 ; Loss: 16.140 ; Acc: 51.913
2018-09-19 15:39:52,488:INFO: [TRAIN] Step: 858 ; Loss: 18.483 ; Acc: 51.931
2018-09-19 15:39:52,588:INFO: [TRAIN] Step: 859 ; Loss: 23.093 ; Acc: 51.938
2018-09-19 15:39:52,691:INFO: [TRAIN] Step: 860 ; Loss: 24.747 ; Acc: 51.941
2018-09-19 15:39:52,797:INFO: [TRAIN] Step: 861 ; Loss: 16.132 ; Acc: 51.962
2018-09-19 15:39:52,899:INFO: [TRAIN] Step: 862 ; Loss: 20.359 ; Acc: 51.989
2018-09-19 15:39:53,007:INFO: [TRAIN] Step: 863 ; Loss: 23.335 ; Acc: 51.992
2018-09-19 15:39:53,110:INFO: [TRAIN] Step: 864 ; Loss: 19.111 ; Acc: 51.985
2018-09-19 15:39:53,218:INFO: [TRAIN] Step: 865 ; Loss: 19.926 ; Acc: 51.992
2018-09-19 15:39:53,327:INFO: [TRAIN] Step: 866 ; Loss: 16.424 ; Acc: 52.028
2018-09-19 15:39:53,433:INFO: [TRAIN] Step: 867 ; Loss: 17.828 ; Acc: 52.045
2018-09-19 15:39:53,539:INFO: [TRAIN] Step: 868 ; Loss: 17.410 ; Acc: 52.067
2018-09-19 15:39:53,656:INFO: [TRAIN] Step: 869 ; Loss: 21.789 ; Acc: 52.074
2018-09-19 15:39:53,762:INFO: [TRAIN] Step: 870 ; Loss: 22.287 ; Acc: 52.071
2018-09-19 15:39:53,864:INFO: [TRAIN] Step: 871 ; Loss: 23.362 ; Acc: 52.083
2018-09-19 15:39:53,967:INFO: [TRAIN] Step: 872 ; Loss: 21.601 ; Acc: 52.086
2018-09-19 15:39:54,064:INFO: [TRAIN] Step: 873 ; Loss: 20.990 ; Acc: 52.088
2018-09-19 15:39:54,163:INFO: [TRAIN] Step: 874 ; Loss: 21.833 ; Acc: 52.076
2018-09-19 15:39:54,259:INFO: [TRAIN] Step: 875 ; Loss: 23.008 ; Acc: 52.074
2018-09-19 15:39:54,350:INFO: [TRAIN] Step: 876 ; Loss: 14.245 ; Acc: 52.095
2018-09-19 15:39:54,453:INFO: [TRAIN] Step: 877 ; Loss: 16.942 ; Acc: 52.131
2018-09-19 15:39:54,545:INFO: [TRAIN] Step: 878 ; Loss: 20.000 ; Acc: 52.133
2018-09-19 15:39:54,654:INFO: [TRAIN] Step: 879 ; Loss: 30.207 ; Acc: 52.116
2018-09-19 15:39:54,752:INFO: [TRAIN] Step: 880 ; Loss: 24.825 ; Acc: 52.114
2018-09-19 15:39:54,856:INFO: [TRAIN] Step: 881 ; Loss: 20.587 ; Acc: 52.121
2018-09-19 15:39:54,950:INFO: [TRAIN] Step: 882 ; Loss: 19.265 ; Acc: 52.128
2018-09-19 15:39:55,045:INFO: [TRAIN] Step: 883 ; Loss: 15.817 ; Acc: 52.140
2018-09-19 15:39:55,147:INFO: [TRAIN] Step: 884 ; Loss: 15.130 ; Acc: 52.156
2018-09-19 15:39:55,241:INFO: [TRAIN] Step: 885 ; Loss: 19.888 ; Acc: 52.159
2018-09-19 15:39:55,342:INFO: [TRAIN] Step: 886 ; Loss: 19.806 ; Acc: 52.175
2018-09-19 15:39:55,433:INFO: [TRAIN] Step: 887 ; Loss: 20.902 ; Acc: 52.177
2018-09-19 15:39:55,529:INFO: [TRAIN] Step: 888 ; Loss: 19.190 ; Acc: 52.203
2018-09-19 15:39:55,620:INFO: [TRAIN] Step: 889 ; Loss: 25.312 ; Acc: 52.205
2018-09-19 15:39:55,715:INFO: [TRAIN] Step: 890 ; Loss: 20.425 ; Acc: 52.207
2018-09-19 15:39:55,805:INFO: [TRAIN] Step: 891 ; Loss: 25.116 ; Acc: 52.214
2018-09-19 15:39:55,901:INFO: [TRAIN] Step: 892 ; Loss: 18.192 ; Acc: 52.226
2018-09-19 15:39:55,992:INFO: [TRAIN] Step: 893 ; Loss: 21.901 ; Acc: 52.223
2018-09-19 15:39:56,089:INFO: [TRAIN] Step: 894 ; Loss: 20.035 ; Acc: 52.225
2018-09-19 15:39:56,180:INFO: [TRAIN] Step: 895 ; Loss: 23.960 ; Acc: 52.214
2018-09-19 15:39:56,276:INFO: [TRAIN] Step: 896 ; Loss: 18.402 ; Acc: 52.220
2018-09-19 15:39:56,370:INFO: [TRAIN] Step: 897 ; Loss: 18.966 ; Acc: 52.241
2018-09-19 15:39:56,470:INFO: [TRAIN] Step: 898 ; Loss: 20.206 ; Acc: 52.243
2018-09-19 15:39:56,560:INFO: [TRAIN] Step: 899 ; Loss: 16.052 ; Acc: 52.250
2018-09-19 15:39:56,657:INFO: [TRAIN] Step: 900 ; Loss: 19.404 ; Acc: 52.266
2018-09-19 15:39:56,749:INFO: [TRAIN] Step: 901 ; Loss: 14.519 ; Acc: 52.287
2018-09-19 15:39:56,843:INFO: [TRAIN] Step: 902 ; Loss: 21.810 ; Acc: 52.298
2018-09-19 15:39:56,935:INFO: [TRAIN] Step: 903 ; Loss: 23.065 ; Acc: 52.295
2018-09-19 15:39:57,033:INFO: [TRAIN] Step: 904 ; Loss: 19.105 ; Acc: 52.307
2018-09-19 15:39:57,123:INFO: [TRAIN] Step: 905 ; Loss: 18.054 ; Acc: 52.309
2018-09-19 15:39:57,219:INFO: [TRAIN] Step: 906 ; Loss: 27.824 ; Acc: 52.297
2018-09-19 15:39:57,306:INFO: [TRAIN] Step: 907 ; Loss: 18.211 ; Acc: 52.313
2018-09-19 15:39:57,401:INFO: [TRAIN] Step: 908 ; Loss: 21.910 ; Acc: 52.324
2018-09-19 15:39:57,490:INFO: [TRAIN] Step: 909 ; Loss: 17.877 ; Acc: 52.340
2018-09-19 15:39:57,583:INFO: [TRAIN] Step: 910 ; Loss: 22.234 ; Acc: 52.333
2018-09-19 15:39:57,670:INFO: [TRAIN] Step: 911 ; Loss: 16.461 ; Acc: 52.348
2018-09-19 15:39:57,770:INFO: [TRAIN] Step: 912 ; Loss: 21.231 ; Acc: 52.359
2018-09-19 15:39:57,862:INFO: [TRAIN] Step: 913 ; Loss: 20.899 ; Acc: 52.371
2018-09-19 15:39:57,959:INFO: [TRAIN] Step: 914 ; Loss: 20.343 ; Acc: 52.377
2018-09-19 15:39:58,050:INFO: [TRAIN] Step: 915 ; Loss: 16.353 ; Acc: 52.384
2018-09-19 15:39:58,148:INFO: [TRAIN] Step: 916 ; Loss: 23.285 ; Acc: 52.385
2018-09-19 15:39:58,239:INFO: [TRAIN] Step: 917 ; Loss: 20.439 ; Acc: 52.383
2018-09-19 15:39:58,333:INFO: [TRAIN] Step: 918 ; Loss: 17.390 ; Acc: 52.408
2018-09-19 15:39:58,420:INFO: [TRAIN] Step: 919 ; Loss: 24.713 ; Acc: 52.400
2018-09-19 15:39:58,523:INFO: [TRAIN] Step: 920 ; Loss: 22.937 ; Acc: 52.398
2018-09-19 15:39:58,612:INFO: [TRAIN] Step: 921 ; Loss: 18.238 ; Acc: 52.395
2018-09-19 15:39:58,708:INFO: [TRAIN] Step: 922 ; Loss: 24.205 ; Acc: 52.388
2018-09-19 15:39:58,797:INFO: [TRAIN] Step: 923 ; Loss: 18.857 ; Acc: 52.390
2018-09-19 15:39:58,896:INFO: [TRAIN] Step: 924 ; Loss: 25.172 ; Acc: 52.396
2018-09-19 15:39:58,988:INFO: [TRAIN] Step: 925 ; Loss: 24.602 ; Acc: 52.398
2018-09-19 15:39:59,088:INFO: [TRAIN] Step: 926 ; Loss: 15.173 ; Acc: 52.400
2018-09-19 15:39:59,178:INFO: [TRAIN] Step: 927 ; Loss: 19.554 ; Acc: 52.411
2018-09-19 15:39:59,274:INFO: [TRAIN] Step: 928 ; Loss: 25.461 ; Acc: 52.391
2018-09-19 15:39:59,364:INFO: [TRAIN] Step: 929 ; Loss: 20.114 ; Acc: 52.397
2018-09-19 15:39:59,461:INFO: [TRAIN] Step: 930 ; Loss: 20.840 ; Acc: 52.417
2018-09-19 15:39:59,551:INFO: [TRAIN] Step: 931 ; Loss: 18.587 ; Acc: 52.419
2018-09-19 15:39:59,649:INFO: [TRAIN] Step: 932 ; Loss: 16.627 ; Acc: 52.429
2018-09-19 15:39:59,742:INFO: [TRAIN] Step: 933 ; Loss: 19.589 ; Acc: 52.440
2018-09-19 15:39:59,836:INFO: [TRAIN] Step: 934 ; Loss: 16.114 ; Acc: 52.469
2018-09-19 15:39:59,925:INFO: [TRAIN] Step: 935 ; Loss: 20.696 ; Acc: 52.471
2018-09-19 15:40:00,020:INFO: [TRAIN] Step: 936 ; Loss: 17.643 ; Acc: 52.481
2018-09-19 15:40:00,110:INFO: [TRAIN] Step: 937 ; Loss: 17.742 ; Acc: 52.492
2018-09-19 15:40:00,208:INFO: [TRAIN] Step: 938 ; Loss: 18.101 ; Acc: 52.512
2018-09-19 15:40:00,295:INFO: [TRAIN] Step: 939 ; Loss: 16.552 ; Acc: 52.535
2018-09-19 15:40:00,391:INFO: [TRAIN] Step: 940 ; Loss: 17.866 ; Acc: 52.550
2018-09-19 15:40:00,480:INFO: [TRAIN] Step: 941 ; Loss: 15.982 ; Acc: 52.565
2018-09-19 15:40:00,579:INFO: [TRAIN] Step: 942 ; Loss: 21.675 ; Acc: 52.576
2018-09-19 15:40:00,669:INFO: [TRAIN] Step: 943 ; Loss: 23.037 ; Acc: 52.560
2018-09-19 15:40:00,765:INFO: [TRAIN] Step: 944 ; Loss: 20.467 ; Acc: 52.562
2018-09-19 15:40:00,857:INFO: [TRAIN] Step: 945 ; Loss: 17.969 ; Acc: 52.577
2018-09-19 15:40:00,956:INFO: [TRAIN] Step: 946 ; Loss: 22.457 ; Acc: 52.583
2018-09-19 15:40:01,046:INFO: [TRAIN] Step: 947 ; Loss: 21.031 ; Acc: 52.593
2018-09-19 15:40:01,145:INFO: [TRAIN] Step: 948 ; Loss: 22.050 ; Acc: 52.595
2018-09-19 15:40:01,234:INFO: [TRAIN] Step: 949 ; Loss: 19.271 ; Acc: 52.592
2018-09-19 15:40:01,335:INFO: [TRAIN] Step: 950 ; Loss: 21.978 ; Acc: 52.603
2018-09-19 15:40:01,422:INFO: [TRAIN] Step: 951 ; Loss: 18.690 ; Acc: 52.609
2018-09-19 15:40:01,523:INFO: [TRAIN] Step: 952 ; Loss: 20.020 ; Acc: 52.623
2018-09-19 15:40:01,612:INFO: [TRAIN] Step: 953 ; Loss: 20.900 ; Acc: 52.621
2018-09-19 15:40:01,710:INFO: [TRAIN] Step: 954 ; Loss: 22.025 ; Acc: 52.627
2018-09-19 15:40:01,802:INFO: [TRAIN] Step: 955 ; Loss: 23.097 ; Acc: 52.619
2018-09-19 15:40:01,894:INFO: [TRAIN] Step: 956 ; Loss: 20.509 ; Acc: 52.621
2018-09-19 15:40:01,982:INFO: [TRAIN] Step: 957 ; Loss: 19.322 ; Acc: 52.631
2018-09-19 15:40:02,079:INFO: [TRAIN] Step: 958 ; Loss: 22.505 ; Acc: 52.633
2018-09-19 15:40:02,169:INFO: [TRAIN] Step: 959 ; Loss: 16.025 ; Acc: 52.635
2018-09-19 15:40:02,264:INFO: [TRAIN] Step: 960 ; Loss: 18.466 ; Acc: 52.627
2018-09-19 15:40:02,354:INFO: [TRAIN] Step: 961 ; Loss: 15.647 ; Acc: 52.642
2018-09-19 15:40:02,449:INFO: [TRAIN] Step: 962 ; Loss: 19.331 ; Acc: 52.644
2018-09-19 15:40:02,546:INFO: [TRAIN] Step: 963 ; Loss: 19.849 ; Acc: 52.663
2018-09-19 15:40:02,641:INFO: [TRAIN] Step: 964 ; Loss: 22.021 ; Acc: 52.655
2018-09-19 15:40:02,733:INFO: [TRAIN] Step: 965 ; Loss: 16.950 ; Acc: 52.666
2018-09-19 15:40:02,833:INFO: [TRAIN] Step: 966 ; Loss: 18.935 ; Acc: 52.663
2018-09-19 15:40:02,924:INFO: [TRAIN] Step: 967 ; Loss: 17.166 ; Acc: 52.682
2018-09-19 15:40:03,025:INFO: [TRAIN] Step: 968 ; Loss: 17.742 ; Acc: 52.700
2018-09-19 15:40:03,114:INFO: [TRAIN] Step: 969 ; Loss: 16.161 ; Acc: 52.715
2018-09-19 15:40:03,213:INFO: [TRAIN] Step: 970 ; Loss: 20.532 ; Acc: 52.725
2018-09-19 15:40:03,307:INFO: [TRAIN] Step: 971 ; Loss: 17.635 ; Acc: 52.718
2018-09-19 15:40:03,403:INFO: [TRAIN] Step: 972 ; Loss: 16.691 ; Acc: 52.728
2018-09-19 15:40:03,492:INFO: [TRAIN] Step: 973 ; Loss: 21.058 ; Acc: 52.729
2018-09-19 15:40:03,593:INFO: [TRAIN] Step: 974 ; Loss: 20.769 ; Acc: 52.735
2018-09-19 15:40:03,685:INFO: [TRAIN] Step: 975 ; Loss: 19.455 ; Acc: 52.728
2018-09-19 15:40:03,780:INFO: [TRAIN] Step: 976 ; Loss: 14.802 ; Acc: 52.747
2018-09-19 15:40:03,872:INFO: [TRAIN] Step: 977 ; Loss: 16.398 ; Acc: 52.748
2018-09-19 15:40:03,968:INFO: [TRAIN] Step: 978 ; Loss: 20.027 ; Acc: 52.749
2018-09-19 15:40:04,062:INFO: [TRAIN] Step: 979 ; Loss: 20.105 ; Acc: 52.742
2018-09-19 15:40:04,157:INFO: [TRAIN] Step: 980 ; Loss: 17.790 ; Acc: 52.761
2018-09-19 15:40:04,247:INFO: [TRAIN] Step: 981 ; Loss: 14.727 ; Acc: 52.775
2018-09-19 15:40:04,344:INFO: [TRAIN] Step: 982 ; Loss: 14.912 ; Acc: 52.781
2018-09-19 15:40:04,436:INFO: [TRAIN] Step: 983 ; Loss: 22.807 ; Acc: 52.774
2018-09-19 15:40:04,535:INFO: [TRAIN] Step: 984 ; Loss: 15.473 ; Acc: 52.800
2018-09-19 15:40:04,625:INFO: [TRAIN] Step: 985 ; Loss: 22.073 ; Acc: 52.810
2018-09-19 15:40:04,720:INFO: [TRAIN] Step: 986 ; Loss: 17.933 ; Acc: 52.837
2018-09-19 15:40:04,811:INFO: [TRAIN] Step: 987 ; Loss: 16.124 ; Acc: 52.842
2018-09-19 15:40:04,906:INFO: [TRAIN] Step: 988 ; Loss: 19.420 ; Acc: 52.848
2018-09-19 15:40:04,997:INFO: [TRAIN] Step: 989 ; Loss: 18.916 ; Acc: 52.866
2018-09-19 15:40:05,100:INFO: [TRAIN] Step: 990 ; Loss: 15.766 ; Acc: 52.872
2018-09-19 15:40:05,215:INFO: [TRAIN] Step: 991 ; Loss: 15.092 ; Acc: 52.886
2018-09-19 15:40:05,311:INFO: [TRAIN] Step: 992 ; Loss: 17.882 ; Acc: 52.904
2018-09-19 15:40:05,400:INFO: [TRAIN] Step: 993 ; Loss: 22.187 ; Acc: 52.901
2018-09-19 15:40:05,500:INFO: [TRAIN] Step: 994 ; Loss: 18.679 ; Acc: 52.902
2018-09-19 15:40:05,590:INFO: [TRAIN] Step: 995 ; Loss: 19.051 ; Acc: 52.903
2018-09-19 15:40:05,685:INFO: [TRAIN] Step: 996 ; Loss: 17.518 ; Acc: 52.913
2018-09-19 15:40:05,778:INFO: [TRAIN] Step: 997 ; Loss: 23.621 ; Acc: 52.910
2018-09-19 15:40:05,877:INFO: [TRAIN] Step: 998 ; Loss: 22.125 ; Acc: 52.911
2018-09-19 15:40:05,967:INFO: [TRAIN] Step: 999 ; Loss: 19.380 ; Acc: 52.904
2018-09-19 15:40:06,063:INFO: [TRAIN] Step: 1000 ; Loss: 20.022 ; Acc: 52.910
2018-09-19 15:40:06,154:INFO: [TRAIN] Step: 1001 ; Loss: 20.572 ; Acc: 52.911
2018-09-19 15:40:06,255:INFO: [TRAIN] Step: 1002 ; Loss: 21.014 ; Acc: 52.920
2018-09-19 15:40:06,347:INFO: [TRAIN] Step: 1003 ; Loss: 20.881 ; Acc: 52.930
2018-09-19 15:40:06,444:INFO: [TRAIN] Step: 1004 ; Loss: 18.129 ; Acc: 52.944
2018-09-19 15:40:06,536:INFO: [TRAIN] Step: 1005 ; Loss: 17.971 ; Acc: 52.949
2018-09-19 15:40:06,630:INFO: [TRAIN] Step: 1006 ; Loss: 21.162 ; Acc: 52.954
2018-09-19 15:40:06,726:INFO: [TRAIN] Step: 1007 ; Loss: 24.430 ; Acc: 52.939
2018-09-19 15:40:06,850:INFO: [TRAIN] Step: 1008 ; Loss: 18.347 ; Acc: 52.944
2018-09-19 15:40:06,940:INFO: [TRAIN] Step: 1009 ; Loss: 18.327 ; Acc: 52.950
2018-09-19 15:40:07,053:INFO: [TRAIN] Step: 1010 ; Loss: 20.048 ; Acc: 52.959
2018-09-19 15:40:07,151:INFO: [TRAIN] Step: 1011 ; Loss: 18.586 ; Acc: 52.969
2018-09-19 15:40:07,272:INFO: [TRAIN] Step: 1012 ; Loss: 19.584 ; Acc: 52.970
2018-09-19 15:40:07,371:INFO: [TRAIN] Step: 1013 ; Loss: 22.994 ; Acc: 52.963
2018-09-19 15:40:07,461:INFO: [TRAIN] Step: 1014 ; Loss: 16.818 ; Acc: 52.972
2018-09-19 15:40:07,563:INFO: [TRAIN] Step: 1015 ; Loss: 22.899 ; Acc: 52.977
2018-09-19 15:40:07,658:INFO: [TRAIN] Step: 1016 ; Loss: 15.295 ; Acc: 53.003
2018-09-19 15:40:07,753:INFO: [TRAIN] Step: 1017 ; Loss: 23.717 ; Acc: 53.004
2018-09-19 15:40:07,867:INFO: [TRAIN] Step: 1018 ; Loss: 18.902 ; Acc: 53.005
2018-09-19 15:40:07,958:INFO: [TRAIN] Step: 1019 ; Loss: 22.816 ; Acc: 53.007
2018-09-19 15:40:08,062:INFO: [TRAIN] Step: 1020 ; Loss: 17.345 ; Acc: 53.020
2018-09-19 15:40:08,156:INFO: [TRAIN] Step: 1021 ; Loss: 14.707 ; Acc: 53.037
2018-09-19 15:40:08,258:INFO: [TRAIN] Step: 1022 ; Loss: 20.503 ; Acc: 53.038
2018-09-19 15:40:08,361:INFO: [TRAIN] Step: 1023 ; Loss: 17.321 ; Acc: 53.060
2018-09-19 15:40:08,457:INFO: [TRAIN] Step: 1024 ; Loss: 17.578 ; Acc: 53.061
2018-09-19 15:40:08,550:INFO: [TRAIN] Step: 1025 ; Loss: 21.686 ; Acc: 53.066
2018-09-19 15:40:08,647:INFO: [TRAIN] Step: 1026 ; Loss: 22.392 ; Acc: 53.063
2018-09-19 15:40:08,743:INFO: [TRAIN] Step: 1027 ; Loss: 16.939 ; Acc: 53.080
2018-09-19 15:40:08,864:INFO: [TRAIN] Step: 1028 ; Loss: 20.738 ; Acc: 53.090
2018-09-19 15:40:08,961:INFO: [TRAIN] Step: 1029 ; Loss: 21.057 ; Acc: 53.091
2018-09-19 15:40:09,066:INFO: [TRAIN] Step: 1030 ; Loss: 27.271 ; Acc: 53.075
2018-09-19 15:40:09,165:INFO: [TRAIN] Step: 1031 ; Loss: 19.173 ; Acc: 53.077
2018-09-19 15:40:09,272:INFO: [TRAIN] Step: 1032 ; Loss: 14.658 ; Acc: 53.098
2018-09-19 15:40:09,391:INFO: [TRAIN] Step: 1033 ; Loss: 20.648 ; Acc: 53.107
2018-09-19 15:40:09,501:INFO: [TRAIN] Step: 1034 ; Loss: 14.687 ; Acc: 53.128
2018-09-19 15:40:09,613:INFO: [TRAIN] Step: 1035 ; Loss: 21.572 ; Acc: 53.125
2018-09-19 15:40:09,721:INFO: [TRAIN] Step: 1036 ; Loss: 19.470 ; Acc: 53.138
2018-09-19 15:40:09,811:INFO: [TRAIN] Step: 1037 ; Loss: 29.829 ; Acc: 53.123
2018-09-19 15:40:09,900:INFO: [TRAIN] Step: 1038 ; Loss: 20.222 ; Acc: 53.124
2018-09-19 15:40:10,000:INFO: [TRAIN] Step: 1039 ; Loss: 17.472 ; Acc: 53.121
2018-09-19 15:40:10,088:INFO: [TRAIN] Step: 1040 ; Loss: 19.313 ; Acc: 53.110
2018-09-19 15:40:10,184:INFO: [TRAIN] Step: 1041 ; Loss: 21.524 ; Acc: 53.127
2018-09-19 15:40:10,273:INFO: [TRAIN] Step: 1042 ; Loss: 16.109 ; Acc: 53.140
2018-09-19 15:40:10,372:INFO: [TRAIN] Step: 1043 ; Loss: 15.724 ; Acc: 53.161
2018-09-19 15:40:10,461:INFO: [TRAIN] Step: 1044 ; Loss: 19.208 ; Acc: 53.174
2018-09-19 15:40:10,564:INFO: [TRAIN] Step: 1045 ; Loss: 16.857 ; Acc: 53.187
2018-09-19 15:40:10,659:INFO: [TRAIN] Step: 1046 ; Loss: 19.695 ; Acc: 53.176
2018-09-19 15:40:10,759:INFO: [TRAIN] Step: 1047 ; Loss: 15.508 ; Acc: 53.189
2018-09-19 15:40:10,850:INFO: [TRAIN] Step: 1048 ; Loss: 17.827 ; Acc: 53.186
2018-09-19 15:40:10,942:INFO: [TRAIN] Step: 1049 ; Loss: 19.505 ; Acc: 53.187
2018-09-19 15:40:11,041:INFO: [TRAIN] Step: 1050 ; Loss: 18.221 ; Acc: 53.187
2018-09-19 15:40:11,141:INFO: [TRAIN] Step: 1051 ; Loss: 18.939 ; Acc: 53.188
2018-09-19 15:40:11,230:INFO: [TRAIN] Step: 1052 ; Loss: 16.279 ; Acc: 53.201
2018-09-19 15:40:11,327:INFO: [TRAIN] Step: 1053 ; Loss: 18.344 ; Acc: 53.206
2018-09-19 15:40:11,415:INFO: [TRAIN] Step: 1054 ; Loss: 17.202 ; Acc: 53.207
2018-09-19 15:40:11,518:INFO: [TRAIN] Step: 1055 ; Loss: 16.188 ; Acc: 53.216
2018-09-19 15:40:11,613:INFO: [TRAIN] Step: 1056 ; Loss: 13.166 ; Acc: 53.240
2018-09-19 15:40:11,715:INFO: [TRAIN] Step: 1057 ; Loss: 18.488 ; Acc: 53.249
2018-09-19 15:40:11,806:INFO: [TRAIN] Step: 1058 ; Loss: 14.960 ; Acc: 53.266
2018-09-19 15:40:11,906:INFO: [TRAIN] Step: 1059 ; Loss: 16.643 ; Acc: 53.282
2018-09-19 15:40:11,997:INFO: [TRAIN] Step: 1060 ; Loss: 14.449 ; Acc: 53.295
2018-09-19 15:40:12,097:INFO: [TRAIN] Step: 1061 ; Loss: 15.230 ; Acc: 53.296
2018-09-19 15:40:12,188:INFO: [TRAIN] Step: 1062 ; Loss: 19.379 ; Acc: 53.293
2018-09-19 15:40:12,283:INFO: [TRAIN] Step: 1063 ; Loss: 21.352 ; Acc: 53.286
2018-09-19 15:40:12,375:INFO: [TRAIN] Step: 1064 ; Loss: 21.690 ; Acc: 53.275
2018-09-19 15:40:12,470:INFO: [TRAIN] Step: 1065 ; Loss: 15.679 ; Acc: 53.291
2018-09-19 15:40:12,565:INFO: [TRAIN] Step: 1066 ; Loss: 24.673 ; Acc: 53.284
2018-09-19 15:40:12,661:INFO: [TRAIN] Step: 1067 ; Loss: 22.087 ; Acc: 53.293
2018-09-19 15:40:12,752:INFO: [TRAIN] Step: 1068 ; Loss: 19.178 ; Acc: 53.301
2018-09-19 15:40:12,852:INFO: [TRAIN] Step: 1069 ; Loss: 17.194 ; Acc: 53.318
2018-09-19 15:40:12,942:INFO: [TRAIN] Step: 1070 ; Loss: 22.911 ; Acc: 53.319
2018-09-19 15:40:13,039:INFO: [TRAIN] Step: 1071 ; Loss: 21.074 ; Acc: 53.319
2018-09-19 15:40:13,130:INFO: [TRAIN] Step: 1072 ; Loss: 15.928 ; Acc: 53.336
2018-09-19 15:40:13,228:INFO: [TRAIN] Step: 1073 ; Loss: 22.616 ; Acc: 53.333
2018-09-19 15:40:13,325:INFO: [TRAIN] Step: 1074 ; Loss: 14.133 ; Acc: 53.353
2018-09-19 15:40:13,425:INFO: [TRAIN] Step: 1075 ; Loss: 22.147 ; Acc: 53.350
2018-09-19 15:40:13,513:INFO: [TRAIN] Step: 1076 ; Loss: 20.893 ; Acc: 53.354
2018-09-19 15:40:13,614:INFO: [TRAIN] Step: 1077 ; Loss: 19.332 ; Acc: 53.343
2018-09-19 15:40:13,706:INFO: [TRAIN] Step: 1078 ; Loss: 19.353 ; Acc: 53.333
2018-09-19 15:40:13,804:INFO: [TRAIN] Step: 1079 ; Loss: 15.424 ; Acc: 53.341
2018-09-19 15:40:13,896:INFO: [TRAIN] Step: 1080 ; Loss: 30.091 ; Acc: 53.330
2018-09-19 15:40:13,990:INFO: [TRAIN] Step: 1081 ; Loss: 18.439 ; Acc: 53.343
2018-09-19 15:40:14,081:INFO: [TRAIN] Step: 1082 ; Loss: 18.487 ; Acc: 53.363
2018-09-19 15:40:14,182:INFO: [TRAIN] Step: 1083 ; Loss: 17.362 ; Acc: 53.383
2018-09-19 15:40:14,270:INFO: [TRAIN] Step: 1084 ; Loss: 22.239 ; Acc: 53.387
2018-09-19 15:40:14,369:INFO: [TRAIN] Step: 1085 ; Loss: 21.519 ; Acc: 53.392
2018-09-19 15:40:14,461:INFO: [TRAIN] Step: 1086 ; Loss: 22.090 ; Acc: 53.385
2018-09-19 15:40:14,559:INFO: [TRAIN] Step: 1087 ; Loss: 12.811 ; Acc: 53.405
2018-09-19 15:40:14,650:INFO: [TRAIN] Step: 1088 ; Loss: 20.468 ; Acc: 53.413
2018-09-19 15:40:14,749:INFO: [TRAIN] Step: 1089 ; Loss: 15.904 ; Acc: 53.429
2018-09-19 15:40:14,837:INFO: [TRAIN] Step: 1090 ; Loss: 14.056 ; Acc: 53.445
2018-09-19 15:40:14,936:INFO: [TRAIN] Step: 1091 ; Loss: 22.945 ; Acc: 53.438
2018-09-19 15:40:15,026:INFO: [TRAIN] Step: 1092 ; Loss: 17.731 ; Acc: 53.461
2018-09-19 15:40:15,132:INFO: [TRAIN] Step: 1093 ; Loss: 18.895 ; Acc: 53.462
2018-09-19 15:40:15,225:INFO: [TRAIN] Step: 1094 ; Loss: 18.898 ; Acc: 53.467
2018-09-19 15:40:15,326:INFO: [TRAIN] Step: 1095 ; Loss: 14.060 ; Acc: 53.482
2018-09-19 15:40:15,414:INFO: [TRAIN] Step: 1096 ; Loss: 17.747 ; Acc: 53.494
2018-09-19 15:40:15,514:INFO: [TRAIN] Step: 1097 ; Loss: 13.302 ; Acc: 53.499
2018-09-19 15:40:15,603:INFO: [TRAIN] Step: 1098 ; Loss: 18.870 ; Acc: 53.518
2018-09-19 15:40:15,708:INFO: [TRAIN] Step: 1099 ; Loss: 18.589 ; Acc: 53.538
2018-09-19 15:40:15,800:INFO: [TRAIN] Step: 1100 ; Loss: 26.368 ; Acc: 53.516
2018-09-19 15:40:15,901:INFO: [TRAIN] Step: 1101 ; Loss: 17.550 ; Acc: 53.531
2018-09-19 15:40:15,995:INFO: [TRAIN] Step: 1102 ; Loss: 16.500 ; Acc: 53.536
2018-09-19 15:40:16,091:INFO: [TRAIN] Step: 1103 ; Loss: 16.056 ; Acc: 53.555
2018-09-19 15:40:16,183:INFO: [TRAIN] Step: 1104 ; Loss: 17.409 ; Acc: 53.556
2018-09-19 15:40:16,281:INFO: [TRAIN] Step: 1105 ; Loss: 17.980 ; Acc: 53.568
2018-09-19 15:40:16,378:INFO: [TRAIN] Step: 1106 ; Loss: 12.509 ; Acc: 53.587
2018-09-19 15:40:16,476:INFO: [TRAIN] Step: 1107 ; Loss: 18.030 ; Acc: 53.603
2018-09-19 15:40:16,571:INFO: [TRAIN] Step: 1108 ; Loss: 20.187 ; Acc: 53.603
2018-09-19 15:40:16,674:INFO: [TRAIN] Step: 1109 ; Loss: 20.619 ; Acc: 53.619
2018-09-19 15:40:16,765:INFO: [TRAIN] Step: 1110 ; Loss: 20.181 ; Acc: 53.630
2018-09-19 15:40:16,869:INFO: [TRAIN] Step: 1111 ; Loss: 19.062 ; Acc: 53.642
2018-09-19 15:40:16,958:INFO: [TRAIN] Step: 1112 ; Loss: 22.883 ; Acc: 53.631
2018-09-19 15:40:17,056:INFO: [TRAIN] Step: 1113 ; Loss: 16.957 ; Acc: 53.651
2018-09-19 15:40:17,146:INFO: [TRAIN] Step: 1114 ; Loss: 18.355 ; Acc: 53.658
2018-09-19 15:40:17,251:INFO: [TRAIN] Step: 1115 ; Loss: 15.882 ; Acc: 53.659
2018-09-19 15:40:17,341:INFO: [TRAIN] Step: 1116 ; Loss: 17.328 ; Acc: 53.659
2018-09-19 15:40:17,437:INFO: [TRAIN] Step: 1117 ; Loss: 17.559 ; Acc: 53.660
2018-09-19 15:40:17,535:INFO: [TRAIN] Step: 1118 ; Loss: 19.537 ; Acc: 53.668
2018-09-19 15:40:17,642:INFO: [TRAIN] Step: 1119 ; Loss: 18.092 ; Acc: 53.676
2018-09-19 15:40:17,736:INFO: [TRAIN] Step: 1120 ; Loss: 17.595 ; Acc: 53.680
2018-09-19 15:40:17,838:INFO: [TRAIN] Step: 1121 ; Loss: 22.167 ; Acc: 53.673
2018-09-19 15:40:17,928:INFO: [TRAIN] Step: 1122 ; Loss: 24.890 ; Acc: 53.673
2018-09-19 15:40:18,026:INFO: [TRAIN] Step: 1123 ; Loss: 19.062 ; Acc: 53.670
2018-09-19 15:40:18,116:INFO: [TRAIN] Step: 1124 ; Loss: 18.638 ; Acc: 53.670
2018-09-19 15:40:18,218:INFO: [TRAIN] Step: 1125 ; Loss: 17.199 ; Acc: 53.682
2018-09-19 15:40:18,310:INFO: [TRAIN] Step: 1126 ; Loss: 19.545 ; Acc: 53.693
2018-09-19 15:40:18,407:INFO: [TRAIN] Step: 1127 ; Loss: 24.045 ; Acc: 53.701
2018-09-19 15:40:18,495:INFO: [TRAIN] Step: 1128 ; Loss: 18.310 ; Acc: 53.705
2018-09-19 15:40:18,591:INFO: [TRAIN] Step: 1129 ; Loss: 22.146 ; Acc: 53.706
2018-09-19 15:40:18,684:INFO: [TRAIN] Step: 1130 ; Loss: 18.974 ; Acc: 53.725
2018-09-19 15:40:18,787:INFO: [TRAIN] Step: 1131 ; Loss: 18.291 ; Acc: 53.732
2018-09-19 15:40:18,880:INFO: [TRAIN] Step: 1132 ; Loss: 20.314 ; Acc: 53.729
2018-09-19 15:40:18,983:INFO: [TRAIN] Step: 1133 ; Loss: 19.664 ; Acc: 53.733
2018-09-19 15:40:19,080:INFO: [TRAIN] Step: 1134 ; Loss: 16.559 ; Acc: 53.752
2018-09-19 15:40:19,185:INFO: [TRAIN] Step: 1135 ; Loss: 15.253 ; Acc: 53.767
2018-09-19 15:40:19,280:INFO: [TRAIN] Step: 1136 ; Loss: 19.825 ; Acc: 53.786
2018-09-19 15:40:19,377:INFO: [TRAIN] Step: 1137 ; Loss: 17.204 ; Acc: 53.797
2018-09-19 15:40:19,468:INFO: [TRAIN] Step: 1138 ; Loss: 17.000 ; Acc: 53.805
2018-09-19 15:40:19,564:INFO: [TRAIN] Step: 1139 ; Loss: 17.577 ; Acc: 53.816
2018-09-19 15:40:19,657:INFO: [TRAIN] Step: 1140 ; Loss: 16.033 ; Acc: 53.827
2018-09-19 15:40:19,757:INFO: [TRAIN] Step: 1141 ; Loss: 15.827 ; Acc: 53.838
2018-09-19 15:40:19,851:INFO: [TRAIN] Step: 1142 ; Loss: 19.437 ; Acc: 53.850
2018-09-19 15:40:19,954:INFO: [TRAIN] Step: 1143 ; Loss: 15.380 ; Acc: 53.868
2018-09-19 15:40:20,046:INFO: [TRAIN] Step: 1144 ; Loss: 15.287 ; Acc: 53.883
2018-09-19 15:40:20,144:INFO: [TRAIN] Step: 1145 ; Loss: 19.349 ; Acc: 53.890
2018-09-19 15:40:20,235:INFO: [TRAIN] Step: 1146 ; Loss: 16.580 ; Acc: 53.909
2018-09-19 15:40:20,331:INFO: [TRAIN] Step: 1147 ; Loss: 15.162 ; Acc: 53.931
2018-09-19 15:40:20,425:INFO: [TRAIN] Step: 1148 ; Loss: 14.501 ; Acc: 53.942
2018-09-19 15:40:20,520:INFO: [TRAIN] Step: 1149 ; Loss: 18.564 ; Acc: 53.953
2018-09-19 15:40:20,607:INFO: [TRAIN] Step: 1150 ; Loss: 13.123 ; Acc: 53.968
2018-09-19 15:40:20,704:INFO: [TRAIN] Step: 1151 ; Loss: 14.594 ; Acc: 53.975
2018-09-19 15:40:20,794:INFO: [TRAIN] Step: 1152 ; Loss: 16.689 ; Acc: 53.982
2018-09-19 15:40:20,894:INFO: [TRAIN] Step: 1153 ; Loss: 14.651 ; Acc: 53.993
2018-09-19 15:40:20,985:INFO: [TRAIN] Step: 1154 ; Loss: 20.280 ; Acc: 53.997
2018-09-19 15:40:21,082:INFO: [TRAIN] Step: 1155 ; Loss: 15.000 ; Acc: 54.012
2018-09-19 15:40:21,175:INFO: [TRAIN] Step: 1156 ; Loss: 23.719 ; Acc: 54.005
2018-09-19 15:40:21,276:INFO: [TRAIN] Step: 1157 ; Loss: 19.426 ; Acc: 54.005
2018-09-19 15:40:21,370:INFO: [TRAIN] Step: 1158 ; Loss: 20.198 ; Acc: 54.005
2018-09-19 15:40:21,472:INFO: [TRAIN] Step: 1159 ; Loss: 15.261 ; Acc: 54.019
2018-09-19 15:40:21,564:INFO: [TRAIN] Step: 1160 ; Loss: 14.571 ; Acc: 54.030
2018-09-19 15:40:21,664:INFO: [TRAIN] Step: 1161 ; Loss: 15.934 ; Acc: 54.045
2018-09-19 15:40:21,755:INFO: [TRAIN] Step: 1162 ; Loss: 17.633 ; Acc: 54.063
2018-09-19 15:40:21,858:INFO: [TRAIN] Step: 1163 ; Loss: 20.310 ; Acc: 54.059
2018-09-19 15:40:21,948:INFO: [TRAIN] Step: 1164 ; Loss: 19.681 ; Acc: 54.063
2018-09-19 15:40:22,050:INFO: [TRAIN] Step: 1165 ; Loss: 18.168 ; Acc: 54.059
2018-09-19 15:40:22,142:INFO: [TRAIN] Step: 1166 ; Loss: 20.596 ; Acc: 54.049
2018-09-19 15:40:22,241:INFO: [TRAIN] Step: 1167 ; Loss: 20.662 ; Acc: 54.045
2018-09-19 15:40:22,333:INFO: [TRAIN] Step: 1168 ; Loss: 19.419 ; Acc: 54.042
2018-09-19 15:40:22,430:INFO: [TRAIN] Step: 1169 ; Loss: 18.361 ; Acc: 54.046
2018-09-19 15:40:22,524:INFO: [TRAIN] Step: 1170 ; Loss: 16.802 ; Acc: 54.042
2018-09-19 15:40:22,631:INFO: [TRAIN] Step: 1171 ; Loss: 16.953 ; Acc: 54.049
2018-09-19 15:40:22,722:INFO: [TRAIN] Step: 1172 ; Loss: 19.859 ; Acc: 54.049
2018-09-19 15:40:22,820:INFO: [TRAIN] Step: 1173 ; Loss: 23.504 ; Acc: 54.050
2018-09-19 15:40:22,913:INFO: [TRAIN] Step: 1174 ; Loss: 17.594 ; Acc: 54.067
2018-09-19 15:40:23,009:INFO: [TRAIN] Step: 1175 ; Loss: 19.990 ; Acc: 54.071
2018-09-19 15:40:23,100:INFO: [TRAIN] Step: 1176 ; Loss: 11.995 ; Acc: 54.089
2018-09-19 15:40:23,199:INFO: [TRAIN] Step: 1177 ; Loss: 17.717 ; Acc: 54.096
2018-09-19 15:40:23,288:INFO: [TRAIN] Step: 1178 ; Loss: 23.835 ; Acc: 54.100
2018-09-19 15:40:23,388:INFO: [TRAIN] Step: 1179 ; Loss: 15.542 ; Acc: 54.100
2018-09-19 15:40:23,483:INFO: [TRAIN] Step: 1180 ; Loss: 16.599 ; Acc: 54.117
2018-09-19 15:40:23,582:INFO: [TRAIN] Step: 1181 ; Loss: 13.986 ; Acc: 54.131
2018-09-19 15:40:23,670:INFO: [TRAIN] Step: 1182 ; Loss: 17.089 ; Acc: 54.135
2018-09-19 15:40:23,768:INFO: [TRAIN] Step: 1183 ; Loss: 18.458 ; Acc: 54.135
2018-09-19 15:40:23,858:INFO: [TRAIN] Step: 1184 ; Loss: 13.639 ; Acc: 54.146
2018-09-19 15:40:23,958:INFO: [TRAIN] Step: 1185 ; Loss: 15.111 ; Acc: 54.149
2018-09-19 15:40:24,048:INFO: [TRAIN] Step: 1186 ; Loss: 18.228 ; Acc: 54.156
2018-09-19 15:40:24,144:INFO: [TRAIN] Step: 1187 ; Loss: 20.466 ; Acc: 54.153
2018-09-19 15:40:24,237:INFO: [TRAIN] Step: 1188 ; Loss: 18.765 ; Acc: 54.160
2018-09-19 15:40:24,337:INFO: [TRAIN] Step: 1189 ; Loss: 21.752 ; Acc: 54.160
2018-09-19 15:40:29,678:INFO: [EVAL] Step: 1190 ; Loss: 0.195 ; Acc: 0.615
