2018-09-19 13:59:10,126:INFO: ### Model ###
LeNet5(
  (convnet): Sequential(
    (0): Conv2d(1, 6, kernel_size=(5, 5), stride=(1, 1))
    (1): ReLU()
    (2): MaxPool2d(kernel_size=(2, 2), stride=2, padding=0, dilation=1, ceil_mode=False)
    (3): Conv2d(6, 16, kernel_size=(5, 5), stride=(1, 1))
    (4): ReLU()
    (5): MaxPool2d(kernel_size=(2, 2), stride=2, padding=0, dilation=1, ceil_mode=False)
    (6): Conv2d(16, 120, kernel_size=(5, 5), stride=(1, 1))
    (7): ReLU()
    (8): Conv2d(120, 240, kernel_size=(5, 5), stride=(1, 1))
    (9): ReLU()
  )
  (fc): Sequential(
    (0): Linear(in_features=240, out_features=84, bias=True)
    (1): ReLU()
    (2): Linear(in_features=84, out_features=10, bias=True)
  )
)
2018-09-19 13:59:10,127:INFO: ### Optimizer ###
Adam (
Parameter Group 0
    amsgrad: False
    betas: (0.9, 0.999)
    eps: 1e-08
    lr: 5e-06
    weight_decay: 0
)
2018-09-19 13:59:10,127:INFO: ### HParams ###
n_epochs: 1 ; data: ferplus ; label: ferplus_votes ; batch_size: 24 ; lr: 5e-06 ; wd: 0 ; eval_steps: 1190
2018-09-19 13:59:10,299:INFO: [TRAIN] Step: 0 ; Loss: 41.021 ; Acc: 4.167
2018-09-19 13:59:10,376:INFO: [TRAIN] Step: 1 ; Loss: 38.328 ; Acc: 8.333
2018-09-19 13:59:10,451:INFO: [TRAIN] Step: 2 ; Loss: 36.676 ; Acc: 8.333
2018-09-19 13:59:10,541:INFO: [TRAIN] Step: 3 ; Loss: 38.236 ; Acc: 9.375
2018-09-19 13:59:10,621:INFO: [TRAIN] Step: 4 ; Loss: 41.800 ; Acc: 9.167
2018-09-19 13:59:10,707:INFO: [TRAIN] Step: 5 ; Loss: 42.148 ; Acc: 11.111
2018-09-19 13:59:10,780:INFO: [TRAIN] Step: 6 ; Loss: 41.598 ; Acc: 13.095
2018-09-19 13:59:10,859:INFO: [TRAIN] Step: 7 ; Loss: 40.619 ; Acc: 13.542
2018-09-19 13:59:10,934:INFO: [TRAIN] Step: 8 ; Loss: 38.438 ; Acc: 12.963
2018-09-19 13:59:11,014:INFO: [TRAIN] Step: 9 ; Loss: 43.204 ; Acc: 13.750
2018-09-19 13:59:11,087:INFO: [TRAIN] Step: 10 ; Loss: 39.656 ; Acc: 13.636
2018-09-19 13:59:11,170:INFO: [TRAIN] Step: 11 ; Loss: 39.092 ; Acc: 13.889
2018-09-19 13:59:11,242:INFO: [TRAIN] Step: 12 ; Loss: 40.393 ; Acc: 14.744
2018-09-19 13:59:11,324:INFO: [TRAIN] Step: 13 ; Loss: 37.226 ; Acc: 14.583
2018-09-19 13:59:11,402:INFO: [TRAIN] Step: 14 ; Loss: 37.855 ; Acc: 15.000
2018-09-19 13:59:11,489:INFO: [TRAIN] Step: 15 ; Loss: 41.249 ; Acc: 15.625
2018-09-19 13:59:11,562:INFO: [TRAIN] Step: 16 ; Loss: 44.391 ; Acc: 16.176
2018-09-19 13:59:11,641:INFO: [TRAIN] Step: 17 ; Loss: 35.716 ; Acc: 16.667
2018-09-19 13:59:11,715:INFO: [TRAIN] Step: 18 ; Loss: 39.015 ; Acc: 17.325
2018-09-19 13:59:11,793:INFO: [TRAIN] Step: 19 ; Loss: 41.953 ; Acc: 17.500
2018-09-19 13:59:11,868:INFO: [TRAIN] Step: 20 ; Loss: 40.118 ; Acc: 17.857
2018-09-19 13:59:11,948:INFO: [TRAIN] Step: 21 ; Loss: 36.524 ; Acc: 18.371
2018-09-19 13:59:12,023:INFO: [TRAIN] Step: 22 ; Loss: 37.146 ; Acc: 18.841
2018-09-19 13:59:12,100:INFO: [TRAIN] Step: 23 ; Loss: 37.065 ; Acc: 18.750
2018-09-19 13:59:12,173:INFO: [TRAIN] Step: 24 ; Loss: 39.042 ; Acc: 18.833
2018-09-19 13:59:12,253:INFO: [TRAIN] Step: 25 ; Loss: 40.854 ; Acc: 19.551
2018-09-19 13:59:12,327:INFO: [TRAIN] Step: 26 ; Loss: 39.220 ; Acc: 20.216
2018-09-19 13:59:12,405:INFO: [TRAIN] Step: 27 ; Loss: 39.556 ; Acc: 20.536
2018-09-19 13:59:12,479:INFO: [TRAIN] Step: 28 ; Loss: 40.341 ; Acc: 20.690
2018-09-19 13:59:12,558:INFO: [TRAIN] Step: 29 ; Loss: 40.527 ; Acc: 20.972
2018-09-19 13:59:12,631:INFO: [TRAIN] Step: 30 ; Loss: 40.472 ; Acc: 21.237
2018-09-19 13:59:12,710:INFO: [TRAIN] Step: 31 ; Loss: 37.832 ; Acc: 21.484
2018-09-19 13:59:12,782:INFO: [TRAIN] Step: 32 ; Loss: 40.548 ; Acc: 21.591
2018-09-19 13:59:12,867:INFO: [TRAIN] Step: 33 ; Loss: 36.911 ; Acc: 21.446
2018-09-19 13:59:12,940:INFO: [TRAIN] Step: 34 ; Loss: 37.437 ; Acc: 21.786
2018-09-19 13:59:13,025:INFO: [TRAIN] Step: 35 ; Loss: 36.804 ; Acc: 22.338
2018-09-19 13:59:13,098:INFO: [TRAIN] Step: 36 ; Loss: 35.612 ; Acc: 22.635
2018-09-19 13:59:13,177:INFO: [TRAIN] Step: 37 ; Loss: 36.979 ; Acc: 22.588
2018-09-19 13:59:13,252:INFO: [TRAIN] Step: 38 ; Loss: 38.665 ; Acc: 22.756
2018-09-19 13:59:13,332:INFO: [TRAIN] Step: 39 ; Loss: 38.835 ; Acc: 23.333
2018-09-19 13:59:13,404:INFO: [TRAIN] Step: 40 ; Loss: 38.793 ; Acc: 23.577
2018-09-19 13:59:13,483:INFO: [TRAIN] Step: 41 ; Loss: 38.783 ; Acc: 23.512
2018-09-19 13:59:13,555:INFO: [TRAIN] Step: 42 ; Loss: 37.904 ; Acc: 23.837
2018-09-19 13:59:13,632:INFO: [TRAIN] Step: 43 ; Loss: 36.355 ; Acc: 23.958
2018-09-19 13:59:13,705:INFO: [TRAIN] Step: 44 ; Loss: 40.501 ; Acc: 24.167
2018-09-19 13:59:13,783:INFO: [TRAIN] Step: 45 ; Loss: 37.090 ; Acc: 24.547
2018-09-19 13:59:13,867:INFO: [TRAIN] Step: 46 ; Loss: 38.503 ; Acc: 24.823
2018-09-19 13:59:13,948:INFO: [TRAIN] Step: 47 ; Loss: 37.939 ; Acc: 25.347
2018-09-19 13:59:14,022:INFO: [TRAIN] Step: 48 ; Loss: 40.648 ; Acc: 25.765
2018-09-19 13:59:14,099:INFO: [TRAIN] Step: 49 ; Loss: 38.019 ; Acc: 26.000
2018-09-19 13:59:14,173:INFO: [TRAIN] Step: 50 ; Loss: 42.070 ; Acc: 26.307
2018-09-19 13:59:14,252:INFO: [TRAIN] Step: 51 ; Loss: 43.088 ; Acc: 26.843
2018-09-19 13:59:14,324:INFO: [TRAIN] Step: 52 ; Loss: 34.902 ; Acc: 27.437
2018-09-19 13:59:14,402:INFO: [TRAIN] Step: 53 ; Loss: 37.533 ; Acc: 27.623
2018-09-19 13:59:14,479:INFO: [TRAIN] Step: 54 ; Loss: 34.762 ; Acc: 27.955
2018-09-19 13:59:14,559:INFO: [TRAIN] Step: 55 ; Loss: 39.670 ; Acc: 28.274
2018-09-19 13:59:14,632:INFO: [TRAIN] Step: 56 ; Loss: 38.383 ; Acc: 28.582
2018-09-19 13:59:14,714:INFO: [TRAIN] Step: 57 ; Loss: 39.560 ; Acc: 28.520
2018-09-19 13:59:14,785:INFO: [TRAIN] Step: 58 ; Loss: 42.413 ; Acc: 28.390
2018-09-19 13:59:14,864:INFO: [TRAIN] Step: 59 ; Loss: 41.087 ; Acc: 28.472
2018-09-19 13:59:14,936:INFO: [TRAIN] Step: 60 ; Loss: 37.018 ; Acc: 28.757
2018-09-19 13:59:15,015:INFO: [TRAIN] Step: 61 ; Loss: 37.302 ; Acc: 29.099
2018-09-19 13:59:15,086:INFO: [TRAIN] Step: 62 ; Loss: 40.323 ; Acc: 29.167
2018-09-19 13:59:15,165:INFO: [TRAIN] Step: 63 ; Loss: 37.589 ; Acc: 29.362
2018-09-19 13:59:15,236:INFO: [TRAIN] Step: 64 ; Loss: 38.037 ; Acc: 29.423
2018-09-19 13:59:15,315:INFO: [TRAIN] Step: 65 ; Loss: 40.295 ; Acc: 29.419
2018-09-19 13:59:15,388:INFO: [TRAIN] Step: 66 ; Loss: 36.040 ; Acc: 29.415
2018-09-19 13:59:15,466:INFO: [TRAIN] Step: 67 ; Loss: 38.039 ; Acc: 29.473
2018-09-19 13:59:15,541:INFO: [TRAIN] Step: 68 ; Loss: 40.903 ; Acc: 29.408
2018-09-19 13:59:15,622:INFO: [TRAIN] Step: 69 ; Loss: 35.073 ; Acc: 29.464
2018-09-19 13:59:15,696:INFO: [TRAIN] Step: 70 ; Loss: 33.071 ; Acc: 29.460
2018-09-19 13:59:15,775:INFO: [TRAIN] Step: 71 ; Loss: 39.799 ; Acc: 29.456
2018-09-19 13:59:15,850:INFO: [TRAIN] Step: 72 ; Loss: 38.149 ; Acc: 29.623
2018-09-19 13:59:15,932:INFO: [TRAIN] Step: 73 ; Loss: 35.057 ; Acc: 29.842
2018-09-19 13:59:16,006:INFO: [TRAIN] Step: 74 ; Loss: 35.153 ; Acc: 30.056
2018-09-19 13:59:16,085:INFO: [TRAIN] Step: 75 ; Loss: 38.235 ; Acc: 29.934
2018-09-19 13:59:16,159:INFO: [TRAIN] Step: 76 ; Loss: 40.391 ; Acc: 29.924
2018-09-19 13:59:16,239:INFO: [TRAIN] Step: 77 ; Loss: 38.751 ; Acc: 30.288
2018-09-19 13:59:16,311:INFO: [TRAIN] Step: 78 ; Loss: 38.579 ; Acc: 30.380
2018-09-19 13:59:16,392:INFO: [TRAIN] Step: 79 ; Loss: 34.858 ; Acc: 30.573
2018-09-19 13:59:16,464:INFO: [TRAIN] Step: 80 ; Loss: 41.971 ; Acc: 30.710
2018-09-19 13:59:16,545:INFO: [TRAIN] Step: 81 ; Loss: 38.473 ; Acc: 30.589
2018-09-19 13:59:16,617:INFO: [TRAIN] Step: 82 ; Loss: 37.181 ; Acc: 30.422
2018-09-19 13:59:16,694:INFO: [TRAIN] Step: 83 ; Loss: 39.002 ; Acc: 30.407
2018-09-19 13:59:16,767:INFO: [TRAIN] Step: 84 ; Loss: 37.160 ; Acc: 30.392
2018-09-19 13:59:16,845:INFO: [TRAIN] Step: 85 ; Loss: 34.393 ; Acc: 30.475
2018-09-19 13:59:16,931:INFO: [TRAIN] Step: 86 ; Loss: 38.544 ; Acc: 30.699
2018-09-19 13:59:17,016:INFO: [TRAIN] Step: 87 ; Loss: 33.256 ; Acc: 30.966
2018-09-19 13:59:17,089:INFO: [TRAIN] Step: 88 ; Loss: 36.025 ; Acc: 30.946
2018-09-19 13:59:17,177:INFO: [TRAIN] Step: 89 ; Loss: 38.392 ; Acc: 31.157
2018-09-19 13:59:17,250:INFO: [TRAIN] Step: 90 ; Loss: 32.856 ; Acc: 31.319
2018-09-19 13:59:17,330:INFO: [TRAIN] Step: 91 ; Loss: 40.017 ; Acc: 31.295
2018-09-19 13:59:17,407:INFO: [TRAIN] Step: 92 ; Loss: 35.170 ; Acc: 31.452
2018-09-19 13:59:17,487:INFO: [TRAIN] Step: 93 ; Loss: 37.021 ; Acc: 31.472
2018-09-19 13:59:17,559:INFO: [TRAIN] Step: 94 ; Loss: 34.512 ; Acc: 31.491
2018-09-19 13:59:17,649:INFO: [TRAIN] Step: 95 ; Loss: 38.126 ; Acc: 31.554
2018-09-19 13:59:17,729:INFO: [TRAIN] Step: 96 ; Loss: 35.555 ; Acc: 31.443
2018-09-19 13:59:17,819:INFO: [TRAIN] Step: 97 ; Loss: 34.396 ; Acc: 31.463
2018-09-19 13:59:17,895:INFO: [TRAIN] Step: 98 ; Loss: 41.108 ; Acc: 31.355
2018-09-19 13:59:17,978:INFO: [TRAIN] Step: 99 ; Loss: 34.347 ; Acc: 31.417
2018-09-19 13:59:18,052:INFO: [TRAIN] Step: 100 ; Loss: 40.859 ; Acc: 31.559
2018-09-19 13:59:18,131:INFO: [TRAIN] Step: 101 ; Loss: 37.192 ; Acc: 31.536
2018-09-19 13:59:18,203:INFO: [TRAIN] Step: 102 ; Loss: 38.857 ; Acc: 31.634
2018-09-19 13:59:18,283:INFO: [TRAIN] Step: 103 ; Loss: 39.644 ; Acc: 31.651
2018-09-19 13:59:18,357:INFO: [TRAIN] Step: 104 ; Loss: 39.317 ; Acc: 31.786
2018-09-19 13:59:18,435:INFO: [TRAIN] Step: 105 ; Loss: 39.383 ; Acc: 31.761
2018-09-19 13:59:18,507:INFO: [TRAIN] Step: 106 ; Loss: 35.620 ; Acc: 31.737
2018-09-19 13:59:18,587:INFO: [TRAIN] Step: 107 ; Loss: 34.381 ; Acc: 31.867
2018-09-19 13:59:18,659:INFO: [TRAIN] Step: 108 ; Loss: 41.946 ; Acc: 31.843
2018-09-19 13:59:18,737:INFO: [TRAIN] Step: 109 ; Loss: 36.205 ; Acc: 32.008
2018-09-19 13:59:18,812:INFO: [TRAIN] Step: 110 ; Loss: 40.128 ; Acc: 32.020
2018-09-19 13:59:18,894:INFO: [TRAIN] Step: 111 ; Loss: 36.663 ; Acc: 32.068
2018-09-19 13:59:18,967:INFO: [TRAIN] Step: 112 ; Loss: 34.431 ; Acc: 32.117
2018-09-19 13:59:19,049:INFO: [TRAIN] Step: 113 ; Loss: 37.176 ; Acc: 32.273
2018-09-19 13:59:19,125:INFO: [TRAIN] Step: 114 ; Loss: 33.470 ; Acc: 32.283
2018-09-19 13:59:19,205:INFO: [TRAIN] Step: 115 ; Loss: 33.867 ; Acc: 32.328
2018-09-19 13:59:19,280:INFO: [TRAIN] Step: 116 ; Loss: 36.631 ; Acc: 32.407
2018-09-19 13:59:19,360:INFO: [TRAIN] Step: 117 ; Loss: 40.445 ; Acc: 32.309
2018-09-19 13:59:19,434:INFO: [TRAIN] Step: 118 ; Loss: 33.088 ; Acc: 32.283
2018-09-19 13:59:19,513:INFO: [TRAIN] Step: 119 ; Loss: 39.608 ; Acc: 32.257
2018-09-19 13:59:19,586:INFO: [TRAIN] Step: 120 ; Loss: 34.561 ; Acc: 32.335
2018-09-19 13:59:19,665:INFO: [TRAIN] Step: 121 ; Loss: 38.450 ; Acc: 32.309
2018-09-19 13:59:19,738:INFO: [TRAIN] Step: 122 ; Loss: 36.367 ; Acc: 32.317
2018-09-19 13:59:19,820:INFO: [TRAIN] Step: 123 ; Loss: 35.626 ; Acc: 32.426
2018-09-19 13:59:19,892:INFO: [TRAIN] Step: 124 ; Loss: 33.913 ; Acc: 32.500
2018-09-19 13:59:19,970:INFO: [TRAIN] Step: 125 ; Loss: 35.875 ; Acc: 32.474
2018-09-19 13:59:20,044:INFO: [TRAIN] Step: 126 ; Loss: 33.104 ; Acc: 32.415
2018-09-19 13:59:20,123:INFO: [TRAIN] Step: 127 ; Loss: 36.145 ; Acc: 32.487
2018-09-19 13:59:20,210:INFO: [TRAIN] Step: 128 ; Loss: 37.842 ; Acc: 32.558
2018-09-19 13:59:20,295:INFO: [TRAIN] Step: 129 ; Loss: 32.141 ; Acc: 32.596
2018-09-19 13:59:20,371:INFO: [TRAIN] Step: 130 ; Loss: 35.869 ; Acc: 32.697
2018-09-19 13:59:20,453:INFO: [TRAIN] Step: 131 ; Loss: 34.614 ; Acc: 32.670
2018-09-19 13:59:20,525:INFO: [TRAIN] Step: 132 ; Loss: 35.346 ; Acc: 32.769
2018-09-19 13:59:20,605:INFO: [TRAIN] Step: 133 ; Loss: 35.003 ; Acc: 32.743
2018-09-19 13:59:20,680:INFO: [TRAIN] Step: 134 ; Loss: 31.460 ; Acc: 32.870
2018-09-19 13:59:20,759:INFO: [TRAIN] Step: 135 ; Loss: 35.533 ; Acc: 32.996
2018-09-19 13:59:20,835:INFO: [TRAIN] Step: 136 ; Loss: 34.082 ; Acc: 33.060
2018-09-19 13:59:20,919:INFO: [TRAIN] Step: 137 ; Loss: 33.458 ; Acc: 33.122
2018-09-19 13:59:20,992:INFO: [TRAIN] Step: 138 ; Loss: 32.903 ; Acc: 33.213
2018-09-19 13:59:21,070:INFO: [TRAIN] Step: 139 ; Loss: 35.786 ; Acc: 33.214
2018-09-19 13:59:21,145:INFO: [TRAIN] Step: 140 ; Loss: 35.974 ; Acc: 33.126
2018-09-19 13:59:21,230:INFO: [TRAIN] Step: 141 ; Loss: 34.012 ; Acc: 33.187
2018-09-19 13:59:21,304:INFO: [TRAIN] Step: 142 ; Loss: 39.398 ; Acc: 33.159
2018-09-19 13:59:21,385:INFO: [TRAIN] Step: 143 ; Loss: 31.455 ; Acc: 33.247
2018-09-19 13:59:21,457:INFO: [TRAIN] Step: 144 ; Loss: 30.215 ; Acc: 33.333
2018-09-19 13:59:21,536:INFO: [TRAIN] Step: 145 ; Loss: 35.087 ; Acc: 33.390
2018-09-19 13:59:21,608:INFO: [TRAIN] Step: 146 ; Loss: 38.180 ; Acc: 33.362
2018-09-19 13:59:21,688:INFO: [TRAIN] Step: 147 ; Loss: 33.628 ; Acc: 33.333
2018-09-19 13:59:21,763:INFO: [TRAIN] Step: 148 ; Loss: 36.722 ; Acc: 33.305
2018-09-19 13:59:21,842:INFO: [TRAIN] Step: 149 ; Loss: 35.544 ; Acc: 33.222
2018-09-19 13:59:21,920:INFO: [TRAIN] Step: 150 ; Loss: 29.985 ; Acc: 33.389
2018-09-19 13:59:21,999:INFO: [TRAIN] Step: 151 ; Loss: 36.245 ; Acc: 33.388
2018-09-19 13:59:22,072:INFO: [TRAIN] Step: 152 ; Loss: 32.900 ; Acc: 33.415
2018-09-19 13:59:22,150:INFO: [TRAIN] Step: 153 ; Loss: 34.249 ; Acc: 33.415
2018-09-19 13:59:22,224:INFO: [TRAIN] Step: 154 ; Loss: 32.915 ; Acc: 33.414
2018-09-19 13:59:22,305:INFO: [TRAIN] Step: 155 ; Loss: 35.533 ; Acc: 33.494
2018-09-19 13:59:22,379:INFO: [TRAIN] Step: 156 ; Loss: 35.264 ; Acc: 33.493
2018-09-19 13:59:22,461:INFO: [TRAIN] Step: 157 ; Loss: 36.866 ; Acc: 33.597
2018-09-19 13:59:22,534:INFO: [TRAIN] Step: 158 ; Loss: 30.225 ; Acc: 33.700
2018-09-19 13:59:22,613:INFO: [TRAIN] Step: 159 ; Loss: 35.892 ; Acc: 33.672
2018-09-19 13:59:22,685:INFO: [TRAIN] Step: 160 ; Loss: 37.823 ; Acc: 33.644
2018-09-19 13:59:22,762:INFO: [TRAIN] Step: 161 ; Loss: 35.105 ; Acc: 33.719
2018-09-19 13:59:22,837:INFO: [TRAIN] Step: 162 ; Loss: 33.242 ; Acc: 33.717
2018-09-19 13:59:22,922:INFO: [TRAIN] Step: 163 ; Loss: 34.397 ; Acc: 33.765
2018-09-19 13:59:22,997:INFO: [TRAIN] Step: 164 ; Loss: 35.402 ; Acc: 33.763
2018-09-19 13:59:23,078:INFO: [TRAIN] Step: 165 ; Loss: 31.666 ; Acc: 33.735
2018-09-19 13:59:23,151:INFO: [TRAIN] Step: 166 ; Loss: 36.478 ; Acc: 33.757
2018-09-19 13:59:23,230:INFO: [TRAIN] Step: 167 ; Loss: 33.693 ; Acc: 33.854
2018-09-19 13:59:23,304:INFO: [TRAIN] Step: 168 ; Loss: 37.152 ; Acc: 33.752
2018-09-19 13:59:23,383:INFO: [TRAIN] Step: 169 ; Loss: 39.108 ; Acc: 33.676
2018-09-19 13:59:23,455:INFO: [TRAIN] Step: 170 ; Loss: 33.549 ; Acc: 33.723
2018-09-19 13:59:23,533:INFO: [TRAIN] Step: 171 ; Loss: 34.862 ; Acc: 33.697
2018-09-19 13:59:23,607:INFO: [TRAIN] Step: 172 ; Loss: 34.458 ; Acc: 33.719
2018-09-19 13:59:23,691:INFO: [TRAIN] Step: 173 ; Loss: 34.184 ; Acc: 33.716
2018-09-19 13:59:23,765:INFO: [TRAIN] Step: 174 ; Loss: 31.564 ; Acc: 33.738
2018-09-19 13:59:23,843:INFO: [TRAIN] Step: 175 ; Loss: 30.336 ; Acc: 33.783
2018-09-19 13:59:23,919:INFO: [TRAIN] Step: 176 ; Loss: 37.940 ; Acc: 33.781
2018-09-19 13:59:23,999:INFO: [TRAIN] Step: 177 ; Loss: 36.367 ; Acc: 33.801
2018-09-19 13:59:24,071:INFO: [TRAIN] Step: 178 ; Loss: 35.624 ; Acc: 33.799
2018-09-19 13:59:24,151:INFO: [TRAIN] Step: 179 ; Loss: 31.977 ; Acc: 33.866
2018-09-19 13:59:24,225:INFO: [TRAIN] Step: 180 ; Loss: 33.616 ; Acc: 33.909
2018-09-19 13:59:24,305:INFO: [TRAIN] Step: 181 ; Loss: 37.957 ; Acc: 33.906
2018-09-19 13:59:24,378:INFO: [TRAIN] Step: 182 ; Loss: 31.251 ; Acc: 33.948
2018-09-19 13:59:24,460:INFO: [TRAIN] Step: 183 ; Loss: 33.813 ; Acc: 33.945
2018-09-19 13:59:24,532:INFO: [TRAIN] Step: 184 ; Loss: 31.761 ; Acc: 33.964
2018-09-19 13:59:24,610:INFO: [TRAIN] Step: 185 ; Loss: 36.252 ; Acc: 33.938
2018-09-19 13:59:24,685:INFO: [TRAIN] Step: 186 ; Loss: 31.053 ; Acc: 33.957
2018-09-19 13:59:24,763:INFO: [TRAIN] Step: 187 ; Loss: 32.931 ; Acc: 33.976
2018-09-19 13:59:24,837:INFO: [TRAIN] Step: 188 ; Loss: 33.595 ; Acc: 34.017
2018-09-19 13:59:24,918:INFO: [TRAIN] Step: 189 ; Loss: 30.886 ; Acc: 34.079
2018-09-19 13:59:24,991:INFO: [TRAIN] Step: 190 ; Loss: 36.991 ; Acc: 34.075
2018-09-19 13:59:25,072:INFO: [TRAIN] Step: 191 ; Loss: 35.152 ; Acc: 34.115
2018-09-19 13:59:25,145:INFO: [TRAIN] Step: 192 ; Loss: 34.305 ; Acc: 34.132
2018-09-19 13:59:25,225:INFO: [TRAIN] Step: 193 ; Loss: 28.922 ; Acc: 34.171
2018-09-19 13:59:25,300:INFO: [TRAIN] Step: 194 ; Loss: 32.776 ; Acc: 34.252
2018-09-19 13:59:25,379:INFO: [TRAIN] Step: 195 ; Loss: 34.656 ; Acc: 34.226
2018-09-19 13:59:25,454:INFO: [TRAIN] Step: 196 ; Loss: 36.962 ; Acc: 34.137
2018-09-19 13:59:25,534:INFO: [TRAIN] Step: 197 ; Loss: 28.273 ; Acc: 34.259
2018-09-19 13:59:25,606:INFO: [TRAIN] Step: 198 ; Loss: 35.931 ; Acc: 34.192
2018-09-19 13:59:25,686:INFO: [TRAIN] Step: 199 ; Loss: 29.462 ; Acc: 34.188
2018-09-19 13:59:25,758:INFO: [TRAIN] Step: 200 ; Loss: 34.804 ; Acc: 34.142
2018-09-19 13:59:25,838:INFO: [TRAIN] Step: 201 ; Loss: 34.406 ; Acc: 34.097
2018-09-19 13:59:25,916:INFO: [TRAIN] Step: 202 ; Loss: 34.171 ; Acc: 34.093
2018-09-19 13:59:25,993:INFO: [TRAIN] Step: 203 ; Loss: 32.319 ; Acc: 34.130
2018-09-19 13:59:26,066:INFO: [TRAIN] Step: 204 ; Loss: 30.317 ; Acc: 34.187
2018-09-19 13:59:26,144:INFO: [TRAIN] Step: 205 ; Loss: 34.483 ; Acc: 34.183
2018-09-19 13:59:26,220:INFO: [TRAIN] Step: 206 ; Loss: 34.868 ; Acc: 34.138
2018-09-19 13:59:26,301:INFO: [TRAIN] Step: 207 ; Loss: 34.622 ; Acc: 34.115
2018-09-19 13:59:26,373:INFO: [TRAIN] Step: 208 ; Loss: 32.607 ; Acc: 34.171
2018-09-19 13:59:26,451:INFO: [TRAIN] Step: 209 ; Loss: 32.814 ; Acc: 34.206
2018-09-19 13:59:26,522:INFO: [TRAIN] Step: 210 ; Loss: 31.443 ; Acc: 34.202
2018-09-19 13:59:26,602:INFO: [TRAIN] Step: 211 ; Loss: 33.376 ; Acc: 34.218
2018-09-19 13:59:26,674:INFO: [TRAIN] Step: 212 ; Loss: 31.252 ; Acc: 34.214
2018-09-19 13:59:26,752:INFO: [TRAIN] Step: 213 ; Loss: 38.736 ; Acc: 34.229
2018-09-19 13:59:26,825:INFO: [TRAIN] Step: 214 ; Loss: 33.213 ; Acc: 34.205
2018-09-19 13:59:26,903:INFO: [TRAIN] Step: 215 ; Loss: 31.580 ; Acc: 34.259
2018-09-19 13:59:26,975:INFO: [TRAIN] Step: 216 ; Loss: 35.640 ; Acc: 34.236
2018-09-19 13:59:27,055:INFO: [TRAIN] Step: 217 ; Loss: 32.265 ; Acc: 34.193
2018-09-19 13:59:27,128:INFO: [TRAIN] Step: 218 ; Loss: 35.739 ; Acc: 34.151
2018-09-19 13:59:27,208:INFO: [TRAIN] Step: 219 ; Loss: 31.853 ; Acc: 34.110
2018-09-19 13:59:27,284:INFO: [TRAIN] Step: 220 ; Loss: 31.946 ; Acc: 34.106
2018-09-19 13:59:27,364:INFO: [TRAIN] Step: 221 ; Loss: 30.044 ; Acc: 34.159
2018-09-19 13:59:27,437:INFO: [TRAIN] Step: 222 ; Loss: 33.521 ; Acc: 34.230
2018-09-19 13:59:27,518:INFO: [TRAIN] Step: 223 ; Loss: 32.730 ; Acc: 34.301
2018-09-19 13:59:27,591:INFO: [TRAIN] Step: 224 ; Loss: 30.577 ; Acc: 34.352
2018-09-19 13:59:27,668:INFO: [TRAIN] Step: 225 ; Loss: 32.002 ; Acc: 34.384
2018-09-19 13:59:27,748:INFO: [TRAIN] Step: 226 ; Loss: 36.649 ; Acc: 34.325
2018-09-19 13:59:27,858:INFO: [TRAIN] Step: 227 ; Loss: 33.908 ; Acc: 34.302
2018-09-19 13:59:27,932:INFO: [TRAIN] Step: 228 ; Loss: 30.287 ; Acc: 34.352
2018-09-19 13:59:28,015:INFO: [TRAIN] Step: 229 ; Loss: 34.841 ; Acc: 34.384
2018-09-19 13:59:28,087:INFO: [TRAIN] Step: 230 ; Loss: 37.534 ; Acc: 34.325
2018-09-19 13:59:28,165:INFO: [TRAIN] Step: 231 ; Loss: 33.861 ; Acc: 34.249
2018-09-19 13:59:28,238:INFO: [TRAIN] Step: 232 ; Loss: 33.434 ; Acc: 34.210
2018-09-19 13:59:28,316:INFO: [TRAIN] Step: 233 ; Loss: 33.576 ; Acc: 34.188
2018-09-19 13:59:28,388:INFO: [TRAIN] Step: 234 ; Loss: 32.457 ; Acc: 34.184
2018-09-19 13:59:28,466:INFO: [TRAIN] Step: 235 ; Loss: 31.685 ; Acc: 34.234
2018-09-19 13:59:28,538:INFO: [TRAIN] Step: 236 ; Loss: 31.769 ; Acc: 34.230
2018-09-19 13:59:28,617:INFO: [TRAIN] Step: 237 ; Loss: 29.913 ; Acc: 34.314
2018-09-19 13:59:28,692:INFO: [TRAIN] Step: 238 ; Loss: 36.149 ; Acc: 34.275
2018-09-19 13:59:28,774:INFO: [TRAIN] Step: 239 ; Loss: 30.697 ; Acc: 34.288
2018-09-19 13:59:28,846:INFO: [TRAIN] Step: 240 ; Loss: 34.169 ; Acc: 34.336
2018-09-19 13:59:28,925:INFO: [TRAIN] Step: 241 ; Loss: 30.433 ; Acc: 34.366
2018-09-19 13:59:28,997:INFO: [TRAIN] Step: 242 ; Loss: 32.015 ; Acc: 34.396
2018-09-19 13:59:29,077:INFO: [TRAIN] Step: 243 ; Loss: 30.109 ; Acc: 34.375
2018-09-19 13:59:29,150:INFO: [TRAIN] Step: 244 ; Loss: 31.786 ; Acc: 34.422
2018-09-19 13:59:29,230:INFO: [TRAIN] Step: 245 ; Loss: 36.023 ; Acc: 34.400
2018-09-19 13:59:29,301:INFO: [TRAIN] Step: 246 ; Loss: 31.395 ; Acc: 34.413
2018-09-19 13:59:29,379:INFO: [TRAIN] Step: 247 ; Loss: 32.860 ; Acc: 34.409
2018-09-19 13:59:29,451:INFO: [TRAIN] Step: 248 ; Loss: 33.080 ; Acc: 34.371
2018-09-19 13:59:29,530:INFO: [TRAIN] Step: 249 ; Loss: 36.847 ; Acc: 34.383
2018-09-19 13:59:29,601:INFO: [TRAIN] Step: 250 ; Loss: 26.900 ; Acc: 34.446
2018-09-19 13:59:29,679:INFO: [TRAIN] Step: 251 ; Loss: 31.523 ; Acc: 34.524
2018-09-19 13:59:29,754:INFO: [TRAIN] Step: 252 ; Loss: 30.126 ; Acc: 34.519
2018-09-19 13:59:29,833:INFO: [TRAIN] Step: 253 ; Loss: 31.169 ; Acc: 34.531
2018-09-19 13:59:29,907:INFO: [TRAIN] Step: 254 ; Loss: 29.816 ; Acc: 34.526
2018-09-19 13:59:29,986:INFO: [TRAIN] Step: 255 ; Loss: 34.997 ; Acc: 34.505
2018-09-19 13:59:30,060:INFO: [TRAIN] Step: 256 ; Loss: 37.142 ; Acc: 34.484
2018-09-19 13:59:30,139:INFO: [TRAIN] Step: 257 ; Loss: 31.606 ; Acc: 34.512
2018-09-19 13:59:30,211:INFO: [TRAIN] Step: 258 ; Loss: 27.921 ; Acc: 34.540
2018-09-19 13:59:30,290:INFO: [TRAIN] Step: 259 ; Loss: 30.513 ; Acc: 34.567
2018-09-19 13:59:30,363:INFO: [TRAIN] Step: 260 ; Loss: 36.707 ; Acc: 34.499
2018-09-19 13:59:30,444:INFO: [TRAIN] Step: 261 ; Loss: 31.088 ; Acc: 34.542
2018-09-19 13:59:30,517:INFO: [TRAIN] Step: 262 ; Loss: 30.148 ; Acc: 34.537
2018-09-19 13:59:30,595:INFO: [TRAIN] Step: 263 ; Loss: 33.577 ; Acc: 34.549
2018-09-19 13:59:30,669:INFO: [TRAIN] Step: 264 ; Loss: 32.070 ; Acc: 34.560
2018-09-19 13:59:30,748:INFO: [TRAIN] Step: 265 ; Loss: 34.990 ; Acc: 34.508
2018-09-19 13:59:30,821:INFO: [TRAIN] Step: 266 ; Loss: 32.397 ; Acc: 34.488
2018-09-19 13:59:30,906:INFO: [TRAIN] Step: 267 ; Loss: 32.502 ; Acc: 34.530
2018-09-19 13:59:30,980:INFO: [TRAIN] Step: 268 ; Loss: 30.617 ; Acc: 34.495
2018-09-19 13:59:31,060:INFO: [TRAIN] Step: 269 ; Loss: 34.259 ; Acc: 34.491
2018-09-19 13:59:31,132:INFO: [TRAIN] Step: 270 ; Loss: 26.420 ; Acc: 34.502
2018-09-19 13:59:31,213:INFO: [TRAIN] Step: 271 ; Loss: 34.440 ; Acc: 34.467
2018-09-19 13:59:31,287:INFO: [TRAIN] Step: 272 ; Loss: 30.742 ; Acc: 34.463
2018-09-19 13:59:31,367:INFO: [TRAIN] Step: 273 ; Loss: 28.280 ; Acc: 34.504
2018-09-19 13:59:31,440:INFO: [TRAIN] Step: 274 ; Loss: 28.545 ; Acc: 34.545
2018-09-19 13:59:31,520:INFO: [TRAIN] Step: 275 ; Loss: 28.470 ; Acc: 34.571
2018-09-19 13:59:31,591:INFO: [TRAIN] Step: 276 ; Loss: 30.211 ; Acc: 34.597
2018-09-19 13:59:31,670:INFO: [TRAIN] Step: 277 ; Loss: 33.142 ; Acc: 34.562
2018-09-19 13:59:31,742:INFO: [TRAIN] Step: 278 ; Loss: 30.943 ; Acc: 34.603
2018-09-19 13:59:31,820:INFO: [TRAIN] Step: 279 ; Loss: 29.068 ; Acc: 34.598
2018-09-19 13:59:31,893:INFO: [TRAIN] Step: 280 ; Loss: 26.197 ; Acc: 34.668
2018-09-19 13:59:31,973:INFO: [TRAIN] Step: 281 ; Loss: 29.423 ; Acc: 34.707
2018-09-19 13:59:32,047:INFO: [TRAIN] Step: 282 ; Loss: 34.642 ; Acc: 34.732
2018-09-19 13:59:32,126:INFO: [TRAIN] Step: 283 ; Loss: 31.178 ; Acc: 34.742
2018-09-19 13:59:32,199:INFO: [TRAIN] Step: 284 ; Loss: 31.209 ; Acc: 34.737
2018-09-19 13:59:32,280:INFO: [TRAIN] Step: 285 ; Loss: 33.038 ; Acc: 34.732
2018-09-19 13:59:32,353:INFO: [TRAIN] Step: 286 ; Loss: 32.965 ; Acc: 34.727
2018-09-19 13:59:32,432:INFO: [TRAIN] Step: 287 ; Loss: 31.612 ; Acc: 34.737
2018-09-19 13:59:32,509:INFO: [TRAIN] Step: 288 ; Loss: 29.143 ; Acc: 34.775
2018-09-19 13:59:32,588:INFO: [TRAIN] Step: 289 ; Loss: 29.660 ; Acc: 34.828
2018-09-19 13:59:32,662:INFO: [TRAIN] Step: 290 ; Loss: 28.291 ; Acc: 34.808
2018-09-19 13:59:32,742:INFO: [TRAIN] Step: 291 ; Loss: 31.036 ; Acc: 34.817
2018-09-19 13:59:32,813:INFO: [TRAIN] Step: 292 ; Loss: 28.391 ; Acc: 34.883
2018-09-19 13:59:32,892:INFO: [TRAIN] Step: 293 ; Loss: 29.508 ; Acc: 34.892
2018-09-19 13:59:32,969:INFO: [TRAIN] Step: 294 ; Loss: 31.040 ; Acc: 34.873
2018-09-19 13:59:33,047:INFO: [TRAIN] Step: 295 ; Loss: 34.978 ; Acc: 34.840
2018-09-19 13:59:33,121:INFO: [TRAIN] Step: 296 ; Loss: 30.205 ; Acc: 34.891
2018-09-19 13:59:33,202:INFO: [TRAIN] Step: 297 ; Loss: 30.787 ; Acc: 34.857
2018-09-19 13:59:33,276:INFO: [TRAIN] Step: 298 ; Loss: 27.584 ; Acc: 34.908
2018-09-19 13:59:33,354:INFO: [TRAIN] Step: 299 ; Loss: 32.613 ; Acc: 34.917
2018-09-19 13:59:33,428:INFO: [TRAIN] Step: 300 ; Loss: 33.387 ; Acc: 34.925
2018-09-19 13:59:33,521:INFO: [TRAIN] Step: 301 ; Loss: 32.429 ; Acc: 34.906
2018-09-19 13:59:33,595:INFO: [TRAIN] Step: 302 ; Loss: 34.747 ; Acc: 34.873
2018-09-19 13:59:33,673:INFO: [TRAIN] Step: 303 ; Loss: 26.907 ; Acc: 34.937
2018-09-19 13:59:33,753:INFO: [TRAIN] Step: 304 ; Loss: 29.506 ; Acc: 34.959
2018-09-19 13:59:33,835:INFO: [TRAIN] Step: 305 ; Loss: 27.706 ; Acc: 34.940
2018-09-19 13:59:33,908:INFO: [TRAIN] Step: 306 ; Loss: 30.229 ; Acc: 35.016
2018-09-19 13:59:33,986:INFO: [TRAIN] Step: 307 ; Loss: 28.490 ; Acc: 35.038
2018-09-19 13:59:34,059:INFO: [TRAIN] Step: 308 ; Loss: 30.022 ; Acc: 35.059
2018-09-19 13:59:34,138:INFO: [TRAIN] Step: 309 ; Loss: 35.058 ; Acc: 34.987
2018-09-19 13:59:34,211:INFO: [TRAIN] Step: 310 ; Loss: 34.023 ; Acc: 34.995
2018-09-19 13:59:34,290:INFO: [TRAIN] Step: 311 ; Loss: 28.508 ; Acc: 35.056
2018-09-19 13:59:34,364:INFO: [TRAIN] Step: 312 ; Loss: 28.610 ; Acc: 35.077
2018-09-19 13:59:34,444:INFO: [TRAIN] Step: 313 ; Loss: 34.184 ; Acc: 35.058
2018-09-19 13:59:34,516:INFO: [TRAIN] Step: 314 ; Loss: 32.828 ; Acc: 35.040
2018-09-19 13:59:34,597:INFO: [TRAIN] Step: 315 ; Loss: 34.237 ; Acc: 34.995
2018-09-19 13:59:34,670:INFO: [TRAIN] Step: 316 ; Loss: 36.532 ; Acc: 34.976
2018-09-19 13:59:34,749:INFO: [TRAIN] Step: 317 ; Loss: 33.612 ; Acc: 34.945
2018-09-19 13:59:34,821:INFO: [TRAIN] Step: 318 ; Loss: 30.076 ; Acc: 34.914
2018-09-19 13:59:34,898:INFO: [TRAIN] Step: 319 ; Loss: 29.597 ; Acc: 34.935
2018-09-19 13:59:34,973:INFO: [TRAIN] Step: 320 ; Loss: 29.674 ; Acc: 34.943
2018-09-19 13:59:35,052:INFO: [TRAIN] Step: 321 ; Loss: 31.113 ; Acc: 34.886
2018-09-19 13:59:35,125:INFO: [TRAIN] Step: 322 ; Loss: 35.578 ; Acc: 34.856
2018-09-19 13:59:35,204:INFO: [TRAIN] Step: 323 ; Loss: 32.950 ; Acc: 34.851
2018-09-19 13:59:35,276:INFO: [TRAIN] Step: 324 ; Loss: 34.521 ; Acc: 34.846
2018-09-19 13:59:35,355:INFO: [TRAIN] Step: 325 ; Loss: 36.260 ; Acc: 34.816
2018-09-19 13:59:35,429:INFO: [TRAIN] Step: 326 ; Loss: 31.081 ; Acc: 34.786
2018-09-19 13:59:35,508:INFO: [TRAIN] Step: 327 ; Loss: 30.475 ; Acc: 34.782
2018-09-19 13:59:35,581:INFO: [TRAIN] Step: 328 ; Loss: 32.618 ; Acc: 34.726
2018-09-19 13:59:35,662:INFO: [TRAIN] Step: 329 ; Loss: 32.064 ; Acc: 34.747
2018-09-19 13:59:35,743:INFO: [TRAIN] Step: 330 ; Loss: 34.084 ; Acc: 34.705
2018-09-19 13:59:35,825:INFO: [TRAIN] Step: 331 ; Loss: 28.952 ; Acc: 34.726
2018-09-19 13:59:35,903:INFO: [TRAIN] Step: 332 ; Loss: 30.113 ; Acc: 34.797
2018-09-19 13:59:35,983:INFO: [TRAIN] Step: 333 ; Loss: 37.410 ; Acc: 34.743
2018-09-19 13:59:36,059:INFO: [TRAIN] Step: 334 ; Loss: 31.092 ; Acc: 34.764
2018-09-19 13:59:36,138:INFO: [TRAIN] Step: 335 ; Loss: 28.479 ; Acc: 34.821
2018-09-19 13:59:36,212:INFO: [TRAIN] Step: 336 ; Loss: 33.070 ; Acc: 34.829
2018-09-19 13:59:36,292:INFO: [TRAIN] Step: 337 ; Loss: 30.712 ; Acc: 34.837
2018-09-19 13:59:36,365:INFO: [TRAIN] Step: 338 ; Loss: 29.876 ; Acc: 34.882
2018-09-19 13:59:36,444:INFO: [TRAIN] Step: 339 ; Loss: 30.117 ; Acc: 34.890
2018-09-19 13:59:36,517:INFO: [TRAIN] Step: 340 ; Loss: 28.866 ; Acc: 34.885
2018-09-19 13:59:36,595:INFO: [TRAIN] Step: 341 ; Loss: 31.013 ; Acc: 34.905
2018-09-19 13:59:36,667:INFO: [TRAIN] Step: 342 ; Loss: 29.006 ; Acc: 34.900
2018-09-19 13:59:36,745:INFO: [TRAIN] Step: 343 ; Loss: 29.728 ; Acc: 34.920
2018-09-19 13:59:36,818:INFO: [TRAIN] Step: 344 ; Loss: 30.959 ; Acc: 34.867
2018-09-19 13:59:36,898:INFO: [TRAIN] Step: 345 ; Loss: 27.843 ; Acc: 34.875
2018-09-19 13:59:36,971:INFO: [TRAIN] Step: 346 ; Loss: 28.434 ; Acc: 34.930
2018-09-19 13:59:37,050:INFO: [TRAIN] Step: 347 ; Loss: 28.210 ; Acc: 34.974
2018-09-19 13:59:37,123:INFO: [TRAIN] Step: 348 ; Loss: 33.003 ; Acc: 34.969
2018-09-19 13:59:37,201:INFO: [TRAIN] Step: 349 ; Loss: 29.480 ; Acc: 35.024
2018-09-19 13:59:37,273:INFO: [TRAIN] Step: 350 ; Loss: 31.222 ; Acc: 35.055
2018-09-19 13:59:37,351:INFO: [TRAIN] Step: 351 ; Loss: 32.196 ; Acc: 35.085
2018-09-19 13:59:37,423:INFO: [TRAIN] Step: 352 ; Loss: 35.362 ; Acc: 35.057
2018-09-19 13:59:37,503:INFO: [TRAIN] Step: 353 ; Loss: 30.663 ; Acc: 35.075
2018-09-19 13:59:37,576:INFO: [TRAIN] Step: 354 ; Loss: 25.501 ; Acc: 35.082
2018-09-19 13:59:37,653:INFO: [TRAIN] Step: 355 ; Loss: 31.089 ; Acc: 35.101
2018-09-19 13:59:37,726:INFO: [TRAIN] Step: 356 ; Loss: 30.818 ; Acc: 35.119
2018-09-19 13:59:37,807:INFO: [TRAIN] Step: 357 ; Loss: 32.003 ; Acc: 35.102
2018-09-19 13:59:37,888:INFO: [TRAIN] Step: 358 ; Loss: 29.569 ; Acc: 35.156
2018-09-19 13:59:37,968:INFO: [TRAIN] Step: 359 ; Loss: 33.135 ; Acc: 35.093
2018-09-19 13:59:38,044:INFO: [TRAIN] Step: 360 ; Loss: 30.422 ; Acc: 35.134
2018-09-19 13:59:38,124:INFO: [TRAIN] Step: 361 ; Loss: 31.961 ; Acc: 35.117
2018-09-19 13:59:38,197:INFO: [TRAIN] Step: 362 ; Loss: 32.663 ; Acc: 35.112
2018-09-19 13:59:38,275:INFO: [TRAIN] Step: 363 ; Loss: 28.629 ; Acc: 35.142
2018-09-19 13:59:38,346:INFO: [TRAIN] Step: 364 ; Loss: 31.217 ; Acc: 35.148
2018-09-19 13:59:38,423:INFO: [TRAIN] Step: 365 ; Loss: 28.848 ; Acc: 35.178
2018-09-19 13:59:38,496:INFO: [TRAIN] Step: 366 ; Loss: 30.976 ; Acc: 35.161
2018-09-19 13:59:38,573:INFO: [TRAIN] Step: 367 ; Loss: 31.453 ; Acc: 35.168
2018-09-19 13:59:38,646:INFO: [TRAIN] Step: 368 ; Loss: 36.309 ; Acc: 35.174
2018-09-19 13:59:38,723:INFO: [TRAIN] Step: 369 ; Loss: 33.320 ; Acc: 35.146
2018-09-19 13:59:38,795:INFO: [TRAIN] Step: 370 ; Loss: 34.290 ; Acc: 35.164
2018-09-19 13:59:38,873:INFO: [TRAIN] Step: 371 ; Loss: 33.893 ; Acc: 35.170
2018-09-19 13:59:38,947:INFO: [TRAIN] Step: 372 ; Loss: 28.472 ; Acc: 35.188
2018-09-19 13:59:39,029:INFO: [TRAIN] Step: 373 ; Loss: 32.743 ; Acc: 35.160
2018-09-19 13:59:39,102:INFO: [TRAIN] Step: 374 ; Loss: 34.646 ; Acc: 35.178
2018-09-19 13:59:39,182:INFO: [TRAIN] Step: 375 ; Loss: 30.182 ; Acc: 35.206
2018-09-19 13:59:39,257:INFO: [TRAIN] Step: 376 ; Loss: 31.299 ; Acc: 35.245
2018-09-19 13:59:39,335:INFO: [TRAIN] Step: 377 ; Loss: 34.179 ; Acc: 35.207
2018-09-19 13:59:39,408:INFO: [TRAIN] Step: 378 ; Loss: 31.201 ; Acc: 35.213
2018-09-19 13:59:39,488:INFO: [TRAIN] Step: 379 ; Loss: 32.185 ; Acc: 35.230
2018-09-19 13:59:39,560:INFO: [TRAIN] Step: 380 ; Loss: 31.070 ; Acc: 35.258
2018-09-19 13:59:39,639:INFO: [TRAIN] Step: 381 ; Loss: 32.377 ; Acc: 35.286
2018-09-19 13:59:39,711:INFO: [TRAIN] Step: 382 ; Loss: 30.520 ; Acc: 35.313
2018-09-19 13:59:39,790:INFO: [TRAIN] Step: 383 ; Loss: 27.983 ; Acc: 35.373
2018-09-19 13:59:39,861:INFO: [TRAIN] Step: 384 ; Loss: 32.448 ; Acc: 35.368
2018-09-19 13:59:39,940:INFO: [TRAIN] Step: 385 ; Loss: 30.681 ; Acc: 35.363
2018-09-19 13:59:40,012:INFO: [TRAIN] Step: 386 ; Loss: 33.350 ; Acc: 35.368
2018-09-19 13:59:40,092:INFO: [TRAIN] Step: 387 ; Loss: 34.058 ; Acc: 35.363
2018-09-19 13:59:40,167:INFO: [TRAIN] Step: 388 ; Loss: 31.199 ; Acc: 35.336
2018-09-19 13:59:40,247:INFO: [TRAIN] Step: 389 ; Loss: 26.947 ; Acc: 35.353
2018-09-19 13:59:40,321:INFO: [TRAIN] Step: 390 ; Loss: 27.942 ; Acc: 35.369
2018-09-19 13:59:40,401:INFO: [TRAIN] Step: 391 ; Loss: 31.135 ; Acc: 35.395
2018-09-19 13:59:40,476:INFO: [TRAIN] Step: 392 ; Loss: 24.713 ; Acc: 35.422
2018-09-19 13:59:40,555:INFO: [TRAIN] Step: 393 ; Loss: 29.765 ; Acc: 35.406
2018-09-19 13:59:40,627:INFO: [TRAIN] Step: 394 ; Loss: 32.341 ; Acc: 35.411
2018-09-19 13:59:40,707:INFO: [TRAIN] Step: 395 ; Loss: 32.814 ; Acc: 35.385
2018-09-19 13:59:40,778:INFO: [TRAIN] Step: 396 ; Loss: 29.419 ; Acc: 35.401
2018-09-19 13:59:40,857:INFO: [TRAIN] Step: 397 ; Loss: 30.363 ; Acc: 35.406
2018-09-19 13:59:40,931:INFO: [TRAIN] Step: 398 ; Loss: 34.516 ; Acc: 35.359
2018-09-19 13:59:41,010:INFO: [TRAIN] Step: 399 ; Loss: 29.785 ; Acc: 35.375
2018-09-19 13:59:41,084:INFO: [TRAIN] Step: 400 ; Loss: 35.624 ; Acc: 35.370
2018-09-19 13:59:41,163:INFO: [TRAIN] Step: 401 ; Loss: 29.580 ; Acc: 35.354
2018-09-19 13:59:41,239:INFO: [TRAIN] Step: 402 ; Loss: 30.648 ; Acc: 35.329
2018-09-19 13:59:41,317:INFO: [TRAIN] Step: 403 ; Loss: 27.328 ; Acc: 35.314
2018-09-19 13:59:41,389:INFO: [TRAIN] Step: 404 ; Loss: 32.915 ; Acc: 35.319
2018-09-19 13:59:41,468:INFO: [TRAIN] Step: 405 ; Loss: 29.550 ; Acc: 35.335
2018-09-19 13:59:41,539:INFO: [TRAIN] Step: 406 ; Loss: 36.166 ; Acc: 35.309
2018-09-19 13:59:41,617:INFO: [TRAIN] Step: 407 ; Loss: 29.748 ; Acc: 35.304
2018-09-19 13:59:41,689:INFO: [TRAIN] Step: 408 ; Loss: 30.072 ; Acc: 35.300
2018-09-19 13:59:41,767:INFO: [TRAIN] Step: 409 ; Loss: 26.819 ; Acc: 35.346
2018-09-19 13:59:41,841:INFO: [TRAIN] Step: 410 ; Loss: 29.553 ; Acc: 35.361
2018-09-19 13:59:41,919:INFO: [TRAIN] Step: 411 ; Loss: 33.084 ; Acc: 35.326
2018-09-19 13:59:41,990:INFO: [TRAIN] Step: 412 ; Loss: 32.182 ; Acc: 35.280
2018-09-19 13:59:42,071:INFO: [TRAIN] Step: 413 ; Loss: 30.241 ; Acc: 35.256
2018-09-19 13:59:42,148:INFO: [TRAIN] Step: 414 ; Loss: 32.723 ; Acc: 35.261
2018-09-19 13:59:42,226:INFO: [TRAIN] Step: 415 ; Loss: 28.892 ; Acc: 35.286
2018-09-19 13:59:42,299:INFO: [TRAIN] Step: 416 ; Loss: 34.039 ; Acc: 35.272
2018-09-19 13:59:42,378:INFO: [TRAIN] Step: 417 ; Loss: 31.223 ; Acc: 35.307
2018-09-19 13:59:42,452:INFO: [TRAIN] Step: 418 ; Loss: 31.811 ; Acc: 35.272
2018-09-19 13:59:42,528:INFO: [TRAIN] Step: 419 ; Loss: 29.597 ; Acc: 35.288
2018-09-19 13:59:42,603:INFO: [TRAIN] Step: 420 ; Loss: 30.871 ; Acc: 35.283
2018-09-19 13:59:42,680:INFO: [TRAIN] Step: 421 ; Loss: 29.323 ; Acc: 35.288
2018-09-19 13:59:42,752:INFO: [TRAIN] Step: 422 ; Loss: 33.037 ; Acc: 35.264
2018-09-19 13:59:42,829:INFO: [TRAIN] Step: 423 ; Loss: 31.156 ; Acc: 35.279
2018-09-19 13:59:42,901:INFO: [TRAIN] Step: 424 ; Loss: 27.066 ; Acc: 35.304
2018-09-19 13:59:42,986:INFO: [TRAIN] Step: 425 ; Loss: 21.609 ; Acc: 35.338
2018-09-19 13:59:43,059:INFO: [TRAIN] Step: 426 ; Loss: 28.845 ; Acc: 35.353
2018-09-19 13:59:43,137:INFO: [TRAIN] Step: 427 ; Loss: 27.894 ; Acc: 35.349
2018-09-19 13:59:43,209:INFO: [TRAIN] Step: 428 ; Loss: 32.429 ; Acc: 35.354
2018-09-19 13:59:43,288:INFO: [TRAIN] Step: 429 ; Loss: 30.205 ; Acc: 35.368
2018-09-19 13:59:43,363:INFO: [TRAIN] Step: 430 ; Loss: 27.370 ; Acc: 35.383
2018-09-19 13:59:43,444:INFO: [TRAIN] Step: 431 ; Loss: 31.171 ; Acc: 35.368
2018-09-19 13:59:43,517:INFO: [TRAIN] Step: 432 ; Loss: 26.129 ; Acc: 35.412
2018-09-19 13:59:43,597:INFO: [TRAIN] Step: 433 ; Loss: 31.678 ; Acc: 35.407
2018-09-19 13:59:43,671:INFO: [TRAIN] Step: 434 ; Loss: 30.309 ; Acc: 35.450
2018-09-19 13:59:43,751:INFO: [TRAIN] Step: 435 ; Loss: 27.823 ; Acc: 35.484
2018-09-19 13:59:43,826:INFO: [TRAIN] Step: 436 ; Loss: 35.849 ; Acc: 35.460
2018-09-19 13:59:43,907:INFO: [TRAIN] Step: 437 ; Loss: 31.372 ; Acc: 35.474
2018-09-19 13:59:43,980:INFO: [TRAIN] Step: 438 ; Loss: 28.437 ; Acc: 35.497
2018-09-19 13:59:44,060:INFO: [TRAIN] Step: 439 ; Loss: 31.029 ; Acc: 35.483
2018-09-19 13:59:44,136:INFO: [TRAIN] Step: 440 ; Loss: 29.720 ; Acc: 35.488
2018-09-19 13:59:44,216:INFO: [TRAIN] Step: 441 ; Loss: 28.214 ; Acc: 35.520
2018-09-19 13:59:44,290:INFO: [TRAIN] Step: 442 ; Loss: 32.617 ; Acc: 35.544
2018-09-19 13:59:44,368:INFO: [TRAIN] Step: 443 ; Loss: 28.005 ; Acc: 35.586
2018-09-19 13:59:44,442:INFO: [TRAIN] Step: 444 ; Loss: 33.034 ; Acc: 35.562
2018-09-19 13:59:44,522:INFO: [TRAIN] Step: 445 ; Loss: 25.944 ; Acc: 35.575
2018-09-19 13:59:44,595:INFO: [TRAIN] Step: 446 ; Loss: 31.353 ; Acc: 35.570
2018-09-19 13:59:44,674:INFO: [TRAIN] Step: 447 ; Loss: 27.919 ; Acc: 35.593
2018-09-19 13:59:44,745:INFO: [TRAIN] Step: 448 ; Loss: 33.537 ; Acc: 35.588
2018-09-19 13:59:44,825:INFO: [TRAIN] Step: 449 ; Loss: 32.499 ; Acc: 35.611
2018-09-19 13:59:44,897:INFO: [TRAIN] Step: 450 ; Loss: 32.491 ; Acc: 35.615
2018-09-19 13:59:44,975:INFO: [TRAIN] Step: 451 ; Loss: 32.644 ; Acc: 35.592
2018-09-19 13:59:45,047:INFO: [TRAIN] Step: 452 ; Loss: 27.484 ; Acc: 35.587
2018-09-19 13:59:45,125:INFO: [TRAIN] Step: 453 ; Loss: 29.058 ; Acc: 35.591
2018-09-19 13:59:45,198:INFO: [TRAIN] Step: 454 ; Loss: 29.367 ; Acc: 35.595
2018-09-19 13:59:45,280:INFO: [TRAIN] Step: 455 ; Loss: 30.010 ; Acc: 35.609
2018-09-19 13:59:45,353:INFO: [TRAIN] Step: 456 ; Loss: 34.009 ; Acc: 35.558
2018-09-19 13:59:45,433:INFO: [TRAIN] Step: 457 ; Loss: 30.426 ; Acc: 35.535
2018-09-19 13:59:45,506:INFO: [TRAIN] Step: 458 ; Loss: 25.245 ; Acc: 35.521
2018-09-19 13:59:45,587:INFO: [TRAIN] Step: 459 ; Loss: 32.348 ; Acc: 35.525
2018-09-19 13:59:45,662:INFO: [TRAIN] Step: 460 ; Loss: 27.805 ; Acc: 35.521
2018-09-19 13:59:45,740:INFO: [TRAIN] Step: 461 ; Loss: 28.096 ; Acc: 35.489
2018-09-19 13:59:45,814:INFO: [TRAIN] Step: 462 ; Loss: 29.317 ; Acc: 35.484
2018-09-19 13:59:45,900:INFO: [TRAIN] Step: 463 ; Loss: 27.305 ; Acc: 35.489
2018-09-19 13:59:45,979:INFO: [TRAIN] Step: 464 ; Loss: 37.912 ; Acc: 35.466
2018-09-19 13:59:46,061:INFO: [TRAIN] Step: 465 ; Loss: 31.399 ; Acc: 35.452
2018-09-19 13:59:46,138:INFO: [TRAIN] Step: 466 ; Loss: 32.492 ; Acc: 35.448
2018-09-19 13:59:46,218:INFO: [TRAIN] Step: 467 ; Loss: 32.590 ; Acc: 35.417
2018-09-19 13:59:46,291:INFO: [TRAIN] Step: 468 ; Loss: 33.302 ; Acc: 35.403
2018-09-19 13:59:46,370:INFO: [TRAIN] Step: 469 ; Loss: 29.001 ; Acc: 35.399
2018-09-19 13:59:46,444:INFO: [TRAIN] Step: 470 ; Loss: 28.946 ; Acc: 35.421
2018-09-19 13:59:46,523:INFO: [TRAIN] Step: 471 ; Loss: 32.241 ; Acc: 35.381
2018-09-19 13:59:46,596:INFO: [TRAIN] Step: 472 ; Loss: 33.142 ; Acc: 35.377
2018-09-19 13:59:46,677:INFO: [TRAIN] Step: 473 ; Loss: 29.294 ; Acc: 35.373
2018-09-19 13:59:46,749:INFO: [TRAIN] Step: 474 ; Loss: 32.016 ; Acc: 35.368
2018-09-19 13:59:46,827:INFO: [TRAIN] Step: 475 ; Loss: 31.710 ; Acc: 35.338
2018-09-19 13:59:46,903:INFO: [TRAIN] Step: 476 ; Loss: 33.738 ; Acc: 35.334
2018-09-19 13:59:46,983:INFO: [TRAIN] Step: 477 ; Loss: 27.013 ; Acc: 35.347
2018-09-19 13:59:47,060:INFO: [TRAIN] Step: 478 ; Loss: 33.666 ; Acc: 35.343
2018-09-19 13:59:47,140:INFO: [TRAIN] Step: 479 ; Loss: 27.310 ; Acc: 35.365
2018-09-19 13:59:47,213:INFO: [TRAIN] Step: 480 ; Loss: 26.084 ; Acc: 35.369
2018-09-19 13:59:47,293:INFO: [TRAIN] Step: 481 ; Loss: 31.261 ; Acc: 35.365
2018-09-19 13:59:47,366:INFO: [TRAIN] Step: 482 ; Loss: 28.383 ; Acc: 35.404
2018-09-19 13:59:47,444:INFO: [TRAIN] Step: 483 ; Loss: 33.144 ; Acc: 35.391
2018-09-19 13:59:47,518:INFO: [TRAIN] Step: 484 ; Loss: 32.039 ; Acc: 35.378
2018-09-19 13:59:47,599:INFO: [TRAIN] Step: 485 ; Loss: 32.279 ; Acc: 35.365
2018-09-19 13:59:47,679:INFO: [TRAIN] Step: 486 ; Loss: 32.690 ; Acc: 35.327
2018-09-19 13:59:47,761:INFO: [TRAIN] Step: 487 ; Loss: 30.327 ; Acc: 35.340
2018-09-19 13:59:47,834:INFO: [TRAIN] Step: 488 ; Loss: 30.633 ; Acc: 35.344
2018-09-19 13:59:47,913:INFO: [TRAIN] Step: 489 ; Loss: 31.024 ; Acc: 35.349
2018-09-19 13:59:47,987:INFO: [TRAIN] Step: 490 ; Loss: 25.870 ; Acc: 35.387
2018-09-19 13:59:48,068:INFO: [TRAIN] Step: 491 ; Loss: 28.580 ; Acc: 35.349
2018-09-19 13:59:48,140:INFO: [TRAIN] Step: 492 ; Loss: 35.586 ; Acc: 35.294
2018-09-19 13:59:48,219:INFO: [TRAIN] Step: 493 ; Loss: 30.470 ; Acc: 35.273
2018-09-19 13:59:48,293:INFO: [TRAIN] Step: 494 ; Loss: 34.171 ; Acc: 35.278
2018-09-19 13:59:48,374:INFO: [TRAIN] Step: 495 ; Loss: 33.727 ; Acc: 35.257
2018-09-19 13:59:48,448:INFO: [TRAIN] Step: 496 ; Loss: 30.424 ; Acc: 35.295
2018-09-19 13:59:48,529:INFO: [TRAIN] Step: 497 ; Loss: 27.889 ; Acc: 35.291
2018-09-19 13:59:48,603:INFO: [TRAIN] Step: 498 ; Loss: 27.210 ; Acc: 35.304
2018-09-19 13:59:48,682:INFO: [TRAIN] Step: 499 ; Loss: 31.839 ; Acc: 35.283
2018-09-19 13:59:48,755:INFO: [TRAIN] Step: 500 ; Loss: 33.297 ; Acc: 35.254
2018-09-19 13:59:48,834:INFO: [TRAIN] Step: 501 ; Loss: 33.131 ; Acc: 35.217
2018-09-19 13:59:48,907:INFO: [TRAIN] Step: 502 ; Loss: 28.476 ; Acc: 35.205
2018-09-19 13:59:48,987:INFO: [TRAIN] Step: 503 ; Loss: 29.640 ; Acc: 35.210
2018-09-19 13:59:49,059:INFO: [TRAIN] Step: 504 ; Loss: 30.297 ; Acc: 35.206
2018-09-19 13:59:49,139:INFO: [TRAIN] Step: 505 ; Loss: 33.386 ; Acc: 35.203
2018-09-19 13:59:49,211:INFO: [TRAIN] Step: 506 ; Loss: 29.167 ; Acc: 35.215
2018-09-19 13:59:49,289:INFO: [TRAIN] Step: 507 ; Loss: 26.697 ; Acc: 35.228
2018-09-19 13:59:49,362:INFO: [TRAIN] Step: 508 ; Loss: 33.853 ; Acc: 35.232
2018-09-19 13:59:49,442:INFO: [TRAIN] Step: 509 ; Loss: 27.649 ; Acc: 35.261
2018-09-19 13:59:49,515:INFO: [TRAIN] Step: 510 ; Loss: 26.354 ; Acc: 35.282
2018-09-19 13:59:49,596:INFO: [TRAIN] Step: 511 ; Loss: 26.239 ; Acc: 35.286
2018-09-19 13:59:49,668:INFO: [TRAIN] Step: 512 ; Loss: 31.543 ; Acc: 35.250
2018-09-19 13:59:49,747:INFO: [TRAIN] Step: 513 ; Loss: 31.434 ; Acc: 35.230
2018-09-19 13:59:49,824:INFO: [TRAIN] Step: 514 ; Loss: 29.480 ; Acc: 35.243
2018-09-19 13:59:49,904:INFO: [TRAIN] Step: 515 ; Loss: 30.730 ; Acc: 35.223
2018-09-19 13:59:49,978:INFO: [TRAIN] Step: 516 ; Loss: 29.185 ; Acc: 35.203
2018-09-19 13:59:50,058:INFO: [TRAIN] Step: 517 ; Loss: 28.293 ; Acc: 35.208
2018-09-19 13:59:50,131:INFO: [TRAIN] Step: 518 ; Loss: 27.514 ; Acc: 35.228
2018-09-19 13:59:50,211:INFO: [TRAIN] Step: 519 ; Loss: 28.884 ; Acc: 35.240
2018-09-19 13:59:50,283:INFO: [TRAIN] Step: 520 ; Loss: 32.906 ; Acc: 35.229
2018-09-19 13:59:50,360:INFO: [TRAIN] Step: 521 ; Loss: 29.112 ; Acc: 35.249
2018-09-19 13:59:50,432:INFO: [TRAIN] Step: 522 ; Loss: 28.511 ; Acc: 35.261
2018-09-19 13:59:50,511:INFO: [TRAIN] Step: 523 ; Loss: 30.660 ; Acc: 35.289
2018-09-19 13:59:50,583:INFO: [TRAIN] Step: 524 ; Loss: 28.445 ; Acc: 35.294
2018-09-19 13:59:50,663:INFO: [TRAIN] Step: 525 ; Loss: 30.331 ; Acc: 35.290
2018-09-19 13:59:50,736:INFO: [TRAIN] Step: 526 ; Loss: 30.496 ; Acc: 35.334
2018-09-19 13:59:50,817:INFO: [TRAIN] Step: 527 ; Loss: 28.158 ; Acc: 35.385
2018-09-19 13:59:50,890:INFO: [TRAIN] Step: 528 ; Loss: 28.133 ; Acc: 35.397
2018-09-19 13:59:50,967:INFO: [TRAIN] Step: 529 ; Loss: 26.732 ; Acc: 35.409
2018-09-19 13:59:51,043:INFO: [TRAIN] Step: 530 ; Loss: 25.287 ; Acc: 35.421
2018-09-19 13:59:51,124:INFO: [TRAIN] Step: 531 ; Loss: 31.706 ; Acc: 35.424
2018-09-19 13:59:51,197:INFO: [TRAIN] Step: 532 ; Loss: 28.987 ; Acc: 35.428
2018-09-19 13:59:51,278:INFO: [TRAIN] Step: 533 ; Loss: 30.459 ; Acc: 35.448
2018-09-19 13:59:51,349:INFO: [TRAIN] Step: 534 ; Loss: 29.097 ; Acc: 35.460
2018-09-19 13:59:51,427:INFO: [TRAIN] Step: 535 ; Loss: 29.486 ; Acc: 35.456
2018-09-19 13:59:51,500:INFO: [TRAIN] Step: 536 ; Loss: 28.857 ; Acc: 35.467
2018-09-19 13:59:51,580:INFO: [TRAIN] Step: 537 ; Loss: 33.069 ; Acc: 35.448
2018-09-19 13:59:51,654:INFO: [TRAIN] Step: 538 ; Loss: 31.311 ; Acc: 35.444
2018-09-19 13:59:51,733:INFO: [TRAIN] Step: 539 ; Loss: 28.719 ; Acc: 35.440
2018-09-19 13:59:51,805:INFO: [TRAIN] Step: 540 ; Loss: 31.962 ; Acc: 35.436
2018-09-19 13:59:51,883:INFO: [TRAIN] Step: 541 ; Loss: 29.622 ; Acc: 35.447
2018-09-19 13:59:51,958:INFO: [TRAIN] Step: 542 ; Loss: 27.703 ; Acc: 35.444
2018-09-19 13:59:52,037:INFO: [TRAIN] Step: 543 ; Loss: 28.443 ; Acc: 35.447
2018-09-19 13:59:52,110:INFO: [TRAIN] Step: 544 ; Loss: 29.454 ; Acc: 35.443
2018-09-19 13:59:52,189:INFO: [TRAIN] Step: 545 ; Loss: 31.976 ; Acc: 35.417
2018-09-19 13:59:52,261:INFO: [TRAIN] Step: 546 ; Loss: 36.810 ; Acc: 35.398
2018-09-19 13:59:52,341:INFO: [TRAIN] Step: 547 ; Loss: 26.146 ; Acc: 35.394
2018-09-19 13:59:52,413:INFO: [TRAIN] Step: 548 ; Loss: 31.219 ; Acc: 35.383
2018-09-19 13:59:52,490:INFO: [TRAIN] Step: 549 ; Loss: 29.399 ; Acc: 35.379
2018-09-19 13:59:52,564:INFO: [TRAIN] Step: 550 ; Loss: 31.512 ; Acc: 35.360
2018-09-19 13:59:52,647:INFO: [TRAIN] Step: 551 ; Loss: 26.827 ; Acc: 35.394
2018-09-19 13:59:52,724:INFO: [TRAIN] Step: 552 ; Loss: 32.312 ; Acc: 35.390
2018-09-19 13:59:52,805:INFO: [TRAIN] Step: 553 ; Loss: 25.429 ; Acc: 35.424
2018-09-19 13:59:52,879:INFO: [TRAIN] Step: 554 ; Loss: 31.798 ; Acc: 35.428
2018-09-19 13:59:52,958:INFO: [TRAIN] Step: 555 ; Loss: 33.818 ; Acc: 35.417
2018-09-19 13:59:53,038:INFO: [TRAIN] Step: 556 ; Loss: 30.172 ; Acc: 35.413
2018-09-19 13:59:53,130:INFO: [TRAIN] Step: 557 ; Loss: 29.869 ; Acc: 35.402
2018-09-19 13:59:53,203:INFO: [TRAIN] Step: 558 ; Loss: 30.067 ; Acc: 35.405
2018-09-19 13:59:53,281:INFO: [TRAIN] Step: 559 ; Loss: 30.969 ; Acc: 35.402
2018-09-19 13:59:53,353:INFO: [TRAIN] Step: 560 ; Loss: 27.044 ; Acc: 35.398
2018-09-19 13:59:53,433:INFO: [TRAIN] Step: 561 ; Loss: 31.934 ; Acc: 35.417
2018-09-19 13:59:53,505:INFO: [TRAIN] Step: 562 ; Loss: 27.228 ; Acc: 35.420
2018-09-19 13:59:53,585:INFO: [TRAIN] Step: 563 ; Loss: 30.479 ; Acc: 35.409
2018-09-19 13:59:53,658:INFO: [TRAIN] Step: 564 ; Loss: 31.269 ; Acc: 35.406
2018-09-19 13:59:53,738:INFO: [TRAIN] Step: 565 ; Loss: 27.002 ; Acc: 35.402
2018-09-19 13:59:53,809:INFO: [TRAIN] Step: 566 ; Loss: 27.671 ; Acc: 35.413
2018-09-19 13:59:53,887:INFO: [TRAIN] Step: 567 ; Loss: 33.131 ; Acc: 35.395
2018-09-19 13:59:53,958:INFO: [TRAIN] Step: 568 ; Loss: 28.017 ; Acc: 35.406
2018-09-19 13:59:54,041:INFO: [TRAIN] Step: 569 ; Loss: 31.145 ; Acc: 35.424
2018-09-19 13:59:54,113:INFO: [TRAIN] Step: 570 ; Loss: 33.154 ; Acc: 35.413
2018-09-19 13:59:54,192:INFO: [TRAIN] Step: 571 ; Loss: 27.706 ; Acc: 35.431
2018-09-19 13:59:54,266:INFO: [TRAIN] Step: 572 ; Loss: 28.983 ; Acc: 35.420
2018-09-19 13:59:54,346:INFO: [TRAIN] Step: 573 ; Loss: 33.716 ; Acc: 35.402
2018-09-19 13:59:54,421:INFO: [TRAIN] Step: 574 ; Loss: 24.898 ; Acc: 35.420
2018-09-19 13:59:54,501:INFO: [TRAIN] Step: 575 ; Loss: 26.873 ; Acc: 35.446
2018-09-19 13:59:54,573:INFO: [TRAIN] Step: 576 ; Loss: 26.184 ; Acc: 35.464
2018-09-19 13:59:54,651:INFO: [TRAIN] Step: 577 ; Loss: 27.456 ; Acc: 35.482
2018-09-19 13:59:54,722:INFO: [TRAIN] Step: 578 ; Loss: 33.172 ; Acc: 35.471
2018-09-19 13:59:54,803:INFO: [TRAIN] Step: 579 ; Loss: 28.061 ; Acc: 35.460
2018-09-19 13:59:54,875:INFO: [TRAIN] Step: 580 ; Loss: 29.971 ; Acc: 35.463
2018-09-19 13:59:54,954:INFO: [TRAIN] Step: 581 ; Loss: 31.460 ; Acc: 35.481
2018-09-19 13:59:55,026:INFO: [TRAIN] Step: 582 ; Loss: 32.725 ; Acc: 35.485
2018-09-19 13:59:55,105:INFO: [TRAIN] Step: 583 ; Loss: 28.054 ; Acc: 35.495
2018-09-19 13:59:55,179:INFO: [TRAIN] Step: 584 ; Loss: 30.533 ; Acc: 35.499
2018-09-19 13:59:55,257:INFO: [TRAIN] Step: 585 ; Loss: 27.595 ; Acc: 35.509
2018-09-19 13:59:55,332:INFO: [TRAIN] Step: 586 ; Loss: 30.787 ; Acc: 35.505
2018-09-19 13:59:55,411:INFO: [TRAIN] Step: 587 ; Loss: 30.597 ; Acc: 35.502
2018-09-19 13:59:55,486:INFO: [TRAIN] Step: 588 ; Loss: 27.707 ; Acc: 35.498
2018-09-19 13:59:55,566:INFO: [TRAIN] Step: 589 ; Loss: 31.694 ; Acc: 35.466
2018-09-19 13:59:55,637:INFO: [TRAIN] Step: 590 ; Loss: 25.951 ; Acc: 35.462
2018-09-19 13:59:55,718:INFO: [TRAIN] Step: 591 ; Loss: 27.545 ; Acc: 35.473
2018-09-19 13:59:55,790:INFO: [TRAIN] Step: 592 ; Loss: 33.579 ; Acc: 35.469
2018-09-19 13:59:55,871:INFO: [TRAIN] Step: 593 ; Loss: 31.301 ; Acc: 35.452
2018-09-19 13:59:55,942:INFO: [TRAIN] Step: 594 ; Loss: 31.812 ; Acc: 35.441
2018-09-19 13:59:56,022:INFO: [TRAIN] Step: 595 ; Loss: 26.675 ; Acc: 35.452
2018-09-19 13:59:56,096:INFO: [TRAIN] Step: 596 ; Loss: 33.049 ; Acc: 35.469
2018-09-19 13:59:56,178:INFO: [TRAIN] Step: 597 ; Loss: 32.608 ; Acc: 35.458
2018-09-19 13:59:56,252:INFO: [TRAIN] Step: 598 ; Loss: 27.101 ; Acc: 35.483
2018-09-19 13:59:56,333:INFO: [TRAIN] Step: 599 ; Loss: 28.907 ; Acc: 35.486
2018-09-19 13:59:56,407:INFO: [TRAIN] Step: 600 ; Loss: 28.117 ; Acc: 35.469
2018-09-19 13:59:56,489:INFO: [TRAIN] Step: 601 ; Loss: 32.342 ; Acc: 35.444
2018-09-19 13:59:56,562:INFO: [TRAIN] Step: 602 ; Loss: 30.969 ; Acc: 35.455
2018-09-19 13:59:56,640:INFO: [TRAIN] Step: 603 ; Loss: 28.088 ; Acc: 35.465
2018-09-19 13:59:56,715:INFO: [TRAIN] Step: 604 ; Loss: 29.323 ; Acc: 35.468
2018-09-19 13:59:56,794:INFO: [TRAIN] Step: 605 ; Loss: 32.069 ; Acc: 35.465
2018-09-19 13:59:56,870:INFO: [TRAIN] Step: 606 ; Loss: 29.426 ; Acc: 35.461
2018-09-19 13:59:56,947:INFO: [TRAIN] Step: 607 ; Loss: 27.711 ; Acc: 35.471
2018-09-19 13:59:57,021:INFO: [TRAIN] Step: 608 ; Loss: 30.648 ; Acc: 35.475
2018-09-19 13:59:57,101:INFO: [TRAIN] Step: 609 ; Loss: 31.171 ; Acc: 35.492
2018-09-19 13:59:57,176:INFO: [TRAIN] Step: 610 ; Loss: 26.729 ; Acc: 35.516
2018-09-19 13:59:57,259:INFO: [TRAIN] Step: 611 ; Loss: 32.200 ; Acc: 35.505
2018-09-19 13:59:57,334:INFO: [TRAIN] Step: 612 ; Loss: 28.575 ; Acc: 35.502
2018-09-19 13:59:57,414:INFO: [TRAIN] Step: 613 ; Loss: 29.790 ; Acc: 35.518
2018-09-19 13:59:57,487:INFO: [TRAIN] Step: 614 ; Loss: 23.965 ; Acc: 35.542
2018-09-19 13:59:57,568:INFO: [TRAIN] Step: 615 ; Loss: 30.444 ; Acc: 35.525
2018-09-19 13:59:57,644:INFO: [TRAIN] Step: 616 ; Loss: 27.934 ; Acc: 35.508
2018-09-19 13:59:57,725:INFO: [TRAIN] Step: 617 ; Loss: 32.464 ; Acc: 35.491
2018-09-19 13:59:57,798:INFO: [TRAIN] Step: 618 ; Loss: 30.303 ; Acc: 35.487
2018-09-19 13:59:57,881:INFO: [TRAIN] Step: 619 ; Loss: 28.402 ; Acc: 35.470
2018-09-19 13:59:57,953:INFO: [TRAIN] Step: 620 ; Loss: 28.988 ; Acc: 35.480
2018-09-19 13:59:58,034:INFO: [TRAIN] Step: 621 ; Loss: 31.820 ; Acc: 35.457
2018-09-19 13:59:58,108:INFO: [TRAIN] Step: 622 ; Loss: 34.183 ; Acc: 35.427
2018-09-19 13:59:58,188:INFO: [TRAIN] Step: 623 ; Loss: 32.928 ; Acc: 35.423
2018-09-19 13:59:58,261:INFO: [TRAIN] Step: 624 ; Loss: 28.955 ; Acc: 35.433
2018-09-19 13:59:58,341:INFO: [TRAIN] Step: 625 ; Loss: 27.692 ; Acc: 35.430
2018-09-19 13:59:58,415:INFO: [TRAIN] Step: 626 ; Loss: 28.041 ; Acc: 35.420
2018-09-19 13:59:58,495:INFO: [TRAIN] Step: 627 ; Loss: 30.406 ; Acc: 35.423
2018-09-19 13:59:58,567:INFO: [TRAIN] Step: 628 ; Loss: 28.640 ; Acc: 35.420
2018-09-19 13:59:58,648:INFO: [TRAIN] Step: 629 ; Loss: 28.705 ; Acc: 35.443
2018-09-19 13:59:58,720:INFO: [TRAIN] Step: 630 ; Loss: 25.707 ; Acc: 35.479
2018-09-19 13:59:58,799:INFO: [TRAIN] Step: 631 ; Loss: 33.359 ; Acc: 35.489
2018-09-19 13:59:58,874:INFO: [TRAIN] Step: 632 ; Loss: 33.489 ; Acc: 35.479
2018-09-19 13:59:58,955:INFO: [TRAIN] Step: 633 ; Loss: 27.595 ; Acc: 35.469
2018-09-19 13:59:59,029:INFO: [TRAIN] Step: 634 ; Loss: 31.680 ; Acc: 35.466
2018-09-19 13:59:59,111:INFO: [TRAIN] Step: 635 ; Loss: 29.232 ; Acc: 35.436
2018-09-19 13:59:59,184:INFO: [TRAIN] Step: 636 ; Loss: 30.626 ; Acc: 35.433
2018-09-19 13:59:59,264:INFO: [TRAIN] Step: 637 ; Loss: 32.025 ; Acc: 35.436
2018-09-19 13:59:59,336:INFO: [TRAIN] Step: 638 ; Loss: 29.892 ; Acc: 35.426
2018-09-19 13:59:59,416:INFO: [TRAIN] Step: 639 ; Loss: 29.527 ; Acc: 35.449
2018-09-19 13:59:59,492:INFO: [TRAIN] Step: 640 ; Loss: 31.228 ; Acc: 35.459
2018-09-19 13:59:59,573:INFO: [TRAIN] Step: 641 ; Loss: 27.729 ; Acc: 35.475
2018-09-19 13:59:59,648:INFO: [TRAIN] Step: 642 ; Loss: 31.010 ; Acc: 35.485
2018-09-19 13:59:59,729:INFO: [TRAIN] Step: 643 ; Loss: 27.117 ; Acc: 35.488
2018-09-19 13:59:59,805:INFO: [TRAIN] Step: 644 ; Loss: 32.900 ; Acc: 35.465
2018-09-19 13:59:59,885:INFO: [TRAIN] Step: 645 ; Loss: 27.855 ; Acc: 35.475
2018-09-19 13:59:59,958:INFO: [TRAIN] Step: 646 ; Loss: 26.586 ; Acc: 35.465
2018-09-19 14:00:00,039:INFO: [TRAIN] Step: 647 ; Loss: 28.969 ; Acc: 35.449
2018-09-19 14:00:00,114:INFO: [TRAIN] Step: 648 ; Loss: 23.604 ; Acc: 35.478
2018-09-19 14:00:00,196:INFO: [TRAIN] Step: 649 ; Loss: 31.969 ; Acc: 35.449
2018-09-19 14:00:00,269:INFO: [TRAIN] Step: 650 ; Loss: 27.834 ; Acc: 35.471
2018-09-19 14:00:00,350:INFO: [TRAIN] Step: 651 ; Loss: 29.485 ; Acc: 35.461
2018-09-19 14:00:00,423:INFO: [TRAIN] Step: 652 ; Loss: 29.225 ; Acc: 35.471
2018-09-19 14:00:00,503:INFO: [TRAIN] Step: 653 ; Loss: 29.188 ; Acc: 35.455
2018-09-19 14:00:00,576:INFO: [TRAIN] Step: 654 ; Loss: 28.686 ; Acc: 35.452
2018-09-19 14:00:00,659:INFO: [TRAIN] Step: 655 ; Loss: 31.527 ; Acc: 35.461
2018-09-19 14:00:00,736:INFO: [TRAIN] Step: 656 ; Loss: 27.962 ; Acc: 35.458
2018-09-19 14:00:00,818:INFO: [TRAIN] Step: 657 ; Loss: 26.421 ; Acc: 35.474
2018-09-19 14:00:00,892:INFO: [TRAIN] Step: 658 ; Loss: 24.548 ; Acc: 35.470
2018-09-19 14:00:00,974:INFO: [TRAIN] Step: 659 ; Loss: 26.838 ; Acc: 35.499
2018-09-19 14:00:01,050:INFO: [TRAIN] Step: 660 ; Loss: 27.992 ; Acc: 35.489
2018-09-19 14:00:01,131:INFO: [TRAIN] Step: 661 ; Loss: 32.960 ; Acc: 35.505
2018-09-19 14:00:01,207:INFO: [TRAIN] Step: 662 ; Loss: 32.843 ; Acc: 35.476
2018-09-19 14:00:01,290:INFO: [TRAIN] Step: 663 ; Loss: 30.250 ; Acc: 35.461
2018-09-19 14:00:01,365:INFO: [TRAIN] Step: 664 ; Loss: 27.322 ; Acc: 35.451
2018-09-19 14:00:01,446:INFO: [TRAIN] Step: 665 ; Loss: 33.512 ; Acc: 35.435
2018-09-19 14:00:01,521:INFO: [TRAIN] Step: 666 ; Loss: 27.620 ; Acc: 35.439
2018-09-19 14:00:01,603:INFO: [TRAIN] Step: 667 ; Loss: 30.865 ; Acc: 35.442
2018-09-19 14:00:01,677:INFO: [TRAIN] Step: 668 ; Loss: 27.921 ; Acc: 35.432
2018-09-19 14:00:01,760:INFO: [TRAIN] Step: 669 ; Loss: 28.295 ; Acc: 35.429
2018-09-19 14:00:01,835:INFO: [TRAIN] Step: 670 ; Loss: 31.726 ; Acc: 35.432
2018-09-19 14:00:01,916:INFO: [TRAIN] Step: 671 ; Loss: 26.937 ; Acc: 35.435
2018-09-19 14:00:01,990:INFO: [TRAIN] Step: 672 ; Loss: 28.069 ; Acc: 35.457
2018-09-19 14:00:02,071:INFO: [TRAIN] Step: 673 ; Loss: 33.636 ; Acc: 35.448
2018-09-19 14:00:02,146:INFO: [TRAIN] Step: 674 ; Loss: 28.369 ; Acc: 35.451
2018-09-19 14:00:02,227:INFO: [TRAIN] Step: 675 ; Loss: 27.242 ; Acc: 35.454
2018-09-19 14:00:02,303:INFO: [TRAIN] Step: 676 ; Loss: 30.827 ; Acc: 35.463
2018-09-19 14:00:02,387:INFO: [TRAIN] Step: 677 ; Loss: 27.773 ; Acc: 35.472
2018-09-19 14:00:02,462:INFO: [TRAIN] Step: 678 ; Loss: 27.291 ; Acc: 35.475
2018-09-19 14:00:02,545:INFO: [TRAIN] Step: 679 ; Loss: 28.843 ; Acc: 35.490
2018-09-19 14:00:02,621:INFO: [TRAIN] Step: 680 ; Loss: 28.000 ; Acc: 35.524
2018-09-19 14:00:02,704:INFO: [TRAIN] Step: 681 ; Loss: 26.488 ; Acc: 35.533
2018-09-19 14:00:02,777:INFO: [TRAIN] Step: 682 ; Loss: 27.716 ; Acc: 35.493
2018-09-19 14:00:02,860:INFO: [TRAIN] Step: 683 ; Loss: 28.313 ; Acc: 35.508
2018-09-19 14:00:02,935:INFO: [TRAIN] Step: 684 ; Loss: 30.085 ; Acc: 35.523
2018-09-19 14:00:03,019:INFO: [TRAIN] Step: 685 ; Loss: 28.972 ; Acc: 35.502
2018-09-19 14:00:03,097:INFO: [TRAIN] Step: 686 ; Loss: 26.598 ; Acc: 35.517
2018-09-19 14:00:03,178:INFO: [TRAIN] Step: 687 ; Loss: 26.855 ; Acc: 35.526
2018-09-19 14:00:03,258:INFO: [TRAIN] Step: 688 ; Loss: 30.433 ; Acc: 35.529
2018-09-19 14:00:03,344:INFO: [TRAIN] Step: 689 ; Loss: 28.626 ; Acc: 35.531
2018-09-19 14:00:03,420:INFO: [TRAIN] Step: 690 ; Loss: 25.107 ; Acc: 35.540
2018-09-19 14:00:03,501:INFO: [TRAIN] Step: 691 ; Loss: 27.638 ; Acc: 35.555
2018-09-19 14:00:03,578:INFO: [TRAIN] Step: 692 ; Loss: 29.327 ; Acc: 35.558
2018-09-19 14:00:03,663:INFO: [TRAIN] Step: 693 ; Loss: 27.817 ; Acc: 35.549
2018-09-19 14:00:03,737:INFO: [TRAIN] Step: 694 ; Loss: 29.621 ; Acc: 35.576
2018-09-19 14:00:03,819:INFO: [TRAIN] Step: 695 ; Loss: 33.139 ; Acc: 35.542
2018-09-19 14:00:03,895:INFO: [TRAIN] Step: 696 ; Loss: 23.265 ; Acc: 35.557
2018-09-19 14:00:03,981:INFO: [TRAIN] Step: 697 ; Loss: 30.150 ; Acc: 35.560
2018-09-19 14:00:04,055:INFO: [TRAIN] Step: 698 ; Loss: 25.514 ; Acc: 35.587
2018-09-19 14:00:04,139:INFO: [TRAIN] Step: 699 ; Loss: 31.804 ; Acc: 35.560
2018-09-19 14:00:04,216:INFO: [TRAIN] Step: 700 ; Loss: 31.555 ; Acc: 35.550
2018-09-19 14:00:04,299:INFO: [TRAIN] Step: 701 ; Loss: 26.993 ; Acc: 35.559
2018-09-19 14:00:04,379:INFO: [TRAIN] Step: 702 ; Loss: 31.259 ; Acc: 35.550
2018-09-19 14:00:04,464:INFO: [TRAIN] Step: 703 ; Loss: 26.072 ; Acc: 35.547
2018-09-19 14:00:04,538:INFO: [TRAIN] Step: 704 ; Loss: 26.430 ; Acc: 35.556
2018-09-19 14:00:04,623:INFO: [TRAIN] Step: 705 ; Loss: 30.022 ; Acc: 35.570
2018-09-19 14:00:04,700:INFO: [TRAIN] Step: 706 ; Loss: 28.416 ; Acc: 35.567
2018-09-19 14:00:04,785:INFO: [TRAIN] Step: 707 ; Loss: 26.458 ; Acc: 35.587
2018-09-19 14:00:04,862:INFO: [TRAIN] Step: 708 ; Loss: 29.560 ; Acc: 35.590
2018-09-19 14:00:04,946:INFO: [TRAIN] Step: 709 ; Loss: 27.864 ; Acc: 35.599
2018-09-19 14:00:05,023:INFO: [TRAIN] Step: 710 ; Loss: 35.660 ; Acc: 35.572
2018-09-19 14:00:05,108:INFO: [TRAIN] Step: 711 ; Loss: 29.429 ; Acc: 35.581
2018-09-19 14:00:05,200:INFO: [TRAIN] Step: 712 ; Loss: 29.217 ; Acc: 35.595
2018-09-19 14:00:05,295:INFO: [TRAIN] Step: 713 ; Loss: 32.259 ; Acc: 35.592
2018-09-19 14:00:05,374:INFO: [TRAIN] Step: 714 ; Loss: 28.255 ; Acc: 35.571
2018-09-19 14:00:05,461:INFO: [TRAIN] Step: 715 ; Loss: 29.503 ; Acc: 35.591
2018-09-19 14:00:05,539:INFO: [TRAIN] Step: 716 ; Loss: 32.694 ; Acc: 35.571
2018-09-19 14:00:05,622:INFO: [TRAIN] Step: 717 ; Loss: 30.953 ; Acc: 35.550
2018-09-19 14:00:05,701:INFO: [TRAIN] Step: 718 ; Loss: 27.806 ; Acc: 35.576
2018-09-19 14:00:05,784:INFO: [TRAIN] Step: 719 ; Loss: 28.237 ; Acc: 35.567
2018-09-19 14:00:05,865:INFO: [TRAIN] Step: 720 ; Loss: 25.567 ; Acc: 35.570
2018-09-19 14:00:05,952:INFO: [TRAIN] Step: 721 ; Loss: 30.085 ; Acc: 35.572
2018-09-19 14:00:06,030:INFO: [TRAIN] Step: 722 ; Loss: 30.124 ; Acc: 35.558
2018-09-19 14:00:06,113:INFO: [TRAIN] Step: 723 ; Loss: 28.240 ; Acc: 35.561
2018-09-19 14:00:06,199:INFO: [TRAIN] Step: 724 ; Loss: 30.908 ; Acc: 35.552
2018-09-19 14:00:06,312:INFO: [TRAIN] Step: 725 ; Loss: 28.935 ; Acc: 35.526
2018-09-19 14:00:06,393:INFO: [TRAIN] Step: 726 ; Loss: 26.908 ; Acc: 35.546
2018-09-19 14:00:06,497:INFO: [TRAIN] Step: 727 ; Loss: 29.038 ; Acc: 35.560
2018-09-19 14:00:06,577:INFO: [TRAIN] Step: 728 ; Loss: 30.642 ; Acc: 35.551
2018-09-19 14:00:06,680:INFO: [TRAIN] Step: 729 ; Loss: 30.691 ; Acc: 35.542
2018-09-19 14:00:06,765:INFO: [TRAIN] Step: 730 ; Loss: 27.412 ; Acc: 35.528
2018-09-19 14:00:06,858:INFO: [TRAIN] Step: 731 ; Loss: 29.390 ; Acc: 35.531
2018-09-19 14:00:06,935:INFO: [TRAIN] Step: 732 ; Loss: 32.888 ; Acc: 35.533
2018-09-19 14:00:07,022:INFO: [TRAIN] Step: 733 ; Loss: 32.533 ; Acc: 35.547
2018-09-19 14:00:07,099:INFO: [TRAIN] Step: 734 ; Loss: 26.061 ; Acc: 35.567
2018-09-19 14:00:07,184:INFO: [TRAIN] Step: 735 ; Loss: 28.750 ; Acc: 35.558
2018-09-19 14:00:07,271:INFO: [TRAIN] Step: 736 ; Loss: 27.688 ; Acc: 35.555
2018-09-19 14:00:07,357:INFO: [TRAIN] Step: 737 ; Loss: 33.851 ; Acc: 35.535
2018-09-19 14:00:07,438:INFO: [TRAIN] Step: 738 ; Loss: 32.490 ; Acc: 35.521
2018-09-19 14:00:07,525:INFO: [TRAIN] Step: 739 ; Loss: 34.277 ; Acc: 35.507
2018-09-19 14:00:07,614:INFO: [TRAIN] Step: 740 ; Loss: 29.193 ; Acc: 35.509
2018-09-19 14:00:07,700:INFO: [TRAIN] Step: 741 ; Loss: 29.669 ; Acc: 35.507
2018-09-19 14:00:07,778:INFO: [TRAIN] Step: 742 ; Loss: 27.094 ; Acc: 35.520
2018-09-19 14:00:07,876:INFO: [TRAIN] Step: 743 ; Loss: 26.394 ; Acc: 35.534
2018-09-19 14:00:07,956:INFO: [TRAIN] Step: 744 ; Loss: 32.051 ; Acc: 35.520
2018-09-19 14:00:08,052:INFO: [TRAIN] Step: 745 ; Loss: 29.530 ; Acc: 35.534
2018-09-19 14:00:08,131:INFO: [TRAIN] Step: 746 ; Loss: 29.258 ; Acc: 35.542
2018-09-19 14:00:08,217:INFO: [TRAIN] Step: 747 ; Loss: 30.870 ; Acc: 35.528
2018-09-19 14:00:08,298:INFO: [TRAIN] Step: 748 ; Loss: 31.473 ; Acc: 35.531
2018-09-19 14:00:08,385:INFO: [TRAIN] Step: 749 ; Loss: 28.368 ; Acc: 35.556
2018-09-19 14:00:08,467:INFO: [TRAIN] Step: 750 ; Loss: 26.192 ; Acc: 35.569
2018-09-19 14:00:08,554:INFO: [TRAIN] Step: 751 ; Loss: 26.751 ; Acc: 35.600
2018-09-19 14:00:08,632:INFO: [TRAIN] Step: 752 ; Loss: 25.687 ; Acc: 35.613
2018-09-19 14:00:08,719:INFO: [TRAIN] Step: 753 ; Loss: 26.575 ; Acc: 35.621
2018-09-19 14:00:08,799:INFO: [TRAIN] Step: 754 ; Loss: 33.385 ; Acc: 35.607
2018-09-19 14:00:08,887:INFO: [TRAIN] Step: 755 ; Loss: 27.289 ; Acc: 35.632
2018-09-19 14:00:08,971:INFO: [TRAIN] Step: 756 ; Loss: 28.811 ; Acc: 35.629
2018-09-19 14:00:09,058:INFO: [TRAIN] Step: 757 ; Loss: 30.216 ; Acc: 35.626
2018-09-19 14:00:09,137:INFO: [TRAIN] Step: 758 ; Loss: 28.540 ; Acc: 35.623
2018-09-19 14:00:09,226:INFO: [TRAIN] Step: 759 ; Loss: 28.641 ; Acc: 35.630
2018-09-19 14:00:09,304:INFO: [TRAIN] Step: 760 ; Loss: 32.208 ; Acc: 35.633
2018-09-19 14:00:09,391:INFO: [TRAIN] Step: 761 ; Loss: 28.991 ; Acc: 35.646
2018-09-19 14:00:09,471:INFO: [TRAIN] Step: 762 ; Loss: 26.711 ; Acc: 35.665
2018-09-19 14:00:09,558:INFO: [TRAIN] Step: 763 ; Loss: 28.087 ; Acc: 35.673
2018-09-19 14:00:09,639:INFO: [TRAIN] Step: 764 ; Loss: 29.130 ; Acc: 35.670
2018-09-19 14:00:09,728:INFO: [TRAIN] Step: 765 ; Loss: 27.297 ; Acc: 35.667
2018-09-19 14:00:09,808:INFO: [TRAIN] Step: 766 ; Loss: 29.292 ; Acc: 35.653
2018-09-19 14:00:09,896:INFO: [TRAIN] Step: 767 ; Loss: 27.443 ; Acc: 35.666
2018-09-19 14:00:09,975:INFO: [TRAIN] Step: 768 ; Loss: 31.411 ; Acc: 35.663
2018-09-19 14:00:10,063:INFO: [TRAIN] Step: 769 ; Loss: 37.244 ; Acc: 35.666
2018-09-19 14:00:10,144:INFO: [TRAIN] Step: 770 ; Loss: 28.618 ; Acc: 35.668
2018-09-19 14:00:10,231:INFO: [TRAIN] Step: 771 ; Loss: 30.377 ; Acc: 35.670
2018-09-19 14:00:10,311:INFO: [TRAIN] Step: 772 ; Loss: 28.862 ; Acc: 35.689
2018-09-19 14:00:10,396:INFO: [TRAIN] Step: 773 ; Loss: 28.007 ; Acc: 35.702
2018-09-19 14:00:10,477:INFO: [TRAIN] Step: 774 ; Loss: 30.678 ; Acc: 35.704
2018-09-19 14:00:10,568:INFO: [TRAIN] Step: 775 ; Loss: 33.602 ; Acc: 35.696
2018-09-19 14:00:10,651:INFO: [TRAIN] Step: 776 ; Loss: 30.287 ; Acc: 35.698
2018-09-19 14:00:10,738:INFO: [TRAIN] Step: 777 ; Loss: 26.582 ; Acc: 35.706
2018-09-19 14:00:10,818:INFO: [TRAIN] Step: 778 ; Loss: 27.997 ; Acc: 35.703
2018-09-19 14:00:10,909:INFO: [TRAIN] Step: 779 ; Loss: 27.742 ; Acc: 35.694
2018-09-19 14:00:10,989:INFO: [TRAIN] Step: 780 ; Loss: 28.733 ; Acc: 35.713
2018-09-19 14:00:11,076:INFO: [TRAIN] Step: 781 ; Loss: 30.647 ; Acc: 35.710
2018-09-19 14:00:11,157:INFO: [TRAIN] Step: 782 ; Loss: 27.826 ; Acc: 35.717
2018-09-19 14:00:11,244:INFO: [TRAIN] Step: 783 ; Loss: 29.633 ; Acc: 35.714
2018-09-19 14:00:11,324:INFO: [TRAIN] Step: 784 ; Loss: 34.914 ; Acc: 35.695
2018-09-19 14:00:11,413:INFO: [TRAIN] Step: 785 ; Loss: 30.070 ; Acc: 35.698
2018-09-19 14:00:11,493:INFO: [TRAIN] Step: 786 ; Loss: 30.249 ; Acc: 35.689
2018-09-19 14:00:11,580:INFO: [TRAIN] Step: 787 ; Loss: 27.297 ; Acc: 35.692
2018-09-19 14:00:11,660:INFO: [TRAIN] Step: 788 ; Loss: 26.388 ; Acc: 35.694
2018-09-19 14:00:11,749:INFO: [TRAIN] Step: 789 ; Loss: 29.002 ; Acc: 35.680
2018-09-19 14:00:11,829:INFO: [TRAIN] Step: 790 ; Loss: 25.914 ; Acc: 35.693
2018-09-19 14:00:11,915:INFO: [TRAIN] Step: 791 ; Loss: 33.933 ; Acc: 35.685
2018-09-19 14:00:11,996:INFO: [TRAIN] Step: 792 ; Loss: 28.949 ; Acc: 35.677
2018-09-19 14:00:12,083:INFO: [TRAIN] Step: 793 ; Loss: 24.721 ; Acc: 35.690
2018-09-19 14:00:12,164:INFO: [TRAIN] Step: 794 ; Loss: 27.414 ; Acc: 35.687
2018-09-19 14:00:12,253:INFO: [TRAIN] Step: 795 ; Loss: 31.678 ; Acc: 35.678
2018-09-19 14:00:12,334:INFO: [TRAIN] Step: 796 ; Loss: 28.778 ; Acc: 35.681
2018-09-19 14:00:12,423:INFO: [TRAIN] Step: 797 ; Loss: 28.482 ; Acc: 35.683
2018-09-19 14:00:12,506:INFO: [TRAIN] Step: 798 ; Loss: 26.389 ; Acc: 35.685
2018-09-19 14:00:12,592:INFO: [TRAIN] Step: 799 ; Loss: 28.838 ; Acc: 35.682
2018-09-19 14:00:12,671:INFO: [TRAIN] Step: 800 ; Loss: 28.114 ; Acc: 35.690
2018-09-19 14:00:12,758:INFO: [TRAIN] Step: 801 ; Loss: 31.305 ; Acc: 35.682
2018-09-19 14:00:12,838:INFO: [TRAIN] Step: 802 ; Loss: 29.377 ; Acc: 35.663
2018-09-19 14:00:12,925:INFO: [TRAIN] Step: 803 ; Loss: 28.561 ; Acc: 35.655
2018-09-19 14:00:13,005:INFO: [TRAIN] Step: 804 ; Loss: 27.954 ; Acc: 35.663
2018-09-19 14:00:13,098:INFO: [TRAIN] Step: 805 ; Loss: 30.155 ; Acc: 35.670
2018-09-19 14:00:13,181:INFO: [TRAIN] Step: 806 ; Loss: 29.567 ; Acc: 35.672
2018-09-19 14:00:13,269:INFO: [TRAIN] Step: 807 ; Loss: 29.908 ; Acc: 35.664
2018-09-19 14:00:13,352:INFO: [TRAIN] Step: 808 ; Loss: 29.227 ; Acc: 35.661
2018-09-19 14:00:13,439:INFO: [TRAIN] Step: 809 ; Loss: 33.080 ; Acc: 35.643
2018-09-19 14:00:13,523:INFO: [TRAIN] Step: 810 ; Loss: 30.878 ; Acc: 35.640
2018-09-19 14:00:13,609:INFO: [TRAIN] Step: 811 ; Loss: 29.852 ; Acc: 35.637
2018-09-19 14:00:13,688:INFO: [TRAIN] Step: 812 ; Loss: 28.698 ; Acc: 35.655
2018-09-19 14:00:13,775:INFO: [TRAIN] Step: 813 ; Loss: 31.677 ; Acc: 35.632
2018-09-19 14:00:13,856:INFO: [TRAIN] Step: 814 ; Loss: 31.244 ; Acc: 35.619
2018-09-19 14:00:13,945:INFO: [TRAIN] Step: 815 ; Loss: 28.998 ; Acc: 35.626
2018-09-19 14:00:14,028:INFO: [TRAIN] Step: 816 ; Loss: 29.694 ; Acc: 35.628
2018-09-19 14:00:14,116:INFO: [TRAIN] Step: 817 ; Loss: 30.070 ; Acc: 35.631
2018-09-19 14:00:14,198:INFO: [TRAIN] Step: 818 ; Loss: 31.308 ; Acc: 35.633
2018-09-19 14:00:14,288:INFO: [TRAIN] Step: 819 ; Loss: 32.849 ; Acc: 35.605
2018-09-19 14:00:14,370:INFO: [TRAIN] Step: 820 ; Loss: 31.126 ; Acc: 35.607
2018-09-19 14:00:14,457:INFO: [TRAIN] Step: 821 ; Loss: 27.052 ; Acc: 35.630
2018-09-19 14:00:14,536:INFO: [TRAIN] Step: 822 ; Loss: 29.702 ; Acc: 35.612
2018-09-19 14:00:14,625:INFO: [TRAIN] Step: 823 ; Loss: 30.222 ; Acc: 35.604
2018-09-19 14:00:14,709:INFO: [TRAIN] Step: 824 ; Loss: 28.200 ; Acc: 35.621
2018-09-19 14:00:14,797:INFO: [TRAIN] Step: 825 ; Loss: 29.335 ; Acc: 35.618
2018-09-19 14:00:14,879:INFO: [TRAIN] Step: 826 ; Loss: 26.480 ; Acc: 35.631
2018-09-19 14:00:14,967:INFO: [TRAIN] Step: 827 ; Loss: 31.350 ; Acc: 35.618
2018-09-19 14:00:15,049:INFO: [TRAIN] Step: 828 ; Loss: 28.124 ; Acc: 35.625
2018-09-19 14:00:15,137:INFO: [TRAIN] Step: 829 ; Loss: 27.121 ; Acc: 35.607
2018-09-19 14:00:15,219:INFO: [TRAIN] Step: 830 ; Loss: 29.528 ; Acc: 35.605
2018-09-19 14:00:15,308:INFO: [TRAIN] Step: 831 ; Loss: 25.960 ; Acc: 35.612
2018-09-19 14:00:15,390:INFO: [TRAIN] Step: 832 ; Loss: 28.339 ; Acc: 35.619
2018-09-19 14:00:15,477:INFO: [TRAIN] Step: 833 ; Loss: 27.199 ; Acc: 35.636
2018-09-19 14:00:15,560:INFO: [TRAIN] Step: 834 ; Loss: 35.528 ; Acc: 35.604
2018-09-19 14:00:15,650:INFO: [TRAIN] Step: 835 ; Loss: 30.434 ; Acc: 35.596
2018-09-19 14:00:15,733:INFO: [TRAIN] Step: 836 ; Loss: 28.943 ; Acc: 35.583
2018-09-19 14:00:15,820:INFO: [TRAIN] Step: 837 ; Loss: 31.756 ; Acc: 35.576
2018-09-19 14:00:15,904:INFO: [TRAIN] Step: 838 ; Loss: 31.700 ; Acc: 35.573
2018-09-19 14:00:15,992:INFO: [TRAIN] Step: 839 ; Loss: 29.390 ; Acc: 35.575
2018-09-19 14:00:16,072:INFO: [TRAIN] Step: 840 ; Loss: 31.494 ; Acc: 35.568
2018-09-19 14:00:16,158:INFO: [TRAIN] Step: 841 ; Loss: 28.750 ; Acc: 35.560
2018-09-19 14:00:16,239:INFO: [TRAIN] Step: 842 ; Loss: 28.292 ; Acc: 35.558
2018-09-19 14:00:16,330:INFO: [TRAIN] Step: 843 ; Loss: 24.552 ; Acc: 35.570
2018-09-19 14:00:16,413:INFO: [TRAIN] Step: 844 ; Loss: 25.883 ; Acc: 35.582
2018-09-19 14:00:16,501:INFO: [TRAIN] Step: 845 ; Loss: 27.558 ; Acc: 35.614
2018-09-19 14:00:16,583:INFO: [TRAIN] Step: 846 ; Loss: 28.558 ; Acc: 35.606
2018-09-19 14:00:16,671:INFO: [TRAIN] Step: 847 ; Loss: 27.986 ; Acc: 35.608
2018-09-19 14:00:16,753:INFO: [TRAIN] Step: 848 ; Loss: 27.792 ; Acc: 35.615
2018-09-19 14:00:16,840:INFO: [TRAIN] Step: 849 ; Loss: 24.201 ; Acc: 35.627
2018-09-19 14:00:16,920:INFO: [TRAIN] Step: 850 ; Loss: 29.255 ; Acc: 35.610
2018-09-19 14:00:17,008:INFO: [TRAIN] Step: 851 ; Loss: 29.099 ; Acc: 35.627
2018-09-19 14:00:17,091:INFO: [TRAIN] Step: 852 ; Loss: 28.418 ; Acc: 35.629
2018-09-19 14:00:17,183:INFO: [TRAIN] Step: 853 ; Loss: 28.841 ; Acc: 35.636
2018-09-19 14:00:17,266:INFO: [TRAIN] Step: 854 ; Loss: 28.838 ; Acc: 35.638
2018-09-19 14:00:17,354:INFO: [TRAIN] Step: 855 ; Loss: 31.088 ; Acc: 35.626
2018-09-19 14:00:17,438:INFO: [TRAIN] Step: 856 ; Loss: 30.759 ; Acc: 35.618
2018-09-19 14:00:17,526:INFO: [TRAIN] Step: 857 ; Loss: 26.774 ; Acc: 35.625
2018-09-19 14:00:17,609:INFO: [TRAIN] Step: 858 ; Loss: 29.475 ; Acc: 35.608
2018-09-19 14:00:17,706:INFO: [TRAIN] Step: 859 ; Loss: 26.968 ; Acc: 35.615
2018-09-19 14:00:17,788:INFO: [TRAIN] Step: 860 ; Loss: 27.708 ; Acc: 35.622
2018-09-19 14:00:17,878:INFO: [TRAIN] Step: 861 ; Loss: 28.291 ; Acc: 35.620
2018-09-19 14:00:17,961:INFO: [TRAIN] Step: 862 ; Loss: 29.298 ; Acc: 35.627
2018-09-19 14:00:18,047:INFO: [TRAIN] Step: 863 ; Loss: 29.522 ; Acc: 35.634
2018-09-19 14:00:18,131:INFO: [TRAIN] Step: 864 ; Loss: 28.795 ; Acc: 35.645
2018-09-19 14:00:18,219:INFO: [TRAIN] Step: 865 ; Loss: 24.418 ; Acc: 35.667
2018-09-19 14:00:18,305:INFO: [TRAIN] Step: 866 ; Loss: 28.199 ; Acc: 35.679
2018-09-19 14:00:18,394:INFO: [TRAIN] Step: 867 ; Loss: 25.950 ; Acc: 35.690
2018-09-19 14:00:18,475:INFO: [TRAIN] Step: 868 ; Loss: 32.554 ; Acc: 35.697
2018-09-19 14:00:18,562:INFO: [TRAIN] Step: 869 ; Loss: 27.751 ; Acc: 35.714
2018-09-19 14:00:18,646:INFO: [TRAIN] Step: 870 ; Loss: 28.611 ; Acc: 35.720
2018-09-19 14:00:18,734:INFO: [TRAIN] Step: 871 ; Loss: 27.554 ; Acc: 35.703
2018-09-19 14:00:18,819:INFO: [TRAIN] Step: 872 ; Loss: 29.122 ; Acc: 35.710
2018-09-19 14:00:18,911:INFO: [TRAIN] Step: 873 ; Loss: 25.801 ; Acc: 35.727
2018-09-19 14:00:18,994:INFO: [TRAIN] Step: 874 ; Loss: 27.455 ; Acc: 35.729
2018-09-19 14:00:19,085:INFO: [TRAIN] Step: 875 ; Loss: 27.523 ; Acc: 35.745
2018-09-19 14:00:19,167:INFO: [TRAIN] Step: 876 ; Loss: 30.148 ; Acc: 35.752
2018-09-19 14:00:19,258:INFO: [TRAIN] Step: 877 ; Loss: 26.265 ; Acc: 35.768
2018-09-19 14:00:19,339:INFO: [TRAIN] Step: 878 ; Loss: 29.484 ; Acc: 35.760
2018-09-19 14:00:19,429:INFO: [TRAIN] Step: 879 ; Loss: 31.298 ; Acc: 35.753
2018-09-19 14:00:19,516:INFO: [TRAIN] Step: 880 ; Loss: 30.528 ; Acc: 35.745
2018-09-19 14:00:19,604:INFO: [TRAIN] Step: 881 ; Loss: 30.398 ; Acc: 35.733
2018-09-19 14:00:19,687:INFO: [TRAIN] Step: 882 ; Loss: 29.909 ; Acc: 35.740
2018-09-19 14:00:19,777:INFO: [TRAIN] Step: 883 ; Loss: 27.357 ; Acc: 35.761
2018-09-19 14:00:19,856:INFO: [TRAIN] Step: 884 ; Loss: 30.876 ; Acc: 35.758
2018-09-19 14:00:19,943:INFO: [TRAIN] Step: 885 ; Loss: 25.518 ; Acc: 35.783
2018-09-19 14:00:20,023:INFO: [TRAIN] Step: 886 ; Loss: 24.308 ; Acc: 35.785
2018-09-19 14:00:20,113:INFO: [TRAIN] Step: 887 ; Loss: 28.522 ; Acc: 35.797
2018-09-19 14:00:20,195:INFO: [TRAIN] Step: 888 ; Loss: 29.060 ; Acc: 35.794
2018-09-19 14:00:20,284:INFO: [TRAIN] Step: 889 ; Loss: 27.660 ; Acc: 35.801
2018-09-19 14:00:20,369:INFO: [TRAIN] Step: 890 ; Loss: 31.651 ; Acc: 35.788
2018-09-19 14:00:20,459:INFO: [TRAIN] Step: 891 ; Loss: 26.075 ; Acc: 35.800
2018-09-19 14:00:20,544:INFO: [TRAIN] Step: 892 ; Loss: 26.733 ; Acc: 35.806
2018-09-19 14:00:20,631:INFO: [TRAIN] Step: 893 ; Loss: 28.572 ; Acc: 35.808
2018-09-19 14:00:20,717:INFO: [TRAIN] Step: 894 ; Loss: 25.834 ; Acc: 35.815
2018-09-19 14:00:20,807:INFO: [TRAIN] Step: 895 ; Loss: 26.157 ; Acc: 35.817
2018-09-19 14:00:20,889:INFO: [TRAIN] Step: 896 ; Loss: 34.037 ; Acc: 35.809
2018-09-19 14:00:20,977:INFO: [TRAIN] Step: 897 ; Loss: 30.786 ; Acc: 35.811
2018-09-19 14:00:21,059:INFO: [TRAIN] Step: 898 ; Loss: 27.426 ; Acc: 35.808
2018-09-19 14:00:21,148:INFO: [TRAIN] Step: 899 ; Loss: 30.501 ; Acc: 35.787
2018-09-19 14:00:21,229:INFO: [TRAIN] Step: 900 ; Loss: 34.604 ; Acc: 35.780
2018-09-19 14:00:21,317:INFO: [TRAIN] Step: 901 ; Loss: 30.095 ; Acc: 35.791
2018-09-19 14:00:21,400:INFO: [TRAIN] Step: 902 ; Loss: 27.522 ; Acc: 35.783
2018-09-19 14:00:21,491:INFO: [TRAIN] Step: 903 ; Loss: 29.261 ; Acc: 35.762
2018-09-19 14:00:21,570:INFO: [TRAIN] Step: 904 ; Loss: 28.441 ; Acc: 35.764
2018-09-19 14:00:21,657:INFO: [TRAIN] Step: 905 ; Loss: 26.959 ; Acc: 35.775
2018-09-19 14:00:21,741:INFO: [TRAIN] Step: 906 ; Loss: 24.588 ; Acc: 35.796
2018-09-19 14:00:21,833:INFO: [TRAIN] Step: 907 ; Loss: 28.145 ; Acc: 35.802
2018-09-19 14:00:21,919:INFO: [TRAIN] Step: 908 ; Loss: 29.199 ; Acc: 35.790
2018-09-19 14:00:22,006:INFO: [TRAIN] Step: 909 ; Loss: 26.853 ; Acc: 35.788
2018-09-19 14:00:22,092:INFO: [TRAIN] Step: 910 ; Loss: 29.920 ; Acc: 35.771
2018-09-19 14:00:22,180:INFO: [TRAIN] Step: 911 ; Loss: 29.199 ; Acc: 35.764
2018-09-19 14:00:22,261:INFO: [TRAIN] Step: 912 ; Loss: 22.160 ; Acc: 35.770
2018-09-19 14:00:22,353:INFO: [TRAIN] Step: 913 ; Loss: 28.856 ; Acc: 35.763
2018-09-19 14:00:22,435:INFO: [TRAIN] Step: 914 ; Loss: 30.505 ; Acc: 35.760
2018-09-19 14:00:22,524:INFO: [TRAIN] Step: 915 ; Loss: 28.823 ; Acc: 35.762
2018-09-19 14:00:22,608:INFO: [TRAIN] Step: 916 ; Loss: 31.358 ; Acc: 35.769
2018-09-19 14:00:22,695:INFO: [TRAIN] Step: 917 ; Loss: 30.033 ; Acc: 35.771
2018-09-19 14:00:22,778:INFO: [TRAIN] Step: 918 ; Loss: 31.715 ; Acc: 35.759
2018-09-19 14:00:22,869:INFO: [TRAIN] Step: 919 ; Loss: 28.422 ; Acc: 35.743
2018-09-19 14:00:22,950:INFO: [TRAIN] Step: 920 ; Loss: 29.009 ; Acc: 35.740
2018-09-19 14:00:23,035:INFO: [TRAIN] Step: 921 ; Loss: 26.387 ; Acc: 35.751
2018-09-19 14:00:23,121:INFO: [TRAIN] Step: 922 ; Loss: 27.442 ; Acc: 35.767
2018-09-19 14:00:23,209:INFO: [TRAIN] Step: 923 ; Loss: 27.448 ; Acc: 35.777
2018-09-19 14:00:23,290:INFO: [TRAIN] Step: 924 ; Loss: 29.070 ; Acc: 35.775
2018-09-19 14:00:23,383:INFO: [TRAIN] Step: 925 ; Loss: 27.928 ; Acc: 35.786
2018-09-19 14:00:23,464:INFO: [TRAIN] Step: 926 ; Loss: 29.426 ; Acc: 35.783
2018-09-19 14:00:23,552:INFO: [TRAIN] Step: 927 ; Loss: 32.275 ; Acc: 35.794
2018-09-19 14:00:23,636:INFO: [TRAIN] Step: 928 ; Loss: 29.499 ; Acc: 35.787
2018-09-19 14:00:23,726:INFO: [TRAIN] Step: 929 ; Loss: 31.472 ; Acc: 35.784
2018-09-19 14:00:23,813:INFO: [TRAIN] Step: 930 ; Loss: 27.842 ; Acc: 35.777
2018-09-19 14:00:23,899:INFO: [TRAIN] Step: 931 ; Loss: 29.993 ; Acc: 35.765
2018-09-19 14:00:23,981:INFO: [TRAIN] Step: 932 ; Loss: 27.584 ; Acc: 35.763
2018-09-19 14:00:24,069:INFO: [TRAIN] Step: 933 ; Loss: 28.240 ; Acc: 35.760
2018-09-19 14:00:24,153:INFO: [TRAIN] Step: 934 ; Loss: 25.347 ; Acc: 35.758
2018-09-19 14:00:24,242:INFO: [TRAIN] Step: 935 ; Loss: 32.000 ; Acc: 35.751
2018-09-19 14:00:24,327:INFO: [TRAIN] Step: 936 ; Loss: 26.463 ; Acc: 35.770
2018-09-19 14:00:24,418:INFO: [TRAIN] Step: 937 ; Loss: 25.033 ; Acc: 35.785
2018-09-19 14:00:24,503:INFO: [TRAIN] Step: 938 ; Loss: 26.968 ; Acc: 35.778
2018-09-19 14:00:24,593:INFO: [TRAIN] Step: 939 ; Loss: 24.787 ; Acc: 35.789
2018-09-19 14:00:24,676:INFO: [TRAIN] Step: 940 ; Loss: 24.867 ; Acc: 35.791
2018-09-19 14:00:24,763:INFO: [TRAIN] Step: 941 ; Loss: 28.941 ; Acc: 35.788
2018-09-19 14:00:24,844:INFO: [TRAIN] Step: 942 ; Loss: 31.388 ; Acc: 35.786
2018-09-19 14:00:24,932:INFO: [TRAIN] Step: 943 ; Loss: 32.394 ; Acc: 35.792
2018-09-19 14:00:25,017:INFO: [TRAIN] Step: 944 ; Loss: 26.753 ; Acc: 35.785
2018-09-19 14:00:25,111:INFO: [TRAIN] Step: 945 ; Loss: 29.000 ; Acc: 35.782
2018-09-19 14:00:25,193:INFO: [TRAIN] Step: 946 ; Loss: 27.051 ; Acc: 35.788
2018-09-19 14:00:25,282:INFO: [TRAIN] Step: 947 ; Loss: 30.792 ; Acc: 35.790
2018-09-19 14:00:25,363:INFO: [TRAIN] Step: 948 ; Loss: 26.212 ; Acc: 35.818
2018-09-19 14:00:25,453:INFO: [TRAIN] Step: 949 ; Loss: 27.169 ; Acc: 35.811
2018-09-19 14:00:25,534:INFO: [TRAIN] Step: 950 ; Loss: 26.249 ; Acc: 35.800
2018-09-19 14:00:25,623:INFO: [TRAIN] Step: 951 ; Loss: 27.779 ; Acc: 35.802
2018-09-19 14:00:25,707:INFO: [TRAIN] Step: 952 ; Loss: 26.786 ; Acc: 35.790
2018-09-19 14:00:25,796:INFO: [TRAIN] Step: 953 ; Loss: 29.416 ; Acc: 35.797
2018-09-19 14:00:25,884:INFO: [TRAIN] Step: 954 ; Loss: 33.399 ; Acc: 35.781
2018-09-19 14:00:25,973:INFO: [TRAIN] Step: 955 ; Loss: 28.260 ; Acc: 35.770
2018-09-19 14:00:26,054:INFO: [TRAIN] Step: 956 ; Loss: 29.707 ; Acc: 35.772
2018-09-19 14:00:26,142:INFO: [TRAIN] Step: 957 ; Loss: 24.284 ; Acc: 35.782
2018-09-19 14:00:26,224:INFO: [TRAIN] Step: 958 ; Loss: 28.082 ; Acc: 35.788
2018-09-19 14:00:26,314:INFO: [TRAIN] Step: 959 ; Loss: 27.937 ; Acc: 35.768
2018-09-19 14:00:26,398:INFO: [TRAIN] Step: 960 ; Loss: 30.020 ; Acc: 35.761
2018-09-19 14:00:26,487:INFO: [TRAIN] Step: 961 ; Loss: 25.964 ; Acc: 35.763
2018-09-19 14:00:26,568:INFO: [TRAIN] Step: 962 ; Loss: 33.354 ; Acc: 35.752
2018-09-19 14:00:26,658:INFO: [TRAIN] Step: 963 ; Loss: 27.918 ; Acc: 35.741
2018-09-19 14:00:26,740:INFO: [TRAIN] Step: 964 ; Loss: 27.933 ; Acc: 35.743
2018-09-19 14:00:26,830:INFO: [TRAIN] Step: 965 ; Loss: 27.523 ; Acc: 35.736
2018-09-19 14:00:26,910:INFO: [TRAIN] Step: 966 ; Loss: 30.664 ; Acc: 35.738
2018-09-19 14:00:26,997:INFO: [TRAIN] Step: 967 ; Loss: 31.188 ; Acc: 35.735
2018-09-19 14:00:27,079:INFO: [TRAIN] Step: 968 ; Loss: 31.240 ; Acc: 35.716
2018-09-19 14:00:27,170:INFO: [TRAIN] Step: 969 ; Loss: 35.474 ; Acc: 35.709
2018-09-19 14:00:27,252:INFO: [TRAIN] Step: 970 ; Loss: 29.599 ; Acc: 35.698
2018-09-19 14:00:27,342:INFO: [TRAIN] Step: 971 ; Loss: 28.084 ; Acc: 35.700
2018-09-19 14:00:27,422:INFO: [TRAIN] Step: 972 ; Loss: 28.466 ; Acc: 35.693
2018-09-19 14:00:27,511:INFO: [TRAIN] Step: 973 ; Loss: 27.574 ; Acc: 35.699
2018-09-19 14:00:27,595:INFO: [TRAIN] Step: 974 ; Loss: 33.691 ; Acc: 35.684
2018-09-19 14:00:27,684:INFO: [TRAIN] Step: 975 ; Loss: 35.347 ; Acc: 35.673
2018-09-19 14:00:27,767:INFO: [TRAIN] Step: 976 ; Loss: 26.477 ; Acc: 35.687
2018-09-19 14:00:27,855:INFO: [TRAIN] Step: 977 ; Loss: 27.733 ; Acc: 35.694
2018-09-19 14:00:27,936:INFO: [TRAIN] Step: 978 ; Loss: 27.297 ; Acc: 35.691
2018-09-19 14:00:28,025:INFO: [TRAIN] Step: 979 ; Loss: 30.965 ; Acc: 35.672
2018-09-19 14:00:28,107:INFO: [TRAIN] Step: 980 ; Loss: 29.332 ; Acc: 35.661
2018-09-19 14:00:28,194:INFO: [TRAIN] Step: 981 ; Loss: 28.345 ; Acc: 35.675
2018-09-19 14:00:28,277:INFO: [TRAIN] Step: 982 ; Loss: 24.842 ; Acc: 35.690
2018-09-19 14:00:28,365:INFO: [TRAIN] Step: 983 ; Loss: 29.556 ; Acc: 35.679
2018-09-19 14:00:28,450:INFO: [TRAIN] Step: 984 ; Loss: 30.231 ; Acc: 35.677
2018-09-19 14:00:28,540:INFO: [TRAIN] Step: 985 ; Loss: 28.996 ; Acc: 35.662
2018-09-19 14:00:28,623:INFO: [TRAIN] Step: 986 ; Loss: 30.024 ; Acc: 35.647
2018-09-19 14:00:28,710:INFO: [TRAIN] Step: 987 ; Loss: 28.939 ; Acc: 35.649
2018-09-19 14:00:28,793:INFO: [TRAIN] Step: 988 ; Loss: 31.387 ; Acc: 35.638
2018-09-19 14:00:28,885:INFO: [TRAIN] Step: 989 ; Loss: 28.210 ; Acc: 35.644
2018-09-19 14:00:28,968:INFO: [TRAIN] Step: 990 ; Loss: 29.020 ; Acc: 35.658
2018-09-19 14:00:29,054:INFO: [TRAIN] Step: 991 ; Loss: 28.510 ; Acc: 35.660
2018-09-19 14:00:29,138:INFO: [TRAIN] Step: 992 ; Loss: 33.204 ; Acc: 35.645
2018-09-19 14:00:29,225:INFO: [TRAIN] Step: 993 ; Loss: 31.044 ; Acc: 35.651
2018-09-19 14:00:29,311:INFO: [TRAIN] Step: 994 ; Loss: 26.107 ; Acc: 35.641
2018-09-19 14:00:29,399:INFO: [TRAIN] Step: 995 ; Loss: 31.348 ; Acc: 35.630
2018-09-19 14:00:29,481:INFO: [TRAIN] Step: 996 ; Loss: 31.204 ; Acc: 35.615
2018-09-19 14:00:29,570:INFO: [TRAIN] Step: 997 ; Loss: 31.713 ; Acc: 35.609
2018-09-19 14:00:29,653:INFO: [TRAIN] Step: 998 ; Loss: 30.801 ; Acc: 35.619
2018-09-19 14:00:29,741:INFO: [TRAIN] Step: 999 ; Loss: 28.809 ; Acc: 35.638
2018-09-19 14:00:29,822:INFO: [TRAIN] Step: 1000 ; Loss: 31.829 ; Acc: 35.639
2018-09-19 14:00:29,909:INFO: [TRAIN] Step: 1001 ; Loss: 26.930 ; Acc: 35.641
2018-09-19 14:00:29,993:INFO: [TRAIN] Step: 1002 ; Loss: 28.390 ; Acc: 35.651
2018-09-19 14:00:30,082:INFO: [TRAIN] Step: 1003 ; Loss: 32.517 ; Acc: 35.649
2018-09-19 14:00:30,162:INFO: [TRAIN] Step: 1004 ; Loss: 34.600 ; Acc: 35.630
2018-09-19 14:00:30,251:INFO: [TRAIN] Step: 1005 ; Loss: 32.677 ; Acc: 35.620
2018-09-19 14:00:30,332:INFO: [TRAIN] Step: 1006 ; Loss: 27.864 ; Acc: 35.638
2018-09-19 14:00:30,422:INFO: [TRAIN] Step: 1007 ; Loss: 27.457 ; Acc: 35.636
2018-09-19 14:00:30,503:INFO: [TRAIN] Step: 1008 ; Loss: 28.754 ; Acc: 35.638
2018-09-19 14:00:30,594:INFO: [TRAIN] Step: 1009 ; Loss: 27.615 ; Acc: 35.619
2018-09-19 14:00:30,674:INFO: [TRAIN] Step: 1010 ; Loss: 27.723 ; Acc: 35.625
2018-09-19 14:00:30,761:INFO: [TRAIN] Step: 1011 ; Loss: 28.095 ; Acc: 35.635
2018-09-19 14:00:30,842:INFO: [TRAIN] Step: 1012 ; Loss: 27.608 ; Acc: 35.633
2018-09-19 14:00:30,930:INFO: [TRAIN] Step: 1013 ; Loss: 27.525 ; Acc: 35.626
2018-09-19 14:00:31,014:INFO: [TRAIN] Step: 1014 ; Loss: 27.075 ; Acc: 35.649
2018-09-19 14:00:31,099:INFO: [TRAIN] Step: 1015 ; Loss: 29.944 ; Acc: 35.659
2018-09-19 14:00:31,179:INFO: [TRAIN] Step: 1016 ; Loss: 27.521 ; Acc: 35.673
2018-09-19 14:00:31,267:INFO: [TRAIN] Step: 1017 ; Loss: 29.161 ; Acc: 35.675
2018-09-19 14:00:31,352:INFO: [TRAIN] Step: 1018 ; Loss: 26.543 ; Acc: 35.680
2018-09-19 14:00:31,441:INFO: [TRAIN] Step: 1019 ; Loss: 33.634 ; Acc: 35.670
2018-09-19 14:00:31,523:INFO: [TRAIN] Step: 1020 ; Loss: 26.683 ; Acc: 35.672
2018-09-19 14:00:31,611:INFO: [TRAIN] Step: 1021 ; Loss: 27.676 ; Acc: 35.669
2018-09-19 14:00:31,691:INFO: [TRAIN] Step: 1022 ; Loss: 33.854 ; Acc: 35.659
2018-09-19 14:00:31,778:INFO: [TRAIN] Step: 1023 ; Loss: 29.491 ; Acc: 35.665
2018-09-19 14:00:31,861:INFO: [TRAIN] Step: 1024 ; Loss: 26.693 ; Acc: 35.675
2018-09-19 14:00:31,946:INFO: [TRAIN] Step: 1025 ; Loss: 28.857 ; Acc: 35.689
2018-09-19 14:00:32,028:INFO: [TRAIN] Step: 1026 ; Loss: 28.217 ; Acc: 35.691
2018-09-19 14:00:32,115:INFO: [TRAIN] Step: 1027 ; Loss: 28.340 ; Acc: 35.692
2018-09-19 14:00:32,198:INFO: [TRAIN] Step: 1028 ; Loss: 27.304 ; Acc: 35.690
2018-09-19 14:00:32,286:INFO: [TRAIN] Step: 1029 ; Loss: 28.648 ; Acc: 35.688
2018-09-19 14:00:32,366:INFO: [TRAIN] Step: 1030 ; Loss: 24.285 ; Acc: 35.698
2018-09-19 14:00:32,456:INFO: [TRAIN] Step: 1031 ; Loss: 24.391 ; Acc: 35.703
2018-09-19 14:00:32,539:INFO: [TRAIN] Step: 1032 ; Loss: 30.298 ; Acc: 35.697
2018-09-19 14:00:32,627:INFO: [TRAIN] Step: 1033 ; Loss: 30.897 ; Acc: 35.711
2018-09-19 14:00:32,709:INFO: [TRAIN] Step: 1034 ; Loss: 26.571 ; Acc: 35.725
2018-09-19 14:00:32,797:INFO: [TRAIN] Step: 1035 ; Loss: 29.050 ; Acc: 35.726
2018-09-19 14:00:32,882:INFO: [TRAIN] Step: 1036 ; Loss: 26.827 ; Acc: 35.736
2018-09-19 14:00:32,970:INFO: [TRAIN] Step: 1037 ; Loss: 30.767 ; Acc: 35.742
2018-09-19 14:00:33,051:INFO: [TRAIN] Step: 1038 ; Loss: 27.750 ; Acc: 35.748
2018-09-19 14:00:33,144:INFO: [TRAIN] Step: 1039 ; Loss: 28.722 ; Acc: 35.741
2018-09-19 14:00:33,228:INFO: [TRAIN] Step: 1040 ; Loss: 27.728 ; Acc: 35.731
2018-09-19 14:00:33,316:INFO: [TRAIN] Step: 1041 ; Loss: 26.025 ; Acc: 35.745
2018-09-19 14:00:33,399:INFO: [TRAIN] Step: 1042 ; Loss: 29.243 ; Acc: 35.750
2018-09-19 14:00:33,487:INFO: [TRAIN] Step: 1043 ; Loss: 28.527 ; Acc: 35.748
2018-09-19 14:00:33,571:INFO: [TRAIN] Step: 1044 ; Loss: 28.212 ; Acc: 35.746
2018-09-19 14:00:33,660:INFO: [TRAIN] Step: 1045 ; Loss: 33.081 ; Acc: 35.743
2018-09-19 14:00:33,740:INFO: [TRAIN] Step: 1046 ; Loss: 30.914 ; Acc: 35.733
2018-09-19 14:00:33,826:INFO: [TRAIN] Step: 1047 ; Loss: 27.873 ; Acc: 35.735
2018-09-19 14:00:33,908:INFO: [TRAIN] Step: 1048 ; Loss: 29.867 ; Acc: 35.732
2018-09-19 14:00:33,998:INFO: [TRAIN] Step: 1049 ; Loss: 31.257 ; Acc: 35.726
2018-09-19 14:00:34,080:INFO: [TRAIN] Step: 1050 ; Loss: 27.033 ; Acc: 35.740
2018-09-19 14:00:34,170:INFO: [TRAIN] Step: 1051 ; Loss: 31.697 ; Acc: 35.741
2018-09-19 14:00:34,251:INFO: [TRAIN] Step: 1052 ; Loss: 31.183 ; Acc: 35.743
2018-09-19 14:00:34,342:INFO: [TRAIN] Step: 1053 ; Loss: 31.091 ; Acc: 35.741
2018-09-19 14:00:34,425:INFO: [TRAIN] Step: 1054 ; Loss: 26.999 ; Acc: 35.727
2018-09-19 14:00:34,513:INFO: [TRAIN] Step: 1055 ; Loss: 29.157 ; Acc: 35.732
2018-09-19 14:00:34,597:INFO: [TRAIN] Step: 1056 ; Loss: 32.635 ; Acc: 35.734
2018-09-19 14:00:34,689:INFO: [TRAIN] Step: 1057 ; Loss: 25.307 ; Acc: 35.740
2018-09-19 14:00:34,769:INFO: [TRAIN] Step: 1058 ; Loss: 28.652 ; Acc: 35.733
2018-09-19 14:00:34,860:INFO: [TRAIN] Step: 1059 ; Loss: 30.659 ; Acc: 35.727
2018-09-19 14:00:34,941:INFO: [TRAIN] Step: 1060 ; Loss: 25.720 ; Acc: 35.741
2018-09-19 14:00:35,032:INFO: [TRAIN] Step: 1061 ; Loss: 28.288 ; Acc: 35.758
2018-09-19 14:00:35,114:INFO: [TRAIN] Step: 1062 ; Loss: 30.241 ; Acc: 35.752
2018-09-19 14:00:35,203:INFO: [TRAIN] Step: 1063 ; Loss: 28.465 ; Acc: 35.750
2018-09-19 14:00:35,284:INFO: [TRAIN] Step: 1064 ; Loss: 28.450 ; Acc: 35.759
2018-09-19 14:00:35,373:INFO: [TRAIN] Step: 1065 ; Loss: 27.743 ; Acc: 35.765
2018-09-19 14:00:35,453:INFO: [TRAIN] Step: 1066 ; Loss: 29.086 ; Acc: 35.774
2018-09-19 14:00:35,540:INFO: [TRAIN] Step: 1067 ; Loss: 29.424 ; Acc: 35.776
2018-09-19 14:00:35,619:INFO: [TRAIN] Step: 1068 ; Loss: 26.771 ; Acc: 35.773
2018-09-19 14:00:35,707:INFO: [TRAIN] Step: 1069 ; Loss: 27.917 ; Acc: 35.771
2018-09-19 14:00:35,790:INFO: [TRAIN] Step: 1070 ; Loss: 28.213 ; Acc: 35.777
2018-09-19 14:00:35,879:INFO: [TRAIN] Step: 1071 ; Loss: 28.689 ; Acc: 35.766
2018-09-19 14:00:35,963:INFO: [TRAIN] Step: 1072 ; Loss: 28.521 ; Acc: 35.768
2018-09-19 14:00:36,058:INFO: [TRAIN] Step: 1073 ; Loss: 29.965 ; Acc: 35.754
2018-09-19 14:00:36,139:INFO: [TRAIN] Step: 1074 ; Loss: 28.982 ; Acc: 35.752
2018-09-19 14:00:36,226:INFO: [TRAIN] Step: 1075 ; Loss: 29.401 ; Acc: 35.750
2018-09-19 14:00:36,308:INFO: [TRAIN] Step: 1076 ; Loss: 32.540 ; Acc: 35.740
2018-09-19 14:00:36,397:INFO: [TRAIN] Step: 1077 ; Loss: 27.491 ; Acc: 35.745
2018-09-19 14:00:36,478:INFO: [TRAIN] Step: 1078 ; Loss: 30.015 ; Acc: 35.739
2018-09-19 14:00:36,566:INFO: [TRAIN] Step: 1079 ; Loss: 30.697 ; Acc: 35.725
2018-09-19 14:00:36,648:INFO: [TRAIN] Step: 1080 ; Loss: 27.288 ; Acc: 35.731
2018-09-19 14:00:36,735:INFO: [TRAIN] Step: 1081 ; Loss: 25.811 ; Acc: 35.744
2018-09-19 14:00:36,818:INFO: [TRAIN] Step: 1082 ; Loss: 27.935 ; Acc: 35.749
2018-09-19 14:00:36,905:INFO: [TRAIN] Step: 1083 ; Loss: 25.879 ; Acc: 35.759
2018-09-19 14:00:36,988:INFO: [TRAIN] Step: 1084 ; Loss: 27.440 ; Acc: 35.753
2018-09-19 14:00:37,078:INFO: [TRAIN] Step: 1085 ; Loss: 29.673 ; Acc: 35.750
2018-09-19 14:00:37,163:INFO: [TRAIN] Step: 1086 ; Loss: 26.307 ; Acc: 35.764
2018-09-19 14:00:37,254:INFO: [TRAIN] Step: 1087 ; Loss: 29.399 ; Acc: 35.758
2018-09-19 14:00:37,336:INFO: [TRAIN] Step: 1088 ; Loss: 31.948 ; Acc: 35.751
2018-09-19 14:00:37,425:INFO: [TRAIN] Step: 1089 ; Loss: 25.865 ; Acc: 35.761
2018-09-19 14:00:37,508:INFO: [TRAIN] Step: 1090 ; Loss: 30.135 ; Acc: 35.755
2018-09-19 14:00:37,596:INFO: [TRAIN] Step: 1091 ; Loss: 32.232 ; Acc: 35.756
2018-09-19 14:00:37,677:INFO: [TRAIN] Step: 1092 ; Loss: 26.808 ; Acc: 35.762
2018-09-19 14:00:37,767:INFO: [TRAIN] Step: 1093 ; Loss: 28.193 ; Acc: 35.756
2018-09-19 14:00:37,851:INFO: [TRAIN] Step: 1094 ; Loss: 28.122 ; Acc: 35.746
2018-09-19 14:00:37,938:INFO: [TRAIN] Step: 1095 ; Loss: 26.183 ; Acc: 35.740
2018-09-19 14:00:38,018:INFO: [TRAIN] Step: 1096 ; Loss: 26.877 ; Acc: 35.738
2018-09-19 14:00:38,109:INFO: [TRAIN] Step: 1097 ; Loss: 27.233 ; Acc: 35.754
2018-09-19 14:00:38,192:INFO: [TRAIN] Step: 1098 ; Loss: 26.079 ; Acc: 35.767
2018-09-19 14:00:38,279:INFO: [TRAIN] Step: 1099 ; Loss: 27.855 ; Acc: 35.758
2018-09-19 14:00:38,361:INFO: [TRAIN] Step: 1100 ; Loss: 30.572 ; Acc: 35.763
2018-09-19 14:00:38,449:INFO: [TRAIN] Step: 1101 ; Loss: 27.322 ; Acc: 35.757
2018-09-19 14:00:38,530:INFO: [TRAIN] Step: 1102 ; Loss: 28.580 ; Acc: 35.759
2018-09-19 14:00:38,618:INFO: [TRAIN] Step: 1103 ; Loss: 29.067 ; Acc: 35.764
2018-09-19 14:00:38,701:INFO: [TRAIN] Step: 1104 ; Loss: 29.313 ; Acc: 35.765
2018-09-19 14:00:38,791:INFO: [TRAIN] Step: 1105 ; Loss: 27.352 ; Acc: 35.756
2018-09-19 14:00:38,874:INFO: [TRAIN] Step: 1106 ; Loss: 26.683 ; Acc: 35.765
2018-09-19 14:00:38,964:INFO: [TRAIN] Step: 1107 ; Loss: 27.552 ; Acc: 35.744
2018-09-19 14:00:39,047:INFO: [TRAIN] Step: 1108 ; Loss: 30.554 ; Acc: 35.734
2018-09-19 14:00:39,138:INFO: [TRAIN] Step: 1109 ; Loss: 30.164 ; Acc: 35.732
2018-09-19 14:00:39,220:INFO: [TRAIN] Step: 1110 ; Loss: 28.620 ; Acc: 35.737
2018-09-19 14:00:39,309:INFO: [TRAIN] Step: 1111 ; Loss: 32.384 ; Acc: 35.735
2018-09-19 14:00:39,394:INFO: [TRAIN] Step: 1112 ; Loss: 31.417 ; Acc: 35.733
2018-09-19 14:00:39,484:INFO: [TRAIN] Step: 1113 ; Loss: 30.338 ; Acc: 35.720
2018-09-19 14:00:39,565:INFO: [TRAIN] Step: 1114 ; Loss: 29.573 ; Acc: 35.729
2018-09-19 14:00:39,654:INFO: [TRAIN] Step: 1115 ; Loss: 27.814 ; Acc: 35.734
2018-09-19 14:00:39,735:INFO: [TRAIN] Step: 1116 ; Loss: 29.605 ; Acc: 35.736
2018-09-19 14:00:39,824:INFO: [TRAIN] Step: 1117 ; Loss: 24.889 ; Acc: 35.745
2018-09-19 14:00:39,906:INFO: [TRAIN] Step: 1118 ; Loss: 26.189 ; Acc: 35.750
2018-09-19 14:00:39,995:INFO: [TRAIN] Step: 1119 ; Loss: 32.278 ; Acc: 35.751
2018-09-19 14:00:40,076:INFO: [TRAIN] Step: 1120 ; Loss: 24.930 ; Acc: 35.764
2018-09-19 14:00:40,163:INFO: [TRAIN] Step: 1121 ; Loss: 31.609 ; Acc: 35.766
2018-09-19 14:00:40,245:INFO: [TRAIN] Step: 1122 ; Loss: 27.693 ; Acc: 35.771
2018-09-19 14:00:40,333:INFO: [TRAIN] Step: 1123 ; Loss: 25.558 ; Acc: 35.773
2018-09-19 14:00:40,416:INFO: [TRAIN] Step: 1124 ; Loss: 25.416 ; Acc: 35.778
2018-09-19 14:00:40,506:INFO: [TRAIN] Step: 1125 ; Loss: 30.974 ; Acc: 35.765
2018-09-19 14:00:40,587:INFO: [TRAIN] Step: 1126 ; Loss: 27.776 ; Acc: 35.773
2018-09-19 14:00:40,677:INFO: [TRAIN] Step: 1127 ; Loss: 30.517 ; Acc: 35.775
2018-09-19 14:00:40,760:INFO: [TRAIN] Step: 1128 ; Loss: 27.427 ; Acc: 35.773
2018-09-19 14:00:40,848:INFO: [TRAIN] Step: 1129 ; Loss: 25.987 ; Acc: 35.789
2018-09-19 14:00:40,929:INFO: [TRAIN] Step: 1130 ; Loss: 28.501 ; Acc: 35.791
2018-09-19 14:00:41,017:INFO: [TRAIN] Step: 1131 ; Loss: 29.456 ; Acc: 35.799
2018-09-19 14:00:41,099:INFO: [TRAIN] Step: 1132 ; Loss: 31.041 ; Acc: 35.794
2018-09-19 14:00:41,191:INFO: [TRAIN] Step: 1133 ; Loss: 25.401 ; Acc: 35.817
2018-09-19 14:00:41,272:INFO: [TRAIN] Step: 1134 ; Loss: 29.598 ; Acc: 35.826
2018-09-19 14:00:41,360:INFO: [TRAIN] Step: 1135 ; Loss: 29.641 ; Acc: 35.835
2018-09-19 14:00:41,440:INFO: [TRAIN] Step: 1136 ; Loss: 29.417 ; Acc: 35.825
2018-09-19 14:00:41,527:INFO: [TRAIN] Step: 1137 ; Loss: 28.575 ; Acc: 35.808
2018-09-19 14:00:41,606:INFO: [TRAIN] Step: 1138 ; Loss: 28.939 ; Acc: 35.799
2018-09-19 14:00:41,692:INFO: [TRAIN] Step: 1139 ; Loss: 27.437 ; Acc: 35.815
2018-09-19 14:00:41,773:INFO: [TRAIN] Step: 1140 ; Loss: 27.385 ; Acc: 35.820
2018-09-19 14:00:41,860:INFO: [TRAIN] Step: 1141 ; Loss: 30.830 ; Acc: 35.818
2018-09-19 14:00:41,944:INFO: [TRAIN] Step: 1142 ; Loss: 30.224 ; Acc: 35.816
2018-09-19 14:00:42,031:INFO: [TRAIN] Step: 1143 ; Loss: 28.202 ; Acc: 35.817
2018-09-19 14:00:42,114:INFO: [TRAIN] Step: 1144 ; Loss: 29.881 ; Acc: 35.822
2018-09-19 14:00:42,204:INFO: [TRAIN] Step: 1145 ; Loss: 29.010 ; Acc: 35.820
2018-09-19 14:00:42,286:INFO: [TRAIN] Step: 1146 ; Loss: 30.683 ; Acc: 35.818
2018-09-19 14:00:42,374:INFO: [TRAIN] Step: 1147 ; Loss: 29.423 ; Acc: 35.820
2018-09-19 14:00:42,455:INFO: [TRAIN] Step: 1148 ; Loss: 27.811 ; Acc: 35.821
2018-09-19 14:00:42,543:INFO: [TRAIN] Step: 1149 ; Loss: 27.817 ; Acc: 35.830
2018-09-19 14:00:42,626:INFO: [TRAIN] Step: 1150 ; Loss: 26.635 ; Acc: 35.842
2018-09-19 14:00:42,716:INFO: [TRAIN] Step: 1151 ; Loss: 32.020 ; Acc: 35.833
2018-09-19 14:00:42,797:INFO: [TRAIN] Step: 1152 ; Loss: 27.327 ; Acc: 35.830
2018-09-19 14:00:42,888:INFO: [TRAIN] Step: 1153 ; Loss: 30.948 ; Acc: 35.828
2018-09-19 14:00:42,969:INFO: [TRAIN] Step: 1154 ; Loss: 27.067 ; Acc: 35.841
2018-09-19 14:00:43,056:INFO: [TRAIN] Step: 1155 ; Loss: 26.223 ; Acc: 35.835
2018-09-19 14:00:43,140:INFO: [TRAIN] Step: 1156 ; Loss: 27.949 ; Acc: 35.840
2018-09-19 14:00:43,233:INFO: [TRAIN] Step: 1157 ; Loss: 31.062 ; Acc: 35.841
2018-09-19 14:00:43,315:INFO: [TRAIN] Step: 1158 ; Loss: 26.623 ; Acc: 35.850
2018-09-19 14:00:43,401:INFO: [TRAIN] Step: 1159 ; Loss: 32.045 ; Acc: 35.837
2018-09-19 14:00:43,484:INFO: [TRAIN] Step: 1160 ; Loss: 31.658 ; Acc: 35.831
2018-09-19 14:00:43,571:INFO: [TRAIN] Step: 1161 ; Loss: 29.193 ; Acc: 35.825
2018-09-19 14:00:43,656:INFO: [TRAIN] Step: 1162 ; Loss: 30.142 ; Acc: 35.816
2018-09-19 14:00:43,746:INFO: [TRAIN] Step: 1163 ; Loss: 29.546 ; Acc: 35.810
2018-09-19 14:00:43,828:INFO: [TRAIN] Step: 1164 ; Loss: 29.655 ; Acc: 35.801
2018-09-19 14:00:43,916:INFO: [TRAIN] Step: 1165 ; Loss: 30.382 ; Acc: 35.795
2018-09-19 14:00:43,999:INFO: [TRAIN] Step: 1166 ; Loss: 33.188 ; Acc: 35.800
2018-09-19 14:00:44,084:INFO: [TRAIN] Step: 1167 ; Loss: 25.342 ; Acc: 35.813
2018-09-19 14:00:44,166:INFO: [TRAIN] Step: 1168 ; Loss: 28.466 ; Acc: 35.821
2018-09-19 14:00:44,255:INFO: [TRAIN] Step: 1169 ; Loss: 27.388 ; Acc: 35.830
2018-09-19 14:00:44,339:INFO: [TRAIN] Step: 1170 ; Loss: 29.246 ; Acc: 35.835
2018-09-19 14:00:44,427:INFO: [TRAIN] Step: 1171 ; Loss: 27.880 ; Acc: 35.833
2018-09-19 14:00:44,509:INFO: [TRAIN] Step: 1172 ; Loss: 28.853 ; Acc: 35.830
2018-09-19 14:00:44,599:INFO: [TRAIN] Step: 1173 ; Loss: 33.628 ; Acc: 35.821
2018-09-19 14:00:44,678:INFO: [TRAIN] Step: 1174 ; Loss: 30.764 ; Acc: 35.826
2018-09-19 14:00:44,767:INFO: [TRAIN] Step: 1175 ; Loss: 31.080 ; Acc: 35.821
2018-09-19 14:00:44,851:INFO: [TRAIN] Step: 1176 ; Loss: 29.882 ; Acc: 35.815
2018-09-19 14:00:44,938:INFO: [TRAIN] Step: 1177 ; Loss: 28.726 ; Acc: 35.806
2018-09-19 14:00:45,019:INFO: [TRAIN] Step: 1178 ; Loss: 31.440 ; Acc: 35.800
2018-09-19 14:00:45,108:INFO: [TRAIN] Step: 1179 ; Loss: 26.022 ; Acc: 35.812
2018-09-19 14:00:45,191:INFO: [TRAIN] Step: 1180 ; Loss: 30.622 ; Acc: 35.799
2018-09-19 14:00:45,279:INFO: [TRAIN] Step: 1181 ; Loss: 24.464 ; Acc: 35.819
2018-09-19 14:00:45,363:INFO: [TRAIN] Step: 1182 ; Loss: 31.617 ; Acc: 35.827
2018-09-19 14:00:45,450:INFO: [TRAIN] Step: 1183 ; Loss: 29.869 ; Acc: 35.825
2018-09-19 14:00:45,537:INFO: [TRAIN] Step: 1184 ; Loss: 25.947 ; Acc: 35.823
2018-09-19 14:00:45,625:INFO: [TRAIN] Step: 1185 ; Loss: 30.814 ; Acc: 35.824
2018-09-19 14:00:45,706:INFO: [TRAIN] Step: 1186 ; Loss: 27.273 ; Acc: 35.822
2018-09-19 14:00:45,796:INFO: [TRAIN] Step: 1187 ; Loss: 26.704 ; Acc: 35.831
2018-09-19 14:00:45,880:INFO: [TRAIN] Step: 1188 ; Loss: 31.353 ; Acc: 35.825
2018-09-19 14:00:45,966:INFO: [TRAIN] Step: 1189 ; Loss: 29.837 ; Acc: 35.816
2018-09-19 14:00:51,166:INFO: [EVAL] Step: 1190 ; Loss: 0.299 ; Acc: 0.398
