2018-09-19 14:34:03,212:INFO: ### Model ###
LeNet5(
  (convnet): Sequential(
    (0): Conv2d(1, 6, kernel_size=(5, 5), stride=(1, 1))
    (1): ReLU()
    (2): MaxPool2d(kernel_size=(2, 2), stride=2, padding=0, dilation=1, ceil_mode=False)
    (3): Conv2d(6, 16, kernel_size=(5, 5), stride=(1, 1))
    (4): ReLU()
    (5): MaxPool2d(kernel_size=(2, 2), stride=2, padding=0, dilation=1, ceil_mode=False)
    (6): Conv2d(16, 120, kernel_size=(5, 5), stride=(1, 1))
    (7): ReLU()
    (8): Conv2d(120, 240, kernel_size=(5, 5), stride=(1, 1))
    (9): ReLU()
  )
  (fc): Sequential(
    (0): Linear(in_features=240, out_features=84, bias=True)
    (1): ReLU()
    (2): Linear(in_features=84, out_features=10, bias=True)
  )
)
2018-09-19 14:34:03,212:INFO: ### Optimizer ###
Adam (
Parameter Group 0
    amsgrad: False
    betas: (0.9, 0.999)
    eps: 1e-08
    lr: 0.0005
    weight_decay: 0
)
2018-09-19 14:34:03,213:INFO: ### HParams ###
n_epochs: 1 ; data: ferplus ; label: ferplus_votes ; batch_size: 24 ; lr: 0.0005 ; wd: 0 ; eval_steps: 1190
2018-09-19 14:34:03,383:INFO: [TRAIN] Step: 0 ; Loss: 39.653 ; Acc: 0.000
2018-09-19 14:34:03,461:INFO: [TRAIN] Step: 1 ; Loss: 37.432 ; Acc: 22.917
2018-09-19 14:34:03,535:INFO: [TRAIN] Step: 2 ; Loss: 38.674 ; Acc: 29.167
2018-09-19 14:34:03,619:INFO: [TRAIN] Step: 3 ; Loss: 35.644 ; Acc: 33.333
2018-09-19 14:34:03,722:INFO: [TRAIN] Step: 4 ; Loss: 35.087 ; Acc: 33.333
2018-09-19 14:34:03,809:INFO: [TRAIN] Step: 5 ; Loss: 37.399 ; Acc: 34.028
2018-09-19 14:34:03,884:INFO: [TRAIN] Step: 6 ; Loss: 33.312 ; Acc: 35.714
2018-09-19 14:34:03,965:INFO: [TRAIN] Step: 7 ; Loss: 27.508 ; Acc: 38.021
2018-09-19 14:34:04,039:INFO: [TRAIN] Step: 8 ; Loss: 36.664 ; Acc: 35.648
2018-09-19 14:34:04,123:INFO: [TRAIN] Step: 9 ; Loss: 32.775 ; Acc: 37.500
2018-09-19 14:34:04,198:INFO: [TRAIN] Step: 10 ; Loss: 30.738 ; Acc: 38.258
2018-09-19 14:34:04,282:INFO: [TRAIN] Step: 11 ; Loss: 29.944 ; Acc: 38.542
2018-09-19 14:34:04,355:INFO: [TRAIN] Step: 12 ; Loss: 28.329 ; Acc: 37.500
2018-09-19 14:34:04,434:INFO: [TRAIN] Step: 13 ; Loss: 29.864 ; Acc: 36.905
2018-09-19 14:34:04,511:INFO: [TRAIN] Step: 14 ; Loss: 27.846 ; Acc: 35.833
2018-09-19 14:34:04,594:INFO: [TRAIN] Step: 15 ; Loss: 32.338 ; Acc: 35.938
2018-09-19 14:34:04,668:INFO: [TRAIN] Step: 16 ; Loss: 26.756 ; Acc: 35.539
2018-09-19 14:34:04,749:INFO: [TRAIN] Step: 17 ; Loss: 33.450 ; Acc: 34.954
2018-09-19 14:34:04,822:INFO: [TRAIN] Step: 18 ; Loss: 26.635 ; Acc: 34.211
2018-09-19 14:34:04,904:INFO: [TRAIN] Step: 19 ; Loss: 29.038 ; Acc: 33.333
2018-09-19 14:34:04,977:INFO: [TRAIN] Step: 20 ; Loss: 23.322 ; Acc: 32.540
2018-09-19 14:34:05,057:INFO: [TRAIN] Step: 21 ; Loss: 28.552 ; Acc: 32.386
2018-09-19 14:34:05,141:INFO: [TRAIN] Step: 22 ; Loss: 33.079 ; Acc: 31.884
2018-09-19 14:34:05,239:INFO: [TRAIN] Step: 23 ; Loss: 29.000 ; Acc: 32.292
2018-09-19 14:34:05,314:INFO: [TRAIN] Step: 24 ; Loss: 29.673 ; Acc: 32.000
2018-09-19 14:34:05,398:INFO: [TRAIN] Step: 25 ; Loss: 26.157 ; Acc: 32.532
2018-09-19 14:34:05,471:INFO: [TRAIN] Step: 26 ; Loss: 31.372 ; Acc: 32.407
2018-09-19 14:34:05,551:INFO: [TRAIN] Step: 27 ; Loss: 34.522 ; Acc: 31.994
2018-09-19 14:34:05,629:INFO: [TRAIN] Step: 28 ; Loss: 28.520 ; Acc: 32.471
2018-09-19 14:34:05,709:INFO: [TRAIN] Step: 29 ; Loss: 29.405 ; Acc: 32.500
2018-09-19 14:34:05,786:INFO: [TRAIN] Step: 30 ; Loss: 29.920 ; Acc: 32.124
2018-09-19 14:34:05,870:INFO: [TRAIN] Step: 31 ; Loss: 32.970 ; Acc: 32.161
2018-09-19 14:34:05,943:INFO: [TRAIN] Step: 32 ; Loss: 28.410 ; Acc: 31.818
2018-09-19 14:34:06,023:INFO: [TRAIN] Step: 33 ; Loss: 31.841 ; Acc: 31.250
2018-09-19 14:34:06,097:INFO: [TRAIN] Step: 34 ; Loss: 29.498 ; Acc: 31.071
2018-09-19 14:34:06,178:INFO: [TRAIN] Step: 35 ; Loss: 28.310 ; Acc: 31.366
2018-09-19 14:34:06,251:INFO: [TRAIN] Step: 36 ; Loss: 26.199 ; Acc: 31.194
2018-09-19 14:34:06,330:INFO: [TRAIN] Step: 37 ; Loss: 28.075 ; Acc: 31.360
2018-09-19 14:34:06,404:INFO: [TRAIN] Step: 38 ; Loss: 33.714 ; Acc: 30.983
2018-09-19 14:34:06,484:INFO: [TRAIN] Step: 39 ; Loss: 32.995 ; Acc: 30.833
2018-09-19 14:34:06,562:INFO: [TRAIN] Step: 40 ; Loss: 27.466 ; Acc: 30.894
2018-09-19 14:34:06,647:INFO: [TRAIN] Step: 41 ; Loss: 26.675 ; Acc: 31.052
2018-09-19 14:34:06,753:INFO: [TRAIN] Step: 42 ; Loss: 29.131 ; Acc: 31.105
2018-09-19 14:34:06,832:INFO: [TRAIN] Step: 43 ; Loss: 30.356 ; Acc: 30.682
2018-09-19 14:34:06,917:INFO: [TRAIN] Step: 44 ; Loss: 31.392 ; Acc: 30.741
2018-09-19 14:34:07,001:INFO: [TRAIN] Step: 45 ; Loss: 31.100 ; Acc: 30.888
2018-09-19 14:34:07,085:INFO: [TRAIN] Step: 46 ; Loss: 29.106 ; Acc: 30.585
2018-09-19 14:34:07,195:INFO: [TRAIN] Step: 47 ; Loss: 28.455 ; Acc: 30.816
2018-09-19 14:34:07,282:INFO: [TRAIN] Step: 48 ; Loss: 27.262 ; Acc: 30.952
2018-09-19 14:34:07,364:INFO: [TRAIN] Step: 49 ; Loss: 31.334 ; Acc: 30.917
2018-09-19 14:34:07,438:INFO: [TRAIN] Step: 50 ; Loss: 28.937 ; Acc: 30.882
2018-09-19 14:34:07,518:INFO: [TRAIN] Step: 51 ; Loss: 29.199 ; Acc: 31.090
2018-09-19 14:34:07,594:INFO: [TRAIN] Step: 52 ; Loss: 26.005 ; Acc: 31.368
2018-09-19 14:34:07,675:INFO: [TRAIN] Step: 53 ; Loss: 25.384 ; Acc: 31.481
2018-09-19 14:34:07,748:INFO: [TRAIN] Step: 54 ; Loss: 37.146 ; Acc: 31.364
2018-09-19 14:34:07,828:INFO: [TRAIN] Step: 55 ; Loss: 27.774 ; Acc: 31.473
2018-09-19 14:34:07,902:INFO: [TRAIN] Step: 56 ; Loss: 29.054 ; Acc: 31.652
2018-09-19 14:34:08,000:INFO: [TRAIN] Step: 57 ; Loss: 36.023 ; Acc: 31.609
2018-09-19 14:34:08,079:INFO: [TRAIN] Step: 58 ; Loss: 25.672 ; Acc: 31.921
2018-09-19 14:34:08,160:INFO: [TRAIN] Step: 59 ; Loss: 29.018 ; Acc: 32.222
2018-09-19 14:34:08,243:INFO: [TRAIN] Step: 60 ; Loss: 30.916 ; Acc: 32.240
2018-09-19 14:34:08,322:INFO: [TRAIN] Step: 61 ; Loss: 30.601 ; Acc: 32.325
2018-09-19 14:34:08,406:INFO: [TRAIN] Step: 62 ; Loss: 26.604 ; Acc: 32.275
2018-09-19 14:34:08,485:INFO: [TRAIN] Step: 63 ; Loss: 25.824 ; Acc: 32.031
2018-09-19 14:34:08,563:INFO: [TRAIN] Step: 64 ; Loss: 29.220 ; Acc: 31.859
2018-09-19 14:34:08,646:INFO: [TRAIN] Step: 65 ; Loss: 28.401 ; Acc: 31.755
2018-09-19 14:34:08,726:INFO: [TRAIN] Step: 66 ; Loss: 29.372 ; Acc: 31.716
2018-09-19 14:34:08,807:INFO: [TRAIN] Step: 67 ; Loss: 29.913 ; Acc: 31.679
2018-09-19 14:34:08,883:INFO: [TRAIN] Step: 68 ; Loss: 28.368 ; Acc: 31.763
2018-09-19 14:34:08,964:INFO: [TRAIN] Step: 69 ; Loss: 31.804 ; Acc: 31.905
2018-09-19 14:34:09,041:INFO: [TRAIN] Step: 70 ; Loss: 30.091 ; Acc: 31.690
2018-09-19 14:34:09,124:INFO: [TRAIN] Step: 71 ; Loss: 28.650 ; Acc: 31.771
2018-09-19 14:34:09,197:INFO: [TRAIN] Step: 72 ; Loss: 27.679 ; Acc: 31.963
2018-09-19 14:34:09,277:INFO: [TRAIN] Step: 73 ; Loss: 27.968 ; Acc: 32.207
2018-09-19 14:34:09,350:INFO: [TRAIN] Step: 74 ; Loss: 32.861 ; Acc: 32.222
2018-09-19 14:34:09,431:INFO: [TRAIN] Step: 75 ; Loss: 27.671 ; Acc: 32.127
2018-09-19 14:34:09,505:INFO: [TRAIN] Step: 76 ; Loss: 29.218 ; Acc: 31.926
2018-09-19 14:34:09,588:INFO: [TRAIN] Step: 77 ; Loss: 30.482 ; Acc: 32.105
2018-09-19 14:34:09,667:INFO: [TRAIN] Step: 78 ; Loss: 26.127 ; Acc: 32.331
2018-09-19 14:34:09,749:INFO: [TRAIN] Step: 79 ; Loss: 28.267 ; Acc: 32.448
2018-09-19 14:34:09,822:INFO: [TRAIN] Step: 80 ; Loss: 29.326 ; Acc: 32.253
2018-09-19 14:34:09,904:INFO: [TRAIN] Step: 81 ; Loss: 29.622 ; Acc: 32.114
2018-09-19 14:34:09,976:INFO: [TRAIN] Step: 82 ; Loss: 30.685 ; Acc: 32.028
2018-09-19 14:34:10,055:INFO: [TRAIN] Step: 83 ; Loss: 27.404 ; Acc: 32.044
2018-09-19 14:34:10,128:INFO: [TRAIN] Step: 84 ; Loss: 24.797 ; Acc: 32.157
2018-09-19 14:34:10,209:INFO: [TRAIN] Step: 85 ; Loss: 28.981 ; Acc: 32.122
2018-09-19 14:34:10,285:INFO: [TRAIN] Step: 86 ; Loss: 26.464 ; Acc: 32.184
2018-09-19 14:34:10,368:INFO: [TRAIN] Step: 87 ; Loss: 30.026 ; Acc: 32.244
2018-09-19 14:34:10,457:INFO: [TRAIN] Step: 88 ; Loss: 31.406 ; Acc: 32.444
2018-09-19 14:34:10,542:INFO: [TRAIN] Step: 89 ; Loss: 28.284 ; Acc: 32.222
2018-09-19 14:34:10,615:INFO: [TRAIN] Step: 90 ; Loss: 31.456 ; Acc: 32.280
2018-09-19 14:34:10,704:INFO: [TRAIN] Step: 91 ; Loss: 25.465 ; Acc: 32.156
2018-09-19 14:34:10,777:INFO: [TRAIN] Step: 92 ; Loss: 27.340 ; Acc: 32.034
2018-09-19 14:34:10,861:INFO: [TRAIN] Step: 93 ; Loss: 32.326 ; Acc: 31.915
2018-09-19 14:34:10,935:INFO: [TRAIN] Step: 94 ; Loss: 27.046 ; Acc: 32.018
2018-09-19 14:34:11,017:INFO: [TRAIN] Step: 95 ; Loss: 25.442 ; Acc: 32.205
2018-09-19 14:34:11,097:INFO: [TRAIN] Step: 96 ; Loss: 27.321 ; Acc: 32.131
2018-09-19 14:34:11,177:INFO: [TRAIN] Step: 97 ; Loss: 27.193 ; Acc: 32.355
2018-09-19 14:34:11,251:INFO: [TRAIN] Step: 98 ; Loss: 28.382 ; Acc: 32.239
2018-09-19 14:34:11,336:INFO: [TRAIN] Step: 99 ; Loss: 33.557 ; Acc: 32.083
2018-09-19 14:34:11,410:INFO: [TRAIN] Step: 100 ; Loss: 31.524 ; Acc: 32.219
2018-09-19 14:34:11,490:INFO: [TRAIN] Step: 101 ; Loss: 28.092 ; Acc: 32.190
2018-09-19 14:34:11,565:INFO: [TRAIN] Step: 102 ; Loss: 26.220 ; Acc: 32.403
2018-09-19 14:34:11,648:INFO: [TRAIN] Step: 103 ; Loss: 31.114 ; Acc: 32.532
2018-09-19 14:34:11,723:INFO: [TRAIN] Step: 104 ; Loss: 25.640 ; Acc: 32.619
2018-09-19 14:34:11,803:INFO: [TRAIN] Step: 105 ; Loss: 27.125 ; Acc: 32.626
2018-09-19 14:34:11,876:INFO: [TRAIN] Step: 106 ; Loss: 24.739 ; Acc: 32.710
2018-09-19 14:34:11,958:INFO: [TRAIN] Step: 107 ; Loss: 21.973 ; Acc: 32.986
2018-09-19 14:34:12,031:INFO: [TRAIN] Step: 108 ; Loss: 27.577 ; Acc: 33.028
2018-09-19 14:34:12,112:INFO: [TRAIN] Step: 109 ; Loss: 30.279 ; Acc: 32.992
2018-09-19 14:34:12,186:INFO: [TRAIN] Step: 110 ; Loss: 29.952 ; Acc: 33.071
2018-09-19 14:34:12,268:INFO: [TRAIN] Step: 111 ; Loss: 26.993 ; Acc: 33.147
2018-09-19 14:34:12,343:INFO: [TRAIN] Step: 112 ; Loss: 26.605 ; Acc: 33.223
2018-09-19 14:34:12,423:INFO: [TRAIN] Step: 113 ; Loss: 24.534 ; Acc: 33.370
2018-09-19 14:34:12,498:INFO: [TRAIN] Step: 114 ; Loss: 25.857 ; Acc: 33.442
2018-09-19 14:34:12,578:INFO: [TRAIN] Step: 115 ; Loss: 29.552 ; Acc: 33.513
2018-09-19 14:34:12,652:INFO: [TRAIN] Step: 116 ; Loss: 31.120 ; Acc: 33.476
2018-09-19 14:34:12,733:INFO: [TRAIN] Step: 117 ; Loss: 26.463 ; Acc: 33.475
2018-09-19 14:34:12,806:INFO: [TRAIN] Step: 118 ; Loss: 30.070 ; Acc: 33.438
2018-09-19 14:34:12,887:INFO: [TRAIN] Step: 119 ; Loss: 29.581 ; Acc: 33.507
2018-09-19 14:34:12,960:INFO: [TRAIN] Step: 120 ; Loss: 25.585 ; Acc: 33.678
2018-09-19 14:34:13,041:INFO: [TRAIN] Step: 121 ; Loss: 27.144 ; Acc: 33.846
2018-09-19 14:34:13,116:INFO: [TRAIN] Step: 122 ; Loss: 26.993 ; Acc: 33.808
2018-09-19 14:34:13,195:INFO: [TRAIN] Step: 123 ; Loss: 29.582 ; Acc: 33.837
2018-09-19 14:34:13,270:INFO: [TRAIN] Step: 124 ; Loss: 31.877 ; Acc: 33.767
2018-09-19 14:34:13,350:INFO: [TRAIN] Step: 125 ; Loss: 30.300 ; Acc: 33.763
2018-09-19 14:34:13,424:INFO: [TRAIN] Step: 126 ; Loss: 30.999 ; Acc: 33.694
2018-09-19 14:34:13,504:INFO: [TRAIN] Step: 127 ; Loss: 26.643 ; Acc: 33.594
2018-09-19 14:34:13,578:INFO: [TRAIN] Step: 128 ; Loss: 27.644 ; Acc: 33.656
2018-09-19 14:34:13,662:INFO: [TRAIN] Step: 129 ; Loss: 26.491 ; Acc: 33.622
2018-09-19 14:34:13,753:INFO: [TRAIN] Step: 130 ; Loss: 29.438 ; Acc: 33.715
2018-09-19 14:34:13,840:INFO: [TRAIN] Step: 131 ; Loss: 30.552 ; Acc: 33.712
2018-09-19 14:34:13,917:INFO: [TRAIN] Step: 132 ; Loss: 26.534 ; Acc: 33.615
2018-09-19 14:34:13,998:INFO: [TRAIN] Step: 133 ; Loss: 30.067 ; Acc: 33.644
2018-09-19 14:34:14,073:INFO: [TRAIN] Step: 134 ; Loss: 27.942 ; Acc: 33.642
2018-09-19 14:34:14,155:INFO: [TRAIN] Step: 135 ; Loss: 30.223 ; Acc: 33.732
2018-09-19 14:34:14,229:INFO: [TRAIN] Step: 136 ; Loss: 32.942 ; Acc: 33.637
2018-09-19 14:34:14,310:INFO: [TRAIN] Step: 137 ; Loss: 32.509 ; Acc: 33.605
2018-09-19 14:34:14,384:INFO: [TRAIN] Step: 138 ; Loss: 30.379 ; Acc: 33.543
2018-09-19 14:34:14,465:INFO: [TRAIN] Step: 139 ; Loss: 27.785 ; Acc: 33.571
2018-09-19 14:34:14,538:INFO: [TRAIN] Step: 140 ; Loss: 25.409 ; Acc: 33.599
2018-09-19 14:34:14,622:INFO: [TRAIN] Step: 141 ; Loss: 25.152 ; Acc: 33.685
2018-09-19 14:34:14,697:INFO: [TRAIN] Step: 142 ; Loss: 25.887 ; Acc: 33.770
2018-09-19 14:34:14,778:INFO: [TRAIN] Step: 143 ; Loss: 22.429 ; Acc: 33.825
2018-09-19 14:34:14,852:INFO: [TRAIN] Step: 144 ; Loss: 24.229 ; Acc: 33.879
2018-09-19 14:34:14,933:INFO: [TRAIN] Step: 145 ; Loss: 30.494 ; Acc: 33.876
2018-09-19 14:34:15,007:INFO: [TRAIN] Step: 146 ; Loss: 26.017 ; Acc: 33.872
2018-09-19 14:34:15,087:INFO: [TRAIN] Step: 147 ; Loss: 27.759 ; Acc: 33.925
2018-09-19 14:34:15,163:INFO: [TRAIN] Step: 148 ; Loss: 28.794 ; Acc: 33.977
2018-09-19 14:34:15,243:INFO: [TRAIN] Step: 149 ; Loss: 25.456 ; Acc: 34.000
2018-09-19 14:34:15,318:INFO: [TRAIN] Step: 150 ; Loss: 25.782 ; Acc: 34.106
2018-09-19 14:34:15,400:INFO: [TRAIN] Step: 151 ; Loss: 26.719 ; Acc: 34.128
2018-09-19 14:34:15,474:INFO: [TRAIN] Step: 152 ; Loss: 27.963 ; Acc: 34.178
2018-09-19 14:34:15,556:INFO: [TRAIN] Step: 153 ; Loss: 28.598 ; Acc: 34.118
2018-09-19 14:34:15,629:INFO: [TRAIN] Step: 154 ; Loss: 29.251 ; Acc: 34.086
2018-09-19 14:34:15,711:INFO: [TRAIN] Step: 155 ; Loss: 31.043 ; Acc: 34.001
2018-09-19 14:34:15,783:INFO: [TRAIN] Step: 156 ; Loss: 27.035 ; Acc: 33.997
2018-09-19 14:34:15,869:INFO: [TRAIN] Step: 157 ; Loss: 25.971 ; Acc: 34.124
2018-09-19 14:34:15,942:INFO: [TRAIN] Step: 158 ; Loss: 24.719 ; Acc: 34.119
2018-09-19 14:34:16,023:INFO: [TRAIN] Step: 159 ; Loss: 25.117 ; Acc: 34.245
2018-09-19 14:34:16,097:INFO: [TRAIN] Step: 160 ; Loss: 28.965 ; Acc: 34.213
2018-09-19 14:34:16,177:INFO: [TRAIN] Step: 161 ; Loss: 28.573 ; Acc: 34.259
2018-09-19 14:34:16,251:INFO: [TRAIN] Step: 162 ; Loss: 24.088 ; Acc: 34.381
2018-09-19 14:34:16,330:INFO: [TRAIN] Step: 163 ; Loss: 26.068 ; Acc: 34.426
2018-09-19 14:34:16,406:INFO: [TRAIN] Step: 164 ; Loss: 28.224 ; Acc: 34.545
2018-09-19 14:34:16,485:INFO: [TRAIN] Step: 165 ; Loss: 25.385 ; Acc: 34.739
2018-09-19 14:34:16,559:INFO: [TRAIN] Step: 166 ; Loss: 24.537 ; Acc: 34.805
2018-09-19 14:34:16,641:INFO: [TRAIN] Step: 167 ; Loss: 27.948 ; Acc: 34.821
2018-09-19 14:34:16,720:INFO: [TRAIN] Step: 168 ; Loss: 30.441 ; Acc: 34.813
2018-09-19 14:34:16,803:INFO: [TRAIN] Step: 169 ; Loss: 26.963 ; Acc: 34.828
2018-09-19 14:34:16,877:INFO: [TRAIN] Step: 170 ; Loss: 26.379 ; Acc: 34.844
2018-09-19 14:34:16,956:INFO: [TRAIN] Step: 171 ; Loss: 30.749 ; Acc: 34.811
2018-09-19 14:34:17,028:INFO: [TRAIN] Step: 172 ; Loss: 28.086 ; Acc: 34.827
2018-09-19 14:34:17,109:INFO: [TRAIN] Step: 173 ; Loss: 27.832 ; Acc: 34.770
2018-09-19 14:34:17,182:INFO: [TRAIN] Step: 174 ; Loss: 24.793 ; Acc: 34.881
2018-09-19 14:34:17,263:INFO: [TRAIN] Step: 175 ; Loss: 31.717 ; Acc: 34.896
2018-09-19 14:34:17,350:INFO: [TRAIN] Step: 176 ; Loss: 25.712 ; Acc: 34.934
2018-09-19 14:34:17,430:INFO: [TRAIN] Step: 177 ; Loss: 27.741 ; Acc: 34.925
2018-09-19 14:34:17,504:INFO: [TRAIN] Step: 178 ; Loss: 28.827 ; Acc: 34.939
2018-09-19 14:34:17,589:INFO: [TRAIN] Step: 179 ; Loss: 29.965 ; Acc: 34.954
2018-09-19 14:34:17,672:INFO: [TRAIN] Step: 180 ; Loss: 22.077 ; Acc: 34.991
2018-09-19 14:34:17,756:INFO: [TRAIN] Step: 181 ; Loss: 25.121 ; Acc: 35.005
2018-09-19 14:34:17,834:INFO: [TRAIN] Step: 182 ; Loss: 25.642 ; Acc: 34.995
2018-09-19 14:34:17,917:INFO: [TRAIN] Step: 183 ; Loss: 31.394 ; Acc: 34.964
2018-09-19 14:34:17,990:INFO: [TRAIN] Step: 184 ; Loss: 27.311 ; Acc: 35.045
2018-09-19 14:34:18,070:INFO: [TRAIN] Step: 185 ; Loss: 26.092 ; Acc: 35.058
2018-09-19 14:34:18,142:INFO: [TRAIN] Step: 186 ; Loss: 27.788 ; Acc: 35.116
2018-09-19 14:34:18,223:INFO: [TRAIN] Step: 187 ; Loss: 26.736 ; Acc: 35.195
2018-09-19 14:34:18,299:INFO: [TRAIN] Step: 188 ; Loss: 28.682 ; Acc: 35.207
2018-09-19 14:34:18,380:INFO: [TRAIN] Step: 189 ; Loss: 27.203 ; Acc: 35.307
2018-09-19 14:34:18,455:INFO: [TRAIN] Step: 190 ; Loss: 24.296 ; Acc: 35.449
2018-09-19 14:34:18,536:INFO: [TRAIN] Step: 191 ; Loss: 29.771 ; Acc: 35.373
2018-09-19 14:34:18,609:INFO: [TRAIN] Step: 192 ; Loss: 25.503 ; Acc: 35.471
2018-09-19 14:34:18,691:INFO: [TRAIN] Step: 193 ; Loss: 23.401 ; Acc: 35.567
2018-09-19 14:34:18,765:INFO: [TRAIN] Step: 194 ; Loss: 32.279 ; Acc: 35.556
2018-09-19 14:34:18,846:INFO: [TRAIN] Step: 195 ; Loss: 29.059 ; Acc: 35.544
2018-09-19 14:34:18,920:INFO: [TRAIN] Step: 196 ; Loss: 27.115 ; Acc: 35.639
2018-09-19 14:34:19,001:INFO: [TRAIN] Step: 197 ; Loss: 27.019 ; Acc: 35.627
2018-09-19 14:34:19,073:INFO: [TRAIN] Step: 198 ; Loss: 28.326 ; Acc: 35.637
2018-09-19 14:34:19,156:INFO: [TRAIN] Step: 199 ; Loss: 23.286 ; Acc: 35.667
2018-09-19 14:34:19,232:INFO: [TRAIN] Step: 200 ; Loss: 25.914 ; Acc: 35.614
2018-09-19 14:34:19,314:INFO: [TRAIN] Step: 201 ; Loss: 25.064 ; Acc: 35.623
2018-09-19 14:34:19,386:INFO: [TRAIN] Step: 202 ; Loss: 24.534 ; Acc: 35.755
2018-09-19 14:34:19,466:INFO: [TRAIN] Step: 203 ; Loss: 25.248 ; Acc: 35.825
2018-09-19 14:34:19,540:INFO: [TRAIN] Step: 204 ; Loss: 27.682 ; Acc: 35.772
2018-09-19 14:34:19,620:INFO: [TRAIN] Step: 205 ; Loss: 28.260 ; Acc: 35.740
2018-09-19 14:34:19,701:INFO: [TRAIN] Step: 206 ; Loss: 25.271 ; Acc: 35.729
2018-09-19 14:34:19,782:INFO: [TRAIN] Step: 207 ; Loss: 24.619 ; Acc: 35.757
2018-09-19 14:34:19,855:INFO: [TRAIN] Step: 208 ; Loss: 29.634 ; Acc: 35.766
2018-09-19 14:34:19,936:INFO: [TRAIN] Step: 209 ; Loss: 27.873 ; Acc: 35.873
2018-09-19 14:34:20,012:INFO: [TRAIN] Step: 210 ; Loss: 25.245 ; Acc: 35.960
2018-09-19 14:34:20,092:INFO: [TRAIN] Step: 211 ; Loss: 24.141 ; Acc: 36.026
2018-09-19 14:34:20,165:INFO: [TRAIN] Step: 212 ; Loss: 26.975 ; Acc: 36.052
2018-09-19 14:34:20,246:INFO: [TRAIN] Step: 213 ; Loss: 30.220 ; Acc: 36.040
2018-09-19 14:34:20,317:INFO: [TRAIN] Step: 214 ; Loss: 26.061 ; Acc: 36.008
2018-09-19 14:34:20,397:INFO: [TRAIN] Step: 215 ; Loss: 28.206 ; Acc: 35.995
2018-09-19 14:34:20,470:INFO: [TRAIN] Step: 216 ; Loss: 26.275 ; Acc: 36.022
2018-09-19 14:34:20,551:INFO: [TRAIN] Step: 217 ; Loss: 23.606 ; Acc: 36.105
2018-09-19 14:34:20,624:INFO: [TRAIN] Step: 218 ; Loss: 24.125 ; Acc: 36.206
2018-09-19 14:34:20,704:INFO: [TRAIN] Step: 219 ; Loss: 21.448 ; Acc: 36.307
2018-09-19 14:34:20,779:INFO: [TRAIN] Step: 220 ; Loss: 25.505 ; Acc: 36.312
2018-09-19 14:34:20,867:INFO: [TRAIN] Step: 221 ; Loss: 26.532 ; Acc: 36.336
2018-09-19 14:34:20,939:INFO: [TRAIN] Step: 222 ; Loss: 25.162 ; Acc: 36.379
2018-09-19 14:34:21,019:INFO: [TRAIN] Step: 223 ; Loss: 23.582 ; Acc: 36.477
2018-09-19 14:34:21,101:INFO: [TRAIN] Step: 224 ; Loss: 25.017 ; Acc: 36.574
2018-09-19 14:34:21,181:INFO: [TRAIN] Step: 225 ; Loss: 26.211 ; Acc: 36.670
2018-09-19 14:34:21,254:INFO: [TRAIN] Step: 226 ; Loss: 25.859 ; Acc: 36.747
2018-09-19 14:34:21,335:INFO: [TRAIN] Step: 227 ; Loss: 29.692 ; Acc: 36.696
2018-09-19 14:34:21,408:INFO: [TRAIN] Step: 228 ; Loss: 24.503 ; Acc: 36.736
2018-09-19 14:34:21,487:INFO: [TRAIN] Step: 229 ; Loss: 26.385 ; Acc: 36.775
2018-09-19 14:34:21,561:INFO: [TRAIN] Step: 230 ; Loss: 25.758 ; Acc: 36.797
2018-09-19 14:34:21,643:INFO: [TRAIN] Step: 231 ; Loss: 26.210 ; Acc: 36.818
2018-09-19 14:34:21,715:INFO: [TRAIN] Step: 232 ; Loss: 26.661 ; Acc: 36.892
2018-09-19 14:34:21,796:INFO: [TRAIN] Step: 233 ; Loss: 30.010 ; Acc: 36.877
2018-09-19 14:34:21,869:INFO: [TRAIN] Step: 234 ; Loss: 25.778 ; Acc: 36.879
2018-09-19 14:34:21,950:INFO: [TRAIN] Step: 235 ; Loss: 27.005 ; Acc: 36.953
2018-09-19 14:34:22,024:INFO: [TRAIN] Step: 236 ; Loss: 22.961 ; Acc: 37.025
2018-09-19 14:34:22,106:INFO: [TRAIN] Step: 237 ; Loss: 24.067 ; Acc: 37.150
2018-09-19 14:34:22,179:INFO: [TRAIN] Step: 238 ; Loss: 30.345 ; Acc: 37.169
2018-09-19 14:34:22,261:INFO: [TRAIN] Step: 239 ; Loss: 26.061 ; Acc: 37.205
2018-09-19 14:34:22,337:INFO: [TRAIN] Step: 240 ; Loss: 23.668 ; Acc: 37.241
2018-09-19 14:34:22,416:INFO: [TRAIN] Step: 241 ; Loss: 25.269 ; Acc: 37.259
2018-09-19 14:34:22,490:INFO: [TRAIN] Step: 242 ; Loss: 25.149 ; Acc: 37.346
2018-09-19 14:34:22,571:INFO: [TRAIN] Step: 243 ; Loss: 29.168 ; Acc: 37.363
2018-09-19 14:34:22,646:INFO: [TRAIN] Step: 244 ; Loss: 18.376 ; Acc: 37.449
2018-09-19 14:34:22,727:INFO: [TRAIN] Step: 245 ; Loss: 26.953 ; Acc: 37.466
2018-09-19 14:34:22,801:INFO: [TRAIN] Step: 246 ; Loss: 26.083 ; Acc: 37.483
2018-09-19 14:34:22,881:INFO: [TRAIN] Step: 247 ; Loss: 24.164 ; Acc: 37.567
2018-09-19 14:34:22,955:INFO: [TRAIN] Step: 248 ; Loss: 23.140 ; Acc: 37.651
2018-09-19 14:34:23,038:INFO: [TRAIN] Step: 249 ; Loss: 26.017 ; Acc: 37.667
2018-09-19 14:34:23,116:INFO: [TRAIN] Step: 250 ; Loss: 29.289 ; Acc: 37.633
2018-09-19 14:34:23,196:INFO: [TRAIN] Step: 251 ; Loss: 29.415 ; Acc: 37.632
2018-09-19 14:34:23,271:INFO: [TRAIN] Step: 252 ; Loss: 26.067 ; Acc: 37.681
2018-09-19 14:34:23,350:INFO: [TRAIN] Step: 253 ; Loss: 23.683 ; Acc: 37.762
2018-09-19 14:34:23,425:INFO: [TRAIN] Step: 254 ; Loss: 21.810 ; Acc: 37.827
2018-09-19 14:34:23,506:INFO: [TRAIN] Step: 255 ; Loss: 23.813 ; Acc: 37.842
2018-09-19 14:34:23,579:INFO: [TRAIN] Step: 256 ; Loss: 23.695 ; Acc: 37.954
2018-09-19 14:34:23,661:INFO: [TRAIN] Step: 257 ; Loss: 25.643 ; Acc: 37.968
2018-09-19 14:34:23,732:INFO: [TRAIN] Step: 258 ; Loss: 27.190 ; Acc: 38.015
2018-09-19 14:34:23,813:INFO: [TRAIN] Step: 259 ; Loss: 27.545 ; Acc: 38.029
2018-09-19 14:34:23,887:INFO: [TRAIN] Step: 260 ; Loss: 27.301 ; Acc: 38.043
2018-09-19 14:34:23,969:INFO: [TRAIN] Step: 261 ; Loss: 23.494 ; Acc: 38.088
2018-09-19 14:34:24,042:INFO: [TRAIN] Step: 262 ; Loss: 21.947 ; Acc: 38.134
2018-09-19 14:34:24,125:INFO: [TRAIN] Step: 263 ; Loss: 28.011 ; Acc: 38.100
2018-09-19 14:34:24,203:INFO: [TRAIN] Step: 264 ; Loss: 19.927 ; Acc: 38.208
2018-09-19 14:34:24,285:INFO: [TRAIN] Step: 265 ; Loss: 25.418 ; Acc: 38.268
2018-09-19 14:34:24,359:INFO: [TRAIN] Step: 266 ; Loss: 23.711 ; Acc: 38.358
2018-09-19 14:34:24,441:INFO: [TRAIN] Step: 267 ; Loss: 24.625 ; Acc: 38.479
2018-09-19 14:34:24,514:INFO: [TRAIN] Step: 268 ; Loss: 23.163 ; Acc: 38.491
2018-09-19 14:34:24,597:INFO: [TRAIN] Step: 269 ; Loss: 25.692 ; Acc: 38.503
2018-09-19 14:34:24,671:INFO: [TRAIN] Step: 270 ; Loss: 27.270 ; Acc: 38.546
2018-09-19 14:34:24,753:INFO: [TRAIN] Step: 271 ; Loss: 23.833 ; Acc: 38.588
2018-09-19 14:34:24,827:INFO: [TRAIN] Step: 272 ; Loss: 26.553 ; Acc: 38.568
2018-09-19 14:34:24,908:INFO: [TRAIN] Step: 273 ; Loss: 20.389 ; Acc: 38.610
2018-09-19 14:34:24,982:INFO: [TRAIN] Step: 274 ; Loss: 27.125 ; Acc: 38.652
2018-09-19 14:34:25,064:INFO: [TRAIN] Step: 275 ; Loss: 28.382 ; Acc: 38.678
2018-09-19 14:34:25,140:INFO: [TRAIN] Step: 276 ; Loss: 23.699 ; Acc: 38.764
2018-09-19 14:34:25,220:INFO: [TRAIN] Step: 277 ; Loss: 26.548 ; Acc: 38.759
2018-09-19 14:34:25,295:INFO: [TRAIN] Step: 278 ; Loss: 25.534 ; Acc: 38.814
2018-09-19 14:34:25,376:INFO: [TRAIN] Step: 279 ; Loss: 27.279 ; Acc: 38.810
2018-09-19 14:34:25,450:INFO: [TRAIN] Step: 280 ; Loss: 22.472 ; Acc: 38.849
2018-09-19 14:34:25,533:INFO: [TRAIN] Step: 281 ; Loss: 21.625 ; Acc: 38.889
2018-09-19 14:34:25,605:INFO: [TRAIN] Step: 282 ; Loss: 24.387 ; Acc: 38.943
2018-09-19 14:34:25,685:INFO: [TRAIN] Step: 283 ; Loss: 22.203 ; Acc: 38.996
2018-09-19 14:34:25,759:INFO: [TRAIN] Step: 284 ; Loss: 21.840 ; Acc: 39.108
2018-09-19 14:34:25,843:INFO: [TRAIN] Step: 285 ; Loss: 27.299 ; Acc: 39.088
2018-09-19 14:34:25,917:INFO: [TRAIN] Step: 286 ; Loss: 26.919 ; Acc: 39.126
2018-09-19 14:34:25,996:INFO: [TRAIN] Step: 287 ; Loss: 21.938 ; Acc: 39.164
2018-09-19 14:34:26,069:INFO: [TRAIN] Step: 288 ; Loss: 24.158 ; Acc: 39.187
2018-09-19 14:34:26,151:INFO: [TRAIN] Step: 289 ; Loss: 30.849 ; Acc: 39.167
2018-09-19 14:34:26,227:INFO: [TRAIN] Step: 290 ; Loss: 20.761 ; Acc: 39.190
2018-09-19 14:34:26,315:INFO: [TRAIN] Step: 291 ; Loss: 23.811 ; Acc: 39.184
2018-09-19 14:34:26,388:INFO: [TRAIN] Step: 292 ; Loss: 21.340 ; Acc: 39.206
2018-09-19 14:34:26,477:INFO: [TRAIN] Step: 293 ; Loss: 24.733 ; Acc: 39.215
2018-09-19 14:34:26,551:INFO: [TRAIN] Step: 294 ; Loss: 23.440 ; Acc: 39.280
2018-09-19 14:34:26,632:INFO: [TRAIN] Step: 295 ; Loss: 21.975 ; Acc: 39.316
2018-09-19 14:34:26,704:INFO: [TRAIN] Step: 296 ; Loss: 29.380 ; Acc: 39.310
2018-09-19 14:34:26,785:INFO: [TRAIN] Step: 297 ; Loss: 24.162 ; Acc: 39.346
2018-09-19 14:34:26,860:INFO: [TRAIN] Step: 298 ; Loss: 21.294 ; Acc: 39.395
2018-09-19 14:34:26,942:INFO: [TRAIN] Step: 299 ; Loss: 22.781 ; Acc: 39.417
2018-09-19 14:34:27,016:INFO: [TRAIN] Step: 300 ; Loss: 25.376 ; Acc: 39.438
2018-09-19 14:34:27,096:INFO: [TRAIN] Step: 301 ; Loss: 28.774 ; Acc: 39.390
2018-09-19 14:34:27,168:INFO: [TRAIN] Step: 302 ; Loss: 29.853 ; Acc: 39.384
2018-09-19 14:34:27,250:INFO: [TRAIN] Step: 303 ; Loss: 25.401 ; Acc: 39.433
2018-09-19 14:34:27,324:INFO: [TRAIN] Step: 304 ; Loss: 26.924 ; Acc: 39.454
2018-09-19 14:34:27,403:INFO: [TRAIN] Step: 305 ; Loss: 27.865 ; Acc: 39.447
2018-09-19 14:34:27,477:INFO: [TRAIN] Step: 306 ; Loss: 28.179 ; Acc: 39.454
2018-09-19 14:34:27,558:INFO: [TRAIN] Step: 307 ; Loss: 25.010 ; Acc: 39.489
2018-09-19 14:34:27,631:INFO: [TRAIN] Step: 308 ; Loss: 21.833 ; Acc: 39.550
2018-09-19 14:34:27,712:INFO: [TRAIN] Step: 309 ; Loss: 21.873 ; Acc: 39.570
2018-09-19 14:34:27,786:INFO: [TRAIN] Step: 310 ; Loss: 25.154 ; Acc: 39.630
2018-09-19 14:34:27,867:INFO: [TRAIN] Step: 311 ; Loss: 26.260 ; Acc: 39.690
2018-09-19 14:34:27,941:INFO: [TRAIN] Step: 312 ; Loss: 30.364 ; Acc: 39.696
2018-09-19 14:34:28,022:INFO: [TRAIN] Step: 313 ; Loss: 24.793 ; Acc: 39.743
2018-09-19 14:34:28,096:INFO: [TRAIN] Step: 314 ; Loss: 24.679 ; Acc: 39.749
2018-09-19 14:34:28,176:INFO: [TRAIN] Step: 315 ; Loss: 25.357 ; Acc: 39.807
2018-09-19 14:34:28,248:INFO: [TRAIN] Step: 316 ; Loss: 20.575 ; Acc: 39.826
2018-09-19 14:34:28,328:INFO: [TRAIN] Step: 317 ; Loss: 24.209 ; Acc: 39.845
2018-09-19 14:34:28,400:INFO: [TRAIN] Step: 318 ; Loss: 19.060 ; Acc: 39.943
2018-09-19 14:34:28,481:INFO: [TRAIN] Step: 319 ; Loss: 21.807 ; Acc: 40.013
2018-09-19 14:34:28,554:INFO: [TRAIN] Step: 320 ; Loss: 26.123 ; Acc: 40.070
2018-09-19 14:34:28,635:INFO: [TRAIN] Step: 321 ; Loss: 20.419 ; Acc: 40.114
2018-09-19 14:34:28,708:INFO: [TRAIN] Step: 322 ; Loss: 23.930 ; Acc: 40.144
2018-09-19 14:34:28,788:INFO: [TRAIN] Step: 323 ; Loss: 25.405 ; Acc: 40.162
2018-09-19 14:34:28,859:INFO: [TRAIN] Step: 324 ; Loss: 20.532 ; Acc: 40.256
2018-09-19 14:34:28,942:INFO: [TRAIN] Step: 325 ; Loss: 21.837 ; Acc: 40.261
2018-09-19 14:34:29,018:INFO: [TRAIN] Step: 326 ; Loss: 21.635 ; Acc: 40.303
2018-09-19 14:34:29,099:INFO: [TRAIN] Step: 327 ; Loss: 27.107 ; Acc: 40.333
2018-09-19 14:34:29,179:INFO: [TRAIN] Step: 328 ; Loss: 22.966 ; Acc: 40.337
2018-09-19 14:34:29,260:INFO: [TRAIN] Step: 329 ; Loss: 23.115 ; Acc: 40.391
2018-09-19 14:34:29,333:INFO: [TRAIN] Step: 330 ; Loss: 23.368 ; Acc: 40.471
2018-09-19 14:34:29,414:INFO: [TRAIN] Step: 331 ; Loss: 24.654 ; Acc: 40.499
2018-09-19 14:34:29,489:INFO: [TRAIN] Step: 332 ; Loss: 19.228 ; Acc: 40.578
2018-09-19 14:34:29,576:INFO: [TRAIN] Step: 333 ; Loss: 20.287 ; Acc: 40.656
2018-09-19 14:34:29,652:INFO: [TRAIN] Step: 334 ; Loss: 26.641 ; Acc: 40.697
2018-09-19 14:34:29,738:INFO: [TRAIN] Step: 335 ; Loss: 31.468 ; Acc: 40.699
2018-09-19 14:34:29,812:INFO: [TRAIN] Step: 336 ; Loss: 24.553 ; Acc: 40.727
2018-09-19 14:34:29,892:INFO: [TRAIN] Step: 337 ; Loss: 24.661 ; Acc: 40.767
2018-09-19 14:34:29,966:INFO: [TRAIN] Step: 338 ; Loss: 20.906 ; Acc: 40.831
2018-09-19 14:34:30,048:INFO: [TRAIN] Step: 339 ; Loss: 18.510 ; Acc: 40.931
2018-09-19 14:34:30,122:INFO: [TRAIN] Step: 340 ; Loss: 24.218 ; Acc: 40.958
2018-09-19 14:34:30,203:INFO: [TRAIN] Step: 341 ; Loss: 23.555 ; Acc: 40.997
2018-09-19 14:34:30,278:INFO: [TRAIN] Step: 342 ; Loss: 25.956 ; Acc: 41.011
2018-09-19 14:34:30,359:INFO: [TRAIN] Step: 343 ; Loss: 20.963 ; Acc: 41.061
2018-09-19 14:34:30,431:INFO: [TRAIN] Step: 344 ; Loss: 18.803 ; Acc: 41.099
2018-09-19 14:34:30,513:INFO: [TRAIN] Step: 345 ; Loss: 23.818 ; Acc: 41.125
2018-09-19 14:34:30,591:INFO: [TRAIN] Step: 346 ; Loss: 23.928 ; Acc: 41.138
2018-09-19 14:34:30,673:INFO: [TRAIN] Step: 347 ; Loss: 20.130 ; Acc: 41.188
2018-09-19 14:34:30,747:INFO: [TRAIN] Step: 348 ; Loss: 28.775 ; Acc: 41.201
2018-09-19 14:34:30,831:INFO: [TRAIN] Step: 349 ; Loss: 25.591 ; Acc: 41.238
2018-09-19 14:34:30,904:INFO: [TRAIN] Step: 350 ; Loss: 26.249 ; Acc: 41.287
2018-09-19 14:34:30,983:INFO: [TRAIN] Step: 351 ; Loss: 24.021 ; Acc: 41.300
2018-09-19 14:34:31,055:INFO: [TRAIN] Step: 352 ; Loss: 29.089 ; Acc: 41.301
2018-09-19 14:34:31,138:INFO: [TRAIN] Step: 353 ; Loss: 23.184 ; Acc: 41.337
2018-09-19 14:34:31,211:INFO: [TRAIN] Step: 354 ; Loss: 19.917 ; Acc: 41.385
2018-09-19 14:34:31,294:INFO: [TRAIN] Step: 355 ; Loss: 22.599 ; Acc: 41.409
2018-09-19 14:34:31,368:INFO: [TRAIN] Step: 356 ; Loss: 26.646 ; Acc: 41.398
2018-09-19 14:34:31,448:INFO: [TRAIN] Step: 357 ; Loss: 24.319 ; Acc: 41.411
2018-09-19 14:34:31,521:INFO: [TRAIN] Step: 358 ; Loss: 24.615 ; Acc: 41.435
2018-09-19 14:34:31,601:INFO: [TRAIN] Step: 359 ; Loss: 23.715 ; Acc: 41.435
2018-09-19 14:34:31,673:INFO: [TRAIN] Step: 360 ; Loss: 23.036 ; Acc: 41.482
2018-09-19 14:34:31,754:INFO: [TRAIN] Step: 361 ; Loss: 20.973 ; Acc: 41.540
2018-09-19 14:34:31,827:INFO: [TRAIN] Step: 362 ; Loss: 20.365 ; Acc: 41.575
2018-09-19 14:34:31,908:INFO: [TRAIN] Step: 363 ; Loss: 24.158 ; Acc: 41.598
2018-09-19 14:34:31,983:INFO: [TRAIN] Step: 364 ; Loss: 26.723 ; Acc: 41.621
2018-09-19 14:34:32,063:INFO: [TRAIN] Step: 365 ; Loss: 18.709 ; Acc: 41.644
2018-09-19 14:34:32,137:INFO: [TRAIN] Step: 366 ; Loss: 19.527 ; Acc: 41.712
2018-09-19 14:34:32,218:INFO: [TRAIN] Step: 367 ; Loss: 23.652 ; Acc: 41.735
2018-09-19 14:34:32,290:INFO: [TRAIN] Step: 368 ; Loss: 28.465 ; Acc: 41.712
2018-09-19 14:34:32,371:INFO: [TRAIN] Step: 369 ; Loss: 28.025 ; Acc: 41.712
2018-09-19 14:34:32,445:INFO: [TRAIN] Step: 370 ; Loss: 30.364 ; Acc: 41.723
2018-09-19 14:34:32,524:INFO: [TRAIN] Step: 371 ; Loss: 24.568 ; Acc: 41.745
2018-09-19 14:34:32,599:INFO: [TRAIN] Step: 372 ; Loss: 20.056 ; Acc: 41.767
2018-09-19 14:34:32,678:INFO: [TRAIN] Step: 373 ; Loss: 23.111 ; Acc: 41.834
2018-09-19 14:34:32,752:INFO: [TRAIN] Step: 374 ; Loss: 24.813 ; Acc: 41.833
2018-09-19 14:34:32,833:INFO: [TRAIN] Step: 375 ; Loss: 21.954 ; Acc: 41.855
2018-09-19 14:34:32,906:INFO: [TRAIN] Step: 376 ; Loss: 21.547 ; Acc: 41.921
2018-09-19 14:34:32,988:INFO: [TRAIN] Step: 377 ; Loss: 22.105 ; Acc: 41.964
2018-09-19 14:34:33,063:INFO: [TRAIN] Step: 378 ; Loss: 21.313 ; Acc: 42.007
2018-09-19 14:34:33,144:INFO: [TRAIN] Step: 379 ; Loss: 19.398 ; Acc: 42.094
2018-09-19 14:34:33,218:INFO: [TRAIN] Step: 380 ; Loss: 22.757 ; Acc: 42.126
2018-09-19 14:34:33,298:INFO: [TRAIN] Step: 381 ; Loss: 33.344 ; Acc: 42.114
2018-09-19 14:34:33,372:INFO: [TRAIN] Step: 382 ; Loss: 27.860 ; Acc: 42.124
2018-09-19 14:34:33,453:INFO: [TRAIN] Step: 383 ; Loss: 21.337 ; Acc: 42.144
2018-09-19 14:34:33,525:INFO: [TRAIN] Step: 384 ; Loss: 24.176 ; Acc: 42.186
2018-09-19 14:34:33,604:INFO: [TRAIN] Step: 385 ; Loss: 21.623 ; Acc: 42.228
2018-09-19 14:34:33,678:INFO: [TRAIN] Step: 386 ; Loss: 23.160 ; Acc: 42.248
2018-09-19 14:34:33,758:INFO: [TRAIN] Step: 387 ; Loss: 22.694 ; Acc: 42.268
2018-09-19 14:34:33,832:INFO: [TRAIN] Step: 388 ; Loss: 24.854 ; Acc: 42.288
2018-09-19 14:34:33,912:INFO: [TRAIN] Step: 389 ; Loss: 25.080 ; Acc: 42.308
2018-09-19 14:34:33,984:INFO: [TRAIN] Step: 390 ; Loss: 22.417 ; Acc: 42.338
2018-09-19 14:34:34,066:INFO: [TRAIN] Step: 391 ; Loss: 22.042 ; Acc: 42.358
2018-09-19 14:34:34,139:INFO: [TRAIN] Step: 392 ; Loss: 25.901 ; Acc: 42.345
2018-09-19 14:34:34,223:INFO: [TRAIN] Step: 393 ; Loss: 20.840 ; Acc: 42.386
2018-09-19 14:34:34,297:INFO: [TRAIN] Step: 394 ; Loss: 25.378 ; Acc: 42.447
2018-09-19 14:34:34,377:INFO: [TRAIN] Step: 395 ; Loss: 27.497 ; Acc: 42.445
2018-09-19 14:34:34,451:INFO: [TRAIN] Step: 396 ; Loss: 24.698 ; Acc: 42.454
2018-09-19 14:34:34,532:INFO: [TRAIN] Step: 397 ; Loss: 18.045 ; Acc: 42.504
2018-09-19 14:34:34,609:INFO: [TRAIN] Step: 398 ; Loss: 21.766 ; Acc: 42.502
2018-09-19 14:34:34,692:INFO: [TRAIN] Step: 399 ; Loss: 28.566 ; Acc: 42.521
2018-09-19 14:34:34,766:INFO: [TRAIN] Step: 400 ; Loss: 23.417 ; Acc: 42.571
2018-09-19 14:34:34,845:INFO: [TRAIN] Step: 401 ; Loss: 24.338 ; Acc: 42.620
2018-09-19 14:34:34,920:INFO: [TRAIN] Step: 402 ; Loss: 21.598 ; Acc: 42.670
2018-09-19 14:34:35,001:INFO: [TRAIN] Step: 403 ; Loss: 21.501 ; Acc: 42.719
2018-09-19 14:34:35,077:INFO: [TRAIN] Step: 404 ; Loss: 23.265 ; Acc: 42.757
2018-09-19 14:34:35,158:INFO: [TRAIN] Step: 405 ; Loss: 24.313 ; Acc: 42.765
2018-09-19 14:34:35,230:INFO: [TRAIN] Step: 406 ; Loss: 28.359 ; Acc: 42.762
2018-09-19 14:34:35,313:INFO: [TRAIN] Step: 407 ; Loss: 18.263 ; Acc: 42.810
2018-09-19 14:34:35,387:INFO: [TRAIN] Step: 408 ; Loss: 24.208 ; Acc: 42.838
2018-09-19 14:34:35,467:INFO: [TRAIN] Step: 409 ; Loss: 21.692 ; Acc: 42.846
2018-09-19 14:34:35,542:INFO: [TRAIN] Step: 410 ; Loss: 21.859 ; Acc: 42.863
2018-09-19 14:34:35,623:INFO: [TRAIN] Step: 411 ; Loss: 17.409 ; Acc: 42.921
2018-09-19 14:34:35,697:INFO: [TRAIN] Step: 412 ; Loss: 25.400 ; Acc: 42.938
2018-09-19 14:34:35,776:INFO: [TRAIN] Step: 413 ; Loss: 24.421 ; Acc: 42.955
2018-09-19 14:34:35,848:INFO: [TRAIN] Step: 414 ; Loss: 20.324 ; Acc: 43.022
2018-09-19 14:34:35,927:INFO: [TRAIN] Step: 415 ; Loss: 22.491 ; Acc: 43.049
2018-09-19 14:34:36,003:INFO: [TRAIN] Step: 416 ; Loss: 24.080 ; Acc: 43.066
2018-09-19 14:34:36,089:INFO: [TRAIN] Step: 417 ; Loss: 22.912 ; Acc: 43.072
2018-09-19 14:34:36,163:INFO: [TRAIN] Step: 418 ; Loss: 18.961 ; Acc: 43.128
2018-09-19 14:34:36,243:INFO: [TRAIN] Step: 419 ; Loss: 30.613 ; Acc: 43.115
2018-09-19 14:34:36,318:INFO: [TRAIN] Step: 420 ; Loss: 26.854 ; Acc: 43.151
2018-09-19 14:34:36,399:INFO: [TRAIN] Step: 421 ; Loss: 21.089 ; Acc: 43.197
2018-09-19 14:34:36,473:INFO: [TRAIN] Step: 422 ; Loss: 24.316 ; Acc: 43.203
2018-09-19 14:34:36,554:INFO: [TRAIN] Step: 423 ; Loss: 21.823 ; Acc: 43.229
2018-09-19 14:34:36,627:INFO: [TRAIN] Step: 424 ; Loss: 23.307 ; Acc: 43.245
2018-09-19 14:34:36,707:INFO: [TRAIN] Step: 425 ; Loss: 23.867 ; Acc: 43.251
2018-09-19 14:34:36,778:INFO: [TRAIN] Step: 426 ; Loss: 30.890 ; Acc: 43.238
2018-09-19 14:34:36,857:INFO: [TRAIN] Step: 427 ; Loss: 20.199 ; Acc: 43.283
2018-09-19 14:34:36,933:INFO: [TRAIN] Step: 428 ; Loss: 23.111 ; Acc: 43.308
2018-09-19 14:34:37,014:INFO: [TRAIN] Step: 429 ; Loss: 24.496 ; Acc: 43.314
2018-09-19 14:34:37,089:INFO: [TRAIN] Step: 430 ; Loss: 17.623 ; Acc: 43.378
2018-09-19 14:34:37,169:INFO: [TRAIN] Step: 431 ; Loss: 19.032 ; Acc: 43.412
2018-09-19 14:34:37,242:INFO: [TRAIN] Step: 432 ; Loss: 26.109 ; Acc: 43.428
2018-09-19 14:34:37,323:INFO: [TRAIN] Step: 433 ; Loss: 21.988 ; Acc: 43.472
2018-09-19 14:34:37,397:INFO: [TRAIN] Step: 434 ; Loss: 20.538 ; Acc: 43.487
2018-09-19 14:34:37,478:INFO: [TRAIN] Step: 435 ; Loss: 25.669 ; Acc: 43.502
2018-09-19 14:34:37,553:INFO: [TRAIN] Step: 436 ; Loss: 25.198 ; Acc: 43.488
2018-09-19 14:34:37,635:INFO: [TRAIN] Step: 437 ; Loss: 24.608 ; Acc: 43.531
2018-09-19 14:34:37,710:INFO: [TRAIN] Step: 438 ; Loss: 20.370 ; Acc: 43.555
2018-09-19 14:34:37,792:INFO: [TRAIN] Step: 439 ; Loss: 26.259 ; Acc: 43.570
2018-09-19 14:34:37,867:INFO: [TRAIN] Step: 440 ; Loss: 23.272 ; Acc: 43.566
2018-09-19 14:34:37,949:INFO: [TRAIN] Step: 441 ; Loss: 17.873 ; Acc: 43.590
2018-09-19 14:34:38,023:INFO: [TRAIN] Step: 442 ; Loss: 18.536 ; Acc: 43.604
2018-09-19 14:34:38,106:INFO: [TRAIN] Step: 443 ; Loss: 19.090 ; Acc: 43.637
2018-09-19 14:34:38,180:INFO: [TRAIN] Step: 444 ; Loss: 20.197 ; Acc: 43.670
2018-09-19 14:34:38,262:INFO: [TRAIN] Step: 445 ; Loss: 20.801 ; Acc: 43.713
2018-09-19 14:34:38,344:INFO: [TRAIN] Step: 446 ; Loss: 21.104 ; Acc: 43.736
2018-09-19 14:34:38,425:INFO: [TRAIN] Step: 447 ; Loss: 26.711 ; Acc: 43.741
2018-09-19 14:34:38,500:INFO: [TRAIN] Step: 448 ; Loss: 19.204 ; Acc: 43.782
2018-09-19 14:34:38,581:INFO: [TRAIN] Step: 449 ; Loss: 31.513 ; Acc: 43.759
2018-09-19 14:34:38,654:INFO: [TRAIN] Step: 450 ; Loss: 19.355 ; Acc: 43.801
2018-09-19 14:34:38,736:INFO: [TRAIN] Step: 451 ; Loss: 18.994 ; Acc: 43.842
2018-09-19 14:34:38,809:INFO: [TRAIN] Step: 452 ; Loss: 21.643 ; Acc: 43.865
2018-09-19 14:34:38,890:INFO: [TRAIN] Step: 453 ; Loss: 23.548 ; Acc: 43.897
2018-09-19 14:34:38,966:INFO: [TRAIN] Step: 454 ; Loss: 24.121 ; Acc: 43.919
2018-09-19 14:34:39,045:INFO: [TRAIN] Step: 455 ; Loss: 23.553 ; Acc: 43.933
2018-09-19 14:34:39,120:INFO: [TRAIN] Step: 456 ; Loss: 24.363 ; Acc: 43.937
2018-09-19 14:34:39,199:INFO: [TRAIN] Step: 457 ; Loss: 21.509 ; Acc: 43.977
2018-09-19 14:34:39,275:INFO: [TRAIN] Step: 458 ; Loss: 24.621 ; Acc: 43.981
2018-09-19 14:34:39,356:INFO: [TRAIN] Step: 459 ; Loss: 21.017 ; Acc: 44.004
2018-09-19 14:34:39,428:INFO: [TRAIN] Step: 460 ; Loss: 22.803 ; Acc: 43.999
2018-09-19 14:34:39,508:INFO: [TRAIN] Step: 461 ; Loss: 19.826 ; Acc: 44.030
2018-09-19 14:34:39,581:INFO: [TRAIN] Step: 462 ; Loss: 24.139 ; Acc: 44.051
2018-09-19 14:34:39,662:INFO: [TRAIN] Step: 463 ; Loss: 23.676 ; Acc: 44.073
2018-09-19 14:34:39,743:INFO: [TRAIN] Step: 464 ; Loss: 22.667 ; Acc: 44.104
2018-09-19 14:34:39,824:INFO: [TRAIN] Step: 465 ; Loss: 22.463 ; Acc: 44.143
2018-09-19 14:34:39,897:INFO: [TRAIN] Step: 466 ; Loss: 22.845 ; Acc: 44.183
2018-09-19 14:34:39,981:INFO: [TRAIN] Step: 467 ; Loss: 25.715 ; Acc: 44.186
2018-09-19 14:34:40,055:INFO: [TRAIN] Step: 468 ; Loss: 27.194 ; Acc: 44.199
2018-09-19 14:34:40,135:INFO: [TRAIN] Step: 469 ; Loss: 21.948 ; Acc: 44.229
2018-09-19 14:34:40,208:INFO: [TRAIN] Step: 470 ; Loss: 24.655 ; Acc: 44.241
2018-09-19 14:34:40,291:INFO: [TRAIN] Step: 471 ; Loss: 24.969 ; Acc: 44.253
2018-09-19 14:34:40,365:INFO: [TRAIN] Step: 472 ; Loss: 20.681 ; Acc: 44.309
2018-09-19 14:34:40,447:INFO: [TRAIN] Step: 473 ; Loss: 23.417 ; Acc: 44.348
2018-09-19 14:34:40,521:INFO: [TRAIN] Step: 474 ; Loss: 21.523 ; Acc: 44.386
2018-09-19 14:34:40,603:INFO: [TRAIN] Step: 475 ; Loss: 21.741 ; Acc: 44.407
2018-09-19 14:34:40,678:INFO: [TRAIN] Step: 476 ; Loss: 20.777 ; Acc: 44.410
2018-09-19 14:34:40,760:INFO: [TRAIN] Step: 477 ; Loss: 22.160 ; Acc: 44.404
2018-09-19 14:34:40,833:INFO: [TRAIN] Step: 478 ; Loss: 30.071 ; Acc: 44.398
2018-09-19 14:34:40,914:INFO: [TRAIN] Step: 479 ; Loss: 22.072 ; Acc: 44.427
2018-09-19 14:34:40,988:INFO: [TRAIN] Step: 480 ; Loss: 24.629 ; Acc: 44.456
2018-09-19 14:34:41,071:INFO: [TRAIN] Step: 481 ; Loss: 22.691 ; Acc: 44.459
2018-09-19 14:34:41,144:INFO: [TRAIN] Step: 482 ; Loss: 24.757 ; Acc: 44.470
2018-09-19 14:34:41,225:INFO: [TRAIN] Step: 483 ; Loss: 19.641 ; Acc: 44.499
2018-09-19 14:34:41,302:INFO: [TRAIN] Step: 484 ; Loss: 15.979 ; Acc: 44.570
2018-09-19 14:34:41,382:INFO: [TRAIN] Step: 485 ; Loss: 24.249 ; Acc: 44.582
2018-09-19 14:34:41,458:INFO: [TRAIN] Step: 486 ; Loss: 20.342 ; Acc: 44.618
2018-09-19 14:34:41,541:INFO: [TRAIN] Step: 487 ; Loss: 25.880 ; Acc: 44.621
2018-09-19 14:34:41,615:INFO: [TRAIN] Step: 488 ; Loss: 23.763 ; Acc: 44.615
2018-09-19 14:34:41,698:INFO: [TRAIN] Step: 489 ; Loss: 20.986 ; Acc: 44.592
2018-09-19 14:34:41,775:INFO: [TRAIN] Step: 490 ; Loss: 22.590 ; Acc: 44.611
2018-09-19 14:34:41,855:INFO: [TRAIN] Step: 491 ; Loss: 23.391 ; Acc: 44.622
2018-09-19 14:34:41,929:INFO: [TRAIN] Step: 492 ; Loss: 26.742 ; Acc: 44.599
2018-09-19 14:34:42,010:INFO: [TRAIN] Step: 493 ; Loss: 23.043 ; Acc: 44.619
2018-09-19 14:34:42,085:INFO: [TRAIN] Step: 494 ; Loss: 24.797 ; Acc: 44.630
2018-09-19 14:34:42,167:INFO: [TRAIN] Step: 495 ; Loss: 24.267 ; Acc: 44.615
2018-09-19 14:34:42,240:INFO: [TRAIN] Step: 496 ; Loss: 24.264 ; Acc: 44.618
2018-09-19 14:34:42,324:INFO: [TRAIN] Step: 497 ; Loss: 26.388 ; Acc: 44.620
2018-09-19 14:34:42,398:INFO: [TRAIN] Step: 498 ; Loss: 25.696 ; Acc: 44.639
2018-09-19 14:34:42,478:INFO: [TRAIN] Step: 499 ; Loss: 24.633 ; Acc: 44.667
2018-09-19 14:34:42,549:INFO: [TRAIN] Step: 500 ; Loss: 21.708 ; Acc: 44.661
2018-09-19 14:34:42,630:INFO: [TRAIN] Step: 501 ; Loss: 25.279 ; Acc: 44.688
2018-09-19 14:34:42,703:INFO: [TRAIN] Step: 502 ; Loss: 19.601 ; Acc: 44.715
2018-09-19 14:34:42,784:INFO: [TRAIN] Step: 503 ; Loss: 23.957 ; Acc: 44.717
2018-09-19 14:34:42,857:INFO: [TRAIN] Step: 504 ; Loss: 21.734 ; Acc: 44.736
2018-09-19 14:34:42,937:INFO: [TRAIN] Step: 505 ; Loss: 22.976 ; Acc: 44.730
2018-09-19 14:34:43,010:INFO: [TRAIN] Step: 506 ; Loss: 22.128 ; Acc: 44.773
2018-09-19 14:34:43,092:INFO: [TRAIN] Step: 507 ; Loss: 25.531 ; Acc: 44.767
2018-09-19 14:34:43,164:INFO: [TRAIN] Step: 508 ; Loss: 23.569 ; Acc: 44.802
2018-09-19 14:34:43,245:INFO: [TRAIN] Step: 509 ; Loss: 17.600 ; Acc: 44.853
2018-09-19 14:34:43,318:INFO: [TRAIN] Step: 510 ; Loss: 24.518 ; Acc: 44.863
2018-09-19 14:34:43,398:INFO: [TRAIN] Step: 511 ; Loss: 22.061 ; Acc: 44.889
2018-09-19 14:34:43,473:INFO: [TRAIN] Step: 512 ; Loss: 19.689 ; Acc: 44.899
2018-09-19 14:34:43,553:INFO: [TRAIN] Step: 513 ; Loss: 20.189 ; Acc: 44.942
2018-09-19 14:34:43,628:INFO: [TRAIN] Step: 514 ; Loss: 19.401 ; Acc: 44.960
2018-09-19 14:34:43,707:INFO: [TRAIN] Step: 515 ; Loss: 21.639 ; Acc: 44.994
2018-09-19 14:34:43,780:INFO: [TRAIN] Step: 516 ; Loss: 17.881 ; Acc: 45.044
2018-09-19 14:34:43,861:INFO: [TRAIN] Step: 517 ; Loss: 22.505 ; Acc: 45.045
2018-09-19 14:34:43,937:INFO: [TRAIN] Step: 518 ; Loss: 20.392 ; Acc: 45.047
2018-09-19 14:34:44,016:INFO: [TRAIN] Step: 519 ; Loss: 20.670 ; Acc: 45.064
2018-09-19 14:34:44,090:INFO: [TRAIN] Step: 520 ; Loss: 15.135 ; Acc: 45.138
2018-09-19 14:34:44,170:INFO: [TRAIN] Step: 521 ; Loss: 23.464 ; Acc: 45.155
2018-09-19 14:34:44,242:INFO: [TRAIN] Step: 522 ; Loss: 23.012 ; Acc: 45.164
2018-09-19 14:34:44,324:INFO: [TRAIN] Step: 523 ; Loss: 25.683 ; Acc: 45.165
2018-09-19 14:34:44,400:INFO: [TRAIN] Step: 524 ; Loss: 23.257 ; Acc: 45.143
2018-09-19 14:34:44,481:INFO: [TRAIN] Step: 525 ; Loss: 23.386 ; Acc: 45.144
2018-09-19 14:34:44,556:INFO: [TRAIN] Step: 526 ; Loss: 20.288 ; Acc: 45.161
2018-09-19 14:34:44,636:INFO: [TRAIN] Step: 527 ; Loss: 23.761 ; Acc: 45.210
2018-09-19 14:34:44,709:INFO: [TRAIN] Step: 528 ; Loss: 20.433 ; Acc: 45.243
2018-09-19 14:34:44,791:INFO: [TRAIN] Step: 529 ; Loss: 22.889 ; Acc: 45.236
2018-09-19 14:34:44,864:INFO: [TRAIN] Step: 530 ; Loss: 24.158 ; Acc: 45.253
2018-09-19 14:34:44,944:INFO: [TRAIN] Step: 531 ; Loss: 25.500 ; Acc: 45.269
2018-09-19 14:34:45,019:INFO: [TRAIN] Step: 532 ; Loss: 20.328 ; Acc: 45.302
2018-09-19 14:34:45,098:INFO: [TRAIN] Step: 533 ; Loss: 18.923 ; Acc: 45.342
2018-09-19 14:34:45,171:INFO: [TRAIN] Step: 534 ; Loss: 18.717 ; Acc: 45.366
2018-09-19 14:34:45,251:INFO: [TRAIN] Step: 535 ; Loss: 20.683 ; Acc: 45.382
2018-09-19 14:34:45,324:INFO: [TRAIN] Step: 536 ; Loss: 24.765 ; Acc: 45.360
2018-09-19 14:34:45,403:INFO: [TRAIN] Step: 537 ; Loss: 23.262 ; Acc: 45.384
2018-09-19 14:34:45,477:INFO: [TRAIN] Step: 538 ; Loss: 21.143 ; Acc: 45.408
2018-09-19 14:34:45,557:INFO: [TRAIN] Step: 539 ; Loss: 20.261 ; Acc: 45.417
2018-09-19 14:34:45,639:INFO: [TRAIN] Step: 540 ; Loss: 23.668 ; Acc: 45.456
2018-09-19 14:34:45,719:INFO: [TRAIN] Step: 541 ; Loss: 21.820 ; Acc: 45.457
2018-09-19 14:34:45,792:INFO: [TRAIN] Step: 542 ; Loss: 25.649 ; Acc: 45.465
2018-09-19 14:34:45,880:INFO: [TRAIN] Step: 543 ; Loss: 19.102 ; Acc: 45.496
2018-09-19 14:34:45,953:INFO: [TRAIN] Step: 544 ; Loss: 23.480 ; Acc: 45.528
2018-09-19 14:34:46,034:INFO: [TRAIN] Step: 545 ; Loss: 15.572 ; Acc: 45.566
2018-09-19 14:34:46,105:INFO: [TRAIN] Step: 546 ; Loss: 25.436 ; Acc: 45.574
2018-09-19 14:34:46,185:INFO: [TRAIN] Step: 547 ; Loss: 25.747 ; Acc: 45.590
2018-09-19 14:34:46,257:INFO: [TRAIN] Step: 548 ; Loss: 19.694 ; Acc: 45.636
2018-09-19 14:34:46,338:INFO: [TRAIN] Step: 549 ; Loss: 19.632 ; Acc: 45.644
2018-09-19 14:34:46,410:INFO: [TRAIN] Step: 550 ; Loss: 20.561 ; Acc: 45.682
2018-09-19 14:34:46,491:INFO: [TRAIN] Step: 551 ; Loss: 25.823 ; Acc: 45.675
2018-09-19 14:34:46,570:INFO: [TRAIN] Step: 552 ; Loss: 19.712 ; Acc: 45.720
2018-09-19 14:34:46,652:INFO: [TRAIN] Step: 553 ; Loss: 28.462 ; Acc: 45.698
2018-09-19 14:34:46,726:INFO: [TRAIN] Step: 554 ; Loss: 23.700 ; Acc: 45.698
2018-09-19 14:34:46,807:INFO: [TRAIN] Step: 555 ; Loss: 20.658 ; Acc: 45.713
2018-09-19 14:34:46,880:INFO: [TRAIN] Step: 556 ; Loss: 27.138 ; Acc: 45.699
2018-09-19 14:34:46,961:INFO: [TRAIN] Step: 557 ; Loss: 22.280 ; Acc: 45.699
2018-09-19 14:34:47,036:INFO: [TRAIN] Step: 558 ; Loss: 22.776 ; Acc: 45.729
2018-09-19 14:34:47,116:INFO: [TRAIN] Step: 559 ; Loss: 19.244 ; Acc: 45.781
2018-09-19 14:34:47,190:INFO: [TRAIN] Step: 560 ; Loss: 24.215 ; Acc: 45.796
2018-09-19 14:34:47,270:INFO: [TRAIN] Step: 561 ; Loss: 18.729 ; Acc: 45.804
2018-09-19 14:34:47,347:INFO: [TRAIN] Step: 562 ; Loss: 14.120 ; Acc: 45.841
2018-09-19 14:34:47,427:INFO: [TRAIN] Step: 563 ; Loss: 22.089 ; Acc: 45.870
2018-09-19 14:34:47,501:INFO: [TRAIN] Step: 564 ; Loss: 28.657 ; Acc: 45.863
2018-09-19 14:34:47,588:INFO: [TRAIN] Step: 565 ; Loss: 20.105 ; Acc: 45.892
2018-09-19 14:34:47,666:INFO: [TRAIN] Step: 566 ; Loss: 20.608 ; Acc: 45.929
2018-09-19 14:34:47,746:INFO: [TRAIN] Step: 567 ; Loss: 16.913 ; Acc: 45.965
2018-09-19 14:34:47,818:INFO: [TRAIN] Step: 568 ; Loss: 22.010 ; Acc: 45.980
2018-09-19 14:34:47,898:INFO: [TRAIN] Step: 569 ; Loss: 23.709 ; Acc: 46.001
2018-09-19 14:34:47,972:INFO: [TRAIN] Step: 570 ; Loss: 21.484 ; Acc: 46.038
2018-09-19 14:34:48,053:INFO: [TRAIN] Step: 571 ; Loss: 18.474 ; Acc: 46.059
2018-09-19 14:34:48,128:INFO: [TRAIN] Step: 572 ; Loss: 18.706 ; Acc: 46.095
2018-09-19 14:34:48,209:INFO: [TRAIN] Step: 573 ; Loss: 16.708 ; Acc: 46.124
2018-09-19 14:34:48,282:INFO: [TRAIN] Step: 574 ; Loss: 21.108 ; Acc: 46.138
2018-09-19 14:34:48,363:INFO: [TRAIN] Step: 575 ; Loss: 20.693 ; Acc: 46.152
2018-09-19 14:34:48,436:INFO: [TRAIN] Step: 576 ; Loss: 19.310 ; Acc: 46.173
2018-09-19 14:34:48,518:INFO: [TRAIN] Step: 577 ; Loss: 23.472 ; Acc: 46.179
2018-09-19 14:34:48,593:INFO: [TRAIN] Step: 578 ; Loss: 21.312 ; Acc: 46.193
2018-09-19 14:34:48,672:INFO: [TRAIN] Step: 579 ; Loss: 28.334 ; Acc: 46.200
2018-09-19 14:34:48,747:INFO: [TRAIN] Step: 580 ; Loss: 20.710 ; Acc: 46.235
2018-09-19 14:34:48,829:INFO: [TRAIN] Step: 581 ; Loss: 19.630 ; Acc: 46.256
2018-09-19 14:34:48,901:INFO: [TRAIN] Step: 582 ; Loss: 17.609 ; Acc: 46.298
2018-09-19 14:34:48,982:INFO: [TRAIN] Step: 583 ; Loss: 23.075 ; Acc: 46.318
2018-09-19 14:34:49,055:INFO: [TRAIN] Step: 584 ; Loss: 23.857 ; Acc: 46.325
2018-09-19 14:34:49,135:INFO: [TRAIN] Step: 585 ; Loss: 22.566 ; Acc: 46.324
2018-09-19 14:34:49,211:INFO: [TRAIN] Step: 586 ; Loss: 20.855 ; Acc: 46.337
2018-09-19 14:34:49,290:INFO: [TRAIN] Step: 587 ; Loss: 23.737 ; Acc: 46.351
2018-09-19 14:34:49,364:INFO: [TRAIN] Step: 588 ; Loss: 19.537 ; Acc: 46.385
2018-09-19 14:34:49,446:INFO: [TRAIN] Step: 589 ; Loss: 23.671 ; Acc: 46.391
2018-09-19 14:34:49,520:INFO: [TRAIN] Step: 590 ; Loss: 17.775 ; Acc: 46.418
2018-09-19 14:34:49,602:INFO: [TRAIN] Step: 591 ; Loss: 22.323 ; Acc: 46.418
2018-09-19 14:34:49,679:INFO: [TRAIN] Step: 592 ; Loss: 26.935 ; Acc: 46.409
2018-09-19 14:34:49,765:INFO: [TRAIN] Step: 593 ; Loss: 20.607 ; Acc: 46.437
2018-09-19 14:34:49,840:INFO: [TRAIN] Step: 594 ; Loss: 25.884 ; Acc: 46.429
2018-09-19 14:34:49,922:INFO: [TRAIN] Step: 595 ; Loss: 26.197 ; Acc: 46.428
2018-09-19 14:34:49,997:INFO: [TRAIN] Step: 596 ; Loss: 26.911 ; Acc: 46.413
2018-09-19 14:34:50,077:INFO: [TRAIN] Step: 597 ; Loss: 21.240 ; Acc: 46.433
2018-09-19 14:34:50,150:INFO: [TRAIN] Step: 598 ; Loss: 23.517 ; Acc: 46.425
2018-09-19 14:34:50,232:INFO: [TRAIN] Step: 599 ; Loss: 19.950 ; Acc: 46.438
2018-09-19 14:34:50,309:INFO: [TRAIN] Step: 600 ; Loss: 18.870 ; Acc: 46.471
2018-09-19 14:34:50,389:INFO: [TRAIN] Step: 601 ; Loss: 23.734 ; Acc: 46.470
2018-09-19 14:34:50,464:INFO: [TRAIN] Step: 602 ; Loss: 18.140 ; Acc: 46.497
2018-09-19 14:34:50,545:INFO: [TRAIN] Step: 603 ; Loss: 23.321 ; Acc: 46.502
2018-09-19 14:34:50,620:INFO: [TRAIN] Step: 604 ; Loss: 20.803 ; Acc: 46.536
2018-09-19 14:34:50,699:INFO: [TRAIN] Step: 605 ; Loss: 24.708 ; Acc: 46.528
2018-09-19 14:34:50,774:INFO: [TRAIN] Step: 606 ; Loss: 21.840 ; Acc: 46.540
2018-09-19 14:34:50,861:INFO: [TRAIN] Step: 607 ; Loss: 26.058 ; Acc: 46.567
2018-09-19 14:34:50,935:INFO: [TRAIN] Step: 608 ; Loss: 19.033 ; Acc: 46.606
2018-09-19 14:34:51,017:INFO: [TRAIN] Step: 609 ; Loss: 22.244 ; Acc: 46.619
2018-09-19 14:34:51,093:INFO: [TRAIN] Step: 610 ; Loss: 24.875 ; Acc: 46.631
2018-09-19 14:34:51,174:INFO: [TRAIN] Step: 611 ; Loss: 20.696 ; Acc: 46.657
2018-09-19 14:34:51,252:INFO: [TRAIN] Step: 612 ; Loss: 20.039 ; Acc: 46.676
2018-09-19 14:34:51,334:INFO: [TRAIN] Step: 613 ; Loss: 25.829 ; Acc: 46.661
2018-09-19 14:34:51,409:INFO: [TRAIN] Step: 614 ; Loss: 21.617 ; Acc: 46.673
2018-09-19 14:34:51,489:INFO: [TRAIN] Step: 615 ; Loss: 20.359 ; Acc: 46.686
2018-09-19 14:34:51,567:INFO: [TRAIN] Step: 616 ; Loss: 26.967 ; Acc: 46.671
2018-09-19 14:34:51,651:INFO: [TRAIN] Step: 617 ; Loss: 20.071 ; Acc: 46.683
2018-09-19 14:34:51,724:INFO: [TRAIN] Step: 618 ; Loss: 25.529 ; Acc: 46.661
2018-09-19 14:34:51,805:INFO: [TRAIN] Step: 619 ; Loss: 19.498 ; Acc: 46.673
2018-09-19 14:34:51,878:INFO: [TRAIN] Step: 620 ; Loss: 20.280 ; Acc: 46.706
2018-09-19 14:34:51,961:INFO: [TRAIN] Step: 621 ; Loss: 26.659 ; Acc: 46.704
2018-09-19 14:34:52,035:INFO: [TRAIN] Step: 622 ; Loss: 16.866 ; Acc: 46.730
2018-09-19 14:34:52,116:INFO: [TRAIN] Step: 623 ; Loss: 22.122 ; Acc: 46.741
2018-09-19 14:34:52,190:INFO: [TRAIN] Step: 624 ; Loss: 20.877 ; Acc: 46.760
2018-09-19 14:34:52,272:INFO: [TRAIN] Step: 625 ; Loss: 24.103 ; Acc: 46.759
2018-09-19 14:34:52,344:INFO: [TRAIN] Step: 626 ; Loss: 26.540 ; Acc: 46.737
2018-09-19 14:34:52,427:INFO: [TRAIN] Step: 627 ; Loss: 28.446 ; Acc: 46.742
2018-09-19 14:34:52,501:INFO: [TRAIN] Step: 628 ; Loss: 16.027 ; Acc: 46.787
2018-09-19 14:34:52,584:INFO: [TRAIN] Step: 629 ; Loss: 16.927 ; Acc: 46.812
2018-09-19 14:34:52,659:INFO: [TRAIN] Step: 630 ; Loss: 20.030 ; Acc: 46.830
2018-09-19 14:34:52,741:INFO: [TRAIN] Step: 631 ; Loss: 24.651 ; Acc: 46.849
2018-09-19 14:34:52,818:INFO: [TRAIN] Step: 632 ; Loss: 21.461 ; Acc: 46.854
2018-09-19 14:34:52,901:INFO: [TRAIN] Step: 633 ; Loss: 18.891 ; Acc: 46.885
2018-09-19 14:34:52,974:INFO: [TRAIN] Step: 634 ; Loss: 23.459 ; Acc: 46.890
2018-09-19 14:34:53,055:INFO: [TRAIN] Step: 635 ; Loss: 18.738 ; Acc: 46.914
2018-09-19 14:34:53,132:INFO: [TRAIN] Step: 636 ; Loss: 25.292 ; Acc: 46.913
2018-09-19 14:34:53,212:INFO: [TRAIN] Step: 637 ; Loss: 22.856 ; Acc: 46.911
2018-09-19 14:34:53,287:INFO: [TRAIN] Step: 638 ; Loss: 20.601 ; Acc: 46.929
2018-09-19 14:34:53,372:INFO: [TRAIN] Step: 639 ; Loss: 18.815 ; Acc: 46.940
2018-09-19 14:34:53,448:INFO: [TRAIN] Step: 640 ; Loss: 25.439 ; Acc: 46.932
2018-09-19 14:34:53,529:INFO: [TRAIN] Step: 641 ; Loss: 22.445 ; Acc: 46.950
2018-09-19 14:34:53,605:INFO: [TRAIN] Step: 642 ; Loss: 22.295 ; Acc: 46.961
2018-09-19 14:34:53,690:INFO: [TRAIN] Step: 643 ; Loss: 20.609 ; Acc: 46.985
2018-09-19 14:34:53,766:INFO: [TRAIN] Step: 644 ; Loss: 22.084 ; Acc: 46.996
2018-09-19 14:34:53,848:INFO: [TRAIN] Step: 645 ; Loss: 22.039 ; Acc: 46.994
2018-09-19 14:34:53,924:INFO: [TRAIN] Step: 646 ; Loss: 21.872 ; Acc: 47.012
2018-09-19 14:34:54,011:INFO: [TRAIN] Step: 647 ; Loss: 24.222 ; Acc: 47.010
2018-09-19 14:34:54,087:INFO: [TRAIN] Step: 648 ; Loss: 20.216 ; Acc: 47.047
2018-09-19 14:34:54,171:INFO: [TRAIN] Step: 649 ; Loss: 25.215 ; Acc: 47.051
2018-09-19 14:34:54,251:INFO: [TRAIN] Step: 650 ; Loss: 25.088 ; Acc: 47.037
2018-09-19 14:34:54,336:INFO: [TRAIN] Step: 651 ; Loss: 25.837 ; Acc: 47.048
2018-09-19 14:34:54,414:INFO: [TRAIN] Step: 652 ; Loss: 20.648 ; Acc: 47.065
2018-09-19 14:34:54,498:INFO: [TRAIN] Step: 653 ; Loss: 19.061 ; Acc: 47.076
2018-09-19 14:34:54,578:INFO: [TRAIN] Step: 654 ; Loss: 25.553 ; Acc: 47.061
2018-09-19 14:34:54,662:INFO: [TRAIN] Step: 655 ; Loss: 19.943 ; Acc: 47.097
2018-09-19 14:34:54,743:INFO: [TRAIN] Step: 656 ; Loss: 21.167 ; Acc: 47.121
2018-09-19 14:34:54,831:INFO: [TRAIN] Step: 657 ; Loss: 25.207 ; Acc: 47.119
2018-09-19 14:34:54,908:INFO: [TRAIN] Step: 658 ; Loss: 22.961 ; Acc: 47.111
2018-09-19 14:34:54,998:INFO: [TRAIN] Step: 659 ; Loss: 19.870 ; Acc: 47.121
2018-09-19 14:34:55,077:INFO: [TRAIN] Step: 660 ; Loss: 18.399 ; Acc: 47.144
2018-09-19 14:34:55,167:INFO: [TRAIN] Step: 661 ; Loss: 21.713 ; Acc: 47.142
2018-09-19 14:34:55,251:INFO: [TRAIN] Step: 662 ; Loss: 26.705 ; Acc: 47.141
2018-09-19 14:34:55,341:INFO: [TRAIN] Step: 663 ; Loss: 21.191 ; Acc: 47.139
2018-09-19 14:34:55,425:INFO: [TRAIN] Step: 664 ; Loss: 22.540 ; Acc: 47.143
2018-09-19 14:34:55,514:INFO: [TRAIN] Step: 665 ; Loss: 16.681 ; Acc: 47.160
2018-09-19 14:34:55,601:INFO: [TRAIN] Step: 666 ; Loss: 19.436 ; Acc: 47.183
2018-09-19 14:34:55,692:INFO: [TRAIN] Step: 667 ; Loss: 20.363 ; Acc: 47.218
2018-09-19 14:34:55,775:INFO: [TRAIN] Step: 668 ; Loss: 21.655 ; Acc: 47.228
2018-09-19 14:34:55,867:INFO: [TRAIN] Step: 669 ; Loss: 20.565 ; Acc: 47.251
2018-09-19 14:34:55,952:INFO: [TRAIN] Step: 670 ; Loss: 21.543 ; Acc: 47.255
2018-09-19 14:34:56,044:INFO: [TRAIN] Step: 671 ; Loss: 23.466 ; Acc: 47.272
2018-09-19 14:34:56,131:INFO: [TRAIN] Step: 672 ; Loss: 26.903 ; Acc: 47.257
2018-09-19 14:34:56,224:INFO: [TRAIN] Step: 673 ; Loss: 23.258 ; Acc: 47.274
2018-09-19 14:34:56,313:INFO: [TRAIN] Step: 674 ; Loss: 22.425 ; Acc: 47.259
2018-09-19 14:34:56,410:INFO: [TRAIN] Step: 675 ; Loss: 18.239 ; Acc: 47.288
2018-09-19 14:34:56,501:INFO: [TRAIN] Step: 676 ; Loss: 24.535 ; Acc: 47.292
2018-09-19 14:34:56,601:INFO: [TRAIN] Step: 677 ; Loss: 23.776 ; Acc: 47.278
2018-09-19 14:34:56,691:INFO: [TRAIN] Step: 678 ; Loss: 22.594 ; Acc: 47.306
2018-09-19 14:34:56,787:INFO: [TRAIN] Step: 679 ; Loss: 24.751 ; Acc: 47.298
2018-09-19 14:34:56,882:INFO: [TRAIN] Step: 680 ; Loss: 23.927 ; Acc: 47.314
2018-09-19 14:34:56,983:INFO: [TRAIN] Step: 681 ; Loss: 28.484 ; Acc: 47.312
2018-09-19 14:34:57,079:INFO: [TRAIN] Step: 682 ; Loss: 20.380 ; Acc: 47.322
2018-09-19 14:34:57,181:INFO: [TRAIN] Step: 683 ; Loss: 26.071 ; Acc: 47.314
2018-09-19 14:34:57,273:INFO: [TRAIN] Step: 684 ; Loss: 21.745 ; Acc: 47.330
2018-09-19 14:34:57,373:INFO: [TRAIN] Step: 685 ; Loss: 22.297 ; Acc: 47.364
2018-09-19 14:34:57,471:INFO: [TRAIN] Step: 686 ; Loss: 24.268 ; Acc: 47.368
2018-09-19 14:34:57,574:INFO: [TRAIN] Step: 687 ; Loss: 20.660 ; Acc: 47.372
2018-09-19 14:34:57,675:INFO: [TRAIN] Step: 688 ; Loss: 22.490 ; Acc: 47.412
2018-09-19 14:34:57,778:INFO: [TRAIN] Step: 689 ; Loss: 20.518 ; Acc: 47.428
2018-09-19 14:34:57,879:INFO: [TRAIN] Step: 690 ; Loss: 17.364 ; Acc: 47.443
2018-09-19 14:34:57,988:INFO: [TRAIN] Step: 691 ; Loss: 16.697 ; Acc: 47.477
2018-09-19 14:34:58,087:INFO: [TRAIN] Step: 692 ; Loss: 21.501 ; Acc: 47.493
2018-09-19 14:34:58,191:INFO: [TRAIN] Step: 693 ; Loss: 22.563 ; Acc: 47.514
2018-09-19 14:34:58,304:INFO: [TRAIN] Step: 694 ; Loss: 26.581 ; Acc: 47.512
2018-09-19 14:34:58,410:INFO: [TRAIN] Step: 695 ; Loss: 16.307 ; Acc: 47.528
2018-09-19 14:34:58,516:INFO: [TRAIN] Step: 696 ; Loss: 18.808 ; Acc: 47.549
2018-09-19 14:34:58,625:INFO: [TRAIN] Step: 697 ; Loss: 17.584 ; Acc: 47.582
2018-09-19 14:34:58,731:INFO: [TRAIN] Step: 698 ; Loss: 21.657 ; Acc: 47.580
2018-09-19 14:34:58,838:INFO: [TRAIN] Step: 699 ; Loss: 21.392 ; Acc: 47.601
2018-09-19 14:34:58,945:INFO: [TRAIN] Step: 700 ; Loss: 21.035 ; Acc: 47.605
2018-09-19 14:34:59,057:INFO: [TRAIN] Step: 701 ; Loss: 23.022 ; Acc: 47.614
2018-09-19 14:34:59,168:INFO: [TRAIN] Step: 702 ; Loss: 20.188 ; Acc: 47.623
2018-09-19 14:34:59,274:INFO: [TRAIN] Step: 703 ; Loss: 19.259 ; Acc: 47.638
2018-09-19 14:34:59,383:INFO: [TRAIN] Step: 704 ; Loss: 26.639 ; Acc: 47.648
2018-09-19 14:34:59,494:INFO: [TRAIN] Step: 705 ; Loss: 24.506 ; Acc: 47.657
2018-09-19 14:34:59,607:INFO: [TRAIN] Step: 706 ; Loss: 20.279 ; Acc: 47.684
2018-09-19 14:34:59,720:INFO: [TRAIN] Step: 707 ; Loss: 21.748 ; Acc: 47.699
2018-09-19 14:34:59,834:INFO: [TRAIN] Step: 708 ; Loss: 24.388 ; Acc: 47.702
2018-09-19 14:34:59,947:INFO: [TRAIN] Step: 709 ; Loss: 23.228 ; Acc: 47.717
2018-09-19 14:35:00,059:INFO: [TRAIN] Step: 710 ; Loss: 19.544 ; Acc: 47.732
2018-09-19 14:35:00,175:INFO: [TRAIN] Step: 711 ; Loss: 23.409 ; Acc: 47.741
2018-09-19 14:35:00,288:INFO: [TRAIN] Step: 712 ; Loss: 21.811 ; Acc: 47.750
2018-09-19 14:35:00,403:INFO: [TRAIN] Step: 713 ; Loss: 21.449 ; Acc: 47.753
2018-09-19 14:35:00,514:INFO: [TRAIN] Step: 714 ; Loss: 20.255 ; Acc: 47.768
2018-09-19 14:35:00,624:INFO: [TRAIN] Step: 715 ; Loss: 22.519 ; Acc: 47.777
2018-09-19 14:35:00,738:INFO: [TRAIN] Step: 716 ; Loss: 27.149 ; Acc: 47.763
2018-09-19 14:35:00,852:INFO: [TRAIN] Step: 717 ; Loss: 24.856 ; Acc: 47.772
2018-09-19 14:35:00,962:INFO: [TRAIN] Step: 718 ; Loss: 19.285 ; Acc: 47.798
2018-09-19 14:35:01,072:INFO: [TRAIN] Step: 719 ; Loss: 19.218 ; Acc: 47.812
2018-09-19 14:35:01,190:INFO: [TRAIN] Step: 720 ; Loss: 24.055 ; Acc: 47.810
2018-09-19 14:35:01,305:INFO: [TRAIN] Step: 721 ; Loss: 26.906 ; Acc: 47.795
2018-09-19 14:35:01,422:INFO: [TRAIN] Step: 722 ; Loss: 22.672 ; Acc: 47.781
2018-09-19 14:35:01,537:INFO: [TRAIN] Step: 723 ; Loss: 18.287 ; Acc: 47.773
2018-09-19 14:35:01,655:INFO: [TRAIN] Step: 724 ; Loss: 21.857 ; Acc: 47.793
2018-09-19 14:35:01,768:INFO: [TRAIN] Step: 725 ; Loss: 19.807 ; Acc: 47.813
2018-09-19 14:35:01,881:INFO: [TRAIN] Step: 726 ; Loss: 18.833 ; Acc: 47.828
2018-09-19 14:35:01,998:INFO: [TRAIN] Step: 727 ; Loss: 17.509 ; Acc: 47.854
2018-09-19 14:35:02,117:INFO: [TRAIN] Step: 728 ; Loss: 15.266 ; Acc: 47.868
2018-09-19 14:35:02,233:INFO: [TRAIN] Step: 729 ; Loss: 19.573 ; Acc: 47.877
2018-09-19 14:35:02,345:INFO: [TRAIN] Step: 730 ; Loss: 17.837 ; Acc: 47.897
2018-09-19 14:35:02,457:INFO: [TRAIN] Step: 731 ; Loss: 24.435 ; Acc: 47.905
2018-09-19 14:35:02,576:INFO: [TRAIN] Step: 732 ; Loss: 19.272 ; Acc: 47.902
2018-09-19 14:35:02,691:INFO: [TRAIN] Step: 733 ; Loss: 19.261 ; Acc: 47.905
2018-09-19 14:35:02,803:INFO: [TRAIN] Step: 734 ; Loss: 18.563 ; Acc: 47.925
2018-09-19 14:35:02,919:INFO: [TRAIN] Step: 735 ; Loss: 22.817 ; Acc: 47.917
2018-09-19 14:35:03,036:INFO: [TRAIN] Step: 736 ; Loss: 17.693 ; Acc: 47.936
2018-09-19 14:35:03,153:INFO: [TRAIN] Step: 737 ; Loss: 22.944 ; Acc: 47.962
2018-09-19 14:35:03,267:INFO: [TRAIN] Step: 738 ; Loss: 22.960 ; Acc: 47.965
2018-09-19 14:35:03,387:INFO: [TRAIN] Step: 739 ; Loss: 20.966 ; Acc: 47.973
2018-09-19 14:35:03,500:INFO: [TRAIN] Step: 740 ; Loss: 18.597 ; Acc: 47.993
2018-09-19 14:35:03,615:INFO: [TRAIN] Step: 741 ; Loss: 21.455 ; Acc: 47.990
2018-09-19 14:35:03,728:INFO: [TRAIN] Step: 742 ; Loss: 19.333 ; Acc: 48.015
2018-09-19 14:35:03,842:INFO: [TRAIN] Step: 743 ; Loss: 25.625 ; Acc: 48.001
2018-09-19 14:35:03,955:INFO: [TRAIN] Step: 744 ; Loss: 19.257 ; Acc: 48.009
2018-09-19 14:35:04,068:INFO: [TRAIN] Step: 745 ; Loss: 14.469 ; Acc: 48.028
2018-09-19 14:35:04,186:INFO: [TRAIN] Step: 746 ; Loss: 19.286 ; Acc: 48.042
2018-09-19 14:35:04,302:INFO: [TRAIN] Step: 747 ; Loss: 19.902 ; Acc: 48.067
2018-09-19 14:35:04,421:INFO: [TRAIN] Step: 748 ; Loss: 20.865 ; Acc: 48.059
2018-09-19 14:35:04,534:INFO: [TRAIN] Step: 749 ; Loss: 21.030 ; Acc: 48.072
2018-09-19 14:35:04,652:INFO: [TRAIN] Step: 750 ; Loss: 21.446 ; Acc: 48.075
2018-09-19 14:35:04,771:INFO: [TRAIN] Step: 751 ; Loss: 25.727 ; Acc: 48.066
2018-09-19 14:35:04,884:INFO: [TRAIN] Step: 752 ; Loss: 20.232 ; Acc: 48.085
2018-09-19 14:35:05,000:INFO: [TRAIN] Step: 753 ; Loss: 19.518 ; Acc: 48.088
2018-09-19 14:35:05,117:INFO: [TRAIN] Step: 754 ; Loss: 25.872 ; Acc: 48.091
2018-09-19 14:35:05,238:INFO: [TRAIN] Step: 755 ; Loss: 21.124 ; Acc: 48.121
2018-09-19 14:35:05,358:INFO: [TRAIN] Step: 756 ; Loss: 19.063 ; Acc: 48.151
2018-09-19 14:35:05,473:INFO: [TRAIN] Step: 757 ; Loss: 21.943 ; Acc: 48.175
2018-09-19 14:35:05,588:INFO: [TRAIN] Step: 758 ; Loss: 15.518 ; Acc: 48.188
2018-09-19 14:35:05,705:INFO: [TRAIN] Step: 759 ; Loss: 20.491 ; Acc: 48.202
2018-09-19 14:35:05,819:INFO: [TRAIN] Step: 760 ; Loss: 19.410 ; Acc: 48.215
2018-09-19 14:35:05,934:INFO: [TRAIN] Step: 761 ; Loss: 22.400 ; Acc: 48.239
2018-09-19 14:35:06,051:INFO: [TRAIN] Step: 762 ; Loss: 20.278 ; Acc: 48.258
2018-09-19 14:35:06,168:INFO: [TRAIN] Step: 763 ; Loss: 18.911 ; Acc: 48.282
2018-09-19 14:35:06,283:INFO: [TRAIN] Step: 764 ; Loss: 19.153 ; Acc: 48.301
2018-09-19 14:35:06,400:INFO: [TRAIN] Step: 765 ; Loss: 22.130 ; Acc: 48.303
2018-09-19 14:35:06,520:INFO: [TRAIN] Step: 766 ; Loss: 26.828 ; Acc: 48.300
2018-09-19 14:35:06,635:INFO: [TRAIN] Step: 767 ; Loss: 20.285 ; Acc: 48.318
2018-09-19 14:35:06,749:INFO: [TRAIN] Step: 768 ; Loss: 23.442 ; Acc: 48.326
2018-09-19 14:35:06,865:INFO: [TRAIN] Step: 769 ; Loss: 22.223 ; Acc: 48.333
2018-09-19 14:35:06,982:INFO: [TRAIN] Step: 770 ; Loss: 25.548 ; Acc: 48.330
2018-09-19 14:35:07,098:INFO: [TRAIN] Step: 771 ; Loss: 15.154 ; Acc: 48.370
2018-09-19 14:35:07,212:INFO: [TRAIN] Step: 772 ; Loss: 20.063 ; Acc: 48.378
2018-09-19 14:35:07,329:INFO: [TRAIN] Step: 773 ; Loss: 20.512 ; Acc: 48.385
2018-09-19 14:35:07,444:INFO: [TRAIN] Step: 774 ; Loss: 19.533 ; Acc: 48.414
2018-09-19 14:35:07,563:INFO: [TRAIN] Step: 775 ; Loss: 25.423 ; Acc: 48.400
2018-09-19 14:35:07,690:INFO: [TRAIN] Step: 776 ; Loss: 22.634 ; Acc: 48.413
2018-09-19 14:35:07,808:INFO: [TRAIN] Step: 777 ; Loss: 22.463 ; Acc: 48.425
2018-09-19 14:35:07,926:INFO: [TRAIN] Step: 778 ; Loss: 23.420 ; Acc: 48.422
2018-09-19 14:35:08,041:INFO: [TRAIN] Step: 779 ; Loss: 20.811 ; Acc: 48.429
2018-09-19 14:35:08,158:INFO: [TRAIN] Step: 780 ; Loss: 23.942 ; Acc: 48.410
2018-09-19 14:35:08,280:INFO: [TRAIN] Step: 781 ; Loss: 22.727 ; Acc: 48.407
2018-09-19 14:35:08,396:INFO: [TRAIN] Step: 782 ; Loss: 20.101 ; Acc: 48.414
2018-09-19 14:35:08,517:INFO: [TRAIN] Step: 783 ; Loss: 16.380 ; Acc: 48.448
2018-09-19 14:35:08,636:INFO: [TRAIN] Step: 784 ; Loss: 23.021 ; Acc: 48.450
2018-09-19 14:35:08,755:INFO: [TRAIN] Step: 785 ; Loss: 21.940 ; Acc: 48.468
2018-09-19 14:35:08,872:INFO: [TRAIN] Step: 786 ; Loss: 20.023 ; Acc: 48.470
2018-09-19 14:35:08,992:INFO: [TRAIN] Step: 787 ; Loss: 19.508 ; Acc: 48.488
2018-09-19 14:35:09,112:INFO: [TRAIN] Step: 788 ; Loss: 21.894 ; Acc: 48.479
2018-09-19 14:35:09,228:INFO: [TRAIN] Step: 789 ; Loss: 18.559 ; Acc: 48.497
2018-09-19 14:35:09,342:INFO: [TRAIN] Step: 790 ; Loss: 23.196 ; Acc: 48.515
2018-09-19 14:35:09,463:INFO: [TRAIN] Step: 791 ; Loss: 21.095 ; Acc: 48.522
2018-09-19 14:35:09,581:INFO: [TRAIN] Step: 792 ; Loss: 23.294 ; Acc: 48.524
2018-09-19 14:35:09,699:INFO: [TRAIN] Step: 793 ; Loss: 22.307 ; Acc: 48.531
2018-09-19 14:35:09,818:INFO: [TRAIN] Step: 794 ; Loss: 19.345 ; Acc: 48.553
2018-09-19 14:35:09,937:INFO: [TRAIN] Step: 795 ; Loss: 17.572 ; Acc: 48.576
2018-09-19 14:35:10,054:INFO: [TRAIN] Step: 796 ; Loss: 18.773 ; Acc: 48.588
2018-09-19 14:35:10,175:INFO: [TRAIN] Step: 797 ; Loss: 22.529 ; Acc: 48.590
2018-09-19 14:35:10,297:INFO: [TRAIN] Step: 798 ; Loss: 23.097 ; Acc: 48.602
2018-09-19 14:35:10,415:INFO: [TRAIN] Step: 799 ; Loss: 24.667 ; Acc: 48.609
2018-09-19 14:35:10,536:INFO: [TRAIN] Step: 800 ; Loss: 20.287 ; Acc: 48.606
2018-09-19 14:35:10,653:INFO: [TRAIN] Step: 801 ; Loss: 21.723 ; Acc: 48.623
2018-09-19 14:35:10,774:INFO: [TRAIN] Step: 802 ; Loss: 19.103 ; Acc: 48.620
2018-09-19 14:35:10,889:INFO: [TRAIN] Step: 803 ; Loss: 21.878 ; Acc: 48.621
2018-09-19 14:35:11,008:INFO: [TRAIN] Step: 804 ; Loss: 14.261 ; Acc: 48.649
2018-09-19 14:35:11,126:INFO: [TRAIN] Step: 805 ; Loss: 18.422 ; Acc: 48.666
2018-09-19 14:35:11,241:INFO: [TRAIN] Step: 806 ; Loss: 17.639 ; Acc: 48.689
2018-09-19 14:35:11,358:INFO: [TRAIN] Step: 807 ; Loss: 16.726 ; Acc: 48.706
2018-09-19 14:35:11,474:INFO: [TRAIN] Step: 808 ; Loss: 26.155 ; Acc: 48.702
2018-09-19 14:35:11,591:INFO: [TRAIN] Step: 809 ; Loss: 15.639 ; Acc: 48.704
2018-09-19 14:35:11,709:INFO: [TRAIN] Step: 810 ; Loss: 24.651 ; Acc: 48.721
2018-09-19 14:35:11,825:INFO: [TRAIN] Step: 811 ; Loss: 20.162 ; Acc: 48.738
2018-09-19 14:35:11,946:INFO: [TRAIN] Step: 812 ; Loss: 24.450 ; Acc: 48.744
2018-09-19 14:35:12,063:INFO: [TRAIN] Step: 813 ; Loss: 25.961 ; Acc: 48.746
2018-09-19 14:35:12,184:INFO: [TRAIN] Step: 814 ; Loss: 22.691 ; Acc: 48.753
2018-09-19 14:35:12,310:INFO: [TRAIN] Step: 815 ; Loss: 16.346 ; Acc: 48.780
2018-09-19 14:35:12,427:INFO: [TRAIN] Step: 816 ; Loss: 20.188 ; Acc: 48.791
2018-09-19 14:35:12,547:INFO: [TRAIN] Step: 817 ; Loss: 14.486 ; Acc: 48.834
2018-09-19 14:35:12,664:INFO: [TRAIN] Step: 818 ; Loss: 17.832 ; Acc: 48.855
2018-09-19 14:35:12,781:INFO: [TRAIN] Step: 819 ; Loss: 17.745 ; Acc: 48.877
2018-09-19 14:35:12,896:INFO: [TRAIN] Step: 820 ; Loss: 21.052 ; Acc: 48.883
2018-09-19 14:35:13,014:INFO: [TRAIN] Step: 821 ; Loss: 26.901 ; Acc: 48.895
2018-09-19 14:35:13,132:INFO: [TRAIN] Step: 822 ; Loss: 21.058 ; Acc: 48.901
2018-09-19 14:35:13,253:INFO: [TRAIN] Step: 823 ; Loss: 23.759 ; Acc: 48.908
2018-09-19 14:35:13,366:INFO: [TRAIN] Step: 824 ; Loss: 17.701 ; Acc: 48.934
2018-09-19 14:35:13,485:INFO: [TRAIN] Step: 825 ; Loss: 22.231 ; Acc: 48.931
2018-09-19 14:35:13,599:INFO: [TRAIN] Step: 826 ; Loss: 20.873 ; Acc: 48.927
2018-09-19 14:35:13,719:INFO: [TRAIN] Step: 827 ; Loss: 16.344 ; Acc: 48.948
2018-09-19 14:35:13,832:INFO: [TRAIN] Step: 828 ; Loss: 14.887 ; Acc: 48.975
2018-09-19 14:35:13,946:INFO: [TRAIN] Step: 829 ; Loss: 13.663 ; Acc: 49.006
2018-09-19 14:35:14,062:INFO: [TRAIN] Step: 830 ; Loss: 23.988 ; Acc: 49.017
2018-09-19 14:35:14,175:INFO: [TRAIN] Step: 831 ; Loss: 16.535 ; Acc: 49.043
2018-09-19 14:35:14,291:INFO: [TRAIN] Step: 832 ; Loss: 26.194 ; Acc: 49.015
2018-09-19 14:35:14,411:INFO: [TRAIN] Step: 833 ; Loss: 26.130 ; Acc: 49.006
2018-09-19 14:35:14,527:INFO: [TRAIN] Step: 834 ; Loss: 21.602 ; Acc: 49.017
2018-09-19 14:35:14,638:INFO: [TRAIN] Step: 835 ; Loss: 17.322 ; Acc: 49.018
2018-09-19 14:35:14,753:INFO: [TRAIN] Step: 836 ; Loss: 22.128 ; Acc: 49.019
2018-09-19 14:35:14,866:INFO: [TRAIN] Step: 837 ; Loss: 24.623 ; Acc: 49.011
2018-09-19 14:35:14,977:INFO: [TRAIN] Step: 838 ; Loss: 24.693 ; Acc: 49.012
2018-09-19 14:35:15,093:INFO: [TRAIN] Step: 839 ; Loss: 22.406 ; Acc: 49.023
2018-09-19 14:35:15,211:INFO: [TRAIN] Step: 840 ; Loss: 22.914 ; Acc: 49.024
2018-09-19 14:35:15,320:INFO: [TRAIN] Step: 841 ; Loss: 21.553 ; Acc: 49.030
2018-09-19 14:35:15,433:INFO: [TRAIN] Step: 842 ; Loss: 22.829 ; Acc: 49.036
2018-09-19 14:35:15,546:INFO: [TRAIN] Step: 843 ; Loss: 25.365 ; Acc: 49.042
2018-09-19 14:35:15,659:INFO: [TRAIN] Step: 844 ; Loss: 24.797 ; Acc: 49.053
2018-09-19 14:35:15,768:INFO: [TRAIN] Step: 845 ; Loss: 19.984 ; Acc: 49.069
2018-09-19 14:35:15,881:INFO: [TRAIN] Step: 846 ; Loss: 16.185 ; Acc: 49.090
2018-09-19 14:35:15,989:INFO: [TRAIN] Step: 847 ; Loss: 22.106 ; Acc: 49.091
2018-09-19 14:35:16,101:INFO: [TRAIN] Step: 848 ; Loss: 20.862 ; Acc: 49.102
2018-09-19 14:35:16,209:INFO: [TRAIN] Step: 849 ; Loss: 16.106 ; Acc: 49.118
2018-09-19 14:35:16,320:INFO: [TRAIN] Step: 850 ; Loss: 19.807 ; Acc: 49.133
2018-09-19 14:35:16,441:INFO: [TRAIN] Step: 851 ; Loss: 19.612 ; Acc: 49.139
2018-09-19 14:35:16,548:INFO: [TRAIN] Step: 852 ; Loss: 20.956 ; Acc: 49.160
2018-09-19 14:35:16,657:INFO: [TRAIN] Step: 853 ; Loss: 22.490 ; Acc: 49.151
2018-09-19 14:35:16,765:INFO: [TRAIN] Step: 854 ; Loss: 15.549 ; Acc: 49.167
2018-09-19 14:35:16,870:INFO: [TRAIN] Step: 855 ; Loss: 20.737 ; Acc: 49.182
2018-09-19 14:35:16,977:INFO: [TRAIN] Step: 856 ; Loss: 26.122 ; Acc: 49.178
2018-09-19 14:35:17,083:INFO: [TRAIN] Step: 857 ; Loss: 20.337 ; Acc: 49.189
2018-09-19 14:35:17,194:INFO: [TRAIN] Step: 858 ; Loss: 21.452 ; Acc: 49.195
2018-09-19 14:35:17,300:INFO: [TRAIN] Step: 859 ; Loss: 20.024 ; Acc: 49.201
2018-09-19 14:35:17,409:INFO: [TRAIN] Step: 860 ; Loss: 17.738 ; Acc: 49.226
2018-09-19 14:35:17,517:INFO: [TRAIN] Step: 861 ; Loss: 19.271 ; Acc: 49.231
2018-09-19 14:35:17,663:INFO: [TRAIN] Step: 862 ; Loss: 19.926 ; Acc: 49.242
2018-09-19 14:35:17,772:INFO: [TRAIN] Step: 863 ; Loss: 21.569 ; Acc: 49.233
2018-09-19 14:35:17,878:INFO: [TRAIN] Step: 864 ; Loss: 22.165 ; Acc: 49.224
2018-09-19 14:35:17,985:INFO: [TRAIN] Step: 865 ; Loss: 21.991 ; Acc: 49.221
2018-09-19 14:35:18,090:INFO: [TRAIN] Step: 866 ; Loss: 18.615 ; Acc: 49.241
2018-09-19 14:35:18,196:INFO: [TRAIN] Step: 867 ; Loss: 14.650 ; Acc: 49.270
2018-09-19 14:35:18,301:INFO: [TRAIN] Step: 868 ; Loss: 16.392 ; Acc: 49.290
2018-09-19 14:35:18,410:INFO: [TRAIN] Step: 869 ; Loss: 24.794 ; Acc: 49.272
2018-09-19 14:35:18,522:INFO: [TRAIN] Step: 870 ; Loss: 17.642 ; Acc: 49.292
2018-09-19 14:35:18,627:INFO: [TRAIN] Step: 871 ; Loss: 20.504 ; Acc: 49.307
2018-09-19 14:35:18,735:INFO: [TRAIN] Step: 872 ; Loss: 25.017 ; Acc: 49.308
2018-09-19 14:35:18,845:INFO: [TRAIN] Step: 873 ; Loss: 22.224 ; Acc: 49.318
2018-09-19 14:35:18,952:INFO: [TRAIN] Step: 874 ; Loss: 18.602 ; Acc: 49.319
2018-09-19 14:35:19,058:INFO: [TRAIN] Step: 875 ; Loss: 20.779 ; Acc: 49.334
2018-09-19 14:35:19,163:INFO: [TRAIN] Step: 876 ; Loss: 19.714 ; Acc: 49.349
2018-09-19 14:35:19,270:INFO: [TRAIN] Step: 877 ; Loss: 18.585 ; Acc: 49.359
2018-09-19 14:35:19,376:INFO: [TRAIN] Step: 878 ; Loss: 20.535 ; Acc: 49.365
2018-09-19 14:35:19,485:INFO: [TRAIN] Step: 879 ; Loss: 17.844 ; Acc: 49.380
2018-09-19 14:35:19,591:INFO: [TRAIN] Step: 880 ; Loss: 21.269 ; Acc: 49.404
2018-09-19 14:35:19,698:INFO: [TRAIN] Step: 881 ; Loss: 19.906 ; Acc: 49.419
2018-09-19 14:35:19,805:INFO: [TRAIN] Step: 882 ; Loss: 18.716 ; Acc: 49.438
2018-09-19 14:35:19,913:INFO: [TRAIN] Step: 883 ; Loss: 23.397 ; Acc: 49.444
2018-09-19 14:35:20,020:INFO: [TRAIN] Step: 884 ; Loss: 18.301 ; Acc: 49.440
2018-09-19 14:35:20,123:INFO: [TRAIN] Step: 885 ; Loss: 21.596 ; Acc: 49.436
2018-09-19 14:35:20,229:INFO: [TRAIN] Step: 886 ; Loss: 23.926 ; Acc: 49.436
2018-09-19 14:35:20,333:INFO: [TRAIN] Step: 887 ; Loss: 19.354 ; Acc: 49.460
2018-09-19 14:35:20,443:INFO: [TRAIN] Step: 888 ; Loss: 19.787 ; Acc: 49.461
2018-09-19 14:35:20,551:INFO: [TRAIN] Step: 889 ; Loss: 19.039 ; Acc: 49.471
2018-09-19 14:35:20,657:INFO: [TRAIN] Step: 890 ; Loss: 19.337 ; Acc: 49.490
2018-09-19 14:35:20,765:INFO: [TRAIN] Step: 891 ; Loss: 17.078 ; Acc: 49.505
2018-09-19 14:35:20,877:INFO: [TRAIN] Step: 892 ; Loss: 18.204 ; Acc: 49.524
2018-09-19 14:35:20,986:INFO: [TRAIN] Step: 893 ; Loss: 20.989 ; Acc: 49.529
2018-09-19 14:35:21,095:INFO: [TRAIN] Step: 894 ; Loss: 19.178 ; Acc: 49.548
2018-09-19 14:35:21,208:INFO: [TRAIN] Step: 895 ; Loss: 19.583 ; Acc: 49.563
2018-09-19 14:35:21,314:INFO: [TRAIN] Step: 896 ; Loss: 20.455 ; Acc: 49.577
2018-09-19 14:35:21,420:INFO: [TRAIN] Step: 897 ; Loss: 21.594 ; Acc: 49.592
2018-09-19 14:35:21,524:INFO: [TRAIN] Step: 898 ; Loss: 17.781 ; Acc: 49.615
2018-09-19 14:35:21,629:INFO: [TRAIN] Step: 899 ; Loss: 19.435 ; Acc: 49.639
2018-09-19 14:35:21,732:INFO: [TRAIN] Step: 900 ; Loss: 21.730 ; Acc: 49.635
2018-09-19 14:35:21,844:INFO: [TRAIN] Step: 901 ; Loss: 18.782 ; Acc: 49.654
2018-09-19 14:35:21,960:INFO: [TRAIN] Step: 902 ; Loss: 20.494 ; Acc: 49.663
2018-09-19 14:35:22,072:INFO: [TRAIN] Step: 903 ; Loss: 20.663 ; Acc: 49.677
2018-09-19 14:35:22,182:INFO: [TRAIN] Step: 904 ; Loss: 22.720 ; Acc: 49.678
2018-09-19 14:35:22,286:INFO: [TRAIN] Step: 905 ; Loss: 25.303 ; Acc: 49.678
2018-09-19 14:35:22,405:INFO: [TRAIN] Step: 906 ; Loss: 22.812 ; Acc: 49.683
2018-09-19 14:35:22,515:INFO: [TRAIN] Step: 907 ; Loss: 22.782 ; Acc: 49.688
2018-09-19 14:35:22,640:INFO: [TRAIN] Step: 908 ; Loss: 19.742 ; Acc: 49.697
2018-09-19 14:35:22,744:INFO: [TRAIN] Step: 909 ; Loss: 23.389 ; Acc: 49.693
2018-09-19 14:35:22,846:INFO: [TRAIN] Step: 910 ; Loss: 21.814 ; Acc: 49.703
2018-09-19 14:35:22,969:INFO: [TRAIN] Step: 911 ; Loss: 23.878 ; Acc: 49.708
2018-09-19 14:35:23,076:INFO: [TRAIN] Step: 912 ; Loss: 17.143 ; Acc: 49.726
2018-09-19 14:35:23,189:INFO: [TRAIN] Step: 913 ; Loss: 16.911 ; Acc: 49.745
2018-09-19 14:35:23,298:INFO: [TRAIN] Step: 914 ; Loss: 26.331 ; Acc: 49.731
2018-09-19 14:35:23,405:INFO: [TRAIN] Step: 915 ; Loss: 17.708 ; Acc: 49.736
2018-09-19 14:35:23,512:INFO: [TRAIN] Step: 916 ; Loss: 16.344 ; Acc: 49.773
2018-09-19 14:35:23,624:INFO: [TRAIN] Step: 917 ; Loss: 20.339 ; Acc: 49.787
2018-09-19 14:35:23,740:INFO: [TRAIN] Step: 918 ; Loss: 20.225 ; Acc: 49.796
2018-09-19 14:35:23,857:INFO: [TRAIN] Step: 919 ; Loss: 23.183 ; Acc: 49.796
2018-09-19 14:35:23,975:INFO: [TRAIN] Step: 920 ; Loss: 17.374 ; Acc: 49.815
2018-09-19 14:35:24,081:INFO: [TRAIN] Step: 921 ; Loss: 19.998 ; Acc: 49.824
2018-09-19 14:35:24,185:INFO: [TRAIN] Step: 922 ; Loss: 23.937 ; Acc: 49.815
2018-09-19 14:35:24,292:INFO: [TRAIN] Step: 923 ; Loss: 19.976 ; Acc: 49.838
2018-09-19 14:35:24,397:INFO: [TRAIN] Step: 924 ; Loss: 22.247 ; Acc: 49.833
2018-09-19 14:35:24,503:INFO: [TRAIN] Step: 925 ; Loss: 20.286 ; Acc: 49.838
2018-09-19 14:35:24,610:INFO: [TRAIN] Step: 926 ; Loss: 18.415 ; Acc: 49.861
2018-09-19 14:35:24,714:INFO: [TRAIN] Step: 927 ; Loss: 16.288 ; Acc: 49.888
2018-09-19 14:35:24,821:INFO: [TRAIN] Step: 928 ; Loss: 22.120 ; Acc: 49.888
2018-09-19 14:35:24,924:INFO: [TRAIN] Step: 929 ; Loss: 22.050 ; Acc: 49.888
2018-09-19 14:35:25,028:INFO: [TRAIN] Step: 930 ; Loss: 21.639 ; Acc: 49.893
2018-09-19 14:35:25,134:INFO: [TRAIN] Step: 931 ; Loss: 21.979 ; Acc: 49.893
2018-09-19 14:35:25,237:INFO: [TRAIN] Step: 932 ; Loss: 19.723 ; Acc: 49.911
2018-09-19 14:35:25,343:INFO: [TRAIN] Step: 933 ; Loss: 29.736 ; Acc: 49.897
2018-09-19 14:35:25,449:INFO: [TRAIN] Step: 934 ; Loss: 18.397 ; Acc: 49.924
2018-09-19 14:35:25,554:INFO: [TRAIN] Step: 935 ; Loss: 21.962 ; Acc: 49.929
2018-09-19 14:35:25,662:INFO: [TRAIN] Step: 936 ; Loss: 18.204 ; Acc: 49.956
2018-09-19 14:35:25,768:INFO: [TRAIN] Step: 937 ; Loss: 16.348 ; Acc: 49.969
2018-09-19 14:35:25,875:INFO: [TRAIN] Step: 938 ; Loss: 23.133 ; Acc: 49.965
2018-09-19 14:35:25,980:INFO: [TRAIN] Step: 939 ; Loss: 21.641 ; Acc: 49.973
2018-09-19 14:35:26,087:INFO: [TRAIN] Step: 940 ; Loss: 18.443 ; Acc: 49.996
2018-09-19 14:35:26,188:INFO: [TRAIN] Step: 941 ; Loss: 21.219 ; Acc: 50.013
2018-09-19 14:35:26,291:INFO: [TRAIN] Step: 942 ; Loss: 24.320 ; Acc: 50.009
2018-09-19 14:35:26,395:INFO: [TRAIN] Step: 943 ; Loss: 20.746 ; Acc: 50.004
2018-09-19 14:35:26,500:INFO: [TRAIN] Step: 944 ; Loss: 20.315 ; Acc: 50.018
2018-09-19 14:35:26,605:INFO: [TRAIN] Step: 945 ; Loss: 23.209 ; Acc: 50.031
2018-09-19 14:35:26,707:INFO: [TRAIN] Step: 946 ; Loss: 22.631 ; Acc: 50.044
2018-09-19 14:35:26,815:INFO: [TRAIN] Step: 947 ; Loss: 21.430 ; Acc: 50.035
2018-09-19 14:35:26,922:INFO: [TRAIN] Step: 948 ; Loss: 20.899 ; Acc: 50.035
2018-09-19 14:35:27,024:INFO: [TRAIN] Step: 949 ; Loss: 18.873 ; Acc: 50.061
2018-09-19 14:35:27,128:INFO: [TRAIN] Step: 950 ; Loss: 23.089 ; Acc: 50.057
2018-09-19 14:35:27,233:INFO: [TRAIN] Step: 951 ; Loss: 18.837 ; Acc: 50.061
2018-09-19 14:35:27,338:INFO: [TRAIN] Step: 952 ; Loss: 16.322 ; Acc: 50.096
2018-09-19 14:35:27,440:INFO: [TRAIN] Step: 953 ; Loss: 20.304 ; Acc: 50.100
2018-09-19 14:35:27,548:INFO: [TRAIN] Step: 954 ; Loss: 22.931 ; Acc: 50.105
2018-09-19 14:35:27,653:INFO: [TRAIN] Step: 955 ; Loss: 20.586 ; Acc: 50.109
2018-09-19 14:35:27,757:INFO: [TRAIN] Step: 956 ; Loss: 20.098 ; Acc: 50.126
2018-09-19 14:35:27,860:INFO: [TRAIN] Step: 957 ; Loss: 20.873 ; Acc: 50.130
2018-09-19 14:35:27,969:INFO: [TRAIN] Step: 958 ; Loss: 22.250 ; Acc: 50.135
2018-09-19 14:35:28,077:INFO: [TRAIN] Step: 959 ; Loss: 16.584 ; Acc: 50.161
2018-09-19 14:35:28,180:INFO: [TRAIN] Step: 960 ; Loss: 21.121 ; Acc: 50.173
2018-09-19 14:35:28,283:INFO: [TRAIN] Step: 961 ; Loss: 20.213 ; Acc: 50.178
2018-09-19 14:35:28,385:INFO: [TRAIN] Step: 962 ; Loss: 22.532 ; Acc: 50.177
2018-09-19 14:35:28,492:INFO: [TRAIN] Step: 963 ; Loss: 17.096 ; Acc: 50.199
2018-09-19 14:35:28,597:INFO: [TRAIN] Step: 964 ; Loss: 19.197 ; Acc: 50.203
2018-09-19 14:35:28,699:INFO: [TRAIN] Step: 965 ; Loss: 20.908 ; Acc: 50.198
2018-09-19 14:35:28,804:INFO: [TRAIN] Step: 966 ; Loss: 21.299 ; Acc: 50.190
2018-09-19 14:35:28,910:INFO: [TRAIN] Step: 967 ; Loss: 20.008 ; Acc: 50.194
2018-09-19 14:35:29,014:INFO: [TRAIN] Step: 968 ; Loss: 21.716 ; Acc: 50.202
2018-09-19 14:35:29,116:INFO: [TRAIN] Step: 969 ; Loss: 18.747 ; Acc: 50.202
2018-09-19 14:35:29,220:INFO: [TRAIN] Step: 970 ; Loss: 21.259 ; Acc: 50.206
2018-09-19 14:35:29,323:INFO: [TRAIN] Step: 971 ; Loss: 16.653 ; Acc: 50.223
2018-09-19 14:35:29,431:INFO: [TRAIN] Step: 972 ; Loss: 18.758 ; Acc: 50.244
2018-09-19 14:35:29,531:INFO: [TRAIN] Step: 973 ; Loss: 23.861 ; Acc: 50.244
2018-09-19 14:35:29,633:INFO: [TRAIN] Step: 974 ; Loss: 20.642 ; Acc: 50.248
2018-09-19 14:35:29,740:INFO: [TRAIN] Step: 975 ; Loss: 20.451 ; Acc: 50.265
2018-09-19 14:35:29,847:INFO: [TRAIN] Step: 976 ; Loss: 17.942 ; Acc: 50.273
2018-09-19 14:35:29,954:INFO: [TRAIN] Step: 977 ; Loss: 21.481 ; Acc: 50.281
2018-09-19 14:35:30,057:INFO: [TRAIN] Step: 978 ; Loss: 22.988 ; Acc: 50.281
2018-09-19 14:35:30,161:INFO: [TRAIN] Step: 979 ; Loss: 21.350 ; Acc: 50.289
2018-09-19 14:35:30,264:INFO: [TRAIN] Step: 980 ; Loss: 23.059 ; Acc: 50.293
2018-09-19 14:35:30,366:INFO: [TRAIN] Step: 981 ; Loss: 15.814 ; Acc: 50.314
2018-09-19 14:35:30,476:INFO: [TRAIN] Step: 982 ; Loss: 14.846 ; Acc: 50.331
2018-09-19 14:35:30,578:INFO: [TRAIN] Step: 983 ; Loss: 19.590 ; Acc: 50.339
2018-09-19 14:35:30,682:INFO: [TRAIN] Step: 984 ; Loss: 20.036 ; Acc: 50.334
2018-09-19 14:35:30,787:INFO: [TRAIN] Step: 985 ; Loss: 18.875 ; Acc: 50.338
2018-09-19 14:35:30,893:INFO: [TRAIN] Step: 986 ; Loss: 18.497 ; Acc: 50.350
2018-09-19 14:35:31,001:INFO: [TRAIN] Step: 987 ; Loss: 20.618 ; Acc: 50.363
2018-09-19 14:35:31,109:INFO: [TRAIN] Step: 988 ; Loss: 25.910 ; Acc: 50.354
2018-09-19 14:35:31,214:INFO: [TRAIN] Step: 989 ; Loss: 23.899 ; Acc: 50.358
2018-09-19 14:35:31,317:INFO: [TRAIN] Step: 990 ; Loss: 20.467 ; Acc: 50.370
2018-09-19 14:35:31,426:INFO: [TRAIN] Step: 991 ; Loss: 19.155 ; Acc: 50.378
2018-09-19 14:35:31,529:INFO: [TRAIN] Step: 992 ; Loss: 23.612 ; Acc: 50.378
2018-09-19 14:35:31,631:INFO: [TRAIN] Step: 993 ; Loss: 16.818 ; Acc: 50.398
2018-09-19 14:35:31,737:INFO: [TRAIN] Step: 994 ; Loss: 20.577 ; Acc: 50.410
2018-09-19 14:35:31,842:INFO: [TRAIN] Step: 995 ; Loss: 18.842 ; Acc: 50.423
2018-09-19 14:35:31,948:INFO: [TRAIN] Step: 996 ; Loss: 18.185 ; Acc: 50.435
2018-09-19 14:35:32,054:INFO: [TRAIN] Step: 997 ; Loss: 19.410 ; Acc: 50.434
2018-09-19 14:35:32,161:INFO: [TRAIN] Step: 998 ; Loss: 15.210 ; Acc: 50.459
2018-09-19 14:35:32,268:INFO: [TRAIN] Step: 999 ; Loss: 22.125 ; Acc: 50.458
2018-09-19 14:35:32,375:INFO: [TRAIN] Step: 1000 ; Loss: 20.620 ; Acc: 50.470
2018-09-19 14:35:32,481:INFO: [TRAIN] Step: 1001 ; Loss: 20.176 ; Acc: 50.470
2018-09-19 14:35:32,585:INFO: [TRAIN] Step: 1002 ; Loss: 16.699 ; Acc: 50.482
2018-09-19 14:35:32,694:INFO: [TRAIN] Step: 1003 ; Loss: 20.255 ; Acc: 50.481
2018-09-19 14:35:32,797:INFO: [TRAIN] Step: 1004 ; Loss: 20.481 ; Acc: 50.489
2018-09-19 14:35:32,902:INFO: [TRAIN] Step: 1005 ; Loss: 20.655 ; Acc: 50.497
2018-09-19 14:35:33,007:INFO: [TRAIN] Step: 1006 ; Loss: 18.055 ; Acc: 50.505
2018-09-19 14:35:33,111:INFO: [TRAIN] Step: 1007 ; Loss: 15.059 ; Acc: 50.533
2018-09-19 14:35:33,222:INFO: [TRAIN] Step: 1008 ; Loss: 18.895 ; Acc: 50.537
2018-09-19 14:35:33,323:INFO: [TRAIN] Step: 1009 ; Loss: 17.803 ; Acc: 50.553
2018-09-19 14:35:33,429:INFO: [TRAIN] Step: 1010 ; Loss: 19.878 ; Acc: 50.569
2018-09-19 14:35:33,534:INFO: [TRAIN] Step: 1011 ; Loss: 20.115 ; Acc: 50.585
2018-09-19 14:35:33,640:INFO: [TRAIN] Step: 1012 ; Loss: 18.364 ; Acc: 50.601
2018-09-19 14:35:33,743:INFO: [TRAIN] Step: 1013 ; Loss: 24.400 ; Acc: 50.596
2018-09-19 14:35:33,847:INFO: [TRAIN] Step: 1014 ; Loss: 17.074 ; Acc: 50.608
2018-09-19 14:35:33,954:INFO: [TRAIN] Step: 1015 ; Loss: 21.637 ; Acc: 50.619
2018-09-19 14:35:34,056:INFO: [TRAIN] Step: 1016 ; Loss: 20.645 ; Acc: 50.627
2018-09-19 14:35:34,160:INFO: [TRAIN] Step: 1017 ; Loss: 16.958 ; Acc: 50.643
2018-09-19 14:35:34,266:INFO: [TRAIN] Step: 1018 ; Loss: 23.454 ; Acc: 50.634
2018-09-19 14:35:34,371:INFO: [TRAIN] Step: 1019 ; Loss: 18.920 ; Acc: 50.650
2018-09-19 14:35:34,476:INFO: [TRAIN] Step: 1020 ; Loss: 20.202 ; Acc: 50.661
2018-09-19 14:35:34,579:INFO: [TRAIN] Step: 1021 ; Loss: 20.314 ; Acc: 50.669
2018-09-19 14:35:34,682:INFO: [TRAIN] Step: 1022 ; Loss: 22.612 ; Acc: 50.680
2018-09-19 14:35:34,786:INFO: [TRAIN] Step: 1023 ; Loss: 17.624 ; Acc: 50.700
2018-09-19 14:35:34,888:INFO: [TRAIN] Step: 1024 ; Loss: 23.511 ; Acc: 50.695
2018-09-19 14:35:34,991:INFO: [TRAIN] Step: 1025 ; Loss: 18.846 ; Acc: 50.715
2018-09-19 14:35:35,094:INFO: [TRAIN] Step: 1026 ; Loss: 18.859 ; Acc: 50.726
2018-09-19 14:35:35,197:INFO: [TRAIN] Step: 1027 ; Loss: 18.066 ; Acc: 50.754
2018-09-19 14:35:35,298:INFO: [TRAIN] Step: 1028 ; Loss: 18.280 ; Acc: 50.761
2018-09-19 14:35:35,403:INFO: [TRAIN] Step: 1029 ; Loss: 16.127 ; Acc: 50.777
2018-09-19 14:35:35,507:INFO: [TRAIN] Step: 1030 ; Loss: 18.812 ; Acc: 50.784
2018-09-19 14:35:35,613:INFO: [TRAIN] Step: 1031 ; Loss: 18.771 ; Acc: 50.783
2018-09-19 14:35:35,720:INFO: [TRAIN] Step: 1032 ; Loss: 18.034 ; Acc: 50.787
2018-09-19 14:35:35,823:INFO: [TRAIN] Step: 1033 ; Loss: 17.257 ; Acc: 50.798
2018-09-19 14:35:35,926:INFO: [TRAIN] Step: 1034 ; Loss: 25.703 ; Acc: 50.805
2018-09-19 14:35:36,035:INFO: [TRAIN] Step: 1035 ; Loss: 18.233 ; Acc: 50.812
2018-09-19 14:35:36,140:INFO: [TRAIN] Step: 1036 ; Loss: 20.752 ; Acc: 50.824
2018-09-19 14:35:36,249:INFO: [TRAIN] Step: 1037 ; Loss: 15.665 ; Acc: 50.847
2018-09-19 14:35:36,351:INFO: [TRAIN] Step: 1038 ; Loss: 18.630 ; Acc: 50.854
2018-09-19 14:35:36,454:INFO: [TRAIN] Step: 1039 ; Loss: 22.726 ; Acc: 50.857
2018-09-19 14:35:36,560:INFO: [TRAIN] Step: 1040 ; Loss: 21.025 ; Acc: 50.865
2018-09-19 14:35:36,668:INFO: [TRAIN] Step: 1041 ; Loss: 22.681 ; Acc: 50.860
2018-09-19 14:35:36,771:INFO: [TRAIN] Step: 1042 ; Loss: 20.113 ; Acc: 50.863
2018-09-19 14:35:36,874:INFO: [TRAIN] Step: 1043 ; Loss: 16.619 ; Acc: 50.862
2018-09-19 14:35:36,977:INFO: [TRAIN] Step: 1044 ; Loss: 18.496 ; Acc: 50.869
2018-09-19 14:35:37,082:INFO: [TRAIN] Step: 1045 ; Loss: 28.865 ; Acc: 50.864
2018-09-19 14:35:37,191:INFO: [TRAIN] Step: 1046 ; Loss: 18.973 ; Acc: 50.872
2018-09-19 14:35:37,293:INFO: [TRAIN] Step: 1047 ; Loss: 21.419 ; Acc: 50.871
2018-09-19 14:35:37,397:INFO: [TRAIN] Step: 1048 ; Loss: 24.136 ; Acc: 50.854
2018-09-19 14:35:37,503:INFO: [TRAIN] Step: 1049 ; Loss: 16.713 ; Acc: 50.861
2018-09-19 14:35:37,606:INFO: [TRAIN] Step: 1050 ; Loss: 18.925 ; Acc: 50.872
2018-09-19 14:35:37,712:INFO: [TRAIN] Step: 1051 ; Loss: 20.073 ; Acc: 50.879
2018-09-19 14:35:37,816:INFO: [TRAIN] Step: 1052 ; Loss: 18.794 ; Acc: 50.894
2018-09-19 14:35:37,921:INFO: [TRAIN] Step: 1053 ; Loss: 20.192 ; Acc: 50.893
2018-09-19 14:35:38,028:INFO: [TRAIN] Step: 1054 ; Loss: 16.132 ; Acc: 50.904
2018-09-19 14:35:38,133:INFO: [TRAIN] Step: 1055 ; Loss: 19.188 ; Acc: 50.927
2018-09-19 14:35:38,236:INFO: [TRAIN] Step: 1056 ; Loss: 18.198 ; Acc: 50.946
2018-09-19 14:35:38,345:INFO: [TRAIN] Step: 1057 ; Loss: 20.467 ; Acc: 50.945
2018-09-19 14:35:38,448:INFO: [TRAIN] Step: 1058 ; Loss: 19.137 ; Acc: 50.960
2018-09-19 14:35:38,554:INFO: [TRAIN] Step: 1059 ; Loss: 18.562 ; Acc: 50.967
2018-09-19 14:35:38,658:INFO: [TRAIN] Step: 1060 ; Loss: 23.493 ; Acc: 50.958
2018-09-19 14:35:38,761:INFO: [TRAIN] Step: 1061 ; Loss: 27.022 ; Acc: 50.961
2018-09-19 14:35:38,867:INFO: [TRAIN] Step: 1062 ; Loss: 17.385 ; Acc: 50.964
2018-09-19 14:35:38,974:INFO: [TRAIN] Step: 1063 ; Loss: 21.356 ; Acc: 50.975
2018-09-19 14:35:39,077:INFO: [TRAIN] Step: 1064 ; Loss: 21.831 ; Acc: 50.978
2018-09-19 14:35:39,180:INFO: [TRAIN] Step: 1065 ; Loss: 22.260 ; Acc: 50.985
2018-09-19 14:35:39,288:INFO: [TRAIN] Step: 1066 ; Loss: 21.602 ; Acc: 50.996
2018-09-19 14:35:39,391:INFO: [TRAIN] Step: 1067 ; Loss: 20.121 ; Acc: 51.003
2018-09-19 14:35:39,494:INFO: [TRAIN] Step: 1068 ; Loss: 22.433 ; Acc: 50.990
2018-09-19 14:35:39,595:INFO: [TRAIN] Step: 1069 ; Loss: 21.090 ; Acc: 50.993
2018-09-19 14:35:39,700:INFO: [TRAIN] Step: 1070 ; Loss: 18.622 ; Acc: 51.004
2018-09-19 14:35:39,806:INFO: [TRAIN] Step: 1071 ; Loss: 19.789 ; Acc: 50.995
2018-09-19 14:35:39,909:INFO: [TRAIN] Step: 1072 ; Loss: 21.162 ; Acc: 50.994
2018-09-19 14:35:40,022:INFO: [TRAIN] Step: 1073 ; Loss: 19.169 ; Acc: 51.005
2018-09-19 14:35:40,130:INFO: [TRAIN] Step: 1074 ; Loss: 21.919 ; Acc: 51.008
2018-09-19 14:35:40,237:INFO: [TRAIN] Step: 1075 ; Loss: 21.029 ; Acc: 50.999
2018-09-19 14:35:40,341:INFO: [TRAIN] Step: 1076 ; Loss: 17.794 ; Acc: 51.006
2018-09-19 14:35:40,445:INFO: [TRAIN] Step: 1077 ; Loss: 15.499 ; Acc: 51.032
2018-09-19 14:35:40,553:INFO: [TRAIN] Step: 1078 ; Loss: 14.746 ; Acc: 51.039
2018-09-19 14:35:40,655:INFO: [TRAIN] Step: 1079 ; Loss: 19.425 ; Acc: 51.049
2018-09-19 14:35:40,759:INFO: [TRAIN] Step: 1080 ; Loss: 21.404 ; Acc: 51.056
2018-09-19 14:35:40,866:INFO: [TRAIN] Step: 1081 ; Loss: 19.047 ; Acc: 51.071
2018-09-19 14:35:40,971:INFO: [TRAIN] Step: 1082 ; Loss: 18.224 ; Acc: 51.081
2018-09-19 14:35:41,076:INFO: [TRAIN] Step: 1083 ; Loss: 14.621 ; Acc: 51.111
2018-09-19 14:35:41,184:INFO: [TRAIN] Step: 1084 ; Loss: 24.182 ; Acc: 51.110
2018-09-19 14:35:41,285:INFO: [TRAIN] Step: 1085 ; Loss: 18.482 ; Acc: 51.120
2018-09-19 14:35:41,390:INFO: [TRAIN] Step: 1086 ; Loss: 19.708 ; Acc: 51.135
2018-09-19 14:35:41,496:INFO: [TRAIN] Step: 1087 ; Loss: 19.808 ; Acc: 51.149
2018-09-19 14:35:41,603:INFO: [TRAIN] Step: 1088 ; Loss: 21.273 ; Acc: 51.159
2018-09-19 14:35:41,706:INFO: [TRAIN] Step: 1089 ; Loss: 21.236 ; Acc: 51.154
2018-09-19 14:35:41,809:INFO: [TRAIN] Step: 1090 ; Loss: 21.935 ; Acc: 51.161
2018-09-19 14:35:41,912:INFO: [TRAIN] Step: 1091 ; Loss: 26.521 ; Acc: 51.156
2018-09-19 14:35:42,014:INFO: [TRAIN] Step: 1092 ; Loss: 21.512 ; Acc: 51.170
2018-09-19 14:35:42,119:INFO: [TRAIN] Step: 1093 ; Loss: 22.608 ; Acc: 51.165
2018-09-19 14:35:42,220:INFO: [TRAIN] Step: 1094 ; Loss: 20.952 ; Acc: 51.176
2018-09-19 14:35:42,325:INFO: [TRAIN] Step: 1095 ; Loss: 21.255 ; Acc: 51.182
2018-09-19 14:35:42,431:INFO: [TRAIN] Step: 1096 ; Loss: 21.023 ; Acc: 51.181
2018-09-19 14:35:42,533:INFO: [TRAIN] Step: 1097 ; Loss: 19.811 ; Acc: 51.199
2018-09-19 14:35:42,639:INFO: [TRAIN] Step: 1098 ; Loss: 24.565 ; Acc: 51.198
2018-09-19 14:35:42,739:INFO: [TRAIN] Step: 1099 ; Loss: 23.658 ; Acc: 51.186
2018-09-19 14:35:42,840:INFO: [TRAIN] Step: 1100 ; Loss: 22.618 ; Acc: 51.173
2018-09-19 14:35:42,945:INFO: [TRAIN] Step: 1101 ; Loss: 20.642 ; Acc: 51.165
2018-09-19 14:35:43,049:INFO: [TRAIN] Step: 1102 ; Loss: 16.746 ; Acc: 51.179
2018-09-19 14:35:43,153:INFO: [TRAIN] Step: 1103 ; Loss: 19.465 ; Acc: 51.181
2018-09-19 14:35:43,260:INFO: [TRAIN] Step: 1104 ; Loss: 20.161 ; Acc: 51.192
2018-09-19 14:35:43,362:INFO: [TRAIN] Step: 1105 ; Loss: 19.706 ; Acc: 51.198
2018-09-19 14:35:43,463:INFO: [TRAIN] Step: 1106 ; Loss: 22.680 ; Acc: 51.208
2018-09-19 14:35:43,567:INFO: [TRAIN] Step: 1107 ; Loss: 22.573 ; Acc: 51.207
2018-09-19 14:35:43,668:INFO: [TRAIN] Step: 1108 ; Loss: 21.460 ; Acc: 51.206
2018-09-19 14:35:43,775:INFO: [TRAIN] Step: 1109 ; Loss: 24.210 ; Acc: 51.194
2018-09-19 14:35:43,881:INFO: [TRAIN] Step: 1110 ; Loss: 18.611 ; Acc: 51.208
2018-09-19 14:35:43,983:INFO: [TRAIN] Step: 1111 ; Loss: 17.528 ; Acc: 51.210
2018-09-19 14:35:44,087:INFO: [TRAIN] Step: 1112 ; Loss: 19.543 ; Acc: 51.217
2018-09-19 14:35:44,191:INFO: [TRAIN] Step: 1113 ; Loss: 17.243 ; Acc: 51.223
2018-09-19 14:35:44,293:INFO: [TRAIN] Step: 1114 ; Loss: 20.927 ; Acc: 51.229
2018-09-19 14:35:44,397:INFO: [TRAIN] Step: 1115 ; Loss: 18.924 ; Acc: 51.232
2018-09-19 14:35:44,505:INFO: [TRAIN] Step: 1116 ; Loss: 22.436 ; Acc: 51.231
2018-09-19 14:35:44,607:INFO: [TRAIN] Step: 1117 ; Loss: 19.273 ; Acc: 51.226
2018-09-19 14:35:44,711:INFO: [TRAIN] Step: 1118 ; Loss: 19.732 ; Acc: 51.244
2018-09-19 14:35:44,814:INFO: [TRAIN] Step: 1119 ; Loss: 17.023 ; Acc: 51.254
2018-09-19 14:35:44,918:INFO: [TRAIN] Step: 1120 ; Loss: 16.438 ; Acc: 51.264
2018-09-19 14:35:45,021:INFO: [TRAIN] Step: 1121 ; Loss: 13.494 ; Acc: 51.285
2018-09-19 14:35:45,126:INFO: [TRAIN] Step: 1122 ; Loss: 26.090 ; Acc: 51.291
2018-09-19 14:35:45,228:INFO: [TRAIN] Step: 1123 ; Loss: 20.489 ; Acc: 51.294
2018-09-19 14:35:45,329:INFO: [TRAIN] Step: 1124 ; Loss: 21.398 ; Acc: 51.289
2018-09-19 14:35:45,434:INFO: [TRAIN] Step: 1125 ; Loss: 17.758 ; Acc: 51.288
2018-09-19 14:35:45,537:INFO: [TRAIN] Step: 1126 ; Loss: 22.686 ; Acc: 51.283
2018-09-19 14:35:45,643:INFO: [TRAIN] Step: 1127 ; Loss: 18.815 ; Acc: 51.282
2018-09-19 14:35:45,744:INFO: [TRAIN] Step: 1128 ; Loss: 19.554 ; Acc: 51.277
2018-09-19 14:35:45,851:INFO: [TRAIN] Step: 1129 ; Loss: 18.829 ; Acc: 51.287
2018-09-19 14:35:45,953:INFO: [TRAIN] Step: 1130 ; Loss: 19.445 ; Acc: 51.289
2018-09-19 14:35:46,061:INFO: [TRAIN] Step: 1131 ; Loss: 20.026 ; Acc: 51.296
2018-09-19 14:35:46,164:INFO: [TRAIN] Step: 1132 ; Loss: 21.039 ; Acc: 51.291
2018-09-19 14:35:46,266:INFO: [TRAIN] Step: 1133 ; Loss: 17.228 ; Acc: 51.297
2018-09-19 14:35:46,370:INFO: [TRAIN] Step: 1134 ; Loss: 21.117 ; Acc: 51.307
2018-09-19 14:35:46,472:INFO: [TRAIN] Step: 1135 ; Loss: 23.064 ; Acc: 51.313
2018-09-19 14:35:46,575:INFO: [TRAIN] Step: 1136 ; Loss: 21.930 ; Acc: 51.305
2018-09-19 14:35:46,680:INFO: [TRAIN] Step: 1137 ; Loss: 17.955 ; Acc: 51.322
2018-09-19 14:35:46,783:INFO: [TRAIN] Step: 1138 ; Loss: 16.806 ; Acc: 51.343
2018-09-19 14:35:46,886:INFO: [TRAIN] Step: 1139 ; Loss: 17.480 ; Acc: 51.356
2018-09-19 14:35:46,989:INFO: [TRAIN] Step: 1140 ; Loss: 22.185 ; Acc: 51.362
2018-09-19 14:35:47,090:INFO: [TRAIN] Step: 1141 ; Loss: 19.076 ; Acc: 51.372
2018-09-19 14:35:47,199:INFO: [TRAIN] Step: 1142 ; Loss: 21.793 ; Acc: 51.382
2018-09-19 14:35:47,306:INFO: [TRAIN] Step: 1143 ; Loss: 22.504 ; Acc: 51.384
2018-09-19 14:35:47,412:INFO: [TRAIN] Step: 1144 ; Loss: 21.198 ; Acc: 51.386
2018-09-19 14:35:47,515:INFO: [TRAIN] Step: 1145 ; Loss: 16.712 ; Acc: 51.407
2018-09-19 14:35:47,626:INFO: [TRAIN] Step: 1146 ; Loss: 18.521 ; Acc: 51.424
2018-09-19 14:35:47,729:INFO: [TRAIN] Step: 1147 ; Loss: 23.045 ; Acc: 51.419
2018-09-19 14:35:47,838:INFO: [TRAIN] Step: 1148 ; Loss: 21.812 ; Acc: 51.414
2018-09-19 14:35:47,942:INFO: [TRAIN] Step: 1149 ; Loss: 20.856 ; Acc: 51.406
2018-09-19 14:35:48,046:INFO: [TRAIN] Step: 1150 ; Loss: 18.908 ; Acc: 51.408
2018-09-19 14:35:48,153:INFO: [TRAIN] Step: 1151 ; Loss: 21.762 ; Acc: 51.403
2018-09-19 14:35:48,256:INFO: [TRAIN] Step: 1152 ; Loss: 15.873 ; Acc: 51.420
2018-09-19 14:35:48,363:INFO: [TRAIN] Step: 1153 ; Loss: 21.676 ; Acc: 51.419
2018-09-19 14:35:48,467:INFO: [TRAIN] Step: 1154 ; Loss: 17.899 ; Acc: 51.425
2018-09-19 14:35:48,570:INFO: [TRAIN] Step: 1155 ; Loss: 21.654 ; Acc: 51.435
2018-09-19 14:35:48,674:INFO: [TRAIN] Step: 1156 ; Loss: 21.337 ; Acc: 51.430
2018-09-19 14:35:48,777:INFO: [TRAIN] Step: 1157 ; Loss: 19.923 ; Acc: 51.439
2018-09-19 14:35:48,880:INFO: [TRAIN] Step: 1158 ; Loss: 20.380 ; Acc: 51.442
2018-09-19 14:35:48,983:INFO: [TRAIN] Step: 1159 ; Loss: 21.145 ; Acc: 51.448
2018-09-19 14:35:49,085:INFO: [TRAIN] Step: 1160 ; Loss: 23.103 ; Acc: 51.428
2018-09-19 14:35:49,187:INFO: [TRAIN] Step: 1161 ; Loss: 19.344 ; Acc: 51.434
2018-09-19 14:35:49,290:INFO: [TRAIN] Step: 1162 ; Loss: 18.026 ; Acc: 51.437
2018-09-19 14:35:49,397:INFO: [TRAIN] Step: 1163 ; Loss: 17.823 ; Acc: 51.446
2018-09-19 14:35:49,501:INFO: [TRAIN] Step: 1164 ; Loss: 17.678 ; Acc: 51.466
2018-09-19 14:35:49,607:INFO: [TRAIN] Step: 1165 ; Loss: 13.860 ; Acc: 51.487
2018-09-19 14:35:49,712:INFO: [TRAIN] Step: 1166 ; Loss: 16.514 ; Acc: 51.500
2018-09-19 14:35:49,812:INFO: [TRAIN] Step: 1167 ; Loss: 29.012 ; Acc: 51.488
2018-09-19 14:35:49,915:INFO: [TRAIN] Step: 1168 ; Loss: 18.933 ; Acc: 51.497
2018-09-19 14:35:50,020:INFO: [TRAIN] Step: 1169 ; Loss: 22.789 ; Acc: 51.481
2018-09-19 14:35:50,126:INFO: [TRAIN] Step: 1170 ; Loss: 21.306 ; Acc: 51.494
2018-09-19 14:35:50,230:INFO: [TRAIN] Step: 1171 ; Loss: 20.864 ; Acc: 51.493
2018-09-19 14:35:50,330:INFO: [TRAIN] Step: 1172 ; Loss: 22.615 ; Acc: 51.492
2018-09-19 14:35:50,434:INFO: [TRAIN] Step: 1173 ; Loss: 20.470 ; Acc: 51.498
2018-09-19 14:35:50,535:INFO: [TRAIN] Step: 1174 ; Loss: 21.564 ; Acc: 51.496
2018-09-19 14:35:50,638:INFO: [TRAIN] Step: 1175 ; Loss: 23.965 ; Acc: 51.499
2018-09-19 14:35:50,743:INFO: [TRAIN] Step: 1176 ; Loss: 19.121 ; Acc: 51.512
2018-09-19 14:35:50,847:INFO: [TRAIN] Step: 1177 ; Loss: 18.831 ; Acc: 51.517
2018-09-19 14:35:50,956:INFO: [TRAIN] Step: 1178 ; Loss: 14.302 ; Acc: 51.541
2018-09-19 14:35:51,059:INFO: [TRAIN] Step: 1179 ; Loss: 22.776 ; Acc: 51.547
2018-09-19 14:35:51,161:INFO: [TRAIN] Step: 1180 ; Loss: 20.542 ; Acc: 51.556
2018-09-19 14:35:51,264:INFO: [TRAIN] Step: 1181 ; Loss: 20.737 ; Acc: 51.558
2018-09-19 14:35:51,369:INFO: [TRAIN] Step: 1182 ; Loss: 21.934 ; Acc: 51.550
2018-09-19 14:35:51,474:INFO: [TRAIN] Step: 1183 ; Loss: 21.509 ; Acc: 51.559
2018-09-19 14:35:51,578:INFO: [TRAIN] Step: 1184 ; Loss: 16.505 ; Acc: 51.575
2018-09-19 14:35:51,685:INFO: [TRAIN] Step: 1185 ; Loss: 20.021 ; Acc: 51.577
2018-09-19 14:35:51,791:INFO: [TRAIN] Step: 1186 ; Loss: 19.797 ; Acc: 51.583
2018-09-19 14:35:51,893:INFO: [TRAIN] Step: 1187 ; Loss: 18.535 ; Acc: 51.585
2018-09-19 14:35:51,995:INFO: [TRAIN] Step: 1188 ; Loss: 21.563 ; Acc: 51.587
2018-09-19 14:35:52,097:INFO: [TRAIN] Step: 1189 ; Loss: 17.829 ; Acc: 51.593
2018-09-19 14:35:57,272:INFO: [EVAL] Step: 1190 ; Loss: 0.208 ; Acc: 0.594
