2018-09-19 15:47:11,894:INFO: ### Model ###
LeNet5(
  (convnet): Sequential(
    (0): Conv2d(1, 6, kernel_size=(5, 5), stride=(1, 1))
    (1): ReLU()
    (2): MaxPool2d(kernel_size=(2, 2), stride=2, padding=0, dilation=1, ceil_mode=False)
    (3): Conv2d(6, 16, kernel_size=(5, 5), stride=(1, 1))
    (4): ReLU()
    (5): MaxPool2d(kernel_size=(2, 2), stride=2, padding=0, dilation=1, ceil_mode=False)
    (6): Conv2d(16, 120, kernel_size=(5, 5), stride=(1, 1))
    (7): ReLU()
    (8): Conv2d(120, 240, kernel_size=(5, 5), stride=(1, 1))
    (9): ReLU()
  )
  (fc): Sequential(
    (0): Linear(in_features=240, out_features=84, bias=True)
    (1): ReLU()
    (2): Linear(in_features=84, out_features=10, bias=True)
  )
)
2018-09-19 15:47:11,894:INFO: ### Optimizer ###
Adam (
Parameter Group 0
    amsgrad: False
    betas: (0.9, 0.999)
    eps: 1e-08
    lr: 0.001
    weight_decay: 0
)
2018-09-19 15:47:11,895:INFO: ### HParams ###
n_epochs: 1 ; data: ferplus ; label: ferplus_votes ; batch_size: 24 ; lr: 0.001 ; wd: 0 ; init: kaiming_he ; eval_steps: 1190
2018-09-19 15:47:12,129:INFO: [TRAIN] Step: 0 ; Loss: 48.283 ; Acc: 0.000
2018-09-19 15:47:12,205:INFO: [TRAIN] Step: 1 ; Loss: 38.995 ; Acc: 2.083
2018-09-19 15:47:12,290:INFO: [TRAIN] Step: 2 ; Loss: 34.380 ; Acc: 12.500
2018-09-19 15:47:12,372:INFO: [TRAIN] Step: 3 ; Loss: 33.515 ; Acc: 15.625
2018-09-19 15:47:12,448:INFO: [TRAIN] Step: 4 ; Loss: 29.633 ; Acc: 17.500
2018-09-19 15:47:12,535:INFO: [TRAIN] Step: 5 ; Loss: 28.532 ; Acc: 22.222
2018-09-19 15:47:12,611:INFO: [TRAIN] Step: 6 ; Loss: 28.176 ; Acc: 23.214
2018-09-19 15:47:12,693:INFO: [TRAIN] Step: 7 ; Loss: 30.915 ; Acc: 25.000
2018-09-19 15:47:12,777:INFO: [TRAIN] Step: 8 ; Loss: 27.497 ; Acc: 25.000
2018-09-19 15:47:12,862:INFO: [TRAIN] Step: 9 ; Loss: 31.698 ; Acc: 27.083
2018-09-19 15:47:12,935:INFO: [TRAIN] Step: 10 ; Loss: 30.184 ; Acc: 26.894
2018-09-19 15:47:13,017:INFO: [TRAIN] Step: 11 ; Loss: 32.900 ; Acc: 27.431
2018-09-19 15:47:13,087:INFO: [TRAIN] Step: 12 ; Loss: 29.844 ; Acc: 26.603
2018-09-19 15:47:13,163:INFO: [TRAIN] Step: 13 ; Loss: 32.116 ; Acc: 27.083
2018-09-19 15:47:13,241:INFO: [TRAIN] Step: 14 ; Loss: 29.721 ; Acc: 28.333
2018-09-19 15:47:13,322:INFO: [TRAIN] Step: 15 ; Loss: 32.110 ; Acc: 28.646
2018-09-19 15:47:13,404:INFO: [TRAIN] Step: 16 ; Loss: 32.653 ; Acc: 27.696
2018-09-19 15:47:13,483:INFO: [TRAIN] Step: 17 ; Loss: 28.193 ; Acc: 29.167
2018-09-19 15:47:13,563:INFO: [TRAIN] Step: 18 ; Loss: 29.076 ; Acc: 29.167
2018-09-19 15:47:13,649:INFO: [TRAIN] Step: 19 ; Loss: 29.666 ; Acc: 30.000
2018-09-19 15:47:13,721:INFO: [TRAIN] Step: 20 ; Loss: 28.740 ; Acc: 30.754
2018-09-19 15:47:13,800:INFO: [TRAIN] Step: 21 ; Loss: 31.294 ; Acc: 30.492
2018-09-19 15:47:13,873:INFO: [TRAIN] Step: 22 ; Loss: 28.261 ; Acc: 30.797
2018-09-19 15:47:13,957:INFO: [TRAIN] Step: 23 ; Loss: 28.507 ; Acc: 31.076
2018-09-19 15:47:14,030:INFO: [TRAIN] Step: 24 ; Loss: 29.655 ; Acc: 30.833
2018-09-19 15:47:14,105:INFO: [TRAIN] Step: 25 ; Loss: 28.080 ; Acc: 31.090
2018-09-19 15:47:14,178:INFO: [TRAIN] Step: 26 ; Loss: 31.445 ; Acc: 31.173
2018-09-19 15:47:14,257:INFO: [TRAIN] Step: 27 ; Loss: 29.773 ; Acc: 31.250
2018-09-19 15:47:14,333:INFO: [TRAIN] Step: 28 ; Loss: 29.432 ; Acc: 31.178
2018-09-19 15:47:14,415:INFO: [TRAIN] Step: 29 ; Loss: 27.711 ; Acc: 31.250
2018-09-19 15:47:14,494:INFO: [TRAIN] Step: 30 ; Loss: 28.074 ; Acc: 31.317
2018-09-19 15:47:14,574:INFO: [TRAIN] Step: 31 ; Loss: 29.292 ; Acc: 31.510
2018-09-19 15:47:14,650:INFO: [TRAIN] Step: 32 ; Loss: 29.607 ; Acc: 32.071
2018-09-19 15:47:14,727:INFO: [TRAIN] Step: 33 ; Loss: 30.757 ; Acc: 32.230
2018-09-19 15:47:14,799:INFO: [TRAIN] Step: 34 ; Loss: 28.132 ; Acc: 32.262
2018-09-19 15:47:14,874:INFO: [TRAIN] Step: 35 ; Loss: 32.598 ; Acc: 32.176
2018-09-19 15:47:14,947:INFO: [TRAIN] Step: 36 ; Loss: 28.398 ; Acc: 32.545
2018-09-19 15:47:15,023:INFO: [TRAIN] Step: 37 ; Loss: 24.303 ; Acc: 33.004
2018-09-19 15:47:15,093:INFO: [TRAIN] Step: 38 ; Loss: 26.367 ; Acc: 33.440
2018-09-19 15:47:15,170:INFO: [TRAIN] Step: 39 ; Loss: 26.680 ; Acc: 33.958
2018-09-19 15:47:15,249:INFO: [TRAIN] Step: 40 ; Loss: 27.421 ; Acc: 33.943
2018-09-19 15:47:15,389:INFO: [TRAIN] Step: 41 ; Loss: 25.634 ; Acc: 33.929
2018-09-19 15:47:15,496:INFO: [TRAIN] Step: 42 ; Loss: 26.664 ; Acc: 33.721
2018-09-19 15:47:15,585:INFO: [TRAIN] Step: 43 ; Loss: 29.892 ; Acc: 33.902
2018-09-19 15:47:15,659:INFO: [TRAIN] Step: 44 ; Loss: 26.907 ; Acc: 34.074
2018-09-19 15:47:15,736:INFO: [TRAIN] Step: 45 ; Loss: 27.363 ; Acc: 34.420
2018-09-19 15:47:15,814:INFO: [TRAIN] Step: 46 ; Loss: 26.558 ; Acc: 34.309
2018-09-19 15:47:15,892:INFO: [TRAIN] Step: 47 ; Loss: 24.583 ; Acc: 34.722
2018-09-19 15:47:15,983:INFO: [TRAIN] Step: 48 ; Loss: 29.796 ; Acc: 34.609
2018-09-19 15:47:16,094:INFO: [TRAIN] Step: 49 ; Loss: 25.917 ; Acc: 35.000
2018-09-19 15:47:16,192:INFO: [TRAIN] Step: 50 ; Loss: 29.470 ; Acc: 35.212
2018-09-19 15:47:16,270:INFO: [TRAIN] Step: 51 ; Loss: 24.525 ; Acc: 35.497
2018-09-19 15:47:16,343:INFO: [TRAIN] Step: 52 ; Loss: 27.471 ; Acc: 35.613
2018-09-19 15:47:16,421:INFO: [TRAIN] Step: 53 ; Loss: 26.646 ; Acc: 35.648
2018-09-19 15:47:16,492:INFO: [TRAIN] Step: 54 ; Loss: 22.445 ; Acc: 36.212
2018-09-19 15:47:16,567:INFO: [TRAIN] Step: 55 ; Loss: 24.797 ; Acc: 36.458
2018-09-19 15:47:16,638:INFO: [TRAIN] Step: 56 ; Loss: 27.452 ; Acc: 36.550
2018-09-19 15:47:16,717:INFO: [TRAIN] Step: 57 ; Loss: 21.700 ; Acc: 36.782
2018-09-19 15:47:16,813:INFO: [TRAIN] Step: 58 ; Loss: 27.447 ; Acc: 36.864
2018-09-19 15:47:16,922:INFO: [TRAIN] Step: 59 ; Loss: 22.647 ; Acc: 36.806
2018-09-19 15:47:17,036:INFO: [TRAIN] Step: 60 ; Loss: 24.677 ; Acc: 36.954
2018-09-19 15:47:17,129:INFO: [TRAIN] Step: 61 ; Loss: 24.443 ; Acc: 37.231
2018-09-19 15:47:17,203:INFO: [TRAIN] Step: 62 ; Loss: 26.746 ; Acc: 37.368
2018-09-19 15:47:17,279:INFO: [TRAIN] Step: 63 ; Loss: 29.817 ; Acc: 37.435
2018-09-19 15:47:17,349:INFO: [TRAIN] Step: 64 ; Loss: 26.128 ; Acc: 37.564
2018-09-19 15:47:17,426:INFO: [TRAIN] Step: 65 ; Loss: 23.600 ; Acc: 37.816
2018-09-19 15:47:17,500:INFO: [TRAIN] Step: 66 ; Loss: 30.282 ; Acc: 37.749
2018-09-19 15:47:17,586:INFO: [TRAIN] Step: 67 ; Loss: 23.853 ; Acc: 37.806
2018-09-19 15:47:17,674:INFO: [TRAIN] Step: 68 ; Loss: 24.378 ; Acc: 37.923
2018-09-19 15:47:17,765:INFO: [TRAIN] Step: 69 ; Loss: 22.547 ; Acc: 37.976
2018-09-19 15:47:17,852:INFO: [TRAIN] Step: 70 ; Loss: 21.222 ; Acc: 38.322
2018-09-19 15:47:17,928:INFO: [TRAIN] Step: 71 ; Loss: 27.723 ; Acc: 38.484
2018-09-19 15:47:17,998:INFO: [TRAIN] Step: 72 ; Loss: 27.809 ; Acc: 38.584
2018-09-19 15:47:18,075:INFO: [TRAIN] Step: 73 ; Loss: 25.553 ; Acc: 38.682
2018-09-19 15:47:18,145:INFO: [TRAIN] Step: 74 ; Loss: 26.595 ; Acc: 38.722
2018-09-19 15:47:18,225:INFO: [TRAIN] Step: 75 ; Loss: 27.546 ; Acc: 38.596
2018-09-19 15:47:18,299:INFO: [TRAIN] Step: 76 ; Loss: 29.093 ; Acc: 38.528
2018-09-19 15:47:18,375:INFO: [TRAIN] Step: 77 ; Loss: 28.535 ; Acc: 38.355
2018-09-19 15:47:18,445:INFO: [TRAIN] Step: 78 ; Loss: 24.741 ; Acc: 38.397
2018-09-19 15:47:18,522:INFO: [TRAIN] Step: 79 ; Loss: 26.845 ; Acc: 38.646
2018-09-19 15:47:18,594:INFO: [TRAIN] Step: 80 ; Loss: 27.076 ; Acc: 38.632
2018-09-19 15:47:18,671:INFO: [TRAIN] Step: 81 ; Loss: 23.461 ; Acc: 38.821
2018-09-19 15:47:18,742:INFO: [TRAIN] Step: 82 ; Loss: 22.315 ; Acc: 39.157
2018-09-19 15:47:18,819:INFO: [TRAIN] Step: 83 ; Loss: 25.044 ; Acc: 39.435
2018-09-19 15:47:18,892:INFO: [TRAIN] Step: 84 ; Loss: 28.819 ; Acc: 39.510
2018-09-19 15:47:18,981:INFO: [TRAIN] Step: 85 ; Loss: 28.661 ; Acc: 39.583
2018-09-19 15:47:19,058:INFO: [TRAIN] Step: 86 ; Loss: 27.126 ; Acc: 39.703
2018-09-19 15:47:19,133:INFO: [TRAIN] Step: 87 ; Loss: 23.717 ; Acc: 39.867
2018-09-19 15:47:19,204:INFO: [TRAIN] Step: 88 ; Loss: 25.348 ; Acc: 39.888
2018-09-19 15:47:19,283:INFO: [TRAIN] Step: 89 ; Loss: 25.554 ; Acc: 39.954
2018-09-19 15:47:19,355:INFO: [TRAIN] Step: 90 ; Loss: 24.307 ; Acc: 40.018
2018-09-19 15:47:19,432:INFO: [TRAIN] Step: 91 ; Loss: 22.508 ; Acc: 40.217
2018-09-19 15:47:19,504:INFO: [TRAIN] Step: 92 ; Loss: 21.519 ; Acc: 40.278
2018-09-19 15:47:19,580:INFO: [TRAIN] Step: 93 ; Loss: 24.168 ; Acc: 40.248
2018-09-19 15:47:19,653:INFO: [TRAIN] Step: 94 ; Loss: 24.624 ; Acc: 40.351
2018-09-19 15:47:19,730:INFO: [TRAIN] Step: 95 ; Loss: 23.704 ; Acc: 40.408
2018-09-19 15:47:19,811:INFO: [TRAIN] Step: 96 ; Loss: 27.418 ; Acc: 40.464
2018-09-19 15:47:19,891:INFO: [TRAIN] Step: 97 ; Loss: 27.969 ; Acc: 40.646
2018-09-19 15:47:19,963:INFO: [TRAIN] Step: 98 ; Loss: 24.576 ; Acc: 40.699
2018-09-19 15:47:20,040:INFO: [TRAIN] Step: 99 ; Loss: 25.265 ; Acc: 40.750
2018-09-19 15:47:20,110:INFO: [TRAIN] Step: 100 ; Loss: 24.396 ; Acc: 40.883
2018-09-19 15:47:20,189:INFO: [TRAIN] Step: 101 ; Loss: 22.916 ; Acc: 40.931
2018-09-19 15:47:20,260:INFO: [TRAIN] Step: 102 ; Loss: 22.045 ; Acc: 41.181
2018-09-19 15:47:20,338:INFO: [TRAIN] Step: 103 ; Loss: 25.697 ; Acc: 41.146
2018-09-19 15:47:20,410:INFO: [TRAIN] Step: 104 ; Loss: 27.002 ; Acc: 41.190
2018-09-19 15:47:20,488:INFO: [TRAIN] Step: 105 ; Loss: 23.723 ; Acc: 41.234
2018-09-19 15:47:20,559:INFO: [TRAIN] Step: 106 ; Loss: 29.207 ; Acc: 41.238
2018-09-19 15:47:20,638:INFO: [TRAIN] Step: 107 ; Loss: 23.703 ; Acc: 41.319
2018-09-19 15:47:20,708:INFO: [TRAIN] Step: 108 ; Loss: 23.673 ; Acc: 41.514
2018-09-19 15:47:20,789:INFO: [TRAIN] Step: 109 ; Loss: 22.532 ; Acc: 41.742
2018-09-19 15:47:20,863:INFO: [TRAIN] Step: 110 ; Loss: 24.351 ; Acc: 41.779
2018-09-19 15:47:20,940:INFO: [TRAIN] Step: 111 ; Loss: 23.859 ; Acc: 41.815
2018-09-19 15:47:21,012:INFO: [TRAIN] Step: 112 ; Loss: 23.570 ; Acc: 41.814
2018-09-19 15:47:21,087:INFO: [TRAIN] Step: 113 ; Loss: 23.886 ; Acc: 41.923
2018-09-19 15:47:21,158:INFO: [TRAIN] Step: 114 ; Loss: 22.692 ; Acc: 42.174
2018-09-19 15:47:21,236:INFO: [TRAIN] Step: 115 ; Loss: 26.578 ; Acc: 42.205
2018-09-19 15:47:21,308:INFO: [TRAIN] Step: 116 ; Loss: 24.522 ; Acc: 42.236
2018-09-19 15:47:21,386:INFO: [TRAIN] Step: 117 ; Loss: 22.986 ; Acc: 42.373
2018-09-19 15:47:21,458:INFO: [TRAIN] Step: 118 ; Loss: 29.301 ; Acc: 42.367
2018-09-19 15:47:21,535:INFO: [TRAIN] Step: 119 ; Loss: 29.851 ; Acc: 42.396
2018-09-19 15:47:21,605:INFO: [TRAIN] Step: 120 ; Loss: 26.378 ; Acc: 42.321
2018-09-19 15:47:21,680:INFO: [TRAIN] Step: 121 ; Loss: 24.359 ; Acc: 42.350
2018-09-19 15:47:21,752:INFO: [TRAIN] Step: 122 ; Loss: 23.406 ; Acc: 42.581
2018-09-19 15:47:21,830:INFO: [TRAIN] Step: 123 ; Loss: 26.865 ; Acc: 42.641
2018-09-19 15:47:21,901:INFO: [TRAIN] Step: 124 ; Loss: 28.336 ; Acc: 42.633
2018-09-19 15:47:21,977:INFO: [TRAIN] Step: 125 ; Loss: 28.392 ; Acc: 42.725
2018-09-19 15:47:22,074:INFO: [TRAIN] Step: 126 ; Loss: 23.142 ; Acc: 42.815
2018-09-19 15:47:22,157:INFO: [TRAIN] Step: 127 ; Loss: 23.719 ; Acc: 42.871
2018-09-19 15:47:22,228:INFO: [TRAIN] Step: 128 ; Loss: 23.183 ; Acc: 42.926
2018-09-19 15:47:22,312:INFO: [TRAIN] Step: 129 ; Loss: 22.264 ; Acc: 43.013
2018-09-19 15:47:22,383:INFO: [TRAIN] Step: 130 ; Loss: 26.943 ; Acc: 42.939
2018-09-19 15:47:22,458:INFO: [TRAIN] Step: 131 ; Loss: 23.556 ; Acc: 42.992
2018-09-19 15:47:22,529:INFO: [TRAIN] Step: 132 ; Loss: 22.615 ; Acc: 43.045
2018-09-19 15:47:22,605:INFO: [TRAIN] Step: 133 ; Loss: 25.630 ; Acc: 43.066
2018-09-19 15:47:22,678:INFO: [TRAIN] Step: 134 ; Loss: 26.614 ; Acc: 42.901
2018-09-19 15:47:22,761:INFO: [TRAIN] Step: 135 ; Loss: 22.829 ; Acc: 43.168
2018-09-19 15:47:22,832:INFO: [TRAIN] Step: 136 ; Loss: 21.093 ; Acc: 43.339
2018-09-19 15:47:22,912:INFO: [TRAIN] Step: 137 ; Loss: 25.169 ; Acc: 43.357
2018-09-19 15:47:22,987:INFO: [TRAIN] Step: 138 ; Loss: 23.128 ; Acc: 43.435
2018-09-19 15:47:23,065:INFO: [TRAIN] Step: 139 ; Loss: 24.747 ; Acc: 43.423
2018-09-19 15:47:23,139:INFO: [TRAIN] Step: 140 ; Loss: 24.654 ; Acc: 43.499
2018-09-19 15:47:23,221:INFO: [TRAIN] Step: 141 ; Loss: 18.464 ; Acc: 43.691
2018-09-19 15:47:23,291:INFO: [TRAIN] Step: 142 ; Loss: 20.584 ; Acc: 43.765
2018-09-19 15:47:23,368:INFO: [TRAIN] Step: 143 ; Loss: 21.569 ; Acc: 43.924
2018-09-19 15:47:23,441:INFO: [TRAIN] Step: 144 ; Loss: 18.904 ; Acc: 44.109
2018-09-19 15:47:23,516:INFO: [TRAIN] Step: 145 ; Loss: 22.913 ; Acc: 44.150
2018-09-19 15:47:23,590:INFO: [TRAIN] Step: 146 ; Loss: 26.609 ; Acc: 44.104
2018-09-19 15:47:23,664:INFO: [TRAIN] Step: 147 ; Loss: 19.445 ; Acc: 44.229
2018-09-19 15:47:23,737:INFO: [TRAIN] Step: 148 ; Loss: 19.912 ; Acc: 44.351
2018-09-19 15:47:23,814:INFO: [TRAIN] Step: 149 ; Loss: 31.984 ; Acc: 44.306
2018-09-19 15:47:23,887:INFO: [TRAIN] Step: 150 ; Loss: 24.152 ; Acc: 44.288
2018-09-19 15:47:23,973:INFO: [TRAIN] Step: 151 ; Loss: 25.883 ; Acc: 44.353
2018-09-19 15:47:24,049:INFO: [TRAIN] Step: 152 ; Loss: 25.542 ; Acc: 44.499
2018-09-19 15:47:24,126:INFO: [TRAIN] Step: 153 ; Loss: 24.912 ; Acc: 44.508
2018-09-19 15:47:24,197:INFO: [TRAIN] Step: 154 ; Loss: 20.657 ; Acc: 44.651
2018-09-19 15:47:24,276:INFO: [TRAIN] Step: 155 ; Loss: 18.589 ; Acc: 44.818
2018-09-19 15:47:24,348:INFO: [TRAIN] Step: 156 ; Loss: 22.929 ; Acc: 44.851
2018-09-19 15:47:24,427:INFO: [TRAIN] Step: 157 ; Loss: 21.960 ; Acc: 44.910
2018-09-19 15:47:24,497:INFO: [TRAIN] Step: 158 ; Loss: 24.029 ; Acc: 44.995
2018-09-19 15:47:24,575:INFO: [TRAIN] Step: 159 ; Loss: 21.884 ; Acc: 45.078
2018-09-19 15:47:24,646:INFO: [TRAIN] Step: 160 ; Loss: 20.612 ; Acc: 45.186
2018-09-19 15:47:24,720:INFO: [TRAIN] Step: 161 ; Loss: 21.859 ; Acc: 45.267
2018-09-19 15:47:24,791:INFO: [TRAIN] Step: 162 ; Loss: 24.873 ; Acc: 45.399
2018-09-19 15:47:24,875:INFO: [TRAIN] Step: 163 ; Loss: 24.694 ; Acc: 45.478
2018-09-19 15:47:24,950:INFO: [TRAIN] Step: 164 ; Loss: 28.000 ; Acc: 45.480
2018-09-19 15:47:25,032:INFO: [TRAIN] Step: 165 ; Loss: 21.095 ; Acc: 45.482
2018-09-19 15:47:25,106:INFO: [TRAIN] Step: 166 ; Loss: 23.771 ; Acc: 45.534
2018-09-19 15:47:25,182:INFO: [TRAIN] Step: 167 ; Loss: 20.118 ; Acc: 45.660
2018-09-19 15:47:25,263:INFO: [TRAIN] Step: 168 ; Loss: 26.041 ; Acc: 45.636
2018-09-19 15:47:25,350:INFO: [TRAIN] Step: 169 ; Loss: 24.570 ; Acc: 45.637
2018-09-19 15:47:25,426:INFO: [TRAIN] Step: 170 ; Loss: 20.751 ; Acc: 45.712
2018-09-19 15:47:25,510:INFO: [TRAIN] Step: 171 ; Loss: 23.204 ; Acc: 45.736
2018-09-19 15:47:25,584:INFO: [TRAIN] Step: 172 ; Loss: 21.488 ; Acc: 45.857
2018-09-19 15:47:25,665:INFO: [TRAIN] Step: 173 ; Loss: 22.304 ; Acc: 45.881
2018-09-19 15:47:25,744:INFO: [TRAIN] Step: 174 ; Loss: 27.617 ; Acc: 45.905
2018-09-19 15:47:25,830:INFO: [TRAIN] Step: 175 ; Loss: 22.539 ; Acc: 46.023
2018-09-19 15:47:25,902:INFO: [TRAIN] Step: 176 ; Loss: 18.855 ; Acc: 46.186
2018-09-19 15:47:25,983:INFO: [TRAIN] Step: 177 ; Loss: 23.174 ; Acc: 46.208
2018-09-19 15:47:26,054:INFO: [TRAIN] Step: 178 ; Loss: 23.063 ; Acc: 46.136
2018-09-19 15:47:26,131:INFO: [TRAIN] Step: 179 ; Loss: 24.454 ; Acc: 46.181
2018-09-19 15:47:26,207:INFO: [TRAIN] Step: 180 ; Loss: 20.217 ; Acc: 46.156
2018-09-19 15:47:26,287:INFO: [TRAIN] Step: 181 ; Loss: 25.069 ; Acc: 46.131
2018-09-19 15:47:26,358:INFO: [TRAIN] Step: 182 ; Loss: 19.447 ; Acc: 46.198
2018-09-19 15:47:26,436:INFO: [TRAIN] Step: 183 ; Loss: 21.740 ; Acc: 46.286
2018-09-19 15:47:26,509:INFO: [TRAIN] Step: 184 ; Loss: 21.327 ; Acc: 46.284
2018-09-19 15:47:26,587:INFO: [TRAIN] Step: 185 ; Loss: 23.814 ; Acc: 46.304
2018-09-19 15:47:26,659:INFO: [TRAIN] Step: 186 ; Loss: 23.445 ; Acc: 46.390
2018-09-19 15:47:26,735:INFO: [TRAIN] Step: 187 ; Loss: 26.222 ; Acc: 46.432
2018-09-19 15:47:26,807:INFO: [TRAIN] Step: 188 ; Loss: 23.047 ; Acc: 46.429
2018-09-19 15:47:26,887:INFO: [TRAIN] Step: 189 ; Loss: 21.027 ; Acc: 46.491
2018-09-19 15:47:26,971:INFO: [TRAIN] Step: 190 ; Loss: 20.698 ; Acc: 46.597
2018-09-19 15:47:27,056:INFO: [TRAIN] Step: 191 ; Loss: 19.361 ; Acc: 46.723
2018-09-19 15:47:27,129:INFO: [TRAIN] Step: 192 ; Loss: 23.820 ; Acc: 46.740
2018-09-19 15:47:27,205:INFO: [TRAIN] Step: 193 ; Loss: 21.484 ; Acc: 46.800
2018-09-19 15:47:27,275:INFO: [TRAIN] Step: 194 ; Loss: 22.308 ; Acc: 46.838
2018-09-19 15:47:27,353:INFO: [TRAIN] Step: 195 ; Loss: 26.893 ; Acc: 46.896
2018-09-19 15:47:27,425:INFO: [TRAIN] Step: 196 ; Loss: 29.778 ; Acc: 46.849
2018-09-19 15:47:27,504:INFO: [TRAIN] Step: 197 ; Loss: 19.345 ; Acc: 46.843
2018-09-19 15:47:27,573:INFO: [TRAIN] Step: 198 ; Loss: 19.786 ; Acc: 46.943
2018-09-19 15:47:27,651:INFO: [TRAIN] Step: 199 ; Loss: 18.246 ; Acc: 47.021
2018-09-19 15:47:27,723:INFO: [TRAIN] Step: 200 ; Loss: 20.184 ; Acc: 47.056
2018-09-19 15:47:27,802:INFO: [TRAIN] Step: 201 ; Loss: 25.323 ; Acc: 47.092
2018-09-19 15:47:27,872:INFO: [TRAIN] Step: 202 ; Loss: 21.873 ; Acc: 47.167
2018-09-19 15:47:27,950:INFO: [TRAIN] Step: 203 ; Loss: 24.072 ; Acc: 47.222
2018-09-19 15:47:28,025:INFO: [TRAIN] Step: 204 ; Loss: 21.797 ; Acc: 47.256
2018-09-19 15:47:28,100:INFO: [TRAIN] Step: 205 ; Loss: 18.007 ; Acc: 47.391
2018-09-19 15:47:28,170:INFO: [TRAIN] Step: 206 ; Loss: 16.169 ; Acc: 47.564
2018-09-19 15:47:28,248:INFO: [TRAIN] Step: 207 ; Loss: 23.001 ; Acc: 47.596
2018-09-19 15:47:28,319:INFO: [TRAIN] Step: 208 ; Loss: 22.372 ; Acc: 47.667
2018-09-19 15:47:28,396:INFO: [TRAIN] Step: 209 ; Loss: 16.852 ; Acc: 47.758
2018-09-19 15:47:28,467:INFO: [TRAIN] Step: 210 ; Loss: 19.483 ; Acc: 47.788
2018-09-19 15:47:28,547:INFO: [TRAIN] Step: 211 ; Loss: 22.842 ; Acc: 47.858
2018-09-19 15:47:28,619:INFO: [TRAIN] Step: 212 ; Loss: 25.060 ; Acc: 47.868
2018-09-19 15:47:28,697:INFO: [TRAIN] Step: 213 ; Loss: 17.207 ; Acc: 48.014
2018-09-19 15:47:28,770:INFO: [TRAIN] Step: 214 ; Loss: 20.411 ; Acc: 48.062
2018-09-19 15:47:28,846:INFO: [TRAIN] Step: 215 ; Loss: 23.570 ; Acc: 48.052
2018-09-19 15:47:28,917:INFO: [TRAIN] Step: 216 ; Loss: 26.289 ; Acc: 48.003
2018-09-19 15:47:28,994:INFO: [TRAIN] Step: 217 ; Loss: 23.446 ; Acc: 47.955
2018-09-19 15:47:29,068:INFO: [TRAIN] Step: 218 ; Loss: 17.001 ; Acc: 48.059
2018-09-19 15:47:29,147:INFO: [TRAIN] Step: 219 ; Loss: 26.277 ; Acc: 48.049
2018-09-19 15:47:29,218:INFO: [TRAIN] Step: 220 ; Loss: 20.197 ; Acc: 48.077
2018-09-19 15:47:29,311:INFO: [TRAIN] Step: 221 ; Loss: 21.712 ; Acc: 48.217
2018-09-19 15:47:29,384:INFO: [TRAIN] Step: 222 ; Loss: 18.740 ; Acc: 48.300
2018-09-19 15:47:29,462:INFO: [TRAIN] Step: 223 ; Loss: 23.922 ; Acc: 48.307
2018-09-19 15:47:29,535:INFO: [TRAIN] Step: 224 ; Loss: 19.270 ; Acc: 48.333
2018-09-19 15:47:29,614:INFO: [TRAIN] Step: 225 ; Loss: 18.130 ; Acc: 48.470
2018-09-19 15:47:29,686:INFO: [TRAIN] Step: 226 ; Loss: 20.655 ; Acc: 48.513
2018-09-19 15:47:29,762:INFO: [TRAIN] Step: 227 ; Loss: 27.456 ; Acc: 48.483
2018-09-19 15:47:29,833:INFO: [TRAIN] Step: 228 ; Loss: 21.211 ; Acc: 48.526
2018-09-19 15:47:29,909:INFO: [TRAIN] Step: 229 ; Loss: 22.043 ; Acc: 48.551
2018-09-19 15:47:29,982:INFO: [TRAIN] Step: 230 ; Loss: 23.329 ; Acc: 48.521
2018-09-19 15:47:30,060:INFO: [TRAIN] Step: 231 ; Loss: 19.975 ; Acc: 48.563
2018-09-19 15:47:30,133:INFO: [TRAIN] Step: 232 ; Loss: 20.305 ; Acc: 48.695
2018-09-19 15:47:30,212:INFO: [TRAIN] Step: 233 ; Loss: 22.094 ; Acc: 48.718
2018-09-19 15:47:30,286:INFO: [TRAIN] Step: 234 ; Loss: 28.349 ; Acc: 48.670
2018-09-19 15:47:30,371:INFO: [TRAIN] Step: 235 ; Loss: 24.951 ; Acc: 48.694
2018-09-19 15:47:30,447:INFO: [TRAIN] Step: 236 ; Loss: 20.649 ; Acc: 48.699
2018-09-19 15:47:30,525:INFO: [TRAIN] Step: 237 ; Loss: 21.766 ; Acc: 48.669
2018-09-19 15:47:30,602:INFO: [TRAIN] Step: 238 ; Loss: 20.244 ; Acc: 48.658
2018-09-19 15:47:30,680:INFO: [TRAIN] Step: 239 ; Loss: 17.597 ; Acc: 48.767
2018-09-19 15:47:30,758:INFO: [TRAIN] Step: 240 ; Loss: 21.633 ; Acc: 48.772
2018-09-19 15:47:30,836:INFO: [TRAIN] Step: 241 ; Loss: 24.696 ; Acc: 48.760
2018-09-19 15:47:30,912:INFO: [TRAIN] Step: 242 ; Loss: 22.414 ; Acc: 48.783
2018-09-19 15:47:30,986:INFO: [TRAIN] Step: 243 ; Loss: 18.522 ; Acc: 48.805
2018-09-19 15:47:31,058:INFO: [TRAIN] Step: 244 ; Loss: 24.402 ; Acc: 48.827
2018-09-19 15:47:31,135:INFO: [TRAIN] Step: 245 ; Loss: 23.092 ; Acc: 48.797
2018-09-19 15:47:31,205:INFO: [TRAIN] Step: 246 ; Loss: 23.189 ; Acc: 48.802
2018-09-19 15:47:31,280:INFO: [TRAIN] Step: 247 ; Loss: 24.180 ; Acc: 48.790
2018-09-19 15:47:31,353:INFO: [TRAIN] Step: 248 ; Loss: 22.000 ; Acc: 48.778
2018-09-19 15:47:31,431:INFO: [TRAIN] Step: 249 ; Loss: 20.780 ; Acc: 48.833
2018-09-19 15:47:31,501:INFO: [TRAIN] Step: 250 ; Loss: 16.822 ; Acc: 48.805
2018-09-19 15:47:31,578:INFO: [TRAIN] Step: 251 ; Loss: 22.341 ; Acc: 48.843
2018-09-19 15:47:31,650:INFO: [TRAIN] Step: 252 ; Loss: 22.791 ; Acc: 48.864
2018-09-19 15:47:31,725:INFO: [TRAIN] Step: 253 ; Loss: 20.652 ; Acc: 48.901
2018-09-19 15:47:31,795:INFO: [TRAIN] Step: 254 ; Loss: 18.792 ; Acc: 48.971
2018-09-19 15:47:31,872:INFO: [TRAIN] Step: 255 ; Loss: 21.248 ; Acc: 48.958
2018-09-19 15:47:31,944:INFO: [TRAIN] Step: 256 ; Loss: 21.215 ; Acc: 49.011
2018-09-19 15:47:32,027:INFO: [TRAIN] Step: 257 ; Loss: 20.316 ; Acc: 49.031
2018-09-19 15:47:32,104:INFO: [TRAIN] Step: 258 ; Loss: 23.525 ; Acc: 49.083
2018-09-19 15:47:32,183:INFO: [TRAIN] Step: 259 ; Loss: 24.517 ; Acc: 49.006
2018-09-19 15:47:32,255:INFO: [TRAIN] Step: 260 ; Loss: 20.994 ; Acc: 49.026
2018-09-19 15:47:32,333:INFO: [TRAIN] Step: 261 ; Loss: 21.897 ; Acc: 49.094
2018-09-19 15:47:32,405:INFO: [TRAIN] Step: 262 ; Loss: 24.244 ; Acc: 49.081
2018-09-19 15:47:32,482:INFO: [TRAIN] Step: 263 ; Loss: 19.465 ; Acc: 49.164
2018-09-19 15:47:32,554:INFO: [TRAIN] Step: 264 ; Loss: 25.372 ; Acc: 49.151
2018-09-19 15:47:32,633:INFO: [TRAIN] Step: 265 ; Loss: 20.973 ; Acc: 49.123
2018-09-19 15:47:32,706:INFO: [TRAIN] Step: 266 ; Loss: 20.622 ; Acc: 49.142
2018-09-19 15:47:32,791:INFO: [TRAIN] Step: 267 ; Loss: 20.664 ; Acc: 49.160
2018-09-19 15:47:32,862:INFO: [TRAIN] Step: 268 ; Loss: 19.460 ; Acc: 49.210
2018-09-19 15:47:32,939:INFO: [TRAIN] Step: 269 ; Loss: 22.098 ; Acc: 49.213
2018-09-19 15:47:33,009:INFO: [TRAIN] Step: 270 ; Loss: 15.885 ; Acc: 49.323
2018-09-19 15:47:33,085:INFO: [TRAIN] Step: 271 ; Loss: 21.224 ; Acc: 49.372
2018-09-19 15:47:33,156:INFO: [TRAIN] Step: 272 ; Loss: 23.158 ; Acc: 49.389
2018-09-19 15:47:33,231:INFO: [TRAIN] Step: 273 ; Loss: 19.191 ; Acc: 49.453
2018-09-19 15:47:33,306:INFO: [TRAIN] Step: 274 ; Loss: 22.370 ; Acc: 49.485
2018-09-19 15:47:33,385:INFO: [TRAIN] Step: 275 ; Loss: 22.496 ; Acc: 49.487
2018-09-19 15:47:33,457:INFO: [TRAIN] Step: 276 ; Loss: 16.505 ; Acc: 49.594
2018-09-19 15:47:33,535:INFO: [TRAIN] Step: 277 ; Loss: 23.437 ; Acc: 49.625
2018-09-19 15:47:33,607:INFO: [TRAIN] Step: 278 ; Loss: 20.511 ; Acc: 49.612
2018-09-19 15:47:33,682:INFO: [TRAIN] Step: 279 ; Loss: 19.699 ; Acc: 49.688
2018-09-19 15:47:33,753:INFO: [TRAIN] Step: 280 ; Loss: 22.949 ; Acc: 49.733
2018-09-19 15:47:33,829:INFO: [TRAIN] Step: 281 ; Loss: 22.236 ; Acc: 49.734
2018-09-19 15:47:33,902:INFO: [TRAIN] Step: 282 ; Loss: 27.750 ; Acc: 49.647
2018-09-19 15:47:33,983:INFO: [TRAIN] Step: 283 ; Loss: 24.614 ; Acc: 49.648
2018-09-19 15:47:34,055:INFO: [TRAIN] Step: 284 ; Loss: 28.422 ; Acc: 49.620
2018-09-19 15:47:34,132:INFO: [TRAIN] Step: 285 ; Loss: 19.553 ; Acc: 49.650
2018-09-19 15:47:34,210:INFO: [TRAIN] Step: 286 ; Loss: 23.977 ; Acc: 49.666
2018-09-19 15:47:34,290:INFO: [TRAIN] Step: 287 ; Loss: 22.552 ; Acc: 49.711
2018-09-19 15:47:34,368:INFO: [TRAIN] Step: 288 ; Loss: 22.653 ; Acc: 49.697
2018-09-19 15:47:34,444:INFO: [TRAIN] Step: 289 ; Loss: 17.207 ; Acc: 49.799
2018-09-19 15:47:34,519:INFO: [TRAIN] Step: 290 ; Loss: 22.799 ; Acc: 49.785
2018-09-19 15:47:34,601:INFO: [TRAIN] Step: 291 ; Loss: 18.844 ; Acc: 49.829
2018-09-19 15:47:34,671:INFO: [TRAIN] Step: 292 ; Loss: 25.346 ; Acc: 49.772
2018-09-19 15:47:34,746:INFO: [TRAIN] Step: 293 ; Loss: 23.659 ; Acc: 49.773
2018-09-19 15:47:34,816:INFO: [TRAIN] Step: 294 ; Loss: 21.375 ; Acc: 49.788
2018-09-19 15:47:34,890:INFO: [TRAIN] Step: 295 ; Loss: 27.598 ; Acc: 49.775
2018-09-19 15:47:34,965:INFO: [TRAIN] Step: 296 ; Loss: 25.593 ; Acc: 49.804
2018-09-19 15:47:35,044:INFO: [TRAIN] Step: 297 ; Loss: 24.084 ; Acc: 49.804
2018-09-19 15:47:35,122:INFO: [TRAIN] Step: 298 ; Loss: 19.727 ; Acc: 49.833
2018-09-19 15:47:35,198:INFO: [TRAIN] Step: 299 ; Loss: 21.858 ; Acc: 49.806
2018-09-19 15:47:35,270:INFO: [TRAIN] Step: 300 ; Loss: 18.935 ; Acc: 49.862
2018-09-19 15:47:35,356:INFO: [TRAIN] Step: 301 ; Loss: 19.054 ; Acc: 49.890
2018-09-19 15:47:35,429:INFO: [TRAIN] Step: 302 ; Loss: 21.658 ; Acc: 49.807
2018-09-19 15:47:35,505:INFO: [TRAIN] Step: 303 ; Loss: 19.800 ; Acc: 49.877
2018-09-19 15:47:35,577:INFO: [TRAIN] Step: 304 ; Loss: 22.056 ; Acc: 49.877
2018-09-19 15:47:35,655:INFO: [TRAIN] Step: 305 ; Loss: 24.302 ; Acc: 49.850
2018-09-19 15:47:35,726:INFO: [TRAIN] Step: 306 ; Loss: 17.951 ; Acc: 49.878
2018-09-19 15:47:35,807:INFO: [TRAIN] Step: 307 ; Loss: 17.582 ; Acc: 49.878
2018-09-19 15:47:35,879:INFO: [TRAIN] Step: 308 ; Loss: 21.222 ; Acc: 49.865
2018-09-19 15:47:35,960:INFO: [TRAIN] Step: 309 ; Loss: 19.550 ; Acc: 49.866
2018-09-19 15:47:36,032:INFO: [TRAIN] Step: 310 ; Loss: 18.163 ; Acc: 49.960
2018-09-19 15:47:36,109:INFO: [TRAIN] Step: 311 ; Loss: 23.908 ; Acc: 49.947
2018-09-19 15:47:36,182:INFO: [TRAIN] Step: 312 ; Loss: 22.101 ; Acc: 49.987
2018-09-19 15:47:36,258:INFO: [TRAIN] Step: 313 ; Loss: 19.141 ; Acc: 50.027
2018-09-19 15:47:36,333:INFO: [TRAIN] Step: 314 ; Loss: 20.398 ; Acc: 50.079
2018-09-19 15:47:36,408:INFO: [TRAIN] Step: 315 ; Loss: 23.471 ; Acc: 50.053
2018-09-19 15:47:36,484:INFO: [TRAIN] Step: 316 ; Loss: 19.029 ; Acc: 50.079
2018-09-19 15:47:36,560:INFO: [TRAIN] Step: 317 ; Loss: 18.174 ; Acc: 50.118
2018-09-19 15:47:36,638:INFO: [TRAIN] Step: 318 ; Loss: 22.740 ; Acc: 50.144
2018-09-19 15:47:36,715:INFO: [TRAIN] Step: 319 ; Loss: 21.026 ; Acc: 50.195
2018-09-19 15:47:36,786:INFO: [TRAIN] Step: 320 ; Loss: 19.912 ; Acc: 50.208
2018-09-19 15:47:36,861:INFO: [TRAIN] Step: 321 ; Loss: 20.239 ; Acc: 50.272
2018-09-19 15:47:36,934:INFO: [TRAIN] Step: 322 ; Loss: 21.067 ; Acc: 50.284
2018-09-19 15:47:37,012:INFO: [TRAIN] Step: 323 ; Loss: 16.972 ; Acc: 50.347
2018-09-19 15:47:37,083:INFO: [TRAIN] Step: 324 ; Loss: 19.759 ; Acc: 50.359
2018-09-19 15:47:37,162:INFO: [TRAIN] Step: 325 ; Loss: 20.284 ; Acc: 50.358
2018-09-19 15:47:37,234:INFO: [TRAIN] Step: 326 ; Loss: 27.411 ; Acc: 50.331
2018-09-19 15:47:37,309:INFO: [TRAIN] Step: 327 ; Loss: 19.188 ; Acc: 50.381
2018-09-19 15:47:37,383:INFO: [TRAIN] Step: 328 ; Loss: 19.110 ; Acc: 50.405
2018-09-19 15:47:37,463:INFO: [TRAIN] Step: 329 ; Loss: 19.343 ; Acc: 50.455
2018-09-19 15:47:37,537:INFO: [TRAIN] Step: 330 ; Loss: 22.893 ; Acc: 50.428
2018-09-19 15:47:37,629:INFO: [TRAIN] Step: 331 ; Loss: 20.628 ; Acc: 50.439
2018-09-19 15:47:37,705:INFO: [TRAIN] Step: 332 ; Loss: 20.817 ; Acc: 50.450
2018-09-19 15:47:37,785:INFO: [TRAIN] Step: 333 ; Loss: 17.736 ; Acc: 50.536
2018-09-19 15:47:37,857:INFO: [TRAIN] Step: 334 ; Loss: 23.491 ; Acc: 50.560
2018-09-19 15:47:37,934:INFO: [TRAIN] Step: 335 ; Loss: 17.655 ; Acc: 50.620
2018-09-19 15:47:38,009:INFO: [TRAIN] Step: 336 ; Loss: 28.359 ; Acc: 50.631
2018-09-19 15:47:38,086:INFO: [TRAIN] Step: 337 ; Loss: 22.482 ; Acc: 50.690
2018-09-19 15:47:38,161:INFO: [TRAIN] Step: 338 ; Loss: 23.481 ; Acc: 50.676
2018-09-19 15:47:38,239:INFO: [TRAIN] Step: 339 ; Loss: 25.796 ; Acc: 50.637
2018-09-19 15:47:38,315:INFO: [TRAIN] Step: 340 ; Loss: 18.320 ; Acc: 50.684
2018-09-19 15:47:38,393:INFO: [TRAIN] Step: 341 ; Loss: 21.957 ; Acc: 50.682
2018-09-19 15:47:38,471:INFO: [TRAIN] Step: 342 ; Loss: 18.675 ; Acc: 50.741
2018-09-19 15:47:38,546:INFO: [TRAIN] Step: 343 ; Loss: 21.201 ; Acc: 50.703
2018-09-19 15:47:38,621:INFO: [TRAIN] Step: 344 ; Loss: 20.679 ; Acc: 50.725
2018-09-19 15:47:38,695:INFO: [TRAIN] Step: 345 ; Loss: 21.013 ; Acc: 50.711
2018-09-19 15:47:38,773:INFO: [TRAIN] Step: 346 ; Loss: 17.905 ; Acc: 50.780
2018-09-19 15:47:38,848:INFO: [TRAIN] Step: 347 ; Loss: 17.712 ; Acc: 50.814
2018-09-19 15:47:38,924:INFO: [TRAIN] Step: 348 ; Loss: 20.741 ; Acc: 50.800
2018-09-19 15:47:39,000:INFO: [TRAIN] Step: 349 ; Loss: 18.041 ; Acc: 50.833
2018-09-19 15:47:39,078:INFO: [TRAIN] Step: 350 ; Loss: 20.366 ; Acc: 50.843
2018-09-19 15:47:39,154:INFO: [TRAIN] Step: 351 ; Loss: 30.573 ; Acc: 50.769
2018-09-19 15:47:39,225:INFO: [TRAIN] Step: 352 ; Loss: 22.290 ; Acc: 50.744
2018-09-19 15:47:39,301:INFO: [TRAIN] Step: 353 ; Loss: 19.954 ; Acc: 50.777
2018-09-19 15:47:39,372:INFO: [TRAIN] Step: 354 ; Loss: 18.575 ; Acc: 50.833
2018-09-19 15:47:39,449:INFO: [TRAIN] Step: 355 ; Loss: 25.468 ; Acc: 50.854
2018-09-19 15:47:39,522:INFO: [TRAIN] Step: 356 ; Loss: 16.619 ; Acc: 50.910
2018-09-19 15:47:39,599:INFO: [TRAIN] Step: 357 ; Loss: 22.595 ; Acc: 50.873
2018-09-19 15:47:39,673:INFO: [TRAIN] Step: 358 ; Loss: 19.941 ; Acc: 50.905
2018-09-19 15:47:39,749:INFO: [TRAIN] Step: 359 ; Loss: 25.288 ; Acc: 50.914
2018-09-19 15:47:39,827:INFO: [TRAIN] Step: 360 ; Loss: 23.281 ; Acc: 50.958
2018-09-19 15:47:39,902:INFO: [TRAIN] Step: 361 ; Loss: 19.751 ; Acc: 50.978
2018-09-19 15:47:39,975:INFO: [TRAIN] Step: 362 ; Loss: 20.731 ; Acc: 51.045
2018-09-19 15:47:40,054:INFO: [TRAIN] Step: 363 ; Loss: 22.089 ; Acc: 51.030
2018-09-19 15:47:40,128:INFO: [TRAIN] Step: 364 ; Loss: 16.882 ; Acc: 51.084
2018-09-19 15:47:40,207:INFO: [TRAIN] Step: 365 ; Loss: 22.180 ; Acc: 51.093
2018-09-19 15:47:40,282:INFO: [TRAIN] Step: 366 ; Loss: 19.459 ; Acc: 51.101
2018-09-19 15:47:40,359:INFO: [TRAIN] Step: 367 ; Loss: 27.657 ; Acc: 51.098
2018-09-19 15:47:40,433:INFO: [TRAIN] Step: 368 ; Loss: 22.584 ; Acc: 51.084
2018-09-19 15:47:40,508:INFO: [TRAIN] Step: 369 ; Loss: 23.586 ; Acc: 51.036
2018-09-19 15:47:40,588:INFO: [TRAIN] Step: 370 ; Loss: 19.188 ; Acc: 51.078
2018-09-19 15:47:40,668:INFO: [TRAIN] Step: 371 ; Loss: 22.943 ; Acc: 51.075
2018-09-19 15:47:40,739:INFO: [TRAIN] Step: 372 ; Loss: 21.918 ; Acc: 51.084
2018-09-19 15:47:40,818:INFO: [TRAIN] Step: 373 ; Loss: 19.065 ; Acc: 51.092
2018-09-19 15:47:40,895:INFO: [TRAIN] Step: 374 ; Loss: 25.329 ; Acc: 51.078
2018-09-19 15:47:40,970:INFO: [TRAIN] Step: 375 ; Loss: 17.973 ; Acc: 51.086
2018-09-19 15:47:41,041:INFO: [TRAIN] Step: 376 ; Loss: 21.866 ; Acc: 51.094
2018-09-19 15:47:41,118:INFO: [TRAIN] Step: 377 ; Loss: 20.207 ; Acc: 51.069
2018-09-19 15:47:41,189:INFO: [TRAIN] Step: 378 ; Loss: 17.687 ; Acc: 51.077
2018-09-19 15:47:41,266:INFO: [TRAIN] Step: 379 ; Loss: 28.498 ; Acc: 51.086
2018-09-19 15:47:41,339:INFO: [TRAIN] Step: 380 ; Loss: 18.432 ; Acc: 51.094
2018-09-19 15:47:41,418:INFO: [TRAIN] Step: 381 ; Loss: 21.631 ; Acc: 51.102
2018-09-19 15:47:41,488:INFO: [TRAIN] Step: 382 ; Loss: 21.259 ; Acc: 51.131
2018-09-19 15:47:41,565:INFO: [TRAIN] Step: 383 ; Loss: 19.866 ; Acc: 51.118
2018-09-19 15:47:41,638:INFO: [TRAIN] Step: 384 ; Loss: 22.774 ; Acc: 51.136
2018-09-19 15:47:41,715:INFO: [TRAIN] Step: 385 ; Loss: 26.545 ; Acc: 51.123
2018-09-19 15:47:41,786:INFO: [TRAIN] Step: 386 ; Loss: 17.062 ; Acc: 51.163
2018-09-19 15:47:41,865:INFO: [TRAIN] Step: 387 ; Loss: 21.615 ; Acc: 51.160
2018-09-19 15:47:41,938:INFO: [TRAIN] Step: 388 ; Loss: 23.819 ; Acc: 51.168
2018-09-19 15:47:42,015:INFO: [TRAIN] Step: 389 ; Loss: 20.680 ; Acc: 51.197
2018-09-19 15:47:42,086:INFO: [TRAIN] Step: 390 ; Loss: 20.421 ; Acc: 51.215
2018-09-19 15:47:42,163:INFO: [TRAIN] Step: 391 ; Loss: 24.068 ; Acc: 51.201
2018-09-19 15:47:42,239:INFO: [TRAIN] Step: 392 ; Loss: 23.568 ; Acc: 51.198
2018-09-19 15:47:42,318:INFO: [TRAIN] Step: 393 ; Loss: 18.568 ; Acc: 51.195
2018-09-19 15:47:42,390:INFO: [TRAIN] Step: 394 ; Loss: 22.455 ; Acc: 51.213
2018-09-19 15:47:42,467:INFO: [TRAIN] Step: 395 ; Loss: 19.948 ; Acc: 51.231
2018-09-19 15:47:42,537:INFO: [TRAIN] Step: 396 ; Loss: 19.923 ; Acc: 51.259
2018-09-19 15:47:42,625:INFO: [TRAIN] Step: 397 ; Loss: 24.708 ; Acc: 51.246
2018-09-19 15:47:42,713:INFO: [TRAIN] Step: 398 ; Loss: 15.648 ; Acc: 51.316
2018-09-19 15:47:42,791:INFO: [TRAIN] Step: 399 ; Loss: 19.000 ; Acc: 51.375
2018-09-19 15:47:42,864:INFO: [TRAIN] Step: 400 ; Loss: 19.295 ; Acc: 51.392
2018-09-19 15:47:42,944:INFO: [TRAIN] Step: 401 ; Loss: 17.826 ; Acc: 51.451
2018-09-19 15:47:43,021:INFO: [TRAIN] Step: 402 ; Loss: 24.257 ; Acc: 51.427
2018-09-19 15:47:43,098:INFO: [TRAIN] Step: 403 ; Loss: 20.108 ; Acc: 51.413
2018-09-19 15:47:43,170:INFO: [TRAIN] Step: 404 ; Loss: 25.663 ; Acc: 51.399
2018-09-19 15:47:43,252:INFO: [TRAIN] Step: 405 ; Loss: 17.181 ; Acc: 51.437
2018-09-19 15:47:43,325:INFO: [TRAIN] Step: 406 ; Loss: 17.889 ; Acc: 51.454
2018-09-19 15:47:43,402:INFO: [TRAIN] Step: 407 ; Loss: 20.286 ; Acc: 51.491
2018-09-19 15:47:43,475:INFO: [TRAIN] Step: 408 ; Loss: 17.710 ; Acc: 51.538
2018-09-19 15:47:43,552:INFO: [TRAIN] Step: 409 ; Loss: 23.231 ; Acc: 51.555
2018-09-19 15:47:43,627:INFO: [TRAIN] Step: 410 ; Loss: 28.352 ; Acc: 51.541
2018-09-19 15:47:43,704:INFO: [TRAIN] Step: 411 ; Loss: 24.848 ; Acc: 51.517
2018-09-19 15:47:43,777:INFO: [TRAIN] Step: 412 ; Loss: 19.990 ; Acc: 51.554
2018-09-19 15:47:43,853:INFO: [TRAIN] Step: 413 ; Loss: 27.172 ; Acc: 51.520
2018-09-19 15:47:43,927:INFO: [TRAIN] Step: 414 ; Loss: 21.642 ; Acc: 51.526
2018-09-19 15:47:44,011:INFO: [TRAIN] Step: 415 ; Loss: 27.090 ; Acc: 51.522
2018-09-19 15:47:44,081:INFO: [TRAIN] Step: 416 ; Loss: 17.912 ; Acc: 51.539
2018-09-19 15:47:44,155:INFO: [TRAIN] Step: 417 ; Loss: 24.443 ; Acc: 51.525
2018-09-19 15:47:44,228:INFO: [TRAIN] Step: 418 ; Loss: 18.998 ; Acc: 51.561
2018-09-19 15:47:44,309:INFO: [TRAIN] Step: 419 ; Loss: 21.683 ; Acc: 51.587
2018-09-19 15:47:44,380:INFO: [TRAIN] Step: 420 ; Loss: 19.080 ; Acc: 51.603
2018-09-19 15:47:44,455:INFO: [TRAIN] Step: 421 ; Loss: 22.020 ; Acc: 51.619
2018-09-19 15:47:44,528:INFO: [TRAIN] Step: 422 ; Loss: 21.942 ; Acc: 51.606
2018-09-19 15:47:44,604:INFO: [TRAIN] Step: 423 ; Loss: 19.870 ; Acc: 51.592
2018-09-19 15:47:44,676:INFO: [TRAIN] Step: 424 ; Loss: 18.166 ; Acc: 51.598
2018-09-19 15:47:44,754:INFO: [TRAIN] Step: 425 ; Loss: 20.999 ; Acc: 51.585
2018-09-19 15:47:44,831:INFO: [TRAIN] Step: 426 ; Loss: 23.022 ; Acc: 51.610
2018-09-19 15:47:44,909:INFO: [TRAIN] Step: 427 ; Loss: 22.577 ; Acc: 51.606
2018-09-19 15:47:44,987:INFO: [TRAIN] Step: 428 ; Loss: 17.897 ; Acc: 51.651
2018-09-19 15:47:45,065:INFO: [TRAIN] Step: 429 ; Loss: 20.172 ; Acc: 51.696
2018-09-19 15:47:45,141:INFO: [TRAIN] Step: 430 ; Loss: 19.779 ; Acc: 51.692
2018-09-19 15:47:45,219:INFO: [TRAIN] Step: 431 ; Loss: 24.684 ; Acc: 51.678
2018-09-19 15:47:45,298:INFO: [TRAIN] Step: 432 ; Loss: 22.762 ; Acc: 51.674
2018-09-19 15:47:45,380:INFO: [TRAIN] Step: 433 ; Loss: 23.738 ; Acc: 51.651
2018-09-19 15:47:45,455:INFO: [TRAIN] Step: 434 ; Loss: 16.861 ; Acc: 51.657
2018-09-19 15:47:45,529:INFO: [TRAIN] Step: 435 ; Loss: 30.735 ; Acc: 51.644
2018-09-19 15:47:45,607:INFO: [TRAIN] Step: 436 ; Loss: 24.446 ; Acc: 51.621
2018-09-19 15:47:45,684:INFO: [TRAIN] Step: 437 ; Loss: 20.429 ; Acc: 51.627
2018-09-19 15:47:45,755:INFO: [TRAIN] Step: 438 ; Loss: 26.501 ; Acc: 51.585
2018-09-19 15:47:45,831:INFO: [TRAIN] Step: 439 ; Loss: 18.698 ; Acc: 51.629
2018-09-19 15:47:45,905:INFO: [TRAIN] Step: 440 ; Loss: 18.950 ; Acc: 51.635
2018-09-19 15:47:45,984:INFO: [TRAIN] Step: 441 ; Loss: 21.931 ; Acc: 51.659
2018-09-19 15:47:46,056:INFO: [TRAIN] Step: 442 ; Loss: 23.785 ; Acc: 51.674
2018-09-19 15:47:46,138:INFO: [TRAIN] Step: 443 ; Loss: 23.660 ; Acc: 51.661
2018-09-19 15:47:46,209:INFO: [TRAIN] Step: 444 ; Loss: 21.038 ; Acc: 51.657
2018-09-19 15:47:46,286:INFO: [TRAIN] Step: 445 ; Loss: 19.403 ; Acc: 51.682
2018-09-19 15:47:46,357:INFO: [TRAIN] Step: 446 ; Loss: 25.482 ; Acc: 51.669
2018-09-19 15:47:46,433:INFO: [TRAIN] Step: 447 ; Loss: 19.182 ; Acc: 51.674
2018-09-19 15:47:46,503:INFO: [TRAIN] Step: 448 ; Loss: 16.544 ; Acc: 51.726
2018-09-19 15:47:46,579:INFO: [TRAIN] Step: 449 ; Loss: 16.447 ; Acc: 51.787
2018-09-19 15:47:46,654:INFO: [TRAIN] Step: 450 ; Loss: 15.863 ; Acc: 51.857
2018-09-19 15:47:46,733:INFO: [TRAIN] Step: 451 ; Loss: 22.603 ; Acc: 51.844
2018-09-19 15:47:46,804:INFO: [TRAIN] Step: 452 ; Loss: 18.460 ; Acc: 51.876
2018-09-19 15:47:46,878:INFO: [TRAIN] Step: 453 ; Loss: 17.346 ; Acc: 51.891
2018-09-19 15:47:46,952:INFO: [TRAIN] Step: 454 ; Loss: 21.368 ; Acc: 51.877
2018-09-19 15:47:47,026:INFO: [TRAIN] Step: 455 ; Loss: 18.443 ; Acc: 51.891
2018-09-19 15:47:47,098:INFO: [TRAIN] Step: 456 ; Loss: 20.383 ; Acc: 51.924
2018-09-19 15:47:47,180:INFO: [TRAIN] Step: 457 ; Loss: 22.725 ; Acc: 51.920
2018-09-19 15:47:47,251:INFO: [TRAIN] Step: 458 ; Loss: 18.831 ; Acc: 51.970
2018-09-19 15:47:47,329:INFO: [TRAIN] Step: 459 ; Loss: 23.889 ; Acc: 51.957
2018-09-19 15:47:47,408:INFO: [TRAIN] Step: 460 ; Loss: 17.985 ; Acc: 52.007
2018-09-19 15:47:47,491:INFO: [TRAIN] Step: 461 ; Loss: 18.542 ; Acc: 52.020
2018-09-19 15:47:47,570:INFO: [TRAIN] Step: 462 ; Loss: 19.216 ; Acc: 52.025
2018-09-19 15:47:47,650:INFO: [TRAIN] Step: 463 ; Loss: 17.599 ; Acc: 52.038
2018-09-19 15:47:47,722:INFO: [TRAIN] Step: 464 ; Loss: 15.862 ; Acc: 52.061
2018-09-19 15:47:47,801:INFO: [TRAIN] Step: 465 ; Loss: 18.229 ; Acc: 52.065
2018-09-19 15:47:47,875:INFO: [TRAIN] Step: 466 ; Loss: 17.004 ; Acc: 52.088
2018-09-19 15:47:47,955:INFO: [TRAIN] Step: 467 ; Loss: 27.354 ; Acc: 52.057
2018-09-19 15:47:48,028:INFO: [TRAIN] Step: 468 ; Loss: 18.280 ; Acc: 52.070
2018-09-19 15:47:48,107:INFO: [TRAIN] Step: 469 ; Loss: 20.475 ; Acc: 52.066
2018-09-19 15:47:48,177:INFO: [TRAIN] Step: 470 ; Loss: 19.906 ; Acc: 52.079
2018-09-19 15:47:48,253:INFO: [TRAIN] Step: 471 ; Loss: 17.456 ; Acc: 52.110
2018-09-19 15:47:48,323:INFO: [TRAIN] Step: 472 ; Loss: 18.546 ; Acc: 52.114
2018-09-19 15:47:48,400:INFO: [TRAIN] Step: 473 ; Loss: 21.351 ; Acc: 52.127
2018-09-19 15:47:48,479:INFO: [TRAIN] Step: 474 ; Loss: 20.556 ; Acc: 52.105
2018-09-19 15:47:48,556:INFO: [TRAIN] Step: 475 ; Loss: 18.957 ; Acc: 52.101
2018-09-19 15:47:48,629:INFO: [TRAIN] Step: 476 ; Loss: 24.193 ; Acc: 52.088
2018-09-19 15:47:48,705:INFO: [TRAIN] Step: 477 ; Loss: 16.889 ; Acc: 52.101
2018-09-19 15:47:48,777:INFO: [TRAIN] Step: 478 ; Loss: 18.546 ; Acc: 52.096
2018-09-19 15:47:48,856:INFO: [TRAIN] Step: 479 ; Loss: 19.966 ; Acc: 52.144
2018-09-19 15:47:48,926:INFO: [TRAIN] Step: 480 ; Loss: 18.284 ; Acc: 52.148
2018-09-19 15:47:49,006:INFO: [TRAIN] Step: 481 ; Loss: 25.661 ; Acc: 52.127
2018-09-19 15:47:49,080:INFO: [TRAIN] Step: 482 ; Loss: 19.321 ; Acc: 52.131
2018-09-19 15:47:49,159:INFO: [TRAIN] Step: 483 ; Loss: 22.643 ; Acc: 52.126
2018-09-19 15:47:49,232:INFO: [TRAIN] Step: 484 ; Loss: 20.742 ; Acc: 52.122
2018-09-19 15:47:49,307:INFO: [TRAIN] Step: 485 ; Loss: 17.653 ; Acc: 52.160
2018-09-19 15:47:49,378:INFO: [TRAIN] Step: 486 ; Loss: 20.282 ; Acc: 52.156
2018-09-19 15:47:49,455:INFO: [TRAIN] Step: 487 ; Loss: 19.206 ; Acc: 52.160
2018-09-19 15:47:49,531:INFO: [TRAIN] Step: 488 ; Loss: 23.458 ; Acc: 52.156
2018-09-19 15:47:49,607:INFO: [TRAIN] Step: 489 ; Loss: 18.246 ; Acc: 52.160
2018-09-19 15:47:49,679:INFO: [TRAIN] Step: 490 ; Loss: 17.156 ; Acc: 52.198
2018-09-19 15:47:49,756:INFO: [TRAIN] Step: 491 ; Loss: 21.459 ; Acc: 52.193
2018-09-19 15:47:49,828:INFO: [TRAIN] Step: 492 ; Loss: 15.788 ; Acc: 52.231
2018-09-19 15:47:49,903:INFO: [TRAIN] Step: 493 ; Loss: 17.668 ; Acc: 52.260
2018-09-19 15:47:49,976:INFO: [TRAIN] Step: 494 ; Loss: 25.088 ; Acc: 52.247
2018-09-19 15:47:50,055:INFO: [TRAIN] Step: 495 ; Loss: 21.003 ; Acc: 52.243
2018-09-19 15:47:50,128:INFO: [TRAIN] Step: 496 ; Loss: 20.860 ; Acc: 52.247
2018-09-19 15:47:50,205:INFO: [TRAIN] Step: 497 ; Loss: 20.353 ; Acc: 52.226
2018-09-19 15:47:50,278:INFO: [TRAIN] Step: 498 ; Loss: 21.704 ; Acc: 52.229
2018-09-19 15:47:50,354:INFO: [TRAIN] Step: 499 ; Loss: 18.887 ; Acc: 52.250
2018-09-19 15:47:50,426:INFO: [TRAIN] Step: 500 ; Loss: 20.214 ; Acc: 52.270
2018-09-19 15:47:50,502:INFO: [TRAIN] Step: 501 ; Loss: 17.196 ; Acc: 52.324
2018-09-19 15:47:50,576:INFO: [TRAIN] Step: 502 ; Loss: 22.236 ; Acc: 52.319
2018-09-19 15:47:50,652:INFO: [TRAIN] Step: 503 ; Loss: 21.333 ; Acc: 52.373
2018-09-19 15:47:50,724:INFO: [TRAIN] Step: 504 ; Loss: 18.938 ; Acc: 52.401
2018-09-19 15:47:50,798:INFO: [TRAIN] Step: 505 ; Loss: 23.963 ; Acc: 52.380
2018-09-19 15:47:50,869:INFO: [TRAIN] Step: 506 ; Loss: 18.784 ; Acc: 52.408
2018-09-19 15:47:50,948:INFO: [TRAIN] Step: 507 ; Loss: 19.705 ; Acc: 52.403
2018-09-19 15:47:51,020:INFO: [TRAIN] Step: 508 ; Loss: 18.121 ; Acc: 52.407
2018-09-19 15:47:51,098:INFO: [TRAIN] Step: 509 ; Loss: 19.613 ; Acc: 52.410
2018-09-19 15:47:51,168:INFO: [TRAIN] Step: 510 ; Loss: 22.811 ; Acc: 52.422
2018-09-19 15:47:51,245:INFO: [TRAIN] Step: 511 ; Loss: 22.609 ; Acc: 52.441
2018-09-19 15:47:51,317:INFO: [TRAIN] Step: 512 ; Loss: 29.322 ; Acc: 52.420
2018-09-19 15:47:51,394:INFO: [TRAIN] Step: 513 ; Loss: 18.877 ; Acc: 52.440
2018-09-19 15:47:51,466:INFO: [TRAIN] Step: 514 ; Loss: 25.688 ; Acc: 52.419
2018-09-19 15:47:51,541:INFO: [TRAIN] Step: 515 ; Loss: 18.253 ; Acc: 52.422
2018-09-19 15:47:51,621:INFO: [TRAIN] Step: 516 ; Loss: 24.288 ; Acc: 52.402
2018-09-19 15:47:51,699:INFO: [TRAIN] Step: 517 ; Loss: 21.215 ; Acc: 52.413
2018-09-19 15:47:51,773:INFO: [TRAIN] Step: 518 ; Loss: 24.031 ; Acc: 52.417
2018-09-19 15:47:51,847:INFO: [TRAIN] Step: 519 ; Loss: 18.528 ; Acc: 52.436
2018-09-19 15:47:51,918:INFO: [TRAIN] Step: 520 ; Loss: 21.964 ; Acc: 52.455
2018-09-19 15:47:51,995:INFO: [TRAIN] Step: 521 ; Loss: 20.694 ; Acc: 52.482
2018-09-19 15:47:52,068:INFO: [TRAIN] Step: 522 ; Loss: 15.699 ; Acc: 52.525
2018-09-19 15:47:52,147:INFO: [TRAIN] Step: 523 ; Loss: 21.071 ; Acc: 52.552
2018-09-19 15:47:52,220:INFO: [TRAIN] Step: 524 ; Loss: 18.731 ; Acc: 52.595
2018-09-19 15:47:52,295:INFO: [TRAIN] Step: 525 ; Loss: 16.681 ; Acc: 52.622
2018-09-19 15:47:52,366:INFO: [TRAIN] Step: 526 ; Loss: 19.114 ; Acc: 52.664
2018-09-19 15:47:52,446:INFO: [TRAIN] Step: 527 ; Loss: 21.582 ; Acc: 52.683
2018-09-19 15:47:52,517:INFO: [TRAIN] Step: 528 ; Loss: 22.704 ; Acc: 52.678
2018-09-19 15:47:52,592:INFO: [TRAIN] Step: 529 ; Loss: 15.867 ; Acc: 52.689
2018-09-19 15:47:52,663:INFO: [TRAIN] Step: 530 ; Loss: 23.319 ; Acc: 52.691
2018-09-19 15:47:52,741:INFO: [TRAIN] Step: 531 ; Loss: 23.326 ; Acc: 52.702
2018-09-19 15:47:52,812:INFO: [TRAIN] Step: 532 ; Loss: 19.859 ; Acc: 52.736
2018-09-19 15:47:52,889:INFO: [TRAIN] Step: 533 ; Loss: 16.519 ; Acc: 52.747
2018-09-19 15:47:52,960:INFO: [TRAIN] Step: 534 ; Loss: 20.927 ; Acc: 52.749
2018-09-19 15:47:53,040:INFO: [TRAIN] Step: 535 ; Loss: 24.107 ; Acc: 52.721
2018-09-19 15:47:53,110:INFO: [TRAIN] Step: 536 ; Loss: 21.401 ; Acc: 52.739
2018-09-19 15:47:53,190:INFO: [TRAIN] Step: 537 ; Loss: 20.878 ; Acc: 52.749
2018-09-19 15:47:53,265:INFO: [TRAIN] Step: 538 ; Loss: 21.921 ; Acc: 52.752
2018-09-19 15:47:53,338:INFO: [TRAIN] Step: 539 ; Loss: 17.294 ; Acc: 52.793
2018-09-19 15:47:53,413:INFO: [TRAIN] Step: 540 ; Loss: 22.509 ; Acc: 52.796
2018-09-19 15:47:53,491:INFO: [TRAIN] Step: 541 ; Loss: 24.069 ; Acc: 52.783
2018-09-19 15:47:53,564:INFO: [TRAIN] Step: 542 ; Loss: 16.869 ; Acc: 52.808
2018-09-19 15:47:53,647:INFO: [TRAIN] Step: 543 ; Loss: 14.939 ; Acc: 52.849
2018-09-19 15:47:53,722:INFO: [TRAIN] Step: 544 ; Loss: 20.141 ; Acc: 52.882
2018-09-19 15:47:53,804:INFO: [TRAIN] Step: 545 ; Loss: 16.578 ; Acc: 52.900
2018-09-19 15:47:53,875:INFO: [TRAIN] Step: 546 ; Loss: 20.682 ; Acc: 52.902
2018-09-19 15:47:53,953:INFO: [TRAIN] Step: 547 ; Loss: 16.820 ; Acc: 52.935
2018-09-19 15:47:54,027:INFO: [TRAIN] Step: 548 ; Loss: 20.593 ; Acc: 52.937
2018-09-19 15:47:54,107:INFO: [TRAIN] Step: 549 ; Loss: 23.252 ; Acc: 52.924
2018-09-19 15:47:54,178:INFO: [TRAIN] Step: 550 ; Loss: 17.162 ; Acc: 52.942
2018-09-19 15:47:54,255:INFO: [TRAIN] Step: 551 ; Loss: 26.588 ; Acc: 52.929
2018-09-19 15:47:54,331:INFO: [TRAIN] Step: 552 ; Loss: 17.938 ; Acc: 52.961
2018-09-19 15:47:54,407:INFO: [TRAIN] Step: 553 ; Loss: 21.864 ; Acc: 52.948
2018-09-19 15:47:54,479:INFO: [TRAIN] Step: 554 ; Loss: 20.959 ; Acc: 52.965
2018-09-19 15:47:54,556:INFO: [TRAIN] Step: 555 ; Loss: 19.892 ; Acc: 52.998
2018-09-19 15:47:54,626:INFO: [TRAIN] Step: 556 ; Loss: 20.970 ; Acc: 53.007
2018-09-19 15:47:54,704:INFO: [TRAIN] Step: 557 ; Loss: 26.644 ; Acc: 52.987
2018-09-19 15:47:54,773:INFO: [TRAIN] Step: 558 ; Loss: 19.324 ; Acc: 52.989
2018-09-19 15:47:54,854:INFO: [TRAIN] Step: 559 ; Loss: 18.177 ; Acc: 53.021
2018-09-19 15:47:54,950:INFO: [TRAIN] Step: 560 ; Loss: 19.956 ; Acc: 53.015
2018-09-19 15:47:55,036:INFO: [TRAIN] Step: 561 ; Loss: 18.060 ; Acc: 53.040
2018-09-19 15:47:55,106:INFO: [TRAIN] Step: 562 ; Loss: 21.448 ; Acc: 53.042
2018-09-19 15:47:55,183:INFO: [TRAIN] Step: 563 ; Loss: 26.532 ; Acc: 53.022
2018-09-19 15:47:55,254:INFO: [TRAIN] Step: 564 ; Loss: 17.069 ; Acc: 53.053
2018-09-19 15:47:55,333:INFO: [TRAIN] Step: 565 ; Loss: 20.145 ; Acc: 53.055
2018-09-19 15:47:55,403:INFO: [TRAIN] Step: 566 ; Loss: 20.182 ; Acc: 53.072
2018-09-19 15:47:55,480:INFO: [TRAIN] Step: 567 ; Loss: 21.031 ; Acc: 53.103
2018-09-19 15:47:55,553:INFO: [TRAIN] Step: 568 ; Loss: 24.685 ; Acc: 53.076
2018-09-19 15:47:55,631:INFO: [TRAIN] Step: 569 ; Loss: 16.244 ; Acc: 53.092
2018-09-19 15:47:55,703:INFO: [TRAIN] Step: 570 ; Loss: 19.773 ; Acc: 53.116
2018-09-19 15:47:55,781:INFO: [TRAIN] Step: 571 ; Loss: 20.409 ; Acc: 53.140
2018-09-19 15:47:55,858:INFO: [TRAIN] Step: 572 ; Loss: 23.931 ; Acc: 53.141
2018-09-19 15:47:55,935:INFO: [TRAIN] Step: 573 ; Loss: 13.865 ; Acc: 53.194
2018-09-19 15:47:56,009:INFO: [TRAIN] Step: 574 ; Loss: 19.283 ; Acc: 53.188
2018-09-19 15:47:56,084:INFO: [TRAIN] Step: 575 ; Loss: 26.090 ; Acc: 53.161
2018-09-19 15:47:56,157:INFO: [TRAIN] Step: 576 ; Loss: 16.697 ; Acc: 53.177
2018-09-19 15:47:56,232:INFO: [TRAIN] Step: 577 ; Loss: 18.110 ; Acc: 53.165
2018-09-19 15:47:56,302:INFO: [TRAIN] Step: 578 ; Loss: 20.447 ; Acc: 53.166
2018-09-19 15:47:56,381:INFO: [TRAIN] Step: 579 ; Loss: 25.577 ; Acc: 53.154
2018-09-19 15:47:56,456:INFO: [TRAIN] Step: 580 ; Loss: 13.794 ; Acc: 53.177
2018-09-19 15:47:56,534:INFO: [TRAIN] Step: 581 ; Loss: 20.693 ; Acc: 53.179
2018-09-19 15:47:56,606:INFO: [TRAIN] Step: 582 ; Loss: 18.897 ; Acc: 53.195
2018-09-19 15:47:56,682:INFO: [TRAIN] Step: 583 ; Loss: 23.457 ; Acc: 53.182
2018-09-19 15:47:56,755:INFO: [TRAIN] Step: 584 ; Loss: 18.161 ; Acc: 53.191
2018-09-19 15:47:56,832:INFO: [TRAIN] Step: 585 ; Loss: 18.944 ; Acc: 53.221
2018-09-19 15:47:56,904:INFO: [TRAIN] Step: 586 ; Loss: 16.134 ; Acc: 53.237
2018-09-19 15:47:56,981:INFO: [TRAIN] Step: 587 ; Loss: 24.332 ; Acc: 53.217
2018-09-19 15:47:57,053:INFO: [TRAIN] Step: 588 ; Loss: 17.854 ; Acc: 53.233
2018-09-19 15:47:57,129:INFO: [TRAIN] Step: 589 ; Loss: 20.694 ; Acc: 53.249
2018-09-19 15:47:57,200:INFO: [TRAIN] Step: 590 ; Loss: 19.596 ; Acc: 53.250
2018-09-19 15:47:57,279:INFO: [TRAIN] Step: 591 ; Loss: 22.572 ; Acc: 53.266
2018-09-19 15:47:57,349:INFO: [TRAIN] Step: 592 ; Loss: 22.616 ; Acc: 53.260
2018-09-19 15:47:57,425:INFO: [TRAIN] Step: 593 ; Loss: 12.241 ; Acc: 53.318
2018-09-19 15:47:57,499:INFO: [TRAIN] Step: 594 ; Loss: 21.854 ; Acc: 53.305
2018-09-19 15:47:57,575:INFO: [TRAIN] Step: 595 ; Loss: 19.357 ; Acc: 53.335
2018-09-19 15:47:57,647:INFO: [TRAIN] Step: 596 ; Loss: 17.356 ; Acc: 53.350
2018-09-19 15:47:57,723:INFO: [TRAIN] Step: 597 ; Loss: 17.185 ; Acc: 53.365
2018-09-19 15:47:57,796:INFO: [TRAIN] Step: 598 ; Loss: 20.184 ; Acc: 53.402
2018-09-19 15:47:57,872:INFO: [TRAIN] Step: 599 ; Loss: 17.842 ; Acc: 53.438
2018-09-19 15:47:57,944:INFO: [TRAIN] Step: 600 ; Loss: 23.144 ; Acc: 53.432
2018-09-19 15:47:58,022:INFO: [TRAIN] Step: 601 ; Loss: 21.744 ; Acc: 53.440
2018-09-19 15:47:58,094:INFO: [TRAIN] Step: 602 ; Loss: 22.364 ; Acc: 53.448
2018-09-19 15:47:58,171:INFO: [TRAIN] Step: 603 ; Loss: 17.182 ; Acc: 53.449
2018-09-19 15:47:58,244:INFO: [TRAIN] Step: 604 ; Loss: 17.705 ; Acc: 53.437
2018-09-19 15:47:58,319:INFO: [TRAIN] Step: 605 ; Loss: 12.356 ; Acc: 53.479
2018-09-19 15:47:58,390:INFO: [TRAIN] Step: 606 ; Loss: 23.482 ; Acc: 53.460
2018-09-19 15:47:58,466:INFO: [TRAIN] Step: 607 ; Loss: 26.453 ; Acc: 53.440
2018-09-19 15:47:58,544:INFO: [TRAIN] Step: 608 ; Loss: 18.530 ; Acc: 53.476
2018-09-19 15:47:58,619:INFO: [TRAIN] Step: 609 ; Loss: 16.221 ; Acc: 53.518
2018-09-19 15:47:58,690:INFO: [TRAIN] Step: 610 ; Loss: 23.971 ; Acc: 53.512
2018-09-19 15:47:58,767:INFO: [TRAIN] Step: 611 ; Loss: 18.468 ; Acc: 53.533
2018-09-19 15:47:58,839:INFO: [TRAIN] Step: 612 ; Loss: 17.817 ; Acc: 53.514
2018-09-19 15:47:58,915:INFO: [TRAIN] Step: 613 ; Loss: 16.787 ; Acc: 53.536
2018-09-19 15:47:58,988:INFO: [TRAIN] Step: 614 ; Loss: 14.145 ; Acc: 53.570
2018-09-19 15:47:59,070:INFO: [TRAIN] Step: 615 ; Loss: 16.944 ; Acc: 53.571
2018-09-19 15:47:59,145:INFO: [TRAIN] Step: 616 ; Loss: 20.070 ; Acc: 53.572
2018-09-19 15:47:59,222:INFO: [TRAIN] Step: 617 ; Loss: 18.500 ; Acc: 53.580
2018-09-19 15:47:59,302:INFO: [TRAIN] Step: 618 ; Loss: 23.466 ; Acc: 53.561
2018-09-19 15:47:59,379:INFO: [TRAIN] Step: 619 ; Loss: 21.471 ; Acc: 53.562
2018-09-19 15:47:59,458:INFO: [TRAIN] Step: 620 ; Loss: 18.991 ; Acc: 53.576
2018-09-19 15:47:59,533:INFO: [TRAIN] Step: 621 ; Loss: 19.970 ; Acc: 53.584
2018-09-19 15:47:59,606:INFO: [TRAIN] Step: 622 ; Loss: 19.341 ; Acc: 53.598
2018-09-19 15:47:59,681:INFO: [TRAIN] Step: 623 ; Loss: 19.437 ; Acc: 53.619
2018-09-19 15:47:59,753:INFO: [TRAIN] Step: 624 ; Loss: 17.476 ; Acc: 53.613
2018-09-19 15:47:59,831:INFO: [TRAIN] Step: 625 ; Loss: 23.343 ; Acc: 53.608
2018-09-19 15:47:59,903:INFO: [TRAIN] Step: 626 ; Loss: 24.793 ; Acc: 53.622
2018-09-19 15:47:59,982:INFO: [TRAIN] Step: 627 ; Loss: 21.825 ; Acc: 53.629
2018-09-19 15:48:00,056:INFO: [TRAIN] Step: 628 ; Loss: 25.445 ; Acc: 53.610
2018-09-19 15:48:00,131:INFO: [TRAIN] Step: 629 ; Loss: 16.442 ; Acc: 53.624
2018-09-19 15:48:00,204:INFO: [TRAIN] Step: 630 ; Loss: 20.701 ; Acc: 53.625
2018-09-19 15:48:00,283:INFO: [TRAIN] Step: 631 ; Loss: 15.495 ; Acc: 53.639
2018-09-19 15:48:00,357:INFO: [TRAIN] Step: 632 ; Loss: 22.497 ; Acc: 53.640
2018-09-19 15:48:00,433:INFO: [TRAIN] Step: 633 ; Loss: 22.662 ; Acc: 53.628
2018-09-19 15:48:00,503:INFO: [TRAIN] Step: 634 ; Loss: 20.928 ; Acc: 53.648
2018-09-19 15:48:00,580:INFO: [TRAIN] Step: 635 ; Loss: 21.193 ; Acc: 53.649
2018-09-19 15:48:00,653:INFO: [TRAIN] Step: 636 ; Loss: 17.129 ; Acc: 53.676
2018-09-19 15:48:00,735:INFO: [TRAIN] Step: 637 ; Loss: 24.898 ; Acc: 53.677
2018-09-19 15:48:00,811:INFO: [TRAIN] Step: 638 ; Loss: 13.510 ; Acc: 53.704
2018-09-19 15:48:00,889:INFO: [TRAIN] Step: 639 ; Loss: 19.397 ; Acc: 53.724
2018-09-19 15:48:00,960:INFO: [TRAIN] Step: 640 ; Loss: 18.923 ; Acc: 53.744
2018-09-19 15:48:01,038:INFO: [TRAIN] Step: 641 ; Loss: 19.857 ; Acc: 53.751
2018-09-19 15:48:01,111:INFO: [TRAIN] Step: 642 ; Loss: 19.180 ; Acc: 53.784
2018-09-19 15:48:01,188:INFO: [TRAIN] Step: 643 ; Loss: 24.303 ; Acc: 53.778
2018-09-19 15:48:01,265:INFO: [TRAIN] Step: 644 ; Loss: 20.425 ; Acc: 53.786
2018-09-19 15:48:01,341:INFO: [TRAIN] Step: 645 ; Loss: 18.109 ; Acc: 53.793
2018-09-19 15:48:01,413:INFO: [TRAIN] Step: 646 ; Loss: 22.245 ; Acc: 53.787
2018-09-19 15:48:01,489:INFO: [TRAIN] Step: 647 ; Loss: 16.332 ; Acc: 53.800
2018-09-19 15:48:01,559:INFO: [TRAIN] Step: 648 ; Loss: 17.658 ; Acc: 53.833
2018-09-19 15:48:01,635:INFO: [TRAIN] Step: 649 ; Loss: 21.885 ; Acc: 53.827
2018-09-19 15:48:01,706:INFO: [TRAIN] Step: 650 ; Loss: 21.512 ; Acc: 53.840
2018-09-19 15:48:01,787:INFO: [TRAIN] Step: 651 ; Loss: 16.523 ; Acc: 53.847
2018-09-19 15:48:01,858:INFO: [TRAIN] Step: 652 ; Loss: 15.727 ; Acc: 53.835
2018-09-19 15:48:01,936:INFO: [TRAIN] Step: 653 ; Loss: 19.608 ; Acc: 53.842
2018-09-19 15:48:02,008:INFO: [TRAIN] Step: 654 ; Loss: 13.700 ; Acc: 53.868
2018-09-19 15:48:02,086:INFO: [TRAIN] Step: 655 ; Loss: 18.380 ; Acc: 53.881
2018-09-19 15:48:02,155:INFO: [TRAIN] Step: 656 ; Loss: 17.452 ; Acc: 53.888
2018-09-19 15:48:02,232:INFO: [TRAIN] Step: 657 ; Loss: 20.433 ; Acc: 53.888
2018-09-19 15:48:02,308:INFO: [TRAIN] Step: 658 ; Loss: 21.212 ; Acc: 53.895
2018-09-19 15:48:02,391:INFO: [TRAIN] Step: 659 ; Loss: 24.177 ; Acc: 53.902
2018-09-19 15:48:02,462:INFO: [TRAIN] Step: 660 ; Loss: 16.610 ; Acc: 53.908
2018-09-19 15:48:02,546:INFO: [TRAIN] Step: 661 ; Loss: 27.359 ; Acc: 53.902
2018-09-19 15:48:02,618:INFO: [TRAIN] Step: 662 ; Loss: 15.504 ; Acc: 53.915
2018-09-19 15:48:02,698:INFO: [TRAIN] Step: 663 ; Loss: 23.003 ; Acc: 53.897
2018-09-19 15:48:02,777:INFO: [TRAIN] Step: 664 ; Loss: 16.518 ; Acc: 53.910
2018-09-19 15:48:02,856:INFO: [TRAIN] Step: 665 ; Loss: 20.290 ; Acc: 53.916
2018-09-19 15:48:02,926:INFO: [TRAIN] Step: 666 ; Loss: 18.267 ; Acc: 53.948
2018-09-19 15:48:03,003:INFO: [TRAIN] Step: 667 ; Loss: 18.652 ; Acc: 53.961
2018-09-19 15:48:03,076:INFO: [TRAIN] Step: 668 ; Loss: 18.615 ; Acc: 53.974
2018-09-19 15:48:03,152:INFO: [TRAIN] Step: 669 ; Loss: 16.516 ; Acc: 53.999
2018-09-19 15:48:03,224:INFO: [TRAIN] Step: 670 ; Loss: 17.182 ; Acc: 54.018
2018-09-19 15:48:03,306:INFO: [TRAIN] Step: 671 ; Loss: 17.531 ; Acc: 54.024
2018-09-19 15:48:03,379:INFO: [TRAIN] Step: 672 ; Loss: 23.499 ; Acc: 54.024
2018-09-19 15:48:03,457:INFO: [TRAIN] Step: 673 ; Loss: 23.991 ; Acc: 54.012
2018-09-19 15:48:03,530:INFO: [TRAIN] Step: 674 ; Loss: 20.889 ; Acc: 54.012
2018-09-19 15:48:03,605:INFO: [TRAIN] Step: 675 ; Loss: 18.008 ; Acc: 54.031
2018-09-19 15:48:03,680:INFO: [TRAIN] Step: 676 ; Loss: 22.458 ; Acc: 54.031
2018-09-19 15:48:03,759:INFO: [TRAIN] Step: 677 ; Loss: 20.435 ; Acc: 54.044
2018-09-19 15:48:03,834:INFO: [TRAIN] Step: 678 ; Loss: 20.124 ; Acc: 54.050
2018-09-19 15:48:03,913:INFO: [TRAIN] Step: 679 ; Loss: 16.238 ; Acc: 54.075
2018-09-19 15:48:03,988:INFO: [TRAIN] Step: 680 ; Loss: 19.461 ; Acc: 54.081
2018-09-19 15:48:04,075:INFO: [TRAIN] Step: 681 ; Loss: 16.387 ; Acc: 54.093
2018-09-19 15:48:04,149:INFO: [TRAIN] Step: 682 ; Loss: 17.561 ; Acc: 54.106
2018-09-19 15:48:04,228:INFO: [TRAIN] Step: 683 ; Loss: 16.160 ; Acc: 54.112
2018-09-19 15:48:04,302:INFO: [TRAIN] Step: 684 ; Loss: 22.044 ; Acc: 54.106
2018-09-19 15:48:04,384:INFO: [TRAIN] Step: 685 ; Loss: 19.007 ; Acc: 54.118
2018-09-19 15:48:04,461:INFO: [TRAIN] Step: 686 ; Loss: 21.835 ; Acc: 54.118
2018-09-19 15:48:04,541:INFO: [TRAIN] Step: 687 ; Loss: 15.941 ; Acc: 54.130
2018-09-19 15:48:04,617:INFO: [TRAIN] Step: 688 ; Loss: 20.736 ; Acc: 54.130
2018-09-19 15:48:04,696:INFO: [TRAIN] Step: 689 ; Loss: 24.372 ; Acc: 54.118
2018-09-19 15:48:04,773:INFO: [TRAIN] Step: 690 ; Loss: 18.945 ; Acc: 54.112
2018-09-19 15:48:04,856:INFO: [TRAIN] Step: 691 ; Loss: 17.582 ; Acc: 54.131
2018-09-19 15:48:04,937:INFO: [TRAIN] Step: 692 ; Loss: 16.906 ; Acc: 54.149
2018-09-19 15:48:05,021:INFO: [TRAIN] Step: 693 ; Loss: 20.495 ; Acc: 54.149
2018-09-19 15:48:05,123:INFO: [TRAIN] Step: 694 ; Loss: 20.829 ; Acc: 54.143
2018-09-19 15:48:05,214:INFO: [TRAIN] Step: 695 ; Loss: 24.459 ; Acc: 54.143
2018-09-19 15:48:05,292:INFO: [TRAIN] Step: 696 ; Loss: 20.065 ; Acc: 54.137
2018-09-19 15:48:05,377:INFO: [TRAIN] Step: 697 ; Loss: 21.303 ; Acc: 54.131
2018-09-19 15:48:05,459:INFO: [TRAIN] Step: 698 ; Loss: 21.774 ; Acc: 54.119
2018-09-19 15:48:05,544:INFO: [TRAIN] Step: 699 ; Loss: 19.840 ; Acc: 54.113
2018-09-19 15:48:05,630:INFO: [TRAIN] Step: 700 ; Loss: 16.104 ; Acc: 54.119
2018-09-19 15:48:05,716:INFO: [TRAIN] Step: 701 ; Loss: 16.615 ; Acc: 54.143
2018-09-19 15:48:05,803:INFO: [TRAIN] Step: 702 ; Loss: 24.639 ; Acc: 54.149
2018-09-19 15:48:05,895:INFO: [TRAIN] Step: 703 ; Loss: 16.825 ; Acc: 54.155
2018-09-19 15:48:05,980:INFO: [TRAIN] Step: 704 ; Loss: 18.993 ; Acc: 54.137
2018-09-19 15:48:06,069:INFO: [TRAIN] Step: 705 ; Loss: 18.003 ; Acc: 54.155
2018-09-19 15:48:06,157:INFO: [TRAIN] Step: 706 ; Loss: 16.073 ; Acc: 54.184
2018-09-19 15:48:06,247:INFO: [TRAIN] Step: 707 ; Loss: 17.590 ; Acc: 54.220
2018-09-19 15:48:06,332:INFO: [TRAIN] Step: 708 ; Loss: 15.483 ; Acc: 54.255
2018-09-19 15:48:06,425:INFO: [TRAIN] Step: 709 ; Loss: 14.253 ; Acc: 54.290
2018-09-19 15:48:06,513:INFO: [TRAIN] Step: 710 ; Loss: 19.997 ; Acc: 54.296
2018-09-19 15:48:06,608:INFO: [TRAIN] Step: 711 ; Loss: 20.236 ; Acc: 54.295
2018-09-19 15:48:06,697:INFO: [TRAIN] Step: 712 ; Loss: 14.673 ; Acc: 54.324
2018-09-19 15:48:06,794:INFO: [TRAIN] Step: 713 ; Loss: 23.044 ; Acc: 54.318
2018-09-19 15:48:06,881:INFO: [TRAIN] Step: 714 ; Loss: 24.126 ; Acc: 54.324
2018-09-19 15:48:06,975:INFO: [TRAIN] Step: 715 ; Loss: 17.812 ; Acc: 54.347
2018-09-19 15:48:07,070:INFO: [TRAIN] Step: 716 ; Loss: 15.667 ; Acc: 54.376
2018-09-19 15:48:07,211:INFO: [TRAIN] Step: 717 ; Loss: 14.118 ; Acc: 54.399
2018-09-19 15:48:07,306:INFO: [TRAIN] Step: 718 ; Loss: 17.487 ; Acc: 54.416
2018-09-19 15:48:07,421:INFO: [TRAIN] Step: 719 ; Loss: 18.338 ; Acc: 54.427
2018-09-19 15:48:07,520:INFO: [TRAIN] Step: 720 ; Loss: 20.014 ; Acc: 54.421
2018-09-19 15:48:07,642:INFO: [TRAIN] Step: 721 ; Loss: 16.639 ; Acc: 54.403
2018-09-19 15:48:07,747:INFO: [TRAIN] Step: 722 ; Loss: 17.250 ; Acc: 54.409
2018-09-19 15:48:07,847:INFO: [TRAIN] Step: 723 ; Loss: 19.140 ; Acc: 54.431
2018-09-19 15:48:07,955:INFO: [TRAIN] Step: 724 ; Loss: 19.773 ; Acc: 54.448
2018-09-19 15:48:08,054:INFO: [TRAIN] Step: 725 ; Loss: 15.467 ; Acc: 54.482
2018-09-19 15:48:08,157:INFO: [TRAIN] Step: 726 ; Loss: 15.765 ; Acc: 54.516
2018-09-19 15:48:08,261:INFO: [TRAIN] Step: 727 ; Loss: 20.580 ; Acc: 54.516
2018-09-19 15:48:08,362:INFO: [TRAIN] Step: 728 ; Loss: 22.021 ; Acc: 54.498
2018-09-19 15:48:08,471:INFO: [TRAIN] Step: 729 ; Loss: 16.915 ; Acc: 54.509
2018-09-19 15:48:08,584:INFO: [TRAIN] Step: 730 ; Loss: 14.387 ; Acc: 54.531
2018-09-19 15:48:08,690:INFO: [TRAIN] Step: 731 ; Loss: 16.223 ; Acc: 54.542
2018-09-19 15:48:08,817:INFO: [TRAIN] Step: 732 ; Loss: 17.000 ; Acc: 54.570
2018-09-19 15:48:08,928:INFO: [TRAIN] Step: 733 ; Loss: 22.171 ; Acc: 54.575
2018-09-19 15:48:09,053:INFO: [TRAIN] Step: 734 ; Loss: 24.010 ; Acc: 54.569
2018-09-19 15:48:09,178:INFO: [TRAIN] Step: 735 ; Loss: 22.204 ; Acc: 54.574
2018-09-19 15:48:09,289:INFO: [TRAIN] Step: 736 ; Loss: 17.722 ; Acc: 54.596
2018-09-19 15:48:09,397:INFO: [TRAIN] Step: 737 ; Loss: 14.785 ; Acc: 54.618
2018-09-19 15:48:09,506:INFO: [TRAIN] Step: 738 ; Loss: 22.256 ; Acc: 54.606
2018-09-19 15:48:09,615:INFO: [TRAIN] Step: 739 ; Loss: 16.157 ; Acc: 54.617
2018-09-19 15:48:09,728:INFO: [TRAIN] Step: 740 ; Loss: 17.309 ; Acc: 54.645
2018-09-19 15:48:09,840:INFO: [TRAIN] Step: 741 ; Loss: 15.053 ; Acc: 54.666
2018-09-19 15:48:09,960:INFO: [TRAIN] Step: 742 ; Loss: 20.159 ; Acc: 54.683
2018-09-19 15:48:10,086:INFO: [TRAIN] Step: 743 ; Loss: 17.074 ; Acc: 54.704
2018-09-19 15:48:10,209:INFO: [TRAIN] Step: 744 ; Loss: 15.966 ; Acc: 54.720
2018-09-19 15:48:10,330:INFO: [TRAIN] Step: 745 ; Loss: 23.021 ; Acc: 54.731
2018-09-19 15:48:10,438:INFO: [TRAIN] Step: 746 ; Loss: 21.051 ; Acc: 54.741
2018-09-19 15:48:10,545:INFO: [TRAIN] Step: 747 ; Loss: 18.057 ; Acc: 54.757
2018-09-19 15:48:10,655:INFO: [TRAIN] Step: 748 ; Loss: 17.366 ; Acc: 54.756
2018-09-19 15:48:10,776:INFO: [TRAIN] Step: 749 ; Loss: 20.659 ; Acc: 54.772
2018-09-19 15:48:10,890:INFO: [TRAIN] Step: 750 ; Loss: 18.763 ; Acc: 54.766
2018-09-19 15:48:11,002:INFO: [TRAIN] Step: 751 ; Loss: 17.317 ; Acc: 54.776
2018-09-19 15:48:11,118:INFO: [TRAIN] Step: 752 ; Loss: 23.321 ; Acc: 54.753
2018-09-19 15:48:11,234:INFO: [TRAIN] Step: 753 ; Loss: 21.503 ; Acc: 54.730
2018-09-19 15:48:11,348:INFO: [TRAIN] Step: 754 ; Loss: 16.769 ; Acc: 54.741
2018-09-19 15:48:11,458:INFO: [TRAIN] Step: 755 ; Loss: 23.053 ; Acc: 54.723
2018-09-19 15:48:11,573:INFO: [TRAIN] Step: 756 ; Loss: 21.669 ; Acc: 54.723
2018-09-19 15:48:11,684:INFO: [TRAIN] Step: 757 ; Loss: 16.078 ; Acc: 54.755
2018-09-19 15:48:11,805:INFO: [TRAIN] Step: 758 ; Loss: 18.693 ; Acc: 54.776
2018-09-19 15:48:11,916:INFO: [TRAIN] Step: 759 ; Loss: 22.570 ; Acc: 54.786
2018-09-19 15:48:12,028:INFO: [TRAIN] Step: 760 ; Loss: 16.505 ; Acc: 54.807
2018-09-19 15:48:12,141:INFO: [TRAIN] Step: 761 ; Loss: 17.371 ; Acc: 54.817
2018-09-19 15:48:12,249:INFO: [TRAIN] Step: 762 ; Loss: 26.359 ; Acc: 54.811
2018-09-19 15:48:12,359:INFO: [TRAIN] Step: 763 ; Loss: 17.618 ; Acc: 54.810
2018-09-19 15:48:12,469:INFO: [TRAIN] Step: 764 ; Loss: 20.496 ; Acc: 54.826
2018-09-19 15:48:12,581:INFO: [TRAIN] Step: 765 ; Loss: 17.992 ; Acc: 54.847
2018-09-19 15:48:12,698:INFO: [TRAIN] Step: 766 ; Loss: 13.740 ; Acc: 54.889
2018-09-19 15:48:12,814:INFO: [TRAIN] Step: 767 ; Loss: 21.528 ; Acc: 54.877
2018-09-19 15:48:12,925:INFO: [TRAIN] Step: 768 ; Loss: 18.428 ; Acc: 54.887
2018-09-19 15:48:13,045:INFO: [TRAIN] Step: 769 ; Loss: 14.544 ; Acc: 54.903
2018-09-19 15:48:13,159:INFO: [TRAIN] Step: 770 ; Loss: 17.605 ; Acc: 54.902
2018-09-19 15:48:13,278:INFO: [TRAIN] Step: 771 ; Loss: 14.864 ; Acc: 54.917
2018-09-19 15:48:13,392:INFO: [TRAIN] Step: 772 ; Loss: 20.730 ; Acc: 54.927
2018-09-19 15:48:13,503:INFO: [TRAIN] Step: 773 ; Loss: 17.561 ; Acc: 54.947
2018-09-19 15:48:13,614:INFO: [TRAIN] Step: 774 ; Loss: 17.481 ; Acc: 54.952
2018-09-19 15:48:13,727:INFO: [TRAIN] Step: 775 ; Loss: 20.794 ; Acc: 54.945
2018-09-19 15:48:13,835:INFO: [TRAIN] Step: 776 ; Loss: 13.287 ; Acc: 54.955
2018-09-19 15:48:13,949:INFO: [TRAIN] Step: 777 ; Loss: 11.463 ; Acc: 54.959
2018-09-19 15:48:14,062:INFO: [TRAIN] Step: 778 ; Loss: 16.998 ; Acc: 54.969
2018-09-19 15:48:14,185:INFO: [TRAIN] Step: 779 ; Loss: 16.510 ; Acc: 54.973
2018-09-19 15:48:14,295:INFO: [TRAIN] Step: 780 ; Loss: 13.851 ; Acc: 55.010
2018-09-19 15:48:14,404:INFO: [TRAIN] Step: 781 ; Loss: 16.026 ; Acc: 55.051
2018-09-19 15:48:14,515:INFO: [TRAIN] Step: 782 ; Loss: 18.035 ; Acc: 55.071
2018-09-19 15:48:14,626:INFO: [TRAIN] Step: 783 ; Loss: 14.872 ; Acc: 55.075
2018-09-19 15:48:14,746:INFO: [TRAIN] Step: 784 ; Loss: 25.279 ; Acc: 55.074
2018-09-19 15:48:14,855:INFO: [TRAIN] Step: 785 ; Loss: 16.904 ; Acc: 55.084
2018-09-19 15:48:14,968:INFO: [TRAIN] Step: 786 ; Loss: 23.982 ; Acc: 55.093
2018-09-19 15:48:15,082:INFO: [TRAIN] Step: 787 ; Loss: 20.779 ; Acc: 55.087
2018-09-19 15:48:15,205:INFO: [TRAIN] Step: 788 ; Loss: 20.252 ; Acc: 55.091
2018-09-19 15:48:15,317:INFO: [TRAIN] Step: 789 ; Loss: 26.368 ; Acc: 55.079
2018-09-19 15:48:15,428:INFO: [TRAIN] Step: 790 ; Loss: 18.404 ; Acc: 55.088
2018-09-19 15:48:15,539:INFO: [TRAIN] Step: 791 ; Loss: 20.158 ; Acc: 55.093
2018-09-19 15:48:15,652:INFO: [TRAIN] Step: 792 ; Loss: 13.313 ; Acc: 55.107
2018-09-19 15:48:15,773:INFO: [TRAIN] Step: 793 ; Loss: 18.267 ; Acc: 55.116
2018-09-19 15:48:15,895:INFO: [TRAIN] Step: 794 ; Loss: 17.979 ; Acc: 55.136
2018-09-19 15:48:16,005:INFO: [TRAIN] Step: 795 ; Loss: 16.151 ; Acc: 55.135
2018-09-19 15:48:16,114:INFO: [TRAIN] Step: 796 ; Loss: 20.412 ; Acc: 55.150
2018-09-19 15:48:16,227:INFO: [TRAIN] Step: 797 ; Loss: 17.165 ; Acc: 55.164
2018-09-19 15:48:16,346:INFO: [TRAIN] Step: 798 ; Loss: 22.835 ; Acc: 55.163
2018-09-19 15:48:16,459:INFO: [TRAIN] Step: 799 ; Loss: 18.225 ; Acc: 55.177
2018-09-19 15:48:16,589:INFO: [TRAIN] Step: 800 ; Loss: 19.391 ; Acc: 55.176
2018-09-19 15:48:16,701:INFO: [TRAIN] Step: 801 ; Loss: 26.504 ; Acc: 55.164
2018-09-19 15:48:16,814:INFO: [TRAIN] Step: 802 ; Loss: 17.407 ; Acc: 55.189
2018-09-19 15:48:16,929:INFO: [TRAIN] Step: 803 ; Loss: 20.666 ; Acc: 55.188
2018-09-19 15:48:17,040:INFO: [TRAIN] Step: 804 ; Loss: 19.927 ; Acc: 55.197
2018-09-19 15:48:17,152:INFO: [TRAIN] Step: 805 ; Loss: 19.238 ; Acc: 55.201
2018-09-19 15:48:17,260:INFO: [TRAIN] Step: 806 ; Loss: 16.715 ; Acc: 55.215
2018-09-19 15:48:17,372:INFO: [TRAIN] Step: 807 ; Loss: 20.999 ; Acc: 55.219
2018-09-19 15:48:17,488:INFO: [TRAIN] Step: 808 ; Loss: 21.469 ; Acc: 55.228
2018-09-19 15:48:17,612:INFO: [TRAIN] Step: 809 ; Loss: 17.801 ; Acc: 55.242
2018-09-19 15:48:17,725:INFO: [TRAIN] Step: 810 ; Loss: 15.595 ; Acc: 55.266
2018-09-19 15:48:17,834:INFO: [TRAIN] Step: 811 ; Loss: 14.698 ; Acc: 55.280
2018-09-19 15:48:17,951:INFO: [TRAIN] Step: 812 ; Loss: 14.202 ; Acc: 55.304
2018-09-19 15:48:18,067:INFO: [TRAIN] Step: 813 ; Loss: 14.167 ; Acc: 55.329
2018-09-19 15:48:18,182:INFO: [TRAIN] Step: 814 ; Loss: 22.263 ; Acc: 55.322
2018-09-19 15:48:18,293:INFO: [TRAIN] Step: 815 ; Loss: 18.819 ; Acc: 55.321
2018-09-19 15:48:18,406:INFO: [TRAIN] Step: 816 ; Loss: 16.246 ; Acc: 55.329
2018-09-19 15:48:18,523:INFO: [TRAIN] Step: 817 ; Loss: 15.550 ; Acc: 55.343
2018-09-19 15:48:18,632:INFO: [TRAIN] Step: 818 ; Loss: 22.401 ; Acc: 55.342
2018-09-19 15:48:18,744:INFO: [TRAIN] Step: 819 ; Loss: 15.890 ; Acc: 55.361
2018-09-19 15:48:18,861:INFO: [TRAIN] Step: 820 ; Loss: 18.723 ; Acc: 55.375
2018-09-19 15:48:18,976:INFO: [TRAIN] Step: 821 ; Loss: 16.253 ; Acc: 55.383
2018-09-19 15:48:19,089:INFO: [TRAIN] Step: 822 ; Loss: 16.005 ; Acc: 55.397
2018-09-19 15:48:19,199:INFO: [TRAIN] Step: 823 ; Loss: 25.919 ; Acc: 55.375
2018-09-19 15:48:19,319:INFO: [TRAIN] Step: 824 ; Loss: 18.916 ; Acc: 55.384
2018-09-19 15:48:19,426:INFO: [TRAIN] Step: 825 ; Loss: 18.677 ; Acc: 55.392
2018-09-19 15:48:19,540:INFO: [TRAIN] Step: 826 ; Loss: 20.353 ; Acc: 55.406
2018-09-19 15:48:19,655:INFO: [TRAIN] Step: 827 ; Loss: 20.339 ; Acc: 55.420
2018-09-19 15:48:19,770:INFO: [TRAIN] Step: 828 ; Loss: 14.469 ; Acc: 55.433
2018-09-19 15:48:19,888:INFO: [TRAIN] Step: 829 ; Loss: 19.337 ; Acc: 55.427
2018-09-19 15:48:20,000:INFO: [TRAIN] Step: 830 ; Loss: 14.019 ; Acc: 55.445
2018-09-19 15:48:20,108:INFO: [TRAIN] Step: 831 ; Loss: 18.481 ; Acc: 55.439
2018-09-19 15:48:20,218:INFO: [TRAIN] Step: 832 ; Loss: 16.821 ; Acc: 55.462
2018-09-19 15:48:20,332:INFO: [TRAIN] Step: 833 ; Loss: 23.658 ; Acc: 55.461
2018-09-19 15:48:20,440:INFO: [TRAIN] Step: 834 ; Loss: 18.014 ; Acc: 55.484
2018-09-19 15:48:20,549:INFO: [TRAIN] Step: 835 ; Loss: 22.197 ; Acc: 55.472
2018-09-19 15:48:20,660:INFO: [TRAIN] Step: 836 ; Loss: 18.535 ; Acc: 55.481
2018-09-19 15:48:20,768:INFO: [TRAIN] Step: 837 ; Loss: 15.484 ; Acc: 55.489
2018-09-19 15:48:20,882:INFO: [TRAIN] Step: 838 ; Loss: 21.976 ; Acc: 55.478
2018-09-19 15:48:20,989:INFO: [TRAIN] Step: 839 ; Loss: 24.726 ; Acc: 55.466
2018-09-19 15:48:21,099:INFO: [TRAIN] Step: 840 ; Loss: 17.716 ; Acc: 55.480
2018-09-19 15:48:21,211:INFO: [TRAIN] Step: 841 ; Loss: 17.931 ; Acc: 55.478
2018-09-19 15:48:21,321:INFO: [TRAIN] Step: 842 ; Loss: 18.317 ; Acc: 55.491
2018-09-19 15:48:21,428:INFO: [TRAIN] Step: 843 ; Loss: 19.444 ; Acc: 55.500
2018-09-19 15:48:21,541:INFO: [TRAIN] Step: 844 ; Loss: 19.959 ; Acc: 55.503
2018-09-19 15:48:21,650:INFO: [TRAIN] Step: 845 ; Loss: 16.749 ; Acc: 55.506
2018-09-19 15:48:21,758:INFO: [TRAIN] Step: 846 ; Loss: 19.576 ; Acc: 55.490
2018-09-19 15:48:21,866:INFO: [TRAIN] Step: 847 ; Loss: 17.672 ; Acc: 55.483
2018-09-19 15:48:21,979:INFO: [TRAIN] Step: 848 ; Loss: 19.353 ; Acc: 55.482
2018-09-19 15:48:22,085:INFO: [TRAIN] Step: 849 ; Loss: 16.837 ; Acc: 55.490
2018-09-19 15:48:22,193:INFO: [TRAIN] Step: 850 ; Loss: 17.199 ; Acc: 55.498
2018-09-19 15:48:22,302:INFO: [TRAIN] Step: 851 ; Loss: 20.660 ; Acc: 55.507
2018-09-19 15:48:22,411:INFO: [TRAIN] Step: 852 ; Loss: 20.942 ; Acc: 55.505
2018-09-19 15:48:22,518:INFO: [TRAIN] Step: 853 ; Loss: 17.684 ; Acc: 55.528
2018-09-19 15:48:22,627:INFO: [TRAIN] Step: 854 ; Loss: 21.113 ; Acc: 55.531
2018-09-19 15:48:22,731:INFO: [TRAIN] Step: 855 ; Loss: 19.097 ; Acc: 55.534
2018-09-19 15:48:22,843:INFO: [TRAIN] Step: 856 ; Loss: 17.749 ; Acc: 55.547
2018-09-19 15:48:22,951:INFO: [TRAIN] Step: 857 ; Loss: 18.152 ; Acc: 55.560
2018-09-19 15:48:23,058:INFO: [TRAIN] Step: 858 ; Loss: 15.595 ; Acc: 55.578
2018-09-19 15:48:23,167:INFO: [TRAIN] Step: 859 ; Loss: 16.198 ; Acc: 55.586
2018-09-19 15:48:23,274:INFO: [TRAIN] Step: 860 ; Loss: 20.198 ; Acc: 55.594
2018-09-19 15:48:23,383:INFO: [TRAIN] Step: 861 ; Loss: 17.321 ; Acc: 55.602
2018-09-19 15:48:23,492:INFO: [TRAIN] Step: 862 ; Loss: 20.881 ; Acc: 55.601
2018-09-19 15:48:23,596:INFO: [TRAIN] Step: 863 ; Loss: 12.224 ; Acc: 55.628
2018-09-19 15:48:23,705:INFO: [TRAIN] Step: 864 ; Loss: 18.222 ; Acc: 55.641
2018-09-19 15:48:23,811:INFO: [TRAIN] Step: 865 ; Loss: 15.893 ; Acc: 55.653
2018-09-19 15:48:23,922:INFO: [TRAIN] Step: 866 ; Loss: 20.118 ; Acc: 55.647
2018-09-19 15:48:24,027:INFO: [TRAIN] Step: 867 ; Loss: 18.558 ; Acc: 55.669
2018-09-19 15:48:24,132:INFO: [TRAIN] Step: 868 ; Loss: 28.427 ; Acc: 55.663
2018-09-19 15:48:24,236:INFO: [TRAIN] Step: 869 ; Loss: 23.170 ; Acc: 55.675
2018-09-19 15:48:24,342:INFO: [TRAIN] Step: 870 ; Loss: 13.581 ; Acc: 55.693
2018-09-19 15:48:24,446:INFO: [TRAIN] Step: 871 ; Loss: 21.969 ; Acc: 55.696
2018-09-19 15:48:24,545:INFO: [TRAIN] Step: 872 ; Loss: 20.858 ; Acc: 55.694
2018-09-19 15:48:24,644:INFO: [TRAIN] Step: 873 ; Loss: 19.212 ; Acc: 55.673
2018-09-19 15:48:24,756:INFO: [TRAIN] Step: 874 ; Loss: 15.066 ; Acc: 55.690
2018-09-19 15:48:24,856:INFO: [TRAIN] Step: 875 ; Loss: 21.666 ; Acc: 55.670
2018-09-19 15:48:24,961:INFO: [TRAIN] Step: 876 ; Loss: 18.804 ; Acc: 55.677
2018-09-19 15:48:25,085:INFO: [TRAIN] Step: 877 ; Loss: 14.821 ; Acc: 55.681
2018-09-19 15:48:25,215:INFO: [TRAIN] Step: 878 ; Loss: 23.399 ; Acc: 55.669
2018-09-19 15:48:25,337:INFO: [TRAIN] Step: 879 ; Loss: 18.839 ; Acc: 55.672
2018-09-19 15:48:25,455:INFO: [TRAIN] Step: 880 ; Loss: 19.411 ; Acc: 55.680
2018-09-19 15:48:25,568:INFO: [TRAIN] Step: 881 ; Loss: 14.752 ; Acc: 55.683
2018-09-19 15:48:25,673:INFO: [TRAIN] Step: 882 ; Loss: 22.109 ; Acc: 55.686
2018-09-19 15:48:25,776:INFO: [TRAIN] Step: 883 ; Loss: 14.392 ; Acc: 55.713
2018-09-19 15:48:25,876:INFO: [TRAIN] Step: 884 ; Loss: 16.191 ; Acc: 55.734
2018-09-19 15:48:25,979:INFO: [TRAIN] Step: 885 ; Loss: 19.981 ; Acc: 55.723
2018-09-19 15:48:26,077:INFO: [TRAIN] Step: 886 ; Loss: 16.628 ; Acc: 55.740
2018-09-19 15:48:26,175:INFO: [TRAIN] Step: 887 ; Loss: 18.171 ; Acc: 55.743
2018-09-19 15:48:26,272:INFO: [TRAIN] Step: 888 ; Loss: 23.115 ; Acc: 55.741
2018-09-19 15:48:26,367:INFO: [TRAIN] Step: 889 ; Loss: 13.750 ; Acc: 55.754
2018-09-19 15:48:26,467:INFO: [TRAIN] Step: 890 ; Loss: 15.493 ; Acc: 55.752
2018-09-19 15:48:26,562:INFO: [TRAIN] Step: 891 ; Loss: 15.013 ; Acc: 55.760
2018-09-19 15:48:26,660:INFO: [TRAIN] Step: 892 ; Loss: 21.573 ; Acc: 55.758
2018-09-19 15:48:26,759:INFO: [TRAIN] Step: 893 ; Loss: 18.536 ; Acc: 55.756
2018-09-19 15:48:26,858:INFO: [TRAIN] Step: 894 ; Loss: 15.990 ; Acc: 55.787
2018-09-19 15:48:26,978:INFO: [TRAIN] Step: 895 ; Loss: 17.495 ; Acc: 55.794
2018-09-19 15:48:27,087:INFO: [TRAIN] Step: 896 ; Loss: 22.077 ; Acc: 55.779
2018-09-19 15:48:27,183:INFO: [TRAIN] Step: 897 ; Loss: 19.486 ; Acc: 55.781
2018-09-19 15:48:27,277:INFO: [TRAIN] Step: 898 ; Loss: 19.838 ; Acc: 55.784
2018-09-19 15:48:27,375:INFO: [TRAIN] Step: 899 ; Loss: 14.358 ; Acc: 55.806
2018-09-19 15:48:27,468:INFO: [TRAIN] Step: 900 ; Loss: 21.792 ; Acc: 55.804
2018-09-19 15:48:27,564:INFO: [TRAIN] Step: 901 ; Loss: 20.490 ; Acc: 55.779
2018-09-19 15:48:27,660:INFO: [TRAIN] Step: 902 ; Loss: 18.180 ; Acc: 55.777
2018-09-19 15:48:27,760:INFO: [TRAIN] Step: 903 ; Loss: 13.870 ; Acc: 55.798
2018-09-19 15:48:27,857:INFO: [TRAIN] Step: 904 ; Loss: 18.979 ; Acc: 55.815
2018-09-19 15:48:27,952:INFO: [TRAIN] Step: 905 ; Loss: 17.395 ; Acc: 55.822
2018-09-19 15:48:28,043:INFO: [TRAIN] Step: 906 ; Loss: 19.204 ; Acc: 55.820
2018-09-19 15:48:28,144:INFO: [TRAIN] Step: 907 ; Loss: 20.619 ; Acc: 55.814
2018-09-19 15:48:28,235:INFO: [TRAIN] Step: 908 ; Loss: 23.031 ; Acc: 55.798
2018-09-19 15:48:28,335:INFO: [TRAIN] Step: 909 ; Loss: 18.161 ; Acc: 55.810
2018-09-19 15:48:28,429:INFO: [TRAIN] Step: 910 ; Loss: 14.590 ; Acc: 55.827
2018-09-19 15:48:28,525:INFO: [TRAIN] Step: 911 ; Loss: 20.715 ; Acc: 55.821
2018-09-19 15:48:28,617:INFO: [TRAIN] Step: 912 ; Loss: 19.045 ; Acc: 55.810
2018-09-19 15:48:28,714:INFO: [TRAIN] Step: 913 ; Loss: 21.517 ; Acc: 55.812
2018-09-19 15:48:28,811:INFO: [TRAIN] Step: 914 ; Loss: 20.067 ; Acc: 55.820
2018-09-19 15:48:28,913:INFO: [TRAIN] Step: 915 ; Loss: 20.672 ; Acc: 55.809
2018-09-19 15:48:29,008:INFO: [TRAIN] Step: 916 ; Loss: 17.814 ; Acc: 55.830
2018-09-19 15:48:29,110:INFO: [TRAIN] Step: 917 ; Loss: 22.961 ; Acc: 55.805
2018-09-19 15:48:29,201:INFO: [TRAIN] Step: 918 ; Loss: 16.513 ; Acc: 55.817
2018-09-19 15:48:29,298:INFO: [TRAIN] Step: 919 ; Loss: 17.443 ; Acc: 55.824
2018-09-19 15:48:29,389:INFO: [TRAIN] Step: 920 ; Loss: 16.250 ; Acc: 55.822
2018-09-19 15:48:29,485:INFO: [TRAIN] Step: 921 ; Loss: 18.818 ; Acc: 55.825
2018-09-19 15:48:29,580:INFO: [TRAIN] Step: 922 ; Loss: 14.244 ; Acc: 55.841
2018-09-19 15:48:29,674:INFO: [TRAIN] Step: 923 ; Loss: 18.925 ; Acc: 55.853
2018-09-19 15:48:29,764:INFO: [TRAIN] Step: 924 ; Loss: 22.139 ; Acc: 55.838
2018-09-19 15:48:29,860:INFO: [TRAIN] Step: 925 ; Loss: 25.003 ; Acc: 55.823
2018-09-19 15:48:29,953:INFO: [TRAIN] Step: 926 ; Loss: 19.398 ; Acc: 55.821
2018-09-19 15:48:30,053:INFO: [TRAIN] Step: 927 ; Loss: 19.426 ; Acc: 55.832
2018-09-19 15:48:30,150:INFO: [TRAIN] Step: 928 ; Loss: 13.944 ; Acc: 55.844
2018-09-19 15:48:30,248:INFO: [TRAIN] Step: 929 ; Loss: 17.194 ; Acc: 55.856
2018-09-19 15:48:30,343:INFO: [TRAIN] Step: 930 ; Loss: 20.855 ; Acc: 55.845
2018-09-19 15:48:30,441:INFO: [TRAIN] Step: 931 ; Loss: 13.124 ; Acc: 55.866
2018-09-19 15:48:30,540:INFO: [TRAIN] Step: 932 ; Loss: 12.850 ; Acc: 55.890
2018-09-19 15:48:30,643:INFO: [TRAIN] Step: 933 ; Loss: 15.580 ; Acc: 55.893
2018-09-19 15:48:30,738:INFO: [TRAIN] Step: 934 ; Loss: 14.186 ; Acc: 55.905
2018-09-19 15:48:30,842:INFO: [TRAIN] Step: 935 ; Loss: 22.937 ; Acc: 55.903
2018-09-19 15:48:30,934:INFO: [TRAIN] Step: 936 ; Loss: 17.291 ; Acc: 55.919
2018-09-19 15:48:31,032:INFO: [TRAIN] Step: 937 ; Loss: 14.304 ; Acc: 55.930
2018-09-19 15:48:31,124:INFO: [TRAIN] Step: 938 ; Loss: 22.008 ; Acc: 55.928
2018-09-19 15:48:31,219:INFO: [TRAIN] Step: 939 ; Loss: 13.769 ; Acc: 55.944
2018-09-19 15:48:31,315:INFO: [TRAIN] Step: 940 ; Loss: 15.609 ; Acc: 55.964
2018-09-19 15:48:31,414:INFO: [TRAIN] Step: 941 ; Loss: 19.693 ; Acc: 55.985
2018-09-19 15:48:31,506:INFO: [TRAIN] Step: 942 ; Loss: 19.482 ; Acc: 55.978
2018-09-19 15:48:31,605:INFO: [TRAIN] Step: 943 ; Loss: 16.815 ; Acc: 55.998
2018-09-19 15:48:31,701:INFO: [TRAIN] Step: 944 ; Loss: 17.700 ; Acc: 56.010
2018-09-19 15:48:31,799:INFO: [TRAIN] Step: 945 ; Loss: 21.304 ; Acc: 56.017
2018-09-19 15:48:31,893:INFO: [TRAIN] Step: 946 ; Loss: 20.795 ; Acc: 56.028
2018-09-19 15:48:31,989:INFO: [TRAIN] Step: 947 ; Loss: 21.944 ; Acc: 56.026
2018-09-19 15:48:32,085:INFO: [TRAIN] Step: 948 ; Loss: 14.447 ; Acc: 56.041
2018-09-19 15:48:32,183:INFO: [TRAIN] Step: 949 ; Loss: 17.702 ; Acc: 56.044
2018-09-19 15:48:32,278:INFO: [TRAIN] Step: 950 ; Loss: 20.376 ; Acc: 56.038
2018-09-19 15:48:32,377:INFO: [TRAIN] Step: 951 ; Loss: 16.335 ; Acc: 56.049
2018-09-19 15:48:32,470:INFO: [TRAIN] Step: 952 ; Loss: 21.951 ; Acc: 56.047
2018-09-19 15:48:32,569:INFO: [TRAIN] Step: 953 ; Loss: 19.726 ; Acc: 56.040
2018-09-19 15:48:32,662:INFO: [TRAIN] Step: 954 ; Loss: 15.609 ; Acc: 56.043
2018-09-19 15:48:32,759:INFO: [TRAIN] Step: 955 ; Loss: 16.656 ; Acc: 56.058
2018-09-19 15:48:32,853:INFO: [TRAIN] Step: 956 ; Loss: 15.153 ; Acc: 56.074
2018-09-19 15:48:32,950:INFO: [TRAIN] Step: 957 ; Loss: 13.531 ; Acc: 56.098
2018-09-19 15:48:33,040:INFO: [TRAIN] Step: 958 ; Loss: 17.919 ; Acc: 56.104
2018-09-19 15:48:33,138:INFO: [TRAIN] Step: 959 ; Loss: 22.360 ; Acc: 56.098
2018-09-19 15:48:33,232:INFO: [TRAIN] Step: 960 ; Loss: 14.934 ; Acc: 56.096
2018-09-19 15:48:33,332:INFO: [TRAIN] Step: 961 ; Loss: 23.982 ; Acc: 56.085
2018-09-19 15:48:33,426:INFO: [TRAIN] Step: 962 ; Loss: 24.842 ; Acc: 56.088
2018-09-19 15:48:33,520:INFO: [TRAIN] Step: 963 ; Loss: 16.218 ; Acc: 56.103
2018-09-19 15:48:33,613:INFO: [TRAIN] Step: 964 ; Loss: 17.597 ; Acc: 56.110
2018-09-19 15:48:33,711:INFO: [TRAIN] Step: 965 ; Loss: 17.669 ; Acc: 56.134
2018-09-19 15:48:33,807:INFO: [TRAIN] Step: 966 ; Loss: 20.059 ; Acc: 56.123
2018-09-19 15:48:33,905:INFO: [TRAIN] Step: 967 ; Loss: 18.986 ; Acc: 56.125
2018-09-19 15:48:33,998:INFO: [TRAIN] Step: 968 ; Loss: 25.130 ; Acc: 56.123
2018-09-19 15:48:34,096:INFO: [TRAIN] Step: 969 ; Loss: 19.829 ; Acc: 56.125
2018-09-19 15:48:34,193:INFO: [TRAIN] Step: 970 ; Loss: 17.305 ; Acc: 56.132
2018-09-19 15:48:34,293:INFO: [TRAIN] Step: 971 ; Loss: 14.121 ; Acc: 56.143
2018-09-19 15:48:34,388:INFO: [TRAIN] Step: 972 ; Loss: 17.552 ; Acc: 56.149
2018-09-19 15:48:34,483:INFO: [TRAIN] Step: 973 ; Loss: 18.530 ; Acc: 56.164
2018-09-19 15:48:34,574:INFO: [TRAIN] Step: 974 ; Loss: 16.374 ; Acc: 56.167
2018-09-19 15:48:34,673:INFO: [TRAIN] Step: 975 ; Loss: 14.367 ; Acc: 56.177
2018-09-19 15:48:34,767:INFO: [TRAIN] Step: 976 ; Loss: 16.283 ; Acc: 56.201
2018-09-19 15:48:34,864:INFO: [TRAIN] Step: 977 ; Loss: 21.430 ; Acc: 56.207
2018-09-19 15:48:34,958:INFO: [TRAIN] Step: 978 ; Loss: 17.014 ; Acc: 56.210
2018-09-19 15:48:35,054:INFO: [TRAIN] Step: 979 ; Loss: 17.038 ; Acc: 56.220
2018-09-19 15:48:35,145:INFO: [TRAIN] Step: 980 ; Loss: 16.552 ; Acc: 56.235
2018-09-19 15:48:35,251:INFO: [TRAIN] Step: 981 ; Loss: 19.324 ; Acc: 56.233
2018-09-19 15:48:35,345:INFO: [TRAIN] Step: 982 ; Loss: 16.189 ; Acc: 56.248
2018-09-19 15:48:35,444:INFO: [TRAIN] Step: 983 ; Loss: 21.599 ; Acc: 56.242
2018-09-19 15:48:35,537:INFO: [TRAIN] Step: 984 ; Loss: 18.171 ; Acc: 56.252
2018-09-19 15:48:35,633:INFO: [TRAIN] Step: 985 ; Loss: 18.402 ; Acc: 56.263
2018-09-19 15:48:35,727:INFO: [TRAIN] Step: 986 ; Loss: 19.504 ; Acc: 56.248
2018-09-19 15:48:35,822:INFO: [TRAIN] Step: 987 ; Loss: 16.015 ; Acc: 56.280
2018-09-19 15:48:35,911:INFO: [TRAIN] Step: 988 ; Loss: 15.396 ; Acc: 56.307
2018-09-19 15:48:36,011:INFO: [TRAIN] Step: 989 ; Loss: 18.444 ; Acc: 56.322
2018-09-19 15:48:36,103:INFO: [TRAIN] Step: 990 ; Loss: 20.118 ; Acc: 56.332
2018-09-19 15:48:36,198:INFO: [TRAIN] Step: 991 ; Loss: 15.115 ; Acc: 56.338
2018-09-19 15:48:36,293:INFO: [TRAIN] Step: 992 ; Loss: 15.845 ; Acc: 56.353
2018-09-19 15:48:36,387:INFO: [TRAIN] Step: 993 ; Loss: 19.467 ; Acc: 56.363
2018-09-19 15:48:36,481:INFO: [TRAIN] Step: 994 ; Loss: 24.387 ; Acc: 56.357
2018-09-19 15:48:36,577:INFO: [TRAIN] Step: 995 ; Loss: 14.063 ; Acc: 56.376
2018-09-19 15:48:36,671:INFO: [TRAIN] Step: 996 ; Loss: 16.194 ; Acc: 56.390
2018-09-19 15:48:36,766:INFO: [TRAIN] Step: 997 ; Loss: 17.340 ; Acc: 56.409
2018-09-19 15:48:36,860:INFO: [TRAIN] Step: 998 ; Loss: 16.781 ; Acc: 56.419
2018-09-19 15:48:36,954:INFO: [TRAIN] Step: 999 ; Loss: 19.095 ; Acc: 56.408
2018-09-19 15:48:37,047:INFO: [TRAIN] Step: 1000 ; Loss: 25.554 ; Acc: 56.398
2018-09-19 15:48:37,141:INFO: [TRAIN] Step: 1001 ; Loss: 13.598 ; Acc: 56.416
2018-09-19 15:48:37,239:INFO: [TRAIN] Step: 1002 ; Loss: 22.718 ; Acc: 56.402
2018-09-19 15:48:37,338:INFO: [TRAIN] Step: 1003 ; Loss: 18.167 ; Acc: 56.395
2018-09-19 15:48:37,431:INFO: [TRAIN] Step: 1004 ; Loss: 16.122 ; Acc: 56.405
2018-09-19 15:48:37,526:INFO: [TRAIN] Step: 1005 ; Loss: 14.526 ; Acc: 56.416
2018-09-19 15:48:37,620:INFO: [TRAIN] Step: 1006 ; Loss: 21.413 ; Acc: 56.422
2018-09-19 15:48:37,717:INFO: [TRAIN] Step: 1007 ; Loss: 17.138 ; Acc: 56.415
2018-09-19 15:48:37,808:INFO: [TRAIN] Step: 1008 ; Loss: 24.118 ; Acc: 56.426
2018-09-19 15:48:37,907:INFO: [TRAIN] Step: 1009 ; Loss: 18.074 ; Acc: 56.411
2018-09-19 15:48:38,004:INFO: [TRAIN] Step: 1010 ; Loss: 15.542 ; Acc: 56.417
2018-09-19 15:48:38,104:INFO: [TRAIN] Step: 1011 ; Loss: 18.478 ; Acc: 56.423
2018-09-19 15:48:38,198:INFO: [TRAIN] Step: 1012 ; Loss: 17.053 ; Acc: 56.437
2018-09-19 15:48:38,304:INFO: [TRAIN] Step: 1013 ; Loss: 18.268 ; Acc: 56.435
2018-09-19 15:48:38,396:INFO: [TRAIN] Step: 1014 ; Loss: 21.572 ; Acc: 56.420
2018-09-19 15:48:38,490:INFO: [TRAIN] Step: 1015 ; Loss: 26.532 ; Acc: 56.406
2018-09-19 15:48:38,583:INFO: [TRAIN] Step: 1016 ; Loss: 14.637 ; Acc: 56.424
2018-09-19 15:48:38,681:INFO: [TRAIN] Step: 1017 ; Loss: 20.717 ; Acc: 56.434
2018-09-19 15:48:38,773:INFO: [TRAIN] Step: 1018 ; Loss: 18.363 ; Acc: 56.444
2018-09-19 15:48:38,870:INFO: [TRAIN] Step: 1019 ; Loss: 18.015 ; Acc: 56.454
2018-09-19 15:48:38,962:INFO: [TRAIN] Step: 1020 ; Loss: 15.321 ; Acc: 56.468
2018-09-19 15:48:39,059:INFO: [TRAIN] Step: 1021 ; Loss: 17.781 ; Acc: 56.478
2018-09-19 15:48:39,153:INFO: [TRAIN] Step: 1022 ; Loss: 15.189 ; Acc: 56.488
2018-09-19 15:48:39,247:INFO: [TRAIN] Step: 1023 ; Loss: 12.618 ; Acc: 56.494
2018-09-19 15:48:39,341:INFO: [TRAIN] Step: 1024 ; Loss: 25.292 ; Acc: 56.480
2018-09-19 15:48:39,437:INFO: [TRAIN] Step: 1025 ; Loss: 17.246 ; Acc: 56.490
2018-09-19 15:48:39,530:INFO: [TRAIN] Step: 1026 ; Loss: 19.464 ; Acc: 56.487
2018-09-19 15:48:39,631:INFO: [TRAIN] Step: 1027 ; Loss: 18.390 ; Acc: 56.497
2018-09-19 15:48:39,728:INFO: [TRAIN] Step: 1028 ; Loss: 16.216 ; Acc: 56.507
2018-09-19 15:48:39,824:INFO: [TRAIN] Step: 1029 ; Loss: 20.988 ; Acc: 56.513
2018-09-19 15:48:39,915:INFO: [TRAIN] Step: 1030 ; Loss: 20.802 ; Acc: 56.515
2018-09-19 15:48:40,014:INFO: [TRAIN] Step: 1031 ; Loss: 16.685 ; Acc: 56.529
2018-09-19 15:48:40,110:INFO: [TRAIN] Step: 1032 ; Loss: 18.181 ; Acc: 56.546
2018-09-19 15:48:40,210:INFO: [TRAIN] Step: 1033 ; Loss: 21.636 ; Acc: 56.548
2018-09-19 15:48:40,302:INFO: [TRAIN] Step: 1034 ; Loss: 17.969 ; Acc: 56.554
2018-09-19 15:48:40,407:INFO: [TRAIN] Step: 1035 ; Loss: 19.682 ; Acc: 56.556
2018-09-19 15:48:40,504:INFO: [TRAIN] Step: 1036 ; Loss: 16.817 ; Acc: 56.561
2018-09-19 15:48:40,602:INFO: [TRAIN] Step: 1037 ; Loss: 15.817 ; Acc: 56.567
2018-09-19 15:48:40,703:INFO: [TRAIN] Step: 1038 ; Loss: 17.633 ; Acc: 56.585
2018-09-19 15:48:40,802:INFO: [TRAIN] Step: 1039 ; Loss: 23.215 ; Acc: 56.599
2018-09-19 15:48:40,893:INFO: [TRAIN] Step: 1040 ; Loss: 20.917 ; Acc: 56.600
2018-09-19 15:48:40,998:INFO: [TRAIN] Step: 1041 ; Loss: 13.278 ; Acc: 56.618
2018-09-19 15:48:41,091:INFO: [TRAIN] Step: 1042 ; Loss: 16.515 ; Acc: 56.632
2018-09-19 15:48:41,192:INFO: [TRAIN] Step: 1043 ; Loss: 18.589 ; Acc: 56.645
2018-09-19 15:48:41,284:INFO: [TRAIN] Step: 1044 ; Loss: 14.652 ; Acc: 56.659
2018-09-19 15:48:41,382:INFO: [TRAIN] Step: 1045 ; Loss: 21.073 ; Acc: 56.668
2018-09-19 15:48:41,471:INFO: [TRAIN] Step: 1046 ; Loss: 24.563 ; Acc: 56.662
2018-09-19 15:48:41,569:INFO: [TRAIN] Step: 1047 ; Loss: 17.400 ; Acc: 56.667
2018-09-19 15:48:41,665:INFO: [TRAIN] Step: 1048 ; Loss: 18.470 ; Acc: 56.685
2018-09-19 15:48:41,762:INFO: [TRAIN] Step: 1049 ; Loss: 13.655 ; Acc: 56.714
2018-09-19 15:48:41,853:INFO: [TRAIN] Step: 1050 ; Loss: 19.896 ; Acc: 56.728
2018-09-19 15:48:41,949:INFO: [TRAIN] Step: 1051 ; Loss: 18.125 ; Acc: 56.721
2018-09-19 15:48:42,052:INFO: [TRAIN] Step: 1052 ; Loss: 17.824 ; Acc: 56.731
2018-09-19 15:48:42,148:INFO: [TRAIN] Step: 1053 ; Loss: 22.231 ; Acc: 56.724
2018-09-19 15:48:42,237:INFO: [TRAIN] Step: 1054 ; Loss: 17.568 ; Acc: 56.738
2018-09-19 15:48:42,335:INFO: [TRAIN] Step: 1055 ; Loss: 17.394 ; Acc: 56.743
2018-09-19 15:48:42,426:INFO: [TRAIN] Step: 1056 ; Loss: 12.213 ; Acc: 56.760
2018-09-19 15:48:42,525:INFO: [TRAIN] Step: 1057 ; Loss: 22.238 ; Acc: 56.766
2018-09-19 15:48:42,619:INFO: [TRAIN] Step: 1058 ; Loss: 19.441 ; Acc: 56.775
2018-09-19 15:48:42,722:INFO: [TRAIN] Step: 1059 ; Loss: 18.759 ; Acc: 56.781
2018-09-19 15:48:42,812:INFO: [TRAIN] Step: 1060 ; Loss: 15.518 ; Acc: 56.782
2018-09-19 15:48:42,906:INFO: [TRAIN] Step: 1061 ; Loss: 17.323 ; Acc: 56.788
2018-09-19 15:48:43,002:INFO: [TRAIN] Step: 1062 ; Loss: 13.518 ; Acc: 56.812
2018-09-19 15:48:43,105:INFO: [TRAIN] Step: 1063 ; Loss: 21.061 ; Acc: 56.814
2018-09-19 15:48:43,197:INFO: [TRAIN] Step: 1064 ; Loss: 19.954 ; Acc: 56.811
2018-09-19 15:48:43,293:INFO: [TRAIN] Step: 1065 ; Loss: 14.935 ; Acc: 56.828
2018-09-19 15:48:43,385:INFO: [TRAIN] Step: 1066 ; Loss: 16.782 ; Acc: 56.842
2018-09-19 15:48:43,483:INFO: [TRAIN] Step: 1067 ; Loss: 17.330 ; Acc: 56.863
2018-09-19 15:48:43,576:INFO: [TRAIN] Step: 1068 ; Loss: 16.812 ; Acc: 56.868
2018-09-19 15:48:43,673:INFO: [TRAIN] Step: 1069 ; Loss: 14.037 ; Acc: 56.893
2018-09-19 15:48:43,766:INFO: [TRAIN] Step: 1070 ; Loss: 22.737 ; Acc: 56.890
2018-09-19 15:48:43,862:INFO: [TRAIN] Step: 1071 ; Loss: 16.427 ; Acc: 56.903
2018-09-19 15:48:43,954:INFO: [TRAIN] Step: 1072 ; Loss: 16.621 ; Acc: 56.893
2018-09-19 15:48:44,055:INFO: [TRAIN] Step: 1073 ; Loss: 19.255 ; Acc: 56.886
2018-09-19 15:48:44,149:INFO: [TRAIN] Step: 1074 ; Loss: 16.106 ; Acc: 56.903
2018-09-19 15:48:44,251:INFO: [TRAIN] Step: 1075 ; Loss: 18.845 ; Acc: 56.893
2018-09-19 15:48:44,343:INFO: [TRAIN] Step: 1076 ; Loss: 19.566 ; Acc: 56.890
2018-09-19 15:48:44,440:INFO: [TRAIN] Step: 1077 ; Loss: 20.159 ; Acc: 56.884
2018-09-19 15:48:44,530:INFO: [TRAIN] Step: 1078 ; Loss: 15.465 ; Acc: 56.893
2018-09-19 15:48:44,628:INFO: [TRAIN] Step: 1079 ; Loss: 17.116 ; Acc: 56.902
2018-09-19 15:48:44,719:INFO: [TRAIN] Step: 1080 ; Loss: 17.119 ; Acc: 56.892
2018-09-19 15:48:44,814:INFO: [TRAIN] Step: 1081 ; Loss: 11.974 ; Acc: 56.901
2018-09-19 15:48:44,905:INFO: [TRAIN] Step: 1082 ; Loss: 15.435 ; Acc: 56.910
2018-09-19 15:48:45,001:INFO: [TRAIN] Step: 1083 ; Loss: 16.123 ; Acc: 56.930
2018-09-19 15:48:45,094:INFO: [TRAIN] Step: 1084 ; Loss: 20.948 ; Acc: 56.912
2018-09-19 15:48:45,192:INFO: [TRAIN] Step: 1085 ; Loss: 15.336 ; Acc: 56.918
2018-09-19 15:48:45,292:INFO: [TRAIN] Step: 1086 ; Loss: 15.049 ; Acc: 56.923
2018-09-19 15:48:45,391:INFO: [TRAIN] Step: 1087 ; Loss: 18.662 ; Acc: 56.924
2018-09-19 15:48:45,484:INFO: [TRAIN] Step: 1088 ; Loss: 23.618 ; Acc: 56.918
2018-09-19 15:48:45,584:INFO: [TRAIN] Step: 1089 ; Loss: 17.967 ; Acc: 56.927
2018-09-19 15:48:45,682:INFO: [TRAIN] Step: 1090 ; Loss: 20.777 ; Acc: 56.924
2018-09-19 15:48:45,779:INFO: [TRAIN] Step: 1091 ; Loss: 21.642 ; Acc: 56.925
2018-09-19 15:48:45,872:INFO: [TRAIN] Step: 1092 ; Loss: 16.217 ; Acc: 56.934
2018-09-19 15:48:45,966:INFO: [TRAIN] Step: 1093 ; Loss: 18.530 ; Acc: 56.939
2018-09-19 15:48:46,066:INFO: [TRAIN] Step: 1094 ; Loss: 18.699 ; Acc: 56.941
2018-09-19 15:48:46,164:INFO: [TRAIN] Step: 1095 ; Loss: 17.060 ; Acc: 56.942
2018-09-19 15:48:46,255:INFO: [TRAIN] Step: 1096 ; Loss: 15.246 ; Acc: 56.943
2018-09-19 15:48:46,354:INFO: [TRAIN] Step: 1097 ; Loss: 12.540 ; Acc: 56.960
2018-09-19 15:48:46,448:INFO: [TRAIN] Step: 1098 ; Loss: 16.895 ; Acc: 56.976
2018-09-19 15:48:46,546:INFO: [TRAIN] Step: 1099 ; Loss: 17.045 ; Acc: 56.981
2018-09-19 15:48:46,640:INFO: [TRAIN] Step: 1100 ; Loss: 16.739 ; Acc: 56.994
2018-09-19 15:48:46,737:INFO: [TRAIN] Step: 1101 ; Loss: 21.305 ; Acc: 56.999
2018-09-19 15:48:46,831:INFO: [TRAIN] Step: 1102 ; Loss: 20.500 ; Acc: 57.004
2018-09-19 15:48:46,928:INFO: [TRAIN] Step: 1103 ; Loss: 21.692 ; Acc: 56.994
2018-09-19 15:48:47,020:INFO: [TRAIN] Step: 1104 ; Loss: 16.757 ; Acc: 57.002
2018-09-19 15:48:47,120:INFO: [TRAIN] Step: 1105 ; Loss: 19.198 ; Acc: 57.011
2018-09-19 15:48:47,216:INFO: [TRAIN] Step: 1106 ; Loss: 16.859 ; Acc: 57.008
2018-09-19 15:48:47,314:INFO: [TRAIN] Step: 1107 ; Loss: 14.107 ; Acc: 57.010
2018-09-19 15:48:47,409:INFO: [TRAIN] Step: 1108 ; Loss: 15.336 ; Acc: 57.022
2018-09-19 15:48:47,508:INFO: [TRAIN] Step: 1109 ; Loss: 17.756 ; Acc: 57.016
2018-09-19 15:48:47,610:INFO: [TRAIN] Step: 1110 ; Loss: 16.859 ; Acc: 57.013
2018-09-19 15:48:47,705:INFO: [TRAIN] Step: 1111 ; Loss: 19.141 ; Acc: 57.014
2018-09-19 15:48:47,797:INFO: [TRAIN] Step: 1112 ; Loss: 16.842 ; Acc: 57.023
2018-09-19 15:48:47,895:INFO: [TRAIN] Step: 1113 ; Loss: 15.268 ; Acc: 57.035
2018-09-19 15:48:47,989:INFO: [TRAIN] Step: 1114 ; Loss: 16.247 ; Acc: 57.052
2018-09-19 15:48:48,086:INFO: [TRAIN] Step: 1115 ; Loss: 12.799 ; Acc: 57.068
2018-09-19 15:48:48,180:INFO: [TRAIN] Step: 1116 ; Loss: 14.818 ; Acc: 57.087
2018-09-19 15:48:48,285:INFO: [TRAIN] Step: 1117 ; Loss: 17.311 ; Acc: 57.107
2018-09-19 15:48:48,379:INFO: [TRAIN] Step: 1118 ; Loss: 17.912 ; Acc: 57.116
2018-09-19 15:48:48,477:INFO: [TRAIN] Step: 1119 ; Loss: 24.588 ; Acc: 57.106
2018-09-19 15:48:48,573:INFO: [TRAIN] Step: 1120 ; Loss: 15.134 ; Acc: 57.122
2018-09-19 15:48:48,673:INFO: [TRAIN] Step: 1121 ; Loss: 20.551 ; Acc: 57.126
2018-09-19 15:48:48,763:INFO: [TRAIN] Step: 1122 ; Loss: 14.421 ; Acc: 57.153
2018-09-19 15:48:48,862:INFO: [TRAIN] Step: 1123 ; Loss: 18.348 ; Acc: 57.166
2018-09-19 15:48:48,958:INFO: [TRAIN] Step: 1124 ; Loss: 19.029 ; Acc: 57.163
2018-09-19 15:48:49,059:INFO: [TRAIN] Step: 1125 ; Loss: 17.270 ; Acc: 57.164
2018-09-19 15:48:49,158:INFO: [TRAIN] Step: 1126 ; Loss: 22.719 ; Acc: 57.158
2018-09-19 15:48:49,259:INFO: [TRAIN] Step: 1127 ; Loss: 19.121 ; Acc: 57.151
2018-09-19 15:48:49,354:INFO: [TRAIN] Step: 1128 ; Loss: 20.280 ; Acc: 57.149
2018-09-19 15:48:49,459:INFO: [TRAIN] Step: 1129 ; Loss: 15.052 ; Acc: 57.157
2018-09-19 15:48:49,553:INFO: [TRAIN] Step: 1130 ; Loss: 23.610 ; Acc: 57.169
2018-09-19 15:48:49,651:INFO: [TRAIN] Step: 1131 ; Loss: 18.152 ; Acc: 57.163
2018-09-19 15:48:49,749:INFO: [TRAIN] Step: 1132 ; Loss: 21.184 ; Acc: 57.168
2018-09-19 15:48:49,846:INFO: [TRAIN] Step: 1133 ; Loss: 16.548 ; Acc: 57.187
2018-09-19 15:48:49,937:INFO: [TRAIN] Step: 1134 ; Loss: 19.661 ; Acc: 57.195
2018-09-19 15:48:50,037:INFO: [TRAIN] Step: 1135 ; Loss: 15.046 ; Acc: 57.211
2018-09-19 15:48:50,133:INFO: [TRAIN] Step: 1136 ; Loss: 17.935 ; Acc: 57.216
2018-09-19 15:48:50,230:INFO: [TRAIN] Step: 1137 ; Loss: 14.062 ; Acc: 57.231
2018-09-19 15:48:50,321:INFO: [TRAIN] Step: 1138 ; Loss: 22.861 ; Acc: 57.214
2018-09-19 15:48:50,421:INFO: [TRAIN] Step: 1139 ; Loss: 20.751 ; Acc: 57.215
2018-09-19 15:48:50,516:INFO: [TRAIN] Step: 1140 ; Loss: 13.946 ; Acc: 57.234
2018-09-19 15:48:50,611:INFO: [TRAIN] Step: 1141 ; Loss: 14.229 ; Acc: 57.239
2018-09-19 15:48:50,702:INFO: [TRAIN] Step: 1142 ; Loss: 16.504 ; Acc: 57.254
2018-09-19 15:48:50,798:INFO: [TRAIN] Step: 1143 ; Loss: 18.556 ; Acc: 57.252
2018-09-19 15:48:50,894:INFO: [TRAIN] Step: 1144 ; Loss: 15.479 ; Acc: 57.274
2018-09-19 15:48:50,994:INFO: [TRAIN] Step: 1145 ; Loss: 16.881 ; Acc: 57.283
2018-09-19 15:48:51,093:INFO: [TRAIN] Step: 1146 ; Loss: 22.288 ; Acc: 57.298
2018-09-19 15:48:51,191:INFO: [TRAIN] Step: 1147 ; Loss: 16.491 ; Acc: 57.310
2018-09-19 15:48:51,282:INFO: [TRAIN] Step: 1148 ; Loss: 18.418 ; Acc: 57.318
2018-09-19 15:48:51,380:INFO: [TRAIN] Step: 1149 ; Loss: 16.278 ; Acc: 57.322
2018-09-19 15:48:51,471:INFO: [TRAIN] Step: 1150 ; Loss: 18.083 ; Acc: 57.320
2018-09-19 15:48:51,571:INFO: [TRAIN] Step: 1151 ; Loss: 15.612 ; Acc: 57.317
2018-09-19 15:48:51,667:INFO: [TRAIN] Step: 1152 ; Loss: 15.474 ; Acc: 57.314
2018-09-19 15:48:51,765:INFO: [TRAIN] Step: 1153 ; Loss: 19.851 ; Acc: 57.315
2018-09-19 15:48:51,855:INFO: [TRAIN] Step: 1154 ; Loss: 20.730 ; Acc: 57.309
2018-09-19 15:48:51,956:INFO: [TRAIN] Step: 1155 ; Loss: 18.042 ; Acc: 57.317
2018-09-19 15:48:52,053:INFO: [TRAIN] Step: 1156 ; Loss: 19.976 ; Acc: 57.318
2018-09-19 15:48:52,151:INFO: [TRAIN] Step: 1157 ; Loss: 16.492 ; Acc: 57.329
2018-09-19 15:48:52,245:INFO: [TRAIN] Step: 1158 ; Loss: 19.452 ; Acc: 57.338
2018-09-19 15:48:52,346:INFO: [TRAIN] Step: 1159 ; Loss: 17.238 ; Acc: 57.346
2018-09-19 15:48:52,439:INFO: [TRAIN] Step: 1160 ; Loss: 18.378 ; Acc: 57.346
2018-09-19 15:48:52,538:INFO: [TRAIN] Step: 1161 ; Loss: 24.080 ; Acc: 57.354
2018-09-19 15:48:52,634:INFO: [TRAIN] Step: 1162 ; Loss: 17.666 ; Acc: 57.362
2018-09-19 15:48:52,732:INFO: [TRAIN] Step: 1163 ; Loss: 13.482 ; Acc: 57.370
2018-09-19 15:48:52,821:INFO: [TRAIN] Step: 1164 ; Loss: 20.551 ; Acc: 57.361
2018-09-19 15:48:52,916:INFO: [TRAIN] Step: 1165 ; Loss: 16.891 ; Acc: 57.368
2018-09-19 15:48:53,009:INFO: [TRAIN] Step: 1166 ; Loss: 19.206 ; Acc: 57.373
2018-09-19 15:48:53,107:INFO: [TRAIN] Step: 1167 ; Loss: 17.133 ; Acc: 57.374
2018-09-19 15:48:53,203:INFO: [TRAIN] Step: 1168 ; Loss: 15.628 ; Acc: 57.378
2018-09-19 15:48:53,299:INFO: [TRAIN] Step: 1169 ; Loss: 17.179 ; Acc: 57.379
2018-09-19 15:48:53,392:INFO: [TRAIN] Step: 1170 ; Loss: 15.191 ; Acc: 57.390
2018-09-19 15:48:53,489:INFO: [TRAIN] Step: 1171 ; Loss: 17.059 ; Acc: 57.395
2018-09-19 15:48:53,582:INFO: [TRAIN] Step: 1172 ; Loss: 16.739 ; Acc: 57.403
2018-09-19 15:48:53,683:INFO: [TRAIN] Step: 1173 ; Loss: 17.947 ; Acc: 57.418
2018-09-19 15:48:53,773:INFO: [TRAIN] Step: 1174 ; Loss: 15.083 ; Acc: 57.426
2018-09-19 15:48:53,874:INFO: [TRAIN] Step: 1175 ; Loss: 21.840 ; Acc: 57.419
2018-09-19 15:48:53,967:INFO: [TRAIN] Step: 1176 ; Loss: 22.089 ; Acc: 57.409
2018-09-19 15:48:54,076:INFO: [TRAIN] Step: 1177 ; Loss: 16.415 ; Acc: 57.414
2018-09-19 15:48:54,169:INFO: [TRAIN] Step: 1178 ; Loss: 18.444 ; Acc: 57.407
2018-09-19 15:48:54,273:INFO: [TRAIN] Step: 1179 ; Loss: 13.521 ; Acc: 57.415
2018-09-19 15:48:54,362:INFO: [TRAIN] Step: 1180 ; Loss: 18.619 ; Acc: 57.413
2018-09-19 15:48:54,460:INFO: [TRAIN] Step: 1181 ; Loss: 14.375 ; Acc: 57.420
2018-09-19 15:48:54,550:INFO: [TRAIN] Step: 1182 ; Loss: 21.994 ; Acc: 57.414
2018-09-19 15:48:54,646:INFO: [TRAIN] Step: 1183 ; Loss: 17.270 ; Acc: 57.425
2018-09-19 15:48:54,743:INFO: [TRAIN] Step: 1184 ; Loss: 22.986 ; Acc: 57.423
2018-09-19 15:48:54,844:INFO: [TRAIN] Step: 1185 ; Loss: 16.577 ; Acc: 57.423
2018-09-19 15:48:54,938:INFO: [TRAIN] Step: 1186 ; Loss: 17.031 ; Acc: 57.421
2018-09-19 15:48:55,037:INFO: [TRAIN] Step: 1187 ; Loss: 16.672 ; Acc: 57.421
2018-09-19 15:48:55,132:INFO: [TRAIN] Step: 1188 ; Loss: 20.490 ; Acc: 57.405
2018-09-19 15:48:55,235:INFO: [TRAIN] Step: 1189 ; Loss: 15.240 ; Acc: 57.416
2018-09-19 15:49:00,575:INFO: [EVAL] Step: 1190 ; Loss: 0.182 ; Acc: 0.640
