2018-09-19 15:59:44,519:INFO: ### Model ###
LeNet5(
  (convnet): Sequential(
    (0): Conv2d(1, 6, kernel_size=(5, 5), stride=(1, 1))
    (1): ReLU()
    (2): MaxPool2d(kernel_size=(2, 2), stride=2, padding=0, dilation=1, ceil_mode=False)
    (3): Conv2d(6, 16, kernel_size=(5, 5), stride=(1, 1))
    (4): ReLU()
    (5): MaxPool2d(kernel_size=(2, 2), stride=2, padding=0, dilation=1, ceil_mode=False)
    (6): Conv2d(16, 120, kernel_size=(5, 5), stride=(1, 1))
    (7): ReLU()
    (8): Conv2d(120, 240, kernel_size=(5, 5), stride=(1, 1))
    (9): ReLU()
  )
  (fc): Sequential(
    (0): Linear(in_features=240, out_features=84, bias=True)
    (1): ReLU()
    (2): Linear(in_features=84, out_features=10, bias=True)
  )
)
2018-09-19 15:59:44,520:INFO: ### Optimizer ###
Adam (
Parameter Group 0
    amsgrad: False
    betas: (0.9, 0.999)
    eps: 1e-08
    lr: 0.005
    weight_decay: 0
)
2018-09-19 15:59:44,521:INFO: ### HParams ###
n_epochs: 1 ; data: ferplus ; label: ferplus_votes ; batch_size: 24 ; lr: 0.005 ; wd: 0 ; init: kaiming_he ; eval_steps: 1190
2018-09-19 15:59:44,769:INFO: [TRAIN] Step: 0 ; Loss: 46.780 ; Acc: 4.167
2018-09-19 15:59:44,848:INFO: [TRAIN] Step: 1 ; Loss: 538.272 ; Acc: 10.417
2018-09-19 15:59:44,925:INFO: [TRAIN] Step: 2 ; Loss: 54.130 ; Acc: 20.833
2018-09-19 15:59:45,003:INFO: [TRAIN] Step: 3 ; Loss: 48.101 ; Acc: 20.833
2018-09-19 15:59:45,074:INFO: [TRAIN] Step: 4 ; Loss: 50.002 ; Acc: 18.333
2018-09-19 15:59:45,160:INFO: [TRAIN] Step: 5 ; Loss: 38.358 ; Acc: 18.750
2018-09-19 15:59:45,235:INFO: [TRAIN] Step: 6 ; Loss: 37.796 ; Acc: 17.262
2018-09-19 15:59:45,321:INFO: [TRAIN] Step: 7 ; Loss: 37.190 ; Acc: 16.146
2018-09-19 15:59:45,402:INFO: [TRAIN] Step: 8 ; Loss: 35.236 ; Acc: 16.667
2018-09-19 15:59:45,478:INFO: [TRAIN] Step: 9 ; Loss: 36.153 ; Acc: 17.500
2018-09-19 15:59:45,548:INFO: [TRAIN] Step: 10 ; Loss: 35.705 ; Acc: 19.318
2018-09-19 15:59:45,626:INFO: [TRAIN] Step: 11 ; Loss: 31.539 ; Acc: 20.833
2018-09-19 15:59:45,698:INFO: [TRAIN] Step: 12 ; Loss: 30.084 ; Acc: 22.756
2018-09-19 15:59:45,782:INFO: [TRAIN] Step: 13 ; Loss: 30.871 ; Acc: 23.214
2018-09-19 15:59:45,860:INFO: [TRAIN] Step: 14 ; Loss: 32.315 ; Acc: 24.722
2018-09-19 15:59:45,934:INFO: [TRAIN] Step: 15 ; Loss: 29.160 ; Acc: 25.781
2018-09-19 15:59:46,005:INFO: [TRAIN] Step: 16 ; Loss: 37.196 ; Acc: 25.490
2018-09-19 15:59:46,081:INFO: [TRAIN] Step: 17 ; Loss: 26.169 ; Acc: 25.694
2018-09-19 15:59:46,153:INFO: [TRAIN] Step: 18 ; Loss: 28.659 ; Acc: 25.877
2018-09-19 15:59:46,231:INFO: [TRAIN] Step: 19 ; Loss: 26.117 ; Acc: 26.458
2018-09-19 15:59:46,310:INFO: [TRAIN] Step: 20 ; Loss: 31.456 ; Acc: 26.984
2018-09-19 15:59:46,387:INFO: [TRAIN] Step: 21 ; Loss: 30.685 ; Acc: 26.705
2018-09-19 15:59:46,469:INFO: [TRAIN] Step: 22 ; Loss: 26.783 ; Acc: 27.174
2018-09-19 15:59:46,587:INFO: [TRAIN] Step: 23 ; Loss: 29.505 ; Acc: 27.257
2018-09-19 15:59:46,692:INFO: [TRAIN] Step: 24 ; Loss: 32.318 ; Acc: 27.167
2018-09-19 15:59:46,811:INFO: [TRAIN] Step: 25 ; Loss: 27.118 ; Acc: 27.564
2018-09-19 15:59:46,911:INFO: [TRAIN] Step: 26 ; Loss: 29.766 ; Acc: 28.241
2018-09-19 15:59:47,018:INFO: [TRAIN] Step: 27 ; Loss: 26.472 ; Acc: 28.869
2018-09-19 15:59:47,118:INFO: [TRAIN] Step: 28 ; Loss: 29.149 ; Acc: 28.879
2018-09-19 15:59:47,217:INFO: [TRAIN] Step: 29 ; Loss: 26.629 ; Acc: 29.167
2018-09-19 15:59:47,297:INFO: [TRAIN] Step: 30 ; Loss: 23.082 ; Acc: 29.570
2018-09-19 15:59:47,404:INFO: [TRAIN] Step: 31 ; Loss: 30.085 ; Acc: 29.818
2018-09-19 15:59:47,511:INFO: [TRAIN] Step: 32 ; Loss: 26.290 ; Acc: 29.924
2018-09-19 15:59:47,624:INFO: [TRAIN] Step: 33 ; Loss: 25.343 ; Acc: 29.902
2018-09-19 15:59:47,696:INFO: [TRAIN] Step: 34 ; Loss: 29.517 ; Acc: 30.119
2018-09-19 15:59:47,776:INFO: [TRAIN] Step: 35 ; Loss: 25.754 ; Acc: 29.745
2018-09-19 15:59:47,882:INFO: [TRAIN] Step: 36 ; Loss: 29.287 ; Acc: 30.068
2018-09-19 15:59:47,982:INFO: [TRAIN] Step: 37 ; Loss: 31.079 ; Acc: 29.825
2018-09-19 15:59:48,069:INFO: [TRAIN] Step: 38 ; Loss: 31.486 ; Acc: 29.915
2018-09-19 15:59:48,147:INFO: [TRAIN] Step: 39 ; Loss: 26.924 ; Acc: 30.417
2018-09-19 15:59:48,219:INFO: [TRAIN] Step: 40 ; Loss: 30.038 ; Acc: 30.285
2018-09-19 15:59:48,297:INFO: [TRAIN] Step: 41 ; Loss: 26.057 ; Acc: 30.456
2018-09-19 15:59:48,369:INFO: [TRAIN] Step: 42 ; Loss: 31.862 ; Acc: 30.620
2018-09-19 15:59:48,449:INFO: [TRAIN] Step: 43 ; Loss: 34.360 ; Acc: 30.587
2018-09-19 15:59:48,526:INFO: [TRAIN] Step: 44 ; Loss: 31.344 ; Acc: 30.648
2018-09-19 15:59:48,612:INFO: [TRAIN] Step: 45 ; Loss: 30.007 ; Acc: 30.525
2018-09-19 15:59:48,705:INFO: [TRAIN] Step: 46 ; Loss: 30.773 ; Acc: 30.319
2018-09-19 15:59:48,804:INFO: [TRAIN] Step: 47 ; Loss: 31.045 ; Acc: 30.295
2018-09-19 15:59:48,884:INFO: [TRAIN] Step: 48 ; Loss: 25.757 ; Acc: 30.782
2018-09-19 15:59:48,961:INFO: [TRAIN] Step: 49 ; Loss: 29.290 ; Acc: 30.917
2018-09-19 15:59:49,031:INFO: [TRAIN] Step: 50 ; Loss: 28.939 ; Acc: 30.882
2018-09-19 15:59:49,109:INFO: [TRAIN] Step: 51 ; Loss: 29.745 ; Acc: 30.929
2018-09-19 15:59:49,183:INFO: [TRAIN] Step: 52 ; Loss: 28.848 ; Acc: 30.739
2018-09-19 15:59:49,268:INFO: [TRAIN] Step: 53 ; Loss: 30.839 ; Acc: 30.556
2018-09-19 15:59:49,347:INFO: [TRAIN] Step: 54 ; Loss: 31.026 ; Acc: 30.682
2018-09-19 15:59:49,424:INFO: [TRAIN] Step: 55 ; Loss: 28.890 ; Acc: 30.580
2018-09-19 15:59:49,495:INFO: [TRAIN] Step: 56 ; Loss: 27.329 ; Acc: 30.629
2018-09-19 15:59:49,570:INFO: [TRAIN] Step: 57 ; Loss: 32.249 ; Acc: 30.532
2018-09-19 15:59:49,647:INFO: [TRAIN] Step: 58 ; Loss: 30.864 ; Acc: 30.438
2018-09-19 15:59:49,727:INFO: [TRAIN] Step: 59 ; Loss: 28.731 ; Acc: 30.556
2018-09-19 15:59:49,803:INFO: [TRAIN] Step: 60 ; Loss: 33.378 ; Acc: 30.396
2018-09-19 15:59:49,880:INFO: [TRAIN] Step: 61 ; Loss: 29.510 ; Acc: 30.242
2018-09-19 15:59:49,949:INFO: [TRAIN] Step: 62 ; Loss: 24.336 ; Acc: 30.159
2018-09-19 15:59:50,027:INFO: [TRAIN] Step: 63 ; Loss: 26.303 ; Acc: 30.143
2018-09-19 15:59:50,102:INFO: [TRAIN] Step: 64 ; Loss: 32.950 ; Acc: 30.064
2018-09-19 15:59:50,183:INFO: [TRAIN] Step: 65 ; Loss: 28.127 ; Acc: 30.114
2018-09-19 15:59:50,258:INFO: [TRAIN] Step: 66 ; Loss: 30.724 ; Acc: 30.100
2018-09-19 15:59:50,343:INFO: [TRAIN] Step: 67 ; Loss: 27.398 ; Acc: 30.208
2018-09-19 15:59:50,420:INFO: [TRAIN] Step: 68 ; Loss: 23.990 ; Acc: 30.616
2018-09-19 15:59:50,498:INFO: [TRAIN] Step: 69 ; Loss: 29.227 ; Acc: 30.714
2018-09-19 15:59:50,574:INFO: [TRAIN] Step: 70 ; Loss: 34.692 ; Acc: 30.751
2018-09-19 15:59:50,655:INFO: [TRAIN] Step: 71 ; Loss: 30.420 ; Acc: 30.961
2018-09-19 15:59:50,732:INFO: [TRAIN] Step: 72 ; Loss: 28.716 ; Acc: 30.936
2018-09-19 15:59:50,815:INFO: [TRAIN] Step: 73 ; Loss: 32.039 ; Acc: 30.912
2018-09-19 15:59:50,890:INFO: [TRAIN] Step: 74 ; Loss: 29.123 ; Acc: 31.111
2018-09-19 15:59:50,987:INFO: [TRAIN] Step: 75 ; Loss: 30.378 ; Acc: 31.195
2018-09-19 15:59:51,063:INFO: [TRAIN] Step: 76 ; Loss: 33.202 ; Acc: 31.223
2018-09-19 15:59:51,139:INFO: [TRAIN] Step: 77 ; Loss: 27.003 ; Acc: 31.410
2018-09-19 15:59:51,219:INFO: [TRAIN] Step: 78 ; Loss: 28.700 ; Acc: 31.487
2018-09-19 15:59:51,297:INFO: [TRAIN] Step: 79 ; Loss: 26.434 ; Acc: 31.615
2018-09-19 15:59:51,368:INFO: [TRAIN] Step: 80 ; Loss: 30.879 ; Acc: 31.687
2018-09-19 15:59:51,453:INFO: [TRAIN] Step: 81 ; Loss: 27.036 ; Acc: 31.809
2018-09-19 15:59:51,525:INFO: [TRAIN] Step: 82 ; Loss: 30.603 ; Acc: 31.777
2018-09-19 15:59:51,602:INFO: [TRAIN] Step: 83 ; Loss: 27.647 ; Acc: 31.647
2018-09-19 15:59:51,672:INFO: [TRAIN] Step: 84 ; Loss: 31.274 ; Acc: 31.667
2018-09-19 15:59:51,748:INFO: [TRAIN] Step: 85 ; Loss: 27.427 ; Acc: 31.880
2018-09-19 15:59:51,819:INFO: [TRAIN] Step: 86 ; Loss: 29.843 ; Acc: 31.753
2018-09-19 15:59:51,900:INFO: [TRAIN] Step: 87 ; Loss: 32.406 ; Acc: 31.866
2018-09-19 15:59:51,987:INFO: [TRAIN] Step: 88 ; Loss: 28.245 ; Acc: 31.929
2018-09-19 15:59:52,064:INFO: [TRAIN] Step: 89 ; Loss: 32.204 ; Acc: 31.991
2018-09-19 15:59:52,133:INFO: [TRAIN] Step: 90 ; Loss: 29.406 ; Acc: 32.005
2018-09-19 15:59:52,209:INFO: [TRAIN] Step: 91 ; Loss: 28.702 ; Acc: 32.020
2018-09-19 15:59:52,282:INFO: [TRAIN] Step: 92 ; Loss: 25.875 ; Acc: 32.168
2018-09-19 15:59:52,361:INFO: [TRAIN] Step: 93 ; Loss: 29.089 ; Acc: 32.137
2018-09-19 15:59:52,431:INFO: [TRAIN] Step: 94 ; Loss: 28.275 ; Acc: 32.325
2018-09-19 15:59:52,511:INFO: [TRAIN] Step: 95 ; Loss: 27.803 ; Acc: 32.509
2018-09-19 15:59:52,582:INFO: [TRAIN] Step: 96 ; Loss: 28.609 ; Acc: 32.388
2018-09-19 15:59:52,660:INFO: [TRAIN] Step: 97 ; Loss: 30.827 ; Acc: 32.483
2018-09-19 15:59:52,732:INFO: [TRAIN] Step: 98 ; Loss: 25.532 ; Acc: 32.618
2018-09-19 15:59:52,814:INFO: [TRAIN] Step: 99 ; Loss: 28.085 ; Acc: 32.542
2018-09-19 15:59:52,886:INFO: [TRAIN] Step: 100 ; Loss: 31.868 ; Acc: 32.467
2018-09-19 15:59:52,964:INFO: [TRAIN] Step: 101 ; Loss: 27.258 ; Acc: 32.639
2018-09-19 15:59:53,041:INFO: [TRAIN] Step: 102 ; Loss: 28.440 ; Acc: 32.605
2018-09-19 15:59:53,121:INFO: [TRAIN] Step: 103 ; Loss: 30.356 ; Acc: 32.572
2018-09-19 15:59:53,196:INFO: [TRAIN] Step: 104 ; Loss: 23.084 ; Acc: 32.659
2018-09-19 15:59:53,276:INFO: [TRAIN] Step: 105 ; Loss: 24.332 ; Acc: 32.626
2018-09-19 15:59:53,347:INFO: [TRAIN] Step: 106 ; Loss: 28.823 ; Acc: 32.710
2018-09-19 15:59:53,421:INFO: [TRAIN] Step: 107 ; Loss: 29.310 ; Acc: 32.677
2018-09-19 15:59:53,489:INFO: [TRAIN] Step: 108 ; Loss: 29.978 ; Acc: 32.683
2018-09-19 15:59:53,567:INFO: [TRAIN] Step: 109 ; Loss: 26.503 ; Acc: 32.765
2018-09-19 15:59:53,653:INFO: [TRAIN] Step: 110 ; Loss: 27.169 ; Acc: 32.770
2018-09-19 15:59:53,728:INFO: [TRAIN] Step: 111 ; Loss: 30.773 ; Acc: 32.664
2018-09-19 15:59:53,801:INFO: [TRAIN] Step: 112 ; Loss: 25.627 ; Acc: 32.743
2018-09-19 15:59:53,877:INFO: [TRAIN] Step: 113 ; Loss: 32.408 ; Acc: 32.566
2018-09-19 15:59:53,949:INFO: [TRAIN] Step: 114 ; Loss: 30.054 ; Acc: 32.645
2018-09-19 15:59:54,024:INFO: [TRAIN] Step: 115 ; Loss: 27.162 ; Acc: 32.687
2018-09-19 15:59:54,095:INFO: [TRAIN] Step: 116 ; Loss: 25.038 ; Acc: 32.870
2018-09-19 15:59:54,171:INFO: [TRAIN] Step: 117 ; Loss: 27.319 ; Acc: 32.945
2018-09-19 15:59:54,243:INFO: [TRAIN] Step: 118 ; Loss: 31.844 ; Acc: 32.948
2018-09-19 15:59:54,318:INFO: [TRAIN] Step: 119 ; Loss: 28.500 ; Acc: 32.951
2018-09-19 15:59:54,388:INFO: [TRAIN] Step: 120 ; Loss: 31.132 ; Acc: 32.920
2018-09-19 15:59:54,467:INFO: [TRAIN] Step: 121 ; Loss: 26.781 ; Acc: 33.026
2018-09-19 15:59:54,550:INFO: [TRAIN] Step: 122 ; Loss: 31.852 ; Acc: 33.062
2018-09-19 15:59:54,629:INFO: [TRAIN] Step: 123 ; Loss: 28.506 ; Acc: 33.098
2018-09-19 15:59:54,699:INFO: [TRAIN] Step: 124 ; Loss: 27.402 ; Acc: 33.133
2018-09-19 15:59:54,775:INFO: [TRAIN] Step: 125 ; Loss: 32.969 ; Acc: 32.970
2018-09-19 15:59:54,847:INFO: [TRAIN] Step: 126 ; Loss: 27.227 ; Acc: 33.038
2018-09-19 15:59:54,927:INFO: [TRAIN] Step: 127 ; Loss: 28.867 ; Acc: 33.171
2018-09-19 15:59:54,997:INFO: [TRAIN] Step: 128 ; Loss: 26.301 ; Acc: 33.236
2018-09-19 15:59:55,080:INFO: [TRAIN] Step: 129 ; Loss: 30.183 ; Acc: 33.141
2018-09-19 15:59:55,151:INFO: [TRAIN] Step: 130 ; Loss: 29.372 ; Acc: 33.206
2018-09-19 15:59:55,226:INFO: [TRAIN] Step: 131 ; Loss: 26.662 ; Acc: 33.239
2018-09-19 15:59:55,299:INFO: [TRAIN] Step: 132 ; Loss: 28.920 ; Acc: 33.271
2018-09-19 15:59:55,375:INFO: [TRAIN] Step: 133 ; Loss: 26.195 ; Acc: 33.333
2018-09-19 15:59:55,448:INFO: [TRAIN] Step: 134 ; Loss: 31.717 ; Acc: 33.395
2018-09-19 15:59:55,525:INFO: [TRAIN] Step: 135 ; Loss: 27.785 ; Acc: 33.517
2018-09-19 15:59:55,599:INFO: [TRAIN] Step: 136 ; Loss: 28.480 ; Acc: 33.577
2018-09-19 15:59:55,676:INFO: [TRAIN] Step: 137 ; Loss: 26.533 ; Acc: 33.635
2018-09-19 15:59:55,749:INFO: [TRAIN] Step: 138 ; Loss: 29.294 ; Acc: 33.543
2018-09-19 15:59:55,826:INFO: [TRAIN] Step: 139 ; Loss: 31.816 ; Acc: 33.542
2018-09-19 15:59:55,902:INFO: [TRAIN] Step: 140 ; Loss: 28.554 ; Acc: 33.540
2018-09-19 15:59:55,979:INFO: [TRAIN] Step: 141 ; Loss: 26.069 ; Acc: 33.656
2018-09-19 15:59:56,049:INFO: [TRAIN] Step: 142 ; Loss: 26.729 ; Acc: 33.741
2018-09-19 15:59:56,125:INFO: [TRAIN] Step: 143 ; Loss: 26.551 ; Acc: 33.854
2018-09-19 15:59:56,196:INFO: [TRAIN] Step: 144 ; Loss: 28.716 ; Acc: 33.793
2018-09-19 15:59:56,273:INFO: [TRAIN] Step: 145 ; Loss: 23.858 ; Acc: 33.933
2018-09-19 15:59:56,347:INFO: [TRAIN] Step: 146 ; Loss: 24.658 ; Acc: 34.014
2018-09-19 15:59:56,425:INFO: [TRAIN] Step: 147 ; Loss: 31.049 ; Acc: 34.037
2018-09-19 15:59:56,495:INFO: [TRAIN] Step: 148 ; Loss: 31.075 ; Acc: 34.032
2018-09-19 15:59:56,572:INFO: [TRAIN] Step: 149 ; Loss: 28.290 ; Acc: 34.028
2018-09-19 15:59:56,643:INFO: [TRAIN] Step: 150 ; Loss: 25.673 ; Acc: 34.134
2018-09-19 15:59:56,722:INFO: [TRAIN] Step: 151 ; Loss: 26.732 ; Acc: 34.156
2018-09-19 15:59:56,792:INFO: [TRAIN] Step: 152 ; Loss: 29.871 ; Acc: 34.314
2018-09-19 15:59:56,870:INFO: [TRAIN] Step: 153 ; Loss: 29.111 ; Acc: 34.307
2018-09-19 15:59:56,942:INFO: [TRAIN] Step: 154 ; Loss: 28.958 ; Acc: 34.274
2018-09-19 15:59:57,022:INFO: [TRAIN] Step: 155 ; Loss: 28.555 ; Acc: 34.268
2018-09-19 15:59:57,093:INFO: [TRAIN] Step: 156 ; Loss: 29.073 ; Acc: 34.289
2018-09-19 15:59:57,171:INFO: [TRAIN] Step: 157 ; Loss: 27.843 ; Acc: 34.335
2018-09-19 15:59:57,241:INFO: [TRAIN] Step: 158 ; Loss: 31.557 ; Acc: 34.303
2018-09-19 15:59:57,317:INFO: [TRAIN] Step: 159 ; Loss: 28.077 ; Acc: 34.401
2018-09-19 15:59:57,390:INFO: [TRAIN] Step: 160 ; Loss: 28.589 ; Acc: 34.394
2018-09-19 15:59:57,465:INFO: [TRAIN] Step: 161 ; Loss: 28.710 ; Acc: 34.362
2018-09-19 15:59:57,543:INFO: [TRAIN] Step: 162 ; Loss: 30.693 ; Acc: 34.356
2018-09-19 15:59:57,620:INFO: [TRAIN] Step: 163 ; Loss: 26.255 ; Acc: 34.502
2018-09-19 15:59:57,691:INFO: [TRAIN] Step: 164 ; Loss: 29.898 ; Acc: 34.444
2018-09-19 15:59:57,770:INFO: [TRAIN] Step: 165 ; Loss: 27.233 ; Acc: 34.513
2018-09-19 15:59:57,846:INFO: [TRAIN] Step: 166 ; Loss: 25.171 ; Acc: 34.506
2018-09-19 15:59:57,923:INFO: [TRAIN] Step: 167 ; Loss: 26.172 ; Acc: 34.474
2018-09-19 15:59:57,993:INFO: [TRAIN] Step: 168 ; Loss: 26.605 ; Acc: 34.467
2018-09-19 15:59:58,069:INFO: [TRAIN] Step: 169 ; Loss: 27.847 ; Acc: 34.485
2018-09-19 15:59:58,141:INFO: [TRAIN] Step: 170 ; Loss: 30.440 ; Acc: 34.527
2018-09-19 15:59:58,218:INFO: [TRAIN] Step: 171 ; Loss: 25.243 ; Acc: 34.666
2018-09-19 15:59:58,288:INFO: [TRAIN] Step: 172 ; Loss: 28.972 ; Acc: 34.682
2018-09-19 15:59:58,368:INFO: [TRAIN] Step: 173 ; Loss: 26.135 ; Acc: 34.818
2018-09-19 15:59:58,438:INFO: [TRAIN] Step: 174 ; Loss: 29.239 ; Acc: 34.881
2018-09-19 15:59:58,512:INFO: [TRAIN] Step: 175 ; Loss: 24.921 ; Acc: 34.920
2018-09-19 15:59:58,586:INFO: [TRAIN] Step: 176 ; Loss: 25.881 ; Acc: 35.005
2018-09-19 15:59:58,663:INFO: [TRAIN] Step: 177 ; Loss: 27.610 ; Acc: 34.995
2018-09-19 15:59:58,734:INFO: [TRAIN] Step: 178 ; Loss: 30.547 ; Acc: 34.986
2018-09-19 15:59:58,810:INFO: [TRAIN] Step: 179 ; Loss: 33.642 ; Acc: 34.977
2018-09-19 15:59:58,882:INFO: [TRAIN] Step: 180 ; Loss: 25.913 ; Acc: 35.083
2018-09-19 15:59:58,957:INFO: [TRAIN] Step: 181 ; Loss: 28.014 ; Acc: 35.073
2018-09-19 15:59:59,026:INFO: [TRAIN] Step: 182 ; Loss: 31.627 ; Acc: 35.041
2018-09-19 15:59:59,102:INFO: [TRAIN] Step: 183 ; Loss: 24.535 ; Acc: 35.077
2018-09-19 15:59:59,172:INFO: [TRAIN] Step: 184 ; Loss: 28.205 ; Acc: 35.113
2018-09-19 15:59:59,251:INFO: [TRAIN] Step: 185 ; Loss: 24.850 ; Acc: 35.148
2018-09-19 15:59:59,322:INFO: [TRAIN] Step: 186 ; Loss: 29.960 ; Acc: 35.160
2018-09-19 15:59:59,396:INFO: [TRAIN] Step: 187 ; Loss: 27.816 ; Acc: 35.239
2018-09-19 15:59:59,470:INFO: [TRAIN] Step: 188 ; Loss: 26.333 ; Acc: 35.362
2018-09-19 15:59:59,545:INFO: [TRAIN] Step: 189 ; Loss: 29.522 ; Acc: 35.329
2018-09-19 15:59:59,619:INFO: [TRAIN] Step: 190 ; Loss: 24.645 ; Acc: 35.471
2018-09-19 15:59:59,694:INFO: [TRAIN] Step: 191 ; Loss: 25.417 ; Acc: 35.460
2018-09-19 15:59:59,764:INFO: [TRAIN] Step: 192 ; Loss: 22.338 ; Acc: 35.492
2018-09-19 15:59:59,839:INFO: [TRAIN] Step: 193 ; Loss: 27.107 ; Acc: 35.460
2018-09-19 15:59:59,912:INFO: [TRAIN] Step: 194 ; Loss: 28.350 ; Acc: 35.470
2018-09-19 15:59:59,991:INFO: [TRAIN] Step: 195 ; Loss: 32.470 ; Acc: 35.459
2018-09-19 16:00:00,063:INFO: [TRAIN] Step: 196 ; Loss: 26.045 ; Acc: 35.448
2018-09-19 16:00:00,140:INFO: [TRAIN] Step: 197 ; Loss: 28.200 ; Acc: 35.480
2018-09-19 16:00:00,210:INFO: [TRAIN] Step: 198 ; Loss: 28.917 ; Acc: 35.490
2018-09-19 16:00:00,284:INFO: [TRAIN] Step: 199 ; Loss: 29.105 ; Acc: 35.458
2018-09-19 16:00:00,356:INFO: [TRAIN] Step: 200 ; Loss: 23.744 ; Acc: 35.489
2018-09-19 16:00:00,433:INFO: [TRAIN] Step: 201 ; Loss: 27.668 ; Acc: 35.499
2018-09-19 16:00:00,507:INFO: [TRAIN] Step: 202 ; Loss: 27.147 ; Acc: 35.550
2018-09-19 16:00:00,583:INFO: [TRAIN] Step: 203 ; Loss: 25.727 ; Acc: 35.600
2018-09-19 16:00:00,653:INFO: [TRAIN] Step: 204 ; Loss: 25.010 ; Acc: 35.650
2018-09-19 16:00:00,733:INFO: [TRAIN] Step: 205 ; Loss: 25.846 ; Acc: 35.680
2018-09-19 16:00:00,810:INFO: [TRAIN] Step: 206 ; Loss: 27.756 ; Acc: 35.729
2018-09-19 16:00:00,884:INFO: [TRAIN] Step: 207 ; Loss: 26.668 ; Acc: 35.817
2018-09-19 16:00:00,956:INFO: [TRAIN] Step: 208 ; Loss: 26.488 ; Acc: 35.845
2018-09-19 16:00:01,032:INFO: [TRAIN] Step: 209 ; Loss: 23.554 ; Acc: 35.972
2018-09-19 16:00:01,103:INFO: [TRAIN] Step: 210 ; Loss: 23.027 ; Acc: 36.039
2018-09-19 16:00:01,178:INFO: [TRAIN] Step: 211 ; Loss: 25.313 ; Acc: 36.105
2018-09-19 16:00:01,249:INFO: [TRAIN] Step: 212 ; Loss: 24.557 ; Acc: 36.131
2018-09-19 16:00:01,327:INFO: [TRAIN] Step: 213 ; Loss: 25.220 ; Acc: 36.176
2018-09-19 16:00:01,397:INFO: [TRAIN] Step: 214 ; Loss: 30.416 ; Acc: 36.143
2018-09-19 16:00:01,472:INFO: [TRAIN] Step: 215 ; Loss: 23.478 ; Acc: 36.188
2018-09-19 16:00:01,544:INFO: [TRAIN] Step: 216 ; Loss: 28.434 ; Acc: 36.156
2018-09-19 16:00:01,618:INFO: [TRAIN] Step: 217 ; Loss: 21.407 ; Acc: 36.239
2018-09-19 16:00:01,687:INFO: [TRAIN] Step: 218 ; Loss: 28.358 ; Acc: 36.301
2018-09-19 16:00:01,763:INFO: [TRAIN] Step: 219 ; Loss: 25.237 ; Acc: 36.307
2018-09-19 16:00:01,833:INFO: [TRAIN] Step: 220 ; Loss: 23.073 ; Acc: 36.350
2018-09-19 16:00:01,943:INFO: [TRAIN] Step: 221 ; Loss: 24.293 ; Acc: 36.411
2018-09-19 16:00:02,021:INFO: [TRAIN] Step: 222 ; Loss: 26.273 ; Acc: 36.472
2018-09-19 16:00:02,098:INFO: [TRAIN] Step: 223 ; Loss: 24.924 ; Acc: 36.477
2018-09-19 16:00:02,174:INFO: [TRAIN] Step: 224 ; Loss: 26.339 ; Acc: 36.463
2018-09-19 16:00:02,250:INFO: [TRAIN] Step: 225 ; Loss: 27.036 ; Acc: 36.504
2018-09-19 16:00:02,325:INFO: [TRAIN] Step: 226 ; Loss: 28.407 ; Acc: 36.509
2018-09-19 16:00:02,403:INFO: [TRAIN] Step: 227 ; Loss: 25.231 ; Acc: 36.513
2018-09-19 16:00:02,478:INFO: [TRAIN] Step: 228 ; Loss: 27.330 ; Acc: 36.517
2018-09-19 16:00:02,556:INFO: [TRAIN] Step: 229 ; Loss: 27.071 ; Acc: 36.594
2018-09-19 16:00:02,630:INFO: [TRAIN] Step: 230 ; Loss: 25.948 ; Acc: 36.652
2018-09-19 16:00:02,708:INFO: [TRAIN] Step: 231 ; Loss: 28.381 ; Acc: 36.764
2018-09-19 16:00:02,781:INFO: [TRAIN] Step: 232 ; Loss: 24.208 ; Acc: 36.838
2018-09-19 16:00:02,858:INFO: [TRAIN] Step: 233 ; Loss: 26.962 ; Acc: 36.859
2018-09-19 16:00:02,928:INFO: [TRAIN] Step: 234 ; Loss: 24.299 ; Acc: 36.950
2018-09-19 16:00:03,005:INFO: [TRAIN] Step: 235 ; Loss: 20.231 ; Acc: 37.041
2018-09-19 16:00:03,076:INFO: [TRAIN] Step: 236 ; Loss: 25.552 ; Acc: 37.113
2018-09-19 16:00:03,158:INFO: [TRAIN] Step: 237 ; Loss: 26.414 ; Acc: 37.167
2018-09-19 16:00:03,229:INFO: [TRAIN] Step: 238 ; Loss: 24.112 ; Acc: 37.256
2018-09-19 16:00:03,305:INFO: [TRAIN] Step: 239 ; Loss: 26.123 ; Acc: 37.274
2018-09-19 16:00:03,377:INFO: [TRAIN] Step: 240 ; Loss: 29.851 ; Acc: 37.275
2018-09-19 16:00:03,453:INFO: [TRAIN] Step: 241 ; Loss: 23.278 ; Acc: 37.362
2018-09-19 16:00:03,522:INFO: [TRAIN] Step: 242 ; Loss: 28.117 ; Acc: 37.346
2018-09-19 16:00:03,599:INFO: [TRAIN] Step: 243 ; Loss: 27.719 ; Acc: 37.346
2018-09-19 16:00:03,672:INFO: [TRAIN] Step: 244 ; Loss: 25.185 ; Acc: 37.432
2018-09-19 16:00:03,746:INFO: [TRAIN] Step: 245 ; Loss: 28.227 ; Acc: 37.449
2018-09-19 16:00:03,817:INFO: [TRAIN] Step: 246 ; Loss: 23.513 ; Acc: 37.534
2018-09-19 16:00:03,891:INFO: [TRAIN] Step: 247 ; Loss: 24.789 ; Acc: 37.584
2018-09-19 16:00:03,962:INFO: [TRAIN] Step: 248 ; Loss: 24.227 ; Acc: 37.634
2018-09-19 16:00:04,038:INFO: [TRAIN] Step: 249 ; Loss: 22.049 ; Acc: 37.650
2018-09-19 16:00:04,109:INFO: [TRAIN] Step: 250 ; Loss: 25.567 ; Acc: 37.683
2018-09-19 16:00:04,185:INFO: [TRAIN] Step: 251 ; Loss: 26.455 ; Acc: 37.748
2018-09-19 16:00:04,258:INFO: [TRAIN] Step: 252 ; Loss: 19.340 ; Acc: 37.796
2018-09-19 16:00:04,336:INFO: [TRAIN] Step: 253 ; Loss: 19.424 ; Acc: 37.910
2018-09-19 16:00:04,408:INFO: [TRAIN] Step: 254 ; Loss: 30.966 ; Acc: 37.908
2018-09-19 16:00:04,484:INFO: [TRAIN] Step: 255 ; Loss: 29.916 ; Acc: 37.891
2018-09-19 16:00:04,554:INFO: [TRAIN] Step: 256 ; Loss: 23.440 ; Acc: 37.922
2018-09-19 16:00:04,628:INFO: [TRAIN] Step: 257 ; Loss: 28.322 ; Acc: 37.920
2018-09-19 16:00:04,704:INFO: [TRAIN] Step: 258 ; Loss: 24.424 ; Acc: 37.967
2018-09-19 16:00:04,780:INFO: [TRAIN] Step: 259 ; Loss: 20.580 ; Acc: 38.061
2018-09-19 16:00:04,855:INFO: [TRAIN] Step: 260 ; Loss: 29.865 ; Acc: 38.027
2018-09-19 16:00:04,931:INFO: [TRAIN] Step: 261 ; Loss: 24.130 ; Acc: 38.104
2018-09-19 16:00:05,001:INFO: [TRAIN] Step: 262 ; Loss: 24.754 ; Acc: 38.134
2018-09-19 16:00:05,090:INFO: [TRAIN] Step: 263 ; Loss: 25.492 ; Acc: 38.194
2018-09-19 16:00:05,177:INFO: [TRAIN] Step: 264 ; Loss: 24.406 ; Acc: 38.176
2018-09-19 16:00:05,258:INFO: [TRAIN] Step: 265 ; Loss: 26.805 ; Acc: 38.221
2018-09-19 16:00:05,333:INFO: [TRAIN] Step: 266 ; Loss: 22.234 ; Acc: 38.202
2018-09-19 16:00:05,411:INFO: [TRAIN] Step: 267 ; Loss: 23.855 ; Acc: 38.277
2018-09-19 16:00:05,484:INFO: [TRAIN] Step: 268 ; Loss: 27.974 ; Acc: 38.336
2018-09-19 16:00:05,560:INFO: [TRAIN] Step: 269 ; Loss: 21.895 ; Acc: 38.441
2018-09-19 16:00:05,631:INFO: [TRAIN] Step: 270 ; Loss: 25.065 ; Acc: 38.499
2018-09-19 16:00:05,707:INFO: [TRAIN] Step: 271 ; Loss: 26.391 ; Acc: 38.511
2018-09-19 16:00:05,784:INFO: [TRAIN] Step: 272 ; Loss: 22.200 ; Acc: 38.568
2018-09-19 16:00:05,862:INFO: [TRAIN] Step: 273 ; Loss: 23.162 ; Acc: 38.625
2018-09-19 16:00:05,936:INFO: [TRAIN] Step: 274 ; Loss: 24.553 ; Acc: 38.652
2018-09-19 16:00:06,010:INFO: [TRAIN] Step: 275 ; Loss: 32.789 ; Acc: 38.693
2018-09-19 16:00:06,087:INFO: [TRAIN] Step: 276 ; Loss: 21.992 ; Acc: 38.764
2018-09-19 16:00:06,186:INFO: [TRAIN] Step: 277 ; Loss: 25.169 ; Acc: 38.789
2018-09-19 16:00:06,254:INFO: [TRAIN] Step: 278 ; Loss: 27.863 ; Acc: 38.784
2018-09-19 16:00:06,348:INFO: [TRAIN] Step: 279 ; Loss: 18.153 ; Acc: 38.884
2018-09-19 16:00:06,425:INFO: [TRAIN] Step: 280 ; Loss: 21.666 ; Acc: 38.968
2018-09-19 16:00:06,509:INFO: [TRAIN] Step: 281 ; Loss: 20.580 ; Acc: 39.051
2018-09-19 16:00:06,599:INFO: [TRAIN] Step: 282 ; Loss: 23.564 ; Acc: 39.120
2018-09-19 16:00:06,682:INFO: [TRAIN] Step: 283 ; Loss: 19.440 ; Acc: 39.158
2018-09-19 16:00:06,758:INFO: [TRAIN] Step: 284 ; Loss: 20.948 ; Acc: 39.211
2018-09-19 16:00:06,840:INFO: [TRAIN] Step: 285 ; Loss: 21.494 ; Acc: 39.292
2018-09-19 16:00:06,912:INFO: [TRAIN] Step: 286 ; Loss: 22.124 ; Acc: 39.329
2018-09-19 16:00:06,989:INFO: [TRAIN] Step: 287 ; Loss: 26.961 ; Acc: 39.395
2018-09-19 16:00:07,059:INFO: [TRAIN] Step: 288 ; Loss: 24.824 ; Acc: 39.432
2018-09-19 16:00:07,144:INFO: [TRAIN] Step: 289 ; Loss: 26.791 ; Acc: 39.468
2018-09-19 16:00:07,223:INFO: [TRAIN] Step: 290 ; Loss: 24.134 ; Acc: 39.476
2018-09-19 16:00:07,296:INFO: [TRAIN] Step: 291 ; Loss: 21.887 ; Acc: 39.498
2018-09-19 16:00:07,368:INFO: [TRAIN] Step: 292 ; Loss: 25.759 ; Acc: 39.548
2018-09-19 16:00:07,466:INFO: [TRAIN] Step: 293 ; Loss: 25.150 ; Acc: 39.569
2018-09-19 16:00:07,541:INFO: [TRAIN] Step: 294 ; Loss: 26.193 ; Acc: 39.534
2018-09-19 16:00:07,617:INFO: [TRAIN] Step: 295 ; Loss: 24.042 ; Acc: 39.626
2018-09-19 16:00:07,687:INFO: [TRAIN] Step: 296 ; Loss: 22.470 ; Acc: 39.717
2018-09-19 16:00:07,783:INFO: [TRAIN] Step: 297 ; Loss: 18.641 ; Acc: 39.793
2018-09-19 16:00:07,860:INFO: [TRAIN] Step: 298 ; Loss: 24.390 ; Acc: 39.827
2018-09-19 16:00:07,941:INFO: [TRAIN] Step: 299 ; Loss: 27.458 ; Acc: 39.819
2018-09-19 16:00:08,040:INFO: [TRAIN] Step: 300 ; Loss: 25.787 ; Acc: 39.853
2018-09-19 16:00:08,141:INFO: [TRAIN] Step: 301 ; Loss: 22.198 ; Acc: 39.887
2018-09-19 16:00:08,225:INFO: [TRAIN] Step: 302 ; Loss: 28.964 ; Acc: 39.851
2018-09-19 16:00:08,299:INFO: [TRAIN] Step: 303 ; Loss: 23.566 ; Acc: 39.940
2018-09-19 16:00:08,375:INFO: [TRAIN] Step: 304 ; Loss: 22.228 ; Acc: 39.973
2018-09-19 16:00:08,450:INFO: [TRAIN] Step: 305 ; Loss: 23.076 ; Acc: 40.033
2018-09-19 16:00:08,528:INFO: [TRAIN] Step: 306 ; Loss: 28.928 ; Acc: 40.038
2018-09-19 16:00:08,604:INFO: [TRAIN] Step: 307 ; Loss: 25.400 ; Acc: 40.097
2018-09-19 16:00:08,674:INFO: [TRAIN] Step: 308 ; Loss: 25.276 ; Acc: 40.076
2018-09-19 16:00:08,752:INFO: [TRAIN] Step: 309 ; Loss: 25.658 ; Acc: 40.081
2018-09-19 16:00:08,823:INFO: [TRAIN] Step: 310 ; Loss: 23.487 ; Acc: 40.139
2018-09-19 16:00:08,908:INFO: [TRAIN] Step: 311 ; Loss: 31.257 ; Acc: 40.118
2018-09-19 16:00:08,981:INFO: [TRAIN] Step: 312 ; Loss: 28.575 ; Acc: 40.149
2018-09-19 16:00:09,067:INFO: [TRAIN] Step: 313 ; Loss: 24.138 ; Acc: 40.167
2018-09-19 16:00:09,149:INFO: [TRAIN] Step: 314 ; Loss: 21.317 ; Acc: 40.238
2018-09-19 16:00:09,238:INFO: [TRAIN] Step: 315 ; Loss: 25.884 ; Acc: 40.295
2018-09-19 16:00:09,319:INFO: [TRAIN] Step: 316 ; Loss: 24.738 ; Acc: 40.287
2018-09-19 16:00:09,409:INFO: [TRAIN] Step: 317 ; Loss: 27.532 ; Acc: 40.304
2018-09-19 16:00:09,480:INFO: [TRAIN] Step: 318 ; Loss: 25.596 ; Acc: 40.347
2018-09-19 16:00:09,559:INFO: [TRAIN] Step: 319 ; Loss: 26.365 ; Acc: 40.365
2018-09-19 16:00:09,635:INFO: [TRAIN] Step: 320 ; Loss: 26.398 ; Acc: 40.408
2018-09-19 16:00:09,714:INFO: [TRAIN] Step: 321 ; Loss: 23.141 ; Acc: 40.463
2018-09-19 16:00:09,784:INFO: [TRAIN] Step: 322 ; Loss: 23.022 ; Acc: 40.506
2018-09-19 16:00:09,861:INFO: [TRAIN] Step: 323 ; Loss: 24.217 ; Acc: 40.574
2018-09-19 16:00:09,932:INFO: [TRAIN] Step: 324 ; Loss: 24.820 ; Acc: 40.590
2018-09-19 16:00:10,007:INFO: [TRAIN] Step: 325 ; Loss: 23.729 ; Acc: 40.580
2018-09-19 16:00:10,079:INFO: [TRAIN] Step: 326 ; Loss: 24.340 ; Acc: 40.609
2018-09-19 16:00:10,157:INFO: [TRAIN] Step: 327 ; Loss: 30.634 ; Acc: 40.587
2018-09-19 16:00:10,229:INFO: [TRAIN] Step: 328 ; Loss: 25.987 ; Acc: 40.578
2018-09-19 16:00:10,307:INFO: [TRAIN] Step: 329 ; Loss: 25.666 ; Acc: 40.619
2018-09-19 16:00:10,376:INFO: [TRAIN] Step: 330 ; Loss: 28.343 ; Acc: 40.634
2018-09-19 16:00:10,459:INFO: [TRAIN] Step: 331 ; Loss: 24.339 ; Acc: 40.625
2018-09-19 16:00:10,530:INFO: [TRAIN] Step: 332 ; Loss: 25.439 ; Acc: 40.641
2018-09-19 16:00:10,607:INFO: [TRAIN] Step: 333 ; Loss: 24.348 ; Acc: 40.694
2018-09-19 16:00:10,677:INFO: [TRAIN] Step: 334 ; Loss: 29.018 ; Acc: 40.697
2018-09-19 16:00:10,754:INFO: [TRAIN] Step: 335 ; Loss: 24.121 ; Acc: 40.774
2018-09-19 16:00:10,825:INFO: [TRAIN] Step: 336 ; Loss: 22.770 ; Acc: 40.764
2018-09-19 16:00:10,902:INFO: [TRAIN] Step: 337 ; Loss: 29.096 ; Acc: 40.754
2018-09-19 16:00:10,975:INFO: [TRAIN] Step: 338 ; Loss: 28.382 ; Acc: 40.794
2018-09-19 16:00:11,051:INFO: [TRAIN] Step: 339 ; Loss: 24.964 ; Acc: 40.797
2018-09-19 16:00:11,123:INFO: [TRAIN] Step: 340 ; Loss: 24.796 ; Acc: 40.824
2018-09-19 16:00:11,198:INFO: [TRAIN] Step: 341 ; Loss: 29.356 ; Acc: 40.802
2018-09-19 16:00:11,270:INFO: [TRAIN] Step: 342 ; Loss: 21.209 ; Acc: 40.841
2018-09-19 16:00:11,345:INFO: [TRAIN] Step: 343 ; Loss: 27.369 ; Acc: 40.855
2018-09-19 16:00:11,420:INFO: [TRAIN] Step: 344 ; Loss: 23.244 ; Acc: 40.870
2018-09-19 16:00:11,499:INFO: [TRAIN] Step: 345 ; Loss: 31.648 ; Acc: 40.836
2018-09-19 16:00:11,574:INFO: [TRAIN] Step: 346 ; Loss: 27.367 ; Acc: 40.886
2018-09-19 16:00:11,649:INFO: [TRAIN] Step: 347 ; Loss: 25.785 ; Acc: 40.924
2018-09-19 16:00:11,721:INFO: [TRAIN] Step: 348 ; Loss: 24.046 ; Acc: 40.962
2018-09-19 16:00:11,796:INFO: [TRAIN] Step: 349 ; Loss: 22.696 ; Acc: 41.024
2018-09-19 16:00:11,868:INFO: [TRAIN] Step: 350 ; Loss: 23.444 ; Acc: 41.085
2018-09-19 16:00:11,943:INFO: [TRAIN] Step: 351 ; Loss: 24.512 ; Acc: 41.110
2018-09-19 16:00:12,018:INFO: [TRAIN] Step: 352 ; Loss: 26.887 ; Acc: 41.112
2018-09-19 16:00:12,094:INFO: [TRAIN] Step: 353 ; Loss: 19.852 ; Acc: 41.172
2018-09-19 16:00:12,163:INFO: [TRAIN] Step: 354 ; Loss: 23.970 ; Acc: 41.221
2018-09-19 16:00:12,244:INFO: [TRAIN] Step: 355 ; Loss: 24.082 ; Acc: 41.234
2018-09-19 16:00:12,318:INFO: [TRAIN] Step: 356 ; Loss: 33.314 ; Acc: 41.223
2018-09-19 16:00:12,394:INFO: [TRAIN] Step: 357 ; Loss: 23.469 ; Acc: 41.271
2018-09-19 16:00:12,467:INFO: [TRAIN] Step: 358 ; Loss: 25.202 ; Acc: 41.284
2018-09-19 16:00:12,542:INFO: [TRAIN] Step: 359 ; Loss: 20.767 ; Acc: 41.366
2018-09-19 16:00:12,616:INFO: [TRAIN] Step: 360 ; Loss: 27.739 ; Acc: 41.332
2018-09-19 16:00:12,690:INFO: [TRAIN] Step: 361 ; Loss: 24.512 ; Acc: 41.298
2018-09-19 16:00:12,763:INFO: [TRAIN] Step: 362 ; Loss: 27.173 ; Acc: 41.311
2018-09-19 16:00:12,841:INFO: [TRAIN] Step: 363 ; Loss: 24.213 ; Acc: 41.335
2018-09-19 16:00:12,912:INFO: [TRAIN] Step: 364 ; Loss: 27.285 ; Acc: 41.324
2018-09-19 16:00:12,987:INFO: [TRAIN] Step: 365 ; Loss: 26.131 ; Acc: 41.382
2018-09-19 16:00:13,056:INFO: [TRAIN] Step: 366 ; Loss: 26.360 ; Acc: 41.383
2018-09-19 16:00:13,131:INFO: [TRAIN] Step: 367 ; Loss: 18.280 ; Acc: 41.452
2018-09-19 16:00:13,203:INFO: [TRAIN] Step: 368 ; Loss: 23.529 ; Acc: 41.486
2018-09-19 16:00:13,281:INFO: [TRAIN] Step: 369 ; Loss: 22.733 ; Acc: 41.509
2018-09-19 16:00:13,355:INFO: [TRAIN] Step: 370 ; Loss: 20.715 ; Acc: 41.566
2018-09-19 16:00:13,432:INFO: [TRAIN] Step: 371 ; Loss: 22.465 ; Acc: 41.577
2018-09-19 16:00:13,502:INFO: [TRAIN] Step: 372 ; Loss: 21.148 ; Acc: 41.577
2018-09-19 16:00:13,580:INFO: [TRAIN] Step: 373 ; Loss: 21.803 ; Acc: 41.656
2018-09-19 16:00:13,651:INFO: [TRAIN] Step: 374 ; Loss: 21.979 ; Acc: 41.667
2018-09-19 16:00:13,725:INFO: [TRAIN] Step: 375 ; Loss: 27.896 ; Acc: 41.656
2018-09-19 16:00:13,797:INFO: [TRAIN] Step: 376 ; Loss: 25.636 ; Acc: 41.689
2018-09-19 16:00:13,873:INFO: [TRAIN] Step: 377 ; Loss: 22.867 ; Acc: 41.744
2018-09-19 16:00:13,947:INFO: [TRAIN] Step: 378 ; Loss: 26.237 ; Acc: 41.766
2018-09-19 16:00:14,029:INFO: [TRAIN] Step: 379 ; Loss: 24.869 ; Acc: 41.798
2018-09-19 16:00:14,100:INFO: [TRAIN] Step: 380 ; Loss: 31.242 ; Acc: 41.820
2018-09-19 16:00:14,174:INFO: [TRAIN] Step: 381 ; Loss: 28.177 ; Acc: 41.808
2018-09-19 16:00:14,247:INFO: [TRAIN] Step: 382 ; Loss: 23.312 ; Acc: 41.841
2018-09-19 16:00:14,328:INFO: [TRAIN] Step: 383 ; Loss: 22.222 ; Acc: 41.873
2018-09-19 16:00:14,400:INFO: [TRAIN] Step: 384 ; Loss: 19.481 ; Acc: 41.905
2018-09-19 16:00:14,476:INFO: [TRAIN] Step: 385 ; Loss: 21.090 ; Acc: 41.947
2018-09-19 16:00:14,548:INFO: [TRAIN] Step: 386 ; Loss: 30.220 ; Acc: 41.936
2018-09-19 16:00:14,623:INFO: [TRAIN] Step: 387 ; Loss: 23.043 ; Acc: 41.935
2018-09-19 16:00:14,694:INFO: [TRAIN] Step: 388 ; Loss: 21.208 ; Acc: 41.988
2018-09-19 16:00:14,769:INFO: [TRAIN] Step: 389 ; Loss: 22.651 ; Acc: 42.009
2018-09-19 16:00:14,843:INFO: [TRAIN] Step: 390 ; Loss: 21.951 ; Acc: 42.029
2018-09-19 16:00:14,918:INFO: [TRAIN] Step: 391 ; Loss: 24.133 ; Acc: 42.060
2018-09-19 16:00:14,989:INFO: [TRAIN] Step: 392 ; Loss: 17.840 ; Acc: 42.101
2018-09-19 16:00:15,066:INFO: [TRAIN] Step: 393 ; Loss: 30.989 ; Acc: 42.111
2018-09-19 16:00:15,137:INFO: [TRAIN] Step: 394 ; Loss: 24.595 ; Acc: 42.162
2018-09-19 16:00:15,213:INFO: [TRAIN] Step: 395 ; Loss: 23.038 ; Acc: 42.182
2018-09-19 16:00:15,285:INFO: [TRAIN] Step: 396 ; Loss: 22.661 ; Acc: 42.212
2018-09-19 16:00:15,363:INFO: [TRAIN] Step: 397 ; Loss: 24.214 ; Acc: 42.242
2018-09-19 16:00:15,433:INFO: [TRAIN] Step: 398 ; Loss: 19.905 ; Acc: 42.262
2018-09-19 16:00:15,508:INFO: [TRAIN] Step: 399 ; Loss: 23.787 ; Acc: 42.271
2018-09-19 16:00:15,578:INFO: [TRAIN] Step: 400 ; Loss: 25.412 ; Acc: 42.269
2018-09-19 16:00:15,652:INFO: [TRAIN] Step: 401 ; Loss: 22.688 ; Acc: 42.309
2018-09-19 16:00:15,726:INFO: [TRAIN] Step: 402 ; Loss: 28.436 ; Acc: 42.277
2018-09-19 16:00:15,801:INFO: [TRAIN] Step: 403 ; Loss: 22.543 ; Acc: 42.296
2018-09-19 16:00:15,873:INFO: [TRAIN] Step: 404 ; Loss: 23.368 ; Acc: 42.356
2018-09-19 16:00:15,950:INFO: [TRAIN] Step: 405 ; Loss: 27.710 ; Acc: 42.354
2018-09-19 16:00:16,020:INFO: [TRAIN] Step: 406 ; Loss: 28.284 ; Acc: 42.373
2018-09-19 16:00:16,101:INFO: [TRAIN] Step: 407 ; Loss: 19.525 ; Acc: 42.412
2018-09-19 16:00:16,173:INFO: [TRAIN] Step: 408 ; Loss: 23.767 ; Acc: 42.461
2018-09-19 16:00:16,249:INFO: [TRAIN] Step: 409 ; Loss: 21.618 ; Acc: 42.480
2018-09-19 16:00:16,321:INFO: [TRAIN] Step: 410 ; Loss: 29.479 ; Acc: 42.457
2018-09-19 16:00:16,400:INFO: [TRAIN] Step: 411 ; Loss: 23.261 ; Acc: 42.496
2018-09-19 16:00:16,480:INFO: [TRAIN] Step: 412 ; Loss: 21.314 ; Acc: 42.504
2018-09-19 16:00:16,560:INFO: [TRAIN] Step: 413 ; Loss: 24.820 ; Acc: 42.512
2018-09-19 16:00:16,629:INFO: [TRAIN] Step: 414 ; Loss: 27.055 ; Acc: 42.540
2018-09-19 16:00:16,707:INFO: [TRAIN] Step: 415 ; Loss: 22.036 ; Acc: 42.578
2018-09-19 16:00:16,777:INFO: [TRAIN] Step: 416 ; Loss: 30.246 ; Acc: 42.606
2018-09-19 16:00:16,860:INFO: [TRAIN] Step: 417 ; Loss: 31.213 ; Acc: 42.614
2018-09-19 16:00:16,928:INFO: [TRAIN] Step: 418 ; Loss: 28.443 ; Acc: 42.621
2018-09-19 16:00:17,010:INFO: [TRAIN] Step: 419 ; Loss: 21.487 ; Acc: 42.649
2018-09-19 16:00:17,080:INFO: [TRAIN] Step: 420 ; Loss: 22.346 ; Acc: 42.716
2018-09-19 16:00:17,164:INFO: [TRAIN] Step: 421 ; Loss: 22.464 ; Acc: 42.743
2018-09-19 16:00:17,238:INFO: [TRAIN] Step: 422 ; Loss: 29.050 ; Acc: 42.740
2018-09-19 16:00:17,315:INFO: [TRAIN] Step: 423 ; Loss: 29.039 ; Acc: 42.738
2018-09-19 16:00:17,387:INFO: [TRAIN] Step: 424 ; Loss: 24.359 ; Acc: 42.745
2018-09-19 16:00:17,468:INFO: [TRAIN] Step: 425 ; Loss: 23.967 ; Acc: 42.752
2018-09-19 16:00:17,563:INFO: [TRAIN] Step: 426 ; Loss: 23.073 ; Acc: 42.779
2018-09-19 16:00:17,641:INFO: [TRAIN] Step: 427 ; Loss: 21.813 ; Acc: 42.796
2018-09-19 16:00:17,717:INFO: [TRAIN] Step: 428 ; Loss: 23.448 ; Acc: 42.832
2018-09-19 16:00:17,792:INFO: [TRAIN] Step: 429 ; Loss: 24.589 ; Acc: 42.849
2018-09-19 16:00:17,866:INFO: [TRAIN] Step: 430 ; Loss: 26.437 ; Acc: 42.865
2018-09-19 16:00:17,941:INFO: [TRAIN] Step: 431 ; Loss: 26.828 ; Acc: 42.901
2018-09-19 16:00:18,016:INFO: [TRAIN] Step: 432 ; Loss: 27.200 ; Acc: 42.879
2018-09-19 16:00:18,093:INFO: [TRAIN] Step: 433 ; Loss: 25.220 ; Acc: 42.886
2018-09-19 16:00:18,167:INFO: [TRAIN] Step: 434 ; Loss: 24.869 ; Acc: 42.941
2018-09-19 16:00:18,245:INFO: [TRAIN] Step: 435 ; Loss: 21.171 ; Acc: 42.985
2018-09-19 16:00:18,321:INFO: [TRAIN] Step: 436 ; Loss: 27.275 ; Acc: 43.002
2018-09-19 16:00:18,401:INFO: [TRAIN] Step: 437 ; Loss: 25.499 ; Acc: 43.037
2018-09-19 16:00:18,476:INFO: [TRAIN] Step: 438 ; Loss: 22.941 ; Acc: 43.081
2018-09-19 16:00:18,555:INFO: [TRAIN] Step: 439 ; Loss: 27.396 ; Acc: 43.049
2018-09-19 16:00:18,626:INFO: [TRAIN] Step: 440 ; Loss: 27.475 ; Acc: 43.037
2018-09-19 16:00:18,705:INFO: [TRAIN] Step: 441 ; Loss: 25.870 ; Acc: 43.062
2018-09-19 16:00:18,776:INFO: [TRAIN] Step: 442 ; Loss: 18.733 ; Acc: 43.125
2018-09-19 16:00:18,852:INFO: [TRAIN] Step: 443 ; Loss: 19.584 ; Acc: 43.187
2018-09-19 16:00:18,923:INFO: [TRAIN] Step: 444 ; Loss: 23.673 ; Acc: 43.202
2018-09-19 16:00:19,004:INFO: [TRAIN] Step: 445 ; Loss: 21.735 ; Acc: 43.227
2018-09-19 16:00:19,081:INFO: [TRAIN] Step: 446 ; Loss: 27.588 ; Acc: 43.214
2018-09-19 16:00:19,156:INFO: [TRAIN] Step: 447 ; Loss: 20.526 ; Acc: 43.257
2018-09-19 16:00:19,232:INFO: [TRAIN] Step: 448 ; Loss: 17.830 ; Acc: 43.337
2018-09-19 16:00:19,308:INFO: [TRAIN] Step: 449 ; Loss: 27.488 ; Acc: 43.324
2018-09-19 16:00:19,385:INFO: [TRAIN] Step: 450 ; Loss: 31.255 ; Acc: 43.302
2018-09-19 16:00:19,461:INFO: [TRAIN] Step: 451 ; Loss: 24.516 ; Acc: 43.317
2018-09-19 16:00:19,534:INFO: [TRAIN] Step: 452 ; Loss: 24.103 ; Acc: 43.350
2018-09-19 16:00:19,616:INFO: [TRAIN] Step: 453 ; Loss: 22.468 ; Acc: 43.365
2018-09-19 16:00:19,688:INFO: [TRAIN] Step: 454 ; Loss: 22.706 ; Acc: 43.370
2018-09-19 16:00:19,768:INFO: [TRAIN] Step: 455 ; Loss: 23.492 ; Acc: 43.366
2018-09-19 16:00:19,838:INFO: [TRAIN] Step: 456 ; Loss: 24.097 ; Acc: 43.381
2018-09-19 16:00:19,922:INFO: [TRAIN] Step: 457 ; Loss: 24.284 ; Acc: 43.404
2018-09-19 16:00:19,995:INFO: [TRAIN] Step: 458 ; Loss: 21.197 ; Acc: 43.437
2018-09-19 16:00:20,070:INFO: [TRAIN] Step: 459 ; Loss: 23.981 ; Acc: 43.442
2018-09-19 16:00:20,147:INFO: [TRAIN] Step: 460 ; Loss: 30.448 ; Acc: 43.411
2018-09-19 16:00:20,223:INFO: [TRAIN] Step: 461 ; Loss: 24.753 ; Acc: 43.425
2018-09-19 16:00:20,298:INFO: [TRAIN] Step: 462 ; Loss: 24.820 ; Acc: 43.449
2018-09-19 16:00:20,379:INFO: [TRAIN] Step: 463 ; Loss: 23.970 ; Acc: 43.490
2018-09-19 16:00:20,457:INFO: [TRAIN] Step: 464 ; Loss: 25.321 ; Acc: 43.522
2018-09-19 16:00:20,531:INFO: [TRAIN] Step: 465 ; Loss: 27.793 ; Acc: 43.518
2018-09-19 16:00:20,602:INFO: [TRAIN] Step: 466 ; Loss: 29.816 ; Acc: 43.514
2018-09-19 16:00:20,683:INFO: [TRAIN] Step: 467 ; Loss: 25.809 ; Acc: 43.519
2018-09-19 16:00:20,752:INFO: [TRAIN] Step: 468 ; Loss: 21.950 ; Acc: 43.532
2018-09-19 16:00:20,836:INFO: [TRAIN] Step: 469 ; Loss: 24.301 ; Acc: 43.537
2018-09-19 16:00:20,907:INFO: [TRAIN] Step: 470 ; Loss: 27.364 ; Acc: 43.533
2018-09-19 16:00:20,988:INFO: [TRAIN] Step: 471 ; Loss: 20.582 ; Acc: 43.573
2018-09-19 16:00:21,063:INFO: [TRAIN] Step: 472 ; Loss: 24.826 ; Acc: 43.613
2018-09-19 16:00:21,138:INFO: [TRAIN] Step: 473 ; Loss: 26.506 ; Acc: 43.583
2018-09-19 16:00:21,214:INFO: [TRAIN] Step: 474 ; Loss: 25.116 ; Acc: 43.596
2018-09-19 16:00:21,289:INFO: [TRAIN] Step: 475 ; Loss: 25.423 ; Acc: 43.601
2018-09-19 16:00:21,367:INFO: [TRAIN] Step: 476 ; Loss: 30.581 ; Acc: 43.580
2018-09-19 16:00:21,446:INFO: [TRAIN] Step: 477 ; Loss: 24.652 ; Acc: 43.584
2018-09-19 16:00:21,522:INFO: [TRAIN] Step: 478 ; Loss: 26.012 ; Acc: 43.580
2018-09-19 16:00:21,596:INFO: [TRAIN] Step: 479 ; Loss: 29.280 ; Acc: 43.602
2018-09-19 16:00:21,667:INFO: [TRAIN] Step: 480 ; Loss: 24.764 ; Acc: 43.607
2018-09-19 16:00:21,750:INFO: [TRAIN] Step: 481 ; Loss: 25.565 ; Acc: 43.612
2018-09-19 16:00:21,825:INFO: [TRAIN] Step: 482 ; Loss: 21.317 ; Acc: 43.625
2018-09-19 16:00:21,907:INFO: [TRAIN] Step: 483 ; Loss: 20.429 ; Acc: 43.647
2018-09-19 16:00:21,981:INFO: [TRAIN] Step: 484 ; Loss: 22.515 ; Acc: 43.703
2018-09-19 16:00:22,062:INFO: [TRAIN] Step: 485 ; Loss: 23.927 ; Acc: 43.716
2018-09-19 16:00:22,134:INFO: [TRAIN] Step: 486 ; Loss: 23.693 ; Acc: 43.720
2018-09-19 16:00:22,214:INFO: [TRAIN] Step: 487 ; Loss: 22.881 ; Acc: 43.750
2018-09-19 16:00:22,286:INFO: [TRAIN] Step: 488 ; Loss: 20.313 ; Acc: 43.771
2018-09-19 16:00:22,363:INFO: [TRAIN] Step: 489 ; Loss: 21.927 ; Acc: 43.801
2018-09-19 16:00:22,442:INFO: [TRAIN] Step: 490 ; Loss: 27.655 ; Acc: 43.780
2018-09-19 16:00:22,516:INFO: [TRAIN] Step: 491 ; Loss: 23.042 ; Acc: 43.792
2018-09-19 16:00:22,585:INFO: [TRAIN] Step: 492 ; Loss: 25.698 ; Acc: 43.788
2018-09-19 16:00:22,661:INFO: [TRAIN] Step: 493 ; Loss: 23.454 ; Acc: 43.809
2018-09-19 16:00:22,737:INFO: [TRAIN] Step: 494 ; Loss: 29.867 ; Acc: 43.763
2018-09-19 16:00:22,814:INFO: [TRAIN] Step: 495 ; Loss: 23.973 ; Acc: 43.775
2018-09-19 16:00:22,883:INFO: [TRAIN] Step: 496 ; Loss: 20.659 ; Acc: 43.813
2018-09-19 16:00:22,958:INFO: [TRAIN] Step: 497 ; Loss: 22.969 ; Acc: 43.834
2018-09-19 16:00:23,028:INFO: [TRAIN] Step: 498 ; Loss: 22.287 ; Acc: 43.863
2018-09-19 16:00:23,104:INFO: [TRAIN] Step: 499 ; Loss: 26.198 ; Acc: 43.883
2018-09-19 16:00:23,175:INFO: [TRAIN] Step: 500 ; Loss: 33.961 ; Acc: 43.862
2018-09-19 16:00:23,250:INFO: [TRAIN] Step: 501 ; Loss: 23.608 ; Acc: 43.866
2018-09-19 16:00:23,323:INFO: [TRAIN] Step: 502 ; Loss: 27.696 ; Acc: 43.870
2018-09-19 16:00:23,397:INFO: [TRAIN] Step: 503 ; Loss: 25.250 ; Acc: 43.866
2018-09-19 16:00:23,467:INFO: [TRAIN] Step: 504 ; Loss: 24.321 ; Acc: 43.878
2018-09-19 16:00:23,542:INFO: [TRAIN] Step: 505 ; Loss: 24.568 ; Acc: 43.882
2018-09-19 16:00:23,612:INFO: [TRAIN] Step: 506 ; Loss: 19.073 ; Acc: 43.918
2018-09-19 16:00:23,688:INFO: [TRAIN] Step: 507 ; Loss: 23.743 ; Acc: 43.939
2018-09-19 16:00:23,759:INFO: [TRAIN] Step: 508 ; Loss: 25.717 ; Acc: 43.959
2018-09-19 16:00:23,836:INFO: [TRAIN] Step: 509 ; Loss: 22.179 ; Acc: 43.979
2018-09-19 16:00:23,909:INFO: [TRAIN] Step: 510 ; Loss: 18.209 ; Acc: 44.023
2018-09-19 16:00:23,986:INFO: [TRAIN] Step: 511 ; Loss: 25.038 ; Acc: 44.019
2018-09-19 16:00:24,060:INFO: [TRAIN] Step: 512 ; Loss: 26.262 ; Acc: 44.022
2018-09-19 16:00:24,138:INFO: [TRAIN] Step: 513 ; Loss: 23.380 ; Acc: 44.042
2018-09-19 16:00:24,208:INFO: [TRAIN] Step: 514 ; Loss: 24.080 ; Acc: 44.053
2018-09-19 16:00:24,287:INFO: [TRAIN] Step: 515 ; Loss: 20.813 ; Acc: 44.073
2018-09-19 16:00:24,363:INFO: [TRAIN] Step: 516 ; Loss: 21.139 ; Acc: 44.093
2018-09-19 16:00:24,440:INFO: [TRAIN] Step: 517 ; Loss: 21.042 ; Acc: 44.128
2018-09-19 16:00:24,510:INFO: [TRAIN] Step: 518 ; Loss: 22.027 ; Acc: 44.155
2018-09-19 16:00:24,591:INFO: [TRAIN] Step: 519 ; Loss: 25.703 ; Acc: 44.143
2018-09-19 16:00:24,660:INFO: [TRAIN] Step: 520 ; Loss: 22.155 ; Acc: 44.146
2018-09-19 16:00:24,737:INFO: [TRAIN] Step: 521 ; Loss: 24.893 ; Acc: 44.173
2018-09-19 16:00:24,807:INFO: [TRAIN] Step: 522 ; Loss: 23.353 ; Acc: 44.192
2018-09-19 16:00:24,883:INFO: [TRAIN] Step: 523 ; Loss: 24.185 ; Acc: 44.219
2018-09-19 16:00:24,954:INFO: [TRAIN] Step: 524 ; Loss: 24.765 ; Acc: 44.222
2018-09-19 16:00:25,030:INFO: [TRAIN] Step: 525 ; Loss: 22.270 ; Acc: 44.265
2018-09-19 16:00:25,101:INFO: [TRAIN] Step: 526 ; Loss: 21.468 ; Acc: 44.260
2018-09-19 16:00:25,179:INFO: [TRAIN] Step: 527 ; Loss: 25.696 ; Acc: 44.279
2018-09-19 16:00:25,255:INFO: [TRAIN] Step: 528 ; Loss: 28.890 ; Acc: 44.282
2018-09-19 16:00:25,329:INFO: [TRAIN] Step: 529 ; Loss: 22.043 ; Acc: 44.316
2018-09-19 16:00:25,406:INFO: [TRAIN] Step: 530 ; Loss: 26.155 ; Acc: 44.303
2018-09-19 16:00:25,485:INFO: [TRAIN] Step: 531 ; Loss: 23.373 ; Acc: 44.314
2018-09-19 16:00:25,560:INFO: [TRAIN] Step: 532 ; Loss: 25.122 ; Acc: 44.317
2018-09-19 16:00:25,637:INFO: [TRAIN] Step: 533 ; Loss: 25.858 ; Acc: 44.374
2018-09-19 16:00:25,708:INFO: [TRAIN] Step: 534 ; Loss: 25.420 ; Acc: 44.369
2018-09-19 16:00:25,787:INFO: [TRAIN] Step: 535 ; Loss: 20.629 ; Acc: 44.387
2018-09-19 16:00:25,861:INFO: [TRAIN] Step: 536 ; Loss: 25.838 ; Acc: 44.367
2018-09-19 16:00:25,942:INFO: [TRAIN] Step: 537 ; Loss: 22.046 ; Acc: 44.377
2018-09-19 16:00:26,015:INFO: [TRAIN] Step: 538 ; Loss: 25.084 ; Acc: 44.372
2018-09-19 16:00:26,090:INFO: [TRAIN] Step: 539 ; Loss: 22.634 ; Acc: 44.390
2018-09-19 16:00:26,166:INFO: [TRAIN] Step: 540 ; Loss: 20.943 ; Acc: 44.416
2018-09-19 16:00:26,243:INFO: [TRAIN] Step: 541 ; Loss: 21.093 ; Acc: 44.450
2018-09-19 16:00:26,317:INFO: [TRAIN] Step: 542 ; Loss: 20.098 ; Acc: 44.483
2018-09-19 16:00:26,400:INFO: [TRAIN] Step: 543 ; Loss: 25.185 ; Acc: 44.493
2018-09-19 16:00:26,477:INFO: [TRAIN] Step: 544 ; Loss: 17.679 ; Acc: 44.534
2018-09-19 16:00:26,557:INFO: [TRAIN] Step: 545 ; Loss: 26.656 ; Acc: 44.513
2018-09-19 16:00:26,632:INFO: [TRAIN] Step: 546 ; Loss: 18.423 ; Acc: 44.554
2018-09-19 16:00:26,709:INFO: [TRAIN] Step: 547 ; Loss: 24.658 ; Acc: 44.564
2018-09-19 16:00:26,779:INFO: [TRAIN] Step: 548 ; Loss: 25.486 ; Acc: 44.566
2018-09-19 16:00:26,854:INFO: [TRAIN] Step: 549 ; Loss: 22.435 ; Acc: 44.576
2018-09-19 16:00:26,933:INFO: [TRAIN] Step: 550 ; Loss: 20.738 ; Acc: 44.608
2018-09-19 16:00:27,007:INFO: [TRAIN] Step: 551 ; Loss: 25.198 ; Acc: 44.595
2018-09-19 16:00:27,081:INFO: [TRAIN] Step: 552 ; Loss: 25.288 ; Acc: 44.575
2018-09-19 16:00:27,159:INFO: [TRAIN] Step: 553 ; Loss: 23.450 ; Acc: 44.570
2018-09-19 16:00:27,252:INFO: [TRAIN] Step: 554 ; Loss: 28.260 ; Acc: 44.572
2018-09-19 16:00:27,348:INFO: [TRAIN] Step: 555 ; Loss: 21.079 ; Acc: 44.589
2018-09-19 16:00:27,421:INFO: [TRAIN] Step: 556 ; Loss: 25.380 ; Acc: 44.592
2018-09-19 16:00:27,503:INFO: [TRAIN] Step: 557 ; Loss: 21.668 ; Acc: 44.594
2018-09-19 16:00:27,576:INFO: [TRAIN] Step: 558 ; Loss: 20.908 ; Acc: 44.626
2018-09-19 16:00:27,653:INFO: [TRAIN] Step: 559 ; Loss: 24.186 ; Acc: 44.650
2018-09-19 16:00:27,726:INFO: [TRAIN] Step: 560 ; Loss: 20.444 ; Acc: 44.690
2018-09-19 16:00:27,806:INFO: [TRAIN] Step: 561 ; Loss: 30.498 ; Acc: 44.706
2018-09-19 16:00:27,882:INFO: [TRAIN] Step: 562 ; Loss: 32.282 ; Acc: 44.716
2018-09-19 16:00:27,957:INFO: [TRAIN] Step: 563 ; Loss: 25.794 ; Acc: 44.718
2018-09-19 16:00:28,027:INFO: [TRAIN] Step: 564 ; Loss: 23.481 ; Acc: 44.735
2018-09-19 16:00:28,109:INFO: [TRAIN] Step: 565 ; Loss: 24.278 ; Acc: 44.744
2018-09-19 16:00:28,184:INFO: [TRAIN] Step: 566 ; Loss: 22.895 ; Acc: 44.768
2018-09-19 16:00:28,265:INFO: [TRAIN] Step: 567 ; Loss: 27.725 ; Acc: 44.740
2018-09-19 16:00:28,335:INFO: [TRAIN] Step: 568 ; Loss: 24.774 ; Acc: 44.750
2018-09-19 16:00:28,417:INFO: [TRAIN] Step: 569 ; Loss: 27.954 ; Acc: 44.744
2018-09-19 16:00:28,486:INFO: [TRAIN] Step: 570 ; Loss: 24.305 ; Acc: 44.761
2018-09-19 16:00:28,561:INFO: [TRAIN] Step: 571 ; Loss: 28.302 ; Acc: 44.763
2018-09-19 16:00:28,634:INFO: [TRAIN] Step: 572 ; Loss: 24.306 ; Acc: 44.757
2018-09-19 16:00:28,714:INFO: [TRAIN] Step: 573 ; Loss: 22.369 ; Acc: 44.774
2018-09-19 16:00:28,785:INFO: [TRAIN] Step: 574 ; Loss: 26.121 ; Acc: 44.775
2018-09-19 16:00:28,866:INFO: [TRAIN] Step: 575 ; Loss: 23.136 ; Acc: 44.806
2018-09-19 16:00:28,937:INFO: [TRAIN] Step: 576 ; Loss: 30.268 ; Acc: 44.786
2018-09-19 16:00:29,014:INFO: [TRAIN] Step: 577 ; Loss: 22.126 ; Acc: 44.802
2018-09-19 16:00:29,091:INFO: [TRAIN] Step: 578 ; Loss: 26.040 ; Acc: 44.819
2018-09-19 16:00:29,167:INFO: [TRAIN] Step: 579 ; Loss: 20.786 ; Acc: 44.849
2018-09-19 16:00:29,240:INFO: [TRAIN] Step: 580 ; Loss: 19.745 ; Acc: 44.880
2018-09-19 16:00:29,318:INFO: [TRAIN] Step: 581 ; Loss: 24.892 ; Acc: 44.881
2018-09-19 16:00:29,392:INFO: [TRAIN] Step: 582 ; Loss: 25.341 ; Acc: 44.897
2018-09-19 16:00:29,470:INFO: [TRAIN] Step: 583 ; Loss: 27.719 ; Acc: 44.884
2018-09-19 16:00:29,548:INFO: [TRAIN] Step: 584 ; Loss: 21.682 ; Acc: 44.929
2018-09-19 16:00:29,625:INFO: [TRAIN] Step: 585 ; Loss: 29.043 ; Acc: 44.923
2018-09-19 16:00:29,702:INFO: [TRAIN] Step: 586 ; Loss: 20.519 ; Acc: 44.946
2018-09-19 16:00:29,778:INFO: [TRAIN] Step: 587 ; Loss: 21.099 ; Acc: 44.983
2018-09-19 16:00:29,849:INFO: [TRAIN] Step: 588 ; Loss: 17.359 ; Acc: 45.013
2018-09-19 16:00:29,929:INFO: [TRAIN] Step: 589 ; Loss: 20.398 ; Acc: 45.021
2018-09-19 16:00:29,999:INFO: [TRAIN] Step: 590 ; Loss: 23.142 ; Acc: 45.023
2018-09-19 16:00:30,080:INFO: [TRAIN] Step: 591 ; Loss: 21.697 ; Acc: 45.038
2018-09-19 16:00:30,152:INFO: [TRAIN] Step: 592 ; Loss: 22.802 ; Acc: 45.074
2018-09-19 16:00:30,232:INFO: [TRAIN] Step: 593 ; Loss: 21.261 ; Acc: 45.104
2018-09-19 16:00:30,307:INFO: [TRAIN] Step: 594 ; Loss: 21.997 ; Acc: 45.119
2018-09-19 16:00:30,383:INFO: [TRAIN] Step: 595 ; Loss: 24.258 ; Acc: 45.127
2018-09-19 16:00:30,453:INFO: [TRAIN] Step: 596 ; Loss: 21.761 ; Acc: 45.142
2018-09-19 16:00:30,534:INFO: [TRAIN] Step: 597 ; Loss: 23.027 ; Acc: 45.144
2018-09-19 16:00:30,605:INFO: [TRAIN] Step: 598 ; Loss: 26.949 ; Acc: 45.138
2018-09-19 16:00:30,688:INFO: [TRAIN] Step: 599 ; Loss: 24.548 ; Acc: 45.132
2018-09-19 16:00:30,757:INFO: [TRAIN] Step: 600 ; Loss: 25.922 ; Acc: 45.154
2018-09-19 16:00:30,835:INFO: [TRAIN] Step: 601 ; Loss: 15.912 ; Acc: 45.203
2018-09-19 16:00:30,906:INFO: [TRAIN] Step: 602 ; Loss: 21.517 ; Acc: 45.239
2018-09-19 16:00:30,980:INFO: [TRAIN] Step: 603 ; Loss: 23.542 ; Acc: 45.240
2018-09-19 16:00:31,054:INFO: [TRAIN] Step: 604 ; Loss: 29.597 ; Acc: 45.220
2018-09-19 16:00:31,137:INFO: [TRAIN] Step: 605 ; Loss: 22.603 ; Acc: 45.242
2018-09-19 16:00:31,207:INFO: [TRAIN] Step: 606 ; Loss: 24.140 ; Acc: 45.257
2018-09-19 16:00:31,287:INFO: [TRAIN] Step: 607 ; Loss: 25.342 ; Acc: 45.258
2018-09-19 16:00:31,360:INFO: [TRAIN] Step: 608 ; Loss: 21.134 ; Acc: 45.259
2018-09-19 16:00:31,438:INFO: [TRAIN] Step: 609 ; Loss: 23.996 ; Acc: 45.253
2018-09-19 16:00:31,514:INFO: [TRAIN] Step: 610 ; Loss: 25.079 ; Acc: 45.240
2018-09-19 16:00:31,591:INFO: [TRAIN] Step: 611 ; Loss: 23.300 ; Acc: 45.248
2018-09-19 16:00:31,660:INFO: [TRAIN] Step: 612 ; Loss: 23.135 ; Acc: 45.262
2018-09-19 16:00:31,740:INFO: [TRAIN] Step: 613 ; Loss: 20.251 ; Acc: 45.277
2018-09-19 16:00:31,812:INFO: [TRAIN] Step: 614 ; Loss: 17.759 ; Acc: 45.312
2018-09-19 16:00:31,889:INFO: [TRAIN] Step: 615 ; Loss: 22.143 ; Acc: 45.326
2018-09-19 16:00:31,968:INFO: [TRAIN] Step: 616 ; Loss: 19.464 ; Acc: 45.354
2018-09-19 16:00:32,044:INFO: [TRAIN] Step: 617 ; Loss: 21.318 ; Acc: 45.375
2018-09-19 16:00:32,115:INFO: [TRAIN] Step: 618 ; Loss: 24.637 ; Acc: 45.376
2018-09-19 16:00:32,196:INFO: [TRAIN] Step: 619 ; Loss: 27.692 ; Acc: 45.390
2018-09-19 16:00:32,268:INFO: [TRAIN] Step: 620 ; Loss: 23.197 ; Acc: 45.404
2018-09-19 16:00:32,342:INFO: [TRAIN] Step: 621 ; Loss: 26.824 ; Acc: 45.418
2018-09-19 16:00:32,418:INFO: [TRAIN] Step: 622 ; Loss: 27.090 ; Acc: 45.399
2018-09-19 16:00:32,500:INFO: [TRAIN] Step: 623 ; Loss: 24.871 ; Acc: 45.406
2018-09-19 16:00:32,573:INFO: [TRAIN] Step: 624 ; Loss: 28.056 ; Acc: 45.427
2018-09-19 16:00:32,652:INFO: [TRAIN] Step: 625 ; Loss: 24.651 ; Acc: 45.434
2018-09-19 16:00:32,724:INFO: [TRAIN] Step: 626 ; Loss: 21.502 ; Acc: 45.428
2018-09-19 16:00:32,808:INFO: [TRAIN] Step: 627 ; Loss: 21.327 ; Acc: 45.455
2018-09-19 16:00:32,877:INFO: [TRAIN] Step: 628 ; Loss: 21.513 ; Acc: 45.469
2018-09-19 16:00:32,955:INFO: [TRAIN] Step: 629 ; Loss: 27.111 ; Acc: 45.463
2018-09-19 16:00:33,027:INFO: [TRAIN] Step: 630 ; Loss: 32.063 ; Acc: 45.450
2018-09-19 16:00:33,109:INFO: [TRAIN] Step: 631 ; Loss: 22.952 ; Acc: 45.451
2018-09-19 16:00:33,179:INFO: [TRAIN] Step: 632 ; Loss: 20.968 ; Acc: 45.458
2018-09-19 16:00:33,255:INFO: [TRAIN] Step: 633 ; Loss: 20.927 ; Acc: 45.505
2018-09-19 16:00:33,326:INFO: [TRAIN] Step: 634 ; Loss: 27.480 ; Acc: 45.505
2018-09-19 16:00:33,406:INFO: [TRAIN] Step: 635 ; Loss: 22.941 ; Acc: 45.499
2018-09-19 16:00:33,476:INFO: [TRAIN] Step: 636 ; Loss: 21.234 ; Acc: 45.526
2018-09-19 16:00:33,552:INFO: [TRAIN] Step: 637 ; Loss: 23.149 ; Acc: 45.546
2018-09-19 16:00:33,621:INFO: [TRAIN] Step: 638 ; Loss: 22.175 ; Acc: 45.586
2018-09-19 16:00:33,697:INFO: [TRAIN] Step: 639 ; Loss: 24.263 ; Acc: 45.599
2018-09-19 16:00:33,768:INFO: [TRAIN] Step: 640 ; Loss: 30.877 ; Acc: 45.599
2018-09-19 16:00:33,842:INFO: [TRAIN] Step: 641 ; Loss: 18.448 ; Acc: 45.626
2018-09-19 16:00:33,922:INFO: [TRAIN] Step: 642 ; Loss: 19.937 ; Acc: 45.652
2018-09-19 16:00:33,997:INFO: [TRAIN] Step: 643 ; Loss: 19.438 ; Acc: 45.665
2018-09-19 16:00:34,068:INFO: [TRAIN] Step: 644 ; Loss: 24.620 ; Acc: 45.685
2018-09-19 16:00:34,145:INFO: [TRAIN] Step: 645 ; Loss: 28.118 ; Acc: 45.659
2018-09-19 16:00:34,216:INFO: [TRAIN] Step: 646 ; Loss: 21.533 ; Acc: 45.679
2018-09-19 16:00:34,290:INFO: [TRAIN] Step: 647 ; Loss: 19.969 ; Acc: 45.692
2018-09-19 16:00:34,367:INFO: [TRAIN] Step: 648 ; Loss: 24.871 ; Acc: 45.686
2018-09-19 16:00:34,446:INFO: [TRAIN] Step: 649 ; Loss: 26.394 ; Acc: 45.699
2018-09-19 16:00:34,515:INFO: [TRAIN] Step: 650 ; Loss: 24.074 ; Acc: 45.705
2018-09-19 16:00:34,590:INFO: [TRAIN] Step: 651 ; Loss: 16.422 ; Acc: 45.718
2018-09-19 16:00:34,663:INFO: [TRAIN] Step: 652 ; Loss: 22.239 ; Acc: 45.750
2018-09-19 16:00:34,742:INFO: [TRAIN] Step: 653 ; Loss: 20.242 ; Acc: 45.776
2018-09-19 16:00:34,813:INFO: [TRAIN] Step: 654 ; Loss: 26.009 ; Acc: 45.782
2018-09-19 16:00:34,892:INFO: [TRAIN] Step: 655 ; Loss: 22.914 ; Acc: 45.795
2018-09-19 16:00:34,963:INFO: [TRAIN] Step: 656 ; Loss: 26.016 ; Acc: 45.795
2018-09-19 16:00:35,039:INFO: [TRAIN] Step: 657 ; Loss: 20.539 ; Acc: 45.802
2018-09-19 16:00:35,111:INFO: [TRAIN] Step: 658 ; Loss: 20.331 ; Acc: 45.827
2018-09-19 16:00:35,185:INFO: [TRAIN] Step: 659 ; Loss: 16.381 ; Acc: 45.833
2018-09-19 16:00:35,257:INFO: [TRAIN] Step: 660 ; Loss: 21.956 ; Acc: 45.846
2018-09-19 16:00:35,336:INFO: [TRAIN] Step: 661 ; Loss: 14.724 ; Acc: 45.903
2018-09-19 16:00:35,411:INFO: [TRAIN] Step: 662 ; Loss: 19.863 ; Acc: 45.915
2018-09-19 16:00:35,492:INFO: [TRAIN] Step: 663 ; Loss: 28.965 ; Acc: 45.909
2018-09-19 16:00:35,568:INFO: [TRAIN] Step: 664 ; Loss: 18.595 ; Acc: 45.940
2018-09-19 16:00:35,647:INFO: [TRAIN] Step: 665 ; Loss: 16.533 ; Acc: 45.977
2018-09-19 16:00:35,721:INFO: [TRAIN] Step: 666 ; Loss: 22.380 ; Acc: 45.990
2018-09-19 16:00:35,800:INFO: [TRAIN] Step: 667 ; Loss: 24.309 ; Acc: 46.008
2018-09-19 16:00:35,876:INFO: [TRAIN] Step: 668 ; Loss: 21.361 ; Acc: 46.033
2018-09-19 16:00:35,956:INFO: [TRAIN] Step: 669 ; Loss: 18.042 ; Acc: 46.063
2018-09-19 16:00:36,031:INFO: [TRAIN] Step: 670 ; Loss: 21.622 ; Acc: 46.076
2018-09-19 16:00:36,112:INFO: [TRAIN] Step: 671 ; Loss: 23.180 ; Acc: 46.063
2018-09-19 16:00:36,188:INFO: [TRAIN] Step: 672 ; Loss: 27.374 ; Acc: 46.069
2018-09-19 16:00:36,269:INFO: [TRAIN] Step: 673 ; Loss: 23.431 ; Acc: 46.074
2018-09-19 16:00:36,345:INFO: [TRAIN] Step: 674 ; Loss: 19.594 ; Acc: 46.093
2018-09-19 16:00:36,423:INFO: [TRAIN] Step: 675 ; Loss: 27.122 ; Acc: 46.074
2018-09-19 16:00:36,502:INFO: [TRAIN] Step: 676 ; Loss: 21.995 ; Acc: 46.092
2018-09-19 16:00:36,582:INFO: [TRAIN] Step: 677 ; Loss: 21.054 ; Acc: 46.110
2018-09-19 16:00:36,657:INFO: [TRAIN] Step: 678 ; Loss: 20.115 ; Acc: 46.116
2018-09-19 16:00:36,736:INFO: [TRAIN] Step: 679 ; Loss: 26.843 ; Acc: 46.115
2018-09-19 16:00:36,810:INFO: [TRAIN] Step: 680 ; Loss: 22.803 ; Acc: 46.133
2018-09-19 16:00:36,891:INFO: [TRAIN] Step: 681 ; Loss: 26.947 ; Acc: 46.145
2018-09-19 16:00:36,968:INFO: [TRAIN] Step: 682 ; Loss: 16.889 ; Acc: 46.193
2018-09-19 16:00:37,048:INFO: [TRAIN] Step: 683 ; Loss: 22.973 ; Acc: 46.199
2018-09-19 16:00:37,118:INFO: [TRAIN] Step: 684 ; Loss: 21.889 ; Acc: 46.186
2018-09-19 16:00:37,194:INFO: [TRAIN] Step: 685 ; Loss: 24.220 ; Acc: 46.192
2018-09-19 16:00:37,267:INFO: [TRAIN] Step: 686 ; Loss: 18.406 ; Acc: 46.221
2018-09-19 16:00:37,344:INFO: [TRAIN] Step: 687 ; Loss: 18.102 ; Acc: 46.227
2018-09-19 16:00:37,422:INFO: [TRAIN] Step: 688 ; Loss: 20.736 ; Acc: 46.232
2018-09-19 16:00:37,498:INFO: [TRAIN] Step: 689 ; Loss: 21.668 ; Acc: 46.256
2018-09-19 16:00:37,572:INFO: [TRAIN] Step: 690 ; Loss: 25.448 ; Acc: 46.267
2018-09-19 16:00:37,655:INFO: [TRAIN] Step: 691 ; Loss: 18.368 ; Acc: 46.291
2018-09-19 16:00:37,760:INFO: [TRAIN] Step: 692 ; Loss: 25.173 ; Acc: 46.284
2018-09-19 16:00:37,874:INFO: [TRAIN] Step: 693 ; Loss: 21.118 ; Acc: 46.290
2018-09-19 16:00:37,978:INFO: [TRAIN] Step: 694 ; Loss: 24.202 ; Acc: 46.301
2018-09-19 16:00:38,072:INFO: [TRAIN] Step: 695 ; Loss: 23.664 ; Acc: 46.300
2018-09-19 16:00:38,148:INFO: [TRAIN] Step: 696 ; Loss: 21.450 ; Acc: 46.318
2018-09-19 16:00:38,230:INFO: [TRAIN] Step: 697 ; Loss: 22.430 ; Acc: 46.323
2018-09-19 16:00:38,308:INFO: [TRAIN] Step: 698 ; Loss: 22.573 ; Acc: 46.340
2018-09-19 16:00:38,392:INFO: [TRAIN] Step: 699 ; Loss: 26.429 ; Acc: 46.315
2018-09-19 16:00:38,471:INFO: [TRAIN] Step: 700 ; Loss: 27.444 ; Acc: 46.327
2018-09-19 16:00:38,563:INFO: [TRAIN] Step: 701 ; Loss: 21.382 ; Acc: 46.320
2018-09-19 16:00:38,653:INFO: [TRAIN] Step: 702 ; Loss: 26.467 ; Acc: 46.313
2018-09-19 16:00:38,751:INFO: [TRAIN] Step: 703 ; Loss: 23.722 ; Acc: 46.330
2018-09-19 16:00:38,831:INFO: [TRAIN] Step: 704 ; Loss: 25.616 ; Acc: 46.324
2018-09-19 16:00:38,931:INFO: [TRAIN] Step: 705 ; Loss: 20.998 ; Acc: 46.329
2018-09-19 16:00:39,041:INFO: [TRAIN] Step: 706 ; Loss: 22.621 ; Acc: 46.322
2018-09-19 16:00:39,155:INFO: [TRAIN] Step: 707 ; Loss: 21.730 ; Acc: 46.334
2018-09-19 16:00:39,246:INFO: [TRAIN] Step: 708 ; Loss: 21.785 ; Acc: 46.345
2018-09-19 16:00:39,335:INFO: [TRAIN] Step: 709 ; Loss: 23.521 ; Acc: 46.356
2018-09-19 16:00:39,417:INFO: [TRAIN] Step: 710 ; Loss: 23.976 ; Acc: 46.367
2018-09-19 16:00:39,507:INFO: [TRAIN] Step: 711 ; Loss: 27.314 ; Acc: 46.360
2018-09-19 16:00:39,598:INFO: [TRAIN] Step: 712 ; Loss: 27.108 ; Acc: 46.365
2018-09-19 16:00:39,712:INFO: [TRAIN] Step: 713 ; Loss: 20.329 ; Acc: 46.399
2018-09-19 16:00:39,818:INFO: [TRAIN] Step: 714 ; Loss: 23.839 ; Acc: 46.399
2018-09-19 16:00:39,937:INFO: [TRAIN] Step: 715 ; Loss: 24.029 ; Acc: 46.380
2018-09-19 16:00:40,036:INFO: [TRAIN] Step: 716 ; Loss: 20.866 ; Acc: 46.397
2018-09-19 16:00:40,124:INFO: [TRAIN] Step: 717 ; Loss: 24.804 ; Acc: 46.402
2018-09-19 16:00:40,209:INFO: [TRAIN] Step: 718 ; Loss: 25.366 ; Acc: 46.390
2018-09-19 16:00:40,325:INFO: [TRAIN] Step: 719 ; Loss: 20.045 ; Acc: 46.412
2018-09-19 16:00:40,449:INFO: [TRAIN] Step: 720 ; Loss: 23.134 ; Acc: 46.423
2018-09-19 16:00:40,568:INFO: [TRAIN] Step: 721 ; Loss: 22.939 ; Acc: 46.439
2018-09-19 16:00:40,670:INFO: [TRAIN] Step: 722 ; Loss: 18.145 ; Acc: 46.462
2018-09-19 16:00:40,769:INFO: [TRAIN] Step: 723 ; Loss: 19.387 ; Acc: 46.466
2018-09-19 16:00:40,860:INFO: [TRAIN] Step: 724 ; Loss: 22.847 ; Acc: 46.477
2018-09-19 16:00:40,961:INFO: [TRAIN] Step: 725 ; Loss: 23.551 ; Acc: 46.482
2018-09-19 16:00:41,064:INFO: [TRAIN] Step: 726 ; Loss: 18.781 ; Acc: 46.504
2018-09-19 16:00:41,163:INFO: [TRAIN] Step: 727 ; Loss: 22.153 ; Acc: 46.532
2018-09-19 16:00:41,274:INFO: [TRAIN] Step: 728 ; Loss: 30.582 ; Acc: 46.508
2018-09-19 16:00:41,391:INFO: [TRAIN] Step: 729 ; Loss: 20.436 ; Acc: 46.518
2018-09-19 16:00:41,495:INFO: [TRAIN] Step: 730 ; Loss: 19.122 ; Acc: 46.529
2018-09-19 16:00:41,599:INFO: [TRAIN] Step: 731 ; Loss: 19.717 ; Acc: 46.556
2018-09-19 16:00:41,702:INFO: [TRAIN] Step: 732 ; Loss: 20.560 ; Acc: 46.578
2018-09-19 16:00:41,815:INFO: [TRAIN] Step: 733 ; Loss: 22.799 ; Acc: 46.605
2018-09-19 16:00:41,921:INFO: [TRAIN] Step: 734 ; Loss: 21.849 ; Acc: 46.604
2018-09-19 16:00:42,026:INFO: [TRAIN] Step: 735 ; Loss: 26.574 ; Acc: 46.586
2018-09-19 16:00:42,138:INFO: [TRAIN] Step: 736 ; Loss: 19.460 ; Acc: 46.597
2018-09-19 16:00:42,256:INFO: [TRAIN] Step: 737 ; Loss: 27.147 ; Acc: 46.590
2018-09-19 16:00:42,381:INFO: [TRAIN] Step: 738 ; Loss: 23.358 ; Acc: 46.594
2018-09-19 16:00:42,503:INFO: [TRAIN] Step: 739 ; Loss: 24.012 ; Acc: 46.599
2018-09-19 16:00:42,623:INFO: [TRAIN] Step: 740 ; Loss: 16.741 ; Acc: 46.637
2018-09-19 16:00:42,753:INFO: [TRAIN] Step: 741 ; Loss: 15.936 ; Acc: 46.653
2018-09-19 16:00:42,871:INFO: [TRAIN] Step: 742 ; Loss: 23.863 ; Acc: 46.658
2018-09-19 16:00:42,993:INFO: [TRAIN] Step: 743 ; Loss: 24.338 ; Acc: 46.657
2018-09-19 16:00:43,118:INFO: [TRAIN] Step: 744 ; Loss: 16.511 ; Acc: 46.695
2018-09-19 16:00:43,243:INFO: [TRAIN] Step: 745 ; Loss: 22.065 ; Acc: 46.716
2018-09-19 16:00:43,369:INFO: [TRAIN] Step: 746 ; Loss: 22.371 ; Acc: 46.715
2018-09-19 16:00:43,493:INFO: [TRAIN] Step: 747 ; Loss: 21.365 ; Acc: 46.725
2018-09-19 16:00:43,624:INFO: [TRAIN] Step: 748 ; Loss: 23.573 ; Acc: 46.723
2018-09-19 16:00:43,749:INFO: [TRAIN] Step: 749 ; Loss: 27.175 ; Acc: 46.733
2018-09-19 16:00:43,878:INFO: [TRAIN] Step: 750 ; Loss: 19.729 ; Acc: 46.743
2018-09-19 16:00:44,000:INFO: [TRAIN] Step: 751 ; Loss: 20.529 ; Acc: 46.753
2018-09-19 16:00:44,133:INFO: [TRAIN] Step: 752 ; Loss: 24.843 ; Acc: 46.741
2018-09-19 16:00:44,261:INFO: [TRAIN] Step: 753 ; Loss: 24.837 ; Acc: 46.751
2018-09-19 16:00:44,405:INFO: [TRAIN] Step: 754 ; Loss: 21.013 ; Acc: 46.766
2018-09-19 16:00:44,536:INFO: [TRAIN] Step: 755 ; Loss: 17.289 ; Acc: 46.792
2018-09-19 16:00:44,671:INFO: [TRAIN] Step: 756 ; Loss: 20.005 ; Acc: 46.813
2018-09-19 16:00:44,813:INFO: [TRAIN] Step: 757 ; Loss: 15.737 ; Acc: 46.834
2018-09-19 16:00:44,951:INFO: [TRAIN] Step: 758 ; Loss: 22.879 ; Acc: 46.849
2018-09-19 16:00:45,088:INFO: [TRAIN] Step: 759 ; Loss: 25.763 ; Acc: 46.848
2018-09-19 16:00:45,232:INFO: [TRAIN] Step: 760 ; Loss: 20.636 ; Acc: 46.868
2018-09-19 16:00:45,375:INFO: [TRAIN] Step: 761 ; Loss: 20.999 ; Acc: 46.894
2018-09-19 16:00:45,512:INFO: [TRAIN] Step: 762 ; Loss: 28.391 ; Acc: 46.865
2018-09-19 16:00:45,649:INFO: [TRAIN] Step: 763 ; Loss: 20.535 ; Acc: 46.886
2018-09-19 16:00:45,784:INFO: [TRAIN] Step: 764 ; Loss: 25.247 ; Acc: 46.885
2018-09-19 16:00:45,928:INFO: [TRAIN] Step: 765 ; Loss: 23.083 ; Acc: 46.878
2018-09-19 16:00:46,066:INFO: [TRAIN] Step: 766 ; Loss: 22.276 ; Acc: 46.893
2018-09-19 16:00:46,203:INFO: [TRAIN] Step: 767 ; Loss: 22.282 ; Acc: 46.924
2018-09-19 16:00:46,344:INFO: [TRAIN] Step: 768 ; Loss: 24.654 ; Acc: 46.912
2018-09-19 16:00:46,488:INFO: [TRAIN] Step: 769 ; Loss: 28.263 ; Acc: 46.894
2018-09-19 16:00:46,626:INFO: [TRAIN] Step: 770 ; Loss: 24.964 ; Acc: 46.898
2018-09-19 16:00:46,766:INFO: [TRAIN] Step: 771 ; Loss: 18.774 ; Acc: 46.913
2018-09-19 16:00:46,906:INFO: [TRAIN] Step: 772 ; Loss: 21.538 ; Acc: 46.922
2018-09-19 16:00:47,050:INFO: [TRAIN] Step: 773 ; Loss: 26.744 ; Acc: 46.926
2018-09-19 16:00:47,187:INFO: [TRAIN] Step: 774 ; Loss: 20.067 ; Acc: 46.935
2018-09-19 16:00:47,332:INFO: [TRAIN] Step: 775 ; Loss: 18.369 ; Acc: 46.961
2018-09-19 16:00:47,481:INFO: [TRAIN] Step: 776 ; Loss: 15.191 ; Acc: 47.002
2018-09-19 16:00:47,631:INFO: [TRAIN] Step: 777 ; Loss: 21.554 ; Acc: 47.022
2018-09-19 16:00:47,779:INFO: [TRAIN] Step: 778 ; Loss: 22.994 ; Acc: 47.026
2018-09-19 16:00:47,919:INFO: [TRAIN] Step: 779 ; Loss: 19.922 ; Acc: 47.051
2018-09-19 16:00:48,061:INFO: [TRAIN] Step: 780 ; Loss: 24.070 ; Acc: 47.076
2018-09-19 16:00:48,202:INFO: [TRAIN] Step: 781 ; Loss: 23.320 ; Acc: 47.091
2018-09-19 16:00:48,347:INFO: [TRAIN] Step: 782 ; Loss: 22.350 ; Acc: 47.105
2018-09-19 16:00:48,492:INFO: [TRAIN] Step: 783 ; Loss: 20.183 ; Acc: 47.119
2018-09-19 16:00:48,645:INFO: [TRAIN] Step: 784 ; Loss: 22.617 ; Acc: 47.128
2018-09-19 16:00:48,803:INFO: [TRAIN] Step: 785 ; Loss: 28.341 ; Acc: 47.148
2018-09-19 16:00:48,957:INFO: [TRAIN] Step: 786 ; Loss: 19.999 ; Acc: 47.157
2018-09-19 16:00:49,107:INFO: [TRAIN] Step: 787 ; Loss: 26.183 ; Acc: 47.155
2018-09-19 16:00:49,259:INFO: [TRAIN] Step: 788 ; Loss: 23.536 ; Acc: 47.169
2018-09-19 16:00:49,403:INFO: [TRAIN] Step: 789 ; Loss: 23.145 ; Acc: 47.184
2018-09-19 16:00:49,550:INFO: [TRAIN] Step: 790 ; Loss: 16.928 ; Acc: 47.213
2018-09-19 16:00:49,697:INFO: [TRAIN] Step: 791 ; Loss: 23.757 ; Acc: 47.227
2018-09-19 16:00:49,843:INFO: [TRAIN] Step: 792 ; Loss: 25.729 ; Acc: 47.226
2018-09-19 16:00:49,992:INFO: [TRAIN] Step: 793 ; Loss: 25.080 ; Acc: 47.229
2018-09-19 16:00:50,137:INFO: [TRAIN] Step: 794 ; Loss: 25.042 ; Acc: 47.227
2018-09-19 16:00:50,290:INFO: [TRAIN] Step: 795 ; Loss: 24.309 ; Acc: 47.220
2018-09-19 16:00:50,429:INFO: [TRAIN] Step: 796 ; Loss: 22.604 ; Acc: 47.234
2018-09-19 16:00:50,568:INFO: [TRAIN] Step: 797 ; Loss: 21.652 ; Acc: 47.254
2018-09-19 16:00:50,710:INFO: [TRAIN] Step: 798 ; Loss: 24.897 ; Acc: 47.236
2018-09-19 16:00:50,851:INFO: [TRAIN] Step: 799 ; Loss: 24.265 ; Acc: 47.219
2018-09-19 16:00:50,991:INFO: [TRAIN] Step: 800 ; Loss: 22.626 ; Acc: 47.222
2018-09-19 16:00:51,132:INFO: [TRAIN] Step: 801 ; Loss: 19.953 ; Acc: 47.241
2018-09-19 16:00:51,276:INFO: [TRAIN] Step: 802 ; Loss: 23.179 ; Acc: 47.240
2018-09-19 16:00:51,422:INFO: [TRAIN] Step: 803 ; Loss: 22.804 ; Acc: 47.248
2018-09-19 16:00:51,567:INFO: [TRAIN] Step: 804 ; Loss: 15.601 ; Acc: 47.267
2018-09-19 16:00:51,707:INFO: [TRAIN] Step: 805 ; Loss: 20.280 ; Acc: 47.286
2018-09-19 16:00:51,854:INFO: [TRAIN] Step: 806 ; Loss: 19.010 ; Acc: 47.305
2018-09-19 16:00:51,997:INFO: [TRAIN] Step: 807 ; Loss: 21.054 ; Acc: 47.318
2018-09-19 16:00:52,139:INFO: [TRAIN] Step: 808 ; Loss: 28.358 ; Acc: 47.306
2018-09-19 16:00:52,290:INFO: [TRAIN] Step: 809 ; Loss: 27.216 ; Acc: 47.310
2018-09-19 16:00:52,441:INFO: [TRAIN] Step: 810 ; Loss: 24.990 ; Acc: 47.313
2018-09-19 16:00:52,584:INFO: [TRAIN] Step: 811 ; Loss: 22.823 ; Acc: 47.321
2018-09-19 16:00:52,731:INFO: [TRAIN] Step: 812 ; Loss: 25.378 ; Acc: 47.330
2018-09-19 16:00:52,871:INFO: [TRAIN] Step: 813 ; Loss: 25.151 ; Acc: 47.328
2018-09-19 16:00:53,011:INFO: [TRAIN] Step: 814 ; Loss: 17.754 ; Acc: 47.347
2018-09-19 16:00:53,162:INFO: [TRAIN] Step: 815 ; Loss: 23.433 ; Acc: 47.345
2018-09-19 16:00:53,301:INFO: [TRAIN] Step: 816 ; Loss: 20.313 ; Acc: 47.353
2018-09-19 16:00:53,439:INFO: [TRAIN] Step: 817 ; Loss: 22.976 ; Acc: 47.356
2018-09-19 16:00:53,584:INFO: [TRAIN] Step: 818 ; Loss: 23.636 ; Acc: 47.360
2018-09-19 16:00:53,726:INFO: [TRAIN] Step: 819 ; Loss: 22.965 ; Acc: 47.368
2018-09-19 16:00:53,872:INFO: [TRAIN] Step: 820 ; Loss: 17.588 ; Acc: 47.391
2018-09-19 16:00:54,016:INFO: [TRAIN] Step: 821 ; Loss: 17.942 ; Acc: 47.415
2018-09-19 16:00:54,162:INFO: [TRAIN] Step: 822 ; Loss: 22.247 ; Acc: 47.433
2018-09-19 16:00:54,304:INFO: [TRAIN] Step: 823 ; Loss: 27.576 ; Acc: 47.426
2018-09-19 16:00:54,450:INFO: [TRAIN] Step: 824 ; Loss: 18.339 ; Acc: 47.439
2018-09-19 16:00:54,598:INFO: [TRAIN] Step: 825 ; Loss: 21.977 ; Acc: 47.463
2018-09-19 16:00:54,735:INFO: [TRAIN] Step: 826 ; Loss: 17.908 ; Acc: 47.481
2018-09-19 16:00:54,878:INFO: [TRAIN] Step: 827 ; Loss: 18.850 ; Acc: 47.494
2018-09-19 16:00:55,027:INFO: [TRAIN] Step: 828 ; Loss: 20.233 ; Acc: 47.507
2018-09-19 16:00:55,166:INFO: [TRAIN] Step: 829 ; Loss: 22.919 ; Acc: 47.510
2018-09-19 16:00:55,310:INFO: [TRAIN] Step: 830 ; Loss: 20.595 ; Acc: 47.533
2018-09-19 16:00:55,459:INFO: [TRAIN] Step: 831 ; Loss: 21.021 ; Acc: 47.541
2018-09-19 16:00:55,616:INFO: [TRAIN] Step: 832 ; Loss: 23.023 ; Acc: 47.574
2018-09-19 16:00:55,759:INFO: [TRAIN] Step: 833 ; Loss: 18.875 ; Acc: 47.587
2018-09-19 16:00:55,913:INFO: [TRAIN] Step: 834 ; Loss: 21.229 ; Acc: 47.605
2018-09-19 16:00:56,053:INFO: [TRAIN] Step: 835 ; Loss: 25.083 ; Acc: 47.593
2018-09-19 16:00:56,197:INFO: [TRAIN] Step: 836 ; Loss: 21.702 ; Acc: 47.620
2018-09-19 16:00:56,339:INFO: [TRAIN] Step: 837 ; Loss: 22.766 ; Acc: 47.623
2018-09-19 16:00:56,483:INFO: [TRAIN] Step: 838 ; Loss: 18.244 ; Acc: 47.631
2018-09-19 16:00:56,630:INFO: [TRAIN] Step: 839 ; Loss: 23.777 ; Acc: 47.639
2018-09-19 16:00:56,779:INFO: [TRAIN] Step: 840 ; Loss: 19.268 ; Acc: 47.652
2018-09-19 16:00:56,924:INFO: [TRAIN] Step: 841 ; Loss: 24.478 ; Acc: 47.644
2018-09-19 16:00:57,074:INFO: [TRAIN] Step: 842 ; Loss: 20.806 ; Acc: 47.652
2018-09-19 16:00:57,216:INFO: [TRAIN] Step: 843 ; Loss: 24.811 ; Acc: 47.660
2018-09-19 16:00:57,364:INFO: [TRAIN] Step: 844 ; Loss: 29.975 ; Acc: 47.658
2018-09-19 16:00:57,510:INFO: [TRAIN] Step: 845 ; Loss: 17.909 ; Acc: 47.675
2018-09-19 16:00:57,655:INFO: [TRAIN] Step: 846 ; Loss: 18.527 ; Acc: 47.693
2018-09-19 16:00:57,804:INFO: [TRAIN] Step: 847 ; Loss: 26.045 ; Acc: 47.710
2018-09-19 16:00:57,948:INFO: [TRAIN] Step: 848 ; Loss: 29.508 ; Acc: 47.698
2018-09-19 16:00:58,096:INFO: [TRAIN] Step: 849 ; Loss: 23.430 ; Acc: 47.721
2018-09-19 16:00:58,245:INFO: [TRAIN] Step: 850 ; Loss: 19.381 ; Acc: 47.753
2018-09-19 16:00:58,388:INFO: [TRAIN] Step: 851 ; Loss: 20.993 ; Acc: 47.785
2018-09-19 16:00:58,529:INFO: [TRAIN] Step: 852 ; Loss: 23.701 ; Acc: 47.787
2018-09-19 16:00:58,678:INFO: [TRAIN] Step: 853 ; Loss: 25.233 ; Acc: 47.795
2018-09-19 16:00:58,839:INFO: [TRAIN] Step: 854 ; Loss: 19.072 ; Acc: 47.783
2018-09-19 16:00:58,989:INFO: [TRAIN] Step: 855 ; Loss: 18.216 ; Acc: 47.824
2018-09-19 16:00:59,139:INFO: [TRAIN] Step: 856 ; Loss: 23.832 ; Acc: 47.836
2018-09-19 16:00:59,290:INFO: [TRAIN] Step: 857 ; Loss: 26.084 ; Acc: 47.834
2018-09-19 16:00:59,438:INFO: [TRAIN] Step: 858 ; Loss: 22.015 ; Acc: 47.841
2018-09-19 16:00:59,577:INFO: [TRAIN] Step: 859 ; Loss: 21.243 ; Acc: 47.854
2018-09-19 16:00:59,723:INFO: [TRAIN] Step: 860 ; Loss: 19.530 ; Acc: 47.866
2018-09-19 16:00:59,866:INFO: [TRAIN] Step: 861 ; Loss: 23.294 ; Acc: 47.873
2018-09-19 16:01:00,006:INFO: [TRAIN] Step: 862 ; Loss: 23.197 ; Acc: 47.871
2018-09-19 16:01:00,148:INFO: [TRAIN] Step: 863 ; Loss: 22.668 ; Acc: 47.868
2018-09-19 16:01:00,291:INFO: [TRAIN] Step: 864 ; Loss: 20.363 ; Acc: 47.881
2018-09-19 16:01:00,434:INFO: [TRAIN] Step: 865 ; Loss: 25.520 ; Acc: 47.864
2018-09-19 16:01:00,580:INFO: [TRAIN] Step: 866 ; Loss: 23.683 ; Acc: 47.871
2018-09-19 16:01:00,721:INFO: [TRAIN] Step: 867 ; Loss: 20.144 ; Acc: 47.893
2018-09-19 16:01:00,863:INFO: [TRAIN] Step: 868 ; Loss: 20.673 ; Acc: 47.900
2018-09-19 16:01:01,007:INFO: [TRAIN] Step: 869 ; Loss: 29.927 ; Acc: 47.898
2018-09-19 16:01:01,147:INFO: [TRAIN] Step: 870 ; Loss: 21.611 ; Acc: 47.905
2018-09-19 16:01:01,291:INFO: [TRAIN] Step: 871 ; Loss: 22.203 ; Acc: 47.907
2018-09-19 16:01:01,432:INFO: [TRAIN] Step: 872 ; Loss: 25.584 ; Acc: 47.910
2018-09-19 16:01:01,573:INFO: [TRAIN] Step: 873 ; Loss: 26.836 ; Acc: 47.907
2018-09-19 16:01:01,726:INFO: [TRAIN] Step: 874 ; Loss: 22.235 ; Acc: 47.905
2018-09-19 16:01:01,874:INFO: [TRAIN] Step: 875 ; Loss: 24.017 ; Acc: 47.898
2018-09-19 16:01:02,017:INFO: [TRAIN] Step: 876 ; Loss: 22.081 ; Acc: 47.895
2018-09-19 16:01:02,187:INFO: [TRAIN] Step: 877 ; Loss: 21.204 ; Acc: 47.907
2018-09-19 16:01:02,328:INFO: [TRAIN] Step: 878 ; Loss: 20.909 ; Acc: 47.919
2018-09-19 16:01:02,464:INFO: [TRAIN] Step: 879 ; Loss: 24.413 ; Acc: 47.917
2018-09-19 16:01:02,598:INFO: [TRAIN] Step: 880 ; Loss: 25.228 ; Acc: 47.914
2018-09-19 16:01:02,733:INFO: [TRAIN] Step: 881 ; Loss: 21.437 ; Acc: 47.926
2018-09-19 16:01:02,878:INFO: [TRAIN] Step: 882 ; Loss: 22.139 ; Acc: 47.943
2018-09-19 16:01:03,008:INFO: [TRAIN] Step: 883 ; Loss: 20.294 ; Acc: 47.950
2018-09-19 16:01:03,143:INFO: [TRAIN] Step: 884 ; Loss: 22.450 ; Acc: 47.961
2018-09-19 16:01:03,284:INFO: [TRAIN] Step: 885 ; Loss: 23.035 ; Acc: 47.968
2018-09-19 16:01:03,421:INFO: [TRAIN] Step: 886 ; Loss: 26.704 ; Acc: 47.966
2018-09-19 16:01:03,562:INFO: [TRAIN] Step: 887 ; Loss: 21.134 ; Acc: 47.959
2018-09-19 16:01:03,697:INFO: [TRAIN] Step: 888 ; Loss: 23.186 ; Acc: 47.966
2018-09-19 16:01:03,836:INFO: [TRAIN] Step: 889 ; Loss: 20.995 ; Acc: 47.973
2018-09-19 16:01:03,969:INFO: [TRAIN] Step: 890 ; Loss: 19.915 ; Acc: 47.984
2018-09-19 16:01:04,102:INFO: [TRAIN] Step: 891 ; Loss: 16.632 ; Acc: 48.005
2018-09-19 16:01:04,240:INFO: [TRAIN] Step: 892 ; Loss: 22.077 ; Acc: 48.022
2018-09-19 16:01:04,375:INFO: [TRAIN] Step: 893 ; Loss: 19.450 ; Acc: 48.019
2018-09-19 16:01:04,504:INFO: [TRAIN] Step: 894 ; Loss: 20.407 ; Acc: 48.049
2018-09-19 16:01:04,643:INFO: [TRAIN] Step: 895 ; Loss: 23.145 ; Acc: 48.052
2018-09-19 16:01:04,783:INFO: [TRAIN] Step: 896 ; Loss: 20.903 ; Acc: 48.063
2018-09-19 16:01:04,909:INFO: [TRAIN] Step: 897 ; Loss: 15.650 ; Acc: 48.084
2018-09-19 16:01:05,035:INFO: [TRAIN] Step: 898 ; Loss: 21.036 ; Acc: 48.100
2018-09-19 16:01:05,174:INFO: [TRAIN] Step: 899 ; Loss: 20.978 ; Acc: 48.111
2018-09-19 16:01:05,313:INFO: [TRAIN] Step: 900 ; Loss: 21.655 ; Acc: 48.099
2018-09-19 16:01:05,442:INFO: [TRAIN] Step: 901 ; Loss: 22.344 ; Acc: 48.092
2018-09-19 16:01:05,581:INFO: [TRAIN] Step: 902 ; Loss: 19.924 ; Acc: 48.108
2018-09-19 16:01:05,707:INFO: [TRAIN] Step: 903 ; Loss: 23.235 ; Acc: 48.115
2018-09-19 16:01:05,837:INFO: [TRAIN] Step: 904 ; Loss: 23.854 ; Acc: 48.117
2018-09-19 16:01:05,977:INFO: [TRAIN] Step: 905 ; Loss: 23.932 ; Acc: 48.110
2018-09-19 16:01:06,105:INFO: [TRAIN] Step: 906 ; Loss: 29.060 ; Acc: 48.098
2018-09-19 16:01:06,232:INFO: [TRAIN] Step: 907 ; Loss: 20.454 ; Acc: 48.123
2018-09-19 16:01:06,355:INFO: [TRAIN] Step: 908 ; Loss: 21.548 ; Acc: 48.130
2018-09-19 16:01:06,487:INFO: [TRAIN] Step: 909 ; Loss: 22.727 ; Acc: 48.146
2018-09-19 16:01:06,615:INFO: [TRAIN] Step: 910 ; Loss: 23.149 ; Acc: 48.152
2018-09-19 16:01:06,767:INFO: [TRAIN] Step: 911 ; Loss: 22.694 ; Acc: 48.163
2018-09-19 16:01:06,901:INFO: [TRAIN] Step: 912 ; Loss: 17.918 ; Acc: 48.193
2018-09-19 16:01:07,024:INFO: [TRAIN] Step: 913 ; Loss: 23.936 ; Acc: 48.195
2018-09-19 16:01:07,145:INFO: [TRAIN] Step: 914 ; Loss: 24.555 ; Acc: 48.201
2018-09-19 16:01:07,273:INFO: [TRAIN] Step: 915 ; Loss: 20.373 ; Acc: 48.221
2018-09-19 16:01:07,391:INFO: [TRAIN] Step: 916 ; Loss: 21.309 ; Acc: 48.223
2018-09-19 16:01:07,507:INFO: [TRAIN] Step: 917 ; Loss: 27.235 ; Acc: 48.216
2018-09-19 16:01:07,628:INFO: [TRAIN] Step: 918 ; Loss: 18.633 ; Acc: 48.223
2018-09-19 16:01:07,757:INFO: [TRAIN] Step: 919 ; Loss: 21.583 ; Acc: 48.225
2018-09-19 16:01:07,894:INFO: [TRAIN] Step: 920 ; Loss: 18.473 ; Acc: 48.245
2018-09-19 16:01:08,032:INFO: [TRAIN] Step: 921 ; Loss: 17.122 ; Acc: 48.260
2018-09-19 16:01:08,152:INFO: [TRAIN] Step: 922 ; Loss: 20.794 ; Acc: 48.285
2018-09-19 16:01:08,271:INFO: [TRAIN] Step: 923 ; Loss: 19.758 ; Acc: 48.304
2018-09-19 16:01:08,389:INFO: [TRAIN] Step: 924 ; Loss: 19.890 ; Acc: 48.338
2018-09-19 16:01:08,508:INFO: [TRAIN] Step: 925 ; Loss: 25.423 ; Acc: 48.353
2018-09-19 16:01:08,626:INFO: [TRAIN] Step: 926 ; Loss: 19.438 ; Acc: 48.368
2018-09-19 16:01:08,740:INFO: [TRAIN] Step: 927 ; Loss: 20.749 ; Acc: 48.388
2018-09-19 16:01:08,856:INFO: [TRAIN] Step: 928 ; Loss: 18.904 ; Acc: 48.399
2018-09-19 16:01:08,975:INFO: [TRAIN] Step: 929 ; Loss: 23.844 ; Acc: 48.405
2018-09-19 16:01:09,091:INFO: [TRAIN] Step: 930 ; Loss: 17.011 ; Acc: 48.416
2018-09-19 16:01:09,203:INFO: [TRAIN] Step: 931 ; Loss: 19.091 ; Acc: 48.440
2018-09-19 16:01:09,318:INFO: [TRAIN] Step: 932 ; Loss: 23.401 ; Acc: 48.450
2018-09-19 16:01:09,432:INFO: [TRAIN] Step: 933 ; Loss: 22.753 ; Acc: 48.461
2018-09-19 16:01:09,543:INFO: [TRAIN] Step: 934 ; Loss: 23.150 ; Acc: 48.467
2018-09-19 16:01:09,658:INFO: [TRAIN] Step: 935 ; Loss: 23.915 ; Acc: 48.469
2018-09-19 16:01:09,771:INFO: [TRAIN] Step: 936 ; Loss: 19.071 ; Acc: 48.493
2018-09-19 16:01:09,884:INFO: [TRAIN] Step: 937 ; Loss: 25.460 ; Acc: 48.494
2018-09-19 16:01:10,003:INFO: [TRAIN] Step: 938 ; Loss: 18.947 ; Acc: 48.505
2018-09-19 16:01:10,117:INFO: [TRAIN] Step: 939 ; Loss: 22.608 ; Acc: 48.511
2018-09-19 16:01:10,231:INFO: [TRAIN] Step: 940 ; Loss: 20.185 ; Acc: 48.526
2018-09-19 16:01:10,344:INFO: [TRAIN] Step: 941 ; Loss: 18.704 ; Acc: 48.536
2018-09-19 16:01:10,454:INFO: [TRAIN] Step: 942 ; Loss: 19.716 ; Acc: 48.546
2018-09-19 16:01:10,571:INFO: [TRAIN] Step: 943 ; Loss: 19.487 ; Acc: 48.548
2018-09-19 16:01:10,688:INFO: [TRAIN] Step: 944 ; Loss: 20.128 ; Acc: 48.563
2018-09-19 16:01:10,810:INFO: [TRAIN] Step: 945 ; Loss: 24.470 ; Acc: 48.555
2018-09-19 16:01:10,919:INFO: [TRAIN] Step: 946 ; Loss: 20.969 ; Acc: 48.557
2018-09-19 16:01:11,034:INFO: [TRAIN] Step: 947 ; Loss: 18.831 ; Acc: 48.563
2018-09-19 16:01:11,142:INFO: [TRAIN] Step: 948 ; Loss: 25.996 ; Acc: 48.569
2018-09-19 16:01:11,253:INFO: [TRAIN] Step: 949 ; Loss: 20.220 ; Acc: 48.588
2018-09-19 16:01:11,368:INFO: [TRAIN] Step: 950 ; Loss: 18.781 ; Acc: 48.611
2018-09-19 16:01:11,484:INFO: [TRAIN] Step: 951 ; Loss: 19.418 ; Acc: 48.626
2018-09-19 16:01:11,601:INFO: [TRAIN] Step: 952 ; Loss: 21.550 ; Acc: 48.632
2018-09-19 16:01:11,714:INFO: [TRAIN] Step: 953 ; Loss: 21.962 ; Acc: 48.650
2018-09-19 16:01:11,832:INFO: [TRAIN] Step: 954 ; Loss: 21.846 ; Acc: 48.674
2018-09-19 16:01:11,945:INFO: [TRAIN] Step: 955 ; Loss: 23.465 ; Acc: 48.671
2018-09-19 16:01:12,060:INFO: [TRAIN] Step: 956 ; Loss: 22.253 ; Acc: 48.676
2018-09-19 16:01:12,178:INFO: [TRAIN] Step: 957 ; Loss: 22.231 ; Acc: 48.686
2018-09-19 16:01:12,296:INFO: [TRAIN] Step: 958 ; Loss: 23.757 ; Acc: 48.697
2018-09-19 16:01:12,410:INFO: [TRAIN] Step: 959 ; Loss: 20.974 ; Acc: 48.720
2018-09-19 16:01:12,527:INFO: [TRAIN] Step: 960 ; Loss: 18.164 ; Acc: 48.721
2018-09-19 16:01:12,643:INFO: [TRAIN] Step: 961 ; Loss: 19.685 ; Acc: 48.727
2018-09-19 16:01:12,759:INFO: [TRAIN] Step: 962 ; Loss: 27.177 ; Acc: 48.724
2018-09-19 16:01:12,872:INFO: [TRAIN] Step: 963 ; Loss: 19.307 ; Acc: 48.738
2018-09-19 16:01:12,988:INFO: [TRAIN] Step: 964 ; Loss: 17.024 ; Acc: 48.756
2018-09-19 16:01:13,102:INFO: [TRAIN] Step: 965 ; Loss: 27.731 ; Acc: 48.758
2018-09-19 16:01:13,217:INFO: [TRAIN] Step: 966 ; Loss: 20.743 ; Acc: 48.785
2018-09-19 16:01:13,338:INFO: [TRAIN] Step: 967 ; Loss: 19.333 ; Acc: 48.799
2018-09-19 16:01:13,448:INFO: [TRAIN] Step: 968 ; Loss: 22.436 ; Acc: 48.805
2018-09-19 16:01:13,563:INFO: [TRAIN] Step: 969 ; Loss: 19.003 ; Acc: 48.819
2018-09-19 16:01:13,680:INFO: [TRAIN] Step: 970 ; Loss: 19.433 ; Acc: 48.829
2018-09-19 16:01:13,796:INFO: [TRAIN] Step: 971 ; Loss: 23.550 ; Acc: 48.813
2018-09-19 16:01:13,908:INFO: [TRAIN] Step: 972 ; Loss: 14.735 ; Acc: 48.839
2018-09-19 16:01:14,024:INFO: [TRAIN] Step: 973 ; Loss: 20.442 ; Acc: 48.845
2018-09-19 16:01:14,143:INFO: [TRAIN] Step: 974 ; Loss: 20.453 ; Acc: 48.850
2018-09-19 16:01:14,257:INFO: [TRAIN] Step: 975 ; Loss: 23.046 ; Acc: 48.856
2018-09-19 16:01:14,370:INFO: [TRAIN] Step: 976 ; Loss: 24.777 ; Acc: 48.831
2018-09-19 16:01:14,484:INFO: [TRAIN] Step: 977 ; Loss: 23.908 ; Acc: 48.824
2018-09-19 16:01:14,602:INFO: [TRAIN] Step: 978 ; Loss: 20.908 ; Acc: 48.838
2018-09-19 16:01:14,725:INFO: [TRAIN] Step: 979 ; Loss: 22.848 ; Acc: 48.844
2018-09-19 16:01:14,841:INFO: [TRAIN] Step: 980 ; Loss: 23.922 ; Acc: 48.857
2018-09-19 16:01:14,953:INFO: [TRAIN] Step: 981 ; Loss: 19.118 ; Acc: 48.871
2018-09-19 16:01:15,068:INFO: [TRAIN] Step: 982 ; Loss: 14.543 ; Acc: 48.894
2018-09-19 16:01:15,184:INFO: [TRAIN] Step: 983 ; Loss: 20.678 ; Acc: 48.912
2018-09-19 16:01:15,300:INFO: [TRAIN] Step: 984 ; Loss: 17.298 ; Acc: 48.926
2018-09-19 16:01:15,417:INFO: [TRAIN] Step: 985 ; Loss: 21.417 ; Acc: 48.927
2018-09-19 16:01:15,535:INFO: [TRAIN] Step: 986 ; Loss: 24.696 ; Acc: 48.919
2018-09-19 16:01:15,649:INFO: [TRAIN] Step: 987 ; Loss: 19.311 ; Acc: 48.933
2018-09-19 16:01:15,760:INFO: [TRAIN] Step: 988 ; Loss: 23.151 ; Acc: 48.930
2018-09-19 16:01:15,874:INFO: [TRAIN] Step: 989 ; Loss: 22.682 ; Acc: 48.935
2018-09-19 16:01:15,995:INFO: [TRAIN] Step: 990 ; Loss: 22.067 ; Acc: 48.940
2018-09-19 16:01:16,115:INFO: [TRAIN] Step: 991 ; Loss: 22.086 ; Acc: 48.946
2018-09-19 16:01:16,232:INFO: [TRAIN] Step: 992 ; Loss: 17.842 ; Acc: 48.976
2018-09-19 16:01:16,349:INFO: [TRAIN] Step: 993 ; Loss: 20.045 ; Acc: 48.981
2018-09-19 16:01:16,467:INFO: [TRAIN] Step: 994 ; Loss: 22.870 ; Acc: 48.995
2018-09-19 16:01:16,587:INFO: [TRAIN] Step: 995 ; Loss: 17.432 ; Acc: 49.009
2018-09-19 16:01:16,704:INFO: [TRAIN] Step: 996 ; Loss: 23.353 ; Acc: 49.005
2018-09-19 16:01:16,826:INFO: [TRAIN] Step: 997 ; Loss: 23.620 ; Acc: 49.002
2018-09-19 16:01:16,950:INFO: [TRAIN] Step: 998 ; Loss: 20.566 ; Acc: 49.012
2018-09-19 16:01:17,063:INFO: [TRAIN] Step: 999 ; Loss: 23.187 ; Acc: 49.025
2018-09-19 16:01:17,175:INFO: [TRAIN] Step: 1000 ; Loss: 29.554 ; Acc: 49.005
2018-09-19 16:01:17,287:INFO: [TRAIN] Step: 1001 ; Loss: 26.009 ; Acc: 49.006
2018-09-19 16:01:17,405:INFO: [TRAIN] Step: 1002 ; Loss: 20.653 ; Acc: 49.007
2018-09-19 16:01:17,520:INFO: [TRAIN] Step: 1003 ; Loss: 23.478 ; Acc: 49.004
2018-09-19 16:01:17,642:INFO: [TRAIN] Step: 1004 ; Loss: 26.428 ; Acc: 49.017
2018-09-19 16:01:17,758:INFO: [TRAIN] Step: 1005 ; Loss: 21.378 ; Acc: 49.014
2018-09-19 16:01:17,875:INFO: [TRAIN] Step: 1006 ; Loss: 24.913 ; Acc: 49.015
2018-09-19 16:01:17,992:INFO: [TRAIN] Step: 1007 ; Loss: 27.374 ; Acc: 49.012
2018-09-19 16:01:18,112:INFO: [TRAIN] Step: 1008 ; Loss: 32.134 ; Acc: 48.988
2018-09-19 16:01:18,237:INFO: [TRAIN] Step: 1009 ; Loss: 22.873 ; Acc: 48.985
2018-09-19 16:01:18,363:INFO: [TRAIN] Step: 1010 ; Loss: 23.121 ; Acc: 48.986
2018-09-19 16:01:18,481:INFO: [TRAIN] Step: 1011 ; Loss: 20.737 ; Acc: 49.000
2018-09-19 16:01:18,597:INFO: [TRAIN] Step: 1012 ; Loss: 20.613 ; Acc: 49.013
2018-09-19 16:01:18,714:INFO: [TRAIN] Step: 1013 ; Loss: 24.212 ; Acc: 49.014
2018-09-19 16:01:18,831:INFO: [TRAIN] Step: 1014 ; Loss: 20.787 ; Acc: 49.019
2018-09-19 16:01:18,946:INFO: [TRAIN] Step: 1015 ; Loss: 17.114 ; Acc: 49.024
2018-09-19 16:01:19,066:INFO: [TRAIN] Step: 1016 ; Loss: 20.389 ; Acc: 49.029
2018-09-19 16:01:19,177:INFO: [TRAIN] Step: 1017 ; Loss: 20.182 ; Acc: 49.022
2018-09-19 16:01:19,292:INFO: [TRAIN] Step: 1018 ; Loss: 21.560 ; Acc: 49.031
2018-09-19 16:01:19,404:INFO: [TRAIN] Step: 1019 ; Loss: 18.678 ; Acc: 49.036
2018-09-19 16:01:19,524:INFO: [TRAIN] Step: 1020 ; Loss: 16.753 ; Acc: 49.057
2018-09-19 16:01:19,638:INFO: [TRAIN] Step: 1021 ; Loss: 19.469 ; Acc: 49.066
2018-09-19 16:01:19,751:INFO: [TRAIN] Step: 1022 ; Loss: 21.081 ; Acc: 49.063
2018-09-19 16:01:19,866:INFO: [TRAIN] Step: 1023 ; Loss: 21.914 ; Acc: 49.064
2018-09-19 16:01:19,980:INFO: [TRAIN] Step: 1024 ; Loss: 21.631 ; Acc: 49.073
2018-09-19 16:01:20,096:INFO: [TRAIN] Step: 1025 ; Loss: 20.783 ; Acc: 49.082
2018-09-19 16:01:20,211:INFO: [TRAIN] Step: 1026 ; Loss: 20.936 ; Acc: 49.095
2018-09-19 16:01:20,324:INFO: [TRAIN] Step: 1027 ; Loss: 27.715 ; Acc: 49.084
2018-09-19 16:01:20,437:INFO: [TRAIN] Step: 1028 ; Loss: 26.248 ; Acc: 49.089
2018-09-19 16:01:20,549:INFO: [TRAIN] Step: 1029 ; Loss: 23.576 ; Acc: 49.114
2018-09-19 16:01:20,668:INFO: [TRAIN] Step: 1030 ; Loss: 20.585 ; Acc: 49.139
2018-09-19 16:01:20,790:INFO: [TRAIN] Step: 1031 ; Loss: 24.851 ; Acc: 49.148
2018-09-19 16:01:20,907:INFO: [TRAIN] Step: 1032 ; Loss: 22.742 ; Acc: 49.149
2018-09-19 16:01:21,023:INFO: [TRAIN] Step: 1033 ; Loss: 24.519 ; Acc: 49.134
2018-09-19 16:01:21,137:INFO: [TRAIN] Step: 1034 ; Loss: 24.676 ; Acc: 49.147
2018-09-19 16:01:21,253:INFO: [TRAIN] Step: 1035 ; Loss: 23.145 ; Acc: 49.135
2018-09-19 16:01:21,370:INFO: [TRAIN] Step: 1036 ; Loss: 20.670 ; Acc: 49.140
2018-09-19 16:01:21,491:INFO: [TRAIN] Step: 1037 ; Loss: 19.495 ; Acc: 49.157
2018-09-19 16:01:21,604:INFO: [TRAIN] Step: 1038 ; Loss: 20.446 ; Acc: 49.174
2018-09-19 16:01:21,727:INFO: [TRAIN] Step: 1039 ; Loss: 25.900 ; Acc: 49.175
2018-09-19 16:01:21,843:INFO: [TRAIN] Step: 1040 ; Loss: 20.208 ; Acc: 49.171
2018-09-19 16:01:21,961:INFO: [TRAIN] Step: 1041 ; Loss: 18.365 ; Acc: 49.196
2018-09-19 16:01:22,079:INFO: [TRAIN] Step: 1042 ; Loss: 24.280 ; Acc: 49.193
2018-09-19 16:01:22,196:INFO: [TRAIN] Step: 1043 ; Loss: 22.160 ; Acc: 49.194
2018-09-19 16:01:22,318:INFO: [TRAIN] Step: 1044 ; Loss: 23.687 ; Acc: 49.203
2018-09-19 16:01:22,429:INFO: [TRAIN] Step: 1045 ; Loss: 16.601 ; Acc: 49.219
2018-09-19 16:01:22,546:INFO: [TRAIN] Step: 1046 ; Loss: 22.879 ; Acc: 49.232
2018-09-19 16:01:22,660:INFO: [TRAIN] Step: 1047 ; Loss: 24.710 ; Acc: 49.225
2018-09-19 16:01:22,778:INFO: [TRAIN] Step: 1048 ; Loss: 24.144 ; Acc: 49.214
2018-09-19 16:01:22,889:INFO: [TRAIN] Step: 1049 ; Loss: 30.085 ; Acc: 49.206
2018-09-19 16:01:23,012:INFO: [TRAIN] Step: 1050 ; Loss: 20.336 ; Acc: 49.207
2018-09-19 16:01:23,132:INFO: [TRAIN] Step: 1051 ; Loss: 21.043 ; Acc: 49.212
2018-09-19 16:01:23,245:INFO: [TRAIN] Step: 1052 ; Loss: 25.535 ; Acc: 49.205
2018-09-19 16:01:23,357:INFO: [TRAIN] Step: 1053 ; Loss: 21.078 ; Acc: 49.205
2018-09-19 16:01:23,470:INFO: [TRAIN] Step: 1054 ; Loss: 29.494 ; Acc: 49.198
2018-09-19 16:01:23,584:INFO: [TRAIN] Step: 1055 ; Loss: 20.329 ; Acc: 49.207
2018-09-19 16:01:23,704:INFO: [TRAIN] Step: 1056 ; Loss: 25.351 ; Acc: 49.216
2018-09-19 16:01:23,819:INFO: [TRAIN] Step: 1057 ; Loss: 20.791 ; Acc: 49.224
2018-09-19 16:01:23,938:INFO: [TRAIN] Step: 1058 ; Loss: 24.005 ; Acc: 49.213
2018-09-19 16:01:24,048:INFO: [TRAIN] Step: 1059 ; Loss: 23.160 ; Acc: 49.214
2018-09-19 16:01:24,167:INFO: [TRAIN] Step: 1060 ; Loss: 18.406 ; Acc: 49.222
2018-09-19 16:01:24,286:INFO: [TRAIN] Step: 1061 ; Loss: 26.794 ; Acc: 49.231
2018-09-19 16:01:24,400:INFO: [TRAIN] Step: 1062 ; Loss: 23.756 ; Acc: 49.220
2018-09-19 16:01:24,517:INFO: [TRAIN] Step: 1063 ; Loss: 19.972 ; Acc: 49.232
2018-09-19 16:01:24,632:INFO: [TRAIN] Step: 1064 ; Loss: 19.229 ; Acc: 49.245
2018-09-19 16:01:24,748:INFO: [TRAIN] Step: 1065 ; Loss: 22.358 ; Acc: 49.261
2018-09-19 16:01:24,863:INFO: [TRAIN] Step: 1066 ; Loss: 21.295 ; Acc: 49.254
2018-09-19 16:01:24,978:INFO: [TRAIN] Step: 1067 ; Loss: 20.982 ; Acc: 49.251
2018-09-19 16:01:25,093:INFO: [TRAIN] Step: 1068 ; Loss: 20.614 ; Acc: 49.256
2018-09-19 16:01:25,207:INFO: [TRAIN] Step: 1069 ; Loss: 21.774 ; Acc: 49.245
2018-09-19 16:01:25,323:INFO: [TRAIN] Step: 1070 ; Loss: 20.425 ; Acc: 49.241
2018-09-19 16:01:25,440:INFO: [TRAIN] Step: 1071 ; Loss: 16.892 ; Acc: 49.269
2018-09-19 16:01:25,555:INFO: [TRAIN] Step: 1072 ; Loss: 23.364 ; Acc: 49.266
2018-09-19 16:01:25,669:INFO: [TRAIN] Step: 1073 ; Loss: 22.347 ; Acc: 49.255
2018-09-19 16:01:25,785:INFO: [TRAIN] Step: 1074 ; Loss: 23.016 ; Acc: 49.240
2018-09-19 16:01:25,898:INFO: [TRAIN] Step: 1075 ; Loss: 23.011 ; Acc: 49.245
2018-09-19 16:01:26,018:INFO: [TRAIN] Step: 1076 ; Loss: 18.107 ; Acc: 49.265
2018-09-19 16:01:26,134:INFO: [TRAIN] Step: 1077 ; Loss: 19.673 ; Acc: 49.277
2018-09-19 16:01:26,254:INFO: [TRAIN] Step: 1078 ; Loss: 26.218 ; Acc: 49.278
2018-09-19 16:01:26,370:INFO: [TRAIN] Step: 1079 ; Loss: 23.490 ; Acc: 49.286
2018-09-19 16:01:26,491:INFO: [TRAIN] Step: 1080 ; Loss: 20.593 ; Acc: 49.298
2018-09-19 16:01:26,608:INFO: [TRAIN] Step: 1081 ; Loss: 19.546 ; Acc: 49.311
2018-09-19 16:01:26,737:INFO: [TRAIN] Step: 1082 ; Loss: 22.251 ; Acc: 49.319
2018-09-19 16:01:26,847:INFO: [TRAIN] Step: 1083 ; Loss: 22.106 ; Acc: 49.323
2018-09-19 16:01:26,959:INFO: [TRAIN] Step: 1084 ; Loss: 17.860 ; Acc: 49.324
2018-09-19 16:01:27,073:INFO: [TRAIN] Step: 1085 ; Loss: 19.207 ; Acc: 49.340
2018-09-19 16:01:27,183:INFO: [TRAIN] Step: 1086 ; Loss: 18.578 ; Acc: 49.360
2018-09-19 16:01:27,298:INFO: [TRAIN] Step: 1087 ; Loss: 24.620 ; Acc: 49.349
2018-09-19 16:01:27,415:INFO: [TRAIN] Step: 1088 ; Loss: 25.139 ; Acc: 49.350
2018-09-19 16:01:27,538:INFO: [TRAIN] Step: 1089 ; Loss: 22.222 ; Acc: 49.354
2018-09-19 16:01:27,654:INFO: [TRAIN] Step: 1090 ; Loss: 19.011 ; Acc: 49.374
2018-09-19 16:01:27,765:INFO: [TRAIN] Step: 1091 ; Loss: 21.276 ; Acc: 49.378
2018-09-19 16:01:27,876:INFO: [TRAIN] Step: 1092 ; Loss: 21.799 ; Acc: 49.382
2018-09-19 16:01:27,998:INFO: [TRAIN] Step: 1093 ; Loss: 22.224 ; Acc: 49.383
2018-09-19 16:01:28,121:INFO: [TRAIN] Step: 1094 ; Loss: 23.335 ; Acc: 49.376
2018-09-19 16:01:28,234:INFO: [TRAIN] Step: 1095 ; Loss: 22.676 ; Acc: 49.365
2018-09-19 16:01:28,354:INFO: [TRAIN] Step: 1096 ; Loss: 20.883 ; Acc: 49.366
2018-09-19 16:01:28,472:INFO: [TRAIN] Step: 1097 ; Loss: 23.056 ; Acc: 49.359
2018-09-19 16:01:28,589:INFO: [TRAIN] Step: 1098 ; Loss: 24.111 ; Acc: 49.359
2018-09-19 16:01:28,701:INFO: [TRAIN] Step: 1099 ; Loss: 25.297 ; Acc: 49.348
2018-09-19 16:01:28,817:INFO: [TRAIN] Step: 1100 ; Loss: 16.390 ; Acc: 49.360
2018-09-19 16:01:28,936:INFO: [TRAIN] Step: 1101 ; Loss: 22.609 ; Acc: 49.361
2018-09-19 16:01:29,056:INFO: [TRAIN] Step: 1102 ; Loss: 18.083 ; Acc: 49.377
2018-09-19 16:01:29,168:INFO: [TRAIN] Step: 1103 ; Loss: 22.478 ; Acc: 49.373
2018-09-19 16:01:29,280:INFO: [TRAIN] Step: 1104 ; Loss: 21.641 ; Acc: 49.385
2018-09-19 16:01:29,401:INFO: [TRAIN] Step: 1105 ; Loss: 21.957 ; Acc: 49.378
2018-09-19 16:01:29,523:INFO: [TRAIN] Step: 1106 ; Loss: 23.050 ; Acc: 49.379
2018-09-19 16:01:29,641:INFO: [TRAIN] Step: 1107 ; Loss: 18.841 ; Acc: 49.383
2018-09-19 16:01:29,751:INFO: [TRAIN] Step: 1108 ; Loss: 21.956 ; Acc: 49.391
2018-09-19 16:01:29,863:INFO: [TRAIN] Step: 1109 ; Loss: 20.415 ; Acc: 49.403
2018-09-19 16:01:29,978:INFO: [TRAIN] Step: 1110 ; Loss: 19.608 ; Acc: 49.396
2018-09-19 16:01:30,097:INFO: [TRAIN] Step: 1111 ; Loss: 21.439 ; Acc: 49.404
2018-09-19 16:01:30,208:INFO: [TRAIN] Step: 1112 ; Loss: 18.101 ; Acc: 49.427
2018-09-19 16:01:30,324:INFO: [TRAIN] Step: 1113 ; Loss: 16.952 ; Acc: 49.443
2018-09-19 16:01:30,436:INFO: [TRAIN] Step: 1114 ; Loss: 21.399 ; Acc: 49.447
2018-09-19 16:01:30,553:INFO: [TRAIN] Step: 1115 ; Loss: 20.132 ; Acc: 49.447
2018-09-19 16:01:30,668:INFO: [TRAIN] Step: 1116 ; Loss: 18.019 ; Acc: 49.463
2018-09-19 16:01:30,788:INFO: [TRAIN] Step: 1117 ; Loss: 16.528 ; Acc: 49.475
2018-09-19 16:01:30,906:INFO: [TRAIN] Step: 1118 ; Loss: 19.484 ; Acc: 49.482
2018-09-19 16:01:31,025:INFO: [TRAIN] Step: 1119 ; Loss: 19.918 ; Acc: 49.494
2018-09-19 16:01:31,144:INFO: [TRAIN] Step: 1120 ; Loss: 17.540 ; Acc: 49.517
2018-09-19 16:01:31,259:INFO: [TRAIN] Step: 1121 ; Loss: 23.171 ; Acc: 49.521
2018-09-19 16:01:31,376:INFO: [TRAIN] Step: 1122 ; Loss: 21.546 ; Acc: 49.525
2018-09-19 16:01:31,490:INFO: [TRAIN] Step: 1123 ; Loss: 23.604 ; Acc: 49.537
2018-09-19 16:01:31,605:INFO: [TRAIN] Step: 1124 ; Loss: 23.566 ; Acc: 49.544
2018-09-19 16:01:31,718:INFO: [TRAIN] Step: 1125 ; Loss: 23.319 ; Acc: 49.552
2018-09-19 16:01:31,837:INFO: [TRAIN] Step: 1126 ; Loss: 21.914 ; Acc: 49.553
2018-09-19 16:01:31,955:INFO: [TRAIN] Step: 1127 ; Loss: 25.215 ; Acc: 49.560
2018-09-19 16:01:32,074:INFO: [TRAIN] Step: 1128 ; Loss: 19.185 ; Acc: 49.572
2018-09-19 16:01:32,187:INFO: [TRAIN] Step: 1129 ; Loss: 21.087 ; Acc: 49.576
2018-09-19 16:01:32,302:INFO: [TRAIN] Step: 1130 ; Loss: 21.487 ; Acc: 49.573
2018-09-19 16:01:32,415:INFO: [TRAIN] Step: 1131 ; Loss: 29.073 ; Acc: 49.577
2018-09-19 16:01:32,529:INFO: [TRAIN] Step: 1132 ; Loss: 24.982 ; Acc: 49.584
2018-09-19 16:01:32,644:INFO: [TRAIN] Step: 1133 ; Loss: 25.281 ; Acc: 49.566
2018-09-19 16:01:32,755:INFO: [TRAIN] Step: 1134 ; Loss: 25.826 ; Acc: 49.567
2018-09-19 16:01:32,869:INFO: [TRAIN] Step: 1135 ; Loss: 23.967 ; Acc: 49.567
2018-09-19 16:01:32,977:INFO: [TRAIN] Step: 1136 ; Loss: 16.065 ; Acc: 49.579
2018-09-19 16:01:33,094:INFO: [TRAIN] Step: 1137 ; Loss: 19.211 ; Acc: 49.590
2018-09-19 16:01:33,210:INFO: [TRAIN] Step: 1138 ; Loss: 24.972 ; Acc: 49.587
2018-09-19 16:01:33,326:INFO: [TRAIN] Step: 1139 ; Loss: 21.975 ; Acc: 49.576
2018-09-19 16:01:33,437:INFO: [TRAIN] Step: 1140 ; Loss: 23.216 ; Acc: 49.580
2018-09-19 16:01:33,556:INFO: [TRAIN] Step: 1141 ; Loss: 21.905 ; Acc: 49.577
2018-09-19 16:01:33,669:INFO: [TRAIN] Step: 1142 ; Loss: 19.391 ; Acc: 49.584
2018-09-19 16:01:33,786:INFO: [TRAIN] Step: 1143 ; Loss: 20.378 ; Acc: 49.599
2018-09-19 16:01:33,903:INFO: [TRAIN] Step: 1144 ; Loss: 18.728 ; Acc: 49.607
2018-09-19 16:01:34,019:INFO: [TRAIN] Step: 1145 ; Loss: 21.714 ; Acc: 49.615
2018-09-19 16:01:34,134:INFO: [TRAIN] Step: 1146 ; Loss: 22.924 ; Acc: 49.619
2018-09-19 16:01:34,249:INFO: [TRAIN] Step: 1147 ; Loss: 18.245 ; Acc: 49.619
2018-09-19 16:01:34,371:INFO: [TRAIN] Step: 1148 ; Loss: 26.274 ; Acc: 49.623
2018-09-19 16:01:34,492:INFO: [TRAIN] Step: 1149 ; Loss: 26.433 ; Acc: 49.616
2018-09-19 16:01:34,611:INFO: [TRAIN] Step: 1150 ; Loss: 16.962 ; Acc: 49.620
2018-09-19 16:01:34,723:INFO: [TRAIN] Step: 1151 ; Loss: 21.691 ; Acc: 49.627
2018-09-19 16:01:34,841:INFO: [TRAIN] Step: 1152 ; Loss: 21.504 ; Acc: 49.635
2018-09-19 16:01:34,957:INFO: [TRAIN] Step: 1153 ; Loss: 22.544 ; Acc: 49.635
2018-09-19 16:01:35,072:INFO: [TRAIN] Step: 1154 ; Loss: 23.727 ; Acc: 49.636
2018-09-19 16:01:35,191:INFO: [TRAIN] Step: 1155 ; Loss: 19.424 ; Acc: 49.643
2018-09-19 16:01:35,307:INFO: [TRAIN] Step: 1156 ; Loss: 20.707 ; Acc: 49.651
2018-09-19 16:01:35,427:INFO: [TRAIN] Step: 1157 ; Loss: 19.530 ; Acc: 49.655
2018-09-19 16:01:35,550:INFO: [TRAIN] Step: 1158 ; Loss: 22.279 ; Acc: 49.666
2018-09-19 16:01:35,674:INFO: [TRAIN] Step: 1159 ; Loss: 23.729 ; Acc: 49.655
2018-09-19 16:01:35,792:INFO: [TRAIN] Step: 1160 ; Loss: 22.555 ; Acc: 49.655
2018-09-19 16:01:35,911:INFO: [TRAIN] Step: 1161 ; Loss: 22.516 ; Acc: 49.652
2018-09-19 16:01:36,027:INFO: [TRAIN] Step: 1162 ; Loss: 21.487 ; Acc: 49.660
2018-09-19 16:01:36,144:INFO: [TRAIN] Step: 1163 ; Loss: 22.338 ; Acc: 49.667
2018-09-19 16:01:36,260:INFO: [TRAIN] Step: 1164 ; Loss: 20.232 ; Acc: 49.671
2018-09-19 16:01:36,374:INFO: [TRAIN] Step: 1165 ; Loss: 20.836 ; Acc: 49.675
2018-09-19 16:01:36,486:INFO: [TRAIN] Step: 1166 ; Loss: 20.453 ; Acc: 49.686
2018-09-19 16:01:36,601:INFO: [TRAIN] Step: 1167 ; Loss: 20.784 ; Acc: 49.690
2018-09-19 16:01:36,720:INFO: [TRAIN] Step: 1168 ; Loss: 16.142 ; Acc: 49.708
2018-09-19 16:01:36,842:INFO: [TRAIN] Step: 1169 ; Loss: 24.354 ; Acc: 49.701
2018-09-19 16:01:36,960:INFO: [TRAIN] Step: 1170 ; Loss: 25.737 ; Acc: 49.694
2018-09-19 16:01:37,075:INFO: [TRAIN] Step: 1171 ; Loss: 27.733 ; Acc: 49.694
2018-09-19 16:01:37,190:INFO: [TRAIN] Step: 1172 ; Loss: 14.548 ; Acc: 49.705
2018-09-19 16:01:37,305:INFO: [TRAIN] Step: 1173 ; Loss: 19.978 ; Acc: 49.713
2018-09-19 16:01:37,417:INFO: [TRAIN] Step: 1174 ; Loss: 20.292 ; Acc: 49.716
2018-09-19 16:01:37,532:INFO: [TRAIN] Step: 1175 ; Loss: 23.558 ; Acc: 49.724
2018-09-19 16:01:37,652:INFO: [TRAIN] Step: 1176 ; Loss: 18.660 ; Acc: 49.731
2018-09-19 16:01:37,766:INFO: [TRAIN] Step: 1177 ; Loss: 24.334 ; Acc: 49.728
2018-09-19 16:01:37,882:INFO: [TRAIN] Step: 1178 ; Loss: 15.585 ; Acc: 49.728
2018-09-19 16:01:37,995:INFO: [TRAIN] Step: 1179 ; Loss: 23.334 ; Acc: 49.728
2018-09-19 16:01:38,110:INFO: [TRAIN] Step: 1180 ; Loss: 18.389 ; Acc: 49.742
2018-09-19 16:01:38,230:INFO: [TRAIN] Step: 1181 ; Loss: 25.502 ; Acc: 49.753
2018-09-19 16:01:38,341:INFO: [TRAIN] Step: 1182 ; Loss: 21.218 ; Acc: 49.760
2018-09-19 16:01:38,456:INFO: [TRAIN] Step: 1183 ; Loss: 18.957 ; Acc: 49.764
2018-09-19 16:01:38,573:INFO: [TRAIN] Step: 1184 ; Loss: 14.114 ; Acc: 49.786
2018-09-19 16:01:38,690:INFO: [TRAIN] Step: 1185 ; Loss: 18.930 ; Acc: 49.789
2018-09-19 16:01:38,811:INFO: [TRAIN] Step: 1186 ; Loss: 20.174 ; Acc: 49.807
2018-09-19 16:01:38,930:INFO: [TRAIN] Step: 1187 ; Loss: 23.022 ; Acc: 49.804
2018-09-19 16:01:39,054:INFO: [TRAIN] Step: 1188 ; Loss: 18.840 ; Acc: 49.825
2018-09-19 16:01:39,172:INFO: [TRAIN] Step: 1189 ; Loss: 18.919 ; Acc: 49.842
2018-09-19 16:01:44,446:INFO: [EVAL] Step: 1190 ; Loss: 0.221 ; Acc: 0.574
