2018-09-19 13:47:06,375:INFO: ### Model ###
LeNet5(
  (convnet): Sequential(
    (0): Conv2d(1, 6, kernel_size=(5, 5), stride=(1, 1))
    (1): ReLU()
    (2): MaxPool2d(kernel_size=(2, 2), stride=2, padding=0, dilation=1, ceil_mode=False)
    (3): Conv2d(6, 16, kernel_size=(5, 5), stride=(1, 1))
    (4): ReLU()
    (5): MaxPool2d(kernel_size=(2, 2), stride=2, padding=0, dilation=1, ceil_mode=False)
    (6): Conv2d(16, 120, kernel_size=(5, 5), stride=(1, 1))
    (7): ReLU()
    (8): Conv2d(120, 240, kernel_size=(5, 5), stride=(1, 1))
    (9): ReLU()
  )
  (fc): Sequential(
    (0): Linear(in_features=240, out_features=84, bias=True)
    (1): ReLU()
    (2): Linear(in_features=84, out_features=10, bias=True)
  )
)
2018-09-19 13:47:06,375:INFO: ### Optimizer ###
Adam (
Parameter Group 0
    amsgrad: False
    betas: (0.9, 0.999)
    eps: 1e-08
    lr: 1e-06
    weight_decay: 0
)
2018-09-19 13:47:06,376:INFO: ### HParams ###
n_epochs: 1 ; data: ferplus ; label: ferplus_votes ; batch_size: 24 ; lr: 1e-06 ; wd: 0 ; eval_steps: 1190
2018-09-19 13:47:06,557:INFO: [TRAIN] Step: 0 ; Loss: 39.489 ; Acc: 12.500
2018-09-19 13:47:06,633:INFO: [TRAIN] Step: 1 ; Loss: 40.840 ; Acc: 12.500
2018-09-19 13:47:06,708:INFO: [TRAIN] Step: 2 ; Loss: 40.603 ; Acc: 11.111
2018-09-19 13:47:06,790:INFO: [TRAIN] Step: 3 ; Loss: 40.831 ; Acc: 12.500
2018-09-19 13:47:06,862:INFO: [TRAIN] Step: 4 ; Loss: 35.408 ; Acc: 12.500
2018-09-19 13:47:06,944:INFO: [TRAIN] Step: 5 ; Loss: 43.238 ; Acc: 11.806
2018-09-19 13:47:07,018:INFO: [TRAIN] Step: 6 ; Loss: 44.041 ; Acc: 10.119
2018-09-19 13:47:07,098:INFO: [TRAIN] Step: 7 ; Loss: 41.085 ; Acc: 11.458
2018-09-19 13:47:07,172:INFO: [TRAIN] Step: 8 ; Loss: 38.491 ; Acc: 12.500
2018-09-19 13:47:07,264:INFO: [TRAIN] Step: 9 ; Loss: 39.802 ; Acc: 12.917
2018-09-19 13:47:07,361:INFO: [TRAIN] Step: 10 ; Loss: 37.838 ; Acc: 12.879
2018-09-19 13:47:07,445:INFO: [TRAIN] Step: 11 ; Loss: 35.110 ; Acc: 13.194
2018-09-19 13:47:07,518:INFO: [TRAIN] Step: 12 ; Loss: 41.029 ; Acc: 13.141
2018-09-19 13:47:07,598:INFO: [TRAIN] Step: 13 ; Loss: 37.470 ; Acc: 13.095
2018-09-19 13:47:07,674:INFO: [TRAIN] Step: 14 ; Loss: 43.626 ; Acc: 13.056
2018-09-19 13:47:07,757:INFO: [TRAIN] Step: 15 ; Loss: 36.515 ; Acc: 13.021
2018-09-19 13:47:07,829:INFO: [TRAIN] Step: 16 ; Loss: 41.074 ; Acc: 13.725
2018-09-19 13:47:07,909:INFO: [TRAIN] Step: 17 ; Loss: 43.918 ; Acc: 13.426
2018-09-19 13:47:07,986:INFO: [TRAIN] Step: 18 ; Loss: 40.257 ; Acc: 13.377
2018-09-19 13:47:08,065:INFO: [TRAIN] Step: 19 ; Loss: 39.701 ; Acc: 14.167
2018-09-19 13:47:08,139:INFO: [TRAIN] Step: 20 ; Loss: 39.699 ; Acc: 13.690
2018-09-19 13:47:08,217:INFO: [TRAIN] Step: 21 ; Loss: 39.957 ; Acc: 13.258
2018-09-19 13:47:08,290:INFO: [TRAIN] Step: 22 ; Loss: 38.435 ; Acc: 12.862
2018-09-19 13:47:08,369:INFO: [TRAIN] Step: 23 ; Loss: 40.501 ; Acc: 12.674
2018-09-19 13:47:08,443:INFO: [TRAIN] Step: 24 ; Loss: 39.475 ; Acc: 12.333
2018-09-19 13:47:08,523:INFO: [TRAIN] Step: 25 ; Loss: 36.388 ; Acc: 13.141
2018-09-19 13:47:08,595:INFO: [TRAIN] Step: 26 ; Loss: 38.885 ; Acc: 12.963
2018-09-19 13:47:08,675:INFO: [TRAIN] Step: 27 ; Loss: 41.058 ; Acc: 12.798
2018-09-19 13:47:08,748:INFO: [TRAIN] Step: 28 ; Loss: 38.568 ; Acc: 13.649
2018-09-19 13:47:08,827:INFO: [TRAIN] Step: 29 ; Loss: 40.262 ; Acc: 13.333
2018-09-19 13:47:08,902:INFO: [TRAIN] Step: 30 ; Loss: 39.157 ; Acc: 12.903
2018-09-19 13:47:08,983:INFO: [TRAIN] Step: 31 ; Loss: 39.223 ; Acc: 12.891
2018-09-19 13:47:09,055:INFO: [TRAIN] Step: 32 ; Loss: 39.396 ; Acc: 12.879
2018-09-19 13:47:09,134:INFO: [TRAIN] Step: 33 ; Loss: 38.240 ; Acc: 13.113
2018-09-19 13:47:09,209:INFO: [TRAIN] Step: 34 ; Loss: 40.312 ; Acc: 13.214
2018-09-19 13:47:09,289:INFO: [TRAIN] Step: 35 ; Loss: 39.369 ; Acc: 13.310
2018-09-19 13:47:09,365:INFO: [TRAIN] Step: 36 ; Loss: 38.782 ; Acc: 13.739
2018-09-19 13:47:09,445:INFO: [TRAIN] Step: 37 ; Loss: 36.708 ; Acc: 13.925
2018-09-19 13:47:09,517:INFO: [TRAIN] Step: 38 ; Loss: 44.195 ; Acc: 13.782
2018-09-19 13:47:09,596:INFO: [TRAIN] Step: 39 ; Loss: 43.761 ; Acc: 14.062
2018-09-19 13:47:09,670:INFO: [TRAIN] Step: 40 ; Loss: 40.360 ; Acc: 14.024
2018-09-19 13:47:09,750:INFO: [TRAIN] Step: 41 ; Loss: 39.931 ; Acc: 13.889
2018-09-19 13:47:09,822:INFO: [TRAIN] Step: 42 ; Loss: 40.636 ; Acc: 13.760
2018-09-19 13:47:09,901:INFO: [TRAIN] Step: 43 ; Loss: 39.774 ; Acc: 13.826
2018-09-19 13:47:09,975:INFO: [TRAIN] Step: 44 ; Loss: 40.865 ; Acc: 13.704
2018-09-19 13:47:10,054:INFO: [TRAIN] Step: 45 ; Loss: 36.447 ; Acc: 13.587
2018-09-19 13:47:10,126:INFO: [TRAIN] Step: 46 ; Loss: 39.444 ; Acc: 13.475
2018-09-19 13:47:10,205:INFO: [TRAIN] Step: 47 ; Loss: 35.934 ; Acc: 13.281
2018-09-19 13:47:10,279:INFO: [TRAIN] Step: 48 ; Loss: 40.385 ; Acc: 13.180
2018-09-19 13:47:10,388:INFO: [TRAIN] Step: 49 ; Loss: 38.753 ; Acc: 13.250
2018-09-19 13:47:10,465:INFO: [TRAIN] Step: 50 ; Loss: 36.935 ; Acc: 13.317
2018-09-19 13:47:10,549:INFO: [TRAIN] Step: 51 ; Loss: 35.433 ; Acc: 13.141
2018-09-19 13:47:10,627:INFO: [TRAIN] Step: 52 ; Loss: 42.768 ; Acc: 13.050
2018-09-19 13:47:10,705:INFO: [TRAIN] Step: 53 ; Loss: 37.587 ; Acc: 13.117
2018-09-19 13:47:10,779:INFO: [TRAIN] Step: 54 ; Loss: 39.336 ; Acc: 13.182
2018-09-19 13:47:10,873:INFO: [TRAIN] Step: 55 ; Loss: 40.298 ; Acc: 13.244
2018-09-19 13:47:10,947:INFO: [TRAIN] Step: 56 ; Loss: 41.534 ; Acc: 13.304
2018-09-19 13:47:11,025:INFO: [TRAIN] Step: 57 ; Loss: 37.956 ; Acc: 13.362
2018-09-19 13:47:11,096:INFO: [TRAIN] Step: 58 ; Loss: 34.827 ; Acc: 13.347
2018-09-19 13:47:11,175:INFO: [TRAIN] Step: 59 ; Loss: 37.987 ; Acc: 13.333
2018-09-19 13:47:11,247:INFO: [TRAIN] Step: 60 ; Loss: 37.204 ; Acc: 13.388
2018-09-19 13:47:11,333:INFO: [TRAIN] Step: 61 ; Loss: 38.072 ; Acc: 13.441
2018-09-19 13:47:11,408:INFO: [TRAIN] Step: 62 ; Loss: 41.602 ; Acc: 13.426
2018-09-19 13:47:11,489:INFO: [TRAIN] Step: 63 ; Loss: 38.385 ; Acc: 13.281
2018-09-19 13:47:11,561:INFO: [TRAIN] Step: 64 ; Loss: 40.679 ; Acc: 13.333
2018-09-19 13:47:11,643:INFO: [TRAIN] Step: 65 ; Loss: 40.442 ; Acc: 13.131
2018-09-19 13:47:11,718:INFO: [TRAIN] Step: 66 ; Loss: 39.038 ; Acc: 13.122
2018-09-19 13:47:11,796:INFO: [TRAIN] Step: 67 ; Loss: 41.941 ; Acc: 13.051
2018-09-19 13:47:11,869:INFO: [TRAIN] Step: 68 ; Loss: 41.310 ; Acc: 12.923
2018-09-19 13:47:11,950:INFO: [TRAIN] Step: 69 ; Loss: 38.637 ; Acc: 13.036
2018-09-19 13:47:12,025:INFO: [TRAIN] Step: 70 ; Loss: 43.419 ; Acc: 13.263
2018-09-19 13:47:12,106:INFO: [TRAIN] Step: 71 ; Loss: 38.708 ; Acc: 13.137
2018-09-19 13:47:12,178:INFO: [TRAIN] Step: 72 ; Loss: 38.839 ; Acc: 13.128
2018-09-19 13:47:12,257:INFO: [TRAIN] Step: 73 ; Loss: 38.875 ; Acc: 13.232
2018-09-19 13:47:12,331:INFO: [TRAIN] Step: 74 ; Loss: 37.768 ; Acc: 13.278
2018-09-19 13:47:12,409:INFO: [TRAIN] Step: 75 ; Loss: 39.995 ; Acc: 13.268
2018-09-19 13:47:12,481:INFO: [TRAIN] Step: 76 ; Loss: 42.908 ; Acc: 13.203
2018-09-19 13:47:12,561:INFO: [TRAIN] Step: 77 ; Loss: 35.112 ; Acc: 13.194
2018-09-19 13:47:12,632:INFO: [TRAIN] Step: 78 ; Loss: 36.915 ; Acc: 13.449
2018-09-19 13:47:12,713:INFO: [TRAIN] Step: 79 ; Loss: 40.818 ; Acc: 13.490
2018-09-19 13:47:12,787:INFO: [TRAIN] Step: 80 ; Loss: 39.523 ; Acc: 13.426
2018-09-19 13:47:12,882:INFO: [TRAIN] Step: 81 ; Loss: 42.698 ; Acc: 13.313
2018-09-19 13:47:12,957:INFO: [TRAIN] Step: 82 ; Loss: 37.864 ; Acc: 13.303
2018-09-19 13:47:13,039:INFO: [TRAIN] Step: 83 ; Loss: 34.659 ; Acc: 13.294
2018-09-19 13:47:13,113:INFO: [TRAIN] Step: 84 ; Loss: 37.808 ; Acc: 13.235
2018-09-19 13:47:13,194:INFO: [TRAIN] Step: 85 ; Loss: 40.087 ; Acc: 13.372
2018-09-19 13:47:13,266:INFO: [TRAIN] Step: 86 ; Loss: 39.188 ; Acc: 13.554
2018-09-19 13:47:13,347:INFO: [TRAIN] Step: 87 ; Loss: 40.780 ; Acc: 13.731
2018-09-19 13:47:13,421:INFO: [TRAIN] Step: 88 ; Loss: 33.903 ; Acc: 13.811
2018-09-19 13:47:13,501:INFO: [TRAIN] Step: 89 ; Loss: 39.355 ; Acc: 13.796
2018-09-19 13:47:13,575:INFO: [TRAIN] Step: 90 ; Loss: 42.525 ; Acc: 13.965
2018-09-19 13:47:13,674:INFO: [TRAIN] Step: 91 ; Loss: 40.803 ; Acc: 13.859
2018-09-19 13:47:13,764:INFO: [TRAIN] Step: 92 ; Loss: 37.205 ; Acc: 13.934
2018-09-19 13:47:13,849:INFO: [TRAIN] Step: 93 ; Loss: 41.097 ; Acc: 13.963
2018-09-19 13:47:13,924:INFO: [TRAIN] Step: 94 ; Loss: 38.496 ; Acc: 13.860
2018-09-19 13:47:14,005:INFO: [TRAIN] Step: 95 ; Loss: 39.284 ; Acc: 13.802
2018-09-19 13:47:14,080:INFO: [TRAIN] Step: 96 ; Loss: 38.454 ; Acc: 13.746
2018-09-19 13:47:14,165:INFO: [TRAIN] Step: 97 ; Loss: 42.393 ; Acc: 13.776
2018-09-19 13:47:14,239:INFO: [TRAIN] Step: 98 ; Loss: 37.700 ; Acc: 13.678
2018-09-19 13:47:14,321:INFO: [TRAIN] Step: 99 ; Loss: 43.273 ; Acc: 13.792
2018-09-19 13:47:14,398:INFO: [TRAIN] Step: 100 ; Loss: 41.739 ; Acc: 13.861
2018-09-19 13:47:14,477:INFO: [TRAIN] Step: 101 ; Loss: 37.433 ; Acc: 13.766
2018-09-19 13:47:14,551:INFO: [TRAIN] Step: 102 ; Loss: 41.470 ; Acc: 13.754
2018-09-19 13:47:14,632:INFO: [TRAIN] Step: 103 ; Loss: 40.681 ; Acc: 13.742
2018-09-19 13:47:14,705:INFO: [TRAIN] Step: 104 ; Loss: 39.785 ; Acc: 13.651
2018-09-19 13:47:14,786:INFO: [TRAIN] Step: 105 ; Loss: 44.006 ; Acc: 13.679
2018-09-19 13:47:14,858:INFO: [TRAIN] Step: 106 ; Loss: 43.026 ; Acc: 13.707
2018-09-19 13:47:14,937:INFO: [TRAIN] Step: 107 ; Loss: 38.696 ; Acc: 13.696
2018-09-19 13:47:15,011:INFO: [TRAIN] Step: 108 ; Loss: 37.776 ; Acc: 13.838
2018-09-19 13:47:15,093:INFO: [TRAIN] Step: 109 ; Loss: 37.114 ; Acc: 13.902
2018-09-19 13:47:15,169:INFO: [TRAIN] Step: 110 ; Loss: 39.844 ; Acc: 13.926
2018-09-19 13:47:15,249:INFO: [TRAIN] Step: 111 ; Loss: 40.365 ; Acc: 13.988
2018-09-19 13:47:15,324:INFO: [TRAIN] Step: 112 ; Loss: 44.024 ; Acc: 13.975
2018-09-19 13:47:15,402:INFO: [TRAIN] Step: 113 ; Loss: 41.223 ; Acc: 13.962
2018-09-19 13:47:15,475:INFO: [TRAIN] Step: 114 ; Loss: 35.460 ; Acc: 13.986
2018-09-19 13:47:15,554:INFO: [TRAIN] Step: 115 ; Loss: 40.805 ; Acc: 14.009
2018-09-19 13:47:15,626:INFO: [TRAIN] Step: 116 ; Loss: 35.114 ; Acc: 13.996
2018-09-19 13:47:15,709:INFO: [TRAIN] Step: 117 ; Loss: 42.820 ; Acc: 13.983
2018-09-19 13:47:15,781:INFO: [TRAIN] Step: 118 ; Loss: 38.854 ; Acc: 13.901
2018-09-19 13:47:15,860:INFO: [TRAIN] Step: 119 ; Loss: 42.173 ; Acc: 13.993
2018-09-19 13:47:15,936:INFO: [TRAIN] Step: 120 ; Loss: 41.904 ; Acc: 14.015
2018-09-19 13:47:16,015:INFO: [TRAIN] Step: 121 ; Loss: 37.839 ; Acc: 14.105
2018-09-19 13:47:16,087:INFO: [TRAIN] Step: 122 ; Loss: 39.768 ; Acc: 13.991
2018-09-19 13:47:16,167:INFO: [TRAIN] Step: 123 ; Loss: 36.052 ; Acc: 14.046
2018-09-19 13:47:16,239:INFO: [TRAIN] Step: 124 ; Loss: 42.557 ; Acc: 14.033
2018-09-19 13:47:16,317:INFO: [TRAIN] Step: 125 ; Loss: 39.531 ; Acc: 14.021
2018-09-19 13:47:16,390:INFO: [TRAIN] Step: 126 ; Loss: 40.820 ; Acc: 14.075
2018-09-19 13:47:16,469:INFO: [TRAIN] Step: 127 ; Loss: 40.433 ; Acc: 14.062
2018-09-19 13:47:16,544:INFO: [TRAIN] Step: 128 ; Loss: 41.853 ; Acc: 14.050
2018-09-19 13:47:16,625:INFO: [TRAIN] Step: 129 ; Loss: 39.434 ; Acc: 14.006
2018-09-19 13:47:16,698:INFO: [TRAIN] Step: 130 ; Loss: 38.918 ; Acc: 14.027
2018-09-19 13:47:16,779:INFO: [TRAIN] Step: 131 ; Loss: 43.429 ; Acc: 14.047
2018-09-19 13:47:16,861:INFO: [TRAIN] Step: 132 ; Loss: 40.311 ; Acc: 14.129
2018-09-19 13:47:16,953:INFO: [TRAIN] Step: 133 ; Loss: 39.225 ; Acc: 14.148
2018-09-19 13:47:17,031:INFO: [TRAIN] Step: 134 ; Loss: 40.862 ; Acc: 14.136
2018-09-19 13:47:17,111:INFO: [TRAIN] Step: 135 ; Loss: 38.417 ; Acc: 14.124
2018-09-19 13:47:17,183:INFO: [TRAIN] Step: 136 ; Loss: 38.262 ; Acc: 14.112
2018-09-19 13:47:17,261:INFO: [TRAIN] Step: 137 ; Loss: 38.201 ; Acc: 14.281
2018-09-19 13:47:17,335:INFO: [TRAIN] Step: 138 ; Loss: 38.774 ; Acc: 14.269
2018-09-19 13:47:17,421:INFO: [TRAIN] Step: 139 ; Loss: 41.210 ; Acc: 14.286
2018-09-19 13:47:17,493:INFO: [TRAIN] Step: 140 ; Loss: 38.761 ; Acc: 14.362
2018-09-19 13:47:17,572:INFO: [TRAIN] Step: 141 ; Loss: 39.795 ; Acc: 14.407
2018-09-19 13:47:17,649:INFO: [TRAIN] Step: 142 ; Loss: 39.398 ; Acc: 14.540
2018-09-19 13:47:17,738:INFO: [TRAIN] Step: 143 ; Loss: 39.349 ; Acc: 14.525
2018-09-19 13:47:17,810:INFO: [TRAIN] Step: 144 ; Loss: 39.786 ; Acc: 14.540
2018-09-19 13:47:17,889:INFO: [TRAIN] Step: 145 ; Loss: 39.682 ; Acc: 14.498
2018-09-19 13:47:17,968:INFO: [TRAIN] Step: 146 ; Loss: 35.675 ; Acc: 14.484
2018-09-19 13:47:18,047:INFO: [TRAIN] Step: 147 ; Loss: 41.838 ; Acc: 14.555
2018-09-19 13:47:18,119:INFO: [TRAIN] Step: 148 ; Loss: 39.578 ; Acc: 14.653
2018-09-19 13:47:18,200:INFO: [TRAIN] Step: 149 ; Loss: 39.553 ; Acc: 14.722
2018-09-19 13:47:18,272:INFO: [TRAIN] Step: 150 ; Loss: 39.380 ; Acc: 14.818
2018-09-19 13:47:18,352:INFO: [TRAIN] Step: 151 ; Loss: 39.390 ; Acc: 14.967
2018-09-19 13:47:18,426:INFO: [TRAIN] Step: 152 ; Loss: 39.110 ; Acc: 15.033
2018-09-19 13:47:18,509:INFO: [TRAIN] Step: 153 ; Loss: 37.851 ; Acc: 15.070
2018-09-19 13:47:18,581:INFO: [TRAIN] Step: 154 ; Loss: 34.844 ; Acc: 15.081
2018-09-19 13:47:18,660:INFO: [TRAIN] Step: 155 ; Loss: 41.274 ; Acc: 15.118
2018-09-19 13:47:18,733:INFO: [TRAIN] Step: 156 ; Loss: 39.866 ; Acc: 15.127
2018-09-19 13:47:18,813:INFO: [TRAIN] Step: 157 ; Loss: 41.975 ; Acc: 15.111
2018-09-19 13:47:18,886:INFO: [TRAIN] Step: 158 ; Loss: 37.945 ; Acc: 15.147
2018-09-19 13:47:18,966:INFO: [TRAIN] Step: 159 ; Loss: 35.842 ; Acc: 15.104
2018-09-19 13:47:19,042:INFO: [TRAIN] Step: 160 ; Loss: 43.578 ; Acc: 15.114
2018-09-19 13:47:19,121:INFO: [TRAIN] Step: 161 ; Loss: 39.653 ; Acc: 15.123
2018-09-19 13:47:19,193:INFO: [TRAIN] Step: 162 ; Loss: 36.337 ; Acc: 15.133
2018-09-19 13:47:19,271:INFO: [TRAIN] Step: 163 ; Loss: 35.466 ; Acc: 15.117
2018-09-19 13:47:19,344:INFO: [TRAIN] Step: 164 ; Loss: 38.028 ; Acc: 15.076
2018-09-19 13:47:19,425:INFO: [TRAIN] Step: 165 ; Loss: 39.595 ; Acc: 15.060
2018-09-19 13:47:19,499:INFO: [TRAIN] Step: 166 ; Loss: 41.584 ; Acc: 15.120
2018-09-19 13:47:19,579:INFO: [TRAIN] Step: 167 ; Loss: 40.077 ; Acc: 15.079
2018-09-19 13:47:19,650:INFO: [TRAIN] Step: 168 ; Loss: 39.579 ; Acc: 15.089
2018-09-19 13:47:19,731:INFO: [TRAIN] Step: 169 ; Loss: 36.828 ; Acc: 15.147
2018-09-19 13:47:19,803:INFO: [TRAIN] Step: 170 ; Loss: 41.745 ; Acc: 15.132
2018-09-19 13:47:19,882:INFO: [TRAIN] Step: 171 ; Loss: 37.501 ; Acc: 15.116
2018-09-19 13:47:19,965:INFO: [TRAIN] Step: 172 ; Loss: 37.723 ; Acc: 15.149
2018-09-19 13:47:20,045:INFO: [TRAIN] Step: 173 ; Loss: 37.955 ; Acc: 15.134
2018-09-19 13:47:20,116:INFO: [TRAIN] Step: 174 ; Loss: 40.506 ; Acc: 15.190
2018-09-19 13:47:20,196:INFO: [TRAIN] Step: 175 ; Loss: 38.117 ; Acc: 15.294
2018-09-19 13:47:20,273:INFO: [TRAIN] Step: 176 ; Loss: 41.578 ; Acc: 15.301
2018-09-19 13:47:20,352:INFO: [TRAIN] Step: 177 ; Loss: 41.729 ; Acc: 15.286
2018-09-19 13:47:20,424:INFO: [TRAIN] Step: 178 ; Loss: 38.206 ; Acc: 15.317
2018-09-19 13:47:20,502:INFO: [TRAIN] Step: 179 ; Loss: 37.878 ; Acc: 15.347
2018-09-19 13:47:20,583:INFO: [TRAIN] Step: 180 ; Loss: 39.913 ; Acc: 15.401
2018-09-19 13:47:20,663:INFO: [TRAIN] Step: 181 ; Loss: 40.569 ; Acc: 15.499
2018-09-19 13:47:20,735:INFO: [TRAIN] Step: 182 ; Loss: 42.721 ; Acc: 15.597
2018-09-19 13:47:20,813:INFO: [TRAIN] Step: 183 ; Loss: 41.490 ; Acc: 15.580
2018-09-19 13:47:20,887:INFO: [TRAIN] Step: 184 ; Loss: 45.016 ; Acc: 15.563
2018-09-19 13:47:20,970:INFO: [TRAIN] Step: 185 ; Loss: 42.045 ; Acc: 15.569
2018-09-19 13:47:21,044:INFO: [TRAIN] Step: 186 ; Loss: 38.801 ; Acc: 15.575
2018-09-19 13:47:21,123:INFO: [TRAIN] Step: 187 ; Loss: 38.968 ; Acc: 15.603
2018-09-19 13:47:21,195:INFO: [TRAIN] Step: 188 ; Loss: 41.000 ; Acc: 15.631
2018-09-19 13:47:21,274:INFO: [TRAIN] Step: 189 ; Loss: 42.241 ; Acc: 15.724
2018-09-19 13:47:21,345:INFO: [TRAIN] Step: 190 ; Loss: 38.040 ; Acc: 15.685
2018-09-19 13:47:21,426:INFO: [TRAIN] Step: 191 ; Loss: 38.614 ; Acc: 15.668
2018-09-19 13:47:21,500:INFO: [TRAIN] Step: 192 ; Loss: 40.948 ; Acc: 15.630
2018-09-19 13:47:21,579:INFO: [TRAIN] Step: 193 ; Loss: 38.483 ; Acc: 15.657
2018-09-19 13:47:21,653:INFO: [TRAIN] Step: 194 ; Loss: 42.431 ; Acc: 15.641
2018-09-19 13:47:21,733:INFO: [TRAIN] Step: 195 ; Loss: 39.436 ; Acc: 15.668
2018-09-19 13:47:21,805:INFO: [TRAIN] Step: 196 ; Loss: 36.923 ; Acc: 15.673
2018-09-19 13:47:21,886:INFO: [TRAIN] Step: 197 ; Loss: 39.631 ; Acc: 15.678
2018-09-19 13:47:21,959:INFO: [TRAIN] Step: 198 ; Loss: 41.065 ; Acc: 15.766
2018-09-19 13:47:22,039:INFO: [TRAIN] Step: 199 ; Loss: 41.699 ; Acc: 15.771
2018-09-19 13:47:22,113:INFO: [TRAIN] Step: 200 ; Loss: 37.845 ; Acc: 15.755
2018-09-19 13:47:22,192:INFO: [TRAIN] Step: 201 ; Loss: 39.592 ; Acc: 15.759
2018-09-19 13:47:22,268:INFO: [TRAIN] Step: 202 ; Loss: 41.897 ; Acc: 15.825
2018-09-19 13:47:22,347:INFO: [TRAIN] Step: 203 ; Loss: 43.673 ; Acc: 15.850
2018-09-19 13:47:22,421:INFO: [TRAIN] Step: 204 ; Loss: 40.799 ; Acc: 15.854
2018-09-19 13:47:22,500:INFO: [TRAIN] Step: 205 ; Loss: 41.671 ; Acc: 15.999
2018-09-19 13:47:22,575:INFO: [TRAIN] Step: 206 ; Loss: 41.106 ; Acc: 16.143
2018-09-19 13:47:22,657:INFO: [TRAIN] Step: 207 ; Loss: 40.326 ; Acc: 16.186
2018-09-19 13:47:22,730:INFO: [TRAIN] Step: 208 ; Loss: 40.016 ; Acc: 16.268
2018-09-19 13:47:22,810:INFO: [TRAIN] Step: 209 ; Loss: 39.459 ; Acc: 16.290
2018-09-19 13:47:22,884:INFO: [TRAIN] Step: 210 ; Loss: 40.046 ; Acc: 16.311
2018-09-19 13:47:22,963:INFO: [TRAIN] Step: 211 ; Loss: 36.684 ; Acc: 16.333
2018-09-19 13:47:23,039:INFO: [TRAIN] Step: 212 ; Loss: 40.947 ; Acc: 16.354
2018-09-19 13:47:23,117:INFO: [TRAIN] Step: 213 ; Loss: 38.661 ; Acc: 16.414
2018-09-19 13:47:23,189:INFO: [TRAIN] Step: 214 ; Loss: 40.724 ; Acc: 16.492
2018-09-19 13:47:23,266:INFO: [TRAIN] Step: 215 ; Loss: 36.838 ; Acc: 16.532
2018-09-19 13:47:23,338:INFO: [TRAIN] Step: 216 ; Loss: 36.925 ; Acc: 16.571
2018-09-19 13:47:23,415:INFO: [TRAIN] Step: 217 ; Loss: 41.423 ; Acc: 16.609
2018-09-19 13:47:23,488:INFO: [TRAIN] Step: 218 ; Loss: 39.086 ; Acc: 16.591
2018-09-19 13:47:23,568:INFO: [TRAIN] Step: 219 ; Loss: 39.763 ; Acc: 16.572
2018-09-19 13:47:23,640:INFO: [TRAIN] Step: 220 ; Loss: 36.052 ; Acc: 16.610
2018-09-19 13:47:23,718:INFO: [TRAIN] Step: 221 ; Loss: 41.112 ; Acc: 16.629
2018-09-19 13:47:23,790:INFO: [TRAIN] Step: 222 ; Loss: 41.562 ; Acc: 16.611
2018-09-19 13:47:23,871:INFO: [TRAIN] Step: 223 ; Loss: 37.958 ; Acc: 16.648
2018-09-19 13:47:23,944:INFO: [TRAIN] Step: 224 ; Loss: 37.987 ; Acc: 16.667
2018-09-19 13:47:24,043:INFO: [TRAIN] Step: 225 ; Loss: 41.665 ; Acc: 16.648
2018-09-19 13:47:24,115:INFO: [TRAIN] Step: 226 ; Loss: 44.558 ; Acc: 16.740
2018-09-19 13:47:24,195:INFO: [TRAIN] Step: 227 ; Loss: 41.338 ; Acc: 16.740
2018-09-19 13:47:24,270:INFO: [TRAIN] Step: 228 ; Loss: 37.410 ; Acc: 16.830
2018-09-19 13:47:24,347:INFO: [TRAIN] Step: 229 ; Loss: 36.015 ; Acc: 16.920
2018-09-19 13:47:24,418:INFO: [TRAIN] Step: 230 ; Loss: 38.955 ; Acc: 16.919
2018-09-19 13:47:24,498:INFO: [TRAIN] Step: 231 ; Loss: 43.697 ; Acc: 16.900
2018-09-19 13:47:24,571:INFO: [TRAIN] Step: 232 ; Loss: 46.566 ; Acc: 16.935
2018-09-19 13:47:24,651:INFO: [TRAIN] Step: 233 ; Loss: 38.297 ; Acc: 17.005
2018-09-19 13:47:24,723:INFO: [TRAIN] Step: 234 ; Loss: 37.824 ; Acc: 17.039
2018-09-19 13:47:24,802:INFO: [TRAIN] Step: 235 ; Loss: 40.475 ; Acc: 17.055
2018-09-19 13:47:24,876:INFO: [TRAIN] Step: 236 ; Loss: 37.351 ; Acc: 17.071
2018-09-19 13:47:24,955:INFO: [TRAIN] Step: 237 ; Loss: 43.173 ; Acc: 17.122
2018-09-19 13:47:25,034:INFO: [TRAIN] Step: 238 ; Loss: 39.465 ; Acc: 17.137
2018-09-19 13:47:25,114:INFO: [TRAIN] Step: 239 ; Loss: 40.370 ; Acc: 17.188
2018-09-19 13:47:25,186:INFO: [TRAIN] Step: 240 ; Loss: 39.468 ; Acc: 17.116
2018-09-19 13:47:25,265:INFO: [TRAIN] Step: 241 ; Loss: 36.877 ; Acc: 17.097
2018-09-19 13:47:25,337:INFO: [TRAIN] Step: 242 ; Loss: 36.182 ; Acc: 17.078
2018-09-19 13:47:25,416:INFO: [TRAIN] Step: 243 ; Loss: 39.220 ; Acc: 17.145
2018-09-19 13:47:25,490:INFO: [TRAIN] Step: 244 ; Loss: 37.260 ; Acc: 17.143
2018-09-19 13:47:25,570:INFO: [TRAIN] Step: 245 ; Loss: 38.742 ; Acc: 17.141
2018-09-19 13:47:25,643:INFO: [TRAIN] Step: 246 ; Loss: 37.240 ; Acc: 17.190
2018-09-19 13:47:25,721:INFO: [TRAIN] Step: 247 ; Loss: 36.534 ; Acc: 17.221
2018-09-19 13:47:25,797:INFO: [TRAIN] Step: 248 ; Loss: 37.552 ; Acc: 17.269
2018-09-19 13:47:25,879:INFO: [TRAIN] Step: 249 ; Loss: 35.370 ; Acc: 17.250
2018-09-19 13:47:25,951:INFO: [TRAIN] Step: 250 ; Loss: 41.246 ; Acc: 17.281
2018-09-19 13:47:26,030:INFO: [TRAIN] Step: 251 ; Loss: 41.823 ; Acc: 17.345
2018-09-19 13:47:26,104:INFO: [TRAIN] Step: 252 ; Loss: 39.842 ; Acc: 17.358
2018-09-19 13:47:26,183:INFO: [TRAIN] Step: 253 ; Loss: 35.919 ; Acc: 17.356
2018-09-19 13:47:26,255:INFO: [TRAIN] Step: 254 ; Loss: 35.565 ; Acc: 17.337
2018-09-19 13:47:26,334:INFO: [TRAIN] Step: 255 ; Loss: 39.867 ; Acc: 17.350
2018-09-19 13:47:26,408:INFO: [TRAIN] Step: 256 ; Loss: 35.798 ; Acc: 17.331
2018-09-19 13:47:26,489:INFO: [TRAIN] Step: 257 ; Loss: 43.428 ; Acc: 17.361
2018-09-19 13:47:26,563:INFO: [TRAIN] Step: 258 ; Loss: 38.714 ; Acc: 17.342
2018-09-19 13:47:26,644:INFO: [TRAIN] Step: 259 ; Loss: 40.686 ; Acc: 17.340
2018-09-19 13:47:26,717:INFO: [TRAIN] Step: 260 ; Loss: 40.836 ; Acc: 17.369
2018-09-19 13:47:26,797:INFO: [TRAIN] Step: 261 ; Loss: 38.494 ; Acc: 17.366
2018-09-19 13:47:26,872:INFO: [TRAIN] Step: 262 ; Loss: 39.381 ; Acc: 17.395
2018-09-19 13:47:26,951:INFO: [TRAIN] Step: 263 ; Loss: 37.449 ; Acc: 17.330
2018-09-19 13:47:27,026:INFO: [TRAIN] Step: 264 ; Loss: 38.287 ; Acc: 17.358
2018-09-19 13:47:27,105:INFO: [TRAIN] Step: 265 ; Loss: 38.248 ; Acc: 17.356
2018-09-19 13:47:27,177:INFO: [TRAIN] Step: 266 ; Loss: 36.824 ; Acc: 17.353
2018-09-19 13:47:27,257:INFO: [TRAIN] Step: 267 ; Loss: 37.796 ; Acc: 17.397
2018-09-19 13:47:27,328:INFO: [TRAIN] Step: 268 ; Loss: 39.564 ; Acc: 17.379
2018-09-19 13:47:27,408:INFO: [TRAIN] Step: 269 ; Loss: 37.699 ; Acc: 17.423
2018-09-19 13:47:27,479:INFO: [TRAIN] Step: 270 ; Loss: 37.905 ; Acc: 17.466
2018-09-19 13:47:27,558:INFO: [TRAIN] Step: 271 ; Loss: 37.975 ; Acc: 17.540
2018-09-19 13:47:27,630:INFO: [TRAIN] Step: 272 ; Loss: 40.575 ; Acc: 17.537
2018-09-19 13:47:27,710:INFO: [TRAIN] Step: 273 ; Loss: 38.599 ; Acc: 17.594
2018-09-19 13:47:27,782:INFO: [TRAIN] Step: 274 ; Loss: 40.489 ; Acc: 17.591
2018-09-19 13:47:27,861:INFO: [TRAIN] Step: 275 ; Loss: 38.092 ; Acc: 17.603
2018-09-19 13:47:27,935:INFO: [TRAIN] Step: 276 ; Loss: 41.264 ; Acc: 17.599
2018-09-19 13:47:28,018:INFO: [TRAIN] Step: 277 ; Loss: 35.299 ; Acc: 17.581
2018-09-19 13:47:28,096:INFO: [TRAIN] Step: 278 ; Loss: 42.632 ; Acc: 17.652
2018-09-19 13:47:28,177:INFO: [TRAIN] Step: 279 ; Loss: 39.101 ; Acc: 17.693
2018-09-19 13:47:28,250:INFO: [TRAIN] Step: 280 ; Loss: 38.520 ; Acc: 17.705
2018-09-19 13:47:28,329:INFO: [TRAIN] Step: 281 ; Loss: 38.493 ; Acc: 17.775
2018-09-19 13:47:28,403:INFO: [TRAIN] Step: 282 ; Loss: 40.161 ; Acc: 17.800
2018-09-19 13:47:28,484:INFO: [TRAIN] Step: 283 ; Loss: 36.482 ; Acc: 17.811
2018-09-19 13:47:28,559:INFO: [TRAIN] Step: 284 ; Loss: 41.401 ; Acc: 17.836
2018-09-19 13:47:28,638:INFO: [TRAIN] Step: 285 ; Loss: 38.150 ; Acc: 17.890
2018-09-19 13:47:28,709:INFO: [TRAIN] Step: 286 ; Loss: 38.968 ; Acc: 17.872
2018-09-19 13:47:28,788:INFO: [TRAIN] Step: 287 ; Loss: 37.312 ; Acc: 17.896
2018-09-19 13:47:28,860:INFO: [TRAIN] Step: 288 ; Loss: 40.207 ; Acc: 17.950
2018-09-19 13:47:28,939:INFO: [TRAIN] Step: 289 ; Loss: 37.210 ; Acc: 17.974
2018-09-19 13:47:29,019:INFO: [TRAIN] Step: 290 ; Loss: 38.912 ; Acc: 17.955
2018-09-19 13:47:29,099:INFO: [TRAIN] Step: 291 ; Loss: 38.367 ; Acc: 18.008
2018-09-19 13:47:29,172:INFO: [TRAIN] Step: 292 ; Loss: 35.992 ; Acc: 18.060
2018-09-19 13:47:29,252:INFO: [TRAIN] Step: 293 ; Loss: 38.426 ; Acc: 18.056
2018-09-19 13:47:29,326:INFO: [TRAIN] Step: 294 ; Loss: 41.806 ; Acc: 18.093
2018-09-19 13:47:29,408:INFO: [TRAIN] Step: 295 ; Loss: 38.301 ; Acc: 18.131
2018-09-19 13:47:29,483:INFO: [TRAIN] Step: 296 ; Loss: 37.861 ; Acc: 18.126
2018-09-19 13:47:29,572:INFO: [TRAIN] Step: 297 ; Loss: 42.303 ; Acc: 18.149
2018-09-19 13:47:29,647:INFO: [TRAIN] Step: 298 ; Loss: 41.140 ; Acc: 18.213
2018-09-19 13:47:29,727:INFO: [TRAIN] Step: 299 ; Loss: 37.679 ; Acc: 18.194
2018-09-19 13:47:29,801:INFO: [TRAIN] Step: 300 ; Loss: 41.125 ; Acc: 18.231
2018-09-19 13:47:29,882:INFO: [TRAIN] Step: 301 ; Loss: 41.521 ; Acc: 18.226
2018-09-19 13:47:29,955:INFO: [TRAIN] Step: 302 ; Loss: 37.444 ; Acc: 18.221
2018-09-19 13:47:30,037:INFO: [TRAIN] Step: 303 ; Loss: 40.582 ; Acc: 18.229
2018-09-19 13:47:30,111:INFO: [TRAIN] Step: 304 ; Loss: 38.473 ; Acc: 18.210
2018-09-19 13:47:30,191:INFO: [TRAIN] Step: 305 ; Loss: 37.114 ; Acc: 18.233
2018-09-19 13:47:30,265:INFO: [TRAIN] Step: 306 ; Loss: 44.571 ; Acc: 18.268
2018-09-19 13:47:30,345:INFO: [TRAIN] Step: 307 ; Loss: 37.771 ; Acc: 18.371
2018-09-19 13:47:30,420:INFO: [TRAIN] Step: 308 ; Loss: 35.641 ; Acc: 18.366
2018-09-19 13:47:30,502:INFO: [TRAIN] Step: 309 ; Loss: 38.743 ; Acc: 18.387
2018-09-19 13:47:30,575:INFO: [TRAIN] Step: 310 ; Loss: 41.144 ; Acc: 18.435
2018-09-19 13:47:30,663:INFO: [TRAIN] Step: 311 ; Loss: 38.569 ; Acc: 18.470
2018-09-19 13:47:30,737:INFO: [TRAIN] Step: 312 ; Loss: 37.577 ; Acc: 18.477
2018-09-19 13:47:30,817:INFO: [TRAIN] Step: 313 ; Loss: 40.781 ; Acc: 18.564
2018-09-19 13:47:30,891:INFO: [TRAIN] Step: 314 ; Loss: 39.258 ; Acc: 18.585
2018-09-19 13:47:30,972:INFO: [TRAIN] Step: 315 ; Loss: 41.893 ; Acc: 18.565
2018-09-19 13:47:31,048:INFO: [TRAIN] Step: 316 ; Loss: 37.771 ; Acc: 18.573
2018-09-19 13:47:31,128:INFO: [TRAIN] Step: 317 ; Loss: 35.967 ; Acc: 18.593
2018-09-19 13:47:31,202:INFO: [TRAIN] Step: 318 ; Loss: 39.177 ; Acc: 18.639
2018-09-19 13:47:31,279:INFO: [TRAIN] Step: 319 ; Loss: 42.308 ; Acc: 18.659
2018-09-19 13:47:31,351:INFO: [TRAIN] Step: 320 ; Loss: 43.195 ; Acc: 18.666
2018-09-19 13:47:31,430:INFO: [TRAIN] Step: 321 ; Loss: 38.561 ; Acc: 18.672
2018-09-19 13:47:31,502:INFO: [TRAIN] Step: 322 ; Loss: 37.107 ; Acc: 18.718
2018-09-19 13:47:31,580:INFO: [TRAIN] Step: 323 ; Loss: 38.567 ; Acc: 18.724
2018-09-19 13:47:31,652:INFO: [TRAIN] Step: 324 ; Loss: 39.811 ; Acc: 18.782
2018-09-19 13:47:31,731:INFO: [TRAIN] Step: 325 ; Loss: 37.876 ; Acc: 18.763
2018-09-19 13:47:31,804:INFO: [TRAIN] Step: 326 ; Loss: 38.556 ; Acc: 18.782
2018-09-19 13:47:31,884:INFO: [TRAIN] Step: 327 ; Loss: 39.333 ; Acc: 18.826
2018-09-19 13:47:31,958:INFO: [TRAIN] Step: 328 ; Loss: 40.069 ; Acc: 18.845
2018-09-19 13:47:32,052:INFO: [TRAIN] Step: 329 ; Loss: 37.299 ; Acc: 18.876
2018-09-19 13:47:32,127:INFO: [TRAIN] Step: 330 ; Loss: 39.268 ; Acc: 18.945
2018-09-19 13:47:32,206:INFO: [TRAIN] Step: 331 ; Loss: 39.981 ; Acc: 19.026
2018-09-19 13:47:32,280:INFO: [TRAIN] Step: 332 ; Loss: 39.830 ; Acc: 19.057
2018-09-19 13:47:32,359:INFO: [TRAIN] Step: 333 ; Loss: 38.004 ; Acc: 19.099
2018-09-19 13:47:32,431:INFO: [TRAIN] Step: 334 ; Loss: 38.653 ; Acc: 19.104
2018-09-19 13:47:32,511:INFO: [TRAIN] Step: 335 ; Loss: 36.811 ; Acc: 19.110
2018-09-19 13:47:32,586:INFO: [TRAIN] Step: 336 ; Loss: 37.762 ; Acc: 19.115
2018-09-19 13:47:32,665:INFO: [TRAIN] Step: 337 ; Loss: 41.245 ; Acc: 19.132
2018-09-19 13:47:32,737:INFO: [TRAIN] Step: 338 ; Loss: 38.978 ; Acc: 19.174
2018-09-19 13:47:32,817:INFO: [TRAIN] Step: 339 ; Loss: 33.006 ; Acc: 19.167
2018-09-19 13:47:32,892:INFO: [TRAIN] Step: 340 ; Loss: 38.439 ; Acc: 19.172
2018-09-19 13:47:32,979:INFO: [TRAIN] Step: 341 ; Loss: 38.245 ; Acc: 19.176
2018-09-19 13:47:33,055:INFO: [TRAIN] Step: 342 ; Loss: 35.412 ; Acc: 19.181
2018-09-19 13:47:33,135:INFO: [TRAIN] Step: 343 ; Loss: 38.474 ; Acc: 19.210
2018-09-19 13:47:33,211:INFO: [TRAIN] Step: 344 ; Loss: 38.038 ; Acc: 19.191
2018-09-19 13:47:33,291:INFO: [TRAIN] Step: 345 ; Loss: 36.452 ; Acc: 19.208
2018-09-19 13:47:33,364:INFO: [TRAIN] Step: 346 ; Loss: 37.136 ; Acc: 19.200
2018-09-19 13:47:33,445:INFO: [TRAIN] Step: 347 ; Loss: 37.593 ; Acc: 19.229
2018-09-19 13:47:33,517:INFO: [TRAIN] Step: 348 ; Loss: 38.893 ; Acc: 19.281
2018-09-19 13:47:33,597:INFO: [TRAIN] Step: 349 ; Loss: 41.496 ; Acc: 19.321
2018-09-19 13:47:33,669:INFO: [TRAIN] Step: 350 ; Loss: 37.966 ; Acc: 19.338
2018-09-19 13:47:33,748:INFO: [TRAIN] Step: 351 ; Loss: 38.793 ; Acc: 19.342
2018-09-19 13:47:33,822:INFO: [TRAIN] Step: 352 ; Loss: 39.309 ; Acc: 19.334
2018-09-19 13:47:33,901:INFO: [TRAIN] Step: 353 ; Loss: 37.516 ; Acc: 19.362
2018-09-19 13:47:33,973:INFO: [TRAIN] Step: 354 ; Loss: 39.003 ; Acc: 19.343
2018-09-19 13:47:34,055:INFO: [TRAIN] Step: 355 ; Loss: 36.754 ; Acc: 19.370
2018-09-19 13:47:34,128:INFO: [TRAIN] Step: 356 ; Loss: 40.376 ; Acc: 19.386
2018-09-19 13:47:34,209:INFO: [TRAIN] Step: 357 ; Loss: 38.053 ; Acc: 19.390
2018-09-19 13:47:34,282:INFO: [TRAIN] Step: 358 ; Loss: 37.479 ; Acc: 19.371
2018-09-19 13:47:34,367:INFO: [TRAIN] Step: 359 ; Loss: 38.068 ; Acc: 19.363
2018-09-19 13:47:34,443:INFO: [TRAIN] Step: 360 ; Loss: 40.062 ; Acc: 19.391
2018-09-19 13:47:34,524:INFO: [TRAIN] Step: 361 ; Loss: 36.217 ; Acc: 19.383
2018-09-19 13:47:34,595:INFO: [TRAIN] Step: 362 ; Loss: 37.064 ; Acc: 19.410
2018-09-19 13:47:34,674:INFO: [TRAIN] Step: 363 ; Loss: 39.294 ; Acc: 19.460
2018-09-19 13:47:34,747:INFO: [TRAIN] Step: 364 ; Loss: 34.589 ; Acc: 19.429
2018-09-19 13:47:34,826:INFO: [TRAIN] Step: 365 ; Loss: 41.732 ; Acc: 19.456
2018-09-19 13:47:34,901:INFO: [TRAIN] Step: 366 ; Loss: 39.059 ; Acc: 19.482
2018-09-19 13:47:34,981:INFO: [TRAIN] Step: 367 ; Loss: 38.103 ; Acc: 19.509
2018-09-19 13:47:35,055:INFO: [TRAIN] Step: 368 ; Loss: 41.000 ; Acc: 19.535
2018-09-19 13:47:35,133:INFO: [TRAIN] Step: 369 ; Loss: 40.273 ; Acc: 19.550
2018-09-19 13:47:35,206:INFO: [TRAIN] Step: 370 ; Loss: 34.937 ; Acc: 19.553
2018-09-19 13:47:35,286:INFO: [TRAIN] Step: 371 ; Loss: 34.674 ; Acc: 19.579
2018-09-19 13:47:35,358:INFO: [TRAIN] Step: 372 ; Loss: 42.184 ; Acc: 19.593
2018-09-19 13:47:35,436:INFO: [TRAIN] Step: 373 ; Loss: 34.934 ; Acc: 19.563
2018-09-19 13:47:35,509:INFO: [TRAIN] Step: 374 ; Loss: 39.091 ; Acc: 19.600
2018-09-19 13:47:35,587:INFO: [TRAIN] Step: 375 ; Loss: 41.397 ; Acc: 19.659
2018-09-19 13:47:35,659:INFO: [TRAIN] Step: 376 ; Loss: 37.070 ; Acc: 19.640
2018-09-19 13:47:35,740:INFO: [TRAIN] Step: 377 ; Loss: 38.770 ; Acc: 19.654
2018-09-19 13:47:35,812:INFO: [TRAIN] Step: 378 ; Loss: 38.192 ; Acc: 19.701
2018-09-19 13:47:35,896:INFO: [TRAIN] Step: 379 ; Loss: 42.866 ; Acc: 19.737
2018-09-19 13:47:35,970:INFO: [TRAIN] Step: 380 ; Loss: 38.680 ; Acc: 19.729
2018-09-19 13:47:36,053:INFO: [TRAIN] Step: 381 ; Loss: 32.419 ; Acc: 19.721
2018-09-19 13:47:36,124:INFO: [TRAIN] Step: 382 ; Loss: 37.214 ; Acc: 19.702
2018-09-19 13:47:36,205:INFO: [TRAIN] Step: 383 ; Loss: 36.142 ; Acc: 19.727
2018-09-19 13:47:36,278:INFO: [TRAIN] Step: 384 ; Loss: 39.702 ; Acc: 19.740
2018-09-19 13:47:36,361:INFO: [TRAIN] Step: 385 ; Loss: 41.857 ; Acc: 19.722
2018-09-19 13:47:36,434:INFO: [TRAIN] Step: 386 ; Loss: 42.157 ; Acc: 19.735
2018-09-19 13:47:36,516:INFO: [TRAIN] Step: 387 ; Loss: 39.997 ; Acc: 19.759
2018-09-19 13:47:36,590:INFO: [TRAIN] Step: 388 ; Loss: 37.155 ; Acc: 19.794
2018-09-19 13:47:36,671:INFO: [TRAIN] Step: 389 ; Loss: 38.292 ; Acc: 19.786
2018-09-19 13:47:36,744:INFO: [TRAIN] Step: 390 ; Loss: 43.222 ; Acc: 19.789
2018-09-19 13:47:36,824:INFO: [TRAIN] Step: 391 ; Loss: 39.618 ; Acc: 19.824
2018-09-19 13:47:36,899:INFO: [TRAIN] Step: 392 ; Loss: 37.482 ; Acc: 19.847
2018-09-19 13:47:36,979:INFO: [TRAIN] Step: 393 ; Loss: 37.285 ; Acc: 19.839
2018-09-19 13:47:37,053:INFO: [TRAIN] Step: 394 ; Loss: 38.470 ; Acc: 19.842
2018-09-19 13:47:37,133:INFO: [TRAIN] Step: 395 ; Loss: 36.711 ; Acc: 19.865
2018-09-19 13:47:37,205:INFO: [TRAIN] Step: 396 ; Loss: 40.301 ; Acc: 19.920
2018-09-19 13:47:37,285:INFO: [TRAIN] Step: 397 ; Loss: 41.124 ; Acc: 19.923
2018-09-19 13:47:37,361:INFO: [TRAIN] Step: 398 ; Loss: 39.755 ; Acc: 19.925
2018-09-19 13:47:37,441:INFO: [TRAIN] Step: 399 ; Loss: 37.519 ; Acc: 19.938
2018-09-19 13:47:37,515:INFO: [TRAIN] Step: 400 ; Loss: 41.566 ; Acc: 19.961
2018-09-19 13:47:37,596:INFO: [TRAIN] Step: 401 ; Loss: 41.462 ; Acc: 19.983
2018-09-19 13:47:37,669:INFO: [TRAIN] Step: 402 ; Loss: 38.606 ; Acc: 19.996
2018-09-19 13:47:37,749:INFO: [TRAIN] Step: 403 ; Loss: 38.255 ; Acc: 20.039
2018-09-19 13:47:37,820:INFO: [TRAIN] Step: 404 ; Loss: 39.064 ; Acc: 20.072
2018-09-19 13:47:37,900:INFO: [TRAIN] Step: 405 ; Loss: 37.152 ; Acc: 20.074
2018-09-19 13:47:37,973:INFO: [TRAIN] Step: 406 ; Loss: 41.453 ; Acc: 20.096
2018-09-19 13:47:38,054:INFO: [TRAIN] Step: 407 ; Loss: 40.630 ; Acc: 20.108
2018-09-19 13:47:38,127:INFO: [TRAIN] Step: 408 ; Loss: 34.807 ; Acc: 20.100
2018-09-19 13:47:38,209:INFO: [TRAIN] Step: 409 ; Loss: 38.746 ; Acc: 20.081
2018-09-19 13:47:38,283:INFO: [TRAIN] Step: 410 ; Loss: 35.285 ; Acc: 20.063
2018-09-19 13:47:38,364:INFO: [TRAIN] Step: 411 ; Loss: 39.535 ; Acc: 20.085
2018-09-19 13:47:38,438:INFO: [TRAIN] Step: 412 ; Loss: 41.074 ; Acc: 20.137
2018-09-19 13:47:38,522:INFO: [TRAIN] Step: 413 ; Loss: 35.635 ; Acc: 20.129
2018-09-19 13:47:38,595:INFO: [TRAIN] Step: 414 ; Loss: 41.052 ; Acc: 20.161
2018-09-19 13:47:38,676:INFO: [TRAIN] Step: 415 ; Loss: 40.075 ; Acc: 20.182
2018-09-19 13:47:38,749:INFO: [TRAIN] Step: 416 ; Loss: 40.041 ; Acc: 20.204
2018-09-19 13:47:38,829:INFO: [TRAIN] Step: 417 ; Loss: 38.987 ; Acc: 20.255
2018-09-19 13:47:38,903:INFO: [TRAIN] Step: 418 ; Loss: 37.174 ; Acc: 20.267
2018-09-19 13:47:38,982:INFO: [TRAIN] Step: 419 ; Loss: 39.268 ; Acc: 20.268
2018-09-19 13:47:39,055:INFO: [TRAIN] Step: 420 ; Loss: 42.262 ; Acc: 20.279
2018-09-19 13:47:39,137:INFO: [TRAIN] Step: 421 ; Loss: 39.729 ; Acc: 20.300
2018-09-19 13:47:39,211:INFO: [TRAIN] Step: 422 ; Loss: 37.148 ; Acc: 20.311
2018-09-19 13:47:39,290:INFO: [TRAIN] Step: 423 ; Loss: 36.576 ; Acc: 20.312
2018-09-19 13:47:39,363:INFO: [TRAIN] Step: 424 ; Loss: 39.445 ; Acc: 20.324
2018-09-19 13:47:39,444:INFO: [TRAIN] Step: 425 ; Loss: 39.898 ; Acc: 20.383
2018-09-19 13:47:39,515:INFO: [TRAIN] Step: 426 ; Loss: 40.855 ; Acc: 20.384
2018-09-19 13:47:39,595:INFO: [TRAIN] Step: 427 ; Loss: 36.113 ; Acc: 20.415
2018-09-19 13:47:39,670:INFO: [TRAIN] Step: 428 ; Loss: 37.095 ; Acc: 20.425
2018-09-19 13:47:39,750:INFO: [TRAIN] Step: 429 ; Loss: 39.298 ; Acc: 20.455
2018-09-19 13:47:39,825:INFO: [TRAIN] Step: 430 ; Loss: 38.070 ; Acc: 20.466
2018-09-19 13:47:39,906:INFO: [TRAIN] Step: 431 ; Loss: 39.411 ; Acc: 20.476
2018-09-19 13:47:39,979:INFO: [TRAIN] Step: 432 ; Loss: 37.171 ; Acc: 20.497
2018-09-19 13:47:40,058:INFO: [TRAIN] Step: 433 ; Loss: 37.113 ; Acc: 20.469
2018-09-19 13:47:40,132:INFO: [TRAIN] Step: 434 ; Loss: 37.994 ; Acc: 20.460
2018-09-19 13:47:40,210:INFO: [TRAIN] Step: 435 ; Loss: 37.991 ; Acc: 20.451
2018-09-19 13:47:40,284:INFO: [TRAIN] Step: 436 ; Loss: 38.401 ; Acc: 20.471
2018-09-19 13:47:40,364:INFO: [TRAIN] Step: 437 ; Loss: 38.188 ; Acc: 20.510
2018-09-19 13:47:40,436:INFO: [TRAIN] Step: 438 ; Loss: 38.428 ; Acc: 20.530
2018-09-19 13:47:40,515:INFO: [TRAIN] Step: 439 ; Loss: 36.807 ; Acc: 20.549
2018-09-19 13:47:40,590:INFO: [TRAIN] Step: 440 ; Loss: 37.254 ; Acc: 20.578
2018-09-19 13:47:40,676:INFO: [TRAIN] Step: 441 ; Loss: 40.067 ; Acc: 20.598
2018-09-19 13:47:40,748:INFO: [TRAIN] Step: 442 ; Loss: 41.102 ; Acc: 20.636
2018-09-19 13:47:40,827:INFO: [TRAIN] Step: 443 ; Loss: 41.543 ; Acc: 20.674
2018-09-19 13:47:40,901:INFO: [TRAIN] Step: 444 ; Loss: 35.034 ; Acc: 20.684
2018-09-19 13:47:40,981:INFO: [TRAIN] Step: 445 ; Loss: 39.130 ; Acc: 20.712
2018-09-19 13:47:41,054:INFO: [TRAIN] Step: 446 ; Loss: 45.254 ; Acc: 20.731
2018-09-19 13:47:41,134:INFO: [TRAIN] Step: 447 ; Loss: 36.099 ; Acc: 20.740
2018-09-19 13:47:41,207:INFO: [TRAIN] Step: 448 ; Loss: 39.940 ; Acc: 20.759
2018-09-19 13:47:41,287:INFO: [TRAIN] Step: 449 ; Loss: 37.695 ; Acc: 20.778
2018-09-19 13:47:41,361:INFO: [TRAIN] Step: 450 ; Loss: 37.784 ; Acc: 20.843
2018-09-19 13:47:41,443:INFO: [TRAIN] Step: 451 ; Loss: 36.526 ; Acc: 20.852
2018-09-19 13:47:41,514:INFO: [TRAIN] Step: 452 ; Loss: 36.397 ; Acc: 20.889
2018-09-19 13:47:41,593:INFO: [TRAIN] Step: 453 ; Loss: 38.213 ; Acc: 20.870
2018-09-19 13:47:41,667:INFO: [TRAIN] Step: 454 ; Loss: 40.056 ; Acc: 20.879
2018-09-19 13:47:41,747:INFO: [TRAIN] Step: 455 ; Loss: 37.715 ; Acc: 20.906
2018-09-19 13:47:41,822:INFO: [TRAIN] Step: 456 ; Loss: 37.219 ; Acc: 20.915
2018-09-19 13:47:41,902:INFO: [TRAIN] Step: 457 ; Loss: 38.406 ; Acc: 20.906
2018-09-19 13:47:41,976:INFO: [TRAIN] Step: 458 ; Loss: 35.609 ; Acc: 20.906
2018-09-19 13:47:42,056:INFO: [TRAIN] Step: 459 ; Loss: 41.410 ; Acc: 20.915
2018-09-19 13:47:42,132:INFO: [TRAIN] Step: 460 ; Loss: 36.719 ; Acc: 20.960
2018-09-19 13:47:42,212:INFO: [TRAIN] Step: 461 ; Loss: 39.731 ; Acc: 20.960
2018-09-19 13:47:42,288:INFO: [TRAIN] Step: 462 ; Loss: 38.971 ; Acc: 20.950
2018-09-19 13:47:42,368:INFO: [TRAIN] Step: 463 ; Loss: 37.994 ; Acc: 20.959
2018-09-19 13:47:42,440:INFO: [TRAIN] Step: 464 ; Loss: 41.706 ; Acc: 20.977
2018-09-19 13:47:42,518:INFO: [TRAIN] Step: 465 ; Loss: 39.643 ; Acc: 21.003
2018-09-19 13:47:42,591:INFO: [TRAIN] Step: 466 ; Loss: 36.074 ; Acc: 21.030
2018-09-19 13:47:42,672:INFO: [TRAIN] Step: 467 ; Loss: 40.187 ; Acc: 21.065
2018-09-19 13:47:42,742:INFO: [TRAIN] Step: 468 ; Loss: 36.252 ; Acc: 21.100
2018-09-19 13:47:42,822:INFO: [TRAIN] Step: 469 ; Loss: 38.209 ; Acc: 21.082
2018-09-19 13:47:42,894:INFO: [TRAIN] Step: 470 ; Loss: 40.022 ; Acc: 21.099
2018-09-19 13:47:42,976:INFO: [TRAIN] Step: 471 ; Loss: 38.933 ; Acc: 21.098
2018-09-19 13:47:43,051:INFO: [TRAIN] Step: 472 ; Loss: 37.782 ; Acc: 21.089
2018-09-19 13:47:43,129:INFO: [TRAIN] Step: 473 ; Loss: 37.317 ; Acc: 21.132
2018-09-19 13:47:43,202:INFO: [TRAIN] Step: 474 ; Loss: 41.160 ; Acc: 21.140
2018-09-19 13:47:43,282:INFO: [TRAIN] Step: 475 ; Loss: 40.051 ; Acc: 21.157
2018-09-19 13:47:43,357:INFO: [TRAIN] Step: 476 ; Loss: 41.082 ; Acc: 21.183
2018-09-19 13:47:43,437:INFO: [TRAIN] Step: 477 ; Loss: 37.128 ; Acc: 21.191
2018-09-19 13:47:43,508:INFO: [TRAIN] Step: 478 ; Loss: 40.678 ; Acc: 21.207
2018-09-19 13:47:43,588:INFO: [TRAIN] Step: 479 ; Loss: 36.897 ; Acc: 21.233
2018-09-19 13:47:43,662:INFO: [TRAIN] Step: 480 ; Loss: 33.882 ; Acc: 21.232
2018-09-19 13:47:43,743:INFO: [TRAIN] Step: 481 ; Loss: 39.308 ; Acc: 21.248
2018-09-19 13:47:43,815:INFO: [TRAIN] Step: 482 ; Loss: 36.630 ; Acc: 21.247
2018-09-19 13:47:43,893:INFO: [TRAIN] Step: 483 ; Loss: 38.636 ; Acc: 21.255
2018-09-19 13:47:43,966:INFO: [TRAIN] Step: 484 ; Loss: 38.315 ; Acc: 21.237
2018-09-19 13:47:44,048:INFO: [TRAIN] Step: 485 ; Loss: 37.960 ; Acc: 21.245
2018-09-19 13:47:44,121:INFO: [TRAIN] Step: 486 ; Loss: 39.219 ; Acc: 21.235
2018-09-19 13:47:44,202:INFO: [TRAIN] Step: 487 ; Loss: 39.661 ; Acc: 21.260
2018-09-19 13:47:44,273:INFO: [TRAIN] Step: 488 ; Loss: 38.058 ; Acc: 21.259
2018-09-19 13:47:44,354:INFO: [TRAIN] Step: 489 ; Loss: 39.225 ; Acc: 21.267
2018-09-19 13:47:44,425:INFO: [TRAIN] Step: 490 ; Loss: 37.607 ; Acc: 21.249
2018-09-19 13:47:44,506:INFO: [TRAIN] Step: 491 ; Loss: 39.994 ; Acc: 21.248
2018-09-19 13:47:44,581:INFO: [TRAIN] Step: 492 ; Loss: 36.030 ; Acc: 21.247
2018-09-19 13:47:44,661:INFO: [TRAIN] Step: 493 ; Loss: 39.331 ; Acc: 21.255
2018-09-19 13:47:44,734:INFO: [TRAIN] Step: 494 ; Loss: 34.369 ; Acc: 21.254
2018-09-19 13:47:44,813:INFO: [TRAIN] Step: 495 ; Loss: 37.496 ; Acc: 21.304
2018-09-19 13:47:44,884:INFO: [TRAIN] Step: 496 ; Loss: 35.374 ; Acc: 21.328
2018-09-19 13:47:44,964:INFO: [TRAIN] Step: 497 ; Loss: 35.396 ; Acc: 21.352
2018-09-19 13:47:45,038:INFO: [TRAIN] Step: 498 ; Loss: 39.021 ; Acc: 21.359
2018-09-19 13:47:45,118:INFO: [TRAIN] Step: 499 ; Loss: 38.059 ; Acc: 21.367
2018-09-19 13:47:45,193:INFO: [TRAIN] Step: 500 ; Loss: 35.198 ; Acc: 21.366
2018-09-19 13:47:45,274:INFO: [TRAIN] Step: 501 ; Loss: 37.892 ; Acc: 21.398
2018-09-19 13:47:45,350:INFO: [TRAIN] Step: 502 ; Loss: 37.385 ; Acc: 21.405
2018-09-19 13:47:45,432:INFO: [TRAIN] Step: 503 ; Loss: 36.336 ; Acc: 21.412
2018-09-19 13:47:45,504:INFO: [TRAIN] Step: 504 ; Loss: 40.705 ; Acc: 21.444
2018-09-19 13:47:45,586:INFO: [TRAIN] Step: 505 ; Loss: 42.070 ; Acc: 21.467
2018-09-19 13:47:45,659:INFO: [TRAIN] Step: 506 ; Loss: 35.906 ; Acc: 21.483
2018-09-19 13:47:45,739:INFO: [TRAIN] Step: 507 ; Loss: 35.778 ; Acc: 21.514
2018-09-19 13:47:45,812:INFO: [TRAIN] Step: 508 ; Loss: 41.499 ; Acc: 21.529
2018-09-19 13:47:45,889:INFO: [TRAIN] Step: 509 ; Loss: 40.373 ; Acc: 21.552
2018-09-19 13:47:45,961:INFO: [TRAIN] Step: 510 ; Loss: 33.553 ; Acc: 21.567
2018-09-19 13:47:46,039:INFO: [TRAIN] Step: 511 ; Loss: 36.925 ; Acc: 21.582
2018-09-19 13:47:46,127:INFO: [TRAIN] Step: 512 ; Loss: 40.074 ; Acc: 21.581
2018-09-19 13:47:46,206:INFO: [TRAIN] Step: 513 ; Loss: 39.201 ; Acc: 21.571
2018-09-19 13:47:46,279:INFO: [TRAIN] Step: 514 ; Loss: 37.908 ; Acc: 21.553
2018-09-19 13:47:46,360:INFO: [TRAIN] Step: 515 ; Loss: 38.375 ; Acc: 21.568
2018-09-19 13:47:46,432:INFO: [TRAIN] Step: 516 ; Loss: 34.171 ; Acc: 21.559
2018-09-19 13:47:46,514:INFO: [TRAIN] Step: 517 ; Loss: 35.442 ; Acc: 21.565
2018-09-19 13:47:46,586:INFO: [TRAIN] Step: 518 ; Loss: 37.346 ; Acc: 21.588
2018-09-19 13:47:46,665:INFO: [TRAIN] Step: 519 ; Loss: 39.093 ; Acc: 21.619
2018-09-19 13:47:46,739:INFO: [TRAIN] Step: 520 ; Loss: 40.677 ; Acc: 21.625
2018-09-19 13:47:46,820:INFO: [TRAIN] Step: 521 ; Loss: 35.540 ; Acc: 21.600
2018-09-19 13:47:46,894:INFO: [TRAIN] Step: 522 ; Loss: 39.279 ; Acc: 21.614
2018-09-19 13:47:46,974:INFO: [TRAIN] Step: 523 ; Loss: 35.724 ; Acc: 21.597
2018-09-19 13:47:47,048:INFO: [TRAIN] Step: 524 ; Loss: 43.721 ; Acc: 21.595
2018-09-19 13:47:47,128:INFO: [TRAIN] Step: 525 ; Loss: 37.771 ; Acc: 21.594
2018-09-19 13:47:47,201:INFO: [TRAIN] Step: 526 ; Loss: 36.152 ; Acc: 21.608
2018-09-19 13:47:47,281:INFO: [TRAIN] Step: 527 ; Loss: 40.283 ; Acc: 21.646
2018-09-19 13:47:47,353:INFO: [TRAIN] Step: 528 ; Loss: 36.260 ; Acc: 21.652
2018-09-19 13:47:47,434:INFO: [TRAIN] Step: 529 ; Loss: 41.156 ; Acc: 21.698
2018-09-19 13:47:47,509:INFO: [TRAIN] Step: 530 ; Loss: 36.140 ; Acc: 21.712
2018-09-19 13:47:47,588:INFO: [TRAIN] Step: 531 ; Loss: 35.764 ; Acc: 21.711
2018-09-19 13:47:47,668:INFO: [TRAIN] Step: 532 ; Loss: 37.361 ; Acc: 21.756
2018-09-19 13:47:47,748:INFO: [TRAIN] Step: 533 ; Loss: 39.562 ; Acc: 21.762
2018-09-19 13:47:47,823:INFO: [TRAIN] Step: 534 ; Loss: 35.733 ; Acc: 21.768
2018-09-19 13:47:47,901:INFO: [TRAIN] Step: 535 ; Loss: 36.517 ; Acc: 21.758
2018-09-19 13:47:47,974:INFO: [TRAIN] Step: 536 ; Loss: 40.833 ; Acc: 21.780
2018-09-19 13:47:48,051:INFO: [TRAIN] Step: 537 ; Loss: 41.244 ; Acc: 21.801
2018-09-19 13:47:48,125:INFO: [TRAIN] Step: 538 ; Loss: 42.948 ; Acc: 21.838
2018-09-19 13:47:48,206:INFO: [TRAIN] Step: 539 ; Loss: 38.331 ; Acc: 21.852
2018-09-19 13:47:48,278:INFO: [TRAIN] Step: 540 ; Loss: 35.857 ; Acc: 21.865
2018-09-19 13:47:48,356:INFO: [TRAIN] Step: 541 ; Loss: 36.127 ; Acc: 21.871
2018-09-19 13:47:48,428:INFO: [TRAIN] Step: 542 ; Loss: 39.205 ; Acc: 21.862
2018-09-19 13:47:48,508:INFO: [TRAIN] Step: 543 ; Loss: 36.655 ; Acc: 21.875
2018-09-19 13:47:48,580:INFO: [TRAIN] Step: 544 ; Loss: 40.127 ; Acc: 21.881
2018-09-19 13:47:48,660:INFO: [TRAIN] Step: 545 ; Loss: 41.454 ; Acc: 21.886
2018-09-19 13:47:48,733:INFO: [TRAIN] Step: 546 ; Loss: 39.408 ; Acc: 21.915
2018-09-19 13:47:48,813:INFO: [TRAIN] Step: 547 ; Loss: 36.994 ; Acc: 21.905
2018-09-19 13:47:48,885:INFO: [TRAIN] Step: 548 ; Loss: 40.021 ; Acc: 21.903
2018-09-19 13:47:48,965:INFO: [TRAIN] Step: 549 ; Loss: 36.164 ; Acc: 21.886
2018-09-19 13:47:49,037:INFO: [TRAIN] Step: 550 ; Loss: 38.065 ; Acc: 21.877
2018-09-19 13:47:49,134:INFO: [TRAIN] Step: 551 ; Loss: 39.723 ; Acc: 21.905
2018-09-19 13:47:49,207:INFO: [TRAIN] Step: 552 ; Loss: 37.392 ; Acc: 21.941
2018-09-19 13:47:49,287:INFO: [TRAIN] Step: 553 ; Loss: 37.095 ; Acc: 21.954
2018-09-19 13:47:49,361:INFO: [TRAIN] Step: 554 ; Loss: 33.878 ; Acc: 21.929
2018-09-19 13:47:49,442:INFO: [TRAIN] Step: 555 ; Loss: 31.865 ; Acc: 21.927
2018-09-19 13:47:49,518:INFO: [TRAIN] Step: 556 ; Loss: 37.609 ; Acc: 21.948
2018-09-19 13:47:49,597:INFO: [TRAIN] Step: 557 ; Loss: 37.173 ; Acc: 21.976
2018-09-19 13:47:49,671:INFO: [TRAIN] Step: 558 ; Loss: 38.963 ; Acc: 21.966
2018-09-19 13:47:49,752:INFO: [TRAIN] Step: 559 ; Loss: 36.780 ; Acc: 21.979
2018-09-19 13:47:49,823:INFO: [TRAIN] Step: 560 ; Loss: 39.488 ; Acc: 22.007
2018-09-19 13:47:49,902:INFO: [TRAIN] Step: 561 ; Loss: 36.446 ; Acc: 22.005
2018-09-19 13:47:49,974:INFO: [TRAIN] Step: 562 ; Loss: 37.358 ; Acc: 22.025
2018-09-19 13:47:50,056:INFO: [TRAIN] Step: 563 ; Loss: 36.473 ; Acc: 22.038
2018-09-19 13:47:50,130:INFO: [TRAIN] Step: 564 ; Loss: 38.468 ; Acc: 22.035
2018-09-19 13:47:50,210:INFO: [TRAIN] Step: 565 ; Loss: 39.846 ; Acc: 22.033
2018-09-19 13:47:50,283:INFO: [TRAIN] Step: 566 ; Loss: 33.126 ; Acc: 22.061
2018-09-19 13:47:50,361:INFO: [TRAIN] Step: 567 ; Loss: 36.528 ; Acc: 22.066
2018-09-19 13:47:50,434:INFO: [TRAIN] Step: 568 ; Loss: 38.422 ; Acc: 22.064
2018-09-19 13:47:50,513:INFO: [TRAIN] Step: 569 ; Loss: 39.080 ; Acc: 22.076
2018-09-19 13:47:50,586:INFO: [TRAIN] Step: 570 ; Loss: 37.089 ; Acc: 22.081
2018-09-19 13:47:50,668:INFO: [TRAIN] Step: 571 ; Loss: 38.151 ; Acc: 22.086
2018-09-19 13:47:50,742:INFO: [TRAIN] Step: 572 ; Loss: 36.751 ; Acc: 22.084
2018-09-19 13:47:50,823:INFO: [TRAIN] Step: 573 ; Loss: 37.099 ; Acc: 22.118
2018-09-19 13:47:50,898:INFO: [TRAIN] Step: 574 ; Loss: 40.242 ; Acc: 22.145
2018-09-19 13:47:50,978:INFO: [TRAIN] Step: 575 ; Loss: 38.500 ; Acc: 22.157
2018-09-19 13:47:51,056:INFO: [TRAIN] Step: 576 ; Loss: 38.182 ; Acc: 22.198
2018-09-19 13:47:51,134:INFO: [TRAIN] Step: 577 ; Loss: 34.541 ; Acc: 22.196
2018-09-19 13:47:51,209:INFO: [TRAIN] Step: 578 ; Loss: 38.503 ; Acc: 22.179
2018-09-19 13:47:51,289:INFO: [TRAIN] Step: 579 ; Loss: 35.650 ; Acc: 22.184
2018-09-19 13:47:51,362:INFO: [TRAIN] Step: 580 ; Loss: 37.487 ; Acc: 22.182
2018-09-19 13:47:51,445:INFO: [TRAIN] Step: 581 ; Loss: 36.111 ; Acc: 22.179
2018-09-19 13:47:51,518:INFO: [TRAIN] Step: 582 ; Loss: 37.350 ; Acc: 22.177
2018-09-19 13:47:51,599:INFO: [TRAIN] Step: 583 ; Loss: 35.389 ; Acc: 22.168
2018-09-19 13:47:51,673:INFO: [TRAIN] Step: 584 ; Loss: 38.884 ; Acc: 22.179
2018-09-19 13:47:51,753:INFO: [TRAIN] Step: 585 ; Loss: 38.106 ; Acc: 22.199
2018-09-19 13:47:51,829:INFO: [TRAIN] Step: 586 ; Loss: 37.491 ; Acc: 22.196
2018-09-19 13:47:51,908:INFO: [TRAIN] Step: 587 ; Loss: 39.310 ; Acc: 22.215
2018-09-19 13:47:51,983:INFO: [TRAIN] Step: 588 ; Loss: 40.220 ; Acc: 22.227
2018-09-19 13:47:52,064:INFO: [TRAIN] Step: 589 ; Loss: 36.051 ; Acc: 22.225
2018-09-19 13:47:52,137:INFO: [TRAIN] Step: 590 ; Loss: 40.277 ; Acc: 22.243
2018-09-19 13:47:52,216:INFO: [TRAIN] Step: 591 ; Loss: 34.356 ; Acc: 22.220
2018-09-19 13:47:52,289:INFO: [TRAIN] Step: 592 ; Loss: 37.303 ; Acc: 22.218
2018-09-19 13:47:52,370:INFO: [TRAIN] Step: 593 ; Loss: 39.575 ; Acc: 22.257
2018-09-19 13:47:52,442:INFO: [TRAIN] Step: 594 ; Loss: 36.417 ; Acc: 22.276
2018-09-19 13:47:52,521:INFO: [TRAIN] Step: 595 ; Loss: 38.594 ; Acc: 22.287
2018-09-19 13:47:52,594:INFO: [TRAIN] Step: 596 ; Loss: 37.782 ; Acc: 22.285
2018-09-19 13:47:52,673:INFO: [TRAIN] Step: 597 ; Loss: 43.288 ; Acc: 22.283
2018-09-19 13:47:52,746:INFO: [TRAIN] Step: 598 ; Loss: 37.113 ; Acc: 22.273
2018-09-19 13:47:52,826:INFO: [TRAIN] Step: 599 ; Loss: 36.647 ; Acc: 22.271
2018-09-19 13:47:52,901:INFO: [TRAIN] Step: 600 ; Loss: 37.778 ; Acc: 22.303
2018-09-19 13:47:52,980:INFO: [TRAIN] Step: 601 ; Loss: 37.383 ; Acc: 22.301
2018-09-19 13:47:53,052:INFO: [TRAIN] Step: 602 ; Loss: 38.035 ; Acc: 22.319
2018-09-19 13:47:53,132:INFO: [TRAIN] Step: 603 ; Loss: 35.309 ; Acc: 22.310
2018-09-19 13:47:53,208:INFO: [TRAIN] Step: 604 ; Loss: 41.799 ; Acc: 22.342
2018-09-19 13:47:53,289:INFO: [TRAIN] Step: 605 ; Loss: 37.584 ; Acc: 22.353
2018-09-19 13:47:53,362:INFO: [TRAIN] Step: 606 ; Loss: 37.605 ; Acc: 22.364
2018-09-19 13:47:53,441:INFO: [TRAIN] Step: 607 ; Loss: 40.746 ; Acc: 22.375
2018-09-19 13:47:53,516:INFO: [TRAIN] Step: 608 ; Loss: 38.675 ; Acc: 22.421
2018-09-19 13:47:53,598:INFO: [TRAIN] Step: 609 ; Loss: 37.987 ; Acc: 22.418
2018-09-19 13:47:53,669:INFO: [TRAIN] Step: 610 ; Loss: 38.251 ; Acc: 22.443
2018-09-19 13:47:53,750:INFO: [TRAIN] Step: 611 ; Loss: 35.933 ; Acc: 22.447
2018-09-19 13:47:53,823:INFO: [TRAIN] Step: 612 ; Loss: 42.163 ; Acc: 22.431
2018-09-19 13:47:53,902:INFO: [TRAIN] Step: 613 ; Loss: 36.751 ; Acc: 22.414
2018-09-19 13:47:53,977:INFO: [TRAIN] Step: 614 ; Loss: 36.491 ; Acc: 22.425
2018-09-19 13:47:54,057:INFO: [TRAIN] Step: 615 ; Loss: 36.434 ; Acc: 22.436
2018-09-19 13:47:54,130:INFO: [TRAIN] Step: 616 ; Loss: 37.532 ; Acc: 22.454
2018-09-19 13:47:54,210:INFO: [TRAIN] Step: 617 ; Loss: 37.103 ; Acc: 22.485
2018-09-19 13:47:54,282:INFO: [TRAIN] Step: 618 ; Loss: 34.195 ; Acc: 22.462
2018-09-19 13:47:54,362:INFO: [TRAIN] Step: 619 ; Loss: 36.683 ; Acc: 22.466
2018-09-19 13:47:54,432:INFO: [TRAIN] Step: 620 ; Loss: 38.241 ; Acc: 22.470
2018-09-19 13:47:54,513:INFO: [TRAIN] Step: 621 ; Loss: 35.278 ; Acc: 22.454
2018-09-19 13:47:54,587:INFO: [TRAIN] Step: 622 ; Loss: 39.280 ; Acc: 22.459
2018-09-19 13:47:54,667:INFO: [TRAIN] Step: 623 ; Loss: 37.727 ; Acc: 22.483
2018-09-19 13:47:54,741:INFO: [TRAIN] Step: 624 ; Loss: 37.650 ; Acc: 22.487
2018-09-19 13:47:54,821:INFO: [TRAIN] Step: 625 ; Loss: 39.184 ; Acc: 22.497
2018-09-19 13:47:54,893:INFO: [TRAIN] Step: 626 ; Loss: 34.492 ; Acc: 22.501
2018-09-19 13:47:54,974:INFO: [TRAIN] Step: 627 ; Loss: 36.112 ; Acc: 22.505
2018-09-19 13:47:55,048:INFO: [TRAIN] Step: 628 ; Loss: 36.719 ; Acc: 22.489
2018-09-19 13:47:55,127:INFO: [TRAIN] Step: 629 ; Loss: 35.858 ; Acc: 22.487
2018-09-19 13:47:55,201:INFO: [TRAIN] Step: 630 ; Loss: 38.058 ; Acc: 22.504
2018-09-19 13:47:55,280:INFO: [TRAIN] Step: 631 ; Loss: 35.099 ; Acc: 22.501
2018-09-19 13:47:55,358:INFO: [TRAIN] Step: 632 ; Loss: 36.076 ; Acc: 22.492
2018-09-19 13:47:55,439:INFO: [TRAIN] Step: 633 ; Loss: 39.564 ; Acc: 22.496
2018-09-19 13:47:55,510:INFO: [TRAIN] Step: 634 ; Loss: 37.962 ; Acc: 22.526
2018-09-19 13:47:55,590:INFO: [TRAIN] Step: 635 ; Loss: 36.484 ; Acc: 22.530
2018-09-19 13:47:55,663:INFO: [TRAIN] Step: 636 ; Loss: 39.161 ; Acc: 22.541
2018-09-19 13:47:55,745:INFO: [TRAIN] Step: 637 ; Loss: 35.615 ; Acc: 22.531
2018-09-19 13:47:55,819:INFO: [TRAIN] Step: 638 ; Loss: 38.808 ; Acc: 22.535
2018-09-19 13:47:55,900:INFO: [TRAIN] Step: 639 ; Loss: 37.204 ; Acc: 22.552
2018-09-19 13:47:55,974:INFO: [TRAIN] Step: 640 ; Loss: 36.585 ; Acc: 22.556
2018-09-19 13:47:56,056:INFO: [TRAIN] Step: 641 ; Loss: 40.174 ; Acc: 22.573
2018-09-19 13:47:56,128:INFO: [TRAIN] Step: 642 ; Loss: 36.457 ; Acc: 22.589
2018-09-19 13:47:56,207:INFO: [TRAIN] Step: 643 ; Loss: 34.064 ; Acc: 22.567
2018-09-19 13:47:56,279:INFO: [TRAIN] Step: 644 ; Loss: 35.185 ; Acc: 22.552
2018-09-19 13:47:56,359:INFO: [TRAIN] Step: 645 ; Loss: 37.586 ; Acc: 22.549
2018-09-19 13:47:56,432:INFO: [TRAIN] Step: 646 ; Loss: 39.918 ; Acc: 22.585
2018-09-19 13:47:56,511:INFO: [TRAIN] Step: 647 ; Loss: 35.302 ; Acc: 22.576
2018-09-19 13:47:56,585:INFO: [TRAIN] Step: 648 ; Loss: 37.512 ; Acc: 22.567
2018-09-19 13:47:56,664:INFO: [TRAIN] Step: 649 ; Loss: 36.236 ; Acc: 22.583
2018-09-19 13:47:56,738:INFO: [TRAIN] Step: 650 ; Loss: 37.529 ; Acc: 22.581
2018-09-19 13:47:56,817:INFO: [TRAIN] Step: 651 ; Loss: 36.725 ; Acc: 22.578
2018-09-19 13:47:56,891:INFO: [TRAIN] Step: 652 ; Loss: 38.652 ; Acc: 22.588
2018-09-19 13:47:56,971:INFO: [TRAIN] Step: 653 ; Loss: 41.160 ; Acc: 22.592
2018-09-19 13:47:57,046:INFO: [TRAIN] Step: 654 ; Loss: 37.466 ; Acc: 22.608
2018-09-19 13:47:57,126:INFO: [TRAIN] Step: 655 ; Loss: 34.083 ; Acc: 22.612
2018-09-19 13:47:57,202:INFO: [TRAIN] Step: 656 ; Loss: 36.082 ; Acc: 22.609
2018-09-19 13:47:57,281:INFO: [TRAIN] Step: 657 ; Loss: 39.531 ; Acc: 22.632
2018-09-19 13:47:57,356:INFO: [TRAIN] Step: 658 ; Loss: 38.866 ; Acc: 22.642
2018-09-19 13:47:57,436:INFO: [TRAIN] Step: 659 ; Loss: 39.533 ; Acc: 22.658
2018-09-19 13:47:57,511:INFO: [TRAIN] Step: 660 ; Loss: 39.810 ; Acc: 22.661
2018-09-19 13:47:57,591:INFO: [TRAIN] Step: 661 ; Loss: 36.775 ; Acc: 22.671
2018-09-19 13:47:57,664:INFO: [TRAIN] Step: 662 ; Loss: 36.859 ; Acc: 22.706
2018-09-19 13:47:57,743:INFO: [TRAIN] Step: 663 ; Loss: 36.611 ; Acc: 22.703
2018-09-19 13:47:57,817:INFO: [TRAIN] Step: 664 ; Loss: 37.767 ; Acc: 22.713
2018-09-19 13:47:57,897:INFO: [TRAIN] Step: 665 ; Loss: 36.433 ; Acc: 22.723
2018-09-19 13:47:57,969:INFO: [TRAIN] Step: 666 ; Loss: 35.368 ; Acc: 22.720
2018-09-19 13:47:58,050:INFO: [TRAIN] Step: 667 ; Loss: 37.817 ; Acc: 22.692
2018-09-19 13:47:58,121:INFO: [TRAIN] Step: 668 ; Loss: 32.470 ; Acc: 22.696
2018-09-19 13:47:58,201:INFO: [TRAIN] Step: 669 ; Loss: 38.085 ; Acc: 22.680
2018-09-19 13:47:58,278:INFO: [TRAIN] Step: 670 ; Loss: 39.422 ; Acc: 22.696
2018-09-19 13:47:58,359:INFO: [TRAIN] Step: 671 ; Loss: 35.231 ; Acc: 22.687
2018-09-19 13:47:58,434:INFO: [TRAIN] Step: 672 ; Loss: 36.181 ; Acc: 22.691
2018-09-19 13:47:58,514:INFO: [TRAIN] Step: 673 ; Loss: 34.793 ; Acc: 22.682
2018-09-19 13:47:58,587:INFO: [TRAIN] Step: 674 ; Loss: 36.356 ; Acc: 22.685
2018-09-19 13:47:58,668:INFO: [TRAIN] Step: 675 ; Loss: 36.839 ; Acc: 22.695
2018-09-19 13:47:58,739:INFO: [TRAIN] Step: 676 ; Loss: 36.647 ; Acc: 22.698
2018-09-19 13:47:58,821:INFO: [TRAIN] Step: 677 ; Loss: 38.627 ; Acc: 22.714
2018-09-19 13:47:58,896:INFO: [TRAIN] Step: 678 ; Loss: 32.308 ; Acc: 22.730
2018-09-19 13:47:58,975:INFO: [TRAIN] Step: 679 ; Loss: 38.583 ; Acc: 22.751
2018-09-19 13:47:59,049:INFO: [TRAIN] Step: 680 ; Loss: 39.046 ; Acc: 22.767
2018-09-19 13:47:59,130:INFO: [TRAIN] Step: 681 ; Loss: 39.027 ; Acc: 22.770
2018-09-19 13:47:59,204:INFO: [TRAIN] Step: 682 ; Loss: 36.873 ; Acc: 22.755
2018-09-19 13:47:59,286:INFO: [TRAIN] Step: 683 ; Loss: 37.311 ; Acc: 22.758
2018-09-19 13:47:59,362:INFO: [TRAIN] Step: 684 ; Loss: 36.843 ; Acc: 22.762
2018-09-19 13:47:59,441:INFO: [TRAIN] Step: 685 ; Loss: 35.244 ; Acc: 22.765
2018-09-19 13:47:59,515:INFO: [TRAIN] Step: 686 ; Loss: 41.738 ; Acc: 22.792
2018-09-19 13:47:59,596:INFO: [TRAIN] Step: 687 ; Loss: 35.837 ; Acc: 22.783
2018-09-19 13:47:59,668:INFO: [TRAIN] Step: 688 ; Loss: 39.795 ; Acc: 22.799
2018-09-19 13:47:59,748:INFO: [TRAIN] Step: 689 ; Loss: 34.971 ; Acc: 22.814
2018-09-19 13:47:59,824:INFO: [TRAIN] Step: 690 ; Loss: 41.238 ; Acc: 22.841
2018-09-19 13:47:59,905:INFO: [TRAIN] Step: 691 ; Loss: 35.449 ; Acc: 22.850
2018-09-19 13:47:59,981:INFO: [TRAIN] Step: 692 ; Loss: 37.451 ; Acc: 22.842
2018-09-19 13:48:00,062:INFO: [TRAIN] Step: 693 ; Loss: 40.489 ; Acc: 22.857
2018-09-19 13:48:00,135:INFO: [TRAIN] Step: 694 ; Loss: 35.193 ; Acc: 22.860
2018-09-19 13:48:00,215:INFO: [TRAIN] Step: 695 ; Loss: 38.475 ; Acc: 22.863
2018-09-19 13:48:00,288:INFO: [TRAIN] Step: 696 ; Loss: 38.396 ; Acc: 22.890
2018-09-19 13:48:00,368:INFO: [TRAIN] Step: 697 ; Loss: 36.172 ; Acc: 22.887
2018-09-19 13:48:00,447:INFO: [TRAIN] Step: 698 ; Loss: 35.596 ; Acc: 22.884
2018-09-19 13:48:00,529:INFO: [TRAIN] Step: 699 ; Loss: 37.870 ; Acc: 22.887
2018-09-19 13:48:00,601:INFO: [TRAIN] Step: 700 ; Loss: 36.754 ; Acc: 22.890
2018-09-19 13:48:00,682:INFO: [TRAIN] Step: 701 ; Loss: 36.248 ; Acc: 22.905
2018-09-19 13:48:00,760:INFO: [TRAIN] Step: 702 ; Loss: 38.302 ; Acc: 22.920
2018-09-19 13:48:00,840:INFO: [TRAIN] Step: 703 ; Loss: 39.101 ; Acc: 22.917
2018-09-19 13:48:00,913:INFO: [TRAIN] Step: 704 ; Loss: 36.153 ; Acc: 22.926
2018-09-19 13:48:00,996:INFO: [TRAIN] Step: 705 ; Loss: 36.518 ; Acc: 22.928
2018-09-19 13:48:01,071:INFO: [TRAIN] Step: 706 ; Loss: 37.774 ; Acc: 22.926
2018-09-19 13:48:01,150:INFO: [TRAIN] Step: 707 ; Loss: 40.656 ; Acc: 22.940
2018-09-19 13:48:01,224:INFO: [TRAIN] Step: 708 ; Loss: 34.961 ; Acc: 22.949
2018-09-19 13:48:01,304:INFO: [TRAIN] Step: 709 ; Loss: 35.947 ; Acc: 22.964
2018-09-19 13:48:01,377:INFO: [TRAIN] Step: 710 ; Loss: 40.838 ; Acc: 22.966
2018-09-19 13:48:01,459:INFO: [TRAIN] Step: 711 ; Loss: 35.960 ; Acc: 22.975
2018-09-19 13:48:01,531:INFO: [TRAIN] Step: 712 ; Loss: 37.112 ; Acc: 22.972
2018-09-19 13:48:01,610:INFO: [TRAIN] Step: 713 ; Loss: 37.286 ; Acc: 22.958
2018-09-19 13:48:01,683:INFO: [TRAIN] Step: 714 ; Loss: 39.197 ; Acc: 22.972
2018-09-19 13:48:01,763:INFO: [TRAIN] Step: 715 ; Loss: 34.301 ; Acc: 22.986
2018-09-19 13:48:01,835:INFO: [TRAIN] Step: 716 ; Loss: 40.377 ; Acc: 23.001
2018-09-19 13:48:01,916:INFO: [TRAIN] Step: 717 ; Loss: 34.383 ; Acc: 22.998
2018-09-19 13:48:01,988:INFO: [TRAIN] Step: 718 ; Loss: 37.021 ; Acc: 23.012
2018-09-19 13:48:02,069:INFO: [TRAIN] Step: 719 ; Loss: 38.145 ; Acc: 23.038
2018-09-19 13:48:02,144:INFO: [TRAIN] Step: 720 ; Loss: 38.173 ; Acc: 23.052
2018-09-19 13:48:02,225:INFO: [TRAIN] Step: 721 ; Loss: 38.513 ; Acc: 23.072
2018-09-19 13:48:02,297:INFO: [TRAIN] Step: 722 ; Loss: 36.772 ; Acc: 23.075
2018-09-19 13:48:02,377:INFO: [TRAIN] Step: 723 ; Loss: 37.774 ; Acc: 23.101
2018-09-19 13:48:02,449:INFO: [TRAIN] Step: 724 ; Loss: 37.738 ; Acc: 23.115
2018-09-19 13:48:02,529:INFO: [TRAIN] Step: 725 ; Loss: 36.267 ; Acc: 23.123
2018-09-19 13:48:02,604:INFO: [TRAIN] Step: 726 ; Loss: 35.252 ; Acc: 23.120
2018-09-19 13:48:02,684:INFO: [TRAIN] Step: 727 ; Loss: 36.781 ; Acc: 23.128
2018-09-19 13:48:02,757:INFO: [TRAIN] Step: 728 ; Loss: 37.030 ; Acc: 23.125
2018-09-19 13:48:02,837:INFO: [TRAIN] Step: 729 ; Loss: 36.738 ; Acc: 23.116
2018-09-19 13:48:02,911:INFO: [TRAIN] Step: 730 ; Loss: 39.752 ; Acc: 23.136
2018-09-19 13:48:02,991:INFO: [TRAIN] Step: 731 ; Loss: 39.836 ; Acc: 23.139
2018-09-19 13:48:03,068:INFO: [TRAIN] Step: 732 ; Loss: 39.256 ; Acc: 23.158
2018-09-19 13:48:03,148:INFO: [TRAIN] Step: 733 ; Loss: 37.811 ; Acc: 23.183
2018-09-19 13:48:03,223:INFO: [TRAIN] Step: 734 ; Loss: 38.064 ; Acc: 23.197
2018-09-19 13:48:03,304:INFO: [TRAIN] Step: 735 ; Loss: 34.560 ; Acc: 23.183
2018-09-19 13:48:03,378:INFO: [TRAIN] Step: 736 ; Loss: 36.845 ; Acc: 23.180
2018-09-19 13:48:03,458:INFO: [TRAIN] Step: 737 ; Loss: 36.757 ; Acc: 23.193
2018-09-19 13:48:03,531:INFO: [TRAIN] Step: 738 ; Loss: 36.235 ; Acc: 23.213
2018-09-19 13:48:03,611:INFO: [TRAIN] Step: 739 ; Loss: 37.602 ; Acc: 23.221
2018-09-19 13:48:03,699:INFO: [TRAIN] Step: 740 ; Loss: 34.802 ; Acc: 23.212
2018-09-19 13:48:03,798:INFO: [TRAIN] Step: 741 ; Loss: 38.839 ; Acc: 23.231
2018-09-19 13:48:03,874:INFO: [TRAIN] Step: 742 ; Loss: 34.165 ; Acc: 23.234
2018-09-19 13:48:03,956:INFO: [TRAIN] Step: 743 ; Loss: 34.144 ; Acc: 23.247
2018-09-19 13:48:04,028:INFO: [TRAIN] Step: 744 ; Loss: 32.203 ; Acc: 23.272
2018-09-19 13:48:04,109:INFO: [TRAIN] Step: 745 ; Loss: 35.313 ; Acc: 23.296
2018-09-19 13:48:04,186:INFO: [TRAIN] Step: 746 ; Loss: 34.438 ; Acc: 23.288
2018-09-19 13:48:04,266:INFO: [TRAIN] Step: 747 ; Loss: 39.975 ; Acc: 23.312
2018-09-19 13:48:04,339:INFO: [TRAIN] Step: 748 ; Loss: 39.341 ; Acc: 23.309
2018-09-19 13:48:04,419:INFO: [TRAIN] Step: 749 ; Loss: 38.109 ; Acc: 23.311
2018-09-19 13:48:04,493:INFO: [TRAIN] Step: 750 ; Loss: 39.204 ; Acc: 23.302
2018-09-19 13:48:04,576:INFO: [TRAIN] Step: 751 ; Loss: 39.179 ; Acc: 23.310
2018-09-19 13:48:04,651:INFO: [TRAIN] Step: 752 ; Loss: 38.144 ; Acc: 23.334
2018-09-19 13:48:04,758:INFO: [TRAIN] Step: 753 ; Loss: 36.846 ; Acc: 23.331
2018-09-19 13:48:04,838:INFO: [TRAIN] Step: 754 ; Loss: 32.841 ; Acc: 23.333
2018-09-19 13:48:04,922:INFO: [TRAIN] Step: 755 ; Loss: 36.646 ; Acc: 23.330
2018-09-19 13:48:05,006:INFO: [TRAIN] Step: 756 ; Loss: 36.466 ; Acc: 23.338
2018-09-19 13:48:05,088:INFO: [TRAIN] Step: 757 ; Loss: 37.843 ; Acc: 23.334
2018-09-19 13:48:05,183:INFO: [TRAIN] Step: 758 ; Loss: 37.282 ; Acc: 23.348
2018-09-19 13:48:05,275:INFO: [TRAIN] Step: 759 ; Loss: 34.953 ; Acc: 23.344
2018-09-19 13:48:05,356:INFO: [TRAIN] Step: 760 ; Loss: 37.981 ; Acc: 23.352
2018-09-19 13:48:05,436:INFO: [TRAIN] Step: 761 ; Loss: 37.566 ; Acc: 23.376
2018-09-19 13:48:05,509:INFO: [TRAIN] Step: 762 ; Loss: 39.773 ; Acc: 23.389
2018-09-19 13:48:05,589:INFO: [TRAIN] Step: 763 ; Loss: 37.534 ; Acc: 23.418
2018-09-19 13:48:05,665:INFO: [TRAIN] Step: 764 ; Loss: 33.570 ; Acc: 23.437
2018-09-19 13:48:05,754:INFO: [TRAIN] Step: 765 ; Loss: 33.441 ; Acc: 23.439
2018-09-19 13:48:05,834:INFO: [TRAIN] Step: 766 ; Loss: 36.465 ; Acc: 23.441
2018-09-19 13:48:05,926:INFO: [TRAIN] Step: 767 ; Loss: 38.052 ; Acc: 23.470
2018-09-19 13:48:06,001:INFO: [TRAIN] Step: 768 ; Loss: 34.110 ; Acc: 23.488
2018-09-19 13:48:06,100:INFO: [TRAIN] Step: 769 ; Loss: 34.240 ; Acc: 23.479
2018-09-19 13:48:06,176:INFO: [TRAIN] Step: 770 ; Loss: 34.900 ; Acc: 23.476
2018-09-19 13:48:06,261:INFO: [TRAIN] Step: 771 ; Loss: 38.652 ; Acc: 23.478
2018-09-19 13:48:06,335:INFO: [TRAIN] Step: 772 ; Loss: 35.869 ; Acc: 23.485
2018-09-19 13:48:06,416:INFO: [TRAIN] Step: 773 ; Loss: 36.755 ; Acc: 23.514
2018-09-19 13:48:06,502:INFO: [TRAIN] Step: 774 ; Loss: 37.158 ; Acc: 23.516
2018-09-19 13:48:06,585:INFO: [TRAIN] Step: 775 ; Loss: 38.103 ; Acc: 23.518
2018-09-19 13:48:06,672:INFO: [TRAIN] Step: 776 ; Loss: 35.606 ; Acc: 23.531
2018-09-19 13:48:06,770:INFO: [TRAIN] Step: 777 ; Loss: 38.710 ; Acc: 23.565
2018-09-19 13:48:06,849:INFO: [TRAIN] Step: 778 ; Loss: 33.096 ; Acc: 23.567
2018-09-19 13:48:06,930:INFO: [TRAIN] Step: 779 ; Loss: 38.041 ; Acc: 23.579
2018-09-19 13:48:07,001:INFO: [TRAIN] Step: 780 ; Loss: 34.232 ; Acc: 23.592
2018-09-19 13:48:07,083:INFO: [TRAIN] Step: 781 ; Loss: 38.387 ; Acc: 23.609
2018-09-19 13:48:07,156:INFO: [TRAIN] Step: 782 ; Loss: 36.531 ; Acc: 23.611
2018-09-19 13:48:07,237:INFO: [TRAIN] Step: 783 ; Loss: 36.683 ; Acc: 23.618
2018-09-19 13:48:07,311:INFO: [TRAIN] Step: 784 ; Loss: 36.438 ; Acc: 23.625
2018-09-19 13:48:07,396:INFO: [TRAIN] Step: 785 ; Loss: 34.110 ; Acc: 23.643
2018-09-19 13:48:07,470:INFO: [TRAIN] Step: 786 ; Loss: 33.318 ; Acc: 23.666
2018-09-19 13:48:07,552:INFO: [TRAIN] Step: 787 ; Loss: 33.847 ; Acc: 23.668
2018-09-19 13:48:07,627:INFO: [TRAIN] Step: 788 ; Loss: 38.174 ; Acc: 23.669
2018-09-19 13:48:07,716:INFO: [TRAIN] Step: 789 ; Loss: 34.939 ; Acc: 23.655
2018-09-19 13:48:07,799:INFO: [TRAIN] Step: 790 ; Loss: 36.288 ; Acc: 23.662
2018-09-19 13:48:07,890:INFO: [TRAIN] Step: 791 ; Loss: 38.664 ; Acc: 23.674
2018-09-19 13:48:07,974:INFO: [TRAIN] Step: 792 ; Loss: 34.578 ; Acc: 23.681
2018-09-19 13:48:08,069:INFO: [TRAIN] Step: 793 ; Loss: 33.950 ; Acc: 23.678
2018-09-19 13:48:08,146:INFO: [TRAIN] Step: 794 ; Loss: 31.463 ; Acc: 23.664
2018-09-19 13:48:08,226:INFO: [TRAIN] Step: 795 ; Loss: 34.862 ; Acc: 23.655
2018-09-19 13:48:08,298:INFO: [TRAIN] Step: 796 ; Loss: 37.769 ; Acc: 23.641
2018-09-19 13:48:08,380:INFO: [TRAIN] Step: 797 ; Loss: 35.026 ; Acc: 23.632
2018-09-19 13:48:08,456:INFO: [TRAIN] Step: 798 ; Loss: 36.069 ; Acc: 23.628
2018-09-19 13:48:08,534:INFO: [TRAIN] Step: 799 ; Loss: 35.639 ; Acc: 23.630
2018-09-19 13:48:08,609:INFO: [TRAIN] Step: 800 ; Loss: 34.069 ; Acc: 23.648
2018-09-19 13:48:08,688:INFO: [TRAIN] Step: 801 ; Loss: 34.353 ; Acc: 23.654
2018-09-19 13:48:08,764:INFO: [TRAIN] Step: 802 ; Loss: 35.529 ; Acc: 23.646
2018-09-19 13:48:08,844:INFO: [TRAIN] Step: 803 ; Loss: 39.458 ; Acc: 23.637
2018-09-19 13:48:08,915:INFO: [TRAIN] Step: 804 ; Loss: 32.958 ; Acc: 23.654
2018-09-19 13:48:08,996:INFO: [TRAIN] Step: 805 ; Loss: 35.645 ; Acc: 23.656
2018-09-19 13:48:09,070:INFO: [TRAIN] Step: 806 ; Loss: 37.899 ; Acc: 23.663
2018-09-19 13:48:09,152:INFO: [TRAIN] Step: 807 ; Loss: 37.982 ; Acc: 23.670
2018-09-19 13:48:09,225:INFO: [TRAIN] Step: 808 ; Loss: 33.311 ; Acc: 23.692
2018-09-19 13:48:09,305:INFO: [TRAIN] Step: 809 ; Loss: 41.610 ; Acc: 23.724
2018-09-19 13:48:09,378:INFO: [TRAIN] Step: 810 ; Loss: 37.667 ; Acc: 23.736
2018-09-19 13:48:09,459:INFO: [TRAIN] Step: 811 ; Loss: 36.058 ; Acc: 23.738
2018-09-19 13:48:09,532:INFO: [TRAIN] Step: 812 ; Loss: 32.336 ; Acc: 23.749
2018-09-19 13:48:09,614:INFO: [TRAIN] Step: 813 ; Loss: 38.113 ; Acc: 23.751
2018-09-19 13:48:09,689:INFO: [TRAIN] Step: 814 ; Loss: 34.046 ; Acc: 23.758
2018-09-19 13:48:09,769:INFO: [TRAIN] Step: 815 ; Loss: 37.572 ; Acc: 23.764
2018-09-19 13:48:09,842:INFO: [TRAIN] Step: 816 ; Loss: 36.538 ; Acc: 23.786
2018-09-19 13:48:09,923:INFO: [TRAIN] Step: 817 ; Loss: 36.229 ; Acc: 23.783
2018-09-19 13:48:09,994:INFO: [TRAIN] Step: 818 ; Loss: 34.914 ; Acc: 23.794
2018-09-19 13:48:10,074:INFO: [TRAIN] Step: 819 ; Loss: 34.591 ; Acc: 23.801
2018-09-19 13:48:10,147:INFO: [TRAIN] Step: 820 ; Loss: 37.082 ; Acc: 23.797
2018-09-19 13:48:10,227:INFO: [TRAIN] Step: 821 ; Loss: 38.350 ; Acc: 23.814
2018-09-19 13:48:10,300:INFO: [TRAIN] Step: 822 ; Loss: 34.668 ; Acc: 23.830
2018-09-19 13:48:10,381:INFO: [TRAIN] Step: 823 ; Loss: 39.252 ; Acc: 23.842
2018-09-19 13:48:10,456:INFO: [TRAIN] Step: 824 ; Loss: 33.318 ; Acc: 23.854
2018-09-19 13:48:10,537:INFO: [TRAIN] Step: 825 ; Loss: 34.714 ; Acc: 23.850
2018-09-19 13:48:10,609:INFO: [TRAIN] Step: 826 ; Loss: 34.673 ; Acc: 23.851
2018-09-19 13:48:10,689:INFO: [TRAIN] Step: 827 ; Loss: 39.950 ; Acc: 23.868
2018-09-19 13:48:10,766:INFO: [TRAIN] Step: 828 ; Loss: 37.572 ; Acc: 23.874
2018-09-19 13:48:10,847:INFO: [TRAIN] Step: 829 ; Loss: 39.385 ; Acc: 23.881
2018-09-19 13:48:10,923:INFO: [TRAIN] Step: 830 ; Loss: 37.283 ; Acc: 23.882
2018-09-19 13:48:11,004:INFO: [TRAIN] Step: 831 ; Loss: 36.697 ; Acc: 23.893
2018-09-19 13:48:11,077:INFO: [TRAIN] Step: 832 ; Loss: 34.090 ; Acc: 23.900
2018-09-19 13:48:11,160:INFO: [TRAIN] Step: 833 ; Loss: 37.795 ; Acc: 23.926
2018-09-19 13:48:11,235:INFO: [TRAIN] Step: 834 ; Loss: 34.476 ; Acc: 23.927
2018-09-19 13:48:11,315:INFO: [TRAIN] Step: 835 ; Loss: 37.634 ; Acc: 23.943
2018-09-19 13:48:11,389:INFO: [TRAIN] Step: 836 ; Loss: 34.293 ; Acc: 23.940
2018-09-19 13:48:11,471:INFO: [TRAIN] Step: 837 ; Loss: 39.041 ; Acc: 23.966
2018-09-19 13:48:11,544:INFO: [TRAIN] Step: 838 ; Loss: 34.466 ; Acc: 23.982
2018-09-19 13:48:11,628:INFO: [TRAIN] Step: 839 ; Loss: 35.069 ; Acc: 23.983
2018-09-19 13:48:11,705:INFO: [TRAIN] Step: 840 ; Loss: 31.727 ; Acc: 24.004
2018-09-19 13:48:11,784:INFO: [TRAIN] Step: 841 ; Loss: 37.120 ; Acc: 24.005
2018-09-19 13:48:11,858:INFO: [TRAIN] Step: 842 ; Loss: 36.653 ; Acc: 24.002
2018-09-19 13:48:11,939:INFO: [TRAIN] Step: 843 ; Loss: 36.068 ; Acc: 24.003
2018-09-19 13:48:12,012:INFO: [TRAIN] Step: 844 ; Loss: 32.394 ; Acc: 24.014
2018-09-19 13:48:12,092:INFO: [TRAIN] Step: 845 ; Loss: 33.945 ; Acc: 24.025
2018-09-19 13:48:12,166:INFO: [TRAIN] Step: 846 ; Loss: 37.954 ; Acc: 24.026
2018-09-19 13:48:12,245:INFO: [TRAIN] Step: 847 ; Loss: 34.006 ; Acc: 24.037
2018-09-19 13:48:12,318:INFO: [TRAIN] Step: 848 ; Loss: 31.442 ; Acc: 24.053
2018-09-19 13:48:12,399:INFO: [TRAIN] Step: 849 ; Loss: 37.772 ; Acc: 24.064
2018-09-19 13:48:12,471:INFO: [TRAIN] Step: 850 ; Loss: 35.635 ; Acc: 24.075
2018-09-19 13:48:12,552:INFO: [TRAIN] Step: 851 ; Loss: 35.176 ; Acc: 24.095
2018-09-19 13:48:12,626:INFO: [TRAIN] Step: 852 ; Loss: 37.529 ; Acc: 24.101
2018-09-19 13:48:12,707:INFO: [TRAIN] Step: 853 ; Loss: 35.793 ; Acc: 24.117
2018-09-19 13:48:12,781:INFO: [TRAIN] Step: 854 ; Loss: 34.780 ; Acc: 24.133
2018-09-19 13:48:12,861:INFO: [TRAIN] Step: 855 ; Loss: 33.531 ; Acc: 24.143
2018-09-19 13:48:12,936:INFO: [TRAIN] Step: 856 ; Loss: 38.555 ; Acc: 24.164
2018-09-19 13:48:13,016:INFO: [TRAIN] Step: 857 ; Loss: 36.060 ; Acc: 24.174
2018-09-19 13:48:13,091:INFO: [TRAIN] Step: 858 ; Loss: 37.194 ; Acc: 24.180
2018-09-19 13:48:13,173:INFO: [TRAIN] Step: 859 ; Loss: 35.516 ; Acc: 24.196
2018-09-19 13:48:13,246:INFO: [TRAIN] Step: 860 ; Loss: 35.697 ; Acc: 24.202
2018-09-19 13:48:13,325:INFO: [TRAIN] Step: 861 ; Loss: 32.535 ; Acc: 24.202
2018-09-19 13:48:13,399:INFO: [TRAIN] Step: 862 ; Loss: 34.090 ; Acc: 24.203
2018-09-19 13:48:13,481:INFO: [TRAIN] Step: 863 ; Loss: 36.374 ; Acc: 24.214
2018-09-19 13:48:13,555:INFO: [TRAIN] Step: 864 ; Loss: 36.153 ; Acc: 24.234
2018-09-19 13:48:13,636:INFO: [TRAIN] Step: 865 ; Loss: 40.105 ; Acc: 24.273
2018-09-19 13:48:13,710:INFO: [TRAIN] Step: 866 ; Loss: 33.511 ; Acc: 24.308
2018-09-19 13:48:13,788:INFO: [TRAIN] Step: 867 ; Loss: 38.296 ; Acc: 24.328
2018-09-19 13:48:13,861:INFO: [TRAIN] Step: 868 ; Loss: 38.006 ; Acc: 24.334
2018-09-19 13:48:13,942:INFO: [TRAIN] Step: 869 ; Loss: 33.734 ; Acc: 24.349
2018-09-19 13:48:14,014:INFO: [TRAIN] Step: 870 ; Loss: 35.511 ; Acc: 24.340
2018-09-19 13:48:14,094:INFO: [TRAIN] Step: 871 ; Loss: 34.468 ; Acc: 24.364
2018-09-19 13:48:14,165:INFO: [TRAIN] Step: 872 ; Loss: 33.511 ; Acc: 24.356
2018-09-19 13:48:14,247:INFO: [TRAIN] Step: 873 ; Loss: 36.717 ; Acc: 24.375
2018-09-19 13:48:14,320:INFO: [TRAIN] Step: 874 ; Loss: 34.719 ; Acc: 24.376
2018-09-19 13:48:14,403:INFO: [TRAIN] Step: 875 ; Loss: 38.916 ; Acc: 24.391
2018-09-19 13:48:14,477:INFO: [TRAIN] Step: 876 ; Loss: 34.431 ; Acc: 24.401
2018-09-19 13:48:14,557:INFO: [TRAIN] Step: 877 ; Loss: 35.605 ; Acc: 24.407
2018-09-19 13:48:14,630:INFO: [TRAIN] Step: 878 ; Loss: 34.100 ; Acc: 24.436
2018-09-19 13:48:14,711:INFO: [TRAIN] Step: 879 ; Loss: 37.145 ; Acc: 24.455
2018-09-19 13:48:14,785:INFO: [TRAIN] Step: 880 ; Loss: 36.154 ; Acc: 24.442
2018-09-19 13:48:14,866:INFO: [TRAIN] Step: 881 ; Loss: 36.142 ; Acc: 24.443
2018-09-19 13:48:14,940:INFO: [TRAIN] Step: 882 ; Loss: 38.829 ; Acc: 24.462
2018-09-19 13:48:15,018:INFO: [TRAIN] Step: 883 ; Loss: 39.646 ; Acc: 24.467
2018-09-19 13:48:15,093:INFO: [TRAIN] Step: 884 ; Loss: 34.756 ; Acc: 24.487
2018-09-19 13:48:15,174:INFO: [TRAIN] Step: 885 ; Loss: 37.482 ; Acc: 24.502
2018-09-19 13:48:15,247:INFO: [TRAIN] Step: 886 ; Loss: 35.884 ; Acc: 24.526
2018-09-19 13:48:15,328:INFO: [TRAIN] Step: 887 ; Loss: 37.115 ; Acc: 24.531
2018-09-19 13:48:15,402:INFO: [TRAIN] Step: 888 ; Loss: 38.001 ; Acc: 24.536
2018-09-19 13:48:15,485:INFO: [TRAIN] Step: 889 ; Loss: 39.838 ; Acc: 24.565
2018-09-19 13:48:15,560:INFO: [TRAIN] Step: 890 ; Loss: 38.883 ; Acc: 24.593
2018-09-19 13:48:15,641:INFO: [TRAIN] Step: 891 ; Loss: 36.507 ; Acc: 24.608
2018-09-19 13:48:15,717:INFO: [TRAIN] Step: 892 ; Loss: 35.730 ; Acc: 24.627
2018-09-19 13:48:15,801:INFO: [TRAIN] Step: 893 ; Loss: 36.104 ; Acc: 24.622
2018-09-19 13:48:15,876:INFO: [TRAIN] Step: 894 ; Loss: 36.217 ; Acc: 24.623
2018-09-19 13:48:15,961:INFO: [TRAIN] Step: 895 ; Loss: 37.215 ; Acc: 24.623
2018-09-19 13:48:16,034:INFO: [TRAIN] Step: 896 ; Loss: 34.811 ; Acc: 24.619
2018-09-19 13:48:16,116:INFO: [TRAIN] Step: 897 ; Loss: 36.040 ; Acc: 24.624
2018-09-19 13:48:16,193:INFO: [TRAIN] Step: 898 ; Loss: 37.079 ; Acc: 24.629
2018-09-19 13:48:16,274:INFO: [TRAIN] Step: 899 ; Loss: 33.946 ; Acc: 24.634
2018-09-19 13:48:16,346:INFO: [TRAIN] Step: 900 ; Loss: 37.162 ; Acc: 24.635
2018-09-19 13:48:16,426:INFO: [TRAIN] Step: 901 ; Loss: 34.491 ; Acc: 24.635
2018-09-19 13:48:16,502:INFO: [TRAIN] Step: 902 ; Loss: 36.555 ; Acc: 24.668
2018-09-19 13:48:16,585:INFO: [TRAIN] Step: 903 ; Loss: 35.454 ; Acc: 24.673
2018-09-19 13:48:16,658:INFO: [TRAIN] Step: 904 ; Loss: 38.538 ; Acc: 24.692
2018-09-19 13:48:16,739:INFO: [TRAIN] Step: 905 ; Loss: 36.462 ; Acc: 24.710
2018-09-19 13:48:16,815:INFO: [TRAIN] Step: 906 ; Loss: 35.104 ; Acc: 24.729
2018-09-19 13:48:16,897:INFO: [TRAIN] Step: 907 ; Loss: 33.077 ; Acc: 24.748
2018-09-19 13:48:16,974:INFO: [TRAIN] Step: 908 ; Loss: 35.623 ; Acc: 24.752
2018-09-19 13:48:17,055:INFO: [TRAIN] Step: 909 ; Loss: 32.190 ; Acc: 24.748
2018-09-19 13:48:17,130:INFO: [TRAIN] Step: 910 ; Loss: 35.542 ; Acc: 24.776
2018-09-19 13:48:17,211:INFO: [TRAIN] Step: 911 ; Loss: 31.904 ; Acc: 24.794
2018-09-19 13:48:17,286:INFO: [TRAIN] Step: 912 ; Loss: 30.309 ; Acc: 24.799
2018-09-19 13:48:17,367:INFO: [TRAIN] Step: 913 ; Loss: 35.160 ; Acc: 24.799
2018-09-19 13:48:17,443:INFO: [TRAIN] Step: 914 ; Loss: 32.412 ; Acc: 24.800
2018-09-19 13:48:17,529:INFO: [TRAIN] Step: 915 ; Loss: 34.867 ; Acc: 24.800
2018-09-19 13:48:17,613:INFO: [TRAIN] Step: 916 ; Loss: 35.584 ; Acc: 24.809
2018-09-19 13:48:17,699:INFO: [TRAIN] Step: 917 ; Loss: 33.961 ; Acc: 24.805
2018-09-19 13:48:17,776:INFO: [TRAIN] Step: 918 ; Loss: 32.144 ; Acc: 24.823
2018-09-19 13:48:17,856:INFO: [TRAIN] Step: 919 ; Loss: 32.912 ; Acc: 24.851
2018-09-19 13:48:17,930:INFO: [TRAIN] Step: 920 ; Loss: 37.677 ; Acc: 24.878
2018-09-19 13:48:18,014:INFO: [TRAIN] Step: 921 ; Loss: 36.800 ; Acc: 24.896
2018-09-19 13:48:18,090:INFO: [TRAIN] Step: 922 ; Loss: 36.339 ; Acc: 24.887
2018-09-19 13:48:18,178:INFO: [TRAIN] Step: 923 ; Loss: 36.606 ; Acc: 24.878
2018-09-19 13:48:18,252:INFO: [TRAIN] Step: 924 ; Loss: 36.137 ; Acc: 24.910
2018-09-19 13:48:18,333:INFO: [TRAIN] Step: 925 ; Loss: 35.966 ; Acc: 24.919
2018-09-19 13:48:18,411:INFO: [TRAIN] Step: 926 ; Loss: 31.992 ; Acc: 24.933
2018-09-19 13:48:18,494:INFO: [TRAIN] Step: 927 ; Loss: 34.592 ; Acc: 24.933
2018-09-19 13:48:18,567:INFO: [TRAIN] Step: 928 ; Loss: 33.676 ; Acc: 24.942
2018-09-19 13:48:18,653:INFO: [TRAIN] Step: 929 ; Loss: 37.608 ; Acc: 24.955
2018-09-19 13:48:18,728:INFO: [TRAIN] Step: 930 ; Loss: 34.128 ; Acc: 24.960
2018-09-19 13:48:18,812:INFO: [TRAIN] Step: 931 ; Loss: 33.383 ; Acc: 24.960
2018-09-19 13:48:18,885:INFO: [TRAIN] Step: 932 ; Loss: 31.667 ; Acc: 24.978
2018-09-19 13:48:18,968:INFO: [TRAIN] Step: 933 ; Loss: 35.876 ; Acc: 24.996
2018-09-19 13:48:19,041:INFO: [TRAIN] Step: 934 ; Loss: 39.094 ; Acc: 25.009
2018-09-19 13:48:19,122:INFO: [TRAIN] Step: 935 ; Loss: 31.492 ; Acc: 25.004
2018-09-19 13:48:19,196:INFO: [TRAIN] Step: 936 ; Loss: 35.422 ; Acc: 25.018
2018-09-19 13:48:19,276:INFO: [TRAIN] Step: 937 ; Loss: 36.448 ; Acc: 25.040
2018-09-19 13:48:19,350:INFO: [TRAIN] Step: 938 ; Loss: 33.294 ; Acc: 25.044
2018-09-19 13:48:19,435:INFO: [TRAIN] Step: 939 ; Loss: 37.489 ; Acc: 25.049
2018-09-19 13:48:19,511:INFO: [TRAIN] Step: 940 ; Loss: 36.103 ; Acc: 25.044
2018-09-19 13:48:19,593:INFO: [TRAIN] Step: 941 ; Loss: 32.364 ; Acc: 25.044
2018-09-19 13:48:19,668:INFO: [TRAIN] Step: 942 ; Loss: 34.073 ; Acc: 25.062
2018-09-19 13:48:19,751:INFO: [TRAIN] Step: 943 ; Loss: 35.218 ; Acc: 25.071
2018-09-19 13:48:19,824:INFO: [TRAIN] Step: 944 ; Loss: 36.904 ; Acc: 25.075
2018-09-19 13:48:19,905:INFO: [TRAIN] Step: 945 ; Loss: 34.841 ; Acc: 25.106
2018-09-19 13:48:19,980:INFO: [TRAIN] Step: 946 ; Loss: 33.218 ; Acc: 25.101
2018-09-19 13:48:20,061:INFO: [TRAIN] Step: 947 ; Loss: 35.489 ; Acc: 25.132
2018-09-19 13:48:20,135:INFO: [TRAIN] Step: 948 ; Loss: 39.126 ; Acc: 25.140
2018-09-19 13:48:20,217:INFO: [TRAIN] Step: 949 ; Loss: 29.347 ; Acc: 25.154
2018-09-19 13:48:20,293:INFO: [TRAIN] Step: 950 ; Loss: 35.995 ; Acc: 25.166
2018-09-19 13:48:20,374:INFO: [TRAIN] Step: 951 ; Loss: 35.347 ; Acc: 25.179
2018-09-19 13:48:20,449:INFO: [TRAIN] Step: 952 ; Loss: 33.721 ; Acc: 25.184
2018-09-19 13:48:20,529:INFO: [TRAIN] Step: 953 ; Loss: 32.595 ; Acc: 25.201
2018-09-19 13:48:20,603:INFO: [TRAIN] Step: 954 ; Loss: 36.776 ; Acc: 25.214
2018-09-19 13:48:20,685:INFO: [TRAIN] Step: 955 ; Loss: 37.210 ; Acc: 25.222
2018-09-19 13:48:20,761:INFO: [TRAIN] Step: 956 ; Loss: 33.891 ; Acc: 25.218
2018-09-19 13:48:20,848:INFO: [TRAIN] Step: 957 ; Loss: 36.200 ; Acc: 25.217
2018-09-19 13:48:20,924:INFO: [TRAIN] Step: 958 ; Loss: 35.101 ; Acc: 25.243
2018-09-19 13:48:21,005:INFO: [TRAIN] Step: 959 ; Loss: 33.700 ; Acc: 25.252
2018-09-19 13:48:21,079:INFO: [TRAIN] Step: 960 ; Loss: 33.419 ; Acc: 25.251
2018-09-19 13:48:21,179:INFO: [TRAIN] Step: 961 ; Loss: 34.751 ; Acc: 25.264
2018-09-19 13:48:21,258:INFO: [TRAIN] Step: 962 ; Loss: 34.910 ; Acc: 25.264
2018-09-19 13:48:21,338:INFO: [TRAIN] Step: 963 ; Loss: 34.133 ; Acc: 25.277
2018-09-19 13:48:21,411:INFO: [TRAIN] Step: 964 ; Loss: 33.815 ; Acc: 25.298
2018-09-19 13:48:21,491:INFO: [TRAIN] Step: 965 ; Loss: 34.028 ; Acc: 25.293
2018-09-19 13:48:21,564:INFO: [TRAIN] Step: 966 ; Loss: 37.154 ; Acc: 25.323
2018-09-19 13:48:21,646:INFO: [TRAIN] Step: 967 ; Loss: 33.778 ; Acc: 25.344
2018-09-19 13:48:21,722:INFO: [TRAIN] Step: 968 ; Loss: 32.979 ; Acc: 25.348
2018-09-19 13:48:21,804:INFO: [TRAIN] Step: 969 ; Loss: 37.241 ; Acc: 25.378
2018-09-19 13:48:21,877:INFO: [TRAIN] Step: 970 ; Loss: 37.786 ; Acc: 25.382
2018-09-19 13:48:21,958:INFO: [TRAIN] Step: 971 ; Loss: 33.581 ; Acc: 25.386
2018-09-19 13:48:22,035:INFO: [TRAIN] Step: 972 ; Loss: 36.262 ; Acc: 25.398
2018-09-19 13:48:22,116:INFO: [TRAIN] Step: 973 ; Loss: 32.961 ; Acc: 25.415
2018-09-19 13:48:22,190:INFO: [TRAIN] Step: 974 ; Loss: 37.846 ; Acc: 25.419
2018-09-19 13:48:22,270:INFO: [TRAIN] Step: 975 ; Loss: 33.305 ; Acc: 25.435
2018-09-19 13:48:22,343:INFO: [TRAIN] Step: 976 ; Loss: 35.481 ; Acc: 25.448
2018-09-19 13:48:22,423:INFO: [TRAIN] Step: 977 ; Loss: 37.933 ; Acc: 25.452
2018-09-19 13:48:22,496:INFO: [TRAIN] Step: 978 ; Loss: 32.775 ; Acc: 25.468
2018-09-19 13:48:22,576:INFO: [TRAIN] Step: 979 ; Loss: 37.629 ; Acc: 25.493
2018-09-19 13:48:22,651:INFO: [TRAIN] Step: 980 ; Loss: 36.259 ; Acc: 25.497
2018-09-19 13:48:22,732:INFO: [TRAIN] Step: 981 ; Loss: 34.396 ; Acc: 25.496
2018-09-19 13:48:22,805:INFO: [TRAIN] Step: 982 ; Loss: 34.631 ; Acc: 25.479
2018-09-19 13:48:22,884:INFO: [TRAIN] Step: 983 ; Loss: 36.179 ; Acc: 25.491
2018-09-19 13:48:22,959:INFO: [TRAIN] Step: 984 ; Loss: 35.559 ; Acc: 25.512
2018-09-19 13:48:23,039:INFO: [TRAIN] Step: 985 ; Loss: 35.259 ; Acc: 25.545
2018-09-19 13:48:23,113:INFO: [TRAIN] Step: 986 ; Loss: 33.902 ; Acc: 25.549
2018-09-19 13:48:23,194:INFO: [TRAIN] Step: 987 ; Loss: 37.748 ; Acc: 25.557
2018-09-19 13:48:23,268:INFO: [TRAIN] Step: 988 ; Loss: 31.360 ; Acc: 25.573
2018-09-19 13:48:23,350:INFO: [TRAIN] Step: 989 ; Loss: 37.422 ; Acc: 25.593
2018-09-19 13:48:23,423:INFO: [TRAIN] Step: 990 ; Loss: 34.366 ; Acc: 25.593
2018-09-19 13:48:23,506:INFO: [TRAIN] Step: 991 ; Loss: 38.216 ; Acc: 25.596
2018-09-19 13:48:23,580:INFO: [TRAIN] Step: 992 ; Loss: 32.733 ; Acc: 25.621
2018-09-19 13:48:23,664:INFO: [TRAIN] Step: 993 ; Loss: 37.665 ; Acc: 25.625
2018-09-19 13:48:23,739:INFO: [TRAIN] Step: 994 ; Loss: 32.828 ; Acc: 25.641
2018-09-19 13:48:23,818:INFO: [TRAIN] Step: 995 ; Loss: 33.923 ; Acc: 25.653
2018-09-19 13:48:23,894:INFO: [TRAIN] Step: 996 ; Loss: 31.960 ; Acc: 25.669
2018-09-19 13:48:23,975:INFO: [TRAIN] Step: 997 ; Loss: 34.868 ; Acc: 25.685
2018-09-19 13:48:24,053:INFO: [TRAIN] Step: 998 ; Loss: 33.292 ; Acc: 25.705
2018-09-19 13:48:24,133:INFO: [TRAIN] Step: 999 ; Loss: 33.204 ; Acc: 25.688
2018-09-19 13:48:24,208:INFO: [TRAIN] Step: 1000 ; Loss: 34.832 ; Acc: 25.703
2018-09-19 13:48:24,289:INFO: [TRAIN] Step: 1001 ; Loss: 32.609 ; Acc: 25.703
2018-09-19 13:48:24,362:INFO: [TRAIN] Step: 1002 ; Loss: 36.350 ; Acc: 25.727
2018-09-19 13:48:24,442:INFO: [TRAIN] Step: 1003 ; Loss: 32.569 ; Acc: 25.751
2018-09-19 13:48:24,516:INFO: [TRAIN] Step: 1004 ; Loss: 35.375 ; Acc: 25.759
2018-09-19 13:48:24,595:INFO: [TRAIN] Step: 1005 ; Loss: 34.492 ; Acc: 25.775
2018-09-19 13:48:24,670:INFO: [TRAIN] Step: 1006 ; Loss: 30.750 ; Acc: 25.782
2018-09-19 13:48:24,750:INFO: [TRAIN] Step: 1007 ; Loss: 33.440 ; Acc: 25.798
2018-09-19 13:48:24,824:INFO: [TRAIN] Step: 1008 ; Loss: 35.946 ; Acc: 25.793
2018-09-19 13:48:24,905:INFO: [TRAIN] Step: 1009 ; Loss: 32.924 ; Acc: 25.804
2018-09-19 13:48:24,976:INFO: [TRAIN] Step: 1010 ; Loss: 35.369 ; Acc: 25.820
2018-09-19 13:48:25,057:INFO: [TRAIN] Step: 1011 ; Loss: 34.740 ; Acc: 25.828
2018-09-19 13:48:25,132:INFO: [TRAIN] Step: 1012 ; Loss: 36.372 ; Acc: 25.835
2018-09-19 13:48:25,212:INFO: [TRAIN] Step: 1013 ; Loss: 38.901 ; Acc: 25.838
2018-09-19 13:48:25,289:INFO: [TRAIN] Step: 1014 ; Loss: 33.230 ; Acc: 25.858
2018-09-19 13:48:25,379:INFO: [TRAIN] Step: 1015 ; Loss: 37.151 ; Acc: 25.874
2018-09-19 13:48:25,460:INFO: [TRAIN] Step: 1016 ; Loss: 36.946 ; Acc: 25.877
2018-09-19 13:48:25,544:INFO: [TRAIN] Step: 1017 ; Loss: 35.462 ; Acc: 25.880
2018-09-19 13:48:25,618:INFO: [TRAIN] Step: 1018 ; Loss: 34.733 ; Acc: 25.879
2018-09-19 13:48:25,697:INFO: [TRAIN] Step: 1019 ; Loss: 35.094 ; Acc: 25.895
2018-09-19 13:48:25,772:INFO: [TRAIN] Step: 1020 ; Loss: 36.304 ; Acc: 25.914
2018-09-19 13:48:25,857:INFO: [TRAIN] Step: 1021 ; Loss: 33.909 ; Acc: 25.925
2018-09-19 13:48:25,934:INFO: [TRAIN] Step: 1022 ; Loss: 36.809 ; Acc: 25.929
2018-09-19 13:48:26,014:INFO: [TRAIN] Step: 1023 ; Loss: 33.729 ; Acc: 25.932
2018-09-19 13:48:26,088:INFO: [TRAIN] Step: 1024 ; Loss: 34.970 ; Acc: 25.967
2018-09-19 13:48:26,170:INFO: [TRAIN] Step: 1025 ; Loss: 33.475 ; Acc: 25.991
2018-09-19 13:48:26,244:INFO: [TRAIN] Step: 1026 ; Loss: 37.914 ; Acc: 25.994
2018-09-19 13:48:26,324:INFO: [TRAIN] Step: 1027 ; Loss: 34.407 ; Acc: 26.009
2018-09-19 13:48:26,398:INFO: [TRAIN] Step: 1028 ; Loss: 32.648 ; Acc: 26.041
2018-09-19 13:48:26,478:INFO: [TRAIN] Step: 1029 ; Loss: 33.840 ; Acc: 26.048
2018-09-19 13:48:26,554:INFO: [TRAIN] Step: 1030 ; Loss: 35.738 ; Acc: 26.063
2018-09-19 13:48:26,635:INFO: [TRAIN] Step: 1031 ; Loss: 34.711 ; Acc: 26.066
2018-09-19 13:48:26,712:INFO: [TRAIN] Step: 1032 ; Loss: 31.110 ; Acc: 26.081
2018-09-19 13:48:26,792:INFO: [TRAIN] Step: 1033 ; Loss: 35.053 ; Acc: 26.104
2018-09-19 13:48:26,865:INFO: [TRAIN] Step: 1034 ; Loss: 34.261 ; Acc: 26.107
2018-09-19 13:48:26,947:INFO: [TRAIN] Step: 1035 ; Loss: 35.227 ; Acc: 26.102
2018-09-19 13:48:27,019:INFO: [TRAIN] Step: 1036 ; Loss: 36.235 ; Acc: 26.121
2018-09-19 13:48:27,102:INFO: [TRAIN] Step: 1037 ; Loss: 36.875 ; Acc: 26.124
2018-09-19 13:48:27,176:INFO: [TRAIN] Step: 1038 ; Loss: 37.213 ; Acc: 26.135
2018-09-19 13:48:27,257:INFO: [TRAIN] Step: 1039 ; Loss: 34.950 ; Acc: 26.138
2018-09-19 13:48:27,333:INFO: [TRAIN] Step: 1040 ; Loss: 33.732 ; Acc: 26.145
2018-09-19 13:48:27,414:INFO: [TRAIN] Step: 1041 ; Loss: 39.342 ; Acc: 26.144
2018-09-19 13:48:27,490:INFO: [TRAIN] Step: 1042 ; Loss: 35.209 ; Acc: 26.155
2018-09-19 13:48:27,573:INFO: [TRAIN] Step: 1043 ; Loss: 33.356 ; Acc: 26.169
2018-09-19 13:48:27,645:INFO: [TRAIN] Step: 1044 ; Loss: 33.538 ; Acc: 26.188
2018-09-19 13:48:27,726:INFO: [TRAIN] Step: 1045 ; Loss: 33.588 ; Acc: 26.203
2018-09-19 13:48:27,803:INFO: [TRAIN] Step: 1046 ; Loss: 35.752 ; Acc: 26.218
2018-09-19 13:48:27,886:INFO: [TRAIN] Step: 1047 ; Loss: 35.526 ; Acc: 26.225
2018-09-19 13:48:27,962:INFO: [TRAIN] Step: 1048 ; Loss: 33.946 ; Acc: 26.239
2018-09-19 13:48:28,042:INFO: [TRAIN] Step: 1049 ; Loss: 33.601 ; Acc: 26.254
2018-09-19 13:48:28,115:INFO: [TRAIN] Step: 1050 ; Loss: 34.748 ; Acc: 26.277
2018-09-19 13:48:28,198:INFO: [TRAIN] Step: 1051 ; Loss: 34.375 ; Acc: 26.283
2018-09-19 13:48:28,270:INFO: [TRAIN] Step: 1052 ; Loss: 34.104 ; Acc: 26.294
2018-09-19 13:48:28,351:INFO: [TRAIN] Step: 1053 ; Loss: 37.910 ; Acc: 26.293
2018-09-19 13:48:28,427:INFO: [TRAIN] Step: 1054 ; Loss: 35.250 ; Acc: 26.291
2018-09-19 13:48:28,507:INFO: [TRAIN] Step: 1055 ; Loss: 33.636 ; Acc: 26.314
2018-09-19 13:48:28,582:INFO: [TRAIN] Step: 1056 ; Loss: 35.740 ; Acc: 26.321
2018-09-19 13:48:28,664:INFO: [TRAIN] Step: 1057 ; Loss: 33.658 ; Acc: 26.319
2018-09-19 13:48:28,738:INFO: [TRAIN] Step: 1058 ; Loss: 34.960 ; Acc: 26.334
2018-09-19 13:48:28,821:INFO: [TRAIN] Step: 1059 ; Loss: 36.170 ; Acc: 26.336
2018-09-19 13:48:28,895:INFO: [TRAIN] Step: 1060 ; Loss: 35.243 ; Acc: 26.347
2018-09-19 13:48:28,975:INFO: [TRAIN] Step: 1061 ; Loss: 32.340 ; Acc: 26.354
2018-09-19 13:48:29,047:INFO: [TRAIN] Step: 1062 ; Loss: 37.210 ; Acc: 26.356
2018-09-19 13:48:29,128:INFO: [TRAIN] Step: 1063 ; Loss: 36.171 ; Acc: 26.367
2018-09-19 13:48:29,203:INFO: [TRAIN] Step: 1064 ; Loss: 35.584 ; Acc: 26.377
2018-09-19 13:48:29,285:INFO: [TRAIN] Step: 1065 ; Loss: 33.541 ; Acc: 26.384
2018-09-19 13:48:29,362:INFO: [TRAIN] Step: 1066 ; Loss: 35.925 ; Acc: 26.406
2018-09-19 13:48:29,443:INFO: [TRAIN] Step: 1067 ; Loss: 34.268 ; Acc: 26.416
2018-09-19 13:48:29,516:INFO: [TRAIN] Step: 1068 ; Loss: 33.678 ; Acc: 26.419
2018-09-19 13:48:29,598:INFO: [TRAIN] Step: 1069 ; Loss: 36.489 ; Acc: 26.425
2018-09-19 13:48:29,673:INFO: [TRAIN] Step: 1070 ; Loss: 34.063 ; Acc: 26.451
2018-09-19 13:48:29,753:INFO: [TRAIN] Step: 1071 ; Loss: 32.517 ; Acc: 26.446
2018-09-19 13:48:29,827:INFO: [TRAIN] Step: 1072 ; Loss: 33.606 ; Acc: 26.460
2018-09-19 13:48:29,910:INFO: [TRAIN] Step: 1073 ; Loss: 33.677 ; Acc: 26.466
2018-09-19 13:48:29,984:INFO: [TRAIN] Step: 1074 ; Loss: 33.047 ; Acc: 26.469
2018-09-19 13:48:30,066:INFO: [TRAIN] Step: 1075 ; Loss: 30.000 ; Acc: 26.487
2018-09-19 13:48:30,140:INFO: [TRAIN] Step: 1076 ; Loss: 32.560 ; Acc: 26.493
2018-09-19 13:48:30,220:INFO: [TRAIN] Step: 1077 ; Loss: 34.854 ; Acc: 26.492
2018-09-19 13:48:30,293:INFO: [TRAIN] Step: 1078 ; Loss: 35.336 ; Acc: 26.502
2018-09-19 13:48:30,376:INFO: [TRAIN] Step: 1079 ; Loss: 35.104 ; Acc: 26.505
2018-09-19 13:48:30,451:INFO: [TRAIN] Step: 1080 ; Loss: 32.305 ; Acc: 26.519
2018-09-19 13:48:30,533:INFO: [TRAIN] Step: 1081 ; Loss: 32.113 ; Acc: 26.529
2018-09-19 13:48:30,607:INFO: [TRAIN] Step: 1082 ; Loss: 35.563 ; Acc: 26.539
2018-09-19 13:48:30,689:INFO: [TRAIN] Step: 1083 ; Loss: 35.436 ; Acc: 26.541
2018-09-19 13:48:30,763:INFO: [TRAIN] Step: 1084 ; Loss: 33.616 ; Acc: 26.555
2018-09-19 13:48:30,851:INFO: [TRAIN] Step: 1085 ; Loss: 34.991 ; Acc: 26.577
2018-09-19 13:48:30,924:INFO: [TRAIN] Step: 1086 ; Loss: 35.397 ; Acc: 26.595
2018-09-19 13:48:31,006:INFO: [TRAIN] Step: 1087 ; Loss: 36.912 ; Acc: 26.597
2018-09-19 13:48:31,081:INFO: [TRAIN] Step: 1088 ; Loss: 36.071 ; Acc: 26.611
2018-09-19 13:48:31,164:INFO: [TRAIN] Step: 1089 ; Loss: 31.721 ; Acc: 26.613
2018-09-19 13:48:31,238:INFO: [TRAIN] Step: 1090 ; Loss: 37.452 ; Acc: 26.627
2018-09-19 13:48:31,319:INFO: [TRAIN] Step: 1091 ; Loss: 31.604 ; Acc: 26.641
2018-09-19 13:48:31,395:INFO: [TRAIN] Step: 1092 ; Loss: 33.116 ; Acc: 26.635
2018-09-19 13:48:31,479:INFO: [TRAIN] Step: 1093 ; Loss: 34.630 ; Acc: 26.626
2018-09-19 13:48:31,555:INFO: [TRAIN] Step: 1094 ; Loss: 33.537 ; Acc: 26.632
2018-09-19 13:48:31,636:INFO: [TRAIN] Step: 1095 ; Loss: 38.304 ; Acc: 26.635
2018-09-19 13:48:31,708:INFO: [TRAIN] Step: 1096 ; Loss: 35.183 ; Acc: 26.641
2018-09-19 13:48:31,789:INFO: [TRAIN] Step: 1097 ; Loss: 37.321 ; Acc: 26.651
2018-09-19 13:48:31,864:INFO: [TRAIN] Step: 1098 ; Loss: 34.306 ; Acc: 26.657
2018-09-19 13:48:31,947:INFO: [TRAIN] Step: 1099 ; Loss: 32.626 ; Acc: 26.670
2018-09-19 13:48:32,020:INFO: [TRAIN] Step: 1100 ; Loss: 32.708 ; Acc: 26.673
2018-09-19 13:48:32,102:INFO: [TRAIN] Step: 1101 ; Loss: 37.131 ; Acc: 26.686
2018-09-19 13:48:32,176:INFO: [TRAIN] Step: 1102 ; Loss: 30.560 ; Acc: 26.707
2018-09-19 13:48:32,260:INFO: [TRAIN] Step: 1103 ; Loss: 32.320 ; Acc: 26.725
2018-09-19 13:48:32,335:INFO: [TRAIN] Step: 1104 ; Loss: 34.557 ; Acc: 26.742
2018-09-19 13:48:32,415:INFO: [TRAIN] Step: 1105 ; Loss: 35.171 ; Acc: 26.759
2018-09-19 13:48:32,488:INFO: [TRAIN] Step: 1106 ; Loss: 31.071 ; Acc: 26.765
2018-09-19 13:48:32,570:INFO: [TRAIN] Step: 1107 ; Loss: 32.375 ; Acc: 26.779
2018-09-19 13:48:32,646:INFO: [TRAIN] Step: 1108 ; Loss: 33.062 ; Acc: 26.800
2018-09-19 13:48:32,730:INFO: [TRAIN] Step: 1109 ; Loss: 36.512 ; Acc: 26.791
2018-09-19 13:48:32,803:INFO: [TRAIN] Step: 1110 ; Loss: 35.872 ; Acc: 26.785
2018-09-19 13:48:32,886:INFO: [TRAIN] Step: 1111 ; Loss: 31.854 ; Acc: 26.787
2018-09-19 13:48:32,962:INFO: [TRAIN] Step: 1112 ; Loss: 29.667 ; Acc: 26.801
2018-09-19 13:48:33,043:INFO: [TRAIN] Step: 1113 ; Loss: 36.742 ; Acc: 26.814
2018-09-19 13:48:33,117:INFO: [TRAIN] Step: 1114 ; Loss: 38.402 ; Acc: 26.824
2018-09-19 13:48:33,197:INFO: [TRAIN] Step: 1115 ; Loss: 35.817 ; Acc: 26.829
2018-09-19 13:48:33,271:INFO: [TRAIN] Step: 1116 ; Loss: 34.638 ; Acc: 26.835
2018-09-19 13:48:33,356:INFO: [TRAIN] Step: 1117 ; Loss: 34.276 ; Acc: 26.837
2018-09-19 13:48:33,432:INFO: [TRAIN] Step: 1118 ; Loss: 33.383 ; Acc: 26.854
2018-09-19 13:48:33,515:INFO: [TRAIN] Step: 1119 ; Loss: 32.602 ; Acc: 26.875
2018-09-19 13:48:33,588:INFO: [TRAIN] Step: 1120 ; Loss: 34.313 ; Acc: 26.888
2018-09-19 13:48:33,669:INFO: [TRAIN] Step: 1121 ; Loss: 32.998 ; Acc: 26.890
2018-09-19 13:48:33,743:INFO: [TRAIN] Step: 1122 ; Loss: 33.084 ; Acc: 26.900
2018-09-19 13:48:33,826:INFO: [TRAIN] Step: 1123 ; Loss: 37.722 ; Acc: 26.902
2018-09-19 13:48:33,901:INFO: [TRAIN] Step: 1124 ; Loss: 35.025 ; Acc: 26.911
2018-09-19 13:48:33,982:INFO: [TRAIN] Step: 1125 ; Loss: 36.626 ; Acc: 26.906
2018-09-19 13:48:34,057:INFO: [TRAIN] Step: 1126 ; Loss: 33.342 ; Acc: 26.908
2018-09-19 13:48:34,141:INFO: [TRAIN] Step: 1127 ; Loss: 31.567 ; Acc: 26.906
2018-09-19 13:48:34,217:INFO: [TRAIN] Step: 1128 ; Loss: 36.898 ; Acc: 26.915
2018-09-19 13:48:34,299:INFO: [TRAIN] Step: 1129 ; Loss: 31.774 ; Acc: 26.936
2018-09-19 13:48:34,376:INFO: [TRAIN] Step: 1130 ; Loss: 32.738 ; Acc: 26.930
2018-09-19 13:48:34,458:INFO: [TRAIN] Step: 1131 ; Loss: 36.757 ; Acc: 26.951
2018-09-19 13:48:34,532:INFO: [TRAIN] Step: 1132 ; Loss: 31.159 ; Acc: 26.949
2018-09-19 13:48:34,611:INFO: [TRAIN] Step: 1133 ; Loss: 35.014 ; Acc: 26.955
2018-09-19 13:48:34,684:INFO: [TRAIN] Step: 1134 ; Loss: 35.528 ; Acc: 26.946
2018-09-19 13:48:34,764:INFO: [TRAIN] Step: 1135 ; Loss: 33.700 ; Acc: 26.951
2018-09-19 13:48:34,840:INFO: [TRAIN] Step: 1136 ; Loss: 33.329 ; Acc: 26.961
2018-09-19 13:48:34,922:INFO: [TRAIN] Step: 1137 ; Loss: 34.058 ; Acc: 26.963
2018-09-19 13:48:34,996:INFO: [TRAIN] Step: 1138 ; Loss: 34.345 ; Acc: 26.979
2018-09-19 13:48:35,077:INFO: [TRAIN] Step: 1139 ; Loss: 35.286 ; Acc: 26.970
2018-09-19 13:48:35,151:INFO: [TRAIN] Step: 1140 ; Loss: 34.362 ; Acc: 26.979
2018-09-19 13:48:35,231:INFO: [TRAIN] Step: 1141 ; Loss: 34.983 ; Acc: 26.981
2018-09-19 13:48:35,306:INFO: [TRAIN] Step: 1142 ; Loss: 35.369 ; Acc: 26.990
2018-09-19 13:48:35,386:INFO: [TRAIN] Step: 1143 ; Loss: 28.976 ; Acc: 27.003
2018-09-19 13:48:35,458:INFO: [TRAIN] Step: 1144 ; Loss: 36.983 ; Acc: 27.012
2018-09-19 13:48:35,539:INFO: [TRAIN] Step: 1145 ; Loss: 34.330 ; Acc: 27.022
2018-09-19 13:48:35,611:INFO: [TRAIN] Step: 1146 ; Loss: 33.186 ; Acc: 27.031
2018-09-19 13:48:35,692:INFO: [TRAIN] Step: 1147 ; Loss: 32.451 ; Acc: 27.047
2018-09-19 13:48:35,768:INFO: [TRAIN] Step: 1148 ; Loss: 33.087 ; Acc: 27.053
2018-09-19 13:48:35,850:INFO: [TRAIN] Step: 1149 ; Loss: 33.991 ; Acc: 27.069
2018-09-19 13:48:35,925:INFO: [TRAIN] Step: 1150 ; Loss: 32.686 ; Acc: 27.071
2018-09-19 13:48:36,006:INFO: [TRAIN] Step: 1151 ; Loss: 36.628 ; Acc: 27.069
2018-09-19 13:48:36,085:INFO: [TRAIN] Step: 1152 ; Loss: 32.330 ; Acc: 27.074
2018-09-19 13:48:36,165:INFO: [TRAIN] Step: 1153 ; Loss: 36.267 ; Acc: 27.091
2018-09-19 13:48:36,237:INFO: [TRAIN] Step: 1154 ; Loss: 33.125 ; Acc: 27.092
2018-09-19 13:48:36,317:INFO: [TRAIN] Step: 1155 ; Loss: 30.069 ; Acc: 27.094
2018-09-19 13:48:36,392:INFO: [TRAIN] Step: 1156 ; Loss: 32.218 ; Acc: 27.107
2018-09-19 13:48:36,472:INFO: [TRAIN] Step: 1157 ; Loss: 34.904 ; Acc: 27.109
2018-09-19 13:48:36,547:INFO: [TRAIN] Step: 1158 ; Loss: 29.980 ; Acc: 27.110
2018-09-19 13:48:36,629:INFO: [TRAIN] Step: 1159 ; Loss: 33.991 ; Acc: 27.101
2018-09-19 13:48:36,702:INFO: [TRAIN] Step: 1160 ; Loss: 31.429 ; Acc: 27.103
2018-09-19 13:48:36,786:INFO: [TRAIN] Step: 1161 ; Loss: 32.917 ; Acc: 27.116
2018-09-19 13:48:36,863:INFO: [TRAIN] Step: 1162 ; Loss: 37.380 ; Acc: 27.114
2018-09-19 13:48:36,945:INFO: [TRAIN] Step: 1163 ; Loss: 36.625 ; Acc: 27.133
2018-09-19 13:48:37,025:INFO: [TRAIN] Step: 1164 ; Loss: 35.954 ; Acc: 27.135
2018-09-19 13:48:37,109:INFO: [TRAIN] Step: 1165 ; Loss: 32.201 ; Acc: 27.158
2018-09-19 13:48:37,187:INFO: [TRAIN] Step: 1166 ; Loss: 33.025 ; Acc: 27.171
2018-09-19 13:48:37,267:INFO: [TRAIN] Step: 1167 ; Loss: 33.247 ; Acc: 27.183
2018-09-19 13:48:37,340:INFO: [TRAIN] Step: 1168 ; Loss: 33.077 ; Acc: 27.188
2018-09-19 13:48:37,421:INFO: [TRAIN] Step: 1169 ; Loss: 34.619 ; Acc: 27.194
2018-09-19 13:48:37,495:INFO: [TRAIN] Step: 1170 ; Loss: 32.205 ; Acc: 27.210
2018-09-19 13:48:37,579:INFO: [TRAIN] Step: 1171 ; Loss: 40.341 ; Acc: 27.226
2018-09-19 13:48:37,655:INFO: [TRAIN] Step: 1172 ; Loss: 33.278 ; Acc: 27.241
2018-09-19 13:48:37,736:INFO: [TRAIN] Step: 1173 ; Loss: 38.048 ; Acc: 27.250
2018-09-19 13:48:37,813:INFO: [TRAIN] Step: 1174 ; Loss: 31.936 ; Acc: 27.252
2018-09-19 13:48:37,895:INFO: [TRAIN] Step: 1175 ; Loss: 37.533 ; Acc: 27.260
2018-09-19 13:48:37,967:INFO: [TRAIN] Step: 1176 ; Loss: 32.718 ; Acc: 27.266
2018-09-19 13:48:38,047:INFO: [TRAIN] Step: 1177 ; Loss: 36.870 ; Acc: 27.271
2018-09-19 13:48:38,121:INFO: [TRAIN] Step: 1178 ; Loss: 33.880 ; Acc: 27.283
2018-09-19 13:48:38,203:INFO: [TRAIN] Step: 1179 ; Loss: 31.689 ; Acc: 27.288
2018-09-19 13:48:38,279:INFO: [TRAIN] Step: 1180 ; Loss: 33.646 ; Acc: 27.276
2018-09-19 13:48:38,360:INFO: [TRAIN] Step: 1181 ; Loss: 36.312 ; Acc: 27.270
2018-09-19 13:48:38,432:INFO: [TRAIN] Step: 1182 ; Loss: 36.127 ; Acc: 27.261
2018-09-19 13:48:38,513:INFO: [TRAIN] Step: 1183 ; Loss: 32.912 ; Acc: 27.270
2018-09-19 13:48:38,587:INFO: [TRAIN] Step: 1184 ; Loss: 33.010 ; Acc: 27.282
2018-09-19 13:48:38,669:INFO: [TRAIN] Step: 1185 ; Loss: 34.958 ; Acc: 27.291
2018-09-19 13:48:38,742:INFO: [TRAIN] Step: 1186 ; Loss: 34.005 ; Acc: 27.299
2018-09-19 13:48:38,825:INFO: [TRAIN] Step: 1187 ; Loss: 38.520 ; Acc: 27.301
2018-09-19 13:48:38,903:INFO: [TRAIN] Step: 1188 ; Loss: 34.592 ; Acc: 27.302
2018-09-19 13:48:38,984:INFO: [TRAIN] Step: 1189 ; Loss: 32.872 ; Acc: 27.314
2018-09-19 13:48:44,213:INFO: [EVAL] Step: 1190 ; Loss: 0.349 ; Acc: 0.364
