2018-09-19 14:31:03,979:INFO: ### Model ###
LeNet5(
  (convnet): Sequential(
    (0): Conv2d(1, 6, kernel_size=(5, 5), stride=(1, 1))
    (1): ReLU()
    (2): MaxPool2d(kernel_size=(2, 2), stride=2, padding=0, dilation=1, ceil_mode=False)
    (3): Conv2d(6, 16, kernel_size=(5, 5), stride=(1, 1))
    (4): ReLU()
    (5): MaxPool2d(kernel_size=(2, 2), stride=2, padding=0, dilation=1, ceil_mode=False)
    (6): Conv2d(16, 120, kernel_size=(5, 5), stride=(1, 1))
    (7): ReLU()
    (8): Conv2d(120, 240, kernel_size=(5, 5), stride=(1, 1))
    (9): ReLU()
  )
  (fc): Sequential(
    (0): Linear(in_features=240, out_features=84, bias=True)
    (1): ReLU()
    (2): Linear(in_features=84, out_features=10, bias=True)
  )
)
2018-09-19 14:31:03,979:INFO: ### Optimizer ###
Adam (
Parameter Group 0
    amsgrad: False
    betas: (0.9, 0.999)
    eps: 1e-08
    lr: 0.0005
    weight_decay: 0
)
2018-09-19 14:31:03,979:INFO: ### HParams ###
n_epochs: 1 ; data: ferplus ; label: ferplus_votes ; batch_size: 24 ; lr: 0.0005 ; wd: 0 ; eval_steps: 1190
2018-09-19 14:31:04,161:INFO: [TRAIN] Step: 0 ; Loss: 41.030 ; Acc: 0.000
2018-09-19 14:31:04,240:INFO: [TRAIN] Step: 1 ; Loss: 37.168 ; Acc: 10.417
2018-09-19 14:31:04,314:INFO: [TRAIN] Step: 2 ; Loss: 38.902 ; Acc: 15.278
2018-09-19 14:31:04,436:INFO: [TRAIN] Step: 3 ; Loss: 38.049 ; Acc: 21.875
2018-09-19 14:31:04,527:INFO: [TRAIN] Step: 4 ; Loss: 33.009 ; Acc: 27.500
2018-09-19 14:31:04,605:INFO: [TRAIN] Step: 5 ; Loss: 35.253 ; Acc: 27.778
2018-09-19 14:31:04,688:INFO: [TRAIN] Step: 6 ; Loss: 30.140 ; Acc: 28.571
2018-09-19 14:31:04,769:INFO: [TRAIN] Step: 7 ; Loss: 36.442 ; Acc: 29.688
2018-09-19 14:31:04,855:INFO: [TRAIN] Step: 8 ; Loss: 33.603 ; Acc: 29.630
2018-09-19 14:31:04,929:INFO: [TRAIN] Step: 9 ; Loss: 34.880 ; Acc: 29.583
2018-09-19 14:31:05,013:INFO: [TRAIN] Step: 10 ; Loss: 28.246 ; Acc: 31.818
2018-09-19 14:31:05,087:INFO: [TRAIN] Step: 11 ; Loss: 26.345 ; Acc: 32.639
2018-09-19 14:31:05,166:INFO: [TRAIN] Step: 12 ; Loss: 31.109 ; Acc: 32.051
2018-09-19 14:31:05,246:INFO: [TRAIN] Step: 13 ; Loss: 29.313 ; Acc: 31.250
2018-09-19 14:31:05,328:INFO: [TRAIN] Step: 14 ; Loss: 30.051 ; Acc: 30.556
2018-09-19 14:31:05,402:INFO: [TRAIN] Step: 15 ; Loss: 30.833 ; Acc: 29.688
2018-09-19 14:31:05,482:INFO: [TRAIN] Step: 16 ; Loss: 34.222 ; Acc: 30.147
2018-09-19 14:31:05,557:INFO: [TRAIN] Step: 17 ; Loss: 29.925 ; Acc: 31.481
2018-09-19 14:31:05,638:INFO: [TRAIN] Step: 18 ; Loss: 29.168 ; Acc: 31.579
2018-09-19 14:31:05,712:INFO: [TRAIN] Step: 19 ; Loss: 31.010 ; Acc: 31.667
2018-09-19 14:31:05,794:INFO: [TRAIN] Step: 20 ; Loss: 28.234 ; Acc: 31.746
2018-09-19 14:31:05,875:INFO: [TRAIN] Step: 21 ; Loss: 31.163 ; Acc: 31.818
2018-09-19 14:31:05,956:INFO: [TRAIN] Step: 22 ; Loss: 26.719 ; Acc: 31.703
2018-09-19 14:31:06,030:INFO: [TRAIN] Step: 23 ; Loss: 26.841 ; Acc: 32.118
2018-09-19 14:31:06,110:INFO: [TRAIN] Step: 24 ; Loss: 32.052 ; Acc: 31.833
2018-09-19 14:31:06,184:INFO: [TRAIN] Step: 25 ; Loss: 24.733 ; Acc: 32.372
2018-09-19 14:31:06,267:INFO: [TRAIN] Step: 26 ; Loss: 34.302 ; Acc: 32.099
2018-09-19 14:31:06,340:INFO: [TRAIN] Step: 27 ; Loss: 32.040 ; Acc: 31.696
2018-09-19 14:31:06,422:INFO: [TRAIN] Step: 28 ; Loss: 27.678 ; Acc: 31.178
2018-09-19 14:31:06,496:INFO: [TRAIN] Step: 29 ; Loss: 27.676 ; Acc: 31.389
2018-09-19 14:31:06,576:INFO: [TRAIN] Step: 30 ; Loss: 34.593 ; Acc: 31.183
2018-09-19 14:31:06,653:INFO: [TRAIN] Step: 31 ; Loss: 27.207 ; Acc: 31.250
2018-09-19 14:31:06,733:INFO: [TRAIN] Step: 32 ; Loss: 27.936 ; Acc: 31.439
2018-09-19 14:31:06,806:INFO: [TRAIN] Step: 33 ; Loss: 29.237 ; Acc: 32.108
2018-09-19 14:31:06,887:INFO: [TRAIN] Step: 34 ; Loss: 25.408 ; Acc: 32.024
2018-09-19 14:31:06,961:INFO: [TRAIN] Step: 35 ; Loss: 29.198 ; Acc: 31.597
2018-09-19 14:31:07,041:INFO: [TRAIN] Step: 36 ; Loss: 30.896 ; Acc: 31.532
2018-09-19 14:31:07,114:INFO: [TRAIN] Step: 37 ; Loss: 31.109 ; Acc: 31.469
2018-09-19 14:31:07,196:INFO: [TRAIN] Step: 38 ; Loss: 29.884 ; Acc: 31.731
2018-09-19 14:31:07,270:INFO: [TRAIN] Step: 39 ; Loss: 26.059 ; Acc: 32.188
2018-09-19 14:31:07,351:INFO: [TRAIN] Step: 40 ; Loss: 28.687 ; Acc: 32.114
2018-09-19 14:31:07,425:INFO: [TRAIN] Step: 41 ; Loss: 31.289 ; Acc: 32.242
2018-09-19 14:31:07,507:INFO: [TRAIN] Step: 42 ; Loss: 25.681 ; Acc: 32.267
2018-09-19 14:31:07,583:INFO: [TRAIN] Step: 43 ; Loss: 27.698 ; Acc: 32.481
2018-09-19 14:31:07,664:INFO: [TRAIN] Step: 44 ; Loss: 24.853 ; Acc: 32.778
2018-09-19 14:31:07,737:INFO: [TRAIN] Step: 45 ; Loss: 32.002 ; Acc: 32.699
2018-09-19 14:31:07,819:INFO: [TRAIN] Step: 46 ; Loss: 25.604 ; Acc: 32.890
2018-09-19 14:31:07,893:INFO: [TRAIN] Step: 47 ; Loss: 28.991 ; Acc: 32.986
2018-09-19 14:31:07,982:INFO: [TRAIN] Step: 48 ; Loss: 30.448 ; Acc: 33.078
2018-09-19 14:31:08,059:INFO: [TRAIN] Step: 49 ; Loss: 28.846 ; Acc: 33.167
2018-09-19 14:31:08,139:INFO: [TRAIN] Step: 50 ; Loss: 30.200 ; Acc: 33.170
2018-09-19 14:31:08,212:INFO: [TRAIN] Step: 51 ; Loss: 33.306 ; Acc: 33.013
2018-09-19 14:31:08,293:INFO: [TRAIN] Step: 52 ; Loss: 29.868 ; Acc: 33.097
2018-09-19 14:31:08,368:INFO: [TRAIN] Step: 53 ; Loss: 27.045 ; Acc: 33.410
2018-09-19 14:31:08,450:INFO: [TRAIN] Step: 54 ; Loss: 29.985 ; Acc: 33.333
2018-09-19 14:31:08,524:INFO: [TRAIN] Step: 55 ; Loss: 27.186 ; Acc: 33.631
2018-09-19 14:31:08,608:INFO: [TRAIN] Step: 56 ; Loss: 27.685 ; Acc: 33.699
2018-09-19 14:31:08,681:INFO: [TRAIN] Step: 57 ; Loss: 29.897 ; Acc: 33.693
2018-09-19 14:31:08,760:INFO: [TRAIN] Step: 58 ; Loss: 25.868 ; Acc: 33.898
2018-09-19 14:31:08,833:INFO: [TRAIN] Step: 59 ; Loss: 21.554 ; Acc: 34.236
2018-09-19 14:31:08,916:INFO: [TRAIN] Step: 60 ; Loss: 31.411 ; Acc: 34.221
2018-09-19 14:31:08,988:INFO: [TRAIN] Step: 61 ; Loss: 26.789 ; Acc: 34.073
2018-09-19 14:31:09,073:INFO: [TRAIN] Step: 62 ; Loss: 31.074 ; Acc: 34.193
2018-09-19 14:31:09,148:INFO: [TRAIN] Step: 63 ; Loss: 27.497 ; Acc: 34.245
2018-09-19 14:31:09,231:INFO: [TRAIN] Step: 64 ; Loss: 26.923 ; Acc: 34.615
2018-09-19 14:31:09,306:INFO: [TRAIN] Step: 65 ; Loss: 27.897 ; Acc: 34.785
2018-09-19 14:31:09,386:INFO: [TRAIN] Step: 66 ; Loss: 30.717 ; Acc: 34.826
2018-09-19 14:31:09,459:INFO: [TRAIN] Step: 67 ; Loss: 29.083 ; Acc: 35.049
2018-09-19 14:31:09,540:INFO: [TRAIN] Step: 68 ; Loss: 30.278 ; Acc: 34.964
2018-09-19 14:31:09,614:INFO: [TRAIN] Step: 69 ; Loss: 27.127 ; Acc: 35.179
2018-09-19 14:31:09,704:INFO: [TRAIN] Step: 70 ; Loss: 25.506 ; Acc: 35.387
2018-09-19 14:31:09,787:INFO: [TRAIN] Step: 71 ; Loss: 26.090 ; Acc: 35.532
2018-09-19 14:31:09,888:INFO: [TRAIN] Step: 72 ; Loss: 29.832 ; Acc: 35.674
2018-09-19 14:31:09,968:INFO: [TRAIN] Step: 73 ; Loss: 26.470 ; Acc: 35.867
2018-09-19 14:31:10,060:INFO: [TRAIN] Step: 74 ; Loss: 25.624 ; Acc: 35.889
2018-09-19 14:31:10,145:INFO: [TRAIN] Step: 75 ; Loss: 33.563 ; Acc: 35.800
2018-09-19 14:31:10,239:INFO: [TRAIN] Step: 76 ; Loss: 27.443 ; Acc: 35.714
2018-09-19 14:31:10,316:INFO: [TRAIN] Step: 77 ; Loss: 25.817 ; Acc: 35.737
2018-09-19 14:31:10,399:INFO: [TRAIN] Step: 78 ; Loss: 31.535 ; Acc: 35.865
2018-09-19 14:31:10,473:INFO: [TRAIN] Step: 79 ; Loss: 31.693 ; Acc: 35.729
2018-09-19 14:31:10,552:INFO: [TRAIN] Step: 80 ; Loss: 25.641 ; Acc: 35.751
2018-09-19 14:31:10,624:INFO: [TRAIN] Step: 81 ; Loss: 27.595 ; Acc: 35.823
2018-09-19 14:31:10,707:INFO: [TRAIN] Step: 82 ; Loss: 29.543 ; Acc: 35.793
2018-09-19 14:31:10,786:INFO: [TRAIN] Step: 83 ; Loss: 30.410 ; Acc: 35.665
2018-09-19 14:31:10,878:INFO: [TRAIN] Step: 84 ; Loss: 28.065 ; Acc: 35.588
2018-09-19 14:31:10,968:INFO: [TRAIN] Step: 85 ; Loss: 30.889 ; Acc: 35.514
2018-09-19 14:31:11,096:INFO: [TRAIN] Step: 86 ; Loss: 28.797 ; Acc: 35.489
2018-09-19 14:31:11,177:INFO: [TRAIN] Step: 87 ; Loss: 28.348 ; Acc: 35.464
2018-09-19 14:31:11,260:INFO: [TRAIN] Step: 88 ; Loss: 26.781 ; Acc: 35.346
2018-09-19 14:31:11,337:INFO: [TRAIN] Step: 89 ; Loss: 29.748 ; Acc: 35.324
2018-09-19 14:31:11,417:INFO: [TRAIN] Step: 90 ; Loss: 28.370 ; Acc: 35.302
2018-09-19 14:31:11,491:INFO: [TRAIN] Step: 91 ; Loss: 27.051 ; Acc: 35.417
2018-09-19 14:31:11,604:INFO: [TRAIN] Step: 92 ; Loss: 26.921 ; Acc: 35.484
2018-09-19 14:31:11,726:INFO: [TRAIN] Step: 93 ; Loss: 24.326 ; Acc: 35.594
2018-09-19 14:31:11,836:INFO: [TRAIN] Step: 94 ; Loss: 26.880 ; Acc: 35.614
2018-09-19 14:31:11,913:INFO: [TRAIN] Step: 95 ; Loss: 29.505 ; Acc: 35.460
2018-09-19 14:31:12,007:INFO: [TRAIN] Step: 96 ; Loss: 26.465 ; Acc: 35.481
2018-09-19 14:31:12,098:INFO: [TRAIN] Step: 97 ; Loss: 27.611 ; Acc: 35.629
2018-09-19 14:31:12,173:INFO: [TRAIN] Step: 98 ; Loss: 27.237 ; Acc: 35.522
2018-09-19 14:31:12,242:INFO: [TRAIN] Step: 99 ; Loss: 28.686 ; Acc: 35.417
2018-09-19 14:31:12,317:INFO: [TRAIN] Step: 100 ; Loss: 22.477 ; Acc: 35.644
2018-09-19 14:31:12,385:INFO: [TRAIN] Step: 101 ; Loss: 23.742 ; Acc: 35.703
2018-09-19 14:31:12,460:INFO: [TRAIN] Step: 102 ; Loss: 31.158 ; Acc: 35.599
2018-09-19 14:31:12,544:INFO: [TRAIN] Step: 103 ; Loss: 26.318 ; Acc: 35.737
2018-09-19 14:31:12,649:INFO: [TRAIN] Step: 104 ; Loss: 27.472 ; Acc: 35.754
2018-09-19 14:31:12,742:INFO: [TRAIN] Step: 105 ; Loss: 34.304 ; Acc: 35.692
2018-09-19 14:31:12,854:INFO: [TRAIN] Step: 106 ; Loss: 32.547 ; Acc: 35.631
2018-09-19 14:31:12,926:INFO: [TRAIN] Step: 107 ; Loss: 28.252 ; Acc: 35.571
2018-09-19 14:31:13,006:INFO: [TRAIN] Step: 108 ; Loss: 29.371 ; Acc: 35.589
2018-09-19 14:31:13,091:INFO: [TRAIN] Step: 109 ; Loss: 27.108 ; Acc: 35.682
2018-09-19 14:31:13,200:INFO: [TRAIN] Step: 110 ; Loss: 27.065 ; Acc: 35.586
2018-09-19 14:31:13,278:INFO: [TRAIN] Step: 111 ; Loss: 30.445 ; Acc: 35.491
2018-09-19 14:31:13,362:INFO: [TRAIN] Step: 112 ; Loss: 30.317 ; Acc: 35.398
2018-09-19 14:31:13,439:INFO: [TRAIN] Step: 113 ; Loss: 28.457 ; Acc: 35.197
2018-09-19 14:31:13,527:INFO: [TRAIN] Step: 114 ; Loss: 27.481 ; Acc: 35.217
2018-09-19 14:31:13,599:INFO: [TRAIN] Step: 115 ; Loss: 29.780 ; Acc: 35.309
2018-09-19 14:31:13,678:INFO: [TRAIN] Step: 116 ; Loss: 30.145 ; Acc: 35.328
2018-09-19 14:31:13,758:INFO: [TRAIN] Step: 117 ; Loss: 24.675 ; Acc: 35.417
2018-09-19 14:31:13,837:INFO: [TRAIN] Step: 118 ; Loss: 28.099 ; Acc: 35.364
2018-09-19 14:31:13,911:INFO: [TRAIN] Step: 119 ; Loss: 27.571 ; Acc: 35.347
2018-09-19 14:31:13,986:INFO: [TRAIN] Step: 120 ; Loss: 24.967 ; Acc: 35.434
2018-09-19 14:31:14,059:INFO: [TRAIN] Step: 121 ; Loss: 24.598 ; Acc: 35.553
2018-09-19 14:31:14,133:INFO: [TRAIN] Step: 122 ; Loss: 26.424 ; Acc: 35.467
2018-09-19 14:31:14,205:INFO: [TRAIN] Step: 123 ; Loss: 23.849 ; Acc: 35.585
2018-09-19 14:31:14,280:INFO: [TRAIN] Step: 124 ; Loss: 27.571 ; Acc: 35.600
2018-09-19 14:31:14,364:INFO: [TRAIN] Step: 125 ; Loss: 26.975 ; Acc: 35.615
2018-09-19 14:31:14,442:INFO: [TRAIN] Step: 126 ; Loss: 24.537 ; Acc: 35.761
2018-09-19 14:31:14,515:INFO: [TRAIN] Step: 127 ; Loss: 30.520 ; Acc: 35.742
2018-09-19 14:31:14,594:INFO: [TRAIN] Step: 128 ; Loss: 31.710 ; Acc: 35.659
2018-09-19 14:31:14,666:INFO: [TRAIN] Step: 129 ; Loss: 26.311 ; Acc: 35.673
2018-09-19 14:31:14,743:INFO: [TRAIN] Step: 130 ; Loss: 29.746 ; Acc: 35.623
2018-09-19 14:31:14,816:INFO: [TRAIN] Step: 131 ; Loss: 26.241 ; Acc: 35.638
2018-09-19 14:31:14,890:INFO: [TRAIN] Step: 132 ; Loss: 29.869 ; Acc: 35.746
2018-09-19 14:31:14,959:INFO: [TRAIN] Step: 133 ; Loss: 29.430 ; Acc: 35.790
2018-09-19 14:31:15,035:INFO: [TRAIN] Step: 134 ; Loss: 29.526 ; Acc: 35.741
2018-09-19 14:31:15,104:INFO: [TRAIN] Step: 135 ; Loss: 28.019 ; Acc: 35.846
2018-09-19 14:31:15,178:INFO: [TRAIN] Step: 136 ; Loss: 30.408 ; Acc: 35.858
2018-09-19 14:31:15,251:INFO: [TRAIN] Step: 137 ; Loss: 27.694 ; Acc: 35.960
2018-09-19 14:31:15,327:INFO: [TRAIN] Step: 138 ; Loss: 30.092 ; Acc: 35.971
2018-09-19 14:31:15,398:INFO: [TRAIN] Step: 139 ; Loss: 27.112 ; Acc: 36.101
2018-09-19 14:31:15,473:INFO: [TRAIN] Step: 140 ; Loss: 23.903 ; Acc: 36.229
2018-09-19 14:31:15,545:INFO: [TRAIN] Step: 141 ; Loss: 28.820 ; Acc: 36.268
2018-09-19 14:31:15,619:INFO: [TRAIN] Step: 142 ; Loss: 31.644 ; Acc: 36.305
2018-09-19 14:31:15,691:INFO: [TRAIN] Step: 143 ; Loss: 27.521 ; Acc: 36.400
2018-09-19 14:31:15,765:INFO: [TRAIN] Step: 144 ; Loss: 24.534 ; Acc: 36.437
2018-09-19 14:31:15,837:INFO: [TRAIN] Step: 145 ; Loss: 28.283 ; Acc: 36.444
2018-09-19 14:31:15,913:INFO: [TRAIN] Step: 146 ; Loss: 27.125 ; Acc: 36.593
2018-09-19 14:31:15,983:INFO: [TRAIN] Step: 147 ; Loss: 26.574 ; Acc: 36.655
2018-09-19 14:31:16,058:INFO: [TRAIN] Step: 148 ; Loss: 30.724 ; Acc: 36.717
2018-09-19 14:31:16,130:INFO: [TRAIN] Step: 149 ; Loss: 32.604 ; Acc: 36.722
2018-09-19 14:31:16,205:INFO: [TRAIN] Step: 150 ; Loss: 29.155 ; Acc: 36.783
2018-09-19 14:31:16,275:INFO: [TRAIN] Step: 151 ; Loss: 32.226 ; Acc: 36.787
2018-09-19 14:31:16,353:INFO: [TRAIN] Step: 152 ; Loss: 27.329 ; Acc: 36.819
2018-09-19 14:31:16,428:INFO: [TRAIN] Step: 153 ; Loss: 27.712 ; Acc: 36.905
2018-09-19 14:31:16,508:INFO: [TRAIN] Step: 154 ; Loss: 25.924 ; Acc: 37.043
2018-09-19 14:31:16,579:INFO: [TRAIN] Step: 155 ; Loss: 28.550 ; Acc: 37.179
2018-09-19 14:31:16,659:INFO: [TRAIN] Step: 156 ; Loss: 29.845 ; Acc: 37.208
2018-09-19 14:31:16,735:INFO: [TRAIN] Step: 157 ; Loss: 28.288 ; Acc: 37.236
2018-09-19 14:31:16,816:INFO: [TRAIN] Step: 158 ; Loss: 27.856 ; Acc: 37.290
2018-09-19 14:31:16,889:INFO: [TRAIN] Step: 159 ; Loss: 26.698 ; Acc: 37.266
2018-09-19 14:31:16,970:INFO: [TRAIN] Step: 160 ; Loss: 26.668 ; Acc: 37.267
2018-09-19 14:31:17,047:INFO: [TRAIN] Step: 161 ; Loss: 27.269 ; Acc: 37.269
2018-09-19 14:31:17,123:INFO: [TRAIN] Step: 162 ; Loss: 25.056 ; Acc: 37.321
2018-09-19 14:31:17,195:INFO: [TRAIN] Step: 163 ; Loss: 27.719 ; Acc: 37.297
2018-09-19 14:31:17,270:INFO: [TRAIN] Step: 164 ; Loss: 26.918 ; Acc: 37.348
2018-09-19 14:31:17,342:INFO: [TRAIN] Step: 165 ; Loss: 28.248 ; Acc: 37.374
2018-09-19 14:31:17,419:INFO: [TRAIN] Step: 166 ; Loss: 28.229 ; Acc: 37.350
2018-09-19 14:31:17,491:INFO: [TRAIN] Step: 167 ; Loss: 23.175 ; Acc: 37.426
2018-09-19 14:31:17,566:INFO: [TRAIN] Step: 168 ; Loss: 23.751 ; Acc: 37.500
2018-09-19 14:31:17,641:INFO: [TRAIN] Step: 169 ; Loss: 24.279 ; Acc: 37.475
2018-09-19 14:31:17,721:INFO: [TRAIN] Step: 170 ; Loss: 26.032 ; Acc: 37.622
2018-09-19 14:31:17,794:INFO: [TRAIN] Step: 171 ; Loss: 26.954 ; Acc: 37.694
2018-09-19 14:31:17,882:INFO: [TRAIN] Step: 172 ; Loss: 25.187 ; Acc: 37.669
2018-09-19 14:31:17,956:INFO: [TRAIN] Step: 173 ; Loss: 27.384 ; Acc: 37.620
2018-09-19 14:31:18,036:INFO: [TRAIN] Step: 174 ; Loss: 27.867 ; Acc: 37.619
2018-09-19 14:31:18,111:INFO: [TRAIN] Step: 175 ; Loss: 24.480 ; Acc: 37.689
2018-09-19 14:31:18,193:INFO: [TRAIN] Step: 176 ; Loss: 24.407 ; Acc: 37.665
2018-09-19 14:31:18,266:INFO: [TRAIN] Step: 177 ; Loss: 28.300 ; Acc: 37.687
2018-09-19 14:31:18,341:INFO: [TRAIN] Step: 178 ; Loss: 20.080 ; Acc: 37.779
2018-09-19 14:31:18,412:INFO: [TRAIN] Step: 179 ; Loss: 23.246 ; Acc: 37.778
2018-09-19 14:31:18,487:INFO: [TRAIN] Step: 180 ; Loss: 24.103 ; Acc: 37.822
2018-09-19 14:31:18,559:INFO: [TRAIN] Step: 181 ; Loss: 22.559 ; Acc: 37.935
2018-09-19 14:31:18,640:INFO: [TRAIN] Step: 182 ; Loss: 31.494 ; Acc: 37.887
2018-09-19 14:31:18,711:INFO: [TRAIN] Step: 183 ; Loss: 26.524 ; Acc: 37.862
2018-09-19 14:31:18,787:INFO: [TRAIN] Step: 184 ; Loss: 28.728 ; Acc: 37.838
2018-09-19 14:31:18,856:INFO: [TRAIN] Step: 185 ; Loss: 22.632 ; Acc: 37.948
2018-09-19 14:31:18,932:INFO: [TRAIN] Step: 186 ; Loss: 26.631 ; Acc: 38.035
2018-09-19 14:31:19,001:INFO: [TRAIN] Step: 187 ; Loss: 26.977 ; Acc: 38.165
2018-09-19 14:31:19,079:INFO: [TRAIN] Step: 188 ; Loss: 32.299 ; Acc: 38.139
2018-09-19 14:31:19,148:INFO: [TRAIN] Step: 189 ; Loss: 24.370 ; Acc: 38.224
2018-09-19 14:31:19,221:INFO: [TRAIN] Step: 190 ; Loss: 20.283 ; Acc: 38.373
2018-09-19 14:31:19,291:INFO: [TRAIN] Step: 191 ; Loss: 22.741 ; Acc: 38.477
2018-09-19 14:31:19,364:INFO: [TRAIN] Step: 192 ; Loss: 30.016 ; Acc: 38.428
2018-09-19 14:31:19,436:INFO: [TRAIN] Step: 193 ; Loss: 25.171 ; Acc: 38.445
2018-09-19 14:31:19,511:INFO: [TRAIN] Step: 194 ; Loss: 26.374 ; Acc: 38.419
2018-09-19 14:31:19,581:INFO: [TRAIN] Step: 195 ; Loss: 26.767 ; Acc: 38.499
2018-09-19 14:31:19,657:INFO: [TRAIN] Step: 196 ; Loss: 24.037 ; Acc: 38.579
2018-09-19 14:31:19,728:INFO: [TRAIN] Step: 197 ; Loss: 30.082 ; Acc: 38.573
2018-09-19 14:31:19,803:INFO: [TRAIN] Step: 198 ; Loss: 24.371 ; Acc: 38.568
2018-09-19 14:31:19,874:INFO: [TRAIN] Step: 199 ; Loss: 22.528 ; Acc: 38.667
2018-09-19 14:31:19,952:INFO: [TRAIN] Step: 200 ; Loss: 28.334 ; Acc: 38.702
2018-09-19 14:31:20,024:INFO: [TRAIN] Step: 201 ; Loss: 26.499 ; Acc: 38.758
2018-09-19 14:31:20,100:INFO: [TRAIN] Step: 202 ; Loss: 23.555 ; Acc: 38.793
2018-09-19 14:31:20,171:INFO: [TRAIN] Step: 203 ; Loss: 24.256 ; Acc: 38.807
2018-09-19 14:31:20,252:INFO: [TRAIN] Step: 204 ; Loss: 27.082 ; Acc: 38.862
2018-09-19 14:31:20,326:INFO: [TRAIN] Step: 205 ; Loss: 28.434 ; Acc: 38.875
2018-09-19 14:31:20,405:INFO: [TRAIN] Step: 206 ; Loss: 22.388 ; Acc: 38.969
2018-09-19 14:31:20,480:INFO: [TRAIN] Step: 207 ; Loss: 30.197 ; Acc: 38.942
2018-09-19 14:31:20,559:INFO: [TRAIN] Step: 208 ; Loss: 26.587 ; Acc: 38.995
2018-09-19 14:31:20,634:INFO: [TRAIN] Step: 209 ; Loss: 25.994 ; Acc: 39.008
2018-09-19 14:31:20,714:INFO: [TRAIN] Step: 210 ; Loss: 26.936 ; Acc: 39.021
2018-09-19 14:31:20,786:INFO: [TRAIN] Step: 211 ; Loss: 22.376 ; Acc: 39.072
2018-09-19 14:31:20,863:INFO: [TRAIN] Step: 212 ; Loss: 22.113 ; Acc: 39.104
2018-09-19 14:31:20,933:INFO: [TRAIN] Step: 213 ; Loss: 27.186 ; Acc: 39.174
2018-09-19 14:31:21,009:INFO: [TRAIN] Step: 214 ; Loss: 25.820 ; Acc: 39.205
2018-09-19 14:31:21,081:INFO: [TRAIN] Step: 215 ; Loss: 26.154 ; Acc: 39.236
2018-09-19 14:31:21,163:INFO: [TRAIN] Step: 216 ; Loss: 32.358 ; Acc: 39.190
2018-09-19 14:31:21,239:INFO: [TRAIN] Step: 217 ; Loss: 27.736 ; Acc: 39.182
2018-09-19 14:31:21,319:INFO: [TRAIN] Step: 218 ; Loss: 25.903 ; Acc: 39.212
2018-09-19 14:31:21,390:INFO: [TRAIN] Step: 219 ; Loss: 28.942 ; Acc: 39.261
2018-09-19 14:31:21,464:INFO: [TRAIN] Step: 220 ; Loss: 27.290 ; Acc: 39.253
2018-09-19 14:31:21,536:INFO: [TRAIN] Step: 221 ; Loss: 29.501 ; Acc: 39.245
2018-09-19 14:31:21,613:INFO: [TRAIN] Step: 222 ; Loss: 23.884 ; Acc: 39.312
2018-09-19 14:31:21,688:INFO: [TRAIN] Step: 223 ; Loss: 26.252 ; Acc: 39.342
2018-09-19 14:31:21,767:INFO: [TRAIN] Step: 224 ; Loss: 27.978 ; Acc: 39.370
2018-09-19 14:31:21,844:INFO: [TRAIN] Step: 225 ; Loss: 23.704 ; Acc: 39.399
2018-09-19 14:31:21,921:INFO: [TRAIN] Step: 226 ; Loss: 24.316 ; Acc: 39.464
2018-09-19 14:31:21,995:INFO: [TRAIN] Step: 227 ; Loss: 28.048 ; Acc: 39.455
2018-09-19 14:31:22,074:INFO: [TRAIN] Step: 228 ; Loss: 30.198 ; Acc: 39.410
2018-09-19 14:31:22,145:INFO: [TRAIN] Step: 229 ; Loss: 25.264 ; Acc: 39.457
2018-09-19 14:31:22,223:INFO: [TRAIN] Step: 230 ; Loss: 24.191 ; Acc: 39.538
2018-09-19 14:31:22,296:INFO: [TRAIN] Step: 231 ; Loss: 28.764 ; Acc: 39.583
2018-09-19 14:31:22,374:INFO: [TRAIN] Step: 232 ; Loss: 29.275 ; Acc: 39.646
2018-09-19 14:31:22,446:INFO: [TRAIN] Step: 233 ; Loss: 25.678 ; Acc: 39.672
2018-09-19 14:31:22,526:INFO: [TRAIN] Step: 234 ; Loss: 22.623 ; Acc: 39.770
2018-09-19 14:31:22,598:INFO: [TRAIN] Step: 235 ; Loss: 24.068 ; Acc: 39.795
2018-09-19 14:31:22,674:INFO: [TRAIN] Step: 236 ; Loss: 22.851 ; Acc: 39.786
2018-09-19 14:31:22,745:INFO: [TRAIN] Step: 237 ; Loss: 24.877 ; Acc: 39.811
2018-09-19 14:31:22,823:INFO: [TRAIN] Step: 238 ; Loss: 26.506 ; Acc: 39.836
2018-09-19 14:31:22,895:INFO: [TRAIN] Step: 239 ; Loss: 23.383 ; Acc: 39.913
2018-09-19 14:31:22,973:INFO: [TRAIN] Step: 240 ; Loss: 30.283 ; Acc: 39.920
2018-09-19 14:31:23,041:INFO: [TRAIN] Step: 241 ; Loss: 23.096 ; Acc: 39.910
2018-09-19 14:31:23,116:INFO: [TRAIN] Step: 242 ; Loss: 27.881 ; Acc: 39.901
2018-09-19 14:31:23,187:INFO: [TRAIN] Step: 243 ; Loss: 26.113 ; Acc: 39.942
2018-09-19 14:31:23,262:INFO: [TRAIN] Step: 244 ; Loss: 23.690 ; Acc: 40.017
2018-09-19 14:31:23,334:INFO: [TRAIN] Step: 245 ; Loss: 26.612 ; Acc: 40.041
2018-09-19 14:31:23,407:INFO: [TRAIN] Step: 246 ; Loss: 23.374 ; Acc: 40.098
2018-09-19 14:31:23,479:INFO: [TRAIN] Step: 247 ; Loss: 27.646 ; Acc: 40.121
2018-09-19 14:31:23,556:INFO: [TRAIN] Step: 248 ; Loss: 26.390 ; Acc: 40.094
2018-09-19 14:31:23,626:INFO: [TRAIN] Step: 249 ; Loss: 23.541 ; Acc: 40.117
2018-09-19 14:31:23,700:INFO: [TRAIN] Step: 250 ; Loss: 21.851 ; Acc: 40.222
2018-09-19 14:31:23,769:INFO: [TRAIN] Step: 251 ; Loss: 25.611 ; Acc: 40.278
2018-09-19 14:31:23,845:INFO: [TRAIN] Step: 252 ; Loss: 27.016 ; Acc: 40.283
2018-09-19 14:31:23,915:INFO: [TRAIN] Step: 253 ; Loss: 24.569 ; Acc: 40.305
2018-09-19 14:31:23,990:INFO: [TRAIN] Step: 254 ; Loss: 26.264 ; Acc: 40.327
2018-09-19 14:31:24,066:INFO: [TRAIN] Step: 255 ; Loss: 32.126 ; Acc: 40.365
2018-09-19 14:31:24,147:INFO: [TRAIN] Step: 256 ; Loss: 26.480 ; Acc: 40.370
2018-09-19 14:31:24,225:INFO: [TRAIN] Step: 257 ; Loss: 21.620 ; Acc: 40.455
2018-09-19 14:31:24,308:INFO: [TRAIN] Step: 258 ; Loss: 25.559 ; Acc: 40.428
2018-09-19 14:31:24,384:INFO: [TRAIN] Step: 259 ; Loss: 21.042 ; Acc: 40.481
2018-09-19 14:31:24,473:INFO: [TRAIN] Step: 260 ; Loss: 25.995 ; Acc: 40.549
2018-09-19 14:31:24,549:INFO: [TRAIN] Step: 261 ; Loss: 23.613 ; Acc: 40.569
2018-09-19 14:31:24,636:INFO: [TRAIN] Step: 262 ; Loss: 23.132 ; Acc: 40.605
2018-09-19 14:31:24,713:INFO: [TRAIN] Step: 263 ; Loss: 22.479 ; Acc: 40.625
2018-09-19 14:31:24,795:INFO: [TRAIN] Step: 264 ; Loss: 24.701 ; Acc: 40.660
2018-09-19 14:31:24,867:INFO: [TRAIN] Step: 265 ; Loss: 22.805 ; Acc: 40.727
2018-09-19 14:31:24,943:INFO: [TRAIN] Step: 266 ; Loss: 26.051 ; Acc: 40.746
2018-09-19 14:31:25,014:INFO: [TRAIN] Step: 267 ; Loss: 25.271 ; Acc: 40.780
2018-09-19 14:31:25,096:INFO: [TRAIN] Step: 268 ; Loss: 24.415 ; Acc: 40.737
2018-09-19 14:31:25,172:INFO: [TRAIN] Step: 269 ; Loss: 25.155 ; Acc: 40.802
2018-09-19 14:31:25,250:INFO: [TRAIN] Step: 270 ; Loss: 28.104 ; Acc: 40.821
2018-09-19 14:31:25,325:INFO: [TRAIN] Step: 271 ; Loss: 27.262 ; Acc: 40.870
2018-09-19 14:31:25,401:INFO: [TRAIN] Step: 272 ; Loss: 24.570 ; Acc: 40.858
2018-09-19 14:31:25,471:INFO: [TRAIN] Step: 273 ; Loss: 22.952 ; Acc: 40.815
2018-09-19 14:31:25,546:INFO: [TRAIN] Step: 274 ; Loss: 28.683 ; Acc: 40.788
2018-09-19 14:31:25,617:INFO: [TRAIN] Step: 275 ; Loss: 24.172 ; Acc: 40.882
2018-09-19 14:31:25,692:INFO: [TRAIN] Step: 276 ; Loss: 23.113 ; Acc: 40.960
2018-09-19 14:31:25,764:INFO: [TRAIN] Step: 277 ; Loss: 24.616 ; Acc: 41.007
2018-09-19 14:31:25,841:INFO: [TRAIN] Step: 278 ; Loss: 30.430 ; Acc: 40.965
2018-09-19 14:31:25,911:INFO: [TRAIN] Step: 279 ; Loss: 21.888 ; Acc: 40.967
2018-09-19 14:31:25,984:INFO: [TRAIN] Step: 280 ; Loss: 30.301 ; Acc: 40.985
2018-09-19 14:31:26,055:INFO: [TRAIN] Step: 281 ; Loss: 31.478 ; Acc: 40.972
2018-09-19 14:31:26,131:INFO: [TRAIN] Step: 282 ; Loss: 23.156 ; Acc: 40.989
2018-09-19 14:31:26,202:INFO: [TRAIN] Step: 283 ; Loss: 28.124 ; Acc: 41.021
2018-09-19 14:31:26,275:INFO: [TRAIN] Step: 284 ; Loss: 28.387 ; Acc: 41.009
2018-09-19 14:31:26,345:INFO: [TRAIN] Step: 285 ; Loss: 24.191 ; Acc: 40.997
2018-09-19 14:31:26,420:INFO: [TRAIN] Step: 286 ; Loss: 25.652 ; Acc: 40.984
2018-09-19 14:31:26,490:INFO: [TRAIN] Step: 287 ; Loss: 31.604 ; Acc: 40.972
2018-09-19 14:31:26,564:INFO: [TRAIN] Step: 288 ; Loss: 23.233 ; Acc: 41.003
2018-09-19 14:31:26,635:INFO: [TRAIN] Step: 289 ; Loss: 26.497 ; Acc: 40.977
2018-09-19 14:31:26,709:INFO: [TRAIN] Step: 290 ; Loss: 21.661 ; Acc: 41.037
2018-09-19 14:31:26,779:INFO: [TRAIN] Step: 291 ; Loss: 25.374 ; Acc: 41.067
2018-09-19 14:31:26,859:INFO: [TRAIN] Step: 292 ; Loss: 23.782 ; Acc: 41.112
2018-09-19 14:31:26,934:INFO: [TRAIN] Step: 293 ; Loss: 22.284 ; Acc: 41.171
2018-09-19 14:31:27,015:INFO: [TRAIN] Step: 294 ; Loss: 21.643 ; Acc: 41.257
2018-09-19 14:31:27,094:INFO: [TRAIN] Step: 295 ; Loss: 21.962 ; Acc: 41.287
2018-09-19 14:31:27,176:INFO: [TRAIN] Step: 296 ; Loss: 25.435 ; Acc: 41.358
2018-09-19 14:31:27,252:INFO: [TRAIN] Step: 297 ; Loss: 25.183 ; Acc: 41.387
2018-09-19 14:31:27,338:INFO: [TRAIN] Step: 298 ; Loss: 25.409 ; Acc: 41.402
2018-09-19 14:31:27,418:INFO: [TRAIN] Step: 299 ; Loss: 28.332 ; Acc: 41.403
2018-09-19 14:31:27,496:INFO: [TRAIN] Step: 300 ; Loss: 23.073 ; Acc: 41.404
2018-09-19 14:31:27,569:INFO: [TRAIN] Step: 301 ; Loss: 17.848 ; Acc: 41.515
2018-09-19 14:31:27,644:INFO: [TRAIN] Step: 302 ; Loss: 25.855 ; Acc: 41.543
2018-09-19 14:31:27,715:INFO: [TRAIN] Step: 303 ; Loss: 20.420 ; Acc: 41.543
2018-09-19 14:31:27,792:INFO: [TRAIN] Step: 304 ; Loss: 28.116 ; Acc: 41.530
2018-09-19 14:31:27,869:INFO: [TRAIN] Step: 305 ; Loss: 25.788 ; Acc: 41.571
2018-09-19 14:31:27,965:INFO: [TRAIN] Step: 306 ; Loss: 28.578 ; Acc: 41.626
2018-09-19 14:31:28,039:INFO: [TRAIN] Step: 307 ; Loss: 26.599 ; Acc: 41.626
2018-09-19 14:31:28,126:INFO: [TRAIN] Step: 308 ; Loss: 20.548 ; Acc: 41.694
2018-09-19 14:31:28,215:INFO: [TRAIN] Step: 309 ; Loss: 24.969 ; Acc: 41.694
2018-09-19 14:31:28,335:INFO: [TRAIN] Step: 310 ; Loss: 23.121 ; Acc: 41.680
2018-09-19 14:31:28,455:INFO: [TRAIN] Step: 311 ; Loss: 23.313 ; Acc: 41.680
2018-09-19 14:31:28,565:INFO: [TRAIN] Step: 312 ; Loss: 24.684 ; Acc: 41.693
2018-09-19 14:31:28,648:INFO: [TRAIN] Step: 313 ; Loss: 28.100 ; Acc: 41.706
2018-09-19 14:31:28,730:INFO: [TRAIN] Step: 314 ; Loss: 21.814 ; Acc: 41.772
2018-09-19 14:31:28,808:INFO: [TRAIN] Step: 315 ; Loss: 21.958 ; Acc: 41.799
2018-09-19 14:31:28,891:INFO: [TRAIN] Step: 316 ; Loss: 21.895 ; Acc: 41.811
2018-09-19 14:31:28,981:INFO: [TRAIN] Step: 317 ; Loss: 21.219 ; Acc: 41.876
2018-09-19 14:31:29,060:INFO: [TRAIN] Step: 318 ; Loss: 25.059 ; Acc: 41.902
2018-09-19 14:31:29,132:INFO: [TRAIN] Step: 319 ; Loss: 22.685 ; Acc: 41.927
2018-09-19 14:31:29,206:INFO: [TRAIN] Step: 320 ; Loss: 26.048 ; Acc: 41.926
2018-09-19 14:31:29,277:INFO: [TRAIN] Step: 321 ; Loss: 20.731 ; Acc: 41.964
2018-09-19 14:31:29,354:INFO: [TRAIN] Step: 322 ; Loss: 21.544 ; Acc: 42.002
2018-09-19 14:31:29,426:INFO: [TRAIN] Step: 323 ; Loss: 19.039 ; Acc: 42.065
2018-09-19 14:31:29,509:INFO: [TRAIN] Step: 324 ; Loss: 25.382 ; Acc: 42.064
2018-09-19 14:31:29,584:INFO: [TRAIN] Step: 325 ; Loss: 22.776 ; Acc: 42.114
2018-09-19 14:31:29,663:INFO: [TRAIN] Step: 326 ; Loss: 25.868 ; Acc: 42.125
2018-09-19 14:31:29,734:INFO: [TRAIN] Step: 327 ; Loss: 25.668 ; Acc: 42.124
2018-09-19 14:31:29,811:INFO: [TRAIN] Step: 328 ; Loss: 21.062 ; Acc: 42.186
2018-09-19 14:31:29,886:INFO: [TRAIN] Step: 329 ; Loss: 20.000 ; Acc: 42.235
2018-09-19 14:31:29,991:INFO: [TRAIN] Step: 330 ; Loss: 24.433 ; Acc: 42.258
2018-09-19 14:31:30,088:INFO: [TRAIN] Step: 331 ; Loss: 27.484 ; Acc: 42.294
2018-09-19 14:31:30,194:INFO: [TRAIN] Step: 332 ; Loss: 27.726 ; Acc: 42.317
2018-09-19 14:31:30,283:INFO: [TRAIN] Step: 333 ; Loss: 28.640 ; Acc: 42.290
2018-09-19 14:31:30,397:INFO: [TRAIN] Step: 334 ; Loss: 23.100 ; Acc: 42.313
2018-09-19 14:31:30,479:INFO: [TRAIN] Step: 335 ; Loss: 19.428 ; Acc: 42.398
2018-09-19 14:31:30,573:INFO: [TRAIN] Step: 336 ; Loss: 25.892 ; Acc: 42.433
2018-09-19 14:31:30,661:INFO: [TRAIN] Step: 337 ; Loss: 30.417 ; Acc: 42.394
2018-09-19 14:31:30,740:INFO: [TRAIN] Step: 338 ; Loss: 22.884 ; Acc: 42.453
2018-09-19 14:31:30,835:INFO: [TRAIN] Step: 339 ; Loss: 24.435 ; Acc: 42.500
2018-09-19 14:31:30,947:INFO: [TRAIN] Step: 340 ; Loss: 25.975 ; Acc: 42.522
2018-09-19 14:31:31,038:INFO: [TRAIN] Step: 341 ; Loss: 23.469 ; Acc: 42.593
2018-09-19 14:31:31,128:INFO: [TRAIN] Step: 342 ; Loss: 21.716 ; Acc: 42.638
2018-09-19 14:31:31,209:INFO: [TRAIN] Step: 343 ; Loss: 22.091 ; Acc: 42.696
2018-09-19 14:31:31,300:INFO: [TRAIN] Step: 344 ; Loss: 21.156 ; Acc: 42.729
2018-09-19 14:31:31,376:INFO: [TRAIN] Step: 345 ; Loss: 28.382 ; Acc: 42.738
2018-09-19 14:31:31,494:INFO: [TRAIN] Step: 346 ; Loss: 22.435 ; Acc: 42.759
2018-09-19 14:31:31,593:INFO: [TRAIN] Step: 347 ; Loss: 19.934 ; Acc: 42.780
2018-09-19 14:31:31,699:INFO: [TRAIN] Step: 348 ; Loss: 24.795 ; Acc: 42.777
2018-09-19 14:31:31,801:INFO: [TRAIN] Step: 349 ; Loss: 19.988 ; Acc: 42.810
2018-09-19 14:31:31,891:INFO: [TRAIN] Step: 350 ; Loss: 24.081 ; Acc: 42.806
2018-09-19 14:31:31,966:INFO: [TRAIN] Step: 351 ; Loss: 24.339 ; Acc: 42.850
2018-09-19 14:31:32,041:INFO: [TRAIN] Step: 352 ; Loss: 23.741 ; Acc: 42.859
2018-09-19 14:31:32,112:INFO: [TRAIN] Step: 353 ; Loss: 26.162 ; Acc: 42.844
2018-09-19 14:31:32,194:INFO: [TRAIN] Step: 354 ; Loss: 18.904 ; Acc: 42.911
2018-09-19 14:31:32,265:INFO: [TRAIN] Step: 355 ; Loss: 24.568 ; Acc: 42.942
2018-09-19 14:31:32,341:INFO: [TRAIN] Step: 356 ; Loss: 25.678 ; Acc: 42.939
2018-09-19 14:31:32,419:INFO: [TRAIN] Step: 357 ; Loss: 22.904 ; Acc: 42.947
2018-09-19 14:31:32,499:INFO: [TRAIN] Step: 358 ; Loss: 25.854 ; Acc: 42.990
2018-09-19 14:31:32,579:INFO: [TRAIN] Step: 359 ; Loss: 24.081 ; Acc: 43.009
2018-09-19 14:31:32,661:INFO: [TRAIN] Step: 360 ; Loss: 23.622 ; Acc: 43.052
2018-09-19 14:31:32,735:INFO: [TRAIN] Step: 361 ; Loss: 19.147 ; Acc: 43.105
2018-09-19 14:31:32,811:INFO: [TRAIN] Step: 362 ; Loss: 24.766 ; Acc: 43.113
2018-09-19 14:31:32,883:INFO: [TRAIN] Step: 363 ; Loss: 28.790 ; Acc: 43.109
2018-09-19 14:31:32,965:INFO: [TRAIN] Step: 364 ; Loss: 22.616 ; Acc: 43.116
2018-09-19 14:31:33,060:INFO: [TRAIN] Step: 365 ; Loss: 23.233 ; Acc: 43.181
2018-09-19 14:31:33,157:INFO: [TRAIN] Step: 366 ; Loss: 24.077 ; Acc: 43.165
2018-09-19 14:31:33,238:INFO: [TRAIN] Step: 367 ; Loss: 25.014 ; Acc: 43.184
2018-09-19 14:31:33,320:INFO: [TRAIN] Step: 368 ; Loss: 23.181 ; Acc: 43.202
2018-09-19 14:31:33,395:INFO: [TRAIN] Step: 369 ; Loss: 20.241 ; Acc: 43.243
2018-09-19 14:31:33,470:INFO: [TRAIN] Step: 370 ; Loss: 21.991 ; Acc: 43.261
2018-09-19 14:31:33,542:INFO: [TRAIN] Step: 371 ; Loss: 24.626 ; Acc: 43.302
2018-09-19 14:31:33,616:INFO: [TRAIN] Step: 372 ; Loss: 21.381 ; Acc: 43.298
2018-09-19 14:31:33,687:INFO: [TRAIN] Step: 373 ; Loss: 30.040 ; Acc: 43.282
2018-09-19 14:31:33,760:INFO: [TRAIN] Step: 374 ; Loss: 19.650 ; Acc: 43.356
2018-09-19 14:31:33,829:INFO: [TRAIN] Step: 375 ; Loss: 21.962 ; Acc: 43.395
2018-09-19 14:31:33,903:INFO: [TRAIN] Step: 376 ; Loss: 25.829 ; Acc: 43.424
2018-09-19 14:31:33,970:INFO: [TRAIN] Step: 377 ; Loss: 24.915 ; Acc: 43.441
2018-09-19 14:31:34,044:INFO: [TRAIN] Step: 378 ; Loss: 29.165 ; Acc: 43.459
2018-09-19 14:31:34,117:INFO: [TRAIN] Step: 379 ; Loss: 19.690 ; Acc: 43.542
2018-09-19 14:31:34,192:INFO: [TRAIN] Step: 380 ; Loss: 21.159 ; Acc: 43.570
2018-09-19 14:31:34,263:INFO: [TRAIN] Step: 381 ; Loss: 27.664 ; Acc: 43.597
2018-09-19 14:31:34,345:INFO: [TRAIN] Step: 382 ; Loss: 31.656 ; Acc: 43.581
2018-09-19 14:31:34,422:INFO: [TRAIN] Step: 383 ; Loss: 24.842 ; Acc: 43.598
2018-09-19 14:31:34,512:INFO: [TRAIN] Step: 384 ; Loss: 17.778 ; Acc: 43.669
2018-09-19 14:31:34,586:INFO: [TRAIN] Step: 385 ; Loss: 24.163 ; Acc: 43.664
2018-09-19 14:31:34,661:INFO: [TRAIN] Step: 386 ; Loss: 22.148 ; Acc: 43.702
2018-09-19 14:31:34,732:INFO: [TRAIN] Step: 387 ; Loss: 27.386 ; Acc: 43.696
2018-09-19 14:31:34,806:INFO: [TRAIN] Step: 388 ; Loss: 20.985 ; Acc: 43.713
2018-09-19 14:31:34,878:INFO: [TRAIN] Step: 389 ; Loss: 22.755 ; Acc: 43.761
2018-09-19 14:31:34,954:INFO: [TRAIN] Step: 390 ; Loss: 24.334 ; Acc: 43.766
2018-09-19 14:31:35,021:INFO: [TRAIN] Step: 391 ; Loss: 20.664 ; Acc: 43.782
2018-09-19 14:31:35,094:INFO: [TRAIN] Step: 392 ; Loss: 29.728 ; Acc: 43.755
2018-09-19 14:31:35,164:INFO: [TRAIN] Step: 393 ; Loss: 22.377 ; Acc: 43.813
2018-09-19 14:31:35,239:INFO: [TRAIN] Step: 394 ; Loss: 26.562 ; Acc: 43.797
2018-09-19 14:31:35,309:INFO: [TRAIN] Step: 395 ; Loss: 28.918 ; Acc: 43.813
2018-09-19 14:31:35,384:INFO: [TRAIN] Step: 396 ; Loss: 20.624 ; Acc: 43.860
2018-09-19 14:31:35,452:INFO: [TRAIN] Step: 397 ; Loss: 24.574 ; Acc: 43.876
2018-09-19 14:31:35,527:INFO: [TRAIN] Step: 398 ; Loss: 24.416 ; Acc: 43.870
2018-09-19 14:31:35,597:INFO: [TRAIN] Step: 399 ; Loss: 23.093 ; Acc: 43.927
2018-09-19 14:31:35,672:INFO: [TRAIN] Step: 400 ; Loss: 24.537 ; Acc: 43.953
2018-09-19 14:31:35,745:INFO: [TRAIN] Step: 401 ; Loss: 20.155 ; Acc: 43.999
2018-09-19 14:31:35,819:INFO: [TRAIN] Step: 402 ; Loss: 18.868 ; Acc: 44.065
2018-09-19 14:31:35,890:INFO: [TRAIN] Step: 403 ; Loss: 18.141 ; Acc: 44.111
2018-09-19 14:31:35,965:INFO: [TRAIN] Step: 404 ; Loss: 23.318 ; Acc: 44.146
2018-09-19 14:31:36,037:INFO: [TRAIN] Step: 405 ; Loss: 27.971 ; Acc: 44.150
2018-09-19 14:31:36,111:INFO: [TRAIN] Step: 406 ; Loss: 22.348 ; Acc: 44.175
2018-09-19 14:31:36,181:INFO: [TRAIN] Step: 407 ; Loss: 21.871 ; Acc: 44.189
2018-09-19 14:31:36,253:INFO: [TRAIN] Step: 408 ; Loss: 21.975 ; Acc: 44.224
2018-09-19 14:31:36,325:INFO: [TRAIN] Step: 409 ; Loss: 28.350 ; Acc: 44.217
2018-09-19 14:31:36,400:INFO: [TRAIN] Step: 410 ; Loss: 21.180 ; Acc: 44.242
2018-09-19 14:31:36,470:INFO: [TRAIN] Step: 411 ; Loss: 24.807 ; Acc: 44.256
2018-09-19 14:31:36,545:INFO: [TRAIN] Step: 412 ; Loss: 22.362 ; Acc: 44.270
2018-09-19 14:31:36,613:INFO: [TRAIN] Step: 413 ; Loss: 27.508 ; Acc: 44.243
2018-09-19 14:31:36,689:INFO: [TRAIN] Step: 414 ; Loss: 24.333 ; Acc: 44.217
2018-09-19 14:31:36,761:INFO: [TRAIN] Step: 415 ; Loss: 26.599 ; Acc: 44.191
2018-09-19 14:31:36,836:INFO: [TRAIN] Step: 416 ; Loss: 25.181 ; Acc: 44.165
2018-09-19 14:31:36,905:INFO: [TRAIN] Step: 417 ; Loss: 23.294 ; Acc: 44.199
2018-09-19 14:31:36,980:INFO: [TRAIN] Step: 418 ; Loss: 26.484 ; Acc: 44.153
2018-09-19 14:31:37,047:INFO: [TRAIN] Step: 419 ; Loss: 21.278 ; Acc: 44.196
2018-09-19 14:31:37,120:INFO: [TRAIN] Step: 420 ; Loss: 21.407 ; Acc: 44.210
2018-09-19 14:31:37,188:INFO: [TRAIN] Step: 421 ; Loss: 18.703 ; Acc: 44.244
2018-09-19 14:31:37,264:INFO: [TRAIN] Step: 422 ; Loss: 20.792 ; Acc: 44.277
2018-09-19 14:31:37,335:INFO: [TRAIN] Step: 423 ; Loss: 22.600 ; Acc: 44.310
2018-09-19 14:31:37,410:INFO: [TRAIN] Step: 424 ; Loss: 24.019 ; Acc: 44.333
2018-09-19 14:31:37,480:INFO: [TRAIN] Step: 425 ; Loss: 22.071 ; Acc: 44.386
2018-09-19 14:31:37,554:INFO: [TRAIN] Step: 426 ; Loss: 20.014 ; Acc: 44.399
2018-09-19 14:31:37,624:INFO: [TRAIN] Step: 427 ; Loss: 21.054 ; Acc: 44.412
2018-09-19 14:31:37,699:INFO: [TRAIN] Step: 428 ; Loss: 20.867 ; Acc: 44.435
2018-09-19 14:31:37,772:INFO: [TRAIN] Step: 429 ; Loss: 25.758 ; Acc: 44.438
2018-09-19 14:31:37,849:INFO: [TRAIN] Step: 430 ; Loss: 26.572 ; Acc: 44.412
2018-09-19 14:31:37,917:INFO: [TRAIN] Step: 431 ; Loss: 23.405 ; Acc: 44.416
2018-09-19 14:31:37,992:INFO: [TRAIN] Step: 432 ; Loss: 21.722 ; Acc: 44.438
2018-09-19 14:31:38,061:INFO: [TRAIN] Step: 433 ; Loss: 18.044 ; Acc: 44.489
2018-09-19 14:31:38,136:INFO: [TRAIN] Step: 434 ; Loss: 17.816 ; Acc: 44.531
2018-09-19 14:31:38,206:INFO: [TRAIN] Step: 435 ; Loss: 24.123 ; Acc: 44.534
2018-09-19 14:31:38,283:INFO: [TRAIN] Step: 436 ; Loss: 23.959 ; Acc: 44.565
2018-09-19 14:31:38,355:INFO: [TRAIN] Step: 437 ; Loss: 20.154 ; Acc: 44.616
2018-09-19 14:31:38,430:INFO: [TRAIN] Step: 438 ; Loss: 19.951 ; Acc: 44.647
2018-09-19 14:31:38,500:INFO: [TRAIN] Step: 439 ; Loss: 21.788 ; Acc: 44.688
2018-09-19 14:31:38,576:INFO: [TRAIN] Step: 440 ; Loss: 26.574 ; Acc: 44.671
2018-09-19 14:31:38,646:INFO: [TRAIN] Step: 441 ; Loss: 26.743 ; Acc: 44.674
2018-09-19 14:31:38,722:INFO: [TRAIN] Step: 442 ; Loss: 25.391 ; Acc: 44.676
2018-09-19 14:31:38,794:INFO: [TRAIN] Step: 443 ; Loss: 17.504 ; Acc: 44.726
2018-09-19 14:31:38,869:INFO: [TRAIN] Step: 444 ; Loss: 23.773 ; Acc: 44.728
2018-09-19 14:31:38,941:INFO: [TRAIN] Step: 445 ; Loss: 23.252 ; Acc: 44.750
2018-09-19 14:31:39,018:INFO: [TRAIN] Step: 446 ; Loss: 21.438 ; Acc: 44.780
2018-09-19 14:31:39,089:INFO: [TRAIN] Step: 447 ; Loss: 26.704 ; Acc: 44.764
2018-09-19 14:31:39,165:INFO: [TRAIN] Step: 448 ; Loss: 13.974 ; Acc: 44.831
2018-09-19 14:31:39,242:INFO: [TRAIN] Step: 449 ; Loss: 29.316 ; Acc: 44.824
2018-09-19 14:31:39,315:INFO: [TRAIN] Step: 450 ; Loss: 21.826 ; Acc: 44.863
2018-09-19 14:31:39,386:INFO: [TRAIN] Step: 451 ; Loss: 21.123 ; Acc: 44.912
2018-09-19 14:31:39,459:INFO: [TRAIN] Step: 452 ; Loss: 17.341 ; Acc: 44.960
2018-09-19 14:31:39,529:INFO: [TRAIN] Step: 453 ; Loss: 21.699 ; Acc: 44.989
2018-09-19 14:31:39,604:INFO: [TRAIN] Step: 454 ; Loss: 19.665 ; Acc: 45.037
2018-09-19 14:31:39,674:INFO: [TRAIN] Step: 455 ; Loss: 22.552 ; Acc: 45.048
2018-09-19 14:31:39,748:INFO: [TRAIN] Step: 456 ; Loss: 21.799 ; Acc: 45.058
2018-09-19 14:31:39,820:INFO: [TRAIN] Step: 457 ; Loss: 26.202 ; Acc: 45.033
2018-09-19 14:31:39,895:INFO: [TRAIN] Step: 458 ; Loss: 18.717 ; Acc: 45.080
2018-09-19 14:31:39,967:INFO: [TRAIN] Step: 459 ; Loss: 31.652 ; Acc: 45.082
2018-09-19 14:31:40,040:INFO: [TRAIN] Step: 460 ; Loss: 19.907 ; Acc: 45.119
2018-09-19 14:31:40,110:INFO: [TRAIN] Step: 461 ; Loss: 22.986 ; Acc: 45.139
2018-09-19 14:31:40,186:INFO: [TRAIN] Step: 462 ; Loss: 26.340 ; Acc: 45.140
2018-09-19 14:31:40,257:INFO: [TRAIN] Step: 463 ; Loss: 24.649 ; Acc: 45.133
2018-09-19 14:31:40,331:INFO: [TRAIN] Step: 464 ; Loss: 22.203 ; Acc: 45.134
2018-09-19 14:31:40,401:INFO: [TRAIN] Step: 465 ; Loss: 21.742 ; Acc: 45.145
2018-09-19 14:31:40,476:INFO: [TRAIN] Step: 466 ; Loss: 27.256 ; Acc: 45.137
2018-09-19 14:31:40,546:INFO: [TRAIN] Step: 467 ; Loss: 23.998 ; Acc: 45.157
2018-09-19 14:31:40,621:INFO: [TRAIN] Step: 468 ; Loss: 20.472 ; Acc: 45.203
2018-09-19 14:31:40,692:INFO: [TRAIN] Step: 469 ; Loss: 25.720 ; Acc: 45.213
2018-09-19 14:31:40,766:INFO: [TRAIN] Step: 470 ; Loss: 23.516 ; Acc: 45.196
2018-09-19 14:31:40,838:INFO: [TRAIN] Step: 471 ; Loss: 20.367 ; Acc: 45.224
2018-09-19 14:31:40,911:INFO: [TRAIN] Step: 472 ; Loss: 21.284 ; Acc: 45.270
2018-09-19 14:31:40,982:INFO: [TRAIN] Step: 473 ; Loss: 22.176 ; Acc: 45.297
2018-09-19 14:31:41,055:INFO: [TRAIN] Step: 474 ; Loss: 20.418 ; Acc: 45.325
2018-09-19 14:31:41,125:INFO: [TRAIN] Step: 475 ; Loss: 21.440 ; Acc: 45.361
2018-09-19 14:31:41,200:INFO: [TRAIN] Step: 476 ; Loss: 28.298 ; Acc: 45.353
2018-09-19 14:31:41,271:INFO: [TRAIN] Step: 477 ; Loss: 23.464 ; Acc: 45.354
2018-09-19 14:31:41,346:INFO: [TRAIN] Step: 478 ; Loss: 26.258 ; Acc: 45.346
2018-09-19 14:31:41,417:INFO: [TRAIN] Step: 479 ; Loss: 25.745 ; Acc: 45.347
2018-09-19 14:31:41,493:INFO: [TRAIN] Step: 480 ; Loss: 18.790 ; Acc: 45.374
2018-09-19 14:31:41,562:INFO: [TRAIN] Step: 481 ; Loss: 19.061 ; Acc: 45.418
2018-09-19 14:31:41,637:INFO: [TRAIN] Step: 482 ; Loss: 20.272 ; Acc: 45.419
2018-09-19 14:31:41,707:INFO: [TRAIN] Step: 483 ; Loss: 21.248 ; Acc: 45.446
2018-09-19 14:31:41,782:INFO: [TRAIN] Step: 484 ; Loss: 20.054 ; Acc: 45.481
2018-09-19 14:31:41,850:INFO: [TRAIN] Step: 485 ; Loss: 18.458 ; Acc: 45.516
2018-09-19 14:31:41,928:INFO: [TRAIN] Step: 486 ; Loss: 24.419 ; Acc: 45.517
2018-09-19 14:31:41,996:INFO: [TRAIN] Step: 487 ; Loss: 27.873 ; Acc: 45.492
2018-09-19 14:31:42,070:INFO: [TRAIN] Step: 488 ; Loss: 21.251 ; Acc: 45.501
2018-09-19 14:31:42,142:INFO: [TRAIN] Step: 489 ; Loss: 24.115 ; Acc: 45.510
2018-09-19 14:31:42,216:INFO: [TRAIN] Step: 490 ; Loss: 24.913 ; Acc: 45.519
2018-09-19 14:31:42,285:INFO: [TRAIN] Step: 491 ; Loss: 21.241 ; Acc: 45.554
2018-09-19 14:31:42,359:INFO: [TRAIN] Step: 492 ; Loss: 22.566 ; Acc: 45.580
2018-09-19 14:31:42,428:INFO: [TRAIN] Step: 493 ; Loss: 23.881 ; Acc: 45.572
2018-09-19 14:31:42,503:INFO: [TRAIN] Step: 494 ; Loss: 23.327 ; Acc: 45.614
2018-09-19 14:31:42,574:INFO: [TRAIN] Step: 495 ; Loss: 24.228 ; Acc: 45.657
2018-09-19 14:31:42,649:INFO: [TRAIN] Step: 496 ; Loss: 26.207 ; Acc: 45.666
2018-09-19 14:31:42,719:INFO: [TRAIN] Step: 497 ; Loss: 24.124 ; Acc: 45.658
2018-09-19 14:31:42,795:INFO: [TRAIN] Step: 498 ; Loss: 26.473 ; Acc: 45.641
2018-09-19 14:31:42,866:INFO: [TRAIN] Step: 499 ; Loss: 23.091 ; Acc: 45.658
2018-09-19 14:31:42,938:INFO: [TRAIN] Step: 500 ; Loss: 20.908 ; Acc: 45.692
2018-09-19 14:31:43,010:INFO: [TRAIN] Step: 501 ; Loss: 25.259 ; Acc: 45.709
2018-09-19 14:31:43,084:INFO: [TRAIN] Step: 502 ; Loss: 17.241 ; Acc: 45.742
2018-09-19 14:31:43,154:INFO: [TRAIN] Step: 503 ; Loss: 19.004 ; Acc: 45.767
2018-09-19 14:31:43,227:INFO: [TRAIN] Step: 504 ; Loss: 20.239 ; Acc: 45.817
2018-09-19 14:31:43,297:INFO: [TRAIN] Step: 505 ; Loss: 21.255 ; Acc: 45.784
2018-09-19 14:31:43,375:INFO: [TRAIN] Step: 506 ; Loss: 21.885 ; Acc: 45.800
2018-09-19 14:31:43,443:INFO: [TRAIN] Step: 507 ; Loss: 22.425 ; Acc: 45.825
2018-09-19 14:31:43,518:INFO: [TRAIN] Step: 508 ; Loss: 23.936 ; Acc: 45.866
2018-09-19 14:31:43,588:INFO: [TRAIN] Step: 509 ; Loss: 19.078 ; Acc: 45.915
2018-09-19 14:31:43,663:INFO: [TRAIN] Step: 510 ; Loss: 26.309 ; Acc: 45.899
2018-09-19 14:31:43,733:INFO: [TRAIN] Step: 511 ; Loss: 23.265 ; Acc: 45.915
2018-09-19 14:31:43,808:INFO: [TRAIN] Step: 512 ; Loss: 19.735 ; Acc: 45.931
2018-09-19 14:31:43,879:INFO: [TRAIN] Step: 513 ; Loss: 23.914 ; Acc: 45.955
2018-09-19 14:31:43,953:INFO: [TRAIN] Step: 514 ; Loss: 20.188 ; Acc: 45.987
2018-09-19 14:31:44,022:INFO: [TRAIN] Step: 515 ; Loss: 26.362 ; Acc: 45.995
2018-09-19 14:31:44,101:INFO: [TRAIN] Step: 516 ; Loss: 18.931 ; Acc: 46.035
2018-09-19 14:31:44,170:INFO: [TRAIN] Step: 517 ; Loss: 21.418 ; Acc: 46.042
2018-09-19 14:31:44,245:INFO: [TRAIN] Step: 518 ; Loss: 22.446 ; Acc: 46.050
2018-09-19 14:31:44,316:INFO: [TRAIN] Step: 519 ; Loss: 23.077 ; Acc: 46.074
2018-09-19 14:31:44,398:INFO: [TRAIN] Step: 520 ; Loss: 22.137 ; Acc: 46.097
2018-09-19 14:31:44,468:INFO: [TRAIN] Step: 521 ; Loss: 16.038 ; Acc: 46.121
2018-09-19 14:31:44,542:INFO: [TRAIN] Step: 522 ; Loss: 24.498 ; Acc: 46.136
2018-09-19 14:31:44,612:INFO: [TRAIN] Step: 523 ; Loss: 24.532 ; Acc: 46.135
2018-09-19 14:31:44,687:INFO: [TRAIN] Step: 524 ; Loss: 22.482 ; Acc: 46.143
2018-09-19 14:31:44,757:INFO: [TRAIN] Step: 525 ; Loss: 27.657 ; Acc: 46.142
2018-09-19 14:31:44,833:INFO: [TRAIN] Step: 526 ; Loss: 20.971 ; Acc: 46.181
2018-09-19 14:31:44,901:INFO: [TRAIN] Step: 527 ; Loss: 23.095 ; Acc: 46.196
2018-09-19 14:31:44,976:INFO: [TRAIN] Step: 528 ; Loss: 20.760 ; Acc: 46.227
2018-09-19 14:31:45,044:INFO: [TRAIN] Step: 529 ; Loss: 22.480 ; Acc: 46.242
2018-09-19 14:31:45,120:INFO: [TRAIN] Step: 530 ; Loss: 23.464 ; Acc: 46.241
2018-09-19 14:31:45,192:INFO: [TRAIN] Step: 531 ; Loss: 25.249 ; Acc: 46.248
2018-09-19 14:31:45,269:INFO: [TRAIN] Step: 532 ; Loss: 19.558 ; Acc: 46.248
2018-09-19 14:31:45,339:INFO: [TRAIN] Step: 533 ; Loss: 16.508 ; Acc: 46.286
2018-09-19 14:31:45,414:INFO: [TRAIN] Step: 534 ; Loss: 23.328 ; Acc: 46.269
2018-09-19 14:31:45,484:INFO: [TRAIN] Step: 535 ; Loss: 26.696 ; Acc: 46.300
2018-09-19 14:31:45,559:INFO: [TRAIN] Step: 536 ; Loss: 20.098 ; Acc: 46.330
2018-09-19 14:31:45,631:INFO: [TRAIN] Step: 537 ; Loss: 21.047 ; Acc: 46.360
2018-09-19 14:31:45,705:INFO: [TRAIN] Step: 538 ; Loss: 23.012 ; Acc: 46.359
2018-09-19 14:31:45,774:INFO: [TRAIN] Step: 539 ; Loss: 20.200 ; Acc: 46.389
2018-09-19 14:31:45,849:INFO: [TRAIN] Step: 540 ; Loss: 20.496 ; Acc: 46.411
2018-09-19 14:31:45,920:INFO: [TRAIN] Step: 541 ; Loss: 21.289 ; Acc: 46.387
2018-09-19 14:31:45,995:INFO: [TRAIN] Step: 542 ; Loss: 24.539 ; Acc: 46.409
2018-09-19 14:31:46,066:INFO: [TRAIN] Step: 543 ; Loss: 19.904 ; Acc: 46.438
2018-09-19 14:31:46,140:INFO: [TRAIN] Step: 544 ; Loss: 19.384 ; Acc: 46.476
2018-09-19 14:31:46,209:INFO: [TRAIN] Step: 545 ; Loss: 18.707 ; Acc: 46.528
2018-09-19 14:31:46,284:INFO: [TRAIN] Step: 546 ; Loss: 22.076 ; Acc: 46.549
2018-09-19 14:31:46,354:INFO: [TRAIN] Step: 547 ; Loss: 21.615 ; Acc: 46.571
2018-09-19 14:31:46,428:INFO: [TRAIN] Step: 548 ; Loss: 22.503 ; Acc: 46.570
2018-09-19 14:31:46,502:INFO: [TRAIN] Step: 549 ; Loss: 26.303 ; Acc: 46.576
2018-09-19 14:31:46,586:INFO: [TRAIN] Step: 550 ; Loss: 19.718 ; Acc: 46.590
2018-09-19 14:31:46,663:INFO: [TRAIN] Step: 551 ; Loss: 23.617 ; Acc: 46.581
2018-09-19 14:31:46,745:INFO: [TRAIN] Step: 552 ; Loss: 19.359 ; Acc: 46.594
2018-09-19 14:31:46,817:INFO: [TRAIN] Step: 553 ; Loss: 25.885 ; Acc: 46.578
2018-09-19 14:31:46,891:INFO: [TRAIN] Step: 554 ; Loss: 19.337 ; Acc: 46.607
2018-09-19 14:31:46,963:INFO: [TRAIN] Step: 555 ; Loss: 21.358 ; Acc: 46.628
2018-09-19 14:31:47,049:INFO: [TRAIN] Step: 556 ; Loss: 24.429 ; Acc: 46.641
2018-09-19 14:31:47,132:INFO: [TRAIN] Step: 557 ; Loss: 21.276 ; Acc: 46.662
2018-09-19 14:31:47,232:INFO: [TRAIN] Step: 558 ; Loss: 16.760 ; Acc: 46.683
2018-09-19 14:31:47,313:INFO: [TRAIN] Step: 559 ; Loss: 22.274 ; Acc: 46.696
2018-09-19 14:31:47,397:INFO: [TRAIN] Step: 560 ; Loss: 31.913 ; Acc: 46.673
2018-09-19 14:31:47,468:INFO: [TRAIN] Step: 561 ; Loss: 22.168 ; Acc: 46.701
2018-09-19 14:31:47,553:INFO: [TRAIN] Step: 562 ; Loss: 24.525 ; Acc: 46.707
2018-09-19 14:31:47,686:INFO: [TRAIN] Step: 563 ; Loss: 20.555 ; Acc: 46.720
2018-09-19 14:31:47,790:INFO: [TRAIN] Step: 564 ; Loss: 20.608 ; Acc: 46.748
2018-09-19 14:31:47,864:INFO: [TRAIN] Step: 565 ; Loss: 27.740 ; Acc: 46.709
2018-09-19 14:31:47,938:INFO: [TRAIN] Step: 566 ; Loss: 20.069 ; Acc: 46.745
2018-09-19 14:31:48,009:INFO: [TRAIN] Step: 567 ; Loss: 27.065 ; Acc: 46.743
2018-09-19 14:31:48,113:INFO: [TRAIN] Step: 568 ; Loss: 26.993 ; Acc: 46.727
2018-09-19 14:31:48,192:INFO: [TRAIN] Step: 569 ; Loss: 17.258 ; Acc: 46.769
2018-09-19 14:31:48,275:INFO: [TRAIN] Step: 570 ; Loss: 19.663 ; Acc: 46.797
2018-09-19 14:31:48,351:INFO: [TRAIN] Step: 571 ; Loss: 21.824 ; Acc: 46.788
2018-09-19 14:31:48,436:INFO: [TRAIN] Step: 572 ; Loss: 29.143 ; Acc: 46.779
2018-09-19 14:31:48,509:INFO: [TRAIN] Step: 573 ; Loss: 18.385 ; Acc: 46.813
2018-09-19 14:31:48,591:INFO: [TRAIN] Step: 574 ; Loss: 20.140 ; Acc: 46.826
2018-09-19 14:31:48,665:INFO: [TRAIN] Step: 575 ; Loss: 25.066 ; Acc: 46.839
2018-09-19 14:31:48,745:INFO: [TRAIN] Step: 576 ; Loss: 24.831 ; Acc: 46.859
2018-09-19 14:31:48,819:INFO: [TRAIN] Step: 577 ; Loss: 22.370 ; Acc: 46.893
2018-09-19 14:31:48,902:INFO: [TRAIN] Step: 578 ; Loss: 20.982 ; Acc: 46.891
2018-09-19 14:31:48,978:INFO: [TRAIN] Step: 579 ; Loss: 19.224 ; Acc: 46.932
2018-09-19 14:31:49,057:INFO: [TRAIN] Step: 580 ; Loss: 22.208 ; Acc: 46.931
2018-09-19 14:31:49,133:INFO: [TRAIN] Step: 581 ; Loss: 16.036 ; Acc: 46.972
2018-09-19 14:31:49,224:INFO: [TRAIN] Step: 582 ; Loss: 20.605 ; Acc: 46.977
2018-09-19 14:31:49,296:INFO: [TRAIN] Step: 583 ; Loss: 24.181 ; Acc: 46.975
2018-09-19 14:31:49,376:INFO: [TRAIN] Step: 584 ; Loss: 25.535 ; Acc: 46.959
2018-09-19 14:31:49,454:INFO: [TRAIN] Step: 585 ; Loss: 20.439 ; Acc: 46.992
2018-09-19 14:31:49,533:INFO: [TRAIN] Step: 586 ; Loss: 17.757 ; Acc: 47.033
2018-09-19 14:31:49,609:INFO: [TRAIN] Step: 587 ; Loss: 18.541 ; Acc: 47.052
2018-09-19 14:31:49,693:INFO: [TRAIN] Step: 588 ; Loss: 22.004 ; Acc: 47.078
2018-09-19 14:31:49,769:INFO: [TRAIN] Step: 589 ; Loss: 23.234 ; Acc: 47.090
2018-09-19 14:31:49,850:INFO: [TRAIN] Step: 590 ; Loss: 16.605 ; Acc: 47.124
2018-09-19 14:31:49,925:INFO: [TRAIN] Step: 591 ; Loss: 27.351 ; Acc: 47.135
2018-09-19 14:31:50,007:INFO: [TRAIN] Step: 592 ; Loss: 18.907 ; Acc: 47.154
2018-09-19 14:31:50,082:INFO: [TRAIN] Step: 593 ; Loss: 20.696 ; Acc: 47.173
2018-09-19 14:31:50,165:INFO: [TRAIN] Step: 594 ; Loss: 23.989 ; Acc: 47.192
2018-09-19 14:31:50,239:INFO: [TRAIN] Step: 595 ; Loss: 27.085 ; Acc: 47.218
2018-09-19 14:31:50,320:INFO: [TRAIN] Step: 596 ; Loss: 21.164 ; Acc: 47.236
2018-09-19 14:31:50,394:INFO: [TRAIN] Step: 597 ; Loss: 27.487 ; Acc: 47.234
2018-09-19 14:31:50,475:INFO: [TRAIN] Step: 598 ; Loss: 22.639 ; Acc: 47.238
2018-09-19 14:31:50,553:INFO: [TRAIN] Step: 599 ; Loss: 22.516 ; Acc: 47.257
2018-09-19 14:31:50,635:INFO: [TRAIN] Step: 600 ; Loss: 19.541 ; Acc: 47.275
2018-09-19 14:31:50,709:INFO: [TRAIN] Step: 601 ; Loss: 24.190 ; Acc: 47.294
2018-09-19 14:31:50,789:INFO: [TRAIN] Step: 602 ; Loss: 21.598 ; Acc: 47.305
2018-09-19 14:31:50,865:INFO: [TRAIN] Step: 603 ; Loss: 25.387 ; Acc: 47.296
2018-09-19 14:31:50,947:INFO: [TRAIN] Step: 604 ; Loss: 24.483 ; Acc: 47.300
2018-09-19 14:31:51,020:INFO: [TRAIN] Step: 605 ; Loss: 24.651 ; Acc: 47.318
2018-09-19 14:31:51,102:INFO: [TRAIN] Step: 606 ; Loss: 20.252 ; Acc: 47.350
2018-09-19 14:31:51,178:INFO: [TRAIN] Step: 607 ; Loss: 22.079 ; Acc: 47.368
2018-09-19 14:31:51,259:INFO: [TRAIN] Step: 608 ; Loss: 25.111 ; Acc: 47.366
2018-09-19 14:31:51,335:INFO: [TRAIN] Step: 609 ; Loss: 16.892 ; Acc: 47.384
2018-09-19 14:31:51,416:INFO: [TRAIN] Step: 610 ; Loss: 17.166 ; Acc: 47.402
2018-09-19 14:31:51,489:INFO: [TRAIN] Step: 611 ; Loss: 25.045 ; Acc: 47.386
2018-09-19 14:31:51,570:INFO: [TRAIN] Step: 612 ; Loss: 20.091 ; Acc: 47.424
2018-09-19 14:31:51,644:INFO: [TRAIN] Step: 613 ; Loss: 16.968 ; Acc: 47.469
2018-09-19 14:31:51,725:INFO: [TRAIN] Step: 614 ; Loss: 23.376 ; Acc: 47.446
2018-09-19 14:31:51,797:INFO: [TRAIN] Step: 615 ; Loss: 17.737 ; Acc: 47.491
2018-09-19 14:31:51,879:INFO: [TRAIN] Step: 616 ; Loss: 26.301 ; Acc: 47.495
2018-09-19 14:31:51,954:INFO: [TRAIN] Step: 617 ; Loss: 18.571 ; Acc: 47.505
2018-09-19 14:31:52,034:INFO: [TRAIN] Step: 618 ; Loss: 24.831 ; Acc: 47.489
2018-09-19 14:31:52,108:INFO: [TRAIN] Step: 619 ; Loss: 25.940 ; Acc: 47.466
2018-09-19 14:31:52,188:INFO: [TRAIN] Step: 620 ; Loss: 25.359 ; Acc: 47.477
2018-09-19 14:31:52,265:INFO: [TRAIN] Step: 621 ; Loss: 24.928 ; Acc: 47.475
2018-09-19 14:31:52,349:INFO: [TRAIN] Step: 622 ; Loss: 23.111 ; Acc: 47.492
2018-09-19 14:31:52,426:INFO: [TRAIN] Step: 623 ; Loss: 17.498 ; Acc: 47.516
2018-09-19 14:31:52,506:INFO: [TRAIN] Step: 624 ; Loss: 19.502 ; Acc: 47.533
2018-09-19 14:31:52,581:INFO: [TRAIN] Step: 625 ; Loss: 16.539 ; Acc: 47.571
2018-09-19 14:31:52,662:INFO: [TRAIN] Step: 626 ; Loss: 24.403 ; Acc: 47.581
2018-09-19 14:31:52,737:INFO: [TRAIN] Step: 627 ; Loss: 22.413 ; Acc: 47.578
2018-09-19 14:31:52,818:INFO: [TRAIN] Step: 628 ; Loss: 20.030 ; Acc: 47.602
2018-09-19 14:31:52,893:INFO: [TRAIN] Step: 629 ; Loss: 21.654 ; Acc: 47.619
2018-09-19 14:31:52,974:INFO: [TRAIN] Step: 630 ; Loss: 20.245 ; Acc: 47.649
2018-09-19 14:31:53,048:INFO: [TRAIN] Step: 631 ; Loss: 17.963 ; Acc: 47.666
2018-09-19 14:31:53,130:INFO: [TRAIN] Step: 632 ; Loss: 21.721 ; Acc: 47.683
2018-09-19 14:31:53,203:INFO: [TRAIN] Step: 633 ; Loss: 23.429 ; Acc: 47.687
2018-09-19 14:31:53,285:INFO: [TRAIN] Step: 634 ; Loss: 21.643 ; Acc: 47.703
2018-09-19 14:31:53,360:INFO: [TRAIN] Step: 635 ; Loss: 17.320 ; Acc: 47.746
2018-09-19 14:31:53,441:INFO: [TRAIN] Step: 636 ; Loss: 18.555 ; Acc: 47.776
2018-09-19 14:31:53,517:INFO: [TRAIN] Step: 637 ; Loss: 21.857 ; Acc: 47.793
2018-09-19 14:31:53,599:INFO: [TRAIN] Step: 638 ; Loss: 18.220 ; Acc: 47.829
2018-09-19 14:31:53,677:INFO: [TRAIN] Step: 639 ; Loss: 18.991 ; Acc: 47.839
2018-09-19 14:31:53,757:INFO: [TRAIN] Step: 640 ; Loss: 25.597 ; Acc: 47.835
2018-09-19 14:31:53,834:INFO: [TRAIN] Step: 641 ; Loss: 18.490 ; Acc: 47.852
2018-09-19 14:31:53,917:INFO: [TRAIN] Step: 642 ; Loss: 19.150 ; Acc: 47.881
2018-09-19 14:31:53,992:INFO: [TRAIN] Step: 643 ; Loss: 26.092 ; Acc: 47.910
2018-09-19 14:31:54,074:INFO: [TRAIN] Step: 644 ; Loss: 23.226 ; Acc: 47.926
2018-09-19 14:31:54,153:INFO: [TRAIN] Step: 645 ; Loss: 25.801 ; Acc: 47.923
2018-09-19 14:31:54,234:INFO: [TRAIN] Step: 646 ; Loss: 17.363 ; Acc: 47.965
2018-09-19 14:31:54,310:INFO: [TRAIN] Step: 647 ; Loss: 21.418 ; Acc: 47.981
2018-09-19 14:31:54,392:INFO: [TRAIN] Step: 648 ; Loss: 23.661 ; Acc: 47.978
2018-09-19 14:31:54,468:INFO: [TRAIN] Step: 649 ; Loss: 27.153 ; Acc: 47.962
2018-09-19 14:31:54,553:INFO: [TRAIN] Step: 650 ; Loss: 18.608 ; Acc: 47.965
2018-09-19 14:31:54,631:INFO: [TRAIN] Step: 651 ; Loss: 23.582 ; Acc: 47.987
2018-09-19 14:31:54,718:INFO: [TRAIN] Step: 652 ; Loss: 18.254 ; Acc: 48.016
2018-09-19 14:31:54,794:INFO: [TRAIN] Step: 653 ; Loss: 26.917 ; Acc: 48.006
2018-09-19 14:31:54,880:INFO: [TRAIN] Step: 654 ; Loss: 22.899 ; Acc: 48.022
2018-09-19 14:31:54,959:INFO: [TRAIN] Step: 655 ; Loss: 25.512 ; Acc: 48.031
2018-09-19 14:31:55,045:INFO: [TRAIN] Step: 656 ; Loss: 18.085 ; Acc: 48.059
2018-09-19 14:31:55,122:INFO: [TRAIN] Step: 657 ; Loss: 26.317 ; Acc: 48.062
2018-09-19 14:31:55,208:INFO: [TRAIN] Step: 658 ; Loss: 22.307 ; Acc: 48.065
2018-09-19 14:31:55,287:INFO: [TRAIN] Step: 659 ; Loss: 20.289 ; Acc: 48.081
2018-09-19 14:31:55,374:INFO: [TRAIN] Step: 660 ; Loss: 22.088 ; Acc: 48.090
2018-09-19 14:31:55,455:INFO: [TRAIN] Step: 661 ; Loss: 26.765 ; Acc: 48.080
2018-09-19 14:31:55,543:INFO: [TRAIN] Step: 662 ; Loss: 25.141 ; Acc: 48.058
2018-09-19 14:31:55,626:INFO: [TRAIN] Step: 663 ; Loss: 23.435 ; Acc: 48.061
2018-09-19 14:31:55,712:INFO: [TRAIN] Step: 664 ; Loss: 19.544 ; Acc: 48.089
2018-09-19 14:31:55,798:INFO: [TRAIN] Step: 665 ; Loss: 24.554 ; Acc: 48.098
2018-09-19 14:31:55,887:INFO: [TRAIN] Step: 666 ; Loss: 18.858 ; Acc: 48.138
2018-09-19 14:31:55,971:INFO: [TRAIN] Step: 667 ; Loss: 21.406 ; Acc: 48.166
2018-09-19 14:31:56,061:INFO: [TRAIN] Step: 668 ; Loss: 21.378 ; Acc: 48.169
2018-09-19 14:31:56,144:INFO: [TRAIN] Step: 669 ; Loss: 22.234 ; Acc: 48.159
2018-09-19 14:31:56,237:INFO: [TRAIN] Step: 670 ; Loss: 25.880 ; Acc: 48.150
2018-09-19 14:31:56,322:INFO: [TRAIN] Step: 671 ; Loss: 19.211 ; Acc: 48.165
2018-09-19 14:31:56,416:INFO: [TRAIN] Step: 672 ; Loss: 25.145 ; Acc: 48.180
2018-09-19 14:31:56,501:INFO: [TRAIN] Step: 673 ; Loss: 25.179 ; Acc: 48.182
2018-09-19 14:31:56,595:INFO: [TRAIN] Step: 674 ; Loss: 22.071 ; Acc: 48.179
2018-09-19 14:31:56,684:INFO: [TRAIN] Step: 675 ; Loss: 23.135 ; Acc: 48.182
2018-09-19 14:31:56,778:INFO: [TRAIN] Step: 676 ; Loss: 20.897 ; Acc: 48.178
2018-09-19 14:31:56,869:INFO: [TRAIN] Step: 677 ; Loss: 18.933 ; Acc: 48.193
2018-09-19 14:31:56,964:INFO: [TRAIN] Step: 678 ; Loss: 18.153 ; Acc: 48.214
2018-09-19 14:31:57,057:INFO: [TRAIN] Step: 679 ; Loss: 25.173 ; Acc: 48.199
2018-09-19 14:31:57,157:INFO: [TRAIN] Step: 680 ; Loss: 21.750 ; Acc: 48.207
2018-09-19 14:31:57,248:INFO: [TRAIN] Step: 681 ; Loss: 19.617 ; Acc: 48.240
2018-09-19 14:31:57,346:INFO: [TRAIN] Step: 682 ; Loss: 19.074 ; Acc: 48.243
2018-09-19 14:31:57,439:INFO: [TRAIN] Step: 683 ; Loss: 24.901 ; Acc: 48.233
2018-09-19 14:31:57,544:INFO: [TRAIN] Step: 684 ; Loss: 21.428 ; Acc: 48.248
2018-09-19 14:31:57,643:INFO: [TRAIN] Step: 685 ; Loss: 19.223 ; Acc: 48.245
2018-09-19 14:31:57,744:INFO: [TRAIN] Step: 686 ; Loss: 22.411 ; Acc: 48.271
2018-09-19 14:31:57,842:INFO: [TRAIN] Step: 687 ; Loss: 17.173 ; Acc: 48.310
2018-09-19 14:31:57,946:INFO: [TRAIN] Step: 688 ; Loss: 19.258 ; Acc: 48.325
2018-09-19 14:31:58,045:INFO: [TRAIN] Step: 689 ; Loss: 19.262 ; Acc: 48.357
2018-09-19 14:31:58,148:INFO: [TRAIN] Step: 690 ; Loss: 24.076 ; Acc: 48.348
2018-09-19 14:31:58,245:INFO: [TRAIN] Step: 691 ; Loss: 19.390 ; Acc: 48.368
2018-09-19 14:31:58,349:INFO: [TRAIN] Step: 692 ; Loss: 19.906 ; Acc: 48.395
2018-09-19 14:31:58,449:INFO: [TRAIN] Step: 693 ; Loss: 19.893 ; Acc: 48.421
2018-09-19 14:31:58,555:INFO: [TRAIN] Step: 694 ; Loss: 25.137 ; Acc: 48.429
2018-09-19 14:31:58,661:INFO: [TRAIN] Step: 695 ; Loss: 24.302 ; Acc: 48.432
2018-09-19 14:31:58,771:INFO: [TRAIN] Step: 696 ; Loss: 23.381 ; Acc: 48.446
2018-09-19 14:31:58,880:INFO: [TRAIN] Step: 697 ; Loss: 20.397 ; Acc: 48.472
2018-09-19 14:31:58,990:INFO: [TRAIN] Step: 698 ; Loss: 24.283 ; Acc: 48.486
2018-09-19 14:31:59,101:INFO: [TRAIN] Step: 699 ; Loss: 17.823 ; Acc: 48.512
2018-09-19 14:31:59,213:INFO: [TRAIN] Step: 700 ; Loss: 20.197 ; Acc: 48.520
2018-09-19 14:31:59,319:INFO: [TRAIN] Step: 701 ; Loss: 18.860 ; Acc: 48.522
2018-09-19 14:31:59,431:INFO: [TRAIN] Step: 702 ; Loss: 22.877 ; Acc: 48.506
2018-09-19 14:31:59,541:INFO: [TRAIN] Step: 703 ; Loss: 19.107 ; Acc: 48.520
2018-09-19 14:31:59,653:INFO: [TRAIN] Step: 704 ; Loss: 20.682 ; Acc: 48.522
2018-09-19 14:31:59,765:INFO: [TRAIN] Step: 705 ; Loss: 24.066 ; Acc: 48.519
2018-09-19 14:31:59,880:INFO: [TRAIN] Step: 706 ; Loss: 20.917 ; Acc: 48.527
2018-09-19 14:31:59,996:INFO: [TRAIN] Step: 707 ; Loss: 19.101 ; Acc: 48.552
2018-09-19 14:32:00,110:INFO: [TRAIN] Step: 708 ; Loss: 19.901 ; Acc: 48.595
2018-09-19 14:32:00,223:INFO: [TRAIN] Step: 709 ; Loss: 18.875 ; Acc: 48.621
2018-09-19 14:32:00,336:INFO: [TRAIN] Step: 710 ; Loss: 18.516 ; Acc: 48.658
2018-09-19 14:32:00,449:INFO: [TRAIN] Step: 711 ; Loss: 21.906 ; Acc: 48.677
2018-09-19 14:32:00,564:INFO: [TRAIN] Step: 712 ; Loss: 22.894 ; Acc: 48.668
2018-09-19 14:32:00,680:INFO: [TRAIN] Step: 713 ; Loss: 24.183 ; Acc: 48.652
2018-09-19 14:32:00,795:INFO: [TRAIN] Step: 714 ; Loss: 16.080 ; Acc: 48.666
2018-09-19 14:32:00,906:INFO: [TRAIN] Step: 715 ; Loss: 23.636 ; Acc: 48.662
2018-09-19 14:32:01,017:INFO: [TRAIN] Step: 716 ; Loss: 18.756 ; Acc: 48.692
2018-09-19 14:32:01,134:INFO: [TRAIN] Step: 717 ; Loss: 22.834 ; Acc: 48.706
2018-09-19 14:32:01,248:INFO: [TRAIN] Step: 718 ; Loss: 18.515 ; Acc: 48.731
2018-09-19 14:32:01,363:INFO: [TRAIN] Step: 719 ; Loss: 17.497 ; Acc: 48.756
2018-09-19 14:32:01,478:INFO: [TRAIN] Step: 720 ; Loss: 29.050 ; Acc: 48.758
2018-09-19 14:32:01,595:INFO: [TRAIN] Step: 721 ; Loss: 29.244 ; Acc: 48.748
2018-09-19 14:32:01,713:INFO: [TRAIN] Step: 722 ; Loss: 16.057 ; Acc: 48.778
2018-09-19 14:32:01,828:INFO: [TRAIN] Step: 723 ; Loss: 22.503 ; Acc: 48.768
2018-09-19 14:32:01,941:INFO: [TRAIN] Step: 724 ; Loss: 20.395 ; Acc: 48.782
2018-09-19 14:32:02,057:INFO: [TRAIN] Step: 725 ; Loss: 19.176 ; Acc: 48.789
2018-09-19 14:32:02,169:INFO: [TRAIN] Step: 726 ; Loss: 19.535 ; Acc: 48.791
2018-09-19 14:32:02,284:INFO: [TRAIN] Step: 727 ; Loss: 20.920 ; Acc: 48.781
2018-09-19 14:32:02,397:INFO: [TRAIN] Step: 728 ; Loss: 22.115 ; Acc: 48.794
2018-09-19 14:32:02,516:INFO: [TRAIN] Step: 729 ; Loss: 21.823 ; Acc: 48.807
2018-09-19 14:32:02,631:INFO: [TRAIN] Step: 730 ; Loss: 19.990 ; Acc: 48.826
2018-09-19 14:32:02,744:INFO: [TRAIN] Step: 731 ; Loss: 23.989 ; Acc: 48.816
2018-09-19 14:32:02,863:INFO: [TRAIN] Step: 732 ; Loss: 29.892 ; Acc: 48.795
2018-09-19 14:32:02,981:INFO: [TRAIN] Step: 733 ; Loss: 17.686 ; Acc: 48.808
2018-09-19 14:32:03,105:INFO: [TRAIN] Step: 734 ; Loss: 20.726 ; Acc: 48.810
2018-09-19 14:32:03,218:INFO: [TRAIN] Step: 735 ; Loss: 22.200 ; Acc: 48.822
2018-09-19 14:32:03,333:INFO: [TRAIN] Step: 736 ; Loss: 21.705 ; Acc: 48.830
2018-09-19 14:32:03,446:INFO: [TRAIN] Step: 737 ; Loss: 22.519 ; Acc: 48.860
2018-09-19 14:32:03,561:INFO: [TRAIN] Step: 738 ; Loss: 24.670 ; Acc: 48.878
2018-09-19 14:32:03,677:INFO: [TRAIN] Step: 739 ; Loss: 26.143 ; Acc: 48.880
2018-09-19 14:32:03,794:INFO: [TRAIN] Step: 740 ; Loss: 16.854 ; Acc: 48.881
2018-09-19 14:32:03,914:INFO: [TRAIN] Step: 741 ; Loss: 18.110 ; Acc: 48.894
2018-09-19 14:32:04,028:INFO: [TRAIN] Step: 742 ; Loss: 15.422 ; Acc: 48.934
2018-09-19 14:32:04,144:INFO: [TRAIN] Step: 743 ; Loss: 20.563 ; Acc: 48.942
2018-09-19 14:32:04,258:INFO: [TRAIN] Step: 744 ; Loss: 16.831 ; Acc: 48.977
2018-09-19 14:32:04,374:INFO: [TRAIN] Step: 745 ; Loss: 24.400 ; Acc: 48.972
2018-09-19 14:32:04,492:INFO: [TRAIN] Step: 746 ; Loss: 15.255 ; Acc: 49.013
2018-09-19 14:32:04,605:INFO: [TRAIN] Step: 747 ; Loss: 24.805 ; Acc: 49.020
2018-09-19 14:32:04,723:INFO: [TRAIN] Step: 748 ; Loss: 24.078 ; Acc: 49.038
2018-09-19 14:32:04,841:INFO: [TRAIN] Step: 749 ; Loss: 27.335 ; Acc: 49.039
2018-09-19 14:32:04,955:INFO: [TRAIN] Step: 750 ; Loss: 26.751 ; Acc: 49.029
2018-09-19 14:32:05,072:INFO: [TRAIN] Step: 751 ; Loss: 22.149 ; Acc: 49.041
2018-09-19 14:32:05,215:INFO: [TRAIN] Step: 752 ; Loss: 24.837 ; Acc: 49.032
2018-09-19 14:32:05,358:INFO: [TRAIN] Step: 753 ; Loss: 17.319 ; Acc: 49.061
2018-09-19 14:32:05,478:INFO: [TRAIN] Step: 754 ; Loss: 16.972 ; Acc: 49.100
2018-09-19 14:32:05,596:INFO: [TRAIN] Step: 755 ; Loss: 22.742 ; Acc: 49.096
2018-09-19 14:32:05,716:INFO: [TRAIN] Step: 756 ; Loss: 16.922 ; Acc: 49.108
2018-09-19 14:32:05,835:INFO: [TRAIN] Step: 757 ; Loss: 25.743 ; Acc: 49.104
2018-09-19 14:32:05,953:INFO: [TRAIN] Step: 758 ; Loss: 19.006 ; Acc: 49.105
2018-09-19 14:32:06,077:INFO: [TRAIN] Step: 759 ; Loss: 25.985 ; Acc: 49.117
2018-09-19 14:32:06,206:INFO: [TRAIN] Step: 760 ; Loss: 22.447 ; Acc: 49.113
2018-09-19 14:32:06,356:INFO: [TRAIN] Step: 761 ; Loss: 25.821 ; Acc: 49.114
2018-09-19 14:32:06,474:INFO: [TRAIN] Step: 762 ; Loss: 23.503 ; Acc: 49.110
2018-09-19 14:32:06,608:INFO: [TRAIN] Step: 763 ; Loss: 19.170 ; Acc: 49.122
2018-09-19 14:32:06,749:INFO: [TRAIN] Step: 764 ; Loss: 19.237 ; Acc: 49.139
2018-09-19 14:32:06,872:INFO: [TRAIN] Step: 765 ; Loss: 20.824 ; Acc: 49.141
2018-09-19 14:32:06,994:INFO: [TRAIN] Step: 766 ; Loss: 20.040 ; Acc: 49.158
2018-09-19 14:32:07,114:INFO: [TRAIN] Step: 767 ; Loss: 18.937 ; Acc: 49.170
2018-09-19 14:32:07,246:INFO: [TRAIN] Step: 768 ; Loss: 19.217 ; Acc: 49.171
2018-09-19 14:32:07,362:INFO: [TRAIN] Step: 769 ; Loss: 17.705 ; Acc: 49.194
2018-09-19 14:32:07,480:INFO: [TRAIN] Step: 770 ; Loss: 22.326 ; Acc: 49.200
2018-09-19 14:32:07,613:INFO: [TRAIN] Step: 771 ; Loss: 17.312 ; Acc: 49.212
2018-09-19 14:32:07,734:INFO: [TRAIN] Step: 772 ; Loss: 21.669 ; Acc: 49.229
2018-09-19 14:32:07,863:INFO: [TRAIN] Step: 773 ; Loss: 23.882 ; Acc: 49.209
2018-09-19 14:32:07,988:INFO: [TRAIN] Step: 774 ; Loss: 22.514 ; Acc: 49.204
2018-09-19 14:32:08,123:INFO: [TRAIN] Step: 775 ; Loss: 19.860 ; Acc: 49.238
2018-09-19 14:32:08,252:INFO: [TRAIN] Step: 776 ; Loss: 19.892 ; Acc: 49.222
2018-09-19 14:32:08,376:INFO: [TRAIN] Step: 777 ; Loss: 20.743 ; Acc: 49.234
2018-09-19 14:32:08,498:INFO: [TRAIN] Step: 778 ; Loss: 24.061 ; Acc: 49.246
2018-09-19 14:32:08,618:INFO: [TRAIN] Step: 779 ; Loss: 23.063 ; Acc: 49.247
2018-09-19 14:32:08,734:INFO: [TRAIN] Step: 780 ; Loss: 20.265 ; Acc: 49.248
2018-09-19 14:32:08,854:INFO: [TRAIN] Step: 781 ; Loss: 20.357 ; Acc: 49.243
2018-09-19 14:32:08,975:INFO: [TRAIN] Step: 782 ; Loss: 17.622 ; Acc: 49.255
2018-09-19 14:32:09,100:INFO: [TRAIN] Step: 783 ; Loss: 26.659 ; Acc: 49.245
2018-09-19 14:32:09,233:INFO: [TRAIN] Step: 784 ; Loss: 20.509 ; Acc: 49.246
2018-09-19 14:32:09,367:INFO: [TRAIN] Step: 785 ; Loss: 18.702 ; Acc: 49.263
2018-09-19 14:32:09,495:INFO: [TRAIN] Step: 786 ; Loss: 22.065 ; Acc: 49.285
2018-09-19 14:32:09,618:INFO: [TRAIN] Step: 787 ; Loss: 23.204 ; Acc: 49.291
2018-09-19 14:32:09,733:INFO: [TRAIN] Step: 788 ; Loss: 23.187 ; Acc: 49.287
2018-09-19 14:32:09,854:INFO: [TRAIN] Step: 789 ; Loss: 21.493 ; Acc: 49.309
2018-09-19 14:32:09,975:INFO: [TRAIN] Step: 790 ; Loss: 22.535 ; Acc: 49.310
2018-09-19 14:32:10,094:INFO: [TRAIN] Step: 791 ; Loss: 20.631 ; Acc: 49.337
2018-09-19 14:32:10,212:INFO: [TRAIN] Step: 792 ; Loss: 18.753 ; Acc: 49.369
2018-09-19 14:32:10,331:INFO: [TRAIN] Step: 793 ; Loss: 23.248 ; Acc: 49.381
2018-09-19 14:32:10,448:INFO: [TRAIN] Step: 794 ; Loss: 21.190 ; Acc: 49.403
2018-09-19 14:32:10,567:INFO: [TRAIN] Step: 795 ; Loss: 24.553 ; Acc: 49.414
2018-09-19 14:32:10,681:INFO: [TRAIN] Step: 796 ; Loss: 23.951 ; Acc: 49.425
2018-09-19 14:32:10,804:INFO: [TRAIN] Step: 797 ; Loss: 18.139 ; Acc: 49.447
2018-09-19 14:32:10,931:INFO: [TRAIN] Step: 798 ; Loss: 24.939 ; Acc: 49.447
2018-09-19 14:32:11,046:INFO: [TRAIN] Step: 799 ; Loss: 25.185 ; Acc: 49.453
2018-09-19 14:32:11,166:INFO: [TRAIN] Step: 800 ; Loss: 21.057 ; Acc: 49.454
2018-09-19 14:32:11,281:INFO: [TRAIN] Step: 801 ; Loss: 21.626 ; Acc: 49.465
2018-09-19 14:32:11,400:INFO: [TRAIN] Step: 802 ; Loss: 23.926 ; Acc: 49.486
2018-09-19 14:32:11,518:INFO: [TRAIN] Step: 803 ; Loss: 22.660 ; Acc: 49.487
2018-09-19 14:32:11,634:INFO: [TRAIN] Step: 804 ; Loss: 21.479 ; Acc: 49.488
2018-09-19 14:32:11,748:INFO: [TRAIN] Step: 805 ; Loss: 25.877 ; Acc: 49.488
2018-09-19 14:32:11,864:INFO: [TRAIN] Step: 806 ; Loss: 20.617 ; Acc: 49.484
2018-09-19 14:32:11,981:INFO: [TRAIN] Step: 807 ; Loss: 23.489 ; Acc: 49.505
2018-09-19 14:32:12,097:INFO: [TRAIN] Step: 808 ; Loss: 19.834 ; Acc: 49.526
2018-09-19 14:32:12,214:INFO: [TRAIN] Step: 809 ; Loss: 25.291 ; Acc: 49.527
2018-09-19 14:32:12,331:INFO: [TRAIN] Step: 810 ; Loss: 23.075 ; Acc: 49.527
2018-09-19 14:32:12,449:INFO: [TRAIN] Step: 811 ; Loss: 19.989 ; Acc: 49.543
2018-09-19 14:32:12,563:INFO: [TRAIN] Step: 812 ; Loss: 23.505 ; Acc: 49.544
2018-09-19 14:32:12,679:INFO: [TRAIN] Step: 813 ; Loss: 20.501 ; Acc: 49.550
2018-09-19 14:32:12,795:INFO: [TRAIN] Step: 814 ; Loss: 25.017 ; Acc: 49.535
2018-09-19 14:32:12,910:INFO: [TRAIN] Step: 815 ; Loss: 18.238 ; Acc: 49.556
2018-09-19 14:32:13,026:INFO: [TRAIN] Step: 816 ; Loss: 16.830 ; Acc: 49.582
2018-09-19 14:32:13,142:INFO: [TRAIN] Step: 817 ; Loss: 15.381 ; Acc: 49.613
2018-09-19 14:32:13,259:INFO: [TRAIN] Step: 818 ; Loss: 23.984 ; Acc: 49.624
2018-09-19 14:32:13,373:INFO: [TRAIN] Step: 819 ; Loss: 17.346 ; Acc: 49.649
2018-09-19 14:32:13,493:INFO: [TRAIN] Step: 820 ; Loss: 18.966 ; Acc: 49.665
2018-09-19 14:32:13,609:INFO: [TRAIN] Step: 821 ; Loss: 24.020 ; Acc: 49.650
2018-09-19 14:32:13,724:INFO: [TRAIN] Step: 822 ; Loss: 22.014 ; Acc: 49.646
2018-09-19 14:32:13,839:INFO: [TRAIN] Step: 823 ; Loss: 21.879 ; Acc: 49.651
2018-09-19 14:32:13,955:INFO: [TRAIN] Step: 824 ; Loss: 18.265 ; Acc: 49.672
2018-09-19 14:32:14,074:INFO: [TRAIN] Step: 825 ; Loss: 16.492 ; Acc: 49.692
2018-09-19 14:32:14,192:INFO: [TRAIN] Step: 826 ; Loss: 22.683 ; Acc: 49.693
2018-09-19 14:32:14,306:INFO: [TRAIN] Step: 827 ; Loss: 19.024 ; Acc: 49.723
2018-09-19 14:32:14,420:INFO: [TRAIN] Step: 828 ; Loss: 15.994 ; Acc: 49.759
2018-09-19 14:32:14,532:INFO: [TRAIN] Step: 829 ; Loss: 23.393 ; Acc: 49.764
2018-09-19 14:32:14,646:INFO: [TRAIN] Step: 830 ; Loss: 22.246 ; Acc: 49.754
2018-09-19 14:32:14,759:INFO: [TRAIN] Step: 831 ; Loss: 15.466 ; Acc: 49.780
2018-09-19 14:32:14,869:INFO: [TRAIN] Step: 832 ; Loss: 21.970 ; Acc: 49.800
2018-09-19 14:32:14,985:INFO: [TRAIN] Step: 833 ; Loss: 22.402 ; Acc: 49.800
2018-09-19 14:32:15,096:INFO: [TRAIN] Step: 834 ; Loss: 25.708 ; Acc: 49.800
2018-09-19 14:32:15,211:INFO: [TRAIN] Step: 835 ; Loss: 21.003 ; Acc: 49.821
2018-09-19 14:32:15,326:INFO: [TRAIN] Step: 836 ; Loss: 22.434 ; Acc: 49.826
2018-09-19 14:32:15,443:INFO: [TRAIN] Step: 837 ; Loss: 21.465 ; Acc: 49.836
2018-09-19 14:32:15,553:INFO: [TRAIN] Step: 838 ; Loss: 20.527 ; Acc: 49.861
2018-09-19 14:32:15,664:INFO: [TRAIN] Step: 839 ; Loss: 20.523 ; Acc: 49.866
2018-09-19 14:32:15,776:INFO: [TRAIN] Step: 840 ; Loss: 23.719 ; Acc: 49.876
2018-09-19 14:32:15,884:INFO: [TRAIN] Step: 841 ; Loss: 22.743 ; Acc: 49.866
2018-09-19 14:32:15,993:INFO: [TRAIN] Step: 842 ; Loss: 28.502 ; Acc: 49.852
2018-09-19 14:32:16,102:INFO: [TRAIN] Step: 843 ; Loss: 22.839 ; Acc: 49.852
2018-09-19 14:32:16,212:INFO: [TRAIN] Step: 844 ; Loss: 20.688 ; Acc: 49.847
2018-09-19 14:32:16,326:INFO: [TRAIN] Step: 845 ; Loss: 17.280 ; Acc: 49.852
2018-09-19 14:32:16,440:INFO: [TRAIN] Step: 846 ; Loss: 18.066 ; Acc: 49.872
2018-09-19 14:32:16,547:INFO: [TRAIN] Step: 847 ; Loss: 19.790 ; Acc: 49.872
2018-09-19 14:32:16,657:INFO: [TRAIN] Step: 848 ; Loss: 22.533 ; Acc: 49.872
2018-09-19 14:32:16,764:INFO: [TRAIN] Step: 849 ; Loss: 23.777 ; Acc: 49.868
2018-09-19 14:32:16,871:INFO: [TRAIN] Step: 850 ; Loss: 20.072 ; Acc: 49.868
2018-09-19 14:32:16,975:INFO: [TRAIN] Step: 851 ; Loss: 16.274 ; Acc: 49.902
2018-09-19 14:32:17,084:INFO: [TRAIN] Step: 852 ; Loss: 21.077 ; Acc: 49.922
2018-09-19 14:32:17,191:INFO: [TRAIN] Step: 853 ; Loss: 21.191 ; Acc: 49.932
2018-09-19 14:32:17,305:INFO: [TRAIN] Step: 854 ; Loss: 20.186 ; Acc: 49.937
2018-09-19 14:32:17,411:INFO: [TRAIN] Step: 855 ; Loss: 21.970 ; Acc: 49.932
2018-09-19 14:32:17,520:INFO: [TRAIN] Step: 856 ; Loss: 16.543 ; Acc: 49.951
2018-09-19 14:32:17,633:INFO: [TRAIN] Step: 857 ; Loss: 25.748 ; Acc: 49.951
2018-09-19 14:32:17,740:INFO: [TRAIN] Step: 858 ; Loss: 23.725 ; Acc: 49.961
2018-09-19 14:32:17,848:INFO: [TRAIN] Step: 859 ; Loss: 20.198 ; Acc: 49.966
2018-09-19 14:32:17,958:INFO: [TRAIN] Step: 860 ; Loss: 14.614 ; Acc: 49.995
2018-09-19 14:32:18,066:INFO: [TRAIN] Step: 861 ; Loss: 22.939 ; Acc: 50.000
2018-09-19 14:32:18,173:INFO: [TRAIN] Step: 862 ; Loss: 22.055 ; Acc: 50.005
2018-09-19 14:32:18,295:INFO: [TRAIN] Step: 863 ; Loss: 24.515 ; Acc: 50.005
2018-09-19 14:32:18,407:INFO: [TRAIN] Step: 864 ; Loss: 22.623 ; Acc: 50.005
2018-09-19 14:32:18,520:INFO: [TRAIN] Step: 865 ; Loss: 22.831 ; Acc: 49.995
2018-09-19 14:32:18,637:INFO: [TRAIN] Step: 866 ; Loss: 17.348 ; Acc: 50.014
2018-09-19 14:32:18,742:INFO: [TRAIN] Step: 867 ; Loss: 23.647 ; Acc: 50.014
2018-09-19 14:32:18,848:INFO: [TRAIN] Step: 868 ; Loss: 20.075 ; Acc: 50.019
2018-09-19 14:32:18,961:INFO: [TRAIN] Step: 869 ; Loss: 17.363 ; Acc: 50.029
2018-09-19 14:32:19,071:INFO: [TRAIN] Step: 870 ; Loss: 22.185 ; Acc: 50.024
2018-09-19 14:32:19,178:INFO: [TRAIN] Step: 871 ; Loss: 19.594 ; Acc: 50.043
2018-09-19 14:32:19,307:INFO: [TRAIN] Step: 872 ; Loss: 18.443 ; Acc: 50.067
2018-09-19 14:32:19,417:INFO: [TRAIN] Step: 873 ; Loss: 22.102 ; Acc: 50.072
2018-09-19 14:32:19,519:INFO: [TRAIN] Step: 874 ; Loss: 23.430 ; Acc: 50.086
2018-09-19 14:32:19,633:INFO: [TRAIN] Step: 875 ; Loss: 19.965 ; Acc: 50.086
2018-09-19 14:32:19,735:INFO: [TRAIN] Step: 876 ; Loss: 20.440 ; Acc: 50.090
2018-09-19 14:32:19,845:INFO: [TRAIN] Step: 877 ; Loss: 20.277 ; Acc: 50.109
2018-09-19 14:32:19,945:INFO: [TRAIN] Step: 878 ; Loss: 20.298 ; Acc: 50.123
2018-09-19 14:32:20,050:INFO: [TRAIN] Step: 879 ; Loss: 16.866 ; Acc: 50.142
2018-09-19 14:32:20,155:INFO: [TRAIN] Step: 880 ; Loss: 16.804 ; Acc: 50.161
2018-09-19 14:32:20,259:INFO: [TRAIN] Step: 881 ; Loss: 18.662 ; Acc: 50.165
2018-09-19 14:32:20,361:INFO: [TRAIN] Step: 882 ; Loss: 23.054 ; Acc: 50.179
2018-09-19 14:32:20,462:INFO: [TRAIN] Step: 883 ; Loss: 20.484 ; Acc: 50.193
2018-09-19 14:32:20,570:INFO: [TRAIN] Step: 884 ; Loss: 17.310 ; Acc: 50.217
2018-09-19 14:32:20,683:INFO: [TRAIN] Step: 885 ; Loss: 18.657 ; Acc: 50.221
2018-09-19 14:32:20,795:INFO: [TRAIN] Step: 886 ; Loss: 18.106 ; Acc: 50.225
2018-09-19 14:32:20,914:INFO: [TRAIN] Step: 887 ; Loss: 17.606 ; Acc: 50.239
2018-09-19 14:32:21,025:INFO: [TRAIN] Step: 888 ; Loss: 17.341 ; Acc: 50.239
2018-09-19 14:32:21,127:INFO: [TRAIN] Step: 889 ; Loss: 20.799 ; Acc: 50.257
2018-09-19 14:32:21,229:INFO: [TRAIN] Step: 890 ; Loss: 20.576 ; Acc: 50.253
2018-09-19 14:32:21,330:INFO: [TRAIN] Step: 891 ; Loss: 21.111 ; Acc: 50.271
2018-09-19 14:32:21,434:INFO: [TRAIN] Step: 892 ; Loss: 20.182 ; Acc: 50.285
2018-09-19 14:32:21,538:INFO: [TRAIN] Step: 893 ; Loss: 22.947 ; Acc: 50.298
2018-09-19 14:32:21,638:INFO: [TRAIN] Step: 894 ; Loss: 21.036 ; Acc: 50.303
2018-09-19 14:32:21,732:INFO: [TRAIN] Step: 895 ; Loss: 19.254 ; Acc: 50.312
2018-09-19 14:32:21,838:INFO: [TRAIN] Step: 896 ; Loss: 24.203 ; Acc: 50.321
2018-09-19 14:32:21,941:INFO: [TRAIN] Step: 897 ; Loss: 20.290 ; Acc: 50.329
2018-09-19 14:32:22,041:INFO: [TRAIN] Step: 898 ; Loss: 19.879 ; Acc: 50.343
2018-09-19 14:32:22,141:INFO: [TRAIN] Step: 899 ; Loss: 22.941 ; Acc: 50.347
2018-09-19 14:32:22,241:INFO: [TRAIN] Step: 900 ; Loss: 18.347 ; Acc: 50.365
2018-09-19 14:32:22,343:INFO: [TRAIN] Step: 901 ; Loss: 20.084 ; Acc: 50.383
2018-09-19 14:32:22,444:INFO: [TRAIN] Step: 902 ; Loss: 15.377 ; Acc: 50.420
2018-09-19 14:32:22,545:INFO: [TRAIN] Step: 903 ; Loss: 19.950 ; Acc: 50.429
2018-09-19 14:32:22,647:INFO: [TRAIN] Step: 904 ; Loss: 19.767 ; Acc: 50.442
2018-09-19 14:32:22,751:INFO: [TRAIN] Step: 905 ; Loss: 20.905 ; Acc: 50.451
2018-09-19 14:32:22,852:INFO: [TRAIN] Step: 906 ; Loss: 19.001 ; Acc: 50.464
2018-09-19 14:32:22,954:INFO: [TRAIN] Step: 907 ; Loss: 21.319 ; Acc: 50.463
2018-09-19 14:32:23,061:INFO: [TRAIN] Step: 908 ; Loss: 20.960 ; Acc: 50.463
2018-09-19 14:32:23,163:INFO: [TRAIN] Step: 909 ; Loss: 17.734 ; Acc: 50.481
2018-09-19 14:32:23,265:INFO: [TRAIN] Step: 910 ; Loss: 17.224 ; Acc: 50.489
2018-09-19 14:32:23,368:INFO: [TRAIN] Step: 911 ; Loss: 21.883 ; Acc: 50.466
2018-09-19 14:32:23,469:INFO: [TRAIN] Step: 912 ; Loss: 24.375 ; Acc: 50.461
2018-09-19 14:32:23,568:INFO: [TRAIN] Step: 913 ; Loss: 22.797 ; Acc: 50.470
2018-09-19 14:32:23,666:INFO: [TRAIN] Step: 914 ; Loss: 23.882 ; Acc: 50.455
2018-09-19 14:32:23,769:INFO: [TRAIN] Step: 915 ; Loss: 17.656 ; Acc: 50.473
2018-09-19 14:32:23,868:INFO: [TRAIN] Step: 916 ; Loss: 17.670 ; Acc: 50.500
2018-09-19 14:32:23,966:INFO: [TRAIN] Step: 917 ; Loss: 17.482 ; Acc: 50.495
2018-09-19 14:32:24,070:INFO: [TRAIN] Step: 918 ; Loss: 21.058 ; Acc: 50.499
2018-09-19 14:32:24,171:INFO: [TRAIN] Step: 919 ; Loss: 21.418 ; Acc: 50.498
2018-09-19 14:32:24,274:INFO: [TRAIN] Step: 920 ; Loss: 20.533 ; Acc: 50.525
2018-09-19 14:32:24,377:INFO: [TRAIN] Step: 921 ; Loss: 23.285 ; Acc: 50.538
2018-09-19 14:32:24,479:INFO: [TRAIN] Step: 922 ; Loss: 15.651 ; Acc: 50.569
2018-09-19 14:32:24,580:INFO: [TRAIN] Step: 923 ; Loss: 18.464 ; Acc: 50.577
2018-09-19 14:32:24,686:INFO: [TRAIN] Step: 924 ; Loss: 16.076 ; Acc: 50.590
2018-09-19 14:32:24,790:INFO: [TRAIN] Step: 925 ; Loss: 14.376 ; Acc: 50.612
2018-09-19 14:32:24,891:INFO: [TRAIN] Step: 926 ; Loss: 16.578 ; Acc: 50.634
2018-09-19 14:32:24,992:INFO: [TRAIN] Step: 927 ; Loss: 23.126 ; Acc: 50.624
2018-09-19 14:32:25,092:INFO: [TRAIN] Step: 928 ; Loss: 21.227 ; Acc: 50.628
2018-09-19 14:32:25,196:INFO: [TRAIN] Step: 929 ; Loss: 23.441 ; Acc: 50.627
2018-09-19 14:32:25,297:INFO: [TRAIN] Step: 930 ; Loss: 23.093 ; Acc: 50.627
2018-09-19 14:32:25,401:INFO: [TRAIN] Step: 931 ; Loss: 21.070 ; Acc: 50.630
2018-09-19 14:32:25,501:INFO: [TRAIN] Step: 932 ; Loss: 21.946 ; Acc: 50.625
2018-09-19 14:32:25,596:INFO: [TRAIN] Step: 933 ; Loss: 18.367 ; Acc: 50.638
2018-09-19 14:32:25,698:INFO: [TRAIN] Step: 934 ; Loss: 17.547 ; Acc: 50.633
2018-09-19 14:32:25,800:INFO: [TRAIN] Step: 935 ; Loss: 17.113 ; Acc: 50.650
2018-09-19 14:32:25,901:INFO: [TRAIN] Step: 936 ; Loss: 20.688 ; Acc: 50.636
2018-09-19 14:32:26,005:INFO: [TRAIN] Step: 937 ; Loss: 18.647 ; Acc: 50.657
2018-09-19 14:32:26,109:INFO: [TRAIN] Step: 938 ; Loss: 24.593 ; Acc: 50.652
2018-09-19 14:32:26,208:INFO: [TRAIN] Step: 939 ; Loss: 22.840 ; Acc: 50.660
2018-09-19 14:32:26,306:INFO: [TRAIN] Step: 940 ; Loss: 25.391 ; Acc: 50.646
2018-09-19 14:32:26,410:INFO: [TRAIN] Step: 941 ; Loss: 19.251 ; Acc: 50.650
2018-09-19 14:32:26,508:INFO: [TRAIN] Step: 942 ; Loss: 23.227 ; Acc: 50.663
2018-09-19 14:32:26,605:INFO: [TRAIN] Step: 943 ; Loss: 23.026 ; Acc: 50.675
2018-09-19 14:32:26,706:INFO: [TRAIN] Step: 944 ; Loss: 22.487 ; Acc: 50.670
2018-09-19 14:32:26,808:INFO: [TRAIN] Step: 945 ; Loss: 14.709 ; Acc: 50.700
2018-09-19 14:32:26,907:INFO: [TRAIN] Step: 946 ; Loss: 19.542 ; Acc: 50.704
2018-09-19 14:32:27,003:INFO: [TRAIN] Step: 947 ; Loss: 28.338 ; Acc: 50.694
2018-09-19 14:32:27,104:INFO: [TRAIN] Step: 948 ; Loss: 17.907 ; Acc: 50.698
2018-09-19 14:32:27,203:INFO: [TRAIN] Step: 949 ; Loss: 20.255 ; Acc: 50.711
2018-09-19 14:32:27,302:INFO: [TRAIN] Step: 950 ; Loss: 22.920 ; Acc: 50.719
2018-09-19 14:32:27,407:INFO: [TRAIN] Step: 951 ; Loss: 25.457 ; Acc: 50.735
2018-09-19 14:32:27,500:INFO: [TRAIN] Step: 952 ; Loss: 15.870 ; Acc: 50.752
2018-09-19 14:32:27,604:INFO: [TRAIN] Step: 953 ; Loss: 26.719 ; Acc: 50.756
2018-09-19 14:32:27,702:INFO: [TRAIN] Step: 954 ; Loss: 20.862 ; Acc: 50.755
2018-09-19 14:32:27,806:INFO: [TRAIN] Step: 955 ; Loss: 19.709 ; Acc: 50.771
2018-09-19 14:32:27,905:INFO: [TRAIN] Step: 956 ; Loss: 23.448 ; Acc: 50.775
2018-09-19 14:32:27,998:INFO: [TRAIN] Step: 957 ; Loss: 19.789 ; Acc: 50.783
2018-09-19 14:32:28,099:INFO: [TRAIN] Step: 958 ; Loss: 21.064 ; Acc: 50.782
2018-09-19 14:32:28,199:INFO: [TRAIN] Step: 959 ; Loss: 21.828 ; Acc: 50.794
2018-09-19 14:32:28,309:INFO: [TRAIN] Step: 960 ; Loss: 24.328 ; Acc: 50.785
2018-09-19 14:32:28,407:INFO: [TRAIN] Step: 961 ; Loss: 20.723 ; Acc: 50.788
2018-09-19 14:32:28,506:INFO: [TRAIN] Step: 962 ; Loss: 18.949 ; Acc: 50.792
2018-09-19 14:32:28,599:INFO: [TRAIN] Step: 963 ; Loss: 24.078 ; Acc: 50.769
2018-09-19 14:32:28,704:INFO: [TRAIN] Step: 964 ; Loss: 14.808 ; Acc: 50.790
2018-09-19 14:32:28,799:INFO: [TRAIN] Step: 965 ; Loss: 24.268 ; Acc: 50.789
2018-09-19 14:32:28,903:INFO: [TRAIN] Step: 966 ; Loss: 15.638 ; Acc: 50.801
2018-09-19 14:32:28,998:INFO: [TRAIN] Step: 967 ; Loss: 16.908 ; Acc: 50.818
2018-09-19 14:32:29,100:INFO: [TRAIN] Step: 968 ; Loss: 18.474 ; Acc: 50.826
2018-09-19 14:32:29,197:INFO: [TRAIN] Step: 969 ; Loss: 18.511 ; Acc: 50.846
2018-09-19 14:32:29,301:INFO: [TRAIN] Step: 970 ; Loss: 24.559 ; Acc: 50.854
2018-09-19 14:32:29,396:INFO: [TRAIN] Step: 971 ; Loss: 17.282 ; Acc: 50.862
2018-09-19 14:32:29,502:INFO: [TRAIN] Step: 972 ; Loss: 18.805 ; Acc: 50.865
2018-09-19 14:32:29,596:INFO: [TRAIN] Step: 973 ; Loss: 21.446 ; Acc: 50.847
2018-09-19 14:32:29,701:INFO: [TRAIN] Step: 974 ; Loss: 17.906 ; Acc: 50.855
2018-09-19 14:32:29,794:INFO: [TRAIN] Step: 975 ; Loss: 22.348 ; Acc: 50.858
2018-09-19 14:32:29,901:INFO: [TRAIN] Step: 976 ; Loss: 17.714 ; Acc: 50.861
2018-09-19 14:32:29,994:INFO: [TRAIN] Step: 977 ; Loss: 21.694 ; Acc: 50.861
2018-09-19 14:32:30,095:INFO: [TRAIN] Step: 978 ; Loss: 20.123 ; Acc: 50.877
2018-09-19 14:32:30,190:INFO: [TRAIN] Step: 979 ; Loss: 17.783 ; Acc: 50.906
2018-09-19 14:32:30,293:INFO: [TRAIN] Step: 980 ; Loss: 22.295 ; Acc: 50.909
2018-09-19 14:32:30,386:INFO: [TRAIN] Step: 981 ; Loss: 19.870 ; Acc: 50.912
2018-09-19 14:32:30,487:INFO: [TRAIN] Step: 982 ; Loss: 16.971 ; Acc: 50.924
2018-09-19 14:32:30,586:INFO: [TRAIN] Step: 983 ; Loss: 22.854 ; Acc: 50.923
2018-09-19 14:32:30,685:INFO: [TRAIN] Step: 984 ; Loss: 19.273 ; Acc: 50.926
2018-09-19 14:32:30,779:INFO: [TRAIN] Step: 985 ; Loss: 19.301 ; Acc: 50.942
2018-09-19 14:32:30,883:INFO: [TRAIN] Step: 986 ; Loss: 18.013 ; Acc: 50.963
2018-09-19 14:32:30,981:INFO: [TRAIN] Step: 987 ; Loss: 22.485 ; Acc: 50.974
2018-09-19 14:32:31,087:INFO: [TRAIN] Step: 988 ; Loss: 25.339 ; Acc: 50.982
2018-09-19 14:32:31,181:INFO: [TRAIN] Step: 989 ; Loss: 15.728 ; Acc: 51.010
2018-09-19 14:32:31,281:INFO: [TRAIN] Step: 990 ; Loss: 22.798 ; Acc: 51.001
2018-09-19 14:32:31,376:INFO: [TRAIN] Step: 991 ; Loss: 19.336 ; Acc: 51.016
2018-09-19 14:32:31,478:INFO: [TRAIN] Step: 992 ; Loss: 21.857 ; Acc: 51.007
2018-09-19 14:32:31,571:INFO: [TRAIN] Step: 993 ; Loss: 22.922 ; Acc: 51.002
2018-09-19 14:32:31,673:INFO: [TRAIN] Step: 994 ; Loss: 19.115 ; Acc: 51.009
2018-09-19 14:32:31,769:INFO: [TRAIN] Step: 995 ; Loss: 20.672 ; Acc: 51.021
2018-09-19 14:32:31,873:INFO: [TRAIN] Step: 996 ; Loss: 21.175 ; Acc: 51.028
2018-09-19 14:32:31,966:INFO: [TRAIN] Step: 997 ; Loss: 17.980 ; Acc: 51.044
2018-09-19 14:32:32,067:INFO: [TRAIN] Step: 998 ; Loss: 16.774 ; Acc: 51.076
2018-09-19 14:32:32,165:INFO: [TRAIN] Step: 999 ; Loss: 21.358 ; Acc: 51.092
2018-09-19 14:32:32,270:INFO: [TRAIN] Step: 1000 ; Loss: 16.704 ; Acc: 51.107
2018-09-19 14:32:32,368:INFO: [TRAIN] Step: 1001 ; Loss: 20.520 ; Acc: 51.106
2018-09-19 14:32:32,472:INFO: [TRAIN] Step: 1002 ; Loss: 11.575 ; Acc: 51.130
2018-09-19 14:32:32,566:INFO: [TRAIN] Step: 1003 ; Loss: 20.011 ; Acc: 51.137
2018-09-19 14:32:32,669:INFO: [TRAIN] Step: 1004 ; Loss: 17.845 ; Acc: 51.140
2018-09-19 14:32:32,763:INFO: [TRAIN] Step: 1005 ; Loss: 27.314 ; Acc: 51.143
2018-09-19 14:32:32,864:INFO: [TRAIN] Step: 1006 ; Loss: 24.211 ; Acc: 51.138
2018-09-19 14:32:32,959:INFO: [TRAIN] Step: 1007 ; Loss: 17.211 ; Acc: 51.145
2018-09-19 14:32:33,063:INFO: [TRAIN] Step: 1008 ; Loss: 19.756 ; Acc: 51.160
2018-09-19 14:32:33,160:INFO: [TRAIN] Step: 1009 ; Loss: 18.454 ; Acc: 51.172
2018-09-19 14:32:33,260:INFO: [TRAIN] Step: 1010 ; Loss: 23.007 ; Acc: 51.170
2018-09-19 14:32:33,354:INFO: [TRAIN] Step: 1011 ; Loss: 21.751 ; Acc: 51.161
2018-09-19 14:32:33,456:INFO: [TRAIN] Step: 1012 ; Loss: 19.368 ; Acc: 51.168
2018-09-19 14:32:33,555:INFO: [TRAIN] Step: 1013 ; Loss: 23.651 ; Acc: 51.163
2018-09-19 14:32:33,661:INFO: [TRAIN] Step: 1014 ; Loss: 17.983 ; Acc: 51.186
2018-09-19 14:32:33,757:INFO: [TRAIN] Step: 1015 ; Loss: 21.051 ; Acc: 51.189
2018-09-19 14:32:33,860:INFO: [TRAIN] Step: 1016 ; Loss: 18.421 ; Acc: 51.205
2018-09-19 14:32:33,954:INFO: [TRAIN] Step: 1017 ; Loss: 22.220 ; Acc: 51.203
2018-09-19 14:32:34,056:INFO: [TRAIN] Step: 1018 ; Loss: 21.145 ; Acc: 51.202
2018-09-19 14:32:34,157:INFO: [TRAIN] Step: 1019 ; Loss: 17.916 ; Acc: 51.197
2018-09-19 14:32:34,260:INFO: [TRAIN] Step: 1020 ; Loss: 16.649 ; Acc: 51.204
2018-09-19 14:32:34,363:INFO: [TRAIN] Step: 1021 ; Loss: 19.759 ; Acc: 51.223
2018-09-19 14:32:34,471:INFO: [TRAIN] Step: 1022 ; Loss: 21.042 ; Acc: 51.238
2018-09-19 14:32:34,571:INFO: [TRAIN] Step: 1023 ; Loss: 17.912 ; Acc: 51.270
2018-09-19 14:32:34,677:INFO: [TRAIN] Step: 1024 ; Loss: 19.775 ; Acc: 51.264
2018-09-19 14:32:34,778:INFO: [TRAIN] Step: 1025 ; Loss: 17.174 ; Acc: 51.279
2018-09-19 14:32:34,879:INFO: [TRAIN] Step: 1026 ; Loss: 17.186 ; Acc: 51.298
2018-09-19 14:32:34,981:INFO: [TRAIN] Step: 1027 ; Loss: 18.825 ; Acc: 51.305
2018-09-19 14:32:35,084:INFO: [TRAIN] Step: 1028 ; Loss: 18.266 ; Acc: 51.320
2018-09-19 14:32:35,185:INFO: [TRAIN] Step: 1029 ; Loss: 28.251 ; Acc: 51.315
2018-09-19 14:32:35,287:INFO: [TRAIN] Step: 1030 ; Loss: 24.250 ; Acc: 51.317
2018-09-19 14:32:35,387:INFO: [TRAIN] Step: 1031 ; Loss: 23.113 ; Acc: 51.324
2018-09-19 14:32:35,485:INFO: [TRAIN] Step: 1032 ; Loss: 18.565 ; Acc: 51.335
2018-09-19 14:32:35,590:INFO: [TRAIN] Step: 1033 ; Loss: 19.155 ; Acc: 51.354
2018-09-19 14:32:35,690:INFO: [TRAIN] Step: 1034 ; Loss: 23.132 ; Acc: 51.345
2018-09-19 14:32:35,787:INFO: [TRAIN] Step: 1035 ; Loss: 24.466 ; Acc: 51.347
2018-09-19 14:32:35,889:INFO: [TRAIN] Step: 1036 ; Loss: 21.226 ; Acc: 51.346
2018-09-19 14:32:35,990:INFO: [TRAIN] Step: 1037 ; Loss: 20.121 ; Acc: 51.345
2018-09-19 14:32:36,099:INFO: [TRAIN] Step: 1038 ; Loss: 18.719 ; Acc: 51.339
2018-09-19 14:32:36,201:INFO: [TRAIN] Step: 1039 ; Loss: 23.071 ; Acc: 51.322
2018-09-19 14:32:36,305:INFO: [TRAIN] Step: 1040 ; Loss: 16.886 ; Acc: 51.337
2018-09-19 14:32:36,410:INFO: [TRAIN] Step: 1041 ; Loss: 22.513 ; Acc: 51.344
2018-09-19 14:32:36,512:INFO: [TRAIN] Step: 1042 ; Loss: 19.425 ; Acc: 51.362
2018-09-19 14:32:36,613:INFO: [TRAIN] Step: 1043 ; Loss: 20.790 ; Acc: 51.365
2018-09-19 14:32:36,714:INFO: [TRAIN] Step: 1044 ; Loss: 24.187 ; Acc: 51.364
2018-09-19 14:32:36,815:INFO: [TRAIN] Step: 1045 ; Loss: 24.579 ; Acc: 51.362
2018-09-19 14:32:36,915:INFO: [TRAIN] Step: 1046 ; Loss: 24.247 ; Acc: 51.357
2018-09-19 14:32:37,015:INFO: [TRAIN] Step: 1047 ; Loss: 20.637 ; Acc: 51.368
2018-09-19 14:32:37,113:INFO: [TRAIN] Step: 1048 ; Loss: 22.111 ; Acc: 51.366
2018-09-19 14:32:37,219:INFO: [TRAIN] Step: 1049 ; Loss: 19.716 ; Acc: 51.373
2018-09-19 14:32:37,318:INFO: [TRAIN] Step: 1050 ; Loss: 21.162 ; Acc: 51.364
2018-09-19 14:32:37,415:INFO: [TRAIN] Step: 1051 ; Loss: 30.022 ; Acc: 51.355
2018-09-19 14:32:37,519:INFO: [TRAIN] Step: 1052 ; Loss: 21.133 ; Acc: 51.353
2018-09-19 14:32:37,618:INFO: [TRAIN] Step: 1053 ; Loss: 18.932 ; Acc: 51.344
2018-09-19 14:32:37,717:INFO: [TRAIN] Step: 1054 ; Loss: 23.177 ; Acc: 51.339
2018-09-19 14:32:37,828:INFO: [TRAIN] Step: 1055 ; Loss: 20.991 ; Acc: 51.349
2018-09-19 14:32:37,933:INFO: [TRAIN] Step: 1056 ; Loss: 19.042 ; Acc: 51.356
2018-09-19 14:32:38,034:INFO: [TRAIN] Step: 1057 ; Loss: 18.609 ; Acc: 51.359
2018-09-19 14:32:38,134:INFO: [TRAIN] Step: 1058 ; Loss: 17.902 ; Acc: 51.373
2018-09-19 14:32:38,237:INFO: [TRAIN] Step: 1059 ; Loss: 20.452 ; Acc: 51.388
2018-09-19 14:32:38,339:INFO: [TRAIN] Step: 1060 ; Loss: 16.718 ; Acc: 51.394
2018-09-19 14:32:38,441:INFO: [TRAIN] Step: 1061 ; Loss: 17.893 ; Acc: 51.409
2018-09-19 14:32:38,542:INFO: [TRAIN] Step: 1062 ; Loss: 22.317 ; Acc: 51.415
2018-09-19 14:32:38,645:INFO: [TRAIN] Step: 1063 ; Loss: 21.969 ; Acc: 51.414
2018-09-19 14:32:38,746:INFO: [TRAIN] Step: 1064 ; Loss: 16.437 ; Acc: 51.420
2018-09-19 14:32:38,848:INFO: [TRAIN] Step: 1065 ; Loss: 15.593 ; Acc: 51.434
2018-09-19 14:32:38,945:INFO: [TRAIN] Step: 1066 ; Loss: 21.747 ; Acc: 51.437
2018-09-19 14:32:39,041:INFO: [TRAIN] Step: 1067 ; Loss: 20.390 ; Acc: 51.440
2018-09-19 14:32:39,146:INFO: [TRAIN] Step: 1068 ; Loss: 19.950 ; Acc: 51.458
2018-09-19 14:32:39,250:INFO: [TRAIN] Step: 1069 ; Loss: 15.843 ; Acc: 51.460
2018-09-19 14:32:39,375:INFO: [TRAIN] Step: 1070 ; Loss: 19.825 ; Acc: 51.467
2018-09-19 14:32:39,473:INFO: [TRAIN] Step: 1071 ; Loss: 20.959 ; Acc: 51.465
2018-09-19 14:32:39,573:INFO: [TRAIN] Step: 1072 ; Loss: 22.552 ; Acc: 51.464
2018-09-19 14:32:39,676:INFO: [TRAIN] Step: 1073 ; Loss: 18.925 ; Acc: 51.478
2018-09-19 14:32:39,775:INFO: [TRAIN] Step: 1074 ; Loss: 25.660 ; Acc: 51.465
2018-09-19 14:32:39,874:INFO: [TRAIN] Step: 1075 ; Loss: 16.462 ; Acc: 51.479
2018-09-19 14:32:39,978:INFO: [TRAIN] Step: 1076 ; Loss: 23.289 ; Acc: 51.486
2018-09-19 14:32:40,080:INFO: [TRAIN] Step: 1077 ; Loss: 21.078 ; Acc: 51.496
2018-09-19 14:32:40,182:INFO: [TRAIN] Step: 1078 ; Loss: 19.057 ; Acc: 51.502
2018-09-19 14:32:40,285:INFO: [TRAIN] Step: 1079 ; Loss: 17.699 ; Acc: 51.520
2018-09-19 14:32:40,386:INFO: [TRAIN] Step: 1080 ; Loss: 15.792 ; Acc: 51.546
2018-09-19 14:32:40,490:INFO: [TRAIN] Step: 1081 ; Loss: 18.680 ; Acc: 51.556
2018-09-19 14:32:40,592:INFO: [TRAIN] Step: 1082 ; Loss: 18.593 ; Acc: 51.554
2018-09-19 14:32:40,692:INFO: [TRAIN] Step: 1083 ; Loss: 23.051 ; Acc: 51.557
2018-09-19 14:32:40,795:INFO: [TRAIN] Step: 1084 ; Loss: 19.302 ; Acc: 51.578
2018-09-19 14:32:40,897:INFO: [TRAIN] Step: 1085 ; Loss: 19.080 ; Acc: 51.585
2018-09-19 14:32:41,003:INFO: [TRAIN] Step: 1086 ; Loss: 15.315 ; Acc: 51.602
2018-09-19 14:32:41,106:INFO: [TRAIN] Step: 1087 ; Loss: 24.306 ; Acc: 51.597
2018-09-19 14:32:41,210:INFO: [TRAIN] Step: 1088 ; Loss: 20.206 ; Acc: 51.599
2018-09-19 14:32:41,311:INFO: [TRAIN] Step: 1089 ; Loss: 14.888 ; Acc: 51.625
2018-09-19 14:32:41,414:INFO: [TRAIN] Step: 1090 ; Loss: 22.653 ; Acc: 51.631
2018-09-19 14:32:41,515:INFO: [TRAIN] Step: 1091 ; Loss: 21.048 ; Acc: 51.637
2018-09-19 14:32:41,615:INFO: [TRAIN] Step: 1092 ; Loss: 21.730 ; Acc: 51.651
2018-09-19 14:32:41,720:INFO: [TRAIN] Step: 1093 ; Loss: 21.063 ; Acc: 51.653
2018-09-19 14:32:41,819:INFO: [TRAIN] Step: 1094 ; Loss: 21.450 ; Acc: 51.663
2018-09-19 14:32:41,918:INFO: [TRAIN] Step: 1095 ; Loss: 15.106 ; Acc: 51.688
2018-09-19 14:32:42,020:INFO: [TRAIN] Step: 1096 ; Loss: 20.710 ; Acc: 51.686
2018-09-19 14:32:42,121:INFO: [TRAIN] Step: 1097 ; Loss: 25.368 ; Acc: 51.681
2018-09-19 14:32:42,228:INFO: [TRAIN] Step: 1098 ; Loss: 22.388 ; Acc: 51.680
2018-09-19 14:32:42,331:INFO: [TRAIN] Step: 1099 ; Loss: 19.801 ; Acc: 51.686
2018-09-19 14:32:42,435:INFO: [TRAIN] Step: 1100 ; Loss: 19.526 ; Acc: 51.692
2018-09-19 14:32:42,536:INFO: [TRAIN] Step: 1101 ; Loss: 19.765 ; Acc: 51.690
2018-09-19 14:32:42,637:INFO: [TRAIN] Step: 1102 ; Loss: 20.458 ; Acc: 51.700
2018-09-19 14:32:42,736:INFO: [TRAIN] Step: 1103 ; Loss: 18.500 ; Acc: 51.702
2018-09-19 14:32:42,833:INFO: [TRAIN] Step: 1104 ; Loss: 20.595 ; Acc: 51.712
2018-09-19 14:32:42,935:INFO: [TRAIN] Step: 1105 ; Loss: 19.655 ; Acc: 51.707
2018-09-19 14:32:43,040:INFO: [TRAIN] Step: 1106 ; Loss: 18.016 ; Acc: 51.713
2018-09-19 14:32:43,142:INFO: [TRAIN] Step: 1107 ; Loss: 19.058 ; Acc: 51.730
2018-09-19 14:32:43,244:INFO: [TRAIN] Step: 1108 ; Loss: 20.637 ; Acc: 51.740
2018-09-19 14:32:43,343:INFO: [TRAIN] Step: 1109 ; Loss: 21.323 ; Acc: 51.738
2018-09-19 14:32:43,440:INFO: [TRAIN] Step: 1110 ; Loss: 19.709 ; Acc: 51.744
2018-09-19 14:32:43,542:INFO: [TRAIN] Step: 1111 ; Loss: 20.466 ; Acc: 51.746
2018-09-19 14:32:43,645:INFO: [TRAIN] Step: 1112 ; Loss: 23.115 ; Acc: 51.730
2018-09-19 14:32:43,750:INFO: [TRAIN] Step: 1113 ; Loss: 17.256 ; Acc: 51.732
2018-09-19 14:32:43,854:INFO: [TRAIN] Step: 1114 ; Loss: 21.046 ; Acc: 51.730
2018-09-19 14:32:43,954:INFO: [TRAIN] Step: 1115 ; Loss: 17.805 ; Acc: 51.744
2018-09-19 14:32:44,054:INFO: [TRAIN] Step: 1116 ; Loss: 18.712 ; Acc: 51.753
2018-09-19 14:32:44,154:INFO: [TRAIN] Step: 1117 ; Loss: 20.508 ; Acc: 51.763
2018-09-19 14:32:44,257:INFO: [TRAIN] Step: 1118 ; Loss: 20.348 ; Acc: 51.761
2018-09-19 14:32:44,361:INFO: [TRAIN] Step: 1119 ; Loss: 19.726 ; Acc: 51.778
2018-09-19 14:32:44,461:INFO: [TRAIN] Step: 1120 ; Loss: 18.257 ; Acc: 51.780
2018-09-19 14:32:44,565:INFO: [TRAIN] Step: 1121 ; Loss: 17.937 ; Acc: 51.801
2018-09-19 14:32:44,668:INFO: [TRAIN] Step: 1122 ; Loss: 25.693 ; Acc: 51.807
2018-09-19 14:32:44,768:INFO: [TRAIN] Step: 1123 ; Loss: 20.550 ; Acc: 51.816
2018-09-19 14:32:44,861:INFO: [TRAIN] Step: 1124 ; Loss: 20.870 ; Acc: 51.811
2018-09-19 14:32:44,964:INFO: [TRAIN] Step: 1125 ; Loss: 20.657 ; Acc: 51.813
2018-09-19 14:32:45,066:INFO: [TRAIN] Step: 1126 ; Loss: 20.813 ; Acc: 51.826
2018-09-19 14:32:45,167:INFO: [TRAIN] Step: 1127 ; Loss: 23.992 ; Acc: 51.825
2018-09-19 14:32:45,266:INFO: [TRAIN] Step: 1128 ; Loss: 16.862 ; Acc: 51.823
2018-09-19 14:32:45,364:INFO: [TRAIN] Step: 1129 ; Loss: 20.782 ; Acc: 51.814
2018-09-19 14:32:45,466:INFO: [TRAIN] Step: 1130 ; Loss: 19.157 ; Acc: 51.831
2018-09-19 14:32:45,567:INFO: [TRAIN] Step: 1131 ; Loss: 16.090 ; Acc: 51.848
2018-09-19 14:32:45,671:INFO: [TRAIN] Step: 1132 ; Loss: 22.056 ; Acc: 51.846
2018-09-19 14:32:45,774:INFO: [TRAIN] Step: 1133 ; Loss: 19.746 ; Acc: 51.837
2018-09-19 14:32:45,876:INFO: [TRAIN] Step: 1134 ; Loss: 20.625 ; Acc: 51.850
2018-09-19 14:32:45,981:INFO: [TRAIN] Step: 1135 ; Loss: 23.638 ; Acc: 51.841
2018-09-19 14:32:46,081:INFO: [TRAIN] Step: 1136 ; Loss: 15.127 ; Acc: 51.851
2018-09-19 14:32:46,185:INFO: [TRAIN] Step: 1137 ; Loss: 17.385 ; Acc: 51.867
2018-09-19 14:32:46,287:INFO: [TRAIN] Step: 1138 ; Loss: 16.953 ; Acc: 51.873
2018-09-19 14:32:46,388:INFO: [TRAIN] Step: 1139 ; Loss: 15.048 ; Acc: 51.897
2018-09-19 14:32:46,490:INFO: [TRAIN] Step: 1140 ; Loss: 23.494 ; Acc: 51.895
2018-09-19 14:32:46,593:INFO: [TRAIN] Step: 1141 ; Loss: 20.310 ; Acc: 51.901
2018-09-19 14:32:46,693:INFO: [TRAIN] Step: 1142 ; Loss: 22.694 ; Acc: 51.903
2018-09-19 14:32:46,792:INFO: [TRAIN] Step: 1143 ; Loss: 19.153 ; Acc: 51.930
2018-09-19 14:32:46,888:INFO: [TRAIN] Step: 1144 ; Loss: 18.789 ; Acc: 51.936
2018-09-19 14:32:46,994:INFO: [TRAIN] Step: 1145 ; Loss: 19.782 ; Acc: 51.942
2018-09-19 14:32:47,092:INFO: [TRAIN] Step: 1146 ; Loss: 17.637 ; Acc: 51.958
2018-09-19 14:32:47,191:INFO: [TRAIN] Step: 1147 ; Loss: 21.975 ; Acc: 51.960
2018-09-19 14:32:47,296:INFO: [TRAIN] Step: 1148 ; Loss: 16.612 ; Acc: 51.976
2018-09-19 14:32:47,399:INFO: [TRAIN] Step: 1149 ; Loss: 22.020 ; Acc: 51.975
2018-09-19 14:32:47,504:INFO: [TRAIN] Step: 1150 ; Loss: 20.571 ; Acc: 51.973
2018-09-19 14:32:47,613:INFO: [TRAIN] Step: 1151 ; Loss: 20.457 ; Acc: 51.982
2018-09-19 14:32:47,715:INFO: [TRAIN] Step: 1152 ; Loss: 22.463 ; Acc: 51.980
2018-09-19 14:32:47,817:INFO: [TRAIN] Step: 1153 ; Loss: 18.292 ; Acc: 51.989
2018-09-19 14:32:47,915:INFO: [TRAIN] Step: 1154 ; Loss: 19.885 ; Acc: 51.988
2018-09-19 14:32:48,010:INFO: [TRAIN] Step: 1155 ; Loss: 22.434 ; Acc: 51.979
2018-09-19 14:32:48,110:INFO: [TRAIN] Step: 1156 ; Loss: 17.543 ; Acc: 51.984
2018-09-19 14:32:48,205:INFO: [TRAIN] Step: 1157 ; Loss: 20.709 ; Acc: 51.986
2018-09-19 14:32:48,309:INFO: [TRAIN] Step: 1158 ; Loss: 15.160 ; Acc: 52.006
2018-09-19 14:32:48,413:INFO: [TRAIN] Step: 1159 ; Loss: 21.486 ; Acc: 52.015
2018-09-19 14:32:48,517:INFO: [TRAIN] Step: 1160 ; Loss: 19.397 ; Acc: 52.013
2018-09-19 14:32:48,621:INFO: [TRAIN] Step: 1161 ; Loss: 21.897 ; Acc: 52.008
2018-09-19 14:32:48,727:INFO: [TRAIN] Step: 1162 ; Loss: 26.843 ; Acc: 51.996
2018-09-19 14:32:48,825:INFO: [TRAIN] Step: 1163 ; Loss: 13.319 ; Acc: 52.008
2018-09-19 14:32:48,921:INFO: [TRAIN] Step: 1164 ; Loss: 16.441 ; Acc: 52.024
2018-09-19 14:32:49,024:INFO: [TRAIN] Step: 1165 ; Loss: 25.333 ; Acc: 52.023
2018-09-19 14:32:49,124:INFO: [TRAIN] Step: 1166 ; Loss: 18.965 ; Acc: 52.039
2018-09-19 14:32:49,218:INFO: [TRAIN] Step: 1167 ; Loss: 16.057 ; Acc: 52.051
2018-09-19 14:32:49,322:INFO: [TRAIN] Step: 1168 ; Loss: 19.339 ; Acc: 52.053
2018-09-19 14:32:49,429:INFO: [TRAIN] Step: 1169 ; Loss: 20.104 ; Acc: 52.058
2018-09-19 14:32:49,529:INFO: [TRAIN] Step: 1170 ; Loss: 20.581 ; Acc: 52.057
2018-09-19 14:32:49,623:INFO: [TRAIN] Step: 1171 ; Loss: 22.899 ; Acc: 52.058
2018-09-19 14:32:49,723:INFO: [TRAIN] Step: 1172 ; Loss: 18.103 ; Acc: 52.060
2018-09-19 14:32:49,818:INFO: [TRAIN] Step: 1173 ; Loss: 19.105 ; Acc: 52.062
2018-09-19 14:32:49,920:INFO: [TRAIN] Step: 1174 ; Loss: 20.890 ; Acc: 52.064
2018-09-19 14:32:50,021:INFO: [TRAIN] Step: 1175 ; Loss: 16.954 ; Acc: 52.083
2018-09-19 14:32:50,121:INFO: [TRAIN] Step: 1176 ; Loss: 18.464 ; Acc: 52.092
2018-09-19 14:32:50,217:INFO: [TRAIN] Step: 1177 ; Loss: 18.599 ; Acc: 52.108
2018-09-19 14:32:50,320:INFO: [TRAIN] Step: 1178 ; Loss: 15.169 ; Acc: 52.117
2018-09-19 14:32:50,420:INFO: [TRAIN] Step: 1179 ; Loss: 22.662 ; Acc: 52.115
2018-09-19 14:32:50,520:INFO: [TRAIN] Step: 1180 ; Loss: 20.645 ; Acc: 52.106
2018-09-19 14:32:50,617:INFO: [TRAIN] Step: 1181 ; Loss: 15.561 ; Acc: 52.112
2018-09-19 14:32:50,721:INFO: [TRAIN] Step: 1182 ; Loss: 22.149 ; Acc: 52.106
2018-09-19 14:32:50,814:INFO: [TRAIN] Step: 1183 ; Loss: 23.725 ; Acc: 52.108
2018-09-19 14:32:50,920:INFO: [TRAIN] Step: 1184 ; Loss: 18.834 ; Acc: 52.110
2018-09-19 14:32:51,013:INFO: [TRAIN] Step: 1185 ; Loss: 19.664 ; Acc: 52.118
2018-09-19 14:32:51,122:INFO: [TRAIN] Step: 1186 ; Loss: 19.645 ; Acc: 52.127
2018-09-19 14:32:51,223:INFO: [TRAIN] Step: 1187 ; Loss: 15.074 ; Acc: 52.143
2018-09-19 14:32:51,327:INFO: [TRAIN] Step: 1188 ; Loss: 17.857 ; Acc: 52.148
2018-09-19 14:32:51,432:INFO: [TRAIN] Step: 1189 ; Loss: 16.947 ; Acc: 52.157
2018-09-19 14:32:56,601:INFO: [EVAL] Step: 1190 ; Loss: 0.202 ; Acc: 0.602
