2018-09-19 13:49:27,696:INFO: ### Model ###
LeNet5(
  (convnet): Sequential(
    (0): Conv2d(1, 6, kernel_size=(5, 5), stride=(1, 1))
    (1): ReLU()
    (2): MaxPool2d(kernel_size=(2, 2), stride=2, padding=0, dilation=1, ceil_mode=False)
    (3): Conv2d(6, 16, kernel_size=(5, 5), stride=(1, 1))
    (4): ReLU()
    (5): MaxPool2d(kernel_size=(2, 2), stride=2, padding=0, dilation=1, ceil_mode=False)
    (6): Conv2d(16, 120, kernel_size=(5, 5), stride=(1, 1))
    (7): ReLU()
    (8): Conv2d(120, 240, kernel_size=(5, 5), stride=(1, 1))
    (9): ReLU()
  )
  (fc): Sequential(
    (0): Linear(in_features=240, out_features=84, bias=True)
    (1): ReLU()
    (2): Linear(in_features=84, out_features=10, bias=True)
  )
)
2018-09-19 13:49:27,696:INFO: ### Optimizer ###
Adam (
Parameter Group 0
    amsgrad: False
    betas: (0.9, 0.999)
    eps: 1e-08
    lr: 1e-06
    weight_decay: 0
)
2018-09-19 13:49:27,696:INFO: ### HParams ###
n_epochs: 1 ; data: ferplus ; label: ferplus_votes ; batch_size: 24 ; lr: 1e-06 ; wd: 0 ; eval_steps: 1190
2018-09-19 13:49:27,885:INFO: [TRAIN] Step: 0 ; Loss: 42.101 ; Acc: 20.833
2018-09-19 13:49:27,983:INFO: [TRAIN] Step: 1 ; Loss: 41.661 ; Acc: 14.583
2018-09-19 13:49:28,058:INFO: [TRAIN] Step: 2 ; Loss: 39.499 ; Acc: 16.667
2018-09-19 13:49:28,144:INFO: [TRAIN] Step: 3 ; Loss: 41.698 ; Acc: 22.917
2018-09-19 13:49:28,218:INFO: [TRAIN] Step: 4 ; Loss: 37.375 ; Acc: 25.000
2018-09-19 13:49:28,295:INFO: [TRAIN] Step: 5 ; Loss: 37.611 ; Acc: 27.778
2018-09-19 13:49:28,372:INFO: [TRAIN] Step: 6 ; Loss: 39.639 ; Acc: 29.762
2018-09-19 13:49:28,455:INFO: [TRAIN] Step: 7 ; Loss: 39.902 ; Acc: 30.729
2018-09-19 13:49:28,527:INFO: [TRAIN] Step: 8 ; Loss: 44.518 ; Acc: 30.093
2018-09-19 13:49:28,610:INFO: [TRAIN] Step: 9 ; Loss: 39.694 ; Acc: 32.083
2018-09-19 13:49:28,683:INFO: [TRAIN] Step: 10 ; Loss: 35.973 ; Acc: 32.197
2018-09-19 13:49:28,766:INFO: [TRAIN] Step: 11 ; Loss: 36.264 ; Acc: 32.986
2018-09-19 13:49:28,841:INFO: [TRAIN] Step: 12 ; Loss: 40.271 ; Acc: 32.372
2018-09-19 13:49:28,920:INFO: [TRAIN] Step: 13 ; Loss: 39.801 ; Acc: 32.440
2018-09-19 13:49:28,997:INFO: [TRAIN] Step: 14 ; Loss: 37.516 ; Acc: 33.611
2018-09-19 13:49:29,084:INFO: [TRAIN] Step: 15 ; Loss: 36.546 ; Acc: 33.594
2018-09-19 13:49:29,159:INFO: [TRAIN] Step: 16 ; Loss: 37.154 ; Acc: 34.804
2018-09-19 13:49:29,241:INFO: [TRAIN] Step: 17 ; Loss: 44.242 ; Acc: 34.491
2018-09-19 13:49:29,313:INFO: [TRAIN] Step: 18 ; Loss: 39.585 ; Acc: 34.211
2018-09-19 13:49:29,392:INFO: [TRAIN] Step: 19 ; Loss: 33.707 ; Acc: 35.417
2018-09-19 13:49:29,465:INFO: [TRAIN] Step: 20 ; Loss: 42.475 ; Acc: 35.119
2018-09-19 13:49:29,545:INFO: [TRAIN] Step: 21 ; Loss: 31.573 ; Acc: 35.038
2018-09-19 13:49:29,618:INFO: [TRAIN] Step: 22 ; Loss: 36.545 ; Acc: 35.870
2018-09-19 13:49:29,699:INFO: [TRAIN] Step: 23 ; Loss: 40.132 ; Acc: 36.285
2018-09-19 13:49:29,772:INFO: [TRAIN] Step: 24 ; Loss: 40.231 ; Acc: 36.667
2018-09-19 13:49:29,853:INFO: [TRAIN] Step: 25 ; Loss: 36.983 ; Acc: 37.179
2018-09-19 13:49:29,927:INFO: [TRAIN] Step: 26 ; Loss: 40.240 ; Acc: 37.191
2018-09-19 13:49:30,008:INFO: [TRAIN] Step: 27 ; Loss: 37.105 ; Acc: 37.202
2018-09-19 13:49:30,082:INFO: [TRAIN] Step: 28 ; Loss: 37.834 ; Acc: 36.782
2018-09-19 13:49:30,162:INFO: [TRAIN] Step: 29 ; Loss: 37.445 ; Acc: 36.806
2018-09-19 13:49:30,236:INFO: [TRAIN] Step: 30 ; Loss: 41.579 ; Acc: 36.828
2018-09-19 13:49:30,315:INFO: [TRAIN] Step: 31 ; Loss: 39.824 ; Acc: 36.458
2018-09-19 13:49:30,387:INFO: [TRAIN] Step: 32 ; Loss: 35.409 ; Acc: 36.237
2018-09-19 13:49:30,465:INFO: [TRAIN] Step: 33 ; Loss: 38.262 ; Acc: 36.520
2018-09-19 13:49:30,537:INFO: [TRAIN] Step: 34 ; Loss: 36.969 ; Acc: 37.024
2018-09-19 13:49:30,615:INFO: [TRAIN] Step: 35 ; Loss: 39.674 ; Acc: 37.037
2018-09-19 13:49:30,688:INFO: [TRAIN] Step: 36 ; Loss: 40.485 ; Acc: 37.162
2018-09-19 13:49:30,767:INFO: [TRAIN] Step: 37 ; Loss: 40.419 ; Acc: 37.390
2018-09-19 13:49:30,839:INFO: [TRAIN] Step: 38 ; Loss: 33.330 ; Acc: 37.179
2018-09-19 13:49:30,924:INFO: [TRAIN] Step: 39 ; Loss: 39.584 ; Acc: 37.396
2018-09-19 13:49:31,003:INFO: [TRAIN] Step: 40 ; Loss: 38.520 ; Acc: 37.398
2018-09-19 13:49:31,080:INFO: [TRAIN] Step: 41 ; Loss: 40.411 ; Acc: 37.202
2018-09-19 13:49:31,174:INFO: [TRAIN] Step: 42 ; Loss: 43.552 ; Acc: 37.209
2018-09-19 13:49:31,255:INFO: [TRAIN] Step: 43 ; Loss: 40.446 ; Acc: 37.405
2018-09-19 13:49:31,332:INFO: [TRAIN] Step: 44 ; Loss: 42.031 ; Acc: 37.500
2018-09-19 13:49:31,414:INFO: [TRAIN] Step: 45 ; Loss: 39.368 ; Acc: 37.591
2018-09-19 13:49:31,488:INFO: [TRAIN] Step: 46 ; Loss: 36.409 ; Acc: 37.766
2018-09-19 13:49:31,567:INFO: [TRAIN] Step: 47 ; Loss: 41.386 ; Acc: 37.240
2018-09-19 13:49:31,646:INFO: [TRAIN] Step: 48 ; Loss: 40.137 ; Acc: 37.160
2018-09-19 13:49:31,725:INFO: [TRAIN] Step: 49 ; Loss: 42.121 ; Acc: 37.167
2018-09-19 13:49:31,797:INFO: [TRAIN] Step: 50 ; Loss: 43.731 ; Acc: 37.092
2018-09-19 13:49:31,880:INFO: [TRAIN] Step: 51 ; Loss: 40.727 ; Acc: 37.019
2018-09-19 13:49:31,953:INFO: [TRAIN] Step: 52 ; Loss: 43.903 ; Acc: 36.792
2018-09-19 13:49:32,033:INFO: [TRAIN] Step: 53 ; Loss: 42.934 ; Acc: 36.883
2018-09-19 13:49:32,106:INFO: [TRAIN] Step: 54 ; Loss: 40.353 ; Acc: 36.818
2018-09-19 13:49:32,188:INFO: [TRAIN] Step: 55 ; Loss: 40.042 ; Acc: 36.830
2018-09-19 13:49:32,260:INFO: [TRAIN] Step: 56 ; Loss: 44.324 ; Acc: 36.988
2018-09-19 13:49:32,342:INFO: [TRAIN] Step: 57 ; Loss: 36.684 ; Acc: 37.069
2018-09-19 13:49:32,416:INFO: [TRAIN] Step: 58 ; Loss: 40.816 ; Acc: 37.076
2018-09-19 13:49:32,494:INFO: [TRAIN] Step: 59 ; Loss: 37.378 ; Acc: 37.153
2018-09-19 13:49:32,568:INFO: [TRAIN] Step: 60 ; Loss: 40.516 ; Acc: 36.885
2018-09-19 13:49:32,648:INFO: [TRAIN] Step: 61 ; Loss: 41.723 ; Acc: 36.828
2018-09-19 13:49:32,720:INFO: [TRAIN] Step: 62 ; Loss: 40.245 ; Acc: 36.772
2018-09-19 13:49:32,797:INFO: [TRAIN] Step: 63 ; Loss: 37.394 ; Acc: 36.654
2018-09-19 13:49:32,876:INFO: [TRAIN] Step: 64 ; Loss: 37.870 ; Acc: 36.538
2018-09-19 13:49:32,956:INFO: [TRAIN] Step: 65 ; Loss: 36.360 ; Acc: 36.427
2018-09-19 13:49:33,034:INFO: [TRAIN] Step: 66 ; Loss: 39.456 ; Acc: 36.256
2018-09-19 13:49:33,112:INFO: [TRAIN] Step: 67 ; Loss: 35.990 ; Acc: 36.458
2018-09-19 13:49:33,188:INFO: [TRAIN] Step: 68 ; Loss: 41.206 ; Acc: 36.292
2018-09-19 13:49:33,266:INFO: [TRAIN] Step: 69 ; Loss: 37.970 ; Acc: 36.310
2018-09-19 13:49:33,338:INFO: [TRAIN] Step: 70 ; Loss: 40.471 ; Acc: 36.209
2018-09-19 13:49:33,417:INFO: [TRAIN] Step: 71 ; Loss: 38.767 ; Acc: 36.227
2018-09-19 13:49:33,492:INFO: [TRAIN] Step: 72 ; Loss: 41.771 ; Acc: 36.301
2018-09-19 13:49:33,572:INFO: [TRAIN] Step: 73 ; Loss: 38.063 ; Acc: 36.318
2018-09-19 13:49:33,645:INFO: [TRAIN] Step: 74 ; Loss: 37.051 ; Acc: 36.278
2018-09-19 13:49:33,726:INFO: [TRAIN] Step: 75 ; Loss: 43.087 ; Acc: 36.294
2018-09-19 13:49:33,800:INFO: [TRAIN] Step: 76 ; Loss: 41.658 ; Acc: 36.255
2018-09-19 13:49:33,881:INFO: [TRAIN] Step: 77 ; Loss: 40.211 ; Acc: 36.325
2018-09-19 13:49:33,955:INFO: [TRAIN] Step: 78 ; Loss: 39.371 ; Acc: 36.340
2018-09-19 13:49:34,034:INFO: [TRAIN] Step: 79 ; Loss: 38.809 ; Acc: 36.250
2018-09-19 13:49:34,106:INFO: [TRAIN] Step: 80 ; Loss: 38.245 ; Acc: 36.214
2018-09-19 13:49:34,187:INFO: [TRAIN] Step: 81 ; Loss: 37.158 ; Acc: 36.128
2018-09-19 13:49:34,261:INFO: [TRAIN] Step: 82 ; Loss: 38.169 ; Acc: 36.145
2018-09-19 13:49:34,341:INFO: [TRAIN] Step: 83 ; Loss: 37.019 ; Acc: 36.111
2018-09-19 13:49:34,442:INFO: [TRAIN] Step: 84 ; Loss: 38.751 ; Acc: 36.176
2018-09-19 13:49:34,523:INFO: [TRAIN] Step: 85 ; Loss: 40.900 ; Acc: 36.192
2018-09-19 13:49:34,597:INFO: [TRAIN] Step: 86 ; Loss: 38.812 ; Acc: 36.255
2018-09-19 13:49:34,686:INFO: [TRAIN] Step: 87 ; Loss: 40.078 ; Acc: 36.364
2018-09-19 13:49:34,759:INFO: [TRAIN] Step: 88 ; Loss: 39.773 ; Acc: 36.283
2018-09-19 13:49:34,842:INFO: [TRAIN] Step: 89 ; Loss: 39.640 ; Acc: 36.296
2018-09-19 13:49:34,914:INFO: [TRAIN] Step: 90 ; Loss: 38.705 ; Acc: 36.081
2018-09-19 13:49:34,991:INFO: [TRAIN] Step: 91 ; Loss: 41.433 ; Acc: 36.141
2018-09-19 13:49:35,072:INFO: [TRAIN] Step: 92 ; Loss: 38.134 ; Acc: 36.290
2018-09-19 13:49:35,153:INFO: [TRAIN] Step: 93 ; Loss: 39.243 ; Acc: 36.303
2018-09-19 13:49:35,229:INFO: [TRAIN] Step: 94 ; Loss: 37.635 ; Acc: 36.360
2018-09-19 13:49:35,306:INFO: [TRAIN] Step: 95 ; Loss: 37.971 ; Acc: 36.372
2018-09-19 13:49:35,382:INFO: [TRAIN] Step: 96 ; Loss: 40.979 ; Acc: 36.168
2018-09-19 13:49:35,461:INFO: [TRAIN] Step: 97 ; Loss: 38.590 ; Acc: 36.310
2018-09-19 13:49:35,535:INFO: [TRAIN] Step: 98 ; Loss: 36.706 ; Acc: 36.574
2018-09-19 13:49:35,614:INFO: [TRAIN] Step: 99 ; Loss: 38.006 ; Acc: 36.542
2018-09-19 13:49:35,687:INFO: [TRAIN] Step: 100 ; Loss: 39.970 ; Acc: 36.592
2018-09-19 13:49:35,767:INFO: [TRAIN] Step: 101 ; Loss: 41.443 ; Acc: 36.601
2018-09-19 13:49:35,841:INFO: [TRAIN] Step: 102 ; Loss: 35.808 ; Acc: 36.650
2018-09-19 13:49:35,926:INFO: [TRAIN] Step: 103 ; Loss: 41.327 ; Acc: 36.619
2018-09-19 13:49:36,001:INFO: [TRAIN] Step: 104 ; Loss: 37.382 ; Acc: 36.587
2018-09-19 13:49:36,085:INFO: [TRAIN] Step: 105 ; Loss: 41.888 ; Acc: 36.517
2018-09-19 13:49:36,159:INFO: [TRAIN] Step: 106 ; Loss: 32.767 ; Acc: 36.565
2018-09-19 13:49:36,238:INFO: [TRAIN] Step: 107 ; Loss: 39.399 ; Acc: 36.497
2018-09-19 13:49:36,312:INFO: [TRAIN] Step: 108 ; Loss: 39.411 ; Acc: 36.544
2018-09-19 13:49:36,390:INFO: [TRAIN] Step: 109 ; Loss: 42.446 ; Acc: 36.439
2018-09-19 13:49:36,467:INFO: [TRAIN] Step: 110 ; Loss: 37.458 ; Acc: 36.524
2018-09-19 13:49:36,547:INFO: [TRAIN] Step: 111 ; Loss: 38.740 ; Acc: 36.644
2018-09-19 13:49:36,621:INFO: [TRAIN] Step: 112 ; Loss: 39.103 ; Acc: 36.689
2018-09-19 13:49:36,702:INFO: [TRAIN] Step: 113 ; Loss: 38.639 ; Acc: 36.623
2018-09-19 13:49:36,775:INFO: [TRAIN] Step: 114 ; Loss: 37.525 ; Acc: 36.594
2018-09-19 13:49:36,855:INFO: [TRAIN] Step: 115 ; Loss: 35.376 ; Acc: 36.602
2018-09-19 13:49:36,929:INFO: [TRAIN] Step: 116 ; Loss: 39.778 ; Acc: 36.681
2018-09-19 13:49:37,008:INFO: [TRAIN] Step: 117 ; Loss: 36.044 ; Acc: 36.653
2018-09-19 13:49:37,080:INFO: [TRAIN] Step: 118 ; Loss: 39.008 ; Acc: 36.660
2018-09-19 13:49:37,160:INFO: [TRAIN] Step: 119 ; Loss: 40.493 ; Acc: 36.597
2018-09-19 13:49:37,232:INFO: [TRAIN] Step: 120 ; Loss: 41.268 ; Acc: 36.536
2018-09-19 13:49:37,314:INFO: [TRAIN] Step: 121 ; Loss: 36.095 ; Acc: 36.510
2018-09-19 13:49:37,388:INFO: [TRAIN] Step: 122 ; Loss: 39.883 ; Acc: 36.450
2018-09-19 13:49:37,466:INFO: [TRAIN] Step: 123 ; Loss: 34.914 ; Acc: 36.593
2018-09-19 13:49:37,539:INFO: [TRAIN] Step: 124 ; Loss: 36.548 ; Acc: 36.567
2018-09-19 13:49:37,618:INFO: [TRAIN] Step: 125 ; Loss: 41.838 ; Acc: 36.508
2018-09-19 13:49:37,718:INFO: [TRAIN] Step: 126 ; Loss: 42.992 ; Acc: 36.385
2018-09-19 13:49:37,798:INFO: [TRAIN] Step: 127 ; Loss: 41.124 ; Acc: 36.393
2018-09-19 13:49:37,880:INFO: [TRAIN] Step: 128 ; Loss: 40.130 ; Acc: 36.370
2018-09-19 13:49:37,958:INFO: [TRAIN] Step: 129 ; Loss: 39.415 ; Acc: 36.346
2018-09-19 13:49:38,035:INFO: [TRAIN] Step: 130 ; Loss: 35.295 ; Acc: 36.450
2018-09-19 13:49:38,114:INFO: [TRAIN] Step: 131 ; Loss: 36.683 ; Acc: 36.553
2018-09-19 13:49:38,187:INFO: [TRAIN] Step: 132 ; Loss: 38.117 ; Acc: 36.560
2018-09-19 13:49:38,267:INFO: [TRAIN] Step: 133 ; Loss: 36.540 ; Acc: 36.598
2018-09-19 13:49:38,341:INFO: [TRAIN] Step: 134 ; Loss: 38.080 ; Acc: 36.574
2018-09-19 13:49:38,422:INFO: [TRAIN] Step: 135 ; Loss: 35.300 ; Acc: 36.703
2018-09-19 13:49:38,495:INFO: [TRAIN] Step: 136 ; Loss: 40.219 ; Acc: 36.679
2018-09-19 13:49:38,573:INFO: [TRAIN] Step: 137 ; Loss: 44.224 ; Acc: 36.624
2018-09-19 13:49:38,646:INFO: [TRAIN] Step: 138 ; Loss: 37.196 ; Acc: 36.601
2018-09-19 13:49:38,726:INFO: [TRAIN] Step: 139 ; Loss: 41.176 ; Acc: 36.696
2018-09-19 13:49:38,799:INFO: [TRAIN] Step: 140 ; Loss: 34.763 ; Acc: 36.673
2018-09-19 13:49:38,878:INFO: [TRAIN] Step: 141 ; Loss: 42.043 ; Acc: 36.649
2018-09-19 13:49:38,952:INFO: [TRAIN] Step: 142 ; Loss: 39.442 ; Acc: 36.713
2018-09-19 13:49:39,031:INFO: [TRAIN] Step: 143 ; Loss: 37.917 ; Acc: 36.777
2018-09-19 13:49:39,104:INFO: [TRAIN] Step: 144 ; Loss: 38.150 ; Acc: 36.753
2018-09-19 13:49:39,183:INFO: [TRAIN] Step: 145 ; Loss: 36.012 ; Acc: 36.787
2018-09-19 13:49:39,258:INFO: [TRAIN] Step: 146 ; Loss: 35.789 ; Acc: 36.791
2018-09-19 13:49:39,338:INFO: [TRAIN] Step: 147 ; Loss: 39.848 ; Acc: 36.740
2018-09-19 13:49:39,410:INFO: [TRAIN] Step: 148 ; Loss: 35.838 ; Acc: 36.773
2018-09-19 13:49:39,490:INFO: [TRAIN] Step: 149 ; Loss: 37.384 ; Acc: 36.833
2018-09-19 13:49:39,566:INFO: [TRAIN] Step: 150 ; Loss: 38.984 ; Acc: 36.810
2018-09-19 13:49:39,643:INFO: [TRAIN] Step: 151 ; Loss: 38.673 ; Acc: 36.705
2018-09-19 13:49:39,717:INFO: [TRAIN] Step: 152 ; Loss: 42.368 ; Acc: 36.629
2018-09-19 13:49:39,795:INFO: [TRAIN] Step: 153 ; Loss: 41.051 ; Acc: 36.661
2018-09-19 13:49:39,869:INFO: [TRAIN] Step: 154 ; Loss: 37.758 ; Acc: 36.747
2018-09-19 13:49:39,948:INFO: [TRAIN] Step: 155 ; Loss: 43.855 ; Acc: 36.699
2018-09-19 13:49:40,022:INFO: [TRAIN] Step: 156 ; Loss: 41.367 ; Acc: 36.677
2018-09-19 13:49:40,101:INFO: [TRAIN] Step: 157 ; Loss: 43.849 ; Acc: 36.603
2018-09-19 13:49:40,174:INFO: [TRAIN] Step: 158 ; Loss: 38.720 ; Acc: 36.478
2018-09-19 13:49:40,255:INFO: [TRAIN] Step: 159 ; Loss: 41.836 ; Acc: 36.510
2018-09-19 13:49:40,330:INFO: [TRAIN] Step: 160 ; Loss: 41.196 ; Acc: 36.568
2018-09-19 13:49:40,408:INFO: [TRAIN] Step: 161 ; Loss: 42.859 ; Acc: 36.471
2018-09-19 13:49:40,484:INFO: [TRAIN] Step: 162 ; Loss: 37.797 ; Acc: 36.478
2018-09-19 13:49:40,562:INFO: [TRAIN] Step: 163 ; Loss: 39.379 ; Acc: 36.535
2018-09-19 13:49:40,634:INFO: [TRAIN] Step: 164 ; Loss: 39.119 ; Acc: 36.616
2018-09-19 13:49:40,714:INFO: [TRAIN] Step: 165 ; Loss: 37.581 ; Acc: 36.647
2018-09-19 13:49:40,789:INFO: [TRAIN] Step: 166 ; Loss: 38.440 ; Acc: 36.727
2018-09-19 13:49:40,881:INFO: [TRAIN] Step: 167 ; Loss: 38.079 ; Acc: 36.706
2018-09-19 13:49:40,961:INFO: [TRAIN] Step: 168 ; Loss: 37.904 ; Acc: 36.637
2018-09-19 13:49:41,047:INFO: [TRAIN] Step: 169 ; Loss: 39.787 ; Acc: 36.520
2018-09-19 13:49:41,123:INFO: [TRAIN] Step: 170 ; Loss: 40.399 ; Acc: 36.525
2018-09-19 13:49:41,202:INFO: [TRAIN] Step: 171 ; Loss: 42.202 ; Acc: 36.628
2018-09-19 13:49:41,277:INFO: [TRAIN] Step: 172 ; Loss: 37.560 ; Acc: 36.633
2018-09-19 13:49:41,360:INFO: [TRAIN] Step: 173 ; Loss: 44.355 ; Acc: 36.614
2018-09-19 13:49:41,433:INFO: [TRAIN] Step: 174 ; Loss: 39.924 ; Acc: 36.595
2018-09-19 13:49:41,513:INFO: [TRAIN] Step: 175 ; Loss: 36.554 ; Acc: 36.624
2018-09-19 13:49:41,587:INFO: [TRAIN] Step: 176 ; Loss: 39.421 ; Acc: 36.653
2018-09-19 13:49:41,671:INFO: [TRAIN] Step: 177 ; Loss: 43.216 ; Acc: 36.704
2018-09-19 13:49:41,744:INFO: [TRAIN] Step: 178 ; Loss: 40.628 ; Acc: 36.685
2018-09-19 13:49:41,825:INFO: [TRAIN] Step: 179 ; Loss: 37.856 ; Acc: 36.690
2018-09-19 13:49:41,917:INFO: [TRAIN] Step: 180 ; Loss: 36.104 ; Acc: 36.809
2018-09-19 13:49:41,997:INFO: [TRAIN] Step: 181 ; Loss: 39.368 ; Acc: 36.859
2018-09-19 13:49:42,073:INFO: [TRAIN] Step: 182 ; Loss: 41.018 ; Acc: 36.771
2018-09-19 13:49:42,156:INFO: [TRAIN] Step: 183 ; Loss: 43.355 ; Acc: 36.707
2018-09-19 13:49:42,228:INFO: [TRAIN] Step: 184 ; Loss: 37.487 ; Acc: 36.734
2018-09-19 13:49:42,308:INFO: [TRAIN] Step: 185 ; Loss: 37.214 ; Acc: 36.828
2018-09-19 13:49:42,383:INFO: [TRAIN] Step: 186 ; Loss: 38.679 ; Acc: 36.742
2018-09-19 13:49:42,463:INFO: [TRAIN] Step: 187 ; Loss: 37.827 ; Acc: 36.813
2018-09-19 13:49:42,538:INFO: [TRAIN] Step: 188 ; Loss: 35.407 ; Acc: 36.684
2018-09-19 13:49:42,619:INFO: [TRAIN] Step: 189 ; Loss: 39.161 ; Acc: 36.645
2018-09-19 13:49:42,692:INFO: [TRAIN] Step: 190 ; Loss: 41.408 ; Acc: 36.715
2018-09-19 13:49:42,770:INFO: [TRAIN] Step: 191 ; Loss: 38.393 ; Acc: 36.740
2018-09-19 13:49:42,845:INFO: [TRAIN] Step: 192 ; Loss: 40.449 ; Acc: 36.831
2018-09-19 13:49:42,926:INFO: [TRAIN] Step: 193 ; Loss: 37.267 ; Acc: 36.834
2018-09-19 13:49:43,003:INFO: [TRAIN] Step: 194 ; Loss: 35.666 ; Acc: 36.816
2018-09-19 13:49:43,084:INFO: [TRAIN] Step: 195 ; Loss: 37.097 ; Acc: 36.947
2018-09-19 13:49:43,160:INFO: [TRAIN] Step: 196 ; Loss: 37.934 ; Acc: 36.887
2018-09-19 13:49:43,244:INFO: [TRAIN] Step: 197 ; Loss: 40.066 ; Acc: 36.806
2018-09-19 13:49:43,319:INFO: [TRAIN] Step: 198 ; Loss: 40.841 ; Acc: 36.809
2018-09-19 13:49:43,401:INFO: [TRAIN] Step: 199 ; Loss: 37.180 ; Acc: 36.833
2018-09-19 13:49:43,475:INFO: [TRAIN] Step: 200 ; Loss: 39.786 ; Acc: 36.816
2018-09-19 13:49:43,555:INFO: [TRAIN] Step: 201 ; Loss: 36.788 ; Acc: 36.799
2018-09-19 13:49:43,629:INFO: [TRAIN] Step: 202 ; Loss: 39.850 ; Acc: 36.761
2018-09-19 13:49:43,710:INFO: [TRAIN] Step: 203 ; Loss: 39.893 ; Acc: 36.765
2018-09-19 13:49:43,784:INFO: [TRAIN] Step: 204 ; Loss: 40.738 ; Acc: 36.850
2018-09-19 13:49:43,867:INFO: [TRAIN] Step: 205 ; Loss: 41.712 ; Acc: 36.812
2018-09-19 13:49:43,942:INFO: [TRAIN] Step: 206 ; Loss: 42.698 ; Acc: 36.836
2018-09-19 13:49:44,023:INFO: [TRAIN] Step: 207 ; Loss: 39.909 ; Acc: 36.859
2018-09-19 13:49:44,099:INFO: [TRAIN] Step: 208 ; Loss: 38.558 ; Acc: 36.862
2018-09-19 13:49:44,179:INFO: [TRAIN] Step: 209 ; Loss: 37.731 ; Acc: 36.984
2018-09-19 13:49:44,254:INFO: [TRAIN] Step: 210 ; Loss: 35.601 ; Acc: 36.987
2018-09-19 13:49:44,335:INFO: [TRAIN] Step: 211 ; Loss: 36.926 ; Acc: 37.068
2018-09-19 13:49:44,414:INFO: [TRAIN] Step: 212 ; Loss: 39.668 ; Acc: 37.050
2018-09-19 13:49:44,494:INFO: [TRAIN] Step: 213 ; Loss: 35.133 ; Acc: 37.013
2018-09-19 13:49:44,569:INFO: [TRAIN] Step: 214 ; Loss: 38.626 ; Acc: 37.074
2018-09-19 13:49:44,651:INFO: [TRAIN] Step: 215 ; Loss: 35.378 ; Acc: 37.095
2018-09-19 13:49:44,724:INFO: [TRAIN] Step: 216 ; Loss: 39.400 ; Acc: 37.116
2018-09-19 13:49:44,803:INFO: [TRAIN] Step: 217 ; Loss: 40.345 ; Acc: 37.060
2018-09-19 13:49:44,877:INFO: [TRAIN] Step: 218 ; Loss: 39.735 ; Acc: 37.005
2018-09-19 13:49:44,978:INFO: [TRAIN] Step: 219 ; Loss: 35.871 ; Acc: 37.008
2018-09-19 13:49:45,052:INFO: [TRAIN] Step: 220 ; Loss: 36.223 ; Acc: 37.029
2018-09-19 13:49:45,132:INFO: [TRAIN] Step: 221 ; Loss: 39.009 ; Acc: 36.974
2018-09-19 13:49:45,207:INFO: [TRAIN] Step: 222 ; Loss: 34.187 ; Acc: 37.033
2018-09-19 13:49:45,285:INFO: [TRAIN] Step: 223 ; Loss: 38.526 ; Acc: 37.072
2018-09-19 13:49:45,361:INFO: [TRAIN] Step: 224 ; Loss: 40.627 ; Acc: 37.093
2018-09-19 13:49:45,441:INFO: [TRAIN] Step: 225 ; Loss: 39.515 ; Acc: 37.094
2018-09-19 13:49:45,516:INFO: [TRAIN] Step: 226 ; Loss: 40.936 ; Acc: 37.115
2018-09-19 13:49:45,599:INFO: [TRAIN] Step: 227 ; Loss: 37.234 ; Acc: 37.098
2018-09-19 13:49:45,672:INFO: [TRAIN] Step: 228 ; Loss: 38.819 ; Acc: 37.027
2018-09-19 13:49:45,753:INFO: [TRAIN] Step: 229 ; Loss: 36.504 ; Acc: 36.993
2018-09-19 13:49:45,827:INFO: [TRAIN] Step: 230 ; Loss: 39.624 ; Acc: 37.013
2018-09-19 13:49:45,919:INFO: [TRAIN] Step: 231 ; Loss: 40.488 ; Acc: 36.961
2018-09-19 13:49:45,997:INFO: [TRAIN] Step: 232 ; Loss: 41.916 ; Acc: 36.946
2018-09-19 13:49:46,077:INFO: [TRAIN] Step: 233 ; Loss: 39.778 ; Acc: 36.984
2018-09-19 13:49:46,150:INFO: [TRAIN] Step: 234 ; Loss: 35.509 ; Acc: 36.968
2018-09-19 13:49:46,232:INFO: [TRAIN] Step: 235 ; Loss: 36.039 ; Acc: 36.988
2018-09-19 13:49:46,308:INFO: [TRAIN] Step: 236 ; Loss: 38.520 ; Acc: 36.990
2018-09-19 13:49:46,387:INFO: [TRAIN] Step: 237 ; Loss: 37.342 ; Acc: 37.045
2018-09-19 13:49:46,459:INFO: [TRAIN] Step: 238 ; Loss: 43.705 ; Acc: 37.012
2018-09-19 13:49:46,541:INFO: [TRAIN] Step: 239 ; Loss: 40.196 ; Acc: 37.066
2018-09-19 13:49:46,613:INFO: [TRAIN] Step: 240 ; Loss: 33.273 ; Acc: 37.137
2018-09-19 13:49:46,692:INFO: [TRAIN] Step: 241 ; Loss: 35.943 ; Acc: 37.121
2018-09-19 13:49:46,764:INFO: [TRAIN] Step: 242 ; Loss: 33.149 ; Acc: 37.157
2018-09-19 13:49:46,845:INFO: [TRAIN] Step: 243 ; Loss: 37.499 ; Acc: 37.193
2018-09-19 13:49:46,920:INFO: [TRAIN] Step: 244 ; Loss: 41.215 ; Acc: 37.160
2018-09-19 13:49:46,997:INFO: [TRAIN] Step: 245 ; Loss: 39.776 ; Acc: 37.144
2018-09-19 13:49:47,071:INFO: [TRAIN] Step: 246 ; Loss: 41.461 ; Acc: 37.129
2018-09-19 13:49:47,150:INFO: [TRAIN] Step: 247 ; Loss: 40.755 ; Acc: 37.147
2018-09-19 13:49:47,222:INFO: [TRAIN] Step: 248 ; Loss: 37.789 ; Acc: 37.098
2018-09-19 13:49:47,302:INFO: [TRAIN] Step: 249 ; Loss: 38.091 ; Acc: 37.100
2018-09-19 13:49:47,374:INFO: [TRAIN] Step: 250 ; Loss: 39.165 ; Acc: 37.151
2018-09-19 13:49:47,454:INFO: [TRAIN] Step: 251 ; Loss: 39.299 ; Acc: 37.103
2018-09-19 13:49:47,525:INFO: [TRAIN] Step: 252 ; Loss: 43.398 ; Acc: 37.088
2018-09-19 13:49:47,606:INFO: [TRAIN] Step: 253 ; Loss: 37.033 ; Acc: 37.073
2018-09-19 13:49:47,689:INFO: [TRAIN] Step: 254 ; Loss: 38.659 ; Acc: 37.092
2018-09-19 13:49:47,767:INFO: [TRAIN] Step: 255 ; Loss: 35.775 ; Acc: 37.077
2018-09-19 13:49:47,839:INFO: [TRAIN] Step: 256 ; Loss: 38.515 ; Acc: 37.062
2018-09-19 13:49:47,917:INFO: [TRAIN] Step: 257 ; Loss: 40.870 ; Acc: 37.064
2018-09-19 13:49:47,989:INFO: [TRAIN] Step: 258 ; Loss: 37.740 ; Acc: 37.017
2018-09-19 13:49:48,069:INFO: [TRAIN] Step: 259 ; Loss: 39.020 ; Acc: 37.035
2018-09-19 13:49:48,141:INFO: [TRAIN] Step: 260 ; Loss: 40.532 ; Acc: 36.957
2018-09-19 13:49:48,221:INFO: [TRAIN] Step: 261 ; Loss: 37.614 ; Acc: 36.896
2018-09-19 13:49:48,294:INFO: [TRAIN] Step: 262 ; Loss: 42.020 ; Acc: 36.930
2018-09-19 13:49:48,371:INFO: [TRAIN] Step: 263 ; Loss: 40.383 ; Acc: 36.916
2018-09-19 13:49:48,446:INFO: [TRAIN] Step: 264 ; Loss: 38.053 ; Acc: 36.887
2018-09-19 13:49:48,525:INFO: [TRAIN] Step: 265 ; Loss: 41.558 ; Acc: 36.858
2018-09-19 13:49:48,597:INFO: [TRAIN] Step: 266 ; Loss: 35.109 ; Acc: 36.813
2018-09-19 13:49:48,675:INFO: [TRAIN] Step: 267 ; Loss: 37.747 ; Acc: 36.800
2018-09-19 13:49:48,748:INFO: [TRAIN] Step: 268 ; Loss: 35.651 ; Acc: 36.818
2018-09-19 13:49:48,828:INFO: [TRAIN] Step: 269 ; Loss: 33.930 ; Acc: 36.744
2018-09-19 13:49:48,902:INFO: [TRAIN] Step: 270 ; Loss: 36.029 ; Acc: 36.823
2018-09-19 13:49:48,980:INFO: [TRAIN] Step: 271 ; Loss: 38.654 ; Acc: 36.872
2018-09-19 13:49:49,055:INFO: [TRAIN] Step: 272 ; Loss: 39.131 ; Acc: 36.874
2018-09-19 13:49:49,135:INFO: [TRAIN] Step: 273 ; Loss: 40.458 ; Acc: 36.937
2018-09-19 13:49:49,210:INFO: [TRAIN] Step: 274 ; Loss: 39.322 ; Acc: 36.985
2018-09-19 13:49:49,290:INFO: [TRAIN] Step: 275 ; Loss: 38.237 ; Acc: 37.047
2018-09-19 13:49:49,363:INFO: [TRAIN] Step: 276 ; Loss: 37.374 ; Acc: 37.049
2018-09-19 13:49:49,440:INFO: [TRAIN] Step: 277 ; Loss: 38.625 ; Acc: 37.095
2018-09-19 13:49:49,513:INFO: [TRAIN] Step: 278 ; Loss: 42.092 ; Acc: 37.067
2018-09-19 13:49:49,590:INFO: [TRAIN] Step: 279 ; Loss: 35.507 ; Acc: 37.068
2018-09-19 13:49:49,664:INFO: [TRAIN] Step: 280 ; Loss: 36.437 ; Acc: 37.085
2018-09-19 13:49:49,743:INFO: [TRAIN] Step: 281 ; Loss: 36.599 ; Acc: 37.086
2018-09-19 13:49:49,817:INFO: [TRAIN] Step: 282 ; Loss: 34.616 ; Acc: 37.132
2018-09-19 13:49:49,904:INFO: [TRAIN] Step: 283 ; Loss: 38.257 ; Acc: 37.089
2018-09-19 13:49:49,985:INFO: [TRAIN] Step: 284 ; Loss: 36.516 ; Acc: 37.091
2018-09-19 13:49:50,066:INFO: [TRAIN] Step: 285 ; Loss: 42.126 ; Acc: 37.019
2018-09-19 13:49:50,141:INFO: [TRAIN] Step: 286 ; Loss: 37.702 ; Acc: 36.992
2018-09-19 13:49:50,217:INFO: [TRAIN] Step: 287 ; Loss: 34.261 ; Acc: 37.080
2018-09-19 13:49:50,292:INFO: [TRAIN] Step: 288 ; Loss: 36.400 ; Acc: 37.053
2018-09-19 13:49:50,371:INFO: [TRAIN] Step: 289 ; Loss: 38.554 ; Acc: 37.112
2018-09-19 13:49:50,447:INFO: [TRAIN] Step: 290 ; Loss: 37.657 ; Acc: 37.128
2018-09-19 13:49:50,529:INFO: [TRAIN] Step: 291 ; Loss: 41.089 ; Acc: 37.158
2018-09-19 13:49:50,603:INFO: [TRAIN] Step: 292 ; Loss: 38.390 ; Acc: 37.144
2018-09-19 13:49:50,682:INFO: [TRAIN] Step: 293 ; Loss: 35.840 ; Acc: 37.174
2018-09-19 13:49:50,756:INFO: [TRAIN] Step: 294 ; Loss: 37.934 ; Acc: 37.161
2018-09-19 13:49:50,835:INFO: [TRAIN] Step: 295 ; Loss: 41.463 ; Acc: 37.162
2018-09-19 13:49:50,914:INFO: [TRAIN] Step: 296 ; Loss: 41.001 ; Acc: 37.177
2018-09-19 13:49:51,000:INFO: [TRAIN] Step: 297 ; Loss: 36.448 ; Acc: 37.178
2018-09-19 13:49:51,080:INFO: [TRAIN] Step: 298 ; Loss: 43.094 ; Acc: 37.221
2018-09-19 13:49:51,159:INFO: [TRAIN] Step: 299 ; Loss: 39.194 ; Acc: 37.222
2018-09-19 13:49:51,235:INFO: [TRAIN] Step: 300 ; Loss: 40.010 ; Acc: 37.237
2018-09-19 13:49:51,318:INFO: [TRAIN] Step: 301 ; Loss: 39.953 ; Acc: 37.279
2018-09-19 13:49:51,390:INFO: [TRAIN] Step: 302 ; Loss: 35.676 ; Acc: 37.280
2018-09-19 13:49:51,469:INFO: [TRAIN] Step: 303 ; Loss: 33.051 ; Acc: 37.281
2018-09-19 13:49:51,544:INFO: [TRAIN] Step: 304 ; Loss: 39.575 ; Acc: 37.268
2018-09-19 13:49:51,624:INFO: [TRAIN] Step: 305 ; Loss: 37.204 ; Acc: 37.296
2018-09-19 13:49:51,696:INFO: [TRAIN] Step: 306 ; Loss: 39.440 ; Acc: 37.269
2018-09-19 13:49:51,775:INFO: [TRAIN] Step: 307 ; Loss: 42.351 ; Acc: 37.243
2018-09-19 13:49:51,851:INFO: [TRAIN] Step: 308 ; Loss: 40.266 ; Acc: 37.244
2018-09-19 13:49:51,931:INFO: [TRAIN] Step: 309 ; Loss: 38.770 ; Acc: 37.258
2018-09-19 13:49:52,004:INFO: [TRAIN] Step: 310 ; Loss: 40.406 ; Acc: 37.286
2018-09-19 13:49:52,083:INFO: [TRAIN] Step: 311 ; Loss: 40.777 ; Acc: 37.313
2018-09-19 13:49:52,158:INFO: [TRAIN] Step: 312 ; Loss: 39.134 ; Acc: 37.367
2018-09-19 13:49:52,238:INFO: [TRAIN] Step: 313 ; Loss: 39.999 ; Acc: 37.381
2018-09-19 13:49:52,313:INFO: [TRAIN] Step: 314 ; Loss: 36.951 ; Acc: 37.421
2018-09-19 13:49:52,392:INFO: [TRAIN] Step: 315 ; Loss: 40.877 ; Acc: 37.447
2018-09-19 13:49:52,464:INFO: [TRAIN] Step: 316 ; Loss: 37.204 ; Acc: 37.461
2018-09-19 13:49:52,544:INFO: [TRAIN] Step: 317 ; Loss: 37.106 ; Acc: 37.421
2018-09-19 13:49:52,619:INFO: [TRAIN] Step: 318 ; Loss: 40.294 ; Acc: 37.435
2018-09-19 13:49:52,698:INFO: [TRAIN] Step: 319 ; Loss: 39.497 ; Acc: 37.383
2018-09-19 13:49:52,771:INFO: [TRAIN] Step: 320 ; Loss: 36.506 ; Acc: 37.409
2018-09-19 13:49:52,851:INFO: [TRAIN] Step: 321 ; Loss: 40.886 ; Acc: 37.396
2018-09-19 13:49:52,932:INFO: [TRAIN] Step: 322 ; Loss: 37.380 ; Acc: 37.358
2018-09-19 13:49:53,018:INFO: [TRAIN] Step: 323 ; Loss: 39.627 ; Acc: 37.307
2018-09-19 13:49:53,095:INFO: [TRAIN] Step: 324 ; Loss: 38.381 ; Acc: 37.295
2018-09-19 13:49:53,182:INFO: [TRAIN] Step: 325 ; Loss: 37.091 ; Acc: 37.308
2018-09-19 13:49:53,256:INFO: [TRAIN] Step: 326 ; Loss: 36.712 ; Acc: 37.322
2018-09-19 13:49:53,335:INFO: [TRAIN] Step: 327 ; Loss: 39.485 ; Acc: 37.309
2018-09-19 13:49:53,409:INFO: [TRAIN] Step: 328 ; Loss: 39.899 ; Acc: 37.285
2018-09-19 13:49:53,487:INFO: [TRAIN] Step: 329 ; Loss: 40.697 ; Acc: 37.273
2018-09-19 13:49:53,562:INFO: [TRAIN] Step: 330 ; Loss: 37.934 ; Acc: 37.261
2018-09-19 13:49:53,643:INFO: [TRAIN] Step: 331 ; Loss: 34.048 ; Acc: 37.312
2018-09-19 13:49:53,717:INFO: [TRAIN] Step: 332 ; Loss: 40.392 ; Acc: 37.300
2018-09-19 13:49:53,795:INFO: [TRAIN] Step: 333 ; Loss: 41.556 ; Acc: 37.300
2018-09-19 13:49:53,868:INFO: [TRAIN] Step: 334 ; Loss: 40.139 ; Acc: 37.301
2018-09-19 13:49:53,952:INFO: [TRAIN] Step: 335 ; Loss: 35.594 ; Acc: 37.277
2018-09-19 13:49:54,026:INFO: [TRAIN] Step: 336 ; Loss: 37.709 ; Acc: 37.302
2018-09-19 13:49:54,106:INFO: [TRAIN] Step: 337 ; Loss: 39.471 ; Acc: 37.315
2018-09-19 13:49:54,180:INFO: [TRAIN] Step: 338 ; Loss: 43.182 ; Acc: 37.316
2018-09-19 13:49:54,259:INFO: [TRAIN] Step: 339 ; Loss: 37.485 ; Acc: 37.292
2018-09-19 13:49:54,335:INFO: [TRAIN] Step: 340 ; Loss: 37.745 ; Acc: 37.329
2018-09-19 13:49:54,417:INFO: [TRAIN] Step: 341 ; Loss: 45.435 ; Acc: 37.329
2018-09-19 13:49:54,491:INFO: [TRAIN] Step: 342 ; Loss: 39.714 ; Acc: 37.306
2018-09-19 13:49:54,572:INFO: [TRAIN] Step: 343 ; Loss: 36.048 ; Acc: 37.282
2018-09-19 13:49:54,646:INFO: [TRAIN] Step: 344 ; Loss: 35.022 ; Acc: 37.295
2018-09-19 13:49:54,723:INFO: [TRAIN] Step: 345 ; Loss: 36.844 ; Acc: 37.307
2018-09-19 13:49:54,797:INFO: [TRAIN] Step: 346 ; Loss: 40.185 ; Acc: 37.284
2018-09-19 13:49:54,877:INFO: [TRAIN] Step: 347 ; Loss: 36.469 ; Acc: 37.284
2018-09-19 13:49:54,949:INFO: [TRAIN] Step: 348 ; Loss: 38.845 ; Acc: 37.261
2018-09-19 13:49:55,028:INFO: [TRAIN] Step: 349 ; Loss: 41.563 ; Acc: 37.262
2018-09-19 13:49:55,102:INFO: [TRAIN] Step: 350 ; Loss: 35.992 ; Acc: 37.227
2018-09-19 13:49:55,181:INFO: [TRAIN] Step: 351 ; Loss: 38.998 ; Acc: 37.275
2018-09-19 13:49:55,256:INFO: [TRAIN] Step: 352 ; Loss: 32.749 ; Acc: 37.299
2018-09-19 13:49:55,335:INFO: [TRAIN] Step: 353 ; Loss: 37.264 ; Acc: 37.323
2018-09-19 13:49:55,408:INFO: [TRAIN] Step: 354 ; Loss: 41.501 ; Acc: 37.289
2018-09-19 13:49:55,489:INFO: [TRAIN] Step: 355 ; Loss: 41.818 ; Acc: 37.289
2018-09-19 13:49:55,562:INFO: [TRAIN] Step: 356 ; Loss: 40.281 ; Acc: 37.267
2018-09-19 13:49:55,640:INFO: [TRAIN] Step: 357 ; Loss: 40.570 ; Acc: 37.314
2018-09-19 13:49:55,713:INFO: [TRAIN] Step: 358 ; Loss: 38.688 ; Acc: 37.291
2018-09-19 13:49:55,793:INFO: [TRAIN] Step: 359 ; Loss: 39.766 ; Acc: 37.245
2018-09-19 13:49:55,870:INFO: [TRAIN] Step: 360 ; Loss: 37.152 ; Acc: 37.258
2018-09-19 13:49:55,951:INFO: [TRAIN] Step: 361 ; Loss: 35.870 ; Acc: 37.247
2018-09-19 13:49:56,025:INFO: [TRAIN] Step: 362 ; Loss: 38.423 ; Acc: 37.236
2018-09-19 13:49:56,102:INFO: [TRAIN] Step: 363 ; Loss: 41.062 ; Acc: 37.202
2018-09-19 13:49:56,177:INFO: [TRAIN] Step: 364 ; Loss: 38.902 ; Acc: 37.180
2018-09-19 13:49:56,256:INFO: [TRAIN] Step: 365 ; Loss: 40.395 ; Acc: 37.147
2018-09-19 13:49:56,329:INFO: [TRAIN] Step: 366 ; Loss: 38.570 ; Acc: 37.159
2018-09-19 13:49:56,408:INFO: [TRAIN] Step: 367 ; Loss: 39.944 ; Acc: 37.149
2018-09-19 13:49:56,483:INFO: [TRAIN] Step: 368 ; Loss: 36.222 ; Acc: 37.161
2018-09-19 13:49:56,562:INFO: [TRAIN] Step: 369 ; Loss: 39.294 ; Acc: 37.151
2018-09-19 13:49:56,638:INFO: [TRAIN] Step: 370 ; Loss: 39.129 ; Acc: 37.186
2018-09-19 13:49:56,718:INFO: [TRAIN] Step: 371 ; Loss: 43.260 ; Acc: 37.142
2018-09-19 13:49:56,792:INFO: [TRAIN] Step: 372 ; Loss: 41.694 ; Acc: 37.131
2018-09-19 13:49:56,870:INFO: [TRAIN] Step: 373 ; Loss: 41.313 ; Acc: 37.099
2018-09-19 13:49:56,943:INFO: [TRAIN] Step: 374 ; Loss: 40.101 ; Acc: 37.144
2018-09-19 13:49:57,022:INFO: [TRAIN] Step: 375 ; Loss: 40.328 ; Acc: 37.145
2018-09-19 13:49:57,097:INFO: [TRAIN] Step: 376 ; Loss: 38.843 ; Acc: 37.102
2018-09-19 13:49:57,176:INFO: [TRAIN] Step: 377 ; Loss: 36.171 ; Acc: 37.081
2018-09-19 13:49:57,248:INFO: [TRAIN] Step: 378 ; Loss: 36.543 ; Acc: 37.126
2018-09-19 13:49:57,327:INFO: [TRAIN] Step: 379 ; Loss: 40.681 ; Acc: 37.083
2018-09-19 13:49:57,401:INFO: [TRAIN] Step: 380 ; Loss: 38.518 ; Acc: 37.117
2018-09-19 13:49:57,482:INFO: [TRAIN] Step: 381 ; Loss: 39.424 ; Acc: 37.107
2018-09-19 13:49:57,556:INFO: [TRAIN] Step: 382 ; Loss: 42.100 ; Acc: 37.097
2018-09-19 13:49:57,635:INFO: [TRAIN] Step: 383 ; Loss: 36.003 ; Acc: 37.066
2018-09-19 13:49:57,707:INFO: [TRAIN] Step: 384 ; Loss: 36.752 ; Acc: 37.110
2018-09-19 13:49:57,785:INFO: [TRAIN] Step: 385 ; Loss: 36.483 ; Acc: 37.133
2018-09-19 13:49:57,859:INFO: [TRAIN] Step: 386 ; Loss: 38.476 ; Acc: 37.145
2018-09-19 13:49:57,939:INFO: [TRAIN] Step: 387 ; Loss: 37.945 ; Acc: 37.146
2018-09-19 13:49:58,011:INFO: [TRAIN] Step: 388 ; Loss: 38.669 ; Acc: 37.157
2018-09-19 13:49:58,091:INFO: [TRAIN] Step: 389 ; Loss: 42.400 ; Acc: 37.105
2018-09-19 13:49:58,164:INFO: [TRAIN] Step: 390 ; Loss: 39.424 ; Acc: 37.084
2018-09-19 13:49:58,243:INFO: [TRAIN] Step: 391 ; Loss: 39.248 ; Acc: 37.054
2018-09-19 13:49:58,316:INFO: [TRAIN] Step: 392 ; Loss: 43.511 ; Acc: 37.034
2018-09-19 13:49:58,396:INFO: [TRAIN] Step: 393 ; Loss: 36.801 ; Acc: 37.035
2018-09-19 13:49:58,469:INFO: [TRAIN] Step: 394 ; Loss: 38.148 ; Acc: 37.025
2018-09-19 13:49:58,552:INFO: [TRAIN] Step: 395 ; Loss: 39.081 ; Acc: 37.005
2018-09-19 13:49:58,626:INFO: [TRAIN] Step: 396 ; Loss: 38.573 ; Acc: 37.038
2018-09-19 13:49:58,706:INFO: [TRAIN] Step: 397 ; Loss: 37.112 ; Acc: 37.050
2018-09-19 13:49:58,779:INFO: [TRAIN] Step: 398 ; Loss: 36.983 ; Acc: 37.082
2018-09-19 13:49:58,860:INFO: [TRAIN] Step: 399 ; Loss: 38.036 ; Acc: 37.073
2018-09-19 13:49:58,935:INFO: [TRAIN] Step: 400 ; Loss: 39.533 ; Acc: 37.064
2018-09-19 13:49:59,015:INFO: [TRAIN] Step: 401 ; Loss: 37.745 ; Acc: 37.096
2018-09-19 13:49:59,089:INFO: [TRAIN] Step: 402 ; Loss: 40.003 ; Acc: 37.055
2018-09-19 13:49:59,169:INFO: [TRAIN] Step: 403 ; Loss: 39.064 ; Acc: 37.036
2018-09-19 13:49:59,244:INFO: [TRAIN] Step: 404 ; Loss: 39.934 ; Acc: 37.047
2018-09-19 13:49:59,323:INFO: [TRAIN] Step: 405 ; Loss: 38.101 ; Acc: 37.059
2018-09-19 13:49:59,398:INFO: [TRAIN] Step: 406 ; Loss: 42.075 ; Acc: 36.988
2018-09-19 13:49:59,480:INFO: [TRAIN] Step: 407 ; Loss: 42.290 ; Acc: 37.020
2018-09-19 13:49:59,553:INFO: [TRAIN] Step: 408 ; Loss: 37.582 ; Acc: 37.011
2018-09-19 13:49:59,633:INFO: [TRAIN] Step: 409 ; Loss: 36.360 ; Acc: 36.982
2018-09-19 13:49:59,708:INFO: [TRAIN] Step: 410 ; Loss: 36.297 ; Acc: 36.983
2018-09-19 13:49:59,788:INFO: [TRAIN] Step: 411 ; Loss: 37.350 ; Acc: 36.944
2018-09-19 13:49:59,862:INFO: [TRAIN] Step: 412 ; Loss: 39.513 ; Acc: 36.915
2018-09-19 13:49:59,943:INFO: [TRAIN] Step: 413 ; Loss: 37.655 ; Acc: 36.896
2018-09-19 13:50:00,017:INFO: [TRAIN] Step: 414 ; Loss: 37.608 ; Acc: 36.908
2018-09-19 13:50:00,101:INFO: [TRAIN] Step: 415 ; Loss: 35.272 ; Acc: 36.919
2018-09-19 13:50:00,179:INFO: [TRAIN] Step: 416 ; Loss: 39.448 ; Acc: 36.960
2018-09-19 13:50:00,262:INFO: [TRAIN] Step: 417 ; Loss: 38.691 ; Acc: 36.962
2018-09-19 13:50:00,339:INFO: [TRAIN] Step: 418 ; Loss: 38.647 ; Acc: 36.983
2018-09-19 13:50:00,422:INFO: [TRAIN] Step: 419 ; Loss: 35.891 ; Acc: 36.954
2018-09-19 13:50:00,497:INFO: [TRAIN] Step: 420 ; Loss: 37.849 ; Acc: 36.966
2018-09-19 13:50:00,580:INFO: [TRAIN] Step: 421 ; Loss: 39.818 ; Acc: 36.967
2018-09-19 13:50:00,654:INFO: [TRAIN] Step: 422 ; Loss: 41.754 ; Acc: 36.998
2018-09-19 13:50:00,736:INFO: [TRAIN] Step: 423 ; Loss: 36.841 ; Acc: 36.979
2018-09-19 13:50:00,811:INFO: [TRAIN] Step: 424 ; Loss: 36.710 ; Acc: 36.980
2018-09-19 13:50:00,893:INFO: [TRAIN] Step: 425 ; Loss: 36.724 ; Acc: 37.001
2018-09-19 13:50:00,969:INFO: [TRAIN] Step: 426 ; Loss: 38.182 ; Acc: 36.983
2018-09-19 13:50:01,054:INFO: [TRAIN] Step: 427 ; Loss: 38.694 ; Acc: 37.013
2018-09-19 13:50:01,135:INFO: [TRAIN] Step: 428 ; Loss: 34.376 ; Acc: 37.024
2018-09-19 13:50:01,218:INFO: [TRAIN] Step: 429 ; Loss: 39.239 ; Acc: 37.006
2018-09-19 13:50:01,294:INFO: [TRAIN] Step: 430 ; Loss: 40.482 ; Acc: 36.988
2018-09-19 13:50:01,378:INFO: [TRAIN] Step: 431 ; Loss: 38.080 ; Acc: 37.027
2018-09-19 13:50:01,460:INFO: [TRAIN] Step: 432 ; Loss: 40.587 ; Acc: 37.028
2018-09-19 13:50:01,544:INFO: [TRAIN] Step: 433 ; Loss: 37.884 ; Acc: 37.020
2018-09-19 13:50:01,619:INFO: [TRAIN] Step: 434 ; Loss: 40.081 ; Acc: 37.011
2018-09-19 13:50:01,701:INFO: [TRAIN] Step: 435 ; Loss: 40.572 ; Acc: 37.003
2018-09-19 13:50:01,779:INFO: [TRAIN] Step: 436 ; Loss: 40.220 ; Acc: 36.985
2018-09-19 13:50:01,861:INFO: [TRAIN] Step: 437 ; Loss: 37.641 ; Acc: 36.986
2018-09-19 13:50:01,938:INFO: [TRAIN] Step: 438 ; Loss: 36.011 ; Acc: 37.006
2018-09-19 13:50:02,018:INFO: [TRAIN] Step: 439 ; Loss: 39.424 ; Acc: 37.017
2018-09-19 13:50:02,090:INFO: [TRAIN] Step: 440 ; Loss: 37.113 ; Acc: 37.018
2018-09-19 13:50:02,170:INFO: [TRAIN] Step: 441 ; Loss: 42.591 ; Acc: 36.982
2018-09-19 13:50:02,244:INFO: [TRAIN] Step: 442 ; Loss: 33.688 ; Acc: 37.020
2018-09-19 13:50:02,325:INFO: [TRAIN] Step: 443 ; Loss: 36.453 ; Acc: 37.050
2018-09-19 13:50:02,400:INFO: [TRAIN] Step: 444 ; Loss: 37.820 ; Acc: 37.032
2018-09-19 13:50:02,480:INFO: [TRAIN] Step: 445 ; Loss: 37.651 ; Acc: 37.005
2018-09-19 13:50:02,553:INFO: [TRAIN] Step: 446 ; Loss: 38.915 ; Acc: 37.025
2018-09-19 13:50:02,632:INFO: [TRAIN] Step: 447 ; Loss: 41.396 ; Acc: 37.035
2018-09-19 13:50:02,708:INFO: [TRAIN] Step: 448 ; Loss: 39.824 ; Acc: 37.008
2018-09-19 13:50:02,790:INFO: [TRAIN] Step: 449 ; Loss: 39.977 ; Acc: 36.991
2018-09-19 13:50:02,864:INFO: [TRAIN] Step: 450 ; Loss: 38.204 ; Acc: 36.983
2018-09-19 13:50:02,944:INFO: [TRAIN] Step: 451 ; Loss: 35.584 ; Acc: 37.002
2018-09-19 13:50:03,016:INFO: [TRAIN] Step: 452 ; Loss: 36.927 ; Acc: 37.022
2018-09-19 13:50:03,096:INFO: [TRAIN] Step: 453 ; Loss: 37.023 ; Acc: 37.023
2018-09-19 13:50:03,170:INFO: [TRAIN] Step: 454 ; Loss: 38.110 ; Acc: 37.033
2018-09-19 13:50:03,249:INFO: [TRAIN] Step: 455 ; Loss: 40.046 ; Acc: 37.016
2018-09-19 13:50:03,327:INFO: [TRAIN] Step: 456 ; Loss: 42.351 ; Acc: 37.026
2018-09-19 13:50:03,407:INFO: [TRAIN] Step: 457 ; Loss: 40.522 ; Acc: 37.036
2018-09-19 13:50:03,481:INFO: [TRAIN] Step: 458 ; Loss: 38.163 ; Acc: 37.028
2018-09-19 13:50:03,560:INFO: [TRAIN] Step: 459 ; Loss: 38.426 ; Acc: 37.038
2018-09-19 13:50:03,638:INFO: [TRAIN] Step: 460 ; Loss: 41.031 ; Acc: 37.039
2018-09-19 13:50:03,734:INFO: [TRAIN] Step: 461 ; Loss: 37.852 ; Acc: 37.049
2018-09-19 13:50:03,814:INFO: [TRAIN] Step: 462 ; Loss: 39.691 ; Acc: 37.077
2018-09-19 13:50:03,894:INFO: [TRAIN] Step: 463 ; Loss: 36.231 ; Acc: 37.042
2018-09-19 13:50:03,971:INFO: [TRAIN] Step: 464 ; Loss: 38.005 ; Acc: 37.043
2018-09-19 13:50:04,050:INFO: [TRAIN] Step: 465 ; Loss: 40.567 ; Acc: 37.044
2018-09-19 13:50:04,123:INFO: [TRAIN] Step: 466 ; Loss: 35.703 ; Acc: 37.090
2018-09-19 13:50:04,204:INFO: [TRAIN] Step: 467 ; Loss: 38.569 ; Acc: 37.099
2018-09-19 13:50:04,276:INFO: [TRAIN] Step: 468 ; Loss: 35.348 ; Acc: 37.100
2018-09-19 13:50:04,356:INFO: [TRAIN] Step: 469 ; Loss: 38.584 ; Acc: 37.092
2018-09-19 13:50:04,431:INFO: [TRAIN] Step: 470 ; Loss: 38.930 ; Acc: 37.049
2018-09-19 13:50:04,512:INFO: [TRAIN] Step: 471 ; Loss: 35.070 ; Acc: 37.014
2018-09-19 13:50:04,585:INFO: [TRAIN] Step: 472 ; Loss: 39.778 ; Acc: 37.024
2018-09-19 13:50:04,670:INFO: [TRAIN] Step: 473 ; Loss: 41.006 ; Acc: 37.025
2018-09-19 13:50:04,769:INFO: [TRAIN] Step: 474 ; Loss: 34.368 ; Acc: 37.000
2018-09-19 13:50:04,852:INFO: [TRAIN] Step: 475 ; Loss: 39.951 ; Acc: 36.966
2018-09-19 13:50:04,939:INFO: [TRAIN] Step: 476 ; Loss: 38.215 ; Acc: 36.967
2018-09-19 13:50:05,024:INFO: [TRAIN] Step: 477 ; Loss: 39.073 ; Acc: 36.977
2018-09-19 13:50:05,107:INFO: [TRAIN] Step: 478 ; Loss: 37.864 ; Acc: 36.995
2018-09-19 13:50:05,196:INFO: [TRAIN] Step: 479 ; Loss: 40.300 ; Acc: 37.014
2018-09-19 13:50:05,277:INFO: [TRAIN] Step: 480 ; Loss: 39.855 ; Acc: 36.998
2018-09-19 13:50:05,357:INFO: [TRAIN] Step: 481 ; Loss: 39.203 ; Acc: 36.981
2018-09-19 13:50:05,433:INFO: [TRAIN] Step: 482 ; Loss: 32.683 ; Acc: 37.026
2018-09-19 13:50:05,513:INFO: [TRAIN] Step: 483 ; Loss: 40.161 ; Acc: 37.018
2018-09-19 13:50:05,586:INFO: [TRAIN] Step: 484 ; Loss: 38.723 ; Acc: 37.027
2018-09-19 13:50:05,672:INFO: [TRAIN] Step: 485 ; Loss: 38.621 ; Acc: 37.003
2018-09-19 13:50:05,752:INFO: [TRAIN] Step: 486 ; Loss: 34.353 ; Acc: 37.029
2018-09-19 13:50:05,835:INFO: [TRAIN] Step: 487 ; Loss: 39.121 ; Acc: 37.047
2018-09-19 13:50:05,915:INFO: [TRAIN] Step: 488 ; Loss: 38.986 ; Acc: 37.014
2018-09-19 13:50:06,017:INFO: [TRAIN] Step: 489 ; Loss: 39.955 ; Acc: 36.981
2018-09-19 13:50:06,097:INFO: [TRAIN] Step: 490 ; Loss: 39.425 ; Acc: 36.948
2018-09-19 13:50:06,179:INFO: [TRAIN] Step: 491 ; Loss: 39.974 ; Acc: 36.975
2018-09-19 13:50:06,262:INFO: [TRAIN] Step: 492 ; Loss: 38.773 ; Acc: 36.976
2018-09-19 13:50:06,341:INFO: [TRAIN] Step: 493 ; Loss: 35.888 ; Acc: 36.985
2018-09-19 13:50:06,428:INFO: [TRAIN] Step: 494 ; Loss: 37.544 ; Acc: 36.987
2018-09-19 13:50:06,508:INFO: [TRAIN] Step: 495 ; Loss: 37.601 ; Acc: 36.946
2018-09-19 13:50:06,582:INFO: [TRAIN] Step: 496 ; Loss: 35.738 ; Acc: 36.963
2018-09-19 13:50:06,662:INFO: [TRAIN] Step: 497 ; Loss: 40.790 ; Acc: 36.939
2018-09-19 13:50:06,735:INFO: [TRAIN] Step: 498 ; Loss: 39.041 ; Acc: 36.924
2018-09-19 13:50:06,814:INFO: [TRAIN] Step: 499 ; Loss: 44.746 ; Acc: 36.925
2018-09-19 13:50:06,887:INFO: [TRAIN] Step: 500 ; Loss: 36.993 ; Acc: 36.885
2018-09-19 13:50:06,967:INFO: [TRAIN] Step: 501 ; Loss: 37.601 ; Acc: 36.861
2018-09-19 13:50:07,040:INFO: [TRAIN] Step: 502 ; Loss: 40.645 ; Acc: 36.837
2018-09-19 13:50:07,119:INFO: [TRAIN] Step: 503 ; Loss: 39.407 ; Acc: 36.880
2018-09-19 13:50:07,192:INFO: [TRAIN] Step: 504 ; Loss: 40.419 ; Acc: 36.865
2018-09-19 13:50:07,270:INFO: [TRAIN] Step: 505 ; Loss: 39.254 ; Acc: 36.866
2018-09-19 13:50:07,346:INFO: [TRAIN] Step: 506 ; Loss: 35.388 ; Acc: 36.884
2018-09-19 13:50:07,426:INFO: [TRAIN] Step: 507 ; Loss: 39.101 ; Acc: 36.877
2018-09-19 13:50:07,498:INFO: [TRAIN] Step: 508 ; Loss: 39.897 ; Acc: 36.861
2018-09-19 13:50:07,577:INFO: [TRAIN] Step: 509 ; Loss: 36.802 ; Acc: 36.879
2018-09-19 13:50:07,651:INFO: [TRAIN] Step: 510 ; Loss: 39.043 ; Acc: 36.848
2018-09-19 13:50:07,729:INFO: [TRAIN] Step: 511 ; Loss: 38.620 ; Acc: 36.841
2018-09-19 13:50:07,802:INFO: [TRAIN] Step: 512 ; Loss: 38.007 ; Acc: 36.842
2018-09-19 13:50:07,881:INFO: [TRAIN] Step: 513 ; Loss: 33.183 ; Acc: 36.851
2018-09-19 13:50:07,957:INFO: [TRAIN] Step: 514 ; Loss: 39.654 ; Acc: 36.861
2018-09-19 13:50:08,037:INFO: [TRAIN] Step: 515 ; Loss: 38.897 ; Acc: 36.830
2018-09-19 13:50:08,113:INFO: [TRAIN] Step: 516 ; Loss: 36.998 ; Acc: 36.855
2018-09-19 13:50:08,191:INFO: [TRAIN] Step: 517 ; Loss: 40.019 ; Acc: 36.856
2018-09-19 13:50:08,264:INFO: [TRAIN] Step: 518 ; Loss: 36.936 ; Acc: 36.842
2018-09-19 13:50:08,343:INFO: [TRAIN] Step: 519 ; Loss: 33.345 ; Acc: 36.835
2018-09-19 13:50:08,418:INFO: [TRAIN] Step: 520 ; Loss: 39.667 ; Acc: 36.836
2018-09-19 13:50:08,497:INFO: [TRAIN] Step: 521 ; Loss: 38.207 ; Acc: 36.837
2018-09-19 13:50:08,571:INFO: [TRAIN] Step: 522 ; Loss: 35.061 ; Acc: 36.871
2018-09-19 13:50:08,651:INFO: [TRAIN] Step: 523 ; Loss: 35.375 ; Acc: 36.840
2018-09-19 13:50:08,726:INFO: [TRAIN] Step: 524 ; Loss: 37.086 ; Acc: 36.825
2018-09-19 13:50:08,806:INFO: [TRAIN] Step: 525 ; Loss: 40.824 ; Acc: 36.787
2018-09-19 13:50:08,881:INFO: [TRAIN] Step: 526 ; Loss: 37.304 ; Acc: 36.781
2018-09-19 13:50:08,963:INFO: [TRAIN] Step: 527 ; Loss: 40.742 ; Acc: 36.766
2018-09-19 13:50:09,048:INFO: [TRAIN] Step: 528 ; Loss: 37.240 ; Acc: 36.760
2018-09-19 13:50:09,129:INFO: [TRAIN] Step: 529 ; Loss: 39.500 ; Acc: 36.777
2018-09-19 13:50:09,202:INFO: [TRAIN] Step: 530 ; Loss: 38.211 ; Acc: 36.794
2018-09-19 13:50:09,283:INFO: [TRAIN] Step: 531 ; Loss: 33.601 ; Acc: 36.811
2018-09-19 13:50:09,357:INFO: [TRAIN] Step: 532 ; Loss: 34.211 ; Acc: 36.789
2018-09-19 13:50:09,437:INFO: [TRAIN] Step: 533 ; Loss: 41.782 ; Acc: 36.806
2018-09-19 13:50:09,510:INFO: [TRAIN] Step: 534 ; Loss: 42.489 ; Acc: 36.815
2018-09-19 13:50:09,588:INFO: [TRAIN] Step: 535 ; Loss: 38.848 ; Acc: 36.824
2018-09-19 13:50:09,660:INFO: [TRAIN] Step: 536 ; Loss: 36.324 ; Acc: 36.840
2018-09-19 13:50:09,739:INFO: [TRAIN] Step: 537 ; Loss: 41.720 ; Acc: 36.857
2018-09-19 13:50:09,813:INFO: [TRAIN] Step: 538 ; Loss: 39.789 ; Acc: 36.866
2018-09-19 13:50:09,893:INFO: [TRAIN] Step: 539 ; Loss: 40.590 ; Acc: 36.821
2018-09-19 13:50:09,973:INFO: [TRAIN] Step: 540 ; Loss: 42.457 ; Acc: 36.822
2018-09-19 13:50:10,053:INFO: [TRAIN] Step: 541 ; Loss: 36.022 ; Acc: 36.823
2018-09-19 13:50:10,126:INFO: [TRAIN] Step: 542 ; Loss: 40.778 ; Acc: 36.817
2018-09-19 13:50:10,208:INFO: [TRAIN] Step: 543 ; Loss: 35.999 ; Acc: 36.818
2018-09-19 13:50:10,280:INFO: [TRAIN] Step: 544 ; Loss: 38.714 ; Acc: 36.820
2018-09-19 13:50:10,360:INFO: [TRAIN] Step: 545 ; Loss: 38.938 ; Acc: 36.828
2018-09-19 13:50:10,434:INFO: [TRAIN] Step: 546 ; Loss: 38.321 ; Acc: 36.830
2018-09-19 13:50:10,513:INFO: [TRAIN] Step: 547 ; Loss: 37.855 ; Acc: 36.846
2018-09-19 13:50:10,586:INFO: [TRAIN] Step: 548 ; Loss: 37.002 ; Acc: 36.840
2018-09-19 13:50:10,665:INFO: [TRAIN] Step: 549 ; Loss: 36.925 ; Acc: 36.848
2018-09-19 13:50:10,740:INFO: [TRAIN] Step: 550 ; Loss: 35.368 ; Acc: 36.850
2018-09-19 13:50:10,818:INFO: [TRAIN] Step: 551 ; Loss: 39.876 ; Acc: 36.866
2018-09-19 13:50:10,895:INFO: [TRAIN] Step: 552 ; Loss: 36.244 ; Acc: 36.844
2018-09-19 13:50:10,974:INFO: [TRAIN] Step: 553 ; Loss: 36.459 ; Acc: 36.868
2018-09-19 13:50:11,046:INFO: [TRAIN] Step: 554 ; Loss: 38.599 ; Acc: 36.869
2018-09-19 13:50:11,128:INFO: [TRAIN] Step: 555 ; Loss: 35.400 ; Acc: 36.856
2018-09-19 13:50:11,201:INFO: [TRAIN] Step: 556 ; Loss: 36.895 ; Acc: 36.849
2018-09-19 13:50:11,281:INFO: [TRAIN] Step: 557 ; Loss: 39.061 ; Acc: 36.865
2018-09-19 13:50:11,356:INFO: [TRAIN] Step: 558 ; Loss: 35.860 ; Acc: 36.822
2018-09-19 13:50:11,435:INFO: [TRAIN] Step: 559 ; Loss: 37.191 ; Acc: 36.801
2018-09-19 13:50:11,508:INFO: [TRAIN] Step: 560 ; Loss: 37.564 ; Acc: 36.794
2018-09-19 13:50:11,589:INFO: [TRAIN] Step: 561 ; Loss: 38.323 ; Acc: 36.796
2018-09-19 13:50:11,660:INFO: [TRAIN] Step: 562 ; Loss: 34.725 ; Acc: 36.804
2018-09-19 13:50:11,739:INFO: [TRAIN] Step: 563 ; Loss: 37.663 ; Acc: 36.835
2018-09-19 13:50:11,812:INFO: [TRAIN] Step: 564 ; Loss: 34.204 ; Acc: 36.851
2018-09-19 13:50:11,892:INFO: [TRAIN] Step: 565 ; Loss: 38.244 ; Acc: 36.823
2018-09-19 13:50:11,963:INFO: [TRAIN] Step: 566 ; Loss: 41.839 ; Acc: 36.824
2018-09-19 13:50:12,042:INFO: [TRAIN] Step: 567 ; Loss: 35.326 ; Acc: 36.818
2018-09-19 13:50:12,114:INFO: [TRAIN] Step: 568 ; Loss: 36.433 ; Acc: 36.804
2018-09-19 13:50:12,193:INFO: [TRAIN] Step: 569 ; Loss: 37.264 ; Acc: 36.835
2018-09-19 13:50:12,267:INFO: [TRAIN] Step: 570 ; Loss: 41.012 ; Acc: 36.814
2018-09-19 13:50:12,346:INFO: [TRAIN] Step: 571 ; Loss: 38.572 ; Acc: 36.823
2018-09-19 13:50:12,420:INFO: [TRAIN] Step: 572 ; Loss: 36.716 ; Acc: 36.838
2018-09-19 13:50:12,500:INFO: [TRAIN] Step: 573 ; Loss: 41.954 ; Acc: 36.847
2018-09-19 13:50:12,572:INFO: [TRAIN] Step: 574 ; Loss: 40.697 ; Acc: 36.891
2018-09-19 13:50:12,651:INFO: [TRAIN] Step: 575 ; Loss: 39.375 ; Acc: 36.936
2018-09-19 13:50:12,725:INFO: [TRAIN] Step: 576 ; Loss: 40.878 ; Acc: 36.922
2018-09-19 13:50:12,803:INFO: [TRAIN] Step: 577 ; Loss: 37.389 ; Acc: 36.909
2018-09-19 13:50:12,876:INFO: [TRAIN] Step: 578 ; Loss: 39.833 ; Acc: 36.896
2018-09-19 13:50:12,955:INFO: [TRAIN] Step: 579 ; Loss: 38.041 ; Acc: 36.911
2018-09-19 13:50:13,028:INFO: [TRAIN] Step: 580 ; Loss: 37.864 ; Acc: 36.933
2018-09-19 13:50:13,107:INFO: [TRAIN] Step: 581 ; Loss: 39.790 ; Acc: 36.949
2018-09-19 13:50:13,179:INFO: [TRAIN] Step: 582 ; Loss: 39.641 ; Acc: 36.950
2018-09-19 13:50:13,257:INFO: [TRAIN] Step: 583 ; Loss: 38.851 ; Acc: 36.943
2018-09-19 13:50:13,331:INFO: [TRAIN] Step: 584 ; Loss: 38.214 ; Acc: 36.923
2018-09-19 13:50:13,411:INFO: [TRAIN] Step: 585 ; Loss: 37.844 ; Acc: 36.896
2018-09-19 13:50:13,485:INFO: [TRAIN] Step: 586 ; Loss: 36.589 ; Acc: 36.882
2018-09-19 13:50:13,562:INFO: [TRAIN] Step: 587 ; Loss: 35.018 ; Acc: 36.884
2018-09-19 13:50:13,638:INFO: [TRAIN] Step: 588 ; Loss: 35.983 ; Acc: 36.863
2018-09-19 13:50:13,717:INFO: [TRAIN] Step: 589 ; Loss: 34.835 ; Acc: 36.907
2018-09-19 13:50:13,789:INFO: [TRAIN] Step: 590 ; Loss: 36.458 ; Acc: 36.915
2018-09-19 13:50:13,868:INFO: [TRAIN] Step: 591 ; Loss: 35.607 ; Acc: 36.895
2018-09-19 13:50:13,941:INFO: [TRAIN] Step: 592 ; Loss: 38.912 ; Acc: 36.896
2018-09-19 13:50:14,019:INFO: [TRAIN] Step: 593 ; Loss: 38.689 ; Acc: 36.897
2018-09-19 13:50:14,093:INFO: [TRAIN] Step: 594 ; Loss: 43.507 ; Acc: 36.898
2018-09-19 13:50:14,175:INFO: [TRAIN] Step: 595 ; Loss: 35.966 ; Acc: 36.885
2018-09-19 13:50:14,249:INFO: [TRAIN] Step: 596 ; Loss: 35.274 ; Acc: 36.900
2018-09-19 13:50:14,329:INFO: [TRAIN] Step: 597 ; Loss: 38.978 ; Acc: 36.922
2018-09-19 13:50:14,400:INFO: [TRAIN] Step: 598 ; Loss: 37.183 ; Acc: 36.916
2018-09-19 13:50:14,482:INFO: [TRAIN] Step: 599 ; Loss: 44.938 ; Acc: 36.896
2018-09-19 13:50:14,556:INFO: [TRAIN] Step: 600 ; Loss: 37.914 ; Acc: 36.848
2018-09-19 13:50:14,635:INFO: [TRAIN] Step: 601 ; Loss: 36.117 ; Acc: 36.842
2018-09-19 13:50:14,708:INFO: [TRAIN] Step: 602 ; Loss: 37.086 ; Acc: 36.830
2018-09-19 13:50:14,787:INFO: [TRAIN] Step: 603 ; Loss: 36.865 ; Acc: 36.838
2018-09-19 13:50:14,862:INFO: [TRAIN] Step: 604 ; Loss: 34.020 ; Acc: 36.853
2018-09-19 13:50:14,941:INFO: [TRAIN] Step: 605 ; Loss: 36.185 ; Acc: 36.833
2018-09-19 13:50:15,014:INFO: [TRAIN] Step: 606 ; Loss: 38.591 ; Acc: 36.848
2018-09-19 13:50:15,094:INFO: [TRAIN] Step: 607 ; Loss: 40.725 ; Acc: 36.835
2018-09-19 13:50:15,166:INFO: [TRAIN] Step: 608 ; Loss: 33.819 ; Acc: 36.830
2018-09-19 13:50:15,244:INFO: [TRAIN] Step: 609 ; Loss: 40.861 ; Acc: 36.824
2018-09-19 13:50:15,316:INFO: [TRAIN] Step: 610 ; Loss: 40.308 ; Acc: 36.818
2018-09-19 13:50:15,394:INFO: [TRAIN] Step: 611 ; Loss: 39.563 ; Acc: 36.812
2018-09-19 13:50:15,470:INFO: [TRAIN] Step: 612 ; Loss: 34.956 ; Acc: 36.813
2018-09-19 13:50:15,554:INFO: [TRAIN] Step: 613 ; Loss: 39.865 ; Acc: 36.781
2018-09-19 13:50:15,630:INFO: [TRAIN] Step: 614 ; Loss: 36.683 ; Acc: 36.782
2018-09-19 13:50:15,708:INFO: [TRAIN] Step: 615 ; Loss: 38.634 ; Acc: 36.749
2018-09-19 13:50:15,781:INFO: [TRAIN] Step: 616 ; Loss: 37.558 ; Acc: 36.771
2018-09-19 13:50:15,858:INFO: [TRAIN] Step: 617 ; Loss: 38.160 ; Acc: 36.758
2018-09-19 13:50:15,930:INFO: [TRAIN] Step: 618 ; Loss: 39.518 ; Acc: 36.766
2018-09-19 13:50:16,010:INFO: [TRAIN] Step: 619 ; Loss: 37.372 ; Acc: 36.781
2018-09-19 13:50:16,086:INFO: [TRAIN] Step: 620 ; Loss: 41.091 ; Acc: 36.782
2018-09-19 13:50:16,166:INFO: [TRAIN] Step: 621 ; Loss: 34.972 ; Acc: 36.783
2018-09-19 13:50:16,241:INFO: [TRAIN] Step: 622 ; Loss: 39.079 ; Acc: 36.771
2018-09-19 13:50:16,321:INFO: [TRAIN] Step: 623 ; Loss: 40.421 ; Acc: 36.765
2018-09-19 13:50:16,396:INFO: [TRAIN] Step: 624 ; Loss: 40.746 ; Acc: 36.767
2018-09-19 13:50:16,477:INFO: [TRAIN] Step: 625 ; Loss: 38.546 ; Acc: 36.755
2018-09-19 13:50:16,549:INFO: [TRAIN] Step: 626 ; Loss: 39.073 ; Acc: 36.736
2018-09-19 13:50:16,628:INFO: [TRAIN] Step: 627 ; Loss: 37.303 ; Acc: 36.737
2018-09-19 13:50:16,702:INFO: [TRAIN] Step: 628 ; Loss: 39.484 ; Acc: 36.718
2018-09-19 13:50:16,781:INFO: [TRAIN] Step: 629 ; Loss: 38.366 ; Acc: 36.726
2018-09-19 13:50:16,854:INFO: [TRAIN] Step: 630 ; Loss: 38.374 ; Acc: 36.701
2018-09-19 13:50:16,933:INFO: [TRAIN] Step: 631 ; Loss: 39.277 ; Acc: 36.689
2018-09-19 13:50:17,005:INFO: [TRAIN] Step: 632 ; Loss: 37.606 ; Acc: 36.704
2018-09-19 13:50:17,084:INFO: [TRAIN] Step: 633 ; Loss: 42.980 ; Acc: 36.678
2018-09-19 13:50:17,157:INFO: [TRAIN] Step: 634 ; Loss: 39.023 ; Acc: 36.640
2018-09-19 13:50:17,236:INFO: [TRAIN] Step: 635 ; Loss: 40.680 ; Acc: 36.648
2018-09-19 13:50:17,310:INFO: [TRAIN] Step: 636 ; Loss: 36.937 ; Acc: 36.656
2018-09-19 13:50:17,389:INFO: [TRAIN] Step: 637 ; Loss: 37.309 ; Acc: 36.658
2018-09-19 13:50:17,463:INFO: [TRAIN] Step: 638 ; Loss: 40.437 ; Acc: 36.646
2018-09-19 13:50:17,543:INFO: [TRAIN] Step: 639 ; Loss: 35.760 ; Acc: 36.628
2018-09-19 13:50:17,617:INFO: [TRAIN] Step: 640 ; Loss: 40.401 ; Acc: 36.616
2018-09-19 13:50:17,709:INFO: [TRAIN] Step: 641 ; Loss: 36.878 ; Acc: 36.643
2018-09-19 13:50:17,783:INFO: [TRAIN] Step: 642 ; Loss: 35.048 ; Acc: 36.625
2018-09-19 13:50:17,862:INFO: [TRAIN] Step: 643 ; Loss: 39.270 ; Acc: 36.601
2018-09-19 13:50:17,933:INFO: [TRAIN] Step: 644 ; Loss: 42.755 ; Acc: 36.609
2018-09-19 13:50:18,012:INFO: [TRAIN] Step: 645 ; Loss: 37.930 ; Acc: 36.623
2018-09-19 13:50:18,084:INFO: [TRAIN] Step: 646 ; Loss: 39.837 ; Acc: 36.643
2018-09-19 13:50:18,163:INFO: [TRAIN] Step: 647 ; Loss: 35.869 ; Acc: 36.626
2018-09-19 13:50:18,236:INFO: [TRAIN] Step: 648 ; Loss: 39.829 ; Acc: 36.646
2018-09-19 13:50:18,317:INFO: [TRAIN] Step: 649 ; Loss: 35.621 ; Acc: 36.660
2018-09-19 13:50:18,394:INFO: [TRAIN] Step: 650 ; Loss: 37.003 ; Acc: 36.662
2018-09-19 13:50:18,474:INFO: [TRAIN] Step: 651 ; Loss: 37.181 ; Acc: 36.676
2018-09-19 13:50:18,547:INFO: [TRAIN] Step: 652 ; Loss: 38.285 ; Acc: 36.677
2018-09-19 13:50:18,625:INFO: [TRAIN] Step: 653 ; Loss: 36.027 ; Acc: 36.659
2018-09-19 13:50:18,699:INFO: [TRAIN] Step: 654 ; Loss: 36.141 ; Acc: 36.648
2018-09-19 13:50:18,779:INFO: [TRAIN] Step: 655 ; Loss: 35.419 ; Acc: 36.662
2018-09-19 13:50:18,852:INFO: [TRAIN] Step: 656 ; Loss: 38.079 ; Acc: 36.676
2018-09-19 13:50:18,931:INFO: [TRAIN] Step: 657 ; Loss: 37.514 ; Acc: 36.677
2018-09-19 13:50:19,006:INFO: [TRAIN] Step: 658 ; Loss: 36.721 ; Acc: 36.665
2018-09-19 13:50:19,085:INFO: [TRAIN] Step: 659 ; Loss: 37.325 ; Acc: 36.654
2018-09-19 13:50:19,159:INFO: [TRAIN] Step: 660 ; Loss: 40.542 ; Acc: 36.649
2018-09-19 13:50:19,239:INFO: [TRAIN] Step: 661 ; Loss: 40.814 ; Acc: 36.644
2018-09-19 13:50:19,313:INFO: [TRAIN] Step: 662 ; Loss: 36.495 ; Acc: 36.626
2018-09-19 13:50:19,391:INFO: [TRAIN] Step: 663 ; Loss: 37.952 ; Acc: 36.640
2018-09-19 13:50:19,465:INFO: [TRAIN] Step: 664 ; Loss: 37.143 ; Acc: 36.654
2018-09-19 13:50:19,546:INFO: [TRAIN] Step: 665 ; Loss: 38.232 ; Acc: 36.662
2018-09-19 13:50:19,620:INFO: [TRAIN] Step: 666 ; Loss: 36.760 ; Acc: 36.650
2018-09-19 13:50:19,700:INFO: [TRAIN] Step: 667 ; Loss: 40.652 ; Acc: 36.639
2018-09-19 13:50:19,774:INFO: [TRAIN] Step: 668 ; Loss: 38.830 ; Acc: 36.634
2018-09-19 13:50:19,855:INFO: [TRAIN] Step: 669 ; Loss: 37.897 ; Acc: 36.654
2018-09-19 13:50:19,928:INFO: [TRAIN] Step: 670 ; Loss: 40.460 ; Acc: 36.643
2018-09-19 13:50:20,007:INFO: [TRAIN] Step: 671 ; Loss: 41.292 ; Acc: 36.613
2018-09-19 13:50:20,082:INFO: [TRAIN] Step: 672 ; Loss: 33.730 ; Acc: 36.596
2018-09-19 13:50:20,173:INFO: [TRAIN] Step: 673 ; Loss: 42.480 ; Acc: 36.591
2018-09-19 13:50:20,247:INFO: [TRAIN] Step: 674 ; Loss: 40.568 ; Acc: 36.586
2018-09-19 13:50:20,328:INFO: [TRAIN] Step: 675 ; Loss: 32.690 ; Acc: 36.594
2018-09-19 13:50:20,402:INFO: [TRAIN] Step: 676 ; Loss: 39.346 ; Acc: 36.589
2018-09-19 13:50:20,481:INFO: [TRAIN] Step: 677 ; Loss: 41.365 ; Acc: 36.578
2018-09-19 13:50:20,553:INFO: [TRAIN] Step: 678 ; Loss: 36.468 ; Acc: 36.598
2018-09-19 13:50:20,632:INFO: [TRAIN] Step: 679 ; Loss: 37.264 ; Acc: 36.599
2018-09-19 13:50:20,705:INFO: [TRAIN] Step: 680 ; Loss: 37.071 ; Acc: 36.619
2018-09-19 13:50:20,785:INFO: [TRAIN] Step: 681 ; Loss: 32.888 ; Acc: 36.620
2018-09-19 13:50:20,861:INFO: [TRAIN] Step: 682 ; Loss: 40.517 ; Acc: 36.622
2018-09-19 13:50:20,942:INFO: [TRAIN] Step: 683 ; Loss: 33.895 ; Acc: 36.611
2018-09-19 13:50:21,015:INFO: [TRAIN] Step: 684 ; Loss: 37.470 ; Acc: 36.594
2018-09-19 13:50:21,094:INFO: [TRAIN] Step: 685 ; Loss: 36.928 ; Acc: 36.589
2018-09-19 13:50:21,171:INFO: [TRAIN] Step: 686 ; Loss: 37.045 ; Acc: 36.602
2018-09-19 13:50:21,251:INFO: [TRAIN] Step: 687 ; Loss: 40.275 ; Acc: 36.592
2018-09-19 13:50:21,324:INFO: [TRAIN] Step: 688 ; Loss: 37.889 ; Acc: 36.593
2018-09-19 13:50:21,404:INFO: [TRAIN] Step: 689 ; Loss: 36.897 ; Acc: 36.612
2018-09-19 13:50:21,478:INFO: [TRAIN] Step: 690 ; Loss: 36.661 ; Acc: 36.626
2018-09-19 13:50:21,559:INFO: [TRAIN] Step: 691 ; Loss: 39.255 ; Acc: 36.615
2018-09-19 13:50:21,633:INFO: [TRAIN] Step: 692 ; Loss: 37.192 ; Acc: 36.604
2018-09-19 13:50:21,715:INFO: [TRAIN] Step: 693 ; Loss: 38.319 ; Acc: 36.611
2018-09-19 13:50:21,791:INFO: [TRAIN] Step: 694 ; Loss: 38.799 ; Acc: 36.601
2018-09-19 13:50:21,876:INFO: [TRAIN] Step: 695 ; Loss: 34.582 ; Acc: 36.620
2018-09-19 13:50:21,949:INFO: [TRAIN] Step: 696 ; Loss: 38.937 ; Acc: 36.603
2018-09-19 13:50:22,028:INFO: [TRAIN] Step: 697 ; Loss: 37.402 ; Acc: 36.581
2018-09-19 13:50:22,105:INFO: [TRAIN] Step: 698 ; Loss: 36.964 ; Acc: 36.612
2018-09-19 13:50:22,185:INFO: [TRAIN] Step: 699 ; Loss: 40.505 ; Acc: 36.607
2018-09-19 13:50:22,261:INFO: [TRAIN] Step: 700 ; Loss: 33.647 ; Acc: 36.614
2018-09-19 13:50:22,344:INFO: [TRAIN] Step: 701 ; Loss: 40.587 ; Acc: 36.622
2018-09-19 13:50:22,421:INFO: [TRAIN] Step: 702 ; Loss: 38.200 ; Acc: 36.623
2018-09-19 13:50:22,503:INFO: [TRAIN] Step: 703 ; Loss: 35.005 ; Acc: 36.612
2018-09-19 13:50:22,579:INFO: [TRAIN] Step: 704 ; Loss: 38.023 ; Acc: 36.608
2018-09-19 13:50:22,659:INFO: [TRAIN] Step: 705 ; Loss: 39.779 ; Acc: 36.609
2018-09-19 13:50:22,731:INFO: [TRAIN] Step: 706 ; Loss: 35.968 ; Acc: 36.598
2018-09-19 13:50:22,812:INFO: [TRAIN] Step: 707 ; Loss: 38.865 ; Acc: 36.576
2018-09-19 13:50:22,890:INFO: [TRAIN] Step: 708 ; Loss: 37.414 ; Acc: 36.577
2018-09-19 13:50:22,970:INFO: [TRAIN] Step: 709 ; Loss: 40.474 ; Acc: 36.567
2018-09-19 13:50:23,044:INFO: [TRAIN] Step: 710 ; Loss: 40.241 ; Acc: 36.568
2018-09-19 13:50:23,125:INFO: [TRAIN] Step: 711 ; Loss: 37.077 ; Acc: 36.581
2018-09-19 13:50:23,201:INFO: [TRAIN] Step: 712 ; Loss: 35.286 ; Acc: 36.594
2018-09-19 13:50:23,282:INFO: [TRAIN] Step: 713 ; Loss: 37.378 ; Acc: 36.590
2018-09-19 13:50:23,357:INFO: [TRAIN] Step: 714 ; Loss: 35.626 ; Acc: 36.597
2018-09-19 13:50:23,439:INFO: [TRAIN] Step: 715 ; Loss: 39.674 ; Acc: 36.581
2018-09-19 13:50:23,513:INFO: [TRAIN] Step: 716 ; Loss: 36.584 ; Acc: 36.576
2018-09-19 13:50:23,595:INFO: [TRAIN] Step: 717 ; Loss: 39.223 ; Acc: 36.566
2018-09-19 13:50:23,670:INFO: [TRAIN] Step: 718 ; Loss: 39.228 ; Acc: 36.567
2018-09-19 13:50:23,762:INFO: [TRAIN] Step: 719 ; Loss: 37.913 ; Acc: 36.574
2018-09-19 13:50:23,873:INFO: [TRAIN] Step: 720 ; Loss: 36.608 ; Acc: 36.575
2018-09-19 13:50:23,961:INFO: [TRAIN] Step: 721 ; Loss: 34.625 ; Acc: 36.577
2018-09-19 13:50:24,052:INFO: [TRAIN] Step: 722 ; Loss: 37.316 ; Acc: 36.561
2018-09-19 13:50:24,166:INFO: [TRAIN] Step: 723 ; Loss: 34.943 ; Acc: 36.556
2018-09-19 13:50:24,241:INFO: [TRAIN] Step: 724 ; Loss: 33.447 ; Acc: 36.552
2018-09-19 13:50:24,318:INFO: [TRAIN] Step: 725 ; Loss: 40.558 ; Acc: 36.547
2018-09-19 13:50:24,388:INFO: [TRAIN] Step: 726 ; Loss: 40.428 ; Acc: 36.537
2018-09-19 13:50:24,463:INFO: [TRAIN] Step: 727 ; Loss: 36.630 ; Acc: 36.533
2018-09-19 13:50:24,534:INFO: [TRAIN] Step: 728 ; Loss: 39.849 ; Acc: 36.505
2018-09-19 13:50:24,613:INFO: [TRAIN] Step: 729 ; Loss: 38.771 ; Acc: 36.495
2018-09-19 13:50:24,690:INFO: [TRAIN] Step: 730 ; Loss: 37.311 ; Acc: 36.514
2018-09-19 13:50:24,768:INFO: [TRAIN] Step: 731 ; Loss: 44.426 ; Acc: 36.538
2018-09-19 13:50:24,841:INFO: [TRAIN] Step: 732 ; Loss: 37.809 ; Acc: 36.528
2018-09-19 13:50:24,920:INFO: [TRAIN] Step: 733 ; Loss: 37.698 ; Acc: 36.529
2018-09-19 13:50:24,993:INFO: [TRAIN] Step: 734 ; Loss: 36.071 ; Acc: 36.508
2018-09-19 13:50:25,073:INFO: [TRAIN] Step: 735 ; Loss: 40.639 ; Acc: 36.487
2018-09-19 13:50:25,148:INFO: [TRAIN] Step: 736 ; Loss: 37.339 ; Acc: 36.488
2018-09-19 13:50:25,228:INFO: [TRAIN] Step: 737 ; Loss: 37.613 ; Acc: 36.472
2018-09-19 13:50:25,298:INFO: [TRAIN] Step: 738 ; Loss: 36.070 ; Acc: 36.457
2018-09-19 13:50:25,376:INFO: [TRAIN] Step: 739 ; Loss: 35.160 ; Acc: 36.470
2018-09-19 13:50:25,474:INFO: [TRAIN] Step: 740 ; Loss: 37.430 ; Acc: 36.460
2018-09-19 13:50:25,549:INFO: [TRAIN] Step: 741 ; Loss: 37.431 ; Acc: 36.450
2018-09-19 13:50:25,621:INFO: [TRAIN] Step: 742 ; Loss: 40.927 ; Acc: 36.451
2018-09-19 13:50:25,697:INFO: [TRAIN] Step: 743 ; Loss: 37.273 ; Acc: 36.442
2018-09-19 13:50:25,771:INFO: [TRAIN] Step: 744 ; Loss: 39.012 ; Acc: 36.421
2018-09-19 13:50:25,847:INFO: [TRAIN] Step: 745 ; Loss: 35.227 ; Acc: 36.416
2018-09-19 13:50:25,921:INFO: [TRAIN] Step: 746 ; Loss: 35.788 ; Acc: 36.401
2018-09-19 13:50:25,995:INFO: [TRAIN] Step: 747 ; Loss: 37.782 ; Acc: 36.403
2018-09-19 13:50:26,067:INFO: [TRAIN] Step: 748 ; Loss: 35.851 ; Acc: 36.399
2018-09-19 13:50:26,143:INFO: [TRAIN] Step: 749 ; Loss: 37.163 ; Acc: 36.394
2018-09-19 13:50:26,215:INFO: [TRAIN] Step: 750 ; Loss: 37.835 ; Acc: 36.413
2018-09-19 13:50:26,295:INFO: [TRAIN] Step: 751 ; Loss: 37.217 ; Acc: 36.403
2018-09-19 13:50:26,367:INFO: [TRAIN] Step: 752 ; Loss: 36.498 ; Acc: 36.382
2018-09-19 13:50:26,445:INFO: [TRAIN] Step: 753 ; Loss: 37.819 ; Acc: 36.367
2018-09-19 13:50:26,518:INFO: [TRAIN] Step: 754 ; Loss: 40.074 ; Acc: 36.391
2018-09-19 13:50:26,596:INFO: [TRAIN] Step: 755 ; Loss: 38.320 ; Acc: 36.403
2018-09-19 13:50:26,670:INFO: [TRAIN] Step: 756 ; Loss: 36.088 ; Acc: 36.399
2018-09-19 13:50:26,746:INFO: [TRAIN] Step: 757 ; Loss: 37.139 ; Acc: 36.395
2018-09-19 13:50:26,817:INFO: [TRAIN] Step: 758 ; Loss: 39.448 ; Acc: 36.375
2018-09-19 13:50:26,897:INFO: [TRAIN] Step: 759 ; Loss: 37.852 ; Acc: 36.371
2018-09-19 13:50:26,968:INFO: [TRAIN] Step: 760 ; Loss: 35.327 ; Acc: 36.367
2018-09-19 13:50:27,042:INFO: [TRAIN] Step: 761 ; Loss: 39.984 ; Acc: 36.346
2018-09-19 13:50:27,114:INFO: [TRAIN] Step: 762 ; Loss: 38.035 ; Acc: 36.353
2018-09-19 13:50:27,191:INFO: [TRAIN] Step: 763 ; Loss: 41.718 ; Acc: 36.344
2018-09-19 13:50:27,263:INFO: [TRAIN] Step: 764 ; Loss: 32.586 ; Acc: 36.345
2018-09-19 13:50:27,337:INFO: [TRAIN] Step: 765 ; Loss: 38.782 ; Acc: 36.341
2018-09-19 13:50:27,407:INFO: [TRAIN] Step: 766 ; Loss: 37.845 ; Acc: 36.337
2018-09-19 13:50:27,481:INFO: [TRAIN] Step: 767 ; Loss: 35.580 ; Acc: 36.317
2018-09-19 13:50:27,556:INFO: [TRAIN] Step: 768 ; Loss: 36.121 ; Acc: 36.319
2018-09-19 13:50:27,636:INFO: [TRAIN] Step: 769 ; Loss: 36.109 ; Acc: 36.326
2018-09-19 13:50:27,711:INFO: [TRAIN] Step: 770 ; Loss: 37.717 ; Acc: 36.338
2018-09-19 13:50:27,788:INFO: [TRAIN] Step: 771 ; Loss: 38.899 ; Acc: 36.329
2018-09-19 13:50:27,859:INFO: [TRAIN] Step: 772 ; Loss: 39.752 ; Acc: 36.320
2018-09-19 13:50:27,934:INFO: [TRAIN] Step: 773 ; Loss: 39.559 ; Acc: 36.305
2018-09-19 13:50:28,004:INFO: [TRAIN] Step: 774 ; Loss: 38.383 ; Acc: 36.312
2018-09-19 13:50:28,079:INFO: [TRAIN] Step: 775 ; Loss: 36.196 ; Acc: 36.324
2018-09-19 13:50:28,152:INFO: [TRAIN] Step: 776 ; Loss: 37.251 ; Acc: 36.315
2018-09-19 13:50:28,227:INFO: [TRAIN] Step: 777 ; Loss: 38.988 ; Acc: 36.332
2018-09-19 13:50:28,297:INFO: [TRAIN] Step: 778 ; Loss: 39.078 ; Acc: 36.318
2018-09-19 13:50:28,373:INFO: [TRAIN] Step: 779 ; Loss: 41.037 ; Acc: 36.335
2018-09-19 13:50:28,442:INFO: [TRAIN] Step: 780 ; Loss: 36.370 ; Acc: 36.310
2018-09-19 13:50:28,519:INFO: [TRAIN] Step: 781 ; Loss: 36.413 ; Acc: 36.306
2018-09-19 13:50:28,592:INFO: [TRAIN] Step: 782 ; Loss: 36.516 ; Acc: 36.319
2018-09-19 13:50:28,671:INFO: [TRAIN] Step: 783 ; Loss: 35.738 ; Acc: 36.299
2018-09-19 13:50:28,745:INFO: [TRAIN] Step: 784 ; Loss: 36.812 ; Acc: 36.285
2018-09-19 13:50:28,822:INFO: [TRAIN] Step: 785 ; Loss: 37.766 ; Acc: 36.275
2018-09-19 13:50:28,900:INFO: [TRAIN] Step: 786 ; Loss: 37.032 ; Acc: 36.261
2018-09-19 13:50:28,985:INFO: [TRAIN] Step: 787 ; Loss: 39.091 ; Acc: 36.242
2018-09-19 13:50:29,063:INFO: [TRAIN] Step: 788 ; Loss: 39.527 ; Acc: 36.233
2018-09-19 13:50:29,144:INFO: [TRAIN] Step: 789 ; Loss: 39.459 ; Acc: 36.234
2018-09-19 13:50:29,221:INFO: [TRAIN] Step: 790 ; Loss: 38.320 ; Acc: 36.220
2018-09-19 13:50:29,303:INFO: [TRAIN] Step: 791 ; Loss: 39.135 ; Acc: 36.201
2018-09-19 13:50:29,380:INFO: [TRAIN] Step: 792 ; Loss: 38.874 ; Acc: 36.186
2018-09-19 13:50:29,466:INFO: [TRAIN] Step: 793 ; Loss: 39.781 ; Acc: 36.167
2018-09-19 13:50:29,546:INFO: [TRAIN] Step: 794 ; Loss: 38.255 ; Acc: 36.179
2018-09-19 13:50:29,629:INFO: [TRAIN] Step: 795 ; Loss: 37.302 ; Acc: 36.176
2018-09-19 13:50:29,705:INFO: [TRAIN] Step: 796 ; Loss: 38.723 ; Acc: 36.188
2018-09-19 13:50:29,784:INFO: [TRAIN] Step: 797 ; Loss: 34.319 ; Acc: 36.200
2018-09-19 13:50:29,862:INFO: [TRAIN] Step: 798 ; Loss: 32.999 ; Acc: 36.170
2018-09-19 13:50:29,937:INFO: [TRAIN] Step: 799 ; Loss: 38.170 ; Acc: 36.161
2018-09-19 13:50:30,009:INFO: [TRAIN] Step: 800 ; Loss: 38.063 ; Acc: 36.153
2018-09-19 13:50:30,084:INFO: [TRAIN] Step: 801 ; Loss: 34.309 ; Acc: 36.134
2018-09-19 13:50:30,156:INFO: [TRAIN] Step: 802 ; Loss: 37.375 ; Acc: 36.141
2018-09-19 13:50:30,229:INFO: [TRAIN] Step: 803 ; Loss: 34.926 ; Acc: 36.121
2018-09-19 13:50:30,303:INFO: [TRAIN] Step: 804 ; Loss: 36.379 ; Acc: 36.139
2018-09-19 13:50:30,383:INFO: [TRAIN] Step: 805 ; Loss: 37.089 ; Acc: 36.115
2018-09-19 13:50:30,460:INFO: [TRAIN] Step: 806 ; Loss: 34.635 ; Acc: 36.116
2018-09-19 13:50:30,543:INFO: [TRAIN] Step: 807 ; Loss: 38.358 ; Acc: 36.103
2018-09-19 13:50:30,618:INFO: [TRAIN] Step: 808 ; Loss: 38.265 ; Acc: 36.094
2018-09-19 13:50:30,697:INFO: [TRAIN] Step: 809 ; Loss: 35.360 ; Acc: 36.091
2018-09-19 13:50:30,768:INFO: [TRAIN] Step: 810 ; Loss: 39.408 ; Acc: 36.072
2018-09-19 13:50:30,843:INFO: [TRAIN] Step: 811 ; Loss: 38.310 ; Acc: 36.079
2018-09-19 13:50:30,913:INFO: [TRAIN] Step: 812 ; Loss: 38.357 ; Acc: 36.070
2018-09-19 13:50:30,989:INFO: [TRAIN] Step: 813 ; Loss: 36.935 ; Acc: 36.046
2018-09-19 13:50:31,061:INFO: [TRAIN] Step: 814 ; Loss: 35.924 ; Acc: 36.028
2018-09-19 13:50:31,137:INFO: [TRAIN] Step: 815 ; Loss: 39.594 ; Acc: 36.009
2018-09-19 13:50:31,214:INFO: [TRAIN] Step: 816 ; Loss: 39.659 ; Acc: 35.996
2018-09-19 13:50:31,295:INFO: [TRAIN] Step: 817 ; Loss: 36.768 ; Acc: 35.992
2018-09-19 13:50:31,369:INFO: [TRAIN] Step: 818 ; Loss: 37.559 ; Acc: 35.969
2018-09-19 13:50:31,446:INFO: [TRAIN] Step: 819 ; Loss: 37.649 ; Acc: 35.955
2018-09-19 13:50:31,521:INFO: [TRAIN] Step: 820 ; Loss: 34.811 ; Acc: 35.937
2018-09-19 13:50:31,599:INFO: [TRAIN] Step: 821 ; Loss: 35.825 ; Acc: 35.934
2018-09-19 13:50:31,675:INFO: [TRAIN] Step: 822 ; Loss: 34.047 ; Acc: 35.925
2018-09-19 13:50:31,753:INFO: [TRAIN] Step: 823 ; Loss: 38.558 ; Acc: 35.932
2018-09-19 13:50:31,826:INFO: [TRAIN] Step: 824 ; Loss: 35.584 ; Acc: 35.914
2018-09-19 13:50:31,904:INFO: [TRAIN] Step: 825 ; Loss: 38.225 ; Acc: 35.916
2018-09-19 13:50:31,978:INFO: [TRAIN] Step: 826 ; Loss: 35.435 ; Acc: 35.923
2018-09-19 13:50:32,052:INFO: [TRAIN] Step: 827 ; Loss: 34.738 ; Acc: 35.905
2018-09-19 13:50:32,123:INFO: [TRAIN] Step: 828 ; Loss: 34.985 ; Acc: 35.882
2018-09-19 13:50:32,199:INFO: [TRAIN] Step: 829 ; Loss: 32.951 ; Acc: 35.858
2018-09-19 13:50:32,275:INFO: [TRAIN] Step: 830 ; Loss: 39.154 ; Acc: 35.850
2018-09-19 13:50:32,352:INFO: [TRAIN] Step: 831 ; Loss: 37.349 ; Acc: 35.847
2018-09-19 13:50:32,424:INFO: [TRAIN] Step: 832 ; Loss: 37.360 ; Acc: 35.834
2018-09-19 13:50:32,502:INFO: [TRAIN] Step: 833 ; Loss: 39.976 ; Acc: 35.836
2018-09-19 13:50:32,575:INFO: [TRAIN] Step: 834 ; Loss: 34.669 ; Acc: 35.843
2018-09-19 13:50:32,653:INFO: [TRAIN] Step: 835 ; Loss: 39.526 ; Acc: 35.840
2018-09-19 13:50:32,723:INFO: [TRAIN] Step: 836 ; Loss: 40.112 ; Acc: 35.817
2018-09-19 13:50:32,799:INFO: [TRAIN] Step: 837 ; Loss: 36.081 ; Acc: 35.800
2018-09-19 13:50:32,871:INFO: [TRAIN] Step: 838 ; Loss: 36.945 ; Acc: 35.787
2018-09-19 13:50:32,948:INFO: [TRAIN] Step: 839 ; Loss: 36.481 ; Acc: 35.789
2018-09-19 13:50:33,020:INFO: [TRAIN] Step: 840 ; Loss: 36.874 ; Acc: 35.771
2018-09-19 13:50:33,097:INFO: [TRAIN] Step: 841 ; Loss: 33.734 ; Acc: 35.763
2018-09-19 13:50:33,173:INFO: [TRAIN] Step: 842 ; Loss: 36.556 ; Acc: 35.755
2018-09-19 13:50:33,251:INFO: [TRAIN] Step: 843 ; Loss: 33.868 ; Acc: 35.752
2018-09-19 13:50:33,324:INFO: [TRAIN] Step: 844 ; Loss: 38.028 ; Acc: 35.740
2018-09-19 13:50:33,401:INFO: [TRAIN] Step: 845 ; Loss: 35.228 ; Acc: 35.737
2018-09-19 13:50:33,473:INFO: [TRAIN] Step: 846 ; Loss: 34.266 ; Acc: 35.729
2018-09-19 13:50:33,552:INFO: [TRAIN] Step: 847 ; Loss: 35.191 ; Acc: 35.716
2018-09-19 13:50:33,630:INFO: [TRAIN] Step: 848 ; Loss: 42.501 ; Acc: 35.718
2018-09-19 13:50:33,706:INFO: [TRAIN] Step: 849 ; Loss: 36.376 ; Acc: 35.706
2018-09-19 13:50:33,779:INFO: [TRAIN] Step: 850 ; Loss: 40.147 ; Acc: 35.703
2018-09-19 13:50:33,858:INFO: [TRAIN] Step: 851 ; Loss: 40.988 ; Acc: 35.705
2018-09-19 13:50:33,933:INFO: [TRAIN] Step: 852 ; Loss: 33.627 ; Acc: 35.683
2018-09-19 13:50:34,010:INFO: [TRAIN] Step: 853 ; Loss: 38.688 ; Acc: 35.670
2018-09-19 13:50:34,083:INFO: [TRAIN] Step: 854 ; Loss: 39.413 ; Acc: 35.673
2018-09-19 13:50:34,160:INFO: [TRAIN] Step: 855 ; Loss: 33.838 ; Acc: 35.650
2018-09-19 13:50:34,232:INFO: [TRAIN] Step: 856 ; Loss: 36.059 ; Acc: 35.638
2018-09-19 13:50:34,310:INFO: [TRAIN] Step: 857 ; Loss: 35.174 ; Acc: 35.640
2018-09-19 13:50:34,380:INFO: [TRAIN] Step: 858 ; Loss: 38.868 ; Acc: 35.642
2018-09-19 13:50:34,456:INFO: [TRAIN] Step: 859 ; Loss: 34.712 ; Acc: 35.625
2018-09-19 13:50:34,526:INFO: [TRAIN] Step: 860 ; Loss: 37.641 ; Acc: 35.613
2018-09-19 13:50:34,602:INFO: [TRAIN] Step: 861 ; Loss: 36.915 ; Acc: 35.605
2018-09-19 13:50:34,671:INFO: [TRAIN] Step: 862 ; Loss: 33.727 ; Acc: 35.583
2018-09-19 13:50:34,745:INFO: [TRAIN] Step: 863 ; Loss: 36.682 ; Acc: 35.566
2018-09-19 13:50:34,816:INFO: [TRAIN] Step: 864 ; Loss: 37.277 ; Acc: 35.559
2018-09-19 13:50:34,891:INFO: [TRAIN] Step: 865 ; Loss: 39.650 ; Acc: 35.537
2018-09-19 13:50:34,963:INFO: [TRAIN] Step: 866 ; Loss: 32.567 ; Acc: 35.525
2018-09-19 13:50:35,039:INFO: [TRAIN] Step: 867 ; Loss: 37.367 ; Acc: 35.508
2018-09-19 13:50:35,110:INFO: [TRAIN] Step: 868 ; Loss: 34.215 ; Acc: 35.491
2018-09-19 13:50:35,190:INFO: [TRAIN] Step: 869 ; Loss: 36.774 ; Acc: 35.489
2018-09-19 13:50:35,268:INFO: [TRAIN] Step: 870 ; Loss: 37.870 ; Acc: 35.476
2018-09-19 13:50:35,346:INFO: [TRAIN] Step: 871 ; Loss: 39.289 ; Acc: 35.464
2018-09-19 13:50:35,421:INFO: [TRAIN] Step: 872 ; Loss: 38.942 ; Acc: 35.448
2018-09-19 13:50:35,496:INFO: [TRAIN] Step: 873 ; Loss: 37.765 ; Acc: 35.445
2018-09-19 13:50:35,569:INFO: [TRAIN] Step: 874 ; Loss: 39.432 ; Acc: 35.433
2018-09-19 13:50:35,648:INFO: [TRAIN] Step: 875 ; Loss: 38.620 ; Acc: 35.431
2018-09-19 13:50:35,721:INFO: [TRAIN] Step: 876 ; Loss: 36.995 ; Acc: 35.424
2018-09-19 13:50:35,799:INFO: [TRAIN] Step: 877 ; Loss: 38.711 ; Acc: 35.412
2018-09-19 13:50:35,875:INFO: [TRAIN] Step: 878 ; Loss: 38.319 ; Acc: 35.405
2018-09-19 13:50:35,955:INFO: [TRAIN] Step: 879 ; Loss: 33.999 ; Acc: 35.398
2018-09-19 13:50:36,031:INFO: [TRAIN] Step: 880 ; Loss: 38.700 ; Acc: 35.400
2018-09-19 13:50:36,110:INFO: [TRAIN] Step: 881 ; Loss: 37.230 ; Acc: 35.431
2018-09-19 13:50:36,181:INFO: [TRAIN] Step: 882 ; Loss: 36.994 ; Acc: 35.428
2018-09-19 13:50:36,259:INFO: [TRAIN] Step: 883 ; Loss: 37.249 ; Acc: 35.412
2018-09-19 13:50:36,331:INFO: [TRAIN] Step: 884 ; Loss: 35.273 ; Acc: 35.410
2018-09-19 13:50:36,409:INFO: [TRAIN] Step: 885 ; Loss: 31.523 ; Acc: 35.398
2018-09-19 13:50:36,481:INFO: [TRAIN] Step: 886 ; Loss: 36.066 ; Acc: 35.396
2018-09-19 13:50:36,558:INFO: [TRAIN] Step: 887 ; Loss: 37.177 ; Acc: 35.389
2018-09-19 13:50:36,628:INFO: [TRAIN] Step: 888 ; Loss: 38.642 ; Acc: 35.377
2018-09-19 13:50:36,704:INFO: [TRAIN] Step: 889 ; Loss: 39.483 ; Acc: 35.360
2018-09-19 13:50:36,796:INFO: [TRAIN] Step: 890 ; Loss: 39.622 ; Acc: 35.368
2018-09-19 13:50:36,880:INFO: [TRAIN] Step: 891 ; Loss: 35.133 ; Acc: 35.351
2018-09-19 13:50:36,951:INFO: [TRAIN] Step: 892 ; Loss: 36.231 ; Acc: 35.354
2018-09-19 13:50:37,028:INFO: [TRAIN] Step: 893 ; Loss: 34.974 ; Acc: 35.333
2018-09-19 13:50:37,105:INFO: [TRAIN] Step: 894 ; Loss: 34.542 ; Acc: 35.317
2018-09-19 13:50:37,182:INFO: [TRAIN] Step: 895 ; Loss: 38.785 ; Acc: 35.328
2018-09-19 13:50:37,254:INFO: [TRAIN] Step: 896 ; Loss: 38.635 ; Acc: 35.317
2018-09-19 13:50:37,332:INFO: [TRAIN] Step: 897 ; Loss: 34.578 ; Acc: 35.305
2018-09-19 13:50:37,405:INFO: [TRAIN] Step: 898 ; Loss: 35.327 ; Acc: 35.303
2018-09-19 13:50:37,480:INFO: [TRAIN] Step: 899 ; Loss: 34.934 ; Acc: 35.282
2018-09-19 13:50:37,552:INFO: [TRAIN] Step: 900 ; Loss: 39.211 ; Acc: 35.266
2018-09-19 13:50:37,627:INFO: [TRAIN] Step: 901 ; Loss: 37.191 ; Acc: 35.241
2018-09-19 13:50:37,700:INFO: [TRAIN] Step: 902 ; Loss: 35.917 ; Acc: 35.225
2018-09-19 13:50:37,777:INFO: [TRAIN] Step: 903 ; Loss: 34.572 ; Acc: 35.228
2018-09-19 13:50:37,851:INFO: [TRAIN] Step: 904 ; Loss: 38.083 ; Acc: 35.216
2018-09-19 13:50:37,929:INFO: [TRAIN] Step: 905 ; Loss: 38.222 ; Acc: 35.214
2018-09-19 13:50:38,005:INFO: [TRAIN] Step: 906 ; Loss: 37.851 ; Acc: 35.208
2018-09-19 13:50:38,080:INFO: [TRAIN] Step: 907 ; Loss: 37.316 ; Acc: 35.219
2018-09-19 13:50:38,153:INFO: [TRAIN] Step: 908 ; Loss: 40.620 ; Acc: 35.208
2018-09-19 13:50:38,233:INFO: [TRAIN] Step: 909 ; Loss: 36.999 ; Acc: 35.197
2018-09-19 13:50:38,306:INFO: [TRAIN] Step: 910 ; Loss: 34.642 ; Acc: 35.186
2018-09-19 13:50:38,385:INFO: [TRAIN] Step: 911 ; Loss: 38.218 ; Acc: 35.165
2018-09-19 13:50:38,459:INFO: [TRAIN] Step: 912 ; Loss: 35.876 ; Acc: 35.150
2018-09-19 13:50:38,540:INFO: [TRAIN] Step: 913 ; Loss: 36.316 ; Acc: 35.134
2018-09-19 13:50:38,614:INFO: [TRAIN] Step: 914 ; Loss: 35.040 ; Acc: 35.137
2018-09-19 13:50:38,694:INFO: [TRAIN] Step: 915 ; Loss: 32.767 ; Acc: 35.112
2018-09-19 13:50:38,767:INFO: [TRAIN] Step: 916 ; Loss: 40.208 ; Acc: 35.110
2018-09-19 13:50:38,846:INFO: [TRAIN] Step: 917 ; Loss: 35.182 ; Acc: 35.099
2018-09-19 13:50:38,920:INFO: [TRAIN] Step: 918 ; Loss: 39.388 ; Acc: 35.111
2018-09-19 13:50:38,999:INFO: [TRAIN] Step: 919 ; Loss: 37.394 ; Acc: 35.095
2018-09-19 13:50:39,073:INFO: [TRAIN] Step: 920 ; Loss: 33.824 ; Acc: 35.075
2018-09-19 13:50:39,156:INFO: [TRAIN] Step: 921 ; Loss: 37.724 ; Acc: 35.064
2018-09-19 13:50:39,231:INFO: [TRAIN] Step: 922 ; Loss: 37.562 ; Acc: 35.067
2018-09-19 13:50:39,315:INFO: [TRAIN] Step: 923 ; Loss: 39.539 ; Acc: 35.051
2018-09-19 13:50:39,393:INFO: [TRAIN] Step: 924 ; Loss: 36.784 ; Acc: 35.027
2018-09-19 13:50:39,470:INFO: [TRAIN] Step: 925 ; Loss: 36.706 ; Acc: 35.012
2018-09-19 13:50:39,543:INFO: [TRAIN] Step: 926 ; Loss: 39.424 ; Acc: 35.028
2018-09-19 13:50:39,617:INFO: [TRAIN] Step: 927 ; Loss: 37.275 ; Acc: 35.017
2018-09-19 13:50:39,688:INFO: [TRAIN] Step: 928 ; Loss: 34.324 ; Acc: 35.011
2018-09-19 13:50:39,791:INFO: [TRAIN] Step: 929 ; Loss: 31.396 ; Acc: 35.000
2018-09-19 13:50:39,863:INFO: [TRAIN] Step: 930 ; Loss: 36.188 ; Acc: 34.994
2018-09-19 13:50:39,942:INFO: [TRAIN] Step: 931 ; Loss: 37.209 ; Acc: 34.996
2018-09-19 13:50:40,012:INFO: [TRAIN] Step: 932 ; Loss: 35.828 ; Acc: 34.990
2018-09-19 13:50:40,089:INFO: [TRAIN] Step: 933 ; Loss: 35.740 ; Acc: 34.971
2018-09-19 13:50:40,160:INFO: [TRAIN] Step: 934 ; Loss: 38.565 ; Acc: 34.951
2018-09-19 13:50:40,241:INFO: [TRAIN] Step: 935 ; Loss: 38.701 ; Acc: 34.940
2018-09-19 13:50:40,315:INFO: [TRAIN] Step: 936 ; Loss: 37.218 ; Acc: 34.925
2018-09-19 13:50:40,394:INFO: [TRAIN] Step: 937 ; Loss: 36.155 ; Acc: 34.919
2018-09-19 13:50:40,468:INFO: [TRAIN] Step: 938 ; Loss: 36.036 ; Acc: 34.913
2018-09-19 13:50:40,544:INFO: [TRAIN] Step: 939 ; Loss: 35.788 ; Acc: 34.916
2018-09-19 13:50:40,617:INFO: [TRAIN] Step: 940 ; Loss: 34.182 ; Acc: 34.896
2018-09-19 13:50:40,710:INFO: [TRAIN] Step: 941 ; Loss: 40.624 ; Acc: 34.886
2018-09-19 13:50:40,790:INFO: [TRAIN] Step: 942 ; Loss: 39.760 ; Acc: 34.884
2018-09-19 13:50:40,865:INFO: [TRAIN] Step: 943 ; Loss: 35.738 ; Acc: 34.887
2018-09-19 13:50:40,938:INFO: [TRAIN] Step: 944 ; Loss: 36.532 ; Acc: 34.872
2018-09-19 13:50:41,015:INFO: [TRAIN] Step: 945 ; Loss: 37.606 ; Acc: 34.871
2018-09-19 13:50:41,090:INFO: [TRAIN] Step: 946 ; Loss: 36.494 ; Acc: 34.873
2018-09-19 13:50:41,166:INFO: [TRAIN] Step: 947 ; Loss: 33.873 ; Acc: 34.854
2018-09-19 13:50:41,241:INFO: [TRAIN] Step: 948 ; Loss: 40.176 ; Acc: 34.861
2018-09-19 13:50:41,330:INFO: [TRAIN] Step: 949 ; Loss: 37.708 ; Acc: 34.851
2018-09-19 13:50:41,411:INFO: [TRAIN] Step: 950 ; Loss: 34.965 ; Acc: 34.845
2018-09-19 13:50:41,487:INFO: [TRAIN] Step: 951 ; Loss: 36.159 ; Acc: 34.839
2018-09-19 13:50:41,560:INFO: [TRAIN] Step: 952 ; Loss: 35.418 ; Acc: 34.824
2018-09-19 13:50:41,641:INFO: [TRAIN] Step: 953 ; Loss: 37.854 ; Acc: 34.823
2018-09-19 13:50:41,716:INFO: [TRAIN] Step: 954 ; Loss: 38.799 ; Acc: 34.825
2018-09-19 13:50:41,793:INFO: [TRAIN] Step: 955 ; Loss: 35.707 ; Acc: 34.815
2018-09-19 13:50:41,878:INFO: [TRAIN] Step: 956 ; Loss: 37.039 ; Acc: 34.805
2018-09-19 13:50:41,957:INFO: [TRAIN] Step: 957 ; Loss: 36.940 ; Acc: 34.790
2018-09-19 13:50:42,031:INFO: [TRAIN] Step: 958 ; Loss: 39.024 ; Acc: 34.793
2018-09-19 13:50:42,108:INFO: [TRAIN] Step: 959 ; Loss: 35.858 ; Acc: 34.770
2018-09-19 13:50:42,182:INFO: [TRAIN] Step: 960 ; Loss: 35.951 ; Acc: 34.760
2018-09-19 13:50:42,262:INFO: [TRAIN] Step: 961 ; Loss: 37.187 ; Acc: 34.771
2018-09-19 13:50:42,334:INFO: [TRAIN] Step: 962 ; Loss: 33.722 ; Acc: 34.757
2018-09-19 13:50:42,410:INFO: [TRAIN] Step: 963 ; Loss: 37.798 ; Acc: 34.755
2018-09-19 13:50:42,484:INFO: [TRAIN] Step: 964 ; Loss: 35.362 ; Acc: 34.745
2018-09-19 13:50:42,599:INFO: [TRAIN] Step: 965 ; Loss: 34.664 ; Acc: 34.718
2018-09-19 13:50:42,697:INFO: [TRAIN] Step: 966 ; Loss: 32.838 ; Acc: 34.699
2018-09-19 13:50:42,778:INFO: [TRAIN] Step: 967 ; Loss: 34.048 ; Acc: 34.681
2018-09-19 13:50:42,853:INFO: [TRAIN] Step: 968 ; Loss: 33.991 ; Acc: 34.671
2018-09-19 13:50:42,938:INFO: [TRAIN] Step: 969 ; Loss: 35.650 ; Acc: 34.656
2018-09-19 13:50:43,014:INFO: [TRAIN] Step: 970 ; Loss: 34.491 ; Acc: 34.642
2018-09-19 13:50:43,092:INFO: [TRAIN] Step: 971 ; Loss: 36.844 ; Acc: 34.624
2018-09-19 13:50:43,165:INFO: [TRAIN] Step: 972 ; Loss: 36.771 ; Acc: 34.609
2018-09-19 13:50:43,244:INFO: [TRAIN] Step: 973 ; Loss: 39.383 ; Acc: 34.604
2018-09-19 13:50:43,319:INFO: [TRAIN] Step: 974 ; Loss: 39.196 ; Acc: 34.598
2018-09-19 13:50:43,407:INFO: [TRAIN] Step: 975 ; Loss: 38.530 ; Acc: 34.606
2018-09-19 13:50:43,489:INFO: [TRAIN] Step: 976 ; Loss: 35.516 ; Acc: 34.596
2018-09-19 13:50:43,576:INFO: [TRAIN] Step: 977 ; Loss: 35.393 ; Acc: 34.577
2018-09-19 13:50:43,653:INFO: [TRAIN] Step: 978 ; Loss: 32.609 ; Acc: 34.572
2018-09-19 13:50:43,736:INFO: [TRAIN] Step: 979 ; Loss: 38.825 ; Acc: 34.566
2018-09-19 13:50:43,813:INFO: [TRAIN] Step: 980 ; Loss: 36.154 ; Acc: 34.561
2018-09-19 13:50:43,897:INFO: [TRAIN] Step: 981 ; Loss: 33.631 ; Acc: 34.538
2018-09-19 13:50:43,974:INFO: [TRAIN] Step: 982 ; Loss: 35.643 ; Acc: 34.529
2018-09-19 13:50:44,057:INFO: [TRAIN] Step: 983 ; Loss: 36.130 ; Acc: 34.527
2018-09-19 13:50:44,133:INFO: [TRAIN] Step: 984 ; Loss: 37.947 ; Acc: 34.530
2018-09-19 13:50:44,227:INFO: [TRAIN] Step: 985 ; Loss: 34.296 ; Acc: 34.521
2018-09-19 13:50:44,301:INFO: [TRAIN] Step: 986 ; Loss: 35.636 ; Acc: 34.520
2018-09-19 13:50:44,378:INFO: [TRAIN] Step: 987 ; Loss: 38.633 ; Acc: 34.502
2018-09-19 13:50:44,449:INFO: [TRAIN] Step: 988 ; Loss: 37.380 ; Acc: 34.496
2018-09-19 13:50:44,540:INFO: [TRAIN] Step: 989 ; Loss: 36.541 ; Acc: 34.487
2018-09-19 13:50:44,621:INFO: [TRAIN] Step: 990 ; Loss: 34.181 ; Acc: 34.477
2018-09-19 13:50:44,697:INFO: [TRAIN] Step: 991 ; Loss: 34.962 ; Acc: 34.459
2018-09-19 13:50:44,775:INFO: [TRAIN] Step: 992 ; Loss: 39.216 ; Acc: 34.458
2018-09-19 13:50:44,855:INFO: [TRAIN] Step: 993 ; Loss: 36.923 ; Acc: 34.453
2018-09-19 13:50:44,933:INFO: [TRAIN] Step: 994 ; Loss: 41.161 ; Acc: 34.468
2018-09-19 13:50:45,012:INFO: [TRAIN] Step: 995 ; Loss: 37.332 ; Acc: 34.450
2018-09-19 13:50:45,087:INFO: [TRAIN] Step: 996 ; Loss: 34.289 ; Acc: 34.453
2018-09-19 13:50:45,164:INFO: [TRAIN] Step: 997 ; Loss: 35.980 ; Acc: 34.440
2018-09-19 13:50:45,241:INFO: [TRAIN] Step: 998 ; Loss: 35.866 ; Acc: 34.434
2018-09-19 13:50:45,320:INFO: [TRAIN] Step: 999 ; Loss: 34.238 ; Acc: 34.442
2018-09-19 13:50:45,398:INFO: [TRAIN] Step: 1000 ; Loss: 36.418 ; Acc: 34.436
2018-09-19 13:50:45,478:INFO: [TRAIN] Step: 1001 ; Loss: 35.763 ; Acc: 34.423
2018-09-19 13:50:45,552:INFO: [TRAIN] Step: 1002 ; Loss: 36.742 ; Acc: 34.405
2018-09-19 13:50:45,630:INFO: [TRAIN] Step: 1003 ; Loss: 35.245 ; Acc: 34.404
2018-09-19 13:50:45,705:INFO: [TRAIN] Step: 1004 ; Loss: 34.876 ; Acc: 34.391
2018-09-19 13:50:45,785:INFO: [TRAIN] Step: 1005 ; Loss: 35.069 ; Acc: 34.365
2018-09-19 13:50:45,858:INFO: [TRAIN] Step: 1006 ; Loss: 36.574 ; Acc: 34.355
2018-09-19 13:50:45,937:INFO: [TRAIN] Step: 1007 ; Loss: 37.875 ; Acc: 34.358
2018-09-19 13:50:46,012:INFO: [TRAIN] Step: 1008 ; Loss: 35.382 ; Acc: 34.362
2018-09-19 13:50:46,091:INFO: [TRAIN] Step: 1009 ; Loss: 35.618 ; Acc: 34.348
2018-09-19 13:50:46,166:INFO: [TRAIN] Step: 1010 ; Loss: 34.414 ; Acc: 34.335
2018-09-19 13:50:46,249:INFO: [TRAIN] Step: 1011 ; Loss: 37.717 ; Acc: 34.334
2018-09-19 13:50:46,325:INFO: [TRAIN] Step: 1012 ; Loss: 37.194 ; Acc: 34.321
2018-09-19 13:50:46,403:INFO: [TRAIN] Step: 1013 ; Loss: 33.466 ; Acc: 34.320
2018-09-19 13:50:46,477:INFO: [TRAIN] Step: 1014 ; Loss: 36.647 ; Acc: 34.310
2018-09-19 13:50:46,554:INFO: [TRAIN] Step: 1015 ; Loss: 36.799 ; Acc: 34.313
2018-09-19 13:50:46,632:INFO: [TRAIN] Step: 1016 ; Loss: 36.301 ; Acc: 34.308
2018-09-19 13:50:46,710:INFO: [TRAIN] Step: 1017 ; Loss: 33.340 ; Acc: 34.299
2018-09-19 13:50:46,787:INFO: [TRAIN] Step: 1018 ; Loss: 35.745 ; Acc: 34.294
2018-09-19 13:50:46,892:INFO: [TRAIN] Step: 1019 ; Loss: 35.661 ; Acc: 34.289
2018-09-19 13:50:46,964:INFO: [TRAIN] Step: 1020 ; Loss: 35.730 ; Acc: 34.280
2018-09-19 13:50:47,043:INFO: [TRAIN] Step: 1021 ; Loss: 31.856 ; Acc: 34.255
2018-09-19 13:50:47,113:INFO: [TRAIN] Step: 1022 ; Loss: 40.965 ; Acc: 34.246
2018-09-19 13:50:47,188:INFO: [TRAIN] Step: 1023 ; Loss: 39.420 ; Acc: 34.257
2018-09-19 13:50:47,262:INFO: [TRAIN] Step: 1024 ; Loss: 37.898 ; Acc: 34.244
2018-09-19 13:50:47,341:INFO: [TRAIN] Step: 1025 ; Loss: 39.011 ; Acc: 34.251
2018-09-19 13:50:47,416:INFO: [TRAIN] Step: 1026 ; Loss: 37.311 ; Acc: 34.242
2018-09-19 13:50:47,501:INFO: [TRAIN] Step: 1027 ; Loss: 36.668 ; Acc: 34.233
2018-09-19 13:50:47,577:INFO: [TRAIN] Step: 1028 ; Loss: 35.725 ; Acc: 34.228
2018-09-19 13:50:47,666:INFO: [TRAIN] Step: 1029 ; Loss: 38.490 ; Acc: 34.223
2018-09-19 13:50:47,742:INFO: [TRAIN] Step: 1030 ; Loss: 40.594 ; Acc: 34.226
2018-09-19 13:50:47,823:INFO: [TRAIN] Step: 1031 ; Loss: 37.110 ; Acc: 34.226
2018-09-19 13:50:47,896:INFO: [TRAIN] Step: 1032 ; Loss: 37.895 ; Acc: 34.209
2018-09-19 13:50:47,974:INFO: [TRAIN] Step: 1033 ; Loss: 33.419 ; Acc: 34.208
2018-09-19 13:50:48,045:INFO: [TRAIN] Step: 1034 ; Loss: 33.775 ; Acc: 34.203
2018-09-19 13:50:48,123:INFO: [TRAIN] Step: 1035 ; Loss: 36.111 ; Acc: 34.182
2018-09-19 13:50:48,199:INFO: [TRAIN] Step: 1036 ; Loss: 35.641 ; Acc: 34.181
2018-09-19 13:50:48,297:INFO: [TRAIN] Step: 1037 ; Loss: 36.281 ; Acc: 34.168
2018-09-19 13:50:48,369:INFO: [TRAIN] Step: 1038 ; Loss: 36.827 ; Acc: 34.167
2018-09-19 13:50:48,446:INFO: [TRAIN] Step: 1039 ; Loss: 34.462 ; Acc: 34.155
2018-09-19 13:50:48,517:INFO: [TRAIN] Step: 1040 ; Loss: 35.867 ; Acc: 34.138
2018-09-19 13:50:48,593:INFO: [TRAIN] Step: 1041 ; Loss: 36.427 ; Acc: 34.149
2018-09-19 13:50:48,669:INFO: [TRAIN] Step: 1042 ; Loss: 36.119 ; Acc: 34.140
2018-09-19 13:50:48,750:INFO: [TRAIN] Step: 1043 ; Loss: 37.259 ; Acc: 34.132
2018-09-19 13:50:48,827:INFO: [TRAIN] Step: 1044 ; Loss: 32.395 ; Acc: 34.119
2018-09-19 13:50:48,906:INFO: [TRAIN] Step: 1045 ; Loss: 34.944 ; Acc: 34.114
2018-09-19 13:50:48,981:INFO: [TRAIN] Step: 1046 ; Loss: 34.879 ; Acc: 34.105
2018-09-19 13:50:49,062:INFO: [TRAIN] Step: 1047 ; Loss: 38.265 ; Acc: 34.101
2018-09-19 13:50:49,135:INFO: [TRAIN] Step: 1048 ; Loss: 36.144 ; Acc: 34.100
2018-09-19 13:50:49,218:INFO: [TRAIN] Step: 1049 ; Loss: 37.815 ; Acc: 34.091
2018-09-19 13:50:49,291:INFO: [TRAIN] Step: 1050 ; Loss: 35.179 ; Acc: 34.083
2018-09-19 13:50:49,367:INFO: [TRAIN] Step: 1051 ; Loss: 35.590 ; Acc: 34.062
2018-09-19 13:50:49,442:INFO: [TRAIN] Step: 1052 ; Loss: 36.135 ; Acc: 34.057
2018-09-19 13:50:49,521:INFO: [TRAIN] Step: 1053 ; Loss: 34.873 ; Acc: 34.045
2018-09-19 13:50:49,596:INFO: [TRAIN] Step: 1054 ; Loss: 36.671 ; Acc: 34.032
2018-09-19 13:50:49,678:INFO: [TRAIN] Step: 1055 ; Loss: 39.135 ; Acc: 34.032
2018-09-19 13:50:49,752:INFO: [TRAIN] Step: 1056 ; Loss: 34.760 ; Acc: 34.027
2018-09-19 13:50:49,830:INFO: [TRAIN] Step: 1057 ; Loss: 36.637 ; Acc: 34.019
2018-09-19 13:50:49,922:INFO: [TRAIN] Step: 1058 ; Loss: 35.361 ; Acc: 34.014
2018-09-19 13:50:50,003:INFO: [TRAIN] Step: 1059 ; Loss: 36.541 ; Acc: 34.006
2018-09-19 13:50:50,076:INFO: [TRAIN] Step: 1060 ; Loss: 32.321 ; Acc: 33.993
2018-09-19 13:50:50,157:INFO: [TRAIN] Step: 1061 ; Loss: 34.544 ; Acc: 33.981
2018-09-19 13:50:50,232:INFO: [TRAIN] Step: 1062 ; Loss: 36.190 ; Acc: 33.984
2018-09-19 13:50:50,312:INFO: [TRAIN] Step: 1063 ; Loss: 36.738 ; Acc: 33.983
2018-09-19 13:50:50,386:INFO: [TRAIN] Step: 1064 ; Loss: 39.070 ; Acc: 33.983
2018-09-19 13:50:50,465:INFO: [TRAIN] Step: 1065 ; Loss: 38.984 ; Acc: 33.978
2018-09-19 13:50:50,537:INFO: [TRAIN] Step: 1066 ; Loss: 32.240 ; Acc: 33.962
2018-09-19 13:50:50,633:INFO: [TRAIN] Step: 1067 ; Loss: 37.161 ; Acc: 33.946
2018-09-19 13:50:50,719:INFO: [TRAIN] Step: 1068 ; Loss: 35.661 ; Acc: 33.945
2018-09-19 13:50:50,794:INFO: [TRAIN] Step: 1069 ; Loss: 35.531 ; Acc: 33.949
2018-09-19 13:50:50,871:INFO: [TRAIN] Step: 1070 ; Loss: 33.765 ; Acc: 33.929
2018-09-19 13:50:50,950:INFO: [TRAIN] Step: 1071 ; Loss: 38.253 ; Acc: 33.932
2018-09-19 13:50:51,027:INFO: [TRAIN] Step: 1072 ; Loss: 34.941 ; Acc: 33.931
2018-09-19 13:50:51,104:INFO: [TRAIN] Step: 1073 ; Loss: 30.629 ; Acc: 33.908
2018-09-19 13:50:51,182:INFO: [TRAIN] Step: 1074 ; Loss: 39.130 ; Acc: 33.899
2018-09-19 13:50:51,267:INFO: [TRAIN] Step: 1075 ; Loss: 33.534 ; Acc: 33.903
2018-09-19 13:50:51,342:INFO: [TRAIN] Step: 1076 ; Loss: 37.159 ; Acc: 33.910
2018-09-19 13:50:51,420:INFO: [TRAIN] Step: 1077 ; Loss: 37.956 ; Acc: 33.898
2018-09-19 13:50:51,494:INFO: [TRAIN] Step: 1078 ; Loss: 34.266 ; Acc: 33.882
2018-09-19 13:50:51,574:INFO: [TRAIN] Step: 1079 ; Loss: 39.844 ; Acc: 33.877
2018-09-19 13:50:51,650:INFO: [TRAIN] Step: 1080 ; Loss: 40.050 ; Acc: 33.877
2018-09-19 13:50:51,730:INFO: [TRAIN] Step: 1081 ; Loss: 37.716 ; Acc: 33.869
2018-09-19 13:50:51,808:INFO: [TRAIN] Step: 1082 ; Loss: 37.903 ; Acc: 33.857
2018-09-19 13:50:51,889:INFO: [TRAIN] Step: 1083 ; Loss: 33.084 ; Acc: 33.868
2018-09-19 13:50:51,964:INFO: [TRAIN] Step: 1084 ; Loss: 36.797 ; Acc: 33.867
2018-09-19 13:50:52,043:INFO: [TRAIN] Step: 1085 ; Loss: 35.960 ; Acc: 33.855
2018-09-19 13:50:52,117:INFO: [TRAIN] Step: 1086 ; Loss: 38.895 ; Acc: 33.847
2018-09-19 13:50:52,199:INFO: [TRAIN] Step: 1087 ; Loss: 33.746 ; Acc: 33.843
2018-09-19 13:50:52,275:INFO: [TRAIN] Step: 1088 ; Loss: 39.428 ; Acc: 33.850
2018-09-19 13:50:52,355:INFO: [TRAIN] Step: 1089 ; Loss: 36.842 ; Acc: 33.846
2018-09-19 13:50:52,429:INFO: [TRAIN] Step: 1090 ; Loss: 34.479 ; Acc: 33.830
2018-09-19 13:50:52,510:INFO: [TRAIN] Step: 1091 ; Loss: 36.714 ; Acc: 33.829
2018-09-19 13:50:52,585:INFO: [TRAIN] Step: 1092 ; Loss: 36.248 ; Acc: 33.814
2018-09-19 13:50:52,662:INFO: [TRAIN] Step: 1093 ; Loss: 36.926 ; Acc: 33.806
2018-09-19 13:50:52,734:INFO: [TRAIN] Step: 1094 ; Loss: 34.849 ; Acc: 33.801
2018-09-19 13:50:52,813:INFO: [TRAIN] Step: 1095 ; Loss: 37.127 ; Acc: 33.790
2018-09-19 13:50:52,886:INFO: [TRAIN] Step: 1096 ; Loss: 35.102 ; Acc: 33.785
2018-09-19 13:50:52,965:INFO: [TRAIN] Step: 1097 ; Loss: 36.265 ; Acc: 33.781
2018-09-19 13:50:53,041:INFO: [TRAIN] Step: 1098 ; Loss: 35.851 ; Acc: 33.769
2018-09-19 13:50:53,119:INFO: [TRAIN] Step: 1099 ; Loss: 37.896 ; Acc: 33.773
2018-09-19 13:50:53,201:INFO: [TRAIN] Step: 1100 ; Loss: 33.320 ; Acc: 33.765
2018-09-19 13:50:53,281:INFO: [TRAIN] Step: 1101 ; Loss: 35.426 ; Acc: 33.768
2018-09-19 13:50:53,356:INFO: [TRAIN] Step: 1102 ; Loss: 32.861 ; Acc: 33.753
2018-09-19 13:50:53,433:INFO: [TRAIN] Step: 1103 ; Loss: 37.061 ; Acc: 33.741
2018-09-19 13:50:53,504:INFO: [TRAIN] Step: 1104 ; Loss: 35.061 ; Acc: 33.718
2018-09-19 13:50:53,587:INFO: [TRAIN] Step: 1105 ; Loss: 32.788 ; Acc: 33.714
2018-09-19 13:50:53,661:INFO: [TRAIN] Step: 1106 ; Loss: 34.461 ; Acc: 33.710
2018-09-19 13:50:53,741:INFO: [TRAIN] Step: 1107 ; Loss: 36.226 ; Acc: 33.706
2018-09-19 13:50:53,815:INFO: [TRAIN] Step: 1108 ; Loss: 34.306 ; Acc: 33.705
2018-09-19 13:50:53,895:INFO: [TRAIN] Step: 1109 ; Loss: 33.972 ; Acc: 33.705
2018-09-19 13:50:53,970:INFO: [TRAIN] Step: 1110 ; Loss: 32.140 ; Acc: 33.712
2018-09-19 13:50:54,051:INFO: [TRAIN] Step: 1111 ; Loss: 38.016 ; Acc: 33.719
2018-09-19 13:50:54,130:INFO: [TRAIN] Step: 1112 ; Loss: 34.395 ; Acc: 33.711
2018-09-19 13:50:54,212:INFO: [TRAIN] Step: 1113 ; Loss: 37.810 ; Acc: 33.715
2018-09-19 13:50:54,286:INFO: [TRAIN] Step: 1114 ; Loss: 33.298 ; Acc: 33.714
2018-09-19 13:50:54,365:INFO: [TRAIN] Step: 1115 ; Loss: 35.881 ; Acc: 33.714
2018-09-19 13:50:54,440:INFO: [TRAIN] Step: 1116 ; Loss: 39.237 ; Acc: 33.706
2018-09-19 13:50:54,523:INFO: [TRAIN] Step: 1117 ; Loss: 36.940 ; Acc: 33.706
2018-09-19 13:50:54,598:INFO: [TRAIN] Step: 1118 ; Loss: 33.599 ; Acc: 33.702
2018-09-19 13:50:54,679:INFO: [TRAIN] Step: 1119 ; Loss: 38.898 ; Acc: 33.690
2018-09-19 13:50:54,758:INFO: [TRAIN] Step: 1120 ; Loss: 37.299 ; Acc: 33.690
2018-09-19 13:50:54,838:INFO: [TRAIN] Step: 1121 ; Loss: 36.432 ; Acc: 33.694
2018-09-19 13:50:54,913:INFO: [TRAIN] Step: 1122 ; Loss: 35.407 ; Acc: 33.686
2018-09-19 13:50:54,993:INFO: [TRAIN] Step: 1123 ; Loss: 37.627 ; Acc: 33.678
2018-09-19 13:50:55,067:INFO: [TRAIN] Step: 1124 ; Loss: 33.846 ; Acc: 33.670
2018-09-19 13:50:55,148:INFO: [TRAIN] Step: 1125 ; Loss: 34.849 ; Acc: 33.652
2018-09-19 13:50:55,225:INFO: [TRAIN] Step: 1126 ; Loss: 34.325 ; Acc: 33.636
2018-09-19 13:50:55,308:INFO: [TRAIN] Step: 1127 ; Loss: 36.153 ; Acc: 33.633
2018-09-19 13:50:55,384:INFO: [TRAIN] Step: 1128 ; Loss: 36.746 ; Acc: 33.625
2018-09-19 13:50:55,466:INFO: [TRAIN] Step: 1129 ; Loss: 37.890 ; Acc: 33.610
2018-09-19 13:50:55,542:INFO: [TRAIN] Step: 1130 ; Loss: 35.198 ; Acc: 33.613
2018-09-19 13:50:55,622:INFO: [TRAIN] Step: 1131 ; Loss: 38.412 ; Acc: 33.598
2018-09-19 13:50:55,696:INFO: [TRAIN] Step: 1132 ; Loss: 35.100 ; Acc: 33.591
2018-09-19 13:50:55,776:INFO: [TRAIN] Step: 1133 ; Loss: 31.309 ; Acc: 33.576
2018-09-19 13:50:55,855:INFO: [TRAIN] Step: 1134 ; Loss: 34.958 ; Acc: 33.576
2018-09-19 13:50:55,934:INFO: [TRAIN] Step: 1135 ; Loss: 33.329 ; Acc: 33.572
2018-09-19 13:50:56,012:INFO: [TRAIN] Step: 1136 ; Loss: 33.017 ; Acc: 33.568
2018-09-19 13:50:56,092:INFO: [TRAIN] Step: 1137 ; Loss: 36.817 ; Acc: 33.546
2018-09-19 13:50:56,163:INFO: [TRAIN] Step: 1138 ; Loss: 38.747 ; Acc: 33.531
2018-09-19 13:50:56,240:INFO: [TRAIN] Step: 1139 ; Loss: 35.990 ; Acc: 33.527
2018-09-19 13:50:56,313:INFO: [TRAIN] Step: 1140 ; Loss: 38.394 ; Acc: 33.527
2018-09-19 13:50:56,388:INFO: [TRAIN] Step: 1141 ; Loss: 35.826 ; Acc: 33.516
2018-09-19 13:50:56,461:INFO: [TRAIN] Step: 1142 ; Loss: 36.963 ; Acc: 33.527
2018-09-19 13:50:56,540:INFO: [TRAIN] Step: 1143 ; Loss: 34.782 ; Acc: 33.515
2018-09-19 13:50:56,618:INFO: [TRAIN] Step: 1144 ; Loss: 38.130 ; Acc: 33.508
2018-09-19 13:50:56,696:INFO: [TRAIN] Step: 1145 ; Loss: 35.139 ; Acc: 33.515
2018-09-19 13:50:56,772:INFO: [TRAIN] Step: 1146 ; Loss: 31.109 ; Acc: 33.504
2018-09-19 13:50:56,848:INFO: [TRAIN] Step: 1147 ; Loss: 35.466 ; Acc: 33.497
2018-09-19 13:50:56,921:INFO: [TRAIN] Step: 1148 ; Loss: 37.317 ; Acc: 33.486
2018-09-19 13:50:56,997:INFO: [TRAIN] Step: 1149 ; Loss: 37.470 ; Acc: 33.478
2018-09-19 13:50:57,068:INFO: [TRAIN] Step: 1150 ; Loss: 38.128 ; Acc: 33.464
2018-09-19 13:50:57,145:INFO: [TRAIN] Step: 1151 ; Loss: 33.325 ; Acc: 33.453
2018-09-19 13:50:57,217:INFO: [TRAIN] Step: 1152 ; Loss: 35.071 ; Acc: 33.435
2018-09-19 13:50:57,294:INFO: [TRAIN] Step: 1153 ; Loss: 36.743 ; Acc: 33.431
2018-09-19 13:50:57,367:INFO: [TRAIN] Step: 1154 ; Loss: 34.651 ; Acc: 33.405
2018-09-19 13:50:57,444:INFO: [TRAIN] Step: 1155 ; Loss: 34.943 ; Acc: 33.402
2018-09-19 13:50:57,517:INFO: [TRAIN] Step: 1156 ; Loss: 40.282 ; Acc: 33.405
2018-09-19 13:50:57,594:INFO: [TRAIN] Step: 1157 ; Loss: 36.479 ; Acc: 33.387
2018-09-19 13:50:57,669:INFO: [TRAIN] Step: 1158 ; Loss: 37.552 ; Acc: 33.394
2018-09-19 13:50:57,751:INFO: [TRAIN] Step: 1159 ; Loss: 37.552 ; Acc: 33.391
2018-09-19 13:50:57,831:INFO: [TRAIN] Step: 1160 ; Loss: 34.160 ; Acc: 33.387
2018-09-19 13:50:57,912:INFO: [TRAIN] Step: 1161 ; Loss: 36.887 ; Acc: 33.394
2018-09-19 13:50:57,985:INFO: [TRAIN] Step: 1162 ; Loss: 33.760 ; Acc: 33.394
2018-09-19 13:50:58,065:INFO: [TRAIN] Step: 1163 ; Loss: 34.670 ; Acc: 33.383
2018-09-19 13:50:58,143:INFO: [TRAIN] Step: 1164 ; Loss: 39.552 ; Acc: 33.366
2018-09-19 13:50:58,219:INFO: [TRAIN] Step: 1165 ; Loss: 39.038 ; Acc: 33.344
2018-09-19 13:50:58,303:INFO: [TRAIN] Step: 1166 ; Loss: 34.234 ; Acc: 33.340
2018-09-19 13:50:58,379:INFO: [TRAIN] Step: 1167 ; Loss: 31.941 ; Acc: 33.337
2018-09-19 13:50:58,453:INFO: [TRAIN] Step: 1168 ; Loss: 37.023 ; Acc: 33.326
2018-09-19 13:50:58,529:INFO: [TRAIN] Step: 1169 ; Loss: 36.015 ; Acc: 33.319
2018-09-19 13:50:58,602:INFO: [TRAIN] Step: 1170 ; Loss: 32.005 ; Acc: 33.312
2018-09-19 13:50:58,682:INFO: [TRAIN] Step: 1171 ; Loss: 39.369 ; Acc: 33.305
2018-09-19 13:50:58,756:INFO: [TRAIN] Step: 1172 ; Loss: 39.886 ; Acc: 33.298
2018-09-19 13:50:58,835:INFO: [TRAIN] Step: 1173 ; Loss: 34.130 ; Acc: 33.301
2018-09-19 13:50:58,909:INFO: [TRAIN] Step: 1174 ; Loss: 33.284 ; Acc: 33.280
2018-09-19 13:50:58,986:INFO: [TRAIN] Step: 1175 ; Loss: 37.515 ; Acc: 33.291
2018-09-19 13:50:59,060:INFO: [TRAIN] Step: 1176 ; Loss: 34.378 ; Acc: 33.287
2018-09-19 13:50:59,138:INFO: [TRAIN] Step: 1177 ; Loss: 34.308 ; Acc: 33.291
2018-09-19 13:50:59,210:INFO: [TRAIN] Step: 1178 ; Loss: 32.344 ; Acc: 33.284
2018-09-19 13:50:59,287:INFO: [TRAIN] Step: 1179 ; Loss: 39.325 ; Acc: 33.273
2018-09-19 13:50:59,376:INFO: [TRAIN] Step: 1180 ; Loss: 30.749 ; Acc: 33.263
2018-09-19 13:50:59,475:INFO: [TRAIN] Step: 1181 ; Loss: 35.987 ; Acc: 33.256
2018-09-19 13:50:59,549:INFO: [TRAIN] Step: 1182 ; Loss: 34.782 ; Acc: 33.238
2018-09-19 13:50:59,639:INFO: [TRAIN] Step: 1183 ; Loss: 35.792 ; Acc: 33.242
2018-09-19 13:50:59,713:INFO: [TRAIN] Step: 1184 ; Loss: 38.026 ; Acc: 33.249
2018-09-19 13:50:59,797:INFO: [TRAIN] Step: 1185 ; Loss: 34.503 ; Acc: 33.242
2018-09-19 13:50:59,869:INFO: [TRAIN] Step: 1186 ; Loss: 36.241 ; Acc: 33.239
2018-09-19 13:50:59,946:INFO: [TRAIN] Step: 1187 ; Loss: 34.075 ; Acc: 33.232
2018-09-19 13:51:00,022:INFO: [TRAIN] Step: 1188 ; Loss: 36.380 ; Acc: 33.221
2018-09-19 13:51:00,102:INFO: [TRAIN] Step: 1189 ; Loss: 33.739 ; Acc: 33.207
2018-09-19 13:51:05,594:INFO: [EVAL] Step: 1190 ; Loss: 0.369 ; Acc: 0.252
