2018-09-19 15:16:15,406:INFO: ### Model ###
LeNet5(
  (convnet): Sequential(
    (0): Conv2d(1, 6, kernel_size=(5, 5), stride=(1, 1))
    (1): ReLU()
    (2): MaxPool2d(kernel_size=(2, 2), stride=2, padding=0, dilation=1, ceil_mode=False)
    (3): Conv2d(6, 16, kernel_size=(5, 5), stride=(1, 1))
    (4): ReLU()
    (5): MaxPool2d(kernel_size=(2, 2), stride=2, padding=0, dilation=1, ceil_mode=False)
    (6): Conv2d(16, 120, kernel_size=(5, 5), stride=(1, 1))
    (7): ReLU()
    (8): Conv2d(120, 240, kernel_size=(5, 5), stride=(1, 1))
    (9): ReLU()
  )
  (fc): Sequential(
    (0): Linear(in_features=240, out_features=84, bias=True)
    (1): ReLU()
    (2): Linear(in_features=84, out_features=10, bias=True)
  )
)
2018-09-19 15:16:15,407:INFO: ### Optimizer ###
Adam (
Parameter Group 0
    amsgrad: False
    betas: (0.9, 0.999)
    eps: 1e-08
    lr: 0.05
    weight_decay: 0
)
2018-09-19 15:16:15,407:INFO: ### HParams ###
n_epochs: 1 ; data: ferplus ; label: ferplus_votes ; batch_size: 24 ; lr: 0.05 ; wd: 0 ; eval_steps: 1190
2018-09-19 15:16:15,572:INFO: [TRAIN] Step: 0 ; Loss: 40.984 ; Acc: 0.000
2018-09-19 15:16:15,649:INFO: [TRAIN] Step: 1 ; Loss: 92972.742 ; Acc: 18.750
2018-09-19 15:16:15,730:INFO: [TRAIN] Step: 2 ; Loss: 601.934 ; Acc: 19.444
2018-09-19 15:16:15,821:INFO: [TRAIN] Step: 3 ; Loss: 42.306 ; Acc: 20.833
2018-09-19 15:16:15,894:INFO: [TRAIN] Step: 4 ; Loss: 37.746 ; Acc: 23.333
2018-09-19 15:16:15,972:INFO: [TRAIN] Step: 5 ; Loss: 35.576 ; Acc: 22.917
2018-09-19 15:16:16,044:INFO: [TRAIN] Step: 6 ; Loss: 32.726 ; Acc: 25.000
2018-09-19 15:16:16,123:INFO: [TRAIN] Step: 7 ; Loss: 31.604 ; Acc: 26.562
2018-09-19 15:16:16,197:INFO: [TRAIN] Step: 8 ; Loss: 33.703 ; Acc: 25.463
2018-09-19 15:16:16,283:INFO: [TRAIN] Step: 9 ; Loss: 31.662 ; Acc: 26.667
2018-09-19 15:16:16,356:INFO: [TRAIN] Step: 10 ; Loss: 27.326 ; Acc: 26.136
2018-09-19 15:16:16,436:INFO: [TRAIN] Step: 11 ; Loss: 30.385 ; Acc: 26.389
2018-09-19 15:16:16,509:INFO: [TRAIN] Step: 12 ; Loss: 32.578 ; Acc: 26.603
2018-09-19 15:16:16,588:INFO: [TRAIN] Step: 13 ; Loss: 28.673 ; Acc: 27.381
2018-09-19 15:16:16,675:INFO: [TRAIN] Step: 14 ; Loss: 24.613 ; Acc: 28.333
2018-09-19 15:16:16,756:INFO: [TRAIN] Step: 15 ; Loss: 28.249 ; Acc: 28.646
2018-09-19 15:16:16,829:INFO: [TRAIN] Step: 16 ; Loss: 32.428 ; Acc: 28.431
2018-09-19 15:16:16,909:INFO: [TRAIN] Step: 17 ; Loss: 30.734 ; Acc: 29.167
2018-09-19 15:16:16,982:INFO: [TRAIN] Step: 18 ; Loss: 30.075 ; Acc: 28.947
2018-09-19 15:16:17,062:INFO: [TRAIN] Step: 19 ; Loss: 28.844 ; Acc: 29.792
2018-09-19 15:16:17,134:INFO: [TRAIN] Step: 20 ; Loss: 29.175 ; Acc: 30.159
2018-09-19 15:16:17,215:INFO: [TRAIN] Step: 21 ; Loss: 32.918 ; Acc: 30.114
2018-09-19 15:16:17,292:INFO: [TRAIN] Step: 22 ; Loss: 27.085 ; Acc: 30.072
2018-09-19 15:16:17,372:INFO: [TRAIN] Step: 23 ; Loss: 30.652 ; Acc: 29.688
2018-09-19 15:16:17,445:INFO: [TRAIN] Step: 24 ; Loss: 32.207 ; Acc: 29.667
2018-09-19 15:16:17,526:INFO: [TRAIN] Step: 25 ; Loss: 33.736 ; Acc: 29.487
2018-09-19 15:16:17,609:INFO: [TRAIN] Step: 26 ; Loss: 33.244 ; Acc: 29.321
2018-09-19 15:16:17,687:INFO: [TRAIN] Step: 27 ; Loss: 29.279 ; Acc: 29.018
2018-09-19 15:16:17,761:INFO: [TRAIN] Step: 28 ; Loss: 33.805 ; Acc: 29.023
2018-09-19 15:16:17,843:INFO: [TRAIN] Step: 29 ; Loss: 29.865 ; Acc: 28.889
2018-09-19 15:16:17,920:INFO: [TRAIN] Step: 30 ; Loss: 27.440 ; Acc: 28.629
2018-09-19 15:16:18,000:INFO: [TRAIN] Step: 31 ; Loss: 27.486 ; Acc: 28.646
2018-09-19 15:16:18,075:INFO: [TRAIN] Step: 32 ; Loss: 30.111 ; Acc: 28.662
2018-09-19 15:16:18,158:INFO: [TRAIN] Step: 33 ; Loss: 29.985 ; Acc: 28.676
2018-09-19 15:16:18,232:INFO: [TRAIN] Step: 34 ; Loss: 30.921 ; Acc: 28.810
2018-09-19 15:16:18,310:INFO: [TRAIN] Step: 35 ; Loss: 31.772 ; Acc: 28.819
2018-09-19 15:16:18,387:INFO: [TRAIN] Step: 36 ; Loss: 25.439 ; Acc: 29.054
2018-09-19 15:16:18,467:INFO: [TRAIN] Step: 37 ; Loss: 24.238 ; Acc: 29.386
2018-09-19 15:16:18,541:INFO: [TRAIN] Step: 38 ; Loss: 27.484 ; Acc: 29.701
2018-09-19 15:16:18,628:INFO: [TRAIN] Step: 39 ; Loss: 26.552 ; Acc: 29.896
2018-09-19 15:16:18,701:INFO: [TRAIN] Step: 40 ; Loss: 32.136 ; Acc: 29.573
2018-09-19 15:16:18,788:INFO: [TRAIN] Step: 41 ; Loss: 30.761 ; Acc: 29.167
2018-09-19 15:16:18,865:INFO: [TRAIN] Step: 42 ; Loss: 26.325 ; Acc: 29.167
2018-09-19 15:16:18,946:INFO: [TRAIN] Step: 43 ; Loss: 24.726 ; Acc: 29.072
2018-09-19 15:16:19,019:INFO: [TRAIN] Step: 44 ; Loss: 30.823 ; Acc: 29.167
2018-09-19 15:16:19,099:INFO: [TRAIN] Step: 45 ; Loss: 26.748 ; Acc: 29.529
2018-09-19 15:16:19,172:INFO: [TRAIN] Step: 46 ; Loss: 29.292 ; Acc: 29.965
2018-09-19 15:16:19,251:INFO: [TRAIN] Step: 47 ; Loss: 27.806 ; Acc: 30.295
2018-09-19 15:16:19,324:INFO: [TRAIN] Step: 48 ; Loss: 34.977 ; Acc: 30.102
2018-09-19 15:16:19,404:INFO: [TRAIN] Step: 49 ; Loss: 30.078 ; Acc: 30.167
2018-09-19 15:16:19,478:INFO: [TRAIN] Step: 50 ; Loss: 28.396 ; Acc: 30.147
2018-09-19 15:16:19,559:INFO: [TRAIN] Step: 51 ; Loss: 27.369 ; Acc: 30.288
2018-09-19 15:16:19,632:INFO: [TRAIN] Step: 52 ; Loss: 27.559 ; Acc: 30.189
2018-09-19 15:16:19,714:INFO: [TRAIN] Step: 53 ; Loss: 27.959 ; Acc: 30.015
2018-09-19 15:16:19,788:INFO: [TRAIN] Step: 54 ; Loss: 31.545 ; Acc: 30.152
2018-09-19 15:16:19,867:INFO: [TRAIN] Step: 55 ; Loss: 33.127 ; Acc: 30.134
2018-09-19 15:16:19,941:INFO: [TRAIN] Step: 56 ; Loss: 29.612 ; Acc: 30.117
2018-09-19 15:16:20,021:INFO: [TRAIN] Step: 57 ; Loss: 31.622 ; Acc: 30.029
2018-09-19 15:16:20,094:INFO: [TRAIN] Step: 58 ; Loss: 30.810 ; Acc: 29.944
2018-09-19 15:16:20,176:INFO: [TRAIN] Step: 59 ; Loss: 30.664 ; Acc: 30.000
2018-09-19 15:16:20,250:INFO: [TRAIN] Step: 60 ; Loss: 26.392 ; Acc: 30.123
2018-09-19 15:16:20,329:INFO: [TRAIN] Step: 61 ; Loss: 28.846 ; Acc: 30.175
2018-09-19 15:16:20,403:INFO: [TRAIN] Step: 62 ; Loss: 29.553 ; Acc: 30.225
2018-09-19 15:16:20,481:INFO: [TRAIN] Step: 63 ; Loss: 23.524 ; Acc: 30.469
2018-09-19 15:16:20,553:INFO: [TRAIN] Step: 64 ; Loss: 24.803 ; Acc: 30.705
2018-09-19 15:16:20,630:INFO: [TRAIN] Step: 65 ; Loss: 28.641 ; Acc: 30.934
2018-09-19 15:16:20,702:INFO: [TRAIN] Step: 66 ; Loss: 28.025 ; Acc: 31.157
2018-09-19 15:16:20,782:INFO: [TRAIN] Step: 67 ; Loss: 25.048 ; Acc: 31.189
2018-09-19 15:16:20,857:INFO: [TRAIN] Step: 68 ; Loss: 25.245 ; Acc: 31.220
2018-09-19 15:16:20,936:INFO: [TRAIN] Step: 69 ; Loss: 25.914 ; Acc: 31.488
2018-09-19 15:16:21,009:INFO: [TRAIN] Step: 70 ; Loss: 25.987 ; Acc: 31.631
2018-09-19 15:16:21,090:INFO: [TRAIN] Step: 71 ; Loss: 27.046 ; Acc: 31.655
2018-09-19 15:16:21,163:INFO: [TRAIN] Step: 72 ; Loss: 24.421 ; Acc: 31.906
2018-09-19 15:16:21,242:INFO: [TRAIN] Step: 73 ; Loss: 27.269 ; Acc: 31.982
2018-09-19 15:16:21,314:INFO: [TRAIN] Step: 74 ; Loss: 31.337 ; Acc: 32.056
2018-09-19 15:16:21,391:INFO: [TRAIN] Step: 75 ; Loss: 29.249 ; Acc: 32.127
2018-09-19 15:16:21,467:INFO: [TRAIN] Step: 76 ; Loss: 28.157 ; Acc: 32.305
2018-09-19 15:16:21,546:INFO: [TRAIN] Step: 77 ; Loss: 28.183 ; Acc: 32.425
2018-09-19 15:16:21,618:INFO: [TRAIN] Step: 78 ; Loss: 29.446 ; Acc: 32.173
2018-09-19 15:16:21,699:INFO: [TRAIN] Step: 79 ; Loss: 32.192 ; Acc: 31.979
2018-09-19 15:16:21,771:INFO: [TRAIN] Step: 80 ; Loss: 27.798 ; Acc: 32.047
2018-09-19 15:16:21,867:INFO: [TRAIN] Step: 81 ; Loss: 33.271 ; Acc: 31.961
2018-09-19 15:16:21,942:INFO: [TRAIN] Step: 82 ; Loss: 30.877 ; Acc: 31.878
2018-09-19 15:16:22,022:INFO: [TRAIN] Step: 83 ; Loss: 26.783 ; Acc: 31.696
2018-09-19 15:16:22,101:INFO: [TRAIN] Step: 84 ; Loss: 30.098 ; Acc: 31.520
2018-09-19 15:16:22,181:INFO: [TRAIN] Step: 85 ; Loss: 29.616 ; Acc: 31.202
2018-09-19 15:16:22,253:INFO: [TRAIN] Step: 86 ; Loss: 31.861 ; Acc: 31.322
2018-09-19 15:16:22,333:INFO: [TRAIN] Step: 87 ; Loss: 31.150 ; Acc: 31.250
2018-09-19 15:16:22,408:INFO: [TRAIN] Step: 88 ; Loss: 28.477 ; Acc: 31.320
2018-09-19 15:16:22,487:INFO: [TRAIN] Step: 89 ; Loss: 27.774 ; Acc: 31.481
2018-09-19 15:16:22,561:INFO: [TRAIN] Step: 90 ; Loss: 28.473 ; Acc: 31.548
2018-09-19 15:16:22,640:INFO: [TRAIN] Step: 91 ; Loss: 26.698 ; Acc: 31.658
2018-09-19 15:16:22,714:INFO: [TRAIN] Step: 92 ; Loss: 27.891 ; Acc: 31.676
2018-09-19 15:16:22,792:INFO: [TRAIN] Step: 93 ; Loss: 28.948 ; Acc: 31.693
2018-09-19 15:16:22,864:INFO: [TRAIN] Step: 94 ; Loss: 26.482 ; Acc: 31.754
2018-09-19 15:16:22,944:INFO: [TRAIN] Step: 95 ; Loss: 27.651 ; Acc: 31.771
2018-09-19 15:16:23,016:INFO: [TRAIN] Step: 96 ; Loss: 29.977 ; Acc: 31.744
2018-09-19 15:16:23,097:INFO: [TRAIN] Step: 97 ; Loss: 26.564 ; Acc: 31.760
2018-09-19 15:16:23,170:INFO: [TRAIN] Step: 98 ; Loss: 26.998 ; Acc: 31.776
2018-09-19 15:16:23,251:INFO: [TRAIN] Step: 99 ; Loss: 28.327 ; Acc: 31.917
2018-09-19 15:16:23,323:INFO: [TRAIN] Step: 100 ; Loss: 32.499 ; Acc: 31.931
2018-09-19 15:16:23,402:INFO: [TRAIN] Step: 101 ; Loss: 29.050 ; Acc: 31.781
2018-09-19 15:16:23,474:INFO: [TRAIN] Step: 102 ; Loss: 28.866 ; Acc: 31.675
2018-09-19 15:16:23,554:INFO: [TRAIN] Step: 103 ; Loss: 26.117 ; Acc: 31.611
2018-09-19 15:16:23,628:INFO: [TRAIN] Step: 104 ; Loss: 31.647 ; Acc: 31.548
2018-09-19 15:16:23,710:INFO: [TRAIN] Step: 105 ; Loss: 31.985 ; Acc: 31.525
2018-09-19 15:16:23,784:INFO: [TRAIN] Step: 106 ; Loss: 31.517 ; Acc: 31.659
2018-09-19 15:16:23,863:INFO: [TRAIN] Step: 107 ; Loss: 27.724 ; Acc: 31.559
2018-09-19 15:16:23,936:INFO: [TRAIN] Step: 108 ; Loss: 31.307 ; Acc: 31.651
2018-09-19 15:16:24,017:INFO: [TRAIN] Step: 109 ; Loss: 27.109 ; Acc: 31.591
2018-09-19 15:16:24,092:INFO: [TRAIN] Step: 110 ; Loss: 27.228 ; Acc: 31.644
2018-09-19 15:16:24,171:INFO: [TRAIN] Step: 111 ; Loss: 33.557 ; Acc: 31.585
2018-09-19 15:16:24,244:INFO: [TRAIN] Step: 112 ; Loss: 29.367 ; Acc: 31.416
2018-09-19 15:16:24,322:INFO: [TRAIN] Step: 113 ; Loss: 33.234 ; Acc: 31.287
2018-09-19 15:16:24,395:INFO: [TRAIN] Step: 114 ; Loss: 34.006 ; Acc: 31.159
2018-09-19 15:16:24,476:INFO: [TRAIN] Step: 115 ; Loss: 27.877 ; Acc: 31.250
2018-09-19 15:16:24,547:INFO: [TRAIN] Step: 116 ; Loss: 29.212 ; Acc: 31.303
2018-09-19 15:16:24,624:INFO: [TRAIN] Step: 117 ; Loss: 26.541 ; Acc: 31.391
2018-09-19 15:16:24,695:INFO: [TRAIN] Step: 118 ; Loss: 30.064 ; Acc: 31.373
2018-09-19 15:16:24,776:INFO: [TRAIN] Step: 119 ; Loss: 26.700 ; Acc: 31.424
2018-09-19 15:16:24,850:INFO: [TRAIN] Step: 120 ; Loss: 24.371 ; Acc: 31.715
2018-09-19 15:16:24,931:INFO: [TRAIN] Step: 121 ; Loss: 27.360 ; Acc: 31.796
2018-09-19 15:16:25,002:INFO: [TRAIN] Step: 122 ; Loss: 28.896 ; Acc: 31.809
2018-09-19 15:16:25,079:INFO: [TRAIN] Step: 123 ; Loss: 26.099 ; Acc: 31.989
2018-09-19 15:16:25,151:INFO: [TRAIN] Step: 124 ; Loss: 25.728 ; Acc: 32.067
2018-09-19 15:16:25,230:INFO: [TRAIN] Step: 125 ; Loss: 25.948 ; Acc: 32.077
2018-09-19 15:16:25,304:INFO: [TRAIN] Step: 126 ; Loss: 28.083 ; Acc: 32.185
2018-09-19 15:16:25,397:INFO: [TRAIN] Step: 127 ; Loss: 27.479 ; Acc: 32.324
2018-09-19 15:16:25,471:INFO: [TRAIN] Step: 128 ; Loss: 29.607 ; Acc: 32.364
2018-09-19 15:16:25,552:INFO: [TRAIN] Step: 129 ; Loss: 29.694 ; Acc: 32.340
2018-09-19 15:16:25,627:INFO: [TRAIN] Step: 130 ; Loss: 36.239 ; Acc: 32.252
2018-09-19 15:16:25,708:INFO: [TRAIN] Step: 131 ; Loss: 28.178 ; Acc: 32.197
2018-09-19 15:16:25,787:INFO: [TRAIN] Step: 132 ; Loss: 27.615 ; Acc: 32.268
2018-09-19 15:16:25,870:INFO: [TRAIN] Step: 133 ; Loss: 27.620 ; Acc: 32.307
2018-09-19 15:16:25,941:INFO: [TRAIN] Step: 134 ; Loss: 26.252 ; Acc: 32.407
2018-09-19 15:16:26,020:INFO: [TRAIN] Step: 135 ; Loss: 30.440 ; Acc: 32.292
2018-09-19 15:16:26,093:INFO: [TRAIN] Step: 136 ; Loss: 31.936 ; Acc: 32.238
2018-09-19 15:16:26,172:INFO: [TRAIN] Step: 137 ; Loss: 30.423 ; Acc: 32.186
2018-09-19 15:16:26,245:INFO: [TRAIN] Step: 138 ; Loss: 27.689 ; Acc: 32.194
2018-09-19 15:16:26,325:INFO: [TRAIN] Step: 139 ; Loss: 29.054 ; Acc: 32.202
2018-09-19 15:16:26,402:INFO: [TRAIN] Step: 140 ; Loss: 28.656 ; Acc: 32.122
2018-09-19 15:16:26,481:INFO: [TRAIN] Step: 141 ; Loss: 28.600 ; Acc: 32.072
2018-09-19 15:16:26,552:INFO: [TRAIN] Step: 142 ; Loss: 28.177 ; Acc: 32.051
2018-09-19 15:16:26,629:INFO: [TRAIN] Step: 143 ; Loss: 29.071 ; Acc: 31.973
2018-09-19 15:16:26,703:INFO: [TRAIN] Step: 144 ; Loss: 29.118 ; Acc: 31.897
2018-09-19 15:16:26,783:INFO: [TRAIN] Step: 145 ; Loss: 25.190 ; Acc: 31.906
2018-09-19 15:16:26,856:INFO: [TRAIN] Step: 146 ; Loss: 31.336 ; Acc: 31.859
2018-09-19 15:16:26,936:INFO: [TRAIN] Step: 147 ; Loss: 30.438 ; Acc: 32.038
2018-09-19 15:16:27,009:INFO: [TRAIN] Step: 148 ; Loss: 32.429 ; Acc: 32.047
2018-09-19 15:16:27,088:INFO: [TRAIN] Step: 149 ; Loss: 28.499 ; Acc: 32.000
2018-09-19 15:16:27,161:INFO: [TRAIN] Step: 150 ; Loss: 26.288 ; Acc: 32.092
2018-09-19 15:16:27,241:INFO: [TRAIN] Step: 151 ; Loss: 27.494 ; Acc: 32.018
2018-09-19 15:16:27,314:INFO: [TRAIN] Step: 152 ; Loss: 29.280 ; Acc: 32.053
2018-09-19 15:16:27,394:INFO: [TRAIN] Step: 153 ; Loss: 29.753 ; Acc: 32.089
2018-09-19 15:16:27,467:INFO: [TRAIN] Step: 154 ; Loss: 25.184 ; Acc: 32.097
2018-09-19 15:16:27,544:INFO: [TRAIN] Step: 155 ; Loss: 27.009 ; Acc: 32.158
2018-09-19 15:16:27,619:INFO: [TRAIN] Step: 156 ; Loss: 30.973 ; Acc: 32.113
2018-09-19 15:16:27,699:INFO: [TRAIN] Step: 157 ; Loss: 28.494 ; Acc: 32.015
2018-09-19 15:16:27,772:INFO: [TRAIN] Step: 158 ; Loss: 23.586 ; Acc: 32.075
2018-09-19 15:16:27,851:INFO: [TRAIN] Step: 159 ; Loss: 31.583 ; Acc: 32.109
2018-09-19 15:16:27,928:INFO: [TRAIN] Step: 160 ; Loss: 28.162 ; Acc: 32.117
2018-09-19 15:16:28,008:INFO: [TRAIN] Step: 161 ; Loss: 24.046 ; Acc: 32.227
2018-09-19 15:16:28,080:INFO: [TRAIN] Step: 162 ; Loss: 29.707 ; Acc: 32.234
2018-09-19 15:16:28,157:INFO: [TRAIN] Step: 163 ; Loss: 31.800 ; Acc: 32.114
2018-09-19 15:16:28,232:INFO: [TRAIN] Step: 164 ; Loss: 27.912 ; Acc: 32.071
2018-09-19 15:16:28,311:INFO: [TRAIN] Step: 165 ; Loss: 26.734 ; Acc: 32.129
2018-09-19 15:16:28,386:INFO: [TRAIN] Step: 166 ; Loss: 30.381 ; Acc: 32.111
2018-09-19 15:16:28,469:INFO: [TRAIN] Step: 167 ; Loss: 27.464 ; Acc: 32.143
2018-09-19 15:16:28,542:INFO: [TRAIN] Step: 168 ; Loss: 30.718 ; Acc: 32.051
2018-09-19 15:16:28,623:INFO: [TRAIN] Step: 169 ; Loss: 23.301 ; Acc: 32.132
2018-09-19 15:16:28,696:INFO: [TRAIN] Step: 170 ; Loss: 25.921 ; Acc: 32.164
2018-09-19 15:16:28,775:INFO: [TRAIN] Step: 171 ; Loss: 35.520 ; Acc: 32.025
2018-09-19 15:16:28,849:INFO: [TRAIN] Step: 172 ; Loss: 27.557 ; Acc: 32.057
2018-09-19 15:16:28,929:INFO: [TRAIN] Step: 173 ; Loss: 31.297 ; Acc: 32.112
2018-09-19 15:16:29,004:INFO: [TRAIN] Step: 174 ; Loss: 26.111 ; Acc: 32.214
2018-09-19 15:16:29,091:INFO: [TRAIN] Step: 175 ; Loss: 24.973 ; Acc: 32.292
2018-09-19 15:16:29,177:INFO: [TRAIN] Step: 176 ; Loss: 28.105 ; Acc: 32.321
2018-09-19 15:16:29,258:INFO: [TRAIN] Step: 177 ; Loss: 26.937 ; Acc: 32.350
2018-09-19 15:16:29,333:INFO: [TRAIN] Step: 178 ; Loss: 31.081 ; Acc: 32.309
2018-09-19 15:16:29,413:INFO: [TRAIN] Step: 179 ; Loss: 28.165 ; Acc: 32.292
2018-09-19 15:16:29,486:INFO: [TRAIN] Step: 180 ; Loss: 27.542 ; Acc: 32.366
2018-09-19 15:16:29,565:INFO: [TRAIN] Step: 181 ; Loss: 27.550 ; Acc: 32.418
2018-09-19 15:16:29,640:INFO: [TRAIN] Step: 182 ; Loss: 29.838 ; Acc: 32.400
2018-09-19 15:16:29,721:INFO: [TRAIN] Step: 183 ; Loss: 26.851 ; Acc: 32.428
2018-09-19 15:16:29,796:INFO: [TRAIN] Step: 184 ; Loss: 31.703 ; Acc: 32.320
2018-09-19 15:16:29,879:INFO: [TRAIN] Step: 185 ; Loss: 28.504 ; Acc: 32.303
2018-09-19 15:16:29,951:INFO: [TRAIN] Step: 186 ; Loss: 30.440 ; Acc: 32.331
2018-09-19 15:16:30,033:INFO: [TRAIN] Step: 187 ; Loss: 29.326 ; Acc: 32.270
2018-09-19 15:16:30,106:INFO: [TRAIN] Step: 188 ; Loss: 28.910 ; Acc: 32.187
2018-09-19 15:16:30,184:INFO: [TRAIN] Step: 189 ; Loss: 29.570 ; Acc: 32.127
2018-09-19 15:16:30,256:INFO: [TRAIN] Step: 190 ; Loss: 28.051 ; Acc: 32.155
2018-09-19 15:16:30,336:INFO: [TRAIN] Step: 191 ; Loss: 28.995 ; Acc: 32.248
2018-09-19 15:16:30,408:INFO: [TRAIN] Step: 192 ; Loss: 27.929 ; Acc: 32.340
2018-09-19 15:16:30,485:INFO: [TRAIN] Step: 193 ; Loss: 33.614 ; Acc: 32.281
2018-09-19 15:16:30,558:INFO: [TRAIN] Step: 194 ; Loss: 28.372 ; Acc: 32.265
2018-09-19 15:16:30,637:INFO: [TRAIN] Step: 195 ; Loss: 29.881 ; Acc: 32.313
2018-09-19 15:16:30,712:INFO: [TRAIN] Step: 196 ; Loss: 26.572 ; Acc: 32.318
2018-09-19 15:16:30,794:INFO: [TRAIN] Step: 197 ; Loss: 27.542 ; Acc: 32.344
2018-09-19 15:16:30,869:INFO: [TRAIN] Step: 198 ; Loss: 29.103 ; Acc: 32.370
2018-09-19 15:16:30,947:INFO: [TRAIN] Step: 199 ; Loss: 28.211 ; Acc: 32.375
2018-09-19 15:16:31,018:INFO: [TRAIN] Step: 200 ; Loss: 27.436 ; Acc: 32.380
2018-09-19 15:16:31,100:INFO: [TRAIN] Step: 201 ; Loss: 26.831 ; Acc: 32.426
2018-09-19 15:16:31,175:INFO: [TRAIN] Step: 202 ; Loss: 31.264 ; Acc: 32.430
2018-09-19 15:16:31,252:INFO: [TRAIN] Step: 203 ; Loss: 29.619 ; Acc: 32.475
2018-09-19 15:16:31,325:INFO: [TRAIN] Step: 204 ; Loss: 27.696 ; Acc: 32.480
2018-09-19 15:16:31,404:INFO: [TRAIN] Step: 205 ; Loss: 27.596 ; Acc: 32.544
2018-09-19 15:16:31,476:INFO: [TRAIN] Step: 206 ; Loss: 31.411 ; Acc: 32.548
2018-09-19 15:16:31,553:INFO: [TRAIN] Step: 207 ; Loss: 27.527 ; Acc: 32.572
2018-09-19 15:16:31,627:INFO: [TRAIN] Step: 208 ; Loss: 29.556 ; Acc: 32.656
2018-09-19 15:16:31,709:INFO: [TRAIN] Step: 209 ; Loss: 31.499 ; Acc: 32.718
2018-09-19 15:16:31,781:INFO: [TRAIN] Step: 210 ; Loss: 31.995 ; Acc: 32.682
2018-09-19 15:16:31,862:INFO: [TRAIN] Step: 211 ; Loss: 29.317 ; Acc: 32.685
2018-09-19 15:16:31,936:INFO: [TRAIN] Step: 212 ; Loss: 27.873 ; Acc: 32.707
2018-09-19 15:16:32,016:INFO: [TRAIN] Step: 213 ; Loss: 26.323 ; Acc: 32.769
2018-09-19 15:16:32,089:INFO: [TRAIN] Step: 214 ; Loss: 28.817 ; Acc: 32.849
2018-09-19 15:16:32,168:INFO: [TRAIN] Step: 215 ; Loss: 28.875 ; Acc: 32.967
2018-09-19 15:16:32,242:INFO: [TRAIN] Step: 216 ; Loss: 24.179 ; Acc: 33.045
2018-09-19 15:16:32,321:INFO: [TRAIN] Step: 217 ; Loss: 29.437 ; Acc: 33.066
2018-09-19 15:16:32,393:INFO: [TRAIN] Step: 218 ; Loss: 30.359 ; Acc: 33.029
2018-09-19 15:16:32,472:INFO: [TRAIN] Step: 219 ; Loss: 28.282 ; Acc: 33.049
2018-09-19 15:16:32,543:INFO: [TRAIN] Step: 220 ; Loss: 29.360 ; Acc: 33.069
2018-09-19 15:16:32,623:INFO: [TRAIN] Step: 221 ; Loss: 28.589 ; Acc: 33.071
2018-09-19 15:16:32,696:INFO: [TRAIN] Step: 222 ; Loss: 26.548 ; Acc: 33.128
2018-09-19 15:16:32,779:INFO: [TRAIN] Step: 223 ; Loss: 27.023 ; Acc: 33.166
2018-09-19 15:16:32,851:INFO: [TRAIN] Step: 224 ; Loss: 26.864 ; Acc: 33.241
2018-09-19 15:16:32,933:INFO: [TRAIN] Step: 225 ; Loss: 36.461 ; Acc: 33.167
2018-09-19 15:16:33,009:INFO: [TRAIN] Step: 226 ; Loss: 30.434 ; Acc: 33.168
2018-09-19 15:16:33,087:INFO: [TRAIN] Step: 227 ; Loss: 27.327 ; Acc: 33.132
2018-09-19 15:16:33,169:INFO: [TRAIN] Step: 228 ; Loss: 31.089 ; Acc: 33.115
2018-09-19 15:16:33,250:INFO: [TRAIN] Step: 229 ; Loss: 29.140 ; Acc: 33.043
2018-09-19 15:16:33,323:INFO: [TRAIN] Step: 230 ; Loss: 25.957 ; Acc: 32.955
2018-09-19 15:16:33,401:INFO: [TRAIN] Step: 231 ; Loss: 28.507 ; Acc: 32.974
2018-09-19 15:16:33,474:INFO: [TRAIN] Step: 232 ; Loss: 25.190 ; Acc: 32.958
2018-09-19 15:16:33,553:INFO: [TRAIN] Step: 233 ; Loss: 30.260 ; Acc: 32.977
2018-09-19 15:16:33,627:INFO: [TRAIN] Step: 234 ; Loss: 29.134 ; Acc: 32.943
2018-09-19 15:16:33,708:INFO: [TRAIN] Step: 235 ; Loss: 28.866 ; Acc: 32.892
2018-09-19 15:16:33,781:INFO: [TRAIN] Step: 236 ; Loss: 27.723 ; Acc: 32.841
2018-09-19 15:16:33,858:INFO: [TRAIN] Step: 237 ; Loss: 27.544 ; Acc: 32.861
2018-09-19 15:16:33,931:INFO: [TRAIN] Step: 238 ; Loss: 26.286 ; Acc: 32.897
2018-09-19 15:16:34,008:INFO: [TRAIN] Step: 239 ; Loss: 28.273 ; Acc: 32.917
2018-09-19 15:16:34,084:INFO: [TRAIN] Step: 240 ; Loss: 26.473 ; Acc: 32.953
2018-09-19 15:16:34,162:INFO: [TRAIN] Step: 241 ; Loss: 27.618 ; Acc: 32.937
2018-09-19 15:16:34,235:INFO: [TRAIN] Step: 242 ; Loss: 25.272 ; Acc: 32.973
2018-09-19 15:16:34,316:INFO: [TRAIN] Step: 243 ; Loss: 32.169 ; Acc: 32.992
2018-09-19 15:16:34,389:INFO: [TRAIN] Step: 244 ; Loss: 28.241 ; Acc: 33.044
2018-09-19 15:16:34,467:INFO: [TRAIN] Step: 245 ; Loss: 27.734 ; Acc: 33.062
2018-09-19 15:16:34,539:INFO: [TRAIN] Step: 246 ; Loss: 29.099 ; Acc: 33.030
2018-09-19 15:16:34,617:INFO: [TRAIN] Step: 247 ; Loss: 32.445 ; Acc: 33.065
2018-09-19 15:16:34,689:INFO: [TRAIN] Step: 248 ; Loss: 32.662 ; Acc: 33.066
2018-09-19 15:16:34,771:INFO: [TRAIN] Step: 249 ; Loss: 25.780 ; Acc: 33.067
2018-09-19 15:16:34,845:INFO: [TRAIN] Step: 250 ; Loss: 32.629 ; Acc: 33.035
2018-09-19 15:16:34,928:INFO: [TRAIN] Step: 251 ; Loss: 29.282 ; Acc: 33.036
2018-09-19 15:16:35,001:INFO: [TRAIN] Step: 252 ; Loss: 30.455 ; Acc: 33.004
2018-09-19 15:16:35,080:INFO: [TRAIN] Step: 253 ; Loss: 29.014 ; Acc: 32.989
2018-09-19 15:16:35,154:INFO: [TRAIN] Step: 254 ; Loss: 31.157 ; Acc: 32.941
2018-09-19 15:16:35,233:INFO: [TRAIN] Step: 255 ; Loss: 29.381 ; Acc: 32.943
2018-09-19 15:16:35,304:INFO: [TRAIN] Step: 256 ; Loss: 27.116 ; Acc: 32.863
2018-09-19 15:16:35,384:INFO: [TRAIN] Step: 257 ; Loss: 29.796 ; Acc: 32.849
2018-09-19 15:16:35,455:INFO: [TRAIN] Step: 258 ; Loss: 26.234 ; Acc: 32.851
2018-09-19 15:16:35,535:INFO: [TRAIN] Step: 259 ; Loss: 29.227 ; Acc: 32.901
2018-09-19 15:16:35,608:INFO: [TRAIN] Step: 260 ; Loss: 32.534 ; Acc: 32.870
2018-09-19 15:16:35,685:INFO: [TRAIN] Step: 261 ; Loss: 24.579 ; Acc: 32.888
2018-09-19 15:16:35,758:INFO: [TRAIN] Step: 262 ; Loss: 27.453 ; Acc: 32.874
2018-09-19 15:16:35,842:INFO: [TRAIN] Step: 263 ; Loss: 27.151 ; Acc: 32.844
2018-09-19 15:16:35,917:INFO: [TRAIN] Step: 264 ; Loss: 29.200 ; Acc: 32.830
2018-09-19 15:16:35,998:INFO: [TRAIN] Step: 265 ; Loss: 28.842 ; Acc: 32.848
2018-09-19 15:16:36,073:INFO: [TRAIN] Step: 266 ; Loss: 29.940 ; Acc: 32.803
2018-09-19 15:16:36,156:INFO: [TRAIN] Step: 267 ; Loss: 27.800 ; Acc: 32.743
2018-09-19 15:16:36,230:INFO: [TRAIN] Step: 268 ; Loss: 27.623 ; Acc: 32.760
2018-09-19 15:16:36,309:INFO: [TRAIN] Step: 269 ; Loss: 28.568 ; Acc: 32.670
2018-09-19 15:16:36,384:INFO: [TRAIN] Step: 270 ; Loss: 33.909 ; Acc: 32.641
2018-09-19 15:16:36,462:INFO: [TRAIN] Step: 271 ; Loss: 30.988 ; Acc: 32.567
2018-09-19 15:16:36,535:INFO: [TRAIN] Step: 272 ; Loss: 24.802 ; Acc: 32.601
2018-09-19 15:16:36,613:INFO: [TRAIN] Step: 273 ; Loss: 28.216 ; Acc: 32.664
2018-09-19 15:16:36,685:INFO: [TRAIN] Step: 274 ; Loss: 29.788 ; Acc: 32.712
2018-09-19 15:16:36,764:INFO: [TRAIN] Step: 275 ; Loss: 29.432 ; Acc: 32.699
2018-09-19 15:16:36,836:INFO: [TRAIN] Step: 276 ; Loss: 28.897 ; Acc: 32.687
2018-09-19 15:16:36,917:INFO: [TRAIN] Step: 277 ; Loss: 28.567 ; Acc: 32.674
2018-09-19 15:16:36,989:INFO: [TRAIN] Step: 278 ; Loss: 32.331 ; Acc: 32.646
2018-09-19 15:16:37,067:INFO: [TRAIN] Step: 279 ; Loss: 26.209 ; Acc: 32.693
2018-09-19 15:16:37,141:INFO: [TRAIN] Step: 280 ; Loss: 31.972 ; Acc: 32.651
2018-09-19 15:16:37,218:INFO: [TRAIN] Step: 281 ; Loss: 32.450 ; Acc: 32.624
2018-09-19 15:16:37,290:INFO: [TRAIN] Step: 282 ; Loss: 27.196 ; Acc: 32.641
2018-09-19 15:16:37,370:INFO: [TRAIN] Step: 283 ; Loss: 30.200 ; Acc: 32.629
2018-09-19 15:16:37,445:INFO: [TRAIN] Step: 284 ; Loss: 30.451 ; Acc: 32.617
2018-09-19 15:16:37,524:INFO: [TRAIN] Step: 285 ; Loss: 33.210 ; Acc: 32.576
2018-09-19 15:16:37,599:INFO: [TRAIN] Step: 286 ; Loss: 28.616 ; Acc: 32.549
2018-09-19 15:16:37,678:INFO: [TRAIN] Step: 287 ; Loss: 30.716 ; Acc: 32.538
2018-09-19 15:16:37,754:INFO: [TRAIN] Step: 288 ; Loss: 27.400 ; Acc: 32.555
2018-09-19 15:16:37,831:INFO: [TRAIN] Step: 289 ; Loss: 30.816 ; Acc: 32.557
2018-09-19 15:16:37,912:INFO: [TRAIN] Step: 290 ; Loss: 29.892 ; Acc: 32.560
2018-09-19 15:16:37,991:INFO: [TRAIN] Step: 291 ; Loss: 28.144 ; Acc: 32.520
2018-09-19 15:16:38,064:INFO: [TRAIN] Step: 292 ; Loss: 31.269 ; Acc: 32.537
2018-09-19 15:16:38,143:INFO: [TRAIN] Step: 293 ; Loss: 25.393 ; Acc: 32.540
2018-09-19 15:16:38,216:INFO: [TRAIN] Step: 294 ; Loss: 25.101 ; Acc: 32.528
2018-09-19 15:16:38,298:INFO: [TRAIN] Step: 295 ; Loss: 29.154 ; Acc: 32.503
2018-09-19 15:16:38,370:INFO: [TRAIN] Step: 296 ; Loss: 27.421 ; Acc: 32.492
2018-09-19 15:16:38,452:INFO: [TRAIN] Step: 297 ; Loss: 29.151 ; Acc: 32.438
2018-09-19 15:16:38,525:INFO: [TRAIN] Step: 298 ; Loss: 29.770 ; Acc: 32.441
2018-09-19 15:16:38,606:INFO: [TRAIN] Step: 299 ; Loss: 30.488 ; Acc: 32.417
2018-09-19 15:16:38,678:INFO: [TRAIN] Step: 300 ; Loss: 30.610 ; Acc: 32.434
2018-09-19 15:16:38,767:INFO: [TRAIN] Step: 301 ; Loss: 28.338 ; Acc: 32.478
2018-09-19 15:16:38,841:INFO: [TRAIN] Step: 302 ; Loss: 33.439 ; Acc: 32.481
2018-09-19 15:16:38,922:INFO: [TRAIN] Step: 303 ; Loss: 29.889 ; Acc: 32.566
2018-09-19 15:16:38,996:INFO: [TRAIN] Step: 304 ; Loss: 27.750 ; Acc: 32.582
2018-09-19 15:16:39,082:INFO: [TRAIN] Step: 305 ; Loss: 28.539 ; Acc: 32.571
2018-09-19 15:16:39,157:INFO: [TRAIN] Step: 306 ; Loss: 31.097 ; Acc: 32.560
2018-09-19 15:16:39,236:INFO: [TRAIN] Step: 307 ; Loss: 27.007 ; Acc: 32.589
2018-09-19 15:16:39,308:INFO: [TRAIN] Step: 308 ; Loss: 26.272 ; Acc: 32.646
2018-09-19 15:16:39,390:INFO: [TRAIN] Step: 309 ; Loss: 35.251 ; Acc: 32.648
2018-09-19 15:16:39,461:INFO: [TRAIN] Step: 310 ; Loss: 32.113 ; Acc: 32.596
2018-09-19 15:16:39,542:INFO: [TRAIN] Step: 311 ; Loss: 29.753 ; Acc: 32.572
2018-09-19 15:16:39,616:INFO: [TRAIN] Step: 312 ; Loss: 28.084 ; Acc: 32.614
2018-09-19 15:16:39,694:INFO: [TRAIN] Step: 313 ; Loss: 26.837 ; Acc: 32.670
2018-09-19 15:16:39,766:INFO: [TRAIN] Step: 314 ; Loss: 28.127 ; Acc: 32.672
2018-09-19 15:16:39,843:INFO: [TRAIN] Step: 315 ; Loss: 26.300 ; Acc: 32.714
2018-09-19 15:16:39,916:INFO: [TRAIN] Step: 316 ; Loss: 31.700 ; Acc: 32.716
2018-09-19 15:16:39,992:INFO: [TRAIN] Step: 317 ; Loss: 24.171 ; Acc: 32.757
2018-09-19 15:16:40,065:INFO: [TRAIN] Step: 318 ; Loss: 26.143 ; Acc: 32.798
2018-09-19 15:16:40,143:INFO: [TRAIN] Step: 319 ; Loss: 30.990 ; Acc: 32.826
2018-09-19 15:16:40,214:INFO: [TRAIN] Step: 320 ; Loss: 28.603 ; Acc: 32.814
2018-09-19 15:16:40,294:INFO: [TRAIN] Step: 321 ; Loss: 28.417 ; Acc: 32.829
2018-09-19 15:16:40,369:INFO: [TRAIN] Step: 322 ; Loss: 29.145 ; Acc: 32.843
2018-09-19 15:16:40,450:INFO: [TRAIN] Step: 323 ; Loss: 28.885 ; Acc: 32.883
2018-09-19 15:16:40,522:INFO: [TRAIN] Step: 324 ; Loss: 31.499 ; Acc: 32.897
2018-09-19 15:16:40,603:INFO: [TRAIN] Step: 325 ; Loss: 32.562 ; Acc: 32.860
2018-09-19 15:16:40,673:INFO: [TRAIN] Step: 326 ; Loss: 29.011 ; Acc: 32.862
2018-09-19 15:16:40,752:INFO: [TRAIN] Step: 327 ; Loss: 26.680 ; Acc: 32.901
2018-09-19 15:16:40,823:INFO: [TRAIN] Step: 328 ; Loss: 30.647 ; Acc: 32.890
2018-09-19 15:16:40,903:INFO: [TRAIN] Step: 329 ; Loss: 29.568 ; Acc: 32.866
2018-09-19 15:16:40,976:INFO: [TRAIN] Step: 330 ; Loss: 28.572 ; Acc: 32.868
2018-09-19 15:16:41,056:INFO: [TRAIN] Step: 331 ; Loss: 25.905 ; Acc: 32.907
2018-09-19 15:16:41,143:INFO: [TRAIN] Step: 332 ; Loss: 27.332 ; Acc: 32.920
2018-09-19 15:16:41,222:INFO: [TRAIN] Step: 333 ; Loss: 29.905 ; Acc: 32.922
2018-09-19 15:16:41,294:INFO: [TRAIN] Step: 334 ; Loss: 30.804 ; Acc: 32.923
2018-09-19 15:16:41,376:INFO: [TRAIN] Step: 335 ; Loss: 29.348 ; Acc: 32.887
2018-09-19 15:16:41,450:INFO: [TRAIN] Step: 336 ; Loss: 28.239 ; Acc: 32.888
2018-09-19 15:16:41,527:INFO: [TRAIN] Step: 337 ; Loss: 27.521 ; Acc: 32.877
2018-09-19 15:16:41,602:INFO: [TRAIN] Step: 338 ; Loss: 25.531 ; Acc: 32.854
2018-09-19 15:16:41,681:INFO: [TRAIN] Step: 339 ; Loss: 29.015 ; Acc: 32.855
2018-09-19 15:16:41,752:INFO: [TRAIN] Step: 340 ; Loss: 30.407 ; Acc: 32.832
2018-09-19 15:16:41,832:INFO: [TRAIN] Step: 341 ; Loss: 28.621 ; Acc: 32.809
2018-09-19 15:16:41,904:INFO: [TRAIN] Step: 342 ; Loss: 28.608 ; Acc: 32.811
2018-09-19 15:16:41,983:INFO: [TRAIN] Step: 343 ; Loss: 24.890 ; Acc: 32.825
2018-09-19 15:16:42,055:INFO: [TRAIN] Step: 344 ; Loss: 29.188 ; Acc: 32.802
2018-09-19 15:16:42,132:INFO: [TRAIN] Step: 345 ; Loss: 26.747 ; Acc: 32.803
2018-09-19 15:16:42,204:INFO: [TRAIN] Step: 346 ; Loss: 26.829 ; Acc: 32.769
2018-09-19 15:16:42,282:INFO: [TRAIN] Step: 347 ; Loss: 29.688 ; Acc: 32.723
2018-09-19 15:16:42,355:INFO: [TRAIN] Step: 348 ; Loss: 27.139 ; Acc: 32.689
2018-09-19 15:16:42,434:INFO: [TRAIN] Step: 349 ; Loss: 26.789 ; Acc: 32.667
2018-09-19 15:16:42,506:INFO: [TRAIN] Step: 350 ; Loss: 31.611 ; Acc: 32.621
2018-09-19 15:16:42,585:INFO: [TRAIN] Step: 351 ; Loss: 29.337 ; Acc: 32.635
2018-09-19 15:16:42,658:INFO: [TRAIN] Step: 352 ; Loss: 25.950 ; Acc: 32.625
2018-09-19 15:16:42,738:INFO: [TRAIN] Step: 353 ; Loss: 27.290 ; Acc: 32.615
2018-09-19 15:16:42,810:INFO: [TRAIN] Step: 354 ; Loss: 28.969 ; Acc: 32.676
2018-09-19 15:16:42,892:INFO: [TRAIN] Step: 355 ; Loss: 28.155 ; Acc: 32.713
2018-09-19 15:16:42,966:INFO: [TRAIN] Step: 356 ; Loss: 24.761 ; Acc: 32.761
2018-09-19 15:16:43,047:INFO: [TRAIN] Step: 357 ; Loss: 30.373 ; Acc: 32.763
2018-09-19 15:16:43,120:INFO: [TRAIN] Step: 358 ; Loss: 26.457 ; Acc: 32.799
2018-09-19 15:16:43,200:INFO: [TRAIN] Step: 359 ; Loss: 27.105 ; Acc: 32.778
2018-09-19 15:16:43,272:INFO: [TRAIN] Step: 360 ; Loss: 26.772 ; Acc: 32.802
2018-09-19 15:16:43,351:INFO: [TRAIN] Step: 361 ; Loss: 28.251 ; Acc: 32.815
2018-09-19 15:16:43,425:INFO: [TRAIN] Step: 362 ; Loss: 30.888 ; Acc: 32.805
2018-09-19 15:16:43,503:INFO: [TRAIN] Step: 363 ; Loss: 29.525 ; Acc: 32.784
2018-09-19 15:16:43,577:INFO: [TRAIN] Step: 364 ; Loss: 27.096 ; Acc: 32.831
2018-09-19 15:16:43,656:INFO: [TRAIN] Step: 365 ; Loss: 27.463 ; Acc: 32.867
2018-09-19 15:16:43,729:INFO: [TRAIN] Step: 366 ; Loss: 24.905 ; Acc: 32.925
2018-09-19 15:16:43,807:INFO: [TRAIN] Step: 367 ; Loss: 26.233 ; Acc: 32.982
2018-09-19 15:16:43,879:INFO: [TRAIN] Step: 368 ; Loss: 26.744 ; Acc: 33.006
2018-09-19 15:16:43,963:INFO: [TRAIN] Step: 369 ; Loss: 26.231 ; Acc: 33.018
2018-09-19 15:16:44,036:INFO: [TRAIN] Step: 370 ; Loss: 32.902 ; Acc: 33.008
2018-09-19 15:16:44,114:INFO: [TRAIN] Step: 371 ; Loss: 28.596 ; Acc: 33.053
2018-09-19 15:16:44,189:INFO: [TRAIN] Step: 372 ; Loss: 28.495 ; Acc: 33.065
2018-09-19 15:16:44,269:INFO: [TRAIN] Step: 373 ; Loss: 29.477 ; Acc: 33.033
2018-09-19 15:16:44,342:INFO: [TRAIN] Step: 374 ; Loss: 30.337 ; Acc: 33.000
2018-09-19 15:16:44,421:INFO: [TRAIN] Step: 375 ; Loss: 33.119 ; Acc: 32.968
2018-09-19 15:16:44,494:INFO: [TRAIN] Step: 376 ; Loss: 27.086 ; Acc: 33.002
2018-09-19 15:16:44,575:INFO: [TRAIN] Step: 377 ; Loss: 24.253 ; Acc: 33.047
2018-09-19 15:16:44,650:INFO: [TRAIN] Step: 378 ; Loss: 32.826 ; Acc: 32.993
2018-09-19 15:16:44,729:INFO: [TRAIN] Step: 379 ; Loss: 27.094 ; Acc: 33.059
2018-09-19 15:16:44,802:INFO: [TRAIN] Step: 380 ; Loss: 30.461 ; Acc: 33.071
2018-09-19 15:16:44,881:INFO: [TRAIN] Step: 381 ; Loss: 22.394 ; Acc: 33.115
2018-09-19 15:16:44,954:INFO: [TRAIN] Step: 382 ; Loss: 27.959 ; Acc: 33.127
2018-09-19 15:16:45,035:INFO: [TRAIN] Step: 383 ; Loss: 27.380 ; Acc: 33.138
2018-09-19 15:16:45,109:INFO: [TRAIN] Step: 384 ; Loss: 29.161 ; Acc: 33.106
2018-09-19 15:16:45,186:INFO: [TRAIN] Step: 385 ; Loss: 31.534 ; Acc: 33.063
2018-09-19 15:16:45,259:INFO: [TRAIN] Step: 386 ; Loss: 32.071 ; Acc: 33.043
2018-09-19 15:16:45,337:INFO: [TRAIN] Step: 387 ; Loss: 31.375 ; Acc: 33.033
2018-09-19 15:16:45,411:INFO: [TRAIN] Step: 388 ; Loss: 26.247 ; Acc: 33.055
2018-09-19 15:16:45,490:INFO: [TRAIN] Step: 389 ; Loss: 31.359 ; Acc: 33.013
2018-09-19 15:16:45,565:INFO: [TRAIN] Step: 390 ; Loss: 25.820 ; Acc: 33.056
2018-09-19 15:16:45,646:INFO: [TRAIN] Step: 391 ; Loss: 27.896 ; Acc: 33.068
2018-09-19 15:16:45,719:INFO: [TRAIN] Step: 392 ; Loss: 24.958 ; Acc: 33.079
2018-09-19 15:16:45,796:INFO: [TRAIN] Step: 393 ; Loss: 31.797 ; Acc: 33.048
2018-09-19 15:16:45,868:INFO: [TRAIN] Step: 394 ; Loss: 28.166 ; Acc: 33.038
2018-09-19 15:16:45,946:INFO: [TRAIN] Step: 395 ; Loss: 25.776 ; Acc: 33.028
2018-09-19 15:16:46,018:INFO: [TRAIN] Step: 396 ; Loss: 24.028 ; Acc: 33.050
2018-09-19 15:16:46,096:INFO: [TRAIN] Step: 397 ; Loss: 28.289 ; Acc: 33.040
2018-09-19 15:16:46,169:INFO: [TRAIN] Step: 398 ; Loss: 30.554 ; Acc: 32.999
2018-09-19 15:16:46,250:INFO: [TRAIN] Step: 399 ; Loss: 27.643 ; Acc: 32.990
2018-09-19 15:16:46,324:INFO: [TRAIN] Step: 400 ; Loss: 29.028 ; Acc: 32.990
2018-09-19 15:16:46,403:INFO: [TRAIN] Step: 401 ; Loss: 28.875 ; Acc: 32.971
2018-09-19 15:16:46,477:INFO: [TRAIN] Step: 402 ; Loss: 29.510 ; Acc: 32.982
2018-09-19 15:16:46,557:INFO: [TRAIN] Step: 403 ; Loss: 27.234 ; Acc: 32.962
2018-09-19 15:16:46,631:INFO: [TRAIN] Step: 404 ; Loss: 30.977 ; Acc: 32.953
2018-09-19 15:16:46,709:INFO: [TRAIN] Step: 405 ; Loss: 31.765 ; Acc: 32.954
2018-09-19 15:16:46,782:INFO: [TRAIN] Step: 406 ; Loss: 27.109 ; Acc: 32.965
2018-09-19 15:16:46,859:INFO: [TRAIN] Step: 407 ; Loss: 31.672 ; Acc: 32.996
2018-09-19 15:16:46,935:INFO: [TRAIN] Step: 408 ; Loss: 32.031 ; Acc: 32.967
2018-09-19 15:16:47,015:INFO: [TRAIN] Step: 409 ; Loss: 26.255 ; Acc: 32.988
2018-09-19 15:16:47,089:INFO: [TRAIN] Step: 410 ; Loss: 30.599 ; Acc: 32.999
2018-09-19 15:16:47,167:INFO: [TRAIN] Step: 411 ; Loss: 27.215 ; Acc: 33.000
2018-09-19 15:16:47,258:INFO: [TRAIN] Step: 412 ; Loss: 27.572 ; Acc: 33.041
2018-09-19 15:16:47,336:INFO: [TRAIN] Step: 413 ; Loss: 26.219 ; Acc: 33.021
2018-09-19 15:16:47,409:INFO: [TRAIN] Step: 414 ; Loss: 26.624 ; Acc: 33.052
2018-09-19 15:16:47,489:INFO: [TRAIN] Step: 415 ; Loss: 31.252 ; Acc: 33.043
2018-09-19 15:16:47,568:INFO: [TRAIN] Step: 416 ; Loss: 27.079 ; Acc: 33.094
2018-09-19 15:16:47,653:INFO: [TRAIN] Step: 417 ; Loss: 26.725 ; Acc: 33.104
2018-09-19 15:16:47,727:INFO: [TRAIN] Step: 418 ; Loss: 28.561 ; Acc: 33.115
2018-09-19 15:16:47,806:INFO: [TRAIN] Step: 419 ; Loss: 26.823 ; Acc: 33.135
2018-09-19 15:16:47,880:INFO: [TRAIN] Step: 420 ; Loss: 26.983 ; Acc: 33.155
2018-09-19 15:16:47,963:INFO: [TRAIN] Step: 421 ; Loss: 26.712 ; Acc: 33.175
2018-09-19 15:16:48,040:INFO: [TRAIN] Step: 422 ; Loss: 32.395 ; Acc: 33.166
2018-09-19 15:16:48,119:INFO: [TRAIN] Step: 423 ; Loss: 30.589 ; Acc: 33.147
2018-09-19 15:16:48,192:INFO: [TRAIN] Step: 424 ; Loss: 31.861 ; Acc: 33.147
2018-09-19 15:16:48,273:INFO: [TRAIN] Step: 425 ; Loss: 28.049 ; Acc: 33.157
2018-09-19 15:16:48,345:INFO: [TRAIN] Step: 426 ; Loss: 28.652 ; Acc: 33.119
2018-09-19 15:16:48,423:INFO: [TRAIN] Step: 427 ; Loss: 27.879 ; Acc: 33.109
2018-09-19 15:16:48,497:INFO: [TRAIN] Step: 428 ; Loss: 26.475 ; Acc: 33.120
2018-09-19 15:16:48,578:INFO: [TRAIN] Step: 429 ; Loss: 28.332 ; Acc: 33.130
2018-09-19 15:16:48,650:INFO: [TRAIN] Step: 430 ; Loss: 25.088 ; Acc: 33.101
2018-09-19 15:16:48,727:INFO: [TRAIN] Step: 431 ; Loss: 26.859 ; Acc: 33.092
2018-09-19 15:16:48,801:INFO: [TRAIN] Step: 432 ; Loss: 30.229 ; Acc: 33.064
2018-09-19 15:16:48,881:INFO: [TRAIN] Step: 433 ; Loss: 31.236 ; Acc: 33.026
2018-09-19 15:16:48,955:INFO: [TRAIN] Step: 434 ; Loss: 25.229 ; Acc: 33.017
2018-09-19 15:16:49,033:INFO: [TRAIN] Step: 435 ; Loss: 29.853 ; Acc: 32.970
2018-09-19 15:16:49,105:INFO: [TRAIN] Step: 436 ; Loss: 32.324 ; Acc: 32.923
2018-09-19 15:16:49,186:INFO: [TRAIN] Step: 437 ; Loss: 26.128 ; Acc: 32.886
2018-09-19 15:16:49,258:INFO: [TRAIN] Step: 438 ; Loss: 32.612 ; Acc: 32.859
2018-09-19 15:16:49,338:INFO: [TRAIN] Step: 439 ; Loss: 24.923 ; Acc: 32.879
2018-09-19 15:16:49,410:INFO: [TRAIN] Step: 440 ; Loss: 30.065 ; Acc: 32.842
2018-09-19 15:16:49,489:INFO: [TRAIN] Step: 441 ; Loss: 28.373 ; Acc: 32.843
2018-09-19 15:16:49,564:INFO: [TRAIN] Step: 442 ; Loss: 26.839 ; Acc: 32.882
2018-09-19 15:16:49,642:INFO: [TRAIN] Step: 443 ; Loss: 31.669 ; Acc: 32.883
2018-09-19 15:16:49,715:INFO: [TRAIN] Step: 444 ; Loss: 31.219 ; Acc: 32.884
2018-09-19 15:16:49,796:INFO: [TRAIN] Step: 445 ; Loss: 28.669 ; Acc: 32.904
2018-09-19 15:16:49,868:INFO: [TRAIN] Step: 446 ; Loss: 26.794 ; Acc: 32.923
2018-09-19 15:16:49,947:INFO: [TRAIN] Step: 447 ; Loss: 29.804 ; Acc: 32.915
2018-09-19 15:16:50,021:INFO: [TRAIN] Step: 448 ; Loss: 28.292 ; Acc: 32.916
2018-09-19 15:16:50,101:INFO: [TRAIN] Step: 449 ; Loss: 26.475 ; Acc: 32.917
2018-09-19 15:16:50,174:INFO: [TRAIN] Step: 450 ; Loss: 28.137 ; Acc: 32.936
2018-09-19 15:16:50,252:INFO: [TRAIN] Step: 451 ; Loss: 27.184 ; Acc: 32.955
2018-09-19 15:16:50,324:INFO: [TRAIN] Step: 452 ; Loss: 27.463 ; Acc: 32.984
2018-09-19 15:16:50,402:INFO: [TRAIN] Step: 453 ; Loss: 26.191 ; Acc: 32.994
2018-09-19 15:16:50,473:INFO: [TRAIN] Step: 454 ; Loss: 29.734 ; Acc: 32.985
2018-09-19 15:16:50,550:INFO: [TRAIN] Step: 455 ; Loss: 27.181 ; Acc: 32.986
2018-09-19 15:16:50,623:INFO: [TRAIN] Step: 456 ; Loss: 28.605 ; Acc: 32.960
2018-09-19 15:16:50,700:INFO: [TRAIN] Step: 457 ; Loss: 31.963 ; Acc: 32.951
2018-09-19 15:16:50,773:INFO: [TRAIN] Step: 458 ; Loss: 27.889 ; Acc: 32.997
2018-09-19 15:16:50,851:INFO: [TRAIN] Step: 459 ; Loss: 30.660 ; Acc: 33.007
2018-09-19 15:16:50,924:INFO: [TRAIN] Step: 460 ; Loss: 32.282 ; Acc: 32.990
2018-09-19 15:16:51,003:INFO: [TRAIN] Step: 461 ; Loss: 28.103 ; Acc: 32.955
2018-09-19 15:16:51,075:INFO: [TRAIN] Step: 462 ; Loss: 29.410 ; Acc: 32.946
2018-09-19 15:16:51,153:INFO: [TRAIN] Step: 463 ; Loss: 25.215 ; Acc: 32.929
2018-09-19 15:16:51,225:INFO: [TRAIN] Step: 464 ; Loss: 28.403 ; Acc: 32.894
2018-09-19 15:16:51,305:INFO: [TRAIN] Step: 465 ; Loss: 27.954 ; Acc: 32.886
2018-09-19 15:16:51,378:INFO: [TRAIN] Step: 466 ; Loss: 29.384 ; Acc: 32.860
2018-09-19 15:16:51,457:INFO: [TRAIN] Step: 467 ; Loss: 24.969 ; Acc: 32.888
2018-09-19 15:16:51,529:INFO: [TRAIN] Step: 468 ; Loss: 35.635 ; Acc: 32.880
2018-09-19 15:16:51,608:INFO: [TRAIN] Step: 469 ; Loss: 29.282 ; Acc: 32.863
2018-09-19 15:16:51,680:INFO: [TRAIN] Step: 470 ; Loss: 24.773 ; Acc: 32.926
2018-09-19 15:16:51,759:INFO: [TRAIN] Step: 471 ; Loss: 25.910 ; Acc: 32.945
2018-09-19 15:16:51,831:INFO: [TRAIN] Step: 472 ; Loss: 27.705 ; Acc: 32.963
2018-09-19 15:16:51,909:INFO: [TRAIN] Step: 473 ; Loss: 29.490 ; Acc: 32.947
2018-09-19 15:16:51,981:INFO: [TRAIN] Step: 474 ; Loss: 28.643 ; Acc: 32.956
2018-09-19 15:16:52,066:INFO: [TRAIN] Step: 475 ; Loss: 32.359 ; Acc: 32.966
2018-09-19 15:16:52,138:INFO: [TRAIN] Step: 476 ; Loss: 33.617 ; Acc: 32.975
2018-09-19 15:16:52,219:INFO: [TRAIN] Step: 477 ; Loss: 30.476 ; Acc: 32.967
2018-09-19 15:16:52,292:INFO: [TRAIN] Step: 478 ; Loss: 24.749 ; Acc: 32.985
2018-09-19 15:16:52,371:INFO: [TRAIN] Step: 479 ; Loss: 30.845 ; Acc: 33.012
2018-09-19 15:16:52,445:INFO: [TRAIN] Step: 480 ; Loss: 29.809 ; Acc: 32.987
2018-09-19 15:16:52,523:INFO: [TRAIN] Step: 481 ; Loss: 28.253 ; Acc: 33.022
2018-09-19 15:16:52,596:INFO: [TRAIN] Step: 482 ; Loss: 27.729 ; Acc: 33.049
2018-09-19 15:16:52,674:INFO: [TRAIN] Step: 483 ; Loss: 29.505 ; Acc: 33.032
2018-09-19 15:16:52,745:INFO: [TRAIN] Step: 484 ; Loss: 32.525 ; Acc: 33.024
2018-09-19 15:16:52,825:INFO: [TRAIN] Step: 485 ; Loss: 30.994 ; Acc: 32.990
2018-09-19 15:16:52,897:INFO: [TRAIN] Step: 486 ; Loss: 31.910 ; Acc: 32.974
2018-09-19 15:16:52,976:INFO: [TRAIN] Step: 487 ; Loss: 27.535 ; Acc: 32.992
2018-09-19 15:16:53,050:INFO: [TRAIN] Step: 488 ; Loss: 26.927 ; Acc: 33.018
2018-09-19 15:16:53,129:INFO: [TRAIN] Step: 489 ; Loss: 26.383 ; Acc: 33.027
2018-09-19 15:16:53,200:INFO: [TRAIN] Step: 490 ; Loss: 25.434 ; Acc: 33.028
2018-09-19 15:16:53,279:INFO: [TRAIN] Step: 491 ; Loss: 25.656 ; Acc: 33.088
2018-09-19 15:16:53,351:INFO: [TRAIN] Step: 492 ; Loss: 26.623 ; Acc: 33.105
2018-09-19 15:16:53,430:INFO: [TRAIN] Step: 493 ; Loss: 25.073 ; Acc: 33.131
2018-09-19 15:16:53,502:INFO: [TRAIN] Step: 494 ; Loss: 29.471 ; Acc: 33.131
2018-09-19 15:16:53,583:INFO: [TRAIN] Step: 495 ; Loss: 32.124 ; Acc: 33.123
2018-09-19 15:16:53,656:INFO: [TRAIN] Step: 496 ; Loss: 32.174 ; Acc: 33.115
2018-09-19 15:16:53,734:INFO: [TRAIN] Step: 497 ; Loss: 30.517 ; Acc: 33.116
2018-09-19 15:16:53,808:INFO: [TRAIN] Step: 498 ; Loss: 29.051 ; Acc: 33.100
2018-09-19 15:16:53,887:INFO: [TRAIN] Step: 499 ; Loss: 31.916 ; Acc: 33.067
2018-09-19 15:16:53,963:INFO: [TRAIN] Step: 500 ; Loss: 27.740 ; Acc: 33.076
2018-09-19 15:16:54,042:INFO: [TRAIN] Step: 501 ; Loss: 28.348 ; Acc: 33.109
2018-09-19 15:16:54,113:INFO: [TRAIN] Step: 502 ; Loss: 28.965 ; Acc: 33.151
2018-09-19 15:16:54,196:INFO: [TRAIN] Step: 503 ; Loss: 29.710 ; Acc: 33.160
2018-09-19 15:16:54,270:INFO: [TRAIN] Step: 504 ; Loss: 29.860 ; Acc: 33.135
2018-09-19 15:16:54,349:INFO: [TRAIN] Step: 505 ; Loss: 28.760 ; Acc: 33.177
2018-09-19 15:16:54,423:INFO: [TRAIN] Step: 506 ; Loss: 29.009 ; Acc: 33.169
2018-09-19 15:16:54,502:INFO: [TRAIN] Step: 507 ; Loss: 33.482 ; Acc: 33.136
2018-09-19 15:16:54,573:INFO: [TRAIN] Step: 508 ; Loss: 34.085 ; Acc: 33.120
2018-09-19 15:16:54,651:INFO: [TRAIN] Step: 509 ; Loss: 27.656 ; Acc: 33.145
2018-09-19 15:16:54,726:INFO: [TRAIN] Step: 510 ; Loss: 32.387 ; Acc: 33.121
2018-09-19 15:16:54,806:INFO: [TRAIN] Step: 511 ; Loss: 27.384 ; Acc: 33.154
2018-09-19 15:16:54,879:INFO: [TRAIN] Step: 512 ; Loss: 27.120 ; Acc: 33.147
2018-09-19 15:16:54,958:INFO: [TRAIN] Step: 513 ; Loss: 28.492 ; Acc: 33.139
2018-09-19 15:16:55,031:INFO: [TRAIN] Step: 514 ; Loss: 29.438 ; Acc: 33.131
2018-09-19 15:16:55,117:INFO: [TRAIN] Step: 515 ; Loss: 26.427 ; Acc: 33.156
2018-09-19 15:16:55,192:INFO: [TRAIN] Step: 516 ; Loss: 27.620 ; Acc: 33.148
2018-09-19 15:16:55,272:INFO: [TRAIN] Step: 517 ; Loss: 30.817 ; Acc: 33.172
2018-09-19 15:16:55,347:INFO: [TRAIN] Step: 518 ; Loss: 30.216 ; Acc: 33.165
2018-09-19 15:16:55,426:INFO: [TRAIN] Step: 519 ; Loss: 27.366 ; Acc: 33.205
2018-09-19 15:16:55,500:INFO: [TRAIN] Step: 520 ; Loss: 29.174 ; Acc: 33.229
2018-09-19 15:16:55,581:INFO: [TRAIN] Step: 521 ; Loss: 28.305 ; Acc: 33.238
2018-09-19 15:16:55,653:INFO: [TRAIN] Step: 522 ; Loss: 29.788 ; Acc: 33.214
2018-09-19 15:16:55,731:INFO: [TRAIN] Step: 523 ; Loss: 30.385 ; Acc: 33.206
2018-09-19 15:16:55,803:INFO: [TRAIN] Step: 524 ; Loss: 28.210 ; Acc: 33.230
2018-09-19 15:16:55,882:INFO: [TRAIN] Step: 525 ; Loss: 29.574 ; Acc: 33.207
2018-09-19 15:16:55,957:INFO: [TRAIN] Step: 526 ; Loss: 24.983 ; Acc: 33.246
2018-09-19 15:16:56,039:INFO: [TRAIN] Step: 527 ; Loss: 28.341 ; Acc: 33.254
2018-09-19 15:16:56,112:INFO: [TRAIN] Step: 528 ; Loss: 27.478 ; Acc: 33.247
2018-09-19 15:16:56,191:INFO: [TRAIN] Step: 529 ; Loss: 31.633 ; Acc: 33.239
2018-09-19 15:16:56,268:INFO: [TRAIN] Step: 530 ; Loss: 29.914 ; Acc: 33.239
2018-09-19 15:16:56,348:INFO: [TRAIN] Step: 531 ; Loss: 26.007 ; Acc: 33.216
2018-09-19 15:16:56,422:INFO: [TRAIN] Step: 532 ; Loss: 27.544 ; Acc: 33.216
2018-09-19 15:16:56,501:INFO: [TRAIN] Step: 533 ; Loss: 30.401 ; Acc: 33.208
2018-09-19 15:16:56,576:INFO: [TRAIN] Step: 534 ; Loss: 30.185 ; Acc: 33.201
2018-09-19 15:16:56,654:INFO: [TRAIN] Step: 535 ; Loss: 28.984 ; Acc: 33.201
2018-09-19 15:16:56,726:INFO: [TRAIN] Step: 536 ; Loss: 24.220 ; Acc: 33.194
2018-09-19 15:16:56,805:INFO: [TRAIN] Step: 537 ; Loss: 31.406 ; Acc: 33.171
2018-09-19 15:16:56,878:INFO: [TRAIN] Step: 538 ; Loss: 27.544 ; Acc: 33.171
2018-09-19 15:16:56,958:INFO: [TRAIN] Step: 539 ; Loss: 25.216 ; Acc: 33.164
2018-09-19 15:16:57,031:INFO: [TRAIN] Step: 540 ; Loss: 28.226 ; Acc: 33.156
2018-09-19 15:16:57,110:INFO: [TRAIN] Step: 541 ; Loss: 27.273 ; Acc: 33.187
2018-09-19 15:16:57,184:INFO: [TRAIN] Step: 542 ; Loss: 29.951 ; Acc: 33.157
2018-09-19 15:16:57,263:INFO: [TRAIN] Step: 543 ; Loss: 27.131 ; Acc: 33.127
2018-09-19 15:16:57,335:INFO: [TRAIN] Step: 544 ; Loss: 26.529 ; Acc: 33.150
2018-09-19 15:16:57,415:INFO: [TRAIN] Step: 545 ; Loss: 23.784 ; Acc: 33.173
2018-09-19 15:16:57,486:INFO: [TRAIN] Step: 546 ; Loss: 33.367 ; Acc: 33.158
2018-09-19 15:16:57,565:INFO: [TRAIN] Step: 547 ; Loss: 34.405 ; Acc: 33.166
2018-09-19 15:16:57,640:INFO: [TRAIN] Step: 548 ; Loss: 28.128 ; Acc: 33.182
2018-09-19 15:16:57,720:INFO: [TRAIN] Step: 549 ; Loss: 28.568 ; Acc: 33.182
2018-09-19 15:16:57,792:INFO: [TRAIN] Step: 550 ; Loss: 28.601 ; Acc: 33.212
2018-09-19 15:16:57,872:INFO: [TRAIN] Step: 551 ; Loss: 33.730 ; Acc: 33.182
2018-09-19 15:16:57,945:INFO: [TRAIN] Step: 552 ; Loss: 30.195 ; Acc: 33.205
2018-09-19 15:16:58,032:INFO: [TRAIN] Step: 553 ; Loss: 25.946 ; Acc: 33.228
2018-09-19 15:16:58,103:INFO: [TRAIN] Step: 554 ; Loss: 27.475 ; Acc: 33.236
2018-09-19 15:16:58,186:INFO: [TRAIN] Step: 555 ; Loss: 31.069 ; Acc: 33.236
2018-09-19 15:16:58,261:INFO: [TRAIN] Step: 556 ; Loss: 31.515 ; Acc: 33.221
2018-09-19 15:16:58,342:INFO: [TRAIN] Step: 557 ; Loss: 29.183 ; Acc: 33.221
2018-09-19 15:16:58,424:INFO: [TRAIN] Step: 558 ; Loss: 28.963 ; Acc: 33.236
2018-09-19 15:16:58,508:INFO: [TRAIN] Step: 559 ; Loss: 30.664 ; Acc: 33.222
2018-09-19 15:16:58,584:INFO: [TRAIN] Step: 560 ; Loss: 25.757 ; Acc: 33.252
2018-09-19 15:16:58,666:INFO: [TRAIN] Step: 561 ; Loss: 24.120 ; Acc: 33.289
2018-09-19 15:16:58,740:INFO: [TRAIN] Step: 562 ; Loss: 30.506 ; Acc: 33.289
2018-09-19 15:16:58,818:INFO: [TRAIN] Step: 563 ; Loss: 30.871 ; Acc: 33.289
2018-09-19 15:16:58,891:INFO: [TRAIN] Step: 564 ; Loss: 29.725 ; Acc: 33.274
2018-09-19 15:16:58,970:INFO: [TRAIN] Step: 565 ; Loss: 27.512 ; Acc: 33.311
2018-09-19 15:16:59,044:INFO: [TRAIN] Step: 566 ; Loss: 26.331 ; Acc: 33.326
2018-09-19 15:16:59,124:INFO: [TRAIN] Step: 567 ; Loss: 32.169 ; Acc: 33.289
2018-09-19 15:16:59,198:INFO: [TRAIN] Step: 568 ; Loss: 29.026 ; Acc: 33.282
2018-09-19 15:16:59,280:INFO: [TRAIN] Step: 569 ; Loss: 27.454 ; Acc: 33.326
2018-09-19 15:16:59,356:INFO: [TRAIN] Step: 570 ; Loss: 27.441 ; Acc: 33.341
2018-09-19 15:16:59,434:INFO: [TRAIN] Step: 571 ; Loss: 31.838 ; Acc: 33.319
2018-09-19 15:16:59,507:INFO: [TRAIN] Step: 572 ; Loss: 28.453 ; Acc: 33.319
2018-09-19 15:16:59,587:INFO: [TRAIN] Step: 573 ; Loss: 28.409 ; Acc: 33.326
2018-09-19 15:16:59,660:INFO: [TRAIN] Step: 574 ; Loss: 28.354 ; Acc: 33.348
2018-09-19 15:16:59,739:INFO: [TRAIN] Step: 575 ; Loss: 25.387 ; Acc: 33.384
2018-09-19 15:16:59,813:INFO: [TRAIN] Step: 576 ; Loss: 28.653 ; Acc: 33.391
2018-09-19 15:16:59,892:INFO: [TRAIN] Step: 577 ; Loss: 31.719 ; Acc: 33.348
2018-09-19 15:16:59,965:INFO: [TRAIN] Step: 578 ; Loss: 25.852 ; Acc: 33.369
2018-09-19 15:17:00,045:INFO: [TRAIN] Step: 579 ; Loss: 28.100 ; Acc: 33.362
2018-09-19 15:17:00,117:INFO: [TRAIN] Step: 580 ; Loss: 33.041 ; Acc: 33.355
2018-09-19 15:17:00,196:INFO: [TRAIN] Step: 581 ; Loss: 27.692 ; Acc: 33.391
2018-09-19 15:17:00,268:INFO: [TRAIN] Step: 582 ; Loss: 31.490 ; Acc: 33.369
2018-09-19 15:17:00,345:INFO: [TRAIN] Step: 583 ; Loss: 31.384 ; Acc: 33.376
2018-09-19 15:17:00,417:INFO: [TRAIN] Step: 584 ; Loss: 27.099 ; Acc: 33.383
2018-09-19 15:17:00,498:INFO: [TRAIN] Step: 585 ; Loss: 30.933 ; Acc: 33.376
2018-09-19 15:17:00,571:INFO: [TRAIN] Step: 586 ; Loss: 30.013 ; Acc: 33.369
2018-09-19 15:17:00,650:INFO: [TRAIN] Step: 587 ; Loss: 26.899 ; Acc: 33.383
2018-09-19 15:17:00,725:INFO: [TRAIN] Step: 588 ; Loss: 31.784 ; Acc: 33.397
2018-09-19 15:17:00,808:INFO: [TRAIN] Step: 589 ; Loss: 27.951 ; Acc: 33.418
2018-09-19 15:17:00,880:INFO: [TRAIN] Step: 590 ; Loss: 31.065 ; Acc: 33.425
2018-09-19 15:17:00,960:INFO: [TRAIN] Step: 591 ; Loss: 27.474 ; Acc: 33.453
2018-09-19 15:17:01,032:INFO: [TRAIN] Step: 592 ; Loss: 28.118 ; Acc: 33.467
2018-09-19 15:17:01,111:INFO: [TRAIN] Step: 593 ; Loss: 26.462 ; Acc: 33.481
2018-09-19 15:17:01,184:INFO: [TRAIN] Step: 594 ; Loss: 26.464 ; Acc: 33.487
2018-09-19 15:17:01,263:INFO: [TRAIN] Step: 595 ; Loss: 27.353 ; Acc: 33.480
2018-09-19 15:17:01,341:INFO: [TRAIN] Step: 596 ; Loss: 30.118 ; Acc: 33.445
2018-09-19 15:17:01,421:INFO: [TRAIN] Step: 597 ; Loss: 27.504 ; Acc: 33.445
2018-09-19 15:17:01,493:INFO: [TRAIN] Step: 598 ; Loss: 27.624 ; Acc: 33.438
2018-09-19 15:17:01,572:INFO: [TRAIN] Step: 599 ; Loss: 32.511 ; Acc: 33.424
2018-09-19 15:17:01,645:INFO: [TRAIN] Step: 600 ; Loss: 28.935 ; Acc: 33.423
2018-09-19 15:17:01,723:INFO: [TRAIN] Step: 601 ; Loss: 30.496 ; Acc: 33.403
2018-09-19 15:17:01,794:INFO: [TRAIN] Step: 602 ; Loss: 30.571 ; Acc: 33.389
2018-09-19 15:17:01,873:INFO: [TRAIN] Step: 603 ; Loss: 26.169 ; Acc: 33.402
2018-09-19 15:17:01,946:INFO: [TRAIN] Step: 604 ; Loss: 25.975 ; Acc: 33.423
2018-09-19 15:17:02,028:INFO: [TRAIN] Step: 605 ; Loss: 27.740 ; Acc: 33.430
2018-09-19 15:17:02,100:INFO: [TRAIN] Step: 606 ; Loss: 27.631 ; Acc: 33.409
2018-09-19 15:17:02,180:INFO: [TRAIN] Step: 607 ; Loss: 27.992 ; Acc: 33.409
2018-09-19 15:17:02,254:INFO: [TRAIN] Step: 608 ; Loss: 27.321 ; Acc: 33.388
2018-09-19 15:17:02,333:INFO: [TRAIN] Step: 609 ; Loss: 28.210 ; Acc: 33.374
2018-09-19 15:17:02,405:INFO: [TRAIN] Step: 610 ; Loss: 29.228 ; Acc: 33.354
2018-09-19 15:17:02,485:INFO: [TRAIN] Step: 611 ; Loss: 29.191 ; Acc: 33.333
2018-09-19 15:17:02,557:INFO: [TRAIN] Step: 612 ; Loss: 28.925 ; Acc: 33.333
2018-09-19 15:17:02,638:INFO: [TRAIN] Step: 613 ; Loss: 28.893 ; Acc: 33.306
2018-09-19 15:17:02,709:INFO: [TRAIN] Step: 614 ; Loss: 25.195 ; Acc: 33.299
2018-09-19 15:17:02,787:INFO: [TRAIN] Step: 615 ; Loss: 24.735 ; Acc: 33.300
2018-09-19 15:17:02,859:INFO: [TRAIN] Step: 616 ; Loss: 27.498 ; Acc: 33.313
2018-09-19 15:17:02,938:INFO: [TRAIN] Step: 617 ; Loss: 27.958 ; Acc: 33.306
2018-09-19 15:17:03,013:INFO: [TRAIN] Step: 618 ; Loss: 23.301 ; Acc: 33.347
2018-09-19 15:17:03,092:INFO: [TRAIN] Step: 619 ; Loss: 26.150 ; Acc: 33.374
2018-09-19 15:17:03,166:INFO: [TRAIN] Step: 620 ; Loss: 26.233 ; Acc: 33.394
2018-09-19 15:17:03,245:INFO: [TRAIN] Step: 621 ; Loss: 28.024 ; Acc: 33.407
2018-09-19 15:17:03,320:INFO: [TRAIN] Step: 622 ; Loss: 33.961 ; Acc: 33.387
2018-09-19 15:17:03,398:INFO: [TRAIN] Step: 623 ; Loss: 29.843 ; Acc: 33.380
2018-09-19 15:17:03,472:INFO: [TRAIN] Step: 624 ; Loss: 30.121 ; Acc: 33.360
2018-09-19 15:17:03,552:INFO: [TRAIN] Step: 625 ; Loss: 24.539 ; Acc: 33.380
2018-09-19 15:17:03,626:INFO: [TRAIN] Step: 626 ; Loss: 27.523 ; Acc: 33.380
2018-09-19 15:17:03,706:INFO: [TRAIN] Step: 627 ; Loss: 24.446 ; Acc: 33.400
2018-09-19 15:17:03,779:INFO: [TRAIN] Step: 628 ; Loss: 30.795 ; Acc: 33.413
2018-09-19 15:17:03,857:INFO: [TRAIN] Step: 629 ; Loss: 33.935 ; Acc: 33.413
2018-09-19 15:17:03,933:INFO: [TRAIN] Step: 630 ; Loss: 29.857 ; Acc: 33.413
2018-09-19 15:17:04,012:INFO: [TRAIN] Step: 631 ; Loss: 24.889 ; Acc: 33.419
2018-09-19 15:17:04,084:INFO: [TRAIN] Step: 632 ; Loss: 30.725 ; Acc: 33.406
2018-09-19 15:17:04,162:INFO: [TRAIN] Step: 633 ; Loss: 27.361 ; Acc: 33.412
2018-09-19 15:17:04,234:INFO: [TRAIN] Step: 634 ; Loss: 27.712 ; Acc: 33.412
2018-09-19 15:17:04,312:INFO: [TRAIN] Step: 635 ; Loss: 27.989 ; Acc: 33.419
2018-09-19 15:17:04,384:INFO: [TRAIN] Step: 636 ; Loss: 27.513 ; Acc: 33.431
2018-09-19 15:17:04,461:INFO: [TRAIN] Step: 637 ; Loss: 30.891 ; Acc: 33.431
2018-09-19 15:17:04,534:INFO: [TRAIN] Step: 638 ; Loss: 29.511 ; Acc: 33.425
2018-09-19 15:17:04,614:INFO: [TRAIN] Step: 639 ; Loss: 27.754 ; Acc: 33.451
2018-09-19 15:17:04,687:INFO: [TRAIN] Step: 640 ; Loss: 29.259 ; Acc: 33.476
2018-09-19 15:17:04,768:INFO: [TRAIN] Step: 641 ; Loss: 30.400 ; Acc: 33.489
2018-09-19 15:17:04,839:INFO: [TRAIN] Step: 642 ; Loss: 23.878 ; Acc: 33.508
2018-09-19 15:17:04,920:INFO: [TRAIN] Step: 643 ; Loss: 30.007 ; Acc: 33.508
2018-09-19 15:17:04,995:INFO: [TRAIN] Step: 644 ; Loss: 26.882 ; Acc: 33.527
2018-09-19 15:17:05,073:INFO: [TRAIN] Step: 645 ; Loss: 26.490 ; Acc: 33.533
2018-09-19 15:17:05,147:INFO: [TRAIN] Step: 646 ; Loss: 30.204 ; Acc: 33.527
2018-09-19 15:17:05,225:INFO: [TRAIN] Step: 647 ; Loss: 28.958 ; Acc: 33.526
2018-09-19 15:17:05,302:INFO: [TRAIN] Step: 648 ; Loss: 29.627 ; Acc: 33.520
2018-09-19 15:17:05,386:INFO: [TRAIN] Step: 649 ; Loss: 26.860 ; Acc: 33.519
2018-09-19 15:17:05,460:INFO: [TRAIN] Step: 650 ; Loss: 32.463 ; Acc: 33.513
2018-09-19 15:17:05,549:INFO: [TRAIN] Step: 651 ; Loss: 26.288 ; Acc: 33.551
2018-09-19 15:17:05,625:INFO: [TRAIN] Step: 652 ; Loss: 31.954 ; Acc: 33.538
2018-09-19 15:17:05,706:INFO: [TRAIN] Step: 653 ; Loss: 33.513 ; Acc: 33.544
2018-09-19 15:17:05,783:INFO: [TRAIN] Step: 654 ; Loss: 28.911 ; Acc: 33.550
2018-09-19 15:17:05,866:INFO: [TRAIN] Step: 655 ; Loss: 30.989 ; Acc: 33.549
2018-09-19 15:17:05,943:INFO: [TRAIN] Step: 656 ; Loss: 28.825 ; Acc: 33.562
2018-09-19 15:17:06,028:INFO: [TRAIN] Step: 657 ; Loss: 24.974 ; Acc: 33.580
2018-09-19 15:17:06,101:INFO: [TRAIN] Step: 658 ; Loss: 26.611 ; Acc: 33.599
2018-09-19 15:17:06,184:INFO: [TRAIN] Step: 659 ; Loss: 27.519 ; Acc: 33.605
2018-09-19 15:17:06,258:INFO: [TRAIN] Step: 660 ; Loss: 29.877 ; Acc: 33.598
2018-09-19 15:17:06,338:INFO: [TRAIN] Step: 661 ; Loss: 28.117 ; Acc: 33.623
2018-09-19 15:17:06,413:INFO: [TRAIN] Step: 662 ; Loss: 29.453 ; Acc: 33.622
2018-09-19 15:17:06,493:INFO: [TRAIN] Step: 663 ; Loss: 28.591 ; Acc: 33.616
2018-09-19 15:17:06,567:INFO: [TRAIN] Step: 664 ; Loss: 25.400 ; Acc: 33.634
2018-09-19 15:17:06,649:INFO: [TRAIN] Step: 665 ; Loss: 26.015 ; Acc: 33.634
2018-09-19 15:17:06,723:INFO: [TRAIN] Step: 666 ; Loss: 30.669 ; Acc: 33.639
2018-09-19 15:17:06,807:INFO: [TRAIN] Step: 667 ; Loss: 26.460 ; Acc: 33.645
2018-09-19 15:17:06,880:INFO: [TRAIN] Step: 668 ; Loss: 25.160 ; Acc: 33.639
2018-09-19 15:17:06,960:INFO: [TRAIN] Step: 669 ; Loss: 32.805 ; Acc: 33.638
2018-09-19 15:17:07,034:INFO: [TRAIN] Step: 670 ; Loss: 27.500 ; Acc: 33.638
2018-09-19 15:17:07,114:INFO: [TRAIN] Step: 671 ; Loss: 32.965 ; Acc: 33.619
2018-09-19 15:17:07,189:INFO: [TRAIN] Step: 672 ; Loss: 30.664 ; Acc: 33.631
2018-09-19 15:17:07,268:INFO: [TRAIN] Step: 673 ; Loss: 28.073 ; Acc: 33.642
2018-09-19 15:17:07,346:INFO: [TRAIN] Step: 674 ; Loss: 30.034 ; Acc: 33.636
2018-09-19 15:17:07,431:INFO: [TRAIN] Step: 675 ; Loss: 26.259 ; Acc: 33.629
2018-09-19 15:17:07,507:INFO: [TRAIN] Step: 676 ; Loss: 26.366 ; Acc: 33.647
2018-09-19 15:17:07,591:INFO: [TRAIN] Step: 677 ; Loss: 29.767 ; Acc: 33.622
2018-09-19 15:17:07,666:INFO: [TRAIN] Step: 678 ; Loss: 32.129 ; Acc: 33.616
2018-09-19 15:17:07,750:INFO: [TRAIN] Step: 679 ; Loss: 25.506 ; Acc: 33.603
2018-09-19 15:17:07,827:INFO: [TRAIN] Step: 680 ; Loss: 26.054 ; Acc: 33.596
2018-09-19 15:17:07,910:INFO: [TRAIN] Step: 681 ; Loss: 28.744 ; Acc: 33.584
2018-09-19 15:17:07,986:INFO: [TRAIN] Step: 682 ; Loss: 29.082 ; Acc: 33.565
2018-09-19 15:17:08,082:INFO: [TRAIN] Step: 683 ; Loss: 27.180 ; Acc: 33.540
2018-09-19 15:17:08,164:INFO: [TRAIN] Step: 684 ; Loss: 25.799 ; Acc: 33.528
2018-09-19 15:17:08,252:INFO: [TRAIN] Step: 685 ; Loss: 33.864 ; Acc: 33.522
2018-09-19 15:17:08,332:INFO: [TRAIN] Step: 686 ; Loss: 28.420 ; Acc: 33.533
2018-09-19 15:17:08,418:INFO: [TRAIN] Step: 687 ; Loss: 24.347 ; Acc: 33.563
2018-09-19 15:17:08,495:INFO: [TRAIN] Step: 688 ; Loss: 32.070 ; Acc: 33.539
2018-09-19 15:17:08,582:INFO: [TRAIN] Step: 689 ; Loss: 31.884 ; Acc: 33.533
2018-09-19 15:17:08,662:INFO: [TRAIN] Step: 690 ; Loss: 25.929 ; Acc: 33.568
2018-09-19 15:17:08,748:INFO: [TRAIN] Step: 691 ; Loss: 31.851 ; Acc: 33.544
2018-09-19 15:17:08,829:INFO: [TRAIN] Step: 692 ; Loss: 26.526 ; Acc: 33.562
2018-09-19 15:17:08,914:INFO: [TRAIN] Step: 693 ; Loss: 26.563 ; Acc: 33.579
2018-09-19 15:17:08,995:INFO: [TRAIN] Step: 694 ; Loss: 28.034 ; Acc: 33.585
2018-09-19 15:17:09,085:INFO: [TRAIN] Step: 695 ; Loss: 24.547 ; Acc: 33.597
2018-09-19 15:17:09,166:INFO: [TRAIN] Step: 696 ; Loss: 26.908 ; Acc: 33.614
2018-09-19 15:17:09,254:INFO: [TRAIN] Step: 697 ; Loss: 25.201 ; Acc: 33.620
2018-09-19 15:17:09,339:INFO: [TRAIN] Step: 698 ; Loss: 26.259 ; Acc: 33.625
2018-09-19 15:17:09,433:INFO: [TRAIN] Step: 699 ; Loss: 28.464 ; Acc: 33.631
2018-09-19 15:17:09,517:INFO: [TRAIN] Step: 700 ; Loss: 30.845 ; Acc: 33.631
2018-09-19 15:17:09,609:INFO: [TRAIN] Step: 701 ; Loss: 31.594 ; Acc: 33.630
2018-09-19 15:17:09,698:INFO: [TRAIN] Step: 702 ; Loss: 28.773 ; Acc: 33.624
2018-09-19 15:17:09,789:INFO: [TRAIN] Step: 703 ; Loss: 31.605 ; Acc: 33.641
2018-09-19 15:17:09,876:INFO: [TRAIN] Step: 704 ; Loss: 31.663 ; Acc: 33.647
2018-09-19 15:17:09,973:INFO: [TRAIN] Step: 705 ; Loss: 29.052 ; Acc: 33.652
2018-09-19 15:17:10,064:INFO: [TRAIN] Step: 706 ; Loss: 25.392 ; Acc: 33.681
2018-09-19 15:17:10,161:INFO: [TRAIN] Step: 707 ; Loss: 30.531 ; Acc: 33.692
2018-09-19 15:17:10,253:INFO: [TRAIN] Step: 708 ; Loss: 31.651 ; Acc: 33.674
2018-09-19 15:17:10,354:INFO: [TRAIN] Step: 709 ; Loss: 28.325 ; Acc: 33.674
2018-09-19 15:17:10,447:INFO: [TRAIN] Step: 710 ; Loss: 26.906 ; Acc: 33.679
2018-09-19 15:17:10,550:INFO: [TRAIN] Step: 711 ; Loss: 29.573 ; Acc: 33.667
2018-09-19 15:17:10,648:INFO: [TRAIN] Step: 712 ; Loss: 30.794 ; Acc: 33.672
2018-09-19 15:17:10,751:INFO: [TRAIN] Step: 713 ; Loss: 28.169 ; Acc: 33.678
2018-09-19 15:17:10,850:INFO: [TRAIN] Step: 714 ; Loss: 34.073 ; Acc: 33.654
2018-09-19 15:17:10,958:INFO: [TRAIN] Step: 715 ; Loss: 27.457 ; Acc: 33.659
2018-09-19 15:17:11,062:INFO: [TRAIN] Step: 716 ; Loss: 30.636 ; Acc: 33.659
2018-09-19 15:17:11,172:INFO: [TRAIN] Step: 717 ; Loss: 26.698 ; Acc: 33.670
2018-09-19 15:17:11,276:INFO: [TRAIN] Step: 718 ; Loss: 27.379 ; Acc: 33.635
2018-09-19 15:17:11,388:INFO: [TRAIN] Step: 719 ; Loss: 29.670 ; Acc: 33.634
2018-09-19 15:17:11,500:INFO: [TRAIN] Step: 720 ; Loss: 30.446 ; Acc: 33.617
2018-09-19 15:17:11,614:INFO: [TRAIN] Step: 721 ; Loss: 28.938 ; Acc: 33.639
2018-09-19 15:17:11,732:INFO: [TRAIN] Step: 722 ; Loss: 30.931 ; Acc: 33.633
2018-09-19 15:17:11,848:INFO: [TRAIN] Step: 723 ; Loss: 30.825 ; Acc: 33.644
2018-09-19 15:17:11,964:INFO: [TRAIN] Step: 724 ; Loss: 27.923 ; Acc: 33.672
2018-09-19 15:17:12,083:INFO: [TRAIN] Step: 725 ; Loss: 28.665 ; Acc: 33.678
2018-09-19 15:17:12,201:INFO: [TRAIN] Step: 726 ; Loss: 29.364 ; Acc: 33.689
2018-09-19 15:17:12,316:INFO: [TRAIN] Step: 727 ; Loss: 28.350 ; Acc: 33.700
2018-09-19 15:17:12,435:INFO: [TRAIN] Step: 728 ; Loss: 28.013 ; Acc: 33.705
2018-09-19 15:17:12,557:INFO: [TRAIN] Step: 729 ; Loss: 28.411 ; Acc: 33.710
2018-09-19 15:17:12,679:INFO: [TRAIN] Step: 730 ; Loss: 27.538 ; Acc: 33.721
2018-09-19 15:17:12,803:INFO: [TRAIN] Step: 731 ; Loss: 29.679 ; Acc: 33.715
2018-09-19 15:17:12,926:INFO: [TRAIN] Step: 732 ; Loss: 30.327 ; Acc: 33.714
2018-09-19 15:17:13,049:INFO: [TRAIN] Step: 733 ; Loss: 28.378 ; Acc: 33.719
2018-09-19 15:17:13,178:INFO: [TRAIN] Step: 734 ; Loss: 27.252 ; Acc: 33.747
2018-09-19 15:17:13,303:INFO: [TRAIN] Step: 735 ; Loss: 24.693 ; Acc: 33.769
2018-09-19 15:17:13,427:INFO: [TRAIN] Step: 736 ; Loss: 29.530 ; Acc: 33.763
2018-09-19 15:17:13,558:INFO: [TRAIN] Step: 737 ; Loss: 29.186 ; Acc: 33.762
2018-09-19 15:17:13,687:INFO: [TRAIN] Step: 738 ; Loss: 29.086 ; Acc: 33.745
2018-09-19 15:17:13,812:INFO: [TRAIN] Step: 739 ; Loss: 27.508 ; Acc: 33.756
2018-09-19 15:17:13,935:INFO: [TRAIN] Step: 740 ; Loss: 26.897 ; Acc: 33.755
2018-09-19 15:17:14,057:INFO: [TRAIN] Step: 741 ; Loss: 29.928 ; Acc: 33.766
2018-09-19 15:17:14,186:INFO: [TRAIN] Step: 742 ; Loss: 33.663 ; Acc: 33.754
2018-09-19 15:17:14,311:INFO: [TRAIN] Step: 743 ; Loss: 30.547 ; Acc: 33.759
2018-09-19 15:17:14,437:INFO: [TRAIN] Step: 744 ; Loss: 29.136 ; Acc: 33.742
2018-09-19 15:17:14,562:INFO: [TRAIN] Step: 745 ; Loss: 27.325 ; Acc: 33.724
2018-09-19 15:17:14,685:INFO: [TRAIN] Step: 746 ; Loss: 26.720 ; Acc: 33.729
2018-09-19 15:17:14,809:INFO: [TRAIN] Step: 747 ; Loss: 28.320 ; Acc: 33.707
2018-09-19 15:17:14,936:INFO: [TRAIN] Step: 748 ; Loss: 30.250 ; Acc: 33.678
2018-09-19 15:17:15,063:INFO: [TRAIN] Step: 749 ; Loss: 32.204 ; Acc: 33.667
2018-09-19 15:17:15,192:INFO: [TRAIN] Step: 750 ; Loss: 30.747 ; Acc: 33.644
2018-09-19 15:17:15,323:INFO: [TRAIN] Step: 751 ; Loss: 32.893 ; Acc: 33.638
2018-09-19 15:17:15,452:INFO: [TRAIN] Step: 752 ; Loss: 28.186 ; Acc: 33.627
2018-09-19 15:17:15,580:INFO: [TRAIN] Step: 753 ; Loss: 27.742 ; Acc: 33.626
2018-09-19 15:17:15,704:INFO: [TRAIN] Step: 754 ; Loss: 25.027 ; Acc: 33.648
2018-09-19 15:17:15,831:INFO: [TRAIN] Step: 755 ; Loss: 25.187 ; Acc: 33.686
2018-09-19 15:17:15,962:INFO: [TRAIN] Step: 756 ; Loss: 31.111 ; Acc: 33.658
2018-09-19 15:17:16,089:INFO: [TRAIN] Step: 757 ; Loss: 28.019 ; Acc: 33.674
2018-09-19 15:17:16,217:INFO: [TRAIN] Step: 758 ; Loss: 27.886 ; Acc: 33.685
2018-09-19 15:17:16,340:INFO: [TRAIN] Step: 759 ; Loss: 26.614 ; Acc: 33.706
2018-09-19 15:17:16,470:INFO: [TRAIN] Step: 760 ; Loss: 29.802 ; Acc: 33.722
2018-09-19 15:17:16,595:INFO: [TRAIN] Step: 761 ; Loss: 29.311 ; Acc: 33.705
2018-09-19 15:17:16,719:INFO: [TRAIN] Step: 762 ; Loss: 29.109 ; Acc: 33.688
2018-09-19 15:17:16,847:INFO: [TRAIN] Step: 763 ; Loss: 26.582 ; Acc: 33.699
2018-09-19 15:17:16,975:INFO: [TRAIN] Step: 764 ; Loss: 29.442 ; Acc: 33.687
2018-09-19 15:17:17,103:INFO: [TRAIN] Step: 765 ; Loss: 27.875 ; Acc: 33.698
2018-09-19 15:17:17,227:INFO: [TRAIN] Step: 766 ; Loss: 25.917 ; Acc: 33.703
2018-09-19 15:17:17,354:INFO: [TRAIN] Step: 767 ; Loss: 30.338 ; Acc: 33.697
2018-09-19 15:17:17,482:INFO: [TRAIN] Step: 768 ; Loss: 29.442 ; Acc: 33.696
2018-09-19 15:17:17,619:INFO: [TRAIN] Step: 769 ; Loss: 27.729 ; Acc: 33.690
2018-09-19 15:17:17,745:INFO: [TRAIN] Step: 770 ; Loss: 24.096 ; Acc: 33.722
2018-09-19 15:17:17,876:INFO: [TRAIN] Step: 771 ; Loss: 30.588 ; Acc: 33.733
2018-09-19 15:17:18,006:INFO: [TRAIN] Step: 772 ; Loss: 29.261 ; Acc: 33.743
2018-09-19 15:17:18,138:INFO: [TRAIN] Step: 773 ; Loss: 24.347 ; Acc: 33.764
2018-09-19 15:17:18,268:INFO: [TRAIN] Step: 774 ; Loss: 27.729 ; Acc: 33.769
2018-09-19 15:17:18,401:INFO: [TRAIN] Step: 775 ; Loss: 33.203 ; Acc: 33.768
2018-09-19 15:17:18,532:INFO: [TRAIN] Step: 776 ; Loss: 24.607 ; Acc: 33.795
2018-09-19 15:17:18,669:INFO: [TRAIN] Step: 777 ; Loss: 30.033 ; Acc: 33.783
2018-09-19 15:17:18,796:INFO: [TRAIN] Step: 778 ; Loss: 27.031 ; Acc: 33.804
2018-09-19 15:17:18,924:INFO: [TRAIN] Step: 779 ; Loss: 29.244 ; Acc: 33.798
2018-09-19 15:17:19,052:INFO: [TRAIN] Step: 780 ; Loss: 28.942 ; Acc: 33.803
2018-09-19 15:17:19,178:INFO: [TRAIN] Step: 781 ; Loss: 23.838 ; Acc: 33.829
2018-09-19 15:17:19,308:INFO: [TRAIN] Step: 782 ; Loss: 26.994 ; Acc: 33.844
2018-09-19 15:17:19,435:INFO: [TRAIN] Step: 783 ; Loss: 28.602 ; Acc: 33.838
2018-09-19 15:17:19,569:INFO: [TRAIN] Step: 784 ; Loss: 27.355 ; Acc: 33.864
2018-09-19 15:17:19,698:INFO: [TRAIN] Step: 785 ; Loss: 25.901 ; Acc: 33.874
2018-09-19 15:17:19,828:INFO: [TRAIN] Step: 786 ; Loss: 27.921 ; Acc: 33.884
2018-09-19 15:17:19,960:INFO: [TRAIN] Step: 787 ; Loss: 27.981 ; Acc: 33.883
2018-09-19 15:17:20,089:INFO: [TRAIN] Step: 788 ; Loss: 24.106 ; Acc: 33.893
2018-09-19 15:17:20,216:INFO: [TRAIN] Step: 789 ; Loss: 30.729 ; Acc: 33.887
2018-09-19 15:17:20,345:INFO: [TRAIN] Step: 790 ; Loss: 28.862 ; Acc: 33.886
2018-09-19 15:17:20,476:INFO: [TRAIN] Step: 791 ; Loss: 25.958 ; Acc: 33.896
2018-09-19 15:17:20,609:INFO: [TRAIN] Step: 792 ; Loss: 28.262 ; Acc: 33.901
2018-09-19 15:17:20,738:INFO: [TRAIN] Step: 793 ; Loss: 29.949 ; Acc: 33.905
2018-09-19 15:17:20,865:INFO: [TRAIN] Step: 794 ; Loss: 30.336 ; Acc: 33.899
2018-09-19 15:17:20,995:INFO: [TRAIN] Step: 795 ; Loss: 27.635 ; Acc: 33.920
2018-09-19 15:17:21,127:INFO: [TRAIN] Step: 796 ; Loss: 30.556 ; Acc: 33.924
2018-09-19 15:17:21,259:INFO: [TRAIN] Step: 797 ; Loss: 32.579 ; Acc: 33.923
2018-09-19 15:17:21,396:INFO: [TRAIN] Step: 798 ; Loss: 26.838 ; Acc: 33.917
2018-09-19 15:17:21,528:INFO: [TRAIN] Step: 799 ; Loss: 25.368 ; Acc: 33.922
2018-09-19 15:17:21,666:INFO: [TRAIN] Step: 800 ; Loss: 27.691 ; Acc: 33.921
2018-09-19 15:17:21,800:INFO: [TRAIN] Step: 801 ; Loss: 26.978 ; Acc: 33.920
2018-09-19 15:17:21,936:INFO: [TRAIN] Step: 802 ; Loss: 28.176 ; Acc: 33.946
2018-09-19 15:17:22,076:INFO: [TRAIN] Step: 803 ; Loss: 30.346 ; Acc: 33.940
2018-09-19 15:17:22,218:INFO: [TRAIN] Step: 804 ; Loss: 29.245 ; Acc: 33.949
2018-09-19 15:17:22,360:INFO: [TRAIN] Step: 805 ; Loss: 26.202 ; Acc: 33.938
2018-09-19 15:17:22,498:INFO: [TRAIN] Step: 806 ; Loss: 29.435 ; Acc: 33.948
2018-09-19 15:17:22,643:INFO: [TRAIN] Step: 807 ; Loss: 31.707 ; Acc: 33.937
2018-09-19 15:17:22,788:INFO: [TRAIN] Step: 808 ; Loss: 26.191 ; Acc: 33.931
2018-09-19 15:17:22,931:INFO: [TRAIN] Step: 809 ; Loss: 29.992 ; Acc: 33.925
2018-09-19 15:17:23,073:INFO: [TRAIN] Step: 810 ; Loss: 29.125 ; Acc: 33.945
2018-09-19 15:17:23,218:INFO: [TRAIN] Step: 811 ; Loss: 28.069 ; Acc: 33.970
2018-09-19 15:17:23,360:INFO: [TRAIN] Step: 812 ; Loss: 28.364 ; Acc: 33.989
2018-09-19 15:17:23,504:INFO: [TRAIN] Step: 813 ; Loss: 29.555 ; Acc: 33.973
2018-09-19 15:17:23,650:INFO: [TRAIN] Step: 814 ; Loss: 29.940 ; Acc: 33.983
2018-09-19 15:17:23,803:INFO: [TRAIN] Step: 815 ; Loss: 31.881 ; Acc: 33.972
2018-09-19 15:17:23,951:INFO: [TRAIN] Step: 816 ; Loss: 27.602 ; Acc: 33.966
2018-09-19 15:17:24,103:INFO: [TRAIN] Step: 817 ; Loss: 26.201 ; Acc: 33.975
2018-09-19 15:17:24,250:INFO: [TRAIN] Step: 818 ; Loss: 30.570 ; Acc: 33.969
2018-09-19 15:17:24,398:INFO: [TRAIN] Step: 819 ; Loss: 25.655 ; Acc: 33.984
2018-09-19 15:17:24,542:INFO: [TRAIN] Step: 820 ; Loss: 29.615 ; Acc: 33.978
2018-09-19 15:17:24,690:INFO: [TRAIN] Step: 821 ; Loss: 31.639 ; Acc: 33.972
2018-09-19 15:17:24,841:INFO: [TRAIN] Step: 822 ; Loss: 29.311 ; Acc: 33.976
2018-09-19 15:17:24,988:INFO: [TRAIN] Step: 823 ; Loss: 27.349 ; Acc: 33.981
2018-09-19 15:17:25,137:INFO: [TRAIN] Step: 824 ; Loss: 28.374 ; Acc: 33.995
2018-09-19 15:17:25,287:INFO: [TRAIN] Step: 825 ; Loss: 31.048 ; Acc: 33.989
2018-09-19 15:17:25,438:INFO: [TRAIN] Step: 826 ; Loss: 28.753 ; Acc: 34.008
2018-09-19 15:17:25,586:INFO: [TRAIN] Step: 827 ; Loss: 31.347 ; Acc: 34.018
2018-09-19 15:17:25,734:INFO: [TRAIN] Step: 828 ; Loss: 28.221 ; Acc: 34.022
2018-09-19 15:17:25,881:INFO: [TRAIN] Step: 829 ; Loss: 27.848 ; Acc: 34.026
2018-09-19 15:17:26,028:INFO: [TRAIN] Step: 830 ; Loss: 30.380 ; Acc: 34.010
2018-09-19 15:17:26,177:INFO: [TRAIN] Step: 831 ; Loss: 30.269 ; Acc: 34.034
2018-09-19 15:17:26,323:INFO: [TRAIN] Step: 832 ; Loss: 32.031 ; Acc: 34.019
2018-09-19 15:17:26,470:INFO: [TRAIN] Step: 833 ; Loss: 26.291 ; Acc: 34.033
2018-09-19 15:17:26,618:INFO: [TRAIN] Step: 834 ; Loss: 28.217 ; Acc: 34.027
2018-09-19 15:17:26,766:INFO: [TRAIN] Step: 835 ; Loss: 31.069 ; Acc: 34.021
2018-09-19 15:17:26,914:INFO: [TRAIN] Step: 836 ; Loss: 24.954 ; Acc: 34.035
2018-09-19 15:17:27,062:INFO: [TRAIN] Step: 837 ; Loss: 32.675 ; Acc: 34.024
2018-09-19 15:17:27,216:INFO: [TRAIN] Step: 838 ; Loss: 30.654 ; Acc: 34.004
2018-09-19 15:17:27,371:INFO: [TRAIN] Step: 839 ; Loss: 27.312 ; Acc: 34.003
2018-09-19 15:17:27,522:INFO: [TRAIN] Step: 840 ; Loss: 25.213 ; Acc: 34.012
2018-09-19 15:17:27,674:INFO: [TRAIN] Step: 841 ; Loss: 29.137 ; Acc: 34.021
2018-09-19 15:17:27,828:INFO: [TRAIN] Step: 842 ; Loss: 27.256 ; Acc: 34.035
2018-09-19 15:17:27,974:INFO: [TRAIN] Step: 843 ; Loss: 30.839 ; Acc: 34.029
2018-09-19 15:17:28,129:INFO: [TRAIN] Step: 844 ; Loss: 26.636 ; Acc: 34.048
2018-09-19 15:17:28,278:INFO: [TRAIN] Step: 845 ; Loss: 27.616 ; Acc: 34.047
2018-09-19 15:17:28,428:INFO: [TRAIN] Step: 846 ; Loss: 32.937 ; Acc: 34.042
2018-09-19 15:17:28,578:INFO: [TRAIN] Step: 847 ; Loss: 28.990 ; Acc: 34.036
2018-09-19 15:17:28,721:INFO: [TRAIN] Step: 848 ; Loss: 26.521 ; Acc: 34.050
2018-09-19 15:17:28,864:INFO: [TRAIN] Step: 849 ; Loss: 28.656 ; Acc: 34.059
2018-09-19 15:17:29,009:INFO: [TRAIN] Step: 850 ; Loss: 33.540 ; Acc: 34.038
2018-09-19 15:17:29,154:INFO: [TRAIN] Step: 851 ; Loss: 30.542 ; Acc: 34.042
2018-09-19 15:17:29,300:INFO: [TRAIN] Step: 852 ; Loss: 31.997 ; Acc: 34.032
2018-09-19 15:17:29,443:INFO: [TRAIN] Step: 853 ; Loss: 25.907 ; Acc: 34.051
2018-09-19 15:17:29,590:INFO: [TRAIN] Step: 854 ; Loss: 30.883 ; Acc: 34.045
2018-09-19 15:17:29,738:INFO: [TRAIN] Step: 855 ; Loss: 32.284 ; Acc: 34.044
2018-09-19 15:17:29,879:INFO: [TRAIN] Step: 856 ; Loss: 27.914 ; Acc: 34.048
2018-09-19 15:17:30,022:INFO: [TRAIN] Step: 857 ; Loss: 28.285 ; Acc: 34.057
2018-09-19 15:17:30,167:INFO: [TRAIN] Step: 858 ; Loss: 28.490 ; Acc: 34.066
2018-09-19 15:17:30,312:INFO: [TRAIN] Step: 859 ; Loss: 28.110 ; Acc: 34.070
2018-09-19 15:17:30,464:INFO: [TRAIN] Step: 860 ; Loss: 26.856 ; Acc: 34.088
2018-09-19 15:17:30,609:INFO: [TRAIN] Step: 861 ; Loss: 32.527 ; Acc: 34.068
2018-09-19 15:17:30,748:INFO: [TRAIN] Step: 862 ; Loss: 32.240 ; Acc: 34.053
2018-09-19 15:17:30,895:INFO: [TRAIN] Step: 863 ; Loss: 29.494 ; Acc: 34.071
2018-09-19 15:17:31,035:INFO: [TRAIN] Step: 864 ; Loss: 26.531 ; Acc: 34.085
2018-09-19 15:17:31,173:INFO: [TRAIN] Step: 865 ; Loss: 28.678 ; Acc: 34.074
2018-09-19 15:17:31,310:INFO: [TRAIN] Step: 866 ; Loss: 26.893 ; Acc: 34.088
2018-09-19 15:17:31,450:INFO: [TRAIN] Step: 867 ; Loss: 30.443 ; Acc: 34.082
2018-09-19 15:17:31,585:INFO: [TRAIN] Step: 868 ; Loss: 31.168 ; Acc: 34.072
2018-09-19 15:17:31,723:INFO: [TRAIN] Step: 869 ; Loss: 27.583 ; Acc: 34.066
2018-09-19 15:17:31,858:INFO: [TRAIN] Step: 870 ; Loss: 24.532 ; Acc: 34.080
2018-09-19 15:17:31,994:INFO: [TRAIN] Step: 871 ; Loss: 29.333 ; Acc: 34.088
2018-09-19 15:17:32,131:INFO: [TRAIN] Step: 872 ; Loss: 32.386 ; Acc: 34.083
2018-09-19 15:17:32,265:INFO: [TRAIN] Step: 873 ; Loss: 28.344 ; Acc: 34.087
2018-09-19 15:17:32,403:INFO: [TRAIN] Step: 874 ; Loss: 28.955 ; Acc: 34.071
2018-09-19 15:17:32,538:INFO: [TRAIN] Step: 875 ; Loss: 25.568 ; Acc: 34.099
2018-09-19 15:17:32,678:INFO: [TRAIN] Step: 876 ; Loss: 30.878 ; Acc: 34.094
2018-09-19 15:17:32,811:INFO: [TRAIN] Step: 877 ; Loss: 28.048 ; Acc: 34.088
2018-09-19 15:17:32,941:INFO: [TRAIN] Step: 878 ; Loss: 30.011 ; Acc: 34.082
2018-09-19 15:17:33,078:INFO: [TRAIN] Step: 879 ; Loss: 25.339 ; Acc: 34.096
2018-09-19 15:17:33,212:INFO: [TRAIN] Step: 880 ; Loss: 29.870 ; Acc: 34.090
2018-09-19 15:17:33,343:INFO: [TRAIN] Step: 881 ; Loss: 27.497 ; Acc: 34.113
2018-09-19 15:17:33,472:INFO: [TRAIN] Step: 882 ; Loss: 26.395 ; Acc: 34.126
2018-09-19 15:17:33,603:INFO: [TRAIN] Step: 883 ; Loss: 26.441 ; Acc: 34.135
2018-09-19 15:17:33,736:INFO: [TRAIN] Step: 884 ; Loss: 28.477 ; Acc: 34.124
2018-09-19 15:17:33,864:INFO: [TRAIN] Step: 885 ; Loss: 29.305 ; Acc: 34.100
2018-09-19 15:17:33,993:INFO: [TRAIN] Step: 886 ; Loss: 25.852 ; Acc: 34.099
2018-09-19 15:17:34,120:INFO: [TRAIN] Step: 887 ; Loss: 28.271 ; Acc: 34.122
2018-09-19 15:17:34,248:INFO: [TRAIN] Step: 888 ; Loss: 29.346 ; Acc: 34.135
2018-09-19 15:17:34,381:INFO: [TRAIN] Step: 889 ; Loss: 28.028 ; Acc: 34.139
2018-09-19 15:17:34,508:INFO: [TRAIN] Step: 890 ; Loss: 24.680 ; Acc: 34.138
2018-09-19 15:17:34,638:INFO: [TRAIN] Step: 891 ; Loss: 28.990 ; Acc: 34.146
2018-09-19 15:17:34,762:INFO: [TRAIN] Step: 892 ; Loss: 28.432 ; Acc: 34.159
2018-09-19 15:17:34,891:INFO: [TRAIN] Step: 893 ; Loss: 28.873 ; Acc: 34.158
2018-09-19 15:17:35,017:INFO: [TRAIN] Step: 894 ; Loss: 29.337 ; Acc: 34.162
2018-09-19 15:17:35,144:INFO: [TRAIN] Step: 895 ; Loss: 32.096 ; Acc: 34.147
2018-09-19 15:17:35,270:INFO: [TRAIN] Step: 896 ; Loss: 27.356 ; Acc: 34.165
2018-09-19 15:17:35,395:INFO: [TRAIN] Step: 897 ; Loss: 29.594 ; Acc: 34.155
2018-09-19 15:17:35,520:INFO: [TRAIN] Step: 898 ; Loss: 32.053 ; Acc: 34.144
2018-09-19 15:17:35,644:INFO: [TRAIN] Step: 899 ; Loss: 29.194 ; Acc: 34.134
2018-09-19 15:17:35,768:INFO: [TRAIN] Step: 900 ; Loss: 29.987 ; Acc: 34.119
2018-09-19 15:17:35,895:INFO: [TRAIN] Step: 901 ; Loss: 28.239 ; Acc: 34.114
2018-09-19 15:17:36,022:INFO: [TRAIN] Step: 902 ; Loss: 34.271 ; Acc: 34.104
2018-09-19 15:17:36,148:INFO: [TRAIN] Step: 903 ; Loss: 29.127 ; Acc: 34.089
2018-09-19 15:17:36,280:INFO: [TRAIN] Step: 904 ; Loss: 30.237 ; Acc: 34.084
2018-09-19 15:17:36,406:INFO: [TRAIN] Step: 905 ; Loss: 29.516 ; Acc: 34.060
2018-09-19 15:17:36,529:INFO: [TRAIN] Step: 906 ; Loss: 28.895 ; Acc: 34.045
2018-09-19 15:17:36,658:INFO: [TRAIN] Step: 907 ; Loss: 26.119 ; Acc: 34.045
2018-09-19 15:17:36,783:INFO: [TRAIN] Step: 908 ; Loss: 32.218 ; Acc: 34.035
2018-09-19 15:17:36,908:INFO: [TRAIN] Step: 909 ; Loss: 29.257 ; Acc: 34.034
2018-09-19 15:17:37,032:INFO: [TRAIN] Step: 910 ; Loss: 28.282 ; Acc: 34.033
2018-09-19 15:17:37,157:INFO: [TRAIN] Step: 911 ; Loss: 31.741 ; Acc: 34.023
2018-09-19 15:17:37,281:INFO: [TRAIN] Step: 912 ; Loss: 27.215 ; Acc: 34.032
2018-09-19 15:17:37,413:INFO: [TRAIN] Step: 913 ; Loss: 30.909 ; Acc: 34.008
2018-09-19 15:17:37,541:INFO: [TRAIN] Step: 914 ; Loss: 28.444 ; Acc: 34.012
2018-09-19 15:17:37,668:INFO: [TRAIN] Step: 915 ; Loss: 31.038 ; Acc: 33.988
2018-09-19 15:17:37,798:INFO: [TRAIN] Step: 916 ; Loss: 28.106 ; Acc: 33.992
2018-09-19 15:17:37,920:INFO: [TRAIN] Step: 917 ; Loss: 30.405 ; Acc: 33.987
2018-09-19 15:17:38,047:INFO: [TRAIN] Step: 918 ; Loss: 29.979 ; Acc: 34.000
2018-09-19 15:17:38,176:INFO: [TRAIN] Step: 919 ; Loss: 29.144 ; Acc: 34.004
2018-09-19 15:17:38,305:INFO: [TRAIN] Step: 920 ; Loss: 34.603 ; Acc: 33.989
2018-09-19 15:17:38,428:INFO: [TRAIN] Step: 921 ; Loss: 29.033 ; Acc: 33.984
2018-09-19 15:17:38,550:INFO: [TRAIN] Step: 922 ; Loss: 27.719 ; Acc: 34.001
2018-09-19 15:17:38,675:INFO: [TRAIN] Step: 923 ; Loss: 29.271 ; Acc: 33.996
2018-09-19 15:17:38,802:INFO: [TRAIN] Step: 924 ; Loss: 26.914 ; Acc: 34.009
2018-09-19 15:17:38,926:INFO: [TRAIN] Step: 925 ; Loss: 27.171 ; Acc: 34.022
2018-09-19 15:17:39,050:INFO: [TRAIN] Step: 926 ; Loss: 29.566 ; Acc: 34.021
2018-09-19 15:17:39,178:INFO: [TRAIN] Step: 927 ; Loss: 26.055 ; Acc: 34.029
2018-09-19 15:17:39,306:INFO: [TRAIN] Step: 928 ; Loss: 28.515 ; Acc: 34.046
2018-09-19 15:17:39,432:INFO: [TRAIN] Step: 929 ; Loss: 28.895 ; Acc: 34.050
2018-09-19 15:17:39,557:INFO: [TRAIN] Step: 930 ; Loss: 27.300 ; Acc: 34.036
2018-09-19 15:17:39,687:INFO: [TRAIN] Step: 931 ; Loss: 31.301 ; Acc: 34.026
2018-09-19 15:17:39,815:INFO: [TRAIN] Step: 932 ; Loss: 30.627 ; Acc: 34.012
2018-09-19 15:17:39,942:INFO: [TRAIN] Step: 933 ; Loss: 25.252 ; Acc: 34.034
2018-09-19 15:17:40,080:INFO: [TRAIN] Step: 934 ; Loss: 31.137 ; Acc: 34.033
2018-09-19 15:17:40,208:INFO: [TRAIN] Step: 935 ; Loss: 29.209 ; Acc: 34.028
2018-09-19 15:17:40,336:INFO: [TRAIN] Step: 936 ; Loss: 25.284 ; Acc: 34.054
2018-09-19 15:17:40,472:INFO: [TRAIN] Step: 937 ; Loss: 32.045 ; Acc: 34.057
2018-09-19 15:17:40,599:INFO: [TRAIN] Step: 938 ; Loss: 26.802 ; Acc: 34.065
2018-09-19 15:17:40,727:INFO: [TRAIN] Step: 939 ; Loss: 28.317 ; Acc: 34.065
2018-09-19 15:17:40,855:INFO: [TRAIN] Step: 940 ; Loss: 28.297 ; Acc: 34.055
2018-09-19 15:17:40,981:INFO: [TRAIN] Step: 941 ; Loss: 28.932 ; Acc: 34.068
2018-09-19 15:17:41,104:INFO: [TRAIN] Step: 942 ; Loss: 28.887 ; Acc: 34.067
2018-09-19 15:17:41,233:INFO: [TRAIN] Step: 943 ; Loss: 29.007 ; Acc: 34.070
2018-09-19 15:17:41,365:INFO: [TRAIN] Step: 944 ; Loss: 29.026 ; Acc: 34.070
2018-09-19 15:17:41,495:INFO: [TRAIN] Step: 945 ; Loss: 31.235 ; Acc: 34.078
2018-09-19 15:17:41,630:INFO: [TRAIN] Step: 946 ; Loss: 30.068 ; Acc: 34.073
2018-09-19 15:17:41,754:INFO: [TRAIN] Step: 947 ; Loss: 28.952 ; Acc: 34.081
2018-09-19 15:17:41,875:INFO: [TRAIN] Step: 948 ; Loss: 25.988 ; Acc: 34.084
2018-09-19 15:17:42,010:INFO: [TRAIN] Step: 949 ; Loss: 28.212 ; Acc: 34.075
2018-09-19 15:17:42,140:INFO: [TRAIN] Step: 950 ; Loss: 28.201 ; Acc: 34.074
2018-09-19 15:17:42,272:INFO: [TRAIN] Step: 951 ; Loss: 29.597 ; Acc: 34.077
2018-09-19 15:17:42,396:INFO: [TRAIN] Step: 952 ; Loss: 26.956 ; Acc: 34.094
2018-09-19 15:17:42,527:INFO: [TRAIN] Step: 953 ; Loss: 30.694 ; Acc: 34.106
2018-09-19 15:17:42,659:INFO: [TRAIN] Step: 954 ; Loss: 33.358 ; Acc: 34.088
2018-09-19 15:17:42,782:INFO: [TRAIN] Step: 955 ; Loss: 27.000 ; Acc: 34.109
2018-09-19 15:17:42,906:INFO: [TRAIN] Step: 956 ; Loss: 28.523 ; Acc: 34.108
2018-09-19 15:17:43,031:INFO: [TRAIN] Step: 957 ; Loss: 25.101 ; Acc: 34.116
2018-09-19 15:17:43,155:INFO: [TRAIN] Step: 958 ; Loss: 26.133 ; Acc: 34.128
2018-09-19 15:17:43,292:INFO: [TRAIN] Step: 959 ; Loss: 27.186 ; Acc: 34.132
2018-09-19 15:17:43,424:INFO: [TRAIN] Step: 960 ; Loss: 27.605 ; Acc: 34.153
2018-09-19 15:17:43,560:INFO: [TRAIN] Step: 961 ; Loss: 25.772 ; Acc: 34.148
2018-09-19 15:17:43,681:INFO: [TRAIN] Step: 962 ; Loss: 26.447 ; Acc: 34.155
2018-09-19 15:17:43,800:INFO: [TRAIN] Step: 963 ; Loss: 29.945 ; Acc: 34.142
2018-09-19 15:17:43,920:INFO: [TRAIN] Step: 964 ; Loss: 27.664 ; Acc: 34.154
2018-09-19 15:17:44,039:INFO: [TRAIN] Step: 965 ; Loss: 27.093 ; Acc: 34.174
2018-09-19 15:17:44,157:INFO: [TRAIN] Step: 966 ; Loss: 29.069 ; Acc: 34.178
2018-09-19 15:17:44,276:INFO: [TRAIN] Step: 967 ; Loss: 29.075 ; Acc: 34.181
2018-09-19 15:17:44,395:INFO: [TRAIN] Step: 968 ; Loss: 29.317 ; Acc: 34.176
2018-09-19 15:17:44,511:INFO: [TRAIN] Step: 969 ; Loss: 25.760 ; Acc: 34.192
2018-09-19 15:17:44,628:INFO: [TRAIN] Step: 970 ; Loss: 30.970 ; Acc: 34.196
2018-09-19 15:17:44,750:INFO: [TRAIN] Step: 971 ; Loss: 25.968 ; Acc: 34.212
2018-09-19 15:17:44,870:INFO: [TRAIN] Step: 972 ; Loss: 21.869 ; Acc: 34.237
2018-09-19 15:17:44,983:INFO: [TRAIN] Step: 973 ; Loss: 29.468 ; Acc: 34.236
2018-09-19 15:17:45,100:INFO: [TRAIN] Step: 974 ; Loss: 29.655 ; Acc: 34.231
2018-09-19 15:17:45,214:INFO: [TRAIN] Step: 975 ; Loss: 31.020 ; Acc: 34.230
2018-09-19 15:17:45,333:INFO: [TRAIN] Step: 976 ; Loss: 28.866 ; Acc: 34.229
2018-09-19 15:17:45,449:INFO: [TRAIN] Step: 977 ; Loss: 31.915 ; Acc: 34.224
2018-09-19 15:17:45,564:INFO: [TRAIN] Step: 978 ; Loss: 25.401 ; Acc: 34.223
2018-09-19 15:17:45,679:INFO: [TRAIN] Step: 979 ; Loss: 27.015 ; Acc: 34.235
2018-09-19 15:17:45,795:INFO: [TRAIN] Step: 980 ; Loss: 29.830 ; Acc: 34.225
2018-09-19 15:17:45,910:INFO: [TRAIN] Step: 981 ; Loss: 28.256 ; Acc: 34.207
2018-09-19 15:17:46,025:INFO: [TRAIN] Step: 982 ; Loss: 26.236 ; Acc: 34.232
2018-09-19 15:17:46,140:INFO: [TRAIN] Step: 983 ; Loss: 28.466 ; Acc: 34.235
2018-09-19 15:17:46,257:INFO: [TRAIN] Step: 984 ; Loss: 28.576 ; Acc: 34.230
2018-09-19 15:17:46,372:INFO: [TRAIN] Step: 985 ; Loss: 26.512 ; Acc: 34.242
2018-09-19 15:17:46,485:INFO: [TRAIN] Step: 986 ; Loss: 26.771 ; Acc: 34.254
2018-09-19 15:17:46,600:INFO: [TRAIN] Step: 987 ; Loss: 29.920 ; Acc: 34.257
2018-09-19 15:17:46,715:INFO: [TRAIN] Step: 988 ; Loss: 29.167 ; Acc: 34.256
2018-09-19 15:17:46,833:INFO: [TRAIN] Step: 989 ; Loss: 32.948 ; Acc: 34.247
2018-09-19 15:17:46,948:INFO: [TRAIN] Step: 990 ; Loss: 25.510 ; Acc: 34.254
2018-09-19 15:17:47,062:INFO: [TRAIN] Step: 991 ; Loss: 33.768 ; Acc: 34.236
2018-09-19 15:17:47,176:INFO: [TRAIN] Step: 992 ; Loss: 29.531 ; Acc: 34.235
2018-09-19 15:17:47,290:INFO: [TRAIN] Step: 993 ; Loss: 29.563 ; Acc: 34.247
2018-09-19 15:17:47,405:INFO: [TRAIN] Step: 994 ; Loss: 30.603 ; Acc: 34.250
2018-09-19 15:17:47,518:INFO: [TRAIN] Step: 995 ; Loss: 29.673 ; Acc: 34.258
2018-09-19 15:17:47,648:INFO: [TRAIN] Step: 996 ; Loss: 24.063 ; Acc: 34.282
2018-09-19 15:17:47,763:INFO: [TRAIN] Step: 997 ; Loss: 25.453 ; Acc: 34.294
2018-09-19 15:17:47,877:INFO: [TRAIN] Step: 998 ; Loss: 28.021 ; Acc: 34.293
2018-09-19 15:17:47,994:INFO: [TRAIN] Step: 999 ; Loss: 27.419 ; Acc: 34.300
2018-09-19 15:17:48,106:INFO: [TRAIN] Step: 1000 ; Loss: 25.433 ; Acc: 34.316
2018-09-19 15:17:48,229:INFO: [TRAIN] Step: 1001 ; Loss: 28.899 ; Acc: 34.306
2018-09-19 15:17:48,345:INFO: [TRAIN] Step: 1002 ; Loss: 25.651 ; Acc: 34.318
2018-09-19 15:17:48,457:INFO: [TRAIN] Step: 1003 ; Loss: 28.009 ; Acc: 34.313
2018-09-19 15:17:48,571:INFO: [TRAIN] Step: 1004 ; Loss: 28.903 ; Acc: 34.316
2018-09-19 15:17:48,686:INFO: [TRAIN] Step: 1005 ; Loss: 30.240 ; Acc: 34.311
2018-09-19 15:17:48,802:INFO: [TRAIN] Step: 1006 ; Loss: 26.921 ; Acc: 34.322
2018-09-19 15:17:48,919:INFO: [TRAIN] Step: 1007 ; Loss: 26.843 ; Acc: 34.330
2018-09-19 15:17:49,032:INFO: [TRAIN] Step: 1008 ; Loss: 33.650 ; Acc: 34.320
2018-09-19 15:17:49,150:INFO: [TRAIN] Step: 1009 ; Loss: 30.141 ; Acc: 34.328
2018-09-19 15:17:49,264:INFO: [TRAIN] Step: 1010 ; Loss: 29.516 ; Acc: 34.322
2018-09-19 15:17:49,382:INFO: [TRAIN] Step: 1011 ; Loss: 30.064 ; Acc: 34.317
2018-09-19 15:17:49,497:INFO: [TRAIN] Step: 1012 ; Loss: 33.028 ; Acc: 34.312
2018-09-19 15:17:49,613:INFO: [TRAIN] Step: 1013 ; Loss: 26.388 ; Acc: 34.336
2018-09-19 15:17:49,730:INFO: [TRAIN] Step: 1014 ; Loss: 31.249 ; Acc: 34.327
2018-09-19 15:17:49,846:INFO: [TRAIN] Step: 1015 ; Loss: 24.727 ; Acc: 34.326
2018-09-19 15:17:49,958:INFO: [TRAIN] Step: 1016 ; Loss: 26.618 ; Acc: 34.321
2018-09-19 15:17:50,073:INFO: [TRAIN] Step: 1017 ; Loss: 28.884 ; Acc: 34.320
2018-09-19 15:17:50,185:INFO: [TRAIN] Step: 1018 ; Loss: 29.473 ; Acc: 34.331
2018-09-19 15:17:50,297:INFO: [TRAIN] Step: 1019 ; Loss: 28.483 ; Acc: 34.342
2018-09-19 15:17:50,413:INFO: [TRAIN] Step: 1020 ; Loss: 30.026 ; Acc: 34.329
2018-09-19 15:17:50,527:INFO: [TRAIN] Step: 1021 ; Loss: 27.964 ; Acc: 34.328
2018-09-19 15:17:50,643:INFO: [TRAIN] Step: 1022 ; Loss: 30.203 ; Acc: 34.323
2018-09-19 15:17:50,759:INFO: [TRAIN] Step: 1023 ; Loss: 25.665 ; Acc: 34.322
2018-09-19 15:17:50,876:INFO: [TRAIN] Step: 1024 ; Loss: 27.675 ; Acc: 34.321
2018-09-19 15:17:50,998:INFO: [TRAIN] Step: 1025 ; Loss: 33.277 ; Acc: 34.320
2018-09-19 15:17:51,112:INFO: [TRAIN] Step: 1026 ; Loss: 28.937 ; Acc: 34.315
2018-09-19 15:17:51,226:INFO: [TRAIN] Step: 1027 ; Loss: 24.797 ; Acc: 34.318
2018-09-19 15:17:51,344:INFO: [TRAIN] Step: 1028 ; Loss: 28.031 ; Acc: 34.313
2018-09-19 15:17:51,456:INFO: [TRAIN] Step: 1029 ; Loss: 29.018 ; Acc: 34.320
2018-09-19 15:17:51,574:INFO: [TRAIN] Step: 1030 ; Loss: 25.162 ; Acc: 34.332
2018-09-19 15:17:51,691:INFO: [TRAIN] Step: 1031 ; Loss: 26.725 ; Acc: 34.331
2018-09-19 15:17:51,806:INFO: [TRAIN] Step: 1032 ; Loss: 27.822 ; Acc: 34.338
2018-09-19 15:17:51,918:INFO: [TRAIN] Step: 1033 ; Loss: 29.786 ; Acc: 34.333
2018-09-19 15:17:52,032:INFO: [TRAIN] Step: 1034 ; Loss: 29.368 ; Acc: 34.340
2018-09-19 15:17:52,145:INFO: [TRAIN] Step: 1035 ; Loss: 29.635 ; Acc: 34.347
2018-09-19 15:17:52,257:INFO: [TRAIN] Step: 1036 ; Loss: 30.895 ; Acc: 34.334
2018-09-19 15:17:52,374:INFO: [TRAIN] Step: 1037 ; Loss: 27.705 ; Acc: 34.337
2018-09-19 15:17:52,488:INFO: [TRAIN] Step: 1038 ; Loss: 28.499 ; Acc: 34.336
2018-09-19 15:17:52,609:INFO: [TRAIN] Step: 1039 ; Loss: 29.036 ; Acc: 34.339
2018-09-19 15:17:52,721:INFO: [TRAIN] Step: 1040 ; Loss: 28.231 ; Acc: 34.342
2018-09-19 15:17:52,840:INFO: [TRAIN] Step: 1041 ; Loss: 27.149 ; Acc: 34.337
2018-09-19 15:17:52,954:INFO: [TRAIN] Step: 1042 ; Loss: 29.156 ; Acc: 34.328
2018-09-19 15:17:53,070:INFO: [TRAIN] Step: 1043 ; Loss: 27.948 ; Acc: 34.339
2018-09-19 15:17:53,184:INFO: [TRAIN] Step: 1044 ; Loss: 31.190 ; Acc: 34.338
2018-09-19 15:17:53,308:INFO: [TRAIN] Step: 1045 ; Loss: 30.763 ; Acc: 34.333
2018-09-19 15:17:53,425:INFO: [TRAIN] Step: 1046 ; Loss: 28.024 ; Acc: 34.348
2018-09-19 15:17:53,538:INFO: [TRAIN] Step: 1047 ; Loss: 25.262 ; Acc: 34.359
2018-09-19 15:17:53,655:INFO: [TRAIN] Step: 1048 ; Loss: 25.093 ; Acc: 34.366
2018-09-19 15:17:53,768:INFO: [TRAIN] Step: 1049 ; Loss: 26.676 ; Acc: 34.361
2018-09-19 15:17:53,881:INFO: [TRAIN] Step: 1050 ; Loss: 30.751 ; Acc: 34.352
2018-09-19 15:17:53,998:INFO: [TRAIN] Step: 1051 ; Loss: 31.591 ; Acc: 34.331
2018-09-19 15:17:54,113:INFO: [TRAIN] Step: 1052 ; Loss: 29.000 ; Acc: 34.346
2018-09-19 15:17:54,230:INFO: [TRAIN] Step: 1053 ; Loss: 32.316 ; Acc: 34.337
2018-09-19 15:17:54,347:INFO: [TRAIN] Step: 1054 ; Loss: 27.632 ; Acc: 34.321
2018-09-19 15:17:54,461:INFO: [TRAIN] Step: 1055 ; Loss: 30.126 ; Acc: 34.320
2018-09-19 15:17:54,574:INFO: [TRAIN] Step: 1056 ; Loss: 25.249 ; Acc: 34.323
2018-09-19 15:17:54,687:INFO: [TRAIN] Step: 1057 ; Loss: 28.991 ; Acc: 34.314
2018-09-19 15:17:54,800:INFO: [TRAIN] Step: 1058 ; Loss: 27.491 ; Acc: 34.321
2018-09-19 15:17:54,917:INFO: [TRAIN] Step: 1059 ; Loss: 29.915 ; Acc: 34.308
2018-09-19 15:17:55,034:INFO: [TRAIN] Step: 1060 ; Loss: 29.672 ; Acc: 34.311
2018-09-19 15:17:55,149:INFO: [TRAIN] Step: 1061 ; Loss: 26.263 ; Acc: 34.314
2018-09-19 15:17:55,264:INFO: [TRAIN] Step: 1062 ; Loss: 29.182 ; Acc: 34.302
2018-09-19 15:17:55,379:INFO: [TRAIN] Step: 1063 ; Loss: 31.767 ; Acc: 34.285
2018-09-19 15:17:55,495:INFO: [TRAIN] Step: 1064 ; Loss: 29.908 ; Acc: 34.264
2018-09-19 15:17:55,612:INFO: [TRAIN] Step: 1065 ; Loss: 27.929 ; Acc: 34.252
2018-09-19 15:17:55,725:INFO: [TRAIN] Step: 1066 ; Loss: 26.107 ; Acc: 34.243
2018-09-19 15:17:55,839:INFO: [TRAIN] Step: 1067 ; Loss: 31.604 ; Acc: 34.238
2018-09-19 15:17:55,952:INFO: [TRAIN] Step: 1068 ; Loss: 25.998 ; Acc: 34.234
2018-09-19 15:17:56,067:INFO: [TRAIN] Step: 1069 ; Loss: 25.661 ; Acc: 34.229
2018-09-19 15:17:56,184:INFO: [TRAIN] Step: 1070 ; Loss: 30.357 ; Acc: 34.220
2018-09-19 15:17:56,299:INFO: [TRAIN] Step: 1071 ; Loss: 28.164 ; Acc: 34.208
2018-09-19 15:17:56,415:INFO: [TRAIN] Step: 1072 ; Loss: 26.184 ; Acc: 34.223
2018-09-19 15:17:56,528:INFO: [TRAIN] Step: 1073 ; Loss: 27.540 ; Acc: 34.218
2018-09-19 15:17:56,644:INFO: [TRAIN] Step: 1074 ; Loss: 30.473 ; Acc: 34.217
2018-09-19 15:17:56,760:INFO: [TRAIN] Step: 1075 ; Loss: 31.700 ; Acc: 34.205
2018-09-19 15:17:56,880:INFO: [TRAIN] Step: 1076 ; Loss: 24.888 ; Acc: 34.208
2018-09-19 15:17:56,995:INFO: [TRAIN] Step: 1077 ; Loss: 31.343 ; Acc: 34.191
2018-09-19 15:17:57,114:INFO: [TRAIN] Step: 1078 ; Loss: 27.630 ; Acc: 34.187
2018-09-19 15:17:57,231:INFO: [TRAIN] Step: 1079 ; Loss: 27.231 ; Acc: 34.186
2018-09-19 15:17:57,344:INFO: [TRAIN] Step: 1080 ; Loss: 26.053 ; Acc: 34.177
2018-09-19 15:17:57,464:INFO: [TRAIN] Step: 1081 ; Loss: 29.862 ; Acc: 34.196
2018-09-19 15:17:57,583:INFO: [TRAIN] Step: 1082 ; Loss: 29.163 ; Acc: 34.195
2018-09-19 15:17:57,695:INFO: [TRAIN] Step: 1083 ; Loss: 29.772 ; Acc: 34.190
2018-09-19 15:17:57,807:INFO: [TRAIN] Step: 1084 ; Loss: 28.862 ; Acc: 34.174
2018-09-19 15:17:57,923:INFO: [TRAIN] Step: 1085 ; Loss: 24.671 ; Acc: 34.185
2018-09-19 15:17:58,037:INFO: [TRAIN] Step: 1086 ; Loss: 29.123 ; Acc: 34.184
2018-09-19 15:17:58,149:INFO: [TRAIN] Step: 1087 ; Loss: 29.621 ; Acc: 34.168
2018-09-19 15:17:58,267:INFO: [TRAIN] Step: 1088 ; Loss: 26.982 ; Acc: 34.167
2018-09-19 15:17:58,385:INFO: [TRAIN] Step: 1089 ; Loss: 30.909 ; Acc: 34.159
2018-09-19 15:17:58,501:INFO: [TRAIN] Step: 1090 ; Loss: 31.502 ; Acc: 34.154
2018-09-19 15:17:58,617:INFO: [TRAIN] Step: 1091 ; Loss: 25.948 ; Acc: 34.150
2018-09-19 15:17:58,730:INFO: [TRAIN] Step: 1092 ; Loss: 24.933 ; Acc: 34.153
2018-09-19 15:17:58,844:INFO: [TRAIN] Step: 1093 ; Loss: 29.508 ; Acc: 34.152
2018-09-19 15:17:58,960:INFO: [TRAIN] Step: 1094 ; Loss: 26.946 ; Acc: 34.148
2018-09-19 15:17:59,074:INFO: [TRAIN] Step: 1095 ; Loss: 24.213 ; Acc: 34.158
2018-09-19 15:17:59,191:INFO: [TRAIN] Step: 1096 ; Loss: 30.418 ; Acc: 34.150
2018-09-19 15:17:59,308:INFO: [TRAIN] Step: 1097 ; Loss: 27.324 ; Acc: 34.145
2018-09-19 15:17:59,421:INFO: [TRAIN] Step: 1098 ; Loss: 26.471 ; Acc: 34.175
2018-09-19 15:17:59,539:INFO: [TRAIN] Step: 1099 ; Loss: 28.126 ; Acc: 34.178
2018-09-19 15:17:59,658:INFO: [TRAIN] Step: 1100 ; Loss: 23.661 ; Acc: 34.185
2018-09-19 15:17:59,772:INFO: [TRAIN] Step: 1101 ; Loss: 28.713 ; Acc: 34.195
2018-09-19 15:17:59,888:INFO: [TRAIN] Step: 1102 ; Loss: 28.034 ; Acc: 34.198
2018-09-19 15:18:00,003:INFO: [TRAIN] Step: 1103 ; Loss: 29.939 ; Acc: 34.194
2018-09-19 15:18:00,115:INFO: [TRAIN] Step: 1104 ; Loss: 26.728 ; Acc: 34.212
2018-09-19 15:18:00,228:INFO: [TRAIN] Step: 1105 ; Loss: 27.460 ; Acc: 34.211
2018-09-19 15:18:00,347:INFO: [TRAIN] Step: 1106 ; Loss: 27.823 ; Acc: 34.222
2018-09-19 15:18:00,466:INFO: [TRAIN] Step: 1107 ; Loss: 30.922 ; Acc: 34.206
2018-09-19 15:18:00,582:INFO: [TRAIN] Step: 1108 ; Loss: 34.160 ; Acc: 34.186
2018-09-19 15:18:00,697:INFO: [TRAIN] Step: 1109 ; Loss: 23.788 ; Acc: 34.189
2018-09-19 15:18:00,816:INFO: [TRAIN] Step: 1110 ; Loss: 25.484 ; Acc: 34.188
2018-09-19 15:18:00,932:INFO: [TRAIN] Step: 1111 ; Loss: 27.004 ; Acc: 34.199
2018-09-19 15:18:01,046:INFO: [TRAIN] Step: 1112 ; Loss: 31.016 ; Acc: 34.191
2018-09-19 15:18:01,163:INFO: [TRAIN] Step: 1113 ; Loss: 26.826 ; Acc: 34.190
2018-09-19 15:18:01,275:INFO: [TRAIN] Step: 1114 ; Loss: 31.332 ; Acc: 34.185
2018-09-19 15:18:01,392:INFO: [TRAIN] Step: 1115 ; Loss: 30.782 ; Acc: 34.192
2018-09-19 15:18:01,511:INFO: [TRAIN] Step: 1116 ; Loss: 26.236 ; Acc: 34.210
2018-09-19 15:18:01,627:INFO: [TRAIN] Step: 1117 ; Loss: 27.861 ; Acc: 34.220
2018-09-19 15:18:01,744:INFO: [TRAIN] Step: 1118 ; Loss: 29.576 ; Acc: 34.223
2018-09-19 15:18:01,860:INFO: [TRAIN] Step: 1119 ; Loss: 28.498 ; Acc: 34.219
2018-09-19 15:18:01,978:INFO: [TRAIN] Step: 1120 ; Loss: 29.766 ; Acc: 34.218
2018-09-19 15:18:02,094:INFO: [TRAIN] Step: 1121 ; Loss: 24.672 ; Acc: 34.239
2018-09-19 15:18:02,210:INFO: [TRAIN] Step: 1122 ; Loss: 29.192 ; Acc: 34.235
2018-09-19 15:18:02,332:INFO: [TRAIN] Step: 1123 ; Loss: 27.730 ; Acc: 34.249
2018-09-19 15:18:02,448:INFO: [TRAIN] Step: 1124 ; Loss: 26.587 ; Acc: 34.267
2018-09-19 15:18:02,562:INFO: [TRAIN] Step: 1125 ; Loss: 28.178 ; Acc: 34.277
2018-09-19 15:18:02,680:INFO: [TRAIN] Step: 1126 ; Loss: 32.009 ; Acc: 34.265
2018-09-19 15:18:02,794:INFO: [TRAIN] Step: 1127 ; Loss: 29.076 ; Acc: 34.257
2018-09-19 15:18:02,909:INFO: [TRAIN] Step: 1128 ; Loss: 34.345 ; Acc: 34.245
2018-09-19 15:18:03,028:INFO: [TRAIN] Step: 1129 ; Loss: 32.270 ; Acc: 34.237
2018-09-19 15:18:03,142:INFO: [TRAIN] Step: 1130 ; Loss: 30.640 ; Acc: 34.243
2018-09-19 15:18:03,258:INFO: [TRAIN] Step: 1131 ; Loss: 29.417 ; Acc: 34.235
2018-09-19 15:18:03,376:INFO: [TRAIN] Step: 1132 ; Loss: 31.104 ; Acc: 34.227
2018-09-19 15:18:03,494:INFO: [TRAIN] Step: 1133 ; Loss: 32.539 ; Acc: 34.219
2018-09-19 15:18:03,611:INFO: [TRAIN] Step: 1134 ; Loss: 31.347 ; Acc: 34.211
2018-09-19 15:18:03,727:INFO: [TRAIN] Step: 1135 ; Loss: 25.833 ; Acc: 34.228
2018-09-19 15:18:03,844:INFO: [TRAIN] Step: 1136 ; Loss: 29.251 ; Acc: 34.227
2018-09-19 15:18:03,958:INFO: [TRAIN] Step: 1137 ; Loss: 28.406 ; Acc: 34.219
2018-09-19 15:18:04,073:INFO: [TRAIN] Step: 1138 ; Loss: 28.408 ; Acc: 34.226
2018-09-19 15:18:04,188:INFO: [TRAIN] Step: 1139 ; Loss: 30.061 ; Acc: 34.229
2018-09-19 15:18:04,301:INFO: [TRAIN] Step: 1140 ; Loss: 29.198 ; Acc: 34.221
2018-09-19 15:18:04,417:INFO: [TRAIN] Step: 1141 ; Loss: 29.452 ; Acc: 34.224
2018-09-19 15:18:04,534:INFO: [TRAIN] Step: 1142 ; Loss: 25.895 ; Acc: 34.216
2018-09-19 15:18:04,652:INFO: [TRAIN] Step: 1143 ; Loss: 27.441 ; Acc: 34.226
2018-09-19 15:18:04,768:INFO: [TRAIN] Step: 1144 ; Loss: 27.830 ; Acc: 34.210
2018-09-19 15:18:04,890:INFO: [TRAIN] Step: 1145 ; Loss: 29.658 ; Acc: 34.206
2018-09-19 15:18:05,005:INFO: [TRAIN] Step: 1146 ; Loss: 31.664 ; Acc: 34.205
2018-09-19 15:18:05,127:INFO: [TRAIN] Step: 1147 ; Loss: 26.293 ; Acc: 34.194
2018-09-19 15:18:05,257:INFO: [TRAIN] Step: 1148 ; Loss: 28.849 ; Acc: 34.200
2018-09-19 15:18:05,375:INFO: [TRAIN] Step: 1149 ; Loss: 25.553 ; Acc: 34.178
2018-09-19 15:18:05,492:INFO: [TRAIN] Step: 1150 ; Loss: 28.691 ; Acc: 34.177
2018-09-19 15:18:05,610:INFO: [TRAIN] Step: 1151 ; Loss: 34.042 ; Acc: 34.172
2018-09-19 15:18:05,726:INFO: [TRAIN] Step: 1152 ; Loss: 29.846 ; Acc: 34.168
2018-09-19 15:18:05,845:INFO: [TRAIN] Step: 1153 ; Loss: 27.165 ; Acc: 34.149
2018-09-19 15:18:05,958:INFO: [TRAIN] Step: 1154 ; Loss: 29.709 ; Acc: 34.134
2018-09-19 15:18:06,074:INFO: [TRAIN] Step: 1155 ; Loss: 24.498 ; Acc: 34.144
2018-09-19 15:18:06,217:INFO: [TRAIN] Step: 1156 ; Loss: 27.734 ; Acc: 34.154
2018-09-19 15:18:06,414:INFO: [TRAIN] Step: 1157 ; Loss: 28.689 ; Acc: 34.157
2018-09-19 15:18:06,534:INFO: [TRAIN] Step: 1158 ; Loss: 26.268 ; Acc: 34.167
2018-09-19 15:18:06,652:INFO: [TRAIN] Step: 1159 ; Loss: 31.079 ; Acc: 34.170
2018-09-19 15:18:06,771:INFO: [TRAIN] Step: 1160 ; Loss: 28.631 ; Acc: 34.162
2018-09-19 15:18:06,894:INFO: [TRAIN] Step: 1161 ; Loss: 27.124 ; Acc: 34.176
2018-09-19 15:18:07,009:INFO: [TRAIN] Step: 1162 ; Loss: 27.857 ; Acc: 34.182
2018-09-19 15:18:07,128:INFO: [TRAIN] Step: 1163 ; Loss: 28.219 ; Acc: 34.189
2018-09-19 15:18:07,252:INFO: [TRAIN] Step: 1164 ; Loss: 29.908 ; Acc: 34.181
2018-09-19 15:18:07,369:INFO: [TRAIN] Step: 1165 ; Loss: 28.992 ; Acc: 34.184
2018-09-19 15:18:07,485:INFO: [TRAIN] Step: 1166 ; Loss: 32.595 ; Acc: 34.176
2018-09-19 15:18:07,597:INFO: [TRAIN] Step: 1167 ; Loss: 34.552 ; Acc: 34.165
2018-09-19 15:18:07,731:INFO: [TRAIN] Step: 1168 ; Loss: 28.492 ; Acc: 34.171
2018-09-19 15:18:07,843:INFO: [TRAIN] Step: 1169 ; Loss: 30.351 ; Acc: 34.160
2018-09-19 15:18:07,965:INFO: [TRAIN] Step: 1170 ; Loss: 29.516 ; Acc: 34.159
2018-09-19 15:18:08,083:INFO: [TRAIN] Step: 1171 ; Loss: 26.666 ; Acc: 34.165
2018-09-19 15:18:08,215:INFO: [TRAIN] Step: 1172 ; Loss: 27.114 ; Acc: 34.172
2018-09-19 15:18:08,344:INFO: [TRAIN] Step: 1173 ; Loss: 29.095 ; Acc: 34.171
2018-09-19 15:18:08,467:INFO: [TRAIN] Step: 1174 ; Loss: 26.733 ; Acc: 34.181
2018-09-19 15:18:08,583:INFO: [TRAIN] Step: 1175 ; Loss: 29.424 ; Acc: 34.191
2018-09-19 15:18:08,706:INFO: [TRAIN] Step: 1176 ; Loss: 31.201 ; Acc: 34.186
2018-09-19 15:18:08,827:INFO: [TRAIN] Step: 1177 ; Loss: 24.406 ; Acc: 34.196
2018-09-19 15:18:08,940:INFO: [TRAIN] Step: 1178 ; Loss: 27.256 ; Acc: 34.203
2018-09-19 15:18:09,056:INFO: [TRAIN] Step: 1179 ; Loss: 26.555 ; Acc: 34.209
2018-09-19 15:18:09,180:INFO: [TRAIN] Step: 1180 ; Loss: 27.977 ; Acc: 34.201
2018-09-19 15:18:09,306:INFO: [TRAIN] Step: 1181 ; Loss: 31.262 ; Acc: 34.208
2018-09-19 15:18:09,435:INFO: [TRAIN] Step: 1182 ; Loss: 28.780 ; Acc: 34.207
2018-09-19 15:18:09,567:INFO: [TRAIN] Step: 1183 ; Loss: 29.703 ; Acc: 34.210
2018-09-19 15:18:09,683:INFO: [TRAIN] Step: 1184 ; Loss: 32.280 ; Acc: 34.209
2018-09-19 15:18:09,798:INFO: [TRAIN] Step: 1185 ; Loss: 26.052 ; Acc: 34.215
2018-09-19 15:18:09,914:INFO: [TRAIN] Step: 1186 ; Loss: 27.560 ; Acc: 34.239
2018-09-19 15:18:10,034:INFO: [TRAIN] Step: 1187 ; Loss: 28.093 ; Acc: 34.249
2018-09-19 15:18:10,149:INFO: [TRAIN] Step: 1188 ; Loss: 28.272 ; Acc: 34.248
2018-09-19 15:18:10,262:INFO: [TRAIN] Step: 1189 ; Loss: 26.494 ; Acc: 34.261
2018-09-19 15:18:15,375:INFO: [EVAL] Step: 1190 ; Loss: 0.300 ; Acc: 0.373
