2018-09-19 15:26:50,926:INFO: ### Model ###
LeNet5(
  (convnet): Sequential(
    (0): Conv2d(1, 6, kernel_size=(5, 5), stride=(1, 1))
    (1): ReLU()
    (2): MaxPool2d(kernel_size=(2, 2), stride=2, padding=0, dilation=1, ceil_mode=False)
    (3): Conv2d(6, 16, kernel_size=(5, 5), stride=(1, 1))
    (4): ReLU()
    (5): MaxPool2d(kernel_size=(2, 2), stride=2, padding=0, dilation=1, ceil_mode=False)
    (6): Conv2d(16, 120, kernel_size=(5, 5), stride=(1, 1))
    (7): ReLU()
    (8): Conv2d(120, 240, kernel_size=(5, 5), stride=(1, 1))
    (9): ReLU()
  )
  (fc): Sequential(
    (0): Linear(in_features=240, out_features=84, bias=True)
    (1): ReLU()
    (2): Linear(in_features=84, out_features=10, bias=True)
  )
)
2018-09-19 15:26:50,927:INFO: ### Optimizer ###
Adam (
Parameter Group 0
    amsgrad: False
    betas: (0.9, 0.999)
    eps: 1e-08
    lr: 0.0001
    weight_decay: 0
)
2018-09-19 15:26:50,927:INFO: ### HParams ###
n_epochs: 1 ; data: ferplus ; label: ferplus_votes ; batch_size: 24 ; lr: 0.0001 ; wd: 0 ; init: kaiming_he ; eval_steps: 1190
2018-09-19 15:26:51,124:INFO: [TRAIN] Step: 0 ; Loss: 41.429 ; Acc: 4.167
2018-09-19 15:26:51,202:INFO: [TRAIN] Step: 1 ; Loss: 39.618 ; Acc: 8.333
2018-09-19 15:26:51,278:INFO: [TRAIN] Step: 2 ; Loss: 33.232 ; Acc: 8.333
2018-09-19 15:26:51,394:INFO: [TRAIN] Step: 3 ; Loss: 30.714 ; Acc: 12.500
2018-09-19 15:26:51,497:INFO: [TRAIN] Step: 4 ; Loss: 32.451 ; Acc: 18.333
2018-09-19 15:26:51,571:INFO: [TRAIN] Step: 5 ; Loss: 31.987 ; Acc: 20.139
2018-09-19 15:26:51,652:INFO: [TRAIN] Step: 6 ; Loss: 27.562 ; Acc: 23.810
2018-09-19 15:26:51,729:INFO: [TRAIN] Step: 7 ; Loss: 32.978 ; Acc: 24.479
2018-09-19 15:26:51,813:INFO: [TRAIN] Step: 8 ; Loss: 30.069 ; Acc: 27.778
2018-09-19 15:26:51,890:INFO: [TRAIN] Step: 9 ; Loss: 28.299 ; Acc: 28.333
2018-09-19 15:26:51,978:INFO: [TRAIN] Step: 10 ; Loss: 30.403 ; Acc: 29.167
2018-09-19 15:26:52,053:INFO: [TRAIN] Step: 11 ; Loss: 29.251 ; Acc: 30.903
2018-09-19 15:26:52,133:INFO: [TRAIN] Step: 12 ; Loss: 29.683 ; Acc: 31.090
2018-09-19 15:26:52,216:INFO: [TRAIN] Step: 13 ; Loss: 26.770 ; Acc: 31.845
2018-09-19 15:26:52,296:INFO: [TRAIN] Step: 14 ; Loss: 32.812 ; Acc: 31.944
2018-09-19 15:26:52,371:INFO: [TRAIN] Step: 15 ; Loss: 26.360 ; Acc: 32.292
2018-09-19 15:26:52,452:INFO: [TRAIN] Step: 16 ; Loss: 27.464 ; Acc: 32.598
2018-09-19 15:26:52,526:INFO: [TRAIN] Step: 17 ; Loss: 32.652 ; Acc: 32.176
2018-09-19 15:26:52,607:INFO: [TRAIN] Step: 18 ; Loss: 29.912 ; Acc: 32.675
2018-09-19 15:26:52,680:INFO: [TRAIN] Step: 19 ; Loss: 27.878 ; Acc: 32.083
2018-09-19 15:26:52,759:INFO: [TRAIN] Step: 20 ; Loss: 30.943 ; Acc: 31.746
2018-09-19 15:26:52,833:INFO: [TRAIN] Step: 21 ; Loss: 28.747 ; Acc: 31.818
2018-09-19 15:26:52,918:INFO: [TRAIN] Step: 22 ; Loss: 28.954 ; Acc: 31.522
2018-09-19 15:26:52,990:INFO: [TRAIN] Step: 23 ; Loss: 25.764 ; Acc: 30.903
2018-09-19 15:26:53,070:INFO: [TRAIN] Step: 24 ; Loss: 30.565 ; Acc: 30.667
2018-09-19 15:26:53,143:INFO: [TRAIN] Step: 25 ; Loss: 24.105 ; Acc: 31.731
2018-09-19 15:26:53,224:INFO: [TRAIN] Step: 26 ; Loss: 32.962 ; Acc: 30.556
2018-09-19 15:26:53,297:INFO: [TRAIN] Step: 27 ; Loss: 27.274 ; Acc: 30.804
2018-09-19 15:26:53,378:INFO: [TRAIN] Step: 28 ; Loss: 29.974 ; Acc: 30.747
2018-09-19 15:26:53,453:INFO: [TRAIN] Step: 29 ; Loss: 28.104 ; Acc: 30.972
2018-09-19 15:26:53,532:INFO: [TRAIN] Step: 30 ; Loss: 29.505 ; Acc: 31.317
2018-09-19 15:26:53,606:INFO: [TRAIN] Step: 31 ; Loss: 29.533 ; Acc: 31.901
2018-09-19 15:26:53,685:INFO: [TRAIN] Step: 32 ; Loss: 28.034 ; Acc: 31.944
2018-09-19 15:26:53,759:INFO: [TRAIN] Step: 33 ; Loss: 28.232 ; Acc: 32.108
2018-09-19 15:26:53,838:INFO: [TRAIN] Step: 34 ; Loss: 33.875 ; Acc: 31.905
2018-09-19 15:26:53,912:INFO: [TRAIN] Step: 35 ; Loss: 28.724 ; Acc: 32.407
2018-09-19 15:26:53,991:INFO: [TRAIN] Step: 36 ; Loss: 32.423 ; Acc: 32.207
2018-09-19 15:26:54,067:INFO: [TRAIN] Step: 37 ; Loss: 32.786 ; Acc: 32.237
2018-09-19 15:26:54,150:INFO: [TRAIN] Step: 38 ; Loss: 25.034 ; Acc: 32.799
2018-09-19 15:26:54,223:INFO: [TRAIN] Step: 39 ; Loss: 23.758 ; Acc: 32.917
2018-09-19 15:26:54,305:INFO: [TRAIN] Step: 40 ; Loss: 26.383 ; Acc: 33.130
2018-09-19 15:26:54,379:INFO: [TRAIN] Step: 41 ; Loss: 29.633 ; Acc: 33.234
2018-09-19 15:26:54,459:INFO: [TRAIN] Step: 42 ; Loss: 33.802 ; Acc: 32.655
2018-09-19 15:26:54,534:INFO: [TRAIN] Step: 43 ; Loss: 30.347 ; Acc: 32.670
2018-09-19 15:26:54,614:INFO: [TRAIN] Step: 44 ; Loss: 28.859 ; Acc: 32.685
2018-09-19 15:26:54,699:INFO: [TRAIN] Step: 45 ; Loss: 22.833 ; Acc: 33.243
2018-09-19 15:26:54,786:INFO: [TRAIN] Step: 46 ; Loss: 33.691 ; Acc: 33.067
2018-09-19 15:26:54,858:INFO: [TRAIN] Step: 47 ; Loss: 31.352 ; Acc: 32.986
2018-09-19 15:26:54,936:INFO: [TRAIN] Step: 48 ; Loss: 29.045 ; Acc: 32.908
2018-09-19 15:26:55,009:INFO: [TRAIN] Step: 49 ; Loss: 34.151 ; Acc: 33.000
2018-09-19 15:26:55,089:INFO: [TRAIN] Step: 50 ; Loss: 24.508 ; Acc: 33.088
2018-09-19 15:26:55,163:INFO: [TRAIN] Step: 51 ; Loss: 28.769 ; Acc: 33.494
2018-09-19 15:26:55,244:INFO: [TRAIN] Step: 52 ; Loss: 25.769 ; Acc: 33.884
2018-09-19 15:26:55,319:INFO: [TRAIN] Step: 53 ; Loss: 25.773 ; Acc: 34.028
2018-09-19 15:26:55,413:INFO: [TRAIN] Step: 54 ; Loss: 30.611 ; Acc: 34.015
2018-09-19 15:26:55,489:INFO: [TRAIN] Step: 55 ; Loss: 24.207 ; Acc: 34.152
2018-09-19 15:26:55,569:INFO: [TRAIN] Step: 56 ; Loss: 29.806 ; Acc: 34.137
2018-09-19 15:26:55,647:INFO: [TRAIN] Step: 57 ; Loss: 29.355 ; Acc: 34.483
2018-09-19 15:26:55,727:INFO: [TRAIN] Step: 58 ; Loss: 29.352 ; Acc: 34.463
2018-09-19 15:26:55,803:INFO: [TRAIN] Step: 59 ; Loss: 28.726 ; Acc: 34.653
2018-09-19 15:26:55,883:INFO: [TRAIN] Step: 60 ; Loss: 27.148 ; Acc: 35.178
2018-09-19 15:26:55,955:INFO: [TRAIN] Step: 61 ; Loss: 24.185 ; Acc: 35.417
2018-09-19 15:26:56,035:INFO: [TRAIN] Step: 62 ; Loss: 24.939 ; Acc: 35.979
2018-09-19 15:26:56,110:INFO: [TRAIN] Step: 63 ; Loss: 26.814 ; Acc: 36.133
2018-09-19 15:26:56,189:INFO: [TRAIN] Step: 64 ; Loss: 30.453 ; Acc: 36.090
2018-09-19 15:26:56,265:INFO: [TRAIN] Step: 65 ; Loss: 24.986 ; Acc: 36.364
2018-09-19 15:26:56,346:INFO: [TRAIN] Step: 66 ; Loss: 25.715 ; Acc: 36.692
2018-09-19 15:26:56,419:INFO: [TRAIN] Step: 67 ; Loss: 25.106 ; Acc: 36.703
2018-09-19 15:26:56,498:INFO: [TRAIN] Step: 68 ; Loss: 27.898 ; Acc: 36.715
2018-09-19 15:26:56,570:INFO: [TRAIN] Step: 69 ; Loss: 33.298 ; Acc: 36.548
2018-09-19 15:26:56,649:INFO: [TRAIN] Step: 70 ; Loss: 26.625 ; Acc: 36.854
2018-09-19 15:26:56,721:INFO: [TRAIN] Step: 71 ; Loss: 33.909 ; Acc: 36.863
2018-09-19 15:26:56,800:INFO: [TRAIN] Step: 72 ; Loss: 24.262 ; Acc: 36.986
2018-09-19 15:26:56,874:INFO: [TRAIN] Step: 73 ; Loss: 27.033 ; Acc: 37.050
2018-09-19 15:26:56,954:INFO: [TRAIN] Step: 74 ; Loss: 28.688 ; Acc: 37.111
2018-09-19 15:26:57,027:INFO: [TRAIN] Step: 75 ; Loss: 29.242 ; Acc: 37.116
2018-09-19 15:26:57,110:INFO: [TRAIN] Step: 76 ; Loss: 25.996 ; Acc: 37.175
2018-09-19 15:26:57,182:INFO: [TRAIN] Step: 77 ; Loss: 33.011 ; Acc: 37.126
2018-09-19 15:26:57,261:INFO: [TRAIN] Step: 78 ; Loss: 23.785 ; Acc: 37.395
2018-09-19 15:26:57,335:INFO: [TRAIN] Step: 79 ; Loss: 22.683 ; Acc: 37.552
2018-09-19 15:26:57,414:INFO: [TRAIN] Step: 80 ; Loss: 26.617 ; Acc: 37.654
2018-09-19 15:26:57,488:INFO: [TRAIN] Step: 81 ; Loss: 28.432 ; Acc: 37.754
2018-09-19 15:26:57,568:INFO: [TRAIN] Step: 82 ; Loss: 26.943 ; Acc: 37.952
2018-09-19 15:26:57,645:INFO: [TRAIN] Step: 83 ; Loss: 27.189 ; Acc: 38.194
2018-09-19 15:26:57,734:INFO: [TRAIN] Step: 84 ; Loss: 24.557 ; Acc: 38.431
2018-09-19 15:26:57,820:INFO: [TRAIN] Step: 85 ; Loss: 22.692 ; Acc: 38.711
2018-09-19 15:26:57,901:INFO: [TRAIN] Step: 86 ; Loss: 23.990 ; Acc: 39.033
2018-09-19 15:26:57,979:INFO: [TRAIN] Step: 87 ; Loss: 23.127 ; Acc: 39.205
2018-09-19 15:26:58,058:INFO: [TRAIN] Step: 88 ; Loss: 27.974 ; Acc: 39.092
2018-09-19 15:26:58,133:INFO: [TRAIN] Step: 89 ; Loss: 30.509 ; Acc: 38.935
2018-09-19 15:26:58,211:INFO: [TRAIN] Step: 90 ; Loss: 24.593 ; Acc: 39.148
2018-09-19 15:26:58,283:INFO: [TRAIN] Step: 91 ; Loss: 27.091 ; Acc: 39.085
2018-09-19 15:26:58,361:INFO: [TRAIN] Step: 92 ; Loss: 25.883 ; Acc: 39.113
2018-09-19 15:26:58,436:INFO: [TRAIN] Step: 93 ; Loss: 27.041 ; Acc: 39.229
2018-09-19 15:26:58,516:INFO: [TRAIN] Step: 94 ; Loss: 25.427 ; Acc: 39.430
2018-09-19 15:26:58,589:INFO: [TRAIN] Step: 95 ; Loss: 29.047 ; Acc: 39.497
2018-09-19 15:26:58,668:INFO: [TRAIN] Step: 96 ; Loss: 21.379 ; Acc: 39.777
2018-09-19 15:26:58,749:INFO: [TRAIN] Step: 97 ; Loss: 29.733 ; Acc: 39.796
2018-09-19 15:26:58,829:INFO: [TRAIN] Step: 98 ; Loss: 25.848 ; Acc: 39.941
2018-09-19 15:26:58,903:INFO: [TRAIN] Step: 99 ; Loss: 26.032 ; Acc: 39.958
2018-09-19 15:26:58,982:INFO: [TRAIN] Step: 100 ; Loss: 30.240 ; Acc: 39.934
2018-09-19 15:26:59,058:INFO: [TRAIN] Step: 101 ; Loss: 28.663 ; Acc: 40.033
2018-09-19 15:26:59,139:INFO: [TRAIN] Step: 102 ; Loss: 26.609 ; Acc: 40.170
2018-09-19 15:26:59,214:INFO: [TRAIN] Step: 103 ; Loss: 28.592 ; Acc: 40.184
2018-09-19 15:26:59,293:INFO: [TRAIN] Step: 104 ; Loss: 23.118 ; Acc: 40.357
2018-09-19 15:26:59,367:INFO: [TRAIN] Step: 105 ; Loss: 26.890 ; Acc: 40.369
2018-09-19 15:26:59,447:INFO: [TRAIN] Step: 106 ; Loss: 25.938 ; Acc: 40.460
2018-09-19 15:26:59,525:INFO: [TRAIN] Step: 107 ; Loss: 29.791 ; Acc: 40.548
2018-09-19 15:26:59,606:INFO: [TRAIN] Step: 108 ; Loss: 28.689 ; Acc: 40.635
2018-09-19 15:26:59,680:INFO: [TRAIN] Step: 109 ; Loss: 25.717 ; Acc: 40.758
2018-09-19 15:26:59,759:INFO: [TRAIN] Step: 110 ; Loss: 30.413 ; Acc: 40.728
2018-09-19 15:26:59,834:INFO: [TRAIN] Step: 111 ; Loss: 25.863 ; Acc: 40.885
2018-09-19 15:26:59,920:INFO: [TRAIN] Step: 112 ; Loss: 29.847 ; Acc: 40.855
2018-09-19 15:26:59,994:INFO: [TRAIN] Step: 113 ; Loss: 25.695 ; Acc: 40.899
2018-09-19 15:27:00,074:INFO: [TRAIN] Step: 114 ; Loss: 25.665 ; Acc: 41.087
2018-09-19 15:27:00,148:INFO: [TRAIN] Step: 115 ; Loss: 25.463 ; Acc: 41.236
2018-09-19 15:27:00,229:INFO: [TRAIN] Step: 116 ; Loss: 29.766 ; Acc: 41.275
2018-09-19 15:27:00,306:INFO: [TRAIN] Step: 117 ; Loss: 25.570 ; Acc: 41.384
2018-09-19 15:27:00,386:INFO: [TRAIN] Step: 118 ; Loss: 32.902 ; Acc: 41.282
2018-09-19 15:27:00,460:INFO: [TRAIN] Step: 119 ; Loss: 22.920 ; Acc: 41.458
2018-09-19 15:27:00,540:INFO: [TRAIN] Step: 120 ; Loss: 26.416 ; Acc: 41.460
2018-09-19 15:27:00,613:INFO: [TRAIN] Step: 121 ; Loss: 23.625 ; Acc: 41.462
2018-09-19 15:27:00,694:INFO: [TRAIN] Step: 122 ; Loss: 23.678 ; Acc: 41.430
2018-09-19 15:27:00,779:INFO: [TRAIN] Step: 123 ; Loss: 27.823 ; Acc: 41.331
2018-09-19 15:27:00,872:INFO: [TRAIN] Step: 124 ; Loss: 30.216 ; Acc: 41.233
2018-09-19 15:27:00,946:INFO: [TRAIN] Step: 125 ; Loss: 23.117 ; Acc: 41.369
2018-09-19 15:27:01,026:INFO: [TRAIN] Step: 126 ; Loss: 27.328 ; Acc: 41.306
2018-09-19 15:27:01,100:INFO: [TRAIN] Step: 127 ; Loss: 25.122 ; Acc: 41.439
2018-09-19 15:27:01,180:INFO: [TRAIN] Step: 128 ; Loss: 28.641 ; Acc: 41.570
2018-09-19 15:27:01,255:INFO: [TRAIN] Step: 129 ; Loss: 30.119 ; Acc: 41.378
2018-09-19 15:27:01,337:INFO: [TRAIN] Step: 130 ; Loss: 25.671 ; Acc: 41.380
2018-09-19 15:27:01,412:INFO: [TRAIN] Step: 131 ; Loss: 18.700 ; Acc: 41.635
2018-09-19 15:27:01,494:INFO: [TRAIN] Step: 132 ; Loss: 27.831 ; Acc: 41.698
2018-09-19 15:27:01,567:INFO: [TRAIN] Step: 133 ; Loss: 22.014 ; Acc: 41.947
2018-09-19 15:27:01,647:INFO: [TRAIN] Step: 134 ; Loss: 25.114 ; Acc: 41.975
2018-09-19 15:27:01,724:INFO: [TRAIN] Step: 135 ; Loss: 26.026 ; Acc: 42.004
2018-09-19 15:27:01,806:INFO: [TRAIN] Step: 136 ; Loss: 28.247 ; Acc: 42.001
2018-09-19 15:27:01,884:INFO: [TRAIN] Step: 137 ; Loss: 21.151 ; Acc: 42.120
2018-09-19 15:27:01,965:INFO: [TRAIN] Step: 138 ; Loss: 27.422 ; Acc: 42.056
2018-09-19 15:27:02,039:INFO: [TRAIN] Step: 139 ; Loss: 31.202 ; Acc: 42.054
2018-09-19 15:27:02,123:INFO: [TRAIN] Step: 140 ; Loss: 22.958 ; Acc: 42.199
2018-09-19 15:27:02,198:INFO: [TRAIN] Step: 141 ; Loss: 22.537 ; Acc: 42.165
2018-09-19 15:27:02,280:INFO: [TRAIN] Step: 142 ; Loss: 28.626 ; Acc: 42.075
2018-09-19 15:27:02,356:INFO: [TRAIN] Step: 143 ; Loss: 25.467 ; Acc: 42.188
2018-09-19 15:27:02,435:INFO: [TRAIN] Step: 144 ; Loss: 27.233 ; Acc: 42.155
2018-09-19 15:27:02,509:INFO: [TRAIN] Step: 145 ; Loss: 22.347 ; Acc: 42.295
2018-09-19 15:27:02,592:INFO: [TRAIN] Step: 146 ; Loss: 23.739 ; Acc: 42.262
2018-09-19 15:27:02,667:INFO: [TRAIN] Step: 147 ; Loss: 23.040 ; Acc: 42.370
2018-09-19 15:27:02,750:INFO: [TRAIN] Step: 148 ; Loss: 31.743 ; Acc: 42.338
2018-09-19 15:27:02,824:INFO: [TRAIN] Step: 149 ; Loss: 24.212 ; Acc: 42.361
2018-09-19 15:27:02,903:INFO: [TRAIN] Step: 150 ; Loss: 26.520 ; Acc: 42.467
2018-09-19 15:27:02,979:INFO: [TRAIN] Step: 151 ; Loss: 24.208 ; Acc: 42.599
2018-09-19 15:27:03,060:INFO: [TRAIN] Step: 152 ; Loss: 29.554 ; Acc: 42.511
2018-09-19 15:27:03,135:INFO: [TRAIN] Step: 153 ; Loss: 22.180 ; Acc: 42.668
2018-09-19 15:27:03,215:INFO: [TRAIN] Step: 154 ; Loss: 25.275 ; Acc: 42.715
2018-09-19 15:27:03,291:INFO: [TRAIN] Step: 155 ; Loss: 23.781 ; Acc: 42.708
2018-09-19 15:27:03,372:INFO: [TRAIN] Step: 156 ; Loss: 24.969 ; Acc: 42.755
2018-09-19 15:27:03,446:INFO: [TRAIN] Step: 157 ; Loss: 22.784 ; Acc: 42.801
2018-09-19 15:27:03,527:INFO: [TRAIN] Step: 158 ; Loss: 26.649 ; Acc: 42.741
2018-09-19 15:27:03,601:INFO: [TRAIN] Step: 159 ; Loss: 26.175 ; Acc: 42.708
2018-09-19 15:27:03,684:INFO: [TRAIN] Step: 160 ; Loss: 29.628 ; Acc: 42.702
2018-09-19 15:27:03,756:INFO: [TRAIN] Step: 161 ; Loss: 29.618 ; Acc: 42.747
2018-09-19 15:27:03,851:INFO: [TRAIN] Step: 162 ; Loss: 28.104 ; Acc: 42.791
2018-09-19 15:27:03,925:INFO: [TRAIN] Step: 163 ; Loss: 22.801 ; Acc: 42.861
2018-09-19 15:27:04,009:INFO: [TRAIN] Step: 164 ; Loss: 24.916 ; Acc: 42.879
2018-09-19 15:27:04,085:INFO: [TRAIN] Step: 165 ; Loss: 30.614 ; Acc: 42.771
2018-09-19 15:27:04,166:INFO: [TRAIN] Step: 166 ; Loss: 25.514 ; Acc: 42.814
2018-09-19 15:27:04,240:INFO: [TRAIN] Step: 167 ; Loss: 19.474 ; Acc: 42.956
2018-09-19 15:27:04,320:INFO: [TRAIN] Step: 168 ; Loss: 23.221 ; Acc: 43.023
2018-09-19 15:27:04,394:INFO: [TRAIN] Step: 169 ; Loss: 27.641 ; Acc: 42.966
2018-09-19 15:27:04,476:INFO: [TRAIN] Step: 170 ; Loss: 19.967 ; Acc: 43.031
2018-09-19 15:27:04,549:INFO: [TRAIN] Step: 171 ; Loss: 27.870 ; Acc: 42.999
2018-09-19 15:27:04,628:INFO: [TRAIN] Step: 172 ; Loss: 22.293 ; Acc: 43.064
2018-09-19 15:27:04,702:INFO: [TRAIN] Step: 173 ; Loss: 25.285 ; Acc: 43.080
2018-09-19 15:27:04,787:INFO: [TRAIN] Step: 174 ; Loss: 27.165 ; Acc: 43.119
2018-09-19 15:27:04,864:INFO: [TRAIN] Step: 175 ; Loss: 23.783 ; Acc: 43.134
2018-09-19 15:27:04,947:INFO: [TRAIN] Step: 176 ; Loss: 26.811 ; Acc: 43.079
2018-09-19 15:27:05,022:INFO: [TRAIN] Step: 177 ; Loss: 25.370 ; Acc: 43.024
2018-09-19 15:27:05,104:INFO: [TRAIN] Step: 178 ; Loss: 23.770 ; Acc: 43.063
2018-09-19 15:27:05,177:INFO: [TRAIN] Step: 179 ; Loss: 25.615 ; Acc: 43.102
2018-09-19 15:27:05,260:INFO: [TRAIN] Step: 180 ; Loss: 22.067 ; Acc: 43.209
2018-09-19 15:27:05,334:INFO: [TRAIN] Step: 181 ; Loss: 25.040 ; Acc: 43.201
2018-09-19 15:27:05,417:INFO: [TRAIN] Step: 182 ; Loss: 27.969 ; Acc: 43.215
2018-09-19 15:27:05,493:INFO: [TRAIN] Step: 183 ; Loss: 27.078 ; Acc: 43.207
2018-09-19 15:27:05,574:INFO: [TRAIN] Step: 184 ; Loss: 20.900 ; Acc: 43.356
2018-09-19 15:27:05,649:INFO: [TRAIN] Step: 185 ; Loss: 28.743 ; Acc: 43.392
2018-09-19 15:27:05,730:INFO: [TRAIN] Step: 186 ; Loss: 23.003 ; Acc: 43.427
2018-09-19 15:27:05,807:INFO: [TRAIN] Step: 187 ; Loss: 23.088 ; Acc: 43.440
2018-09-19 15:27:05,888:INFO: [TRAIN] Step: 188 ; Loss: 32.598 ; Acc: 43.364
2018-09-19 15:27:05,963:INFO: [TRAIN] Step: 189 ; Loss: 23.368 ; Acc: 43.333
2018-09-19 15:27:06,045:INFO: [TRAIN] Step: 190 ; Loss: 22.549 ; Acc: 43.390
2018-09-19 15:27:06,121:INFO: [TRAIN] Step: 191 ; Loss: 29.473 ; Acc: 43.446
2018-09-19 15:27:06,202:INFO: [TRAIN] Step: 192 ; Loss: 27.316 ; Acc: 43.459
2018-09-19 15:27:06,279:INFO: [TRAIN] Step: 193 ; Loss: 26.755 ; Acc: 43.449
2018-09-19 15:27:06,364:INFO: [TRAIN] Step: 194 ; Loss: 25.790 ; Acc: 43.440
2018-09-19 15:27:06,440:INFO: [TRAIN] Step: 195 ; Loss: 26.497 ; Acc: 43.474
2018-09-19 15:27:06,529:INFO: [TRAIN] Step: 196 ; Loss: 27.165 ; Acc: 43.507
2018-09-19 15:27:06,606:INFO: [TRAIN] Step: 197 ; Loss: 26.875 ; Acc: 43.540
2018-09-19 15:27:06,689:INFO: [TRAIN] Step: 198 ; Loss: 32.846 ; Acc: 43.509
2018-09-19 15:27:06,769:INFO: [TRAIN] Step: 199 ; Loss: 27.997 ; Acc: 43.458
2018-09-19 15:27:06,850:INFO: [TRAIN] Step: 200 ; Loss: 30.397 ; Acc: 43.470
2018-09-19 15:27:06,927:INFO: [TRAIN] Step: 201 ; Loss: 21.423 ; Acc: 43.544
2018-09-19 15:27:07,014:INFO: [TRAIN] Step: 202 ; Loss: 21.426 ; Acc: 43.637
2018-09-19 15:27:07,087:INFO: [TRAIN] Step: 203 ; Loss: 25.480 ; Acc: 43.689
2018-09-19 15:27:07,168:INFO: [TRAIN] Step: 204 ; Loss: 25.673 ; Acc: 43.720
2018-09-19 15:27:07,244:INFO: [TRAIN] Step: 205 ; Loss: 25.495 ; Acc: 43.750
2018-09-19 15:27:07,324:INFO: [TRAIN] Step: 206 ; Loss: 24.723 ; Acc: 43.720
2018-09-19 15:27:07,400:INFO: [TRAIN] Step: 207 ; Loss: 22.771 ; Acc: 43.810
2018-09-19 15:27:07,480:INFO: [TRAIN] Step: 208 ; Loss: 26.706 ; Acc: 43.860
2018-09-19 15:27:07,554:INFO: [TRAIN] Step: 209 ; Loss: 27.443 ; Acc: 43.869
2018-09-19 15:27:07,637:INFO: [TRAIN] Step: 210 ; Loss: 24.679 ; Acc: 43.918
2018-09-19 15:27:07,710:INFO: [TRAIN] Step: 211 ; Loss: 26.865 ; Acc: 43.947
2018-09-19 15:27:07,799:INFO: [TRAIN] Step: 212 ; Loss: 22.018 ; Acc: 43.995
2018-09-19 15:27:07,871:INFO: [TRAIN] Step: 213 ; Loss: 30.475 ; Acc: 43.964
2018-09-19 15:27:07,954:INFO: [TRAIN] Step: 214 ; Loss: 22.764 ; Acc: 44.012
2018-09-19 15:27:08,028:INFO: [TRAIN] Step: 215 ; Loss: 28.419 ; Acc: 44.001
2018-09-19 15:27:08,125:INFO: [TRAIN] Step: 216 ; Loss: 29.601 ; Acc: 43.971
2018-09-19 15:27:08,199:INFO: [TRAIN] Step: 217 ; Loss: 26.610 ; Acc: 43.903
2018-09-19 15:27:08,283:INFO: [TRAIN] Step: 218 ; Loss: 25.418 ; Acc: 43.912
2018-09-19 15:27:08,357:INFO: [TRAIN] Step: 219 ; Loss: 26.278 ; Acc: 43.883
2018-09-19 15:27:08,438:INFO: [TRAIN] Step: 220 ; Loss: 24.071 ; Acc: 43.929
2018-09-19 15:27:08,510:INFO: [TRAIN] Step: 221 ; Loss: 23.894 ; Acc: 44.013
2018-09-19 15:27:08,592:INFO: [TRAIN] Step: 222 ; Loss: 28.039 ; Acc: 44.021
2018-09-19 15:27:08,667:INFO: [TRAIN] Step: 223 ; Loss: 27.757 ; Acc: 44.010
2018-09-19 15:27:08,752:INFO: [TRAIN] Step: 224 ; Loss: 24.543 ; Acc: 44.111
2018-09-19 15:27:08,826:INFO: [TRAIN] Step: 225 ; Loss: 27.386 ; Acc: 44.082
2018-09-19 15:27:08,907:INFO: [TRAIN] Step: 226 ; Loss: 23.337 ; Acc: 44.108
2018-09-19 15:27:08,983:INFO: [TRAIN] Step: 227 ; Loss: 26.038 ; Acc: 44.079
2018-09-19 15:27:09,067:INFO: [TRAIN] Step: 228 ; Loss: 28.013 ; Acc: 44.068
2018-09-19 15:27:09,140:INFO: [TRAIN] Step: 229 ; Loss: 30.299 ; Acc: 44.022
2018-09-19 15:27:09,218:INFO: [TRAIN] Step: 230 ; Loss: 24.072 ; Acc: 44.048
2018-09-19 15:27:09,290:INFO: [TRAIN] Step: 231 ; Loss: 21.212 ; Acc: 44.091
2018-09-19 15:27:09,368:INFO: [TRAIN] Step: 232 ; Loss: 23.917 ; Acc: 44.188
2018-09-19 15:27:09,445:INFO: [TRAIN] Step: 233 ; Loss: 24.104 ; Acc: 44.249
2018-09-19 15:27:09,525:INFO: [TRAIN] Step: 234 ; Loss: 25.856 ; Acc: 44.238
2018-09-19 15:27:09,600:INFO: [TRAIN] Step: 235 ; Loss: 20.875 ; Acc: 44.333
2018-09-19 15:27:09,680:INFO: [TRAIN] Step: 236 ; Loss: 24.493 ; Acc: 44.321
2018-09-19 15:27:09,754:INFO: [TRAIN] Step: 237 ; Loss: 25.538 ; Acc: 44.328
2018-09-19 15:27:09,835:INFO: [TRAIN] Step: 238 ; Loss: 20.788 ; Acc: 44.386
2018-09-19 15:27:09,906:INFO: [TRAIN] Step: 239 ; Loss: 20.543 ; Acc: 44.497
2018-09-19 15:27:09,996:INFO: [TRAIN] Step: 240 ; Loss: 21.707 ; Acc: 44.519
2018-09-19 15:27:10,069:INFO: [TRAIN] Step: 241 ; Loss: 27.343 ; Acc: 44.456
2018-09-19 15:27:10,151:INFO: [TRAIN] Step: 242 ; Loss: 23.907 ; Acc: 44.444
2018-09-19 15:27:10,226:INFO: [TRAIN] Step: 243 ; Loss: 28.564 ; Acc: 44.467
2018-09-19 15:27:10,306:INFO: [TRAIN] Step: 244 ; Loss: 20.398 ; Acc: 44.473
2018-09-19 15:27:10,382:INFO: [TRAIN] Step: 245 ; Loss: 22.370 ; Acc: 44.580
2018-09-19 15:27:10,462:INFO: [TRAIN] Step: 246 ; Loss: 24.629 ; Acc: 44.585
2018-09-19 15:27:10,535:INFO: [TRAIN] Step: 247 ; Loss: 22.724 ; Acc: 44.657
2018-09-19 15:27:10,616:INFO: [TRAIN] Step: 248 ; Loss: 21.774 ; Acc: 44.762
2018-09-19 15:27:10,691:INFO: [TRAIN] Step: 249 ; Loss: 21.947 ; Acc: 44.783
2018-09-19 15:27:10,773:INFO: [TRAIN] Step: 250 ; Loss: 22.333 ; Acc: 44.788
2018-09-19 15:27:10,849:INFO: [TRAIN] Step: 251 ; Loss: 29.698 ; Acc: 44.759
2018-09-19 15:27:10,930:INFO: [TRAIN] Step: 252 ; Loss: 27.543 ; Acc: 44.746
2018-09-19 15:27:11,003:INFO: [TRAIN] Step: 253 ; Loss: 29.092 ; Acc: 44.751
2018-09-19 15:27:11,082:INFO: [TRAIN] Step: 254 ; Loss: 30.493 ; Acc: 44.690
2018-09-19 15:27:11,155:INFO: [TRAIN] Step: 255 ; Loss: 30.141 ; Acc: 44.645
2018-09-19 15:27:11,236:INFO: [TRAIN] Step: 256 ; Loss: 24.084 ; Acc: 44.650
2018-09-19 15:27:11,310:INFO: [TRAIN] Step: 257 ; Loss: 23.414 ; Acc: 44.687
2018-09-19 15:27:11,391:INFO: [TRAIN] Step: 258 ; Loss: 28.502 ; Acc: 44.659
2018-09-19 15:27:11,465:INFO: [TRAIN] Step: 259 ; Loss: 24.331 ; Acc: 44.679
2018-09-19 15:27:11,547:INFO: [TRAIN] Step: 260 ; Loss: 26.187 ; Acc: 44.700
2018-09-19 15:27:11,620:INFO: [TRAIN] Step: 261 ; Loss: 23.597 ; Acc: 44.720
2018-09-19 15:27:11,702:INFO: [TRAIN] Step: 262 ; Loss: 25.457 ; Acc: 44.693
2018-09-19 15:27:11,776:INFO: [TRAIN] Step: 263 ; Loss: 26.955 ; Acc: 44.681
2018-09-19 15:27:11,855:INFO: [TRAIN] Step: 264 ; Loss: 27.761 ; Acc: 44.686
2018-09-19 15:27:11,929:INFO: [TRAIN] Step: 265 ; Loss: 29.711 ; Acc: 44.690
2018-09-19 15:27:12,011:INFO: [TRAIN] Step: 266 ; Loss: 24.069 ; Acc: 44.757
2018-09-19 15:27:12,085:INFO: [TRAIN] Step: 267 ; Loss: 26.153 ; Acc: 44.792
2018-09-19 15:27:12,168:INFO: [TRAIN] Step: 268 ; Loss: 20.310 ; Acc: 44.873
2018-09-19 15:27:12,244:INFO: [TRAIN] Step: 269 ; Loss: 27.007 ; Acc: 44.861
2018-09-19 15:27:12,325:INFO: [TRAIN] Step: 270 ; Loss: 25.598 ; Acc: 44.834
2018-09-19 15:27:12,399:INFO: [TRAIN] Step: 271 ; Loss: 23.516 ; Acc: 44.884
2018-09-19 15:27:12,479:INFO: [TRAIN] Step: 272 ; Loss: 23.257 ; Acc: 44.902
2018-09-19 15:27:12,553:INFO: [TRAIN] Step: 273 ; Loss: 21.714 ; Acc: 44.936
2018-09-19 15:27:12,636:INFO: [TRAIN] Step: 274 ; Loss: 23.361 ; Acc: 45.000
2018-09-19 15:27:12,708:INFO: [TRAIN] Step: 275 ; Loss: 23.049 ; Acc: 45.003
2018-09-19 15:27:12,790:INFO: [TRAIN] Step: 276 ; Loss: 21.554 ; Acc: 45.021
2018-09-19 15:27:12,865:INFO: [TRAIN] Step: 277 ; Loss: 26.728 ; Acc: 45.024
2018-09-19 15:27:12,944:INFO: [TRAIN] Step: 278 ; Loss: 24.994 ; Acc: 45.042
2018-09-19 15:27:13,019:INFO: [TRAIN] Step: 279 ; Loss: 23.137 ; Acc: 45.119
2018-09-19 15:27:13,103:INFO: [TRAIN] Step: 280 ; Loss: 23.070 ; Acc: 45.151
2018-09-19 15:27:13,178:INFO: [TRAIN] Step: 281 ; Loss: 21.025 ; Acc: 45.154
2018-09-19 15:27:13,259:INFO: [TRAIN] Step: 282 ; Loss: 25.418 ; Acc: 45.156
2018-09-19 15:27:13,337:INFO: [TRAIN] Step: 283 ; Loss: 23.037 ; Acc: 45.217
2018-09-19 15:27:13,417:INFO: [TRAIN] Step: 284 ; Loss: 25.714 ; Acc: 45.190
2018-09-19 15:27:13,492:INFO: [TRAIN] Step: 285 ; Loss: 21.078 ; Acc: 45.294
2018-09-19 15:27:13,573:INFO: [TRAIN] Step: 286 ; Loss: 27.055 ; Acc: 45.253
2018-09-19 15:27:13,646:INFO: [TRAIN] Step: 287 ; Loss: 24.584 ; Acc: 45.269
2018-09-19 15:27:13,726:INFO: [TRAIN] Step: 288 ; Loss: 20.468 ; Acc: 45.300
2018-09-19 15:27:13,800:INFO: [TRAIN] Step: 289 ; Loss: 25.121 ; Acc: 45.302
2018-09-19 15:27:13,881:INFO: [TRAIN] Step: 290 ; Loss: 28.380 ; Acc: 45.275
2018-09-19 15:27:13,957:INFO: [TRAIN] Step: 291 ; Loss: 25.204 ; Acc: 45.263
2018-09-19 15:27:14,038:INFO: [TRAIN] Step: 292 ; Loss: 23.544 ; Acc: 45.265
2018-09-19 15:27:14,117:INFO: [TRAIN] Step: 293 ; Loss: 21.723 ; Acc: 45.281
2018-09-19 15:27:14,206:INFO: [TRAIN] Step: 294 ; Loss: 25.517 ; Acc: 45.254
2018-09-19 15:27:14,290:INFO: [TRAIN] Step: 295 ; Loss: 25.581 ; Acc: 45.214
2018-09-19 15:27:14,371:INFO: [TRAIN] Step: 296 ; Loss: 27.824 ; Acc: 45.230
2018-09-19 15:27:14,444:INFO: [TRAIN] Step: 297 ; Loss: 27.503 ; Acc: 45.302
2018-09-19 15:27:14,525:INFO: [TRAIN] Step: 298 ; Loss: 23.761 ; Acc: 45.401
2018-09-19 15:27:14,599:INFO: [TRAIN] Step: 299 ; Loss: 26.240 ; Acc: 45.431
2018-09-19 15:27:14,680:INFO: [TRAIN] Step: 300 ; Loss: 21.315 ; Acc: 45.473
2018-09-19 15:27:14,753:INFO: [TRAIN] Step: 301 ; Loss: 24.969 ; Acc: 45.475
2018-09-19 15:27:14,835:INFO: [TRAIN] Step: 302 ; Loss: 20.209 ; Acc: 45.490
2018-09-19 15:27:14,909:INFO: [TRAIN] Step: 303 ; Loss: 23.880 ; Acc: 45.518
2018-09-19 15:27:14,988:INFO: [TRAIN] Step: 304 ; Loss: 26.189 ; Acc: 45.533
2018-09-19 15:27:15,063:INFO: [TRAIN] Step: 305 ; Loss: 25.567 ; Acc: 45.547
2018-09-19 15:27:15,144:INFO: [TRAIN] Step: 306 ; Loss: 24.391 ; Acc: 45.575
2018-09-19 15:27:15,217:INFO: [TRAIN] Step: 307 ; Loss: 22.320 ; Acc: 45.630
2018-09-19 15:27:15,299:INFO: [TRAIN] Step: 308 ; Loss: 25.156 ; Acc: 45.672
2018-09-19 15:27:15,373:INFO: [TRAIN] Step: 309 ; Loss: 26.746 ; Acc: 45.726
2018-09-19 15:27:15,455:INFO: [TRAIN] Step: 310 ; Loss: 23.650 ; Acc: 45.673
2018-09-19 15:27:15,529:INFO: [TRAIN] Step: 311 ; Loss: 23.816 ; Acc: 45.686
2018-09-19 15:27:15,610:INFO: [TRAIN] Step: 312 ; Loss: 32.795 ; Acc: 45.674
2018-09-19 15:27:15,685:INFO: [TRAIN] Step: 313 ; Loss: 25.140 ; Acc: 45.661
2018-09-19 15:27:15,767:INFO: [TRAIN] Step: 314 ; Loss: 29.047 ; Acc: 45.622
2018-09-19 15:27:15,844:INFO: [TRAIN] Step: 315 ; Loss: 23.213 ; Acc: 45.649
2018-09-19 15:27:15,925:INFO: [TRAIN] Step: 316 ; Loss: 22.918 ; Acc: 45.636
2018-09-19 15:27:16,002:INFO: [TRAIN] Step: 317 ; Loss: 24.047 ; Acc: 45.702
2018-09-19 15:27:16,083:INFO: [TRAIN] Step: 318 ; Loss: 20.530 ; Acc: 45.768
2018-09-19 15:27:16,159:INFO: [TRAIN] Step: 319 ; Loss: 23.536 ; Acc: 45.742
2018-09-19 15:27:16,240:INFO: [TRAIN] Step: 320 ; Loss: 32.597 ; Acc: 45.665
2018-09-19 15:27:16,316:INFO: [TRAIN] Step: 321 ; Loss: 23.297 ; Acc: 45.678
2018-09-19 15:27:16,397:INFO: [TRAIN] Step: 322 ; Loss: 21.043 ; Acc: 45.666
2018-09-19 15:27:16,472:INFO: [TRAIN] Step: 323 ; Loss: 23.534 ; Acc: 45.679
2018-09-19 15:27:16,553:INFO: [TRAIN] Step: 324 ; Loss: 27.288 ; Acc: 45.667
2018-09-19 15:27:16,644:INFO: [TRAIN] Step: 325 ; Loss: 20.851 ; Acc: 45.744
2018-09-19 15:27:16,732:INFO: [TRAIN] Step: 326 ; Loss: 22.311 ; Acc: 45.757
2018-09-19 15:27:16,806:INFO: [TRAIN] Step: 327 ; Loss: 22.749 ; Acc: 45.783
2018-09-19 15:27:16,887:INFO: [TRAIN] Step: 328 ; Loss: 23.090 ; Acc: 45.833
2018-09-19 15:27:16,963:INFO: [TRAIN] Step: 329 ; Loss: 28.328 ; Acc: 45.795
2018-09-19 15:27:17,042:INFO: [TRAIN] Step: 330 ; Loss: 21.739 ; Acc: 45.821
2018-09-19 15:27:17,115:INFO: [TRAIN] Step: 331 ; Loss: 21.573 ; Acc: 45.858
2018-09-19 15:27:17,197:INFO: [TRAIN] Step: 332 ; Loss: 22.779 ; Acc: 45.896
2018-09-19 15:27:17,274:INFO: [TRAIN] Step: 333 ; Loss: 22.900 ; Acc: 45.946
2018-09-19 15:27:17,356:INFO: [TRAIN] Step: 334 ; Loss: 24.536 ; Acc: 45.920
2018-09-19 15:27:17,431:INFO: [TRAIN] Step: 335 ; Loss: 27.095 ; Acc: 45.895
2018-09-19 15:27:17,513:INFO: [TRAIN] Step: 336 ; Loss: 24.656 ; Acc: 45.957
2018-09-19 15:27:17,602:INFO: [TRAIN] Step: 337 ; Loss: 25.280 ; Acc: 45.994
2018-09-19 15:27:17,683:INFO: [TRAIN] Step: 338 ; Loss: 25.445 ; Acc: 45.993
2018-09-19 15:27:17,758:INFO: [TRAIN] Step: 339 ; Loss: 28.842 ; Acc: 45.968
2018-09-19 15:27:17,839:INFO: [TRAIN] Step: 340 ; Loss: 25.523 ; Acc: 46.017
2018-09-19 15:27:17,916:INFO: [TRAIN] Step: 341 ; Loss: 23.460 ; Acc: 46.065
2018-09-19 15:27:17,997:INFO: [TRAIN] Step: 342 ; Loss: 26.936 ; Acc: 46.125
2018-09-19 15:27:18,071:INFO: [TRAIN] Step: 343 ; Loss: 25.642 ; Acc: 46.100
2018-09-19 15:27:18,151:INFO: [TRAIN] Step: 344 ; Loss: 24.084 ; Acc: 46.087
2018-09-19 15:27:18,224:INFO: [TRAIN] Step: 345 ; Loss: 26.635 ; Acc: 46.098
2018-09-19 15:27:18,304:INFO: [TRAIN] Step: 346 ; Loss: 27.582 ; Acc: 46.085
2018-09-19 15:27:18,378:INFO: [TRAIN] Step: 347 ; Loss: 25.289 ; Acc: 46.121
2018-09-19 15:27:18,461:INFO: [TRAIN] Step: 348 ; Loss: 25.697 ; Acc: 46.144
2018-09-19 15:27:18,537:INFO: [TRAIN] Step: 349 ; Loss: 27.566 ; Acc: 46.083
2018-09-19 15:27:18,618:INFO: [TRAIN] Step: 350 ; Loss: 27.004 ; Acc: 46.047
2018-09-19 15:27:18,692:INFO: [TRAIN] Step: 351 ; Loss: 24.623 ; Acc: 46.070
2018-09-19 15:27:18,771:INFO: [TRAIN] Step: 352 ; Loss: 24.060 ; Acc: 46.081
2018-09-19 15:27:18,847:INFO: [TRAIN] Step: 353 ; Loss: 26.531 ; Acc: 46.092
2018-09-19 15:27:18,926:INFO: [TRAIN] Step: 354 ; Loss: 23.109 ; Acc: 46.080
2018-09-19 15:27:18,999:INFO: [TRAIN] Step: 355 ; Loss: 23.548 ; Acc: 46.114
2018-09-19 15:27:19,080:INFO: [TRAIN] Step: 356 ; Loss: 21.744 ; Acc: 46.125
2018-09-19 15:27:19,154:INFO: [TRAIN] Step: 357 ; Loss: 23.764 ; Acc: 46.136
2018-09-19 15:27:19,234:INFO: [TRAIN] Step: 358 ; Loss: 21.214 ; Acc: 46.193
2018-09-19 15:27:19,308:INFO: [TRAIN] Step: 359 ; Loss: 23.933 ; Acc: 46.215
2018-09-19 15:27:19,388:INFO: [TRAIN] Step: 360 ; Loss: 22.982 ; Acc: 46.237
2018-09-19 15:27:19,461:INFO: [TRAIN] Step: 361 ; Loss: 20.372 ; Acc: 46.225
2018-09-19 15:27:19,541:INFO: [TRAIN] Step: 362 ; Loss: 24.093 ; Acc: 46.201
2018-09-19 15:27:19,616:INFO: [TRAIN] Step: 363 ; Loss: 19.723 ; Acc: 46.234
2018-09-19 15:27:19,699:INFO: [TRAIN] Step: 364 ; Loss: 27.023 ; Acc: 46.233
2018-09-19 15:27:19,775:INFO: [TRAIN] Step: 365 ; Loss: 24.790 ; Acc: 46.232
2018-09-19 15:27:19,858:INFO: [TRAIN] Step: 366 ; Loss: 23.621 ; Acc: 46.253
2018-09-19 15:27:19,931:INFO: [TRAIN] Step: 367 ; Loss: 24.439 ; Acc: 46.230
2018-09-19 15:27:20,018:INFO: [TRAIN] Step: 368 ; Loss: 24.573 ; Acc: 46.206
2018-09-19 15:27:20,092:INFO: [TRAIN] Step: 369 ; Loss: 24.437 ; Acc: 46.227
2018-09-19 15:27:20,174:INFO: [TRAIN] Step: 370 ; Loss: 23.993 ; Acc: 46.193
2018-09-19 15:27:20,247:INFO: [TRAIN] Step: 371 ; Loss: 28.462 ; Acc: 46.181
2018-09-19 15:27:20,327:INFO: [TRAIN] Step: 372 ; Loss: 26.716 ; Acc: 46.180
2018-09-19 15:27:20,400:INFO: [TRAIN] Step: 373 ; Loss: 25.871 ; Acc: 46.190
2018-09-19 15:27:20,483:INFO: [TRAIN] Step: 374 ; Loss: 20.586 ; Acc: 46.211
2018-09-19 15:27:20,557:INFO: [TRAIN] Step: 375 ; Loss: 24.108 ; Acc: 46.221
2018-09-19 15:27:20,637:INFO: [TRAIN] Step: 376 ; Loss: 27.009 ; Acc: 46.220
2018-09-19 15:27:20,710:INFO: [TRAIN] Step: 377 ; Loss: 22.725 ; Acc: 46.285
2018-09-19 15:27:20,792:INFO: [TRAIN] Step: 378 ; Loss: 21.233 ; Acc: 46.328
2018-09-19 15:27:20,868:INFO: [TRAIN] Step: 379 ; Loss: 24.755 ; Acc: 46.338
2018-09-19 15:27:20,949:INFO: [TRAIN] Step: 380 ; Loss: 20.390 ; Acc: 46.380
2018-09-19 15:27:21,023:INFO: [TRAIN] Step: 381 ; Loss: 23.682 ; Acc: 46.401
2018-09-19 15:27:21,102:INFO: [TRAIN] Step: 382 ; Loss: 19.453 ; Acc: 46.421
2018-09-19 15:27:21,177:INFO: [TRAIN] Step: 383 ; Loss: 19.620 ; Acc: 46.463
2018-09-19 15:27:21,257:INFO: [TRAIN] Step: 384 ; Loss: 29.469 ; Acc: 46.450
2018-09-19 15:27:21,331:INFO: [TRAIN] Step: 385 ; Loss: 29.197 ; Acc: 46.416
2018-09-19 15:27:21,412:INFO: [TRAIN] Step: 386 ; Loss: 27.819 ; Acc: 46.393
2018-09-19 15:27:21,487:INFO: [TRAIN] Step: 387 ; Loss: 22.833 ; Acc: 46.392
2018-09-19 15:27:21,567:INFO: [TRAIN] Step: 388 ; Loss: 24.788 ; Acc: 46.412
2018-09-19 15:27:21,640:INFO: [TRAIN] Step: 389 ; Loss: 18.650 ; Acc: 46.485
2018-09-19 15:27:21,722:INFO: [TRAIN] Step: 390 ; Loss: 19.495 ; Acc: 46.537
2018-09-19 15:27:21,796:INFO: [TRAIN] Step: 391 ; Loss: 23.034 ; Acc: 46.588
2018-09-19 15:27:21,877:INFO: [TRAIN] Step: 392 ; Loss: 24.068 ; Acc: 46.607
2018-09-19 15:27:21,951:INFO: [TRAIN] Step: 393 ; Loss: 21.782 ; Acc: 46.626
2018-09-19 15:27:22,031:INFO: [TRAIN] Step: 394 ; Loss: 25.272 ; Acc: 46.646
2018-09-19 15:27:22,104:INFO: [TRAIN] Step: 395 ; Loss: 21.793 ; Acc: 46.665
2018-09-19 15:27:22,183:INFO: [TRAIN] Step: 396 ; Loss: 24.524 ; Acc: 46.683
2018-09-19 15:27:22,257:INFO: [TRAIN] Step: 397 ; Loss: 26.511 ; Acc: 46.639
2018-09-19 15:27:22,336:INFO: [TRAIN] Step: 398 ; Loss: 27.007 ; Acc: 46.617
2018-09-19 15:27:22,410:INFO: [TRAIN] Step: 399 ; Loss: 20.703 ; Acc: 46.635
2018-09-19 15:27:22,489:INFO: [TRAIN] Step: 400 ; Loss: 25.049 ; Acc: 46.602
2018-09-19 15:27:22,561:INFO: [TRAIN] Step: 401 ; Loss: 22.771 ; Acc: 46.611
2018-09-19 15:27:22,642:INFO: [TRAIN] Step: 402 ; Loss: 20.359 ; Acc: 46.650
2018-09-19 15:27:22,716:INFO: [TRAIN] Step: 403 ; Loss: 25.375 ; Acc: 46.669
2018-09-19 15:27:22,797:INFO: [TRAIN] Step: 404 ; Loss: 22.035 ; Acc: 46.667
2018-09-19 15:27:22,872:INFO: [TRAIN] Step: 405 ; Loss: 23.954 ; Acc: 46.685
2018-09-19 15:27:22,952:INFO: [TRAIN] Step: 406 ; Loss: 27.911 ; Acc: 46.673
2018-09-19 15:27:23,026:INFO: [TRAIN] Step: 407 ; Loss: 31.618 ; Acc: 46.681
2018-09-19 15:27:23,107:INFO: [TRAIN] Step: 408 ; Loss: 26.523 ; Acc: 46.679
2018-09-19 15:27:23,182:INFO: [TRAIN] Step: 409 ; Loss: 24.205 ; Acc: 46.687
2018-09-19 15:27:23,262:INFO: [TRAIN] Step: 410 ; Loss: 24.849 ; Acc: 46.655
2018-09-19 15:27:23,335:INFO: [TRAIN] Step: 411 ; Loss: 25.951 ; Acc: 46.653
2018-09-19 15:27:23,416:INFO: [TRAIN] Step: 412 ; Loss: 26.700 ; Acc: 46.640
2018-09-19 15:27:23,490:INFO: [TRAIN] Step: 413 ; Loss: 24.953 ; Acc: 46.659
2018-09-19 15:27:23,571:INFO: [TRAIN] Step: 414 ; Loss: 27.977 ; Acc: 46.677
2018-09-19 15:27:23,644:INFO: [TRAIN] Step: 415 ; Loss: 26.025 ; Acc: 46.655
2018-09-19 15:27:23,725:INFO: [TRAIN] Step: 416 ; Loss: 24.737 ; Acc: 46.683
2018-09-19 15:27:23,798:INFO: [TRAIN] Step: 417 ; Loss: 21.950 ; Acc: 46.730
2018-09-19 15:27:23,881:INFO: [TRAIN] Step: 418 ; Loss: 27.335 ; Acc: 46.758
2018-09-19 15:27:23,955:INFO: [TRAIN] Step: 419 ; Loss: 22.655 ; Acc: 46.796
2018-09-19 15:27:24,036:INFO: [TRAIN] Step: 420 ; Loss: 20.505 ; Acc: 46.793
2018-09-19 15:27:24,109:INFO: [TRAIN] Step: 421 ; Loss: 20.067 ; Acc: 46.840
2018-09-19 15:27:24,189:INFO: [TRAIN] Step: 422 ; Loss: 16.965 ; Acc: 46.868
2018-09-19 15:27:24,264:INFO: [TRAIN] Step: 423 ; Loss: 24.980 ; Acc: 46.846
2018-09-19 15:27:24,343:INFO: [TRAIN] Step: 424 ; Loss: 25.089 ; Acc: 46.833
2018-09-19 15:27:24,416:INFO: [TRAIN] Step: 425 ; Loss: 25.033 ; Acc: 46.821
2018-09-19 15:27:24,496:INFO: [TRAIN] Step: 426 ; Loss: 26.317 ; Acc: 46.829
2018-09-19 15:27:24,569:INFO: [TRAIN] Step: 427 ; Loss: 21.893 ; Acc: 46.846
2018-09-19 15:27:24,646:INFO: [TRAIN] Step: 428 ; Loss: 22.617 ; Acc: 46.843
2018-09-19 15:27:24,718:INFO: [TRAIN] Step: 429 ; Loss: 23.449 ; Acc: 46.909
2018-09-19 15:27:24,799:INFO: [TRAIN] Step: 430 ; Loss: 25.133 ; Acc: 46.906
2018-09-19 15:27:24,871:INFO: [TRAIN] Step: 431 ; Loss: 18.984 ; Acc: 46.962
2018-09-19 15:27:24,952:INFO: [TRAIN] Step: 432 ; Loss: 22.833 ; Acc: 46.959
2018-09-19 15:27:25,025:INFO: [TRAIN] Step: 433 ; Loss: 28.553 ; Acc: 46.957
2018-09-19 15:27:25,106:INFO: [TRAIN] Step: 434 ; Loss: 27.004 ; Acc: 46.964
2018-09-19 15:27:25,180:INFO: [TRAIN] Step: 435 ; Loss: 22.946 ; Acc: 46.961
2018-09-19 15:27:25,261:INFO: [TRAIN] Step: 436 ; Loss: 21.943 ; Acc: 46.997
2018-09-19 15:27:25,336:INFO: [TRAIN] Step: 437 ; Loss: 23.558 ; Acc: 46.984
2018-09-19 15:27:25,418:INFO: [TRAIN] Step: 438 ; Loss: 18.283 ; Acc: 47.029
2018-09-19 15:27:25,495:INFO: [TRAIN] Step: 439 ; Loss: 25.365 ; Acc: 47.017
2018-09-19 15:27:25,578:INFO: [TRAIN] Step: 440 ; Loss: 25.982 ; Acc: 47.024
2018-09-19 15:27:25,654:INFO: [TRAIN] Step: 441 ; Loss: 25.227 ; Acc: 47.021
2018-09-19 15:27:25,734:INFO: [TRAIN] Step: 442 ; Loss: 24.608 ; Acc: 47.028
2018-09-19 15:27:25,810:INFO: [TRAIN] Step: 443 ; Loss: 21.506 ; Acc: 47.072
2018-09-19 15:27:25,891:INFO: [TRAIN] Step: 444 ; Loss: 26.867 ; Acc: 47.060
2018-09-19 15:27:25,964:INFO: [TRAIN] Step: 445 ; Loss: 24.603 ; Acc: 47.076
2018-09-19 15:27:26,044:INFO: [TRAIN] Step: 446 ; Loss: 29.955 ; Acc: 47.082
2018-09-19 15:27:26,119:INFO: [TRAIN] Step: 447 ; Loss: 29.549 ; Acc: 47.070
2018-09-19 15:27:26,201:INFO: [TRAIN] Step: 448 ; Loss: 22.118 ; Acc: 47.086
2018-09-19 15:27:26,277:INFO: [TRAIN] Step: 449 ; Loss: 27.517 ; Acc: 47.065
2018-09-19 15:27:26,357:INFO: [TRAIN] Step: 450 ; Loss: 25.473 ; Acc: 47.044
2018-09-19 15:27:26,429:INFO: [TRAIN] Step: 451 ; Loss: 17.550 ; Acc: 47.069
2018-09-19 15:27:26,511:INFO: [TRAIN] Step: 452 ; Loss: 18.752 ; Acc: 47.121
2018-09-19 15:27:26,583:INFO: [TRAIN] Step: 453 ; Loss: 19.928 ; Acc: 47.155
2018-09-19 15:27:26,667:INFO: [TRAIN] Step: 454 ; Loss: 20.924 ; Acc: 47.207
2018-09-19 15:27:26,741:INFO: [TRAIN] Step: 455 ; Loss: 22.719 ; Acc: 47.231
2018-09-19 15:27:26,822:INFO: [TRAIN] Step: 456 ; Loss: 24.244 ; Acc: 47.247
2018-09-19 15:27:26,897:INFO: [TRAIN] Step: 457 ; Loss: 21.092 ; Acc: 47.271
2018-09-19 15:27:26,979:INFO: [TRAIN] Step: 458 ; Loss: 18.700 ; Acc: 47.322
2018-09-19 15:27:27,051:INFO: [TRAIN] Step: 459 ; Loss: 24.750 ; Acc: 47.328
2018-09-19 15:27:27,132:INFO: [TRAIN] Step: 460 ; Loss: 26.008 ; Acc: 47.307
2018-09-19 15:27:27,207:INFO: [TRAIN] Step: 461 ; Loss: 27.398 ; Acc: 47.294
2018-09-19 15:27:27,289:INFO: [TRAIN] Step: 462 ; Loss: 19.004 ; Acc: 47.318
2018-09-19 15:27:27,363:INFO: [TRAIN] Step: 463 ; Loss: 25.614 ; Acc: 47.333
2018-09-19 15:27:27,444:INFO: [TRAIN] Step: 464 ; Loss: 26.786 ; Acc: 47.339
2018-09-19 15:27:27,518:INFO: [TRAIN] Step: 465 ; Loss: 21.279 ; Acc: 47.371
2018-09-19 15:27:27,598:INFO: [TRAIN] Step: 466 ; Loss: 24.247 ; Acc: 47.404
2018-09-19 15:27:27,673:INFO: [TRAIN] Step: 467 ; Loss: 18.437 ; Acc: 47.472
2018-09-19 15:27:27,752:INFO: [TRAIN] Step: 468 ; Loss: 20.237 ; Acc: 47.495
2018-09-19 15:27:27,828:INFO: [TRAIN] Step: 469 ; Loss: 19.300 ; Acc: 47.544
2018-09-19 15:27:27,908:INFO: [TRAIN] Step: 470 ; Loss: 22.126 ; Acc: 47.558
2018-09-19 15:27:27,980:INFO: [TRAIN] Step: 471 ; Loss: 20.684 ; Acc: 47.581
2018-09-19 15:27:28,062:INFO: [TRAIN] Step: 472 ; Loss: 19.491 ; Acc: 47.604
2018-09-19 15:27:28,139:INFO: [TRAIN] Step: 473 ; Loss: 20.198 ; Acc: 47.635
2018-09-19 15:27:28,218:INFO: [TRAIN] Step: 474 ; Loss: 24.184 ; Acc: 47.640
2018-09-19 15:27:28,293:INFO: [TRAIN] Step: 475 ; Loss: 24.131 ; Acc: 47.654
2018-09-19 15:27:28,375:INFO: [TRAIN] Step: 476 ; Loss: 19.760 ; Acc: 47.694
2018-09-19 15:27:28,447:INFO: [TRAIN] Step: 477 ; Loss: 21.996 ; Acc: 47.699
2018-09-19 15:27:28,528:INFO: [TRAIN] Step: 478 ; Loss: 24.580 ; Acc: 47.704
2018-09-19 15:27:28,604:INFO: [TRAIN] Step: 479 ; Loss: 20.406 ; Acc: 47.734
2018-09-19 15:27:28,684:INFO: [TRAIN] Step: 480 ; Loss: 22.381 ; Acc: 47.765
2018-09-19 15:27:28,759:INFO: [TRAIN] Step: 481 ; Loss: 23.797 ; Acc: 47.735
2018-09-19 15:27:28,837:INFO: [TRAIN] Step: 482 ; Loss: 22.595 ; Acc: 47.748
2018-09-19 15:27:28,910:INFO: [TRAIN] Step: 483 ; Loss: 23.432 ; Acc: 47.762
2018-09-19 15:27:28,989:INFO: [TRAIN] Step: 484 ; Loss: 27.985 ; Acc: 47.741
2018-09-19 15:27:29,062:INFO: [TRAIN] Step: 485 ; Loss: 22.133 ; Acc: 47.754
2018-09-19 15:27:29,143:INFO: [TRAIN] Step: 486 ; Loss: 19.244 ; Acc: 47.784
2018-09-19 15:27:29,216:INFO: [TRAIN] Step: 487 ; Loss: 21.572 ; Acc: 47.814
2018-09-19 15:27:29,294:INFO: [TRAIN] Step: 488 ; Loss: 21.845 ; Acc: 47.827
2018-09-19 15:27:29,369:INFO: [TRAIN] Step: 489 ; Loss: 22.684 ; Acc: 47.849
2018-09-19 15:27:29,448:INFO: [TRAIN] Step: 490 ; Loss: 19.611 ; Acc: 47.878
2018-09-19 15:27:29,523:INFO: [TRAIN] Step: 491 ; Loss: 24.974 ; Acc: 47.900
2018-09-19 15:27:29,602:INFO: [TRAIN] Step: 492 ; Loss: 22.728 ; Acc: 47.887
2018-09-19 15:27:29,675:INFO: [TRAIN] Step: 493 ; Loss: 22.653 ; Acc: 47.874
2018-09-19 15:27:29,755:INFO: [TRAIN] Step: 494 ; Loss: 25.838 ; Acc: 47.845
2018-09-19 15:27:29,828:INFO: [TRAIN] Step: 495 ; Loss: 17.576 ; Acc: 47.925
2018-09-19 15:27:29,908:INFO: [TRAIN] Step: 496 ; Loss: 22.891 ; Acc: 47.946
2018-09-19 15:27:29,981:INFO: [TRAIN] Step: 497 ; Loss: 24.616 ; Acc: 47.917
2018-09-19 15:27:30,069:INFO: [TRAIN] Step: 498 ; Loss: 20.385 ; Acc: 47.912
2018-09-19 15:27:30,143:INFO: [TRAIN] Step: 499 ; Loss: 19.508 ; Acc: 47.950
2018-09-19 15:27:30,223:INFO: [TRAIN] Step: 500 ; Loss: 24.700 ; Acc: 47.954
2018-09-19 15:27:30,298:INFO: [TRAIN] Step: 501 ; Loss: 22.045 ; Acc: 47.966
2018-09-19 15:27:30,379:INFO: [TRAIN] Step: 502 ; Loss: 18.768 ; Acc: 48.020
2018-09-19 15:27:30,454:INFO: [TRAIN] Step: 503 ; Loss: 24.248 ; Acc: 48.032
2018-09-19 15:27:30,536:INFO: [TRAIN] Step: 504 ; Loss: 27.224 ; Acc: 48.020
2018-09-19 15:27:30,614:INFO: [TRAIN] Step: 505 ; Loss: 27.872 ; Acc: 48.007
2018-09-19 15:27:30,694:INFO: [TRAIN] Step: 506 ; Loss: 20.966 ; Acc: 48.019
2018-09-19 15:27:30,769:INFO: [TRAIN] Step: 507 ; Loss: 20.266 ; Acc: 48.015
2018-09-19 15:27:30,848:INFO: [TRAIN] Step: 508 ; Loss: 20.560 ; Acc: 48.019
2018-09-19 15:27:30,920:INFO: [TRAIN] Step: 509 ; Loss: 24.840 ; Acc: 48.015
2018-09-19 15:27:31,000:INFO: [TRAIN] Step: 510 ; Loss: 22.098 ; Acc: 48.035
2018-09-19 15:27:31,074:INFO: [TRAIN] Step: 511 ; Loss: 26.788 ; Acc: 48.014
2018-09-19 15:27:31,155:INFO: [TRAIN] Step: 512 ; Loss: 24.018 ; Acc: 48.002
2018-09-19 15:27:31,231:INFO: [TRAIN] Step: 513 ; Loss: 25.709 ; Acc: 47.998
2018-09-19 15:27:31,311:INFO: [TRAIN] Step: 514 ; Loss: 25.451 ; Acc: 48.010
2018-09-19 15:27:31,384:INFO: [TRAIN] Step: 515 ; Loss: 21.037 ; Acc: 48.030
2018-09-19 15:27:31,465:INFO: [TRAIN] Step: 516 ; Loss: 24.908 ; Acc: 48.042
2018-09-19 15:27:31,540:INFO: [TRAIN] Step: 517 ; Loss: 21.680 ; Acc: 48.061
2018-09-19 15:27:31,622:INFO: [TRAIN] Step: 518 ; Loss: 26.554 ; Acc: 48.049
2018-09-19 15:27:31,696:INFO: [TRAIN] Step: 519 ; Loss: 22.319 ; Acc: 48.037
2018-09-19 15:27:31,779:INFO: [TRAIN] Step: 520 ; Loss: 26.221 ; Acc: 48.009
2018-09-19 15:27:31,854:INFO: [TRAIN] Step: 521 ; Loss: 20.223 ; Acc: 48.012
2018-09-19 15:27:31,938:INFO: [TRAIN] Step: 522 ; Loss: 25.351 ; Acc: 48.000
2018-09-19 15:27:32,013:INFO: [TRAIN] Step: 523 ; Loss: 20.727 ; Acc: 48.036
2018-09-19 15:27:32,095:INFO: [TRAIN] Step: 524 ; Loss: 20.543 ; Acc: 48.048
2018-09-19 15:27:32,168:INFO: [TRAIN] Step: 525 ; Loss: 22.915 ; Acc: 48.091
2018-09-19 15:27:32,245:INFO: [TRAIN] Step: 526 ; Loss: 21.077 ; Acc: 48.095
2018-09-19 15:27:32,318:INFO: [TRAIN] Step: 527 ; Loss: 20.020 ; Acc: 48.130
2018-09-19 15:27:32,399:INFO: [TRAIN] Step: 528 ; Loss: 23.643 ; Acc: 48.141
2018-09-19 15:27:32,472:INFO: [TRAIN] Step: 529 ; Loss: 25.656 ; Acc: 48.113
2018-09-19 15:27:32,553:INFO: [TRAIN] Step: 530 ; Loss: 25.492 ; Acc: 48.117
2018-09-19 15:27:32,626:INFO: [TRAIN] Step: 531 ; Loss: 23.491 ; Acc: 48.097
2018-09-19 15:27:32,706:INFO: [TRAIN] Step: 532 ; Loss: 26.382 ; Acc: 48.100
2018-09-19 15:27:32,780:INFO: [TRAIN] Step: 533 ; Loss: 20.609 ; Acc: 48.127
2018-09-19 15:27:32,862:INFO: [TRAIN] Step: 534 ; Loss: 21.974 ; Acc: 48.131
2018-09-19 15:27:32,935:INFO: [TRAIN] Step: 535 ; Loss: 24.613 ; Acc: 48.142
2018-09-19 15:27:33,014:INFO: [TRAIN] Step: 536 ; Loss: 27.116 ; Acc: 48.115
2018-09-19 15:27:33,088:INFO: [TRAIN] Step: 537 ; Loss: 19.250 ; Acc: 48.157
2018-09-19 15:27:33,170:INFO: [TRAIN] Step: 538 ; Loss: 24.857 ; Acc: 48.168
2018-09-19 15:27:33,245:INFO: [TRAIN] Step: 539 ; Loss: 26.495 ; Acc: 48.187
2018-09-19 15:27:33,326:INFO: [TRAIN] Step: 540 ; Loss: 24.540 ; Acc: 48.198
2018-09-19 15:27:33,398:INFO: [TRAIN] Step: 541 ; Loss: 20.848 ; Acc: 48.240
2018-09-19 15:27:33,477:INFO: [TRAIN] Step: 542 ; Loss: 22.319 ; Acc: 48.227
2018-09-19 15:27:33,549:INFO: [TRAIN] Step: 543 ; Loss: 23.343 ; Acc: 48.215
2018-09-19 15:27:33,631:INFO: [TRAIN] Step: 544 ; Loss: 20.342 ; Acc: 48.226
2018-09-19 15:27:33,707:INFO: [TRAIN] Step: 545 ; Loss: 21.185 ; Acc: 48.222
2018-09-19 15:27:33,787:INFO: [TRAIN] Step: 546 ; Loss: 23.866 ; Acc: 48.225
2018-09-19 15:27:33,876:INFO: [TRAIN] Step: 547 ; Loss: 25.146 ; Acc: 48.206
2018-09-19 15:27:33,957:INFO: [TRAIN] Step: 548 ; Loss: 25.462 ; Acc: 48.201
2018-09-19 15:27:34,030:INFO: [TRAIN] Step: 549 ; Loss: 23.590 ; Acc: 48.212
2018-09-19 15:27:34,110:INFO: [TRAIN] Step: 550 ; Loss: 18.775 ; Acc: 48.238
2018-09-19 15:27:34,184:INFO: [TRAIN] Step: 551 ; Loss: 21.089 ; Acc: 48.241
2018-09-19 15:27:34,265:INFO: [TRAIN] Step: 552 ; Loss: 18.166 ; Acc: 48.252
2018-09-19 15:27:34,339:INFO: [TRAIN] Step: 553 ; Loss: 22.573 ; Acc: 48.240
2018-09-19 15:27:34,419:INFO: [TRAIN] Step: 554 ; Loss: 22.669 ; Acc: 48.236
2018-09-19 15:27:34,492:INFO: [TRAIN] Step: 555 ; Loss: 24.862 ; Acc: 48.239
2018-09-19 15:27:34,572:INFO: [TRAIN] Step: 556 ; Loss: 26.371 ; Acc: 48.220
2018-09-19 15:27:34,645:INFO: [TRAIN] Step: 557 ; Loss: 22.778 ; Acc: 48.223
2018-09-19 15:27:34,725:INFO: [TRAIN] Step: 558 ; Loss: 25.075 ; Acc: 48.219
2018-09-19 15:27:34,798:INFO: [TRAIN] Step: 559 ; Loss: 25.606 ; Acc: 48.229
2018-09-19 15:27:34,879:INFO: [TRAIN] Step: 560 ; Loss: 24.199 ; Acc: 48.240
2018-09-19 15:27:34,954:INFO: [TRAIN] Step: 561 ; Loss: 25.145 ; Acc: 48.243
2018-09-19 15:27:35,034:INFO: [TRAIN] Step: 562 ; Loss: 23.403 ; Acc: 48.231
2018-09-19 15:27:35,106:INFO: [TRAIN] Step: 563 ; Loss: 21.035 ; Acc: 48.264
2018-09-19 15:27:35,186:INFO: [TRAIN] Step: 564 ; Loss: 18.131 ; Acc: 48.289
2018-09-19 15:27:35,258:INFO: [TRAIN] Step: 565 ; Loss: 25.263 ; Acc: 48.277
2018-09-19 15:27:35,340:INFO: [TRAIN] Step: 566 ; Loss: 23.775 ; Acc: 48.266
2018-09-19 15:27:35,414:INFO: [TRAIN] Step: 567 ; Loss: 25.974 ; Acc: 48.269
2018-09-19 15:27:35,495:INFO: [TRAIN] Step: 568 ; Loss: 24.991 ; Acc: 48.272
2018-09-19 15:27:35,570:INFO: [TRAIN] Step: 569 ; Loss: 21.010 ; Acc: 48.297
2018-09-19 15:27:35,651:INFO: [TRAIN] Step: 570 ; Loss: 15.497 ; Acc: 48.358
2018-09-19 15:27:35,725:INFO: [TRAIN] Step: 571 ; Loss: 24.146 ; Acc: 48.383
2018-09-19 15:27:35,810:INFO: [TRAIN] Step: 572 ; Loss: 22.606 ; Acc: 48.408
2018-09-19 15:27:35,883:INFO: [TRAIN] Step: 573 ; Loss: 27.434 ; Acc: 48.396
2018-09-19 15:27:35,963:INFO: [TRAIN] Step: 574 ; Loss: 24.658 ; Acc: 48.391
2018-09-19 15:27:36,037:INFO: [TRAIN] Step: 575 ; Loss: 23.688 ; Acc: 48.409
2018-09-19 15:27:36,118:INFO: [TRAIN] Step: 576 ; Loss: 25.059 ; Acc: 48.404
2018-09-19 15:27:36,194:INFO: [TRAIN] Step: 577 ; Loss: 21.618 ; Acc: 48.421
2018-09-19 15:27:36,275:INFO: [TRAIN] Step: 578 ; Loss: 21.762 ; Acc: 48.438
2018-09-19 15:27:36,348:INFO: [TRAIN] Step: 579 ; Loss: 16.523 ; Acc: 48.455
2018-09-19 15:27:36,429:INFO: [TRAIN] Step: 580 ; Loss: 23.250 ; Acc: 48.465
2018-09-19 15:27:36,505:INFO: [TRAIN] Step: 581 ; Loss: 23.793 ; Acc: 48.482
2018-09-19 15:27:36,585:INFO: [TRAIN] Step: 582 ; Loss: 24.460 ; Acc: 48.499
2018-09-19 15:27:36,659:INFO: [TRAIN] Step: 583 ; Loss: 26.248 ; Acc: 48.487
2018-09-19 15:27:36,742:INFO: [TRAIN] Step: 584 ; Loss: 22.263 ; Acc: 48.504
2018-09-19 15:27:36,818:INFO: [TRAIN] Step: 585 ; Loss: 23.306 ; Acc: 48.507
2018-09-19 15:27:36,898:INFO: [TRAIN] Step: 586 ; Loss: 24.661 ; Acc: 48.524
2018-09-19 15:27:36,971:INFO: [TRAIN] Step: 587 ; Loss: 23.010 ; Acc: 48.512
2018-09-19 15:27:37,050:INFO: [TRAIN] Step: 588 ; Loss: 19.417 ; Acc: 48.522
2018-09-19 15:27:37,123:INFO: [TRAIN] Step: 589 ; Loss: 27.690 ; Acc: 48.503
2018-09-19 15:27:37,203:INFO: [TRAIN] Step: 590 ; Loss: 23.764 ; Acc: 48.491
2018-09-19 15:27:37,277:INFO: [TRAIN] Step: 591 ; Loss: 28.890 ; Acc: 48.459
2018-09-19 15:27:37,357:INFO: [TRAIN] Step: 592 ; Loss: 19.021 ; Acc: 48.489
2018-09-19 15:27:37,432:INFO: [TRAIN] Step: 593 ; Loss: 26.379 ; Acc: 48.457
2018-09-19 15:27:37,514:INFO: [TRAIN] Step: 594 ; Loss: 20.521 ; Acc: 48.473
2018-09-19 15:27:37,588:INFO: [TRAIN] Step: 595 ; Loss: 24.659 ; Acc: 48.476
2018-09-19 15:27:37,669:INFO: [TRAIN] Step: 596 ; Loss: 18.982 ; Acc: 48.492
2018-09-19 15:27:37,743:INFO: [TRAIN] Step: 597 ; Loss: 20.269 ; Acc: 48.509
2018-09-19 15:27:37,823:INFO: [TRAIN] Step: 598 ; Loss: 22.521 ; Acc: 48.539
2018-09-19 15:27:37,897:INFO: [TRAIN] Step: 599 ; Loss: 25.089 ; Acc: 48.556
2018-09-19 15:27:37,976:INFO: [TRAIN] Step: 600 ; Loss: 23.301 ; Acc: 48.551
2018-09-19 15:27:38,050:INFO: [TRAIN] Step: 601 ; Loss: 22.457 ; Acc: 48.581
2018-09-19 15:27:38,131:INFO: [TRAIN] Step: 602 ; Loss: 19.617 ; Acc: 48.611
2018-09-19 15:27:38,204:INFO: [TRAIN] Step: 603 ; Loss: 26.180 ; Acc: 48.600
2018-09-19 15:27:38,285:INFO: [TRAIN] Step: 604 ; Loss: 21.867 ; Acc: 48.588
2018-09-19 15:27:38,359:INFO: [TRAIN] Step: 605 ; Loss: 19.321 ; Acc: 48.632
2018-09-19 15:27:38,439:INFO: [TRAIN] Step: 606 ; Loss: 18.733 ; Acc: 48.668
2018-09-19 15:27:38,513:INFO: [TRAIN] Step: 607 ; Loss: 22.031 ; Acc: 48.677
2018-09-19 15:27:38,594:INFO: [TRAIN] Step: 608 ; Loss: 19.661 ; Acc: 48.673
2018-09-19 15:27:38,667:INFO: [TRAIN] Step: 609 ; Loss: 25.773 ; Acc: 48.661
2018-09-19 15:27:38,748:INFO: [TRAIN] Step: 610 ; Loss: 23.664 ; Acc: 48.643
2018-09-19 15:27:38,823:INFO: [TRAIN] Step: 611 ; Loss: 30.084 ; Acc: 48.632
2018-09-19 15:27:38,904:INFO: [TRAIN] Step: 612 ; Loss: 23.901 ; Acc: 48.627
2018-09-19 15:27:38,977:INFO: [TRAIN] Step: 613 ; Loss: 19.735 ; Acc: 48.650
2018-09-19 15:27:39,057:INFO: [TRAIN] Step: 614 ; Loss: 20.636 ; Acc: 48.672
2018-09-19 15:27:39,129:INFO: [TRAIN] Step: 615 ; Loss: 19.876 ; Acc: 48.695
2018-09-19 15:27:39,209:INFO: [TRAIN] Step: 616 ; Loss: 26.094 ; Acc: 48.683
2018-09-19 15:27:39,283:INFO: [TRAIN] Step: 617 ; Loss: 19.800 ; Acc: 48.699
2018-09-19 15:27:39,365:INFO: [TRAIN] Step: 618 ; Loss: 20.698 ; Acc: 48.721
2018-09-19 15:27:39,437:INFO: [TRAIN] Step: 619 ; Loss: 29.948 ; Acc: 48.683
2018-09-19 15:27:39,518:INFO: [TRAIN] Step: 620 ; Loss: 24.073 ; Acc: 48.698
2018-09-19 15:27:39,594:INFO: [TRAIN] Step: 621 ; Loss: 22.048 ; Acc: 48.721
2018-09-19 15:27:39,674:INFO: [TRAIN] Step: 622 ; Loss: 25.422 ; Acc: 48.723
2018-09-19 15:27:39,748:INFO: [TRAIN] Step: 623 ; Loss: 23.700 ; Acc: 48.731
2018-09-19 15:27:39,828:INFO: [TRAIN] Step: 624 ; Loss: 20.273 ; Acc: 48.747
2018-09-19 15:27:39,901:INFO: [TRAIN] Step: 625 ; Loss: 25.629 ; Acc: 48.749
2018-09-19 15:27:39,982:INFO: [TRAIN] Step: 626 ; Loss: 25.682 ; Acc: 48.744
2018-09-19 15:27:40,059:INFO: [TRAIN] Step: 627 ; Loss: 29.003 ; Acc: 48.739
2018-09-19 15:27:40,140:INFO: [TRAIN] Step: 628 ; Loss: 23.806 ; Acc: 48.735
2018-09-19 15:27:40,214:INFO: [TRAIN] Step: 629 ; Loss: 22.543 ; Acc: 48.743
2018-09-19 15:27:40,295:INFO: [TRAIN] Step: 630 ; Loss: 22.198 ; Acc: 48.759
2018-09-19 15:27:40,371:INFO: [TRAIN] Step: 631 ; Loss: 26.895 ; Acc: 48.754
2018-09-19 15:27:40,453:INFO: [TRAIN] Step: 632 ; Loss: 23.482 ; Acc: 48.756
2018-09-19 15:27:40,527:INFO: [TRAIN] Step: 633 ; Loss: 21.928 ; Acc: 48.758
2018-09-19 15:27:40,607:INFO: [TRAIN] Step: 634 ; Loss: 20.004 ; Acc: 48.766
2018-09-19 15:27:40,680:INFO: [TRAIN] Step: 635 ; Loss: 19.931 ; Acc: 48.781
2018-09-19 15:27:40,759:INFO: [TRAIN] Step: 636 ; Loss: 20.389 ; Acc: 48.803
2018-09-19 15:27:40,837:INFO: [TRAIN] Step: 637 ; Loss: 21.651 ; Acc: 48.824
2018-09-19 15:27:40,918:INFO: [TRAIN] Step: 638 ; Loss: 26.054 ; Acc: 48.813
2018-09-19 15:27:40,994:INFO: [TRAIN] Step: 639 ; Loss: 21.302 ; Acc: 48.822
2018-09-19 15:27:41,075:INFO: [TRAIN] Step: 640 ; Loss: 17.676 ; Acc: 48.836
2018-09-19 15:27:41,149:INFO: [TRAIN] Step: 641 ; Loss: 30.460 ; Acc: 48.812
2018-09-19 15:27:41,229:INFO: [TRAIN] Step: 642 ; Loss: 26.254 ; Acc: 48.808
2018-09-19 15:27:41,304:INFO: [TRAIN] Step: 643 ; Loss: 26.349 ; Acc: 48.790
2018-09-19 15:27:41,385:INFO: [TRAIN] Step: 644 ; Loss: 22.852 ; Acc: 48.798
2018-09-19 15:27:41,459:INFO: [TRAIN] Step: 645 ; Loss: 23.742 ; Acc: 48.820
2018-09-19 15:27:41,540:INFO: [TRAIN] Step: 646 ; Loss: 23.203 ; Acc: 48.828
2018-09-19 15:27:41,612:INFO: [TRAIN] Step: 647 ; Loss: 24.051 ; Acc: 48.843
2018-09-19 15:27:41,691:INFO: [TRAIN] Step: 648 ; Loss: 21.208 ; Acc: 48.851
2018-09-19 15:27:41,763:INFO: [TRAIN] Step: 649 ; Loss: 20.972 ; Acc: 48.885
2018-09-19 15:27:41,843:INFO: [TRAIN] Step: 650 ; Loss: 22.481 ; Acc: 48.906
2018-09-19 15:27:41,917:INFO: [TRAIN] Step: 651 ; Loss: 24.100 ; Acc: 48.901
2018-09-19 15:27:41,998:INFO: [TRAIN] Step: 652 ; Loss: 22.549 ; Acc: 48.903
2018-09-19 15:27:42,071:INFO: [TRAIN] Step: 653 ; Loss: 23.705 ; Acc: 48.904
2018-09-19 15:27:42,154:INFO: [TRAIN] Step: 654 ; Loss: 25.494 ; Acc: 48.887
2018-09-19 15:27:42,227:INFO: [TRAIN] Step: 655 ; Loss: 21.766 ; Acc: 48.895
2018-09-19 15:27:42,307:INFO: [TRAIN] Step: 656 ; Loss: 21.346 ; Acc: 48.916
2018-09-19 15:27:42,379:INFO: [TRAIN] Step: 657 ; Loss: 20.532 ; Acc: 48.917
2018-09-19 15:27:42,459:INFO: [TRAIN] Step: 658 ; Loss: 27.168 ; Acc: 48.906
2018-09-19 15:27:42,533:INFO: [TRAIN] Step: 659 ; Loss: 23.087 ; Acc: 48.920
2018-09-19 15:27:42,614:INFO: [TRAIN] Step: 660 ; Loss: 16.834 ; Acc: 48.954
2018-09-19 15:27:42,689:INFO: [TRAIN] Step: 661 ; Loss: 25.866 ; Acc: 48.930
2018-09-19 15:27:42,770:INFO: [TRAIN] Step: 662 ; Loss: 24.971 ; Acc: 48.938
2018-09-19 15:27:42,842:INFO: [TRAIN] Step: 663 ; Loss: 21.094 ; Acc: 48.927
2018-09-19 15:27:42,923:INFO: [TRAIN] Step: 664 ; Loss: 22.878 ; Acc: 48.904
2018-09-19 15:27:42,995:INFO: [TRAIN] Step: 665 ; Loss: 22.716 ; Acc: 48.924
2018-09-19 15:27:43,076:INFO: [TRAIN] Step: 666 ; Loss: 22.098 ; Acc: 48.913
2018-09-19 15:27:43,148:INFO: [TRAIN] Step: 667 ; Loss: 23.814 ; Acc: 48.927
2018-09-19 15:27:43,233:INFO: [TRAIN] Step: 668 ; Loss: 22.084 ; Acc: 48.935
2018-09-19 15:27:43,308:INFO: [TRAIN] Step: 669 ; Loss: 25.794 ; Acc: 48.924
2018-09-19 15:27:43,387:INFO: [TRAIN] Step: 670 ; Loss: 19.153 ; Acc: 48.938
2018-09-19 15:27:43,463:INFO: [TRAIN] Step: 671 ; Loss: 19.337 ; Acc: 48.971
2018-09-19 15:27:43,544:INFO: [TRAIN] Step: 672 ; Loss: 21.008 ; Acc: 48.966
2018-09-19 15:27:43,619:INFO: [TRAIN] Step: 673 ; Loss: 20.814 ; Acc: 48.980
2018-09-19 15:27:43,700:INFO: [TRAIN] Step: 674 ; Loss: 21.497 ; Acc: 48.981
2018-09-19 15:27:43,773:INFO: [TRAIN] Step: 675 ; Loss: 23.952 ; Acc: 48.989
2018-09-19 15:27:43,854:INFO: [TRAIN] Step: 676 ; Loss: 25.315 ; Acc: 48.966
2018-09-19 15:27:43,928:INFO: [TRAIN] Step: 677 ; Loss: 17.591 ; Acc: 48.986
2018-09-19 15:27:44,010:INFO: [TRAIN] Step: 678 ; Loss: 19.662 ; Acc: 49.006
2018-09-19 15:27:44,083:INFO: [TRAIN] Step: 679 ; Loss: 22.448 ; Acc: 49.013
2018-09-19 15:27:44,166:INFO: [TRAIN] Step: 680 ; Loss: 26.326 ; Acc: 49.021
2018-09-19 15:27:44,244:INFO: [TRAIN] Step: 681 ; Loss: 22.223 ; Acc: 49.041
2018-09-19 15:27:44,325:INFO: [TRAIN] Step: 682 ; Loss: 19.798 ; Acc: 49.054
2018-09-19 15:27:44,398:INFO: [TRAIN] Step: 683 ; Loss: 22.150 ; Acc: 49.050
2018-09-19 15:27:44,479:INFO: [TRAIN] Step: 684 ; Loss: 21.424 ; Acc: 49.063
2018-09-19 15:27:44,554:INFO: [TRAIN] Step: 685 ; Loss: 25.363 ; Acc: 49.059
2018-09-19 15:27:44,634:INFO: [TRAIN] Step: 686 ; Loss: 21.849 ; Acc: 49.078
2018-09-19 15:27:44,710:INFO: [TRAIN] Step: 687 ; Loss: 21.105 ; Acc: 49.079
2018-09-19 15:27:44,794:INFO: [TRAIN] Step: 688 ; Loss: 17.124 ; Acc: 49.099
2018-09-19 15:27:44,870:INFO: [TRAIN] Step: 689 ; Loss: 26.199 ; Acc: 49.106
2018-09-19 15:27:44,950:INFO: [TRAIN] Step: 690 ; Loss: 22.118 ; Acc: 49.096
2018-09-19 15:27:45,026:INFO: [TRAIN] Step: 691 ; Loss: 24.371 ; Acc: 49.097
2018-09-19 15:27:45,109:INFO: [TRAIN] Step: 692 ; Loss: 21.538 ; Acc: 49.092
2018-09-19 15:27:45,185:INFO: [TRAIN] Step: 693 ; Loss: 20.090 ; Acc: 49.099
2018-09-19 15:27:45,270:INFO: [TRAIN] Step: 694 ; Loss: 18.946 ; Acc: 49.113
2018-09-19 15:27:45,346:INFO: [TRAIN] Step: 695 ; Loss: 21.462 ; Acc: 49.126
2018-09-19 15:27:45,427:INFO: [TRAIN] Step: 696 ; Loss: 24.187 ; Acc: 49.133
2018-09-19 15:27:45,503:INFO: [TRAIN] Step: 697 ; Loss: 19.643 ; Acc: 49.134
2018-09-19 15:27:45,587:INFO: [TRAIN] Step: 698 ; Loss: 22.060 ; Acc: 49.142
2018-09-19 15:27:45,665:INFO: [TRAIN] Step: 699 ; Loss: 21.369 ; Acc: 49.143
2018-09-19 15:27:45,748:INFO: [TRAIN] Step: 700 ; Loss: 19.563 ; Acc: 49.168
2018-09-19 15:27:45,828:INFO: [TRAIN] Step: 701 ; Loss: 23.590 ; Acc: 49.199
2018-09-19 15:27:45,910:INFO: [TRAIN] Step: 702 ; Loss: 20.905 ; Acc: 49.218
2018-09-19 15:27:45,985:INFO: [TRAIN] Step: 703 ; Loss: 23.757 ; Acc: 49.237
2018-09-19 15:27:46,070:INFO: [TRAIN] Step: 704 ; Loss: 16.917 ; Acc: 49.267
2018-09-19 15:27:46,148:INFO: [TRAIN] Step: 705 ; Loss: 21.622 ; Acc: 49.262
2018-09-19 15:27:46,233:INFO: [TRAIN] Step: 706 ; Loss: 23.183 ; Acc: 49.257
2018-09-19 15:27:46,312:INFO: [TRAIN] Step: 707 ; Loss: 18.945 ; Acc: 49.282
2018-09-19 15:27:46,395:INFO: [TRAIN] Step: 708 ; Loss: 22.638 ; Acc: 49.295
2018-09-19 15:27:46,472:INFO: [TRAIN] Step: 709 ; Loss: 26.440 ; Acc: 49.290
2018-09-19 15:27:46,556:INFO: [TRAIN] Step: 710 ; Loss: 23.141 ; Acc: 49.285
2018-09-19 15:27:46,633:INFO: [TRAIN] Step: 711 ; Loss: 18.410 ; Acc: 49.309
2018-09-19 15:27:46,719:INFO: [TRAIN] Step: 712 ; Loss: 26.024 ; Acc: 49.293
2018-09-19 15:27:46,794:INFO: [TRAIN] Step: 713 ; Loss: 19.169 ; Acc: 49.323
2018-09-19 15:27:46,877:INFO: [TRAIN] Step: 714 ; Loss: 21.923 ; Acc: 49.336
2018-09-19 15:27:46,954:INFO: [TRAIN] Step: 715 ; Loss: 21.914 ; Acc: 49.348
2018-09-19 15:27:47,039:INFO: [TRAIN] Step: 716 ; Loss: 25.924 ; Acc: 49.326
2018-09-19 15:27:47,119:INFO: [TRAIN] Step: 717 ; Loss: 24.986 ; Acc: 49.338
2018-09-19 15:27:47,202:INFO: [TRAIN] Step: 718 ; Loss: 24.142 ; Acc: 49.328
2018-09-19 15:27:47,280:INFO: [TRAIN] Step: 719 ; Loss: 26.483 ; Acc: 49.300
2018-09-19 15:27:47,363:INFO: [TRAIN] Step: 720 ; Loss: 23.833 ; Acc: 49.295
2018-09-19 15:27:47,441:INFO: [TRAIN] Step: 721 ; Loss: 21.795 ; Acc: 49.290
2018-09-19 15:27:47,526:INFO: [TRAIN] Step: 722 ; Loss: 22.895 ; Acc: 49.285
2018-09-19 15:27:47,607:INFO: [TRAIN] Step: 723 ; Loss: 24.168 ; Acc: 49.286
2018-09-19 15:27:47,688:INFO: [TRAIN] Step: 724 ; Loss: 17.500 ; Acc: 49.316
2018-09-19 15:27:47,764:INFO: [TRAIN] Step: 725 ; Loss: 22.479 ; Acc: 49.306
2018-09-19 15:27:47,847:INFO: [TRAIN] Step: 726 ; Loss: 23.025 ; Acc: 49.307
2018-09-19 15:27:47,924:INFO: [TRAIN] Step: 727 ; Loss: 25.530 ; Acc: 49.313
2018-09-19 15:27:48,007:INFO: [TRAIN] Step: 728 ; Loss: 20.184 ; Acc: 49.320
2018-09-19 15:27:48,082:INFO: [TRAIN] Step: 729 ; Loss: 25.310 ; Acc: 49.315
2018-09-19 15:27:48,166:INFO: [TRAIN] Step: 730 ; Loss: 26.923 ; Acc: 49.299
2018-09-19 15:27:48,246:INFO: [TRAIN] Step: 731 ; Loss: 20.730 ; Acc: 49.311
2018-09-19 15:27:48,329:INFO: [TRAIN] Step: 732 ; Loss: 24.419 ; Acc: 49.318
2018-09-19 15:27:48,407:INFO: [TRAIN] Step: 733 ; Loss: 20.877 ; Acc: 49.342
2018-09-19 15:27:48,491:INFO: [TRAIN] Step: 734 ; Loss: 23.663 ; Acc: 49.337
2018-09-19 15:27:48,568:INFO: [TRAIN] Step: 735 ; Loss: 21.566 ; Acc: 49.332
2018-09-19 15:27:48,653:INFO: [TRAIN] Step: 736 ; Loss: 19.745 ; Acc: 49.344
2018-09-19 15:27:48,731:INFO: [TRAIN] Step: 737 ; Loss: 22.911 ; Acc: 49.351
2018-09-19 15:27:48,815:INFO: [TRAIN] Step: 738 ; Loss: 20.690 ; Acc: 49.363
2018-09-19 15:27:48,891:INFO: [TRAIN] Step: 739 ; Loss: 18.471 ; Acc: 49.369
2018-09-19 15:27:48,976:INFO: [TRAIN] Step: 740 ; Loss: 24.832 ; Acc: 49.381
2018-09-19 15:27:49,054:INFO: [TRAIN] Step: 741 ; Loss: 18.627 ; Acc: 49.382
2018-09-19 15:27:49,136:INFO: [TRAIN] Step: 742 ; Loss: 20.445 ; Acc: 49.383
2018-09-19 15:27:49,212:INFO: [TRAIN] Step: 743 ; Loss: 25.052 ; Acc: 49.378
2018-09-19 15:27:49,294:INFO: [TRAIN] Step: 744 ; Loss: 20.703 ; Acc: 49.385
2018-09-19 15:27:49,371:INFO: [TRAIN] Step: 745 ; Loss: 22.324 ; Acc: 49.402
2018-09-19 15:27:49,455:INFO: [TRAIN] Step: 746 ; Loss: 22.641 ; Acc: 49.398
2018-09-19 15:27:49,529:INFO: [TRAIN] Step: 747 ; Loss: 18.692 ; Acc: 49.404
2018-09-19 15:27:49,613:INFO: [TRAIN] Step: 748 ; Loss: 25.686 ; Acc: 49.394
2018-09-19 15:27:49,689:INFO: [TRAIN] Step: 749 ; Loss: 21.302 ; Acc: 49.411
2018-09-19 15:27:49,773:INFO: [TRAIN] Step: 750 ; Loss: 23.786 ; Acc: 49.401
2018-09-19 15:27:49,849:INFO: [TRAIN] Step: 751 ; Loss: 25.740 ; Acc: 49.407
2018-09-19 15:27:49,931:INFO: [TRAIN] Step: 752 ; Loss: 20.589 ; Acc: 49.447
2018-09-19 15:27:50,008:INFO: [TRAIN] Step: 753 ; Loss: 25.535 ; Acc: 49.447
2018-09-19 15:27:50,095:INFO: [TRAIN] Step: 754 ; Loss: 16.399 ; Acc: 49.481
2018-09-19 15:27:50,172:INFO: [TRAIN] Step: 755 ; Loss: 29.001 ; Acc: 49.471
2018-09-19 15:27:50,254:INFO: [TRAIN] Step: 756 ; Loss: 23.715 ; Acc: 49.455
2018-09-19 15:27:50,331:INFO: [TRAIN] Step: 757 ; Loss: 24.433 ; Acc: 49.445
2018-09-19 15:27:50,414:INFO: [TRAIN] Step: 758 ; Loss: 22.258 ; Acc: 49.457
2018-09-19 15:27:50,491:INFO: [TRAIN] Step: 759 ; Loss: 21.470 ; Acc: 49.457
2018-09-19 15:27:50,575:INFO: [TRAIN] Step: 760 ; Loss: 25.739 ; Acc: 49.447
2018-09-19 15:27:50,651:INFO: [TRAIN] Step: 761 ; Loss: 22.939 ; Acc: 49.442
2018-09-19 15:27:50,735:INFO: [TRAIN] Step: 762 ; Loss: 25.198 ; Acc: 49.438
2018-09-19 15:27:50,812:INFO: [TRAIN] Step: 763 ; Loss: 20.880 ; Acc: 49.449
2018-09-19 15:27:50,895:INFO: [TRAIN] Step: 764 ; Loss: 22.456 ; Acc: 49.439
2018-09-19 15:27:50,972:INFO: [TRAIN] Step: 765 ; Loss: 23.225 ; Acc: 49.451
2018-09-19 15:27:51,054:INFO: [TRAIN] Step: 766 ; Loss: 21.091 ; Acc: 49.468
2018-09-19 15:27:51,134:INFO: [TRAIN] Step: 767 ; Loss: 28.192 ; Acc: 49.447
2018-09-19 15:27:51,217:INFO: [TRAIN] Step: 768 ; Loss: 24.545 ; Acc: 49.442
2018-09-19 15:27:51,298:INFO: [TRAIN] Step: 769 ; Loss: 18.989 ; Acc: 49.464
2018-09-19 15:27:51,393:INFO: [TRAIN] Step: 770 ; Loss: 23.271 ; Acc: 49.460
2018-09-19 15:27:51,472:INFO: [TRAIN] Step: 771 ; Loss: 22.477 ; Acc: 49.471
2018-09-19 15:27:51,555:INFO: [TRAIN] Step: 772 ; Loss: 22.859 ; Acc: 49.477
2018-09-19 15:27:51,633:INFO: [TRAIN] Step: 773 ; Loss: 22.631 ; Acc: 49.478
2018-09-19 15:27:51,715:INFO: [TRAIN] Step: 774 ; Loss: 26.231 ; Acc: 49.484
2018-09-19 15:27:51,793:INFO: [TRAIN] Step: 775 ; Loss: 17.971 ; Acc: 49.511
2018-09-19 15:27:51,876:INFO: [TRAIN] Step: 776 ; Loss: 17.071 ; Acc: 49.528
2018-09-19 15:27:51,952:INFO: [TRAIN] Step: 777 ; Loss: 21.577 ; Acc: 49.545
2018-09-19 15:27:52,036:INFO: [TRAIN] Step: 778 ; Loss: 25.694 ; Acc: 49.540
2018-09-19 15:27:52,111:INFO: [TRAIN] Step: 779 ; Loss: 22.603 ; Acc: 49.546
2018-09-19 15:27:52,196:INFO: [TRAIN] Step: 780 ; Loss: 23.855 ; Acc: 49.552
2018-09-19 15:27:52,272:INFO: [TRAIN] Step: 781 ; Loss: 27.118 ; Acc: 49.558
2018-09-19 15:27:52,356:INFO: [TRAIN] Step: 782 ; Loss: 24.919 ; Acc: 49.548
2018-09-19 15:27:52,432:INFO: [TRAIN] Step: 783 ; Loss: 20.052 ; Acc: 49.554
2018-09-19 15:27:52,521:INFO: [TRAIN] Step: 784 ; Loss: 21.370 ; Acc: 49.554
2018-09-19 15:27:52,597:INFO: [TRAIN] Step: 785 ; Loss: 21.049 ; Acc: 49.560
2018-09-19 15:27:52,679:INFO: [TRAIN] Step: 786 ; Loss: 23.519 ; Acc: 49.555
2018-09-19 15:27:52,756:INFO: [TRAIN] Step: 787 ; Loss: 24.083 ; Acc: 49.545
2018-09-19 15:27:52,840:INFO: [TRAIN] Step: 788 ; Loss: 24.246 ; Acc: 49.556
2018-09-19 15:27:52,918:INFO: [TRAIN] Step: 789 ; Loss: 18.930 ; Acc: 49.594
2018-09-19 15:27:53,002:INFO: [TRAIN] Step: 790 ; Loss: 20.215 ; Acc: 49.610
2018-09-19 15:27:53,079:INFO: [TRAIN] Step: 791 ; Loss: 28.435 ; Acc: 49.611
2018-09-19 15:27:53,164:INFO: [TRAIN] Step: 792 ; Loss: 20.381 ; Acc: 49.616
2018-09-19 15:27:53,242:INFO: [TRAIN] Step: 793 ; Loss: 24.573 ; Acc: 49.601
2018-09-19 15:27:53,325:INFO: [TRAIN] Step: 794 ; Loss: 26.139 ; Acc: 49.591
2018-09-19 15:27:53,402:INFO: [TRAIN] Step: 795 ; Loss: 20.673 ; Acc: 49.613
2018-09-19 15:27:53,485:INFO: [TRAIN] Step: 796 ; Loss: 21.919 ; Acc: 49.629
2018-09-19 15:27:53,563:INFO: [TRAIN] Step: 797 ; Loss: 19.098 ; Acc: 49.645
2018-09-19 15:27:53,649:INFO: [TRAIN] Step: 798 ; Loss: 22.952 ; Acc: 49.645
2018-09-19 15:27:53,728:INFO: [TRAIN] Step: 799 ; Loss: 27.816 ; Acc: 49.646
2018-09-19 15:27:53,812:INFO: [TRAIN] Step: 800 ; Loss: 20.383 ; Acc: 49.646
2018-09-19 15:27:53,889:INFO: [TRAIN] Step: 801 ; Loss: 21.900 ; Acc: 49.636
2018-09-19 15:27:53,974:INFO: [TRAIN] Step: 802 ; Loss: 20.195 ; Acc: 49.642
2018-09-19 15:27:54,050:INFO: [TRAIN] Step: 803 ; Loss: 30.994 ; Acc: 49.637
2018-09-19 15:27:54,132:INFO: [TRAIN] Step: 804 ; Loss: 16.939 ; Acc: 49.674
2018-09-19 15:27:54,209:INFO: [TRAIN] Step: 805 ; Loss: 24.409 ; Acc: 49.685
2018-09-19 15:27:54,291:INFO: [TRAIN] Step: 806 ; Loss: 16.655 ; Acc: 49.706
2018-09-19 15:27:54,367:INFO: [TRAIN] Step: 807 ; Loss: 22.749 ; Acc: 49.711
2018-09-19 15:27:54,451:INFO: [TRAIN] Step: 808 ; Loss: 21.081 ; Acc: 49.712
2018-09-19 15:27:54,529:INFO: [TRAIN] Step: 809 ; Loss: 26.190 ; Acc: 49.691
2018-09-19 15:27:54,613:INFO: [TRAIN] Step: 810 ; Loss: 21.590 ; Acc: 49.697
2018-09-19 15:27:54,692:INFO: [TRAIN] Step: 811 ; Loss: 27.642 ; Acc: 49.687
2018-09-19 15:27:54,776:INFO: [TRAIN] Step: 812 ; Loss: 19.297 ; Acc: 49.713
2018-09-19 15:27:54,850:INFO: [TRAIN] Step: 813 ; Loss: 23.770 ; Acc: 49.698
2018-09-19 15:27:54,935:INFO: [TRAIN] Step: 814 ; Loss: 22.104 ; Acc: 49.703
2018-09-19 15:27:55,014:INFO: [TRAIN] Step: 815 ; Loss: 25.715 ; Acc: 49.714
2018-09-19 15:27:55,099:INFO: [TRAIN] Step: 816 ; Loss: 26.571 ; Acc: 49.714
2018-09-19 15:27:55,178:INFO: [TRAIN] Step: 817 ; Loss: 16.048 ; Acc: 49.750
2018-09-19 15:27:55,260:INFO: [TRAIN] Step: 818 ; Loss: 23.533 ; Acc: 49.746
2018-09-19 15:27:55,337:INFO: [TRAIN] Step: 819 ; Loss: 21.102 ; Acc: 49.741
2018-09-19 15:27:55,421:INFO: [TRAIN] Step: 820 ; Loss: 21.481 ; Acc: 49.772
2018-09-19 15:27:55,497:INFO: [TRAIN] Step: 821 ; Loss: 20.927 ; Acc: 49.792
2018-09-19 15:27:55,580:INFO: [TRAIN] Step: 822 ; Loss: 23.371 ; Acc: 49.797
2018-09-19 15:27:55,660:INFO: [TRAIN] Step: 823 ; Loss: 19.665 ; Acc: 49.818
2018-09-19 15:27:55,742:INFO: [TRAIN] Step: 824 ; Loss: 21.658 ; Acc: 49.823
2018-09-19 15:27:55,818:INFO: [TRAIN] Step: 825 ; Loss: 21.353 ; Acc: 49.818
2018-09-19 15:27:55,900:INFO: [TRAIN] Step: 826 ; Loss: 21.044 ; Acc: 49.844
2018-09-19 15:27:55,976:INFO: [TRAIN] Step: 827 ; Loss: 20.066 ; Acc: 49.869
2018-09-19 15:27:56,059:INFO: [TRAIN] Step: 828 ; Loss: 21.186 ; Acc: 49.894
2018-09-19 15:27:56,134:INFO: [TRAIN] Step: 829 ; Loss: 22.231 ; Acc: 49.915
2018-09-19 15:27:56,218:INFO: [TRAIN] Step: 830 ; Loss: 22.110 ; Acc: 49.930
2018-09-19 15:27:56,294:INFO: [TRAIN] Step: 831 ; Loss: 21.926 ; Acc: 49.920
2018-09-19 15:27:56,377:INFO: [TRAIN] Step: 832 ; Loss: 20.219 ; Acc: 49.925
2018-09-19 15:27:56,456:INFO: [TRAIN] Step: 833 ; Loss: 24.256 ; Acc: 49.930
2018-09-19 15:27:56,542:INFO: [TRAIN] Step: 834 ; Loss: 19.628 ; Acc: 49.930
2018-09-19 15:27:56,620:INFO: [TRAIN] Step: 835 ; Loss: 16.509 ; Acc: 49.960
2018-09-19 15:27:56,704:INFO: [TRAIN] Step: 836 ; Loss: 20.317 ; Acc: 49.955
2018-09-19 15:27:56,780:INFO: [TRAIN] Step: 837 ; Loss: 28.542 ; Acc: 49.960
2018-09-19 15:27:56,863:INFO: [TRAIN] Step: 838 ; Loss: 20.743 ; Acc: 49.960
2018-09-19 15:27:56,940:INFO: [TRAIN] Step: 839 ; Loss: 19.741 ; Acc: 49.980
2018-09-19 15:27:57,024:INFO: [TRAIN] Step: 840 ; Loss: 19.511 ; Acc: 49.975
2018-09-19 15:27:57,100:INFO: [TRAIN] Step: 841 ; Loss: 22.048 ; Acc: 49.970
2018-09-19 15:27:57,181:INFO: [TRAIN] Step: 842 ; Loss: 21.670 ; Acc: 49.970
2018-09-19 15:27:57,260:INFO: [TRAIN] Step: 843 ; Loss: 22.132 ; Acc: 49.975
2018-09-19 15:27:57,345:INFO: [TRAIN] Step: 844 ; Loss: 21.185 ; Acc: 49.990
2018-09-19 15:27:57,428:INFO: [TRAIN] Step: 845 ; Loss: 18.544 ; Acc: 50.000
2018-09-19 15:27:57,511:INFO: [TRAIN] Step: 846 ; Loss: 28.455 ; Acc: 49.995
2018-09-19 15:27:57,588:INFO: [TRAIN] Step: 847 ; Loss: 23.426 ; Acc: 49.990
2018-09-19 15:27:57,674:INFO: [TRAIN] Step: 848 ; Loss: 17.024 ; Acc: 50.000
2018-09-19 15:27:57,749:INFO: [TRAIN] Step: 849 ; Loss: 19.330 ; Acc: 50.020
2018-09-19 15:27:57,833:INFO: [TRAIN] Step: 850 ; Loss: 19.944 ; Acc: 50.029
2018-09-19 15:27:57,909:INFO: [TRAIN] Step: 851 ; Loss: 22.824 ; Acc: 50.034
2018-09-19 15:27:57,992:INFO: [TRAIN] Step: 852 ; Loss: 22.409 ; Acc: 50.044
2018-09-19 15:27:58,067:INFO: [TRAIN] Step: 853 ; Loss: 27.950 ; Acc: 50.034
2018-09-19 15:27:58,149:INFO: [TRAIN] Step: 854 ; Loss: 25.788 ; Acc: 50.019
2018-09-19 15:27:58,225:INFO: [TRAIN] Step: 855 ; Loss: 25.549 ; Acc: 50.024
2018-09-19 15:27:58,309:INFO: [TRAIN] Step: 856 ; Loss: 15.181 ; Acc: 50.049
2018-09-19 15:27:58,391:INFO: [TRAIN] Step: 857 ; Loss: 21.058 ; Acc: 50.058
2018-09-19 15:27:58,478:INFO: [TRAIN] Step: 858 ; Loss: 20.361 ; Acc: 50.068
2018-09-19 15:27:58,557:INFO: [TRAIN] Step: 859 ; Loss: 18.859 ; Acc: 50.082
2018-09-19 15:27:58,640:INFO: [TRAIN] Step: 860 ; Loss: 21.988 ; Acc: 50.082
2018-09-19 15:27:58,717:INFO: [TRAIN] Step: 861 ; Loss: 23.190 ; Acc: 50.068
2018-09-19 15:27:58,799:INFO: [TRAIN] Step: 862 ; Loss: 19.763 ; Acc: 50.072
2018-09-19 15:27:58,874:INFO: [TRAIN] Step: 863 ; Loss: 23.634 ; Acc: 50.072
2018-09-19 15:27:58,960:INFO: [TRAIN] Step: 864 ; Loss: 19.206 ; Acc: 50.092
2018-09-19 15:27:59,039:INFO: [TRAIN] Step: 865 ; Loss: 21.386 ; Acc: 50.101
2018-09-19 15:27:59,121:INFO: [TRAIN] Step: 866 ; Loss: 23.900 ; Acc: 50.101
2018-09-19 15:27:59,196:INFO: [TRAIN] Step: 867 ; Loss: 21.530 ; Acc: 50.110
2018-09-19 15:27:59,281:INFO: [TRAIN] Step: 868 ; Loss: 21.263 ; Acc: 50.105
2018-09-19 15:27:59,358:INFO: [TRAIN] Step: 869 ; Loss: 26.090 ; Acc: 50.101
2018-09-19 15:27:59,440:INFO: [TRAIN] Step: 870 ; Loss: 25.057 ; Acc: 50.091
2018-09-19 15:27:59,517:INFO: [TRAIN] Step: 871 ; Loss: 16.574 ; Acc: 50.119
2018-09-19 15:27:59,600:INFO: [TRAIN] Step: 872 ; Loss: 26.173 ; Acc: 50.115
2018-09-19 15:27:59,676:INFO: [TRAIN] Step: 873 ; Loss: 20.749 ; Acc: 50.124
2018-09-19 15:27:59,758:INFO: [TRAIN] Step: 874 ; Loss: 19.058 ; Acc: 50.138
2018-09-19 15:27:59,836:INFO: [TRAIN] Step: 875 ; Loss: 21.541 ; Acc: 50.138
2018-09-19 15:27:59,920:INFO: [TRAIN] Step: 876 ; Loss: 19.923 ; Acc: 50.157
2018-09-19 15:28:00,000:INFO: [TRAIN] Step: 877 ; Loss: 23.026 ; Acc: 50.147
2018-09-19 15:28:00,084:INFO: [TRAIN] Step: 878 ; Loss: 19.500 ; Acc: 50.142
2018-09-19 15:28:00,166:INFO: [TRAIN] Step: 879 ; Loss: 24.071 ; Acc: 50.142
2018-09-19 15:28:00,252:INFO: [TRAIN] Step: 880 ; Loss: 23.660 ; Acc: 50.156
2018-09-19 15:28:00,328:INFO: [TRAIN] Step: 881 ; Loss: 21.256 ; Acc: 50.161
2018-09-19 15:28:00,410:INFO: [TRAIN] Step: 882 ; Loss: 24.830 ; Acc: 50.156
2018-09-19 15:28:00,485:INFO: [TRAIN] Step: 883 ; Loss: 19.071 ; Acc: 50.179
2018-09-19 15:28:00,570:INFO: [TRAIN] Step: 884 ; Loss: 25.330 ; Acc: 50.179
2018-09-19 15:28:00,646:INFO: [TRAIN] Step: 885 ; Loss: 22.811 ; Acc: 50.183
2018-09-19 15:28:00,728:INFO: [TRAIN] Step: 886 ; Loss: 21.505 ; Acc: 50.174
2018-09-19 15:28:00,803:INFO: [TRAIN] Step: 887 ; Loss: 21.687 ; Acc: 50.183
2018-09-19 15:28:00,887:INFO: [TRAIN] Step: 888 ; Loss: 21.680 ; Acc: 50.178
2018-09-19 15:28:00,964:INFO: [TRAIN] Step: 889 ; Loss: 23.020 ; Acc: 50.178
2018-09-19 15:28:01,047:INFO: [TRAIN] Step: 890 ; Loss: 21.754 ; Acc: 50.182
2018-09-19 15:28:01,122:INFO: [TRAIN] Step: 891 ; Loss: 18.798 ; Acc: 50.206
2018-09-19 15:28:01,205:INFO: [TRAIN] Step: 892 ; Loss: 23.137 ; Acc: 50.201
2018-09-19 15:28:01,281:INFO: [TRAIN] Step: 893 ; Loss: 18.856 ; Acc: 50.200
2018-09-19 15:28:01,366:INFO: [TRAIN] Step: 894 ; Loss: 19.520 ; Acc: 50.205
2018-09-19 15:28:01,443:INFO: [TRAIN] Step: 895 ; Loss: 20.985 ; Acc: 50.242
2018-09-19 15:28:01,525:INFO: [TRAIN] Step: 896 ; Loss: 24.550 ; Acc: 50.237
2018-09-19 15:28:01,602:INFO: [TRAIN] Step: 897 ; Loss: 19.774 ; Acc: 50.241
2018-09-19 15:28:01,686:INFO: [TRAIN] Step: 898 ; Loss: 21.863 ; Acc: 50.250
2018-09-19 15:28:01,765:INFO: [TRAIN] Step: 899 ; Loss: 20.783 ; Acc: 50.255
2018-09-19 15:28:01,850:INFO: [TRAIN] Step: 900 ; Loss: 17.354 ; Acc: 50.264
2018-09-19 15:28:01,926:INFO: [TRAIN] Step: 901 ; Loss: 19.537 ; Acc: 50.282
2018-09-19 15:28:02,012:INFO: [TRAIN] Step: 902 ; Loss: 23.079 ; Acc: 50.286
2018-09-19 15:28:02,089:INFO: [TRAIN] Step: 903 ; Loss: 17.278 ; Acc: 50.313
2018-09-19 15:28:02,174:INFO: [TRAIN] Step: 904 ; Loss: 19.977 ; Acc: 50.322
2018-09-19 15:28:02,250:INFO: [TRAIN] Step: 905 ; Loss: 19.896 ; Acc: 50.345
2018-09-19 15:28:02,335:INFO: [TRAIN] Step: 906 ; Loss: 26.457 ; Acc: 50.340
2018-09-19 15:28:02,415:INFO: [TRAIN] Step: 907 ; Loss: 19.878 ; Acc: 50.353
2018-09-19 15:28:02,501:INFO: [TRAIN] Step: 908 ; Loss: 19.612 ; Acc: 50.367
2018-09-19 15:28:02,580:INFO: [TRAIN] Step: 909 ; Loss: 23.166 ; Acc: 50.380
2018-09-19 15:28:02,664:INFO: [TRAIN] Step: 910 ; Loss: 21.318 ; Acc: 50.375
2018-09-19 15:28:02,741:INFO: [TRAIN] Step: 911 ; Loss: 20.873 ; Acc: 50.393
2018-09-19 15:28:02,825:INFO: [TRAIN] Step: 912 ; Loss: 20.505 ; Acc: 50.402
2018-09-19 15:28:02,901:INFO: [TRAIN] Step: 913 ; Loss: 21.935 ; Acc: 50.397
2018-09-19 15:28:02,983:INFO: [TRAIN] Step: 914 ; Loss: 21.964 ; Acc: 50.401
2018-09-19 15:28:03,058:INFO: [TRAIN] Step: 915 ; Loss: 22.829 ; Acc: 50.391
2018-09-19 15:28:03,142:INFO: [TRAIN] Step: 916 ; Loss: 17.639 ; Acc: 50.413
2018-09-19 15:28:03,219:INFO: [TRAIN] Step: 917 ; Loss: 17.329 ; Acc: 50.422
2018-09-19 15:28:03,303:INFO: [TRAIN] Step: 918 ; Loss: 19.444 ; Acc: 50.444
2018-09-19 15:28:03,384:INFO: [TRAIN] Step: 919 ; Loss: 21.781 ; Acc: 50.448
2018-09-19 15:28:03,466:INFO: [TRAIN] Step: 920 ; Loss: 21.142 ; Acc: 50.457
2018-09-19 15:28:03,543:INFO: [TRAIN] Step: 921 ; Loss: 21.556 ; Acc: 50.452
2018-09-19 15:28:03,629:INFO: [TRAIN] Step: 922 ; Loss: 26.589 ; Acc: 50.442
2018-09-19 15:28:03,707:INFO: [TRAIN] Step: 923 ; Loss: 24.486 ; Acc: 50.437
2018-09-19 15:28:03,790:INFO: [TRAIN] Step: 924 ; Loss: 16.142 ; Acc: 50.446
2018-09-19 15:28:03,866:INFO: [TRAIN] Step: 925 ; Loss: 25.034 ; Acc: 50.450
2018-09-19 15:28:03,950:INFO: [TRAIN] Step: 926 ; Loss: 20.945 ; Acc: 50.463
2018-09-19 15:28:04,025:INFO: [TRAIN] Step: 927 ; Loss: 21.987 ; Acc: 50.462
2018-09-19 15:28:04,109:INFO: [TRAIN] Step: 928 ; Loss: 23.336 ; Acc: 50.449
2018-09-19 15:28:04,187:INFO: [TRAIN] Step: 929 ; Loss: 19.847 ; Acc: 50.453
2018-09-19 15:28:04,272:INFO: [TRAIN] Step: 930 ; Loss: 22.082 ; Acc: 50.448
2018-09-19 15:28:04,349:INFO: [TRAIN] Step: 931 ; Loss: 21.893 ; Acc: 50.460
2018-09-19 15:28:04,434:INFO: [TRAIN] Step: 932 ; Loss: 20.896 ; Acc: 50.451
2018-09-19 15:28:04,511:INFO: [TRAIN] Step: 933 ; Loss: 20.695 ; Acc: 50.459
2018-09-19 15:28:04,594:INFO: [TRAIN] Step: 934 ; Loss: 21.298 ; Acc: 50.468
2018-09-19 15:28:04,674:INFO: [TRAIN] Step: 935 ; Loss: 29.553 ; Acc: 50.454
2018-09-19 15:28:04,758:INFO: [TRAIN] Step: 936 ; Loss: 22.834 ; Acc: 50.471
2018-09-19 15:28:04,837:INFO: [TRAIN] Step: 937 ; Loss: 24.030 ; Acc: 50.480
2018-09-19 15:28:04,923:INFO: [TRAIN] Step: 938 ; Loss: 23.273 ; Acc: 50.484
2018-09-19 15:28:05,000:INFO: [TRAIN] Step: 939 ; Loss: 19.238 ; Acc: 50.488
2018-09-19 15:28:05,093:INFO: [TRAIN] Step: 940 ; Loss: 18.390 ; Acc: 50.509
2018-09-19 15:28:05,189:INFO: [TRAIN] Step: 941 ; Loss: 20.566 ; Acc: 50.513
2018-09-19 15:28:05,272:INFO: [TRAIN] Step: 942 ; Loss: 21.106 ; Acc: 50.499
2018-09-19 15:28:05,350:INFO: [TRAIN] Step: 943 ; Loss: 20.715 ; Acc: 50.494
2018-09-19 15:28:05,441:INFO: [TRAIN] Step: 944 ; Loss: 18.403 ; Acc: 50.511
2018-09-19 15:28:05,520:INFO: [TRAIN] Step: 945 ; Loss: 20.719 ; Acc: 50.515
2018-09-19 15:28:05,605:INFO: [TRAIN] Step: 946 ; Loss: 21.681 ; Acc: 50.546
2018-09-19 15:28:05,680:INFO: [TRAIN] Step: 947 ; Loss: 22.441 ; Acc: 50.545
2018-09-19 15:28:05,764:INFO: [TRAIN] Step: 948 ; Loss: 18.739 ; Acc: 50.558
2018-09-19 15:28:05,843:INFO: [TRAIN] Step: 949 ; Loss: 24.751 ; Acc: 50.557
2018-09-19 15:28:05,927:INFO: [TRAIN] Step: 950 ; Loss: 21.880 ; Acc: 50.561
2018-09-19 15:28:06,005:INFO: [TRAIN] Step: 951 ; Loss: 29.283 ; Acc: 50.547
2018-09-19 15:28:06,089:INFO: [TRAIN] Step: 952 ; Loss: 20.202 ; Acc: 50.555
2018-09-19 15:28:06,206:INFO: [TRAIN] Step: 953 ; Loss: 19.405 ; Acc: 50.572
2018-09-19 15:28:06,304:INFO: [TRAIN] Step: 954 ; Loss: 25.611 ; Acc: 50.572
2018-09-19 15:28:06,381:INFO: [TRAIN] Step: 955 ; Loss: 21.999 ; Acc: 50.571
2018-09-19 15:28:06,486:INFO: [TRAIN] Step: 956 ; Loss: 17.134 ; Acc: 50.588
2018-09-19 15:28:06,573:INFO: [TRAIN] Step: 957 ; Loss: 19.938 ; Acc: 50.587
2018-09-19 15:28:06,687:INFO: [TRAIN] Step: 958 ; Loss: 23.328 ; Acc: 50.600
2018-09-19 15:28:06,768:INFO: [TRAIN] Step: 959 ; Loss: 23.319 ; Acc: 50.599
2018-09-19 15:28:06,852:INFO: [TRAIN] Step: 960 ; Loss: 21.193 ; Acc: 50.590
2018-09-19 15:28:06,930:INFO: [TRAIN] Step: 961 ; Loss: 18.602 ; Acc: 50.606
2018-09-19 15:28:07,016:INFO: [TRAIN] Step: 962 ; Loss: 19.752 ; Acc: 50.614
2018-09-19 15:28:07,095:INFO: [TRAIN] Step: 963 ; Loss: 27.905 ; Acc: 50.609
2018-09-19 15:28:07,192:INFO: [TRAIN] Step: 964 ; Loss: 20.405 ; Acc: 50.635
2018-09-19 15:28:07,273:INFO: [TRAIN] Step: 965 ; Loss: 19.720 ; Acc: 50.656
2018-09-19 15:28:07,358:INFO: [TRAIN] Step: 966 ; Loss: 20.098 ; Acc: 50.655
2018-09-19 15:28:07,442:INFO: [TRAIN] Step: 967 ; Loss: 21.822 ; Acc: 50.659
2018-09-19 15:28:07,537:INFO: [TRAIN] Step: 968 ; Loss: 23.283 ; Acc: 50.658
2018-09-19 15:28:07,616:INFO: [TRAIN] Step: 969 ; Loss: 19.325 ; Acc: 50.670
2018-09-19 15:28:07,704:INFO: [TRAIN] Step: 970 ; Loss: 23.671 ; Acc: 50.682
2018-09-19 15:28:07,790:INFO: [TRAIN] Step: 971 ; Loss: 19.852 ; Acc: 50.699
2018-09-19 15:28:07,879:INFO: [TRAIN] Step: 972 ; Loss: 23.955 ; Acc: 50.689
2018-09-19 15:28:07,970:INFO: [TRAIN] Step: 973 ; Loss: 19.886 ; Acc: 50.693
2018-09-19 15:28:08,064:INFO: [TRAIN] Step: 974 ; Loss: 19.737 ; Acc: 50.701
2018-09-19 15:28:08,146:INFO: [TRAIN] Step: 975 ; Loss: 21.616 ; Acc: 50.709
2018-09-19 15:28:08,246:INFO: [TRAIN] Step: 976 ; Loss: 26.267 ; Acc: 50.691
2018-09-19 15:28:08,325:INFO: [TRAIN] Step: 977 ; Loss: 20.151 ; Acc: 50.694
2018-09-19 15:28:08,410:INFO: [TRAIN] Step: 978 ; Loss: 16.828 ; Acc: 50.707
2018-09-19 15:28:08,486:INFO: [TRAIN] Step: 979 ; Loss: 18.600 ; Acc: 50.719
2018-09-19 15:28:08,567:INFO: [TRAIN] Step: 980 ; Loss: 24.322 ; Acc: 50.722
2018-09-19 15:28:08,652:INFO: [TRAIN] Step: 981 ; Loss: 21.659 ; Acc: 50.730
2018-09-19 15:28:08,735:INFO: [TRAIN] Step: 982 ; Loss: 21.009 ; Acc: 50.729
2018-09-19 15:28:08,812:INFO: [TRAIN] Step: 983 ; Loss: 20.024 ; Acc: 50.733
2018-09-19 15:28:08,894:INFO: [TRAIN] Step: 984 ; Loss: 22.323 ; Acc: 50.740
2018-09-19 15:28:08,969:INFO: [TRAIN] Step: 985 ; Loss: 18.810 ; Acc: 50.752
2018-09-19 15:28:09,052:INFO: [TRAIN] Step: 986 ; Loss: 21.590 ; Acc: 50.768
2018-09-19 15:28:09,132:INFO: [TRAIN] Step: 987 ; Loss: 24.464 ; Acc: 50.759
2018-09-19 15:28:09,215:INFO: [TRAIN] Step: 988 ; Loss: 22.867 ; Acc: 50.758
2018-09-19 15:28:09,292:INFO: [TRAIN] Step: 989 ; Loss: 15.844 ; Acc: 50.770
2018-09-19 15:28:09,376:INFO: [TRAIN] Step: 990 ; Loss: 25.611 ; Acc: 50.765
2018-09-19 15:28:09,456:INFO: [TRAIN] Step: 991 ; Loss: 20.064 ; Acc: 50.777
2018-09-19 15:28:09,538:INFO: [TRAIN] Step: 992 ; Loss: 21.237 ; Acc: 50.780
2018-09-19 15:28:09,615:INFO: [TRAIN] Step: 993 ; Loss: 24.197 ; Acc: 50.792
2018-09-19 15:28:09,709:INFO: [TRAIN] Step: 994 ; Loss: 19.063 ; Acc: 50.808
2018-09-19 15:28:09,794:INFO: [TRAIN] Step: 995 ; Loss: 17.911 ; Acc: 50.824
2018-09-19 15:28:09,884:INFO: [TRAIN] Step: 996 ; Loss: 18.609 ; Acc: 50.832
2018-09-19 15:28:09,971:INFO: [TRAIN] Step: 997 ; Loss: 16.998 ; Acc: 50.848
2018-09-19 15:28:10,066:INFO: [TRAIN] Step: 998 ; Loss: 22.648 ; Acc: 50.859
2018-09-19 15:28:10,146:INFO: [TRAIN] Step: 999 ; Loss: 19.061 ; Acc: 50.879
2018-09-19 15:28:10,229:INFO: [TRAIN] Step: 1000 ; Loss: 20.339 ; Acc: 50.874
2018-09-19 15:28:10,308:INFO: [TRAIN] Step: 1001 ; Loss: 21.139 ; Acc: 50.877
2018-09-19 15:28:10,393:INFO: [TRAIN] Step: 1002 ; Loss: 23.841 ; Acc: 50.877
2018-09-19 15:28:10,471:INFO: [TRAIN] Step: 1003 ; Loss: 15.707 ; Acc: 50.909
2018-09-19 15:28:10,554:INFO: [TRAIN] Step: 1004 ; Loss: 23.517 ; Acc: 50.908
2018-09-19 15:28:10,631:INFO: [TRAIN] Step: 1005 ; Loss: 24.165 ; Acc: 50.907
2018-09-19 15:28:10,717:INFO: [TRAIN] Step: 1006 ; Loss: 29.625 ; Acc: 50.906
2018-09-19 15:28:10,799:INFO: [TRAIN] Step: 1007 ; Loss: 17.064 ; Acc: 50.930
2018-09-19 15:28:10,881:INFO: [TRAIN] Step: 1008 ; Loss: 21.604 ; Acc: 50.933
2018-09-19 15:28:10,959:INFO: [TRAIN] Step: 1009 ; Loss: 19.249 ; Acc: 50.945
2018-09-19 15:28:11,044:INFO: [TRAIN] Step: 1010 ; Loss: 22.343 ; Acc: 50.960
2018-09-19 15:28:11,123:INFO: [TRAIN] Step: 1011 ; Loss: 22.151 ; Acc: 50.959
2018-09-19 15:28:11,210:INFO: [TRAIN] Step: 1012 ; Loss: 20.910 ; Acc: 50.967
2018-09-19 15:28:11,287:INFO: [TRAIN] Step: 1013 ; Loss: 17.847 ; Acc: 50.974
2018-09-19 15:28:11,387:INFO: [TRAIN] Step: 1014 ; Loss: 20.237 ; Acc: 50.985
2018-09-19 15:28:11,491:INFO: [TRAIN] Step: 1015 ; Loss: 23.972 ; Acc: 50.980
2018-09-19 15:28:11,609:INFO: [TRAIN] Step: 1016 ; Loss: 25.623 ; Acc: 50.979
2018-09-19 15:28:11,722:INFO: [TRAIN] Step: 1017 ; Loss: 26.269 ; Acc: 50.978
2018-09-19 15:28:11,834:INFO: [TRAIN] Step: 1018 ; Loss: 19.121 ; Acc: 50.981
2018-09-19 15:28:11,943:INFO: [TRAIN] Step: 1019 ; Loss: 21.874 ; Acc: 50.980
2018-09-19 15:28:12,048:INFO: [TRAIN] Step: 1020 ; Loss: 20.019 ; Acc: 50.984
2018-09-19 15:28:12,159:INFO: [TRAIN] Step: 1021 ; Loss: 16.234 ; Acc: 51.007
2018-09-19 15:28:12,267:INFO: [TRAIN] Step: 1022 ; Loss: 20.263 ; Acc: 51.030
2018-09-19 15:28:12,378:INFO: [TRAIN] Step: 1023 ; Loss: 20.006 ; Acc: 51.038
2018-09-19 15:28:12,491:INFO: [TRAIN] Step: 1024 ; Loss: 17.739 ; Acc: 51.049
2018-09-19 15:28:12,603:INFO: [TRAIN] Step: 1025 ; Loss: 18.077 ; Acc: 51.056
2018-09-19 15:28:12,716:INFO: [TRAIN] Step: 1026 ; Loss: 19.265 ; Acc: 51.071
2018-09-19 15:28:12,826:INFO: [TRAIN] Step: 1027 ; Loss: 22.309 ; Acc: 51.078
2018-09-19 15:28:12,938:INFO: [TRAIN] Step: 1028 ; Loss: 19.731 ; Acc: 51.077
2018-09-19 15:28:13,021:INFO: [TRAIN] Step: 1029 ; Loss: 24.686 ; Acc: 51.076
2018-09-19 15:28:13,099:INFO: [TRAIN] Step: 1030 ; Loss: 27.698 ; Acc: 51.075
2018-09-19 15:28:13,204:INFO: [TRAIN] Step: 1031 ; Loss: 23.493 ; Acc: 51.066
2018-09-19 15:28:13,310:INFO: [TRAIN] Step: 1032 ; Loss: 21.360 ; Acc: 51.061
2018-09-19 15:28:13,423:INFO: [TRAIN] Step: 1033 ; Loss: 22.023 ; Acc: 51.072
2018-09-19 15:28:13,539:INFO: [TRAIN] Step: 1034 ; Loss: 19.397 ; Acc: 51.075
2018-09-19 15:28:13,653:INFO: [TRAIN] Step: 1035 ; Loss: 19.165 ; Acc: 51.074
2018-09-19 15:28:13,763:INFO: [TRAIN] Step: 1036 ; Loss: 23.770 ; Acc: 51.085
2018-09-19 15:28:13,876:INFO: [TRAIN] Step: 1037 ; Loss: 18.742 ; Acc: 51.100
2018-09-19 15:28:13,976:INFO: [TRAIN] Step: 1038 ; Loss: 20.968 ; Acc: 51.087
2018-09-19 15:28:14,056:INFO: [TRAIN] Step: 1039 ; Loss: 20.268 ; Acc: 51.094
2018-09-19 15:28:14,157:INFO: [TRAIN] Step: 1040 ; Loss: 22.320 ; Acc: 51.109
2018-09-19 15:28:14,269:INFO: [TRAIN] Step: 1041 ; Loss: 19.664 ; Acc: 51.128
2018-09-19 15:28:14,384:INFO: [TRAIN] Step: 1042 ; Loss: 18.220 ; Acc: 51.139
2018-09-19 15:28:14,498:INFO: [TRAIN] Step: 1043 ; Loss: 20.345 ; Acc: 51.149
2018-09-19 15:28:14,611:INFO: [TRAIN] Step: 1044 ; Loss: 19.013 ; Acc: 51.156
2018-09-19 15:28:14,724:INFO: [TRAIN] Step: 1045 ; Loss: 20.503 ; Acc: 51.159
2018-09-19 15:28:14,811:INFO: [TRAIN] Step: 1046 ; Loss: 22.858 ; Acc: 51.158
2018-09-19 15:28:14,897:INFO: [TRAIN] Step: 1047 ; Loss: 19.802 ; Acc: 51.173
2018-09-19 15:28:15,020:INFO: [TRAIN] Step: 1048 ; Loss: 22.364 ; Acc: 51.164
2018-09-19 15:28:15,136:INFO: [TRAIN] Step: 1049 ; Loss: 19.172 ; Acc: 51.175
2018-09-19 15:28:15,250:INFO: [TRAIN] Step: 1050 ; Loss: 29.548 ; Acc: 51.166
2018-09-19 15:28:15,368:INFO: [TRAIN] Step: 1051 ; Loss: 20.684 ; Acc: 51.176
2018-09-19 15:28:15,484:INFO: [TRAIN] Step: 1052 ; Loss: 18.924 ; Acc: 51.199
2018-09-19 15:28:15,595:INFO: [TRAIN] Step: 1053 ; Loss: 24.505 ; Acc: 51.198
2018-09-19 15:28:15,695:INFO: [TRAIN] Step: 1054 ; Loss: 24.520 ; Acc: 51.197
2018-09-19 15:28:15,773:INFO: [TRAIN] Step: 1055 ; Loss: 21.173 ; Acc: 51.199
2018-09-19 15:28:15,854:INFO: [TRAIN] Step: 1056 ; Loss: 23.811 ; Acc: 51.194
2018-09-19 15:28:15,932:INFO: [TRAIN] Step: 1057 ; Loss: 19.446 ; Acc: 51.193
2018-09-19 15:28:16,015:INFO: [TRAIN] Step: 1058 ; Loss: 15.492 ; Acc: 51.220
2018-09-19 15:28:16,102:INFO: [TRAIN] Step: 1059 ; Loss: 19.592 ; Acc: 51.226
2018-09-19 15:28:16,218:INFO: [TRAIN] Step: 1060 ; Loss: 19.047 ; Acc: 51.241
2018-09-19 15:28:16,333:INFO: [TRAIN] Step: 1061 ; Loss: 20.083 ; Acc: 51.236
2018-09-19 15:28:16,444:INFO: [TRAIN] Step: 1062 ; Loss: 23.390 ; Acc: 51.246
2018-09-19 15:28:16,552:INFO: [TRAIN] Step: 1063 ; Loss: 22.049 ; Acc: 51.253
2018-09-19 15:28:16,641:INFO: [TRAIN] Step: 1064 ; Loss: 26.572 ; Acc: 51.240
2018-09-19 15:28:16,718:INFO: [TRAIN] Step: 1065 ; Loss: 21.584 ; Acc: 51.259
2018-09-19 15:28:16,799:INFO: [TRAIN] Step: 1066 ; Loss: 20.372 ; Acc: 51.273
2018-09-19 15:28:16,877:INFO: [TRAIN] Step: 1067 ; Loss: 17.399 ; Acc: 51.284
2018-09-19 15:28:16,960:INFO: [TRAIN] Step: 1068 ; Loss: 24.828 ; Acc: 51.275
2018-09-19 15:28:17,036:INFO: [TRAIN] Step: 1069 ; Loss: 17.570 ; Acc: 51.297
2018-09-19 15:28:17,121:INFO: [TRAIN] Step: 1070 ; Loss: 22.106 ; Acc: 51.284
2018-09-19 15:28:17,212:INFO: [TRAIN] Step: 1071 ; Loss: 20.791 ; Acc: 51.283
2018-09-19 15:28:17,313:INFO: [TRAIN] Step: 1072 ; Loss: 22.635 ; Acc: 51.278
2018-09-19 15:28:17,424:INFO: [TRAIN] Step: 1073 ; Loss: 21.196 ; Acc: 51.296
2018-09-19 15:28:17,550:INFO: [TRAIN] Step: 1074 ; Loss: 16.539 ; Acc: 51.310
2018-09-19 15:28:17,669:INFO: [TRAIN] Step: 1075 ; Loss: 22.747 ; Acc: 51.317
2018-09-19 15:28:17,782:INFO: [TRAIN] Step: 1076 ; Loss: 25.538 ; Acc: 51.323
2018-09-19 15:28:17,887:INFO: [TRAIN] Step: 1077 ; Loss: 18.730 ; Acc: 51.341
2018-09-19 15:28:18,001:INFO: [TRAIN] Step: 1078 ; Loss: 20.150 ; Acc: 51.325
2018-09-19 15:28:18,112:INFO: [TRAIN] Step: 1079 ; Loss: 16.894 ; Acc: 51.335
2018-09-19 15:28:18,224:INFO: [TRAIN] Step: 1080 ; Loss: 21.481 ; Acc: 51.345
2018-09-19 15:28:18,310:INFO: [TRAIN] Step: 1081 ; Loss: 15.661 ; Acc: 51.367
2018-09-19 15:28:18,415:INFO: [TRAIN] Step: 1082 ; Loss: 21.709 ; Acc: 51.362
2018-09-19 15:28:18,525:INFO: [TRAIN] Step: 1083 ; Loss: 18.682 ; Acc: 51.368
2018-09-19 15:28:18,631:INFO: [TRAIN] Step: 1084 ; Loss: 23.517 ; Acc: 51.363
2018-09-19 15:28:18,745:INFO: [TRAIN] Step: 1085 ; Loss: 22.497 ; Acc: 51.358
2018-09-19 15:28:18,860:INFO: [TRAIN] Step: 1086 ; Loss: 21.575 ; Acc: 51.365
2018-09-19 15:28:18,967:INFO: [TRAIN] Step: 1087 ; Loss: 22.898 ; Acc: 51.371
2018-09-19 15:28:19,060:INFO: [TRAIN] Step: 1088 ; Loss: 24.490 ; Acc: 51.362
2018-09-19 15:28:19,174:INFO: [TRAIN] Step: 1089 ; Loss: 20.732 ; Acc: 51.372
2018-09-19 15:28:19,288:INFO: [TRAIN] Step: 1090 ; Loss: 23.628 ; Acc: 51.379
2018-09-19 15:28:19,402:INFO: [TRAIN] Step: 1091 ; Loss: 23.298 ; Acc: 51.374
2018-09-19 15:28:19,521:INFO: [TRAIN] Step: 1092 ; Loss: 19.492 ; Acc: 51.384
2018-09-19 15:28:19,637:INFO: [TRAIN] Step: 1093 ; Loss: 20.225 ; Acc: 51.386
2018-09-19 15:28:19,750:INFO: [TRAIN] Step: 1094 ; Loss: 20.679 ; Acc: 51.396
2018-09-19 15:28:19,853:INFO: [TRAIN] Step: 1095 ; Loss: 22.087 ; Acc: 51.399
2018-09-19 15:28:19,968:INFO: [TRAIN] Step: 1096 ; Loss: 19.959 ; Acc: 51.417
2018-09-19 15:28:20,079:INFO: [TRAIN] Step: 1097 ; Loss: 19.275 ; Acc: 51.412
2018-09-19 15:28:20,203:INFO: [TRAIN] Step: 1098 ; Loss: 23.300 ; Acc: 51.429
2018-09-19 15:28:20,311:INFO: [TRAIN] Step: 1099 ; Loss: 17.458 ; Acc: 51.451
2018-09-19 15:28:20,426:INFO: [TRAIN] Step: 1100 ; Loss: 18.414 ; Acc: 51.465
2018-09-19 15:28:20,528:INFO: [TRAIN] Step: 1101 ; Loss: 21.102 ; Acc: 51.459
2018-09-19 15:28:20,613:INFO: [TRAIN] Step: 1102 ; Loss: 21.473 ; Acc: 51.469
2018-09-19 15:28:20,693:INFO: [TRAIN] Step: 1103 ; Loss: 22.607 ; Acc: 51.468
2018-09-19 15:28:20,811:INFO: [TRAIN] Step: 1104 ; Loss: 20.608 ; Acc: 51.474
2018-09-19 15:28:20,912:INFO: [TRAIN] Step: 1105 ; Loss: 23.337 ; Acc: 51.469
2018-09-19 15:28:20,992:INFO: [TRAIN] Step: 1106 ; Loss: 24.319 ; Acc: 51.464
2018-09-19 15:28:21,089:INFO: [TRAIN] Step: 1107 ; Loss: 21.557 ; Acc: 51.470
2018-09-19 15:28:21,169:INFO: [TRAIN] Step: 1108 ; Loss: 24.963 ; Acc: 51.458
2018-09-19 15:28:21,256:INFO: [TRAIN] Step: 1109 ; Loss: 19.223 ; Acc: 51.464
2018-09-19 15:28:21,334:INFO: [TRAIN] Step: 1110 ; Loss: 22.922 ; Acc: 51.478
2018-09-19 15:28:21,417:INFO: [TRAIN] Step: 1111 ; Loss: 19.569 ; Acc: 51.503
2018-09-19 15:28:21,493:INFO: [TRAIN] Step: 1112 ; Loss: 25.727 ; Acc: 51.494
2018-09-19 15:28:21,578:INFO: [TRAIN] Step: 1113 ; Loss: 23.861 ; Acc: 51.511
2018-09-19 15:28:21,673:INFO: [TRAIN] Step: 1114 ; Loss: 21.909 ; Acc: 51.525
2018-09-19 15:28:21,771:INFO: [TRAIN] Step: 1115 ; Loss: 17.925 ; Acc: 51.542
2018-09-19 15:28:21,858:INFO: [TRAIN] Step: 1116 ; Loss: 23.450 ; Acc: 51.529
2018-09-19 15:28:21,942:INFO: [TRAIN] Step: 1117 ; Loss: 19.329 ; Acc: 51.550
2018-09-19 15:28:22,022:INFO: [TRAIN] Step: 1118 ; Loss: 18.437 ; Acc: 51.545
2018-09-19 15:28:22,108:INFO: [TRAIN] Step: 1119 ; Loss: 20.814 ; Acc: 51.551
2018-09-19 15:28:22,187:INFO: [TRAIN] Step: 1120 ; Loss: 20.285 ; Acc: 51.565
2018-09-19 15:28:22,270:INFO: [TRAIN] Step: 1121 ; Loss: 24.658 ; Acc: 51.549
2018-09-19 15:28:22,347:INFO: [TRAIN] Step: 1122 ; Loss: 15.879 ; Acc: 51.566
2018-09-19 15:28:22,435:INFO: [TRAIN] Step: 1123 ; Loss: 16.374 ; Acc: 51.583
2018-09-19 15:28:22,515:INFO: [TRAIN] Step: 1124 ; Loss: 23.047 ; Acc: 51.585
2018-09-19 15:28:22,601:INFO: [TRAIN] Step: 1125 ; Loss: 20.878 ; Acc: 51.584
2018-09-19 15:28:22,679:INFO: [TRAIN] Step: 1126 ; Loss: 19.392 ; Acc: 51.586
2018-09-19 15:28:22,766:INFO: [TRAIN] Step: 1127 ; Loss: 24.326 ; Acc: 51.581
2018-09-19 15:28:22,847:INFO: [TRAIN] Step: 1128 ; Loss: 21.061 ; Acc: 51.594
2018-09-19 15:28:22,933:INFO: [TRAIN] Step: 1129 ; Loss: 21.861 ; Acc: 51.582
2018-09-19 15:28:23,014:INFO: [TRAIN] Step: 1130 ; Loss: 20.107 ; Acc: 51.603
2018-09-19 15:28:23,097:INFO: [TRAIN] Step: 1131 ; Loss: 18.684 ; Acc: 51.609
2018-09-19 15:28:23,178:INFO: [TRAIN] Step: 1132 ; Loss: 27.240 ; Acc: 51.600
2018-09-19 15:28:23,265:INFO: [TRAIN] Step: 1133 ; Loss: 17.140 ; Acc: 51.606
2018-09-19 15:28:23,344:INFO: [TRAIN] Step: 1134 ; Loss: 20.879 ; Acc: 51.615
2018-09-19 15:28:23,432:INFO: [TRAIN] Step: 1135 ; Loss: 20.270 ; Acc: 51.621
2018-09-19 15:28:23,512:INFO: [TRAIN] Step: 1136 ; Loss: 23.940 ; Acc: 51.605
2018-09-19 15:28:23,597:INFO: [TRAIN] Step: 1137 ; Loss: 18.375 ; Acc: 51.626
2018-09-19 15:28:23,676:INFO: [TRAIN] Step: 1138 ; Loss: 19.128 ; Acc: 51.639
2018-09-19 15:28:23,761:INFO: [TRAIN] Step: 1139 ; Loss: 20.374 ; Acc: 51.645
2018-09-19 15:28:23,838:INFO: [TRAIN] Step: 1140 ; Loss: 18.804 ; Acc: 51.662
2018-09-19 15:28:23,924:INFO: [TRAIN] Step: 1141 ; Loss: 19.173 ; Acc: 51.675
2018-09-19 15:28:24,002:INFO: [TRAIN] Step: 1142 ; Loss: 22.628 ; Acc: 51.677
2018-09-19 15:28:24,091:INFO: [TRAIN] Step: 1143 ; Loss: 16.961 ; Acc: 51.690
2018-09-19 15:28:24,170:INFO: [TRAIN] Step: 1144 ; Loss: 25.988 ; Acc: 51.678
2018-09-19 15:28:24,256:INFO: [TRAIN] Step: 1145 ; Loss: 18.099 ; Acc: 51.694
2018-09-19 15:28:24,333:INFO: [TRAIN] Step: 1146 ; Loss: 18.834 ; Acc: 51.693
2018-09-19 15:28:24,417:INFO: [TRAIN] Step: 1147 ; Loss: 25.024 ; Acc: 51.684
2018-09-19 15:28:24,497:INFO: [TRAIN] Step: 1148 ; Loss: 21.972 ; Acc: 51.683
2018-09-19 15:28:24,582:INFO: [TRAIN] Step: 1149 ; Loss: 23.170 ; Acc: 51.678
2018-09-19 15:28:24,659:INFO: [TRAIN] Step: 1150 ; Loss: 22.275 ; Acc: 51.683
2018-09-19 15:28:24,745:INFO: [TRAIN] Step: 1151 ; Loss: 24.209 ; Acc: 51.675
2018-09-19 15:28:24,821:INFO: [TRAIN] Step: 1152 ; Loss: 24.512 ; Acc: 51.673
2018-09-19 15:28:24,908:INFO: [TRAIN] Step: 1153 ; Loss: 29.333 ; Acc: 51.661
2018-09-19 15:28:24,986:INFO: [TRAIN] Step: 1154 ; Loss: 19.668 ; Acc: 51.674
2018-09-19 15:28:25,070:INFO: [TRAIN] Step: 1155 ; Loss: 17.611 ; Acc: 51.683
2018-09-19 15:28:25,146:INFO: [TRAIN] Step: 1156 ; Loss: 20.367 ; Acc: 51.696
2018-09-19 15:28:25,230:INFO: [TRAIN] Step: 1157 ; Loss: 24.602 ; Acc: 51.702
2018-09-19 15:28:25,309:INFO: [TRAIN] Step: 1158 ; Loss: 19.164 ; Acc: 51.693
2018-09-19 15:28:25,394:INFO: [TRAIN] Step: 1159 ; Loss: 19.986 ; Acc: 51.703
2018-09-19 15:28:25,472:INFO: [TRAIN] Step: 1160 ; Loss: 26.521 ; Acc: 51.701
2018-09-19 15:28:25,558:INFO: [TRAIN] Step: 1161 ; Loss: 19.375 ; Acc: 51.696
2018-09-19 15:28:25,634:INFO: [TRAIN] Step: 1162 ; Loss: 20.203 ; Acc: 51.716
2018-09-19 15:28:25,717:INFO: [TRAIN] Step: 1163 ; Loss: 16.616 ; Acc: 51.725
2018-09-19 15:28:25,795:INFO: [TRAIN] Step: 1164 ; Loss: 18.375 ; Acc: 51.738
2018-09-19 15:28:25,883:INFO: [TRAIN] Step: 1165 ; Loss: 23.392 ; Acc: 51.730
2018-09-19 15:28:25,965:INFO: [TRAIN] Step: 1166 ; Loss: 19.745 ; Acc: 51.746
2018-09-19 15:28:26,049:INFO: [TRAIN] Step: 1167 ; Loss: 20.552 ; Acc: 51.748
2018-09-19 15:28:26,126:INFO: [TRAIN] Step: 1168 ; Loss: 18.325 ; Acc: 51.747
2018-09-19 15:28:26,211:INFO: [TRAIN] Step: 1169 ; Loss: 20.715 ; Acc: 51.756
2018-09-19 15:28:26,292:INFO: [TRAIN] Step: 1170 ; Loss: 21.561 ; Acc: 51.754
2018-09-19 15:28:26,378:INFO: [TRAIN] Step: 1171 ; Loss: 17.581 ; Acc: 51.767
2018-09-19 15:28:26,458:INFO: [TRAIN] Step: 1172 ; Loss: 23.193 ; Acc: 51.765
2018-09-19 15:28:26,543:INFO: [TRAIN] Step: 1173 ; Loss: 20.830 ; Acc: 51.767
2018-09-19 15:28:26,621:INFO: [TRAIN] Step: 1174 ; Loss: 19.343 ; Acc: 51.777
2018-09-19 15:28:26,705:INFO: [TRAIN] Step: 1175 ; Loss: 23.446 ; Acc: 51.775
2018-09-19 15:28:26,781:INFO: [TRAIN] Step: 1176 ; Loss: 20.919 ; Acc: 51.791
2018-09-19 15:28:26,863:INFO: [TRAIN] Step: 1177 ; Loss: 19.001 ; Acc: 51.807
2018-09-19 15:28:26,942:INFO: [TRAIN] Step: 1178 ; Loss: 20.056 ; Acc: 51.809
2018-09-19 15:28:27,026:INFO: [TRAIN] Step: 1179 ; Loss: 23.481 ; Acc: 51.804
2018-09-19 15:28:27,107:INFO: [TRAIN] Step: 1180 ; Loss: 18.375 ; Acc: 51.813
2018-09-19 15:28:27,193:INFO: [TRAIN] Step: 1181 ; Loss: 19.885 ; Acc: 51.805
2018-09-19 15:28:27,271:INFO: [TRAIN] Step: 1182 ; Loss: 22.326 ; Acc: 51.807
2018-09-19 15:28:27,356:INFO: [TRAIN] Step: 1183 ; Loss: 18.422 ; Acc: 51.819
2018-09-19 15:28:27,436:INFO: [TRAIN] Step: 1184 ; Loss: 20.067 ; Acc: 51.828
2018-09-19 15:28:27,522:INFO: [TRAIN] Step: 1185 ; Loss: 25.767 ; Acc: 51.820
2018-09-19 15:28:27,602:INFO: [TRAIN] Step: 1186 ; Loss: 18.868 ; Acc: 51.836
2018-09-19 15:28:27,694:INFO: [TRAIN] Step: 1187 ; Loss: 23.256 ; Acc: 51.834
2018-09-19 15:28:27,774:INFO: [TRAIN] Step: 1188 ; Loss: 19.925 ; Acc: 51.847
2018-09-19 15:28:27,861:INFO: [TRAIN] Step: 1189 ; Loss: 19.848 ; Acc: 51.845
2018-09-19 15:28:33,144:INFO: [EVAL] Step: 1190 ; Loss: 0.219 ; Acc: 0.568
