2018-09-19 15:13:23,324:INFO: ### Model ###
LeNet5(
  (convnet): Sequential(
    (0): Conv2d(1, 6, kernel_size=(5, 5), stride=(1, 1))
    (1): ReLU()
    (2): MaxPool2d(kernel_size=(2, 2), stride=2, padding=0, dilation=1, ceil_mode=False)
    (3): Conv2d(6, 16, kernel_size=(5, 5), stride=(1, 1))
    (4): ReLU()
    (5): MaxPool2d(kernel_size=(2, 2), stride=2, padding=0, dilation=1, ceil_mode=False)
    (6): Conv2d(16, 120, kernel_size=(5, 5), stride=(1, 1))
    (7): ReLU()
    (8): Conv2d(120, 240, kernel_size=(5, 5), stride=(1, 1))
    (9): ReLU()
  )
  (fc): Sequential(
    (0): Linear(in_features=240, out_features=84, bias=True)
    (1): ReLU()
    (2): Linear(in_features=84, out_features=10, bias=True)
  )
)
2018-09-19 15:13:23,325:INFO: ### Optimizer ###
Adam (
Parameter Group 0
    amsgrad: False
    betas: (0.9, 0.999)
    eps: 1e-08
    lr: 0.05
    weight_decay: 0
)
2018-09-19 15:13:23,325:INFO: ### HParams ###
n_epochs: 1 ; data: ferplus ; label: ferplus_votes ; batch_size: 24 ; lr: 0.05 ; wd: 0 ; eval_steps: 1190
2018-09-19 15:13:23,513:INFO: [TRAIN] Step: 0 ; Loss: 40.303 ; Acc: 0.000
2018-09-19 15:13:23,590:INFO: [TRAIN] Step: 1 ; Loss: 25814.822 ; Acc: 14.583
2018-09-19 15:13:23,665:INFO: [TRAIN] Step: 2 ; Loss: 211.529 ; Acc: 23.611
2018-09-19 15:13:23,763:INFO: [TRAIN] Step: 3 ; Loss: 46.374 ; Acc: 20.833
2018-09-19 15:13:23,861:INFO: [TRAIN] Step: 4 ; Loss: 36.747 ; Acc: 20.000
2018-09-19 15:13:23,940:INFO: [TRAIN] Step: 5 ; Loss: 34.437 ; Acc: 19.444
2018-09-19 15:13:24,016:INFO: [TRAIN] Step: 6 ; Loss: 34.297 ; Acc: 18.452
2018-09-19 15:13:24,098:INFO: [TRAIN] Step: 7 ; Loss: 44.808 ; Acc: 21.354
2018-09-19 15:13:24,172:INFO: [TRAIN] Step: 8 ; Loss: 34.680 ; Acc: 21.296
2018-09-19 15:13:24,253:INFO: [TRAIN] Step: 9 ; Loss: 29.997 ; Acc: 20.833
2018-09-19 15:13:24,326:INFO: [TRAIN] Step: 10 ; Loss: 32.757 ; Acc: 23.106
2018-09-19 15:13:24,408:INFO: [TRAIN] Step: 11 ; Loss: 33.325 ; Acc: 23.611
2018-09-19 15:13:24,482:INFO: [TRAIN] Step: 12 ; Loss: 31.830 ; Acc: 24.038
2018-09-19 15:13:24,565:INFO: [TRAIN] Step: 13 ; Loss: 37.125 ; Acc: 23.214
2018-09-19 15:13:24,648:INFO: [TRAIN] Step: 14 ; Loss: 31.359 ; Acc: 22.778
2018-09-19 15:13:24,729:INFO: [TRAIN] Step: 15 ; Loss: 29.063 ; Acc: 23.177
2018-09-19 15:13:24,807:INFO: [TRAIN] Step: 16 ; Loss: 25.159 ; Acc: 24.755
2018-09-19 15:13:24,889:INFO: [TRAIN] Step: 17 ; Loss: 36.102 ; Acc: 24.537
2018-09-19 15:13:24,961:INFO: [TRAIN] Step: 18 ; Loss: 38.840 ; Acc: 24.561
2018-09-19 15:13:25,041:INFO: [TRAIN] Step: 19 ; Loss: 27.123 ; Acc: 25.000
2018-09-19 15:13:25,114:INFO: [TRAIN] Step: 20 ; Loss: 28.040 ; Acc: 24.405
2018-09-19 15:13:25,194:INFO: [TRAIN] Step: 21 ; Loss: 32.070 ; Acc: 24.242
2018-09-19 15:13:25,269:INFO: [TRAIN] Step: 22 ; Loss: 30.251 ; Acc: 24.638
2018-09-19 15:13:25,349:INFO: [TRAIN] Step: 23 ; Loss: 27.352 ; Acc: 25.000
2018-09-19 15:13:25,422:INFO: [TRAIN] Step: 24 ; Loss: 29.102 ; Acc: 25.167
2018-09-19 15:13:25,501:INFO: [TRAIN] Step: 25 ; Loss: 29.950 ; Acc: 25.801
2018-09-19 15:13:25,575:INFO: [TRAIN] Step: 26 ; Loss: 33.949 ; Acc: 25.617
2018-09-19 15:13:25,654:INFO: [TRAIN] Step: 27 ; Loss: 30.593 ; Acc: 26.042
2018-09-19 15:13:25,727:INFO: [TRAIN] Step: 28 ; Loss: 28.371 ; Acc: 26.724
2018-09-19 15:13:25,810:INFO: [TRAIN] Step: 29 ; Loss: 28.504 ; Acc: 27.222
2018-09-19 15:13:25,882:INFO: [TRAIN] Step: 30 ; Loss: 25.675 ; Acc: 27.957
2018-09-19 15:13:25,960:INFO: [TRAIN] Step: 31 ; Loss: 26.921 ; Acc: 28.385
2018-09-19 15:13:26,032:INFO: [TRAIN] Step: 32 ; Loss: 26.530 ; Acc: 28.788
2018-09-19 15:13:26,110:INFO: [TRAIN] Step: 33 ; Loss: 30.354 ; Acc: 29.044
2018-09-19 15:13:26,182:INFO: [TRAIN] Step: 34 ; Loss: 31.541 ; Acc: 29.524
2018-09-19 15:13:26,260:INFO: [TRAIN] Step: 35 ; Loss: 31.252 ; Acc: 29.282
2018-09-19 15:13:26,332:INFO: [TRAIN] Step: 36 ; Loss: 31.658 ; Acc: 29.392
2018-09-19 15:13:26,411:INFO: [TRAIN] Step: 37 ; Loss: 27.243 ; Acc: 29.825
2018-09-19 15:13:26,485:INFO: [TRAIN] Step: 38 ; Loss: 30.354 ; Acc: 30.021
2018-09-19 15:13:26,565:INFO: [TRAIN] Step: 39 ; Loss: 29.355 ; Acc: 30.208
2018-09-19 15:13:26,639:INFO: [TRAIN] Step: 40 ; Loss: 32.113 ; Acc: 29.776
2018-09-19 15:13:26,719:INFO: [TRAIN] Step: 41 ; Loss: 31.399 ; Acc: 29.663
2018-09-19 15:13:26,792:INFO: [TRAIN] Step: 42 ; Loss: 29.875 ; Acc: 29.360
2018-09-19 15:13:26,895:INFO: [TRAIN] Step: 43 ; Loss: 30.542 ; Acc: 29.261
2018-09-19 15:13:26,969:INFO: [TRAIN] Step: 44 ; Loss: 32.291 ; Acc: 29.444
2018-09-19 15:13:27,053:INFO: [TRAIN] Step: 45 ; Loss: 27.284 ; Acc: 29.529
2018-09-19 15:13:27,126:INFO: [TRAIN] Step: 46 ; Loss: 29.691 ; Acc: 29.876
2018-09-19 15:13:27,206:INFO: [TRAIN] Step: 47 ; Loss: 26.683 ; Acc: 30.469
2018-09-19 15:13:27,277:INFO: [TRAIN] Step: 48 ; Loss: 30.205 ; Acc: 30.612
2018-09-19 15:13:27,369:INFO: [TRAIN] Step: 49 ; Loss: 32.589 ; Acc: 30.417
2018-09-19 15:13:27,442:INFO: [TRAIN] Step: 50 ; Loss: 30.032 ; Acc: 30.392
2018-09-19 15:13:27,529:INFO: [TRAIN] Step: 51 ; Loss: 34.205 ; Acc: 30.288
2018-09-19 15:13:27,604:INFO: [TRAIN] Step: 52 ; Loss: 27.264 ; Acc: 30.582
2018-09-19 15:13:27,683:INFO: [TRAIN] Step: 53 ; Loss: 28.304 ; Acc: 30.633
2018-09-19 15:13:27,755:INFO: [TRAIN] Step: 54 ; Loss: 28.636 ; Acc: 30.833
2018-09-19 15:13:27,838:INFO: [TRAIN] Step: 55 ; Loss: 30.830 ; Acc: 30.952
2018-09-19 15:13:27,913:INFO: [TRAIN] Step: 56 ; Loss: 24.699 ; Acc: 31.360
2018-09-19 15:13:27,994:INFO: [TRAIN] Step: 57 ; Loss: 29.358 ; Acc: 31.537
2018-09-19 15:13:28,067:INFO: [TRAIN] Step: 58 ; Loss: 28.139 ; Acc: 31.638
2018-09-19 15:13:28,147:INFO: [TRAIN] Step: 59 ; Loss: 27.078 ; Acc: 31.806
2018-09-19 15:13:28,219:INFO: [TRAIN] Step: 60 ; Loss: 28.862 ; Acc: 31.762
2018-09-19 15:13:28,298:INFO: [TRAIN] Step: 61 ; Loss: 27.991 ; Acc: 31.855
2018-09-19 15:13:28,371:INFO: [TRAIN] Step: 62 ; Loss: 26.928 ; Acc: 31.812
2018-09-19 15:13:28,449:INFO: [TRAIN] Step: 63 ; Loss: 27.656 ; Acc: 31.901
2018-09-19 15:13:28,523:INFO: [TRAIN] Step: 64 ; Loss: 27.691 ; Acc: 31.987
2018-09-19 15:13:28,603:INFO: [TRAIN] Step: 65 ; Loss: 30.022 ; Acc: 32.197
2018-09-19 15:13:28,675:INFO: [TRAIN] Step: 66 ; Loss: 23.543 ; Acc: 32.525
2018-09-19 15:13:28,754:INFO: [TRAIN] Step: 67 ; Loss: 27.717 ; Acc: 32.475
2018-09-19 15:13:28,825:INFO: [TRAIN] Step: 68 ; Loss: 32.363 ; Acc: 32.367
2018-09-19 15:13:28,905:INFO: [TRAIN] Step: 69 ; Loss: 30.584 ; Acc: 32.321
2018-09-19 15:13:28,976:INFO: [TRAIN] Step: 70 ; Loss: 23.914 ; Acc: 32.629
2018-09-19 15:13:29,057:INFO: [TRAIN] Step: 71 ; Loss: 26.394 ; Acc: 32.697
2018-09-19 15:13:29,129:INFO: [TRAIN] Step: 72 ; Loss: 27.983 ; Acc: 32.877
2018-09-19 15:13:29,210:INFO: [TRAIN] Step: 73 ; Loss: 27.224 ; Acc: 32.939
2018-09-19 15:13:29,282:INFO: [TRAIN] Step: 74 ; Loss: 25.062 ; Acc: 33.111
2018-09-19 15:13:29,363:INFO: [TRAIN] Step: 75 ; Loss: 28.645 ; Acc: 33.114
2018-09-19 15:13:29,437:INFO: [TRAIN] Step: 76 ; Loss: 26.936 ; Acc: 33.009
2018-09-19 15:13:29,519:INFO: [TRAIN] Step: 77 ; Loss: 27.819 ; Acc: 33.013
2018-09-19 15:13:29,594:INFO: [TRAIN] Step: 78 ; Loss: 29.458 ; Acc: 33.017
2018-09-19 15:13:29,673:INFO: [TRAIN] Step: 79 ; Loss: 29.469 ; Acc: 32.969
2018-09-19 15:13:29,744:INFO: [TRAIN] Step: 80 ; Loss: 28.666 ; Acc: 33.128
2018-09-19 15:13:29,823:INFO: [TRAIN] Step: 81 ; Loss: 27.549 ; Acc: 33.079
2018-09-19 15:13:29,895:INFO: [TRAIN] Step: 82 ; Loss: 27.617 ; Acc: 33.032
2018-09-19 15:13:29,977:INFO: [TRAIN] Step: 83 ; Loss: 27.996 ; Acc: 33.135
2018-09-19 15:13:30,058:INFO: [TRAIN] Step: 84 ; Loss: 27.177 ; Acc: 33.039
2018-09-19 15:13:30,155:INFO: [TRAIN] Step: 85 ; Loss: 27.628 ; Acc: 32.946
2018-09-19 15:13:30,227:INFO: [TRAIN] Step: 86 ; Loss: 26.035 ; Acc: 32.807
2018-09-19 15:13:30,311:INFO: [TRAIN] Step: 87 ; Loss: 29.743 ; Acc: 32.765
2018-09-19 15:13:30,383:INFO: [TRAIN] Step: 88 ; Loss: 25.840 ; Acc: 32.865
2018-09-19 15:13:30,461:INFO: [TRAIN] Step: 89 ; Loss: 32.234 ; Acc: 32.824
2018-09-19 15:13:30,534:INFO: [TRAIN] Step: 90 ; Loss: 28.844 ; Acc: 32.921
2018-09-19 15:13:30,615:INFO: [TRAIN] Step: 91 ; Loss: 29.459 ; Acc: 32.880
2018-09-19 15:13:30,688:INFO: [TRAIN] Step: 92 ; Loss: 31.108 ; Acc: 32.751
2018-09-19 15:13:30,768:INFO: [TRAIN] Step: 93 ; Loss: 31.794 ; Acc: 32.713
2018-09-19 15:13:30,845:INFO: [TRAIN] Step: 94 ; Loss: 29.756 ; Acc: 32.851
2018-09-19 15:13:30,925:INFO: [TRAIN] Step: 95 ; Loss: 31.699 ; Acc: 32.769
2018-09-19 15:13:30,998:INFO: [TRAIN] Step: 96 ; Loss: 30.700 ; Acc: 32.818
2018-09-19 15:13:31,078:INFO: [TRAIN] Step: 97 ; Loss: 28.603 ; Acc: 32.653
2018-09-19 15:13:31,153:INFO: [TRAIN] Step: 98 ; Loss: 26.430 ; Acc: 32.534
2018-09-19 15:13:31,234:INFO: [TRAIN] Step: 99 ; Loss: 28.582 ; Acc: 32.708
2018-09-19 15:13:31,305:INFO: [TRAIN] Step: 100 ; Loss: 29.173 ; Acc: 32.838
2018-09-19 15:13:31,385:INFO: [TRAIN] Step: 101 ; Loss: 25.511 ; Acc: 33.047
2018-09-19 15:13:31,459:INFO: [TRAIN] Step: 102 ; Loss: 29.785 ; Acc: 33.050
2018-09-19 15:13:31,540:INFO: [TRAIN] Step: 103 ; Loss: 28.878 ; Acc: 33.093
2018-09-19 15:13:31,613:INFO: [TRAIN] Step: 104 ; Loss: 25.922 ; Acc: 33.333
2018-09-19 15:13:31,692:INFO: [TRAIN] Step: 105 ; Loss: 23.031 ; Acc: 33.608
2018-09-19 15:13:31,765:INFO: [TRAIN] Step: 106 ; Loss: 32.170 ; Acc: 33.567
2018-09-19 15:13:31,845:INFO: [TRAIN] Step: 107 ; Loss: 31.693 ; Acc: 33.449
2018-09-19 15:13:31,917:INFO: [TRAIN] Step: 108 ; Loss: 28.870 ; Acc: 33.448
2018-09-19 15:13:31,997:INFO: [TRAIN] Step: 109 ; Loss: 25.799 ; Acc: 33.561
2018-09-19 15:13:32,073:INFO: [TRAIN] Step: 110 ; Loss: 27.705 ; Acc: 33.559
2018-09-19 15:13:32,155:INFO: [TRAIN] Step: 111 ; Loss: 29.961 ; Acc: 33.519
2018-09-19 15:13:32,230:INFO: [TRAIN] Step: 112 ; Loss: 27.002 ; Acc: 33.628
2018-09-19 15:13:32,310:INFO: [TRAIN] Step: 113 ; Loss: 26.688 ; Acc: 33.699
2018-09-19 15:13:32,384:INFO: [TRAIN] Step: 114 ; Loss: 28.989 ; Acc: 33.696
2018-09-19 15:13:32,462:INFO: [TRAIN] Step: 115 ; Loss: 31.647 ; Acc: 33.693
2018-09-19 15:13:32,533:INFO: [TRAIN] Step: 116 ; Loss: 27.052 ; Acc: 33.725
2018-09-19 15:13:32,614:INFO: [TRAIN] Step: 117 ; Loss: 30.006 ; Acc: 33.722
2018-09-19 15:13:32,692:INFO: [TRAIN] Step: 118 ; Loss: 32.556 ; Acc: 33.508
2018-09-19 15:13:32,771:INFO: [TRAIN] Step: 119 ; Loss: 34.929 ; Acc: 33.264
2018-09-19 15:13:32,844:INFO: [TRAIN] Step: 120 ; Loss: 29.010 ; Acc: 33.196
2018-09-19 15:13:32,924:INFO: [TRAIN] Step: 121 ; Loss: 27.573 ; Acc: 33.094
2018-09-19 15:13:33,000:INFO: [TRAIN] Step: 122 ; Loss: 28.006 ; Acc: 33.028
2018-09-19 15:13:33,079:INFO: [TRAIN] Step: 123 ; Loss: 28.279 ; Acc: 33.031
2018-09-19 15:13:33,175:INFO: [TRAIN] Step: 124 ; Loss: 30.359 ; Acc: 33.000
2018-09-19 15:13:33,258:INFO: [TRAIN] Step: 125 ; Loss: 29.773 ; Acc: 33.102
2018-09-19 15:13:33,337:INFO: [TRAIN] Step: 126 ; Loss: 26.726 ; Acc: 33.104
2018-09-19 15:13:33,421:INFO: [TRAIN] Step: 127 ; Loss: 31.521 ; Acc: 33.105
2018-09-19 15:13:33,494:INFO: [TRAIN] Step: 128 ; Loss: 26.562 ; Acc: 33.236
2018-09-19 15:13:33,574:INFO: [TRAIN] Step: 129 ; Loss: 30.729 ; Acc: 33.237
2018-09-19 15:13:33,648:INFO: [TRAIN] Step: 130 ; Loss: 28.259 ; Acc: 33.270
2018-09-19 15:13:33,727:INFO: [TRAIN] Step: 131 ; Loss: 31.676 ; Acc: 33.239
2018-09-19 15:13:33,801:INFO: [TRAIN] Step: 132 ; Loss: 29.048 ; Acc: 33.239
2018-09-19 15:13:33,879:INFO: [TRAIN] Step: 133 ; Loss: 28.181 ; Acc: 33.302
2018-09-19 15:13:33,952:INFO: [TRAIN] Step: 134 ; Loss: 27.473 ; Acc: 33.426
2018-09-19 15:13:34,034:INFO: [TRAIN] Step: 135 ; Loss: 26.992 ; Acc: 33.487
2018-09-19 15:13:34,107:INFO: [TRAIN] Step: 136 ; Loss: 27.818 ; Acc: 33.455
2018-09-19 15:13:34,186:INFO: [TRAIN] Step: 137 ; Loss: 30.912 ; Acc: 33.424
2018-09-19 15:13:34,262:INFO: [TRAIN] Step: 138 ; Loss: 29.576 ; Acc: 33.303
2018-09-19 15:13:34,340:INFO: [TRAIN] Step: 139 ; Loss: 26.932 ; Acc: 33.304
2018-09-19 15:13:34,412:INFO: [TRAIN] Step: 140 ; Loss: 29.907 ; Acc: 33.363
2018-09-19 15:13:34,490:INFO: [TRAIN] Step: 141 ; Loss: 29.981 ; Acc: 33.363
2018-09-19 15:13:34,563:INFO: [TRAIN] Step: 142 ; Loss: 31.761 ; Acc: 33.275
2018-09-19 15:13:34,643:INFO: [TRAIN] Step: 143 ; Loss: 24.443 ; Acc: 33.304
2018-09-19 15:13:34,715:INFO: [TRAIN] Step: 144 ; Loss: 31.418 ; Acc: 33.218
2018-09-19 15:13:34,796:INFO: [TRAIN] Step: 145 ; Loss: 30.054 ; Acc: 33.162
2018-09-19 15:13:34,870:INFO: [TRAIN] Step: 146 ; Loss: 26.261 ; Acc: 33.107
2018-09-19 15:13:34,952:INFO: [TRAIN] Step: 147 ; Loss: 29.550 ; Acc: 32.967
2018-09-19 15:13:35,025:INFO: [TRAIN] Step: 148 ; Loss: 27.125 ; Acc: 33.054
2018-09-19 15:13:35,103:INFO: [TRAIN] Step: 149 ; Loss: 30.666 ; Acc: 33.056
2018-09-19 15:13:35,176:INFO: [TRAIN] Step: 150 ; Loss: 29.538 ; Acc: 33.002
2018-09-19 15:13:35,256:INFO: [TRAIN] Step: 151 ; Loss: 28.697 ; Acc: 32.977
2018-09-19 15:13:35,329:INFO: [TRAIN] Step: 152 ; Loss: 27.375 ; Acc: 32.979
2018-09-19 15:13:35,407:INFO: [TRAIN] Step: 153 ; Loss: 27.863 ; Acc: 32.955
2018-09-19 15:13:35,480:INFO: [TRAIN] Step: 154 ; Loss: 28.504 ; Acc: 32.984
2018-09-19 15:13:35,559:INFO: [TRAIN] Step: 155 ; Loss: 30.480 ; Acc: 32.959
2018-09-19 15:13:35,633:INFO: [TRAIN] Step: 156 ; Loss: 29.252 ; Acc: 32.935
2018-09-19 15:13:35,712:INFO: [TRAIN] Step: 157 ; Loss: 31.488 ; Acc: 32.938
2018-09-19 15:13:35,785:INFO: [TRAIN] Step: 158 ; Loss: 31.007 ; Acc: 32.914
2018-09-19 15:13:35,866:INFO: [TRAIN] Step: 159 ; Loss: 27.558 ; Acc: 32.995
2018-09-19 15:13:35,939:INFO: [TRAIN] Step: 160 ; Loss: 27.129 ; Acc: 33.075
2018-09-19 15:13:36,020:INFO: [TRAIN] Step: 161 ; Loss: 28.681 ; Acc: 32.999
2018-09-19 15:13:36,092:INFO: [TRAIN] Step: 162 ; Loss: 28.040 ; Acc: 33.001
2018-09-19 15:13:36,172:INFO: [TRAIN] Step: 163 ; Loss: 29.128 ; Acc: 33.054
2018-09-19 15:13:36,245:INFO: [TRAIN] Step: 164 ; Loss: 26.692 ; Acc: 33.182
2018-09-19 15:13:36,323:INFO: [TRAIN] Step: 165 ; Loss: 25.824 ; Acc: 33.158
2018-09-19 15:13:36,396:INFO: [TRAIN] Step: 166 ; Loss: 25.243 ; Acc: 33.258
2018-09-19 15:13:36,476:INFO: [TRAIN] Step: 167 ; Loss: 31.837 ; Acc: 33.284
2018-09-19 15:13:36,551:INFO: [TRAIN] Step: 168 ; Loss: 27.728 ; Acc: 33.259
2018-09-19 15:13:36,630:INFO: [TRAIN] Step: 169 ; Loss: 27.061 ; Acc: 33.333
2018-09-19 15:13:36,718:INFO: [TRAIN] Step: 170 ; Loss: 27.895 ; Acc: 33.382
2018-09-19 15:13:36,796:INFO: [TRAIN] Step: 171 ; Loss: 28.530 ; Acc: 33.358
2018-09-19 15:13:36,870:INFO: [TRAIN] Step: 172 ; Loss: 31.425 ; Acc: 33.285
2018-09-19 15:13:36,952:INFO: [TRAIN] Step: 173 ; Loss: 25.636 ; Acc: 33.309
2018-09-19 15:13:37,024:INFO: [TRAIN] Step: 174 ; Loss: 31.082 ; Acc: 33.310
2018-09-19 15:13:37,105:INFO: [TRAIN] Step: 175 ; Loss: 30.772 ; Acc: 33.239
2018-09-19 15:13:37,177:INFO: [TRAIN] Step: 176 ; Loss: 30.845 ; Acc: 33.239
2018-09-19 15:13:37,257:INFO: [TRAIN] Step: 177 ; Loss: 28.943 ; Acc: 33.287
2018-09-19 15:13:37,330:INFO: [TRAIN] Step: 178 ; Loss: 31.537 ; Acc: 33.287
2018-09-19 15:13:37,417:INFO: [TRAIN] Step: 179 ; Loss: 28.174 ; Acc: 33.218
2018-09-19 15:13:37,493:INFO: [TRAIN] Step: 180 ; Loss: 28.196 ; Acc: 33.172
2018-09-19 15:13:37,571:INFO: [TRAIN] Step: 181 ; Loss: 29.569 ; Acc: 33.127
2018-09-19 15:13:37,643:INFO: [TRAIN] Step: 182 ; Loss: 25.974 ; Acc: 33.174
2018-09-19 15:13:37,723:INFO: [TRAIN] Step: 183 ; Loss: 29.507 ; Acc: 33.107
2018-09-19 15:13:37,797:INFO: [TRAIN] Step: 184 ; Loss: 24.631 ; Acc: 33.131
2018-09-19 15:13:37,877:INFO: [TRAIN] Step: 185 ; Loss: 25.977 ; Acc: 33.132
2018-09-19 15:13:37,952:INFO: [TRAIN] Step: 186 ; Loss: 29.849 ; Acc: 33.088
2018-09-19 15:13:38,030:INFO: [TRAIN] Step: 187 ; Loss: 26.865 ; Acc: 33.023
2018-09-19 15:13:38,104:INFO: [TRAIN] Step: 188 ; Loss: 27.847 ; Acc: 32.981
2018-09-19 15:13:38,183:INFO: [TRAIN] Step: 189 ; Loss: 28.279 ; Acc: 33.026
2018-09-19 15:13:38,255:INFO: [TRAIN] Step: 190 ; Loss: 29.066 ; Acc: 33.093
2018-09-19 15:13:38,334:INFO: [TRAIN] Step: 191 ; Loss: 27.982 ; Acc: 33.116
2018-09-19 15:13:38,407:INFO: [TRAIN] Step: 192 ; Loss: 30.494 ; Acc: 33.139
2018-09-19 15:13:38,487:INFO: [TRAIN] Step: 193 ; Loss: 40.158 ; Acc: 33.054
2018-09-19 15:13:38,560:INFO: [TRAIN] Step: 194 ; Loss: 35.801 ; Acc: 33.013
2018-09-19 15:13:38,639:INFO: [TRAIN] Step: 195 ; Loss: 24.583 ; Acc: 33.099
2018-09-19 15:13:38,712:INFO: [TRAIN] Step: 196 ; Loss: 32.773 ; Acc: 33.122
2018-09-19 15:13:38,789:INFO: [TRAIN] Step: 197 ; Loss: 26.844 ; Acc: 33.165
2018-09-19 15:13:38,863:INFO: [TRAIN] Step: 198 ; Loss: 27.212 ; Acc: 33.166
2018-09-19 15:13:38,945:INFO: [TRAIN] Step: 199 ; Loss: 30.297 ; Acc: 33.125
2018-09-19 15:13:39,022:INFO: [TRAIN] Step: 200 ; Loss: 23.236 ; Acc: 33.167
2018-09-19 15:13:39,104:INFO: [TRAIN] Step: 201 ; Loss: 29.398 ; Acc: 33.189
2018-09-19 15:13:39,177:INFO: [TRAIN] Step: 202 ; Loss: 26.028 ; Acc: 33.251
2018-09-19 15:13:39,255:INFO: [TRAIN] Step: 203 ; Loss: 27.372 ; Acc: 33.354
2018-09-19 15:13:39,330:INFO: [TRAIN] Step: 204 ; Loss: 31.509 ; Acc: 33.415
2018-09-19 15:13:39,411:INFO: [TRAIN] Step: 205 ; Loss: 26.839 ; Acc: 33.434
2018-09-19 15:13:39,483:INFO: [TRAIN] Step: 206 ; Loss: 28.715 ; Acc: 33.414
2018-09-19 15:13:39,561:INFO: [TRAIN] Step: 207 ; Loss: 29.790 ; Acc: 33.393
2018-09-19 15:13:39,636:INFO: [TRAIN] Step: 208 ; Loss: 29.234 ; Acc: 33.453
2018-09-19 15:13:39,715:INFO: [TRAIN] Step: 209 ; Loss: 31.339 ; Acc: 33.413
2018-09-19 15:13:39,788:INFO: [TRAIN] Step: 210 ; Loss: 28.680 ; Acc: 33.412
2018-09-19 15:13:39,868:INFO: [TRAIN] Step: 211 ; Loss: 30.457 ; Acc: 33.353
2018-09-19 15:13:39,941:INFO: [TRAIN] Step: 212 ; Loss: 28.209 ; Acc: 33.314
2018-09-19 15:13:40,021:INFO: [TRAIN] Step: 213 ; Loss: 31.798 ; Acc: 33.333
2018-09-19 15:13:40,092:INFO: [TRAIN] Step: 214 ; Loss: 26.432 ; Acc: 33.353
2018-09-19 15:13:40,172:INFO: [TRAIN] Step: 215 ; Loss: 31.980 ; Acc: 33.314
2018-09-19 15:13:40,244:INFO: [TRAIN] Step: 216 ; Loss: 27.370 ; Acc: 33.333
2018-09-19 15:13:40,324:INFO: [TRAIN] Step: 217 ; Loss: 30.290 ; Acc: 33.295
2018-09-19 15:13:40,397:INFO: [TRAIN] Step: 218 ; Loss: 30.554 ; Acc: 33.238
2018-09-19 15:13:40,475:INFO: [TRAIN] Step: 219 ; Loss: 27.536 ; Acc: 33.182
2018-09-19 15:13:40,549:INFO: [TRAIN] Step: 220 ; Loss: 31.258 ; Acc: 33.201
2018-09-19 15:13:40,629:INFO: [TRAIN] Step: 221 ; Loss: 29.568 ; Acc: 33.164
2018-09-19 15:13:40,708:INFO: [TRAIN] Step: 222 ; Loss: 26.961 ; Acc: 33.146
2018-09-19 15:13:40,788:INFO: [TRAIN] Step: 223 ; Loss: 36.152 ; Acc: 33.129
2018-09-19 15:13:40,863:INFO: [TRAIN] Step: 224 ; Loss: 28.896 ; Acc: 33.167
2018-09-19 15:13:40,942:INFO: [TRAIN] Step: 225 ; Loss: 31.591 ; Acc: 33.167
2018-09-19 15:13:41,015:INFO: [TRAIN] Step: 226 ; Loss: 24.956 ; Acc: 33.131
2018-09-19 15:13:41,094:INFO: [TRAIN] Step: 227 ; Loss: 28.329 ; Acc: 33.096
2018-09-19 15:13:41,165:INFO: [TRAIN] Step: 228 ; Loss: 28.999 ; Acc: 33.115
2018-09-19 15:13:41,244:INFO: [TRAIN] Step: 229 ; Loss: 28.973 ; Acc: 33.062
2018-09-19 15:13:41,317:INFO: [TRAIN] Step: 230 ; Loss: 29.154 ; Acc: 33.063
2018-09-19 15:13:41,396:INFO: [TRAIN] Step: 231 ; Loss: 29.570 ; Acc: 33.028
2018-09-19 15:13:41,469:INFO: [TRAIN] Step: 232 ; Loss: 24.189 ; Acc: 33.155
2018-09-19 15:13:41,548:INFO: [TRAIN] Step: 233 ; Loss: 29.150 ; Acc: 33.191
2018-09-19 15:13:41,620:INFO: [TRAIN] Step: 234 ; Loss: 26.963 ; Acc: 33.174
2018-09-19 15:13:41,699:INFO: [TRAIN] Step: 235 ; Loss: 28.283 ; Acc: 33.192
2018-09-19 15:13:41,770:INFO: [TRAIN] Step: 236 ; Loss: 26.617 ; Acc: 33.245
2018-09-19 15:13:41,848:INFO: [TRAIN] Step: 237 ; Loss: 27.300 ; Acc: 33.263
2018-09-19 15:13:41,920:INFO: [TRAIN] Step: 238 ; Loss: 27.513 ; Acc: 33.351
2018-09-19 15:13:42,001:INFO: [TRAIN] Step: 239 ; Loss: 26.926 ; Acc: 33.403
2018-09-19 15:13:42,074:INFO: [TRAIN] Step: 240 ; Loss: 24.592 ; Acc: 33.454
2018-09-19 15:13:42,154:INFO: [TRAIN] Step: 241 ; Loss: 32.743 ; Acc: 33.402
2018-09-19 15:13:42,227:INFO: [TRAIN] Step: 242 ; Loss: 29.002 ; Acc: 33.402
2018-09-19 15:13:42,306:INFO: [TRAIN] Step: 243 ; Loss: 24.470 ; Acc: 33.504
2018-09-19 15:13:42,380:INFO: [TRAIN] Step: 244 ; Loss: 27.133 ; Acc: 33.503
2018-09-19 15:13:42,459:INFO: [TRAIN] Step: 245 ; Loss: 27.200 ; Acc: 33.537
2018-09-19 15:13:42,534:INFO: [TRAIN] Step: 246 ; Loss: 28.060 ; Acc: 33.570
2018-09-19 15:13:42,614:INFO: [TRAIN] Step: 247 ; Loss: 32.851 ; Acc: 33.485
2018-09-19 15:13:42,686:INFO: [TRAIN] Step: 248 ; Loss: 29.911 ; Acc: 33.450
2018-09-19 15:13:42,768:INFO: [TRAIN] Step: 249 ; Loss: 32.030 ; Acc: 33.467
2018-09-19 15:13:42,842:INFO: [TRAIN] Step: 250 ; Loss: 31.375 ; Acc: 33.433
2018-09-19 15:13:42,927:INFO: [TRAIN] Step: 251 ; Loss: 28.837 ; Acc: 33.466
2018-09-19 15:13:43,001:INFO: [TRAIN] Step: 252 ; Loss: 26.971 ; Acc: 33.482
2018-09-19 15:13:43,080:INFO: [TRAIN] Step: 253 ; Loss: 29.095 ; Acc: 33.465
2018-09-19 15:13:43,153:INFO: [TRAIN] Step: 254 ; Loss: 29.889 ; Acc: 33.431
2018-09-19 15:13:43,233:INFO: [TRAIN] Step: 255 ; Loss: 30.566 ; Acc: 33.415
2018-09-19 15:13:43,307:INFO: [TRAIN] Step: 256 ; Loss: 26.730 ; Acc: 33.398
2018-09-19 15:13:43,389:INFO: [TRAIN] Step: 257 ; Loss: 31.612 ; Acc: 33.349
2018-09-19 15:13:43,463:INFO: [TRAIN] Step: 258 ; Loss: 31.264 ; Acc: 33.398
2018-09-19 15:13:43,544:INFO: [TRAIN] Step: 259 ; Loss: 29.101 ; Acc: 33.413
2018-09-19 15:13:43,617:INFO: [TRAIN] Step: 260 ; Loss: 29.084 ; Acc: 33.413
2018-09-19 15:13:43,696:INFO: [TRAIN] Step: 261 ; Loss: 28.368 ; Acc: 33.445
2018-09-19 15:13:43,768:INFO: [TRAIN] Step: 262 ; Loss: 28.943 ; Acc: 33.413
2018-09-19 15:13:43,848:INFO: [TRAIN] Step: 263 ; Loss: 29.762 ; Acc: 33.444
2018-09-19 15:13:43,922:INFO: [TRAIN] Step: 264 ; Loss: 27.118 ; Acc: 33.553
2018-09-19 15:13:44,000:INFO: [TRAIN] Step: 265 ; Loss: 27.813 ; Acc: 33.584
2018-09-19 15:13:44,074:INFO: [TRAIN] Step: 266 ; Loss: 30.171 ; Acc: 33.599
2018-09-19 15:13:44,154:INFO: [TRAIN] Step: 267 ; Loss: 30.336 ; Acc: 33.629
2018-09-19 15:13:44,226:INFO: [TRAIN] Step: 268 ; Loss: 28.998 ; Acc: 33.612
2018-09-19 15:13:44,305:INFO: [TRAIN] Step: 269 ; Loss: 28.190 ; Acc: 33.642
2018-09-19 15:13:44,375:INFO: [TRAIN] Step: 270 ; Loss: 27.870 ; Acc: 33.672
2018-09-19 15:13:44,453:INFO: [TRAIN] Step: 271 ; Loss: 26.324 ; Acc: 33.778
2018-09-19 15:13:44,530:INFO: [TRAIN] Step: 272 ; Loss: 24.197 ; Acc: 33.868
2018-09-19 15:13:44,610:INFO: [TRAIN] Step: 273 ; Loss: 28.925 ; Acc: 33.866
2018-09-19 15:13:44,683:INFO: [TRAIN] Step: 274 ; Loss: 24.972 ; Acc: 33.909
2018-09-19 15:13:44,762:INFO: [TRAIN] Step: 275 ; Loss: 29.113 ; Acc: 33.922
2018-09-19 15:13:44,836:INFO: [TRAIN] Step: 276 ; Loss: 29.080 ; Acc: 33.920
2018-09-19 15:13:44,917:INFO: [TRAIN] Step: 277 ; Loss: 28.503 ; Acc: 33.948
2018-09-19 15:13:44,990:INFO: [TRAIN] Step: 278 ; Loss: 25.202 ; Acc: 33.976
2018-09-19 15:13:45,069:INFO: [TRAIN] Step: 279 ; Loss: 24.963 ; Acc: 34.018
2018-09-19 15:13:45,140:INFO: [TRAIN] Step: 280 ; Loss: 27.236 ; Acc: 34.045
2018-09-19 15:13:45,221:INFO: [TRAIN] Step: 281 ; Loss: 25.344 ; Acc: 34.072
2018-09-19 15:13:45,294:INFO: [TRAIN] Step: 282 ; Loss: 28.003 ; Acc: 34.069
2018-09-19 15:13:45,374:INFO: [TRAIN] Step: 283 ; Loss: 30.694 ; Acc: 34.082
2018-09-19 15:13:45,448:INFO: [TRAIN] Step: 284 ; Loss: 23.916 ; Acc: 34.108
2018-09-19 15:13:45,528:INFO: [TRAIN] Step: 285 ; Loss: 28.622 ; Acc: 34.149
2018-09-19 15:13:45,601:INFO: [TRAIN] Step: 286 ; Loss: 26.617 ; Acc: 34.146
2018-09-19 15:13:45,680:INFO: [TRAIN] Step: 287 ; Loss: 28.481 ; Acc: 34.201
2018-09-19 15:13:45,754:INFO: [TRAIN] Step: 288 ; Loss: 30.748 ; Acc: 34.170
2018-09-19 15:13:45,834:INFO: [TRAIN] Step: 289 ; Loss: 26.080 ; Acc: 34.239
2018-09-19 15:13:45,912:INFO: [TRAIN] Step: 290 ; Loss: 25.793 ; Acc: 34.235
2018-09-19 15:13:45,993:INFO: [TRAIN] Step: 291 ; Loss: 31.013 ; Acc: 34.247
2018-09-19 15:13:46,069:INFO: [TRAIN] Step: 292 ; Loss: 30.503 ; Acc: 34.215
2018-09-19 15:13:46,149:INFO: [TRAIN] Step: 293 ; Loss: 29.341 ; Acc: 34.240
2018-09-19 15:13:46,221:INFO: [TRAIN] Step: 294 ; Loss: 24.889 ; Acc: 34.251
2018-09-19 15:13:46,303:INFO: [TRAIN] Step: 295 ; Loss: 25.907 ; Acc: 34.333
2018-09-19 15:13:46,376:INFO: [TRAIN] Step: 296 ; Loss: 25.239 ; Acc: 34.315
2018-09-19 15:13:46,459:INFO: [TRAIN] Step: 297 ; Loss: 28.261 ; Acc: 34.340
2018-09-19 15:13:46,534:INFO: [TRAIN] Step: 298 ; Loss: 27.079 ; Acc: 34.351
2018-09-19 15:13:46,613:INFO: [TRAIN] Step: 299 ; Loss: 29.242 ; Acc: 34.375
2018-09-19 15:13:46,686:INFO: [TRAIN] Step: 300 ; Loss: 27.398 ; Acc: 34.385
2018-09-19 15:13:46,776:INFO: [TRAIN] Step: 301 ; Loss: 23.913 ; Acc: 34.451
2018-09-19 15:13:46,849:INFO: [TRAIN] Step: 302 ; Loss: 28.625 ; Acc: 34.461
2018-09-19 15:13:46,927:INFO: [TRAIN] Step: 303 ; Loss: 33.026 ; Acc: 34.389
2018-09-19 15:13:47,001:INFO: [TRAIN] Step: 304 ; Loss: 25.709 ; Acc: 34.413
2018-09-19 15:13:47,078:INFO: [TRAIN] Step: 305 ; Loss: 30.469 ; Acc: 34.423
2018-09-19 15:13:47,149:INFO: [TRAIN] Step: 306 ; Loss: 28.443 ; Acc: 34.433
2018-09-19 15:13:47,230:INFO: [TRAIN] Step: 307 ; Loss: 29.907 ; Acc: 34.416
2018-09-19 15:13:47,303:INFO: [TRAIN] Step: 308 ; Loss: 27.509 ; Acc: 34.385
2018-09-19 15:13:47,389:INFO: [TRAIN] Step: 309 ; Loss: 30.273 ; Acc: 34.382
2018-09-19 15:13:47,463:INFO: [TRAIN] Step: 310 ; Loss: 30.105 ; Acc: 34.405
2018-09-19 15:13:47,550:INFO: [TRAIN] Step: 311 ; Loss: 30.156 ; Acc: 34.348
2018-09-19 15:13:47,632:INFO: [TRAIN] Step: 312 ; Loss: 27.556 ; Acc: 34.318
2018-09-19 15:13:47,711:INFO: [TRAIN] Step: 313 ; Loss: 31.157 ; Acc: 34.289
2018-09-19 15:13:47,784:INFO: [TRAIN] Step: 314 ; Loss: 28.624 ; Acc: 34.286
2018-09-19 15:13:47,864:INFO: [TRAIN] Step: 315 ; Loss: 27.956 ; Acc: 34.283
2018-09-19 15:13:47,938:INFO: [TRAIN] Step: 316 ; Loss: 28.584 ; Acc: 34.227
2018-09-19 15:13:48,017:INFO: [TRAIN] Step: 317 ; Loss: 33.610 ; Acc: 34.237
2018-09-19 15:13:48,088:INFO: [TRAIN] Step: 318 ; Loss: 28.350 ; Acc: 34.208
2018-09-19 15:13:48,166:INFO: [TRAIN] Step: 319 ; Loss: 29.586 ; Acc: 34.180
2018-09-19 15:13:48,239:INFO: [TRAIN] Step: 320 ; Loss: 27.298 ; Acc: 34.138
2018-09-19 15:13:48,323:INFO: [TRAIN] Step: 321 ; Loss: 26.876 ; Acc: 34.136
2018-09-19 15:13:48,396:INFO: [TRAIN] Step: 322 ; Loss: 25.559 ; Acc: 34.159
2018-09-19 15:13:48,475:INFO: [TRAIN] Step: 323 ; Loss: 23.623 ; Acc: 34.246
2018-09-19 15:13:48,549:INFO: [TRAIN] Step: 324 ; Loss: 27.222 ; Acc: 34.282
2018-09-19 15:13:48,629:INFO: [TRAIN] Step: 325 ; Loss: 28.845 ; Acc: 34.279
2018-09-19 15:13:48,701:INFO: [TRAIN] Step: 326 ; Loss: 26.494 ; Acc: 34.314
2018-09-19 15:13:48,781:INFO: [TRAIN] Step: 327 ; Loss: 27.785 ; Acc: 34.286
2018-09-19 15:13:48,853:INFO: [TRAIN] Step: 328 ; Loss: 27.390 ; Acc: 34.296
2018-09-19 15:13:48,931:INFO: [TRAIN] Step: 329 ; Loss: 28.027 ; Acc: 34.293
2018-09-19 15:13:49,003:INFO: [TRAIN] Step: 330 ; Loss: 28.950 ; Acc: 34.277
2018-09-19 15:13:49,111:INFO: [TRAIN] Step: 331 ; Loss: 26.478 ; Acc: 34.312
2018-09-19 15:13:49,184:INFO: [TRAIN] Step: 332 ; Loss: 27.140 ; Acc: 34.334
2018-09-19 15:13:49,264:INFO: [TRAIN] Step: 333 ; Loss: 25.186 ; Acc: 34.381
2018-09-19 15:13:49,336:INFO: [TRAIN] Step: 334 ; Loss: 28.028 ; Acc: 34.378
2018-09-19 15:13:49,414:INFO: [TRAIN] Step: 335 ; Loss: 30.833 ; Acc: 34.400
2018-09-19 15:13:49,486:INFO: [TRAIN] Step: 336 ; Loss: 28.287 ; Acc: 34.384
2018-09-19 15:13:49,567:INFO: [TRAIN] Step: 337 ; Loss: 30.381 ; Acc: 34.393
2018-09-19 15:13:49,641:INFO: [TRAIN] Step: 338 ; Loss: 30.236 ; Acc: 34.366
2018-09-19 15:13:49,720:INFO: [TRAIN] Step: 339 ; Loss: 25.310 ; Acc: 34.424
2018-09-19 15:13:49,793:INFO: [TRAIN] Step: 340 ; Loss: 30.627 ; Acc: 34.384
2018-09-19 15:13:49,873:INFO: [TRAIN] Step: 341 ; Loss: 23.942 ; Acc: 34.479
2018-09-19 15:13:49,946:INFO: [TRAIN] Step: 342 ; Loss: 31.730 ; Acc: 34.463
2018-09-19 15:13:50,031:INFO: [TRAIN] Step: 343 ; Loss: 27.164 ; Acc: 34.508
2018-09-19 15:13:50,104:INFO: [TRAIN] Step: 344 ; Loss: 30.041 ; Acc: 34.529
2018-09-19 15:13:50,183:INFO: [TRAIN] Step: 345 ; Loss: 31.512 ; Acc: 34.526
2018-09-19 15:13:50,257:INFO: [TRAIN] Step: 346 ; Loss: 26.333 ; Acc: 34.534
2018-09-19 15:13:50,336:INFO: [TRAIN] Step: 347 ; Loss: 29.372 ; Acc: 34.519
2018-09-19 15:13:50,409:INFO: [TRAIN] Step: 348 ; Loss: 28.075 ; Acc: 34.551
2018-09-19 15:13:50,489:INFO: [TRAIN] Step: 349 ; Loss: 29.045 ; Acc: 34.524
2018-09-19 15:13:50,560:INFO: [TRAIN] Step: 350 ; Loss: 26.620 ; Acc: 34.544
2018-09-19 15:13:50,638:INFO: [TRAIN] Step: 351 ; Loss: 27.821 ; Acc: 34.517
2018-09-19 15:13:50,710:INFO: [TRAIN] Step: 352 ; Loss: 27.592 ; Acc: 34.549
2018-09-19 15:13:50,791:INFO: [TRAIN] Step: 353 ; Loss: 30.521 ; Acc: 34.593
2018-09-19 15:13:50,865:INFO: [TRAIN] Step: 354 ; Loss: 28.295 ; Acc: 34.613
2018-09-19 15:13:50,947:INFO: [TRAIN] Step: 355 ; Loss: 29.360 ; Acc: 34.597
2018-09-19 15:13:51,019:INFO: [TRAIN] Step: 356 ; Loss: 28.044 ; Acc: 34.629
2018-09-19 15:13:51,098:INFO: [TRAIN] Step: 357 ; Loss: 26.572 ; Acc: 34.660
2018-09-19 15:13:51,173:INFO: [TRAIN] Step: 358 ; Loss: 27.802 ; Acc: 34.656
2018-09-19 15:13:51,251:INFO: [TRAIN] Step: 359 ; Loss: 27.907 ; Acc: 34.688
2018-09-19 15:13:51,323:INFO: [TRAIN] Step: 360 ; Loss: 34.218 ; Acc: 34.672
2018-09-19 15:13:51,402:INFO: [TRAIN] Step: 361 ; Loss: 31.019 ; Acc: 34.645
2018-09-19 15:13:51,474:INFO: [TRAIN] Step: 362 ; Loss: 30.851 ; Acc: 34.630
2018-09-19 15:13:51,552:INFO: [TRAIN] Step: 363 ; Loss: 28.797 ; Acc: 34.650
2018-09-19 15:13:51,624:INFO: [TRAIN] Step: 364 ; Loss: 29.326 ; Acc: 34.658
2018-09-19 15:13:51,702:INFO: [TRAIN] Step: 365 ; Loss: 30.540 ; Acc: 34.643
2018-09-19 15:13:51,775:INFO: [TRAIN] Step: 366 ; Loss: 26.459 ; Acc: 34.650
2018-09-19 15:13:51,856:INFO: [TRAIN] Step: 367 ; Loss: 30.003 ; Acc: 34.590
2018-09-19 15:13:51,929:INFO: [TRAIN] Step: 368 ; Loss: 27.269 ; Acc: 34.621
2018-09-19 15:13:52,009:INFO: [TRAIN] Step: 369 ; Loss: 27.580 ; Acc: 34.628
2018-09-19 15:13:52,083:INFO: [TRAIN] Step: 370 ; Loss: 28.526 ; Acc: 34.647
2018-09-19 15:13:52,160:INFO: [TRAIN] Step: 371 ; Loss: 26.620 ; Acc: 34.677
2018-09-19 15:13:52,235:INFO: [TRAIN] Step: 372 ; Loss: 34.233 ; Acc: 34.640
2018-09-19 15:13:52,315:INFO: [TRAIN] Step: 373 ; Loss: 32.563 ; Acc: 34.637
2018-09-19 15:13:52,388:INFO: [TRAIN] Step: 374 ; Loss: 33.241 ; Acc: 34.611
2018-09-19 15:13:52,466:INFO: [TRAIN] Step: 375 ; Loss: 30.066 ; Acc: 34.586
2018-09-19 15:13:52,540:INFO: [TRAIN] Step: 376 ; Loss: 25.817 ; Acc: 34.593
2018-09-19 15:13:52,620:INFO: [TRAIN] Step: 377 ; Loss: 26.582 ; Acc: 34.601
2018-09-19 15:13:52,693:INFO: [TRAIN] Step: 378 ; Loss: 27.996 ; Acc: 34.631
2018-09-19 15:13:52,770:INFO: [TRAIN] Step: 379 ; Loss: 29.153 ; Acc: 34.638
2018-09-19 15:13:52,844:INFO: [TRAIN] Step: 380 ; Loss: 25.379 ; Acc: 34.678
2018-09-19 15:13:52,922:INFO: [TRAIN] Step: 381 ; Loss: 28.206 ; Acc: 34.664
2018-09-19 15:13:52,995:INFO: [TRAIN] Step: 382 ; Loss: 32.411 ; Acc: 34.628
2018-09-19 15:13:53,072:INFO: [TRAIN] Step: 383 ; Loss: 31.113 ; Acc: 34.614
2018-09-19 15:13:53,145:INFO: [TRAIN] Step: 384 ; Loss: 28.149 ; Acc: 34.632
2018-09-19 15:13:53,223:INFO: [TRAIN] Step: 385 ; Loss: 27.423 ; Acc: 34.607
2018-09-19 15:13:53,298:INFO: [TRAIN] Step: 386 ; Loss: 28.201 ; Acc: 34.561
2018-09-19 15:13:53,377:INFO: [TRAIN] Step: 387 ; Loss: 26.378 ; Acc: 34.568
2018-09-19 15:13:53,451:INFO: [TRAIN] Step: 388 ; Loss: 29.492 ; Acc: 34.533
2018-09-19 15:13:53,531:INFO: [TRAIN] Step: 389 ; Loss: 29.974 ; Acc: 34.519
2018-09-19 15:13:53,604:INFO: [TRAIN] Step: 390 ; Loss: 27.226 ; Acc: 34.516
2018-09-19 15:13:53,684:INFO: [TRAIN] Step: 391 ; Loss: 30.830 ; Acc: 34.492
2018-09-19 15:13:53,758:INFO: [TRAIN] Step: 392 ; Loss: 29.650 ; Acc: 34.489
2018-09-19 15:13:53,837:INFO: [TRAIN] Step: 393 ; Loss: 28.747 ; Acc: 34.507
2018-09-19 15:13:53,909:INFO: [TRAIN] Step: 394 ; Loss: 25.322 ; Acc: 34.536
2018-09-19 15:13:53,987:INFO: [TRAIN] Step: 395 ; Loss: 27.383 ; Acc: 34.543
2018-09-19 15:13:54,066:INFO: [TRAIN] Step: 396 ; Loss: 28.763 ; Acc: 34.551
2018-09-19 15:13:54,146:INFO: [TRAIN] Step: 397 ; Loss: 28.603 ; Acc: 34.569
2018-09-19 15:13:54,218:INFO: [TRAIN] Step: 398 ; Loss: 29.879 ; Acc: 34.545
2018-09-19 15:13:54,298:INFO: [TRAIN] Step: 399 ; Loss: 26.011 ; Acc: 34.562
2018-09-19 15:13:54,372:INFO: [TRAIN] Step: 400 ; Loss: 34.520 ; Acc: 34.528
2018-09-19 15:13:54,454:INFO: [TRAIN] Step: 401 ; Loss: 28.288 ; Acc: 34.525
2018-09-19 15:13:54,527:INFO: [TRAIN] Step: 402 ; Loss: 31.432 ; Acc: 34.512
2018-09-19 15:13:54,604:INFO: [TRAIN] Step: 403 ; Loss: 32.594 ; Acc: 34.499
2018-09-19 15:13:54,676:INFO: [TRAIN] Step: 404 ; Loss: 31.457 ; Acc: 34.506
2018-09-19 15:13:54,757:INFO: [TRAIN] Step: 405 ; Loss: 28.594 ; Acc: 34.534
2018-09-19 15:13:54,832:INFO: [TRAIN] Step: 406 ; Loss: 27.692 ; Acc: 34.531
2018-09-19 15:13:54,911:INFO: [TRAIN] Step: 407 ; Loss: 32.170 ; Acc: 34.538
2018-09-19 15:13:54,983:INFO: [TRAIN] Step: 408 ; Loss: 27.016 ; Acc: 34.535
2018-09-19 15:13:55,064:INFO: [TRAIN] Step: 409 ; Loss: 27.192 ; Acc: 34.533
2018-09-19 15:13:55,138:INFO: [TRAIN] Step: 410 ; Loss: 31.007 ; Acc: 34.519
2018-09-19 15:13:55,219:INFO: [TRAIN] Step: 411 ; Loss: 29.402 ; Acc: 34.506
2018-09-19 15:13:55,292:INFO: [TRAIN] Step: 412 ; Loss: 29.190 ; Acc: 34.483
2018-09-19 15:13:55,370:INFO: [TRAIN] Step: 413 ; Loss: 29.027 ; Acc: 34.501
2018-09-19 15:13:55,444:INFO: [TRAIN] Step: 414 ; Loss: 30.288 ; Acc: 34.508
2018-09-19 15:13:55,523:INFO: [TRAIN] Step: 415 ; Loss: 31.923 ; Acc: 34.475
2018-09-19 15:13:55,595:INFO: [TRAIN] Step: 416 ; Loss: 28.516 ; Acc: 34.472
2018-09-19 15:13:55,675:INFO: [TRAIN] Step: 417 ; Loss: 29.171 ; Acc: 34.480
2018-09-19 15:13:55,748:INFO: [TRAIN] Step: 418 ; Loss: 27.242 ; Acc: 34.487
2018-09-19 15:13:55,827:INFO: [TRAIN] Step: 419 ; Loss: 24.510 ; Acc: 34.454
2018-09-19 15:13:55,898:INFO: [TRAIN] Step: 420 ; Loss: 32.042 ; Acc: 34.452
2018-09-19 15:13:55,976:INFO: [TRAIN] Step: 421 ; Loss: 23.510 ; Acc: 34.469
2018-09-19 15:13:56,048:INFO: [TRAIN] Step: 422 ; Loss: 26.411 ; Acc: 34.427
2018-09-19 15:13:56,127:INFO: [TRAIN] Step: 423 ; Loss: 25.915 ; Acc: 34.385
2018-09-19 15:13:56,200:INFO: [TRAIN] Step: 424 ; Loss: 30.390 ; Acc: 34.373
2018-09-19 15:13:56,280:INFO: [TRAIN] Step: 425 ; Loss: 26.745 ; Acc: 34.399
2018-09-19 15:13:56,352:INFO: [TRAIN] Step: 426 ; Loss: 26.322 ; Acc: 34.397
2018-09-19 15:13:56,434:INFO: [TRAIN] Step: 427 ; Loss: 29.276 ; Acc: 34.385
2018-09-19 15:13:56,508:INFO: [TRAIN] Step: 428 ; Loss: 26.756 ; Acc: 34.363
2018-09-19 15:13:56,588:INFO: [TRAIN] Step: 429 ; Loss: 28.125 ; Acc: 34.399
2018-09-19 15:13:56,662:INFO: [TRAIN] Step: 430 ; Loss: 24.510 ; Acc: 34.455
2018-09-19 15:13:56,744:INFO: [TRAIN] Step: 431 ; Loss: 26.419 ; Acc: 34.491
2018-09-19 15:13:56,817:INFO: [TRAIN] Step: 432 ; Loss: 28.362 ; Acc: 34.488
2018-09-19 15:13:56,897:INFO: [TRAIN] Step: 433 ; Loss: 26.911 ; Acc: 34.485
2018-09-19 15:13:56,971:INFO: [TRAIN] Step: 434 ; Loss: 31.170 ; Acc: 34.492
2018-09-19 15:13:57,049:INFO: [TRAIN] Step: 435 ; Loss: 27.607 ; Acc: 34.480
2018-09-19 15:13:57,123:INFO: [TRAIN] Step: 436 ; Loss: 26.480 ; Acc: 34.506
2018-09-19 15:13:57,201:INFO: [TRAIN] Step: 437 ; Loss: 25.702 ; Acc: 34.494
2018-09-19 15:13:57,274:INFO: [TRAIN] Step: 438 ; Loss: 28.884 ; Acc: 34.501
2018-09-19 15:13:57,355:INFO: [TRAIN] Step: 439 ; Loss: 24.397 ; Acc: 34.545
2018-09-19 15:13:57,431:INFO: [TRAIN] Step: 440 ; Loss: 28.778 ; Acc: 34.533
2018-09-19 15:13:57,513:INFO: [TRAIN] Step: 441 ; Loss: 26.955 ; Acc: 34.549
2018-09-19 15:13:57,585:INFO: [TRAIN] Step: 442 ; Loss: 32.410 ; Acc: 34.556
2018-09-19 15:13:57,664:INFO: [TRAIN] Step: 443 ; Loss: 28.787 ; Acc: 34.525
2018-09-19 15:13:57,737:INFO: [TRAIN] Step: 444 ; Loss: 29.544 ; Acc: 34.504
2018-09-19 15:13:57,814:INFO: [TRAIN] Step: 445 ; Loss: 29.554 ; Acc: 34.501
2018-09-19 15:13:57,886:INFO: [TRAIN] Step: 446 ; Loss: 27.556 ; Acc: 34.508
2018-09-19 15:13:57,963:INFO: [TRAIN] Step: 447 ; Loss: 28.094 ; Acc: 34.524
2018-09-19 15:13:58,036:INFO: [TRAIN] Step: 448 ; Loss: 28.791 ; Acc: 34.530
2018-09-19 15:13:58,113:INFO: [TRAIN] Step: 449 ; Loss: 27.008 ; Acc: 34.519
2018-09-19 15:13:58,188:INFO: [TRAIN] Step: 450 ; Loss: 32.270 ; Acc: 34.507
2018-09-19 15:13:58,270:INFO: [TRAIN] Step: 451 ; Loss: 27.590 ; Acc: 34.513
2018-09-19 15:13:58,344:INFO: [TRAIN] Step: 452 ; Loss: 26.910 ; Acc: 34.520
2018-09-19 15:13:58,424:INFO: [TRAIN] Step: 453 ; Loss: 33.192 ; Acc: 34.508
2018-09-19 15:13:58,496:INFO: [TRAIN] Step: 454 ; Loss: 30.180 ; Acc: 34.515
2018-09-19 15:13:58,575:INFO: [TRAIN] Step: 455 ; Loss: 26.555 ; Acc: 34.512
2018-09-19 15:13:58,648:INFO: [TRAIN] Step: 456 ; Loss: 30.001 ; Acc: 34.473
2018-09-19 15:13:58,726:INFO: [TRAIN] Step: 457 ; Loss: 28.370 ; Acc: 34.461
2018-09-19 15:13:58,799:INFO: [TRAIN] Step: 458 ; Loss: 27.573 ; Acc: 34.459
2018-09-19 15:13:58,879:INFO: [TRAIN] Step: 459 ; Loss: 28.531 ; Acc: 34.457
2018-09-19 15:13:58,955:INFO: [TRAIN] Step: 460 ; Loss: 28.145 ; Acc: 34.445
2018-09-19 15:13:59,035:INFO: [TRAIN] Step: 461 ; Loss: 26.801 ; Acc: 34.416
2018-09-19 15:13:59,107:INFO: [TRAIN] Step: 462 ; Loss: 35.268 ; Acc: 34.368
2018-09-19 15:13:59,184:INFO: [TRAIN] Step: 463 ; Loss: 29.308 ; Acc: 34.366
2018-09-19 15:13:59,256:INFO: [TRAIN] Step: 464 ; Loss: 26.161 ; Acc: 34.355
2018-09-19 15:13:59,335:INFO: [TRAIN] Step: 465 ; Loss: 31.336 ; Acc: 34.353
2018-09-19 15:13:59,409:INFO: [TRAIN] Step: 466 ; Loss: 29.426 ; Acc: 34.359
2018-09-19 15:13:59,489:INFO: [TRAIN] Step: 467 ; Loss: 25.520 ; Acc: 34.384
2018-09-19 15:13:59,560:INFO: [TRAIN] Step: 468 ; Loss: 29.202 ; Acc: 34.373
2018-09-19 15:13:59,638:INFO: [TRAIN] Step: 469 ; Loss: 28.135 ; Acc: 34.388
2018-09-19 15:13:59,711:INFO: [TRAIN] Step: 470 ; Loss: 27.594 ; Acc: 34.413
2018-09-19 15:13:59,788:INFO: [TRAIN] Step: 471 ; Loss: 25.423 ; Acc: 34.410
2018-09-19 15:13:59,864:INFO: [TRAIN] Step: 472 ; Loss: 29.067 ; Acc: 34.390
2018-09-19 15:13:59,942:INFO: [TRAIN] Step: 473 ; Loss: 30.656 ; Acc: 34.397
2018-09-19 15:14:00,016:INFO: [TRAIN] Step: 474 ; Loss: 28.994 ; Acc: 34.404
2018-09-19 15:14:00,097:INFO: [TRAIN] Step: 475 ; Loss: 25.284 ; Acc: 34.410
2018-09-19 15:14:00,170:INFO: [TRAIN] Step: 476 ; Loss: 27.706 ; Acc: 34.416
2018-09-19 15:14:00,253:INFO: [TRAIN] Step: 477 ; Loss: 29.136 ; Acc: 34.406
2018-09-19 15:14:00,325:INFO: [TRAIN] Step: 478 ; Loss: 29.496 ; Acc: 34.386
2018-09-19 15:14:00,405:INFO: [TRAIN] Step: 479 ; Loss: 30.451 ; Acc: 34.375
2018-09-19 15:14:00,476:INFO: [TRAIN] Step: 480 ; Loss: 29.337 ; Acc: 34.364
2018-09-19 15:14:00,557:INFO: [TRAIN] Step: 481 ; Loss: 30.578 ; Acc: 34.353
2018-09-19 15:14:00,631:INFO: [TRAIN] Step: 482 ; Loss: 30.451 ; Acc: 34.351
2018-09-19 15:14:00,709:INFO: [TRAIN] Step: 483 ; Loss: 24.671 ; Acc: 34.306
2018-09-19 15:14:00,783:INFO: [TRAIN] Step: 484 ; Loss: 29.298 ; Acc: 34.287
2018-09-19 15:14:00,861:INFO: [TRAIN] Step: 485 ; Loss: 27.877 ; Acc: 34.259
2018-09-19 15:14:00,933:INFO: [TRAIN] Step: 486 ; Loss: 28.769 ; Acc: 34.257
2018-09-19 15:14:01,011:INFO: [TRAIN] Step: 487 ; Loss: 29.204 ; Acc: 34.247
2018-09-19 15:14:01,084:INFO: [TRAIN] Step: 488 ; Loss: 30.029 ; Acc: 34.202
2018-09-19 15:14:01,162:INFO: [TRAIN] Step: 489 ; Loss: 27.811 ; Acc: 34.201
2018-09-19 15:14:01,234:INFO: [TRAIN] Step: 490 ; Loss: 28.632 ; Acc: 34.165
2018-09-19 15:14:01,312:INFO: [TRAIN] Step: 491 ; Loss: 27.997 ; Acc: 34.138
2018-09-19 15:14:01,383:INFO: [TRAIN] Step: 492 ; Loss: 29.508 ; Acc: 34.111
2018-09-19 15:14:01,462:INFO: [TRAIN] Step: 493 ; Loss: 27.365 ; Acc: 34.118
2018-09-19 15:14:01,536:INFO: [TRAIN] Step: 494 ; Loss: 28.245 ; Acc: 34.133
2018-09-19 15:14:01,615:INFO: [TRAIN] Step: 495 ; Loss: 25.428 ; Acc: 34.140
2018-09-19 15:14:01,688:INFO: [TRAIN] Step: 496 ; Loss: 25.143 ; Acc: 34.163
2018-09-19 15:14:01,769:INFO: [TRAIN] Step: 497 ; Loss: 28.021 ; Acc: 34.178
2018-09-19 15:14:01,842:INFO: [TRAIN] Step: 498 ; Loss: 25.638 ; Acc: 34.185
2018-09-19 15:14:01,922:INFO: [TRAIN] Step: 499 ; Loss: 37.171 ; Acc: 34.150
2018-09-19 15:14:01,998:INFO: [TRAIN] Step: 500 ; Loss: 29.312 ; Acc: 34.132
2018-09-19 15:14:02,082:INFO: [TRAIN] Step: 501 ; Loss: 29.710 ; Acc: 34.155
2018-09-19 15:14:02,155:INFO: [TRAIN] Step: 502 ; Loss: 29.356 ; Acc: 34.162
2018-09-19 15:14:02,238:INFO: [TRAIN] Step: 503 ; Loss: 27.528 ; Acc: 34.168
2018-09-19 15:14:02,313:INFO: [TRAIN] Step: 504 ; Loss: 25.950 ; Acc: 34.167
2018-09-19 15:14:02,393:INFO: [TRAIN] Step: 505 ; Loss: 34.428 ; Acc: 34.124
2018-09-19 15:14:02,464:INFO: [TRAIN] Step: 506 ; Loss: 30.177 ; Acc: 34.131
2018-09-19 15:14:02,543:INFO: [TRAIN] Step: 507 ; Loss: 26.808 ; Acc: 34.154
2018-09-19 15:14:02,616:INFO: [TRAIN] Step: 508 ; Loss: 30.676 ; Acc: 34.152
2018-09-19 15:14:02,697:INFO: [TRAIN] Step: 509 ; Loss: 29.130 ; Acc: 34.150
2018-09-19 15:14:02,768:INFO: [TRAIN] Step: 510 ; Loss: 26.637 ; Acc: 34.189
2018-09-19 15:14:02,847:INFO: [TRAIN] Step: 511 ; Loss: 26.954 ; Acc: 34.220
2018-09-19 15:14:02,918:INFO: [TRAIN] Step: 512 ; Loss: 32.849 ; Acc: 34.178
2018-09-19 15:14:02,996:INFO: [TRAIN] Step: 513 ; Loss: 34.528 ; Acc: 34.144
2018-09-19 15:14:03,070:INFO: [TRAIN] Step: 514 ; Loss: 27.555 ; Acc: 34.150
2018-09-19 15:14:03,152:INFO: [TRAIN] Step: 515 ; Loss: 31.063 ; Acc: 34.141
2018-09-19 15:14:03,226:INFO: [TRAIN] Step: 516 ; Loss: 28.636 ; Acc: 34.131
2018-09-19 15:14:03,304:INFO: [TRAIN] Step: 517 ; Loss: 26.251 ; Acc: 34.138
2018-09-19 15:14:03,377:INFO: [TRAIN] Step: 518 ; Loss: 27.253 ; Acc: 34.120
2018-09-19 15:14:03,456:INFO: [TRAIN] Step: 519 ; Loss: 28.228 ; Acc: 34.103
2018-09-19 15:14:03,527:INFO: [TRAIN] Step: 520 ; Loss: 27.053 ; Acc: 34.053
2018-09-19 15:14:03,606:INFO: [TRAIN] Step: 521 ; Loss: 28.187 ; Acc: 34.052
2018-09-19 15:14:03,680:INFO: [TRAIN] Step: 522 ; Loss: 29.434 ; Acc: 34.018
2018-09-19 15:14:03,760:INFO: [TRAIN] Step: 523 ; Loss: 28.565 ; Acc: 34.017
2018-09-19 15:14:03,834:INFO: [TRAIN] Step: 524 ; Loss: 28.291 ; Acc: 34.040
2018-09-19 15:14:03,915:INFO: [TRAIN] Step: 525 ; Loss: 31.888 ; Acc: 34.022
2018-09-19 15:14:03,986:INFO: [TRAIN] Step: 526 ; Loss: 29.667 ; Acc: 34.037
2018-09-19 15:14:04,066:INFO: [TRAIN] Step: 527 ; Loss: 26.409 ; Acc: 34.067
2018-09-19 15:14:04,140:INFO: [TRAIN] Step: 528 ; Loss: 31.328 ; Acc: 34.050
2018-09-19 15:14:04,220:INFO: [TRAIN] Step: 529 ; Loss: 30.319 ; Acc: 34.033
2018-09-19 15:14:04,292:INFO: [TRAIN] Step: 530 ; Loss: 28.910 ; Acc: 34.040
2018-09-19 15:14:04,371:INFO: [TRAIN] Step: 531 ; Loss: 26.291 ; Acc: 34.062
2018-09-19 15:14:04,443:INFO: [TRAIN] Step: 532 ; Loss: 26.718 ; Acc: 34.084
2018-09-19 15:14:04,522:INFO: [TRAIN] Step: 533 ; Loss: 29.045 ; Acc: 34.082
2018-09-19 15:14:04,596:INFO: [TRAIN] Step: 534 ; Loss: 27.981 ; Acc: 34.097
2018-09-19 15:14:04,676:INFO: [TRAIN] Step: 535 ; Loss: 30.229 ; Acc: 34.087
2018-09-19 15:14:04,748:INFO: [TRAIN] Step: 536 ; Loss: 31.855 ; Acc: 34.101
2018-09-19 15:14:04,826:INFO: [TRAIN] Step: 537 ; Loss: 27.465 ; Acc: 34.116
2018-09-19 15:14:04,900:INFO: [TRAIN] Step: 538 ; Loss: 27.753 ; Acc: 34.130
2018-09-19 15:14:04,979:INFO: [TRAIN] Step: 539 ; Loss: 30.980 ; Acc: 34.120
2018-09-19 15:14:05,051:INFO: [TRAIN] Step: 540 ; Loss: 30.184 ; Acc: 34.096
2018-09-19 15:14:05,143:INFO: [TRAIN] Step: 541 ; Loss: 29.440 ; Acc: 34.079
2018-09-19 15:14:05,229:INFO: [TRAIN] Step: 542 ; Loss: 30.018 ; Acc: 34.085
2018-09-19 15:14:05,309:INFO: [TRAIN] Step: 543 ; Loss: 26.798 ; Acc: 34.076
2018-09-19 15:14:05,384:INFO: [TRAIN] Step: 544 ; Loss: 24.079 ; Acc: 34.083
2018-09-19 15:14:05,463:INFO: [TRAIN] Step: 545 ; Loss: 26.512 ; Acc: 34.119
2018-09-19 15:14:05,537:INFO: [TRAIN] Step: 546 ; Loss: 28.666 ; Acc: 34.133
2018-09-19 15:14:05,615:INFO: [TRAIN] Step: 547 ; Loss: 32.539 ; Acc: 34.109
2018-09-19 15:14:05,688:INFO: [TRAIN] Step: 548 ; Loss: 30.258 ; Acc: 34.107
2018-09-19 15:14:05,767:INFO: [TRAIN] Step: 549 ; Loss: 30.691 ; Acc: 34.114
2018-09-19 15:14:05,842:INFO: [TRAIN] Step: 550 ; Loss: 28.975 ; Acc: 34.150
2018-09-19 15:14:05,923:INFO: [TRAIN] Step: 551 ; Loss: 26.036 ; Acc: 34.164
2018-09-19 15:14:05,994:INFO: [TRAIN] Step: 552 ; Loss: 33.518 ; Acc: 34.162
2018-09-19 15:14:06,073:INFO: [TRAIN] Step: 553 ; Loss: 27.208 ; Acc: 34.183
2018-09-19 15:14:06,163:INFO: [TRAIN] Step: 554 ; Loss: 28.550 ; Acc: 34.197
2018-09-19 15:14:06,270:INFO: [TRAIN] Step: 555 ; Loss: 30.358 ; Acc: 34.203
2018-09-19 15:14:06,343:INFO: [TRAIN] Step: 556 ; Loss: 30.410 ; Acc: 34.179
2018-09-19 15:14:06,437:INFO: [TRAIN] Step: 557 ; Loss: 26.338 ; Acc: 34.200
2018-09-19 15:14:06,509:INFO: [TRAIN] Step: 558 ; Loss: 32.176 ; Acc: 34.183
2018-09-19 15:14:06,599:INFO: [TRAIN] Step: 559 ; Loss: 29.739 ; Acc: 34.196
2018-09-19 15:14:06,677:INFO: [TRAIN] Step: 560 ; Loss: 29.430 ; Acc: 34.187
2018-09-19 15:14:06,762:INFO: [TRAIN] Step: 561 ; Loss: 27.606 ; Acc: 34.186
2018-09-19 15:14:06,838:INFO: [TRAIN] Step: 562 ; Loss: 26.987 ; Acc: 34.199
2018-09-19 15:14:06,921:INFO: [TRAIN] Step: 563 ; Loss: 31.970 ; Acc: 34.168
2018-09-19 15:14:06,993:INFO: [TRAIN] Step: 564 ; Loss: 30.931 ; Acc: 34.159
2018-09-19 15:14:07,089:INFO: [TRAIN] Step: 565 ; Loss: 25.979 ; Acc: 34.187
2018-09-19 15:14:07,171:INFO: [TRAIN] Step: 566 ; Loss: 30.468 ; Acc: 34.186
2018-09-19 15:14:07,257:INFO: [TRAIN] Step: 567 ; Loss: 28.031 ; Acc: 34.206
2018-09-19 15:14:07,332:INFO: [TRAIN] Step: 568 ; Loss: 29.076 ; Acc: 34.249
2018-09-19 15:14:07,413:INFO: [TRAIN] Step: 569 ; Loss: 29.112 ; Acc: 34.276
2018-09-19 15:14:07,504:INFO: [TRAIN] Step: 570 ; Loss: 22.084 ; Acc: 34.304
2018-09-19 15:14:07,590:INFO: [TRAIN] Step: 571 ; Loss: 29.678 ; Acc: 34.339
2018-09-19 15:14:07,665:INFO: [TRAIN] Step: 572 ; Loss: 28.682 ; Acc: 34.315
2018-09-19 15:14:07,743:INFO: [TRAIN] Step: 573 ; Loss: 25.856 ; Acc: 34.357
2018-09-19 15:14:07,817:INFO: [TRAIN] Step: 574 ; Loss: 30.777 ; Acc: 34.377
2018-09-19 15:14:07,908:INFO: [TRAIN] Step: 575 ; Loss: 29.545 ; Acc: 34.368
2018-09-19 15:14:07,980:INFO: [TRAIN] Step: 576 ; Loss: 24.030 ; Acc: 34.395
2018-09-19 15:14:08,068:INFO: [TRAIN] Step: 577 ; Loss: 28.432 ; Acc: 34.415
2018-09-19 15:14:08,159:INFO: [TRAIN] Step: 578 ; Loss: 26.830 ; Acc: 34.427
2018-09-19 15:14:08,251:INFO: [TRAIN] Step: 579 ; Loss: 30.557 ; Acc: 34.425
2018-09-19 15:14:08,329:INFO: [TRAIN] Step: 580 ; Loss: 30.142 ; Acc: 34.431
2018-09-19 15:14:08,407:INFO: [TRAIN] Step: 581 ; Loss: 32.095 ; Acc: 34.422
2018-09-19 15:14:08,481:INFO: [TRAIN] Step: 582 ; Loss: 26.316 ; Acc: 34.427
2018-09-19 15:14:08,561:INFO: [TRAIN] Step: 583 ; Loss: 28.519 ; Acc: 34.432
2018-09-19 15:14:08,635:INFO: [TRAIN] Step: 584 ; Loss: 32.785 ; Acc: 34.437
2018-09-19 15:14:08,716:INFO: [TRAIN] Step: 585 ; Loss: 29.099 ; Acc: 34.443
2018-09-19 15:14:08,792:INFO: [TRAIN] Step: 586 ; Loss: 31.252 ; Acc: 34.441
2018-09-19 15:14:08,871:INFO: [TRAIN] Step: 587 ; Loss: 29.787 ; Acc: 34.446
2018-09-19 15:14:08,942:INFO: [TRAIN] Step: 588 ; Loss: 27.019 ; Acc: 34.451
2018-09-19 15:14:09,021:INFO: [TRAIN] Step: 589 ; Loss: 30.281 ; Acc: 34.470
2018-09-19 15:14:09,094:INFO: [TRAIN] Step: 590 ; Loss: 26.411 ; Acc: 34.497
2018-09-19 15:14:09,188:INFO: [TRAIN] Step: 591 ; Loss: 29.005 ; Acc: 34.481
2018-09-19 15:14:09,269:INFO: [TRAIN] Step: 592 ; Loss: 27.595 ; Acc: 34.507
2018-09-19 15:14:09,357:INFO: [TRAIN] Step: 593 ; Loss: 29.755 ; Acc: 34.491
2018-09-19 15:14:09,440:INFO: [TRAIN] Step: 594 ; Loss: 31.353 ; Acc: 34.475
2018-09-19 15:14:09,531:INFO: [TRAIN] Step: 595 ; Loss: 28.006 ; Acc: 34.473
2018-09-19 15:14:09,603:INFO: [TRAIN] Step: 596 ; Loss: 28.146 ; Acc: 34.464
2018-09-19 15:14:09,680:INFO: [TRAIN] Step: 597 ; Loss: 28.798 ; Acc: 34.441
2018-09-19 15:14:09,755:INFO: [TRAIN] Step: 598 ; Loss: 27.013 ; Acc: 34.460
2018-09-19 15:14:09,834:INFO: [TRAIN] Step: 599 ; Loss: 27.843 ; Acc: 34.465
2018-09-19 15:14:09,906:INFO: [TRAIN] Step: 600 ; Loss: 29.628 ; Acc: 34.429
2018-09-19 15:14:09,985:INFO: [TRAIN] Step: 601 ; Loss: 30.306 ; Acc: 34.427
2018-09-19 15:14:10,057:INFO: [TRAIN] Step: 602 ; Loss: 27.197 ; Acc: 34.418
2018-09-19 15:14:10,135:INFO: [TRAIN] Step: 603 ; Loss: 26.710 ; Acc: 34.423
2018-09-19 15:14:10,211:INFO: [TRAIN] Step: 604 ; Loss: 26.220 ; Acc: 34.435
2018-09-19 15:14:10,291:INFO: [TRAIN] Step: 605 ; Loss: 30.796 ; Acc: 34.420
2018-09-19 15:14:10,365:INFO: [TRAIN] Step: 606 ; Loss: 32.271 ; Acc: 34.384
2018-09-19 15:14:10,445:INFO: [TRAIN] Step: 607 ; Loss: 31.141 ; Acc: 34.354
2018-09-19 15:14:10,516:INFO: [TRAIN] Step: 608 ; Loss: 28.197 ; Acc: 34.346
2018-09-19 15:14:10,597:INFO: [TRAIN] Step: 609 ; Loss: 25.576 ; Acc: 34.358
2018-09-19 15:14:10,669:INFO: [TRAIN] Step: 610 ; Loss: 25.214 ; Acc: 34.370
2018-09-19 15:14:10,749:INFO: [TRAIN] Step: 611 ; Loss: 32.492 ; Acc: 34.341
2018-09-19 15:14:10,824:INFO: [TRAIN] Step: 612 ; Loss: 28.193 ; Acc: 34.333
2018-09-19 15:14:10,902:INFO: [TRAIN] Step: 613 ; Loss: 36.006 ; Acc: 34.290
2018-09-19 15:14:10,977:INFO: [TRAIN] Step: 614 ; Loss: 31.532 ; Acc: 34.262
2018-09-19 15:14:11,056:INFO: [TRAIN] Step: 615 ; Loss: 27.030 ; Acc: 34.260
2018-09-19 15:14:11,132:INFO: [TRAIN] Step: 616 ; Loss: 29.702 ; Acc: 34.252
2018-09-19 15:14:11,211:INFO: [TRAIN] Step: 617 ; Loss: 29.398 ; Acc: 34.270
2018-09-19 15:14:11,283:INFO: [TRAIN] Step: 618 ; Loss: 29.527 ; Acc: 34.282
2018-09-19 15:14:11,366:INFO: [TRAIN] Step: 619 ; Loss: 28.722 ; Acc: 34.281
2018-09-19 15:14:11,438:INFO: [TRAIN] Step: 620 ; Loss: 28.671 ; Acc: 34.286
2018-09-19 15:14:11,518:INFO: [TRAIN] Step: 621 ; Loss: 26.715 ; Acc: 34.285
2018-09-19 15:14:11,591:INFO: [TRAIN] Step: 622 ; Loss: 23.599 ; Acc: 34.310
2018-09-19 15:14:11,670:INFO: [TRAIN] Step: 623 ; Loss: 29.385 ; Acc: 34.302
2018-09-19 15:14:11,746:INFO: [TRAIN] Step: 624 ; Loss: 28.226 ; Acc: 34.287
2018-09-19 15:14:11,825:INFO: [TRAIN] Step: 625 ; Loss: 29.898 ; Acc: 34.292
2018-09-19 15:14:11,898:INFO: [TRAIN] Step: 626 ; Loss: 29.948 ; Acc: 34.277
2018-09-19 15:14:11,978:INFO: [TRAIN] Step: 627 ; Loss: 28.529 ; Acc: 34.269
2018-09-19 15:14:12,051:INFO: [TRAIN] Step: 628 ; Loss: 30.082 ; Acc: 34.281
2018-09-19 15:14:12,130:INFO: [TRAIN] Step: 629 ; Loss: 27.481 ; Acc: 34.292
2018-09-19 15:14:12,202:INFO: [TRAIN] Step: 630 ; Loss: 32.123 ; Acc: 34.284
2018-09-19 15:14:12,279:INFO: [TRAIN] Step: 631 ; Loss: 26.556 ; Acc: 34.276
2018-09-19 15:14:12,351:INFO: [TRAIN] Step: 632 ; Loss: 27.173 ; Acc: 34.288
2018-09-19 15:14:12,429:INFO: [TRAIN] Step: 633 ; Loss: 23.907 ; Acc: 34.339
2018-09-19 15:14:12,500:INFO: [TRAIN] Step: 634 ; Loss: 30.008 ; Acc: 34.331
2018-09-19 15:14:12,579:INFO: [TRAIN] Step: 635 ; Loss: 31.549 ; Acc: 34.309
2018-09-19 15:14:12,651:INFO: [TRAIN] Step: 636 ; Loss: 28.716 ; Acc: 34.301
2018-09-19 15:14:12,729:INFO: [TRAIN] Step: 637 ; Loss: 29.781 ; Acc: 34.313
2018-09-19 15:14:12,804:INFO: [TRAIN] Step: 638 ; Loss: 30.011 ; Acc: 34.324
2018-09-19 15:14:12,882:INFO: [TRAIN] Step: 639 ; Loss: 29.350 ; Acc: 34.316
2018-09-19 15:14:12,953:INFO: [TRAIN] Step: 640 ; Loss: 27.458 ; Acc: 34.341
2018-09-19 15:14:13,032:INFO: [TRAIN] Step: 641 ; Loss: 24.904 ; Acc: 34.372
2018-09-19 15:14:13,105:INFO: [TRAIN] Step: 642 ; Loss: 30.102 ; Acc: 34.370
2018-09-19 15:14:13,184:INFO: [TRAIN] Step: 643 ; Loss: 29.322 ; Acc: 34.362
2018-09-19 15:14:13,257:INFO: [TRAIN] Step: 644 ; Loss: 26.471 ; Acc: 34.373
2018-09-19 15:14:13,335:INFO: [TRAIN] Step: 645 ; Loss: 27.103 ; Acc: 34.385
2018-09-19 15:14:13,409:INFO: [TRAIN] Step: 646 ; Loss: 27.090 ; Acc: 34.402
2018-09-19 15:14:13,489:INFO: [TRAIN] Step: 647 ; Loss: 30.059 ; Acc: 34.375
2018-09-19 15:14:13,561:INFO: [TRAIN] Step: 648 ; Loss: 27.262 ; Acc: 34.386
2018-09-19 15:14:13,643:INFO: [TRAIN] Step: 649 ; Loss: 33.336 ; Acc: 34.372
2018-09-19 15:14:13,715:INFO: [TRAIN] Step: 650 ; Loss: 27.181 ; Acc: 34.351
2018-09-19 15:14:13,795:INFO: [TRAIN] Step: 651 ; Loss: 26.148 ; Acc: 34.381
2018-09-19 15:14:13,869:INFO: [TRAIN] Step: 652 ; Loss: 28.570 ; Acc: 34.373
2018-09-19 15:14:13,949:INFO: [TRAIN] Step: 653 ; Loss: 30.906 ; Acc: 34.340
2018-09-19 15:14:14,021:INFO: [TRAIN] Step: 654 ; Loss: 25.307 ; Acc: 34.326
2018-09-19 15:14:14,101:INFO: [TRAIN] Step: 655 ; Loss: 31.279 ; Acc: 34.324
2018-09-19 15:14:14,173:INFO: [TRAIN] Step: 656 ; Loss: 30.259 ; Acc: 34.304
2018-09-19 15:14:14,253:INFO: [TRAIN] Step: 657 ; Loss: 28.959 ; Acc: 34.283
2018-09-19 15:14:14,327:INFO: [TRAIN] Step: 658 ; Loss: 27.867 ; Acc: 34.275
2018-09-19 15:14:14,407:INFO: [TRAIN] Step: 659 ; Loss: 29.222 ; Acc: 34.268
2018-09-19 15:14:14,479:INFO: [TRAIN] Step: 660 ; Loss: 26.993 ; Acc: 34.266
2018-09-19 15:14:14,559:INFO: [TRAIN] Step: 661 ; Loss: 28.784 ; Acc: 34.265
2018-09-19 15:14:14,632:INFO: [TRAIN] Step: 662 ; Loss: 30.548 ; Acc: 34.270
2018-09-19 15:14:14,712:INFO: [TRAIN] Step: 663 ; Loss: 33.782 ; Acc: 34.243
2018-09-19 15:14:14,786:INFO: [TRAIN] Step: 664 ; Loss: 28.627 ; Acc: 34.248
2018-09-19 15:14:14,867:INFO: [TRAIN] Step: 665 ; Loss: 27.760 ; Acc: 34.266
2018-09-19 15:14:14,939:INFO: [TRAIN] Step: 666 ; Loss: 30.332 ; Acc: 34.277
2018-09-19 15:14:15,018:INFO: [TRAIN] Step: 667 ; Loss: 27.535 ; Acc: 34.300
2018-09-19 15:14:15,092:INFO: [TRAIN] Step: 668 ; Loss: 28.687 ; Acc: 34.305
2018-09-19 15:14:15,172:INFO: [TRAIN] Step: 669 ; Loss: 29.758 ; Acc: 34.316
2018-09-19 15:14:15,246:INFO: [TRAIN] Step: 670 ; Loss: 25.114 ; Acc: 34.308
2018-09-19 15:14:15,327:INFO: [TRAIN] Step: 671 ; Loss: 33.738 ; Acc: 34.301
2018-09-19 15:14:15,400:INFO: [TRAIN] Step: 672 ; Loss: 26.440 ; Acc: 34.312
2018-09-19 15:14:15,479:INFO: [TRAIN] Step: 673 ; Loss: 31.577 ; Acc: 34.298
2018-09-19 15:14:15,553:INFO: [TRAIN] Step: 674 ; Loss: 30.517 ; Acc: 34.315
2018-09-19 15:14:15,635:INFO: [TRAIN] Step: 675 ; Loss: 31.364 ; Acc: 34.307
2018-09-19 15:14:15,707:INFO: [TRAIN] Step: 676 ; Loss: 27.394 ; Acc: 34.312
2018-09-19 15:14:15,789:INFO: [TRAIN] Step: 677 ; Loss: 27.747 ; Acc: 34.329
2018-09-19 15:14:15,864:INFO: [TRAIN] Step: 678 ; Loss: 29.345 ; Acc: 34.334
2018-09-19 15:14:15,945:INFO: [TRAIN] Step: 679 ; Loss: 31.443 ; Acc: 34.326
2018-09-19 15:14:16,020:INFO: [TRAIN] Step: 680 ; Loss: 26.867 ; Acc: 34.318
2018-09-19 15:14:16,103:INFO: [TRAIN] Step: 681 ; Loss: 28.923 ; Acc: 34.305
2018-09-19 15:14:16,178:INFO: [TRAIN] Step: 682 ; Loss: 31.026 ; Acc: 34.309
2018-09-19 15:14:16,259:INFO: [TRAIN] Step: 683 ; Loss: 28.983 ; Acc: 34.302
2018-09-19 15:14:16,334:INFO: [TRAIN] Step: 684 ; Loss: 33.415 ; Acc: 34.288
2018-09-19 15:14:16,418:INFO: [TRAIN] Step: 685 ; Loss: 29.458 ; Acc: 34.293
2018-09-19 15:14:16,495:INFO: [TRAIN] Step: 686 ; Loss: 26.977 ; Acc: 34.286
2018-09-19 15:14:16,580:INFO: [TRAIN] Step: 687 ; Loss: 26.678 ; Acc: 34.296
2018-09-19 15:14:16,656:INFO: [TRAIN] Step: 688 ; Loss: 29.889 ; Acc: 34.289
2018-09-19 15:14:16,737:INFO: [TRAIN] Step: 689 ; Loss: 32.654 ; Acc: 34.275
2018-09-19 15:14:16,815:INFO: [TRAIN] Step: 690 ; Loss: 27.673 ; Acc: 34.274
2018-09-19 15:14:16,900:INFO: [TRAIN] Step: 691 ; Loss: 30.037 ; Acc: 34.267
2018-09-19 15:14:16,978:INFO: [TRAIN] Step: 692 ; Loss: 30.310 ; Acc: 34.271
2018-09-19 15:14:17,061:INFO: [TRAIN] Step: 693 ; Loss: 25.790 ; Acc: 34.246
2018-09-19 15:14:17,142:INFO: [TRAIN] Step: 694 ; Loss: 26.830 ; Acc: 34.251
2018-09-19 15:14:17,227:INFO: [TRAIN] Step: 695 ; Loss: 25.540 ; Acc: 34.231
2018-09-19 15:14:17,305:INFO: [TRAIN] Step: 696 ; Loss: 28.235 ; Acc: 34.218
2018-09-19 15:14:17,389:INFO: [TRAIN] Step: 697 ; Loss: 29.437 ; Acc: 34.193
2018-09-19 15:14:17,473:INFO: [TRAIN] Step: 698 ; Loss: 24.549 ; Acc: 34.210
2018-09-19 15:14:17,566:INFO: [TRAIN] Step: 699 ; Loss: 27.110 ; Acc: 34.202
2018-09-19 15:14:17,654:INFO: [TRAIN] Step: 700 ; Loss: 29.858 ; Acc: 34.195
2018-09-19 15:14:17,741:INFO: [TRAIN] Step: 701 ; Loss: 23.934 ; Acc: 34.206
2018-09-19 15:14:17,821:INFO: [TRAIN] Step: 702 ; Loss: 28.641 ; Acc: 34.216
2018-09-19 15:14:17,911:INFO: [TRAIN] Step: 703 ; Loss: 30.237 ; Acc: 34.203
2018-09-19 15:14:17,993:INFO: [TRAIN] Step: 704 ; Loss: 28.127 ; Acc: 34.196
2018-09-19 15:14:18,085:INFO: [TRAIN] Step: 705 ; Loss: 30.201 ; Acc: 34.195
2018-09-19 15:14:18,170:INFO: [TRAIN] Step: 706 ; Loss: 31.744 ; Acc: 34.194
2018-09-19 15:14:18,262:INFO: [TRAIN] Step: 707 ; Loss: 23.670 ; Acc: 34.210
2018-09-19 15:14:18,348:INFO: [TRAIN] Step: 708 ; Loss: 34.605 ; Acc: 34.209
2018-09-19 15:14:18,445:INFO: [TRAIN] Step: 709 ; Loss: 28.264 ; Acc: 34.202
2018-09-19 15:14:18,534:INFO: [TRAIN] Step: 710 ; Loss: 26.410 ; Acc: 34.195
2018-09-19 15:14:18,632:INFO: [TRAIN] Step: 711 ; Loss: 31.712 ; Acc: 34.188
2018-09-19 15:14:18,724:INFO: [TRAIN] Step: 712 ; Loss: 28.538 ; Acc: 34.198
2018-09-19 15:14:18,824:INFO: [TRAIN] Step: 713 ; Loss: 29.437 ; Acc: 34.203
2018-09-19 15:14:18,914:INFO: [TRAIN] Step: 714 ; Loss: 28.150 ; Acc: 34.207
2018-09-19 15:14:19,015:INFO: [TRAIN] Step: 715 ; Loss: 28.221 ; Acc: 34.218
2018-09-19 15:14:19,110:INFO: [TRAIN] Step: 716 ; Loss: 32.387 ; Acc: 34.199
2018-09-19 15:14:19,217:INFO: [TRAIN] Step: 717 ; Loss: 30.196 ; Acc: 34.210
2018-09-19 15:14:19,314:INFO: [TRAIN] Step: 718 ; Loss: 29.283 ; Acc: 34.220
2018-09-19 15:14:19,416:INFO: [TRAIN] Step: 719 ; Loss: 27.345 ; Acc: 34.225
2018-09-19 15:14:19,514:INFO: [TRAIN] Step: 720 ; Loss: 26.726 ; Acc: 34.218
2018-09-19 15:14:19,619:INFO: [TRAIN] Step: 721 ; Loss: 31.965 ; Acc: 34.216
2018-09-19 15:14:19,717:INFO: [TRAIN] Step: 722 ; Loss: 30.774 ; Acc: 34.227
2018-09-19 15:14:19,825:INFO: [TRAIN] Step: 723 ; Loss: 30.746 ; Acc: 34.214
2018-09-19 15:14:19,927:INFO: [TRAIN] Step: 724 ; Loss: 26.428 ; Acc: 34.195
2018-09-19 15:14:20,037:INFO: [TRAIN] Step: 725 ; Loss: 29.370 ; Acc: 34.183
2018-09-19 15:14:20,148:INFO: [TRAIN] Step: 726 ; Loss: 26.948 ; Acc: 34.193
2018-09-19 15:14:20,255:INFO: [TRAIN] Step: 727 ; Loss: 28.021 ; Acc: 34.209
2018-09-19 15:14:20,370:INFO: [TRAIN] Step: 728 ; Loss: 33.724 ; Acc: 34.191
2018-09-19 15:14:20,480:INFO: [TRAIN] Step: 729 ; Loss: 28.579 ; Acc: 34.201
2018-09-19 15:14:20,592:INFO: [TRAIN] Step: 730 ; Loss: 30.380 ; Acc: 34.194
2018-09-19 15:14:20,714:INFO: [TRAIN] Step: 731 ; Loss: 27.640 ; Acc: 34.187
2018-09-19 15:14:20,827:INFO: [TRAIN] Step: 732 ; Loss: 28.856 ; Acc: 34.180
2018-09-19 15:14:20,940:INFO: [TRAIN] Step: 733 ; Loss: 27.084 ; Acc: 34.185
2018-09-19 15:14:21,054:INFO: [TRAIN] Step: 734 ; Loss: 27.596 ; Acc: 34.195
2018-09-19 15:14:21,172:INFO: [TRAIN] Step: 735 ; Loss: 26.617 ; Acc: 34.200
2018-09-19 15:14:21,288:INFO: [TRAIN] Step: 736 ; Loss: 28.293 ; Acc: 34.193
2018-09-19 15:14:21,406:INFO: [TRAIN] Step: 737 ; Loss: 26.790 ; Acc: 34.203
2018-09-19 15:14:21,522:INFO: [TRAIN] Step: 738 ; Loss: 33.669 ; Acc: 34.196
2018-09-19 15:14:21,640:INFO: [TRAIN] Step: 739 ; Loss: 26.193 ; Acc: 34.217
2018-09-19 15:14:21,761:INFO: [TRAIN] Step: 740 ; Loss: 29.852 ; Acc: 34.222
2018-09-19 15:14:21,880:INFO: [TRAIN] Step: 741 ; Loss: 29.001 ; Acc: 34.204
2018-09-19 15:14:22,002:INFO: [TRAIN] Step: 742 ; Loss: 26.146 ; Acc: 34.225
2018-09-19 15:14:22,125:INFO: [TRAIN] Step: 743 ; Loss: 30.644 ; Acc: 34.224
2018-09-19 15:14:22,247:INFO: [TRAIN] Step: 744 ; Loss: 30.145 ; Acc: 34.217
2018-09-19 15:14:22,370:INFO: [TRAIN] Step: 745 ; Loss: 29.794 ; Acc: 34.205
2018-09-19 15:14:22,495:INFO: [TRAIN] Step: 746 ; Loss: 30.000 ; Acc: 34.220
2018-09-19 15:14:22,616:INFO: [TRAIN] Step: 747 ; Loss: 26.964 ; Acc: 34.241
2018-09-19 15:14:22,743:INFO: [TRAIN] Step: 748 ; Loss: 27.602 ; Acc: 34.257
2018-09-19 15:14:22,863:INFO: [TRAIN] Step: 749 ; Loss: 27.121 ; Acc: 34.267
2018-09-19 15:14:22,988:INFO: [TRAIN] Step: 750 ; Loss: 28.020 ; Acc: 34.271
2018-09-19 15:14:23,115:INFO: [TRAIN] Step: 751 ; Loss: 29.061 ; Acc: 34.270
2018-09-19 15:14:23,238:INFO: [TRAIN] Step: 752 ; Loss: 25.297 ; Acc: 34.263
2018-09-19 15:14:23,361:INFO: [TRAIN] Step: 753 ; Loss: 24.920 ; Acc: 34.295
2018-09-19 15:14:23,482:INFO: [TRAIN] Step: 754 ; Loss: 26.840 ; Acc: 34.272
2018-09-19 15:14:23,604:INFO: [TRAIN] Step: 755 ; Loss: 28.903 ; Acc: 34.265
2018-09-19 15:14:23,728:INFO: [TRAIN] Step: 756 ; Loss: 31.470 ; Acc: 34.286
2018-09-19 15:14:23,851:INFO: [TRAIN] Step: 757 ; Loss: 24.787 ; Acc: 34.295
2018-09-19 15:14:23,975:INFO: [TRAIN] Step: 758 ; Loss: 28.026 ; Acc: 34.294
2018-09-19 15:14:24,100:INFO: [TRAIN] Step: 759 ; Loss: 31.586 ; Acc: 34.304
2018-09-19 15:14:24,226:INFO: [TRAIN] Step: 760 ; Loss: 31.040 ; Acc: 34.302
2018-09-19 15:14:24,354:INFO: [TRAIN] Step: 761 ; Loss: 29.621 ; Acc: 34.312
2018-09-19 15:14:24,483:INFO: [TRAIN] Step: 762 ; Loss: 27.957 ; Acc: 34.305
2018-09-19 15:14:24,609:INFO: [TRAIN] Step: 763 ; Loss: 29.420 ; Acc: 34.299
2018-09-19 15:14:24,736:INFO: [TRAIN] Step: 764 ; Loss: 28.261 ; Acc: 34.297
2018-09-19 15:14:24,859:INFO: [TRAIN] Step: 765 ; Loss: 25.927 ; Acc: 34.296
2018-09-19 15:14:24,987:INFO: [TRAIN] Step: 766 ; Loss: 28.619 ; Acc: 34.284
2018-09-19 15:14:25,116:INFO: [TRAIN] Step: 767 ; Loss: 26.632 ; Acc: 34.288
2018-09-19 15:14:25,243:INFO: [TRAIN] Step: 768 ; Loss: 26.725 ; Acc: 34.292
2018-09-19 15:14:25,366:INFO: [TRAIN] Step: 769 ; Loss: 29.827 ; Acc: 34.253
2018-09-19 15:14:25,493:INFO: [TRAIN] Step: 770 ; Loss: 29.100 ; Acc: 34.252
2018-09-19 15:14:25,620:INFO: [TRAIN] Step: 771 ; Loss: 28.094 ; Acc: 34.251
2018-09-19 15:14:25,744:INFO: [TRAIN] Step: 772 ; Loss: 29.190 ; Acc: 34.228
2018-09-19 15:14:25,873:INFO: [TRAIN] Step: 773 ; Loss: 28.266 ; Acc: 34.216
2018-09-19 15:14:25,996:INFO: [TRAIN] Step: 774 ; Loss: 29.624 ; Acc: 34.194
2018-09-19 15:14:26,130:INFO: [TRAIN] Step: 775 ; Loss: 28.745 ; Acc: 34.198
2018-09-19 15:14:26,260:INFO: [TRAIN] Step: 776 ; Loss: 31.689 ; Acc: 34.175
2018-09-19 15:14:26,396:INFO: [TRAIN] Step: 777 ; Loss: 24.848 ; Acc: 34.185
2018-09-19 15:14:26,521:INFO: [TRAIN] Step: 778 ; Loss: 27.423 ; Acc: 34.184
2018-09-19 15:14:26,649:INFO: [TRAIN] Step: 779 ; Loss: 29.077 ; Acc: 34.183
2018-09-19 15:14:26,775:INFO: [TRAIN] Step: 780 ; Loss: 30.663 ; Acc: 34.171
2018-09-19 15:14:26,904:INFO: [TRAIN] Step: 781 ; Loss: 31.826 ; Acc: 34.181
2018-09-19 15:14:27,030:INFO: [TRAIN] Step: 782 ; Loss: 25.158 ; Acc: 34.190
2018-09-19 15:14:27,160:INFO: [TRAIN] Step: 783 ; Loss: 28.796 ; Acc: 34.205
2018-09-19 15:14:27,290:INFO: [TRAIN] Step: 784 ; Loss: 30.222 ; Acc: 34.199
2018-09-19 15:14:27,422:INFO: [TRAIN] Step: 785 ; Loss: 26.538 ; Acc: 34.208
2018-09-19 15:14:27,554:INFO: [TRAIN] Step: 786 ; Loss: 30.812 ; Acc: 34.202
2018-09-19 15:14:27,691:INFO: [TRAIN] Step: 787 ; Loss: 28.533 ; Acc: 34.195
2018-09-19 15:14:27,823:INFO: [TRAIN] Step: 788 ; Loss: 31.023 ; Acc: 34.189
2018-09-19 15:14:27,953:INFO: [TRAIN] Step: 789 ; Loss: 26.206 ; Acc: 34.188
2018-09-19 15:14:28,086:INFO: [TRAIN] Step: 790 ; Loss: 27.921 ; Acc: 34.202
2018-09-19 15:14:28,221:INFO: [TRAIN] Step: 791 ; Loss: 25.124 ; Acc: 34.212
2018-09-19 15:14:28,357:INFO: [TRAIN] Step: 792 ; Loss: 27.660 ; Acc: 34.211
2018-09-19 15:14:28,492:INFO: [TRAIN] Step: 793 ; Loss: 28.015 ; Acc: 34.199
2018-09-19 15:14:28,624:INFO: [TRAIN] Step: 794 ; Loss: 29.779 ; Acc: 34.198
2018-09-19 15:14:28,762:INFO: [TRAIN] Step: 795 ; Loss: 25.956 ; Acc: 34.213
2018-09-19 15:14:28,894:INFO: [TRAIN] Step: 796 ; Loss: 30.586 ; Acc: 34.217
2018-09-19 15:14:29,032:INFO: [TRAIN] Step: 797 ; Loss: 30.809 ; Acc: 34.216
2018-09-19 15:14:29,170:INFO: [TRAIN] Step: 798 ; Loss: 27.543 ; Acc: 34.215
2018-09-19 15:14:29,305:INFO: [TRAIN] Step: 799 ; Loss: 26.549 ; Acc: 34.229
2018-09-19 15:14:29,446:INFO: [TRAIN] Step: 800 ; Loss: 25.441 ; Acc: 34.238
2018-09-19 15:14:29,583:INFO: [TRAIN] Step: 801 ; Loss: 28.521 ; Acc: 34.237
2018-09-19 15:14:29,726:INFO: [TRAIN] Step: 802 ; Loss: 32.052 ; Acc: 34.226
2018-09-19 15:14:29,866:INFO: [TRAIN] Step: 803 ; Loss: 29.704 ; Acc: 34.235
2018-09-19 15:14:30,004:INFO: [TRAIN] Step: 804 ; Loss: 33.135 ; Acc: 34.213
2018-09-19 15:14:30,143:INFO: [TRAIN] Step: 805 ; Loss: 28.376 ; Acc: 34.233
2018-09-19 15:14:30,282:INFO: [TRAIN] Step: 806 ; Loss: 33.721 ; Acc: 34.216
2018-09-19 15:14:30,426:INFO: [TRAIN] Step: 807 ; Loss: 30.382 ; Acc: 34.225
2018-09-19 15:14:30,565:INFO: [TRAIN] Step: 808 ; Loss: 26.846 ; Acc: 34.230
2018-09-19 15:14:30,703:INFO: [TRAIN] Step: 809 ; Loss: 30.002 ; Acc: 34.234
2018-09-19 15:14:30,845:INFO: [TRAIN] Step: 810 ; Loss: 27.930 ; Acc: 34.248
2018-09-19 15:14:30,984:INFO: [TRAIN] Step: 811 ; Loss: 30.058 ; Acc: 34.226
2018-09-19 15:14:31,126:INFO: [TRAIN] Step: 812 ; Loss: 31.410 ; Acc: 34.210
2018-09-19 15:14:31,271:INFO: [TRAIN] Step: 813 ; Loss: 27.679 ; Acc: 34.214
2018-09-19 15:14:31,415:INFO: [TRAIN] Step: 814 ; Loss: 28.740 ; Acc: 34.213
2018-09-19 15:14:31,559:INFO: [TRAIN] Step: 815 ; Loss: 26.088 ; Acc: 34.242
2018-09-19 15:14:31,702:INFO: [TRAIN] Step: 816 ; Loss: 22.749 ; Acc: 34.256
2018-09-19 15:14:31,843:INFO: [TRAIN] Step: 817 ; Loss: 29.836 ; Acc: 34.245
2018-09-19 15:14:31,985:INFO: [TRAIN] Step: 818 ; Loss: 29.805 ; Acc: 34.249
2018-09-19 15:14:32,127:INFO: [TRAIN] Step: 819 ; Loss: 28.559 ; Acc: 34.263
2018-09-19 15:14:32,271:INFO: [TRAIN] Step: 820 ; Loss: 25.822 ; Acc: 34.282
2018-09-19 15:14:32,423:INFO: [TRAIN] Step: 821 ; Loss: 26.159 ; Acc: 34.312
2018-09-19 15:14:32,563:INFO: [TRAIN] Step: 822 ; Loss: 27.869 ; Acc: 34.300
2018-09-19 15:14:32,706:INFO: [TRAIN] Step: 823 ; Loss: 30.210 ; Acc: 34.314
2018-09-19 15:14:32,849:INFO: [TRAIN] Step: 824 ; Loss: 29.314 ; Acc: 34.318
2018-09-19 15:14:32,992:INFO: [TRAIN] Step: 825 ; Loss: 29.468 ; Acc: 34.317
2018-09-19 15:14:33,139:INFO: [TRAIN] Step: 826 ; Loss: 32.110 ; Acc: 34.311
2018-09-19 15:14:33,282:INFO: [TRAIN] Step: 827 ; Loss: 27.021 ; Acc: 34.305
2018-09-19 15:14:33,429:INFO: [TRAIN] Step: 828 ; Loss: 30.841 ; Acc: 34.313
2018-09-19 15:14:33,577:INFO: [TRAIN] Step: 829 ; Loss: 29.270 ; Acc: 34.302
2018-09-19 15:14:33,721:INFO: [TRAIN] Step: 830 ; Loss: 29.743 ; Acc: 34.296
2018-09-19 15:14:33,864:INFO: [TRAIN] Step: 831 ; Loss: 23.348 ; Acc: 34.320
2018-09-19 15:14:34,007:INFO: [TRAIN] Step: 832 ; Loss: 31.809 ; Acc: 34.319
2018-09-19 15:14:34,148:INFO: [TRAIN] Step: 833 ; Loss: 27.708 ; Acc: 34.318
2018-09-19 15:14:34,296:INFO: [TRAIN] Step: 834 ; Loss: 30.051 ; Acc: 34.326
2018-09-19 15:14:34,441:INFO: [TRAIN] Step: 835 ; Loss: 28.810 ; Acc: 34.330
2018-09-19 15:14:34,584:INFO: [TRAIN] Step: 836 ; Loss: 30.901 ; Acc: 34.309
2018-09-19 15:14:34,727:INFO: [TRAIN] Step: 837 ; Loss: 27.179 ; Acc: 34.303
2018-09-19 15:14:34,873:INFO: [TRAIN] Step: 838 ; Loss: 30.657 ; Acc: 34.302
2018-09-19 15:14:35,012:INFO: [TRAIN] Step: 839 ; Loss: 30.263 ; Acc: 34.311
2018-09-19 15:14:35,155:INFO: [TRAIN] Step: 840 ; Loss: 25.912 ; Acc: 34.304
2018-09-19 15:14:35,300:INFO: [TRAIN] Step: 841 ; Loss: 28.389 ; Acc: 34.313
2018-09-19 15:14:35,442:INFO: [TRAIN] Step: 842 ; Loss: 29.352 ; Acc: 34.302
2018-09-19 15:14:35,587:INFO: [TRAIN] Step: 843 ; Loss: 22.159 ; Acc: 34.336
2018-09-19 15:14:35,729:INFO: [TRAIN] Step: 844 ; Loss: 27.766 ; Acc: 34.334
2018-09-19 15:14:35,867:INFO: [TRAIN] Step: 845 ; Loss: 30.180 ; Acc: 34.323
2018-09-19 15:14:36,015:INFO: [TRAIN] Step: 846 ; Loss: 29.886 ; Acc: 34.332
2018-09-19 15:14:36,154:INFO: [TRAIN] Step: 847 ; Loss: 27.641 ; Acc: 34.346
2018-09-19 15:14:36,292:INFO: [TRAIN] Step: 848 ; Loss: 27.282 ; Acc: 34.354
2018-09-19 15:14:36,432:INFO: [TRAIN] Step: 849 ; Loss: 25.573 ; Acc: 34.373
2018-09-19 15:14:36,573:INFO: [TRAIN] Step: 850 ; Loss: 29.195 ; Acc: 34.362
2018-09-19 15:14:36,714:INFO: [TRAIN] Step: 851 ; Loss: 27.137 ; Acc: 34.370
2018-09-19 15:14:36,854:INFO: [TRAIN] Step: 852 ; Loss: 29.071 ; Acc: 34.379
2018-09-19 15:14:36,995:INFO: [TRAIN] Step: 853 ; Loss: 26.400 ; Acc: 34.397
2018-09-19 15:14:37,137:INFO: [TRAIN] Step: 854 ; Loss: 28.670 ; Acc: 34.410
2018-09-19 15:14:37,274:INFO: [TRAIN] Step: 855 ; Loss: 26.443 ; Acc: 34.429
2018-09-19 15:14:37,413:INFO: [TRAIN] Step: 856 ; Loss: 33.797 ; Acc: 34.413
2018-09-19 15:14:37,562:INFO: [TRAIN] Step: 857 ; Loss: 27.040 ; Acc: 34.426
2018-09-19 15:14:37,703:INFO: [TRAIN] Step: 858 ; Loss: 28.065 ; Acc: 34.430
2018-09-19 15:14:37,846:INFO: [TRAIN] Step: 859 ; Loss: 27.954 ; Acc: 34.423
2018-09-19 15:14:37,986:INFO: [TRAIN] Step: 860 ; Loss: 27.897 ; Acc: 34.442
2018-09-19 15:14:38,123:INFO: [TRAIN] Step: 861 ; Loss: 24.868 ; Acc: 34.455
2018-09-19 15:14:38,258:INFO: [TRAIN] Step: 862 ; Loss: 29.178 ; Acc: 34.449
2018-09-19 15:14:38,397:INFO: [TRAIN] Step: 863 ; Loss: 25.157 ; Acc: 34.447
2018-09-19 15:14:38,554:INFO: [TRAIN] Step: 864 ; Loss: 27.681 ; Acc: 34.436
2018-09-19 15:14:38,695:INFO: [TRAIN] Step: 865 ; Loss: 28.708 ; Acc: 34.435
2018-09-19 15:14:38,836:INFO: [TRAIN] Step: 866 ; Loss: 28.211 ; Acc: 34.448
2018-09-19 15:14:38,976:INFO: [TRAIN] Step: 867 ; Loss: 28.818 ; Acc: 34.452
2018-09-19 15:14:39,112:INFO: [TRAIN] Step: 868 ; Loss: 28.728 ; Acc: 34.460
2018-09-19 15:14:39,245:INFO: [TRAIN] Step: 869 ; Loss: 27.253 ; Acc: 34.468
2018-09-19 15:14:39,381:INFO: [TRAIN] Step: 870 ; Loss: 27.553 ; Acc: 34.486
2018-09-19 15:14:39,523:INFO: [TRAIN] Step: 871 ; Loss: 27.880 ; Acc: 34.494
2018-09-19 15:14:39,661:INFO: [TRAIN] Step: 872 ; Loss: 27.049 ; Acc: 34.498
2018-09-19 15:14:39,799:INFO: [TRAIN] Step: 873 ; Loss: 26.107 ; Acc: 34.501
2018-09-19 15:14:39,933:INFO: [TRAIN] Step: 874 ; Loss: 30.399 ; Acc: 34.495
2018-09-19 15:14:40,064:INFO: [TRAIN] Step: 875 ; Loss: 25.354 ; Acc: 34.503
2018-09-19 15:14:40,196:INFO: [TRAIN] Step: 876 ; Loss: 27.095 ; Acc: 34.507
2018-09-19 15:14:40,329:INFO: [TRAIN] Step: 877 ; Loss: 32.151 ; Acc: 34.496
2018-09-19 15:14:40,457:INFO: [TRAIN] Step: 878 ; Loss: 28.272 ; Acc: 34.514
2018-09-19 15:14:40,587:INFO: [TRAIN] Step: 879 ; Loss: 29.143 ; Acc: 34.508
2018-09-19 15:14:40,716:INFO: [TRAIN] Step: 880 ; Loss: 28.956 ; Acc: 34.511
2018-09-19 15:14:40,849:INFO: [TRAIN] Step: 881 ; Loss: 28.661 ; Acc: 34.510
2018-09-19 15:14:40,976:INFO: [TRAIN] Step: 882 ; Loss: 29.704 ; Acc: 34.508
2018-09-19 15:14:41,102:INFO: [TRAIN] Step: 883 ; Loss: 28.753 ; Acc: 34.502
2018-09-19 15:14:41,228:INFO: [TRAIN] Step: 884 ; Loss: 30.744 ; Acc: 34.506
2018-09-19 15:14:41,355:INFO: [TRAIN] Step: 885 ; Loss: 26.616 ; Acc: 34.504
2018-09-19 15:14:41,483:INFO: [TRAIN] Step: 886 ; Loss: 26.550 ; Acc: 34.508
2018-09-19 15:14:41,610:INFO: [TRAIN] Step: 887 ; Loss: 31.203 ; Acc: 34.511
2018-09-19 15:14:41,739:INFO: [TRAIN] Step: 888 ; Loss: 29.090 ; Acc: 34.510
2018-09-19 15:14:41,864:INFO: [TRAIN] Step: 889 ; Loss: 27.600 ; Acc: 34.513
2018-09-19 15:14:41,991:INFO: [TRAIN] Step: 890 ; Loss: 29.577 ; Acc: 34.512
2018-09-19 15:14:42,116:INFO: [TRAIN] Step: 891 ; Loss: 26.368 ; Acc: 34.487
2018-09-19 15:14:42,242:INFO: [TRAIN] Step: 892 ; Loss: 28.849 ; Acc: 34.486
2018-09-19 15:14:42,368:INFO: [TRAIN] Step: 893 ; Loss: 30.219 ; Acc: 34.485
2018-09-19 15:14:42,493:INFO: [TRAIN] Step: 894 ; Loss: 24.886 ; Acc: 34.493
2018-09-19 15:14:42,616:INFO: [TRAIN] Step: 895 ; Loss: 32.557 ; Acc: 34.482
2018-09-19 15:14:42,738:INFO: [TRAIN] Step: 896 ; Loss: 29.944 ; Acc: 34.476
2018-09-19 15:14:42,860:INFO: [TRAIN] Step: 897 ; Loss: 28.289 ; Acc: 34.479
2018-09-19 15:14:42,980:INFO: [TRAIN] Step: 898 ; Loss: 28.962 ; Acc: 34.478
2018-09-19 15:14:43,103:INFO: [TRAIN] Step: 899 ; Loss: 28.772 ; Acc: 34.481
2018-09-19 15:14:43,223:INFO: [TRAIN] Step: 900 ; Loss: 26.966 ; Acc: 34.485
2018-09-19 15:14:43,345:INFO: [TRAIN] Step: 901 ; Loss: 28.966 ; Acc: 34.465
2018-09-19 15:14:43,465:INFO: [TRAIN] Step: 902 ; Loss: 32.857 ; Acc: 34.455
2018-09-19 15:14:43,585:INFO: [TRAIN] Step: 903 ; Loss: 27.803 ; Acc: 34.458
2018-09-19 15:14:43,704:INFO: [TRAIN] Step: 904 ; Loss: 26.226 ; Acc: 34.471
2018-09-19 15:14:43,833:INFO: [TRAIN] Step: 905 ; Loss: 28.523 ; Acc: 34.474
2018-09-19 15:14:43,955:INFO: [TRAIN] Step: 906 ; Loss: 28.965 ; Acc: 34.468
2018-09-19 15:14:44,078:INFO: [TRAIN] Step: 907 ; Loss: 29.330 ; Acc: 34.467
2018-09-19 15:14:44,205:INFO: [TRAIN] Step: 908 ; Loss: 29.043 ; Acc: 34.466
2018-09-19 15:14:44,327:INFO: [TRAIN] Step: 909 ; Loss: 29.054 ; Acc: 34.473
2018-09-19 15:14:44,450:INFO: [TRAIN] Step: 910 ; Loss: 36.824 ; Acc: 34.463
2018-09-19 15:14:44,572:INFO: [TRAIN] Step: 911 ; Loss: 32.229 ; Acc: 34.448
2018-09-19 15:14:44,693:INFO: [TRAIN] Step: 912 ; Loss: 29.794 ; Acc: 34.447
2018-09-19 15:14:44,813:INFO: [TRAIN] Step: 913 ; Loss: 29.680 ; Acc: 34.437
2018-09-19 15:14:44,937:INFO: [TRAIN] Step: 914 ; Loss: 28.695 ; Acc: 34.431
2018-09-19 15:14:45,057:INFO: [TRAIN] Step: 915 ; Loss: 27.623 ; Acc: 34.448
2018-09-19 15:14:45,176:INFO: [TRAIN] Step: 916 ; Loss: 28.072 ; Acc: 34.442
2018-09-19 15:14:45,294:INFO: [TRAIN] Step: 917 ; Loss: 27.375 ; Acc: 34.427
2018-09-19 15:14:45,413:INFO: [TRAIN] Step: 918 ; Loss: 31.537 ; Acc: 34.408
2018-09-19 15:14:45,535:INFO: [TRAIN] Step: 919 ; Loss: 31.740 ; Acc: 34.384
2018-09-19 15:14:45,655:INFO: [TRAIN] Step: 920 ; Loss: 28.479 ; Acc: 34.387
2018-09-19 15:14:45,772:INFO: [TRAIN] Step: 921 ; Loss: 27.270 ; Acc: 34.395
2018-09-19 15:14:45,890:INFO: [TRAIN] Step: 922 ; Loss: 29.629 ; Acc: 34.412
2018-09-19 15:14:46,009:INFO: [TRAIN] Step: 923 ; Loss: 25.669 ; Acc: 34.402
2018-09-19 15:14:46,129:INFO: [TRAIN] Step: 924 ; Loss: 29.080 ; Acc: 34.392
2018-09-19 15:14:46,250:INFO: [TRAIN] Step: 925 ; Loss: 30.174 ; Acc: 34.395
2018-09-19 15:14:46,373:INFO: [TRAIN] Step: 926 ; Loss: 25.249 ; Acc: 34.399
2018-09-19 15:14:46,491:INFO: [TRAIN] Step: 927 ; Loss: 27.877 ; Acc: 34.375
2018-09-19 15:14:46,608:INFO: [TRAIN] Step: 928 ; Loss: 30.892 ; Acc: 34.360
2018-09-19 15:14:46,729:INFO: [TRAIN] Step: 929 ; Loss: 31.488 ; Acc: 34.364
2018-09-19 15:14:46,852:INFO: [TRAIN] Step: 930 ; Loss: 24.425 ; Acc: 34.381
2018-09-19 15:14:46,971:INFO: [TRAIN] Step: 931 ; Loss: 28.320 ; Acc: 34.411
2018-09-19 15:14:47,095:INFO: [TRAIN] Step: 932 ; Loss: 25.682 ; Acc: 34.392
2018-09-19 15:14:47,221:INFO: [TRAIN] Step: 933 ; Loss: 24.262 ; Acc: 34.386
2018-09-19 15:14:47,341:INFO: [TRAIN] Step: 934 ; Loss: 32.122 ; Acc: 34.367
2018-09-19 15:14:47,466:INFO: [TRAIN] Step: 935 ; Loss: 27.898 ; Acc: 34.362
2018-09-19 15:14:47,600:INFO: [TRAIN] Step: 936 ; Loss: 27.874 ; Acc: 34.369
2018-09-19 15:14:47,718:INFO: [TRAIN] Step: 937 ; Loss: 26.707 ; Acc: 34.377
2018-09-19 15:14:47,834:INFO: [TRAIN] Step: 938 ; Loss: 27.940 ; Acc: 34.376
2018-09-19 15:14:47,955:INFO: [TRAIN] Step: 939 ; Loss: 24.841 ; Acc: 34.366
2018-09-19 15:14:48,079:INFO: [TRAIN] Step: 940 ; Loss: 26.678 ; Acc: 34.352
2018-09-19 15:14:48,205:INFO: [TRAIN] Step: 941 ; Loss: 31.855 ; Acc: 34.342
2018-09-19 15:14:48,325:INFO: [TRAIN] Step: 942 ; Loss: 27.901 ; Acc: 34.332
2018-09-19 15:14:48,444:INFO: [TRAIN] Step: 943 ; Loss: 31.603 ; Acc: 34.331
2018-09-19 15:14:48,563:INFO: [TRAIN] Step: 944 ; Loss: 29.997 ; Acc: 34.321
2018-09-19 15:14:48,683:INFO: [TRAIN] Step: 945 ; Loss: 28.071 ; Acc: 34.316
2018-09-19 15:14:48,799:INFO: [TRAIN] Step: 946 ; Loss: 27.070 ; Acc: 34.319
2018-09-19 15:14:48,916:INFO: [TRAIN] Step: 947 ; Loss: 26.748 ; Acc: 34.313
2018-09-19 15:14:49,032:INFO: [TRAIN] Step: 948 ; Loss: 25.411 ; Acc: 34.299
2018-09-19 15:14:49,148:INFO: [TRAIN] Step: 949 ; Loss: 27.881 ; Acc: 34.307
2018-09-19 15:14:49,267:INFO: [TRAIN] Step: 950 ; Loss: 28.629 ; Acc: 34.315
2018-09-19 15:14:49,390:INFO: [TRAIN] Step: 951 ; Loss: 30.204 ; Acc: 34.305
2018-09-19 15:14:49,508:INFO: [TRAIN] Step: 952 ; Loss: 32.061 ; Acc: 34.300
2018-09-19 15:14:49,625:INFO: [TRAIN] Step: 953 ; Loss: 28.790 ; Acc: 34.299
2018-09-19 15:14:49,741:INFO: [TRAIN] Step: 954 ; Loss: 32.199 ; Acc: 34.293
2018-09-19 15:14:49,855:INFO: [TRAIN] Step: 955 ; Loss: 29.281 ; Acc: 34.301
2018-09-19 15:14:49,970:INFO: [TRAIN] Step: 956 ; Loss: 26.603 ; Acc: 34.304
2018-09-19 15:14:50,082:INFO: [TRAIN] Step: 957 ; Loss: 30.444 ; Acc: 34.290
2018-09-19 15:14:50,194:INFO: [TRAIN] Step: 958 ; Loss: 28.168 ; Acc: 34.285
2018-09-19 15:14:50,307:INFO: [TRAIN] Step: 959 ; Loss: 28.180 ; Acc: 34.284
2018-09-19 15:14:50,419:INFO: [TRAIN] Step: 960 ; Loss: 30.275 ; Acc: 34.283
2018-09-19 15:14:50,529:INFO: [TRAIN] Step: 961 ; Loss: 26.344 ; Acc: 34.282
2018-09-19 15:14:50,640:INFO: [TRAIN] Step: 962 ; Loss: 25.411 ; Acc: 34.285
2018-09-19 15:14:50,751:INFO: [TRAIN] Step: 963 ; Loss: 27.464 ; Acc: 34.297
2018-09-19 15:14:50,864:INFO: [TRAIN] Step: 964 ; Loss: 23.276 ; Acc: 34.309
2018-09-19 15:14:50,982:INFO: [TRAIN] Step: 965 ; Loss: 28.473 ; Acc: 34.304
2018-09-19 15:14:51,095:INFO: [TRAIN] Step: 966 ; Loss: 26.937 ; Acc: 34.303
2018-09-19 15:14:51,205:INFO: [TRAIN] Step: 967 ; Loss: 27.323 ; Acc: 34.306
2018-09-19 15:14:51,319:INFO: [TRAIN] Step: 968 ; Loss: 28.177 ; Acc: 34.297
2018-09-19 15:14:51,434:INFO: [TRAIN] Step: 969 ; Loss: 23.325 ; Acc: 34.326
2018-09-19 15:14:51,546:INFO: [TRAIN] Step: 970 ; Loss: 27.306 ; Acc: 34.333
2018-09-19 15:14:51,660:INFO: [TRAIN] Step: 971 ; Loss: 28.592 ; Acc: 34.341
2018-09-19 15:14:51,777:INFO: [TRAIN] Step: 972 ; Loss: 27.734 ; Acc: 34.348
2018-09-19 15:14:51,889:INFO: [TRAIN] Step: 973 ; Loss: 28.179 ; Acc: 34.351
2018-09-19 15:14:52,004:INFO: [TRAIN] Step: 974 ; Loss: 27.664 ; Acc: 34.355
2018-09-19 15:14:52,115:INFO: [TRAIN] Step: 975 ; Loss: 26.017 ; Acc: 34.358
2018-09-19 15:14:52,227:INFO: [TRAIN] Step: 976 ; Loss: 30.590 ; Acc: 34.357
2018-09-19 15:14:52,341:INFO: [TRAIN] Step: 977 ; Loss: 29.735 ; Acc: 34.347
2018-09-19 15:14:52,458:INFO: [TRAIN] Step: 978 ; Loss: 30.200 ; Acc: 34.351
2018-09-19 15:14:52,572:INFO: [TRAIN] Step: 979 ; Loss: 32.911 ; Acc: 34.358
2018-09-19 15:14:52,684:INFO: [TRAIN] Step: 980 ; Loss: 25.809 ; Acc: 34.374
2018-09-19 15:14:52,794:INFO: [TRAIN] Step: 981 ; Loss: 26.243 ; Acc: 34.377
2018-09-19 15:14:52,910:INFO: [TRAIN] Step: 982 ; Loss: 31.394 ; Acc: 34.368
2018-09-19 15:14:53,024:INFO: [TRAIN] Step: 983 ; Loss: 27.593 ; Acc: 34.375
2018-09-19 15:14:53,140:INFO: [TRAIN] Step: 984 ; Loss: 25.863 ; Acc: 34.391
2018-09-19 15:14:53,249:INFO: [TRAIN] Step: 985 ; Loss: 27.985 ; Acc: 34.394
2018-09-19 15:14:53,363:INFO: [TRAIN] Step: 986 ; Loss: 30.021 ; Acc: 34.376
2018-09-19 15:14:53,481:INFO: [TRAIN] Step: 987 ; Loss: 32.821 ; Acc: 34.375
2018-09-19 15:14:53,592:INFO: [TRAIN] Step: 988 ; Loss: 25.698 ; Acc: 34.395
2018-09-19 15:14:53,707:INFO: [TRAIN] Step: 989 ; Loss: 30.351 ; Acc: 34.386
2018-09-19 15:14:53,819:INFO: [TRAIN] Step: 990 ; Loss: 26.345 ; Acc: 34.389
2018-09-19 15:14:53,933:INFO: [TRAIN] Step: 991 ; Loss: 30.878 ; Acc: 34.396
2018-09-19 15:14:54,043:INFO: [TRAIN] Step: 992 ; Loss: 27.745 ; Acc: 34.399
2018-09-19 15:14:54,158:INFO: [TRAIN] Step: 993 ; Loss: 27.494 ; Acc: 34.402
2018-09-19 15:14:54,271:INFO: [TRAIN] Step: 994 ; Loss: 26.041 ; Acc: 34.414
2018-09-19 15:14:54,381:INFO: [TRAIN] Step: 995 ; Loss: 32.148 ; Acc: 34.408
2018-09-19 15:14:54,491:INFO: [TRAIN] Step: 996 ; Loss: 26.510 ; Acc: 34.420
2018-09-19 15:14:54,605:INFO: [TRAIN] Step: 997 ; Loss: 29.715 ; Acc: 34.415
2018-09-19 15:14:54,719:INFO: [TRAIN] Step: 998 ; Loss: 28.029 ; Acc: 34.426
2018-09-19 15:14:54,830:INFO: [TRAIN] Step: 999 ; Loss: 28.841 ; Acc: 34.446
2018-09-19 15:14:54,943:INFO: [TRAIN] Step: 1000 ; Loss: 31.758 ; Acc: 34.445
2018-09-19 15:14:55,057:INFO: [TRAIN] Step: 1001 ; Loss: 31.072 ; Acc: 34.439
2018-09-19 15:14:55,166:INFO: [TRAIN] Step: 1002 ; Loss: 33.321 ; Acc: 34.422
2018-09-19 15:14:55,277:INFO: [TRAIN] Step: 1003 ; Loss: 25.543 ; Acc: 34.441
2018-09-19 15:14:55,392:INFO: [TRAIN] Step: 1004 ; Loss: 30.979 ; Acc: 34.440
2018-09-19 15:14:55,504:INFO: [TRAIN] Step: 1005 ; Loss: 27.694 ; Acc: 34.435
2018-09-19 15:14:55,619:INFO: [TRAIN] Step: 1006 ; Loss: 27.313 ; Acc: 34.438
2018-09-19 15:14:55,735:INFO: [TRAIN] Step: 1007 ; Loss: 33.716 ; Acc: 34.433
2018-09-19 15:14:55,845:INFO: [TRAIN] Step: 1008 ; Loss: 23.717 ; Acc: 34.452
2018-09-19 15:14:55,955:INFO: [TRAIN] Step: 1009 ; Loss: 29.095 ; Acc: 34.451
2018-09-19 15:14:56,065:INFO: [TRAIN] Step: 1010 ; Loss: 30.286 ; Acc: 34.450
2018-09-19 15:14:56,178:INFO: [TRAIN] Step: 1011 ; Loss: 30.542 ; Acc: 34.466
2018-09-19 15:14:56,290:INFO: [TRAIN] Step: 1012 ; Loss: 37.341 ; Acc: 34.456
2018-09-19 15:14:56,401:INFO: [TRAIN] Step: 1013 ; Loss: 28.583 ; Acc: 34.447
2018-09-19 15:14:56,514:INFO: [TRAIN] Step: 1014 ; Loss: 29.869 ; Acc: 34.433
2018-09-19 15:14:56,624:INFO: [TRAIN] Step: 1015 ; Loss: 28.109 ; Acc: 34.432
2018-09-19 15:14:56,736:INFO: [TRAIN] Step: 1016 ; Loss: 28.975 ; Acc: 34.427
2018-09-19 15:14:56,854:INFO: [TRAIN] Step: 1017 ; Loss: 27.945 ; Acc: 34.430
2018-09-19 15:14:56,966:INFO: [TRAIN] Step: 1018 ; Loss: 33.186 ; Acc: 34.425
2018-09-19 15:14:57,081:INFO: [TRAIN] Step: 1019 ; Loss: 28.095 ; Acc: 34.412
2018-09-19 15:14:57,191:INFO: [TRAIN] Step: 1020 ; Loss: 28.322 ; Acc: 34.398
2018-09-19 15:14:57,301:INFO: [TRAIN] Step: 1021 ; Loss: 26.699 ; Acc: 34.389
2018-09-19 15:14:57,417:INFO: [TRAIN] Step: 1022 ; Loss: 27.751 ; Acc: 34.384
2018-09-19 15:14:57,530:INFO: [TRAIN] Step: 1023 ; Loss: 29.700 ; Acc: 34.363
2018-09-19 15:14:57,651:INFO: [TRAIN] Step: 1024 ; Loss: 29.118 ; Acc: 34.350
2018-09-19 15:14:57,767:INFO: [TRAIN] Step: 1025 ; Loss: 29.698 ; Acc: 34.353
2018-09-19 15:14:57,876:INFO: [TRAIN] Step: 1026 ; Loss: 29.241 ; Acc: 34.352
2018-09-19 15:14:57,986:INFO: [TRAIN] Step: 1027 ; Loss: 27.568 ; Acc: 34.347
2018-09-19 15:14:58,098:INFO: [TRAIN] Step: 1028 ; Loss: 26.970 ; Acc: 34.333
2018-09-19 15:14:58,212:INFO: [TRAIN] Step: 1029 ; Loss: 32.230 ; Acc: 34.324
2018-09-19 15:14:58,328:INFO: [TRAIN] Step: 1030 ; Loss: 27.268 ; Acc: 34.315
2018-09-19 15:14:58,445:INFO: [TRAIN] Step: 1031 ; Loss: 27.395 ; Acc: 34.318
2018-09-19 15:14:58,557:INFO: [TRAIN] Step: 1032 ; Loss: 32.238 ; Acc: 34.318
2018-09-19 15:14:58,669:INFO: [TRAIN] Step: 1033 ; Loss: 28.162 ; Acc: 34.317
2018-09-19 15:14:58,781:INFO: [TRAIN] Step: 1034 ; Loss: 28.805 ; Acc: 34.304
2018-09-19 15:14:58,895:INFO: [TRAIN] Step: 1035 ; Loss: 29.069 ; Acc: 34.303
2018-09-19 15:14:59,012:INFO: [TRAIN] Step: 1036 ; Loss: 27.043 ; Acc: 34.306
2018-09-19 15:14:59,122:INFO: [TRAIN] Step: 1037 ; Loss: 27.016 ; Acc: 34.301
2018-09-19 15:14:59,232:INFO: [TRAIN] Step: 1038 ; Loss: 26.052 ; Acc: 34.312
2018-09-19 15:14:59,341:INFO: [TRAIN] Step: 1039 ; Loss: 26.503 ; Acc: 34.307
2018-09-19 15:14:59,454:INFO: [TRAIN] Step: 1040 ; Loss: 27.103 ; Acc: 34.314
2018-09-19 15:14:59,564:INFO: [TRAIN] Step: 1041 ; Loss: 28.770 ; Acc: 34.305
2018-09-19 15:14:59,676:INFO: [TRAIN] Step: 1042 ; Loss: 30.414 ; Acc: 34.300
2018-09-19 15:14:59,792:INFO: [TRAIN] Step: 1043 ; Loss: 26.956 ; Acc: 34.283
2018-09-19 15:14:59,902:INFO: [TRAIN] Step: 1044 ; Loss: 23.936 ; Acc: 34.282
2018-09-19 15:15:00,015:INFO: [TRAIN] Step: 1045 ; Loss: 29.741 ; Acc: 34.257
2018-09-19 15:15:00,133:INFO: [TRAIN] Step: 1046 ; Loss: 27.461 ; Acc: 34.233
2018-09-19 15:15:00,245:INFO: [TRAIN] Step: 1047 ; Loss: 27.671 ; Acc: 34.240
2018-09-19 15:15:00,354:INFO: [TRAIN] Step: 1048 ; Loss: 31.234 ; Acc: 34.239
2018-09-19 15:15:00,468:INFO: [TRAIN] Step: 1049 ; Loss: 29.807 ; Acc: 34.242
2018-09-19 15:15:00,580:INFO: [TRAIN] Step: 1050 ; Loss: 24.247 ; Acc: 34.261
2018-09-19 15:15:00,690:INFO: [TRAIN] Step: 1051 ; Loss: 25.507 ; Acc: 34.256
2018-09-19 15:15:00,800:INFO: [TRAIN] Step: 1052 ; Loss: 31.031 ; Acc: 34.251
2018-09-19 15:15:00,913:INFO: [TRAIN] Step: 1053 ; Loss: 29.374 ; Acc: 34.243
2018-09-19 15:15:01,025:INFO: [TRAIN] Step: 1054 ; Loss: 28.824 ; Acc: 34.234
2018-09-19 15:15:01,137:INFO: [TRAIN] Step: 1055 ; Loss: 25.941 ; Acc: 34.237
2018-09-19 15:15:01,251:INFO: [TRAIN] Step: 1056 ; Loss: 30.682 ; Acc: 34.240
2018-09-19 15:15:01,362:INFO: [TRAIN] Step: 1057 ; Loss: 31.648 ; Acc: 34.239
2018-09-19 15:15:01,477:INFO: [TRAIN] Step: 1058 ; Loss: 30.963 ; Acc: 34.238
2018-09-19 15:15:01,587:INFO: [TRAIN] Step: 1059 ; Loss: 26.360 ; Acc: 34.237
2018-09-19 15:15:01,695:INFO: [TRAIN] Step: 1060 ; Loss: 28.154 ; Acc: 34.229
2018-09-19 15:15:01,808:INFO: [TRAIN] Step: 1061 ; Loss: 29.323 ; Acc: 34.224
2018-09-19 15:15:01,917:INFO: [TRAIN] Step: 1062 ; Loss: 33.676 ; Acc: 34.204
2018-09-19 15:15:02,029:INFO: [TRAIN] Step: 1063 ; Loss: 30.198 ; Acc: 34.199
2018-09-19 15:15:02,140:INFO: [TRAIN] Step: 1064 ; Loss: 32.862 ; Acc: 34.194
2018-09-19 15:15:02,254:INFO: [TRAIN] Step: 1065 ; Loss: 30.798 ; Acc: 34.189
2018-09-19 15:15:02,373:INFO: [TRAIN] Step: 1066 ; Loss: 29.528 ; Acc: 34.204
2018-09-19 15:15:02,485:INFO: [TRAIN] Step: 1067 ; Loss: 28.013 ; Acc: 34.203
2018-09-19 15:15:02,596:INFO: [TRAIN] Step: 1068 ; Loss: 25.401 ; Acc: 34.195
2018-09-19 15:15:02,705:INFO: [TRAIN] Step: 1069 ; Loss: 30.553 ; Acc: 34.171
2018-09-19 15:15:02,815:INFO: [TRAIN] Step: 1070 ; Loss: 28.961 ; Acc: 34.162
2018-09-19 15:15:02,925:INFO: [TRAIN] Step: 1071 ; Loss: 29.369 ; Acc: 34.165
2018-09-19 15:15:03,040:INFO: [TRAIN] Step: 1072 ; Loss: 27.871 ; Acc: 34.153
2018-09-19 15:15:03,153:INFO: [TRAIN] Step: 1073 ; Loss: 28.360 ; Acc: 34.140
2018-09-19 15:15:03,262:INFO: [TRAIN] Step: 1074 ; Loss: 26.821 ; Acc: 34.147
2018-09-19 15:15:03,377:INFO: [TRAIN] Step: 1075 ; Loss: 25.653 ; Acc: 34.127
2018-09-19 15:15:03,488:INFO: [TRAIN] Step: 1076 ; Loss: 32.445 ; Acc: 34.134
2018-09-19 15:15:03,598:INFO: [TRAIN] Step: 1077 ; Loss: 28.298 ; Acc: 34.133
2018-09-19 15:15:03,708:INFO: [TRAIN] Step: 1078 ; Loss: 29.164 ; Acc: 34.113
2018-09-19 15:15:03,821:INFO: [TRAIN] Step: 1079 ; Loss: 29.654 ; Acc: 34.109
2018-09-19 15:15:03,932:INFO: [TRAIN] Step: 1080 ; Loss: 27.370 ; Acc: 34.104
2018-09-19 15:15:04,042:INFO: [TRAIN] Step: 1081 ; Loss: 31.325 ; Acc: 34.092
2018-09-19 15:15:04,152:INFO: [TRAIN] Step: 1082 ; Loss: 25.630 ; Acc: 34.087
2018-09-19 15:15:04,267:INFO: [TRAIN] Step: 1083 ; Loss: 28.064 ; Acc: 34.071
2018-09-19 15:15:04,380:INFO: [TRAIN] Step: 1084 ; Loss: 28.613 ; Acc: 34.067
2018-09-19 15:15:04,490:INFO: [TRAIN] Step: 1085 ; Loss: 30.711 ; Acc: 34.062
2018-09-19 15:15:04,604:INFO: [TRAIN] Step: 1086 ; Loss: 27.793 ; Acc: 34.050
2018-09-19 15:15:04,715:INFO: [TRAIN] Step: 1087 ; Loss: 27.495 ; Acc: 34.049
2018-09-19 15:15:04,830:INFO: [TRAIN] Step: 1088 ; Loss: 30.027 ; Acc: 34.060
2018-09-19 15:15:04,942:INFO: [TRAIN] Step: 1089 ; Loss: 29.777 ; Acc: 34.060
2018-09-19 15:15:05,052:INFO: [TRAIN] Step: 1090 ; Loss: 28.982 ; Acc: 34.055
2018-09-19 15:15:05,164:INFO: [TRAIN] Step: 1091 ; Loss: 25.932 ; Acc: 34.054
2018-09-19 15:15:05,275:INFO: [TRAIN] Step: 1092 ; Loss: 30.070 ; Acc: 34.046
2018-09-19 15:15:05,382:INFO: [TRAIN] Step: 1093 ; Loss: 27.249 ; Acc: 34.049
2018-09-19 15:15:05,495:INFO: [TRAIN] Step: 1094 ; Loss: 26.189 ; Acc: 34.068
2018-09-19 15:15:05,611:INFO: [TRAIN] Step: 1095 ; Loss: 32.559 ; Acc: 34.052
2018-09-19 15:15:05,721:INFO: [TRAIN] Step: 1096 ; Loss: 28.960 ; Acc: 34.066
2018-09-19 15:15:05,832:INFO: [TRAIN] Step: 1097 ; Loss: 33.990 ; Acc: 34.054
2018-09-19 15:15:05,945:INFO: [TRAIN] Step: 1098 ; Loss: 30.115 ; Acc: 34.046
2018-09-19 15:15:06,057:INFO: [TRAIN] Step: 1099 ; Loss: 27.867 ; Acc: 34.057
2018-09-19 15:15:06,167:INFO: [TRAIN] Step: 1100 ; Loss: 25.966 ; Acc: 34.075
2018-09-19 15:15:06,278:INFO: [TRAIN] Step: 1101 ; Loss: 27.739 ; Acc: 34.078
2018-09-19 15:15:06,389:INFO: [TRAIN] Step: 1102 ; Loss: 27.702 ; Acc: 34.078
2018-09-19 15:15:06,500:INFO: [TRAIN] Step: 1103 ; Loss: 26.330 ; Acc: 34.077
2018-09-19 15:15:06,613:INFO: [TRAIN] Step: 1104 ; Loss: 29.731 ; Acc: 34.069
2018-09-19 15:15:06,723:INFO: [TRAIN] Step: 1105 ; Loss: 25.858 ; Acc: 34.079
2018-09-19 15:15:06,833:INFO: [TRAIN] Step: 1106 ; Loss: 30.387 ; Acc: 34.075
2018-09-19 15:15:06,944:INFO: [TRAIN] Step: 1107 ; Loss: 30.477 ; Acc: 34.067
2018-09-19 15:15:07,057:INFO: [TRAIN] Step: 1108 ; Loss: 28.151 ; Acc: 34.066
2018-09-19 15:15:07,172:INFO: [TRAIN] Step: 1109 ; Loss: 24.026 ; Acc: 34.073
2018-09-19 15:15:07,286:INFO: [TRAIN] Step: 1110 ; Loss: 31.137 ; Acc: 34.068
2018-09-19 15:15:07,396:INFO: [TRAIN] Step: 1111 ; Loss: 31.530 ; Acc: 34.068
2018-09-19 15:15:07,515:INFO: [TRAIN] Step: 1112 ; Loss: 33.055 ; Acc: 34.067
2018-09-19 15:15:07,627:INFO: [TRAIN] Step: 1113 ; Loss: 31.435 ; Acc: 34.070
2018-09-19 15:15:07,739:INFO: [TRAIN] Step: 1114 ; Loss: 28.501 ; Acc: 34.066
2018-09-19 15:15:07,853:INFO: [TRAIN] Step: 1115 ; Loss: 28.939 ; Acc: 34.058
2018-09-19 15:15:07,968:INFO: [TRAIN] Step: 1116 ; Loss: 29.747 ; Acc: 34.050
2018-09-19 15:15:08,076:INFO: [TRAIN] Step: 1117 ; Loss: 30.826 ; Acc: 34.060
2018-09-19 15:15:08,188:INFO: [TRAIN] Step: 1118 ; Loss: 29.393 ; Acc: 34.063
2018-09-19 15:15:08,301:INFO: [TRAIN] Step: 1119 ; Loss: 27.709 ; Acc: 34.062
2018-09-19 15:15:08,411:INFO: [TRAIN] Step: 1120 ; Loss: 26.936 ; Acc: 34.062
2018-09-19 15:15:08,526:INFO: [TRAIN] Step: 1121 ; Loss: 25.050 ; Acc: 34.083
2018-09-19 15:15:08,638:INFO: [TRAIN] Step: 1122 ; Loss: 28.710 ; Acc: 34.090
2018-09-19 15:15:08,748:INFO: [TRAIN] Step: 1123 ; Loss: 27.572 ; Acc: 34.086
2018-09-19 15:15:08,860:INFO: [TRAIN] Step: 1124 ; Loss: 31.307 ; Acc: 34.081
2018-09-19 15:15:08,972:INFO: [TRAIN] Step: 1125 ; Loss: 27.862 ; Acc: 34.081
2018-09-19 15:15:09,081:INFO: [TRAIN] Step: 1126 ; Loss: 27.849 ; Acc: 34.088
2018-09-19 15:15:09,192:INFO: [TRAIN] Step: 1127 ; Loss: 29.369 ; Acc: 34.076
2018-09-19 15:15:09,301:INFO: [TRAIN] Step: 1128 ; Loss: 30.309 ; Acc: 34.075
2018-09-19 15:15:09,413:INFO: [TRAIN] Step: 1129 ; Loss: 25.593 ; Acc: 34.100
2018-09-19 15:15:09,525:INFO: [TRAIN] Step: 1130 ; Loss: 26.972 ; Acc: 34.111
2018-09-19 15:15:09,639:INFO: [TRAIN] Step: 1131 ; Loss: 26.189 ; Acc: 34.121
2018-09-19 15:15:09,748:INFO: [TRAIN] Step: 1132 ; Loss: 31.209 ; Acc: 34.117
2018-09-19 15:15:09,862:INFO: [TRAIN] Step: 1133 ; Loss: 27.561 ; Acc: 34.120
2018-09-19 15:15:09,973:INFO: [TRAIN] Step: 1134 ; Loss: 32.565 ; Acc: 34.119
2018-09-19 15:15:10,086:INFO: [TRAIN] Step: 1135 ; Loss: 26.849 ; Acc: 34.118
2018-09-19 15:15:10,196:INFO: [TRAIN] Step: 1136 ; Loss: 27.139 ; Acc: 34.136
2018-09-19 15:15:10,306:INFO: [TRAIN] Step: 1137 ; Loss: 26.754 ; Acc: 34.146
2018-09-19 15:15:10,420:INFO: [TRAIN] Step: 1138 ; Loss: 23.223 ; Acc: 34.160
2018-09-19 15:15:10,533:INFO: [TRAIN] Step: 1139 ; Loss: 30.516 ; Acc: 34.145
2018-09-19 15:15:10,646:INFO: [TRAIN] Step: 1140 ; Loss: 29.202 ; Acc: 34.151
2018-09-19 15:15:10,756:INFO: [TRAIN] Step: 1141 ; Loss: 29.427 ; Acc: 34.147
2018-09-19 15:15:10,868:INFO: [TRAIN] Step: 1142 ; Loss: 32.390 ; Acc: 34.143
2018-09-19 15:15:10,982:INFO: [TRAIN] Step: 1143 ; Loss: 33.805 ; Acc: 34.131
2018-09-19 15:15:11,100:INFO: [TRAIN] Step: 1144 ; Loss: 26.026 ; Acc: 34.134
2018-09-19 15:15:11,212:INFO: [TRAIN] Step: 1145 ; Loss: 32.520 ; Acc: 34.130
2018-09-19 15:15:11,327:INFO: [TRAIN] Step: 1146 ; Loss: 33.056 ; Acc: 34.122
2018-09-19 15:15:11,444:INFO: [TRAIN] Step: 1147 ; Loss: 29.109 ; Acc: 34.117
2018-09-19 15:15:11,554:INFO: [TRAIN] Step: 1148 ; Loss: 28.231 ; Acc: 34.113
2018-09-19 15:15:11,669:INFO: [TRAIN] Step: 1149 ; Loss: 25.847 ; Acc: 34.130
2018-09-19 15:15:11,782:INFO: [TRAIN] Step: 1150 ; Loss: 27.819 ; Acc: 34.141
2018-09-19 15:15:11,892:INFO: [TRAIN] Step: 1151 ; Loss: 28.216 ; Acc: 34.154
2018-09-19 15:15:12,003:INFO: [TRAIN] Step: 1152 ; Loss: 28.720 ; Acc: 34.161
2018-09-19 15:15:12,113:INFO: [TRAIN] Step: 1153 ; Loss: 26.522 ; Acc: 34.178
2018-09-19 15:15:12,228:INFO: [TRAIN] Step: 1154 ; Loss: 27.148 ; Acc: 34.185
2018-09-19 15:15:12,341:INFO: [TRAIN] Step: 1155 ; Loss: 28.806 ; Acc: 34.180
2018-09-19 15:15:12,458:INFO: [TRAIN] Step: 1156 ; Loss: 30.897 ; Acc: 34.169
2018-09-19 15:15:12,572:INFO: [TRAIN] Step: 1157 ; Loss: 29.496 ; Acc: 34.165
2018-09-19 15:15:12,682:INFO: [TRAIN] Step: 1158 ; Loss: 25.292 ; Acc: 34.178
2018-09-19 15:15:12,792:INFO: [TRAIN] Step: 1159 ; Loss: 27.494 ; Acc: 34.185
2018-09-19 15:15:12,904:INFO: [TRAIN] Step: 1160 ; Loss: 28.492 ; Acc: 34.180
2018-09-19 15:15:13,016:INFO: [TRAIN] Step: 1161 ; Loss: 28.511 ; Acc: 34.176
2018-09-19 15:15:13,129:INFO: [TRAIN] Step: 1162 ; Loss: 27.181 ; Acc: 34.175
2018-09-19 15:15:13,242:INFO: [TRAIN] Step: 1163 ; Loss: 27.180 ; Acc: 34.175
2018-09-19 15:15:13,352:INFO: [TRAIN] Step: 1164 ; Loss: 28.671 ; Acc: 34.170
2018-09-19 15:15:13,463:INFO: [TRAIN] Step: 1165 ; Loss: 27.878 ; Acc: 34.162
2018-09-19 15:15:13,572:INFO: [TRAIN] Step: 1166 ; Loss: 27.148 ; Acc: 34.155
2018-09-19 15:15:13,682:INFO: [TRAIN] Step: 1167 ; Loss: 25.484 ; Acc: 34.165
2018-09-19 15:15:13,793:INFO: [TRAIN] Step: 1168 ; Loss: 31.024 ; Acc: 34.164
2018-09-19 15:15:13,905:INFO: [TRAIN] Step: 1169 ; Loss: 26.569 ; Acc: 34.170
2018-09-19 15:15:14,019:INFO: [TRAIN] Step: 1170 ; Loss: 27.958 ; Acc: 34.162
2018-09-19 15:15:14,129:INFO: [TRAIN] Step: 1171 ; Loss: 34.520 ; Acc: 34.147
2018-09-19 15:15:14,240:INFO: [TRAIN] Step: 1172 ; Loss: 30.472 ; Acc: 34.143
2018-09-19 15:15:14,353:INFO: [TRAIN] Step: 1173 ; Loss: 27.687 ; Acc: 34.132
2018-09-19 15:15:14,469:INFO: [TRAIN] Step: 1174 ; Loss: 32.311 ; Acc: 34.113
2018-09-19 15:15:14,583:INFO: [TRAIN] Step: 1175 ; Loss: 26.735 ; Acc: 34.106
2018-09-19 15:15:14,693:INFO: [TRAIN] Step: 1176 ; Loss: 26.328 ; Acc: 34.087
2018-09-19 15:15:14,805:INFO: [TRAIN] Step: 1177 ; Loss: 31.770 ; Acc: 34.083
2018-09-19 15:15:14,916:INFO: [TRAIN] Step: 1178 ; Loss: 27.546 ; Acc: 34.075
2018-09-19 15:15:15,027:INFO: [TRAIN] Step: 1179 ; Loss: 29.493 ; Acc: 34.071
2018-09-19 15:15:15,137:INFO: [TRAIN] Step: 1180 ; Loss: 25.350 ; Acc: 34.074
2018-09-19 15:15:15,248:INFO: [TRAIN] Step: 1181 ; Loss: 27.229 ; Acc: 34.091
2018-09-19 15:15:15,359:INFO: [TRAIN] Step: 1182 ; Loss: 30.959 ; Acc: 34.080
2018-09-19 15:15:15,474:INFO: [TRAIN] Step: 1183 ; Loss: 32.554 ; Acc: 34.076
2018-09-19 15:15:15,587:INFO: [TRAIN] Step: 1184 ; Loss: 31.141 ; Acc: 34.079
2018-09-19 15:15:15,697:INFO: [TRAIN] Step: 1185 ; Loss: 25.588 ; Acc: 34.096
2018-09-19 15:15:15,813:INFO: [TRAIN] Step: 1186 ; Loss: 27.635 ; Acc: 34.102
2018-09-19 15:15:15,926:INFO: [TRAIN] Step: 1187 ; Loss: 30.013 ; Acc: 34.094
2018-09-19 15:15:16,038:INFO: [TRAIN] Step: 1188 ; Loss: 26.237 ; Acc: 34.115
2018-09-19 15:15:16,150:INFO: [TRAIN] Step: 1189 ; Loss: 32.112 ; Acc: 34.111
2018-09-19 15:15:21,572:INFO: [EVAL] Step: 1190 ; Loss: 0.301 ; Acc: 0.373
