2018-09-19 14:20:02,524:INFO: ### Model ###
LeNet5(
  (convnet): Sequential(
    (0): Conv2d(1, 6, kernel_size=(5, 5), stride=(1, 1))
    (1): ReLU()
    (2): MaxPool2d(kernel_size=(2, 2), stride=2, padding=0, dilation=1, ceil_mode=False)
    (3): Conv2d(6, 16, kernel_size=(5, 5), stride=(1, 1))
    (4): ReLU()
    (5): MaxPool2d(kernel_size=(2, 2), stride=2, padding=0, dilation=1, ceil_mode=False)
    (6): Conv2d(16, 120, kernel_size=(5, 5), stride=(1, 1))
    (7): ReLU()
    (8): Conv2d(120, 240, kernel_size=(5, 5), stride=(1, 1))
    (9): ReLU()
  )
  (fc): Sequential(
    (0): Linear(in_features=240, out_features=84, bias=True)
    (1): ReLU()
    (2): Linear(in_features=84, out_features=10, bias=True)
  )
)
2018-09-19 14:20:02,524:INFO: ### Optimizer ###
Adam (
Parameter Group 0
    amsgrad: False
    betas: (0.9, 0.999)
    eps: 1e-08
    lr: 0.0001
    weight_decay: 0
)
2018-09-19 14:20:02,524:INFO: ### HParams ###
n_epochs: 1 ; data: ferplus ; label: ferplus_votes ; batch_size: 24 ; lr: 0.0001 ; wd: 0 ; eval_steps: 1190
2018-09-19 14:20:02,699:INFO: [TRAIN] Step: 0 ; Loss: 40.932 ; Acc: 0.000
2018-09-19 14:20:02,778:INFO: [TRAIN] Step: 1 ; Loss: 38.166 ; Acc: 0.000
2018-09-19 14:20:02,853:INFO: [TRAIN] Step: 2 ; Loss: 42.469 ; Acc: 0.000
2018-09-19 14:20:02,932:INFO: [TRAIN] Step: 3 ; Loss: 41.436 ; Acc: 0.000
2018-09-19 14:20:03,054:INFO: [TRAIN] Step: 4 ; Loss: 44.746 ; Acc: 0.000
2018-09-19 14:20:03,143:INFO: [TRAIN] Step: 5 ; Loss: 41.147 ; Acc: 2.083
2018-09-19 14:20:03,218:INFO: [TRAIN] Step: 6 ; Loss: 40.435 ; Acc: 2.381
2018-09-19 14:20:03,300:INFO: [TRAIN] Step: 7 ; Loss: 42.661 ; Acc: 3.646
2018-09-19 14:20:03,379:INFO: [TRAIN] Step: 8 ; Loss: 41.873 ; Acc: 5.556
2018-09-19 14:20:03,464:INFO: [TRAIN] Step: 9 ; Loss: 36.256 ; Acc: 6.667
2018-09-19 14:20:03,549:INFO: [TRAIN] Step: 10 ; Loss: 39.552 ; Acc: 9.848
2018-09-19 14:20:03,641:INFO: [TRAIN] Step: 11 ; Loss: 43.482 ; Acc: 11.806
2018-09-19 14:20:03,716:INFO: [TRAIN] Step: 12 ; Loss: 39.005 ; Acc: 12.821
2018-09-19 14:20:03,800:INFO: [TRAIN] Step: 13 ; Loss: 44.197 ; Acc: 13.393
2018-09-19 14:20:03,875:INFO: [TRAIN] Step: 14 ; Loss: 34.888 ; Acc: 14.722
2018-09-19 14:20:03,958:INFO: [TRAIN] Step: 15 ; Loss: 36.892 ; Acc: 15.365
2018-09-19 14:20:04,032:INFO: [TRAIN] Step: 16 ; Loss: 37.963 ; Acc: 17.157
2018-09-19 14:20:04,114:INFO: [TRAIN] Step: 17 ; Loss: 35.646 ; Acc: 17.361
2018-09-19 14:20:04,188:INFO: [TRAIN] Step: 18 ; Loss: 35.588 ; Acc: 18.421
2018-09-19 14:20:04,268:INFO: [TRAIN] Step: 19 ; Loss: 39.829 ; Acc: 19.375
2018-09-19 14:20:04,340:INFO: [TRAIN] Step: 20 ; Loss: 36.809 ; Acc: 20.238
2018-09-19 14:20:04,419:INFO: [TRAIN] Step: 21 ; Loss: 32.294 ; Acc: 20.076
2018-09-19 14:20:04,496:INFO: [TRAIN] Step: 22 ; Loss: 36.533 ; Acc: 20.471
2018-09-19 14:20:04,574:INFO: [TRAIN] Step: 23 ; Loss: 36.580 ; Acc: 21.007
2018-09-19 14:20:04,647:INFO: [TRAIN] Step: 24 ; Loss: 35.661 ; Acc: 21.667
2018-09-19 14:20:04,727:INFO: [TRAIN] Step: 25 ; Loss: 31.344 ; Acc: 22.596
2018-09-19 14:20:04,800:INFO: [TRAIN] Step: 26 ; Loss: 30.943 ; Acc: 23.302
2018-09-19 14:20:04,885:INFO: [TRAIN] Step: 27 ; Loss: 32.405 ; Acc: 23.661
2018-09-19 14:20:04,959:INFO: [TRAIN] Step: 28 ; Loss: 30.828 ; Acc: 24.569
2018-09-19 14:20:05,039:INFO: [TRAIN] Step: 29 ; Loss: 29.866 ; Acc: 25.000
2018-09-19 14:20:05,113:INFO: [TRAIN] Step: 30 ; Loss: 28.004 ; Acc: 25.000
2018-09-19 14:20:05,220:INFO: [TRAIN] Step: 31 ; Loss: 25.186 ; Acc: 25.651
2018-09-19 14:20:05,293:INFO: [TRAIN] Step: 32 ; Loss: 27.242 ; Acc: 26.136
2018-09-19 14:20:05,394:INFO: [TRAIN] Step: 33 ; Loss: 35.506 ; Acc: 26.103
2018-09-19 14:20:05,471:INFO: [TRAIN] Step: 34 ; Loss: 30.496 ; Acc: 26.310
2018-09-19 14:20:05,556:INFO: [TRAIN] Step: 35 ; Loss: 32.082 ; Acc: 26.389
2018-09-19 14:20:05,629:INFO: [TRAIN] Step: 36 ; Loss: 29.581 ; Acc: 26.351
2018-09-19 14:20:05,720:INFO: [TRAIN] Step: 37 ; Loss: 28.314 ; Acc: 26.535
2018-09-19 14:20:05,795:INFO: [TRAIN] Step: 38 ; Loss: 29.072 ; Acc: 26.603
2018-09-19 14:20:05,880:INFO: [TRAIN] Step: 39 ; Loss: 34.650 ; Acc: 26.458
2018-09-19 14:20:05,955:INFO: [TRAIN] Step: 40 ; Loss: 28.506 ; Acc: 26.728
2018-09-19 14:20:06,036:INFO: [TRAIN] Step: 41 ; Loss: 32.406 ; Acc: 26.984
2018-09-19 14:20:06,113:INFO: [TRAIN] Step: 42 ; Loss: 32.969 ; Acc: 26.744
2018-09-19 14:20:06,195:INFO: [TRAIN] Step: 43 ; Loss: 31.769 ; Acc: 26.705
2018-09-19 14:20:06,270:INFO: [TRAIN] Step: 44 ; Loss: 29.802 ; Acc: 26.944
2018-09-19 14:20:06,351:INFO: [TRAIN] Step: 45 ; Loss: 30.943 ; Acc: 26.812
2018-09-19 14:20:06,424:INFO: [TRAIN] Step: 46 ; Loss: 30.796 ; Acc: 26.596
2018-09-19 14:20:06,504:INFO: [TRAIN] Step: 47 ; Loss: 28.457 ; Acc: 26.910
2018-09-19 14:20:06,579:INFO: [TRAIN] Step: 48 ; Loss: 28.652 ; Acc: 27.041
2018-09-19 14:20:06,662:INFO: [TRAIN] Step: 49 ; Loss: 32.412 ; Acc: 27.583
2018-09-19 14:20:06,763:INFO: [TRAIN] Step: 50 ; Loss: 30.895 ; Acc: 27.696
2018-09-19 14:20:06,843:INFO: [TRAIN] Step: 51 ; Loss: 28.559 ; Acc: 27.885
2018-09-19 14:20:06,921:INFO: [TRAIN] Step: 52 ; Loss: 25.322 ; Acc: 28.302
2018-09-19 14:20:07,019:INFO: [TRAIN] Step: 53 ; Loss: 30.556 ; Acc: 28.549
2018-09-19 14:20:07,096:INFO: [TRAIN] Step: 54 ; Loss: 26.391 ; Acc: 29.091
2018-09-19 14:20:07,203:INFO: [TRAIN] Step: 55 ; Loss: 31.492 ; Acc: 29.241
2018-09-19 14:20:07,281:INFO: [TRAIN] Step: 56 ; Loss: 28.009 ; Acc: 29.751
2018-09-19 14:20:07,367:INFO: [TRAIN] Step: 57 ; Loss: 30.488 ; Acc: 29.813
2018-09-19 14:20:07,445:INFO: [TRAIN] Step: 58 ; Loss: 29.469 ; Acc: 30.014
2018-09-19 14:20:07,530:INFO: [TRAIN] Step: 59 ; Loss: 28.193 ; Acc: 29.861
2018-09-19 14:20:07,602:INFO: [TRAIN] Step: 60 ; Loss: 31.899 ; Acc: 29.781
2018-09-19 14:20:07,683:INFO: [TRAIN] Step: 61 ; Loss: 32.134 ; Acc: 29.637
2018-09-19 14:20:07,757:INFO: [TRAIN] Step: 62 ; Loss: 29.581 ; Acc: 29.894
2018-09-19 14:20:07,836:INFO: [TRAIN] Step: 63 ; Loss: 31.568 ; Acc: 29.948
2018-09-19 14:20:07,909:INFO: [TRAIN] Step: 64 ; Loss: 27.312 ; Acc: 30.064
2018-09-19 14:20:08,005:INFO: [TRAIN] Step: 65 ; Loss: 26.335 ; Acc: 30.366
2018-09-19 14:20:08,083:INFO: [TRAIN] Step: 66 ; Loss: 29.240 ; Acc: 30.286
2018-09-19 14:20:08,164:INFO: [TRAIN] Step: 67 ; Loss: 28.757 ; Acc: 30.515
2018-09-19 14:20:08,241:INFO: [TRAIN] Step: 68 ; Loss: 27.675 ; Acc: 30.556
2018-09-19 14:20:08,334:INFO: [TRAIN] Step: 69 ; Loss: 30.538 ; Acc: 30.655
2018-09-19 14:20:08,408:INFO: [TRAIN] Step: 70 ; Loss: 30.242 ; Acc: 30.458
2018-09-19 14:20:08,499:INFO: [TRAIN] Step: 71 ; Loss: 30.581 ; Acc: 30.382
2018-09-19 14:20:08,572:INFO: [TRAIN] Step: 72 ; Loss: 28.697 ; Acc: 30.365
2018-09-19 14:20:08,654:INFO: [TRAIN] Step: 73 ; Loss: 27.649 ; Acc: 30.462
2018-09-19 14:20:08,733:INFO: [TRAIN] Step: 74 ; Loss: 30.928 ; Acc: 30.667
2018-09-19 14:20:08,814:INFO: [TRAIN] Step: 75 ; Loss: 29.239 ; Acc: 30.592
2018-09-19 14:20:08,890:INFO: [TRAIN] Step: 76 ; Loss: 30.143 ; Acc: 30.736
2018-09-19 14:20:08,973:INFO: [TRAIN] Step: 77 ; Loss: 30.115 ; Acc: 30.929
2018-09-19 14:20:09,046:INFO: [TRAIN] Step: 78 ; Loss: 31.619 ; Acc: 30.907
2018-09-19 14:20:09,126:INFO: [TRAIN] Step: 79 ; Loss: 26.458 ; Acc: 31.250
2018-09-19 14:20:09,200:INFO: [TRAIN] Step: 80 ; Loss: 29.354 ; Acc: 31.276
2018-09-19 14:20:09,279:INFO: [TRAIN] Step: 81 ; Loss: 26.010 ; Acc: 31.453
2018-09-19 14:20:09,354:INFO: [TRAIN] Step: 82 ; Loss: 29.596 ; Acc: 31.426
2018-09-19 14:20:09,439:INFO: [TRAIN] Step: 83 ; Loss: 30.725 ; Acc: 31.498
2018-09-19 14:20:09,512:INFO: [TRAIN] Step: 84 ; Loss: 28.369 ; Acc: 31.520
2018-09-19 14:20:09,595:INFO: [TRAIN] Step: 85 ; Loss: 28.646 ; Acc: 31.492
2018-09-19 14:20:09,667:INFO: [TRAIN] Step: 86 ; Loss: 29.023 ; Acc: 31.561
2018-09-19 14:20:09,767:INFO: [TRAIN] Step: 87 ; Loss: 27.106 ; Acc: 31.818
2018-09-19 14:20:09,841:INFO: [TRAIN] Step: 88 ; Loss: 25.109 ; Acc: 31.976
2018-09-19 14:20:09,931:INFO: [TRAIN] Step: 89 ; Loss: 26.150 ; Acc: 31.852
2018-09-19 14:20:10,006:INFO: [TRAIN] Step: 90 ; Loss: 30.005 ; Acc: 32.005
2018-09-19 14:20:10,086:INFO: [TRAIN] Step: 91 ; Loss: 26.496 ; Acc: 32.111
2018-09-19 14:20:10,160:INFO: [TRAIN] Step: 92 ; Loss: 28.005 ; Acc: 32.213
2018-09-19 14:20:10,241:INFO: [TRAIN] Step: 93 ; Loss: 27.872 ; Acc: 32.181
2018-09-19 14:20:10,313:INFO: [TRAIN] Step: 94 ; Loss: 24.313 ; Acc: 32.412
2018-09-19 14:20:10,393:INFO: [TRAIN] Step: 95 ; Loss: 30.500 ; Acc: 32.465
2018-09-19 14:20:10,470:INFO: [TRAIN] Step: 96 ; Loss: 30.519 ; Acc: 32.689
2018-09-19 14:20:10,553:INFO: [TRAIN] Step: 97 ; Loss: 29.217 ; Acc: 32.781
2018-09-19 14:20:10,625:INFO: [TRAIN] Step: 98 ; Loss: 26.846 ; Acc: 32.912
2018-09-19 14:20:10,706:INFO: [TRAIN] Step: 99 ; Loss: 31.371 ; Acc: 32.833
2018-09-19 14:20:10,781:INFO: [TRAIN] Step: 100 ; Loss: 31.632 ; Acc: 32.838
2018-09-19 14:20:10,861:INFO: [TRAIN] Step: 101 ; Loss: 26.650 ; Acc: 32.966
2018-09-19 14:20:10,935:INFO: [TRAIN] Step: 102 ; Loss: 29.308 ; Acc: 33.050
2018-09-19 14:20:11,015:INFO: [TRAIN] Step: 103 ; Loss: 27.322 ; Acc: 33.173
2018-09-19 14:20:11,087:INFO: [TRAIN] Step: 104 ; Loss: 33.615 ; Acc: 33.016
2018-09-19 14:20:11,170:INFO: [TRAIN] Step: 105 ; Loss: 25.475 ; Acc: 33.058
2018-09-19 14:20:11,241:INFO: [TRAIN] Step: 106 ; Loss: 27.094 ; Acc: 33.139
2018-09-19 14:20:11,323:INFO: [TRAIN] Step: 107 ; Loss: 28.195 ; Acc: 33.179
2018-09-19 14:20:11,398:INFO: [TRAIN] Step: 108 ; Loss: 30.923 ; Acc: 33.104
2018-09-19 14:20:11,480:INFO: [TRAIN] Step: 109 ; Loss: 28.562 ; Acc: 33.182
2018-09-19 14:20:11,552:INFO: [TRAIN] Step: 110 ; Loss: 29.103 ; Acc: 33.146
2018-09-19 14:20:11,633:INFO: [TRAIN] Step: 111 ; Loss: 27.300 ; Acc: 33.259
2018-09-19 14:20:11,707:INFO: [TRAIN] Step: 112 ; Loss: 26.814 ; Acc: 33.223
2018-09-19 14:20:11,787:INFO: [TRAIN] Step: 113 ; Loss: 25.969 ; Acc: 33.406
2018-09-19 14:20:11,864:INFO: [TRAIN] Step: 114 ; Loss: 27.999 ; Acc: 33.587
2018-09-19 14:20:11,945:INFO: [TRAIN] Step: 115 ; Loss: 30.446 ; Acc: 33.405
2018-09-19 14:20:12,017:INFO: [TRAIN] Step: 116 ; Loss: 25.807 ; Acc: 33.511
2018-09-19 14:20:12,100:INFO: [TRAIN] Step: 117 ; Loss: 27.118 ; Acc: 33.686
2018-09-19 14:20:12,173:INFO: [TRAIN] Step: 118 ; Loss: 29.168 ; Acc: 33.789
2018-09-19 14:20:12,253:INFO: [TRAIN] Step: 119 ; Loss: 33.009 ; Acc: 33.785
2018-09-19 14:20:12,327:INFO: [TRAIN] Step: 120 ; Loss: 28.514 ; Acc: 33.884
2018-09-19 14:20:12,406:INFO: [TRAIN] Step: 121 ; Loss: 27.947 ; Acc: 33.914
2018-09-19 14:20:12,479:INFO: [TRAIN] Step: 122 ; Loss: 29.740 ; Acc: 33.977
2018-09-19 14:20:12,559:INFO: [TRAIN] Step: 123 ; Loss: 30.096 ; Acc: 33.972
2018-09-19 14:20:12,633:INFO: [TRAIN] Step: 124 ; Loss: 30.334 ; Acc: 33.900
2018-09-19 14:20:12,714:INFO: [TRAIN] Step: 125 ; Loss: 27.567 ; Acc: 33.929
2018-09-19 14:20:12,788:INFO: [TRAIN] Step: 126 ; Loss: 30.133 ; Acc: 33.891
2018-09-19 14:20:12,871:INFO: [TRAIN] Step: 127 ; Loss: 28.356 ; Acc: 33.887
2018-09-19 14:20:12,959:INFO: [TRAIN] Step: 128 ; Loss: 32.248 ; Acc: 33.753
2018-09-19 14:20:13,052:INFO: [TRAIN] Step: 129 ; Loss: 28.544 ; Acc: 33.910
2018-09-19 14:20:13,127:INFO: [TRAIN] Step: 130 ; Loss: 29.095 ; Acc: 33.938
2018-09-19 14:20:13,214:INFO: [TRAIN] Step: 131 ; Loss: 32.377 ; Acc: 33.965
2018-09-19 14:20:13,287:INFO: [TRAIN] Step: 132 ; Loss: 30.643 ; Acc: 33.897
2018-09-19 14:20:13,368:INFO: [TRAIN] Step: 133 ; Loss: 26.914 ; Acc: 33.831
2018-09-19 14:20:13,441:INFO: [TRAIN] Step: 134 ; Loss: 25.166 ; Acc: 33.951
2018-09-19 14:20:13,522:INFO: [TRAIN] Step: 135 ; Loss: 26.530 ; Acc: 34.007
2018-09-19 14:20:13,598:INFO: [TRAIN] Step: 136 ; Loss: 30.328 ; Acc: 34.033
2018-09-19 14:20:13,682:INFO: [TRAIN] Step: 137 ; Loss: 31.342 ; Acc: 33.998
2018-09-19 14:20:13,760:INFO: [TRAIN] Step: 138 ; Loss: 27.176 ; Acc: 33.843
2018-09-19 14:20:13,840:INFO: [TRAIN] Step: 139 ; Loss: 27.837 ; Acc: 33.750
2018-09-19 14:20:13,916:INFO: [TRAIN] Step: 140 ; Loss: 30.828 ; Acc: 33.777
2018-09-19 14:20:13,997:INFO: [TRAIN] Step: 141 ; Loss: 29.514 ; Acc: 33.803
2018-09-19 14:20:14,072:INFO: [TRAIN] Step: 142 ; Loss: 29.243 ; Acc: 33.741
2018-09-19 14:20:14,154:INFO: [TRAIN] Step: 143 ; Loss: 28.635 ; Acc: 33.767
2018-09-19 14:20:14,227:INFO: [TRAIN] Step: 144 ; Loss: 31.074 ; Acc: 33.851
2018-09-19 14:20:14,309:INFO: [TRAIN] Step: 145 ; Loss: 28.800 ; Acc: 33.761
2018-09-19 14:20:14,384:INFO: [TRAIN] Step: 146 ; Loss: 30.447 ; Acc: 33.787
2018-09-19 14:20:14,466:INFO: [TRAIN] Step: 147 ; Loss: 32.094 ; Acc: 33.840
2018-09-19 14:20:14,541:INFO: [TRAIN] Step: 148 ; Loss: 30.836 ; Acc: 33.837
2018-09-19 14:20:14,621:INFO: [TRAIN] Step: 149 ; Loss: 27.508 ; Acc: 33.806
2018-09-19 14:20:14,699:INFO: [TRAIN] Step: 150 ; Loss: 27.203 ; Acc: 33.802
2018-09-19 14:20:14,782:INFO: [TRAIN] Step: 151 ; Loss: 30.695 ; Acc: 33.772
2018-09-19 14:20:14,858:INFO: [TRAIN] Step: 152 ; Loss: 28.956 ; Acc: 33.796
2018-09-19 14:20:14,938:INFO: [TRAIN] Step: 153 ; Loss: 25.979 ; Acc: 33.739
2018-09-19 14:20:15,014:INFO: [TRAIN] Step: 154 ; Loss: 28.057 ; Acc: 33.844
2018-09-19 14:20:15,097:INFO: [TRAIN] Step: 155 ; Loss: 31.255 ; Acc: 33.787
2018-09-19 14:20:15,177:INFO: [TRAIN] Step: 156 ; Loss: 27.710 ; Acc: 33.864
2018-09-19 14:20:15,259:INFO: [TRAIN] Step: 157 ; Loss: 33.300 ; Acc: 33.914
2018-09-19 14:20:15,332:INFO: [TRAIN] Step: 158 ; Loss: 25.421 ; Acc: 33.988
2018-09-19 14:20:15,414:INFO: [TRAIN] Step: 159 ; Loss: 28.000 ; Acc: 33.984
2018-09-19 14:20:15,489:INFO: [TRAIN] Step: 160 ; Loss: 30.288 ; Acc: 33.877
2018-09-19 14:20:15,570:INFO: [TRAIN] Step: 161 ; Loss: 30.038 ; Acc: 33.822
2018-09-19 14:20:15,645:INFO: [TRAIN] Step: 162 ; Loss: 28.878 ; Acc: 33.742
2018-09-19 14:20:15,728:INFO: [TRAIN] Step: 163 ; Loss: 28.128 ; Acc: 33.765
2018-09-19 14:20:15,806:INFO: [TRAIN] Step: 164 ; Loss: 28.970 ; Acc: 33.813
2018-09-19 14:20:15,894:INFO: [TRAIN] Step: 165 ; Loss: 29.142 ; Acc: 33.936
2018-09-19 14:20:15,971:INFO: [TRAIN] Step: 166 ; Loss: 27.952 ; Acc: 33.882
2018-09-19 14:20:16,054:INFO: [TRAIN] Step: 167 ; Loss: 29.221 ; Acc: 33.904
2018-09-19 14:20:16,129:INFO: [TRAIN] Step: 168 ; Loss: 30.953 ; Acc: 33.851
2018-09-19 14:20:16,209:INFO: [TRAIN] Step: 169 ; Loss: 29.813 ; Acc: 33.897
2018-09-19 14:20:16,284:INFO: [TRAIN] Step: 170 ; Loss: 30.931 ; Acc: 33.796
2018-09-19 14:20:16,365:INFO: [TRAIN] Step: 171 ; Loss: 26.434 ; Acc: 33.818
2018-09-19 14:20:16,439:INFO: [TRAIN] Step: 172 ; Loss: 27.106 ; Acc: 33.839
2018-09-19 14:20:16,533:INFO: [TRAIN] Step: 173 ; Loss: 30.372 ; Acc: 33.812
2018-09-19 14:20:16,606:INFO: [TRAIN] Step: 174 ; Loss: 27.206 ; Acc: 33.786
2018-09-19 14:20:16,686:INFO: [TRAIN] Step: 175 ; Loss: 28.573 ; Acc: 33.807
2018-09-19 14:20:16,760:INFO: [TRAIN] Step: 176 ; Loss: 26.193 ; Acc: 33.757
2018-09-19 14:20:16,841:INFO: [TRAIN] Step: 177 ; Loss: 30.575 ; Acc: 33.708
2018-09-19 14:20:16,916:INFO: [TRAIN] Step: 178 ; Loss: 30.394 ; Acc: 33.706
2018-09-19 14:20:17,000:INFO: [TRAIN] Step: 179 ; Loss: 29.838 ; Acc: 33.681
2018-09-19 14:20:17,074:INFO: [TRAIN] Step: 180 ; Loss: 29.786 ; Acc: 33.748
2018-09-19 14:20:17,159:INFO: [TRAIN] Step: 181 ; Loss: 28.291 ; Acc: 33.745
2018-09-19 14:20:17,242:INFO: [TRAIN] Step: 182 ; Loss: 27.340 ; Acc: 33.834
2018-09-19 14:20:17,326:INFO: [TRAIN] Step: 183 ; Loss: 26.504 ; Acc: 33.945
2018-09-19 14:20:17,401:INFO: [TRAIN] Step: 184 ; Loss: 28.869 ; Acc: 33.919
2018-09-19 14:20:17,482:INFO: [TRAIN] Step: 185 ; Loss: 26.132 ; Acc: 34.028
2018-09-19 14:20:17,557:INFO: [TRAIN] Step: 186 ; Loss: 28.395 ; Acc: 34.069
2018-09-19 14:20:17,647:INFO: [TRAIN] Step: 187 ; Loss: 29.283 ; Acc: 34.065
2018-09-19 14:20:17,723:INFO: [TRAIN] Step: 188 ; Loss: 25.882 ; Acc: 34.171
2018-09-19 14:20:17,805:INFO: [TRAIN] Step: 189 ; Loss: 29.837 ; Acc: 34.211
2018-09-19 14:20:17,882:INFO: [TRAIN] Step: 190 ; Loss: 27.723 ; Acc: 34.250
2018-09-19 14:20:17,969:INFO: [TRAIN] Step: 191 ; Loss: 26.880 ; Acc: 34.223
2018-09-19 14:20:18,042:INFO: [TRAIN] Step: 192 ; Loss: 29.525 ; Acc: 34.218
2018-09-19 14:20:18,124:INFO: [TRAIN] Step: 193 ; Loss: 32.267 ; Acc: 34.214
2018-09-19 14:20:18,198:INFO: [TRAIN] Step: 194 ; Loss: 29.692 ; Acc: 34.188
2018-09-19 14:20:18,277:INFO: [TRAIN] Step: 195 ; Loss: 26.138 ; Acc: 34.205
2018-09-19 14:20:18,351:INFO: [TRAIN] Step: 196 ; Loss: 26.346 ; Acc: 34.327
2018-09-19 14:20:18,433:INFO: [TRAIN] Step: 197 ; Loss: 27.139 ; Acc: 34.407
2018-09-19 14:20:18,506:INFO: [TRAIN] Step: 198 ; Loss: 27.940 ; Acc: 34.506
2018-09-19 14:20:18,586:INFO: [TRAIN] Step: 199 ; Loss: 27.536 ; Acc: 34.583
2018-09-19 14:20:18,660:INFO: [TRAIN] Step: 200 ; Loss: 27.562 ; Acc: 34.660
2018-09-19 14:20:18,742:INFO: [TRAIN] Step: 201 ; Loss: 27.919 ; Acc: 34.715
2018-09-19 14:20:18,815:INFO: [TRAIN] Step: 202 ; Loss: 25.657 ; Acc: 34.811
2018-09-19 14:20:18,895:INFO: [TRAIN] Step: 203 ; Loss: 32.147 ; Acc: 34.783
2018-09-19 14:20:18,969:INFO: [TRAIN] Step: 204 ; Loss: 26.819 ; Acc: 34.756
2018-09-19 14:20:19,050:INFO: [TRAIN] Step: 205 ; Loss: 26.532 ; Acc: 34.769
2018-09-19 14:20:19,122:INFO: [TRAIN] Step: 206 ; Loss: 33.642 ; Acc: 34.722
2018-09-19 14:20:19,204:INFO: [TRAIN] Step: 207 ; Loss: 31.237 ; Acc: 34.675
2018-09-19 14:20:19,278:INFO: [TRAIN] Step: 208 ; Loss: 28.959 ; Acc: 34.629
2018-09-19 14:20:19,357:INFO: [TRAIN] Step: 209 ; Loss: 30.624 ; Acc: 34.683
2018-09-19 14:20:19,431:INFO: [TRAIN] Step: 210 ; Loss: 26.356 ; Acc: 34.755
2018-09-19 14:20:19,511:INFO: [TRAIN] Step: 211 ; Loss: 29.479 ; Acc: 34.768
2018-09-19 14:20:19,582:INFO: [TRAIN] Step: 212 ; Loss: 30.132 ; Acc: 34.781
2018-09-19 14:20:19,664:INFO: [TRAIN] Step: 213 ; Loss: 28.274 ; Acc: 34.833
2018-09-19 14:20:19,739:INFO: [TRAIN] Step: 214 ; Loss: 28.430 ; Acc: 34.845
2018-09-19 14:20:19,819:INFO: [TRAIN] Step: 215 ; Loss: 26.288 ; Acc: 34.877
2018-09-19 14:20:19,895:INFO: [TRAIN] Step: 216 ; Loss: 31.834 ; Acc: 34.889
2018-09-19 14:20:19,975:INFO: [TRAIN] Step: 217 ; Loss: 29.443 ; Acc: 34.920
2018-09-19 14:20:20,050:INFO: [TRAIN] Step: 218 ; Loss: 30.624 ; Acc: 34.874
2018-09-19 14:20:20,135:INFO: [TRAIN] Step: 219 ; Loss: 25.786 ; Acc: 34.867
2018-09-19 14:20:20,208:INFO: [TRAIN] Step: 220 ; Loss: 27.609 ; Acc: 34.823
2018-09-19 14:20:20,286:INFO: [TRAIN] Step: 221 ; Loss: 28.503 ; Acc: 34.816
2018-09-19 14:20:20,359:INFO: [TRAIN] Step: 222 ; Loss: 22.768 ; Acc: 34.940
2018-09-19 14:20:20,441:INFO: [TRAIN] Step: 223 ; Loss: 27.130 ; Acc: 35.026
2018-09-19 14:20:20,520:INFO: [TRAIN] Step: 224 ; Loss: 27.620 ; Acc: 35.019
2018-09-19 14:20:20,601:INFO: [TRAIN] Step: 225 ; Loss: 28.200 ; Acc: 35.029
2018-09-19 14:20:20,676:INFO: [TRAIN] Step: 226 ; Loss: 25.033 ; Acc: 35.059
2018-09-19 14:20:20,756:INFO: [TRAIN] Step: 227 ; Loss: 28.467 ; Acc: 35.069
2018-09-19 14:20:20,830:INFO: [TRAIN] Step: 228 ; Loss: 24.675 ; Acc: 35.098
2018-09-19 14:20:20,913:INFO: [TRAIN] Step: 229 ; Loss: 32.282 ; Acc: 35.000
2018-09-19 14:20:20,990:INFO: [TRAIN] Step: 230 ; Loss: 23.312 ; Acc: 35.011
2018-09-19 14:20:21,073:INFO: [TRAIN] Step: 231 ; Loss: 30.200 ; Acc: 35.057
2018-09-19 14:20:21,145:INFO: [TRAIN] Step: 232 ; Loss: 25.390 ; Acc: 35.104
2018-09-19 14:20:21,226:INFO: [TRAIN] Step: 233 ; Loss: 31.032 ; Acc: 35.114
2018-09-19 14:20:21,300:INFO: [TRAIN] Step: 234 ; Loss: 27.888 ; Acc: 35.142
2018-09-19 14:20:21,380:INFO: [TRAIN] Step: 235 ; Loss: 28.563 ; Acc: 35.169
2018-09-19 14:20:21,458:INFO: [TRAIN] Step: 236 ; Loss: 31.660 ; Acc: 35.162
2018-09-19 14:20:21,538:INFO: [TRAIN] Step: 237 ; Loss: 28.474 ; Acc: 35.189
2018-09-19 14:20:21,611:INFO: [TRAIN] Step: 238 ; Loss: 26.522 ; Acc: 35.251
2018-09-19 14:20:21,692:INFO: [TRAIN] Step: 239 ; Loss: 30.462 ; Acc: 35.243
2018-09-19 14:20:21,766:INFO: [TRAIN] Step: 240 ; Loss: 27.686 ; Acc: 35.287
2018-09-19 14:20:21,846:INFO: [TRAIN] Step: 241 ; Loss: 27.588 ; Acc: 35.296
2018-09-19 14:20:21,921:INFO: [TRAIN] Step: 242 ; Loss: 29.328 ; Acc: 35.305
2018-09-19 14:20:22,000:INFO: [TRAIN] Step: 243 ; Loss: 27.349 ; Acc: 35.348
2018-09-19 14:20:22,073:INFO: [TRAIN] Step: 244 ; Loss: 30.961 ; Acc: 35.323
2018-09-19 14:20:22,153:INFO: [TRAIN] Step: 245 ; Loss: 27.286 ; Acc: 35.315
2018-09-19 14:20:22,226:INFO: [TRAIN] Step: 246 ; Loss: 25.689 ; Acc: 35.341
2018-09-19 14:20:22,307:INFO: [TRAIN] Step: 247 ; Loss: 28.143 ; Acc: 35.299
2018-09-19 14:20:22,379:INFO: [TRAIN] Step: 248 ; Loss: 25.720 ; Acc: 35.358
2018-09-19 14:20:22,459:INFO: [TRAIN] Step: 249 ; Loss: 26.269 ; Acc: 35.333
2018-09-19 14:20:22,533:INFO: [TRAIN] Step: 250 ; Loss: 26.990 ; Acc: 35.359
2018-09-19 14:20:22,612:INFO: [TRAIN] Step: 251 ; Loss: 31.179 ; Acc: 35.367
2018-09-19 14:20:22,686:INFO: [TRAIN] Step: 252 ; Loss: 29.471 ; Acc: 35.359
2018-09-19 14:20:22,765:INFO: [TRAIN] Step: 253 ; Loss: 29.088 ; Acc: 35.433
2018-09-19 14:20:22,837:INFO: [TRAIN] Step: 254 ; Loss: 27.956 ; Acc: 35.425
2018-09-19 14:20:22,917:INFO: [TRAIN] Step: 255 ; Loss: 29.050 ; Acc: 35.433
2018-09-19 14:20:22,990:INFO: [TRAIN] Step: 256 ; Loss: 28.433 ; Acc: 35.473
2018-09-19 14:20:23,069:INFO: [TRAIN] Step: 257 ; Loss: 30.277 ; Acc: 35.481
2018-09-19 14:20:23,142:INFO: [TRAIN] Step: 258 ; Loss: 32.206 ; Acc: 35.505
2018-09-19 14:20:23,223:INFO: [TRAIN] Step: 259 ; Loss: 27.281 ; Acc: 35.625
2018-09-19 14:20:23,295:INFO: [TRAIN] Step: 260 ; Loss: 27.080 ; Acc: 35.680
2018-09-19 14:20:23,374:INFO: [TRAIN] Step: 261 ; Loss: 28.377 ; Acc: 35.735
2018-09-19 14:20:23,451:INFO: [TRAIN] Step: 262 ; Loss: 24.867 ; Acc: 35.837
2018-09-19 14:20:23,532:INFO: [TRAIN] Step: 263 ; Loss: 31.807 ; Acc: 35.827
2018-09-19 14:20:23,606:INFO: [TRAIN] Step: 264 ; Loss: 29.084 ; Acc: 35.881
2018-09-19 14:20:23,690:INFO: [TRAIN] Step: 265 ; Loss: 28.267 ; Acc: 35.902
2018-09-19 14:20:23,762:INFO: [TRAIN] Step: 266 ; Loss: 25.955 ; Acc: 35.939
2018-09-19 14:20:23,844:INFO: [TRAIN] Step: 267 ; Loss: 24.164 ; Acc: 35.961
2018-09-19 14:20:23,918:INFO: [TRAIN] Step: 268 ; Loss: 29.758 ; Acc: 36.044
2018-09-19 14:20:23,998:INFO: [TRAIN] Step: 269 ; Loss: 28.589 ; Acc: 36.019
2018-09-19 14:20:24,071:INFO: [TRAIN] Step: 270 ; Loss: 28.995 ; Acc: 36.024
2018-09-19 14:20:24,155:INFO: [TRAIN] Step: 271 ; Loss: 28.770 ; Acc: 36.045
2018-09-19 14:20:24,228:INFO: [TRAIN] Step: 272 ; Loss: 24.703 ; Acc: 36.065
2018-09-19 14:20:24,309:INFO: [TRAIN] Step: 273 ; Loss: 29.926 ; Acc: 36.086
2018-09-19 14:20:24,382:INFO: [TRAIN] Step: 274 ; Loss: 26.487 ; Acc: 36.152
2018-09-19 14:20:24,462:INFO: [TRAIN] Step: 275 ; Loss: 25.966 ; Acc: 36.232
2018-09-19 14:20:24,535:INFO: [TRAIN] Step: 276 ; Loss: 28.503 ; Acc: 36.297
2018-09-19 14:20:24,617:INFO: [TRAIN] Step: 277 ; Loss: 29.114 ; Acc: 36.361
2018-09-19 14:20:24,691:INFO: [TRAIN] Step: 278 ; Loss: 31.548 ; Acc: 36.380
2018-09-19 14:20:24,771:INFO: [TRAIN] Step: 279 ; Loss: 25.858 ; Acc: 36.429
2018-09-19 14:20:24,846:INFO: [TRAIN] Step: 280 ; Loss: 27.819 ; Acc: 36.477
2018-09-19 14:20:24,927:INFO: [TRAIN] Step: 281 ; Loss: 25.665 ; Acc: 36.510
2018-09-19 14:20:25,000:INFO: [TRAIN] Step: 282 ; Loss: 26.214 ; Acc: 36.543
2018-09-19 14:20:25,079:INFO: [TRAIN] Step: 283 ; Loss: 26.210 ; Acc: 36.620
2018-09-19 14:20:25,154:INFO: [TRAIN] Step: 284 ; Loss: 25.531 ; Acc: 36.637
2018-09-19 14:20:25,239:INFO: [TRAIN] Step: 285 ; Loss: 33.284 ; Acc: 36.597
2018-09-19 14:20:25,313:INFO: [TRAIN] Step: 286 ; Loss: 26.371 ; Acc: 36.614
2018-09-19 14:20:25,394:INFO: [TRAIN] Step: 287 ; Loss: 27.860 ; Acc: 36.617
2018-09-19 14:20:25,465:INFO: [TRAIN] Step: 288 ; Loss: 26.999 ; Acc: 36.592
2018-09-19 14:20:25,545:INFO: [TRAIN] Step: 289 ; Loss: 24.606 ; Acc: 36.624
2018-09-19 14:20:25,618:INFO: [TRAIN] Step: 290 ; Loss: 23.535 ; Acc: 36.670
2018-09-19 14:20:25,698:INFO: [TRAIN] Step: 291 ; Loss: 26.700 ; Acc: 36.701
2018-09-19 14:20:25,771:INFO: [TRAIN] Step: 292 ; Loss: 30.770 ; Acc: 36.675
2018-09-19 14:20:25,853:INFO: [TRAIN] Step: 293 ; Loss: 24.696 ; Acc: 36.706
2018-09-19 14:20:25,935:INFO: [TRAIN] Step: 294 ; Loss: 28.391 ; Acc: 36.794
2018-09-19 14:20:26,017:INFO: [TRAIN] Step: 295 ; Loss: 23.201 ; Acc: 36.867
2018-09-19 14:20:26,091:INFO: [TRAIN] Step: 296 ; Loss: 27.409 ; Acc: 36.827
2018-09-19 14:20:26,172:INFO: [TRAIN] Step: 297 ; Loss: 24.493 ; Acc: 36.857
2018-09-19 14:20:26,246:INFO: [TRAIN] Step: 298 ; Loss: 29.089 ; Acc: 36.887
2018-09-19 14:20:26,329:INFO: [TRAIN] Step: 299 ; Loss: 30.158 ; Acc: 36.861
2018-09-19 14:20:26,404:INFO: [TRAIN] Step: 300 ; Loss: 24.022 ; Acc: 36.932
2018-09-19 14:20:26,486:INFO: [TRAIN] Step: 301 ; Loss: 30.283 ; Acc: 36.934
2018-09-19 14:20:26,558:INFO: [TRAIN] Step: 302 ; Loss: 26.847 ; Acc: 36.977
2018-09-19 14:20:26,637:INFO: [TRAIN] Step: 303 ; Loss: 26.803 ; Acc: 36.979
2018-09-19 14:20:26,709:INFO: [TRAIN] Step: 304 ; Loss: 30.691 ; Acc: 36.926
2018-09-19 14:20:26,790:INFO: [TRAIN] Step: 305 ; Loss: 29.094 ; Acc: 36.955
2018-09-19 14:20:26,865:INFO: [TRAIN] Step: 306 ; Loss: 27.194 ; Acc: 36.944
2018-09-19 14:20:26,947:INFO: [TRAIN] Step: 307 ; Loss: 22.431 ; Acc: 36.986
2018-09-19 14:20:27,023:INFO: [TRAIN] Step: 308 ; Loss: 25.758 ; Acc: 37.001
2018-09-19 14:20:27,102:INFO: [TRAIN] Step: 309 ; Loss: 30.942 ; Acc: 36.989
2018-09-19 14:20:27,176:INFO: [TRAIN] Step: 310 ; Loss: 27.556 ; Acc: 37.044
2018-09-19 14:20:27,256:INFO: [TRAIN] Step: 311 ; Loss: 25.031 ; Acc: 37.086
2018-09-19 14:20:27,327:INFO: [TRAIN] Step: 312 ; Loss: 26.555 ; Acc: 37.141
2018-09-19 14:20:27,409:INFO: [TRAIN] Step: 313 ; Loss: 26.692 ; Acc: 37.128
2018-09-19 14:20:27,484:INFO: [TRAIN] Step: 314 ; Loss: 27.900 ; Acc: 37.103
2018-09-19 14:20:27,567:INFO: [TRAIN] Step: 315 ; Loss: 30.618 ; Acc: 37.144
2018-09-19 14:20:27,643:INFO: [TRAIN] Step: 316 ; Loss: 25.615 ; Acc: 37.158
2018-09-19 14:20:27,722:INFO: [TRAIN] Step: 317 ; Loss: 24.582 ; Acc: 37.172
2018-09-19 14:20:27,794:INFO: [TRAIN] Step: 318 ; Loss: 25.042 ; Acc: 37.187
2018-09-19 14:20:27,879:INFO: [TRAIN] Step: 319 ; Loss: 25.888 ; Acc: 37.201
2018-09-19 14:20:27,953:INFO: [TRAIN] Step: 320 ; Loss: 26.534 ; Acc: 37.188
2018-09-19 14:20:28,033:INFO: [TRAIN] Step: 321 ; Loss: 26.884 ; Acc: 37.138
2018-09-19 14:20:28,110:INFO: [TRAIN] Step: 322 ; Loss: 33.091 ; Acc: 37.126
2018-09-19 14:20:28,190:INFO: [TRAIN] Step: 323 ; Loss: 32.900 ; Acc: 37.153
2018-09-19 14:20:28,264:INFO: [TRAIN] Step: 324 ; Loss: 25.610 ; Acc: 37.167
2018-09-19 14:20:28,347:INFO: [TRAIN] Step: 325 ; Loss: 26.745 ; Acc: 37.244
2018-09-19 14:20:28,422:INFO: [TRAIN] Step: 326 ; Loss: 26.357 ; Acc: 37.283
2018-09-19 14:20:28,504:INFO: [TRAIN] Step: 327 ; Loss: 24.976 ; Acc: 37.309
2018-09-19 14:20:28,587:INFO: [TRAIN] Step: 328 ; Loss: 25.907 ; Acc: 37.310
2018-09-19 14:20:28,667:INFO: [TRAIN] Step: 329 ; Loss: 25.284 ; Acc: 37.374
2018-09-19 14:20:28,748:INFO: [TRAIN] Step: 330 ; Loss: 26.706 ; Acc: 37.349
2018-09-19 14:20:28,826:INFO: [TRAIN] Step: 331 ; Loss: 25.869 ; Acc: 37.387
2018-09-19 14:20:28,901:INFO: [TRAIN] Step: 332 ; Loss: 26.605 ; Acc: 37.375
2018-09-19 14:20:28,980:INFO: [TRAIN] Step: 333 ; Loss: 26.610 ; Acc: 37.350
2018-09-19 14:20:29,052:INFO: [TRAIN] Step: 334 ; Loss: 26.702 ; Acc: 37.351
2018-09-19 14:20:29,131:INFO: [TRAIN] Step: 335 ; Loss: 23.890 ; Acc: 37.364
2018-09-19 14:20:29,204:INFO: [TRAIN] Step: 336 ; Loss: 25.972 ; Acc: 37.352
2018-09-19 14:20:29,285:INFO: [TRAIN] Step: 337 ; Loss: 22.377 ; Acc: 37.352
2018-09-19 14:20:29,358:INFO: [TRAIN] Step: 338 ; Loss: 31.948 ; Acc: 37.340
2018-09-19 14:20:29,441:INFO: [TRAIN] Step: 339 ; Loss: 28.470 ; Acc: 37.341
2018-09-19 14:20:29,519:INFO: [TRAIN] Step: 340 ; Loss: 27.150 ; Acc: 37.341
2018-09-19 14:20:29,599:INFO: [TRAIN] Step: 341 ; Loss: 26.396 ; Acc: 37.390
2018-09-19 14:20:29,672:INFO: [TRAIN] Step: 342 ; Loss: 30.331 ; Acc: 37.354
2018-09-19 14:20:29,752:INFO: [TRAIN] Step: 343 ; Loss: 27.119 ; Acc: 37.403
2018-09-19 14:20:29,827:INFO: [TRAIN] Step: 344 ; Loss: 29.223 ; Acc: 37.428
2018-09-19 14:20:29,909:INFO: [TRAIN] Step: 345 ; Loss: 27.159 ; Acc: 37.464
2018-09-19 14:20:29,981:INFO: [TRAIN] Step: 346 ; Loss: 28.773 ; Acc: 37.488
2018-09-19 14:20:30,061:INFO: [TRAIN] Step: 347 ; Loss: 27.286 ; Acc: 37.488
2018-09-19 14:20:30,133:INFO: [TRAIN] Step: 348 ; Loss: 27.214 ; Acc: 37.512
2018-09-19 14:20:30,212:INFO: [TRAIN] Step: 349 ; Loss: 30.018 ; Acc: 37.536
2018-09-19 14:20:30,287:INFO: [TRAIN] Step: 350 ; Loss: 26.685 ; Acc: 37.571
2018-09-19 14:20:30,368:INFO: [TRAIN] Step: 351 ; Loss: 26.335 ; Acc: 37.571
2018-09-19 14:20:30,443:INFO: [TRAIN] Step: 352 ; Loss: 28.992 ; Acc: 37.653
2018-09-19 14:20:30,524:INFO: [TRAIN] Step: 353 ; Loss: 30.812 ; Acc: 37.677
2018-09-19 14:20:30,597:INFO: [TRAIN] Step: 354 ; Loss: 29.671 ; Acc: 37.676
2018-09-19 14:20:30,677:INFO: [TRAIN] Step: 355 ; Loss: 28.041 ; Acc: 37.722
2018-09-19 14:20:30,750:INFO: [TRAIN] Step: 356 ; Loss: 27.672 ; Acc: 37.733
2018-09-19 14:20:30,831:INFO: [TRAIN] Step: 357 ; Loss: 27.316 ; Acc: 37.791
2018-09-19 14:20:30,909:INFO: [TRAIN] Step: 358 ; Loss: 26.809 ; Acc: 37.813
2018-09-19 14:20:30,991:INFO: [TRAIN] Step: 359 ; Loss: 28.817 ; Acc: 37.812
2018-09-19 14:20:31,066:INFO: [TRAIN] Step: 360 ; Loss: 29.445 ; Acc: 37.846
2018-09-19 14:20:31,147:INFO: [TRAIN] Step: 361 ; Loss: 26.919 ; Acc: 37.926
2018-09-19 14:20:31,221:INFO: [TRAIN] Step: 362 ; Loss: 24.323 ; Acc: 37.948
2018-09-19 14:20:31,307:INFO: [TRAIN] Step: 363 ; Loss: 27.599 ; Acc: 37.935
2018-09-19 14:20:31,382:INFO: [TRAIN] Step: 364 ; Loss: 26.094 ; Acc: 37.968
2018-09-19 14:20:31,464:INFO: [TRAIN] Step: 365 ; Loss: 29.494 ; Acc: 38.001
2018-09-19 14:20:31,539:INFO: [TRAIN] Step: 366 ; Loss: 27.015 ; Acc: 37.965
2018-09-19 14:20:31,619:INFO: [TRAIN] Step: 367 ; Loss: 37.389 ; Acc: 37.953
2018-09-19 14:20:31,692:INFO: [TRAIN] Step: 368 ; Loss: 27.837 ; Acc: 37.940
2018-09-19 14:20:31,772:INFO: [TRAIN] Step: 369 ; Loss: 24.837 ; Acc: 38.029
2018-09-19 14:20:31,845:INFO: [TRAIN] Step: 370 ; Loss: 26.363 ; Acc: 38.050
2018-09-19 14:20:31,924:INFO: [TRAIN] Step: 371 ; Loss: 23.501 ; Acc: 38.116
2018-09-19 14:20:31,998:INFO: [TRAIN] Step: 372 ; Loss: 27.253 ; Acc: 38.114
2018-09-19 14:20:32,077:INFO: [TRAIN] Step: 373 ; Loss: 28.962 ; Acc: 38.135
2018-09-19 14:20:32,152:INFO: [TRAIN] Step: 374 ; Loss: 27.435 ; Acc: 38.167
2018-09-19 14:20:32,234:INFO: [TRAIN] Step: 375 ; Loss: 26.308 ; Acc: 38.198
2018-09-19 14:20:32,307:INFO: [TRAIN] Step: 376 ; Loss: 27.874 ; Acc: 38.218
2018-09-19 14:20:32,389:INFO: [TRAIN] Step: 377 ; Loss: 26.984 ; Acc: 38.205
2018-09-19 14:20:32,466:INFO: [TRAIN] Step: 378 ; Loss: 30.933 ; Acc: 38.193
2018-09-19 14:20:32,549:INFO: [TRAIN] Step: 379 ; Loss: 28.499 ; Acc: 38.158
2018-09-19 14:20:32,623:INFO: [TRAIN] Step: 380 ; Loss: 29.609 ; Acc: 38.145
2018-09-19 14:20:32,702:INFO: [TRAIN] Step: 381 ; Loss: 25.221 ; Acc: 38.198
2018-09-19 14:20:32,776:INFO: [TRAIN] Step: 382 ; Loss: 27.082 ; Acc: 38.218
2018-09-19 14:20:32,855:INFO: [TRAIN] Step: 383 ; Loss: 28.129 ; Acc: 38.194
2018-09-19 14:20:32,927:INFO: [TRAIN] Step: 384 ; Loss: 26.856 ; Acc: 38.236
2018-09-19 14:20:33,004:INFO: [TRAIN] Step: 385 ; Loss: 25.314 ; Acc: 38.234
2018-09-19 14:20:33,078:INFO: [TRAIN] Step: 386 ; Loss: 24.458 ; Acc: 38.254
2018-09-19 14:20:33,160:INFO: [TRAIN] Step: 387 ; Loss: 27.736 ; Acc: 38.305
2018-09-19 14:20:33,233:INFO: [TRAIN] Step: 388 ; Loss: 25.594 ; Acc: 38.303
2018-09-19 14:20:33,316:INFO: [TRAIN] Step: 389 ; Loss: 25.405 ; Acc: 38.323
2018-09-19 14:20:33,390:INFO: [TRAIN] Step: 390 ; Loss: 24.728 ; Acc: 38.384
2018-09-19 14:20:33,470:INFO: [TRAIN] Step: 391 ; Loss: 27.248 ; Acc: 38.414
2018-09-19 14:20:33,545:INFO: [TRAIN] Step: 392 ; Loss: 25.727 ; Acc: 38.412
2018-09-19 14:20:33,625:INFO: [TRAIN] Step: 393 ; Loss: 27.034 ; Acc: 38.409
2018-09-19 14:20:33,701:INFO: [TRAIN] Step: 394 ; Loss: 25.549 ; Acc: 38.386
2018-09-19 14:20:33,780:INFO: [TRAIN] Step: 395 ; Loss: 24.584 ; Acc: 38.405
2018-09-19 14:20:33,852:INFO: [TRAIN] Step: 396 ; Loss: 23.509 ; Acc: 38.487
2018-09-19 14:20:33,932:INFO: [TRAIN] Step: 397 ; Loss: 30.018 ; Acc: 38.505
2018-09-19 14:20:34,006:INFO: [TRAIN] Step: 398 ; Loss: 29.229 ; Acc: 38.503
2018-09-19 14:20:34,085:INFO: [TRAIN] Step: 399 ; Loss: 22.658 ; Acc: 38.573
2018-09-19 14:20:34,159:INFO: [TRAIN] Step: 400 ; Loss: 26.511 ; Acc: 38.601
2018-09-19 14:20:34,241:INFO: [TRAIN] Step: 401 ; Loss: 31.971 ; Acc: 38.619
2018-09-19 14:20:34,314:INFO: [TRAIN] Step: 402 ; Loss: 26.571 ; Acc: 38.637
2018-09-19 14:20:34,398:INFO: [TRAIN] Step: 403 ; Loss: 29.704 ; Acc: 38.645
2018-09-19 14:20:34,472:INFO: [TRAIN] Step: 404 ; Loss: 28.955 ; Acc: 38.673
2018-09-19 14:20:34,552:INFO: [TRAIN] Step: 405 ; Loss: 28.997 ; Acc: 38.670
2018-09-19 14:20:34,624:INFO: [TRAIN] Step: 406 ; Loss: 24.911 ; Acc: 38.729
2018-09-19 14:20:34,706:INFO: [TRAIN] Step: 407 ; Loss: 25.792 ; Acc: 38.736
2018-09-19 14:20:34,782:INFO: [TRAIN] Step: 408 ; Loss: 26.452 ; Acc: 38.773
2018-09-19 14:20:34,866:INFO: [TRAIN] Step: 409 ; Loss: 22.540 ; Acc: 38.821
2018-09-19 14:20:34,941:INFO: [TRAIN] Step: 410 ; Loss: 26.151 ; Acc: 38.838
2018-09-19 14:20:35,021:INFO: [TRAIN] Step: 411 ; Loss: 29.800 ; Acc: 38.815
2018-09-19 14:20:35,096:INFO: [TRAIN] Step: 412 ; Loss: 27.877 ; Acc: 38.781
2018-09-19 14:20:35,178:INFO: [TRAIN] Step: 413 ; Loss: 25.306 ; Acc: 38.829
2018-09-19 14:20:35,251:INFO: [TRAIN] Step: 414 ; Loss: 26.778 ; Acc: 38.855
2018-09-19 14:20:35,331:INFO: [TRAIN] Step: 415 ; Loss: 26.943 ; Acc: 38.872
2018-09-19 14:20:35,404:INFO: [TRAIN] Step: 416 ; Loss: 28.522 ; Acc: 38.849
2018-09-19 14:20:35,484:INFO: [TRAIN] Step: 417 ; Loss: 26.804 ; Acc: 38.866
2018-09-19 14:20:35,557:INFO: [TRAIN] Step: 418 ; Loss: 25.831 ; Acc: 38.912
2018-09-19 14:20:35,636:INFO: [TRAIN] Step: 419 ; Loss: 27.348 ; Acc: 38.919
2018-09-19 14:20:35,710:INFO: [TRAIN] Step: 420 ; Loss: 26.531 ; Acc: 38.925
2018-09-19 14:20:35,790:INFO: [TRAIN] Step: 421 ; Loss: 26.810 ; Acc: 38.932
2018-09-19 14:20:35,863:INFO: [TRAIN] Step: 422 ; Loss: 24.579 ; Acc: 38.918
2018-09-19 14:20:35,945:INFO: [TRAIN] Step: 423 ; Loss: 26.466 ; Acc: 38.935
2018-09-19 14:20:36,022:INFO: [TRAIN] Step: 424 ; Loss: 23.249 ; Acc: 38.971
2018-09-19 14:20:36,102:INFO: [TRAIN] Step: 425 ; Loss: 28.606 ; Acc: 38.977
2018-09-19 14:20:36,174:INFO: [TRAIN] Step: 426 ; Loss: 26.400 ; Acc: 39.003
2018-09-19 14:20:36,254:INFO: [TRAIN] Step: 427 ; Loss: 23.025 ; Acc: 39.067
2018-09-19 14:20:36,328:INFO: [TRAIN] Step: 428 ; Loss: 26.156 ; Acc: 39.073
2018-09-19 14:20:36,412:INFO: [TRAIN] Step: 429 ; Loss: 23.847 ; Acc: 39.099
2018-09-19 14:20:36,484:INFO: [TRAIN] Step: 430 ; Loss: 27.298 ; Acc: 39.105
2018-09-19 14:20:36,567:INFO: [TRAIN] Step: 431 ; Loss: 27.340 ; Acc: 39.101
2018-09-19 14:20:36,645:INFO: [TRAIN] Step: 432 ; Loss: 25.602 ; Acc: 39.126
2018-09-19 14:20:36,728:INFO: [TRAIN] Step: 433 ; Loss: 29.172 ; Acc: 39.123
2018-09-19 14:20:36,801:INFO: [TRAIN] Step: 434 ; Loss: 25.680 ; Acc: 39.176
2018-09-19 14:20:36,880:INFO: [TRAIN] Step: 435 ; Loss: 26.949 ; Acc: 39.192
2018-09-19 14:20:36,952:INFO: [TRAIN] Step: 436 ; Loss: 26.501 ; Acc: 39.207
2018-09-19 14:20:37,037:INFO: [TRAIN] Step: 437 ; Loss: 30.741 ; Acc: 39.222
2018-09-19 14:20:37,110:INFO: [TRAIN] Step: 438 ; Loss: 24.630 ; Acc: 39.265
2018-09-19 14:20:37,192:INFO: [TRAIN] Step: 439 ; Loss: 26.345 ; Acc: 39.280
2018-09-19 14:20:37,266:INFO: [TRAIN] Step: 440 ; Loss: 26.531 ; Acc: 39.324
2018-09-19 14:20:37,345:INFO: [TRAIN] Step: 441 ; Loss: 25.730 ; Acc: 39.291
2018-09-19 14:20:37,420:INFO: [TRAIN] Step: 442 ; Loss: 25.485 ; Acc: 39.278
2018-09-19 14:20:37,499:INFO: [TRAIN] Step: 443 ; Loss: 26.146 ; Acc: 39.321
2018-09-19 14:20:37,572:INFO: [TRAIN] Step: 444 ; Loss: 30.355 ; Acc: 39.326
2018-09-19 14:20:37,651:INFO: [TRAIN] Step: 445 ; Loss: 22.506 ; Acc: 39.340
2018-09-19 14:20:37,727:INFO: [TRAIN] Step: 446 ; Loss: 25.018 ; Acc: 39.364
2018-09-19 14:20:37,806:INFO: [TRAIN] Step: 447 ; Loss: 22.669 ; Acc: 39.444
2018-09-19 14:20:37,878:INFO: [TRAIN] Step: 448 ; Loss: 30.126 ; Acc: 39.421
2018-09-19 14:20:37,957:INFO: [TRAIN] Step: 449 ; Loss: 24.781 ; Acc: 39.454
2018-09-19 14:20:38,031:INFO: [TRAIN] Step: 450 ; Loss: 21.659 ; Acc: 39.496
2018-09-19 14:20:38,109:INFO: [TRAIN] Step: 451 ; Loss: 28.573 ; Acc: 39.491
2018-09-19 14:20:38,184:INFO: [TRAIN] Step: 452 ; Loss: 20.987 ; Acc: 39.533
2018-09-19 14:20:38,266:INFO: [TRAIN] Step: 453 ; Loss: 21.694 ; Acc: 39.574
2018-09-19 14:20:38,345:INFO: [TRAIN] Step: 454 ; Loss: 25.242 ; Acc: 39.606
2018-09-19 14:20:38,426:INFO: [TRAIN] Step: 455 ; Loss: 25.803 ; Acc: 39.656
2018-09-19 14:20:38,500:INFO: [TRAIN] Step: 456 ; Loss: 23.175 ; Acc: 39.697
2018-09-19 14:20:38,580:INFO: [TRAIN] Step: 457 ; Loss: 28.868 ; Acc: 39.702
2018-09-19 14:20:38,652:INFO: [TRAIN] Step: 458 ; Loss: 31.159 ; Acc: 39.706
2018-09-19 14:20:38,731:INFO: [TRAIN] Step: 459 ; Loss: 28.000 ; Acc: 39.683
2018-09-19 14:20:38,803:INFO: [TRAIN] Step: 460 ; Loss: 24.743 ; Acc: 39.678
2018-09-19 14:20:38,884:INFO: [TRAIN] Step: 461 ; Loss: 29.993 ; Acc: 39.683
2018-09-19 14:20:38,955:INFO: [TRAIN] Step: 462 ; Loss: 22.902 ; Acc: 39.723
2018-09-19 14:20:39,036:INFO: [TRAIN] Step: 463 ; Loss: 23.417 ; Acc: 39.745
2018-09-19 14:20:39,109:INFO: [TRAIN] Step: 464 ; Loss: 24.563 ; Acc: 39.776
2018-09-19 14:20:39,189:INFO: [TRAIN] Step: 465 ; Loss: 29.096 ; Acc: 39.771
2018-09-19 14:20:39,262:INFO: [TRAIN] Step: 466 ; Loss: 24.036 ; Acc: 39.802
2018-09-19 14:20:39,341:INFO: [TRAIN] Step: 467 ; Loss: 27.116 ; Acc: 39.824
2018-09-19 14:20:39,414:INFO: [TRAIN] Step: 468 ; Loss: 23.249 ; Acc: 39.845
2018-09-19 14:20:39,494:INFO: [TRAIN] Step: 469 ; Loss: 25.593 ; Acc: 39.840
2018-09-19 14:20:39,571:INFO: [TRAIN] Step: 470 ; Loss: 25.565 ; Acc: 39.862
2018-09-19 14:20:39,663:INFO: [TRAIN] Step: 471 ; Loss: 27.072 ; Acc: 39.883
2018-09-19 14:20:39,736:INFO: [TRAIN] Step: 472 ; Loss: 25.672 ; Acc: 39.914
2018-09-19 14:20:39,820:INFO: [TRAIN] Step: 473 ; Loss: 28.355 ; Acc: 39.917
2018-09-19 14:20:39,895:INFO: [TRAIN] Step: 474 ; Loss: 31.082 ; Acc: 39.930
2018-09-19 14:20:39,976:INFO: [TRAIN] Step: 475 ; Loss: 22.692 ; Acc: 39.951
2018-09-19 14:20:40,049:INFO: [TRAIN] Step: 476 ; Loss: 21.553 ; Acc: 39.998
2018-09-19 14:20:40,130:INFO: [TRAIN] Step: 477 ; Loss: 25.253 ; Acc: 40.028
2018-09-19 14:20:40,202:INFO: [TRAIN] Step: 478 ; Loss: 25.687 ; Acc: 40.014
2018-09-19 14:20:40,285:INFO: [TRAIN] Step: 479 ; Loss: 21.047 ; Acc: 40.026
2018-09-19 14:20:40,359:INFO: [TRAIN] Step: 480 ; Loss: 25.910 ; Acc: 40.038
2018-09-19 14:20:40,439:INFO: [TRAIN] Step: 481 ; Loss: 23.729 ; Acc: 40.050
2018-09-19 14:20:40,512:INFO: [TRAIN] Step: 482 ; Loss: 20.419 ; Acc: 40.097
2018-09-19 14:20:40,593:INFO: [TRAIN] Step: 483 ; Loss: 28.277 ; Acc: 40.091
2018-09-19 14:20:40,668:INFO: [TRAIN] Step: 484 ; Loss: 22.283 ; Acc: 40.112
2018-09-19 14:20:40,761:INFO: [TRAIN] Step: 485 ; Loss: 24.359 ; Acc: 40.115
2018-09-19 14:20:40,838:INFO: [TRAIN] Step: 486 ; Loss: 31.081 ; Acc: 40.118
2018-09-19 14:20:40,918:INFO: [TRAIN] Step: 487 ; Loss: 23.602 ; Acc: 40.121
2018-09-19 14:20:40,996:INFO: [TRAIN] Step: 488 ; Loss: 28.355 ; Acc: 40.116
2018-09-19 14:20:41,083:INFO: [TRAIN] Step: 489 ; Loss: 25.030 ; Acc: 40.145
2018-09-19 14:20:41,159:INFO: [TRAIN] Step: 490 ; Loss: 23.181 ; Acc: 40.182
2018-09-19 14:20:41,240:INFO: [TRAIN] Step: 491 ; Loss: 25.265 ; Acc: 40.168
2018-09-19 14:20:41,323:INFO: [TRAIN] Step: 492 ; Loss: 22.953 ; Acc: 40.196
2018-09-19 14:20:41,413:INFO: [TRAIN] Step: 493 ; Loss: 23.733 ; Acc: 40.216
2018-09-19 14:20:41,492:INFO: [TRAIN] Step: 494 ; Loss: 25.068 ; Acc: 40.210
2018-09-19 14:20:41,572:INFO: [TRAIN] Step: 495 ; Loss: 23.478 ; Acc: 40.239
2018-09-19 14:20:41,649:INFO: [TRAIN] Step: 496 ; Loss: 26.716 ; Acc: 40.233
2018-09-19 14:20:41,730:INFO: [TRAIN] Step: 497 ; Loss: 23.267 ; Acc: 40.228
2018-09-19 14:20:41,803:INFO: [TRAIN] Step: 498 ; Loss: 24.811 ; Acc: 40.230
2018-09-19 14:20:41,883:INFO: [TRAIN] Step: 499 ; Loss: 26.130 ; Acc: 40.217
2018-09-19 14:20:41,957:INFO: [TRAIN] Step: 500 ; Loss: 23.283 ; Acc: 40.245
2018-09-19 14:20:42,037:INFO: [TRAIN] Step: 501 ; Loss: 25.282 ; Acc: 40.247
2018-09-19 14:20:42,134:INFO: [TRAIN] Step: 502 ; Loss: 29.076 ; Acc: 40.234
2018-09-19 14:20:42,214:INFO: [TRAIN] Step: 503 ; Loss: 28.358 ; Acc: 40.253
2018-09-19 14:20:42,298:INFO: [TRAIN] Step: 504 ; Loss: 25.935 ; Acc: 40.264
2018-09-19 14:20:42,380:INFO: [TRAIN] Step: 505 ; Loss: 29.898 ; Acc: 40.250
2018-09-19 14:20:42,452:INFO: [TRAIN] Step: 506 ; Loss: 27.352 ; Acc: 40.245
2018-09-19 14:20:42,548:INFO: [TRAIN] Step: 507 ; Loss: 24.155 ; Acc: 40.297
2018-09-19 14:20:42,623:INFO: [TRAIN] Step: 508 ; Loss: 27.386 ; Acc: 40.316
2018-09-19 14:20:42,711:INFO: [TRAIN] Step: 509 ; Loss: 28.007 ; Acc: 40.319
2018-09-19 14:20:42,801:INFO: [TRAIN] Step: 510 ; Loss: 24.136 ; Acc: 40.346
2018-09-19 14:20:42,881:INFO: [TRAIN] Step: 511 ; Loss: 25.818 ; Acc: 40.356
2018-09-19 14:20:42,954:INFO: [TRAIN] Step: 512 ; Loss: 25.494 ; Acc: 40.367
2018-09-19 14:20:43,034:INFO: [TRAIN] Step: 513 ; Loss: 25.704 ; Acc: 40.386
2018-09-19 14:20:43,108:INFO: [TRAIN] Step: 514 ; Loss: 28.150 ; Acc: 40.372
2018-09-19 14:20:43,193:INFO: [TRAIN] Step: 515 ; Loss: 30.011 ; Acc: 40.359
2018-09-19 14:20:43,273:INFO: [TRAIN] Step: 516 ; Loss: 22.299 ; Acc: 40.409
2018-09-19 14:20:43,369:INFO: [TRAIN] Step: 517 ; Loss: 23.751 ; Acc: 40.444
2018-09-19 14:20:43,440:INFO: [TRAIN] Step: 518 ; Loss: 28.454 ; Acc: 40.422
2018-09-19 14:20:43,521:INFO: [TRAIN] Step: 519 ; Loss: 27.742 ; Acc: 40.409
2018-09-19 14:20:43,595:INFO: [TRAIN] Step: 520 ; Loss: 27.693 ; Acc: 40.435
2018-09-19 14:20:43,674:INFO: [TRAIN] Step: 521 ; Loss: 24.016 ; Acc: 40.469
2018-09-19 14:20:43,746:INFO: [TRAIN] Step: 522 ; Loss: 25.907 ; Acc: 40.480
2018-09-19 14:20:43,839:INFO: [TRAIN] Step: 523 ; Loss: 28.172 ; Acc: 40.474
2018-09-19 14:20:43,920:INFO: [TRAIN] Step: 524 ; Loss: 27.049 ; Acc: 40.484
2018-09-19 14:20:44,011:INFO: [TRAIN] Step: 525 ; Loss: 26.911 ; Acc: 40.510
2018-09-19 14:20:44,095:INFO: [TRAIN] Step: 526 ; Loss: 28.139 ; Acc: 40.497
2018-09-19 14:20:44,187:INFO: [TRAIN] Step: 527 ; Loss: 23.350 ; Acc: 40.499
2018-09-19 14:20:44,263:INFO: [TRAIN] Step: 528 ; Loss: 22.544 ; Acc: 40.540
2018-09-19 14:20:44,353:INFO: [TRAIN] Step: 529 ; Loss: 27.165 ; Acc: 40.542
2018-09-19 14:20:44,430:INFO: [TRAIN] Step: 530 ; Loss: 24.655 ; Acc: 40.545
2018-09-19 14:20:44,511:INFO: [TRAIN] Step: 531 ; Loss: 23.179 ; Acc: 40.578
2018-09-19 14:20:44,586:INFO: [TRAIN] Step: 532 ; Loss: 27.511 ; Acc: 40.588
2018-09-19 14:20:44,666:INFO: [TRAIN] Step: 533 ; Loss: 25.188 ; Acc: 40.613
2018-09-19 14:20:44,739:INFO: [TRAIN] Step: 534 ; Loss: 28.305 ; Acc: 40.639
2018-09-19 14:20:44,824:INFO: [TRAIN] Step: 535 ; Loss: 26.941 ; Acc: 40.656
2018-09-19 14:20:44,896:INFO: [TRAIN] Step: 536 ; Loss: 26.973 ; Acc: 40.658
2018-09-19 14:20:44,978:INFO: [TRAIN] Step: 537 ; Loss: 24.659 ; Acc: 40.675
2018-09-19 14:20:45,052:INFO: [TRAIN] Step: 538 ; Loss: 31.360 ; Acc: 40.669
2018-09-19 14:20:45,130:INFO: [TRAIN] Step: 539 ; Loss: 24.793 ; Acc: 40.718
2018-09-19 14:20:45,202:INFO: [TRAIN] Step: 540 ; Loss: 26.494 ; Acc: 40.719
2018-09-19 14:20:45,281:INFO: [TRAIN] Step: 541 ; Loss: 29.379 ; Acc: 40.729
2018-09-19 14:20:45,358:INFO: [TRAIN] Step: 542 ; Loss: 30.355 ; Acc: 40.700
2018-09-19 14:20:45,440:INFO: [TRAIN] Step: 543 ; Loss: 28.346 ; Acc: 40.702
2018-09-19 14:20:45,516:INFO: [TRAIN] Step: 544 ; Loss: 29.432 ; Acc: 40.711
2018-09-19 14:20:45,599:INFO: [TRAIN] Step: 545 ; Loss: 25.788 ; Acc: 40.705
2018-09-19 14:20:45,672:INFO: [TRAIN] Step: 546 ; Loss: 25.987 ; Acc: 40.745
2018-09-19 14:20:45,755:INFO: [TRAIN] Step: 547 ; Loss: 26.961 ; Acc: 40.785
2018-09-19 14:20:45,830:INFO: [TRAIN] Step: 548 ; Loss: 23.440 ; Acc: 40.817
2018-09-19 14:20:45,911:INFO: [TRAIN] Step: 549 ; Loss: 24.258 ; Acc: 40.833
2018-09-19 14:20:45,983:INFO: [TRAIN] Step: 550 ; Loss: 24.263 ; Acc: 40.858
2018-09-19 14:20:46,064:INFO: [TRAIN] Step: 551 ; Loss: 27.328 ; Acc: 40.859
2018-09-19 14:20:46,139:INFO: [TRAIN] Step: 552 ; Loss: 26.731 ; Acc: 40.868
2018-09-19 14:20:46,219:INFO: [TRAIN] Step: 553 ; Loss: 26.370 ; Acc: 40.877
2018-09-19 14:20:46,293:INFO: [TRAIN] Step: 554 ; Loss: 28.652 ; Acc: 40.893
2018-09-19 14:20:46,371:INFO: [TRAIN] Step: 555 ; Loss: 21.851 ; Acc: 40.910
2018-09-19 14:20:46,444:INFO: [TRAIN] Step: 556 ; Loss: 29.467 ; Acc: 40.926
2018-09-19 14:20:46,522:INFO: [TRAIN] Step: 557 ; Loss: 24.756 ; Acc: 40.942
2018-09-19 14:20:46,595:INFO: [TRAIN] Step: 558 ; Loss: 27.819 ; Acc: 40.914
2018-09-19 14:20:46,676:INFO: [TRAIN] Step: 559 ; Loss: 24.579 ; Acc: 40.915
2018-09-19 14:20:46,748:INFO: [TRAIN] Step: 560 ; Loss: 24.234 ; Acc: 40.931
2018-09-19 14:20:46,828:INFO: [TRAIN] Step: 561 ; Loss: 23.368 ; Acc: 40.933
2018-09-19 14:20:46,899:INFO: [TRAIN] Step: 562 ; Loss: 28.894 ; Acc: 40.927
2018-09-19 14:20:46,981:INFO: [TRAIN] Step: 563 ; Loss: 27.074 ; Acc: 40.921
2018-09-19 14:20:47,056:INFO: [TRAIN] Step: 564 ; Loss: 25.456 ; Acc: 40.929
2018-09-19 14:20:47,134:INFO: [TRAIN] Step: 565 ; Loss: 25.359 ; Acc: 40.953
2018-09-19 14:20:47,207:INFO: [TRAIN] Step: 566 ; Loss: 27.182 ; Acc: 40.983
2018-09-19 14:20:47,285:INFO: [TRAIN] Step: 567 ; Loss: 27.928 ; Acc: 41.006
2018-09-19 14:20:47,357:INFO: [TRAIN] Step: 568 ; Loss: 26.047 ; Acc: 41.000
2018-09-19 14:20:47,436:INFO: [TRAIN] Step: 569 ; Loss: 24.687 ; Acc: 41.016
2018-09-19 14:20:47,511:INFO: [TRAIN] Step: 570 ; Loss: 27.529 ; Acc: 41.025
2018-09-19 14:20:47,593:INFO: [TRAIN] Step: 571 ; Loss: 23.437 ; Acc: 41.047
2018-09-19 14:20:47,673:INFO: [TRAIN] Step: 572 ; Loss: 23.422 ; Acc: 41.063
2018-09-19 14:20:47,752:INFO: [TRAIN] Step: 573 ; Loss: 25.736 ; Acc: 41.050
2018-09-19 14:20:47,827:INFO: [TRAIN] Step: 574 ; Loss: 20.528 ; Acc: 41.065
2018-09-19 14:20:47,908:INFO: [TRAIN] Step: 575 ; Loss: 32.295 ; Acc: 41.045
2018-09-19 14:20:47,981:INFO: [TRAIN] Step: 576 ; Loss: 22.096 ; Acc: 41.075
2018-09-19 14:20:48,062:INFO: [TRAIN] Step: 577 ; Loss: 24.967 ; Acc: 41.090
2018-09-19 14:20:48,133:INFO: [TRAIN] Step: 578 ; Loss: 25.897 ; Acc: 41.098
2018-09-19 14:20:48,213:INFO: [TRAIN] Step: 579 ; Loss: 23.585 ; Acc: 41.114
2018-09-19 14:20:48,287:INFO: [TRAIN] Step: 580 ; Loss: 22.139 ; Acc: 41.150
2018-09-19 14:20:48,365:INFO: [TRAIN] Step: 581 ; Loss: 24.637 ; Acc: 41.173
2018-09-19 14:20:48,438:INFO: [TRAIN] Step: 582 ; Loss: 27.508 ; Acc: 41.166
2018-09-19 14:20:48,517:INFO: [TRAIN] Step: 583 ; Loss: 27.045 ; Acc: 41.167
2018-09-19 14:20:48,593:INFO: [TRAIN] Step: 584 ; Loss: 22.913 ; Acc: 41.197
2018-09-19 14:20:48,672:INFO: [TRAIN] Step: 585 ; Loss: 23.338 ; Acc: 41.219
2018-09-19 14:20:48,746:INFO: [TRAIN] Step: 586 ; Loss: 24.088 ; Acc: 41.234
2018-09-19 14:20:48,829:INFO: [TRAIN] Step: 587 ; Loss: 26.494 ; Acc: 41.220
2018-09-19 14:20:48,902:INFO: [TRAIN] Step: 588 ; Loss: 27.489 ; Acc: 41.221
2018-09-19 14:20:48,983:INFO: [TRAIN] Step: 589 ; Loss: 25.248 ; Acc: 41.222
2018-09-19 14:20:49,056:INFO: [TRAIN] Step: 590 ; Loss: 22.880 ; Acc: 41.237
2018-09-19 14:20:49,136:INFO: [TRAIN] Step: 591 ; Loss: 26.794 ; Acc: 41.230
2018-09-19 14:20:49,209:INFO: [TRAIN] Step: 592 ; Loss: 26.350 ; Acc: 41.224
2018-09-19 14:20:49,288:INFO: [TRAIN] Step: 593 ; Loss: 28.639 ; Acc: 41.218
2018-09-19 14:20:49,363:INFO: [TRAIN] Step: 594 ; Loss: 26.298 ; Acc: 41.225
2018-09-19 14:20:49,443:INFO: [TRAIN] Step: 595 ; Loss: 26.302 ; Acc: 41.240
2018-09-19 14:20:49,517:INFO: [TRAIN] Step: 596 ; Loss: 22.817 ; Acc: 41.262
2018-09-19 14:20:49,595:INFO: [TRAIN] Step: 597 ; Loss: 24.373 ; Acc: 41.276
2018-09-19 14:20:49,669:INFO: [TRAIN] Step: 598 ; Loss: 23.997 ; Acc: 41.291
2018-09-19 14:20:49,749:INFO: [TRAIN] Step: 599 ; Loss: 30.185 ; Acc: 41.299
2018-09-19 14:20:49,825:INFO: [TRAIN] Step: 600 ; Loss: 25.630 ; Acc: 41.306
2018-09-19 14:20:49,905:INFO: [TRAIN] Step: 601 ; Loss: 22.951 ; Acc: 41.334
2018-09-19 14:20:49,979:INFO: [TRAIN] Step: 602 ; Loss: 24.611 ; Acc: 41.363
2018-09-19 14:20:50,060:INFO: [TRAIN] Step: 603 ; Loss: 23.867 ; Acc: 41.384
2018-09-19 14:20:50,133:INFO: [TRAIN] Step: 604 ; Loss: 25.477 ; Acc: 41.377
2018-09-19 14:20:50,212:INFO: [TRAIN] Step: 605 ; Loss: 21.628 ; Acc: 41.405
2018-09-19 14:20:50,286:INFO: [TRAIN] Step: 606 ; Loss: 24.529 ; Acc: 41.420
2018-09-19 14:20:50,367:INFO: [TRAIN] Step: 607 ; Loss: 28.064 ; Acc: 41.427
2018-09-19 14:20:50,443:INFO: [TRAIN] Step: 608 ; Loss: 24.161 ; Acc: 41.434
2018-09-19 14:20:50,525:INFO: [TRAIN] Step: 609 ; Loss: 25.788 ; Acc: 41.434
2018-09-19 14:20:50,599:INFO: [TRAIN] Step: 610 ; Loss: 23.901 ; Acc: 41.476
2018-09-19 14:20:50,682:INFO: [TRAIN] Step: 611 ; Loss: 29.935 ; Acc: 41.469
2018-09-19 14:20:50,757:INFO: [TRAIN] Step: 612 ; Loss: 27.873 ; Acc: 41.456
2018-09-19 14:20:50,837:INFO: [TRAIN] Step: 613 ; Loss: 21.402 ; Acc: 41.470
2018-09-19 14:20:50,910:INFO: [TRAIN] Step: 614 ; Loss: 28.071 ; Acc: 41.484
2018-09-19 14:20:50,989:INFO: [TRAIN] Step: 615 ; Loss: 26.304 ; Acc: 41.504
2018-09-19 14:20:51,063:INFO: [TRAIN] Step: 616 ; Loss: 26.386 ; Acc: 41.518
2018-09-19 14:20:51,161:INFO: [TRAIN] Step: 617 ; Loss: 23.896 ; Acc: 41.539
2018-09-19 14:20:51,234:INFO: [TRAIN] Step: 618 ; Loss: 26.984 ; Acc: 41.546
2018-09-19 14:20:51,314:INFO: [TRAIN] Step: 619 ; Loss: 27.499 ; Acc: 41.566
2018-09-19 14:20:51,390:INFO: [TRAIN] Step: 620 ; Loss: 28.871 ; Acc: 41.566
2018-09-19 14:20:51,476:INFO: [TRAIN] Step: 621 ; Loss: 30.870 ; Acc: 41.566
2018-09-19 14:20:51,553:INFO: [TRAIN] Step: 622 ; Loss: 19.979 ; Acc: 41.600
2018-09-19 14:20:51,633:INFO: [TRAIN] Step: 623 ; Loss: 25.051 ; Acc: 41.633
2018-09-19 14:20:51,709:INFO: [TRAIN] Step: 624 ; Loss: 22.700 ; Acc: 41.653
2018-09-19 14:20:51,791:INFO: [TRAIN] Step: 625 ; Loss: 25.453 ; Acc: 41.633
2018-09-19 14:20:51,866:INFO: [TRAIN] Step: 626 ; Loss: 25.454 ; Acc: 41.667
2018-09-19 14:20:51,946:INFO: [TRAIN] Step: 627 ; Loss: 26.669 ; Acc: 41.680
2018-09-19 14:20:52,019:INFO: [TRAIN] Step: 628 ; Loss: 24.054 ; Acc: 41.693
2018-09-19 14:20:52,105:INFO: [TRAIN] Step: 629 ; Loss: 25.873 ; Acc: 41.700
2018-09-19 14:20:52,180:INFO: [TRAIN] Step: 630 ; Loss: 25.080 ; Acc: 41.719
2018-09-19 14:20:52,261:INFO: [TRAIN] Step: 631 ; Loss: 22.905 ; Acc: 41.739
2018-09-19 14:20:52,336:INFO: [TRAIN] Step: 632 ; Loss: 21.203 ; Acc: 41.765
2018-09-19 14:20:52,418:INFO: [TRAIN] Step: 633 ; Loss: 25.758 ; Acc: 41.778
2018-09-19 14:20:52,493:INFO: [TRAIN] Step: 634 ; Loss: 26.462 ; Acc: 41.765
2018-09-19 14:20:52,575:INFO: [TRAIN] Step: 635 ; Loss: 25.110 ; Acc: 41.771
2018-09-19 14:20:52,654:INFO: [TRAIN] Step: 636 ; Loss: 27.415 ; Acc: 41.771
2018-09-19 14:20:52,737:INFO: [TRAIN] Step: 637 ; Loss: 21.021 ; Acc: 41.817
2018-09-19 14:20:52,813:INFO: [TRAIN] Step: 638 ; Loss: 22.520 ; Acc: 41.836
2018-09-19 14:20:52,900:INFO: [TRAIN] Step: 639 ; Loss: 28.114 ; Acc: 41.816
2018-09-19 14:20:52,977:INFO: [TRAIN] Step: 640 ; Loss: 29.412 ; Acc: 41.803
2018-09-19 14:20:53,059:INFO: [TRAIN] Step: 641 ; Loss: 23.067 ; Acc: 41.829
2018-09-19 14:20:53,139:INFO: [TRAIN] Step: 642 ; Loss: 22.367 ; Acc: 41.868
2018-09-19 14:20:53,226:INFO: [TRAIN] Step: 643 ; Loss: 29.112 ; Acc: 41.880
2018-09-19 14:20:53,314:INFO: [TRAIN] Step: 644 ; Loss: 28.281 ; Acc: 41.886
2018-09-19 14:20:53,398:INFO: [TRAIN] Step: 645 ; Loss: 34.564 ; Acc: 41.867
2018-09-19 14:20:53,477:INFO: [TRAIN] Step: 646 ; Loss: 22.459 ; Acc: 41.892
2018-09-19 14:20:53,564:INFO: [TRAIN] Step: 647 ; Loss: 24.914 ; Acc: 41.911
2018-09-19 14:20:53,642:INFO: [TRAIN] Step: 648 ; Loss: 24.378 ; Acc: 41.936
2018-09-19 14:20:53,727:INFO: [TRAIN] Step: 649 ; Loss: 25.347 ; Acc: 41.929
2018-09-19 14:20:53,808:INFO: [TRAIN] Step: 650 ; Loss: 26.758 ; Acc: 41.948
2018-09-19 14:20:53,895:INFO: [TRAIN] Step: 651 ; Loss: 27.552 ; Acc: 41.948
2018-09-19 14:20:53,976:INFO: [TRAIN] Step: 652 ; Loss: 28.409 ; Acc: 41.928
2018-09-19 14:20:54,063:INFO: [TRAIN] Step: 653 ; Loss: 27.635 ; Acc: 41.915
2018-09-19 14:20:54,144:INFO: [TRAIN] Step: 654 ; Loss: 25.535 ; Acc: 41.902
2018-09-19 14:20:54,234:INFO: [TRAIN] Step: 655 ; Loss: 25.155 ; Acc: 41.902
2018-09-19 14:20:54,316:INFO: [TRAIN] Step: 656 ; Loss: 28.775 ; Acc: 41.895
2018-09-19 14:20:54,408:INFO: [TRAIN] Step: 657 ; Loss: 26.645 ; Acc: 41.895
2018-09-19 14:20:54,492:INFO: [TRAIN] Step: 658 ; Loss: 28.219 ; Acc: 41.894
2018-09-19 14:20:54,583:INFO: [TRAIN] Step: 659 ; Loss: 23.344 ; Acc: 41.913
2018-09-19 14:20:54,671:INFO: [TRAIN] Step: 660 ; Loss: 24.117 ; Acc: 41.919
2018-09-19 14:20:54,764:INFO: [TRAIN] Step: 661 ; Loss: 27.833 ; Acc: 41.931
2018-09-19 14:20:54,850:INFO: [TRAIN] Step: 662 ; Loss: 19.828 ; Acc: 41.975
2018-09-19 14:20:54,946:INFO: [TRAIN] Step: 663 ; Loss: 27.956 ; Acc: 41.968
2018-09-19 14:20:55,033:INFO: [TRAIN] Step: 664 ; Loss: 23.996 ; Acc: 41.986
2018-09-19 14:20:55,128:INFO: [TRAIN] Step: 665 ; Loss: 25.346 ; Acc: 41.998
2018-09-19 14:20:55,214:INFO: [TRAIN] Step: 666 ; Loss: 22.850 ; Acc: 42.004
2018-09-19 14:20:55,308:INFO: [TRAIN] Step: 667 ; Loss: 25.352 ; Acc: 42.010
2018-09-19 14:20:55,396:INFO: [TRAIN] Step: 668 ; Loss: 26.274 ; Acc: 42.009
2018-09-19 14:20:55,493:INFO: [TRAIN] Step: 669 ; Loss: 26.450 ; Acc: 42.027
2018-09-19 14:20:55,581:INFO: [TRAIN] Step: 670 ; Loss: 19.703 ; Acc: 42.077
2018-09-19 14:20:55,678:INFO: [TRAIN] Step: 671 ; Loss: 24.192 ; Acc: 42.088
2018-09-19 14:20:55,766:INFO: [TRAIN] Step: 672 ; Loss: 21.224 ; Acc: 42.125
2018-09-19 14:20:55,866:INFO: [TRAIN] Step: 673 ; Loss: 24.299 ; Acc: 42.136
2018-09-19 14:20:55,958:INFO: [TRAIN] Step: 674 ; Loss: 23.990 ; Acc: 42.160
2018-09-19 14:20:56,058:INFO: [TRAIN] Step: 675 ; Loss: 27.031 ; Acc: 42.154
2018-09-19 14:20:56,149:INFO: [TRAIN] Step: 676 ; Loss: 32.457 ; Acc: 42.165
2018-09-19 14:20:56,247:INFO: [TRAIN] Step: 677 ; Loss: 29.134 ; Acc: 42.140
2018-09-19 14:20:56,344:INFO: [TRAIN] Step: 678 ; Loss: 20.740 ; Acc: 42.164
2018-09-19 14:20:56,447:INFO: [TRAIN] Step: 679 ; Loss: 26.692 ; Acc: 42.169
2018-09-19 14:20:56,542:INFO: [TRAIN] Step: 680 ; Loss: 27.172 ; Acc: 42.168
2018-09-19 14:20:56,646:INFO: [TRAIN] Step: 681 ; Loss: 19.791 ; Acc: 42.204
2018-09-19 14:20:56,742:INFO: [TRAIN] Step: 682 ; Loss: 24.894 ; Acc: 42.216
2018-09-19 14:20:56,850:INFO: [TRAIN] Step: 683 ; Loss: 27.057 ; Acc: 42.209
2018-09-19 14:20:56,945:INFO: [TRAIN] Step: 684 ; Loss: 23.267 ; Acc: 42.238
2018-09-19 14:20:57,052:INFO: [TRAIN] Step: 685 ; Loss: 25.900 ; Acc: 42.244
2018-09-19 14:20:57,163:INFO: [TRAIN] Step: 686 ; Loss: 29.031 ; Acc: 42.225
2018-09-19 14:20:57,267:INFO: [TRAIN] Step: 687 ; Loss: 26.845 ; Acc: 42.242
2018-09-19 14:20:57,367:INFO: [TRAIN] Step: 688 ; Loss: 26.516 ; Acc: 42.223
2018-09-19 14:20:57,469:INFO: [TRAIN] Step: 689 ; Loss: 26.526 ; Acc: 42.234
2018-09-19 14:20:57,570:INFO: [TRAIN] Step: 690 ; Loss: 25.304 ; Acc: 42.240
2018-09-19 14:20:57,672:INFO: [TRAIN] Step: 691 ; Loss: 21.022 ; Acc: 42.275
2018-09-19 14:20:57,777:INFO: [TRAIN] Step: 692 ; Loss: 25.928 ; Acc: 42.292
2018-09-19 14:20:57,879:INFO: [TRAIN] Step: 693 ; Loss: 24.918 ; Acc: 42.291
2018-09-19 14:20:57,983:INFO: [TRAIN] Step: 694 ; Loss: 25.223 ; Acc: 42.308
2018-09-19 14:20:58,086:INFO: [TRAIN] Step: 695 ; Loss: 24.377 ; Acc: 42.319
2018-09-19 14:20:58,192:INFO: [TRAIN] Step: 696 ; Loss: 29.601 ; Acc: 42.306
2018-09-19 14:20:58,295:INFO: [TRAIN] Step: 697 ; Loss: 28.212 ; Acc: 42.311
2018-09-19 14:20:58,399:INFO: [TRAIN] Step: 698 ; Loss: 28.768 ; Acc: 42.322
2018-09-19 14:20:58,508:INFO: [TRAIN] Step: 699 ; Loss: 24.784 ; Acc: 42.315
2018-09-19 14:20:58,612:INFO: [TRAIN] Step: 700 ; Loss: 25.646 ; Acc: 42.309
2018-09-19 14:20:58,715:INFO: [TRAIN] Step: 701 ; Loss: 28.082 ; Acc: 42.320
2018-09-19 14:20:58,817:INFO: [TRAIN] Step: 702 ; Loss: 28.307 ; Acc: 42.319
2018-09-19 14:20:58,924:INFO: [TRAIN] Step: 703 ; Loss: 22.088 ; Acc: 42.347
2018-09-19 14:20:59,030:INFO: [TRAIN] Step: 704 ; Loss: 27.321 ; Acc: 42.346
2018-09-19 14:20:59,132:INFO: [TRAIN] Step: 705 ; Loss: 30.850 ; Acc: 42.345
2018-09-19 14:20:59,239:INFO: [TRAIN] Step: 706 ; Loss: 28.074 ; Acc: 42.344
2018-09-19 14:20:59,343:INFO: [TRAIN] Step: 707 ; Loss: 25.954 ; Acc: 42.349
2018-09-19 14:20:59,445:INFO: [TRAIN] Step: 708 ; Loss: 24.586 ; Acc: 42.354
2018-09-19 14:20:59,547:INFO: [TRAIN] Step: 709 ; Loss: 20.157 ; Acc: 42.388
2018-09-19 14:20:59,651:INFO: [TRAIN] Step: 710 ; Loss: 24.714 ; Acc: 42.387
2018-09-19 14:20:59,757:INFO: [TRAIN] Step: 711 ; Loss: 27.819 ; Acc: 42.392
2018-09-19 14:20:59,859:INFO: [TRAIN] Step: 712 ; Loss: 20.969 ; Acc: 42.421
2018-09-19 14:20:59,964:INFO: [TRAIN] Step: 713 ; Loss: 24.553 ; Acc: 42.431
2018-09-19 14:21:00,072:INFO: [TRAIN] Step: 714 ; Loss: 26.442 ; Acc: 42.436
2018-09-19 14:21:00,180:INFO: [TRAIN] Step: 715 ; Loss: 23.740 ; Acc: 42.441
2018-09-19 14:21:00,287:INFO: [TRAIN] Step: 716 ; Loss: 24.146 ; Acc: 42.457
2018-09-19 14:21:00,394:INFO: [TRAIN] Step: 717 ; Loss: 22.640 ; Acc: 42.479
2018-09-19 14:21:00,500:INFO: [TRAIN] Step: 718 ; Loss: 23.879 ; Acc: 42.478
2018-09-19 14:21:00,611:INFO: [TRAIN] Step: 719 ; Loss: 22.274 ; Acc: 42.500
2018-09-19 14:21:00,715:INFO: [TRAIN] Step: 720 ; Loss: 22.535 ; Acc: 42.516
2018-09-19 14:21:00,822:INFO: [TRAIN] Step: 721 ; Loss: 26.932 ; Acc: 42.538
2018-09-19 14:21:00,928:INFO: [TRAIN] Step: 722 ; Loss: 27.350 ; Acc: 42.531
2018-09-19 14:21:01,035:INFO: [TRAIN] Step: 723 ; Loss: 22.016 ; Acc: 42.564
2018-09-19 14:21:01,143:INFO: [TRAIN] Step: 724 ; Loss: 31.396 ; Acc: 42.557
2018-09-19 14:21:01,248:INFO: [TRAIN] Step: 725 ; Loss: 23.220 ; Acc: 42.585
2018-09-19 14:21:01,358:INFO: [TRAIN] Step: 726 ; Loss: 25.127 ; Acc: 42.618
2018-09-19 14:21:01,461:INFO: [TRAIN] Step: 727 ; Loss: 25.183 ; Acc: 42.622
2018-09-19 14:21:01,568:INFO: [TRAIN] Step: 728 ; Loss: 24.469 ; Acc: 42.644
2018-09-19 14:21:01,672:INFO: [TRAIN] Step: 729 ; Loss: 27.937 ; Acc: 42.648
2018-09-19 14:21:01,774:INFO: [TRAIN] Step: 730 ; Loss: 30.386 ; Acc: 42.641
2018-09-19 14:21:01,883:INFO: [TRAIN] Step: 731 ; Loss: 28.614 ; Acc: 42.663
2018-09-19 14:21:01,992:INFO: [TRAIN] Step: 732 ; Loss: 28.487 ; Acc: 42.667
2018-09-19 14:21:02,100:INFO: [TRAIN] Step: 733 ; Loss: 22.144 ; Acc: 42.694
2018-09-19 14:21:02,208:INFO: [TRAIN] Step: 734 ; Loss: 24.101 ; Acc: 42.704
2018-09-19 14:21:02,312:INFO: [TRAIN] Step: 735 ; Loss: 27.238 ; Acc: 42.686
2018-09-19 14:21:02,419:INFO: [TRAIN] Step: 736 ; Loss: 27.634 ; Acc: 42.667
2018-09-19 14:21:02,526:INFO: [TRAIN] Step: 737 ; Loss: 26.735 ; Acc: 42.655
2018-09-19 14:21:02,632:INFO: [TRAIN] Step: 738 ; Loss: 30.958 ; Acc: 42.631
2018-09-19 14:21:02,742:INFO: [TRAIN] Step: 739 ; Loss: 24.312 ; Acc: 42.658
2018-09-19 14:21:02,850:INFO: [TRAIN] Step: 740 ; Loss: 24.402 ; Acc: 42.679
2018-09-19 14:21:02,957:INFO: [TRAIN] Step: 741 ; Loss: 21.013 ; Acc: 42.677
2018-09-19 14:21:03,067:INFO: [TRAIN] Step: 742 ; Loss: 26.555 ; Acc: 42.676
2018-09-19 14:21:03,172:INFO: [TRAIN] Step: 743 ; Loss: 28.542 ; Acc: 42.692
2018-09-19 14:21:03,278:INFO: [TRAIN] Step: 744 ; Loss: 24.197 ; Acc: 42.701
2018-09-19 14:21:03,383:INFO: [TRAIN] Step: 745 ; Loss: 25.321 ; Acc: 42.717
2018-09-19 14:21:03,493:INFO: [TRAIN] Step: 746 ; Loss: 24.481 ; Acc: 42.726
2018-09-19 14:21:03,601:INFO: [TRAIN] Step: 747 ; Loss: 26.309 ; Acc: 42.731
2018-09-19 14:21:03,707:INFO: [TRAIN] Step: 748 ; Loss: 25.485 ; Acc: 42.735
2018-09-19 14:21:03,820:INFO: [TRAIN] Step: 749 ; Loss: 28.098 ; Acc: 42.750
2018-09-19 14:21:03,924:INFO: [TRAIN] Step: 750 ; Loss: 27.880 ; Acc: 42.782
2018-09-19 14:21:04,032:INFO: [TRAIN] Step: 751 ; Loss: 25.939 ; Acc: 42.769
2018-09-19 14:21:04,136:INFO: [TRAIN] Step: 752 ; Loss: 27.231 ; Acc: 42.795
2018-09-19 14:21:04,241:INFO: [TRAIN] Step: 753 ; Loss: 25.179 ; Acc: 42.800
2018-09-19 14:21:04,346:INFO: [TRAIN] Step: 754 ; Loss: 23.491 ; Acc: 42.798
2018-09-19 14:21:04,455:INFO: [TRAIN] Step: 755 ; Loss: 24.723 ; Acc: 42.808
2018-09-19 14:21:04,563:INFO: [TRAIN] Step: 756 ; Loss: 20.918 ; Acc: 42.834
2018-09-19 14:21:04,668:INFO: [TRAIN] Step: 757 ; Loss: 25.796 ; Acc: 42.832
2018-09-19 14:21:04,770:INFO: [TRAIN] Step: 758 ; Loss: 25.348 ; Acc: 42.841
2018-09-19 14:21:04,877:INFO: [TRAIN] Step: 759 ; Loss: 25.655 ; Acc: 42.840
2018-09-19 14:21:04,984:INFO: [TRAIN] Step: 760 ; Loss: 21.895 ; Acc: 42.849
2018-09-19 14:21:05,089:INFO: [TRAIN] Step: 761 ; Loss: 21.541 ; Acc: 42.875
2018-09-19 14:21:05,196:INFO: [TRAIN] Step: 762 ; Loss: 25.531 ; Acc: 42.879
2018-09-19 14:21:05,298:INFO: [TRAIN] Step: 763 ; Loss: 19.657 ; Acc: 42.916
2018-09-19 14:21:05,402:INFO: [TRAIN] Step: 764 ; Loss: 25.561 ; Acc: 42.930
2018-09-19 14:21:05,508:INFO: [TRAIN] Step: 765 ; Loss: 23.778 ; Acc: 42.929
2018-09-19 14:21:05,614:INFO: [TRAIN] Step: 766 ; Loss: 20.610 ; Acc: 42.932
2018-09-19 14:21:05,720:INFO: [TRAIN] Step: 767 ; Loss: 24.132 ; Acc: 42.952
2018-09-19 14:21:05,828:INFO: [TRAIN] Step: 768 ; Loss: 22.920 ; Acc: 42.972
2018-09-19 14:21:05,932:INFO: [TRAIN] Step: 769 ; Loss: 24.020 ; Acc: 42.976
2018-09-19 14:21:06,038:INFO: [TRAIN] Step: 770 ; Loss: 25.732 ; Acc: 42.991
2018-09-19 14:21:06,143:INFO: [TRAIN] Step: 771 ; Loss: 24.781 ; Acc: 43.005
2018-09-19 14:21:06,250:INFO: [TRAIN] Step: 772 ; Loss: 23.083 ; Acc: 43.047
2018-09-19 14:21:06,360:INFO: [TRAIN] Step: 773 ; Loss: 28.661 ; Acc: 43.045
2018-09-19 14:21:06,464:INFO: [TRAIN] Step: 774 ; Loss: 32.078 ; Acc: 43.027
2018-09-19 14:21:06,567:INFO: [TRAIN] Step: 775 ; Loss: 26.584 ; Acc: 43.036
2018-09-19 14:21:06,675:INFO: [TRAIN] Step: 776 ; Loss: 24.943 ; Acc: 43.061
2018-09-19 14:21:06,782:INFO: [TRAIN] Step: 777 ; Loss: 25.818 ; Acc: 43.064
2018-09-19 14:21:06,886:INFO: [TRAIN] Step: 778 ; Loss: 24.187 ; Acc: 43.052
2018-09-19 14:21:06,991:INFO: [TRAIN] Step: 779 ; Loss: 25.309 ; Acc: 43.040
2018-09-19 14:21:07,101:INFO: [TRAIN] Step: 780 ; Loss: 21.257 ; Acc: 43.064
2018-09-19 14:21:07,215:INFO: [TRAIN] Step: 781 ; Loss: 26.615 ; Acc: 43.084
2018-09-19 14:21:07,319:INFO: [TRAIN] Step: 782 ; Loss: 24.704 ; Acc: 43.109
2018-09-19 14:21:07,431:INFO: [TRAIN] Step: 783 ; Loss: 24.346 ; Acc: 43.118
2018-09-19 14:21:07,539:INFO: [TRAIN] Step: 784 ; Loss: 22.777 ; Acc: 43.132
2018-09-19 14:21:07,645:INFO: [TRAIN] Step: 785 ; Loss: 27.794 ; Acc: 43.119
2018-09-19 14:21:07,753:INFO: [TRAIN] Step: 786 ; Loss: 22.797 ; Acc: 43.139
2018-09-19 14:21:07,860:INFO: [TRAIN] Step: 787 ; Loss: 23.996 ; Acc: 43.142
2018-09-19 14:21:07,968:INFO: [TRAIN] Step: 788 ; Loss: 19.071 ; Acc: 43.156
2018-09-19 14:21:08,071:INFO: [TRAIN] Step: 789 ; Loss: 22.107 ; Acc: 43.170
2018-09-19 14:21:08,176:INFO: [TRAIN] Step: 790 ; Loss: 27.767 ; Acc: 43.184
2018-09-19 14:21:08,285:INFO: [TRAIN] Step: 791 ; Loss: 21.894 ; Acc: 43.192
2018-09-19 14:21:08,393:INFO: [TRAIN] Step: 792 ; Loss: 20.428 ; Acc: 43.227
2018-09-19 14:21:08,499:INFO: [TRAIN] Step: 793 ; Loss: 22.037 ; Acc: 43.246
2018-09-19 14:21:08,608:INFO: [TRAIN] Step: 794 ; Loss: 21.042 ; Acc: 43.281
2018-09-19 14:21:08,713:INFO: [TRAIN] Step: 795 ; Loss: 22.908 ; Acc: 43.310
2018-09-19 14:21:08,822:INFO: [TRAIN] Step: 796 ; Loss: 26.368 ; Acc: 43.324
2018-09-19 14:21:08,930:INFO: [TRAIN] Step: 797 ; Loss: 22.868 ; Acc: 43.322
2018-09-19 14:21:09,037:INFO: [TRAIN] Step: 798 ; Loss: 24.105 ; Acc: 43.320
2018-09-19 14:21:09,140:INFO: [TRAIN] Step: 799 ; Loss: 27.759 ; Acc: 43.307
2018-09-19 14:21:09,243:INFO: [TRAIN] Step: 800 ; Loss: 21.470 ; Acc: 43.321
2018-09-19 14:21:09,348:INFO: [TRAIN] Step: 801 ; Loss: 21.991 ; Acc: 43.324
2018-09-19 14:21:09,451:INFO: [TRAIN] Step: 802 ; Loss: 26.089 ; Acc: 43.332
2018-09-19 14:21:09,551:INFO: [TRAIN] Step: 803 ; Loss: 25.282 ; Acc: 43.335
2018-09-19 14:21:09,655:INFO: [TRAIN] Step: 804 ; Loss: 23.086 ; Acc: 43.339
2018-09-19 14:21:09,756:INFO: [TRAIN] Step: 805 ; Loss: 25.645 ; Acc: 43.352
2018-09-19 14:21:09,861:INFO: [TRAIN] Step: 806 ; Loss: 25.067 ; Acc: 43.350
2018-09-19 14:21:09,966:INFO: [TRAIN] Step: 807 ; Loss: 28.425 ; Acc: 43.343
2018-09-19 14:21:10,071:INFO: [TRAIN] Step: 808 ; Loss: 23.809 ; Acc: 43.356
2018-09-19 14:21:10,171:INFO: [TRAIN] Step: 809 ; Loss: 22.455 ; Acc: 43.364
2018-09-19 14:21:10,269:INFO: [TRAIN] Step: 810 ; Loss: 19.217 ; Acc: 43.388
2018-09-19 14:21:10,375:INFO: [TRAIN] Step: 811 ; Loss: 22.736 ; Acc: 43.401
2018-09-19 14:21:10,479:INFO: [TRAIN] Step: 812 ; Loss: 23.924 ; Acc: 43.409
2018-09-19 14:21:10,580:INFO: [TRAIN] Step: 813 ; Loss: 20.547 ; Acc: 43.433
2018-09-19 14:21:10,685:INFO: [TRAIN] Step: 814 ; Loss: 24.526 ; Acc: 43.436
2018-09-19 14:21:10,784:INFO: [TRAIN] Step: 815 ; Loss: 27.564 ; Acc: 43.428
2018-09-19 14:21:10,884:INFO: [TRAIN] Step: 816 ; Loss: 21.380 ; Acc: 43.452
2018-09-19 14:21:10,989:INFO: [TRAIN] Step: 817 ; Loss: 21.637 ; Acc: 43.465
2018-09-19 14:21:11,091:INFO: [TRAIN] Step: 818 ; Loss: 19.313 ; Acc: 43.493
2018-09-19 14:21:11,191:INFO: [TRAIN] Step: 819 ; Loss: 21.941 ; Acc: 43.511
2018-09-19 14:21:11,295:INFO: [TRAIN] Step: 820 ; Loss: 24.068 ; Acc: 43.524
2018-09-19 14:21:11,399:INFO: [TRAIN] Step: 821 ; Loss: 27.266 ; Acc: 43.522
2018-09-19 14:21:11,502:INFO: [TRAIN] Step: 822 ; Loss: 23.556 ; Acc: 43.525
2018-09-19 14:21:11,606:INFO: [TRAIN] Step: 823 ; Loss: 25.376 ; Acc: 43.533
2018-09-19 14:21:11,709:INFO: [TRAIN] Step: 824 ; Loss: 18.337 ; Acc: 43.571
2018-09-19 14:21:11,808:INFO: [TRAIN] Step: 825 ; Loss: 23.713 ; Acc: 43.589
2018-09-19 14:21:11,909:INFO: [TRAIN] Step: 826 ; Loss: 26.357 ; Acc: 43.591
2018-09-19 14:21:12,012:INFO: [TRAIN] Step: 827 ; Loss: 19.039 ; Acc: 43.634
2018-09-19 14:21:12,115:INFO: [TRAIN] Step: 828 ; Loss: 24.769 ; Acc: 43.637
2018-09-19 14:21:12,214:INFO: [TRAIN] Step: 829 ; Loss: 24.161 ; Acc: 43.650
2018-09-19 14:21:12,311:INFO: [TRAIN] Step: 830 ; Loss: 28.100 ; Acc: 43.657
2018-09-19 14:21:12,416:INFO: [TRAIN] Step: 831 ; Loss: 22.098 ; Acc: 43.670
2018-09-19 14:21:12,520:INFO: [TRAIN] Step: 832 ; Loss: 19.869 ; Acc: 43.682
2018-09-19 14:21:12,621:INFO: [TRAIN] Step: 833 ; Loss: 28.501 ; Acc: 43.685
2018-09-19 14:21:12,719:INFO: [TRAIN] Step: 834 ; Loss: 25.671 ; Acc: 43.703
2018-09-19 14:21:12,814:INFO: [TRAIN] Step: 835 ; Loss: 24.919 ; Acc: 43.720
2018-09-19 14:21:12,912:INFO: [TRAIN] Step: 836 ; Loss: 26.494 ; Acc: 43.713
2018-09-19 14:21:13,006:INFO: [TRAIN] Step: 837 ; Loss: 24.132 ; Acc: 43.725
2018-09-19 14:21:13,107:INFO: [TRAIN] Step: 838 ; Loss: 28.090 ; Acc: 43.743
2018-09-19 14:21:13,199:INFO: [TRAIN] Step: 839 ; Loss: 24.816 ; Acc: 43.765
2018-09-19 14:21:13,300:INFO: [TRAIN] Step: 840 ; Loss: 17.076 ; Acc: 43.802
2018-09-19 14:21:13,389:INFO: [TRAIN] Step: 841 ; Loss: 25.523 ; Acc: 43.804
2018-09-19 14:21:13,489:INFO: [TRAIN] Step: 842 ; Loss: 28.400 ; Acc: 43.807
2018-09-19 14:21:13,582:INFO: [TRAIN] Step: 843 ; Loss: 23.359 ; Acc: 43.824
2018-09-19 14:21:13,681:INFO: [TRAIN] Step: 844 ; Loss: 27.771 ; Acc: 43.821
2018-09-19 14:21:13,770:INFO: [TRAIN] Step: 845 ; Loss: 24.542 ; Acc: 43.844
2018-09-19 14:21:13,870:INFO: [TRAIN] Step: 846 ; Loss: 23.262 ; Acc: 43.846
2018-09-19 14:21:13,960:INFO: [TRAIN] Step: 847 ; Loss: 33.435 ; Acc: 43.829
2018-09-19 14:21:14,058:INFO: [TRAIN] Step: 848 ; Loss: 27.270 ; Acc: 43.841
2018-09-19 14:21:14,147:INFO: [TRAIN] Step: 849 ; Loss: 23.050 ; Acc: 43.848
2018-09-19 14:21:14,244:INFO: [TRAIN] Step: 850 ; Loss: 24.445 ; Acc: 43.875
2018-09-19 14:21:14,336:INFO: [TRAIN] Step: 851 ; Loss: 24.362 ; Acc: 43.877
2018-09-19 14:21:14,431:INFO: [TRAIN] Step: 852 ; Loss: 23.025 ; Acc: 43.899
2018-09-19 14:21:14,524:INFO: [TRAIN] Step: 853 ; Loss: 26.480 ; Acc: 43.901
2018-09-19 14:21:14,623:INFO: [TRAIN] Step: 854 ; Loss: 23.524 ; Acc: 43.913
2018-09-19 14:21:14,715:INFO: [TRAIN] Step: 855 ; Loss: 26.284 ; Acc: 43.920
2018-09-19 14:21:14,813:INFO: [TRAIN] Step: 856 ; Loss: 23.363 ; Acc: 43.927
2018-09-19 14:21:14,902:INFO: [TRAIN] Step: 857 ; Loss: 26.146 ; Acc: 43.935
2018-09-19 14:21:14,998:INFO: [TRAIN] Step: 858 ; Loss: 24.736 ; Acc: 43.946
2018-09-19 14:21:15,090:INFO: [TRAIN] Step: 859 ; Loss: 22.756 ; Acc: 43.973
2018-09-19 14:21:15,187:INFO: [TRAIN] Step: 860 ; Loss: 23.311 ; Acc: 43.980
2018-09-19 14:21:15,278:INFO: [TRAIN] Step: 861 ; Loss: 24.650 ; Acc: 43.987
2018-09-19 14:21:15,379:INFO: [TRAIN] Step: 862 ; Loss: 25.324 ; Acc: 43.989
2018-09-19 14:21:15,471:INFO: [TRAIN] Step: 863 ; Loss: 28.520 ; Acc: 43.986
2018-09-19 14:21:15,570:INFO: [TRAIN] Step: 864 ; Loss: 32.249 ; Acc: 43.974
2018-09-19 14:21:15,661:INFO: [TRAIN] Step: 865 ; Loss: 29.141 ; Acc: 43.952
2018-09-19 14:21:15,759:INFO: [TRAIN] Step: 866 ; Loss: 27.509 ; Acc: 43.964
2018-09-19 14:21:15,846:INFO: [TRAIN] Step: 867 ; Loss: 21.375 ; Acc: 43.980
2018-09-19 14:21:15,941:INFO: [TRAIN] Step: 868 ; Loss: 26.446 ; Acc: 43.992
2018-09-19 14:21:16,030:INFO: [TRAIN] Step: 869 ; Loss: 26.253 ; Acc: 43.994
2018-09-19 14:21:16,128:INFO: [TRAIN] Step: 870 ; Loss: 26.644 ; Acc: 44.006
2018-09-19 14:21:16,221:INFO: [TRAIN] Step: 871 ; Loss: 26.682 ; Acc: 44.008
2018-09-19 14:21:16,319:INFO: [TRAIN] Step: 872 ; Loss: 20.750 ; Acc: 44.034
2018-09-19 14:21:16,413:INFO: [TRAIN] Step: 873 ; Loss: 27.050 ; Acc: 44.041
2018-09-19 14:21:16,509:INFO: [TRAIN] Step: 874 ; Loss: 22.970 ; Acc: 44.062
2018-09-19 14:21:16,598:INFO: [TRAIN] Step: 875 ; Loss: 25.197 ; Acc: 44.078
2018-09-19 14:21:16,696:INFO: [TRAIN] Step: 876 ; Loss: 21.326 ; Acc: 44.099
2018-09-19 14:21:16,788:INFO: [TRAIN] Step: 877 ; Loss: 26.326 ; Acc: 44.101
2018-09-19 14:21:16,884:INFO: [TRAIN] Step: 878 ; Loss: 22.974 ; Acc: 44.108
2018-09-19 14:21:16,975:INFO: [TRAIN] Step: 879 ; Loss: 23.213 ; Acc: 44.119
2018-09-19 14:21:17,072:INFO: [TRAIN] Step: 880 ; Loss: 27.121 ; Acc: 44.126
2018-09-19 14:21:17,162:INFO: [TRAIN] Step: 881 ; Loss: 24.290 ; Acc: 44.114
2018-09-19 14:21:17,260:INFO: [TRAIN] Step: 882 ; Loss: 22.744 ; Acc: 44.135
2018-09-19 14:21:17,349:INFO: [TRAIN] Step: 883 ; Loss: 19.505 ; Acc: 44.160
2018-09-19 14:21:17,443:INFO: [TRAIN] Step: 884 ; Loss: 27.078 ; Acc: 44.153
2018-09-19 14:21:17,534:INFO: [TRAIN] Step: 885 ; Loss: 24.876 ; Acc: 44.159
2018-09-19 14:21:17,632:INFO: [TRAIN] Step: 886 ; Loss: 23.886 ; Acc: 44.166
2018-09-19 14:21:17,726:INFO: [TRAIN] Step: 887 ; Loss: 19.826 ; Acc: 44.191
2018-09-19 14:21:17,823:INFO: [TRAIN] Step: 888 ; Loss: 28.290 ; Acc: 44.169
2018-09-19 14:21:17,911:INFO: [TRAIN] Step: 889 ; Loss: 23.709 ; Acc: 44.176
2018-09-19 14:21:18,008:INFO: [TRAIN] Step: 890 ; Loss: 22.125 ; Acc: 44.187
2018-09-19 14:21:18,100:INFO: [TRAIN] Step: 891 ; Loss: 20.794 ; Acc: 44.208
2018-09-19 14:21:18,195:INFO: [TRAIN] Step: 892 ; Loss: 25.494 ; Acc: 44.200
2018-09-19 14:21:18,284:INFO: [TRAIN] Step: 893 ; Loss: 19.764 ; Acc: 44.221
2018-09-19 14:21:18,382:INFO: [TRAIN] Step: 894 ; Loss: 23.870 ; Acc: 44.213
2018-09-19 14:21:18,470:INFO: [TRAIN] Step: 895 ; Loss: 27.828 ; Acc: 44.210
2018-09-19 14:21:18,566:INFO: [TRAIN] Step: 896 ; Loss: 22.580 ; Acc: 44.231
2018-09-19 14:21:18,657:INFO: [TRAIN] Step: 897 ; Loss: 29.272 ; Acc: 44.228
2018-09-19 14:21:18,755:INFO: [TRAIN] Step: 898 ; Loss: 25.413 ; Acc: 44.234
2018-09-19 14:21:18,845:INFO: [TRAIN] Step: 899 ; Loss: 23.529 ; Acc: 44.255
2018-09-19 14:21:18,940:INFO: [TRAIN] Step: 900 ; Loss: 25.476 ; Acc: 44.261
2018-09-19 14:21:19,030:INFO: [TRAIN] Step: 901 ; Loss: 27.602 ; Acc: 44.244
2018-09-19 14:21:19,126:INFO: [TRAIN] Step: 902 ; Loss: 22.516 ; Acc: 44.260
2018-09-19 14:21:19,218:INFO: [TRAIN] Step: 903 ; Loss: 27.987 ; Acc: 44.252
2018-09-19 14:21:19,314:INFO: [TRAIN] Step: 904 ; Loss: 23.008 ; Acc: 44.282
2018-09-19 14:21:19,404:INFO: [TRAIN] Step: 905 ; Loss: 26.033 ; Acc: 44.283
2018-09-19 14:21:19,529:INFO: [TRAIN] Step: 906 ; Loss: 29.925 ; Acc: 44.276
2018-09-19 14:21:19,624:INFO: [TRAIN] Step: 907 ; Loss: 29.349 ; Acc: 44.255
2018-09-19 14:21:19,727:INFO: [TRAIN] Step: 908 ; Loss: 23.628 ; Acc: 44.252
2018-09-19 14:21:19,817:INFO: [TRAIN] Step: 909 ; Loss: 23.645 ; Acc: 44.249
2018-09-19 14:21:19,917:INFO: [TRAIN] Step: 910 ; Loss: 22.748 ; Acc: 44.269
2018-09-19 14:21:20,011:INFO: [TRAIN] Step: 911 ; Loss: 20.658 ; Acc: 44.289
2018-09-19 14:21:20,107:INFO: [TRAIN] Step: 912 ; Loss: 23.990 ; Acc: 44.282
2018-09-19 14:21:20,196:INFO: [TRAIN] Step: 913 ; Loss: 26.157 ; Acc: 44.283
2018-09-19 14:21:20,295:INFO: [TRAIN] Step: 914 ; Loss: 23.715 ; Acc: 44.308
2018-09-19 14:21:20,385:INFO: [TRAIN] Step: 915 ; Loss: 23.412 ; Acc: 44.314
2018-09-19 14:21:20,486:INFO: [TRAIN] Step: 916 ; Loss: 26.747 ; Acc: 44.316
2018-09-19 14:21:20,577:INFO: [TRAIN] Step: 917 ; Loss: 21.723 ; Acc: 44.313
2018-09-19 14:21:20,677:INFO: [TRAIN] Step: 918 ; Loss: 26.713 ; Acc: 44.310
2018-09-19 14:21:20,771:INFO: [TRAIN] Step: 919 ; Loss: 24.221 ; Acc: 44.303
2018-09-19 14:21:20,873:INFO: [TRAIN] Step: 920 ; Loss: 23.805 ; Acc: 44.327
2018-09-19 14:21:20,965:INFO: [TRAIN] Step: 921 ; Loss: 31.920 ; Acc: 44.301
2018-09-19 14:21:21,063:INFO: [TRAIN] Step: 922 ; Loss: 26.755 ; Acc: 44.294
2018-09-19 14:21:21,154:INFO: [TRAIN] Step: 923 ; Loss: 23.506 ; Acc: 44.314
2018-09-19 14:21:21,253:INFO: [TRAIN] Step: 924 ; Loss: 21.974 ; Acc: 44.333
2018-09-19 14:21:21,345:INFO: [TRAIN] Step: 925 ; Loss: 27.554 ; Acc: 44.335
2018-09-19 14:21:21,444:INFO: [TRAIN] Step: 926 ; Loss: 19.964 ; Acc: 44.350
2018-09-19 14:21:21,533:INFO: [TRAIN] Step: 927 ; Loss: 21.712 ; Acc: 44.379
2018-09-19 14:21:21,629:INFO: [TRAIN] Step: 928 ; Loss: 26.143 ; Acc: 44.376
2018-09-19 14:21:21,720:INFO: [TRAIN] Step: 929 ; Loss: 27.179 ; Acc: 44.382
2018-09-19 14:21:21,815:INFO: [TRAIN] Step: 930 ; Loss: 19.627 ; Acc: 44.415
2018-09-19 14:21:21,902:INFO: [TRAIN] Step: 931 ; Loss: 22.354 ; Acc: 44.421
2018-09-19 14:21:21,998:INFO: [TRAIN] Step: 932 ; Loss: 24.655 ; Acc: 44.418
2018-09-19 14:21:22,090:INFO: [TRAIN] Step: 933 ; Loss: 18.689 ; Acc: 44.437
2018-09-19 14:21:22,222:INFO: [TRAIN] Step: 934 ; Loss: 22.028 ; Acc: 44.447
2018-09-19 14:21:22,340:INFO: [TRAIN] Step: 935 ; Loss: 22.297 ; Acc: 44.480
2018-09-19 14:21:22,444:INFO: [TRAIN] Step: 936 ; Loss: 22.667 ; Acc: 44.490
2018-09-19 14:21:22,559:INFO: [TRAIN] Step: 937 ; Loss: 21.987 ; Acc: 44.501
2018-09-19 14:21:22,661:INFO: [TRAIN] Step: 938 ; Loss: 25.553 ; Acc: 44.498
2018-09-19 14:21:22,773:INFO: [TRAIN] Step: 939 ; Loss: 22.504 ; Acc: 44.508
2018-09-19 14:21:22,879:INFO: [TRAIN] Step: 940 ; Loss: 21.370 ; Acc: 44.518
2018-09-19 14:21:22,984:INFO: [TRAIN] Step: 941 ; Loss: 26.144 ; Acc: 44.502
2018-09-19 14:21:23,078:INFO: [TRAIN] Step: 942 ; Loss: 23.316 ; Acc: 44.512
2018-09-19 14:21:23,169:INFO: [TRAIN] Step: 943 ; Loss: 24.319 ; Acc: 44.509
2018-09-19 14:21:23,263:INFO: [TRAIN] Step: 944 ; Loss: 22.040 ; Acc: 44.524
2018-09-19 14:21:23,356:INFO: [TRAIN] Step: 945 ; Loss: 23.511 ; Acc: 44.534
2018-09-19 14:21:23,455:INFO: [TRAIN] Step: 946 ; Loss: 24.339 ; Acc: 44.544
2018-09-19 14:21:23,544:INFO: [TRAIN] Step: 947 ; Loss: 29.785 ; Acc: 44.541
2018-09-19 14:21:23,642:INFO: [TRAIN] Step: 948 ; Loss: 26.602 ; Acc: 44.543
2018-09-19 14:21:23,728:INFO: [TRAIN] Step: 949 ; Loss: 21.832 ; Acc: 44.561
2018-09-19 14:21:23,825:INFO: [TRAIN] Step: 950 ; Loss: 22.750 ; Acc: 44.589
2018-09-19 14:21:23,912:INFO: [TRAIN] Step: 951 ; Loss: 26.666 ; Acc: 44.603
2018-09-19 14:21:24,009:INFO: [TRAIN] Step: 952 ; Loss: 25.602 ; Acc: 44.614
2018-09-19 14:21:24,099:INFO: [TRAIN] Step: 953 ; Loss: 25.275 ; Acc: 44.632
2018-09-19 14:21:24,193:INFO: [TRAIN] Step: 954 ; Loss: 20.172 ; Acc: 44.655
2018-09-19 14:21:24,285:INFO: [TRAIN] Step: 955 ; Loss: 23.576 ; Acc: 44.657
2018-09-19 14:21:24,379:INFO: [TRAIN] Step: 956 ; Loss: 23.951 ; Acc: 44.658
2018-09-19 14:21:24,467:INFO: [TRAIN] Step: 957 ; Loss: 21.590 ; Acc: 44.676
2018-09-19 14:21:24,560:INFO: [TRAIN] Step: 958 ; Loss: 33.663 ; Acc: 44.656
2018-09-19 14:21:24,649:INFO: [TRAIN] Step: 959 ; Loss: 26.001 ; Acc: 44.661
2018-09-19 14:21:24,742:INFO: [TRAIN] Step: 960 ; Loss: 22.346 ; Acc: 44.684
2018-09-19 14:21:24,828:INFO: [TRAIN] Step: 961 ; Loss: 21.320 ; Acc: 44.686
2018-09-19 14:21:24,922:INFO: [TRAIN] Step: 962 ; Loss: 25.534 ; Acc: 44.678
2018-09-19 14:21:25,014:INFO: [TRAIN] Step: 963 ; Loss: 22.717 ; Acc: 44.671
2018-09-19 14:21:25,109:INFO: [TRAIN] Step: 964 ; Loss: 24.502 ; Acc: 44.685
2018-09-19 14:21:25,199:INFO: [TRAIN] Step: 965 ; Loss: 25.093 ; Acc: 44.682
2018-09-19 14:21:25,292:INFO: [TRAIN] Step: 966 ; Loss: 27.357 ; Acc: 44.679
2018-09-19 14:21:25,380:INFO: [TRAIN] Step: 967 ; Loss: 25.804 ; Acc: 44.680
2018-09-19 14:21:25,475:INFO: [TRAIN] Step: 968 ; Loss: 25.758 ; Acc: 44.685
2018-09-19 14:21:25,564:INFO: [TRAIN] Step: 969 ; Loss: 22.282 ; Acc: 44.712
2018-09-19 14:21:25,659:INFO: [TRAIN] Step: 970 ; Loss: 26.190 ; Acc: 44.709
2018-09-19 14:21:25,745:INFO: [TRAIN] Step: 971 ; Loss: 21.041 ; Acc: 44.715
2018-09-19 14:21:25,842:INFO: [TRAIN] Step: 972 ; Loss: 22.713 ; Acc: 44.724
2018-09-19 14:21:25,928:INFO: [TRAIN] Step: 973 ; Loss: 24.694 ; Acc: 44.738
2018-09-19 14:21:26,022:INFO: [TRAIN] Step: 974 ; Loss: 25.869 ; Acc: 44.752
2018-09-19 14:21:26,109:INFO: [TRAIN] Step: 975 ; Loss: 23.754 ; Acc: 44.779
2018-09-19 14:21:26,205:INFO: [TRAIN] Step: 976 ; Loss: 23.566 ; Acc: 44.784
2018-09-19 14:21:26,291:INFO: [TRAIN] Step: 977 ; Loss: 24.246 ; Acc: 44.772
2018-09-19 14:21:26,385:INFO: [TRAIN] Step: 978 ; Loss: 21.791 ; Acc: 44.774
2018-09-19 14:21:26,474:INFO: [TRAIN] Step: 979 ; Loss: 21.754 ; Acc: 44.783
2018-09-19 14:21:26,574:INFO: [TRAIN] Step: 980 ; Loss: 26.633 ; Acc: 44.788
2018-09-19 14:21:26,665:INFO: [TRAIN] Step: 981 ; Loss: 28.648 ; Acc: 44.785
2018-09-19 14:21:26,762:INFO: [TRAIN] Step: 982 ; Loss: 22.834 ; Acc: 44.803
2018-09-19 14:21:26,849:INFO: [TRAIN] Step: 983 ; Loss: 17.282 ; Acc: 44.826
2018-09-19 14:21:26,944:INFO: [TRAIN] Step: 984 ; Loss: 27.339 ; Acc: 44.831
2018-09-19 14:21:27,034:INFO: [TRAIN] Step: 985 ; Loss: 23.034 ; Acc: 44.844
2018-09-19 14:21:27,132:INFO: [TRAIN] Step: 986 ; Loss: 24.315 ; Acc: 44.850
2018-09-19 14:21:27,223:INFO: [TRAIN] Step: 987 ; Loss: 19.436 ; Acc: 44.872
2018-09-19 14:21:27,316:INFO: [TRAIN] Step: 988 ; Loss: 27.267 ; Acc: 44.864
2018-09-19 14:21:27,403:INFO: [TRAIN] Step: 989 ; Loss: 23.175 ; Acc: 44.865
2018-09-19 14:21:27,502:INFO: [TRAIN] Step: 990 ; Loss: 30.188 ; Acc: 44.849
2018-09-19 14:21:27,589:INFO: [TRAIN] Step: 991 ; Loss: 25.039 ; Acc: 44.846
2018-09-19 14:21:27,685:INFO: [TRAIN] Step: 992 ; Loss: 20.839 ; Acc: 44.868
2018-09-19 14:21:27,776:INFO: [TRAIN] Step: 993 ; Loss: 23.978 ; Acc: 44.852
2018-09-19 14:21:27,873:INFO: [TRAIN] Step: 994 ; Loss: 24.444 ; Acc: 44.874
2018-09-19 14:21:27,965:INFO: [TRAIN] Step: 995 ; Loss: 27.450 ; Acc: 44.880
2018-09-19 14:21:28,062:INFO: [TRAIN] Step: 996 ; Loss: 24.774 ; Acc: 44.880
2018-09-19 14:21:28,151:INFO: [TRAIN] Step: 997 ; Loss: 20.594 ; Acc: 44.911
2018-09-19 14:21:28,248:INFO: [TRAIN] Step: 998 ; Loss: 23.828 ; Acc: 44.924
2018-09-19 14:21:28,342:INFO: [TRAIN] Step: 999 ; Loss: 23.645 ; Acc: 44.938
2018-09-19 14:21:28,439:INFO: [TRAIN] Step: 1000 ; Loss: 25.565 ; Acc: 44.934
2018-09-19 14:21:28,533:INFO: [TRAIN] Step: 1001 ; Loss: 24.851 ; Acc: 44.956
2018-09-19 14:21:28,629:INFO: [TRAIN] Step: 1002 ; Loss: 23.923 ; Acc: 44.965
2018-09-19 14:21:28,718:INFO: [TRAIN] Step: 1003 ; Loss: 23.145 ; Acc: 44.983
2018-09-19 14:21:28,815:INFO: [TRAIN] Step: 1004 ; Loss: 22.862 ; Acc: 44.988
2018-09-19 14:21:28,906:INFO: [TRAIN] Step: 1005 ; Loss: 23.742 ; Acc: 44.984
2018-09-19 14:21:29,002:INFO: [TRAIN] Step: 1006 ; Loss: 28.157 ; Acc: 44.989
2018-09-19 14:21:29,090:INFO: [TRAIN] Step: 1007 ; Loss: 22.745 ; Acc: 44.990
2018-09-19 14:21:29,189:INFO: [TRAIN] Step: 1008 ; Loss: 24.778 ; Acc: 44.991
2018-09-19 14:21:29,278:INFO: [TRAIN] Step: 1009 ; Loss: 21.257 ; Acc: 45.004
2018-09-19 14:21:29,377:INFO: [TRAIN] Step: 1010 ; Loss: 21.255 ; Acc: 45.005
2018-09-19 14:21:29,464:INFO: [TRAIN] Step: 1011 ; Loss: 25.631 ; Acc: 45.018
2018-09-19 14:21:29,569:INFO: [TRAIN] Step: 1012 ; Loss: 25.937 ; Acc: 45.027
2018-09-19 14:21:29,657:INFO: [TRAIN] Step: 1013 ; Loss: 28.267 ; Acc: 45.024
2018-09-19 14:21:29,752:INFO: [TRAIN] Step: 1014 ; Loss: 26.808 ; Acc: 45.016
2018-09-19 14:21:29,843:INFO: [TRAIN] Step: 1015 ; Loss: 29.469 ; Acc: 45.009
2018-09-19 14:21:29,941:INFO: [TRAIN] Step: 1016 ; Loss: 21.310 ; Acc: 45.039
2018-09-19 14:21:30,029:INFO: [TRAIN] Step: 1017 ; Loss: 23.602 ; Acc: 45.039
2018-09-19 14:21:30,125:INFO: [TRAIN] Step: 1018 ; Loss: 22.106 ; Acc: 45.052
2018-09-19 14:21:30,217:INFO: [TRAIN] Step: 1019 ; Loss: 26.433 ; Acc: 45.049
2018-09-19 14:21:30,311:INFO: [TRAIN] Step: 1020 ; Loss: 19.855 ; Acc: 45.070
2018-09-19 14:21:30,405:INFO: [TRAIN] Step: 1021 ; Loss: 25.110 ; Acc: 45.063
2018-09-19 14:21:30,501:INFO: [TRAIN] Step: 1022 ; Loss: 25.982 ; Acc: 45.059
2018-09-19 14:21:30,590:INFO: [TRAIN] Step: 1023 ; Loss: 25.030 ; Acc: 45.064
2018-09-19 14:21:30,685:INFO: [TRAIN] Step: 1024 ; Loss: 22.646 ; Acc: 45.077
2018-09-19 14:21:30,774:INFO: [TRAIN] Step: 1025 ; Loss: 26.599 ; Acc: 45.078
2018-09-19 14:21:30,873:INFO: [TRAIN] Step: 1026 ; Loss: 24.263 ; Acc: 45.091
2018-09-19 14:21:30,961:INFO: [TRAIN] Step: 1027 ; Loss: 24.259 ; Acc: 45.104
2018-09-19 14:21:31,057:INFO: [TRAIN] Step: 1028 ; Loss: 20.964 ; Acc: 45.113
2018-09-19 14:21:31,149:INFO: [TRAIN] Step: 1029 ; Loss: 23.855 ; Acc: 45.113
2018-09-19 14:21:31,243:INFO: [TRAIN] Step: 1030 ; Loss: 27.121 ; Acc: 45.110
2018-09-19 14:21:31,335:INFO: [TRAIN] Step: 1031 ; Loss: 24.683 ; Acc: 45.107
2018-09-19 14:21:31,434:INFO: [TRAIN] Step: 1032 ; Loss: 23.855 ; Acc: 45.111
2018-09-19 14:21:31,530:INFO: [TRAIN] Step: 1033 ; Loss: 27.131 ; Acc: 45.116
2018-09-19 14:21:31,626:INFO: [TRAIN] Step: 1034 ; Loss: 25.867 ; Acc: 45.117
2018-09-19 14:21:31,718:INFO: [TRAIN] Step: 1035 ; Loss: 25.273 ; Acc: 45.121
2018-09-19 14:21:31,817:INFO: [TRAIN] Step: 1036 ; Loss: 26.540 ; Acc: 45.118
2018-09-19 14:21:31,908:INFO: [TRAIN] Step: 1037 ; Loss: 23.000 ; Acc: 45.127
2018-09-19 14:21:32,011:INFO: [TRAIN] Step: 1038 ; Loss: 23.313 ; Acc: 45.132
2018-09-19 14:21:32,115:INFO: [TRAIN] Step: 1039 ; Loss: 24.659 ; Acc: 45.140
2018-09-19 14:21:32,216:INFO: [TRAIN] Step: 1040 ; Loss: 27.597 ; Acc: 45.145
2018-09-19 14:21:32,318:INFO: [TRAIN] Step: 1041 ; Loss: 23.653 ; Acc: 45.154
2018-09-19 14:21:32,434:INFO: [TRAIN] Step: 1042 ; Loss: 24.583 ; Acc: 45.150
2018-09-19 14:21:32,536:INFO: [TRAIN] Step: 1043 ; Loss: 23.016 ; Acc: 45.147
2018-09-19 14:21:32,636:INFO: [TRAIN] Step: 1044 ; Loss: 24.034 ; Acc: 45.163
2018-09-19 14:21:32,730:INFO: [TRAIN] Step: 1045 ; Loss: 21.210 ; Acc: 45.160
2018-09-19 14:21:32,824:INFO: [TRAIN] Step: 1046 ; Loss: 21.592 ; Acc: 45.177
2018-09-19 14:21:32,918:INFO: [TRAIN] Step: 1047 ; Loss: 24.689 ; Acc: 45.169
2018-09-19 14:21:33,019:INFO: [TRAIN] Step: 1048 ; Loss: 23.058 ; Acc: 45.174
2018-09-19 14:21:33,110:INFO: [TRAIN] Step: 1049 ; Loss: 24.482 ; Acc: 45.175
2018-09-19 14:21:33,209:INFO: [TRAIN] Step: 1050 ; Loss: 24.986 ; Acc: 45.179
2018-09-19 14:21:33,299:INFO: [TRAIN] Step: 1051 ; Loss: 23.600 ; Acc: 45.172
2018-09-19 14:21:33,395:INFO: [TRAIN] Step: 1052 ; Loss: 25.243 ; Acc: 45.180
2018-09-19 14:21:33,487:INFO: [TRAIN] Step: 1053 ; Loss: 23.521 ; Acc: 45.193
2018-09-19 14:21:33,586:INFO: [TRAIN] Step: 1054 ; Loss: 21.312 ; Acc: 45.190
2018-09-19 14:21:33,680:INFO: [TRAIN] Step: 1055 ; Loss: 21.658 ; Acc: 45.206
2018-09-19 14:21:33,780:INFO: [TRAIN] Step: 1056 ; Loss: 19.412 ; Acc: 45.222
2018-09-19 14:21:33,870:INFO: [TRAIN] Step: 1057 ; Loss: 22.741 ; Acc: 45.219
2018-09-19 14:21:33,967:INFO: [TRAIN] Step: 1058 ; Loss: 26.760 ; Acc: 45.212
2018-09-19 14:21:34,060:INFO: [TRAIN] Step: 1059 ; Loss: 22.468 ; Acc: 45.220
2018-09-19 14:21:34,159:INFO: [TRAIN] Step: 1060 ; Loss: 23.852 ; Acc: 45.217
2018-09-19 14:21:34,249:INFO: [TRAIN] Step: 1061 ; Loss: 21.645 ; Acc: 45.225
2018-09-19 14:21:34,350:INFO: [TRAIN] Step: 1062 ; Loss: 25.520 ; Acc: 45.226
2018-09-19 14:21:34,440:INFO: [TRAIN] Step: 1063 ; Loss: 23.139 ; Acc: 45.242
2018-09-19 14:21:34,541:INFO: [TRAIN] Step: 1064 ; Loss: 20.764 ; Acc: 45.258
2018-09-19 14:21:34,633:INFO: [TRAIN] Step: 1065 ; Loss: 24.222 ; Acc: 45.267
2018-09-19 14:21:34,734:INFO: [TRAIN] Step: 1066 ; Loss: 27.584 ; Acc: 45.259
2018-09-19 14:21:34,825:INFO: [TRAIN] Step: 1067 ; Loss: 19.644 ; Acc: 45.256
2018-09-19 14:21:34,926:INFO: [TRAIN] Step: 1068 ; Loss: 22.606 ; Acc: 45.256
2018-09-19 14:21:35,018:INFO: [TRAIN] Step: 1069 ; Loss: 20.336 ; Acc: 45.265
2018-09-19 14:21:35,117:INFO: [TRAIN] Step: 1070 ; Loss: 28.989 ; Acc: 45.261
2018-09-19 14:21:35,209:INFO: [TRAIN] Step: 1071 ; Loss: 23.668 ; Acc: 45.266
2018-09-19 14:21:35,310:INFO: [TRAIN] Step: 1072 ; Loss: 22.962 ; Acc: 45.270
2018-09-19 14:21:35,402:INFO: [TRAIN] Step: 1073 ; Loss: 24.953 ; Acc: 45.275
2018-09-19 14:21:35,502:INFO: [TRAIN] Step: 1074 ; Loss: 21.744 ; Acc: 45.283
2018-09-19 14:21:35,596:INFO: [TRAIN] Step: 1075 ; Loss: 27.609 ; Acc: 45.280
2018-09-19 14:21:35,702:INFO: [TRAIN] Step: 1076 ; Loss: 24.467 ; Acc: 45.284
2018-09-19 14:21:35,795:INFO: [TRAIN] Step: 1077 ; Loss: 23.063 ; Acc: 45.288
2018-09-19 14:21:35,895:INFO: [TRAIN] Step: 1078 ; Loss: 21.342 ; Acc: 45.293
2018-09-19 14:21:35,989:INFO: [TRAIN] Step: 1079 ; Loss: 26.907 ; Acc: 45.293
2018-09-19 14:21:36,092:INFO: [TRAIN] Step: 1080 ; Loss: 26.094 ; Acc: 45.290
2018-09-19 14:21:36,186:INFO: [TRAIN] Step: 1081 ; Loss: 29.062 ; Acc: 45.298
2018-09-19 14:21:36,285:INFO: [TRAIN] Step: 1082 ; Loss: 24.744 ; Acc: 45.299
2018-09-19 14:21:36,379:INFO: [TRAIN] Step: 1083 ; Loss: 24.055 ; Acc: 45.307
2018-09-19 14:21:36,477:INFO: [TRAIN] Step: 1084 ; Loss: 26.326 ; Acc: 45.323
2018-09-19 14:21:36,566:INFO: [TRAIN] Step: 1085 ; Loss: 20.598 ; Acc: 45.346
2018-09-19 14:21:36,664:INFO: [TRAIN] Step: 1086 ; Loss: 27.691 ; Acc: 45.350
2018-09-19 14:21:36,756:INFO: [TRAIN] Step: 1087 ; Loss: 25.412 ; Acc: 45.347
2018-09-19 14:21:36,855:INFO: [TRAIN] Step: 1088 ; Loss: 22.781 ; Acc: 45.351
2018-09-19 14:21:36,950:INFO: [TRAIN] Step: 1089 ; Loss: 23.421 ; Acc: 45.348
2018-09-19 14:21:37,045:INFO: [TRAIN] Step: 1090 ; Loss: 25.799 ; Acc: 45.356
2018-09-19 14:21:37,137:INFO: [TRAIN] Step: 1091 ; Loss: 27.323 ; Acc: 45.349
2018-09-19 14:21:37,245:INFO: [TRAIN] Step: 1092 ; Loss: 24.635 ; Acc: 45.345
2018-09-19 14:21:37,336:INFO: [TRAIN] Step: 1093 ; Loss: 25.102 ; Acc: 45.357
2018-09-19 14:21:37,438:INFO: [TRAIN] Step: 1094 ; Loss: 20.595 ; Acc: 45.361
2018-09-19 14:21:37,531:INFO: [TRAIN] Step: 1095 ; Loss: 20.336 ; Acc: 45.370
2018-09-19 14:21:37,632:INFO: [TRAIN] Step: 1096 ; Loss: 22.244 ; Acc: 45.378
2018-09-19 14:21:37,727:INFO: [TRAIN] Step: 1097 ; Loss: 22.070 ; Acc: 45.378
2018-09-19 14:21:37,826:INFO: [TRAIN] Step: 1098 ; Loss: 21.612 ; Acc: 45.386
2018-09-19 14:21:37,917:INFO: [TRAIN] Step: 1099 ; Loss: 19.274 ; Acc: 45.394
2018-09-19 14:21:38,019:INFO: [TRAIN] Step: 1100 ; Loss: 21.361 ; Acc: 45.406
2018-09-19 14:21:38,109:INFO: [TRAIN] Step: 1101 ; Loss: 23.485 ; Acc: 45.421
2018-09-19 14:21:38,206:INFO: [TRAIN] Step: 1102 ; Loss: 22.752 ; Acc: 45.425
2018-09-19 14:21:38,300:INFO: [TRAIN] Step: 1103 ; Loss: 21.622 ; Acc: 45.437
2018-09-19 14:21:38,400:INFO: [TRAIN] Step: 1104 ; Loss: 26.699 ; Acc: 45.434
2018-09-19 14:21:38,492:INFO: [TRAIN] Step: 1105 ; Loss: 23.841 ; Acc: 45.434
2018-09-19 14:21:38,591:INFO: [TRAIN] Step: 1106 ; Loss: 22.001 ; Acc: 45.446
2018-09-19 14:21:38,684:INFO: [TRAIN] Step: 1107 ; Loss: 19.584 ; Acc: 45.469
2018-09-19 14:21:38,785:INFO: [TRAIN] Step: 1108 ; Loss: 23.426 ; Acc: 45.473
2018-09-19 14:21:38,876:INFO: [TRAIN] Step: 1109 ; Loss: 23.550 ; Acc: 45.480
2018-09-19 14:21:38,975:INFO: [TRAIN] Step: 1110 ; Loss: 22.691 ; Acc: 45.485
2018-09-19 14:21:39,066:INFO: [TRAIN] Step: 1111 ; Loss: 24.747 ; Acc: 45.485
2018-09-19 14:21:39,168:INFO: [TRAIN] Step: 1112 ; Loss: 26.547 ; Acc: 45.485
2018-09-19 14:21:39,258:INFO: [TRAIN] Step: 1113 ; Loss: 23.131 ; Acc: 45.493
2018-09-19 14:21:39,357:INFO: [TRAIN] Step: 1114 ; Loss: 27.820 ; Acc: 45.490
2018-09-19 14:21:39,451:INFO: [TRAIN] Step: 1115 ; Loss: 25.372 ; Acc: 45.490
2018-09-19 14:21:39,547:INFO: [TRAIN] Step: 1116 ; Loss: 24.055 ; Acc: 45.505
2018-09-19 14:21:39,641:INFO: [TRAIN] Step: 1117 ; Loss: 20.528 ; Acc: 45.513
2018-09-19 14:21:39,737:INFO: [TRAIN] Step: 1118 ; Loss: 27.028 ; Acc: 45.502
2018-09-19 14:21:39,830:INFO: [TRAIN] Step: 1119 ; Loss: 19.100 ; Acc: 45.521
2018-09-19 14:21:39,929:INFO: [TRAIN] Step: 1120 ; Loss: 29.303 ; Acc: 45.510
2018-09-19 14:21:40,021:INFO: [TRAIN] Step: 1121 ; Loss: 26.211 ; Acc: 45.507
2018-09-19 14:21:40,122:INFO: [TRAIN] Step: 1122 ; Loss: 21.087 ; Acc: 45.514
2018-09-19 14:21:40,215:INFO: [TRAIN] Step: 1123 ; Loss: 25.190 ; Acc: 45.515
2018-09-19 14:21:40,321:INFO: [TRAIN] Step: 1124 ; Loss: 22.352 ; Acc: 45.526
2018-09-19 14:21:40,412:INFO: [TRAIN] Step: 1125 ; Loss: 25.908 ; Acc: 45.511
2018-09-19 14:21:40,513:INFO: [TRAIN] Step: 1126 ; Loss: 25.236 ; Acc: 45.515
2018-09-19 14:21:40,602:INFO: [TRAIN] Step: 1127 ; Loss: 24.913 ; Acc: 45.512
2018-09-19 14:21:40,703:INFO: [TRAIN] Step: 1128 ; Loss: 19.781 ; Acc: 45.512
2018-09-19 14:21:40,803:INFO: [TRAIN] Step: 1129 ; Loss: 25.604 ; Acc: 45.520
2018-09-19 14:21:40,903:INFO: [TRAIN] Step: 1130 ; Loss: 26.448 ; Acc: 45.517
2018-09-19 14:21:40,992:INFO: [TRAIN] Step: 1131 ; Loss: 24.366 ; Acc: 45.524
2018-09-19 14:21:41,092:INFO: [TRAIN] Step: 1132 ; Loss: 21.524 ; Acc: 45.535
2018-09-19 14:21:41,188:INFO: [TRAIN] Step: 1133 ; Loss: 21.254 ; Acc: 45.536
2018-09-19 14:21:41,287:INFO: [TRAIN] Step: 1134 ; Loss: 21.490 ; Acc: 45.536
2018-09-19 14:21:41,378:INFO: [TRAIN] Step: 1135 ; Loss: 23.994 ; Acc: 45.551
2018-09-19 14:21:41,476:INFO: [TRAIN] Step: 1136 ; Loss: 27.049 ; Acc: 45.544
2018-09-19 14:21:41,567:INFO: [TRAIN] Step: 1137 ; Loss: 22.519 ; Acc: 45.551
2018-09-19 14:21:41,666:INFO: [TRAIN] Step: 1138 ; Loss: 23.281 ; Acc: 45.555
2018-09-19 14:21:41,757:INFO: [TRAIN] Step: 1139 ; Loss: 21.230 ; Acc: 45.570
2018-09-19 14:21:41,854:INFO: [TRAIN] Step: 1140 ; Loss: 22.153 ; Acc: 45.574
2018-09-19 14:21:41,946:INFO: [TRAIN] Step: 1141 ; Loss: 22.180 ; Acc: 45.578
2018-09-19 14:21:42,046:INFO: [TRAIN] Step: 1142 ; Loss: 23.960 ; Acc: 45.575
2018-09-19 14:21:42,141:INFO: [TRAIN] Step: 1143 ; Loss: 27.504 ; Acc: 45.567
2018-09-19 14:21:42,241:INFO: [TRAIN] Step: 1144 ; Loss: 24.818 ; Acc: 45.564
2018-09-19 14:21:42,332:INFO: [TRAIN] Step: 1145 ; Loss: 19.063 ; Acc: 45.586
2018-09-19 14:21:42,437:INFO: [TRAIN] Step: 1146 ; Loss: 21.235 ; Acc: 45.597
2018-09-19 14:21:42,553:INFO: [TRAIN] Step: 1147 ; Loss: 24.930 ; Acc: 45.597
2018-09-19 14:21:42,684:INFO: [TRAIN] Step: 1148 ; Loss: 23.508 ; Acc: 45.605
2018-09-19 14:21:42,781:INFO: [TRAIN] Step: 1149 ; Loss: 27.833 ; Acc: 45.601
2018-09-19 14:21:42,891:INFO: [TRAIN] Step: 1150 ; Loss: 25.363 ; Acc: 45.594
2018-09-19 14:21:43,007:INFO: [TRAIN] Step: 1151 ; Loss: 26.701 ; Acc: 45.595
2018-09-19 14:21:43,127:INFO: [TRAIN] Step: 1152 ; Loss: 20.345 ; Acc: 45.598
2018-09-19 14:21:43,230:INFO: [TRAIN] Step: 1153 ; Loss: 20.833 ; Acc: 45.599
2018-09-19 14:21:43,332:INFO: [TRAIN] Step: 1154 ; Loss: 24.155 ; Acc: 45.602
2018-09-19 14:21:43,440:INFO: [TRAIN] Step: 1155 ; Loss: 20.150 ; Acc: 45.617
2018-09-19 14:21:43,553:INFO: [TRAIN] Step: 1156 ; Loss: 24.895 ; Acc: 45.610
2018-09-19 14:21:43,687:INFO: [TRAIN] Step: 1157 ; Loss: 23.489 ; Acc: 45.625
2018-09-19 14:21:43,821:INFO: [TRAIN] Step: 1158 ; Loss: 22.519 ; Acc: 45.632
2018-09-19 14:21:43,923:INFO: [TRAIN] Step: 1159 ; Loss: 25.400 ; Acc: 45.639
2018-09-19 14:21:44,018:INFO: [TRAIN] Step: 1160 ; Loss: 26.084 ; Acc: 45.636
2018-09-19 14:21:44,109:INFO: [TRAIN] Step: 1161 ; Loss: 24.849 ; Acc: 45.636
2018-09-19 14:21:44,209:INFO: [TRAIN] Step: 1162 ; Loss: 23.630 ; Acc: 45.643
2018-09-19 14:21:44,298:INFO: [TRAIN] Step: 1163 ; Loss: 19.962 ; Acc: 45.658
2018-09-19 14:21:44,396:INFO: [TRAIN] Step: 1164 ; Loss: 25.560 ; Acc: 45.658
2018-09-19 14:21:44,489:INFO: [TRAIN] Step: 1165 ; Loss: 23.528 ; Acc: 45.665
2018-09-19 14:21:44,588:INFO: [TRAIN] Step: 1166 ; Loss: 23.518 ; Acc: 45.683
2018-09-19 14:21:44,681:INFO: [TRAIN] Step: 1167 ; Loss: 25.752 ; Acc: 45.680
2018-09-19 14:21:44,778:INFO: [TRAIN] Step: 1168 ; Loss: 21.883 ; Acc: 45.691
2018-09-19 14:21:44,867:INFO: [TRAIN] Step: 1169 ; Loss: 24.786 ; Acc: 45.698
2018-09-19 14:21:44,969:INFO: [TRAIN] Step: 1170 ; Loss: 26.698 ; Acc: 45.712
2018-09-19 14:21:45,063:INFO: [TRAIN] Step: 1171 ; Loss: 26.825 ; Acc: 45.720
2018-09-19 14:21:45,167:INFO: [TRAIN] Step: 1172 ; Loss: 25.211 ; Acc: 45.723
2018-09-19 14:21:45,260:INFO: [TRAIN] Step: 1173 ; Loss: 24.057 ; Acc: 45.734
2018-09-19 14:21:45,357:INFO: [TRAIN] Step: 1174 ; Loss: 27.251 ; Acc: 45.745
2018-09-19 14:21:45,450:INFO: [TRAIN] Step: 1175 ; Loss: 26.893 ; Acc: 45.752
2018-09-19 14:21:45,551:INFO: [TRAIN] Step: 1176 ; Loss: 22.315 ; Acc: 45.763
2018-09-19 14:21:45,640:INFO: [TRAIN] Step: 1177 ; Loss: 25.605 ; Acc: 45.770
2018-09-19 14:21:45,738:INFO: [TRAIN] Step: 1178 ; Loss: 25.772 ; Acc: 45.773
2018-09-19 14:21:45,830:INFO: [TRAIN] Step: 1179 ; Loss: 27.087 ; Acc: 45.763
2018-09-19 14:21:45,929:INFO: [TRAIN] Step: 1180 ; Loss: 21.128 ; Acc: 45.780
2018-09-19 14:21:46,021:INFO: [TRAIN] Step: 1181 ; Loss: 22.267 ; Acc: 45.784
2018-09-19 14:21:46,121:INFO: [TRAIN] Step: 1182 ; Loss: 25.105 ; Acc: 45.777
2018-09-19 14:21:46,212:INFO: [TRAIN] Step: 1183 ; Loss: 28.973 ; Acc: 45.774
2018-09-19 14:21:46,310:INFO: [TRAIN] Step: 1184 ; Loss: 22.086 ; Acc: 45.784
2018-09-19 14:21:46,402:INFO: [TRAIN] Step: 1185 ; Loss: 19.571 ; Acc: 45.812
2018-09-19 14:21:46,501:INFO: [TRAIN] Step: 1186 ; Loss: 25.913 ; Acc: 45.816
2018-09-19 14:21:46,590:INFO: [TRAIN] Step: 1187 ; Loss: 27.783 ; Acc: 45.816
2018-09-19 14:21:46,688:INFO: [TRAIN] Step: 1188 ; Loss: 25.788 ; Acc: 45.809
2018-09-19 14:21:46,779:INFO: [TRAIN] Step: 1189 ; Loss: 22.792 ; Acc: 45.816
2018-09-19 14:21:51,953:INFO: [EVAL] Step: 1190 ; Loss: 0.249 ; Acc: 0.527
