2018-09-19 14:24:57,510:INFO: ### Model ###
LeNet5(
  (convnet): Sequential(
    (0): Conv2d(1, 6, kernel_size=(5, 5), stride=(1, 1))
    (1): ReLU()
    (2): MaxPool2d(kernel_size=(2, 2), stride=2, padding=0, dilation=1, ceil_mode=False)
    (3): Conv2d(6, 16, kernel_size=(5, 5), stride=(1, 1))
    (4): ReLU()
    (5): MaxPool2d(kernel_size=(2, 2), stride=2, padding=0, dilation=1, ceil_mode=False)
    (6): Conv2d(16, 120, kernel_size=(5, 5), stride=(1, 1))
    (7): ReLU()
    (8): Conv2d(120, 240, kernel_size=(5, 5), stride=(1, 1))
    (9): ReLU()
  )
  (fc): Sequential(
    (0): Linear(in_features=240, out_features=84, bias=True)
    (1): ReLU()
    (2): Linear(in_features=84, out_features=10, bias=True)
  )
)
2018-09-19 14:24:57,511:INFO: ### Optimizer ###
Adam (
Parameter Group 0
    amsgrad: False
    betas: (0.9, 0.999)
    eps: 1e-08
    lr: 0.0001
    weight_decay: 0
)
2018-09-19 14:24:57,512:INFO: ### HParams ###
n_epochs: 1 ; data: ferplus ; label: ferplus_votes ; batch_size: 24 ; lr: 0.0001 ; wd: 0 ; eval_steps: 1190
2018-09-19 14:24:57,706:INFO: [TRAIN] Step: 0 ; Loss: 41.179 ; Acc: 12.500
2018-09-19 14:24:57,789:INFO: [TRAIN] Step: 1 ; Loss: 38.624 ; Acc: 14.583
2018-09-19 14:24:57,874:INFO: [TRAIN] Step: 2 ; Loss: 36.494 ; Acc: 15.278
2018-09-19 14:24:57,962:INFO: [TRAIN] Step: 3 ; Loss: 40.290 ; Acc: 13.542
2018-09-19 14:24:58,035:INFO: [TRAIN] Step: 4 ; Loss: 40.336 ; Acc: 11.667
2018-09-19 14:24:58,116:INFO: [TRAIN] Step: 5 ; Loss: 40.149 ; Acc: 11.806
2018-09-19 14:24:58,188:INFO: [TRAIN] Step: 6 ; Loss: 37.441 ; Acc: 11.310
2018-09-19 14:24:58,269:INFO: [TRAIN] Step: 7 ; Loss: 40.317 ; Acc: 13.542
2018-09-19 14:24:58,346:INFO: [TRAIN] Step: 8 ; Loss: 35.602 ; Acc: 15.741
2018-09-19 14:24:58,428:INFO: [TRAIN] Step: 9 ; Loss: 40.031 ; Acc: 17.500
2018-09-19 14:24:58,502:INFO: [TRAIN] Step: 10 ; Loss: 41.981 ; Acc: 20.076
2018-09-19 14:24:58,584:INFO: [TRAIN] Step: 11 ; Loss: 37.986 ; Acc: 21.528
2018-09-19 14:24:58,656:INFO: [TRAIN] Step: 12 ; Loss: 38.417 ; Acc: 22.756
2018-09-19 14:24:58,737:INFO: [TRAIN] Step: 13 ; Loss: 37.147 ; Acc: 24.107
2018-09-19 14:24:58,815:INFO: [TRAIN] Step: 14 ; Loss: 34.313 ; Acc: 24.444
2018-09-19 14:24:58,896:INFO: [TRAIN] Step: 15 ; Loss: 36.227 ; Acc: 24.219
2018-09-19 14:24:58,972:INFO: [TRAIN] Step: 16 ; Loss: 34.574 ; Acc: 25.000
2018-09-19 14:24:59,053:INFO: [TRAIN] Step: 17 ; Loss: 36.592 ; Acc: 25.000
2018-09-19 14:24:59,127:INFO: [TRAIN] Step: 18 ; Loss: 35.525 ; Acc: 25.219
2018-09-19 14:24:59,208:INFO: [TRAIN] Step: 19 ; Loss: 35.084 ; Acc: 26.042
2018-09-19 14:24:59,283:INFO: [TRAIN] Step: 20 ; Loss: 33.032 ; Acc: 26.984
2018-09-19 14:24:59,363:INFO: [TRAIN] Step: 21 ; Loss: 30.665 ; Acc: 26.894
2018-09-19 14:24:59,435:INFO: [TRAIN] Step: 22 ; Loss: 35.198 ; Acc: 26.812
2018-09-19 14:24:59,515:INFO: [TRAIN] Step: 23 ; Loss: 32.433 ; Acc: 27.431
2018-09-19 14:24:59,587:INFO: [TRAIN] Step: 24 ; Loss: 31.522 ; Acc: 28.000
2018-09-19 14:24:59,666:INFO: [TRAIN] Step: 25 ; Loss: 28.443 ; Acc: 29.006
2018-09-19 14:24:59,740:INFO: [TRAIN] Step: 26 ; Loss: 32.323 ; Acc: 29.630
2018-09-19 14:24:59,820:INFO: [TRAIN] Step: 27 ; Loss: 29.910 ; Acc: 30.208
2018-09-19 14:24:59,892:INFO: [TRAIN] Step: 28 ; Loss: 33.392 ; Acc: 30.172
2018-09-19 14:24:59,972:INFO: [TRAIN] Step: 29 ; Loss: 29.114 ; Acc: 30.694
2018-09-19 14:25:00,046:INFO: [TRAIN] Step: 30 ; Loss: 30.374 ; Acc: 31.317
2018-09-19 14:25:00,125:INFO: [TRAIN] Step: 31 ; Loss: 29.213 ; Acc: 31.510
2018-09-19 14:25:00,196:INFO: [TRAIN] Step: 32 ; Loss: 30.637 ; Acc: 31.566
2018-09-19 14:25:00,277:INFO: [TRAIN] Step: 33 ; Loss: 31.700 ; Acc: 31.373
2018-09-19 14:25:00,351:INFO: [TRAIN] Step: 34 ; Loss: 28.580 ; Acc: 31.548
2018-09-19 14:25:00,433:INFO: [TRAIN] Step: 35 ; Loss: 28.550 ; Acc: 31.944
2018-09-19 14:25:00,509:INFO: [TRAIN] Step: 36 ; Loss: 31.316 ; Acc: 31.982
2018-09-19 14:25:00,589:INFO: [TRAIN] Step: 37 ; Loss: 29.576 ; Acc: 32.237
2018-09-19 14:25:00,661:INFO: [TRAIN] Step: 38 ; Loss: 26.613 ; Acc: 32.372
2018-09-19 14:25:00,742:INFO: [TRAIN] Step: 39 ; Loss: 26.365 ; Acc: 32.917
2018-09-19 14:25:00,817:INFO: [TRAIN] Step: 40 ; Loss: 25.818 ; Acc: 33.232
2018-09-19 14:25:00,900:INFO: [TRAIN] Step: 41 ; Loss: 27.231 ; Acc: 33.433
2018-09-19 14:25:00,973:INFO: [TRAIN] Step: 42 ; Loss: 30.016 ; Acc: 33.333
2018-09-19 14:25:01,055:INFO: [TRAIN] Step: 43 ; Loss: 30.889 ; Acc: 33.239
2018-09-19 14:25:01,127:INFO: [TRAIN] Step: 44 ; Loss: 29.915 ; Acc: 33.333
2018-09-19 14:25:01,213:INFO: [TRAIN] Step: 45 ; Loss: 30.790 ; Acc: 33.333
2018-09-19 14:25:01,298:INFO: [TRAIN] Step: 46 ; Loss: 23.858 ; Acc: 33.422
2018-09-19 14:25:01,378:INFO: [TRAIN] Step: 47 ; Loss: 33.822 ; Acc: 33.160
2018-09-19 14:25:01,454:INFO: [TRAIN] Step: 48 ; Loss: 26.552 ; Acc: 33.418
2018-09-19 14:25:01,533:INFO: [TRAIN] Step: 49 ; Loss: 30.311 ; Acc: 33.500
2018-09-19 14:25:01,607:INFO: [TRAIN] Step: 50 ; Loss: 24.558 ; Acc: 33.660
2018-09-19 14:25:01,685:INFO: [TRAIN] Step: 51 ; Loss: 29.074 ; Acc: 33.734
2018-09-19 14:25:01,759:INFO: [TRAIN] Step: 52 ; Loss: 23.914 ; Acc: 34.198
2018-09-19 14:25:01,841:INFO: [TRAIN] Step: 53 ; Loss: 25.193 ; Acc: 34.336
2018-09-19 14:25:01,915:INFO: [TRAIN] Step: 54 ; Loss: 31.325 ; Acc: 34.470
2018-09-19 14:25:01,994:INFO: [TRAIN] Step: 55 ; Loss: 27.472 ; Acc: 34.375
2018-09-19 14:25:02,068:INFO: [TRAIN] Step: 56 ; Loss: 30.257 ; Acc: 34.503
2018-09-19 14:25:02,150:INFO: [TRAIN] Step: 57 ; Loss: 27.066 ; Acc: 34.483
2018-09-19 14:25:02,223:INFO: [TRAIN] Step: 58 ; Loss: 27.225 ; Acc: 34.605
2018-09-19 14:25:02,303:INFO: [TRAIN] Step: 59 ; Loss: 23.959 ; Acc: 34.792
2018-09-19 14:25:02,375:INFO: [TRAIN] Step: 60 ; Loss: 30.496 ; Acc: 34.836
2018-09-19 14:25:02,455:INFO: [TRAIN] Step: 61 ; Loss: 33.427 ; Acc: 34.677
2018-09-19 14:25:02,526:INFO: [TRAIN] Step: 62 ; Loss: 30.737 ; Acc: 34.590
2018-09-19 14:25:02,605:INFO: [TRAIN] Step: 63 ; Loss: 26.470 ; Acc: 34.831
2018-09-19 14:25:02,679:INFO: [TRAIN] Step: 64 ; Loss: 28.578 ; Acc: 34.744
2018-09-19 14:25:02,759:INFO: [TRAIN] Step: 65 ; Loss: 28.680 ; Acc: 34.975
2018-09-19 14:25:02,833:INFO: [TRAIN] Step: 66 ; Loss: 29.201 ; Acc: 34.888
2018-09-19 14:25:02,914:INFO: [TRAIN] Step: 67 ; Loss: 29.388 ; Acc: 34.926
2018-09-19 14:25:02,992:INFO: [TRAIN] Step: 68 ; Loss: 30.117 ; Acc: 35.024
2018-09-19 14:25:03,072:INFO: [TRAIN] Step: 69 ; Loss: 28.224 ; Acc: 35.000
2018-09-19 14:25:03,146:INFO: [TRAIN] Step: 70 ; Loss: 30.025 ; Acc: 34.683
2018-09-19 14:25:03,226:INFO: [TRAIN] Step: 71 ; Loss: 28.853 ; Acc: 34.433
2018-09-19 14:25:03,300:INFO: [TRAIN] Step: 72 ; Loss: 26.376 ; Acc: 34.475
2018-09-19 14:25:03,381:INFO: [TRAIN] Step: 73 ; Loss: 30.001 ; Acc: 34.347
2018-09-19 14:25:03,454:INFO: [TRAIN] Step: 74 ; Loss: 26.493 ; Acc: 34.667
2018-09-19 14:25:03,533:INFO: [TRAIN] Step: 75 ; Loss: 28.061 ; Acc: 34.868
2018-09-19 14:25:03,605:INFO: [TRAIN] Step: 76 ; Loss: 28.054 ; Acc: 34.957
2018-09-19 14:25:03,686:INFO: [TRAIN] Step: 77 ; Loss: 27.189 ; Acc: 34.936
2018-09-19 14:25:03,758:INFO: [TRAIN] Step: 78 ; Loss: 25.898 ; Acc: 34.916
2018-09-19 14:25:03,837:INFO: [TRAIN] Step: 79 ; Loss: 25.421 ; Acc: 35.052
2018-09-19 14:25:03,909:INFO: [TRAIN] Step: 80 ; Loss: 25.379 ; Acc: 35.288
2018-09-19 14:25:03,989:INFO: [TRAIN] Step: 81 ; Loss: 33.184 ; Acc: 35.366
2018-09-19 14:25:04,063:INFO: [TRAIN] Step: 82 ; Loss: 26.509 ; Acc: 35.392
2018-09-19 14:25:04,143:INFO: [TRAIN] Step: 83 ; Loss: 26.611 ; Acc: 35.417
2018-09-19 14:25:04,216:INFO: [TRAIN] Step: 84 ; Loss: 29.536 ; Acc: 35.294
2018-09-19 14:25:04,315:INFO: [TRAIN] Step: 85 ; Loss: 26.605 ; Acc: 35.368
2018-09-19 14:25:04,400:INFO: [TRAIN] Step: 86 ; Loss: 25.203 ; Acc: 35.536
2018-09-19 14:25:04,480:INFO: [TRAIN] Step: 87 ; Loss: 29.622 ; Acc: 35.511
2018-09-19 14:25:04,552:INFO: [TRAIN] Step: 88 ; Loss: 27.609 ; Acc: 35.534
2018-09-19 14:25:04,632:INFO: [TRAIN] Step: 89 ; Loss: 28.916 ; Acc: 35.648
2018-09-19 14:25:04,706:INFO: [TRAIN] Step: 90 ; Loss: 30.450 ; Acc: 35.760
2018-09-19 14:25:04,786:INFO: [TRAIN] Step: 91 ; Loss: 26.611 ; Acc: 36.051
2018-09-19 14:25:04,860:INFO: [TRAIN] Step: 92 ; Loss: 25.548 ; Acc: 36.066
2018-09-19 14:25:04,940:INFO: [TRAIN] Step: 93 ; Loss: 27.872 ; Acc: 35.860
2018-09-19 14:25:05,013:INFO: [TRAIN] Step: 94 ; Loss: 33.157 ; Acc: 35.833
2018-09-19 14:25:05,093:INFO: [TRAIN] Step: 95 ; Loss: 32.191 ; Acc: 35.720
2018-09-19 14:25:05,168:INFO: [TRAIN] Step: 96 ; Loss: 27.056 ; Acc: 35.696
2018-09-19 14:25:05,247:INFO: [TRAIN] Step: 97 ; Loss: 28.644 ; Acc: 35.672
2018-09-19 14:25:05,320:INFO: [TRAIN] Step: 98 ; Loss: 27.411 ; Acc: 35.606
2018-09-19 14:25:05,399:INFO: [TRAIN] Step: 99 ; Loss: 23.407 ; Acc: 35.708
2018-09-19 14:25:05,472:INFO: [TRAIN] Step: 100 ; Loss: 29.692 ; Acc: 35.767
2018-09-19 14:25:05,553:INFO: [TRAIN] Step: 101 ; Loss: 34.146 ; Acc: 35.703
2018-09-19 14:25:05,627:INFO: [TRAIN] Step: 102 ; Loss: 29.947 ; Acc: 35.639
2018-09-19 14:25:05,709:INFO: [TRAIN] Step: 103 ; Loss: 28.805 ; Acc: 35.697
2018-09-19 14:25:05,782:INFO: [TRAIN] Step: 104 ; Loss: 32.281 ; Acc: 35.595
2018-09-19 14:25:05,866:INFO: [TRAIN] Step: 105 ; Loss: 26.603 ; Acc: 35.653
2018-09-19 14:25:05,940:INFO: [TRAIN] Step: 106 ; Loss: 27.774 ; Acc: 35.709
2018-09-19 14:25:06,019:INFO: [TRAIN] Step: 107 ; Loss: 29.054 ; Acc: 35.648
2018-09-19 14:25:06,092:INFO: [TRAIN] Step: 108 ; Loss: 28.397 ; Acc: 35.512
2018-09-19 14:25:06,171:INFO: [TRAIN] Step: 109 ; Loss: 23.888 ; Acc: 35.492
2018-09-19 14:25:06,244:INFO: [TRAIN] Step: 110 ; Loss: 28.735 ; Acc: 35.511
2018-09-19 14:25:06,323:INFO: [TRAIN] Step: 111 ; Loss: 26.912 ; Acc: 35.640
2018-09-19 14:25:06,397:INFO: [TRAIN] Step: 112 ; Loss: 27.731 ; Acc: 35.509
2018-09-19 14:25:06,476:INFO: [TRAIN] Step: 113 ; Loss: 28.115 ; Acc: 35.526
2018-09-19 14:25:06,547:INFO: [TRAIN] Step: 114 ; Loss: 25.584 ; Acc: 35.543
2018-09-19 14:25:06,627:INFO: [TRAIN] Step: 115 ; Loss: 27.990 ; Acc: 35.668
2018-09-19 14:25:06,698:INFO: [TRAIN] Step: 116 ; Loss: 26.225 ; Acc: 35.719
2018-09-19 14:25:06,779:INFO: [TRAIN] Step: 117 ; Loss: 29.701 ; Acc: 35.699
2018-09-19 14:25:06,851:INFO: [TRAIN] Step: 118 ; Loss: 32.377 ; Acc: 35.679
2018-09-19 14:25:06,931:INFO: [TRAIN] Step: 119 ; Loss: 29.300 ; Acc: 35.660
2018-09-19 14:25:07,004:INFO: [TRAIN] Step: 120 ; Loss: 27.870 ; Acc: 35.675
2018-09-19 14:25:07,083:INFO: [TRAIN] Step: 121 ; Loss: 30.198 ; Acc: 35.622
2018-09-19 14:25:07,158:INFO: [TRAIN] Step: 122 ; Loss: 28.334 ; Acc: 35.637
2018-09-19 14:25:07,236:INFO: [TRAIN] Step: 123 ; Loss: 28.282 ; Acc: 35.685
2018-09-19 14:25:07,308:INFO: [TRAIN] Step: 124 ; Loss: 25.131 ; Acc: 35.667
2018-09-19 14:25:07,418:INFO: [TRAIN] Step: 125 ; Loss: 29.719 ; Acc: 35.714
2018-09-19 14:25:07,496:INFO: [TRAIN] Step: 126 ; Loss: 30.666 ; Acc: 35.663
2018-09-19 14:25:07,578:INFO: [TRAIN] Step: 127 ; Loss: 28.725 ; Acc: 35.710
2018-09-19 14:25:07,655:INFO: [TRAIN] Step: 128 ; Loss: 26.726 ; Acc: 35.756
2018-09-19 14:25:07,733:INFO: [TRAIN] Step: 129 ; Loss: 28.776 ; Acc: 35.833
2018-09-19 14:25:07,807:INFO: [TRAIN] Step: 130 ; Loss: 27.295 ; Acc: 35.814
2018-09-19 14:25:07,894:INFO: [TRAIN] Step: 131 ; Loss: 31.364 ; Acc: 35.890
2018-09-19 14:25:07,970:INFO: [TRAIN] Step: 132 ; Loss: 29.100 ; Acc: 35.902
2018-09-19 14:25:08,051:INFO: [TRAIN] Step: 133 ; Loss: 28.365 ; Acc: 35.852
2018-09-19 14:25:08,122:INFO: [TRAIN] Step: 134 ; Loss: 30.956 ; Acc: 35.772
2018-09-19 14:25:08,204:INFO: [TRAIN] Step: 135 ; Loss: 30.691 ; Acc: 35.723
2018-09-19 14:25:08,277:INFO: [TRAIN] Step: 136 ; Loss: 28.740 ; Acc: 35.706
2018-09-19 14:25:08,359:INFO: [TRAIN] Step: 137 ; Loss: 26.245 ; Acc: 35.719
2018-09-19 14:25:08,431:INFO: [TRAIN] Step: 138 ; Loss: 30.975 ; Acc: 35.641
2018-09-19 14:25:08,513:INFO: [TRAIN] Step: 139 ; Loss: 29.879 ; Acc: 35.625
2018-09-19 14:25:08,586:INFO: [TRAIN] Step: 140 ; Loss: 28.327 ; Acc: 35.668
2018-09-19 14:25:08,668:INFO: [TRAIN] Step: 141 ; Loss: 25.376 ; Acc: 35.710
2018-09-19 14:25:08,742:INFO: [TRAIN] Step: 142 ; Loss: 27.004 ; Acc: 35.723
2018-09-19 14:25:08,824:INFO: [TRAIN] Step: 143 ; Loss: 28.505 ; Acc: 35.677
2018-09-19 14:25:08,895:INFO: [TRAIN] Step: 144 ; Loss: 30.316 ; Acc: 35.690
2018-09-19 14:25:08,976:INFO: [TRAIN] Step: 145 ; Loss: 29.282 ; Acc: 35.702
2018-09-19 14:25:09,048:INFO: [TRAIN] Step: 146 ; Loss: 26.367 ; Acc: 35.856
2018-09-19 14:25:09,128:INFO: [TRAIN] Step: 147 ; Loss: 28.344 ; Acc: 35.839
2018-09-19 14:25:09,201:INFO: [TRAIN] Step: 148 ; Loss: 28.269 ; Acc: 35.906
2018-09-19 14:25:09,281:INFO: [TRAIN] Step: 149 ; Loss: 31.688 ; Acc: 35.972
2018-09-19 14:25:09,355:INFO: [TRAIN] Step: 150 ; Loss: 30.226 ; Acc: 35.955
2018-09-19 14:25:09,438:INFO: [TRAIN] Step: 151 ; Loss: 30.412 ; Acc: 35.855
2018-09-19 14:25:09,511:INFO: [TRAIN] Step: 152 ; Loss: 27.997 ; Acc: 35.920
2018-09-19 14:25:09,591:INFO: [TRAIN] Step: 153 ; Loss: 33.315 ; Acc: 35.850
2018-09-19 14:25:09,664:INFO: [TRAIN] Step: 154 ; Loss: 28.113 ; Acc: 35.887
2018-09-19 14:25:09,744:INFO: [TRAIN] Step: 155 ; Loss: 27.629 ; Acc: 35.871
2018-09-19 14:25:09,818:INFO: [TRAIN] Step: 156 ; Loss: 28.320 ; Acc: 35.908
2018-09-19 14:25:09,898:INFO: [TRAIN] Step: 157 ; Loss: 29.332 ; Acc: 35.918
2018-09-19 14:25:09,973:INFO: [TRAIN] Step: 158 ; Loss: 29.981 ; Acc: 35.823
2018-09-19 14:25:10,049:INFO: [TRAIN] Step: 159 ; Loss: 30.720 ; Acc: 35.807
2018-09-19 14:25:10,122:INFO: [TRAIN] Step: 160 ; Loss: 26.514 ; Acc: 35.844
2018-09-19 14:25:10,201:INFO: [TRAIN] Step: 161 ; Loss: 27.814 ; Acc: 35.828
2018-09-19 14:25:10,274:INFO: [TRAIN] Step: 162 ; Loss: 28.741 ; Acc: 35.890
2018-09-19 14:25:10,354:INFO: [TRAIN] Step: 163 ; Loss: 28.924 ; Acc: 35.950
2018-09-19 14:25:10,430:INFO: [TRAIN] Step: 164 ; Loss: 29.007 ; Acc: 35.934
2018-09-19 14:25:10,515:INFO: [TRAIN] Step: 165 ; Loss: 31.819 ; Acc: 35.818
2018-09-19 14:25:10,587:INFO: [TRAIN] Step: 166 ; Loss: 29.063 ; Acc: 35.878
2018-09-19 14:25:10,678:INFO: [TRAIN] Step: 167 ; Loss: 27.510 ; Acc: 35.888
2018-09-19 14:25:10,750:INFO: [TRAIN] Step: 168 ; Loss: 28.245 ; Acc: 35.922
2018-09-19 14:25:10,830:INFO: [TRAIN] Step: 169 ; Loss: 28.557 ; Acc: 35.931
2018-09-19 14:25:10,904:INFO: [TRAIN] Step: 170 ; Loss: 31.130 ; Acc: 35.941
2018-09-19 14:25:10,985:INFO: [TRAIN] Step: 171 ; Loss: 26.906 ; Acc: 35.925
2018-09-19 14:25:11,059:INFO: [TRAIN] Step: 172 ; Loss: 28.262 ; Acc: 35.910
2018-09-19 14:25:11,138:INFO: [TRAIN] Step: 173 ; Loss: 26.668 ; Acc: 35.920
2018-09-19 14:25:11,214:INFO: [TRAIN] Step: 174 ; Loss: 28.212 ; Acc: 35.952
2018-09-19 14:25:11,296:INFO: [TRAIN] Step: 175 ; Loss: 27.593 ; Acc: 35.961
2018-09-19 14:25:11,368:INFO: [TRAIN] Step: 176 ; Loss: 28.313 ; Acc: 36.040
2018-09-19 14:25:11,448:INFO: [TRAIN] Step: 177 ; Loss: 27.489 ; Acc: 36.119
2018-09-19 14:25:11,519:INFO: [TRAIN] Step: 178 ; Loss: 26.992 ; Acc: 36.150
2018-09-19 14:25:11,599:INFO: [TRAIN] Step: 179 ; Loss: 23.591 ; Acc: 36.204
2018-09-19 14:25:11,670:INFO: [TRAIN] Step: 180 ; Loss: 27.126 ; Acc: 36.211
2018-09-19 14:25:11,755:INFO: [TRAIN] Step: 181 ; Loss: 31.702 ; Acc: 36.149
2018-09-19 14:25:11,829:INFO: [TRAIN] Step: 182 ; Loss: 28.871 ; Acc: 36.111
2018-09-19 14:25:11,908:INFO: [TRAIN] Step: 183 ; Loss: 30.410 ; Acc: 36.141
2018-09-19 14:25:11,981:INFO: [TRAIN] Step: 184 ; Loss: 28.170 ; Acc: 36.194
2018-09-19 14:25:12,060:INFO: [TRAIN] Step: 185 ; Loss: 29.518 ; Acc: 36.201
2018-09-19 14:25:12,133:INFO: [TRAIN] Step: 186 ; Loss: 28.077 ; Acc: 36.163
2018-09-19 14:25:12,215:INFO: [TRAIN] Step: 187 ; Loss: 25.884 ; Acc: 36.281
2018-09-19 14:25:12,288:INFO: [TRAIN] Step: 188 ; Loss: 28.237 ; Acc: 36.310
2018-09-19 14:25:12,370:INFO: [TRAIN] Step: 189 ; Loss: 29.098 ; Acc: 36.294
2018-09-19 14:25:12,444:INFO: [TRAIN] Step: 190 ; Loss: 27.206 ; Acc: 36.322
2018-09-19 14:25:12,526:INFO: [TRAIN] Step: 191 ; Loss: 30.866 ; Acc: 36.263
2018-09-19 14:25:12,599:INFO: [TRAIN] Step: 192 ; Loss: 28.935 ; Acc: 36.334
2018-09-19 14:25:12,679:INFO: [TRAIN] Step: 193 ; Loss: 26.702 ; Acc: 36.448
2018-09-19 14:25:12,750:INFO: [TRAIN] Step: 194 ; Loss: 29.503 ; Acc: 36.410
2018-09-19 14:25:12,830:INFO: [TRAIN] Step: 195 ; Loss: 29.108 ; Acc: 36.437
2018-09-19 14:25:12,903:INFO: [TRAIN] Step: 196 ; Loss: 29.687 ; Acc: 36.464
2018-09-19 14:25:12,984:INFO: [TRAIN] Step: 197 ; Loss: 26.142 ; Acc: 36.511
2018-09-19 14:25:13,059:INFO: [TRAIN] Step: 198 ; Loss: 28.059 ; Acc: 36.600
2018-09-19 14:25:13,138:INFO: [TRAIN] Step: 199 ; Loss: 26.858 ; Acc: 36.604
2018-09-19 14:25:13,212:INFO: [TRAIN] Step: 200 ; Loss: 29.966 ; Acc: 36.526
2018-09-19 14:25:13,295:INFO: [TRAIN] Step: 201 ; Loss: 31.430 ; Acc: 36.510
2018-09-19 14:25:13,370:INFO: [TRAIN] Step: 202 ; Loss: 27.252 ; Acc: 36.556
2018-09-19 14:25:13,451:INFO: [TRAIN] Step: 203 ; Loss: 25.557 ; Acc: 36.581
2018-09-19 14:25:13,525:INFO: [TRAIN] Step: 204 ; Loss: 27.754 ; Acc: 36.626
2018-09-19 14:25:13,603:INFO: [TRAIN] Step: 205 ; Loss: 28.617 ; Acc: 36.650
2018-09-19 14:25:13,679:INFO: [TRAIN] Step: 206 ; Loss: 24.101 ; Acc: 36.695
2018-09-19 14:25:13,759:INFO: [TRAIN] Step: 207 ; Loss: 29.303 ; Acc: 36.639
2018-09-19 14:25:13,831:INFO: [TRAIN] Step: 208 ; Loss: 24.778 ; Acc: 36.663
2018-09-19 14:25:13,910:INFO: [TRAIN] Step: 209 ; Loss: 28.370 ; Acc: 36.667
2018-09-19 14:25:13,982:INFO: [TRAIN] Step: 210 ; Loss: 33.713 ; Acc: 36.611
2018-09-19 14:25:14,063:INFO: [TRAIN] Step: 211 ; Loss: 24.406 ; Acc: 36.635
2018-09-19 14:25:14,136:INFO: [TRAIN] Step: 212 ; Loss: 26.799 ; Acc: 36.659
2018-09-19 14:25:14,218:INFO: [TRAIN] Step: 213 ; Loss: 26.305 ; Acc: 36.702
2018-09-19 14:25:14,293:INFO: [TRAIN] Step: 214 ; Loss: 26.532 ; Acc: 36.725
2018-09-19 14:25:14,372:INFO: [TRAIN] Step: 215 ; Loss: 34.159 ; Acc: 36.767
2018-09-19 14:25:14,444:INFO: [TRAIN] Step: 216 ; Loss: 24.637 ; Acc: 36.770
2018-09-19 14:25:14,524:INFO: [TRAIN] Step: 217 ; Loss: 28.735 ; Acc: 36.793
2018-09-19 14:25:14,596:INFO: [TRAIN] Step: 218 ; Loss: 28.227 ; Acc: 36.834
2018-09-19 14:25:14,675:INFO: [TRAIN] Step: 219 ; Loss: 27.093 ; Acc: 36.894
2018-09-19 14:25:14,751:INFO: [TRAIN] Step: 220 ; Loss: 29.617 ; Acc: 36.802
2018-09-19 14:25:14,832:INFO: [TRAIN] Step: 221 ; Loss: 30.516 ; Acc: 36.768
2018-09-19 14:25:14,908:INFO: [TRAIN] Step: 222 ; Loss: 26.502 ; Acc: 36.790
2018-09-19 14:25:14,988:INFO: [TRAIN] Step: 223 ; Loss: 27.326 ; Acc: 36.793
2018-09-19 14:25:15,078:INFO: [TRAIN] Step: 224 ; Loss: 27.214 ; Acc: 36.704
2018-09-19 14:25:15,158:INFO: [TRAIN] Step: 225 ; Loss: 29.319 ; Acc: 36.689
2018-09-19 14:25:15,232:INFO: [TRAIN] Step: 226 ; Loss: 30.597 ; Acc: 36.601
2018-09-19 14:25:15,314:INFO: [TRAIN] Step: 227 ; Loss: 28.221 ; Acc: 36.641
2018-09-19 14:25:15,388:INFO: [TRAIN] Step: 228 ; Loss: 28.156 ; Acc: 36.645
2018-09-19 14:25:15,469:INFO: [TRAIN] Step: 229 ; Loss: 27.555 ; Acc: 36.685
2018-09-19 14:25:15,544:INFO: [TRAIN] Step: 230 ; Loss: 25.743 ; Acc: 36.724
2018-09-19 14:25:15,625:INFO: [TRAIN] Step: 231 ; Loss: 29.286 ; Acc: 36.710
2018-09-19 14:25:15,699:INFO: [TRAIN] Step: 232 ; Loss: 29.414 ; Acc: 36.731
2018-09-19 14:25:15,778:INFO: [TRAIN] Step: 233 ; Loss: 27.260 ; Acc: 36.699
2018-09-19 14:25:15,852:INFO: [TRAIN] Step: 234 ; Loss: 26.976 ; Acc: 36.702
2018-09-19 14:25:15,932:INFO: [TRAIN] Step: 235 ; Loss: 29.611 ; Acc: 36.688
2018-09-19 14:25:16,005:INFO: [TRAIN] Step: 236 ; Loss: 25.221 ; Acc: 36.691
2018-09-19 14:25:16,091:INFO: [TRAIN] Step: 237 ; Loss: 27.998 ; Acc: 36.730
2018-09-19 14:25:16,164:INFO: [TRAIN] Step: 238 ; Loss: 24.727 ; Acc: 36.768
2018-09-19 14:25:16,245:INFO: [TRAIN] Step: 239 ; Loss: 25.687 ; Acc: 36.806
2018-09-19 14:25:16,319:INFO: [TRAIN] Step: 240 ; Loss: 26.521 ; Acc: 36.826
2018-09-19 14:25:16,398:INFO: [TRAIN] Step: 241 ; Loss: 22.746 ; Acc: 36.897
2018-09-19 14:25:16,472:INFO: [TRAIN] Step: 242 ; Loss: 29.418 ; Acc: 36.883
2018-09-19 14:25:16,551:INFO: [TRAIN] Step: 243 ; Loss: 27.006 ; Acc: 36.885
2018-09-19 14:25:16,625:INFO: [TRAIN] Step: 244 ; Loss: 27.308 ; Acc: 36.939
2018-09-19 14:25:16,705:INFO: [TRAIN] Step: 245 ; Loss: 28.208 ; Acc: 36.975
2018-09-19 14:25:16,776:INFO: [TRAIN] Step: 246 ; Loss: 27.087 ; Acc: 37.028
2018-09-19 14:25:16,857:INFO: [TRAIN] Step: 247 ; Loss: 28.538 ; Acc: 37.030
2018-09-19 14:25:16,932:INFO: [TRAIN] Step: 248 ; Loss: 30.851 ; Acc: 37.031
2018-09-19 14:25:17,013:INFO: [TRAIN] Step: 249 ; Loss: 24.319 ; Acc: 37.067
2018-09-19 14:25:17,086:INFO: [TRAIN] Step: 250 ; Loss: 26.267 ; Acc: 37.052
2018-09-19 14:25:17,166:INFO: [TRAIN] Step: 251 ; Loss: 28.936 ; Acc: 37.070
2018-09-19 14:25:17,240:INFO: [TRAIN] Step: 252 ; Loss: 31.088 ; Acc: 37.088
2018-09-19 14:25:17,320:INFO: [TRAIN] Step: 253 ; Loss: 27.749 ; Acc: 37.073
2018-09-19 14:25:17,392:INFO: [TRAIN] Step: 254 ; Loss: 30.389 ; Acc: 36.993
2018-09-19 14:25:17,472:INFO: [TRAIN] Step: 255 ; Loss: 27.047 ; Acc: 37.061
2018-09-19 14:25:17,547:INFO: [TRAIN] Step: 256 ; Loss: 28.104 ; Acc: 37.095
2018-09-19 14:25:17,639:INFO: [TRAIN] Step: 257 ; Loss: 21.535 ; Acc: 37.129
2018-09-19 14:25:17,726:INFO: [TRAIN] Step: 258 ; Loss: 27.343 ; Acc: 37.114
2018-09-19 14:25:17,804:INFO: [TRAIN] Step: 259 ; Loss: 28.445 ; Acc: 37.147
2018-09-19 14:25:17,876:INFO: [TRAIN] Step: 260 ; Loss: 28.189 ; Acc: 37.117
2018-09-19 14:25:17,965:INFO: [TRAIN] Step: 261 ; Loss: 27.882 ; Acc: 37.118
2018-09-19 14:25:18,040:INFO: [TRAIN] Step: 262 ; Loss: 28.973 ; Acc: 37.120
2018-09-19 14:25:18,120:INFO: [TRAIN] Step: 263 ; Loss: 26.943 ; Acc: 37.074
2018-09-19 14:25:18,195:INFO: [TRAIN] Step: 264 ; Loss: 28.440 ; Acc: 37.013
2018-09-19 14:25:18,277:INFO: [TRAIN] Step: 265 ; Loss: 28.733 ; Acc: 36.999
2018-09-19 14:25:18,351:INFO: [TRAIN] Step: 266 ; Loss: 26.243 ; Acc: 37.047
2018-09-19 14:25:18,431:INFO: [TRAIN] Step: 267 ; Loss: 25.145 ; Acc: 37.111
2018-09-19 14:25:18,503:INFO: [TRAIN] Step: 268 ; Loss: 26.526 ; Acc: 37.128
2018-09-19 14:25:18,584:INFO: [TRAIN] Step: 269 ; Loss: 27.151 ; Acc: 37.099
2018-09-19 14:25:18,657:INFO: [TRAIN] Step: 270 ; Loss: 24.375 ; Acc: 37.116
2018-09-19 14:25:18,738:INFO: [TRAIN] Step: 271 ; Loss: 28.766 ; Acc: 37.178
2018-09-19 14:25:18,812:INFO: [TRAIN] Step: 272 ; Loss: 28.387 ; Acc: 37.195
2018-09-19 14:25:18,892:INFO: [TRAIN] Step: 273 ; Loss: 29.922 ; Acc: 37.150
2018-09-19 14:25:18,966:INFO: [TRAIN] Step: 274 ; Loss: 29.553 ; Acc: 37.197
2018-09-19 14:25:19,049:INFO: [TRAIN] Step: 275 ; Loss: 30.928 ; Acc: 37.168
2018-09-19 14:25:19,123:INFO: [TRAIN] Step: 276 ; Loss: 27.532 ; Acc: 37.169
2018-09-19 14:25:19,206:INFO: [TRAIN] Step: 277 ; Loss: 24.807 ; Acc: 37.245
2018-09-19 14:25:19,280:INFO: [TRAIN] Step: 278 ; Loss: 27.023 ; Acc: 37.246
2018-09-19 14:25:19,361:INFO: [TRAIN] Step: 279 ; Loss: 30.930 ; Acc: 37.277
2018-09-19 14:25:19,432:INFO: [TRAIN] Step: 280 ; Loss: 28.871 ; Acc: 37.278
2018-09-19 14:25:19,514:INFO: [TRAIN] Step: 281 ; Loss: 29.605 ; Acc: 37.264
2018-09-19 14:25:19,587:INFO: [TRAIN] Step: 282 ; Loss: 25.080 ; Acc: 37.309
2018-09-19 14:25:19,669:INFO: [TRAIN] Step: 283 ; Loss: 24.860 ; Acc: 37.383
2018-09-19 14:25:19,742:INFO: [TRAIN] Step: 284 ; Loss: 28.566 ; Acc: 37.383
2018-09-19 14:25:19,828:INFO: [TRAIN] Step: 285 ; Loss: 29.123 ; Acc: 37.383
2018-09-19 14:25:19,900:INFO: [TRAIN] Step: 286 ; Loss: 24.500 ; Acc: 37.398
2018-09-19 14:25:19,981:INFO: [TRAIN] Step: 287 ; Loss: 28.108 ; Acc: 37.428
2018-09-19 14:25:20,053:INFO: [TRAIN] Step: 288 ; Loss: 22.062 ; Acc: 37.457
2018-09-19 14:25:20,134:INFO: [TRAIN] Step: 289 ; Loss: 28.164 ; Acc: 37.457
2018-09-19 14:25:20,208:INFO: [TRAIN] Step: 290 ; Loss: 31.122 ; Acc: 37.457
2018-09-19 14:25:20,290:INFO: [TRAIN] Step: 291 ; Loss: 27.573 ; Acc: 37.500
2018-09-19 14:25:20,365:INFO: [TRAIN] Step: 292 ; Loss: 28.277 ; Acc: 37.528
2018-09-19 14:25:20,445:INFO: [TRAIN] Step: 293 ; Loss: 25.666 ; Acc: 37.613
2018-09-19 14:25:20,518:INFO: [TRAIN] Step: 294 ; Loss: 26.349 ; Acc: 37.627
2018-09-19 14:25:20,600:INFO: [TRAIN] Step: 295 ; Loss: 26.353 ; Acc: 37.584
2018-09-19 14:25:20,673:INFO: [TRAIN] Step: 296 ; Loss: 27.271 ; Acc: 37.542
2018-09-19 14:25:20,755:INFO: [TRAIN] Step: 297 ; Loss: 30.585 ; Acc: 37.444
2018-09-19 14:25:20,838:INFO: [TRAIN] Step: 298 ; Loss: 27.758 ; Acc: 37.430
2018-09-19 14:25:20,926:INFO: [TRAIN] Step: 299 ; Loss: 26.482 ; Acc: 37.431
2018-09-19 14:25:20,999:INFO: [TRAIN] Step: 300 ; Loss: 26.539 ; Acc: 37.472
2018-09-19 14:25:21,080:INFO: [TRAIN] Step: 301 ; Loss: 28.588 ; Acc: 37.500
2018-09-19 14:25:21,156:INFO: [TRAIN] Step: 302 ; Loss: 25.870 ; Acc: 37.500
2018-09-19 14:25:21,236:INFO: [TRAIN] Step: 303 ; Loss: 26.493 ; Acc: 37.514
2018-09-19 14:25:21,310:INFO: [TRAIN] Step: 304 ; Loss: 24.120 ; Acc: 37.541
2018-09-19 14:25:21,391:INFO: [TRAIN] Step: 305 ; Loss: 27.126 ; Acc: 37.595
2018-09-19 14:25:21,465:INFO: [TRAIN] Step: 306 ; Loss: 28.564 ; Acc: 37.622
2018-09-19 14:25:21,546:INFO: [TRAIN] Step: 307 ; Loss: 27.121 ; Acc: 37.649
2018-09-19 14:25:21,618:INFO: [TRAIN] Step: 308 ; Loss: 25.074 ; Acc: 37.702
2018-09-19 14:25:21,699:INFO: [TRAIN] Step: 309 ; Loss: 23.728 ; Acc: 37.755
2018-09-19 14:25:21,773:INFO: [TRAIN] Step: 310 ; Loss: 25.899 ; Acc: 37.781
2018-09-19 14:25:21,854:INFO: [TRAIN] Step: 311 ; Loss: 31.470 ; Acc: 37.754
2018-09-19 14:25:21,926:INFO: [TRAIN] Step: 312 ; Loss: 25.406 ; Acc: 37.766
2018-09-19 14:25:22,005:INFO: [TRAIN] Step: 313 ; Loss: 30.391 ; Acc: 37.712
2018-09-19 14:25:22,080:INFO: [TRAIN] Step: 314 ; Loss: 27.958 ; Acc: 37.672
2018-09-19 14:25:22,161:INFO: [TRAIN] Step: 315 ; Loss: 29.582 ; Acc: 37.711
2018-09-19 14:25:22,235:INFO: [TRAIN] Step: 316 ; Loss: 28.588 ; Acc: 37.684
2018-09-19 14:25:22,315:INFO: [TRAIN] Step: 317 ; Loss: 27.679 ; Acc: 37.697
2018-09-19 14:25:22,389:INFO: [TRAIN] Step: 318 ; Loss: 27.618 ; Acc: 37.670
2018-09-19 14:25:22,468:INFO: [TRAIN] Step: 319 ; Loss: 25.403 ; Acc: 37.721
2018-09-19 14:25:22,541:INFO: [TRAIN] Step: 320 ; Loss: 24.176 ; Acc: 37.747
2018-09-19 14:25:22,621:INFO: [TRAIN] Step: 321 ; Loss: 23.762 ; Acc: 37.759
2018-09-19 14:25:22,692:INFO: [TRAIN] Step: 322 ; Loss: 28.156 ; Acc: 37.810
2018-09-19 14:25:22,773:INFO: [TRAIN] Step: 323 ; Loss: 30.203 ; Acc: 37.796
2018-09-19 14:25:22,845:INFO: [TRAIN] Step: 324 ; Loss: 33.043 ; Acc: 37.795
2018-09-19 14:25:22,925:INFO: [TRAIN] Step: 325 ; Loss: 25.827 ; Acc: 37.871
2018-09-19 14:25:23,015:INFO: [TRAIN] Step: 326 ; Loss: 33.152 ; Acc: 37.933
2018-09-19 14:25:23,095:INFO: [TRAIN] Step: 327 ; Loss: 24.174 ; Acc: 37.970
2018-09-19 14:25:23,175:INFO: [TRAIN] Step: 328 ; Loss: 26.152 ; Acc: 38.045
2018-09-19 14:25:23,257:INFO: [TRAIN] Step: 329 ; Loss: 25.883 ; Acc: 38.081
2018-09-19 14:25:23,331:INFO: [TRAIN] Step: 330 ; Loss: 24.710 ; Acc: 38.092
2018-09-19 14:25:23,412:INFO: [TRAIN] Step: 331 ; Loss: 26.248 ; Acc: 38.040
2018-09-19 14:25:23,486:INFO: [TRAIN] Step: 332 ; Loss: 23.427 ; Acc: 38.076
2018-09-19 14:25:23,565:INFO: [TRAIN] Step: 333 ; Loss: 24.764 ; Acc: 38.061
2018-09-19 14:25:23,637:INFO: [TRAIN] Step: 334 ; Loss: 25.500 ; Acc: 38.109
2018-09-19 14:25:23,715:INFO: [TRAIN] Step: 335 ; Loss: 25.834 ; Acc: 38.108
2018-09-19 14:25:23,787:INFO: [TRAIN] Step: 336 ; Loss: 22.518 ; Acc: 38.143
2018-09-19 14:25:23,867:INFO: [TRAIN] Step: 337 ; Loss: 27.861 ; Acc: 38.104
2018-09-19 14:25:23,944:INFO: [TRAIN] Step: 338 ; Loss: 30.108 ; Acc: 38.102
2018-09-19 14:25:24,028:INFO: [TRAIN] Step: 339 ; Loss: 29.521 ; Acc: 38.125
2018-09-19 14:25:24,104:INFO: [TRAIN] Step: 340 ; Loss: 29.075 ; Acc: 38.135
2018-09-19 14:25:24,186:INFO: [TRAIN] Step: 341 ; Loss: 24.405 ; Acc: 38.097
2018-09-19 14:25:24,259:INFO: [TRAIN] Step: 342 ; Loss: 27.310 ; Acc: 38.132
2018-09-19 14:25:24,338:INFO: [TRAIN] Step: 343 ; Loss: 24.023 ; Acc: 38.166
2018-09-19 14:25:24,412:INFO: [TRAIN] Step: 344 ; Loss: 28.210 ; Acc: 38.116
2018-09-19 14:25:24,492:INFO: [TRAIN] Step: 345 ; Loss: 32.281 ; Acc: 38.102
2018-09-19 14:25:24,566:INFO: [TRAIN] Step: 346 ; Loss: 26.631 ; Acc: 38.112
2018-09-19 14:25:24,645:INFO: [TRAIN] Step: 347 ; Loss: 25.971 ; Acc: 38.123
2018-09-19 14:25:24,720:INFO: [TRAIN] Step: 348 ; Loss: 28.596 ; Acc: 38.169
2018-09-19 14:25:24,800:INFO: [TRAIN] Step: 349 ; Loss: 25.169 ; Acc: 38.202
2018-09-19 14:25:24,871:INFO: [TRAIN] Step: 350 ; Loss: 27.617 ; Acc: 38.236
2018-09-19 14:25:24,951:INFO: [TRAIN] Step: 351 ; Loss: 31.383 ; Acc: 38.187
2018-09-19 14:25:25,026:INFO: [TRAIN] Step: 352 ; Loss: 28.452 ; Acc: 38.196
2018-09-19 14:25:25,109:INFO: [TRAIN] Step: 353 ; Loss: 28.418 ; Acc: 38.183
2018-09-19 14:25:25,182:INFO: [TRAIN] Step: 354 ; Loss: 26.592 ; Acc: 38.181
2018-09-19 14:25:25,263:INFO: [TRAIN] Step: 355 ; Loss: 24.408 ; Acc: 38.226
2018-09-19 14:25:25,336:INFO: [TRAIN] Step: 356 ; Loss: 25.018 ; Acc: 38.247
2018-09-19 14:25:25,416:INFO: [TRAIN] Step: 357 ; Loss: 28.066 ; Acc: 38.257
2018-09-19 14:25:25,489:INFO: [TRAIN] Step: 358 ; Loss: 27.780 ; Acc: 38.278
2018-09-19 14:25:25,569:INFO: [TRAIN] Step: 359 ; Loss: 31.212 ; Acc: 38.275
2018-09-19 14:25:25,644:INFO: [TRAIN] Step: 360 ; Loss: 26.395 ; Acc: 38.296
2018-09-19 14:25:25,725:INFO: [TRAIN] Step: 361 ; Loss: 28.252 ; Acc: 38.271
2018-09-19 14:25:25,799:INFO: [TRAIN] Step: 362 ; Loss: 22.014 ; Acc: 38.326
2018-09-19 14:25:25,909:INFO: [TRAIN] Step: 363 ; Loss: 27.495 ; Acc: 38.313
2018-09-19 14:25:25,981:INFO: [TRAIN] Step: 364 ; Loss: 25.956 ; Acc: 38.299
2018-09-19 14:25:26,061:INFO: [TRAIN] Step: 365 ; Loss: 25.626 ; Acc: 38.320
2018-09-19 14:25:26,136:INFO: [TRAIN] Step: 366 ; Loss: 27.234 ; Acc: 38.329
2018-09-19 14:25:26,217:INFO: [TRAIN] Step: 367 ; Loss: 26.073 ; Acc: 38.327
2018-09-19 14:25:26,290:INFO: [TRAIN] Step: 368 ; Loss: 31.899 ; Acc: 38.324
2018-09-19 14:25:26,370:INFO: [TRAIN] Step: 369 ; Loss: 29.509 ; Acc: 38.333
2018-09-19 14:25:26,443:INFO: [TRAIN] Step: 370 ; Loss: 27.382 ; Acc: 38.365
2018-09-19 14:25:26,533:INFO: [TRAIN] Step: 371 ; Loss: 29.604 ; Acc: 38.340
2018-09-19 14:25:26,611:INFO: [TRAIN] Step: 372 ; Loss: 27.651 ; Acc: 38.360
2018-09-19 14:25:26,691:INFO: [TRAIN] Step: 373 ; Loss: 27.952 ; Acc: 38.347
2018-09-19 14:25:26,764:INFO: [TRAIN] Step: 374 ; Loss: 24.453 ; Acc: 38.400
2018-09-19 14:25:26,847:INFO: [TRAIN] Step: 375 ; Loss: 26.497 ; Acc: 38.442
2018-09-19 14:25:26,921:INFO: [TRAIN] Step: 376 ; Loss: 26.006 ; Acc: 38.495
2018-09-19 14:25:27,002:INFO: [TRAIN] Step: 377 ; Loss: 26.636 ; Acc: 38.503
2018-09-19 14:25:27,075:INFO: [TRAIN] Step: 378 ; Loss: 20.685 ; Acc: 38.588
2018-09-19 14:25:27,154:INFO: [TRAIN] Step: 379 ; Loss: 27.681 ; Acc: 38.596
2018-09-19 14:25:27,226:INFO: [TRAIN] Step: 380 ; Loss: 31.447 ; Acc: 38.572
2018-09-19 14:25:27,303:INFO: [TRAIN] Step: 381 ; Loss: 23.624 ; Acc: 38.602
2018-09-19 14:25:27,375:INFO: [TRAIN] Step: 382 ; Loss: 23.910 ; Acc: 38.631
2018-09-19 14:25:27,454:INFO: [TRAIN] Step: 383 ; Loss: 28.341 ; Acc: 38.628
2018-09-19 14:25:27,526:INFO: [TRAIN] Step: 384 ; Loss: 24.094 ; Acc: 38.647
2018-09-19 14:25:27,604:INFO: [TRAIN] Step: 385 ; Loss: 25.706 ; Acc: 38.655
2018-09-19 14:25:27,678:INFO: [TRAIN] Step: 386 ; Loss: 25.379 ; Acc: 38.695
2018-09-19 14:25:27,758:INFO: [TRAIN] Step: 387 ; Loss: 24.430 ; Acc: 38.692
2018-09-19 14:25:27,832:INFO: [TRAIN] Step: 388 ; Loss: 27.981 ; Acc: 38.678
2018-09-19 14:25:27,913:INFO: [TRAIN] Step: 389 ; Loss: 23.742 ; Acc: 38.697
2018-09-19 14:25:27,989:INFO: [TRAIN] Step: 390 ; Loss: 23.658 ; Acc: 38.757
2018-09-19 14:25:28,069:INFO: [TRAIN] Step: 391 ; Loss: 27.045 ; Acc: 38.765
2018-09-19 14:25:28,144:INFO: [TRAIN] Step: 392 ; Loss: 29.451 ; Acc: 38.762
2018-09-19 14:25:28,223:INFO: [TRAIN] Step: 393 ; Loss: 23.414 ; Acc: 38.801
2018-09-19 14:25:28,295:INFO: [TRAIN] Step: 394 ; Loss: 23.978 ; Acc: 38.850
2018-09-19 14:25:28,376:INFO: [TRAIN] Step: 395 ; Loss: 24.121 ; Acc: 38.857
2018-09-19 14:25:28,448:INFO: [TRAIN] Step: 396 ; Loss: 27.160 ; Acc: 38.854
2018-09-19 14:25:28,530:INFO: [TRAIN] Step: 397 ; Loss: 25.837 ; Acc: 38.892
2018-09-19 14:25:28,608:INFO: [TRAIN] Step: 398 ; Loss: 30.417 ; Acc: 38.847
2018-09-19 14:25:28,688:INFO: [TRAIN] Step: 399 ; Loss: 22.320 ; Acc: 38.844
2018-09-19 14:25:28,760:INFO: [TRAIN] Step: 400 ; Loss: 26.438 ; Acc: 38.861
2018-09-19 14:25:28,840:INFO: [TRAIN] Step: 401 ; Loss: 29.715 ; Acc: 38.868
2018-09-19 14:25:28,911:INFO: [TRAIN] Step: 402 ; Loss: 23.849 ; Acc: 38.927
2018-09-19 14:25:28,992:INFO: [TRAIN] Step: 403 ; Loss: 27.361 ; Acc: 38.944
2018-09-19 14:25:29,064:INFO: [TRAIN] Step: 404 ; Loss: 26.267 ; Acc: 38.930
2018-09-19 14:25:29,148:INFO: [TRAIN] Step: 405 ; Loss: 21.231 ; Acc: 38.957
2018-09-19 14:25:29,222:INFO: [TRAIN] Step: 406 ; Loss: 27.137 ; Acc: 38.974
2018-09-19 14:25:29,303:INFO: [TRAIN] Step: 407 ; Loss: 26.150 ; Acc: 38.971
2018-09-19 14:25:29,377:INFO: [TRAIN] Step: 408 ; Loss: 28.957 ; Acc: 38.998
2018-09-19 14:25:29,456:INFO: [TRAIN] Step: 409 ; Loss: 27.622 ; Acc: 38.963
2018-09-19 14:25:29,528:INFO: [TRAIN] Step: 410 ; Loss: 24.524 ; Acc: 38.970
2018-09-19 14:25:29,608:INFO: [TRAIN] Step: 411 ; Loss: 25.945 ; Acc: 38.997
2018-09-19 14:25:29,683:INFO: [TRAIN] Step: 412 ; Loss: 25.597 ; Acc: 39.054
2018-09-19 14:25:29,764:INFO: [TRAIN] Step: 413 ; Loss: 26.284 ; Acc: 39.080
2018-09-19 14:25:29,838:INFO: [TRAIN] Step: 414 ; Loss: 26.934 ; Acc: 39.127
2018-09-19 14:25:29,918:INFO: [TRAIN] Step: 415 ; Loss: 26.067 ; Acc: 39.173
2018-09-19 14:25:29,990:INFO: [TRAIN] Step: 416 ; Loss: 23.728 ; Acc: 39.189
2018-09-19 14:25:30,072:INFO: [TRAIN] Step: 417 ; Loss: 23.564 ; Acc: 39.224
2018-09-19 14:25:30,146:INFO: [TRAIN] Step: 418 ; Loss: 32.471 ; Acc: 39.200
2018-09-19 14:25:30,228:INFO: [TRAIN] Step: 419 ; Loss: 23.230 ; Acc: 39.216
2018-09-19 14:25:30,302:INFO: [TRAIN] Step: 420 ; Loss: 26.861 ; Acc: 39.242
2018-09-19 14:25:30,383:INFO: [TRAIN] Step: 421 ; Loss: 29.364 ; Acc: 39.238
2018-09-19 14:25:30,458:INFO: [TRAIN] Step: 422 ; Loss: 25.266 ; Acc: 39.253
2018-09-19 14:25:30,538:INFO: [TRAIN] Step: 423 ; Loss: 26.954 ; Acc: 39.239
2018-09-19 14:25:30,613:INFO: [TRAIN] Step: 424 ; Loss: 28.086 ; Acc: 39.245
2018-09-19 14:25:30,692:INFO: [TRAIN] Step: 425 ; Loss: 23.197 ; Acc: 39.251
2018-09-19 14:25:30,766:INFO: [TRAIN] Step: 426 ; Loss: 29.641 ; Acc: 39.247
2018-09-19 14:25:30,845:INFO: [TRAIN] Step: 427 ; Loss: 24.394 ; Acc: 39.252
2018-09-19 14:25:30,919:INFO: [TRAIN] Step: 428 ; Loss: 31.278 ; Acc: 39.209
2018-09-19 14:25:31,000:INFO: [TRAIN] Step: 429 ; Loss: 24.122 ; Acc: 39.244
2018-09-19 14:25:31,071:INFO: [TRAIN] Step: 430 ; Loss: 29.732 ; Acc: 39.230
2018-09-19 14:25:31,152:INFO: [TRAIN] Step: 431 ; Loss: 29.417 ; Acc: 39.198
2018-09-19 14:25:31,224:INFO: [TRAIN] Step: 432 ; Loss: 27.826 ; Acc: 39.194
2018-09-19 14:25:31,303:INFO: [TRAIN] Step: 433 ; Loss: 26.000 ; Acc: 39.199
2018-09-19 14:25:31,376:INFO: [TRAIN] Step: 434 ; Loss: 25.413 ; Acc: 39.205
2018-09-19 14:25:31,457:INFO: [TRAIN] Step: 435 ; Loss: 22.014 ; Acc: 39.230
2018-09-19 14:25:31,532:INFO: [TRAIN] Step: 436 ; Loss: 24.663 ; Acc: 39.273
2018-09-19 14:25:31,611:INFO: [TRAIN] Step: 437 ; Loss: 23.298 ; Acc: 39.279
2018-09-19 14:25:31,684:INFO: [TRAIN] Step: 438 ; Loss: 25.199 ; Acc: 39.303
2018-09-19 14:25:31,763:INFO: [TRAIN] Step: 439 ; Loss: 26.358 ; Acc: 39.280
2018-09-19 14:25:31,837:INFO: [TRAIN] Step: 440 ; Loss: 19.531 ; Acc: 39.314
2018-09-19 14:25:31,917:INFO: [TRAIN] Step: 441 ; Loss: 25.115 ; Acc: 39.348
2018-09-19 14:25:31,989:INFO: [TRAIN] Step: 442 ; Loss: 26.961 ; Acc: 39.381
2018-09-19 14:25:32,068:INFO: [TRAIN] Step: 443 ; Loss: 26.762 ; Acc: 39.396
2018-09-19 14:25:32,139:INFO: [TRAIN] Step: 444 ; Loss: 28.141 ; Acc: 39.401
2018-09-19 14:25:32,220:INFO: [TRAIN] Step: 445 ; Loss: 31.342 ; Acc: 39.396
2018-09-19 14:25:32,291:INFO: [TRAIN] Step: 446 ; Loss: 26.976 ; Acc: 39.420
2018-09-19 14:25:32,373:INFO: [TRAIN] Step: 447 ; Loss: 24.982 ; Acc: 39.425
2018-09-19 14:25:32,447:INFO: [TRAIN] Step: 448 ; Loss: 28.067 ; Acc: 39.449
2018-09-19 14:25:32,528:INFO: [TRAIN] Step: 449 ; Loss: 28.483 ; Acc: 39.463
2018-09-19 14:25:32,601:INFO: [TRAIN] Step: 450 ; Loss: 28.986 ; Acc: 39.459
2018-09-19 14:25:32,681:INFO: [TRAIN] Step: 451 ; Loss: 27.719 ; Acc: 39.510
2018-09-19 14:25:32,754:INFO: [TRAIN] Step: 452 ; Loss: 25.075 ; Acc: 39.505
2018-09-19 14:25:32,833:INFO: [TRAIN] Step: 453 ; Loss: 26.506 ; Acc: 39.501
2018-09-19 14:25:32,907:INFO: [TRAIN] Step: 454 ; Loss: 24.830 ; Acc: 39.496
2018-09-19 14:25:32,988:INFO: [TRAIN] Step: 455 ; Loss: 24.466 ; Acc: 39.501
2018-09-19 14:25:33,062:INFO: [TRAIN] Step: 456 ; Loss: 27.251 ; Acc: 39.524
2018-09-19 14:25:33,142:INFO: [TRAIN] Step: 457 ; Loss: 24.115 ; Acc: 39.583
2018-09-19 14:25:33,216:INFO: [TRAIN] Step: 458 ; Loss: 26.010 ; Acc: 39.570
2018-09-19 14:25:33,297:INFO: [TRAIN] Step: 459 ; Loss: 28.540 ; Acc: 39.592
2018-09-19 14:25:33,373:INFO: [TRAIN] Step: 460 ; Loss: 27.313 ; Acc: 39.624
2018-09-19 14:25:33,453:INFO: [TRAIN] Step: 461 ; Loss: 25.210 ; Acc: 39.655
2018-09-19 14:25:33,527:INFO: [TRAIN] Step: 462 ; Loss: 25.719 ; Acc: 39.678
2018-09-19 14:25:33,606:INFO: [TRAIN] Step: 463 ; Loss: 25.426 ; Acc: 39.682
2018-09-19 14:25:33,679:INFO: [TRAIN] Step: 464 ; Loss: 23.274 ; Acc: 39.704
2018-09-19 14:25:33,761:INFO: [TRAIN] Step: 465 ; Loss: 25.414 ; Acc: 39.717
2018-09-19 14:25:33,834:INFO: [TRAIN] Step: 466 ; Loss: 27.754 ; Acc: 39.713
2018-09-19 14:25:33,917:INFO: [TRAIN] Step: 467 ; Loss: 25.334 ; Acc: 39.717
2018-09-19 14:25:33,988:INFO: [TRAIN] Step: 468 ; Loss: 26.380 ; Acc: 39.748
2018-09-19 14:25:34,068:INFO: [TRAIN] Step: 469 ; Loss: 29.336 ; Acc: 39.778
2018-09-19 14:25:34,142:INFO: [TRAIN] Step: 470 ; Loss: 25.680 ; Acc: 39.782
2018-09-19 14:25:34,221:INFO: [TRAIN] Step: 471 ; Loss: 26.711 ; Acc: 39.822
2018-09-19 14:25:34,295:INFO: [TRAIN] Step: 472 ; Loss: 25.668 ; Acc: 39.861
2018-09-19 14:25:34,375:INFO: [TRAIN] Step: 473 ; Loss: 25.679 ; Acc: 39.882
2018-09-19 14:25:34,449:INFO: [TRAIN] Step: 474 ; Loss: 25.572 ; Acc: 39.886
2018-09-19 14:25:34,531:INFO: [TRAIN] Step: 475 ; Loss: 28.499 ; Acc: 39.898
2018-09-19 14:25:34,605:INFO: [TRAIN] Step: 476 ; Loss: 27.432 ; Acc: 39.920
2018-09-19 14:25:34,684:INFO: [TRAIN] Step: 477 ; Loss: 27.428 ; Acc: 39.932
2018-09-19 14:25:34,758:INFO: [TRAIN] Step: 478 ; Loss: 29.365 ; Acc: 39.910
2018-09-19 14:25:34,837:INFO: [TRAIN] Step: 479 ; Loss: 30.950 ; Acc: 39.878
2018-09-19 14:25:34,910:INFO: [TRAIN] Step: 480 ; Loss: 27.179 ; Acc: 39.908
2018-09-19 14:25:34,989:INFO: [TRAIN] Step: 481 ; Loss: 24.186 ; Acc: 39.912
2018-09-19 14:25:35,062:INFO: [TRAIN] Step: 482 ; Loss: 29.187 ; Acc: 39.890
2018-09-19 14:25:35,143:INFO: [TRAIN] Step: 483 ; Loss: 24.279 ; Acc: 39.928
2018-09-19 14:25:35,215:INFO: [TRAIN] Step: 484 ; Loss: 25.755 ; Acc: 39.923
2018-09-19 14:25:35,294:INFO: [TRAIN] Step: 485 ; Loss: 27.850 ; Acc: 39.918
2018-09-19 14:25:35,368:INFO: [TRAIN] Step: 486 ; Loss: 28.606 ; Acc: 39.938
2018-09-19 14:25:35,448:INFO: [TRAIN] Step: 487 ; Loss: 23.280 ; Acc: 39.976
2018-09-19 14:25:35,525:INFO: [TRAIN] Step: 488 ; Loss: 26.074 ; Acc: 39.988
2018-09-19 14:25:35,605:INFO: [TRAIN] Step: 489 ; Loss: 29.752 ; Acc: 40.000
2018-09-19 14:25:35,678:INFO: [TRAIN] Step: 490 ; Loss: 28.688 ; Acc: 40.012
2018-09-19 14:25:35,759:INFO: [TRAIN] Step: 491 ; Loss: 26.833 ; Acc: 40.032
2018-09-19 14:25:35,831:INFO: [TRAIN] Step: 492 ; Loss: 29.776 ; Acc: 40.061
2018-09-19 14:25:35,912:INFO: [TRAIN] Step: 493 ; Loss: 25.652 ; Acc: 40.073
2018-09-19 14:25:35,988:INFO: [TRAIN] Step: 494 ; Loss: 28.531 ; Acc: 40.051
2018-09-19 14:25:36,072:INFO: [TRAIN] Step: 495 ; Loss: 31.162 ; Acc: 40.045
2018-09-19 14:25:36,143:INFO: [TRAIN] Step: 496 ; Loss: 22.286 ; Acc: 40.091
2018-09-19 14:25:36,224:INFO: [TRAIN] Step: 497 ; Loss: 29.158 ; Acc: 40.085
2018-09-19 14:25:36,296:INFO: [TRAIN] Step: 498 ; Loss: 25.009 ; Acc: 40.097
2018-09-19 14:25:36,376:INFO: [TRAIN] Step: 499 ; Loss: 24.405 ; Acc: 40.125
2018-09-19 14:25:36,447:INFO: [TRAIN] Step: 500 ; Loss: 22.998 ; Acc: 40.153
2018-09-19 14:25:36,528:INFO: [TRAIN] Step: 501 ; Loss: 31.055 ; Acc: 40.139
2018-09-19 14:25:36,601:INFO: [TRAIN] Step: 502 ; Loss: 27.239 ; Acc: 40.126
2018-09-19 14:25:36,683:INFO: [TRAIN] Step: 503 ; Loss: 25.984 ; Acc: 40.112
2018-09-19 14:25:36,759:INFO: [TRAIN] Step: 504 ; Loss: 21.979 ; Acc: 40.140
2018-09-19 14:25:36,839:INFO: [TRAIN] Step: 505 ; Loss: 22.876 ; Acc: 40.168
2018-09-19 14:25:36,912:INFO: [TRAIN] Step: 506 ; Loss: 21.540 ; Acc: 40.204
2018-09-19 14:25:37,006:INFO: [TRAIN] Step: 507 ; Loss: 26.925 ; Acc: 40.231
2018-09-19 14:25:37,079:INFO: [TRAIN] Step: 508 ; Loss: 26.590 ; Acc: 40.242
2018-09-19 14:25:37,158:INFO: [TRAIN] Step: 509 ; Loss: 29.584 ; Acc: 40.245
2018-09-19 14:25:37,233:INFO: [TRAIN] Step: 510 ; Loss: 24.247 ; Acc: 40.256
2018-09-19 14:25:37,312:INFO: [TRAIN] Step: 511 ; Loss: 23.834 ; Acc: 40.283
2018-09-19 14:25:37,387:INFO: [TRAIN] Step: 512 ; Loss: 27.945 ; Acc: 40.294
2018-09-19 14:25:37,468:INFO: [TRAIN] Step: 513 ; Loss: 27.848 ; Acc: 40.329
2018-09-19 14:25:37,541:INFO: [TRAIN] Step: 514 ; Loss: 29.716 ; Acc: 40.307
2018-09-19 14:25:37,622:INFO: [TRAIN] Step: 515 ; Loss: 24.445 ; Acc: 40.318
2018-09-19 14:25:37,695:INFO: [TRAIN] Step: 516 ; Loss: 22.033 ; Acc: 40.329
2018-09-19 14:25:37,776:INFO: [TRAIN] Step: 517 ; Loss: 22.622 ; Acc: 40.364
2018-09-19 14:25:37,849:INFO: [TRAIN] Step: 518 ; Loss: 25.608 ; Acc: 40.342
2018-09-19 14:25:37,929:INFO: [TRAIN] Step: 519 ; Loss: 27.864 ; Acc: 40.321
2018-09-19 14:25:38,006:INFO: [TRAIN] Step: 520 ; Loss: 25.558 ; Acc: 40.331
2018-09-19 14:25:38,086:INFO: [TRAIN] Step: 521 ; Loss: 23.498 ; Acc: 40.358
2018-09-19 14:25:38,158:INFO: [TRAIN] Step: 522 ; Loss: 26.809 ; Acc: 40.376
2018-09-19 14:25:38,238:INFO: [TRAIN] Step: 523 ; Loss: 25.878 ; Acc: 40.394
2018-09-19 14:25:38,311:INFO: [TRAIN] Step: 524 ; Loss: 32.922 ; Acc: 40.365
2018-09-19 14:25:38,390:INFO: [TRAIN] Step: 525 ; Loss: 26.032 ; Acc: 40.360
2018-09-19 14:25:38,464:INFO: [TRAIN] Step: 526 ; Loss: 27.185 ; Acc: 40.370
2018-09-19 14:25:38,543:INFO: [TRAIN] Step: 527 ; Loss: 28.224 ; Acc: 40.380
2018-09-19 14:25:38,619:INFO: [TRAIN] Step: 528 ; Loss: 25.218 ; Acc: 40.430
2018-09-19 14:25:38,699:INFO: [TRAIN] Step: 529 ; Loss: 26.609 ; Acc: 40.425
2018-09-19 14:25:38,771:INFO: [TRAIN] Step: 530 ; Loss: 29.137 ; Acc: 40.435
2018-09-19 14:25:38,851:INFO: [TRAIN] Step: 531 ; Loss: 22.003 ; Acc: 40.461
2018-09-19 14:25:38,927:INFO: [TRAIN] Step: 532 ; Loss: 24.053 ; Acc: 40.478
2018-09-19 14:25:39,007:INFO: [TRAIN] Step: 533 ; Loss: 25.620 ; Acc: 40.496
2018-09-19 14:25:39,082:INFO: [TRAIN] Step: 534 ; Loss: 25.221 ; Acc: 40.514
2018-09-19 14:25:39,161:INFO: [TRAIN] Step: 535 ; Loss: 25.159 ; Acc: 40.555
2018-09-19 14:25:39,235:INFO: [TRAIN] Step: 536 ; Loss: 21.587 ; Acc: 40.611
2018-09-19 14:25:39,316:INFO: [TRAIN] Step: 537 ; Loss: 24.708 ; Acc: 40.644
2018-09-19 14:25:39,389:INFO: [TRAIN] Step: 538 ; Loss: 24.748 ; Acc: 40.662
2018-09-19 14:25:39,468:INFO: [TRAIN] Step: 539 ; Loss: 20.854 ; Acc: 40.710
2018-09-19 14:25:39,539:INFO: [TRAIN] Step: 540 ; Loss: 23.926 ; Acc: 40.719
2018-09-19 14:25:39,619:INFO: [TRAIN] Step: 541 ; Loss: 32.155 ; Acc: 40.698
2018-09-19 14:25:39,693:INFO: [TRAIN] Step: 542 ; Loss: 26.766 ; Acc: 40.715
2018-09-19 14:25:39,775:INFO: [TRAIN] Step: 543 ; Loss: 25.277 ; Acc: 40.748
2018-09-19 14:25:39,849:INFO: [TRAIN] Step: 544 ; Loss: 22.796 ; Acc: 40.772
2018-09-19 14:25:39,930:INFO: [TRAIN] Step: 545 ; Loss: 27.792 ; Acc: 40.759
2018-09-19 14:25:40,001:INFO: [TRAIN] Step: 546 ; Loss: 23.726 ; Acc: 40.783
2018-09-19 14:25:40,082:INFO: [TRAIN] Step: 547 ; Loss: 27.096 ; Acc: 40.777
2018-09-19 14:25:40,155:INFO: [TRAIN] Step: 548 ; Loss: 24.990 ; Acc: 40.779
2018-09-19 14:25:40,253:INFO: [TRAIN] Step: 549 ; Loss: 26.519 ; Acc: 40.841
2018-09-19 14:25:40,329:INFO: [TRAIN] Step: 550 ; Loss: 24.929 ; Acc: 40.858
2018-09-19 14:25:40,409:INFO: [TRAIN] Step: 551 ; Loss: 25.453 ; Acc: 40.882
2018-09-19 14:25:40,484:INFO: [TRAIN] Step: 552 ; Loss: 26.213 ; Acc: 40.891
2018-09-19 14:25:40,567:INFO: [TRAIN] Step: 553 ; Loss: 20.799 ; Acc: 40.922
2018-09-19 14:25:40,639:INFO: [TRAIN] Step: 554 ; Loss: 28.324 ; Acc: 40.916
2018-09-19 14:25:40,720:INFO: [TRAIN] Step: 555 ; Loss: 25.299 ; Acc: 40.917
2018-09-19 14:25:40,794:INFO: [TRAIN] Step: 556 ; Loss: 24.143 ; Acc: 40.949
2018-09-19 14:25:40,880:INFO: [TRAIN] Step: 557 ; Loss: 24.579 ; Acc: 40.950
2018-09-19 14:25:40,953:INFO: [TRAIN] Step: 558 ; Loss: 25.260 ; Acc: 40.951
2018-09-19 14:25:41,034:INFO: [TRAIN] Step: 559 ; Loss: 26.391 ; Acc: 40.923
2018-09-19 14:25:41,108:INFO: [TRAIN] Step: 560 ; Loss: 28.375 ; Acc: 40.924
2018-09-19 14:25:41,191:INFO: [TRAIN] Step: 561 ; Loss: 24.040 ; Acc: 40.933
2018-09-19 14:25:41,264:INFO: [TRAIN] Step: 562 ; Loss: 24.906 ; Acc: 40.949
2018-09-19 14:25:41,343:INFO: [TRAIN] Step: 563 ; Loss: 22.925 ; Acc: 40.943
2018-09-19 14:25:41,416:INFO: [TRAIN] Step: 564 ; Loss: 23.295 ; Acc: 40.922
2018-09-19 14:25:41,498:INFO: [TRAIN] Step: 565 ; Loss: 23.357 ; Acc: 40.975
2018-09-19 14:25:41,569:INFO: [TRAIN] Step: 566 ; Loss: 25.473 ; Acc: 40.983
2018-09-19 14:25:41,651:INFO: [TRAIN] Step: 567 ; Loss: 25.902 ; Acc: 40.984
2018-09-19 14:25:41,726:INFO: [TRAIN] Step: 568 ; Loss: 31.150 ; Acc: 40.956
2018-09-19 14:25:41,805:INFO: [TRAIN] Step: 569 ; Loss: 24.634 ; Acc: 40.950
2018-09-19 14:25:41,878:INFO: [TRAIN] Step: 570 ; Loss: 25.143 ; Acc: 40.930
2018-09-19 14:25:41,959:INFO: [TRAIN] Step: 571 ; Loss: 25.836 ; Acc: 40.938
2018-09-19 14:25:42,032:INFO: [TRAIN] Step: 572 ; Loss: 26.726 ; Acc: 40.954
2018-09-19 14:25:42,113:INFO: [TRAIN] Step: 573 ; Loss: 23.884 ; Acc: 40.970
2018-09-19 14:25:42,187:INFO: [TRAIN] Step: 574 ; Loss: 24.188 ; Acc: 40.993
2018-09-19 14:25:42,266:INFO: [TRAIN] Step: 575 ; Loss: 27.495 ; Acc: 40.994
2018-09-19 14:25:42,340:INFO: [TRAIN] Step: 576 ; Loss: 27.054 ; Acc: 41.010
2018-09-19 14:25:42,419:INFO: [TRAIN] Step: 577 ; Loss: 23.647 ; Acc: 41.018
2018-09-19 14:25:42,493:INFO: [TRAIN] Step: 578 ; Loss: 29.001 ; Acc: 41.012
2018-09-19 14:25:42,573:INFO: [TRAIN] Step: 579 ; Loss: 27.929 ; Acc: 41.027
2018-09-19 14:25:42,644:INFO: [TRAIN] Step: 580 ; Loss: 24.575 ; Acc: 41.043
2018-09-19 14:25:42,724:INFO: [TRAIN] Step: 581 ; Loss: 22.446 ; Acc: 41.072
2018-09-19 14:25:42,798:INFO: [TRAIN] Step: 582 ; Loss: 24.129 ; Acc: 41.095
2018-09-19 14:25:42,881:INFO: [TRAIN] Step: 583 ; Loss: 25.366 ; Acc: 41.082
2018-09-19 14:25:42,958:INFO: [TRAIN] Step: 584 ; Loss: 25.738 ; Acc: 41.083
2018-09-19 14:25:43,038:INFO: [TRAIN] Step: 585 ; Loss: 26.814 ; Acc: 41.091
2018-09-19 14:25:43,110:INFO: [TRAIN] Step: 586 ; Loss: 27.107 ; Acc: 41.106
2018-09-19 14:25:43,192:INFO: [TRAIN] Step: 587 ; Loss: 34.746 ; Acc: 41.086
2018-09-19 14:25:43,265:INFO: [TRAIN] Step: 588 ; Loss: 29.804 ; Acc: 41.101
2018-09-19 14:25:43,346:INFO: [TRAIN] Step: 589 ; Loss: 22.477 ; Acc: 41.116
2018-09-19 14:25:43,419:INFO: [TRAIN] Step: 590 ; Loss: 24.733 ; Acc: 41.145
2018-09-19 14:25:43,500:INFO: [TRAIN] Step: 591 ; Loss: 25.193 ; Acc: 41.139
2018-09-19 14:25:43,575:INFO: [TRAIN] Step: 592 ; Loss: 24.337 ; Acc: 41.168
2018-09-19 14:25:43,656:INFO: [TRAIN] Step: 593 ; Loss: 28.592 ; Acc: 41.148
2018-09-19 14:25:43,731:INFO: [TRAIN] Step: 594 ; Loss: 27.794 ; Acc: 41.141
2018-09-19 14:25:43,813:INFO: [TRAIN] Step: 595 ; Loss: 27.863 ; Acc: 41.149
2018-09-19 14:25:43,887:INFO: [TRAIN] Step: 596 ; Loss: 24.692 ; Acc: 41.178
2018-09-19 14:25:43,967:INFO: [TRAIN] Step: 597 ; Loss: 23.244 ; Acc: 41.186
2018-09-19 14:25:44,040:INFO: [TRAIN] Step: 598 ; Loss: 23.348 ; Acc: 41.235
2018-09-19 14:25:44,124:INFO: [TRAIN] Step: 599 ; Loss: 24.289 ; Acc: 41.243
2018-09-19 14:25:44,197:INFO: [TRAIN] Step: 600 ; Loss: 27.188 ; Acc: 41.244
2018-09-19 14:25:44,278:INFO: [TRAIN] Step: 601 ; Loss: 24.582 ; Acc: 41.272
2018-09-19 14:25:44,352:INFO: [TRAIN] Step: 602 ; Loss: 22.367 ; Acc: 41.273
2018-09-19 14:25:44,432:INFO: [TRAIN] Step: 603 ; Loss: 30.354 ; Acc: 41.294
2018-09-19 14:25:44,506:INFO: [TRAIN] Step: 604 ; Loss: 26.292 ; Acc: 41.302
2018-09-19 14:25:44,587:INFO: [TRAIN] Step: 605 ; Loss: 22.478 ; Acc: 41.323
2018-09-19 14:25:44,660:INFO: [TRAIN] Step: 606 ; Loss: 26.076 ; Acc: 41.323
2018-09-19 14:25:44,740:INFO: [TRAIN] Step: 607 ; Loss: 20.860 ; Acc: 41.331
2018-09-19 14:25:44,815:INFO: [TRAIN] Step: 608 ; Loss: 20.935 ; Acc: 41.331
2018-09-19 14:25:44,893:INFO: [TRAIN] Step: 609 ; Loss: 30.690 ; Acc: 41.339
2018-09-19 14:25:44,968:INFO: [TRAIN] Step: 610 ; Loss: 26.963 ; Acc: 41.353
2018-09-19 14:25:45,047:INFO: [TRAIN] Step: 611 ; Loss: 22.692 ; Acc: 41.388
2018-09-19 14:25:45,120:INFO: [TRAIN] Step: 612 ; Loss: 29.029 ; Acc: 41.422
2018-09-19 14:25:45,201:INFO: [TRAIN] Step: 613 ; Loss: 25.111 ; Acc: 41.443
2018-09-19 14:25:45,275:INFO: [TRAIN] Step: 614 ; Loss: 26.928 ; Acc: 41.450
2018-09-19 14:25:45,359:INFO: [TRAIN] Step: 615 ; Loss: 26.917 ; Acc: 41.450
2018-09-19 14:25:45,433:INFO: [TRAIN] Step: 616 ; Loss: 27.901 ; Acc: 41.471
2018-09-19 14:25:45,513:INFO: [TRAIN] Step: 617 ; Loss: 24.318 ; Acc: 41.471
2018-09-19 14:25:45,586:INFO: [TRAIN] Step: 618 ; Loss: 24.347 ; Acc: 41.485
2018-09-19 14:25:45,666:INFO: [TRAIN] Step: 619 ; Loss: 24.124 ; Acc: 41.505
2018-09-19 14:25:45,739:INFO: [TRAIN] Step: 620 ; Loss: 24.751 ; Acc: 41.512
2018-09-19 14:25:45,821:INFO: [TRAIN] Step: 621 ; Loss: 27.169 ; Acc: 41.519
2018-09-19 14:25:45,899:INFO: [TRAIN] Step: 622 ; Loss: 24.265 ; Acc: 41.520
2018-09-19 14:25:45,980:INFO: [TRAIN] Step: 623 ; Loss: 20.086 ; Acc: 41.546
2018-09-19 14:25:46,055:INFO: [TRAIN] Step: 624 ; Loss: 22.183 ; Acc: 41.573
2018-09-19 14:25:46,135:INFO: [TRAIN] Step: 625 ; Loss: 26.266 ; Acc: 41.587
2018-09-19 14:25:46,209:INFO: [TRAIN] Step: 626 ; Loss: 25.999 ; Acc: 41.620
2018-09-19 14:25:46,292:INFO: [TRAIN] Step: 627 ; Loss: 24.543 ; Acc: 41.620
2018-09-19 14:25:46,369:INFO: [TRAIN] Step: 628 ; Loss: 25.901 ; Acc: 41.600
2018-09-19 14:25:46,452:INFO: [TRAIN] Step: 629 ; Loss: 20.967 ; Acc: 41.607
2018-09-19 14:25:46,529:INFO: [TRAIN] Step: 630 ; Loss: 25.953 ; Acc: 41.607
2018-09-19 14:25:46,610:INFO: [TRAIN] Step: 631 ; Loss: 29.175 ; Acc: 41.581
2018-09-19 14:25:46,684:INFO: [TRAIN] Step: 632 ; Loss: 26.728 ; Acc: 41.575
2018-09-19 14:25:46,766:INFO: [TRAIN] Step: 633 ; Loss: 26.760 ; Acc: 41.581
2018-09-19 14:25:46,840:INFO: [TRAIN] Step: 634 ; Loss: 25.135 ; Acc: 41.601
2018-09-19 14:25:46,923:INFO: [TRAIN] Step: 635 ; Loss: 22.802 ; Acc: 41.627
2018-09-19 14:25:46,998:INFO: [TRAIN] Step: 636 ; Loss: 23.966 ; Acc: 41.647
2018-09-19 14:25:47,078:INFO: [TRAIN] Step: 637 ; Loss: 28.850 ; Acc: 41.647
2018-09-19 14:25:47,153:INFO: [TRAIN] Step: 638 ; Loss: 20.584 ; Acc: 41.693
2018-09-19 14:25:47,237:INFO: [TRAIN] Step: 639 ; Loss: 28.480 ; Acc: 41.693
2018-09-19 14:25:47,317:INFO: [TRAIN] Step: 640 ; Loss: 24.535 ; Acc: 41.699
2018-09-19 14:25:47,401:INFO: [TRAIN] Step: 641 ; Loss: 26.050 ; Acc: 41.699
2018-09-19 14:25:47,476:INFO: [TRAIN] Step: 642 ; Loss: 27.913 ; Acc: 41.693
2018-09-19 14:25:47,562:INFO: [TRAIN] Step: 643 ; Loss: 24.371 ; Acc: 41.705
2018-09-19 14:25:47,661:INFO: [TRAIN] Step: 644 ; Loss: 27.272 ; Acc: 41.705
2018-09-19 14:25:47,745:INFO: [TRAIN] Step: 645 ; Loss: 20.992 ; Acc: 41.725
2018-09-19 14:25:47,824:INFO: [TRAIN] Step: 646 ; Loss: 24.564 ; Acc: 41.705
2018-09-19 14:25:47,908:INFO: [TRAIN] Step: 647 ; Loss: 20.973 ; Acc: 41.731
2018-09-19 14:25:47,988:INFO: [TRAIN] Step: 648 ; Loss: 24.498 ; Acc: 41.744
2018-09-19 14:25:48,080:INFO: [TRAIN] Step: 649 ; Loss: 22.215 ; Acc: 41.776
2018-09-19 14:25:48,157:INFO: [TRAIN] Step: 650 ; Loss: 22.935 ; Acc: 41.807
2018-09-19 14:25:48,244:INFO: [TRAIN] Step: 651 ; Loss: 26.062 ; Acc: 41.801
2018-09-19 14:25:48,323:INFO: [TRAIN] Step: 652 ; Loss: 24.697 ; Acc: 41.820
2018-09-19 14:25:48,408:INFO: [TRAIN] Step: 653 ; Loss: 26.252 ; Acc: 41.839
2018-09-19 14:25:48,489:INFO: [TRAIN] Step: 654 ; Loss: 26.602 ; Acc: 41.838
2018-09-19 14:25:48,575:INFO: [TRAIN] Step: 655 ; Loss: 24.524 ; Acc: 41.832
2018-09-19 14:25:48,656:INFO: [TRAIN] Step: 656 ; Loss: 21.814 ; Acc: 41.851
2018-09-19 14:25:48,744:INFO: [TRAIN] Step: 657 ; Loss: 21.644 ; Acc: 41.876
2018-09-19 14:25:48,826:INFO: [TRAIN] Step: 658 ; Loss: 33.333 ; Acc: 41.882
2018-09-19 14:25:48,912:INFO: [TRAIN] Step: 659 ; Loss: 24.332 ; Acc: 41.881
2018-09-19 14:25:48,996:INFO: [TRAIN] Step: 660 ; Loss: 28.193 ; Acc: 41.881
2018-09-19 14:25:49,088:INFO: [TRAIN] Step: 661 ; Loss: 21.739 ; Acc: 41.918
2018-09-19 14:25:49,172:INFO: [TRAIN] Step: 662 ; Loss: 26.285 ; Acc: 41.937
2018-09-19 14:25:49,261:INFO: [TRAIN] Step: 663 ; Loss: 23.506 ; Acc: 41.955
2018-09-19 14:25:49,347:INFO: [TRAIN] Step: 664 ; Loss: 22.537 ; Acc: 41.967
2018-09-19 14:25:49,441:INFO: [TRAIN] Step: 665 ; Loss: 27.472 ; Acc: 41.979
2018-09-19 14:25:49,527:INFO: [TRAIN] Step: 666 ; Loss: 31.104 ; Acc: 41.979
2018-09-19 14:25:49,618:INFO: [TRAIN] Step: 667 ; Loss: 26.946 ; Acc: 41.979
2018-09-19 14:25:49,707:INFO: [TRAIN] Step: 668 ; Loss: 26.373 ; Acc: 41.991
2018-09-19 14:25:49,799:INFO: [TRAIN] Step: 669 ; Loss: 26.378 ; Acc: 41.996
2018-09-19 14:25:49,888:INFO: [TRAIN] Step: 670 ; Loss: 23.975 ; Acc: 41.996
2018-09-19 14:25:49,981:INFO: [TRAIN] Step: 671 ; Loss: 24.549 ; Acc: 42.026
2018-09-19 14:25:50,071:INFO: [TRAIN] Step: 672 ; Loss: 24.566 ; Acc: 42.032
2018-09-19 14:25:50,168:INFO: [TRAIN] Step: 673 ; Loss: 25.513 ; Acc: 42.038
2018-09-19 14:25:50,258:INFO: [TRAIN] Step: 674 ; Loss: 22.385 ; Acc: 42.031
2018-09-19 14:25:50,354:INFO: [TRAIN] Step: 675 ; Loss: 25.820 ; Acc: 42.030
2018-09-19 14:25:50,442:INFO: [TRAIN] Step: 676 ; Loss: 27.015 ; Acc: 42.030
2018-09-19 14:25:50,542:INFO: [TRAIN] Step: 677 ; Loss: 24.487 ; Acc: 42.054
2018-09-19 14:25:50,634:INFO: [TRAIN] Step: 678 ; Loss: 25.619 ; Acc: 42.035
2018-09-19 14:25:50,729:INFO: [TRAIN] Step: 679 ; Loss: 24.758 ; Acc: 42.022
2018-09-19 14:25:50,821:INFO: [TRAIN] Step: 680 ; Loss: 23.289 ; Acc: 42.034
2018-09-19 14:25:50,918:INFO: [TRAIN] Step: 681 ; Loss: 24.397 ; Acc: 42.052
2018-09-19 14:25:51,013:INFO: [TRAIN] Step: 682 ; Loss: 24.104 ; Acc: 42.051
2018-09-19 14:25:51,115:INFO: [TRAIN] Step: 683 ; Loss: 24.796 ; Acc: 42.063
2018-09-19 14:25:51,207:INFO: [TRAIN] Step: 684 ; Loss: 25.566 ; Acc: 42.092
2018-09-19 14:25:51,309:INFO: [TRAIN] Step: 685 ; Loss: 23.515 ; Acc: 42.104
2018-09-19 14:25:51,416:INFO: [TRAIN] Step: 686 ; Loss: 23.423 ; Acc: 42.134
2018-09-19 14:25:51,516:INFO: [TRAIN] Step: 687 ; Loss: 35.354 ; Acc: 42.109
2018-09-19 14:25:51,609:INFO: [TRAIN] Step: 688 ; Loss: 24.174 ; Acc: 42.114
2018-09-19 14:25:51,712:INFO: [TRAIN] Step: 689 ; Loss: 21.947 ; Acc: 42.144
2018-09-19 14:25:51,810:INFO: [TRAIN] Step: 690 ; Loss: 24.691 ; Acc: 42.137
2018-09-19 14:25:51,913:INFO: [TRAIN] Step: 691 ; Loss: 25.167 ; Acc: 42.160
2018-09-19 14:25:52,009:INFO: [TRAIN] Step: 692 ; Loss: 21.384 ; Acc: 42.178
2018-09-19 14:25:52,111:INFO: [TRAIN] Step: 693 ; Loss: 22.453 ; Acc: 42.201
2018-09-19 14:25:52,210:INFO: [TRAIN] Step: 694 ; Loss: 23.963 ; Acc: 42.212
2018-09-19 14:25:52,313:INFO: [TRAIN] Step: 695 ; Loss: 25.190 ; Acc: 42.229
2018-09-19 14:25:52,413:INFO: [TRAIN] Step: 696 ; Loss: 29.860 ; Acc: 42.211
2018-09-19 14:25:52,518:INFO: [TRAIN] Step: 697 ; Loss: 25.938 ; Acc: 42.222
2018-09-19 14:25:52,615:INFO: [TRAIN] Step: 698 ; Loss: 28.208 ; Acc: 42.209
2018-09-19 14:25:52,718:INFO: [TRAIN] Step: 699 ; Loss: 24.591 ; Acc: 42.232
2018-09-19 14:25:52,824:INFO: [TRAIN] Step: 700 ; Loss: 25.391 ; Acc: 42.243
2018-09-19 14:25:52,926:INFO: [TRAIN] Step: 701 ; Loss: 23.343 ; Acc: 42.260
2018-09-19 14:25:53,031:INFO: [TRAIN] Step: 702 ; Loss: 23.015 ; Acc: 42.265
2018-09-19 14:25:53,135:INFO: [TRAIN] Step: 703 ; Loss: 25.372 ; Acc: 42.294
2018-09-19 14:25:53,237:INFO: [TRAIN] Step: 704 ; Loss: 22.867 ; Acc: 42.329
2018-09-19 14:25:53,344:INFO: [TRAIN] Step: 705 ; Loss: 21.034 ; Acc: 42.322
2018-09-19 14:25:53,449:INFO: [TRAIN] Step: 706 ; Loss: 18.927 ; Acc: 42.362
2018-09-19 14:25:53,554:INFO: [TRAIN] Step: 707 ; Loss: 23.845 ; Acc: 42.349
2018-09-19 14:25:53,659:INFO: [TRAIN] Step: 708 ; Loss: 24.736 ; Acc: 42.378
2018-09-19 14:25:53,765:INFO: [TRAIN] Step: 709 ; Loss: 26.099 ; Acc: 42.377
2018-09-19 14:25:53,867:INFO: [TRAIN] Step: 710 ; Loss: 27.049 ; Acc: 42.370
2018-09-19 14:25:53,972:INFO: [TRAIN] Step: 711 ; Loss: 25.256 ; Acc: 42.375
2018-09-19 14:25:54,078:INFO: [TRAIN] Step: 712 ; Loss: 25.999 ; Acc: 42.385
2018-09-19 14:25:54,180:INFO: [TRAIN] Step: 713 ; Loss: 19.975 ; Acc: 42.425
2018-09-19 14:25:54,282:INFO: [TRAIN] Step: 714 ; Loss: 22.315 ; Acc: 42.459
2018-09-19 14:25:54,386:INFO: [TRAIN] Step: 715 ; Loss: 29.617 ; Acc: 42.452
2018-09-19 14:25:54,492:INFO: [TRAIN] Step: 716 ; Loss: 26.985 ; Acc: 42.463
2018-09-19 14:25:54,594:INFO: [TRAIN] Step: 717 ; Loss: 25.227 ; Acc: 42.479
2018-09-19 14:25:54,695:INFO: [TRAIN] Step: 718 ; Loss: 23.933 ; Acc: 42.490
2018-09-19 14:25:54,797:INFO: [TRAIN] Step: 719 ; Loss: 22.536 ; Acc: 42.506
2018-09-19 14:25:54,901:INFO: [TRAIN] Step: 720 ; Loss: 27.121 ; Acc: 42.499
2018-09-19 14:25:55,007:INFO: [TRAIN] Step: 721 ; Loss: 23.771 ; Acc: 42.503
2018-09-19 14:25:55,112:INFO: [TRAIN] Step: 722 ; Loss: 29.454 ; Acc: 42.497
2018-09-19 14:25:55,213:INFO: [TRAIN] Step: 723 ; Loss: 24.986 ; Acc: 42.507
2018-09-19 14:25:55,317:INFO: [TRAIN] Step: 724 ; Loss: 22.227 ; Acc: 42.529
2018-09-19 14:25:55,426:INFO: [TRAIN] Step: 725 ; Loss: 24.485 ; Acc: 42.510
2018-09-19 14:25:55,529:INFO: [TRAIN] Step: 726 ; Loss: 25.510 ; Acc: 42.521
2018-09-19 14:25:55,636:INFO: [TRAIN] Step: 727 ; Loss: 24.746 ; Acc: 42.531
2018-09-19 14:25:55,741:INFO: [TRAIN] Step: 728 ; Loss: 24.697 ; Acc: 42.541
2018-09-19 14:25:55,842:INFO: [TRAIN] Step: 729 ; Loss: 24.208 ; Acc: 42.563
2018-09-19 14:25:55,946:INFO: [TRAIN] Step: 730 ; Loss: 22.414 ; Acc: 42.584
2018-09-19 14:25:56,052:INFO: [TRAIN] Step: 731 ; Loss: 22.287 ; Acc: 42.600
2018-09-19 14:25:56,161:INFO: [TRAIN] Step: 732 ; Loss: 29.835 ; Acc: 42.599
2018-09-19 14:25:56,264:INFO: [TRAIN] Step: 733 ; Loss: 24.528 ; Acc: 42.615
2018-09-19 14:25:56,369:INFO: [TRAIN] Step: 734 ; Loss: 24.805 ; Acc: 42.636
2018-09-19 14:25:56,477:INFO: [TRAIN] Step: 735 ; Loss: 22.766 ; Acc: 42.646
2018-09-19 14:25:56,579:INFO: [TRAIN] Step: 736 ; Loss: 21.424 ; Acc: 42.656
2018-09-19 14:25:56,683:INFO: [TRAIN] Step: 737 ; Loss: 28.095 ; Acc: 42.643
2018-09-19 14:25:56,788:INFO: [TRAIN] Step: 738 ; Loss: 20.908 ; Acc: 42.665
2018-09-19 14:25:56,890:INFO: [TRAIN] Step: 739 ; Loss: 19.810 ; Acc: 42.686
2018-09-19 14:25:56,992:INFO: [TRAIN] Step: 740 ; Loss: 24.493 ; Acc: 42.690
2018-09-19 14:25:57,105:INFO: [TRAIN] Step: 741 ; Loss: 27.386 ; Acc: 42.706
2018-09-19 14:25:57,208:INFO: [TRAIN] Step: 742 ; Loss: 24.183 ; Acc: 42.721
2018-09-19 14:25:57,313:INFO: [TRAIN] Step: 743 ; Loss: 23.332 ; Acc: 42.714
2018-09-19 14:25:57,422:INFO: [TRAIN] Step: 744 ; Loss: 23.208 ; Acc: 42.740
2018-09-19 14:25:57,526:INFO: [TRAIN] Step: 745 ; Loss: 22.951 ; Acc: 42.773
2018-09-19 14:25:57,633:INFO: [TRAIN] Step: 746 ; Loss: 32.486 ; Acc: 42.760
2018-09-19 14:25:57,735:INFO: [TRAIN] Step: 747 ; Loss: 26.054 ; Acc: 42.758
2018-09-19 14:25:57,840:INFO: [TRAIN] Step: 748 ; Loss: 24.000 ; Acc: 42.757
2018-09-19 14:25:57,944:INFO: [TRAIN] Step: 749 ; Loss: 21.259 ; Acc: 42.772
2018-09-19 14:25:58,054:INFO: [TRAIN] Step: 750 ; Loss: 23.592 ; Acc: 42.787
2018-09-19 14:25:58,158:INFO: [TRAIN] Step: 751 ; Loss: 26.390 ; Acc: 42.803
2018-09-19 14:25:58,265:INFO: [TRAIN] Step: 752 ; Loss: 21.789 ; Acc: 42.812
2018-09-19 14:25:58,373:INFO: [TRAIN] Step: 753 ; Loss: 23.606 ; Acc: 42.827
2018-09-19 14:25:58,476:INFO: [TRAIN] Step: 754 ; Loss: 26.495 ; Acc: 42.826
2018-09-19 14:25:58,583:INFO: [TRAIN] Step: 755 ; Loss: 28.285 ; Acc: 42.808
2018-09-19 14:25:58,687:INFO: [TRAIN] Step: 756 ; Loss: 27.632 ; Acc: 42.801
2018-09-19 14:25:58,790:INFO: [TRAIN] Step: 757 ; Loss: 26.599 ; Acc: 42.816
2018-09-19 14:25:58,897:INFO: [TRAIN] Step: 758 ; Loss: 26.093 ; Acc: 42.819
2018-09-19 14:25:59,002:INFO: [TRAIN] Step: 759 ; Loss: 21.985 ; Acc: 42.829
2018-09-19 14:25:59,107:INFO: [TRAIN] Step: 760 ; Loss: 28.964 ; Acc: 42.822
2018-09-19 14:25:59,214:INFO: [TRAIN] Step: 761 ; Loss: 26.000 ; Acc: 42.831
2018-09-19 14:25:59,316:INFO: [TRAIN] Step: 762 ; Loss: 22.893 ; Acc: 42.863
2018-09-19 14:25:59,421:INFO: [TRAIN] Step: 763 ; Loss: 22.561 ; Acc: 42.866
2018-09-19 14:25:59,523:INFO: [TRAIN] Step: 764 ; Loss: 25.128 ; Acc: 42.881
2018-09-19 14:25:59,629:INFO: [TRAIN] Step: 765 ; Loss: 24.384 ; Acc: 42.896
2018-09-19 14:25:59,735:INFO: [TRAIN] Step: 766 ; Loss: 31.510 ; Acc: 42.884
2018-09-19 14:25:59,838:INFO: [TRAIN] Step: 767 ; Loss: 24.034 ; Acc: 42.920
2018-09-19 14:25:59,945:INFO: [TRAIN] Step: 768 ; Loss: 24.101 ; Acc: 42.918
2018-09-19 14:26:00,050:INFO: [TRAIN] Step: 769 ; Loss: 26.918 ; Acc: 42.922
2018-09-19 14:26:00,154:INFO: [TRAIN] Step: 770 ; Loss: 26.883 ; Acc: 42.931
2018-09-19 14:26:00,260:INFO: [TRAIN] Step: 771 ; Loss: 25.216 ; Acc: 42.935
2018-09-19 14:26:00,365:INFO: [TRAIN] Step: 772 ; Loss: 21.416 ; Acc: 42.944
2018-09-19 14:26:00,472:INFO: [TRAIN] Step: 773 ; Loss: 29.367 ; Acc: 42.916
2018-09-19 14:26:00,575:INFO: [TRAIN] Step: 774 ; Loss: 25.635 ; Acc: 42.930
2018-09-19 14:26:00,681:INFO: [TRAIN] Step: 775 ; Loss: 28.732 ; Acc: 42.934
2018-09-19 14:26:00,782:INFO: [TRAIN] Step: 776 ; Loss: 23.137 ; Acc: 42.943
2018-09-19 14:26:00,886:INFO: [TRAIN] Step: 777 ; Loss: 23.242 ; Acc: 42.973
2018-09-19 14:26:00,992:INFO: [TRAIN] Step: 778 ; Loss: 24.551 ; Acc: 42.977
2018-09-19 14:26:01,095:INFO: [TRAIN] Step: 779 ; Loss: 21.682 ; Acc: 43.007
2018-09-19 14:26:01,200:INFO: [TRAIN] Step: 780 ; Loss: 24.340 ; Acc: 43.038
2018-09-19 14:26:01,305:INFO: [TRAIN] Step: 781 ; Loss: 22.029 ; Acc: 43.073
2018-09-19 14:26:01,412:INFO: [TRAIN] Step: 782 ; Loss: 30.557 ; Acc: 43.066
2018-09-19 14:26:01,515:INFO: [TRAIN] Step: 783 ; Loss: 23.005 ; Acc: 43.080
2018-09-19 14:26:01,617:INFO: [TRAIN] Step: 784 ; Loss: 27.881 ; Acc: 43.073
2018-09-19 14:26:01,725:INFO: [TRAIN] Step: 785 ; Loss: 25.758 ; Acc: 43.066
2018-09-19 14:26:01,827:INFO: [TRAIN] Step: 786 ; Loss: 28.523 ; Acc: 43.048
2018-09-19 14:26:01,933:INFO: [TRAIN] Step: 787 ; Loss: 27.018 ; Acc: 43.036
2018-09-19 14:26:02,039:INFO: [TRAIN] Step: 788 ; Loss: 20.797 ; Acc: 43.066
2018-09-19 14:26:02,143:INFO: [TRAIN] Step: 789 ; Loss: 27.544 ; Acc: 43.075
2018-09-19 14:26:02,246:INFO: [TRAIN] Step: 790 ; Loss: 22.620 ; Acc: 43.099
2018-09-19 14:26:02,350:INFO: [TRAIN] Step: 791 ; Loss: 26.799 ; Acc: 43.113
2018-09-19 14:26:02,457:INFO: [TRAIN] Step: 792 ; Loss: 27.568 ; Acc: 43.122
2018-09-19 14:26:02,561:INFO: [TRAIN] Step: 793 ; Loss: 23.494 ; Acc: 43.131
2018-09-19 14:26:02,666:INFO: [TRAIN] Step: 794 ; Loss: 21.559 ; Acc: 43.139
2018-09-19 14:26:02,775:INFO: [TRAIN] Step: 795 ; Loss: 27.937 ; Acc: 43.143
2018-09-19 14:26:02,877:INFO: [TRAIN] Step: 796 ; Loss: 26.070 ; Acc: 43.151
2018-09-19 14:26:02,977:INFO: [TRAIN] Step: 797 ; Loss: 26.030 ; Acc: 43.139
2018-09-19 14:26:03,074:INFO: [TRAIN] Step: 798 ; Loss: 24.254 ; Acc: 43.153
2018-09-19 14:26:03,177:INFO: [TRAIN] Step: 799 ; Loss: 23.751 ; Acc: 43.141
2018-09-19 14:26:03,279:INFO: [TRAIN] Step: 800 ; Loss: 26.225 ; Acc: 43.149
2018-09-19 14:26:03,385:INFO: [TRAIN] Step: 801 ; Loss: 22.164 ; Acc: 43.163
2018-09-19 14:26:03,487:INFO: [TRAIN] Step: 802 ; Loss: 23.825 ; Acc: 43.171
2018-09-19 14:26:03,593:INFO: [TRAIN] Step: 803 ; Loss: 25.184 ; Acc: 43.170
2018-09-19 14:26:03,694:INFO: [TRAIN] Step: 804 ; Loss: 24.464 ; Acc: 43.188
2018-09-19 14:26:03,796:INFO: [TRAIN] Step: 805 ; Loss: 28.303 ; Acc: 43.197
2018-09-19 14:26:03,901:INFO: [TRAIN] Step: 806 ; Loss: 24.519 ; Acc: 43.216
2018-09-19 14:26:04,002:INFO: [TRAIN] Step: 807 ; Loss: 27.435 ; Acc: 43.203
2018-09-19 14:26:04,102:INFO: [TRAIN] Step: 808 ; Loss: 26.263 ; Acc: 43.207
2018-09-19 14:26:04,203:INFO: [TRAIN] Step: 809 ; Loss: 28.244 ; Acc: 43.184
2018-09-19 14:26:04,306:INFO: [TRAIN] Step: 810 ; Loss: 27.100 ; Acc: 43.198
2018-09-19 14:26:04,409:INFO: [TRAIN] Step: 811 ; Loss: 26.201 ; Acc: 43.206
2018-09-19 14:26:04,516:INFO: [TRAIN] Step: 812 ; Loss: 21.317 ; Acc: 43.230
2018-09-19 14:26:04,617:INFO: [TRAIN] Step: 813 ; Loss: 24.413 ; Acc: 43.233
2018-09-19 14:26:04,720:INFO: [TRAIN] Step: 814 ; Loss: 20.000 ; Acc: 43.246
2018-09-19 14:26:04,825:INFO: [TRAIN] Step: 815 ; Loss: 26.584 ; Acc: 43.255
2018-09-19 14:26:04,925:INFO: [TRAIN] Step: 816 ; Loss: 18.995 ; Acc: 43.283
2018-09-19 14:26:05,027:INFO: [TRAIN] Step: 817 ; Loss: 24.029 ; Acc: 43.281
2018-09-19 14:26:05,130:INFO: [TRAIN] Step: 818 ; Loss: 25.131 ; Acc: 43.274
2018-09-19 14:26:05,241:INFO: [TRAIN] Step: 819 ; Loss: 27.461 ; Acc: 43.283
2018-09-19 14:26:05,346:INFO: [TRAIN] Step: 820 ; Loss: 20.094 ; Acc: 43.301
2018-09-19 14:26:05,446:INFO: [TRAIN] Step: 821 ; Loss: 22.125 ; Acc: 43.314
2018-09-19 14:26:05,539:INFO: [TRAIN] Step: 822 ; Loss: 30.743 ; Acc: 43.302
2018-09-19 14:26:05,643:INFO: [TRAIN] Step: 823 ; Loss: 24.648 ; Acc: 43.325
2018-09-19 14:26:05,743:INFO: [TRAIN] Step: 824 ; Loss: 23.051 ; Acc: 43.333
2018-09-19 14:26:05,845:INFO: [TRAIN] Step: 825 ; Loss: 23.901 ; Acc: 43.351
2018-09-19 14:26:05,945:INFO: [TRAIN] Step: 826 ; Loss: 27.244 ; Acc: 43.344
2018-09-19 14:26:06,041:INFO: [TRAIN] Step: 827 ; Loss: 23.338 ; Acc: 43.347
2018-09-19 14:26:06,132:INFO: [TRAIN] Step: 828 ; Loss: 24.685 ; Acc: 43.340
2018-09-19 14:26:06,287:INFO: [TRAIN] Step: 829 ; Loss: 28.768 ; Acc: 43.318
2018-09-19 14:26:06,381:INFO: [TRAIN] Step: 830 ; Loss: 28.856 ; Acc: 43.331
2018-09-19 14:26:06,495:INFO: [TRAIN] Step: 831 ; Loss: 19.498 ; Acc: 43.369
2018-09-19 14:26:06,598:INFO: [TRAIN] Step: 832 ; Loss: 24.719 ; Acc: 43.372
2018-09-19 14:26:06,721:INFO: [TRAIN] Step: 833 ; Loss: 27.988 ; Acc: 43.375
2018-09-19 14:26:06,824:INFO: [TRAIN] Step: 834 ; Loss: 25.089 ; Acc: 43.378
2018-09-19 14:26:06,923:INFO: [TRAIN] Step: 835 ; Loss: 23.318 ; Acc: 43.411
2018-09-19 14:26:07,020:INFO: [TRAIN] Step: 836 ; Loss: 23.113 ; Acc: 43.434
2018-09-19 14:26:07,118:INFO: [TRAIN] Step: 837 ; Loss: 24.175 ; Acc: 43.462
2018-09-19 14:26:07,216:INFO: [TRAIN] Step: 838 ; Loss: 22.321 ; Acc: 43.474
2018-09-19 14:26:07,322:INFO: [TRAIN] Step: 839 ; Loss: 25.297 ; Acc: 43.477
2018-09-19 14:26:07,421:INFO: [TRAIN] Step: 840 ; Loss: 24.559 ; Acc: 43.480
2018-09-19 14:26:07,520:INFO: [TRAIN] Step: 841 ; Loss: 20.806 ; Acc: 43.503
2018-09-19 14:26:07,623:INFO: [TRAIN] Step: 842 ; Loss: 25.881 ; Acc: 43.486
2018-09-19 14:26:07,718:INFO: [TRAIN] Step: 843 ; Loss: 23.193 ; Acc: 43.488
2018-09-19 14:26:07,816:INFO: [TRAIN] Step: 844 ; Loss: 23.781 ; Acc: 43.496
2018-09-19 14:26:07,913:INFO: [TRAIN] Step: 845 ; Loss: 26.608 ; Acc: 43.499
2018-09-19 14:26:08,010:INFO: [TRAIN] Step: 846 ; Loss: 23.705 ; Acc: 43.506
2018-09-19 14:26:08,114:INFO: [TRAIN] Step: 847 ; Loss: 26.412 ; Acc: 43.504
2018-09-19 14:26:08,209:INFO: [TRAIN] Step: 848 ; Loss: 28.417 ; Acc: 43.502
2018-09-19 14:26:08,304:INFO: [TRAIN] Step: 849 ; Loss: 20.663 ; Acc: 43.520
2018-09-19 14:26:08,396:INFO: [TRAIN] Step: 850 ; Loss: 24.429 ; Acc: 43.517
2018-09-19 14:26:08,489:INFO: [TRAIN] Step: 851 ; Loss: 26.765 ; Acc: 43.520
2018-09-19 14:26:08,580:INFO: [TRAIN] Step: 852 ; Loss: 24.480 ; Acc: 43.533
2018-09-19 14:26:08,678:INFO: [TRAIN] Step: 853 ; Loss: 23.575 ; Acc: 43.545
2018-09-19 14:26:08,768:INFO: [TRAIN] Step: 854 ; Loss: 24.495 ; Acc: 43.558
2018-09-19 14:26:08,866:INFO: [TRAIN] Step: 855 ; Loss: 23.431 ; Acc: 43.570
2018-09-19 14:26:08,958:INFO: [TRAIN] Step: 856 ; Loss: 22.194 ; Acc: 43.587
2018-09-19 14:26:09,056:INFO: [TRAIN] Step: 857 ; Loss: 26.134 ; Acc: 43.585
2018-09-19 14:26:09,146:INFO: [TRAIN] Step: 858 ; Loss: 27.169 ; Acc: 43.583
2018-09-19 14:26:09,240:INFO: [TRAIN] Step: 859 ; Loss: 23.096 ; Acc: 43.580
2018-09-19 14:26:09,328:INFO: [TRAIN] Step: 860 ; Loss: 26.478 ; Acc: 43.593
2018-09-19 14:26:09,425:INFO: [TRAIN] Step: 861 ; Loss: 24.391 ; Acc: 43.600
2018-09-19 14:26:09,515:INFO: [TRAIN] Step: 862 ; Loss: 25.904 ; Acc: 43.617
2018-09-19 14:26:09,613:INFO: [TRAIN] Step: 863 ; Loss: 29.924 ; Acc: 43.591
2018-09-19 14:26:09,701:INFO: [TRAIN] Step: 864 ; Loss: 21.861 ; Acc: 43.598
2018-09-19 14:26:09,795:INFO: [TRAIN] Step: 865 ; Loss: 25.232 ; Acc: 43.601
2018-09-19 14:26:09,884:INFO: [TRAIN] Step: 866 ; Loss: 24.224 ; Acc: 43.594
2018-09-19 14:26:09,978:INFO: [TRAIN] Step: 867 ; Loss: 23.880 ; Acc: 43.620
2018-09-19 14:26:10,067:INFO: [TRAIN] Step: 868 ; Loss: 23.991 ; Acc: 43.623
2018-09-19 14:26:10,164:INFO: [TRAIN] Step: 869 ; Loss: 24.861 ; Acc: 43.621
2018-09-19 14:26:10,252:INFO: [TRAIN] Step: 870 ; Loss: 21.498 ; Acc: 43.633
2018-09-19 14:26:10,349:INFO: [TRAIN] Step: 871 ; Loss: 24.383 ; Acc: 43.640
2018-09-19 14:26:10,438:INFO: [TRAIN] Step: 872 ; Loss: 23.737 ; Acc: 43.643
2018-09-19 14:26:10,532:INFO: [TRAIN] Step: 873 ; Loss: 23.997 ; Acc: 43.640
2018-09-19 14:26:10,621:INFO: [TRAIN] Step: 874 ; Loss: 23.214 ; Acc: 43.652
2018-09-19 14:26:10,717:INFO: [TRAIN] Step: 875 ; Loss: 25.796 ; Acc: 43.664
2018-09-19 14:26:10,807:INFO: [TRAIN] Step: 876 ; Loss: 25.115 ; Acc: 43.662
2018-09-19 14:26:10,905:INFO: [TRAIN] Step: 877 ; Loss: 26.722 ; Acc: 43.655
2018-09-19 14:26:10,995:INFO: [TRAIN] Step: 878 ; Loss: 25.647 ; Acc: 43.653
2018-09-19 14:26:11,090:INFO: [TRAIN] Step: 879 ; Loss: 26.709 ; Acc: 43.651
2018-09-19 14:26:11,181:INFO: [TRAIN] Step: 880 ; Loss: 29.719 ; Acc: 43.620
2018-09-19 14:26:11,275:INFO: [TRAIN] Step: 881 ; Loss: 24.307 ; Acc: 43.618
2018-09-19 14:26:11,363:INFO: [TRAIN] Step: 882 ; Loss: 22.221 ; Acc: 43.644
2018-09-19 14:26:11,459:INFO: [TRAIN] Step: 883 ; Loss: 26.105 ; Acc: 43.656
2018-09-19 14:26:11,545:INFO: [TRAIN] Step: 884 ; Loss: 25.508 ; Acc: 43.658
2018-09-19 14:26:11,642:INFO: [TRAIN] Step: 885 ; Loss: 17.207 ; Acc: 43.679
2018-09-19 14:26:11,731:INFO: [TRAIN] Step: 886 ; Loss: 21.546 ; Acc: 43.687
2018-09-19 14:26:11,828:INFO: [TRAIN] Step: 887 ; Loss: 27.848 ; Acc: 43.680
2018-09-19 14:26:11,918:INFO: [TRAIN] Step: 888 ; Loss: 23.361 ; Acc: 43.687
2018-09-19 14:26:12,015:INFO: [TRAIN] Step: 889 ; Loss: 25.267 ; Acc: 43.703
2018-09-19 14:26:12,114:INFO: [TRAIN] Step: 890 ; Loss: 23.671 ; Acc: 43.720
2018-09-19 14:26:12,210:INFO: [TRAIN] Step: 891 ; Loss: 21.168 ; Acc: 43.741
2018-09-19 14:26:12,303:INFO: [TRAIN] Step: 892 ; Loss: 20.817 ; Acc: 43.752
2018-09-19 14:26:12,397:INFO: [TRAIN] Step: 893 ; Loss: 25.459 ; Acc: 43.764
2018-09-19 14:26:12,488:INFO: [TRAIN] Step: 894 ; Loss: 22.564 ; Acc: 43.776
2018-09-19 14:26:12,582:INFO: [TRAIN] Step: 895 ; Loss: 24.000 ; Acc: 43.801
2018-09-19 14:26:12,672:INFO: [TRAIN] Step: 896 ; Loss: 25.681 ; Acc: 43.803
2018-09-19 14:26:12,767:INFO: [TRAIN] Step: 897 ; Loss: 27.746 ; Acc: 43.806
2018-09-19 14:26:12,854:INFO: [TRAIN] Step: 898 ; Loss: 26.942 ; Acc: 43.799
2018-09-19 14:26:12,949:INFO: [TRAIN] Step: 899 ; Loss: 27.648 ; Acc: 43.806
2018-09-19 14:26:13,043:INFO: [TRAIN] Step: 900 ; Loss: 25.030 ; Acc: 43.822
2018-09-19 14:26:13,137:INFO: [TRAIN] Step: 901 ; Loss: 22.984 ; Acc: 43.842
2018-09-19 14:26:13,230:INFO: [TRAIN] Step: 902 ; Loss: 21.354 ; Acc: 43.877
2018-09-19 14:26:13,325:INFO: [TRAIN] Step: 903 ; Loss: 25.433 ; Acc: 43.865
2018-09-19 14:26:13,417:INFO: [TRAIN] Step: 904 ; Loss: 27.505 ; Acc: 43.872
2018-09-19 14:26:13,511:INFO: [TRAIN] Step: 905 ; Loss: 22.760 ; Acc: 43.888
2018-09-19 14:26:13,600:INFO: [TRAIN] Step: 906 ; Loss: 23.226 ; Acc: 43.886
2018-09-19 14:26:13,697:INFO: [TRAIN] Step: 907 ; Loss: 24.668 ; Acc: 43.883
2018-09-19 14:26:13,784:INFO: [TRAIN] Step: 908 ; Loss: 21.507 ; Acc: 43.885
2018-09-19 14:26:13,883:INFO: [TRAIN] Step: 909 ; Loss: 23.209 ; Acc: 43.892
2018-09-19 14:26:13,973:INFO: [TRAIN] Step: 910 ; Loss: 21.789 ; Acc: 43.903
2018-09-19 14:26:14,070:INFO: [TRAIN] Step: 911 ; Loss: 21.729 ; Acc: 43.905
2018-09-19 14:26:14,156:INFO: [TRAIN] Step: 912 ; Loss: 26.088 ; Acc: 43.889
2018-09-19 14:26:14,250:INFO: [TRAIN] Step: 913 ; Loss: 23.995 ; Acc: 43.887
2018-09-19 14:26:14,339:INFO: [TRAIN] Step: 914 ; Loss: 25.022 ; Acc: 43.880
2018-09-19 14:26:14,433:INFO: [TRAIN] Step: 915 ; Loss: 25.804 ; Acc: 43.877
2018-09-19 14:26:14,519:INFO: [TRAIN] Step: 916 ; Loss: 26.366 ; Acc: 43.879
2018-09-19 14:26:14,619:INFO: [TRAIN] Step: 917 ; Loss: 26.936 ; Acc: 43.891
2018-09-19 14:26:14,708:INFO: [TRAIN] Step: 918 ; Loss: 28.513 ; Acc: 43.893
2018-09-19 14:26:14,804:INFO: [TRAIN] Step: 919 ; Loss: 25.645 ; Acc: 43.890
2018-09-19 14:26:14,896:INFO: [TRAIN] Step: 920 ; Loss: 21.042 ; Acc: 43.902
2018-09-19 14:26:14,990:INFO: [TRAIN] Step: 921 ; Loss: 25.186 ; Acc: 43.908
2018-09-19 14:26:15,079:INFO: [TRAIN] Step: 922 ; Loss: 23.724 ; Acc: 43.919
2018-09-19 14:26:15,173:INFO: [TRAIN] Step: 923 ; Loss: 24.477 ; Acc: 43.921
2018-09-19 14:26:15,264:INFO: [TRAIN] Step: 924 ; Loss: 23.170 ; Acc: 43.919
2018-09-19 14:26:15,360:INFO: [TRAIN] Step: 925 ; Loss: 24.862 ; Acc: 43.921
2018-09-19 14:26:15,450:INFO: [TRAIN] Step: 926 ; Loss: 22.050 ; Acc: 43.919
2018-09-19 14:26:15,545:INFO: [TRAIN] Step: 927 ; Loss: 30.307 ; Acc: 43.912
2018-09-19 14:26:15,634:INFO: [TRAIN] Step: 928 ; Loss: 26.400 ; Acc: 43.918
2018-09-19 14:26:15,731:INFO: [TRAIN] Step: 929 ; Loss: 28.966 ; Acc: 43.916
2018-09-19 14:26:15,817:INFO: [TRAIN] Step: 930 ; Loss: 22.642 ; Acc: 43.909
2018-09-19 14:26:15,918:INFO: [TRAIN] Step: 931 ; Loss: 24.703 ; Acc: 43.915
2018-09-19 14:26:16,006:INFO: [TRAIN] Step: 932 ; Loss: 24.631 ; Acc: 43.922
2018-09-19 14:26:16,103:INFO: [TRAIN] Step: 933 ; Loss: 26.254 ; Acc: 43.937
2018-09-19 14:26:16,192:INFO: [TRAIN] Step: 934 ; Loss: 23.693 ; Acc: 43.957
2018-09-19 14:26:16,286:INFO: [TRAIN] Step: 935 ; Loss: 23.522 ; Acc: 43.950
2018-09-19 14:26:16,377:INFO: [TRAIN] Step: 936 ; Loss: 24.432 ; Acc: 43.961
2018-09-19 14:26:16,477:INFO: [TRAIN] Step: 937 ; Loss: 25.876 ; Acc: 43.963
2018-09-19 14:26:16,569:INFO: [TRAIN] Step: 938 ; Loss: 24.313 ; Acc: 43.974
2018-09-19 14:26:16,666:INFO: [TRAIN] Step: 939 ; Loss: 26.732 ; Acc: 43.972
2018-09-19 14:26:16,755:INFO: [TRAIN] Step: 940 ; Loss: 25.133 ; Acc: 43.969
2018-09-19 14:26:16,850:INFO: [TRAIN] Step: 941 ; Loss: 23.590 ; Acc: 43.998
2018-09-19 14:26:16,943:INFO: [TRAIN] Step: 942 ; Loss: 26.595 ; Acc: 44.004
2018-09-19 14:26:17,038:INFO: [TRAIN] Step: 943 ; Loss: 22.297 ; Acc: 44.015
2018-09-19 14:26:17,128:INFO: [TRAIN] Step: 944 ; Loss: 24.231 ; Acc: 44.012
2018-09-19 14:26:17,232:INFO: [TRAIN] Step: 945 ; Loss: 23.207 ; Acc: 44.023
2018-09-19 14:26:17,320:INFO: [TRAIN] Step: 946 ; Loss: 26.763 ; Acc: 44.016
2018-09-19 14:26:17,418:INFO: [TRAIN] Step: 947 ; Loss: 29.733 ; Acc: 44.009
2018-09-19 14:26:17,506:INFO: [TRAIN] Step: 948 ; Loss: 25.419 ; Acc: 44.024
2018-09-19 14:26:17,606:INFO: [TRAIN] Step: 949 ; Loss: 25.782 ; Acc: 44.026
2018-09-19 14:26:17,703:INFO: [TRAIN] Step: 950 ; Loss: 20.543 ; Acc: 44.046
2018-09-19 14:26:17,798:INFO: [TRAIN] Step: 951 ; Loss: 24.798 ; Acc: 44.048
2018-09-19 14:26:17,892:INFO: [TRAIN] Step: 952 ; Loss: 21.231 ; Acc: 44.063
2018-09-19 14:26:17,988:INFO: [TRAIN] Step: 953 ; Loss: 19.386 ; Acc: 44.073
2018-09-19 14:26:18,075:INFO: [TRAIN] Step: 954 ; Loss: 20.653 ; Acc: 44.084
2018-09-19 14:26:18,180:INFO: [TRAIN] Step: 955 ; Loss: 29.301 ; Acc: 44.073
2018-09-19 14:26:18,272:INFO: [TRAIN] Step: 956 ; Loss: 22.948 ; Acc: 44.083
2018-09-19 14:26:18,368:INFO: [TRAIN] Step: 957 ; Loss: 23.383 ; Acc: 44.085
2018-09-19 14:26:18,457:INFO: [TRAIN] Step: 958 ; Loss: 27.618 ; Acc: 44.095
2018-09-19 14:26:18,554:INFO: [TRAIN] Step: 959 ; Loss: 23.345 ; Acc: 44.102
2018-09-19 14:26:18,645:INFO: [TRAIN] Step: 960 ; Loss: 27.579 ; Acc: 44.099
2018-09-19 14:26:18,739:INFO: [TRAIN] Step: 961 ; Loss: 24.973 ; Acc: 44.101
2018-09-19 14:26:18,868:INFO: [TRAIN] Step: 962 ; Loss: 22.227 ; Acc: 44.107
2018-09-19 14:26:18,963:INFO: [TRAIN] Step: 963 ; Loss: 24.972 ; Acc: 44.113
2018-09-19 14:26:19,053:INFO: [TRAIN] Step: 964 ; Loss: 21.519 ; Acc: 44.123
2018-09-19 14:26:19,147:INFO: [TRAIN] Step: 965 ; Loss: 25.308 ; Acc: 44.125
2018-09-19 14:26:19,238:INFO: [TRAIN] Step: 966 ; Loss: 22.446 ; Acc: 44.131
2018-09-19 14:26:19,332:INFO: [TRAIN] Step: 967 ; Loss: 24.795 ; Acc: 44.146
2018-09-19 14:26:19,423:INFO: [TRAIN] Step: 968 ; Loss: 21.873 ; Acc: 44.152
2018-09-19 14:26:19,517:INFO: [TRAIN] Step: 969 ; Loss: 31.875 ; Acc: 44.137
2018-09-19 14:26:19,608:INFO: [TRAIN] Step: 970 ; Loss: 24.831 ; Acc: 44.147
2018-09-19 14:26:19,709:INFO: [TRAIN] Step: 971 ; Loss: 24.469 ; Acc: 44.140
2018-09-19 14:26:19,798:INFO: [TRAIN] Step: 972 ; Loss: 23.550 ; Acc: 44.155
2018-09-19 14:26:19,892:INFO: [TRAIN] Step: 973 ; Loss: 27.410 ; Acc: 44.165
2018-09-19 14:26:19,983:INFO: [TRAIN] Step: 974 ; Loss: 18.162 ; Acc: 44.175
2018-09-19 14:26:20,078:INFO: [TRAIN] Step: 975 ; Loss: 24.440 ; Acc: 44.185
2018-09-19 14:26:20,170:INFO: [TRAIN] Step: 976 ; Loss: 28.446 ; Acc: 44.183
2018-09-19 14:26:20,267:INFO: [TRAIN] Step: 977 ; Loss: 23.104 ; Acc: 44.193
2018-09-19 14:26:20,357:INFO: [TRAIN] Step: 978 ; Loss: 22.999 ; Acc: 44.203
2018-09-19 14:26:20,452:INFO: [TRAIN] Step: 979 ; Loss: 25.751 ; Acc: 44.201
2018-09-19 14:26:20,542:INFO: [TRAIN] Step: 980 ; Loss: 23.456 ; Acc: 44.215
2018-09-19 14:26:20,642:INFO: [TRAIN] Step: 981 ; Loss: 29.643 ; Acc: 44.208
2018-09-19 14:26:20,733:INFO: [TRAIN] Step: 982 ; Loss: 25.227 ; Acc: 44.210
2018-09-19 14:26:20,828:INFO: [TRAIN] Step: 983 ; Loss: 24.820 ; Acc: 44.220
2018-09-19 14:26:20,918:INFO: [TRAIN] Step: 984 ; Loss: 22.258 ; Acc: 44.234
2018-09-19 14:26:21,017:INFO: [TRAIN] Step: 985 ; Loss: 23.362 ; Acc: 44.249
2018-09-19 14:26:21,107:INFO: [TRAIN] Step: 986 ; Loss: 20.613 ; Acc: 44.259
2018-09-19 14:26:21,205:INFO: [TRAIN] Step: 987 ; Loss: 20.347 ; Acc: 44.277
2018-09-19 14:26:21,299:INFO: [TRAIN] Step: 988 ; Loss: 26.293 ; Acc: 44.279
2018-09-19 14:26:21,396:INFO: [TRAIN] Step: 989 ; Loss: 25.008 ; Acc: 44.297
2018-09-19 14:26:21,487:INFO: [TRAIN] Step: 990 ; Loss: 27.413 ; Acc: 44.294
2018-09-19 14:26:21,584:INFO: [TRAIN] Step: 991 ; Loss: 22.948 ; Acc: 44.300
2018-09-19 14:26:21,675:INFO: [TRAIN] Step: 992 ; Loss: 27.404 ; Acc: 44.310
2018-09-19 14:26:21,771:INFO: [TRAIN] Step: 993 ; Loss: 22.722 ; Acc: 44.316
2018-09-19 14:26:21,865:INFO: [TRAIN] Step: 994 ; Loss: 29.342 ; Acc: 44.322
2018-09-19 14:26:21,961:INFO: [TRAIN] Step: 995 ; Loss: 20.779 ; Acc: 44.340
2018-09-19 14:26:22,053:INFO: [TRAIN] Step: 996 ; Loss: 28.979 ; Acc: 44.325
2018-09-19 14:26:22,151:INFO: [TRAIN] Step: 997 ; Loss: 22.797 ; Acc: 44.339
2018-09-19 14:26:22,243:INFO: [TRAIN] Step: 998 ; Loss: 28.176 ; Acc: 44.336
2018-09-19 14:26:22,337:INFO: [TRAIN] Step: 999 ; Loss: 26.219 ; Acc: 44.354
2018-09-19 14:26:22,429:INFO: [TRAIN] Step: 1000 ; Loss: 22.732 ; Acc: 44.372
2018-09-19 14:26:22,524:INFO: [TRAIN] Step: 1001 ; Loss: 23.327 ; Acc: 44.403
2018-09-19 14:26:22,615:INFO: [TRAIN] Step: 1002 ; Loss: 23.738 ; Acc: 44.413
2018-09-19 14:26:22,713:INFO: [TRAIN] Step: 1003 ; Loss: 25.213 ; Acc: 44.410
2018-09-19 14:26:22,804:INFO: [TRAIN] Step: 1004 ; Loss: 25.800 ; Acc: 44.411
2018-09-19 14:26:22,898:INFO: [TRAIN] Step: 1005 ; Loss: 30.945 ; Acc: 44.400
2018-09-19 14:26:22,986:INFO: [TRAIN] Step: 1006 ; Loss: 27.575 ; Acc: 44.402
2018-09-19 14:26:23,084:INFO: [TRAIN] Step: 1007 ; Loss: 24.840 ; Acc: 44.399
2018-09-19 14:26:23,178:INFO: [TRAIN] Step: 1008 ; Loss: 27.029 ; Acc: 44.396
2018-09-19 14:26:23,273:INFO: [TRAIN] Step: 1009 ; Loss: 23.442 ; Acc: 44.398
2018-09-19 14:26:23,361:INFO: [TRAIN] Step: 1010 ; Loss: 27.414 ; Acc: 44.383
2018-09-19 14:26:23,456:INFO: [TRAIN] Step: 1011 ; Loss: 21.721 ; Acc: 44.388
2018-09-19 14:26:23,547:INFO: [TRAIN] Step: 1012 ; Loss: 22.852 ; Acc: 44.398
2018-09-19 14:26:23,643:INFO: [TRAIN] Step: 1013 ; Loss: 22.149 ; Acc: 44.412
2018-09-19 14:26:23,735:INFO: [TRAIN] Step: 1014 ; Loss: 23.513 ; Acc: 44.446
2018-09-19 14:26:23,829:INFO: [TRAIN] Step: 1015 ; Loss: 27.050 ; Acc: 44.443
2018-09-19 14:26:23,917:INFO: [TRAIN] Step: 1016 ; Loss: 22.139 ; Acc: 44.453
2018-09-19 14:26:24,015:INFO: [TRAIN] Step: 1017 ; Loss: 24.634 ; Acc: 44.454
2018-09-19 14:26:24,107:INFO: [TRAIN] Step: 1018 ; Loss: 24.339 ; Acc: 44.459
2018-09-19 14:26:24,201:INFO: [TRAIN] Step: 1019 ; Loss: 23.997 ; Acc: 44.457
2018-09-19 14:26:24,294:INFO: [TRAIN] Step: 1020 ; Loss: 25.157 ; Acc: 44.462
2018-09-19 14:26:24,391:INFO: [TRAIN] Step: 1021 ; Loss: 25.343 ; Acc: 44.468
2018-09-19 14:26:24,482:INFO: [TRAIN] Step: 1022 ; Loss: 20.377 ; Acc: 44.473
2018-09-19 14:26:24,577:INFO: [TRAIN] Step: 1023 ; Loss: 29.924 ; Acc: 44.458
2018-09-19 14:26:24,666:INFO: [TRAIN] Step: 1024 ; Loss: 20.018 ; Acc: 44.476
2018-09-19 14:26:24,762:INFO: [TRAIN] Step: 1025 ; Loss: 24.792 ; Acc: 44.489
2018-09-19 14:26:24,853:INFO: [TRAIN] Step: 1026 ; Loss: 24.662 ; Acc: 44.494
2018-09-19 14:26:24,947:INFO: [TRAIN] Step: 1027 ; Loss: 29.883 ; Acc: 44.504
2018-09-19 14:26:25,041:INFO: [TRAIN] Step: 1028 ; Loss: 24.107 ; Acc: 44.513
2018-09-19 14:26:25,140:INFO: [TRAIN] Step: 1029 ; Loss: 28.809 ; Acc: 44.502
2018-09-19 14:26:25,232:INFO: [TRAIN] Step: 1030 ; Loss: 22.996 ; Acc: 44.508
2018-09-19 14:26:25,333:INFO: [TRAIN] Step: 1031 ; Loss: 24.835 ; Acc: 44.517
2018-09-19 14:26:25,424:INFO: [TRAIN] Step: 1032 ; Loss: 22.685 ; Acc: 44.535
2018-09-19 14:26:25,521:INFO: [TRAIN] Step: 1033 ; Loss: 24.910 ; Acc: 44.540
2018-09-19 14:26:25,607:INFO: [TRAIN] Step: 1034 ; Loss: 23.390 ; Acc: 44.557
2018-09-19 14:26:25,706:INFO: [TRAIN] Step: 1035 ; Loss: 24.307 ; Acc: 44.574
2018-09-19 14:26:25,794:INFO: [TRAIN] Step: 1036 ; Loss: 24.922 ; Acc: 44.580
2018-09-19 14:26:25,892:INFO: [TRAIN] Step: 1037 ; Loss: 29.266 ; Acc: 44.593
2018-09-19 14:26:25,979:INFO: [TRAIN] Step: 1038 ; Loss: 24.945 ; Acc: 44.610
2018-09-19 14:26:26,078:INFO: [TRAIN] Step: 1039 ; Loss: 25.998 ; Acc: 44.607
2018-09-19 14:26:26,170:INFO: [TRAIN] Step: 1040 ; Loss: 20.246 ; Acc: 44.629
2018-09-19 14:26:26,266:INFO: [TRAIN] Step: 1041 ; Loss: 18.767 ; Acc: 44.650
2018-09-19 14:26:26,356:INFO: [TRAIN] Step: 1042 ; Loss: 19.961 ; Acc: 44.659
2018-09-19 14:26:26,454:INFO: [TRAIN] Step: 1043 ; Loss: 17.054 ; Acc: 44.688
2018-09-19 14:26:26,541:INFO: [TRAIN] Step: 1044 ; Loss: 22.285 ; Acc: 44.705
2018-09-19 14:26:26,640:INFO: [TRAIN] Step: 1045 ; Loss: 21.465 ; Acc: 44.718
2018-09-19 14:26:26,728:INFO: [TRAIN] Step: 1046 ; Loss: 26.283 ; Acc: 44.731
2018-09-19 14:26:26,826:INFO: [TRAIN] Step: 1047 ; Loss: 21.645 ; Acc: 44.744
2018-09-19 14:26:26,917:INFO: [TRAIN] Step: 1048 ; Loss: 22.742 ; Acc: 44.753
2018-09-19 14:26:27,012:INFO: [TRAIN] Step: 1049 ; Loss: 20.160 ; Acc: 44.766
2018-09-19 14:26:27,105:INFO: [TRAIN] Step: 1050 ; Loss: 22.669 ; Acc: 44.771
2018-09-19 14:26:27,203:INFO: [TRAIN] Step: 1051 ; Loss: 27.408 ; Acc: 44.776
2018-09-19 14:26:27,292:INFO: [TRAIN] Step: 1052 ; Loss: 23.356 ; Acc: 44.781
2018-09-19 14:26:27,388:INFO: [TRAIN] Step: 1053 ; Loss: 24.212 ; Acc: 44.794
2018-09-19 14:26:27,481:INFO: [TRAIN] Step: 1054 ; Loss: 25.369 ; Acc: 44.791
2018-09-19 14:26:27,577:INFO: [TRAIN] Step: 1055 ; Loss: 25.205 ; Acc: 44.780
2018-09-19 14:26:27,670:INFO: [TRAIN] Step: 1056 ; Loss: 24.128 ; Acc: 44.781
2018-09-19 14:26:27,768:INFO: [TRAIN] Step: 1057 ; Loss: 24.700 ; Acc: 44.782
2018-09-19 14:26:27,855:INFO: [TRAIN] Step: 1058 ; Loss: 22.409 ; Acc: 44.791
2018-09-19 14:26:27,952:INFO: [TRAIN] Step: 1059 ; Loss: 23.561 ; Acc: 44.796
2018-09-19 14:26:28,039:INFO: [TRAIN] Step: 1060 ; Loss: 24.886 ; Acc: 44.793
2018-09-19 14:26:28,134:INFO: [TRAIN] Step: 1061 ; Loss: 21.343 ; Acc: 44.801
2018-09-19 14:26:28,233:INFO: [TRAIN] Step: 1062 ; Loss: 23.093 ; Acc: 44.810
2018-09-19 14:26:28,331:INFO: [TRAIN] Step: 1063 ; Loss: 20.201 ; Acc: 44.827
2018-09-19 14:26:28,417:INFO: [TRAIN] Step: 1064 ; Loss: 22.162 ; Acc: 44.840
2018-09-19 14:26:28,514:INFO: [TRAIN] Step: 1065 ; Loss: 20.076 ; Acc: 44.856
2018-09-19 14:26:28,603:INFO: [TRAIN] Step: 1066 ; Loss: 21.516 ; Acc: 44.861
2018-09-19 14:26:28,702:INFO: [TRAIN] Step: 1067 ; Loss: 25.427 ; Acc: 44.870
2018-09-19 14:26:28,795:INFO: [TRAIN] Step: 1068 ; Loss: 23.149 ; Acc: 44.878
2018-09-19 14:26:28,889:INFO: [TRAIN] Step: 1069 ; Loss: 24.798 ; Acc: 44.887
2018-09-19 14:26:28,982:INFO: [TRAIN] Step: 1070 ; Loss: 20.219 ; Acc: 44.900
2018-09-19 14:26:29,081:INFO: [TRAIN] Step: 1071 ; Loss: 25.469 ; Acc: 44.893
2018-09-19 14:26:29,171:INFO: [TRAIN] Step: 1072 ; Loss: 25.781 ; Acc: 44.905
2018-09-19 14:26:29,267:INFO: [TRAIN] Step: 1073 ; Loss: 24.620 ; Acc: 44.906
2018-09-19 14:26:29,358:INFO: [TRAIN] Step: 1074 ; Loss: 26.032 ; Acc: 44.915
2018-09-19 14:26:29,453:INFO: [TRAIN] Step: 1075 ; Loss: 19.198 ; Acc: 44.939
2018-09-19 14:26:29,545:INFO: [TRAIN] Step: 1076 ; Loss: 24.537 ; Acc: 44.944
2018-09-19 14:26:29,643:INFO: [TRAIN] Step: 1077 ; Loss: 20.616 ; Acc: 44.960
2018-09-19 14:26:29,735:INFO: [TRAIN] Step: 1078 ; Loss: 19.732 ; Acc: 44.964
2018-09-19 14:26:29,834:INFO: [TRAIN] Step: 1079 ; Loss: 25.381 ; Acc: 44.958
2018-09-19 14:26:29,926:INFO: [TRAIN] Step: 1080 ; Loss: 21.692 ; Acc: 44.955
2018-09-19 14:26:30,019:INFO: [TRAIN] Step: 1081 ; Loss: 23.587 ; Acc: 44.967
2018-09-19 14:26:30,112:INFO: [TRAIN] Step: 1082 ; Loss: 28.528 ; Acc: 44.964
2018-09-19 14:26:30,213:INFO: [TRAIN] Step: 1083 ; Loss: 21.380 ; Acc: 44.988
2018-09-19 14:26:30,303:INFO: [TRAIN] Step: 1084 ; Loss: 20.535 ; Acc: 44.996
2018-09-19 14:26:30,402:INFO: [TRAIN] Step: 1085 ; Loss: 20.903 ; Acc: 45.008
2018-09-19 14:26:30,497:INFO: [TRAIN] Step: 1086 ; Loss: 25.068 ; Acc: 45.009
2018-09-19 14:26:30,598:INFO: [TRAIN] Step: 1087 ; Loss: 29.136 ; Acc: 45.018
2018-09-19 14:26:30,690:INFO: [TRAIN] Step: 1088 ; Loss: 21.898 ; Acc: 45.030
2018-09-19 14:26:30,784:INFO: [TRAIN] Step: 1089 ; Loss: 21.356 ; Acc: 45.050
2018-09-19 14:26:30,876:INFO: [TRAIN] Step: 1090 ; Loss: 26.429 ; Acc: 45.058
2018-09-19 14:26:30,971:INFO: [TRAIN] Step: 1091 ; Loss: 28.774 ; Acc: 45.043
2018-09-19 14:26:31,062:INFO: [TRAIN] Step: 1092 ; Loss: 22.389 ; Acc: 45.067
2018-09-19 14:26:31,159:INFO: [TRAIN] Step: 1093 ; Loss: 24.850 ; Acc: 45.064
2018-09-19 14:26:31,249:INFO: [TRAIN] Step: 1094 ; Loss: 28.894 ; Acc: 45.057
2018-09-19 14:26:31,346:INFO: [TRAIN] Step: 1095 ; Loss: 21.729 ; Acc: 45.065
2018-09-19 14:26:31,438:INFO: [TRAIN] Step: 1096 ; Loss: 21.551 ; Acc: 45.085
2018-09-19 14:26:31,533:INFO: [TRAIN] Step: 1097 ; Loss: 25.717 ; Acc: 45.090
2018-09-19 14:26:31,625:INFO: [TRAIN] Step: 1098 ; Loss: 23.775 ; Acc: 45.083
2018-09-19 14:26:31,724:INFO: [TRAIN] Step: 1099 ; Loss: 23.634 ; Acc: 45.083
2018-09-19 14:26:31,816:INFO: [TRAIN] Step: 1100 ; Loss: 24.163 ; Acc: 45.088
2018-09-19 14:26:31,915:INFO: [TRAIN] Step: 1101 ; Loss: 20.966 ; Acc: 45.104
2018-09-19 14:26:32,004:INFO: [TRAIN] Step: 1102 ; Loss: 22.758 ; Acc: 45.104
2018-09-19 14:26:32,099:INFO: [TRAIN] Step: 1103 ; Loss: 23.367 ; Acc: 45.109
2018-09-19 14:26:32,193:INFO: [TRAIN] Step: 1104 ; Loss: 23.711 ; Acc: 45.121
2018-09-19 14:26:32,288:INFO: [TRAIN] Step: 1105 ; Loss: 20.750 ; Acc: 45.133
2018-09-19 14:26:32,380:INFO: [TRAIN] Step: 1106 ; Loss: 22.834 ; Acc: 45.145
2018-09-19 14:26:32,479:INFO: [TRAIN] Step: 1107 ; Loss: 22.622 ; Acc: 45.141
2018-09-19 14:26:32,571:INFO: [TRAIN] Step: 1108 ; Loss: 30.078 ; Acc: 45.138
2018-09-19 14:26:32,676:INFO: [TRAIN] Step: 1109 ; Loss: 19.268 ; Acc: 45.158
2018-09-19 14:26:32,766:INFO: [TRAIN] Step: 1110 ; Loss: 23.454 ; Acc: 45.166
2018-09-19 14:26:32,863:INFO: [TRAIN] Step: 1111 ; Loss: 25.261 ; Acc: 45.181
2018-09-19 14:26:32,955:INFO: [TRAIN] Step: 1112 ; Loss: 23.984 ; Acc: 45.178
2018-09-19 14:26:33,054:INFO: [TRAIN] Step: 1113 ; Loss: 22.475 ; Acc: 45.194
2018-09-19 14:26:33,144:INFO: [TRAIN] Step: 1114 ; Loss: 25.737 ; Acc: 45.183
2018-09-19 14:26:33,242:INFO: [TRAIN] Step: 1115 ; Loss: 24.489 ; Acc: 45.195
2018-09-19 14:26:33,338:INFO: [TRAIN] Step: 1116 ; Loss: 25.099 ; Acc: 45.192
2018-09-19 14:26:33,434:INFO: [TRAIN] Step: 1117 ; Loss: 24.012 ; Acc: 45.189
2018-09-19 14:26:33,528:INFO: [TRAIN] Step: 1118 ; Loss: 28.245 ; Acc: 45.193
2018-09-19 14:26:33,627:INFO: [TRAIN] Step: 1119 ; Loss: 25.714 ; Acc: 45.190
2018-09-19 14:26:33,721:INFO: [TRAIN] Step: 1120 ; Loss: 24.783 ; Acc: 45.190
2018-09-19 14:26:33,816:INFO: [TRAIN] Step: 1121 ; Loss: 25.441 ; Acc: 45.187
2018-09-19 14:26:33,907:INFO: [TRAIN] Step: 1122 ; Loss: 25.054 ; Acc: 45.188
2018-09-19 14:26:34,006:INFO: [TRAIN] Step: 1123 ; Loss: 22.936 ; Acc: 45.181
2018-09-19 14:26:34,101:INFO: [TRAIN] Step: 1124 ; Loss: 21.137 ; Acc: 45.185
2018-09-19 14:26:34,201:INFO: [TRAIN] Step: 1125 ; Loss: 25.273 ; Acc: 45.186
2018-09-19 14:26:34,291:INFO: [TRAIN] Step: 1126 ; Loss: 21.658 ; Acc: 45.194
2018-09-19 14:26:34,389:INFO: [TRAIN] Step: 1127 ; Loss: 26.074 ; Acc: 45.194
2018-09-19 14:26:34,480:INFO: [TRAIN] Step: 1128 ; Loss: 23.511 ; Acc: 45.199
2018-09-19 14:26:34,578:INFO: [TRAIN] Step: 1129 ; Loss: 16.825 ; Acc: 45.221
2018-09-19 14:26:34,669:INFO: [TRAIN] Step: 1130 ; Loss: 22.218 ; Acc: 45.222
2018-09-19 14:26:34,765:INFO: [TRAIN] Step: 1131 ; Loss: 22.850 ; Acc: 45.237
2018-09-19 14:26:34,854:INFO: [TRAIN] Step: 1132 ; Loss: 24.762 ; Acc: 45.234
2018-09-19 14:26:34,950:INFO: [TRAIN] Step: 1133 ; Loss: 24.701 ; Acc: 45.238
2018-09-19 14:26:35,043:INFO: [TRAIN] Step: 1134 ; Loss: 23.453 ; Acc: 45.242
2018-09-19 14:26:35,145:INFO: [TRAIN] Step: 1135 ; Loss: 23.561 ; Acc: 45.243
2018-09-19 14:26:35,237:INFO: [TRAIN] Step: 1136 ; Loss: 23.711 ; Acc: 45.247
2018-09-19 14:26:35,333:INFO: [TRAIN] Step: 1137 ; Loss: 22.235 ; Acc: 45.258
2018-09-19 14:26:35,424:INFO: [TRAIN] Step: 1138 ; Loss: 18.331 ; Acc: 45.270
2018-09-19 14:26:35,523:INFO: [TRAIN] Step: 1139 ; Loss: 17.600 ; Acc: 45.292
2018-09-19 14:26:35,615:INFO: [TRAIN] Step: 1140 ; Loss: 22.061 ; Acc: 45.311
2018-09-19 14:26:35,715:INFO: [TRAIN] Step: 1141 ; Loss: 18.324 ; Acc: 45.323
2018-09-19 14:26:35,804:INFO: [TRAIN] Step: 1142 ; Loss: 21.674 ; Acc: 45.338
2018-09-19 14:26:35,905:INFO: [TRAIN] Step: 1143 ; Loss: 22.754 ; Acc: 45.349
2018-09-19 14:26:35,997:INFO: [TRAIN] Step: 1144 ; Loss: 24.504 ; Acc: 45.349
2018-09-19 14:26:36,103:INFO: [TRAIN] Step: 1145 ; Loss: 21.810 ; Acc: 45.353
2018-09-19 14:26:36,199:INFO: [TRAIN] Step: 1146 ; Loss: 24.107 ; Acc: 45.350
2018-09-19 14:26:36,300:INFO: [TRAIN] Step: 1147 ; Loss: 23.642 ; Acc: 45.351
2018-09-19 14:26:36,390:INFO: [TRAIN] Step: 1148 ; Loss: 23.182 ; Acc: 45.355
2018-09-19 14:26:36,487:INFO: [TRAIN] Step: 1149 ; Loss: 22.873 ; Acc: 45.366
2018-09-19 14:26:36,580:INFO: [TRAIN] Step: 1150 ; Loss: 25.944 ; Acc: 45.363
2018-09-19 14:26:36,679:INFO: [TRAIN] Step: 1151 ; Loss: 21.520 ; Acc: 45.374
2018-09-19 14:26:36,767:INFO: [TRAIN] Step: 1152 ; Loss: 22.406 ; Acc: 45.374
2018-09-19 14:26:36,863:INFO: [TRAIN] Step: 1153 ; Loss: 28.581 ; Acc: 45.360
2018-09-19 14:26:36,953:INFO: [TRAIN] Step: 1154 ; Loss: 25.966 ; Acc: 45.364
2018-09-19 14:26:37,052:INFO: [TRAIN] Step: 1155 ; Loss: 23.154 ; Acc: 45.372
2018-09-19 14:26:37,145:INFO: [TRAIN] Step: 1156 ; Loss: 28.101 ; Acc: 45.372
2018-09-19 14:26:37,240:INFO: [TRAIN] Step: 1157 ; Loss: 23.707 ; Acc: 45.373
2018-09-19 14:26:37,333:INFO: [TRAIN] Step: 1158 ; Loss: 25.770 ; Acc: 45.377
2018-09-19 14:26:37,430:INFO: [TRAIN] Step: 1159 ; Loss: 22.022 ; Acc: 45.381
2018-09-19 14:26:37,525:INFO: [TRAIN] Step: 1160 ; Loss: 25.431 ; Acc: 45.385
2018-09-19 14:26:37,622:INFO: [TRAIN] Step: 1161 ; Loss: 22.771 ; Acc: 45.392
2018-09-19 14:26:37,715:INFO: [TRAIN] Step: 1162 ; Loss: 25.767 ; Acc: 45.396
2018-09-19 14:26:37,818:INFO: [TRAIN] Step: 1163 ; Loss: 26.110 ; Acc: 45.393
2018-09-19 14:26:37,909:INFO: [TRAIN] Step: 1164 ; Loss: 20.430 ; Acc: 45.408
2018-09-19 14:26:38,007:INFO: [TRAIN] Step: 1165 ; Loss: 26.581 ; Acc: 45.405
2018-09-19 14:26:38,095:INFO: [TRAIN] Step: 1166 ; Loss: 22.369 ; Acc: 45.419
2018-09-19 14:26:38,197:INFO: [TRAIN] Step: 1167 ; Loss: 24.993 ; Acc: 45.423
2018-09-19 14:26:38,285:INFO: [TRAIN] Step: 1168 ; Loss: 24.578 ; Acc: 45.423
2018-09-19 14:26:38,382:INFO: [TRAIN] Step: 1169 ; Loss: 22.337 ; Acc: 45.445
2018-09-19 14:26:38,476:INFO: [TRAIN] Step: 1170 ; Loss: 24.251 ; Acc: 45.438
2018-09-19 14:26:38,574:INFO: [TRAIN] Step: 1171 ; Loss: 22.409 ; Acc: 45.446
2018-09-19 14:26:38,662:INFO: [TRAIN] Step: 1172 ; Loss: 24.678 ; Acc: 45.453
2018-09-19 14:26:38,759:INFO: [TRAIN] Step: 1173 ; Loss: 24.482 ; Acc: 45.464
2018-09-19 14:26:38,851:INFO: [TRAIN] Step: 1174 ; Loss: 22.672 ; Acc: 45.472
2018-09-19 14:26:38,947:INFO: [TRAIN] Step: 1175 ; Loss: 23.169 ; Acc: 45.475
2018-09-19 14:26:39,038:INFO: [TRAIN] Step: 1176 ; Loss: 24.662 ; Acc: 45.476
2018-09-19 14:26:39,137:INFO: [TRAIN] Step: 1177 ; Loss: 23.994 ; Acc: 45.490
2018-09-19 14:26:39,225:INFO: [TRAIN] Step: 1178 ; Loss: 23.392 ; Acc: 45.487
2018-09-19 14:26:39,322:INFO: [TRAIN] Step: 1179 ; Loss: 22.181 ; Acc: 45.498
2018-09-19 14:26:39,413:INFO: [TRAIN] Step: 1180 ; Loss: 21.566 ; Acc: 45.516
2018-09-19 14:26:39,509:INFO: [TRAIN] Step: 1181 ; Loss: 25.701 ; Acc: 45.537
2018-09-19 14:26:39,602:INFO: [TRAIN] Step: 1182 ; Loss: 27.701 ; Acc: 45.537
2018-09-19 14:26:39,701:INFO: [TRAIN] Step: 1183 ; Loss: 23.178 ; Acc: 45.548
2018-09-19 14:26:39,795:INFO: [TRAIN] Step: 1184 ; Loss: 24.612 ; Acc: 45.545
2018-09-19 14:26:39,895:INFO: [TRAIN] Step: 1185 ; Loss: 20.175 ; Acc: 45.556
2018-09-19 14:26:39,987:INFO: [TRAIN] Step: 1186 ; Loss: 23.755 ; Acc: 45.545
2018-09-19 14:26:40,086:INFO: [TRAIN] Step: 1187 ; Loss: 22.164 ; Acc: 45.556
2018-09-19 14:26:40,176:INFO: [TRAIN] Step: 1188 ; Loss: 20.328 ; Acc: 45.563
2018-09-19 14:26:40,276:INFO: [TRAIN] Step: 1189 ; Loss: 27.578 ; Acc: 45.564
2018-09-19 14:26:45,455:INFO: [EVAL] Step: 1190 ; Loss: 0.251 ; Acc: 0.507
