2018-09-19 15:56:47,147:INFO: ### Model ###
LeNet5(
  (convnet): Sequential(
    (0): Conv2d(1, 6, kernel_size=(5, 5), stride=(1, 1))
    (1): ReLU()
    (2): MaxPool2d(kernel_size=(2, 2), stride=2, padding=0, dilation=1, ceil_mode=False)
    (3): Conv2d(6, 16, kernel_size=(5, 5), stride=(1, 1))
    (4): ReLU()
    (5): MaxPool2d(kernel_size=(2, 2), stride=2, padding=0, dilation=1, ceil_mode=False)
    (6): Conv2d(16, 120, kernel_size=(5, 5), stride=(1, 1))
    (7): ReLU()
    (8): Conv2d(120, 240, kernel_size=(5, 5), stride=(1, 1))
    (9): ReLU()
  )
  (fc): Sequential(
    (0): Linear(in_features=240, out_features=84, bias=True)
    (1): ReLU()
    (2): Linear(in_features=84, out_features=10, bias=True)
  )
)
2018-09-19 15:56:47,147:INFO: ### Optimizer ###
Adam (
Parameter Group 0
    amsgrad: False
    betas: (0.9, 0.999)
    eps: 1e-08
    lr: 0.005
    weight_decay: 0
)
2018-09-19 15:56:47,148:INFO: ### HParams ###
n_epochs: 1 ; data: ferplus ; label: ferplus_votes ; batch_size: 24 ; lr: 0.005 ; wd: 0 ; init: kaiming_he ; eval_steps: 1190
2018-09-19 15:56:47,312:INFO: [TRAIN] Step: 0 ; Loss: 46.957 ; Acc: 16.667
2018-09-19 15:56:47,385:INFO: [TRAIN] Step: 1 ; Loss: 127.278 ; Acc: 27.083
2018-09-19 15:56:47,457:INFO: [TRAIN] Step: 2 ; Loss: 66.923 ; Acc: 30.556
2018-09-19 15:56:47,604:INFO: [TRAIN] Step: 3 ; Loss: 35.330 ; Acc: 32.292
2018-09-19 15:56:47,697:INFO: [TRAIN] Step: 4 ; Loss: 45.119 ; Acc: 31.667
2018-09-19 15:56:47,778:INFO: [TRAIN] Step: 5 ; Loss: 34.468 ; Acc: 31.944
2018-09-19 15:56:47,876:INFO: [TRAIN] Step: 6 ; Loss: 35.890 ; Acc: 32.143
2018-09-19 15:56:47,950:INFO: [TRAIN] Step: 7 ; Loss: 35.388 ; Acc: 32.292
2018-09-19 15:56:48,031:INFO: [TRAIN] Step: 8 ; Loss: 31.048 ; Acc: 32.870
2018-09-19 15:56:48,109:INFO: [TRAIN] Step: 9 ; Loss: 33.591 ; Acc: 33.333
2018-09-19 15:56:48,190:INFO: [TRAIN] Step: 10 ; Loss: 43.368 ; Acc: 32.197
2018-09-19 15:56:48,277:INFO: [TRAIN] Step: 11 ; Loss: 34.074 ; Acc: 32.986
2018-09-19 15:56:48,354:INFO: [TRAIN] Step: 12 ; Loss: 30.192 ; Acc: 33.333
2018-09-19 15:56:48,428:INFO: [TRAIN] Step: 13 ; Loss: 38.493 ; Acc: 33.333
2018-09-19 15:56:48,510:INFO: [TRAIN] Step: 14 ; Loss: 36.117 ; Acc: 33.056
2018-09-19 15:56:48,581:INFO: [TRAIN] Step: 15 ; Loss: 29.404 ; Acc: 32.292
2018-09-19 15:56:48,659:INFO: [TRAIN] Step: 16 ; Loss: 32.785 ; Acc: 32.598
2018-09-19 15:56:48,730:INFO: [TRAIN] Step: 17 ; Loss: 30.080 ; Acc: 31.944
2018-09-19 15:56:48,807:INFO: [TRAIN] Step: 18 ; Loss: 29.444 ; Acc: 32.018
2018-09-19 15:56:48,879:INFO: [TRAIN] Step: 19 ; Loss: 30.719 ; Acc: 31.667
2018-09-19 15:56:48,963:INFO: [TRAIN] Step: 20 ; Loss: 29.416 ; Acc: 31.349
2018-09-19 15:56:49,043:INFO: [TRAIN] Step: 21 ; Loss: 27.850 ; Acc: 31.061
2018-09-19 15:56:49,122:INFO: [TRAIN] Step: 22 ; Loss: 28.771 ; Acc: 30.978
2018-09-19 15:56:49,195:INFO: [TRAIN] Step: 23 ; Loss: 30.206 ; Acc: 30.556
2018-09-19 15:56:49,270:INFO: [TRAIN] Step: 24 ; Loss: 32.613 ; Acc: 30.500
2018-09-19 15:56:49,341:INFO: [TRAIN] Step: 25 ; Loss: 31.978 ; Acc: 29.808
2018-09-19 15:56:49,418:INFO: [TRAIN] Step: 26 ; Loss: 29.124 ; Acc: 29.784
2018-09-19 15:56:49,491:INFO: [TRAIN] Step: 27 ; Loss: 27.890 ; Acc: 30.208
2018-09-19 15:56:49,570:INFO: [TRAIN] Step: 28 ; Loss: 29.929 ; Acc: 30.029
2018-09-19 15:56:49,645:INFO: [TRAIN] Step: 29 ; Loss: 31.380 ; Acc: 30.139
2018-09-19 15:56:49,751:INFO: [TRAIN] Step: 30 ; Loss: 34.129 ; Acc: 30.108
2018-09-19 15:56:49,867:INFO: [TRAIN] Step: 31 ; Loss: 28.876 ; Acc: 30.078
2018-09-19 15:56:49,965:INFO: [TRAIN] Step: 32 ; Loss: 28.555 ; Acc: 30.429
2018-09-19 15:56:50,037:INFO: [TRAIN] Step: 33 ; Loss: 26.258 ; Acc: 31.005
2018-09-19 15:56:50,114:INFO: [TRAIN] Step: 34 ; Loss: 30.821 ; Acc: 31.071
2018-09-19 15:56:50,185:INFO: [TRAIN] Step: 35 ; Loss: 31.945 ; Acc: 30.903
2018-09-19 15:56:50,262:INFO: [TRAIN] Step: 36 ; Loss: 30.566 ; Acc: 31.081
2018-09-19 15:56:50,333:INFO: [TRAIN] Step: 37 ; Loss: 26.180 ; Acc: 31.579
2018-09-19 15:56:50,411:INFO: [TRAIN] Step: 38 ; Loss: 30.734 ; Acc: 31.517
2018-09-19 15:56:50,495:INFO: [TRAIN] Step: 39 ; Loss: 23.680 ; Acc: 32.292
2018-09-19 15:56:50,603:INFO: [TRAIN] Step: 40 ; Loss: 28.000 ; Acc: 32.317
2018-09-19 15:56:50,704:INFO: [TRAIN] Step: 41 ; Loss: 29.420 ; Acc: 32.242
2018-09-19 15:56:50,788:INFO: [TRAIN] Step: 42 ; Loss: 24.884 ; Acc: 32.752
2018-09-19 15:56:50,864:INFO: [TRAIN] Step: 43 ; Loss: 24.249 ; Acc: 33.333
2018-09-19 15:56:50,948:INFO: [TRAIN] Step: 44 ; Loss: 26.200 ; Acc: 33.426
2018-09-19 15:56:51,023:INFO: [TRAIN] Step: 45 ; Loss: 24.284 ; Acc: 33.877
2018-09-19 15:56:51,104:INFO: [TRAIN] Step: 46 ; Loss: 32.256 ; Acc: 33.954
2018-09-19 15:56:51,207:INFO: [TRAIN] Step: 47 ; Loss: 30.622 ; Acc: 34.028
2018-09-19 15:56:51,289:INFO: [TRAIN] Step: 48 ; Loss: 30.421 ; Acc: 34.099
2018-09-19 15:56:51,365:INFO: [TRAIN] Step: 49 ; Loss: 30.349 ; Acc: 34.083
2018-09-19 15:56:51,443:INFO: [TRAIN] Step: 50 ; Loss: 26.579 ; Acc: 34.232
2018-09-19 15:56:51,520:INFO: [TRAIN] Step: 51 ; Loss: 23.560 ; Acc: 34.696
2018-09-19 15:56:51,609:INFO: [TRAIN] Step: 52 ; Loss: 30.308 ; Acc: 34.591
2018-09-19 15:56:51,693:INFO: [TRAIN] Step: 53 ; Loss: 28.547 ; Acc: 34.645
2018-09-19 15:56:51,769:INFO: [TRAIN] Step: 54 ; Loss: 30.299 ; Acc: 34.394
2018-09-19 15:56:51,846:INFO: [TRAIN] Step: 55 ; Loss: 24.986 ; Acc: 34.524
2018-09-19 15:56:51,923:INFO: [TRAIN] Step: 56 ; Loss: 25.508 ; Acc: 34.868
2018-09-19 15:56:51,996:INFO: [TRAIN] Step: 57 ; Loss: 30.518 ; Acc: 34.914
2018-09-19 15:56:52,076:INFO: [TRAIN] Step: 58 ; Loss: 28.106 ; Acc: 34.887
2018-09-19 15:56:52,152:INFO: [TRAIN] Step: 59 ; Loss: 25.260 ; Acc: 34.931
2018-09-19 15:56:52,228:INFO: [TRAIN] Step: 60 ; Loss: 29.194 ; Acc: 35.041
2018-09-19 15:56:52,301:INFO: [TRAIN] Step: 61 ; Loss: 29.430 ; Acc: 35.013
2018-09-19 15:56:52,378:INFO: [TRAIN] Step: 62 ; Loss: 30.963 ; Acc: 35.185
2018-09-19 15:56:52,448:INFO: [TRAIN] Step: 63 ; Loss: 27.268 ; Acc: 35.286
2018-09-19 15:56:52,524:INFO: [TRAIN] Step: 64 ; Loss: 31.467 ; Acc: 35.192
2018-09-19 15:56:52,596:INFO: [TRAIN] Step: 65 ; Loss: 27.351 ; Acc: 35.354
2018-09-19 15:56:52,677:INFO: [TRAIN] Step: 66 ; Loss: 29.506 ; Acc: 35.448
2018-09-19 15:56:52,753:INFO: [TRAIN] Step: 67 ; Loss: 27.970 ; Acc: 35.233
2018-09-19 15:56:52,833:INFO: [TRAIN] Step: 68 ; Loss: 27.373 ; Acc: 35.266
2018-09-19 15:56:52,907:INFO: [TRAIN] Step: 69 ; Loss: 24.776 ; Acc: 35.417
2018-09-19 15:56:52,983:INFO: [TRAIN] Step: 70 ; Loss: 27.747 ; Acc: 35.622
2018-09-19 15:56:53,054:INFO: [TRAIN] Step: 71 ; Loss: 28.605 ; Acc: 35.706
2018-09-19 15:56:53,132:INFO: [TRAIN] Step: 72 ; Loss: 27.676 ; Acc: 35.731
2018-09-19 15:56:53,210:INFO: [TRAIN] Step: 73 ; Loss: 27.193 ; Acc: 35.867
2018-09-19 15:56:53,289:INFO: [TRAIN] Step: 74 ; Loss: 29.179 ; Acc: 35.944
2018-09-19 15:56:53,360:INFO: [TRAIN] Step: 75 ; Loss: 25.663 ; Acc: 36.075
2018-09-19 15:56:53,440:INFO: [TRAIN] Step: 76 ; Loss: 27.315 ; Acc: 36.039
2018-09-19 15:56:53,516:INFO: [TRAIN] Step: 77 ; Loss: 29.480 ; Acc: 36.004
2018-09-19 15:56:53,595:INFO: [TRAIN] Step: 78 ; Loss: 24.696 ; Acc: 36.287
2018-09-19 15:56:53,668:INFO: [TRAIN] Step: 79 ; Loss: 26.607 ; Acc: 36.562
2018-09-19 15:56:53,750:INFO: [TRAIN] Step: 80 ; Loss: 28.897 ; Acc: 36.728
2018-09-19 15:56:53,823:INFO: [TRAIN] Step: 81 ; Loss: 35.690 ; Acc: 36.687
2018-09-19 15:56:53,902:INFO: [TRAIN] Step: 82 ; Loss: 24.578 ; Acc: 36.948
2018-09-19 15:56:53,976:INFO: [TRAIN] Step: 83 ; Loss: 23.668 ; Acc: 37.252
2018-09-19 15:56:54,056:INFO: [TRAIN] Step: 84 ; Loss: 27.837 ; Acc: 37.304
2018-09-19 15:56:54,129:INFO: [TRAIN] Step: 85 ; Loss: 30.441 ; Acc: 37.403
2018-09-19 15:56:54,208:INFO: [TRAIN] Step: 86 ; Loss: 24.203 ; Acc: 37.644
2018-09-19 15:56:54,282:INFO: [TRAIN] Step: 87 ; Loss: 29.992 ; Acc: 37.547
2018-09-19 15:56:54,361:INFO: [TRAIN] Step: 88 ; Loss: 29.232 ; Acc: 37.547
2018-09-19 15:56:54,453:INFO: [TRAIN] Step: 89 ; Loss: 27.887 ; Acc: 37.639
2018-09-19 15:56:54,531:INFO: [TRAIN] Step: 90 ; Loss: 27.418 ; Acc: 37.683
2018-09-19 15:56:54,611:INFO: [TRAIN] Step: 91 ; Loss: 23.540 ; Acc: 37.681
2018-09-19 15:56:54,687:INFO: [TRAIN] Step: 92 ; Loss: 25.147 ; Acc: 37.903
2018-09-19 15:56:54,759:INFO: [TRAIN] Step: 93 ; Loss: 31.477 ; Acc: 37.899
2018-09-19 15:56:54,842:INFO: [TRAIN] Step: 94 ; Loss: 23.871 ; Acc: 38.070
2018-09-19 15:56:54,917:INFO: [TRAIN] Step: 95 ; Loss: 32.668 ; Acc: 37.847
2018-09-19 15:56:54,997:INFO: [TRAIN] Step: 96 ; Loss: 26.187 ; Acc: 37.844
2018-09-19 15:56:55,069:INFO: [TRAIN] Step: 97 ; Loss: 23.223 ; Acc: 37.925
2018-09-19 15:56:55,150:INFO: [TRAIN] Step: 98 ; Loss: 28.653 ; Acc: 37.879
2018-09-19 15:56:55,220:INFO: [TRAIN] Step: 99 ; Loss: 26.823 ; Acc: 37.792
2018-09-19 15:56:55,300:INFO: [TRAIN] Step: 100 ; Loss: 22.837 ; Acc: 37.954
2018-09-19 15:56:55,375:INFO: [TRAIN] Step: 101 ; Loss: 28.660 ; Acc: 37.949
2018-09-19 15:56:55,453:INFO: [TRAIN] Step: 102 ; Loss: 24.187 ; Acc: 38.107
2018-09-19 15:56:55,529:INFO: [TRAIN] Step: 103 ; Loss: 26.467 ; Acc: 38.221
2018-09-19 15:56:55,609:INFO: [TRAIN] Step: 104 ; Loss: 26.276 ; Acc: 38.413
2018-09-19 15:56:55,682:INFO: [TRAIN] Step: 105 ; Loss: 27.424 ; Acc: 38.365
2018-09-19 15:56:55,768:INFO: [TRAIN] Step: 106 ; Loss: 29.085 ; Acc: 38.435
2018-09-19 15:56:55,845:INFO: [TRAIN] Step: 107 ; Loss: 27.160 ; Acc: 38.465
2018-09-19 15:56:55,922:INFO: [TRAIN] Step: 108 ; Loss: 25.816 ; Acc: 38.417
2018-09-19 15:56:55,993:INFO: [TRAIN] Step: 109 ; Loss: 27.404 ; Acc: 38.485
2018-09-19 15:56:56,070:INFO: [TRAIN] Step: 110 ; Loss: 21.187 ; Acc: 38.739
2018-09-19 15:56:56,145:INFO: [TRAIN] Step: 111 ; Loss: 25.403 ; Acc: 38.728
2018-09-19 15:56:56,223:INFO: [TRAIN] Step: 112 ; Loss: 28.413 ; Acc: 38.864
2018-09-19 15:56:56,296:INFO: [TRAIN] Step: 113 ; Loss: 24.341 ; Acc: 38.889
2018-09-19 15:56:56,377:INFO: [TRAIN] Step: 114 ; Loss: 26.155 ; Acc: 38.986
2018-09-19 15:56:56,456:INFO: [TRAIN] Step: 115 ; Loss: 28.191 ; Acc: 38.901
2018-09-19 15:56:56,536:INFO: [TRAIN] Step: 116 ; Loss: 23.909 ; Acc: 38.960
2018-09-19 15:56:56,618:INFO: [TRAIN] Step: 117 ; Loss: 26.408 ; Acc: 39.018
2018-09-19 15:56:56,702:INFO: [TRAIN] Step: 118 ; Loss: 29.123 ; Acc: 39.006
2018-09-19 15:56:56,775:INFO: [TRAIN] Step: 119 ; Loss: 31.298 ; Acc: 39.132
2018-09-19 15:56:56,858:INFO: [TRAIN] Step: 120 ; Loss: 21.520 ; Acc: 39.463
2018-09-19 15:56:56,931:INFO: [TRAIN] Step: 121 ; Loss: 29.224 ; Acc: 39.481
2018-09-19 15:56:57,012:INFO: [TRAIN] Step: 122 ; Loss: 24.265 ; Acc: 39.533
2018-09-19 15:56:57,085:INFO: [TRAIN] Step: 123 ; Loss: 29.486 ; Acc: 39.483
2018-09-19 15:56:57,166:INFO: [TRAIN] Step: 124 ; Loss: 22.602 ; Acc: 39.600
2018-09-19 15:56:57,239:INFO: [TRAIN] Step: 125 ; Loss: 22.403 ; Acc: 39.749
2018-09-19 15:56:57,319:INFO: [TRAIN] Step: 126 ; Loss: 27.645 ; Acc: 39.698
2018-09-19 15:56:57,393:INFO: [TRAIN] Step: 127 ; Loss: 27.203 ; Acc: 39.714
2018-09-19 15:56:57,471:INFO: [TRAIN] Step: 128 ; Loss: 31.614 ; Acc: 39.599
2018-09-19 15:56:57,544:INFO: [TRAIN] Step: 129 ; Loss: 27.902 ; Acc: 39.679
2018-09-19 15:56:57,632:INFO: [TRAIN] Step: 130 ; Loss: 26.993 ; Acc: 39.790
2018-09-19 15:56:57,710:INFO: [TRAIN] Step: 131 ; Loss: 25.705 ; Acc: 39.899
2018-09-19 15:56:57,795:INFO: [TRAIN] Step: 132 ; Loss: 24.001 ; Acc: 39.975
2018-09-19 15:56:57,870:INFO: [TRAIN] Step: 133 ; Loss: 25.226 ; Acc: 40.050
2018-09-19 15:56:57,947:INFO: [TRAIN] Step: 134 ; Loss: 23.509 ; Acc: 40.247
2018-09-19 15:56:58,017:INFO: [TRAIN] Step: 135 ; Loss: 26.015 ; Acc: 40.257
2018-09-19 15:56:58,094:INFO: [TRAIN] Step: 136 ; Loss: 26.250 ; Acc: 40.268
2018-09-19 15:56:58,169:INFO: [TRAIN] Step: 137 ; Loss: 27.224 ; Acc: 40.248
2018-09-19 15:56:58,247:INFO: [TRAIN] Step: 138 ; Loss: 27.002 ; Acc: 40.258
2018-09-19 15:56:58,317:INFO: [TRAIN] Step: 139 ; Loss: 22.070 ; Acc: 40.565
2018-09-19 15:56:58,395:INFO: [TRAIN] Step: 140 ; Loss: 31.129 ; Acc: 40.455
2018-09-19 15:56:58,466:INFO: [TRAIN] Step: 141 ; Loss: 30.213 ; Acc: 40.346
2018-09-19 15:56:58,543:INFO: [TRAIN] Step: 142 ; Loss: 25.364 ; Acc: 40.414
2018-09-19 15:56:58,618:INFO: [TRAIN] Step: 143 ; Loss: 25.088 ; Acc: 40.451
2018-09-19 15:56:58,695:INFO: [TRAIN] Step: 144 ; Loss: 26.208 ; Acc: 40.517
2018-09-19 15:56:58,770:INFO: [TRAIN] Step: 145 ; Loss: 28.242 ; Acc: 40.525
2018-09-19 15:56:58,848:INFO: [TRAIN] Step: 146 ; Loss: 27.799 ; Acc: 40.533
2018-09-19 15:56:58,919:INFO: [TRAIN] Step: 147 ; Loss: 29.071 ; Acc: 40.428
2018-09-19 15:56:58,996:INFO: [TRAIN] Step: 148 ; Loss: 28.573 ; Acc: 40.464
2018-09-19 15:56:59,069:INFO: [TRAIN] Step: 149 ; Loss: 27.131 ; Acc: 40.389
2018-09-19 15:56:59,146:INFO: [TRAIN] Step: 150 ; Loss: 26.420 ; Acc: 40.453
2018-09-19 15:56:59,216:INFO: [TRAIN] Step: 151 ; Loss: 30.140 ; Acc: 40.351
2018-09-19 15:56:59,294:INFO: [TRAIN] Step: 152 ; Loss: 25.215 ; Acc: 40.359
2018-09-19 15:56:59,365:INFO: [TRAIN] Step: 153 ; Loss: 28.461 ; Acc: 40.422
2018-09-19 15:56:59,449:INFO: [TRAIN] Step: 154 ; Loss: 23.613 ; Acc: 40.457
2018-09-19 15:56:59,522:INFO: [TRAIN] Step: 155 ; Loss: 26.080 ; Acc: 40.491
2018-09-19 15:56:59,606:INFO: [TRAIN] Step: 156 ; Loss: 22.404 ; Acc: 40.658
2018-09-19 15:56:59,681:INFO: [TRAIN] Step: 157 ; Loss: 22.638 ; Acc: 40.849
2018-09-19 15:56:59,758:INFO: [TRAIN] Step: 158 ; Loss: 24.180 ; Acc: 40.881
2018-09-19 15:56:59,829:INFO: [TRAIN] Step: 159 ; Loss: 21.814 ; Acc: 41.042
2018-09-19 15:56:59,907:INFO: [TRAIN] Step: 160 ; Loss: 26.603 ; Acc: 40.968
2018-09-19 15:56:59,981:INFO: [TRAIN] Step: 161 ; Loss: 33.467 ; Acc: 40.998
2018-09-19 15:57:00,064:INFO: [TRAIN] Step: 162 ; Loss: 19.866 ; Acc: 41.079
2018-09-19 15:57:00,134:INFO: [TRAIN] Step: 163 ; Loss: 21.021 ; Acc: 41.082
2018-09-19 15:57:00,212:INFO: [TRAIN] Step: 164 ; Loss: 26.282 ; Acc: 41.111
2018-09-19 15:57:00,284:INFO: [TRAIN] Step: 165 ; Loss: 26.259 ; Acc: 41.114
2018-09-19 15:57:00,362:INFO: [TRAIN] Step: 166 ; Loss: 22.006 ; Acc: 41.143
2018-09-19 15:57:00,436:INFO: [TRAIN] Step: 167 ; Loss: 23.653 ; Acc: 41.146
2018-09-19 15:57:00,514:INFO: [TRAIN] Step: 168 ; Loss: 26.143 ; Acc: 41.174
2018-09-19 15:57:00,586:INFO: [TRAIN] Step: 169 ; Loss: 29.526 ; Acc: 41.176
2018-09-19 15:57:00,673:INFO: [TRAIN] Step: 170 ; Loss: 32.192 ; Acc: 41.106
2018-09-19 15:57:00,747:INFO: [TRAIN] Step: 171 ; Loss: 25.748 ; Acc: 41.206
2018-09-19 15:57:00,825:INFO: [TRAIN] Step: 172 ; Loss: 30.047 ; Acc: 41.185
2018-09-19 15:57:00,899:INFO: [TRAIN] Step: 173 ; Loss: 23.513 ; Acc: 41.212
2018-09-19 15:57:00,976:INFO: [TRAIN] Step: 174 ; Loss: 27.394 ; Acc: 41.167
2018-09-19 15:57:01,050:INFO: [TRAIN] Step: 175 ; Loss: 28.624 ; Acc: 41.075
2018-09-19 15:57:01,126:INFO: [TRAIN] Step: 176 ; Loss: 30.251 ; Acc: 41.008
2018-09-19 15:57:01,199:INFO: [TRAIN] Step: 177 ; Loss: 28.821 ; Acc: 40.964
2018-09-19 15:57:01,275:INFO: [TRAIN] Step: 178 ; Loss: 29.421 ; Acc: 41.015
2018-09-19 15:57:01,347:INFO: [TRAIN] Step: 179 ; Loss: 27.201 ; Acc: 41.042
2018-09-19 15:57:01,430:INFO: [TRAIN] Step: 180 ; Loss: 30.330 ; Acc: 40.999
2018-09-19 15:57:01,503:INFO: [TRAIN] Step: 181 ; Loss: 26.140 ; Acc: 41.071
2018-09-19 15:57:01,580:INFO: [TRAIN] Step: 182 ; Loss: 26.837 ; Acc: 41.097
2018-09-19 15:57:01,663:INFO: [TRAIN] Step: 183 ; Loss: 24.819 ; Acc: 41.123
2018-09-19 15:57:01,744:INFO: [TRAIN] Step: 184 ; Loss: 29.114 ; Acc: 41.104
2018-09-19 15:57:01,819:INFO: [TRAIN] Step: 185 ; Loss: 23.558 ; Acc: 41.151
2018-09-19 15:57:01,896:INFO: [TRAIN] Step: 186 ; Loss: 27.722 ; Acc: 41.199
2018-09-19 15:57:01,973:INFO: [TRAIN] Step: 187 ; Loss: 27.668 ; Acc: 41.201
2018-09-19 15:57:02,054:INFO: [TRAIN] Step: 188 ; Loss: 23.965 ; Acc: 41.270
2018-09-19 15:57:02,133:INFO: [TRAIN] Step: 189 ; Loss: 22.570 ; Acc: 41.294
2018-09-19 15:57:02,212:INFO: [TRAIN] Step: 190 ; Loss: 28.753 ; Acc: 41.339
2018-09-19 15:57:02,283:INFO: [TRAIN] Step: 191 ; Loss: 26.751 ; Acc: 41.406
2018-09-19 15:57:02,361:INFO: [TRAIN] Step: 192 ; Loss: 22.947 ; Acc: 41.494
2018-09-19 15:57:02,432:INFO: [TRAIN] Step: 193 ; Loss: 24.220 ; Acc: 41.495
2018-09-19 15:57:02,511:INFO: [TRAIN] Step: 194 ; Loss: 24.954 ; Acc: 41.453
2018-09-19 15:57:02,582:INFO: [TRAIN] Step: 195 ; Loss: 25.244 ; Acc: 41.497
2018-09-19 15:57:02,662:INFO: [TRAIN] Step: 196 ; Loss: 24.287 ; Acc: 41.561
2018-09-19 15:57:02,735:INFO: [TRAIN] Step: 197 ; Loss: 27.874 ; Acc: 41.540
2018-09-19 15:57:02,815:INFO: [TRAIN] Step: 198 ; Loss: 26.382 ; Acc: 41.604
2018-09-19 15:57:02,885:INFO: [TRAIN] Step: 199 ; Loss: 20.894 ; Acc: 41.646
2018-09-19 15:57:02,963:INFO: [TRAIN] Step: 200 ; Loss: 21.000 ; Acc: 41.667
2018-09-19 15:57:03,037:INFO: [TRAIN] Step: 201 ; Loss: 23.087 ; Acc: 41.708
2018-09-19 15:57:03,116:INFO: [TRAIN] Step: 202 ; Loss: 22.914 ; Acc: 41.728
2018-09-19 15:57:03,192:INFO: [TRAIN] Step: 203 ; Loss: 24.083 ; Acc: 41.769
2018-09-19 15:57:03,270:INFO: [TRAIN] Step: 204 ; Loss: 21.905 ; Acc: 41.870
2018-09-19 15:57:03,340:INFO: [TRAIN] Step: 205 ; Loss: 21.198 ; Acc: 42.031
2018-09-19 15:57:03,422:INFO: [TRAIN] Step: 206 ; Loss: 29.024 ; Acc: 42.049
2018-09-19 15:57:03,500:INFO: [TRAIN] Step: 207 ; Loss: 31.301 ; Acc: 42.047
2018-09-19 15:57:03,581:INFO: [TRAIN] Step: 208 ; Loss: 24.577 ; Acc: 42.085
2018-09-19 15:57:03,656:INFO: [TRAIN] Step: 209 ; Loss: 24.865 ; Acc: 42.143
2018-09-19 15:57:03,736:INFO: [TRAIN] Step: 210 ; Loss: 38.191 ; Acc: 42.101
2018-09-19 15:57:03,811:INFO: [TRAIN] Step: 211 ; Loss: 26.144 ; Acc: 42.158
2018-09-19 15:57:03,890:INFO: [TRAIN] Step: 212 ; Loss: 24.651 ; Acc: 42.214
2018-09-19 15:57:03,970:INFO: [TRAIN] Step: 213 ; Loss: 22.377 ; Acc: 42.348
2018-09-19 15:57:04,047:INFO: [TRAIN] Step: 214 ; Loss: 23.872 ; Acc: 42.364
2018-09-19 15:57:04,126:INFO: [TRAIN] Step: 215 ; Loss: 28.921 ; Acc: 42.323
2018-09-19 15:57:04,203:INFO: [TRAIN] Step: 216 ; Loss: 24.797 ; Acc: 42.396
2018-09-19 15:57:04,277:INFO: [TRAIN] Step: 217 ; Loss: 25.973 ; Acc: 42.412
2018-09-19 15:57:04,356:INFO: [TRAIN] Step: 218 ; Loss: 24.011 ; Acc: 42.542
2018-09-19 15:57:04,427:INFO: [TRAIN] Step: 219 ; Loss: 21.279 ; Acc: 42.633
2018-09-19 15:57:04,503:INFO: [TRAIN] Step: 220 ; Loss: 22.896 ; Acc: 42.741
2018-09-19 15:57:04,573:INFO: [TRAIN] Step: 221 ; Loss: 28.285 ; Acc: 42.755
2018-09-19 15:57:04,651:INFO: [TRAIN] Step: 222 ; Loss: 28.716 ; Acc: 42.769
2018-09-19 15:57:04,724:INFO: [TRAIN] Step: 223 ; Loss: 23.968 ; Acc: 42.820
2018-09-19 15:57:04,802:INFO: [TRAIN] Step: 224 ; Loss: 24.041 ; Acc: 42.870
2018-09-19 15:57:04,875:INFO: [TRAIN] Step: 225 ; Loss: 29.783 ; Acc: 42.810
2018-09-19 15:57:04,958:INFO: [TRAIN] Step: 226 ; Loss: 30.431 ; Acc: 42.695
2018-09-19 15:57:05,032:INFO: [TRAIN] Step: 227 ; Loss: 27.053 ; Acc: 42.672
2018-09-19 15:57:05,115:INFO: [TRAIN] Step: 228 ; Loss: 24.384 ; Acc: 42.777
2018-09-19 15:57:05,188:INFO: [TRAIN] Step: 229 ; Loss: 22.221 ; Acc: 42.826
2018-09-19 15:57:05,266:INFO: [TRAIN] Step: 230 ; Loss: 25.121 ; Acc: 42.785
2018-09-19 15:57:05,340:INFO: [TRAIN] Step: 231 ; Loss: 22.925 ; Acc: 42.798
2018-09-19 15:57:05,415:INFO: [TRAIN] Step: 232 ; Loss: 25.802 ; Acc: 42.775
2018-09-19 15:57:05,486:INFO: [TRAIN] Step: 233 ; Loss: 24.904 ; Acc: 42.842
2018-09-19 15:57:05,564:INFO: [TRAIN] Step: 234 ; Loss: 24.540 ; Acc: 42.801
2018-09-19 15:57:05,637:INFO: [TRAIN] Step: 235 ; Loss: 25.765 ; Acc: 42.814
2018-09-19 15:57:05,715:INFO: [TRAIN] Step: 236 ; Loss: 24.690 ; Acc: 42.774
2018-09-19 15:57:05,794:INFO: [TRAIN] Step: 237 ; Loss: 26.677 ; Acc: 42.822
2018-09-19 15:57:05,871:INFO: [TRAIN] Step: 238 ; Loss: 30.713 ; Acc: 42.765
2018-09-19 15:57:05,947:INFO: [TRAIN] Step: 239 ; Loss: 28.213 ; Acc: 42.726
2018-09-19 15:57:06,026:INFO: [TRAIN] Step: 240 ; Loss: 25.163 ; Acc: 42.739
2018-09-19 15:57:06,099:INFO: [TRAIN] Step: 241 ; Loss: 25.556 ; Acc: 42.734
2018-09-19 15:57:06,176:INFO: [TRAIN] Step: 242 ; Loss: 25.324 ; Acc: 42.730
2018-09-19 15:57:06,251:INFO: [TRAIN] Step: 243 ; Loss: 24.711 ; Acc: 42.760
2018-09-19 15:57:06,334:INFO: [TRAIN] Step: 244 ; Loss: 22.913 ; Acc: 42.857
2018-09-19 15:57:06,409:INFO: [TRAIN] Step: 245 ; Loss: 23.415 ; Acc: 42.852
2018-09-19 15:57:06,485:INFO: [TRAIN] Step: 246 ; Loss: 25.230 ; Acc: 42.881
2018-09-19 15:57:06,561:INFO: [TRAIN] Step: 247 ; Loss: 24.176 ; Acc: 42.893
2018-09-19 15:57:06,637:INFO: [TRAIN] Step: 248 ; Loss: 24.864 ; Acc: 42.905
2018-09-19 15:57:06,710:INFO: [TRAIN] Step: 249 ; Loss: 29.504 ; Acc: 42.883
2018-09-19 15:57:06,788:INFO: [TRAIN] Step: 250 ; Loss: 23.156 ; Acc: 42.961
2018-09-19 15:57:06,862:INFO: [TRAIN] Step: 251 ; Loss: 27.321 ; Acc: 42.973
2018-09-19 15:57:06,948:INFO: [TRAIN] Step: 252 ; Loss: 27.998 ; Acc: 42.918
2018-09-19 15:57:07,025:INFO: [TRAIN] Step: 253 ; Loss: 21.438 ; Acc: 42.963
2018-09-19 15:57:07,105:INFO: [TRAIN] Step: 254 ; Loss: 27.832 ; Acc: 42.941
2018-09-19 15:57:07,178:INFO: [TRAIN] Step: 255 ; Loss: 24.570 ; Acc: 42.985
2018-09-19 15:57:07,257:INFO: [TRAIN] Step: 256 ; Loss: 29.909 ; Acc: 42.947
2018-09-19 15:57:07,327:INFO: [TRAIN] Step: 257 ; Loss: 24.668 ; Acc: 42.975
2018-09-19 15:57:07,409:INFO: [TRAIN] Step: 258 ; Loss: 23.442 ; Acc: 42.954
2018-09-19 15:57:07,484:INFO: [TRAIN] Step: 259 ; Loss: 27.217 ; Acc: 42.997
2018-09-19 15:57:07,559:INFO: [TRAIN] Step: 260 ; Loss: 28.348 ; Acc: 42.992
2018-09-19 15:57:07,631:INFO: [TRAIN] Step: 261 ; Loss: 26.435 ; Acc: 43.003
2018-09-19 15:57:07,708:INFO: [TRAIN] Step: 262 ; Loss: 27.944 ; Acc: 43.013
2018-09-19 15:57:07,782:INFO: [TRAIN] Step: 263 ; Loss: 27.180 ; Acc: 43.024
2018-09-19 15:57:07,857:INFO: [TRAIN] Step: 264 ; Loss: 28.342 ; Acc: 42.987
2018-09-19 15:57:07,931:INFO: [TRAIN] Step: 265 ; Loss: 28.879 ; Acc: 42.982
2018-09-19 15:57:08,007:INFO: [TRAIN] Step: 266 ; Loss: 25.006 ; Acc: 42.993
2018-09-19 15:57:08,079:INFO: [TRAIN] Step: 267 ; Loss: 26.442 ; Acc: 43.004
2018-09-19 15:57:08,158:INFO: [TRAIN] Step: 268 ; Loss: 19.067 ; Acc: 43.076
2018-09-19 15:57:08,232:INFO: [TRAIN] Step: 269 ; Loss: 25.637 ; Acc: 43.102
2018-09-19 15:57:08,309:INFO: [TRAIN] Step: 270 ; Loss: 28.798 ; Acc: 43.020
2018-09-19 15:57:08,380:INFO: [TRAIN] Step: 271 ; Loss: 34.821 ; Acc: 42.969
2018-09-19 15:57:08,461:INFO: [TRAIN] Step: 272 ; Loss: 24.394 ; Acc: 42.995
2018-09-19 15:57:08,532:INFO: [TRAIN] Step: 273 ; Loss: 19.506 ; Acc: 43.066
2018-09-19 15:57:08,616:INFO: [TRAIN] Step: 274 ; Loss: 28.611 ; Acc: 43.000
2018-09-19 15:57:08,687:INFO: [TRAIN] Step: 275 ; Loss: 27.115 ; Acc: 42.950
2018-09-19 15:57:08,764:INFO: [TRAIN] Step: 276 ; Loss: 25.822 ; Acc: 42.945
2018-09-19 15:57:08,834:INFO: [TRAIN] Step: 277 ; Loss: 20.895 ; Acc: 43.046
2018-09-19 15:57:08,921:INFO: [TRAIN] Step: 278 ; Loss: 31.659 ; Acc: 43.011
2018-09-19 15:57:08,993:INFO: [TRAIN] Step: 279 ; Loss: 23.933 ; Acc: 43.080
2018-09-19 15:57:09,070:INFO: [TRAIN] Step: 280 ; Loss: 31.840 ; Acc: 43.046
2018-09-19 15:57:09,145:INFO: [TRAIN] Step: 281 ; Loss: 21.782 ; Acc: 43.144
2018-09-19 15:57:09,228:INFO: [TRAIN] Step: 282 ; Loss: 28.124 ; Acc: 43.124
2018-09-19 15:57:09,304:INFO: [TRAIN] Step: 283 ; Loss: 22.961 ; Acc: 43.148
2018-09-19 15:57:09,383:INFO: [TRAIN] Step: 284 ; Loss: 26.395 ; Acc: 43.099
2018-09-19 15:57:09,461:INFO: [TRAIN] Step: 285 ; Loss: 31.920 ; Acc: 43.094
2018-09-19 15:57:09,544:INFO: [TRAIN] Step: 286 ; Loss: 25.225 ; Acc: 43.104
2018-09-19 15:57:09,619:INFO: [TRAIN] Step: 287 ; Loss: 25.459 ; Acc: 43.056
2018-09-19 15:57:09,703:INFO: [TRAIN] Step: 288 ; Loss: 24.271 ; Acc: 43.065
2018-09-19 15:57:09,782:INFO: [TRAIN] Step: 289 ; Loss: 29.136 ; Acc: 43.075
2018-09-19 15:57:09,859:INFO: [TRAIN] Step: 290 ; Loss: 26.005 ; Acc: 43.099
2018-09-19 15:57:09,937:INFO: [TRAIN] Step: 291 ; Loss: 25.251 ; Acc: 43.136
2018-09-19 15:57:10,016:INFO: [TRAIN] Step: 292 ; Loss: 20.594 ; Acc: 43.231
2018-09-19 15:57:10,089:INFO: [TRAIN] Step: 293 ; Loss: 23.313 ; Acc: 43.254
2018-09-19 15:57:10,166:INFO: [TRAIN] Step: 294 ; Loss: 23.080 ; Acc: 43.333
2018-09-19 15:57:10,238:INFO: [TRAIN] Step: 295 ; Loss: 25.135 ; Acc: 43.328
2018-09-19 15:57:10,322:INFO: [TRAIN] Step: 296 ; Loss: 29.130 ; Acc: 43.280
2018-09-19 15:57:10,402:INFO: [TRAIN] Step: 297 ; Loss: 23.432 ; Acc: 43.289
2018-09-19 15:57:10,477:INFO: [TRAIN] Step: 298 ; Loss: 22.176 ; Acc: 43.325
2018-09-19 15:57:10,549:INFO: [TRAIN] Step: 299 ; Loss: 24.610 ; Acc: 43.306
2018-09-19 15:57:10,631:INFO: [TRAIN] Step: 300 ; Loss: 20.651 ; Acc: 43.383
2018-09-19 15:57:10,713:INFO: [TRAIN] Step: 301 ; Loss: 28.181 ; Acc: 43.391
2018-09-19 15:57:10,805:INFO: [TRAIN] Step: 302 ; Loss: 20.587 ; Acc: 43.468
2018-09-19 15:57:10,882:INFO: [TRAIN] Step: 303 ; Loss: 21.680 ; Acc: 43.544
2018-09-19 15:57:10,966:INFO: [TRAIN] Step: 304 ; Loss: 26.309 ; Acc: 43.593
2018-09-19 15:57:11,046:INFO: [TRAIN] Step: 305 ; Loss: 24.376 ; Acc: 43.600
2018-09-19 15:57:11,126:INFO: [TRAIN] Step: 306 ; Loss: 23.637 ; Acc: 43.662
2018-09-19 15:57:11,202:INFO: [TRAIN] Step: 307 ; Loss: 26.864 ; Acc: 43.588
2018-09-19 15:57:11,280:INFO: [TRAIN] Step: 308 ; Loss: 22.287 ; Acc: 43.635
2018-09-19 15:57:11,365:INFO: [TRAIN] Step: 309 ; Loss: 20.456 ; Acc: 43.696
2018-09-19 15:57:11,441:INFO: [TRAIN] Step: 310 ; Loss: 27.940 ; Acc: 43.703
2018-09-19 15:57:11,515:INFO: [TRAIN] Step: 311 ; Loss: 26.617 ; Acc: 43.683
2018-09-19 15:57:11,592:INFO: [TRAIN] Step: 312 ; Loss: 30.786 ; Acc: 43.703
2018-09-19 15:57:11,669:INFO: [TRAIN] Step: 313 ; Loss: 23.609 ; Acc: 43.750
2018-09-19 15:57:11,745:INFO: [TRAIN] Step: 314 ; Loss: 24.704 ; Acc: 43.704
2018-09-19 15:57:11,818:INFO: [TRAIN] Step: 315 ; Loss: 27.395 ; Acc: 43.684
2018-09-19 15:57:11,897:INFO: [TRAIN] Step: 316 ; Loss: 17.820 ; Acc: 43.770
2018-09-19 15:57:11,973:INFO: [TRAIN] Step: 317 ; Loss: 23.185 ; Acc: 43.842
2018-09-19 15:57:12,054:INFO: [TRAIN] Step: 318 ; Loss: 20.199 ; Acc: 43.887
2018-09-19 15:57:12,126:INFO: [TRAIN] Step: 319 ; Loss: 25.940 ; Acc: 43.919
2018-09-19 15:57:12,202:INFO: [TRAIN] Step: 320 ; Loss: 24.344 ; Acc: 43.925
2018-09-19 15:57:12,274:INFO: [TRAIN] Step: 321 ; Loss: 23.169 ; Acc: 43.970
2018-09-19 15:57:12,352:INFO: [TRAIN] Step: 322 ; Loss: 26.977 ; Acc: 43.989
2018-09-19 15:57:12,424:INFO: [TRAIN] Step: 323 ; Loss: 20.912 ; Acc: 44.059
2018-09-19 15:57:12,499:INFO: [TRAIN] Step: 324 ; Loss: 25.306 ; Acc: 44.077
2018-09-19 15:57:12,573:INFO: [TRAIN] Step: 325 ; Loss: 24.694 ; Acc: 44.095
2018-09-19 15:57:12,651:INFO: [TRAIN] Step: 326 ; Loss: 23.935 ; Acc: 44.113
2018-09-19 15:57:12,723:INFO: [TRAIN] Step: 327 ; Loss: 29.800 ; Acc: 44.080
2018-09-19 15:57:12,798:INFO: [TRAIN] Step: 328 ; Loss: 26.086 ; Acc: 44.098
2018-09-19 15:57:12,869:INFO: [TRAIN] Step: 329 ; Loss: 21.211 ; Acc: 44.167
2018-09-19 15:57:12,947:INFO: [TRAIN] Step: 330 ; Loss: 21.382 ; Acc: 44.209
2018-09-19 15:57:13,043:INFO: [TRAIN] Step: 331 ; Loss: 25.412 ; Acc: 44.214
2018-09-19 15:57:13,131:INFO: [TRAIN] Step: 332 ; Loss: 31.686 ; Acc: 44.182
2018-09-19 15:57:13,202:INFO: [TRAIN] Step: 333 ; Loss: 26.169 ; Acc: 44.187
2018-09-19 15:57:13,278:INFO: [TRAIN] Step: 334 ; Loss: 24.831 ; Acc: 44.254
2018-09-19 15:57:13,353:INFO: [TRAIN] Step: 335 ; Loss: 31.288 ; Acc: 44.209
2018-09-19 15:57:13,431:INFO: [TRAIN] Step: 336 ; Loss: 23.780 ; Acc: 44.263
2018-09-19 15:57:13,501:INFO: [TRAIN] Step: 337 ; Loss: 28.804 ; Acc: 44.231
2018-09-19 15:57:13,577:INFO: [TRAIN] Step: 338 ; Loss: 24.382 ; Acc: 44.235
2018-09-19 15:57:13,647:INFO: [TRAIN] Step: 339 ; Loss: 25.717 ; Acc: 44.277
2018-09-19 15:57:13,725:INFO: [TRAIN] Step: 340 ; Loss: 28.944 ; Acc: 44.257
2018-09-19 15:57:13,795:INFO: [TRAIN] Step: 341 ; Loss: 22.748 ; Acc: 44.262
2018-09-19 15:57:13,873:INFO: [TRAIN] Step: 342 ; Loss: 29.465 ; Acc: 44.254
2018-09-19 15:57:13,950:INFO: [TRAIN] Step: 343 ; Loss: 19.725 ; Acc: 44.271
2018-09-19 15:57:14,029:INFO: [TRAIN] Step: 344 ; Loss: 17.671 ; Acc: 44.336
2018-09-19 15:57:14,107:INFO: [TRAIN] Step: 345 ; Loss: 21.740 ; Acc: 44.352
2018-09-19 15:57:14,184:INFO: [TRAIN] Step: 346 ; Loss: 23.382 ; Acc: 44.368
2018-09-19 15:57:14,257:INFO: [TRAIN] Step: 347 ; Loss: 22.839 ; Acc: 44.409
2018-09-19 15:57:14,332:INFO: [TRAIN] Step: 348 ; Loss: 25.517 ; Acc: 44.389
2018-09-19 15:57:14,405:INFO: [TRAIN] Step: 349 ; Loss: 23.378 ; Acc: 44.405
2018-09-19 15:57:14,482:INFO: [TRAIN] Step: 350 ; Loss: 23.913 ; Acc: 44.409
2018-09-19 15:57:14,556:INFO: [TRAIN] Step: 351 ; Loss: 24.565 ; Acc: 44.437
2018-09-19 15:57:14,638:INFO: [TRAIN] Step: 352 ; Loss: 26.126 ; Acc: 44.452
2018-09-19 15:57:14,710:INFO: [TRAIN] Step: 353 ; Loss: 23.997 ; Acc: 44.468
2018-09-19 15:57:14,788:INFO: [TRAIN] Step: 354 ; Loss: 25.429 ; Acc: 44.448
2018-09-19 15:57:14,862:INFO: [TRAIN] Step: 355 ; Loss: 24.697 ; Acc: 44.452
2018-09-19 15:57:14,939:INFO: [TRAIN] Step: 356 ; Loss: 27.164 ; Acc: 44.479
2018-09-19 15:57:15,011:INFO: [TRAIN] Step: 357 ; Loss: 20.061 ; Acc: 44.530
2018-09-19 15:57:15,088:INFO: [TRAIN] Step: 358 ; Loss: 24.291 ; Acc: 44.533
2018-09-19 15:57:15,163:INFO: [TRAIN] Step: 359 ; Loss: 25.216 ; Acc: 44.537
2018-09-19 15:57:15,239:INFO: [TRAIN] Step: 360 ; Loss: 22.355 ; Acc: 44.598
2018-09-19 15:57:15,310:INFO: [TRAIN] Step: 361 ; Loss: 25.603 ; Acc: 44.567
2018-09-19 15:57:15,392:INFO: [TRAIN] Step: 362 ; Loss: 22.172 ; Acc: 44.605
2018-09-19 15:57:15,465:INFO: [TRAIN] Step: 363 ; Loss: 26.148 ; Acc: 44.597
2018-09-19 15:57:15,543:INFO: [TRAIN] Step: 364 ; Loss: 30.932 ; Acc: 44.578
2018-09-19 15:57:15,616:INFO: [TRAIN] Step: 365 ; Loss: 23.038 ; Acc: 44.604
2018-09-19 15:57:15,692:INFO: [TRAIN] Step: 366 ; Loss: 21.050 ; Acc: 44.596
2018-09-19 15:57:15,764:INFO: [TRAIN] Step: 367 ; Loss: 24.050 ; Acc: 44.588
2018-09-19 15:57:15,846:INFO: [TRAIN] Step: 368 ; Loss: 21.564 ; Acc: 44.636
2018-09-19 15:57:15,918:INFO: [TRAIN] Step: 369 ; Loss: 22.927 ; Acc: 44.640
2018-09-19 15:57:15,996:INFO: [TRAIN] Step: 370 ; Loss: 18.520 ; Acc: 44.688
2018-09-19 15:57:16,066:INFO: [TRAIN] Step: 371 ; Loss: 21.635 ; Acc: 44.724
2018-09-19 15:57:16,143:INFO: [TRAIN] Step: 372 ; Loss: 25.665 ; Acc: 44.739
2018-09-19 15:57:16,220:INFO: [TRAIN] Step: 373 ; Loss: 26.533 ; Acc: 44.719
2018-09-19 15:57:16,296:INFO: [TRAIN] Step: 374 ; Loss: 22.699 ; Acc: 44.756
2018-09-19 15:57:16,374:INFO: [TRAIN] Step: 375 ; Loss: 27.024 ; Acc: 44.770
2018-09-19 15:57:16,453:INFO: [TRAIN] Step: 376 ; Loss: 26.553 ; Acc: 44.761
2018-09-19 15:57:16,526:INFO: [TRAIN] Step: 377 ; Loss: 24.370 ; Acc: 44.764
2018-09-19 15:57:16,604:INFO: [TRAIN] Step: 378 ; Loss: 19.368 ; Acc: 44.778
2018-09-19 15:57:16,673:INFO: [TRAIN] Step: 379 ; Loss: 26.269 ; Acc: 44.781
2018-09-19 15:57:16,752:INFO: [TRAIN] Step: 380 ; Loss: 30.553 ; Acc: 44.773
2018-09-19 15:57:16,826:INFO: [TRAIN] Step: 381 ; Loss: 23.962 ; Acc: 44.808
2018-09-19 15:57:16,905:INFO: [TRAIN] Step: 382 ; Loss: 23.029 ; Acc: 44.822
2018-09-19 15:57:16,978:INFO: [TRAIN] Step: 383 ; Loss: 27.286 ; Acc: 44.792
2018-09-19 15:57:17,055:INFO: [TRAIN] Step: 384 ; Loss: 24.053 ; Acc: 44.816
2018-09-19 15:57:17,127:INFO: [TRAIN] Step: 385 ; Loss: 23.438 ; Acc: 44.819
2018-09-19 15:57:17,205:INFO: [TRAIN] Step: 386 ; Loss: 24.894 ; Acc: 44.832
2018-09-19 15:57:17,277:INFO: [TRAIN] Step: 387 ; Loss: 19.689 ; Acc: 44.856
2018-09-19 15:57:17,356:INFO: [TRAIN] Step: 388 ; Loss: 20.355 ; Acc: 44.912
2018-09-19 15:57:17,432:INFO: [TRAIN] Step: 389 ; Loss: 24.648 ; Acc: 44.893
2018-09-19 15:57:17,511:INFO: [TRAIN] Step: 390 ; Loss: 25.516 ; Acc: 44.896
2018-09-19 15:57:17,591:INFO: [TRAIN] Step: 391 ; Loss: 24.368 ; Acc: 44.898
2018-09-19 15:57:17,669:INFO: [TRAIN] Step: 392 ; Loss: 28.115 ; Acc: 44.879
2018-09-19 15:57:17,740:INFO: [TRAIN] Step: 393 ; Loss: 24.475 ; Acc: 44.892
2018-09-19 15:57:17,817:INFO: [TRAIN] Step: 394 ; Loss: 26.943 ; Acc: 44.863
2018-09-19 15:57:17,895:INFO: [TRAIN] Step: 395 ; Loss: 23.585 ; Acc: 44.865
2018-09-19 15:57:17,975:INFO: [TRAIN] Step: 396 ; Loss: 25.302 ; Acc: 44.920
2018-09-19 15:57:18,047:INFO: [TRAIN] Step: 397 ; Loss: 22.676 ; Acc: 44.902
2018-09-19 15:57:18,128:INFO: [TRAIN] Step: 398 ; Loss: 29.086 ; Acc: 44.893
2018-09-19 15:57:18,205:INFO: [TRAIN] Step: 399 ; Loss: 24.594 ; Acc: 44.875
2018-09-19 15:57:18,282:INFO: [TRAIN] Step: 400 ; Loss: 25.112 ; Acc: 44.857
2018-09-19 15:57:18,357:INFO: [TRAIN] Step: 401 ; Loss: 19.728 ; Acc: 44.900
2018-09-19 15:57:18,437:INFO: [TRAIN] Step: 402 ; Loss: 23.774 ; Acc: 44.944
2018-09-19 15:57:18,513:INFO: [TRAIN] Step: 403 ; Loss: 24.767 ; Acc: 44.988
2018-09-19 15:57:18,593:INFO: [TRAIN] Step: 404 ; Loss: 21.601 ; Acc: 44.990
2018-09-19 15:57:18,668:INFO: [TRAIN] Step: 405 ; Loss: 29.625 ; Acc: 44.961
2018-09-19 15:57:18,751:INFO: [TRAIN] Step: 406 ; Loss: 20.469 ; Acc: 45.004
2018-09-19 15:57:18,821:INFO: [TRAIN] Step: 407 ; Loss: 25.743 ; Acc: 45.016
2018-09-19 15:57:18,903:INFO: [TRAIN] Step: 408 ; Loss: 27.891 ; Acc: 45.018
2018-09-19 15:57:18,977:INFO: [TRAIN] Step: 409 ; Loss: 20.875 ; Acc: 45.041
2018-09-19 15:57:19,058:INFO: [TRAIN] Step: 410 ; Loss: 26.638 ; Acc: 45.073
2018-09-19 15:57:19,130:INFO: [TRAIN] Step: 411 ; Loss: 24.821 ; Acc: 45.065
2018-09-19 15:57:19,206:INFO: [TRAIN] Step: 412 ; Loss: 20.998 ; Acc: 45.107
2018-09-19 15:57:19,277:INFO: [TRAIN] Step: 413 ; Loss: 21.899 ; Acc: 45.149
2018-09-19 15:57:19,354:INFO: [TRAIN] Step: 414 ; Loss: 19.553 ; Acc: 45.231
2018-09-19 15:57:19,429:INFO: [TRAIN] Step: 415 ; Loss: 26.783 ; Acc: 45.222
2018-09-19 15:57:19,509:INFO: [TRAIN] Step: 416 ; Loss: 27.342 ; Acc: 45.244
2018-09-19 15:57:19,579:INFO: [TRAIN] Step: 417 ; Loss: 24.024 ; Acc: 45.235
2018-09-19 15:57:19,655:INFO: [TRAIN] Step: 418 ; Loss: 23.159 ; Acc: 45.276
2018-09-19 15:57:19,729:INFO: [TRAIN] Step: 419 ; Loss: 26.411 ; Acc: 45.268
2018-09-19 15:57:19,806:INFO: [TRAIN] Step: 420 ; Loss: 19.767 ; Acc: 45.299
2018-09-19 15:57:19,879:INFO: [TRAIN] Step: 421 ; Loss: 20.730 ; Acc: 45.350
2018-09-19 15:57:19,957:INFO: [TRAIN] Step: 422 ; Loss: 21.427 ; Acc: 45.390
2018-09-19 15:57:20,029:INFO: [TRAIN] Step: 423 ; Loss: 16.945 ; Acc: 45.421
2018-09-19 15:57:20,105:INFO: [TRAIN] Step: 424 ; Loss: 26.683 ; Acc: 45.441
2018-09-19 15:57:20,178:INFO: [TRAIN] Step: 425 ; Loss: 24.048 ; Acc: 45.462
2018-09-19 15:57:20,258:INFO: [TRAIN] Step: 426 ; Loss: 20.290 ; Acc: 45.492
2018-09-19 15:57:20,330:INFO: [TRAIN] Step: 427 ; Loss: 20.189 ; Acc: 45.541
2018-09-19 15:57:20,408:INFO: [TRAIN] Step: 428 ; Loss: 24.408 ; Acc: 45.552
2018-09-19 15:57:20,481:INFO: [TRAIN] Step: 429 ; Loss: 29.499 ; Acc: 45.523
2018-09-19 15:57:20,562:INFO: [TRAIN] Step: 430 ; Loss: 26.112 ; Acc: 45.505
2018-09-19 15:57:20,636:INFO: [TRAIN] Step: 431 ; Loss: 30.990 ; Acc: 45.505
2018-09-19 15:57:20,717:INFO: [TRAIN] Step: 432 ; Loss: 22.563 ; Acc: 45.525
2018-09-19 15:57:20,792:INFO: [TRAIN] Step: 433 ; Loss: 27.051 ; Acc: 45.507
2018-09-19 15:57:20,873:INFO: [TRAIN] Step: 434 ; Loss: 23.565 ; Acc: 45.508
2018-09-19 15:57:20,950:INFO: [TRAIN] Step: 435 ; Loss: 26.449 ; Acc: 45.528
2018-09-19 15:57:21,027:INFO: [TRAIN] Step: 436 ; Loss: 29.297 ; Acc: 45.519
2018-09-19 15:57:21,102:INFO: [TRAIN] Step: 437 ; Loss: 22.173 ; Acc: 45.519
2018-09-19 15:57:21,179:INFO: [TRAIN] Step: 438 ; Loss: 24.096 ; Acc: 45.539
2018-09-19 15:57:21,250:INFO: [TRAIN] Step: 439 ; Loss: 19.543 ; Acc: 45.597
2018-09-19 15:57:21,329:INFO: [TRAIN] Step: 440 ; Loss: 27.506 ; Acc: 45.578
2018-09-19 15:57:21,400:INFO: [TRAIN] Step: 441 ; Loss: 26.501 ; Acc: 45.598
2018-09-19 15:57:21,478:INFO: [TRAIN] Step: 442 ; Loss: 22.590 ; Acc: 45.608
2018-09-19 15:57:21,554:INFO: [TRAIN] Step: 443 ; Loss: 35.312 ; Acc: 45.580
2018-09-19 15:57:21,630:INFO: [TRAIN] Step: 444 ; Loss: 23.017 ; Acc: 45.571
2018-09-19 15:57:21,702:INFO: [TRAIN] Step: 445 ; Loss: 23.537 ; Acc: 45.553
2018-09-19 15:57:21,778:INFO: [TRAIN] Step: 446 ; Loss: 24.511 ; Acc: 45.563
2018-09-19 15:57:21,849:INFO: [TRAIN] Step: 447 ; Loss: 25.632 ; Acc: 45.573
2018-09-19 15:57:21,925:INFO: [TRAIN] Step: 448 ; Loss: 27.881 ; Acc: 45.573
2018-09-19 15:57:21,998:INFO: [TRAIN] Step: 449 ; Loss: 26.528 ; Acc: 45.602
2018-09-19 15:57:22,081:INFO: [TRAIN] Step: 450 ; Loss: 24.774 ; Acc: 45.630
2018-09-19 15:57:22,153:INFO: [TRAIN] Step: 451 ; Loss: 22.745 ; Acc: 45.649
2018-09-19 15:57:22,231:INFO: [TRAIN] Step: 452 ; Loss: 21.034 ; Acc: 45.695
2018-09-19 15:57:22,304:INFO: [TRAIN] Step: 453 ; Loss: 24.404 ; Acc: 45.668
2018-09-19 15:57:22,385:INFO: [TRAIN] Step: 454 ; Loss: 24.413 ; Acc: 45.687
2018-09-19 15:57:22,459:INFO: [TRAIN] Step: 455 ; Loss: 23.325 ; Acc: 45.687
2018-09-19 15:57:22,538:INFO: [TRAIN] Step: 456 ; Loss: 25.263 ; Acc: 45.687
2018-09-19 15:57:22,613:INFO: [TRAIN] Step: 457 ; Loss: 27.174 ; Acc: 45.688
2018-09-19 15:57:22,691:INFO: [TRAIN] Step: 458 ; Loss: 20.491 ; Acc: 45.688
2018-09-19 15:57:22,762:INFO: [TRAIN] Step: 459 ; Loss: 27.040 ; Acc: 45.679
2018-09-19 15:57:22,839:INFO: [TRAIN] Step: 460 ; Loss: 27.752 ; Acc: 45.671
2018-09-19 15:57:22,916:INFO: [TRAIN] Step: 461 ; Loss: 24.090 ; Acc: 45.671
2018-09-19 15:57:22,997:INFO: [TRAIN] Step: 462 ; Loss: 29.339 ; Acc: 45.653
2018-09-19 15:57:23,079:INFO: [TRAIN] Step: 463 ; Loss: 25.667 ; Acc: 45.672
2018-09-19 15:57:23,158:INFO: [TRAIN] Step: 464 ; Loss: 21.336 ; Acc: 45.717
2018-09-19 15:57:23,237:INFO: [TRAIN] Step: 465 ; Loss: 23.454 ; Acc: 45.744
2018-09-19 15:57:23,314:INFO: [TRAIN] Step: 466 ; Loss: 25.874 ; Acc: 45.735
2018-09-19 15:57:23,386:INFO: [TRAIN] Step: 467 ; Loss: 25.744 ; Acc: 45.709
2018-09-19 15:57:23,463:INFO: [TRAIN] Step: 468 ; Loss: 25.168 ; Acc: 45.718
2018-09-19 15:57:23,545:INFO: [TRAIN] Step: 469 ; Loss: 29.530 ; Acc: 45.754
2018-09-19 15:57:23,627:INFO: [TRAIN] Step: 470 ; Loss: 25.607 ; Acc: 45.736
2018-09-19 15:57:23,700:INFO: [TRAIN] Step: 471 ; Loss: 26.871 ; Acc: 45.736
2018-09-19 15:57:23,783:INFO: [TRAIN] Step: 472 ; Loss: 25.670 ; Acc: 45.728
2018-09-19 15:57:23,857:INFO: [TRAIN] Step: 473 ; Loss: 25.284 ; Acc: 45.737
2018-09-19 15:57:23,940:INFO: [TRAIN] Step: 474 ; Loss: 24.385 ; Acc: 45.754
2018-09-19 15:57:24,018:INFO: [TRAIN] Step: 475 ; Loss: 29.413 ; Acc: 45.746
2018-09-19 15:57:24,105:INFO: [TRAIN] Step: 476 ; Loss: 25.256 ; Acc: 45.755
2018-09-19 15:57:24,188:INFO: [TRAIN] Step: 477 ; Loss: 21.475 ; Acc: 45.798
2018-09-19 15:57:24,266:INFO: [TRAIN] Step: 478 ; Loss: 24.653 ; Acc: 45.833
2018-09-19 15:57:24,343:INFO: [TRAIN] Step: 479 ; Loss: 25.216 ; Acc: 45.842
2018-09-19 15:57:24,423:INFO: [TRAIN] Step: 480 ; Loss: 22.557 ; Acc: 45.868
2018-09-19 15:57:24,498:INFO: [TRAIN] Step: 481 ; Loss: 23.192 ; Acc: 45.885
2018-09-19 15:57:24,585:INFO: [TRAIN] Step: 482 ; Loss: 26.895 ; Acc: 45.902
2018-09-19 15:57:24,658:INFO: [TRAIN] Step: 483 ; Loss: 25.327 ; Acc: 45.894
2018-09-19 15:57:24,737:INFO: [TRAIN] Step: 484 ; Loss: 25.025 ; Acc: 45.893
2018-09-19 15:57:24,812:INFO: [TRAIN] Step: 485 ; Loss: 23.167 ; Acc: 45.910
2018-09-19 15:57:24,892:INFO: [TRAIN] Step: 486 ; Loss: 29.826 ; Acc: 45.910
2018-09-19 15:57:24,980:INFO: [TRAIN] Step: 487 ; Loss: 24.397 ; Acc: 45.919
2018-09-19 15:57:25,065:INFO: [TRAIN] Step: 488 ; Loss: 22.125 ; Acc: 45.927
2018-09-19 15:57:25,137:INFO: [TRAIN] Step: 489 ; Loss: 23.619 ; Acc: 45.944
2018-09-19 15:57:25,219:INFO: [TRAIN] Step: 490 ; Loss: 27.884 ; Acc: 45.910
2018-09-19 15:57:25,292:INFO: [TRAIN] Step: 491 ; Loss: 28.158 ; Acc: 45.926
2018-09-19 15:57:25,369:INFO: [TRAIN] Step: 492 ; Loss: 19.487 ; Acc: 45.960
2018-09-19 15:57:25,443:INFO: [TRAIN] Step: 493 ; Loss: 19.408 ; Acc: 46.002
2018-09-19 15:57:25,537:INFO: [TRAIN] Step: 494 ; Loss: 26.454 ; Acc: 46.010
2018-09-19 15:57:25,613:INFO: [TRAIN] Step: 495 ; Loss: 22.116 ; Acc: 46.027
2018-09-19 15:57:25,694:INFO: [TRAIN] Step: 496 ; Loss: 23.284 ; Acc: 46.035
2018-09-19 15:57:25,791:INFO: [TRAIN] Step: 497 ; Loss: 23.661 ; Acc: 46.026
2018-09-19 15:57:25,872:INFO: [TRAIN] Step: 498 ; Loss: 21.340 ; Acc: 46.025
2018-09-19 15:57:25,945:INFO: [TRAIN] Step: 499 ; Loss: 21.537 ; Acc: 46.067
2018-09-19 15:57:26,028:INFO: [TRAIN] Step: 500 ; Loss: 23.207 ; Acc: 46.066
2018-09-19 15:57:26,111:INFO: [TRAIN] Step: 501 ; Loss: 26.097 ; Acc: 46.066
2018-09-19 15:57:26,195:INFO: [TRAIN] Step: 502 ; Loss: 23.903 ; Acc: 46.082
2018-09-19 15:57:26,266:INFO: [TRAIN] Step: 503 ; Loss: 25.394 ; Acc: 46.073
2018-09-19 15:57:26,344:INFO: [TRAIN] Step: 504 ; Loss: 25.778 ; Acc: 46.081
2018-09-19 15:57:26,414:INFO: [TRAIN] Step: 505 ; Loss: 23.204 ; Acc: 46.097
2018-09-19 15:57:26,493:INFO: [TRAIN] Step: 506 ; Loss: 23.724 ; Acc: 46.105
2018-09-19 15:57:26,564:INFO: [TRAIN] Step: 507 ; Loss: 18.870 ; Acc: 46.153
2018-09-19 15:57:26,641:INFO: [TRAIN] Step: 508 ; Loss: 24.356 ; Acc: 46.161
2018-09-19 15:57:26,717:INFO: [TRAIN] Step: 509 ; Loss: 22.968 ; Acc: 46.168
2018-09-19 15:57:26,803:INFO: [TRAIN] Step: 510 ; Loss: 23.553 ; Acc: 46.176
2018-09-19 15:57:26,885:INFO: [TRAIN] Step: 511 ; Loss: 25.077 ; Acc: 46.151
2018-09-19 15:57:26,974:INFO: [TRAIN] Step: 512 ; Loss: 25.455 ; Acc: 46.142
2018-09-19 15:57:27,059:INFO: [TRAIN] Step: 513 ; Loss: 20.664 ; Acc: 46.190
2018-09-19 15:57:27,147:INFO: [TRAIN] Step: 514 ; Loss: 26.795 ; Acc: 46.189
2018-09-19 15:57:27,223:INFO: [TRAIN] Step: 515 ; Loss: 22.049 ; Acc: 46.205
2018-09-19 15:57:27,302:INFO: [TRAIN] Step: 516 ; Loss: 24.276 ; Acc: 46.204
2018-09-19 15:57:27,373:INFO: [TRAIN] Step: 517 ; Loss: 27.414 ; Acc: 46.195
2018-09-19 15:57:27,457:INFO: [TRAIN] Step: 518 ; Loss: 28.493 ; Acc: 46.187
2018-09-19 15:57:27,529:INFO: [TRAIN] Step: 519 ; Loss: 26.004 ; Acc: 46.210
2018-09-19 15:57:27,605:INFO: [TRAIN] Step: 520 ; Loss: 20.153 ; Acc: 46.241
2018-09-19 15:57:27,677:INFO: [TRAIN] Step: 521 ; Loss: 23.517 ; Acc: 46.256
2018-09-19 15:57:27,756:INFO: [TRAIN] Step: 522 ; Loss: 22.388 ; Acc: 46.287
2018-09-19 15:57:27,832:INFO: [TRAIN] Step: 523 ; Loss: 22.605 ; Acc: 46.271
2018-09-19 15:57:27,916:INFO: [TRAIN] Step: 524 ; Loss: 20.072 ; Acc: 46.310
2018-09-19 15:57:27,991:INFO: [TRAIN] Step: 525 ; Loss: 26.534 ; Acc: 46.309
2018-09-19 15:57:28,068:INFO: [TRAIN] Step: 526 ; Loss: 22.293 ; Acc: 46.324
2018-09-19 15:57:28,142:INFO: [TRAIN] Step: 527 ; Loss: 32.390 ; Acc: 46.315
2018-09-19 15:57:28,218:INFO: [TRAIN] Step: 528 ; Loss: 25.717 ; Acc: 46.337
2018-09-19 15:57:28,291:INFO: [TRAIN] Step: 529 ; Loss: 30.608 ; Acc: 46.305
2018-09-19 15:57:28,370:INFO: [TRAIN] Step: 530 ; Loss: 26.232 ; Acc: 46.304
2018-09-19 15:57:28,443:INFO: [TRAIN] Step: 531 ; Loss: 27.857 ; Acc: 46.288
2018-09-19 15:57:28,521:INFO: [TRAIN] Step: 532 ; Loss: 22.015 ; Acc: 46.295
2018-09-19 15:57:28,593:INFO: [TRAIN] Step: 533 ; Loss: 28.581 ; Acc: 46.294
2018-09-19 15:57:28,671:INFO: [TRAIN] Step: 534 ; Loss: 23.364 ; Acc: 46.308
2018-09-19 15:57:28,754:INFO: [TRAIN] Step: 535 ; Loss: 22.195 ; Acc: 46.308
2018-09-19 15:57:28,836:INFO: [TRAIN] Step: 536 ; Loss: 27.017 ; Acc: 46.291
2018-09-19 15:57:28,908:INFO: [TRAIN] Step: 537 ; Loss: 21.387 ; Acc: 46.314
2018-09-19 15:57:28,987:INFO: [TRAIN] Step: 538 ; Loss: 23.481 ; Acc: 46.313
2018-09-19 15:57:29,058:INFO: [TRAIN] Step: 539 ; Loss: 24.581 ; Acc: 46.327
2018-09-19 15:57:29,135:INFO: [TRAIN] Step: 540 ; Loss: 22.478 ; Acc: 46.334
2018-09-19 15:57:29,206:INFO: [TRAIN] Step: 541 ; Loss: 25.172 ; Acc: 46.356
2018-09-19 15:57:29,283:INFO: [TRAIN] Step: 542 ; Loss: 27.282 ; Acc: 46.355
2018-09-19 15:57:29,355:INFO: [TRAIN] Step: 543 ; Loss: 23.708 ; Acc: 46.362
2018-09-19 15:57:29,435:INFO: [TRAIN] Step: 544 ; Loss: 21.042 ; Acc: 46.353
2018-09-19 15:57:29,511:INFO: [TRAIN] Step: 545 ; Loss: 21.182 ; Acc: 46.375
2018-09-19 15:57:29,588:INFO: [TRAIN] Step: 546 ; Loss: 29.607 ; Acc: 46.344
2018-09-19 15:57:29,667:INFO: [TRAIN] Step: 547 ; Loss: 22.405 ; Acc: 46.350
2018-09-19 15:57:29,753:INFO: [TRAIN] Step: 548 ; Loss: 22.063 ; Acc: 46.380
2018-09-19 15:57:29,827:INFO: [TRAIN] Step: 549 ; Loss: 27.532 ; Acc: 46.356
2018-09-19 15:57:29,906:INFO: [TRAIN] Step: 550 ; Loss: 25.968 ; Acc: 46.363
2018-09-19 15:57:29,976:INFO: [TRAIN] Step: 551 ; Loss: 26.235 ; Acc: 46.347
2018-09-19 15:57:30,051:INFO: [TRAIN] Step: 552 ; Loss: 22.689 ; Acc: 46.368
2018-09-19 15:57:30,122:INFO: [TRAIN] Step: 553 ; Loss: 27.527 ; Acc: 46.367
2018-09-19 15:57:30,198:INFO: [TRAIN] Step: 554 ; Loss: 24.315 ; Acc: 46.359
2018-09-19 15:57:30,273:INFO: [TRAIN] Step: 555 ; Loss: 20.298 ; Acc: 46.388
2018-09-19 15:57:30,351:INFO: [TRAIN] Step: 556 ; Loss: 19.957 ; Acc: 46.417
2018-09-19 15:57:30,423:INFO: [TRAIN] Step: 557 ; Loss: 25.761 ; Acc: 46.431
2018-09-19 15:57:30,503:INFO: [TRAIN] Step: 558 ; Loss: 20.701 ; Acc: 46.459
2018-09-19 15:57:30,580:INFO: [TRAIN] Step: 559 ; Loss: 23.746 ; Acc: 46.503
2018-09-19 15:57:30,658:INFO: [TRAIN] Step: 560 ; Loss: 21.566 ; Acc: 46.531
2018-09-19 15:57:30,730:INFO: [TRAIN] Step: 561 ; Loss: 22.274 ; Acc: 46.523
2018-09-19 15:57:30,820:INFO: [TRAIN] Step: 562 ; Loss: 25.467 ; Acc: 46.529
2018-09-19 15:57:30,892:INFO: [TRAIN] Step: 563 ; Loss: 20.199 ; Acc: 46.572
2018-09-19 15:57:30,974:INFO: [TRAIN] Step: 564 ; Loss: 23.049 ; Acc: 46.600
2018-09-19 15:57:31,047:INFO: [TRAIN] Step: 565 ; Loss: 29.649 ; Acc: 46.577
2018-09-19 15:57:31,127:INFO: [TRAIN] Step: 566 ; Loss: 26.142 ; Acc: 46.576
2018-09-19 15:57:31,201:INFO: [TRAIN] Step: 567 ; Loss: 21.485 ; Acc: 46.626
2018-09-19 15:57:31,283:INFO: [TRAIN] Step: 568 ; Loss: 29.839 ; Acc: 46.610
2018-09-19 15:57:31,355:INFO: [TRAIN] Step: 569 ; Loss: 19.816 ; Acc: 46.637
2018-09-19 15:57:31,436:INFO: [TRAIN] Step: 570 ; Loss: 19.620 ; Acc: 46.651
2018-09-19 15:57:31,507:INFO: [TRAIN] Step: 571 ; Loss: 23.651 ; Acc: 46.642
2018-09-19 15:57:31,589:INFO: [TRAIN] Step: 572 ; Loss: 23.771 ; Acc: 46.640
2018-09-19 15:57:31,664:INFO: [TRAIN] Step: 573 ; Loss: 23.854 ; Acc: 46.639
2018-09-19 15:57:31,740:INFO: [TRAIN] Step: 574 ; Loss: 25.203 ; Acc: 46.652
2018-09-19 15:57:31,814:INFO: [TRAIN] Step: 575 ; Loss: 23.096 ; Acc: 46.672
2018-09-19 15:57:31,891:INFO: [TRAIN] Step: 576 ; Loss: 31.742 ; Acc: 46.635
2018-09-19 15:57:31,964:INFO: [TRAIN] Step: 577 ; Loss: 24.992 ; Acc: 46.655
2018-09-19 15:57:32,040:INFO: [TRAIN] Step: 578 ; Loss: 22.759 ; Acc: 46.682
2018-09-19 15:57:32,114:INFO: [TRAIN] Step: 579 ; Loss: 19.852 ; Acc: 46.695
2018-09-19 15:57:32,191:INFO: [TRAIN] Step: 580 ; Loss: 22.708 ; Acc: 46.701
2018-09-19 15:57:32,262:INFO: [TRAIN] Step: 581 ; Loss: 25.592 ; Acc: 46.692
2018-09-19 15:57:32,339:INFO: [TRAIN] Step: 582 ; Loss: 24.179 ; Acc: 46.691
2018-09-19 15:57:32,412:INFO: [TRAIN] Step: 583 ; Loss: 28.048 ; Acc: 46.668
2018-09-19 15:57:32,491:INFO: [TRAIN] Step: 584 ; Loss: 24.299 ; Acc: 46.660
2018-09-19 15:57:32,562:INFO: [TRAIN] Step: 585 ; Loss: 25.108 ; Acc: 46.637
2018-09-19 15:57:32,639:INFO: [TRAIN] Step: 586 ; Loss: 22.322 ; Acc: 46.635
2018-09-19 15:57:32,710:INFO: [TRAIN] Step: 587 ; Loss: 22.518 ; Acc: 46.641
2018-09-19 15:57:32,787:INFO: [TRAIN] Step: 588 ; Loss: 19.611 ; Acc: 46.689
2018-09-19 15:57:32,863:INFO: [TRAIN] Step: 589 ; Loss: 27.138 ; Acc: 46.681
2018-09-19 15:57:32,942:INFO: [TRAIN] Step: 590 ; Loss: 23.070 ; Acc: 46.701
2018-09-19 15:57:33,016:INFO: [TRAIN] Step: 591 ; Loss: 27.486 ; Acc: 46.692
2018-09-19 15:57:33,094:INFO: [TRAIN] Step: 592 ; Loss: 23.168 ; Acc: 46.691
2018-09-19 15:57:33,167:INFO: [TRAIN] Step: 593 ; Loss: 21.740 ; Acc: 46.696
2018-09-19 15:57:33,248:INFO: [TRAIN] Step: 594 ; Loss: 24.763 ; Acc: 46.702
2018-09-19 15:57:33,319:INFO: [TRAIN] Step: 595 ; Loss: 28.142 ; Acc: 46.672
2018-09-19 15:57:33,396:INFO: [TRAIN] Step: 596 ; Loss: 27.689 ; Acc: 46.671
2018-09-19 15:57:33,474:INFO: [TRAIN] Step: 597 ; Loss: 28.602 ; Acc: 46.676
2018-09-19 15:57:33,551:INFO: [TRAIN] Step: 598 ; Loss: 27.637 ; Acc: 46.661
2018-09-19 15:57:33,627:INFO: [TRAIN] Step: 599 ; Loss: 23.606 ; Acc: 46.667
2018-09-19 15:57:33,707:INFO: [TRAIN] Step: 600 ; Loss: 24.677 ; Acc: 46.679
2018-09-19 15:57:33,778:INFO: [TRAIN] Step: 601 ; Loss: 26.466 ; Acc: 46.643
2018-09-19 15:57:33,861:INFO: [TRAIN] Step: 602 ; Loss: 18.525 ; Acc: 46.683
2018-09-19 15:57:33,934:INFO: [TRAIN] Step: 603 ; Loss: 25.615 ; Acc: 46.682
2018-09-19 15:57:34,011:INFO: [TRAIN] Step: 604 ; Loss: 22.033 ; Acc: 46.694
2018-09-19 15:57:34,084:INFO: [TRAIN] Step: 605 ; Loss: 23.285 ; Acc: 46.707
2018-09-19 15:57:34,162:INFO: [TRAIN] Step: 606 ; Loss: 21.554 ; Acc: 46.733
2018-09-19 15:57:34,242:INFO: [TRAIN] Step: 607 ; Loss: 22.883 ; Acc: 46.752
2018-09-19 15:57:34,320:INFO: [TRAIN] Step: 608 ; Loss: 28.132 ; Acc: 46.736
2018-09-19 15:57:34,395:INFO: [TRAIN] Step: 609 ; Loss: 26.037 ; Acc: 46.728
2018-09-19 15:57:34,469:INFO: [TRAIN] Step: 610 ; Loss: 23.780 ; Acc: 46.733
2018-09-19 15:57:34,541:INFO: [TRAIN] Step: 611 ; Loss: 21.421 ; Acc: 46.752
2018-09-19 15:57:34,617:INFO: [TRAIN] Step: 612 ; Loss: 19.120 ; Acc: 46.771
2018-09-19 15:57:34,690:INFO: [TRAIN] Step: 613 ; Loss: 24.491 ; Acc: 46.770
2018-09-19 15:57:34,768:INFO: [TRAIN] Step: 614 ; Loss: 25.358 ; Acc: 46.789
2018-09-19 15:57:34,841:INFO: [TRAIN] Step: 615 ; Loss: 16.943 ; Acc: 46.814
2018-09-19 15:57:34,918:INFO: [TRAIN] Step: 616 ; Loss: 20.989 ; Acc: 46.833
2018-09-19 15:57:34,992:INFO: [TRAIN] Step: 617 ; Loss: 24.230 ; Acc: 46.845
2018-09-19 15:57:35,068:INFO: [TRAIN] Step: 618 ; Loss: 19.856 ; Acc: 46.863
2018-09-19 15:57:35,141:INFO: [TRAIN] Step: 619 ; Loss: 28.478 ; Acc: 46.862
2018-09-19 15:57:35,219:INFO: [TRAIN] Step: 620 ; Loss: 21.206 ; Acc: 46.853
2018-09-19 15:57:35,291:INFO: [TRAIN] Step: 621 ; Loss: 24.152 ; Acc: 46.845
2018-09-19 15:57:35,369:INFO: [TRAIN] Step: 622 ; Loss: 25.040 ; Acc: 46.850
2018-09-19 15:57:35,449:INFO: [TRAIN] Step: 623 ; Loss: 27.817 ; Acc: 46.835
2018-09-19 15:57:35,528:INFO: [TRAIN] Step: 624 ; Loss: 20.429 ; Acc: 46.873
2018-09-19 15:57:35,601:INFO: [TRAIN] Step: 625 ; Loss: 25.425 ; Acc: 46.878
2018-09-19 15:57:35,678:INFO: [TRAIN] Step: 626 ; Loss: 15.813 ; Acc: 46.923
2018-09-19 15:57:35,753:INFO: [TRAIN] Step: 627 ; Loss: 27.512 ; Acc: 46.915
2018-09-19 15:57:35,835:INFO: [TRAIN] Step: 628 ; Loss: 22.977 ; Acc: 46.920
2018-09-19 15:57:35,912:INFO: [TRAIN] Step: 629 ; Loss: 20.758 ; Acc: 46.938
2018-09-19 15:57:35,990:INFO: [TRAIN] Step: 630 ; Loss: 32.434 ; Acc: 46.929
2018-09-19 15:57:36,065:INFO: [TRAIN] Step: 631 ; Loss: 24.412 ; Acc: 46.941
2018-09-19 15:57:36,146:INFO: [TRAIN] Step: 632 ; Loss: 24.150 ; Acc: 46.939
2018-09-19 15:57:36,217:INFO: [TRAIN] Step: 633 ; Loss: 24.232 ; Acc: 46.957
2018-09-19 15:57:36,295:INFO: [TRAIN] Step: 634 ; Loss: 22.985 ; Acc: 46.969
2018-09-19 15:57:36,368:INFO: [TRAIN] Step: 635 ; Loss: 26.984 ; Acc: 46.973
2018-09-19 15:57:36,447:INFO: [TRAIN] Step: 636 ; Loss: 21.700 ; Acc: 46.991
2018-09-19 15:57:36,518:INFO: [TRAIN] Step: 637 ; Loss: 18.371 ; Acc: 47.015
2018-09-19 15:57:36,598:INFO: [TRAIN] Step: 638 ; Loss: 23.111 ; Acc: 47.014
2018-09-19 15:57:36,669:INFO: [TRAIN] Step: 639 ; Loss: 21.093 ; Acc: 47.018
2018-09-19 15:57:36,749:INFO: [TRAIN] Step: 640 ; Loss: 23.359 ; Acc: 47.042
2018-09-19 15:57:36,822:INFO: [TRAIN] Step: 641 ; Loss: 24.459 ; Acc: 47.060
2018-09-19 15:57:36,899:INFO: [TRAIN] Step: 642 ; Loss: 25.581 ; Acc: 47.065
2018-09-19 15:57:36,970:INFO: [TRAIN] Step: 643 ; Loss: 25.558 ; Acc: 47.063
2018-09-19 15:57:37,049:INFO: [TRAIN] Step: 644 ; Loss: 25.285 ; Acc: 47.061
2018-09-19 15:57:37,122:INFO: [TRAIN] Step: 645 ; Loss: 23.037 ; Acc: 47.059
2018-09-19 15:57:37,198:INFO: [TRAIN] Step: 646 ; Loss: 25.802 ; Acc: 47.038
2018-09-19 15:57:37,270:INFO: [TRAIN] Step: 647 ; Loss: 24.888 ; Acc: 47.049
2018-09-19 15:57:37,348:INFO: [TRAIN] Step: 648 ; Loss: 23.901 ; Acc: 47.060
2018-09-19 15:57:37,420:INFO: [TRAIN] Step: 649 ; Loss: 23.923 ; Acc: 47.058
2018-09-19 15:57:37,496:INFO: [TRAIN] Step: 650 ; Loss: 19.555 ; Acc: 47.088
2018-09-19 15:57:37,571:INFO: [TRAIN] Step: 651 ; Loss: 23.936 ; Acc: 47.086
2018-09-19 15:57:37,651:INFO: [TRAIN] Step: 652 ; Loss: 19.547 ; Acc: 47.097
2018-09-19 15:57:37,727:INFO: [TRAIN] Step: 653 ; Loss: 23.147 ; Acc: 47.114
2018-09-19 15:57:37,803:INFO: [TRAIN] Step: 654 ; Loss: 20.924 ; Acc: 47.131
2018-09-19 15:57:37,881:INFO: [TRAIN] Step: 655 ; Loss: 22.318 ; Acc: 47.161
2018-09-19 15:57:37,962:INFO: [TRAIN] Step: 656 ; Loss: 22.862 ; Acc: 47.191
2018-09-19 15:57:38,041:INFO: [TRAIN] Step: 657 ; Loss: 24.577 ; Acc: 47.195
2018-09-19 15:57:38,119:INFO: [TRAIN] Step: 658 ; Loss: 22.693 ; Acc: 47.212
2018-09-19 15:57:38,198:INFO: [TRAIN] Step: 659 ; Loss: 19.975 ; Acc: 47.210
2018-09-19 15:57:38,278:INFO: [TRAIN] Step: 660 ; Loss: 26.448 ; Acc: 47.208
2018-09-19 15:57:38,355:INFO: [TRAIN] Step: 661 ; Loss: 21.780 ; Acc: 47.231
2018-09-19 15:57:38,431:INFO: [TRAIN] Step: 662 ; Loss: 29.163 ; Acc: 47.216
2018-09-19 15:57:38,504:INFO: [TRAIN] Step: 663 ; Loss: 22.371 ; Acc: 47.220
2018-09-19 15:57:38,580:INFO: [TRAIN] Step: 664 ; Loss: 25.338 ; Acc: 47.231
2018-09-19 15:57:38,653:INFO: [TRAIN] Step: 665 ; Loss: 22.875 ; Acc: 47.228
2018-09-19 15:57:38,734:INFO: [TRAIN] Step: 666 ; Loss: 24.868 ; Acc: 47.214
2018-09-19 15:57:38,807:INFO: [TRAIN] Step: 667 ; Loss: 20.003 ; Acc: 47.237
2018-09-19 15:57:38,885:INFO: [TRAIN] Step: 668 ; Loss: 24.824 ; Acc: 47.241
2018-09-19 15:57:38,957:INFO: [TRAIN] Step: 669 ; Loss: 25.181 ; Acc: 47.257
2018-09-19 15:57:39,034:INFO: [TRAIN] Step: 670 ; Loss: 25.348 ; Acc: 47.262
2018-09-19 15:57:39,107:INFO: [TRAIN] Step: 671 ; Loss: 22.821 ; Acc: 47.259
2018-09-19 15:57:39,184:INFO: [TRAIN] Step: 672 ; Loss: 23.654 ; Acc: 47.257
2018-09-19 15:57:39,257:INFO: [TRAIN] Step: 673 ; Loss: 21.194 ; Acc: 47.274
2018-09-19 15:57:39,335:INFO: [TRAIN] Step: 674 ; Loss: 24.454 ; Acc: 47.284
2018-09-19 15:57:39,408:INFO: [TRAIN] Step: 675 ; Loss: 16.196 ; Acc: 47.319
2018-09-19 15:57:39,484:INFO: [TRAIN] Step: 676 ; Loss: 26.628 ; Acc: 47.317
2018-09-19 15:57:39,555:INFO: [TRAIN] Step: 677 ; Loss: 27.433 ; Acc: 47.327
2018-09-19 15:57:39,632:INFO: [TRAIN] Step: 678 ; Loss: 18.655 ; Acc: 47.331
2018-09-19 15:57:39,705:INFO: [TRAIN] Step: 679 ; Loss: 25.656 ; Acc: 47.335
2018-09-19 15:57:39,782:INFO: [TRAIN] Step: 680 ; Loss: 24.309 ; Acc: 47.332
2018-09-19 15:57:39,860:INFO: [TRAIN] Step: 681 ; Loss: 24.792 ; Acc: 47.324
2018-09-19 15:57:39,939:INFO: [TRAIN] Step: 682 ; Loss: 23.466 ; Acc: 47.334
2018-09-19 15:57:40,012:INFO: [TRAIN] Step: 683 ; Loss: 23.398 ; Acc: 47.326
2018-09-19 15:57:40,094:INFO: [TRAIN] Step: 684 ; Loss: 22.988 ; Acc: 47.330
2018-09-19 15:57:40,167:INFO: [TRAIN] Step: 685 ; Loss: 23.554 ; Acc: 47.340
2018-09-19 15:57:40,244:INFO: [TRAIN] Step: 686 ; Loss: 19.824 ; Acc: 47.356
2018-09-19 15:57:40,318:INFO: [TRAIN] Step: 687 ; Loss: 25.265 ; Acc: 47.353
2018-09-19 15:57:40,397:INFO: [TRAIN] Step: 688 ; Loss: 21.103 ; Acc: 47.375
2018-09-19 15:57:40,470:INFO: [TRAIN] Step: 689 ; Loss: 23.980 ; Acc: 47.385
2018-09-19 15:57:40,548:INFO: [TRAIN] Step: 690 ; Loss: 22.782 ; Acc: 47.395
2018-09-19 15:57:40,621:INFO: [TRAIN] Step: 691 ; Loss: 22.677 ; Acc: 47.387
2018-09-19 15:57:40,701:INFO: [TRAIN] Step: 692 ; Loss: 20.406 ; Acc: 47.397
2018-09-19 15:57:40,777:INFO: [TRAIN] Step: 693 ; Loss: 19.530 ; Acc: 47.418
2018-09-19 15:57:40,856:INFO: [TRAIN] Step: 694 ; Loss: 22.643 ; Acc: 47.428
2018-09-19 15:57:40,930:INFO: [TRAIN] Step: 695 ; Loss: 16.729 ; Acc: 47.456
2018-09-19 15:57:41,016:INFO: [TRAIN] Step: 696 ; Loss: 24.923 ; Acc: 47.465
2018-09-19 15:57:41,094:INFO: [TRAIN] Step: 697 ; Loss: 19.716 ; Acc: 47.487
2018-09-19 15:57:41,177:INFO: [TRAIN] Step: 698 ; Loss: 25.953 ; Acc: 47.485
2018-09-19 15:57:41,250:INFO: [TRAIN] Step: 699 ; Loss: 24.723 ; Acc: 47.482
2018-09-19 15:57:41,332:INFO: [TRAIN] Step: 700 ; Loss: 16.546 ; Acc: 47.510
2018-09-19 15:57:41,410:INFO: [TRAIN] Step: 701 ; Loss: 21.194 ; Acc: 47.501
2018-09-19 15:57:41,493:INFO: [TRAIN] Step: 702 ; Loss: 17.701 ; Acc: 47.511
2018-09-19 15:57:41,569:INFO: [TRAIN] Step: 703 ; Loss: 27.496 ; Acc: 47.502
2018-09-19 15:57:41,651:INFO: [TRAIN] Step: 704 ; Loss: 16.130 ; Acc: 47.535
2018-09-19 15:57:41,730:INFO: [TRAIN] Step: 705 ; Loss: 23.502 ; Acc: 47.533
2018-09-19 15:57:41,820:INFO: [TRAIN] Step: 706 ; Loss: 25.048 ; Acc: 47.554
2018-09-19 15:57:41,901:INFO: [TRAIN] Step: 707 ; Loss: 22.643 ; Acc: 47.546
2018-09-19 15:57:41,985:INFO: [TRAIN] Step: 708 ; Loss: 22.093 ; Acc: 47.555
2018-09-19 15:57:42,074:INFO: [TRAIN] Step: 709 ; Loss: 24.840 ; Acc: 47.553
2018-09-19 15:57:42,164:INFO: [TRAIN] Step: 710 ; Loss: 23.954 ; Acc: 47.556
2018-09-19 15:57:42,243:INFO: [TRAIN] Step: 711 ; Loss: 25.090 ; Acc: 47.560
2018-09-19 15:57:42,334:INFO: [TRAIN] Step: 712 ; Loss: 20.430 ; Acc: 47.557
2018-09-19 15:57:42,417:INFO: [TRAIN] Step: 713 ; Loss: 23.111 ; Acc: 47.561
2018-09-19 15:57:42,509:INFO: [TRAIN] Step: 714 ; Loss: 22.492 ; Acc: 47.570
2018-09-19 15:57:42,593:INFO: [TRAIN] Step: 715 ; Loss: 27.466 ; Acc: 47.568
2018-09-19 15:57:42,682:INFO: [TRAIN] Step: 716 ; Loss: 21.916 ; Acc: 47.577
2018-09-19 15:57:42,770:INFO: [TRAIN] Step: 717 ; Loss: 21.080 ; Acc: 47.580
2018-09-19 15:57:42,863:INFO: [TRAIN] Step: 718 ; Loss: 20.026 ; Acc: 47.578
2018-09-19 15:57:42,951:INFO: [TRAIN] Step: 719 ; Loss: 22.238 ; Acc: 47.593
2018-09-19 15:57:43,048:INFO: [TRAIN] Step: 720 ; Loss: 29.208 ; Acc: 47.602
2018-09-19 15:57:43,136:INFO: [TRAIN] Step: 721 ; Loss: 22.280 ; Acc: 47.605
2018-09-19 15:57:43,232:INFO: [TRAIN] Step: 722 ; Loss: 21.736 ; Acc: 47.608
2018-09-19 15:57:43,323:INFO: [TRAIN] Step: 723 ; Loss: 24.197 ; Acc: 47.612
2018-09-19 15:57:43,424:INFO: [TRAIN] Step: 724 ; Loss: 21.616 ; Acc: 47.626
2018-09-19 15:57:43,524:INFO: [TRAIN] Step: 725 ; Loss: 21.122 ; Acc: 47.635
2018-09-19 15:57:43,632:INFO: [TRAIN] Step: 726 ; Loss: 16.440 ; Acc: 47.650
2018-09-19 15:57:43,731:INFO: [TRAIN] Step: 727 ; Loss: 24.134 ; Acc: 47.659
2018-09-19 15:57:43,835:INFO: [TRAIN] Step: 728 ; Loss: 24.383 ; Acc: 47.651
2018-09-19 15:57:43,944:INFO: [TRAIN] Step: 729 ; Loss: 26.626 ; Acc: 47.654
2018-09-19 15:57:44,054:INFO: [TRAIN] Step: 730 ; Loss: 23.178 ; Acc: 47.657
2018-09-19 15:57:44,152:INFO: [TRAIN] Step: 731 ; Loss: 21.590 ; Acc: 47.683
2018-09-19 15:57:44,264:INFO: [TRAIN] Step: 732 ; Loss: 24.650 ; Acc: 47.686
2018-09-19 15:57:44,372:INFO: [TRAIN] Step: 733 ; Loss: 18.728 ; Acc: 47.712
2018-09-19 15:57:44,487:INFO: [TRAIN] Step: 734 ; Loss: 29.838 ; Acc: 47.693
2018-09-19 15:57:44,597:INFO: [TRAIN] Step: 735 ; Loss: 23.837 ; Acc: 47.713
2018-09-19 15:57:44,715:INFO: [TRAIN] Step: 736 ; Loss: 24.444 ; Acc: 47.710
2018-09-19 15:57:44,832:INFO: [TRAIN] Step: 737 ; Loss: 25.834 ; Acc: 47.702
2018-09-19 15:57:44,955:INFO: [TRAIN] Step: 738 ; Loss: 28.785 ; Acc: 47.694
2018-09-19 15:57:45,076:INFO: [TRAIN] Step: 739 ; Loss: 20.497 ; Acc: 47.720
2018-09-19 15:57:45,201:INFO: [TRAIN] Step: 740 ; Loss: 24.561 ; Acc: 47.711
2018-09-19 15:57:45,326:INFO: [TRAIN] Step: 741 ; Loss: 22.066 ; Acc: 47.715
2018-09-19 15:57:45,449:INFO: [TRAIN] Step: 742 ; Loss: 24.376 ; Acc: 47.723
2018-09-19 15:57:45,574:INFO: [TRAIN] Step: 743 ; Loss: 23.356 ; Acc: 47.715
2018-09-19 15:57:45,703:INFO: [TRAIN] Step: 744 ; Loss: 18.611 ; Acc: 47.752
2018-09-19 15:57:45,827:INFO: [TRAIN] Step: 745 ; Loss: 24.576 ; Acc: 47.749
2018-09-19 15:57:45,956:INFO: [TRAIN] Step: 746 ; Loss: 26.381 ; Acc: 47.741
2018-09-19 15:57:46,085:INFO: [TRAIN] Step: 747 ; Loss: 21.931 ; Acc: 47.750
2018-09-19 15:57:46,219:INFO: [TRAIN] Step: 748 ; Loss: 27.140 ; Acc: 47.753
2018-09-19 15:57:46,351:INFO: [TRAIN] Step: 749 ; Loss: 23.279 ; Acc: 47.728
2018-09-19 15:57:46,480:INFO: [TRAIN] Step: 750 ; Loss: 24.030 ; Acc: 47.731
2018-09-19 15:57:46,615:INFO: [TRAIN] Step: 751 ; Loss: 24.980 ; Acc: 47.706
2018-09-19 15:57:46,751:INFO: [TRAIN] Step: 752 ; Loss: 18.730 ; Acc: 47.731
2018-09-19 15:57:46,887:INFO: [TRAIN] Step: 753 ; Loss: 20.762 ; Acc: 47.751
2018-09-19 15:57:47,027:INFO: [TRAIN] Step: 754 ; Loss: 25.253 ; Acc: 47.743
2018-09-19 15:57:47,165:INFO: [TRAIN] Step: 755 ; Loss: 19.922 ; Acc: 47.762
2018-09-19 15:57:47,301:INFO: [TRAIN] Step: 756 ; Loss: 19.839 ; Acc: 47.771
2018-09-19 15:57:47,443:INFO: [TRAIN] Step: 757 ; Loss: 24.069 ; Acc: 47.774
2018-09-19 15:57:47,596:INFO: [TRAIN] Step: 758 ; Loss: 25.662 ; Acc: 47.771
2018-09-19 15:57:47,741:INFO: [TRAIN] Step: 759 ; Loss: 21.793 ; Acc: 47.769
2018-09-19 15:57:47,880:INFO: [TRAIN] Step: 760 ; Loss: 19.267 ; Acc: 47.804
2018-09-19 15:57:48,019:INFO: [TRAIN] Step: 761 ; Loss: 21.088 ; Acc: 47.835
2018-09-19 15:57:48,161:INFO: [TRAIN] Step: 762 ; Loss: 20.953 ; Acc: 47.848
2018-09-19 15:57:48,306:INFO: [TRAIN] Step: 763 ; Loss: 20.247 ; Acc: 47.868
2018-09-19 15:57:48,459:INFO: [TRAIN] Step: 764 ; Loss: 28.565 ; Acc: 47.870
2018-09-19 15:57:48,607:INFO: [TRAIN] Step: 765 ; Loss: 21.035 ; Acc: 47.900
2018-09-19 15:57:48,756:INFO: [TRAIN] Step: 766 ; Loss: 29.738 ; Acc: 47.892
2018-09-19 15:57:48,897:INFO: [TRAIN] Step: 767 ; Loss: 20.707 ; Acc: 47.895
2018-09-19 15:57:49,045:INFO: [TRAIN] Step: 768 ; Loss: 23.139 ; Acc: 47.914
2018-09-19 15:57:49,195:INFO: [TRAIN] Step: 769 ; Loss: 25.115 ; Acc: 47.911
2018-09-19 15:57:49,338:INFO: [TRAIN] Step: 770 ; Loss: 25.962 ; Acc: 47.919
2018-09-19 15:57:49,479:INFO: [TRAIN] Step: 771 ; Loss: 21.137 ; Acc: 47.944
2018-09-19 15:57:49,620:INFO: [TRAIN] Step: 772 ; Loss: 18.876 ; Acc: 47.936
2018-09-19 15:57:49,771:INFO: [TRAIN] Step: 773 ; Loss: 21.598 ; Acc: 47.949
2018-09-19 15:57:49,915:INFO: [TRAIN] Step: 774 ; Loss: 19.323 ; Acc: 47.973
2018-09-19 15:57:50,059:INFO: [TRAIN] Step: 775 ; Loss: 22.855 ; Acc: 47.992
2018-09-19 15:57:50,207:INFO: [TRAIN] Step: 776 ; Loss: 20.749 ; Acc: 48.000
2018-09-19 15:57:50,356:INFO: [TRAIN] Step: 777 ; Loss: 25.743 ; Acc: 47.997
2018-09-19 15:57:50,502:INFO: [TRAIN] Step: 778 ; Loss: 21.376 ; Acc: 48.010
2018-09-19 15:57:50,646:INFO: [TRAIN] Step: 779 ; Loss: 27.111 ; Acc: 48.007
2018-09-19 15:57:50,794:INFO: [TRAIN] Step: 780 ; Loss: 22.606 ; Acc: 48.015
2018-09-19 15:57:50,935:INFO: [TRAIN] Step: 781 ; Loss: 20.474 ; Acc: 48.045
2018-09-19 15:57:51,078:INFO: [TRAIN] Step: 782 ; Loss: 23.159 ; Acc: 48.042
2018-09-19 15:57:51,222:INFO: [TRAIN] Step: 783 ; Loss: 22.803 ; Acc: 48.039
2018-09-19 15:57:51,369:INFO: [TRAIN] Step: 784 ; Loss: 22.523 ; Acc: 48.047
2018-09-19 15:57:51,510:INFO: [TRAIN] Step: 785 ; Loss: 24.247 ; Acc: 48.060
2018-09-19 15:57:51,655:INFO: [TRAIN] Step: 786 ; Loss: 25.512 ; Acc: 48.068
2018-09-19 15:57:51,802:INFO: [TRAIN] Step: 787 ; Loss: 27.957 ; Acc: 48.075
2018-09-19 15:57:51,947:INFO: [TRAIN] Step: 788 ; Loss: 21.103 ; Acc: 48.083
2018-09-19 15:57:52,095:INFO: [TRAIN] Step: 789 ; Loss: 24.486 ; Acc: 48.080
2018-09-19 15:57:52,237:INFO: [TRAIN] Step: 790 ; Loss: 20.057 ; Acc: 48.083
2018-09-19 15:57:52,386:INFO: [TRAIN] Step: 791 ; Loss: 18.311 ; Acc: 48.096
2018-09-19 15:57:52,529:INFO: [TRAIN] Step: 792 ; Loss: 27.313 ; Acc: 48.082
2018-09-19 15:57:52,680:INFO: [TRAIN] Step: 793 ; Loss: 17.815 ; Acc: 48.106
2018-09-19 15:57:52,824:INFO: [TRAIN] Step: 794 ; Loss: 25.096 ; Acc: 48.087
2018-09-19 15:57:52,977:INFO: [TRAIN] Step: 795 ; Loss: 19.767 ; Acc: 48.116
2018-09-19 15:57:53,120:INFO: [TRAIN] Step: 796 ; Loss: 27.572 ; Acc: 48.134
2018-09-19 15:57:53,262:INFO: [TRAIN] Step: 797 ; Loss: 24.910 ; Acc: 48.141
2018-09-19 15:57:53,405:INFO: [TRAIN] Step: 798 ; Loss: 25.718 ; Acc: 48.138
2018-09-19 15:57:53,560:INFO: [TRAIN] Step: 799 ; Loss: 25.283 ; Acc: 48.130
2018-09-19 15:57:53,713:INFO: [TRAIN] Step: 800 ; Loss: 17.584 ; Acc: 48.153
2018-09-19 15:57:53,867:INFO: [TRAIN] Step: 801 ; Loss: 20.958 ; Acc: 48.166
2018-09-19 15:57:54,014:INFO: [TRAIN] Step: 802 ; Loss: 21.108 ; Acc: 48.174
2018-09-19 15:57:54,154:INFO: [TRAIN] Step: 803 ; Loss: 20.721 ; Acc: 48.186
2018-09-19 15:57:54,301:INFO: [TRAIN] Step: 804 ; Loss: 23.503 ; Acc: 48.209
2018-09-19 15:57:54,451:INFO: [TRAIN] Step: 805 ; Loss: 30.907 ; Acc: 48.196
2018-09-19 15:57:54,595:INFO: [TRAIN] Step: 806 ; Loss: 24.294 ; Acc: 48.198
2018-09-19 15:57:54,750:INFO: [TRAIN] Step: 807 ; Loss: 20.561 ; Acc: 48.205
2018-09-19 15:57:54,902:INFO: [TRAIN] Step: 808 ; Loss: 22.454 ; Acc: 48.213
2018-09-19 15:57:55,048:INFO: [TRAIN] Step: 809 ; Loss: 25.163 ; Acc: 48.215
2018-09-19 15:57:55,203:INFO: [TRAIN] Step: 810 ; Loss: 23.509 ; Acc: 48.233
2018-09-19 15:57:55,358:INFO: [TRAIN] Step: 811 ; Loss: 22.219 ; Acc: 48.230
2018-09-19 15:57:55,514:INFO: [TRAIN] Step: 812 ; Loss: 27.878 ; Acc: 48.232
2018-09-19 15:57:55,662:INFO: [TRAIN] Step: 813 ; Loss: 23.884 ; Acc: 48.234
2018-09-19 15:57:55,811:INFO: [TRAIN] Step: 814 ; Loss: 27.489 ; Acc: 48.226
2018-09-19 15:57:55,965:INFO: [TRAIN] Step: 815 ; Loss: 25.976 ; Acc: 48.238
2018-09-19 15:57:56,109:INFO: [TRAIN] Step: 816 ; Loss: 18.814 ; Acc: 48.251
2018-09-19 15:57:56,252:INFO: [TRAIN] Step: 817 ; Loss: 26.269 ; Acc: 48.227
2018-09-19 15:57:56,396:INFO: [TRAIN] Step: 818 ; Loss: 23.324 ; Acc: 48.235
2018-09-19 15:57:56,547:INFO: [TRAIN] Step: 819 ; Loss: 32.369 ; Acc: 48.216
2018-09-19 15:57:56,693:INFO: [TRAIN] Step: 820 ; Loss: 28.066 ; Acc: 48.203
2018-09-19 15:57:56,835:INFO: [TRAIN] Step: 821 ; Loss: 27.093 ; Acc: 48.195
2018-09-19 15:57:56,985:INFO: [TRAIN] Step: 822 ; Loss: 29.136 ; Acc: 48.182
2018-09-19 15:57:57,128:INFO: [TRAIN] Step: 823 ; Loss: 22.678 ; Acc: 48.195
2018-09-19 15:57:57,277:INFO: [TRAIN] Step: 824 ; Loss: 21.739 ; Acc: 48.207
2018-09-19 15:57:57,422:INFO: [TRAIN] Step: 825 ; Loss: 22.550 ; Acc: 48.199
2018-09-19 15:57:57,573:INFO: [TRAIN] Step: 826 ; Loss: 21.686 ; Acc: 48.206
2018-09-19 15:57:57,714:INFO: [TRAIN] Step: 827 ; Loss: 27.664 ; Acc: 48.193
2018-09-19 15:57:57,866:INFO: [TRAIN] Step: 828 ; Loss: 25.053 ; Acc: 48.201
2018-09-19 15:57:58,009:INFO: [TRAIN] Step: 829 ; Loss: 24.567 ; Acc: 48.213
2018-09-19 15:57:58,156:INFO: [TRAIN] Step: 830 ; Loss: 24.989 ; Acc: 48.210
2018-09-19 15:57:58,298:INFO: [TRAIN] Step: 831 ; Loss: 20.374 ; Acc: 48.212
2018-09-19 15:57:58,444:INFO: [TRAIN] Step: 832 ; Loss: 20.049 ; Acc: 48.229
2018-09-19 15:57:58,586:INFO: [TRAIN] Step: 833 ; Loss: 21.148 ; Acc: 48.246
2018-09-19 15:57:58,737:INFO: [TRAIN] Step: 834 ; Loss: 21.541 ; Acc: 48.253
2018-09-19 15:57:58,890:INFO: [TRAIN] Step: 835 ; Loss: 25.427 ; Acc: 48.251
2018-09-19 15:57:59,043:INFO: [TRAIN] Step: 836 ; Loss: 31.769 ; Acc: 48.238
2018-09-19 15:57:59,196:INFO: [TRAIN] Step: 837 ; Loss: 18.853 ; Acc: 48.270
2018-09-19 15:57:59,346:INFO: [TRAIN] Step: 838 ; Loss: 22.280 ; Acc: 48.262
2018-09-19 15:57:59,491:INFO: [TRAIN] Step: 839 ; Loss: 29.397 ; Acc: 48.249
2018-09-19 15:57:59,638:INFO: [TRAIN] Step: 840 ; Loss: 24.036 ; Acc: 48.241
2018-09-19 15:57:59,782:INFO: [TRAIN] Step: 841 ; Loss: 24.475 ; Acc: 48.248
2018-09-19 15:57:59,930:INFO: [TRAIN] Step: 842 ; Loss: 24.200 ; Acc: 48.265
2018-09-19 15:58:00,076:INFO: [TRAIN] Step: 843 ; Loss: 22.895 ; Acc: 48.282
2018-09-19 15:58:00,224:INFO: [TRAIN] Step: 844 ; Loss: 25.539 ; Acc: 48.279
2018-09-19 15:58:00,367:INFO: [TRAIN] Step: 845 ; Loss: 21.125 ; Acc: 48.291
2018-09-19 15:58:00,509:INFO: [TRAIN] Step: 846 ; Loss: 17.312 ; Acc: 48.308
2018-09-19 15:58:00,653:INFO: [TRAIN] Step: 847 ; Loss: 21.611 ; Acc: 48.315
2018-09-19 15:58:00,805:INFO: [TRAIN] Step: 848 ; Loss: 21.150 ; Acc: 48.317
2018-09-19 15:58:00,946:INFO: [TRAIN] Step: 849 ; Loss: 22.591 ; Acc: 48.324
2018-09-19 15:58:01,091:INFO: [TRAIN] Step: 850 ; Loss: 23.222 ; Acc: 48.321
2018-09-19 15:58:01,238:INFO: [TRAIN] Step: 851 ; Loss: 22.394 ; Acc: 48.332
2018-09-19 15:58:01,386:INFO: [TRAIN] Step: 852 ; Loss: 22.771 ; Acc: 48.334
2018-09-19 15:58:01,528:INFO: [TRAIN] Step: 853 ; Loss: 22.192 ; Acc: 48.341
2018-09-19 15:58:01,676:INFO: [TRAIN] Step: 854 ; Loss: 21.302 ; Acc: 48.333
2018-09-19 15:58:01,824:INFO: [TRAIN] Step: 855 ; Loss: 22.448 ; Acc: 48.345
2018-09-19 15:58:01,968:INFO: [TRAIN] Step: 856 ; Loss: 23.438 ; Acc: 48.347
2018-09-19 15:58:02,112:INFO: [TRAIN] Step: 857 ; Loss: 21.912 ; Acc: 48.334
2018-09-19 15:58:02,255:INFO: [TRAIN] Step: 858 ; Loss: 23.888 ; Acc: 48.341
2018-09-19 15:58:02,404:INFO: [TRAIN] Step: 859 ; Loss: 24.501 ; Acc: 48.333
2018-09-19 15:58:02,548:INFO: [TRAIN] Step: 860 ; Loss: 26.107 ; Acc: 48.330
2018-09-19 15:58:02,695:INFO: [TRAIN] Step: 861 ; Loss: 21.045 ; Acc: 48.361
2018-09-19 15:58:02,845:INFO: [TRAIN] Step: 862 ; Loss: 23.899 ; Acc: 48.368
2018-09-19 15:58:02,985:INFO: [TRAIN] Step: 863 ; Loss: 22.141 ; Acc: 48.394
2018-09-19 15:58:03,127:INFO: [TRAIN] Step: 864 ; Loss: 21.365 ; Acc: 48.396
2018-09-19 15:58:03,274:INFO: [TRAIN] Step: 865 ; Loss: 22.078 ; Acc: 48.403
2018-09-19 15:58:03,421:INFO: [TRAIN] Step: 866 ; Loss: 28.471 ; Acc: 48.404
2018-09-19 15:58:03,561:INFO: [TRAIN] Step: 867 ; Loss: 17.555 ; Acc: 48.425
2018-09-19 15:58:03,704:INFO: [TRAIN] Step: 868 ; Loss: 26.723 ; Acc: 48.418
2018-09-19 15:58:03,847:INFO: [TRAIN] Step: 869 ; Loss: 24.761 ; Acc: 48.415
2018-09-19 15:58:03,998:INFO: [TRAIN] Step: 870 ; Loss: 22.169 ; Acc: 48.426
2018-09-19 15:58:04,137:INFO: [TRAIN] Step: 871 ; Loss: 21.213 ; Acc: 48.442
2018-09-19 15:58:04,274:INFO: [TRAIN] Step: 872 ; Loss: 16.766 ; Acc: 48.468
2018-09-19 15:58:04,412:INFO: [TRAIN] Step: 873 ; Loss: 25.164 ; Acc: 48.470
2018-09-19 15:58:04,554:INFO: [TRAIN] Step: 874 ; Loss: 25.603 ; Acc: 48.471
2018-09-19 15:58:04,700:INFO: [TRAIN] Step: 875 ; Loss: 21.430 ; Acc: 48.483
2018-09-19 15:58:04,842:INFO: [TRAIN] Step: 876 ; Loss: 18.889 ; Acc: 48.499
2018-09-19 15:58:04,986:INFO: [TRAIN] Step: 877 ; Loss: 21.228 ; Acc: 48.500
2018-09-19 15:58:05,141:INFO: [TRAIN] Step: 878 ; Loss: 23.791 ; Acc: 48.488
2018-09-19 15:58:05,287:INFO: [TRAIN] Step: 879 ; Loss: 24.569 ; Acc: 48.485
2018-09-19 15:58:05,425:INFO: [TRAIN] Step: 880 ; Loss: 23.454 ; Acc: 48.496
2018-09-19 15:58:05,567:INFO: [TRAIN] Step: 881 ; Loss: 23.580 ; Acc: 48.488
2018-09-19 15:58:05,698:INFO: [TRAIN] Step: 882 ; Loss: 21.516 ; Acc: 48.495
2018-09-19 15:58:05,836:INFO: [TRAIN] Step: 883 ; Loss: 20.411 ; Acc: 48.506
2018-09-19 15:58:05,973:INFO: [TRAIN] Step: 884 ; Loss: 22.472 ; Acc: 48.522
2018-09-19 15:58:06,120:INFO: [TRAIN] Step: 885 ; Loss: 23.640 ; Acc: 48.523
2018-09-19 15:58:06,254:INFO: [TRAIN] Step: 886 ; Loss: 21.544 ; Acc: 48.534
2018-09-19 15:58:06,391:INFO: [TRAIN] Step: 887 ; Loss: 22.477 ; Acc: 48.550
2018-09-19 15:58:06,519:INFO: [TRAIN] Step: 888 ; Loss: 19.694 ; Acc: 48.556
2018-09-19 15:58:06,655:INFO: [TRAIN] Step: 889 ; Loss: 20.054 ; Acc: 48.563
2018-09-19 15:58:06,782:INFO: [TRAIN] Step: 890 ; Loss: 23.790 ; Acc: 48.574
2018-09-19 15:58:06,914:INFO: [TRAIN] Step: 891 ; Loss: 19.598 ; Acc: 48.589
2018-09-19 15:58:07,060:INFO: [TRAIN] Step: 892 ; Loss: 25.321 ; Acc: 48.600
2018-09-19 15:58:07,210:INFO: [TRAIN] Step: 893 ; Loss: 24.044 ; Acc: 48.602
2018-09-19 15:58:07,346:INFO: [TRAIN] Step: 894 ; Loss: 27.721 ; Acc: 48.603
2018-09-19 15:58:07,491:INFO: [TRAIN] Step: 895 ; Loss: 22.107 ; Acc: 48.614
2018-09-19 15:58:07,620:INFO: [TRAIN] Step: 896 ; Loss: 22.680 ; Acc: 48.620
2018-09-19 15:58:07,747:INFO: [TRAIN] Step: 897 ; Loss: 28.651 ; Acc: 48.617
2018-09-19 15:58:07,878:INFO: [TRAIN] Step: 898 ; Loss: 22.207 ; Acc: 48.628
2018-09-19 15:58:08,008:INFO: [TRAIN] Step: 899 ; Loss: 22.979 ; Acc: 48.620
2018-09-19 15:58:08,130:INFO: [TRAIN] Step: 900 ; Loss: 22.481 ; Acc: 48.645
2018-09-19 15:58:08,252:INFO: [TRAIN] Step: 901 ; Loss: 27.100 ; Acc: 48.637
2018-09-19 15:58:08,382:INFO: [TRAIN] Step: 902 ; Loss: 21.000 ; Acc: 48.662
2018-09-19 15:58:08,501:INFO: [TRAIN] Step: 903 ; Loss: 23.907 ; Acc: 48.645
2018-09-19 15:58:08,620:INFO: [TRAIN] Step: 904 ; Loss: 24.967 ; Acc: 48.651
2018-09-19 15:58:08,744:INFO: [TRAIN] Step: 905 ; Loss: 25.412 ; Acc: 48.653
2018-09-19 15:58:08,863:INFO: [TRAIN] Step: 906 ; Loss: 21.552 ; Acc: 48.654
2018-09-19 15:58:08,986:INFO: [TRAIN] Step: 907 ; Loss: 24.303 ; Acc: 48.642
2018-09-19 15:58:09,118:INFO: [TRAIN] Step: 908 ; Loss: 22.679 ; Acc: 48.652
2018-09-19 15:58:09,235:INFO: [TRAIN] Step: 909 ; Loss: 19.798 ; Acc: 48.663
2018-09-19 15:58:09,354:INFO: [TRAIN] Step: 910 ; Loss: 28.244 ; Acc: 48.660
2018-09-19 15:58:09,467:INFO: [TRAIN] Step: 911 ; Loss: 22.132 ; Acc: 48.666
2018-09-19 15:58:09,588:INFO: [TRAIN] Step: 912 ; Loss: 26.752 ; Acc: 48.658
2018-09-19 15:58:09,708:INFO: [TRAIN] Step: 913 ; Loss: 24.867 ; Acc: 48.655
2018-09-19 15:58:09,828:INFO: [TRAIN] Step: 914 ; Loss: 27.063 ; Acc: 48.643
2018-09-19 15:58:09,958:INFO: [TRAIN] Step: 915 ; Loss: 25.206 ; Acc: 48.654
2018-09-19 15:58:10,079:INFO: [TRAIN] Step: 916 ; Loss: 23.874 ; Acc: 48.650
2018-09-19 15:58:10,210:INFO: [TRAIN] Step: 917 ; Loss: 24.204 ; Acc: 48.634
2018-09-19 15:58:10,329:INFO: [TRAIN] Step: 918 ; Loss: 22.087 ; Acc: 48.644
2018-09-19 15:58:10,444:INFO: [TRAIN] Step: 919 ; Loss: 19.208 ; Acc: 48.650
2018-09-19 15:58:10,570:INFO: [TRAIN] Step: 920 ; Loss: 21.902 ; Acc: 48.665
2018-09-19 15:58:10,687:INFO: [TRAIN] Step: 921 ; Loss: 19.652 ; Acc: 48.689
2018-09-19 15:58:10,801:INFO: [TRAIN] Step: 922 ; Loss: 23.514 ; Acc: 48.682
2018-09-19 15:58:10,915:INFO: [TRAIN] Step: 923 ; Loss: 23.719 ; Acc: 48.679
2018-09-19 15:58:11,034:INFO: [TRAIN] Step: 924 ; Loss: 24.485 ; Acc: 48.689
2018-09-19 15:58:11,146:INFO: [TRAIN] Step: 925 ; Loss: 18.191 ; Acc: 48.713
2018-09-19 15:58:11,260:INFO: [TRAIN] Step: 926 ; Loss: 18.274 ; Acc: 48.746
2018-09-19 15:58:11,381:INFO: [TRAIN] Step: 927 ; Loss: 24.167 ; Acc: 48.747
2018-09-19 15:58:11,495:INFO: [TRAIN] Step: 928 ; Loss: 22.342 ; Acc: 48.749
2018-09-19 15:58:11,605:INFO: [TRAIN] Step: 929 ; Loss: 21.791 ; Acc: 48.746
2018-09-19 15:58:11,722:INFO: [TRAIN] Step: 930 ; Loss: 21.764 ; Acc: 48.751
2018-09-19 15:58:11,841:INFO: [TRAIN] Step: 931 ; Loss: 22.284 ; Acc: 48.766
2018-09-19 15:58:11,955:INFO: [TRAIN] Step: 932 ; Loss: 19.242 ; Acc: 48.767
2018-09-19 15:58:12,082:INFO: [TRAIN] Step: 933 ; Loss: 18.648 ; Acc: 48.787
2018-09-19 15:58:12,204:INFO: [TRAIN] Step: 934 ; Loss: 28.377 ; Acc: 48.783
2018-09-19 15:58:12,335:INFO: [TRAIN] Step: 935 ; Loss: 24.712 ; Acc: 48.785
2018-09-19 15:58:12,447:INFO: [TRAIN] Step: 936 ; Loss: 21.470 ; Acc: 48.795
2018-09-19 15:58:12,560:INFO: [TRAIN] Step: 937 ; Loss: 20.308 ; Acc: 48.801
2018-09-19 15:58:12,673:INFO: [TRAIN] Step: 938 ; Loss: 18.359 ; Acc: 48.829
2018-09-19 15:58:12,788:INFO: [TRAIN] Step: 939 ; Loss: 17.067 ; Acc: 48.843
2018-09-19 15:58:12,902:INFO: [TRAIN] Step: 940 ; Loss: 24.260 ; Acc: 48.858
2018-09-19 15:58:13,017:INFO: [TRAIN] Step: 941 ; Loss: 25.658 ; Acc: 48.846
2018-09-19 15:58:13,129:INFO: [TRAIN] Step: 942 ; Loss: 21.486 ; Acc: 48.847
2018-09-19 15:58:13,239:INFO: [TRAIN] Step: 943 ; Loss: 19.428 ; Acc: 48.857
2018-09-19 15:58:13,357:INFO: [TRAIN] Step: 944 ; Loss: 25.875 ; Acc: 48.858
2018-09-19 15:58:13,479:INFO: [TRAIN] Step: 945 ; Loss: 24.487 ; Acc: 48.855
2018-09-19 15:58:13,590:INFO: [TRAIN] Step: 946 ; Loss: 17.631 ; Acc: 48.882
2018-09-19 15:58:13,703:INFO: [TRAIN] Step: 947 ; Loss: 20.922 ; Acc: 48.888
2018-09-19 15:58:13,814:INFO: [TRAIN] Step: 948 ; Loss: 19.900 ; Acc: 48.902
2018-09-19 15:58:13,929:INFO: [TRAIN] Step: 949 ; Loss: 23.707 ; Acc: 48.908
2018-09-19 15:58:14,046:INFO: [TRAIN] Step: 950 ; Loss: 20.354 ; Acc: 48.913
2018-09-19 15:58:14,158:INFO: [TRAIN] Step: 951 ; Loss: 24.484 ; Acc: 48.910
2018-09-19 15:58:14,268:INFO: [TRAIN] Step: 952 ; Loss: 24.361 ; Acc: 48.903
2018-09-19 15:58:14,382:INFO: [TRAIN] Step: 953 ; Loss: 24.068 ; Acc: 48.904
2018-09-19 15:58:14,496:INFO: [TRAIN] Step: 954 ; Loss: 19.312 ; Acc: 48.909
2018-09-19 15:58:14,605:INFO: [TRAIN] Step: 955 ; Loss: 24.282 ; Acc: 48.902
2018-09-19 15:58:14,715:INFO: [TRAIN] Step: 956 ; Loss: 18.462 ; Acc: 48.916
2018-09-19 15:58:14,827:INFO: [TRAIN] Step: 957 ; Loss: 19.561 ; Acc: 48.930
2018-09-19 15:58:14,941:INFO: [TRAIN] Step: 958 ; Loss: 22.609 ; Acc: 48.936
2018-09-19 15:58:15,058:INFO: [TRAIN] Step: 959 ; Loss: 22.181 ; Acc: 48.937
2018-09-19 15:58:15,169:INFO: [TRAIN] Step: 960 ; Loss: 14.554 ; Acc: 48.959
2018-09-19 15:58:15,286:INFO: [TRAIN] Step: 961 ; Loss: 23.121 ; Acc: 48.969
2018-09-19 15:58:15,400:INFO: [TRAIN] Step: 962 ; Loss: 24.276 ; Acc: 48.975
2018-09-19 15:58:15,510:INFO: [TRAIN] Step: 963 ; Loss: 19.454 ; Acc: 48.984
2018-09-19 15:58:15,627:INFO: [TRAIN] Step: 964 ; Loss: 22.219 ; Acc: 48.977
2018-09-19 15:58:15,742:INFO: [TRAIN] Step: 965 ; Loss: 24.157 ; Acc: 48.995
2018-09-19 15:58:15,860:INFO: [TRAIN] Step: 966 ; Loss: 21.117 ; Acc: 49.005
2018-09-19 15:58:15,981:INFO: [TRAIN] Step: 967 ; Loss: 31.582 ; Acc: 48.993
2018-09-19 15:58:16,107:INFO: [TRAIN] Step: 968 ; Loss: 23.513 ; Acc: 48.998
2018-09-19 15:58:16,219:INFO: [TRAIN] Step: 969 ; Loss: 26.480 ; Acc: 48.995
2018-09-19 15:58:16,335:INFO: [TRAIN] Step: 970 ; Loss: 24.676 ; Acc: 48.983
2018-09-19 15:58:16,450:INFO: [TRAIN] Step: 971 ; Loss: 21.102 ; Acc: 48.997
2018-09-19 15:58:16,564:INFO: [TRAIN] Step: 972 ; Loss: 24.726 ; Acc: 48.985
2018-09-19 15:58:16,680:INFO: [TRAIN] Step: 973 ; Loss: 22.229 ; Acc: 48.990
2018-09-19 15:58:16,796:INFO: [TRAIN] Step: 974 ; Loss: 27.739 ; Acc: 48.996
2018-09-19 15:58:16,909:INFO: [TRAIN] Step: 975 ; Loss: 18.206 ; Acc: 49.005
2018-09-19 15:58:17,036:INFO: [TRAIN] Step: 976 ; Loss: 19.127 ; Acc: 49.019
2018-09-19 15:58:17,154:INFO: [TRAIN] Step: 977 ; Loss: 27.536 ; Acc: 49.012
2018-09-19 15:58:17,267:INFO: [TRAIN] Step: 978 ; Loss: 20.950 ; Acc: 49.021
2018-09-19 15:58:17,386:INFO: [TRAIN] Step: 979 ; Loss: 17.713 ; Acc: 49.043
2018-09-19 15:58:17,509:INFO: [TRAIN] Step: 980 ; Loss: 23.910 ; Acc: 49.053
2018-09-19 15:58:17,638:INFO: [TRAIN] Step: 981 ; Loss: 26.172 ; Acc: 49.045
2018-09-19 15:58:17,754:INFO: [TRAIN] Step: 982 ; Loss: 24.715 ; Acc: 49.055
2018-09-19 15:58:17,871:INFO: [TRAIN] Step: 983 ; Loss: 27.663 ; Acc: 49.047
2018-09-19 15:58:17,984:INFO: [TRAIN] Step: 984 ; Loss: 20.166 ; Acc: 49.057
2018-09-19 15:58:18,097:INFO: [TRAIN] Step: 985 ; Loss: 22.186 ; Acc: 49.070
2018-09-19 15:58:18,210:INFO: [TRAIN] Step: 986 ; Loss: 19.961 ; Acc: 49.075
2018-09-19 15:58:18,327:INFO: [TRAIN] Step: 987 ; Loss: 23.511 ; Acc: 49.076
2018-09-19 15:58:18,447:INFO: [TRAIN] Step: 988 ; Loss: 24.153 ; Acc: 49.086
2018-09-19 15:58:18,565:INFO: [TRAIN] Step: 989 ; Loss: 20.885 ; Acc: 49.108
2018-09-19 15:58:18,676:INFO: [TRAIN] Step: 990 ; Loss: 19.643 ; Acc: 49.104
2018-09-19 15:58:18,797:INFO: [TRAIN] Step: 991 ; Loss: 18.416 ; Acc: 49.139
2018-09-19 15:58:18,909:INFO: [TRAIN] Step: 992 ; Loss: 23.532 ; Acc: 49.136
2018-09-19 15:58:19,024:INFO: [TRAIN] Step: 993 ; Loss: 20.582 ; Acc: 49.157
2018-09-19 15:58:19,136:INFO: [TRAIN] Step: 994 ; Loss: 20.792 ; Acc: 49.171
2018-09-19 15:58:19,248:INFO: [TRAIN] Step: 995 ; Loss: 22.136 ; Acc: 49.184
2018-09-19 15:58:19,366:INFO: [TRAIN] Step: 996 ; Loss: 17.932 ; Acc: 49.202
2018-09-19 15:58:19,479:INFO: [TRAIN] Step: 997 ; Loss: 18.552 ; Acc: 49.211
2018-09-19 15:58:19,593:INFO: [TRAIN] Step: 998 ; Loss: 21.523 ; Acc: 49.220
2018-09-19 15:58:19,704:INFO: [TRAIN] Step: 999 ; Loss: 20.056 ; Acc: 49.221
2018-09-19 15:58:19,820:INFO: [TRAIN] Step: 1000 ; Loss: 25.922 ; Acc: 49.226
2018-09-19 15:58:19,932:INFO: [TRAIN] Step: 1001 ; Loss: 16.782 ; Acc: 49.247
2018-09-19 15:58:20,043:INFO: [TRAIN] Step: 1002 ; Loss: 21.543 ; Acc: 49.248
2018-09-19 15:58:20,159:INFO: [TRAIN] Step: 1003 ; Loss: 29.592 ; Acc: 49.241
2018-09-19 15:58:20,275:INFO: [TRAIN] Step: 1004 ; Loss: 17.691 ; Acc: 49.250
2018-09-19 15:58:20,391:INFO: [TRAIN] Step: 1005 ; Loss: 19.586 ; Acc: 49.250
2018-09-19 15:58:20,506:INFO: [TRAIN] Step: 1006 ; Loss: 21.821 ; Acc: 49.251
2018-09-19 15:58:20,618:INFO: [TRAIN] Step: 1007 ; Loss: 20.100 ; Acc: 49.256
2018-09-19 15:58:20,728:INFO: [TRAIN] Step: 1008 ; Loss: 22.810 ; Acc: 49.248
2018-09-19 15:58:20,843:INFO: [TRAIN] Step: 1009 ; Loss: 19.867 ; Acc: 49.262
2018-09-19 15:58:20,959:INFO: [TRAIN] Step: 1010 ; Loss: 19.439 ; Acc: 49.275
2018-09-19 15:58:21,070:INFO: [TRAIN] Step: 1011 ; Loss: 28.339 ; Acc: 49.263
2018-09-19 15:58:21,193:INFO: [TRAIN] Step: 1012 ; Loss: 19.485 ; Acc: 49.260
2018-09-19 15:58:21,305:INFO: [TRAIN] Step: 1013 ; Loss: 24.237 ; Acc: 49.252
2018-09-19 15:58:21,420:INFO: [TRAIN] Step: 1014 ; Loss: 25.341 ; Acc: 49.249
2018-09-19 15:58:21,534:INFO: [TRAIN] Step: 1015 ; Loss: 23.122 ; Acc: 49.266
2018-09-19 15:58:21,647:INFO: [TRAIN] Step: 1016 ; Loss: 17.116 ; Acc: 49.287
2018-09-19 15:58:21,760:INFO: [TRAIN] Step: 1017 ; Loss: 22.023 ; Acc: 49.296
2018-09-19 15:58:21,871:INFO: [TRAIN] Step: 1018 ; Loss: 17.451 ; Acc: 49.309
2018-09-19 15:58:21,989:INFO: [TRAIN] Step: 1019 ; Loss: 16.518 ; Acc: 49.338
2018-09-19 15:58:22,102:INFO: [TRAIN] Step: 1020 ; Loss: 25.035 ; Acc: 49.327
2018-09-19 15:58:22,212:INFO: [TRAIN] Step: 1021 ; Loss: 22.404 ; Acc: 49.327
2018-09-19 15:58:22,325:INFO: [TRAIN] Step: 1022 ; Loss: 33.642 ; Acc: 49.308
2018-09-19 15:58:22,444:INFO: [TRAIN] Step: 1023 ; Loss: 25.054 ; Acc: 49.304
2018-09-19 15:58:22,555:INFO: [TRAIN] Step: 1024 ; Loss: 28.427 ; Acc: 49.301
2018-09-19 15:58:22,665:INFO: [TRAIN] Step: 1025 ; Loss: 19.772 ; Acc: 49.318
2018-09-19 15:58:22,776:INFO: [TRAIN] Step: 1026 ; Loss: 23.739 ; Acc: 49.322
2018-09-19 15:58:22,891:INFO: [TRAIN] Step: 1027 ; Loss: 23.885 ; Acc: 49.323
2018-09-19 15:58:23,003:INFO: [TRAIN] Step: 1028 ; Loss: 25.274 ; Acc: 49.324
2018-09-19 15:58:23,118:INFO: [TRAIN] Step: 1029 ; Loss: 25.234 ; Acc: 49.324
2018-09-19 15:58:23,230:INFO: [TRAIN] Step: 1030 ; Loss: 24.848 ; Acc: 49.333
2018-09-19 15:58:23,341:INFO: [TRAIN] Step: 1031 ; Loss: 23.092 ; Acc: 49.342
2018-09-19 15:58:23,456:INFO: [TRAIN] Step: 1032 ; Loss: 21.507 ; Acc: 49.343
2018-09-19 15:58:23,572:INFO: [TRAIN] Step: 1033 ; Loss: 19.958 ; Acc: 49.351
2018-09-19 15:58:23,683:INFO: [TRAIN] Step: 1034 ; Loss: 24.384 ; Acc: 49.352
2018-09-19 15:58:23,794:INFO: [TRAIN] Step: 1035 ; Loss: 23.162 ; Acc: 49.352
2018-09-19 15:58:23,911:INFO: [TRAIN] Step: 1036 ; Loss: 16.732 ; Acc: 49.353
2018-09-19 15:58:24,027:INFO: [TRAIN] Step: 1037 ; Loss: 25.950 ; Acc: 49.354
2018-09-19 15:58:24,146:INFO: [TRAIN] Step: 1038 ; Loss: 25.483 ; Acc: 49.350
2018-09-19 15:58:24,256:INFO: [TRAIN] Step: 1039 ; Loss: 16.823 ; Acc: 49.371
2018-09-19 15:58:24,373:INFO: [TRAIN] Step: 1040 ; Loss: 25.010 ; Acc: 49.364
2018-09-19 15:58:24,488:INFO: [TRAIN] Step: 1041 ; Loss: 24.685 ; Acc: 49.372
2018-09-19 15:58:24,601:INFO: [TRAIN] Step: 1042 ; Loss: 20.818 ; Acc: 49.393
2018-09-19 15:58:24,713:INFO: [TRAIN] Step: 1043 ; Loss: 24.118 ; Acc: 49.397
2018-09-19 15:58:24,825:INFO: [TRAIN] Step: 1044 ; Loss: 19.340 ; Acc: 49.406
2018-09-19 15:58:24,942:INFO: [TRAIN] Step: 1045 ; Loss: 26.231 ; Acc: 49.410
2018-09-19 15:58:25,052:INFO: [TRAIN] Step: 1046 ; Loss: 23.860 ; Acc: 49.403
2018-09-19 15:58:25,174:INFO: [TRAIN] Step: 1047 ; Loss: 23.568 ; Acc: 49.408
2018-09-19 15:58:25,298:INFO: [TRAIN] Step: 1048 ; Loss: 22.299 ; Acc: 49.420
2018-09-19 15:58:25,418:INFO: [TRAIN] Step: 1049 ; Loss: 16.471 ; Acc: 49.440
2018-09-19 15:58:25,534:INFO: [TRAIN] Step: 1050 ; Loss: 21.684 ; Acc: 49.441
2018-09-19 15:58:25,645:INFO: [TRAIN] Step: 1051 ; Loss: 17.846 ; Acc: 49.446
2018-09-19 15:58:25,758:INFO: [TRAIN] Step: 1052 ; Loss: 19.419 ; Acc: 49.450
2018-09-19 15:58:25,869:INFO: [TRAIN] Step: 1053 ; Loss: 26.188 ; Acc: 49.443
2018-09-19 15:58:25,985:INFO: [TRAIN] Step: 1054 ; Loss: 24.393 ; Acc: 49.439
2018-09-19 15:58:26,100:INFO: [TRAIN] Step: 1055 ; Loss: 23.558 ; Acc: 49.436
2018-09-19 15:58:26,217:INFO: [TRAIN] Step: 1056 ; Loss: 26.513 ; Acc: 49.436
2018-09-19 15:58:26,335:INFO: [TRAIN] Step: 1057 ; Loss: 23.896 ; Acc: 49.437
2018-09-19 15:58:26,449:INFO: [TRAIN] Step: 1058 ; Loss: 26.145 ; Acc: 49.433
2018-09-19 15:58:26,565:INFO: [TRAIN] Step: 1059 ; Loss: 27.328 ; Acc: 49.438
2018-09-19 15:58:26,686:INFO: [TRAIN] Step: 1060 ; Loss: 22.789 ; Acc: 49.434
2018-09-19 15:58:26,800:INFO: [TRAIN] Step: 1061 ; Loss: 24.140 ; Acc: 49.427
2018-09-19 15:58:26,914:INFO: [TRAIN] Step: 1062 ; Loss: 22.908 ; Acc: 49.424
2018-09-19 15:58:27,037:INFO: [TRAIN] Step: 1063 ; Loss: 22.824 ; Acc: 49.428
2018-09-19 15:58:27,155:INFO: [TRAIN] Step: 1064 ; Loss: 22.128 ; Acc: 49.437
2018-09-19 15:58:27,274:INFO: [TRAIN] Step: 1065 ; Loss: 22.103 ; Acc: 49.441
2018-09-19 15:58:27,388:INFO: [TRAIN] Step: 1066 ; Loss: 22.344 ; Acc: 49.442
2018-09-19 15:58:27,499:INFO: [TRAIN] Step: 1067 ; Loss: 20.589 ; Acc: 49.438
2018-09-19 15:58:27,612:INFO: [TRAIN] Step: 1068 ; Loss: 23.457 ; Acc: 49.447
2018-09-19 15:58:27,730:INFO: [TRAIN] Step: 1069 ; Loss: 24.826 ; Acc: 49.451
2018-09-19 15:58:27,843:INFO: [TRAIN] Step: 1070 ; Loss: 23.098 ; Acc: 49.463
2018-09-19 15:58:27,951:INFO: [TRAIN] Step: 1071 ; Loss: 26.073 ; Acc: 49.456
2018-09-19 15:58:28,068:INFO: [TRAIN] Step: 1072 ; Loss: 26.288 ; Acc: 49.456
2018-09-19 15:58:28,182:INFO: [TRAIN] Step: 1073 ; Loss: 19.687 ; Acc: 49.465
2018-09-19 15:58:28,305:INFO: [TRAIN] Step: 1074 ; Loss: 23.304 ; Acc: 49.481
2018-09-19 15:58:28,420:INFO: [TRAIN] Step: 1075 ; Loss: 19.895 ; Acc: 49.485
2018-09-19 15:58:28,529:INFO: [TRAIN] Step: 1076 ; Loss: 21.958 ; Acc: 49.501
2018-09-19 15:58:28,643:INFO: [TRAIN] Step: 1077 ; Loss: 22.000 ; Acc: 49.517
2018-09-19 15:58:28,754:INFO: [TRAIN] Step: 1078 ; Loss: 25.399 ; Acc: 49.513
2018-09-19 15:58:28,873:INFO: [TRAIN] Step: 1079 ; Loss: 18.847 ; Acc: 49.522
2018-09-19 15:58:28,992:INFO: [TRAIN] Step: 1080 ; Loss: 21.431 ; Acc: 49.530
2018-09-19 15:58:29,110:INFO: [TRAIN] Step: 1081 ; Loss: 17.797 ; Acc: 49.553
2018-09-19 15:58:29,222:INFO: [TRAIN] Step: 1082 ; Loss: 18.071 ; Acc: 49.569
2018-09-19 15:58:29,342:INFO: [TRAIN] Step: 1083 ; Loss: 18.109 ; Acc: 49.585
2018-09-19 15:58:29,457:INFO: [TRAIN] Step: 1084 ; Loss: 22.910 ; Acc: 49.585
2018-09-19 15:58:29,569:INFO: [TRAIN] Step: 1085 ; Loss: 22.797 ; Acc: 49.593
2018-09-19 15:58:29,680:INFO: [TRAIN] Step: 1086 ; Loss: 22.679 ; Acc: 49.590
2018-09-19 15:58:29,796:INFO: [TRAIN] Step: 1087 ; Loss: 22.296 ; Acc: 49.594
2018-09-19 15:58:29,908:INFO: [TRAIN] Step: 1088 ; Loss: 23.883 ; Acc: 49.594
2018-09-19 15:58:30,018:INFO: [TRAIN] Step: 1089 ; Loss: 27.694 ; Acc: 49.587
2018-09-19 15:58:30,132:INFO: [TRAIN] Step: 1090 ; Loss: 26.026 ; Acc: 49.576
2018-09-19 15:58:30,255:INFO: [TRAIN] Step: 1091 ; Loss: 31.787 ; Acc: 49.565
2018-09-19 15:58:30,366:INFO: [TRAIN] Step: 1092 ; Loss: 23.888 ; Acc: 49.569
2018-09-19 15:58:30,477:INFO: [TRAIN] Step: 1093 ; Loss: 25.728 ; Acc: 49.581
2018-09-19 15:58:30,588:INFO: [TRAIN] Step: 1094 ; Loss: 20.274 ; Acc: 49.589
2018-09-19 15:58:30,703:INFO: [TRAIN] Step: 1095 ; Loss: 28.641 ; Acc: 49.582
2018-09-19 15:58:30,818:INFO: [TRAIN] Step: 1096 ; Loss: 17.815 ; Acc: 49.594
2018-09-19 15:58:30,932:INFO: [TRAIN] Step: 1097 ; Loss: 25.847 ; Acc: 49.583
2018-09-19 15:58:31,043:INFO: [TRAIN] Step: 1098 ; Loss: 21.199 ; Acc: 49.591
2018-09-19 15:58:31,153:INFO: [TRAIN] Step: 1099 ; Loss: 22.899 ; Acc: 49.591
2018-09-19 15:58:31,269:INFO: [TRAIN] Step: 1100 ; Loss: 17.463 ; Acc: 49.610
2018-09-19 15:58:31,383:INFO: [TRAIN] Step: 1101 ; Loss: 24.938 ; Acc: 49.622
2018-09-19 15:58:31,502:INFO: [TRAIN] Step: 1102 ; Loss: 27.039 ; Acc: 49.622
2018-09-19 15:58:31,612:INFO: [TRAIN] Step: 1103 ; Loss: 23.036 ; Acc: 49.626
2018-09-19 15:58:31,724:INFO: [TRAIN] Step: 1104 ; Loss: 15.538 ; Acc: 49.642
2018-09-19 15:58:31,846:INFO: [TRAIN] Step: 1105 ; Loss: 26.732 ; Acc: 49.665
2018-09-19 15:58:31,961:INFO: [TRAIN] Step: 1106 ; Loss: 22.855 ; Acc: 49.665
2018-09-19 15:58:32,074:INFO: [TRAIN] Step: 1107 ; Loss: 24.212 ; Acc: 49.665
2018-09-19 15:58:32,188:INFO: [TRAIN] Step: 1108 ; Loss: 21.691 ; Acc: 49.673
2018-09-19 15:58:32,299:INFO: [TRAIN] Step: 1109 ; Loss: 22.925 ; Acc: 49.681
2018-09-19 15:58:32,417:INFO: [TRAIN] Step: 1110 ; Loss: 26.273 ; Acc: 49.677
2018-09-19 15:58:32,536:INFO: [TRAIN] Step: 1111 ; Loss: 24.053 ; Acc: 49.685
2018-09-19 15:58:32,652:INFO: [TRAIN] Step: 1112 ; Loss: 16.324 ; Acc: 49.708
2018-09-19 15:58:32,765:INFO: [TRAIN] Step: 1113 ; Loss: 25.242 ; Acc: 49.716
2018-09-19 15:58:32,877:INFO: [TRAIN] Step: 1114 ; Loss: 22.102 ; Acc: 49.723
2018-09-19 15:58:32,996:INFO: [TRAIN] Step: 1115 ; Loss: 22.587 ; Acc: 49.735
2018-09-19 15:58:33,111:INFO: [TRAIN] Step: 1116 ; Loss: 28.779 ; Acc: 49.728
2018-09-19 15:58:33,225:INFO: [TRAIN] Step: 1117 ; Loss: 23.392 ; Acc: 49.728
2018-09-19 15:58:33,341:INFO: [TRAIN] Step: 1118 ; Loss: 27.418 ; Acc: 49.724
2018-09-19 15:58:33,458:INFO: [TRAIN] Step: 1119 ; Loss: 21.617 ; Acc: 49.725
2018-09-19 15:58:33,582:INFO: [TRAIN] Step: 1120 ; Loss: 24.826 ; Acc: 49.718
2018-09-19 15:58:33,698:INFO: [TRAIN] Step: 1121 ; Loss: 21.432 ; Acc: 49.736
2018-09-19 15:58:33,813:INFO: [TRAIN] Step: 1122 ; Loss: 23.739 ; Acc: 49.740
2018-09-19 15:58:33,935:INFO: [TRAIN] Step: 1123 ; Loss: 24.294 ; Acc: 49.741
2018-09-19 15:58:34,068:INFO: [TRAIN] Step: 1124 ; Loss: 23.729 ; Acc: 49.748
2018-09-19 15:58:34,186:INFO: [TRAIN] Step: 1125 ; Loss: 20.211 ; Acc: 49.759
2018-09-19 15:58:34,299:INFO: [TRAIN] Step: 1126 ; Loss: 23.576 ; Acc: 49.756
2018-09-19 15:58:34,415:INFO: [TRAIN] Step: 1127 ; Loss: 19.827 ; Acc: 49.760
2018-09-19 15:58:34,529:INFO: [TRAIN] Step: 1128 ; Loss: 19.641 ; Acc: 49.775
2018-09-19 15:58:34,644:INFO: [TRAIN] Step: 1129 ; Loss: 18.770 ; Acc: 49.782
2018-09-19 15:58:34,760:INFO: [TRAIN] Step: 1130 ; Loss: 29.518 ; Acc: 49.772
2018-09-19 15:58:34,874:INFO: [TRAIN] Step: 1131 ; Loss: 23.597 ; Acc: 49.772
2018-09-19 15:58:34,991:INFO: [TRAIN] Step: 1132 ; Loss: 23.415 ; Acc: 49.768
2018-09-19 15:58:35,101:INFO: [TRAIN] Step: 1133 ; Loss: 22.347 ; Acc: 49.776
2018-09-19 15:58:35,218:INFO: [TRAIN] Step: 1134 ; Loss: 20.134 ; Acc: 49.783
2018-09-19 15:58:35,329:INFO: [TRAIN] Step: 1135 ; Loss: 22.286 ; Acc: 49.780
2018-09-19 15:58:35,444:INFO: [TRAIN] Step: 1136 ; Loss: 23.378 ; Acc: 49.784
2018-09-19 15:58:35,554:INFO: [TRAIN] Step: 1137 ; Loss: 16.669 ; Acc: 49.802
2018-09-19 15:58:35,673:INFO: [TRAIN] Step: 1138 ; Loss: 29.390 ; Acc: 49.788
2018-09-19 15:58:35,788:INFO: [TRAIN] Step: 1139 ; Loss: 27.051 ; Acc: 49.781
2018-09-19 15:58:35,899:INFO: [TRAIN] Step: 1140 ; Loss: 23.864 ; Acc: 49.777
2018-09-19 15:58:36,009:INFO: [TRAIN] Step: 1141 ; Loss: 18.049 ; Acc: 49.796
2018-09-19 15:58:36,126:INFO: [TRAIN] Step: 1142 ; Loss: 24.040 ; Acc: 49.792
2018-09-19 15:58:36,242:INFO: [TRAIN] Step: 1143 ; Loss: 16.378 ; Acc: 49.814
2018-09-19 15:58:36,356:INFO: [TRAIN] Step: 1144 ; Loss: 18.959 ; Acc: 49.822
2018-09-19 15:58:36,470:INFO: [TRAIN] Step: 1145 ; Loss: 16.627 ; Acc: 49.836
2018-09-19 15:58:36,587:INFO: [TRAIN] Step: 1146 ; Loss: 19.532 ; Acc: 49.847
2018-09-19 15:58:36,702:INFO: [TRAIN] Step: 1147 ; Loss: 24.307 ; Acc: 49.844
2018-09-19 15:58:36,814:INFO: [TRAIN] Step: 1148 ; Loss: 20.690 ; Acc: 49.851
2018-09-19 15:58:36,925:INFO: [TRAIN] Step: 1149 ; Loss: 27.439 ; Acc: 49.855
2018-09-19 15:58:37,036:INFO: [TRAIN] Step: 1150 ; Loss: 19.859 ; Acc: 49.866
2018-09-19 15:58:37,148:INFO: [TRAIN] Step: 1151 ; Loss: 22.067 ; Acc: 49.870
2018-09-19 15:58:37,261:INFO: [TRAIN] Step: 1152 ; Loss: 27.088 ; Acc: 49.863
2018-09-19 15:58:37,376:INFO: [TRAIN] Step: 1153 ; Loss: 26.491 ; Acc: 49.859
2018-09-19 15:58:37,486:INFO: [TRAIN] Step: 1154 ; Loss: 23.314 ; Acc: 49.863
2018-09-19 15:58:37,599:INFO: [TRAIN] Step: 1155 ; Loss: 22.565 ; Acc: 49.863
2018-09-19 15:58:37,711:INFO: [TRAIN] Step: 1156 ; Loss: 24.589 ; Acc: 49.863
2018-09-19 15:58:37,827:INFO: [TRAIN] Step: 1157 ; Loss: 21.910 ; Acc: 49.874
2018-09-19 15:58:37,936:INFO: [TRAIN] Step: 1158 ; Loss: 22.825 ; Acc: 49.881
2018-09-19 15:58:38,047:INFO: [TRAIN] Step: 1159 ; Loss: 20.580 ; Acc: 49.892
2018-09-19 15:58:38,160:INFO: [TRAIN] Step: 1160 ; Loss: 18.852 ; Acc: 49.907
2018-09-19 15:58:38,276:INFO: [TRAIN] Step: 1161 ; Loss: 24.070 ; Acc: 49.910
2018-09-19 15:58:38,392:INFO: [TRAIN] Step: 1162 ; Loss: 24.969 ; Acc: 49.907
2018-09-19 15:58:38,505:INFO: [TRAIN] Step: 1163 ; Loss: 24.375 ; Acc: 49.896
2018-09-19 15:58:38,621:INFO: [TRAIN] Step: 1164 ; Loss: 22.409 ; Acc: 49.903
2018-09-19 15:58:38,734:INFO: [TRAIN] Step: 1165 ; Loss: 20.545 ; Acc: 49.904
2018-09-19 15:58:38,846:INFO: [TRAIN] Step: 1166 ; Loss: 16.000 ; Acc: 49.925
2018-09-19 15:58:38,959:INFO: [TRAIN] Step: 1167 ; Loss: 23.447 ; Acc: 49.939
2018-09-19 15:58:39,078:INFO: [TRAIN] Step: 1168 ; Loss: 24.992 ; Acc: 49.943
2018-09-19 15:58:39,189:INFO: [TRAIN] Step: 1169 ; Loss: 23.767 ; Acc: 49.939
2018-09-19 15:58:39,298:INFO: [TRAIN] Step: 1170 ; Loss: 21.816 ; Acc: 49.943
2018-09-19 15:58:39,409:INFO: [TRAIN] Step: 1171 ; Loss: 17.746 ; Acc: 49.964
2018-09-19 15:58:39,532:INFO: [TRAIN] Step: 1172 ; Loss: 19.813 ; Acc: 49.968
2018-09-19 15:58:39,643:INFO: [TRAIN] Step: 1173 ; Loss: 26.536 ; Acc: 49.957
2018-09-19 15:58:39,758:INFO: [TRAIN] Step: 1174 ; Loss: 23.360 ; Acc: 49.957
2018-09-19 15:58:39,872:INFO: [TRAIN] Step: 1175 ; Loss: 23.145 ; Acc: 49.961
2018-09-19 15:58:39,983:INFO: [TRAIN] Step: 1176 ; Loss: 21.620 ; Acc: 49.961
2018-09-19 15:58:40,096:INFO: [TRAIN] Step: 1177 ; Loss: 21.583 ; Acc: 49.965
2018-09-19 15:58:40,208:INFO: [TRAIN] Step: 1178 ; Loss: 16.810 ; Acc: 49.982
2018-09-19 15:58:40,318:INFO: [TRAIN] Step: 1179 ; Loss: 21.008 ; Acc: 49.982
2018-09-19 15:58:40,435:INFO: [TRAIN] Step: 1180 ; Loss: 21.023 ; Acc: 49.993
2018-09-19 15:58:40,547:INFO: [TRAIN] Step: 1181 ; Loss: 19.652 ; Acc: 50.011
2018-09-19 15:58:40,666:INFO: [TRAIN] Step: 1182 ; Loss: 20.091 ; Acc: 50.018
2018-09-19 15:58:40,776:INFO: [TRAIN] Step: 1183 ; Loss: 17.818 ; Acc: 50.025
2018-09-19 15:58:40,894:INFO: [TRAIN] Step: 1184 ; Loss: 31.805 ; Acc: 50.021
2018-09-19 15:58:41,012:INFO: [TRAIN] Step: 1185 ; Loss: 20.459 ; Acc: 50.025
2018-09-19 15:58:41,128:INFO: [TRAIN] Step: 1186 ; Loss: 17.018 ; Acc: 50.035
2018-09-19 15:58:41,244:INFO: [TRAIN] Step: 1187 ; Loss: 17.604 ; Acc: 50.056
2018-09-19 15:58:41,358:INFO: [TRAIN] Step: 1188 ; Loss: 17.911 ; Acc: 50.063
2018-09-19 15:58:41,480:INFO: [TRAIN] Step: 1189 ; Loss: 19.515 ; Acc: 50.070
2018-09-19 15:58:46,761:INFO: [EVAL] Step: 1190 ; Loss: 0.237 ; Acc: 0.557
