2018-09-19 14:28:01,895:INFO: ### Model ###
LeNet5(
  (convnet): Sequential(
    (0): Conv2d(1, 6, kernel_size=(5, 5), stride=(1, 1))
    (1): ReLU()
    (2): MaxPool2d(kernel_size=(2, 2), stride=2, padding=0, dilation=1, ceil_mode=False)
    (3): Conv2d(6, 16, kernel_size=(5, 5), stride=(1, 1))
    (4): ReLU()
    (5): MaxPool2d(kernel_size=(2, 2), stride=2, padding=0, dilation=1, ceil_mode=False)
    (6): Conv2d(16, 120, kernel_size=(5, 5), stride=(1, 1))
    (7): ReLU()
    (8): Conv2d(120, 240, kernel_size=(5, 5), stride=(1, 1))
    (9): ReLU()
  )
  (fc): Sequential(
    (0): Linear(in_features=240, out_features=84, bias=True)
    (1): ReLU()
    (2): Linear(in_features=84, out_features=10, bias=True)
  )
)
2018-09-19 14:28:01,895:INFO: ### Optimizer ###
Adam (
Parameter Group 0
    amsgrad: False
    betas: (0.9, 0.999)
    eps: 1e-08
    lr: 0.0005
    weight_decay: 0
)
2018-09-19 14:28:01,895:INFO: ### HParams ###
n_epochs: 1 ; data: ferplus ; label: ferplus_votes ; batch_size: 24 ; lr: 0.0005 ; wd: 0 ; eval_steps: 1190
2018-09-19 14:28:02,143:INFO: [TRAIN] Step: 0 ; Loss: 40.390 ; Acc: 8.333
2018-09-19 14:28:02,221:INFO: [TRAIN] Step: 1 ; Loss: 40.206 ; Acc: 27.083
2018-09-19 14:28:02,297:INFO: [TRAIN] Step: 2 ; Loss: 34.341 ; Acc: 30.556
2018-09-19 14:28:02,380:INFO: [TRAIN] Step: 3 ; Loss: 34.295 ; Acc: 33.333
2018-09-19 14:28:02,457:INFO: [TRAIN] Step: 4 ; Loss: 33.841 ; Acc: 36.667
2018-09-19 14:28:02,537:INFO: [TRAIN] Step: 5 ; Loss: 37.545 ; Acc: 34.722
2018-09-19 14:28:02,609:INFO: [TRAIN] Step: 6 ; Loss: 38.877 ; Acc: 35.119
2018-09-19 14:28:02,690:INFO: [TRAIN] Step: 7 ; Loss: 33.272 ; Acc: 34.375
2018-09-19 14:28:02,765:INFO: [TRAIN] Step: 8 ; Loss: 27.617 ; Acc: 35.185
2018-09-19 14:28:02,845:INFO: [TRAIN] Step: 9 ; Loss: 32.511 ; Acc: 34.167
2018-09-19 14:28:02,918:INFO: [TRAIN] Step: 10 ; Loss: 29.787 ; Acc: 34.091
2018-09-19 14:28:03,004:INFO: [TRAIN] Step: 11 ; Loss: 29.597 ; Acc: 34.028
2018-09-19 14:28:03,078:INFO: [TRAIN] Step: 12 ; Loss: 34.080 ; Acc: 32.692
2018-09-19 14:28:03,162:INFO: [TRAIN] Step: 13 ; Loss: 29.130 ; Acc: 31.845
2018-09-19 14:28:03,236:INFO: [TRAIN] Step: 14 ; Loss: 27.646 ; Acc: 32.222
2018-09-19 14:28:03,317:INFO: [TRAIN] Step: 15 ; Loss: 30.801 ; Acc: 31.510
2018-09-19 14:28:03,389:INFO: [TRAIN] Step: 16 ; Loss: 28.793 ; Acc: 31.373
2018-09-19 14:28:03,468:INFO: [TRAIN] Step: 17 ; Loss: 30.472 ; Acc: 30.787
2018-09-19 14:28:03,543:INFO: [TRAIN] Step: 18 ; Loss: 29.713 ; Acc: 30.702
2018-09-19 14:28:03,625:INFO: [TRAIN] Step: 19 ; Loss: 26.178 ; Acc: 31.458
2018-09-19 14:28:03,701:INFO: [TRAIN] Step: 20 ; Loss: 30.912 ; Acc: 31.349
2018-09-19 14:28:03,781:INFO: [TRAIN] Step: 21 ; Loss: 30.633 ; Acc: 31.818
2018-09-19 14:28:03,860:INFO: [TRAIN] Step: 22 ; Loss: 28.566 ; Acc: 31.159
2018-09-19 14:28:03,942:INFO: [TRAIN] Step: 23 ; Loss: 28.545 ; Acc: 31.250
2018-09-19 14:28:04,016:INFO: [TRAIN] Step: 24 ; Loss: 32.402 ; Acc: 31.500
2018-09-19 14:28:04,098:INFO: [TRAIN] Step: 25 ; Loss: 30.537 ; Acc: 31.571
2018-09-19 14:28:04,172:INFO: [TRAIN] Step: 26 ; Loss: 37.003 ; Acc: 31.327
2018-09-19 14:28:04,251:INFO: [TRAIN] Step: 27 ; Loss: 27.001 ; Acc: 31.696
2018-09-19 14:28:04,324:INFO: [TRAIN] Step: 28 ; Loss: 29.289 ; Acc: 31.897
2018-09-19 14:28:04,405:INFO: [TRAIN] Step: 29 ; Loss: 30.330 ; Acc: 32.361
2018-09-19 14:28:04,477:INFO: [TRAIN] Step: 30 ; Loss: 30.324 ; Acc: 32.392
2018-09-19 14:28:04,556:INFO: [TRAIN] Step: 31 ; Loss: 28.534 ; Acc: 32.422
2018-09-19 14:28:04,631:INFO: [TRAIN] Step: 32 ; Loss: 29.781 ; Acc: 32.576
2018-09-19 14:28:04,712:INFO: [TRAIN] Step: 33 ; Loss: 30.145 ; Acc: 32.598
2018-09-19 14:28:04,786:INFO: [TRAIN] Step: 34 ; Loss: 28.666 ; Acc: 32.619
2018-09-19 14:28:04,865:INFO: [TRAIN] Step: 35 ; Loss: 29.190 ; Acc: 32.407
2018-09-19 14:28:04,939:INFO: [TRAIN] Step: 36 ; Loss: 28.060 ; Acc: 32.770
2018-09-19 14:28:05,020:INFO: [TRAIN] Step: 37 ; Loss: 33.352 ; Acc: 32.566
2018-09-19 14:28:05,092:INFO: [TRAIN] Step: 38 ; Loss: 29.570 ; Acc: 32.585
2018-09-19 14:28:05,191:INFO: [TRAIN] Step: 39 ; Loss: 26.210 ; Acc: 32.500
2018-09-19 14:28:05,276:INFO: [TRAIN] Step: 40 ; Loss: 31.976 ; Acc: 32.419
2018-09-19 14:28:05,355:INFO: [TRAIN] Step: 41 ; Loss: 29.436 ; Acc: 32.143
2018-09-19 14:28:05,427:INFO: [TRAIN] Step: 42 ; Loss: 30.260 ; Acc: 31.977
2018-09-19 14:28:05,508:INFO: [TRAIN] Step: 43 ; Loss: 28.183 ; Acc: 32.008
2018-09-19 14:28:05,581:INFO: [TRAIN] Step: 44 ; Loss: 28.641 ; Acc: 31.944
2018-09-19 14:28:05,686:INFO: [TRAIN] Step: 45 ; Loss: 28.044 ; Acc: 31.975
2018-09-19 14:28:05,757:INFO: [TRAIN] Step: 46 ; Loss: 29.045 ; Acc: 31.649
2018-09-19 14:28:05,846:INFO: [TRAIN] Step: 47 ; Loss: 29.463 ; Acc: 31.510
2018-09-19 14:28:05,920:INFO: [TRAIN] Step: 48 ; Loss: 25.013 ; Acc: 31.888
2018-09-19 14:28:06,001:INFO: [TRAIN] Step: 49 ; Loss: 29.708 ; Acc: 31.917
2018-09-19 14:28:06,073:INFO: [TRAIN] Step: 50 ; Loss: 32.514 ; Acc: 32.026
2018-09-19 14:28:06,158:INFO: [TRAIN] Step: 51 ; Loss: 28.816 ; Acc: 31.891
2018-09-19 14:28:06,234:INFO: [TRAIN] Step: 52 ; Loss: 31.713 ; Acc: 31.525
2018-09-19 14:28:06,316:INFO: [TRAIN] Step: 53 ; Loss: 25.715 ; Acc: 31.790
2018-09-19 14:28:06,389:INFO: [TRAIN] Step: 54 ; Loss: 34.694 ; Acc: 31.667
2018-09-19 14:28:06,469:INFO: [TRAIN] Step: 55 ; Loss: 26.081 ; Acc: 31.696
2018-09-19 14:28:06,542:INFO: [TRAIN] Step: 56 ; Loss: 26.869 ; Acc: 31.798
2018-09-19 14:28:06,621:INFO: [TRAIN] Step: 57 ; Loss: 30.603 ; Acc: 31.825
2018-09-19 14:28:06,702:INFO: [TRAIN] Step: 58 ; Loss: 26.797 ; Acc: 31.992
2018-09-19 14:28:06,796:INFO: [TRAIN] Step: 59 ; Loss: 32.745 ; Acc: 31.944
2018-09-19 14:28:06,871:INFO: [TRAIN] Step: 60 ; Loss: 28.522 ; Acc: 32.036
2018-09-19 14:28:06,970:INFO: [TRAIN] Step: 61 ; Loss: 29.936 ; Acc: 32.124
2018-09-19 14:28:07,051:INFO: [TRAIN] Step: 62 ; Loss: 26.784 ; Acc: 32.143
2018-09-19 14:28:07,148:INFO: [TRAIN] Step: 63 ; Loss: 28.853 ; Acc: 32.227
2018-09-19 14:28:07,244:INFO: [TRAIN] Step: 64 ; Loss: 28.734 ; Acc: 32.436
2018-09-19 14:28:07,330:INFO: [TRAIN] Step: 65 ; Loss: 26.162 ; Acc: 32.513
2018-09-19 14:28:07,405:INFO: [TRAIN] Step: 66 ; Loss: 26.710 ; Acc: 32.774
2018-09-19 14:28:07,487:INFO: [TRAIN] Step: 67 ; Loss: 30.132 ; Acc: 32.843
2018-09-19 14:28:07,562:INFO: [TRAIN] Step: 68 ; Loss: 27.948 ; Acc: 33.092
2018-09-19 14:28:07,651:INFO: [TRAIN] Step: 69 ; Loss: 23.485 ; Acc: 33.274
2018-09-19 14:28:07,737:INFO: [TRAIN] Step: 70 ; Loss: 29.902 ; Acc: 33.333
2018-09-19 14:28:07,816:INFO: [TRAIN] Step: 71 ; Loss: 26.018 ; Acc: 33.391
2018-09-19 14:28:07,894:INFO: [TRAIN] Step: 72 ; Loss: 27.160 ; Acc: 33.390
2018-09-19 14:28:07,984:INFO: [TRAIN] Step: 73 ; Loss: 28.674 ; Acc: 33.446
2018-09-19 14:28:08,064:INFO: [TRAIN] Step: 74 ; Loss: 27.336 ; Acc: 33.444
2018-09-19 14:28:08,155:INFO: [TRAIN] Step: 75 ; Loss: 27.526 ; Acc: 33.717
2018-09-19 14:28:08,228:INFO: [TRAIN] Step: 76 ; Loss: 27.144 ; Acc: 33.820
2018-09-19 14:28:08,307:INFO: [TRAIN] Step: 77 ; Loss: 30.284 ; Acc: 33.761
2018-09-19 14:28:08,381:INFO: [TRAIN] Step: 78 ; Loss: 29.440 ; Acc: 33.703
2018-09-19 14:28:08,464:INFO: [TRAIN] Step: 79 ; Loss: 25.250 ; Acc: 33.854
2018-09-19 14:28:08,539:INFO: [TRAIN] Step: 80 ; Loss: 29.583 ; Acc: 33.796
2018-09-19 14:28:08,620:INFO: [TRAIN] Step: 81 ; Loss: 28.236 ; Acc: 33.943
2018-09-19 14:28:08,692:INFO: [TRAIN] Step: 82 ; Loss: 28.233 ; Acc: 33.986
2018-09-19 14:28:08,774:INFO: [TRAIN] Step: 83 ; Loss: 29.640 ; Acc: 34.028
2018-09-19 14:28:08,850:INFO: [TRAIN] Step: 84 ; Loss: 29.453 ; Acc: 33.922
2018-09-19 14:28:08,929:INFO: [TRAIN] Step: 85 ; Loss: 27.077 ; Acc: 34.060
2018-09-19 14:28:09,004:INFO: [TRAIN] Step: 86 ; Loss: 28.950 ; Acc: 34.052
2018-09-19 14:28:09,101:INFO: [TRAIN] Step: 87 ; Loss: 31.679 ; Acc: 33.949
2018-09-19 14:28:09,177:INFO: [TRAIN] Step: 88 ; Loss: 31.004 ; Acc: 33.989
2018-09-19 14:28:09,261:INFO: [TRAIN] Step: 89 ; Loss: 26.332 ; Acc: 34.259
2018-09-19 14:28:09,334:INFO: [TRAIN] Step: 90 ; Loss: 32.619 ; Acc: 34.295
2018-09-19 14:28:09,413:INFO: [TRAIN] Step: 91 ; Loss: 27.713 ; Acc: 34.375
2018-09-19 14:28:09,489:INFO: [TRAIN] Step: 92 ; Loss: 24.028 ; Acc: 34.453
2018-09-19 14:28:09,568:INFO: [TRAIN] Step: 93 ; Loss: 26.160 ; Acc: 34.530
2018-09-19 14:28:09,640:INFO: [TRAIN] Step: 94 ; Loss: 27.748 ; Acc: 34.649
2018-09-19 14:28:09,721:INFO: [TRAIN] Step: 95 ; Loss: 25.914 ; Acc: 34.679
2018-09-19 14:28:09,797:INFO: [TRAIN] Step: 96 ; Loss: 30.859 ; Acc: 34.665
2018-09-19 14:28:09,875:INFO: [TRAIN] Step: 97 ; Loss: 25.529 ; Acc: 34.821
2018-09-19 14:28:09,951:INFO: [TRAIN] Step: 98 ; Loss: 27.858 ; Acc: 34.806
2018-09-19 14:28:10,031:INFO: [TRAIN] Step: 99 ; Loss: 26.074 ; Acc: 34.833
2018-09-19 14:28:10,106:INFO: [TRAIN] Step: 100 ; Loss: 28.526 ; Acc: 34.901
2018-09-19 14:28:10,188:INFO: [TRAIN] Step: 101 ; Loss: 28.703 ; Acc: 34.804
2018-09-19 14:28:10,262:INFO: [TRAIN] Step: 102 ; Loss: 29.405 ; Acc: 34.911
2018-09-19 14:28:10,342:INFO: [TRAIN] Step: 103 ; Loss: 28.080 ; Acc: 35.176
2018-09-19 14:28:10,414:INFO: [TRAIN] Step: 104 ; Loss: 26.266 ; Acc: 35.317
2018-09-19 14:28:10,493:INFO: [TRAIN] Step: 105 ; Loss: 25.448 ; Acc: 35.299
2018-09-19 14:28:10,567:INFO: [TRAIN] Step: 106 ; Loss: 27.904 ; Acc: 35.397
2018-09-19 14:28:10,646:INFO: [TRAIN] Step: 107 ; Loss: 28.390 ; Acc: 35.455
2018-09-19 14:28:10,721:INFO: [TRAIN] Step: 108 ; Loss: 23.670 ; Acc: 35.627
2018-09-19 14:28:10,803:INFO: [TRAIN] Step: 109 ; Loss: 24.011 ; Acc: 35.720
2018-09-19 14:28:10,883:INFO: [TRAIN] Step: 110 ; Loss: 31.861 ; Acc: 35.698
2018-09-19 14:28:10,963:INFO: [TRAIN] Step: 111 ; Loss: 27.609 ; Acc: 35.677
2018-09-19 14:28:11,038:INFO: [TRAIN] Step: 112 ; Loss: 30.108 ; Acc: 35.767
2018-09-19 14:28:11,117:INFO: [TRAIN] Step: 113 ; Loss: 29.052 ; Acc: 35.892
2018-09-19 14:28:11,191:INFO: [TRAIN] Step: 114 ; Loss: 27.956 ; Acc: 35.942
2018-09-19 14:28:11,270:INFO: [TRAIN] Step: 115 ; Loss: 26.710 ; Acc: 36.027
2018-09-19 14:28:11,343:INFO: [TRAIN] Step: 116 ; Loss: 27.470 ; Acc: 36.004
2018-09-19 14:28:11,422:INFO: [TRAIN] Step: 117 ; Loss: 30.015 ; Acc: 36.052
2018-09-19 14:28:11,496:INFO: [TRAIN] Step: 118 ; Loss: 28.288 ; Acc: 36.134
2018-09-19 14:28:11,575:INFO: [TRAIN] Step: 119 ; Loss: 25.726 ; Acc: 36.146
2018-09-19 14:28:11,648:INFO: [TRAIN] Step: 120 ; Loss: 27.010 ; Acc: 36.088
2018-09-19 14:28:11,727:INFO: [TRAIN] Step: 121 ; Loss: 27.987 ; Acc: 36.066
2018-09-19 14:28:11,802:INFO: [TRAIN] Step: 122 ; Loss: 25.534 ; Acc: 36.179
2018-09-19 14:28:11,882:INFO: [TRAIN] Step: 123 ; Loss: 25.905 ; Acc: 36.257
2018-09-19 14:28:11,954:INFO: [TRAIN] Step: 124 ; Loss: 28.019 ; Acc: 36.300
2018-09-19 14:28:12,034:INFO: [TRAIN] Step: 125 ; Loss: 30.159 ; Acc: 36.177
2018-09-19 14:28:12,107:INFO: [TRAIN] Step: 126 ; Loss: 29.312 ; Acc: 36.155
2018-09-19 14:28:12,188:INFO: [TRAIN] Step: 127 ; Loss: 25.138 ; Acc: 36.328
2018-09-19 14:28:12,264:INFO: [TRAIN] Step: 128 ; Loss: 25.287 ; Acc: 36.402
2018-09-19 14:28:12,363:INFO: [TRAIN] Step: 129 ; Loss: 31.608 ; Acc: 36.474
2018-09-19 14:28:12,436:INFO: [TRAIN] Step: 130 ; Loss: 27.610 ; Acc: 36.546
2018-09-19 14:28:12,520:INFO: [TRAIN] Step: 131 ; Loss: 29.138 ; Acc: 36.458
2018-09-19 14:28:12,592:INFO: [TRAIN] Step: 132 ; Loss: 29.228 ; Acc: 36.435
2018-09-19 14:28:12,673:INFO: [TRAIN] Step: 133 ; Loss: 27.290 ; Acc: 36.474
2018-09-19 14:28:12,747:INFO: [TRAIN] Step: 134 ; Loss: 27.916 ; Acc: 36.512
2018-09-19 14:28:12,826:INFO: [TRAIN] Step: 135 ; Loss: 25.963 ; Acc: 36.458
2018-09-19 14:28:12,899:INFO: [TRAIN] Step: 136 ; Loss: 29.264 ; Acc: 36.527
2018-09-19 14:28:12,979:INFO: [TRAIN] Step: 137 ; Loss: 28.149 ; Acc: 36.504
2018-09-19 14:28:13,056:INFO: [TRAIN] Step: 138 ; Loss: 27.590 ; Acc: 36.601
2018-09-19 14:28:13,136:INFO: [TRAIN] Step: 139 ; Loss: 29.115 ; Acc: 36.518
2018-09-19 14:28:13,209:INFO: [TRAIN] Step: 140 ; Loss: 34.219 ; Acc: 36.436
2018-09-19 14:28:13,291:INFO: [TRAIN] Step: 141 ; Loss: 25.671 ; Acc: 36.590
2018-09-19 14:28:13,368:INFO: [TRAIN] Step: 142 ; Loss: 28.372 ; Acc: 36.626
2018-09-19 14:28:13,448:INFO: [TRAIN] Step: 143 ; Loss: 26.421 ; Acc: 36.603
2018-09-19 14:28:13,521:INFO: [TRAIN] Step: 144 ; Loss: 27.749 ; Acc: 36.638
2018-09-19 14:28:13,600:INFO: [TRAIN] Step: 145 ; Loss: 24.688 ; Acc: 36.615
2018-09-19 14:28:13,674:INFO: [TRAIN] Step: 146 ; Loss: 25.639 ; Acc: 36.650
2018-09-19 14:28:13,755:INFO: [TRAIN] Step: 147 ; Loss: 29.747 ; Acc: 36.684
2018-09-19 14:28:13,834:INFO: [TRAIN] Step: 148 ; Loss: 28.293 ; Acc: 36.773
2018-09-19 14:28:13,913:INFO: [TRAIN] Step: 149 ; Loss: 29.495 ; Acc: 36.806
2018-09-19 14:28:13,986:INFO: [TRAIN] Step: 150 ; Loss: 25.613 ; Acc: 36.783
2018-09-19 14:28:14,069:INFO: [TRAIN] Step: 151 ; Loss: 25.770 ; Acc: 36.787
2018-09-19 14:28:14,143:INFO: [TRAIN] Step: 152 ; Loss: 26.378 ; Acc: 36.901
2018-09-19 14:28:14,224:INFO: [TRAIN] Step: 153 ; Loss: 22.621 ; Acc: 37.013
2018-09-19 14:28:14,298:INFO: [TRAIN] Step: 154 ; Loss: 28.392 ; Acc: 36.935
2018-09-19 14:28:14,379:INFO: [TRAIN] Step: 155 ; Loss: 26.625 ; Acc: 36.939
2018-09-19 14:28:14,451:INFO: [TRAIN] Step: 156 ; Loss: 24.002 ; Acc: 36.996
2018-09-19 14:28:14,532:INFO: [TRAIN] Step: 157 ; Loss: 35.846 ; Acc: 36.973
2018-09-19 14:28:14,604:INFO: [TRAIN] Step: 158 ; Loss: 29.119 ; Acc: 37.107
2018-09-19 14:28:14,687:INFO: [TRAIN] Step: 159 ; Loss: 24.019 ; Acc: 37.214
2018-09-19 14:28:14,761:INFO: [TRAIN] Step: 160 ; Loss: 24.641 ; Acc: 37.345
2018-09-19 14:28:14,841:INFO: [TRAIN] Step: 161 ; Loss: 22.701 ; Acc: 37.449
2018-09-19 14:28:14,915:INFO: [TRAIN] Step: 162 ; Loss: 26.190 ; Acc: 37.423
2018-09-19 14:28:14,995:INFO: [TRAIN] Step: 163 ; Loss: 25.679 ; Acc: 37.475
2018-09-19 14:28:15,067:INFO: [TRAIN] Step: 164 ; Loss: 26.453 ; Acc: 37.475
2018-09-19 14:28:15,149:INFO: [TRAIN] Step: 165 ; Loss: 24.419 ; Acc: 37.525
2018-09-19 14:28:15,223:INFO: [TRAIN] Step: 166 ; Loss: 22.686 ; Acc: 37.500
2018-09-19 14:28:15,302:INFO: [TRAIN] Step: 167 ; Loss: 26.879 ; Acc: 37.500
2018-09-19 14:28:15,377:INFO: [TRAIN] Step: 168 ; Loss: 25.981 ; Acc: 37.599
2018-09-19 14:28:15,459:INFO: [TRAIN] Step: 169 ; Loss: 23.663 ; Acc: 37.647
2018-09-19 14:28:15,543:INFO: [TRAIN] Step: 170 ; Loss: 25.832 ; Acc: 37.671
2018-09-19 14:28:15,624:INFO: [TRAIN] Step: 171 ; Loss: 35.055 ; Acc: 37.670
2018-09-19 14:28:15,699:INFO: [TRAIN] Step: 172 ; Loss: 25.551 ; Acc: 37.789
2018-09-19 14:28:15,780:INFO: [TRAIN] Step: 173 ; Loss: 29.039 ; Acc: 37.811
2018-09-19 14:28:15,855:INFO: [TRAIN] Step: 174 ; Loss: 30.154 ; Acc: 37.810
2018-09-19 14:28:15,935:INFO: [TRAIN] Step: 175 ; Loss: 30.551 ; Acc: 37.808
2018-09-19 14:28:16,009:INFO: [TRAIN] Step: 176 ; Loss: 27.918 ; Acc: 37.853
2018-09-19 14:28:16,088:INFO: [TRAIN] Step: 177 ; Loss: 27.806 ; Acc: 37.851
2018-09-19 14:28:16,161:INFO: [TRAIN] Step: 178 ; Loss: 26.401 ; Acc: 37.989
2018-09-19 14:28:16,241:INFO: [TRAIN] Step: 179 ; Loss: 28.068 ; Acc: 37.986
2018-09-19 14:28:16,314:INFO: [TRAIN] Step: 180 ; Loss: 26.856 ; Acc: 38.076
2018-09-19 14:28:16,394:INFO: [TRAIN] Step: 181 ; Loss: 23.553 ; Acc: 38.164
2018-09-19 14:28:16,468:INFO: [TRAIN] Step: 182 ; Loss: 25.843 ; Acc: 38.183
2018-09-19 14:28:16,557:INFO: [TRAIN] Step: 183 ; Loss: 25.142 ; Acc: 38.157
2018-09-19 14:28:16,629:INFO: [TRAIN] Step: 184 ; Loss: 24.842 ; Acc: 38.176
2018-09-19 14:28:16,710:INFO: [TRAIN] Step: 185 ; Loss: 28.827 ; Acc: 38.194
2018-09-19 14:28:16,784:INFO: [TRAIN] Step: 186 ; Loss: 24.388 ; Acc: 38.324
2018-09-19 14:28:16,865:INFO: [TRAIN] Step: 187 ; Loss: 22.431 ; Acc: 38.387
2018-09-19 14:28:16,939:INFO: [TRAIN] Step: 188 ; Loss: 22.910 ; Acc: 38.492
2018-09-19 14:28:17,017:INFO: [TRAIN] Step: 189 ; Loss: 27.542 ; Acc: 38.531
2018-09-19 14:28:17,093:INFO: [TRAIN] Step: 190 ; Loss: 24.798 ; Acc: 38.547
2018-09-19 14:28:17,173:INFO: [TRAIN] Step: 191 ; Loss: 25.113 ; Acc: 38.585
2018-09-19 14:28:17,248:INFO: [TRAIN] Step: 192 ; Loss: 29.998 ; Acc: 38.536
2018-09-19 14:28:17,326:INFO: [TRAIN] Step: 193 ; Loss: 27.757 ; Acc: 38.552
2018-09-19 14:28:17,399:INFO: [TRAIN] Step: 194 ; Loss: 25.259 ; Acc: 38.654
2018-09-19 14:28:17,481:INFO: [TRAIN] Step: 195 ; Loss: 25.533 ; Acc: 38.733
2018-09-19 14:28:17,555:INFO: [TRAIN] Step: 196 ; Loss: 30.069 ; Acc: 38.663
2018-09-19 14:28:17,651:INFO: [TRAIN] Step: 197 ; Loss: 22.025 ; Acc: 38.784
2018-09-19 14:28:17,727:INFO: [TRAIN] Step: 198 ; Loss: 24.666 ; Acc: 38.819
2018-09-19 14:28:17,808:INFO: [TRAIN] Step: 199 ; Loss: 30.233 ; Acc: 38.812
2018-09-19 14:28:17,880:INFO: [TRAIN] Step: 200 ; Loss: 27.448 ; Acc: 38.868
2018-09-19 14:28:17,960:INFO: [TRAIN] Step: 201 ; Loss: 25.418 ; Acc: 38.944
2018-09-19 14:28:18,032:INFO: [TRAIN] Step: 202 ; Loss: 23.636 ; Acc: 39.039
2018-09-19 14:28:18,114:INFO: [TRAIN] Step: 203 ; Loss: 24.005 ; Acc: 39.093
2018-09-19 14:28:18,192:INFO: [TRAIN] Step: 204 ; Loss: 30.006 ; Acc: 39.065
2018-09-19 14:28:18,272:INFO: [TRAIN] Step: 205 ; Loss: 25.015 ; Acc: 39.098
2018-09-19 14:28:18,344:INFO: [TRAIN] Step: 206 ; Loss: 28.141 ; Acc: 39.151
2018-09-19 14:28:18,427:INFO: [TRAIN] Step: 207 ; Loss: 26.746 ; Acc: 39.223
2018-09-19 14:28:18,506:INFO: [TRAIN] Step: 208 ; Loss: 26.387 ; Acc: 39.254
2018-09-19 14:28:18,586:INFO: [TRAIN] Step: 209 ; Loss: 25.170 ; Acc: 39.306
2018-09-19 14:28:18,659:INFO: [TRAIN] Step: 210 ; Loss: 26.382 ; Acc: 39.277
2018-09-19 14:28:18,740:INFO: [TRAIN] Step: 211 ; Loss: 24.378 ; Acc: 39.289
2018-09-19 14:28:18,815:INFO: [TRAIN] Step: 212 ; Loss: 24.719 ; Acc: 39.378
2018-09-19 14:28:18,897:INFO: [TRAIN] Step: 213 ; Loss: 26.222 ; Acc: 39.428
2018-09-19 14:28:18,971:INFO: [TRAIN] Step: 214 ; Loss: 24.249 ; Acc: 39.477
2018-09-19 14:28:19,051:INFO: [TRAIN] Step: 215 ; Loss: 22.524 ; Acc: 39.506
2018-09-19 14:28:19,125:INFO: [TRAIN] Step: 216 ; Loss: 29.046 ; Acc: 39.555
2018-09-19 14:28:19,209:INFO: [TRAIN] Step: 217 ; Loss: 22.964 ; Acc: 39.641
2018-09-19 14:28:19,284:INFO: [TRAIN] Step: 218 ; Loss: 22.786 ; Acc: 39.669
2018-09-19 14:28:19,364:INFO: [TRAIN] Step: 219 ; Loss: 24.499 ; Acc: 39.678
2018-09-19 14:28:19,439:INFO: [TRAIN] Step: 220 ; Loss: 29.020 ; Acc: 39.706
2018-09-19 14:28:19,520:INFO: [TRAIN] Step: 221 ; Loss: 25.658 ; Acc: 39.771
2018-09-19 14:28:19,592:INFO: [TRAIN] Step: 222 ; Loss: 25.022 ; Acc: 39.798
2018-09-19 14:28:19,673:INFO: [TRAIN] Step: 223 ; Loss: 23.453 ; Acc: 39.788
2018-09-19 14:28:19,748:INFO: [TRAIN] Step: 224 ; Loss: 27.947 ; Acc: 39.778
2018-09-19 14:28:19,834:INFO: [TRAIN] Step: 225 ; Loss: 21.382 ; Acc: 39.823
2018-09-19 14:28:19,908:INFO: [TRAIN] Step: 226 ; Loss: 25.491 ; Acc: 39.941
2018-09-19 14:28:19,988:INFO: [TRAIN] Step: 227 ; Loss: 23.018 ; Acc: 40.004
2018-09-19 14:28:20,065:INFO: [TRAIN] Step: 228 ; Loss: 29.971 ; Acc: 39.993
2018-09-19 14:28:20,144:INFO: [TRAIN] Step: 229 ; Loss: 25.004 ; Acc: 39.982
2018-09-19 14:28:20,217:INFO: [TRAIN] Step: 230 ; Loss: 22.618 ; Acc: 40.079
2018-09-19 14:28:20,298:INFO: [TRAIN] Step: 231 ; Loss: 24.242 ; Acc: 40.158
2018-09-19 14:28:20,371:INFO: [TRAIN] Step: 232 ; Loss: 25.698 ; Acc: 40.218
2018-09-19 14:28:20,451:INFO: [TRAIN] Step: 233 ; Loss: 30.770 ; Acc: 40.153
2018-09-19 14:28:20,523:INFO: [TRAIN] Step: 234 ; Loss: 27.160 ; Acc: 40.089
2018-09-19 14:28:20,603:INFO: [TRAIN] Step: 235 ; Loss: 23.234 ; Acc: 40.095
2018-09-19 14:28:20,678:INFO: [TRAIN] Step: 236 ; Loss: 25.494 ; Acc: 40.190
2018-09-19 14:28:20,760:INFO: [TRAIN] Step: 237 ; Loss: 26.509 ; Acc: 40.231
2018-09-19 14:28:20,835:INFO: [TRAIN] Step: 238 ; Loss: 21.900 ; Acc: 40.272
2018-09-19 14:28:20,915:INFO: [TRAIN] Step: 239 ; Loss: 21.175 ; Acc: 40.330
2018-09-19 14:28:20,986:INFO: [TRAIN] Step: 240 ; Loss: 22.313 ; Acc: 40.405
2018-09-19 14:28:21,066:INFO: [TRAIN] Step: 241 ; Loss: 27.420 ; Acc: 40.358
2018-09-19 14:28:21,138:INFO: [TRAIN] Step: 242 ; Loss: 31.501 ; Acc: 40.329
2018-09-19 14:28:21,220:INFO: [TRAIN] Step: 243 ; Loss: 24.916 ; Acc: 40.335
2018-09-19 14:28:21,293:INFO: [TRAIN] Step: 244 ; Loss: 22.490 ; Acc: 40.391
2018-09-19 14:28:21,373:INFO: [TRAIN] Step: 245 ; Loss: 28.279 ; Acc: 40.379
2018-09-19 14:28:21,446:INFO: [TRAIN] Step: 246 ; Loss: 29.682 ; Acc: 40.452
2018-09-19 14:28:21,525:INFO: [TRAIN] Step: 247 ; Loss: 27.529 ; Acc: 40.457
2018-09-19 14:28:21,599:INFO: [TRAIN] Step: 248 ; Loss: 24.615 ; Acc: 40.462
2018-09-19 14:28:21,679:INFO: [TRAIN] Step: 249 ; Loss: 22.085 ; Acc: 40.467
2018-09-19 14:28:21,751:INFO: [TRAIN] Step: 250 ; Loss: 25.891 ; Acc: 40.505
2018-09-19 14:28:21,834:INFO: [TRAIN] Step: 251 ; Loss: 24.815 ; Acc: 40.559
2018-09-19 14:28:21,906:INFO: [TRAIN] Step: 252 ; Loss: 21.702 ; Acc: 40.629
2018-09-19 14:28:21,986:INFO: [TRAIN] Step: 253 ; Loss: 28.523 ; Acc: 40.666
2018-09-19 14:28:22,060:INFO: [TRAIN] Step: 254 ; Loss: 24.851 ; Acc: 40.752
2018-09-19 14:28:22,138:INFO: [TRAIN] Step: 255 ; Loss: 29.384 ; Acc: 40.804
2018-09-19 14:28:22,212:INFO: [TRAIN] Step: 256 ; Loss: 23.373 ; Acc: 40.840
2018-09-19 14:28:22,293:INFO: [TRAIN] Step: 257 ; Loss: 25.859 ; Acc: 40.827
2018-09-19 14:28:22,366:INFO: [TRAIN] Step: 258 ; Loss: 21.181 ; Acc: 40.878
2018-09-19 14:28:22,447:INFO: [TRAIN] Step: 259 ; Loss: 25.638 ; Acc: 40.913
2018-09-19 14:28:22,520:INFO: [TRAIN] Step: 260 ; Loss: 25.159 ; Acc: 40.980
2018-09-19 14:28:22,599:INFO: [TRAIN] Step: 261 ; Loss: 26.888 ; Acc: 41.015
2018-09-19 14:28:22,675:INFO: [TRAIN] Step: 262 ; Loss: 22.298 ; Acc: 41.112
2018-09-19 14:28:22,754:INFO: [TRAIN] Step: 263 ; Loss: 22.531 ; Acc: 41.162
2018-09-19 14:28:22,828:INFO: [TRAIN] Step: 264 ; Loss: 26.676 ; Acc: 41.179
2018-09-19 14:28:22,907:INFO: [TRAIN] Step: 265 ; Loss: 22.154 ; Acc: 41.244
2018-09-19 14:28:22,980:INFO: [TRAIN] Step: 266 ; Loss: 26.413 ; Acc: 41.230
2018-09-19 14:28:23,059:INFO: [TRAIN] Step: 267 ; Loss: 24.711 ; Acc: 41.262
2018-09-19 14:28:23,132:INFO: [TRAIN] Step: 268 ; Loss: 24.304 ; Acc: 41.279
2018-09-19 14:28:23,213:INFO: [TRAIN] Step: 269 ; Loss: 25.266 ; Acc: 41.265
2018-09-19 14:28:23,287:INFO: [TRAIN] Step: 270 ; Loss: 25.516 ; Acc: 41.267
2018-09-19 14:28:23,369:INFO: [TRAIN] Step: 271 ; Loss: 22.461 ; Acc: 41.345
2018-09-19 14:28:23,443:INFO: [TRAIN] Step: 272 ; Loss: 21.909 ; Acc: 41.392
2018-09-19 14:28:23,525:INFO: [TRAIN] Step: 273 ; Loss: 28.453 ; Acc: 41.454
2018-09-19 14:28:23,597:INFO: [TRAIN] Step: 274 ; Loss: 26.117 ; Acc: 41.470
2018-09-19 14:28:23,676:INFO: [TRAIN] Step: 275 ; Loss: 22.497 ; Acc: 41.516
2018-09-19 14:28:23,750:INFO: [TRAIN] Step: 276 ; Loss: 22.414 ; Acc: 41.561
2018-09-19 14:28:23,830:INFO: [TRAIN] Step: 277 ; Loss: 25.808 ; Acc: 41.592
2018-09-19 14:28:23,905:INFO: [TRAIN] Step: 278 ; Loss: 22.241 ; Acc: 41.637
2018-09-19 14:28:23,986:INFO: [TRAIN] Step: 279 ; Loss: 24.680 ; Acc: 41.652
2018-09-19 14:28:24,060:INFO: [TRAIN] Step: 280 ; Loss: 26.265 ; Acc: 41.696
2018-09-19 14:28:24,142:INFO: [TRAIN] Step: 281 ; Loss: 21.184 ; Acc: 41.770
2018-09-19 14:28:24,218:INFO: [TRAIN] Step: 282 ; Loss: 21.337 ; Acc: 41.784
2018-09-19 14:28:24,297:INFO: [TRAIN] Step: 283 ; Loss: 24.319 ; Acc: 41.784
2018-09-19 14:28:24,373:INFO: [TRAIN] Step: 284 ; Loss: 21.380 ; Acc: 41.784
2018-09-19 14:28:24,451:INFO: [TRAIN] Step: 285 ; Loss: 23.262 ; Acc: 41.827
2018-09-19 14:28:24,525:INFO: [TRAIN] Step: 286 ; Loss: 33.504 ; Acc: 41.783
2018-09-19 14:28:24,604:INFO: [TRAIN] Step: 287 ; Loss: 27.047 ; Acc: 41.797
2018-09-19 14:28:24,677:INFO: [TRAIN] Step: 288 ; Loss: 20.821 ; Acc: 41.869
2018-09-19 14:28:24,757:INFO: [TRAIN] Step: 289 ; Loss: 25.953 ; Acc: 41.897
2018-09-19 14:28:24,829:INFO: [TRAIN] Step: 290 ; Loss: 29.855 ; Acc: 41.896
2018-09-19 14:28:24,909:INFO: [TRAIN] Step: 291 ; Loss: 24.958 ; Acc: 41.924
2018-09-19 14:28:24,985:INFO: [TRAIN] Step: 292 ; Loss: 25.297 ; Acc: 41.965
2018-09-19 14:28:25,064:INFO: [TRAIN] Step: 293 ; Loss: 23.346 ; Acc: 42.007
2018-09-19 14:28:25,140:INFO: [TRAIN] Step: 294 ; Loss: 24.390 ; Acc: 42.048
2018-09-19 14:28:25,220:INFO: [TRAIN] Step: 295 ; Loss: 23.145 ; Acc: 42.103
2018-09-19 14:28:25,292:INFO: [TRAIN] Step: 296 ; Loss: 24.343 ; Acc: 42.158
2018-09-19 14:28:25,372:INFO: [TRAIN] Step: 297 ; Loss: 23.655 ; Acc: 42.198
2018-09-19 14:28:25,448:INFO: [TRAIN] Step: 298 ; Loss: 24.404 ; Acc: 42.224
2018-09-19 14:28:25,529:INFO: [TRAIN] Step: 299 ; Loss: 22.787 ; Acc: 42.292
2018-09-19 14:28:25,602:INFO: [TRAIN] Step: 300 ; Loss: 28.357 ; Acc: 42.290
2018-09-19 14:28:25,680:INFO: [TRAIN] Step: 301 ; Loss: 26.114 ; Acc: 42.260
2018-09-19 14:28:25,755:INFO: [TRAIN] Step: 302 ; Loss: 22.250 ; Acc: 42.285
2018-09-19 14:28:25,836:INFO: [TRAIN] Step: 303 ; Loss: 20.954 ; Acc: 42.421
2018-09-19 14:28:25,909:INFO: [TRAIN] Step: 304 ; Loss: 20.442 ; Acc: 42.445
2018-09-19 14:28:25,989:INFO: [TRAIN] Step: 305 ; Loss: 24.983 ; Acc: 42.484
2018-09-19 14:28:26,072:INFO: [TRAIN] Step: 306 ; Loss: 22.571 ; Acc: 42.508
2018-09-19 14:28:26,152:INFO: [TRAIN] Step: 307 ; Loss: 24.123 ; Acc: 42.560
2018-09-19 14:28:26,224:INFO: [TRAIN] Step: 308 ; Loss: 28.175 ; Acc: 42.543
2018-09-19 14:28:26,306:INFO: [TRAIN] Step: 309 ; Loss: 28.897 ; Acc: 42.527
2018-09-19 14:28:26,381:INFO: [TRAIN] Step: 310 ; Loss: 23.084 ; Acc: 42.591
2018-09-19 14:28:26,461:INFO: [TRAIN] Step: 311 ; Loss: 23.255 ; Acc: 42.615
2018-09-19 14:28:26,536:INFO: [TRAIN] Step: 312 ; Loss: 26.083 ; Acc: 42.625
2018-09-19 14:28:26,615:INFO: [TRAIN] Step: 313 ; Loss: 23.843 ; Acc: 42.635
2018-09-19 14:28:26,688:INFO: [TRAIN] Step: 314 ; Loss: 24.463 ; Acc: 42.672
2018-09-19 14:28:26,768:INFO: [TRAIN] Step: 315 ; Loss: 24.337 ; Acc: 42.722
2018-09-19 14:28:26,842:INFO: [TRAIN] Step: 316 ; Loss: 24.384 ; Acc: 42.679
2018-09-19 14:28:26,921:INFO: [TRAIN] Step: 317 ; Loss: 24.167 ; Acc: 42.662
2018-09-19 14:28:26,995:INFO: [TRAIN] Step: 318 ; Loss: 24.236 ; Acc: 42.646
2018-09-19 14:28:27,075:INFO: [TRAIN] Step: 319 ; Loss: 20.840 ; Acc: 42.682
2018-09-19 14:28:27,148:INFO: [TRAIN] Step: 320 ; Loss: 23.862 ; Acc: 42.666
2018-09-19 14:28:27,227:INFO: [TRAIN] Step: 321 ; Loss: 24.552 ; Acc: 42.650
2018-09-19 14:28:27,302:INFO: [TRAIN] Step: 322 ; Loss: 20.578 ; Acc: 42.737
2018-09-19 14:28:27,385:INFO: [TRAIN] Step: 323 ; Loss: 21.718 ; Acc: 42.811
2018-09-19 14:28:27,459:INFO: [TRAIN] Step: 324 ; Loss: 23.842 ; Acc: 42.833
2018-09-19 14:28:27,540:INFO: [TRAIN] Step: 325 ; Loss: 22.515 ; Acc: 42.855
2018-09-19 14:28:27,614:INFO: [TRAIN] Step: 326 ; Loss: 23.003 ; Acc: 42.877
2018-09-19 14:28:27,694:INFO: [TRAIN] Step: 327 ; Loss: 21.208 ; Acc: 42.924
2018-09-19 14:28:27,768:INFO: [TRAIN] Step: 328 ; Loss: 23.923 ; Acc: 42.946
2018-09-19 14:28:27,848:INFO: [TRAIN] Step: 329 ; Loss: 27.304 ; Acc: 42.942
2018-09-19 14:28:27,921:INFO: [TRAIN] Step: 330 ; Loss: 20.173 ; Acc: 43.001
2018-09-19 14:28:28,001:INFO: [TRAIN] Step: 331 ; Loss: 27.249 ; Acc: 42.997
2018-09-19 14:28:28,073:INFO: [TRAIN] Step: 332 ; Loss: 24.691 ; Acc: 43.018
2018-09-19 14:28:28,154:INFO: [TRAIN] Step: 333 ; Loss: 27.521 ; Acc: 43.014
2018-09-19 14:28:28,244:INFO: [TRAIN] Step: 334 ; Loss: 26.354 ; Acc: 43.022
2018-09-19 14:28:28,337:INFO: [TRAIN] Step: 335 ; Loss: 19.077 ; Acc: 43.068
2018-09-19 14:28:28,420:INFO: [TRAIN] Step: 336 ; Loss: 23.821 ; Acc: 43.113
2018-09-19 14:28:28,502:INFO: [TRAIN] Step: 337 ; Loss: 23.792 ; Acc: 43.158
2018-09-19 14:28:28,582:INFO: [TRAIN] Step: 338 ; Loss: 20.372 ; Acc: 43.203
2018-09-19 14:28:28,662:INFO: [TRAIN] Step: 339 ; Loss: 20.223 ; Acc: 43.223
2018-09-19 14:28:28,737:INFO: [TRAIN] Step: 340 ; Loss: 20.445 ; Acc: 43.267
2018-09-19 14:28:28,817:INFO: [TRAIN] Step: 341 ; Loss: 23.267 ; Acc: 43.324
2018-09-19 14:28:28,890:INFO: [TRAIN] Step: 342 ; Loss: 22.991 ; Acc: 43.367
2018-09-19 14:28:28,970:INFO: [TRAIN] Step: 343 ; Loss: 18.408 ; Acc: 43.435
2018-09-19 14:28:29,044:INFO: [TRAIN] Step: 344 ; Loss: 22.595 ; Acc: 43.466
2018-09-19 14:28:29,125:INFO: [TRAIN] Step: 345 ; Loss: 25.599 ; Acc: 43.485
2018-09-19 14:28:29,204:INFO: [TRAIN] Step: 346 ; Loss: 22.887 ; Acc: 43.540
2018-09-19 14:28:29,284:INFO: [TRAIN] Step: 347 ; Loss: 20.179 ; Acc: 43.618
2018-09-19 14:28:29,357:INFO: [TRAIN] Step: 348 ; Loss: 24.749 ; Acc: 43.660
2018-09-19 14:28:29,437:INFO: [TRAIN] Step: 349 ; Loss: 21.540 ; Acc: 43.679
2018-09-19 14:28:29,509:INFO: [TRAIN] Step: 350 ; Loss: 24.004 ; Acc: 43.697
2018-09-19 14:28:29,592:INFO: [TRAIN] Step: 351 ; Loss: 22.258 ; Acc: 43.726
2018-09-19 14:28:29,665:INFO: [TRAIN] Step: 352 ; Loss: 20.455 ; Acc: 43.815
2018-09-19 14:28:29,747:INFO: [TRAIN] Step: 353 ; Loss: 31.156 ; Acc: 43.785
2018-09-19 14:28:29,819:INFO: [TRAIN] Step: 354 ; Loss: 21.239 ; Acc: 43.779
2018-09-19 14:28:29,901:INFO: [TRAIN] Step: 355 ; Loss: 18.506 ; Acc: 43.832
2018-09-19 14:28:29,976:INFO: [TRAIN] Step: 356 ; Loss: 25.442 ; Acc: 43.849
2018-09-19 14:28:30,057:INFO: [TRAIN] Step: 357 ; Loss: 21.770 ; Acc: 43.878
2018-09-19 14:28:30,130:INFO: [TRAIN] Step: 358 ; Loss: 17.360 ; Acc: 43.930
2018-09-19 14:28:30,212:INFO: [TRAIN] Step: 359 ; Loss: 22.555 ; Acc: 43.981
2018-09-19 14:28:30,287:INFO: [TRAIN] Step: 360 ; Loss: 24.804 ; Acc: 44.010
2018-09-19 14:28:30,368:INFO: [TRAIN] Step: 361 ; Loss: 28.088 ; Acc: 44.003
2018-09-19 14:28:30,442:INFO: [TRAIN] Step: 362 ; Loss: 22.696 ; Acc: 44.020
2018-09-19 14:28:30,522:INFO: [TRAIN] Step: 363 ; Loss: 24.055 ; Acc: 44.048
2018-09-19 14:28:30,595:INFO: [TRAIN] Step: 364 ; Loss: 22.349 ; Acc: 44.087
2018-09-19 14:28:30,677:INFO: [TRAIN] Step: 365 ; Loss: 22.331 ; Acc: 44.148
2018-09-19 14:28:30,749:INFO: [TRAIN] Step: 366 ; Loss: 24.120 ; Acc: 44.164
2018-09-19 14:28:30,832:INFO: [TRAIN] Step: 367 ; Loss: 22.670 ; Acc: 44.237
2018-09-19 14:28:30,906:INFO: [TRAIN] Step: 368 ; Loss: 23.667 ; Acc: 44.241
2018-09-19 14:28:30,988:INFO: [TRAIN] Step: 369 ; Loss: 22.146 ; Acc: 44.279
2018-09-19 14:28:31,062:INFO: [TRAIN] Step: 370 ; Loss: 26.237 ; Acc: 44.250
2018-09-19 14:28:31,142:INFO: [TRAIN] Step: 371 ; Loss: 24.298 ; Acc: 44.243
2018-09-19 14:28:31,214:INFO: [TRAIN] Step: 372 ; Loss: 33.373 ; Acc: 44.191
2018-09-19 14:28:31,293:INFO: [TRAIN] Step: 373 ; Loss: 30.493 ; Acc: 44.173
2018-09-19 14:28:31,366:INFO: [TRAIN] Step: 374 ; Loss: 23.113 ; Acc: 44.233
2018-09-19 14:28:31,446:INFO: [TRAIN] Step: 375 ; Loss: 23.996 ; Acc: 44.260
2018-09-19 14:28:31,521:INFO: [TRAIN] Step: 376 ; Loss: 22.580 ; Acc: 44.253
2018-09-19 14:28:31,601:INFO: [TRAIN] Step: 377 ; Loss: 21.618 ; Acc: 44.301
2018-09-19 14:28:31,676:INFO: [TRAIN] Step: 378 ; Loss: 25.009 ; Acc: 44.338
2018-09-19 14:28:31,757:INFO: [TRAIN] Step: 379 ; Loss: 23.042 ; Acc: 44.353
2018-09-19 14:28:31,828:INFO: [TRAIN] Step: 380 ; Loss: 22.709 ; Acc: 44.357
2018-09-19 14:28:31,908:INFO: [TRAIN] Step: 381 ; Loss: 22.996 ; Acc: 44.372
2018-09-19 14:28:31,983:INFO: [TRAIN] Step: 382 ; Loss: 27.998 ; Acc: 44.365
2018-09-19 14:28:32,063:INFO: [TRAIN] Step: 383 ; Loss: 22.157 ; Acc: 44.412
2018-09-19 14:28:32,138:INFO: [TRAIN] Step: 384 ; Loss: 21.987 ; Acc: 44.416
2018-09-19 14:28:32,217:INFO: [TRAIN] Step: 385 ; Loss: 27.987 ; Acc: 44.408
2018-09-19 14:28:32,291:INFO: [TRAIN] Step: 386 ; Loss: 23.213 ; Acc: 44.401
2018-09-19 14:28:32,373:INFO: [TRAIN] Step: 387 ; Loss: 23.035 ; Acc: 44.416
2018-09-19 14:28:32,444:INFO: [TRAIN] Step: 388 ; Loss: 19.408 ; Acc: 44.462
2018-09-19 14:28:32,525:INFO: [TRAIN] Step: 389 ; Loss: 24.028 ; Acc: 44.487
2018-09-19 14:28:32,600:INFO: [TRAIN] Step: 390 ; Loss: 21.560 ; Acc: 44.491
2018-09-19 14:28:32,680:INFO: [TRAIN] Step: 391 ; Loss: 20.867 ; Acc: 44.537
2018-09-19 14:28:32,753:INFO: [TRAIN] Step: 392 ; Loss: 22.111 ; Acc: 44.593
2018-09-19 14:28:32,833:INFO: [TRAIN] Step: 393 ; Loss: 23.487 ; Acc: 44.607
2018-09-19 14:28:32,907:INFO: [TRAIN] Step: 394 ; Loss: 20.406 ; Acc: 44.631
2018-09-19 14:28:32,987:INFO: [TRAIN] Step: 395 ; Loss: 20.219 ; Acc: 44.665
2018-09-19 14:28:33,060:INFO: [TRAIN] Step: 396 ; Loss: 20.291 ; Acc: 44.679
2018-09-19 14:28:33,142:INFO: [TRAIN] Step: 397 ; Loss: 24.321 ; Acc: 44.703
2018-09-19 14:28:33,217:INFO: [TRAIN] Step: 398 ; Loss: 24.406 ; Acc: 44.737
2018-09-19 14:28:33,299:INFO: [TRAIN] Step: 399 ; Loss: 21.177 ; Acc: 44.740
2018-09-19 14:28:33,371:INFO: [TRAIN] Step: 400 ; Loss: 25.143 ; Acc: 44.742
2018-09-19 14:28:33,453:INFO: [TRAIN] Step: 401 ; Loss: 23.265 ; Acc: 44.735
2018-09-19 14:28:33,526:INFO: [TRAIN] Step: 402 ; Loss: 21.069 ; Acc: 44.768
2018-09-19 14:28:33,606:INFO: [TRAIN] Step: 403 ; Loss: 24.915 ; Acc: 44.792
2018-09-19 14:28:33,678:INFO: [TRAIN] Step: 404 ; Loss: 21.873 ; Acc: 44.763
2018-09-19 14:28:33,761:INFO: [TRAIN] Step: 405 ; Loss: 23.716 ; Acc: 44.776
2018-09-19 14:28:33,835:INFO: [TRAIN] Step: 406 ; Loss: 20.749 ; Acc: 44.840
2018-09-19 14:28:33,919:INFO: [TRAIN] Step: 407 ; Loss: 23.012 ; Acc: 44.853
2018-09-19 14:28:33,992:INFO: [TRAIN] Step: 408 ; Loss: 18.793 ; Acc: 44.866
2018-09-19 14:28:34,073:INFO: [TRAIN] Step: 409 ; Loss: 23.293 ; Acc: 44.898
2018-09-19 14:28:34,149:INFO: [TRAIN] Step: 410 ; Loss: 26.121 ; Acc: 44.921
2018-09-19 14:28:34,229:INFO: [TRAIN] Step: 411 ; Loss: 22.870 ; Acc: 44.943
2018-09-19 14:28:34,301:INFO: [TRAIN] Step: 412 ; Loss: 23.906 ; Acc: 44.986
2018-09-19 14:28:34,381:INFO: [TRAIN] Step: 413 ; Loss: 24.461 ; Acc: 45.038
2018-09-19 14:28:34,453:INFO: [TRAIN] Step: 414 ; Loss: 20.939 ; Acc: 45.050
2018-09-19 14:28:34,533:INFO: [TRAIN] Step: 415 ; Loss: 20.612 ; Acc: 45.052
2018-09-19 14:28:34,605:INFO: [TRAIN] Step: 416 ; Loss: 25.629 ; Acc: 45.064
2018-09-19 14:28:34,686:INFO: [TRAIN] Step: 417 ; Loss: 21.502 ; Acc: 45.086
2018-09-19 14:28:34,761:INFO: [TRAIN] Step: 418 ; Loss: 24.539 ; Acc: 45.107
2018-09-19 14:28:34,840:INFO: [TRAIN] Step: 419 ; Loss: 25.812 ; Acc: 45.099
2018-09-19 14:28:34,918:INFO: [TRAIN] Step: 420 ; Loss: 19.023 ; Acc: 45.141
2018-09-19 14:28:34,998:INFO: [TRAIN] Step: 421 ; Loss: 25.045 ; Acc: 45.172
2018-09-19 14:28:35,072:INFO: [TRAIN] Step: 422 ; Loss: 21.508 ; Acc: 45.193
2018-09-19 14:28:35,152:INFO: [TRAIN] Step: 423 ; Loss: 19.624 ; Acc: 45.224
2018-09-19 14:28:35,227:INFO: [TRAIN] Step: 424 ; Loss: 23.029 ; Acc: 45.225
2018-09-19 14:28:35,307:INFO: [TRAIN] Step: 425 ; Loss: 22.309 ; Acc: 45.246
2018-09-19 14:28:35,379:INFO: [TRAIN] Step: 426 ; Loss: 23.458 ; Acc: 45.306
2018-09-19 14:28:35,458:INFO: [TRAIN] Step: 427 ; Loss: 20.067 ; Acc: 45.347
2018-09-19 14:28:35,533:INFO: [TRAIN] Step: 428 ; Loss: 20.957 ; Acc: 45.387
2018-09-19 14:28:35,612:INFO: [TRAIN] Step: 429 ; Loss: 18.736 ; Acc: 45.436
2018-09-19 14:28:35,684:INFO: [TRAIN] Step: 430 ; Loss: 25.631 ; Acc: 45.418
2018-09-19 14:28:35,765:INFO: [TRAIN] Step: 431 ; Loss: 25.767 ; Acc: 45.438
2018-09-19 14:28:35,839:INFO: [TRAIN] Step: 432 ; Loss: 25.602 ; Acc: 45.458
2018-09-19 14:28:35,919:INFO: [TRAIN] Step: 433 ; Loss: 32.340 ; Acc: 45.440
2018-09-19 14:28:35,994:INFO: [TRAIN] Step: 434 ; Loss: 20.895 ; Acc: 45.441
2018-09-19 14:28:36,081:INFO: [TRAIN] Step: 435 ; Loss: 23.996 ; Acc: 45.461
2018-09-19 14:28:36,154:INFO: [TRAIN] Step: 436 ; Loss: 25.232 ; Acc: 45.461
2018-09-19 14:28:36,234:INFO: [TRAIN] Step: 437 ; Loss: 27.004 ; Acc: 45.472
2018-09-19 14:28:36,307:INFO: [TRAIN] Step: 438 ; Loss: 24.123 ; Acc: 45.473
2018-09-19 14:28:36,390:INFO: [TRAIN] Step: 439 ; Loss: 21.036 ; Acc: 45.511
2018-09-19 14:28:36,464:INFO: [TRAIN] Step: 440 ; Loss: 24.986 ; Acc: 45.540
2018-09-19 14:28:36,543:INFO: [TRAIN] Step: 441 ; Loss: 19.672 ; Acc: 45.560
2018-09-19 14:28:36,615:INFO: [TRAIN] Step: 442 ; Loss: 17.766 ; Acc: 45.626
2018-09-19 14:28:36,697:INFO: [TRAIN] Step: 443 ; Loss: 25.929 ; Acc: 45.636
2018-09-19 14:28:36,769:INFO: [TRAIN] Step: 444 ; Loss: 18.397 ; Acc: 45.693
2018-09-19 14:28:36,850:INFO: [TRAIN] Step: 445 ; Loss: 22.037 ; Acc: 45.721
2018-09-19 14:28:36,924:INFO: [TRAIN] Step: 446 ; Loss: 24.795 ; Acc: 45.712
2018-09-19 14:28:37,003:INFO: [TRAIN] Step: 447 ; Loss: 21.288 ; Acc: 45.722
2018-09-19 14:28:37,076:INFO: [TRAIN] Step: 448 ; Loss: 22.643 ; Acc: 45.731
2018-09-19 14:28:37,158:INFO: [TRAIN] Step: 449 ; Loss: 22.130 ; Acc: 45.750
2018-09-19 14:28:37,234:INFO: [TRAIN] Step: 450 ; Loss: 23.658 ; Acc: 45.787
2018-09-19 14:28:37,314:INFO: [TRAIN] Step: 451 ; Loss: 18.967 ; Acc: 45.824
2018-09-19 14:28:37,387:INFO: [TRAIN] Step: 452 ; Loss: 25.961 ; Acc: 45.797
2018-09-19 14:28:37,468:INFO: [TRAIN] Step: 453 ; Loss: 20.937 ; Acc: 45.824
2018-09-19 14:28:37,540:INFO: [TRAIN] Step: 454 ; Loss: 21.963 ; Acc: 45.842
2018-09-19 14:28:37,618:INFO: [TRAIN] Step: 455 ; Loss: 24.668 ; Acc: 45.852
2018-09-19 14:28:37,693:INFO: [TRAIN] Step: 456 ; Loss: 21.309 ; Acc: 45.888
2018-09-19 14:28:37,772:INFO: [TRAIN] Step: 457 ; Loss: 18.396 ; Acc: 45.952
2018-09-19 14:28:37,848:INFO: [TRAIN] Step: 458 ; Loss: 24.566 ; Acc: 45.960
2018-09-19 14:28:37,927:INFO: [TRAIN] Step: 459 ; Loss: 25.443 ; Acc: 45.969
2018-09-19 14:28:38,002:INFO: [TRAIN] Step: 460 ; Loss: 18.720 ; Acc: 45.987
2018-09-19 14:28:38,082:INFO: [TRAIN] Step: 461 ; Loss: 19.711 ; Acc: 46.014
2018-09-19 14:28:38,157:INFO: [TRAIN] Step: 462 ; Loss: 24.599 ; Acc: 46.013
2018-09-19 14:28:38,237:INFO: [TRAIN] Step: 463 ; Loss: 26.372 ; Acc: 46.031
2018-09-19 14:28:38,312:INFO: [TRAIN] Step: 464 ; Loss: 24.245 ; Acc: 46.048
2018-09-19 14:28:38,395:INFO: [TRAIN] Step: 465 ; Loss: 26.863 ; Acc: 46.039
2018-09-19 14:28:38,467:INFO: [TRAIN] Step: 466 ; Loss: 22.673 ; Acc: 46.056
2018-09-19 14:28:38,549:INFO: [TRAIN] Step: 467 ; Loss: 28.380 ; Acc: 46.020
2018-09-19 14:28:38,626:INFO: [TRAIN] Step: 468 ; Loss: 28.939 ; Acc: 46.029
2018-09-19 14:28:38,708:INFO: [TRAIN] Step: 469 ; Loss: 21.729 ; Acc: 46.046
2018-09-19 14:28:38,781:INFO: [TRAIN] Step: 470 ; Loss: 29.162 ; Acc: 46.054
2018-09-19 14:28:38,863:INFO: [TRAIN] Step: 471 ; Loss: 24.102 ; Acc: 46.107
2018-09-19 14:28:38,938:INFO: [TRAIN] Step: 472 ; Loss: 22.378 ; Acc: 46.115
2018-09-19 14:28:39,018:INFO: [TRAIN] Step: 473 ; Loss: 21.845 ; Acc: 46.132
2018-09-19 14:28:39,094:INFO: [TRAIN] Step: 474 ; Loss: 25.327 ; Acc: 46.140
2018-09-19 14:28:39,174:INFO: [TRAIN] Step: 475 ; Loss: 23.377 ; Acc: 46.166
2018-09-19 14:28:39,247:INFO: [TRAIN] Step: 476 ; Loss: 27.177 ; Acc: 46.148
2018-09-19 14:28:39,327:INFO: [TRAIN] Step: 477 ; Loss: 15.087 ; Acc: 46.182
2018-09-19 14:28:39,403:INFO: [TRAIN] Step: 478 ; Loss: 31.118 ; Acc: 46.190
2018-09-19 14:28:39,482:INFO: [TRAIN] Step: 479 ; Loss: 23.943 ; Acc: 46.189
2018-09-19 14:28:39,556:INFO: [TRAIN] Step: 480 ; Loss: 22.535 ; Acc: 46.223
2018-09-19 14:28:39,637:INFO: [TRAIN] Step: 481 ; Loss: 22.208 ; Acc: 46.222
2018-09-19 14:28:39,708:INFO: [TRAIN] Step: 482 ; Loss: 25.958 ; Acc: 46.204
2018-09-19 14:28:39,790:INFO: [TRAIN] Step: 483 ; Loss: 21.518 ; Acc: 46.247
2018-09-19 14:28:39,862:INFO: [TRAIN] Step: 484 ; Loss: 21.085 ; Acc: 46.297
2018-09-19 14:28:39,943:INFO: [TRAIN] Step: 485 ; Loss: 19.966 ; Acc: 46.322
2018-09-19 14:28:40,018:INFO: [TRAIN] Step: 486 ; Loss: 20.785 ; Acc: 46.355
2018-09-19 14:28:40,097:INFO: [TRAIN] Step: 487 ; Loss: 22.699 ; Acc: 46.371
2018-09-19 14:28:40,172:INFO: [TRAIN] Step: 488 ; Loss: 23.845 ; Acc: 46.379
2018-09-19 14:28:40,255:INFO: [TRAIN] Step: 489 ; Loss: 22.231 ; Acc: 46.386
2018-09-19 14:28:40,329:INFO: [TRAIN] Step: 490 ; Loss: 22.090 ; Acc: 46.402
2018-09-19 14:28:40,409:INFO: [TRAIN] Step: 491 ; Loss: 21.924 ; Acc: 46.443
2018-09-19 14:28:40,482:INFO: [TRAIN] Step: 492 ; Loss: 22.025 ; Acc: 46.442
2018-09-19 14:28:40,564:INFO: [TRAIN] Step: 493 ; Loss: 24.856 ; Acc: 46.449
2018-09-19 14:28:40,638:INFO: [TRAIN] Step: 494 ; Loss: 27.912 ; Acc: 46.448
2018-09-19 14:28:40,720:INFO: [TRAIN] Step: 495 ; Loss: 20.336 ; Acc: 46.480
2018-09-19 14:28:40,795:INFO: [TRAIN] Step: 496 ; Loss: 20.142 ; Acc: 46.512
2018-09-19 14:28:40,876:INFO: [TRAIN] Step: 497 ; Loss: 21.381 ; Acc: 46.545
2018-09-19 14:28:40,951:INFO: [TRAIN] Step: 498 ; Loss: 20.323 ; Acc: 46.576
2018-09-19 14:28:41,035:INFO: [TRAIN] Step: 499 ; Loss: 25.988 ; Acc: 46.583
2018-09-19 14:28:41,109:INFO: [TRAIN] Step: 500 ; Loss: 24.113 ; Acc: 46.598
2018-09-19 14:28:41,189:INFO: [TRAIN] Step: 501 ; Loss: 19.715 ; Acc: 46.605
2018-09-19 14:28:41,265:INFO: [TRAIN] Step: 502 ; Loss: 19.548 ; Acc: 46.629
2018-09-19 14:28:41,344:INFO: [TRAIN] Step: 503 ; Loss: 24.139 ; Acc: 46.668
2018-09-19 14:28:41,418:INFO: [TRAIN] Step: 504 ; Loss: 19.037 ; Acc: 46.700
2018-09-19 14:28:41,499:INFO: [TRAIN] Step: 505 ; Loss: 24.627 ; Acc: 46.698
2018-09-19 14:28:41,575:INFO: [TRAIN] Step: 506 ; Loss: 21.620 ; Acc: 46.704
2018-09-19 14:28:41,658:INFO: [TRAIN] Step: 507 ; Loss: 21.981 ; Acc: 46.719
2018-09-19 14:28:41,736:INFO: [TRAIN] Step: 508 ; Loss: 26.856 ; Acc: 46.709
2018-09-19 14:28:41,818:INFO: [TRAIN] Step: 509 ; Loss: 21.300 ; Acc: 46.740
2018-09-19 14:28:41,893:INFO: [TRAIN] Step: 510 ; Loss: 20.875 ; Acc: 46.738
2018-09-19 14:28:41,973:INFO: [TRAIN] Step: 511 ; Loss: 24.257 ; Acc: 46.720
2018-09-19 14:28:42,051:INFO: [TRAIN] Step: 512 ; Loss: 19.712 ; Acc: 46.751
2018-09-19 14:28:42,133:INFO: [TRAIN] Step: 513 ; Loss: 18.983 ; Acc: 46.790
2018-09-19 14:28:42,208:INFO: [TRAIN] Step: 514 ; Loss: 22.708 ; Acc: 46.812
2018-09-19 14:28:42,288:INFO: [TRAIN] Step: 515 ; Loss: 22.001 ; Acc: 46.851
2018-09-19 14:28:42,362:INFO: [TRAIN] Step: 516 ; Loss: 20.578 ; Acc: 46.881
2018-09-19 14:28:42,439:INFO: [TRAIN] Step: 517 ; Loss: 22.652 ; Acc: 46.879
2018-09-19 14:28:42,513:INFO: [TRAIN] Step: 518 ; Loss: 16.358 ; Acc: 46.925
2018-09-19 14:28:42,593:INFO: [TRAIN] Step: 519 ; Loss: 23.878 ; Acc: 46.923
2018-09-19 14:28:42,666:INFO: [TRAIN] Step: 520 ; Loss: 27.894 ; Acc: 46.905
2018-09-19 14:28:42,745:INFO: [TRAIN] Step: 521 ; Loss: 24.530 ; Acc: 46.879
2018-09-19 14:28:42,819:INFO: [TRAIN] Step: 522 ; Loss: 21.871 ; Acc: 46.909
2018-09-19 14:28:42,899:INFO: [TRAIN] Step: 523 ; Loss: 25.026 ; Acc: 46.899
2018-09-19 14:28:42,973:INFO: [TRAIN] Step: 524 ; Loss: 19.087 ; Acc: 46.960
2018-09-19 14:28:43,053:INFO: [TRAIN] Step: 525 ; Loss: 24.762 ; Acc: 46.958
2018-09-19 14:28:43,128:INFO: [TRAIN] Step: 526 ; Loss: 21.820 ; Acc: 46.996
2018-09-19 14:28:43,206:INFO: [TRAIN] Step: 527 ; Loss: 25.630 ; Acc: 47.001
2018-09-19 14:28:43,278:INFO: [TRAIN] Step: 528 ; Loss: 29.924 ; Acc: 46.991
2018-09-19 14:28:43,358:INFO: [TRAIN] Step: 529 ; Loss: 21.014 ; Acc: 47.013
2018-09-19 14:28:43,431:INFO: [TRAIN] Step: 530 ; Loss: 24.376 ; Acc: 47.003
2018-09-19 14:28:43,512:INFO: [TRAIN] Step: 531 ; Loss: 23.203 ; Acc: 47.024
2018-09-19 14:28:43,584:INFO: [TRAIN] Step: 532 ; Loss: 27.391 ; Acc: 47.006
2018-09-19 14:28:43,666:INFO: [TRAIN] Step: 533 ; Loss: 18.696 ; Acc: 47.027
2018-09-19 14:28:43,741:INFO: [TRAIN] Step: 534 ; Loss: 24.077 ; Acc: 47.017
2018-09-19 14:28:43,821:INFO: [TRAIN] Step: 535 ; Loss: 19.464 ; Acc: 47.046
2018-09-19 14:28:43,897:INFO: [TRAIN] Step: 536 ; Loss: 20.622 ; Acc: 47.044
2018-09-19 14:28:43,977:INFO: [TRAIN] Step: 537 ; Loss: 26.221 ; Acc: 47.049
2018-09-19 14:28:44,050:INFO: [TRAIN] Step: 538 ; Loss: 24.228 ; Acc: 47.024
2018-09-19 14:28:44,131:INFO: [TRAIN] Step: 539 ; Loss: 23.374 ; Acc: 47.045
2018-09-19 14:28:44,206:INFO: [TRAIN] Step: 540 ; Loss: 21.864 ; Acc: 47.050
2018-09-19 14:28:44,286:INFO: [TRAIN] Step: 541 ; Loss: 23.681 ; Acc: 47.048
2018-09-19 14:28:44,373:INFO: [TRAIN] Step: 542 ; Loss: 23.131 ; Acc: 47.038
2018-09-19 14:28:44,452:INFO: [TRAIN] Step: 543 ; Loss: 22.527 ; Acc: 47.051
2018-09-19 14:28:44,526:INFO: [TRAIN] Step: 544 ; Loss: 22.187 ; Acc: 47.080
2018-09-19 14:28:44,605:INFO: [TRAIN] Step: 545 ; Loss: 17.622 ; Acc: 47.131
2018-09-19 14:28:44,678:INFO: [TRAIN] Step: 546 ; Loss: 27.190 ; Acc: 47.128
2018-09-19 14:28:44,761:INFO: [TRAIN] Step: 547 ; Loss: 21.691 ; Acc: 47.141
2018-09-19 14:28:44,835:INFO: [TRAIN] Step: 548 ; Loss: 23.195 ; Acc: 47.146
2018-09-19 14:28:44,917:INFO: [TRAIN] Step: 549 ; Loss: 19.842 ; Acc: 47.174
2018-09-19 14:28:44,992:INFO: [TRAIN] Step: 550 ; Loss: 22.456 ; Acc: 47.187
2018-09-19 14:28:45,070:INFO: [TRAIN] Step: 551 ; Loss: 21.819 ; Acc: 47.184
2018-09-19 14:28:45,142:INFO: [TRAIN] Step: 552 ; Loss: 24.650 ; Acc: 47.197
2018-09-19 14:28:45,223:INFO: [TRAIN] Step: 553 ; Loss: 24.889 ; Acc: 47.217
2018-09-19 14:28:45,297:INFO: [TRAIN] Step: 554 ; Loss: 26.430 ; Acc: 47.230
2018-09-19 14:28:45,377:INFO: [TRAIN] Step: 555 ; Loss: 21.799 ; Acc: 47.265
2018-09-19 14:28:45,451:INFO: [TRAIN] Step: 556 ; Loss: 19.269 ; Acc: 47.292
2018-09-19 14:28:45,533:INFO: [TRAIN] Step: 557 ; Loss: 22.018 ; Acc: 47.297
2018-09-19 14:28:45,607:INFO: [TRAIN] Step: 558 ; Loss: 19.250 ; Acc: 47.294
2018-09-19 14:28:45,686:INFO: [TRAIN] Step: 559 ; Loss: 23.361 ; Acc: 47.307
2018-09-19 14:28:45,759:INFO: [TRAIN] Step: 560 ; Loss: 20.085 ; Acc: 47.334
2018-09-19 14:28:45,842:INFO: [TRAIN] Step: 561 ; Loss: 20.389 ; Acc: 47.353
2018-09-19 14:28:45,917:INFO: [TRAIN] Step: 562 ; Loss: 21.205 ; Acc: 47.351
2018-09-19 14:28:45,995:INFO: [TRAIN] Step: 563 ; Loss: 25.600 ; Acc: 47.355
2018-09-19 14:28:46,069:INFO: [TRAIN] Step: 564 ; Loss: 19.428 ; Acc: 47.375
2018-09-19 14:28:46,147:INFO: [TRAIN] Step: 565 ; Loss: 15.765 ; Acc: 47.416
2018-09-19 14:28:46,222:INFO: [TRAIN] Step: 566 ; Loss: 21.628 ; Acc: 47.428
2018-09-19 14:28:46,301:INFO: [TRAIN] Step: 567 ; Loss: 26.030 ; Acc: 47.425
2018-09-19 14:28:46,374:INFO: [TRAIN] Step: 568 ; Loss: 19.781 ; Acc: 47.444
2018-09-19 14:28:46,458:INFO: [TRAIN] Step: 569 ; Loss: 21.959 ; Acc: 47.449
2018-09-19 14:28:46,529:INFO: [TRAIN] Step: 570 ; Loss: 27.430 ; Acc: 47.453
2018-09-19 14:28:46,611:INFO: [TRAIN] Step: 571 ; Loss: 18.984 ; Acc: 47.472
2018-09-19 14:28:46,684:INFO: [TRAIN] Step: 572 ; Loss: 25.088 ; Acc: 47.469
2018-09-19 14:28:46,762:INFO: [TRAIN] Step: 573 ; Loss: 15.607 ; Acc: 47.517
2018-09-19 14:28:46,836:INFO: [TRAIN] Step: 574 ; Loss: 22.332 ; Acc: 47.543
2018-09-19 14:28:46,916:INFO: [TRAIN] Step: 575 ; Loss: 23.179 ; Acc: 47.541
2018-09-19 14:28:46,989:INFO: [TRAIN] Step: 576 ; Loss: 27.520 ; Acc: 47.523
2018-09-19 14:28:47,069:INFO: [TRAIN] Step: 577 ; Loss: 23.982 ; Acc: 47.491
2018-09-19 14:28:47,141:INFO: [TRAIN] Step: 578 ; Loss: 18.444 ; Acc: 47.524
2018-09-19 14:28:47,221:INFO: [TRAIN] Step: 579 ; Loss: 21.904 ; Acc: 47.529
2018-09-19 14:28:47,295:INFO: [TRAIN] Step: 580 ; Loss: 25.348 ; Acc: 47.511
2018-09-19 14:28:47,375:INFO: [TRAIN] Step: 581 ; Loss: 20.358 ; Acc: 47.544
2018-09-19 14:28:47,447:INFO: [TRAIN] Step: 582 ; Loss: 27.329 ; Acc: 47.541
2018-09-19 14:28:47,527:INFO: [TRAIN] Step: 583 ; Loss: 18.786 ; Acc: 47.574
2018-09-19 14:28:47,606:INFO: [TRAIN] Step: 584 ; Loss: 20.007 ; Acc: 47.600
2018-09-19 14:28:47,693:INFO: [TRAIN] Step: 585 ; Loss: 15.432 ; Acc: 47.632
2018-09-19 14:28:47,766:INFO: [TRAIN] Step: 586 ; Loss: 18.029 ; Acc: 47.650
2018-09-19 14:28:47,844:INFO: [TRAIN] Step: 587 ; Loss: 25.574 ; Acc: 47.647
2018-09-19 14:28:47,916:INFO: [TRAIN] Step: 588 ; Loss: 20.440 ; Acc: 47.666
2018-09-19 14:28:47,997:INFO: [TRAIN] Step: 589 ; Loss: 24.773 ; Acc: 47.648
2018-09-19 14:28:48,069:INFO: [TRAIN] Step: 590 ; Loss: 22.104 ; Acc: 47.659
2018-09-19 14:28:48,151:INFO: [TRAIN] Step: 591 ; Loss: 20.602 ; Acc: 47.663
2018-09-19 14:28:48,223:INFO: [TRAIN] Step: 592 ; Loss: 22.471 ; Acc: 47.667
2018-09-19 14:28:48,303:INFO: [TRAIN] Step: 593 ; Loss: 22.436 ; Acc: 47.685
2018-09-19 14:28:48,377:INFO: [TRAIN] Step: 594 ; Loss: 17.490 ; Acc: 47.710
2018-09-19 14:28:48,458:INFO: [TRAIN] Step: 595 ; Loss: 24.361 ; Acc: 47.721
2018-09-19 14:28:48,532:INFO: [TRAIN] Step: 596 ; Loss: 18.675 ; Acc: 47.760
2018-09-19 14:28:48,617:INFO: [TRAIN] Step: 597 ; Loss: 21.257 ; Acc: 47.770
2018-09-19 14:28:48,690:INFO: [TRAIN] Step: 598 ; Loss: 20.729 ; Acc: 47.767
2018-09-19 14:28:48,773:INFO: [TRAIN] Step: 599 ; Loss: 21.163 ; Acc: 47.785
2018-09-19 14:28:48,848:INFO: [TRAIN] Step: 600 ; Loss: 18.325 ; Acc: 47.809
2018-09-19 14:28:48,929:INFO: [TRAIN] Step: 601 ; Loss: 22.699 ; Acc: 47.806
2018-09-19 14:28:49,003:INFO: [TRAIN] Step: 602 ; Loss: 19.116 ; Acc: 47.837
2018-09-19 14:28:49,084:INFO: [TRAIN] Step: 603 ; Loss: 23.450 ; Acc: 47.855
2018-09-19 14:28:49,159:INFO: [TRAIN] Step: 604 ; Loss: 24.691 ; Acc: 47.831
2018-09-19 14:28:49,241:INFO: [TRAIN] Step: 605 ; Loss: 17.321 ; Acc: 47.855
2018-09-19 14:28:49,317:INFO: [TRAIN] Step: 606 ; Loss: 25.013 ; Acc: 47.865
2018-09-19 14:28:49,395:INFO: [TRAIN] Step: 607 ; Loss: 18.721 ; Acc: 47.903
2018-09-19 14:28:49,468:INFO: [TRAIN] Step: 608 ; Loss: 22.513 ; Acc: 47.906
2018-09-19 14:28:49,549:INFO: [TRAIN] Step: 609 ; Loss: 17.412 ; Acc: 47.944
2018-09-19 14:28:49,624:INFO: [TRAIN] Step: 610 ; Loss: 26.174 ; Acc: 47.941
2018-09-19 14:28:49,705:INFO: [TRAIN] Step: 611 ; Loss: 14.013 ; Acc: 47.985
2018-09-19 14:28:49,780:INFO: [TRAIN] Step: 612 ; Loss: 26.565 ; Acc: 47.968
2018-09-19 14:28:49,864:INFO: [TRAIN] Step: 613 ; Loss: 20.200 ; Acc: 47.991
2018-09-19 14:28:49,938:INFO: [TRAIN] Step: 614 ; Loss: 19.896 ; Acc: 48.015
2018-09-19 14:28:50,018:INFO: [TRAIN] Step: 615 ; Loss: 19.555 ; Acc: 48.025
2018-09-19 14:28:50,091:INFO: [TRAIN] Step: 616 ; Loss: 18.785 ; Acc: 48.035
2018-09-19 14:28:50,171:INFO: [TRAIN] Step: 617 ; Loss: 21.738 ; Acc: 48.038
2018-09-19 14:28:50,246:INFO: [TRAIN] Step: 618 ; Loss: 18.262 ; Acc: 48.055
2018-09-19 14:28:50,327:INFO: [TRAIN] Step: 619 ; Loss: 22.564 ; Acc: 48.071
2018-09-19 14:28:50,402:INFO: [TRAIN] Step: 620 ; Loss: 26.060 ; Acc: 48.068
2018-09-19 14:28:50,483:INFO: [TRAIN] Step: 621 ; Loss: 18.712 ; Acc: 48.071
2018-09-19 14:28:50,557:INFO: [TRAIN] Step: 622 ; Loss: 18.314 ; Acc: 48.087
2018-09-19 14:28:50,637:INFO: [TRAIN] Step: 623 ; Loss: 21.818 ; Acc: 48.104
2018-09-19 14:28:50,714:INFO: [TRAIN] Step: 624 ; Loss: 20.885 ; Acc: 48.113
2018-09-19 14:28:50,798:INFO: [TRAIN] Step: 625 ; Loss: 19.560 ; Acc: 48.123
2018-09-19 14:28:50,873:INFO: [TRAIN] Step: 626 ; Loss: 23.427 ; Acc: 48.119
2018-09-19 14:28:50,953:INFO: [TRAIN] Step: 627 ; Loss: 19.714 ; Acc: 48.149
2018-09-19 14:28:51,028:INFO: [TRAIN] Step: 628 ; Loss: 17.475 ; Acc: 48.185
2018-09-19 14:28:51,109:INFO: [TRAIN] Step: 629 ; Loss: 21.411 ; Acc: 48.175
2018-09-19 14:28:51,183:INFO: [TRAIN] Step: 630 ; Loss: 20.322 ; Acc: 48.211
2018-09-19 14:28:51,267:INFO: [TRAIN] Step: 631 ; Loss: 16.035 ; Acc: 48.246
2018-09-19 14:28:51,345:INFO: [TRAIN] Step: 632 ; Loss: 19.977 ; Acc: 48.256
2018-09-19 14:28:51,428:INFO: [TRAIN] Step: 633 ; Loss: 21.327 ; Acc: 48.258
2018-09-19 14:28:51,506:INFO: [TRAIN] Step: 634 ; Loss: 18.834 ; Acc: 48.268
2018-09-19 14:28:51,586:INFO: [TRAIN] Step: 635 ; Loss: 21.538 ; Acc: 48.277
2018-09-19 14:28:51,660:INFO: [TRAIN] Step: 636 ; Loss: 22.880 ; Acc: 48.280
2018-09-19 14:28:51,744:INFO: [TRAIN] Step: 637 ; Loss: 22.613 ; Acc: 48.289
2018-09-19 14:28:51,821:INFO: [TRAIN] Step: 638 ; Loss: 21.873 ; Acc: 48.298
2018-09-19 14:28:51,902:INFO: [TRAIN] Step: 639 ; Loss: 19.080 ; Acc: 48.301
2018-09-19 14:28:51,978:INFO: [TRAIN] Step: 640 ; Loss: 21.053 ; Acc: 48.303
2018-09-19 14:28:52,062:INFO: [TRAIN] Step: 641 ; Loss: 19.131 ; Acc: 48.326
2018-09-19 14:28:52,139:INFO: [TRAIN] Step: 642 ; Loss: 19.643 ; Acc: 48.341
2018-09-19 14:28:52,221:INFO: [TRAIN] Step: 643 ; Loss: 21.362 ; Acc: 48.357
2018-09-19 14:28:52,296:INFO: [TRAIN] Step: 644 ; Loss: 18.440 ; Acc: 48.385
2018-09-19 14:28:52,380:INFO: [TRAIN] Step: 645 ; Loss: 23.853 ; Acc: 48.400
2018-09-19 14:28:52,456:INFO: [TRAIN] Step: 646 ; Loss: 18.958 ; Acc: 48.422
2018-09-19 14:28:52,539:INFO: [TRAIN] Step: 647 ; Loss: 18.886 ; Acc: 48.438
2018-09-19 14:28:52,618:INFO: [TRAIN] Step: 648 ; Loss: 18.957 ; Acc: 48.446
2018-09-19 14:28:52,706:INFO: [TRAIN] Step: 649 ; Loss: 20.394 ; Acc: 48.449
2018-09-19 14:28:52,785:INFO: [TRAIN] Step: 650 ; Loss: 15.501 ; Acc: 48.496
2018-09-19 14:28:52,872:INFO: [TRAIN] Step: 651 ; Loss: 21.548 ; Acc: 48.505
2018-09-19 14:28:52,950:INFO: [TRAIN] Step: 652 ; Loss: 16.345 ; Acc: 48.526
2018-09-19 14:28:53,037:INFO: [TRAIN] Step: 653 ; Loss: 24.242 ; Acc: 48.528
2018-09-19 14:28:53,117:INFO: [TRAIN] Step: 654 ; Loss: 19.760 ; Acc: 48.537
2018-09-19 14:28:53,205:INFO: [TRAIN] Step: 655 ; Loss: 19.727 ; Acc: 48.533
2018-09-19 14:28:53,286:INFO: [TRAIN] Step: 656 ; Loss: 19.244 ; Acc: 48.554
2018-09-19 14:28:53,375:INFO: [TRAIN] Step: 657 ; Loss: 18.422 ; Acc: 48.582
2018-09-19 14:28:53,456:INFO: [TRAIN] Step: 658 ; Loss: 19.677 ; Acc: 48.609
2018-09-19 14:28:53,542:INFO: [TRAIN] Step: 659 ; Loss: 17.699 ; Acc: 48.617
2018-09-19 14:28:53,625:INFO: [TRAIN] Step: 660 ; Loss: 24.305 ; Acc: 48.620
2018-09-19 14:28:53,715:INFO: [TRAIN] Step: 661 ; Loss: 19.786 ; Acc: 48.622
2018-09-19 14:28:53,798:INFO: [TRAIN] Step: 662 ; Loss: 18.590 ; Acc: 48.649
2018-09-19 14:28:53,889:INFO: [TRAIN] Step: 663 ; Loss: 18.696 ; Acc: 48.657
2018-09-19 14:28:53,973:INFO: [TRAIN] Step: 664 ; Loss: 19.055 ; Acc: 48.653
2018-09-19 14:28:54,064:INFO: [TRAIN] Step: 665 ; Loss: 19.707 ; Acc: 48.661
2018-09-19 14:28:54,152:INFO: [TRAIN] Step: 666 ; Loss: 13.291 ; Acc: 48.682
2018-09-19 14:28:54,241:INFO: [TRAIN] Step: 667 ; Loss: 20.889 ; Acc: 48.690
2018-09-19 14:28:54,328:INFO: [TRAIN] Step: 668 ; Loss: 23.675 ; Acc: 48.680
2018-09-19 14:28:54,419:INFO: [TRAIN] Step: 669 ; Loss: 19.759 ; Acc: 48.706
2018-09-19 14:28:54,509:INFO: [TRAIN] Step: 670 ; Loss: 17.139 ; Acc: 48.758
2018-09-19 14:28:54,605:INFO: [TRAIN] Step: 671 ; Loss: 16.888 ; Acc: 48.791
2018-09-19 14:28:54,693:INFO: [TRAIN] Step: 672 ; Loss: 19.611 ; Acc: 48.811
2018-09-19 14:28:54,789:INFO: [TRAIN] Step: 673 ; Loss: 15.266 ; Acc: 48.838
2018-09-19 14:28:54,875:INFO: [TRAIN] Step: 674 ; Loss: 19.865 ; Acc: 48.858
2018-09-19 14:28:54,974:INFO: [TRAIN] Step: 675 ; Loss: 23.939 ; Acc: 48.872
2018-09-19 14:28:55,065:INFO: [TRAIN] Step: 676 ; Loss: 21.903 ; Acc: 48.855
2018-09-19 14:28:55,163:INFO: [TRAIN] Step: 677 ; Loss: 19.227 ; Acc: 48.882
2018-09-19 14:28:55,252:INFO: [TRAIN] Step: 678 ; Loss: 23.603 ; Acc: 48.895
2018-09-19 14:28:55,351:INFO: [TRAIN] Step: 679 ; Loss: 20.926 ; Acc: 48.891
2018-09-19 14:28:55,445:INFO: [TRAIN] Step: 680 ; Loss: 22.668 ; Acc: 48.899
2018-09-19 14:28:55,543:INFO: [TRAIN] Step: 681 ; Loss: 23.905 ; Acc: 48.888
2018-09-19 14:28:55,639:INFO: [TRAIN] Step: 682 ; Loss: 20.412 ; Acc: 48.890
2018-09-19 14:28:55,742:INFO: [TRAIN] Step: 683 ; Loss: 20.578 ; Acc: 48.922
2018-09-19 14:28:55,838:INFO: [TRAIN] Step: 684 ; Loss: 17.342 ; Acc: 48.960
2018-09-19 14:28:55,939:INFO: [TRAIN] Step: 685 ; Loss: 21.135 ; Acc: 48.955
2018-09-19 14:28:56,037:INFO: [TRAIN] Step: 686 ; Loss: 23.422 ; Acc: 48.969
2018-09-19 14:28:56,143:INFO: [TRAIN] Step: 687 ; Loss: 23.944 ; Acc: 48.952
2018-09-19 14:28:56,243:INFO: [TRAIN] Step: 688 ; Loss: 19.375 ; Acc: 48.972
2018-09-19 14:28:56,350:INFO: [TRAIN] Step: 689 ; Loss: 21.880 ; Acc: 48.973
2018-09-19 14:28:56,451:INFO: [TRAIN] Step: 690 ; Loss: 23.758 ; Acc: 48.951
2018-09-19 14:28:56,558:INFO: [TRAIN] Step: 691 ; Loss: 19.737 ; Acc: 48.964
2018-09-19 14:28:56,666:INFO: [TRAIN] Step: 692 ; Loss: 18.138 ; Acc: 48.990
2018-09-19 14:28:56,773:INFO: [TRAIN] Step: 693 ; Loss: 18.697 ; Acc: 49.027
2018-09-19 14:28:56,886:INFO: [TRAIN] Step: 694 ; Loss: 19.256 ; Acc: 49.029
2018-09-19 14:28:56,997:INFO: [TRAIN] Step: 695 ; Loss: 17.585 ; Acc: 49.030
2018-09-19 14:28:57,104:INFO: [TRAIN] Step: 696 ; Loss: 16.245 ; Acc: 49.055
2018-09-19 14:28:57,216:INFO: [TRAIN] Step: 697 ; Loss: 23.019 ; Acc: 49.063
2018-09-19 14:28:57,328:INFO: [TRAIN] Step: 698 ; Loss: 14.354 ; Acc: 49.094
2018-09-19 14:28:57,436:INFO: [TRAIN] Step: 699 ; Loss: 18.194 ; Acc: 49.107
2018-09-19 14:28:57,549:INFO: [TRAIN] Step: 700 ; Loss: 19.846 ; Acc: 49.114
2018-09-19 14:28:57,662:INFO: [TRAIN] Step: 701 ; Loss: 18.289 ; Acc: 49.122
2018-09-19 14:28:57,773:INFO: [TRAIN] Step: 702 ; Loss: 15.840 ; Acc: 49.123
2018-09-19 14:28:57,883:INFO: [TRAIN] Step: 703 ; Loss: 18.828 ; Acc: 49.142
2018-09-19 14:28:57,997:INFO: [TRAIN] Step: 704 ; Loss: 21.753 ; Acc: 49.149
2018-09-19 14:28:58,109:INFO: [TRAIN] Step: 705 ; Loss: 21.032 ; Acc: 49.174
2018-09-19 14:28:58,220:INFO: [TRAIN] Step: 706 ; Loss: 25.684 ; Acc: 49.169
2018-09-19 14:28:58,334:INFO: [TRAIN] Step: 707 ; Loss: 24.026 ; Acc: 49.170
2018-09-19 14:28:58,449:INFO: [TRAIN] Step: 708 ; Loss: 20.958 ; Acc: 49.201
2018-09-19 14:28:58,565:INFO: [TRAIN] Step: 709 ; Loss: 17.975 ; Acc: 49.214
2018-09-19 14:28:58,683:INFO: [TRAIN] Step: 710 ; Loss: 21.534 ; Acc: 49.221
2018-09-19 14:28:58,797:INFO: [TRAIN] Step: 711 ; Loss: 16.548 ; Acc: 49.239
2018-09-19 14:28:58,916:INFO: [TRAIN] Step: 712 ; Loss: 23.538 ; Acc: 49.240
2018-09-19 14:28:59,032:INFO: [TRAIN] Step: 713 ; Loss: 23.582 ; Acc: 49.236
2018-09-19 14:28:59,146:INFO: [TRAIN] Step: 714 ; Loss: 17.315 ; Acc: 49.254
2018-09-19 14:28:59,262:INFO: [TRAIN] Step: 715 ; Loss: 19.353 ; Acc: 49.273
2018-09-19 14:28:59,379:INFO: [TRAIN] Step: 716 ; Loss: 19.142 ; Acc: 49.285
2018-09-19 14:28:59,497:INFO: [TRAIN] Step: 717 ; Loss: 23.299 ; Acc: 49.292
2018-09-19 14:28:59,611:INFO: [TRAIN] Step: 718 ; Loss: 24.618 ; Acc: 49.287
2018-09-19 14:28:59,730:INFO: [TRAIN] Step: 719 ; Loss: 19.697 ; Acc: 49.300
2018-09-19 14:28:59,847:INFO: [TRAIN] Step: 720 ; Loss: 17.158 ; Acc: 49.307
2018-09-19 14:28:59,962:INFO: [TRAIN] Step: 721 ; Loss: 21.304 ; Acc: 49.325
2018-09-19 14:29:00,079:INFO: [TRAIN] Step: 722 ; Loss: 20.019 ; Acc: 49.343
2018-09-19 14:29:00,200:INFO: [TRAIN] Step: 723 ; Loss: 19.048 ; Acc: 49.367
2018-09-19 14:29:00,319:INFO: [TRAIN] Step: 724 ; Loss: 22.553 ; Acc: 49.362
2018-09-19 14:29:00,436:INFO: [TRAIN] Step: 725 ; Loss: 21.419 ; Acc: 49.357
2018-09-19 14:29:00,550:INFO: [TRAIN] Step: 726 ; Loss: 21.805 ; Acc: 49.375
2018-09-19 14:29:00,666:INFO: [TRAIN] Step: 727 ; Loss: 17.669 ; Acc: 49.393
2018-09-19 14:29:00,789:INFO: [TRAIN] Step: 728 ; Loss: 23.285 ; Acc: 49.406
2018-09-19 14:29:00,906:INFO: [TRAIN] Step: 729 ; Loss: 20.651 ; Acc: 49.418
2018-09-19 14:29:01,021:INFO: [TRAIN] Step: 730 ; Loss: 19.471 ; Acc: 49.430
2018-09-19 14:29:01,139:INFO: [TRAIN] Step: 731 ; Loss: 21.831 ; Acc: 49.448
2018-09-19 14:29:01,254:INFO: [TRAIN] Step: 732 ; Loss: 19.085 ; Acc: 49.477
2018-09-19 14:29:01,377:INFO: [TRAIN] Step: 733 ; Loss: 15.906 ; Acc: 49.489
2018-09-19 14:29:01,497:INFO: [TRAIN] Step: 734 ; Loss: 22.265 ; Acc: 49.501
2018-09-19 14:29:01,617:INFO: [TRAIN] Step: 735 ; Loss: 18.678 ; Acc: 49.519
2018-09-19 14:29:01,734:INFO: [TRAIN] Step: 736 ; Loss: 17.336 ; Acc: 49.525
2018-09-19 14:29:01,850:INFO: [TRAIN] Step: 737 ; Loss: 16.881 ; Acc: 49.537
2018-09-19 14:29:01,967:INFO: [TRAIN] Step: 738 ; Loss: 22.434 ; Acc: 49.538
2018-09-19 14:29:02,083:INFO: [TRAIN] Step: 739 ; Loss: 21.180 ; Acc: 49.544
2018-09-19 14:29:02,203:INFO: [TRAIN] Step: 740 ; Loss: 20.250 ; Acc: 49.561
2018-09-19 14:29:02,319:INFO: [TRAIN] Step: 741 ; Loss: 16.817 ; Acc: 49.607
2018-09-19 14:29:02,436:INFO: [TRAIN] Step: 742 ; Loss: 20.885 ; Acc: 49.630
2018-09-19 14:29:02,560:INFO: [TRAIN] Step: 743 ; Loss: 19.042 ; Acc: 49.653
2018-09-19 14:29:02,679:INFO: [TRAIN] Step: 744 ; Loss: 17.991 ; Acc: 49.670
2018-09-19 14:29:02,804:INFO: [TRAIN] Step: 745 ; Loss: 17.959 ; Acc: 49.676
2018-09-19 14:29:02,925:INFO: [TRAIN] Step: 746 ; Loss: 19.227 ; Acc: 49.699
2018-09-19 14:29:03,044:INFO: [TRAIN] Step: 747 ; Loss: 16.286 ; Acc: 49.716
2018-09-19 14:29:03,160:INFO: [TRAIN] Step: 748 ; Loss: 23.711 ; Acc: 49.705
2018-09-19 14:29:03,283:INFO: [TRAIN] Step: 749 ; Loss: 18.274 ; Acc: 49.739
2018-09-19 14:29:03,402:INFO: [TRAIN] Step: 750 ; Loss: 16.466 ; Acc: 49.756
2018-09-19 14:29:03,523:INFO: [TRAIN] Step: 751 ; Loss: 18.169 ; Acc: 49.767
2018-09-19 14:29:03,645:INFO: [TRAIN] Step: 752 ; Loss: 19.267 ; Acc: 49.784
2018-09-19 14:29:03,759:INFO: [TRAIN] Step: 753 ; Loss: 20.872 ; Acc: 49.784
2018-09-19 14:29:03,880:INFO: [TRAIN] Step: 754 ; Loss: 22.022 ; Acc: 49.796
2018-09-19 14:29:04,000:INFO: [TRAIN] Step: 755 ; Loss: 15.624 ; Acc: 49.813
2018-09-19 14:29:04,119:INFO: [TRAIN] Step: 756 ; Loss: 19.480 ; Acc: 49.813
2018-09-19 14:29:04,239:INFO: [TRAIN] Step: 757 ; Loss: 18.154 ; Acc: 49.835
2018-09-19 14:29:04,356:INFO: [TRAIN] Step: 758 ; Loss: 18.653 ; Acc: 49.857
2018-09-19 14:29:04,474:INFO: [TRAIN] Step: 759 ; Loss: 19.828 ; Acc: 49.868
2018-09-19 14:29:04,590:INFO: [TRAIN] Step: 760 ; Loss: 18.109 ; Acc: 49.874
2018-09-19 14:29:04,712:INFO: [TRAIN] Step: 761 ; Loss: 27.293 ; Acc: 49.863
2018-09-19 14:29:04,828:INFO: [TRAIN] Step: 762 ; Loss: 20.526 ; Acc: 49.874
2018-09-19 14:29:04,945:INFO: [TRAIN] Step: 763 ; Loss: 20.517 ; Acc: 49.885
2018-09-19 14:29:05,067:INFO: [TRAIN] Step: 764 ; Loss: 20.762 ; Acc: 49.897
2018-09-19 14:29:05,191:INFO: [TRAIN] Step: 765 ; Loss: 24.136 ; Acc: 49.891
2018-09-19 14:29:05,308:INFO: [TRAIN] Step: 766 ; Loss: 23.958 ; Acc: 49.902
2018-09-19 14:29:05,426:INFO: [TRAIN] Step: 767 ; Loss: 24.536 ; Acc: 49.891
2018-09-19 14:29:05,542:INFO: [TRAIN] Step: 768 ; Loss: 19.672 ; Acc: 49.902
2018-09-19 14:29:05,662:INFO: [TRAIN] Step: 769 ; Loss: 21.442 ; Acc: 49.913
2018-09-19 14:29:05,782:INFO: [TRAIN] Step: 770 ; Loss: 24.019 ; Acc: 49.908
2018-09-19 14:29:05,899:INFO: [TRAIN] Step: 771 ; Loss: 22.357 ; Acc: 49.930
2018-09-19 14:29:06,021:INFO: [TRAIN] Step: 772 ; Loss: 18.231 ; Acc: 49.957
2018-09-19 14:29:06,137:INFO: [TRAIN] Step: 773 ; Loss: 16.862 ; Acc: 49.984
2018-09-19 14:29:06,254:INFO: [TRAIN] Step: 774 ; Loss: 22.776 ; Acc: 49.989
2018-09-19 14:29:06,372:INFO: [TRAIN] Step: 775 ; Loss: 16.548 ; Acc: 49.995
2018-09-19 14:29:06,493:INFO: [TRAIN] Step: 776 ; Loss: 25.260 ; Acc: 49.989
2018-09-19 14:29:06,611:INFO: [TRAIN] Step: 777 ; Loss: 19.348 ; Acc: 50.021
2018-09-19 14:29:06,732:INFO: [TRAIN] Step: 778 ; Loss: 13.558 ; Acc: 50.059
2018-09-19 14:29:06,849:INFO: [TRAIN] Step: 779 ; Loss: 19.365 ; Acc: 50.080
2018-09-19 14:29:06,968:INFO: [TRAIN] Step: 780 ; Loss: 20.264 ; Acc: 50.091
2018-09-19 14:29:07,088:INFO: [TRAIN] Step: 781 ; Loss: 17.746 ; Acc: 50.096
2018-09-19 14:29:07,213:INFO: [TRAIN] Step: 782 ; Loss: 20.168 ; Acc: 50.117
2018-09-19 14:29:07,334:INFO: [TRAIN] Step: 783 ; Loss: 17.014 ; Acc: 50.133
2018-09-19 14:29:07,452:INFO: [TRAIN] Step: 784 ; Loss: 24.965 ; Acc: 50.122
2018-09-19 14:29:07,573:INFO: [TRAIN] Step: 785 ; Loss: 16.873 ; Acc: 50.133
2018-09-19 14:29:07,692:INFO: [TRAIN] Step: 786 ; Loss: 18.860 ; Acc: 50.154
2018-09-19 14:29:07,812:INFO: [TRAIN] Step: 787 ; Loss: 17.227 ; Acc: 50.169
2018-09-19 14:29:07,928:INFO: [TRAIN] Step: 788 ; Loss: 22.441 ; Acc: 50.190
2018-09-19 14:29:08,049:INFO: [TRAIN] Step: 789 ; Loss: 19.219 ; Acc: 50.185
2018-09-19 14:29:08,169:INFO: [TRAIN] Step: 790 ; Loss: 18.958 ; Acc: 50.190
2018-09-19 14:29:08,286:INFO: [TRAIN] Step: 791 ; Loss: 22.446 ; Acc: 50.205
2018-09-19 14:29:08,404:INFO: [TRAIN] Step: 792 ; Loss: 25.960 ; Acc: 50.205
2018-09-19 14:29:08,520:INFO: [TRAIN] Step: 793 ; Loss: 18.776 ; Acc: 50.205
2018-09-19 14:29:08,639:INFO: [TRAIN] Step: 794 ; Loss: 16.502 ; Acc: 50.220
2018-09-19 14:29:08,766:INFO: [TRAIN] Step: 795 ; Loss: 20.725 ; Acc: 50.225
2018-09-19 14:29:08,882:INFO: [TRAIN] Step: 796 ; Loss: 23.383 ; Acc: 50.235
2018-09-19 14:29:09,001:INFO: [TRAIN] Step: 797 ; Loss: 20.763 ; Acc: 50.230
2018-09-19 14:29:09,118:INFO: [TRAIN] Step: 798 ; Loss: 18.224 ; Acc: 50.219
2018-09-19 14:29:09,236:INFO: [TRAIN] Step: 799 ; Loss: 18.478 ; Acc: 50.245
2018-09-19 14:29:09,359:INFO: [TRAIN] Step: 800 ; Loss: 20.518 ; Acc: 50.244
2018-09-19 14:29:09,479:INFO: [TRAIN] Step: 801 ; Loss: 14.957 ; Acc: 50.270
2018-09-19 14:29:09,596:INFO: [TRAIN] Step: 802 ; Loss: 24.785 ; Acc: 50.270
2018-09-19 14:29:09,714:INFO: [TRAIN] Step: 803 ; Loss: 27.794 ; Acc: 50.264
2018-09-19 14:29:09,830:INFO: [TRAIN] Step: 804 ; Loss: 16.314 ; Acc: 50.290
2018-09-19 14:29:09,944:INFO: [TRAIN] Step: 805 ; Loss: 23.110 ; Acc: 50.289
2018-09-19 14:29:10,061:INFO: [TRAIN] Step: 806 ; Loss: 18.849 ; Acc: 50.299
2018-09-19 14:29:10,179:INFO: [TRAIN] Step: 807 ; Loss: 20.249 ; Acc: 50.304
2018-09-19 14:29:10,302:INFO: [TRAIN] Step: 808 ; Loss: 20.905 ; Acc: 50.324
2018-09-19 14:29:10,421:INFO: [TRAIN] Step: 809 ; Loss: 23.356 ; Acc: 50.324
2018-09-19 14:29:10,542:INFO: [TRAIN] Step: 810 ; Loss: 21.432 ; Acc: 50.324
2018-09-19 14:29:10,673:INFO: [TRAIN] Step: 811 ; Loss: 19.069 ; Acc: 50.349
2018-09-19 14:29:10,793:INFO: [TRAIN] Step: 812 ; Loss: 19.835 ; Acc: 50.354
2018-09-19 14:29:10,910:INFO: [TRAIN] Step: 813 ; Loss: 18.284 ; Acc: 50.369
2018-09-19 14:29:11,026:INFO: [TRAIN] Step: 814 ; Loss: 19.803 ; Acc: 50.389
2018-09-19 14:29:11,143:INFO: [TRAIN] Step: 815 ; Loss: 17.357 ; Acc: 50.408
2018-09-19 14:29:11,264:INFO: [TRAIN] Step: 816 ; Loss: 18.141 ; Acc: 50.433
2018-09-19 14:29:11,379:INFO: [TRAIN] Step: 817 ; Loss: 21.462 ; Acc: 50.428
2018-09-19 14:29:11,493:INFO: [TRAIN] Step: 818 ; Loss: 15.272 ; Acc: 50.443
2018-09-19 14:29:11,609:INFO: [TRAIN] Step: 819 ; Loss: 18.596 ; Acc: 50.447
2018-09-19 14:29:11,726:INFO: [TRAIN] Step: 820 ; Loss: 20.635 ; Acc: 50.457
2018-09-19 14:29:11,842:INFO: [TRAIN] Step: 821 ; Loss: 24.325 ; Acc: 50.451
2018-09-19 14:29:11,957:INFO: [TRAIN] Step: 822 ; Loss: 20.154 ; Acc: 50.466
2018-09-19 14:29:12,074:INFO: [TRAIN] Step: 823 ; Loss: 20.207 ; Acc: 50.480
2018-09-19 14:29:12,189:INFO: [TRAIN] Step: 824 ; Loss: 21.938 ; Acc: 50.475
2018-09-19 14:29:12,304:INFO: [TRAIN] Step: 825 ; Loss: 19.299 ; Acc: 50.489
2018-09-19 14:29:12,420:INFO: [TRAIN] Step: 826 ; Loss: 21.090 ; Acc: 50.509
2018-09-19 14:29:12,534:INFO: [TRAIN] Step: 827 ; Loss: 20.519 ; Acc: 50.513
2018-09-19 14:29:12,647:INFO: [TRAIN] Step: 828 ; Loss: 21.304 ; Acc: 50.533
2018-09-19 14:29:12,762:INFO: [TRAIN] Step: 829 ; Loss: 20.111 ; Acc: 50.547
2018-09-19 14:29:12,876:INFO: [TRAIN] Step: 830 ; Loss: 25.747 ; Acc: 50.542
2018-09-19 14:29:12,987:INFO: [TRAIN] Step: 831 ; Loss: 16.195 ; Acc: 50.556
2018-09-19 14:29:13,113:INFO: [TRAIN] Step: 832 ; Loss: 22.672 ; Acc: 50.555
2018-09-19 14:29:13,230:INFO: [TRAIN] Step: 833 ; Loss: 24.492 ; Acc: 50.555
2018-09-19 14:29:13,353:INFO: [TRAIN] Step: 834 ; Loss: 23.254 ; Acc: 50.559
2018-09-19 14:29:13,467:INFO: [TRAIN] Step: 835 ; Loss: 21.821 ; Acc: 50.563
2018-09-19 14:29:13,596:INFO: [TRAIN] Step: 836 ; Loss: 22.014 ; Acc: 50.572
2018-09-19 14:29:13,716:INFO: [TRAIN] Step: 837 ; Loss: 19.937 ; Acc: 50.592
2018-09-19 14:29:13,827:INFO: [TRAIN] Step: 838 ; Loss: 23.807 ; Acc: 50.581
2018-09-19 14:29:13,939:INFO: [TRAIN] Step: 839 ; Loss: 20.261 ; Acc: 50.595
2018-09-19 14:29:14,051:INFO: [TRAIN] Step: 840 ; Loss: 15.251 ; Acc: 50.634
2018-09-19 14:29:14,160:INFO: [TRAIN] Step: 841 ; Loss: 22.077 ; Acc: 50.633
2018-09-19 14:29:14,269:INFO: [TRAIN] Step: 842 ; Loss: 15.066 ; Acc: 50.647
2018-09-19 14:29:14,384:INFO: [TRAIN] Step: 843 ; Loss: 19.645 ; Acc: 50.657
2018-09-19 14:29:14,523:INFO: [TRAIN] Step: 844 ; Loss: 16.542 ; Acc: 50.676
2018-09-19 14:29:14,634:INFO: [TRAIN] Step: 845 ; Loss: 15.969 ; Acc: 50.699
2018-09-19 14:29:14,748:INFO: [TRAIN] Step: 846 ; Loss: 16.215 ; Acc: 50.718
2018-09-19 14:29:14,859:INFO: [TRAIN] Step: 847 ; Loss: 15.575 ; Acc: 50.737
2018-09-19 14:29:14,979:INFO: [TRAIN] Step: 848 ; Loss: 19.886 ; Acc: 50.736
2018-09-19 14:29:15,096:INFO: [TRAIN] Step: 849 ; Loss: 17.096 ; Acc: 50.760
2018-09-19 14:29:15,218:INFO: [TRAIN] Step: 850 ; Loss: 19.738 ; Acc: 50.774
2018-09-19 14:29:15,325:INFO: [TRAIN] Step: 851 ; Loss: 20.640 ; Acc: 50.782
2018-09-19 14:29:15,435:INFO: [TRAIN] Step: 852 ; Loss: 18.906 ; Acc: 50.801
2018-09-19 14:29:15,549:INFO: [TRAIN] Step: 853 ; Loss: 21.421 ; Acc: 50.810
2018-09-19 14:29:15,670:INFO: [TRAIN] Step: 854 ; Loss: 16.927 ; Acc: 50.833
2018-09-19 14:29:15,784:INFO: [TRAIN] Step: 855 ; Loss: 19.866 ; Acc: 50.837
2018-09-19 14:29:15,892:INFO: [TRAIN] Step: 856 ; Loss: 15.780 ; Acc: 50.856
2018-09-19 14:29:15,995:INFO: [TRAIN] Step: 857 ; Loss: 14.953 ; Acc: 50.884
2018-09-19 14:29:16,106:INFO: [TRAIN] Step: 858 ; Loss: 19.665 ; Acc: 50.888
2018-09-19 14:29:16,224:INFO: [TRAIN] Step: 859 ; Loss: 20.112 ; Acc: 50.901
2018-09-19 14:29:16,343:INFO: [TRAIN] Step: 860 ; Loss: 20.038 ; Acc: 50.900
2018-09-19 14:29:16,462:INFO: [TRAIN] Step: 861 ; Loss: 24.598 ; Acc: 50.914
2018-09-19 14:29:16,583:INFO: [TRAIN] Step: 862 ; Loss: 19.765 ; Acc: 50.917
2018-09-19 14:29:16,688:INFO: [TRAIN] Step: 863 ; Loss: 13.784 ; Acc: 50.936
2018-09-19 14:29:16,795:INFO: [TRAIN] Step: 864 ; Loss: 20.488 ; Acc: 50.934
2018-09-19 14:29:16,901:INFO: [TRAIN] Step: 865 ; Loss: 20.121 ; Acc: 50.943
2018-09-19 14:29:17,007:INFO: [TRAIN] Step: 866 ; Loss: 16.927 ; Acc: 50.961
2018-09-19 14:29:17,112:INFO: [TRAIN] Step: 867 ; Loss: 21.037 ; Acc: 50.960
2018-09-19 14:29:17,218:INFO: [TRAIN] Step: 868 ; Loss: 19.507 ; Acc: 50.949
2018-09-19 14:29:17,326:INFO: [TRAIN] Step: 869 ; Loss: 24.151 ; Acc: 50.953
2018-09-19 14:29:17,428:INFO: [TRAIN] Step: 870 ; Loss: 19.741 ; Acc: 50.966
2018-09-19 14:29:17,533:INFO: [TRAIN] Step: 871 ; Loss: 22.164 ; Acc: 50.975
2018-09-19 14:29:17,654:INFO: [TRAIN] Step: 872 ; Loss: 17.227 ; Acc: 50.978
2018-09-19 14:29:17,761:INFO: [TRAIN] Step: 873 ; Loss: 19.675 ; Acc: 50.977
2018-09-19 14:29:17,863:INFO: [TRAIN] Step: 874 ; Loss: 24.393 ; Acc: 50.976
2018-09-19 14:29:17,968:INFO: [TRAIN] Step: 875 ; Loss: 28.187 ; Acc: 50.961
2018-09-19 14:29:18,073:INFO: [TRAIN] Step: 876 ; Loss: 17.230 ; Acc: 50.969
2018-09-19 14:29:18,178:INFO: [TRAIN] Step: 877 ; Loss: 19.294 ; Acc: 50.959
2018-09-19 14:29:18,281:INFO: [TRAIN] Step: 878 ; Loss: 22.698 ; Acc: 50.958
2018-09-19 14:29:18,383:INFO: [TRAIN] Step: 879 ; Loss: 20.380 ; Acc: 50.975
2018-09-19 14:29:18,488:INFO: [TRAIN] Step: 880 ; Loss: 24.723 ; Acc: 50.970
2018-09-19 14:29:18,593:INFO: [TRAIN] Step: 881 ; Loss: 21.017 ; Acc: 50.968
2018-09-19 14:29:18,697:INFO: [TRAIN] Step: 882 ; Loss: 19.537 ; Acc: 50.963
2018-09-19 14:29:18,801:INFO: [TRAIN] Step: 883 ; Loss: 23.228 ; Acc: 50.971
2018-09-19 14:29:18,906:INFO: [TRAIN] Step: 884 ; Loss: 14.324 ; Acc: 50.998
2018-09-19 14:29:19,011:INFO: [TRAIN] Step: 885 ; Loss: 24.193 ; Acc: 50.997
2018-09-19 14:29:19,111:INFO: [TRAIN] Step: 886 ; Loss: 19.543 ; Acc: 51.005
2018-09-19 14:29:19,214:INFO: [TRAIN] Step: 887 ; Loss: 15.288 ; Acc: 51.028
2018-09-19 14:29:19,320:INFO: [TRAIN] Step: 888 ; Loss: 17.478 ; Acc: 51.031
2018-09-19 14:29:19,424:INFO: [TRAIN] Step: 889 ; Loss: 17.908 ; Acc: 51.049
2018-09-19 14:29:19,524:INFO: [TRAIN] Step: 890 ; Loss: 23.321 ; Acc: 51.043
2018-09-19 14:29:19,622:INFO: [TRAIN] Step: 891 ; Loss: 21.161 ; Acc: 51.037
2018-09-19 14:29:19,725:INFO: [TRAIN] Step: 892 ; Loss: 22.501 ; Acc: 51.036
2018-09-19 14:29:19,830:INFO: [TRAIN] Step: 893 ; Loss: 18.555 ; Acc: 51.044
2018-09-19 14:29:19,934:INFO: [TRAIN] Step: 894 ; Loss: 14.060 ; Acc: 51.071
2018-09-19 14:29:20,037:INFO: [TRAIN] Step: 895 ; Loss: 21.650 ; Acc: 51.074
2018-09-19 14:29:20,141:INFO: [TRAIN] Step: 896 ; Loss: 16.923 ; Acc: 51.082
2018-09-19 14:29:20,242:INFO: [TRAIN] Step: 897 ; Loss: 19.989 ; Acc: 51.086
2018-09-19 14:29:20,343:INFO: [TRAIN] Step: 898 ; Loss: 18.066 ; Acc: 51.098
2018-09-19 14:29:20,446:INFO: [TRAIN] Step: 899 ; Loss: 18.021 ; Acc: 51.106
2018-09-19 14:29:20,551:INFO: [TRAIN] Step: 900 ; Loss: 25.073 ; Acc: 51.119
2018-09-19 14:29:20,656:INFO: [TRAIN] Step: 901 ; Loss: 20.459 ; Acc: 51.127
2018-09-19 14:29:20,757:INFO: [TRAIN] Step: 902 ; Loss: 18.595 ; Acc: 51.149
2018-09-19 14:29:20,863:INFO: [TRAIN] Step: 903 ; Loss: 17.431 ; Acc: 51.157
2018-09-19 14:29:20,966:INFO: [TRAIN] Step: 904 ; Loss: 21.318 ; Acc: 51.156
2018-09-19 14:29:21,070:INFO: [TRAIN] Step: 905 ; Loss: 21.202 ; Acc: 51.164
2018-09-19 14:29:21,170:INFO: [TRAIN] Step: 906 ; Loss: 21.294 ; Acc: 51.171
2018-09-19 14:29:21,269:INFO: [TRAIN] Step: 907 ; Loss: 21.426 ; Acc: 51.166
2018-09-19 14:29:21,371:INFO: [TRAIN] Step: 908 ; Loss: 22.211 ; Acc: 51.169
2018-09-19 14:29:21,473:INFO: [TRAIN] Step: 909 ; Loss: 13.594 ; Acc: 51.204
2018-09-19 14:29:21,580:INFO: [TRAIN] Step: 910 ; Loss: 20.740 ; Acc: 51.212
2018-09-19 14:29:21,685:INFO: [TRAIN] Step: 911 ; Loss: 12.793 ; Acc: 51.252
2018-09-19 14:29:21,787:INFO: [TRAIN] Step: 912 ; Loss: 20.270 ; Acc: 51.246
2018-09-19 14:29:21,888:INFO: [TRAIN] Step: 913 ; Loss: 15.617 ; Acc: 51.254
2018-09-19 14:29:21,990:INFO: [TRAIN] Step: 914 ; Loss: 16.903 ; Acc: 51.261
2018-09-19 14:29:22,095:INFO: [TRAIN] Step: 915 ; Loss: 27.207 ; Acc: 51.265
2018-09-19 14:29:22,195:INFO: [TRAIN] Step: 916 ; Loss: 16.760 ; Acc: 51.277
2018-09-19 14:29:22,300:INFO: [TRAIN] Step: 917 ; Loss: 17.531 ; Acc: 51.284
2018-09-19 14:29:22,404:INFO: [TRAIN] Step: 918 ; Loss: 22.414 ; Acc: 51.288
2018-09-19 14:29:22,508:INFO: [TRAIN] Step: 919 ; Loss: 24.231 ; Acc: 51.273
2018-09-19 14:29:22,611:INFO: [TRAIN] Step: 920 ; Loss: 18.560 ; Acc: 51.276
2018-09-19 14:29:22,711:INFO: [TRAIN] Step: 921 ; Loss: 21.316 ; Acc: 51.288
2018-09-19 14:29:22,812:INFO: [TRAIN] Step: 922 ; Loss: 21.483 ; Acc: 51.296
2018-09-19 14:29:22,912:INFO: [TRAIN] Step: 923 ; Loss: 23.259 ; Acc: 51.299
2018-09-19 14:29:23,015:INFO: [TRAIN] Step: 924 ; Loss: 18.877 ; Acc: 51.315
2018-09-19 14:29:23,116:INFO: [TRAIN] Step: 925 ; Loss: 22.826 ; Acc: 51.314
2018-09-19 14:29:23,217:INFO: [TRAIN] Step: 926 ; Loss: 20.470 ; Acc: 51.321
2018-09-19 14:29:23,320:INFO: [TRAIN] Step: 927 ; Loss: 23.810 ; Acc: 51.325
2018-09-19 14:29:23,421:INFO: [TRAIN] Step: 928 ; Loss: 24.989 ; Acc: 51.310
2018-09-19 14:29:23,527:INFO: [TRAIN] Step: 929 ; Loss: 21.989 ; Acc: 51.317
2018-09-19 14:29:23,629:INFO: [TRAIN] Step: 930 ; Loss: 16.825 ; Acc: 51.316
2018-09-19 14:29:23,730:INFO: [TRAIN] Step: 931 ; Loss: 16.758 ; Acc: 51.341
2018-09-19 14:29:23,836:INFO: [TRAIN] Step: 932 ; Loss: 24.096 ; Acc: 51.349
2018-09-19 14:29:23,938:INFO: [TRAIN] Step: 933 ; Loss: 18.515 ; Acc: 51.365
2018-09-19 14:29:24,042:INFO: [TRAIN] Step: 934 ; Loss: 19.774 ; Acc: 51.364
2018-09-19 14:29:24,144:INFO: [TRAIN] Step: 935 ; Loss: 15.253 ; Acc: 51.389
2018-09-19 14:29:24,249:INFO: [TRAIN] Step: 936 ; Loss: 19.008 ; Acc: 51.405
2018-09-19 14:29:24,354:INFO: [TRAIN] Step: 937 ; Loss: 18.204 ; Acc: 51.417
2018-09-19 14:29:24,454:INFO: [TRAIN] Step: 938 ; Loss: 30.324 ; Acc: 51.411
2018-09-19 14:29:24,558:INFO: [TRAIN] Step: 939 ; Loss: 24.410 ; Acc: 51.414
2018-09-19 14:29:24,664:INFO: [TRAIN] Step: 940 ; Loss: 17.938 ; Acc: 51.426
2018-09-19 14:29:24,768:INFO: [TRAIN] Step: 941 ; Loss: 16.762 ; Acc: 51.442
2018-09-19 14:29:24,869:INFO: [TRAIN] Step: 942 ; Loss: 22.002 ; Acc: 51.427
2018-09-19 14:29:24,970:INFO: [TRAIN] Step: 943 ; Loss: 17.177 ; Acc: 51.443
2018-09-19 14:29:25,071:INFO: [TRAIN] Step: 944 ; Loss: 16.854 ; Acc: 51.446
2018-09-19 14:29:25,173:INFO: [TRAIN] Step: 945 ; Loss: 23.455 ; Acc: 51.431
2018-09-19 14:29:25,279:INFO: [TRAIN] Step: 946 ; Loss: 19.473 ; Acc: 51.439
2018-09-19 14:29:25,380:INFO: [TRAIN] Step: 947 ; Loss: 19.647 ; Acc: 51.446
2018-09-19 14:29:25,481:INFO: [TRAIN] Step: 948 ; Loss: 18.480 ; Acc: 51.458
2018-09-19 14:29:25,580:INFO: [TRAIN] Step: 949 ; Loss: 19.251 ; Acc: 51.461
2018-09-19 14:29:25,676:INFO: [TRAIN] Step: 950 ; Loss: 18.036 ; Acc: 51.485
2018-09-19 14:29:25,779:INFO: [TRAIN] Step: 951 ; Loss: 19.980 ; Acc: 51.492
2018-09-19 14:29:25,882:INFO: [TRAIN] Step: 952 ; Loss: 21.965 ; Acc: 51.500
2018-09-19 14:29:25,986:INFO: [TRAIN] Step: 953 ; Loss: 21.242 ; Acc: 51.498
2018-09-19 14:29:26,086:INFO: [TRAIN] Step: 954 ; Loss: 20.892 ; Acc: 51.510
2018-09-19 14:29:26,191:INFO: [TRAIN] Step: 955 ; Loss: 17.501 ; Acc: 51.525
2018-09-19 14:29:26,290:INFO: [TRAIN] Step: 956 ; Loss: 14.912 ; Acc: 51.528
2018-09-19 14:29:26,384:INFO: [TRAIN] Step: 957 ; Loss: 14.571 ; Acc: 51.553
2018-09-19 14:29:26,487:INFO: [TRAIN] Step: 958 ; Loss: 19.274 ; Acc: 51.555
2018-09-19 14:29:26,593:INFO: [TRAIN] Step: 959 ; Loss: 23.767 ; Acc: 51.549
2018-09-19 14:29:26,694:INFO: [TRAIN] Step: 960 ; Loss: 18.328 ; Acc: 51.561
2018-09-19 14:29:26,796:INFO: [TRAIN] Step: 961 ; Loss: 19.996 ; Acc: 51.577
2018-09-19 14:29:26,898:INFO: [TRAIN] Step: 962 ; Loss: 26.536 ; Acc: 51.575
2018-09-19 14:29:26,999:INFO: [TRAIN] Step: 963 ; Loss: 18.439 ; Acc: 51.582
2018-09-19 14:29:27,103:INFO: [TRAIN] Step: 964 ; Loss: 18.210 ; Acc: 51.598
2018-09-19 14:29:27,204:INFO: [TRAIN] Step: 965 ; Loss: 15.923 ; Acc: 51.617
2018-09-19 14:29:27,305:INFO: [TRAIN] Step: 966 ; Loss: 20.616 ; Acc: 51.624
2018-09-19 14:29:27,406:INFO: [TRAIN] Step: 967 ; Loss: 16.153 ; Acc: 51.640
2018-09-19 14:29:27,509:INFO: [TRAIN] Step: 968 ; Loss: 18.646 ; Acc: 51.655
2018-09-19 14:29:27,611:INFO: [TRAIN] Step: 969 ; Loss: 13.503 ; Acc: 51.680
2018-09-19 14:29:27,715:INFO: [TRAIN] Step: 970 ; Loss: 23.934 ; Acc: 51.674
2018-09-19 14:29:27,820:INFO: [TRAIN] Step: 971 ; Loss: 24.175 ; Acc: 51.668
2018-09-19 14:29:27,925:INFO: [TRAIN] Step: 972 ; Loss: 12.671 ; Acc: 51.683
2018-09-19 14:29:28,027:INFO: [TRAIN] Step: 973 ; Loss: 20.384 ; Acc: 51.681
2018-09-19 14:29:28,130:INFO: [TRAIN] Step: 974 ; Loss: 18.177 ; Acc: 51.697
2018-09-19 14:29:28,231:INFO: [TRAIN] Step: 975 ; Loss: 20.314 ; Acc: 51.703
2018-09-19 14:29:28,335:INFO: [TRAIN] Step: 976 ; Loss: 17.883 ; Acc: 51.727
2018-09-19 14:29:28,437:INFO: [TRAIN] Step: 977 ; Loss: 19.962 ; Acc: 51.734
2018-09-19 14:29:28,537:INFO: [TRAIN] Step: 978 ; Loss: 21.557 ; Acc: 51.741
2018-09-19 14:29:28,646:INFO: [TRAIN] Step: 979 ; Loss: 18.648 ; Acc: 51.747
2018-09-19 14:29:28,751:INFO: [TRAIN] Step: 980 ; Loss: 21.394 ; Acc: 51.737
2018-09-19 14:29:28,852:INFO: [TRAIN] Step: 981 ; Loss: 21.175 ; Acc: 51.748
2018-09-19 14:29:28,951:INFO: [TRAIN] Step: 982 ; Loss: 17.615 ; Acc: 51.763
2018-09-19 14:29:29,045:INFO: [TRAIN] Step: 983 ; Loss: 19.779 ; Acc: 51.783
2018-09-19 14:29:29,150:INFO: [TRAIN] Step: 984 ; Loss: 16.647 ; Acc: 51.806
2018-09-19 14:29:29,251:INFO: [TRAIN] Step: 985 ; Loss: 17.976 ; Acc: 51.826
2018-09-19 14:29:29,351:INFO: [TRAIN] Step: 986 ; Loss: 17.416 ; Acc: 51.832
2018-09-19 14:29:29,449:INFO: [TRAIN] Step: 987 ; Loss: 22.851 ; Acc: 51.843
2018-09-19 14:29:29,550:INFO: [TRAIN] Step: 988 ; Loss: 17.542 ; Acc: 51.854
2018-09-19 14:29:29,654:INFO: [TRAIN] Step: 989 ; Loss: 20.593 ; Acc: 51.860
2018-09-19 14:29:29,755:INFO: [TRAIN] Step: 990 ; Loss: 26.659 ; Acc: 51.850
2018-09-19 14:29:29,859:INFO: [TRAIN] Step: 991 ; Loss: 25.068 ; Acc: 51.836
2018-09-19 14:29:29,963:INFO: [TRAIN] Step: 992 ; Loss: 17.691 ; Acc: 51.855
2018-09-19 14:29:30,065:INFO: [TRAIN] Step: 993 ; Loss: 18.574 ; Acc: 51.865
2018-09-19 14:29:30,166:INFO: [TRAIN] Step: 994 ; Loss: 22.016 ; Acc: 51.851
2018-09-19 14:29:30,265:INFO: [TRAIN] Step: 995 ; Loss: 19.243 ; Acc: 51.862
2018-09-19 14:29:30,363:INFO: [TRAIN] Step: 996 ; Loss: 19.936 ; Acc: 51.860
2018-09-19 14:29:30,465:INFO: [TRAIN] Step: 997 ; Loss: 20.216 ; Acc: 51.862
2018-09-19 14:29:30,566:INFO: [TRAIN] Step: 998 ; Loss: 18.198 ; Acc: 51.864
2018-09-19 14:29:30,666:INFO: [TRAIN] Step: 999 ; Loss: 16.664 ; Acc: 51.879
2018-09-19 14:29:30,766:INFO: [TRAIN] Step: 1000 ; Loss: 17.140 ; Acc: 51.886
2018-09-19 14:29:30,868:INFO: [TRAIN] Step: 1001 ; Loss: 26.161 ; Acc: 51.884
2018-09-19 14:29:30,971:INFO: [TRAIN] Step: 1002 ; Loss: 17.821 ; Acc: 51.886
2018-09-19 14:29:31,074:INFO: [TRAIN] Step: 1003 ; Loss: 13.750 ; Acc: 51.905
2018-09-19 14:29:31,179:INFO: [TRAIN] Step: 1004 ; Loss: 16.361 ; Acc: 51.924
2018-09-19 14:29:31,282:INFO: [TRAIN] Step: 1005 ; Loss: 15.267 ; Acc: 51.934
2018-09-19 14:29:31,383:INFO: [TRAIN] Step: 1006 ; Loss: 13.810 ; Acc: 51.965
2018-09-19 14:29:31,487:INFO: [TRAIN] Step: 1007 ; Loss: 19.577 ; Acc: 51.968
2018-09-19 14:29:31,592:INFO: [TRAIN] Step: 1008 ; Loss: 18.373 ; Acc: 51.986
2018-09-19 14:29:31,694:INFO: [TRAIN] Step: 1009 ; Loss: 16.674 ; Acc: 51.997
2018-09-19 14:29:31,794:INFO: [TRAIN] Step: 1010 ; Loss: 19.806 ; Acc: 52.003
2018-09-19 14:29:31,895:INFO: [TRAIN] Step: 1011 ; Loss: 17.041 ; Acc: 52.005
2018-09-19 14:29:32,004:INFO: [TRAIN] Step: 1012 ; Loss: 18.066 ; Acc: 52.015
2018-09-19 14:29:32,106:INFO: [TRAIN] Step: 1013 ; Loss: 15.088 ; Acc: 52.026
2018-09-19 14:29:32,209:INFO: [TRAIN] Step: 1014 ; Loss: 21.402 ; Acc: 52.028
2018-09-19 14:29:32,309:INFO: [TRAIN] Step: 1015 ; Loss: 20.098 ; Acc: 52.038
2018-09-19 14:29:32,411:INFO: [TRAIN] Step: 1016 ; Loss: 19.795 ; Acc: 52.053
2018-09-19 14:29:32,513:INFO: [TRAIN] Step: 1017 ; Loss: 16.068 ; Acc: 52.063
2018-09-19 14:29:32,613:INFO: [TRAIN] Step: 1018 ; Loss: 16.083 ; Acc: 52.085
2018-09-19 14:29:32,711:INFO: [TRAIN] Step: 1019 ; Loss: 22.258 ; Acc: 52.083
2018-09-19 14:29:32,812:INFO: [TRAIN] Step: 1020 ; Loss: 17.417 ; Acc: 52.081
2018-09-19 14:29:32,915:INFO: [TRAIN] Step: 1021 ; Loss: 23.592 ; Acc: 52.083
2018-09-19 14:29:33,014:INFO: [TRAIN] Step: 1022 ; Loss: 17.496 ; Acc: 52.094
2018-09-19 14:29:33,112:INFO: [TRAIN] Step: 1023 ; Loss: 22.077 ; Acc: 52.091
2018-09-19 14:29:33,213:INFO: [TRAIN] Step: 1024 ; Loss: 17.166 ; Acc: 52.110
2018-09-19 14:29:33,317:INFO: [TRAIN] Step: 1025 ; Loss: 30.495 ; Acc: 52.079
2018-09-19 14:29:33,424:INFO: [TRAIN] Step: 1026 ; Loss: 20.787 ; Acc: 52.077
2018-09-19 14:29:33,524:INFO: [TRAIN] Step: 1027 ; Loss: 18.691 ; Acc: 52.091
2018-09-19 14:29:33,623:INFO: [TRAIN] Step: 1028 ; Loss: 15.257 ; Acc: 52.102
2018-09-19 14:29:33,720:INFO: [TRAIN] Step: 1029 ; Loss: 17.465 ; Acc: 52.120
2018-09-19 14:29:33,823:INFO: [TRAIN] Step: 1030 ; Loss: 20.455 ; Acc: 52.134
2018-09-19 14:29:33,926:INFO: [TRAIN] Step: 1031 ; Loss: 20.726 ; Acc: 52.128
2018-09-19 14:29:34,028:INFO: [TRAIN] Step: 1032 ; Loss: 12.789 ; Acc: 52.154
2018-09-19 14:29:34,133:INFO: [TRAIN] Step: 1033 ; Loss: 15.302 ; Acc: 52.172
2018-09-19 14:29:34,234:INFO: [TRAIN] Step: 1034 ; Loss: 19.096 ; Acc: 52.182
2018-09-19 14:29:34,337:INFO: [TRAIN] Step: 1035 ; Loss: 17.066 ; Acc: 52.192
2018-09-19 14:29:34,442:INFO: [TRAIN] Step: 1036 ; Loss: 17.126 ; Acc: 52.190
2018-09-19 14:29:34,549:INFO: [TRAIN] Step: 1037 ; Loss: 26.668 ; Acc: 52.180
2018-09-19 14:29:34,651:INFO: [TRAIN] Step: 1038 ; Loss: 16.982 ; Acc: 52.194
2018-09-19 14:29:34,753:INFO: [TRAIN] Step: 1039 ; Loss: 15.467 ; Acc: 52.212
2018-09-19 14:29:34,853:INFO: [TRAIN] Step: 1040 ; Loss: 17.248 ; Acc: 52.217
2018-09-19 14:29:34,952:INFO: [TRAIN] Step: 1041 ; Loss: 21.155 ; Acc: 52.235
2018-09-19 14:29:35,050:INFO: [TRAIN] Step: 1042 ; Loss: 14.265 ; Acc: 52.249
2018-09-19 14:29:35,154:INFO: [TRAIN] Step: 1043 ; Loss: 18.760 ; Acc: 52.251
2018-09-19 14:29:35,254:INFO: [TRAIN] Step: 1044 ; Loss: 19.192 ; Acc: 52.269
2018-09-19 14:29:35,356:INFO: [TRAIN] Step: 1045 ; Loss: 15.783 ; Acc: 52.283
2018-09-19 14:29:35,456:INFO: [TRAIN] Step: 1046 ; Loss: 18.797 ; Acc: 52.308
2018-09-19 14:29:35,560:INFO: [TRAIN] Step: 1047 ; Loss: 14.135 ; Acc: 52.322
2018-09-19 14:29:35,664:INFO: [TRAIN] Step: 1048 ; Loss: 19.169 ; Acc: 52.316
2018-09-19 14:29:35,767:INFO: [TRAIN] Step: 1049 ; Loss: 18.530 ; Acc: 52.333
2018-09-19 14:29:35,867:INFO: [TRAIN] Step: 1050 ; Loss: 20.416 ; Acc: 52.327
2018-09-19 14:29:35,967:INFO: [TRAIN] Step: 1051 ; Loss: 25.620 ; Acc: 52.329
2018-09-19 14:29:36,072:INFO: [TRAIN] Step: 1052 ; Loss: 22.842 ; Acc: 52.327
2018-09-19 14:29:36,171:INFO: [TRAIN] Step: 1053 ; Loss: 16.213 ; Acc: 52.340
2018-09-19 14:29:36,269:INFO: [TRAIN] Step: 1054 ; Loss: 21.378 ; Acc: 52.338
2018-09-19 14:29:36,371:INFO: [TRAIN] Step: 1055 ; Loss: 23.562 ; Acc: 52.340
2018-09-19 14:29:36,475:INFO: [TRAIN] Step: 1056 ; Loss: 13.101 ; Acc: 52.377
2018-09-19 14:29:36,581:INFO: [TRAIN] Step: 1057 ; Loss: 15.203 ; Acc: 52.402
2018-09-19 14:29:36,686:INFO: [TRAIN] Step: 1058 ; Loss: 20.289 ; Acc: 52.412
2018-09-19 14:29:36,791:INFO: [TRAIN] Step: 1059 ; Loss: 20.656 ; Acc: 52.425
2018-09-19 14:29:36,895:INFO: [TRAIN] Step: 1060 ; Loss: 21.220 ; Acc: 52.431
2018-09-19 14:29:36,998:INFO: [TRAIN] Step: 1061 ; Loss: 16.872 ; Acc: 52.440
2018-09-19 14:29:37,102:INFO: [TRAIN] Step: 1062 ; Loss: 16.505 ; Acc: 52.462
2018-09-19 14:29:37,206:INFO: [TRAIN] Step: 1063 ; Loss: 21.550 ; Acc: 52.448
2018-09-19 14:29:37,308:INFO: [TRAIN] Step: 1064 ; Loss: 20.253 ; Acc: 52.461
2018-09-19 14:29:37,408:INFO: [TRAIN] Step: 1065 ; Loss: 20.595 ; Acc: 52.462
2018-09-19 14:29:37,510:INFO: [TRAIN] Step: 1066 ; Loss: 21.653 ; Acc: 52.468
2018-09-19 14:29:37,617:INFO: [TRAIN] Step: 1067 ; Loss: 22.400 ; Acc: 52.470
2018-09-19 14:29:37,724:INFO: [TRAIN] Step: 1068 ; Loss: 21.559 ; Acc: 52.467
2018-09-19 14:29:37,826:INFO: [TRAIN] Step: 1069 ; Loss: 17.773 ; Acc: 52.477
2018-09-19 14:29:37,933:INFO: [TRAIN] Step: 1070 ; Loss: 20.662 ; Acc: 52.482
2018-09-19 14:29:38,035:INFO: [TRAIN] Step: 1071 ; Loss: 18.688 ; Acc: 52.499
2018-09-19 14:29:38,136:INFO: [TRAIN] Step: 1072 ; Loss: 23.249 ; Acc: 52.489
2018-09-19 14:29:38,239:INFO: [TRAIN] Step: 1073 ; Loss: 18.746 ; Acc: 52.502
2018-09-19 14:29:38,343:INFO: [TRAIN] Step: 1074 ; Loss: 20.701 ; Acc: 52.504
2018-09-19 14:29:38,445:INFO: [TRAIN] Step: 1075 ; Loss: 19.033 ; Acc: 52.509
2018-09-19 14:29:38,546:INFO: [TRAIN] Step: 1076 ; Loss: 19.062 ; Acc: 52.503
2018-09-19 14:29:38,646:INFO: [TRAIN] Step: 1077 ; Loss: 19.842 ; Acc: 52.509
2018-09-19 14:29:38,744:INFO: [TRAIN] Step: 1078 ; Loss: 22.452 ; Acc: 52.495
2018-09-19 14:29:38,854:INFO: [TRAIN] Step: 1079 ; Loss: 21.571 ; Acc: 52.492
2018-09-19 14:29:38,959:INFO: [TRAIN] Step: 1080 ; Loss: 21.877 ; Acc: 52.505
2018-09-19 14:29:39,060:INFO: [TRAIN] Step: 1081 ; Loss: 21.910 ; Acc: 52.499
2018-09-19 14:29:39,159:INFO: [TRAIN] Step: 1082 ; Loss: 25.881 ; Acc: 52.489
2018-09-19 14:29:39,259:INFO: [TRAIN] Step: 1083 ; Loss: 19.937 ; Acc: 52.495
2018-09-19 14:29:39,360:INFO: [TRAIN] Step: 1084 ; Loss: 17.544 ; Acc: 52.515
2018-09-19 14:29:39,461:INFO: [TRAIN] Step: 1085 ; Loss: 16.817 ; Acc: 52.532
2018-09-19 14:29:39,563:INFO: [TRAIN] Step: 1086 ; Loss: 15.693 ; Acc: 52.545
2018-09-19 14:29:39,667:INFO: [TRAIN] Step: 1087 ; Loss: 27.465 ; Acc: 52.539
2018-09-19 14:29:39,770:INFO: [TRAIN] Step: 1088 ; Loss: 15.317 ; Acc: 52.552
2018-09-19 14:29:39,873:INFO: [TRAIN] Step: 1089 ; Loss: 16.727 ; Acc: 52.554
2018-09-19 14:29:39,981:INFO: [TRAIN] Step: 1090 ; Loss: 20.010 ; Acc: 52.551
2018-09-19 14:29:40,083:INFO: [TRAIN] Step: 1091 ; Loss: 18.570 ; Acc: 52.568
2018-09-19 14:29:40,187:INFO: [TRAIN] Step: 1092 ; Loss: 16.853 ; Acc: 52.585
2018-09-19 14:29:40,290:INFO: [TRAIN] Step: 1093 ; Loss: 14.523 ; Acc: 52.605
2018-09-19 14:29:40,390:INFO: [TRAIN] Step: 1094 ; Loss: 17.116 ; Acc: 52.622
2018-09-19 14:29:40,485:INFO: [TRAIN] Step: 1095 ; Loss: 21.175 ; Acc: 52.619
2018-09-19 14:29:40,586:INFO: [TRAIN] Step: 1096 ; Loss: 19.382 ; Acc: 52.617
2018-09-19 14:29:40,688:INFO: [TRAIN] Step: 1097 ; Loss: 18.486 ; Acc: 52.630
2018-09-19 14:29:40,790:INFO: [TRAIN] Step: 1098 ; Loss: 17.648 ; Acc: 52.643
2018-09-19 14:29:40,889:INFO: [TRAIN] Step: 1099 ; Loss: 16.646 ; Acc: 52.659
2018-09-19 14:29:40,985:INFO: [TRAIN] Step: 1100 ; Loss: 20.186 ; Acc: 52.668
2018-09-19 14:29:41,092:INFO: [TRAIN] Step: 1101 ; Loss: 16.578 ; Acc: 52.677
2018-09-19 14:29:41,196:INFO: [TRAIN] Step: 1102 ; Loss: 14.070 ; Acc: 52.701
2018-09-19 14:29:41,298:INFO: [TRAIN] Step: 1103 ; Loss: 17.555 ; Acc: 52.706
2018-09-19 14:29:41,399:INFO: [TRAIN] Step: 1104 ; Loss: 18.780 ; Acc: 52.715
2018-09-19 14:29:41,499:INFO: [TRAIN] Step: 1105 ; Loss: 17.680 ; Acc: 52.724
2018-09-19 14:29:41,603:INFO: [TRAIN] Step: 1106 ; Loss: 20.088 ; Acc: 52.733
2018-09-19 14:29:41,707:INFO: [TRAIN] Step: 1107 ; Loss: 15.160 ; Acc: 52.749
2018-09-19 14:29:41,812:INFO: [TRAIN] Step: 1108 ; Loss: 18.636 ; Acc: 52.754
2018-09-19 14:29:41,914:INFO: [TRAIN] Step: 1109 ; Loss: 14.168 ; Acc: 52.770
2018-09-19 14:29:42,018:INFO: [TRAIN] Step: 1110 ; Loss: 21.506 ; Acc: 52.772
2018-09-19 14:29:42,119:INFO: [TRAIN] Step: 1111 ; Loss: 19.500 ; Acc: 52.777
2018-09-19 14:29:42,220:INFO: [TRAIN] Step: 1112 ; Loss: 21.501 ; Acc: 52.785
2018-09-19 14:29:42,320:INFO: [TRAIN] Step: 1113 ; Loss: 17.788 ; Acc: 52.790
2018-09-19 14:29:42,429:INFO: [TRAIN] Step: 1114 ; Loss: 16.432 ; Acc: 52.795
2018-09-19 14:29:42,534:INFO: [TRAIN] Step: 1115 ; Loss: 20.744 ; Acc: 52.808
2018-09-19 14:29:42,639:INFO: [TRAIN] Step: 1116 ; Loss: 22.131 ; Acc: 52.798
2018-09-19 14:29:42,743:INFO: [TRAIN] Step: 1117 ; Loss: 17.985 ; Acc: 52.818
2018-09-19 14:29:42,848:INFO: [TRAIN] Step: 1118 ; Loss: 18.265 ; Acc: 52.808
2018-09-19 14:29:42,951:INFO: [TRAIN] Step: 1119 ; Loss: 16.632 ; Acc: 52.827
2018-09-19 14:29:43,051:INFO: [TRAIN] Step: 1120 ; Loss: 16.126 ; Acc: 52.832
2018-09-19 14:29:43,150:INFO: [TRAIN] Step: 1121 ; Loss: 16.958 ; Acc: 52.852
2018-09-19 14:29:43,249:INFO: [TRAIN] Step: 1122 ; Loss: 19.409 ; Acc: 52.857
2018-09-19 14:29:43,350:INFO: [TRAIN] Step: 1123 ; Loss: 19.646 ; Acc: 52.869
2018-09-19 14:29:43,450:INFO: [TRAIN] Step: 1124 ; Loss: 15.369 ; Acc: 52.881
2018-09-19 14:29:43,544:INFO: [TRAIN] Step: 1125 ; Loss: 18.509 ; Acc: 52.890
2018-09-19 14:29:43,648:INFO: [TRAIN] Step: 1126 ; Loss: 13.002 ; Acc: 52.910
2018-09-19 14:29:43,750:INFO: [TRAIN] Step: 1127 ; Loss: 18.623 ; Acc: 52.911
2018-09-19 14:29:43,853:INFO: [TRAIN] Step: 1128 ; Loss: 20.761 ; Acc: 52.919
2018-09-19 14:29:43,957:INFO: [TRAIN] Step: 1129 ; Loss: 16.891 ; Acc: 52.928
2018-09-19 14:29:44,059:INFO: [TRAIN] Step: 1130 ; Loss: 20.456 ; Acc: 52.925
2018-09-19 14:29:44,161:INFO: [TRAIN] Step: 1131 ; Loss: 13.284 ; Acc: 52.937
2018-09-19 14:29:44,265:INFO: [TRAIN] Step: 1132 ; Loss: 20.654 ; Acc: 52.924
2018-09-19 14:29:44,366:INFO: [TRAIN] Step: 1133 ; Loss: 19.662 ; Acc: 52.936
2018-09-19 14:29:44,467:INFO: [TRAIN] Step: 1134 ; Loss: 16.071 ; Acc: 52.937
2018-09-19 14:29:44,572:INFO: [TRAIN] Step: 1135 ; Loss: 13.802 ; Acc: 52.945
2018-09-19 14:29:44,678:INFO: [TRAIN] Step: 1136 ; Loss: 16.297 ; Acc: 52.954
2018-09-19 14:29:44,780:INFO: [TRAIN] Step: 1137 ; Loss: 16.881 ; Acc: 52.962
2018-09-19 14:29:44,881:INFO: [TRAIN] Step: 1138 ; Loss: 22.580 ; Acc: 52.963
2018-09-19 14:29:44,983:INFO: [TRAIN] Step: 1139 ; Loss: 22.270 ; Acc: 52.975
2018-09-19 14:29:45,085:INFO: [TRAIN] Step: 1140 ; Loss: 16.853 ; Acc: 52.976
2018-09-19 14:29:45,188:INFO: [TRAIN] Step: 1141 ; Loss: 21.714 ; Acc: 52.981
2018-09-19 14:29:45,297:INFO: [TRAIN] Step: 1142 ; Loss: 12.870 ; Acc: 53.004
2018-09-19 14:29:45,396:INFO: [TRAIN] Step: 1143 ; Loss: 20.340 ; Acc: 53.019
2018-09-19 14:29:45,494:INFO: [TRAIN] Step: 1144 ; Loss: 17.184 ; Acc: 53.020
2018-09-19 14:29:45,596:INFO: [TRAIN] Step: 1145 ; Loss: 16.560 ; Acc: 53.036
2018-09-19 14:29:45,696:INFO: [TRAIN] Step: 1146 ; Loss: 19.025 ; Acc: 53.037
2018-09-19 14:29:45,797:INFO: [TRAIN] Step: 1147 ; Loss: 21.385 ; Acc: 53.038
2018-09-19 14:29:45,897:INFO: [TRAIN] Step: 1148 ; Loss: 20.260 ; Acc: 53.046
2018-09-19 14:29:46,002:INFO: [TRAIN] Step: 1149 ; Loss: 14.958 ; Acc: 53.065
2018-09-19 14:29:46,104:INFO: [TRAIN] Step: 1150 ; Loss: 20.052 ; Acc: 53.070
2018-09-19 14:29:46,208:INFO: [TRAIN] Step: 1151 ; Loss: 22.203 ; Acc: 53.067
2018-09-19 14:29:46,308:INFO: [TRAIN] Step: 1152 ; Loss: 19.325 ; Acc: 53.079
2018-09-19 14:29:46,408:INFO: [TRAIN] Step: 1153 ; Loss: 18.616 ; Acc: 53.069
2018-09-19 14:29:46,511:INFO: [TRAIN] Step: 1154 ; Loss: 19.924 ; Acc: 53.070
2018-09-19 14:29:46,612:INFO: [TRAIN] Step: 1155 ; Loss: 22.527 ; Acc: 53.071
2018-09-19 14:29:46,713:INFO: [TRAIN] Step: 1156 ; Loss: 16.700 ; Acc: 53.075
2018-09-19 14:29:46,814:INFO: [TRAIN] Step: 1157 ; Loss: 18.199 ; Acc: 53.094
2018-09-19 14:29:46,919:INFO: [TRAIN] Step: 1158 ; Loss: 24.928 ; Acc: 53.077
2018-09-19 14:29:47,020:INFO: [TRAIN] Step: 1159 ; Loss: 17.179 ; Acc: 53.089
2018-09-19 14:29:47,121:INFO: [TRAIN] Step: 1160 ; Loss: 17.354 ; Acc: 53.101
2018-09-19 14:29:47,225:INFO: [TRAIN] Step: 1161 ; Loss: 20.333 ; Acc: 53.112
2018-09-19 14:29:47,326:INFO: [TRAIN] Step: 1162 ; Loss: 15.188 ; Acc: 53.124
2018-09-19 14:29:47,427:INFO: [TRAIN] Step: 1163 ; Loss: 19.842 ; Acc: 53.132
2018-09-19 14:29:47,533:INFO: [TRAIN] Step: 1164 ; Loss: 13.821 ; Acc: 53.140
2018-09-19 14:29:47,639:INFO: [TRAIN] Step: 1165 ; Loss: 18.690 ; Acc: 53.145
2018-09-19 14:29:47,748:INFO: [TRAIN] Step: 1166 ; Loss: 14.976 ; Acc: 53.160
2018-09-19 14:29:47,854:INFO: [TRAIN] Step: 1167 ; Loss: 16.552 ; Acc: 53.179
2018-09-19 14:29:47,954:INFO: [TRAIN] Step: 1168 ; Loss: 14.805 ; Acc: 53.186
2018-09-19 14:29:48,057:INFO: [TRAIN] Step: 1169 ; Loss: 18.794 ; Acc: 53.191
2018-09-19 14:29:48,157:INFO: [TRAIN] Step: 1170 ; Loss: 23.574 ; Acc: 53.188
2018-09-19 14:29:48,252:INFO: [TRAIN] Step: 1171 ; Loss: 15.733 ; Acc: 53.203
2018-09-19 14:29:48,355:INFO: [TRAIN] Step: 1172 ; Loss: 22.246 ; Acc: 53.204
2018-09-19 14:29:48,455:INFO: [TRAIN] Step: 1173 ; Loss: 19.032 ; Acc: 53.212
2018-09-19 14:29:48,556:INFO: [TRAIN] Step: 1174 ; Loss: 17.973 ; Acc: 53.216
2018-09-19 14:29:48,664:INFO: [TRAIN] Step: 1175 ; Loss: 22.545 ; Acc: 53.214
2018-09-19 14:29:48,768:INFO: [TRAIN] Step: 1176 ; Loss: 19.631 ; Acc: 53.214
2018-09-19 14:29:48,876:INFO: [TRAIN] Step: 1177 ; Loss: 20.527 ; Acc: 53.219
2018-09-19 14:29:48,981:INFO: [TRAIN] Step: 1178 ; Loss: 18.877 ; Acc: 53.212
2018-09-19 14:29:49,084:INFO: [TRAIN] Step: 1179 ; Loss: 17.565 ; Acc: 53.227
2018-09-19 14:29:49,186:INFO: [TRAIN] Step: 1180 ; Loss: 17.198 ; Acc: 53.235
2018-09-19 14:29:49,286:INFO: [TRAIN] Step: 1181 ; Loss: 24.510 ; Acc: 53.229
2018-09-19 14:29:49,386:INFO: [TRAIN] Step: 1182 ; Loss: 20.740 ; Acc: 53.237
2018-09-19 14:29:49,490:INFO: [TRAIN] Step: 1183 ; Loss: 13.898 ; Acc: 53.266
2018-09-19 14:29:49,590:INFO: [TRAIN] Step: 1184 ; Loss: 16.176 ; Acc: 53.284
2018-09-19 14:29:49,693:INFO: [TRAIN] Step: 1185 ; Loss: 21.505 ; Acc: 53.278
2018-09-19 14:29:49,798:INFO: [TRAIN] Step: 1186 ; Loss: 20.636 ; Acc: 53.265
2018-09-19 14:29:49,903:INFO: [TRAIN] Step: 1187 ; Loss: 18.682 ; Acc: 53.269
2018-09-19 14:29:50,004:INFO: [TRAIN] Step: 1188 ; Loss: 21.118 ; Acc: 53.270
2018-09-19 14:29:50,111:INFO: [TRAIN] Step: 1189 ; Loss: 18.314 ; Acc: 53.284
2018-09-19 14:29:55,332:INFO: [EVAL] Step: 1190 ; Loss: 0.205 ; Acc: 0.592
