2018-09-19 15:02:20,439:INFO: ### Model ###
LeNet5(
  (convnet): Sequential(
    (0): Conv2d(1, 6, kernel_size=(5, 5), stride=(1, 1))
    (1): ReLU()
    (2): MaxPool2d(kernel_size=(2, 2), stride=2, padding=0, dilation=1, ceil_mode=False)
    (3): Conv2d(6, 16, kernel_size=(5, 5), stride=(1, 1))
    (4): ReLU()
    (5): MaxPool2d(kernel_size=(2, 2), stride=2, padding=0, dilation=1, ceil_mode=False)
    (6): Conv2d(16, 120, kernel_size=(5, 5), stride=(1, 1))
    (7): ReLU()
    (8): Conv2d(120, 240, kernel_size=(5, 5), stride=(1, 1))
    (9): ReLU()
  )
  (fc): Sequential(
    (0): Linear(in_features=240, out_features=84, bias=True)
    (1): ReLU()
    (2): Linear(in_features=84, out_features=10, bias=True)
  )
)
2018-09-19 15:02:20,440:INFO: ### Optimizer ###
Adam (
Parameter Group 0
    amsgrad: False
    betas: (0.9, 0.999)
    eps: 1e-08
    lr: 0.01
    weight_decay: 0
)
2018-09-19 15:02:20,440:INFO: ### HParams ###
n_epochs: 1 ; data: ferplus ; label: ferplus_votes ; batch_size: 24 ; lr: 0.01 ; wd: 0 ; eval_steps: 1190
2018-09-19 15:02:20,641:INFO: [TRAIN] Step: 0 ; Loss: 36.766 ; Acc: 16.667
2018-09-19 15:02:20,720:INFO: [TRAIN] Step: 1 ; Loss: 59.960 ; Acc: 29.167
2018-09-19 15:02:20,800:INFO: [TRAIN] Step: 2 ; Loss: 39.172 ; Acc: 30.556
2018-09-19 15:02:20,881:INFO: [TRAIN] Step: 3 ; Loss: 43.535 ; Acc: 35.417
2018-09-19 15:02:20,957:INFO: [TRAIN] Step: 4 ; Loss: 40.549 ; Acc: 34.167
2018-09-19 15:02:21,036:INFO: [TRAIN] Step: 5 ; Loss: 34.443 ; Acc: 34.028
2018-09-19 15:02:21,110:INFO: [TRAIN] Step: 6 ; Loss: 35.653 ; Acc: 31.548
2018-09-19 15:02:21,199:INFO: [TRAIN] Step: 7 ; Loss: 31.409 ; Acc: 31.771
2018-09-19 15:02:21,271:INFO: [TRAIN] Step: 8 ; Loss: 27.950 ; Acc: 33.333
2018-09-19 15:02:21,351:INFO: [TRAIN] Step: 9 ; Loss: 30.520 ; Acc: 33.750
2018-09-19 15:02:21,423:INFO: [TRAIN] Step: 10 ; Loss: 29.133 ; Acc: 32.576
2018-09-19 15:02:21,506:INFO: [TRAIN] Step: 11 ; Loss: 24.237 ; Acc: 31.597
2018-09-19 15:02:21,579:INFO: [TRAIN] Step: 12 ; Loss: 27.827 ; Acc: 32.372
2018-09-19 15:02:21,659:INFO: [TRAIN] Step: 13 ; Loss: 30.675 ; Acc: 32.440
2018-09-19 15:02:21,740:INFO: [TRAIN] Step: 14 ; Loss: 31.203 ; Acc: 32.500
2018-09-19 15:02:21,823:INFO: [TRAIN] Step: 15 ; Loss: 28.400 ; Acc: 33.073
2018-09-19 15:02:21,895:INFO: [TRAIN] Step: 16 ; Loss: 28.872 ; Acc: 33.578
2018-09-19 15:02:21,973:INFO: [TRAIN] Step: 17 ; Loss: 28.237 ; Acc: 34.259
2018-09-19 15:02:22,049:INFO: [TRAIN] Step: 18 ; Loss: 31.138 ; Acc: 34.430
2018-09-19 15:02:22,128:INFO: [TRAIN] Step: 19 ; Loss: 27.886 ; Acc: 34.792
2018-09-19 15:02:22,201:INFO: [TRAIN] Step: 20 ; Loss: 31.407 ; Acc: 34.722
2018-09-19 15:02:22,281:INFO: [TRAIN] Step: 21 ; Loss: 32.319 ; Acc: 34.470
2018-09-19 15:02:22,352:INFO: [TRAIN] Step: 22 ; Loss: 27.419 ; Acc: 34.964
2018-09-19 15:02:22,433:INFO: [TRAIN] Step: 23 ; Loss: 29.250 ; Acc: 34.896
2018-09-19 15:02:22,507:INFO: [TRAIN] Step: 24 ; Loss: 28.797 ; Acc: 35.667
2018-09-19 15:02:22,586:INFO: [TRAIN] Step: 25 ; Loss: 31.483 ; Acc: 35.417
2018-09-19 15:02:22,658:INFO: [TRAIN] Step: 26 ; Loss: 32.359 ; Acc: 35.031
2018-09-19 15:02:22,739:INFO: [TRAIN] Step: 27 ; Loss: 27.339 ; Acc: 35.417
2018-09-19 15:02:22,810:INFO: [TRAIN] Step: 28 ; Loss: 28.946 ; Acc: 35.201
2018-09-19 15:02:22,889:INFO: [TRAIN] Step: 29 ; Loss: 30.904 ; Acc: 34.583
2018-09-19 15:02:22,964:INFO: [TRAIN] Step: 30 ; Loss: 28.595 ; Acc: 34.274
2018-09-19 15:02:23,043:INFO: [TRAIN] Step: 31 ; Loss: 30.569 ; Acc: 34.115
2018-09-19 15:02:23,116:INFO: [TRAIN] Step: 32 ; Loss: 27.576 ; Acc: 33.460
2018-09-19 15:02:23,194:INFO: [TRAIN] Step: 33 ; Loss: 30.326 ; Acc: 33.701
2018-09-19 15:02:23,264:INFO: [TRAIN] Step: 34 ; Loss: 31.493 ; Acc: 33.333
2018-09-19 15:02:23,345:INFO: [TRAIN] Step: 35 ; Loss: 33.041 ; Acc: 33.102
2018-09-19 15:02:23,417:INFO: [TRAIN] Step: 36 ; Loss: 31.141 ; Acc: 32.995
2018-09-19 15:02:23,496:INFO: [TRAIN] Step: 37 ; Loss: 28.203 ; Acc: 32.895
2018-09-19 15:02:23,566:INFO: [TRAIN] Step: 38 ; Loss: 26.596 ; Acc: 33.013
2018-09-19 15:02:23,645:INFO: [TRAIN] Step: 39 ; Loss: 24.642 ; Acc: 32.812
2018-09-19 15:02:23,717:INFO: [TRAIN] Step: 40 ; Loss: 28.150 ; Acc: 32.520
2018-09-19 15:02:23,821:INFO: [TRAIN] Step: 41 ; Loss: 31.520 ; Acc: 32.738
2018-09-19 15:02:23,896:INFO: [TRAIN] Step: 42 ; Loss: 30.885 ; Acc: 32.655
2018-09-19 15:02:23,973:INFO: [TRAIN] Step: 43 ; Loss: 32.466 ; Acc: 32.576
2018-09-19 15:02:24,050:INFO: [TRAIN] Step: 44 ; Loss: 28.074 ; Acc: 32.593
2018-09-19 15:02:24,129:INFO: [TRAIN] Step: 45 ; Loss: 24.208 ; Acc: 32.880
2018-09-19 15:02:24,201:INFO: [TRAIN] Step: 46 ; Loss: 31.177 ; Acc: 32.713
2018-09-19 15:02:24,280:INFO: [TRAIN] Step: 47 ; Loss: 27.853 ; Acc: 32.639
2018-09-19 15:02:24,352:INFO: [TRAIN] Step: 48 ; Loss: 26.605 ; Acc: 33.078
2018-09-19 15:02:24,431:INFO: [TRAIN] Step: 49 ; Loss: 29.420 ; Acc: 33.250
2018-09-19 15:02:24,509:INFO: [TRAIN] Step: 50 ; Loss: 30.075 ; Acc: 33.415
2018-09-19 15:02:24,591:INFO: [TRAIN] Step: 51 ; Loss: 30.637 ; Acc: 33.574
2018-09-19 15:02:24,663:INFO: [TRAIN] Step: 52 ; Loss: 28.026 ; Acc: 33.726
2018-09-19 15:02:24,743:INFO: [TRAIN] Step: 53 ; Loss: 26.666 ; Acc: 33.796
2018-09-19 15:02:24,815:INFO: [TRAIN] Step: 54 ; Loss: 30.541 ; Acc: 33.788
2018-09-19 15:02:24,896:INFO: [TRAIN] Step: 55 ; Loss: 22.671 ; Acc: 34.077
2018-09-19 15:02:24,968:INFO: [TRAIN] Step: 56 ; Loss: 26.922 ; Acc: 34.357
2018-09-19 15:02:25,046:INFO: [TRAIN] Step: 57 ; Loss: 32.440 ; Acc: 34.339
2018-09-19 15:02:25,119:INFO: [TRAIN] Step: 58 ; Loss: 26.354 ; Acc: 34.463
2018-09-19 15:02:25,204:INFO: [TRAIN] Step: 59 ; Loss: 27.001 ; Acc: 34.722
2018-09-19 15:02:25,279:INFO: [TRAIN] Step: 60 ; Loss: 29.992 ; Acc: 35.041
2018-09-19 15:02:25,358:INFO: [TRAIN] Step: 61 ; Loss: 33.318 ; Acc: 34.677
2018-09-19 15:02:25,432:INFO: [TRAIN] Step: 62 ; Loss: 32.366 ; Acc: 34.722
2018-09-19 15:02:25,510:INFO: [TRAIN] Step: 63 ; Loss: 28.632 ; Acc: 34.831
2018-09-19 15:02:25,583:INFO: [TRAIN] Step: 64 ; Loss: 28.974 ; Acc: 34.936
2018-09-19 15:02:25,660:INFO: [TRAIN] Step: 65 ; Loss: 28.752 ; Acc: 34.912
2018-09-19 15:02:25,733:INFO: [TRAIN] Step: 66 ; Loss: 29.692 ; Acc: 34.764
2018-09-19 15:02:25,815:INFO: [TRAIN] Step: 67 ; Loss: 29.763 ; Acc: 34.681
2018-09-19 15:02:25,888:INFO: [TRAIN] Step: 68 ; Loss: 23.919 ; Acc: 34.783
2018-09-19 15:02:25,967:INFO: [TRAIN] Step: 69 ; Loss: 31.323 ; Acc: 34.821
2018-09-19 15:02:26,039:INFO: [TRAIN] Step: 70 ; Loss: 27.313 ; Acc: 35.094
2018-09-19 15:02:26,118:INFO: [TRAIN] Step: 71 ; Loss: 30.584 ; Acc: 34.838
2018-09-19 15:02:26,191:INFO: [TRAIN] Step: 72 ; Loss: 33.560 ; Acc: 34.760
2018-09-19 15:02:26,270:INFO: [TRAIN] Step: 73 ; Loss: 27.236 ; Acc: 35.023
2018-09-19 15:02:26,341:INFO: [TRAIN] Step: 74 ; Loss: 24.758 ; Acc: 35.278
2018-09-19 15:02:26,422:INFO: [TRAIN] Step: 75 ; Loss: 24.917 ; Acc: 35.197
2018-09-19 15:02:26,493:INFO: [TRAIN] Step: 76 ; Loss: 31.267 ; Acc: 35.227
2018-09-19 15:02:26,572:INFO: [TRAIN] Step: 77 ; Loss: 31.952 ; Acc: 35.043
2018-09-19 15:02:26,645:INFO: [TRAIN] Step: 78 ; Loss: 24.552 ; Acc: 34.968
2018-09-19 15:02:26,725:INFO: [TRAIN] Step: 79 ; Loss: 28.060 ; Acc: 35.104
2018-09-19 15:02:26,798:INFO: [TRAIN] Step: 80 ; Loss: 32.196 ; Acc: 35.185
2018-09-19 15:02:26,878:INFO: [TRAIN] Step: 81 ; Loss: 28.419 ; Acc: 34.959
2018-09-19 15:02:26,951:INFO: [TRAIN] Step: 82 ; Loss: 31.185 ; Acc: 34.689
2018-09-19 15:02:27,033:INFO: [TRAIN] Step: 83 ; Loss: 27.039 ; Acc: 34.474
2018-09-19 15:02:27,129:INFO: [TRAIN] Step: 84 ; Loss: 28.055 ; Acc: 34.314
2018-09-19 15:02:27,208:INFO: [TRAIN] Step: 85 ; Loss: 28.805 ; Acc: 34.157
2018-09-19 15:02:27,280:INFO: [TRAIN] Step: 86 ; Loss: 26.858 ; Acc: 34.004
2018-09-19 15:02:27,363:INFO: [TRAIN] Step: 87 ; Loss: 29.748 ; Acc: 34.091
2018-09-19 15:02:27,434:INFO: [TRAIN] Step: 88 ; Loss: 26.657 ; Acc: 33.895
2018-09-19 15:02:27,515:INFO: [TRAIN] Step: 89 ; Loss: 28.377 ; Acc: 33.796
2018-09-19 15:02:27,587:INFO: [TRAIN] Step: 90 ; Loss: 25.897 ; Acc: 33.929
2018-09-19 15:02:27,665:INFO: [TRAIN] Step: 91 ; Loss: 29.807 ; Acc: 33.967
2018-09-19 15:02:27,741:INFO: [TRAIN] Step: 92 ; Loss: 30.964 ; Acc: 33.916
2018-09-19 15:02:27,821:INFO: [TRAIN] Step: 93 ; Loss: 28.967 ; Acc: 33.954
2018-09-19 15:02:27,897:INFO: [TRAIN] Step: 94 ; Loss: 29.836 ; Acc: 34.035
2018-09-19 15:02:27,978:INFO: [TRAIN] Step: 95 ; Loss: 29.360 ; Acc: 33.898
2018-09-19 15:02:28,050:INFO: [TRAIN] Step: 96 ; Loss: 29.211 ; Acc: 33.849
2018-09-19 15:02:28,127:INFO: [TRAIN] Step: 97 ; Loss: 28.870 ; Acc: 34.014
2018-09-19 15:02:28,199:INFO: [TRAIN] Step: 98 ; Loss: 25.389 ; Acc: 34.133
2018-09-19 15:02:28,280:INFO: [TRAIN] Step: 99 ; Loss: 31.250 ; Acc: 34.042
2018-09-19 15:02:28,350:INFO: [TRAIN] Step: 100 ; Loss: 27.938 ; Acc: 33.911
2018-09-19 15:02:28,431:INFO: [TRAIN] Step: 101 ; Loss: 26.384 ; Acc: 34.109
2018-09-19 15:02:28,503:INFO: [TRAIN] Step: 102 ; Loss: 28.935 ; Acc: 34.061
2018-09-19 15:02:28,582:INFO: [TRAIN] Step: 103 ; Loss: 31.424 ; Acc: 34.014
2018-09-19 15:02:28,653:INFO: [TRAIN] Step: 104 ; Loss: 26.438 ; Acc: 33.889
2018-09-19 15:02:28,732:INFO: [TRAIN] Step: 105 ; Loss: 28.996 ; Acc: 33.844
2018-09-19 15:02:28,803:INFO: [TRAIN] Step: 106 ; Loss: 29.174 ; Acc: 33.840
2018-09-19 15:02:28,882:INFO: [TRAIN] Step: 107 ; Loss: 29.422 ; Acc: 33.873
2018-09-19 15:02:28,952:INFO: [TRAIN] Step: 108 ; Loss: 29.260 ; Acc: 33.830
2018-09-19 15:02:29,032:INFO: [TRAIN] Step: 109 ; Loss: 26.752 ; Acc: 33.977
2018-09-19 15:02:29,104:INFO: [TRAIN] Step: 110 ; Loss: 27.976 ; Acc: 34.009
2018-09-19 15:02:29,185:INFO: [TRAIN] Step: 111 ; Loss: 33.156 ; Acc: 34.040
2018-09-19 15:02:29,256:INFO: [TRAIN] Step: 112 ; Loss: 29.167 ; Acc: 34.034
2018-09-19 15:02:29,336:INFO: [TRAIN] Step: 113 ; Loss: 28.962 ; Acc: 34.101
2018-09-19 15:02:29,407:INFO: [TRAIN] Step: 114 ; Loss: 28.218 ; Acc: 34.058
2018-09-19 15:02:29,486:INFO: [TRAIN] Step: 115 ; Loss: 30.806 ; Acc: 34.088
2018-09-19 15:02:29,559:INFO: [TRAIN] Step: 116 ; Loss: 29.231 ; Acc: 34.117
2018-09-19 15:02:29,637:INFO: [TRAIN] Step: 117 ; Loss: 28.501 ; Acc: 34.004
2018-09-19 15:02:29,712:INFO: [TRAIN] Step: 118 ; Loss: 27.856 ; Acc: 33.929
2018-09-19 15:02:29,795:INFO: [TRAIN] Step: 119 ; Loss: 28.796 ; Acc: 33.958
2018-09-19 15:02:29,874:INFO: [TRAIN] Step: 120 ; Loss: 30.560 ; Acc: 33.850
2018-09-19 15:02:29,952:INFO: [TRAIN] Step: 121 ; Loss: 29.267 ; Acc: 33.777
2018-09-19 15:02:30,027:INFO: [TRAIN] Step: 122 ; Loss: 29.097 ; Acc: 33.808
2018-09-19 15:02:30,109:INFO: [TRAIN] Step: 123 ; Loss: 31.036 ; Acc: 33.770
2018-09-19 15:02:30,180:INFO: [TRAIN] Step: 124 ; Loss: 28.895 ; Acc: 33.700
2018-09-19 15:02:30,258:INFO: [TRAIN] Step: 125 ; Loss: 28.367 ; Acc: 33.796
2018-09-19 15:02:30,333:INFO: [TRAIN] Step: 126 ; Loss: 29.239 ; Acc: 33.727
2018-09-19 15:02:30,435:INFO: [TRAIN] Step: 127 ; Loss: 29.785 ; Acc: 33.724
2018-09-19 15:02:30,509:INFO: [TRAIN] Step: 128 ; Loss: 29.601 ; Acc: 33.753
2018-09-19 15:02:30,590:INFO: [TRAIN] Step: 129 ; Loss: 28.265 ; Acc: 33.750
2018-09-19 15:02:30,668:INFO: [TRAIN] Step: 130 ; Loss: 26.358 ; Acc: 33.874
2018-09-19 15:02:30,747:INFO: [TRAIN] Step: 131 ; Loss: 26.592 ; Acc: 33.807
2018-09-19 15:02:30,822:INFO: [TRAIN] Step: 132 ; Loss: 32.426 ; Acc: 33.709
2018-09-19 15:02:30,900:INFO: [TRAIN] Step: 133 ; Loss: 27.032 ; Acc: 33.675
2018-09-19 15:02:30,972:INFO: [TRAIN] Step: 134 ; Loss: 31.703 ; Acc: 33.611
2018-09-19 15:02:31,052:INFO: [TRAIN] Step: 135 ; Loss: 27.929 ; Acc: 33.456
2018-09-19 15:02:31,129:INFO: [TRAIN] Step: 136 ; Loss: 28.881 ; Acc: 33.455
2018-09-19 15:02:31,210:INFO: [TRAIN] Step: 137 ; Loss: 27.642 ; Acc: 33.575
2018-09-19 15:02:31,281:INFO: [TRAIN] Step: 138 ; Loss: 28.136 ; Acc: 33.663
2018-09-19 15:02:31,359:INFO: [TRAIN] Step: 139 ; Loss: 28.255 ; Acc: 33.690
2018-09-19 15:02:31,433:INFO: [TRAIN] Step: 140 ; Loss: 32.437 ; Acc: 33.599
2018-09-19 15:02:31,512:INFO: [TRAIN] Step: 141 ; Loss: 25.397 ; Acc: 33.685
2018-09-19 15:02:31,584:INFO: [TRAIN] Step: 142 ; Loss: 29.212 ; Acc: 33.712
2018-09-19 15:02:31,663:INFO: [TRAIN] Step: 143 ; Loss: 28.944 ; Acc: 33.796
2018-09-19 15:02:31,735:INFO: [TRAIN] Step: 144 ; Loss: 28.799 ; Acc: 33.822
2018-09-19 15:02:31,813:INFO: [TRAIN] Step: 145 ; Loss: 28.679 ; Acc: 33.933
2018-09-19 15:02:31,886:INFO: [TRAIN] Step: 146 ; Loss: 28.415 ; Acc: 33.929
2018-09-19 15:02:31,968:INFO: [TRAIN] Step: 147 ; Loss: 30.107 ; Acc: 33.981
2018-09-19 15:02:32,041:INFO: [TRAIN] Step: 148 ; Loss: 28.772 ; Acc: 33.921
2018-09-19 15:02:32,121:INFO: [TRAIN] Step: 149 ; Loss: 28.806 ; Acc: 33.806
2018-09-19 15:02:32,193:INFO: [TRAIN] Step: 150 ; Loss: 30.211 ; Acc: 33.802
2018-09-19 15:02:32,272:INFO: [TRAIN] Step: 151 ; Loss: 33.262 ; Acc: 33.717
2018-09-19 15:02:32,343:INFO: [TRAIN] Step: 152 ; Loss: 28.580 ; Acc: 33.742
2018-09-19 15:02:32,421:INFO: [TRAIN] Step: 153 ; Loss: 26.441 ; Acc: 33.739
2018-09-19 15:02:32,495:INFO: [TRAIN] Step: 154 ; Loss: 28.849 ; Acc: 33.790
2018-09-19 15:02:32,578:INFO: [TRAIN] Step: 155 ; Loss: 27.602 ; Acc: 33.841
2018-09-19 15:02:32,652:INFO: [TRAIN] Step: 156 ; Loss: 23.573 ; Acc: 34.023
2018-09-19 15:02:32,733:INFO: [TRAIN] Step: 157 ; Loss: 31.962 ; Acc: 34.124
2018-09-19 15:02:32,805:INFO: [TRAIN] Step: 158 ; Loss: 27.110 ; Acc: 34.146
2018-09-19 15:02:32,885:INFO: [TRAIN] Step: 159 ; Loss: 29.138 ; Acc: 34.141
2018-09-19 15:02:32,962:INFO: [TRAIN] Step: 160 ; Loss: 27.678 ; Acc: 34.084
2018-09-19 15:02:33,042:INFO: [TRAIN] Step: 161 ; Loss: 27.047 ; Acc: 34.208
2018-09-19 15:02:33,114:INFO: [TRAIN] Step: 162 ; Loss: 30.002 ; Acc: 34.228
2018-09-19 15:02:33,193:INFO: [TRAIN] Step: 163 ; Loss: 29.851 ; Acc: 34.324
2018-09-19 15:02:33,268:INFO: [TRAIN] Step: 164 ; Loss: 29.194 ; Acc: 34.293
2018-09-19 15:02:33,346:INFO: [TRAIN] Step: 165 ; Loss: 28.076 ; Acc: 34.287
2018-09-19 15:02:33,419:INFO: [TRAIN] Step: 166 ; Loss: 28.252 ; Acc: 34.331
2018-09-19 15:02:33,498:INFO: [TRAIN] Step: 167 ; Loss: 25.216 ; Acc: 34.375
2018-09-19 15:02:33,570:INFO: [TRAIN] Step: 168 ; Loss: 24.675 ; Acc: 34.418
2018-09-19 15:02:33,658:INFO: [TRAIN] Step: 169 ; Loss: 31.061 ; Acc: 34.461
2018-09-19 15:02:33,733:INFO: [TRAIN] Step: 170 ; Loss: 29.435 ; Acc: 34.405
2018-09-19 15:02:33,813:INFO: [TRAIN] Step: 171 ; Loss: 27.672 ; Acc: 34.448
2018-09-19 15:02:33,886:INFO: [TRAIN] Step: 172 ; Loss: 30.734 ; Acc: 34.369
2018-09-19 15:02:33,966:INFO: [TRAIN] Step: 173 ; Loss: 27.002 ; Acc: 34.435
2018-09-19 15:02:34,037:INFO: [TRAIN] Step: 174 ; Loss: 28.693 ; Acc: 34.429
2018-09-19 15:02:34,115:INFO: [TRAIN] Step: 175 ; Loss: 28.229 ; Acc: 34.422
2018-09-19 15:02:34,186:INFO: [TRAIN] Step: 176 ; Loss: 27.469 ; Acc: 34.487
2018-09-19 15:02:34,264:INFO: [TRAIN] Step: 177 ; Loss: 29.815 ; Acc: 34.434
2018-09-19 15:02:34,336:INFO: [TRAIN] Step: 178 ; Loss: 25.275 ; Acc: 34.520
2018-09-19 15:02:34,416:INFO: [TRAIN] Step: 179 ; Loss: 30.529 ; Acc: 34.421
2018-09-19 15:02:34,486:INFO: [TRAIN] Step: 180 ; Loss: 28.475 ; Acc: 34.461
2018-09-19 15:02:34,563:INFO: [TRAIN] Step: 181 ; Loss: 24.773 ; Acc: 34.570
2018-09-19 15:02:34,640:INFO: [TRAIN] Step: 182 ; Loss: 29.338 ; Acc: 34.517
2018-09-19 15:02:34,721:INFO: [TRAIN] Step: 183 ; Loss: 27.275 ; Acc: 34.579
2018-09-19 15:02:34,794:INFO: [TRAIN] Step: 184 ; Loss: 26.477 ; Acc: 34.550
2018-09-19 15:02:34,871:INFO: [TRAIN] Step: 185 ; Loss: 26.451 ; Acc: 34.610
2018-09-19 15:02:34,945:INFO: [TRAIN] Step: 186 ; Loss: 28.044 ; Acc: 34.603
2018-09-19 15:02:35,022:INFO: [TRAIN] Step: 187 ; Loss: 28.625 ; Acc: 34.486
2018-09-19 15:02:35,094:INFO: [TRAIN] Step: 188 ; Loss: 28.323 ; Acc: 34.458
2018-09-19 15:02:35,172:INFO: [TRAIN] Step: 189 ; Loss: 27.590 ; Acc: 34.320
2018-09-19 15:02:35,248:INFO: [TRAIN] Step: 190 ; Loss: 28.717 ; Acc: 34.315
2018-09-19 15:02:35,326:INFO: [TRAIN] Step: 191 ; Loss: 27.441 ; Acc: 34.332
2018-09-19 15:02:35,398:INFO: [TRAIN] Step: 192 ; Loss: 31.824 ; Acc: 34.240
2018-09-19 15:02:35,476:INFO: [TRAIN] Step: 193 ; Loss: 28.932 ; Acc: 34.235
2018-09-19 15:02:35,549:INFO: [TRAIN] Step: 194 ; Loss: 28.590 ; Acc: 34.252
2018-09-19 15:02:35,627:INFO: [TRAIN] Step: 195 ; Loss: 25.179 ; Acc: 34.375
2018-09-19 15:02:35,698:INFO: [TRAIN] Step: 196 ; Loss: 28.868 ; Acc: 34.391
2018-09-19 15:02:35,778:INFO: [TRAIN] Step: 197 ; Loss: 30.361 ; Acc: 34.386
2018-09-19 15:02:35,857:INFO: [TRAIN] Step: 198 ; Loss: 28.446 ; Acc: 34.443
2018-09-19 15:02:35,938:INFO: [TRAIN] Step: 199 ; Loss: 29.095 ; Acc: 34.542
2018-09-19 15:02:36,011:INFO: [TRAIN] Step: 200 ; Loss: 31.933 ; Acc: 34.473
2018-09-19 15:02:36,094:INFO: [TRAIN] Step: 201 ; Loss: 28.444 ; Acc: 34.488
2018-09-19 15:02:36,167:INFO: [TRAIN] Step: 202 ; Loss: 28.697 ; Acc: 34.462
2018-09-19 15:02:36,248:INFO: [TRAIN] Step: 203 ; Loss: 29.454 ; Acc: 34.436
2018-09-19 15:02:36,318:INFO: [TRAIN] Step: 204 ; Loss: 28.679 ; Acc: 34.492
2018-09-19 15:02:36,398:INFO: [TRAIN] Step: 205 ; Loss: 25.910 ; Acc: 34.506
2018-09-19 15:02:36,470:INFO: [TRAIN] Step: 206 ; Loss: 29.371 ; Acc: 34.521
2018-09-19 15:02:36,548:INFO: [TRAIN] Step: 207 ; Loss: 29.838 ; Acc: 34.515
2018-09-19 15:02:36,624:INFO: [TRAIN] Step: 208 ; Loss: 29.895 ; Acc: 34.530
2018-09-19 15:02:36,704:INFO: [TRAIN] Step: 209 ; Loss: 30.520 ; Acc: 34.504
2018-09-19 15:02:36,777:INFO: [TRAIN] Step: 210 ; Loss: 29.418 ; Acc: 34.518
2018-09-19 15:02:36,856:INFO: [TRAIN] Step: 211 ; Loss: 29.213 ; Acc: 34.513
2018-09-19 15:02:36,928:INFO: [TRAIN] Step: 212 ; Loss: 29.938 ; Acc: 34.527
2018-09-19 15:02:37,006:INFO: [TRAIN] Step: 213 ; Loss: 27.123 ; Acc: 34.599
2018-09-19 15:02:37,077:INFO: [TRAIN] Step: 214 ; Loss: 27.349 ; Acc: 34.554
2018-09-19 15:02:37,155:INFO: [TRAIN] Step: 215 ; Loss: 29.921 ; Acc: 34.510
2018-09-19 15:02:37,227:INFO: [TRAIN] Step: 216 ; Loss: 30.493 ; Acc: 34.428
2018-09-19 15:02:37,308:INFO: [TRAIN] Step: 217 ; Loss: 28.387 ; Acc: 34.346
2018-09-19 15:02:37,380:INFO: [TRAIN] Step: 218 ; Loss: 25.373 ; Acc: 34.361
2018-09-19 15:02:37,462:INFO: [TRAIN] Step: 219 ; Loss: 29.589 ; Acc: 34.261
2018-09-19 15:02:37,536:INFO: [TRAIN] Step: 220 ; Loss: 24.607 ; Acc: 34.295
2018-09-19 15:02:37,614:INFO: [TRAIN] Step: 221 ; Loss: 32.180 ; Acc: 34.253
2018-09-19 15:02:37,687:INFO: [TRAIN] Step: 222 ; Loss: 32.117 ; Acc: 34.137
2018-09-19 15:02:37,765:INFO: [TRAIN] Step: 223 ; Loss: 30.396 ; Acc: 34.059
2018-09-19 15:02:37,836:INFO: [TRAIN] Step: 224 ; Loss: 29.049 ; Acc: 34.000
2018-09-19 15:02:37,914:INFO: [TRAIN] Step: 225 ; Loss: 30.328 ; Acc: 33.960
2018-09-19 15:02:37,997:INFO: [TRAIN] Step: 226 ; Loss: 25.756 ; Acc: 33.921
2018-09-19 15:02:38,078:INFO: [TRAIN] Step: 227 ; Loss: 29.339 ; Acc: 33.863
2018-09-19 15:02:38,154:INFO: [TRAIN] Step: 228 ; Loss: 30.377 ; Acc: 33.861
2018-09-19 15:02:38,235:INFO: [TRAIN] Step: 229 ; Loss: 30.637 ; Acc: 33.859
2018-09-19 15:02:38,307:INFO: [TRAIN] Step: 230 ; Loss: 28.618 ; Acc: 33.802
2018-09-19 15:02:38,385:INFO: [TRAIN] Step: 231 ; Loss: 27.910 ; Acc: 33.836
2018-09-19 15:02:38,459:INFO: [TRAIN] Step: 232 ; Loss: 30.569 ; Acc: 33.763
2018-09-19 15:02:38,539:INFO: [TRAIN] Step: 233 ; Loss: 27.458 ; Acc: 33.814
2018-09-19 15:02:38,611:INFO: [TRAIN] Step: 234 ; Loss: 28.162 ; Acc: 33.812
2018-09-19 15:02:38,691:INFO: [TRAIN] Step: 235 ; Loss: 27.875 ; Acc: 33.828
2018-09-19 15:02:38,762:INFO: [TRAIN] Step: 236 ; Loss: 27.546 ; Acc: 33.843
2018-09-19 15:02:38,841:INFO: [TRAIN] Step: 237 ; Loss: 30.210 ; Acc: 33.824
2018-09-19 15:02:38,913:INFO: [TRAIN] Step: 238 ; Loss: 29.429 ; Acc: 33.839
2018-09-19 15:02:38,992:INFO: [TRAIN] Step: 239 ; Loss: 31.613 ; Acc: 33.837
2018-09-19 15:02:39,065:INFO: [TRAIN] Step: 240 ; Loss: 34.776 ; Acc: 33.835
2018-09-19 15:02:39,144:INFO: [TRAIN] Step: 241 ; Loss: 30.616 ; Acc: 33.850
2018-09-19 15:02:39,218:INFO: [TRAIN] Step: 242 ; Loss: 26.708 ; Acc: 33.916
2018-09-19 15:02:39,298:INFO: [TRAIN] Step: 243 ; Loss: 28.482 ; Acc: 33.880
2018-09-19 15:02:39,371:INFO: [TRAIN] Step: 244 ; Loss: 29.651 ; Acc: 33.878
2018-09-19 15:02:39,452:INFO: [TRAIN] Step: 245 ; Loss: 32.014 ; Acc: 33.858
2018-09-19 15:02:39,524:INFO: [TRAIN] Step: 246 ; Loss: 24.625 ; Acc: 33.924
2018-09-19 15:02:39,605:INFO: [TRAIN] Step: 247 ; Loss: 32.074 ; Acc: 33.905
2018-09-19 15:02:39,678:INFO: [TRAIN] Step: 248 ; Loss: 27.160 ; Acc: 33.919
2018-09-19 15:02:39,756:INFO: [TRAIN] Step: 249 ; Loss: 29.412 ; Acc: 33.917
2018-09-19 15:02:39,828:INFO: [TRAIN] Step: 250 ; Loss: 28.778 ; Acc: 33.948
2018-09-19 15:02:39,909:INFO: [TRAIN] Step: 251 ; Loss: 30.457 ; Acc: 33.945
2018-09-19 15:02:39,982:INFO: [TRAIN] Step: 252 ; Loss: 29.201 ; Acc: 33.943
2018-09-19 15:02:40,059:INFO: [TRAIN] Step: 253 ; Loss: 27.066 ; Acc: 33.891
2018-09-19 15:02:40,131:INFO: [TRAIN] Step: 254 ; Loss: 25.972 ; Acc: 33.922
2018-09-19 15:02:40,210:INFO: [TRAIN] Step: 255 ; Loss: 28.053 ; Acc: 33.952
2018-09-19 15:02:40,284:INFO: [TRAIN] Step: 256 ; Loss: 27.816 ; Acc: 33.933
2018-09-19 15:02:40,365:INFO: [TRAIN] Step: 257 ; Loss: 29.828 ; Acc: 33.915
2018-09-19 15:02:40,439:INFO: [TRAIN] Step: 258 ; Loss: 30.441 ; Acc: 33.912
2018-09-19 15:02:40,517:INFO: [TRAIN] Step: 259 ; Loss: 27.943 ; Acc: 33.926
2018-09-19 15:02:40,587:INFO: [TRAIN] Step: 260 ; Loss: 26.653 ; Acc: 33.972
2018-09-19 15:02:40,667:INFO: [TRAIN] Step: 261 ; Loss: 25.322 ; Acc: 34.033
2018-09-19 15:02:40,737:INFO: [TRAIN] Step: 262 ; Loss: 27.189 ; Acc: 34.110
2018-09-19 15:02:40,818:INFO: [TRAIN] Step: 263 ; Loss: 27.011 ; Acc: 34.059
2018-09-19 15:02:40,888:INFO: [TRAIN] Step: 264 ; Loss: 31.083 ; Acc: 34.057
2018-09-19 15:02:40,967:INFO: [TRAIN] Step: 265 ; Loss: 26.293 ; Acc: 34.101
2018-09-19 15:02:41,039:INFO: [TRAIN] Step: 266 ; Loss: 30.792 ; Acc: 34.098
2018-09-19 15:02:41,117:INFO: [TRAIN] Step: 267 ; Loss: 26.572 ; Acc: 34.095
2018-09-19 15:02:41,188:INFO: [TRAIN] Step: 268 ; Loss: 32.815 ; Acc: 34.123
2018-09-19 15:02:41,268:INFO: [TRAIN] Step: 269 ; Loss: 28.881 ; Acc: 34.120
2018-09-19 15:02:41,340:INFO: [TRAIN] Step: 270 ; Loss: 31.365 ; Acc: 34.117
2018-09-19 15:02:41,421:INFO: [TRAIN] Step: 271 ; Loss: 27.431 ; Acc: 34.099
2018-09-19 15:02:41,498:INFO: [TRAIN] Step: 272 ; Loss: 31.707 ; Acc: 34.035
2018-09-19 15:02:41,578:INFO: [TRAIN] Step: 273 ; Loss: 30.896 ; Acc: 34.002
2018-09-19 15:02:41,650:INFO: [TRAIN] Step: 274 ; Loss: 30.352 ; Acc: 34.015
2018-09-19 15:02:41,728:INFO: [TRAIN] Step: 275 ; Loss: 31.354 ; Acc: 33.982
2018-09-19 15:02:41,801:INFO: [TRAIN] Step: 276 ; Loss: 29.460 ; Acc: 33.950
2018-09-19 15:02:41,881:INFO: [TRAIN] Step: 277 ; Loss: 25.045 ; Acc: 34.023
2018-09-19 15:02:41,954:INFO: [TRAIN] Step: 278 ; Loss: 31.151 ; Acc: 34.020
2018-09-19 15:02:42,037:INFO: [TRAIN] Step: 279 ; Loss: 26.883 ; Acc: 34.062
2018-09-19 15:02:42,112:INFO: [TRAIN] Step: 280 ; Loss: 26.139 ; Acc: 34.045
2018-09-19 15:02:42,190:INFO: [TRAIN] Step: 281 ; Loss: 33.355 ; Acc: 34.028
2018-09-19 15:02:42,261:INFO: [TRAIN] Step: 282 ; Loss: 29.284 ; Acc: 34.040
2018-09-19 15:02:42,339:INFO: [TRAIN] Step: 283 ; Loss: 30.691 ; Acc: 34.096
2018-09-19 15:02:42,412:INFO: [TRAIN] Step: 284 ; Loss: 28.106 ; Acc: 34.123
2018-09-19 15:02:42,492:INFO: [TRAIN] Step: 285 ; Loss: 28.023 ; Acc: 34.120
2018-09-19 15:02:42,565:INFO: [TRAIN] Step: 286 ; Loss: 27.754 ; Acc: 34.161
2018-09-19 15:02:42,644:INFO: [TRAIN] Step: 287 ; Loss: 27.726 ; Acc: 34.158
2018-09-19 15:02:42,716:INFO: [TRAIN] Step: 288 ; Loss: 33.556 ; Acc: 34.097
2018-09-19 15:02:42,794:INFO: [TRAIN] Step: 289 ; Loss: 27.923 ; Acc: 34.080
2018-09-19 15:02:42,865:INFO: [TRAIN] Step: 290 ; Loss: 26.738 ; Acc: 34.149
2018-09-19 15:02:42,943:INFO: [TRAIN] Step: 291 ; Loss: 30.199 ; Acc: 34.175
2018-09-19 15:02:43,014:INFO: [TRAIN] Step: 292 ; Loss: 32.285 ; Acc: 34.172
2018-09-19 15:02:43,096:INFO: [TRAIN] Step: 293 ; Loss: 29.628 ; Acc: 34.155
2018-09-19 15:02:43,165:INFO: [TRAIN] Step: 294 ; Loss: 30.190 ; Acc: 34.124
2018-09-19 15:02:43,243:INFO: [TRAIN] Step: 295 ; Loss: 30.809 ; Acc: 34.136
2018-09-19 15:02:43,313:INFO: [TRAIN] Step: 296 ; Loss: 27.625 ; Acc: 34.161
2018-09-19 15:02:43,391:INFO: [TRAIN] Step: 297 ; Loss: 28.216 ; Acc: 34.158
2018-09-19 15:02:43,465:INFO: [TRAIN] Step: 298 ; Loss: 26.925 ; Acc: 34.128
2018-09-19 15:02:43,544:INFO: [TRAIN] Step: 299 ; Loss: 24.456 ; Acc: 34.181
2018-09-19 15:02:43,616:INFO: [TRAIN] Step: 300 ; Loss: 32.814 ; Acc: 34.122
2018-09-19 15:02:43,696:INFO: [TRAIN] Step: 301 ; Loss: 27.262 ; Acc: 34.106
2018-09-19 15:02:43,779:INFO: [TRAIN] Step: 302 ; Loss: 30.626 ; Acc: 34.090
2018-09-19 15:02:43,858:INFO: [TRAIN] Step: 303 ; Loss: 26.537 ; Acc: 34.115
2018-09-19 15:02:43,929:INFO: [TRAIN] Step: 304 ; Loss: 25.950 ; Acc: 34.153
2018-09-19 15:02:44,009:INFO: [TRAIN] Step: 305 ; Loss: 26.941 ; Acc: 34.178
2018-09-19 15:02:44,084:INFO: [TRAIN] Step: 306 ; Loss: 30.093 ; Acc: 34.188
2018-09-19 15:02:44,166:INFO: [TRAIN] Step: 307 ; Loss: 31.555 ; Acc: 34.159
2018-09-19 15:02:44,239:INFO: [TRAIN] Step: 308 ; Loss: 27.642 ; Acc: 34.183
2018-09-19 15:02:44,315:INFO: [TRAIN] Step: 309 ; Loss: 29.043 ; Acc: 34.234
2018-09-19 15:02:44,390:INFO: [TRAIN] Step: 310 ; Loss: 31.352 ; Acc: 34.204
2018-09-19 15:02:44,470:INFO: [TRAIN] Step: 311 ; Loss: 27.499 ; Acc: 34.215
2018-09-19 15:02:44,542:INFO: [TRAIN] Step: 312 ; Loss: 30.069 ; Acc: 34.225
2018-09-19 15:02:44,620:INFO: [TRAIN] Step: 313 ; Loss: 28.480 ; Acc: 34.196
2018-09-19 15:02:44,692:INFO: [TRAIN] Step: 314 ; Loss: 31.085 ; Acc: 34.167
2018-09-19 15:02:44,771:INFO: [TRAIN] Step: 315 ; Loss: 31.326 ; Acc: 34.177
2018-09-19 15:02:44,843:INFO: [TRAIN] Step: 316 ; Loss: 25.378 ; Acc: 34.175
2018-09-19 15:02:44,922:INFO: [TRAIN] Step: 317 ; Loss: 29.545 ; Acc: 34.133
2018-09-19 15:02:44,994:INFO: [TRAIN] Step: 318 ; Loss: 29.781 ; Acc: 34.130
2018-09-19 15:02:45,071:INFO: [TRAIN] Step: 319 ; Loss: 28.631 ; Acc: 34.115
2018-09-19 15:02:45,144:INFO: [TRAIN] Step: 320 ; Loss: 34.614 ; Acc: 34.125
2018-09-19 15:02:45,222:INFO: [TRAIN] Step: 321 ; Loss: 34.397 ; Acc: 34.071
2018-09-19 15:02:45,303:INFO: [TRAIN] Step: 322 ; Loss: 29.610 ; Acc: 34.069
2018-09-19 15:02:45,381:INFO: [TRAIN] Step: 323 ; Loss: 26.457 ; Acc: 34.053
2018-09-19 15:02:45,451:INFO: [TRAIN] Step: 324 ; Loss: 28.437 ; Acc: 34.051
2018-09-19 15:02:45,529:INFO: [TRAIN] Step: 325 ; Loss: 30.794 ; Acc: 34.011
2018-09-19 15:02:45,602:INFO: [TRAIN] Step: 326 ; Loss: 29.455 ; Acc: 33.970
2018-09-19 15:02:45,681:INFO: [TRAIN] Step: 327 ; Loss: 29.729 ; Acc: 33.968
2018-09-19 15:02:45,753:INFO: [TRAIN] Step: 328 ; Loss: 30.367 ; Acc: 33.916
2018-09-19 15:02:45,831:INFO: [TRAIN] Step: 329 ; Loss: 32.935 ; Acc: 33.889
2018-09-19 15:02:45,903:INFO: [TRAIN] Step: 330 ; Loss: 27.573 ; Acc: 33.875
2018-09-19 15:02:45,983:INFO: [TRAIN] Step: 331 ; Loss: 27.594 ; Acc: 33.886
2018-09-19 15:02:46,055:INFO: [TRAIN] Step: 332 ; Loss: 32.173 ; Acc: 33.809
2018-09-19 15:02:46,136:INFO: [TRAIN] Step: 333 ; Loss: 30.220 ; Acc: 33.782
2018-09-19 15:02:46,207:INFO: [TRAIN] Step: 334 ; Loss: 28.639 ; Acc: 33.806
2018-09-19 15:02:46,289:INFO: [TRAIN] Step: 335 ; Loss: 29.935 ; Acc: 33.792
2018-09-19 15:02:46,361:INFO: [TRAIN] Step: 336 ; Loss: 32.834 ; Acc: 33.766
2018-09-19 15:02:46,467:INFO: [TRAIN] Step: 337 ; Loss: 28.227 ; Acc: 33.703
2018-09-19 15:02:46,550:INFO: [TRAIN] Step: 338 ; Loss: 29.087 ; Acc: 33.690
2018-09-19 15:02:46,631:INFO: [TRAIN] Step: 339 ; Loss: 28.735 ; Acc: 33.701
2018-09-19 15:02:46,702:INFO: [TRAIN] Step: 340 ; Loss: 27.649 ; Acc: 33.761
2018-09-19 15:02:46,781:INFO: [TRAIN] Step: 341 ; Loss: 28.174 ; Acc: 33.796
2018-09-19 15:02:46,854:INFO: [TRAIN] Step: 342 ; Loss: 26.644 ; Acc: 33.807
2018-09-19 15:02:46,933:INFO: [TRAIN] Step: 343 ; Loss: 25.682 ; Acc: 33.830
2018-09-19 15:02:47,004:INFO: [TRAIN] Step: 344 ; Loss: 30.565 ; Acc: 33.829
2018-09-19 15:02:47,082:INFO: [TRAIN] Step: 345 ; Loss: 26.402 ; Acc: 33.863
2018-09-19 15:02:47,154:INFO: [TRAIN] Step: 346 ; Loss: 29.281 ; Acc: 33.874
2018-09-19 15:02:47,233:INFO: [TRAIN] Step: 347 ; Loss: 30.435 ; Acc: 33.836
2018-09-19 15:02:47,305:INFO: [TRAIN] Step: 348 ; Loss: 26.407 ; Acc: 33.859
2018-09-19 15:02:47,388:INFO: [TRAIN] Step: 349 ; Loss: 29.813 ; Acc: 33.893
2018-09-19 15:02:47,459:INFO: [TRAIN] Step: 350 ; Loss: 29.309 ; Acc: 33.879
2018-09-19 15:02:47,539:INFO: [TRAIN] Step: 351 ; Loss: 29.032 ; Acc: 33.890
2018-09-19 15:02:47,623:INFO: [TRAIN] Step: 352 ; Loss: 25.678 ; Acc: 33.935
2018-09-19 15:02:47,702:INFO: [TRAIN] Step: 353 ; Loss: 28.237 ; Acc: 33.934
2018-09-19 15:02:47,778:INFO: [TRAIN] Step: 354 ; Loss: 29.007 ; Acc: 33.920
2018-09-19 15:02:47,858:INFO: [TRAIN] Step: 355 ; Loss: 26.765 ; Acc: 33.942
2018-09-19 15:02:47,935:INFO: [TRAIN] Step: 356 ; Loss: 26.270 ; Acc: 33.964
2018-09-19 15:02:48,013:INFO: [TRAIN] Step: 357 ; Loss: 28.731 ; Acc: 33.915
2018-09-19 15:02:48,086:INFO: [TRAIN] Step: 358 ; Loss: 31.592 ; Acc: 33.914
2018-09-19 15:02:48,164:INFO: [TRAIN] Step: 359 ; Loss: 26.668 ; Acc: 33.970
2018-09-19 15:02:48,238:INFO: [TRAIN] Step: 360 ; Loss: 30.450 ; Acc: 33.934
2018-09-19 15:02:48,316:INFO: [TRAIN] Step: 361 ; Loss: 27.564 ; Acc: 33.955
2018-09-19 15:02:48,387:INFO: [TRAIN] Step: 362 ; Loss: 29.441 ; Acc: 33.953
2018-09-19 15:02:48,469:INFO: [TRAIN] Step: 363 ; Loss: 29.136 ; Acc: 33.906
2018-09-19 15:02:48,542:INFO: [TRAIN] Step: 364 ; Loss: 28.136 ; Acc: 33.927
2018-09-19 15:02:48,621:INFO: [TRAIN] Step: 365 ; Loss: 31.638 ; Acc: 33.903
2018-09-19 15:02:48,695:INFO: [TRAIN] Step: 366 ; Loss: 28.273 ; Acc: 33.935
2018-09-19 15:02:48,773:INFO: [TRAIN] Step: 367 ; Loss: 29.086 ; Acc: 33.979
2018-09-19 15:02:48,847:INFO: [TRAIN] Step: 368 ; Loss: 27.700 ; Acc: 33.932
2018-09-19 15:02:48,926:INFO: [TRAIN] Step: 369 ; Loss: 25.175 ; Acc: 33.930
2018-09-19 15:02:48,998:INFO: [TRAIN] Step: 370 ; Loss: 26.297 ; Acc: 33.929
2018-09-19 15:02:49,077:INFO: [TRAIN] Step: 371 ; Loss: 31.206 ; Acc: 33.905
2018-09-19 15:02:49,153:INFO: [TRAIN] Step: 372 ; Loss: 27.530 ; Acc: 33.892
2018-09-19 15:02:49,231:INFO: [TRAIN] Step: 373 ; Loss: 26.429 ; Acc: 33.857
2018-09-19 15:02:49,303:INFO: [TRAIN] Step: 374 ; Loss: 26.631 ; Acc: 33.822
2018-09-19 15:02:49,381:INFO: [TRAIN] Step: 375 ; Loss: 28.604 ; Acc: 33.821
2018-09-19 15:02:49,453:INFO: [TRAIN] Step: 376 ; Loss: 28.730 ; Acc: 33.831
2018-09-19 15:02:49,534:INFO: [TRAIN] Step: 377 ; Loss: 28.767 ; Acc: 33.807
2018-09-19 15:02:49,608:INFO: [TRAIN] Step: 378 ; Loss: 27.031 ; Acc: 33.839
2018-09-19 15:02:49,687:INFO: [TRAIN] Step: 379 ; Loss: 29.636 ; Acc: 33.838
2018-09-19 15:02:49,761:INFO: [TRAIN] Step: 380 ; Loss: 30.880 ; Acc: 33.858
2018-09-19 15:02:49,840:INFO: [TRAIN] Step: 381 ; Loss: 28.343 ; Acc: 33.857
2018-09-19 15:02:49,913:INFO: [TRAIN] Step: 382 ; Loss: 24.973 ; Acc: 33.845
2018-09-19 15:02:49,993:INFO: [TRAIN] Step: 383 ; Loss: 31.195 ; Acc: 33.843
2018-09-19 15:02:50,063:INFO: [TRAIN] Step: 384 ; Loss: 24.921 ; Acc: 33.896
2018-09-19 15:02:50,141:INFO: [TRAIN] Step: 385 ; Loss: 30.845 ; Acc: 33.873
2018-09-19 15:02:50,212:INFO: [TRAIN] Step: 386 ; Loss: 27.570 ; Acc: 33.893
2018-09-19 15:02:50,291:INFO: [TRAIN] Step: 387 ; Loss: 31.777 ; Acc: 33.913
2018-09-19 15:02:50,364:INFO: [TRAIN] Step: 388 ; Loss: 31.167 ; Acc: 33.901
2018-09-19 15:02:50,444:INFO: [TRAIN] Step: 389 ; Loss: 31.937 ; Acc: 33.857
2018-09-19 15:02:50,515:INFO: [TRAIN] Step: 390 ; Loss: 33.480 ; Acc: 33.855
2018-09-19 15:02:50,594:INFO: [TRAIN] Step: 391 ; Loss: 30.641 ; Acc: 33.822
2018-09-19 15:02:50,664:INFO: [TRAIN] Step: 392 ; Loss: 31.633 ; Acc: 33.821
2018-09-19 15:02:50,745:INFO: [TRAIN] Step: 393 ; Loss: 29.449 ; Acc: 33.799
2018-09-19 15:02:50,823:INFO: [TRAIN] Step: 394 ; Loss: 27.042 ; Acc: 33.819
2018-09-19 15:02:50,901:INFO: [TRAIN] Step: 395 ; Loss: 30.735 ; Acc: 33.807
2018-09-19 15:02:50,974:INFO: [TRAIN] Step: 396 ; Loss: 28.034 ; Acc: 33.806
2018-09-19 15:02:51,055:INFO: [TRAIN] Step: 397 ; Loss: 26.610 ; Acc: 33.836
2018-09-19 15:02:51,127:INFO: [TRAIN] Step: 398 ; Loss: 27.723 ; Acc: 33.866
2018-09-19 15:02:51,205:INFO: [TRAIN] Step: 399 ; Loss: 27.726 ; Acc: 33.865
2018-09-19 15:02:51,277:INFO: [TRAIN] Step: 400 ; Loss: 26.980 ; Acc: 33.915
2018-09-19 15:02:51,359:INFO: [TRAIN] Step: 401 ; Loss: 34.218 ; Acc: 33.883
2018-09-19 15:02:51,433:INFO: [TRAIN] Step: 402 ; Loss: 33.265 ; Acc: 33.840
2018-09-19 15:02:51,512:INFO: [TRAIN] Step: 403 ; Loss: 24.246 ; Acc: 33.911
2018-09-19 15:02:51,585:INFO: [TRAIN] Step: 404 ; Loss: 29.325 ; Acc: 33.951
2018-09-19 15:02:51,664:INFO: [TRAIN] Step: 405 ; Loss: 34.025 ; Acc: 33.929
2018-09-19 15:02:51,735:INFO: [TRAIN] Step: 406 ; Loss: 27.248 ; Acc: 33.958
2018-09-19 15:02:51,814:INFO: [TRAIN] Step: 407 ; Loss: 31.738 ; Acc: 33.997
2018-09-19 15:02:51,886:INFO: [TRAIN] Step: 408 ; Loss: 30.428 ; Acc: 34.006
2018-09-19 15:02:51,966:INFO: [TRAIN] Step: 409 ; Loss: 27.772 ; Acc: 34.014
2018-09-19 15:02:52,039:INFO: [TRAIN] Step: 410 ; Loss: 28.817 ; Acc: 33.992
2018-09-19 15:02:52,119:INFO: [TRAIN] Step: 411 ; Loss: 31.459 ; Acc: 34.001
2018-09-19 15:02:52,190:INFO: [TRAIN] Step: 412 ; Loss: 28.812 ; Acc: 33.979
2018-09-19 15:02:52,269:INFO: [TRAIN] Step: 413 ; Loss: 30.544 ; Acc: 33.967
2018-09-19 15:02:52,342:INFO: [TRAIN] Step: 414 ; Loss: 27.111 ; Acc: 33.976
2018-09-19 15:02:52,423:INFO: [TRAIN] Step: 415 ; Loss: 26.593 ; Acc: 33.994
2018-09-19 15:02:52,496:INFO: [TRAIN] Step: 416 ; Loss: 30.134 ; Acc: 33.993
2018-09-19 15:02:52,574:INFO: [TRAIN] Step: 417 ; Loss: 28.607 ; Acc: 33.971
2018-09-19 15:02:52,648:INFO: [TRAIN] Step: 418 ; Loss: 27.089 ; Acc: 33.960
2018-09-19 15:02:52,728:INFO: [TRAIN] Step: 419 ; Loss: 28.887 ; Acc: 33.958
2018-09-19 15:02:52,802:INFO: [TRAIN] Step: 420 ; Loss: 28.039 ; Acc: 33.977
2018-09-19 15:02:52,882:INFO: [TRAIN] Step: 421 ; Loss: 32.847 ; Acc: 33.965
2018-09-19 15:02:52,955:INFO: [TRAIN] Step: 422 ; Loss: 32.275 ; Acc: 33.964
2018-09-19 15:02:53,034:INFO: [TRAIN] Step: 423 ; Loss: 29.068 ; Acc: 33.972
2018-09-19 15:02:53,106:INFO: [TRAIN] Step: 424 ; Loss: 29.828 ; Acc: 33.971
2018-09-19 15:02:53,186:INFO: [TRAIN] Step: 425 ; Loss: 31.245 ; Acc: 33.998
2018-09-19 15:02:53,258:INFO: [TRAIN] Step: 426 ; Loss: 25.574 ; Acc: 34.046
2018-09-19 15:02:53,337:INFO: [TRAIN] Step: 427 ; Loss: 31.633 ; Acc: 34.025
2018-09-19 15:02:53,411:INFO: [TRAIN] Step: 428 ; Loss: 25.720 ; Acc: 34.062
2018-09-19 15:02:53,491:INFO: [TRAIN] Step: 429 ; Loss: 28.265 ; Acc: 34.050
2018-09-19 15:02:53,563:INFO: [TRAIN] Step: 430 ; Loss: 25.561 ; Acc: 34.068
2018-09-19 15:02:53,643:INFO: [TRAIN] Step: 431 ; Loss: 31.731 ; Acc: 34.037
2018-09-19 15:02:53,716:INFO: [TRAIN] Step: 432 ; Loss: 28.463 ; Acc: 34.017
2018-09-19 15:02:53,794:INFO: [TRAIN] Step: 433 ; Loss: 32.868 ; Acc: 34.015
2018-09-19 15:02:53,867:INFO: [TRAIN] Step: 434 ; Loss: 28.616 ; Acc: 34.042
2018-09-19 15:02:53,945:INFO: [TRAIN] Step: 435 ; Loss: 28.646 ; Acc: 34.060
2018-09-19 15:02:54,018:INFO: [TRAIN] Step: 436 ; Loss: 32.455 ; Acc: 34.020
2018-09-19 15:02:54,096:INFO: [TRAIN] Step: 437 ; Loss: 26.399 ; Acc: 34.056
2018-09-19 15:02:54,168:INFO: [TRAIN] Step: 438 ; Loss: 28.077 ; Acc: 34.074
2018-09-19 15:02:54,245:INFO: [TRAIN] Step: 439 ; Loss: 27.283 ; Acc: 34.062
2018-09-19 15:02:54,318:INFO: [TRAIN] Step: 440 ; Loss: 26.726 ; Acc: 34.051
2018-09-19 15:02:54,397:INFO: [TRAIN] Step: 441 ; Loss: 26.632 ; Acc: 34.069
2018-09-19 15:02:54,469:INFO: [TRAIN] Step: 442 ; Loss: 27.531 ; Acc: 34.076
2018-09-19 15:02:54,547:INFO: [TRAIN] Step: 443 ; Loss: 32.641 ; Acc: 34.047
2018-09-19 15:02:54,619:INFO: [TRAIN] Step: 444 ; Loss: 23.508 ; Acc: 34.082
2018-09-19 15:02:54,699:INFO: [TRAIN] Step: 445 ; Loss: 27.969 ; Acc: 34.109
2018-09-19 15:02:54,770:INFO: [TRAIN] Step: 446 ; Loss: 29.010 ; Acc: 34.135
2018-09-19 15:02:54,849:INFO: [TRAIN] Step: 447 ; Loss: 31.092 ; Acc: 34.124
2018-09-19 15:02:54,921:INFO: [TRAIN] Step: 448 ; Loss: 28.493 ; Acc: 34.094
2018-09-19 15:02:55,002:INFO: [TRAIN] Step: 449 ; Loss: 30.718 ; Acc: 34.074
2018-09-19 15:02:55,075:INFO: [TRAIN] Step: 450 ; Loss: 29.175 ; Acc: 34.045
2018-09-19 15:02:55,157:INFO: [TRAIN] Step: 451 ; Loss: 28.217 ; Acc: 34.052
2018-09-19 15:02:55,230:INFO: [TRAIN] Step: 452 ; Loss: 31.453 ; Acc: 34.060
2018-09-19 15:02:55,315:INFO: [TRAIN] Step: 453 ; Loss: 29.499 ; Acc: 34.068
2018-09-19 15:02:55,386:INFO: [TRAIN] Step: 454 ; Loss: 31.896 ; Acc: 34.029
2018-09-19 15:02:55,465:INFO: [TRAIN] Step: 455 ; Loss: 25.833 ; Acc: 34.073
2018-09-19 15:02:55,535:INFO: [TRAIN] Step: 456 ; Loss: 29.362 ; Acc: 34.081
2018-09-19 15:02:55,614:INFO: [TRAIN] Step: 457 ; Loss: 30.750 ; Acc: 34.079
2018-09-19 15:02:55,687:INFO: [TRAIN] Step: 458 ; Loss: 31.373 ; Acc: 34.105
2018-09-19 15:02:55,767:INFO: [TRAIN] Step: 459 ; Loss: 30.780 ; Acc: 34.076
2018-09-19 15:02:55,839:INFO: [TRAIN] Step: 460 ; Loss: 29.790 ; Acc: 34.074
2018-09-19 15:02:55,917:INFO: [TRAIN] Step: 461 ; Loss: 31.890 ; Acc: 34.082
2018-09-19 15:02:55,993:INFO: [TRAIN] Step: 462 ; Loss: 28.636 ; Acc: 34.080
2018-09-19 15:02:56,070:INFO: [TRAIN] Step: 463 ; Loss: 27.086 ; Acc: 34.124
2018-09-19 15:02:56,142:INFO: [TRAIN] Step: 464 ; Loss: 25.257 ; Acc: 34.167
2018-09-19 15:02:56,220:INFO: [TRAIN] Step: 465 ; Loss: 27.259 ; Acc: 34.165
2018-09-19 15:02:56,293:INFO: [TRAIN] Step: 466 ; Loss: 24.502 ; Acc: 34.163
2018-09-19 15:02:56,371:INFO: [TRAIN] Step: 467 ; Loss: 31.481 ; Acc: 34.144
2018-09-19 15:02:56,443:INFO: [TRAIN] Step: 468 ; Loss: 29.519 ; Acc: 34.142
2018-09-19 15:02:56,522:INFO: [TRAIN] Step: 469 ; Loss: 26.469 ; Acc: 34.158
2018-09-19 15:02:56,597:INFO: [TRAIN] Step: 470 ; Loss: 29.057 ; Acc: 34.147
2018-09-19 15:02:56,676:INFO: [TRAIN] Step: 471 ; Loss: 28.488 ; Acc: 34.163
2018-09-19 15:02:56,749:INFO: [TRAIN] Step: 472 ; Loss: 28.256 ; Acc: 34.144
2018-09-19 15:02:56,828:INFO: [TRAIN] Step: 473 ; Loss: 32.077 ; Acc: 34.142
2018-09-19 15:02:56,899:INFO: [TRAIN] Step: 474 ; Loss: 29.603 ; Acc: 34.132
2018-09-19 15:02:56,979:INFO: [TRAIN] Step: 475 ; Loss: 26.841 ; Acc: 34.121
2018-09-19 15:02:57,051:INFO: [TRAIN] Step: 476 ; Loss: 31.422 ; Acc: 34.085
2018-09-19 15:02:57,130:INFO: [TRAIN] Step: 477 ; Loss: 27.530 ; Acc: 34.118
2018-09-19 15:02:57,201:INFO: [TRAIN] Step: 478 ; Loss: 30.535 ; Acc: 34.090
2018-09-19 15:02:57,280:INFO: [TRAIN] Step: 479 ; Loss: 28.575 ; Acc: 34.097
2018-09-19 15:02:57,352:INFO: [TRAIN] Step: 480 ; Loss: 33.067 ; Acc: 34.070
2018-09-19 15:02:57,433:INFO: [TRAIN] Step: 481 ; Loss: 25.443 ; Acc: 34.059
2018-09-19 15:02:57,508:INFO: [TRAIN] Step: 482 ; Loss: 31.362 ; Acc: 34.101
2018-09-19 15:02:57,586:INFO: [TRAIN] Step: 483 ; Loss: 27.558 ; Acc: 34.074
2018-09-19 15:02:57,659:INFO: [TRAIN] Step: 484 ; Loss: 28.176 ; Acc: 34.064
2018-09-19 15:02:57,738:INFO: [TRAIN] Step: 485 ; Loss: 27.784 ; Acc: 34.096
2018-09-19 15:02:57,811:INFO: [TRAIN] Step: 486 ; Loss: 28.295 ; Acc: 34.095
2018-09-19 15:02:57,890:INFO: [TRAIN] Step: 487 ; Loss: 26.444 ; Acc: 34.102
2018-09-19 15:02:57,961:INFO: [TRAIN] Step: 488 ; Loss: 26.905 ; Acc: 34.092
2018-09-19 15:02:58,040:INFO: [TRAIN] Step: 489 ; Loss: 32.810 ; Acc: 34.073
2018-09-19 15:02:58,112:INFO: [TRAIN] Step: 490 ; Loss: 26.218 ; Acc: 34.072
2018-09-19 15:02:58,192:INFO: [TRAIN] Step: 491 ; Loss: 29.399 ; Acc: 34.053
2018-09-19 15:02:58,265:INFO: [TRAIN] Step: 492 ; Loss: 30.611 ; Acc: 34.026
2018-09-19 15:02:58,345:INFO: [TRAIN] Step: 493 ; Loss: 30.668 ; Acc: 33.991
2018-09-19 15:02:58,416:INFO: [TRAIN] Step: 494 ; Loss: 30.991 ; Acc: 33.981
2018-09-19 15:02:58,494:INFO: [TRAIN] Step: 495 ; Loss: 28.887 ; Acc: 33.972
2018-09-19 15:02:58,566:INFO: [TRAIN] Step: 496 ; Loss: 28.234 ; Acc: 33.970
2018-09-19 15:02:58,645:INFO: [TRAIN] Step: 497 ; Loss: 25.785 ; Acc: 33.936
2018-09-19 15:02:58,719:INFO: [TRAIN] Step: 498 ; Loss: 26.113 ; Acc: 33.918
2018-09-19 15:02:58,796:INFO: [TRAIN] Step: 499 ; Loss: 30.303 ; Acc: 33.883
2018-09-19 15:02:58,870:INFO: [TRAIN] Step: 500 ; Loss: 29.968 ; Acc: 33.882
2018-09-19 15:02:58,949:INFO: [TRAIN] Step: 501 ; Loss: 31.445 ; Acc: 33.873
2018-09-19 15:02:59,022:INFO: [TRAIN] Step: 502 ; Loss: 28.103 ; Acc: 33.880
2018-09-19 15:02:59,101:INFO: [TRAIN] Step: 503 ; Loss: 31.066 ; Acc: 33.846
2018-09-19 15:02:59,172:INFO: [TRAIN] Step: 504 ; Loss: 28.804 ; Acc: 33.828
2018-09-19 15:02:59,250:INFO: [TRAIN] Step: 505 ; Loss: 26.422 ; Acc: 33.844
2018-09-19 15:02:59,322:INFO: [TRAIN] Step: 506 ; Loss: 25.075 ; Acc: 33.818
2018-09-19 15:02:59,400:INFO: [TRAIN] Step: 507 ; Loss: 29.672 ; Acc: 33.850
2018-09-19 15:02:59,472:INFO: [TRAIN] Step: 508 ; Loss: 26.653 ; Acc: 33.841
2018-09-19 15:02:59,549:INFO: [TRAIN] Step: 509 ; Loss: 27.366 ; Acc: 33.840
2018-09-19 15:02:59,621:INFO: [TRAIN] Step: 510 ; Loss: 27.197 ; Acc: 33.863
2018-09-19 15:02:59,699:INFO: [TRAIN] Step: 511 ; Loss: 25.246 ; Acc: 33.895
2018-09-19 15:02:59,772:INFO: [TRAIN] Step: 512 ; Loss: 26.117 ; Acc: 33.926
2018-09-19 15:02:59,850:INFO: [TRAIN] Step: 513 ; Loss: 26.205 ; Acc: 33.933
2018-09-19 15:02:59,922:INFO: [TRAIN] Step: 514 ; Loss: 31.647 ; Acc: 33.924
2018-09-19 15:03:00,000:INFO: [TRAIN] Step: 515 ; Loss: 29.475 ; Acc: 33.923
2018-09-19 15:03:00,074:INFO: [TRAIN] Step: 516 ; Loss: 29.544 ; Acc: 33.922
2018-09-19 15:03:00,154:INFO: [TRAIN] Step: 517 ; Loss: 28.866 ; Acc: 33.937
2018-09-19 15:03:00,225:INFO: [TRAIN] Step: 518 ; Loss: 32.121 ; Acc: 33.927
2018-09-19 15:03:00,305:INFO: [TRAIN] Step: 519 ; Loss: 26.651 ; Acc: 33.934
2018-09-19 15:03:00,380:INFO: [TRAIN] Step: 520 ; Loss: 27.767 ; Acc: 33.941
2018-09-19 15:03:00,459:INFO: [TRAIN] Step: 521 ; Loss: 26.793 ; Acc: 33.956
2018-09-19 15:03:00,530:INFO: [TRAIN] Step: 522 ; Loss: 27.457 ; Acc: 33.963
2018-09-19 15:03:00,609:INFO: [TRAIN] Step: 523 ; Loss: 29.682 ; Acc: 33.954
2018-09-19 15:03:00,682:INFO: [TRAIN] Step: 524 ; Loss: 30.997 ; Acc: 33.944
2018-09-19 15:03:00,760:INFO: [TRAIN] Step: 525 ; Loss: 29.012 ; Acc: 33.951
2018-09-19 15:03:00,832:INFO: [TRAIN] Step: 526 ; Loss: 26.799 ; Acc: 33.974
2018-09-19 15:03:00,910:INFO: [TRAIN] Step: 527 ; Loss: 26.238 ; Acc: 33.996
2018-09-19 15:03:00,983:INFO: [TRAIN] Step: 528 ; Loss: 26.194 ; Acc: 34.011
2018-09-19 15:03:01,063:INFO: [TRAIN] Step: 529 ; Loss: 29.419 ; Acc: 33.994
2018-09-19 15:03:01,136:INFO: [TRAIN] Step: 530 ; Loss: 26.431 ; Acc: 34.000
2018-09-19 15:03:01,216:INFO: [TRAIN] Step: 531 ; Loss: 25.693 ; Acc: 34.023
2018-09-19 15:03:01,287:INFO: [TRAIN] Step: 532 ; Loss: 27.138 ; Acc: 34.021
2018-09-19 15:03:01,367:INFO: [TRAIN] Step: 533 ; Loss: 31.168 ; Acc: 34.020
2018-09-19 15:03:01,437:INFO: [TRAIN] Step: 534 ; Loss: 27.963 ; Acc: 34.019
2018-09-19 15:03:01,517:INFO: [TRAIN] Step: 535 ; Loss: 22.297 ; Acc: 34.041
2018-09-19 15:03:01,588:INFO: [TRAIN] Step: 536 ; Loss: 27.713 ; Acc: 34.047
2018-09-19 15:03:01,667:INFO: [TRAIN] Step: 537 ; Loss: 32.208 ; Acc: 34.038
2018-09-19 15:03:01,740:INFO: [TRAIN] Step: 538 ; Loss: 30.677 ; Acc: 34.029
2018-09-19 15:03:01,819:INFO: [TRAIN] Step: 539 ; Loss: 24.542 ; Acc: 34.066
2018-09-19 15:03:01,890:INFO: [TRAIN] Step: 540 ; Loss: 30.877 ; Acc: 34.080
2018-09-19 15:03:01,972:INFO: [TRAIN] Step: 541 ; Loss: 28.975 ; Acc: 34.087
2018-09-19 15:03:02,045:INFO: [TRAIN] Step: 542 ; Loss: 28.998 ; Acc: 34.085
2018-09-19 15:03:02,123:INFO: [TRAIN] Step: 543 ; Loss: 28.933 ; Acc: 34.092
2018-09-19 15:03:02,195:INFO: [TRAIN] Step: 544 ; Loss: 31.596 ; Acc: 34.121
2018-09-19 15:03:02,272:INFO: [TRAIN] Step: 545 ; Loss: 30.384 ; Acc: 34.096
2018-09-19 15:03:02,345:INFO: [TRAIN] Step: 546 ; Loss: 26.732 ; Acc: 34.118
2018-09-19 15:03:02,423:INFO: [TRAIN] Step: 547 ; Loss: 29.923 ; Acc: 34.109
2018-09-19 15:03:02,496:INFO: [TRAIN] Step: 548 ; Loss: 26.953 ; Acc: 34.123
2018-09-19 15:03:02,574:INFO: [TRAIN] Step: 549 ; Loss: 27.537 ; Acc: 34.144
2018-09-19 15:03:02,646:INFO: [TRAIN] Step: 550 ; Loss: 30.149 ; Acc: 34.142
2018-09-19 15:03:02,724:INFO: [TRAIN] Step: 551 ; Loss: 28.734 ; Acc: 34.133
2018-09-19 15:03:02,795:INFO: [TRAIN] Step: 552 ; Loss: 30.932 ; Acc: 34.140
2018-09-19 15:03:02,872:INFO: [TRAIN] Step: 553 ; Loss: 28.726 ; Acc: 34.153
2018-09-19 15:03:02,945:INFO: [TRAIN] Step: 554 ; Loss: 27.967 ; Acc: 34.182
2018-09-19 15:03:03,023:INFO: [TRAIN] Step: 555 ; Loss: 30.243 ; Acc: 34.173
2018-09-19 15:03:03,095:INFO: [TRAIN] Step: 556 ; Loss: 26.770 ; Acc: 34.201
2018-09-19 15:03:03,175:INFO: [TRAIN] Step: 557 ; Loss: 30.256 ; Acc: 34.222
2018-09-19 15:03:03,247:INFO: [TRAIN] Step: 558 ; Loss: 26.394 ; Acc: 34.235
2018-09-19 15:03:03,326:INFO: [TRAIN] Step: 559 ; Loss: 28.732 ; Acc: 34.226
2018-09-19 15:03:03,398:INFO: [TRAIN] Step: 560 ; Loss: 33.922 ; Acc: 34.202
2018-09-19 15:03:03,478:INFO: [TRAIN] Step: 561 ; Loss: 30.662 ; Acc: 34.208
2018-09-19 15:03:03,548:INFO: [TRAIN] Step: 562 ; Loss: 28.638 ; Acc: 34.199
2018-09-19 15:03:03,628:INFO: [TRAIN] Step: 563 ; Loss: 29.142 ; Acc: 34.198
2018-09-19 15:03:03,716:INFO: [TRAIN] Step: 564 ; Loss: 28.159 ; Acc: 34.218
2018-09-19 15:03:03,797:INFO: [TRAIN] Step: 565 ; Loss: 28.916 ; Acc: 34.217
2018-09-19 15:03:03,871:INFO: [TRAIN] Step: 566 ; Loss: 31.367 ; Acc: 34.200
2018-09-19 15:03:03,950:INFO: [TRAIN] Step: 567 ; Loss: 30.455 ; Acc: 34.199
2018-09-19 15:03:04,023:INFO: [TRAIN] Step: 568 ; Loss: 25.284 ; Acc: 34.212
2018-09-19 15:03:04,103:INFO: [TRAIN] Step: 569 ; Loss: 28.612 ; Acc: 34.232
2018-09-19 15:03:04,176:INFO: [TRAIN] Step: 570 ; Loss: 28.097 ; Acc: 34.238
2018-09-19 15:03:04,254:INFO: [TRAIN] Step: 571 ; Loss: 29.943 ; Acc: 34.222
2018-09-19 15:03:04,326:INFO: [TRAIN] Step: 572 ; Loss: 28.958 ; Acc: 34.228
2018-09-19 15:03:04,404:INFO: [TRAIN] Step: 573 ; Loss: 28.308 ; Acc: 34.248
2018-09-19 15:03:04,476:INFO: [TRAIN] Step: 574 ; Loss: 27.441 ; Acc: 34.261
2018-09-19 15:03:04,555:INFO: [TRAIN] Step: 575 ; Loss: 27.129 ; Acc: 34.252
2018-09-19 15:03:04,626:INFO: [TRAIN] Step: 576 ; Loss: 29.163 ; Acc: 34.243
2018-09-19 15:03:04,712:INFO: [TRAIN] Step: 577 ; Loss: 27.978 ; Acc: 34.256
2018-09-19 15:03:04,785:INFO: [TRAIN] Step: 578 ; Loss: 29.252 ; Acc: 34.254
2018-09-19 15:03:04,865:INFO: [TRAIN] Step: 579 ; Loss: 25.895 ; Acc: 34.267
2018-09-19 15:03:04,936:INFO: [TRAIN] Step: 580 ; Loss: 30.497 ; Acc: 34.251
2018-09-19 15:03:05,014:INFO: [TRAIN] Step: 581 ; Loss: 22.428 ; Acc: 34.278
2018-09-19 15:03:05,088:INFO: [TRAIN] Step: 582 ; Loss: 27.437 ; Acc: 34.298
2018-09-19 15:03:05,165:INFO: [TRAIN] Step: 583 ; Loss: 28.240 ; Acc: 34.297
2018-09-19 15:03:05,238:INFO: [TRAIN] Step: 584 ; Loss: 25.934 ; Acc: 34.309
2018-09-19 15:03:05,319:INFO: [TRAIN] Step: 585 ; Loss: 28.762 ; Acc: 34.293
2018-09-19 15:03:05,391:INFO: [TRAIN] Step: 586 ; Loss: 27.988 ; Acc: 34.306
2018-09-19 15:03:05,468:INFO: [TRAIN] Step: 587 ; Loss: 28.987 ; Acc: 34.311
2018-09-19 15:03:05,541:INFO: [TRAIN] Step: 588 ; Loss: 33.193 ; Acc: 34.302
2018-09-19 15:03:05,618:INFO: [TRAIN] Step: 589 ; Loss: 26.758 ; Acc: 34.315
2018-09-19 15:03:05,691:INFO: [TRAIN] Step: 590 ; Loss: 25.132 ; Acc: 34.334
2018-09-19 15:03:05,770:INFO: [TRAIN] Step: 591 ; Loss: 28.765 ; Acc: 34.298
2018-09-19 15:03:05,848:INFO: [TRAIN] Step: 592 ; Loss: 32.080 ; Acc: 34.289
2018-09-19 15:03:05,928:INFO: [TRAIN] Step: 593 ; Loss: 28.486 ; Acc: 34.308
2018-09-19 15:03:06,003:INFO: [TRAIN] Step: 594 ; Loss: 24.646 ; Acc: 34.342
2018-09-19 15:03:06,081:INFO: [TRAIN] Step: 595 ; Loss: 29.559 ; Acc: 34.354
2018-09-19 15:03:06,154:INFO: [TRAIN] Step: 596 ; Loss: 25.447 ; Acc: 34.373
2018-09-19 15:03:06,232:INFO: [TRAIN] Step: 597 ; Loss: 30.464 ; Acc: 34.372
2018-09-19 15:03:06,304:INFO: [TRAIN] Step: 598 ; Loss: 28.978 ; Acc: 34.391
2018-09-19 15:03:06,382:INFO: [TRAIN] Step: 599 ; Loss: 34.525 ; Acc: 34.375
2018-09-19 15:03:06,456:INFO: [TRAIN] Step: 600 ; Loss: 27.578 ; Acc: 34.387
2018-09-19 15:03:06,533:INFO: [TRAIN] Step: 601 ; Loss: 25.876 ; Acc: 34.399
2018-09-19 15:03:06,605:INFO: [TRAIN] Step: 602 ; Loss: 31.731 ; Acc: 34.404
2018-09-19 15:03:06,685:INFO: [TRAIN] Step: 603 ; Loss: 24.929 ; Acc: 34.396
2018-09-19 15:03:06,756:INFO: [TRAIN] Step: 604 ; Loss: 31.552 ; Acc: 34.380
2018-09-19 15:03:06,839:INFO: [TRAIN] Step: 605 ; Loss: 32.689 ; Acc: 34.372
2018-09-19 15:03:06,909:INFO: [TRAIN] Step: 606 ; Loss: 24.854 ; Acc: 34.390
2018-09-19 15:03:06,990:INFO: [TRAIN] Step: 607 ; Loss: 28.510 ; Acc: 34.402
2018-09-19 15:03:07,062:INFO: [TRAIN] Step: 608 ; Loss: 26.842 ; Acc: 34.394
2018-09-19 15:03:07,142:INFO: [TRAIN] Step: 609 ; Loss: 27.018 ; Acc: 34.426
2018-09-19 15:03:07,215:INFO: [TRAIN] Step: 610 ; Loss: 25.023 ; Acc: 34.452
2018-09-19 15:03:07,294:INFO: [TRAIN] Step: 611 ; Loss: 29.989 ; Acc: 34.457
2018-09-19 15:03:07,367:INFO: [TRAIN] Step: 612 ; Loss: 27.724 ; Acc: 34.468
2018-09-19 15:03:07,446:INFO: [TRAIN] Step: 613 ; Loss: 25.948 ; Acc: 34.467
2018-09-19 15:03:07,520:INFO: [TRAIN] Step: 614 ; Loss: 30.323 ; Acc: 34.444
2018-09-19 15:03:07,601:INFO: [TRAIN] Step: 615 ; Loss: 29.721 ; Acc: 34.422
2018-09-19 15:03:07,673:INFO: [TRAIN] Step: 616 ; Loss: 29.203 ; Acc: 34.414
2018-09-19 15:03:07,752:INFO: [TRAIN] Step: 617 ; Loss: 29.153 ; Acc: 34.385
2018-09-19 15:03:07,822:INFO: [TRAIN] Step: 618 ; Loss: 27.993 ; Acc: 34.370
2018-09-19 15:03:07,903:INFO: [TRAIN] Step: 619 ; Loss: 26.163 ; Acc: 34.375
2018-09-19 15:03:07,977:INFO: [TRAIN] Step: 620 ; Loss: 29.491 ; Acc: 34.393
2018-09-19 15:03:08,058:INFO: [TRAIN] Step: 621 ; Loss: 27.890 ; Acc: 34.398
2018-09-19 15:03:08,133:INFO: [TRAIN] Step: 622 ; Loss: 24.565 ; Acc: 34.450
2018-09-19 15:03:08,210:INFO: [TRAIN] Step: 623 ; Loss: 31.814 ; Acc: 34.428
2018-09-19 15:03:08,284:INFO: [TRAIN] Step: 624 ; Loss: 26.447 ; Acc: 34.433
2018-09-19 15:03:08,364:INFO: [TRAIN] Step: 625 ; Loss: 26.414 ; Acc: 34.432
2018-09-19 15:03:08,437:INFO: [TRAIN] Step: 626 ; Loss: 24.658 ; Acc: 34.456
2018-09-19 15:03:08,516:INFO: [TRAIN] Step: 627 ; Loss: 25.902 ; Acc: 34.461
2018-09-19 15:03:08,587:INFO: [TRAIN] Step: 628 ; Loss: 28.518 ; Acc: 34.493
2018-09-19 15:03:08,667:INFO: [TRAIN] Step: 629 ; Loss: 25.195 ; Acc: 34.504
2018-09-19 15:03:08,740:INFO: [TRAIN] Step: 630 ; Loss: 29.653 ; Acc: 34.515
2018-09-19 15:03:08,820:INFO: [TRAIN] Step: 631 ; Loss: 29.508 ; Acc: 34.507
2018-09-19 15:03:08,893:INFO: [TRAIN] Step: 632 ; Loss: 26.906 ; Acc: 34.512
2018-09-19 15:03:08,972:INFO: [TRAIN] Step: 633 ; Loss: 26.516 ; Acc: 34.497
2018-09-19 15:03:09,046:INFO: [TRAIN] Step: 634 ; Loss: 28.908 ; Acc: 34.514
2018-09-19 15:03:09,124:INFO: [TRAIN] Step: 635 ; Loss: 32.836 ; Acc: 34.499
2018-09-19 15:03:09,198:INFO: [TRAIN] Step: 636 ; Loss: 29.995 ; Acc: 34.465
2018-09-19 15:03:09,276:INFO: [TRAIN] Step: 637 ; Loss: 30.184 ; Acc: 34.470
2018-09-19 15:03:09,349:INFO: [TRAIN] Step: 638 ; Loss: 30.664 ; Acc: 34.481
2018-09-19 15:03:09,429:INFO: [TRAIN] Step: 639 ; Loss: 26.614 ; Acc: 34.492
2018-09-19 15:03:09,499:INFO: [TRAIN] Step: 640 ; Loss: 28.083 ; Acc: 34.490
2018-09-19 15:03:09,579:INFO: [TRAIN] Step: 641 ; Loss: 29.228 ; Acc: 34.521
2018-09-19 15:03:09,651:INFO: [TRAIN] Step: 642 ; Loss: 27.836 ; Acc: 34.519
2018-09-19 15:03:09,732:INFO: [TRAIN] Step: 643 ; Loss: 27.844 ; Acc: 34.537
2018-09-19 15:03:09,802:INFO: [TRAIN] Step: 644 ; Loss: 26.526 ; Acc: 34.561
2018-09-19 15:03:09,882:INFO: [TRAIN] Step: 645 ; Loss: 28.894 ; Acc: 34.559
2018-09-19 15:03:09,954:INFO: [TRAIN] Step: 646 ; Loss: 30.954 ; Acc: 34.544
2018-09-19 15:03:10,035:INFO: [TRAIN] Step: 647 ; Loss: 29.537 ; Acc: 34.542
2018-09-19 15:03:10,108:INFO: [TRAIN] Step: 648 ; Loss: 30.365 ; Acc: 34.534
2018-09-19 15:03:10,187:INFO: [TRAIN] Step: 649 ; Loss: 29.487 ; Acc: 34.551
2018-09-19 15:03:10,261:INFO: [TRAIN] Step: 650 ; Loss: 29.507 ; Acc: 34.556
2018-09-19 15:03:10,342:INFO: [TRAIN] Step: 651 ; Loss: 29.902 ; Acc: 34.560
2018-09-19 15:03:10,414:INFO: [TRAIN] Step: 652 ; Loss: 26.279 ; Acc: 34.565
2018-09-19 15:03:10,494:INFO: [TRAIN] Step: 653 ; Loss: 29.573 ; Acc: 34.582
2018-09-19 15:03:10,566:INFO: [TRAIN] Step: 654 ; Loss: 27.073 ; Acc: 34.599
2018-09-19 15:03:10,647:INFO: [TRAIN] Step: 655 ; Loss: 28.296 ; Acc: 34.616
2018-09-19 15:03:10,720:INFO: [TRAIN] Step: 656 ; Loss: 30.446 ; Acc: 34.614
2018-09-19 15:03:10,802:INFO: [TRAIN] Step: 657 ; Loss: 28.259 ; Acc: 34.606
2018-09-19 15:03:10,877:INFO: [TRAIN] Step: 658 ; Loss: 27.501 ; Acc: 34.611
2018-09-19 15:03:10,957:INFO: [TRAIN] Step: 659 ; Loss: 26.708 ; Acc: 34.602
2018-09-19 15:03:11,033:INFO: [TRAIN] Step: 660 ; Loss: 32.669 ; Acc: 34.588
2018-09-19 15:03:11,113:INFO: [TRAIN] Step: 661 ; Loss: 27.301 ; Acc: 34.592
2018-09-19 15:03:11,190:INFO: [TRAIN] Step: 662 ; Loss: 28.504 ; Acc: 34.634
2018-09-19 15:03:11,271:INFO: [TRAIN] Step: 663 ; Loss: 28.696 ; Acc: 34.632
2018-09-19 15:03:11,347:INFO: [TRAIN] Step: 664 ; Loss: 28.531 ; Acc: 34.655
2018-09-19 15:03:11,430:INFO: [TRAIN] Step: 665 ; Loss: 26.688 ; Acc: 34.678
2018-09-19 15:03:11,505:INFO: [TRAIN] Step: 666 ; Loss: 31.066 ; Acc: 34.676
2018-09-19 15:03:11,589:INFO: [TRAIN] Step: 667 ; Loss: 32.008 ; Acc: 34.674
2018-09-19 15:03:11,665:INFO: [TRAIN] Step: 668 ; Loss: 23.809 ; Acc: 34.685
2018-09-19 15:03:11,751:INFO: [TRAIN] Step: 669 ; Loss: 30.048 ; Acc: 34.670
2018-09-19 15:03:11,827:INFO: [TRAIN] Step: 670 ; Loss: 28.466 ; Acc: 34.675
2018-09-19 15:03:11,911:INFO: [TRAIN] Step: 671 ; Loss: 28.458 ; Acc: 34.673
2018-09-19 15:03:11,988:INFO: [TRAIN] Step: 672 ; Loss: 32.099 ; Acc: 34.652
2018-09-19 15:03:12,070:INFO: [TRAIN] Step: 673 ; Loss: 28.261 ; Acc: 34.669
2018-09-19 15:03:12,150:INFO: [TRAIN] Step: 674 ; Loss: 28.631 ; Acc: 34.667
2018-09-19 15:03:12,235:INFO: [TRAIN] Step: 675 ; Loss: 28.885 ; Acc: 34.659
2018-09-19 15:03:12,312:INFO: [TRAIN] Step: 676 ; Loss: 30.195 ; Acc: 34.650
2018-09-19 15:03:12,398:INFO: [TRAIN] Step: 677 ; Loss: 28.324 ; Acc: 34.648
2018-09-19 15:03:12,482:INFO: [TRAIN] Step: 678 ; Loss: 31.227 ; Acc: 34.647
2018-09-19 15:03:12,570:INFO: [TRAIN] Step: 679 ; Loss: 29.278 ; Acc: 34.626
2018-09-19 15:03:12,653:INFO: [TRAIN] Step: 680 ; Loss: 32.941 ; Acc: 34.600
2018-09-19 15:03:12,742:INFO: [TRAIN] Step: 681 ; Loss: 27.248 ; Acc: 34.610
2018-09-19 15:03:12,827:INFO: [TRAIN] Step: 682 ; Loss: 27.766 ; Acc: 34.602
2018-09-19 15:03:12,922:INFO: [TRAIN] Step: 683 ; Loss: 27.069 ; Acc: 34.625
2018-09-19 15:03:13,004:INFO: [TRAIN] Step: 684 ; Loss: 29.549 ; Acc: 34.617
2018-09-19 15:03:13,092:INFO: [TRAIN] Step: 685 ; Loss: 27.194 ; Acc: 34.603
2018-09-19 15:03:13,174:INFO: [TRAIN] Step: 686 ; Loss: 29.121 ; Acc: 34.595
2018-09-19 15:03:13,270:INFO: [TRAIN] Step: 687 ; Loss: 29.606 ; Acc: 34.575
2018-09-19 15:03:13,357:INFO: [TRAIN] Step: 688 ; Loss: 27.122 ; Acc: 34.537
2018-09-19 15:03:13,453:INFO: [TRAIN] Step: 689 ; Loss: 30.806 ; Acc: 34.523
2018-09-19 15:03:13,539:INFO: [TRAIN] Step: 690 ; Loss: 32.286 ; Acc: 34.527
2018-09-19 15:03:13,633:INFO: [TRAIN] Step: 691 ; Loss: 26.526 ; Acc: 34.526
2018-09-19 15:03:13,727:INFO: [TRAIN] Step: 692 ; Loss: 26.555 ; Acc: 34.536
2018-09-19 15:03:13,824:INFO: [TRAIN] Step: 693 ; Loss: 26.795 ; Acc: 34.540
2018-09-19 15:03:13,917:INFO: [TRAIN] Step: 694 ; Loss: 27.239 ; Acc: 34.544
2018-09-19 15:03:14,016:INFO: [TRAIN] Step: 695 ; Loss: 30.406 ; Acc: 34.531
2018-09-19 15:03:14,107:INFO: [TRAIN] Step: 696 ; Loss: 30.561 ; Acc: 34.511
2018-09-19 15:03:14,212:INFO: [TRAIN] Step: 697 ; Loss: 30.006 ; Acc: 34.497
2018-09-19 15:03:14,311:INFO: [TRAIN] Step: 698 ; Loss: 30.943 ; Acc: 34.472
2018-09-19 15:03:14,413:INFO: [TRAIN] Step: 699 ; Loss: 28.413 ; Acc: 34.458
2018-09-19 15:03:14,512:INFO: [TRAIN] Step: 700 ; Loss: 29.913 ; Acc: 34.445
2018-09-19 15:03:14,615:INFO: [TRAIN] Step: 701 ; Loss: 29.271 ; Acc: 34.443
2018-09-19 15:03:14,718:INFO: [TRAIN] Step: 702 ; Loss: 28.937 ; Acc: 34.448
2018-09-19 15:03:14,824:INFO: [TRAIN] Step: 703 ; Loss: 29.431 ; Acc: 34.446
2018-09-19 15:03:14,930:INFO: [TRAIN] Step: 704 ; Loss: 30.048 ; Acc: 34.433
2018-09-19 15:03:15,040:INFO: [TRAIN] Step: 705 ; Loss: 27.027 ; Acc: 34.425
2018-09-19 15:03:15,150:INFO: [TRAIN] Step: 706 ; Loss: 27.372 ; Acc: 34.424
2018-09-19 15:03:15,262:INFO: [TRAIN] Step: 707 ; Loss: 27.341 ; Acc: 34.428
2018-09-19 15:03:15,376:INFO: [TRAIN] Step: 708 ; Loss: 29.479 ; Acc: 34.409
2018-09-19 15:03:15,493:INFO: [TRAIN] Step: 709 ; Loss: 33.490 ; Acc: 34.372
2018-09-19 15:03:15,609:INFO: [TRAIN] Step: 710 ; Loss: 26.726 ; Acc: 34.347
2018-09-19 15:03:15,722:INFO: [TRAIN] Step: 711 ; Loss: 26.263 ; Acc: 34.346
2018-09-19 15:03:15,840:INFO: [TRAIN] Step: 712 ; Loss: 33.654 ; Acc: 34.315
2018-09-19 15:03:15,962:INFO: [TRAIN] Step: 713 ; Loss: 30.267 ; Acc: 34.314
2018-09-19 15:03:16,081:INFO: [TRAIN] Step: 714 ; Loss: 27.325 ; Acc: 34.324
2018-09-19 15:03:16,200:INFO: [TRAIN] Step: 715 ; Loss: 27.970 ; Acc: 34.334
2018-09-19 15:03:16,323:INFO: [TRAIN] Step: 716 ; Loss: 23.973 ; Acc: 34.374
2018-09-19 15:03:16,442:INFO: [TRAIN] Step: 717 ; Loss: 28.730 ; Acc: 34.366
2018-09-19 15:03:16,562:INFO: [TRAIN] Step: 718 ; Loss: 25.864 ; Acc: 34.371
2018-09-19 15:03:16,687:INFO: [TRAIN] Step: 719 ; Loss: 25.648 ; Acc: 34.392
2018-09-19 15:03:16,808:INFO: [TRAIN] Step: 720 ; Loss: 26.375 ; Acc: 34.397
2018-09-19 15:03:16,934:INFO: [TRAIN] Step: 721 ; Loss: 29.072 ; Acc: 34.436
2018-09-19 15:03:17,063:INFO: [TRAIN] Step: 722 ; Loss: 34.132 ; Acc: 34.423
2018-09-19 15:03:17,190:INFO: [TRAIN] Step: 723 ; Loss: 29.480 ; Acc: 34.421
2018-09-19 15:03:17,315:INFO: [TRAIN] Step: 724 ; Loss: 30.003 ; Acc: 34.420
2018-09-19 15:03:17,439:INFO: [TRAIN] Step: 725 ; Loss: 29.476 ; Acc: 34.412
2018-09-19 15:03:17,567:INFO: [TRAIN] Step: 726 ; Loss: 23.978 ; Acc: 34.439
2018-09-19 15:03:17,704:INFO: [TRAIN] Step: 727 ; Loss: 27.074 ; Acc: 34.432
2018-09-19 15:03:17,834:INFO: [TRAIN] Step: 728 ; Loss: 26.629 ; Acc: 34.425
2018-09-19 15:03:17,963:INFO: [TRAIN] Step: 729 ; Loss: 29.425 ; Acc: 34.429
2018-09-19 15:03:18,091:INFO: [TRAIN] Step: 730 ; Loss: 29.208 ; Acc: 34.439
2018-09-19 15:03:18,222:INFO: [TRAIN] Step: 731 ; Loss: 28.583 ; Acc: 34.443
2018-09-19 15:03:18,352:INFO: [TRAIN] Step: 732 ; Loss: 31.549 ; Acc: 34.459
2018-09-19 15:03:18,480:INFO: [TRAIN] Step: 733 ; Loss: 29.957 ; Acc: 34.474
2018-09-19 15:03:18,610:INFO: [TRAIN] Step: 734 ; Loss: 29.592 ; Acc: 34.473
2018-09-19 15:03:18,737:INFO: [TRAIN] Step: 735 ; Loss: 29.818 ; Acc: 34.483
2018-09-19 15:03:18,865:INFO: [TRAIN] Step: 736 ; Loss: 32.197 ; Acc: 34.481
2018-09-19 15:03:18,997:INFO: [TRAIN] Step: 737 ; Loss: 24.579 ; Acc: 34.519
2018-09-19 15:03:19,129:INFO: [TRAIN] Step: 738 ; Loss: 27.119 ; Acc: 34.523
2018-09-19 15:03:19,258:INFO: [TRAIN] Step: 739 ; Loss: 29.028 ; Acc: 34.544
2018-09-19 15:03:19,390:INFO: [TRAIN] Step: 740 ; Loss: 29.575 ; Acc: 34.554
2018-09-19 15:03:19,519:INFO: [TRAIN] Step: 741 ; Loss: 25.980 ; Acc: 34.569
2018-09-19 15:03:19,649:INFO: [TRAIN] Step: 742 ; Loss: 25.705 ; Acc: 34.590
2018-09-19 15:03:19,782:INFO: [TRAIN] Step: 743 ; Loss: 27.918 ; Acc: 34.582
2018-09-19 15:03:19,915:INFO: [TRAIN] Step: 744 ; Loss: 30.127 ; Acc: 34.592
2018-09-19 15:03:20,047:INFO: [TRAIN] Step: 745 ; Loss: 31.134 ; Acc: 34.568
2018-09-19 15:03:20,178:INFO: [TRAIN] Step: 746 ; Loss: 28.434 ; Acc: 34.555
2018-09-19 15:03:20,311:INFO: [TRAIN] Step: 747 ; Loss: 29.364 ; Acc: 34.564
2018-09-19 15:03:20,444:INFO: [TRAIN] Step: 748 ; Loss: 29.060 ; Acc: 34.574
2018-09-19 15:03:20,580:INFO: [TRAIN] Step: 749 ; Loss: 26.708 ; Acc: 34.594
2018-09-19 15:03:20,712:INFO: [TRAIN] Step: 750 ; Loss: 29.949 ; Acc: 34.582
2018-09-19 15:03:20,850:INFO: [TRAIN] Step: 751 ; Loss: 31.706 ; Acc: 34.580
2018-09-19 15:03:20,987:INFO: [TRAIN] Step: 752 ; Loss: 28.985 ; Acc: 34.595
2018-09-19 15:03:21,120:INFO: [TRAIN] Step: 753 ; Loss: 24.986 ; Acc: 34.610
2018-09-19 15:03:21,255:INFO: [TRAIN] Step: 754 ; Loss: 25.887 ; Acc: 34.636
2018-09-19 15:03:21,392:INFO: [TRAIN] Step: 755 ; Loss: 28.801 ; Acc: 34.656
2018-09-19 15:03:21,528:INFO: [TRAIN] Step: 756 ; Loss: 30.697 ; Acc: 34.654
2018-09-19 15:03:21,668:INFO: [TRAIN] Step: 757 ; Loss: 30.044 ; Acc: 34.653
2018-09-19 15:03:21,805:INFO: [TRAIN] Step: 758 ; Loss: 27.530 ; Acc: 34.673
2018-09-19 15:03:21,943:INFO: [TRAIN] Step: 759 ; Loss: 29.764 ; Acc: 34.666
2018-09-19 15:03:22,080:INFO: [TRAIN] Step: 760 ; Loss: 26.549 ; Acc: 34.680
2018-09-19 15:03:22,214:INFO: [TRAIN] Step: 761 ; Loss: 27.699 ; Acc: 34.695
2018-09-19 15:03:22,348:INFO: [TRAIN] Step: 762 ; Loss: 28.576 ; Acc: 34.671
2018-09-19 15:03:22,485:INFO: [TRAIN] Step: 763 ; Loss: 31.557 ; Acc: 34.675
2018-09-19 15:03:22,620:INFO: [TRAIN] Step: 764 ; Loss: 33.882 ; Acc: 34.673
2018-09-19 15:03:22,764:INFO: [TRAIN] Step: 765 ; Loss: 31.130 ; Acc: 34.661
2018-09-19 15:03:22,900:INFO: [TRAIN] Step: 766 ; Loss: 26.641 ; Acc: 34.681
2018-09-19 15:03:23,035:INFO: [TRAIN] Step: 767 ; Loss: 28.558 ; Acc: 34.695
2018-09-19 15:03:23,168:INFO: [TRAIN] Step: 768 ; Loss: 26.837 ; Acc: 34.704
2018-09-19 15:03:23,304:INFO: [TRAIN] Step: 769 ; Loss: 31.075 ; Acc: 34.708
2018-09-19 15:03:23,445:INFO: [TRAIN] Step: 770 ; Loss: 30.462 ; Acc: 34.717
2018-09-19 15:03:23,581:INFO: [TRAIN] Step: 771 ; Loss: 31.534 ; Acc: 34.710
2018-09-19 15:03:23,721:INFO: [TRAIN] Step: 772 ; Loss: 23.862 ; Acc: 34.729
2018-09-19 15:03:23,865:INFO: [TRAIN] Step: 773 ; Loss: 26.720 ; Acc: 34.744
2018-09-19 15:03:23,999:INFO: [TRAIN] Step: 774 ; Loss: 31.666 ; Acc: 34.726
2018-09-19 15:03:24,138:INFO: [TRAIN] Step: 775 ; Loss: 27.386 ; Acc: 34.719
2018-09-19 15:03:24,277:INFO: [TRAIN] Step: 776 ; Loss: 31.191 ; Acc: 34.690
2018-09-19 15:03:24,414:INFO: [TRAIN] Step: 777 ; Loss: 27.443 ; Acc: 34.678
2018-09-19 15:03:24,552:INFO: [TRAIN] Step: 778 ; Loss: 30.097 ; Acc: 34.671
2018-09-19 15:03:24,693:INFO: [TRAIN] Step: 779 ; Loss: 29.365 ; Acc: 34.674
2018-09-19 15:03:24,827:INFO: [TRAIN] Step: 780 ; Loss: 24.868 ; Acc: 34.694
2018-09-19 15:03:24,968:INFO: [TRAIN] Step: 781 ; Loss: 34.842 ; Acc: 34.676
2018-09-19 15:03:25,108:INFO: [TRAIN] Step: 782 ; Loss: 26.321 ; Acc: 34.669
2018-09-19 15:03:25,242:INFO: [TRAIN] Step: 783 ; Loss: 29.569 ; Acc: 34.678
2018-09-19 15:03:25,385:INFO: [TRAIN] Step: 784 ; Loss: 32.077 ; Acc: 34.676
2018-09-19 15:03:25,524:INFO: [TRAIN] Step: 785 ; Loss: 28.663 ; Acc: 34.680
2018-09-19 15:03:25,661:INFO: [TRAIN] Step: 786 ; Loss: 27.876 ; Acc: 34.699
2018-09-19 15:03:25,800:INFO: [TRAIN] Step: 787 ; Loss: 26.144 ; Acc: 34.724
2018-09-19 15:03:25,937:INFO: [TRAIN] Step: 788 ; Loss: 30.260 ; Acc: 34.738
2018-09-19 15:03:26,075:INFO: [TRAIN] Step: 789 ; Loss: 25.690 ; Acc: 34.742
2018-09-19 15:03:26,208:INFO: [TRAIN] Step: 790 ; Loss: 28.703 ; Acc: 34.750
2018-09-19 15:03:26,345:INFO: [TRAIN] Step: 791 ; Loss: 26.505 ; Acc: 34.754
2018-09-19 15:03:26,484:INFO: [TRAIN] Step: 792 ; Loss: 35.671 ; Acc: 34.752
2018-09-19 15:03:26,618:INFO: [TRAIN] Step: 793 ; Loss: 32.118 ; Acc: 34.734
2018-09-19 15:03:26,760:INFO: [TRAIN] Step: 794 ; Loss: 28.088 ; Acc: 34.722
2018-09-19 15:03:26,894:INFO: [TRAIN] Step: 795 ; Loss: 27.782 ; Acc: 34.710
2018-09-19 15:03:27,033:INFO: [TRAIN] Step: 796 ; Loss: 28.716 ; Acc: 34.703
2018-09-19 15:03:27,174:INFO: [TRAIN] Step: 797 ; Loss: 28.102 ; Acc: 34.707
2018-09-19 15:03:27,309:INFO: [TRAIN] Step: 798 ; Loss: 29.664 ; Acc: 34.741
2018-09-19 15:03:27,444:INFO: [TRAIN] Step: 799 ; Loss: 26.358 ; Acc: 34.745
2018-09-19 15:03:27,583:INFO: [TRAIN] Step: 800 ; Loss: 29.385 ; Acc: 34.759
2018-09-19 15:03:27,724:INFO: [TRAIN] Step: 801 ; Loss: 29.291 ; Acc: 34.757
2018-09-19 15:03:27,862:INFO: [TRAIN] Step: 802 ; Loss: 28.714 ; Acc: 34.760
2018-09-19 15:03:27,999:INFO: [TRAIN] Step: 803 ; Loss: 32.531 ; Acc: 34.727
2018-09-19 15:03:28,141:INFO: [TRAIN] Step: 804 ; Loss: 27.001 ; Acc: 34.720
2018-09-19 15:03:28,282:INFO: [TRAIN] Step: 805 ; Loss: 32.393 ; Acc: 34.693
2018-09-19 15:03:28,423:INFO: [TRAIN] Step: 806 ; Loss: 29.041 ; Acc: 34.671
2018-09-19 15:03:28,564:INFO: [TRAIN] Step: 807 ; Loss: 34.195 ; Acc: 34.653
2018-09-19 15:03:28,701:INFO: [TRAIN] Step: 808 ; Loss: 26.542 ; Acc: 34.662
2018-09-19 15:03:28,843:INFO: [TRAIN] Step: 809 ; Loss: 26.501 ; Acc: 34.676
2018-09-19 15:03:28,978:INFO: [TRAIN] Step: 810 ; Loss: 26.972 ; Acc: 34.700
2018-09-19 15:03:29,120:INFO: [TRAIN] Step: 811 ; Loss: 29.242 ; Acc: 34.709
2018-09-19 15:03:29,257:INFO: [TRAIN] Step: 812 ; Loss: 28.163 ; Acc: 34.717
2018-09-19 15:03:29,396:INFO: [TRAIN] Step: 813 ; Loss: 27.568 ; Acc: 34.700
2018-09-19 15:03:29,534:INFO: [TRAIN] Step: 814 ; Loss: 30.891 ; Acc: 34.703
2018-09-19 15:03:29,670:INFO: [TRAIN] Step: 815 ; Loss: 29.585 ; Acc: 34.707
2018-09-19 15:03:29,810:INFO: [TRAIN] Step: 816 ; Loss: 30.531 ; Acc: 34.700
2018-09-19 15:03:29,949:INFO: [TRAIN] Step: 817 ; Loss: 31.605 ; Acc: 34.688
2018-09-19 15:03:30,087:INFO: [TRAIN] Step: 818 ; Loss: 26.917 ; Acc: 34.697
2018-09-19 15:03:30,222:INFO: [TRAIN] Step: 819 ; Loss: 27.784 ; Acc: 34.705
2018-09-19 15:03:30,359:INFO: [TRAIN] Step: 820 ; Loss: 28.507 ; Acc: 34.709
2018-09-19 15:03:30,499:INFO: [TRAIN] Step: 821 ; Loss: 28.379 ; Acc: 34.727
2018-09-19 15:03:30,631:INFO: [TRAIN] Step: 822 ; Loss: 27.151 ; Acc: 34.746
2018-09-19 15:03:30,768:INFO: [TRAIN] Step: 823 ; Loss: 27.644 ; Acc: 34.739
2018-09-19 15:03:30,907:INFO: [TRAIN] Step: 824 ; Loss: 28.673 ; Acc: 34.753
2018-09-19 15:03:31,048:INFO: [TRAIN] Step: 825 ; Loss: 30.607 ; Acc: 34.751
2018-09-19 15:03:31,186:INFO: [TRAIN] Step: 826 ; Loss: 36.762 ; Acc: 34.734
2018-09-19 15:03:31,325:INFO: [TRAIN] Step: 827 ; Loss: 27.484 ; Acc: 34.747
2018-09-19 15:03:31,463:INFO: [TRAIN] Step: 828 ; Loss: 27.090 ; Acc: 34.746
2018-09-19 15:03:31,595:INFO: [TRAIN] Step: 829 ; Loss: 27.516 ; Acc: 34.769
2018-09-19 15:03:31,729:INFO: [TRAIN] Step: 830 ; Loss: 27.507 ; Acc: 34.777
2018-09-19 15:03:31,860:INFO: [TRAIN] Step: 831 ; Loss: 26.089 ; Acc: 34.786
2018-09-19 15:03:31,992:INFO: [TRAIN] Step: 832 ; Loss: 28.435 ; Acc: 34.794
2018-09-19 15:03:32,127:INFO: [TRAIN] Step: 833 ; Loss: 25.450 ; Acc: 34.807
2018-09-19 15:03:32,259:INFO: [TRAIN] Step: 834 ; Loss: 26.477 ; Acc: 34.840
2018-09-19 15:03:32,396:INFO: [TRAIN] Step: 835 ; Loss: 28.337 ; Acc: 34.848
2018-09-19 15:03:32,530:INFO: [TRAIN] Step: 836 ; Loss: 27.905 ; Acc: 34.857
2018-09-19 15:03:32,664:INFO: [TRAIN] Step: 837 ; Loss: 30.316 ; Acc: 34.860
2018-09-19 15:03:32,797:INFO: [TRAIN] Step: 838 ; Loss: 27.588 ; Acc: 34.868
2018-09-19 15:03:32,932:INFO: [TRAIN] Step: 839 ; Loss: 28.754 ; Acc: 34.861
2018-09-19 15:03:33,068:INFO: [TRAIN] Step: 840 ; Loss: 28.823 ; Acc: 34.854
2018-09-19 15:03:33,201:INFO: [TRAIN] Step: 841 ; Loss: 31.196 ; Acc: 34.848
2018-09-19 15:03:33,332:INFO: [TRAIN] Step: 842 ; Loss: 25.797 ; Acc: 34.856
2018-09-19 15:03:33,470:INFO: [TRAIN] Step: 843 ; Loss: 30.679 ; Acc: 34.864
2018-09-19 15:03:33,600:INFO: [TRAIN] Step: 844 ; Loss: 29.574 ; Acc: 34.867
2018-09-19 15:03:33,735:INFO: [TRAIN] Step: 845 ; Loss: 26.962 ; Acc: 34.855
2018-09-19 15:03:33,869:INFO: [TRAIN] Step: 846 ; Loss: 32.752 ; Acc: 34.858
2018-09-19 15:03:34,001:INFO: [TRAIN] Step: 847 ; Loss: 35.832 ; Acc: 34.852
2018-09-19 15:03:34,129:INFO: [TRAIN] Step: 848 ; Loss: 34.130 ; Acc: 34.830
2018-09-19 15:03:34,262:INFO: [TRAIN] Step: 849 ; Loss: 31.057 ; Acc: 34.828
2018-09-19 15:03:34,393:INFO: [TRAIN] Step: 850 ; Loss: 28.051 ; Acc: 34.827
2018-09-19 15:03:34,523:INFO: [TRAIN] Step: 851 ; Loss: 27.948 ; Acc: 34.830
2018-09-19 15:03:34,654:INFO: [TRAIN] Step: 852 ; Loss: 28.696 ; Acc: 34.813
2018-09-19 15:03:34,780:INFO: [TRAIN] Step: 853 ; Loss: 28.304 ; Acc: 34.826
2018-09-19 15:03:34,912:INFO: [TRAIN] Step: 854 ; Loss: 27.179 ; Acc: 34.834
2018-09-19 15:03:35,044:INFO: [TRAIN] Step: 855 ; Loss: 24.667 ; Acc: 34.857
2018-09-19 15:03:35,169:INFO: [TRAIN] Step: 856 ; Loss: 28.691 ; Acc: 34.865
2018-09-19 15:03:35,293:INFO: [TRAIN] Step: 857 ; Loss: 29.189 ; Acc: 34.878
2018-09-19 15:03:35,422:INFO: [TRAIN] Step: 858 ; Loss: 23.665 ; Acc: 34.895
2018-09-19 15:03:35,547:INFO: [TRAIN] Step: 859 ; Loss: 30.783 ; Acc: 34.884
2018-09-19 15:03:35,671:INFO: [TRAIN] Step: 860 ; Loss: 27.690 ; Acc: 34.892
2018-09-19 15:03:35,796:INFO: [TRAIN] Step: 861 ; Loss: 30.030 ; Acc: 34.880
2018-09-19 15:03:35,920:INFO: [TRAIN] Step: 862 ; Loss: 29.236 ; Acc: 34.883
2018-09-19 15:03:36,045:INFO: [TRAIN] Step: 863 ; Loss: 29.069 ; Acc: 34.886
2018-09-19 15:03:36,165:INFO: [TRAIN] Step: 864 ; Loss: 26.023 ; Acc: 34.894
2018-09-19 15:03:36,284:INFO: [TRAIN] Step: 865 ; Loss: 28.510 ; Acc: 34.902
2018-09-19 15:03:36,406:INFO: [TRAIN] Step: 866 ; Loss: 29.944 ; Acc: 34.905
2018-09-19 15:03:36,528:INFO: [TRAIN] Step: 867 ; Loss: 29.682 ; Acc: 34.903
2018-09-19 15:03:36,649:INFO: [TRAIN] Step: 868 ; Loss: 29.156 ; Acc: 34.916
2018-09-19 15:03:36,768:INFO: [TRAIN] Step: 869 ; Loss: 26.043 ; Acc: 34.933
2018-09-19 15:03:36,886:INFO: [TRAIN] Step: 870 ; Loss: 30.434 ; Acc: 34.931
2018-09-19 15:03:37,003:INFO: [TRAIN] Step: 871 ; Loss: 32.553 ; Acc: 34.929
2018-09-19 15:03:37,121:INFO: [TRAIN] Step: 872 ; Loss: 27.228 ; Acc: 34.937
2018-09-19 15:03:37,241:INFO: [TRAIN] Step: 873 ; Loss: 29.489 ; Acc: 34.940
2018-09-19 15:03:37,364:INFO: [TRAIN] Step: 874 ; Loss: 28.837 ; Acc: 34.933
2018-09-19 15:03:37,483:INFO: [TRAIN] Step: 875 ; Loss: 30.557 ; Acc: 34.917
2018-09-19 15:03:37,599:INFO: [TRAIN] Step: 876 ; Loss: 26.407 ; Acc: 34.930
2018-09-19 15:03:37,720:INFO: [TRAIN] Step: 877 ; Loss: 25.601 ; Acc: 34.942
2018-09-19 15:03:37,838:INFO: [TRAIN] Step: 878 ; Loss: 25.246 ; Acc: 34.950
2018-09-19 15:03:37,952:INFO: [TRAIN] Step: 879 ; Loss: 31.419 ; Acc: 34.957
2018-09-19 15:03:38,070:INFO: [TRAIN] Step: 880 ; Loss: 28.106 ; Acc: 34.960
2018-09-19 15:03:38,188:INFO: [TRAIN] Step: 881 ; Loss: 29.939 ; Acc: 34.968
2018-09-19 15:03:38,327:INFO: [TRAIN] Step: 882 ; Loss: 25.975 ; Acc: 34.990
2018-09-19 15:03:38,446:INFO: [TRAIN] Step: 883 ; Loss: 27.944 ; Acc: 35.016
2018-09-19 15:03:38,559:INFO: [TRAIN] Step: 884 ; Loss: 25.548 ; Acc: 35.028
2018-09-19 15:03:38,674:INFO: [TRAIN] Step: 885 ; Loss: 25.288 ; Acc: 35.055
2018-09-19 15:03:38,789:INFO: [TRAIN] Step: 886 ; Loss: 27.151 ; Acc: 35.057
2018-09-19 15:03:38,903:INFO: [TRAIN] Step: 887 ; Loss: 31.684 ; Acc: 35.041
2018-09-19 15:03:39,018:INFO: [TRAIN] Step: 888 ; Loss: 29.030 ; Acc: 35.039
2018-09-19 15:03:39,137:INFO: [TRAIN] Step: 889 ; Loss: 28.184 ; Acc: 35.061
2018-09-19 15:03:39,248:INFO: [TRAIN] Step: 890 ; Loss: 27.552 ; Acc: 35.068
2018-09-19 15:03:39,364:INFO: [TRAIN] Step: 891 ; Loss: 28.254 ; Acc: 35.062
2018-09-19 15:03:39,481:INFO: [TRAIN] Step: 892 ; Loss: 26.591 ; Acc: 35.083
2018-09-19 15:03:39,595:INFO: [TRAIN] Step: 893 ; Loss: 28.130 ; Acc: 35.086
2018-09-19 15:03:39,708:INFO: [TRAIN] Step: 894 ; Loss: 29.173 ; Acc: 35.084
2018-09-19 15:03:39,822:INFO: [TRAIN] Step: 895 ; Loss: 28.515 ; Acc: 35.096
2018-09-19 15:03:39,936:INFO: [TRAIN] Step: 896 ; Loss: 25.899 ; Acc: 35.094
2018-09-19 15:03:40,049:INFO: [TRAIN] Step: 897 ; Loss: 27.243 ; Acc: 35.083
2018-09-19 15:03:40,168:INFO: [TRAIN] Step: 898 ; Loss: 29.953 ; Acc: 35.076
2018-09-19 15:03:40,278:INFO: [TRAIN] Step: 899 ; Loss: 27.690 ; Acc: 35.069
2018-09-19 15:03:40,393:INFO: [TRAIN] Step: 900 ; Loss: 26.946 ; Acc: 35.058
2018-09-19 15:03:40,506:INFO: [TRAIN] Step: 901 ; Loss: 26.479 ; Acc: 35.047
2018-09-19 15:03:40,615:INFO: [TRAIN] Step: 902 ; Loss: 28.275 ; Acc: 35.064
2018-09-19 15:03:40,729:INFO: [TRAIN] Step: 903 ; Loss: 28.009 ; Acc: 35.062
2018-09-19 15:03:40,842:INFO: [TRAIN] Step: 904 ; Loss: 28.732 ; Acc: 35.055
2018-09-19 15:03:40,954:INFO: [TRAIN] Step: 905 ; Loss: 28.242 ; Acc: 35.049
2018-09-19 15:03:41,064:INFO: [TRAIN] Step: 906 ; Loss: 28.334 ; Acc: 35.042
2018-09-19 15:03:41,173:INFO: [TRAIN] Step: 907 ; Loss: 31.175 ; Acc: 35.045
2018-09-19 15:03:41,282:INFO: [TRAIN] Step: 908 ; Loss: 28.244 ; Acc: 35.039
2018-09-19 15:03:41,394:INFO: [TRAIN] Step: 909 ; Loss: 27.310 ; Acc: 35.027
2018-09-19 15:03:41,507:INFO: [TRAIN] Step: 910 ; Loss: 25.550 ; Acc: 35.021
2018-09-19 15:03:41,620:INFO: [TRAIN] Step: 911 ; Loss: 26.871 ; Acc: 35.005
2018-09-19 15:03:41,734:INFO: [TRAIN] Step: 912 ; Loss: 31.952 ; Acc: 34.999
2018-09-19 15:03:41,843:INFO: [TRAIN] Step: 913 ; Loss: 30.735 ; Acc: 34.993
2018-09-19 15:03:41,954:INFO: [TRAIN] Step: 914 ; Loss: 27.931 ; Acc: 34.986
2018-09-19 15:03:42,064:INFO: [TRAIN] Step: 915 ; Loss: 29.324 ; Acc: 34.994
2018-09-19 15:03:42,175:INFO: [TRAIN] Step: 916 ; Loss: 33.150 ; Acc: 35.001
2018-09-19 15:03:42,285:INFO: [TRAIN] Step: 917 ; Loss: 28.810 ; Acc: 34.995
2018-09-19 15:03:42,396:INFO: [TRAIN] Step: 918 ; Loss: 26.396 ; Acc: 34.975
2018-09-19 15:03:42,506:INFO: [TRAIN] Step: 919 ; Loss: 28.536 ; Acc: 34.950
2018-09-19 15:03:42,617:INFO: [TRAIN] Step: 920 ; Loss: 25.792 ; Acc: 34.948
2018-09-19 15:03:42,726:INFO: [TRAIN] Step: 921 ; Loss: 26.588 ; Acc: 34.938
2018-09-19 15:03:42,836:INFO: [TRAIN] Step: 922 ; Loss: 25.503 ; Acc: 34.936
2018-09-19 15:03:42,945:INFO: [TRAIN] Step: 923 ; Loss: 26.665 ; Acc: 34.912
2018-09-19 15:03:43,052:INFO: [TRAIN] Step: 924 ; Loss: 30.369 ; Acc: 34.892
2018-09-19 15:03:43,163:INFO: [TRAIN] Step: 925 ; Loss: 27.065 ; Acc: 34.904
2018-09-19 15:03:43,272:INFO: [TRAIN] Step: 926 ; Loss: 29.055 ; Acc: 34.907
2018-09-19 15:03:43,385:INFO: [TRAIN] Step: 927 ; Loss: 25.073 ; Acc: 34.941
2018-09-19 15:03:43,495:INFO: [TRAIN] Step: 928 ; Loss: 29.566 ; Acc: 34.939
2018-09-19 15:03:43,603:INFO: [TRAIN] Step: 929 ; Loss: 26.852 ; Acc: 34.960
2018-09-19 15:03:43,714:INFO: [TRAIN] Step: 930 ; Loss: 26.482 ; Acc: 34.976
2018-09-19 15:03:43,821:INFO: [TRAIN] Step: 931 ; Loss: 28.723 ; Acc: 34.987
2018-09-19 15:03:43,928:INFO: [TRAIN] Step: 932 ; Loss: 29.940 ; Acc: 34.999
2018-09-19 15:03:44,038:INFO: [TRAIN] Step: 933 ; Loss: 26.651 ; Acc: 34.979
2018-09-19 15:03:44,147:INFO: [TRAIN] Step: 934 ; Loss: 26.999 ; Acc: 34.978
2018-09-19 15:03:44,256:INFO: [TRAIN] Step: 935 ; Loss: 29.977 ; Acc: 34.976
2018-09-19 15:03:44,365:INFO: [TRAIN] Step: 936 ; Loss: 28.747 ; Acc: 34.992
2018-09-19 15:03:44,475:INFO: [TRAIN] Step: 937 ; Loss: 32.147 ; Acc: 34.981
2018-09-19 15:03:44,586:INFO: [TRAIN] Step: 938 ; Loss: 28.615 ; Acc: 34.971
2018-09-19 15:03:44,696:INFO: [TRAIN] Step: 939 ; Loss: 31.809 ; Acc: 34.942
2018-09-19 15:03:44,803:INFO: [TRAIN] Step: 940 ; Loss: 31.275 ; Acc: 34.936
2018-09-19 15:03:44,913:INFO: [TRAIN] Step: 941 ; Loss: 28.683 ; Acc: 34.943
2018-09-19 15:03:45,023:INFO: [TRAIN] Step: 942 ; Loss: 27.137 ; Acc: 34.946
2018-09-19 15:03:45,133:INFO: [TRAIN] Step: 943 ; Loss: 26.277 ; Acc: 34.944
2018-09-19 15:03:45,243:INFO: [TRAIN] Step: 944 ; Loss: 24.439 ; Acc: 34.965
2018-09-19 15:03:45,350:INFO: [TRAIN] Step: 945 ; Loss: 28.141 ; Acc: 34.954
2018-09-19 15:03:45,463:INFO: [TRAIN] Step: 946 ; Loss: 25.186 ; Acc: 34.961
2018-09-19 15:03:45,570:INFO: [TRAIN] Step: 947 ; Loss: 29.674 ; Acc: 34.960
2018-09-19 15:03:45,680:INFO: [TRAIN] Step: 948 ; Loss: 25.468 ; Acc: 34.962
2018-09-19 15:03:45,787:INFO: [TRAIN] Step: 949 ; Loss: 31.215 ; Acc: 34.952
2018-09-19 15:03:45,898:INFO: [TRAIN] Step: 950 ; Loss: 33.236 ; Acc: 34.937
2018-09-19 15:03:46,009:INFO: [TRAIN] Step: 951 ; Loss: 27.761 ; Acc: 34.944
2018-09-19 15:03:46,115:INFO: [TRAIN] Step: 952 ; Loss: 28.755 ; Acc: 34.951
2018-09-19 15:03:46,224:INFO: [TRAIN] Step: 953 ; Loss: 25.547 ; Acc: 34.958
2018-09-19 15:03:46,331:INFO: [TRAIN] Step: 954 ; Loss: 29.788 ; Acc: 34.974
2018-09-19 15:03:46,441:INFO: [TRAIN] Step: 955 ; Loss: 33.219 ; Acc: 34.968
2018-09-19 15:03:46,549:INFO: [TRAIN] Step: 956 ; Loss: 24.722 ; Acc: 34.966
2018-09-19 15:03:46,656:INFO: [TRAIN] Step: 957 ; Loss: 25.740 ; Acc: 34.964
2018-09-19 15:03:46,766:INFO: [TRAIN] Step: 958 ; Loss: 27.580 ; Acc: 34.967
2018-09-19 15:03:46,876:INFO: [TRAIN] Step: 959 ; Loss: 27.341 ; Acc: 34.970
2018-09-19 15:03:46,985:INFO: [TRAIN] Step: 960 ; Loss: 26.860 ; Acc: 34.972
2018-09-19 15:03:47,096:INFO: [TRAIN] Step: 961 ; Loss: 33.681 ; Acc: 34.949
2018-09-19 15:03:47,209:INFO: [TRAIN] Step: 962 ; Loss: 26.756 ; Acc: 34.960
2018-09-19 15:03:47,315:INFO: [TRAIN] Step: 963 ; Loss: 30.894 ; Acc: 34.941
2018-09-19 15:03:47,423:INFO: [TRAIN] Step: 964 ; Loss: 27.077 ; Acc: 34.940
2018-09-19 15:03:47,532:INFO: [TRAIN] Step: 965 ; Loss: 29.197 ; Acc: 34.938
2018-09-19 15:03:47,643:INFO: [TRAIN] Step: 966 ; Loss: 30.561 ; Acc: 34.941
2018-09-19 15:03:47,752:INFO: [TRAIN] Step: 967 ; Loss: 29.740 ; Acc: 34.939
2018-09-19 15:03:47,861:INFO: [TRAIN] Step: 968 ; Loss: 29.815 ; Acc: 34.920
2018-09-19 15:03:47,973:INFO: [TRAIN] Step: 969 ; Loss: 28.278 ; Acc: 34.905
2018-09-19 15:03:48,083:INFO: [TRAIN] Step: 970 ; Loss: 29.671 ; Acc: 34.912
2018-09-19 15:03:48,195:INFO: [TRAIN] Step: 971 ; Loss: 29.444 ; Acc: 34.902
2018-09-19 15:03:48,308:INFO: [TRAIN] Step: 972 ; Loss: 27.591 ; Acc: 34.896
2018-09-19 15:03:48,419:INFO: [TRAIN] Step: 973 ; Loss: 29.646 ; Acc: 34.890
2018-09-19 15:03:48,528:INFO: [TRAIN] Step: 974 ; Loss: 29.275 ; Acc: 34.893
2018-09-19 15:03:48,639:INFO: [TRAIN] Step: 975 ; Loss: 30.047 ; Acc: 34.896
2018-09-19 15:03:48,754:INFO: [TRAIN] Step: 976 ; Loss: 29.571 ; Acc: 34.886
2018-09-19 15:03:48,860:INFO: [TRAIN] Step: 977 ; Loss: 27.149 ; Acc: 34.854
2018-09-19 15:03:48,969:INFO: [TRAIN] Step: 978 ; Loss: 25.862 ; Acc: 34.840
2018-09-19 15:03:49,075:INFO: [TRAIN] Step: 979 ; Loss: 28.629 ; Acc: 34.821
2018-09-19 15:03:49,183:INFO: [TRAIN] Step: 980 ; Loss: 26.912 ; Acc: 34.803
2018-09-19 15:03:49,297:INFO: [TRAIN] Step: 981 ; Loss: 31.863 ; Acc: 34.793
2018-09-19 15:03:49,405:INFO: [TRAIN] Step: 982 ; Loss: 31.125 ; Acc: 34.796
2018-09-19 15:03:49,515:INFO: [TRAIN] Step: 983 ; Loss: 30.646 ; Acc: 34.794
2018-09-19 15:03:49,625:INFO: [TRAIN] Step: 984 ; Loss: 25.548 ; Acc: 34.801
2018-09-19 15:03:49,737:INFO: [TRAIN] Step: 985 ; Loss: 27.395 ; Acc: 34.800
2018-09-19 15:03:49,844:INFO: [TRAIN] Step: 986 ; Loss: 30.009 ; Acc: 34.815
2018-09-19 15:03:49,958:INFO: [TRAIN] Step: 987 ; Loss: 28.103 ; Acc: 34.805
2018-09-19 15:03:50,066:INFO: [TRAIN] Step: 988 ; Loss: 28.161 ; Acc: 34.808
2018-09-19 15:03:50,172:INFO: [TRAIN] Step: 989 ; Loss: 28.286 ; Acc: 34.815
2018-09-19 15:03:50,280:INFO: [TRAIN] Step: 990 ; Loss: 29.342 ; Acc: 34.826
2018-09-19 15:03:50,392:INFO: [TRAIN] Step: 991 ; Loss: 29.625 ; Acc: 34.816
2018-09-19 15:03:50,503:INFO: [TRAIN] Step: 992 ; Loss: 31.686 ; Acc: 34.810
2018-09-19 15:03:50,615:INFO: [TRAIN] Step: 993 ; Loss: 32.296 ; Acc: 34.813
2018-09-19 15:03:50,724:INFO: [TRAIN] Step: 994 ; Loss: 29.410 ; Acc: 34.799
2018-09-19 15:03:50,835:INFO: [TRAIN] Step: 995 ; Loss: 27.711 ; Acc: 34.798
2018-09-19 15:03:50,942:INFO: [TRAIN] Step: 996 ; Loss: 23.337 ; Acc: 34.813
2018-09-19 15:03:51,053:INFO: [TRAIN] Step: 997 ; Loss: 24.499 ; Acc: 34.824
2018-09-19 15:03:51,161:INFO: [TRAIN] Step: 998 ; Loss: 26.357 ; Acc: 34.818
2018-09-19 15:03:51,268:INFO: [TRAIN] Step: 999 ; Loss: 26.506 ; Acc: 34.833
2018-09-19 15:03:51,379:INFO: [TRAIN] Step: 1000 ; Loss: 30.662 ; Acc: 34.824
2018-09-19 15:03:51,487:INFO: [TRAIN] Step: 1001 ; Loss: 28.766 ; Acc: 34.818
2018-09-19 15:03:51,596:INFO: [TRAIN] Step: 1002 ; Loss: 30.251 ; Acc: 34.800
2018-09-19 15:03:51,704:INFO: [TRAIN] Step: 1003 ; Loss: 28.358 ; Acc: 34.802
2018-09-19 15:03:51,818:INFO: [TRAIN] Step: 1004 ; Loss: 27.190 ; Acc: 34.813
2018-09-19 15:03:51,928:INFO: [TRAIN] Step: 1005 ; Loss: 32.590 ; Acc: 34.804
2018-09-19 15:03:52,041:INFO: [TRAIN] Step: 1006 ; Loss: 26.701 ; Acc: 34.815
2018-09-19 15:03:52,150:INFO: [TRAIN] Step: 1007 ; Loss: 25.922 ; Acc: 34.817
2018-09-19 15:03:52,262:INFO: [TRAIN] Step: 1008 ; Loss: 27.122 ; Acc: 34.820
2018-09-19 15:03:52,370:INFO: [TRAIN] Step: 1009 ; Loss: 29.362 ; Acc: 34.823
2018-09-19 15:03:52,481:INFO: [TRAIN] Step: 1010 ; Loss: 28.396 ; Acc: 34.829
2018-09-19 15:03:52,590:INFO: [TRAIN] Step: 1011 ; Loss: 27.958 ; Acc: 34.836
2018-09-19 15:03:52,700:INFO: [TRAIN] Step: 1012 ; Loss: 25.804 ; Acc: 34.831
2018-09-19 15:03:52,813:INFO: [TRAIN] Step: 1013 ; Loss: 26.912 ; Acc: 34.829
2018-09-19 15:03:52,919:INFO: [TRAIN] Step: 1014 ; Loss: 31.498 ; Acc: 34.815
2018-09-19 15:03:53,026:INFO: [TRAIN] Step: 1015 ; Loss: 25.209 ; Acc: 34.822
2018-09-19 15:03:53,134:INFO: [TRAIN] Step: 1016 ; Loss: 26.928 ; Acc: 34.829
2018-09-19 15:03:53,245:INFO: [TRAIN] Step: 1017 ; Loss: 26.278 ; Acc: 34.831
2018-09-19 15:03:53,351:INFO: [TRAIN] Step: 1018 ; Loss: 28.056 ; Acc: 34.846
2018-09-19 15:03:53,459:INFO: [TRAIN] Step: 1019 ; Loss: 27.171 ; Acc: 34.865
2018-09-19 15:03:53,565:INFO: [TRAIN] Step: 1020 ; Loss: 26.982 ; Acc: 34.860
2018-09-19 15:03:53,679:INFO: [TRAIN] Step: 1021 ; Loss: 25.067 ; Acc: 34.854
2018-09-19 15:03:53,790:INFO: [TRAIN] Step: 1022 ; Loss: 25.778 ; Acc: 34.861
2018-09-19 15:03:53,896:INFO: [TRAIN] Step: 1023 ; Loss: 30.874 ; Acc: 34.855
2018-09-19 15:03:54,004:INFO: [TRAIN] Step: 1024 ; Loss: 30.854 ; Acc: 34.846
2018-09-19 15:03:54,112:INFO: [TRAIN] Step: 1025 ; Loss: 29.765 ; Acc: 34.844
2018-09-19 15:03:54,222:INFO: [TRAIN] Step: 1026 ; Loss: 29.786 ; Acc: 34.834
2018-09-19 15:03:54,333:INFO: [TRAIN] Step: 1027 ; Loss: 25.285 ; Acc: 34.853
2018-09-19 15:03:54,441:INFO: [TRAIN] Step: 1028 ; Loss: 32.556 ; Acc: 34.840
2018-09-19 15:03:54,549:INFO: [TRAIN] Step: 1029 ; Loss: 31.612 ; Acc: 34.838
2018-09-19 15:03:54,657:INFO: [TRAIN] Step: 1030 ; Loss: 26.642 ; Acc: 34.857
2018-09-19 15:03:54,766:INFO: [TRAIN] Step: 1031 ; Loss: 27.001 ; Acc: 34.864
2018-09-19 15:03:54,876:INFO: [TRAIN] Step: 1032 ; Loss: 29.155 ; Acc: 34.866
2018-09-19 15:03:54,981:INFO: [TRAIN] Step: 1033 ; Loss: 30.651 ; Acc: 34.840
2018-09-19 15:03:55,088:INFO: [TRAIN] Step: 1034 ; Loss: 25.054 ; Acc: 34.831
2018-09-19 15:03:55,196:INFO: [TRAIN] Step: 1035 ; Loss: 24.110 ; Acc: 34.842
2018-09-19 15:03:55,303:INFO: [TRAIN] Step: 1036 ; Loss: 33.663 ; Acc: 34.828
2018-09-19 15:03:55,410:INFO: [TRAIN] Step: 1037 ; Loss: 24.629 ; Acc: 34.835
2018-09-19 15:03:55,528:INFO: [TRAIN] Step: 1038 ; Loss: 24.614 ; Acc: 34.845
2018-09-19 15:03:55,636:INFO: [TRAIN] Step: 1039 ; Loss: 29.742 ; Acc: 34.852
2018-09-19 15:03:55,743:INFO: [TRAIN] Step: 1040 ; Loss: 27.203 ; Acc: 34.850
2018-09-19 15:03:55,855:INFO: [TRAIN] Step: 1041 ; Loss: 27.268 ; Acc: 34.841
2018-09-19 15:03:55,962:INFO: [TRAIN] Step: 1042 ; Loss: 30.172 ; Acc: 34.831
2018-09-19 15:03:56,069:INFO: [TRAIN] Step: 1043 ; Loss: 28.053 ; Acc: 34.818
2018-09-19 15:03:56,178:INFO: [TRAIN] Step: 1044 ; Loss: 28.562 ; Acc: 34.805
2018-09-19 15:03:56,288:INFO: [TRAIN] Step: 1045 ; Loss: 29.682 ; Acc: 34.791
2018-09-19 15:03:56,397:INFO: [TRAIN] Step: 1046 ; Loss: 27.091 ; Acc: 34.774
2018-09-19 15:03:56,504:INFO: [TRAIN] Step: 1047 ; Loss: 23.844 ; Acc: 34.788
2018-09-19 15:03:56,615:INFO: [TRAIN] Step: 1048 ; Loss: 33.702 ; Acc: 34.767
2018-09-19 15:03:56,725:INFO: [TRAIN] Step: 1049 ; Loss: 32.715 ; Acc: 34.750
2018-09-19 15:03:56,834:INFO: [TRAIN] Step: 1050 ; Loss: 28.916 ; Acc: 34.733
2018-09-19 15:03:56,941:INFO: [TRAIN] Step: 1051 ; Loss: 26.696 ; Acc: 34.724
2018-09-19 15:03:57,053:INFO: [TRAIN] Step: 1052 ; Loss: 30.278 ; Acc: 34.722
2018-09-19 15:03:57,163:INFO: [TRAIN] Step: 1053 ; Loss: 31.354 ; Acc: 34.705
2018-09-19 15:03:57,271:INFO: [TRAIN] Step: 1054 ; Loss: 30.279 ; Acc: 34.684
2018-09-19 15:03:57,378:INFO: [TRAIN] Step: 1055 ; Loss: 27.634 ; Acc: 34.691
2018-09-19 15:03:57,489:INFO: [TRAIN] Step: 1056 ; Loss: 26.126 ; Acc: 34.693
2018-09-19 15:03:57,598:INFO: [TRAIN] Step: 1057 ; Loss: 26.887 ; Acc: 34.708
2018-09-19 15:03:57,709:INFO: [TRAIN] Step: 1058 ; Loss: 26.138 ; Acc: 34.699
2018-09-19 15:03:57,820:INFO: [TRAIN] Step: 1059 ; Loss: 26.942 ; Acc: 34.713
2018-09-19 15:03:57,931:INFO: [TRAIN] Step: 1060 ; Loss: 28.856 ; Acc: 34.712
2018-09-19 15:03:58,038:INFO: [TRAIN] Step: 1061 ; Loss: 27.866 ; Acc: 34.722
2018-09-19 15:03:58,146:INFO: [TRAIN] Step: 1062 ; Loss: 29.608 ; Acc: 34.717
2018-09-19 15:03:58,252:INFO: [TRAIN] Step: 1063 ; Loss: 31.722 ; Acc: 34.731
2018-09-19 15:03:58,359:INFO: [TRAIN] Step: 1064 ; Loss: 31.066 ; Acc: 34.730
2018-09-19 15:03:58,468:INFO: [TRAIN] Step: 1065 ; Loss: 30.050 ; Acc: 34.725
2018-09-19 15:03:58,578:INFO: [TRAIN] Step: 1066 ; Loss: 31.595 ; Acc: 34.720
2018-09-19 15:03:58,686:INFO: [TRAIN] Step: 1067 ; Loss: 28.221 ; Acc: 34.718
2018-09-19 15:03:58,796:INFO: [TRAIN] Step: 1068 ; Loss: 31.228 ; Acc: 34.713
2018-09-19 15:03:58,902:INFO: [TRAIN] Step: 1069 ; Loss: 27.637 ; Acc: 34.720
2018-09-19 15:03:59,012:INFO: [TRAIN] Step: 1070 ; Loss: 26.835 ; Acc: 34.722
2018-09-19 15:03:59,118:INFO: [TRAIN] Step: 1071 ; Loss: 25.816 ; Acc: 34.733
2018-09-19 15:03:59,230:INFO: [TRAIN] Step: 1072 ; Loss: 29.070 ; Acc: 34.751
2018-09-19 15:03:59,340:INFO: [TRAIN] Step: 1073 ; Loss: 30.749 ; Acc: 34.749
2018-09-19 15:03:59,450:INFO: [TRAIN] Step: 1074 ; Loss: 25.299 ; Acc: 34.760
2018-09-19 15:03:59,562:INFO: [TRAIN] Step: 1075 ; Loss: 27.827 ; Acc: 34.758
2018-09-19 15:03:59,675:INFO: [TRAIN] Step: 1076 ; Loss: 33.455 ; Acc: 34.745
2018-09-19 15:03:59,783:INFO: [TRAIN] Step: 1077 ; Loss: 27.930 ; Acc: 34.736
2018-09-19 15:03:59,891:INFO: [TRAIN] Step: 1078 ; Loss: 31.936 ; Acc: 34.727
2018-09-19 15:03:59,997:INFO: [TRAIN] Step: 1079 ; Loss: 27.877 ; Acc: 34.742
2018-09-19 15:04:00,106:INFO: [TRAIN] Step: 1080 ; Loss: 30.647 ; Acc: 34.752
2018-09-19 15:04:00,215:INFO: [TRAIN] Step: 1081 ; Loss: 30.001 ; Acc: 34.754
2018-09-19 15:04:00,325:INFO: [TRAIN] Step: 1082 ; Loss: 30.689 ; Acc: 34.753
2018-09-19 15:04:00,434:INFO: [TRAIN] Step: 1083 ; Loss: 32.102 ; Acc: 34.729
2018-09-19 15:04:00,544:INFO: [TRAIN] Step: 1084 ; Loss: 29.491 ; Acc: 34.731
2018-09-19 15:04:00,653:INFO: [TRAIN] Step: 1085 ; Loss: 31.244 ; Acc: 34.726
2018-09-19 15:04:00,763:INFO: [TRAIN] Step: 1086 ; Loss: 27.612 ; Acc: 34.713
2018-09-19 15:04:00,874:INFO: [TRAIN] Step: 1087 ; Loss: 34.982 ; Acc: 34.712
2018-09-19 15:04:00,980:INFO: [TRAIN] Step: 1088 ; Loss: 27.581 ; Acc: 34.726
2018-09-19 15:04:01,089:INFO: [TRAIN] Step: 1089 ; Loss: 28.285 ; Acc: 34.721
2018-09-19 15:04:01,199:INFO: [TRAIN] Step: 1090 ; Loss: 29.497 ; Acc: 34.708
2018-09-19 15:04:01,307:INFO: [TRAIN] Step: 1091 ; Loss: 30.845 ; Acc: 34.707
2018-09-19 15:04:01,421:INFO: [TRAIN] Step: 1092 ; Loss: 24.455 ; Acc: 34.717
2018-09-19 15:04:01,529:INFO: [TRAIN] Step: 1093 ; Loss: 26.691 ; Acc: 34.731
2018-09-19 15:04:01,642:INFO: [TRAIN] Step: 1094 ; Loss: 30.052 ; Acc: 34.722
2018-09-19 15:04:01,753:INFO: [TRAIN] Step: 1095 ; Loss: 30.023 ; Acc: 34.717
2018-09-19 15:04:01,863:INFO: [TRAIN] Step: 1096 ; Loss: 27.340 ; Acc: 34.727
2018-09-19 15:04:01,971:INFO: [TRAIN] Step: 1097 ; Loss: 25.076 ; Acc: 34.749
2018-09-19 15:04:02,081:INFO: [TRAIN] Step: 1098 ; Loss: 27.768 ; Acc: 34.740
2018-09-19 15:04:02,192:INFO: [TRAIN] Step: 1099 ; Loss: 26.700 ; Acc: 34.731
2018-09-19 15:04:02,307:INFO: [TRAIN] Step: 1100 ; Loss: 24.742 ; Acc: 34.749
2018-09-19 15:04:02,417:INFO: [TRAIN] Step: 1101 ; Loss: 27.982 ; Acc: 34.740
2018-09-19 15:04:02,528:INFO: [TRAIN] Step: 1102 ; Loss: 28.737 ; Acc: 34.727
2018-09-19 15:04:02,644:INFO: [TRAIN] Step: 1103 ; Loss: 27.874 ; Acc: 34.722
2018-09-19 15:04:02,755:INFO: [TRAIN] Step: 1104 ; Loss: 27.465 ; Acc: 34.721
2018-09-19 15:04:02,867:INFO: [TRAIN] Step: 1105 ; Loss: 28.439 ; Acc: 34.727
2018-09-19 15:04:02,977:INFO: [TRAIN] Step: 1106 ; Loss: 29.523 ; Acc: 34.722
2018-09-19 15:04:03,092:INFO: [TRAIN] Step: 1107 ; Loss: 28.072 ; Acc: 34.710
2018-09-19 15:04:03,205:INFO: [TRAIN] Step: 1108 ; Loss: 32.875 ; Acc: 34.697
2018-09-19 15:04:03,315:INFO: [TRAIN] Step: 1109 ; Loss: 30.135 ; Acc: 34.681
2018-09-19 15:04:03,424:INFO: [TRAIN] Step: 1110 ; Loss: 29.806 ; Acc: 34.676
2018-09-19 15:04:03,536:INFO: [TRAIN] Step: 1111 ; Loss: 24.862 ; Acc: 34.671
2018-09-19 15:04:03,649:INFO: [TRAIN] Step: 1112 ; Loss: 28.150 ; Acc: 34.670
2018-09-19 15:04:03,758:INFO: [TRAIN] Step: 1113 ; Loss: 32.333 ; Acc: 34.657
2018-09-19 15:04:03,870:INFO: [TRAIN] Step: 1114 ; Loss: 28.693 ; Acc: 34.652
2018-09-19 15:04:03,981:INFO: [TRAIN] Step: 1115 ; Loss: 27.419 ; Acc: 34.640
2018-09-19 15:04:04,095:INFO: [TRAIN] Step: 1116 ; Loss: 26.965 ; Acc: 34.635
2018-09-19 15:04:04,206:INFO: [TRAIN] Step: 1117 ; Loss: 28.457 ; Acc: 34.627
2018-09-19 15:04:04,317:INFO: [TRAIN] Step: 1118 ; Loss: 31.677 ; Acc: 34.625
2018-09-19 15:04:04,432:INFO: [TRAIN] Step: 1119 ; Loss: 28.396 ; Acc: 34.613
2018-09-19 15:04:04,541:INFO: [TRAIN] Step: 1120 ; Loss: 28.605 ; Acc: 34.619
2018-09-19 15:04:04,652:INFO: [TRAIN] Step: 1121 ; Loss: 28.202 ; Acc: 34.622
2018-09-19 15:04:04,764:INFO: [TRAIN] Step: 1122 ; Loss: 28.790 ; Acc: 34.610
2018-09-19 15:04:04,874:INFO: [TRAIN] Step: 1123 ; Loss: 27.042 ; Acc: 34.616
2018-09-19 15:04:04,986:INFO: [TRAIN] Step: 1124 ; Loss: 28.558 ; Acc: 34.626
2018-09-19 15:04:05,101:INFO: [TRAIN] Step: 1125 ; Loss: 27.601 ; Acc: 34.636
2018-09-19 15:04:05,238:INFO: [TRAIN] Step: 1126 ; Loss: 24.820 ; Acc: 34.653
2018-09-19 15:04:05,354:INFO: [TRAIN] Step: 1127 ; Loss: 26.900 ; Acc: 34.663
2018-09-19 15:04:05,468:INFO: [TRAIN] Step: 1128 ; Loss: 27.140 ; Acc: 34.662
2018-09-19 15:04:05,592:INFO: [TRAIN] Step: 1129 ; Loss: 27.898 ; Acc: 34.668
2018-09-19 15:04:05,705:INFO: [TRAIN] Step: 1130 ; Loss: 25.548 ; Acc: 34.674
2018-09-19 15:04:05,818:INFO: [TRAIN] Step: 1131 ; Loss: 28.770 ; Acc: 34.669
2018-09-19 15:04:05,934:INFO: [TRAIN] Step: 1132 ; Loss: 33.594 ; Acc: 34.668
2018-09-19 15:04:06,049:INFO: [TRAIN] Step: 1133 ; Loss: 24.756 ; Acc: 34.674
2018-09-19 15:04:06,187:INFO: [TRAIN] Step: 1134 ; Loss: 30.987 ; Acc: 34.684
2018-09-19 15:04:06,323:INFO: [TRAIN] Step: 1135 ; Loss: 29.039 ; Acc: 34.694
2018-09-19 15:04:06,449:INFO: [TRAIN] Step: 1136 ; Loss: 30.412 ; Acc: 34.700
2018-09-19 15:04:06,569:INFO: [TRAIN] Step: 1137 ; Loss: 26.537 ; Acc: 34.725
2018-09-19 15:04:06,707:INFO: [TRAIN] Step: 1138 ; Loss: 28.337 ; Acc: 34.727
2018-09-19 15:04:06,827:INFO: [TRAIN] Step: 1139 ; Loss: 29.515 ; Acc: 34.715
2018-09-19 15:04:06,946:INFO: [TRAIN] Step: 1140 ; Loss: 23.800 ; Acc: 34.725
2018-09-19 15:04:07,061:INFO: [TRAIN] Step: 1141 ; Loss: 29.731 ; Acc: 34.723
2018-09-19 15:04:07,186:INFO: [TRAIN] Step: 1142 ; Loss: 30.987 ; Acc: 34.715
2018-09-19 15:04:07,310:INFO: [TRAIN] Step: 1143 ; Loss: 25.675 ; Acc: 34.732
2018-09-19 15:04:07,427:INFO: [TRAIN] Step: 1144 ; Loss: 31.775 ; Acc: 34.731
2018-09-19 15:04:07,553:INFO: [TRAIN] Step: 1145 ; Loss: 24.670 ; Acc: 34.751
2018-09-19 15:04:07,672:INFO: [TRAIN] Step: 1146 ; Loss: 26.860 ; Acc: 34.761
2018-09-19 15:04:07,787:INFO: [TRAIN] Step: 1147 ; Loss: 27.577 ; Acc: 34.756
2018-09-19 15:04:07,913:INFO: [TRAIN] Step: 1148 ; Loss: 29.269 ; Acc: 34.758
2018-09-19 15:04:08,033:INFO: [TRAIN] Step: 1149 ; Loss: 28.221 ; Acc: 34.761
2018-09-19 15:04:08,171:INFO: [TRAIN] Step: 1150 ; Loss: 25.987 ; Acc: 34.774
2018-09-19 15:04:08,305:INFO: [TRAIN] Step: 1151 ; Loss: 29.121 ; Acc: 34.776
2018-09-19 15:04:08,420:INFO: [TRAIN] Step: 1152 ; Loss: 27.160 ; Acc: 34.782
2018-09-19 15:04:08,537:INFO: [TRAIN] Step: 1153 ; Loss: 25.162 ; Acc: 34.796
2018-09-19 15:04:08,653:INFO: [TRAIN] Step: 1154 ; Loss: 25.808 ; Acc: 34.805
2018-09-19 15:04:08,773:INFO: [TRAIN] Step: 1155 ; Loss: 26.577 ; Acc: 34.815
2018-09-19 15:04:08,891:INFO: [TRAIN] Step: 1156 ; Loss: 28.113 ; Acc: 34.817
2018-09-19 15:04:09,015:INFO: [TRAIN] Step: 1157 ; Loss: 32.381 ; Acc: 34.809
2018-09-19 15:04:09,138:INFO: [TRAIN] Step: 1158 ; Loss: 30.875 ; Acc: 34.825
2018-09-19 15:04:09,266:INFO: [TRAIN] Step: 1159 ; Loss: 30.098 ; Acc: 34.817
2018-09-19 15:04:09,395:INFO: [TRAIN] Step: 1160 ; Loss: 29.358 ; Acc: 34.808
2018-09-19 15:04:09,522:INFO: [TRAIN] Step: 1161 ; Loss: 27.186 ; Acc: 34.818
2018-09-19 15:04:09,639:INFO: [TRAIN] Step: 1162 ; Loss: 28.999 ; Acc: 34.806
2018-09-19 15:04:09,757:INFO: [TRAIN] Step: 1163 ; Loss: 32.885 ; Acc: 34.787
2018-09-19 15:04:09,876:INFO: [TRAIN] Step: 1164 ; Loss: 25.946 ; Acc: 34.793
2018-09-19 15:04:09,998:INFO: [TRAIN] Step: 1165 ; Loss: 27.490 ; Acc: 34.788
2018-09-19 15:04:10,112:INFO: [TRAIN] Step: 1166 ; Loss: 28.820 ; Acc: 34.786
2018-09-19 15:04:10,228:INFO: [TRAIN] Step: 1167 ; Loss: 32.249 ; Acc: 34.775
2018-09-19 15:04:10,346:INFO: [TRAIN] Step: 1168 ; Loss: 25.693 ; Acc: 34.777
2018-09-19 15:04:10,466:INFO: [TRAIN] Step: 1169 ; Loss: 26.454 ; Acc: 34.772
2018-09-19 15:04:10,584:INFO: [TRAIN] Step: 1170 ; Loss: 23.218 ; Acc: 34.771
2018-09-19 15:04:10,700:INFO: [TRAIN] Step: 1171 ; Loss: 24.868 ; Acc: 34.759
2018-09-19 15:04:10,824:INFO: [TRAIN] Step: 1172 ; Loss: 25.795 ; Acc: 34.751
2018-09-19 15:04:10,941:INFO: [TRAIN] Step: 1173 ; Loss: 28.385 ; Acc: 34.746
2018-09-19 15:04:11,056:INFO: [TRAIN] Step: 1174 ; Loss: 26.400 ; Acc: 34.745
2018-09-19 15:04:11,174:INFO: [TRAIN] Step: 1175 ; Loss: 26.454 ; Acc: 34.743
2018-09-19 15:04:11,291:INFO: [TRAIN] Step: 1176 ; Loss: 23.831 ; Acc: 34.746
2018-09-19 15:04:11,406:INFO: [TRAIN] Step: 1177 ; Loss: 31.415 ; Acc: 34.730
2018-09-19 15:04:11,531:INFO: [TRAIN] Step: 1178 ; Loss: 27.286 ; Acc: 34.722
2018-09-19 15:04:11,644:INFO: [TRAIN] Step: 1179 ; Loss: 27.822 ; Acc: 34.710
2018-09-19 15:04:11,763:INFO: [TRAIN] Step: 1180 ; Loss: 27.750 ; Acc: 34.706
2018-09-19 15:04:11,878:INFO: [TRAIN] Step: 1181 ; Loss: 29.056 ; Acc: 34.705
2018-09-19 15:04:11,994:INFO: [TRAIN] Step: 1182 ; Loss: 26.494 ; Acc: 34.700
2018-09-19 15:04:12,111:INFO: [TRAIN] Step: 1183 ; Loss: 29.610 ; Acc: 34.688
2018-09-19 15:04:12,231:INFO: [TRAIN] Step: 1184 ; Loss: 27.431 ; Acc: 34.680
2018-09-19 15:04:12,347:INFO: [TRAIN] Step: 1185 ; Loss: 30.740 ; Acc: 34.661
2018-09-19 15:04:12,463:INFO: [TRAIN] Step: 1186 ; Loss: 28.520 ; Acc: 34.653
2018-09-19 15:04:12,581:INFO: [TRAIN] Step: 1187 ; Loss: 31.137 ; Acc: 34.635
2018-09-19 15:04:12,701:INFO: [TRAIN] Step: 1188 ; Loss: 32.006 ; Acc: 34.633
2018-09-19 15:04:12,816:INFO: [TRAIN] Step: 1189 ; Loss: 28.692 ; Acc: 34.632
2018-09-19 15:04:17,911:INFO: [EVAL] Step: 1190 ; Loss: 0.301 ; Acc: 0.373
