2018-09-19 16:02:53,572:INFO: ### Model ###
LeNet5(
  (convnet): Sequential(
    (0): Conv2d(1, 6, kernel_size=(5, 5), stride=(1, 1))
    (1): ReLU()
    (2): MaxPool2d(kernel_size=(2, 2), stride=2, padding=0, dilation=1, ceil_mode=False)
    (3): Conv2d(6, 16, kernel_size=(5, 5), stride=(1, 1))
    (4): ReLU()
    (5): MaxPool2d(kernel_size=(2, 2), stride=2, padding=0, dilation=1, ceil_mode=False)
    (6): Conv2d(16, 120, kernel_size=(5, 5), stride=(1, 1))
    (7): ReLU()
    (8): Conv2d(120, 240, kernel_size=(5, 5), stride=(1, 1))
    (9): ReLU()
  )
  (fc): Sequential(
    (0): Linear(in_features=240, out_features=84, bias=True)
    (1): ReLU()
    (2): Linear(in_features=84, out_features=10, bias=True)
  )
)
2018-09-19 16:02:53,573:INFO: ### Optimizer ###
Adam (
Parameter Group 0
    amsgrad: False
    betas: (0.9, 0.999)
    eps: 1e-08
    lr: 0.005
    weight_decay: 0
)
2018-09-19 16:02:53,573:INFO: ### HParams ###
n_epochs: 1 ; data: ferplus ; label: ferplus_votes ; batch_size: 24 ; lr: 0.005 ; wd: 0 ; init: kaiming_he ; eval_steps: 1190
2018-09-19 16:02:53,739:INFO: [TRAIN] Step: 0 ; Loss: 36.835 ; Acc: 8.333
2018-09-19 16:02:53,815:INFO: [TRAIN] Step: 1 ; Loss: 428.866 ; Acc: 25.000
2018-09-19 16:02:53,887:INFO: [TRAIN] Step: 2 ; Loss: 114.929 ; Acc: 26.389
2018-09-19 16:02:54,003:INFO: [TRAIN] Step: 3 ; Loss: 33.406 ; Acc: 28.125
2018-09-19 16:02:54,081:INFO: [TRAIN] Step: 4 ; Loss: 36.105 ; Acc: 25.833
2018-09-19 16:02:54,160:INFO: [TRAIN] Step: 5 ; Loss: 34.527 ; Acc: 22.222
2018-09-19 16:02:54,238:INFO: [TRAIN] Step: 6 ; Loss: 39.935 ; Acc: 22.024
2018-09-19 16:02:54,312:INFO: [TRAIN] Step: 7 ; Loss: 33.865 ; Acc: 21.354
2018-09-19 16:02:54,389:INFO: [TRAIN] Step: 8 ; Loss: 32.641 ; Acc: 20.370
2018-09-19 16:02:54,463:INFO: [TRAIN] Step: 9 ; Loss: 29.252 ; Acc: 21.667
2018-09-19 16:02:54,545:INFO: [TRAIN] Step: 10 ; Loss: 38.207 ; Acc: 22.727
2018-09-19 16:02:54,624:INFO: [TRAIN] Step: 11 ; Loss: 31.546 ; Acc: 24.306
2018-09-19 16:02:54,704:INFO: [TRAIN] Step: 12 ; Loss: 26.107 ; Acc: 25.962
2018-09-19 16:02:54,776:INFO: [TRAIN] Step: 13 ; Loss: 32.157 ; Acc: 25.595
2018-09-19 16:02:54,861:INFO: [TRAIN] Step: 14 ; Loss: 25.973 ; Acc: 27.500
2018-09-19 16:02:54,935:INFO: [TRAIN] Step: 15 ; Loss: 28.719 ; Acc: 28.385
2018-09-19 16:02:55,013:INFO: [TRAIN] Step: 16 ; Loss: 29.416 ; Acc: 28.431
2018-09-19 16:02:55,084:INFO: [TRAIN] Step: 17 ; Loss: 29.406 ; Acc: 29.398
2018-09-19 16:02:55,162:INFO: [TRAIN] Step: 18 ; Loss: 26.376 ; Acc: 30.921
2018-09-19 16:02:55,233:INFO: [TRAIN] Step: 19 ; Loss: 32.408 ; Acc: 31.250
2018-09-19 16:02:55,310:INFO: [TRAIN] Step: 20 ; Loss: 25.916 ; Acc: 31.151
2018-09-19 16:02:55,383:INFO: [TRAIN] Step: 21 ; Loss: 33.416 ; Acc: 31.439
2018-09-19 16:02:55,462:INFO: [TRAIN] Step: 22 ; Loss: 31.287 ; Acc: 30.978
2018-09-19 16:02:55,534:INFO: [TRAIN] Step: 23 ; Loss: 28.985 ; Acc: 30.382
2018-09-19 16:02:55,612:INFO: [TRAIN] Step: 24 ; Loss: 26.441 ; Acc: 31.000
2018-09-19 16:02:55,683:INFO: [TRAIN] Step: 25 ; Loss: 33.068 ; Acc: 30.929
2018-09-19 16:02:55,762:INFO: [TRAIN] Step: 26 ; Loss: 30.933 ; Acc: 30.401
2018-09-19 16:02:55,838:INFO: [TRAIN] Step: 27 ; Loss: 25.499 ; Acc: 31.399
2018-09-19 16:02:55,915:INFO: [TRAIN] Step: 28 ; Loss: 31.116 ; Acc: 31.322
2018-09-19 16:02:55,989:INFO: [TRAIN] Step: 29 ; Loss: 30.243 ; Acc: 31.111
2018-09-19 16:02:56,065:INFO: [TRAIN] Step: 30 ; Loss: 25.607 ; Acc: 31.989
2018-09-19 16:02:56,136:INFO: [TRAIN] Step: 31 ; Loss: 26.343 ; Acc: 32.292
2018-09-19 16:02:56,215:INFO: [TRAIN] Step: 32 ; Loss: 31.602 ; Acc: 32.576
2018-09-19 16:02:56,286:INFO: [TRAIN] Step: 33 ; Loss: 28.524 ; Acc: 32.843
2018-09-19 16:02:56,363:INFO: [TRAIN] Step: 34 ; Loss: 31.441 ; Acc: 32.381
2018-09-19 16:02:56,434:INFO: [TRAIN] Step: 35 ; Loss: 28.461 ; Acc: 32.755
2018-09-19 16:02:56,512:INFO: [TRAIN] Step: 36 ; Loss: 27.013 ; Acc: 32.770
2018-09-19 16:02:56,582:INFO: [TRAIN] Step: 37 ; Loss: 29.405 ; Acc: 32.675
2018-09-19 16:02:56,661:INFO: [TRAIN] Step: 38 ; Loss: 26.836 ; Acc: 32.692
2018-09-19 16:02:56,734:INFO: [TRAIN] Step: 39 ; Loss: 29.729 ; Acc: 32.708
2018-09-19 16:02:56,812:INFO: [TRAIN] Step: 40 ; Loss: 24.677 ; Acc: 33.130
2018-09-19 16:02:56,883:INFO: [TRAIN] Step: 41 ; Loss: 26.411 ; Acc: 33.234
2018-09-19 16:02:56,966:INFO: [TRAIN] Step: 42 ; Loss: 34.079 ; Acc: 32.946
2018-09-19 16:02:57,035:INFO: [TRAIN] Step: 43 ; Loss: 29.648 ; Acc: 32.860
2018-09-19 16:02:57,112:INFO: [TRAIN] Step: 44 ; Loss: 26.663 ; Acc: 32.778
2018-09-19 16:02:57,191:INFO: [TRAIN] Step: 45 ; Loss: 26.362 ; Acc: 33.333
2018-09-19 16:02:57,277:INFO: [TRAIN] Step: 46 ; Loss: 32.120 ; Acc: 33.067
2018-09-19 16:02:57,349:INFO: [TRAIN] Step: 47 ; Loss: 27.811 ; Acc: 33.420
2018-09-19 16:02:57,433:INFO: [TRAIN] Step: 48 ; Loss: 27.047 ; Acc: 33.759
2018-09-19 16:02:57,502:INFO: [TRAIN] Step: 49 ; Loss: 25.495 ; Acc: 33.917
2018-09-19 16:02:57,582:INFO: [TRAIN] Step: 50 ; Loss: 24.161 ; Acc: 33.905
2018-09-19 16:02:57,653:INFO: [TRAIN] Step: 51 ; Loss: 31.651 ; Acc: 33.894
2018-09-19 16:02:57,731:INFO: [TRAIN] Step: 52 ; Loss: 27.491 ; Acc: 34.041
2018-09-19 16:02:57,804:INFO: [TRAIN] Step: 53 ; Loss: 29.368 ; Acc: 33.951
2018-09-19 16:02:57,884:INFO: [TRAIN] Step: 54 ; Loss: 25.715 ; Acc: 34.394
2018-09-19 16:02:57,961:INFO: [TRAIN] Step: 55 ; Loss: 36.554 ; Acc: 34.152
2018-09-19 16:02:58,038:INFO: [TRAIN] Step: 56 ; Loss: 26.451 ; Acc: 34.137
2018-09-19 16:02:58,111:INFO: [TRAIN] Step: 57 ; Loss: 31.259 ; Acc: 33.836
2018-09-19 16:02:58,189:INFO: [TRAIN] Step: 58 ; Loss: 33.007 ; Acc: 33.757
2018-09-19 16:02:58,259:INFO: [TRAIN] Step: 59 ; Loss: 32.780 ; Acc: 33.403
2018-09-19 16:02:58,336:INFO: [TRAIN] Step: 60 ; Loss: 31.871 ; Acc: 33.333
2018-09-19 16:02:58,408:INFO: [TRAIN] Step: 61 ; Loss: 26.940 ; Acc: 33.401
2018-09-19 16:02:58,483:INFO: [TRAIN] Step: 62 ; Loss: 29.192 ; Acc: 33.267
2018-09-19 16:02:58,557:INFO: [TRAIN] Step: 63 ; Loss: 27.894 ; Acc: 33.333
2018-09-19 16:02:58,634:INFO: [TRAIN] Step: 64 ; Loss: 35.216 ; Acc: 33.141
2018-09-19 16:02:58,708:INFO: [TRAIN] Step: 65 ; Loss: 27.765 ; Acc: 33.460
2018-09-19 16:02:58,786:INFO: [TRAIN] Step: 66 ; Loss: 26.187 ; Acc: 33.706
2018-09-19 16:02:58,861:INFO: [TRAIN] Step: 67 ; Loss: 28.403 ; Acc: 33.640
2018-09-19 16:02:58,940:INFO: [TRAIN] Step: 68 ; Loss: 28.910 ; Acc: 33.696
2018-09-19 16:02:59,013:INFO: [TRAIN] Step: 69 ; Loss: 29.170 ; Acc: 33.750
2018-09-19 16:02:59,090:INFO: [TRAIN] Step: 70 ; Loss: 25.173 ; Acc: 34.096
2018-09-19 16:02:59,161:INFO: [TRAIN] Step: 71 ; Loss: 29.046 ; Acc: 34.201
2018-09-19 16:02:59,239:INFO: [TRAIN] Step: 72 ; Loss: 27.625 ; Acc: 34.247
2018-09-19 16:02:59,312:INFO: [TRAIN] Step: 73 ; Loss: 30.187 ; Acc: 34.516
2018-09-19 16:02:59,389:INFO: [TRAIN] Step: 74 ; Loss: 29.722 ; Acc: 34.556
2018-09-19 16:02:59,459:INFO: [TRAIN] Step: 75 ; Loss: 25.698 ; Acc: 34.814
2018-09-19 16:02:59,534:INFO: [TRAIN] Step: 76 ; Loss: 30.375 ; Acc: 34.848
2018-09-19 16:02:59,608:INFO: [TRAIN] Step: 77 ; Loss: 26.263 ; Acc: 34.989
2018-09-19 16:02:59,684:INFO: [TRAIN] Step: 78 ; Loss: 28.466 ; Acc: 35.021
2018-09-19 16:02:59,757:INFO: [TRAIN] Step: 79 ; Loss: 28.948 ; Acc: 35.104
2018-09-19 16:02:59,835:INFO: [TRAIN] Step: 80 ; Loss: 28.916 ; Acc: 35.185
2018-09-19 16:02:59,908:INFO: [TRAIN] Step: 81 ; Loss: 35.973 ; Acc: 35.061
2018-09-19 16:02:59,986:INFO: [TRAIN] Step: 82 ; Loss: 29.841 ; Acc: 35.040
2018-09-19 16:03:00,058:INFO: [TRAIN] Step: 83 ; Loss: 28.691 ; Acc: 34.970
2018-09-19 16:03:00,135:INFO: [TRAIN] Step: 84 ; Loss: 27.162 ; Acc: 35.000
2018-09-19 16:03:00,209:INFO: [TRAIN] Step: 85 ; Loss: 24.141 ; Acc: 35.078
2018-09-19 16:03:00,287:INFO: [TRAIN] Step: 86 ; Loss: 28.784 ; Acc: 35.153
2018-09-19 16:03:00,359:INFO: [TRAIN] Step: 87 ; Loss: 25.433 ; Acc: 35.227
2018-09-19 16:03:00,451:INFO: [TRAIN] Step: 88 ; Loss: 30.599 ; Acc: 35.159
2018-09-19 16:03:00,526:INFO: [TRAIN] Step: 89 ; Loss: 30.643 ; Acc: 35.231
2018-09-19 16:03:00,603:INFO: [TRAIN] Step: 90 ; Loss: 29.046 ; Acc: 35.211
2018-09-19 16:03:00,689:INFO: [TRAIN] Step: 91 ; Loss: 33.054 ; Acc: 35.190
2018-09-19 16:03:00,769:INFO: [TRAIN] Step: 92 ; Loss: 28.824 ; Acc: 35.260
2018-09-19 16:03:00,841:INFO: [TRAIN] Step: 93 ; Loss: 24.260 ; Acc: 35.239
2018-09-19 16:03:00,916:INFO: [TRAIN] Step: 94 ; Loss: 30.634 ; Acc: 35.395
2018-09-19 16:03:00,988:INFO: [TRAIN] Step: 95 ; Loss: 24.369 ; Acc: 35.460
2018-09-19 16:03:01,063:INFO: [TRAIN] Step: 96 ; Loss: 25.837 ; Acc: 35.653
2018-09-19 16:03:01,135:INFO: [TRAIN] Step: 97 ; Loss: 26.169 ; Acc: 35.672
2018-09-19 16:03:01,214:INFO: [TRAIN] Step: 98 ; Loss: 27.801 ; Acc: 35.774
2018-09-19 16:03:01,287:INFO: [TRAIN] Step: 99 ; Loss: 22.859 ; Acc: 36.042
2018-09-19 16:03:01,363:INFO: [TRAIN] Step: 100 ; Loss: 29.032 ; Acc: 35.974
2018-09-19 16:03:01,437:INFO: [TRAIN] Step: 101 ; Loss: 30.178 ; Acc: 36.070
2018-09-19 16:03:01,514:INFO: [TRAIN] Step: 102 ; Loss: 26.198 ; Acc: 36.003
2018-09-19 16:03:01,587:INFO: [TRAIN] Step: 103 ; Loss: 24.653 ; Acc: 35.978
2018-09-19 16:03:01,662:INFO: [TRAIN] Step: 104 ; Loss: 27.117 ; Acc: 36.032
2018-09-19 16:03:01,733:INFO: [TRAIN] Step: 105 ; Loss: 29.531 ; Acc: 36.164
2018-09-19 16:03:01,809:INFO: [TRAIN] Step: 106 ; Loss: 27.452 ; Acc: 36.098
2018-09-19 16:03:01,881:INFO: [TRAIN] Step: 107 ; Loss: 27.267 ; Acc: 36.073
2018-09-19 16:03:01,959:INFO: [TRAIN] Step: 108 ; Loss: 25.686 ; Acc: 36.200
2018-09-19 16:03:02,030:INFO: [TRAIN] Step: 109 ; Loss: 31.325 ; Acc: 36.288
2018-09-19 16:03:02,106:INFO: [TRAIN] Step: 110 ; Loss: 32.796 ; Acc: 36.336
2018-09-19 16:03:02,179:INFO: [TRAIN] Step: 111 ; Loss: 28.080 ; Acc: 36.384
2018-09-19 16:03:02,255:INFO: [TRAIN] Step: 112 ; Loss: 22.966 ; Acc: 36.541
2018-09-19 16:03:02,327:INFO: [TRAIN] Step: 113 ; Loss: 24.812 ; Acc: 36.623
2018-09-19 16:03:02,402:INFO: [TRAIN] Step: 114 ; Loss: 26.047 ; Acc: 36.739
2018-09-19 16:03:02,474:INFO: [TRAIN] Step: 115 ; Loss: 25.449 ; Acc: 36.782
2018-09-19 16:03:02,552:INFO: [TRAIN] Step: 116 ; Loss: 22.777 ; Acc: 37.001
2018-09-19 16:03:02,622:INFO: [TRAIN] Step: 117 ; Loss: 23.692 ; Acc: 37.076
2018-09-19 16:03:02,700:INFO: [TRAIN] Step: 118 ; Loss: 31.285 ; Acc: 37.115
2018-09-19 16:03:02,770:INFO: [TRAIN] Step: 119 ; Loss: 25.719 ; Acc: 37.153
2018-09-19 16:03:02,848:INFO: [TRAIN] Step: 120 ; Loss: 26.450 ; Acc: 37.293
2018-09-19 16:03:02,918:INFO: [TRAIN] Step: 121 ; Loss: 27.493 ; Acc: 37.295
2018-09-19 16:03:02,994:INFO: [TRAIN] Step: 122 ; Loss: 28.392 ; Acc: 37.297
2018-09-19 16:03:03,066:INFO: [TRAIN] Step: 123 ; Loss: 29.322 ; Acc: 37.298
2018-09-19 16:03:03,142:INFO: [TRAIN] Step: 124 ; Loss: 29.824 ; Acc: 37.333
2018-09-19 16:03:03,218:INFO: [TRAIN] Step: 125 ; Loss: 28.214 ; Acc: 37.467
2018-09-19 16:03:03,293:INFO: [TRAIN] Step: 126 ; Loss: 23.291 ; Acc: 37.566
2018-09-19 16:03:03,366:INFO: [TRAIN] Step: 127 ; Loss: 27.591 ; Acc: 37.533
2018-09-19 16:03:03,443:INFO: [TRAIN] Step: 128 ; Loss: 26.385 ; Acc: 37.565
2018-09-19 16:03:03,515:INFO: [TRAIN] Step: 129 ; Loss: 25.892 ; Acc: 37.596
2018-09-19 16:03:03,592:INFO: [TRAIN] Step: 130 ; Loss: 25.846 ; Acc: 37.691
2018-09-19 16:03:03,666:INFO: [TRAIN] Step: 131 ; Loss: 28.646 ; Acc: 37.658
2018-09-19 16:03:03,745:INFO: [TRAIN] Step: 132 ; Loss: 27.163 ; Acc: 37.625
2018-09-19 16:03:03,815:INFO: [TRAIN] Step: 133 ; Loss: 28.729 ; Acc: 37.593
2018-09-19 16:03:03,897:INFO: [TRAIN] Step: 134 ; Loss: 31.504 ; Acc: 37.623
2018-09-19 16:03:03,974:INFO: [TRAIN] Step: 135 ; Loss: 27.520 ; Acc: 37.653
2018-09-19 16:03:04,054:INFO: [TRAIN] Step: 136 ; Loss: 25.077 ; Acc: 37.774
2018-09-19 16:03:04,128:INFO: [TRAIN] Step: 137 ; Loss: 23.331 ; Acc: 37.802
2018-09-19 16:03:04,203:INFO: [TRAIN] Step: 138 ; Loss: 28.907 ; Acc: 37.740
2018-09-19 16:03:04,276:INFO: [TRAIN] Step: 139 ; Loss: 24.067 ; Acc: 37.798
2018-09-19 16:03:04,351:INFO: [TRAIN] Step: 140 ; Loss: 27.981 ; Acc: 37.796
2018-09-19 16:03:04,423:INFO: [TRAIN] Step: 141 ; Loss: 27.024 ; Acc: 37.823
2018-09-19 16:03:04,499:INFO: [TRAIN] Step: 142 ; Loss: 29.265 ; Acc: 37.791
2018-09-19 16:03:04,569:INFO: [TRAIN] Step: 143 ; Loss: 25.961 ; Acc: 37.789
2018-09-19 16:03:04,647:INFO: [TRAIN] Step: 144 ; Loss: 25.304 ; Acc: 37.759
2018-09-19 16:03:04,717:INFO: [TRAIN] Step: 145 ; Loss: 24.990 ; Acc: 37.842
2018-09-19 16:03:04,796:INFO: [TRAIN] Step: 146 ; Loss: 23.051 ; Acc: 37.982
2018-09-19 16:03:04,867:INFO: [TRAIN] Step: 147 ; Loss: 28.783 ; Acc: 38.091
2018-09-19 16:03:04,942:INFO: [TRAIN] Step: 148 ; Loss: 28.550 ; Acc: 38.143
2018-09-19 16:03:05,014:INFO: [TRAIN] Step: 149 ; Loss: 26.975 ; Acc: 38.083
2018-09-19 16:03:05,090:INFO: [TRAIN] Step: 150 ; Loss: 33.698 ; Acc: 38.135
2018-09-19 16:03:05,160:INFO: [TRAIN] Step: 151 ; Loss: 24.309 ; Acc: 38.158
2018-09-19 16:03:05,236:INFO: [TRAIN] Step: 152 ; Loss: 28.646 ; Acc: 38.099
2018-09-19 16:03:05,308:INFO: [TRAIN] Step: 153 ; Loss: 31.581 ; Acc: 38.095
2018-09-19 16:03:05,386:INFO: [TRAIN] Step: 154 ; Loss: 23.884 ; Acc: 38.199
2018-09-19 16:03:05,458:INFO: [TRAIN] Step: 155 ; Loss: 30.416 ; Acc: 38.114
2018-09-19 16:03:05,534:INFO: [TRAIN] Step: 156 ; Loss: 28.748 ; Acc: 38.137
2018-09-19 16:03:05,607:INFO: [TRAIN] Step: 157 ; Loss: 21.957 ; Acc: 38.186
2018-09-19 16:03:05,683:INFO: [TRAIN] Step: 158 ; Loss: 22.442 ; Acc: 38.286
2018-09-19 16:03:05,760:INFO: [TRAIN] Step: 159 ; Loss: 23.146 ; Acc: 38.385
2018-09-19 16:03:05,837:INFO: [TRAIN] Step: 160 ; Loss: 27.791 ; Acc: 38.406
2018-09-19 16:03:05,908:INFO: [TRAIN] Step: 161 ; Loss: 33.269 ; Acc: 38.297
2018-09-19 16:03:05,985:INFO: [TRAIN] Step: 162 ; Loss: 30.266 ; Acc: 38.241
2018-09-19 16:03:06,056:INFO: [TRAIN] Step: 163 ; Loss: 25.136 ; Acc: 38.338
2018-09-19 16:03:06,135:INFO: [TRAIN] Step: 164 ; Loss: 29.359 ; Acc: 38.232
2018-09-19 16:03:06,210:INFO: [TRAIN] Step: 165 ; Loss: 29.828 ; Acc: 38.203
2018-09-19 16:03:06,286:INFO: [TRAIN] Step: 166 ; Loss: 24.637 ; Acc: 38.224
2018-09-19 16:03:06,357:INFO: [TRAIN] Step: 167 ; Loss: 26.972 ; Acc: 38.269
2018-09-19 16:03:06,434:INFO: [TRAIN] Step: 168 ; Loss: 25.373 ; Acc: 38.314
2018-09-19 16:03:06,506:INFO: [TRAIN] Step: 169 ; Loss: 24.432 ; Acc: 38.431
2018-09-19 16:03:06,584:INFO: [TRAIN] Step: 170 ; Loss: 26.034 ; Acc: 38.426
2018-09-19 16:03:06,655:INFO: [TRAIN] Step: 171 ; Loss: 21.726 ; Acc: 38.445
2018-09-19 16:03:06,732:INFO: [TRAIN] Step: 172 ; Loss: 24.586 ; Acc: 38.487
2018-09-19 16:03:06,804:INFO: [TRAIN] Step: 173 ; Loss: 24.758 ; Acc: 38.506
2018-09-19 16:03:06,882:INFO: [TRAIN] Step: 174 ; Loss: 28.472 ; Acc: 38.452
2018-09-19 16:03:06,960:INFO: [TRAIN] Step: 175 ; Loss: 27.386 ; Acc: 38.542
2018-09-19 16:03:07,037:INFO: [TRAIN] Step: 176 ; Loss: 26.179 ; Acc: 38.630
2018-09-19 16:03:07,108:INFO: [TRAIN] Step: 177 ; Loss: 23.059 ; Acc: 38.741
2018-09-19 16:03:07,186:INFO: [TRAIN] Step: 178 ; Loss: 19.394 ; Acc: 38.920
2018-09-19 16:03:07,264:INFO: [TRAIN] Step: 179 ; Loss: 27.385 ; Acc: 38.935
2018-09-19 16:03:07,369:INFO: [TRAIN] Step: 180 ; Loss: 25.257 ; Acc: 38.950
2018-09-19 16:03:07,480:INFO: [TRAIN] Step: 181 ; Loss: 25.104 ; Acc: 38.988
2018-09-19 16:03:07,596:INFO: [TRAIN] Step: 182 ; Loss: 25.247 ; Acc: 39.003
2018-09-19 16:03:07,676:INFO: [TRAIN] Step: 183 ; Loss: 30.870 ; Acc: 39.062
2018-09-19 16:03:07,753:INFO: [TRAIN] Step: 184 ; Loss: 22.168 ; Acc: 39.167
2018-09-19 16:03:07,829:INFO: [TRAIN] Step: 185 ; Loss: 22.085 ; Acc: 39.247
2018-09-19 16:03:07,906:INFO: [TRAIN] Step: 186 ; Loss: 27.371 ; Acc: 39.260
2018-09-19 16:03:07,988:INFO: [TRAIN] Step: 187 ; Loss: 26.873 ; Acc: 39.362
2018-09-19 16:03:08,104:INFO: [TRAIN] Step: 188 ; Loss: 23.453 ; Acc: 39.374
2018-09-19 16:03:08,200:INFO: [TRAIN] Step: 189 ; Loss: 27.667 ; Acc: 39.364
2018-09-19 16:03:08,276:INFO: [TRAIN] Step: 190 ; Loss: 20.222 ; Acc: 39.507
2018-09-19 16:03:08,347:INFO: [TRAIN] Step: 191 ; Loss: 26.680 ; Acc: 39.540
2018-09-19 16:03:08,423:INFO: [TRAIN] Step: 192 ; Loss: 32.918 ; Acc: 39.486
2018-09-19 16:03:08,496:INFO: [TRAIN] Step: 193 ; Loss: 26.137 ; Acc: 39.497
2018-09-19 16:03:08,582:INFO: [TRAIN] Step: 194 ; Loss: 24.190 ; Acc: 39.573
2018-09-19 16:03:08,666:INFO: [TRAIN] Step: 195 ; Loss: 23.490 ; Acc: 39.626
2018-09-19 16:03:08,757:INFO: [TRAIN] Step: 196 ; Loss: 26.458 ; Acc: 39.679
2018-09-19 16:03:08,856:INFO: [TRAIN] Step: 197 ; Loss: 26.547 ; Acc: 39.710
2018-09-19 16:03:08,958:INFO: [TRAIN] Step: 198 ; Loss: 28.598 ; Acc: 39.698
2018-09-19 16:03:09,034:INFO: [TRAIN] Step: 199 ; Loss: 25.005 ; Acc: 39.771
2018-09-19 16:03:09,115:INFO: [TRAIN] Step: 200 ; Loss: 23.936 ; Acc: 39.842
2018-09-19 16:03:09,191:INFO: [TRAIN] Step: 201 ; Loss: 26.192 ; Acc: 39.872
2018-09-19 16:03:09,268:INFO: [TRAIN] Step: 202 ; Loss: 24.645 ; Acc: 39.922
2018-09-19 16:03:09,339:INFO: [TRAIN] Step: 203 ; Loss: 21.867 ; Acc: 40.033
2018-09-19 16:03:09,428:INFO: [TRAIN] Step: 204 ; Loss: 25.060 ; Acc: 40.041
2018-09-19 16:03:09,498:INFO: [TRAIN] Step: 205 ; Loss: 22.846 ; Acc: 40.049
2018-09-19 16:03:09,584:INFO: [TRAIN] Step: 206 ; Loss: 25.179 ; Acc: 39.956
2018-09-19 16:03:09,664:INFO: [TRAIN] Step: 207 ; Loss: 26.812 ; Acc: 40.004
2018-09-19 16:03:09,744:INFO: [TRAIN] Step: 208 ; Loss: 24.919 ; Acc: 40.052
2018-09-19 16:03:09,817:INFO: [TRAIN] Step: 209 ; Loss: 27.949 ; Acc: 40.020
2018-09-19 16:03:09,892:INFO: [TRAIN] Step: 210 ; Loss: 27.738 ; Acc: 40.047
2018-09-19 16:03:09,964:INFO: [TRAIN] Step: 211 ; Loss: 22.827 ; Acc: 40.134
2018-09-19 16:03:10,043:INFO: [TRAIN] Step: 212 ; Loss: 21.393 ; Acc: 40.278
2018-09-19 16:03:10,120:INFO: [TRAIN] Step: 213 ; Loss: 28.805 ; Acc: 40.284
2018-09-19 16:03:10,202:INFO: [TRAIN] Step: 214 ; Loss: 25.083 ; Acc: 40.252
2018-09-19 16:03:10,276:INFO: [TRAIN] Step: 215 ; Loss: 26.309 ; Acc: 40.297
2018-09-19 16:03:10,352:INFO: [TRAIN] Step: 216 ; Loss: 25.409 ; Acc: 40.342
2018-09-19 16:03:10,422:INFO: [TRAIN] Step: 217 ; Loss: 29.430 ; Acc: 40.386
2018-09-19 16:03:10,499:INFO: [TRAIN] Step: 218 ; Loss: 20.332 ; Acc: 40.487
2018-09-19 16:03:10,570:INFO: [TRAIN] Step: 219 ; Loss: 29.495 ; Acc: 40.473
2018-09-19 16:03:10,649:INFO: [TRAIN] Step: 220 ; Loss: 29.276 ; Acc: 40.441
2018-09-19 16:03:10,721:INFO: [TRAIN] Step: 221 ; Loss: 26.777 ; Acc: 40.390
2018-09-19 16:03:10,815:INFO: [TRAIN] Step: 222 ; Loss: 25.287 ; Acc: 40.415
2018-09-19 16:03:10,930:INFO: [TRAIN] Step: 223 ; Loss: 23.057 ; Acc: 40.513
2018-09-19 16:03:11,045:INFO: [TRAIN] Step: 224 ; Loss: 25.905 ; Acc: 40.537
2018-09-19 16:03:11,124:INFO: [TRAIN] Step: 225 ; Loss: 24.302 ; Acc: 40.579
2018-09-19 16:03:11,199:INFO: [TRAIN] Step: 226 ; Loss: 26.115 ; Acc: 40.584
2018-09-19 16:03:11,269:INFO: [TRAIN] Step: 227 ; Loss: 26.730 ; Acc: 40.607
2018-09-19 16:03:11,352:INFO: [TRAIN] Step: 228 ; Loss: 26.218 ; Acc: 40.593
2018-09-19 16:03:11,428:INFO: [TRAIN] Step: 229 ; Loss: 25.516 ; Acc: 40.652
2018-09-19 16:03:11,505:INFO: [TRAIN] Step: 230 ; Loss: 23.395 ; Acc: 40.711
2018-09-19 16:03:11,578:INFO: [TRAIN] Step: 231 ; Loss: 23.008 ; Acc: 40.733
2018-09-19 16:03:11,669:INFO: [TRAIN] Step: 232 ; Loss: 23.204 ; Acc: 40.790
2018-09-19 16:03:11,757:INFO: [TRAIN] Step: 233 ; Loss: 22.728 ; Acc: 40.865
2018-09-19 16:03:11,848:INFO: [TRAIN] Step: 234 ; Loss: 27.530 ; Acc: 40.957
2018-09-19 16:03:11,921:INFO: [TRAIN] Step: 235 ; Loss: 22.551 ; Acc: 40.996
2018-09-19 16:03:11,997:INFO: [TRAIN] Step: 236 ; Loss: 29.196 ; Acc: 40.999
2018-09-19 16:03:12,070:INFO: [TRAIN] Step: 237 ; Loss: 22.187 ; Acc: 41.089
2018-09-19 16:03:12,146:INFO: [TRAIN] Step: 238 ; Loss: 22.667 ; Acc: 41.196
2018-09-19 16:03:12,218:INFO: [TRAIN] Step: 239 ; Loss: 26.813 ; Acc: 41.250
2018-09-19 16:03:12,296:INFO: [TRAIN] Step: 240 ; Loss: 22.259 ; Acc: 41.321
2018-09-19 16:03:12,370:INFO: [TRAIN] Step: 241 ; Loss: 26.626 ; Acc: 41.271
2018-09-19 16:03:12,446:INFO: [TRAIN] Step: 242 ; Loss: 31.262 ; Acc: 41.221
2018-09-19 16:03:12,518:INFO: [TRAIN] Step: 243 ; Loss: 21.644 ; Acc: 41.291
2018-09-19 16:03:12,597:INFO: [TRAIN] Step: 244 ; Loss: 23.706 ; Acc: 41.378
2018-09-19 16:03:12,669:INFO: [TRAIN] Step: 245 ; Loss: 24.458 ; Acc: 41.430
2018-09-19 16:03:12,746:INFO: [TRAIN] Step: 246 ; Loss: 23.136 ; Acc: 41.498
2018-09-19 16:03:12,822:INFO: [TRAIN] Step: 247 ; Loss: 28.276 ; Acc: 41.515
2018-09-19 16:03:12,898:INFO: [TRAIN] Step: 248 ; Loss: 26.139 ; Acc: 41.466
2018-09-19 16:03:12,973:INFO: [TRAIN] Step: 249 ; Loss: 21.705 ; Acc: 41.533
2018-09-19 16:03:13,047:INFO: [TRAIN] Step: 250 ; Loss: 25.944 ; Acc: 41.584
2018-09-19 16:03:13,122:INFO: [TRAIN] Step: 251 ; Loss: 27.299 ; Acc: 41.601
2018-09-19 16:03:13,198:INFO: [TRAIN] Step: 252 ; Loss: 23.930 ; Acc: 41.634
2018-09-19 16:03:13,268:INFO: [TRAIN] Step: 253 ; Loss: 26.863 ; Acc: 41.601
2018-09-19 16:03:13,344:INFO: [TRAIN] Step: 254 ; Loss: 26.790 ; Acc: 41.618
2018-09-19 16:03:13,414:INFO: [TRAIN] Step: 255 ; Loss: 23.167 ; Acc: 41.683
2018-09-19 16:03:13,490:INFO: [TRAIN] Step: 256 ; Loss: 28.235 ; Acc: 41.732
2018-09-19 16:03:13,563:INFO: [TRAIN] Step: 257 ; Loss: 22.303 ; Acc: 41.747
2018-09-19 16:03:13,641:INFO: [TRAIN] Step: 258 ; Loss: 29.123 ; Acc: 41.747
2018-09-19 16:03:13,714:INFO: [TRAIN] Step: 259 ; Loss: 23.284 ; Acc: 41.747
2018-09-19 16:03:13,793:INFO: [TRAIN] Step: 260 ; Loss: 22.814 ; Acc: 41.778
2018-09-19 16:03:13,867:INFO: [TRAIN] Step: 261 ; Loss: 23.565 ; Acc: 41.794
2018-09-19 16:03:13,945:INFO: [TRAIN] Step: 262 ; Loss: 23.795 ; Acc: 41.825
2018-09-19 16:03:14,018:INFO: [TRAIN] Step: 263 ; Loss: 20.669 ; Acc: 41.903
2018-09-19 16:03:14,095:INFO: [TRAIN] Step: 264 ; Loss: 26.630 ; Acc: 41.965
2018-09-19 16:03:14,169:INFO: [TRAIN] Step: 265 ; Loss: 22.927 ; Acc: 41.964
2018-09-19 16:03:14,247:INFO: [TRAIN] Step: 266 ; Loss: 25.461 ; Acc: 42.026
2018-09-19 16:03:14,318:INFO: [TRAIN] Step: 267 ; Loss: 29.232 ; Acc: 42.024
2018-09-19 16:03:14,395:INFO: [TRAIN] Step: 268 ; Loss: 20.053 ; Acc: 42.069
2018-09-19 16:03:14,468:INFO: [TRAIN] Step: 269 ; Loss: 27.376 ; Acc: 42.099
2018-09-19 16:03:14,547:INFO: [TRAIN] Step: 270 ; Loss: 28.190 ; Acc: 42.066
2018-09-19 16:03:14,619:INFO: [TRAIN] Step: 271 ; Loss: 30.214 ; Acc: 42.065
2018-09-19 16:03:14,696:INFO: [TRAIN] Step: 272 ; Loss: 25.753 ; Acc: 42.063
2018-09-19 16:03:14,768:INFO: [TRAIN] Step: 273 ; Loss: 19.968 ; Acc: 42.168
2018-09-19 16:03:14,843:INFO: [TRAIN] Step: 274 ; Loss: 27.748 ; Acc: 42.152
2018-09-19 16:03:14,915:INFO: [TRAIN] Step: 275 ; Loss: 22.696 ; Acc: 42.180
2018-09-19 16:03:14,990:INFO: [TRAIN] Step: 276 ; Loss: 24.438 ; Acc: 42.178
2018-09-19 16:03:15,066:INFO: [TRAIN] Step: 277 ; Loss: 21.521 ; Acc: 42.266
2018-09-19 16:03:15,140:INFO: [TRAIN] Step: 278 ; Loss: 21.996 ; Acc: 42.309
2018-09-19 16:03:15,210:INFO: [TRAIN] Step: 279 ; Loss: 24.086 ; Acc: 42.366
2018-09-19 16:03:15,287:INFO: [TRAIN] Step: 280 ; Loss: 25.635 ; Acc: 42.378
2018-09-19 16:03:15,357:INFO: [TRAIN] Step: 281 ; Loss: 29.741 ; Acc: 42.376
2018-09-19 16:03:15,433:INFO: [TRAIN] Step: 282 ; Loss: 25.103 ; Acc: 42.388
2018-09-19 16:03:15,503:INFO: [TRAIN] Step: 283 ; Loss: 31.095 ; Acc: 42.356
2018-09-19 16:03:15,578:INFO: [TRAIN] Step: 284 ; Loss: 23.480 ; Acc: 42.368
2018-09-19 16:03:15,651:INFO: [TRAIN] Step: 285 ; Loss: 27.067 ; Acc: 42.337
2018-09-19 16:03:15,728:INFO: [TRAIN] Step: 286 ; Loss: 24.495 ; Acc: 42.422
2018-09-19 16:03:15,803:INFO: [TRAIN] Step: 287 ; Loss: 25.497 ; Acc: 42.433
2018-09-19 16:03:15,879:INFO: [TRAIN] Step: 288 ; Loss: 25.413 ; Acc: 42.445
2018-09-19 16:03:15,950:INFO: [TRAIN] Step: 289 ; Loss: 24.121 ; Acc: 42.471
2018-09-19 16:03:16,027:INFO: [TRAIN] Step: 290 ; Loss: 23.459 ; Acc: 42.526
2018-09-19 16:03:16,103:INFO: [TRAIN] Step: 291 ; Loss: 25.732 ; Acc: 42.551
2018-09-19 16:03:16,181:INFO: [TRAIN] Step: 292 ; Loss: 22.362 ; Acc: 42.591
2018-09-19 16:03:16,252:INFO: [TRAIN] Step: 293 ; Loss: 24.380 ; Acc: 42.588
2018-09-19 16:03:16,329:INFO: [TRAIN] Step: 294 ; Loss: 25.132 ; Acc: 42.585
2018-09-19 16:03:16,400:INFO: [TRAIN] Step: 295 ; Loss: 23.683 ; Acc: 42.610
2018-09-19 16:03:16,475:INFO: [TRAIN] Step: 296 ; Loss: 24.355 ; Acc: 42.663
2018-09-19 16:03:16,548:INFO: [TRAIN] Step: 297 ; Loss: 24.942 ; Acc: 42.701
2018-09-19 16:03:16,625:INFO: [TRAIN] Step: 298 ; Loss: 20.514 ; Acc: 42.726
2018-09-19 16:03:16,696:INFO: [TRAIN] Step: 299 ; Loss: 28.909 ; Acc: 42.722
2018-09-19 16:03:16,772:INFO: [TRAIN] Step: 300 ; Loss: 27.365 ; Acc: 42.733
2018-09-19 16:03:16,847:INFO: [TRAIN] Step: 301 ; Loss: 22.853 ; Acc: 42.798
2018-09-19 16:03:16,929:INFO: [TRAIN] Step: 302 ; Loss: 25.745 ; Acc: 42.836
2018-09-19 16:03:17,007:INFO: [TRAIN] Step: 303 ; Loss: 24.018 ; Acc: 42.845
2018-09-19 16:03:17,082:INFO: [TRAIN] Step: 304 ; Loss: 25.508 ; Acc: 42.855
2018-09-19 16:03:17,154:INFO: [TRAIN] Step: 305 ; Loss: 22.786 ; Acc: 42.879
2018-09-19 16:03:17,230:INFO: [TRAIN] Step: 306 ; Loss: 24.831 ; Acc: 42.915
2018-09-19 16:03:17,301:INFO: [TRAIN] Step: 307 ; Loss: 24.353 ; Acc: 42.925
2018-09-19 16:03:17,380:INFO: [TRAIN] Step: 308 ; Loss: 26.447 ; Acc: 42.907
2018-09-19 16:03:17,450:INFO: [TRAIN] Step: 309 ; Loss: 18.131 ; Acc: 42.930
2018-09-19 16:03:17,531:INFO: [TRAIN] Step: 310 ; Loss: 25.254 ; Acc: 42.966
2018-09-19 16:03:17,607:INFO: [TRAIN] Step: 311 ; Loss: 27.983 ; Acc: 42.949
2018-09-19 16:03:17,681:INFO: [TRAIN] Step: 312 ; Loss: 18.031 ; Acc: 43.011
2018-09-19 16:03:17,753:INFO: [TRAIN] Step: 313 ; Loss: 22.411 ; Acc: 43.047
2018-09-19 16:03:17,830:INFO: [TRAIN] Step: 314 ; Loss: 28.490 ; Acc: 43.082
2018-09-19 16:03:17,904:INFO: [TRAIN] Step: 315 ; Loss: 25.117 ; Acc: 43.091
2018-09-19 16:03:17,979:INFO: [TRAIN] Step: 316 ; Loss: 25.742 ; Acc: 43.086
2018-09-19 16:03:18,050:INFO: [TRAIN] Step: 317 ; Loss: 21.326 ; Acc: 43.160
2018-09-19 16:03:18,130:INFO: [TRAIN] Step: 318 ; Loss: 26.656 ; Acc: 43.195
2018-09-19 16:03:18,201:INFO: [TRAIN] Step: 319 ; Loss: 21.261 ; Acc: 43.242
2018-09-19 16:03:18,278:INFO: [TRAIN] Step: 320 ; Loss: 26.523 ; Acc: 43.250
2018-09-19 16:03:18,348:INFO: [TRAIN] Step: 321 ; Loss: 25.222 ; Acc: 43.310
2018-09-19 16:03:18,424:INFO: [TRAIN] Step: 322 ; Loss: 30.742 ; Acc: 43.266
2018-09-19 16:03:18,496:INFO: [TRAIN] Step: 323 ; Loss: 29.051 ; Acc: 43.300
2018-09-19 16:03:18,572:INFO: [TRAIN] Step: 324 ; Loss: 22.689 ; Acc: 43.295
2018-09-19 16:03:18,643:INFO: [TRAIN] Step: 325 ; Loss: 18.031 ; Acc: 43.392
2018-09-19 16:03:18,722:INFO: [TRAIN] Step: 326 ; Loss: 25.495 ; Acc: 43.438
2018-09-19 16:03:18,793:INFO: [TRAIN] Step: 327 ; Loss: 28.717 ; Acc: 43.420
2018-09-19 16:03:18,870:INFO: [TRAIN] Step: 328 ; Loss: 27.723 ; Acc: 43.414
2018-09-19 16:03:18,943:INFO: [TRAIN] Step: 329 ; Loss: 22.264 ; Acc: 43.472
2018-09-19 16:03:19,020:INFO: [TRAIN] Step: 330 ; Loss: 21.089 ; Acc: 43.467
2018-09-19 16:03:19,094:INFO: [TRAIN] Step: 331 ; Loss: 24.046 ; Acc: 43.461
2018-09-19 16:03:19,171:INFO: [TRAIN] Step: 332 ; Loss: 22.954 ; Acc: 43.493
2018-09-19 16:03:19,243:INFO: [TRAIN] Step: 333 ; Loss: 22.167 ; Acc: 43.550
2018-09-19 16:03:19,320:INFO: [TRAIN] Step: 334 ; Loss: 19.130 ; Acc: 43.595
2018-09-19 16:03:19,398:INFO: [TRAIN] Step: 335 ; Loss: 20.884 ; Acc: 43.638
2018-09-19 16:03:19,476:INFO: [TRAIN] Step: 336 ; Loss: 26.783 ; Acc: 43.645
2018-09-19 16:03:19,545:INFO: [TRAIN] Step: 337 ; Loss: 17.780 ; Acc: 43.713
2018-09-19 16:03:19,623:INFO: [TRAIN] Step: 338 ; Loss: 21.611 ; Acc: 43.768
2018-09-19 16:03:19,694:INFO: [TRAIN] Step: 339 ; Loss: 25.372 ; Acc: 43.799
2018-09-19 16:03:19,770:INFO: [TRAIN] Step: 340 ; Loss: 26.658 ; Acc: 43.793
2018-09-19 16:03:19,843:INFO: [TRAIN] Step: 341 ; Loss: 21.714 ; Acc: 43.835
2018-09-19 16:03:19,921:INFO: [TRAIN] Step: 342 ; Loss: 24.436 ; Acc: 43.829
2018-09-19 16:03:19,994:INFO: [TRAIN] Step: 343 ; Loss: 22.883 ; Acc: 43.823
2018-09-19 16:03:20,071:INFO: [TRAIN] Step: 344 ; Loss: 18.821 ; Acc: 43.853
2018-09-19 16:03:20,144:INFO: [TRAIN] Step: 345 ; Loss: 21.718 ; Acc: 43.882
2018-09-19 16:03:20,220:INFO: [TRAIN] Step: 346 ; Loss: 27.880 ; Acc: 43.852
2018-09-19 16:03:20,291:INFO: [TRAIN] Step: 347 ; Loss: 22.824 ; Acc: 43.882
2018-09-19 16:03:20,367:INFO: [TRAIN] Step: 348 ; Loss: 26.729 ; Acc: 43.911
2018-09-19 16:03:20,440:INFO: [TRAIN] Step: 349 ; Loss: 21.304 ; Acc: 43.929
2018-09-19 16:03:20,515:INFO: [TRAIN] Step: 350 ; Loss: 21.958 ; Acc: 43.934
2018-09-19 16:03:20,587:INFO: [TRAIN] Step: 351 ; Loss: 26.101 ; Acc: 43.963
2018-09-19 16:03:20,670:INFO: [TRAIN] Step: 352 ; Loss: 24.148 ; Acc: 44.004
2018-09-19 16:03:20,744:INFO: [TRAIN] Step: 353 ; Loss: 27.842 ; Acc: 43.962
2018-09-19 16:03:20,824:INFO: [TRAIN] Step: 354 ; Loss: 25.632 ; Acc: 43.991
2018-09-19 16:03:20,896:INFO: [TRAIN] Step: 355 ; Loss: 30.319 ; Acc: 44.019
2018-09-19 16:03:20,974:INFO: [TRAIN] Step: 356 ; Loss: 21.530 ; Acc: 44.059
2018-09-19 16:03:21,046:INFO: [TRAIN] Step: 357 ; Loss: 20.615 ; Acc: 44.134
2018-09-19 16:03:21,124:INFO: [TRAIN] Step: 358 ; Loss: 29.114 ; Acc: 44.162
2018-09-19 16:03:21,199:INFO: [TRAIN] Step: 359 ; Loss: 24.167 ; Acc: 44.225
2018-09-19 16:03:21,276:INFO: [TRAIN] Step: 360 ; Loss: 25.885 ; Acc: 44.217
2018-09-19 16:03:21,346:INFO: [TRAIN] Step: 361 ; Loss: 30.309 ; Acc: 44.210
2018-09-19 16:03:21,421:INFO: [TRAIN] Step: 362 ; Loss: 21.792 ; Acc: 44.238
2018-09-19 16:03:21,494:INFO: [TRAIN] Step: 363 ; Loss: 21.464 ; Acc: 44.288
2018-09-19 16:03:21,569:INFO: [TRAIN] Step: 364 ; Loss: 24.874 ; Acc: 44.269
2018-09-19 16:03:21,642:INFO: [TRAIN] Step: 365 ; Loss: 22.778 ; Acc: 44.296
2018-09-19 16:03:21,718:INFO: [TRAIN] Step: 366 ; Loss: 20.097 ; Acc: 44.323
2018-09-19 16:03:21,788:INFO: [TRAIN] Step: 367 ; Loss: 20.125 ; Acc: 44.384
2018-09-19 16:03:21,865:INFO: [TRAIN] Step: 368 ; Loss: 25.204 ; Acc: 44.411
2018-09-19 16:03:21,936:INFO: [TRAIN] Step: 369 ; Loss: 17.818 ; Acc: 44.482
2018-09-19 16:03:22,013:INFO: [TRAIN] Step: 370 ; Loss: 22.424 ; Acc: 44.497
2018-09-19 16:03:22,083:INFO: [TRAIN] Step: 371 ; Loss: 26.928 ; Acc: 44.500
2018-09-19 16:03:22,157:INFO: [TRAIN] Step: 372 ; Loss: 25.951 ; Acc: 44.504
2018-09-19 16:03:22,229:INFO: [TRAIN] Step: 373 ; Loss: 28.940 ; Acc: 44.474
2018-09-19 16:03:22,306:INFO: [TRAIN] Step: 374 ; Loss: 30.079 ; Acc: 44.478
2018-09-19 16:03:22,377:INFO: [TRAIN] Step: 375 ; Loss: 28.904 ; Acc: 44.481
2018-09-19 16:03:22,452:INFO: [TRAIN] Step: 376 ; Loss: 22.035 ; Acc: 44.496
2018-09-19 16:03:22,523:INFO: [TRAIN] Step: 377 ; Loss: 23.648 ; Acc: 44.489
2018-09-19 16:03:22,601:INFO: [TRAIN] Step: 378 ; Loss: 26.810 ; Acc: 44.481
2018-09-19 16:03:22,672:INFO: [TRAIN] Step: 379 ; Loss: 24.861 ; Acc: 44.496
2018-09-19 16:03:22,750:INFO: [TRAIN] Step: 380 ; Loss: 27.781 ; Acc: 44.488
2018-09-19 16:03:22,822:INFO: [TRAIN] Step: 381 ; Loss: 30.514 ; Acc: 44.459
2018-09-19 16:03:22,901:INFO: [TRAIN] Step: 382 ; Loss: 28.315 ; Acc: 44.452
2018-09-19 16:03:22,971:INFO: [TRAIN] Step: 383 ; Loss: 24.140 ; Acc: 44.466
2018-09-19 16:03:23,048:INFO: [TRAIN] Step: 384 ; Loss: 27.708 ; Acc: 44.481
2018-09-19 16:03:23,121:INFO: [TRAIN] Step: 385 ; Loss: 23.320 ; Acc: 44.516
2018-09-19 16:03:23,197:INFO: [TRAIN] Step: 386 ; Loss: 23.841 ; Acc: 44.509
2018-09-19 16:03:23,271:INFO: [TRAIN] Step: 387 ; Loss: 27.725 ; Acc: 44.512
2018-09-19 16:03:23,347:INFO: [TRAIN] Step: 388 ; Loss: 20.805 ; Acc: 44.548
2018-09-19 16:03:23,418:INFO: [TRAIN] Step: 389 ; Loss: 31.808 ; Acc: 44.541
2018-09-19 16:03:23,495:INFO: [TRAIN] Step: 390 ; Loss: 24.197 ; Acc: 44.533
2018-09-19 16:03:23,567:INFO: [TRAIN] Step: 391 ; Loss: 20.449 ; Acc: 44.579
2018-09-19 16:03:23,643:INFO: [TRAIN] Step: 392 ; Loss: 19.092 ; Acc: 44.593
2018-09-19 16:03:23,715:INFO: [TRAIN] Step: 393 ; Loss: 26.318 ; Acc: 44.575
2018-09-19 16:03:23,791:INFO: [TRAIN] Step: 394 ; Loss: 20.804 ; Acc: 44.620
2018-09-19 16:03:23,864:INFO: [TRAIN] Step: 395 ; Loss: 20.860 ; Acc: 44.644
2018-09-19 16:03:23,939:INFO: [TRAIN] Step: 396 ; Loss: 29.475 ; Acc: 44.626
2018-09-19 16:03:24,009:INFO: [TRAIN] Step: 397 ; Loss: 24.929 ; Acc: 44.650
2018-09-19 16:03:24,090:INFO: [TRAIN] Step: 398 ; Loss: 24.884 ; Acc: 44.695
2018-09-19 16:03:24,163:INFO: [TRAIN] Step: 399 ; Loss: 28.225 ; Acc: 44.698
2018-09-19 16:03:24,239:INFO: [TRAIN] Step: 400 ; Loss: 22.672 ; Acc: 44.732
2018-09-19 16:03:24,311:INFO: [TRAIN] Step: 401 ; Loss: 26.426 ; Acc: 44.724
2018-09-19 16:03:24,388:INFO: [TRAIN] Step: 402 ; Loss: 27.669 ; Acc: 44.717
2018-09-19 16:03:24,463:INFO: [TRAIN] Step: 403 ; Loss: 24.885 ; Acc: 44.740
2018-09-19 16:03:24,539:INFO: [TRAIN] Step: 404 ; Loss: 25.692 ; Acc: 44.753
2018-09-19 16:03:24,610:INFO: [TRAIN] Step: 405 ; Loss: 19.843 ; Acc: 44.766
2018-09-19 16:03:24,688:INFO: [TRAIN] Step: 406 ; Loss: 21.228 ; Acc: 44.820
2018-09-19 16:03:24,762:INFO: [TRAIN] Step: 407 ; Loss: 29.086 ; Acc: 44.822
2018-09-19 16:03:24,840:INFO: [TRAIN] Step: 408 ; Loss: 21.493 ; Acc: 44.876
2018-09-19 16:03:24,916:INFO: [TRAIN] Step: 409 ; Loss: 22.857 ; Acc: 44.888
2018-09-19 16:03:24,993:INFO: [TRAIN] Step: 410 ; Loss: 25.554 ; Acc: 44.921
2018-09-19 16:03:25,064:INFO: [TRAIN] Step: 411 ; Loss: 29.050 ; Acc: 44.893
2018-09-19 16:03:25,141:INFO: [TRAIN] Step: 412 ; Loss: 22.681 ; Acc: 44.885
2018-09-19 16:03:25,212:INFO: [TRAIN] Step: 413 ; Loss: 18.172 ; Acc: 44.907
2018-09-19 16:03:25,289:INFO: [TRAIN] Step: 414 ; Loss: 25.068 ; Acc: 44.930
2018-09-19 16:03:25,360:INFO: [TRAIN] Step: 415 ; Loss: 25.792 ; Acc: 44.922
2018-09-19 16:03:25,436:INFO: [TRAIN] Step: 416 ; Loss: 22.007 ; Acc: 44.964
2018-09-19 16:03:25,509:INFO: [TRAIN] Step: 417 ; Loss: 25.535 ; Acc: 44.986
2018-09-19 16:03:25,587:INFO: [TRAIN] Step: 418 ; Loss: 26.239 ; Acc: 45.018
2018-09-19 16:03:25,664:INFO: [TRAIN] Step: 419 ; Loss: 23.512 ; Acc: 45.030
2018-09-19 16:03:25,746:INFO: [TRAIN] Step: 420 ; Loss: 21.494 ; Acc: 45.051
2018-09-19 16:03:25,824:INFO: [TRAIN] Step: 421 ; Loss: 24.341 ; Acc: 45.063
2018-09-19 16:03:25,905:INFO: [TRAIN] Step: 422 ; Loss: 26.685 ; Acc: 45.055
2018-09-19 16:03:25,981:INFO: [TRAIN] Step: 423 ; Loss: 26.987 ; Acc: 45.047
2018-09-19 16:03:26,064:INFO: [TRAIN] Step: 424 ; Loss: 28.320 ; Acc: 45.029
2018-09-19 16:03:26,139:INFO: [TRAIN] Step: 425 ; Loss: 27.635 ; Acc: 45.022
2018-09-19 16:03:26,220:INFO: [TRAIN] Step: 426 ; Loss: 26.770 ; Acc: 45.023
2018-09-19 16:03:26,295:INFO: [TRAIN] Step: 427 ; Loss: 26.382 ; Acc: 45.025
2018-09-19 16:03:26,375:INFO: [TRAIN] Step: 428 ; Loss: 27.271 ; Acc: 44.998
2018-09-19 16:03:26,453:INFO: [TRAIN] Step: 429 ; Loss: 22.661 ; Acc: 45.019
2018-09-19 16:03:26,529:INFO: [TRAIN] Step: 430 ; Loss: 23.540 ; Acc: 45.031
2018-09-19 16:03:26,602:INFO: [TRAIN] Step: 431 ; Loss: 27.064 ; Acc: 45.023
2018-09-19 16:03:26,676:INFO: [TRAIN] Step: 432 ; Loss: 21.054 ; Acc: 45.044
2018-09-19 16:03:26,751:INFO: [TRAIN] Step: 433 ; Loss: 25.918 ; Acc: 45.036
2018-09-19 16:03:26,846:INFO: [TRAIN] Step: 434 ; Loss: 23.440 ; Acc: 45.038
2018-09-19 16:03:26,934:INFO: [TRAIN] Step: 435 ; Loss: 29.245 ; Acc: 45.021
2018-09-19 16:03:27,014:INFO: [TRAIN] Step: 436 ; Loss: 25.362 ; Acc: 45.042
2018-09-19 16:03:27,089:INFO: [TRAIN] Step: 437 ; Loss: 24.206 ; Acc: 45.015
2018-09-19 16:03:27,167:INFO: [TRAIN] Step: 438 ; Loss: 24.221 ; Acc: 45.036
2018-09-19 16:03:27,238:INFO: [TRAIN] Step: 439 ; Loss: 24.357 ; Acc: 45.038
2018-09-19 16:03:27,314:INFO: [TRAIN] Step: 440 ; Loss: 26.489 ; Acc: 45.021
2018-09-19 16:03:27,389:INFO: [TRAIN] Step: 441 ; Loss: 23.148 ; Acc: 45.070
2018-09-19 16:03:27,470:INFO: [TRAIN] Step: 442 ; Loss: 24.624 ; Acc: 45.062
2018-09-19 16:03:27,541:INFO: [TRAIN] Step: 443 ; Loss: 22.507 ; Acc: 45.120
2018-09-19 16:03:27,616:INFO: [TRAIN] Step: 444 ; Loss: 21.650 ; Acc: 45.150
2018-09-19 16:03:27,688:INFO: [TRAIN] Step: 445 ; Loss: 19.050 ; Acc: 45.170
2018-09-19 16:03:27,766:INFO: [TRAIN] Step: 446 ; Loss: 21.498 ; Acc: 45.190
2018-09-19 16:03:27,841:INFO: [TRAIN] Step: 447 ; Loss: 20.321 ; Acc: 45.219
2018-09-19 16:03:27,917:INFO: [TRAIN] Step: 448 ; Loss: 18.764 ; Acc: 45.249
2018-09-19 16:03:27,990:INFO: [TRAIN] Step: 449 ; Loss: 33.247 ; Acc: 45.213
2018-09-19 16:03:28,070:INFO: [TRAIN] Step: 450 ; Loss: 28.774 ; Acc: 45.214
2018-09-19 16:03:28,142:INFO: [TRAIN] Step: 451 ; Loss: 18.572 ; Acc: 45.262
2018-09-19 16:03:28,219:INFO: [TRAIN] Step: 452 ; Loss: 21.934 ; Acc: 45.254
2018-09-19 16:03:28,290:INFO: [TRAIN] Step: 453 ; Loss: 24.422 ; Acc: 45.310
2018-09-19 16:03:28,377:INFO: [TRAIN] Step: 454 ; Loss: 29.398 ; Acc: 45.275
2018-09-19 16:03:28,451:INFO: [TRAIN] Step: 455 ; Loss: 20.912 ; Acc: 45.312
2018-09-19 16:03:28,534:INFO: [TRAIN] Step: 456 ; Loss: 28.785 ; Acc: 45.295
2018-09-19 16:03:28,605:INFO: [TRAIN] Step: 457 ; Loss: 26.480 ; Acc: 45.297
2018-09-19 16:03:28,688:INFO: [TRAIN] Step: 458 ; Loss: 21.112 ; Acc: 45.334
2018-09-19 16:03:28,762:INFO: [TRAIN] Step: 459 ; Loss: 23.346 ; Acc: 45.371
2018-09-19 16:03:28,846:INFO: [TRAIN] Step: 460 ; Loss: 24.717 ; Acc: 45.399
2018-09-19 16:03:28,923:INFO: [TRAIN] Step: 461 ; Loss: 19.391 ; Acc: 45.418
2018-09-19 16:03:29,002:INFO: [TRAIN] Step: 462 ; Loss: 23.826 ; Acc: 45.419
2018-09-19 16:03:29,073:INFO: [TRAIN] Step: 463 ; Loss: 25.449 ; Acc: 45.429
2018-09-19 16:03:29,150:INFO: [TRAIN] Step: 464 ; Loss: 20.978 ; Acc: 45.448
2018-09-19 16:03:29,219:INFO: [TRAIN] Step: 465 ; Loss: 22.018 ; Acc: 45.485
2018-09-19 16:03:29,295:INFO: [TRAIN] Step: 466 ; Loss: 23.749 ; Acc: 45.503
2018-09-19 16:03:29,367:INFO: [TRAIN] Step: 467 ; Loss: 24.663 ; Acc: 45.504
2018-09-19 16:03:29,442:INFO: [TRAIN] Step: 468 ; Loss: 27.055 ; Acc: 45.505
2018-09-19 16:03:29,516:INFO: [TRAIN] Step: 469 ; Loss: 22.984 ; Acc: 45.514
2018-09-19 16:03:29,593:INFO: [TRAIN] Step: 470 ; Loss: 21.869 ; Acc: 45.559
2018-09-19 16:03:29,666:INFO: [TRAIN] Step: 471 ; Loss: 27.458 ; Acc: 45.516
2018-09-19 16:03:29,744:INFO: [TRAIN] Step: 472 ; Loss: 28.612 ; Acc: 45.507
2018-09-19 16:03:29,817:INFO: [TRAIN] Step: 473 ; Loss: 23.222 ; Acc: 45.491
2018-09-19 16:03:29,895:INFO: [TRAIN] Step: 474 ; Loss: 24.889 ; Acc: 45.491
2018-09-19 16:03:29,967:INFO: [TRAIN] Step: 475 ; Loss: 22.749 ; Acc: 45.501
2018-09-19 16:03:30,047:INFO: [TRAIN] Step: 476 ; Loss: 23.712 ; Acc: 45.501
2018-09-19 16:03:30,119:INFO: [TRAIN] Step: 477 ; Loss: 21.049 ; Acc: 45.520
2018-09-19 16:03:30,195:INFO: [TRAIN] Step: 478 ; Loss: 25.501 ; Acc: 45.529
2018-09-19 16:03:30,266:INFO: [TRAIN] Step: 479 ; Loss: 16.870 ; Acc: 45.573
2018-09-19 16:03:30,344:INFO: [TRAIN] Step: 480 ; Loss: 23.688 ; Acc: 45.599
2018-09-19 16:03:30,415:INFO: [TRAIN] Step: 481 ; Loss: 24.782 ; Acc: 45.609
2018-09-19 16:03:30,493:INFO: [TRAIN] Step: 482 ; Loss: 27.493 ; Acc: 45.618
2018-09-19 16:03:30,568:INFO: [TRAIN] Step: 483 ; Loss: 25.264 ; Acc: 45.601
2018-09-19 16:03:30,648:INFO: [TRAIN] Step: 484 ; Loss: 22.966 ; Acc: 45.627
2018-09-19 16:03:30,718:INFO: [TRAIN] Step: 485 ; Loss: 21.238 ; Acc: 45.653
2018-09-19 16:03:30,795:INFO: [TRAIN] Step: 486 ; Loss: 23.170 ; Acc: 45.654
2018-09-19 16:03:30,868:INFO: [TRAIN] Step: 487 ; Loss: 23.936 ; Acc: 45.671
2018-09-19 16:03:30,944:INFO: [TRAIN] Step: 488 ; Loss: 27.570 ; Acc: 45.654
2018-09-19 16:03:31,015:INFO: [TRAIN] Step: 489 ; Loss: 26.006 ; Acc: 45.663
2018-09-19 16:03:31,094:INFO: [TRAIN] Step: 490 ; Loss: 25.728 ; Acc: 45.698
2018-09-19 16:03:31,165:INFO: [TRAIN] Step: 491 ; Loss: 25.588 ; Acc: 45.689
2018-09-19 16:03:31,241:INFO: [TRAIN] Step: 492 ; Loss: 22.848 ; Acc: 45.723
2018-09-19 16:03:31,315:INFO: [TRAIN] Step: 493 ; Loss: 24.944 ; Acc: 45.724
2018-09-19 16:03:31,391:INFO: [TRAIN] Step: 494 ; Loss: 24.333 ; Acc: 45.724
2018-09-19 16:03:31,463:INFO: [TRAIN] Step: 495 ; Loss: 18.733 ; Acc: 45.749
2018-09-19 16:03:31,540:INFO: [TRAIN] Step: 496 ; Loss: 30.864 ; Acc: 45.749
2018-09-19 16:03:31,614:INFO: [TRAIN] Step: 497 ; Loss: 21.556 ; Acc: 45.758
2018-09-19 16:03:31,691:INFO: [TRAIN] Step: 498 ; Loss: 23.041 ; Acc: 45.800
2018-09-19 16:03:31,762:INFO: [TRAIN] Step: 499 ; Loss: 31.468 ; Acc: 45.808
2018-09-19 16:03:31,839:INFO: [TRAIN] Step: 500 ; Loss: 21.124 ; Acc: 45.850
2018-09-19 16:03:31,911:INFO: [TRAIN] Step: 501 ; Loss: 22.292 ; Acc: 45.867
2018-09-19 16:03:31,990:INFO: [TRAIN] Step: 502 ; Loss: 25.993 ; Acc: 45.866
2018-09-19 16:03:32,065:INFO: [TRAIN] Step: 503 ; Loss: 18.562 ; Acc: 45.891
2018-09-19 16:03:32,143:INFO: [TRAIN] Step: 504 ; Loss: 18.658 ; Acc: 45.941
2018-09-19 16:03:32,214:INFO: [TRAIN] Step: 505 ; Loss: 25.036 ; Acc: 45.965
2018-09-19 16:03:32,291:INFO: [TRAIN] Step: 506 ; Loss: 22.761 ; Acc: 45.989
2018-09-19 16:03:32,369:INFO: [TRAIN] Step: 507 ; Loss: 20.549 ; Acc: 45.989
2018-09-19 16:03:32,446:INFO: [TRAIN] Step: 508 ; Loss: 22.848 ; Acc: 45.997
2018-09-19 16:03:32,518:INFO: [TRAIN] Step: 509 ; Loss: 26.583 ; Acc: 45.989
2018-09-19 16:03:32,597:INFO: [TRAIN] Step: 510 ; Loss: 18.387 ; Acc: 46.005
2018-09-19 16:03:32,673:INFO: [TRAIN] Step: 511 ; Loss: 26.195 ; Acc: 46.004
2018-09-19 16:03:32,756:INFO: [TRAIN] Step: 512 ; Loss: 25.976 ; Acc: 46.020
2018-09-19 16:03:32,828:INFO: [TRAIN] Step: 513 ; Loss: 23.542 ; Acc: 46.060
2018-09-19 16:03:32,905:INFO: [TRAIN] Step: 514 ; Loss: 29.616 ; Acc: 46.068
2018-09-19 16:03:32,981:INFO: [TRAIN] Step: 515 ; Loss: 18.250 ; Acc: 46.108
2018-09-19 16:03:33,058:INFO: [TRAIN] Step: 516 ; Loss: 24.456 ; Acc: 46.123
2018-09-19 16:03:33,135:INFO: [TRAIN] Step: 517 ; Loss: 27.287 ; Acc: 46.083
2018-09-19 16:03:33,214:INFO: [TRAIN] Step: 518 ; Loss: 22.180 ; Acc: 46.082
2018-09-19 16:03:33,288:INFO: [TRAIN] Step: 519 ; Loss: 22.787 ; Acc: 46.098
2018-09-19 16:03:33,371:INFO: [TRAIN] Step: 520 ; Loss: 21.838 ; Acc: 46.113
2018-09-19 16:03:33,447:INFO: [TRAIN] Step: 521 ; Loss: 25.330 ; Acc: 46.113
2018-09-19 16:03:33,522:INFO: [TRAIN] Step: 522 ; Loss: 23.480 ; Acc: 46.120
2018-09-19 16:03:33,595:INFO: [TRAIN] Step: 523 ; Loss: 18.544 ; Acc: 46.151
2018-09-19 16:03:33,672:INFO: [TRAIN] Step: 524 ; Loss: 30.365 ; Acc: 46.135
2018-09-19 16:03:33,743:INFO: [TRAIN] Step: 525 ; Loss: 27.414 ; Acc: 46.111
2018-09-19 16:03:33,820:INFO: [TRAIN] Step: 526 ; Loss: 22.712 ; Acc: 46.110
2018-09-19 16:03:33,895:INFO: [TRAIN] Step: 527 ; Loss: 28.919 ; Acc: 46.102
2018-09-19 16:03:33,973:INFO: [TRAIN] Step: 528 ; Loss: 22.420 ; Acc: 46.117
2018-09-19 16:03:34,043:INFO: [TRAIN] Step: 529 ; Loss: 25.952 ; Acc: 46.124
2018-09-19 16:03:34,125:INFO: [TRAIN] Step: 530 ; Loss: 21.913 ; Acc: 46.116
2018-09-19 16:03:34,196:INFO: [TRAIN] Step: 531 ; Loss: 18.121 ; Acc: 46.131
2018-09-19 16:03:34,273:INFO: [TRAIN] Step: 532 ; Loss: 17.703 ; Acc: 46.185
2018-09-19 16:03:34,351:INFO: [TRAIN] Step: 533 ; Loss: 19.709 ; Acc: 46.216
2018-09-19 16:03:34,429:INFO: [TRAIN] Step: 534 ; Loss: 20.888 ; Acc: 46.215
2018-09-19 16:03:34,503:INFO: [TRAIN] Step: 535 ; Loss: 30.047 ; Acc: 46.222
2018-09-19 16:03:34,582:INFO: [TRAIN] Step: 536 ; Loss: 19.830 ; Acc: 46.245
2018-09-19 16:03:34,655:INFO: [TRAIN] Step: 537 ; Loss: 17.343 ; Acc: 46.267
2018-09-19 16:03:34,737:INFO: [TRAIN] Step: 538 ; Loss: 20.940 ; Acc: 46.282
2018-09-19 16:03:34,808:INFO: [TRAIN] Step: 539 ; Loss: 20.245 ; Acc: 46.304
2018-09-19 16:03:34,885:INFO: [TRAIN] Step: 540 ; Loss: 23.606 ; Acc: 46.295
2018-09-19 16:03:34,955:INFO: [TRAIN] Step: 541 ; Loss: 21.688 ; Acc: 46.325
2018-09-19 16:03:35,035:INFO: [TRAIN] Step: 542 ; Loss: 23.575 ; Acc: 46.317
2018-09-19 16:03:35,111:INFO: [TRAIN] Step: 543 ; Loss: 26.427 ; Acc: 46.339
2018-09-19 16:03:35,186:INFO: [TRAIN] Step: 544 ; Loss: 23.343 ; Acc: 46.346
2018-09-19 16:03:35,255:INFO: [TRAIN] Step: 545 ; Loss: 18.629 ; Acc: 46.383
2018-09-19 16:03:35,332:INFO: [TRAIN] Step: 546 ; Loss: 26.140 ; Acc: 46.382
2018-09-19 16:03:35,426:INFO: [TRAIN] Step: 547 ; Loss: 23.166 ; Acc: 46.373
2018-09-19 16:03:35,517:INFO: [TRAIN] Step: 548 ; Loss: 24.749 ; Acc: 46.403
2018-09-19 16:03:35,592:INFO: [TRAIN] Step: 549 ; Loss: 20.339 ; Acc: 46.432
2018-09-19 16:03:35,667:INFO: [TRAIN] Step: 550 ; Loss: 20.812 ; Acc: 46.431
2018-09-19 16:03:35,747:INFO: [TRAIN] Step: 551 ; Loss: 24.635 ; Acc: 46.422
2018-09-19 16:03:35,823:INFO: [TRAIN] Step: 552 ; Loss: 19.985 ; Acc: 46.466
2018-09-19 16:03:35,893:INFO: [TRAIN] Step: 553 ; Loss: 20.719 ; Acc: 46.488
2018-09-19 16:03:35,969:INFO: [TRAIN] Step: 554 ; Loss: 24.168 ; Acc: 46.509
2018-09-19 16:03:36,040:INFO: [TRAIN] Step: 555 ; Loss: 20.651 ; Acc: 46.560
2018-09-19 16:03:36,129:INFO: [TRAIN] Step: 556 ; Loss: 23.082 ; Acc: 46.559
2018-09-19 16:03:36,208:INFO: [TRAIN] Step: 557 ; Loss: 28.137 ; Acc: 46.543
2018-09-19 16:03:36,287:INFO: [TRAIN] Step: 558 ; Loss: 25.439 ; Acc: 46.541
2018-09-19 16:03:36,363:INFO: [TRAIN] Step: 559 ; Loss: 18.360 ; Acc: 46.570
2018-09-19 16:03:36,439:INFO: [TRAIN] Step: 560 ; Loss: 19.917 ; Acc: 46.613
2018-09-19 16:03:36,510:INFO: [TRAIN] Step: 561 ; Loss: 22.551 ; Acc: 46.627
2018-09-19 16:03:36,587:INFO: [TRAIN] Step: 562 ; Loss: 22.318 ; Acc: 46.655
2018-09-19 16:03:36,658:INFO: [TRAIN] Step: 563 ; Loss: 27.870 ; Acc: 46.639
2018-09-19 16:03:36,734:INFO: [TRAIN] Step: 564 ; Loss: 24.645 ; Acc: 46.615
2018-09-19 16:03:36,807:INFO: [TRAIN] Step: 565 ; Loss: 21.656 ; Acc: 46.643
2018-09-19 16:03:36,883:INFO: [TRAIN] Step: 566 ; Loss: 24.482 ; Acc: 46.649
2018-09-19 16:03:36,956:INFO: [TRAIN] Step: 567 ; Loss: 22.166 ; Acc: 46.648
2018-09-19 16:03:37,034:INFO: [TRAIN] Step: 568 ; Loss: 23.215 ; Acc: 46.661
2018-09-19 16:03:37,111:INFO: [TRAIN] Step: 569 ; Loss: 17.604 ; Acc: 46.703
2018-09-19 16:03:37,189:INFO: [TRAIN] Step: 570 ; Loss: 26.247 ; Acc: 46.724
2018-09-19 16:03:37,260:INFO: [TRAIN] Step: 571 ; Loss: 20.531 ; Acc: 46.751
2018-09-19 16:03:37,336:INFO: [TRAIN] Step: 572 ; Loss: 18.740 ; Acc: 46.779
2018-09-19 16:03:37,408:INFO: [TRAIN] Step: 573 ; Loss: 23.144 ; Acc: 46.813
2018-09-19 16:03:37,483:INFO: [TRAIN] Step: 574 ; Loss: 25.110 ; Acc: 46.812
2018-09-19 16:03:37,556:INFO: [TRAIN] Step: 575 ; Loss: 20.591 ; Acc: 46.839
2018-09-19 16:03:37,632:INFO: [TRAIN] Step: 576 ; Loss: 23.461 ; Acc: 46.852
2018-09-19 16:03:37,702:INFO: [TRAIN] Step: 577 ; Loss: 15.529 ; Acc: 46.879
2018-09-19 16:03:37,780:INFO: [TRAIN] Step: 578 ; Loss: 24.174 ; Acc: 46.877
2018-09-19 16:03:37,856:INFO: [TRAIN] Step: 579 ; Loss: 24.489 ; Acc: 46.882
2018-09-19 16:03:37,937:INFO: [TRAIN] Step: 580 ; Loss: 30.613 ; Acc: 46.845
2018-09-19 16:03:38,014:INFO: [TRAIN] Step: 581 ; Loss: 22.676 ; Acc: 46.850
2018-09-19 16:03:38,091:INFO: [TRAIN] Step: 582 ; Loss: 24.268 ; Acc: 46.848
2018-09-19 16:03:38,164:INFO: [TRAIN] Step: 583 ; Loss: 34.670 ; Acc: 46.825
2018-09-19 16:03:38,242:INFO: [TRAIN] Step: 584 ; Loss: 25.144 ; Acc: 46.809
2018-09-19 16:03:38,320:INFO: [TRAIN] Step: 585 ; Loss: 21.634 ; Acc: 46.829
2018-09-19 16:03:38,398:INFO: [TRAIN] Step: 586 ; Loss: 19.867 ; Acc: 46.870
2018-09-19 16:03:38,472:INFO: [TRAIN] Step: 587 ; Loss: 21.161 ; Acc: 46.875
2018-09-19 16:03:38,551:INFO: [TRAIN] Step: 588 ; Loss: 25.304 ; Acc: 46.873
2018-09-19 16:03:38,624:INFO: [TRAIN] Step: 589 ; Loss: 22.183 ; Acc: 46.900
2018-09-19 16:03:38,699:INFO: [TRAIN] Step: 590 ; Loss: 21.593 ; Acc: 46.919
2018-09-19 16:03:38,771:INFO: [TRAIN] Step: 591 ; Loss: 22.396 ; Acc: 46.945
2018-09-19 16:03:38,848:INFO: [TRAIN] Step: 592 ; Loss: 22.577 ; Acc: 46.965
2018-09-19 16:03:38,920:INFO: [TRAIN] Step: 593 ; Loss: 24.426 ; Acc: 46.977
2018-09-19 16:03:38,995:INFO: [TRAIN] Step: 594 ; Loss: 21.986 ; Acc: 46.989
2018-09-19 16:03:39,066:INFO: [TRAIN] Step: 595 ; Loss: 25.345 ; Acc: 46.994
2018-09-19 16:03:39,146:INFO: [TRAIN] Step: 596 ; Loss: 26.639 ; Acc: 46.999
2018-09-19 16:03:39,222:INFO: [TRAIN] Step: 597 ; Loss: 23.489 ; Acc: 47.011
2018-09-19 16:03:39,299:INFO: [TRAIN] Step: 598 ; Loss: 25.511 ; Acc: 47.009
2018-09-19 16:03:39,372:INFO: [TRAIN] Step: 599 ; Loss: 23.265 ; Acc: 47.035
2018-09-19 16:03:39,455:INFO: [TRAIN] Step: 600 ; Loss: 20.286 ; Acc: 47.074
2018-09-19 16:03:39,528:INFO: [TRAIN] Step: 601 ; Loss: 24.498 ; Acc: 47.072
2018-09-19 16:03:39,610:INFO: [TRAIN] Step: 602 ; Loss: 20.685 ; Acc: 47.105
2018-09-19 16:03:39,682:INFO: [TRAIN] Step: 603 ; Loss: 23.436 ; Acc: 47.110
2018-09-19 16:03:39,763:INFO: [TRAIN] Step: 604 ; Loss: 28.375 ; Acc: 47.101
2018-09-19 16:03:39,837:INFO: [TRAIN] Step: 605 ; Loss: 25.566 ; Acc: 47.112
2018-09-19 16:03:39,922:INFO: [TRAIN] Step: 606 ; Loss: 21.725 ; Acc: 47.138
2018-09-19 16:03:39,992:INFO: [TRAIN] Step: 607 ; Loss: 22.630 ; Acc: 47.142
2018-09-19 16:03:40,074:INFO: [TRAIN] Step: 608 ; Loss: 23.530 ; Acc: 47.140
2018-09-19 16:03:40,145:INFO: [TRAIN] Step: 609 ; Loss: 21.928 ; Acc: 47.158
2018-09-19 16:03:40,224:INFO: [TRAIN] Step: 610 ; Loss: 22.255 ; Acc: 47.204
2018-09-19 16:03:40,297:INFO: [TRAIN] Step: 611 ; Loss: 23.456 ; Acc: 47.222
2018-09-19 16:03:40,373:INFO: [TRAIN] Step: 612 ; Loss: 19.883 ; Acc: 47.268
2018-09-19 16:03:40,443:INFO: [TRAIN] Step: 613 ; Loss: 18.282 ; Acc: 47.279
2018-09-19 16:03:40,521:INFO: [TRAIN] Step: 614 ; Loss: 20.646 ; Acc: 47.317
2018-09-19 16:03:40,600:INFO: [TRAIN] Step: 615 ; Loss: 19.925 ; Acc: 47.328
2018-09-19 16:03:40,678:INFO: [TRAIN] Step: 616 ; Loss: 22.465 ; Acc: 47.319
2018-09-19 16:03:40,753:INFO: [TRAIN] Step: 617 ; Loss: 20.316 ; Acc: 47.337
2018-09-19 16:03:40,828:INFO: [TRAIN] Step: 618 ; Loss: 26.179 ; Acc: 47.341
2018-09-19 16:03:40,904:INFO: [TRAIN] Step: 619 ; Loss: 18.514 ; Acc: 47.386
2018-09-19 16:03:40,981:INFO: [TRAIN] Step: 620 ; Loss: 24.251 ; Acc: 47.397
2018-09-19 16:03:41,055:INFO: [TRAIN] Step: 621 ; Loss: 26.518 ; Acc: 47.394
2018-09-19 16:03:41,131:INFO: [TRAIN] Step: 622 ; Loss: 21.694 ; Acc: 47.412
2018-09-19 16:03:41,205:INFO: [TRAIN] Step: 623 ; Loss: 25.394 ; Acc: 47.416
2018-09-19 16:03:41,282:INFO: [TRAIN] Step: 624 ; Loss: 21.739 ; Acc: 47.433
2018-09-19 16:03:41,354:INFO: [TRAIN] Step: 625 ; Loss: 26.892 ; Acc: 47.444
2018-09-19 16:03:41,433:INFO: [TRAIN] Step: 626 ; Loss: 27.888 ; Acc: 47.481
2018-09-19 16:03:41,506:INFO: [TRAIN] Step: 627 ; Loss: 24.556 ; Acc: 47.485
2018-09-19 16:03:41,583:INFO: [TRAIN] Step: 628 ; Loss: 30.558 ; Acc: 47.463
2018-09-19 16:03:41,654:INFO: [TRAIN] Step: 629 ; Loss: 22.074 ; Acc: 47.474
2018-09-19 16:03:41,728:INFO: [TRAIN] Step: 630 ; Loss: 25.394 ; Acc: 47.471
2018-09-19 16:03:41,801:INFO: [TRAIN] Step: 631 ; Loss: 23.580 ; Acc: 47.495
2018-09-19 16:03:41,879:INFO: [TRAIN] Step: 632 ; Loss: 26.598 ; Acc: 47.492
2018-09-19 16:03:41,955:INFO: [TRAIN] Step: 633 ; Loss: 26.048 ; Acc: 47.489
2018-09-19 16:03:42,033:INFO: [TRAIN] Step: 634 ; Loss: 27.598 ; Acc: 47.493
2018-09-19 16:03:42,105:INFO: [TRAIN] Step: 635 ; Loss: 25.210 ; Acc: 47.497
2018-09-19 16:03:42,182:INFO: [TRAIN] Step: 636 ; Loss: 24.331 ; Acc: 47.514
2018-09-19 16:03:42,253:INFO: [TRAIN] Step: 637 ; Loss: 20.929 ; Acc: 47.518
2018-09-19 16:03:42,334:INFO: [TRAIN] Step: 638 ; Loss: 24.730 ; Acc: 47.535
2018-09-19 16:03:42,405:INFO: [TRAIN] Step: 639 ; Loss: 19.843 ; Acc: 47.559
2018-09-19 16:03:42,481:INFO: [TRAIN] Step: 640 ; Loss: 27.159 ; Acc: 47.556
2018-09-19 16:03:42,557:INFO: [TRAIN] Step: 641 ; Loss: 22.965 ; Acc: 47.586
2018-09-19 16:03:42,638:INFO: [TRAIN] Step: 642 ; Loss: 24.576 ; Acc: 47.583
2018-09-19 16:03:42,712:INFO: [TRAIN] Step: 643 ; Loss: 21.086 ; Acc: 47.606
2018-09-19 16:03:42,792:INFO: [TRAIN] Step: 644 ; Loss: 28.653 ; Acc: 47.597
2018-09-19 16:03:42,865:INFO: [TRAIN] Step: 645 ; Loss: 20.172 ; Acc: 47.633
2018-09-19 16:03:42,941:INFO: [TRAIN] Step: 646 ; Loss: 23.618 ; Acc: 47.630
2018-09-19 16:03:43,016:INFO: [TRAIN] Step: 647 ; Loss: 26.853 ; Acc: 47.627
2018-09-19 16:03:43,093:INFO: [TRAIN] Step: 648 ; Loss: 21.091 ; Acc: 47.631
2018-09-19 16:03:43,164:INFO: [TRAIN] Step: 649 ; Loss: 23.318 ; Acc: 47.647
2018-09-19 16:03:43,239:INFO: [TRAIN] Step: 650 ; Loss: 24.015 ; Acc: 47.651
2018-09-19 16:03:43,310:INFO: [TRAIN] Step: 651 ; Loss: 26.439 ; Acc: 47.648
2018-09-19 16:03:43,386:INFO: [TRAIN] Step: 652 ; Loss: 24.232 ; Acc: 47.671
2018-09-19 16:03:43,457:INFO: [TRAIN] Step: 653 ; Loss: 20.948 ; Acc: 47.681
2018-09-19 16:03:43,533:INFO: [TRAIN] Step: 654 ; Loss: 20.791 ; Acc: 47.684
2018-09-19 16:03:43,604:INFO: [TRAIN] Step: 655 ; Loss: 23.612 ; Acc: 47.707
2018-09-19 16:03:43,682:INFO: [TRAIN] Step: 656 ; Loss: 23.885 ; Acc: 47.730
2018-09-19 16:03:43,761:INFO: [TRAIN] Step: 657 ; Loss: 26.503 ; Acc: 47.733
2018-09-19 16:03:43,837:INFO: [TRAIN] Step: 658 ; Loss: 24.149 ; Acc: 47.749
2018-09-19 16:03:43,909:INFO: [TRAIN] Step: 659 ; Loss: 24.165 ; Acc: 47.765
2018-09-19 16:03:43,992:INFO: [TRAIN] Step: 660 ; Loss: 23.323 ; Acc: 47.762
2018-09-19 16:03:44,062:INFO: [TRAIN] Step: 661 ; Loss: 22.547 ; Acc: 47.766
2018-09-19 16:03:44,141:INFO: [TRAIN] Step: 662 ; Loss: 27.770 ; Acc: 47.738
2018-09-19 16:03:44,215:INFO: [TRAIN] Step: 663 ; Loss: 25.506 ; Acc: 47.735
2018-09-19 16:03:44,296:INFO: [TRAIN] Step: 664 ; Loss: 21.129 ; Acc: 47.751
2018-09-19 16:03:44,371:INFO: [TRAIN] Step: 665 ; Loss: 24.751 ; Acc: 47.741
2018-09-19 16:03:44,452:INFO: [TRAIN] Step: 666 ; Loss: 23.244 ; Acc: 47.776
2018-09-19 16:03:44,526:INFO: [TRAIN] Step: 667 ; Loss: 26.355 ; Acc: 47.773
2018-09-19 16:03:44,609:INFO: [TRAIN] Step: 668 ; Loss: 22.225 ; Acc: 47.801
2018-09-19 16:03:44,681:INFO: [TRAIN] Step: 669 ; Loss: 21.917 ; Acc: 47.817
2018-09-19 16:03:44,760:INFO: [TRAIN] Step: 670 ; Loss: 26.010 ; Acc: 47.802
2018-09-19 16:03:44,831:INFO: [TRAIN] Step: 671 ; Loss: 20.840 ; Acc: 47.805
2018-09-19 16:03:44,908:INFO: [TRAIN] Step: 672 ; Loss: 25.584 ; Acc: 47.802
2018-09-19 16:03:44,981:INFO: [TRAIN] Step: 673 ; Loss: 21.834 ; Acc: 47.812
2018-09-19 16:03:45,058:INFO: [TRAIN] Step: 674 ; Loss: 21.868 ; Acc: 47.821
2018-09-19 16:03:45,135:INFO: [TRAIN] Step: 675 ; Loss: 23.078 ; Acc: 47.837
2018-09-19 16:03:45,213:INFO: [TRAIN] Step: 676 ; Loss: 22.520 ; Acc: 47.852
2018-09-19 16:03:45,285:INFO: [TRAIN] Step: 677 ; Loss: 21.986 ; Acc: 47.874
2018-09-19 16:03:45,361:INFO: [TRAIN] Step: 678 ; Loss: 19.812 ; Acc: 47.883
2018-09-19 16:03:45,431:INFO: [TRAIN] Step: 679 ; Loss: 18.562 ; Acc: 47.886
2018-09-19 16:03:45,508:INFO: [TRAIN] Step: 680 ; Loss: 20.022 ; Acc: 47.907
2018-09-19 16:03:45,581:INFO: [TRAIN] Step: 681 ; Loss: 20.600 ; Acc: 47.923
2018-09-19 16:03:45,658:INFO: [TRAIN] Step: 682 ; Loss: 30.978 ; Acc: 47.895
2018-09-19 16:03:45,732:INFO: [TRAIN] Step: 683 ; Loss: 25.679 ; Acc: 47.904
2018-09-19 16:03:45,810:INFO: [TRAIN] Step: 684 ; Loss: 20.693 ; Acc: 47.908
2018-09-19 16:03:45,884:INFO: [TRAIN] Step: 685 ; Loss: 22.019 ; Acc: 47.917
2018-09-19 16:03:45,962:INFO: [TRAIN] Step: 686 ; Loss: 28.207 ; Acc: 47.914
2018-09-19 16:03:46,035:INFO: [TRAIN] Step: 687 ; Loss: 26.606 ; Acc: 47.892
2018-09-19 16:03:46,116:INFO: [TRAIN] Step: 688 ; Loss: 22.804 ; Acc: 47.908
2018-09-19 16:03:46,193:INFO: [TRAIN] Step: 689 ; Loss: 26.471 ; Acc: 47.917
2018-09-19 16:03:46,275:INFO: [TRAIN] Step: 690 ; Loss: 22.443 ; Acc: 47.920
2018-09-19 16:03:46,348:INFO: [TRAIN] Step: 691 ; Loss: 23.141 ; Acc: 47.923
2018-09-19 16:03:46,441:INFO: [TRAIN] Step: 692 ; Loss: 21.785 ; Acc: 47.938
2018-09-19 16:03:46,515:INFO: [TRAIN] Step: 693 ; Loss: 22.175 ; Acc: 47.947
2018-09-19 16:03:46,596:INFO: [TRAIN] Step: 694 ; Loss: 25.427 ; Acc: 47.956
2018-09-19 16:03:46,671:INFO: [TRAIN] Step: 695 ; Loss: 24.981 ; Acc: 47.947
2018-09-19 16:03:46,761:INFO: [TRAIN] Step: 696 ; Loss: 24.634 ; Acc: 47.938
2018-09-19 16:03:46,840:INFO: [TRAIN] Step: 697 ; Loss: 24.232 ; Acc: 47.941
2018-09-19 16:03:46,923:INFO: [TRAIN] Step: 698 ; Loss: 20.364 ; Acc: 47.955
2018-09-19 16:03:47,002:INFO: [TRAIN] Step: 699 ; Loss: 23.278 ; Acc: 47.970
2018-09-19 16:03:47,086:INFO: [TRAIN] Step: 700 ; Loss: 26.027 ; Acc: 47.961
2018-09-19 16:03:47,168:INFO: [TRAIN] Step: 701 ; Loss: 21.295 ; Acc: 47.976
2018-09-19 16:03:47,251:INFO: [TRAIN] Step: 702 ; Loss: 24.223 ; Acc: 47.979
2018-09-19 16:03:47,325:INFO: [TRAIN] Step: 703 ; Loss: 22.495 ; Acc: 47.988
2018-09-19 16:03:47,414:INFO: [TRAIN] Step: 704 ; Loss: 18.520 ; Acc: 47.991
2018-09-19 16:03:47,489:INFO: [TRAIN] Step: 705 ; Loss: 17.152 ; Acc: 48.029
2018-09-19 16:03:47,580:INFO: [TRAIN] Step: 706 ; Loss: 27.726 ; Acc: 48.020
2018-09-19 16:03:47,661:INFO: [TRAIN] Step: 707 ; Loss: 22.839 ; Acc: 48.017
2018-09-19 16:03:47,744:INFO: [TRAIN] Step: 708 ; Loss: 25.290 ; Acc: 48.020
2018-09-19 16:03:47,821:INFO: [TRAIN] Step: 709 ; Loss: 22.824 ; Acc: 48.040
2018-09-19 16:03:47,906:INFO: [TRAIN] Step: 710 ; Loss: 22.652 ; Acc: 48.049
2018-09-19 16:03:47,998:INFO: [TRAIN] Step: 711 ; Loss: 22.663 ; Acc: 48.034
2018-09-19 16:03:48,086:INFO: [TRAIN] Step: 712 ; Loss: 20.517 ; Acc: 48.048
2018-09-19 16:03:48,168:INFO: [TRAIN] Step: 713 ; Loss: 26.472 ; Acc: 48.051
2018-09-19 16:03:48,261:INFO: [TRAIN] Step: 714 ; Loss: 21.239 ; Acc: 48.071
2018-09-19 16:03:48,348:INFO: [TRAIN] Step: 715 ; Loss: 23.410 ; Acc: 48.068
2018-09-19 16:03:48,437:INFO: [TRAIN] Step: 716 ; Loss: 22.006 ; Acc: 48.088
2018-09-19 16:03:48,525:INFO: [TRAIN] Step: 717 ; Loss: 20.746 ; Acc: 48.091
2018-09-19 16:03:48,613:INFO: [TRAIN] Step: 718 ; Loss: 22.732 ; Acc: 48.105
2018-09-19 16:03:48,704:INFO: [TRAIN] Step: 719 ; Loss: 24.085 ; Acc: 48.125
2018-09-19 16:03:48,798:INFO: [TRAIN] Step: 720 ; Loss: 23.661 ; Acc: 48.128
2018-09-19 16:03:48,886:INFO: [TRAIN] Step: 721 ; Loss: 25.404 ; Acc: 48.136
2018-09-19 16:03:48,981:INFO: [TRAIN] Step: 722 ; Loss: 21.919 ; Acc: 48.156
2018-09-19 16:03:49,074:INFO: [TRAIN] Step: 723 ; Loss: 18.118 ; Acc: 48.170
2018-09-19 16:03:49,170:INFO: [TRAIN] Step: 724 ; Loss: 20.231 ; Acc: 48.190
2018-09-19 16:03:49,264:INFO: [TRAIN] Step: 725 ; Loss: 18.549 ; Acc: 48.215
2018-09-19 16:03:49,370:INFO: [TRAIN] Step: 726 ; Loss: 22.057 ; Acc: 48.235
2018-09-19 16:03:49,460:INFO: [TRAIN] Step: 727 ; Loss: 18.289 ; Acc: 48.243
2018-09-19 16:03:49,562:INFO: [TRAIN] Step: 728 ; Loss: 22.249 ; Acc: 48.240
2018-09-19 16:03:49,662:INFO: [TRAIN] Step: 729 ; Loss: 17.812 ; Acc: 48.276
2018-09-19 16:03:49,766:INFO: [TRAIN] Step: 730 ; Loss: 23.970 ; Acc: 48.273
2018-09-19 16:03:49,863:INFO: [TRAIN] Step: 731 ; Loss: 21.600 ; Acc: 48.287
2018-09-19 16:03:49,967:INFO: [TRAIN] Step: 732 ; Loss: 21.884 ; Acc: 48.323
2018-09-19 16:03:50,067:INFO: [TRAIN] Step: 733 ; Loss: 26.481 ; Acc: 48.320
2018-09-19 16:03:50,174:INFO: [TRAIN] Step: 734 ; Loss: 25.321 ; Acc: 48.339
2018-09-19 16:03:50,276:INFO: [TRAIN] Step: 735 ; Loss: 25.670 ; Acc: 48.336
2018-09-19 16:03:50,386:INFO: [TRAIN] Step: 736 ; Loss: 19.555 ; Acc: 48.360
2018-09-19 16:03:50,496:INFO: [TRAIN] Step: 737 ; Loss: 19.062 ; Acc: 48.380
2018-09-19 16:03:50,603:INFO: [TRAIN] Step: 738 ; Loss: 23.622 ; Acc: 48.387
2018-09-19 16:03:50,723:INFO: [TRAIN] Step: 739 ; Loss: 23.072 ; Acc: 48.390
2018-09-19 16:03:50,838:INFO: [TRAIN] Step: 740 ; Loss: 21.809 ; Acc: 48.381
2018-09-19 16:03:50,955:INFO: [TRAIN] Step: 741 ; Loss: 24.774 ; Acc: 48.377
2018-09-19 16:03:51,072:INFO: [TRAIN] Step: 742 ; Loss: 19.851 ; Acc: 48.385
2018-09-19 16:03:51,199:INFO: [TRAIN] Step: 743 ; Loss: 21.454 ; Acc: 48.398
2018-09-19 16:03:51,317:INFO: [TRAIN] Step: 744 ; Loss: 21.395 ; Acc: 48.412
2018-09-19 16:03:51,437:INFO: [TRAIN] Step: 745 ; Loss: 23.882 ; Acc: 48.408
2018-09-19 16:03:51,559:INFO: [TRAIN] Step: 746 ; Loss: 18.039 ; Acc: 48.433
2018-09-19 16:03:51,683:INFO: [TRAIN] Step: 747 ; Loss: 27.263 ; Acc: 48.435
2018-09-19 16:03:51,808:INFO: [TRAIN] Step: 748 ; Loss: 21.262 ; Acc: 48.437
2018-09-19 16:03:51,934:INFO: [TRAIN] Step: 749 ; Loss: 23.734 ; Acc: 48.444
2018-09-19 16:03:52,060:INFO: [TRAIN] Step: 750 ; Loss: 23.591 ; Acc: 48.441
2018-09-19 16:03:52,181:INFO: [TRAIN] Step: 751 ; Loss: 20.181 ; Acc: 48.449
2018-09-19 16:03:52,316:INFO: [TRAIN] Step: 752 ; Loss: 25.443 ; Acc: 48.462
2018-09-19 16:03:52,440:INFO: [TRAIN] Step: 753 ; Loss: 23.230 ; Acc: 48.475
2018-09-19 16:03:52,564:INFO: [TRAIN] Step: 754 ; Loss: 23.506 ; Acc: 48.471
2018-09-19 16:03:52,692:INFO: [TRAIN] Step: 755 ; Loss: 22.120 ; Acc: 48.484
2018-09-19 16:03:52,819:INFO: [TRAIN] Step: 756 ; Loss: 27.005 ; Acc: 48.481
2018-09-19 16:03:52,957:INFO: [TRAIN] Step: 757 ; Loss: 25.022 ; Acc: 48.477
2018-09-19 16:03:53,084:INFO: [TRAIN] Step: 758 ; Loss: 23.545 ; Acc: 48.485
2018-09-19 16:03:53,208:INFO: [TRAIN] Step: 759 ; Loss: 24.745 ; Acc: 48.492
2018-09-19 16:03:53,343:INFO: [TRAIN] Step: 760 ; Loss: 23.751 ; Acc: 48.489
2018-09-19 16:03:53,469:INFO: [TRAIN] Step: 761 ; Loss: 22.114 ; Acc: 48.502
2018-09-19 16:03:53,600:INFO: [TRAIN] Step: 762 ; Loss: 23.854 ; Acc: 48.504
2018-09-19 16:03:53,730:INFO: [TRAIN] Step: 763 ; Loss: 24.319 ; Acc: 48.495
2018-09-19 16:03:53,859:INFO: [TRAIN] Step: 764 ; Loss: 22.125 ; Acc: 48.502
2018-09-19 16:03:53,993:INFO: [TRAIN] Step: 765 ; Loss: 23.051 ; Acc: 48.499
2018-09-19 16:03:54,127:INFO: [TRAIN] Step: 766 ; Loss: 23.295 ; Acc: 48.522
2018-09-19 16:03:54,256:INFO: [TRAIN] Step: 767 ; Loss: 28.291 ; Acc: 48.508
2018-09-19 16:03:54,385:INFO: [TRAIN] Step: 768 ; Loss: 30.783 ; Acc: 48.505
2018-09-19 16:03:54,518:INFO: [TRAIN] Step: 769 ; Loss: 25.035 ; Acc: 48.501
2018-09-19 16:03:54,655:INFO: [TRAIN] Step: 770 ; Loss: 25.938 ; Acc: 48.481
2018-09-19 16:03:54,788:INFO: [TRAIN] Step: 771 ; Loss: 20.395 ; Acc: 48.494
2018-09-19 16:03:54,922:INFO: [TRAIN] Step: 772 ; Loss: 22.644 ; Acc: 48.512
2018-09-19 16:03:55,058:INFO: [TRAIN] Step: 773 ; Loss: 24.678 ; Acc: 48.509
2018-09-19 16:03:55,193:INFO: [TRAIN] Step: 774 ; Loss: 24.476 ; Acc: 48.511
2018-09-19 16:03:55,327:INFO: [TRAIN] Step: 775 ; Loss: 22.513 ; Acc: 48.502
2018-09-19 16:03:55,471:INFO: [TRAIN] Step: 776 ; Loss: 23.313 ; Acc: 48.515
2018-09-19 16:03:55,619:INFO: [TRAIN] Step: 777 ; Loss: 18.304 ; Acc: 48.533
2018-09-19 16:03:55,756:INFO: [TRAIN] Step: 778 ; Loss: 22.852 ; Acc: 48.545
2018-09-19 16:03:55,891:INFO: [TRAIN] Step: 779 ; Loss: 16.980 ; Acc: 48.568
2018-09-19 16:03:56,031:INFO: [TRAIN] Step: 780 ; Loss: 27.530 ; Acc: 48.581
2018-09-19 16:03:56,170:INFO: [TRAIN] Step: 781 ; Loss: 20.501 ; Acc: 48.609
2018-09-19 16:03:56,305:INFO: [TRAIN] Step: 782 ; Loss: 19.714 ; Acc: 48.622
2018-09-19 16:03:56,441:INFO: [TRAIN] Step: 783 ; Loss: 23.456 ; Acc: 48.618
2018-09-19 16:03:56,579:INFO: [TRAIN] Step: 784 ; Loss: 21.313 ; Acc: 48.620
2018-09-19 16:03:56,718:INFO: [TRAIN] Step: 785 ; Loss: 20.534 ; Acc: 48.648
2018-09-19 16:03:56,858:INFO: [TRAIN] Step: 786 ; Loss: 26.784 ; Acc: 48.661
2018-09-19 16:03:56,993:INFO: [TRAIN] Step: 787 ; Loss: 26.790 ; Acc: 48.662
2018-09-19 16:03:57,132:INFO: [TRAIN] Step: 788 ; Loss: 28.328 ; Acc: 48.674
2018-09-19 16:03:57,271:INFO: [TRAIN] Step: 789 ; Loss: 22.641 ; Acc: 48.687
2018-09-19 16:03:57,411:INFO: [TRAIN] Step: 790 ; Loss: 24.264 ; Acc: 48.683
2018-09-19 16:03:57,549:INFO: [TRAIN] Step: 791 ; Loss: 24.090 ; Acc: 48.695
2018-09-19 16:03:57,695:INFO: [TRAIN] Step: 792 ; Loss: 23.933 ; Acc: 48.692
2018-09-19 16:03:57,829:INFO: [TRAIN] Step: 793 ; Loss: 22.098 ; Acc: 48.688
2018-09-19 16:03:57,966:INFO: [TRAIN] Step: 794 ; Loss: 20.630 ; Acc: 48.690
2018-09-19 16:03:58,099:INFO: [TRAIN] Step: 795 ; Loss: 26.983 ; Acc: 48.681
2018-09-19 16:03:58,239:INFO: [TRAIN] Step: 796 ; Loss: 30.195 ; Acc: 48.667
2018-09-19 16:03:58,375:INFO: [TRAIN] Step: 797 ; Loss: 25.845 ; Acc: 48.669
2018-09-19 16:03:58,513:INFO: [TRAIN] Step: 798 ; Loss: 23.149 ; Acc: 48.696
2018-09-19 16:03:58,647:INFO: [TRAIN] Step: 799 ; Loss: 21.798 ; Acc: 48.719
2018-09-19 16:03:58,786:INFO: [TRAIN] Step: 800 ; Loss: 26.534 ; Acc: 48.715
2018-09-19 16:03:58,921:INFO: [TRAIN] Step: 801 ; Loss: 24.027 ; Acc: 48.727
2018-09-19 16:03:59,060:INFO: [TRAIN] Step: 802 ; Loss: 22.897 ; Acc: 48.734
2018-09-19 16:03:59,201:INFO: [TRAIN] Step: 803 ; Loss: 24.820 ; Acc: 48.735
2018-09-19 16:03:59,341:INFO: [TRAIN] Step: 804 ; Loss: 23.054 ; Acc: 48.747
2018-09-19 16:03:59,478:INFO: [TRAIN] Step: 805 ; Loss: 27.799 ; Acc: 48.733
2018-09-19 16:03:59,615:INFO: [TRAIN] Step: 806 ; Loss: 25.026 ; Acc: 48.720
2018-09-19 16:03:59,752:INFO: [TRAIN] Step: 807 ; Loss: 21.297 ; Acc: 48.726
2018-09-19 16:03:59,887:INFO: [TRAIN] Step: 808 ; Loss: 27.144 ; Acc: 48.718
2018-09-19 16:04:00,028:INFO: [TRAIN] Step: 809 ; Loss: 24.473 ; Acc: 48.709
2018-09-19 16:04:00,166:INFO: [TRAIN] Step: 810 ; Loss: 22.198 ; Acc: 48.726
2018-09-19 16:04:00,303:INFO: [TRAIN] Step: 811 ; Loss: 23.147 ; Acc: 48.743
2018-09-19 16:04:00,436:INFO: [TRAIN] Step: 812 ; Loss: 21.426 ; Acc: 48.744
2018-09-19 16:04:00,577:INFO: [TRAIN] Step: 813 ; Loss: 20.191 ; Acc: 48.756
2018-09-19 16:04:00,719:INFO: [TRAIN] Step: 814 ; Loss: 19.712 ; Acc: 48.783
2018-09-19 16:04:00,861:INFO: [TRAIN] Step: 815 ; Loss: 20.853 ; Acc: 48.785
2018-09-19 16:04:01,000:INFO: [TRAIN] Step: 816 ; Loss: 22.690 ; Acc: 48.802
2018-09-19 16:04:01,135:INFO: [TRAIN] Step: 817 ; Loss: 22.623 ; Acc: 48.813
2018-09-19 16:04:01,271:INFO: [TRAIN] Step: 818 ; Loss: 34.933 ; Acc: 48.779
2018-09-19 16:04:01,418:INFO: [TRAIN] Step: 819 ; Loss: 27.608 ; Acc: 48.780
2018-09-19 16:04:01,554:INFO: [TRAIN] Step: 820 ; Loss: 24.472 ; Acc: 48.787
2018-09-19 16:04:01,703:INFO: [TRAIN] Step: 821 ; Loss: 23.084 ; Acc: 48.778
2018-09-19 16:04:01,846:INFO: [TRAIN] Step: 822 ; Loss: 20.690 ; Acc: 48.775
2018-09-19 16:04:01,989:INFO: [TRAIN] Step: 823 ; Loss: 18.903 ; Acc: 48.781
2018-09-19 16:04:02,137:INFO: [TRAIN] Step: 824 ; Loss: 23.281 ; Acc: 48.788
2018-09-19 16:04:02,284:INFO: [TRAIN] Step: 825 ; Loss: 26.243 ; Acc: 48.794
2018-09-19 16:04:02,427:INFO: [TRAIN] Step: 826 ; Loss: 21.959 ; Acc: 48.791
2018-09-19 16:04:02,566:INFO: [TRAIN] Step: 827 ; Loss: 22.615 ; Acc: 48.792
2018-09-19 16:04:02,710:INFO: [TRAIN] Step: 828 ; Loss: 27.539 ; Acc: 48.794
2018-09-19 16:04:02,854:INFO: [TRAIN] Step: 829 ; Loss: 22.943 ; Acc: 48.785
2018-09-19 16:04:03,000:INFO: [TRAIN] Step: 830 ; Loss: 25.747 ; Acc: 48.787
2018-09-19 16:04:03,143:INFO: [TRAIN] Step: 831 ; Loss: 24.867 ; Acc: 48.798
2018-09-19 16:04:03,291:INFO: [TRAIN] Step: 832 ; Loss: 26.779 ; Acc: 48.805
2018-09-19 16:04:03,434:INFO: [TRAIN] Step: 833 ; Loss: 27.138 ; Acc: 48.811
2018-09-19 16:04:03,582:INFO: [TRAIN] Step: 834 ; Loss: 26.026 ; Acc: 48.792
2018-09-19 16:04:03,723:INFO: [TRAIN] Step: 835 ; Loss: 27.013 ; Acc: 48.799
2018-09-19 16:04:03,869:INFO: [TRAIN] Step: 836 ; Loss: 19.884 ; Acc: 48.825
2018-09-19 16:04:04,007:INFO: [TRAIN] Step: 837 ; Loss: 25.910 ; Acc: 48.841
2018-09-19 16:04:04,151:INFO: [TRAIN] Step: 838 ; Loss: 21.636 ; Acc: 48.858
2018-09-19 16:04:04,322:INFO: [TRAIN] Step: 839 ; Loss: 23.539 ; Acc: 48.854
2018-09-19 16:04:04,467:INFO: [TRAIN] Step: 840 ; Loss: 24.350 ; Acc: 48.851
2018-09-19 16:04:04,623:INFO: [TRAIN] Step: 841 ; Loss: 23.160 ; Acc: 48.862
2018-09-19 16:04:04,774:INFO: [TRAIN] Step: 842 ; Loss: 23.445 ; Acc: 48.868
2018-09-19 16:04:04,927:INFO: [TRAIN] Step: 843 ; Loss: 22.983 ; Acc: 48.869
2018-09-19 16:04:05,099:INFO: [TRAIN] Step: 844 ; Loss: 21.261 ; Acc: 48.866
2018-09-19 16:04:05,262:INFO: [TRAIN] Step: 845 ; Loss: 17.709 ; Acc: 48.867
2018-09-19 16:04:05,409:INFO: [TRAIN] Step: 846 ; Loss: 25.736 ; Acc: 48.878
2018-09-19 16:04:05,552:INFO: [TRAIN] Step: 847 ; Loss: 19.133 ; Acc: 48.890
2018-09-19 16:04:05,697:INFO: [TRAIN] Step: 848 ; Loss: 26.871 ; Acc: 48.881
2018-09-19 16:04:05,849:INFO: [TRAIN] Step: 849 ; Loss: 24.489 ; Acc: 48.902
2018-09-19 16:04:05,994:INFO: [TRAIN] Step: 850 ; Loss: 24.527 ; Acc: 48.913
2018-09-19 16:04:06,133:INFO: [TRAIN] Step: 851 ; Loss: 25.368 ; Acc: 48.909
2018-09-19 16:04:06,283:INFO: [TRAIN] Step: 852 ; Loss: 27.762 ; Acc: 48.896
2018-09-19 16:04:06,421:INFO: [TRAIN] Step: 853 ; Loss: 27.104 ; Acc: 48.892
2018-09-19 16:04:06,561:INFO: [TRAIN] Step: 854 ; Loss: 23.284 ; Acc: 48.899
2018-09-19 16:04:06,703:INFO: [TRAIN] Step: 855 ; Loss: 29.588 ; Acc: 48.895
2018-09-19 16:04:06,856:INFO: [TRAIN] Step: 856 ; Loss: 20.431 ; Acc: 48.911
2018-09-19 16:04:07,012:INFO: [TRAIN] Step: 857 ; Loss: 22.608 ; Acc: 48.902
2018-09-19 16:04:07,176:INFO: [TRAIN] Step: 858 ; Loss: 22.419 ; Acc: 48.913
2018-09-19 16:04:07,355:INFO: [TRAIN] Step: 859 ; Loss: 21.628 ; Acc: 48.920
2018-09-19 16:04:07,500:INFO: [TRAIN] Step: 860 ; Loss: 24.737 ; Acc: 48.921
2018-09-19 16:04:07,651:INFO: [TRAIN] Step: 861 ; Loss: 22.035 ; Acc: 48.927
2018-09-19 16:04:07,800:INFO: [TRAIN] Step: 862 ; Loss: 24.332 ; Acc: 48.933
2018-09-19 16:04:07,943:INFO: [TRAIN] Step: 863 ; Loss: 25.348 ; Acc: 48.929
2018-09-19 16:04:08,088:INFO: [TRAIN] Step: 864 ; Loss: 23.380 ; Acc: 48.935
2018-09-19 16:04:08,243:INFO: [TRAIN] Step: 865 ; Loss: 23.658 ; Acc: 48.932
2018-09-19 16:04:08,384:INFO: [TRAIN] Step: 866 ; Loss: 19.209 ; Acc: 48.957
2018-09-19 16:04:08,523:INFO: [TRAIN] Step: 867 ; Loss: 26.307 ; Acc: 48.968
2018-09-19 16:04:08,682:INFO: [TRAIN] Step: 868 ; Loss: 21.292 ; Acc: 48.988
2018-09-19 16:04:08,822:INFO: [TRAIN] Step: 869 ; Loss: 22.346 ; Acc: 48.980
2018-09-19 16:04:08,980:INFO: [TRAIN] Step: 870 ; Loss: 24.065 ; Acc: 48.986
2018-09-19 16:04:09,117:INFO: [TRAIN] Step: 871 ; Loss: 14.674 ; Acc: 49.011
2018-09-19 16:04:09,255:INFO: [TRAIN] Step: 872 ; Loss: 24.831 ; Acc: 49.017
2018-09-19 16:04:09,397:INFO: [TRAIN] Step: 873 ; Loss: 23.447 ; Acc: 49.018
2018-09-19 16:04:09,532:INFO: [TRAIN] Step: 874 ; Loss: 18.417 ; Acc: 49.033
2018-09-19 16:04:09,676:INFO: [TRAIN] Step: 875 ; Loss: 25.803 ; Acc: 49.034
2018-09-19 16:04:09,825:INFO: [TRAIN] Step: 876 ; Loss: 18.378 ; Acc: 49.055
2018-09-19 16:04:09,981:INFO: [TRAIN] Step: 877 ; Loss: 19.673 ; Acc: 49.065
2018-09-19 16:04:10,119:INFO: [TRAIN] Step: 878 ; Loss: 23.019 ; Acc: 49.076
2018-09-19 16:04:10,255:INFO: [TRAIN] Step: 879 ; Loss: 16.842 ; Acc: 49.105
2018-09-19 16:04:10,389:INFO: [TRAIN] Step: 880 ; Loss: 16.753 ; Acc: 49.139
2018-09-19 16:04:10,521:INFO: [TRAIN] Step: 881 ; Loss: 21.922 ; Acc: 49.159
2018-09-19 16:04:10,655:INFO: [TRAIN] Step: 882 ; Loss: 23.321 ; Acc: 49.155
2018-09-19 16:04:10,792:INFO: [TRAIN] Step: 883 ; Loss: 19.377 ; Acc: 49.161
2018-09-19 16:04:10,919:INFO: [TRAIN] Step: 884 ; Loss: 23.302 ; Acc: 49.167
2018-09-19 16:04:11,047:INFO: [TRAIN] Step: 885 ; Loss: 22.778 ; Acc: 49.177
2018-09-19 16:04:11,183:INFO: [TRAIN] Step: 886 ; Loss: 20.682 ; Acc: 49.197
2018-09-19 16:04:11,317:INFO: [TRAIN] Step: 887 ; Loss: 24.420 ; Acc: 49.207
2018-09-19 16:04:11,450:INFO: [TRAIN] Step: 888 ; Loss: 29.188 ; Acc: 49.208
2018-09-19 16:04:11,586:INFO: [TRAIN] Step: 889 ; Loss: 20.575 ; Acc: 49.213
2018-09-19 16:04:11,720:INFO: [TRAIN] Step: 890 ; Loss: 26.670 ; Acc: 49.205
2018-09-19 16:04:11,855:INFO: [TRAIN] Step: 891 ; Loss: 27.260 ; Acc: 49.206
2018-09-19 16:04:11,990:INFO: [TRAIN] Step: 892 ; Loss: 25.717 ; Acc: 49.197
2018-09-19 16:04:12,117:INFO: [TRAIN] Step: 893 ; Loss: 26.564 ; Acc: 49.194
2018-09-19 16:04:12,240:INFO: [TRAIN] Step: 894 ; Loss: 27.365 ; Acc: 49.199
2018-09-19 16:04:12,367:INFO: [TRAIN] Step: 895 ; Loss: 23.283 ; Acc: 49.214
2018-09-19 16:04:12,496:INFO: [TRAIN] Step: 896 ; Loss: 22.877 ; Acc: 49.215
2018-09-19 16:04:12,618:INFO: [TRAIN] Step: 897 ; Loss: 21.491 ; Acc: 49.234
2018-09-19 16:04:12,740:INFO: [TRAIN] Step: 898 ; Loss: 28.207 ; Acc: 49.235
2018-09-19 16:04:12,860:INFO: [TRAIN] Step: 899 ; Loss: 26.802 ; Acc: 49.236
2018-09-19 16:04:12,981:INFO: [TRAIN] Step: 900 ; Loss: 26.770 ; Acc: 49.237
2018-09-19 16:04:13,105:INFO: [TRAIN] Step: 901 ; Loss: 32.656 ; Acc: 49.219
2018-09-19 16:04:13,226:INFO: [TRAIN] Step: 902 ; Loss: 23.817 ; Acc: 49.225
2018-09-19 16:04:13,351:INFO: [TRAIN] Step: 903 ; Loss: 25.230 ; Acc: 49.212
2018-09-19 16:04:13,470:INFO: [TRAIN] Step: 904 ; Loss: 21.525 ; Acc: 49.217
2018-09-19 16:04:13,590:INFO: [TRAIN] Step: 905 ; Loss: 20.369 ; Acc: 49.232
2018-09-19 16:04:13,720:INFO: [TRAIN] Step: 906 ; Loss: 25.497 ; Acc: 49.228
2018-09-19 16:04:13,843:INFO: [TRAIN] Step: 907 ; Loss: 23.182 ; Acc: 49.229
2018-09-19 16:04:13,970:INFO: [TRAIN] Step: 908 ; Loss: 21.372 ; Acc: 49.248
2018-09-19 16:04:14,094:INFO: [TRAIN] Step: 909 ; Loss: 20.879 ; Acc: 49.254
2018-09-19 16:04:14,213:INFO: [TRAIN] Step: 910 ; Loss: 20.736 ; Acc: 49.250
2018-09-19 16:04:14,331:INFO: [TRAIN] Step: 911 ; Loss: 20.600 ; Acc: 49.260
2018-09-19 16:04:14,445:INFO: [TRAIN] Step: 912 ; Loss: 16.354 ; Acc: 49.288
2018-09-19 16:04:14,564:INFO: [TRAIN] Step: 913 ; Loss: 19.466 ; Acc: 49.293
2018-09-19 16:04:14,691:INFO: [TRAIN] Step: 914 ; Loss: 24.804 ; Acc: 49.290
2018-09-19 16:04:14,809:INFO: [TRAIN] Step: 915 ; Loss: 21.633 ; Acc: 49.295
2018-09-19 16:04:14,925:INFO: [TRAIN] Step: 916 ; Loss: 16.733 ; Acc: 49.318
2018-09-19 16:04:15,046:INFO: [TRAIN] Step: 917 ; Loss: 22.929 ; Acc: 49.301
2018-09-19 16:04:15,164:INFO: [TRAIN] Step: 918 ; Loss: 25.800 ; Acc: 49.297
2018-09-19 16:04:15,277:INFO: [TRAIN] Step: 919 ; Loss: 20.265 ; Acc: 49.307
2018-09-19 16:04:15,395:INFO: [TRAIN] Step: 920 ; Loss: 23.001 ; Acc: 49.308
2018-09-19 16:04:15,516:INFO: [TRAIN] Step: 921 ; Loss: 31.579 ; Acc: 49.304
2018-09-19 16:04:15,626:INFO: [TRAIN] Step: 922 ; Loss: 28.373 ; Acc: 49.282
2018-09-19 16:04:15,746:INFO: [TRAIN] Step: 923 ; Loss: 23.021 ; Acc: 49.283
2018-09-19 16:04:15,858:INFO: [TRAIN] Step: 924 ; Loss: 24.718 ; Acc: 49.293
2018-09-19 16:04:15,982:INFO: [TRAIN] Step: 925 ; Loss: 18.542 ; Acc: 49.316
2018-09-19 16:04:16,101:INFO: [TRAIN] Step: 926 ; Loss: 22.218 ; Acc: 49.335
2018-09-19 16:04:16,216:INFO: [TRAIN] Step: 927 ; Loss: 25.329 ; Acc: 49.331
2018-09-19 16:04:16,336:INFO: [TRAIN] Step: 928 ; Loss: 22.331 ; Acc: 49.332
2018-09-19 16:04:16,452:INFO: [TRAIN] Step: 929 ; Loss: 21.571 ; Acc: 49.350
2018-09-19 16:04:16,567:INFO: [TRAIN] Step: 930 ; Loss: 26.675 ; Acc: 49.333
2018-09-19 16:04:16,684:INFO: [TRAIN] Step: 931 ; Loss: 25.569 ; Acc: 49.312
2018-09-19 16:04:16,794:INFO: [TRAIN] Step: 932 ; Loss: 21.113 ; Acc: 49.335
2018-09-19 16:04:16,904:INFO: [TRAIN] Step: 933 ; Loss: 26.366 ; Acc: 49.349
2018-09-19 16:04:17,017:INFO: [TRAIN] Step: 934 ; Loss: 24.233 ; Acc: 49.345
2018-09-19 16:04:17,136:INFO: [TRAIN] Step: 935 ; Loss: 20.101 ; Acc: 49.346
2018-09-19 16:04:17,255:INFO: [TRAIN] Step: 936 ; Loss: 23.073 ; Acc: 49.342
2018-09-19 16:04:17,369:INFO: [TRAIN] Step: 937 ; Loss: 22.314 ; Acc: 49.347
2018-09-19 16:04:17,490:INFO: [TRAIN] Step: 938 ; Loss: 26.799 ; Acc: 49.343
2018-09-19 16:04:17,635:INFO: [TRAIN] Step: 939 ; Loss: 26.824 ; Acc: 49.326
2018-09-19 16:04:17,752:INFO: [TRAIN] Step: 940 ; Loss: 23.536 ; Acc: 49.336
2018-09-19 16:04:17,869:INFO: [TRAIN] Step: 941 ; Loss: 21.206 ; Acc: 49.328
2018-09-19 16:04:17,987:INFO: [TRAIN] Step: 942 ; Loss: 26.872 ; Acc: 49.333
2018-09-19 16:04:18,098:INFO: [TRAIN] Step: 943 ; Loss: 31.613 ; Acc: 49.307
2018-09-19 16:04:18,214:INFO: [TRAIN] Step: 944 ; Loss: 22.252 ; Acc: 49.330
2018-09-19 16:04:18,328:INFO: [TRAIN] Step: 945 ; Loss: 21.978 ; Acc: 49.331
2018-09-19 16:04:18,440:INFO: [TRAIN] Step: 946 ; Loss: 21.535 ; Acc: 49.340
2018-09-19 16:04:18,554:INFO: [TRAIN] Step: 947 ; Loss: 26.440 ; Acc: 49.332
2018-09-19 16:04:18,673:INFO: [TRAIN] Step: 948 ; Loss: 16.701 ; Acc: 49.350
2018-09-19 16:04:18,785:INFO: [TRAIN] Step: 949 ; Loss: 25.179 ; Acc: 49.355
2018-09-19 16:04:18,899:INFO: [TRAIN] Step: 950 ; Loss: 19.756 ; Acc: 49.360
2018-09-19 16:04:19,023:INFO: [TRAIN] Step: 951 ; Loss: 26.367 ; Acc: 49.361
2018-09-19 16:04:19,137:INFO: [TRAIN] Step: 952 ; Loss: 27.129 ; Acc: 49.366
2018-09-19 16:04:19,249:INFO: [TRAIN] Step: 953 ; Loss: 24.304 ; Acc: 49.371
2018-09-19 16:04:19,363:INFO: [TRAIN] Step: 954 ; Loss: 23.577 ; Acc: 49.367
2018-09-19 16:04:19,479:INFO: [TRAIN] Step: 955 ; Loss: 24.252 ; Acc: 49.359
2018-09-19 16:04:19,592:INFO: [TRAIN] Step: 956 ; Loss: 22.965 ; Acc: 49.351
2018-09-19 16:04:19,705:INFO: [TRAIN] Step: 957 ; Loss: 25.455 ; Acc: 49.352
2018-09-19 16:04:19,816:INFO: [TRAIN] Step: 958 ; Loss: 23.160 ; Acc: 49.344
2018-09-19 16:04:19,924:INFO: [TRAIN] Step: 959 ; Loss: 25.531 ; Acc: 49.340
2018-09-19 16:04:20,040:INFO: [TRAIN] Step: 960 ; Loss: 20.390 ; Acc: 49.337
2018-09-19 16:04:20,153:INFO: [TRAIN] Step: 961 ; Loss: 21.824 ; Acc: 49.346
2018-09-19 16:04:20,266:INFO: [TRAIN] Step: 962 ; Loss: 19.662 ; Acc: 49.355
2018-09-19 16:04:20,383:INFO: [TRAIN] Step: 963 ; Loss: 24.996 ; Acc: 49.352
2018-09-19 16:04:20,496:INFO: [TRAIN] Step: 964 ; Loss: 20.382 ; Acc: 49.378
2018-09-19 16:04:20,609:INFO: [TRAIN] Step: 965 ; Loss: 22.203 ; Acc: 49.388
2018-09-19 16:04:20,719:INFO: [TRAIN] Step: 966 ; Loss: 16.873 ; Acc: 49.401
2018-09-19 16:04:20,829:INFO: [TRAIN] Step: 967 ; Loss: 27.452 ; Acc: 49.406
2018-09-19 16:04:20,939:INFO: [TRAIN] Step: 968 ; Loss: 29.714 ; Acc: 49.398
2018-09-19 16:04:21,048:INFO: [TRAIN] Step: 969 ; Loss: 21.599 ; Acc: 49.407
2018-09-19 16:04:21,160:INFO: [TRAIN] Step: 970 ; Loss: 16.876 ; Acc: 49.408
2018-09-19 16:04:21,272:INFO: [TRAIN] Step: 971 ; Loss: 19.295 ; Acc: 49.421
2018-09-19 16:04:21,392:INFO: [TRAIN] Step: 972 ; Loss: 21.263 ; Acc: 49.413
2018-09-19 16:04:21,512:INFO: [TRAIN] Step: 973 ; Loss: 20.504 ; Acc: 49.427
2018-09-19 16:04:21,631:INFO: [TRAIN] Step: 974 ; Loss: 21.387 ; Acc: 49.436
2018-09-19 16:04:21,749:INFO: [TRAIN] Step: 975 ; Loss: 24.642 ; Acc: 49.436
2018-09-19 16:04:21,860:INFO: [TRAIN] Step: 976 ; Loss: 19.951 ; Acc: 49.446
2018-09-19 16:04:21,971:INFO: [TRAIN] Step: 977 ; Loss: 19.331 ; Acc: 49.459
2018-09-19 16:04:22,094:INFO: [TRAIN] Step: 978 ; Loss: 21.313 ; Acc: 49.481
2018-09-19 16:04:22,209:INFO: [TRAIN] Step: 979 ; Loss: 21.795 ; Acc: 49.498
2018-09-19 16:04:22,325:INFO: [TRAIN] Step: 980 ; Loss: 23.265 ; Acc: 49.512
2018-09-19 16:04:22,440:INFO: [TRAIN] Step: 981 ; Loss: 21.926 ; Acc: 49.508
2018-09-19 16:04:22,554:INFO: [TRAIN] Step: 982 ; Loss: 27.681 ; Acc: 49.508
2018-09-19 16:04:22,666:INFO: [TRAIN] Step: 983 ; Loss: 22.243 ; Acc: 49.513
2018-09-19 16:04:22,779:INFO: [TRAIN] Step: 984 ; Loss: 21.288 ; Acc: 49.514
2018-09-19 16:04:22,888:INFO: [TRAIN] Step: 985 ; Loss: 25.824 ; Acc: 49.518
2018-09-19 16:04:23,006:INFO: [TRAIN] Step: 986 ; Loss: 20.909 ; Acc: 49.523
2018-09-19 16:04:23,122:INFO: [TRAIN] Step: 987 ; Loss: 22.159 ; Acc: 49.523
2018-09-19 16:04:23,235:INFO: [TRAIN] Step: 988 ; Loss: 28.012 ; Acc: 49.520
2018-09-19 16:04:23,349:INFO: [TRAIN] Step: 989 ; Loss: 21.732 ; Acc: 49.524
2018-09-19 16:04:23,470:INFO: [TRAIN] Step: 990 ; Loss: 21.000 ; Acc: 49.525
2018-09-19 16:04:23,588:INFO: [TRAIN] Step: 991 ; Loss: 18.274 ; Acc: 49.542
2018-09-19 16:04:23,701:INFO: [TRAIN] Step: 992 ; Loss: 27.192 ; Acc: 49.538
2018-09-19 16:04:23,814:INFO: [TRAIN] Step: 993 ; Loss: 22.014 ; Acc: 49.551
2018-09-19 16:04:23,926:INFO: [TRAIN] Step: 994 ; Loss: 21.941 ; Acc: 49.556
2018-09-19 16:04:24,037:INFO: [TRAIN] Step: 995 ; Loss: 20.756 ; Acc: 49.561
2018-09-19 16:04:24,150:INFO: [TRAIN] Step: 996 ; Loss: 23.757 ; Acc: 49.565
2018-09-19 16:04:24,260:INFO: [TRAIN] Step: 997 ; Loss: 25.173 ; Acc: 49.566
2018-09-19 16:04:24,373:INFO: [TRAIN] Step: 998 ; Loss: 21.887 ; Acc: 49.570
2018-09-19 16:04:24,485:INFO: [TRAIN] Step: 999 ; Loss: 20.468 ; Acc: 49.575
2018-09-19 16:04:24,608:INFO: [TRAIN] Step: 1000 ; Loss: 20.633 ; Acc: 49.580
2018-09-19 16:04:24,719:INFO: [TRAIN] Step: 1001 ; Loss: 22.831 ; Acc: 49.576
2018-09-19 16:04:24,845:INFO: [TRAIN] Step: 1002 ; Loss: 25.672 ; Acc: 49.572
2018-09-19 16:04:24,962:INFO: [TRAIN] Step: 1003 ; Loss: 25.000 ; Acc: 49.573
2018-09-19 16:04:25,081:INFO: [TRAIN] Step: 1004 ; Loss: 21.699 ; Acc: 49.565
2018-09-19 16:04:25,206:INFO: [TRAIN] Step: 1005 ; Loss: 20.331 ; Acc: 49.573
2018-09-19 16:04:25,327:INFO: [TRAIN] Step: 1006 ; Loss: 28.244 ; Acc: 49.570
2018-09-19 16:04:25,442:INFO: [TRAIN] Step: 1007 ; Loss: 22.571 ; Acc: 49.558
2018-09-19 16:04:25,553:INFO: [TRAIN] Step: 1008 ; Loss: 21.012 ; Acc: 49.562
2018-09-19 16:04:25,667:INFO: [TRAIN] Step: 1009 ; Loss: 21.906 ; Acc: 49.563
2018-09-19 16:04:25,781:INFO: [TRAIN] Step: 1010 ; Loss: 17.997 ; Acc: 49.592
2018-09-19 16:04:25,891:INFO: [TRAIN] Step: 1011 ; Loss: 24.822 ; Acc: 49.588
2018-09-19 16:04:26,000:INFO: [TRAIN] Step: 1012 ; Loss: 23.035 ; Acc: 49.593
2018-09-19 16:04:26,107:INFO: [TRAIN] Step: 1013 ; Loss: 19.221 ; Acc: 49.601
2018-09-19 16:04:26,215:INFO: [TRAIN] Step: 1014 ; Loss: 18.261 ; Acc: 49.618
2018-09-19 16:04:26,330:INFO: [TRAIN] Step: 1015 ; Loss: 17.762 ; Acc: 49.631
2018-09-19 16:04:26,442:INFO: [TRAIN] Step: 1016 ; Loss: 19.498 ; Acc: 49.656
2018-09-19 16:04:26,550:INFO: [TRAIN] Step: 1017 ; Loss: 23.402 ; Acc: 49.652
2018-09-19 16:04:26,663:INFO: [TRAIN] Step: 1018 ; Loss: 23.380 ; Acc: 49.652
2018-09-19 16:04:26,772:INFO: [TRAIN] Step: 1019 ; Loss: 19.614 ; Acc: 49.645
2018-09-19 16:04:26,888:INFO: [TRAIN] Step: 1020 ; Loss: 22.316 ; Acc: 49.653
2018-09-19 16:04:26,996:INFO: [TRAIN] Step: 1021 ; Loss: 22.904 ; Acc: 49.666
2018-09-19 16:04:27,102:INFO: [TRAIN] Step: 1022 ; Loss: 22.816 ; Acc: 49.674
2018-09-19 16:04:27,217:INFO: [TRAIN] Step: 1023 ; Loss: 18.056 ; Acc: 49.695
2018-09-19 16:04:27,356:INFO: [TRAIN] Step: 1024 ; Loss: 18.383 ; Acc: 49.707
2018-09-19 16:04:27,504:INFO: [TRAIN] Step: 1025 ; Loss: 28.006 ; Acc: 49.712
2018-09-19 16:04:27,653:INFO: [TRAIN] Step: 1026 ; Loss: 23.591 ; Acc: 49.728
2018-09-19 16:04:27,801:INFO: [TRAIN] Step: 1027 ; Loss: 22.989 ; Acc: 49.728
2018-09-19 16:04:27,949:INFO: [TRAIN] Step: 1028 ; Loss: 21.441 ; Acc: 49.737
2018-09-19 16:04:28,097:INFO: [TRAIN] Step: 1029 ; Loss: 18.433 ; Acc: 49.765
2018-09-19 16:04:28,227:INFO: [TRAIN] Step: 1030 ; Loss: 24.268 ; Acc: 49.766
2018-09-19 16:04:28,348:INFO: [TRAIN] Step: 1031 ; Loss: 22.382 ; Acc: 49.774
2018-09-19 16:04:28,464:INFO: [TRAIN] Step: 1032 ; Loss: 18.699 ; Acc: 49.794
2018-09-19 16:04:28,577:INFO: [TRAIN] Step: 1033 ; Loss: 22.150 ; Acc: 49.799
2018-09-19 16:04:28,695:INFO: [TRAIN] Step: 1034 ; Loss: 18.187 ; Acc: 49.815
2018-09-19 16:04:28,839:INFO: [TRAIN] Step: 1035 ; Loss: 29.072 ; Acc: 49.803
2018-09-19 16:04:28,996:INFO: [TRAIN] Step: 1036 ; Loss: 22.031 ; Acc: 49.803
2018-09-19 16:04:29,160:INFO: [TRAIN] Step: 1037 ; Loss: 23.216 ; Acc: 49.811
2018-09-19 16:04:29,315:INFO: [TRAIN] Step: 1038 ; Loss: 19.967 ; Acc: 49.832
2018-09-19 16:04:29,433:INFO: [TRAIN] Step: 1039 ; Loss: 26.619 ; Acc: 49.832
2018-09-19 16:04:29,556:INFO: [TRAIN] Step: 1040 ; Loss: 20.457 ; Acc: 49.852
2018-09-19 16:04:29,668:INFO: [TRAIN] Step: 1041 ; Loss: 24.661 ; Acc: 49.852
2018-09-19 16:04:29,785:INFO: [TRAIN] Step: 1042 ; Loss: 22.743 ; Acc: 49.856
2018-09-19 16:04:29,912:INFO: [TRAIN] Step: 1043 ; Loss: 16.274 ; Acc: 49.872
2018-09-19 16:04:30,038:INFO: [TRAIN] Step: 1044 ; Loss: 18.374 ; Acc: 49.888
2018-09-19 16:04:30,159:INFO: [TRAIN] Step: 1045 ; Loss: 19.373 ; Acc: 49.900
2018-09-19 16:04:30,277:INFO: [TRAIN] Step: 1046 ; Loss: 19.675 ; Acc: 49.920
2018-09-19 16:04:30,390:INFO: [TRAIN] Step: 1047 ; Loss: 23.096 ; Acc: 49.928
2018-09-19 16:04:30,505:INFO: [TRAIN] Step: 1048 ; Loss: 24.278 ; Acc: 49.932
2018-09-19 16:04:30,623:INFO: [TRAIN] Step: 1049 ; Loss: 19.981 ; Acc: 49.952
2018-09-19 16:04:30,745:INFO: [TRAIN] Step: 1050 ; Loss: 23.540 ; Acc: 49.952
2018-09-19 16:04:30,857:INFO: [TRAIN] Step: 1051 ; Loss: 18.959 ; Acc: 49.956
2018-09-19 16:04:30,970:INFO: [TRAIN] Step: 1052 ; Loss: 18.472 ; Acc: 49.964
2018-09-19 16:04:31,084:INFO: [TRAIN] Step: 1053 ; Loss: 26.432 ; Acc: 49.964
2018-09-19 16:04:31,197:INFO: [TRAIN] Step: 1054 ; Loss: 24.452 ; Acc: 49.972
2018-09-19 16:04:31,315:INFO: [TRAIN] Step: 1055 ; Loss: 19.562 ; Acc: 49.976
2018-09-19 16:04:31,432:INFO: [TRAIN] Step: 1056 ; Loss: 19.075 ; Acc: 49.984
2018-09-19 16:04:31,550:INFO: [TRAIN] Step: 1057 ; Loss: 27.541 ; Acc: 49.984
2018-09-19 16:04:31,667:INFO: [TRAIN] Step: 1058 ; Loss: 20.200 ; Acc: 50.000
2018-09-19 16:04:31,785:INFO: [TRAIN] Step: 1059 ; Loss: 15.851 ; Acc: 50.024
2018-09-19 16:04:31,902:INFO: [TRAIN] Step: 1060 ; Loss: 26.439 ; Acc: 50.020
2018-09-19 16:04:32,020:INFO: [TRAIN] Step: 1061 ; Loss: 26.024 ; Acc: 50.016
2018-09-19 16:04:32,132:INFO: [TRAIN] Step: 1062 ; Loss: 19.841 ; Acc: 50.020
2018-09-19 16:04:32,244:INFO: [TRAIN] Step: 1063 ; Loss: 21.294 ; Acc: 50.027
2018-09-19 16:04:32,362:INFO: [TRAIN] Step: 1064 ; Loss: 18.959 ; Acc: 50.031
2018-09-19 16:04:32,476:INFO: [TRAIN] Step: 1065 ; Loss: 26.075 ; Acc: 50.031
2018-09-19 16:04:32,591:INFO: [TRAIN] Step: 1066 ; Loss: 21.526 ; Acc: 50.047
2018-09-19 16:04:32,709:INFO: [TRAIN] Step: 1067 ; Loss: 14.134 ; Acc: 50.074
2018-09-19 16:04:32,831:INFO: [TRAIN] Step: 1068 ; Loss: 24.922 ; Acc: 50.066
2018-09-19 16:04:32,946:INFO: [TRAIN] Step: 1069 ; Loss: 18.179 ; Acc: 50.070
2018-09-19 16:04:33,061:INFO: [TRAIN] Step: 1070 ; Loss: 21.575 ; Acc: 50.089
2018-09-19 16:04:33,176:INFO: [TRAIN] Step: 1071 ; Loss: 23.667 ; Acc: 50.105
2018-09-19 16:04:33,295:INFO: [TRAIN] Step: 1072 ; Loss: 21.496 ; Acc: 50.113
2018-09-19 16:04:33,409:INFO: [TRAIN] Step: 1073 ; Loss: 18.242 ; Acc: 50.116
2018-09-19 16:04:33,529:INFO: [TRAIN] Step: 1074 ; Loss: 30.143 ; Acc: 50.109
2018-09-19 16:04:33,656:INFO: [TRAIN] Step: 1075 ; Loss: 21.914 ; Acc: 50.116
2018-09-19 16:04:33,773:INFO: [TRAIN] Step: 1076 ; Loss: 15.886 ; Acc: 50.132
2018-09-19 16:04:33,886:INFO: [TRAIN] Step: 1077 ; Loss: 18.536 ; Acc: 50.155
2018-09-19 16:04:34,004:INFO: [TRAIN] Step: 1078 ; Loss: 23.715 ; Acc: 50.154
2018-09-19 16:04:34,123:INFO: [TRAIN] Step: 1079 ; Loss: 25.725 ; Acc: 50.150
2018-09-19 16:04:34,240:INFO: [TRAIN] Step: 1080 ; Loss: 22.806 ; Acc: 50.162
2018-09-19 16:04:34,357:INFO: [TRAIN] Step: 1081 ; Loss: 22.872 ; Acc: 50.169
2018-09-19 16:04:34,474:INFO: [TRAIN] Step: 1082 ; Loss: 23.241 ; Acc: 50.185
2018-09-19 16:04:34,590:INFO: [TRAIN] Step: 1083 ; Loss: 18.823 ; Acc: 50.196
2018-09-19 16:04:34,707:INFO: [TRAIN] Step: 1084 ; Loss: 22.904 ; Acc: 50.196
2018-09-19 16:04:34,825:INFO: [TRAIN] Step: 1085 ; Loss: 24.891 ; Acc: 50.192
2018-09-19 16:04:34,939:INFO: [TRAIN] Step: 1086 ; Loss: 24.225 ; Acc: 50.180
2018-09-19 16:04:35,063:INFO: [TRAIN] Step: 1087 ; Loss: 20.223 ; Acc: 50.184
2018-09-19 16:04:35,176:INFO: [TRAIN] Step: 1088 ; Loss: 23.943 ; Acc: 50.180
2018-09-19 16:04:35,293:INFO: [TRAIN] Step: 1089 ; Loss: 20.704 ; Acc: 50.199
2018-09-19 16:04:35,410:INFO: [TRAIN] Step: 1090 ; Loss: 24.037 ; Acc: 50.199
2018-09-19 16:04:35,523:INFO: [TRAIN] Step: 1091 ; Loss: 19.916 ; Acc: 50.210
2018-09-19 16:04:35,642:INFO: [TRAIN] Step: 1092 ; Loss: 23.953 ; Acc: 50.217
2018-09-19 16:04:35,760:INFO: [TRAIN] Step: 1093 ; Loss: 22.001 ; Acc: 50.232
2018-09-19 16:04:35,878:INFO: [TRAIN] Step: 1094 ; Loss: 22.233 ; Acc: 50.236
2018-09-19 16:04:35,995:INFO: [TRAIN] Step: 1095 ; Loss: 18.901 ; Acc: 50.255
2018-09-19 16:04:36,113:INFO: [TRAIN] Step: 1096 ; Loss: 20.793 ; Acc: 50.258
2018-09-19 16:04:36,229:INFO: [TRAIN] Step: 1097 ; Loss: 21.824 ; Acc: 50.258
2018-09-19 16:04:36,345:INFO: [TRAIN] Step: 1098 ; Loss: 21.206 ; Acc: 50.281
2018-09-19 16:04:36,459:INFO: [TRAIN] Step: 1099 ; Loss: 22.979 ; Acc: 50.284
2018-09-19 16:04:36,571:INFO: [TRAIN] Step: 1100 ; Loss: 24.007 ; Acc: 50.295
2018-09-19 16:04:36,687:INFO: [TRAIN] Step: 1101 ; Loss: 27.120 ; Acc: 50.291
2018-09-19 16:04:36,806:INFO: [TRAIN] Step: 1102 ; Loss: 20.217 ; Acc: 50.298
2018-09-19 16:04:36,918:INFO: [TRAIN] Step: 1103 ; Loss: 27.821 ; Acc: 50.287
2018-09-19 16:04:37,035:INFO: [TRAIN] Step: 1104 ; Loss: 20.767 ; Acc: 50.290
2018-09-19 16:04:37,150:INFO: [TRAIN] Step: 1105 ; Loss: 20.706 ; Acc: 50.286
2018-09-19 16:04:37,271:INFO: [TRAIN] Step: 1106 ; Loss: 22.410 ; Acc: 50.290
2018-09-19 16:04:37,387:INFO: [TRAIN] Step: 1107 ; Loss: 22.596 ; Acc: 50.290
2018-09-19 16:04:37,505:INFO: [TRAIN] Step: 1108 ; Loss: 16.540 ; Acc: 50.308
2018-09-19 16:04:37,619:INFO: [TRAIN] Step: 1109 ; Loss: 22.436 ; Acc: 50.300
2018-09-19 16:04:37,735:INFO: [TRAIN] Step: 1110 ; Loss: 23.747 ; Acc: 50.300
2018-09-19 16:04:37,849:INFO: [TRAIN] Step: 1111 ; Loss: 21.140 ; Acc: 50.307
2018-09-19 16:04:37,962:INFO: [TRAIN] Step: 1112 ; Loss: 22.624 ; Acc: 50.314
2018-09-19 16:04:38,075:INFO: [TRAIN] Step: 1113 ; Loss: 21.855 ; Acc: 50.314
2018-09-19 16:04:38,189:INFO: [TRAIN] Step: 1114 ; Loss: 23.546 ; Acc: 50.295
2018-09-19 16:04:38,302:INFO: [TRAIN] Step: 1115 ; Loss: 20.666 ; Acc: 50.306
2018-09-19 16:04:38,414:INFO: [TRAIN] Step: 1116 ; Loss: 26.175 ; Acc: 50.302
2018-09-19 16:04:38,531:INFO: [TRAIN] Step: 1117 ; Loss: 23.118 ; Acc: 50.298
2018-09-19 16:04:38,647:INFO: [TRAIN] Step: 1118 ; Loss: 22.613 ; Acc: 50.317
2018-09-19 16:04:38,766:INFO: [TRAIN] Step: 1119 ; Loss: 21.296 ; Acc: 50.331
2018-09-19 16:04:38,881:INFO: [TRAIN] Step: 1120 ; Loss: 23.119 ; Acc: 50.335
2018-09-19 16:04:38,998:INFO: [TRAIN] Step: 1121 ; Loss: 20.833 ; Acc: 50.353
2018-09-19 16:04:39,116:INFO: [TRAIN] Step: 1122 ; Loss: 22.489 ; Acc: 50.367
2018-09-19 16:04:39,235:INFO: [TRAIN] Step: 1123 ; Loss: 22.207 ; Acc: 50.374
2018-09-19 16:04:39,346:INFO: [TRAIN] Step: 1124 ; Loss: 24.923 ; Acc: 50.381
2018-09-19 16:04:39,462:INFO: [TRAIN] Step: 1125 ; Loss: 24.634 ; Acc: 50.377
2018-09-19 16:04:39,582:INFO: [TRAIN] Step: 1126 ; Loss: 22.308 ; Acc: 50.377
2018-09-19 16:04:39,697:INFO: [TRAIN] Step: 1127 ; Loss: 26.570 ; Acc: 50.369
2018-09-19 16:04:39,810:INFO: [TRAIN] Step: 1128 ; Loss: 23.891 ; Acc: 50.376
2018-09-19 16:04:39,935:INFO: [TRAIN] Step: 1129 ; Loss: 21.027 ; Acc: 50.383
2018-09-19 16:04:40,054:INFO: [TRAIN] Step: 1130 ; Loss: 24.846 ; Acc: 50.387
2018-09-19 16:04:40,170:INFO: [TRAIN] Step: 1131 ; Loss: 27.006 ; Acc: 50.390
2018-09-19 16:04:40,290:INFO: [TRAIN] Step: 1132 ; Loss: 21.496 ; Acc: 50.393
2018-09-19 16:04:40,406:INFO: [TRAIN] Step: 1133 ; Loss: 25.480 ; Acc: 50.393
2018-09-19 16:04:40,522:INFO: [TRAIN] Step: 1134 ; Loss: 21.206 ; Acc: 50.404
2018-09-19 16:04:40,640:INFO: [TRAIN] Step: 1135 ; Loss: 24.924 ; Acc: 50.400
2018-09-19 16:04:40,754:INFO: [TRAIN] Step: 1136 ; Loss: 18.058 ; Acc: 50.399
2018-09-19 16:04:40,869:INFO: [TRAIN] Step: 1137 ; Loss: 21.327 ; Acc: 50.403
2018-09-19 16:04:40,985:INFO: [TRAIN] Step: 1138 ; Loss: 19.264 ; Acc: 50.406
2018-09-19 16:04:41,100:INFO: [TRAIN] Step: 1139 ; Loss: 25.480 ; Acc: 50.406
2018-09-19 16:04:41,219:INFO: [TRAIN] Step: 1140 ; Loss: 24.255 ; Acc: 50.405
2018-09-19 16:04:41,339:INFO: [TRAIN] Step: 1141 ; Loss: 20.959 ; Acc: 50.401
2018-09-19 16:04:41,456:INFO: [TRAIN] Step: 1142 ; Loss: 19.206 ; Acc: 50.419
2018-09-19 16:04:41,572:INFO: [TRAIN] Step: 1143 ; Loss: 26.052 ; Acc: 50.408
2018-09-19 16:04:41,688:INFO: [TRAIN] Step: 1144 ; Loss: 22.575 ; Acc: 50.422
2018-09-19 16:04:41,806:INFO: [TRAIN] Step: 1145 ; Loss: 25.077 ; Acc: 50.414
2018-09-19 16:04:41,923:INFO: [TRAIN] Step: 1146 ; Loss: 21.865 ; Acc: 50.425
2018-09-19 16:04:42,038:INFO: [TRAIN] Step: 1147 ; Loss: 26.866 ; Acc: 50.414
2018-09-19 16:04:42,155:INFO: [TRAIN] Step: 1148 ; Loss: 24.439 ; Acc: 50.413
2018-09-19 16:04:42,275:INFO: [TRAIN] Step: 1149 ; Loss: 21.551 ; Acc: 50.417
2018-09-19 16:04:42,393:INFO: [TRAIN] Step: 1150 ; Loss: 18.132 ; Acc: 50.427
2018-09-19 16:04:42,508:INFO: [TRAIN] Step: 1151 ; Loss: 18.313 ; Acc: 50.438
2018-09-19 16:04:42,620:INFO: [TRAIN] Step: 1152 ; Loss: 24.420 ; Acc: 50.437
2018-09-19 16:04:42,737:INFO: [TRAIN] Step: 1153 ; Loss: 21.030 ; Acc: 50.444
2018-09-19 16:04:42,857:INFO: [TRAIN] Step: 1154 ; Loss: 23.644 ; Acc: 50.458
2018-09-19 16:04:42,972:INFO: [TRAIN] Step: 1155 ; Loss: 28.481 ; Acc: 50.454
2018-09-19 16:04:43,095:INFO: [TRAIN] Step: 1156 ; Loss: 22.035 ; Acc: 50.454
2018-09-19 16:04:43,209:INFO: [TRAIN] Step: 1157 ; Loss: 24.034 ; Acc: 50.468
2018-09-19 16:04:43,326:INFO: [TRAIN] Step: 1158 ; Loss: 20.529 ; Acc: 50.478
2018-09-19 16:04:43,443:INFO: [TRAIN] Step: 1159 ; Loss: 25.270 ; Acc: 50.485
2018-09-19 16:04:43,557:INFO: [TRAIN] Step: 1160 ; Loss: 21.851 ; Acc: 50.488
2018-09-19 16:04:43,677:INFO: [TRAIN] Step: 1161 ; Loss: 22.595 ; Acc: 50.488
2018-09-19 16:04:43,795:INFO: [TRAIN] Step: 1162 ; Loss: 23.270 ; Acc: 50.487
2018-09-19 16:04:43,910:INFO: [TRAIN] Step: 1163 ; Loss: 26.021 ; Acc: 50.487
2018-09-19 16:04:44,027:INFO: [TRAIN] Step: 1164 ; Loss: 20.204 ; Acc: 50.497
2018-09-19 16:04:44,145:INFO: [TRAIN] Step: 1165 ; Loss: 23.064 ; Acc: 50.504
2018-09-19 16:04:44,265:INFO: [TRAIN] Step: 1166 ; Loss: 26.828 ; Acc: 50.503
2018-09-19 16:04:44,386:INFO: [TRAIN] Step: 1167 ; Loss: 19.314 ; Acc: 50.524
2018-09-19 16:04:44,502:INFO: [TRAIN] Step: 1168 ; Loss: 20.145 ; Acc: 50.528
2018-09-19 16:04:44,614:INFO: [TRAIN] Step: 1169 ; Loss: 26.423 ; Acc: 50.524
2018-09-19 16:04:44,732:INFO: [TRAIN] Step: 1170 ; Loss: 30.587 ; Acc: 50.519
2018-09-19 16:04:44,847:INFO: [TRAIN] Step: 1171 ; Loss: 26.253 ; Acc: 50.523
2018-09-19 16:04:44,959:INFO: [TRAIN] Step: 1172 ; Loss: 21.637 ; Acc: 50.536
2018-09-19 16:04:45,071:INFO: [TRAIN] Step: 1173 ; Loss: 24.596 ; Acc: 50.543
2018-09-19 16:04:45,185:INFO: [TRAIN] Step: 1174 ; Loss: 25.160 ; Acc: 50.535
2018-09-19 16:04:45,299:INFO: [TRAIN] Step: 1175 ; Loss: 25.409 ; Acc: 50.531
2018-09-19 16:04:45,417:INFO: [TRAIN] Step: 1176 ; Loss: 29.194 ; Acc: 50.531
2018-09-19 16:04:45,532:INFO: [TRAIN] Step: 1177 ; Loss: 25.144 ; Acc: 50.527
2018-09-19 16:04:45,646:INFO: [TRAIN] Step: 1178 ; Loss: 29.511 ; Acc: 50.516
2018-09-19 16:04:45,764:INFO: [TRAIN] Step: 1179 ; Loss: 26.767 ; Acc: 50.508
2018-09-19 16:04:45,881:INFO: [TRAIN] Step: 1180 ; Loss: 21.540 ; Acc: 50.505
2018-09-19 16:04:45,997:INFO: [TRAIN] Step: 1181 ; Loss: 22.579 ; Acc: 50.501
2018-09-19 16:04:46,112:INFO: [TRAIN] Step: 1182 ; Loss: 24.964 ; Acc: 50.497
2018-09-19 16:04:46,225:INFO: [TRAIN] Step: 1183 ; Loss: 24.575 ; Acc: 50.489
2018-09-19 16:04:46,344:INFO: [TRAIN] Step: 1184 ; Loss: 21.445 ; Acc: 50.492
2018-09-19 16:04:46,460:INFO: [TRAIN] Step: 1185 ; Loss: 20.384 ; Acc: 50.495
2018-09-19 16:04:46,581:INFO: [TRAIN] Step: 1186 ; Loss: 21.426 ; Acc: 50.505
2018-09-19 16:04:46,697:INFO: [TRAIN] Step: 1187 ; Loss: 25.803 ; Acc: 50.512
2018-09-19 16:04:46,810:INFO: [TRAIN] Step: 1188 ; Loss: 25.209 ; Acc: 50.512
2018-09-19 16:04:46,925:INFO: [TRAIN] Step: 1189 ; Loss: 23.130 ; Acc: 50.525
2018-09-19 16:04:52,187:INFO: [EVAL] Step: 1190 ; Loss: 0.238 ; Acc: 0.529
