2018-09-19 14:16:22,790:INFO: ### Model ###
LeNet5(
  (convnet): Sequential(
    (0): Conv2d(1, 6, kernel_size=(5, 5), stride=(1, 1))
    (1): ReLU()
    (2): MaxPool2d(kernel_size=(2, 2), stride=2, padding=0, dilation=1, ceil_mode=False)
    (3): Conv2d(6, 16, kernel_size=(5, 5), stride=(1, 1))
    (4): ReLU()
    (5): MaxPool2d(kernel_size=(2, 2), stride=2, padding=0, dilation=1, ceil_mode=False)
    (6): Conv2d(16, 120, kernel_size=(5, 5), stride=(1, 1))
    (7): ReLU()
    (8): Conv2d(120, 240, kernel_size=(5, 5), stride=(1, 1))
    (9): ReLU()
  )
  (fc): Sequential(
    (0): Linear(in_features=240, out_features=84, bias=True)
    (1): ReLU()
    (2): Linear(in_features=84, out_features=10, bias=True)
  )
)
2018-09-19 14:16:22,790:INFO: ### Optimizer ###
Adam (
Parameter Group 0
    amsgrad: False
    betas: (0.9, 0.999)
    eps: 1e-08
    lr: 5e-05
    weight_decay: 0
)
2018-09-19 14:16:22,790:INFO: ### HParams ###
n_epochs: 1 ; data: ferplus ; label: ferplus_votes ; batch_size: 24 ; lr: 5e-05 ; wd: 0 ; eval_steps: 1190
2018-09-19 14:16:22,958:INFO: [TRAIN] Step: 0 ; Loss: 42.242 ; Acc: 0.000
2018-09-19 14:16:23,035:INFO: [TRAIN] Step: 1 ; Loss: 42.604 ; Acc: 0.000
2018-09-19 14:16:23,121:INFO: [TRAIN] Step: 2 ; Loss: 39.692 ; Acc: 0.000
2018-09-19 14:16:23,215:INFO: [TRAIN] Step: 3 ; Loss: 44.858 ; Acc: 1.042
2018-09-19 14:16:23,289:INFO: [TRAIN] Step: 4 ; Loss: 39.404 ; Acc: 3.333
2018-09-19 14:16:23,370:INFO: [TRAIN] Step: 5 ; Loss: 42.404 ; Acc: 5.556
2018-09-19 14:16:23,442:INFO: [TRAIN] Step: 6 ; Loss: 44.619 ; Acc: 8.929
2018-09-19 14:16:23,525:INFO: [TRAIN] Step: 7 ; Loss: 42.715 ; Acc: 10.938
2018-09-19 14:16:23,600:INFO: [TRAIN] Step: 8 ; Loss: 42.288 ; Acc: 11.574
2018-09-19 14:16:23,680:INFO: [TRAIN] Step: 9 ; Loss: 45.272 ; Acc: 13.333
2018-09-19 14:16:23,755:INFO: [TRAIN] Step: 10 ; Loss: 42.642 ; Acc: 15.152
2018-09-19 14:16:23,838:INFO: [TRAIN] Step: 11 ; Loss: 40.269 ; Acc: 15.278
2018-09-19 14:16:23,911:INFO: [TRAIN] Step: 12 ; Loss: 40.144 ; Acc: 15.385
2018-09-19 14:16:24,000:INFO: [TRAIN] Step: 13 ; Loss: 40.741 ; Acc: 16.071
2018-09-19 14:16:24,087:INFO: [TRAIN] Step: 14 ; Loss: 39.062 ; Acc: 16.389
2018-09-19 14:16:24,171:INFO: [TRAIN] Step: 15 ; Loss: 39.612 ; Acc: 17.448
2018-09-19 14:16:24,248:INFO: [TRAIN] Step: 16 ; Loss: 36.625 ; Acc: 17.647
2018-09-19 14:16:24,327:INFO: [TRAIN] Step: 17 ; Loss: 42.386 ; Acc: 18.287
2018-09-19 14:16:24,401:INFO: [TRAIN] Step: 18 ; Loss: 36.825 ; Acc: 18.202
2018-09-19 14:16:24,496:INFO: [TRAIN] Step: 19 ; Loss: 39.713 ; Acc: 18.958
2018-09-19 14:16:24,571:INFO: [TRAIN] Step: 20 ; Loss: 39.743 ; Acc: 18.651
2018-09-19 14:16:24,657:INFO: [TRAIN] Step: 21 ; Loss: 42.911 ; Acc: 18.750
2018-09-19 14:16:24,751:INFO: [TRAIN] Step: 22 ; Loss: 39.438 ; Acc: 19.203
2018-09-19 14:16:24,840:INFO: [TRAIN] Step: 23 ; Loss: 39.861 ; Acc: 19.444
2018-09-19 14:16:24,923:INFO: [TRAIN] Step: 24 ; Loss: 37.683 ; Acc: 19.500
2018-09-19 14:16:25,004:INFO: [TRAIN] Step: 25 ; Loss: 37.213 ; Acc: 19.391
2018-09-19 14:16:25,079:INFO: [TRAIN] Step: 26 ; Loss: 40.309 ; Acc: 19.444
2018-09-19 14:16:25,174:INFO: [TRAIN] Step: 27 ; Loss: 36.266 ; Acc: 19.196
2018-09-19 14:16:25,254:INFO: [TRAIN] Step: 28 ; Loss: 34.387 ; Acc: 18.822
2018-09-19 14:16:25,335:INFO: [TRAIN] Step: 29 ; Loss: 40.685 ; Acc: 19.028
2018-09-19 14:16:25,408:INFO: [TRAIN] Step: 30 ; Loss: 42.719 ; Acc: 19.892
2018-09-19 14:16:25,490:INFO: [TRAIN] Step: 31 ; Loss: 39.763 ; Acc: 20.443
2018-09-19 14:16:25,562:INFO: [TRAIN] Step: 32 ; Loss: 38.005 ; Acc: 20.707
2018-09-19 14:16:25,640:INFO: [TRAIN] Step: 33 ; Loss: 35.890 ; Acc: 20.588
2018-09-19 14:16:25,715:INFO: [TRAIN] Step: 34 ; Loss: 37.776 ; Acc: 21.310
2018-09-19 14:16:25,803:INFO: [TRAIN] Step: 35 ; Loss: 35.906 ; Acc: 21.296
2018-09-19 14:16:25,892:INFO: [TRAIN] Step: 36 ; Loss: 36.096 ; Acc: 22.185
2018-09-19 14:16:25,981:INFO: [TRAIN] Step: 37 ; Loss: 37.856 ; Acc: 22.697
2018-09-19 14:16:26,063:INFO: [TRAIN] Step: 38 ; Loss: 36.774 ; Acc: 22.863
2018-09-19 14:16:26,164:INFO: [TRAIN] Step: 39 ; Loss: 36.730 ; Acc: 23.542
2018-09-19 14:16:26,255:INFO: [TRAIN] Step: 40 ; Loss: 35.003 ; Acc: 23.984
2018-09-19 14:16:26,335:INFO: [TRAIN] Step: 41 ; Loss: 35.636 ; Acc: 24.306
2018-09-19 14:16:26,409:INFO: [TRAIN] Step: 42 ; Loss: 37.125 ; Acc: 24.612
2018-09-19 14:16:26,492:INFO: [TRAIN] Step: 43 ; Loss: 40.001 ; Acc: 24.811
2018-09-19 14:16:26,568:INFO: [TRAIN] Step: 44 ; Loss: 35.591 ; Acc: 25.278
2018-09-19 14:16:26,651:INFO: [TRAIN] Step: 45 ; Loss: 36.586 ; Acc: 25.634
2018-09-19 14:16:26,726:INFO: [TRAIN] Step: 46 ; Loss: 34.482 ; Acc: 25.798
2018-09-19 14:16:26,810:INFO: [TRAIN] Step: 47 ; Loss: 37.569 ; Acc: 25.521
2018-09-19 14:16:26,885:INFO: [TRAIN] Step: 48 ; Loss: 34.838 ; Acc: 25.510
2018-09-19 14:16:26,965:INFO: [TRAIN] Step: 49 ; Loss: 35.997 ; Acc: 25.750
2018-09-19 14:16:27,037:INFO: [TRAIN] Step: 50 ; Loss: 34.489 ; Acc: 26.062
2018-09-19 14:16:27,117:INFO: [TRAIN] Step: 51 ; Loss: 34.203 ; Acc: 26.362
2018-09-19 14:16:27,191:INFO: [TRAIN] Step: 52 ; Loss: 33.727 ; Acc: 26.415
2018-09-19 14:16:27,273:INFO: [TRAIN] Step: 53 ; Loss: 29.429 ; Acc: 26.929
2018-09-19 14:16:27,346:INFO: [TRAIN] Step: 54 ; Loss: 32.502 ; Acc: 27.121
2018-09-19 14:16:27,426:INFO: [TRAIN] Step: 55 ; Loss: 35.010 ; Acc: 27.455
2018-09-19 14:16:27,499:INFO: [TRAIN] Step: 56 ; Loss: 31.196 ; Acc: 27.851
2018-09-19 14:16:27,584:INFO: [TRAIN] Step: 57 ; Loss: 29.864 ; Acc: 28.017
2018-09-19 14:16:27,661:INFO: [TRAIN] Step: 58 ; Loss: 33.604 ; Acc: 28.107
2018-09-19 14:16:27,741:INFO: [TRAIN] Step: 59 ; Loss: 40.896 ; Acc: 27.917
2018-09-19 14:16:27,815:INFO: [TRAIN] Step: 60 ; Loss: 30.226 ; Acc: 27.937
2018-09-19 14:16:27,896:INFO: [TRAIN] Step: 61 ; Loss: 31.844 ; Acc: 27.957
2018-09-19 14:16:27,971:INFO: [TRAIN] Step: 62 ; Loss: 33.855 ; Acc: 27.910
2018-09-19 14:16:28,052:INFO: [TRAIN] Step: 63 ; Loss: 29.246 ; Acc: 28.190
2018-09-19 14:16:28,128:INFO: [TRAIN] Step: 64 ; Loss: 31.147 ; Acc: 28.333
2018-09-19 14:16:28,209:INFO: [TRAIN] Step: 65 ; Loss: 32.115 ; Acc: 28.409
2018-09-19 14:16:28,282:INFO: [TRAIN] Step: 66 ; Loss: 32.254 ; Acc: 28.731
2018-09-19 14:16:28,364:INFO: [TRAIN] Step: 67 ; Loss: 24.975 ; Acc: 28.922
2018-09-19 14:16:28,438:INFO: [TRAIN] Step: 68 ; Loss: 34.158 ; Acc: 28.684
2018-09-19 14:16:28,518:INFO: [TRAIN] Step: 69 ; Loss: 29.129 ; Acc: 28.869
2018-09-19 14:16:28,592:INFO: [TRAIN] Step: 70 ; Loss: 31.664 ; Acc: 28.932
2018-09-19 14:16:28,671:INFO: [TRAIN] Step: 71 ; Loss: 34.640 ; Acc: 28.819
2018-09-19 14:16:28,744:INFO: [TRAIN] Step: 72 ; Loss: 28.299 ; Acc: 28.767
2018-09-19 14:16:28,824:INFO: [TRAIN] Step: 73 ; Loss: 29.057 ; Acc: 28.885
2018-09-19 14:16:28,901:INFO: [TRAIN] Step: 74 ; Loss: 34.836 ; Acc: 28.889
2018-09-19 14:16:28,983:INFO: [TRAIN] Step: 75 ; Loss: 30.553 ; Acc: 28.783
2018-09-19 14:16:29,056:INFO: [TRAIN] Step: 76 ; Loss: 27.401 ; Acc: 28.734
2018-09-19 14:16:29,138:INFO: [TRAIN] Step: 77 ; Loss: 27.739 ; Acc: 28.793
2018-09-19 14:16:29,214:INFO: [TRAIN] Step: 78 ; Loss: 31.201 ; Acc: 28.745
2018-09-19 14:16:29,294:INFO: [TRAIN] Step: 79 ; Loss: 28.712 ; Acc: 28.646
2018-09-19 14:16:29,370:INFO: [TRAIN] Step: 80 ; Loss: 26.253 ; Acc: 28.704
2018-09-19 14:16:29,459:INFO: [TRAIN] Step: 81 ; Loss: 27.794 ; Acc: 28.557
2018-09-19 14:16:29,543:INFO: [TRAIN] Step: 82 ; Loss: 31.469 ; Acc: 28.715
2018-09-19 14:16:29,624:INFO: [TRAIN] Step: 83 ; Loss: 30.101 ; Acc: 28.621
2018-09-19 14:16:29,698:INFO: [TRAIN] Step: 84 ; Loss: 31.550 ; Acc: 28.676
2018-09-19 14:16:29,777:INFO: [TRAIN] Step: 85 ; Loss: 26.294 ; Acc: 28.731
2018-09-19 14:16:29,852:INFO: [TRAIN] Step: 86 ; Loss: 25.445 ; Acc: 28.975
2018-09-19 14:16:29,933:INFO: [TRAIN] Step: 87 ; Loss: 28.262 ; Acc: 29.167
2018-09-19 14:16:30,009:INFO: [TRAIN] Step: 88 ; Loss: 30.882 ; Acc: 29.073
2018-09-19 14:16:30,089:INFO: [TRAIN] Step: 89 ; Loss: 30.918 ; Acc: 29.074
2018-09-19 14:16:30,164:INFO: [TRAIN] Step: 90 ; Loss: 29.467 ; Acc: 29.121
2018-09-19 14:16:30,245:INFO: [TRAIN] Step: 91 ; Loss: 30.385 ; Acc: 29.212
2018-09-19 14:16:30,318:INFO: [TRAIN] Step: 92 ; Loss: 28.157 ; Acc: 29.211
2018-09-19 14:16:30,404:INFO: [TRAIN] Step: 93 ; Loss: 31.269 ; Acc: 29.211
2018-09-19 14:16:30,480:INFO: [TRAIN] Step: 94 ; Loss: 25.043 ; Acc: 29.430
2018-09-19 14:16:30,561:INFO: [TRAIN] Step: 95 ; Loss: 30.679 ; Acc: 29.340
2018-09-19 14:16:30,638:INFO: [TRAIN] Step: 96 ; Loss: 27.657 ; Acc: 29.296
2018-09-19 14:16:30,719:INFO: [TRAIN] Step: 97 ; Loss: 24.975 ; Acc: 29.422
2018-09-19 14:16:30,794:INFO: [TRAIN] Step: 98 ; Loss: 25.965 ; Acc: 29.503
2018-09-19 14:16:30,879:INFO: [TRAIN] Step: 99 ; Loss: 28.388 ; Acc: 29.625
2018-09-19 14:16:30,955:INFO: [TRAIN] Step: 100 ; Loss: 31.172 ; Acc: 29.538
2018-09-19 14:16:31,037:INFO: [TRAIN] Step: 101 ; Loss: 30.949 ; Acc: 29.779
2018-09-19 14:16:31,110:INFO: [TRAIN] Step: 102 ; Loss: 32.007 ; Acc: 29.814
2018-09-19 14:16:31,192:INFO: [TRAIN] Step: 103 ; Loss: 29.763 ; Acc: 29.728
2018-09-19 14:16:31,266:INFO: [TRAIN] Step: 104 ; Loss: 27.442 ; Acc: 29.802
2018-09-19 14:16:31,348:INFO: [TRAIN] Step: 105 ; Loss: 27.518 ; Acc: 29.874
2018-09-19 14:16:31,423:INFO: [TRAIN] Step: 106 ; Loss: 25.672 ; Acc: 29.984
2018-09-19 14:16:31,504:INFO: [TRAIN] Step: 107 ; Loss: 28.702 ; Acc: 29.977
2018-09-19 14:16:31,575:INFO: [TRAIN] Step: 108 ; Loss: 30.824 ; Acc: 29.855
2018-09-19 14:16:31,658:INFO: [TRAIN] Step: 109 ; Loss: 30.489 ; Acc: 29.848
2018-09-19 14:16:31,732:INFO: [TRAIN] Step: 110 ; Loss: 23.750 ; Acc: 29.842
2018-09-19 14:16:31,814:INFO: [TRAIN] Step: 111 ; Loss: 31.794 ; Acc: 29.874
2018-09-19 14:16:31,887:INFO: [TRAIN] Step: 112 ; Loss: 29.477 ; Acc: 29.978
2018-09-19 14:16:31,968:INFO: [TRAIN] Step: 113 ; Loss: 27.696 ; Acc: 30.190
2018-09-19 14:16:32,045:INFO: [TRAIN] Step: 114 ; Loss: 30.632 ; Acc: 30.036
2018-09-19 14:16:32,127:INFO: [TRAIN] Step: 115 ; Loss: 28.642 ; Acc: 30.029
2018-09-19 14:16:32,202:INFO: [TRAIN] Step: 116 ; Loss: 30.473 ; Acc: 30.128
2018-09-19 14:16:32,281:INFO: [TRAIN] Step: 117 ; Loss: 31.869 ; Acc: 30.085
2018-09-19 14:16:32,356:INFO: [TRAIN] Step: 118 ; Loss: 31.243 ; Acc: 30.217
2018-09-19 14:16:32,439:INFO: [TRAIN] Step: 119 ; Loss: 28.924 ; Acc: 30.451
2018-09-19 14:16:32,530:INFO: [TRAIN] Step: 120 ; Loss: 29.515 ; Acc: 30.544
2018-09-19 14:16:32,614:INFO: [TRAIN] Step: 121 ; Loss: 30.291 ; Acc: 30.464
2018-09-19 14:16:32,690:INFO: [TRAIN] Step: 122 ; Loss: 25.644 ; Acc: 30.725
2018-09-19 14:16:32,774:INFO: [TRAIN] Step: 123 ; Loss: 33.633 ; Acc: 30.813
2018-09-19 14:16:32,850:INFO: [TRAIN] Step: 124 ; Loss: 32.398 ; Acc: 30.867
2018-09-19 14:16:32,932:INFO: [TRAIN] Step: 125 ; Loss: 26.689 ; Acc: 30.952
2018-09-19 14:16:33,009:INFO: [TRAIN] Step: 126 ; Loss: 27.540 ; Acc: 31.004
2018-09-19 14:16:33,092:INFO: [TRAIN] Step: 127 ; Loss: 27.448 ; Acc: 31.152
2018-09-19 14:16:33,165:INFO: [TRAIN] Step: 128 ; Loss: 29.456 ; Acc: 31.072
2018-09-19 14:16:33,245:INFO: [TRAIN] Step: 129 ; Loss: 27.959 ; Acc: 31.122
2018-09-19 14:16:33,319:INFO: [TRAIN] Step: 130 ; Loss: 29.340 ; Acc: 31.202
2018-09-19 14:16:33,401:INFO: [TRAIN] Step: 131 ; Loss: 28.042 ; Acc: 31.124
2018-09-19 14:16:33,477:INFO: [TRAIN] Step: 132 ; Loss: 23.382 ; Acc: 31.297
2018-09-19 14:16:33,556:INFO: [TRAIN] Step: 133 ; Loss: 30.717 ; Acc: 31.250
2018-09-19 14:16:33,630:INFO: [TRAIN] Step: 134 ; Loss: 26.912 ; Acc: 31.296
2018-09-19 14:16:33,709:INFO: [TRAIN] Step: 135 ; Loss: 30.170 ; Acc: 31.311
2018-09-19 14:16:33,782:INFO: [TRAIN] Step: 136 ; Loss: 29.830 ; Acc: 31.296
2018-09-19 14:16:33,865:INFO: [TRAIN] Step: 137 ; Loss: 30.137 ; Acc: 31.250
2018-09-19 14:16:33,938:INFO: [TRAIN] Step: 138 ; Loss: 26.184 ; Acc: 31.475
2018-09-19 14:16:34,021:INFO: [TRAIN] Step: 139 ; Loss: 30.872 ; Acc: 31.488
2018-09-19 14:16:34,097:INFO: [TRAIN] Step: 140 ; Loss: 26.786 ; Acc: 31.442
2018-09-19 14:16:34,177:INFO: [TRAIN] Step: 141 ; Loss: 31.292 ; Acc: 31.397
2018-09-19 14:16:34,250:INFO: [TRAIN] Step: 142 ; Loss: 28.600 ; Acc: 31.381
2018-09-19 14:16:34,331:INFO: [TRAIN] Step: 143 ; Loss: 29.505 ; Acc: 31.424
2018-09-19 14:16:34,403:INFO: [TRAIN] Step: 144 ; Loss: 31.113 ; Acc: 31.351
2018-09-19 14:16:34,484:INFO: [TRAIN] Step: 145 ; Loss: 26.910 ; Acc: 31.421
2018-09-19 14:16:34,557:INFO: [TRAIN] Step: 146 ; Loss: 28.070 ; Acc: 31.406
2018-09-19 14:16:34,639:INFO: [TRAIN] Step: 147 ; Loss: 29.608 ; Acc: 31.475
2018-09-19 14:16:34,714:INFO: [TRAIN] Step: 148 ; Loss: 29.102 ; Acc: 31.488
2018-09-19 14:16:34,795:INFO: [TRAIN] Step: 149 ; Loss: 30.149 ; Acc: 31.556
2018-09-19 14:16:34,871:INFO: [TRAIN] Step: 150 ; Loss: 28.171 ; Acc: 31.623
2018-09-19 14:16:34,953:INFO: [TRAIN] Step: 151 ; Loss: 25.033 ; Acc: 31.634
2018-09-19 14:16:35,026:INFO: [TRAIN] Step: 152 ; Loss: 27.634 ; Acc: 31.645
2018-09-19 14:16:35,106:INFO: [TRAIN] Step: 153 ; Loss: 26.626 ; Acc: 31.710
2018-09-19 14:16:35,181:INFO: [TRAIN] Step: 154 ; Loss: 32.731 ; Acc: 31.613
2018-09-19 14:16:35,263:INFO: [TRAIN] Step: 155 ; Loss: 29.449 ; Acc: 31.597
2018-09-19 14:16:35,336:INFO: [TRAIN] Step: 156 ; Loss: 29.071 ; Acc: 31.635
2018-09-19 14:16:35,418:INFO: [TRAIN] Step: 157 ; Loss: 26.778 ; Acc: 31.619
2018-09-19 14:16:35,491:INFO: [TRAIN] Step: 158 ; Loss: 30.873 ; Acc: 31.551
2018-09-19 14:16:35,582:INFO: [TRAIN] Step: 159 ; Loss: 28.063 ; Acc: 31.641
2018-09-19 14:16:35,656:INFO: [TRAIN] Step: 160 ; Loss: 30.591 ; Acc: 31.599
2018-09-19 14:16:35,737:INFO: [TRAIN] Step: 161 ; Loss: 27.883 ; Acc: 31.636
2018-09-19 14:16:35,813:INFO: [TRAIN] Step: 162 ; Loss: 30.249 ; Acc: 31.672
2018-09-19 14:16:35,899:INFO: [TRAIN] Step: 163 ; Loss: 27.609 ; Acc: 31.682
2018-09-19 14:16:35,972:INFO: [TRAIN] Step: 164 ; Loss: 30.885 ; Acc: 31.742
2018-09-19 14:16:36,055:INFO: [TRAIN] Step: 165 ; Loss: 25.110 ; Acc: 31.852
2018-09-19 14:16:36,130:INFO: [TRAIN] Step: 166 ; Loss: 30.694 ; Acc: 31.986
2018-09-19 14:16:36,211:INFO: [TRAIN] Step: 167 ; Loss: 26.221 ; Acc: 32.044
2018-09-19 14:16:36,289:INFO: [TRAIN] Step: 168 ; Loss: 27.923 ; Acc: 32.051
2018-09-19 14:16:36,370:INFO: [TRAIN] Step: 169 ; Loss: 29.320 ; Acc: 32.206
2018-09-19 14:16:36,445:INFO: [TRAIN] Step: 170 ; Loss: 27.249 ; Acc: 32.286
2018-09-19 14:16:36,529:INFO: [TRAIN] Step: 171 ; Loss: 27.335 ; Acc: 32.316
2018-09-19 14:16:36,605:INFO: [TRAIN] Step: 172 ; Loss: 28.273 ; Acc: 32.346
2018-09-19 14:16:36,685:INFO: [TRAIN] Step: 173 ; Loss: 33.738 ; Acc: 32.375
2018-09-19 14:16:36,760:INFO: [TRAIN] Step: 174 ; Loss: 29.034 ; Acc: 32.357
2018-09-19 14:16:36,841:INFO: [TRAIN] Step: 175 ; Loss: 33.435 ; Acc: 32.363
2018-09-19 14:16:36,915:INFO: [TRAIN] Step: 176 ; Loss: 24.763 ; Acc: 32.486
2018-09-19 14:16:36,995:INFO: [TRAIN] Step: 177 ; Loss: 28.923 ; Acc: 32.514
2018-09-19 14:16:37,068:INFO: [TRAIN] Step: 178 ; Loss: 26.647 ; Acc: 32.565
2018-09-19 14:16:37,147:INFO: [TRAIN] Step: 179 ; Loss: 28.968 ; Acc: 32.546
2018-09-19 14:16:37,222:INFO: [TRAIN] Step: 180 ; Loss: 27.686 ; Acc: 32.574
2018-09-19 14:16:37,302:INFO: [TRAIN] Step: 181 ; Loss: 25.446 ; Acc: 32.647
2018-09-19 14:16:37,375:INFO: [TRAIN] Step: 182 ; Loss: 29.763 ; Acc: 32.696
2018-09-19 14:16:37,457:INFO: [TRAIN] Step: 183 ; Loss: 26.775 ; Acc: 32.790
2018-09-19 14:16:37,533:INFO: [TRAIN] Step: 184 ; Loss: 25.410 ; Acc: 32.793
2018-09-19 14:16:37,613:INFO: [TRAIN] Step: 185 ; Loss: 28.507 ; Acc: 32.751
2018-09-19 14:16:37,688:INFO: [TRAIN] Step: 186 ; Loss: 29.999 ; Acc: 32.709
2018-09-19 14:16:37,769:INFO: [TRAIN] Step: 187 ; Loss: 27.120 ; Acc: 32.735
2018-09-19 14:16:37,841:INFO: [TRAIN] Step: 188 ; Loss: 27.181 ; Acc: 32.760
2018-09-19 14:16:37,925:INFO: [TRAIN] Step: 189 ; Loss: 30.179 ; Acc: 32.697
2018-09-19 14:16:38,003:INFO: [TRAIN] Step: 190 ; Loss: 36.135 ; Acc: 32.635
2018-09-19 14:16:38,083:INFO: [TRAIN] Step: 191 ; Loss: 30.146 ; Acc: 32.682
2018-09-19 14:16:38,158:INFO: [TRAIN] Step: 192 ; Loss: 31.327 ; Acc: 32.642
2018-09-19 14:16:38,238:INFO: [TRAIN] Step: 193 ; Loss: 26.292 ; Acc: 32.603
2018-09-19 14:16:38,311:INFO: [TRAIN] Step: 194 ; Loss: 28.258 ; Acc: 32.650
2018-09-19 14:16:38,391:INFO: [TRAIN] Step: 195 ; Loss: 25.324 ; Acc: 32.653
2018-09-19 14:16:38,464:INFO: [TRAIN] Step: 196 ; Loss: 27.339 ; Acc: 32.762
2018-09-19 14:16:38,544:INFO: [TRAIN] Step: 197 ; Loss: 32.827 ; Acc: 32.723
2018-09-19 14:16:38,618:INFO: [TRAIN] Step: 198 ; Loss: 33.050 ; Acc: 32.663
2018-09-19 14:16:38,699:INFO: [TRAIN] Step: 199 ; Loss: 28.923 ; Acc: 32.667
2018-09-19 14:16:38,773:INFO: [TRAIN] Step: 200 ; Loss: 30.777 ; Acc: 32.587
2018-09-19 14:16:38,855:INFO: [TRAIN] Step: 201 ; Loss: 30.177 ; Acc: 32.529
2018-09-19 14:16:38,929:INFO: [TRAIN] Step: 202 ; Loss: 30.526 ; Acc: 32.533
2018-09-19 14:16:39,012:INFO: [TRAIN] Step: 203 ; Loss: 30.004 ; Acc: 32.496
2018-09-19 14:16:39,087:INFO: [TRAIN] Step: 204 ; Loss: 29.516 ; Acc: 32.500
2018-09-19 14:16:39,169:INFO: [TRAIN] Step: 205 ; Loss: 28.255 ; Acc: 32.504
2018-09-19 14:16:39,246:INFO: [TRAIN] Step: 206 ; Loss: 27.602 ; Acc: 32.468
2018-09-19 14:16:39,328:INFO: [TRAIN] Step: 207 ; Loss: 26.229 ; Acc: 32.412
2018-09-19 14:16:39,404:INFO: [TRAIN] Step: 208 ; Loss: 29.135 ; Acc: 32.416
2018-09-19 14:16:39,487:INFO: [TRAIN] Step: 209 ; Loss: 30.045 ; Acc: 32.421
2018-09-19 14:16:39,562:INFO: [TRAIN] Step: 210 ; Loss: 25.756 ; Acc: 32.524
2018-09-19 14:16:39,642:INFO: [TRAIN] Step: 211 ; Loss: 27.901 ; Acc: 32.586
2018-09-19 14:16:39,717:INFO: [TRAIN] Step: 212 ; Loss: 29.182 ; Acc: 32.610
2018-09-19 14:16:39,802:INFO: [TRAIN] Step: 213 ; Loss: 28.834 ; Acc: 32.632
2018-09-19 14:16:39,883:INFO: [TRAIN] Step: 214 ; Loss: 29.300 ; Acc: 32.694
2018-09-19 14:16:39,966:INFO: [TRAIN] Step: 215 ; Loss: 31.657 ; Acc: 32.716
2018-09-19 14:16:40,041:INFO: [TRAIN] Step: 216 ; Loss: 27.067 ; Acc: 32.719
2018-09-19 14:16:40,122:INFO: [TRAIN] Step: 217 ; Loss: 29.184 ; Acc: 32.722
2018-09-19 14:16:40,198:INFO: [TRAIN] Step: 218 ; Loss: 29.438 ; Acc: 32.725
2018-09-19 14:16:40,280:INFO: [TRAIN] Step: 219 ; Loss: 31.378 ; Acc: 32.708
2018-09-19 14:16:40,356:INFO: [TRAIN] Step: 220 ; Loss: 31.167 ; Acc: 32.711
2018-09-19 14:16:40,438:INFO: [TRAIN] Step: 221 ; Loss: 30.474 ; Acc: 32.752
2018-09-19 14:16:40,512:INFO: [TRAIN] Step: 222 ; Loss: 28.809 ; Acc: 32.735
2018-09-19 14:16:40,593:INFO: [TRAIN] Step: 223 ; Loss: 25.965 ; Acc: 32.831
2018-09-19 14:16:40,669:INFO: [TRAIN] Step: 224 ; Loss: 28.186 ; Acc: 32.833
2018-09-19 14:16:40,752:INFO: [TRAIN] Step: 225 ; Loss: 28.293 ; Acc: 32.872
2018-09-19 14:16:40,831:INFO: [TRAIN] Step: 226 ; Loss: 28.946 ; Acc: 32.930
2018-09-19 14:16:40,915:INFO: [TRAIN] Step: 227 ; Loss: 29.220 ; Acc: 32.986
2018-09-19 14:16:40,992:INFO: [TRAIN] Step: 228 ; Loss: 30.639 ; Acc: 33.024
2018-09-19 14:16:41,074:INFO: [TRAIN] Step: 229 ; Loss: 28.901 ; Acc: 33.098
2018-09-19 14:16:41,148:INFO: [TRAIN] Step: 230 ; Loss: 26.984 ; Acc: 33.117
2018-09-19 14:16:41,229:INFO: [TRAIN] Step: 231 ; Loss: 30.713 ; Acc: 33.082
2018-09-19 14:16:41,302:INFO: [TRAIN] Step: 232 ; Loss: 30.075 ; Acc: 33.083
2018-09-19 14:16:41,384:INFO: [TRAIN] Step: 233 ; Loss: 28.982 ; Acc: 33.120
2018-09-19 14:16:41,457:INFO: [TRAIN] Step: 234 ; Loss: 29.959 ; Acc: 33.103
2018-09-19 14:16:41,537:INFO: [TRAIN] Step: 235 ; Loss: 29.868 ; Acc: 33.104
2018-09-19 14:16:41,612:INFO: [TRAIN] Step: 236 ; Loss: 26.469 ; Acc: 33.105
2018-09-19 14:16:41,694:INFO: [TRAIN] Step: 237 ; Loss: 29.580 ; Acc: 33.053
2018-09-19 14:16:41,770:INFO: [TRAIN] Step: 238 ; Loss: 30.055 ; Acc: 33.142
2018-09-19 14:16:41,851:INFO: [TRAIN] Step: 239 ; Loss: 28.972 ; Acc: 33.160
2018-09-19 14:16:41,927:INFO: [TRAIN] Step: 240 ; Loss: 24.870 ; Acc: 33.212
2018-09-19 14:16:42,006:INFO: [TRAIN] Step: 241 ; Loss: 28.755 ; Acc: 33.213
2018-09-19 14:16:42,080:INFO: [TRAIN] Step: 242 ; Loss: 29.310 ; Acc: 33.230
2018-09-19 14:16:42,161:INFO: [TRAIN] Step: 243 ; Loss: 29.921 ; Acc: 33.248
2018-09-19 14:16:42,234:INFO: [TRAIN] Step: 244 ; Loss: 28.182 ; Acc: 33.265
2018-09-19 14:16:42,314:INFO: [TRAIN] Step: 245 ; Loss: 29.466 ; Acc: 33.266
2018-09-19 14:16:42,388:INFO: [TRAIN] Step: 246 ; Loss: 26.544 ; Acc: 33.232
2018-09-19 14:16:42,468:INFO: [TRAIN] Step: 247 ; Loss: 28.472 ; Acc: 33.182
2018-09-19 14:16:42,542:INFO: [TRAIN] Step: 248 ; Loss: 29.922 ; Acc: 33.199
2018-09-19 14:16:42,622:INFO: [TRAIN] Step: 249 ; Loss: 30.229 ; Acc: 33.250
2018-09-19 14:16:42,697:INFO: [TRAIN] Step: 250 ; Loss: 28.759 ; Acc: 33.184
2018-09-19 14:16:42,779:INFO: [TRAIN] Step: 251 ; Loss: 28.637 ; Acc: 33.185
2018-09-19 14:16:42,854:INFO: [TRAIN] Step: 252 ; Loss: 26.613 ; Acc: 33.218
2018-09-19 14:16:42,934:INFO: [TRAIN] Step: 253 ; Loss: 27.973 ; Acc: 33.317
2018-09-19 14:16:43,007:INFO: [TRAIN] Step: 254 ; Loss: 28.112 ; Acc: 33.333
2018-09-19 14:16:43,088:INFO: [TRAIN] Step: 255 ; Loss: 25.058 ; Acc: 33.366
2018-09-19 14:16:43,160:INFO: [TRAIN] Step: 256 ; Loss: 29.076 ; Acc: 33.398
2018-09-19 14:16:43,244:INFO: [TRAIN] Step: 257 ; Loss: 28.884 ; Acc: 33.414
2018-09-19 14:16:43,316:INFO: [TRAIN] Step: 258 ; Loss: 28.176 ; Acc: 33.462
2018-09-19 14:16:43,396:INFO: [TRAIN] Step: 259 ; Loss: 27.114 ; Acc: 33.429
2018-09-19 14:16:43,470:INFO: [TRAIN] Step: 260 ; Loss: 28.187 ; Acc: 33.445
2018-09-19 14:16:43,554:INFO: [TRAIN] Step: 261 ; Loss: 32.993 ; Acc: 33.429
2018-09-19 14:16:43,625:INFO: [TRAIN] Step: 262 ; Loss: 28.529 ; Acc: 33.397
2018-09-19 14:16:43,706:INFO: [TRAIN] Step: 263 ; Loss: 29.936 ; Acc: 33.396
2018-09-19 14:16:43,781:INFO: [TRAIN] Step: 264 ; Loss: 31.845 ; Acc: 33.412
2018-09-19 14:16:43,863:INFO: [TRAIN] Step: 265 ; Loss: 26.966 ; Acc: 33.459
2018-09-19 14:16:43,937:INFO: [TRAIN] Step: 266 ; Loss: 27.550 ; Acc: 33.443
2018-09-19 14:16:44,018:INFO: [TRAIN] Step: 267 ; Loss: 28.854 ; Acc: 33.520
2018-09-19 14:16:44,092:INFO: [TRAIN] Step: 268 ; Loss: 26.762 ; Acc: 33.504
2018-09-19 14:16:44,177:INFO: [TRAIN] Step: 269 ; Loss: 28.245 ; Acc: 33.472
2018-09-19 14:16:44,249:INFO: [TRAIN] Step: 270 ; Loss: 29.929 ; Acc: 33.502
2018-09-19 14:16:44,332:INFO: [TRAIN] Step: 271 ; Loss: 29.207 ; Acc: 33.548
2018-09-19 14:16:44,406:INFO: [TRAIN] Step: 272 ; Loss: 28.094 ; Acc: 33.578
2018-09-19 14:16:44,488:INFO: [TRAIN] Step: 273 ; Loss: 31.537 ; Acc: 33.546
2018-09-19 14:16:44,560:INFO: [TRAIN] Step: 274 ; Loss: 26.431 ; Acc: 33.606
2018-09-19 14:16:44,648:INFO: [TRAIN] Step: 275 ; Loss: 31.098 ; Acc: 33.635
2018-09-19 14:16:44,720:INFO: [TRAIN] Step: 276 ; Loss: 27.730 ; Acc: 33.619
2018-09-19 14:16:44,801:INFO: [TRAIN] Step: 277 ; Loss: 30.091 ; Acc: 33.618
2018-09-19 14:16:44,873:INFO: [TRAIN] Step: 278 ; Loss: 30.897 ; Acc: 33.587
2018-09-19 14:16:44,952:INFO: [TRAIN] Step: 279 ; Loss: 29.447 ; Acc: 33.631
2018-09-19 14:16:45,029:INFO: [TRAIN] Step: 280 ; Loss: 26.510 ; Acc: 33.645
2018-09-19 14:16:45,112:INFO: [TRAIN] Step: 281 ; Loss: 28.676 ; Acc: 33.703
2018-09-19 14:16:45,188:INFO: [TRAIN] Step: 282 ; Loss: 24.978 ; Acc: 33.731
2018-09-19 14:16:45,271:INFO: [TRAIN] Step: 283 ; Loss: 30.034 ; Acc: 33.759
2018-09-19 14:16:45,346:INFO: [TRAIN] Step: 284 ; Loss: 30.443 ; Acc: 33.772
2018-09-19 14:16:45,427:INFO: [TRAIN] Step: 285 ; Loss: 27.689 ; Acc: 33.829
2018-09-19 14:16:45,500:INFO: [TRAIN] Step: 286 ; Loss: 28.189 ; Acc: 33.841
2018-09-19 14:16:45,581:INFO: [TRAIN] Step: 287 ; Loss: 30.396 ; Acc: 33.825
2018-09-19 14:16:45,655:INFO: [TRAIN] Step: 288 ; Loss: 27.652 ; Acc: 33.809
2018-09-19 14:16:45,736:INFO: [TRAIN] Step: 289 ; Loss: 27.164 ; Acc: 33.807
2018-09-19 14:16:45,812:INFO: [TRAIN] Step: 290 ; Loss: 24.362 ; Acc: 33.849
2018-09-19 14:16:45,893:INFO: [TRAIN] Step: 291 ; Loss: 25.820 ; Acc: 33.947
2018-09-19 14:16:45,968:INFO: [TRAIN] Step: 292 ; Loss: 26.196 ; Acc: 33.959
2018-09-19 14:16:46,048:INFO: [TRAIN] Step: 293 ; Loss: 27.579 ; Acc: 34.028
2018-09-19 14:16:46,119:INFO: [TRAIN] Step: 294 ; Loss: 28.393 ; Acc: 34.025
2018-09-19 14:16:46,209:INFO: [TRAIN] Step: 295 ; Loss: 29.634 ; Acc: 34.037
2018-09-19 14:16:46,284:INFO: [TRAIN] Step: 296 ; Loss: 26.520 ; Acc: 34.063
2018-09-19 14:16:46,366:INFO: [TRAIN] Step: 297 ; Loss: 26.530 ; Acc: 34.074
2018-09-19 14:16:46,442:INFO: [TRAIN] Step: 298 ; Loss: 30.190 ; Acc: 34.086
2018-09-19 14:16:46,522:INFO: [TRAIN] Step: 299 ; Loss: 27.859 ; Acc: 34.069
2018-09-19 14:16:46,597:INFO: [TRAIN] Step: 300 ; Loss: 31.356 ; Acc: 34.012
2018-09-19 14:16:46,677:INFO: [TRAIN] Step: 301 ; Loss: 30.017 ; Acc: 33.968
2018-09-19 14:16:46,750:INFO: [TRAIN] Step: 302 ; Loss: 26.732 ; Acc: 33.980
2018-09-19 14:16:46,833:INFO: [TRAIN] Step: 303 ; Loss: 26.811 ; Acc: 34.046
2018-09-19 14:16:46,905:INFO: [TRAIN] Step: 304 ; Loss: 26.923 ; Acc: 34.098
2018-09-19 14:16:46,987:INFO: [TRAIN] Step: 305 ; Loss: 26.861 ; Acc: 34.109
2018-09-19 14:16:47,063:INFO: [TRAIN] Step: 306 ; Loss: 27.045 ; Acc: 34.134
2018-09-19 14:16:47,142:INFO: [TRAIN] Step: 307 ; Loss: 32.472 ; Acc: 34.172
2018-09-19 14:16:47,215:INFO: [TRAIN] Step: 308 ; Loss: 28.175 ; Acc: 34.223
2018-09-19 14:16:47,298:INFO: [TRAIN] Step: 309 ; Loss: 27.169 ; Acc: 34.261
2018-09-19 14:16:47,371:INFO: [TRAIN] Step: 310 ; Loss: 24.773 ; Acc: 34.311
2018-09-19 14:16:47,454:INFO: [TRAIN] Step: 311 ; Loss: 31.556 ; Acc: 34.322
2018-09-19 14:16:47,529:INFO: [TRAIN] Step: 312 ; Loss: 27.755 ; Acc: 34.318
2018-09-19 14:16:47,615:INFO: [TRAIN] Step: 313 ; Loss: 28.863 ; Acc: 34.315
2018-09-19 14:16:47,695:INFO: [TRAIN] Step: 314 ; Loss: 28.648 ; Acc: 34.325
2018-09-19 14:16:47,774:INFO: [TRAIN] Step: 315 ; Loss: 29.573 ; Acc: 34.349
2018-09-19 14:16:47,850:INFO: [TRAIN] Step: 316 ; Loss: 27.872 ; Acc: 34.372
2018-09-19 14:16:47,947:INFO: [TRAIN] Step: 317 ; Loss: 29.920 ; Acc: 34.342
2018-09-19 14:16:48,022:INFO: [TRAIN] Step: 318 ; Loss: 29.199 ; Acc: 34.365
2018-09-19 14:16:48,108:INFO: [TRAIN] Step: 319 ; Loss: 28.835 ; Acc: 34.323
2018-09-19 14:16:48,183:INFO: [TRAIN] Step: 320 ; Loss: 27.271 ; Acc: 34.294
2018-09-19 14:16:48,265:INFO: [TRAIN] Step: 321 ; Loss: 30.397 ; Acc: 34.317
2018-09-19 14:16:48,339:INFO: [TRAIN] Step: 322 ; Loss: 25.973 ; Acc: 34.391
2018-09-19 14:16:48,420:INFO: [TRAIN] Step: 323 ; Loss: 31.588 ; Acc: 34.388
2018-09-19 14:16:48,494:INFO: [TRAIN] Step: 324 ; Loss: 27.138 ; Acc: 34.385
2018-09-19 14:16:48,573:INFO: [TRAIN] Step: 325 ; Loss: 25.262 ; Acc: 34.433
2018-09-19 14:16:48,646:INFO: [TRAIN] Step: 326 ; Loss: 25.104 ; Acc: 34.404
2018-09-19 14:16:48,726:INFO: [TRAIN] Step: 327 ; Loss: 30.217 ; Acc: 34.426
2018-09-19 14:16:48,805:INFO: [TRAIN] Step: 328 ; Loss: 28.833 ; Acc: 34.410
2018-09-19 14:16:48,888:INFO: [TRAIN] Step: 329 ; Loss: 26.370 ; Acc: 34.508
2018-09-19 14:16:48,963:INFO: [TRAIN] Step: 330 ; Loss: 25.486 ; Acc: 34.554
2018-09-19 14:16:49,045:INFO: [TRAIN] Step: 331 ; Loss: 26.382 ; Acc: 34.563
2018-09-19 14:16:49,121:INFO: [TRAIN] Step: 332 ; Loss: 27.398 ; Acc: 34.610
2018-09-19 14:16:49,202:INFO: [TRAIN] Step: 333 ; Loss: 28.345 ; Acc: 34.631
2018-09-19 14:16:49,276:INFO: [TRAIN] Step: 334 ; Loss: 27.620 ; Acc: 34.614
2018-09-19 14:16:49,358:INFO: [TRAIN] Step: 335 ; Loss: 28.573 ; Acc: 34.598
2018-09-19 14:16:49,433:INFO: [TRAIN] Step: 336 ; Loss: 26.974 ; Acc: 34.594
2018-09-19 14:16:49,516:INFO: [TRAIN] Step: 337 ; Loss: 29.747 ; Acc: 34.615
2018-09-19 14:16:49,590:INFO: [TRAIN] Step: 338 ; Loss: 25.918 ; Acc: 34.636
2018-09-19 14:16:49,671:INFO: [TRAIN] Step: 339 ; Loss: 25.271 ; Acc: 34.645
2018-09-19 14:16:49,746:INFO: [TRAIN] Step: 340 ; Loss: 28.102 ; Acc: 34.629
2018-09-19 14:16:49,825:INFO: [TRAIN] Step: 341 ; Loss: 27.442 ; Acc: 34.661
2018-09-19 14:16:49,898:INFO: [TRAIN] Step: 342 ; Loss: 28.595 ; Acc: 34.657
2018-09-19 14:16:49,979:INFO: [TRAIN] Step: 343 ; Loss: 25.654 ; Acc: 34.714
2018-09-19 14:16:50,053:INFO: [TRAIN] Step: 344 ; Loss: 33.024 ; Acc: 34.686
2018-09-19 14:16:50,135:INFO: [TRAIN] Step: 345 ; Loss: 30.468 ; Acc: 34.670
2018-09-19 14:16:50,210:INFO: [TRAIN] Step: 346 ; Loss: 25.439 ; Acc: 34.666
2018-09-19 14:16:50,291:INFO: [TRAIN] Step: 347 ; Loss: 25.498 ; Acc: 34.710
2018-09-19 14:16:50,363:INFO: [TRAIN] Step: 348 ; Loss: 30.033 ; Acc: 34.706
2018-09-19 14:16:50,445:INFO: [TRAIN] Step: 349 ; Loss: 27.207 ; Acc: 34.679
2018-09-19 14:16:50,519:INFO: [TRAIN] Step: 350 ; Loss: 30.042 ; Acc: 34.710
2018-09-19 14:16:50,600:INFO: [TRAIN] Step: 351 ; Loss: 26.580 ; Acc: 34.730
2018-09-19 14:16:50,674:INFO: [TRAIN] Step: 352 ; Loss: 26.964 ; Acc: 34.726
2018-09-19 14:16:50,755:INFO: [TRAIN] Step: 353 ; Loss: 28.524 ; Acc: 34.734
2018-09-19 14:16:50,829:INFO: [TRAIN] Step: 354 ; Loss: 27.934 ; Acc: 34.742
2018-09-19 14:16:50,910:INFO: [TRAIN] Step: 355 ; Loss: 28.277 ; Acc: 34.714
2018-09-19 14:16:50,987:INFO: [TRAIN] Step: 356 ; Loss: 28.938 ; Acc: 34.722
2018-09-19 14:16:51,068:INFO: [TRAIN] Step: 357 ; Loss: 29.859 ; Acc: 34.753
2018-09-19 14:16:51,142:INFO: [TRAIN] Step: 358 ; Loss: 33.394 ; Acc: 34.726
2018-09-19 14:16:51,225:INFO: [TRAIN] Step: 359 ; Loss: 28.249 ; Acc: 34.734
2018-09-19 14:16:51,299:INFO: [TRAIN] Step: 360 ; Loss: 26.761 ; Acc: 34.695
2018-09-19 14:16:51,381:INFO: [TRAIN] Step: 361 ; Loss: 29.088 ; Acc: 34.669
2018-09-19 14:16:51,457:INFO: [TRAIN] Step: 362 ; Loss: 28.766 ; Acc: 34.619
2018-09-19 14:16:51,537:INFO: [TRAIN] Step: 363 ; Loss: 31.295 ; Acc: 34.627
2018-09-19 14:16:51,615:INFO: [TRAIN] Step: 364 ; Loss: 32.165 ; Acc: 34.566
2018-09-19 14:16:51,697:INFO: [TRAIN] Step: 365 ; Loss: 30.471 ; Acc: 34.551
2018-09-19 14:16:51,771:INFO: [TRAIN] Step: 366 ; Loss: 25.558 ; Acc: 34.514
2018-09-19 14:16:51,850:INFO: [TRAIN] Step: 367 ; Loss: 33.383 ; Acc: 34.500
2018-09-19 14:16:51,924:INFO: [TRAIN] Step: 368 ; Loss: 28.955 ; Acc: 34.530
2018-09-19 14:16:52,006:INFO: [TRAIN] Step: 369 ; Loss: 26.566 ; Acc: 34.516
2018-09-19 14:16:52,081:INFO: [TRAIN] Step: 370 ; Loss: 28.456 ; Acc: 34.558
2018-09-19 14:16:52,167:INFO: [TRAIN] Step: 371 ; Loss: 29.136 ; Acc: 34.577
2018-09-19 14:16:52,243:INFO: [TRAIN] Step: 372 ; Loss: 27.581 ; Acc: 34.562
2018-09-19 14:16:52,323:INFO: [TRAIN] Step: 373 ; Loss: 29.738 ; Acc: 34.525
2018-09-19 14:16:52,396:INFO: [TRAIN] Step: 374 ; Loss: 26.121 ; Acc: 34.544
2018-09-19 14:16:52,480:INFO: [TRAIN] Step: 375 ; Loss: 29.612 ; Acc: 34.574
2018-09-19 14:16:52,553:INFO: [TRAIN] Step: 376 ; Loss: 32.869 ; Acc: 34.560
2018-09-19 14:16:52,634:INFO: [TRAIN] Step: 377 ; Loss: 31.642 ; Acc: 34.535
2018-09-19 14:16:52,709:INFO: [TRAIN] Step: 378 ; Loss: 31.131 ; Acc: 34.565
2018-09-19 14:16:52,791:INFO: [TRAIN] Step: 379 ; Loss: 27.181 ; Acc: 34.594
2018-09-19 14:16:52,870:INFO: [TRAIN] Step: 380 ; Loss: 29.941 ; Acc: 34.547
2018-09-19 14:16:52,954:INFO: [TRAIN] Step: 381 ; Loss: 30.018 ; Acc: 34.555
2018-09-19 14:16:53,033:INFO: [TRAIN] Step: 382 ; Loss: 37.066 ; Acc: 34.584
2018-09-19 14:16:53,116:INFO: [TRAIN] Step: 383 ; Loss: 27.475 ; Acc: 34.603
2018-09-19 14:16:53,188:INFO: [TRAIN] Step: 384 ; Loss: 28.388 ; Acc: 34.675
2018-09-19 14:16:53,269:INFO: [TRAIN] Step: 385 ; Loss: 33.552 ; Acc: 34.650
2018-09-19 14:16:53,344:INFO: [TRAIN] Step: 386 ; Loss: 27.186 ; Acc: 34.668
2018-09-19 14:16:53,426:INFO: [TRAIN] Step: 387 ; Loss: 25.692 ; Acc: 34.697
2018-09-19 14:16:53,506:INFO: [TRAIN] Step: 388 ; Loss: 25.097 ; Acc: 34.747
2018-09-19 14:16:53,587:INFO: [TRAIN] Step: 389 ; Loss: 27.020 ; Acc: 34.776
2018-09-19 14:16:53,660:INFO: [TRAIN] Step: 390 ; Loss: 28.353 ; Acc: 34.783
2018-09-19 14:16:53,743:INFO: [TRAIN] Step: 391 ; Loss: 28.933 ; Acc: 34.768
2018-09-19 14:16:53,817:INFO: [TRAIN] Step: 392 ; Loss: 27.750 ; Acc: 34.786
2018-09-19 14:16:53,900:INFO: [TRAIN] Step: 393 ; Loss: 31.565 ; Acc: 34.793
2018-09-19 14:16:53,973:INFO: [TRAIN] Step: 394 ; Loss: 29.512 ; Acc: 34.821
2018-09-19 14:16:54,055:INFO: [TRAIN] Step: 395 ; Loss: 29.567 ; Acc: 34.827
2018-09-19 14:16:54,129:INFO: [TRAIN] Step: 396 ; Loss: 25.437 ; Acc: 34.866
2018-09-19 14:16:54,211:INFO: [TRAIN] Step: 397 ; Loss: 28.094 ; Acc: 34.872
2018-09-19 14:16:54,285:INFO: [TRAIN] Step: 398 ; Loss: 27.449 ; Acc: 34.900
2018-09-19 14:16:54,366:INFO: [TRAIN] Step: 399 ; Loss: 25.326 ; Acc: 34.917
2018-09-19 14:16:54,441:INFO: [TRAIN] Step: 400 ; Loss: 28.432 ; Acc: 34.923
2018-09-19 14:16:54,521:INFO: [TRAIN] Step: 401 ; Loss: 29.133 ; Acc: 34.930
2018-09-19 14:16:54,593:INFO: [TRAIN] Step: 402 ; Loss: 29.059 ; Acc: 34.957
2018-09-19 14:16:54,675:INFO: [TRAIN] Step: 403 ; Loss: 25.273 ; Acc: 35.025
2018-09-19 14:16:54,749:INFO: [TRAIN] Step: 404 ; Loss: 28.914 ; Acc: 35.051
2018-09-19 14:16:54,830:INFO: [TRAIN] Step: 405 ; Loss: 27.519 ; Acc: 35.068
2018-09-19 14:16:54,904:INFO: [TRAIN] Step: 406 ; Loss: 25.601 ; Acc: 35.033
2018-09-19 14:16:54,984:INFO: [TRAIN] Step: 407 ; Loss: 22.455 ; Acc: 35.080
2018-09-19 14:16:55,058:INFO: [TRAIN] Step: 408 ; Loss: 31.756 ; Acc: 35.075
2018-09-19 14:16:55,138:INFO: [TRAIN] Step: 409 ; Loss: 27.976 ; Acc: 35.051
2018-09-19 14:16:55,212:INFO: [TRAIN] Step: 410 ; Loss: 29.795 ; Acc: 35.036
2018-09-19 14:16:55,294:INFO: [TRAIN] Step: 411 ; Loss: 27.809 ; Acc: 35.032
2018-09-19 14:16:55,368:INFO: [TRAIN] Step: 412 ; Loss: 30.140 ; Acc: 35.028
2018-09-19 14:16:55,449:INFO: [TRAIN] Step: 413 ; Loss: 26.702 ; Acc: 35.014
2018-09-19 14:16:55,524:INFO: [TRAIN] Step: 414 ; Loss: 28.088 ; Acc: 34.980
2018-09-19 14:16:55,605:INFO: [TRAIN] Step: 415 ; Loss: 27.936 ; Acc: 34.956
2018-09-19 14:16:55,680:INFO: [TRAIN] Step: 416 ; Loss: 30.207 ; Acc: 34.922
2018-09-19 14:16:55,760:INFO: [TRAIN] Step: 417 ; Loss: 29.466 ; Acc: 34.908
2018-09-19 14:16:55,836:INFO: [TRAIN] Step: 418 ; Loss: 30.860 ; Acc: 34.905
2018-09-19 14:16:55,916:INFO: [TRAIN] Step: 419 ; Loss: 30.261 ; Acc: 34.891
2018-09-19 14:16:55,991:INFO: [TRAIN] Step: 420 ; Loss: 26.121 ; Acc: 34.907
2018-09-19 14:16:56,070:INFO: [TRAIN] Step: 421 ; Loss: 29.485 ; Acc: 34.903
2018-09-19 14:16:56,145:INFO: [TRAIN] Step: 422 ; Loss: 29.953 ; Acc: 34.929
2018-09-19 14:16:56,226:INFO: [TRAIN] Step: 423 ; Loss: 24.159 ; Acc: 34.945
2018-09-19 14:16:56,299:INFO: [TRAIN] Step: 424 ; Loss: 28.398 ; Acc: 34.931
2018-09-19 14:16:56,386:INFO: [TRAIN] Step: 425 ; Loss: 24.714 ; Acc: 34.996
2018-09-19 14:16:56,462:INFO: [TRAIN] Step: 426 ; Loss: 28.051 ; Acc: 35.021
2018-09-19 14:16:56,543:INFO: [TRAIN] Step: 427 ; Loss: 25.212 ; Acc: 35.066
2018-09-19 14:16:56,618:INFO: [TRAIN] Step: 428 ; Loss: 33.081 ; Acc: 35.072
2018-09-19 14:16:56,697:INFO: [TRAIN] Step: 429 ; Loss: 27.398 ; Acc: 35.078
2018-09-19 14:16:56,773:INFO: [TRAIN] Step: 430 ; Loss: 29.268 ; Acc: 35.102
2018-09-19 14:16:56,852:INFO: [TRAIN] Step: 431 ; Loss: 29.832 ; Acc: 35.118
2018-09-19 14:16:56,928:INFO: [TRAIN] Step: 432 ; Loss: 28.242 ; Acc: 35.181
2018-09-19 14:16:57,013:INFO: [TRAIN] Step: 433 ; Loss: 26.724 ; Acc: 35.196
2018-09-19 14:16:57,086:INFO: [TRAIN] Step: 434 ; Loss: 26.866 ; Acc: 35.172
2018-09-19 14:16:57,165:INFO: [TRAIN] Step: 435 ; Loss: 31.970 ; Acc: 35.168
2018-09-19 14:16:57,241:INFO: [TRAIN] Step: 436 ; Loss: 28.077 ; Acc: 35.183
2018-09-19 14:16:57,322:INFO: [TRAIN] Step: 437 ; Loss: 26.690 ; Acc: 35.236
2018-09-19 14:16:57,398:INFO: [TRAIN] Step: 438 ; Loss: 26.622 ; Acc: 35.241
2018-09-19 14:16:57,479:INFO: [TRAIN] Step: 439 ; Loss: 24.889 ; Acc: 35.256
2018-09-19 14:16:57,556:INFO: [TRAIN] Step: 440 ; Loss: 24.017 ; Acc: 35.270
2018-09-19 14:16:57,637:INFO: [TRAIN] Step: 441 ; Loss: 31.444 ; Acc: 35.256
2018-09-19 14:16:57,714:INFO: [TRAIN] Step: 442 ; Loss: 29.373 ; Acc: 35.271
2018-09-19 14:16:57,798:INFO: [TRAIN] Step: 443 ; Loss: 29.940 ; Acc: 35.285
2018-09-19 14:16:57,874:INFO: [TRAIN] Step: 444 ; Loss: 28.776 ; Acc: 35.281
2018-09-19 14:16:57,954:INFO: [TRAIN] Step: 445 ; Loss: 31.595 ; Acc: 35.239
2018-09-19 14:16:58,026:INFO: [TRAIN] Step: 446 ; Loss: 28.882 ; Acc: 35.282
2018-09-19 14:16:58,109:INFO: [TRAIN] Step: 447 ; Loss: 27.395 ; Acc: 35.268
2018-09-19 14:16:58,183:INFO: [TRAIN] Step: 448 ; Loss: 25.865 ; Acc: 35.310
2018-09-19 14:16:58,265:INFO: [TRAIN] Step: 449 ; Loss: 25.240 ; Acc: 35.333
2018-09-19 14:16:58,339:INFO: [TRAIN] Step: 450 ; Loss: 28.548 ; Acc: 35.329
2018-09-19 14:16:58,420:INFO: [TRAIN] Step: 451 ; Loss: 29.171 ; Acc: 35.361
2018-09-19 14:16:58,496:INFO: [TRAIN] Step: 452 ; Loss: 31.121 ; Acc: 35.403
2018-09-19 14:16:58,576:INFO: [TRAIN] Step: 453 ; Loss: 31.576 ; Acc: 35.398
2018-09-19 14:16:58,649:INFO: [TRAIN] Step: 454 ; Loss: 26.884 ; Acc: 35.421
2018-09-19 14:16:58,730:INFO: [TRAIN] Step: 455 ; Loss: 32.416 ; Acc: 35.426
2018-09-19 14:16:58,808:INFO: [TRAIN] Step: 456 ; Loss: 29.111 ; Acc: 35.403
2018-09-19 14:16:58,891:INFO: [TRAIN] Step: 457 ; Loss: 26.786 ; Acc: 35.426
2018-09-19 14:16:58,965:INFO: [TRAIN] Step: 458 ; Loss: 29.330 ; Acc: 35.439
2018-09-19 14:16:59,045:INFO: [TRAIN] Step: 459 ; Loss: 29.186 ; Acc: 35.444
2018-09-19 14:16:59,121:INFO: [TRAIN] Step: 460 ; Loss: 27.768 ; Acc: 35.439
2018-09-19 14:16:59,204:INFO: [TRAIN] Step: 461 ; Loss: 31.417 ; Acc: 35.444
2018-09-19 14:16:59,279:INFO: [TRAIN] Step: 462 ; Loss: 29.848 ; Acc: 35.475
2018-09-19 14:16:59,360:INFO: [TRAIN] Step: 463 ; Loss: 30.360 ; Acc: 35.471
2018-09-19 14:16:59,437:INFO: [TRAIN] Step: 464 ; Loss: 28.864 ; Acc: 35.511
2018-09-19 14:16:59,517:INFO: [TRAIN] Step: 465 ; Loss: 27.088 ; Acc: 35.497
2018-09-19 14:16:59,593:INFO: [TRAIN] Step: 466 ; Loss: 26.875 ; Acc: 35.493
2018-09-19 14:16:59,674:INFO: [TRAIN] Step: 467 ; Loss: 30.150 ; Acc: 35.470
2018-09-19 14:16:59,752:INFO: [TRAIN] Step: 468 ; Loss: 29.594 ; Acc: 35.457
2018-09-19 14:16:59,832:INFO: [TRAIN] Step: 469 ; Loss: 29.605 ; Acc: 35.461
2018-09-19 14:16:59,905:INFO: [TRAIN] Step: 470 ; Loss: 33.016 ; Acc: 35.430
2018-09-19 14:16:59,989:INFO: [TRAIN] Step: 471 ; Loss: 30.978 ; Acc: 35.434
2018-09-19 14:17:00,065:INFO: [TRAIN] Step: 472 ; Loss: 29.105 ; Acc: 35.456
2018-09-19 14:17:00,147:INFO: [TRAIN] Step: 473 ; Loss: 27.588 ; Acc: 35.469
2018-09-19 14:17:00,228:INFO: [TRAIN] Step: 474 ; Loss: 30.037 ; Acc: 35.474
2018-09-19 14:17:00,312:INFO: [TRAIN] Step: 475 ; Loss: 30.482 ; Acc: 35.460
2018-09-19 14:17:00,388:INFO: [TRAIN] Step: 476 ; Loss: 28.764 ; Acc: 35.447
2018-09-19 14:17:00,477:INFO: [TRAIN] Step: 477 ; Loss: 28.915 ; Acc: 35.443
2018-09-19 14:17:00,556:INFO: [TRAIN] Step: 478 ; Loss: 28.731 ; Acc: 35.465
2018-09-19 14:17:00,641:INFO: [TRAIN] Step: 479 ; Loss: 29.434 ; Acc: 35.486
2018-09-19 14:17:00,720:INFO: [TRAIN] Step: 480 ; Loss: 26.688 ; Acc: 35.499
2018-09-19 14:17:00,801:INFO: [TRAIN] Step: 481 ; Loss: 25.238 ; Acc: 35.529
2018-09-19 14:17:00,876:INFO: [TRAIN] Step: 482 ; Loss: 26.626 ; Acc: 35.524
2018-09-19 14:17:00,958:INFO: [TRAIN] Step: 483 ; Loss: 26.004 ; Acc: 35.546
2018-09-19 14:17:01,033:INFO: [TRAIN] Step: 484 ; Loss: 27.208 ; Acc: 35.558
2018-09-19 14:17:01,115:INFO: [TRAIN] Step: 485 ; Loss: 27.610 ; Acc: 35.571
2018-09-19 14:17:01,195:INFO: [TRAIN] Step: 486 ; Loss: 28.459 ; Acc: 35.566
2018-09-19 14:17:01,281:INFO: [TRAIN] Step: 487 ; Loss: 34.059 ; Acc: 35.587
2018-09-19 14:17:01,357:INFO: [TRAIN] Step: 488 ; Loss: 27.149 ; Acc: 35.600
2018-09-19 14:17:01,441:INFO: [TRAIN] Step: 489 ; Loss: 28.312 ; Acc: 35.621
2018-09-19 14:17:01,516:INFO: [TRAIN] Step: 490 ; Loss: 26.667 ; Acc: 35.633
2018-09-19 14:17:01,598:INFO: [TRAIN] Step: 491 ; Loss: 28.474 ; Acc: 35.654
2018-09-19 14:17:01,674:INFO: [TRAIN] Step: 492 ; Loss: 29.278 ; Acc: 35.641
2018-09-19 14:17:01,754:INFO: [TRAIN] Step: 493 ; Loss: 26.730 ; Acc: 35.644
2018-09-19 14:17:01,837:INFO: [TRAIN] Step: 494 ; Loss: 28.918 ; Acc: 35.648
2018-09-19 14:17:01,918:INFO: [TRAIN] Step: 495 ; Loss: 30.527 ; Acc: 35.643
2018-09-19 14:17:01,994:INFO: [TRAIN] Step: 496 ; Loss: 25.379 ; Acc: 35.689
2018-09-19 14:17:02,073:INFO: [TRAIN] Step: 497 ; Loss: 27.015 ; Acc: 35.710
2018-09-19 14:17:02,149:INFO: [TRAIN] Step: 498 ; Loss: 23.874 ; Acc: 35.721
2018-09-19 14:17:02,231:INFO: [TRAIN] Step: 499 ; Loss: 28.210 ; Acc: 35.733
2018-09-19 14:17:02,310:INFO: [TRAIN] Step: 500 ; Loss: 27.541 ; Acc: 35.745
2018-09-19 14:17:02,393:INFO: [TRAIN] Step: 501 ; Loss: 26.873 ; Acc: 35.740
2018-09-19 14:17:02,468:INFO: [TRAIN] Step: 502 ; Loss: 25.974 ; Acc: 35.777
2018-09-19 14:17:02,550:INFO: [TRAIN] Step: 503 ; Loss: 30.500 ; Acc: 35.780
2018-09-19 14:17:02,628:INFO: [TRAIN] Step: 504 ; Loss: 25.866 ; Acc: 35.784
2018-09-19 14:17:02,713:INFO: [TRAIN] Step: 505 ; Loss: 28.177 ; Acc: 35.787
2018-09-19 14:17:02,789:INFO: [TRAIN] Step: 506 ; Loss: 26.134 ; Acc: 35.807
2018-09-19 14:17:02,868:INFO: [TRAIN] Step: 507 ; Loss: 28.638 ; Acc: 35.851
2018-09-19 14:17:02,942:INFO: [TRAIN] Step: 508 ; Loss: 30.083 ; Acc: 35.871
2018-09-19 14:17:03,021:INFO: [TRAIN] Step: 509 ; Loss: 28.671 ; Acc: 35.858
2018-09-19 14:17:03,095:INFO: [TRAIN] Step: 510 ; Loss: 26.583 ; Acc: 35.869
2018-09-19 14:17:03,177:INFO: [TRAIN] Step: 511 ; Loss: 31.001 ; Acc: 35.897
2018-09-19 14:17:03,249:INFO: [TRAIN] Step: 512 ; Loss: 28.608 ; Acc: 35.932
2018-09-19 14:17:03,331:INFO: [TRAIN] Step: 513 ; Loss: 27.601 ; Acc: 35.960
2018-09-19 14:17:03,406:INFO: [TRAIN] Step: 514 ; Loss: 27.829 ; Acc: 35.979
2018-09-19 14:17:03,485:INFO: [TRAIN] Step: 515 ; Loss: 28.909 ; Acc: 36.006
2018-09-19 14:17:03,561:INFO: [TRAIN] Step: 516 ; Loss: 27.367 ; Acc: 36.001
2018-09-19 14:17:03,641:INFO: [TRAIN] Step: 517 ; Loss: 25.270 ; Acc: 36.028
2018-09-19 14:17:03,715:INFO: [TRAIN] Step: 518 ; Loss: 26.982 ; Acc: 36.055
2018-09-19 14:17:03,796:INFO: [TRAIN] Step: 519 ; Loss: 27.566 ; Acc: 36.034
2018-09-19 14:17:03,871:INFO: [TRAIN] Step: 520 ; Loss: 27.548 ; Acc: 36.028
2018-09-19 14:17:03,952:INFO: [TRAIN] Step: 521 ; Loss: 25.409 ; Acc: 36.079
2018-09-19 14:17:04,024:INFO: [TRAIN] Step: 522 ; Loss: 26.116 ; Acc: 36.114
2018-09-19 14:17:04,106:INFO: [TRAIN] Step: 523 ; Loss: 27.367 ; Acc: 36.101
2018-09-19 14:17:04,180:INFO: [TRAIN] Step: 524 ; Loss: 26.147 ; Acc: 36.103
2018-09-19 14:17:04,260:INFO: [TRAIN] Step: 525 ; Loss: 30.039 ; Acc: 36.122
2018-09-19 14:17:04,336:INFO: [TRAIN] Step: 526 ; Loss: 22.612 ; Acc: 36.148
2018-09-19 14:17:04,417:INFO: [TRAIN] Step: 527 ; Loss: 27.843 ; Acc: 36.166
2018-09-19 14:17:04,489:INFO: [TRAIN] Step: 528 ; Loss: 27.149 ; Acc: 36.161
2018-09-19 14:17:04,568:INFO: [TRAIN] Step: 529 ; Loss: 25.057 ; Acc: 36.195
2018-09-19 14:17:04,644:INFO: [TRAIN] Step: 530 ; Loss: 25.125 ; Acc: 36.205
2018-09-19 14:17:04,724:INFO: [TRAIN] Step: 531 ; Loss: 26.327 ; Acc: 36.223
2018-09-19 14:17:04,801:INFO: [TRAIN] Step: 532 ; Loss: 27.576 ; Acc: 36.210
2018-09-19 14:17:04,882:INFO: [TRAIN] Step: 533 ; Loss: 24.221 ; Acc: 36.197
2018-09-19 14:17:04,955:INFO: [TRAIN] Step: 534 ; Loss: 31.173 ; Acc: 36.184
2018-09-19 14:17:05,036:INFO: [TRAIN] Step: 535 ; Loss: 27.081 ; Acc: 36.194
2018-09-19 14:17:05,135:INFO: [TRAIN] Step: 536 ; Loss: 27.045 ; Acc: 36.196
2018-09-19 14:17:05,215:INFO: [TRAIN] Step: 537 ; Loss: 29.115 ; Acc: 36.199
2018-09-19 14:17:05,288:INFO: [TRAIN] Step: 538 ; Loss: 27.093 ; Acc: 36.224
2018-09-19 14:17:05,370:INFO: [TRAIN] Step: 539 ; Loss: 26.904 ; Acc: 36.265
2018-09-19 14:17:05,442:INFO: [TRAIN] Step: 540 ; Loss: 27.757 ; Acc: 36.275
2018-09-19 14:17:05,524:INFO: [TRAIN] Step: 541 ; Loss: 24.271 ; Acc: 36.339
2018-09-19 14:17:05,600:INFO: [TRAIN] Step: 542 ; Loss: 27.344 ; Acc: 36.341
2018-09-19 14:17:05,679:INFO: [TRAIN] Step: 543 ; Loss: 26.582 ; Acc: 36.351
2018-09-19 14:17:05,755:INFO: [TRAIN] Step: 544 ; Loss: 28.909 ; Acc: 36.361
2018-09-19 14:17:05,835:INFO: [TRAIN] Step: 545 ; Loss: 26.111 ; Acc: 36.378
2018-09-19 14:17:05,912:INFO: [TRAIN] Step: 546 ; Loss: 26.468 ; Acc: 36.411
2018-09-19 14:17:05,995:INFO: [TRAIN] Step: 547 ; Loss: 31.656 ; Acc: 36.382
2018-09-19 14:17:06,070:INFO: [TRAIN] Step: 548 ; Loss: 28.872 ; Acc: 36.407
2018-09-19 14:17:06,150:INFO: [TRAIN] Step: 549 ; Loss: 29.498 ; Acc: 36.409
2018-09-19 14:17:06,225:INFO: [TRAIN] Step: 550 ; Loss: 25.113 ; Acc: 36.426
2018-09-19 14:17:06,308:INFO: [TRAIN] Step: 551 ; Loss: 27.392 ; Acc: 36.421
2018-09-19 14:17:06,387:INFO: [TRAIN] Step: 552 ; Loss: 28.573 ; Acc: 36.415
2018-09-19 14:17:06,468:INFO: [TRAIN] Step: 553 ; Loss: 26.172 ; Acc: 36.432
2018-09-19 14:17:06,541:INFO: [TRAIN] Step: 554 ; Loss: 28.768 ; Acc: 36.411
2018-09-19 14:17:06,623:INFO: [TRAIN] Step: 555 ; Loss: 28.058 ; Acc: 36.421
2018-09-19 14:17:06,699:INFO: [TRAIN] Step: 556 ; Loss: 24.868 ; Acc: 36.430
2018-09-19 14:17:06,778:INFO: [TRAIN] Step: 557 ; Loss: 26.600 ; Acc: 36.440
2018-09-19 14:17:06,853:INFO: [TRAIN] Step: 558 ; Loss: 25.740 ; Acc: 36.456
2018-09-19 14:17:06,932:INFO: [TRAIN] Step: 559 ; Loss: 28.245 ; Acc: 36.451
2018-09-19 14:17:07,006:INFO: [TRAIN] Step: 560 ; Loss: 26.526 ; Acc: 36.430
2018-09-19 14:17:07,089:INFO: [TRAIN] Step: 561 ; Loss: 28.629 ; Acc: 36.432
2018-09-19 14:17:07,164:INFO: [TRAIN] Step: 562 ; Loss: 27.570 ; Acc: 36.442
2018-09-19 14:17:07,245:INFO: [TRAIN] Step: 563 ; Loss: 25.593 ; Acc: 36.451
2018-09-19 14:17:07,317:INFO: [TRAIN] Step: 564 ; Loss: 29.510 ; Acc: 36.431
2018-09-19 14:17:07,398:INFO: [TRAIN] Step: 565 ; Loss: 30.360 ; Acc: 36.418
2018-09-19 14:17:07,471:INFO: [TRAIN] Step: 566 ; Loss: 27.029 ; Acc: 36.420
2018-09-19 14:17:07,553:INFO: [TRAIN] Step: 567 ; Loss: 30.463 ; Acc: 36.414
2018-09-19 14:17:07,626:INFO: [TRAIN] Step: 568 ; Loss: 26.610 ; Acc: 36.416
2018-09-19 14:17:07,707:INFO: [TRAIN] Step: 569 ; Loss: 31.393 ; Acc: 36.433
2018-09-19 14:17:07,782:INFO: [TRAIN] Step: 570 ; Loss: 26.650 ; Acc: 36.413
2018-09-19 14:17:07,861:INFO: [TRAIN] Step: 571 ; Loss: 28.617 ; Acc: 36.422
2018-09-19 14:17:07,934:INFO: [TRAIN] Step: 572 ; Loss: 29.617 ; Acc: 36.417
2018-09-19 14:17:08,015:INFO: [TRAIN] Step: 573 ; Loss: 27.841 ; Acc: 36.418
2018-09-19 14:17:08,090:INFO: [TRAIN] Step: 574 ; Loss: 34.036 ; Acc: 36.399
2018-09-19 14:17:08,169:INFO: [TRAIN] Step: 575 ; Loss: 24.439 ; Acc: 36.422
2018-09-19 14:17:08,242:INFO: [TRAIN] Step: 576 ; Loss: 25.773 ; Acc: 36.438
2018-09-19 14:17:08,324:INFO: [TRAIN] Step: 577 ; Loss: 31.292 ; Acc: 36.419
2018-09-19 14:17:08,398:INFO: [TRAIN] Step: 578 ; Loss: 29.160 ; Acc: 36.421
2018-09-19 14:17:08,480:INFO: [TRAIN] Step: 579 ; Loss: 26.246 ; Acc: 36.430
2018-09-19 14:17:08,554:INFO: [TRAIN] Step: 580 ; Loss: 28.356 ; Acc: 36.417
2018-09-19 14:17:08,636:INFO: [TRAIN] Step: 581 ; Loss: 25.012 ; Acc: 36.433
2018-09-19 14:17:08,709:INFO: [TRAIN] Step: 582 ; Loss: 26.028 ; Acc: 36.442
2018-09-19 14:17:08,790:INFO: [TRAIN] Step: 583 ; Loss: 24.003 ; Acc: 36.480
2018-09-19 14:17:08,864:INFO: [TRAIN] Step: 584 ; Loss: 29.391 ; Acc: 36.474
2018-09-19 14:17:08,943:INFO: [TRAIN] Step: 585 ; Loss: 31.776 ; Acc: 36.497
2018-09-19 14:17:09,017:INFO: [TRAIN] Step: 586 ; Loss: 24.314 ; Acc: 36.499
2018-09-19 14:17:09,099:INFO: [TRAIN] Step: 587 ; Loss: 24.114 ; Acc: 36.515
2018-09-19 14:17:09,172:INFO: [TRAIN] Step: 588 ; Loss: 29.092 ; Acc: 36.503
2018-09-19 14:17:09,253:INFO: [TRAIN] Step: 589 ; Loss: 25.707 ; Acc: 36.532
2018-09-19 14:17:09,326:INFO: [TRAIN] Step: 590 ; Loss: 26.723 ; Acc: 36.527
2018-09-19 14:17:09,405:INFO: [TRAIN] Step: 591 ; Loss: 25.988 ; Acc: 36.536
2018-09-19 14:17:09,480:INFO: [TRAIN] Step: 592 ; Loss: 31.554 ; Acc: 36.537
2018-09-19 14:17:09,561:INFO: [TRAIN] Step: 593 ; Loss: 30.629 ; Acc: 36.553
2018-09-19 14:17:09,636:INFO: [TRAIN] Step: 594 ; Loss: 29.329 ; Acc: 36.576
2018-09-19 14:17:09,715:INFO: [TRAIN] Step: 595 ; Loss: 29.499 ; Acc: 36.577
2018-09-19 14:17:09,788:INFO: [TRAIN] Step: 596 ; Loss: 27.545 ; Acc: 36.586
2018-09-19 14:17:09,868:INFO: [TRAIN] Step: 597 ; Loss: 22.779 ; Acc: 36.622
2018-09-19 14:17:09,940:INFO: [TRAIN] Step: 598 ; Loss: 27.262 ; Acc: 36.624
2018-09-19 14:17:10,020:INFO: [TRAIN] Step: 599 ; Loss: 25.067 ; Acc: 36.632
2018-09-19 14:17:10,094:INFO: [TRAIN] Step: 600 ; Loss: 26.398 ; Acc: 36.620
2018-09-19 14:17:10,175:INFO: [TRAIN] Step: 601 ; Loss: 30.256 ; Acc: 36.635
2018-09-19 14:17:10,248:INFO: [TRAIN] Step: 602 ; Loss: 26.802 ; Acc: 36.650
2018-09-19 14:17:10,327:INFO: [TRAIN] Step: 603 ; Loss: 26.821 ; Acc: 36.665
2018-09-19 14:17:10,403:INFO: [TRAIN] Step: 604 ; Loss: 26.625 ; Acc: 36.687
2018-09-19 14:17:10,482:INFO: [TRAIN] Step: 605 ; Loss: 28.300 ; Acc: 36.682
2018-09-19 14:17:10,554:INFO: [TRAIN] Step: 606 ; Loss: 23.725 ; Acc: 36.711
2018-09-19 14:17:10,634:INFO: [TRAIN] Step: 607 ; Loss: 25.853 ; Acc: 36.705
2018-09-19 14:17:10,709:INFO: [TRAIN] Step: 608 ; Loss: 27.471 ; Acc: 36.706
2018-09-19 14:17:10,789:INFO: [TRAIN] Step: 609 ; Loss: 29.731 ; Acc: 36.701
2018-09-19 14:17:10,866:INFO: [TRAIN] Step: 610 ; Loss: 29.377 ; Acc: 36.723
2018-09-19 14:17:10,949:INFO: [TRAIN] Step: 611 ; Loss: 25.472 ; Acc: 36.724
2018-09-19 14:17:11,024:INFO: [TRAIN] Step: 612 ; Loss: 28.479 ; Acc: 36.725
2018-09-19 14:17:11,106:INFO: [TRAIN] Step: 613 ; Loss: 28.264 ; Acc: 36.740
2018-09-19 14:17:11,181:INFO: [TRAIN] Step: 614 ; Loss: 28.730 ; Acc: 36.741
2018-09-19 14:17:11,264:INFO: [TRAIN] Step: 615 ; Loss: 25.296 ; Acc: 36.776
2018-09-19 14:17:11,342:INFO: [TRAIN] Step: 616 ; Loss: 28.929 ; Acc: 36.771
2018-09-19 14:17:11,423:INFO: [TRAIN] Step: 617 ; Loss: 26.131 ; Acc: 36.792
2018-09-19 14:17:11,501:INFO: [TRAIN] Step: 618 ; Loss: 26.744 ; Acc: 36.807
2018-09-19 14:17:11,580:INFO: [TRAIN] Step: 619 ; Loss: 30.388 ; Acc: 36.794
2018-09-19 14:17:11,652:INFO: [TRAIN] Step: 620 ; Loss: 28.707 ; Acc: 36.802
2018-09-19 14:17:11,734:INFO: [TRAIN] Step: 621 ; Loss: 27.261 ; Acc: 36.790
2018-09-19 14:17:11,811:INFO: [TRAIN] Step: 622 ; Loss: 25.465 ; Acc: 36.784
2018-09-19 14:17:11,895:INFO: [TRAIN] Step: 623 ; Loss: 29.703 ; Acc: 36.765
2018-09-19 14:17:11,971:INFO: [TRAIN] Step: 624 ; Loss: 25.366 ; Acc: 36.760
2018-09-19 14:17:12,054:INFO: [TRAIN] Step: 625 ; Loss: 28.015 ; Acc: 36.755
2018-09-19 14:17:12,131:INFO: [TRAIN] Step: 626 ; Loss: 27.187 ; Acc: 36.756
2018-09-19 14:17:12,212:INFO: [TRAIN] Step: 627 ; Loss: 29.967 ; Acc: 36.764
2018-09-19 14:17:12,289:INFO: [TRAIN] Step: 628 ; Loss: 23.074 ; Acc: 36.785
2018-09-19 14:17:12,370:INFO: [TRAIN] Step: 629 ; Loss: 28.753 ; Acc: 36.799
2018-09-19 14:17:12,446:INFO: [TRAIN] Step: 630 ; Loss: 31.105 ; Acc: 36.826
2018-09-19 14:17:12,526:INFO: [TRAIN] Step: 631 ; Loss: 31.769 ; Acc: 36.828
2018-09-19 14:17:12,603:INFO: [TRAIN] Step: 632 ; Loss: 28.054 ; Acc: 36.842
2018-09-19 14:17:12,684:INFO: [TRAIN] Step: 633 ; Loss: 26.376 ; Acc: 36.843
2018-09-19 14:17:12,761:INFO: [TRAIN] Step: 634 ; Loss: 26.447 ; Acc: 36.877
2018-09-19 14:17:12,848:INFO: [TRAIN] Step: 635 ; Loss: 28.691 ; Acc: 36.884
2018-09-19 14:17:12,927:INFO: [TRAIN] Step: 636 ; Loss: 27.139 ; Acc: 36.924
2018-09-19 14:17:13,013:INFO: [TRAIN] Step: 637 ; Loss: 26.882 ; Acc: 36.938
2018-09-19 14:17:13,093:INFO: [TRAIN] Step: 638 ; Loss: 27.924 ; Acc: 36.965
2018-09-19 14:17:13,178:INFO: [TRAIN] Step: 639 ; Loss: 26.825 ; Acc: 36.979
2018-09-19 14:17:13,260:INFO: [TRAIN] Step: 640 ; Loss: 26.900 ; Acc: 36.993
2018-09-19 14:17:13,345:INFO: [TRAIN] Step: 641 ; Loss: 24.565 ; Acc: 37.000
2018-09-19 14:17:13,425:INFO: [TRAIN] Step: 642 ; Loss: 26.657 ; Acc: 37.014
2018-09-19 14:17:13,515:INFO: [TRAIN] Step: 643 ; Loss: 28.403 ; Acc: 37.015
2018-09-19 14:17:13,594:INFO: [TRAIN] Step: 644 ; Loss: 29.099 ; Acc: 37.028
2018-09-19 14:17:13,683:INFO: [TRAIN] Step: 645 ; Loss: 27.913 ; Acc: 37.036
2018-09-19 14:17:13,763:INFO: [TRAIN] Step: 646 ; Loss: 27.077 ; Acc: 37.043
2018-09-19 14:17:13,851:INFO: [TRAIN] Step: 647 ; Loss: 25.200 ; Acc: 37.063
2018-09-19 14:17:13,933:INFO: [TRAIN] Step: 648 ; Loss: 26.901 ; Acc: 37.063
2018-09-19 14:17:14,019:INFO: [TRAIN] Step: 649 ; Loss: 25.921 ; Acc: 37.090
2018-09-19 14:17:14,101:INFO: [TRAIN] Step: 650 ; Loss: 27.010 ; Acc: 37.116
2018-09-19 14:17:14,193:INFO: [TRAIN] Step: 651 ; Loss: 27.699 ; Acc: 37.104
2018-09-19 14:17:14,275:INFO: [TRAIN] Step: 652 ; Loss: 25.915 ; Acc: 37.130
2018-09-19 14:17:14,364:INFO: [TRAIN] Step: 653 ; Loss: 25.477 ; Acc: 37.169
2018-09-19 14:17:14,448:INFO: [TRAIN] Step: 654 ; Loss: 28.539 ; Acc: 37.182
2018-09-19 14:17:14,535:INFO: [TRAIN] Step: 655 ; Loss: 24.680 ; Acc: 37.221
2018-09-19 14:17:14,619:INFO: [TRAIN] Step: 656 ; Loss: 26.013 ; Acc: 37.240
2018-09-19 14:17:14,710:INFO: [TRAIN] Step: 657 ; Loss: 28.656 ; Acc: 37.228
2018-09-19 14:17:14,796:INFO: [TRAIN] Step: 658 ; Loss: 29.806 ; Acc: 37.203
2018-09-19 14:17:14,884:INFO: [TRAIN] Step: 659 ; Loss: 26.940 ; Acc: 37.229
2018-09-19 14:17:14,967:INFO: [TRAIN] Step: 660 ; Loss: 30.553 ; Acc: 37.210
2018-09-19 14:17:15,059:INFO: [TRAIN] Step: 661 ; Loss: 29.529 ; Acc: 37.185
2018-09-19 14:17:15,144:INFO: [TRAIN] Step: 662 ; Loss: 27.477 ; Acc: 37.211
2018-09-19 14:17:15,238:INFO: [TRAIN] Step: 663 ; Loss: 29.373 ; Acc: 37.218
2018-09-19 14:17:15,328:INFO: [TRAIN] Step: 664 ; Loss: 31.108 ; Acc: 37.206
2018-09-19 14:17:15,422:INFO: [TRAIN] Step: 665 ; Loss: 25.254 ; Acc: 37.237
2018-09-19 14:17:15,513:INFO: [TRAIN] Step: 666 ; Loss: 25.142 ; Acc: 37.231
2018-09-19 14:17:15,607:INFO: [TRAIN] Step: 667 ; Loss: 25.696 ; Acc: 37.232
2018-09-19 14:17:15,694:INFO: [TRAIN] Step: 668 ; Loss: 27.338 ; Acc: 37.238
2018-09-19 14:17:15,787:INFO: [TRAIN] Step: 669 ; Loss: 21.541 ; Acc: 37.257
2018-09-19 14:17:15,878:INFO: [TRAIN] Step: 670 ; Loss: 24.237 ; Acc: 37.258
2018-09-19 14:17:15,973:INFO: [TRAIN] Step: 671 ; Loss: 28.014 ; Acc: 37.252
2018-09-19 14:17:16,063:INFO: [TRAIN] Step: 672 ; Loss: 26.686 ; Acc: 37.271
2018-09-19 14:17:16,164:INFO: [TRAIN] Step: 673 ; Loss: 26.020 ; Acc: 37.315
2018-09-19 14:17:16,254:INFO: [TRAIN] Step: 674 ; Loss: 25.061 ; Acc: 37.352
2018-09-19 14:17:16,349:INFO: [TRAIN] Step: 675 ; Loss: 25.593 ; Acc: 37.358
2018-09-19 14:17:16,443:INFO: [TRAIN] Step: 676 ; Loss: 29.758 ; Acc: 37.371
2018-09-19 14:17:16,543:INFO: [TRAIN] Step: 677 ; Loss: 26.618 ; Acc: 37.377
2018-09-19 14:17:16,636:INFO: [TRAIN] Step: 678 ; Loss: 25.234 ; Acc: 37.408
2018-09-19 14:17:16,735:INFO: [TRAIN] Step: 679 ; Loss: 25.979 ; Acc: 37.414
2018-09-19 14:17:16,825:INFO: [TRAIN] Step: 680 ; Loss: 28.429 ; Acc: 37.420
2018-09-19 14:17:16,924:INFO: [TRAIN] Step: 681 ; Loss: 26.059 ; Acc: 37.427
2018-09-19 14:17:17,018:INFO: [TRAIN] Step: 682 ; Loss: 27.285 ; Acc: 37.421
2018-09-19 14:17:17,119:INFO: [TRAIN] Step: 683 ; Loss: 28.107 ; Acc: 37.427
2018-09-19 14:17:17,216:INFO: [TRAIN] Step: 684 ; Loss: 26.944 ; Acc: 37.445
2018-09-19 14:17:17,314:INFO: [TRAIN] Step: 685 ; Loss: 30.597 ; Acc: 37.451
2018-09-19 14:17:17,409:INFO: [TRAIN] Step: 686 ; Loss: 26.187 ; Acc: 37.476
2018-09-19 14:17:17,509:INFO: [TRAIN] Step: 687 ; Loss: 24.204 ; Acc: 37.470
2018-09-19 14:17:17,610:INFO: [TRAIN] Step: 688 ; Loss: 28.290 ; Acc: 37.494
2018-09-19 14:17:17,722:INFO: [TRAIN] Step: 689 ; Loss: 28.662 ; Acc: 37.506
2018-09-19 14:17:17,818:INFO: [TRAIN] Step: 690 ; Loss: 25.934 ; Acc: 37.518
2018-09-19 14:17:17,922:INFO: [TRAIN] Step: 691 ; Loss: 25.885 ; Acc: 37.524
2018-09-19 14:17:18,021:INFO: [TRAIN] Step: 692 ; Loss: 26.496 ; Acc: 37.536
2018-09-19 14:17:18,129:INFO: [TRAIN] Step: 693 ; Loss: 28.976 ; Acc: 37.542
2018-09-19 14:17:18,229:INFO: [TRAIN] Step: 694 ; Loss: 28.813 ; Acc: 37.536
2018-09-19 14:17:18,336:INFO: [TRAIN] Step: 695 ; Loss: 29.288 ; Acc: 37.536
2018-09-19 14:17:18,437:INFO: [TRAIN] Step: 696 ; Loss: 28.853 ; Acc: 37.542
2018-09-19 14:17:18,539:INFO: [TRAIN] Step: 697 ; Loss: 28.362 ; Acc: 37.530
2018-09-19 14:17:18,644:INFO: [TRAIN] Step: 698 ; Loss: 27.863 ; Acc: 37.536
2018-09-19 14:17:18,749:INFO: [TRAIN] Step: 699 ; Loss: 24.289 ; Acc: 37.542
2018-09-19 14:17:18,857:INFO: [TRAIN] Step: 700 ; Loss: 25.306 ; Acc: 37.553
2018-09-19 14:17:18,967:INFO: [TRAIN] Step: 701 ; Loss: 26.300 ; Acc: 37.571
2018-09-19 14:17:19,073:INFO: [TRAIN] Step: 702 ; Loss: 25.445 ; Acc: 37.607
2018-09-19 14:17:19,184:INFO: [TRAIN] Step: 703 ; Loss: 27.146 ; Acc: 37.624
2018-09-19 14:17:19,288:INFO: [TRAIN] Step: 704 ; Loss: 23.078 ; Acc: 37.642
2018-09-19 14:17:19,391:INFO: [TRAIN] Step: 705 ; Loss: 26.447 ; Acc: 37.653
2018-09-19 14:17:19,499:INFO: [TRAIN] Step: 706 ; Loss: 27.823 ; Acc: 37.665
2018-09-19 14:17:19,605:INFO: [TRAIN] Step: 707 ; Loss: 25.931 ; Acc: 37.659
2018-09-19 14:17:19,709:INFO: [TRAIN] Step: 708 ; Loss: 26.035 ; Acc: 37.682
2018-09-19 14:17:19,821:INFO: [TRAIN] Step: 709 ; Loss: 25.816 ; Acc: 37.705
2018-09-19 14:17:19,929:INFO: [TRAIN] Step: 710 ; Loss: 26.391 ; Acc: 37.740
2018-09-19 14:17:20,032:INFO: [TRAIN] Step: 711 ; Loss: 25.939 ; Acc: 37.746
2018-09-19 14:17:20,140:INFO: [TRAIN] Step: 712 ; Loss: 26.891 ; Acc: 37.751
2018-09-19 14:17:20,244:INFO: [TRAIN] Step: 713 ; Loss: 28.220 ; Acc: 37.768
2018-09-19 14:17:20,352:INFO: [TRAIN] Step: 714 ; Loss: 22.643 ; Acc: 37.786
2018-09-19 14:17:20,459:INFO: [TRAIN] Step: 715 ; Loss: 24.345 ; Acc: 37.803
2018-09-19 14:17:20,570:INFO: [TRAIN] Step: 716 ; Loss: 26.695 ; Acc: 37.808
2018-09-19 14:17:20,678:INFO: [TRAIN] Step: 717 ; Loss: 23.973 ; Acc: 37.831
2018-09-19 14:17:20,784:INFO: [TRAIN] Step: 718 ; Loss: 29.901 ; Acc: 37.825
2018-09-19 14:17:20,894:INFO: [TRAIN] Step: 719 ; Loss: 27.003 ; Acc: 37.836
2018-09-19 14:17:21,000:INFO: [TRAIN] Step: 720 ; Loss: 25.938 ; Acc: 37.858
2018-09-19 14:17:21,110:INFO: [TRAIN] Step: 721 ; Loss: 25.151 ; Acc: 37.864
2018-09-19 14:17:21,218:INFO: [TRAIN] Step: 722 ; Loss: 28.238 ; Acc: 37.863
2018-09-19 14:17:21,327:INFO: [TRAIN] Step: 723 ; Loss: 25.189 ; Acc: 37.886
2018-09-19 14:17:21,434:INFO: [TRAIN] Step: 724 ; Loss: 25.235 ; Acc: 37.908
2018-09-19 14:17:21,542:INFO: [TRAIN] Step: 725 ; Loss: 24.091 ; Acc: 37.925
2018-09-19 14:17:21,650:INFO: [TRAIN] Step: 726 ; Loss: 25.438 ; Acc: 37.930
2018-09-19 14:17:21,756:INFO: [TRAIN] Step: 727 ; Loss: 28.556 ; Acc: 37.918
2018-09-19 14:17:21,864:INFO: [TRAIN] Step: 728 ; Loss: 28.298 ; Acc: 37.934
2018-09-19 14:17:21,972:INFO: [TRAIN] Step: 729 ; Loss: 26.761 ; Acc: 37.945
2018-09-19 14:17:22,089:INFO: [TRAIN] Step: 730 ; Loss: 26.934 ; Acc: 37.967
2018-09-19 14:17:22,198:INFO: [TRAIN] Step: 731 ; Loss: 22.484 ; Acc: 38.001
2018-09-19 14:17:22,305:INFO: [TRAIN] Step: 732 ; Loss: 28.613 ; Acc: 37.972
2018-09-19 14:17:22,413:INFO: [TRAIN] Step: 733 ; Loss: 26.975 ; Acc: 37.983
2018-09-19 14:17:22,516:INFO: [TRAIN] Step: 734 ; Loss: 21.778 ; Acc: 38.022
2018-09-19 14:17:22,628:INFO: [TRAIN] Step: 735 ; Loss: 26.509 ; Acc: 38.015
2018-09-19 14:17:22,732:INFO: [TRAIN] Step: 736 ; Loss: 24.894 ; Acc: 38.037
2018-09-19 14:17:22,842:INFO: [TRAIN] Step: 737 ; Loss: 25.375 ; Acc: 38.053
2018-09-19 14:17:22,950:INFO: [TRAIN] Step: 738 ; Loss: 25.129 ; Acc: 38.064
2018-09-19 14:17:23,058:INFO: [TRAIN] Step: 739 ; Loss: 28.043 ; Acc: 38.069
2018-09-19 14:17:23,162:INFO: [TRAIN] Step: 740 ; Loss: 32.514 ; Acc: 38.074
2018-09-19 14:17:23,269:INFO: [TRAIN] Step: 741 ; Loss: 26.071 ; Acc: 38.078
2018-09-19 14:17:23,379:INFO: [TRAIN] Step: 742 ; Loss: 26.412 ; Acc: 38.083
2018-09-19 14:17:23,485:INFO: [TRAIN] Step: 743 ; Loss: 27.970 ; Acc: 38.105
2018-09-19 14:17:23,592:INFO: [TRAIN] Step: 744 ; Loss: 27.913 ; Acc: 38.126
2018-09-19 14:17:23,696:INFO: [TRAIN] Step: 745 ; Loss: 26.633 ; Acc: 38.120
2018-09-19 14:17:23,808:INFO: [TRAIN] Step: 746 ; Loss: 26.780 ; Acc: 38.136
2018-09-19 14:17:23,913:INFO: [TRAIN] Step: 747 ; Loss: 22.683 ; Acc: 38.152
2018-09-19 14:17:24,023:INFO: [TRAIN] Step: 748 ; Loss: 35.032 ; Acc: 38.151
2018-09-19 14:17:24,130:INFO: [TRAIN] Step: 749 ; Loss: 27.162 ; Acc: 38.156
2018-09-19 14:17:24,238:INFO: [TRAIN] Step: 750 ; Loss: 24.220 ; Acc: 38.160
2018-09-19 14:17:24,341:INFO: [TRAIN] Step: 751 ; Loss: 24.727 ; Acc: 38.159
2018-09-19 14:17:24,450:INFO: [TRAIN] Step: 752 ; Loss: 29.664 ; Acc: 38.170
2018-09-19 14:17:24,556:INFO: [TRAIN] Step: 753 ; Loss: 27.666 ; Acc: 38.180
2018-09-19 14:17:24,661:INFO: [TRAIN] Step: 754 ; Loss: 23.086 ; Acc: 38.190
2018-09-19 14:17:24,770:INFO: [TRAIN] Step: 755 ; Loss: 32.987 ; Acc: 38.172
2018-09-19 14:17:24,874:INFO: [TRAIN] Step: 756 ; Loss: 31.061 ; Acc: 38.155
2018-09-19 14:17:24,981:INFO: [TRAIN] Step: 757 ; Loss: 26.862 ; Acc: 38.176
2018-09-19 14:17:25,091:INFO: [TRAIN] Step: 758 ; Loss: 28.002 ; Acc: 38.181
2018-09-19 14:17:25,196:INFO: [TRAIN] Step: 759 ; Loss: 27.891 ; Acc: 38.152
2018-09-19 14:17:25,303:INFO: [TRAIN] Step: 760 ; Loss: 29.944 ; Acc: 38.168
2018-09-19 14:17:25,411:INFO: [TRAIN] Step: 761 ; Loss: 27.634 ; Acc: 38.178
2018-09-19 14:17:25,516:INFO: [TRAIN] Step: 762 ; Loss: 28.222 ; Acc: 38.188
2018-09-19 14:17:25,623:INFO: [TRAIN] Step: 763 ; Loss: 26.403 ; Acc: 38.198
2018-09-19 14:17:25,731:INFO: [TRAIN] Step: 764 ; Loss: 29.175 ; Acc: 38.197
2018-09-19 14:17:25,839:INFO: [TRAIN] Step: 765 ; Loss: 25.303 ; Acc: 38.223
2018-09-19 14:17:25,946:INFO: [TRAIN] Step: 766 ; Loss: 27.677 ; Acc: 38.223
2018-09-19 14:17:26,055:INFO: [TRAIN] Step: 767 ; Loss: 27.844 ; Acc: 38.216
2018-09-19 14:17:26,159:INFO: [TRAIN] Step: 768 ; Loss: 25.661 ; Acc: 38.210
2018-09-19 14:17:26,278:INFO: [TRAIN] Step: 769 ; Loss: 24.890 ; Acc: 38.231
2018-09-19 14:17:26,388:INFO: [TRAIN] Step: 770 ; Loss: 29.564 ; Acc: 38.219
2018-09-19 14:17:26,502:INFO: [TRAIN] Step: 771 ; Loss: 27.137 ; Acc: 38.229
2018-09-19 14:17:26,606:INFO: [TRAIN] Step: 772 ; Loss: 28.513 ; Acc: 38.217
2018-09-19 14:17:26,715:INFO: [TRAIN] Step: 773 ; Loss: 27.383 ; Acc: 38.221
2018-09-19 14:17:26,820:INFO: [TRAIN] Step: 774 ; Loss: 27.193 ; Acc: 38.220
2018-09-19 14:17:26,925:INFO: [TRAIN] Step: 775 ; Loss: 24.240 ; Acc: 38.236
2018-09-19 14:17:27,035:INFO: [TRAIN] Step: 776 ; Loss: 28.643 ; Acc: 38.229
2018-09-19 14:17:27,138:INFO: [TRAIN] Step: 777 ; Loss: 26.990 ; Acc: 38.244
2018-09-19 14:17:27,246:INFO: [TRAIN] Step: 778 ; Loss: 25.397 ; Acc: 38.249
2018-09-19 14:17:27,349:INFO: [TRAIN] Step: 779 ; Loss: 25.021 ; Acc: 38.275
2018-09-19 14:17:27,456:INFO: [TRAIN] Step: 780 ; Loss: 22.724 ; Acc: 38.311
2018-09-19 14:17:27,568:INFO: [TRAIN] Step: 781 ; Loss: 28.843 ; Acc: 38.294
2018-09-19 14:17:27,674:INFO: [TRAIN] Step: 782 ; Loss: 26.861 ; Acc: 38.309
2018-09-19 14:17:27,779:INFO: [TRAIN] Step: 783 ; Loss: 24.518 ; Acc: 38.329
2018-09-19 14:17:27,882:INFO: [TRAIN] Step: 784 ; Loss: 25.411 ; Acc: 38.333
2018-09-19 14:17:27,987:INFO: [TRAIN] Step: 785 ; Loss: 28.083 ; Acc: 38.348
2018-09-19 14:17:28,091:INFO: [TRAIN] Step: 786 ; Loss: 31.275 ; Acc: 38.342
2018-09-19 14:17:28,197:INFO: [TRAIN] Step: 787 ; Loss: 28.090 ; Acc: 38.346
2018-09-19 14:17:28,303:INFO: [TRAIN] Step: 788 ; Loss: 28.378 ; Acc: 38.356
2018-09-19 14:17:28,411:INFO: [TRAIN] Step: 789 ; Loss: 26.179 ; Acc: 38.370
2018-09-19 14:17:28,518:INFO: [TRAIN] Step: 790 ; Loss: 27.687 ; Acc: 38.364
2018-09-19 14:17:28,625:INFO: [TRAIN] Step: 791 ; Loss: 26.765 ; Acc: 38.384
2018-09-19 14:17:28,729:INFO: [TRAIN] Step: 792 ; Loss: 28.730 ; Acc: 38.393
2018-09-19 14:17:28,832:INFO: [TRAIN] Step: 793 ; Loss: 34.833 ; Acc: 38.366
2018-09-19 14:17:28,937:INFO: [TRAIN] Step: 794 ; Loss: 27.016 ; Acc: 38.354
2018-09-19 14:17:29,043:INFO: [TRAIN] Step: 795 ; Loss: 30.271 ; Acc: 38.358
2018-09-19 14:17:29,148:INFO: [TRAIN] Step: 796 ; Loss: 25.024 ; Acc: 38.373
2018-09-19 14:17:29,252:INFO: [TRAIN] Step: 797 ; Loss: 25.706 ; Acc: 38.388
2018-09-19 14:17:29,359:INFO: [TRAIN] Step: 798 ; Loss: 27.490 ; Acc: 38.402
2018-09-19 14:17:29,467:INFO: [TRAIN] Step: 799 ; Loss: 23.577 ; Acc: 38.432
2018-09-19 14:17:29,575:INFO: [TRAIN] Step: 800 ; Loss: 27.850 ; Acc: 38.431
2018-09-19 14:17:29,680:INFO: [TRAIN] Step: 801 ; Loss: 22.773 ; Acc: 38.456
2018-09-19 14:17:29,790:INFO: [TRAIN] Step: 802 ; Loss: 25.969 ; Acc: 38.486
2018-09-19 14:17:29,890:INFO: [TRAIN] Step: 803 ; Loss: 25.303 ; Acc: 38.500
2018-09-19 14:17:29,996:INFO: [TRAIN] Step: 804 ; Loss: 25.102 ; Acc: 38.520
2018-09-19 14:17:30,101:INFO: [TRAIN] Step: 805 ; Loss: 25.469 ; Acc: 38.534
2018-09-19 14:17:30,205:INFO: [TRAIN] Step: 806 ; Loss: 23.538 ; Acc: 38.553
2018-09-19 14:17:30,309:INFO: [TRAIN] Step: 807 ; Loss: 27.858 ; Acc: 38.557
2018-09-19 14:17:30,411:INFO: [TRAIN] Step: 808 ; Loss: 29.576 ; Acc: 38.561
2018-09-19 14:17:30,513:INFO: [TRAIN] Step: 809 ; Loss: 28.260 ; Acc: 38.560
2018-09-19 14:17:30,620:INFO: [TRAIN] Step: 810 ; Loss: 23.759 ; Acc: 38.584
2018-09-19 14:17:30,723:INFO: [TRAIN] Step: 811 ; Loss: 26.541 ; Acc: 38.598
2018-09-19 14:17:30,833:INFO: [TRAIN] Step: 812 ; Loss: 27.533 ; Acc: 38.617
2018-09-19 14:17:30,936:INFO: [TRAIN] Step: 813 ; Loss: 21.400 ; Acc: 38.662
2018-09-19 14:17:31,038:INFO: [TRAIN] Step: 814 ; Loss: 29.702 ; Acc: 38.666
2018-09-19 14:17:31,141:INFO: [TRAIN] Step: 815 ; Loss: 23.378 ; Acc: 38.700
2018-09-19 14:17:31,241:INFO: [TRAIN] Step: 816 ; Loss: 26.470 ; Acc: 38.714
2018-09-19 14:17:31,342:INFO: [TRAIN] Step: 817 ; Loss: 28.313 ; Acc: 38.728
2018-09-19 14:17:31,442:INFO: [TRAIN] Step: 818 ; Loss: 22.076 ; Acc: 38.757
2018-09-19 14:17:31,536:INFO: [TRAIN] Step: 819 ; Loss: 26.431 ; Acc: 38.775
2018-09-19 14:17:31,639:INFO: [TRAIN] Step: 820 ; Loss: 23.675 ; Acc: 38.789
2018-09-19 14:17:31,742:INFO: [TRAIN] Step: 821 ; Loss: 26.613 ; Acc: 38.788
2018-09-19 14:17:31,845:INFO: [TRAIN] Step: 822 ; Loss: 24.972 ; Acc: 38.806
2018-09-19 14:17:31,945:INFO: [TRAIN] Step: 823 ; Loss: 29.011 ; Acc: 38.789
2018-09-19 14:17:32,050:INFO: [TRAIN] Step: 824 ; Loss: 26.211 ; Acc: 38.798
2018-09-19 14:17:32,149:INFO: [TRAIN] Step: 825 ; Loss: 29.589 ; Acc: 38.812
2018-09-19 14:17:32,249:INFO: [TRAIN] Step: 826 ; Loss: 25.649 ; Acc: 38.805
2018-09-19 14:17:32,350:INFO: [TRAIN] Step: 827 ; Loss: 27.511 ; Acc: 38.823
2018-09-19 14:17:32,449:INFO: [TRAIN] Step: 828 ; Loss: 26.449 ; Acc: 38.827
2018-09-19 14:17:32,547:INFO: [TRAIN] Step: 829 ; Loss: 29.183 ; Acc: 38.840
2018-09-19 14:17:32,651:INFO: [TRAIN] Step: 830 ; Loss: 25.408 ; Acc: 38.874
2018-09-19 14:17:32,752:INFO: [TRAIN] Step: 831 ; Loss: 27.248 ; Acc: 38.897
2018-09-19 14:17:32,850:INFO: [TRAIN] Step: 832 ; Loss: 22.717 ; Acc: 38.926
2018-09-19 14:17:32,947:INFO: [TRAIN] Step: 833 ; Loss: 25.879 ; Acc: 38.919
2018-09-19 14:17:33,045:INFO: [TRAIN] Step: 834 ; Loss: 25.255 ; Acc: 38.937
2018-09-19 14:17:33,142:INFO: [TRAIN] Step: 835 ; Loss: 24.398 ; Acc: 38.945
2018-09-19 14:17:33,254:INFO: [TRAIN] Step: 836 ; Loss: 24.226 ; Acc: 38.959
2018-09-19 14:17:33,349:INFO: [TRAIN] Step: 837 ; Loss: 22.371 ; Acc: 38.982
2018-09-19 14:17:33,451:INFO: [TRAIN] Step: 838 ; Loss: 22.567 ; Acc: 39.025
2018-09-19 14:17:33,550:INFO: [TRAIN] Step: 839 ; Loss: 25.955 ; Acc: 39.013
2018-09-19 14:17:33,646:INFO: [TRAIN] Step: 840 ; Loss: 28.455 ; Acc: 39.026
2018-09-19 14:17:33,746:INFO: [TRAIN] Step: 841 ; Loss: 22.425 ; Acc: 39.044
2018-09-19 14:17:33,841:INFO: [TRAIN] Step: 842 ; Loss: 27.984 ; Acc: 39.037
2018-09-19 14:17:33,942:INFO: [TRAIN] Step: 843 ; Loss: 24.610 ; Acc: 39.045
2018-09-19 14:17:34,036:INFO: [TRAIN] Step: 844 ; Loss: 21.467 ; Acc: 39.053
2018-09-19 14:17:34,140:INFO: [TRAIN] Step: 845 ; Loss: 23.337 ; Acc: 39.071
2018-09-19 14:17:34,235:INFO: [TRAIN] Step: 846 ; Loss: 25.090 ; Acc: 39.074
2018-09-19 14:17:34,335:INFO: [TRAIN] Step: 847 ; Loss: 24.539 ; Acc: 39.102
2018-09-19 14:17:34,427:INFO: [TRAIN] Step: 848 ; Loss: 26.055 ; Acc: 39.100
2018-09-19 14:17:34,530:INFO: [TRAIN] Step: 849 ; Loss: 29.719 ; Acc: 39.113
2018-09-19 14:17:34,624:INFO: [TRAIN] Step: 850 ; Loss: 23.894 ; Acc: 39.130
2018-09-19 14:17:34,722:INFO: [TRAIN] Step: 851 ; Loss: 23.914 ; Acc: 39.143
2018-09-19 14:17:34,817:INFO: [TRAIN] Step: 852 ; Loss: 26.377 ; Acc: 39.136
2018-09-19 14:17:34,920:INFO: [TRAIN] Step: 853 ; Loss: 25.876 ; Acc: 39.144
2018-09-19 14:17:35,010:INFO: [TRAIN] Step: 854 ; Loss: 27.466 ; Acc: 39.172
2018-09-19 14:17:35,109:INFO: [TRAIN] Step: 855 ; Loss: 23.781 ; Acc: 39.199
2018-09-19 14:17:35,205:INFO: [TRAIN] Step: 856 ; Loss: 23.904 ; Acc: 39.216
2018-09-19 14:17:35,308:INFO: [TRAIN] Step: 857 ; Loss: 26.986 ; Acc: 39.243
2018-09-19 14:17:35,402:INFO: [TRAIN] Step: 858 ; Loss: 22.277 ; Acc: 39.251
2018-09-19 14:17:35,504:INFO: [TRAIN] Step: 859 ; Loss: 27.381 ; Acc: 39.239
2018-09-19 14:17:35,598:INFO: [TRAIN] Step: 860 ; Loss: 27.052 ; Acc: 39.247
2018-09-19 14:17:35,702:INFO: [TRAIN] Step: 861 ; Loss: 23.645 ; Acc: 39.269
2018-09-19 14:17:35,800:INFO: [TRAIN] Step: 862 ; Loss: 21.390 ; Acc: 39.286
2018-09-19 14:17:35,902:INFO: [TRAIN] Step: 863 ; Loss: 26.051 ; Acc: 39.294
2018-09-19 14:17:35,994:INFO: [TRAIN] Step: 864 ; Loss: 25.896 ; Acc: 39.306
2018-09-19 14:17:36,100:INFO: [TRAIN] Step: 865 ; Loss: 24.100 ; Acc: 39.328
2018-09-19 14:17:36,193:INFO: [TRAIN] Step: 866 ; Loss: 27.076 ; Acc: 39.345
2018-09-19 14:17:36,291:INFO: [TRAIN] Step: 867 ; Loss: 26.785 ; Acc: 39.343
2018-09-19 14:17:36,385:INFO: [TRAIN] Step: 868 ; Loss: 24.070 ; Acc: 39.351
2018-09-19 14:17:36,488:INFO: [TRAIN] Step: 869 ; Loss: 24.265 ; Acc: 39.358
2018-09-19 14:17:36,579:INFO: [TRAIN] Step: 870 ; Loss: 30.412 ; Acc: 39.351
2018-09-19 14:17:36,679:INFO: [TRAIN] Step: 871 ; Loss: 28.198 ; Acc: 39.359
2018-09-19 14:17:36,774:INFO: [TRAIN] Step: 872 ; Loss: 26.869 ; Acc: 39.352
2018-09-19 14:17:36,871:INFO: [TRAIN] Step: 873 ; Loss: 30.617 ; Acc: 39.355
2018-09-19 14:17:36,963:INFO: [TRAIN] Step: 874 ; Loss: 24.433 ; Acc: 39.381
2018-09-19 14:17:37,062:INFO: [TRAIN] Step: 875 ; Loss: 27.511 ; Acc: 39.374
2018-09-19 14:17:37,156:INFO: [TRAIN] Step: 876 ; Loss: 26.911 ; Acc: 39.396
2018-09-19 14:17:37,252:INFO: [TRAIN] Step: 877 ; Loss: 28.660 ; Acc: 39.398
2018-09-19 14:17:37,344:INFO: [TRAIN] Step: 878 ; Loss: 22.497 ; Acc: 39.425
2018-09-19 14:17:37,445:INFO: [TRAIN] Step: 879 ; Loss: 28.423 ; Acc: 39.437
2018-09-19 14:17:37,537:INFO: [TRAIN] Step: 880 ; Loss: 27.107 ; Acc: 39.444
2018-09-19 14:17:37,636:INFO: [TRAIN] Step: 881 ; Loss: 25.897 ; Acc: 39.456
2018-09-19 14:17:37,729:INFO: [TRAIN] Step: 882 ; Loss: 29.340 ; Acc: 39.449
2018-09-19 14:17:37,830:INFO: [TRAIN] Step: 883 ; Loss: 27.041 ; Acc: 39.451
2018-09-19 14:17:37,920:INFO: [TRAIN] Step: 884 ; Loss: 27.414 ; Acc: 39.454
2018-09-19 14:17:38,017:INFO: [TRAIN] Step: 885 ; Loss: 26.497 ; Acc: 39.442
2018-09-19 14:17:38,112:INFO: [TRAIN] Step: 886 ; Loss: 27.457 ; Acc: 39.445
2018-09-19 14:17:38,212:INFO: [TRAIN] Step: 887 ; Loss: 25.217 ; Acc: 39.457
2018-09-19 14:17:38,307:INFO: [TRAIN] Step: 888 ; Loss: 23.583 ; Acc: 39.454
2018-09-19 14:17:38,407:INFO: [TRAIN] Step: 889 ; Loss: 25.622 ; Acc: 39.448
2018-09-19 14:17:38,500:INFO: [TRAIN] Step: 890 ; Loss: 22.166 ; Acc: 39.464
2018-09-19 14:17:38,600:INFO: [TRAIN] Step: 891 ; Loss: 25.381 ; Acc: 39.485
2018-09-19 14:17:38,691:INFO: [TRAIN] Step: 892 ; Loss: 23.689 ; Acc: 39.520
2018-09-19 14:17:38,792:INFO: [TRAIN] Step: 893 ; Loss: 25.617 ; Acc: 39.523
2018-09-19 14:17:38,885:INFO: [TRAIN] Step: 894 ; Loss: 28.633 ; Acc: 39.530
2018-09-19 14:17:38,983:INFO: [TRAIN] Step: 895 ; Loss: 24.236 ; Acc: 39.551
2018-09-19 14:17:39,079:INFO: [TRAIN] Step: 896 ; Loss: 33.841 ; Acc: 39.530
2018-09-19 14:17:39,183:INFO: [TRAIN] Step: 897 ; Loss: 24.845 ; Acc: 39.546
2018-09-19 14:17:39,275:INFO: [TRAIN] Step: 898 ; Loss: 28.011 ; Acc: 39.558
2018-09-19 14:17:39,374:INFO: [TRAIN] Step: 899 ; Loss: 24.148 ; Acc: 39.579
2018-09-19 14:17:39,464:INFO: [TRAIN] Step: 900 ; Loss: 22.551 ; Acc: 39.604
2018-09-19 14:17:39,562:INFO: [TRAIN] Step: 901 ; Loss: 25.768 ; Acc: 39.616
2018-09-19 14:17:39,655:INFO: [TRAIN] Step: 902 ; Loss: 24.353 ; Acc: 39.632
2018-09-19 14:17:39,754:INFO: [TRAIN] Step: 903 ; Loss: 29.515 ; Acc: 39.639
2018-09-19 14:17:39,860:INFO: [TRAIN] Step: 904 ; Loss: 22.884 ; Acc: 39.669
2018-09-19 14:17:39,966:INFO: [TRAIN] Step: 905 ; Loss: 23.591 ; Acc: 39.671
2018-09-19 14:17:40,057:INFO: [TRAIN] Step: 906 ; Loss: 24.908 ; Acc: 39.673
2018-09-19 14:17:40,152:INFO: [TRAIN] Step: 907 ; Loss: 28.343 ; Acc: 39.666
2018-09-19 14:17:40,243:INFO: [TRAIN] Step: 908 ; Loss: 25.027 ; Acc: 39.682
2018-09-19 14:17:40,341:INFO: [TRAIN] Step: 909 ; Loss: 22.619 ; Acc: 39.689
2018-09-19 14:17:40,431:INFO: [TRAIN] Step: 910 ; Loss: 26.199 ; Acc: 39.691
2018-09-19 14:17:40,532:INFO: [TRAIN] Step: 911 ; Loss: 28.953 ; Acc: 39.698
2018-09-19 14:17:40,629:INFO: [TRAIN] Step: 912 ; Loss: 28.510 ; Acc: 39.700
2018-09-19 14:17:40,732:INFO: [TRAIN] Step: 913 ; Loss: 23.388 ; Acc: 39.720
2018-09-19 14:17:40,832:INFO: [TRAIN] Step: 914 ; Loss: 25.661 ; Acc: 39.736
2018-09-19 14:17:40,941:INFO: [TRAIN] Step: 915 ; Loss: 25.094 ; Acc: 39.743
2018-09-19 14:17:41,038:INFO: [TRAIN] Step: 916 ; Loss: 27.242 ; Acc: 39.758
2018-09-19 14:17:41,144:INFO: [TRAIN] Step: 917 ; Loss: 25.824 ; Acc: 39.760
2018-09-19 14:17:41,243:INFO: [TRAIN] Step: 918 ; Loss: 25.267 ; Acc: 39.771
2018-09-19 14:17:41,344:INFO: [TRAIN] Step: 919 ; Loss: 26.930 ; Acc: 39.764
2018-09-19 14:17:41,443:INFO: [TRAIN] Step: 920 ; Loss: 28.459 ; Acc: 39.767
2018-09-19 14:17:41,538:INFO: [TRAIN] Step: 921 ; Loss: 26.862 ; Acc: 39.764
2018-09-19 14:17:41,642:INFO: [TRAIN] Step: 922 ; Loss: 29.657 ; Acc: 39.780
2018-09-19 14:17:41,738:INFO: [TRAIN] Step: 923 ; Loss: 23.986 ; Acc: 39.791
2018-09-19 14:17:41,842:INFO: [TRAIN] Step: 924 ; Loss: 22.826 ; Acc: 39.815
2018-09-19 14:17:41,936:INFO: [TRAIN] Step: 925 ; Loss: 25.175 ; Acc: 39.835
2018-09-19 14:17:42,039:INFO: [TRAIN] Step: 926 ; Loss: 25.027 ; Acc: 39.851
2018-09-19 14:17:42,135:INFO: [TRAIN] Step: 927 ; Loss: 25.353 ; Acc: 39.862
2018-09-19 14:17:42,238:INFO: [TRAIN] Step: 928 ; Loss: 31.902 ; Acc: 39.864
2018-09-19 14:17:42,331:INFO: [TRAIN] Step: 929 ; Loss: 25.011 ; Acc: 39.870
2018-09-19 14:17:42,424:INFO: [TRAIN] Step: 930 ; Loss: 25.763 ; Acc: 39.876
2018-09-19 14:17:42,516:INFO: [TRAIN] Step: 931 ; Loss: 25.864 ; Acc: 39.887
2018-09-19 14:17:42,614:INFO: [TRAIN] Step: 932 ; Loss: 23.814 ; Acc: 39.916
2018-09-19 14:17:42,700:INFO: [TRAIN] Step: 933 ; Loss: 30.031 ; Acc: 39.909
2018-09-19 14:17:42,793:INFO: [TRAIN] Step: 934 ; Loss: 25.399 ; Acc: 39.924
2018-09-19 14:17:42,885:INFO: [TRAIN] Step: 935 ; Loss: 27.104 ; Acc: 39.935
2018-09-19 14:17:42,984:INFO: [TRAIN] Step: 936 ; Loss: 27.578 ; Acc: 39.941
2018-09-19 14:17:43,072:INFO: [TRAIN] Step: 937 ; Loss: 30.072 ; Acc: 39.956
2018-09-19 14:17:43,169:INFO: [TRAIN] Step: 938 ; Loss: 27.698 ; Acc: 39.972
2018-09-19 14:17:43,259:INFO: [TRAIN] Step: 939 ; Loss: 20.287 ; Acc: 40.009
2018-09-19 14:17:43,354:INFO: [TRAIN] Step: 940 ; Loss: 25.880 ; Acc: 40.011
2018-09-19 14:17:43,442:INFO: [TRAIN] Step: 941 ; Loss: 25.591 ; Acc: 40.012
2018-09-19 14:17:43,534:INFO: [TRAIN] Step: 942 ; Loss: 22.752 ; Acc: 40.032
2018-09-19 14:17:43,624:INFO: [TRAIN] Step: 943 ; Loss: 23.555 ; Acc: 40.047
2018-09-19 14:17:43,722:INFO: [TRAIN] Step: 944 ; Loss: 24.659 ; Acc: 40.049
2018-09-19 14:17:43,815:INFO: [TRAIN] Step: 945 ; Loss: 22.455 ; Acc: 40.081
2018-09-19 14:17:43,912:INFO: [TRAIN] Step: 946 ; Loss: 25.988 ; Acc: 40.078
2018-09-19 14:17:43,999:INFO: [TRAIN] Step: 947 ; Loss: 27.282 ; Acc: 40.058
2018-09-19 14:17:44,099:INFO: [TRAIN] Step: 948 ; Loss: 21.175 ; Acc: 40.082
2018-09-19 14:17:44,187:INFO: [TRAIN] Step: 949 ; Loss: 28.068 ; Acc: 40.088
2018-09-19 14:17:44,284:INFO: [TRAIN] Step: 950 ; Loss: 25.075 ; Acc: 40.107
2018-09-19 14:17:44,377:INFO: [TRAIN] Step: 951 ; Loss: 29.182 ; Acc: 40.113
2018-09-19 14:17:44,469:INFO: [TRAIN] Step: 952 ; Loss: 26.896 ; Acc: 40.110
2018-09-19 14:17:44,560:INFO: [TRAIN] Step: 953 ; Loss: 24.161 ; Acc: 40.129
2018-09-19 14:17:44,658:INFO: [TRAIN] Step: 954 ; Loss: 24.856 ; Acc: 40.135
2018-09-19 14:17:44,746:INFO: [TRAIN] Step: 955 ; Loss: 31.822 ; Acc: 40.137
2018-09-19 14:17:44,840:INFO: [TRAIN] Step: 956 ; Loss: 28.031 ; Acc: 40.138
2018-09-19 14:17:44,929:INFO: [TRAIN] Step: 957 ; Loss: 28.151 ; Acc: 40.136
2018-09-19 14:17:45,025:INFO: [TRAIN] Step: 958 ; Loss: 29.451 ; Acc: 40.124
2018-09-19 14:17:45,115:INFO: [TRAIN] Step: 959 ; Loss: 24.137 ; Acc: 40.135
2018-09-19 14:17:45,211:INFO: [TRAIN] Step: 960 ; Loss: 21.256 ; Acc: 40.158
2018-09-19 14:17:45,300:INFO: [TRAIN] Step: 961 ; Loss: 21.362 ; Acc: 40.172
2018-09-19 14:17:45,393:INFO: [TRAIN] Step: 962 ; Loss: 23.571 ; Acc: 40.187
2018-09-19 14:17:45,480:INFO: [TRAIN] Step: 963 ; Loss: 26.402 ; Acc: 40.201
2018-09-19 14:17:45,577:INFO: [TRAIN] Step: 964 ; Loss: 27.643 ; Acc: 40.207
2018-09-19 14:17:45,670:INFO: [TRAIN] Step: 965 ; Loss: 25.942 ; Acc: 40.213
2018-09-19 14:17:45,767:INFO: [TRAIN] Step: 966 ; Loss: 27.937 ; Acc: 40.206
2018-09-19 14:17:45,858:INFO: [TRAIN] Step: 967 ; Loss: 30.722 ; Acc: 40.203
2018-09-19 14:17:45,953:INFO: [TRAIN] Step: 968 ; Loss: 24.002 ; Acc: 40.213
2018-09-19 14:17:46,040:INFO: [TRAIN] Step: 969 ; Loss: 25.989 ; Acc: 40.228
2018-09-19 14:17:46,137:INFO: [TRAIN] Step: 970 ; Loss: 24.412 ; Acc: 40.225
2018-09-19 14:17:46,226:INFO: [TRAIN] Step: 971 ; Loss: 26.080 ; Acc: 40.239
2018-09-19 14:17:46,322:INFO: [TRAIN] Step: 972 ; Loss: 21.740 ; Acc: 40.266
2018-09-19 14:17:46,412:INFO: [TRAIN] Step: 973 ; Loss: 25.364 ; Acc: 40.289
2018-09-19 14:17:46,510:INFO: [TRAIN] Step: 974 ; Loss: 26.136 ; Acc: 40.286
2018-09-19 14:17:46,597:INFO: [TRAIN] Step: 975 ; Loss: 24.644 ; Acc: 40.279
2018-09-19 14:17:46,693:INFO: [TRAIN] Step: 976 ; Loss: 26.037 ; Acc: 40.285
2018-09-19 14:17:46,783:INFO: [TRAIN] Step: 977 ; Loss: 25.589 ; Acc: 40.295
2018-09-19 14:17:46,881:INFO: [TRAIN] Step: 978 ; Loss: 23.660 ; Acc: 40.300
2018-09-19 14:17:46,974:INFO: [TRAIN] Step: 979 ; Loss: 25.540 ; Acc: 40.315
2018-09-19 14:17:47,070:INFO: [TRAIN] Step: 980 ; Loss: 26.534 ; Acc: 40.324
2018-09-19 14:17:47,158:INFO: [TRAIN] Step: 981 ; Loss: 23.491 ; Acc: 40.339
2018-09-19 14:17:47,256:INFO: [TRAIN] Step: 982 ; Loss: 27.236 ; Acc: 40.340
2018-09-19 14:17:47,344:INFO: [TRAIN] Step: 983 ; Loss: 23.922 ; Acc: 40.362
2018-09-19 14:17:47,441:INFO: [TRAIN] Step: 984 ; Loss: 22.481 ; Acc: 40.385
2018-09-19 14:17:47,528:INFO: [TRAIN] Step: 985 ; Loss: 25.032 ; Acc: 40.386
2018-09-19 14:17:47,630:INFO: [TRAIN] Step: 986 ; Loss: 23.216 ; Acc: 40.400
2018-09-19 14:17:47,723:INFO: [TRAIN] Step: 987 ; Loss: 30.953 ; Acc: 40.397
2018-09-19 14:17:47,820:INFO: [TRAIN] Step: 988 ; Loss: 24.463 ; Acc: 40.411
2018-09-19 14:17:47,908:INFO: [TRAIN] Step: 989 ; Loss: 22.869 ; Acc: 40.421
2018-09-19 14:17:48,002:INFO: [TRAIN] Step: 990 ; Loss: 26.528 ; Acc: 40.426
2018-09-19 14:17:48,090:INFO: [TRAIN] Step: 991 ; Loss: 27.883 ; Acc: 40.419
2018-09-19 14:17:48,184:INFO: [TRAIN] Step: 992 ; Loss: 31.003 ; Acc: 40.408
2018-09-19 14:17:48,276:INFO: [TRAIN] Step: 993 ; Loss: 24.149 ; Acc: 40.422
2018-09-19 14:17:48,374:INFO: [TRAIN] Step: 994 ; Loss: 26.645 ; Acc: 40.419
2018-09-19 14:17:48,465:INFO: [TRAIN] Step: 995 ; Loss: 29.937 ; Acc: 40.420
2018-09-19 14:17:48,564:INFO: [TRAIN] Step: 996 ; Loss: 24.276 ; Acc: 40.434
2018-09-19 14:17:48,654:INFO: [TRAIN] Step: 997 ; Loss: 22.731 ; Acc: 40.439
2018-09-19 14:17:48,748:INFO: [TRAIN] Step: 998 ; Loss: 24.344 ; Acc: 40.453
2018-09-19 14:17:48,838:INFO: [TRAIN] Step: 999 ; Loss: 26.312 ; Acc: 40.471
2018-09-19 14:17:48,937:INFO: [TRAIN] Step: 1000 ; Loss: 26.391 ; Acc: 40.472
2018-09-19 14:17:49,027:INFO: [TRAIN] Step: 1001 ; Loss: 26.518 ; Acc: 40.486
2018-09-19 14:17:49,121:INFO: [TRAIN] Step: 1002 ; Loss: 24.006 ; Acc: 40.508
2018-09-19 14:17:49,213:INFO: [TRAIN] Step: 1003 ; Loss: 28.284 ; Acc: 40.500
2018-09-19 14:17:49,306:INFO: [TRAIN] Step: 1004 ; Loss: 25.436 ; Acc: 40.506
2018-09-19 14:17:49,394:INFO: [TRAIN] Step: 1005 ; Loss: 25.710 ; Acc: 40.519
2018-09-19 14:17:49,487:INFO: [TRAIN] Step: 1006 ; Loss: 25.210 ; Acc: 40.529
2018-09-19 14:17:49,577:INFO: [TRAIN] Step: 1007 ; Loss: 25.219 ; Acc: 40.571
2018-09-19 14:17:49,671:INFO: [TRAIN] Step: 1008 ; Loss: 23.134 ; Acc: 40.593
2018-09-19 14:17:49,763:INFO: [TRAIN] Step: 1009 ; Loss: 23.582 ; Acc: 40.602
2018-09-19 14:17:49,863:INFO: [TRAIN] Step: 1010 ; Loss: 21.518 ; Acc: 40.632
2018-09-19 14:17:49,951:INFO: [TRAIN] Step: 1011 ; Loss: 27.941 ; Acc: 40.625
2018-09-19 14:17:50,047:INFO: [TRAIN] Step: 1012 ; Loss: 23.350 ; Acc: 40.630
2018-09-19 14:17:50,135:INFO: [TRAIN] Step: 1013 ; Loss: 26.178 ; Acc: 40.652
2018-09-19 14:17:50,234:INFO: [TRAIN] Step: 1014 ; Loss: 26.103 ; Acc: 40.669
2018-09-19 14:17:50,323:INFO: [TRAIN] Step: 1015 ; Loss: 24.434 ; Acc: 40.687
2018-09-19 14:17:50,416:INFO: [TRAIN] Step: 1016 ; Loss: 29.537 ; Acc: 40.687
2018-09-19 14:17:50,504:INFO: [TRAIN] Step: 1017 ; Loss: 26.589 ; Acc: 40.688
2018-09-19 14:17:50,597:INFO: [TRAIN] Step: 1018 ; Loss: 26.152 ; Acc: 40.698
2018-09-19 14:17:50,685:INFO: [TRAIN] Step: 1019 ; Loss: 25.423 ; Acc: 40.723
2018-09-19 14:17:50,782:INFO: [TRAIN] Step: 1020 ; Loss: 28.543 ; Acc: 40.732
2018-09-19 14:17:50,869:INFO: [TRAIN] Step: 1021 ; Loss: 21.552 ; Acc: 40.741
2018-09-19 14:17:50,968:INFO: [TRAIN] Step: 1022 ; Loss: 26.096 ; Acc: 40.734
2018-09-19 14:17:51,059:INFO: [TRAIN] Step: 1023 ; Loss: 28.681 ; Acc: 40.719
2018-09-19 14:17:51,156:INFO: [TRAIN] Step: 1024 ; Loss: 25.549 ; Acc: 40.711
2018-09-19 14:17:51,245:INFO: [TRAIN] Step: 1025 ; Loss: 26.290 ; Acc: 40.716
2018-09-19 14:17:51,338:INFO: [TRAIN] Step: 1026 ; Loss: 30.217 ; Acc: 40.709
2018-09-19 14:17:51,427:INFO: [TRAIN] Step: 1027 ; Loss: 23.580 ; Acc: 40.726
2018-09-19 14:17:51,524:INFO: [TRAIN] Step: 1028 ; Loss: 22.313 ; Acc: 40.731
2018-09-19 14:17:51,610:INFO: [TRAIN] Step: 1029 ; Loss: 27.337 ; Acc: 40.724
2018-09-19 14:17:51,708:INFO: [TRAIN] Step: 1030 ; Loss: 23.755 ; Acc: 40.737
2018-09-19 14:17:51,794:INFO: [TRAIN] Step: 1031 ; Loss: 26.683 ; Acc: 40.746
2018-09-19 14:17:51,891:INFO: [TRAIN] Step: 1032 ; Loss: 22.477 ; Acc: 40.743
2018-09-19 14:17:51,982:INFO: [TRAIN] Step: 1033 ; Loss: 27.553 ; Acc: 40.756
2018-09-19 14:17:52,078:INFO: [TRAIN] Step: 1034 ; Loss: 26.798 ; Acc: 40.761
2018-09-19 14:17:52,167:INFO: [TRAIN] Step: 1035 ; Loss: 28.084 ; Acc: 40.778
2018-09-19 14:17:52,262:INFO: [TRAIN] Step: 1036 ; Loss: 32.403 ; Acc: 40.771
2018-09-19 14:17:52,352:INFO: [TRAIN] Step: 1037 ; Loss: 22.123 ; Acc: 40.788
2018-09-19 14:17:52,445:INFO: [TRAIN] Step: 1038 ; Loss: 24.865 ; Acc: 40.792
2018-09-19 14:17:52,536:INFO: [TRAIN] Step: 1039 ; Loss: 26.361 ; Acc: 40.785
2018-09-19 14:17:52,632:INFO: [TRAIN] Step: 1040 ; Loss: 22.639 ; Acc: 40.806
2018-09-19 14:17:52,721:INFO: [TRAIN] Step: 1041 ; Loss: 25.371 ; Acc: 40.831
2018-09-19 14:17:52,818:INFO: [TRAIN] Step: 1042 ; Loss: 31.098 ; Acc: 40.844
2018-09-19 14:17:52,906:INFO: [TRAIN] Step: 1043 ; Loss: 28.045 ; Acc: 40.845
2018-09-19 14:17:53,003:INFO: [TRAIN] Step: 1044 ; Loss: 23.572 ; Acc: 40.857
2018-09-19 14:17:53,093:INFO: [TRAIN] Step: 1045 ; Loss: 28.048 ; Acc: 40.866
2018-09-19 14:17:53,191:INFO: [TRAIN] Step: 1046 ; Loss: 25.033 ; Acc: 40.879
2018-09-19 14:17:53,281:INFO: [TRAIN] Step: 1047 ; Loss: 24.155 ; Acc: 40.895
2018-09-19 14:17:53,377:INFO: [TRAIN] Step: 1048 ; Loss: 30.626 ; Acc: 40.892
2018-09-19 14:17:53,465:INFO: [TRAIN] Step: 1049 ; Loss: 22.795 ; Acc: 40.917
2018-09-19 14:17:53,561:INFO: [TRAIN] Step: 1050 ; Loss: 26.759 ; Acc: 40.921
2018-09-19 14:17:53,647:INFO: [TRAIN] Step: 1051 ; Loss: 22.654 ; Acc: 40.930
2018-09-19 14:17:53,743:INFO: [TRAIN] Step: 1052 ; Loss: 24.423 ; Acc: 40.931
2018-09-19 14:17:53,831:INFO: [TRAIN] Step: 1053 ; Loss: 26.975 ; Acc: 40.931
2018-09-19 14:17:53,928:INFO: [TRAIN] Step: 1054 ; Loss: 24.576 ; Acc: 40.940
2018-09-19 14:17:54,015:INFO: [TRAIN] Step: 1055 ; Loss: 25.369 ; Acc: 40.941
2018-09-19 14:17:54,109:INFO: [TRAIN] Step: 1056 ; Loss: 22.926 ; Acc: 40.937
2018-09-19 14:17:54,196:INFO: [TRAIN] Step: 1057 ; Loss: 23.375 ; Acc: 40.950
2018-09-19 14:17:54,289:INFO: [TRAIN] Step: 1058 ; Loss: 20.443 ; Acc: 40.970
2018-09-19 14:17:54,375:INFO: [TRAIN] Step: 1059 ; Loss: 22.860 ; Acc: 40.971
2018-09-19 14:17:54,472:INFO: [TRAIN] Step: 1060 ; Loss: 21.073 ; Acc: 40.991
2018-09-19 14:17:54,558:INFO: [TRAIN] Step: 1061 ; Loss: 24.269 ; Acc: 41.008
2018-09-19 14:17:54,654:INFO: [TRAIN] Step: 1062 ; Loss: 22.456 ; Acc: 41.032
2018-09-19 14:17:54,741:INFO: [TRAIN] Step: 1063 ; Loss: 24.881 ; Acc: 41.052
2018-09-19 14:17:54,837:INFO: [TRAIN] Step: 1064 ; Loss: 26.097 ; Acc: 41.076
2018-09-19 14:17:54,922:INFO: [TRAIN] Step: 1065 ; Loss: 25.216 ; Acc: 41.084
2018-09-19 14:17:55,019:INFO: [TRAIN] Step: 1066 ; Loss: 20.590 ; Acc: 41.100
2018-09-19 14:17:55,106:INFO: [TRAIN] Step: 1067 ; Loss: 24.214 ; Acc: 41.113
2018-09-19 14:17:55,203:INFO: [TRAIN] Step: 1068 ; Loss: 27.518 ; Acc: 41.117
2018-09-19 14:17:55,291:INFO: [TRAIN] Step: 1069 ; Loss: 25.886 ; Acc: 41.129
2018-09-19 14:17:55,386:INFO: [TRAIN] Step: 1070 ; Loss: 28.562 ; Acc: 41.141
2018-09-19 14:17:55,474:INFO: [TRAIN] Step: 1071 ; Loss: 30.780 ; Acc: 41.142
2018-09-19 14:17:55,568:INFO: [TRAIN] Step: 1072 ; Loss: 25.208 ; Acc: 41.142
2018-09-19 14:17:55,656:INFO: [TRAIN] Step: 1073 ; Loss: 27.198 ; Acc: 41.143
2018-09-19 14:17:55,749:INFO: [TRAIN] Step: 1074 ; Loss: 22.006 ; Acc: 41.159
2018-09-19 14:17:55,837:INFO: [TRAIN] Step: 1075 ; Loss: 23.204 ; Acc: 41.175
2018-09-19 14:17:55,930:INFO: [TRAIN] Step: 1076 ; Loss: 26.021 ; Acc: 41.179
2018-09-19 14:17:56,021:INFO: [TRAIN] Step: 1077 ; Loss: 23.735 ; Acc: 41.172
2018-09-19 14:17:56,118:INFO: [TRAIN] Step: 1078 ; Loss: 26.910 ; Acc: 41.176
2018-09-19 14:17:56,206:INFO: [TRAIN] Step: 1079 ; Loss: 22.374 ; Acc: 41.181
2018-09-19 14:17:56,302:INFO: [TRAIN] Step: 1080 ; Loss: 23.469 ; Acc: 41.181
2018-09-19 14:17:56,391:INFO: [TRAIN] Step: 1081 ; Loss: 22.337 ; Acc: 41.193
2018-09-19 14:17:56,487:INFO: [TRAIN] Step: 1082 ; Loss: 25.043 ; Acc: 41.205
2018-09-19 14:17:56,582:INFO: [TRAIN] Step: 1083 ; Loss: 26.470 ; Acc: 41.217
2018-09-19 14:17:56,678:INFO: [TRAIN] Step: 1084 ; Loss: 28.427 ; Acc: 41.229
2018-09-19 14:17:56,768:INFO: [TRAIN] Step: 1085 ; Loss: 28.243 ; Acc: 41.229
2018-09-19 14:17:56,863:INFO: [TRAIN] Step: 1086 ; Loss: 25.564 ; Acc: 41.234
2018-09-19 14:17:56,956:INFO: [TRAIN] Step: 1087 ; Loss: 32.861 ; Acc: 41.230
2018-09-19 14:17:57,051:INFO: [TRAIN] Step: 1088 ; Loss: 26.733 ; Acc: 41.246
2018-09-19 14:17:57,139:INFO: [TRAIN] Step: 1089 ; Loss: 27.884 ; Acc: 41.242
2018-09-19 14:17:57,234:INFO: [TRAIN] Step: 1090 ; Loss: 29.072 ; Acc: 41.239
2018-09-19 14:17:57,323:INFO: [TRAIN] Step: 1091 ; Loss: 29.240 ; Acc: 41.247
2018-09-19 14:17:57,418:INFO: [TRAIN] Step: 1092 ; Loss: 28.306 ; Acc: 41.244
2018-09-19 14:17:57,505:INFO: [TRAIN] Step: 1093 ; Loss: 22.035 ; Acc: 41.252
2018-09-19 14:17:57,601:INFO: [TRAIN] Step: 1094 ; Loss: 22.485 ; Acc: 41.263
2018-09-19 14:17:57,692:INFO: [TRAIN] Step: 1095 ; Loss: 21.767 ; Acc: 41.275
2018-09-19 14:17:57,786:INFO: [TRAIN] Step: 1096 ; Loss: 26.705 ; Acc: 41.275
2018-09-19 14:17:57,874:INFO: [TRAIN] Step: 1097 ; Loss: 22.160 ; Acc: 41.306
2018-09-19 14:17:57,969:INFO: [TRAIN] Step: 1098 ; Loss: 27.480 ; Acc: 41.318
2018-09-19 14:17:58,055:INFO: [TRAIN] Step: 1099 ; Loss: 25.138 ; Acc: 41.330
2018-09-19 14:17:58,149:INFO: [TRAIN] Step: 1100 ; Loss: 22.137 ; Acc: 41.326
2018-09-19 14:17:58,234:INFO: [TRAIN] Step: 1101 ; Loss: 18.831 ; Acc: 41.330
2018-09-19 14:17:58,330:INFO: [TRAIN] Step: 1102 ; Loss: 23.175 ; Acc: 41.349
2018-09-19 14:17:58,418:INFO: [TRAIN] Step: 1103 ; Loss: 24.648 ; Acc: 41.353
2018-09-19 14:17:58,512:INFO: [TRAIN] Step: 1104 ; Loss: 25.539 ; Acc: 41.354
2018-09-19 14:17:58,599:INFO: [TRAIN] Step: 1105 ; Loss: 25.745 ; Acc: 41.358
2018-09-19 14:17:58,693:INFO: [TRAIN] Step: 1106 ; Loss: 28.693 ; Acc: 41.354
2018-09-19 14:17:58,780:INFO: [TRAIN] Step: 1107 ; Loss: 27.911 ; Acc: 41.358
2018-09-19 14:17:58,874:INFO: [TRAIN] Step: 1108 ; Loss: 33.052 ; Acc: 41.347
2018-09-19 14:17:58,967:INFO: [TRAIN] Step: 1109 ; Loss: 23.198 ; Acc: 41.363
2018-09-19 14:17:59,065:INFO: [TRAIN] Step: 1110 ; Loss: 28.563 ; Acc: 41.363
2018-09-19 14:17:59,157:INFO: [TRAIN] Step: 1111 ; Loss: 25.767 ; Acc: 41.367
2018-09-19 14:17:59,250:INFO: [TRAIN] Step: 1112 ; Loss: 27.377 ; Acc: 41.390
2018-09-19 14:17:59,342:INFO: [TRAIN] Step: 1113 ; Loss: 27.050 ; Acc: 41.394
2018-09-19 14:17:59,437:INFO: [TRAIN] Step: 1114 ; Loss: 23.398 ; Acc: 41.405
2018-09-19 14:17:59,525:INFO: [TRAIN] Step: 1115 ; Loss: 27.348 ; Acc: 41.405
2018-09-19 14:17:59,618:INFO: [TRAIN] Step: 1116 ; Loss: 25.292 ; Acc: 41.413
2018-09-19 14:17:59,711:INFO: [TRAIN] Step: 1117 ; Loss: 28.115 ; Acc: 41.410
2018-09-19 14:17:59,806:INFO: [TRAIN] Step: 1118 ; Loss: 25.810 ; Acc: 41.417
2018-09-19 14:17:59,894:INFO: [TRAIN] Step: 1119 ; Loss: 22.091 ; Acc: 41.429
2018-09-19 14:17:59,989:INFO: [TRAIN] Step: 1120 ; Loss: 24.450 ; Acc: 41.440
2018-09-19 14:18:00,080:INFO: [TRAIN] Step: 1121 ; Loss: 21.691 ; Acc: 41.448
2018-09-19 14:18:00,173:INFO: [TRAIN] Step: 1122 ; Loss: 29.501 ; Acc: 41.448
2018-09-19 14:18:00,260:INFO: [TRAIN] Step: 1123 ; Loss: 26.550 ; Acc: 41.452
2018-09-19 14:18:00,355:INFO: [TRAIN] Step: 1124 ; Loss: 25.403 ; Acc: 41.467
2018-09-19 14:18:00,442:INFO: [TRAIN] Step: 1125 ; Loss: 27.339 ; Acc: 41.456
2018-09-19 14:18:00,538:INFO: [TRAIN] Step: 1126 ; Loss: 21.360 ; Acc: 41.478
2018-09-19 14:18:00,624:INFO: [TRAIN] Step: 1127 ; Loss: 21.087 ; Acc: 41.486
2018-09-19 14:18:00,720:INFO: [TRAIN] Step: 1128 ; Loss: 24.637 ; Acc: 41.490
2018-09-19 14:18:00,808:INFO: [TRAIN] Step: 1129 ; Loss: 24.967 ; Acc: 41.493
2018-09-19 14:18:00,900:INFO: [TRAIN] Step: 1130 ; Loss: 28.953 ; Acc: 41.486
2018-09-19 14:18:00,991:INFO: [TRAIN] Step: 1131 ; Loss: 31.975 ; Acc: 41.479
2018-09-19 14:18:01,083:INFO: [TRAIN] Step: 1132 ; Loss: 23.016 ; Acc: 41.486
2018-09-19 14:18:01,170:INFO: [TRAIN] Step: 1133 ; Loss: 24.844 ; Acc: 41.490
2018-09-19 14:18:01,266:INFO: [TRAIN] Step: 1134 ; Loss: 25.605 ; Acc: 41.498
2018-09-19 14:18:01,354:INFO: [TRAIN] Step: 1135 ; Loss: 25.736 ; Acc: 41.505
2018-09-19 14:18:01,449:INFO: [TRAIN] Step: 1136 ; Loss: 24.187 ; Acc: 41.513
2018-09-19 14:18:01,537:INFO: [TRAIN] Step: 1137 ; Loss: 22.260 ; Acc: 41.524
2018-09-19 14:18:01,634:INFO: [TRAIN] Step: 1138 ; Loss: 22.254 ; Acc: 41.539
2018-09-19 14:18:01,724:INFO: [TRAIN] Step: 1139 ; Loss: 24.056 ; Acc: 41.550
2018-09-19 14:18:01,817:INFO: [TRAIN] Step: 1140 ; Loss: 24.350 ; Acc: 41.546
2018-09-19 14:18:01,906:INFO: [TRAIN] Step: 1141 ; Loss: 24.293 ; Acc: 41.557
2018-09-19 14:18:02,000:INFO: [TRAIN] Step: 1142 ; Loss: 28.164 ; Acc: 41.554
2018-09-19 14:18:02,090:INFO: [TRAIN] Step: 1143 ; Loss: 28.029 ; Acc: 41.557
2018-09-19 14:18:02,185:INFO: [TRAIN] Step: 1144 ; Loss: 25.916 ; Acc: 41.565
2018-09-19 14:18:02,273:INFO: [TRAIN] Step: 1145 ; Loss: 24.231 ; Acc: 41.568
2018-09-19 14:18:02,370:INFO: [TRAIN] Step: 1146 ; Loss: 27.726 ; Acc: 41.583
2018-09-19 14:18:02,459:INFO: [TRAIN] Step: 1147 ; Loss: 25.041 ; Acc: 41.594
2018-09-19 14:18:02,551:INFO: [TRAIN] Step: 1148 ; Loss: 26.624 ; Acc: 41.601
2018-09-19 14:18:02,640:INFO: [TRAIN] Step: 1149 ; Loss: 29.259 ; Acc: 41.605
2018-09-19 14:18:02,737:INFO: [TRAIN] Step: 1150 ; Loss: 27.008 ; Acc: 41.612
2018-09-19 14:18:02,825:INFO: [TRAIN] Step: 1151 ; Loss: 25.283 ; Acc: 41.620
2018-09-19 14:18:02,918:INFO: [TRAIN] Step: 1152 ; Loss: 23.176 ; Acc: 41.638
2018-09-19 14:18:03,005:INFO: [TRAIN] Step: 1153 ; Loss: 24.404 ; Acc: 41.652
2018-09-19 14:18:03,100:INFO: [TRAIN] Step: 1154 ; Loss: 24.263 ; Acc: 41.670
2018-09-19 14:18:03,186:INFO: [TRAIN] Step: 1155 ; Loss: 29.212 ; Acc: 41.656
2018-09-19 14:18:03,280:INFO: [TRAIN] Step: 1156 ; Loss: 23.898 ; Acc: 41.674
2018-09-19 14:18:03,368:INFO: [TRAIN] Step: 1157 ; Loss: 25.290 ; Acc: 41.685
2018-09-19 14:18:03,461:INFO: [TRAIN] Step: 1158 ; Loss: 26.900 ; Acc: 41.688
2018-09-19 14:18:03,552:INFO: [TRAIN] Step: 1159 ; Loss: 25.234 ; Acc: 41.699
2018-09-19 14:18:03,644:INFO: [TRAIN] Step: 1160 ; Loss: 27.362 ; Acc: 41.699
2018-09-19 14:18:03,735:INFO: [TRAIN] Step: 1161 ; Loss: 23.523 ; Acc: 41.710
2018-09-19 14:18:03,829:INFO: [TRAIN] Step: 1162 ; Loss: 25.229 ; Acc: 41.713
2018-09-19 14:18:03,918:INFO: [TRAIN] Step: 1163 ; Loss: 23.552 ; Acc: 41.706
2018-09-19 14:18:04,012:INFO: [TRAIN] Step: 1164 ; Loss: 23.875 ; Acc: 41.710
2018-09-19 14:18:04,099:INFO: [TRAIN] Step: 1165 ; Loss: 28.401 ; Acc: 41.702
2018-09-19 14:18:04,195:INFO: [TRAIN] Step: 1166 ; Loss: 25.348 ; Acc: 41.706
2018-09-19 14:18:04,283:INFO: [TRAIN] Step: 1167 ; Loss: 22.779 ; Acc: 41.717
2018-09-19 14:18:04,376:INFO: [TRAIN] Step: 1168 ; Loss: 22.705 ; Acc: 41.731
2018-09-19 14:18:04,464:INFO: [TRAIN] Step: 1169 ; Loss: 24.463 ; Acc: 41.731
2018-09-19 14:18:04,559:INFO: [TRAIN] Step: 1170 ; Loss: 21.991 ; Acc: 41.745
2018-09-19 14:18:04,645:INFO: [TRAIN] Step: 1171 ; Loss: 24.293 ; Acc: 41.756
2018-09-19 14:18:04,738:INFO: [TRAIN] Step: 1172 ; Loss: 23.073 ; Acc: 41.759
2018-09-19 14:18:04,822:INFO: [TRAIN] Step: 1173 ; Loss: 29.146 ; Acc: 41.759
2018-09-19 14:18:04,916:INFO: [TRAIN] Step: 1174 ; Loss: 24.761 ; Acc: 41.759
2018-09-19 14:18:05,005:INFO: [TRAIN] Step: 1175 ; Loss: 26.639 ; Acc: 41.759
2018-09-19 14:18:05,099:INFO: [TRAIN] Step: 1176 ; Loss: 23.860 ; Acc: 41.773
2018-09-19 14:18:05,204:INFO: [TRAIN] Step: 1177 ; Loss: 23.092 ; Acc: 41.798
2018-09-19 14:18:05,317:INFO: [TRAIN] Step: 1178 ; Loss: 28.168 ; Acc: 41.804
2018-09-19 14:18:05,403:INFO: [TRAIN] Step: 1179 ; Loss: 22.381 ; Acc: 41.819
2018-09-19 14:18:05,501:INFO: [TRAIN] Step: 1180 ; Loss: 26.843 ; Acc: 41.811
2018-09-19 14:18:05,592:INFO: [TRAIN] Step: 1181 ; Loss: 25.762 ; Acc: 41.822
2018-09-19 14:18:05,685:INFO: [TRAIN] Step: 1182 ; Loss: 26.578 ; Acc: 41.825
2018-09-19 14:18:05,776:INFO: [TRAIN] Step: 1183 ; Loss: 24.344 ; Acc: 41.829
2018-09-19 14:18:05,871:INFO: [TRAIN] Step: 1184 ; Loss: 26.882 ; Acc: 41.828
2018-09-19 14:18:05,959:INFO: [TRAIN] Step: 1185 ; Loss: 27.059 ; Acc: 41.835
2018-09-19 14:18:06,055:INFO: [TRAIN] Step: 1186 ; Loss: 21.848 ; Acc: 41.832
2018-09-19 14:18:06,141:INFO: [TRAIN] Step: 1187 ; Loss: 22.219 ; Acc: 41.842
2018-09-19 14:18:06,280:INFO: [TRAIN] Step: 1188 ; Loss: 28.471 ; Acc: 41.849
2018-09-19 14:18:06,379:INFO: [TRAIN] Step: 1189 ; Loss: 29.964 ; Acc: 41.859
2018-09-19 14:18:11,756:INFO: [EVAL] Step: 1190 ; Loss: 0.264 ; Acc: 0.506
