2018-09-19 15:35:26,276:INFO: ### Model ###
LeNet5(
  (convnet): Sequential(
    (0): Conv2d(1, 6, kernel_size=(5, 5), stride=(1, 1))
    (1): ReLU()
    (2): MaxPool2d(kernel_size=(2, 2), stride=2, padding=0, dilation=1, ceil_mode=False)
    (3): Conv2d(6, 16, kernel_size=(5, 5), stride=(1, 1))
    (4): ReLU()
    (5): MaxPool2d(kernel_size=(2, 2), stride=2, padding=0, dilation=1, ceil_mode=False)
    (6): Conv2d(16, 120, kernel_size=(5, 5), stride=(1, 1))
    (7): ReLU()
    (8): Conv2d(120, 240, kernel_size=(5, 5), stride=(1, 1))
    (9): ReLU()
  )
  (fc): Sequential(
    (0): Linear(in_features=240, out_features=84, bias=True)
    (1): ReLU()
    (2): Linear(in_features=84, out_features=10, bias=True)
  )
)
2018-09-19 15:35:26,276:INFO: ### Optimizer ###
Adam (
Parameter Group 0
    amsgrad: False
    betas: (0.9, 0.999)
    eps: 1e-08
    lr: 0.0005
    weight_decay: 0
)
2018-09-19 15:35:26,277:INFO: ### HParams ###
n_epochs: 1 ; data: ferplus ; label: ferplus_votes ; batch_size: 24 ; lr: 0.0005 ; wd: 0 ; init: kaiming_he ; eval_steps: 1190
2018-09-19 15:35:26,445:INFO: [TRAIN] Step: 0 ; Loss: 46.587 ; Acc: 16.667
2018-09-19 15:35:26,518:INFO: [TRAIN] Step: 1 ; Loss: 36.960 ; Acc: 18.750
2018-09-19 15:35:26,618:INFO: [TRAIN] Step: 2 ; Loss: 31.113 ; Acc: 29.167
2018-09-19 15:35:26,713:INFO: [TRAIN] Step: 3 ; Loss: 29.825 ; Acc: 32.292
2018-09-19 15:35:26,783:INFO: [TRAIN] Step: 4 ; Loss: 27.616 ; Acc: 35.000
2018-09-19 15:35:26,862:INFO: [TRAIN] Step: 5 ; Loss: 31.750 ; Acc: 34.028
2018-09-19 15:35:26,934:INFO: [TRAIN] Step: 6 ; Loss: 31.980 ; Acc: 33.333
2018-09-19 15:35:27,012:INFO: [TRAIN] Step: 7 ; Loss: 30.363 ; Acc: 35.938
2018-09-19 15:35:27,085:INFO: [TRAIN] Step: 8 ; Loss: 35.244 ; Acc: 35.185
2018-09-19 15:35:27,161:INFO: [TRAIN] Step: 9 ; Loss: 29.608 ; Acc: 35.000
2018-09-19 15:35:27,231:INFO: [TRAIN] Step: 10 ; Loss: 32.328 ; Acc: 35.227
2018-09-19 15:35:27,309:INFO: [TRAIN] Step: 11 ; Loss: 34.372 ; Acc: 34.028
2018-09-19 15:35:27,384:INFO: [TRAIN] Step: 12 ; Loss: 30.997 ; Acc: 33.654
2018-09-19 15:35:27,467:INFO: [TRAIN] Step: 13 ; Loss: 30.959 ; Acc: 33.929
2018-09-19 15:35:27,549:INFO: [TRAIN] Step: 14 ; Loss: 24.631 ; Acc: 34.722
2018-09-19 15:35:27,631:INFO: [TRAIN] Step: 15 ; Loss: 29.441 ; Acc: 34.115
2018-09-19 15:35:27,704:INFO: [TRAIN] Step: 16 ; Loss: 28.727 ; Acc: 34.804
2018-09-19 15:35:27,781:INFO: [TRAIN] Step: 17 ; Loss: 23.603 ; Acc: 35.648
2018-09-19 15:35:27,853:INFO: [TRAIN] Step: 18 ; Loss: 29.294 ; Acc: 35.526
2018-09-19 15:35:27,930:INFO: [TRAIN] Step: 19 ; Loss: 27.786 ; Acc: 35.208
2018-09-19 15:35:28,002:INFO: [TRAIN] Step: 20 ; Loss: 30.987 ; Acc: 33.929
2018-09-19 15:35:28,082:INFO: [TRAIN] Step: 21 ; Loss: 32.241 ; Acc: 33.333
2018-09-19 15:35:28,153:INFO: [TRAIN] Step: 22 ; Loss: 28.070 ; Acc: 33.333
2018-09-19 15:35:28,229:INFO: [TRAIN] Step: 23 ; Loss: 28.584 ; Acc: 32.986
2018-09-19 15:35:28,299:INFO: [TRAIN] Step: 24 ; Loss: 29.714 ; Acc: 33.167
2018-09-19 15:35:28,376:INFO: [TRAIN] Step: 25 ; Loss: 30.217 ; Acc: 33.333
2018-09-19 15:35:28,446:INFO: [TRAIN] Step: 26 ; Loss: 28.075 ; Acc: 33.333
2018-09-19 15:35:28,523:INFO: [TRAIN] Step: 27 ; Loss: 28.794 ; Acc: 33.333
2018-09-19 15:35:28,595:INFO: [TRAIN] Step: 28 ; Loss: 24.973 ; Acc: 33.477
2018-09-19 15:35:28,672:INFO: [TRAIN] Step: 29 ; Loss: 28.920 ; Acc: 33.611
2018-09-19 15:35:28,747:INFO: [TRAIN] Step: 30 ; Loss: 30.201 ; Acc: 33.602
2018-09-19 15:35:28,828:INFO: [TRAIN] Step: 31 ; Loss: 31.497 ; Acc: 33.724
2018-09-19 15:35:28,900:INFO: [TRAIN] Step: 32 ; Loss: 21.465 ; Acc: 34.470
2018-09-19 15:35:28,977:INFO: [TRAIN] Step: 33 ; Loss: 32.424 ; Acc: 34.191
2018-09-19 15:35:29,049:INFO: [TRAIN] Step: 34 ; Loss: 28.827 ; Acc: 34.167
2018-09-19 15:35:29,125:INFO: [TRAIN] Step: 35 ; Loss: 32.289 ; Acc: 34.144
2018-09-19 15:35:29,198:INFO: [TRAIN] Step: 36 ; Loss: 31.316 ; Acc: 34.122
2018-09-19 15:35:29,274:INFO: [TRAIN] Step: 37 ; Loss: 26.785 ; Acc: 34.211
2018-09-19 15:35:29,347:INFO: [TRAIN] Step: 38 ; Loss: 24.774 ; Acc: 34.615
2018-09-19 15:35:29,421:INFO: [TRAIN] Step: 39 ; Loss: 32.166 ; Acc: 34.583
2018-09-19 15:35:29,493:INFO: [TRAIN] Step: 40 ; Loss: 23.165 ; Acc: 35.163
2018-09-19 15:35:29,569:INFO: [TRAIN] Step: 41 ; Loss: 26.234 ; Acc: 35.218
2018-09-19 15:35:29,642:INFO: [TRAIN] Step: 42 ; Loss: 31.369 ; Acc: 35.078
2018-09-19 15:35:29,741:INFO: [TRAIN] Step: 43 ; Loss: 32.118 ; Acc: 35.038
2018-09-19 15:35:29,813:INFO: [TRAIN] Step: 44 ; Loss: 28.423 ; Acc: 35.185
2018-09-19 15:35:29,890:INFO: [TRAIN] Step: 45 ; Loss: 24.214 ; Acc: 35.417
2018-09-19 15:35:29,966:INFO: [TRAIN] Step: 46 ; Loss: 26.272 ; Acc: 35.638
2018-09-19 15:35:30,042:INFO: [TRAIN] Step: 47 ; Loss: 24.916 ; Acc: 36.111
2018-09-19 15:35:30,116:INFO: [TRAIN] Step: 48 ; Loss: 28.918 ; Acc: 36.224
2018-09-19 15:35:30,193:INFO: [TRAIN] Step: 49 ; Loss: 25.850 ; Acc: 36.583
2018-09-19 15:35:30,264:INFO: [TRAIN] Step: 50 ; Loss: 23.405 ; Acc: 36.683
2018-09-19 15:35:30,342:INFO: [TRAIN] Step: 51 ; Loss: 27.290 ; Acc: 36.699
2018-09-19 15:35:30,419:INFO: [TRAIN] Step: 52 ; Loss: 33.038 ; Acc: 36.399
2018-09-19 15:35:30,495:INFO: [TRAIN] Step: 53 ; Loss: 26.139 ; Acc: 36.497
2018-09-19 15:35:30,565:INFO: [TRAIN] Step: 54 ; Loss: 27.540 ; Acc: 36.515
2018-09-19 15:35:30,641:INFO: [TRAIN] Step: 55 ; Loss: 28.026 ; Acc: 36.682
2018-09-19 15:35:30,713:INFO: [TRAIN] Step: 56 ; Loss: 29.203 ; Acc: 36.769
2018-09-19 15:35:30,796:INFO: [TRAIN] Step: 57 ; Loss: 28.452 ; Acc: 36.710
2018-09-19 15:35:30,866:INFO: [TRAIN] Step: 58 ; Loss: 33.067 ; Acc: 36.299
2018-09-19 15:35:30,943:INFO: [TRAIN] Step: 59 ; Loss: 29.886 ; Acc: 36.250
2018-09-19 15:35:31,017:INFO: [TRAIN] Step: 60 ; Loss: 24.344 ; Acc: 36.407
2018-09-19 15:35:31,093:INFO: [TRAIN] Step: 61 ; Loss: 26.817 ; Acc: 36.425
2018-09-19 15:35:31,166:INFO: [TRAIN] Step: 62 ; Loss: 27.454 ; Acc: 36.706
2018-09-19 15:35:31,244:INFO: [TRAIN] Step: 63 ; Loss: 30.151 ; Acc: 36.784
2018-09-19 15:35:31,316:INFO: [TRAIN] Step: 64 ; Loss: 27.498 ; Acc: 36.859
2018-09-19 15:35:31,392:INFO: [TRAIN] Step: 65 ; Loss: 26.564 ; Acc: 36.869
2018-09-19 15:35:31,462:INFO: [TRAIN] Step: 66 ; Loss: 24.330 ; Acc: 36.940
2018-09-19 15:35:31,538:INFO: [TRAIN] Step: 67 ; Loss: 27.429 ; Acc: 37.010
2018-09-19 15:35:31,615:INFO: [TRAIN] Step: 68 ; Loss: 29.804 ; Acc: 37.138
2018-09-19 15:35:31,690:INFO: [TRAIN] Step: 69 ; Loss: 26.399 ; Acc: 37.262
2018-09-19 15:35:31,760:INFO: [TRAIN] Step: 70 ; Loss: 27.038 ; Acc: 37.500
2018-09-19 15:35:31,837:INFO: [TRAIN] Step: 71 ; Loss: 27.099 ; Acc: 37.674
2018-09-19 15:35:31,913:INFO: [TRAIN] Step: 72 ; Loss: 26.797 ; Acc: 37.842
2018-09-19 15:35:31,991:INFO: [TRAIN] Step: 73 ; Loss: 26.179 ; Acc: 37.725
2018-09-19 15:35:32,060:INFO: [TRAIN] Step: 74 ; Loss: 27.587 ; Acc: 37.778
2018-09-19 15:35:32,136:INFO: [TRAIN] Step: 75 ; Loss: 25.787 ; Acc: 37.610
2018-09-19 15:35:32,207:INFO: [TRAIN] Step: 76 ; Loss: 27.238 ; Acc: 37.662
2018-09-19 15:35:32,284:INFO: [TRAIN] Step: 77 ; Loss: 23.473 ; Acc: 37.874
2018-09-19 15:35:32,358:INFO: [TRAIN] Step: 78 ; Loss: 28.044 ; Acc: 37.816
2018-09-19 15:35:32,435:INFO: [TRAIN] Step: 79 ; Loss: 31.898 ; Acc: 37.708
2018-09-19 15:35:32,508:INFO: [TRAIN] Step: 80 ; Loss: 25.078 ; Acc: 37.809
2018-09-19 15:35:32,585:INFO: [TRAIN] Step: 81 ; Loss: 28.069 ; Acc: 37.856
2018-09-19 15:35:32,654:INFO: [TRAIN] Step: 82 ; Loss: 25.049 ; Acc: 38.052
2018-09-19 15:35:32,733:INFO: [TRAIN] Step: 83 ; Loss: 27.757 ; Acc: 38.046
2018-09-19 15:35:32,806:INFO: [TRAIN] Step: 84 ; Loss: 25.865 ; Acc: 38.235
2018-09-19 15:35:32,885:INFO: [TRAIN] Step: 85 ; Loss: 28.638 ; Acc: 38.275
2018-09-19 15:35:32,969:INFO: [TRAIN] Step: 86 ; Loss: 28.012 ; Acc: 38.362
2018-09-19 15:35:33,050:INFO: [TRAIN] Step: 87 ; Loss: 27.016 ; Acc: 38.494
2018-09-19 15:35:33,124:INFO: [TRAIN] Step: 88 ; Loss: 29.689 ; Acc: 38.483
2018-09-19 15:35:33,213:INFO: [TRAIN] Step: 89 ; Loss: 28.461 ; Acc: 38.704
2018-09-19 15:35:33,285:INFO: [TRAIN] Step: 90 ; Loss: 28.596 ; Acc: 38.828
2018-09-19 15:35:33,361:INFO: [TRAIN] Step: 91 ; Loss: 26.342 ; Acc: 38.904
2018-09-19 15:35:33,434:INFO: [TRAIN] Step: 92 ; Loss: 23.610 ; Acc: 39.068
2018-09-19 15:35:33,512:INFO: [TRAIN] Step: 93 ; Loss: 31.876 ; Acc: 39.007
2018-09-19 15:35:33,582:INFO: [TRAIN] Step: 94 ; Loss: 26.499 ; Acc: 39.123
2018-09-19 15:35:33,660:INFO: [TRAIN] Step: 95 ; Loss: 27.527 ; Acc: 39.236
2018-09-19 15:35:33,733:INFO: [TRAIN] Step: 96 ; Loss: 25.413 ; Acc: 39.304
2018-09-19 15:35:33,814:INFO: [TRAIN] Step: 97 ; Loss: 23.501 ; Acc: 39.626
2018-09-19 15:35:33,885:INFO: [TRAIN] Step: 98 ; Loss: 28.406 ; Acc: 39.689
2018-09-19 15:35:33,964:INFO: [TRAIN] Step: 99 ; Loss: 24.029 ; Acc: 39.708
2018-09-19 15:35:34,034:INFO: [TRAIN] Step: 100 ; Loss: 24.641 ; Acc: 39.851
2018-09-19 15:35:34,113:INFO: [TRAIN] Step: 101 ; Loss: 31.156 ; Acc: 39.788
2018-09-19 15:35:34,185:INFO: [TRAIN] Step: 102 ; Loss: 33.000 ; Acc: 39.684
2018-09-19 15:35:34,261:INFO: [TRAIN] Step: 103 ; Loss: 26.283 ; Acc: 39.784
2018-09-19 15:35:34,335:INFO: [TRAIN] Step: 104 ; Loss: 29.202 ; Acc: 39.722
2018-09-19 15:35:34,413:INFO: [TRAIN] Step: 105 ; Loss: 28.287 ; Acc: 39.623
2018-09-19 15:35:34,484:INFO: [TRAIN] Step: 106 ; Loss: 25.617 ; Acc: 39.759
2018-09-19 15:35:34,561:INFO: [TRAIN] Step: 107 ; Loss: 26.709 ; Acc: 39.892
2018-09-19 15:35:34,631:INFO: [TRAIN] Step: 108 ; Loss: 26.638 ; Acc: 40.061
2018-09-19 15:35:34,707:INFO: [TRAIN] Step: 109 ; Loss: 25.031 ; Acc: 40.152
2018-09-19 15:35:34,777:INFO: [TRAIN] Step: 110 ; Loss: 30.062 ; Acc: 40.165
2018-09-19 15:35:34,854:INFO: [TRAIN] Step: 111 ; Loss: 28.117 ; Acc: 40.179
2018-09-19 15:35:34,926:INFO: [TRAIN] Step: 112 ; Loss: 26.056 ; Acc: 40.302
2018-09-19 15:35:35,002:INFO: [TRAIN] Step: 113 ; Loss: 27.861 ; Acc: 40.168
2018-09-19 15:35:35,073:INFO: [TRAIN] Step: 114 ; Loss: 27.772 ; Acc: 40.290
2018-09-19 15:35:35,151:INFO: [TRAIN] Step: 115 ; Loss: 24.956 ; Acc: 40.266
2018-09-19 15:35:35,220:INFO: [TRAIN] Step: 116 ; Loss: 26.858 ; Acc: 40.278
2018-09-19 15:35:35,296:INFO: [TRAIN] Step: 117 ; Loss: 28.971 ; Acc: 40.290
2018-09-19 15:35:35,366:INFO: [TRAIN] Step: 118 ; Loss: 22.603 ; Acc: 40.406
2018-09-19 15:35:35,442:INFO: [TRAIN] Step: 119 ; Loss: 25.536 ; Acc: 40.347
2018-09-19 15:35:35,516:INFO: [TRAIN] Step: 120 ; Loss: 26.397 ; Acc: 40.427
2018-09-19 15:35:35,592:INFO: [TRAIN] Step: 121 ; Loss: 32.089 ; Acc: 40.335
2018-09-19 15:35:35,665:INFO: [TRAIN] Step: 122 ; Loss: 22.168 ; Acc: 40.278
2018-09-19 15:35:35,744:INFO: [TRAIN] Step: 123 ; Loss: 20.648 ; Acc: 40.457
2018-09-19 15:35:35,818:INFO: [TRAIN] Step: 124 ; Loss: 27.055 ; Acc: 40.567
2018-09-19 15:35:35,893:INFO: [TRAIN] Step: 125 ; Loss: 26.925 ; Acc: 40.675
2018-09-19 15:35:35,963:INFO: [TRAIN] Step: 126 ; Loss: 33.660 ; Acc: 40.518
2018-09-19 15:35:36,041:INFO: [TRAIN] Step: 127 ; Loss: 27.421 ; Acc: 40.495
2018-09-19 15:35:36,111:INFO: [TRAIN] Step: 128 ; Loss: 24.027 ; Acc: 40.568
2018-09-19 15:35:36,198:INFO: [TRAIN] Step: 129 ; Loss: 24.776 ; Acc: 40.705
2018-09-19 15:35:36,278:INFO: [TRAIN] Step: 130 ; Loss: 25.032 ; Acc: 40.808
2018-09-19 15:35:36,356:INFO: [TRAIN] Step: 131 ; Loss: 27.338 ; Acc: 40.814
2018-09-19 15:35:36,430:INFO: [TRAIN] Step: 132 ; Loss: 30.440 ; Acc: 40.758
2018-09-19 15:35:36,506:INFO: [TRAIN] Step: 133 ; Loss: 28.652 ; Acc: 40.827
2018-09-19 15:35:36,576:INFO: [TRAIN] Step: 134 ; Loss: 25.862 ; Acc: 40.988
2018-09-19 15:35:36,657:INFO: [TRAIN] Step: 135 ; Loss: 27.455 ; Acc: 40.962
2018-09-19 15:35:36,736:INFO: [TRAIN] Step: 136 ; Loss: 21.615 ; Acc: 41.089
2018-09-19 15:35:36,812:INFO: [TRAIN] Step: 137 ; Loss: 25.500 ; Acc: 41.123
2018-09-19 15:35:36,882:INFO: [TRAIN] Step: 138 ; Loss: 26.675 ; Acc: 41.097
2018-09-19 15:35:36,961:INFO: [TRAIN] Step: 139 ; Loss: 29.060 ; Acc: 40.982
2018-09-19 15:35:37,037:INFO: [TRAIN] Step: 140 ; Loss: 23.616 ; Acc: 40.987
2018-09-19 15:35:37,114:INFO: [TRAIN] Step: 141 ; Loss: 27.340 ; Acc: 41.021
2018-09-19 15:35:37,185:INFO: [TRAIN] Step: 142 ; Loss: 24.234 ; Acc: 40.997
2018-09-19 15:35:37,259:INFO: [TRAIN] Step: 143 ; Loss: 22.895 ; Acc: 41.088
2018-09-19 15:35:37,330:INFO: [TRAIN] Step: 144 ; Loss: 25.423 ; Acc: 41.236
2018-09-19 15:35:37,407:INFO: [TRAIN] Step: 145 ; Loss: 21.154 ; Acc: 41.267
2018-09-19 15:35:37,479:INFO: [TRAIN] Step: 146 ; Loss: 28.350 ; Acc: 41.213
2018-09-19 15:35:37,559:INFO: [TRAIN] Step: 147 ; Loss: 25.522 ; Acc: 41.188
2018-09-19 15:35:37,633:INFO: [TRAIN] Step: 148 ; Loss: 24.674 ; Acc: 41.135
2018-09-19 15:35:37,709:INFO: [TRAIN] Step: 149 ; Loss: 22.088 ; Acc: 41.222
2018-09-19 15:35:37,781:INFO: [TRAIN] Step: 150 ; Loss: 23.749 ; Acc: 41.280
2018-09-19 15:35:37,860:INFO: [TRAIN] Step: 151 ; Loss: 24.897 ; Acc: 41.201
2018-09-19 15:35:37,931:INFO: [TRAIN] Step: 152 ; Loss: 25.730 ; Acc: 41.340
2018-09-19 15:35:38,010:INFO: [TRAIN] Step: 153 ; Loss: 21.230 ; Acc: 41.477
2018-09-19 15:35:38,081:INFO: [TRAIN] Step: 154 ; Loss: 25.597 ; Acc: 41.478
2018-09-19 15:35:38,157:INFO: [TRAIN] Step: 155 ; Loss: 31.706 ; Acc: 41.453
2018-09-19 15:35:38,228:INFO: [TRAIN] Step: 156 ; Loss: 25.665 ; Acc: 41.534
2018-09-19 15:35:38,305:INFO: [TRAIN] Step: 157 ; Loss: 26.869 ; Acc: 41.561
2018-09-19 15:35:38,377:INFO: [TRAIN] Step: 158 ; Loss: 20.329 ; Acc: 41.719
2018-09-19 15:35:38,456:INFO: [TRAIN] Step: 159 ; Loss: 22.963 ; Acc: 41.771
2018-09-19 15:35:38,531:INFO: [TRAIN] Step: 160 ; Loss: 24.423 ; Acc: 41.900
2018-09-19 15:35:38,608:INFO: [TRAIN] Step: 161 ; Loss: 29.145 ; Acc: 41.847
2018-09-19 15:35:38,681:INFO: [TRAIN] Step: 162 ; Loss: 20.556 ; Acc: 41.948
2018-09-19 15:35:38,760:INFO: [TRAIN] Step: 163 ; Loss: 24.051 ; Acc: 42.048
2018-09-19 15:35:38,836:INFO: [TRAIN] Step: 164 ; Loss: 22.046 ; Acc: 42.121
2018-09-19 15:35:38,916:INFO: [TRAIN] Step: 165 ; Loss: 19.302 ; Acc: 42.269
2018-09-19 15:35:38,987:INFO: [TRAIN] Step: 166 ; Loss: 21.704 ; Acc: 42.290
2018-09-19 15:35:39,065:INFO: [TRAIN] Step: 167 ; Loss: 23.162 ; Acc: 42.386
2018-09-19 15:35:39,136:INFO: [TRAIN] Step: 168 ; Loss: 23.947 ; Acc: 42.480
2018-09-19 15:35:39,217:INFO: [TRAIN] Step: 169 ; Loss: 21.353 ; Acc: 42.525
2018-09-19 15:35:39,290:INFO: [TRAIN] Step: 170 ; Loss: 22.035 ; Acc: 42.593
2018-09-19 15:35:39,368:INFO: [TRAIN] Step: 171 ; Loss: 24.168 ; Acc: 42.684
2018-09-19 15:35:39,447:INFO: [TRAIN] Step: 172 ; Loss: 22.679 ; Acc: 42.750
2018-09-19 15:35:39,524:INFO: [TRAIN] Step: 173 ; Loss: 29.828 ; Acc: 42.648
2018-09-19 15:35:39,597:INFO: [TRAIN] Step: 174 ; Loss: 22.031 ; Acc: 42.714
2018-09-19 15:35:39,674:INFO: [TRAIN] Step: 175 ; Loss: 24.170 ; Acc: 42.708
2018-09-19 15:35:39,748:INFO: [TRAIN] Step: 176 ; Loss: 22.204 ; Acc: 42.820
2018-09-19 15:35:39,825:INFO: [TRAIN] Step: 177 ; Loss: 31.539 ; Acc: 42.743
2018-09-19 15:35:39,897:INFO: [TRAIN] Step: 178 ; Loss: 24.149 ; Acc: 42.784
2018-09-19 15:35:39,977:INFO: [TRAIN] Step: 179 ; Loss: 25.675 ; Acc: 42.731
2018-09-19 15:35:40,049:INFO: [TRAIN] Step: 180 ; Loss: 24.295 ; Acc: 42.864
2018-09-19 15:35:40,125:INFO: [TRAIN] Step: 181 ; Loss: 28.524 ; Acc: 42.926
2018-09-19 15:35:40,197:INFO: [TRAIN] Step: 182 ; Loss: 26.268 ; Acc: 42.919
2018-09-19 15:35:40,272:INFO: [TRAIN] Step: 183 ; Loss: 26.230 ; Acc: 42.935
2018-09-19 15:35:40,341:INFO: [TRAIN] Step: 184 ; Loss: 22.336 ; Acc: 43.018
2018-09-19 15:35:40,428:INFO: [TRAIN] Step: 185 ; Loss: 23.403 ; Acc: 43.168
2018-09-19 15:35:40,499:INFO: [TRAIN] Step: 186 ; Loss: 29.171 ; Acc: 43.160
2018-09-19 15:35:40,578:INFO: [TRAIN] Step: 187 ; Loss: 23.693 ; Acc: 43.218
2018-09-19 15:35:40,650:INFO: [TRAIN] Step: 188 ; Loss: 22.803 ; Acc: 43.232
2018-09-19 15:35:40,728:INFO: [TRAIN] Step: 189 ; Loss: 25.576 ; Acc: 43.246
2018-09-19 15:35:40,815:INFO: [TRAIN] Step: 190 ; Loss: 18.945 ; Acc: 43.368
2018-09-19 15:35:40,932:INFO: [TRAIN] Step: 191 ; Loss: 24.289 ; Acc: 43.338
2018-09-19 15:35:41,043:INFO: [TRAIN] Step: 192 ; Loss: 23.979 ; Acc: 43.437
2018-09-19 15:35:41,154:INFO: [TRAIN] Step: 193 ; Loss: 19.598 ; Acc: 43.492
2018-09-19 15:35:41,246:INFO: [TRAIN] Step: 194 ; Loss: 22.611 ; Acc: 43.547
2018-09-19 15:35:41,371:INFO: [TRAIN] Step: 195 ; Loss: 21.539 ; Acc: 43.644
2018-09-19 15:35:41,458:INFO: [TRAIN] Step: 196 ; Loss: 24.840 ; Acc: 43.676
2018-09-19 15:35:41,546:INFO: [TRAIN] Step: 197 ; Loss: 26.946 ; Acc: 43.750
2018-09-19 15:35:41,644:INFO: [TRAIN] Step: 198 ; Loss: 36.481 ; Acc: 43.593
2018-09-19 15:35:41,759:INFO: [TRAIN] Step: 199 ; Loss: 27.471 ; Acc: 43.604
2018-09-19 15:35:41,870:INFO: [TRAIN] Step: 200 ; Loss: 23.569 ; Acc: 43.615
2018-09-19 15:35:41,962:INFO: [TRAIN] Step: 201 ; Loss: 20.534 ; Acc: 43.667
2018-09-19 15:35:42,038:INFO: [TRAIN] Step: 202 ; Loss: 20.529 ; Acc: 43.740
2018-09-19 15:35:42,130:INFO: [TRAIN] Step: 203 ; Loss: 26.031 ; Acc: 43.730
2018-09-19 15:35:42,206:INFO: [TRAIN] Step: 204 ; Loss: 19.858 ; Acc: 43.760
2018-09-19 15:35:42,285:INFO: [TRAIN] Step: 205 ; Loss: 20.561 ; Acc: 43.831
2018-09-19 15:35:42,363:INFO: [TRAIN] Step: 206 ; Loss: 23.782 ; Acc: 43.861
2018-09-19 15:35:42,447:INFO: [TRAIN] Step: 207 ; Loss: 24.501 ; Acc: 43.850
2018-09-19 15:35:42,531:INFO: [TRAIN] Step: 208 ; Loss: 25.936 ; Acc: 43.860
2018-09-19 15:35:42,618:INFO: [TRAIN] Step: 209 ; Loss: 19.816 ; Acc: 43.909
2018-09-19 15:35:42,717:INFO: [TRAIN] Step: 210 ; Loss: 19.890 ; Acc: 44.096
2018-09-19 15:35:42,821:INFO: [TRAIN] Step: 211 ; Loss: 24.444 ; Acc: 44.182
2018-09-19 15:35:42,900:INFO: [TRAIN] Step: 212 ; Loss: 26.687 ; Acc: 44.171
2018-09-19 15:35:42,986:INFO: [TRAIN] Step: 213 ; Loss: 21.372 ; Acc: 44.178
2018-09-19 15:35:43,070:INFO: [TRAIN] Step: 214 ; Loss: 22.849 ; Acc: 44.167
2018-09-19 15:35:43,155:INFO: [TRAIN] Step: 215 ; Loss: 26.151 ; Acc: 44.194
2018-09-19 15:35:43,241:INFO: [TRAIN] Step: 216 ; Loss: 20.197 ; Acc: 44.297
2018-09-19 15:35:43,321:INFO: [TRAIN] Step: 217 ; Loss: 21.184 ; Acc: 44.362
2018-09-19 15:35:43,396:INFO: [TRAIN] Step: 218 ; Loss: 28.517 ; Acc: 44.387
2018-09-19 15:35:43,477:INFO: [TRAIN] Step: 219 ; Loss: 22.801 ; Acc: 44.489
2018-09-19 15:35:43,552:INFO: [TRAIN] Step: 220 ; Loss: 27.211 ; Acc: 44.514
2018-09-19 15:35:43,631:INFO: [TRAIN] Step: 221 ; Loss: 29.454 ; Acc: 44.463
2018-09-19 15:35:43,710:INFO: [TRAIN] Step: 222 ; Loss: 20.215 ; Acc: 44.507
2018-09-19 15:35:43,790:INFO: [TRAIN] Step: 223 ; Loss: 19.135 ; Acc: 44.568
2018-09-19 15:35:43,864:INFO: [TRAIN] Step: 224 ; Loss: 23.155 ; Acc: 44.574
2018-09-19 15:35:43,944:INFO: [TRAIN] Step: 225 ; Loss: 25.938 ; Acc: 44.543
2018-09-19 15:35:44,020:INFO: [TRAIN] Step: 226 ; Loss: 21.078 ; Acc: 44.604
2018-09-19 15:35:44,100:INFO: [TRAIN] Step: 227 ; Loss: 25.036 ; Acc: 44.609
2018-09-19 15:35:44,173:INFO: [TRAIN] Step: 228 ; Loss: 24.889 ; Acc: 44.669
2018-09-19 15:35:44,252:INFO: [TRAIN] Step: 229 ; Loss: 24.421 ; Acc: 44.692
2018-09-19 15:35:44,326:INFO: [TRAIN] Step: 230 ; Loss: 19.550 ; Acc: 44.769
2018-09-19 15:35:44,406:INFO: [TRAIN] Step: 231 ; Loss: 20.511 ; Acc: 44.828
2018-09-19 15:35:44,479:INFO: [TRAIN] Step: 232 ; Loss: 24.226 ; Acc: 44.814
2018-09-19 15:35:44,563:INFO: [TRAIN] Step: 233 ; Loss: 23.203 ; Acc: 44.854
2018-09-19 15:35:44,634:INFO: [TRAIN] Step: 234 ; Loss: 26.427 ; Acc: 44.840
2018-09-19 15:35:44,714:INFO: [TRAIN] Step: 235 ; Loss: 22.070 ; Acc: 44.845
2018-09-19 15:35:44,788:INFO: [TRAIN] Step: 236 ; Loss: 25.134 ; Acc: 44.814
2018-09-19 15:35:44,868:INFO: [TRAIN] Step: 237 ; Loss: 27.932 ; Acc: 44.765
2018-09-19 15:35:44,944:INFO: [TRAIN] Step: 238 ; Loss: 26.288 ; Acc: 44.752
2018-09-19 15:35:45,022:INFO: [TRAIN] Step: 239 ; Loss: 25.221 ; Acc: 44.740
2018-09-19 15:35:45,095:INFO: [TRAIN] Step: 240 ; Loss: 28.969 ; Acc: 44.675
2018-09-19 15:35:45,177:INFO: [TRAIN] Step: 241 ; Loss: 26.971 ; Acc: 44.731
2018-09-19 15:35:45,251:INFO: [TRAIN] Step: 242 ; Loss: 20.778 ; Acc: 44.822
2018-09-19 15:35:45,330:INFO: [TRAIN] Step: 243 ; Loss: 23.548 ; Acc: 44.860
2018-09-19 15:35:45,404:INFO: [TRAIN] Step: 244 ; Loss: 17.885 ; Acc: 44.932
2018-09-19 15:35:45,483:INFO: [TRAIN] Step: 245 ; Loss: 22.222 ; Acc: 44.970
2018-09-19 15:35:45,558:INFO: [TRAIN] Step: 246 ; Loss: 25.051 ; Acc: 45.024
2018-09-19 15:35:45,638:INFO: [TRAIN] Step: 247 ; Loss: 29.591 ; Acc: 45.044
2018-09-19 15:35:45,714:INFO: [TRAIN] Step: 248 ; Loss: 22.312 ; Acc: 45.030
2018-09-19 15:35:45,799:INFO: [TRAIN] Step: 249 ; Loss: 26.123 ; Acc: 45.067
2018-09-19 15:35:45,874:INFO: [TRAIN] Step: 250 ; Loss: 20.973 ; Acc: 45.070
2018-09-19 15:35:45,955:INFO: [TRAIN] Step: 251 ; Loss: 26.388 ; Acc: 45.056
2018-09-19 15:35:46,030:INFO: [TRAIN] Step: 252 ; Loss: 26.869 ; Acc: 45.092
2018-09-19 15:35:46,110:INFO: [TRAIN] Step: 253 ; Loss: 21.147 ; Acc: 45.112
2018-09-19 15:35:46,186:INFO: [TRAIN] Step: 254 ; Loss: 19.854 ; Acc: 45.212
2018-09-19 15:35:46,265:INFO: [TRAIN] Step: 255 ; Loss: 25.044 ; Acc: 45.215
2018-09-19 15:35:46,343:INFO: [TRAIN] Step: 256 ; Loss: 28.543 ; Acc: 45.233
2018-09-19 15:35:46,423:INFO: [TRAIN] Step: 257 ; Loss: 23.937 ; Acc: 45.236
2018-09-19 15:35:46,497:INFO: [TRAIN] Step: 258 ; Loss: 19.676 ; Acc: 45.302
2018-09-19 15:35:46,576:INFO: [TRAIN] Step: 259 ; Loss: 21.287 ; Acc: 45.401
2018-09-19 15:35:46,649:INFO: [TRAIN] Step: 260 ; Loss: 25.805 ; Acc: 45.370
2018-09-19 15:35:46,732:INFO: [TRAIN] Step: 261 ; Loss: 26.690 ; Acc: 45.340
2018-09-19 15:35:46,807:INFO: [TRAIN] Step: 262 ; Loss: 25.650 ; Acc: 45.374
2018-09-19 15:35:46,888:INFO: [TRAIN] Step: 263 ; Loss: 21.723 ; Acc: 45.439
2018-09-19 15:35:46,961:INFO: [TRAIN] Step: 264 ; Loss: 25.242 ; Acc: 45.425
2018-09-19 15:35:47,041:INFO: [TRAIN] Step: 265 ; Loss: 21.920 ; Acc: 45.489
2018-09-19 15:35:47,115:INFO: [TRAIN] Step: 266 ; Loss: 24.752 ; Acc: 45.537
2018-09-19 15:35:47,194:INFO: [TRAIN] Step: 267 ; Loss: 24.092 ; Acc: 45.569
2018-09-19 15:35:47,269:INFO: [TRAIN] Step: 268 ; Loss: 24.366 ; Acc: 45.632
2018-09-19 15:35:47,349:INFO: [TRAIN] Step: 269 ; Loss: 23.119 ; Acc: 45.633
2018-09-19 15:35:47,420:INFO: [TRAIN] Step: 270 ; Loss: 22.022 ; Acc: 45.603
2018-09-19 15:35:47,500:INFO: [TRAIN] Step: 271 ; Loss: 26.090 ; Acc: 45.604
2018-09-19 15:35:47,590:INFO: [TRAIN] Step: 272 ; Loss: 22.652 ; Acc: 45.650
2018-09-19 15:35:47,686:INFO: [TRAIN] Step: 273 ; Loss: 23.394 ; Acc: 45.666
2018-09-19 15:35:47,763:INFO: [TRAIN] Step: 274 ; Loss: 22.077 ; Acc: 45.697
2018-09-19 15:35:47,846:INFO: [TRAIN] Step: 275 ; Loss: 22.665 ; Acc: 45.758
2018-09-19 15:35:47,925:INFO: [TRAIN] Step: 276 ; Loss: 19.722 ; Acc: 45.863
2018-09-19 15:35:48,012:INFO: [TRAIN] Step: 277 ; Loss: 23.046 ; Acc: 45.923
2018-09-19 15:35:48,091:INFO: [TRAIN] Step: 278 ; Loss: 26.648 ; Acc: 45.923
2018-09-19 15:35:48,179:INFO: [TRAIN] Step: 279 ; Loss: 22.051 ; Acc: 46.012
2018-09-19 15:35:48,258:INFO: [TRAIN] Step: 280 ; Loss: 22.902 ; Acc: 46.026
2018-09-19 15:35:48,340:INFO: [TRAIN] Step: 281 ; Loss: 27.533 ; Acc: 46.055
2018-09-19 15:35:48,415:INFO: [TRAIN] Step: 282 ; Loss: 21.174 ; Acc: 46.054
2018-09-19 15:35:48,497:INFO: [TRAIN] Step: 283 ; Loss: 22.941 ; Acc: 46.039
2018-09-19 15:35:48,569:INFO: [TRAIN] Step: 284 ; Loss: 20.328 ; Acc: 46.067
2018-09-19 15:35:48,648:INFO: [TRAIN] Step: 285 ; Loss: 24.155 ; Acc: 46.125
2018-09-19 15:35:48,720:INFO: [TRAIN] Step: 286 ; Loss: 19.251 ; Acc: 46.211
2018-09-19 15:35:48,800:INFO: [TRAIN] Step: 287 ; Loss: 21.668 ; Acc: 46.224
2018-09-19 15:35:48,876:INFO: [TRAIN] Step: 288 ; Loss: 20.698 ; Acc: 46.295
2018-09-19 15:35:48,957:INFO: [TRAIN] Step: 289 ; Loss: 25.400 ; Acc: 46.351
2018-09-19 15:35:49,034:INFO: [TRAIN] Step: 290 ; Loss: 20.432 ; Acc: 46.406
2018-09-19 15:35:49,113:INFO: [TRAIN] Step: 291 ; Loss: 26.288 ; Acc: 46.376
2018-09-19 15:35:49,185:INFO: [TRAIN] Step: 292 ; Loss: 22.589 ; Acc: 46.359
2018-09-19 15:35:49,264:INFO: [TRAIN] Step: 293 ; Loss: 25.682 ; Acc: 46.372
2018-09-19 15:35:49,338:INFO: [TRAIN] Step: 294 ; Loss: 19.903 ; Acc: 46.398
2018-09-19 15:35:49,419:INFO: [TRAIN] Step: 295 ; Loss: 24.594 ; Acc: 46.382
2018-09-19 15:35:49,492:INFO: [TRAIN] Step: 296 ; Loss: 24.244 ; Acc: 46.395
2018-09-19 15:35:49,575:INFO: [TRAIN] Step: 297 ; Loss: 27.857 ; Acc: 46.351
2018-09-19 15:35:49,647:INFO: [TRAIN] Step: 298 ; Loss: 23.952 ; Acc: 46.391
2018-09-19 15:35:49,737:INFO: [TRAIN] Step: 299 ; Loss: 19.986 ; Acc: 46.431
2018-09-19 15:35:49,811:INFO: [TRAIN] Step: 300 ; Loss: 17.475 ; Acc: 46.484
2018-09-19 15:35:49,892:INFO: [TRAIN] Step: 301 ; Loss: 24.917 ; Acc: 46.468
2018-09-19 15:35:49,972:INFO: [TRAIN] Step: 302 ; Loss: 17.587 ; Acc: 46.562
2018-09-19 15:35:50,059:INFO: [TRAIN] Step: 303 ; Loss: 22.638 ; Acc: 46.615
2018-09-19 15:35:50,140:INFO: [TRAIN] Step: 304 ; Loss: 25.873 ; Acc: 46.598
2018-09-19 15:35:50,222:INFO: [TRAIN] Step: 305 ; Loss: 24.236 ; Acc: 46.569
2018-09-19 15:35:50,302:INFO: [TRAIN] Step: 306 ; Loss: 19.200 ; Acc: 46.634
2018-09-19 15:35:50,389:INFO: [TRAIN] Step: 307 ; Loss: 22.413 ; Acc: 46.659
2018-09-19 15:35:50,467:INFO: [TRAIN] Step: 308 ; Loss: 20.270 ; Acc: 46.710
2018-09-19 15:35:50,549:INFO: [TRAIN] Step: 309 ; Loss: 24.991 ; Acc: 46.680
2018-09-19 15:35:50,625:INFO: [TRAIN] Step: 310 ; Loss: 19.626 ; Acc: 46.744
2018-09-19 15:35:50,707:INFO: [TRAIN] Step: 311 ; Loss: 19.491 ; Acc: 46.768
2018-09-19 15:35:50,781:INFO: [TRAIN] Step: 312 ; Loss: 21.054 ; Acc: 46.858
2018-09-19 15:35:50,862:INFO: [TRAIN] Step: 313 ; Loss: 22.391 ; Acc: 46.882
2018-09-19 15:35:50,939:INFO: [TRAIN] Step: 314 ; Loss: 19.413 ; Acc: 46.905
2018-09-19 15:35:51,024:INFO: [TRAIN] Step: 315 ; Loss: 21.505 ; Acc: 46.967
2018-09-19 15:35:51,104:INFO: [TRAIN] Step: 316 ; Loss: 21.893 ; Acc: 46.990
2018-09-19 15:35:51,186:INFO: [TRAIN] Step: 317 ; Loss: 31.813 ; Acc: 46.947
2018-09-19 15:35:51,262:INFO: [TRAIN] Step: 318 ; Loss: 22.317 ; Acc: 46.970
2018-09-19 15:35:51,342:INFO: [TRAIN] Step: 319 ; Loss: 19.244 ; Acc: 46.992
2018-09-19 15:35:51,416:INFO: [TRAIN] Step: 320 ; Loss: 17.664 ; Acc: 47.028
2018-09-19 15:35:51,496:INFO: [TRAIN] Step: 321 ; Loss: 18.673 ; Acc: 47.101
2018-09-19 15:35:51,570:INFO: [TRAIN] Step: 322 ; Loss: 21.893 ; Acc: 47.123
2018-09-19 15:35:51,649:INFO: [TRAIN] Step: 323 ; Loss: 21.414 ; Acc: 47.132
2018-09-19 15:35:51,727:INFO: [TRAIN] Step: 324 ; Loss: 20.223 ; Acc: 47.154
2018-09-19 15:35:51,825:INFO: [TRAIN] Step: 325 ; Loss: 18.294 ; Acc: 47.226
2018-09-19 15:35:51,919:INFO: [TRAIN] Step: 326 ; Loss: 25.976 ; Acc: 47.235
2018-09-19 15:35:51,996:INFO: [TRAIN] Step: 327 ; Loss: 24.938 ; Acc: 47.243
2018-09-19 15:35:52,069:INFO: [TRAIN] Step: 328 ; Loss: 20.681 ; Acc: 47.264
2018-09-19 15:35:52,150:INFO: [TRAIN] Step: 329 ; Loss: 23.507 ; Acc: 47.285
2018-09-19 15:35:52,224:INFO: [TRAIN] Step: 330 ; Loss: 17.938 ; Acc: 47.356
2018-09-19 15:35:52,306:INFO: [TRAIN] Step: 331 ; Loss: 21.198 ; Acc: 47.364
2018-09-19 15:35:52,380:INFO: [TRAIN] Step: 332 ; Loss: 27.763 ; Acc: 47.297
2018-09-19 15:35:52,462:INFO: [TRAIN] Step: 333 ; Loss: 24.307 ; Acc: 47.318
2018-09-19 15:35:52,536:INFO: [TRAIN] Step: 334 ; Loss: 25.280 ; Acc: 47.313
2018-09-19 15:35:52,615:INFO: [TRAIN] Step: 335 ; Loss: 20.821 ; Acc: 47.359
2018-09-19 15:35:52,689:INFO: [TRAIN] Step: 336 ; Loss: 23.818 ; Acc: 47.317
2018-09-19 15:35:52,773:INFO: [TRAIN] Step: 337 ; Loss: 25.611 ; Acc: 47.300
2018-09-19 15:35:52,856:INFO: [TRAIN] Step: 338 ; Loss: 25.677 ; Acc: 47.271
2018-09-19 15:35:52,940:INFO: [TRAIN] Step: 339 ; Loss: 21.521 ; Acc: 47.279
2018-09-19 15:35:53,032:INFO: [TRAIN] Step: 340 ; Loss: 22.186 ; Acc: 47.300
2018-09-19 15:35:53,117:INFO: [TRAIN] Step: 341 ; Loss: 20.725 ; Acc: 47.332
2018-09-19 15:35:53,193:INFO: [TRAIN] Step: 342 ; Loss: 22.950 ; Acc: 47.340
2018-09-19 15:35:53,276:INFO: [TRAIN] Step: 343 ; Loss: 21.233 ; Acc: 47.384
2018-09-19 15:35:53,351:INFO: [TRAIN] Step: 344 ; Loss: 19.713 ; Acc: 47.428
2018-09-19 15:35:53,430:INFO: [TRAIN] Step: 345 ; Loss: 22.292 ; Acc: 47.447
2018-09-19 15:35:53,511:INFO: [TRAIN] Step: 346 ; Loss: 23.102 ; Acc: 47.442
2018-09-19 15:35:53,593:INFO: [TRAIN] Step: 347 ; Loss: 18.000 ; Acc: 47.486
2018-09-19 15:35:53,670:INFO: [TRAIN] Step: 348 ; Loss: 22.314 ; Acc: 47.493
2018-09-19 15:35:53,750:INFO: [TRAIN] Step: 349 ; Loss: 18.666 ; Acc: 47.536
2018-09-19 15:35:53,829:INFO: [TRAIN] Step: 350 ; Loss: 20.568 ; Acc: 47.566
2018-09-19 15:35:53,912:INFO: [TRAIN] Step: 351 ; Loss: 20.727 ; Acc: 47.562
2018-09-19 15:35:53,985:INFO: [TRAIN] Step: 352 ; Loss: 26.347 ; Acc: 47.533
2018-09-19 15:35:54,067:INFO: [TRAIN] Step: 353 ; Loss: 18.571 ; Acc: 47.552
2018-09-19 15:35:54,141:INFO: [TRAIN] Step: 354 ; Loss: 28.382 ; Acc: 47.582
2018-09-19 15:35:54,223:INFO: [TRAIN] Step: 355 ; Loss: 21.594 ; Acc: 47.601
2018-09-19 15:35:54,297:INFO: [TRAIN] Step: 356 ; Loss: 19.404 ; Acc: 47.619
2018-09-19 15:35:54,377:INFO: [TRAIN] Step: 357 ; Loss: 22.539 ; Acc: 47.602
2018-09-19 15:35:54,451:INFO: [TRAIN] Step: 358 ; Loss: 22.494 ; Acc: 47.586
2018-09-19 15:35:54,532:INFO: [TRAIN] Step: 359 ; Loss: 21.632 ; Acc: 47.604
2018-09-19 15:35:54,606:INFO: [TRAIN] Step: 360 ; Loss: 22.613 ; Acc: 47.588
2018-09-19 15:35:54,692:INFO: [TRAIN] Step: 361 ; Loss: 22.028 ; Acc: 47.617
2018-09-19 15:35:54,767:INFO: [TRAIN] Step: 362 ; Loss: 25.330 ; Acc: 47.612
2018-09-19 15:35:54,849:INFO: [TRAIN] Step: 363 ; Loss: 23.995 ; Acc: 47.596
2018-09-19 15:35:54,924:INFO: [TRAIN] Step: 364 ; Loss: 25.236 ; Acc: 47.580
2018-09-19 15:35:55,004:INFO: [TRAIN] Step: 365 ; Loss: 16.983 ; Acc: 47.609
2018-09-19 15:35:55,077:INFO: [TRAIN] Step: 366 ; Loss: 21.160 ; Acc: 47.616
2018-09-19 15:35:55,160:INFO: [TRAIN] Step: 367 ; Loss: 21.820 ; Acc: 47.656
2018-09-19 15:35:55,235:INFO: [TRAIN] Step: 368 ; Loss: 18.880 ; Acc: 47.674
2018-09-19 15:35:55,316:INFO: [TRAIN] Step: 369 ; Loss: 19.130 ; Acc: 47.703
2018-09-19 15:35:55,390:INFO: [TRAIN] Step: 370 ; Loss: 20.005 ; Acc: 47.720
2018-09-19 15:35:55,471:INFO: [TRAIN] Step: 371 ; Loss: 19.835 ; Acc: 47.749
2018-09-19 15:35:55,553:INFO: [TRAIN] Step: 372 ; Loss: 27.545 ; Acc: 47.699
2018-09-19 15:35:55,631:INFO: [TRAIN] Step: 373 ; Loss: 23.759 ; Acc: 47.716
2018-09-19 15:35:55,704:INFO: [TRAIN] Step: 374 ; Loss: 28.588 ; Acc: 47.689
2018-09-19 15:35:55,792:INFO: [TRAIN] Step: 375 ; Loss: 22.086 ; Acc: 47.717
2018-09-19 15:35:55,867:INFO: [TRAIN] Step: 376 ; Loss: 21.620 ; Acc: 47.701
2018-09-19 15:35:55,947:INFO: [TRAIN] Step: 377 ; Loss: 19.427 ; Acc: 47.685
2018-09-19 15:35:56,022:INFO: [TRAIN] Step: 378 ; Loss: 19.892 ; Acc: 47.702
2018-09-19 15:35:56,102:INFO: [TRAIN] Step: 379 ; Loss: 18.942 ; Acc: 47.708
2018-09-19 15:35:56,177:INFO: [TRAIN] Step: 380 ; Loss: 19.875 ; Acc: 47.725
2018-09-19 15:35:56,260:INFO: [TRAIN] Step: 381 ; Loss: 23.706 ; Acc: 47.731
2018-09-19 15:35:56,334:INFO: [TRAIN] Step: 382 ; Loss: 19.880 ; Acc: 47.759
2018-09-19 15:35:56,414:INFO: [TRAIN] Step: 383 ; Loss: 23.559 ; Acc: 47.754
2018-09-19 15:35:56,493:INFO: [TRAIN] Step: 384 ; Loss: 17.547 ; Acc: 47.825
2018-09-19 15:35:56,569:INFO: [TRAIN] Step: 385 ; Loss: 18.329 ; Acc: 47.895
2018-09-19 15:35:56,646:INFO: [TRAIN] Step: 386 ; Loss: 19.921 ; Acc: 47.933
2018-09-19 15:35:56,725:INFO: [TRAIN] Step: 387 ; Loss: 23.565 ; Acc: 47.938
2018-09-19 15:35:56,801:INFO: [TRAIN] Step: 388 ; Loss: 20.987 ; Acc: 47.965
2018-09-19 15:35:56,882:INFO: [TRAIN] Step: 389 ; Loss: 20.809 ; Acc: 47.991
2018-09-19 15:35:56,955:INFO: [TRAIN] Step: 390 ; Loss: 18.490 ; Acc: 48.018
2018-09-19 15:35:57,036:INFO: [TRAIN] Step: 391 ; Loss: 21.331 ; Acc: 48.044
2018-09-19 15:35:57,114:INFO: [TRAIN] Step: 392 ; Loss: 19.888 ; Acc: 48.060
2018-09-19 15:35:57,194:INFO: [TRAIN] Step: 393 ; Loss: 14.836 ; Acc: 48.128
2018-09-19 15:35:57,269:INFO: [TRAIN] Step: 394 ; Loss: 21.711 ; Acc: 48.133
2018-09-19 15:35:57,350:INFO: [TRAIN] Step: 395 ; Loss: 18.941 ; Acc: 48.148
2018-09-19 15:35:57,423:INFO: [TRAIN] Step: 396 ; Loss: 22.063 ; Acc: 48.174
2018-09-19 15:35:57,501:INFO: [TRAIN] Step: 397 ; Loss: 24.283 ; Acc: 48.168
2018-09-19 15:35:57,580:INFO: [TRAIN] Step: 398 ; Loss: 20.098 ; Acc: 48.204
2018-09-19 15:35:57,660:INFO: [TRAIN] Step: 399 ; Loss: 19.870 ; Acc: 48.281
2018-09-19 15:35:57,734:INFO: [TRAIN] Step: 400 ; Loss: 18.787 ; Acc: 48.296
2018-09-19 15:35:57,814:INFO: [TRAIN] Step: 401 ; Loss: 23.429 ; Acc: 48.311
2018-09-19 15:35:57,888:INFO: [TRAIN] Step: 402 ; Loss: 19.480 ; Acc: 48.346
2018-09-19 15:35:57,969:INFO: [TRAIN] Step: 403 ; Loss: 24.953 ; Acc: 48.370
2018-09-19 15:35:58,048:INFO: [TRAIN] Step: 404 ; Loss: 23.216 ; Acc: 48.385
2018-09-19 15:35:58,130:INFO: [TRAIN] Step: 405 ; Loss: 24.047 ; Acc: 48.440
2018-09-19 15:35:58,207:INFO: [TRAIN] Step: 406 ; Loss: 22.539 ; Acc: 48.444
2018-09-19 15:35:58,287:INFO: [TRAIN] Step: 407 ; Loss: 18.154 ; Acc: 48.448
2018-09-19 15:35:58,361:INFO: [TRAIN] Step: 408 ; Loss: 25.790 ; Acc: 48.441
2018-09-19 15:35:58,447:INFO: [TRAIN] Step: 409 ; Loss: 19.289 ; Acc: 48.486
2018-09-19 15:35:58,519:INFO: [TRAIN] Step: 410 ; Loss: 23.522 ; Acc: 48.479
2018-09-19 15:35:58,600:INFO: [TRAIN] Step: 411 ; Loss: 18.829 ; Acc: 48.534
2018-09-19 15:35:58,677:INFO: [TRAIN] Step: 412 ; Loss: 20.114 ; Acc: 48.557
2018-09-19 15:35:58,758:INFO: [TRAIN] Step: 413 ; Loss: 19.452 ; Acc: 48.561
2018-09-19 15:35:58,836:INFO: [TRAIN] Step: 414 ; Loss: 24.300 ; Acc: 48.534
2018-09-19 15:35:58,916:INFO: [TRAIN] Step: 415 ; Loss: 20.374 ; Acc: 48.568
2018-09-19 15:35:58,993:INFO: [TRAIN] Step: 416 ; Loss: 21.536 ; Acc: 48.561
2018-09-19 15:35:59,078:INFO: [TRAIN] Step: 417 ; Loss: 22.191 ; Acc: 48.565
2018-09-19 15:35:59,152:INFO: [TRAIN] Step: 418 ; Loss: 19.287 ; Acc: 48.578
2018-09-19 15:35:59,231:INFO: [TRAIN] Step: 419 ; Loss: 20.869 ; Acc: 48.591
2018-09-19 15:35:59,303:INFO: [TRAIN] Step: 420 ; Loss: 19.220 ; Acc: 48.644
2018-09-19 15:35:59,386:INFO: [TRAIN] Step: 421 ; Loss: 20.523 ; Acc: 48.637
2018-09-19 15:35:59,460:INFO: [TRAIN] Step: 422 ; Loss: 18.947 ; Acc: 48.690
2018-09-19 15:35:59,544:INFO: [TRAIN] Step: 423 ; Loss: 21.578 ; Acc: 48.683
2018-09-19 15:35:59,620:INFO: [TRAIN] Step: 424 ; Loss: 22.750 ; Acc: 48.706
2018-09-19 15:35:59,701:INFO: [TRAIN] Step: 425 ; Loss: 21.918 ; Acc: 48.709
2018-09-19 15:35:59,775:INFO: [TRAIN] Step: 426 ; Loss: 18.745 ; Acc: 48.741
2018-09-19 15:35:59,860:INFO: [TRAIN] Step: 427 ; Loss: 18.670 ; Acc: 48.744
2018-09-19 15:35:59,932:INFO: [TRAIN] Step: 428 ; Loss: 16.171 ; Acc: 48.805
2018-09-19 15:36:00,014:INFO: [TRAIN] Step: 429 ; Loss: 21.632 ; Acc: 48.818
2018-09-19 15:36:00,090:INFO: [TRAIN] Step: 430 ; Loss: 18.764 ; Acc: 48.830
2018-09-19 15:36:00,171:INFO: [TRAIN] Step: 431 ; Loss: 21.669 ; Acc: 48.843
2018-09-19 15:36:00,245:INFO: [TRAIN] Step: 432 ; Loss: 17.116 ; Acc: 48.893
2018-09-19 15:36:00,327:INFO: [TRAIN] Step: 433 ; Loss: 26.031 ; Acc: 48.886
2018-09-19 15:36:00,403:INFO: [TRAIN] Step: 434 ; Loss: 25.151 ; Acc: 48.898
2018-09-19 15:36:00,485:INFO: [TRAIN] Step: 435 ; Loss: 23.502 ; Acc: 48.920
2018-09-19 15:36:00,561:INFO: [TRAIN] Step: 436 ; Loss: 15.146 ; Acc: 48.980
2018-09-19 15:36:00,640:INFO: [TRAIN] Step: 437 ; Loss: 22.818 ; Acc: 48.992
2018-09-19 15:36:00,714:INFO: [TRAIN] Step: 438 ; Loss: 23.396 ; Acc: 49.041
2018-09-19 15:36:00,794:INFO: [TRAIN] Step: 439 ; Loss: 18.936 ; Acc: 49.081
2018-09-19 15:36:00,867:INFO: [TRAIN] Step: 440 ; Loss: 21.230 ; Acc: 49.084
2018-09-19 15:36:00,944:INFO: [TRAIN] Step: 441 ; Loss: 17.948 ; Acc: 49.123
2018-09-19 15:36:01,021:INFO: [TRAIN] Step: 442 ; Loss: 24.023 ; Acc: 49.116
2018-09-19 15:36:01,101:INFO: [TRAIN] Step: 443 ; Loss: 18.623 ; Acc: 49.146
2018-09-19 15:36:01,175:INFO: [TRAIN] Step: 444 ; Loss: 22.598 ; Acc: 49.129
2018-09-19 15:36:01,260:INFO: [TRAIN] Step: 445 ; Loss: 16.528 ; Acc: 49.159
2018-09-19 15:36:01,333:INFO: [TRAIN] Step: 446 ; Loss: 17.929 ; Acc: 49.208
2018-09-19 15:36:01,415:INFO: [TRAIN] Step: 447 ; Loss: 24.598 ; Acc: 49.182
2018-09-19 15:36:01,494:INFO: [TRAIN] Step: 448 ; Loss: 19.581 ; Acc: 49.211
2018-09-19 15:36:01,572:INFO: [TRAIN] Step: 449 ; Loss: 17.947 ; Acc: 49.278
2018-09-19 15:36:01,650:INFO: [TRAIN] Step: 450 ; Loss: 17.323 ; Acc: 49.316
2018-09-19 15:36:01,735:INFO: [TRAIN] Step: 451 ; Loss: 24.101 ; Acc: 49.327
2018-09-19 15:36:01,809:INFO: [TRAIN] Step: 452 ; Loss: 20.823 ; Acc: 49.338
2018-09-19 15:36:01,895:INFO: [TRAIN] Step: 453 ; Loss: 20.037 ; Acc: 49.358
2018-09-19 15:36:01,969:INFO: [TRAIN] Step: 454 ; Loss: 25.202 ; Acc: 49.341
2018-09-19 15:36:02,047:INFO: [TRAIN] Step: 455 ; Loss: 15.689 ; Acc: 49.379
2018-09-19 15:36:02,125:INFO: [TRAIN] Step: 456 ; Loss: 22.481 ; Acc: 49.371
2018-09-19 15:36:02,206:INFO: [TRAIN] Step: 457 ; Loss: 20.493 ; Acc: 49.363
2018-09-19 15:36:02,286:INFO: [TRAIN] Step: 458 ; Loss: 20.257 ; Acc: 49.401
2018-09-19 15:36:02,371:INFO: [TRAIN] Step: 459 ; Loss: 16.277 ; Acc: 49.457
2018-09-19 15:36:02,445:INFO: [TRAIN] Step: 460 ; Loss: 20.905 ; Acc: 49.485
2018-09-19 15:36:02,529:INFO: [TRAIN] Step: 461 ; Loss: 18.405 ; Acc: 49.531
2018-09-19 15:36:02,605:INFO: [TRAIN] Step: 462 ; Loss: 21.440 ; Acc: 49.550
2018-09-19 15:36:02,686:INFO: [TRAIN] Step: 463 ; Loss: 21.885 ; Acc: 49.542
2018-09-19 15:36:02,759:INFO: [TRAIN] Step: 464 ; Loss: 29.271 ; Acc: 49.543
2018-09-19 15:36:02,842:INFO: [TRAIN] Step: 465 ; Loss: 18.545 ; Acc: 49.544
2018-09-19 15:36:02,924:INFO: [TRAIN] Step: 466 ; Loss: 18.402 ; Acc: 49.590
2018-09-19 15:36:03,007:INFO: [TRAIN] Step: 467 ; Loss: 20.729 ; Acc: 49.608
2018-09-19 15:36:03,083:INFO: [TRAIN] Step: 468 ; Loss: 18.617 ; Acc: 49.636
2018-09-19 15:36:03,172:INFO: [TRAIN] Step: 469 ; Loss: 19.713 ; Acc: 49.637
2018-09-19 15:36:03,247:INFO: [TRAIN] Step: 470 ; Loss: 23.157 ; Acc: 49.655
2018-09-19 15:36:03,331:INFO: [TRAIN] Step: 471 ; Loss: 21.557 ; Acc: 49.673
2018-09-19 15:36:03,406:INFO: [TRAIN] Step: 472 ; Loss: 23.243 ; Acc: 49.665
2018-09-19 15:36:03,491:INFO: [TRAIN] Step: 473 ; Loss: 21.297 ; Acc: 49.684
2018-09-19 15:36:03,565:INFO: [TRAIN] Step: 474 ; Loss: 21.993 ; Acc: 49.649
2018-09-19 15:36:03,646:INFO: [TRAIN] Step: 475 ; Loss: 22.258 ; Acc: 49.650
2018-09-19 15:36:03,725:INFO: [TRAIN] Step: 476 ; Loss: 20.826 ; Acc: 49.659
2018-09-19 15:36:03,809:INFO: [TRAIN] Step: 477 ; Loss: 19.455 ; Acc: 49.695
2018-09-19 15:36:03,886:INFO: [TRAIN] Step: 478 ; Loss: 21.055 ; Acc: 49.722
2018-09-19 15:36:03,966:INFO: [TRAIN] Step: 479 ; Loss: 17.639 ; Acc: 49.757
2018-09-19 15:36:04,042:INFO: [TRAIN] Step: 480 ; Loss: 21.140 ; Acc: 49.749
2018-09-19 15:36:04,125:INFO: [TRAIN] Step: 481 ; Loss: 19.442 ; Acc: 49.775
2018-09-19 15:36:04,200:INFO: [TRAIN] Step: 482 ; Loss: 20.157 ; Acc: 49.776
2018-09-19 15:36:04,280:INFO: [TRAIN] Step: 483 ; Loss: 23.228 ; Acc: 49.802
2018-09-19 15:36:04,358:INFO: [TRAIN] Step: 484 ; Loss: 20.457 ; Acc: 49.802
2018-09-19 15:36:04,438:INFO: [TRAIN] Step: 485 ; Loss: 19.721 ; Acc: 49.803
2018-09-19 15:36:04,512:INFO: [TRAIN] Step: 486 ; Loss: 18.250 ; Acc: 49.829
2018-09-19 15:36:04,592:INFO: [TRAIN] Step: 487 ; Loss: 20.326 ; Acc: 49.829
2018-09-19 15:36:04,665:INFO: [TRAIN] Step: 488 ; Loss: 17.500 ; Acc: 49.821
2018-09-19 15:36:04,749:INFO: [TRAIN] Step: 489 ; Loss: 17.665 ; Acc: 49.881
2018-09-19 15:36:04,828:INFO: [TRAIN] Step: 490 ; Loss: 20.992 ; Acc: 49.890
2018-09-19 15:36:04,925:INFO: [TRAIN] Step: 491 ; Loss: 19.245 ; Acc: 49.898
2018-09-19 15:36:05,001:INFO: [TRAIN] Step: 492 ; Loss: 19.903 ; Acc: 49.932
2018-09-19 15:36:05,100:INFO: [TRAIN] Step: 493 ; Loss: 23.502 ; Acc: 49.933
2018-09-19 15:36:05,198:INFO: [TRAIN] Step: 494 ; Loss: 14.620 ; Acc: 49.975
2018-09-19 15:36:05,287:INFO: [TRAIN] Step: 495 ; Loss: 15.710 ; Acc: 50.008
2018-09-19 15:36:05,365:INFO: [TRAIN] Step: 496 ; Loss: 15.717 ; Acc: 50.075
2018-09-19 15:36:05,450:INFO: [TRAIN] Step: 497 ; Loss: 22.759 ; Acc: 50.092
2018-09-19 15:36:05,531:INFO: [TRAIN] Step: 498 ; Loss: 18.855 ; Acc: 50.117
2018-09-19 15:36:05,618:INFO: [TRAIN] Step: 499 ; Loss: 20.545 ; Acc: 50.133
2018-09-19 15:36:05,697:INFO: [TRAIN] Step: 500 ; Loss: 20.650 ; Acc: 50.158
2018-09-19 15:36:05,777:INFO: [TRAIN] Step: 501 ; Loss: 23.792 ; Acc: 50.158
2018-09-19 15:36:05,859:INFO: [TRAIN] Step: 502 ; Loss: 21.454 ; Acc: 50.149
2018-09-19 15:36:05,940:INFO: [TRAIN] Step: 503 ; Loss: 19.952 ; Acc: 50.174
2018-09-19 15:36:06,017:INFO: [TRAIN] Step: 504 ; Loss: 17.613 ; Acc: 50.182
2018-09-19 15:36:06,100:INFO: [TRAIN] Step: 505 ; Loss: 23.023 ; Acc: 50.181
2018-09-19 15:36:06,203:INFO: [TRAIN] Step: 506 ; Loss: 16.088 ; Acc: 50.197
2018-09-19 15:36:06,283:INFO: [TRAIN] Step: 507 ; Loss: 16.142 ; Acc: 50.221
2018-09-19 15:36:06,373:INFO: [TRAIN] Step: 508 ; Loss: 20.421 ; Acc: 50.237
2018-09-19 15:36:06,456:INFO: [TRAIN] Step: 509 ; Loss: 23.121 ; Acc: 50.229
2018-09-19 15:36:06,542:INFO: [TRAIN] Step: 510 ; Loss: 19.070 ; Acc: 50.261
2018-09-19 15:36:06,634:INFO: [TRAIN] Step: 511 ; Loss: 19.539 ; Acc: 50.293
2018-09-19 15:36:06,721:INFO: [TRAIN] Step: 512 ; Loss: 29.616 ; Acc: 50.260
2018-09-19 15:36:06,803:INFO: [TRAIN] Step: 513 ; Loss: 21.497 ; Acc: 50.308
2018-09-19 15:36:06,880:INFO: [TRAIN] Step: 514 ; Loss: 19.594 ; Acc: 50.307
2018-09-19 15:36:06,961:INFO: [TRAIN] Step: 515 ; Loss: 20.095 ; Acc: 50.339
2018-09-19 15:36:07,050:INFO: [TRAIN] Step: 516 ; Loss: 18.957 ; Acc: 50.379
2018-09-19 15:36:07,154:INFO: [TRAIN] Step: 517 ; Loss: 18.696 ; Acc: 50.378
2018-09-19 15:36:07,248:INFO: [TRAIN] Step: 518 ; Loss: 21.636 ; Acc: 50.377
2018-09-19 15:36:07,327:INFO: [TRAIN] Step: 519 ; Loss: 17.621 ; Acc: 50.409
2018-09-19 15:36:07,414:INFO: [TRAIN] Step: 520 ; Loss: 18.546 ; Acc: 50.424
2018-09-19 15:36:07,495:INFO: [TRAIN] Step: 521 ; Loss: 18.821 ; Acc: 50.455
2018-09-19 15:36:07,583:INFO: [TRAIN] Step: 522 ; Loss: 20.473 ; Acc: 50.478
2018-09-19 15:36:07,676:INFO: [TRAIN] Step: 523 ; Loss: 17.192 ; Acc: 50.509
2018-09-19 15:36:07,750:INFO: [TRAIN] Step: 524 ; Loss: 26.203 ; Acc: 50.524
2018-09-19 15:36:07,835:INFO: [TRAIN] Step: 525 ; Loss: 16.772 ; Acc: 50.539
2018-09-19 15:36:07,917:INFO: [TRAIN] Step: 526 ; Loss: 17.904 ; Acc: 50.569
2018-09-19 15:36:07,998:INFO: [TRAIN] Step: 527 ; Loss: 18.881 ; Acc: 50.576
2018-09-19 15:36:08,071:INFO: [TRAIN] Step: 528 ; Loss: 19.127 ; Acc: 50.622
2018-09-19 15:36:08,163:INFO: [TRAIN] Step: 529 ; Loss: 21.399 ; Acc: 50.629
2018-09-19 15:36:08,255:INFO: [TRAIN] Step: 530 ; Loss: 18.990 ; Acc: 50.643
2018-09-19 15:36:08,338:INFO: [TRAIN] Step: 531 ; Loss: 23.669 ; Acc: 50.642
2018-09-19 15:36:08,414:INFO: [TRAIN] Step: 532 ; Loss: 20.951 ; Acc: 50.641
2018-09-19 15:36:08,494:INFO: [TRAIN] Step: 533 ; Loss: 19.116 ; Acc: 50.640
2018-09-19 15:36:08,573:INFO: [TRAIN] Step: 534 ; Loss: 24.216 ; Acc: 50.639
2018-09-19 15:36:08,659:INFO: [TRAIN] Step: 535 ; Loss: 20.901 ; Acc: 50.661
2018-09-19 15:36:08,738:INFO: [TRAIN] Step: 536 ; Loss: 18.995 ; Acc: 50.667
2018-09-19 15:36:08,821:INFO: [TRAIN] Step: 537 ; Loss: 17.472 ; Acc: 50.682
2018-09-19 15:36:08,899:INFO: [TRAIN] Step: 538 ; Loss: 21.419 ; Acc: 50.673
2018-09-19 15:36:08,982:INFO: [TRAIN] Step: 539 ; Loss: 22.756 ; Acc: 50.679
2018-09-19 15:36:09,062:INFO: [TRAIN] Step: 540 ; Loss: 22.943 ; Acc: 50.670
2018-09-19 15:36:09,148:INFO: [TRAIN] Step: 541 ; Loss: 22.029 ; Acc: 50.661
2018-09-19 15:36:09,229:INFO: [TRAIN] Step: 542 ; Loss: 23.493 ; Acc: 50.675
2018-09-19 15:36:09,320:INFO: [TRAIN] Step: 543 ; Loss: 20.063 ; Acc: 50.689
2018-09-19 15:36:09,413:INFO: [TRAIN] Step: 544 ; Loss: 27.408 ; Acc: 50.696
2018-09-19 15:36:09,504:INFO: [TRAIN] Step: 545 ; Loss: 18.358 ; Acc: 50.710
2018-09-19 15:36:09,587:INFO: [TRAIN] Step: 546 ; Loss: 22.985 ; Acc: 50.716
2018-09-19 15:36:09,674:INFO: [TRAIN] Step: 547 ; Loss: 17.959 ; Acc: 50.730
2018-09-19 15:36:09,755:INFO: [TRAIN] Step: 548 ; Loss: 19.045 ; Acc: 50.774
2018-09-19 15:36:09,837:INFO: [TRAIN] Step: 549 ; Loss: 16.208 ; Acc: 50.803
2018-09-19 15:36:09,913:INFO: [TRAIN] Step: 550 ; Loss: 20.944 ; Acc: 50.817
2018-09-19 15:36:09,992:INFO: [TRAIN] Step: 551 ; Loss: 22.597 ; Acc: 50.838
2018-09-19 15:36:10,068:INFO: [TRAIN] Step: 552 ; Loss: 22.062 ; Acc: 50.851
2018-09-19 15:36:10,150:INFO: [TRAIN] Step: 553 ; Loss: 20.106 ; Acc: 50.880
2018-09-19 15:36:10,223:INFO: [TRAIN] Step: 554 ; Loss: 16.639 ; Acc: 50.916
2018-09-19 15:36:10,304:INFO: [TRAIN] Step: 555 ; Loss: 18.930 ; Acc: 50.922
2018-09-19 15:36:10,378:INFO: [TRAIN] Step: 556 ; Loss: 16.350 ; Acc: 50.943
2018-09-19 15:36:10,456:INFO: [TRAIN] Step: 557 ; Loss: 19.165 ; Acc: 50.941
2018-09-19 15:36:10,529:INFO: [TRAIN] Step: 558 ; Loss: 18.477 ; Acc: 50.954
2018-09-19 15:36:10,610:INFO: [TRAIN] Step: 559 ; Loss: 23.854 ; Acc: 50.967
2018-09-19 15:36:10,687:INFO: [TRAIN] Step: 560 ; Loss: 20.147 ; Acc: 50.988
2018-09-19 15:36:10,769:INFO: [TRAIN] Step: 561 ; Loss: 26.181 ; Acc: 50.971
2018-09-19 15:36:10,847:INFO: [TRAIN] Step: 562 ; Loss: 16.930 ; Acc: 50.984
2018-09-19 15:36:10,927:INFO: [TRAIN] Step: 563 ; Loss: 23.571 ; Acc: 50.997
2018-09-19 15:36:11,001:INFO: [TRAIN] Step: 564 ; Loss: 20.946 ; Acc: 51.032
2018-09-19 15:36:11,084:INFO: [TRAIN] Step: 565 ; Loss: 13.922 ; Acc: 51.075
2018-09-19 15:36:11,156:INFO: [TRAIN] Step: 566 ; Loss: 21.562 ; Acc: 51.088
2018-09-19 15:36:11,235:INFO: [TRAIN] Step: 567 ; Loss: 22.033 ; Acc: 51.086
2018-09-19 15:36:11,308:INFO: [TRAIN] Step: 568 ; Loss: 17.488 ; Acc: 51.128
2018-09-19 15:36:11,392:INFO: [TRAIN] Step: 569 ; Loss: 21.242 ; Acc: 51.133
2018-09-19 15:36:11,467:INFO: [TRAIN] Step: 570 ; Loss: 13.148 ; Acc: 51.197
2018-09-19 15:36:11,547:INFO: [TRAIN] Step: 571 ; Loss: 25.431 ; Acc: 51.202
2018-09-19 15:36:11,620:INFO: [TRAIN] Step: 572 ; Loss: 22.007 ; Acc: 51.200
2018-09-19 15:36:11,701:INFO: [TRAIN] Step: 573 ; Loss: 19.853 ; Acc: 51.205
2018-09-19 15:36:11,782:INFO: [TRAIN] Step: 574 ; Loss: 20.465 ; Acc: 51.210
2018-09-19 15:36:11,862:INFO: [TRAIN] Step: 575 ; Loss: 20.167 ; Acc: 51.230
2018-09-19 15:36:11,937:INFO: [TRAIN] Step: 576 ; Loss: 14.862 ; Acc: 51.271
2018-09-19 15:36:12,017:INFO: [TRAIN] Step: 577 ; Loss: 21.896 ; Acc: 51.262
2018-09-19 15:36:12,089:INFO: [TRAIN] Step: 578 ; Loss: 20.036 ; Acc: 51.267
2018-09-19 15:36:12,170:INFO: [TRAIN] Step: 579 ; Loss: 19.661 ; Acc: 51.279
2018-09-19 15:36:12,246:INFO: [TRAIN] Step: 580 ; Loss: 18.428 ; Acc: 51.277
2018-09-19 15:36:12,329:INFO: [TRAIN] Step: 581 ; Loss: 16.891 ; Acc: 51.317
2018-09-19 15:36:12,403:INFO: [TRAIN] Step: 582 ; Loss: 21.141 ; Acc: 51.308
2018-09-19 15:36:12,483:INFO: [TRAIN] Step: 583 ; Loss: 22.173 ; Acc: 51.341
2018-09-19 15:36:12,564:INFO: [TRAIN] Step: 584 ; Loss: 19.266 ; Acc: 51.375
2018-09-19 15:36:12,647:INFO: [TRAIN] Step: 585 ; Loss: 18.903 ; Acc: 51.394
2018-09-19 15:36:12,721:INFO: [TRAIN] Step: 586 ; Loss: 12.911 ; Acc: 51.413
2018-09-19 15:36:12,798:INFO: [TRAIN] Step: 587 ; Loss: 16.993 ; Acc: 51.424
2018-09-19 15:36:12,877:INFO: [TRAIN] Step: 588 ; Loss: 15.919 ; Acc: 51.464
2018-09-19 15:36:12,956:INFO: [TRAIN] Step: 589 ; Loss: 25.346 ; Acc: 51.490
2018-09-19 15:36:13,032:INFO: [TRAIN] Step: 590 ; Loss: 21.679 ; Acc: 51.516
2018-09-19 15:36:13,110:INFO: [TRAIN] Step: 591 ; Loss: 23.505 ; Acc: 51.520
2018-09-19 15:36:13,184:INFO: [TRAIN] Step: 592 ; Loss: 17.960 ; Acc: 51.546
2018-09-19 15:36:13,265:INFO: [TRAIN] Step: 593 ; Loss: 22.139 ; Acc: 51.564
2018-09-19 15:36:13,344:INFO: [TRAIN] Step: 594 ; Loss: 18.301 ; Acc: 51.576
2018-09-19 15:36:13,426:INFO: [TRAIN] Step: 595 ; Loss: 21.333 ; Acc: 51.587
2018-09-19 15:36:13,502:INFO: [TRAIN] Step: 596 ; Loss: 25.384 ; Acc: 51.584
2018-09-19 15:36:13,585:INFO: [TRAIN] Step: 597 ; Loss: 21.058 ; Acc: 51.610
2018-09-19 15:36:13,661:INFO: [TRAIN] Step: 598 ; Loss: 19.164 ; Acc: 51.635
2018-09-19 15:36:13,743:INFO: [TRAIN] Step: 599 ; Loss: 19.853 ; Acc: 51.660
2018-09-19 15:36:13,816:INFO: [TRAIN] Step: 600 ; Loss: 22.144 ; Acc: 51.650
2018-09-19 15:36:13,895:INFO: [TRAIN] Step: 601 ; Loss: 22.389 ; Acc: 51.640
2018-09-19 15:36:13,968:INFO: [TRAIN] Step: 602 ; Loss: 16.859 ; Acc: 51.679
2018-09-19 15:36:14,052:INFO: [TRAIN] Step: 603 ; Loss: 13.932 ; Acc: 51.732
2018-09-19 15:36:14,126:INFO: [TRAIN] Step: 604 ; Loss: 18.706 ; Acc: 51.736
2018-09-19 15:36:14,213:INFO: [TRAIN] Step: 605 ; Loss: 15.265 ; Acc: 51.767
2018-09-19 15:36:14,288:INFO: [TRAIN] Step: 606 ; Loss: 28.567 ; Acc: 51.723
2018-09-19 15:36:14,368:INFO: [TRAIN] Step: 607 ; Loss: 21.649 ; Acc: 51.720
2018-09-19 15:36:14,442:INFO: [TRAIN] Step: 608 ; Loss: 19.914 ; Acc: 51.738
2018-09-19 15:36:14,526:INFO: [TRAIN] Step: 609 ; Loss: 18.490 ; Acc: 51.796
2018-09-19 15:36:14,604:INFO: [TRAIN] Step: 610 ; Loss: 20.718 ; Acc: 51.821
2018-09-19 15:36:14,687:INFO: [TRAIN] Step: 611 ; Loss: 20.937 ; Acc: 51.831
2018-09-19 15:36:14,762:INFO: [TRAIN] Step: 612 ; Loss: 21.785 ; Acc: 51.849
2018-09-19 15:36:14,841:INFO: [TRAIN] Step: 613 ; Loss: 22.623 ; Acc: 51.846
2018-09-19 15:36:14,914:INFO: [TRAIN] Step: 614 ; Loss: 16.281 ; Acc: 51.877
2018-09-19 15:36:14,993:INFO: [TRAIN] Step: 615 ; Loss: 23.556 ; Acc: 51.887
2018-09-19 15:36:15,072:INFO: [TRAIN] Step: 616 ; Loss: 21.408 ; Acc: 51.898
2018-09-19 15:36:15,155:INFO: [TRAIN] Step: 617 ; Loss: 21.330 ; Acc: 51.908
2018-09-19 15:36:15,227:INFO: [TRAIN] Step: 618 ; Loss: 21.591 ; Acc: 51.898
2018-09-19 15:36:15,306:INFO: [TRAIN] Step: 619 ; Loss: 17.756 ; Acc: 51.915
2018-09-19 15:36:15,380:INFO: [TRAIN] Step: 620 ; Loss: 14.276 ; Acc: 51.952
2018-09-19 15:36:15,459:INFO: [TRAIN] Step: 621 ; Loss: 17.136 ; Acc: 51.990
2018-09-19 15:36:15,532:INFO: [TRAIN] Step: 622 ; Loss: 18.074 ; Acc: 52.006
2018-09-19 15:36:15,610:INFO: [TRAIN] Step: 623 ; Loss: 16.859 ; Acc: 52.010
2018-09-19 15:36:15,685:INFO: [TRAIN] Step: 624 ; Loss: 15.176 ; Acc: 52.033
2018-09-19 15:36:15,765:INFO: [TRAIN] Step: 625 ; Loss: 19.862 ; Acc: 52.063
2018-09-19 15:36:15,840:INFO: [TRAIN] Step: 626 ; Loss: 17.981 ; Acc: 52.080
2018-09-19 15:36:15,920:INFO: [TRAIN] Step: 627 ; Loss: 23.172 ; Acc: 52.090
2018-09-19 15:36:15,994:INFO: [TRAIN] Step: 628 ; Loss: 24.041 ; Acc: 52.080
2018-09-19 15:36:16,075:INFO: [TRAIN] Step: 629 ; Loss: 17.350 ; Acc: 52.103
2018-09-19 15:36:16,149:INFO: [TRAIN] Step: 630 ; Loss: 17.972 ; Acc: 52.113
2018-09-19 15:36:16,228:INFO: [TRAIN] Step: 631 ; Loss: 20.130 ; Acc: 52.123
2018-09-19 15:36:16,301:INFO: [TRAIN] Step: 632 ; Loss: 23.769 ; Acc: 52.113
2018-09-19 15:36:16,383:INFO: [TRAIN] Step: 633 ; Loss: 21.194 ; Acc: 52.103
2018-09-19 15:36:16,457:INFO: [TRAIN] Step: 634 ; Loss: 21.343 ; Acc: 52.106
2018-09-19 15:36:16,538:INFO: [TRAIN] Step: 635 ; Loss: 16.922 ; Acc: 52.116
2018-09-19 15:36:16,615:INFO: [TRAIN] Step: 636 ; Loss: 18.719 ; Acc: 52.106
2018-09-19 15:36:16,695:INFO: [TRAIN] Step: 637 ; Loss: 21.666 ; Acc: 52.136
2018-09-19 15:36:16,770:INFO: [TRAIN] Step: 638 ; Loss: 22.567 ; Acc: 52.113
2018-09-19 15:36:16,854:INFO: [TRAIN] Step: 639 ; Loss: 18.754 ; Acc: 52.129
2018-09-19 15:36:16,927:INFO: [TRAIN] Step: 640 ; Loss: 19.662 ; Acc: 52.139
2018-09-19 15:36:17,006:INFO: [TRAIN] Step: 641 ; Loss: 24.418 ; Acc: 52.109
2018-09-19 15:36:17,083:INFO: [TRAIN] Step: 642 ; Loss: 17.171 ; Acc: 52.125
2018-09-19 15:36:17,174:INFO: [TRAIN] Step: 643 ; Loss: 17.518 ; Acc: 52.174
2018-09-19 15:36:17,249:INFO: [TRAIN] Step: 644 ; Loss: 17.256 ; Acc: 52.183
2018-09-19 15:36:17,333:INFO: [TRAIN] Step: 645 ; Loss: 20.434 ; Acc: 52.206
2018-09-19 15:36:17,412:INFO: [TRAIN] Step: 646 ; Loss: 15.339 ; Acc: 52.248
2018-09-19 15:36:17,499:INFO: [TRAIN] Step: 647 ; Loss: 20.747 ; Acc: 52.257
2018-09-19 15:36:17,584:INFO: [TRAIN] Step: 648 ; Loss: 20.850 ; Acc: 52.273
2018-09-19 15:36:17,673:INFO: [TRAIN] Step: 649 ; Loss: 21.680 ; Acc: 52.282
2018-09-19 15:36:17,752:INFO: [TRAIN] Step: 650 ; Loss: 15.790 ; Acc: 52.311
2018-09-19 15:36:17,834:INFO: [TRAIN] Step: 651 ; Loss: 21.616 ; Acc: 52.320
2018-09-19 15:36:17,908:INFO: [TRAIN] Step: 652 ; Loss: 19.200 ; Acc: 52.316
2018-09-19 15:36:17,989:INFO: [TRAIN] Step: 653 ; Loss: 23.561 ; Acc: 52.306
2018-09-19 15:36:18,064:INFO: [TRAIN] Step: 654 ; Loss: 18.808 ; Acc: 52.316
2018-09-19 15:36:18,146:INFO: [TRAIN] Step: 655 ; Loss: 21.679 ; Acc: 52.312
2018-09-19 15:36:18,219:INFO: [TRAIN] Step: 656 ; Loss: 19.614 ; Acc: 52.308
2018-09-19 15:36:18,305:INFO: [TRAIN] Step: 657 ; Loss: 18.998 ; Acc: 52.318
2018-09-19 15:36:18,385:INFO: [TRAIN] Step: 658 ; Loss: 19.184 ; Acc: 52.314
2018-09-19 15:36:18,469:INFO: [TRAIN] Step: 659 ; Loss: 17.458 ; Acc: 52.348
2018-09-19 15:36:18,550:INFO: [TRAIN] Step: 660 ; Loss: 21.395 ; Acc: 52.345
2018-09-19 15:36:18,634:INFO: [TRAIN] Step: 661 ; Loss: 19.888 ; Acc: 52.354
2018-09-19 15:36:18,709:INFO: [TRAIN] Step: 662 ; Loss: 14.506 ; Acc: 52.388
2018-09-19 15:36:18,789:INFO: [TRAIN] Step: 663 ; Loss: 20.990 ; Acc: 52.391
2018-09-19 15:36:18,862:INFO: [TRAIN] Step: 664 ; Loss: 20.641 ; Acc: 52.387
2018-09-19 15:36:18,945:INFO: [TRAIN] Step: 665 ; Loss: 19.178 ; Acc: 52.402
2018-09-19 15:36:19,020:INFO: [TRAIN] Step: 666 ; Loss: 19.350 ; Acc: 52.386
2018-09-19 15:36:19,109:INFO: [TRAIN] Step: 667 ; Loss: 17.776 ; Acc: 52.395
2018-09-19 15:36:19,184:INFO: [TRAIN] Step: 668 ; Loss: 16.727 ; Acc: 52.417
2018-09-19 15:36:19,279:INFO: [TRAIN] Step: 669 ; Loss: 20.039 ; Acc: 52.444
2018-09-19 15:36:19,367:INFO: [TRAIN] Step: 670 ; Loss: 19.415 ; Acc: 52.459
2018-09-19 15:36:19,450:INFO: [TRAIN] Step: 671 ; Loss: 15.860 ; Acc: 52.468
2018-09-19 15:36:19,527:INFO: [TRAIN] Step: 672 ; Loss: 18.849 ; Acc: 52.489
2018-09-19 15:36:19,609:INFO: [TRAIN] Step: 673 ; Loss: 23.930 ; Acc: 52.473
2018-09-19 15:36:19,684:INFO: [TRAIN] Step: 674 ; Loss: 19.581 ; Acc: 52.481
2018-09-19 15:36:19,770:INFO: [TRAIN] Step: 675 ; Loss: 22.766 ; Acc: 52.484
2018-09-19 15:36:19,848:INFO: [TRAIN] Step: 676 ; Loss: 16.707 ; Acc: 52.480
2018-09-19 15:36:19,932:INFO: [TRAIN] Step: 677 ; Loss: 18.589 ; Acc: 52.477
2018-09-19 15:36:20,009:INFO: [TRAIN] Step: 678 ; Loss: 18.053 ; Acc: 52.485
2018-09-19 15:36:20,092:INFO: [TRAIN] Step: 679 ; Loss: 21.270 ; Acc: 52.494
2018-09-19 15:36:20,174:INFO: [TRAIN] Step: 680 ; Loss: 16.671 ; Acc: 52.533
2018-09-19 15:36:20,257:INFO: [TRAIN] Step: 681 ; Loss: 19.409 ; Acc: 52.542
2018-09-19 15:36:20,333:INFO: [TRAIN] Step: 682 ; Loss: 24.071 ; Acc: 52.520
2018-09-19 15:36:20,415:INFO: [TRAIN] Step: 683 ; Loss: 22.388 ; Acc: 52.516
2018-09-19 15:36:20,491:INFO: [TRAIN] Step: 684 ; Loss: 26.250 ; Acc: 52.500
2018-09-19 15:36:20,576:INFO: [TRAIN] Step: 685 ; Loss: 22.043 ; Acc: 52.502
2018-09-19 15:36:20,657:INFO: [TRAIN] Step: 686 ; Loss: 15.991 ; Acc: 52.529
2018-09-19 15:36:20,743:INFO: [TRAIN] Step: 687 ; Loss: 13.801 ; Acc: 52.556
2018-09-19 15:36:20,826:INFO: [TRAIN] Step: 688 ; Loss: 19.252 ; Acc: 52.564
2018-09-19 15:36:20,913:INFO: [TRAIN] Step: 689 ; Loss: 17.121 ; Acc: 52.572
2018-09-19 15:36:20,995:INFO: [TRAIN] Step: 690 ; Loss: 17.147 ; Acc: 52.593
2018-09-19 15:36:21,083:INFO: [TRAIN] Step: 691 ; Loss: 18.585 ; Acc: 52.601
2018-09-19 15:36:21,164:INFO: [TRAIN] Step: 692 ; Loss: 20.976 ; Acc: 52.627
2018-09-19 15:36:21,250:INFO: [TRAIN] Step: 693 ; Loss: 20.264 ; Acc: 52.618
2018-09-19 15:36:21,332:INFO: [TRAIN] Step: 694 ; Loss: 19.914 ; Acc: 52.620
2018-09-19 15:36:21,420:INFO: [TRAIN] Step: 695 ; Loss: 14.947 ; Acc: 52.622
2018-09-19 15:36:21,503:INFO: [TRAIN] Step: 696 ; Loss: 19.146 ; Acc: 52.630
2018-09-19 15:36:21,590:INFO: [TRAIN] Step: 697 ; Loss: 22.247 ; Acc: 52.621
2018-09-19 15:36:21,671:INFO: [TRAIN] Step: 698 ; Loss: 18.403 ; Acc: 52.647
2018-09-19 15:36:21,768:INFO: [TRAIN] Step: 699 ; Loss: 22.197 ; Acc: 52.643
2018-09-19 15:36:21,852:INFO: [TRAIN] Step: 700 ; Loss: 20.981 ; Acc: 52.639
2018-09-19 15:36:21,944:INFO: [TRAIN] Step: 701 ; Loss: 19.926 ; Acc: 52.641
2018-09-19 15:36:22,033:INFO: [TRAIN] Step: 702 ; Loss: 16.030 ; Acc: 52.667
2018-09-19 15:36:22,129:INFO: [TRAIN] Step: 703 ; Loss: 26.046 ; Acc: 52.646
2018-09-19 15:36:22,213:INFO: [TRAIN] Step: 704 ; Loss: 19.149 ; Acc: 52.624
2018-09-19 15:36:22,308:INFO: [TRAIN] Step: 705 ; Loss: 17.464 ; Acc: 52.650
2018-09-19 15:36:22,392:INFO: [TRAIN] Step: 706 ; Loss: 17.678 ; Acc: 52.664
2018-09-19 15:36:22,487:INFO: [TRAIN] Step: 707 ; Loss: 20.363 ; Acc: 52.654
2018-09-19 15:36:22,580:INFO: [TRAIN] Step: 708 ; Loss: 23.952 ; Acc: 52.650
2018-09-19 15:36:22,674:INFO: [TRAIN] Step: 709 ; Loss: 21.653 ; Acc: 52.641
2018-09-19 15:36:22,764:INFO: [TRAIN] Step: 710 ; Loss: 26.261 ; Acc: 52.637
2018-09-19 15:36:22,862:INFO: [TRAIN] Step: 711 ; Loss: 18.390 ; Acc: 52.639
2018-09-19 15:36:22,956:INFO: [TRAIN] Step: 712 ; Loss: 20.861 ; Acc: 52.641
2018-09-19 15:36:23,053:INFO: [TRAIN] Step: 713 ; Loss: 20.946 ; Acc: 52.655
2018-09-19 15:36:23,148:INFO: [TRAIN] Step: 714 ; Loss: 15.079 ; Acc: 52.663
2018-09-19 15:36:23,247:INFO: [TRAIN] Step: 715 ; Loss: 20.609 ; Acc: 52.671
2018-09-19 15:36:23,338:INFO: [TRAIN] Step: 716 ; Loss: 16.323 ; Acc: 52.702
2018-09-19 15:36:23,432:INFO: [TRAIN] Step: 717 ; Loss: 16.290 ; Acc: 52.727
2018-09-19 15:36:23,521:INFO: [TRAIN] Step: 718 ; Loss: 20.245 ; Acc: 52.724
2018-09-19 15:36:23,619:INFO: [TRAIN] Step: 719 ; Loss: 19.662 ; Acc: 52.743
2018-09-19 15:36:23,710:INFO: [TRAIN] Step: 720 ; Loss: 25.347 ; Acc: 52.728
2018-09-19 15:36:23,807:INFO: [TRAIN] Step: 721 ; Loss: 20.670 ; Acc: 52.718
2018-09-19 15:36:23,898:INFO: [TRAIN] Step: 722 ; Loss: 16.892 ; Acc: 52.726
2018-09-19 15:36:23,999:INFO: [TRAIN] Step: 723 ; Loss: 21.909 ; Acc: 52.716
2018-09-19 15:36:24,092:INFO: [TRAIN] Step: 724 ; Loss: 18.290 ; Acc: 52.724
2018-09-19 15:36:24,190:INFO: [TRAIN] Step: 725 ; Loss: 19.315 ; Acc: 52.732
2018-09-19 15:36:24,286:INFO: [TRAIN] Step: 726 ; Loss: 24.217 ; Acc: 52.722
2018-09-19 15:36:24,388:INFO: [TRAIN] Step: 727 ; Loss: 18.425 ; Acc: 52.719
2018-09-19 15:36:24,483:INFO: [TRAIN] Step: 728 ; Loss: 14.175 ; Acc: 52.749
2018-09-19 15:36:24,584:INFO: [TRAIN] Step: 729 ; Loss: 14.310 ; Acc: 52.785
2018-09-19 15:36:24,681:INFO: [TRAIN] Step: 730 ; Loss: 17.789 ; Acc: 52.804
2018-09-19 15:36:24,788:INFO: [TRAIN] Step: 731 ; Loss: 25.834 ; Acc: 52.812
2018-09-19 15:36:24,889:INFO: [TRAIN] Step: 732 ; Loss: 22.888 ; Acc: 52.808
2018-09-19 15:36:24,991:INFO: [TRAIN] Step: 733 ; Loss: 16.620 ; Acc: 52.827
2018-09-19 15:36:25,087:INFO: [TRAIN] Step: 734 ; Loss: 19.259 ; Acc: 52.846
2018-09-19 15:36:25,185:INFO: [TRAIN] Step: 735 ; Loss: 19.503 ; Acc: 52.848
2018-09-19 15:36:25,283:INFO: [TRAIN] Step: 736 ; Loss: 22.942 ; Acc: 52.861
2018-09-19 15:36:25,391:INFO: [TRAIN] Step: 737 ; Loss: 26.598 ; Acc: 52.846
2018-09-19 15:36:25,487:INFO: [TRAIN] Step: 738 ; Loss: 18.824 ; Acc: 52.864
2018-09-19 15:36:25,592:INFO: [TRAIN] Step: 739 ; Loss: 17.985 ; Acc: 52.877
2018-09-19 15:36:25,686:INFO: [TRAIN] Step: 740 ; Loss: 14.282 ; Acc: 52.901
2018-09-19 15:36:25,790:INFO: [TRAIN] Step: 741 ; Loss: 18.589 ; Acc: 52.920
2018-09-19 15:36:25,889:INFO: [TRAIN] Step: 742 ; Loss: 17.199 ; Acc: 52.939
2018-09-19 15:36:25,992:INFO: [TRAIN] Step: 743 ; Loss: 20.910 ; Acc: 52.946
2018-09-19 15:36:26,099:INFO: [TRAIN] Step: 744 ; Loss: 23.839 ; Acc: 52.931
2018-09-19 15:36:26,206:INFO: [TRAIN] Step: 745 ; Loss: 22.534 ; Acc: 52.943
2018-09-19 15:36:26,312:INFO: [TRAIN] Step: 746 ; Loss: 15.782 ; Acc: 52.979
2018-09-19 15:36:26,417:INFO: [TRAIN] Step: 747 ; Loss: 20.674 ; Acc: 52.986
2018-09-19 15:36:26,520:INFO: [TRAIN] Step: 748 ; Loss: 16.912 ; Acc: 53.010
2018-09-19 15:36:26,622:INFO: [TRAIN] Step: 749 ; Loss: 15.240 ; Acc: 53.022
2018-09-19 15:36:26,725:INFO: [TRAIN] Step: 750 ; Loss: 17.124 ; Acc: 53.018
2018-09-19 15:36:26,829:INFO: [TRAIN] Step: 751 ; Loss: 20.653 ; Acc: 53.020
2018-09-19 15:36:26,931:INFO: [TRAIN] Step: 752 ; Loss: 18.182 ; Acc: 53.032
2018-09-19 15:36:27,029:INFO: [TRAIN] Step: 753 ; Loss: 23.681 ; Acc: 53.034
2018-09-19 15:36:27,127:INFO: [TRAIN] Step: 754 ; Loss: 21.191 ; Acc: 53.019
2018-09-19 15:36:27,233:INFO: [TRAIN] Step: 755 ; Loss: 22.843 ; Acc: 53.009
2018-09-19 15:36:27,333:INFO: [TRAIN] Step: 756 ; Loss: 17.015 ; Acc: 53.005
2018-09-19 15:36:27,434:INFO: [TRAIN] Step: 757 ; Loss: 17.326 ; Acc: 53.007
2018-09-19 15:36:27,533:INFO: [TRAIN] Step: 758 ; Loss: 19.208 ; Acc: 53.008
2018-09-19 15:36:27,641:INFO: [TRAIN] Step: 759 ; Loss: 21.371 ; Acc: 53.015
2018-09-19 15:36:27,751:INFO: [TRAIN] Step: 760 ; Loss: 16.035 ; Acc: 53.044
2018-09-19 15:36:27,851:INFO: [TRAIN] Step: 761 ; Loss: 24.099 ; Acc: 53.051
2018-09-19 15:36:27,947:INFO: [TRAIN] Step: 762 ; Loss: 20.392 ; Acc: 53.042
2018-09-19 15:36:28,052:INFO: [TRAIN] Step: 763 ; Loss: 24.673 ; Acc: 53.016
2018-09-19 15:36:28,155:INFO: [TRAIN] Step: 764 ; Loss: 17.921 ; Acc: 53.028
2018-09-19 15:36:28,258:INFO: [TRAIN] Step: 765 ; Loss: 17.512 ; Acc: 53.057
2018-09-19 15:36:28,357:INFO: [TRAIN] Step: 766 ; Loss: 20.650 ; Acc: 53.064
2018-09-19 15:36:28,455:INFO: [TRAIN] Step: 767 ; Loss: 26.819 ; Acc: 53.049
2018-09-19 15:36:28,559:INFO: [TRAIN] Step: 768 ; Loss: 20.623 ; Acc: 53.050
2018-09-19 15:36:28,660:INFO: [TRAIN] Step: 769 ; Loss: 15.395 ; Acc: 53.068
2018-09-19 15:36:28,765:INFO: [TRAIN] Step: 770 ; Loss: 18.991 ; Acc: 53.097
2018-09-19 15:36:28,869:INFO: [TRAIN] Step: 771 ; Loss: 20.902 ; Acc: 53.098
2018-09-19 15:36:28,970:INFO: [TRAIN] Step: 772 ; Loss: 16.745 ; Acc: 53.126
2018-09-19 15:36:29,076:INFO: [TRAIN] Step: 773 ; Loss: 22.483 ; Acc: 53.106
2018-09-19 15:36:29,178:INFO: [TRAIN] Step: 774 ; Loss: 20.577 ; Acc: 53.108
2018-09-19 15:36:29,278:INFO: [TRAIN] Step: 775 ; Loss: 21.200 ; Acc: 53.130
2018-09-19 15:36:29,374:INFO: [TRAIN] Step: 776 ; Loss: 19.600 ; Acc: 53.148
2018-09-19 15:36:29,478:INFO: [TRAIN] Step: 777 ; Loss: 17.234 ; Acc: 53.160
2018-09-19 15:36:29,578:INFO: [TRAIN] Step: 778 ; Loss: 19.113 ; Acc: 53.166
2018-09-19 15:36:29,676:INFO: [TRAIN] Step: 779 ; Loss: 23.459 ; Acc: 53.152
2018-09-19 15:36:29,779:INFO: [TRAIN] Step: 780 ; Loss: 15.256 ; Acc: 53.169
2018-09-19 15:36:29,880:INFO: [TRAIN] Step: 781 ; Loss: 19.818 ; Acc: 53.165
2018-09-19 15:36:29,980:INFO: [TRAIN] Step: 782 ; Loss: 23.783 ; Acc: 53.161
2018-09-19 15:36:30,085:INFO: [TRAIN] Step: 783 ; Loss: 18.143 ; Acc: 53.168
2018-09-19 15:36:30,191:INFO: [TRAIN] Step: 784 ; Loss: 18.362 ; Acc: 53.163
2018-09-19 15:36:30,298:INFO: [TRAIN] Step: 785 ; Loss: 16.594 ; Acc: 53.181
2018-09-19 15:36:30,402:INFO: [TRAIN] Step: 786 ; Loss: 17.024 ; Acc: 53.187
2018-09-19 15:36:30,503:INFO: [TRAIN] Step: 787 ; Loss: 22.181 ; Acc: 53.199
2018-09-19 15:36:30,610:INFO: [TRAIN] Step: 788 ; Loss: 17.581 ; Acc: 53.195
2018-09-19 15:36:30,709:INFO: [TRAIN] Step: 789 ; Loss: 20.892 ; Acc: 53.180
2018-09-19 15:36:30,801:INFO: [TRAIN] Step: 790 ; Loss: 19.943 ; Acc: 53.192
2018-09-19 15:36:30,901:INFO: [TRAIN] Step: 791 ; Loss: 18.890 ; Acc: 53.199
2018-09-19 15:36:30,994:INFO: [TRAIN] Step: 792 ; Loss: 21.011 ; Acc: 53.210
2018-09-19 15:36:31,101:INFO: [TRAIN] Step: 793 ; Loss: 15.092 ; Acc: 53.238
2018-09-19 15:36:31,200:INFO: [TRAIN] Step: 794 ; Loss: 20.163 ; Acc: 53.249
2018-09-19 15:36:31,301:INFO: [TRAIN] Step: 795 ; Loss: 17.160 ; Acc: 53.266
2018-09-19 15:36:31,407:INFO: [TRAIN] Step: 796 ; Loss: 21.339 ; Acc: 53.267
2018-09-19 15:36:31,511:INFO: [TRAIN] Step: 797 ; Loss: 18.370 ; Acc: 53.274
2018-09-19 15:36:31,611:INFO: [TRAIN] Step: 798 ; Loss: 15.936 ; Acc: 53.291
2018-09-19 15:36:31,705:INFO: [TRAIN] Step: 799 ; Loss: 19.310 ; Acc: 53.297
2018-09-19 15:36:31,808:INFO: [TRAIN] Step: 800 ; Loss: 19.306 ; Acc: 53.298
2018-09-19 15:36:31,912:INFO: [TRAIN] Step: 801 ; Loss: 14.174 ; Acc: 53.335
2018-09-19 15:36:32,014:INFO: [TRAIN] Step: 802 ; Loss: 19.016 ; Acc: 53.336
2018-09-19 15:36:32,115:INFO: [TRAIN] Step: 803 ; Loss: 16.128 ; Acc: 53.343
2018-09-19 15:36:32,217:INFO: [TRAIN] Step: 804 ; Loss: 16.954 ; Acc: 53.359
2018-09-19 15:36:32,324:INFO: [TRAIN] Step: 805 ; Loss: 14.737 ; Acc: 53.391
2018-09-19 15:36:32,424:INFO: [TRAIN] Step: 806 ; Loss: 20.935 ; Acc: 53.392
2018-09-19 15:36:32,529:INFO: [TRAIN] Step: 807 ; Loss: 13.448 ; Acc: 53.414
2018-09-19 15:36:32,627:INFO: [TRAIN] Step: 808 ; Loss: 16.014 ; Acc: 53.420
2018-09-19 15:36:32,724:INFO: [TRAIN] Step: 809 ; Loss: 17.507 ; Acc: 53.436
2018-09-19 15:36:32,825:INFO: [TRAIN] Step: 810 ; Loss: 24.977 ; Acc: 53.427
2018-09-19 15:36:32,924:INFO: [TRAIN] Step: 811 ; Loss: 19.181 ; Acc: 53.448
2018-09-19 15:36:33,023:INFO: [TRAIN] Step: 812 ; Loss: 15.488 ; Acc: 53.465
2018-09-19 15:36:33,125:INFO: [TRAIN] Step: 813 ; Loss: 20.710 ; Acc: 53.471
2018-09-19 15:36:33,227:INFO: [TRAIN] Step: 814 ; Loss: 19.849 ; Acc: 53.471
2018-09-19 15:36:33,335:INFO: [TRAIN] Step: 815 ; Loss: 15.881 ; Acc: 53.493
2018-09-19 15:36:33,436:INFO: [TRAIN] Step: 816 ; Loss: 20.578 ; Acc: 53.488
2018-09-19 15:36:33,533:INFO: [TRAIN] Step: 817 ; Loss: 21.996 ; Acc: 53.484
2018-09-19 15:36:33,631:INFO: [TRAIN] Step: 818 ; Loss: 14.412 ; Acc: 53.510
2018-09-19 15:36:33,736:INFO: [TRAIN] Step: 819 ; Loss: 12.861 ; Acc: 53.552
2018-09-19 15:36:33,835:INFO: [TRAIN] Step: 820 ; Loss: 19.182 ; Acc: 53.568
2018-09-19 15:36:33,931:INFO: [TRAIN] Step: 821 ; Loss: 16.093 ; Acc: 53.584
2018-09-19 15:36:34,037:INFO: [TRAIN] Step: 822 ; Loss: 25.327 ; Acc: 53.569
2018-09-19 15:36:34,136:INFO: [TRAIN] Step: 823 ; Loss: 22.875 ; Acc: 53.570
2018-09-19 15:36:34,233:INFO: [TRAIN] Step: 824 ; Loss: 21.790 ; Acc: 53.576
2018-09-19 15:36:34,333:INFO: [TRAIN] Step: 825 ; Loss: 17.731 ; Acc: 53.587
2018-09-19 15:36:34,441:INFO: [TRAIN] Step: 826 ; Loss: 20.716 ; Acc: 53.587
2018-09-19 15:36:34,543:INFO: [TRAIN] Step: 827 ; Loss: 18.512 ; Acc: 53.598
2018-09-19 15:36:34,650:INFO: [TRAIN] Step: 828 ; Loss: 20.404 ; Acc: 53.594
2018-09-19 15:36:34,749:INFO: [TRAIN] Step: 829 ; Loss: 23.414 ; Acc: 53.599
2018-09-19 15:36:34,847:INFO: [TRAIN] Step: 830 ; Loss: 22.948 ; Acc: 53.595
2018-09-19 15:36:34,947:INFO: [TRAIN] Step: 831 ; Loss: 20.678 ; Acc: 53.586
2018-09-19 15:36:35,042:INFO: [TRAIN] Step: 832 ; Loss: 17.054 ; Acc: 53.601
2018-09-19 15:36:35,147:INFO: [TRAIN] Step: 833 ; Loss: 17.467 ; Acc: 53.622
2018-09-19 15:36:35,248:INFO: [TRAIN] Step: 834 ; Loss: 19.467 ; Acc: 53.618
2018-09-19 15:36:35,348:INFO: [TRAIN] Step: 835 ; Loss: 23.832 ; Acc: 53.598
2018-09-19 15:36:35,441:INFO: [TRAIN] Step: 836 ; Loss: 20.884 ; Acc: 53.604
2018-09-19 15:36:35,545:INFO: [TRAIN] Step: 837 ; Loss: 18.707 ; Acc: 53.605
2018-09-19 15:36:35,638:INFO: [TRAIN] Step: 838 ; Loss: 16.705 ; Acc: 53.610
2018-09-19 15:36:35,742:INFO: [TRAIN] Step: 839 ; Loss: 18.245 ; Acc: 53.636
2018-09-19 15:36:35,836:INFO: [TRAIN] Step: 840 ; Loss: 20.223 ; Acc: 53.632
2018-09-19 15:36:35,936:INFO: [TRAIN] Step: 841 ; Loss: 14.962 ; Acc: 53.642
2018-09-19 15:36:36,031:INFO: [TRAIN] Step: 842 ; Loss: 19.993 ; Acc: 53.648
2018-09-19 15:36:36,134:INFO: [TRAIN] Step: 843 ; Loss: 14.437 ; Acc: 53.673
2018-09-19 15:36:36,226:INFO: [TRAIN] Step: 844 ; Loss: 18.697 ; Acc: 53.683
2018-09-19 15:36:36,334:INFO: [TRAIN] Step: 845 ; Loss: 15.865 ; Acc: 53.709
2018-09-19 15:36:36,428:INFO: [TRAIN] Step: 846 ; Loss: 15.913 ; Acc: 53.724
2018-09-19 15:36:36,530:INFO: [TRAIN] Step: 847 ; Loss: 17.099 ; Acc: 53.744
2018-09-19 15:36:36,625:INFO: [TRAIN] Step: 848 ; Loss: 16.501 ; Acc: 53.759
2018-09-19 15:36:36,726:INFO: [TRAIN] Step: 849 ; Loss: 16.992 ; Acc: 53.794
2018-09-19 15:36:36,824:INFO: [TRAIN] Step: 850 ; Loss: 17.738 ; Acc: 53.799
2018-09-19 15:36:36,927:INFO: [TRAIN] Step: 851 ; Loss: 21.180 ; Acc: 53.815
2018-09-19 15:36:37,025:INFO: [TRAIN] Step: 852 ; Loss: 21.875 ; Acc: 53.815
2018-09-19 15:36:37,126:INFO: [TRAIN] Step: 853 ; Loss: 16.557 ; Acc: 53.830
2018-09-19 15:36:37,227:INFO: [TRAIN] Step: 854 ; Loss: 14.438 ; Acc: 53.850
2018-09-19 15:36:37,328:INFO: [TRAIN] Step: 855 ; Loss: 17.547 ; Acc: 53.865
2018-09-19 15:36:37,430:INFO: [TRAIN] Step: 856 ; Loss: 16.674 ; Acc: 53.885
2018-09-19 15:36:37,536:INFO: [TRAIN] Step: 857 ; Loss: 20.842 ; Acc: 53.890
2018-09-19 15:36:37,640:INFO: [TRAIN] Step: 858 ; Loss: 18.067 ; Acc: 53.905
2018-09-19 15:36:37,746:INFO: [TRAIN] Step: 859 ; Loss: 16.643 ; Acc: 53.905
2018-09-19 15:36:37,851:INFO: [TRAIN] Step: 860 ; Loss: 14.616 ; Acc: 53.925
2018-09-19 15:36:37,951:INFO: [TRAIN] Step: 861 ; Loss: 18.937 ; Acc: 53.939
2018-09-19 15:36:38,047:INFO: [TRAIN] Step: 862 ; Loss: 20.042 ; Acc: 53.949
2018-09-19 15:36:38,150:INFO: [TRAIN] Step: 863 ; Loss: 16.745 ; Acc: 53.959
2018-09-19 15:36:38,249:INFO: [TRAIN] Step: 864 ; Loss: 18.390 ; Acc: 53.964
2018-09-19 15:36:38,345:INFO: [TRAIN] Step: 865 ; Loss: 16.383 ; Acc: 53.974
2018-09-19 15:36:38,449:INFO: [TRAIN] Step: 866 ; Loss: 18.819 ; Acc: 53.984
2018-09-19 15:36:38,548:INFO: [TRAIN] Step: 867 ; Loss: 18.214 ; Acc: 53.979
2018-09-19 15:36:38,644:INFO: [TRAIN] Step: 868 ; Loss: 18.189 ; Acc: 53.994
2018-09-19 15:36:38,746:INFO: [TRAIN] Step: 869 ; Loss: 19.987 ; Acc: 53.989
2018-09-19 15:36:38,844:INFO: [TRAIN] Step: 870 ; Loss: 18.379 ; Acc: 53.999
2018-09-19 15:36:38,941:INFO: [TRAIN] Step: 871 ; Loss: 18.487 ; Acc: 53.990
2018-09-19 15:36:39,039:INFO: [TRAIN] Step: 872 ; Loss: 19.138 ; Acc: 53.995
2018-09-19 15:36:39,132:INFO: [TRAIN] Step: 873 ; Loss: 20.495 ; Acc: 54.005
2018-09-19 15:36:39,229:INFO: [TRAIN] Step: 874 ; Loss: 15.115 ; Acc: 54.019
2018-09-19 15:36:39,318:INFO: [TRAIN] Step: 875 ; Loss: 23.068 ; Acc: 54.024
2018-09-19 15:36:39,412:INFO: [TRAIN] Step: 876 ; Loss: 18.121 ; Acc: 54.034
2018-09-19 15:36:39,505:INFO: [TRAIN] Step: 877 ; Loss: 21.156 ; Acc: 54.034
2018-09-19 15:36:39,604:INFO: [TRAIN] Step: 878 ; Loss: 16.152 ; Acc: 54.058
2018-09-19 15:36:39,697:INFO: [TRAIN] Step: 879 ; Loss: 17.081 ; Acc: 54.072
2018-09-19 15:36:39,817:INFO: [TRAIN] Step: 880 ; Loss: 22.702 ; Acc: 54.063
2018-09-19 15:36:39,917:INFO: [TRAIN] Step: 881 ; Loss: 19.112 ; Acc: 54.072
2018-09-19 15:36:40,029:INFO: [TRAIN] Step: 882 ; Loss: 17.981 ; Acc: 54.082
2018-09-19 15:36:40,126:INFO: [TRAIN] Step: 883 ; Loss: 16.679 ; Acc: 54.101
2018-09-19 15:36:40,228:INFO: [TRAIN] Step: 884 ; Loss: 20.485 ; Acc: 54.110
2018-09-19 15:36:40,353:INFO: [TRAIN] Step: 885 ; Loss: 17.206 ; Acc: 54.129
2018-09-19 15:36:40,449:INFO: [TRAIN] Step: 886 ; Loss: 21.802 ; Acc: 54.134
2018-09-19 15:36:40,549:INFO: [TRAIN] Step: 887 ; Loss: 19.923 ; Acc: 54.139
2018-09-19 15:36:40,648:INFO: [TRAIN] Step: 888 ; Loss: 17.856 ; Acc: 54.148
2018-09-19 15:36:40,737:INFO: [TRAIN] Step: 889 ; Loss: 17.035 ; Acc: 54.167
2018-09-19 15:36:40,852:INFO: [TRAIN] Step: 890 ; Loss: 19.035 ; Acc: 54.167
2018-09-19 15:36:40,952:INFO: [TRAIN] Step: 891 ; Loss: 22.246 ; Acc: 54.167
2018-09-19 15:36:41,060:INFO: [TRAIN] Step: 892 ; Loss: 15.854 ; Acc: 54.157
2018-09-19 15:36:41,165:INFO: [TRAIN] Step: 893 ; Loss: 21.600 ; Acc: 54.143
2018-09-19 15:36:41,261:INFO: [TRAIN] Step: 894 ; Loss: 14.433 ; Acc: 54.153
2018-09-19 15:36:41,358:INFO: [TRAIN] Step: 895 ; Loss: 18.763 ; Acc: 54.167
2018-09-19 15:36:41,468:INFO: [TRAIN] Step: 896 ; Loss: 18.383 ; Acc: 54.176
2018-09-19 15:36:41,568:INFO: [TRAIN] Step: 897 ; Loss: 22.375 ; Acc: 54.171
2018-09-19 15:36:41,681:INFO: [TRAIN] Step: 898 ; Loss: 18.315 ; Acc: 54.185
2018-09-19 15:36:41,782:INFO: [TRAIN] Step: 899 ; Loss: 17.250 ; Acc: 54.181
2018-09-19 15:36:41,904:INFO: [TRAIN] Step: 900 ; Loss: 13.077 ; Acc: 54.185
2018-09-19 15:36:41,998:INFO: [TRAIN] Step: 901 ; Loss: 17.734 ; Acc: 54.204
2018-09-19 15:36:42,087:INFO: [TRAIN] Step: 902 ; Loss: 18.811 ; Acc: 54.213
2018-09-19 15:36:42,184:INFO: [TRAIN] Step: 903 ; Loss: 13.948 ; Acc: 54.227
2018-09-19 15:36:42,273:INFO: [TRAIN] Step: 904 ; Loss: 20.574 ; Acc: 54.236
2018-09-19 15:36:42,370:INFO: [TRAIN] Step: 905 ; Loss: 21.039 ; Acc: 54.240
2018-09-19 15:36:42,458:INFO: [TRAIN] Step: 906 ; Loss: 16.356 ; Acc: 54.254
2018-09-19 15:36:42,558:INFO: [TRAIN] Step: 907 ; Loss: 16.572 ; Acc: 54.263
2018-09-19 15:36:42,653:INFO: [TRAIN] Step: 908 ; Loss: 20.021 ; Acc: 54.254
2018-09-19 15:36:42,758:INFO: [TRAIN] Step: 909 ; Loss: 20.605 ; Acc: 54.254
2018-09-19 15:36:42,862:INFO: [TRAIN] Step: 910 ; Loss: 15.462 ; Acc: 54.267
2018-09-19 15:36:42,968:INFO: [TRAIN] Step: 911 ; Loss: 21.147 ; Acc: 54.267
2018-09-19 15:36:43,061:INFO: [TRAIN] Step: 912 ; Loss: 26.268 ; Acc: 54.258
2018-09-19 15:36:43,157:INFO: [TRAIN] Step: 913 ; Loss: 17.984 ; Acc: 54.285
2018-09-19 15:36:43,246:INFO: [TRAIN] Step: 914 ; Loss: 18.311 ; Acc: 54.299
2018-09-19 15:36:43,338:INFO: [TRAIN] Step: 915 ; Loss: 20.127 ; Acc: 54.294
2018-09-19 15:36:43,425:INFO: [TRAIN] Step: 916 ; Loss: 19.934 ; Acc: 54.303
2018-09-19 15:36:43,520:INFO: [TRAIN] Step: 917 ; Loss: 20.193 ; Acc: 54.303
2018-09-19 15:36:43,609:INFO: [TRAIN] Step: 918 ; Loss: 20.794 ; Acc: 54.298
2018-09-19 15:36:43,707:INFO: [TRAIN] Step: 919 ; Loss: 21.790 ; Acc: 54.298
2018-09-19 15:36:43,795:INFO: [TRAIN] Step: 920 ; Loss: 18.862 ; Acc: 54.320
2018-09-19 15:36:43,887:INFO: [TRAIN] Step: 921 ; Loss: 18.830 ; Acc: 54.329
2018-09-19 15:36:43,976:INFO: [TRAIN] Step: 922 ; Loss: 19.734 ; Acc: 54.334
2018-09-19 15:36:44,067:INFO: [TRAIN] Step: 923 ; Loss: 21.571 ; Acc: 54.320
2018-09-19 15:36:44,156:INFO: [TRAIN] Step: 924 ; Loss: 19.354 ; Acc: 54.315
2018-09-19 15:36:44,255:INFO: [TRAIN] Step: 925 ; Loss: 18.361 ; Acc: 54.324
2018-09-19 15:36:44,343:INFO: [TRAIN] Step: 926 ; Loss: 15.972 ; Acc: 54.342
2018-09-19 15:36:44,440:INFO: [TRAIN] Step: 927 ; Loss: 27.482 ; Acc: 54.337
2018-09-19 15:36:44,535:INFO: [TRAIN] Step: 928 ; Loss: 20.854 ; Acc: 54.319
2018-09-19 15:36:44,636:INFO: [TRAIN] Step: 929 ; Loss: 15.513 ; Acc: 54.328
2018-09-19 15:36:44,725:INFO: [TRAIN] Step: 930 ; Loss: 16.886 ; Acc: 54.346
2018-09-19 15:36:44,829:INFO: [TRAIN] Step: 931 ; Loss: 13.164 ; Acc: 54.363
2018-09-19 15:36:44,923:INFO: [TRAIN] Step: 932 ; Loss: 13.837 ; Acc: 54.385
2018-09-19 15:36:45,022:INFO: [TRAIN] Step: 933 ; Loss: 20.703 ; Acc: 54.390
2018-09-19 15:36:45,118:INFO: [TRAIN] Step: 934 ; Loss: 16.759 ; Acc: 54.398
2018-09-19 15:36:45,219:INFO: [TRAIN] Step: 935 ; Loss: 17.701 ; Acc: 54.403
2018-09-19 15:36:45,316:INFO: [TRAIN] Step: 936 ; Loss: 17.619 ; Acc: 54.416
2018-09-19 15:36:45,418:INFO: [TRAIN] Step: 937 ; Loss: 18.466 ; Acc: 54.424
2018-09-19 15:36:45,508:INFO: [TRAIN] Step: 938 ; Loss: 16.659 ; Acc: 54.442
2018-09-19 15:36:45,603:INFO: [TRAIN] Step: 939 ; Loss: 18.415 ; Acc: 54.428
2018-09-19 15:36:45,693:INFO: [TRAIN] Step: 940 ; Loss: 17.790 ; Acc: 54.441
2018-09-19 15:36:45,793:INFO: [TRAIN] Step: 941 ; Loss: 14.650 ; Acc: 54.467
2018-09-19 15:36:45,881:INFO: [TRAIN] Step: 942 ; Loss: 17.447 ; Acc: 54.454
2018-09-19 15:36:45,977:INFO: [TRAIN] Step: 943 ; Loss: 17.800 ; Acc: 54.458
2018-09-19 15:36:46,064:INFO: [TRAIN] Step: 944 ; Loss: 18.460 ; Acc: 54.462
2018-09-19 15:36:46,168:INFO: [TRAIN] Step: 945 ; Loss: 12.021 ; Acc: 54.488
2018-09-19 15:36:46,264:INFO: [TRAIN] Step: 946 ; Loss: 17.388 ; Acc: 54.501
2018-09-19 15:36:46,363:INFO: [TRAIN] Step: 947 ; Loss: 16.434 ; Acc: 54.518
2018-09-19 15:36:46,453:INFO: [TRAIN] Step: 948 ; Loss: 21.125 ; Acc: 54.522
2018-09-19 15:36:46,548:INFO: [TRAIN] Step: 949 ; Loss: 20.361 ; Acc: 54.513
2018-09-19 15:36:46,642:INFO: [TRAIN] Step: 950 ; Loss: 18.400 ; Acc: 54.513
2018-09-19 15:36:46,742:INFO: [TRAIN] Step: 951 ; Loss: 17.708 ; Acc: 54.504
2018-09-19 15:36:46,828:INFO: [TRAIN] Step: 952 ; Loss: 13.620 ; Acc: 54.530
2018-09-19 15:36:46,921:INFO: [TRAIN] Step: 953 ; Loss: 14.198 ; Acc: 54.560
2018-09-19 15:36:47,016:INFO: [TRAIN] Step: 954 ; Loss: 16.166 ; Acc: 54.564
2018-09-19 15:36:47,112:INFO: [TRAIN] Step: 955 ; Loss: 19.635 ; Acc: 54.563
2018-09-19 15:36:47,206:INFO: [TRAIN] Step: 956 ; Loss: 15.184 ; Acc: 54.580
2018-09-19 15:36:47,301:INFO: [TRAIN] Step: 957 ; Loss: 19.622 ; Acc: 54.584
2018-09-19 15:36:47,391:INFO: [TRAIN] Step: 958 ; Loss: 17.125 ; Acc: 54.601
2018-09-19 15:36:47,482:INFO: [TRAIN] Step: 959 ; Loss: 13.115 ; Acc: 54.614
2018-09-19 15:36:47,577:INFO: [TRAIN] Step: 960 ; Loss: 21.046 ; Acc: 54.622
2018-09-19 15:36:47,682:INFO: [TRAIN] Step: 961 ; Loss: 22.122 ; Acc: 54.617
2018-09-19 15:36:47,775:INFO: [TRAIN] Step: 962 ; Loss: 15.238 ; Acc: 54.634
2018-09-19 15:36:47,880:INFO: [TRAIN] Step: 963 ; Loss: 17.890 ; Acc: 54.651
2018-09-19 15:36:47,968:INFO: [TRAIN] Step: 964 ; Loss: 14.176 ; Acc: 54.668
2018-09-19 15:36:48,061:INFO: [TRAIN] Step: 965 ; Loss: 16.711 ; Acc: 54.684
2018-09-19 15:36:48,147:INFO: [TRAIN] Step: 966 ; Loss: 17.337 ; Acc: 54.688
2018-09-19 15:36:48,243:INFO: [TRAIN] Step: 967 ; Loss: 19.996 ; Acc: 54.696
2018-09-19 15:36:48,341:INFO: [TRAIN] Step: 968 ; Loss: 18.265 ; Acc: 54.700
2018-09-19 15:36:48,448:INFO: [TRAIN] Step: 969 ; Loss: 16.464 ; Acc: 54.712
2018-09-19 15:36:48,545:INFO: [TRAIN] Step: 970 ; Loss: 15.349 ; Acc: 54.720
2018-09-19 15:36:48,643:INFO: [TRAIN] Step: 971 ; Loss: 21.199 ; Acc: 54.745
2018-09-19 15:36:48,737:INFO: [TRAIN] Step: 972 ; Loss: 20.114 ; Acc: 54.758
2018-09-19 15:36:48,834:INFO: [TRAIN] Step: 973 ; Loss: 17.091 ; Acc: 54.766
2018-09-19 15:36:48,923:INFO: [TRAIN] Step: 974 ; Loss: 19.556 ; Acc: 54.786
2018-09-19 15:36:49,016:INFO: [TRAIN] Step: 975 ; Loss: 21.962 ; Acc: 54.764
2018-09-19 15:36:49,105:INFO: [TRAIN] Step: 976 ; Loss: 22.295 ; Acc: 54.772
2018-09-19 15:36:49,202:INFO: [TRAIN] Step: 977 ; Loss: 17.592 ; Acc: 54.776
2018-09-19 15:36:49,289:INFO: [TRAIN] Step: 978 ; Loss: 21.490 ; Acc: 54.763
2018-09-19 15:36:49,385:INFO: [TRAIN] Step: 979 ; Loss: 21.994 ; Acc: 54.766
2018-09-19 15:36:49,472:INFO: [TRAIN] Step: 980 ; Loss: 19.462 ; Acc: 54.774
2018-09-19 15:36:49,565:INFO: [TRAIN] Step: 981 ; Loss: 14.887 ; Acc: 54.795
2018-09-19 15:36:49,653:INFO: [TRAIN] Step: 982 ; Loss: 16.818 ; Acc: 54.794
2018-09-19 15:36:49,750:INFO: [TRAIN] Step: 983 ; Loss: 15.911 ; Acc: 54.810
2018-09-19 15:36:49,837:INFO: [TRAIN] Step: 984 ; Loss: 15.821 ; Acc: 54.814
2018-09-19 15:36:49,933:INFO: [TRAIN] Step: 985 ; Loss: 23.357 ; Acc: 54.817
2018-09-19 15:36:50,021:INFO: [TRAIN] Step: 986 ; Loss: 18.836 ; Acc: 54.817
2018-09-19 15:36:50,119:INFO: [TRAIN] Step: 987 ; Loss: 21.544 ; Acc: 54.825
2018-09-19 15:36:50,211:INFO: [TRAIN] Step: 988 ; Loss: 17.518 ; Acc: 54.828
2018-09-19 15:36:50,306:INFO: [TRAIN] Step: 989 ; Loss: 18.459 ; Acc: 54.836
2018-09-19 15:36:50,396:INFO: [TRAIN] Step: 990 ; Loss: 22.413 ; Acc: 54.827
2018-09-19 15:36:50,496:INFO: [TRAIN] Step: 991 ; Loss: 19.018 ; Acc: 54.839
2018-09-19 15:36:50,585:INFO: [TRAIN] Step: 992 ; Loss: 21.443 ; Acc: 54.846
2018-09-19 15:36:50,679:INFO: [TRAIN] Step: 993 ; Loss: 16.323 ; Acc: 54.867
2018-09-19 15:36:50,770:INFO: [TRAIN] Step: 994 ; Loss: 15.353 ; Acc: 54.883
2018-09-19 15:36:50,864:INFO: [TRAIN] Step: 995 ; Loss: 16.942 ; Acc: 54.899
2018-09-19 15:36:50,952:INFO: [TRAIN] Step: 996 ; Loss: 19.399 ; Acc: 54.919
2018-09-19 15:36:51,046:INFO: [TRAIN] Step: 997 ; Loss: 21.108 ; Acc: 54.935
2018-09-19 15:36:51,135:INFO: [TRAIN] Step: 998 ; Loss: 15.468 ; Acc: 54.942
2018-09-19 15:36:51,229:INFO: [TRAIN] Step: 999 ; Loss: 15.928 ; Acc: 54.950
2018-09-19 15:36:51,319:INFO: [TRAIN] Step: 1000 ; Loss: 18.391 ; Acc: 54.958
2018-09-19 15:36:51,412:INFO: [TRAIN] Step: 1001 ; Loss: 17.198 ; Acc: 54.957
2018-09-19 15:36:51,501:INFO: [TRAIN] Step: 1002 ; Loss: 23.626 ; Acc: 54.964
2018-09-19 15:36:51,596:INFO: [TRAIN] Step: 1003 ; Loss: 19.381 ; Acc: 54.959
2018-09-19 15:36:51,686:INFO: [TRAIN] Step: 1004 ; Loss: 21.572 ; Acc: 54.954
2018-09-19 15:36:51,778:INFO: [TRAIN] Step: 1005 ; Loss: 24.377 ; Acc: 54.954
2018-09-19 15:36:51,869:INFO: [TRAIN] Step: 1006 ; Loss: 20.830 ; Acc: 54.940
2018-09-19 15:36:51,965:INFO: [TRAIN] Step: 1007 ; Loss: 19.281 ; Acc: 54.956
2018-09-19 15:36:52,054:INFO: [TRAIN] Step: 1008 ; Loss: 17.609 ; Acc: 54.951
2018-09-19 15:36:52,152:INFO: [TRAIN] Step: 1009 ; Loss: 19.078 ; Acc: 54.959
2018-09-19 15:36:52,241:INFO: [TRAIN] Step: 1010 ; Loss: 18.223 ; Acc: 54.966
2018-09-19 15:36:52,332:INFO: [TRAIN] Step: 1011 ; Loss: 12.986 ; Acc: 54.982
2018-09-19 15:36:52,424:INFO: [TRAIN] Step: 1012 ; Loss: 17.676 ; Acc: 54.993
2018-09-19 15:36:52,522:INFO: [TRAIN] Step: 1013 ; Loss: 25.952 ; Acc: 54.984
2018-09-19 15:36:52,608:INFO: [TRAIN] Step: 1014 ; Loss: 19.362 ; Acc: 54.984
2018-09-19 15:36:52,707:INFO: [TRAIN] Step: 1015 ; Loss: 18.060 ; Acc: 54.995
2018-09-19 15:36:52,796:INFO: [TRAIN] Step: 1016 ; Loss: 15.802 ; Acc: 55.007
2018-09-19 15:36:52,890:INFO: [TRAIN] Step: 1017 ; Loss: 14.647 ; Acc: 55.014
2018-09-19 15:36:52,984:INFO: [TRAIN] Step: 1018 ; Loss: 14.327 ; Acc: 55.017
2018-09-19 15:36:53,087:INFO: [TRAIN] Step: 1019 ; Loss: 18.223 ; Acc: 55.033
2018-09-19 15:36:53,183:INFO: [TRAIN] Step: 1020 ; Loss: 17.090 ; Acc: 55.048
2018-09-19 15:36:53,289:INFO: [TRAIN] Step: 1021 ; Loss: 18.542 ; Acc: 55.047
2018-09-19 15:36:53,384:INFO: [TRAIN] Step: 1022 ; Loss: 15.934 ; Acc: 55.051
2018-09-19 15:36:53,483:INFO: [TRAIN] Step: 1023 ; Loss: 18.333 ; Acc: 55.058
2018-09-19 15:36:53,580:INFO: [TRAIN] Step: 1024 ; Loss: 17.873 ; Acc: 55.073
2018-09-19 15:36:53,684:INFO: [TRAIN] Step: 1025 ; Loss: 17.058 ; Acc: 55.089
2018-09-19 15:36:53,777:INFO: [TRAIN] Step: 1026 ; Loss: 18.708 ; Acc: 55.096
2018-09-19 15:36:53,883:INFO: [TRAIN] Step: 1027 ; Loss: 20.553 ; Acc: 55.095
2018-09-19 15:36:53,979:INFO: [TRAIN] Step: 1028 ; Loss: 21.093 ; Acc: 55.090
2018-09-19 15:36:54,079:INFO: [TRAIN] Step: 1029 ; Loss: 19.377 ; Acc: 55.101
2018-09-19 15:36:54,168:INFO: [TRAIN] Step: 1030 ; Loss: 17.130 ; Acc: 55.112
2018-09-19 15:36:54,264:INFO: [TRAIN] Step: 1031 ; Loss: 16.427 ; Acc: 55.120
2018-09-19 15:36:54,351:INFO: [TRAIN] Step: 1032 ; Loss: 20.949 ; Acc: 55.127
2018-09-19 15:36:54,448:INFO: [TRAIN] Step: 1033 ; Loss: 13.906 ; Acc: 55.134
2018-09-19 15:36:54,538:INFO: [TRAIN] Step: 1034 ; Loss: 16.678 ; Acc: 55.141
2018-09-19 15:36:54,638:INFO: [TRAIN] Step: 1035 ; Loss: 15.034 ; Acc: 55.156
2018-09-19 15:36:54,734:INFO: [TRAIN] Step: 1036 ; Loss: 20.385 ; Acc: 55.151
2018-09-19 15:36:54,832:INFO: [TRAIN] Step: 1037 ; Loss: 16.233 ; Acc: 55.166
2018-09-19 15:36:54,921:INFO: [TRAIN] Step: 1038 ; Loss: 19.565 ; Acc: 55.165
2018-09-19 15:36:55,019:INFO: [TRAIN] Step: 1039 ; Loss: 16.041 ; Acc: 55.176
2018-09-19 15:36:55,109:INFO: [TRAIN] Step: 1040 ; Loss: 15.705 ; Acc: 55.195
2018-09-19 15:36:55,204:INFO: [TRAIN] Step: 1041 ; Loss: 16.805 ; Acc: 55.210
2018-09-19 15:36:55,291:INFO: [TRAIN] Step: 1042 ; Loss: 24.544 ; Acc: 55.201
2018-09-19 15:36:55,388:INFO: [TRAIN] Step: 1043 ; Loss: 21.765 ; Acc: 55.192
2018-09-19 15:36:55,477:INFO: [TRAIN] Step: 1044 ; Loss: 14.580 ; Acc: 55.199
2018-09-19 15:36:55,576:INFO: [TRAIN] Step: 1045 ; Loss: 18.681 ; Acc: 55.210
2018-09-19 15:36:55,667:INFO: [TRAIN] Step: 1046 ; Loss: 15.906 ; Acc: 55.221
2018-09-19 15:36:55,767:INFO: [TRAIN] Step: 1047 ; Loss: 19.048 ; Acc: 55.228
2018-09-19 15:36:55,855:INFO: [TRAIN] Step: 1048 ; Loss: 14.376 ; Acc: 55.235
2018-09-19 15:36:55,954:INFO: [TRAIN] Step: 1049 ; Loss: 17.043 ; Acc: 55.234
2018-09-19 15:36:56,042:INFO: [TRAIN] Step: 1050 ; Loss: 16.311 ; Acc: 55.229
2018-09-19 15:36:56,144:INFO: [TRAIN] Step: 1051 ; Loss: 12.882 ; Acc: 55.248
2018-09-19 15:36:56,233:INFO: [TRAIN] Step: 1052 ; Loss: 18.157 ; Acc: 55.259
2018-09-19 15:36:56,334:INFO: [TRAIN] Step: 1053 ; Loss: 23.266 ; Acc: 55.254
2018-09-19 15:36:56,422:INFO: [TRAIN] Step: 1054 ; Loss: 14.105 ; Acc: 55.273
2018-09-19 15:36:56,516:INFO: [TRAIN] Step: 1055 ; Loss: 16.309 ; Acc: 55.283
2018-09-19 15:36:56,607:INFO: [TRAIN] Step: 1056 ; Loss: 12.756 ; Acc: 55.310
2018-09-19 15:36:56,709:INFO: [TRAIN] Step: 1057 ; Loss: 15.350 ; Acc: 55.321
2018-09-19 15:36:56,806:INFO: [TRAIN] Step: 1058 ; Loss: 16.475 ; Acc: 55.323
2018-09-19 15:36:56,905:INFO: [TRAIN] Step: 1059 ; Loss: 18.545 ; Acc: 55.334
2018-09-19 15:36:56,994:INFO: [TRAIN] Step: 1060 ; Loss: 17.868 ; Acc: 55.333
2018-09-19 15:36:57,086:INFO: [TRAIN] Step: 1061 ; Loss: 21.816 ; Acc: 55.320
2018-09-19 15:36:57,178:INFO: [TRAIN] Step: 1062 ; Loss: 20.690 ; Acc: 55.315
2018-09-19 15:36:57,278:INFO: [TRAIN] Step: 1063 ; Loss: 18.694 ; Acc: 55.314
2018-09-19 15:36:57,370:INFO: [TRAIN] Step: 1064 ; Loss: 15.212 ; Acc: 55.325
2018-09-19 15:36:57,467:INFO: [TRAIN] Step: 1065 ; Loss: 19.640 ; Acc: 55.331
2018-09-19 15:36:57,557:INFO: [TRAIN] Step: 1066 ; Loss: 16.666 ; Acc: 55.350
2018-09-19 15:36:57,659:INFO: [TRAIN] Step: 1067 ; Loss: 13.216 ; Acc: 55.372
2018-09-19 15:36:57,750:INFO: [TRAIN] Step: 1068 ; Loss: 19.933 ; Acc: 55.371
2018-09-19 15:36:57,847:INFO: [TRAIN] Step: 1069 ; Loss: 20.867 ; Acc: 55.366
2018-09-19 15:36:57,934:INFO: [TRAIN] Step: 1070 ; Loss: 19.463 ; Acc: 55.365
2018-09-19 15:36:58,033:INFO: [TRAIN] Step: 1071 ; Loss: 21.147 ; Acc: 55.360
2018-09-19 15:36:58,124:INFO: [TRAIN] Step: 1072 ; Loss: 23.713 ; Acc: 55.359
2018-09-19 15:36:58,218:INFO: [TRAIN] Step: 1073 ; Loss: 17.080 ; Acc: 55.365
2018-09-19 15:36:58,308:INFO: [TRAIN] Step: 1074 ; Loss: 17.380 ; Acc: 55.364
2018-09-19 15:36:58,402:INFO: [TRAIN] Step: 1075 ; Loss: 19.258 ; Acc: 55.375
2018-09-19 15:36:58,492:INFO: [TRAIN] Step: 1076 ; Loss: 20.090 ; Acc: 55.381
2018-09-19 15:36:58,585:INFO: [TRAIN] Step: 1077 ; Loss: 18.726 ; Acc: 55.373
2018-09-19 15:36:58,675:INFO: [TRAIN] Step: 1078 ; Loss: 17.237 ; Acc: 55.379
2018-09-19 15:36:58,769:INFO: [TRAIN] Step: 1079 ; Loss: 16.711 ; Acc: 55.397
2018-09-19 15:36:58,862:INFO: [TRAIN] Step: 1080 ; Loss: 18.684 ; Acc: 55.408
2018-09-19 15:36:58,957:INFO: [TRAIN] Step: 1081 ; Loss: 16.395 ; Acc: 55.414
2018-09-19 15:36:59,047:INFO: [TRAIN] Step: 1082 ; Loss: 17.364 ; Acc: 55.425
2018-09-19 15:36:59,142:INFO: [TRAIN] Step: 1083 ; Loss: 16.611 ; Acc: 55.424
2018-09-19 15:36:59,227:INFO: [TRAIN] Step: 1084 ; Loss: 12.547 ; Acc: 55.449
2018-09-19 15:36:59,325:INFO: [TRAIN] Step: 1085 ; Loss: 16.807 ; Acc: 55.463
2018-09-19 15:36:59,412:INFO: [TRAIN] Step: 1086 ; Loss: 16.913 ; Acc: 55.478
2018-09-19 15:36:59,508:INFO: [TRAIN] Step: 1087 ; Loss: 16.588 ; Acc: 55.488
2018-09-19 15:36:59,604:INFO: [TRAIN] Step: 1088 ; Loss: 18.633 ; Acc: 55.506
2018-09-19 15:36:59,703:INFO: [TRAIN] Step: 1089 ; Loss: 19.952 ; Acc: 55.505
2018-09-19 15:36:59,790:INFO: [TRAIN] Step: 1090 ; Loss: 16.524 ; Acc: 55.519
2018-09-19 15:36:59,891:INFO: [TRAIN] Step: 1091 ; Loss: 18.111 ; Acc: 55.533
2018-09-19 15:36:59,982:INFO: [TRAIN] Step: 1092 ; Loss: 20.979 ; Acc: 55.528
2018-09-19 15:37:00,082:INFO: [TRAIN] Step: 1093 ; Loss: 21.766 ; Acc: 55.526
2018-09-19 15:37:00,170:INFO: [TRAIN] Step: 1094 ; Loss: 18.533 ; Acc: 55.529
2018-09-19 15:37:00,263:INFO: [TRAIN] Step: 1095 ; Loss: 20.558 ; Acc: 55.539
2018-09-19 15:37:00,355:INFO: [TRAIN] Step: 1096 ; Loss: 17.231 ; Acc: 55.549
2018-09-19 15:37:00,452:INFO: [TRAIN] Step: 1097 ; Loss: 19.281 ; Acc: 55.548
2018-09-19 15:37:00,539:INFO: [TRAIN] Step: 1098 ; Loss: 17.315 ; Acc: 55.569
2018-09-19 15:37:00,636:INFO: [TRAIN] Step: 1099 ; Loss: 18.522 ; Acc: 55.576
2018-09-19 15:37:00,721:INFO: [TRAIN] Step: 1100 ; Loss: 19.943 ; Acc: 55.578
2018-09-19 15:37:00,817:INFO: [TRAIN] Step: 1101 ; Loss: 13.647 ; Acc: 55.603
2018-09-19 15:37:00,910:INFO: [TRAIN] Step: 1102 ; Loss: 16.507 ; Acc: 55.610
2018-09-19 15:37:01,003:INFO: [TRAIN] Step: 1103 ; Loss: 12.495 ; Acc: 55.631
2018-09-19 15:37:01,096:INFO: [TRAIN] Step: 1104 ; Loss: 16.690 ; Acc: 55.626
2018-09-19 15:37:01,193:INFO: [TRAIN] Step: 1105 ; Loss: 14.856 ; Acc: 55.643
2018-09-19 15:37:01,283:INFO: [TRAIN] Step: 1106 ; Loss: 19.291 ; Acc: 55.646
2018-09-19 15:37:01,378:INFO: [TRAIN] Step: 1107 ; Loss: 15.100 ; Acc: 55.652
2018-09-19 15:37:01,473:INFO: [TRAIN] Step: 1108 ; Loss: 17.320 ; Acc: 55.651
2018-09-19 15:37:01,577:INFO: [TRAIN] Step: 1109 ; Loss: 14.137 ; Acc: 55.664
2018-09-19 15:37:01,669:INFO: [TRAIN] Step: 1110 ; Loss: 16.164 ; Acc: 55.682
2018-09-19 15:37:01,771:INFO: [TRAIN] Step: 1111 ; Loss: 15.590 ; Acc: 55.692
2018-09-19 15:37:01,868:INFO: [TRAIN] Step: 1112 ; Loss: 19.967 ; Acc: 55.694
2018-09-19 15:37:01,984:INFO: [TRAIN] Step: 1113 ; Loss: 12.961 ; Acc: 55.711
2018-09-19 15:37:02,080:INFO: [TRAIN] Step: 1114 ; Loss: 21.097 ; Acc: 55.710
2018-09-19 15:37:02,181:INFO: [TRAIN] Step: 1115 ; Loss: 21.292 ; Acc: 55.716
2018-09-19 15:37:02,277:INFO: [TRAIN] Step: 1116 ; Loss: 11.761 ; Acc: 55.733
2018-09-19 15:37:02,377:INFO: [TRAIN] Step: 1117 ; Loss: 15.563 ; Acc: 55.732
2018-09-19 15:37:02,473:INFO: [TRAIN] Step: 1118 ; Loss: 15.248 ; Acc: 55.749
2018-09-19 15:37:02,575:INFO: [TRAIN] Step: 1119 ; Loss: 23.284 ; Acc: 55.737
2018-09-19 15:37:02,669:INFO: [TRAIN] Step: 1120 ; Loss: 19.964 ; Acc: 55.754
2018-09-19 15:37:02,772:INFO: [TRAIN] Step: 1121 ; Loss: 18.605 ; Acc: 55.756
2018-09-19 15:37:02,866:INFO: [TRAIN] Step: 1122 ; Loss: 9.997 ; Acc: 55.784
2018-09-19 15:37:02,967:INFO: [TRAIN] Step: 1123 ; Loss: 12.356 ; Acc: 55.805
2018-09-19 15:37:03,061:INFO: [TRAIN] Step: 1124 ; Loss: 22.223 ; Acc: 55.807
2018-09-19 15:37:03,162:INFO: [TRAIN] Step: 1125 ; Loss: 19.620 ; Acc: 55.824
2018-09-19 15:37:03,256:INFO: [TRAIN] Step: 1126 ; Loss: 17.514 ; Acc: 55.823
2018-09-19 15:37:03,359:INFO: [TRAIN] Step: 1127 ; Loss: 21.668 ; Acc: 55.825
2018-09-19 15:37:03,453:INFO: [TRAIN] Step: 1128 ; Loss: 17.197 ; Acc: 55.835
2018-09-19 15:37:03,555:INFO: [TRAIN] Step: 1129 ; Loss: 19.782 ; Acc: 55.852
2018-09-19 15:37:03,650:INFO: [TRAIN] Step: 1130 ; Loss: 15.487 ; Acc: 55.865
2018-09-19 15:37:03,753:INFO: [TRAIN] Step: 1131 ; Loss: 19.385 ; Acc: 55.871
2018-09-19 15:37:03,845:INFO: [TRAIN] Step: 1132 ; Loss: 14.541 ; Acc: 55.884
2018-09-19 15:37:03,948:INFO: [TRAIN] Step: 1133 ; Loss: 15.459 ; Acc: 55.879
2018-09-19 15:37:04,045:INFO: [TRAIN] Step: 1134 ; Loss: 17.997 ; Acc: 55.892
2018-09-19 15:37:04,149:INFO: [TRAIN] Step: 1135 ; Loss: 17.443 ; Acc: 55.894
2018-09-19 15:37:04,243:INFO: [TRAIN] Step: 1136 ; Loss: 18.814 ; Acc: 55.893
2018-09-19 15:37:04,344:INFO: [TRAIN] Step: 1137 ; Loss: 19.123 ; Acc: 55.895
2018-09-19 15:37:04,442:INFO: [TRAIN] Step: 1138 ; Loss: 20.594 ; Acc: 55.908
2018-09-19 15:37:04,543:INFO: [TRAIN] Step: 1139 ; Loss: 14.943 ; Acc: 55.921
2018-09-19 15:37:04,638:INFO: [TRAIN] Step: 1140 ; Loss: 14.177 ; Acc: 55.938
2018-09-19 15:37:04,735:INFO: [TRAIN] Step: 1141 ; Loss: 17.757 ; Acc: 55.936
2018-09-19 15:37:04,827:INFO: [TRAIN] Step: 1142 ; Loss: 19.400 ; Acc: 55.927
2018-09-19 15:37:04,926:INFO: [TRAIN] Step: 1143 ; Loss: 16.120 ; Acc: 55.940
2018-09-19 15:37:05,017:INFO: [TRAIN] Step: 1144 ; Loss: 17.375 ; Acc: 55.950
2018-09-19 15:37:05,122:INFO: [TRAIN] Step: 1145 ; Loss: 18.678 ; Acc: 55.955
2018-09-19 15:37:05,218:INFO: [TRAIN] Step: 1146 ; Loss: 16.592 ; Acc: 55.965
2018-09-19 15:37:05,318:INFO: [TRAIN] Step: 1147 ; Loss: 14.033 ; Acc: 55.981
2018-09-19 15:37:05,412:INFO: [TRAIN] Step: 1148 ; Loss: 14.618 ; Acc: 55.987
2018-09-19 15:37:05,509:INFO: [TRAIN] Step: 1149 ; Loss: 12.362 ; Acc: 56.004
2018-09-19 15:37:05,604:INFO: [TRAIN] Step: 1150 ; Loss: 19.444 ; Acc: 55.998
2018-09-19 15:37:05,701:INFO: [TRAIN] Step: 1151 ; Loss: 15.396 ; Acc: 56.026
2018-09-19 15:37:05,795:INFO: [TRAIN] Step: 1152 ; Loss: 16.990 ; Acc: 56.028
2018-09-19 15:37:05,898:INFO: [TRAIN] Step: 1153 ; Loss: 15.032 ; Acc: 56.044
2018-09-19 15:37:05,992:INFO: [TRAIN] Step: 1154 ; Loss: 21.585 ; Acc: 56.050
2018-09-19 15:37:06,090:INFO: [TRAIN] Step: 1155 ; Loss: 18.878 ; Acc: 56.059
2018-09-19 15:37:06,184:INFO: [TRAIN] Step: 1156 ; Loss: 14.792 ; Acc: 56.057
2018-09-19 15:37:06,289:INFO: [TRAIN] Step: 1157 ; Loss: 12.982 ; Acc: 56.070
2018-09-19 15:37:06,377:INFO: [TRAIN] Step: 1158 ; Loss: 14.033 ; Acc: 56.076
2018-09-19 15:37:06,483:INFO: [TRAIN] Step: 1159 ; Loss: 15.372 ; Acc: 56.085
2018-09-19 15:37:06,572:INFO: [TRAIN] Step: 1160 ; Loss: 20.135 ; Acc: 56.083
2018-09-19 15:37:06,674:INFO: [TRAIN] Step: 1161 ; Loss: 14.694 ; Acc: 56.103
2018-09-19 15:37:06,765:INFO: [TRAIN] Step: 1162 ; Loss: 16.005 ; Acc: 56.101
2018-09-19 15:37:06,861:INFO: [TRAIN] Step: 1163 ; Loss: 24.492 ; Acc: 56.100
2018-09-19 15:37:06,954:INFO: [TRAIN] Step: 1164 ; Loss: 16.444 ; Acc: 56.109
2018-09-19 15:37:07,045:INFO: [TRAIN] Step: 1165 ; Loss: 20.531 ; Acc: 56.107
2018-09-19 15:37:07,137:INFO: [TRAIN] Step: 1166 ; Loss: 21.972 ; Acc: 56.102
2018-09-19 15:37:07,230:INFO: [TRAIN] Step: 1167 ; Loss: 16.643 ; Acc: 56.107
2018-09-19 15:37:07,327:INFO: [TRAIN] Step: 1168 ; Loss: 19.278 ; Acc: 56.106
2018-09-19 15:37:07,425:INFO: [TRAIN] Step: 1169 ; Loss: 13.467 ; Acc: 56.115
2018-09-19 15:37:07,521:INFO: [TRAIN] Step: 1170 ; Loss: 16.569 ; Acc: 56.117
2018-09-19 15:37:07,622:INFO: [TRAIN] Step: 1171 ; Loss: 17.922 ; Acc: 56.126
2018-09-19 15:37:07,715:INFO: [TRAIN] Step: 1172 ; Loss: 13.896 ; Acc: 56.138
2018-09-19 15:37:07,819:INFO: [TRAIN] Step: 1173 ; Loss: 14.667 ; Acc: 56.147
2018-09-19 15:37:07,911:INFO: [TRAIN] Step: 1174 ; Loss: 18.200 ; Acc: 56.156
2018-09-19 15:37:08,019:INFO: [TRAIN] Step: 1175 ; Loss: 21.112 ; Acc: 56.140
2018-09-19 15:37:08,111:INFO: [TRAIN] Step: 1176 ; Loss: 20.324 ; Acc: 56.138
2018-09-19 15:37:08,208:INFO: [TRAIN] Step: 1177 ; Loss: 14.979 ; Acc: 56.154
2018-09-19 15:37:08,297:INFO: [TRAIN] Step: 1178 ; Loss: 16.555 ; Acc: 56.160
2018-09-19 15:37:08,397:INFO: [TRAIN] Step: 1179 ; Loss: 18.309 ; Acc: 56.165
2018-09-19 15:37:08,484:INFO: [TRAIN] Step: 1180 ; Loss: 17.984 ; Acc: 56.181
2018-09-19 15:37:08,579:INFO: [TRAIN] Step: 1181 ; Loss: 16.516 ; Acc: 56.187
2018-09-19 15:37:08,671:INFO: [TRAIN] Step: 1182 ; Loss: 18.013 ; Acc: 56.199
2018-09-19 15:37:08,772:INFO: [TRAIN] Step: 1183 ; Loss: 19.675 ; Acc: 56.204
2018-09-19 15:37:08,867:INFO: [TRAIN] Step: 1184 ; Loss: 15.249 ; Acc: 56.210
2018-09-19 15:37:08,970:INFO: [TRAIN] Step: 1185 ; Loss: 16.419 ; Acc: 56.225
2018-09-19 15:37:09,059:INFO: [TRAIN] Step: 1186 ; Loss: 20.676 ; Acc: 56.217
2018-09-19 15:37:09,159:INFO: [TRAIN] Step: 1187 ; Loss: 16.723 ; Acc: 56.229
2018-09-19 15:37:09,248:INFO: [TRAIN] Step: 1188 ; Loss: 17.556 ; Acc: 56.238
2018-09-19 15:37:09,345:INFO: [TRAIN] Step: 1189 ; Loss: 15.841 ; Acc: 56.243
2018-09-19 15:37:14,690:INFO: [EVAL] Step: 1190 ; Loss: 0.186 ; Acc: 0.645
