2018-09-19 14:22:35,378:INFO: ### Model ###
LeNet5(
  (convnet): Sequential(
    (0): Conv2d(1, 6, kernel_size=(5, 5), stride=(1, 1))
    (1): ReLU()
    (2): MaxPool2d(kernel_size=(2, 2), stride=2, padding=0, dilation=1, ceil_mode=False)
    (3): Conv2d(6, 16, kernel_size=(5, 5), stride=(1, 1))
    (4): ReLU()
    (5): MaxPool2d(kernel_size=(2, 2), stride=2, padding=0, dilation=1, ceil_mode=False)
    (6): Conv2d(16, 120, kernel_size=(5, 5), stride=(1, 1))
    (7): ReLU()
    (8): Conv2d(120, 240, kernel_size=(5, 5), stride=(1, 1))
    (9): ReLU()
  )
  (fc): Sequential(
    (0): Linear(in_features=240, out_features=84, bias=True)
    (1): ReLU()
    (2): Linear(in_features=84, out_features=10, bias=True)
  )
)
2018-09-19 14:22:35,378:INFO: ### Optimizer ###
Adam (
Parameter Group 0
    amsgrad: False
    betas: (0.9, 0.999)
    eps: 1e-08
    lr: 0.0001
    weight_decay: 0
)
2018-09-19 14:22:35,378:INFO: ### HParams ###
n_epochs: 1 ; data: ferplus ; label: ferplus_votes ; batch_size: 24 ; lr: 0.0001 ; wd: 0 ; eval_steps: 1190
2018-09-19 14:22:35,545:INFO: [TRAIN] Step: 0 ; Loss: 41.951 ; Acc: 0.000
2018-09-19 14:22:35,622:INFO: [TRAIN] Step: 1 ; Loss: 39.510 ; Acc: 0.000
2018-09-19 14:22:35,699:INFO: [TRAIN] Step: 2 ; Loss: 41.379 ; Acc: 0.000
2018-09-19 14:22:35,779:INFO: [TRAIN] Step: 3 ; Loss: 41.556 ; Acc: 0.000
2018-09-19 14:22:35,885:INFO: [TRAIN] Step: 4 ; Loss: 40.427 ; Acc: 0.000
2018-09-19 14:22:35,969:INFO: [TRAIN] Step: 5 ; Loss: 38.277 ; Acc: 0.000
2018-09-19 14:22:36,050:INFO: [TRAIN] Step: 6 ; Loss: 39.930 ; Acc: 0.000
2018-09-19 14:22:36,133:INFO: [TRAIN] Step: 7 ; Loss: 36.674 ; Acc: 0.000
2018-09-19 14:22:36,207:INFO: [TRAIN] Step: 8 ; Loss: 40.298 ; Acc: 0.463
2018-09-19 14:22:36,287:INFO: [TRAIN] Step: 9 ; Loss: 37.181 ; Acc: 2.083
2018-09-19 14:22:36,365:INFO: [TRAIN] Step: 10 ; Loss: 40.589 ; Acc: 3.409
2018-09-19 14:22:36,451:INFO: [TRAIN] Step: 11 ; Loss: 39.749 ; Acc: 5.556
2018-09-19 14:22:36,525:INFO: [TRAIN] Step: 12 ; Loss: 37.524 ; Acc: 7.051
2018-09-19 14:22:36,605:INFO: [TRAIN] Step: 13 ; Loss: 38.619 ; Acc: 10.119
2018-09-19 14:22:36,680:INFO: [TRAIN] Step: 14 ; Loss: 42.683 ; Acc: 11.667
2018-09-19 14:22:36,758:INFO: [TRAIN] Step: 15 ; Loss: 34.779 ; Acc: 13.802
2018-09-19 14:22:36,832:INFO: [TRAIN] Step: 16 ; Loss: 40.912 ; Acc: 15.931
2018-09-19 14:22:36,912:INFO: [TRAIN] Step: 17 ; Loss: 37.237 ; Acc: 17.593
2018-09-19 14:22:36,987:INFO: [TRAIN] Step: 18 ; Loss: 34.050 ; Acc: 18.640
2018-09-19 14:22:37,069:INFO: [TRAIN] Step: 19 ; Loss: 36.595 ; Acc: 19.167
2018-09-19 14:22:37,145:INFO: [TRAIN] Step: 20 ; Loss: 38.334 ; Acc: 19.841
2018-09-19 14:22:37,227:INFO: [TRAIN] Step: 21 ; Loss: 37.719 ; Acc: 21.212
2018-09-19 14:22:37,301:INFO: [TRAIN] Step: 22 ; Loss: 35.538 ; Acc: 22.464
2018-09-19 14:22:37,384:INFO: [TRAIN] Step: 23 ; Loss: 33.206 ; Acc: 23.611
2018-09-19 14:22:37,462:INFO: [TRAIN] Step: 24 ; Loss: 33.024 ; Acc: 24.000
2018-09-19 14:22:37,542:INFO: [TRAIN] Step: 25 ; Loss: 37.573 ; Acc: 24.519
2018-09-19 14:22:37,614:INFO: [TRAIN] Step: 26 ; Loss: 33.213 ; Acc: 24.691
2018-09-19 14:22:37,695:INFO: [TRAIN] Step: 27 ; Loss: 31.018 ; Acc: 25.446
2018-09-19 14:22:37,768:INFO: [TRAIN] Step: 28 ; Loss: 32.652 ; Acc: 26.149
2018-09-19 14:22:37,849:INFO: [TRAIN] Step: 29 ; Loss: 35.404 ; Acc: 26.528
2018-09-19 14:22:37,921:INFO: [TRAIN] Step: 30 ; Loss: 29.834 ; Acc: 26.882
2018-09-19 14:22:38,000:INFO: [TRAIN] Step: 31 ; Loss: 32.565 ; Acc: 26.953
2018-09-19 14:22:38,074:INFO: [TRAIN] Step: 32 ; Loss: 29.666 ; Acc: 27.273
2018-09-19 14:22:38,155:INFO: [TRAIN] Step: 33 ; Loss: 36.877 ; Acc: 27.328
2018-09-19 14:22:38,228:INFO: [TRAIN] Step: 34 ; Loss: 32.378 ; Acc: 27.381
2018-09-19 14:22:38,309:INFO: [TRAIN] Step: 35 ; Loss: 30.523 ; Acc: 27.894
2018-09-19 14:22:38,382:INFO: [TRAIN] Step: 36 ; Loss: 31.807 ; Acc: 28.153
2018-09-19 14:22:38,462:INFO: [TRAIN] Step: 37 ; Loss: 32.293 ; Acc: 28.509
2018-09-19 14:22:38,536:INFO: [TRAIN] Step: 38 ; Loss: 31.873 ; Acc: 28.739
2018-09-19 14:22:38,617:INFO: [TRAIN] Step: 39 ; Loss: 27.699 ; Acc: 29.271
2018-09-19 14:22:38,689:INFO: [TRAIN] Step: 40 ; Loss: 33.944 ; Acc: 29.268
2018-09-19 14:22:38,769:INFO: [TRAIN] Step: 41 ; Loss: 32.008 ; Acc: 29.563
2018-09-19 14:22:38,843:INFO: [TRAIN] Step: 42 ; Loss: 27.271 ; Acc: 29.845
2018-09-19 14:22:38,923:INFO: [TRAIN] Step: 43 ; Loss: 29.998 ; Acc: 30.019
2018-09-19 14:22:38,998:INFO: [TRAIN] Step: 44 ; Loss: 29.924 ; Acc: 30.000
2018-09-19 14:22:39,081:INFO: [TRAIN] Step: 45 ; Loss: 30.948 ; Acc: 30.435
2018-09-19 14:22:39,153:INFO: [TRAIN] Step: 46 ; Loss: 29.114 ; Acc: 30.496
2018-09-19 14:22:39,238:INFO: [TRAIN] Step: 47 ; Loss: 32.444 ; Acc: 30.295
2018-09-19 14:22:39,320:INFO: [TRAIN] Step: 48 ; Loss: 30.907 ; Acc: 30.442
2018-09-19 14:22:39,404:INFO: [TRAIN] Step: 49 ; Loss: 29.652 ; Acc: 30.500
2018-09-19 14:22:39,478:INFO: [TRAIN] Step: 50 ; Loss: 30.687 ; Acc: 30.556
2018-09-19 14:22:39,559:INFO: [TRAIN] Step: 51 ; Loss: 31.578 ; Acc: 30.449
2018-09-19 14:22:39,632:INFO: [TRAIN] Step: 52 ; Loss: 30.221 ; Acc: 30.425
2018-09-19 14:22:39,713:INFO: [TRAIN] Step: 53 ; Loss: 31.846 ; Acc: 30.401
2018-09-19 14:22:39,786:INFO: [TRAIN] Step: 54 ; Loss: 30.397 ; Acc: 30.379
2018-09-19 14:22:39,866:INFO: [TRAIN] Step: 55 ; Loss: 30.237 ; Acc: 30.208
2018-09-19 14:22:39,941:INFO: [TRAIN] Step: 56 ; Loss: 29.415 ; Acc: 30.409
2018-09-19 14:22:40,021:INFO: [TRAIN] Step: 57 ; Loss: 31.104 ; Acc: 30.603
2018-09-19 14:22:40,094:INFO: [TRAIN] Step: 58 ; Loss: 30.666 ; Acc: 30.650
2018-09-19 14:22:40,177:INFO: [TRAIN] Step: 59 ; Loss: 32.311 ; Acc: 30.486
2018-09-19 14:22:40,253:INFO: [TRAIN] Step: 60 ; Loss: 25.912 ; Acc: 30.806
2018-09-19 14:22:40,333:INFO: [TRAIN] Step: 61 ; Loss: 25.995 ; Acc: 31.183
2018-09-19 14:22:40,408:INFO: [TRAIN] Step: 62 ; Loss: 27.250 ; Acc: 31.614
2018-09-19 14:22:40,491:INFO: [TRAIN] Step: 63 ; Loss: 28.743 ; Acc: 31.901
2018-09-19 14:22:40,564:INFO: [TRAIN] Step: 64 ; Loss: 27.482 ; Acc: 32.179
2018-09-19 14:22:40,643:INFO: [TRAIN] Step: 65 ; Loss: 31.487 ; Acc: 32.197
2018-09-19 14:22:40,718:INFO: [TRAIN] Step: 66 ; Loss: 31.317 ; Acc: 32.214
2018-09-19 14:22:40,798:INFO: [TRAIN] Step: 67 ; Loss: 25.420 ; Acc: 32.353
2018-09-19 14:22:40,875:INFO: [TRAIN] Step: 68 ; Loss: 29.498 ; Acc: 32.548
2018-09-19 14:22:40,957:INFO: [TRAIN] Step: 69 ; Loss: 34.938 ; Acc: 32.381
2018-09-19 14:22:41,031:INFO: [TRAIN] Step: 70 ; Loss: 35.814 ; Acc: 32.336
2018-09-19 14:22:41,112:INFO: [TRAIN] Step: 71 ; Loss: 29.177 ; Acc: 32.465
2018-09-19 14:22:41,184:INFO: [TRAIN] Step: 72 ; Loss: 26.199 ; Acc: 32.591
2018-09-19 14:22:41,263:INFO: [TRAIN] Step: 73 ; Loss: 30.988 ; Acc: 32.658
2018-09-19 14:22:41,336:INFO: [TRAIN] Step: 74 ; Loss: 31.882 ; Acc: 32.667
2018-09-19 14:22:41,416:INFO: [TRAIN] Step: 75 ; Loss: 26.763 ; Acc: 32.895
2018-09-19 14:22:41,490:INFO: [TRAIN] Step: 76 ; Loss: 29.189 ; Acc: 32.846
2018-09-19 14:22:41,570:INFO: [TRAIN] Step: 77 ; Loss: 26.812 ; Acc: 33.066
2018-09-19 14:22:41,644:INFO: [TRAIN] Step: 78 ; Loss: 32.455 ; Acc: 33.122
2018-09-19 14:22:41,725:INFO: [TRAIN] Step: 79 ; Loss: 29.998 ; Acc: 33.177
2018-09-19 14:22:41,799:INFO: [TRAIN] Step: 80 ; Loss: 26.416 ; Acc: 33.333
2018-09-19 14:22:41,879:INFO: [TRAIN] Step: 81 ; Loss: 34.289 ; Acc: 33.333
2018-09-19 14:22:41,952:INFO: [TRAIN] Step: 82 ; Loss: 24.479 ; Acc: 33.584
2018-09-19 14:22:42,032:INFO: [TRAIN] Step: 83 ; Loss: 27.706 ; Acc: 33.780
2018-09-19 14:22:42,104:INFO: [TRAIN] Step: 84 ; Loss: 30.006 ; Acc: 33.725
2018-09-19 14:22:42,184:INFO: [TRAIN] Step: 85 ; Loss: 28.871 ; Acc: 33.866
2018-09-19 14:22:42,257:INFO: [TRAIN] Step: 86 ; Loss: 27.445 ; Acc: 33.860
2018-09-19 14:22:42,344:INFO: [TRAIN] Step: 87 ; Loss: 28.397 ; Acc: 33.949
2018-09-19 14:22:42,432:INFO: [TRAIN] Step: 88 ; Loss: 27.129 ; Acc: 33.801
2018-09-19 14:22:42,519:INFO: [TRAIN] Step: 89 ; Loss: 32.032 ; Acc: 33.796
2018-09-19 14:22:42,596:INFO: [TRAIN] Step: 90 ; Loss: 28.998 ; Acc: 33.837
2018-09-19 14:22:42,675:INFO: [TRAIN] Step: 91 ; Loss: 28.797 ; Acc: 33.832
2018-09-19 14:22:42,748:INFO: [TRAIN] Step: 92 ; Loss: 29.040 ; Acc: 33.826
2018-09-19 14:22:42,829:INFO: [TRAIN] Step: 93 ; Loss: 32.117 ; Acc: 33.910
2018-09-19 14:22:42,905:INFO: [TRAIN] Step: 94 ; Loss: 28.072 ; Acc: 33.860
2018-09-19 14:22:42,990:INFO: [TRAIN] Step: 95 ; Loss: 33.020 ; Acc: 33.854
2018-09-19 14:22:43,065:INFO: [TRAIN] Step: 96 ; Loss: 28.022 ; Acc: 33.763
2018-09-19 14:22:43,144:INFO: [TRAIN] Step: 97 ; Loss: 31.745 ; Acc: 33.631
2018-09-19 14:22:43,219:INFO: [TRAIN] Step: 98 ; Loss: 31.555 ; Acc: 33.544
2018-09-19 14:22:43,304:INFO: [TRAIN] Step: 99 ; Loss: 31.291 ; Acc: 33.417
2018-09-19 14:22:43,377:INFO: [TRAIN] Step: 100 ; Loss: 29.773 ; Acc: 33.498
2018-09-19 14:22:43,459:INFO: [TRAIN] Step: 101 ; Loss: 28.996 ; Acc: 33.538
2018-09-19 14:22:43,536:INFO: [TRAIN] Step: 102 ; Loss: 28.881 ; Acc: 33.414
2018-09-19 14:22:43,623:INFO: [TRAIN] Step: 103 ; Loss: 30.078 ; Acc: 33.494
2018-09-19 14:22:43,700:INFO: [TRAIN] Step: 104 ; Loss: 30.337 ; Acc: 33.532
2018-09-19 14:22:43,793:INFO: [TRAIN] Step: 105 ; Loss: 27.362 ; Acc: 33.530
2018-09-19 14:22:43,877:INFO: [TRAIN] Step: 106 ; Loss: 28.311 ; Acc: 33.567
2018-09-19 14:22:43,969:INFO: [TRAIN] Step: 107 ; Loss: 32.909 ; Acc: 33.681
2018-09-19 14:22:44,052:INFO: [TRAIN] Step: 108 ; Loss: 29.742 ; Acc: 33.677
2018-09-19 14:22:44,143:INFO: [TRAIN] Step: 109 ; Loss: 26.564 ; Acc: 33.674
2018-09-19 14:22:44,218:INFO: [TRAIN] Step: 110 ; Loss: 28.843 ; Acc: 33.746
2018-09-19 14:22:44,301:INFO: [TRAIN] Step: 111 ; Loss: 29.655 ; Acc: 33.780
2018-09-19 14:22:44,375:INFO: [TRAIN] Step: 112 ; Loss: 29.099 ; Acc: 33.923
2018-09-19 14:22:44,455:INFO: [TRAIN] Step: 113 ; Loss: 29.401 ; Acc: 33.882
2018-09-19 14:22:44,529:INFO: [TRAIN] Step: 114 ; Loss: 30.219 ; Acc: 33.877
2018-09-19 14:22:44,612:INFO: [TRAIN] Step: 115 ; Loss: 25.425 ; Acc: 34.016
2018-09-19 14:22:44,691:INFO: [TRAIN] Step: 116 ; Loss: 30.045 ; Acc: 34.152
2018-09-19 14:22:44,778:INFO: [TRAIN] Step: 117 ; Loss: 24.477 ; Acc: 34.357
2018-09-19 14:22:44,862:INFO: [TRAIN] Step: 118 ; Loss: 23.475 ; Acc: 34.454
2018-09-19 14:22:44,942:INFO: [TRAIN] Step: 119 ; Loss: 27.455 ; Acc: 34.549
2018-09-19 14:22:45,014:INFO: [TRAIN] Step: 120 ; Loss: 31.350 ; Acc: 34.573
2018-09-19 14:22:45,096:INFO: [TRAIN] Step: 121 ; Loss: 30.807 ; Acc: 34.529
2018-09-19 14:22:45,171:INFO: [TRAIN] Step: 122 ; Loss: 27.262 ; Acc: 34.553
2018-09-19 14:22:45,251:INFO: [TRAIN] Step: 123 ; Loss: 28.673 ; Acc: 34.644
2018-09-19 14:22:45,322:INFO: [TRAIN] Step: 124 ; Loss: 28.499 ; Acc: 34.633
2018-09-19 14:22:45,413:INFO: [TRAIN] Step: 125 ; Loss: 32.744 ; Acc: 34.656
2018-09-19 14:22:45,496:INFO: [TRAIN] Step: 126 ; Loss: 28.677 ; Acc: 34.678
2018-09-19 14:22:45,577:INFO: [TRAIN] Step: 127 ; Loss: 31.075 ; Acc: 34.701
2018-09-19 14:22:45,657:INFO: [TRAIN] Step: 128 ; Loss: 23.837 ; Acc: 34.690
2018-09-19 14:22:45,738:INFO: [TRAIN] Step: 129 ; Loss: 24.345 ; Acc: 34.712
2018-09-19 14:22:45,812:INFO: [TRAIN] Step: 130 ; Loss: 27.211 ; Acc: 34.796
2018-09-19 14:22:45,898:INFO: [TRAIN] Step: 131 ; Loss: 30.056 ; Acc: 34.785
2018-09-19 14:22:45,970:INFO: [TRAIN] Step: 132 ; Loss: 28.659 ; Acc: 34.868
2018-09-19 14:22:46,052:INFO: [TRAIN] Step: 133 ; Loss: 32.085 ; Acc: 34.857
2018-09-19 14:22:46,131:INFO: [TRAIN] Step: 134 ; Loss: 26.829 ; Acc: 34.877
2018-09-19 14:22:46,214:INFO: [TRAIN] Step: 135 ; Loss: 29.483 ; Acc: 34.926
2018-09-19 14:22:46,289:INFO: [TRAIN] Step: 136 ; Loss: 30.499 ; Acc: 34.854
2018-09-19 14:22:46,368:INFO: [TRAIN] Step: 137 ; Loss: 31.125 ; Acc: 34.843
2018-09-19 14:22:46,441:INFO: [TRAIN] Step: 138 ; Loss: 29.518 ; Acc: 34.862
2018-09-19 14:22:46,519:INFO: [TRAIN] Step: 139 ; Loss: 29.002 ; Acc: 34.881
2018-09-19 14:22:46,594:INFO: [TRAIN] Step: 140 ; Loss: 29.263 ; Acc: 34.988
2018-09-19 14:22:46,676:INFO: [TRAIN] Step: 141 ; Loss: 28.549 ; Acc: 35.065
2018-09-19 14:22:46,748:INFO: [TRAIN] Step: 142 ; Loss: 26.654 ; Acc: 35.082
2018-09-19 14:22:46,828:INFO: [TRAIN] Step: 143 ; Loss: 24.486 ; Acc: 35.156
2018-09-19 14:22:46,902:INFO: [TRAIN] Step: 144 ; Loss: 24.498 ; Acc: 35.259
2018-09-19 14:22:46,983:INFO: [TRAIN] Step: 145 ; Loss: 31.802 ; Acc: 35.274
2018-09-19 14:22:47,057:INFO: [TRAIN] Step: 146 ; Loss: 26.776 ; Acc: 35.317
2018-09-19 14:22:47,137:INFO: [TRAIN] Step: 147 ; Loss: 29.353 ; Acc: 35.304
2018-09-19 14:22:47,209:INFO: [TRAIN] Step: 148 ; Loss: 28.869 ; Acc: 35.319
2018-09-19 14:22:47,289:INFO: [TRAIN] Step: 149 ; Loss: 30.400 ; Acc: 35.333
2018-09-19 14:22:47,363:INFO: [TRAIN] Step: 150 ; Loss: 28.878 ; Acc: 35.403
2018-09-19 14:22:47,448:INFO: [TRAIN] Step: 151 ; Loss: 33.142 ; Acc: 35.417
2018-09-19 14:22:47,523:INFO: [TRAIN] Step: 152 ; Loss: 31.062 ; Acc: 35.376
2018-09-19 14:22:47,613:INFO: [TRAIN] Step: 153 ; Loss: 26.565 ; Acc: 35.363
2018-09-19 14:22:47,699:INFO: [TRAIN] Step: 154 ; Loss: 27.923 ; Acc: 35.403
2018-09-19 14:22:47,780:INFO: [TRAIN] Step: 155 ; Loss: 29.439 ; Acc: 35.390
2018-09-19 14:22:47,855:INFO: [TRAIN] Step: 156 ; Loss: 26.776 ; Acc: 35.403
2018-09-19 14:22:47,937:INFO: [TRAIN] Step: 157 ; Loss: 28.816 ; Acc: 35.417
2018-09-19 14:22:48,014:INFO: [TRAIN] Step: 158 ; Loss: 31.603 ; Acc: 35.430
2018-09-19 14:22:48,094:INFO: [TRAIN] Step: 159 ; Loss: 27.406 ; Acc: 35.521
2018-09-19 14:22:48,166:INFO: [TRAIN] Step: 160 ; Loss: 27.756 ; Acc: 35.559
2018-09-19 14:22:48,248:INFO: [TRAIN] Step: 161 ; Loss: 24.944 ; Acc: 35.545
2018-09-19 14:22:48,322:INFO: [TRAIN] Step: 162 ; Loss: 28.975 ; Acc: 35.583
2018-09-19 14:22:48,403:INFO: [TRAIN] Step: 163 ; Loss: 27.308 ; Acc: 35.595
2018-09-19 14:22:48,478:INFO: [TRAIN] Step: 164 ; Loss: 27.910 ; Acc: 35.682
2018-09-19 14:22:48,558:INFO: [TRAIN] Step: 165 ; Loss: 22.640 ; Acc: 35.818
2018-09-19 14:22:48,638:INFO: [TRAIN] Step: 166 ; Loss: 27.335 ; Acc: 35.878
2018-09-19 14:22:48,719:INFO: [TRAIN] Step: 167 ; Loss: 31.250 ; Acc: 35.888
2018-09-19 14:22:48,791:INFO: [TRAIN] Step: 168 ; Loss: 27.685 ; Acc: 35.971
2018-09-19 14:22:48,871:INFO: [TRAIN] Step: 169 ; Loss: 31.872 ; Acc: 35.980
2018-09-19 14:22:48,944:INFO: [TRAIN] Step: 170 ; Loss: 27.110 ; Acc: 36.062
2018-09-19 14:22:49,026:INFO: [TRAIN] Step: 171 ; Loss: 32.133 ; Acc: 36.022
2018-09-19 14:22:49,099:INFO: [TRAIN] Step: 172 ; Loss: 28.367 ; Acc: 36.031
2018-09-19 14:22:49,180:INFO: [TRAIN] Step: 173 ; Loss: 27.372 ; Acc: 36.015
2018-09-19 14:22:49,254:INFO: [TRAIN] Step: 174 ; Loss: 24.737 ; Acc: 36.071
2018-09-19 14:22:49,335:INFO: [TRAIN] Step: 175 ; Loss: 27.982 ; Acc: 36.080
2018-09-19 14:22:49,408:INFO: [TRAIN] Step: 176 ; Loss: 26.430 ; Acc: 36.135
2018-09-19 14:22:49,489:INFO: [TRAIN] Step: 177 ; Loss: 26.354 ; Acc: 36.189
2018-09-19 14:22:49,563:INFO: [TRAIN] Step: 178 ; Loss: 29.513 ; Acc: 36.150
2018-09-19 14:22:49,648:INFO: [TRAIN] Step: 179 ; Loss: 26.317 ; Acc: 36.134
2018-09-19 14:22:49,722:INFO: [TRAIN] Step: 180 ; Loss: 25.562 ; Acc: 36.142
2018-09-19 14:22:49,803:INFO: [TRAIN] Step: 181 ; Loss: 26.754 ; Acc: 36.218
2018-09-19 14:22:49,877:INFO: [TRAIN] Step: 182 ; Loss: 28.136 ; Acc: 36.293
2018-09-19 14:22:49,957:INFO: [TRAIN] Step: 183 ; Loss: 26.552 ; Acc: 36.345
2018-09-19 14:22:50,031:INFO: [TRAIN] Step: 184 ; Loss: 25.312 ; Acc: 36.419
2018-09-19 14:22:50,110:INFO: [TRAIN] Step: 185 ; Loss: 24.305 ; Acc: 36.470
2018-09-19 14:22:50,184:INFO: [TRAIN] Step: 186 ; Loss: 27.675 ; Acc: 36.475
2018-09-19 14:22:50,264:INFO: [TRAIN] Step: 187 ; Loss: 32.667 ; Acc: 36.480
2018-09-19 14:22:50,336:INFO: [TRAIN] Step: 188 ; Loss: 26.428 ; Acc: 36.596
2018-09-19 14:22:50,417:INFO: [TRAIN] Step: 189 ; Loss: 26.680 ; Acc: 36.579
2018-09-19 14:22:50,489:INFO: [TRAIN] Step: 190 ; Loss: 29.694 ; Acc: 36.518
2018-09-19 14:22:50,569:INFO: [TRAIN] Step: 191 ; Loss: 29.101 ; Acc: 36.502
2018-09-19 14:22:50,643:INFO: [TRAIN] Step: 192 ; Loss: 32.243 ; Acc: 36.507
2018-09-19 14:22:50,723:INFO: [TRAIN] Step: 193 ; Loss: 26.751 ; Acc: 36.534
2018-09-19 14:22:50,798:INFO: [TRAIN] Step: 194 ; Loss: 28.813 ; Acc: 36.560
2018-09-19 14:22:50,885:INFO: [TRAIN] Step: 195 ; Loss: 28.762 ; Acc: 36.565
2018-09-19 14:22:50,960:INFO: [TRAIN] Step: 196 ; Loss: 26.042 ; Acc: 36.591
2018-09-19 14:22:51,039:INFO: [TRAIN] Step: 197 ; Loss: 26.305 ; Acc: 36.637
2018-09-19 14:22:51,114:INFO: [TRAIN] Step: 198 ; Loss: 32.276 ; Acc: 36.600
2018-09-19 14:22:51,195:INFO: [TRAIN] Step: 199 ; Loss: 30.642 ; Acc: 36.542
2018-09-19 14:22:51,269:INFO: [TRAIN] Step: 200 ; Loss: 24.708 ; Acc: 36.588
2018-09-19 14:22:51,350:INFO: [TRAIN] Step: 201 ; Loss: 29.679 ; Acc: 36.551
2018-09-19 14:22:51,424:INFO: [TRAIN] Step: 202 ; Loss: 30.459 ; Acc: 36.617
2018-09-19 14:22:51,505:INFO: [TRAIN] Step: 203 ; Loss: 26.975 ; Acc: 36.703
2018-09-19 14:22:51,579:INFO: [TRAIN] Step: 204 ; Loss: 28.639 ; Acc: 36.789
2018-09-19 14:22:51,659:INFO: [TRAIN] Step: 205 ; Loss: 25.141 ; Acc: 36.853
2018-09-19 14:22:51,731:INFO: [TRAIN] Step: 206 ; Loss: 26.469 ; Acc: 36.936
2018-09-19 14:22:51,814:INFO: [TRAIN] Step: 207 ; Loss: 27.120 ; Acc: 36.919
2018-09-19 14:22:51,888:INFO: [TRAIN] Step: 208 ; Loss: 28.222 ; Acc: 36.962
2018-09-19 14:22:51,970:INFO: [TRAIN] Step: 209 ; Loss: 26.666 ; Acc: 36.944
2018-09-19 14:22:52,043:INFO: [TRAIN] Step: 210 ; Loss: 29.100 ; Acc: 36.987
2018-09-19 14:22:52,123:INFO: [TRAIN] Step: 211 ; Loss: 31.443 ; Acc: 36.989
2018-09-19 14:22:52,197:INFO: [TRAIN] Step: 212 ; Loss: 27.225 ; Acc: 36.991
2018-09-19 14:22:52,275:INFO: [TRAIN] Step: 213 ; Loss: 25.624 ; Acc: 37.013
2018-09-19 14:22:52,349:INFO: [TRAIN] Step: 214 ; Loss: 30.212 ; Acc: 36.977
2018-09-19 14:22:52,431:INFO: [TRAIN] Step: 215 ; Loss: 29.156 ; Acc: 36.941
2018-09-19 14:22:52,505:INFO: [TRAIN] Step: 216 ; Loss: 30.579 ; Acc: 36.924
2018-09-19 14:22:52,587:INFO: [TRAIN] Step: 217 ; Loss: 30.520 ; Acc: 36.946
2018-09-19 14:22:52,662:INFO: [TRAIN] Step: 218 ; Loss: 28.733 ; Acc: 37.005
2018-09-19 14:22:52,742:INFO: [TRAIN] Step: 219 ; Loss: 27.627 ; Acc: 36.989
2018-09-19 14:22:52,821:INFO: [TRAIN] Step: 220 ; Loss: 27.591 ; Acc: 36.991
2018-09-19 14:22:52,904:INFO: [TRAIN] Step: 221 ; Loss: 31.994 ; Acc: 36.937
2018-09-19 14:22:52,978:INFO: [TRAIN] Step: 222 ; Loss: 26.493 ; Acc: 36.977
2018-09-19 14:22:53,063:INFO: [TRAIN] Step: 223 ; Loss: 28.530 ; Acc: 37.072
2018-09-19 14:22:53,138:INFO: [TRAIN] Step: 224 ; Loss: 27.702 ; Acc: 37.056
2018-09-19 14:22:53,218:INFO: [TRAIN] Step: 225 ; Loss: 30.057 ; Acc: 37.058
2018-09-19 14:22:53,292:INFO: [TRAIN] Step: 226 ; Loss: 25.899 ; Acc: 37.115
2018-09-19 14:22:53,371:INFO: [TRAIN] Step: 227 ; Loss: 26.948 ; Acc: 37.098
2018-09-19 14:22:53,445:INFO: [TRAIN] Step: 228 ; Loss: 31.896 ; Acc: 37.118
2018-09-19 14:22:53,526:INFO: [TRAIN] Step: 229 ; Loss: 25.309 ; Acc: 37.065
2018-09-19 14:22:53,602:INFO: [TRAIN] Step: 230 ; Loss: 28.318 ; Acc: 37.103
2018-09-19 14:22:53,682:INFO: [TRAIN] Step: 231 ; Loss: 33.413 ; Acc: 37.069
2018-09-19 14:22:53,758:INFO: [TRAIN] Step: 232 ; Loss: 28.650 ; Acc: 37.160
2018-09-19 14:22:53,837:INFO: [TRAIN] Step: 233 ; Loss: 23.546 ; Acc: 37.197
2018-09-19 14:22:53,910:INFO: [TRAIN] Step: 234 ; Loss: 27.207 ; Acc: 37.234
2018-09-19 14:22:53,991:INFO: [TRAIN] Step: 235 ; Loss: 27.406 ; Acc: 37.253
2018-09-19 14:22:54,065:INFO: [TRAIN] Step: 236 ; Loss: 31.777 ; Acc: 37.289
2018-09-19 14:22:54,148:INFO: [TRAIN] Step: 237 ; Loss: 26.822 ; Acc: 37.272
2018-09-19 14:22:54,222:INFO: [TRAIN] Step: 238 ; Loss: 26.498 ; Acc: 37.291
2018-09-19 14:22:54,302:INFO: [TRAIN] Step: 239 ; Loss: 29.735 ; Acc: 37.309
2018-09-19 14:22:54,374:INFO: [TRAIN] Step: 240 ; Loss: 28.046 ; Acc: 37.258
2018-09-19 14:22:54,455:INFO: [TRAIN] Step: 241 ; Loss: 26.048 ; Acc: 37.311
2018-09-19 14:22:54,529:INFO: [TRAIN] Step: 242 ; Loss: 27.226 ; Acc: 37.277
2018-09-19 14:22:54,610:INFO: [TRAIN] Step: 243 ; Loss: 30.611 ; Acc: 37.158
2018-09-19 14:22:54,689:INFO: [TRAIN] Step: 244 ; Loss: 27.268 ; Acc: 37.143
2018-09-19 14:22:54,770:INFO: [TRAIN] Step: 245 ; Loss: 26.582 ; Acc: 37.212
2018-09-19 14:22:54,844:INFO: [TRAIN] Step: 246 ; Loss: 25.798 ; Acc: 37.230
2018-09-19 14:22:54,925:INFO: [TRAIN] Step: 247 ; Loss: 26.914 ; Acc: 37.214
2018-09-19 14:22:55,000:INFO: [TRAIN] Step: 248 ; Loss: 24.202 ; Acc: 37.216
2018-09-19 14:22:55,083:INFO: [TRAIN] Step: 249 ; Loss: 25.065 ; Acc: 37.183
2018-09-19 14:22:55,159:INFO: [TRAIN] Step: 250 ; Loss: 26.710 ; Acc: 37.151
2018-09-19 14:22:55,242:INFO: [TRAIN] Step: 251 ; Loss: 28.169 ; Acc: 37.153
2018-09-19 14:22:55,315:INFO: [TRAIN] Step: 252 ; Loss: 26.167 ; Acc: 37.204
2018-09-19 14:22:55,395:INFO: [TRAIN] Step: 253 ; Loss: 27.510 ; Acc: 37.238
2018-09-19 14:22:55,468:INFO: [TRAIN] Step: 254 ; Loss: 24.543 ; Acc: 37.271
2018-09-19 14:22:55,547:INFO: [TRAIN] Step: 255 ; Loss: 26.862 ; Acc: 37.370
2018-09-19 14:22:55,621:INFO: [TRAIN] Step: 256 ; Loss: 25.046 ; Acc: 37.403
2018-09-19 14:22:55,701:INFO: [TRAIN] Step: 257 ; Loss: 26.712 ; Acc: 37.484
2018-09-19 14:22:55,773:INFO: [TRAIN] Step: 258 ; Loss: 23.962 ; Acc: 37.468
2018-09-19 14:22:55,857:INFO: [TRAIN] Step: 259 ; Loss: 29.734 ; Acc: 37.500
2018-09-19 14:22:55,930:INFO: [TRAIN] Step: 260 ; Loss: 27.367 ; Acc: 37.516
2018-09-19 14:22:56,011:INFO: [TRAIN] Step: 261 ; Loss: 23.495 ; Acc: 37.532
2018-09-19 14:22:56,085:INFO: [TRAIN] Step: 262 ; Loss: 26.939 ; Acc: 37.595
2018-09-19 14:22:56,177:INFO: [TRAIN] Step: 263 ; Loss: 23.761 ; Acc: 37.674
2018-09-19 14:22:56,251:INFO: [TRAIN] Step: 264 ; Loss: 28.225 ; Acc: 37.673
2018-09-19 14:22:56,329:INFO: [TRAIN] Step: 265 ; Loss: 27.124 ; Acc: 37.704
2018-09-19 14:22:56,405:INFO: [TRAIN] Step: 266 ; Loss: 32.582 ; Acc: 37.718
2018-09-19 14:22:56,486:INFO: [TRAIN] Step: 267 ; Loss: 25.550 ; Acc: 37.749
2018-09-19 14:22:56,562:INFO: [TRAIN] Step: 268 ; Loss: 22.363 ; Acc: 37.748
2018-09-19 14:22:56,643:INFO: [TRAIN] Step: 269 ; Loss: 25.695 ; Acc: 37.731
2018-09-19 14:22:56,718:INFO: [TRAIN] Step: 270 ; Loss: 24.912 ; Acc: 37.808
2018-09-19 14:22:56,798:INFO: [TRAIN] Step: 271 ; Loss: 29.386 ; Acc: 37.776
2018-09-19 14:22:56,875:INFO: [TRAIN] Step: 272 ; Loss: 24.644 ; Acc: 37.836
2018-09-19 14:22:56,957:INFO: [TRAIN] Step: 273 ; Loss: 19.477 ; Acc: 37.911
2018-09-19 14:22:57,032:INFO: [TRAIN] Step: 274 ; Loss: 28.530 ; Acc: 37.939
2018-09-19 14:22:57,112:INFO: [TRAIN] Step: 275 ; Loss: 25.117 ; Acc: 37.998
2018-09-19 14:22:57,186:INFO: [TRAIN] Step: 276 ; Loss: 26.641 ; Acc: 37.996
2018-09-19 14:22:57,267:INFO: [TRAIN] Step: 277 ; Loss: 23.582 ; Acc: 38.100
2018-09-19 14:22:57,342:INFO: [TRAIN] Step: 278 ; Loss: 29.787 ; Acc: 38.068
2018-09-19 14:22:57,421:INFO: [TRAIN] Step: 279 ; Loss: 23.891 ; Acc: 38.140
2018-09-19 14:22:57,499:INFO: [TRAIN] Step: 280 ; Loss: 23.656 ; Acc: 38.212
2018-09-19 14:22:57,582:INFO: [TRAIN] Step: 281 ; Loss: 27.056 ; Acc: 38.283
2018-09-19 14:22:57,657:INFO: [TRAIN] Step: 282 ; Loss: 25.856 ; Acc: 38.295
2018-09-19 14:22:57,738:INFO: [TRAIN] Step: 283 ; Loss: 24.490 ; Acc: 38.263
2018-09-19 14:22:57,811:INFO: [TRAIN] Step: 284 ; Loss: 25.118 ; Acc: 38.319
2018-09-19 14:22:57,890:INFO: [TRAIN] Step: 285 ; Loss: 25.371 ; Acc: 38.330
2018-09-19 14:22:57,964:INFO: [TRAIN] Step: 286 ; Loss: 22.047 ; Acc: 38.415
2018-09-19 14:22:58,046:INFO: [TRAIN] Step: 287 ; Loss: 25.380 ; Acc: 38.498
2018-09-19 14:22:58,124:INFO: [TRAIN] Step: 288 ; Loss: 25.069 ; Acc: 38.538
2018-09-19 14:22:58,206:INFO: [TRAIN] Step: 289 ; Loss: 24.596 ; Acc: 38.578
2018-09-19 14:22:58,279:INFO: [TRAIN] Step: 290 ; Loss: 29.039 ; Acc: 38.588
2018-09-19 14:22:58,358:INFO: [TRAIN] Step: 291 ; Loss: 27.246 ; Acc: 38.613
2018-09-19 14:22:58,431:INFO: [TRAIN] Step: 292 ; Loss: 27.731 ; Acc: 38.623
2018-09-19 14:22:58,513:INFO: [TRAIN] Step: 293 ; Loss: 31.047 ; Acc: 38.591
2018-09-19 14:22:58,586:INFO: [TRAIN] Step: 294 ; Loss: 24.564 ; Acc: 38.616
2018-09-19 14:22:58,665:INFO: [TRAIN] Step: 295 ; Loss: 29.353 ; Acc: 38.570
2018-09-19 14:22:58,740:INFO: [TRAIN] Step: 296 ; Loss: 31.914 ; Acc: 38.524
2018-09-19 14:22:58,832:INFO: [TRAIN] Step: 297 ; Loss: 25.719 ; Acc: 38.507
2018-09-19 14:22:58,906:INFO: [TRAIN] Step: 298 ; Loss: 26.467 ; Acc: 38.489
2018-09-19 14:22:58,988:INFO: [TRAIN] Step: 299 ; Loss: 28.630 ; Acc: 38.528
2018-09-19 14:22:59,062:INFO: [TRAIN] Step: 300 ; Loss: 24.932 ; Acc: 38.580
2018-09-19 14:22:59,145:INFO: [TRAIN] Step: 301 ; Loss: 25.520 ; Acc: 38.590
2018-09-19 14:22:59,223:INFO: [TRAIN] Step: 302 ; Loss: 27.118 ; Acc: 38.600
2018-09-19 14:22:59,303:INFO: [TRAIN] Step: 303 ; Loss: 28.270 ; Acc: 38.651
2018-09-19 14:22:59,377:INFO: [TRAIN] Step: 304 ; Loss: 31.365 ; Acc: 38.648
2018-09-19 14:22:59,457:INFO: [TRAIN] Step: 305 ; Loss: 27.453 ; Acc: 38.671
2018-09-19 14:22:59,531:INFO: [TRAIN] Step: 306 ; Loss: 28.414 ; Acc: 38.667
2018-09-19 14:22:59,613:INFO: [TRAIN] Step: 307 ; Loss: 27.687 ; Acc: 38.663
2018-09-19 14:22:59,688:INFO: [TRAIN] Step: 308 ; Loss: 23.530 ; Acc: 38.700
2018-09-19 14:22:59,769:INFO: [TRAIN] Step: 309 ; Loss: 24.741 ; Acc: 38.777
2018-09-19 14:22:59,842:INFO: [TRAIN] Step: 310 ; Loss: 27.099 ; Acc: 38.826
2018-09-19 14:22:59,921:INFO: [TRAIN] Step: 311 ; Loss: 24.597 ; Acc: 38.862
2018-09-19 14:22:59,996:INFO: [TRAIN] Step: 312 ; Loss: 24.138 ; Acc: 38.938
2018-09-19 14:23:00,076:INFO: [TRAIN] Step: 313 ; Loss: 28.532 ; Acc: 38.973
2018-09-19 14:23:00,149:INFO: [TRAIN] Step: 314 ; Loss: 28.571 ; Acc: 39.021
2018-09-19 14:23:00,230:INFO: [TRAIN] Step: 315 ; Loss: 29.933 ; Acc: 39.003
2018-09-19 14:23:00,305:INFO: [TRAIN] Step: 316 ; Loss: 33.218 ; Acc: 38.985
2018-09-19 14:23:00,385:INFO: [TRAIN] Step: 317 ; Loss: 24.963 ; Acc: 39.020
2018-09-19 14:23:00,459:INFO: [TRAIN] Step: 318 ; Loss: 29.618 ; Acc: 38.976
2018-09-19 14:23:00,541:INFO: [TRAIN] Step: 319 ; Loss: 25.379 ; Acc: 39.023
2018-09-19 14:23:00,613:INFO: [TRAIN] Step: 320 ; Loss: 25.395 ; Acc: 39.045
2018-09-19 14:23:00,694:INFO: [TRAIN] Step: 321 ; Loss: 29.112 ; Acc: 39.014
2018-09-19 14:23:00,767:INFO: [TRAIN] Step: 322 ; Loss: 24.607 ; Acc: 39.048
2018-09-19 14:23:00,851:INFO: [TRAIN] Step: 323 ; Loss: 26.428 ; Acc: 39.069
2018-09-19 14:23:00,924:INFO: [TRAIN] Step: 324 ; Loss: 26.729 ; Acc: 39.038
2018-09-19 14:23:01,004:INFO: [TRAIN] Step: 325 ; Loss: 25.715 ; Acc: 39.034
2018-09-19 14:23:01,077:INFO: [TRAIN] Step: 326 ; Loss: 27.109 ; Acc: 39.016
2018-09-19 14:23:01,161:INFO: [TRAIN] Step: 327 ; Loss: 30.443 ; Acc: 39.012
2018-09-19 14:23:01,235:INFO: [TRAIN] Step: 328 ; Loss: 27.782 ; Acc: 39.007
2018-09-19 14:23:01,324:INFO: [TRAIN] Step: 329 ; Loss: 29.574 ; Acc: 38.965
2018-09-19 14:23:01,404:INFO: [TRAIN] Step: 330 ; Loss: 29.317 ; Acc: 38.910
2018-09-19 14:23:01,483:INFO: [TRAIN] Step: 331 ; Loss: 26.686 ; Acc: 38.918
2018-09-19 14:23:01,557:INFO: [TRAIN] Step: 332 ; Loss: 27.524 ; Acc: 38.901
2018-09-19 14:23:01,637:INFO: [TRAIN] Step: 333 ; Loss: 23.539 ; Acc: 38.922
2018-09-19 14:23:01,710:INFO: [TRAIN] Step: 334 ; Loss: 25.916 ; Acc: 38.955
2018-09-19 14:23:01,794:INFO: [TRAIN] Step: 335 ; Loss: 27.572 ; Acc: 38.938
2018-09-19 14:23:01,869:INFO: [TRAIN] Step: 336 ; Loss: 25.498 ; Acc: 38.971
2018-09-19 14:23:01,952:INFO: [TRAIN] Step: 337 ; Loss: 32.390 ; Acc: 38.918
2018-09-19 14:23:02,025:INFO: [TRAIN] Step: 338 ; Loss: 28.662 ; Acc: 38.938
2018-09-19 14:23:02,106:INFO: [TRAIN] Step: 339 ; Loss: 24.045 ; Acc: 38.983
2018-09-19 14:23:02,180:INFO: [TRAIN] Step: 340 ; Loss: 23.666 ; Acc: 39.003
2018-09-19 14:23:02,262:INFO: [TRAIN] Step: 341 ; Loss: 22.056 ; Acc: 39.072
2018-09-19 14:23:02,345:INFO: [TRAIN] Step: 342 ; Loss: 28.166 ; Acc: 39.067
2018-09-19 14:23:02,428:INFO: [TRAIN] Step: 343 ; Loss: 27.716 ; Acc: 39.050
2018-09-19 14:23:02,503:INFO: [TRAIN] Step: 344 ; Loss: 27.182 ; Acc: 39.034
2018-09-19 14:23:02,583:INFO: [TRAIN] Step: 345 ; Loss: 25.238 ; Acc: 39.029
2018-09-19 14:23:02,657:INFO: [TRAIN] Step: 346 ; Loss: 28.083 ; Acc: 39.037
2018-09-19 14:23:02,739:INFO: [TRAIN] Step: 347 ; Loss: 22.712 ; Acc: 39.092
2018-09-19 14:23:02,814:INFO: [TRAIN] Step: 348 ; Loss: 24.368 ; Acc: 39.136
2018-09-19 14:23:02,896:INFO: [TRAIN] Step: 349 ; Loss: 25.960 ; Acc: 39.167
2018-09-19 14:23:02,974:INFO: [TRAIN] Step: 350 ; Loss: 27.940 ; Acc: 39.162
2018-09-19 14:23:03,056:INFO: [TRAIN] Step: 351 ; Loss: 25.191 ; Acc: 39.205
2018-09-19 14:23:03,131:INFO: [TRAIN] Step: 352 ; Loss: 23.247 ; Acc: 39.235
2018-09-19 14:23:03,210:INFO: [TRAIN] Step: 353 ; Loss: 25.205 ; Acc: 39.218
2018-09-19 14:23:03,285:INFO: [TRAIN] Step: 354 ; Loss: 24.020 ; Acc: 39.261
2018-09-19 14:23:03,365:INFO: [TRAIN] Step: 355 ; Loss: 27.821 ; Acc: 39.314
2018-09-19 14:23:03,439:INFO: [TRAIN] Step: 356 ; Loss: 21.198 ; Acc: 39.379
2018-09-19 14:23:03,519:INFO: [TRAIN] Step: 357 ; Loss: 24.800 ; Acc: 39.397
2018-09-19 14:23:03,595:INFO: [TRAIN] Step: 358 ; Loss: 23.247 ; Acc: 39.403
2018-09-19 14:23:03,676:INFO: [TRAIN] Step: 359 ; Loss: 32.643 ; Acc: 39.375
2018-09-19 14:23:03,751:INFO: [TRAIN] Step: 360 ; Loss: 29.096 ; Acc: 39.393
2018-09-19 14:23:03,831:INFO: [TRAIN] Step: 361 ; Loss: 28.361 ; Acc: 39.399
2018-09-19 14:23:03,905:INFO: [TRAIN] Step: 362 ; Loss: 24.383 ; Acc: 39.451
2018-09-19 14:23:03,987:INFO: [TRAIN] Step: 363 ; Loss: 24.245 ; Acc: 39.515
2018-09-19 14:23:04,064:INFO: [TRAIN] Step: 364 ; Loss: 24.053 ; Acc: 39.566
2018-09-19 14:23:04,144:INFO: [TRAIN] Step: 365 ; Loss: 24.208 ; Acc: 39.606
2018-09-19 14:23:04,216:INFO: [TRAIN] Step: 366 ; Loss: 20.619 ; Acc: 39.634
2018-09-19 14:23:04,299:INFO: [TRAIN] Step: 367 ; Loss: 25.042 ; Acc: 39.651
2018-09-19 14:23:04,372:INFO: [TRAIN] Step: 368 ; Loss: 27.873 ; Acc: 39.623
2018-09-19 14:23:04,454:INFO: [TRAIN] Step: 369 ; Loss: 26.183 ; Acc: 39.628
2018-09-19 14:23:04,527:INFO: [TRAIN] Step: 370 ; Loss: 25.356 ; Acc: 39.623
2018-09-19 14:23:04,609:INFO: [TRAIN] Step: 371 ; Loss: 23.120 ; Acc: 39.662
2018-09-19 14:23:04,682:INFO: [TRAIN] Step: 372 ; Loss: 25.031 ; Acc: 39.689
2018-09-19 14:23:04,761:INFO: [TRAIN] Step: 373 ; Loss: 29.037 ; Acc: 39.717
2018-09-19 14:23:04,836:INFO: [TRAIN] Step: 374 ; Loss: 22.045 ; Acc: 39.800
2018-09-19 14:23:04,919:INFO: [TRAIN] Step: 375 ; Loss: 29.457 ; Acc: 39.816
2018-09-19 14:23:04,991:INFO: [TRAIN] Step: 376 ; Loss: 28.543 ; Acc: 39.799
2018-09-19 14:23:05,071:INFO: [TRAIN] Step: 377 ; Loss: 27.712 ; Acc: 39.793
2018-09-19 14:23:05,146:INFO: [TRAIN] Step: 378 ; Loss: 22.725 ; Acc: 39.853
2018-09-19 14:23:05,225:INFO: [TRAIN] Step: 379 ; Loss: 26.397 ; Acc: 39.879
2018-09-19 14:23:05,300:INFO: [TRAIN] Step: 380 ; Loss: 23.688 ; Acc: 39.895
2018-09-19 14:23:05,383:INFO: [TRAIN] Step: 381 ; Loss: 23.816 ; Acc: 39.867
2018-09-19 14:23:05,456:INFO: [TRAIN] Step: 382 ; Loss: 27.288 ; Acc: 39.883
2018-09-19 14:23:05,537:INFO: [TRAIN] Step: 383 ; Loss: 25.303 ; Acc: 39.909
2018-09-19 14:23:05,612:INFO: [TRAIN] Step: 384 ; Loss: 23.864 ; Acc: 39.903
2018-09-19 14:23:05,692:INFO: [TRAIN] Step: 385 ; Loss: 29.170 ; Acc: 39.875
2018-09-19 14:23:05,767:INFO: [TRAIN] Step: 386 ; Loss: 25.684 ; Acc: 39.879
2018-09-19 14:23:05,852:INFO: [TRAIN] Step: 387 ; Loss: 29.457 ; Acc: 39.841
2018-09-19 14:23:05,925:INFO: [TRAIN] Step: 388 ; Loss: 25.591 ; Acc: 39.856
2018-09-19 14:23:06,005:INFO: [TRAIN] Step: 389 ; Loss: 26.083 ; Acc: 39.893
2018-09-19 14:23:06,079:INFO: [TRAIN] Step: 390 ; Loss: 25.117 ; Acc: 39.962
2018-09-19 14:23:06,161:INFO: [TRAIN] Step: 391 ; Loss: 23.223 ; Acc: 40.019
2018-09-19 14:23:06,237:INFO: [TRAIN] Step: 392 ; Loss: 23.399 ; Acc: 40.034
2018-09-19 14:23:06,320:INFO: [TRAIN] Step: 393 ; Loss: 24.776 ; Acc: 40.049
2018-09-19 14:23:06,393:INFO: [TRAIN] Step: 394 ; Loss: 25.926 ; Acc: 40.053
2018-09-19 14:23:06,472:INFO: [TRAIN] Step: 395 ; Loss: 30.708 ; Acc: 40.036
2018-09-19 14:23:06,544:INFO: [TRAIN] Step: 396 ; Loss: 23.745 ; Acc: 40.082
2018-09-19 14:23:06,626:INFO: [TRAIN] Step: 397 ; Loss: 22.928 ; Acc: 40.086
2018-09-19 14:23:06,698:INFO: [TRAIN] Step: 398 ; Loss: 26.135 ; Acc: 40.121
2018-09-19 14:23:06,779:INFO: [TRAIN] Step: 399 ; Loss: 20.609 ; Acc: 40.156
2018-09-19 14:23:06,853:INFO: [TRAIN] Step: 400 ; Loss: 28.475 ; Acc: 40.150
2018-09-19 14:23:06,933:INFO: [TRAIN] Step: 401 ; Loss: 24.320 ; Acc: 40.195
2018-09-19 14:23:07,007:INFO: [TRAIN] Step: 402 ; Loss: 25.278 ; Acc: 40.240
2018-09-19 14:23:07,086:INFO: [TRAIN] Step: 403 ; Loss: 31.733 ; Acc: 40.223
2018-09-19 14:23:07,160:INFO: [TRAIN] Step: 404 ; Loss: 26.461 ; Acc: 40.257
2018-09-19 14:23:07,240:INFO: [TRAIN] Step: 405 ; Loss: 23.405 ; Acc: 40.281
2018-09-19 14:23:07,317:INFO: [TRAIN] Step: 406 ; Loss: 27.240 ; Acc: 40.264
2018-09-19 14:23:07,402:INFO: [TRAIN] Step: 407 ; Loss: 25.754 ; Acc: 40.298
2018-09-19 14:23:07,477:INFO: [TRAIN] Step: 408 ; Loss: 26.135 ; Acc: 40.332
2018-09-19 14:23:07,563:INFO: [TRAIN] Step: 409 ; Loss: 23.435 ; Acc: 40.376
2018-09-19 14:23:07,637:INFO: [TRAIN] Step: 410 ; Loss: 26.613 ; Acc: 40.389
2018-09-19 14:23:07,718:INFO: [TRAIN] Step: 411 ; Loss: 24.540 ; Acc: 40.443
2018-09-19 14:23:07,791:INFO: [TRAIN] Step: 412 ; Loss: 24.324 ; Acc: 40.456
2018-09-19 14:23:07,869:INFO: [TRAIN] Step: 413 ; Loss: 26.439 ; Acc: 40.469
2018-09-19 14:23:07,945:INFO: [TRAIN] Step: 414 ; Loss: 29.620 ; Acc: 40.462
2018-09-19 14:23:08,027:INFO: [TRAIN] Step: 415 ; Loss: 24.337 ; Acc: 40.505
2018-09-19 14:23:08,102:INFO: [TRAIN] Step: 416 ; Loss: 24.009 ; Acc: 40.538
2018-09-19 14:23:08,184:INFO: [TRAIN] Step: 417 ; Loss: 23.832 ; Acc: 40.570
2018-09-19 14:23:08,260:INFO: [TRAIN] Step: 418 ; Loss: 23.868 ; Acc: 40.613
2018-09-19 14:23:08,341:INFO: [TRAIN] Step: 419 ; Loss: 23.205 ; Acc: 40.645
2018-09-19 14:23:08,415:INFO: [TRAIN] Step: 420 ; Loss: 21.191 ; Acc: 40.707
2018-09-19 14:23:08,493:INFO: [TRAIN] Step: 421 ; Loss: 33.239 ; Acc: 40.689
2018-09-19 14:23:08,566:INFO: [TRAIN] Step: 422 ; Loss: 24.555 ; Acc: 40.711
2018-09-19 14:23:08,649:INFO: [TRAIN] Step: 423 ; Loss: 27.712 ; Acc: 40.723
2018-09-19 14:23:08,722:INFO: [TRAIN] Step: 424 ; Loss: 21.537 ; Acc: 40.765
2018-09-19 14:23:08,802:INFO: [TRAIN] Step: 425 ; Loss: 27.302 ; Acc: 40.777
2018-09-19 14:23:08,875:INFO: [TRAIN] Step: 426 ; Loss: 21.729 ; Acc: 40.847
2018-09-19 14:23:08,955:INFO: [TRAIN] Step: 427 ; Loss: 28.219 ; Acc: 40.839
2018-09-19 14:23:09,030:INFO: [TRAIN] Step: 428 ; Loss: 27.864 ; Acc: 40.802
2018-09-19 14:23:09,111:INFO: [TRAIN] Step: 429 ; Loss: 28.997 ; Acc: 40.824
2018-09-19 14:23:09,185:INFO: [TRAIN] Step: 430 ; Loss: 25.144 ; Acc: 40.816
2018-09-19 14:23:09,264:INFO: [TRAIN] Step: 431 ; Loss: 25.523 ; Acc: 40.847
2018-09-19 14:23:09,339:INFO: [TRAIN] Step: 432 ; Loss: 26.157 ; Acc: 40.868
2018-09-19 14:23:09,420:INFO: [TRAIN] Step: 433 ; Loss: 27.960 ; Acc: 40.860
2018-09-19 14:23:09,496:INFO: [TRAIN] Step: 434 ; Loss: 26.364 ; Acc: 40.833
2018-09-19 14:23:09,576:INFO: [TRAIN] Step: 435 ; Loss: 24.179 ; Acc: 40.864
2018-09-19 14:23:09,650:INFO: [TRAIN] Step: 436 ; Loss: 26.269 ; Acc: 40.856
2018-09-19 14:23:09,729:INFO: [TRAIN] Step: 437 ; Loss: 25.218 ; Acc: 40.858
2018-09-19 14:23:09,803:INFO: [TRAIN] Step: 438 ; Loss: 25.992 ; Acc: 40.860
2018-09-19 14:23:09,882:INFO: [TRAIN] Step: 439 ; Loss: 26.032 ; Acc: 40.862
2018-09-19 14:23:09,957:INFO: [TRAIN] Step: 440 ; Loss: 25.406 ; Acc: 40.864
2018-09-19 14:23:10,043:INFO: [TRAIN] Step: 441 ; Loss: 26.047 ; Acc: 40.884
2018-09-19 14:23:10,120:INFO: [TRAIN] Step: 442 ; Loss: 23.471 ; Acc: 40.886
2018-09-19 14:23:10,200:INFO: [TRAIN] Step: 443 ; Loss: 22.101 ; Acc: 40.935
2018-09-19 14:23:10,275:INFO: [TRAIN] Step: 444 ; Loss: 21.390 ; Acc: 41.021
2018-09-19 14:23:10,358:INFO: [TRAIN] Step: 445 ; Loss: 27.550 ; Acc: 41.013
2018-09-19 14:23:10,433:INFO: [TRAIN] Step: 446 ; Loss: 25.097 ; Acc: 41.033
2018-09-19 14:23:10,515:INFO: [TRAIN] Step: 447 ; Loss: 30.904 ; Acc: 41.025
2018-09-19 14:23:10,589:INFO: [TRAIN] Step: 448 ; Loss: 22.255 ; Acc: 41.063
2018-09-19 14:23:10,671:INFO: [TRAIN] Step: 449 ; Loss: 27.303 ; Acc: 41.009
2018-09-19 14:23:10,746:INFO: [TRAIN] Step: 450 ; Loss: 20.985 ; Acc: 41.029
2018-09-19 14:23:10,825:INFO: [TRAIN] Step: 451 ; Loss: 25.507 ; Acc: 41.049
2018-09-19 14:23:10,901:INFO: [TRAIN] Step: 452 ; Loss: 24.934 ; Acc: 41.050
2018-09-19 14:23:10,982:INFO: [TRAIN] Step: 453 ; Loss: 24.919 ; Acc: 41.061
2018-09-19 14:23:11,056:INFO: [TRAIN] Step: 454 ; Loss: 29.502 ; Acc: 41.053
2018-09-19 14:23:11,137:INFO: [TRAIN] Step: 455 ; Loss: 26.232 ; Acc: 41.018
2018-09-19 14:23:11,214:INFO: [TRAIN] Step: 456 ; Loss: 23.441 ; Acc: 41.047
2018-09-19 14:23:11,292:INFO: [TRAIN] Step: 457 ; Loss: 21.722 ; Acc: 41.094
2018-09-19 14:23:11,369:INFO: [TRAIN] Step: 458 ; Loss: 20.581 ; Acc: 41.131
2018-09-19 14:23:11,450:INFO: [TRAIN] Step: 459 ; Loss: 23.561 ; Acc: 41.123
2018-09-19 14:23:11,524:INFO: [TRAIN] Step: 460 ; Loss: 24.089 ; Acc: 41.133
2018-09-19 14:23:11,606:INFO: [TRAIN] Step: 461 ; Loss: 24.249 ; Acc: 41.144
2018-09-19 14:23:11,684:INFO: [TRAIN] Step: 462 ; Loss: 23.111 ; Acc: 41.163
2018-09-19 14:23:11,766:INFO: [TRAIN] Step: 463 ; Loss: 21.026 ; Acc: 41.209
2018-09-19 14:23:11,840:INFO: [TRAIN] Step: 464 ; Loss: 28.880 ; Acc: 41.219
2018-09-19 14:23:11,921:INFO: [TRAIN] Step: 465 ; Loss: 24.479 ; Acc: 41.237
2018-09-19 14:23:11,998:INFO: [TRAIN] Step: 466 ; Loss: 25.659 ; Acc: 41.221
2018-09-19 14:23:12,078:INFO: [TRAIN] Step: 467 ; Loss: 22.328 ; Acc: 41.248
2018-09-19 14:23:12,151:INFO: [TRAIN] Step: 468 ; Loss: 23.743 ; Acc: 41.276
2018-09-19 14:23:12,230:INFO: [TRAIN] Step: 469 ; Loss: 24.085 ; Acc: 41.312
2018-09-19 14:23:12,303:INFO: [TRAIN] Step: 470 ; Loss: 27.903 ; Acc: 41.304
2018-09-19 14:23:12,387:INFO: [TRAIN] Step: 471 ; Loss: 26.811 ; Acc: 41.305
2018-09-19 14:23:12,461:INFO: [TRAIN] Step: 472 ; Loss: 22.576 ; Acc: 41.323
2018-09-19 14:23:12,540:INFO: [TRAIN] Step: 473 ; Loss: 22.374 ; Acc: 41.324
2018-09-19 14:23:12,615:INFO: [TRAIN] Step: 474 ; Loss: 23.191 ; Acc: 41.351
2018-09-19 14:23:12,694:INFO: [TRAIN] Step: 475 ; Loss: 21.461 ; Acc: 41.360
2018-09-19 14:23:12,769:INFO: [TRAIN] Step: 476 ; Loss: 29.540 ; Acc: 41.361
2018-09-19 14:23:12,853:INFO: [TRAIN] Step: 477 ; Loss: 23.587 ; Acc: 41.370
2018-09-19 14:23:12,928:INFO: [TRAIN] Step: 478 ; Loss: 25.699 ; Acc: 41.388
2018-09-19 14:23:13,008:INFO: [TRAIN] Step: 479 ; Loss: 20.680 ; Acc: 41.406
2018-09-19 14:23:13,083:INFO: [TRAIN] Step: 480 ; Loss: 25.430 ; Acc: 41.441
2018-09-19 14:23:13,165:INFO: [TRAIN] Step: 481 ; Loss: 25.435 ; Acc: 41.451
2018-09-19 14:23:13,239:INFO: [TRAIN] Step: 482 ; Loss: 25.896 ; Acc: 41.434
2018-09-19 14:23:13,323:INFO: [TRAIN] Step: 483 ; Loss: 22.787 ; Acc: 41.494
2018-09-19 14:23:13,397:INFO: [TRAIN] Step: 484 ; Loss: 26.067 ; Acc: 41.478
2018-09-19 14:23:13,479:INFO: [TRAIN] Step: 485 ; Loss: 25.691 ; Acc: 41.478
2018-09-19 14:23:13,553:INFO: [TRAIN] Step: 486 ; Loss: 24.482 ; Acc: 41.461
2018-09-19 14:23:13,635:INFO: [TRAIN] Step: 487 ; Loss: 26.840 ; Acc: 41.462
2018-09-19 14:23:13,710:INFO: [TRAIN] Step: 488 ; Loss: 27.532 ; Acc: 41.454
2018-09-19 14:23:13,790:INFO: [TRAIN] Step: 489 ; Loss: 25.367 ; Acc: 41.437
2018-09-19 14:23:13,863:INFO: [TRAIN] Step: 490 ; Loss: 28.379 ; Acc: 41.429
2018-09-19 14:23:13,941:INFO: [TRAIN] Step: 491 ; Loss: 24.379 ; Acc: 41.430
2018-09-19 14:23:14,016:INFO: [TRAIN] Step: 492 ; Loss: 25.204 ; Acc: 41.455
2018-09-19 14:23:14,102:INFO: [TRAIN] Step: 493 ; Loss: 30.518 ; Acc: 41.439
2018-09-19 14:23:14,175:INFO: [TRAIN] Step: 494 ; Loss: 25.577 ; Acc: 41.423
2018-09-19 14:23:14,257:INFO: [TRAIN] Step: 495 ; Loss: 19.587 ; Acc: 41.473
2018-09-19 14:23:14,330:INFO: [TRAIN] Step: 496 ; Loss: 24.758 ; Acc: 41.491
2018-09-19 14:23:14,412:INFO: [TRAIN] Step: 497 ; Loss: 27.083 ; Acc: 41.499
2018-09-19 14:23:14,486:INFO: [TRAIN] Step: 498 ; Loss: 28.229 ; Acc: 41.508
2018-09-19 14:23:14,565:INFO: [TRAIN] Step: 499 ; Loss: 27.695 ; Acc: 41.500
2018-09-19 14:23:14,638:INFO: [TRAIN] Step: 500 ; Loss: 24.862 ; Acc: 41.509
2018-09-19 14:23:14,717:INFO: [TRAIN] Step: 501 ; Loss: 23.962 ; Acc: 41.517
2018-09-19 14:23:14,791:INFO: [TRAIN] Step: 502 ; Loss: 28.020 ; Acc: 41.493
2018-09-19 14:23:14,873:INFO: [TRAIN] Step: 503 ; Loss: 24.554 ; Acc: 41.534
2018-09-19 14:23:14,946:INFO: [TRAIN] Step: 504 ; Loss: 24.546 ; Acc: 41.551
2018-09-19 14:23:15,028:INFO: [TRAIN] Step: 505 ; Loss: 22.120 ; Acc: 41.576
2018-09-19 14:23:15,102:INFO: [TRAIN] Step: 506 ; Loss: 24.835 ; Acc: 41.609
2018-09-19 14:23:15,182:INFO: [TRAIN] Step: 507 ; Loss: 21.860 ; Acc: 41.617
2018-09-19 14:23:15,257:INFO: [TRAIN] Step: 508 ; Loss: 24.180 ; Acc: 41.650
2018-09-19 14:23:15,337:INFO: [TRAIN] Step: 509 ; Loss: 24.940 ; Acc: 41.667
2018-09-19 14:23:15,411:INFO: [TRAIN] Step: 510 ; Loss: 24.866 ; Acc: 41.667
2018-09-19 14:23:15,494:INFO: [TRAIN] Step: 511 ; Loss: 21.727 ; Acc: 41.699
2018-09-19 14:23:15,569:INFO: [TRAIN] Step: 512 ; Loss: 21.354 ; Acc: 41.740
2018-09-19 14:23:15,648:INFO: [TRAIN] Step: 513 ; Loss: 29.715 ; Acc: 41.740
2018-09-19 14:23:15,725:INFO: [TRAIN] Step: 514 ; Loss: 20.314 ; Acc: 41.764
2018-09-19 14:23:15,804:INFO: [TRAIN] Step: 515 ; Loss: 24.449 ; Acc: 41.747
2018-09-19 14:23:15,877:INFO: [TRAIN] Step: 516 ; Loss: 26.287 ; Acc: 41.755
2018-09-19 14:23:15,958:INFO: [TRAIN] Step: 517 ; Loss: 24.417 ; Acc: 41.811
2018-09-19 14:23:16,030:INFO: [TRAIN] Step: 518 ; Loss: 22.782 ; Acc: 41.835
2018-09-19 14:23:16,111:INFO: [TRAIN] Step: 519 ; Loss: 23.599 ; Acc: 41.827
2018-09-19 14:23:16,186:INFO: [TRAIN] Step: 520 ; Loss: 24.766 ; Acc: 41.851
2018-09-19 14:23:16,267:INFO: [TRAIN] Step: 521 ; Loss: 24.721 ; Acc: 41.866
2018-09-19 14:23:16,340:INFO: [TRAIN] Step: 522 ; Loss: 28.648 ; Acc: 41.842
2018-09-19 14:23:16,423:INFO: [TRAIN] Step: 523 ; Loss: 26.590 ; Acc: 41.842
2018-09-19 14:23:16,496:INFO: [TRAIN] Step: 524 ; Loss: 25.609 ; Acc: 41.873
2018-09-19 14:23:16,575:INFO: [TRAIN] Step: 525 ; Loss: 22.711 ; Acc: 41.904
2018-09-19 14:23:16,647:INFO: [TRAIN] Step: 526 ; Loss: 24.537 ; Acc: 41.920
2018-09-19 14:23:16,728:INFO: [TRAIN] Step: 527 ; Loss: 26.695 ; Acc: 41.927
2018-09-19 14:23:16,802:INFO: [TRAIN] Step: 528 ; Loss: 25.794 ; Acc: 41.934
2018-09-19 14:23:16,881:INFO: [TRAIN] Step: 529 ; Loss: 26.941 ; Acc: 41.934
2018-09-19 14:23:16,955:INFO: [TRAIN] Step: 530 ; Loss: 27.906 ; Acc: 41.918
2018-09-19 14:23:17,038:INFO: [TRAIN] Step: 531 ; Loss: 22.853 ; Acc: 41.941
2018-09-19 14:23:17,115:INFO: [TRAIN] Step: 532 ; Loss: 22.502 ; Acc: 41.995
2018-09-19 14:23:17,194:INFO: [TRAIN] Step: 533 ; Loss: 27.456 ; Acc: 41.987
2018-09-19 14:23:17,267:INFO: [TRAIN] Step: 534 ; Loss: 26.461 ; Acc: 42.002
2018-09-19 14:23:17,346:INFO: [TRAIN] Step: 535 ; Loss: 23.412 ; Acc: 42.063
2018-09-19 14:23:17,427:INFO: [TRAIN] Step: 536 ; Loss: 22.565 ; Acc: 42.101
2018-09-19 14:23:17,508:INFO: [TRAIN] Step: 537 ; Loss: 21.015 ; Acc: 42.124
2018-09-19 14:23:17,587:INFO: [TRAIN] Step: 538 ; Loss: 23.925 ; Acc: 42.154
2018-09-19 14:23:17,676:INFO: [TRAIN] Step: 539 ; Loss: 25.889 ; Acc: 42.168
2018-09-19 14:23:17,750:INFO: [TRAIN] Step: 540 ; Loss: 21.084 ; Acc: 42.213
2018-09-19 14:23:17,831:INFO: [TRAIN] Step: 541 ; Loss: 30.612 ; Acc: 42.205
2018-09-19 14:23:17,908:INFO: [TRAIN] Step: 542 ; Loss: 20.735 ; Acc: 42.219
2018-09-19 14:23:17,987:INFO: [TRAIN] Step: 543 ; Loss: 21.881 ; Acc: 42.249
2018-09-19 14:23:18,062:INFO: [TRAIN] Step: 544 ; Loss: 21.144 ; Acc: 42.271
2018-09-19 14:23:18,139:INFO: [TRAIN] Step: 545 ; Loss: 22.021 ; Acc: 42.292
2018-09-19 14:23:18,213:INFO: [TRAIN] Step: 546 ; Loss: 24.771 ; Acc: 42.299
2018-09-19 14:23:18,292:INFO: [TRAIN] Step: 547 ; Loss: 22.920 ; Acc: 42.343
2018-09-19 14:23:18,366:INFO: [TRAIN] Step: 548 ; Loss: 31.116 ; Acc: 42.335
2018-09-19 14:23:18,447:INFO: [TRAIN] Step: 549 ; Loss: 23.357 ; Acc: 42.356
2018-09-19 14:23:18,520:INFO: [TRAIN] Step: 550 ; Loss: 22.563 ; Acc: 42.377
2018-09-19 14:23:18,604:INFO: [TRAIN] Step: 551 ; Loss: 24.631 ; Acc: 42.414
2018-09-19 14:23:18,678:INFO: [TRAIN] Step: 552 ; Loss: 26.849 ; Acc: 42.443
2018-09-19 14:23:18,761:INFO: [TRAIN] Step: 553 ; Loss: 25.080 ; Acc: 42.456
2018-09-19 14:23:18,834:INFO: [TRAIN] Step: 554 ; Loss: 23.238 ; Acc: 42.485
2018-09-19 14:23:18,915:INFO: [TRAIN] Step: 555 ; Loss: 27.507 ; Acc: 42.461
2018-09-19 14:23:18,991:INFO: [TRAIN] Step: 556 ; Loss: 24.219 ; Acc: 42.482
2018-09-19 14:23:19,070:INFO: [TRAIN] Step: 557 ; Loss: 24.422 ; Acc: 42.503
2018-09-19 14:23:19,145:INFO: [TRAIN] Step: 558 ; Loss: 26.543 ; Acc: 42.494
2018-09-19 14:23:19,223:INFO: [TRAIN] Step: 559 ; Loss: 26.139 ; Acc: 42.515
2018-09-19 14:23:19,298:INFO: [TRAIN] Step: 560 ; Loss: 20.386 ; Acc: 42.528
2018-09-19 14:23:19,378:INFO: [TRAIN] Step: 561 ; Loss: 27.452 ; Acc: 42.512
2018-09-19 14:23:19,451:INFO: [TRAIN] Step: 562 ; Loss: 23.976 ; Acc: 42.540
2018-09-19 14:23:19,531:INFO: [TRAIN] Step: 563 ; Loss: 22.281 ; Acc: 42.583
2018-09-19 14:23:19,604:INFO: [TRAIN] Step: 564 ; Loss: 22.419 ; Acc: 42.611
2018-09-19 14:23:19,686:INFO: [TRAIN] Step: 565 ; Loss: 23.203 ; Acc: 42.602
2018-09-19 14:23:19,764:INFO: [TRAIN] Step: 566 ; Loss: 24.711 ; Acc: 42.644
2018-09-19 14:23:19,846:INFO: [TRAIN] Step: 567 ; Loss: 26.198 ; Acc: 42.650
2018-09-19 14:23:19,920:INFO: [TRAIN] Step: 568 ; Loss: 32.539 ; Acc: 42.633
2018-09-19 14:23:19,998:INFO: [TRAIN] Step: 569 ; Loss: 27.001 ; Acc: 42.632
2018-09-19 14:23:20,072:INFO: [TRAIN] Step: 570 ; Loss: 24.469 ; Acc: 42.644
2018-09-19 14:23:20,152:INFO: [TRAIN] Step: 571 ; Loss: 26.081 ; Acc: 42.643
2018-09-19 14:23:20,228:INFO: [TRAIN] Step: 572 ; Loss: 25.283 ; Acc: 42.656
2018-09-19 14:23:20,309:INFO: [TRAIN] Step: 573 ; Loss: 22.605 ; Acc: 42.654
2018-09-19 14:23:20,383:INFO: [TRAIN] Step: 574 ; Loss: 29.262 ; Acc: 42.645
2018-09-19 14:23:20,469:INFO: [TRAIN] Step: 575 ; Loss: 21.675 ; Acc: 42.650
2018-09-19 14:23:20,543:INFO: [TRAIN] Step: 576 ; Loss: 26.444 ; Acc: 42.656
2018-09-19 14:23:20,622:INFO: [TRAIN] Step: 577 ; Loss: 24.460 ; Acc: 42.698
2018-09-19 14:23:20,695:INFO: [TRAIN] Step: 578 ; Loss: 28.295 ; Acc: 42.710
2018-09-19 14:23:20,777:INFO: [TRAIN] Step: 579 ; Loss: 24.317 ; Acc: 42.744
2018-09-19 14:23:20,853:INFO: [TRAIN] Step: 580 ; Loss: 27.032 ; Acc: 42.757
2018-09-19 14:23:20,934:INFO: [TRAIN] Step: 581 ; Loss: 22.618 ; Acc: 42.755
2018-09-19 14:23:21,008:INFO: [TRAIN] Step: 582 ; Loss: 25.394 ; Acc: 42.767
2018-09-19 14:23:21,089:INFO: [TRAIN] Step: 583 ; Loss: 25.596 ; Acc: 42.773
2018-09-19 14:23:21,164:INFO: [TRAIN] Step: 584 ; Loss: 22.046 ; Acc: 42.806
2018-09-19 14:23:21,246:INFO: [TRAIN] Step: 585 ; Loss: 25.928 ; Acc: 42.811
2018-09-19 14:23:21,319:INFO: [TRAIN] Step: 586 ; Loss: 23.429 ; Acc: 42.809
2018-09-19 14:23:21,401:INFO: [TRAIN] Step: 587 ; Loss: 23.522 ; Acc: 42.808
2018-09-19 14:23:21,474:INFO: [TRAIN] Step: 588 ; Loss: 26.299 ; Acc: 42.806
2018-09-19 14:23:21,553:INFO: [TRAIN] Step: 589 ; Loss: 27.148 ; Acc: 42.797
2018-09-19 14:23:21,627:INFO: [TRAIN] Step: 590 ; Loss: 26.107 ; Acc: 42.802
2018-09-19 14:23:21,705:INFO: [TRAIN] Step: 591 ; Loss: 28.458 ; Acc: 42.807
2018-09-19 14:23:21,781:INFO: [TRAIN] Step: 592 ; Loss: 28.516 ; Acc: 42.798
2018-09-19 14:23:21,859:INFO: [TRAIN] Step: 593 ; Loss: 28.289 ; Acc: 42.775
2018-09-19 14:23:21,933:INFO: [TRAIN] Step: 594 ; Loss: 24.100 ; Acc: 42.808
2018-09-19 14:23:22,015:INFO: [TRAIN] Step: 595 ; Loss: 21.743 ; Acc: 42.848
2018-09-19 14:23:22,089:INFO: [TRAIN] Step: 596 ; Loss: 21.719 ; Acc: 42.874
2018-09-19 14:23:22,168:INFO: [TRAIN] Step: 597 ; Loss: 27.869 ; Acc: 42.872
2018-09-19 14:23:22,242:INFO: [TRAIN] Step: 598 ; Loss: 24.484 ; Acc: 42.898
2018-09-19 14:23:22,322:INFO: [TRAIN] Step: 599 ; Loss: 23.730 ; Acc: 42.889
2018-09-19 14:23:22,395:INFO: [TRAIN] Step: 600 ; Loss: 25.418 ; Acc: 42.901
2018-09-19 14:23:22,475:INFO: [TRAIN] Step: 601 ; Loss: 22.917 ; Acc: 42.926
2018-09-19 14:23:22,549:INFO: [TRAIN] Step: 602 ; Loss: 23.987 ; Acc: 42.931
2018-09-19 14:23:22,629:INFO: [TRAIN] Step: 603 ; Loss: 23.497 ; Acc: 42.943
2018-09-19 14:23:22,704:INFO: [TRAIN] Step: 604 ; Loss: 26.076 ; Acc: 42.968
2018-09-19 14:23:22,785:INFO: [TRAIN] Step: 605 ; Loss: 25.649 ; Acc: 42.946
2018-09-19 14:23:22,858:INFO: [TRAIN] Step: 606 ; Loss: 22.447 ; Acc: 42.985
2018-09-19 14:23:22,938:INFO: [TRAIN] Step: 607 ; Loss: 26.789 ; Acc: 42.989
2018-09-19 14:23:23,012:INFO: [TRAIN] Step: 608 ; Loss: 23.439 ; Acc: 42.994
2018-09-19 14:23:23,091:INFO: [TRAIN] Step: 609 ; Loss: 20.883 ; Acc: 43.033
2018-09-19 14:23:23,166:INFO: [TRAIN] Step: 610 ; Loss: 24.610 ; Acc: 43.051
2018-09-19 14:23:23,246:INFO: [TRAIN] Step: 611 ; Loss: 23.061 ; Acc: 43.069
2018-09-19 14:23:23,320:INFO: [TRAIN] Step: 612 ; Loss: 22.975 ; Acc: 43.080
2018-09-19 14:23:23,399:INFO: [TRAIN] Step: 613 ; Loss: 25.138 ; Acc: 43.092
2018-09-19 14:23:23,472:INFO: [TRAIN] Step: 614 ; Loss: 23.720 ; Acc: 43.130
2018-09-19 14:23:23,552:INFO: [TRAIN] Step: 615 ; Loss: 24.773 ; Acc: 43.155
2018-09-19 14:23:23,627:INFO: [TRAIN] Step: 616 ; Loss: 28.345 ; Acc: 43.152
2018-09-19 14:23:23,706:INFO: [TRAIN] Step: 617 ; Loss: 24.014 ; Acc: 43.163
2018-09-19 14:23:23,780:INFO: [TRAIN] Step: 618 ; Loss: 23.094 ; Acc: 43.188
2018-09-19 14:23:23,861:INFO: [TRAIN] Step: 619 ; Loss: 21.680 ; Acc: 43.206
2018-09-19 14:23:23,937:INFO: [TRAIN] Step: 620 ; Loss: 26.973 ; Acc: 43.183
2018-09-19 14:23:24,019:INFO: [TRAIN] Step: 621 ; Loss: 25.251 ; Acc: 43.181
2018-09-19 14:23:24,095:INFO: [TRAIN] Step: 622 ; Loss: 21.765 ; Acc: 43.205
2018-09-19 14:23:24,176:INFO: [TRAIN] Step: 623 ; Loss: 25.178 ; Acc: 43.236
2018-09-19 14:23:24,251:INFO: [TRAIN] Step: 624 ; Loss: 25.305 ; Acc: 43.233
2018-09-19 14:23:24,334:INFO: [TRAIN] Step: 625 ; Loss: 26.829 ; Acc: 43.251
2018-09-19 14:23:24,408:INFO: [TRAIN] Step: 626 ; Loss: 22.733 ; Acc: 43.288
2018-09-19 14:23:24,492:INFO: [TRAIN] Step: 627 ; Loss: 23.660 ; Acc: 43.325
2018-09-19 14:23:24,568:INFO: [TRAIN] Step: 628 ; Loss: 25.035 ; Acc: 43.323
2018-09-19 14:23:24,651:INFO: [TRAIN] Step: 629 ; Loss: 25.759 ; Acc: 43.340
2018-09-19 14:23:24,727:INFO: [TRAIN] Step: 630 ; Loss: 26.370 ; Acc: 43.331
2018-09-19 14:23:24,810:INFO: [TRAIN] Step: 631 ; Loss: 24.025 ; Acc: 43.335
2018-09-19 14:23:24,886:INFO: [TRAIN] Step: 632 ; Loss: 22.410 ; Acc: 43.345
2018-09-19 14:23:24,969:INFO: [TRAIN] Step: 633 ; Loss: 23.029 ; Acc: 43.382
2018-09-19 14:23:25,044:INFO: [TRAIN] Step: 634 ; Loss: 24.308 ; Acc: 43.392
2018-09-19 14:23:25,127:INFO: [TRAIN] Step: 635 ; Loss: 23.090 ; Acc: 43.403
2018-09-19 14:23:25,203:INFO: [TRAIN] Step: 636 ; Loss: 31.269 ; Acc: 43.400
2018-09-19 14:23:25,285:INFO: [TRAIN] Step: 637 ; Loss: 23.087 ; Acc: 43.417
2018-09-19 14:23:25,360:INFO: [TRAIN] Step: 638 ; Loss: 26.587 ; Acc: 43.408
2018-09-19 14:23:25,441:INFO: [TRAIN] Step: 639 ; Loss: 26.795 ; Acc: 43.418
2018-09-19 14:23:25,518:INFO: [TRAIN] Step: 640 ; Loss: 29.329 ; Acc: 43.415
2018-09-19 14:23:25,601:INFO: [TRAIN] Step: 641 ; Loss: 22.300 ; Acc: 43.413
2018-09-19 14:23:25,676:INFO: [TRAIN] Step: 642 ; Loss: 24.393 ; Acc: 43.429
2018-09-19 14:23:25,759:INFO: [TRAIN] Step: 643 ; Loss: 26.819 ; Acc: 43.420
2018-09-19 14:23:25,837:INFO: [TRAIN] Step: 644 ; Loss: 28.440 ; Acc: 43.417
2018-09-19 14:23:25,922:INFO: [TRAIN] Step: 645 ; Loss: 24.321 ; Acc: 43.453
2018-09-19 14:23:26,002:INFO: [TRAIN] Step: 646 ; Loss: 27.032 ; Acc: 43.451
2018-09-19 14:23:26,089:INFO: [TRAIN] Step: 647 ; Loss: 22.060 ; Acc: 43.467
2018-09-19 14:23:26,170:INFO: [TRAIN] Step: 648 ; Loss: 20.733 ; Acc: 43.496
2018-09-19 14:23:26,256:INFO: [TRAIN] Step: 649 ; Loss: 21.368 ; Acc: 43.519
2018-09-19 14:23:26,337:INFO: [TRAIN] Step: 650 ; Loss: 23.678 ; Acc: 43.548
2018-09-19 14:23:26,422:INFO: [TRAIN] Step: 651 ; Loss: 22.341 ; Acc: 43.558
2018-09-19 14:23:26,503:INFO: [TRAIN] Step: 652 ; Loss: 28.622 ; Acc: 43.568
2018-09-19 14:23:26,593:INFO: [TRAIN] Step: 653 ; Loss: 27.048 ; Acc: 43.565
2018-09-19 14:23:26,673:INFO: [TRAIN] Step: 654 ; Loss: 28.720 ; Acc: 43.569
2018-09-19 14:23:26,760:INFO: [TRAIN] Step: 655 ; Loss: 26.428 ; Acc: 43.566
2018-09-19 14:23:26,842:INFO: [TRAIN] Step: 656 ; Loss: 23.965 ; Acc: 43.588
2018-09-19 14:23:26,929:INFO: [TRAIN] Step: 657 ; Loss: 23.225 ; Acc: 43.598
2018-09-19 14:23:27,010:INFO: [TRAIN] Step: 658 ; Loss: 27.388 ; Acc: 43.595
2018-09-19 14:23:27,097:INFO: [TRAIN] Step: 659 ; Loss: 25.173 ; Acc: 43.598
2018-09-19 14:23:27,180:INFO: [TRAIN] Step: 660 ; Loss: 24.784 ; Acc: 43.608
2018-09-19 14:23:27,269:INFO: [TRAIN] Step: 661 ; Loss: 24.796 ; Acc: 43.630
2018-09-19 14:23:27,351:INFO: [TRAIN] Step: 662 ; Loss: 26.193 ; Acc: 43.640
2018-09-19 14:23:27,442:INFO: [TRAIN] Step: 663 ; Loss: 25.975 ; Acc: 43.624
2018-09-19 14:23:27,525:INFO: [TRAIN] Step: 664 ; Loss: 28.567 ; Acc: 43.628
2018-09-19 14:23:27,624:INFO: [TRAIN] Step: 665 ; Loss: 24.133 ; Acc: 43.656
2018-09-19 14:23:27,713:INFO: [TRAIN] Step: 666 ; Loss: 25.083 ; Acc: 43.659
2018-09-19 14:23:27,806:INFO: [TRAIN] Step: 667 ; Loss: 23.615 ; Acc: 43.706
2018-09-19 14:23:27,894:INFO: [TRAIN] Step: 668 ; Loss: 29.674 ; Acc: 43.678
2018-09-19 14:23:27,986:INFO: [TRAIN] Step: 669 ; Loss: 24.192 ; Acc: 43.682
2018-09-19 14:23:28,074:INFO: [TRAIN] Step: 670 ; Loss: 25.052 ; Acc: 43.666
2018-09-19 14:23:28,168:INFO: [TRAIN] Step: 671 ; Loss: 23.600 ; Acc: 43.700
2018-09-19 14:23:28,260:INFO: [TRAIN] Step: 672 ; Loss: 26.019 ; Acc: 43.716
2018-09-19 14:23:28,359:INFO: [TRAIN] Step: 673 ; Loss: 22.049 ; Acc: 43.744
2018-09-19 14:23:28,449:INFO: [TRAIN] Step: 674 ; Loss: 22.524 ; Acc: 43.772
2018-09-19 14:23:28,545:INFO: [TRAIN] Step: 675 ; Loss: 21.879 ; Acc: 43.781
2018-09-19 14:23:28,635:INFO: [TRAIN] Step: 676 ; Loss: 21.069 ; Acc: 43.802
2018-09-19 14:23:28,730:INFO: [TRAIN] Step: 677 ; Loss: 24.811 ; Acc: 43.811
2018-09-19 14:23:28,819:INFO: [TRAIN] Step: 678 ; Loss: 24.879 ; Acc: 43.802
2018-09-19 14:23:28,915:INFO: [TRAIN] Step: 679 ; Loss: 26.449 ; Acc: 43.817
2018-09-19 14:23:29,008:INFO: [TRAIN] Step: 680 ; Loss: 24.504 ; Acc: 43.839
2018-09-19 14:23:29,106:INFO: [TRAIN] Step: 681 ; Loss: 25.824 ; Acc: 43.842
2018-09-19 14:23:29,196:INFO: [TRAIN] Step: 682 ; Loss: 25.596 ; Acc: 43.851
2018-09-19 14:23:29,292:INFO: [TRAIN] Step: 683 ; Loss: 22.786 ; Acc: 43.872
2018-09-19 14:23:29,384:INFO: [TRAIN] Step: 684 ; Loss: 28.655 ; Acc: 43.850
2018-09-19 14:23:29,487:INFO: [TRAIN] Step: 685 ; Loss: 23.900 ; Acc: 43.890
2018-09-19 14:23:29,580:INFO: [TRAIN] Step: 686 ; Loss: 21.380 ; Acc: 43.893
2018-09-19 14:23:29,681:INFO: [TRAIN] Step: 687 ; Loss: 24.802 ; Acc: 43.883
2018-09-19 14:23:29,779:INFO: [TRAIN] Step: 688 ; Loss: 26.434 ; Acc: 43.862
2018-09-19 14:23:29,879:INFO: [TRAIN] Step: 689 ; Loss: 25.144 ; Acc: 43.877
2018-09-19 14:23:29,977:INFO: [TRAIN] Step: 690 ; Loss: 25.849 ; Acc: 43.874
2018-09-19 14:23:30,079:INFO: [TRAIN] Step: 691 ; Loss: 22.395 ; Acc: 43.901
2018-09-19 14:23:30,178:INFO: [TRAIN] Step: 692 ; Loss: 20.345 ; Acc: 43.921
2018-09-19 14:23:30,281:INFO: [TRAIN] Step: 693 ; Loss: 22.938 ; Acc: 43.924
2018-09-19 14:23:30,377:INFO: [TRAIN] Step: 694 ; Loss: 25.766 ; Acc: 43.921
2018-09-19 14:23:30,482:INFO: [TRAIN] Step: 695 ; Loss: 23.373 ; Acc: 43.948
2018-09-19 14:23:30,581:INFO: [TRAIN] Step: 696 ; Loss: 23.638 ; Acc: 43.962
2018-09-19 14:23:30,689:INFO: [TRAIN] Step: 697 ; Loss: 22.350 ; Acc: 43.971
2018-09-19 14:23:30,785:INFO: [TRAIN] Step: 698 ; Loss: 22.625 ; Acc: 43.974
2018-09-19 14:23:30,892:INFO: [TRAIN] Step: 699 ; Loss: 22.257 ; Acc: 43.976
2018-09-19 14:23:30,998:INFO: [TRAIN] Step: 700 ; Loss: 24.265 ; Acc: 43.979
2018-09-19 14:23:31,101:INFO: [TRAIN] Step: 701 ; Loss: 22.393 ; Acc: 43.976
2018-09-19 14:23:31,205:INFO: [TRAIN] Step: 702 ; Loss: 25.005 ; Acc: 43.984
2018-09-19 14:23:31,311:INFO: [TRAIN] Step: 703 ; Loss: 24.806 ; Acc: 44.016
2018-09-19 14:23:31,414:INFO: [TRAIN] Step: 704 ; Loss: 25.560 ; Acc: 44.031
2018-09-19 14:23:31,522:INFO: [TRAIN] Step: 705 ; Loss: 23.225 ; Acc: 44.039
2018-09-19 14:23:31,626:INFO: [TRAIN] Step: 706 ; Loss: 26.364 ; Acc: 44.030
2018-09-19 14:23:31,730:INFO: [TRAIN] Step: 707 ; Loss: 26.071 ; Acc: 44.015
2018-09-19 14:23:31,834:INFO: [TRAIN] Step: 708 ; Loss: 21.230 ; Acc: 44.035
2018-09-19 14:23:31,936:INFO: [TRAIN] Step: 709 ; Loss: 29.334 ; Acc: 44.026
2018-09-19 14:23:32,041:INFO: [TRAIN] Step: 710 ; Loss: 26.231 ; Acc: 44.034
2018-09-19 14:23:32,144:INFO: [TRAIN] Step: 711 ; Loss: 26.057 ; Acc: 44.048
2018-09-19 14:23:32,251:INFO: [TRAIN] Step: 712 ; Loss: 23.129 ; Acc: 44.045
2018-09-19 14:23:32,356:INFO: [TRAIN] Step: 713 ; Loss: 20.071 ; Acc: 44.071
2018-09-19 14:23:32,462:INFO: [TRAIN] Step: 714 ; Loss: 23.653 ; Acc: 44.068
2018-09-19 14:23:32,569:INFO: [TRAIN] Step: 715 ; Loss: 24.690 ; Acc: 44.076
2018-09-19 14:23:32,676:INFO: [TRAIN] Step: 716 ; Loss: 24.409 ; Acc: 44.078
2018-09-19 14:23:32,783:INFO: [TRAIN] Step: 717 ; Loss: 26.541 ; Acc: 44.081
2018-09-19 14:23:32,889:INFO: [TRAIN] Step: 718 ; Loss: 22.252 ; Acc: 44.106
2018-09-19 14:23:32,995:INFO: [TRAIN] Step: 719 ; Loss: 22.743 ; Acc: 44.103
2018-09-19 14:23:33,100:INFO: [TRAIN] Step: 720 ; Loss: 26.031 ; Acc: 44.129
2018-09-19 14:23:33,203:INFO: [TRAIN] Step: 721 ; Loss: 27.646 ; Acc: 44.131
2018-09-19 14:23:33,312:INFO: [TRAIN] Step: 722 ; Loss: 20.143 ; Acc: 44.174
2018-09-19 14:23:33,417:INFO: [TRAIN] Step: 723 ; Loss: 23.437 ; Acc: 44.187
2018-09-19 14:23:33,524:INFO: [TRAIN] Step: 724 ; Loss: 23.797 ; Acc: 44.190
2018-09-19 14:23:33,629:INFO: [TRAIN] Step: 725 ; Loss: 31.238 ; Acc: 44.169
2018-09-19 14:23:33,735:INFO: [TRAIN] Step: 726 ; Loss: 22.384 ; Acc: 44.177
2018-09-19 14:23:33,845:INFO: [TRAIN] Step: 727 ; Loss: 21.103 ; Acc: 44.191
2018-09-19 14:23:33,947:INFO: [TRAIN] Step: 728 ; Loss: 24.890 ; Acc: 44.216
2018-09-19 14:23:34,055:INFO: [TRAIN] Step: 729 ; Loss: 25.381 ; Acc: 44.212
2018-09-19 14:23:34,159:INFO: [TRAIN] Step: 730 ; Loss: 26.588 ; Acc: 44.220
2018-09-19 14:23:34,268:INFO: [TRAIN] Step: 731 ; Loss: 22.514 ; Acc: 44.245
2018-09-19 14:23:34,377:INFO: [TRAIN] Step: 732 ; Loss: 21.272 ; Acc: 44.259
2018-09-19 14:23:34,482:INFO: [TRAIN] Step: 733 ; Loss: 21.312 ; Acc: 44.278
2018-09-19 14:23:34,590:INFO: [TRAIN] Step: 734 ; Loss: 25.320 ; Acc: 44.303
2018-09-19 14:23:34,696:INFO: [TRAIN] Step: 735 ; Loss: 23.812 ; Acc: 44.299
2018-09-19 14:23:34,804:INFO: [TRAIN] Step: 736 ; Loss: 22.391 ; Acc: 44.324
2018-09-19 14:23:34,910:INFO: [TRAIN] Step: 737 ; Loss: 24.378 ; Acc: 44.337
2018-09-19 14:23:35,015:INFO: [TRAIN] Step: 738 ; Loss: 23.336 ; Acc: 44.334
2018-09-19 14:23:35,121:INFO: [TRAIN] Step: 739 ; Loss: 22.709 ; Acc: 44.347
2018-09-19 14:23:35,227:INFO: [TRAIN] Step: 740 ; Loss: 28.077 ; Acc: 44.343
2018-09-19 14:23:35,332:INFO: [TRAIN] Step: 741 ; Loss: 24.529 ; Acc: 44.356
2018-09-19 14:23:35,440:INFO: [TRAIN] Step: 742 ; Loss: 21.083 ; Acc: 44.392
2018-09-19 14:23:35,548:INFO: [TRAIN] Step: 743 ; Loss: 21.140 ; Acc: 44.422
2018-09-19 14:23:35,658:INFO: [TRAIN] Step: 744 ; Loss: 25.395 ; Acc: 44.424
2018-09-19 14:23:35,763:INFO: [TRAIN] Step: 745 ; Loss: 22.104 ; Acc: 44.437
2018-09-19 14:23:35,871:INFO: [TRAIN] Step: 746 ; Loss: 24.029 ; Acc: 44.450
2018-09-19 14:23:35,975:INFO: [TRAIN] Step: 747 ; Loss: 22.340 ; Acc: 44.457
2018-09-19 14:23:36,089:INFO: [TRAIN] Step: 748 ; Loss: 23.467 ; Acc: 44.482
2018-09-19 14:23:36,193:INFO: [TRAIN] Step: 749 ; Loss: 26.265 ; Acc: 44.467
2018-09-19 14:23:36,300:INFO: [TRAIN] Step: 750 ; Loss: 24.596 ; Acc: 44.485
2018-09-19 14:23:36,408:INFO: [TRAIN] Step: 751 ; Loss: 23.088 ; Acc: 44.498
2018-09-19 14:23:36,515:INFO: [TRAIN] Step: 752 ; Loss: 28.354 ; Acc: 44.489
2018-09-19 14:23:36,618:INFO: [TRAIN] Step: 753 ; Loss: 22.789 ; Acc: 44.524
2018-09-19 14:23:36,724:INFO: [TRAIN] Step: 754 ; Loss: 20.410 ; Acc: 44.564
2018-09-19 14:23:36,832:INFO: [TRAIN] Step: 755 ; Loss: 22.190 ; Acc: 44.588
2018-09-19 14:23:36,935:INFO: [TRAIN] Step: 756 ; Loss: 26.462 ; Acc: 44.578
2018-09-19 14:23:37,044:INFO: [TRAIN] Step: 757 ; Loss: 21.781 ; Acc: 44.586
2018-09-19 14:23:37,148:INFO: [TRAIN] Step: 758 ; Loss: 25.314 ; Acc: 44.593
2018-09-19 14:23:37,251:INFO: [TRAIN] Step: 759 ; Loss: 28.732 ; Acc: 44.578
2018-09-19 14:23:37,356:INFO: [TRAIN] Step: 760 ; Loss: 24.308 ; Acc: 44.590
2018-09-19 14:23:37,461:INFO: [TRAIN] Step: 761 ; Loss: 27.805 ; Acc: 44.576
2018-09-19 14:23:37,570:INFO: [TRAIN] Step: 762 ; Loss: 19.939 ; Acc: 44.594
2018-09-19 14:23:37,684:INFO: [TRAIN] Step: 763 ; Loss: 28.117 ; Acc: 44.595
2018-09-19 14:23:37,794:INFO: [TRAIN] Step: 764 ; Loss: 23.790 ; Acc: 44.613
2018-09-19 14:23:37,903:INFO: [TRAIN] Step: 765 ; Loss: 21.587 ; Acc: 44.642
2018-09-19 14:23:38,012:INFO: [TRAIN] Step: 766 ; Loss: 23.311 ; Acc: 44.660
2018-09-19 14:23:38,118:INFO: [TRAIN] Step: 767 ; Loss: 22.652 ; Acc: 44.683
2018-09-19 14:23:38,223:INFO: [TRAIN] Step: 768 ; Loss: 22.752 ; Acc: 44.690
2018-09-19 14:23:38,327:INFO: [TRAIN] Step: 769 ; Loss: 21.911 ; Acc: 44.719
2018-09-19 14:23:38,433:INFO: [TRAIN] Step: 770 ; Loss: 27.696 ; Acc: 44.731
2018-09-19 14:23:38,539:INFO: [TRAIN] Step: 771 ; Loss: 26.118 ; Acc: 44.732
2018-09-19 14:23:38,647:INFO: [TRAIN] Step: 772 ; Loss: 18.860 ; Acc: 44.761
2018-09-19 14:23:38,754:INFO: [TRAIN] Step: 773 ; Loss: 25.861 ; Acc: 44.751
2018-09-19 14:23:38,862:INFO: [TRAIN] Step: 774 ; Loss: 22.714 ; Acc: 44.769
2018-09-19 14:23:38,969:INFO: [TRAIN] Step: 775 ; Loss: 22.444 ; Acc: 44.776
2018-09-19 14:23:39,079:INFO: [TRAIN] Step: 776 ; Loss: 24.118 ; Acc: 44.782
2018-09-19 14:23:39,183:INFO: [TRAIN] Step: 777 ; Loss: 23.869 ; Acc: 44.784
2018-09-19 14:23:39,287:INFO: [TRAIN] Step: 778 ; Loss: 24.001 ; Acc: 44.780
2018-09-19 14:23:39,394:INFO: [TRAIN] Step: 779 ; Loss: 20.907 ; Acc: 44.802
2018-09-19 14:23:39,500:INFO: [TRAIN] Step: 780 ; Loss: 19.981 ; Acc: 44.830
2018-09-19 14:23:39,606:INFO: [TRAIN] Step: 781 ; Loss: 23.194 ; Acc: 44.832
2018-09-19 14:23:39,712:INFO: [TRAIN] Step: 782 ; Loss: 26.278 ; Acc: 44.838
2018-09-19 14:23:39,816:INFO: [TRAIN] Step: 783 ; Loss: 28.147 ; Acc: 44.845
2018-09-19 14:23:39,922:INFO: [TRAIN] Step: 784 ; Loss: 19.345 ; Acc: 44.862
2018-09-19 14:23:40,029:INFO: [TRAIN] Step: 785 ; Loss: 32.110 ; Acc: 44.831
2018-09-19 14:23:40,136:INFO: [TRAIN] Step: 786 ; Loss: 26.339 ; Acc: 44.827
2018-09-19 14:23:40,246:INFO: [TRAIN] Step: 787 ; Loss: 21.602 ; Acc: 44.850
2018-09-19 14:23:40,351:INFO: [TRAIN] Step: 788 ; Loss: 20.078 ; Acc: 44.877
2018-09-19 14:23:40,458:INFO: [TRAIN] Step: 789 ; Loss: 26.937 ; Acc: 44.863
2018-09-19 14:23:40,562:INFO: [TRAIN] Step: 790 ; Loss: 23.628 ; Acc: 44.869
2018-09-19 14:23:40,668:INFO: [TRAIN] Step: 791 ; Loss: 28.192 ; Acc: 44.844
2018-09-19 14:23:40,774:INFO: [TRAIN] Step: 792 ; Loss: 26.427 ; Acc: 44.856
2018-09-19 14:23:40,882:INFO: [TRAIN] Step: 793 ; Loss: 20.665 ; Acc: 44.884
2018-09-19 14:23:40,986:INFO: [TRAIN] Step: 794 ; Loss: 23.655 ; Acc: 44.885
2018-09-19 14:23:41,090:INFO: [TRAIN] Step: 795 ; Loss: 22.673 ; Acc: 44.902
2018-09-19 14:23:41,193:INFO: [TRAIN] Step: 796 ; Loss: 27.775 ; Acc: 44.892
2018-09-19 14:23:41,300:INFO: [TRAIN] Step: 797 ; Loss: 22.961 ; Acc: 44.904
2018-09-19 14:23:41,408:INFO: [TRAIN] Step: 798 ; Loss: 32.616 ; Acc: 44.889
2018-09-19 14:23:41,513:INFO: [TRAIN] Step: 799 ; Loss: 24.597 ; Acc: 44.885
2018-09-19 14:23:41,621:INFO: [TRAIN] Step: 800 ; Loss: 25.529 ; Acc: 44.892
2018-09-19 14:23:41,727:INFO: [TRAIN] Step: 801 ; Loss: 25.771 ; Acc: 44.914
2018-09-19 14:23:41,831:INFO: [TRAIN] Step: 802 ; Loss: 18.900 ; Acc: 44.925
2018-09-19 14:23:41,939:INFO: [TRAIN] Step: 803 ; Loss: 20.862 ; Acc: 44.942
2018-09-19 14:23:42,042:INFO: [TRAIN] Step: 804 ; Loss: 24.922 ; Acc: 44.959
2018-09-19 14:23:42,146:INFO: [TRAIN] Step: 805 ; Loss: 21.576 ; Acc: 44.960
2018-09-19 14:23:42,253:INFO: [TRAIN] Step: 806 ; Loss: 22.706 ; Acc: 44.987
2018-09-19 14:23:42,357:INFO: [TRAIN] Step: 807 ; Loss: 25.605 ; Acc: 44.993
2018-09-19 14:23:42,459:INFO: [TRAIN] Step: 808 ; Loss: 24.690 ; Acc: 44.999
2018-09-19 14:23:42,560:INFO: [TRAIN] Step: 809 ; Loss: 29.183 ; Acc: 44.995
2018-09-19 14:23:42,664:INFO: [TRAIN] Step: 810 ; Loss: 23.977 ; Acc: 45.011
2018-09-19 14:23:42,769:INFO: [TRAIN] Step: 811 ; Loss: 29.149 ; Acc: 45.012
2018-09-19 14:23:42,869:INFO: [TRAIN] Step: 812 ; Loss: 26.445 ; Acc: 44.998
2018-09-19 14:23:42,969:INFO: [TRAIN] Step: 813 ; Loss: 26.312 ; Acc: 44.994
2018-09-19 14:23:43,069:INFO: [TRAIN] Step: 814 ; Loss: 23.515 ; Acc: 45.005
2018-09-19 14:23:43,169:INFO: [TRAIN] Step: 815 ; Loss: 20.760 ; Acc: 45.001
2018-09-19 14:23:43,267:INFO: [TRAIN] Step: 816 ; Loss: 27.087 ; Acc: 44.992
2018-09-19 14:23:43,369:INFO: [TRAIN] Step: 817 ; Loss: 24.812 ; Acc: 45.003
2018-09-19 14:23:43,468:INFO: [TRAIN] Step: 818 ; Loss: 25.262 ; Acc: 44.999
2018-09-19 14:23:43,564:INFO: [TRAIN] Step: 819 ; Loss: 27.400 ; Acc: 45.000
2018-09-19 14:23:43,666:INFO: [TRAIN] Step: 820 ; Loss: 21.477 ; Acc: 45.016
2018-09-19 14:23:43,763:INFO: [TRAIN] Step: 821 ; Loss: 25.199 ; Acc: 45.017
2018-09-19 14:23:43,860:INFO: [TRAIN] Step: 822 ; Loss: 20.911 ; Acc: 45.049
2018-09-19 14:23:43,962:INFO: [TRAIN] Step: 823 ; Loss: 18.310 ; Acc: 45.080
2018-09-19 14:23:44,063:INFO: [TRAIN] Step: 824 ; Loss: 24.516 ; Acc: 45.091
2018-09-19 14:23:44,164:INFO: [TRAIN] Step: 825 ; Loss: 26.151 ; Acc: 45.082
2018-09-19 14:23:44,265:INFO: [TRAIN] Step: 826 ; Loss: 19.840 ; Acc: 45.093
2018-09-19 14:23:44,361:INFO: [TRAIN] Step: 827 ; Loss: 24.322 ; Acc: 45.099
2018-09-19 14:23:44,456:INFO: [TRAIN] Step: 828 ; Loss: 19.803 ; Acc: 45.105
2018-09-19 14:23:44,555:INFO: [TRAIN] Step: 829 ; Loss: 25.205 ; Acc: 45.100
2018-09-19 14:23:44,650:INFO: [TRAIN] Step: 830 ; Loss: 27.111 ; Acc: 45.106
2018-09-19 14:23:44,749:INFO: [TRAIN] Step: 831 ; Loss: 25.262 ; Acc: 45.117
2018-09-19 14:23:44,840:INFO: [TRAIN] Step: 832 ; Loss: 22.613 ; Acc: 45.133
2018-09-19 14:23:44,942:INFO: [TRAIN] Step: 833 ; Loss: 20.749 ; Acc: 45.154
2018-09-19 14:23:45,038:INFO: [TRAIN] Step: 834 ; Loss: 23.738 ; Acc: 45.175
2018-09-19 14:23:45,134:INFO: [TRAIN] Step: 835 ; Loss: 23.612 ; Acc: 45.170
2018-09-19 14:23:45,227:INFO: [TRAIN] Step: 836 ; Loss: 24.135 ; Acc: 45.161
2018-09-19 14:23:45,323:INFO: [TRAIN] Step: 837 ; Loss: 20.950 ; Acc: 45.182
2018-09-19 14:23:45,413:INFO: [TRAIN] Step: 838 ; Loss: 23.015 ; Acc: 45.193
2018-09-19 14:23:45,511:INFO: [TRAIN] Step: 839 ; Loss: 32.290 ; Acc: 45.184
2018-09-19 14:23:45,605:INFO: [TRAIN] Step: 840 ; Loss: 23.316 ; Acc: 45.184
2018-09-19 14:23:45,708:INFO: [TRAIN] Step: 841 ; Loss: 24.204 ; Acc: 45.185
2018-09-19 14:23:45,801:INFO: [TRAIN] Step: 842 ; Loss: 25.143 ; Acc: 45.176
2018-09-19 14:23:45,900:INFO: [TRAIN] Step: 843 ; Loss: 24.852 ; Acc: 45.182
2018-09-19 14:23:45,990:INFO: [TRAIN] Step: 844 ; Loss: 26.294 ; Acc: 45.178
2018-09-19 14:23:46,087:INFO: [TRAIN] Step: 845 ; Loss: 24.540 ; Acc: 45.183
2018-09-19 14:23:46,176:INFO: [TRAIN] Step: 846 ; Loss: 25.757 ; Acc: 45.189
2018-09-19 14:23:46,271:INFO: [TRAIN] Step: 847 ; Loss: 22.872 ; Acc: 45.199
2018-09-19 14:23:46,366:INFO: [TRAIN] Step: 848 ; Loss: 21.103 ; Acc: 45.230
2018-09-19 14:23:46,470:INFO: [TRAIN] Step: 849 ; Loss: 23.992 ; Acc: 45.240
2018-09-19 14:23:46,560:INFO: [TRAIN] Step: 850 ; Loss: 17.587 ; Acc: 45.270
2018-09-19 14:23:46,656:INFO: [TRAIN] Step: 851 ; Loss: 21.792 ; Acc: 45.271
2018-09-19 14:23:46,748:INFO: [TRAIN] Step: 852 ; Loss: 27.447 ; Acc: 45.276
2018-09-19 14:23:46,844:INFO: [TRAIN] Step: 853 ; Loss: 21.749 ; Acc: 45.297
2018-09-19 14:23:46,937:INFO: [TRAIN] Step: 854 ; Loss: 25.206 ; Acc: 45.292
2018-09-19 14:23:47,031:INFO: [TRAIN] Step: 855 ; Loss: 20.511 ; Acc: 45.303
2018-09-19 14:23:47,120:INFO: [TRAIN] Step: 856 ; Loss: 23.603 ; Acc: 45.299
2018-09-19 14:23:47,214:INFO: [TRAIN] Step: 857 ; Loss: 24.824 ; Acc: 45.304
2018-09-19 14:23:47,302:INFO: [TRAIN] Step: 858 ; Loss: 24.875 ; Acc: 45.290
2018-09-19 14:23:47,399:INFO: [TRAIN] Step: 859 ; Loss: 24.891 ; Acc: 45.296
2018-09-19 14:23:47,487:INFO: [TRAIN] Step: 860 ; Loss: 24.294 ; Acc: 45.296
2018-09-19 14:23:47,586:INFO: [TRAIN] Step: 861 ; Loss: 23.816 ; Acc: 45.297
2018-09-19 14:23:47,689:INFO: [TRAIN] Step: 862 ; Loss: 21.847 ; Acc: 45.307
2018-09-19 14:23:47,784:INFO: [TRAIN] Step: 863 ; Loss: 22.328 ; Acc: 45.337
2018-09-19 14:23:47,874:INFO: [TRAIN] Step: 864 ; Loss: 26.333 ; Acc: 45.332
2018-09-19 14:23:47,969:INFO: [TRAIN] Step: 865 ; Loss: 24.261 ; Acc: 45.338
2018-09-19 14:23:48,058:INFO: [TRAIN] Step: 866 ; Loss: 21.184 ; Acc: 45.358
2018-09-19 14:23:48,155:INFO: [TRAIN] Step: 867 ; Loss: 25.451 ; Acc: 45.358
2018-09-19 14:23:48,247:INFO: [TRAIN] Step: 868 ; Loss: 21.691 ; Acc: 45.387
2018-09-19 14:23:48,343:INFO: [TRAIN] Step: 869 ; Loss: 22.368 ; Acc: 45.398
2018-09-19 14:23:48,433:INFO: [TRAIN] Step: 870 ; Loss: 24.168 ; Acc: 45.408
2018-09-19 14:23:48,527:INFO: [TRAIN] Step: 871 ; Loss: 22.820 ; Acc: 45.408
2018-09-19 14:23:48,617:INFO: [TRAIN] Step: 872 ; Loss: 28.149 ; Acc: 45.389
2018-09-19 14:23:48,713:INFO: [TRAIN] Step: 873 ; Loss: 24.820 ; Acc: 45.395
2018-09-19 14:23:48,800:INFO: [TRAIN] Step: 874 ; Loss: 24.967 ; Acc: 45.400
2018-09-19 14:23:48,895:INFO: [TRAIN] Step: 875 ; Loss: 25.118 ; Acc: 45.400
2018-09-19 14:23:48,984:INFO: [TRAIN] Step: 876 ; Loss: 20.076 ; Acc: 45.396
2018-09-19 14:23:49,077:INFO: [TRAIN] Step: 877 ; Loss: 23.366 ; Acc: 45.406
2018-09-19 14:23:49,163:INFO: [TRAIN] Step: 878 ; Loss: 23.229 ; Acc: 45.416
2018-09-19 14:23:49,259:INFO: [TRAIN] Step: 879 ; Loss: 17.769 ; Acc: 45.431
2018-09-19 14:23:49,347:INFO: [TRAIN] Step: 880 ; Loss: 20.708 ; Acc: 45.455
2018-09-19 14:23:49,441:INFO: [TRAIN] Step: 881 ; Loss: 23.830 ; Acc: 45.460
2018-09-19 14:23:49,529:INFO: [TRAIN] Step: 882 ; Loss: 27.138 ; Acc: 45.456
2018-09-19 14:23:49,626:INFO: [TRAIN] Step: 883 ; Loss: 20.168 ; Acc: 45.470
2018-09-19 14:23:49,716:INFO: [TRAIN] Step: 884 ; Loss: 22.525 ; Acc: 45.490
2018-09-19 14:23:49,808:INFO: [TRAIN] Step: 885 ; Loss: 24.266 ; Acc: 45.499
2018-09-19 14:23:49,894:INFO: [TRAIN] Step: 886 ; Loss: 24.587 ; Acc: 45.495
2018-09-19 14:23:49,991:INFO: [TRAIN] Step: 887 ; Loss: 20.073 ; Acc: 45.528
2018-09-19 14:23:50,079:INFO: [TRAIN] Step: 888 ; Loss: 29.086 ; Acc: 45.505
2018-09-19 14:23:50,176:INFO: [TRAIN] Step: 889 ; Loss: 21.694 ; Acc: 45.501
2018-09-19 14:23:50,262:INFO: [TRAIN] Step: 890 ; Loss: 24.628 ; Acc: 45.506
2018-09-19 14:23:50,357:INFO: [TRAIN] Step: 891 ; Loss: 30.375 ; Acc: 45.502
2018-09-19 14:23:50,444:INFO: [TRAIN] Step: 892 ; Loss: 24.615 ; Acc: 45.497
2018-09-19 14:23:50,539:INFO: [TRAIN] Step: 893 ; Loss: 19.994 ; Acc: 45.526
2018-09-19 14:23:50,627:INFO: [TRAIN] Step: 894 ; Loss: 22.561 ; Acc: 45.554
2018-09-19 14:23:50,723:INFO: [TRAIN] Step: 895 ; Loss: 24.773 ; Acc: 45.559
2018-09-19 14:23:50,811:INFO: [TRAIN] Step: 896 ; Loss: 24.715 ; Acc: 45.555
2018-09-19 14:23:50,907:INFO: [TRAIN] Step: 897 ; Loss: 24.751 ; Acc: 45.541
2018-09-19 14:23:50,997:INFO: [TRAIN] Step: 898 ; Loss: 24.637 ; Acc: 45.546
2018-09-19 14:23:51,091:INFO: [TRAIN] Step: 899 ; Loss: 21.582 ; Acc: 45.565
2018-09-19 14:23:51,182:INFO: [TRAIN] Step: 900 ; Loss: 25.100 ; Acc: 45.560
2018-09-19 14:23:51,275:INFO: [TRAIN] Step: 901 ; Loss: 22.452 ; Acc: 45.552
2018-09-19 14:23:51,364:INFO: [TRAIN] Step: 902 ; Loss: 23.361 ; Acc: 45.561
2018-09-19 14:23:51,457:INFO: [TRAIN] Step: 903 ; Loss: 24.781 ; Acc: 45.566
2018-09-19 14:23:51,546:INFO: [TRAIN] Step: 904 ; Loss: 23.969 ; Acc: 45.557
2018-09-19 14:23:51,640:INFO: [TRAIN] Step: 905 ; Loss: 28.620 ; Acc: 45.544
2018-09-19 14:23:51,727:INFO: [TRAIN] Step: 906 ; Loss: 19.354 ; Acc: 45.567
2018-09-19 14:23:51,823:INFO: [TRAIN] Step: 907 ; Loss: 21.445 ; Acc: 45.595
2018-09-19 14:23:51,909:INFO: [TRAIN] Step: 908 ; Loss: 24.555 ; Acc: 45.600
2018-09-19 14:23:52,001:INFO: [TRAIN] Step: 909 ; Loss: 22.541 ; Acc: 45.604
2018-09-19 14:23:52,116:INFO: [TRAIN] Step: 910 ; Loss: 27.032 ; Acc: 45.614
2018-09-19 14:23:52,212:INFO: [TRAIN] Step: 911 ; Loss: 19.088 ; Acc: 45.637
2018-09-19 14:23:52,304:INFO: [TRAIN] Step: 912 ; Loss: 25.534 ; Acc: 45.642
2018-09-19 14:23:52,399:INFO: [TRAIN] Step: 913 ; Loss: 20.948 ; Acc: 45.646
2018-09-19 14:23:52,490:INFO: [TRAIN] Step: 914 ; Loss: 21.815 ; Acc: 45.647
2018-09-19 14:23:52,584:INFO: [TRAIN] Step: 915 ; Loss: 23.267 ; Acc: 45.665
2018-09-19 14:23:52,671:INFO: [TRAIN] Step: 916 ; Loss: 21.053 ; Acc: 45.679
2018-09-19 14:23:52,765:INFO: [TRAIN] Step: 917 ; Loss: 19.889 ; Acc: 45.697
2018-09-19 14:23:52,853:INFO: [TRAIN] Step: 918 ; Loss: 23.043 ; Acc: 45.697
2018-09-19 14:23:52,949:INFO: [TRAIN] Step: 919 ; Loss: 21.129 ; Acc: 45.716
2018-09-19 14:23:53,036:INFO: [TRAIN] Step: 920 ; Loss: 19.235 ; Acc: 45.747
2018-09-19 14:23:53,128:INFO: [TRAIN] Step: 921 ; Loss: 22.987 ; Acc: 45.747
2018-09-19 14:23:53,217:INFO: [TRAIN] Step: 922 ; Loss: 27.032 ; Acc: 45.757
2018-09-19 14:23:53,312:INFO: [TRAIN] Step: 923 ; Loss: 20.467 ; Acc: 45.770
2018-09-19 14:23:53,398:INFO: [TRAIN] Step: 924 ; Loss: 24.563 ; Acc: 45.775
2018-09-19 14:23:53,493:INFO: [TRAIN] Step: 925 ; Loss: 25.054 ; Acc: 45.766
2018-09-19 14:23:53,579:INFO: [TRAIN] Step: 926 ; Loss: 24.691 ; Acc: 45.770
2018-09-19 14:23:53,672:INFO: [TRAIN] Step: 927 ; Loss: 27.850 ; Acc: 45.770
2018-09-19 14:23:53,764:INFO: [TRAIN] Step: 928 ; Loss: 22.276 ; Acc: 45.780
2018-09-19 14:23:53,856:INFO: [TRAIN] Step: 929 ; Loss: 24.954 ; Acc: 45.789
2018-09-19 14:23:53,944:INFO: [TRAIN] Step: 930 ; Loss: 26.428 ; Acc: 45.806
2018-09-19 14:23:54,041:INFO: [TRAIN] Step: 931 ; Loss: 25.470 ; Acc: 45.815
2018-09-19 14:23:54,130:INFO: [TRAIN] Step: 932 ; Loss: 22.115 ; Acc: 45.824
2018-09-19 14:23:54,225:INFO: [TRAIN] Step: 933 ; Loss: 27.303 ; Acc: 45.838
2018-09-19 14:23:54,311:INFO: [TRAIN] Step: 934 ; Loss: 22.063 ; Acc: 45.856
2018-09-19 14:23:54,405:INFO: [TRAIN] Step: 935 ; Loss: 21.316 ; Acc: 45.878
2018-09-19 14:23:54,494:INFO: [TRAIN] Step: 936 ; Loss: 22.052 ; Acc: 45.900
2018-09-19 14:23:54,587:INFO: [TRAIN] Step: 937 ; Loss: 19.595 ; Acc: 45.931
2018-09-19 14:23:54,678:INFO: [TRAIN] Step: 938 ; Loss: 22.112 ; Acc: 45.944
2018-09-19 14:23:54,771:INFO: [TRAIN] Step: 939 ; Loss: 19.404 ; Acc: 45.971
2018-09-19 14:23:54,862:INFO: [TRAIN] Step: 940 ; Loss: 26.328 ; Acc: 45.975
2018-09-19 14:23:54,957:INFO: [TRAIN] Step: 941 ; Loss: 22.161 ; Acc: 45.984
2018-09-19 14:23:55,047:INFO: [TRAIN] Step: 942 ; Loss: 24.290 ; Acc: 45.984
2018-09-19 14:23:55,143:INFO: [TRAIN] Step: 943 ; Loss: 27.315 ; Acc: 45.983
2018-09-19 14:23:55,234:INFO: [TRAIN] Step: 944 ; Loss: 23.203 ; Acc: 45.996
2018-09-19 14:23:55,330:INFO: [TRAIN] Step: 945 ; Loss: 27.802 ; Acc: 45.996
2018-09-19 14:23:55,418:INFO: [TRAIN] Step: 946 ; Loss: 25.302 ; Acc: 46.009
2018-09-19 14:23:55,514:INFO: [TRAIN] Step: 947 ; Loss: 21.710 ; Acc: 46.027
2018-09-19 14:23:55,601:INFO: [TRAIN] Step: 948 ; Loss: 18.966 ; Acc: 46.062
2018-09-19 14:23:55,696:INFO: [TRAIN] Step: 949 ; Loss: 25.864 ; Acc: 46.075
2018-09-19 14:23:55,781:INFO: [TRAIN] Step: 950 ; Loss: 24.548 ; Acc: 46.087
2018-09-19 14:23:55,877:INFO: [TRAIN] Step: 951 ; Loss: 22.359 ; Acc: 46.096
2018-09-19 14:23:55,967:INFO: [TRAIN] Step: 952 ; Loss: 20.129 ; Acc: 46.122
2018-09-19 14:23:56,062:INFO: [TRAIN] Step: 953 ; Loss: 21.195 ; Acc: 46.122
2018-09-19 14:23:56,150:INFO: [TRAIN] Step: 954 ; Loss: 28.667 ; Acc: 46.117
2018-09-19 14:23:56,241:INFO: [TRAIN] Step: 955 ; Loss: 25.586 ; Acc: 46.130
2018-09-19 14:23:56,330:INFO: [TRAIN] Step: 956 ; Loss: 27.708 ; Acc: 46.125
2018-09-19 14:23:56,423:INFO: [TRAIN] Step: 957 ; Loss: 23.138 ; Acc: 46.151
2018-09-19 14:23:56,510:INFO: [TRAIN] Step: 958 ; Loss: 25.118 ; Acc: 46.155
2018-09-19 14:23:56,605:INFO: [TRAIN] Step: 959 ; Loss: 19.721 ; Acc: 46.168
2018-09-19 14:23:56,695:INFO: [TRAIN] Step: 960 ; Loss: 23.914 ; Acc: 46.176
2018-09-19 14:23:56,788:INFO: [TRAIN] Step: 961 ; Loss: 15.276 ; Acc: 46.201
2018-09-19 14:23:56,876:INFO: [TRAIN] Step: 962 ; Loss: 26.212 ; Acc: 46.210
2018-09-19 14:23:56,973:INFO: [TRAIN] Step: 963 ; Loss: 24.209 ; Acc: 46.209
2018-09-19 14:23:57,064:INFO: [TRAIN] Step: 964 ; Loss: 30.517 ; Acc: 46.213
2018-09-19 14:23:57,164:INFO: [TRAIN] Step: 965 ; Loss: 21.445 ; Acc: 46.222
2018-09-19 14:23:57,252:INFO: [TRAIN] Step: 966 ; Loss: 20.024 ; Acc: 46.243
2018-09-19 14:23:57,347:INFO: [TRAIN] Step: 967 ; Loss: 18.538 ; Acc: 46.255
2018-09-19 14:23:57,438:INFO: [TRAIN] Step: 968 ; Loss: 26.434 ; Acc: 46.255
2018-09-19 14:23:57,534:INFO: [TRAIN] Step: 969 ; Loss: 22.919 ; Acc: 46.254
2018-09-19 14:23:57,623:INFO: [TRAIN] Step: 970 ; Loss: 25.241 ; Acc: 46.258
2018-09-19 14:23:57,727:INFO: [TRAIN] Step: 971 ; Loss: 18.256 ; Acc: 46.283
2018-09-19 14:23:57,816:INFO: [TRAIN] Step: 972 ; Loss: 24.646 ; Acc: 46.287
2018-09-19 14:23:57,908:INFO: [TRAIN] Step: 973 ; Loss: 22.136 ; Acc: 46.300
2018-09-19 14:23:57,999:INFO: [TRAIN] Step: 974 ; Loss: 30.915 ; Acc: 46.295
2018-09-19 14:23:58,091:INFO: [TRAIN] Step: 975 ; Loss: 21.865 ; Acc: 46.307
2018-09-19 14:23:58,182:INFO: [TRAIN] Step: 976 ; Loss: 21.644 ; Acc: 46.298
2018-09-19 14:23:58,277:INFO: [TRAIN] Step: 977 ; Loss: 21.662 ; Acc: 46.319
2018-09-19 14:23:58,369:INFO: [TRAIN] Step: 978 ; Loss: 23.362 ; Acc: 46.323
2018-09-19 14:23:58,466:INFO: [TRAIN] Step: 979 ; Loss: 21.613 ; Acc: 46.335
2018-09-19 14:23:58,556:INFO: [TRAIN] Step: 980 ; Loss: 20.505 ; Acc: 46.339
2018-09-19 14:23:58,654:INFO: [TRAIN] Step: 981 ; Loss: 20.107 ; Acc: 46.359
2018-09-19 14:23:58,745:INFO: [TRAIN] Step: 982 ; Loss: 25.543 ; Acc: 46.359
2018-09-19 14:23:58,839:INFO: [TRAIN] Step: 983 ; Loss: 19.221 ; Acc: 46.380
2018-09-19 14:23:58,930:INFO: [TRAIN] Step: 984 ; Loss: 18.296 ; Acc: 46.400
2018-09-19 14:23:59,024:INFO: [TRAIN] Step: 985 ; Loss: 22.136 ; Acc: 46.421
2018-09-19 14:23:59,114:INFO: [TRAIN] Step: 986 ; Loss: 24.581 ; Acc: 46.429
2018-09-19 14:23:59,211:INFO: [TRAIN] Step: 987 ; Loss: 19.759 ; Acc: 46.436
2018-09-19 14:23:59,300:INFO: [TRAIN] Step: 988 ; Loss: 26.296 ; Acc: 46.423
2018-09-19 14:23:59,397:INFO: [TRAIN] Step: 989 ; Loss: 19.011 ; Acc: 46.435
2018-09-19 14:23:59,487:INFO: [TRAIN] Step: 990 ; Loss: 24.088 ; Acc: 46.443
2018-09-19 14:23:59,581:INFO: [TRAIN] Step: 991 ; Loss: 27.114 ; Acc: 46.434
2018-09-19 14:23:59,671:INFO: [TRAIN] Step: 992 ; Loss: 24.060 ; Acc: 46.438
2018-09-19 14:23:59,766:INFO: [TRAIN] Step: 993 ; Loss: 23.569 ; Acc: 46.424
2018-09-19 14:23:59,854:INFO: [TRAIN] Step: 994 ; Loss: 21.966 ; Acc: 46.432
2018-09-19 14:23:59,949:INFO: [TRAIN] Step: 995 ; Loss: 26.508 ; Acc: 46.436
2018-09-19 14:24:00,039:INFO: [TRAIN] Step: 996 ; Loss: 22.314 ; Acc: 46.443
2018-09-19 14:24:00,135:INFO: [TRAIN] Step: 997 ; Loss: 25.976 ; Acc: 46.451
2018-09-19 14:24:00,227:INFO: [TRAIN] Step: 998 ; Loss: 24.872 ; Acc: 46.442
2018-09-19 14:24:00,325:INFO: [TRAIN] Step: 999 ; Loss: 21.156 ; Acc: 46.454
2018-09-19 14:24:00,417:INFO: [TRAIN] Step: 1000 ; Loss: 25.121 ; Acc: 46.445
2018-09-19 14:24:00,513:INFO: [TRAIN] Step: 1001 ; Loss: 28.962 ; Acc: 46.440
2018-09-19 14:24:00,603:INFO: [TRAIN] Step: 1002 ; Loss: 24.691 ; Acc: 46.448
2018-09-19 14:24:00,700:INFO: [TRAIN] Step: 1003 ; Loss: 22.836 ; Acc: 46.460
2018-09-19 14:24:00,788:INFO: [TRAIN] Step: 1004 ; Loss: 23.619 ; Acc: 46.455
2018-09-19 14:24:00,883:INFO: [TRAIN] Step: 1005 ; Loss: 22.729 ; Acc: 46.450
2018-09-19 14:24:00,973:INFO: [TRAIN] Step: 1006 ; Loss: 20.708 ; Acc: 46.466
2018-09-19 14:24:01,069:INFO: [TRAIN] Step: 1007 ; Loss: 24.905 ; Acc: 46.474
2018-09-19 14:24:01,159:INFO: [TRAIN] Step: 1008 ; Loss: 25.606 ; Acc: 46.490
2018-09-19 14:24:01,252:INFO: [TRAIN] Step: 1009 ; Loss: 28.309 ; Acc: 46.481
2018-09-19 14:24:01,345:INFO: [TRAIN] Step: 1010 ; Loss: 19.660 ; Acc: 46.497
2018-09-19 14:24:01,443:INFO: [TRAIN] Step: 1011 ; Loss: 26.115 ; Acc: 46.504
2018-09-19 14:24:01,529:INFO: [TRAIN] Step: 1012 ; Loss: 18.900 ; Acc: 46.516
2018-09-19 14:24:01,623:INFO: [TRAIN] Step: 1013 ; Loss: 33.398 ; Acc: 46.507
2018-09-19 14:24:01,715:INFO: [TRAIN] Step: 1014 ; Loss: 27.096 ; Acc: 46.511
2018-09-19 14:24:01,809:INFO: [TRAIN] Step: 1015 ; Loss: 28.255 ; Acc: 46.498
2018-09-19 14:24:01,898:INFO: [TRAIN] Step: 1016 ; Loss: 26.356 ; Acc: 46.481
2018-09-19 14:24:01,992:INFO: [TRAIN] Step: 1017 ; Loss: 24.398 ; Acc: 46.496
2018-09-19 14:24:02,081:INFO: [TRAIN] Step: 1018 ; Loss: 20.213 ; Acc: 46.512
2018-09-19 14:24:02,175:INFO: [TRAIN] Step: 1019 ; Loss: 26.741 ; Acc: 46.511
2018-09-19 14:24:02,266:INFO: [TRAIN] Step: 1020 ; Loss: 26.809 ; Acc: 46.511
2018-09-19 14:24:02,367:INFO: [TRAIN] Step: 1021 ; Loss: 23.071 ; Acc: 46.522
2018-09-19 14:24:02,460:INFO: [TRAIN] Step: 1022 ; Loss: 24.286 ; Acc: 46.522
2018-09-19 14:24:02,556:INFO: [TRAIN] Step: 1023 ; Loss: 25.065 ; Acc: 46.533
2018-09-19 14:24:02,644:INFO: [TRAIN] Step: 1024 ; Loss: 21.475 ; Acc: 46.553
2018-09-19 14:24:02,738:INFO: [TRAIN] Step: 1025 ; Loss: 28.040 ; Acc: 46.540
2018-09-19 14:24:02,829:INFO: [TRAIN] Step: 1026 ; Loss: 19.885 ; Acc: 46.564
2018-09-19 14:24:02,923:INFO: [TRAIN] Step: 1027 ; Loss: 26.296 ; Acc: 46.555
2018-09-19 14:24:03,010:INFO: [TRAIN] Step: 1028 ; Loss: 28.480 ; Acc: 46.562
2018-09-19 14:24:03,108:INFO: [TRAIN] Step: 1029 ; Loss: 18.796 ; Acc: 46.578
2018-09-19 14:24:03,196:INFO: [TRAIN] Step: 1030 ; Loss: 25.424 ; Acc: 46.573
2018-09-19 14:24:03,293:INFO: [TRAIN] Step: 1031 ; Loss: 23.081 ; Acc: 46.560
2018-09-19 14:24:03,381:INFO: [TRAIN] Step: 1032 ; Loss: 26.283 ; Acc: 46.559
2018-09-19 14:24:03,481:INFO: [TRAIN] Step: 1033 ; Loss: 23.005 ; Acc: 46.571
2018-09-19 14:24:03,570:INFO: [TRAIN] Step: 1034 ; Loss: 25.461 ; Acc: 46.594
2018-09-19 14:24:03,664:INFO: [TRAIN] Step: 1035 ; Loss: 28.826 ; Acc: 46.593
2018-09-19 14:24:03,755:INFO: [TRAIN] Step: 1036 ; Loss: 26.938 ; Acc: 46.609
2018-09-19 14:24:03,851:INFO: [TRAIN] Step: 1037 ; Loss: 22.379 ; Acc: 46.612
2018-09-19 14:24:03,944:INFO: [TRAIN] Step: 1038 ; Loss: 23.710 ; Acc: 46.607
2018-09-19 14:24:04,039:INFO: [TRAIN] Step: 1039 ; Loss: 22.441 ; Acc: 46.619
2018-09-19 14:24:04,128:INFO: [TRAIN] Step: 1040 ; Loss: 17.923 ; Acc: 46.650
2018-09-19 14:24:04,230:INFO: [TRAIN] Step: 1041 ; Loss: 27.539 ; Acc: 46.641
2018-09-19 14:24:04,319:INFO: [TRAIN] Step: 1042 ; Loss: 25.136 ; Acc: 46.644
2018-09-19 14:24:04,416:INFO: [TRAIN] Step: 1043 ; Loss: 24.730 ; Acc: 46.663
2018-09-19 14:24:04,505:INFO: [TRAIN] Step: 1044 ; Loss: 23.480 ; Acc: 46.659
2018-09-19 14:24:04,605:INFO: [TRAIN] Step: 1045 ; Loss: 21.277 ; Acc: 46.666
2018-09-19 14:24:04,695:INFO: [TRAIN] Step: 1046 ; Loss: 18.950 ; Acc: 46.681
2018-09-19 14:24:04,793:INFO: [TRAIN] Step: 1047 ; Loss: 17.768 ; Acc: 46.704
2018-09-19 14:24:04,885:INFO: [TRAIN] Step: 1048 ; Loss: 24.114 ; Acc: 46.695
2018-09-19 14:24:04,982:INFO: [TRAIN] Step: 1049 ; Loss: 24.851 ; Acc: 46.698
2018-09-19 14:24:05,069:INFO: [TRAIN] Step: 1050 ; Loss: 21.578 ; Acc: 46.702
2018-09-19 14:24:05,178:INFO: [TRAIN] Step: 1051 ; Loss: 26.326 ; Acc: 46.681
2018-09-19 14:24:05,286:INFO: [TRAIN] Step: 1052 ; Loss: 21.004 ; Acc: 46.704
2018-09-19 14:24:05,379:INFO: [TRAIN] Step: 1053 ; Loss: 25.204 ; Acc: 46.711
2018-09-19 14:24:05,471:INFO: [TRAIN] Step: 1054 ; Loss: 27.935 ; Acc: 46.718
2018-09-19 14:24:05,567:INFO: [TRAIN] Step: 1055 ; Loss: 22.858 ; Acc: 46.725
2018-09-19 14:24:05,659:INFO: [TRAIN] Step: 1056 ; Loss: 21.404 ; Acc: 46.744
2018-09-19 14:24:05,754:INFO: [TRAIN] Step: 1057 ; Loss: 24.827 ; Acc: 46.739
2018-09-19 14:24:05,843:INFO: [TRAIN] Step: 1058 ; Loss: 22.538 ; Acc: 46.746
2018-09-19 14:24:05,937:INFO: [TRAIN] Step: 1059 ; Loss: 26.671 ; Acc: 46.753
2018-09-19 14:24:06,029:INFO: [TRAIN] Step: 1060 ; Loss: 19.597 ; Acc: 46.772
2018-09-19 14:24:06,123:INFO: [TRAIN] Step: 1061 ; Loss: 21.946 ; Acc: 46.795
2018-09-19 14:24:06,238:INFO: [TRAIN] Step: 1062 ; Loss: 20.205 ; Acc: 46.805
2018-09-19 14:24:06,339:INFO: [TRAIN] Step: 1063 ; Loss: 24.264 ; Acc: 46.816
2018-09-19 14:24:06,439:INFO: [TRAIN] Step: 1064 ; Loss: 23.715 ; Acc: 46.823
2018-09-19 14:24:06,538:INFO: [TRAIN] Step: 1065 ; Loss: 21.016 ; Acc: 46.834
2018-09-19 14:24:06,639:INFO: [TRAIN] Step: 1066 ; Loss: 16.477 ; Acc: 46.849
2018-09-19 14:24:06,752:INFO: [TRAIN] Step: 1067 ; Loss: 29.865 ; Acc: 46.848
2018-09-19 14:24:06,849:INFO: [TRAIN] Step: 1068 ; Loss: 20.068 ; Acc: 46.866
2018-09-19 14:24:06,950:INFO: [TRAIN] Step: 1069 ; Loss: 27.683 ; Acc: 46.861
2018-09-19 14:24:07,040:INFO: [TRAIN] Step: 1070 ; Loss: 24.460 ; Acc: 46.860
2018-09-19 14:24:07,136:INFO: [TRAIN] Step: 1071 ; Loss: 23.894 ; Acc: 46.863
2018-09-19 14:24:07,240:INFO: [TRAIN] Step: 1072 ; Loss: 25.222 ; Acc: 46.866
2018-09-19 14:24:07,338:INFO: [TRAIN] Step: 1073 ; Loss: 24.556 ; Acc: 46.881
2018-09-19 14:24:07,435:INFO: [TRAIN] Step: 1074 ; Loss: 28.588 ; Acc: 46.888
2018-09-19 14:24:07,536:INFO: [TRAIN] Step: 1075 ; Loss: 23.233 ; Acc: 46.890
2018-09-19 14:24:07,637:INFO: [TRAIN] Step: 1076 ; Loss: 22.843 ; Acc: 46.909
2018-09-19 14:24:07,738:INFO: [TRAIN] Step: 1077 ; Loss: 19.402 ; Acc: 46.923
2018-09-19 14:24:07,835:INFO: [TRAIN] Step: 1078 ; Loss: 21.003 ; Acc: 46.934
2018-09-19 14:24:07,933:INFO: [TRAIN] Step: 1079 ; Loss: 19.039 ; Acc: 46.952
2018-09-19 14:24:08,037:INFO: [TRAIN] Step: 1080 ; Loss: 22.700 ; Acc: 46.943
2018-09-19 14:24:08,141:INFO: [TRAIN] Step: 1081 ; Loss: 22.952 ; Acc: 46.950
2018-09-19 14:24:08,243:INFO: [TRAIN] Step: 1082 ; Loss: 28.166 ; Acc: 46.949
2018-09-19 14:24:08,347:INFO: [TRAIN] Step: 1083 ; Loss: 21.611 ; Acc: 46.940
2018-09-19 14:24:08,444:INFO: [TRAIN] Step: 1084 ; Loss: 23.979 ; Acc: 46.947
2018-09-19 14:24:08,538:INFO: [TRAIN] Step: 1085 ; Loss: 22.916 ; Acc: 46.961
2018-09-19 14:24:08,636:INFO: [TRAIN] Step: 1086 ; Loss: 19.399 ; Acc: 46.968
2018-09-19 14:24:08,729:INFO: [TRAIN] Step: 1087 ; Loss: 26.020 ; Acc: 46.967
2018-09-19 14:24:08,827:INFO: [TRAIN] Step: 1088 ; Loss: 19.065 ; Acc: 46.985
2018-09-19 14:24:08,922:INFO: [TRAIN] Step: 1089 ; Loss: 21.626 ; Acc: 46.992
2018-09-19 14:24:09,017:INFO: [TRAIN] Step: 1090 ; Loss: 24.352 ; Acc: 46.994
2018-09-19 14:24:09,117:INFO: [TRAIN] Step: 1091 ; Loss: 17.522 ; Acc: 47.020
2018-09-19 14:24:09,225:INFO: [TRAIN] Step: 1092 ; Loss: 18.490 ; Acc: 47.030
2018-09-19 14:24:09,326:INFO: [TRAIN] Step: 1093 ; Loss: 21.091 ; Acc: 47.041
2018-09-19 14:24:09,437:INFO: [TRAIN] Step: 1094 ; Loss: 26.284 ; Acc: 47.047
2018-09-19 14:24:09,529:INFO: [TRAIN] Step: 1095 ; Loss: 20.392 ; Acc: 47.054
2018-09-19 14:24:09,624:INFO: [TRAIN] Step: 1096 ; Loss: 25.023 ; Acc: 47.068
2018-09-19 14:24:09,719:INFO: [TRAIN] Step: 1097 ; Loss: 19.542 ; Acc: 47.089
2018-09-19 14:24:09,816:INFO: [TRAIN] Step: 1098 ; Loss: 23.027 ; Acc: 47.077
2018-09-19 14:24:09,908:INFO: [TRAIN] Step: 1099 ; Loss: 26.611 ; Acc: 47.068
2018-09-19 14:24:10,006:INFO: [TRAIN] Step: 1100 ; Loss: 23.413 ; Acc: 47.067
2018-09-19 14:24:10,096:INFO: [TRAIN] Step: 1101 ; Loss: 23.788 ; Acc: 47.074
2018-09-19 14:24:10,194:INFO: [TRAIN] Step: 1102 ; Loss: 26.814 ; Acc: 47.069
2018-09-19 14:24:10,286:INFO: [TRAIN] Step: 1103 ; Loss: 24.270 ; Acc: 47.067
2018-09-19 14:24:10,381:INFO: [TRAIN] Step: 1104 ; Loss: 24.805 ; Acc: 47.063
2018-09-19 14:24:10,475:INFO: [TRAIN] Step: 1105 ; Loss: 20.559 ; Acc: 47.073
2018-09-19 14:24:10,572:INFO: [TRAIN] Step: 1106 ; Loss: 27.816 ; Acc: 47.075
2018-09-19 14:24:10,661:INFO: [TRAIN] Step: 1107 ; Loss: 24.576 ; Acc: 47.067
2018-09-19 14:24:10,760:INFO: [TRAIN] Step: 1108 ; Loss: 19.279 ; Acc: 47.092
2018-09-19 14:24:10,857:INFO: [TRAIN] Step: 1109 ; Loss: 28.470 ; Acc: 47.083
2018-09-19 14:24:10,952:INFO: [TRAIN] Step: 1110 ; Loss: 26.478 ; Acc: 47.082
2018-09-19 14:24:11,046:INFO: [TRAIN] Step: 1111 ; Loss: 21.833 ; Acc: 47.096
2018-09-19 14:24:11,141:INFO: [TRAIN] Step: 1112 ; Loss: 26.300 ; Acc: 47.069
2018-09-19 14:24:11,228:INFO: [TRAIN] Step: 1113 ; Loss: 23.035 ; Acc: 47.071
2018-09-19 14:24:11,324:INFO: [TRAIN] Step: 1114 ; Loss: 23.752 ; Acc: 47.081
2018-09-19 14:24:11,415:INFO: [TRAIN] Step: 1115 ; Loss: 23.402 ; Acc: 47.099
2018-09-19 14:24:11,511:INFO: [TRAIN] Step: 1116 ; Loss: 27.927 ; Acc: 47.075
2018-09-19 14:24:11,602:INFO: [TRAIN] Step: 1117 ; Loss: 29.041 ; Acc: 47.078
2018-09-19 14:24:11,702:INFO: [TRAIN] Step: 1118 ; Loss: 20.404 ; Acc: 47.099
2018-09-19 14:24:11,792:INFO: [TRAIN] Step: 1119 ; Loss: 21.063 ; Acc: 47.109
2018-09-19 14:24:11,889:INFO: [TRAIN] Step: 1120 ; Loss: 20.717 ; Acc: 47.116
2018-09-19 14:24:11,981:INFO: [TRAIN] Step: 1121 ; Loss: 24.718 ; Acc: 47.118
2018-09-19 14:24:12,078:INFO: [TRAIN] Step: 1122 ; Loss: 27.000 ; Acc: 47.106
2018-09-19 14:24:12,172:INFO: [TRAIN] Step: 1123 ; Loss: 30.279 ; Acc: 47.094
2018-09-19 14:24:12,269:INFO: [TRAIN] Step: 1124 ; Loss: 27.571 ; Acc: 47.100
2018-09-19 14:24:12,358:INFO: [TRAIN] Step: 1125 ; Loss: 24.513 ; Acc: 47.103
2018-09-19 14:24:12,456:INFO: [TRAIN] Step: 1126 ; Loss: 23.590 ; Acc: 47.113
2018-09-19 14:24:12,546:INFO: [TRAIN] Step: 1127 ; Loss: 27.285 ; Acc: 47.100
2018-09-19 14:24:12,641:INFO: [TRAIN] Step: 1128 ; Loss: 20.756 ; Acc: 47.121
2018-09-19 14:24:12,737:INFO: [TRAIN] Step: 1129 ; Loss: 22.982 ; Acc: 47.124
2018-09-19 14:24:12,834:INFO: [TRAIN] Step: 1130 ; Loss: 27.833 ; Acc: 47.119
2018-09-19 14:24:12,924:INFO: [TRAIN] Step: 1131 ; Loss: 22.496 ; Acc: 47.125
2018-09-19 14:24:13,018:INFO: [TRAIN] Step: 1132 ; Loss: 23.296 ; Acc: 47.124
2018-09-19 14:24:13,109:INFO: [TRAIN] Step: 1133 ; Loss: 22.763 ; Acc: 47.123
2018-09-19 14:24:13,209:INFO: [TRAIN] Step: 1134 ; Loss: 27.754 ; Acc: 47.107
2018-09-19 14:24:13,300:INFO: [TRAIN] Step: 1135 ; Loss: 27.869 ; Acc: 47.110
2018-09-19 14:24:13,397:INFO: [TRAIN] Step: 1136 ; Loss: 18.652 ; Acc: 47.127
2018-09-19 14:24:13,486:INFO: [TRAIN] Step: 1137 ; Loss: 19.021 ; Acc: 47.133
2018-09-19 14:24:13,584:INFO: [TRAIN] Step: 1138 ; Loss: 23.820 ; Acc: 47.143
2018-09-19 14:24:13,673:INFO: [TRAIN] Step: 1139 ; Loss: 23.928 ; Acc: 47.156
2018-09-19 14:24:13,770:INFO: [TRAIN] Step: 1140 ; Loss: 23.003 ; Acc: 47.159
2018-09-19 14:24:13,861:INFO: [TRAIN] Step: 1141 ; Loss: 25.904 ; Acc: 47.165
2018-09-19 14:24:13,956:INFO: [TRAIN] Step: 1142 ; Loss: 22.965 ; Acc: 47.171
2018-09-19 14:24:14,044:INFO: [TRAIN] Step: 1143 ; Loss: 25.043 ; Acc: 47.166
2018-09-19 14:24:14,141:INFO: [TRAIN] Step: 1144 ; Loss: 23.706 ; Acc: 47.165
2018-09-19 14:24:14,231:INFO: [TRAIN] Step: 1145 ; Loss: 25.496 ; Acc: 47.168
2018-09-19 14:24:14,325:INFO: [TRAIN] Step: 1146 ; Loss: 25.685 ; Acc: 47.167
2018-09-19 14:24:14,415:INFO: [TRAIN] Step: 1147 ; Loss: 24.820 ; Acc: 47.169
2018-09-19 14:24:14,512:INFO: [TRAIN] Step: 1148 ; Loss: 32.494 ; Acc: 47.168
2018-09-19 14:24:14,600:INFO: [TRAIN] Step: 1149 ; Loss: 22.158 ; Acc: 47.178
2018-09-19 14:24:14,696:INFO: [TRAIN] Step: 1150 ; Loss: 21.940 ; Acc: 47.184
2018-09-19 14:24:14,785:INFO: [TRAIN] Step: 1151 ; Loss: 29.912 ; Acc: 47.179
2018-09-19 14:24:14,879:INFO: [TRAIN] Step: 1152 ; Loss: 25.498 ; Acc: 47.181
2018-09-19 14:24:14,969:INFO: [TRAIN] Step: 1153 ; Loss: 24.654 ; Acc: 47.180
2018-09-19 14:24:15,063:INFO: [TRAIN] Step: 1154 ; Loss: 25.608 ; Acc: 47.165
2018-09-19 14:24:15,158:INFO: [TRAIN] Step: 1155 ; Loss: 22.434 ; Acc: 47.178
2018-09-19 14:24:15,253:INFO: [TRAIN] Step: 1156 ; Loss: 21.986 ; Acc: 47.180
2018-09-19 14:24:15,345:INFO: [TRAIN] Step: 1157 ; Loss: 26.787 ; Acc: 47.183
2018-09-19 14:24:15,438:INFO: [TRAIN] Step: 1158 ; Loss: 24.842 ; Acc: 47.189
2018-09-19 14:24:15,530:INFO: [TRAIN] Step: 1159 ; Loss: 20.379 ; Acc: 47.191
2018-09-19 14:24:15,624:INFO: [TRAIN] Step: 1160 ; Loss: 21.232 ; Acc: 47.201
2018-09-19 14:24:15,717:INFO: [TRAIN] Step: 1161 ; Loss: 20.411 ; Acc: 47.207
2018-09-19 14:24:15,812:INFO: [TRAIN] Step: 1162 ; Loss: 26.090 ; Acc: 47.220
2018-09-19 14:24:15,904:INFO: [TRAIN] Step: 1163 ; Loss: 23.877 ; Acc: 47.233
2018-09-19 14:24:15,996:INFO: [TRAIN] Step: 1164 ; Loss: 24.710 ; Acc: 47.232
2018-09-19 14:24:16,088:INFO: [TRAIN] Step: 1165 ; Loss: 24.265 ; Acc: 47.227
2018-09-19 14:24:16,182:INFO: [TRAIN] Step: 1166 ; Loss: 21.701 ; Acc: 47.226
2018-09-19 14:24:16,271:INFO: [TRAIN] Step: 1167 ; Loss: 21.281 ; Acc: 47.235
2018-09-19 14:24:16,364:INFO: [TRAIN] Step: 1168 ; Loss: 25.016 ; Acc: 47.238
2018-09-19 14:24:16,455:INFO: [TRAIN] Step: 1169 ; Loss: 30.790 ; Acc: 47.236
2018-09-19 14:24:16,550:INFO: [TRAIN] Step: 1170 ; Loss: 24.495 ; Acc: 47.239
2018-09-19 14:24:16,640:INFO: [TRAIN] Step: 1171 ; Loss: 19.257 ; Acc: 47.252
2018-09-19 14:24:16,738:INFO: [TRAIN] Step: 1172 ; Loss: 27.084 ; Acc: 47.258
2018-09-19 14:24:16,828:INFO: [TRAIN] Step: 1173 ; Loss: 21.532 ; Acc: 47.260
2018-09-19 14:24:16,925:INFO: [TRAIN] Step: 1174 ; Loss: 19.410 ; Acc: 47.266
2018-09-19 14:24:17,013:INFO: [TRAIN] Step: 1175 ; Loss: 24.764 ; Acc: 47.261
2018-09-19 14:24:17,111:INFO: [TRAIN] Step: 1176 ; Loss: 25.725 ; Acc: 47.267
2018-09-19 14:24:17,202:INFO: [TRAIN] Step: 1177 ; Loss: 25.176 ; Acc: 47.259
2018-09-19 14:24:17,297:INFO: [TRAIN] Step: 1178 ; Loss: 19.165 ; Acc: 47.272
2018-09-19 14:24:17,387:INFO: [TRAIN] Step: 1179 ; Loss: 19.958 ; Acc: 47.285
2018-09-19 14:24:17,482:INFO: [TRAIN] Step: 1180 ; Loss: 24.333 ; Acc: 47.280
2018-09-19 14:24:17,573:INFO: [TRAIN] Step: 1181 ; Loss: 25.244 ; Acc: 47.282
2018-09-19 14:24:17,682:INFO: [TRAIN] Step: 1182 ; Loss: 20.291 ; Acc: 47.288
2018-09-19 14:24:17,775:INFO: [TRAIN] Step: 1183 ; Loss: 20.930 ; Acc: 47.311
2018-09-19 14:24:17,870:INFO: [TRAIN] Step: 1184 ; Loss: 20.991 ; Acc: 47.321
2018-09-19 14:24:17,958:INFO: [TRAIN] Step: 1185 ; Loss: 22.707 ; Acc: 47.330
2018-09-19 14:24:18,055:INFO: [TRAIN] Step: 1186 ; Loss: 25.299 ; Acc: 47.332
2018-09-19 14:24:18,145:INFO: [TRAIN] Step: 1187 ; Loss: 21.065 ; Acc: 47.334
2018-09-19 14:24:18,240:INFO: [TRAIN] Step: 1188 ; Loss: 21.116 ; Acc: 47.347
2018-09-19 14:24:18,334:INFO: [TRAIN] Step: 1189 ; Loss: 25.750 ; Acc: 47.353
2018-09-19 14:24:23,675:INFO: [EVAL] Step: 1190 ; Loss: 0.242 ; Acc: 0.540
