2018-09-19 14:46:07,340:INFO: ### Model ###
LeNet5(
  (convnet): Sequential(
    (0): Conv2d(1, 6, kernel_size=(5, 5), stride=(1, 1))
    (1): ReLU()
    (2): MaxPool2d(kernel_size=(2, 2), stride=2, padding=0, dilation=1, ceil_mode=False)
    (3): Conv2d(6, 16, kernel_size=(5, 5), stride=(1, 1))
    (4): ReLU()
    (5): MaxPool2d(kernel_size=(2, 2), stride=2, padding=0, dilation=1, ceil_mode=False)
    (6): Conv2d(16, 120, kernel_size=(5, 5), stride=(1, 1))
    (7): ReLU()
    (8): Conv2d(120, 240, kernel_size=(5, 5), stride=(1, 1))
    (9): ReLU()
  )
  (fc): Sequential(
    (0): Linear(in_features=240, out_features=84, bias=True)
    (1): ReLU()
    (2): Linear(in_features=84, out_features=10, bias=True)
  )
)
2018-09-19 14:46:07,340:INFO: ### Optimizer ###
Adam (
Parameter Group 0
    amsgrad: False
    betas: (0.9, 0.999)
    eps: 1e-08
    lr: 0.005
    weight_decay: 0
)
2018-09-19 14:46:07,341:INFO: ### HParams ###
n_epochs: 1 ; data: ferplus ; label: ferplus_votes ; batch_size: 24 ; lr: 0.005 ; wd: 0 ; eval_steps: 1190
2018-09-19 14:46:07,546:INFO: [TRAIN] Step: 0 ; Loss: 40.290 ; Acc: 4.167
2018-09-19 14:46:07,633:INFO: [TRAIN] Step: 1 ; Loss: 33.951 ; Acc: 18.750
2018-09-19 14:46:07,724:INFO: [TRAIN] Step: 2 ; Loss: 121.709 ; Acc: 22.222
2018-09-19 14:46:07,809:INFO: [TRAIN] Step: 3 ; Loss: 41.676 ; Acc: 27.083
2018-09-19 14:46:07,891:INFO: [TRAIN] Step: 4 ; Loss: 36.846 ; Acc: 29.167
2018-09-19 14:46:07,985:INFO: [TRAIN] Step: 5 ; Loss: 37.971 ; Acc: 29.167
2018-09-19 14:46:08,058:INFO: [TRAIN] Step: 6 ; Loss: 37.650 ; Acc: 30.357
2018-09-19 14:46:08,162:INFO: [TRAIN] Step: 7 ; Loss: 38.226 ; Acc: 29.167
2018-09-19 14:46:08,248:INFO: [TRAIN] Step: 8 ; Loss: 39.653 ; Acc: 28.704
2018-09-19 14:46:08,322:INFO: [TRAIN] Step: 9 ; Loss: 38.179 ; Acc: 29.583
2018-09-19 14:46:08,406:INFO: [TRAIN] Step: 10 ; Loss: 34.151 ; Acc: 28.788
2018-09-19 14:46:08,479:INFO: [TRAIN] Step: 11 ; Loss: 36.129 ; Acc: 28.472
2018-09-19 14:46:08,560:INFO: [TRAIN] Step: 12 ; Loss: 34.897 ; Acc: 27.885
2018-09-19 14:46:08,648:INFO: [TRAIN] Step: 13 ; Loss: 36.352 ; Acc: 27.381
2018-09-19 14:46:08,738:INFO: [TRAIN] Step: 14 ; Loss: 35.723 ; Acc: 26.667
2018-09-19 14:46:08,812:INFO: [TRAIN] Step: 15 ; Loss: 34.851 ; Acc: 26.562
2018-09-19 14:46:08,896:INFO: [TRAIN] Step: 16 ; Loss: 33.346 ; Acc: 25.980
2018-09-19 14:46:08,969:INFO: [TRAIN] Step: 17 ; Loss: 31.427 ; Acc: 25.926
2018-09-19 14:46:09,050:INFO: [TRAIN] Step: 18 ; Loss: 35.252 ; Acc: 25.658
2018-09-19 14:46:09,129:INFO: [TRAIN] Step: 19 ; Loss: 28.491 ; Acc: 25.417
2018-09-19 14:46:09,215:INFO: [TRAIN] Step: 20 ; Loss: 28.025 ; Acc: 25.992
2018-09-19 14:46:09,298:INFO: [TRAIN] Step: 21 ; Loss: 30.643 ; Acc: 26.326
2018-09-19 14:46:09,389:INFO: [TRAIN] Step: 22 ; Loss: 28.540 ; Acc: 26.268
2018-09-19 14:46:09,471:INFO: [TRAIN] Step: 23 ; Loss: 30.219 ; Acc: 26.042
2018-09-19 14:46:09,562:INFO: [TRAIN] Step: 24 ; Loss: 26.512 ; Acc: 26.500
2018-09-19 14:46:09,642:INFO: [TRAIN] Step: 25 ; Loss: 30.479 ; Acc: 26.442
2018-09-19 14:46:09,721:INFO: [TRAIN] Step: 26 ; Loss: 26.612 ; Acc: 27.006
2018-09-19 14:46:09,794:INFO: [TRAIN] Step: 27 ; Loss: 29.804 ; Acc: 27.083
2018-09-19 14:46:09,876:INFO: [TRAIN] Step: 28 ; Loss: 29.531 ; Acc: 27.730
2018-09-19 14:46:09,950:INFO: [TRAIN] Step: 29 ; Loss: 30.418 ; Acc: 27.917
2018-09-19 14:46:10,031:INFO: [TRAIN] Step: 30 ; Loss: 27.091 ; Acc: 28.360
2018-09-19 14:46:10,103:INFO: [TRAIN] Step: 31 ; Loss: 26.056 ; Acc: 28.646
2018-09-19 14:46:10,181:INFO: [TRAIN] Step: 32 ; Loss: 27.927 ; Acc: 29.040
2018-09-19 14:46:10,253:INFO: [TRAIN] Step: 33 ; Loss: 31.560 ; Acc: 29.289
2018-09-19 14:46:10,332:INFO: [TRAIN] Step: 34 ; Loss: 27.764 ; Acc: 29.762
2018-09-19 14:46:10,406:INFO: [TRAIN] Step: 35 ; Loss: 32.222 ; Acc: 29.282
2018-09-19 14:46:10,485:INFO: [TRAIN] Step: 36 ; Loss: 29.330 ; Acc: 29.730
2018-09-19 14:46:10,557:INFO: [TRAIN] Step: 37 ; Loss: 26.335 ; Acc: 29.825
2018-09-19 14:46:10,640:INFO: [TRAIN] Step: 38 ; Loss: 28.215 ; Acc: 30.021
2018-09-19 14:46:10,723:INFO: [TRAIN] Step: 39 ; Loss: 27.853 ; Acc: 30.312
2018-09-19 14:46:10,805:INFO: [TRAIN] Step: 40 ; Loss: 27.680 ; Acc: 30.996
2018-09-19 14:46:10,881:INFO: [TRAIN] Step: 41 ; Loss: 30.556 ; Acc: 30.952
2018-09-19 14:46:10,962:INFO: [TRAIN] Step: 42 ; Loss: 28.840 ; Acc: 31.202
2018-09-19 14:46:11,035:INFO: [TRAIN] Step: 43 ; Loss: 28.421 ; Acc: 31.155
2018-09-19 14:46:11,114:INFO: [TRAIN] Step: 44 ; Loss: 28.008 ; Acc: 31.481
2018-09-19 14:46:11,189:INFO: [TRAIN] Step: 45 ; Loss: 28.291 ; Acc: 31.522
2018-09-19 14:46:11,268:INFO: [TRAIN] Step: 46 ; Loss: 28.487 ; Acc: 31.826
2018-09-19 14:46:11,341:INFO: [TRAIN] Step: 47 ; Loss: 32.300 ; Acc: 31.771
2018-09-19 14:46:11,420:INFO: [TRAIN] Step: 48 ; Loss: 28.890 ; Acc: 32.143
2018-09-19 14:46:11,493:INFO: [TRAIN] Step: 49 ; Loss: 31.023 ; Acc: 32.333
2018-09-19 14:46:11,572:INFO: [TRAIN] Step: 50 ; Loss: 26.683 ; Acc: 32.435
2018-09-19 14:46:11,649:INFO: [TRAIN] Step: 51 ; Loss: 29.020 ; Acc: 32.612
2018-09-19 14:46:11,727:INFO: [TRAIN] Step: 52 ; Loss: 29.849 ; Acc: 32.626
2018-09-19 14:46:11,799:INFO: [TRAIN] Step: 53 ; Loss: 30.459 ; Acc: 32.639
2018-09-19 14:46:11,877:INFO: [TRAIN] Step: 54 ; Loss: 29.800 ; Acc: 32.500
2018-09-19 14:46:11,951:INFO: [TRAIN] Step: 55 ; Loss: 28.494 ; Acc: 32.515
2018-09-19 14:46:12,038:INFO: [TRAIN] Step: 56 ; Loss: 24.383 ; Acc: 32.822
2018-09-19 14:46:12,111:INFO: [TRAIN] Step: 57 ; Loss: 30.543 ; Acc: 32.902
2018-09-19 14:46:12,192:INFO: [TRAIN] Step: 58 ; Loss: 29.782 ; Acc: 33.051
2018-09-19 14:46:12,267:INFO: [TRAIN] Step: 59 ; Loss: 31.306 ; Acc: 33.125
2018-09-19 14:46:12,346:INFO: [TRAIN] Step: 60 ; Loss: 24.845 ; Acc: 33.607
2018-09-19 14:46:12,418:INFO: [TRAIN] Step: 61 ; Loss: 27.050 ; Acc: 33.602
2018-09-19 14:46:12,497:INFO: [TRAIN] Step: 62 ; Loss: 27.431 ; Acc: 33.796
2018-09-19 14:46:12,570:INFO: [TRAIN] Step: 63 ; Loss: 32.362 ; Acc: 33.594
2018-09-19 14:46:12,649:INFO: [TRAIN] Step: 64 ; Loss: 28.031 ; Acc: 33.526
2018-09-19 14:46:12,721:INFO: [TRAIN] Step: 65 ; Loss: 25.663 ; Acc: 33.523
2018-09-19 14:46:12,802:INFO: [TRAIN] Step: 66 ; Loss: 25.783 ; Acc: 33.582
2018-09-19 14:46:12,876:INFO: [TRAIN] Step: 67 ; Loss: 28.608 ; Acc: 33.517
2018-09-19 14:46:12,959:INFO: [TRAIN] Step: 68 ; Loss: 26.497 ; Acc: 33.635
2018-09-19 14:46:13,034:INFO: [TRAIN] Step: 69 ; Loss: 31.274 ; Acc: 33.333
2018-09-19 14:46:13,113:INFO: [TRAIN] Step: 70 ; Loss: 25.651 ; Acc: 33.333
2018-09-19 14:46:13,186:INFO: [TRAIN] Step: 71 ; Loss: 26.824 ; Acc: 33.275
2018-09-19 14:46:13,266:INFO: [TRAIN] Step: 72 ; Loss: 25.656 ; Acc: 33.219
2018-09-19 14:46:13,339:INFO: [TRAIN] Step: 73 ; Loss: 28.281 ; Acc: 33.052
2018-09-19 14:46:13,421:INFO: [TRAIN] Step: 74 ; Loss: 32.749 ; Acc: 33.000
2018-09-19 14:46:13,494:INFO: [TRAIN] Step: 75 ; Loss: 28.342 ; Acc: 32.950
2018-09-19 14:46:13,576:INFO: [TRAIN] Step: 76 ; Loss: 33.437 ; Acc: 32.900
2018-09-19 14:46:13,652:INFO: [TRAIN] Step: 77 ; Loss: 27.100 ; Acc: 32.853
2018-09-19 14:46:13,750:INFO: [TRAIN] Step: 78 ; Loss: 27.406 ; Acc: 32.753
2018-09-19 14:46:13,825:INFO: [TRAIN] Step: 79 ; Loss: 30.063 ; Acc: 32.708
2018-09-19 14:46:13,905:INFO: [TRAIN] Step: 80 ; Loss: 30.213 ; Acc: 32.716
2018-09-19 14:46:13,981:INFO: [TRAIN] Step: 81 ; Loss: 29.475 ; Acc: 32.724
2018-09-19 14:46:14,060:INFO: [TRAIN] Step: 82 ; Loss: 33.267 ; Acc: 32.530
2018-09-19 14:46:14,132:INFO: [TRAIN] Step: 83 ; Loss: 26.485 ; Acc: 32.639
2018-09-19 14:46:14,210:INFO: [TRAIN] Step: 84 ; Loss: 27.510 ; Acc: 32.500
2018-09-19 14:46:14,281:INFO: [TRAIN] Step: 85 ; Loss: 27.552 ; Acc: 32.413
2018-09-19 14:46:14,363:INFO: [TRAIN] Step: 86 ; Loss: 32.749 ; Acc: 32.471
2018-09-19 14:46:14,436:INFO: [TRAIN] Step: 87 ; Loss: 29.507 ; Acc: 32.576
2018-09-19 14:46:14,515:INFO: [TRAIN] Step: 88 ; Loss: 27.087 ; Acc: 32.584
2018-09-19 14:46:14,588:INFO: [TRAIN] Step: 89 ; Loss: 26.524 ; Acc: 32.731
2018-09-19 14:46:14,669:INFO: [TRAIN] Step: 90 ; Loss: 32.007 ; Acc: 32.692
2018-09-19 14:46:14,743:INFO: [TRAIN] Step: 91 ; Loss: 30.301 ; Acc: 32.563
2018-09-19 14:46:14,823:INFO: [TRAIN] Step: 92 ; Loss: 27.621 ; Acc: 32.706
2018-09-19 14:46:14,895:INFO: [TRAIN] Step: 93 ; Loss: 26.821 ; Acc: 32.801
2018-09-19 14:46:14,974:INFO: [TRAIN] Step: 94 ; Loss: 30.115 ; Acc: 32.675
2018-09-19 14:46:15,050:INFO: [TRAIN] Step: 95 ; Loss: 26.866 ; Acc: 32.769
2018-09-19 14:46:15,130:INFO: [TRAIN] Step: 96 ; Loss: 26.898 ; Acc: 32.861
2018-09-19 14:46:15,203:INFO: [TRAIN] Step: 97 ; Loss: 31.239 ; Acc: 32.823
2018-09-19 14:46:15,284:INFO: [TRAIN] Step: 98 ; Loss: 30.078 ; Acc: 32.660
2018-09-19 14:46:15,355:INFO: [TRAIN] Step: 99 ; Loss: 25.651 ; Acc: 32.875
2018-09-19 14:46:15,434:INFO: [TRAIN] Step: 100 ; Loss: 29.491 ; Acc: 32.962
2018-09-19 14:46:15,507:INFO: [TRAIN] Step: 101 ; Loss: 27.924 ; Acc: 33.047
2018-09-19 14:46:15,587:INFO: [TRAIN] Step: 102 ; Loss: 31.076 ; Acc: 33.091
2018-09-19 14:46:15,657:INFO: [TRAIN] Step: 103 ; Loss: 28.949 ; Acc: 33.173
2018-09-19 14:46:15,737:INFO: [TRAIN] Step: 104 ; Loss: 27.983 ; Acc: 33.135
2018-09-19 14:46:15,814:INFO: [TRAIN] Step: 105 ; Loss: 29.381 ; Acc: 33.137
2018-09-19 14:46:15,896:INFO: [TRAIN] Step: 106 ; Loss: 29.467 ; Acc: 33.217
2018-09-19 14:46:15,969:INFO: [TRAIN] Step: 107 ; Loss: 25.054 ; Acc: 33.295
2018-09-19 14:46:16,049:INFO: [TRAIN] Step: 108 ; Loss: 28.126 ; Acc: 33.333
2018-09-19 14:46:16,121:INFO: [TRAIN] Step: 109 ; Loss: 30.130 ; Acc: 33.144
2018-09-19 14:46:16,201:INFO: [TRAIN] Step: 110 ; Loss: 25.139 ; Acc: 33.258
2018-09-19 14:46:16,275:INFO: [TRAIN] Step: 111 ; Loss: 27.267 ; Acc: 33.259
2018-09-19 14:46:16,353:INFO: [TRAIN] Step: 112 ; Loss: 27.662 ; Acc: 33.296
2018-09-19 14:46:16,429:INFO: [TRAIN] Step: 113 ; Loss: 34.226 ; Acc: 33.260
2018-09-19 14:46:16,508:INFO: [TRAIN] Step: 114 ; Loss: 26.310 ; Acc: 33.370
2018-09-19 14:46:16,581:INFO: [TRAIN] Step: 115 ; Loss: 30.044 ; Acc: 33.369
2018-09-19 14:46:16,663:INFO: [TRAIN] Step: 116 ; Loss: 31.709 ; Acc: 33.369
2018-09-19 14:46:16,736:INFO: [TRAIN] Step: 117 ; Loss: 28.257 ; Acc: 33.475
2018-09-19 14:46:16,815:INFO: [TRAIN] Step: 118 ; Loss: 29.737 ; Acc: 33.403
2018-09-19 14:46:16,888:INFO: [TRAIN] Step: 119 ; Loss: 26.753 ; Acc: 33.507
2018-09-19 14:46:16,968:INFO: [TRAIN] Step: 120 ; Loss: 27.661 ; Acc: 33.471
2018-09-19 14:46:17,055:INFO: [TRAIN] Step: 121 ; Loss: 29.397 ; Acc: 33.299
2018-09-19 14:46:17,135:INFO: [TRAIN] Step: 122 ; Loss: 27.481 ; Acc: 33.503
2018-09-19 14:46:17,212:INFO: [TRAIN] Step: 123 ; Loss: 27.019 ; Acc: 33.569
2018-09-19 14:46:17,291:INFO: [TRAIN] Step: 124 ; Loss: 25.360 ; Acc: 33.733
2018-09-19 14:46:17,366:INFO: [TRAIN] Step: 125 ; Loss: 27.355 ; Acc: 33.730
2018-09-19 14:46:17,447:INFO: [TRAIN] Step: 126 ; Loss: 30.427 ; Acc: 33.760
2018-09-19 14:46:17,519:INFO: [TRAIN] Step: 127 ; Loss: 26.913 ; Acc: 33.887
2018-09-19 14:46:17,608:INFO: [TRAIN] Step: 128 ; Loss: 28.897 ; Acc: 33.915
2018-09-19 14:46:17,686:INFO: [TRAIN] Step: 129 ; Loss: 32.062 ; Acc: 33.942
2018-09-19 14:46:17,766:INFO: [TRAIN] Step: 130 ; Loss: 27.852 ; Acc: 33.969
2018-09-19 14:46:17,840:INFO: [TRAIN] Step: 131 ; Loss: 27.689 ; Acc: 34.028
2018-09-19 14:46:17,922:INFO: [TRAIN] Step: 132 ; Loss: 26.078 ; Acc: 34.148
2018-09-19 14:46:18,001:INFO: [TRAIN] Step: 133 ; Loss: 31.098 ; Acc: 34.080
2018-09-19 14:46:18,082:INFO: [TRAIN] Step: 134 ; Loss: 31.191 ; Acc: 34.167
2018-09-19 14:46:18,155:INFO: [TRAIN] Step: 135 ; Loss: 32.319 ; Acc: 34.069
2018-09-19 14:46:18,233:INFO: [TRAIN] Step: 136 ; Loss: 27.764 ; Acc: 34.185
2018-09-19 14:46:18,305:INFO: [TRAIN] Step: 137 ; Loss: 27.394 ; Acc: 34.360
2018-09-19 14:46:18,385:INFO: [TRAIN] Step: 138 ; Loss: 27.553 ; Acc: 34.323
2018-09-19 14:46:18,459:INFO: [TRAIN] Step: 139 ; Loss: 31.088 ; Acc: 34.256
2018-09-19 14:46:18,540:INFO: [TRAIN] Step: 140 ; Loss: 31.991 ; Acc: 34.249
2018-09-19 14:46:18,613:INFO: [TRAIN] Step: 141 ; Loss: 30.275 ; Acc: 34.302
2018-09-19 14:46:18,692:INFO: [TRAIN] Step: 142 ; Loss: 27.299 ; Acc: 34.266
2018-09-19 14:46:18,764:INFO: [TRAIN] Step: 143 ; Loss: 30.102 ; Acc: 34.317
2018-09-19 14:46:18,843:INFO: [TRAIN] Step: 144 ; Loss: 25.094 ; Acc: 34.483
2018-09-19 14:46:18,917:INFO: [TRAIN] Step: 145 ; Loss: 24.796 ; Acc: 34.561
2018-09-19 14:46:18,997:INFO: [TRAIN] Step: 146 ; Loss: 30.114 ; Acc: 34.580
2018-09-19 14:46:19,073:INFO: [TRAIN] Step: 147 ; Loss: 27.286 ; Acc: 34.685
2018-09-19 14:46:19,154:INFO: [TRAIN] Step: 148 ; Loss: 33.832 ; Acc: 34.676
2018-09-19 14:46:19,230:INFO: [TRAIN] Step: 149 ; Loss: 27.844 ; Acc: 34.722
2018-09-19 14:46:19,308:INFO: [TRAIN] Step: 150 ; Loss: 31.295 ; Acc: 34.603
2018-09-19 14:46:19,380:INFO: [TRAIN] Step: 151 ; Loss: 26.493 ; Acc: 34.704
2018-09-19 14:46:19,459:INFO: [TRAIN] Step: 152 ; Loss: 26.101 ; Acc: 34.749
2018-09-19 14:46:19,533:INFO: [TRAIN] Step: 153 ; Loss: 32.124 ; Acc: 34.686
2018-09-19 14:46:19,612:INFO: [TRAIN] Step: 154 ; Loss: 29.868 ; Acc: 34.731
2018-09-19 14:46:19,686:INFO: [TRAIN] Step: 155 ; Loss: 27.727 ; Acc: 34.802
2018-09-19 14:46:19,766:INFO: [TRAIN] Step: 156 ; Loss: 29.235 ; Acc: 34.846
2018-09-19 14:46:19,839:INFO: [TRAIN] Step: 157 ; Loss: 29.041 ; Acc: 34.942
2018-09-19 14:46:19,918:INFO: [TRAIN] Step: 158 ; Loss: 29.697 ; Acc: 34.906
2018-09-19 14:46:19,993:INFO: [TRAIN] Step: 159 ; Loss: 26.982 ; Acc: 34.948
2018-09-19 14:46:20,071:INFO: [TRAIN] Step: 160 ; Loss: 30.289 ; Acc: 34.964
2018-09-19 14:46:20,144:INFO: [TRAIN] Step: 161 ; Loss: 27.690 ; Acc: 34.954
2018-09-19 14:46:20,223:INFO: [TRAIN] Step: 162 ; Loss: 30.022 ; Acc: 34.944
2018-09-19 14:46:20,297:INFO: [TRAIN] Step: 163 ; Loss: 32.743 ; Acc: 34.909
2018-09-19 14:46:20,376:INFO: [TRAIN] Step: 164 ; Loss: 29.873 ; Acc: 34.924
2018-09-19 14:46:20,451:INFO: [TRAIN] Step: 165 ; Loss: 25.891 ; Acc: 35.065
2018-09-19 14:46:20,535:INFO: [TRAIN] Step: 166 ; Loss: 30.193 ; Acc: 35.130
2018-09-19 14:46:20,611:INFO: [TRAIN] Step: 167 ; Loss: 32.379 ; Acc: 35.069
2018-09-19 14:46:20,692:INFO: [TRAIN] Step: 168 ; Loss: 27.185 ; Acc: 35.133
2018-09-19 14:46:20,766:INFO: [TRAIN] Step: 169 ; Loss: 28.432 ; Acc: 35.147
2018-09-19 14:46:20,850:INFO: [TRAIN] Step: 170 ; Loss: 27.174 ; Acc: 35.210
2018-09-19 14:46:20,923:INFO: [TRAIN] Step: 171 ; Loss: 24.326 ; Acc: 35.320
2018-09-19 14:46:21,005:INFO: [TRAIN] Step: 172 ; Loss: 29.702 ; Acc: 35.332
2018-09-19 14:46:21,077:INFO: [TRAIN] Step: 173 ; Loss: 29.814 ; Acc: 35.297
2018-09-19 14:46:21,157:INFO: [TRAIN] Step: 174 ; Loss: 28.179 ; Acc: 35.310
2018-09-19 14:46:21,229:INFO: [TRAIN] Step: 175 ; Loss: 27.322 ; Acc: 35.369
2018-09-19 14:46:21,314:INFO: [TRAIN] Step: 176 ; Loss: 28.796 ; Acc: 35.287
2018-09-19 14:46:21,386:INFO: [TRAIN] Step: 177 ; Loss: 27.037 ; Acc: 35.300
2018-09-19 14:46:21,467:INFO: [TRAIN] Step: 178 ; Loss: 29.964 ; Acc: 35.335
2018-09-19 14:46:21,541:INFO: [TRAIN] Step: 179 ; Loss: 28.364 ; Acc: 35.347
2018-09-19 14:46:21,623:INFO: [TRAIN] Step: 180 ; Loss: 32.455 ; Acc: 35.267
2018-09-19 14:46:21,697:INFO: [TRAIN] Step: 181 ; Loss: 32.113 ; Acc: 35.211
2018-09-19 14:46:21,777:INFO: [TRAIN] Step: 182 ; Loss: 31.151 ; Acc: 35.132
2018-09-19 14:46:21,851:INFO: [TRAIN] Step: 183 ; Loss: 32.217 ; Acc: 35.009
2018-09-19 14:46:21,930:INFO: [TRAIN] Step: 184 ; Loss: 28.914 ; Acc: 34.932
2018-09-19 14:46:22,006:INFO: [TRAIN] Step: 185 ; Loss: 27.909 ; Acc: 34.924
2018-09-19 14:46:22,090:INFO: [TRAIN] Step: 186 ; Loss: 32.776 ; Acc: 34.826
2018-09-19 14:46:22,165:INFO: [TRAIN] Step: 187 ; Loss: 29.414 ; Acc: 34.840
2018-09-19 14:46:22,246:INFO: [TRAIN] Step: 188 ; Loss: 29.767 ; Acc: 34.788
2018-09-19 14:46:22,320:INFO: [TRAIN] Step: 189 ; Loss: 29.702 ; Acc: 34.671
2018-09-19 14:46:22,399:INFO: [TRAIN] Step: 190 ; Loss: 29.959 ; Acc: 34.686
2018-09-19 14:46:22,472:INFO: [TRAIN] Step: 191 ; Loss: 27.914 ; Acc: 34.614
2018-09-19 14:46:22,551:INFO: [TRAIN] Step: 192 ; Loss: 28.144 ; Acc: 34.629
2018-09-19 14:46:22,623:INFO: [TRAIN] Step: 193 ; Loss: 30.742 ; Acc: 34.643
2018-09-19 14:46:22,702:INFO: [TRAIN] Step: 194 ; Loss: 28.744 ; Acc: 34.658
2018-09-19 14:46:22,777:INFO: [TRAIN] Step: 195 ; Loss: 31.534 ; Acc: 34.588
2018-09-19 14:46:22,856:INFO: [TRAIN] Step: 196 ; Loss: 29.487 ; Acc: 34.518
2018-09-19 14:46:22,928:INFO: [TRAIN] Step: 197 ; Loss: 26.718 ; Acc: 34.470
2018-09-19 14:46:23,008:INFO: [TRAIN] Step: 198 ; Loss: 34.869 ; Acc: 34.422
2018-09-19 14:46:23,081:INFO: [TRAIN] Step: 199 ; Loss: 30.411 ; Acc: 34.354
2018-09-19 14:46:23,160:INFO: [TRAIN] Step: 200 ; Loss: 28.477 ; Acc: 34.349
2018-09-19 14:46:23,232:INFO: [TRAIN] Step: 201 ; Loss: 30.584 ; Acc: 34.323
2018-09-19 14:46:23,313:INFO: [TRAIN] Step: 202 ; Loss: 28.653 ; Acc: 34.257
2018-09-19 14:46:23,386:INFO: [TRAIN] Step: 203 ; Loss: 27.909 ; Acc: 34.273
2018-09-19 14:46:23,466:INFO: [TRAIN] Step: 204 ; Loss: 30.227 ; Acc: 34.187
2018-09-19 14:46:23,540:INFO: [TRAIN] Step: 205 ; Loss: 31.907 ; Acc: 34.163
2018-09-19 14:46:23,619:INFO: [TRAIN] Step: 206 ; Loss: 30.280 ; Acc: 34.078
2018-09-19 14:46:23,694:INFO: [TRAIN] Step: 207 ; Loss: 26.567 ; Acc: 34.155
2018-09-19 14:46:23,775:INFO: [TRAIN] Step: 208 ; Loss: 32.941 ; Acc: 34.211
2018-09-19 14:46:23,848:INFO: [TRAIN] Step: 209 ; Loss: 28.062 ; Acc: 34.226
2018-09-19 14:46:23,928:INFO: [TRAIN] Step: 210 ; Loss: 30.595 ; Acc: 34.163
2018-09-19 14:46:24,000:INFO: [TRAIN] Step: 211 ; Loss: 30.025 ; Acc: 34.100
2018-09-19 14:46:24,079:INFO: [TRAIN] Step: 212 ; Loss: 25.902 ; Acc: 34.135
2018-09-19 14:46:24,154:INFO: [TRAIN] Step: 213 ; Loss: 28.646 ; Acc: 34.132
2018-09-19 14:46:24,231:INFO: [TRAIN] Step: 214 ; Loss: 25.822 ; Acc: 34.186
2018-09-19 14:46:24,303:INFO: [TRAIN] Step: 215 ; Loss: 31.241 ; Acc: 34.105
2018-09-19 14:46:24,384:INFO: [TRAIN] Step: 216 ; Loss: 29.137 ; Acc: 34.101
2018-09-19 14:46:24,458:INFO: [TRAIN] Step: 217 ; Loss: 28.683 ; Acc: 34.079
2018-09-19 14:46:24,539:INFO: [TRAIN] Step: 218 ; Loss: 27.399 ; Acc: 34.189
2018-09-19 14:46:24,620:INFO: [TRAIN] Step: 219 ; Loss: 32.275 ; Acc: 34.129
2018-09-19 14:46:24,701:INFO: [TRAIN] Step: 220 ; Loss: 29.129 ; Acc: 34.201
2018-09-19 14:46:24,774:INFO: [TRAIN] Step: 221 ; Loss: 30.209 ; Acc: 34.178
2018-09-19 14:46:24,852:INFO: [TRAIN] Step: 222 ; Loss: 27.597 ; Acc: 34.193
2018-09-19 14:46:24,926:INFO: [TRAIN] Step: 223 ; Loss: 28.914 ; Acc: 34.226
2018-09-19 14:46:25,008:INFO: [TRAIN] Step: 224 ; Loss: 28.528 ; Acc: 34.315
2018-09-19 14:46:25,081:INFO: [TRAIN] Step: 225 ; Loss: 27.254 ; Acc: 34.366
2018-09-19 14:46:25,161:INFO: [TRAIN] Step: 226 ; Loss: 30.741 ; Acc: 34.361
2018-09-19 14:46:25,235:INFO: [TRAIN] Step: 227 ; Loss: 29.665 ; Acc: 34.375
2018-09-19 14:46:25,314:INFO: [TRAIN] Step: 228 ; Loss: 28.003 ; Acc: 34.425
2018-09-19 14:46:25,392:INFO: [TRAIN] Step: 229 ; Loss: 27.562 ; Acc: 34.402
2018-09-19 14:46:25,471:INFO: [TRAIN] Step: 230 ; Loss: 23.438 ; Acc: 34.506
2018-09-19 14:46:25,546:INFO: [TRAIN] Step: 231 ; Loss: 29.119 ; Acc: 34.501
2018-09-19 14:46:25,626:INFO: [TRAIN] Step: 232 ; Loss: 25.563 ; Acc: 34.621
2018-09-19 14:46:25,698:INFO: [TRAIN] Step: 233 ; Loss: 33.281 ; Acc: 34.580
2018-09-19 14:46:25,775:INFO: [TRAIN] Step: 234 ; Loss: 28.442 ; Acc: 34.521
2018-09-19 14:46:25,851:INFO: [TRAIN] Step: 235 ; Loss: 31.402 ; Acc: 34.481
2018-09-19 14:46:25,930:INFO: [TRAIN] Step: 236 ; Loss: 29.850 ; Acc: 34.441
2018-09-19 14:46:26,003:INFO: [TRAIN] Step: 237 ; Loss: 31.097 ; Acc: 34.436
2018-09-19 14:46:26,081:INFO: [TRAIN] Step: 238 ; Loss: 28.793 ; Acc: 34.414
2018-09-19 14:46:26,157:INFO: [TRAIN] Step: 239 ; Loss: 32.453 ; Acc: 34.410
2018-09-19 14:46:26,239:INFO: [TRAIN] Step: 240 ; Loss: 27.581 ; Acc: 34.388
2018-09-19 14:46:26,311:INFO: [TRAIN] Step: 241 ; Loss: 25.604 ; Acc: 34.366
2018-09-19 14:46:26,389:INFO: [TRAIN] Step: 242 ; Loss: 29.803 ; Acc: 34.294
2018-09-19 14:46:26,461:INFO: [TRAIN] Step: 243 ; Loss: 30.260 ; Acc: 34.290
2018-09-19 14:46:26,538:INFO: [TRAIN] Step: 244 ; Loss: 30.080 ; Acc: 34.218
2018-09-19 14:46:26,610:INFO: [TRAIN] Step: 245 ; Loss: 26.019 ; Acc: 34.146
2018-09-19 14:46:26,690:INFO: [TRAIN] Step: 246 ; Loss: 27.269 ; Acc: 34.160
2018-09-19 14:46:26,762:INFO: [TRAIN] Step: 247 ; Loss: 28.007 ; Acc: 34.089
2018-09-19 14:46:26,841:INFO: [TRAIN] Step: 248 ; Loss: 28.153 ; Acc: 34.070
2018-09-19 14:46:26,913:INFO: [TRAIN] Step: 249 ; Loss: 26.283 ; Acc: 34.000
2018-09-19 14:46:26,994:INFO: [TRAIN] Step: 250 ; Loss: 32.094 ; Acc: 33.948
2018-09-19 14:46:27,068:INFO: [TRAIN] Step: 251 ; Loss: 31.119 ; Acc: 33.929
2018-09-19 14:46:27,149:INFO: [TRAIN] Step: 252 ; Loss: 30.807 ; Acc: 33.910
2018-09-19 14:46:27,220:INFO: [TRAIN] Step: 253 ; Loss: 29.610 ; Acc: 33.891
2018-09-19 14:46:27,301:INFO: [TRAIN] Step: 254 ; Loss: 27.760 ; Acc: 33.905
2018-09-19 14:46:27,375:INFO: [TRAIN] Step: 255 ; Loss: 27.633 ; Acc: 33.919
2018-09-19 14:46:27,454:INFO: [TRAIN] Step: 256 ; Loss: 30.834 ; Acc: 33.868
2018-09-19 14:46:27,528:INFO: [TRAIN] Step: 257 ; Loss: 29.668 ; Acc: 33.834
2018-09-19 14:46:27,606:INFO: [TRAIN] Step: 258 ; Loss: 31.562 ; Acc: 33.880
2018-09-19 14:46:27,679:INFO: [TRAIN] Step: 259 ; Loss: 27.082 ; Acc: 33.926
2018-09-19 14:46:27,759:INFO: [TRAIN] Step: 260 ; Loss: 30.178 ; Acc: 33.940
2018-09-19 14:46:27,833:INFO: [TRAIN] Step: 261 ; Loss: 31.368 ; Acc: 33.922
2018-09-19 14:46:27,913:INFO: [TRAIN] Step: 262 ; Loss: 27.337 ; Acc: 33.872
2018-09-19 14:46:27,986:INFO: [TRAIN] Step: 263 ; Loss: 28.722 ; Acc: 33.854
2018-09-19 14:46:28,069:INFO: [TRAIN] Step: 264 ; Loss: 30.965 ; Acc: 33.758
2018-09-19 14:46:28,140:INFO: [TRAIN] Step: 265 ; Loss: 28.181 ; Acc: 33.694
2018-09-19 14:46:28,218:INFO: [TRAIN] Step: 266 ; Loss: 30.106 ; Acc: 33.708
2018-09-19 14:46:28,290:INFO: [TRAIN] Step: 267 ; Loss: 27.542 ; Acc: 33.675
2018-09-19 14:46:28,367:INFO: [TRAIN] Step: 268 ; Loss: 29.032 ; Acc: 33.628
2018-09-19 14:46:28,440:INFO: [TRAIN] Step: 269 ; Loss: 31.402 ; Acc: 33.611
2018-09-19 14:46:28,517:INFO: [TRAIN] Step: 270 ; Loss: 28.406 ; Acc: 33.625
2018-09-19 14:46:28,590:INFO: [TRAIN] Step: 271 ; Loss: 32.503 ; Acc: 33.578
2018-09-19 14:46:28,668:INFO: [TRAIN] Step: 272 ; Loss: 28.989 ; Acc: 33.623
2018-09-19 14:46:28,744:INFO: [TRAIN] Step: 273 ; Loss: 26.852 ; Acc: 33.622
2018-09-19 14:46:28,822:INFO: [TRAIN] Step: 274 ; Loss: 28.706 ; Acc: 33.606
2018-09-19 14:46:28,896:INFO: [TRAIN] Step: 275 ; Loss: 27.683 ; Acc: 33.635
2018-09-19 14:46:28,976:INFO: [TRAIN] Step: 276 ; Loss: 25.262 ; Acc: 33.679
2018-09-19 14:46:29,048:INFO: [TRAIN] Step: 277 ; Loss: 30.011 ; Acc: 33.708
2018-09-19 14:46:29,131:INFO: [TRAIN] Step: 278 ; Loss: 30.985 ; Acc: 33.662
2018-09-19 14:46:29,204:INFO: [TRAIN] Step: 279 ; Loss: 35.750 ; Acc: 33.646
2018-09-19 14:46:29,287:INFO: [TRAIN] Step: 280 ; Loss: 29.085 ; Acc: 33.704
2018-09-19 14:46:29,363:INFO: [TRAIN] Step: 281 ; Loss: 27.138 ; Acc: 33.703
2018-09-19 14:46:29,444:INFO: [TRAIN] Step: 282 ; Loss: 33.905 ; Acc: 33.672
2018-09-19 14:46:29,516:INFO: [TRAIN] Step: 283 ; Loss: 27.668 ; Acc: 33.671
2018-09-19 14:46:29,595:INFO: [TRAIN] Step: 284 ; Loss: 29.808 ; Acc: 33.670
2018-09-19 14:46:29,668:INFO: [TRAIN] Step: 285 ; Loss: 30.867 ; Acc: 33.668
2018-09-19 14:46:29,748:INFO: [TRAIN] Step: 286 ; Loss: 26.704 ; Acc: 33.740
2018-09-19 14:46:29,820:INFO: [TRAIN] Step: 287 ; Loss: 26.952 ; Acc: 33.767
2018-09-19 14:46:29,900:INFO: [TRAIN] Step: 288 ; Loss: 31.559 ; Acc: 33.766
2018-09-19 14:46:29,972:INFO: [TRAIN] Step: 289 ; Loss: 23.272 ; Acc: 33.851
2018-09-19 14:46:30,051:INFO: [TRAIN] Step: 290 ; Loss: 32.428 ; Acc: 33.863
2018-09-19 14:46:30,124:INFO: [TRAIN] Step: 291 ; Loss: 26.915 ; Acc: 33.890
2018-09-19 14:46:30,204:INFO: [TRAIN] Step: 292 ; Loss: 26.309 ; Acc: 33.902
2018-09-19 14:46:30,276:INFO: [TRAIN] Step: 293 ; Loss: 24.990 ; Acc: 33.914
2018-09-19 14:46:30,354:INFO: [TRAIN] Step: 294 ; Loss: 29.238 ; Acc: 33.927
2018-09-19 14:46:30,428:INFO: [TRAIN] Step: 295 ; Loss: 31.324 ; Acc: 33.953
2018-09-19 14:46:30,507:INFO: [TRAIN] Step: 296 ; Loss: 26.749 ; Acc: 33.979
2018-09-19 14:46:30,579:INFO: [TRAIN] Step: 297 ; Loss: 30.138 ; Acc: 33.963
2018-09-19 14:46:30,660:INFO: [TRAIN] Step: 298 ; Loss: 30.909 ; Acc: 33.960
2018-09-19 14:46:30,741:INFO: [TRAIN] Step: 299 ; Loss: 29.260 ; Acc: 33.972
2018-09-19 14:46:30,819:INFO: [TRAIN] Step: 300 ; Loss: 26.739 ; Acc: 34.012
2018-09-19 14:46:30,894:INFO: [TRAIN] Step: 301 ; Loss: 27.041 ; Acc: 34.037
2018-09-19 14:46:30,973:INFO: [TRAIN] Step: 302 ; Loss: 29.979 ; Acc: 33.980
2018-09-19 14:46:31,046:INFO: [TRAIN] Step: 303 ; Loss: 28.785 ; Acc: 34.046
2018-09-19 14:46:31,129:INFO: [TRAIN] Step: 304 ; Loss: 26.771 ; Acc: 34.030
2018-09-19 14:46:31,205:INFO: [TRAIN] Step: 305 ; Loss: 31.546 ; Acc: 34.001
2018-09-19 14:46:31,285:INFO: [TRAIN] Step: 306 ; Loss: 29.623 ; Acc: 33.985
2018-09-19 14:46:31,358:INFO: [TRAIN] Step: 307 ; Loss: 28.807 ; Acc: 33.983
2018-09-19 14:46:31,439:INFO: [TRAIN] Step: 308 ; Loss: 28.276 ; Acc: 34.008
2018-09-19 14:46:31,512:INFO: [TRAIN] Step: 309 ; Loss: 29.845 ; Acc: 34.019
2018-09-19 14:46:31,594:INFO: [TRAIN] Step: 310 ; Loss: 29.963 ; Acc: 33.990
2018-09-19 14:46:31,665:INFO: [TRAIN] Step: 311 ; Loss: 26.569 ; Acc: 34.001
2018-09-19 14:46:31,745:INFO: [TRAIN] Step: 312 ; Loss: 35.216 ; Acc: 33.946
2018-09-19 14:46:31,818:INFO: [TRAIN] Step: 313 ; Loss: 29.811 ; Acc: 33.957
2018-09-19 14:46:31,899:INFO: [TRAIN] Step: 314 ; Loss: 30.253 ; Acc: 33.955
2018-09-19 14:46:31,972:INFO: [TRAIN] Step: 315 ; Loss: 28.619 ; Acc: 33.953
2018-09-19 14:46:32,054:INFO: [TRAIN] Step: 316 ; Loss: 28.479 ; Acc: 33.964
2018-09-19 14:46:32,129:INFO: [TRAIN] Step: 317 ; Loss: 28.756 ; Acc: 34.028
2018-09-19 14:46:32,209:INFO: [TRAIN] Step: 318 ; Loss: 25.804 ; Acc: 34.052
2018-09-19 14:46:32,283:INFO: [TRAIN] Step: 319 ; Loss: 27.374 ; Acc: 34.076
2018-09-19 14:46:32,362:INFO: [TRAIN] Step: 320 ; Loss: 28.891 ; Acc: 34.047
2018-09-19 14:46:32,436:INFO: [TRAIN] Step: 321 ; Loss: 27.420 ; Acc: 34.019
2018-09-19 14:46:32,516:INFO: [TRAIN] Step: 322 ; Loss: 24.423 ; Acc: 34.030
2018-09-19 14:46:32,601:INFO: [TRAIN] Step: 323 ; Loss: 26.651 ; Acc: 34.041
2018-09-19 14:46:32,682:INFO: [TRAIN] Step: 324 ; Loss: 28.273 ; Acc: 34.115
2018-09-19 14:46:32,758:INFO: [TRAIN] Step: 325 ; Loss: 29.192 ; Acc: 34.100
2018-09-19 14:46:32,838:INFO: [TRAIN] Step: 326 ; Loss: 31.363 ; Acc: 34.072
2018-09-19 14:46:32,913:INFO: [TRAIN] Step: 327 ; Loss: 29.311 ; Acc: 34.108
2018-09-19 14:46:32,998:INFO: [TRAIN] Step: 328 ; Loss: 26.666 ; Acc: 34.131
2018-09-19 14:46:33,072:INFO: [TRAIN] Step: 329 ; Loss: 25.583 ; Acc: 34.179
2018-09-19 14:46:33,154:INFO: [TRAIN] Step: 330 ; Loss: 22.951 ; Acc: 34.215
2018-09-19 14:46:33,227:INFO: [TRAIN] Step: 331 ; Loss: 24.971 ; Acc: 34.224
2018-09-19 14:46:33,308:INFO: [TRAIN] Step: 332 ; Loss: 25.589 ; Acc: 34.259
2018-09-19 14:46:33,379:INFO: [TRAIN] Step: 333 ; Loss: 26.994 ; Acc: 34.281
2018-09-19 14:46:33,459:INFO: [TRAIN] Step: 334 ; Loss: 27.404 ; Acc: 34.279
2018-09-19 14:46:33,535:INFO: [TRAIN] Step: 335 ; Loss: 25.779 ; Acc: 34.251
2018-09-19 14:46:33,617:INFO: [TRAIN] Step: 336 ; Loss: 27.656 ; Acc: 34.211
2018-09-19 14:46:33,691:INFO: [TRAIN] Step: 337 ; Loss: 27.503 ; Acc: 34.184
2018-09-19 14:46:33,773:INFO: [TRAIN] Step: 338 ; Loss: 30.463 ; Acc: 34.157
2018-09-19 14:46:33,846:INFO: [TRAIN] Step: 339 ; Loss: 29.676 ; Acc: 34.191
2018-09-19 14:46:33,924:INFO: [TRAIN] Step: 340 ; Loss: 27.107 ; Acc: 34.225
2018-09-19 14:46:33,999:INFO: [TRAIN] Step: 341 ; Loss: 28.424 ; Acc: 34.211
2018-09-19 14:46:34,078:INFO: [TRAIN] Step: 342 ; Loss: 31.312 ; Acc: 34.172
2018-09-19 14:46:34,154:INFO: [TRAIN] Step: 343 ; Loss: 28.534 ; Acc: 34.109
2018-09-19 14:46:34,235:INFO: [TRAIN] Step: 344 ; Loss: 31.064 ; Acc: 34.082
2018-09-19 14:46:34,308:INFO: [TRAIN] Step: 345 ; Loss: 28.529 ; Acc: 34.104
2018-09-19 14:46:34,387:INFO: [TRAIN] Step: 346 ; Loss: 29.383 ; Acc: 34.114
2018-09-19 14:46:34,459:INFO: [TRAIN] Step: 347 ; Loss: 25.790 ; Acc: 34.112
2018-09-19 14:46:34,539:INFO: [TRAIN] Step: 348 ; Loss: 28.981 ; Acc: 34.133
2018-09-19 14:46:34,613:INFO: [TRAIN] Step: 349 ; Loss: 26.009 ; Acc: 34.179
2018-09-19 14:46:34,693:INFO: [TRAIN] Step: 350 ; Loss: 30.002 ; Acc: 34.164
2018-09-19 14:46:34,767:INFO: [TRAIN] Step: 351 ; Loss: 29.113 ; Acc: 34.186
2018-09-19 14:46:34,847:INFO: [TRAIN] Step: 352 ; Loss: 26.663 ; Acc: 34.160
2018-09-19 14:46:34,921:INFO: [TRAIN] Step: 353 ; Loss: 29.742 ; Acc: 34.134
2018-09-19 14:46:35,000:INFO: [TRAIN] Step: 354 ; Loss: 28.126 ; Acc: 34.131
2018-09-19 14:46:35,073:INFO: [TRAIN] Step: 355 ; Loss: 25.149 ; Acc: 34.164
2018-09-19 14:46:35,154:INFO: [TRAIN] Step: 356 ; Loss: 29.021 ; Acc: 34.197
2018-09-19 14:46:35,229:INFO: [TRAIN] Step: 357 ; Loss: 31.097 ; Acc: 34.241
2018-09-19 14:46:35,308:INFO: [TRAIN] Step: 358 ; Loss: 28.117 ; Acc: 34.204
2018-09-19 14:46:35,383:INFO: [TRAIN] Step: 359 ; Loss: 25.470 ; Acc: 34.225
2018-09-19 14:46:35,465:INFO: [TRAIN] Step: 360 ; Loss: 30.137 ; Acc: 34.234
2018-09-19 14:46:35,538:INFO: [TRAIN] Step: 361 ; Loss: 27.796 ; Acc: 34.254
2018-09-19 14:46:35,619:INFO: [TRAIN] Step: 362 ; Loss: 27.985 ; Acc: 34.275
2018-09-19 14:46:35,694:INFO: [TRAIN] Step: 363 ; Loss: 28.913 ; Acc: 34.272
2018-09-19 14:46:35,773:INFO: [TRAIN] Step: 364 ; Loss: 28.246 ; Acc: 34.326
2018-09-19 14:46:35,846:INFO: [TRAIN] Step: 365 ; Loss: 30.959 ; Acc: 34.312
2018-09-19 14:46:35,926:INFO: [TRAIN] Step: 366 ; Loss: 28.331 ; Acc: 34.321
2018-09-19 14:46:36,003:INFO: [TRAIN] Step: 367 ; Loss: 28.033 ; Acc: 34.307
2018-09-19 14:46:36,085:INFO: [TRAIN] Step: 368 ; Loss: 29.558 ; Acc: 34.293
2018-09-19 14:46:36,158:INFO: [TRAIN] Step: 369 ; Loss: 29.063 ; Acc: 34.245
2018-09-19 14:46:36,238:INFO: [TRAIN] Step: 370 ; Loss: 27.989 ; Acc: 34.265
2018-09-19 14:46:36,312:INFO: [TRAIN] Step: 371 ; Loss: 31.489 ; Acc: 34.252
2018-09-19 14:46:36,391:INFO: [TRAIN] Step: 372 ; Loss: 25.226 ; Acc: 34.294
2018-09-19 14:46:36,465:INFO: [TRAIN] Step: 373 ; Loss: 25.008 ; Acc: 34.325
2018-09-19 14:46:36,546:INFO: [TRAIN] Step: 374 ; Loss: 29.036 ; Acc: 34.289
2018-09-19 14:46:36,624:INFO: [TRAIN] Step: 375 ; Loss: 28.509 ; Acc: 34.286
2018-09-19 14:46:36,703:INFO: [TRAIN] Step: 376 ; Loss: 30.545 ; Acc: 34.295
2018-09-19 14:46:36,776:INFO: [TRAIN] Step: 377 ; Loss: 25.649 ; Acc: 34.314
2018-09-19 14:46:36,854:INFO: [TRAIN] Step: 378 ; Loss: 29.472 ; Acc: 34.301
2018-09-19 14:46:36,929:INFO: [TRAIN] Step: 379 ; Loss: 30.244 ; Acc: 34.243
2018-09-19 14:46:37,009:INFO: [TRAIN] Step: 380 ; Loss: 25.132 ; Acc: 34.263
2018-09-19 14:46:37,082:INFO: [TRAIN] Step: 381 ; Loss: 30.745 ; Acc: 34.239
2018-09-19 14:46:37,162:INFO: [TRAIN] Step: 382 ; Loss: 30.372 ; Acc: 34.215
2018-09-19 14:46:37,235:INFO: [TRAIN] Step: 383 ; Loss: 28.525 ; Acc: 34.266
2018-09-19 14:46:37,314:INFO: [TRAIN] Step: 384 ; Loss: 27.780 ; Acc: 34.286
2018-09-19 14:46:37,389:INFO: [TRAIN] Step: 385 ; Loss: 31.357 ; Acc: 34.283
2018-09-19 14:46:37,468:INFO: [TRAIN] Step: 386 ; Loss: 27.589 ; Acc: 34.281
2018-09-19 14:46:37,541:INFO: [TRAIN] Step: 387 ; Loss: 25.482 ; Acc: 34.311
2018-09-19 14:46:37,620:INFO: [TRAIN] Step: 388 ; Loss: 29.559 ; Acc: 34.329
2018-09-19 14:46:37,695:INFO: [TRAIN] Step: 389 ; Loss: 27.041 ; Acc: 34.359
2018-09-19 14:46:37,776:INFO: [TRAIN] Step: 390 ; Loss: 30.409 ; Acc: 34.367
2018-09-19 14:46:37,848:INFO: [TRAIN] Step: 391 ; Loss: 26.371 ; Acc: 34.386
2018-09-19 14:46:37,928:INFO: [TRAIN] Step: 392 ; Loss: 30.241 ; Acc: 34.394
2018-09-19 14:46:38,002:INFO: [TRAIN] Step: 393 ; Loss: 28.483 ; Acc: 34.391
2018-09-19 14:46:38,082:INFO: [TRAIN] Step: 394 ; Loss: 27.510 ; Acc: 34.399
2018-09-19 14:46:38,158:INFO: [TRAIN] Step: 395 ; Loss: 27.849 ; Acc: 34.417
2018-09-19 14:46:38,238:INFO: [TRAIN] Step: 396 ; Loss: 26.504 ; Acc: 34.435
2018-09-19 14:46:38,311:INFO: [TRAIN] Step: 397 ; Loss: 27.257 ; Acc: 34.474
2018-09-19 14:46:38,393:INFO: [TRAIN] Step: 398 ; Loss: 28.400 ; Acc: 34.513
2018-09-19 14:46:38,472:INFO: [TRAIN] Step: 399 ; Loss: 27.147 ; Acc: 34.521
2018-09-19 14:46:38,552:INFO: [TRAIN] Step: 400 ; Loss: 28.125 ; Acc: 34.528
2018-09-19 14:46:38,625:INFO: [TRAIN] Step: 401 ; Loss: 30.180 ; Acc: 34.484
2018-09-19 14:46:38,704:INFO: [TRAIN] Step: 402 ; Loss: 28.097 ; Acc: 34.450
2018-09-19 14:46:38,778:INFO: [TRAIN] Step: 403 ; Loss: 32.489 ; Acc: 34.437
2018-09-19 14:46:38,858:INFO: [TRAIN] Step: 404 ; Loss: 30.792 ; Acc: 34.414
2018-09-19 14:46:38,931:INFO: [TRAIN] Step: 405 ; Loss: 32.832 ; Acc: 34.401
2018-09-19 14:46:39,008:INFO: [TRAIN] Step: 406 ; Loss: 26.954 ; Acc: 34.419
2018-09-19 14:46:39,081:INFO: [TRAIN] Step: 407 ; Loss: 26.037 ; Acc: 34.416
2018-09-19 14:46:39,165:INFO: [TRAIN] Step: 408 ; Loss: 26.045 ; Acc: 34.423
2018-09-19 14:46:39,237:INFO: [TRAIN] Step: 409 ; Loss: 28.485 ; Acc: 34.441
2018-09-19 14:46:39,317:INFO: [TRAIN] Step: 410 ; Loss: 26.311 ; Acc: 34.428
2018-09-19 14:46:39,392:INFO: [TRAIN] Step: 411 ; Loss: 26.399 ; Acc: 34.446
2018-09-19 14:46:39,474:INFO: [TRAIN] Step: 412 ; Loss: 27.752 ; Acc: 34.453
2018-09-19 14:46:39,546:INFO: [TRAIN] Step: 413 ; Loss: 28.961 ; Acc: 34.450
2018-09-19 14:46:39,627:INFO: [TRAIN] Step: 414 ; Loss: 31.936 ; Acc: 34.418
2018-09-19 14:46:39,700:INFO: [TRAIN] Step: 415 ; Loss: 29.350 ; Acc: 34.395
2018-09-19 14:46:39,779:INFO: [TRAIN] Step: 416 ; Loss: 25.173 ; Acc: 34.402
2018-09-19 14:46:39,854:INFO: [TRAIN] Step: 417 ; Loss: 25.861 ; Acc: 34.430
2018-09-19 14:46:39,934:INFO: [TRAIN] Step: 418 ; Loss: 27.955 ; Acc: 34.417
2018-09-19 14:46:40,007:INFO: [TRAIN] Step: 419 ; Loss: 26.722 ; Acc: 34.484
2018-09-19 14:46:40,086:INFO: [TRAIN] Step: 420 ; Loss: 27.981 ; Acc: 34.491
2018-09-19 14:46:40,159:INFO: [TRAIN] Step: 421 ; Loss: 32.462 ; Acc: 34.498
2018-09-19 14:46:40,237:INFO: [TRAIN] Step: 422 ; Loss: 29.783 ; Acc: 34.506
2018-09-19 14:46:40,310:INFO: [TRAIN] Step: 423 ; Loss: 31.688 ; Acc: 34.463
2018-09-19 14:46:40,391:INFO: [TRAIN] Step: 424 ; Loss: 28.131 ; Acc: 34.500
2018-09-19 14:46:40,463:INFO: [TRAIN] Step: 425 ; Loss: 30.253 ; Acc: 34.517
2018-09-19 14:46:40,541:INFO: [TRAIN] Step: 426 ; Loss: 25.526 ; Acc: 34.495
2018-09-19 14:46:40,614:INFO: [TRAIN] Step: 427 ; Loss: 30.189 ; Acc: 34.472
2018-09-19 14:46:40,694:INFO: [TRAIN] Step: 428 ; Loss: 27.987 ; Acc: 34.479
2018-09-19 14:46:40,767:INFO: [TRAIN] Step: 429 ; Loss: 28.466 ; Acc: 34.477
2018-09-19 14:46:40,845:INFO: [TRAIN] Step: 430 ; Loss: 28.920 ; Acc: 34.435
2018-09-19 14:46:40,918:INFO: [TRAIN] Step: 431 ; Loss: 27.850 ; Acc: 34.394
2018-09-19 14:46:40,997:INFO: [TRAIN] Step: 432 ; Loss: 28.749 ; Acc: 34.401
2018-09-19 14:46:41,070:INFO: [TRAIN] Step: 433 ; Loss: 30.388 ; Acc: 34.409
2018-09-19 14:46:41,150:INFO: [TRAIN] Step: 434 ; Loss: 30.553 ; Acc: 34.387
2018-09-19 14:46:41,222:INFO: [TRAIN] Step: 435 ; Loss: 24.969 ; Acc: 34.365
2018-09-19 14:46:41,303:INFO: [TRAIN] Step: 436 ; Loss: 27.703 ; Acc: 34.363
2018-09-19 14:46:41,376:INFO: [TRAIN] Step: 437 ; Loss: 27.165 ; Acc: 34.342
2018-09-19 14:46:41,454:INFO: [TRAIN] Step: 438 ; Loss: 28.374 ; Acc: 34.330
2018-09-19 14:46:41,530:INFO: [TRAIN] Step: 439 ; Loss: 30.998 ; Acc: 34.309
2018-09-19 14:46:41,611:INFO: [TRAIN] Step: 440 ; Loss: 24.847 ; Acc: 34.325
2018-09-19 14:46:41,682:INFO: [TRAIN] Step: 441 ; Loss: 28.734 ; Acc: 34.323
2018-09-19 14:46:41,760:INFO: [TRAIN] Step: 442 ; Loss: 28.649 ; Acc: 34.293
2018-09-19 14:46:41,832:INFO: [TRAIN] Step: 443 ; Loss: 26.689 ; Acc: 34.319
2018-09-19 14:46:41,911:INFO: [TRAIN] Step: 444 ; Loss: 30.433 ; Acc: 34.288
2018-09-19 14:46:41,984:INFO: [TRAIN] Step: 445 ; Loss: 30.862 ; Acc: 34.314
2018-09-19 14:46:42,063:INFO: [TRAIN] Step: 446 ; Loss: 26.824 ; Acc: 34.340
2018-09-19 14:46:42,141:INFO: [TRAIN] Step: 447 ; Loss: 25.666 ; Acc: 34.356
2018-09-19 14:46:42,221:INFO: [TRAIN] Step: 448 ; Loss: 24.958 ; Acc: 34.382
2018-09-19 14:46:42,294:INFO: [TRAIN] Step: 449 ; Loss: 32.048 ; Acc: 34.407
2018-09-19 14:46:42,373:INFO: [TRAIN] Step: 450 ; Loss: 28.227 ; Acc: 34.414
2018-09-19 14:46:42,449:INFO: [TRAIN] Step: 451 ; Loss: 32.032 ; Acc: 34.412
2018-09-19 14:46:42,528:INFO: [TRAIN] Step: 452 ; Loss: 31.495 ; Acc: 34.391
2018-09-19 14:46:42,604:INFO: [TRAIN] Step: 453 ; Loss: 25.461 ; Acc: 34.407
2018-09-19 14:46:42,684:INFO: [TRAIN] Step: 454 ; Loss: 28.840 ; Acc: 34.405
2018-09-19 14:46:42,766:INFO: [TRAIN] Step: 455 ; Loss: 28.023 ; Acc: 34.412
2018-09-19 14:46:42,850:INFO: [TRAIN] Step: 456 ; Loss: 30.153 ; Acc: 34.373
2018-09-19 14:46:42,923:INFO: [TRAIN] Step: 457 ; Loss: 30.985 ; Acc: 34.361
2018-09-19 14:46:43,002:INFO: [TRAIN] Step: 458 ; Loss: 24.828 ; Acc: 34.405
2018-09-19 14:46:43,075:INFO: [TRAIN] Step: 459 ; Loss: 26.536 ; Acc: 34.411
2018-09-19 14:46:43,155:INFO: [TRAIN] Step: 460 ; Loss: 30.650 ; Acc: 34.409
2018-09-19 14:46:43,227:INFO: [TRAIN] Step: 461 ; Loss: 31.965 ; Acc: 34.380
2018-09-19 14:46:43,305:INFO: [TRAIN] Step: 462 ; Loss: 27.949 ; Acc: 34.404
2018-09-19 14:46:43,379:INFO: [TRAIN] Step: 463 ; Loss: 25.566 ; Acc: 34.438
2018-09-19 14:46:43,461:INFO: [TRAIN] Step: 464 ; Loss: 26.223 ; Acc: 34.453
2018-09-19 14:46:43,534:INFO: [TRAIN] Step: 465 ; Loss: 30.161 ; Acc: 34.442
2018-09-19 14:46:43,615:INFO: [TRAIN] Step: 466 ; Loss: 33.215 ; Acc: 34.413
2018-09-19 14:46:43,687:INFO: [TRAIN] Step: 467 ; Loss: 30.225 ; Acc: 34.428
2018-09-19 14:46:43,766:INFO: [TRAIN] Step: 468 ; Loss: 30.854 ; Acc: 34.426
2018-09-19 14:46:43,840:INFO: [TRAIN] Step: 469 ; Loss: 29.398 ; Acc: 34.415
2018-09-19 14:46:43,920:INFO: [TRAIN] Step: 470 ; Loss: 27.619 ; Acc: 34.430
2018-09-19 14:46:43,991:INFO: [TRAIN] Step: 471 ; Loss: 28.047 ; Acc: 34.428
2018-09-19 14:46:44,070:INFO: [TRAIN] Step: 472 ; Loss: 29.767 ; Acc: 34.443
2018-09-19 14:46:44,141:INFO: [TRAIN] Step: 473 ; Loss: 25.805 ; Acc: 34.450
2018-09-19 14:46:44,220:INFO: [TRAIN] Step: 474 ; Loss: 30.549 ; Acc: 34.465
2018-09-19 14:46:44,292:INFO: [TRAIN] Step: 475 ; Loss: 26.049 ; Acc: 34.498
2018-09-19 14:46:44,370:INFO: [TRAIN] Step: 476 ; Loss: 29.777 ; Acc: 34.469
2018-09-19 14:46:44,443:INFO: [TRAIN] Step: 477 ; Loss: 30.588 ; Acc: 34.467
2018-09-19 14:46:44,521:INFO: [TRAIN] Step: 478 ; Loss: 27.591 ; Acc: 34.499
2018-09-19 14:46:44,593:INFO: [TRAIN] Step: 479 ; Loss: 28.197 ; Acc: 34.505
2018-09-19 14:46:44,671:INFO: [TRAIN] Step: 480 ; Loss: 27.376 ; Acc: 34.529
2018-09-19 14:46:44,743:INFO: [TRAIN] Step: 481 ; Loss: 31.046 ; Acc: 34.500
2018-09-19 14:46:44,824:INFO: [TRAIN] Step: 482 ; Loss: 31.712 ; Acc: 34.481
2018-09-19 14:46:44,897:INFO: [TRAIN] Step: 483 ; Loss: 27.305 ; Acc: 34.461
2018-09-19 14:46:44,977:INFO: [TRAIN] Step: 484 ; Loss: 27.315 ; Acc: 34.493
2018-09-19 14:46:45,051:INFO: [TRAIN] Step: 485 ; Loss: 31.402 ; Acc: 34.465
2018-09-19 14:46:45,128:INFO: [TRAIN] Step: 486 ; Loss: 28.632 ; Acc: 34.463
2018-09-19 14:46:45,200:INFO: [TRAIN] Step: 487 ; Loss: 31.367 ; Acc: 34.452
2018-09-19 14:46:45,280:INFO: [TRAIN] Step: 488 ; Loss: 31.021 ; Acc: 34.450
2018-09-19 14:46:45,354:INFO: [TRAIN] Step: 489 ; Loss: 27.392 ; Acc: 34.464
2018-09-19 14:46:45,433:INFO: [TRAIN] Step: 490 ; Loss: 29.797 ; Acc: 34.479
2018-09-19 14:46:45,508:INFO: [TRAIN] Step: 491 ; Loss: 28.250 ; Acc: 34.477
2018-09-19 14:46:45,588:INFO: [TRAIN] Step: 492 ; Loss: 28.873 ; Acc: 34.474
2018-09-19 14:46:45,663:INFO: [TRAIN] Step: 493 ; Loss: 27.100 ; Acc: 34.480
2018-09-19 14:46:45,744:INFO: [TRAIN] Step: 494 ; Loss: 28.811 ; Acc: 34.478
2018-09-19 14:46:45,817:INFO: [TRAIN] Step: 495 ; Loss: 28.920 ; Acc: 34.493
2018-09-19 14:46:45,895:INFO: [TRAIN] Step: 496 ; Loss: 29.291 ; Acc: 34.474
2018-09-19 14:46:45,968:INFO: [TRAIN] Step: 497 ; Loss: 29.624 ; Acc: 34.480
2018-09-19 14:46:46,047:INFO: [TRAIN] Step: 498 ; Loss: 30.866 ; Acc: 34.469
2018-09-19 14:46:46,119:INFO: [TRAIN] Step: 499 ; Loss: 27.294 ; Acc: 34.492
2018-09-19 14:46:46,198:INFO: [TRAIN] Step: 500 ; Loss: 28.535 ; Acc: 34.489
2018-09-19 14:46:46,274:INFO: [TRAIN] Step: 501 ; Loss: 28.555 ; Acc: 34.495
2018-09-19 14:46:46,353:INFO: [TRAIN] Step: 502 ; Loss: 30.569 ; Acc: 34.468
2018-09-19 14:46:46,425:INFO: [TRAIN] Step: 503 ; Loss: 24.667 ; Acc: 34.466
2018-09-19 14:46:46,506:INFO: [TRAIN] Step: 504 ; Loss: 27.167 ; Acc: 34.455
2018-09-19 14:46:46,585:INFO: [TRAIN] Step: 505 ; Loss: 26.808 ; Acc: 34.478
2018-09-19 14:46:46,664:INFO: [TRAIN] Step: 506 ; Loss: 29.071 ; Acc: 34.500
2018-09-19 14:46:46,738:INFO: [TRAIN] Step: 507 ; Loss: 29.164 ; Acc: 34.514
2018-09-19 14:46:46,817:INFO: [TRAIN] Step: 508 ; Loss: 28.692 ; Acc: 34.545
2018-09-19 14:46:46,890:INFO: [TRAIN] Step: 509 ; Loss: 27.780 ; Acc: 34.559
2018-09-19 14:46:46,969:INFO: [TRAIN] Step: 510 ; Loss: 33.882 ; Acc: 34.556
2018-09-19 14:46:47,041:INFO: [TRAIN] Step: 511 ; Loss: 31.711 ; Acc: 34.562
2018-09-19 14:46:47,122:INFO: [TRAIN] Step: 512 ; Loss: 27.585 ; Acc: 34.560
2018-09-19 14:46:47,195:INFO: [TRAIN] Step: 513 ; Loss: 29.373 ; Acc: 34.590
2018-09-19 14:46:47,274:INFO: [TRAIN] Step: 514 ; Loss: 29.306 ; Acc: 34.571
2018-09-19 14:46:47,346:INFO: [TRAIN] Step: 515 ; Loss: 25.732 ; Acc: 34.569
2018-09-19 14:46:47,427:INFO: [TRAIN] Step: 516 ; Loss: 28.937 ; Acc: 34.566
2018-09-19 14:46:47,503:INFO: [TRAIN] Step: 517 ; Loss: 28.646 ; Acc: 34.564
2018-09-19 14:46:47,588:INFO: [TRAIN] Step: 518 ; Loss: 27.008 ; Acc: 34.570
2018-09-19 14:46:47,668:INFO: [TRAIN] Step: 519 ; Loss: 32.046 ; Acc: 34.591
2018-09-19 14:46:47,748:INFO: [TRAIN] Step: 520 ; Loss: 30.882 ; Acc: 34.581
2018-09-19 14:46:47,821:INFO: [TRAIN] Step: 521 ; Loss: 28.284 ; Acc: 34.571
2018-09-19 14:46:47,901:INFO: [TRAIN] Step: 522 ; Loss: 23.633 ; Acc: 34.576
2018-09-19 14:46:47,974:INFO: [TRAIN] Step: 523 ; Loss: 27.423 ; Acc: 34.606
2018-09-19 14:46:48,055:INFO: [TRAIN] Step: 524 ; Loss: 30.037 ; Acc: 34.619
2018-09-19 14:46:48,128:INFO: [TRAIN] Step: 525 ; Loss: 31.182 ; Acc: 34.617
2018-09-19 14:46:48,205:INFO: [TRAIN] Step: 526 ; Loss: 29.508 ; Acc: 34.614
2018-09-19 14:46:48,277:INFO: [TRAIN] Step: 527 ; Loss: 27.376 ; Acc: 34.620
2018-09-19 14:46:48,357:INFO: [TRAIN] Step: 528 ; Loss: 29.537 ; Acc: 34.641
2018-09-19 14:46:48,430:INFO: [TRAIN] Step: 529 ; Loss: 31.446 ; Acc: 34.646
2018-09-19 14:46:48,509:INFO: [TRAIN] Step: 530 ; Loss: 30.028 ; Acc: 34.659
2018-09-19 14:46:48,583:INFO: [TRAIN] Step: 531 ; Loss: 27.133 ; Acc: 34.657
2018-09-19 14:46:48,661:INFO: [TRAIN] Step: 532 ; Loss: 27.830 ; Acc: 34.615
2018-09-19 14:46:48,734:INFO: [TRAIN] Step: 533 ; Loss: 28.876 ; Acc: 34.629
2018-09-19 14:46:48,813:INFO: [TRAIN] Step: 534 ; Loss: 29.699 ; Acc: 34.611
2018-09-19 14:46:48,886:INFO: [TRAIN] Step: 535 ; Loss: 32.229 ; Acc: 34.624
2018-09-19 14:46:48,966:INFO: [TRAIN] Step: 536 ; Loss: 27.684 ; Acc: 34.629
2018-09-19 14:46:49,038:INFO: [TRAIN] Step: 537 ; Loss: 29.395 ; Acc: 34.642
2018-09-19 14:46:49,116:INFO: [TRAIN] Step: 538 ; Loss: 31.511 ; Acc: 34.632
2018-09-19 14:46:49,188:INFO: [TRAIN] Step: 539 ; Loss: 28.466 ; Acc: 34.622
2018-09-19 14:46:49,270:INFO: [TRAIN] Step: 540 ; Loss: 27.804 ; Acc: 34.612
2018-09-19 14:46:49,343:INFO: [TRAIN] Step: 541 ; Loss: 31.027 ; Acc: 34.579
2018-09-19 14:46:49,423:INFO: [TRAIN] Step: 542 ; Loss: 28.842 ; Acc: 34.576
2018-09-19 14:46:49,497:INFO: [TRAIN] Step: 543 ; Loss: 30.512 ; Acc: 34.559
2018-09-19 14:46:49,575:INFO: [TRAIN] Step: 544 ; Loss: 29.972 ; Acc: 34.557
2018-09-19 14:46:49,650:INFO: [TRAIN] Step: 545 ; Loss: 26.214 ; Acc: 34.562
2018-09-19 14:46:49,732:INFO: [TRAIN] Step: 546 ; Loss: 30.541 ; Acc: 34.537
2018-09-19 14:46:49,806:INFO: [TRAIN] Step: 547 ; Loss: 28.562 ; Acc: 34.550
2018-09-19 14:46:49,899:INFO: [TRAIN] Step: 548 ; Loss: 32.902 ; Acc: 34.555
2018-09-19 14:46:49,971:INFO: [TRAIN] Step: 549 ; Loss: 26.231 ; Acc: 34.576
2018-09-19 14:46:50,051:INFO: [TRAIN] Step: 550 ; Loss: 26.364 ; Acc: 34.574
2018-09-19 14:46:50,124:INFO: [TRAIN] Step: 551 ; Loss: 29.525 ; Acc: 34.579
2018-09-19 14:46:50,204:INFO: [TRAIN] Step: 552 ; Loss: 31.007 ; Acc: 34.554
2018-09-19 14:46:50,278:INFO: [TRAIN] Step: 553 ; Loss: 26.103 ; Acc: 34.574
2018-09-19 14:46:50,356:INFO: [TRAIN] Step: 554 ; Loss: 30.689 ; Acc: 34.587
2018-09-19 14:46:50,428:INFO: [TRAIN] Step: 555 ; Loss: 29.166 ; Acc: 34.585
2018-09-19 14:46:50,507:INFO: [TRAIN] Step: 556 ; Loss: 25.668 ; Acc: 34.613
2018-09-19 14:46:50,581:INFO: [TRAIN] Step: 557 ; Loss: 30.485 ; Acc: 34.610
2018-09-19 14:46:50,659:INFO: [TRAIN] Step: 558 ; Loss: 26.762 ; Acc: 34.615
2018-09-19 14:46:50,733:INFO: [TRAIN] Step: 559 ; Loss: 31.488 ; Acc: 34.598
2018-09-19 14:46:50,817:INFO: [TRAIN] Step: 560 ; Loss: 24.159 ; Acc: 34.611
2018-09-19 14:46:50,890:INFO: [TRAIN] Step: 561 ; Loss: 29.693 ; Acc: 34.594
2018-09-19 14:46:50,969:INFO: [TRAIN] Step: 562 ; Loss: 28.015 ; Acc: 34.591
2018-09-19 14:46:51,043:INFO: [TRAIN] Step: 563 ; Loss: 32.214 ; Acc: 34.597
2018-09-19 14:46:51,124:INFO: [TRAIN] Step: 564 ; Loss: 25.781 ; Acc: 34.587
2018-09-19 14:46:51,198:INFO: [TRAIN] Step: 565 ; Loss: 27.396 ; Acc: 34.592
2018-09-19 14:46:51,279:INFO: [TRAIN] Step: 566 ; Loss: 29.648 ; Acc: 34.605
2018-09-19 14:46:51,351:INFO: [TRAIN] Step: 567 ; Loss: 32.192 ; Acc: 34.602
2018-09-19 14:46:51,431:INFO: [TRAIN] Step: 568 ; Loss: 30.076 ; Acc: 34.607
2018-09-19 14:46:51,503:INFO: [TRAIN] Step: 569 ; Loss: 26.053 ; Acc: 34.635
2018-09-19 14:46:51,582:INFO: [TRAIN] Step: 570 ; Loss: 29.250 ; Acc: 34.640
2018-09-19 14:46:51,655:INFO: [TRAIN] Step: 571 ; Loss: 29.372 ; Acc: 34.623
2018-09-19 14:46:51,735:INFO: [TRAIN] Step: 572 ; Loss: 26.248 ; Acc: 34.635
2018-09-19 14:46:51,808:INFO: [TRAIN] Step: 573 ; Loss: 27.042 ; Acc: 34.625
2018-09-19 14:46:51,887:INFO: [TRAIN] Step: 574 ; Loss: 26.734 ; Acc: 34.630
2018-09-19 14:46:51,960:INFO: [TRAIN] Step: 575 ; Loss: 29.102 ; Acc: 34.621
2018-09-19 14:46:52,039:INFO: [TRAIN] Step: 576 ; Loss: 28.457 ; Acc: 34.626
2018-09-19 14:46:52,114:INFO: [TRAIN] Step: 577 ; Loss: 25.931 ; Acc: 34.631
2018-09-19 14:46:52,196:INFO: [TRAIN] Step: 578 ; Loss: 28.448 ; Acc: 34.621
2018-09-19 14:46:52,271:INFO: [TRAIN] Step: 579 ; Loss: 29.356 ; Acc: 34.619
2018-09-19 14:46:52,351:INFO: [TRAIN] Step: 580 ; Loss: 30.172 ; Acc: 34.603
2018-09-19 14:46:52,426:INFO: [TRAIN] Step: 581 ; Loss: 26.386 ; Acc: 34.601
2018-09-19 14:46:52,508:INFO: [TRAIN] Step: 582 ; Loss: 27.513 ; Acc: 34.605
2018-09-19 14:46:52,581:INFO: [TRAIN] Step: 583 ; Loss: 25.091 ; Acc: 34.653
2018-09-19 14:46:52,662:INFO: [TRAIN] Step: 584 ; Loss: 27.192 ; Acc: 34.651
2018-09-19 14:46:52,734:INFO: [TRAIN] Step: 585 ; Loss: 32.499 ; Acc: 34.635
2018-09-19 14:46:52,814:INFO: [TRAIN] Step: 586 ; Loss: 27.676 ; Acc: 34.661
2018-09-19 14:46:52,886:INFO: [TRAIN] Step: 587 ; Loss: 30.351 ; Acc: 34.658
2018-09-19 14:46:52,966:INFO: [TRAIN] Step: 588 ; Loss: 26.521 ; Acc: 34.670
2018-09-19 14:46:53,040:INFO: [TRAIN] Step: 589 ; Loss: 26.951 ; Acc: 34.689
2018-09-19 14:46:53,120:INFO: [TRAIN] Step: 590 ; Loss: 30.953 ; Acc: 34.687
2018-09-19 14:46:53,193:INFO: [TRAIN] Step: 591 ; Loss: 26.243 ; Acc: 34.685
2018-09-19 14:46:53,272:INFO: [TRAIN] Step: 592 ; Loss: 27.217 ; Acc: 34.703
2018-09-19 14:46:53,345:INFO: [TRAIN] Step: 593 ; Loss: 27.642 ; Acc: 34.694
2018-09-19 14:46:53,423:INFO: [TRAIN] Step: 594 ; Loss: 23.795 ; Acc: 34.727
2018-09-19 14:46:53,495:INFO: [TRAIN] Step: 595 ; Loss: 32.664 ; Acc: 34.746
2018-09-19 14:46:53,576:INFO: [TRAIN] Step: 596 ; Loss: 29.621 ; Acc: 34.743
2018-09-19 14:46:53,647:INFO: [TRAIN] Step: 597 ; Loss: 36.559 ; Acc: 34.720
2018-09-19 14:46:53,724:INFO: [TRAIN] Step: 598 ; Loss: 33.088 ; Acc: 34.711
2018-09-19 14:46:53,797:INFO: [TRAIN] Step: 599 ; Loss: 31.635 ; Acc: 34.715
2018-09-19 14:46:53,875:INFO: [TRAIN] Step: 600 ; Loss: 27.965 ; Acc: 34.734
2018-09-19 14:46:53,945:INFO: [TRAIN] Step: 601 ; Loss: 26.104 ; Acc: 34.773
2018-09-19 14:46:54,024:INFO: [TRAIN] Step: 602 ; Loss: 28.791 ; Acc: 34.791
2018-09-19 14:46:54,096:INFO: [TRAIN] Step: 603 ; Loss: 28.504 ; Acc: 34.754
2018-09-19 14:46:54,177:INFO: [TRAIN] Step: 604 ; Loss: 30.251 ; Acc: 34.738
2018-09-19 14:46:54,251:INFO: [TRAIN] Step: 605 ; Loss: 30.488 ; Acc: 34.736
2018-09-19 14:46:54,329:INFO: [TRAIN] Step: 606 ; Loss: 26.360 ; Acc: 34.754
2018-09-19 14:46:54,404:INFO: [TRAIN] Step: 607 ; Loss: 30.752 ; Acc: 34.745
2018-09-19 14:46:54,483:INFO: [TRAIN] Step: 608 ; Loss: 27.315 ; Acc: 34.743
2018-09-19 14:46:54,556:INFO: [TRAIN] Step: 609 ; Loss: 28.117 ; Acc: 34.747
2018-09-19 14:46:54,638:INFO: [TRAIN] Step: 610 ; Loss: 28.104 ; Acc: 34.759
2018-09-19 14:46:54,710:INFO: [TRAIN] Step: 611 ; Loss: 28.422 ; Acc: 34.743
2018-09-19 14:46:54,791:INFO: [TRAIN] Step: 612 ; Loss: 27.280 ; Acc: 34.747
2018-09-19 14:46:54,862:INFO: [TRAIN] Step: 613 ; Loss: 27.836 ; Acc: 34.724
2018-09-19 14:46:54,943:INFO: [TRAIN] Step: 614 ; Loss: 27.871 ; Acc: 34.715
2018-09-19 14:46:55,015:INFO: [TRAIN] Step: 615 ; Loss: 28.617 ; Acc: 34.733
2018-09-19 14:46:55,093:INFO: [TRAIN] Step: 616 ; Loss: 31.325 ; Acc: 34.751
2018-09-19 14:46:55,169:INFO: [TRAIN] Step: 617 ; Loss: 31.531 ; Acc: 34.763
2018-09-19 14:46:55,248:INFO: [TRAIN] Step: 618 ; Loss: 27.579 ; Acc: 34.760
2018-09-19 14:46:55,321:INFO: [TRAIN] Step: 619 ; Loss: 27.321 ; Acc: 34.765
2018-09-19 14:46:55,399:INFO: [TRAIN] Step: 620 ; Loss: 24.055 ; Acc: 34.762
2018-09-19 14:46:55,472:INFO: [TRAIN] Step: 621 ; Loss: 30.681 ; Acc: 34.753
2018-09-19 14:46:55,551:INFO: [TRAIN] Step: 622 ; Loss: 28.985 ; Acc: 34.745
2018-09-19 14:46:55,623:INFO: [TRAIN] Step: 623 ; Loss: 27.071 ; Acc: 34.756
2018-09-19 14:46:55,704:INFO: [TRAIN] Step: 624 ; Loss: 29.719 ; Acc: 34.753
2018-09-19 14:46:55,777:INFO: [TRAIN] Step: 625 ; Loss: 28.265 ; Acc: 34.738
2018-09-19 14:46:55,857:INFO: [TRAIN] Step: 626 ; Loss: 28.446 ; Acc: 34.762
2018-09-19 14:46:55,928:INFO: [TRAIN] Step: 627 ; Loss: 28.876 ; Acc: 34.747
2018-09-19 14:46:56,009:INFO: [TRAIN] Step: 628 ; Loss: 29.318 ; Acc: 34.758
2018-09-19 14:46:56,083:INFO: [TRAIN] Step: 629 ; Loss: 27.336 ; Acc: 34.762
2018-09-19 14:46:56,162:INFO: [TRAIN] Step: 630 ; Loss: 29.386 ; Acc: 34.760
2018-09-19 14:46:56,235:INFO: [TRAIN] Step: 631 ; Loss: 27.137 ; Acc: 34.764
2018-09-19 14:46:56,316:INFO: [TRAIN] Step: 632 ; Loss: 26.874 ; Acc: 34.781
2018-09-19 14:46:56,391:INFO: [TRAIN] Step: 633 ; Loss: 27.953 ; Acc: 34.812
2018-09-19 14:46:56,472:INFO: [TRAIN] Step: 634 ; Loss: 27.150 ; Acc: 34.836
2018-09-19 14:46:56,543:INFO: [TRAIN] Step: 635 ; Loss: 30.420 ; Acc: 34.834
2018-09-19 14:46:56,622:INFO: [TRAIN] Step: 636 ; Loss: 29.119 ; Acc: 34.831
2018-09-19 14:46:56,694:INFO: [TRAIN] Step: 637 ; Loss: 26.687 ; Acc: 34.835
2018-09-19 14:46:56,774:INFO: [TRAIN] Step: 638 ; Loss: 31.880 ; Acc: 34.820
2018-09-19 14:46:56,850:INFO: [TRAIN] Step: 639 ; Loss: 26.564 ; Acc: 34.837
2018-09-19 14:46:56,930:INFO: [TRAIN] Step: 640 ; Loss: 24.492 ; Acc: 34.861
2018-09-19 14:46:57,004:INFO: [TRAIN] Step: 641 ; Loss: 24.463 ; Acc: 34.897
2018-09-19 14:46:57,087:INFO: [TRAIN] Step: 642 ; Loss: 31.192 ; Acc: 34.921
2018-09-19 14:46:57,159:INFO: [TRAIN] Step: 643 ; Loss: 25.499 ; Acc: 34.938
2018-09-19 14:46:57,239:INFO: [TRAIN] Step: 644 ; Loss: 27.485 ; Acc: 34.955
2018-09-19 14:46:57,315:INFO: [TRAIN] Step: 645 ; Loss: 28.169 ; Acc: 34.972
2018-09-19 14:46:57,394:INFO: [TRAIN] Step: 646 ; Loss: 25.573 ; Acc: 34.995
2018-09-19 14:46:57,469:INFO: [TRAIN] Step: 647 ; Loss: 29.229 ; Acc: 34.992
2018-09-19 14:46:57,552:INFO: [TRAIN] Step: 648 ; Loss: 30.937 ; Acc: 35.015
2018-09-19 14:46:57,626:INFO: [TRAIN] Step: 649 ; Loss: 29.707 ; Acc: 35.026
2018-09-19 14:46:57,707:INFO: [TRAIN] Step: 650 ; Loss: 31.138 ; Acc: 35.042
2018-09-19 14:46:57,780:INFO: [TRAIN] Step: 651 ; Loss: 26.459 ; Acc: 35.084
2018-09-19 14:46:57,861:INFO: [TRAIN] Step: 652 ; Loss: 28.940 ; Acc: 35.088
2018-09-19 14:46:57,936:INFO: [TRAIN] Step: 653 ; Loss: 29.932 ; Acc: 35.092
2018-09-19 14:46:58,018:INFO: [TRAIN] Step: 654 ; Loss: 29.281 ; Acc: 35.083
2018-09-19 14:46:58,094:INFO: [TRAIN] Step: 655 ; Loss: 31.230 ; Acc: 35.067
2018-09-19 14:46:58,176:INFO: [TRAIN] Step: 656 ; Loss: 26.000 ; Acc: 35.096
2018-09-19 14:46:58,251:INFO: [TRAIN] Step: 657 ; Loss: 24.730 ; Acc: 35.106
2018-09-19 14:46:58,341:INFO: [TRAIN] Step: 658 ; Loss: 27.748 ; Acc: 35.104
2018-09-19 14:46:58,416:INFO: [TRAIN] Step: 659 ; Loss: 27.633 ; Acc: 35.107
2018-09-19 14:46:58,499:INFO: [TRAIN] Step: 660 ; Loss: 26.935 ; Acc: 35.105
2018-09-19 14:46:58,574:INFO: [TRAIN] Step: 661 ; Loss: 26.766 ; Acc: 35.121
2018-09-19 14:46:58,657:INFO: [TRAIN] Step: 662 ; Loss: 25.956 ; Acc: 35.137
2018-09-19 14:46:58,732:INFO: [TRAIN] Step: 663 ; Loss: 30.878 ; Acc: 35.134
2018-09-19 14:46:58,819:INFO: [TRAIN] Step: 664 ; Loss: 27.744 ; Acc: 35.125
2018-09-19 14:46:58,896:INFO: [TRAIN] Step: 665 ; Loss: 25.569 ; Acc: 35.154
2018-09-19 14:46:58,980:INFO: [TRAIN] Step: 666 ; Loss: 29.180 ; Acc: 35.164
2018-09-19 14:46:59,058:INFO: [TRAIN] Step: 667 ; Loss: 24.098 ; Acc: 35.186
2018-09-19 14:46:59,143:INFO: [TRAIN] Step: 668 ; Loss: 29.858 ; Acc: 35.196
2018-09-19 14:46:59,223:INFO: [TRAIN] Step: 669 ; Loss: 32.884 ; Acc: 35.187
2018-09-19 14:46:59,310:INFO: [TRAIN] Step: 670 ; Loss: 28.785 ; Acc: 35.184
2018-09-19 14:46:59,392:INFO: [TRAIN] Step: 671 ; Loss: 28.325 ; Acc: 35.169
2018-09-19 14:46:59,476:INFO: [TRAIN] Step: 672 ; Loss: 28.656 ; Acc: 35.160
2018-09-19 14:46:59,560:INFO: [TRAIN] Step: 673 ; Loss: 28.181 ; Acc: 35.157
2018-09-19 14:46:59,647:INFO: [TRAIN] Step: 674 ; Loss: 31.625 ; Acc: 35.148
2018-09-19 14:46:59,726:INFO: [TRAIN] Step: 675 ; Loss: 26.752 ; Acc: 35.152
2018-09-19 14:46:59,815:INFO: [TRAIN] Step: 676 ; Loss: 30.790 ; Acc: 35.143
2018-09-19 14:46:59,899:INFO: [TRAIN] Step: 677 ; Loss: 29.857 ; Acc: 35.140
2018-09-19 14:46:59,985:INFO: [TRAIN] Step: 678 ; Loss: 31.648 ; Acc: 35.131
2018-09-19 14:47:00,071:INFO: [TRAIN] Step: 679 ; Loss: 29.628 ; Acc: 35.110
2018-09-19 14:47:00,164:INFO: [TRAIN] Step: 680 ; Loss: 29.415 ; Acc: 35.108
2018-09-19 14:47:00,248:INFO: [TRAIN] Step: 681 ; Loss: 24.524 ; Acc: 35.130
2018-09-19 14:47:00,342:INFO: [TRAIN] Step: 682 ; Loss: 33.021 ; Acc: 35.121
2018-09-19 14:47:00,428:INFO: [TRAIN] Step: 683 ; Loss: 30.676 ; Acc: 35.094
2018-09-19 14:47:00,523:INFO: [TRAIN] Step: 684 ; Loss: 28.629 ; Acc: 35.097
2018-09-19 14:47:00,613:INFO: [TRAIN] Step: 685 ; Loss: 29.056 ; Acc: 35.095
2018-09-19 14:47:00,709:INFO: [TRAIN] Step: 686 ; Loss: 30.277 ; Acc: 35.086
2018-09-19 14:47:00,799:INFO: [TRAIN] Step: 687 ; Loss: 28.523 ; Acc: 35.078
2018-09-19 14:47:00,899:INFO: [TRAIN] Step: 688 ; Loss: 25.973 ; Acc: 35.099
2018-09-19 14:47:00,990:INFO: [TRAIN] Step: 689 ; Loss: 28.993 ; Acc: 35.121
2018-09-19 14:47:01,091:INFO: [TRAIN] Step: 690 ; Loss: 27.568 ; Acc: 35.136
2018-09-19 14:47:01,189:INFO: [TRAIN] Step: 691 ; Loss: 30.127 ; Acc: 35.140
2018-09-19 14:47:01,288:INFO: [TRAIN] Step: 692 ; Loss: 31.934 ; Acc: 35.125
2018-09-19 14:47:01,384:INFO: [TRAIN] Step: 693 ; Loss: 31.791 ; Acc: 35.134
2018-09-19 14:47:01,486:INFO: [TRAIN] Step: 694 ; Loss: 33.747 ; Acc: 35.138
2018-09-19 14:47:01,583:INFO: [TRAIN] Step: 695 ; Loss: 26.639 ; Acc: 35.141
2018-09-19 14:47:01,695:INFO: [TRAIN] Step: 696 ; Loss: 27.594 ; Acc: 35.151
2018-09-19 14:47:01,797:INFO: [TRAIN] Step: 697 ; Loss: 28.614 ; Acc: 35.142
2018-09-19 14:47:01,908:INFO: [TRAIN] Step: 698 ; Loss: 28.566 ; Acc: 35.145
2018-09-19 14:47:02,016:INFO: [TRAIN] Step: 699 ; Loss: 30.272 ; Acc: 35.125
2018-09-19 14:47:02,134:INFO: [TRAIN] Step: 700 ; Loss: 24.804 ; Acc: 35.158
2018-09-19 14:47:02,249:INFO: [TRAIN] Step: 701 ; Loss: 33.707 ; Acc: 35.150
2018-09-19 14:47:02,360:INFO: [TRAIN] Step: 702 ; Loss: 27.163 ; Acc: 35.159
2018-09-19 14:47:02,476:INFO: [TRAIN] Step: 703 ; Loss: 28.999 ; Acc: 35.168
2018-09-19 14:47:02,593:INFO: [TRAIN] Step: 704 ; Loss: 27.134 ; Acc: 35.177
2018-09-19 14:47:02,719:INFO: [TRAIN] Step: 705 ; Loss: 30.654 ; Acc: 35.163
2018-09-19 14:47:02,840:INFO: [TRAIN] Step: 706 ; Loss: 29.345 ; Acc: 35.172
2018-09-19 14:47:02,970:INFO: [TRAIN] Step: 707 ; Loss: 24.699 ; Acc: 35.175
2018-09-19 14:47:03,096:INFO: [TRAIN] Step: 708 ; Loss: 25.469 ; Acc: 35.196
2018-09-19 14:47:03,223:INFO: [TRAIN] Step: 709 ; Loss: 27.594 ; Acc: 35.194
2018-09-19 14:47:03,350:INFO: [TRAIN] Step: 710 ; Loss: 31.083 ; Acc: 35.191
2018-09-19 14:47:03,474:INFO: [TRAIN] Step: 711 ; Loss: 27.655 ; Acc: 35.188
2018-09-19 14:47:03,597:INFO: [TRAIN] Step: 712 ; Loss: 28.895 ; Acc: 35.174
2018-09-19 14:47:03,719:INFO: [TRAIN] Step: 713 ; Loss: 27.868 ; Acc: 35.177
2018-09-19 14:47:03,845:INFO: [TRAIN] Step: 714 ; Loss: 32.979 ; Acc: 35.169
2018-09-19 14:47:03,971:INFO: [TRAIN] Step: 715 ; Loss: 27.388 ; Acc: 35.184
2018-09-19 14:47:04,101:INFO: [TRAIN] Step: 716 ; Loss: 28.281 ; Acc: 35.164
2018-09-19 14:47:04,229:INFO: [TRAIN] Step: 717 ; Loss: 30.185 ; Acc: 35.167
2018-09-19 14:47:04,353:INFO: [TRAIN] Step: 718 ; Loss: 25.266 ; Acc: 35.182
2018-09-19 14:47:04,477:INFO: [TRAIN] Step: 719 ; Loss: 28.169 ; Acc: 35.179
2018-09-19 14:47:04,603:INFO: [TRAIN] Step: 720 ; Loss: 29.116 ; Acc: 35.183
2018-09-19 14:47:04,733:INFO: [TRAIN] Step: 721 ; Loss: 28.225 ; Acc: 35.180
2018-09-19 14:47:04,863:INFO: [TRAIN] Step: 722 ; Loss: 32.400 ; Acc: 35.160
2018-09-19 14:47:04,992:INFO: [TRAIN] Step: 723 ; Loss: 29.167 ; Acc: 35.152
2018-09-19 14:47:05,122:INFO: [TRAIN] Step: 724 ; Loss: 26.618 ; Acc: 35.149
2018-09-19 14:47:05,257:INFO: [TRAIN] Step: 725 ; Loss: 28.316 ; Acc: 35.158
2018-09-19 14:47:05,387:INFO: [TRAIN] Step: 726 ; Loss: 30.226 ; Acc: 35.133
2018-09-19 14:47:05,516:INFO: [TRAIN] Step: 727 ; Loss: 25.177 ; Acc: 35.130
2018-09-19 14:47:05,648:INFO: [TRAIN] Step: 728 ; Loss: 28.730 ; Acc: 35.145
2018-09-19 14:47:05,779:INFO: [TRAIN] Step: 729 ; Loss: 27.883 ; Acc: 35.154
2018-09-19 14:47:05,911:INFO: [TRAIN] Step: 730 ; Loss: 30.883 ; Acc: 35.135
2018-09-19 14:47:06,045:INFO: [TRAIN] Step: 731 ; Loss: 28.848 ; Acc: 35.126
2018-09-19 14:47:06,181:INFO: [TRAIN] Step: 732 ; Loss: 30.171 ; Acc: 35.141
2018-09-19 14:47:06,314:INFO: [TRAIN] Step: 733 ; Loss: 29.421 ; Acc: 35.156
2018-09-19 14:47:06,456:INFO: [TRAIN] Step: 734 ; Loss: 30.699 ; Acc: 35.147
2018-09-19 14:47:06,595:INFO: [TRAIN] Step: 735 ; Loss: 27.883 ; Acc: 35.139
2018-09-19 14:47:06,736:INFO: [TRAIN] Step: 736 ; Loss: 29.292 ; Acc: 35.137
2018-09-19 14:47:06,877:INFO: [TRAIN] Step: 737 ; Loss: 28.800 ; Acc: 35.151
2018-09-19 14:47:07,019:INFO: [TRAIN] Step: 738 ; Loss: 29.313 ; Acc: 35.149
2018-09-19 14:47:07,161:INFO: [TRAIN] Step: 739 ; Loss: 29.000 ; Acc: 35.158
2018-09-19 14:47:07,301:INFO: [TRAIN] Step: 740 ; Loss: 31.070 ; Acc: 35.161
2018-09-19 14:47:07,447:INFO: [TRAIN] Step: 741 ; Loss: 26.269 ; Acc: 35.170
2018-09-19 14:47:07,591:INFO: [TRAIN] Step: 742 ; Loss: 26.761 ; Acc: 35.167
2018-09-19 14:47:07,741:INFO: [TRAIN] Step: 743 ; Loss: 29.531 ; Acc: 35.148
2018-09-19 14:47:07,888:INFO: [TRAIN] Step: 744 ; Loss: 33.744 ; Acc: 35.151
2018-09-19 14:47:08,034:INFO: [TRAIN] Step: 745 ; Loss: 28.890 ; Acc: 35.149
2018-09-19 14:47:08,182:INFO: [TRAIN] Step: 746 ; Loss: 31.127 ; Acc: 35.152
2018-09-19 14:47:08,333:INFO: [TRAIN] Step: 747 ; Loss: 27.336 ; Acc: 35.166
2018-09-19 14:47:08,487:INFO: [TRAIN] Step: 748 ; Loss: 30.277 ; Acc: 35.169
2018-09-19 14:47:08,636:INFO: [TRAIN] Step: 749 ; Loss: 28.332 ; Acc: 35.172
2018-09-19 14:47:08,787:INFO: [TRAIN] Step: 750 ; Loss: 30.621 ; Acc: 35.170
2018-09-19 14:47:08,939:INFO: [TRAIN] Step: 751 ; Loss: 30.527 ; Acc: 35.151
2018-09-19 14:47:09,089:INFO: [TRAIN] Step: 752 ; Loss: 27.776 ; Acc: 35.121
2018-09-19 14:47:09,236:INFO: [TRAIN] Step: 753 ; Loss: 31.216 ; Acc: 35.124
2018-09-19 14:47:09,386:INFO: [TRAIN] Step: 754 ; Loss: 25.257 ; Acc: 35.143
2018-09-19 14:47:09,535:INFO: [TRAIN] Step: 755 ; Loss: 27.850 ; Acc: 35.141
2018-09-19 14:47:09,691:INFO: [TRAIN] Step: 756 ; Loss: 32.119 ; Acc: 35.150
2018-09-19 14:47:09,839:INFO: [TRAIN] Step: 757 ; Loss: 31.763 ; Acc: 35.164
2018-09-19 14:47:09,993:INFO: [TRAIN] Step: 758 ; Loss: 26.946 ; Acc: 35.167
2018-09-19 14:47:10,145:INFO: [TRAIN] Step: 759 ; Loss: 23.782 ; Acc: 35.208
2018-09-19 14:47:10,297:INFO: [TRAIN] Step: 760 ; Loss: 31.443 ; Acc: 35.211
2018-09-19 14:47:10,447:INFO: [TRAIN] Step: 761 ; Loss: 29.091 ; Acc: 35.214
2018-09-19 14:47:10,601:INFO: [TRAIN] Step: 762 ; Loss: 29.320 ; Acc: 35.206
2018-09-19 14:47:10,755:INFO: [TRAIN] Step: 763 ; Loss: 25.884 ; Acc: 35.204
2018-09-19 14:47:10,904:INFO: [TRAIN] Step: 764 ; Loss: 32.939 ; Acc: 35.196
2018-09-19 14:47:11,058:INFO: [TRAIN] Step: 765 ; Loss: 26.566 ; Acc: 35.188
2018-09-19 14:47:11,207:INFO: [TRAIN] Step: 766 ; Loss: 24.203 ; Acc: 35.213
2018-09-19 14:47:11,356:INFO: [TRAIN] Step: 767 ; Loss: 28.445 ; Acc: 35.205
2018-09-19 14:47:11,504:INFO: [TRAIN] Step: 768 ; Loss: 29.485 ; Acc: 35.208
2018-09-19 14:47:11,657:INFO: [TRAIN] Step: 769 ; Loss: 31.504 ; Acc: 35.206
2018-09-19 14:47:11,809:INFO: [TRAIN] Step: 770 ; Loss: 26.046 ; Acc: 35.209
2018-09-19 14:47:11,959:INFO: [TRAIN] Step: 771 ; Loss: 27.088 ; Acc: 35.212
2018-09-19 14:47:12,112:INFO: [TRAIN] Step: 772 ; Loss: 29.484 ; Acc: 35.204
2018-09-19 14:47:12,270:INFO: [TRAIN] Step: 773 ; Loss: 27.841 ; Acc: 35.207
2018-09-19 14:47:12,424:INFO: [TRAIN] Step: 774 ; Loss: 32.859 ; Acc: 35.199
2018-09-19 14:47:12,577:INFO: [TRAIN] Step: 775 ; Loss: 25.791 ; Acc: 35.191
2018-09-19 14:47:12,730:INFO: [TRAIN] Step: 776 ; Loss: 25.254 ; Acc: 35.194
2018-09-19 14:47:12,886:INFO: [TRAIN] Step: 777 ; Loss: 24.930 ; Acc: 35.181
2018-09-19 14:47:13,040:INFO: [TRAIN] Step: 778 ; Loss: 30.296 ; Acc: 35.163
2018-09-19 14:47:13,194:INFO: [TRAIN] Step: 779 ; Loss: 27.201 ; Acc: 35.160
2018-09-19 14:47:13,342:INFO: [TRAIN] Step: 780 ; Loss: 26.741 ; Acc: 35.179
2018-09-19 14:47:13,498:INFO: [TRAIN] Step: 781 ; Loss: 30.964 ; Acc: 35.156
2018-09-19 14:47:13,647:INFO: [TRAIN] Step: 782 ; Loss: 27.647 ; Acc: 35.148
2018-09-19 14:47:13,798:INFO: [TRAIN] Step: 783 ; Loss: 28.030 ; Acc: 35.151
2018-09-19 14:47:13,950:INFO: [TRAIN] Step: 784 ; Loss: 29.547 ; Acc: 35.154
2018-09-19 14:47:14,104:INFO: [TRAIN] Step: 785 ; Loss: 26.791 ; Acc: 35.146
2018-09-19 14:47:14,256:INFO: [TRAIN] Step: 786 ; Loss: 31.241 ; Acc: 35.155
2018-09-19 14:47:14,408:INFO: [TRAIN] Step: 787 ; Loss: 30.426 ; Acc: 35.147
2018-09-19 14:47:14,559:INFO: [TRAIN] Step: 788 ; Loss: 25.313 ; Acc: 35.155
2018-09-19 14:47:14,708:INFO: [TRAIN] Step: 789 ; Loss: 27.605 ; Acc: 35.169
2018-09-19 14:47:14,863:INFO: [TRAIN] Step: 790 ; Loss: 30.740 ; Acc: 35.193
2018-09-19 14:47:15,010:INFO: [TRAIN] Step: 791 ; Loss: 28.583 ; Acc: 35.196
2018-09-19 14:47:15,161:INFO: [TRAIN] Step: 792 ; Loss: 28.854 ; Acc: 35.183
2018-09-19 14:47:15,312:INFO: [TRAIN] Step: 793 ; Loss: 29.321 ; Acc: 35.196
2018-09-19 14:47:15,465:INFO: [TRAIN] Step: 794 ; Loss: 32.514 ; Acc: 35.194
2018-09-19 14:47:15,617:INFO: [TRAIN] Step: 795 ; Loss: 25.019 ; Acc: 35.213
2018-09-19 14:47:15,770:INFO: [TRAIN] Step: 796 ; Loss: 27.370 ; Acc: 35.242
2018-09-19 14:47:15,920:INFO: [TRAIN] Step: 797 ; Loss: 31.739 ; Acc: 35.223
2018-09-19 14:47:16,067:INFO: [TRAIN] Step: 798 ; Loss: 26.444 ; Acc: 35.205
2018-09-19 14:47:16,215:INFO: [TRAIN] Step: 799 ; Loss: 26.405 ; Acc: 35.219
2018-09-19 14:47:16,366:INFO: [TRAIN] Step: 800 ; Loss: 28.119 ; Acc: 35.206
2018-09-19 14:47:16,520:INFO: [TRAIN] Step: 801 ; Loss: 27.565 ; Acc: 35.214
2018-09-19 14:47:16,669:INFO: [TRAIN] Step: 802 ; Loss: 26.617 ; Acc: 35.207
2018-09-19 14:47:16,823:INFO: [TRAIN] Step: 803 ; Loss: 26.427 ; Acc: 35.230
2018-09-19 14:47:16,978:INFO: [TRAIN] Step: 804 ; Loss: 30.963 ; Acc: 35.212
2018-09-19 14:47:17,130:INFO: [TRAIN] Step: 805 ; Loss: 28.127 ; Acc: 35.215
2018-09-19 14:47:17,282:INFO: [TRAIN] Step: 806 ; Loss: 25.992 ; Acc: 35.239
2018-09-19 14:47:17,433:INFO: [TRAIN] Step: 807 ; Loss: 30.751 ; Acc: 35.226
2018-09-19 14:47:17,591:INFO: [TRAIN] Step: 808 ; Loss: 26.586 ; Acc: 35.213
2018-09-19 14:47:17,748:INFO: [TRAIN] Step: 809 ; Loss: 27.286 ; Acc: 35.231
2018-09-19 14:47:17,901:INFO: [TRAIN] Step: 810 ; Loss: 29.020 ; Acc: 35.245
2018-09-19 14:47:18,050:INFO: [TRAIN] Step: 811 ; Loss: 28.089 ; Acc: 35.247
2018-09-19 14:47:18,209:INFO: [TRAIN] Step: 812 ; Loss: 28.845 ; Acc: 35.255
2018-09-19 14:47:18,359:INFO: [TRAIN] Step: 813 ; Loss: 28.579 ; Acc: 35.258
2018-09-19 14:47:18,512:INFO: [TRAIN] Step: 814 ; Loss: 23.037 ; Acc: 35.266
2018-09-19 14:47:18,660:INFO: [TRAIN] Step: 815 ; Loss: 25.480 ; Acc: 35.274
2018-09-19 14:47:18,807:INFO: [TRAIN] Step: 816 ; Loss: 28.397 ; Acc: 35.282
2018-09-19 14:47:18,961:INFO: [TRAIN] Step: 817 ; Loss: 24.982 ; Acc: 35.294
2018-09-19 14:47:19,113:INFO: [TRAIN] Step: 818 ; Loss: 29.895 ; Acc: 35.292
2018-09-19 14:47:19,266:INFO: [TRAIN] Step: 819 ; Loss: 31.028 ; Acc: 35.274
2018-09-19 14:47:19,416:INFO: [TRAIN] Step: 820 ; Loss: 32.876 ; Acc: 35.257
2018-09-19 14:47:19,568:INFO: [TRAIN] Step: 821 ; Loss: 27.697 ; Acc: 35.260
2018-09-19 14:47:19,717:INFO: [TRAIN] Step: 822 ; Loss: 29.678 ; Acc: 35.262
2018-09-19 14:47:19,867:INFO: [TRAIN] Step: 823 ; Loss: 30.541 ; Acc: 35.250
2018-09-19 14:47:20,016:INFO: [TRAIN] Step: 824 ; Loss: 28.418 ; Acc: 35.247
2018-09-19 14:47:20,164:INFO: [TRAIN] Step: 825 ; Loss: 29.211 ; Acc: 35.245
2018-09-19 14:47:20,312:INFO: [TRAIN] Step: 826 ; Loss: 27.030 ; Acc: 35.253
2018-09-19 14:47:20,459:INFO: [TRAIN] Step: 827 ; Loss: 27.332 ; Acc: 35.251
2018-09-19 14:47:20,611:INFO: [TRAIN] Step: 828 ; Loss: 26.205 ; Acc: 35.253
2018-09-19 14:47:20,760:INFO: [TRAIN] Step: 829 ; Loss: 29.555 ; Acc: 35.241
2018-09-19 14:47:20,906:INFO: [TRAIN] Step: 830 ; Loss: 31.320 ; Acc: 35.234
2018-09-19 14:47:21,054:INFO: [TRAIN] Step: 831 ; Loss: 28.204 ; Acc: 35.231
2018-09-19 14:47:21,205:INFO: [TRAIN] Step: 832 ; Loss: 31.013 ; Acc: 35.239
2018-09-19 14:47:21,356:INFO: [TRAIN] Step: 833 ; Loss: 27.276 ; Acc: 35.257
2018-09-19 14:47:21,512:INFO: [TRAIN] Step: 834 ; Loss: 27.460 ; Acc: 35.259
2018-09-19 14:47:21,660:INFO: [TRAIN] Step: 835 ; Loss: 29.785 ; Acc: 35.252
2018-09-19 14:47:21,812:INFO: [TRAIN] Step: 836 ; Loss: 27.516 ; Acc: 35.260
2018-09-19 14:47:21,968:INFO: [TRAIN] Step: 837 ; Loss: 27.178 ; Acc: 35.263
2018-09-19 14:47:22,128:INFO: [TRAIN] Step: 838 ; Loss: 28.450 ; Acc: 35.260
2018-09-19 14:47:22,285:INFO: [TRAIN] Step: 839 ; Loss: 26.112 ; Acc: 35.283
2018-09-19 14:47:22,435:INFO: [TRAIN] Step: 840 ; Loss: 29.034 ; Acc: 35.290
2018-09-19 14:47:22,588:INFO: [TRAIN] Step: 841 ; Loss: 38.545 ; Acc: 35.278
2018-09-19 14:47:22,736:INFO: [TRAIN] Step: 842 ; Loss: 32.554 ; Acc: 35.286
2018-09-19 14:47:22,886:INFO: [TRAIN] Step: 843 ; Loss: 30.548 ; Acc: 35.278
2018-09-19 14:47:23,061:INFO: [TRAIN] Step: 844 ; Loss: 29.432 ; Acc: 35.291
2018-09-19 14:47:23,214:INFO: [TRAIN] Step: 845 ; Loss: 27.427 ; Acc: 35.298
2018-09-19 14:47:23,363:INFO: [TRAIN] Step: 846 ; Loss: 27.984 ; Acc: 35.306
2018-09-19 14:47:23,511:INFO: [TRAIN] Step: 847 ; Loss: 25.981 ; Acc: 35.304
2018-09-19 14:47:23,673:INFO: [TRAIN] Step: 848 ; Loss: 26.939 ; Acc: 35.311
2018-09-19 14:47:23,814:INFO: [TRAIN] Step: 849 ; Loss: 28.592 ; Acc: 35.314
2018-09-19 14:47:23,960:INFO: [TRAIN] Step: 850 ; Loss: 24.692 ; Acc: 35.331
2018-09-19 14:47:24,119:INFO: [TRAIN] Step: 851 ; Loss: 36.289 ; Acc: 35.324
2018-09-19 14:47:24,265:INFO: [TRAIN] Step: 852 ; Loss: 32.500 ; Acc: 35.312
2018-09-19 14:47:24,403:INFO: [TRAIN] Step: 853 ; Loss: 29.819 ; Acc: 35.295
2018-09-19 14:47:24,539:INFO: [TRAIN] Step: 854 ; Loss: 26.979 ; Acc: 35.297
2018-09-19 14:47:24,689:INFO: [TRAIN] Step: 855 ; Loss: 27.942 ; Acc: 35.305
2018-09-19 14:47:24,840:INFO: [TRAIN] Step: 856 ; Loss: 32.687 ; Acc: 35.293
2018-09-19 14:47:24,989:INFO: [TRAIN] Step: 857 ; Loss: 28.309 ; Acc: 35.290
2018-09-19 14:47:25,124:INFO: [TRAIN] Step: 858 ; Loss: 31.228 ; Acc: 35.283
2018-09-19 14:47:25,274:INFO: [TRAIN] Step: 859 ; Loss: 26.305 ; Acc: 35.286
2018-09-19 14:47:25,415:INFO: [TRAIN] Step: 860 ; Loss: 30.723 ; Acc: 35.303
2018-09-19 14:47:25,548:INFO: [TRAIN] Step: 861 ; Loss: 26.902 ; Acc: 35.320
2018-09-19 14:47:25,687:INFO: [TRAIN] Step: 862 ; Loss: 25.570 ; Acc: 35.332
2018-09-19 14:47:25,825:INFO: [TRAIN] Step: 863 ; Loss: 28.411 ; Acc: 35.320
2018-09-19 14:47:25,964:INFO: [TRAIN] Step: 864 ; Loss: 28.918 ; Acc: 35.332
2018-09-19 14:47:26,095:INFO: [TRAIN] Step: 865 ; Loss: 25.078 ; Acc: 35.344
2018-09-19 14:47:26,234:INFO: [TRAIN] Step: 866 ; Loss: 26.285 ; Acc: 35.347
2018-09-19 14:47:26,367:INFO: [TRAIN] Step: 867 ; Loss: 29.394 ; Acc: 35.330
2018-09-19 14:47:26,498:INFO: [TRAIN] Step: 868 ; Loss: 26.885 ; Acc: 35.328
2018-09-19 14:47:26,632:INFO: [TRAIN] Step: 869 ; Loss: 33.582 ; Acc: 35.321
2018-09-19 14:47:26,761:INFO: [TRAIN] Step: 870 ; Loss: 30.588 ; Acc: 35.304
2018-09-19 14:47:26,891:INFO: [TRAIN] Step: 871 ; Loss: 30.672 ; Acc: 35.288
2018-09-19 14:47:27,020:INFO: [TRAIN] Step: 872 ; Loss: 29.814 ; Acc: 35.290
2018-09-19 14:47:27,150:INFO: [TRAIN] Step: 873 ; Loss: 25.687 ; Acc: 35.297
2018-09-19 14:47:27,281:INFO: [TRAIN] Step: 874 ; Loss: 30.404 ; Acc: 35.300
2018-09-19 14:47:27,412:INFO: [TRAIN] Step: 875 ; Loss: 27.199 ; Acc: 35.307
2018-09-19 14:47:27,540:INFO: [TRAIN] Step: 876 ; Loss: 27.324 ; Acc: 35.319
2018-09-19 14:47:27,666:INFO: [TRAIN] Step: 877 ; Loss: 29.125 ; Acc: 35.322
2018-09-19 14:47:27,796:INFO: [TRAIN] Step: 878 ; Loss: 27.187 ; Acc: 35.329
2018-09-19 14:47:27,924:INFO: [TRAIN] Step: 879 ; Loss: 27.881 ; Acc: 35.331
2018-09-19 14:47:28,054:INFO: [TRAIN] Step: 880 ; Loss: 28.014 ; Acc: 35.343
2018-09-19 14:47:28,183:INFO: [TRAIN] Step: 881 ; Loss: 27.300 ; Acc: 35.332
2018-09-19 14:47:28,312:INFO: [TRAIN] Step: 882 ; Loss: 30.124 ; Acc: 35.320
2018-09-19 14:47:28,442:INFO: [TRAIN] Step: 883 ; Loss: 30.241 ; Acc: 35.322
2018-09-19 14:47:28,570:INFO: [TRAIN] Step: 884 ; Loss: 27.711 ; Acc: 35.320
2018-09-19 14:47:28,695:INFO: [TRAIN] Step: 885 ; Loss: 23.941 ; Acc: 35.337
2018-09-19 14:47:28,825:INFO: [TRAIN] Step: 886 ; Loss: 29.894 ; Acc: 35.334
2018-09-19 14:47:28,949:INFO: [TRAIN] Step: 887 ; Loss: 32.069 ; Acc: 35.323
2018-09-19 14:47:29,076:INFO: [TRAIN] Step: 888 ; Loss: 30.267 ; Acc: 35.316
2018-09-19 14:47:29,204:INFO: [TRAIN] Step: 889 ; Loss: 27.123 ; Acc: 35.318
2018-09-19 14:47:29,325:INFO: [TRAIN] Step: 890 ; Loss: 29.346 ; Acc: 35.321
2018-09-19 14:47:29,448:INFO: [TRAIN] Step: 891 ; Loss: 29.839 ; Acc: 35.309
2018-09-19 14:47:29,572:INFO: [TRAIN] Step: 892 ; Loss: 27.295 ; Acc: 35.312
2018-09-19 14:47:29,702:INFO: [TRAIN] Step: 893 ; Loss: 31.754 ; Acc: 35.305
2018-09-19 14:47:29,824:INFO: [TRAIN] Step: 894 ; Loss: 27.090 ; Acc: 35.317
2018-09-19 14:47:29,948:INFO: [TRAIN] Step: 895 ; Loss: 27.391 ; Acc: 35.328
2018-09-19 14:47:30,069:INFO: [TRAIN] Step: 896 ; Loss: 27.057 ; Acc: 35.326
2018-09-19 14:47:30,188:INFO: [TRAIN] Step: 897 ; Loss: 26.633 ; Acc: 35.338
2018-09-19 14:47:30,311:INFO: [TRAIN] Step: 898 ; Loss: 28.957 ; Acc: 35.326
2018-09-19 14:47:30,433:INFO: [TRAIN] Step: 899 ; Loss: 31.464 ; Acc: 35.315
2018-09-19 14:47:30,553:INFO: [TRAIN] Step: 900 ; Loss: 24.978 ; Acc: 35.322
2018-09-19 14:47:30,673:INFO: [TRAIN] Step: 901 ; Loss: 27.285 ; Acc: 35.324
2018-09-19 14:47:30,791:INFO: [TRAIN] Step: 902 ; Loss: 29.559 ; Acc: 35.308
2018-09-19 14:47:30,918:INFO: [TRAIN] Step: 903 ; Loss: 27.549 ; Acc: 35.292
2018-09-19 14:47:31,036:INFO: [TRAIN] Step: 904 ; Loss: 24.427 ; Acc: 35.304
2018-09-19 14:47:31,154:INFO: [TRAIN] Step: 905 ; Loss: 27.742 ; Acc: 35.297
2018-09-19 14:47:31,273:INFO: [TRAIN] Step: 906 ; Loss: 27.086 ; Acc: 35.290
2018-09-19 14:47:31,394:INFO: [TRAIN] Step: 907 ; Loss: 28.628 ; Acc: 35.265
2018-09-19 14:47:31,513:INFO: [TRAIN] Step: 908 ; Loss: 32.832 ; Acc: 35.236
2018-09-19 14:47:31,629:INFO: [TRAIN] Step: 909 ; Loss: 28.635 ; Acc: 35.238
2018-09-19 14:47:31,749:INFO: [TRAIN] Step: 910 ; Loss: 31.935 ; Acc: 35.227
2018-09-19 14:47:31,863:INFO: [TRAIN] Step: 911 ; Loss: 29.506 ; Acc: 35.229
2018-09-19 14:47:31,980:INFO: [TRAIN] Step: 912 ; Loss: 33.816 ; Acc: 35.223
2018-09-19 14:47:32,103:INFO: [TRAIN] Step: 913 ; Loss: 28.128 ; Acc: 35.207
2018-09-19 14:47:32,225:INFO: [TRAIN] Step: 914 ; Loss: 27.189 ; Acc: 35.196
2018-09-19 14:47:32,352:INFO: [TRAIN] Step: 915 ; Loss: 26.719 ; Acc: 35.180
2018-09-19 14:47:32,475:INFO: [TRAIN] Step: 916 ; Loss: 30.429 ; Acc: 35.169
2018-09-19 14:47:32,591:INFO: [TRAIN] Step: 917 ; Loss: 30.167 ; Acc: 35.153
2018-09-19 14:47:32,709:INFO: [TRAIN] Step: 918 ; Loss: 26.473 ; Acc: 35.138
2018-09-19 14:47:32,826:INFO: [TRAIN] Step: 919 ; Loss: 27.818 ; Acc: 35.140
2018-09-19 14:47:32,946:INFO: [TRAIN] Step: 920 ; Loss: 29.806 ; Acc: 35.116
2018-09-19 14:47:33,063:INFO: [TRAIN] Step: 921 ; Loss: 30.530 ; Acc: 35.105
2018-09-19 14:47:33,181:INFO: [TRAIN] Step: 922 ; Loss: 29.404 ; Acc: 35.089
2018-09-19 14:47:33,300:INFO: [TRAIN] Step: 923 ; Loss: 28.468 ; Acc: 35.074
2018-09-19 14:47:33,424:INFO: [TRAIN] Step: 924 ; Loss: 26.829 ; Acc: 35.072
2018-09-19 14:47:33,544:INFO: [TRAIN] Step: 925 ; Loss: 27.778 ; Acc: 35.066
2018-09-19 14:47:33,664:INFO: [TRAIN] Step: 926 ; Loss: 31.112 ; Acc: 35.055
2018-09-19 14:47:33,780:INFO: [TRAIN] Step: 927 ; Loss: 28.589 ; Acc: 35.057
2018-09-19 14:47:33,896:INFO: [TRAIN] Step: 928 ; Loss: 27.886 ; Acc: 35.042
2018-09-19 14:47:34,013:INFO: [TRAIN] Step: 929 ; Loss: 30.317 ; Acc: 35.045
2018-09-19 14:47:34,133:INFO: [TRAIN] Step: 930 ; Loss: 32.421 ; Acc: 35.038
2018-09-19 14:47:34,252:INFO: [TRAIN] Step: 931 ; Loss: 29.992 ; Acc: 35.050
2018-09-19 14:47:34,368:INFO: [TRAIN] Step: 932 ; Loss: 29.310 ; Acc: 35.048
2018-09-19 14:47:34,486:INFO: [TRAIN] Step: 933 ; Loss: 26.591 ; Acc: 35.051
2018-09-19 14:47:34,605:INFO: [TRAIN] Step: 934 ; Loss: 25.983 ; Acc: 35.071
2018-09-19 14:47:34,723:INFO: [TRAIN] Step: 935 ; Loss: 32.442 ; Acc: 35.061
2018-09-19 14:47:34,841:INFO: [TRAIN] Step: 936 ; Loss: 29.458 ; Acc: 35.063
2018-09-19 14:47:34,958:INFO: [TRAIN] Step: 937 ; Loss: 24.236 ; Acc: 35.061
2018-09-19 14:47:35,075:INFO: [TRAIN] Step: 938 ; Loss: 28.278 ; Acc: 35.059
2018-09-19 14:47:35,196:INFO: [TRAIN] Step: 939 ; Loss: 34.097 ; Acc: 35.049
2018-09-19 14:47:35,314:INFO: [TRAIN] Step: 940 ; Loss: 29.531 ; Acc: 35.051
2018-09-19 14:47:35,435:INFO: [TRAIN] Step: 941 ; Loss: 24.668 ; Acc: 35.050
2018-09-19 14:47:35,553:INFO: [TRAIN] Step: 942 ; Loss: 30.787 ; Acc: 35.030
2018-09-19 14:47:35,668:INFO: [TRAIN] Step: 943 ; Loss: 27.486 ; Acc: 35.028
2018-09-19 14:47:35,783:INFO: [TRAIN] Step: 944 ; Loss: 28.853 ; Acc: 35.044
2018-09-19 14:47:35,903:INFO: [TRAIN] Step: 945 ; Loss: 24.448 ; Acc: 35.051
2018-09-19 14:47:36,026:INFO: [TRAIN] Step: 946 ; Loss: 29.891 ; Acc: 35.036
2018-09-19 14:47:36,143:INFO: [TRAIN] Step: 947 ; Loss: 27.260 ; Acc: 35.034
2018-09-19 14:47:36,262:INFO: [TRAIN] Step: 948 ; Loss: 24.683 ; Acc: 35.050
2018-09-19 14:47:36,379:INFO: [TRAIN] Step: 949 ; Loss: 29.452 ; Acc: 35.039
2018-09-19 14:47:36,497:INFO: [TRAIN] Step: 950 ; Loss: 24.810 ; Acc: 35.038
2018-09-19 14:47:36,616:INFO: [TRAIN] Step: 951 ; Loss: 27.516 ; Acc: 35.040
2018-09-19 14:47:36,734:INFO: [TRAIN] Step: 952 ; Loss: 34.548 ; Acc: 35.017
2018-09-19 14:47:36,856:INFO: [TRAIN] Step: 953 ; Loss: 28.035 ; Acc: 35.028
2018-09-19 14:47:36,976:INFO: [TRAIN] Step: 954 ; Loss: 23.482 ; Acc: 35.065
2018-09-19 14:47:37,096:INFO: [TRAIN] Step: 955 ; Loss: 28.547 ; Acc: 35.081
2018-09-19 14:47:37,214:INFO: [TRAIN] Step: 956 ; Loss: 23.672 ; Acc: 35.101
2018-09-19 14:47:37,332:INFO: [TRAIN] Step: 957 ; Loss: 30.010 ; Acc: 35.099
2018-09-19 14:47:37,452:INFO: [TRAIN] Step: 958 ; Loss: 25.896 ; Acc: 35.102
2018-09-19 14:47:37,569:INFO: [TRAIN] Step: 959 ; Loss: 26.916 ; Acc: 35.109
2018-09-19 14:47:37,691:INFO: [TRAIN] Step: 960 ; Loss: 24.858 ; Acc: 35.111
2018-09-19 14:47:37,808:INFO: [TRAIN] Step: 961 ; Loss: 28.624 ; Acc: 35.109
2018-09-19 14:47:37,924:INFO: [TRAIN] Step: 962 ; Loss: 30.827 ; Acc: 35.099
2018-09-19 14:47:38,050:INFO: [TRAIN] Step: 963 ; Loss: 30.228 ; Acc: 35.088
2018-09-19 14:47:38,167:INFO: [TRAIN] Step: 964 ; Loss: 28.360 ; Acc: 35.082
2018-09-19 14:47:38,287:INFO: [TRAIN] Step: 965 ; Loss: 25.900 ; Acc: 35.093
2018-09-19 14:47:38,407:INFO: [TRAIN] Step: 966 ; Loss: 30.309 ; Acc: 35.083
2018-09-19 14:47:38,528:INFO: [TRAIN] Step: 967 ; Loss: 27.731 ; Acc: 35.102
2018-09-19 14:47:38,646:INFO: [TRAIN] Step: 968 ; Loss: 28.315 ; Acc: 35.109
2018-09-19 14:47:38,764:INFO: [TRAIN] Step: 969 ; Loss: 30.121 ; Acc: 35.103
2018-09-19 14:47:38,884:INFO: [TRAIN] Step: 970 ; Loss: 25.350 ; Acc: 35.114
2018-09-19 14:47:39,002:INFO: [TRAIN] Step: 971 ; Loss: 26.852 ; Acc: 35.129
2018-09-19 14:47:39,122:INFO: [TRAIN] Step: 972 ; Loss: 28.930 ; Acc: 35.140
2018-09-19 14:47:39,241:INFO: [TRAIN] Step: 973 ; Loss: 25.035 ; Acc: 35.139
2018-09-19 14:47:39,360:INFO: [TRAIN] Step: 974 ; Loss: 30.365 ; Acc: 35.141
2018-09-19 14:47:39,477:INFO: [TRAIN] Step: 975 ; Loss: 26.973 ; Acc: 35.143
2018-09-19 14:47:39,596:INFO: [TRAIN] Step: 976 ; Loss: 28.805 ; Acc: 35.137
2018-09-19 14:47:39,713:INFO: [TRAIN] Step: 977 ; Loss: 28.618 ; Acc: 35.131
2018-09-19 14:47:39,827:INFO: [TRAIN] Step: 978 ; Loss: 25.812 ; Acc: 35.155
2018-09-19 14:47:39,944:INFO: [TRAIN] Step: 979 ; Loss: 29.535 ; Acc: 35.153
2018-09-19 14:47:40,060:INFO: [TRAIN] Step: 980 ; Loss: 27.237 ; Acc: 35.177
2018-09-19 14:47:40,178:INFO: [TRAIN] Step: 981 ; Loss: 28.389 ; Acc: 35.183
2018-09-19 14:47:40,293:INFO: [TRAIN] Step: 982 ; Loss: 27.305 ; Acc: 35.186
2018-09-19 14:47:40,411:INFO: [TRAIN] Step: 983 ; Loss: 27.805 ; Acc: 35.188
2018-09-19 14:47:40,531:INFO: [TRAIN] Step: 984 ; Loss: 27.746 ; Acc: 35.203
2018-09-19 14:47:40,652:INFO: [TRAIN] Step: 985 ; Loss: 29.424 ; Acc: 35.197
2018-09-19 14:47:40,771:INFO: [TRAIN] Step: 986 ; Loss: 30.164 ; Acc: 35.199
2018-09-19 14:47:40,890:INFO: [TRAIN] Step: 987 ; Loss: 26.725 ; Acc: 35.214
2018-09-19 14:47:41,010:INFO: [TRAIN] Step: 988 ; Loss: 31.116 ; Acc: 35.225
2018-09-19 14:47:41,130:INFO: [TRAIN] Step: 989 ; Loss: 30.949 ; Acc: 35.223
2018-09-19 14:47:41,247:INFO: [TRAIN] Step: 990 ; Loss: 27.557 ; Acc: 35.238
2018-09-19 14:47:41,362:INFO: [TRAIN] Step: 991 ; Loss: 25.884 ; Acc: 35.253
2018-09-19 14:47:41,477:INFO: [TRAIN] Step: 992 ; Loss: 30.346 ; Acc: 35.251
2018-09-19 14:47:41,593:INFO: [TRAIN] Step: 993 ; Loss: 34.956 ; Acc: 35.241
2018-09-19 14:47:41,711:INFO: [TRAIN] Step: 994 ; Loss: 26.744 ; Acc: 35.230
2018-09-19 14:47:41,830:INFO: [TRAIN] Step: 995 ; Loss: 31.469 ; Acc: 35.233
2018-09-19 14:47:41,948:INFO: [TRAIN] Step: 996 ; Loss: 28.850 ; Acc: 35.222
2018-09-19 14:47:42,072:INFO: [TRAIN] Step: 997 ; Loss: 30.115 ; Acc: 35.229
2018-09-19 14:47:42,190:INFO: [TRAIN] Step: 998 ; Loss: 28.012 ; Acc: 35.214
2018-09-19 14:47:42,309:INFO: [TRAIN] Step: 999 ; Loss: 28.111 ; Acc: 35.221
2018-09-19 14:47:42,424:INFO: [TRAIN] Step: 1000 ; Loss: 27.080 ; Acc: 35.236
2018-09-19 14:47:42,540:INFO: [TRAIN] Step: 1001 ; Loss: 28.540 ; Acc: 35.259
2018-09-19 14:47:42,658:INFO: [TRAIN] Step: 1002 ; Loss: 30.065 ; Acc: 35.261
2018-09-19 14:47:42,774:INFO: [TRAIN] Step: 1003 ; Loss: 30.553 ; Acc: 35.271
2018-09-19 14:47:42,890:INFO: [TRAIN] Step: 1004 ; Loss: 28.207 ; Acc: 35.282
2018-09-19 14:47:43,005:INFO: [TRAIN] Step: 1005 ; Loss: 23.866 ; Acc: 35.284
2018-09-19 14:47:43,122:INFO: [TRAIN] Step: 1006 ; Loss: 26.255 ; Acc: 35.290
2018-09-19 14:47:43,239:INFO: [TRAIN] Step: 1007 ; Loss: 27.007 ; Acc: 35.293
2018-09-19 14:47:43,354:INFO: [TRAIN] Step: 1008 ; Loss: 25.901 ; Acc: 35.295
2018-09-19 14:47:43,473:INFO: [TRAIN] Step: 1009 ; Loss: 33.704 ; Acc: 35.293
2018-09-19 14:47:43,591:INFO: [TRAIN] Step: 1010 ; Loss: 27.394 ; Acc: 35.295
2018-09-19 14:47:43,708:INFO: [TRAIN] Step: 1011 ; Loss: 30.296 ; Acc: 35.297
2018-09-19 14:47:43,824:INFO: [TRAIN] Step: 1012 ; Loss: 30.109 ; Acc: 35.299
2018-09-19 14:47:43,944:INFO: [TRAIN] Step: 1013 ; Loss: 26.433 ; Acc: 35.302
2018-09-19 14:47:44,061:INFO: [TRAIN] Step: 1014 ; Loss: 28.886 ; Acc: 35.304
2018-09-19 14:47:44,176:INFO: [TRAIN] Step: 1015 ; Loss: 26.003 ; Acc: 35.318
2018-09-19 14:47:44,294:INFO: [TRAIN] Step: 1016 ; Loss: 31.381 ; Acc: 35.308
2018-09-19 14:47:44,412:INFO: [TRAIN] Step: 1017 ; Loss: 28.069 ; Acc: 35.298
2018-09-19 14:47:44,533:INFO: [TRAIN] Step: 1018 ; Loss: 28.103 ; Acc: 35.304
2018-09-19 14:47:44,648:INFO: [TRAIN] Step: 1019 ; Loss: 27.885 ; Acc: 35.306
2018-09-19 14:47:44,767:INFO: [TRAIN] Step: 1020 ; Loss: 31.594 ; Acc: 35.284
2018-09-19 14:47:44,884:INFO: [TRAIN] Step: 1021 ; Loss: 26.729 ; Acc: 35.290
2018-09-19 14:47:45,000:INFO: [TRAIN] Step: 1022 ; Loss: 32.148 ; Acc: 35.301
2018-09-19 14:47:45,119:INFO: [TRAIN] Step: 1023 ; Loss: 28.035 ; Acc: 35.303
2018-09-19 14:47:45,234:INFO: [TRAIN] Step: 1024 ; Loss: 29.717 ; Acc: 35.309
2018-09-19 14:47:45,350:INFO: [TRAIN] Step: 1025 ; Loss: 27.249 ; Acc: 35.307
2018-09-19 14:47:45,467:INFO: [TRAIN] Step: 1026 ; Loss: 29.946 ; Acc: 35.313
2018-09-19 14:47:45,581:INFO: [TRAIN] Step: 1027 ; Loss: 30.096 ; Acc: 35.315
2018-09-19 14:47:45,702:INFO: [TRAIN] Step: 1028 ; Loss: 24.242 ; Acc: 35.338
2018-09-19 14:47:45,820:INFO: [TRAIN] Step: 1029 ; Loss: 32.511 ; Acc: 35.336
2018-09-19 14:47:45,940:INFO: [TRAIN] Step: 1030 ; Loss: 30.201 ; Acc: 35.350
2018-09-19 14:47:46,063:INFO: [TRAIN] Step: 1031 ; Loss: 31.725 ; Acc: 35.328
2018-09-19 14:47:46,179:INFO: [TRAIN] Step: 1032 ; Loss: 25.419 ; Acc: 35.334
2018-09-19 14:47:46,299:INFO: [TRAIN] Step: 1033 ; Loss: 28.040 ; Acc: 35.340
2018-09-19 14:47:46,426:INFO: [TRAIN] Step: 1034 ; Loss: 27.868 ; Acc: 35.354
2018-09-19 14:47:46,544:INFO: [TRAIN] Step: 1035 ; Loss: 28.924 ; Acc: 35.348
2018-09-19 14:47:46,659:INFO: [TRAIN] Step: 1036 ; Loss: 29.901 ; Acc: 35.346
2018-09-19 14:47:46,777:INFO: [TRAIN] Step: 1037 ; Loss: 28.752 ; Acc: 35.352
2018-09-19 14:47:46,894:INFO: [TRAIN] Step: 1038 ; Loss: 28.424 ; Acc: 35.355
2018-09-19 14:47:47,012:INFO: [TRAIN] Step: 1039 ; Loss: 31.873 ; Acc: 35.337
2018-09-19 14:47:47,129:INFO: [TRAIN] Step: 1040 ; Loss: 27.566 ; Acc: 35.335
2018-09-19 14:47:47,249:INFO: [TRAIN] Step: 1041 ; Loss: 33.762 ; Acc: 35.321
2018-09-19 14:47:47,363:INFO: [TRAIN] Step: 1042 ; Loss: 28.173 ; Acc: 35.327
2018-09-19 14:47:47,479:INFO: [TRAIN] Step: 1043 ; Loss: 27.131 ; Acc: 35.321
2018-09-19 14:47:47,601:INFO: [TRAIN] Step: 1044 ; Loss: 27.560 ; Acc: 35.315
2018-09-19 14:47:47,724:INFO: [TRAIN] Step: 1045 ; Loss: 29.796 ; Acc: 35.317
2018-09-19 14:47:47,842:INFO: [TRAIN] Step: 1046 ; Loss: 29.071 ; Acc: 35.323
2018-09-19 14:47:47,961:INFO: [TRAIN] Step: 1047 ; Loss: 31.326 ; Acc: 35.325
2018-09-19 14:47:48,076:INFO: [TRAIN] Step: 1048 ; Loss: 29.259 ; Acc: 35.323
2018-09-19 14:47:48,192:INFO: [TRAIN] Step: 1049 ; Loss: 28.075 ; Acc: 35.306
2018-09-19 14:47:48,306:INFO: [TRAIN] Step: 1050 ; Loss: 25.242 ; Acc: 35.296
2018-09-19 14:47:48,421:INFO: [TRAIN] Step: 1051 ; Loss: 31.973 ; Acc: 35.306
2018-09-19 14:47:48,538:INFO: [TRAIN] Step: 1052 ; Loss: 32.616 ; Acc: 35.292
2018-09-19 14:47:48,656:INFO: [TRAIN] Step: 1053 ; Loss: 30.183 ; Acc: 35.274
2018-09-19 14:47:48,771:INFO: [TRAIN] Step: 1054 ; Loss: 27.230 ; Acc: 35.280
2018-09-19 14:47:48,886:INFO: [TRAIN] Step: 1055 ; Loss: 29.897 ; Acc: 35.259
2018-09-19 14:47:49,003:INFO: [TRAIN] Step: 1056 ; Loss: 25.833 ; Acc: 35.249
2018-09-19 14:47:49,118:INFO: [TRAIN] Step: 1057 ; Loss: 30.521 ; Acc: 35.228
2018-09-19 14:47:49,233:INFO: [TRAIN] Step: 1058 ; Loss: 28.349 ; Acc: 35.218
2018-09-19 14:47:49,351:INFO: [TRAIN] Step: 1059 ; Loss: 26.798 ; Acc: 35.212
2018-09-19 14:47:49,471:INFO: [TRAIN] Step: 1060 ; Loss: 29.873 ; Acc: 35.199
2018-09-19 14:47:49,588:INFO: [TRAIN] Step: 1061 ; Loss: 26.761 ; Acc: 35.193
2018-09-19 14:47:49,707:INFO: [TRAIN] Step: 1062 ; Loss: 24.264 ; Acc: 35.207
2018-09-19 14:47:49,822:INFO: [TRAIN] Step: 1063 ; Loss: 32.359 ; Acc: 35.190
2018-09-19 14:47:49,941:INFO: [TRAIN] Step: 1064 ; Loss: 25.522 ; Acc: 35.184
2018-09-19 14:47:50,056:INFO: [TRAIN] Step: 1065 ; Loss: 30.441 ; Acc: 35.182
2018-09-19 14:47:50,172:INFO: [TRAIN] Step: 1066 ; Loss: 30.561 ; Acc: 35.180
2018-09-19 14:47:50,287:INFO: [TRAIN] Step: 1067 ; Loss: 27.007 ; Acc: 35.179
2018-09-19 14:47:50,405:INFO: [TRAIN] Step: 1068 ; Loss: 30.441 ; Acc: 35.169
2018-09-19 14:47:50,520:INFO: [TRAIN] Step: 1069 ; Loss: 29.745 ; Acc: 35.152
2018-09-19 14:47:50,638:INFO: [TRAIN] Step: 1070 ; Loss: 26.437 ; Acc: 35.158
2018-09-19 14:47:50,758:INFO: [TRAIN] Step: 1071 ; Loss: 29.898 ; Acc: 35.156
2018-09-19 14:47:50,876:INFO: [TRAIN] Step: 1072 ; Loss: 29.419 ; Acc: 35.151
2018-09-19 14:47:50,996:INFO: [TRAIN] Step: 1073 ; Loss: 30.449 ; Acc: 35.157
2018-09-19 14:47:51,112:INFO: [TRAIN] Step: 1074 ; Loss: 30.807 ; Acc: 35.147
2018-09-19 14:47:51,230:INFO: [TRAIN] Step: 1075 ; Loss: 30.758 ; Acc: 35.146
2018-09-19 14:47:51,345:INFO: [TRAIN] Step: 1076 ; Loss: 26.455 ; Acc: 35.152
2018-09-19 14:47:51,462:INFO: [TRAIN] Step: 1077 ; Loss: 29.071 ; Acc: 35.158
2018-09-19 14:47:51,577:INFO: [TRAIN] Step: 1078 ; Loss: 25.601 ; Acc: 35.148
2018-09-19 14:47:51,698:INFO: [TRAIN] Step: 1079 ; Loss: 30.244 ; Acc: 35.154
2018-09-19 14:47:51,818:INFO: [TRAIN] Step: 1080 ; Loss: 31.508 ; Acc: 35.145
2018-09-19 14:47:51,934:INFO: [TRAIN] Step: 1081 ; Loss: 29.253 ; Acc: 35.136
2018-09-19 14:47:52,049:INFO: [TRAIN] Step: 1082 ; Loss: 30.682 ; Acc: 35.145
2018-09-19 14:47:52,168:INFO: [TRAIN] Step: 1083 ; Loss: 29.900 ; Acc: 35.155
2018-09-19 14:47:52,283:INFO: [TRAIN] Step: 1084 ; Loss: 29.153 ; Acc: 35.150
2018-09-19 14:47:52,411:INFO: [TRAIN] Step: 1085 ; Loss: 31.520 ; Acc: 35.144
2018-09-19 14:47:52,529:INFO: [TRAIN] Step: 1086 ; Loss: 29.273 ; Acc: 35.143
2018-09-19 14:47:52,648:INFO: [TRAIN] Step: 1087 ; Loss: 30.457 ; Acc: 35.149
2018-09-19 14:47:52,769:INFO: [TRAIN] Step: 1088 ; Loss: 30.926 ; Acc: 35.128
2018-09-19 14:47:52,884:INFO: [TRAIN] Step: 1089 ; Loss: 27.008 ; Acc: 35.122
2018-09-19 14:47:53,002:INFO: [TRAIN] Step: 1090 ; Loss: 29.087 ; Acc: 35.117
2018-09-19 14:47:53,122:INFO: [TRAIN] Step: 1091 ; Loss: 29.876 ; Acc: 35.111
2018-09-19 14:47:53,246:INFO: [TRAIN] Step: 1092 ; Loss: 27.988 ; Acc: 35.102
2018-09-19 14:47:53,361:INFO: [TRAIN] Step: 1093 ; Loss: 32.376 ; Acc: 35.082
2018-09-19 14:47:53,481:INFO: [TRAIN] Step: 1094 ; Loss: 29.183 ; Acc: 35.088
2018-09-19 14:47:53,596:INFO: [TRAIN] Step: 1095 ; Loss: 29.104 ; Acc: 35.075
2018-09-19 14:47:53,715:INFO: [TRAIN] Step: 1096 ; Loss: 26.698 ; Acc: 35.077
2018-09-19 14:47:53,830:INFO: [TRAIN] Step: 1097 ; Loss: 28.229 ; Acc: 35.083
2018-09-19 14:47:53,947:INFO: [TRAIN] Step: 1098 ; Loss: 24.507 ; Acc: 35.096
2018-09-19 14:47:54,063:INFO: [TRAIN] Step: 1099 ; Loss: 29.787 ; Acc: 35.102
2018-09-19 14:47:54,184:INFO: [TRAIN] Step: 1100 ; Loss: 31.153 ; Acc: 35.097
2018-09-19 14:47:54,302:INFO: [TRAIN] Step: 1101 ; Loss: 29.951 ; Acc: 35.092
2018-09-19 14:47:54,424:INFO: [TRAIN] Step: 1102 ; Loss: 26.891 ; Acc: 35.101
2018-09-19 14:47:54,540:INFO: [TRAIN] Step: 1103 ; Loss: 29.316 ; Acc: 35.100
2018-09-19 14:47:54,659:INFO: [TRAIN] Step: 1104 ; Loss: 27.731 ; Acc: 35.094
2018-09-19 14:47:54,776:INFO: [TRAIN] Step: 1105 ; Loss: 28.648 ; Acc: 35.093
2018-09-19 14:47:54,896:INFO: [TRAIN] Step: 1106 ; Loss: 27.682 ; Acc: 35.087
2018-09-19 14:47:55,018:INFO: [TRAIN] Step: 1107 ; Loss: 30.299 ; Acc: 35.078
2018-09-19 14:47:55,138:INFO: [TRAIN] Step: 1108 ; Loss: 30.194 ; Acc: 35.073
2018-09-19 14:47:55,253:INFO: [TRAIN] Step: 1109 ; Loss: 27.593 ; Acc: 35.075
2018-09-19 14:47:55,375:INFO: [TRAIN] Step: 1110 ; Loss: 27.368 ; Acc: 35.085
2018-09-19 14:47:55,493:INFO: [TRAIN] Step: 1111 ; Loss: 28.498 ; Acc: 35.091
2018-09-19 14:47:55,611:INFO: [TRAIN] Step: 1112 ; Loss: 28.110 ; Acc: 35.093
2018-09-19 14:47:55,729:INFO: [TRAIN] Step: 1113 ; Loss: 24.987 ; Acc: 35.114
2018-09-19 14:47:55,850:INFO: [TRAIN] Step: 1114 ; Loss: 32.772 ; Acc: 35.116
2018-09-19 14:47:55,968:INFO: [TRAIN] Step: 1115 ; Loss: 29.995 ; Acc: 35.118
2018-09-19 14:47:56,088:INFO: [TRAIN] Step: 1116 ; Loss: 25.786 ; Acc: 35.120
2018-09-19 14:47:56,203:INFO: [TRAIN] Step: 1117 ; Loss: 31.158 ; Acc: 35.104
2018-09-19 14:47:56,323:INFO: [TRAIN] Step: 1118 ; Loss: 28.065 ; Acc: 35.106
2018-09-19 14:47:56,440:INFO: [TRAIN] Step: 1119 ; Loss: 29.397 ; Acc: 35.104
2018-09-19 14:47:56,557:INFO: [TRAIN] Step: 1120 ; Loss: 28.552 ; Acc: 35.114
2018-09-19 14:47:56,674:INFO: [TRAIN] Step: 1121 ; Loss: 28.805 ; Acc: 35.123
2018-09-19 14:47:56,792:INFO: [TRAIN] Step: 1122 ; Loss: 28.768 ; Acc: 35.111
2018-09-19 14:47:56,909:INFO: [TRAIN] Step: 1123 ; Loss: 23.411 ; Acc: 35.116
2018-09-19 14:47:57,030:INFO: [TRAIN] Step: 1124 ; Loss: 28.105 ; Acc: 35.122
2018-09-19 14:47:57,150:INFO: [TRAIN] Step: 1125 ; Loss: 27.626 ; Acc: 35.124
2018-09-19 14:47:57,270:INFO: [TRAIN] Step: 1126 ; Loss: 27.444 ; Acc: 35.126
2018-09-19 14:47:57,386:INFO: [TRAIN] Step: 1127 ; Loss: 28.622 ; Acc: 35.125
2018-09-19 14:47:57,509:INFO: [TRAIN] Step: 1128 ; Loss: 26.757 ; Acc: 35.138
2018-09-19 14:47:57,624:INFO: [TRAIN] Step: 1129 ; Loss: 29.082 ; Acc: 35.133
2018-09-19 14:47:57,747:INFO: [TRAIN] Step: 1130 ; Loss: 29.316 ; Acc: 35.127
2018-09-19 14:47:57,871:INFO: [TRAIN] Step: 1131 ; Loss: 27.645 ; Acc: 35.126
2018-09-19 14:47:57,991:INFO: [TRAIN] Step: 1132 ; Loss: 29.129 ; Acc: 35.121
2018-09-19 14:47:58,109:INFO: [TRAIN] Step: 1133 ; Loss: 24.593 ; Acc: 35.123
2018-09-19 14:47:58,228:INFO: [TRAIN] Step: 1134 ; Loss: 32.820 ; Acc: 35.110
2018-09-19 14:47:58,344:INFO: [TRAIN] Step: 1135 ; Loss: 28.719 ; Acc: 35.109
2018-09-19 14:47:58,459:INFO: [TRAIN] Step: 1136 ; Loss: 28.816 ; Acc: 35.122
2018-09-19 14:47:58,582:INFO: [TRAIN] Step: 1137 ; Loss: 27.776 ; Acc: 35.127
2018-09-19 14:47:58,699:INFO: [TRAIN] Step: 1138 ; Loss: 29.910 ; Acc: 35.119
2018-09-19 14:47:58,816:INFO: [TRAIN] Step: 1139 ; Loss: 26.466 ; Acc: 35.124
2018-09-19 14:47:58,934:INFO: [TRAIN] Step: 1140 ; Loss: 27.240 ; Acc: 35.119
2018-09-19 14:47:59,052:INFO: [TRAIN] Step: 1141 ; Loss: 30.256 ; Acc: 35.132
2018-09-19 14:47:59,167:INFO: [TRAIN] Step: 1142 ; Loss: 26.925 ; Acc: 35.141
2018-09-19 14:47:59,283:INFO: [TRAIN] Step: 1143 ; Loss: 32.871 ; Acc: 35.125
2018-09-19 14:47:59,399:INFO: [TRAIN] Step: 1144 ; Loss: 27.544 ; Acc: 35.127
2018-09-19 14:47:59,514:INFO: [TRAIN] Step: 1145 ; Loss: 28.929 ; Acc: 35.126
2018-09-19 14:47:59,631:INFO: [TRAIN] Step: 1146 ; Loss: 23.185 ; Acc: 35.153
2018-09-19 14:47:59,746:INFO: [TRAIN] Step: 1147 ; Loss: 28.588 ; Acc: 35.152
2018-09-19 14:47:59,864:INFO: [TRAIN] Step: 1148 ; Loss: 29.408 ; Acc: 35.150
2018-09-19 14:47:59,983:INFO: [TRAIN] Step: 1149 ; Loss: 26.273 ; Acc: 35.174
2018-09-19 14:48:00,103:INFO: [TRAIN] Step: 1150 ; Loss: 27.051 ; Acc: 35.172
2018-09-19 14:48:00,221:INFO: [TRAIN] Step: 1151 ; Loss: 30.037 ; Acc: 35.178
2018-09-19 14:48:00,343:INFO: [TRAIN] Step: 1152 ; Loss: 31.299 ; Acc: 35.166
2018-09-19 14:48:00,462:INFO: [TRAIN] Step: 1153 ; Loss: 33.084 ; Acc: 35.164
2018-09-19 14:48:00,584:INFO: [TRAIN] Step: 1154 ; Loss: 31.181 ; Acc: 35.173
2018-09-19 14:48:00,702:INFO: [TRAIN] Step: 1155 ; Loss: 33.192 ; Acc: 35.168
2018-09-19 14:48:00,819:INFO: [TRAIN] Step: 1156 ; Loss: 26.363 ; Acc: 35.170
2018-09-19 14:48:00,940:INFO: [TRAIN] Step: 1157 ; Loss: 25.461 ; Acc: 35.183
2018-09-19 14:48:01,060:INFO: [TRAIN] Step: 1158 ; Loss: 26.016 ; Acc: 35.203
2018-09-19 14:48:01,180:INFO: [TRAIN] Step: 1159 ; Loss: 30.104 ; Acc: 35.194
2018-09-19 14:48:01,303:INFO: [TRAIN] Step: 1160 ; Loss: 29.251 ; Acc: 35.203
2018-09-19 14:48:01,420:INFO: [TRAIN] Step: 1161 ; Loss: 31.140 ; Acc: 35.198
2018-09-19 14:48:01,541:INFO: [TRAIN] Step: 1162 ; Loss: 30.053 ; Acc: 35.203
2018-09-19 14:48:01,657:INFO: [TRAIN] Step: 1163 ; Loss: 31.980 ; Acc: 35.188
2018-09-19 14:48:01,778:INFO: [TRAIN] Step: 1164 ; Loss: 28.390 ; Acc: 35.197
2018-09-19 14:48:01,897:INFO: [TRAIN] Step: 1165 ; Loss: 29.699 ; Acc: 35.195
2018-09-19 14:48:02,015:INFO: [TRAIN] Step: 1166 ; Loss: 27.497 ; Acc: 35.204
2018-09-19 14:48:02,136:INFO: [TRAIN] Step: 1167 ; Loss: 27.087 ; Acc: 35.213
2018-09-19 14:48:02,253:INFO: [TRAIN] Step: 1168 ; Loss: 26.036 ; Acc: 35.222
2018-09-19 14:48:02,373:INFO: [TRAIN] Step: 1169 ; Loss: 27.255 ; Acc: 35.228
2018-09-19 14:48:02,495:INFO: [TRAIN] Step: 1170 ; Loss: 29.743 ; Acc: 35.216
2018-09-19 14:48:02,612:INFO: [TRAIN] Step: 1171 ; Loss: 24.465 ; Acc: 35.228
2018-09-19 14:48:02,729:INFO: [TRAIN] Step: 1172 ; Loss: 27.487 ; Acc: 35.230
2018-09-19 14:48:02,846:INFO: [TRAIN] Step: 1173 ; Loss: 27.958 ; Acc: 35.236
2018-09-19 14:48:02,964:INFO: [TRAIN] Step: 1174 ; Loss: 28.177 ; Acc: 35.234
2018-09-19 14:48:03,082:INFO: [TRAIN] Step: 1175 ; Loss: 29.918 ; Acc: 35.215
2018-09-19 14:48:03,204:INFO: [TRAIN] Step: 1176 ; Loss: 30.006 ; Acc: 35.213
2018-09-19 14:48:03,322:INFO: [TRAIN] Step: 1177 ; Loss: 32.333 ; Acc: 35.204
2018-09-19 14:48:03,439:INFO: [TRAIN] Step: 1178 ; Loss: 23.585 ; Acc: 35.206
2018-09-19 14:48:03,559:INFO: [TRAIN] Step: 1179 ; Loss: 28.495 ; Acc: 35.198
2018-09-19 14:48:03,679:INFO: [TRAIN] Step: 1180 ; Loss: 31.805 ; Acc: 35.196
2018-09-19 14:48:03,805:INFO: [TRAIN] Step: 1181 ; Loss: 33.752 ; Acc: 35.177
2018-09-19 14:48:03,921:INFO: [TRAIN] Step: 1182 ; Loss: 31.647 ; Acc: 35.168
2018-09-19 14:48:04,035:INFO: [TRAIN] Step: 1183 ; Loss: 26.504 ; Acc: 35.174
2018-09-19 14:48:04,153:INFO: [TRAIN] Step: 1184 ; Loss: 26.535 ; Acc: 35.193
2018-09-19 14:48:04,271:INFO: [TRAIN] Step: 1185 ; Loss: 26.695 ; Acc: 35.195
2018-09-19 14:48:04,391:INFO: [TRAIN] Step: 1186 ; Loss: 30.525 ; Acc: 35.180
2018-09-19 14:48:04,509:INFO: [TRAIN] Step: 1187 ; Loss: 34.017 ; Acc: 35.171
2018-09-19 14:48:04,625:INFO: [TRAIN] Step: 1188 ; Loss: 27.946 ; Acc: 35.173
2018-09-19 14:48:04,742:INFO: [TRAIN] Step: 1189 ; Loss: 31.889 ; Acc: 35.165
2018-09-19 14:48:10,160:INFO: [EVAL] Step: 1190 ; Loss: 0.302 ; Acc: 0.373
