2018-09-19 13:34:44,721:INFO: ### Model ###
LeNet5(
  (convnet): Sequential(
    (0): Conv2d(1, 6, kernel_size=(5, 5), stride=(1, 1))
    (1): ReLU()
    (2): MaxPool2d(kernel_size=(2, 2), stride=2, padding=0, dilation=1, ceil_mode=False)
    (3): Conv2d(6, 16, kernel_size=(5, 5), stride=(1, 1))
    (4): ReLU()
    (5): MaxPool2d(kernel_size=(2, 2), stride=2, padding=0, dilation=1, ceil_mode=False)
    (6): Conv2d(16, 120, kernel_size=(5, 5), stride=(1, 1))
    (7): ReLU()
    (8): Conv2d(120, 240, kernel_size=(5, 5), stride=(1, 1))
    (9): ReLU()
  )
  (fc): Sequential(
    (0): Linear(in_features=240, out_features=84, bias=True)
    (1): ReLU()
    (2): Linear(in_features=84, out_features=10, bias=True)
  )
)
2018-09-19 13:34:44,722:INFO: ### Optimizer ###
Adam (
Parameter Group 0
    amsgrad: False
    betas: (0.9, 0.999)
    eps: 1e-08
    lr: 1e-06
    weight_decay: 0
)
2018-09-19 13:34:44,723:INFO: ### HParams ###
n_epochs: 1 ; data: ferplus ; label: ferplus_votes ; batch_size: 24 ; lr: 1e-06 ; wd: 0 ; eval_steps: 1190
2018-09-19 13:34:44,898:INFO: [TRAIN] Step: 0 ; Loss: 39.213 ; Acc: 25.000
2018-09-19 13:34:44,983:INFO: [TRAIN] Step: 1 ; Loss: 39.483 ; Acc: 29.167
2018-09-19 13:34:45,066:INFO: [TRAIN] Step: 2 ; Loss: 38.443 ; Acc: 23.611
2018-09-19 13:34:45,156:INFO: [TRAIN] Step: 3 ; Loss: 38.209 ; Acc: 25.000
2018-09-19 13:34:45,236:INFO: [TRAIN] Step: 4 ; Loss: 38.563 ; Acc: 25.000
2018-09-19 13:34:45,323:INFO: [TRAIN] Step: 5 ; Loss: 41.177 ; Acc: 27.083
2018-09-19 13:34:45,415:INFO: [TRAIN] Step: 6 ; Loss: 39.389 ; Acc: 25.000
2018-09-19 13:34:45,515:INFO: [TRAIN] Step: 7 ; Loss: 37.140 ; Acc: 25.000
2018-09-19 13:34:45,599:INFO: [TRAIN] Step: 8 ; Loss: 38.852 ; Acc: 24.074
2018-09-19 13:34:45,687:INFO: [TRAIN] Step: 9 ; Loss: 40.464 ; Acc: 24.167
2018-09-19 13:34:45,770:INFO: [TRAIN] Step: 10 ; Loss: 39.417 ; Acc: 23.864
2018-09-19 13:34:45,853:INFO: [TRAIN] Step: 11 ; Loss: 37.399 ; Acc: 24.306
2018-09-19 13:34:45,943:INFO: [TRAIN] Step: 12 ; Loss: 41.728 ; Acc: 25.962
2018-09-19 13:34:46,035:INFO: [TRAIN] Step: 13 ; Loss: 34.450 ; Acc: 25.000
2018-09-19 13:34:46,116:INFO: [TRAIN] Step: 14 ; Loss: 44.593 ; Acc: 26.389
2018-09-19 13:34:46,202:INFO: [TRAIN] Step: 15 ; Loss: 33.863 ; Acc: 26.562
2018-09-19 13:34:46,281:INFO: [TRAIN] Step: 16 ; Loss: 45.269 ; Acc: 26.471
2018-09-19 13:34:46,369:INFO: [TRAIN] Step: 17 ; Loss: 37.745 ; Acc: 26.389
2018-09-19 13:34:46,449:INFO: [TRAIN] Step: 18 ; Loss: 40.634 ; Acc: 26.316
2018-09-19 13:34:46,536:INFO: [TRAIN] Step: 19 ; Loss: 44.099 ; Acc: 26.667
2018-09-19 13:34:46,614:INFO: [TRAIN] Step: 20 ; Loss: 40.941 ; Acc: 26.389
2018-09-19 13:34:46,703:INFO: [TRAIN] Step: 21 ; Loss: 37.928 ; Acc: 25.758
2018-09-19 13:34:46,782:INFO: [TRAIN] Step: 22 ; Loss: 42.028 ; Acc: 25.725
2018-09-19 13:34:46,868:INFO: [TRAIN] Step: 23 ; Loss: 38.776 ; Acc: 25.347
2018-09-19 13:34:46,948:INFO: [TRAIN] Step: 24 ; Loss: 41.932 ; Acc: 25.167
2018-09-19 13:34:47,034:INFO: [TRAIN] Step: 25 ; Loss: 41.192 ; Acc: 25.321
2018-09-19 13:34:47,116:INFO: [TRAIN] Step: 26 ; Loss: 40.554 ; Acc: 25.309
2018-09-19 13:34:47,203:INFO: [TRAIN] Step: 27 ; Loss: 38.030 ; Acc: 25.298
2018-09-19 13:34:47,282:INFO: [TRAIN] Step: 28 ; Loss: 42.568 ; Acc: 25.431
2018-09-19 13:34:47,371:INFO: [TRAIN] Step: 29 ; Loss: 39.200 ; Acc: 25.556
2018-09-19 13:34:47,448:INFO: [TRAIN] Step: 30 ; Loss: 41.194 ; Acc: 25.806
2018-09-19 13:34:47,534:INFO: [TRAIN] Step: 31 ; Loss: 41.830 ; Acc: 25.911
2018-09-19 13:34:47,617:INFO: [TRAIN] Step: 32 ; Loss: 36.744 ; Acc: 25.884
2018-09-19 13:34:47,713:INFO: [TRAIN] Step: 33 ; Loss: 43.785 ; Acc: 26.225
2018-09-19 13:34:47,795:INFO: [TRAIN] Step: 34 ; Loss: 38.052 ; Acc: 26.190
2018-09-19 13:34:47,882:INFO: [TRAIN] Step: 35 ; Loss: 36.516 ; Acc: 26.273
2018-09-19 13:34:47,966:INFO: [TRAIN] Step: 36 ; Loss: 37.992 ; Acc: 26.351
2018-09-19 13:34:48,054:INFO: [TRAIN] Step: 37 ; Loss: 41.559 ; Acc: 26.535
2018-09-19 13:34:48,131:INFO: [TRAIN] Step: 38 ; Loss: 39.453 ; Acc: 26.175
2018-09-19 13:34:48,220:INFO: [TRAIN] Step: 39 ; Loss: 37.339 ; Acc: 26.146
2018-09-19 13:34:48,296:INFO: [TRAIN] Step: 40 ; Loss: 37.195 ; Acc: 26.118
2018-09-19 13:34:48,379:INFO: [TRAIN] Step: 41 ; Loss: 40.943 ; Acc: 25.992
2018-09-19 13:34:48,462:INFO: [TRAIN] Step: 42 ; Loss: 38.620 ; Acc: 25.872
2018-09-19 13:34:48,563:INFO: [TRAIN] Step: 43 ; Loss: 39.535 ; Acc: 26.231
2018-09-19 13:34:48,644:INFO: [TRAIN] Step: 44 ; Loss: 40.117 ; Acc: 26.389
2018-09-19 13:34:48,729:INFO: [TRAIN] Step: 45 ; Loss: 38.880 ; Acc: 26.087
2018-09-19 13:34:48,808:INFO: [TRAIN] Step: 46 ; Loss: 35.409 ; Acc: 26.241
2018-09-19 13:34:48,894:INFO: [TRAIN] Step: 47 ; Loss: 41.192 ; Acc: 26.389
2018-09-19 13:34:48,973:INFO: [TRAIN] Step: 48 ; Loss: 41.311 ; Acc: 26.446
2018-09-19 13:34:49,061:INFO: [TRAIN] Step: 49 ; Loss: 44.470 ; Acc: 27.000
2018-09-19 13:34:49,139:INFO: [TRAIN] Step: 50 ; Loss: 39.351 ; Acc: 27.042
2018-09-19 13:34:49,224:INFO: [TRAIN] Step: 51 ; Loss: 37.140 ; Acc: 27.083
2018-09-19 13:34:49,305:INFO: [TRAIN] Step: 52 ; Loss: 42.198 ; Acc: 27.044
2018-09-19 13:34:49,397:INFO: [TRAIN] Step: 53 ; Loss: 41.736 ; Acc: 27.392
2018-09-19 13:34:49,477:INFO: [TRAIN] Step: 54 ; Loss: 39.216 ; Acc: 27.424
2018-09-19 13:34:49,564:INFO: [TRAIN] Step: 55 ; Loss: 39.882 ; Acc: 27.604
2018-09-19 13:34:49,643:INFO: [TRAIN] Step: 56 ; Loss: 40.137 ; Acc: 27.705
2018-09-19 13:34:49,728:INFO: [TRAIN] Step: 57 ; Loss: 39.905 ; Acc: 27.658
2018-09-19 13:34:49,808:INFO: [TRAIN] Step: 58 ; Loss: 41.048 ; Acc: 27.684
2018-09-19 13:34:49,894:INFO: [TRAIN] Step: 59 ; Loss: 40.379 ; Acc: 27.639
2018-09-19 13:34:49,974:INFO: [TRAIN] Step: 60 ; Loss: 38.052 ; Acc: 27.596
2018-09-19 13:34:50,059:INFO: [TRAIN] Step: 61 ; Loss: 40.079 ; Acc: 27.285
2018-09-19 13:34:50,139:INFO: [TRAIN] Step: 62 ; Loss: 39.889 ; Acc: 27.116
2018-09-19 13:34:50,226:INFO: [TRAIN] Step: 63 ; Loss: 41.861 ; Acc: 27.344
2018-09-19 13:34:50,305:INFO: [TRAIN] Step: 64 ; Loss: 38.386 ; Acc: 27.308
2018-09-19 13:34:50,392:INFO: [TRAIN] Step: 65 ; Loss: 38.903 ; Acc: 27.273
2018-09-19 13:34:50,474:INFO: [TRAIN] Step: 66 ; Loss: 38.464 ; Acc: 27.239
2018-09-19 13:34:50,561:INFO: [TRAIN] Step: 67 ; Loss: 38.236 ; Acc: 27.328
2018-09-19 13:34:50,639:INFO: [TRAIN] Step: 68 ; Loss: 37.651 ; Acc: 27.295
2018-09-19 13:34:50,724:INFO: [TRAIN] Step: 69 ; Loss: 37.815 ; Acc: 27.262
2018-09-19 13:34:50,805:INFO: [TRAIN] Step: 70 ; Loss: 41.403 ; Acc: 27.171
2018-09-19 13:34:50,897:INFO: [TRAIN] Step: 71 ; Loss: 38.768 ; Acc: 27.199
2018-09-19 13:34:50,978:INFO: [TRAIN] Step: 72 ; Loss: 39.718 ; Acc: 26.998
2018-09-19 13:34:51,062:INFO: [TRAIN] Step: 73 ; Loss: 41.411 ; Acc: 27.027
2018-09-19 13:34:51,142:INFO: [TRAIN] Step: 74 ; Loss: 43.311 ; Acc: 27.111
2018-09-19 13:34:51,227:INFO: [TRAIN] Step: 75 ; Loss: 37.790 ; Acc: 26.864
2018-09-19 13:34:51,306:INFO: [TRAIN] Step: 76 ; Loss: 38.725 ; Acc: 26.948
2018-09-19 13:34:51,393:INFO: [TRAIN] Step: 77 ; Loss: 42.427 ; Acc: 26.923
2018-09-19 13:34:51,472:INFO: [TRAIN] Step: 78 ; Loss: 39.766 ; Acc: 27.057
2018-09-19 13:34:51,583:INFO: [TRAIN] Step: 79 ; Loss: 38.471 ; Acc: 27.187
2018-09-19 13:34:51,668:INFO: [TRAIN] Step: 80 ; Loss: 39.536 ; Acc: 27.315
2018-09-19 13:34:51,760:INFO: [TRAIN] Step: 81 ; Loss: 39.609 ; Acc: 27.388
2018-09-19 13:34:51,840:INFO: [TRAIN] Step: 82 ; Loss: 38.714 ; Acc: 27.259
2018-09-19 13:34:51,926:INFO: [TRAIN] Step: 83 ; Loss: 37.416 ; Acc: 27.034
2018-09-19 13:34:52,004:INFO: [TRAIN] Step: 84 ; Loss: 36.913 ; Acc: 26.912
2018-09-19 13:34:52,091:INFO: [TRAIN] Step: 85 ; Loss: 38.122 ; Acc: 26.938
2018-09-19 13:34:52,170:INFO: [TRAIN] Step: 86 ; Loss: 38.621 ; Acc: 26.916
2018-09-19 13:34:52,258:INFO: [TRAIN] Step: 87 ; Loss: 37.100 ; Acc: 26.799
2018-09-19 13:34:52,339:INFO: [TRAIN] Step: 88 ; Loss: 41.717 ; Acc: 26.779
2018-09-19 13:34:52,424:INFO: [TRAIN] Step: 89 ; Loss: 39.959 ; Acc: 26.898
2018-09-19 13:34:52,505:INFO: [TRAIN] Step: 90 ; Loss: 41.374 ; Acc: 26.832
2018-09-19 13:34:52,590:INFO: [TRAIN] Step: 91 ; Loss: 42.596 ; Acc: 26.857
2018-09-19 13:34:52,669:INFO: [TRAIN] Step: 92 ; Loss: 41.046 ; Acc: 26.747
2018-09-19 13:34:52,755:INFO: [TRAIN] Step: 93 ; Loss: 38.136 ; Acc: 26.862
2018-09-19 13:34:52,834:INFO: [TRAIN] Step: 94 ; Loss: 41.527 ; Acc: 26.711
2018-09-19 13:34:52,921:INFO: [TRAIN] Step: 95 ; Loss: 39.168 ; Acc: 26.693
2018-09-19 13:34:53,004:INFO: [TRAIN] Step: 96 ; Loss: 41.509 ; Acc: 26.847
2018-09-19 13:34:53,091:INFO: [TRAIN] Step: 97 ; Loss: 43.178 ; Acc: 26.913
2018-09-19 13:34:53,169:INFO: [TRAIN] Step: 98 ; Loss: 41.606 ; Acc: 26.852
2018-09-19 13:34:53,254:INFO: [TRAIN] Step: 99 ; Loss: 36.942 ; Acc: 26.750
2018-09-19 13:34:53,335:INFO: [TRAIN] Step: 100 ; Loss: 37.767 ; Acc: 26.650
2018-09-19 13:34:53,420:INFO: [TRAIN] Step: 101 ; Loss: 40.398 ; Acc: 26.634
2018-09-19 13:34:53,498:INFO: [TRAIN] Step: 102 ; Loss: 39.691 ; Acc: 26.780
2018-09-19 13:34:53,584:INFO: [TRAIN] Step: 103 ; Loss: 36.217 ; Acc: 26.723
2018-09-19 13:34:53,664:INFO: [TRAIN] Step: 104 ; Loss: 37.849 ; Acc: 26.667
2018-09-19 13:34:53,751:INFO: [TRAIN] Step: 105 ; Loss: 38.378 ; Acc: 26.769
2018-09-19 13:34:53,832:INFO: [TRAIN] Step: 106 ; Loss: 44.005 ; Acc: 26.830
2018-09-19 13:34:53,919:INFO: [TRAIN] Step: 107 ; Loss: 41.916 ; Acc: 26.890
2018-09-19 13:34:53,999:INFO: [TRAIN] Step: 108 ; Loss: 39.880 ; Acc: 26.911
2018-09-19 13:34:54,085:INFO: [TRAIN] Step: 109 ; Loss: 37.094 ; Acc: 27.008
2018-09-19 13:34:54,166:INFO: [TRAIN] Step: 110 ; Loss: 40.401 ; Acc: 27.102
2018-09-19 13:34:54,254:INFO: [TRAIN] Step: 111 ; Loss: 41.678 ; Acc: 27.083
2018-09-19 13:34:54,334:INFO: [TRAIN] Step: 112 ; Loss: 40.223 ; Acc: 26.991
2018-09-19 13:34:54,421:INFO: [TRAIN] Step: 113 ; Loss: 34.574 ; Acc: 27.010
2018-09-19 13:34:54,498:INFO: [TRAIN] Step: 114 ; Loss: 40.060 ; Acc: 27.065
2018-09-19 13:34:54,584:INFO: [TRAIN] Step: 115 ; Loss: 35.740 ; Acc: 27.011
2018-09-19 13:34:54,663:INFO: [TRAIN] Step: 116 ; Loss: 36.881 ; Acc: 26.887
2018-09-19 13:34:54,749:INFO: [TRAIN] Step: 117 ; Loss: 41.871 ; Acc: 26.977
2018-09-19 13:34:54,856:INFO: [TRAIN] Step: 118 ; Loss: 42.360 ; Acc: 27.101
2018-09-19 13:34:54,941:INFO: [TRAIN] Step: 119 ; Loss: 42.500 ; Acc: 27.187
2018-09-19 13:34:55,026:INFO: [TRAIN] Step: 120 ; Loss: 40.406 ; Acc: 27.135
2018-09-19 13:34:55,113:INFO: [TRAIN] Step: 121 ; Loss: 39.605 ; Acc: 27.254
2018-09-19 13:34:55,192:INFO: [TRAIN] Step: 122 ; Loss: 39.103 ; Acc: 27.236
2018-09-19 13:34:55,282:INFO: [TRAIN] Step: 123 ; Loss: 38.871 ; Acc: 27.285
2018-09-19 13:34:55,362:INFO: [TRAIN] Step: 124 ; Loss: 41.047 ; Acc: 27.333
2018-09-19 13:34:55,447:INFO: [TRAIN] Step: 125 ; Loss: 39.638 ; Acc: 27.282
2018-09-19 13:34:55,528:INFO: [TRAIN] Step: 126 ; Loss: 37.308 ; Acc: 27.297
2018-09-19 13:34:55,613:INFO: [TRAIN] Step: 127 ; Loss: 39.928 ; Acc: 27.279
2018-09-19 13:34:55,693:INFO: [TRAIN] Step: 128 ; Loss: 40.336 ; Acc: 27.358
2018-09-19 13:34:55,779:INFO: [TRAIN] Step: 129 ; Loss: 36.773 ; Acc: 27.340
2018-09-19 13:34:55,860:INFO: [TRAIN] Step: 130 ; Loss: 40.840 ; Acc: 27.385
2018-09-19 13:34:55,949:INFO: [TRAIN] Step: 131 ; Loss: 39.392 ; Acc: 27.336
2018-09-19 13:34:56,028:INFO: [TRAIN] Step: 132 ; Loss: 40.330 ; Acc: 27.318
2018-09-19 13:34:56,115:INFO: [TRAIN] Step: 133 ; Loss: 43.436 ; Acc: 27.394
2018-09-19 13:34:56,194:INFO: [TRAIN] Step: 134 ; Loss: 39.001 ; Acc: 27.407
2018-09-19 13:34:56,280:INFO: [TRAIN] Step: 135 ; Loss: 42.227 ; Acc: 27.328
2018-09-19 13:34:56,358:INFO: [TRAIN] Step: 136 ; Loss: 38.627 ; Acc: 27.342
2018-09-19 13:34:56,445:INFO: [TRAIN] Step: 137 ; Loss: 39.006 ; Acc: 27.325
2018-09-19 13:34:56,525:INFO: [TRAIN] Step: 138 ; Loss: 38.461 ; Acc: 27.308
2018-09-19 13:34:56,611:INFO: [TRAIN] Step: 139 ; Loss: 38.457 ; Acc: 27.173
2018-09-19 13:34:56,690:INFO: [TRAIN] Step: 140 ; Loss: 35.618 ; Acc: 27.069
2018-09-19 13:34:56,775:INFO: [TRAIN] Step: 141 ; Loss: 41.687 ; Acc: 27.142
2018-09-19 13:34:56,856:INFO: [TRAIN] Step: 142 ; Loss: 41.216 ; Acc: 27.127
2018-09-19 13:34:56,944:INFO: [TRAIN] Step: 143 ; Loss: 40.256 ; Acc: 27.083
2018-09-19 13:34:57,024:INFO: [TRAIN] Step: 144 ; Loss: 45.138 ; Acc: 27.184
2018-09-19 13:34:57,111:INFO: [TRAIN] Step: 145 ; Loss: 37.446 ; Acc: 27.169
2018-09-19 13:34:57,191:INFO: [TRAIN] Step: 146 ; Loss: 39.902 ; Acc: 27.126
2018-09-19 13:34:57,277:INFO: [TRAIN] Step: 147 ; Loss: 41.472 ; Acc: 27.111
2018-09-19 13:34:57,356:INFO: [TRAIN] Step: 148 ; Loss: 36.083 ; Acc: 27.069
2018-09-19 13:34:57,442:INFO: [TRAIN] Step: 149 ; Loss: 40.231 ; Acc: 27.028
2018-09-19 13:34:57,522:INFO: [TRAIN] Step: 150 ; Loss: 37.059 ; Acc: 27.014
2018-09-19 13:34:57,608:INFO: [TRAIN] Step: 151 ; Loss: 42.603 ; Acc: 27.029
2018-09-19 13:34:57,687:INFO: [TRAIN] Step: 152 ; Loss: 37.621 ; Acc: 26.961
2018-09-19 13:34:57,773:INFO: [TRAIN] Step: 153 ; Loss: 37.047 ; Acc: 26.894
2018-09-19 13:34:57,853:INFO: [TRAIN] Step: 154 ; Loss: 44.691 ; Acc: 27.016
2018-09-19 13:34:57,940:INFO: [TRAIN] Step: 155 ; Loss: 41.700 ; Acc: 27.030
2018-09-19 13:34:58,021:INFO: [TRAIN] Step: 156 ; Loss: 40.278 ; Acc: 26.990
2018-09-19 13:34:58,124:INFO: [TRAIN] Step: 157 ; Loss: 37.989 ; Acc: 27.004
2018-09-19 13:34:58,207:INFO: [TRAIN] Step: 158 ; Loss: 37.095 ; Acc: 27.018
2018-09-19 13:34:58,298:INFO: [TRAIN] Step: 159 ; Loss: 38.331 ; Acc: 27.083
2018-09-19 13:34:58,378:INFO: [TRAIN] Step: 160 ; Loss: 45.659 ; Acc: 27.226
2018-09-19 13:34:58,463:INFO: [TRAIN] Step: 161 ; Loss: 35.102 ; Acc: 27.238
2018-09-19 13:34:58,541:INFO: [TRAIN] Step: 162 ; Loss: 37.013 ; Acc: 27.301
2018-09-19 13:34:58,626:INFO: [TRAIN] Step: 163 ; Loss: 39.619 ; Acc: 27.236
2018-09-19 13:34:58,704:INFO: [TRAIN] Step: 164 ; Loss: 34.038 ; Acc: 27.146
2018-09-19 13:34:58,791:INFO: [TRAIN] Step: 165 ; Loss: 39.532 ; Acc: 27.083
2018-09-19 13:34:58,869:INFO: [TRAIN] Step: 166 ; Loss: 37.586 ; Acc: 26.946
2018-09-19 13:34:58,959:INFO: [TRAIN] Step: 167 ; Loss: 38.008 ; Acc: 26.860
2018-09-19 13:34:59,042:INFO: [TRAIN] Step: 168 ; Loss: 38.979 ; Acc: 26.874
2018-09-19 13:34:59,128:INFO: [TRAIN] Step: 169 ; Loss: 39.780 ; Acc: 26.961
2018-09-19 13:34:59,205:INFO: [TRAIN] Step: 170 ; Loss: 38.623 ; Acc: 26.998
2018-09-19 13:34:59,290:INFO: [TRAIN] Step: 171 ; Loss: 40.748 ; Acc: 26.962
2018-09-19 13:34:59,369:INFO: [TRAIN] Step: 172 ; Loss: 37.366 ; Acc: 26.855
2018-09-19 13:34:59,457:INFO: [TRAIN] Step: 173 ; Loss: 33.969 ; Acc: 26.772
2018-09-19 13:34:59,536:INFO: [TRAIN] Step: 174 ; Loss: 40.670 ; Acc: 26.786
2018-09-19 13:34:59,623:INFO: [TRAIN] Step: 175 ; Loss: 39.737 ; Acc: 26.799
2018-09-19 13:34:59,701:INFO: [TRAIN] Step: 176 ; Loss: 38.784 ; Acc: 26.742
2018-09-19 13:34:59,789:INFO: [TRAIN] Step: 177 ; Loss: 40.500 ; Acc: 26.756
2018-09-19 13:34:59,868:INFO: [TRAIN] Step: 178 ; Loss: 40.795 ; Acc: 26.769
2018-09-19 13:34:59,955:INFO: [TRAIN] Step: 179 ; Loss: 39.397 ; Acc: 26.852
2018-09-19 13:35:00,036:INFO: [TRAIN] Step: 180 ; Loss: 39.423 ; Acc: 26.888
2018-09-19 13:35:00,119:INFO: [TRAIN] Step: 181 ; Loss: 37.345 ; Acc: 26.923
2018-09-19 13:35:00,198:INFO: [TRAIN] Step: 182 ; Loss: 36.297 ; Acc: 26.958
2018-09-19 13:35:00,284:INFO: [TRAIN] Step: 183 ; Loss: 40.891 ; Acc: 26.993
2018-09-19 13:35:00,362:INFO: [TRAIN] Step: 184 ; Loss: 39.600 ; Acc: 26.937
2018-09-19 13:35:00,448:INFO: [TRAIN] Step: 185 ; Loss: 41.912 ; Acc: 27.016
2018-09-19 13:35:00,529:INFO: [TRAIN] Step: 186 ; Loss: 35.674 ; Acc: 26.961
2018-09-19 13:35:00,615:INFO: [TRAIN] Step: 187 ; Loss: 39.933 ; Acc: 26.973
2018-09-19 13:35:00,697:INFO: [TRAIN] Step: 188 ; Loss: 40.005 ; Acc: 27.006
2018-09-19 13:35:00,783:INFO: [TRAIN] Step: 189 ; Loss: 40.583 ; Acc: 26.996
2018-09-19 13:35:00,863:INFO: [TRAIN] Step: 190 ; Loss: 37.401 ; Acc: 26.963
2018-09-19 13:35:00,952:INFO: [TRAIN] Step: 191 ; Loss: 38.608 ; Acc: 26.953
2018-09-19 13:35:01,031:INFO: [TRAIN] Step: 192 ; Loss: 36.404 ; Acc: 26.986
2018-09-19 13:35:01,116:INFO: [TRAIN] Step: 193 ; Loss: 39.004 ; Acc: 26.976
2018-09-19 13:35:01,195:INFO: [TRAIN] Step: 194 ; Loss: 37.982 ; Acc: 26.944
2018-09-19 13:35:01,281:INFO: [TRAIN] Step: 195 ; Loss: 41.805 ; Acc: 26.998
2018-09-19 13:35:01,361:INFO: [TRAIN] Step: 196 ; Loss: 43.230 ; Acc: 26.904
2018-09-19 13:35:01,450:INFO: [TRAIN] Step: 197 ; Loss: 35.930 ; Acc: 26.957
2018-09-19 13:35:01,529:INFO: [TRAIN] Step: 198 ; Loss: 39.593 ; Acc: 27.010
2018-09-19 13:35:01,617:INFO: [TRAIN] Step: 199 ; Loss: 35.680 ; Acc: 26.958
2018-09-19 13:35:01,698:INFO: [TRAIN] Step: 200 ; Loss: 39.109 ; Acc: 26.907
2018-09-19 13:35:01,788:INFO: [TRAIN] Step: 201 ; Loss: 39.981 ; Acc: 26.939
2018-09-19 13:35:01,866:INFO: [TRAIN] Step: 202 ; Loss: 40.479 ; Acc: 26.950
2018-09-19 13:35:01,954:INFO: [TRAIN] Step: 203 ; Loss: 40.198 ; Acc: 27.002
2018-09-19 13:35:02,033:INFO: [TRAIN] Step: 204 ; Loss: 39.800 ; Acc: 27.012
2018-09-19 13:35:02,135:INFO: [TRAIN] Step: 205 ; Loss: 36.105 ; Acc: 26.942
2018-09-19 13:35:02,213:INFO: [TRAIN] Step: 206 ; Loss: 40.457 ; Acc: 26.892
2018-09-19 13:35:02,303:INFO: [TRAIN] Step: 207 ; Loss: 37.536 ; Acc: 26.863
2018-09-19 13:35:02,382:INFO: [TRAIN] Step: 208 ; Loss: 37.984 ; Acc: 26.874
2018-09-19 13:35:02,467:INFO: [TRAIN] Step: 209 ; Loss: 37.905 ; Acc: 26.825
2018-09-19 13:35:02,547:INFO: [TRAIN] Step: 210 ; Loss: 41.020 ; Acc: 26.896
2018-09-19 13:35:02,634:INFO: [TRAIN] Step: 211 ; Loss: 35.024 ; Acc: 26.847
2018-09-19 13:35:02,712:INFO: [TRAIN] Step: 212 ; Loss: 43.062 ; Acc: 26.858
2018-09-19 13:35:02,797:INFO: [TRAIN] Step: 213 ; Loss: 38.071 ; Acc: 26.811
2018-09-19 13:35:02,878:INFO: [TRAIN] Step: 214 ; Loss: 38.642 ; Acc: 26.802
2018-09-19 13:35:02,966:INFO: [TRAIN] Step: 215 ; Loss: 39.005 ; Acc: 26.794
2018-09-19 13:35:03,049:INFO: [TRAIN] Step: 216 ; Loss: 36.070 ; Acc: 26.728
2018-09-19 13:35:03,137:INFO: [TRAIN] Step: 217 ; Loss: 41.308 ; Acc: 26.797
2018-09-19 13:35:03,217:INFO: [TRAIN] Step: 218 ; Loss: 38.417 ; Acc: 26.826
2018-09-19 13:35:03,302:INFO: [TRAIN] Step: 219 ; Loss: 41.405 ; Acc: 26.856
2018-09-19 13:35:03,380:INFO: [TRAIN] Step: 220 ; Loss: 38.440 ; Acc: 26.848
2018-09-19 13:35:03,466:INFO: [TRAIN] Step: 221 ; Loss: 35.894 ; Acc: 26.802
2018-09-19 13:35:03,545:INFO: [TRAIN] Step: 222 ; Loss: 38.576 ; Acc: 26.850
2018-09-19 13:35:03,628:INFO: [TRAIN] Step: 223 ; Loss: 40.109 ; Acc: 26.897
2018-09-19 13:35:03,707:INFO: [TRAIN] Step: 224 ; Loss: 38.679 ; Acc: 26.907
2018-09-19 13:35:03,792:INFO: [TRAIN] Step: 225 ; Loss: 37.222 ; Acc: 26.899
2018-09-19 13:35:03,873:INFO: [TRAIN] Step: 226 ; Loss: 36.543 ; Acc: 26.872
2018-09-19 13:35:03,959:INFO: [TRAIN] Step: 227 ; Loss: 39.338 ; Acc: 26.864
2018-09-19 13:35:04,041:INFO: [TRAIN] Step: 228 ; Loss: 34.432 ; Acc: 26.874
2018-09-19 13:35:04,127:INFO: [TRAIN] Step: 229 ; Loss: 39.513 ; Acc: 26.902
2018-09-19 13:35:04,208:INFO: [TRAIN] Step: 230 ; Loss: 43.510 ; Acc: 26.930
2018-09-19 13:35:04,293:INFO: [TRAIN] Step: 231 ; Loss: 40.254 ; Acc: 26.922
2018-09-19 13:35:04,373:INFO: [TRAIN] Step: 232 ; Loss: 39.355 ; Acc: 26.860
2018-09-19 13:35:04,458:INFO: [TRAIN] Step: 233 ; Loss: 42.500 ; Acc: 26.905
2018-09-19 13:35:04,538:INFO: [TRAIN] Step: 234 ; Loss: 45.346 ; Acc: 27.021
2018-09-19 13:35:04,624:INFO: [TRAIN] Step: 235 ; Loss: 33.132 ; Acc: 26.995
2018-09-19 13:35:04,705:INFO: [TRAIN] Step: 236 ; Loss: 37.327 ; Acc: 26.987
2018-09-19 13:35:04,790:INFO: [TRAIN] Step: 237 ; Loss: 39.457 ; Acc: 27.031
2018-09-19 13:35:04,871:INFO: [TRAIN] Step: 238 ; Loss: 42.058 ; Acc: 27.092
2018-09-19 13:35:04,958:INFO: [TRAIN] Step: 239 ; Loss: 42.997 ; Acc: 27.101
2018-09-19 13:35:05,038:INFO: [TRAIN] Step: 240 ; Loss: 36.343 ; Acc: 27.006
2018-09-19 13:35:05,122:INFO: [TRAIN] Step: 241 ; Loss: 38.998 ; Acc: 26.997
2018-09-19 13:35:05,201:INFO: [TRAIN] Step: 242 ; Loss: 41.711 ; Acc: 27.006
2018-09-19 13:35:05,288:INFO: [TRAIN] Step: 243 ; Loss: 39.290 ; Acc: 27.015
2018-09-19 13:35:05,367:INFO: [TRAIN] Step: 244 ; Loss: 36.620 ; Acc: 27.041
2018-09-19 13:35:05,455:INFO: [TRAIN] Step: 245 ; Loss: 37.480 ; Acc: 27.016
2018-09-19 13:35:05,534:INFO: [TRAIN] Step: 246 ; Loss: 39.707 ; Acc: 27.024
2018-09-19 13:35:05,622:INFO: [TRAIN] Step: 247 ; Loss: 39.087 ; Acc: 27.033
2018-09-19 13:35:05,702:INFO: [TRAIN] Step: 248 ; Loss: 40.832 ; Acc: 27.075
2018-09-19 13:35:05,788:INFO: [TRAIN] Step: 249 ; Loss: 35.765 ; Acc: 27.017
2018-09-19 13:35:05,870:INFO: [TRAIN] Step: 250 ; Loss: 38.360 ; Acc: 26.992
2018-09-19 13:35:05,960:INFO: [TRAIN] Step: 251 ; Loss: 35.697 ; Acc: 27.034
2018-09-19 13:35:06,038:INFO: [TRAIN] Step: 252 ; Loss: 37.846 ; Acc: 27.026
2018-09-19 13:35:06,123:INFO: [TRAIN] Step: 253 ; Loss: 39.946 ; Acc: 27.051
2018-09-19 13:35:06,203:INFO: [TRAIN] Step: 254 ; Loss: 39.921 ; Acc: 27.075
2018-09-19 13:35:06,287:INFO: [TRAIN] Step: 255 ; Loss: 35.477 ; Acc: 27.067
2018-09-19 13:35:06,367:INFO: [TRAIN] Step: 256 ; Loss: 40.694 ; Acc: 27.059
2018-09-19 13:35:06,453:INFO: [TRAIN] Step: 257 ; Loss: 38.533 ; Acc: 27.051
2018-09-19 13:35:06,533:INFO: [TRAIN] Step: 258 ; Loss: 34.912 ; Acc: 26.995
2018-09-19 13:35:06,618:INFO: [TRAIN] Step: 259 ; Loss: 35.511 ; Acc: 26.971
2018-09-19 13:35:06,697:INFO: [TRAIN] Step: 260 ; Loss: 40.377 ; Acc: 26.980
2018-09-19 13:35:06,783:INFO: [TRAIN] Step: 261 ; Loss: 37.312 ; Acc: 26.988
2018-09-19 13:35:06,864:INFO: [TRAIN] Step: 262 ; Loss: 41.533 ; Acc: 26.980
2018-09-19 13:35:06,953:INFO: [TRAIN] Step: 263 ; Loss: 40.952 ; Acc: 26.941
2018-09-19 13:35:07,032:INFO: [TRAIN] Step: 264 ; Loss: 39.289 ; Acc: 26.950
2018-09-19 13:35:07,120:INFO: [TRAIN] Step: 265 ; Loss: 40.791 ; Acc: 26.989
2018-09-19 13:35:07,200:INFO: [TRAIN] Step: 266 ; Loss: 39.582 ; Acc: 26.982
2018-09-19 13:35:07,285:INFO: [TRAIN] Step: 267 ; Loss: 39.642 ; Acc: 26.990
2018-09-19 13:35:07,363:INFO: [TRAIN] Step: 268 ; Loss: 39.759 ; Acc: 26.998
2018-09-19 13:35:07,449:INFO: [TRAIN] Step: 269 ; Loss: 40.849 ; Acc: 26.991
2018-09-19 13:35:07,535:INFO: [TRAIN] Step: 270 ; Loss: 39.307 ; Acc: 27.076
2018-09-19 13:35:07,621:INFO: [TRAIN] Step: 271 ; Loss: 39.071 ; Acc: 27.114
2018-09-19 13:35:07,701:INFO: [TRAIN] Step: 272 ; Loss: 37.911 ; Acc: 27.091
2018-09-19 13:35:07,786:INFO: [TRAIN] Step: 273 ; Loss: 38.446 ; Acc: 27.099
2018-09-19 13:35:07,867:INFO: [TRAIN] Step: 274 ; Loss: 37.448 ; Acc: 27.061
2018-09-19 13:35:07,959:INFO: [TRAIN] Step: 275 ; Loss: 38.496 ; Acc: 27.083
2018-09-19 13:35:08,044:INFO: [TRAIN] Step: 276 ; Loss: 36.788 ; Acc: 27.061
2018-09-19 13:35:08,130:INFO: [TRAIN] Step: 277 ; Loss: 40.338 ; Acc: 27.038
2018-09-19 13:35:08,207:INFO: [TRAIN] Step: 278 ; Loss: 36.962 ; Acc: 27.001
2018-09-19 13:35:08,298:INFO: [TRAIN] Step: 279 ; Loss: 35.337 ; Acc: 26.979
2018-09-19 13:35:08,378:INFO: [TRAIN] Step: 280 ; Loss: 41.384 ; Acc: 27.002
2018-09-19 13:35:08,464:INFO: [TRAIN] Step: 281 ; Loss: 38.933 ; Acc: 26.995
2018-09-19 13:35:08,545:INFO: [TRAIN] Step: 282 ; Loss: 35.965 ; Acc: 26.943
2018-09-19 13:35:08,631:INFO: [TRAIN] Step: 283 ; Loss: 40.190 ; Acc: 26.878
2018-09-19 13:35:08,711:INFO: [TRAIN] Step: 284 ; Loss: 42.303 ; Acc: 26.915
2018-09-19 13:35:08,797:INFO: [TRAIN] Step: 285 ; Loss: 37.180 ; Acc: 26.923
2018-09-19 13:35:08,876:INFO: [TRAIN] Step: 286 ; Loss: 36.854 ; Acc: 26.902
2018-09-19 13:35:08,962:INFO: [TRAIN] Step: 287 ; Loss: 37.420 ; Acc: 26.837
2018-09-19 13:35:09,042:INFO: [TRAIN] Step: 288 ; Loss: 37.215 ; Acc: 26.788
2018-09-19 13:35:09,131:INFO: [TRAIN] Step: 289 ; Loss: 37.251 ; Acc: 26.753
2018-09-19 13:35:09,212:INFO: [TRAIN] Step: 290 ; Loss: 40.723 ; Acc: 26.761
2018-09-19 13:35:09,297:INFO: [TRAIN] Step: 291 ; Loss: 37.634 ; Acc: 26.769
2018-09-19 13:35:09,377:INFO: [TRAIN] Step: 292 ; Loss: 35.381 ; Acc: 26.692
2018-09-19 13:35:09,463:INFO: [TRAIN] Step: 293 ; Loss: 37.205 ; Acc: 26.658
2018-09-19 13:35:09,542:INFO: [TRAIN] Step: 294 ; Loss: 38.584 ; Acc: 26.653
2018-09-19 13:35:09,628:INFO: [TRAIN] Step: 295 ; Loss: 40.004 ; Acc: 26.675
2018-09-19 13:35:09,708:INFO: [TRAIN] Step: 296 ; Loss: 41.447 ; Acc: 26.641
2018-09-19 13:35:09,794:INFO: [TRAIN] Step: 297 ; Loss: 42.396 ; Acc: 26.650
2018-09-19 13:35:09,874:INFO: [TRAIN] Step: 298 ; Loss: 39.815 ; Acc: 26.630
2018-09-19 13:35:09,960:INFO: [TRAIN] Step: 299 ; Loss: 38.342 ; Acc: 26.653
2018-09-19 13:35:10,038:INFO: [TRAIN] Step: 300 ; Loss: 38.065 ; Acc: 26.717
2018-09-19 13:35:10,125:INFO: [TRAIN] Step: 301 ; Loss: 35.116 ; Acc: 26.669
2018-09-19 13:35:10,205:INFO: [TRAIN] Step: 302 ; Loss: 38.929 ; Acc: 26.705
2018-09-19 13:35:10,291:INFO: [TRAIN] Step: 303 ; Loss: 39.434 ; Acc: 26.672
2018-09-19 13:35:10,373:INFO: [TRAIN] Step: 304 ; Loss: 38.121 ; Acc: 26.680
2018-09-19 13:35:10,463:INFO: [TRAIN] Step: 305 ; Loss: 38.600 ; Acc: 26.675
2018-09-19 13:35:10,556:INFO: [TRAIN] Step: 306 ; Loss: 37.802 ; Acc: 26.656
2018-09-19 13:35:10,643:INFO: [TRAIN] Step: 307 ; Loss: 38.750 ; Acc: 26.610
2018-09-19 13:35:10,724:INFO: [TRAIN] Step: 308 ; Loss: 41.019 ; Acc: 26.591
2018-09-19 13:35:10,810:INFO: [TRAIN] Step: 309 ; Loss: 43.742 ; Acc: 26.613
2018-09-19 13:35:10,893:INFO: [TRAIN] Step: 310 ; Loss: 37.950 ; Acc: 26.594
2018-09-19 13:35:10,980:INFO: [TRAIN] Step: 311 ; Loss: 37.916 ; Acc: 26.616
2018-09-19 13:35:11,058:INFO: [TRAIN] Step: 312 ; Loss: 38.649 ; Acc: 26.624
2018-09-19 13:35:11,144:INFO: [TRAIN] Step: 313 ; Loss: 36.534 ; Acc: 26.592
2018-09-19 13:35:11,224:INFO: [TRAIN] Step: 314 ; Loss: 41.320 ; Acc: 26.601
2018-09-19 13:35:11,309:INFO: [TRAIN] Step: 315 ; Loss: 40.215 ; Acc: 26.661
2018-09-19 13:35:11,389:INFO: [TRAIN] Step: 316 ; Loss: 38.334 ; Acc: 26.682
2018-09-19 13:35:11,479:INFO: [TRAIN] Step: 317 ; Loss: 37.029 ; Acc: 26.625
2018-09-19 13:35:11,559:INFO: [TRAIN] Step: 318 ; Loss: 36.700 ; Acc: 26.594
2018-09-19 13:35:11,645:INFO: [TRAIN] Step: 319 ; Loss: 37.800 ; Acc: 26.576
2018-09-19 13:35:11,723:INFO: [TRAIN] Step: 320 ; Loss: 39.392 ; Acc: 26.571
2018-09-19 13:35:11,811:INFO: [TRAIN] Step: 321 ; Loss: 39.234 ; Acc: 26.579
2018-09-19 13:35:11,890:INFO: [TRAIN] Step: 322 ; Loss: 35.554 ; Acc: 26.548
2018-09-19 13:35:11,976:INFO: [TRAIN] Step: 323 ; Loss: 36.251 ; Acc: 26.492
2018-09-19 13:35:12,054:INFO: [TRAIN] Step: 324 ; Loss: 40.292 ; Acc: 26.500
2018-09-19 13:35:12,141:INFO: [TRAIN] Step: 325 ; Loss: 41.180 ; Acc: 26.483
2018-09-19 13:35:12,221:INFO: [TRAIN] Step: 326 ; Loss: 41.665 ; Acc: 26.453
2018-09-19 13:35:12,308:INFO: [TRAIN] Step: 327 ; Loss: 39.006 ; Acc: 26.486
2018-09-19 13:35:12,386:INFO: [TRAIN] Step: 328 ; Loss: 35.536 ; Acc: 26.482
2018-09-19 13:35:12,472:INFO: [TRAIN] Step: 329 ; Loss: 36.913 ; Acc: 26.414
2018-09-19 13:35:12,553:INFO: [TRAIN] Step: 330 ; Loss: 39.805 ; Acc: 26.385
2018-09-19 13:35:12,641:INFO: [TRAIN] Step: 331 ; Loss: 39.325 ; Acc: 26.406
2018-09-19 13:35:12,720:INFO: [TRAIN] Step: 332 ; Loss: 40.384 ; Acc: 26.414
2018-09-19 13:35:12,805:INFO: [TRAIN] Step: 333 ; Loss: 40.675 ; Acc: 26.410
2018-09-19 13:35:12,886:INFO: [TRAIN] Step: 334 ; Loss: 36.109 ; Acc: 26.405
2018-09-19 13:35:12,973:INFO: [TRAIN] Step: 335 ; Loss: 36.885 ; Acc: 26.414
2018-09-19 13:35:13,055:INFO: [TRAIN] Step: 336 ; Loss: 40.730 ; Acc: 26.397
2018-09-19 13:35:13,141:INFO: [TRAIN] Step: 337 ; Loss: 41.641 ; Acc: 26.405
2018-09-19 13:35:13,219:INFO: [TRAIN] Step: 338 ; Loss: 41.863 ; Acc: 26.401
2018-09-19 13:35:13,305:INFO: [TRAIN] Step: 339 ; Loss: 39.025 ; Acc: 26.397
2018-09-19 13:35:13,384:INFO: [TRAIN] Step: 340 ; Loss: 39.615 ; Acc: 26.393
2018-09-19 13:35:13,474:INFO: [TRAIN] Step: 341 ; Loss: 38.965 ; Acc: 26.377
2018-09-19 13:35:13,553:INFO: [TRAIN] Step: 342 ; Loss: 39.376 ; Acc: 26.397
2018-09-19 13:35:13,637:INFO: [TRAIN] Step: 343 ; Loss: 37.885 ; Acc: 26.441
2018-09-19 13:35:13,719:INFO: [TRAIN] Step: 344 ; Loss: 36.720 ; Acc: 26.437
2018-09-19 13:35:13,809:INFO: [TRAIN] Step: 345 ; Loss: 37.419 ; Acc: 26.457
2018-09-19 13:35:13,888:INFO: [TRAIN] Step: 346 ; Loss: 38.526 ; Acc: 26.441
2018-09-19 13:35:13,973:INFO: [TRAIN] Step: 347 ; Loss: 39.289 ; Acc: 26.401
2018-09-19 13:35:14,053:INFO: [TRAIN] Step: 348 ; Loss: 38.775 ; Acc: 26.397
2018-09-19 13:35:14,138:INFO: [TRAIN] Step: 349 ; Loss: 39.192 ; Acc: 26.381
2018-09-19 13:35:14,218:INFO: [TRAIN] Step: 350 ; Loss: 37.634 ; Acc: 26.389
2018-09-19 13:35:14,302:INFO: [TRAIN] Step: 351 ; Loss: 38.697 ; Acc: 26.361
2018-09-19 13:35:14,381:INFO: [TRAIN] Step: 352 ; Loss: 40.501 ; Acc: 26.381
2018-09-19 13:35:14,465:INFO: [TRAIN] Step: 353 ; Loss: 40.454 ; Acc: 26.389
2018-09-19 13:35:14,547:INFO: [TRAIN] Step: 354 ; Loss: 39.801 ; Acc: 26.408
2018-09-19 13:35:14,635:INFO: [TRAIN] Step: 355 ; Loss: 38.314 ; Acc: 26.440
2018-09-19 13:35:14,715:INFO: [TRAIN] Step: 356 ; Loss: 40.447 ; Acc: 26.424
2018-09-19 13:35:14,801:INFO: [TRAIN] Step: 357 ; Loss: 35.898 ; Acc: 26.397
2018-09-19 13:35:14,881:INFO: [TRAIN] Step: 358 ; Loss: 37.782 ; Acc: 26.393
2018-09-19 13:35:14,968:INFO: [TRAIN] Step: 359 ; Loss: 34.267 ; Acc: 26.389
2018-09-19 13:35:15,047:INFO: [TRAIN] Step: 360 ; Loss: 36.791 ; Acc: 26.385
2018-09-19 13:35:15,132:INFO: [TRAIN] Step: 361 ; Loss: 38.724 ; Acc: 26.381
2018-09-19 13:35:15,213:INFO: [TRAIN] Step: 362 ; Loss: 39.739 ; Acc: 26.389
2018-09-19 13:35:15,298:INFO: [TRAIN] Step: 363 ; Loss: 40.057 ; Acc: 26.385
2018-09-19 13:35:15,379:INFO: [TRAIN] Step: 364 ; Loss: 39.604 ; Acc: 26.381
2018-09-19 13:35:15,465:INFO: [TRAIN] Step: 365 ; Loss: 40.568 ; Acc: 26.412
2018-09-19 13:35:15,545:INFO: [TRAIN] Step: 366 ; Loss: 41.343 ; Acc: 26.385
2018-09-19 13:35:15,631:INFO: [TRAIN] Step: 367 ; Loss: 36.759 ; Acc: 26.370
2018-09-19 13:35:15,711:INFO: [TRAIN] Step: 368 ; Loss: 39.276 ; Acc: 26.378
2018-09-19 13:35:15,797:INFO: [TRAIN] Step: 369 ; Loss: 38.000 ; Acc: 26.396
2018-09-19 13:35:15,879:INFO: [TRAIN] Step: 370 ; Loss: 38.056 ; Acc: 26.381
2018-09-19 13:35:15,968:INFO: [TRAIN] Step: 371 ; Loss: 36.307 ; Acc: 26.400
2018-09-19 13:35:16,046:INFO: [TRAIN] Step: 372 ; Loss: 40.918 ; Acc: 26.419
2018-09-19 13:35:16,134:INFO: [TRAIN] Step: 373 ; Loss: 37.112 ; Acc: 26.404
2018-09-19 13:35:16,214:INFO: [TRAIN] Step: 374 ; Loss: 39.974 ; Acc: 26.400
2018-09-19 13:35:16,299:INFO: [TRAIN] Step: 375 ; Loss: 38.683 ; Acc: 26.363
2018-09-19 13:35:16,378:INFO: [TRAIN] Step: 376 ; Loss: 35.153 ; Acc: 26.348
2018-09-19 13:35:16,464:INFO: [TRAIN] Step: 377 ; Loss: 40.321 ; Acc: 26.323
2018-09-19 13:35:16,544:INFO: [TRAIN] Step: 378 ; Loss: 37.992 ; Acc: 26.319
2018-09-19 13:35:16,630:INFO: [TRAIN] Step: 379 ; Loss: 41.246 ; Acc: 26.338
2018-09-19 13:35:16,709:INFO: [TRAIN] Step: 380 ; Loss: 40.196 ; Acc: 26.356
2018-09-19 13:35:16,794:INFO: [TRAIN] Step: 381 ; Loss: 40.788 ; Acc: 26.353
2018-09-19 13:35:16,873:INFO: [TRAIN] Step: 382 ; Loss: 35.198 ; Acc: 26.327
2018-09-19 13:35:16,959:INFO: [TRAIN] Step: 383 ; Loss: 37.707 ; Acc: 26.313
2018-09-19 13:35:17,039:INFO: [TRAIN] Step: 384 ; Loss: 39.247 ; Acc: 26.310
2018-09-19 13:35:17,127:INFO: [TRAIN] Step: 385 ; Loss: 40.004 ; Acc: 26.317
2018-09-19 13:35:17,205:INFO: [TRAIN] Step: 386 ; Loss: 39.478 ; Acc: 26.314
2018-09-19 13:35:17,291:INFO: [TRAIN] Step: 387 ; Loss: 37.306 ; Acc: 26.289
2018-09-19 13:35:17,370:INFO: [TRAIN] Step: 388 ; Loss: 39.789 ; Acc: 26.328
2018-09-19 13:35:17,455:INFO: [TRAIN] Step: 389 ; Loss: 39.436 ; Acc: 26.335
2018-09-19 13:35:17,534:INFO: [TRAIN] Step: 390 ; Loss: 42.800 ; Acc: 26.385
2018-09-19 13:35:17,623:INFO: [TRAIN] Step: 391 ; Loss: 38.223 ; Acc: 26.403
2018-09-19 13:35:17,710:INFO: [TRAIN] Step: 392 ; Loss: 39.200 ; Acc: 26.378
2018-09-19 13:35:17,797:INFO: [TRAIN] Step: 393 ; Loss: 41.882 ; Acc: 26.375
2018-09-19 13:35:17,877:INFO: [TRAIN] Step: 394 ; Loss: 38.450 ; Acc: 26.361
2018-09-19 13:35:17,962:INFO: [TRAIN] Step: 395 ; Loss: 38.480 ; Acc: 26.357
2018-09-19 13:35:18,042:INFO: [TRAIN] Step: 396 ; Loss: 37.016 ; Acc: 26.354
2018-09-19 13:35:18,129:INFO: [TRAIN] Step: 397 ; Loss: 39.985 ; Acc: 26.392
2018-09-19 13:35:18,209:INFO: [TRAIN] Step: 398 ; Loss: 37.416 ; Acc: 26.399
2018-09-19 13:35:18,298:INFO: [TRAIN] Step: 399 ; Loss: 37.304 ; Acc: 26.427
2018-09-19 13:35:18,375:INFO: [TRAIN] Step: 400 ; Loss: 40.337 ; Acc: 26.444
2018-09-19 13:35:18,462:INFO: [TRAIN] Step: 401 ; Loss: 37.193 ; Acc: 26.420
2018-09-19 13:35:18,541:INFO: [TRAIN] Step: 402 ; Loss: 39.925 ; Acc: 26.437
2018-09-19 13:35:18,628:INFO: [TRAIN] Step: 403 ; Loss: 38.395 ; Acc: 26.465
2018-09-19 13:35:18,707:INFO: [TRAIN] Step: 404 ; Loss: 38.701 ; Acc: 26.440
2018-09-19 13:35:18,792:INFO: [TRAIN] Step: 405 ; Loss: 38.441 ; Acc: 26.457
2018-09-19 13:35:18,872:INFO: [TRAIN] Step: 406 ; Loss: 37.544 ; Acc: 26.474
2018-09-19 13:35:18,960:INFO: [TRAIN] Step: 407 ; Loss: 39.111 ; Acc: 26.481
2018-09-19 13:35:19,039:INFO: [TRAIN] Step: 408 ; Loss: 40.600 ; Acc: 26.498
2018-09-19 13:35:19,125:INFO: [TRAIN] Step: 409 ; Loss: 41.456 ; Acc: 26.535
2018-09-19 13:35:19,205:INFO: [TRAIN] Step: 410 ; Loss: 36.154 ; Acc: 26.500
2018-09-19 13:35:19,290:INFO: [TRAIN] Step: 411 ; Loss: 41.426 ; Acc: 26.487
2018-09-19 13:35:19,370:INFO: [TRAIN] Step: 412 ; Loss: 40.382 ; Acc: 26.503
2018-09-19 13:35:19,457:INFO: [TRAIN] Step: 413 ; Loss: 36.743 ; Acc: 26.490
2018-09-19 13:35:19,537:INFO: [TRAIN] Step: 414 ; Loss: 40.355 ; Acc: 26.506
2018-09-19 13:35:19,623:INFO: [TRAIN] Step: 415 ; Loss: 37.868 ; Acc: 26.502
2018-09-19 13:35:19,702:INFO: [TRAIN] Step: 416 ; Loss: 38.602 ; Acc: 26.499
2018-09-19 13:35:19,787:INFO: [TRAIN] Step: 417 ; Loss: 38.607 ; Acc: 26.455
2018-09-19 13:35:19,866:INFO: [TRAIN] Step: 418 ; Loss: 41.042 ; Acc: 26.472
2018-09-19 13:35:19,951:INFO: [TRAIN] Step: 419 ; Loss: 35.215 ; Acc: 26.458
2018-09-19 13:35:20,031:INFO: [TRAIN] Step: 420 ; Loss: 37.726 ; Acc: 26.455
2018-09-19 13:35:20,118:INFO: [TRAIN] Step: 421 ; Loss: 37.047 ; Acc: 26.432
2018-09-19 13:35:20,198:INFO: [TRAIN] Step: 422 ; Loss: 39.668 ; Acc: 26.409
2018-09-19 13:35:20,285:INFO: [TRAIN] Step: 423 ; Loss: 39.438 ; Acc: 26.474
2018-09-19 13:35:20,364:INFO: [TRAIN] Step: 424 ; Loss: 38.553 ; Acc: 26.480
2018-09-19 13:35:20,452:INFO: [TRAIN] Step: 425 ; Loss: 41.086 ; Acc: 26.506
2018-09-19 13:35:20,530:INFO: [TRAIN] Step: 426 ; Loss: 39.889 ; Acc: 26.522
2018-09-19 13:35:20,616:INFO: [TRAIN] Step: 427 ; Loss: 37.391 ; Acc: 26.509
2018-09-19 13:35:20,696:INFO: [TRAIN] Step: 428 ; Loss: 37.979 ; Acc: 26.505
2018-09-19 13:35:20,783:INFO: [TRAIN] Step: 429 ; Loss: 36.777 ; Acc: 26.512
2018-09-19 13:35:20,862:INFO: [TRAIN] Step: 430 ; Loss: 37.756 ; Acc: 26.508
2018-09-19 13:35:20,948:INFO: [TRAIN] Step: 431 ; Loss: 39.285 ; Acc: 26.495
2018-09-19 13:35:21,031:INFO: [TRAIN] Step: 432 ; Loss: 39.987 ; Acc: 26.472
2018-09-19 13:35:21,117:INFO: [TRAIN] Step: 433 ; Loss: 40.666 ; Acc: 26.450
2018-09-19 13:35:21,196:INFO: [TRAIN] Step: 434 ; Loss: 34.936 ; Acc: 26.446
2018-09-19 13:35:21,284:INFO: [TRAIN] Step: 435 ; Loss: 38.195 ; Acc: 26.433
2018-09-19 13:35:21,364:INFO: [TRAIN] Step: 436 ; Loss: 34.800 ; Acc: 26.421
2018-09-19 13:35:21,453:INFO: [TRAIN] Step: 437 ; Loss: 39.649 ; Acc: 26.455
2018-09-19 13:35:21,531:INFO: [TRAIN] Step: 438 ; Loss: 35.965 ; Acc: 26.462
2018-09-19 13:35:21,615:INFO: [TRAIN] Step: 439 ; Loss: 36.709 ; Acc: 26.468
2018-09-19 13:35:21,694:INFO: [TRAIN] Step: 440 ; Loss: 39.676 ; Acc: 26.455
2018-09-19 13:35:21,782:INFO: [TRAIN] Step: 441 ; Loss: 40.288 ; Acc: 26.489
2018-09-19 13:35:21,861:INFO: [TRAIN] Step: 442 ; Loss: 38.562 ; Acc: 26.495
2018-09-19 13:35:21,948:INFO: [TRAIN] Step: 443 ; Loss: 38.970 ; Acc: 26.492
2018-09-19 13:35:22,026:INFO: [TRAIN] Step: 444 ; Loss: 40.547 ; Acc: 26.479
2018-09-19 13:35:22,114:INFO: [TRAIN] Step: 445 ; Loss: 37.770 ; Acc: 26.448
2018-09-19 13:35:22,193:INFO: [TRAIN] Step: 446 ; Loss: 39.671 ; Acc: 26.482
2018-09-19 13:35:22,281:INFO: [TRAIN] Step: 447 ; Loss: 40.889 ; Acc: 26.488
2018-09-19 13:35:22,360:INFO: [TRAIN] Step: 448 ; Loss: 37.304 ; Acc: 26.448
2018-09-19 13:35:22,448:INFO: [TRAIN] Step: 449 ; Loss: 38.102 ; Acc: 26.463
2018-09-19 13:35:22,528:INFO: [TRAIN] Step: 450 ; Loss: 36.789 ; Acc: 26.478
2018-09-19 13:35:22,614:INFO: [TRAIN] Step: 451 ; Loss: 36.933 ; Acc: 26.475
2018-09-19 13:35:22,695:INFO: [TRAIN] Step: 452 ; Loss: 35.626 ; Acc: 26.472
2018-09-19 13:35:22,781:INFO: [TRAIN] Step: 453 ; Loss: 38.514 ; Acc: 26.487
2018-09-19 13:35:22,859:INFO: [TRAIN] Step: 454 ; Loss: 39.510 ; Acc: 26.493
2018-09-19 13:35:22,945:INFO: [TRAIN] Step: 455 ; Loss: 42.942 ; Acc: 26.526
2018-09-19 13:35:23,024:INFO: [TRAIN] Step: 456 ; Loss: 38.129 ; Acc: 26.532
2018-09-19 13:35:23,115:INFO: [TRAIN] Step: 457 ; Loss: 40.023 ; Acc: 26.556
2018-09-19 13:35:23,195:INFO: [TRAIN] Step: 458 ; Loss: 39.273 ; Acc: 26.561
2018-09-19 13:35:23,280:INFO: [TRAIN] Step: 459 ; Loss: 36.722 ; Acc: 26.549
2018-09-19 13:35:23,359:INFO: [TRAIN] Step: 460 ; Loss: 40.149 ; Acc: 26.555
2018-09-19 13:35:23,445:INFO: [TRAIN] Step: 461 ; Loss: 39.951 ; Acc: 26.551
2018-09-19 13:35:23,524:INFO: [TRAIN] Step: 462 ; Loss: 38.089 ; Acc: 26.521
2018-09-19 13:35:23,610:INFO: [TRAIN] Step: 463 ; Loss: 40.650 ; Acc: 26.509
2018-09-19 13:35:23,690:INFO: [TRAIN] Step: 464 ; Loss: 38.312 ; Acc: 26.505
2018-09-19 13:35:23,777:INFO: [TRAIN] Step: 465 ; Loss: 34.996 ; Acc: 26.520
2018-09-19 13:35:23,856:INFO: [TRAIN] Step: 466 ; Loss: 39.988 ; Acc: 26.499
2018-09-19 13:35:23,942:INFO: [TRAIN] Step: 467 ; Loss: 37.700 ; Acc: 26.505
2018-09-19 13:35:24,022:INFO: [TRAIN] Step: 468 ; Loss: 37.975 ; Acc: 26.528
2018-09-19 13:35:24,110:INFO: [TRAIN] Step: 469 ; Loss: 40.222 ; Acc: 26.543
2018-09-19 13:35:24,189:INFO: [TRAIN] Step: 470 ; Loss: 35.461 ; Acc: 26.495
2018-09-19 13:35:24,275:INFO: [TRAIN] Step: 471 ; Loss: 34.203 ; Acc: 26.510
2018-09-19 13:35:24,355:INFO: [TRAIN] Step: 472 ; Loss: 34.685 ; Acc: 26.471
2018-09-19 13:35:24,442:INFO: [TRAIN] Step: 473 ; Loss: 37.202 ; Acc: 26.450
2018-09-19 13:35:24,521:INFO: [TRAIN] Step: 474 ; Loss: 39.121 ; Acc: 26.430
2018-09-19 13:35:24,608:INFO: [TRAIN] Step: 475 ; Loss: 44.137 ; Acc: 26.453
2018-09-19 13:35:24,689:INFO: [TRAIN] Step: 476 ; Loss: 41.052 ; Acc: 26.433
2018-09-19 13:35:24,785:INFO: [TRAIN] Step: 477 ; Loss: 36.170 ; Acc: 26.412
2018-09-19 13:35:24,865:INFO: [TRAIN] Step: 478 ; Loss: 37.788 ; Acc: 26.427
2018-09-19 13:35:24,950:INFO: [TRAIN] Step: 479 ; Loss: 38.602 ; Acc: 26.424
2018-09-19 13:35:25,031:INFO: [TRAIN] Step: 480 ; Loss: 41.862 ; Acc: 26.455
2018-09-19 13:35:25,115:INFO: [TRAIN] Step: 481 ; Loss: 39.611 ; Acc: 26.418
2018-09-19 13:35:25,193:INFO: [TRAIN] Step: 482 ; Loss: 39.209 ; Acc: 26.398
2018-09-19 13:35:25,279:INFO: [TRAIN] Step: 483 ; Loss: 35.989 ; Acc: 26.386
2018-09-19 13:35:25,360:INFO: [TRAIN] Step: 484 ; Loss: 36.906 ; Acc: 26.366
2018-09-19 13:35:25,445:INFO: [TRAIN] Step: 485 ; Loss: 33.971 ; Acc: 26.380
2018-09-19 13:35:25,526:INFO: [TRAIN] Step: 486 ; Loss: 35.149 ; Acc: 26.352
2018-09-19 13:35:25,610:INFO: [TRAIN] Step: 487 ; Loss: 37.038 ; Acc: 26.332
2018-09-19 13:35:25,690:INFO: [TRAIN] Step: 488 ; Loss: 38.409 ; Acc: 26.338
2018-09-19 13:35:25,776:INFO: [TRAIN] Step: 489 ; Loss: 36.820 ; Acc: 26.335
2018-09-19 13:35:25,856:INFO: [TRAIN] Step: 490 ; Loss: 37.714 ; Acc: 26.315
2018-09-19 13:35:25,945:INFO: [TRAIN] Step: 491 ; Loss: 39.689 ; Acc: 26.304
2018-09-19 13:35:26,022:INFO: [TRAIN] Step: 492 ; Loss: 37.029 ; Acc: 26.302
2018-09-19 13:35:26,108:INFO: [TRAIN] Step: 493 ; Loss: 41.546 ; Acc: 26.274
2018-09-19 13:35:26,188:INFO: [TRAIN] Step: 494 ; Loss: 37.992 ; Acc: 26.288
2018-09-19 13:35:26,275:INFO: [TRAIN] Step: 495 ; Loss: 38.636 ; Acc: 26.302
2018-09-19 13:35:26,354:INFO: [TRAIN] Step: 496 ; Loss: 37.072 ; Acc: 26.266
2018-09-19 13:35:26,440:INFO: [TRAIN] Step: 497 ; Loss: 38.195 ; Acc: 26.272
2018-09-19 13:35:26,520:INFO: [TRAIN] Step: 498 ; Loss: 41.062 ; Acc: 26.278
2018-09-19 13:35:26,607:INFO: [TRAIN] Step: 499 ; Loss: 38.380 ; Acc: 26.292
2018-09-19 13:35:26,686:INFO: [TRAIN] Step: 500 ; Loss: 38.544 ; Acc: 26.297
2018-09-19 13:35:26,774:INFO: [TRAIN] Step: 501 ; Loss: 38.826 ; Acc: 26.287
2018-09-19 13:35:26,853:INFO: [TRAIN] Step: 502 ; Loss: 38.696 ; Acc: 26.292
2018-09-19 13:35:26,938:INFO: [TRAIN] Step: 503 ; Loss: 35.319 ; Acc: 26.298
2018-09-19 13:35:27,018:INFO: [TRAIN] Step: 504 ; Loss: 37.384 ; Acc: 26.304
2018-09-19 13:35:27,105:INFO: [TRAIN] Step: 505 ; Loss: 33.877 ; Acc: 26.301
2018-09-19 13:35:27,186:INFO: [TRAIN] Step: 506 ; Loss: 40.895 ; Acc: 26.307
2018-09-19 13:35:27,272:INFO: [TRAIN] Step: 507 ; Loss: 39.898 ; Acc: 26.296
2018-09-19 13:35:27,350:INFO: [TRAIN] Step: 508 ; Loss: 39.040 ; Acc: 26.310
2018-09-19 13:35:27,439:INFO: [TRAIN] Step: 509 ; Loss: 38.565 ; Acc: 26.340
2018-09-19 13:35:27,518:INFO: [TRAIN] Step: 510 ; Loss: 36.311 ; Acc: 26.345
2018-09-19 13:35:27,605:INFO: [TRAIN] Step: 511 ; Loss: 39.481 ; Acc: 26.343
2018-09-19 13:35:27,685:INFO: [TRAIN] Step: 512 ; Loss: 36.650 ; Acc: 26.340
2018-09-19 13:35:27,783:INFO: [TRAIN] Step: 513 ; Loss: 41.058 ; Acc: 26.329
2018-09-19 13:35:27,867:INFO: [TRAIN] Step: 514 ; Loss: 32.497 ; Acc: 26.303
2018-09-19 13:35:27,955:INFO: [TRAIN] Step: 515 ; Loss: 40.559 ; Acc: 26.324
2018-09-19 13:35:28,037:INFO: [TRAIN] Step: 516 ; Loss: 40.579 ; Acc: 26.346
2018-09-19 13:35:28,122:INFO: [TRAIN] Step: 517 ; Loss: 40.471 ; Acc: 26.319
2018-09-19 13:35:28,200:INFO: [TRAIN] Step: 518 ; Loss: 34.455 ; Acc: 26.301
2018-09-19 13:35:28,286:INFO: [TRAIN] Step: 519 ; Loss: 39.147 ; Acc: 26.306
2018-09-19 13:35:28,368:INFO: [TRAIN] Step: 520 ; Loss: 38.971 ; Acc: 26.320
2018-09-19 13:35:28,455:INFO: [TRAIN] Step: 521 ; Loss: 38.486 ; Acc: 26.349
2018-09-19 13:35:28,533:INFO: [TRAIN] Step: 522 ; Loss: 39.353 ; Acc: 26.330
2018-09-19 13:35:28,619:INFO: [TRAIN] Step: 523 ; Loss: 39.820 ; Acc: 26.336
2018-09-19 13:35:28,704:INFO: [TRAIN] Step: 524 ; Loss: 39.141 ; Acc: 26.349
2018-09-19 13:35:28,790:INFO: [TRAIN] Step: 525 ; Loss: 35.470 ; Acc: 26.378
2018-09-19 13:35:28,870:INFO: [TRAIN] Step: 526 ; Loss: 38.681 ; Acc: 26.384
2018-09-19 13:35:28,958:INFO: [TRAIN] Step: 527 ; Loss: 36.020 ; Acc: 26.373
2018-09-19 13:35:29,034:INFO: [TRAIN] Step: 528 ; Loss: 39.210 ; Acc: 26.378
2018-09-19 13:35:29,119:INFO: [TRAIN] Step: 529 ; Loss: 36.233 ; Acc: 26.392
2018-09-19 13:35:29,200:INFO: [TRAIN] Step: 530 ; Loss: 37.694 ; Acc: 26.381
2018-09-19 13:35:29,284:INFO: [TRAIN] Step: 531 ; Loss: 35.834 ; Acc: 26.394
2018-09-19 13:35:29,364:INFO: [TRAIN] Step: 532 ; Loss: 38.571 ; Acc: 26.384
2018-09-19 13:35:29,449:INFO: [TRAIN] Step: 533 ; Loss: 37.063 ; Acc: 26.373
2018-09-19 13:35:29,531:INFO: [TRAIN] Step: 534 ; Loss: 38.783 ; Acc: 26.347
2018-09-19 13:35:29,619:INFO: [TRAIN] Step: 535 ; Loss: 35.313 ; Acc: 26.337
2018-09-19 13:35:29,698:INFO: [TRAIN] Step: 536 ; Loss: 39.575 ; Acc: 26.342
2018-09-19 13:35:29,785:INFO: [TRAIN] Step: 537 ; Loss: 39.602 ; Acc: 26.340
2018-09-19 13:35:29,866:INFO: [TRAIN] Step: 538 ; Loss: 40.441 ; Acc: 26.353
2018-09-19 13:35:29,951:INFO: [TRAIN] Step: 539 ; Loss: 37.721 ; Acc: 26.343
2018-09-19 13:35:30,030:INFO: [TRAIN] Step: 540 ; Loss: 38.359 ; Acc: 26.348
2018-09-19 13:35:30,118:INFO: [TRAIN] Step: 541 ; Loss: 37.882 ; Acc: 26.376
2018-09-19 13:35:30,199:INFO: [TRAIN] Step: 542 ; Loss: 34.435 ; Acc: 26.343
2018-09-19 13:35:30,288:INFO: [TRAIN] Step: 543 ; Loss: 36.854 ; Acc: 26.325
2018-09-19 13:35:30,366:INFO: [TRAIN] Step: 544 ; Loss: 39.303 ; Acc: 26.369
2018-09-19 13:35:30,453:INFO: [TRAIN] Step: 545 ; Loss: 38.850 ; Acc: 26.358
2018-09-19 13:35:30,529:INFO: [TRAIN] Step: 546 ; Loss: 38.921 ; Acc: 26.363
2018-09-19 13:35:30,616:INFO: [TRAIN] Step: 547 ; Loss: 41.103 ; Acc: 26.353
2018-09-19 13:35:30,693:INFO: [TRAIN] Step: 548 ; Loss: 38.864 ; Acc: 26.336
2018-09-19 13:35:30,780:INFO: [TRAIN] Step: 549 ; Loss: 37.267 ; Acc: 26.311
2018-09-19 13:35:30,859:INFO: [TRAIN] Step: 550 ; Loss: 37.415 ; Acc: 26.308
2018-09-19 13:35:30,949:INFO: [TRAIN] Step: 551 ; Loss: 36.066 ; Acc: 26.313
2018-09-19 13:35:31,028:INFO: [TRAIN] Step: 552 ; Loss: 38.573 ; Acc: 26.296
2018-09-19 13:35:31,115:INFO: [TRAIN] Step: 553 ; Loss: 39.807 ; Acc: 26.294
2018-09-19 13:35:31,193:INFO: [TRAIN] Step: 554 ; Loss: 35.365 ; Acc: 26.306
2018-09-19 13:35:31,279:INFO: [TRAIN] Step: 555 ; Loss: 38.717 ; Acc: 26.296
2018-09-19 13:35:31,360:INFO: [TRAIN] Step: 556 ; Loss: 42.360 ; Acc: 26.287
2018-09-19 13:35:31,447:INFO: [TRAIN] Step: 557 ; Loss: 36.714 ; Acc: 26.277
2018-09-19 13:35:31,526:INFO: [TRAIN] Step: 558 ; Loss: 41.197 ; Acc: 26.282
2018-09-19 13:35:31,612:INFO: [TRAIN] Step: 559 ; Loss: 36.300 ; Acc: 26.287
2018-09-19 13:35:31,691:INFO: [TRAIN] Step: 560 ; Loss: 34.955 ; Acc: 26.270
2018-09-19 13:35:31,779:INFO: [TRAIN] Step: 561 ; Loss: 38.449 ; Acc: 26.290
2018-09-19 13:35:31,857:INFO: [TRAIN] Step: 562 ; Loss: 36.945 ; Acc: 26.288
2018-09-19 13:35:31,944:INFO: [TRAIN] Step: 563 ; Loss: 37.941 ; Acc: 26.300
2018-09-19 13:35:32,022:INFO: [TRAIN] Step: 564 ; Loss: 34.324 ; Acc: 26.283
2018-09-19 13:35:32,109:INFO: [TRAIN] Step: 565 ; Loss: 40.487 ; Acc: 26.296
2018-09-19 13:35:32,188:INFO: [TRAIN] Step: 566 ; Loss: 40.111 ; Acc: 26.308
2018-09-19 13:35:32,273:INFO: [TRAIN] Step: 567 ; Loss: 33.086 ; Acc: 26.291
2018-09-19 13:35:32,354:INFO: [TRAIN] Step: 568 ; Loss: 41.635 ; Acc: 26.281
2018-09-19 13:35:32,441:INFO: [TRAIN] Step: 569 ; Loss: 40.290 ; Acc: 26.301
2018-09-19 13:35:32,520:INFO: [TRAIN] Step: 570 ; Loss: 40.751 ; Acc: 26.328
2018-09-19 13:35:32,607:INFO: [TRAIN] Step: 571 ; Loss: 38.402 ; Acc: 26.362
2018-09-19 13:35:32,687:INFO: [TRAIN] Step: 572 ; Loss: 36.550 ; Acc: 26.389
2018-09-19 13:35:32,775:INFO: [TRAIN] Step: 573 ; Loss: 32.603 ; Acc: 26.386
2018-09-19 13:35:32,855:INFO: [TRAIN] Step: 574 ; Loss: 38.825 ; Acc: 26.406
2018-09-19 13:35:32,940:INFO: [TRAIN] Step: 575 ; Loss: 39.739 ; Acc: 26.425
2018-09-19 13:35:33,021:INFO: [TRAIN] Step: 576 ; Loss: 35.329 ; Acc: 26.437
2018-09-19 13:35:33,106:INFO: [TRAIN] Step: 577 ; Loss: 38.635 ; Acc: 26.449
2018-09-19 13:35:33,185:INFO: [TRAIN] Step: 578 ; Loss: 37.215 ; Acc: 26.432
2018-09-19 13:35:33,272:INFO: [TRAIN] Step: 579 ; Loss: 36.531 ; Acc: 26.415
2018-09-19 13:35:33,353:INFO: [TRAIN] Step: 580 ; Loss: 38.420 ; Acc: 26.413
2018-09-19 13:35:33,438:INFO: [TRAIN] Step: 581 ; Loss: 33.715 ; Acc: 26.403
2018-09-19 13:35:33,517:INFO: [TRAIN] Step: 582 ; Loss: 36.445 ; Acc: 26.394
2018-09-19 13:35:33,605:INFO: [TRAIN] Step: 583 ; Loss: 36.788 ; Acc: 26.384
2018-09-19 13:35:33,685:INFO: [TRAIN] Step: 584 ; Loss: 38.020 ; Acc: 26.382
2018-09-19 13:35:33,771:INFO: [TRAIN] Step: 585 ; Loss: 38.770 ; Acc: 26.422
2018-09-19 13:35:33,853:INFO: [TRAIN] Step: 586 ; Loss: 35.710 ; Acc: 26.420
2018-09-19 13:35:33,940:INFO: [TRAIN] Step: 587 ; Loss: 38.921 ; Acc: 26.438
2018-09-19 13:35:34,019:INFO: [TRAIN] Step: 588 ; Loss: 34.602 ; Acc: 26.457
2018-09-19 13:35:34,107:INFO: [TRAIN] Step: 589 ; Loss: 33.570 ; Acc: 26.462
2018-09-19 13:35:34,184:INFO: [TRAIN] Step: 590 ; Loss: 36.450 ; Acc: 26.452
2018-09-19 13:35:34,272:INFO: [TRAIN] Step: 591 ; Loss: 35.475 ; Acc: 26.457
2018-09-19 13:35:34,353:INFO: [TRAIN] Step: 592 ; Loss: 38.605 ; Acc: 26.476
2018-09-19 13:35:34,439:INFO: [TRAIN] Step: 593 ; Loss: 38.254 ; Acc: 26.494
2018-09-19 13:35:34,518:INFO: [TRAIN] Step: 594 ; Loss: 39.514 ; Acc: 26.513
2018-09-19 13:35:34,603:INFO: [TRAIN] Step: 595 ; Loss: 34.768 ; Acc: 26.503
2018-09-19 13:35:34,682:INFO: [TRAIN] Step: 596 ; Loss: 35.880 ; Acc: 26.528
2018-09-19 13:35:34,768:INFO: [TRAIN] Step: 597 ; Loss: 39.875 ; Acc: 26.526
2018-09-19 13:35:34,848:INFO: [TRAIN] Step: 598 ; Loss: 35.025 ; Acc: 26.503
2018-09-19 13:35:34,934:INFO: [TRAIN] Step: 599 ; Loss: 36.928 ; Acc: 26.486
2018-09-19 13:35:35,013:INFO: [TRAIN] Step: 600 ; Loss: 37.379 ; Acc: 26.491
2018-09-19 13:35:35,100:INFO: [TRAIN] Step: 601 ; Loss: 38.405 ; Acc: 26.502
2018-09-19 13:35:35,180:INFO: [TRAIN] Step: 602 ; Loss: 35.301 ; Acc: 26.493
2018-09-19 13:35:35,268:INFO: [TRAIN] Step: 603 ; Loss: 36.665 ; Acc: 26.490
2018-09-19 13:35:35,347:INFO: [TRAIN] Step: 604 ; Loss: 41.873 ; Acc: 26.481
2018-09-19 13:35:35,432:INFO: [TRAIN] Step: 605 ; Loss: 38.998 ; Acc: 26.471
2018-09-19 13:35:35,512:INFO: [TRAIN] Step: 606 ; Loss: 33.215 ; Acc: 26.442
2018-09-19 13:35:35,598:INFO: [TRAIN] Step: 607 ; Loss: 37.372 ; Acc: 26.432
2018-09-19 13:35:35,678:INFO: [TRAIN] Step: 608 ; Loss: 40.146 ; Acc: 26.444
2018-09-19 13:35:35,764:INFO: [TRAIN] Step: 609 ; Loss: 36.686 ; Acc: 26.434
2018-09-19 13:35:35,844:INFO: [TRAIN] Step: 610 ; Loss: 37.459 ; Acc: 26.453
2018-09-19 13:35:35,930:INFO: [TRAIN] Step: 611 ; Loss: 38.979 ; Acc: 26.430
2018-09-19 13:35:36,015:INFO: [TRAIN] Step: 612 ; Loss: 38.197 ; Acc: 26.427
2018-09-19 13:35:36,102:INFO: [TRAIN] Step: 613 ; Loss: 42.708 ; Acc: 26.459
2018-09-19 13:35:36,180:INFO: [TRAIN] Step: 614 ; Loss: 37.643 ; Acc: 26.443
2018-09-19 13:35:36,266:INFO: [TRAIN] Step: 615 ; Loss: 37.195 ; Acc: 26.461
2018-09-19 13:35:36,347:INFO: [TRAIN] Step: 616 ; Loss: 33.423 ; Acc: 26.438
2018-09-19 13:35:36,432:INFO: [TRAIN] Step: 617 ; Loss: 39.925 ; Acc: 26.443
2018-09-19 13:35:36,511:INFO: [TRAIN] Step: 618 ; Loss: 38.453 ; Acc: 26.447
2018-09-19 13:35:36,596:INFO: [TRAIN] Step: 619 ; Loss: 36.486 ; Acc: 26.445
2018-09-19 13:35:36,679:INFO: [TRAIN] Step: 620 ; Loss: 38.009 ; Acc: 26.456
2018-09-19 13:35:36,765:INFO: [TRAIN] Step: 621 ; Loss: 42.380 ; Acc: 26.427
2018-09-19 13:35:36,845:INFO: [TRAIN] Step: 622 ; Loss: 37.942 ; Acc: 26.445
2018-09-19 13:35:36,931:INFO: [TRAIN] Step: 623 ; Loss: 39.261 ; Acc: 26.449
2018-09-19 13:35:37,012:INFO: [TRAIN] Step: 624 ; Loss: 38.255 ; Acc: 26.460
2018-09-19 13:35:37,097:INFO: [TRAIN] Step: 625 ; Loss: 36.441 ; Acc: 26.484
2018-09-19 13:35:37,179:INFO: [TRAIN] Step: 626 ; Loss: 39.398 ; Acc: 26.495
2018-09-19 13:35:37,264:INFO: [TRAIN] Step: 627 ; Loss: 35.252 ; Acc: 26.506
2018-09-19 13:35:37,345:INFO: [TRAIN] Step: 628 ; Loss: 35.677 ; Acc: 26.490
2018-09-19 13:35:37,431:INFO: [TRAIN] Step: 629 ; Loss: 36.194 ; Acc: 26.475
2018-09-19 13:35:37,512:INFO: [TRAIN] Step: 630 ; Loss: 37.688 ; Acc: 26.479
2018-09-19 13:35:37,599:INFO: [TRAIN] Step: 631 ; Loss: 39.797 ; Acc: 26.483
2018-09-19 13:35:37,678:INFO: [TRAIN] Step: 632 ; Loss: 38.024 ; Acc: 26.468
2018-09-19 13:35:37,765:INFO: [TRAIN] Step: 633 ; Loss: 38.859 ; Acc: 26.459
2018-09-19 13:35:37,845:INFO: [TRAIN] Step: 634 ; Loss: 35.873 ; Acc: 26.437
2018-09-19 13:35:37,932:INFO: [TRAIN] Step: 635 ; Loss: 38.555 ; Acc: 26.428
2018-09-19 13:35:38,013:INFO: [TRAIN] Step: 636 ; Loss: 34.442 ; Acc: 26.446
2018-09-19 13:35:38,101:INFO: [TRAIN] Step: 637 ; Loss: 35.765 ; Acc: 26.430
2018-09-19 13:35:38,181:INFO: [TRAIN] Step: 638 ; Loss: 36.784 ; Acc: 26.448
2018-09-19 13:35:38,268:INFO: [TRAIN] Step: 639 ; Loss: 38.643 ; Acc: 26.478
2018-09-19 13:35:38,352:INFO: [TRAIN] Step: 640 ; Loss: 39.368 ; Acc: 26.469
2018-09-19 13:35:38,445:INFO: [TRAIN] Step: 641 ; Loss: 34.809 ; Acc: 26.454
2018-09-19 13:35:38,525:INFO: [TRAIN] Step: 642 ; Loss: 36.853 ; Acc: 26.464
2018-09-19 13:35:38,612:INFO: [TRAIN] Step: 643 ; Loss: 35.867 ; Acc: 26.456
2018-09-19 13:35:38,691:INFO: [TRAIN] Step: 644 ; Loss: 38.376 ; Acc: 26.473
2018-09-19 13:35:38,777:INFO: [TRAIN] Step: 645 ; Loss: 37.968 ; Acc: 26.458
2018-09-19 13:35:38,868:INFO: [TRAIN] Step: 646 ; Loss: 34.266 ; Acc: 26.462
2018-09-19 13:35:38,961:INFO: [TRAIN] Step: 647 ; Loss: 35.412 ; Acc: 26.466
2018-09-19 13:35:39,042:INFO: [TRAIN] Step: 648 ; Loss: 38.292 ; Acc: 26.477
2018-09-19 13:35:39,129:INFO: [TRAIN] Step: 649 ; Loss: 35.685 ; Acc: 26.468
2018-09-19 13:35:39,208:INFO: [TRAIN] Step: 650 ; Loss: 36.291 ; Acc: 26.466
2018-09-19 13:35:39,294:INFO: [TRAIN] Step: 651 ; Loss: 34.527 ; Acc: 26.470
2018-09-19 13:35:39,372:INFO: [TRAIN] Step: 652 ; Loss: 36.115 ; Acc: 26.448
2018-09-19 13:35:39,460:INFO: [TRAIN] Step: 653 ; Loss: 34.518 ; Acc: 26.427
2018-09-19 13:35:39,542:INFO: [TRAIN] Step: 654 ; Loss: 37.335 ; Acc: 26.425
2018-09-19 13:35:39,632:INFO: [TRAIN] Step: 655 ; Loss: 38.297 ; Acc: 26.435
2018-09-19 13:35:39,713:INFO: [TRAIN] Step: 656 ; Loss: 35.432 ; Acc: 26.433
2018-09-19 13:35:39,800:INFO: [TRAIN] Step: 657 ; Loss: 34.433 ; Acc: 26.437
2018-09-19 13:35:39,880:INFO: [TRAIN] Step: 658 ; Loss: 38.988 ; Acc: 26.429
2018-09-19 13:35:39,966:INFO: [TRAIN] Step: 659 ; Loss: 37.951 ; Acc: 26.439
2018-09-19 13:35:40,048:INFO: [TRAIN] Step: 660 ; Loss: 36.150 ; Acc: 26.450
2018-09-19 13:35:40,136:INFO: [TRAIN] Step: 661 ; Loss: 38.557 ; Acc: 26.479
2018-09-19 13:35:40,218:INFO: [TRAIN] Step: 662 ; Loss: 36.248 ; Acc: 26.471
2018-09-19 13:35:40,304:INFO: [TRAIN] Step: 663 ; Loss: 36.008 ; Acc: 26.481
2018-09-19 13:35:40,385:INFO: [TRAIN] Step: 664 ; Loss: 38.985 ; Acc: 26.485
2018-09-19 13:35:40,471:INFO: [TRAIN] Step: 665 ; Loss: 36.909 ; Acc: 26.458
2018-09-19 13:35:40,551:INFO: [TRAIN] Step: 666 ; Loss: 40.543 ; Acc: 26.468
2018-09-19 13:35:40,638:INFO: [TRAIN] Step: 667 ; Loss: 37.932 ; Acc: 26.460
2018-09-19 13:35:40,718:INFO: [TRAIN] Step: 668 ; Loss: 34.858 ; Acc: 26.445
2018-09-19 13:35:40,806:INFO: [TRAIN] Step: 669 ; Loss: 38.330 ; Acc: 26.430
2018-09-19 13:35:40,886:INFO: [TRAIN] Step: 670 ; Loss: 37.762 ; Acc: 26.447
2018-09-19 13:35:40,973:INFO: [TRAIN] Step: 671 ; Loss: 37.463 ; Acc: 26.445
2018-09-19 13:35:41,053:INFO: [TRAIN] Step: 672 ; Loss: 37.402 ; Acc: 26.418
2018-09-19 13:35:41,138:INFO: [TRAIN] Step: 673 ; Loss: 35.603 ; Acc: 26.397
2018-09-19 13:35:41,219:INFO: [TRAIN] Step: 674 ; Loss: 39.361 ; Acc: 26.389
2018-09-19 13:35:41,306:INFO: [TRAIN] Step: 675 ; Loss: 35.184 ; Acc: 26.368
2018-09-19 13:35:41,387:INFO: [TRAIN] Step: 676 ; Loss: 34.849 ; Acc: 26.379
2018-09-19 13:35:41,474:INFO: [TRAIN] Step: 677 ; Loss: 38.164 ; Acc: 26.377
2018-09-19 13:35:41,553:INFO: [TRAIN] Step: 678 ; Loss: 37.526 ; Acc: 26.368
2018-09-19 13:35:41,640:INFO: [TRAIN] Step: 679 ; Loss: 38.287 ; Acc: 26.366
2018-09-19 13:35:41,718:INFO: [TRAIN] Step: 680 ; Loss: 38.977 ; Acc: 26.383
2018-09-19 13:35:41,805:INFO: [TRAIN] Step: 681 ; Loss: 37.827 ; Acc: 26.417
2018-09-19 13:35:41,885:INFO: [TRAIN] Step: 682 ; Loss: 36.310 ; Acc: 26.409
2018-09-19 13:35:41,971:INFO: [TRAIN] Step: 683 ; Loss: 37.448 ; Acc: 26.425
2018-09-19 13:35:42,052:INFO: [TRAIN] Step: 684 ; Loss: 36.319 ; Acc: 26.399
2018-09-19 13:35:42,138:INFO: [TRAIN] Step: 685 ; Loss: 39.660 ; Acc: 26.409
2018-09-19 13:35:42,217:INFO: [TRAIN] Step: 686 ; Loss: 38.233 ; Acc: 26.413
2018-09-19 13:35:42,302:INFO: [TRAIN] Step: 687 ; Loss: 35.016 ; Acc: 26.393
2018-09-19 13:35:42,382:INFO: [TRAIN] Step: 688 ; Loss: 34.284 ; Acc: 26.391
2018-09-19 13:35:42,469:INFO: [TRAIN] Step: 689 ; Loss: 36.632 ; Acc: 26.389
2018-09-19 13:35:42,548:INFO: [TRAIN] Step: 690 ; Loss: 34.517 ; Acc: 26.381
2018-09-19 13:35:42,634:INFO: [TRAIN] Step: 691 ; Loss: 40.322 ; Acc: 26.379
2018-09-19 13:35:42,713:INFO: [TRAIN] Step: 692 ; Loss: 34.191 ; Acc: 26.359
2018-09-19 13:35:42,800:INFO: [TRAIN] Step: 693 ; Loss: 34.424 ; Acc: 26.339
2018-09-19 13:35:42,879:INFO: [TRAIN] Step: 694 ; Loss: 35.859 ; Acc: 26.355
2018-09-19 13:35:42,966:INFO: [TRAIN] Step: 695 ; Loss: 37.557 ; Acc: 26.371
2018-09-19 13:35:43,046:INFO: [TRAIN] Step: 696 ; Loss: 35.321 ; Acc: 26.357
2018-09-19 13:35:43,134:INFO: [TRAIN] Step: 697 ; Loss: 36.020 ; Acc: 26.343
2018-09-19 13:35:43,216:INFO: [TRAIN] Step: 698 ; Loss: 36.465 ; Acc: 26.335
2018-09-19 13:35:43,302:INFO: [TRAIN] Step: 699 ; Loss: 36.355 ; Acc: 26.351
2018-09-19 13:35:43,382:INFO: [TRAIN] Step: 700 ; Loss: 39.583 ; Acc: 26.349
2018-09-19 13:35:43,469:INFO: [TRAIN] Step: 701 ; Loss: 36.187 ; Acc: 26.335
2018-09-19 13:35:43,551:INFO: [TRAIN] Step: 702 ; Loss: 38.558 ; Acc: 26.328
2018-09-19 13:35:43,639:INFO: [TRAIN] Step: 703 ; Loss: 36.334 ; Acc: 26.349
2018-09-19 13:35:43,721:INFO: [TRAIN] Step: 704 ; Loss: 34.286 ; Acc: 26.342
2018-09-19 13:35:43,810:INFO: [TRAIN] Step: 705 ; Loss: 37.583 ; Acc: 26.334
2018-09-19 13:35:43,890:INFO: [TRAIN] Step: 706 ; Loss: 35.259 ; Acc: 26.338
2018-09-19 13:35:43,977:INFO: [TRAIN] Step: 707 ; Loss: 38.394 ; Acc: 26.342
2018-09-19 13:35:44,060:INFO: [TRAIN] Step: 708 ; Loss: 38.233 ; Acc: 26.340
2018-09-19 13:35:44,147:INFO: [TRAIN] Step: 709 ; Loss: 39.598 ; Acc: 26.356
2018-09-19 13:35:44,228:INFO: [TRAIN] Step: 710 ; Loss: 38.647 ; Acc: 26.348
2018-09-19 13:35:44,317:INFO: [TRAIN] Step: 711 ; Loss: 36.849 ; Acc: 26.323
2018-09-19 13:35:44,396:INFO: [TRAIN] Step: 712 ; Loss: 38.912 ; Acc: 26.327
2018-09-19 13:35:44,485:INFO: [TRAIN] Step: 713 ; Loss: 37.609 ; Acc: 26.348
2018-09-19 13:35:44,565:INFO: [TRAIN] Step: 714 ; Loss: 35.507 ; Acc: 26.323
2018-09-19 13:35:44,650:INFO: [TRAIN] Step: 715 ; Loss: 39.350 ; Acc: 26.333
2018-09-19 13:35:44,730:INFO: [TRAIN] Step: 716 ; Loss: 32.242 ; Acc: 26.319
2018-09-19 13:35:44,818:INFO: [TRAIN] Step: 717 ; Loss: 35.986 ; Acc: 26.323
2018-09-19 13:35:44,897:INFO: [TRAIN] Step: 718 ; Loss: 37.534 ; Acc: 26.327
2018-09-19 13:35:44,986:INFO: [TRAIN] Step: 719 ; Loss: 36.139 ; Acc: 26.331
2018-09-19 13:35:45,067:INFO: [TRAIN] Step: 720 ; Loss: 37.429 ; Acc: 26.318
2018-09-19 13:35:45,153:INFO: [TRAIN] Step: 721 ; Loss: 39.551 ; Acc: 26.333
2018-09-19 13:35:45,236:INFO: [TRAIN] Step: 722 ; Loss: 36.301 ; Acc: 26.331
2018-09-19 13:35:45,324:INFO: [TRAIN] Step: 723 ; Loss: 38.230 ; Acc: 26.358
2018-09-19 13:35:45,406:INFO: [TRAIN] Step: 724 ; Loss: 35.497 ; Acc: 26.345
2018-09-19 13:35:45,493:INFO: [TRAIN] Step: 725 ; Loss: 40.086 ; Acc: 26.343
2018-09-19 13:35:45,576:INFO: [TRAIN] Step: 726 ; Loss: 35.657 ; Acc: 26.341
2018-09-19 13:35:45,663:INFO: [TRAIN] Step: 727 ; Loss: 35.534 ; Acc: 26.345
2018-09-19 13:35:45,744:INFO: [TRAIN] Step: 728 ; Loss: 35.350 ; Acc: 26.349
2018-09-19 13:35:45,831:INFO: [TRAIN] Step: 729 ; Loss: 40.196 ; Acc: 26.358
2018-09-19 13:35:45,912:INFO: [TRAIN] Step: 730 ; Loss: 36.930 ; Acc: 26.362
2018-09-19 13:35:45,999:INFO: [TRAIN] Step: 731 ; Loss: 35.853 ; Acc: 26.378
2018-09-19 13:35:46,078:INFO: [TRAIN] Step: 732 ; Loss: 36.163 ; Acc: 26.376
2018-09-19 13:35:46,163:INFO: [TRAIN] Step: 733 ; Loss: 32.809 ; Acc: 26.362
2018-09-19 13:35:46,243:INFO: [TRAIN] Step: 734 ; Loss: 38.193 ; Acc: 26.366
2018-09-19 13:35:46,330:INFO: [TRAIN] Step: 735 ; Loss: 34.351 ; Acc: 26.364
2018-09-19 13:35:46,412:INFO: [TRAIN] Step: 736 ; Loss: 36.946 ; Acc: 26.363
2018-09-19 13:35:46,501:INFO: [TRAIN] Step: 737 ; Loss: 38.173 ; Acc: 26.355
2018-09-19 13:35:46,581:INFO: [TRAIN] Step: 738 ; Loss: 37.292 ; Acc: 26.381
2018-09-19 13:35:46,669:INFO: [TRAIN] Step: 739 ; Loss: 38.440 ; Acc: 26.402
2018-09-19 13:35:46,750:INFO: [TRAIN] Step: 740 ; Loss: 37.292 ; Acc: 26.383
2018-09-19 13:35:46,837:INFO: [TRAIN] Step: 741 ; Loss: 37.440 ; Acc: 26.404
2018-09-19 13:35:46,916:INFO: [TRAIN] Step: 742 ; Loss: 34.736 ; Acc: 26.391
2018-09-19 13:35:47,003:INFO: [TRAIN] Step: 743 ; Loss: 38.022 ; Acc: 26.394
2018-09-19 13:35:47,084:INFO: [TRAIN] Step: 744 ; Loss: 36.734 ; Acc: 26.381
2018-09-19 13:35:47,172:INFO: [TRAIN] Step: 745 ; Loss: 34.348 ; Acc: 26.385
2018-09-19 13:35:47,252:INFO: [TRAIN] Step: 746 ; Loss: 39.259 ; Acc: 26.394
2018-09-19 13:35:47,338:INFO: [TRAIN] Step: 747 ; Loss: 36.325 ; Acc: 26.393
2018-09-19 13:35:47,419:INFO: [TRAIN] Step: 748 ; Loss: 36.315 ; Acc: 26.402
2018-09-19 13:35:47,508:INFO: [TRAIN] Step: 749 ; Loss: 39.942 ; Acc: 26.394
2018-09-19 13:35:47,588:INFO: [TRAIN] Step: 750 ; Loss: 36.125 ; Acc: 26.381
2018-09-19 13:35:47,683:INFO: [TRAIN] Step: 751 ; Loss: 36.007 ; Acc: 26.374
2018-09-19 13:35:47,770:INFO: [TRAIN] Step: 752 ; Loss: 36.609 ; Acc: 26.372
2018-09-19 13:35:47,858:INFO: [TRAIN] Step: 753 ; Loss: 36.077 ; Acc: 26.376
2018-09-19 13:35:47,939:INFO: [TRAIN] Step: 754 ; Loss: 37.116 ; Acc: 26.391
2018-09-19 13:35:48,027:INFO: [TRAIN] Step: 755 ; Loss: 35.148 ; Acc: 26.389
2018-09-19 13:35:48,108:INFO: [TRAIN] Step: 756 ; Loss: 35.774 ; Acc: 26.382
2018-09-19 13:35:48,195:INFO: [TRAIN] Step: 757 ; Loss: 37.050 ; Acc: 26.358
2018-09-19 13:35:48,276:INFO: [TRAIN] Step: 758 ; Loss: 35.157 ; Acc: 26.367
2018-09-19 13:35:48,363:INFO: [TRAIN] Step: 759 ; Loss: 35.928 ; Acc: 26.382
2018-09-19 13:35:48,450:INFO: [TRAIN] Step: 760 ; Loss: 36.127 ; Acc: 26.363
2018-09-19 13:35:48,536:INFO: [TRAIN] Step: 761 ; Loss: 36.099 ; Acc: 26.334
2018-09-19 13:35:48,618:INFO: [TRAIN] Step: 762 ; Loss: 33.960 ; Acc: 26.316
2018-09-19 13:35:48,706:INFO: [TRAIN] Step: 763 ; Loss: 34.762 ; Acc: 26.314
2018-09-19 13:35:48,785:INFO: [TRAIN] Step: 764 ; Loss: 32.563 ; Acc: 26.302
2018-09-19 13:35:48,875:INFO: [TRAIN] Step: 765 ; Loss: 37.360 ; Acc: 26.295
2018-09-19 13:35:48,955:INFO: [TRAIN] Step: 766 ; Loss: 33.350 ; Acc: 26.271
2018-09-19 13:35:49,044:INFO: [TRAIN] Step: 767 ; Loss: 36.755 ; Acc: 26.286
2018-09-19 13:35:49,126:INFO: [TRAIN] Step: 768 ; Loss: 36.504 ; Acc: 26.279
2018-09-19 13:35:49,215:INFO: [TRAIN] Step: 769 ; Loss: 36.901 ; Acc: 26.282
2018-09-19 13:35:49,295:INFO: [TRAIN] Step: 770 ; Loss: 36.972 ; Acc: 26.292
2018-09-19 13:35:49,384:INFO: [TRAIN] Step: 771 ; Loss: 36.130 ; Acc: 26.290
2018-09-19 13:35:49,466:INFO: [TRAIN] Step: 772 ; Loss: 34.914 ; Acc: 26.283
2018-09-19 13:35:49,552:INFO: [TRAIN] Step: 773 ; Loss: 32.028 ; Acc: 26.287
2018-09-19 13:35:49,633:INFO: [TRAIN] Step: 774 ; Loss: 34.732 ; Acc: 26.263
2018-09-19 13:35:49,719:INFO: [TRAIN] Step: 775 ; Loss: 39.867 ; Acc: 26.273
2018-09-19 13:35:49,800:INFO: [TRAIN] Step: 776 ; Loss: 35.720 ; Acc: 26.276
2018-09-19 13:35:49,888:INFO: [TRAIN] Step: 777 ; Loss: 38.366 ; Acc: 26.280
2018-09-19 13:35:49,971:INFO: [TRAIN] Step: 778 ; Loss: 33.856 ; Acc: 26.284
2018-09-19 13:35:50,060:INFO: [TRAIN] Step: 779 ; Loss: 36.824 ; Acc: 26.277
2018-09-19 13:35:50,141:INFO: [TRAIN] Step: 780 ; Loss: 35.166 ; Acc: 26.264
2018-09-19 13:35:50,232:INFO: [TRAIN] Step: 781 ; Loss: 34.628 ; Acc: 26.279
2018-09-19 13:35:50,317:INFO: [TRAIN] Step: 782 ; Loss: 37.337 ; Acc: 26.272
2018-09-19 13:35:50,404:INFO: [TRAIN] Step: 783 ; Loss: 36.910 ; Acc: 26.265
2018-09-19 13:35:50,486:INFO: [TRAIN] Step: 784 ; Loss: 35.400 ; Acc: 26.258
2018-09-19 13:35:50,573:INFO: [TRAIN] Step: 785 ; Loss: 37.308 ; Acc: 26.251
2018-09-19 13:35:50,657:INFO: [TRAIN] Step: 786 ; Loss: 37.626 ; Acc: 26.249
2018-09-19 13:35:50,745:INFO: [TRAIN] Step: 787 ; Loss: 36.727 ; Acc: 26.253
2018-09-19 13:35:50,827:INFO: [TRAIN] Step: 788 ; Loss: 34.566 ; Acc: 26.252
2018-09-19 13:35:50,916:INFO: [TRAIN] Step: 789 ; Loss: 34.797 ; Acc: 26.261
2018-09-19 13:35:50,995:INFO: [TRAIN] Step: 790 ; Loss: 34.511 ; Acc: 26.248
2018-09-19 13:35:51,086:INFO: [TRAIN] Step: 791 ; Loss: 41.108 ; Acc: 26.242
2018-09-19 13:35:51,167:INFO: [TRAIN] Step: 792 ; Loss: 38.322 ; Acc: 26.245
2018-09-19 13:35:51,255:INFO: [TRAIN] Step: 793 ; Loss: 34.453 ; Acc: 26.249
2018-09-19 13:35:51,337:INFO: [TRAIN] Step: 794 ; Loss: 38.143 ; Acc: 26.263
2018-09-19 13:35:51,424:INFO: [TRAIN] Step: 795 ; Loss: 34.427 ; Acc: 26.267
2018-09-19 13:35:51,506:INFO: [TRAIN] Step: 796 ; Loss: 38.585 ; Acc: 26.265
2018-09-19 13:35:51,596:INFO: [TRAIN] Step: 797 ; Loss: 35.715 ; Acc: 26.258
2018-09-19 13:35:51,678:INFO: [TRAIN] Step: 798 ; Loss: 34.298 ; Acc: 26.262
2018-09-19 13:35:51,766:INFO: [TRAIN] Step: 799 ; Loss: 34.313 ; Acc: 26.250
2018-09-19 13:35:51,847:INFO: [TRAIN] Step: 800 ; Loss: 35.193 ; Acc: 26.222
2018-09-19 13:35:51,936:INFO: [TRAIN] Step: 801 ; Loss: 35.070 ; Acc: 26.247
2018-09-19 13:35:52,016:INFO: [TRAIN] Step: 802 ; Loss: 32.447 ; Acc: 26.240
2018-09-19 13:35:52,108:INFO: [TRAIN] Step: 803 ; Loss: 35.498 ; Acc: 26.249
2018-09-19 13:35:52,191:INFO: [TRAIN] Step: 804 ; Loss: 36.085 ; Acc: 26.227
2018-09-19 13:35:52,280:INFO: [TRAIN] Step: 805 ; Loss: 38.817 ; Acc: 26.236
2018-09-19 13:35:52,362:INFO: [TRAIN] Step: 806 ; Loss: 38.960 ; Acc: 26.239
2018-09-19 13:35:52,458:INFO: [TRAIN] Step: 807 ; Loss: 32.147 ; Acc: 26.243
2018-09-19 13:35:52,541:INFO: [TRAIN] Step: 808 ; Loss: 35.960 ; Acc: 26.257
2018-09-19 13:35:52,631:INFO: [TRAIN] Step: 809 ; Loss: 37.715 ; Acc: 26.265
2018-09-19 13:35:52,715:INFO: [TRAIN] Step: 810 ; Loss: 36.135 ; Acc: 26.264
2018-09-19 13:35:52,805:INFO: [TRAIN] Step: 811 ; Loss: 34.777 ; Acc: 26.267
2018-09-19 13:35:52,889:INFO: [TRAIN] Step: 812 ; Loss: 36.464 ; Acc: 26.276
2018-09-19 13:35:52,980:INFO: [TRAIN] Step: 813 ; Loss: 35.571 ; Acc: 26.269
2018-09-19 13:35:53,063:INFO: [TRAIN] Step: 814 ; Loss: 34.757 ; Acc: 26.268
2018-09-19 13:35:53,155:INFO: [TRAIN] Step: 815 ; Loss: 34.874 ; Acc: 26.266
2018-09-19 13:35:53,240:INFO: [TRAIN] Step: 816 ; Loss: 36.729 ; Acc: 26.260
2018-09-19 13:35:53,330:INFO: [TRAIN] Step: 817 ; Loss: 40.125 ; Acc: 26.284
2018-09-19 13:35:53,413:INFO: [TRAIN] Step: 818 ; Loss: 34.523 ; Acc: 26.292
2018-09-19 13:35:53,500:INFO: [TRAIN] Step: 819 ; Loss: 38.979 ; Acc: 26.306
2018-09-19 13:35:53,586:INFO: [TRAIN] Step: 820 ; Loss: 38.243 ; Acc: 26.325
2018-09-19 13:35:53,678:INFO: [TRAIN] Step: 821 ; Loss: 37.336 ; Acc: 26.333
2018-09-19 13:35:53,761:INFO: [TRAIN] Step: 822 ; Loss: 36.080 ; Acc: 26.316
2018-09-19 13:35:53,848:INFO: [TRAIN] Step: 823 ; Loss: 36.946 ; Acc: 26.315
2018-09-19 13:35:53,932:INFO: [TRAIN] Step: 824 ; Loss: 37.754 ; Acc: 26.308
2018-09-19 13:35:54,022:INFO: [TRAIN] Step: 825 ; Loss: 38.727 ; Acc: 26.296
2018-09-19 13:35:54,103:INFO: [TRAIN] Step: 826 ; Loss: 35.307 ; Acc: 26.310
2018-09-19 13:35:54,191:INFO: [TRAIN] Step: 827 ; Loss: 33.216 ; Acc: 26.303
2018-09-19 13:35:54,272:INFO: [TRAIN] Step: 828 ; Loss: 34.890 ; Acc: 26.292
2018-09-19 13:35:54,362:INFO: [TRAIN] Step: 829 ; Loss: 37.779 ; Acc: 26.295
2018-09-19 13:35:54,446:INFO: [TRAIN] Step: 830 ; Loss: 34.940 ; Acc: 26.284
2018-09-19 13:35:54,538:INFO: [TRAIN] Step: 831 ; Loss: 36.094 ; Acc: 26.282
2018-09-19 13:35:54,621:INFO: [TRAIN] Step: 832 ; Loss: 34.626 ; Acc: 26.271
2018-09-19 13:35:54,711:INFO: [TRAIN] Step: 833 ; Loss: 35.817 ; Acc: 26.264
2018-09-19 13:35:54,794:INFO: [TRAIN] Step: 834 ; Loss: 34.734 ; Acc: 26.248
2018-09-19 13:35:54,882:INFO: [TRAIN] Step: 835 ; Loss: 39.278 ; Acc: 26.241
2018-09-19 13:35:54,966:INFO: [TRAIN] Step: 836 ; Loss: 35.110 ; Acc: 26.245
2018-09-19 13:35:55,056:INFO: [TRAIN] Step: 837 ; Loss: 34.441 ; Acc: 26.233
2018-09-19 13:35:55,138:INFO: [TRAIN] Step: 838 ; Loss: 39.566 ; Acc: 26.242
2018-09-19 13:35:55,227:INFO: [TRAIN] Step: 839 ; Loss: 37.012 ; Acc: 26.250
2018-09-19 13:35:55,310:INFO: [TRAIN] Step: 840 ; Loss: 36.397 ; Acc: 26.258
2018-09-19 13:35:55,400:INFO: [TRAIN] Step: 841 ; Loss: 37.103 ; Acc: 26.257
2018-09-19 13:35:55,485:INFO: [TRAIN] Step: 842 ; Loss: 36.691 ; Acc: 26.265
2018-09-19 13:35:55,575:INFO: [TRAIN] Step: 843 ; Loss: 36.083 ; Acc: 26.244
2018-09-19 13:35:55,657:INFO: [TRAIN] Step: 844 ; Loss: 35.356 ; Acc: 26.243
2018-09-19 13:35:55,746:INFO: [TRAIN] Step: 845 ; Loss: 39.125 ; Acc: 26.241
2018-09-19 13:35:55,829:INFO: [TRAIN] Step: 846 ; Loss: 36.485 ; Acc: 26.225
2018-09-19 13:35:55,917:INFO: [TRAIN] Step: 847 ; Loss: 31.441 ; Acc: 26.228
2018-09-19 13:35:55,998:INFO: [TRAIN] Step: 848 ; Loss: 36.125 ; Acc: 26.217
2018-09-19 13:35:56,088:INFO: [TRAIN] Step: 849 ; Loss: 31.724 ; Acc: 26.225
2018-09-19 13:35:56,173:INFO: [TRAIN] Step: 850 ; Loss: 38.907 ; Acc: 26.244
2018-09-19 13:35:56,261:INFO: [TRAIN] Step: 851 ; Loss: 36.551 ; Acc: 26.242
2018-09-19 13:35:56,342:INFO: [TRAIN] Step: 852 ; Loss: 36.285 ; Acc: 26.255
2018-09-19 13:35:56,431:INFO: [TRAIN] Step: 853 ; Loss: 38.394 ; Acc: 26.254
2018-09-19 13:35:56,514:INFO: [TRAIN] Step: 854 ; Loss: 36.201 ; Acc: 26.248
2018-09-19 13:35:56,606:INFO: [TRAIN] Step: 855 ; Loss: 36.292 ; Acc: 26.241
2018-09-19 13:35:56,688:INFO: [TRAIN] Step: 856 ; Loss: 37.196 ; Acc: 26.235
2018-09-19 13:35:56,776:INFO: [TRAIN] Step: 857 ; Loss: 37.744 ; Acc: 26.248
2018-09-19 13:35:56,856:INFO: [TRAIN] Step: 858 ; Loss: 37.374 ; Acc: 26.261
2018-09-19 13:35:56,945:INFO: [TRAIN] Step: 859 ; Loss: 35.735 ; Acc: 26.274
2018-09-19 13:35:57,027:INFO: [TRAIN] Step: 860 ; Loss: 40.437 ; Acc: 26.268
2018-09-19 13:35:57,114:INFO: [TRAIN] Step: 861 ; Loss: 33.175 ; Acc: 26.266
2018-09-19 13:35:57,194:INFO: [TRAIN] Step: 862 ; Loss: 34.271 ; Acc: 26.260
2018-09-19 13:35:57,283:INFO: [TRAIN] Step: 863 ; Loss: 38.864 ; Acc: 26.259
2018-09-19 13:35:57,365:INFO: [TRAIN] Step: 864 ; Loss: 39.005 ; Acc: 26.272
2018-09-19 13:35:57,454:INFO: [TRAIN] Step: 865 ; Loss: 36.996 ; Acc: 26.270
2018-09-19 13:35:57,535:INFO: [TRAIN] Step: 866 ; Loss: 36.608 ; Acc: 26.278
2018-09-19 13:35:57,625:INFO: [TRAIN] Step: 867 ; Loss: 36.206 ; Acc: 26.262
2018-09-19 13:35:57,705:INFO: [TRAIN] Step: 868 ; Loss: 35.337 ; Acc: 26.266
2018-09-19 13:35:57,792:INFO: [TRAIN] Step: 869 ; Loss: 36.059 ; Acc: 26.269
2018-09-19 13:35:57,875:INFO: [TRAIN] Step: 870 ; Loss: 36.756 ; Acc: 26.277
2018-09-19 13:35:57,965:INFO: [TRAIN] Step: 871 ; Loss: 39.160 ; Acc: 26.266
2018-09-19 13:35:58,047:INFO: [TRAIN] Step: 872 ; Loss: 36.384 ; Acc: 26.270
2018-09-19 13:35:58,137:INFO: [TRAIN] Step: 873 ; Loss: 36.226 ; Acc: 26.259
2018-09-19 13:35:58,220:INFO: [TRAIN] Step: 874 ; Loss: 36.463 ; Acc: 26.252
2018-09-19 13:35:58,312:INFO: [TRAIN] Step: 875 ; Loss: 37.371 ; Acc: 26.246
2018-09-19 13:35:58,395:INFO: [TRAIN] Step: 876 ; Loss: 35.886 ; Acc: 26.245
2018-09-19 13:35:58,498:INFO: [TRAIN] Step: 877 ; Loss: 38.047 ; Acc: 26.267
2018-09-19 13:35:58,584:INFO: [TRAIN] Step: 878 ; Loss: 30.649 ; Acc: 26.266
2018-09-19 13:35:58,676:INFO: [TRAIN] Step: 879 ; Loss: 35.953 ; Acc: 26.264
2018-09-19 13:35:58,761:INFO: [TRAIN] Step: 880 ; Loss: 36.902 ; Acc: 26.258
2018-09-19 13:35:58,852:INFO: [TRAIN] Step: 881 ; Loss: 37.392 ; Acc: 26.247
2018-09-19 13:35:58,938:INFO: [TRAIN] Step: 882 ; Loss: 37.316 ; Acc: 26.255
2018-09-19 13:35:59,032:INFO: [TRAIN] Step: 883 ; Loss: 38.043 ; Acc: 26.254
2018-09-19 13:35:59,118:INFO: [TRAIN] Step: 884 ; Loss: 37.148 ; Acc: 26.252
2018-09-19 13:35:59,209:INFO: [TRAIN] Step: 885 ; Loss: 38.174 ; Acc: 26.246
2018-09-19 13:35:59,294:INFO: [TRAIN] Step: 886 ; Loss: 35.116 ; Acc: 26.240
2018-09-19 13:35:59,383:INFO: [TRAIN] Step: 887 ; Loss: 33.495 ; Acc: 26.248
2018-09-19 13:35:59,467:INFO: [TRAIN] Step: 888 ; Loss: 33.826 ; Acc: 26.242
2018-09-19 13:35:59,558:INFO: [TRAIN] Step: 889 ; Loss: 34.409 ; Acc: 26.236
2018-09-19 13:35:59,646:INFO: [TRAIN] Step: 890 ; Loss: 35.554 ; Acc: 26.225
2018-09-19 13:35:59,743:INFO: [TRAIN] Step: 891 ; Loss: 37.990 ; Acc: 26.233
2018-09-19 13:35:59,828:INFO: [TRAIN] Step: 892 ; Loss: 35.917 ; Acc: 26.232
2018-09-19 13:35:59,919:INFO: [TRAIN] Step: 893 ; Loss: 33.388 ; Acc: 26.230
2018-09-19 13:36:00,005:INFO: [TRAIN] Step: 894 ; Loss: 33.742 ; Acc: 26.220
2018-09-19 13:36:00,094:INFO: [TRAIN] Step: 895 ; Loss: 33.191 ; Acc: 26.204
2018-09-19 13:36:00,176:INFO: [TRAIN] Step: 896 ; Loss: 39.278 ; Acc: 26.194
2018-09-19 13:36:00,265:INFO: [TRAIN] Step: 897 ; Loss: 37.797 ; Acc: 26.188
2018-09-19 13:36:00,346:INFO: [TRAIN] Step: 898 ; Loss: 36.441 ; Acc: 26.191
2018-09-19 13:36:00,432:INFO: [TRAIN] Step: 899 ; Loss: 37.959 ; Acc: 26.190
2018-09-19 13:36:00,512:INFO: [TRAIN] Step: 900 ; Loss: 35.291 ; Acc: 26.188
2018-09-19 13:36:00,599:INFO: [TRAIN] Step: 901 ; Loss: 37.894 ; Acc: 26.192
2018-09-19 13:36:00,681:INFO: [TRAIN] Step: 902 ; Loss: 37.333 ; Acc: 26.195
2018-09-19 13:36:00,768:INFO: [TRAIN] Step: 903 ; Loss: 35.446 ; Acc: 26.208
2018-09-19 13:36:00,847:INFO: [TRAIN] Step: 904 ; Loss: 36.916 ; Acc: 26.215
2018-09-19 13:36:00,937:INFO: [TRAIN] Step: 905 ; Loss: 34.896 ; Acc: 26.214
2018-09-19 13:36:01,020:INFO: [TRAIN] Step: 906 ; Loss: 35.329 ; Acc: 26.204
2018-09-19 13:36:01,107:INFO: [TRAIN] Step: 907 ; Loss: 37.843 ; Acc: 26.216
2018-09-19 13:36:01,188:INFO: [TRAIN] Step: 908 ; Loss: 34.496 ; Acc: 26.219
2018-09-19 13:36:01,275:INFO: [TRAIN] Step: 909 ; Loss: 38.022 ; Acc: 26.218
2018-09-19 13:36:01,355:INFO: [TRAIN] Step: 910 ; Loss: 34.953 ; Acc: 26.221
2018-09-19 13:36:01,442:INFO: [TRAIN] Step: 911 ; Loss: 31.694 ; Acc: 26.215
2018-09-19 13:36:01,523:INFO: [TRAIN] Step: 912 ; Loss: 33.422 ; Acc: 26.209
2018-09-19 13:36:01,614:INFO: [TRAIN] Step: 913 ; Loss: 38.412 ; Acc: 26.235
2018-09-19 13:36:01,697:INFO: [TRAIN] Step: 914 ; Loss: 36.303 ; Acc: 26.243
2018-09-19 13:36:01,785:INFO: [TRAIN] Step: 915 ; Loss: 38.293 ; Acc: 26.265
2018-09-19 13:36:01,866:INFO: [TRAIN] Step: 916 ; Loss: 37.478 ; Acc: 26.263
2018-09-19 13:36:01,952:INFO: [TRAIN] Step: 917 ; Loss: 31.828 ; Acc: 26.262
2018-09-19 13:36:02,035:INFO: [TRAIN] Step: 918 ; Loss: 37.440 ; Acc: 26.247
2018-09-19 13:36:02,124:INFO: [TRAIN] Step: 919 ; Loss: 37.611 ; Acc: 26.268
2018-09-19 13:36:02,207:INFO: [TRAIN] Step: 920 ; Loss: 38.576 ; Acc: 26.276
2018-09-19 13:36:02,295:INFO: [TRAIN] Step: 921 ; Loss: 36.112 ; Acc: 26.283
2018-09-19 13:36:02,378:INFO: [TRAIN] Step: 922 ; Loss: 37.049 ; Acc: 26.273
2018-09-19 13:36:02,467:INFO: [TRAIN] Step: 923 ; Loss: 34.642 ; Acc: 26.276
2018-09-19 13:36:02,550:INFO: [TRAIN] Step: 924 ; Loss: 35.425 ; Acc: 26.266
2018-09-19 13:36:02,642:INFO: [TRAIN] Step: 925 ; Loss: 32.864 ; Acc: 26.264
2018-09-19 13:36:02,747:INFO: [TRAIN] Step: 926 ; Loss: 35.203 ; Acc: 26.263
2018-09-19 13:36:02,836:INFO: [TRAIN] Step: 927 ; Loss: 32.629 ; Acc: 26.257
2018-09-19 13:36:02,919:INFO: [TRAIN] Step: 928 ; Loss: 33.971 ; Acc: 26.251
2018-09-19 13:36:03,007:INFO: [TRAIN] Step: 929 ; Loss: 35.544 ; Acc: 26.250
2018-09-19 13:36:03,088:INFO: [TRAIN] Step: 930 ; Loss: 34.530 ; Acc: 26.240
2018-09-19 13:36:03,176:INFO: [TRAIN] Step: 931 ; Loss: 33.651 ; Acc: 26.225
2018-09-19 13:36:03,261:INFO: [TRAIN] Step: 932 ; Loss: 33.375 ; Acc: 26.224
2018-09-19 13:36:03,349:INFO: [TRAIN] Step: 933 ; Loss: 33.758 ; Acc: 26.231
2018-09-19 13:36:03,430:INFO: [TRAIN] Step: 934 ; Loss: 34.666 ; Acc: 26.230
2018-09-19 13:36:03,520:INFO: [TRAIN] Step: 935 ; Loss: 31.614 ; Acc: 26.220
2018-09-19 13:36:03,601:INFO: [TRAIN] Step: 936 ; Loss: 34.558 ; Acc: 26.210
2018-09-19 13:36:03,709:INFO: [TRAIN] Step: 937 ; Loss: 36.590 ; Acc: 26.213
2018-09-19 13:36:03,803:INFO: [TRAIN] Step: 938 ; Loss: 33.095 ; Acc: 26.207
2018-09-19 13:36:03,891:INFO: [TRAIN] Step: 939 ; Loss: 36.054 ; Acc: 26.210
2018-09-19 13:36:03,974:INFO: [TRAIN] Step: 940 ; Loss: 31.706 ; Acc: 26.200
2018-09-19 13:36:04,064:INFO: [TRAIN] Step: 941 ; Loss: 36.486 ; Acc: 26.203
2018-09-19 13:36:04,146:INFO: [TRAIN] Step: 942 ; Loss: 35.643 ; Acc: 26.206
2018-09-19 13:36:04,238:INFO: [TRAIN] Step: 943 ; Loss: 32.526 ; Acc: 26.209
2018-09-19 13:36:04,319:INFO: [TRAIN] Step: 944 ; Loss: 35.569 ; Acc: 26.208
2018-09-19 13:36:04,408:INFO: [TRAIN] Step: 945 ; Loss: 34.353 ; Acc: 26.198
2018-09-19 13:36:04,490:INFO: [TRAIN] Step: 946 ; Loss: 36.472 ; Acc: 26.201
2018-09-19 13:36:04,579:INFO: [TRAIN] Step: 947 ; Loss: 36.226 ; Acc: 26.191
2018-09-19 13:36:04,662:INFO: [TRAIN] Step: 948 ; Loss: 35.198 ; Acc: 26.190
2018-09-19 13:36:04,752:INFO: [TRAIN] Step: 949 ; Loss: 34.545 ; Acc: 26.184
2018-09-19 13:36:04,833:INFO: [TRAIN] Step: 950 ; Loss: 30.133 ; Acc: 26.183
2018-09-19 13:36:04,922:INFO: [TRAIN] Step: 951 ; Loss: 36.079 ; Acc: 26.182
2018-09-19 13:36:05,005:INFO: [TRAIN] Step: 952 ; Loss: 32.535 ; Acc: 26.180
2018-09-19 13:36:05,094:INFO: [TRAIN] Step: 953 ; Loss: 34.283 ; Acc: 26.184
2018-09-19 13:36:05,179:INFO: [TRAIN] Step: 954 ; Loss: 35.581 ; Acc: 26.191
2018-09-19 13:36:05,293:INFO: [TRAIN] Step: 955 ; Loss: 36.025 ; Acc: 26.194
2018-09-19 13:36:05,373:INFO: [TRAIN] Step: 956 ; Loss: 36.485 ; Acc: 26.193
2018-09-19 13:36:05,467:INFO: [TRAIN] Step: 957 ; Loss: 34.283 ; Acc: 26.187
2018-09-19 13:36:05,550:INFO: [TRAIN] Step: 958 ; Loss: 32.532 ; Acc: 26.173
2018-09-19 13:36:05,646:INFO: [TRAIN] Step: 959 ; Loss: 35.081 ; Acc: 26.181
2018-09-19 13:36:05,759:INFO: [TRAIN] Step: 960 ; Loss: 37.388 ; Acc: 26.197
2018-09-19 13:36:05,864:INFO: [TRAIN] Step: 961 ; Loss: 33.249 ; Acc: 26.178
2018-09-19 13:36:05,954:INFO: [TRAIN] Step: 962 ; Loss: 32.975 ; Acc: 26.173
2018-09-19 13:36:06,044:INFO: [TRAIN] Step: 963 ; Loss: 34.750 ; Acc: 26.167
2018-09-19 13:36:06,126:INFO: [TRAIN] Step: 964 ; Loss: 38.552 ; Acc: 26.161
2018-09-19 13:36:06,216:INFO: [TRAIN] Step: 965 ; Loss: 34.900 ; Acc: 26.178
2018-09-19 13:36:06,300:INFO: [TRAIN] Step: 966 ; Loss: 35.863 ; Acc: 26.168
2018-09-19 13:36:06,395:INFO: [TRAIN] Step: 967 ; Loss: 35.528 ; Acc: 26.179
2018-09-19 13:36:06,485:INFO: [TRAIN] Step: 968 ; Loss: 33.659 ; Acc: 26.170
2018-09-19 13:36:06,576:INFO: [TRAIN] Step: 969 ; Loss: 38.056 ; Acc: 26.160
2018-09-19 13:36:06,661:INFO: [TRAIN] Step: 970 ; Loss: 34.135 ; Acc: 26.150
2018-09-19 13:36:06,756:INFO: [TRAIN] Step: 971 ; Loss: 36.648 ; Acc: 26.136
2018-09-19 13:36:06,839:INFO: [TRAIN] Step: 972 ; Loss: 34.679 ; Acc: 26.139
2018-09-19 13:36:06,938:INFO: [TRAIN] Step: 973 ; Loss: 32.644 ; Acc: 26.134
2018-09-19 13:36:07,017:INFO: [TRAIN] Step: 974 ; Loss: 35.523 ; Acc: 26.137
2018-09-19 13:36:07,112:INFO: [TRAIN] Step: 975 ; Loss: 36.752 ; Acc: 26.144
2018-09-19 13:36:07,213:INFO: [TRAIN] Step: 976 ; Loss: 35.251 ; Acc: 26.130
2018-09-19 13:36:07,313:INFO: [TRAIN] Step: 977 ; Loss: 34.144 ; Acc: 26.133
2018-09-19 13:36:07,397:INFO: [TRAIN] Step: 978 ; Loss: 35.966 ; Acc: 26.124
2018-09-19 13:36:07,487:INFO: [TRAIN] Step: 979 ; Loss: 34.765 ; Acc: 26.131
2018-09-19 13:36:07,570:INFO: [TRAIN] Step: 980 ; Loss: 37.880 ; Acc: 26.134
2018-09-19 13:36:07,663:INFO: [TRAIN] Step: 981 ; Loss: 33.965 ; Acc: 26.133
2018-09-19 13:36:07,745:INFO: [TRAIN] Step: 982 ; Loss: 34.400 ; Acc: 26.132
2018-09-19 13:36:07,833:INFO: [TRAIN] Step: 983 ; Loss: 34.420 ; Acc: 26.126
2018-09-19 13:36:07,915:INFO: [TRAIN] Step: 984 ; Loss: 33.769 ; Acc: 26.129
2018-09-19 13:36:08,003:INFO: [TRAIN] Step: 985 ; Loss: 37.315 ; Acc: 26.141
2018-09-19 13:36:08,085:INFO: [TRAIN] Step: 986 ; Loss: 31.795 ; Acc: 26.152
2018-09-19 13:36:08,182:INFO: [TRAIN] Step: 987 ; Loss: 36.008 ; Acc: 26.143
2018-09-19 13:36:08,273:INFO: [TRAIN] Step: 988 ; Loss: 34.795 ; Acc: 26.138
2018-09-19 13:36:08,371:INFO: [TRAIN] Step: 989 ; Loss: 38.688 ; Acc: 26.141
2018-09-19 13:36:08,470:INFO: [TRAIN] Step: 990 ; Loss: 34.336 ; Acc: 26.169
2018-09-19 13:36:08,572:INFO: [TRAIN] Step: 991 ; Loss: 35.212 ; Acc: 26.155
2018-09-19 13:36:08,654:INFO: [TRAIN] Step: 992 ; Loss: 34.850 ; Acc: 26.162
2018-09-19 13:36:08,742:INFO: [TRAIN] Step: 993 ; Loss: 33.319 ; Acc: 26.157
2018-09-19 13:36:08,825:INFO: [TRAIN] Step: 994 ; Loss: 37.202 ; Acc: 26.147
2018-09-19 13:36:08,913:INFO: [TRAIN] Step: 995 ; Loss: 33.825 ; Acc: 26.163
2018-09-19 13:36:08,995:INFO: [TRAIN] Step: 996 ; Loss: 31.552 ; Acc: 26.153
2018-09-19 13:36:09,084:INFO: [TRAIN] Step: 997 ; Loss: 32.323 ; Acc: 26.161
2018-09-19 13:36:09,166:INFO: [TRAIN] Step: 998 ; Loss: 37.699 ; Acc: 26.176
2018-09-19 13:36:09,255:INFO: [TRAIN] Step: 999 ; Loss: 34.083 ; Acc: 26.175
2018-09-19 13:36:09,337:INFO: [TRAIN] Step: 1000 ; Loss: 35.052 ; Acc: 26.170
2018-09-19 13:36:09,424:INFO: [TRAIN] Step: 1001 ; Loss: 34.690 ; Acc: 26.177
2018-09-19 13:36:09,509:INFO: [TRAIN] Step: 1002 ; Loss: 35.622 ; Acc: 26.180
2018-09-19 13:36:09,600:INFO: [TRAIN] Step: 1003 ; Loss: 33.966 ; Acc: 26.170
2018-09-19 13:36:09,682:INFO: [TRAIN] Step: 1004 ; Loss: 33.751 ; Acc: 26.165
2018-09-19 13:36:09,774:INFO: [TRAIN] Step: 1005 ; Loss: 36.221 ; Acc: 26.160
2018-09-19 13:36:09,858:INFO: [TRAIN] Step: 1006 ; Loss: 31.282 ; Acc: 26.159
2018-09-19 13:36:09,948:INFO: [TRAIN] Step: 1007 ; Loss: 36.407 ; Acc: 26.166
2018-09-19 13:36:10,032:INFO: [TRAIN] Step: 1008 ; Loss: 31.031 ; Acc: 26.160
2018-09-19 13:36:10,122:INFO: [TRAIN] Step: 1009 ; Loss: 36.671 ; Acc: 26.151
2018-09-19 13:36:10,206:INFO: [TRAIN] Step: 1010 ; Loss: 34.087 ; Acc: 26.146
2018-09-19 13:36:10,296:INFO: [TRAIN] Step: 1011 ; Loss: 33.173 ; Acc: 26.157
2018-09-19 13:36:10,380:INFO: [TRAIN] Step: 1012 ; Loss: 36.407 ; Acc: 26.172
2018-09-19 13:36:10,471:INFO: [TRAIN] Step: 1013 ; Loss: 37.801 ; Acc: 26.192
2018-09-19 13:36:10,556:INFO: [TRAIN] Step: 1014 ; Loss: 36.439 ; Acc: 26.195
2018-09-19 13:36:10,646:INFO: [TRAIN] Step: 1015 ; Loss: 35.580 ; Acc: 26.206
2018-09-19 13:36:10,729:INFO: [TRAIN] Step: 1016 ; Loss: 35.418 ; Acc: 26.192
2018-09-19 13:36:10,818:INFO: [TRAIN] Step: 1017 ; Loss: 33.695 ; Acc: 26.195
2018-09-19 13:36:10,908:INFO: [TRAIN] Step: 1018 ; Loss: 34.771 ; Acc: 26.214
2018-09-19 13:36:10,996:INFO: [TRAIN] Step: 1019 ; Loss: 37.001 ; Acc: 26.213
2018-09-19 13:36:11,079:INFO: [TRAIN] Step: 1020 ; Loss: 34.672 ; Acc: 26.232
2018-09-19 13:36:11,168:INFO: [TRAIN] Step: 1021 ; Loss: 35.705 ; Acc: 26.239
2018-09-19 13:36:11,250:INFO: [TRAIN] Step: 1022 ; Loss: 35.509 ; Acc: 26.230
2018-09-19 13:36:11,341:INFO: [TRAIN] Step: 1023 ; Loss: 30.410 ; Acc: 26.217
2018-09-19 13:36:11,424:INFO: [TRAIN] Step: 1024 ; Loss: 32.345 ; Acc: 26.207
2018-09-19 13:36:11,513:INFO: [TRAIN] Step: 1025 ; Loss: 33.962 ; Acc: 26.206
2018-09-19 13:36:11,597:INFO: [TRAIN] Step: 1026 ; Loss: 32.806 ; Acc: 26.209
2018-09-19 13:36:11,686:INFO: [TRAIN] Step: 1027 ; Loss: 31.883 ; Acc: 26.216
2018-09-19 13:36:11,768:INFO: [TRAIN] Step: 1028 ; Loss: 35.087 ; Acc: 26.223
2018-09-19 13:36:11,856:INFO: [TRAIN] Step: 1029 ; Loss: 33.773 ; Acc: 26.226
2018-09-19 13:36:11,938:INFO: [TRAIN] Step: 1030 ; Loss: 34.147 ; Acc: 26.225
2018-09-19 13:36:12,025:INFO: [TRAIN] Step: 1031 ; Loss: 35.887 ; Acc: 26.231
2018-09-19 13:36:12,105:INFO: [TRAIN] Step: 1032 ; Loss: 38.323 ; Acc: 26.230
2018-09-19 13:36:12,196:INFO: [TRAIN] Step: 1033 ; Loss: 31.737 ; Acc: 26.229
2018-09-19 13:36:12,279:INFO: [TRAIN] Step: 1034 ; Loss: 34.394 ; Acc: 26.232
2018-09-19 13:36:12,369:INFO: [TRAIN] Step: 1035 ; Loss: 30.252 ; Acc: 26.239
2018-09-19 13:36:12,451:INFO: [TRAIN] Step: 1036 ; Loss: 34.887 ; Acc: 26.234
2018-09-19 13:36:12,541:INFO: [TRAIN] Step: 1037 ; Loss: 34.898 ; Acc: 26.252
2018-09-19 13:36:12,625:INFO: [TRAIN] Step: 1038 ; Loss: 37.084 ; Acc: 26.267
2018-09-19 13:36:12,719:INFO: [TRAIN] Step: 1039 ; Loss: 38.956 ; Acc: 26.290
2018-09-19 13:36:12,801:INFO: [TRAIN] Step: 1040 ; Loss: 36.490 ; Acc: 26.281
2018-09-19 13:36:12,887:INFO: [TRAIN] Step: 1041 ; Loss: 30.799 ; Acc: 26.292
2018-09-19 13:36:12,970:INFO: [TRAIN] Step: 1042 ; Loss: 32.440 ; Acc: 26.298
2018-09-19 13:36:13,061:INFO: [TRAIN] Step: 1043 ; Loss: 36.983 ; Acc: 26.293
2018-09-19 13:36:13,144:INFO: [TRAIN] Step: 1044 ; Loss: 32.746 ; Acc: 26.300
2018-09-19 13:36:13,235:INFO: [TRAIN] Step: 1045 ; Loss: 34.448 ; Acc: 26.295
2018-09-19 13:36:13,319:INFO: [TRAIN] Step: 1046 ; Loss: 34.917 ; Acc: 26.293
2018-09-19 13:36:13,409:INFO: [TRAIN] Step: 1047 ; Loss: 33.080 ; Acc: 26.292
2018-09-19 13:36:13,493:INFO: [TRAIN] Step: 1048 ; Loss: 31.816 ; Acc: 26.291
2018-09-19 13:36:13,583:INFO: [TRAIN] Step: 1049 ; Loss: 34.263 ; Acc: 26.274
2018-09-19 13:36:13,669:INFO: [TRAIN] Step: 1050 ; Loss: 33.918 ; Acc: 26.281
2018-09-19 13:36:13,759:INFO: [TRAIN] Step: 1051 ; Loss: 37.367 ; Acc: 26.287
2018-09-19 13:36:13,842:INFO: [TRAIN] Step: 1052 ; Loss: 33.917 ; Acc: 26.282
2018-09-19 13:36:13,933:INFO: [TRAIN] Step: 1053 ; Loss: 34.393 ; Acc: 26.289
2018-09-19 13:36:14,014:INFO: [TRAIN] Step: 1054 ; Loss: 32.714 ; Acc: 26.299
2018-09-19 13:36:14,103:INFO: [TRAIN] Step: 1055 ; Loss: 32.604 ; Acc: 26.298
2018-09-19 13:36:14,184:INFO: [TRAIN] Step: 1056 ; Loss: 32.979 ; Acc: 26.297
2018-09-19 13:36:14,275:INFO: [TRAIN] Step: 1057 ; Loss: 31.264 ; Acc: 26.307
2018-09-19 13:36:14,359:INFO: [TRAIN] Step: 1058 ; Loss: 34.290 ; Acc: 26.314
2018-09-19 13:36:14,449:INFO: [TRAIN] Step: 1059 ; Loss: 33.491 ; Acc: 26.309
2018-09-19 13:36:14,533:INFO: [TRAIN] Step: 1060 ; Loss: 36.970 ; Acc: 26.316
2018-09-19 13:36:14,624:INFO: [TRAIN] Step: 1061 ; Loss: 36.341 ; Acc: 26.314
2018-09-19 13:36:14,706:INFO: [TRAIN] Step: 1062 ; Loss: 33.261 ; Acc: 26.301
2018-09-19 13:36:14,797:INFO: [TRAIN] Step: 1063 ; Loss: 33.065 ; Acc: 26.300
2018-09-19 13:36:14,881:INFO: [TRAIN] Step: 1064 ; Loss: 34.086 ; Acc: 26.303
2018-09-19 13:36:14,973:INFO: [TRAIN] Step: 1065 ; Loss: 32.690 ; Acc: 26.313
2018-09-19 13:36:15,056:INFO: [TRAIN] Step: 1066 ; Loss: 36.018 ; Acc: 26.308
2018-09-19 13:36:15,146:INFO: [TRAIN] Step: 1067 ; Loss: 33.021 ; Acc: 26.311
2018-09-19 13:36:15,230:INFO: [TRAIN] Step: 1068 ; Loss: 39.160 ; Acc: 26.310
2018-09-19 13:36:15,323:INFO: [TRAIN] Step: 1069 ; Loss: 33.636 ; Acc: 26.308
2018-09-19 13:36:15,405:INFO: [TRAIN] Step: 1070 ; Loss: 31.690 ; Acc: 26.296
2018-09-19 13:36:15,494:INFO: [TRAIN] Step: 1071 ; Loss: 32.815 ; Acc: 26.302
2018-09-19 13:36:15,576:INFO: [TRAIN] Step: 1072 ; Loss: 34.611 ; Acc: 26.309
2018-09-19 13:36:15,665:INFO: [TRAIN] Step: 1073 ; Loss: 33.725 ; Acc: 26.300
2018-09-19 13:36:15,751:INFO: [TRAIN] Step: 1074 ; Loss: 33.894 ; Acc: 26.306
2018-09-19 13:36:15,843:INFO: [TRAIN] Step: 1075 ; Loss: 34.307 ; Acc: 26.309
2018-09-19 13:36:15,931:INFO: [TRAIN] Step: 1076 ; Loss: 34.958 ; Acc: 26.312
2018-09-19 13:36:16,023:INFO: [TRAIN] Step: 1077 ; Loss: 33.666 ; Acc: 26.306
2018-09-19 13:36:16,109:INFO: [TRAIN] Step: 1078 ; Loss: 35.515 ; Acc: 26.313
2018-09-19 13:36:16,202:INFO: [TRAIN] Step: 1079 ; Loss: 32.299 ; Acc: 26.312
2018-09-19 13:36:16,287:INFO: [TRAIN] Step: 1080 ; Loss: 35.032 ; Acc: 26.322
2018-09-19 13:36:16,379:INFO: [TRAIN] Step: 1081 ; Loss: 34.870 ; Acc: 26.321
2018-09-19 13:36:16,462:INFO: [TRAIN] Step: 1082 ; Loss: 32.707 ; Acc: 26.320
2018-09-19 13:36:16,553:INFO: [TRAIN] Step: 1083 ; Loss: 36.954 ; Acc: 26.326
2018-09-19 13:36:16,638:INFO: [TRAIN] Step: 1084 ; Loss: 34.325 ; Acc: 26.317
2018-09-19 13:36:16,728:INFO: [TRAIN] Step: 1085 ; Loss: 35.435 ; Acc: 26.312
2018-09-19 13:36:16,811:INFO: [TRAIN] Step: 1086 ; Loss: 35.080 ; Acc: 26.307
2018-09-19 13:36:16,901:INFO: [TRAIN] Step: 1087 ; Loss: 35.236 ; Acc: 26.314
2018-09-19 13:36:16,985:INFO: [TRAIN] Step: 1088 ; Loss: 33.010 ; Acc: 26.324
2018-09-19 13:36:17,075:INFO: [TRAIN] Step: 1089 ; Loss: 36.347 ; Acc: 26.330
2018-09-19 13:36:17,156:INFO: [TRAIN] Step: 1090 ; Loss: 35.235 ; Acc: 26.321
2018-09-19 13:36:17,249:INFO: [TRAIN] Step: 1091 ; Loss: 37.025 ; Acc: 26.320
2018-09-19 13:36:17,335:INFO: [TRAIN] Step: 1092 ; Loss: 31.882 ; Acc: 26.330
2018-09-19 13:36:17,427:INFO: [TRAIN] Step: 1093 ; Loss: 32.026 ; Acc: 26.337
2018-09-19 13:36:17,512:INFO: [TRAIN] Step: 1094 ; Loss: 35.132 ; Acc: 26.332
2018-09-19 13:36:17,600:INFO: [TRAIN] Step: 1095 ; Loss: 34.032 ; Acc: 26.350
2018-09-19 13:36:17,695:INFO: [TRAIN] Step: 1096 ; Loss: 31.212 ; Acc: 26.341
2018-09-19 13:36:17,784:INFO: [TRAIN] Step: 1097 ; Loss: 31.630 ; Acc: 26.336
2018-09-19 13:36:17,868:INFO: [TRAIN] Step: 1098 ; Loss: 35.056 ; Acc: 26.331
2018-09-19 13:36:17,958:INFO: [TRAIN] Step: 1099 ; Loss: 38.543 ; Acc: 26.322
2018-09-19 13:36:18,041:INFO: [TRAIN] Step: 1100 ; Loss: 32.682 ; Acc: 26.343
2018-09-19 13:36:18,132:INFO: [TRAIN] Step: 1101 ; Loss: 37.065 ; Acc: 26.346
2018-09-19 13:36:18,214:INFO: [TRAIN] Step: 1102 ; Loss: 34.411 ; Acc: 26.341
2018-09-19 13:36:18,309:INFO: [TRAIN] Step: 1103 ; Loss: 32.540 ; Acc: 26.344
2018-09-19 13:36:18,392:INFO: [TRAIN] Step: 1104 ; Loss: 34.486 ; Acc: 26.339
2018-09-19 13:36:18,485:INFO: [TRAIN] Step: 1105 ; Loss: 32.347 ; Acc: 26.341
2018-09-19 13:36:18,572:INFO: [TRAIN] Step: 1106 ; Loss: 31.749 ; Acc: 26.340
2018-09-19 13:36:18,666:INFO: [TRAIN] Step: 1107 ; Loss: 37.222 ; Acc: 26.343
2018-09-19 13:36:18,750:INFO: [TRAIN] Step: 1108 ; Loss: 32.411 ; Acc: 26.338
2018-09-19 13:36:18,840:INFO: [TRAIN] Step: 1109 ; Loss: 33.927 ; Acc: 26.344
2018-09-19 13:36:18,922:INFO: [TRAIN] Step: 1110 ; Loss: 32.673 ; Acc: 26.335
2018-09-19 13:36:19,013:INFO: [TRAIN] Step: 1111 ; Loss: 31.306 ; Acc: 26.323
2018-09-19 13:36:19,097:INFO: [TRAIN] Step: 1112 ; Loss: 32.187 ; Acc: 26.318
2018-09-19 13:36:19,189:INFO: [TRAIN] Step: 1113 ; Loss: 33.448 ; Acc: 26.302
2018-09-19 13:36:19,273:INFO: [TRAIN] Step: 1114 ; Loss: 33.782 ; Acc: 26.297
2018-09-19 13:36:19,363:INFO: [TRAIN] Step: 1115 ; Loss: 34.855 ; Acc: 26.299
2018-09-19 13:36:19,450:INFO: [TRAIN] Step: 1116 ; Loss: 30.138 ; Acc: 26.298
2018-09-19 13:36:19,538:INFO: [TRAIN] Step: 1117 ; Loss: 32.236 ; Acc: 26.319
2018-09-19 13:36:19,622:INFO: [TRAIN] Step: 1118 ; Loss: 32.297 ; Acc: 26.329
2018-09-19 13:36:19,711:INFO: [TRAIN] Step: 1119 ; Loss: 32.574 ; Acc: 26.332
2018-09-19 13:36:19,793:INFO: [TRAIN] Step: 1120 ; Loss: 34.596 ; Acc: 26.331
2018-09-19 13:36:19,886:INFO: [TRAIN] Step: 1121 ; Loss: 32.156 ; Acc: 26.344
2018-09-19 13:36:19,973:INFO: [TRAIN] Step: 1122 ; Loss: 31.280 ; Acc: 26.351
2018-09-19 13:36:20,063:INFO: [TRAIN] Step: 1123 ; Loss: 34.135 ; Acc: 26.364
2018-09-19 13:36:20,145:INFO: [TRAIN] Step: 1124 ; Loss: 31.627 ; Acc: 26.367
2018-09-19 13:36:20,236:INFO: [TRAIN] Step: 1125 ; Loss: 34.451 ; Acc: 26.358
2018-09-19 13:36:20,319:INFO: [TRAIN] Step: 1126 ; Loss: 34.780 ; Acc: 26.353
2018-09-19 13:36:20,408:INFO: [TRAIN] Step: 1127 ; Loss: 31.068 ; Acc: 26.348
2018-09-19 13:36:20,490:INFO: [TRAIN] Step: 1128 ; Loss: 35.453 ; Acc: 26.354
2018-09-19 13:36:20,583:INFO: [TRAIN] Step: 1129 ; Loss: 34.872 ; Acc: 26.353
2018-09-19 13:36:20,668:INFO: [TRAIN] Step: 1130 ; Loss: 33.910 ; Acc: 26.359
2018-09-19 13:36:20,758:INFO: [TRAIN] Step: 1131 ; Loss: 27.913 ; Acc: 26.355
2018-09-19 13:36:20,843:INFO: [TRAIN] Step: 1132 ; Loss: 36.988 ; Acc: 26.346
2018-09-19 13:36:20,936:INFO: [TRAIN] Step: 1133 ; Loss: 31.590 ; Acc: 26.330
2018-09-19 13:36:21,018:INFO: [TRAIN] Step: 1134 ; Loss: 30.795 ; Acc: 26.336
2018-09-19 13:36:21,110:INFO: [TRAIN] Step: 1135 ; Loss: 35.774 ; Acc: 26.339
2018-09-19 13:36:21,193:INFO: [TRAIN] Step: 1136 ; Loss: 32.692 ; Acc: 26.341
2018-09-19 13:36:21,282:INFO: [TRAIN] Step: 1137 ; Loss: 33.240 ; Acc: 26.336
2018-09-19 13:36:21,363:INFO: [TRAIN] Step: 1138 ; Loss: 34.845 ; Acc: 26.354
2018-09-19 13:36:21,454:INFO: [TRAIN] Step: 1139 ; Loss: 30.268 ; Acc: 26.341
2018-09-19 13:36:21,540:INFO: [TRAIN] Step: 1140 ; Loss: 34.678 ; Acc: 26.340
2018-09-19 13:36:21,632:INFO: [TRAIN] Step: 1141 ; Loss: 33.851 ; Acc: 26.343
2018-09-19 13:36:21,716:INFO: [TRAIN] Step: 1142 ; Loss: 37.734 ; Acc: 26.341
2018-09-19 13:36:21,807:INFO: [TRAIN] Step: 1143 ; Loss: 32.659 ; Acc: 26.326
2018-09-19 13:36:21,891:INFO: [TRAIN] Step: 1144 ; Loss: 35.553 ; Acc: 26.317
2018-09-19 13:36:21,980:INFO: [TRAIN] Step: 1145 ; Loss: 31.729 ; Acc: 26.327
2018-09-19 13:36:22,064:INFO: [TRAIN] Step: 1146 ; Loss: 37.280 ; Acc: 26.333
2018-09-19 13:36:22,160:INFO: [TRAIN] Step: 1147 ; Loss: 34.853 ; Acc: 26.332
2018-09-19 13:36:22,244:INFO: [TRAIN] Step: 1148 ; Loss: 36.956 ; Acc: 26.334
2018-09-19 13:36:22,335:INFO: [TRAIN] Step: 1149 ; Loss: 34.269 ; Acc: 26.333
2018-09-19 13:36:22,417:INFO: [TRAIN] Step: 1150 ; Loss: 36.299 ; Acc: 26.343
2018-09-19 13:36:22,506:INFO: [TRAIN] Step: 1151 ; Loss: 33.294 ; Acc: 26.345
2018-09-19 13:36:22,591:INFO: [TRAIN] Step: 1152 ; Loss: 35.707 ; Acc: 26.341
2018-09-19 13:36:22,681:INFO: [TRAIN] Step: 1153 ; Loss: 33.437 ; Acc: 26.332
2018-09-19 13:36:22,765:INFO: [TRAIN] Step: 1154 ; Loss: 31.986 ; Acc: 26.335
2018-09-19 13:36:22,855:INFO: [TRAIN] Step: 1155 ; Loss: 33.130 ; Acc: 26.326
2018-09-19 13:36:22,940:INFO: [TRAIN] Step: 1156 ; Loss: 33.795 ; Acc: 26.311
2018-09-19 13:36:23,031:INFO: [TRAIN] Step: 1157 ; Loss: 32.869 ; Acc: 26.310
2018-09-19 13:36:23,115:INFO: [TRAIN] Step: 1158 ; Loss: 33.098 ; Acc: 26.305
2018-09-19 13:36:23,205:INFO: [TRAIN] Step: 1159 ; Loss: 33.690 ; Acc: 26.297
2018-09-19 13:36:23,291:INFO: [TRAIN] Step: 1160 ; Loss: 33.879 ; Acc: 26.296
2018-09-19 13:36:23,382:INFO: [TRAIN] Step: 1161 ; Loss: 33.975 ; Acc: 26.294
2018-09-19 13:36:23,464:INFO: [TRAIN] Step: 1162 ; Loss: 32.770 ; Acc: 26.290
2018-09-19 13:36:23,552:INFO: [TRAIN] Step: 1163 ; Loss: 32.211 ; Acc: 26.303
2018-09-19 13:36:23,634:INFO: [TRAIN] Step: 1164 ; Loss: 31.332 ; Acc: 26.313
2018-09-19 13:36:23,723:INFO: [TRAIN] Step: 1165 ; Loss: 33.355 ; Acc: 26.315
2018-09-19 13:36:23,808:INFO: [TRAIN] Step: 1166 ; Loss: 36.377 ; Acc: 26.314
2018-09-19 13:36:23,898:INFO: [TRAIN] Step: 1167 ; Loss: 32.874 ; Acc: 26.313
2018-09-19 13:36:23,983:INFO: [TRAIN] Step: 1168 ; Loss: 33.435 ; Acc: 26.301
2018-09-19 13:36:24,073:INFO: [TRAIN] Step: 1169 ; Loss: 34.786 ; Acc: 26.303
2018-09-19 13:36:24,158:INFO: [TRAIN] Step: 1170 ; Loss: 33.049 ; Acc: 26.295
2018-09-19 13:36:24,248:INFO: [TRAIN] Step: 1171 ; Loss: 33.766 ; Acc: 26.298
2018-09-19 13:36:24,333:INFO: [TRAIN] Step: 1172 ; Loss: 32.790 ; Acc: 26.297
2018-09-19 13:36:24,425:INFO: [TRAIN] Step: 1173 ; Loss: 34.543 ; Acc: 26.303
2018-09-19 13:36:24,509:INFO: [TRAIN] Step: 1174 ; Loss: 35.191 ; Acc: 26.312
2018-09-19 13:36:24,600:INFO: [TRAIN] Step: 1175 ; Loss: 34.913 ; Acc: 26.311
2018-09-19 13:36:24,685:INFO: [TRAIN] Step: 1176 ; Loss: 32.744 ; Acc: 26.306
2018-09-19 13:36:24,774:INFO: [TRAIN] Step: 1177 ; Loss: 33.056 ; Acc: 26.305
2018-09-19 13:36:24,857:INFO: [TRAIN] Step: 1178 ; Loss: 33.945 ; Acc: 26.315
2018-09-19 13:36:24,947:INFO: [TRAIN] Step: 1179 ; Loss: 32.529 ; Acc: 26.317
2018-09-19 13:36:25,031:INFO: [TRAIN] Step: 1180 ; Loss: 35.444 ; Acc: 26.330
2018-09-19 13:36:25,120:INFO: [TRAIN] Step: 1181 ; Loss: 35.511 ; Acc: 26.332
2018-09-19 13:36:25,208:INFO: [TRAIN] Step: 1182 ; Loss: 31.724 ; Acc: 26.331
2018-09-19 13:36:25,302:INFO: [TRAIN] Step: 1183 ; Loss: 33.904 ; Acc: 26.341
2018-09-19 13:36:25,387:INFO: [TRAIN] Step: 1184 ; Loss: 36.432 ; Acc: 26.364
2018-09-19 13:36:25,476:INFO: [TRAIN] Step: 1185 ; Loss: 34.767 ; Acc: 26.363
2018-09-19 13:36:25,560:INFO: [TRAIN] Step: 1186 ; Loss: 32.828 ; Acc: 26.365
2018-09-19 13:36:25,651:INFO: [TRAIN] Step: 1187 ; Loss: 32.604 ; Acc: 26.368
2018-09-19 13:36:25,738:INFO: [TRAIN] Step: 1188 ; Loss: 33.313 ; Acc: 26.367
2018-09-19 13:36:25,829:INFO: [TRAIN] Step: 1189 ; Loss: 29.609 ; Acc: 26.355
2018-09-19 13:36:31,107:INFO: [EVAL] Step: 1190 ; Loss: 0.348 ; Acc: 0.251
