2018-09-19 15:05:52,991:INFO: ### Model ###
LeNet5(
  (convnet): Sequential(
    (0): Conv2d(1, 6, kernel_size=(5, 5), stride=(1, 1))
    (1): ReLU()
    (2): MaxPool2d(kernel_size=(2, 2), stride=2, padding=0, dilation=1, ceil_mode=False)
    (3): Conv2d(6, 16, kernel_size=(5, 5), stride=(1, 1))
    (4): ReLU()
    (5): MaxPool2d(kernel_size=(2, 2), stride=2, padding=0, dilation=1, ceil_mode=False)
    (6): Conv2d(16, 120, kernel_size=(5, 5), stride=(1, 1))
    (7): ReLU()
    (8): Conv2d(120, 240, kernel_size=(5, 5), stride=(1, 1))
    (9): ReLU()
  )
  (fc): Sequential(
    (0): Linear(in_features=240, out_features=84, bias=True)
    (1): ReLU()
    (2): Linear(in_features=84, out_features=10, bias=True)
  )
)
2018-09-19 15:05:52,991:INFO: ### Optimizer ###
Adam (
Parameter Group 0
    amsgrad: False
    betas: (0.9, 0.999)
    eps: 1e-08
    lr: 0.01
    weight_decay: 0
)
2018-09-19 15:05:52,992:INFO: ### HParams ###
n_epochs: 1 ; data: ferplus ; label: ferplus_votes ; batch_size: 24 ; lr: 0.01 ; wd: 0 ; eval_steps: 1190
2018-09-19 15:05:53,163:INFO: [TRAIN] Step: 0 ; Loss: 39.117 ; Acc: 16.667
2018-09-19 15:05:53,242:INFO: [TRAIN] Step: 1 ; Loss: 59.500 ; Acc: 20.833
2018-09-19 15:05:53,318:INFO: [TRAIN] Step: 2 ; Loss: 38.015 ; Acc: 19.444
2018-09-19 15:05:53,423:INFO: [TRAIN] Step: 3 ; Loss: 37.382 ; Acc: 17.708
2018-09-19 15:05:53,530:INFO: [TRAIN] Step: 4 ; Loss: 35.881 ; Acc: 18.333
2018-09-19 15:05:53,610:INFO: [TRAIN] Step: 5 ; Loss: 35.551 ; Acc: 15.972
2018-09-19 15:05:53,684:INFO: [TRAIN] Step: 6 ; Loss: 34.860 ; Acc: 14.881
2018-09-19 15:05:53,764:INFO: [TRAIN] Step: 7 ; Loss: 31.542 ; Acc: 13.542
2018-09-19 15:05:53,840:INFO: [TRAIN] Step: 8 ; Loss: 32.356 ; Acc: 15.741
2018-09-19 15:05:53,925:INFO: [TRAIN] Step: 9 ; Loss: 26.624 ; Acc: 18.333
2018-09-19 15:05:53,996:INFO: [TRAIN] Step: 10 ; Loss: 27.888 ; Acc: 18.561
2018-09-19 15:05:54,087:INFO: [TRAIN] Step: 11 ; Loss: 32.788 ; Acc: 19.792
2018-09-19 15:05:54,160:INFO: [TRAIN] Step: 12 ; Loss: 27.602 ; Acc: 21.795
2018-09-19 15:05:54,240:INFO: [TRAIN] Step: 13 ; Loss: 30.568 ; Acc: 22.619
2018-09-19 15:05:54,316:INFO: [TRAIN] Step: 14 ; Loss: 25.147 ; Acc: 24.722
2018-09-19 15:05:54,394:INFO: [TRAIN] Step: 15 ; Loss: 29.243 ; Acc: 26.042
2018-09-19 15:05:54,466:INFO: [TRAIN] Step: 16 ; Loss: 28.167 ; Acc: 27.206
2018-09-19 15:05:54,547:INFO: [TRAIN] Step: 17 ; Loss: 33.823 ; Acc: 27.315
2018-09-19 15:05:54,620:INFO: [TRAIN] Step: 18 ; Loss: 29.287 ; Acc: 26.974
2018-09-19 15:05:54,702:INFO: [TRAIN] Step: 19 ; Loss: 23.073 ; Acc: 27.500
2018-09-19 15:05:54,775:INFO: [TRAIN] Step: 20 ; Loss: 32.077 ; Acc: 26.984
2018-09-19 15:05:54,855:INFO: [TRAIN] Step: 21 ; Loss: 26.174 ; Acc: 26.894
2018-09-19 15:05:54,927:INFO: [TRAIN] Step: 22 ; Loss: 28.404 ; Acc: 26.630
2018-09-19 15:05:55,003:INFO: [TRAIN] Step: 23 ; Loss: 26.578 ; Acc: 26.562
2018-09-19 15:05:55,076:INFO: [TRAIN] Step: 24 ; Loss: 28.734 ; Acc: 27.333
2018-09-19 15:05:55,158:INFO: [TRAIN] Step: 25 ; Loss: 32.079 ; Acc: 27.244
2018-09-19 15:05:55,230:INFO: [TRAIN] Step: 26 ; Loss: 28.034 ; Acc: 27.778
2018-09-19 15:05:55,309:INFO: [TRAIN] Step: 27 ; Loss: 30.707 ; Acc: 27.381
2018-09-19 15:05:55,381:INFO: [TRAIN] Step: 28 ; Loss: 31.095 ; Acc: 27.586
2018-09-19 15:05:55,460:INFO: [TRAIN] Step: 29 ; Loss: 32.262 ; Acc: 27.500
2018-09-19 15:05:55,533:INFO: [TRAIN] Step: 30 ; Loss: 31.488 ; Acc: 27.688
2018-09-19 15:05:55,615:INFO: [TRAIN] Step: 31 ; Loss: 31.365 ; Acc: 27.734
2018-09-19 15:05:55,687:INFO: [TRAIN] Step: 32 ; Loss: 32.062 ; Acc: 27.525
2018-09-19 15:05:55,767:INFO: [TRAIN] Step: 33 ; Loss: 26.240 ; Acc: 27.574
2018-09-19 15:05:55,846:INFO: [TRAIN] Step: 34 ; Loss: 27.749 ; Acc: 27.381
2018-09-19 15:05:55,928:INFO: [TRAIN] Step: 35 ; Loss: 28.853 ; Acc: 27.083
2018-09-19 15:05:56,000:INFO: [TRAIN] Step: 36 ; Loss: 28.105 ; Acc: 27.140
2018-09-19 15:05:56,078:INFO: [TRAIN] Step: 37 ; Loss: 32.722 ; Acc: 27.083
2018-09-19 15:05:56,154:INFO: [TRAIN] Step: 38 ; Loss: 27.453 ; Acc: 27.457
2018-09-19 15:05:56,234:INFO: [TRAIN] Step: 39 ; Loss: 28.912 ; Acc: 27.500
2018-09-19 15:05:56,306:INFO: [TRAIN] Step: 40 ; Loss: 29.442 ; Acc: 27.642
2018-09-19 15:05:56,386:INFO: [TRAIN] Step: 41 ; Loss: 26.666 ; Acc: 27.480
2018-09-19 15:05:56,459:INFO: [TRAIN] Step: 42 ; Loss: 28.326 ; Acc: 27.519
2018-09-19 15:05:56,537:INFO: [TRAIN] Step: 43 ; Loss: 32.343 ; Acc: 27.273
2018-09-19 15:05:56,610:INFO: [TRAIN] Step: 44 ; Loss: 29.975 ; Acc: 26.944
2018-09-19 15:05:56,694:INFO: [TRAIN] Step: 45 ; Loss: 31.818 ; Acc: 27.083
2018-09-19 15:05:56,780:INFO: [TRAIN] Step: 46 ; Loss: 31.042 ; Acc: 27.128
2018-09-19 15:05:56,866:INFO: [TRAIN] Step: 47 ; Loss: 29.538 ; Acc: 27.517
2018-09-19 15:05:56,938:INFO: [TRAIN] Step: 48 ; Loss: 26.883 ; Acc: 27.806
2018-09-19 15:05:57,018:INFO: [TRAIN] Step: 49 ; Loss: 29.030 ; Acc: 28.000
2018-09-19 15:05:57,089:INFO: [TRAIN] Step: 50 ; Loss: 26.849 ; Acc: 28.268
2018-09-19 15:05:57,170:INFO: [TRAIN] Step: 51 ; Loss: 28.456 ; Acc: 28.606
2018-09-19 15:05:57,241:INFO: [TRAIN] Step: 52 ; Loss: 28.105 ; Acc: 28.852
2018-09-19 15:05:57,319:INFO: [TRAIN] Step: 53 ; Loss: 31.077 ; Acc: 29.167
2018-09-19 15:05:57,392:INFO: [TRAIN] Step: 54 ; Loss: 27.662 ; Acc: 29.167
2018-09-19 15:05:57,473:INFO: [TRAIN] Step: 55 ; Loss: 28.969 ; Acc: 29.241
2018-09-19 15:05:57,546:INFO: [TRAIN] Step: 56 ; Loss: 29.305 ; Acc: 29.532
2018-09-19 15:05:57,625:INFO: [TRAIN] Step: 57 ; Loss: 30.363 ; Acc: 29.526
2018-09-19 15:05:57,697:INFO: [TRAIN] Step: 58 ; Loss: 29.420 ; Acc: 29.732
2018-09-19 15:05:57,777:INFO: [TRAIN] Step: 59 ; Loss: 28.326 ; Acc: 30.139
2018-09-19 15:05:57,849:INFO: [TRAIN] Step: 60 ; Loss: 30.150 ; Acc: 30.055
2018-09-19 15:05:57,934:INFO: [TRAIN] Step: 61 ; Loss: 29.579 ; Acc: 30.175
2018-09-19 15:05:58,006:INFO: [TRAIN] Step: 62 ; Loss: 26.119 ; Acc: 30.357
2018-09-19 15:05:58,085:INFO: [TRAIN] Step: 63 ; Loss: 28.451 ; Acc: 30.599
2018-09-19 15:05:58,157:INFO: [TRAIN] Step: 64 ; Loss: 25.533 ; Acc: 30.833
2018-09-19 15:05:58,236:INFO: [TRAIN] Step: 65 ; Loss: 30.821 ; Acc: 31.061
2018-09-19 15:05:58,311:INFO: [TRAIN] Step: 66 ; Loss: 35.080 ; Acc: 30.908
2018-09-19 15:05:58,394:INFO: [TRAIN] Step: 67 ; Loss: 27.799 ; Acc: 30.944
2018-09-19 15:05:58,465:INFO: [TRAIN] Step: 68 ; Loss: 24.359 ; Acc: 31.099
2018-09-19 15:05:58,543:INFO: [TRAIN] Step: 69 ; Loss: 27.900 ; Acc: 31.190
2018-09-19 15:05:58,617:INFO: [TRAIN] Step: 70 ; Loss: 28.847 ; Acc: 31.162
2018-09-19 15:05:58,698:INFO: [TRAIN] Step: 71 ; Loss: 28.448 ; Acc: 31.134
2018-09-19 15:05:58,769:INFO: [TRAIN] Step: 72 ; Loss: 29.296 ; Acc: 31.279
2018-09-19 15:05:58,849:INFO: [TRAIN] Step: 73 ; Loss: 29.566 ; Acc: 31.250
2018-09-19 15:05:58,922:INFO: [TRAIN] Step: 74 ; Loss: 29.219 ; Acc: 31.278
2018-09-19 15:05:59,003:INFO: [TRAIN] Step: 75 ; Loss: 31.202 ; Acc: 31.086
2018-09-19 15:05:59,075:INFO: [TRAIN] Step: 76 ; Loss: 29.749 ; Acc: 31.115
2018-09-19 15:05:59,154:INFO: [TRAIN] Step: 77 ; Loss: 25.403 ; Acc: 31.036
2018-09-19 15:05:59,225:INFO: [TRAIN] Step: 78 ; Loss: 28.206 ; Acc: 31.118
2018-09-19 15:05:59,304:INFO: [TRAIN] Step: 79 ; Loss: 31.345 ; Acc: 31.094
2018-09-19 15:05:59,376:INFO: [TRAIN] Step: 80 ; Loss: 28.402 ; Acc: 31.019
2018-09-19 15:05:59,455:INFO: [TRAIN] Step: 81 ; Loss: 28.912 ; Acc: 30.894
2018-09-19 15:05:59,526:INFO: [TRAIN] Step: 82 ; Loss: 31.148 ; Acc: 30.823
2018-09-19 15:05:59,605:INFO: [TRAIN] Step: 83 ; Loss: 26.913 ; Acc: 31.101
2018-09-19 15:05:59,678:INFO: [TRAIN] Step: 84 ; Loss: 25.193 ; Acc: 31.373
2018-09-19 15:05:59,759:INFO: [TRAIN] Step: 85 ; Loss: 31.790 ; Acc: 31.298
2018-09-19 15:05:59,831:INFO: [TRAIN] Step: 86 ; Loss: 27.847 ; Acc: 31.513
2018-09-19 15:05:59,911:INFO: [TRAIN] Step: 87 ; Loss: 27.045 ; Acc: 31.581
2018-09-19 15:05:59,985:INFO: [TRAIN] Step: 88 ; Loss: 28.583 ; Acc: 31.507
2018-09-19 15:06:00,079:INFO: [TRAIN] Step: 89 ; Loss: 26.057 ; Acc: 31.620
2018-09-19 15:06:00,158:INFO: [TRAIN] Step: 90 ; Loss: 31.853 ; Acc: 31.502
2018-09-19 15:06:00,236:INFO: [TRAIN] Step: 91 ; Loss: 28.703 ; Acc: 31.612
2018-09-19 15:06:00,314:INFO: [TRAIN] Step: 92 ; Loss: 27.210 ; Acc: 31.631
2018-09-19 15:06:00,396:INFO: [TRAIN] Step: 93 ; Loss: 28.192 ; Acc: 31.738
2018-09-19 15:06:00,467:INFO: [TRAIN] Step: 94 ; Loss: 26.267 ; Acc: 31.886
2018-09-19 15:06:00,546:INFO: [TRAIN] Step: 95 ; Loss: 33.064 ; Acc: 31.988
2018-09-19 15:06:00,621:INFO: [TRAIN] Step: 96 ; Loss: 27.543 ; Acc: 32.002
2018-09-19 15:06:00,700:INFO: [TRAIN] Step: 97 ; Loss: 28.450 ; Acc: 31.973
2018-09-19 15:06:00,772:INFO: [TRAIN] Step: 98 ; Loss: 27.729 ; Acc: 32.029
2018-09-19 15:06:00,858:INFO: [TRAIN] Step: 99 ; Loss: 28.984 ; Acc: 32.083
2018-09-19 15:06:00,931:INFO: [TRAIN] Step: 100 ; Loss: 24.715 ; Acc: 32.261
2018-09-19 15:06:01,011:INFO: [TRAIN] Step: 101 ; Loss: 28.851 ; Acc: 32.108
2018-09-19 15:06:01,083:INFO: [TRAIN] Step: 102 ; Loss: 26.540 ; Acc: 32.120
2018-09-19 15:06:01,164:INFO: [TRAIN] Step: 103 ; Loss: 28.826 ; Acc: 32.171
2018-09-19 15:06:01,237:INFO: [TRAIN] Step: 104 ; Loss: 27.258 ; Acc: 32.302
2018-09-19 15:06:01,318:INFO: [TRAIN] Step: 105 ; Loss: 26.385 ; Acc: 32.390
2018-09-19 15:06:01,392:INFO: [TRAIN] Step: 106 ; Loss: 26.102 ; Acc: 32.360
2018-09-19 15:06:01,472:INFO: [TRAIN] Step: 107 ; Loss: 26.067 ; Acc: 32.523
2018-09-19 15:06:01,547:INFO: [TRAIN] Step: 108 ; Loss: 30.026 ; Acc: 32.454
2018-09-19 15:06:01,627:INFO: [TRAIN] Step: 109 ; Loss: 30.998 ; Acc: 32.462
2018-09-19 15:06:01,700:INFO: [TRAIN] Step: 110 ; Loss: 31.630 ; Acc: 32.395
2018-09-19 15:06:01,780:INFO: [TRAIN] Step: 111 ; Loss: 28.768 ; Acc: 32.366
2018-09-19 15:06:01,852:INFO: [TRAIN] Step: 112 ; Loss: 31.672 ; Acc: 32.375
2018-09-19 15:06:01,931:INFO: [TRAIN] Step: 113 ; Loss: 26.741 ; Acc: 32.456
2018-09-19 15:06:02,007:INFO: [TRAIN] Step: 114 ; Loss: 33.178 ; Acc: 32.391
2018-09-19 15:06:02,087:INFO: [TRAIN] Step: 115 ; Loss: 29.105 ; Acc: 32.364
2018-09-19 15:06:02,158:INFO: [TRAIN] Step: 116 ; Loss: 32.602 ; Acc: 32.336
2018-09-19 15:06:02,240:INFO: [TRAIN] Step: 117 ; Loss: 31.308 ; Acc: 32.380
2018-09-19 15:06:02,313:INFO: [TRAIN] Step: 118 ; Loss: 30.360 ; Acc: 32.388
2018-09-19 15:06:02,392:INFO: [TRAIN] Step: 119 ; Loss: 28.709 ; Acc: 32.500
2018-09-19 15:06:02,463:INFO: [TRAIN] Step: 120 ; Loss: 28.637 ; Acc: 32.335
2018-09-19 15:06:02,540:INFO: [TRAIN] Step: 121 ; Loss: 29.731 ; Acc: 32.240
2018-09-19 15:06:02,611:INFO: [TRAIN] Step: 122 ; Loss: 26.009 ; Acc: 32.249
2018-09-19 15:06:02,691:INFO: [TRAIN] Step: 123 ; Loss: 25.310 ; Acc: 32.258
2018-09-19 15:06:02,765:INFO: [TRAIN] Step: 124 ; Loss: 29.411 ; Acc: 32.333
2018-09-19 15:06:02,844:INFO: [TRAIN] Step: 125 ; Loss: 28.058 ; Acc: 32.308
2018-09-19 15:06:02,916:INFO: [TRAIN] Step: 126 ; Loss: 28.939 ; Acc: 32.251
2018-09-19 15:06:02,994:INFO: [TRAIN] Step: 127 ; Loss: 25.296 ; Acc: 32.324
2018-09-19 15:06:03,068:INFO: [TRAIN] Step: 128 ; Loss: 35.815 ; Acc: 32.267
2018-09-19 15:06:03,148:INFO: [TRAIN] Step: 129 ; Loss: 30.589 ; Acc: 32.179
2018-09-19 15:06:03,220:INFO: [TRAIN] Step: 130 ; Loss: 26.436 ; Acc: 32.125
2018-09-19 15:06:03,300:INFO: [TRAIN] Step: 131 ; Loss: 30.242 ; Acc: 31.944
2018-09-19 15:06:03,373:INFO: [TRAIN] Step: 132 ; Loss: 29.496 ; Acc: 31.861
2018-09-19 15:06:03,454:INFO: [TRAIN] Step: 133 ; Loss: 24.583 ; Acc: 31.748
2018-09-19 15:06:03,526:INFO: [TRAIN] Step: 134 ; Loss: 31.031 ; Acc: 31.667
2018-09-19 15:06:03,621:INFO: [TRAIN] Step: 135 ; Loss: 27.879 ; Acc: 31.618
2018-09-19 15:06:03,700:INFO: [TRAIN] Step: 136 ; Loss: 26.321 ; Acc: 31.721
2018-09-19 15:06:03,781:INFO: [TRAIN] Step: 137 ; Loss: 27.709 ; Acc: 31.793
2018-09-19 15:06:03,853:INFO: [TRAIN] Step: 138 ; Loss: 26.916 ; Acc: 31.805
2018-09-19 15:06:03,938:INFO: [TRAIN] Step: 139 ; Loss: 28.051 ; Acc: 31.815
2018-09-19 15:06:04,009:INFO: [TRAIN] Step: 140 ; Loss: 29.815 ; Acc: 31.915
2018-09-19 15:06:04,089:INFO: [TRAIN] Step: 141 ; Loss: 24.651 ; Acc: 31.954
2018-09-19 15:06:04,163:INFO: [TRAIN] Step: 142 ; Loss: 27.708 ; Acc: 31.906
2018-09-19 15:06:04,242:INFO: [TRAIN] Step: 143 ; Loss: 26.998 ; Acc: 31.973
2018-09-19 15:06:04,316:INFO: [TRAIN] Step: 144 ; Loss: 33.406 ; Acc: 32.040
2018-09-19 15:06:04,395:INFO: [TRAIN] Step: 145 ; Loss: 30.412 ; Acc: 32.078
2018-09-19 15:06:04,466:INFO: [TRAIN] Step: 146 ; Loss: 27.810 ; Acc: 32.086
2018-09-19 15:06:04,547:INFO: [TRAIN] Step: 147 ; Loss: 30.386 ; Acc: 32.038
2018-09-19 15:06:04,621:INFO: [TRAIN] Step: 148 ; Loss: 26.763 ; Acc: 32.103
2018-09-19 15:06:04,703:INFO: [TRAIN] Step: 149 ; Loss: 28.671 ; Acc: 32.222
2018-09-19 15:06:04,775:INFO: [TRAIN] Step: 150 ; Loss: 36.783 ; Acc: 32.147
2018-09-19 15:06:04,855:INFO: [TRAIN] Step: 151 ; Loss: 31.373 ; Acc: 32.209
2018-09-19 15:06:04,927:INFO: [TRAIN] Step: 152 ; Loss: 25.688 ; Acc: 32.217
2018-09-19 15:06:05,006:INFO: [TRAIN] Step: 153 ; Loss: 28.520 ; Acc: 32.278
2018-09-19 15:06:05,080:INFO: [TRAIN] Step: 154 ; Loss: 29.855 ; Acc: 32.312
2018-09-19 15:06:05,196:INFO: [TRAIN] Step: 155 ; Loss: 25.685 ; Acc: 32.318
2018-09-19 15:06:05,276:INFO: [TRAIN] Step: 156 ; Loss: 27.445 ; Acc: 32.484
2018-09-19 15:06:05,351:INFO: [TRAIN] Step: 157 ; Loss: 29.103 ; Acc: 32.463
2018-09-19 15:06:05,425:INFO: [TRAIN] Step: 158 ; Loss: 27.380 ; Acc: 32.573
2018-09-19 15:06:05,505:INFO: [TRAIN] Step: 159 ; Loss: 30.889 ; Acc: 32.552
2018-09-19 15:06:05,579:INFO: [TRAIN] Step: 160 ; Loss: 31.844 ; Acc: 32.453
2018-09-19 15:06:05,666:INFO: [TRAIN] Step: 161 ; Loss: 26.314 ; Acc: 32.536
2018-09-19 15:06:05,739:INFO: [TRAIN] Step: 162 ; Loss: 25.884 ; Acc: 32.541
2018-09-19 15:06:05,822:INFO: [TRAIN] Step: 163 ; Loss: 28.456 ; Acc: 32.622
2018-09-19 15:06:05,900:INFO: [TRAIN] Step: 164 ; Loss: 30.718 ; Acc: 32.576
2018-09-19 15:06:05,980:INFO: [TRAIN] Step: 165 ; Loss: 25.096 ; Acc: 32.656
2018-09-19 15:06:06,052:INFO: [TRAIN] Step: 166 ; Loss: 30.945 ; Acc: 32.685
2018-09-19 15:06:06,132:INFO: [TRAIN] Step: 167 ; Loss: 26.731 ; Acc: 32.738
2018-09-19 15:06:06,204:INFO: [TRAIN] Step: 168 ; Loss: 28.211 ; Acc: 32.840
2018-09-19 15:06:06,284:INFO: [TRAIN] Step: 169 ; Loss: 28.795 ; Acc: 32.770
2018-09-19 15:06:06,356:INFO: [TRAIN] Step: 170 ; Loss: 31.563 ; Acc: 32.773
2018-09-19 15:06:06,437:INFO: [TRAIN] Step: 171 ; Loss: 30.055 ; Acc: 32.752
2018-09-19 15:06:06,509:INFO: [TRAIN] Step: 172 ; Loss: 25.783 ; Acc: 32.683
2018-09-19 15:06:06,587:INFO: [TRAIN] Step: 173 ; Loss: 28.874 ; Acc: 32.591
2018-09-19 15:06:06,670:INFO: [TRAIN] Step: 174 ; Loss: 31.976 ; Acc: 32.548
2018-09-19 15:06:06,765:INFO: [TRAIN] Step: 175 ; Loss: 28.979 ; Acc: 32.410
2018-09-19 15:06:06,840:INFO: [TRAIN] Step: 176 ; Loss: 29.432 ; Acc: 32.321
2018-09-19 15:06:06,947:INFO: [TRAIN] Step: 177 ; Loss: 29.936 ; Acc: 32.303
2018-09-19 15:06:07,022:INFO: [TRAIN] Step: 178 ; Loss: 31.334 ; Acc: 32.309
2018-09-19 15:06:07,118:INFO: [TRAIN] Step: 179 ; Loss: 27.771 ; Acc: 32.338
2018-09-19 15:06:07,204:INFO: [TRAIN] Step: 180 ; Loss: 27.996 ; Acc: 32.390
2018-09-19 15:06:07,295:INFO: [TRAIN] Step: 181 ; Loss: 29.565 ; Acc: 32.395
2018-09-19 15:06:07,368:INFO: [TRAIN] Step: 182 ; Loss: 35.146 ; Acc: 32.354
2018-09-19 15:06:07,448:INFO: [TRAIN] Step: 183 ; Loss: 25.767 ; Acc: 32.405
2018-09-19 15:06:07,525:INFO: [TRAIN] Step: 184 ; Loss: 29.607 ; Acc: 32.410
2018-09-19 15:06:07,606:INFO: [TRAIN] Step: 185 ; Loss: 29.928 ; Acc: 32.325
2018-09-19 15:06:07,683:INFO: [TRAIN] Step: 186 ; Loss: 30.173 ; Acc: 32.353
2018-09-19 15:06:07,762:INFO: [TRAIN] Step: 187 ; Loss: 27.815 ; Acc: 32.380
2018-09-19 15:06:07,839:INFO: [TRAIN] Step: 188 ; Loss: 30.711 ; Acc: 32.341
2018-09-19 15:06:07,918:INFO: [TRAIN] Step: 189 ; Loss: 28.501 ; Acc: 32.412
2018-09-19 15:06:08,007:INFO: [TRAIN] Step: 190 ; Loss: 25.912 ; Acc: 32.439
2018-09-19 15:06:08,092:INFO: [TRAIN] Step: 191 ; Loss: 28.499 ; Acc: 32.422
2018-09-19 15:06:08,167:INFO: [TRAIN] Step: 192 ; Loss: 29.206 ; Acc: 32.491
2018-09-19 15:06:08,251:INFO: [TRAIN] Step: 193 ; Loss: 25.528 ; Acc: 32.560
2018-09-19 15:06:08,328:INFO: [TRAIN] Step: 194 ; Loss: 31.405 ; Acc: 32.500
2018-09-19 15:06:08,413:INFO: [TRAIN] Step: 195 ; Loss: 33.197 ; Acc: 32.398
2018-09-19 15:06:08,491:INFO: [TRAIN] Step: 196 ; Loss: 28.673 ; Acc: 32.466
2018-09-19 15:06:08,573:INFO: [TRAIN] Step: 197 ; Loss: 31.738 ; Acc: 32.471
2018-09-19 15:06:08,648:INFO: [TRAIN] Step: 198 ; Loss: 29.177 ; Acc: 32.433
2018-09-19 15:06:08,730:INFO: [TRAIN] Step: 199 ; Loss: 27.556 ; Acc: 32.396
2018-09-19 15:06:08,803:INFO: [TRAIN] Step: 200 ; Loss: 28.080 ; Acc: 32.463
2018-09-19 15:06:08,882:INFO: [TRAIN] Step: 201 ; Loss: 29.812 ; Acc: 32.446
2018-09-19 15:06:08,955:INFO: [TRAIN] Step: 202 ; Loss: 28.195 ; Acc: 32.492
2018-09-19 15:06:09,034:INFO: [TRAIN] Step: 203 ; Loss: 29.630 ; Acc: 32.455
2018-09-19 15:06:09,107:INFO: [TRAIN] Step: 204 ; Loss: 25.999 ; Acc: 32.439
2018-09-19 15:06:09,190:INFO: [TRAIN] Step: 205 ; Loss: 26.040 ; Acc: 32.403
2018-09-19 15:06:09,265:INFO: [TRAIN] Step: 206 ; Loss: 29.144 ; Acc: 32.387
2018-09-19 15:06:09,345:INFO: [TRAIN] Step: 207 ; Loss: 24.871 ; Acc: 32.392
2018-09-19 15:06:09,423:INFO: [TRAIN] Step: 208 ; Loss: 28.431 ; Acc: 32.337
2018-09-19 15:06:09,504:INFO: [TRAIN] Step: 209 ; Loss: 28.224 ; Acc: 32.282
2018-09-19 15:06:09,579:INFO: [TRAIN] Step: 210 ; Loss: 27.882 ; Acc: 32.287
2018-09-19 15:06:09,659:INFO: [TRAIN] Step: 211 ; Loss: 28.229 ; Acc: 32.193
2018-09-19 15:06:09,732:INFO: [TRAIN] Step: 212 ; Loss: 28.490 ; Acc: 32.218
2018-09-19 15:06:09,811:INFO: [TRAIN] Step: 213 ; Loss: 25.256 ; Acc: 32.224
2018-09-19 15:06:09,884:INFO: [TRAIN] Step: 214 ; Loss: 30.856 ; Acc: 32.190
2018-09-19 15:06:09,963:INFO: [TRAIN] Step: 215 ; Loss: 26.818 ; Acc: 32.176
2018-09-19 15:06:10,036:INFO: [TRAIN] Step: 216 ; Loss: 27.364 ; Acc: 32.181
2018-09-19 15:06:10,115:INFO: [TRAIN] Step: 217 ; Loss: 26.998 ; Acc: 32.187
2018-09-19 15:06:10,187:INFO: [TRAIN] Step: 218 ; Loss: 27.322 ; Acc: 32.249
2018-09-19 15:06:10,264:INFO: [TRAIN] Step: 219 ; Loss: 27.306 ; Acc: 32.367
2018-09-19 15:06:10,336:INFO: [TRAIN] Step: 220 ; Loss: 30.600 ; Acc: 32.410
2018-09-19 15:06:10,415:INFO: [TRAIN] Step: 221 ; Loss: 30.078 ; Acc: 32.432
2018-09-19 15:06:10,487:INFO: [TRAIN] Step: 222 ; Loss: 31.637 ; Acc: 32.399
2018-09-19 15:06:10,569:INFO: [TRAIN] Step: 223 ; Loss: 29.245 ; Acc: 32.440
2018-09-19 15:06:10,640:INFO: [TRAIN] Step: 224 ; Loss: 27.078 ; Acc: 32.500
2018-09-19 15:06:10,720:INFO: [TRAIN] Step: 225 ; Loss: 26.873 ; Acc: 32.559
2018-09-19 15:06:10,795:INFO: [TRAIN] Step: 226 ; Loss: 26.064 ; Acc: 32.562
2018-09-19 15:06:10,878:INFO: [TRAIN] Step: 227 ; Loss: 28.869 ; Acc: 32.566
2018-09-19 15:06:10,950:INFO: [TRAIN] Step: 228 ; Loss: 34.173 ; Acc: 32.478
2018-09-19 15:06:11,037:INFO: [TRAIN] Step: 229 ; Loss: 26.874 ; Acc: 32.518
2018-09-19 15:06:11,110:INFO: [TRAIN] Step: 230 ; Loss: 29.533 ; Acc: 32.522
2018-09-19 15:06:11,190:INFO: [TRAIN] Step: 231 ; Loss: 31.601 ; Acc: 32.561
2018-09-19 15:06:11,262:INFO: [TRAIN] Step: 232 ; Loss: 28.824 ; Acc: 32.600
2018-09-19 15:06:11,340:INFO: [TRAIN] Step: 233 ; Loss: 32.741 ; Acc: 32.568
2018-09-19 15:06:11,413:INFO: [TRAIN] Step: 234 ; Loss: 27.703 ; Acc: 32.624
2018-09-19 15:06:11,493:INFO: [TRAIN] Step: 235 ; Loss: 28.999 ; Acc: 32.645
2018-09-19 15:06:11,567:INFO: [TRAIN] Step: 236 ; Loss: 25.300 ; Acc: 32.648
2018-09-19 15:06:11,646:INFO: [TRAIN] Step: 237 ; Loss: 26.665 ; Acc: 32.651
2018-09-19 15:06:11,717:INFO: [TRAIN] Step: 238 ; Loss: 27.046 ; Acc: 32.706
2018-09-19 15:06:11,797:INFO: [TRAIN] Step: 239 ; Loss: 32.229 ; Acc: 32.708
2018-09-19 15:06:11,870:INFO: [TRAIN] Step: 240 ; Loss: 30.088 ; Acc: 32.694
2018-09-19 15:06:11,950:INFO: [TRAIN] Step: 241 ; Loss: 26.729 ; Acc: 32.696
2018-09-19 15:06:12,022:INFO: [TRAIN] Step: 242 ; Loss: 24.908 ; Acc: 32.733
2018-09-19 15:06:12,101:INFO: [TRAIN] Step: 243 ; Loss: 29.629 ; Acc: 32.736
2018-09-19 15:06:12,173:INFO: [TRAIN] Step: 244 ; Loss: 26.422 ; Acc: 32.789
2018-09-19 15:06:12,251:INFO: [TRAIN] Step: 245 ; Loss: 30.537 ; Acc: 32.791
2018-09-19 15:06:12,322:INFO: [TRAIN] Step: 246 ; Loss: 28.505 ; Acc: 32.743
2018-09-19 15:06:12,402:INFO: [TRAIN] Step: 247 ; Loss: 27.405 ; Acc: 32.846
2018-09-19 15:06:12,473:INFO: [TRAIN] Step: 248 ; Loss: 25.149 ; Acc: 32.898
2018-09-19 15:06:12,552:INFO: [TRAIN] Step: 249 ; Loss: 27.891 ; Acc: 32.933
2018-09-19 15:06:12,625:INFO: [TRAIN] Step: 250 ; Loss: 27.239 ; Acc: 32.935
2018-09-19 15:06:12,703:INFO: [TRAIN] Step: 251 ; Loss: 31.366 ; Acc: 32.920
2018-09-19 15:06:12,777:INFO: [TRAIN] Step: 252 ; Loss: 29.948 ; Acc: 32.905
2018-09-19 15:06:12,855:INFO: [TRAIN] Step: 253 ; Loss: 29.397 ; Acc: 32.940
2018-09-19 15:06:12,930:INFO: [TRAIN] Step: 254 ; Loss: 31.845 ; Acc: 32.941
2018-09-19 15:06:13,009:INFO: [TRAIN] Step: 255 ; Loss: 25.575 ; Acc: 32.959
2018-09-19 15:06:13,083:INFO: [TRAIN] Step: 256 ; Loss: 26.249 ; Acc: 32.977
2018-09-19 15:06:13,163:INFO: [TRAIN] Step: 257 ; Loss: 31.473 ; Acc: 32.930
2018-09-19 15:06:13,237:INFO: [TRAIN] Step: 258 ; Loss: 29.081 ; Acc: 32.931
2018-09-19 15:06:13,317:INFO: [TRAIN] Step: 259 ; Loss: 28.780 ; Acc: 32.965
2018-09-19 15:06:13,390:INFO: [TRAIN] Step: 260 ; Loss: 29.344 ; Acc: 32.950
2018-09-19 15:06:13,469:INFO: [TRAIN] Step: 261 ; Loss: 33.351 ; Acc: 32.936
2018-09-19 15:06:13,542:INFO: [TRAIN] Step: 262 ; Loss: 25.689 ; Acc: 32.985
2018-09-19 15:06:13,622:INFO: [TRAIN] Step: 263 ; Loss: 29.918 ; Acc: 33.049
2018-09-19 15:06:13,695:INFO: [TRAIN] Step: 264 ; Loss: 29.739 ; Acc: 33.066
2018-09-19 15:06:13,775:INFO: [TRAIN] Step: 265 ; Loss: 28.066 ; Acc: 33.067
2018-09-19 15:06:13,847:INFO: [TRAIN] Step: 266 ; Loss: 30.828 ; Acc: 33.052
2018-09-19 15:06:13,931:INFO: [TRAIN] Step: 267 ; Loss: 31.253 ; Acc: 33.038
2018-09-19 15:06:14,002:INFO: [TRAIN] Step: 268 ; Loss: 26.070 ; Acc: 33.101
2018-09-19 15:06:14,081:INFO: [TRAIN] Step: 269 ; Loss: 30.365 ; Acc: 33.071
2018-09-19 15:06:14,157:INFO: [TRAIN] Step: 270 ; Loss: 33.949 ; Acc: 33.057
2018-09-19 15:06:14,237:INFO: [TRAIN] Step: 271 ; Loss: 26.640 ; Acc: 33.088
2018-09-19 15:06:14,310:INFO: [TRAIN] Step: 272 ; Loss: 30.899 ; Acc: 33.074
2018-09-19 15:06:14,391:INFO: [TRAIN] Step: 273 ; Loss: 29.704 ; Acc: 33.044
2018-09-19 15:06:14,464:INFO: [TRAIN] Step: 274 ; Loss: 29.577 ; Acc: 33.045
2018-09-19 15:06:14,543:INFO: [TRAIN] Step: 275 ; Loss: 27.712 ; Acc: 33.107
2018-09-19 15:06:14,615:INFO: [TRAIN] Step: 276 ; Loss: 33.286 ; Acc: 33.063
2018-09-19 15:06:14,694:INFO: [TRAIN] Step: 277 ; Loss: 33.637 ; Acc: 33.019
2018-09-19 15:06:14,765:INFO: [TRAIN] Step: 278 ; Loss: 31.457 ; Acc: 33.020
2018-09-19 15:06:14,844:INFO: [TRAIN] Step: 279 ; Loss: 27.582 ; Acc: 33.036
2018-09-19 15:06:14,917:INFO: [TRAIN] Step: 280 ; Loss: 28.293 ; Acc: 33.066
2018-09-19 15:06:14,997:INFO: [TRAIN] Step: 281 ; Loss: 25.487 ; Acc: 33.141
2018-09-19 15:06:15,072:INFO: [TRAIN] Step: 282 ; Loss: 27.708 ; Acc: 33.157
2018-09-19 15:06:15,153:INFO: [TRAIN] Step: 283 ; Loss: 26.103 ; Acc: 33.157
2018-09-19 15:06:15,227:INFO: [TRAIN] Step: 284 ; Loss: 27.835 ; Acc: 33.173
2018-09-19 15:06:15,309:INFO: [TRAIN] Step: 285 ; Loss: 29.555 ; Acc: 33.129
2018-09-19 15:06:15,382:INFO: [TRAIN] Step: 286 ; Loss: 27.632 ; Acc: 33.101
2018-09-19 15:06:15,462:INFO: [TRAIN] Step: 287 ; Loss: 31.159 ; Acc: 33.087
2018-09-19 15:06:15,536:INFO: [TRAIN] Step: 288 ; Loss: 27.571 ; Acc: 33.103
2018-09-19 15:06:15,613:INFO: [TRAIN] Step: 289 ; Loss: 29.082 ; Acc: 33.103
2018-09-19 15:06:15,687:INFO: [TRAIN] Step: 290 ; Loss: 31.129 ; Acc: 33.076
2018-09-19 15:06:15,768:INFO: [TRAIN] Step: 291 ; Loss: 27.487 ; Acc: 33.034
2018-09-19 15:06:15,844:INFO: [TRAIN] Step: 292 ; Loss: 25.182 ; Acc: 33.049
2018-09-19 15:06:15,930:INFO: [TRAIN] Step: 293 ; Loss: 28.301 ; Acc: 33.036
2018-09-19 15:06:16,003:INFO: [TRAIN] Step: 294 ; Loss: 30.618 ; Acc: 33.008
2018-09-19 15:06:16,082:INFO: [TRAIN] Step: 295 ; Loss: 27.645 ; Acc: 33.066
2018-09-19 15:06:16,154:INFO: [TRAIN] Step: 296 ; Loss: 28.966 ; Acc: 33.081
2018-09-19 15:06:16,233:INFO: [TRAIN] Step: 297 ; Loss: 27.804 ; Acc: 33.096
2018-09-19 15:06:16,305:INFO: [TRAIN] Step: 298 ; Loss: 26.990 ; Acc: 33.138
2018-09-19 15:06:16,394:INFO: [TRAIN] Step: 299 ; Loss: 30.476 ; Acc: 33.097
2018-09-19 15:06:16,473:INFO: [TRAIN] Step: 300 ; Loss: 25.528 ; Acc: 33.126
2018-09-19 15:06:16,555:INFO: [TRAIN] Step: 301 ; Loss: 27.625 ; Acc: 33.126
2018-09-19 15:06:16,626:INFO: [TRAIN] Step: 302 ; Loss: 30.496 ; Acc: 33.113
2018-09-19 15:06:16,705:INFO: [TRAIN] Step: 303 ; Loss: 28.920 ; Acc: 33.087
2018-09-19 15:06:16,779:INFO: [TRAIN] Step: 304 ; Loss: 28.283 ; Acc: 33.115
2018-09-19 15:06:16,859:INFO: [TRAIN] Step: 305 ; Loss: 30.095 ; Acc: 33.143
2018-09-19 15:06:16,932:INFO: [TRAIN] Step: 306 ; Loss: 31.309 ; Acc: 33.130
2018-09-19 15:06:17,011:INFO: [TRAIN] Step: 307 ; Loss: 28.904 ; Acc: 33.090
2018-09-19 15:06:17,084:INFO: [TRAIN] Step: 308 ; Loss: 28.543 ; Acc: 33.050
2018-09-19 15:06:17,162:INFO: [TRAIN] Step: 309 ; Loss: 23.154 ; Acc: 33.091
2018-09-19 15:06:17,233:INFO: [TRAIN] Step: 310 ; Loss: 34.484 ; Acc: 33.065
2018-09-19 15:06:17,311:INFO: [TRAIN] Step: 311 ; Loss: 30.318 ; Acc: 33.080
2018-09-19 15:06:17,385:INFO: [TRAIN] Step: 312 ; Loss: 29.202 ; Acc: 33.094
2018-09-19 15:06:17,463:INFO: [TRAIN] Step: 313 ; Loss: 32.597 ; Acc: 33.081
2018-09-19 15:06:17,538:INFO: [TRAIN] Step: 314 ; Loss: 30.219 ; Acc: 33.095
2018-09-19 15:06:17,629:INFO: [TRAIN] Step: 315 ; Loss: 26.856 ; Acc: 33.136
2018-09-19 15:06:17,703:INFO: [TRAIN] Step: 316 ; Loss: 28.984 ; Acc: 33.123
2018-09-19 15:06:17,782:INFO: [TRAIN] Step: 317 ; Loss: 30.237 ; Acc: 33.071
2018-09-19 15:06:17,854:INFO: [TRAIN] Step: 318 ; Loss: 32.576 ; Acc: 33.046
2018-09-19 15:06:17,934:INFO: [TRAIN] Step: 319 ; Loss: 25.696 ; Acc: 33.086
2018-09-19 15:06:18,005:INFO: [TRAIN] Step: 320 ; Loss: 28.844 ; Acc: 33.087
2018-09-19 15:06:18,085:INFO: [TRAIN] Step: 321 ; Loss: 32.152 ; Acc: 33.100
2018-09-19 15:06:18,161:INFO: [TRAIN] Step: 322 ; Loss: 25.744 ; Acc: 33.127
2018-09-19 15:06:18,242:INFO: [TRAIN] Step: 323 ; Loss: 30.019 ; Acc: 33.089
2018-09-19 15:06:18,315:INFO: [TRAIN] Step: 324 ; Loss: 28.088 ; Acc: 33.090
2018-09-19 15:06:18,395:INFO: [TRAIN] Step: 325 ; Loss: 30.039 ; Acc: 33.103
2018-09-19 15:06:18,469:INFO: [TRAIN] Step: 326 ; Loss: 24.608 ; Acc: 33.180
2018-09-19 15:06:18,553:INFO: [TRAIN] Step: 327 ; Loss: 30.117 ; Acc: 33.168
2018-09-19 15:06:18,630:INFO: [TRAIN] Step: 328 ; Loss: 32.243 ; Acc: 33.194
2018-09-19 15:06:18,708:INFO: [TRAIN] Step: 329 ; Loss: 27.497 ; Acc: 33.194
2018-09-19 15:06:18,780:INFO: [TRAIN] Step: 330 ; Loss: 31.544 ; Acc: 33.182
2018-09-19 15:06:18,860:INFO: [TRAIN] Step: 331 ; Loss: 30.090 ; Acc: 33.208
2018-09-19 15:06:18,933:INFO: [TRAIN] Step: 332 ; Loss: 29.016 ; Acc: 33.196
2018-09-19 15:06:19,014:INFO: [TRAIN] Step: 333 ; Loss: 30.212 ; Acc: 33.171
2018-09-19 15:06:19,084:INFO: [TRAIN] Step: 334 ; Loss: 25.986 ; Acc: 33.172
2018-09-19 15:06:19,166:INFO: [TRAIN] Step: 335 ; Loss: 28.676 ; Acc: 33.172
2018-09-19 15:06:19,237:INFO: [TRAIN] Step: 336 ; Loss: 29.153 ; Acc: 33.173
2018-09-19 15:06:19,316:INFO: [TRAIN] Step: 337 ; Loss: 23.827 ; Acc: 33.198
2018-09-19 15:06:19,388:INFO: [TRAIN] Step: 338 ; Loss: 29.182 ; Acc: 33.247
2018-09-19 15:06:19,467:INFO: [TRAIN] Step: 339 ; Loss: 27.622 ; Acc: 33.321
2018-09-19 15:06:19,539:INFO: [TRAIN] Step: 340 ; Loss: 29.290 ; Acc: 33.309
2018-09-19 15:06:19,618:INFO: [TRAIN] Step: 341 ; Loss: 26.659 ; Acc: 33.297
2018-09-19 15:06:19,698:INFO: [TRAIN] Step: 342 ; Loss: 31.087 ; Acc: 33.273
2018-09-19 15:06:19,786:INFO: [TRAIN] Step: 343 ; Loss: 31.863 ; Acc: 33.261
2018-09-19 15:06:19,857:INFO: [TRAIN] Step: 344 ; Loss: 29.879 ; Acc: 33.261
2018-09-19 15:06:19,936:INFO: [TRAIN] Step: 345 ; Loss: 29.232 ; Acc: 33.297
2018-09-19 15:06:20,008:INFO: [TRAIN] Step: 346 ; Loss: 30.061 ; Acc: 33.273
2018-09-19 15:06:20,087:INFO: [TRAIN] Step: 347 ; Loss: 29.314 ; Acc: 33.285
2018-09-19 15:06:20,159:INFO: [TRAIN] Step: 348 ; Loss: 28.692 ; Acc: 33.309
2018-09-19 15:06:20,238:INFO: [TRAIN] Step: 349 ; Loss: 29.981 ; Acc: 33.321
2018-09-19 15:06:20,311:INFO: [TRAIN] Step: 350 ; Loss: 30.185 ; Acc: 33.333
2018-09-19 15:06:20,390:INFO: [TRAIN] Step: 351 ; Loss: 28.704 ; Acc: 33.357
2018-09-19 15:06:20,463:INFO: [TRAIN] Step: 352 ; Loss: 29.065 ; Acc: 33.381
2018-09-19 15:06:20,543:INFO: [TRAIN] Step: 353 ; Loss: 29.296 ; Acc: 33.392
2018-09-19 15:06:20,616:INFO: [TRAIN] Step: 354 ; Loss: 28.181 ; Acc: 33.404
2018-09-19 15:06:20,696:INFO: [TRAIN] Step: 355 ; Loss: 29.446 ; Acc: 33.404
2018-09-19 15:06:20,768:INFO: [TRAIN] Step: 356 ; Loss: 31.695 ; Acc: 33.403
2018-09-19 15:06:20,852:INFO: [TRAIN] Step: 357 ; Loss: 25.647 ; Acc: 33.426
2018-09-19 15:06:20,926:INFO: [TRAIN] Step: 358 ; Loss: 24.547 ; Acc: 33.473
2018-09-19 15:06:21,005:INFO: [TRAIN] Step: 359 ; Loss: 31.310 ; Acc: 33.449
2018-09-19 15:06:21,078:INFO: [TRAIN] Step: 360 ; Loss: 29.491 ; Acc: 33.495
2018-09-19 15:06:21,159:INFO: [TRAIN] Step: 361 ; Loss: 28.460 ; Acc: 33.483
2018-09-19 15:06:21,232:INFO: [TRAIN] Step: 362 ; Loss: 29.430 ; Acc: 33.540
2018-09-19 15:06:21,313:INFO: [TRAIN] Step: 363 ; Loss: 28.747 ; Acc: 33.562
2018-09-19 15:06:21,386:INFO: [TRAIN] Step: 364 ; Loss: 29.248 ; Acc: 33.584
2018-09-19 15:06:21,466:INFO: [TRAIN] Step: 365 ; Loss: 28.140 ; Acc: 33.607
2018-09-19 15:06:21,539:INFO: [TRAIN] Step: 366 ; Loss: 28.145 ; Acc: 33.629
2018-09-19 15:06:21,619:INFO: [TRAIN] Step: 367 ; Loss: 26.007 ; Acc: 33.662
2018-09-19 15:06:21,692:INFO: [TRAIN] Step: 368 ; Loss: 29.305 ; Acc: 33.672
2018-09-19 15:06:21,772:INFO: [TRAIN] Step: 369 ; Loss: 28.147 ; Acc: 33.727
2018-09-19 15:06:21,843:INFO: [TRAIN] Step: 370 ; Loss: 26.693 ; Acc: 33.726
2018-09-19 15:06:21,927:INFO: [TRAIN] Step: 371 ; Loss: 28.996 ; Acc: 33.759
2018-09-19 15:06:21,999:INFO: [TRAIN] Step: 372 ; Loss: 29.368 ; Acc: 33.769
2018-09-19 15:06:22,080:INFO: [TRAIN] Step: 373 ; Loss: 31.475 ; Acc: 33.746
2018-09-19 15:06:22,151:INFO: [TRAIN] Step: 374 ; Loss: 25.922 ; Acc: 33.767
2018-09-19 15:06:22,230:INFO: [TRAIN] Step: 375 ; Loss: 26.478 ; Acc: 33.777
2018-09-19 15:06:22,304:INFO: [TRAIN] Step: 376 ; Loss: 27.311 ; Acc: 33.798
2018-09-19 15:06:22,386:INFO: [TRAIN] Step: 377 ; Loss: 27.953 ; Acc: 33.818
2018-09-19 15:06:22,457:INFO: [TRAIN] Step: 378 ; Loss: 27.263 ; Acc: 33.839
2018-09-19 15:06:22,536:INFO: [TRAIN] Step: 379 ; Loss: 30.222 ; Acc: 33.816
2018-09-19 15:06:22,608:INFO: [TRAIN] Step: 380 ; Loss: 27.532 ; Acc: 33.836
2018-09-19 15:06:22,688:INFO: [TRAIN] Step: 381 ; Loss: 29.248 ; Acc: 33.857
2018-09-19 15:06:22,765:INFO: [TRAIN] Step: 382 ; Loss: 31.381 ; Acc: 33.845
2018-09-19 15:06:22,845:INFO: [TRAIN] Step: 383 ; Loss: 27.551 ; Acc: 33.854
2018-09-19 15:06:22,919:INFO: [TRAIN] Step: 384 ; Loss: 26.845 ; Acc: 33.885
2018-09-19 15:06:23,000:INFO: [TRAIN] Step: 385 ; Loss: 30.278 ; Acc: 33.949
2018-09-19 15:06:23,072:INFO: [TRAIN] Step: 386 ; Loss: 33.578 ; Acc: 33.893
2018-09-19 15:06:23,153:INFO: [TRAIN] Step: 387 ; Loss: 28.141 ; Acc: 33.892
2018-09-19 15:06:23,224:INFO: [TRAIN] Step: 388 ; Loss: 25.935 ; Acc: 33.912
2018-09-19 15:06:23,305:INFO: [TRAIN] Step: 389 ; Loss: 25.907 ; Acc: 33.900
2018-09-19 15:06:23,376:INFO: [TRAIN] Step: 390 ; Loss: 25.101 ; Acc: 33.930
2018-09-19 15:06:23,456:INFO: [TRAIN] Step: 391 ; Loss: 26.770 ; Acc: 33.918
2018-09-19 15:06:23,527:INFO: [TRAIN] Step: 392 ; Loss: 28.497 ; Acc: 33.916
2018-09-19 15:06:23,605:INFO: [TRAIN] Step: 393 ; Loss: 27.329 ; Acc: 33.904
2018-09-19 15:06:23,677:INFO: [TRAIN] Step: 394 ; Loss: 28.706 ; Acc: 33.882
2018-09-19 15:06:23,757:INFO: [TRAIN] Step: 395 ; Loss: 29.268 ; Acc: 33.891
2018-09-19 15:06:23,829:INFO: [TRAIN] Step: 396 ; Loss: 25.891 ; Acc: 33.879
2018-09-19 15:06:23,913:INFO: [TRAIN] Step: 397 ; Loss: 24.932 ; Acc: 33.899
2018-09-19 15:06:23,991:INFO: [TRAIN] Step: 398 ; Loss: 28.049 ; Acc: 33.866
2018-09-19 15:06:24,070:INFO: [TRAIN] Step: 399 ; Loss: 27.978 ; Acc: 33.885
2018-09-19 15:06:24,142:INFO: [TRAIN] Step: 400 ; Loss: 31.015 ; Acc: 33.842
2018-09-19 15:06:24,224:INFO: [TRAIN] Step: 401 ; Loss: 24.860 ; Acc: 33.841
2018-09-19 15:06:24,297:INFO: [TRAIN] Step: 402 ; Loss: 26.100 ; Acc: 33.819
2018-09-19 15:06:24,377:INFO: [TRAIN] Step: 403 ; Loss: 30.542 ; Acc: 33.808
2018-09-19 15:06:24,452:INFO: [TRAIN] Step: 404 ; Loss: 31.327 ; Acc: 33.807
2018-09-19 15:06:24,529:INFO: [TRAIN] Step: 405 ; Loss: 30.318 ; Acc: 33.785
2018-09-19 15:06:24,601:INFO: [TRAIN] Step: 406 ; Loss: 23.820 ; Acc: 33.743
2018-09-19 15:06:24,680:INFO: [TRAIN] Step: 407 ; Loss: 29.873 ; Acc: 33.762
2018-09-19 15:06:24,754:INFO: [TRAIN] Step: 408 ; Loss: 32.041 ; Acc: 33.731
2018-09-19 15:06:24,834:INFO: [TRAIN] Step: 409 ; Loss: 30.134 ; Acc: 33.730
2018-09-19 15:06:24,905:INFO: [TRAIN] Step: 410 ; Loss: 28.536 ; Acc: 33.749
2018-09-19 15:06:24,985:INFO: [TRAIN] Step: 411 ; Loss: 26.525 ; Acc: 33.718
2018-09-19 15:06:25,057:INFO: [TRAIN] Step: 412 ; Loss: 31.444 ; Acc: 33.717
2018-09-19 15:06:25,139:INFO: [TRAIN] Step: 413 ; Loss: 31.543 ; Acc: 33.686
2018-09-19 15:06:25,212:INFO: [TRAIN] Step: 414 ; Loss: 27.289 ; Acc: 33.675
2018-09-19 15:06:25,293:INFO: [TRAIN] Step: 415 ; Loss: 28.097 ; Acc: 33.654
2018-09-19 15:06:25,365:INFO: [TRAIN] Step: 416 ; Loss: 27.790 ; Acc: 33.643
2018-09-19 15:06:25,444:INFO: [TRAIN] Step: 417 ; Loss: 24.746 ; Acc: 33.622
2018-09-19 15:06:25,516:INFO: [TRAIN] Step: 418 ; Loss: 31.577 ; Acc: 33.612
2018-09-19 15:06:25,595:INFO: [TRAIN] Step: 419 ; Loss: 24.244 ; Acc: 33.700
2018-09-19 15:06:25,668:INFO: [TRAIN] Step: 420 ; Loss: 26.916 ; Acc: 33.700
2018-09-19 15:06:25,749:INFO: [TRAIN] Step: 421 ; Loss: 29.116 ; Acc: 33.758
2018-09-19 15:06:25,819:INFO: [TRAIN] Step: 422 ; Loss: 24.870 ; Acc: 33.777
2018-09-19 15:06:25,899:INFO: [TRAIN] Step: 423 ; Loss: 31.855 ; Acc: 33.736
2018-09-19 15:06:25,977:INFO: [TRAIN] Step: 424 ; Loss: 31.463 ; Acc: 33.725
2018-09-19 15:06:26,056:INFO: [TRAIN] Step: 425 ; Loss: 27.212 ; Acc: 33.734
2018-09-19 15:06:26,130:INFO: [TRAIN] Step: 426 ; Loss: 31.489 ; Acc: 33.704
2018-09-19 15:06:26,208:INFO: [TRAIN] Step: 427 ; Loss: 29.338 ; Acc: 33.703
2018-09-19 15:06:26,281:INFO: [TRAIN] Step: 428 ; Loss: 29.602 ; Acc: 33.702
2018-09-19 15:06:26,362:INFO: [TRAIN] Step: 429 ; Loss: 30.300 ; Acc: 33.702
2018-09-19 15:06:26,434:INFO: [TRAIN] Step: 430 ; Loss: 31.415 ; Acc: 33.691
2018-09-19 15:06:26,515:INFO: [TRAIN] Step: 431 ; Loss: 33.624 ; Acc: 33.681
2018-09-19 15:06:26,591:INFO: [TRAIN] Step: 432 ; Loss: 30.074 ; Acc: 33.709
2018-09-19 15:06:26,691:INFO: [TRAIN] Step: 433 ; Loss: 26.392 ; Acc: 33.746
2018-09-19 15:06:26,763:INFO: [TRAIN] Step: 434 ; Loss: 24.057 ; Acc: 33.784
2018-09-19 15:06:26,842:INFO: [TRAIN] Step: 435 ; Loss: 31.766 ; Acc: 33.763
2018-09-19 15:06:26,916:INFO: [TRAIN] Step: 436 ; Loss: 27.129 ; Acc: 33.762
2018-09-19 15:06:26,997:INFO: [TRAIN] Step: 437 ; Loss: 28.779 ; Acc: 33.761
2018-09-19 15:06:27,069:INFO: [TRAIN] Step: 438 ; Loss: 30.162 ; Acc: 33.751
2018-09-19 15:06:27,149:INFO: [TRAIN] Step: 439 ; Loss: 28.173 ; Acc: 33.769
2018-09-19 15:06:27,223:INFO: [TRAIN] Step: 440 ; Loss: 26.299 ; Acc: 33.796
2018-09-19 15:06:27,302:INFO: [TRAIN] Step: 441 ; Loss: 29.737 ; Acc: 33.814
2018-09-19 15:06:27,376:INFO: [TRAIN] Step: 442 ; Loss: 28.175 ; Acc: 33.851
2018-09-19 15:06:27,456:INFO: [TRAIN] Step: 443 ; Loss: 26.600 ; Acc: 33.878
2018-09-19 15:06:27,529:INFO: [TRAIN] Step: 444 ; Loss: 31.162 ; Acc: 33.867
2018-09-19 15:06:27,609:INFO: [TRAIN] Step: 445 ; Loss: 32.033 ; Acc: 33.866
2018-09-19 15:06:27,681:INFO: [TRAIN] Step: 446 ; Loss: 28.215 ; Acc: 33.837
2018-09-19 15:06:27,761:INFO: [TRAIN] Step: 447 ; Loss: 31.812 ; Acc: 33.808
2018-09-19 15:06:27,833:INFO: [TRAIN] Step: 448 ; Loss: 26.169 ; Acc: 33.834
2018-09-19 15:06:27,913:INFO: [TRAIN] Step: 449 ; Loss: 29.759 ; Acc: 33.843
2018-09-19 15:06:27,986:INFO: [TRAIN] Step: 450 ; Loss: 27.748 ; Acc: 33.851
2018-09-19 15:06:28,065:INFO: [TRAIN] Step: 451 ; Loss: 26.525 ; Acc: 33.886
2018-09-19 15:06:28,140:INFO: [TRAIN] Step: 452 ; Loss: 27.372 ; Acc: 33.904
2018-09-19 15:06:28,219:INFO: [TRAIN] Step: 453 ; Loss: 30.759 ; Acc: 33.893
2018-09-19 15:06:28,294:INFO: [TRAIN] Step: 454 ; Loss: 27.778 ; Acc: 33.901
2018-09-19 15:06:28,373:INFO: [TRAIN] Step: 455 ; Loss: 25.476 ; Acc: 33.927
2018-09-19 15:06:28,446:INFO: [TRAIN] Step: 456 ; Loss: 33.947 ; Acc: 33.917
2018-09-19 15:06:28,525:INFO: [TRAIN] Step: 457 ; Loss: 28.745 ; Acc: 33.934
2018-09-19 15:06:28,598:INFO: [TRAIN] Step: 458 ; Loss: 29.942 ; Acc: 33.923
2018-09-19 15:06:28,679:INFO: [TRAIN] Step: 459 ; Loss: 32.222 ; Acc: 33.931
2018-09-19 15:06:28,750:INFO: [TRAIN] Step: 460 ; Loss: 27.417 ; Acc: 33.912
2018-09-19 15:06:28,829:INFO: [TRAIN] Step: 461 ; Loss: 29.976 ; Acc: 33.883
2018-09-19 15:06:28,901:INFO: [TRAIN] Step: 462 ; Loss: 25.742 ; Acc: 33.909
2018-09-19 15:06:28,982:INFO: [TRAIN] Step: 463 ; Loss: 25.245 ; Acc: 33.935
2018-09-19 15:06:29,055:INFO: [TRAIN] Step: 464 ; Loss: 27.878 ; Acc: 33.925
2018-09-19 15:06:29,135:INFO: [TRAIN] Step: 465 ; Loss: 29.738 ; Acc: 33.906
2018-09-19 15:06:29,208:INFO: [TRAIN] Step: 466 ; Loss: 25.807 ; Acc: 33.931
2018-09-19 15:06:29,291:INFO: [TRAIN] Step: 467 ; Loss: 28.638 ; Acc: 33.930
2018-09-19 15:06:29,363:INFO: [TRAIN] Step: 468 ; Loss: 25.302 ; Acc: 33.964
2018-09-19 15:06:29,440:INFO: [TRAIN] Step: 469 ; Loss: 34.400 ; Acc: 33.945
2018-09-19 15:06:29,511:INFO: [TRAIN] Step: 470 ; Loss: 31.880 ; Acc: 33.953
2018-09-19 15:06:29,592:INFO: [TRAIN] Step: 471 ; Loss: 26.214 ; Acc: 33.987
2018-09-19 15:06:29,664:INFO: [TRAIN] Step: 472 ; Loss: 25.697 ; Acc: 33.985
2018-09-19 15:06:29,744:INFO: [TRAIN] Step: 473 ; Loss: 25.030 ; Acc: 34.019
2018-09-19 15:06:29,815:INFO: [TRAIN] Step: 474 ; Loss: 23.234 ; Acc: 34.053
2018-09-19 15:06:29,895:INFO: [TRAIN] Step: 475 ; Loss: 25.345 ; Acc: 34.077
2018-09-19 15:06:29,967:INFO: [TRAIN] Step: 476 ; Loss: 30.323 ; Acc: 34.093
2018-09-19 15:06:30,047:INFO: [TRAIN] Step: 477 ; Loss: 32.031 ; Acc: 34.074
2018-09-19 15:06:30,118:INFO: [TRAIN] Step: 478 ; Loss: 30.548 ; Acc: 34.073
2018-09-19 15:06:30,198:INFO: [TRAIN] Step: 479 ; Loss: 27.682 ; Acc: 34.080
2018-09-19 15:06:30,270:INFO: [TRAIN] Step: 480 ; Loss: 27.309 ; Acc: 34.096
2018-09-19 15:06:30,349:INFO: [TRAIN] Step: 481 ; Loss: 28.401 ; Acc: 34.085
2018-09-19 15:06:30,423:INFO: [TRAIN] Step: 482 ; Loss: 27.335 ; Acc: 34.101
2018-09-19 15:06:30,503:INFO: [TRAIN] Step: 483 ; Loss: 29.660 ; Acc: 34.100
2018-09-19 15:06:30,574:INFO: [TRAIN] Step: 484 ; Loss: 29.369 ; Acc: 34.081
2018-09-19 15:06:30,656:INFO: [TRAIN] Step: 485 ; Loss: 30.271 ; Acc: 34.105
2018-09-19 15:06:30,728:INFO: [TRAIN] Step: 486 ; Loss: 30.178 ; Acc: 34.078
2018-09-19 15:06:30,806:INFO: [TRAIN] Step: 487 ; Loss: 28.236 ; Acc: 34.068
2018-09-19 15:06:30,880:INFO: [TRAIN] Step: 488 ; Loss: 23.788 ; Acc: 34.092
2018-09-19 15:06:30,959:INFO: [TRAIN] Step: 489 ; Loss: 26.853 ; Acc: 34.107
2018-09-19 15:06:31,030:INFO: [TRAIN] Step: 490 ; Loss: 28.897 ; Acc: 34.114
2018-09-19 15:06:31,109:INFO: [TRAIN] Step: 491 ; Loss: 26.854 ; Acc: 34.121
2018-09-19 15:06:31,183:INFO: [TRAIN] Step: 492 ; Loss: 30.025 ; Acc: 34.128
2018-09-19 15:06:31,261:INFO: [TRAIN] Step: 493 ; Loss: 29.569 ; Acc: 34.126
2018-09-19 15:06:31,332:INFO: [TRAIN] Step: 494 ; Loss: 29.241 ; Acc: 34.099
2018-09-19 15:06:31,413:INFO: [TRAIN] Step: 495 ; Loss: 29.001 ; Acc: 34.081
2018-09-19 15:06:31,486:INFO: [TRAIN] Step: 496 ; Loss: 27.300 ; Acc: 34.088
2018-09-19 15:06:31,566:INFO: [TRAIN] Step: 497 ; Loss: 26.431 ; Acc: 34.111
2018-09-19 15:06:31,637:INFO: [TRAIN] Step: 498 ; Loss: 27.522 ; Acc: 34.093
2018-09-19 15:06:31,716:INFO: [TRAIN] Step: 499 ; Loss: 28.090 ; Acc: 34.108
2018-09-19 15:06:31,789:INFO: [TRAIN] Step: 500 ; Loss: 28.666 ; Acc: 34.074
2018-09-19 15:06:31,868:INFO: [TRAIN] Step: 501 ; Loss: 31.601 ; Acc: 34.072
2018-09-19 15:06:31,941:INFO: [TRAIN] Step: 502 ; Loss: 27.724 ; Acc: 34.037
2018-09-19 15:06:32,022:INFO: [TRAIN] Step: 503 ; Loss: 31.956 ; Acc: 34.044
2018-09-19 15:06:32,099:INFO: [TRAIN] Step: 504 ; Loss: 28.730 ; Acc: 34.002
2018-09-19 15:06:32,177:INFO: [TRAIN] Step: 505 ; Loss: 30.389 ; Acc: 33.976
2018-09-19 15:06:32,251:INFO: [TRAIN] Step: 506 ; Loss: 28.699 ; Acc: 33.941
2018-09-19 15:06:32,330:INFO: [TRAIN] Step: 507 ; Loss: 26.862 ; Acc: 33.924
2018-09-19 15:06:32,403:INFO: [TRAIN] Step: 508 ; Loss: 29.528 ; Acc: 33.898
2018-09-19 15:06:32,483:INFO: [TRAIN] Step: 509 ; Loss: 25.610 ; Acc: 33.873
2018-09-19 15:06:32,555:INFO: [TRAIN] Step: 510 ; Loss: 25.583 ; Acc: 33.888
2018-09-19 15:06:32,633:INFO: [TRAIN] Step: 511 ; Loss: 27.873 ; Acc: 33.911
2018-09-19 15:06:32,708:INFO: [TRAIN] Step: 512 ; Loss: 28.889 ; Acc: 33.926
2018-09-19 15:06:32,786:INFO: [TRAIN] Step: 513 ; Loss: 26.015 ; Acc: 33.925
2018-09-19 15:06:32,859:INFO: [TRAIN] Step: 514 ; Loss: 26.977 ; Acc: 33.924
2018-09-19 15:06:32,940:INFO: [TRAIN] Step: 515 ; Loss: 31.274 ; Acc: 33.907
2018-09-19 15:06:33,014:INFO: [TRAIN] Step: 516 ; Loss: 28.362 ; Acc: 33.889
2018-09-19 15:06:33,092:INFO: [TRAIN] Step: 517 ; Loss: 25.064 ; Acc: 33.912
2018-09-19 15:06:33,165:INFO: [TRAIN] Step: 518 ; Loss: 28.936 ; Acc: 33.943
2018-09-19 15:06:33,244:INFO: [TRAIN] Step: 519 ; Loss: 25.840 ; Acc: 33.950
2018-09-19 15:06:33,317:INFO: [TRAIN] Step: 520 ; Loss: 29.624 ; Acc: 33.965
2018-09-19 15:06:33,400:INFO: [TRAIN] Step: 521 ; Loss: 29.678 ; Acc: 33.964
2018-09-19 15:06:33,472:INFO: [TRAIN] Step: 522 ; Loss: 25.834 ; Acc: 33.963
2018-09-19 15:06:33,550:INFO: [TRAIN] Step: 523 ; Loss: 31.994 ; Acc: 33.954
2018-09-19 15:06:33,622:INFO: [TRAIN] Step: 524 ; Loss: 29.903 ; Acc: 33.944
2018-09-19 15:06:33,705:INFO: [TRAIN] Step: 525 ; Loss: 31.204 ; Acc: 33.943
2018-09-19 15:06:33,777:INFO: [TRAIN] Step: 526 ; Loss: 25.895 ; Acc: 33.958
2018-09-19 15:06:33,855:INFO: [TRAIN] Step: 527 ; Loss: 26.999 ; Acc: 33.988
2018-09-19 15:06:33,929:INFO: [TRAIN] Step: 528 ; Loss: 23.898 ; Acc: 34.034
2018-09-19 15:06:34,008:INFO: [TRAIN] Step: 529 ; Loss: 32.630 ; Acc: 34.017
2018-09-19 15:06:34,080:INFO: [TRAIN] Step: 530 ; Loss: 28.030 ; Acc: 34.016
2018-09-19 15:06:34,157:INFO: [TRAIN] Step: 531 ; Loss: 28.035 ; Acc: 34.023
2018-09-19 15:06:34,230:INFO: [TRAIN] Step: 532 ; Loss: 29.290 ; Acc: 34.053
2018-09-19 15:06:34,310:INFO: [TRAIN] Step: 533 ; Loss: 33.216 ; Acc: 34.043
2018-09-19 15:06:34,383:INFO: [TRAIN] Step: 534 ; Loss: 27.323 ; Acc: 34.050
2018-09-19 15:06:34,462:INFO: [TRAIN] Step: 535 ; Loss: 26.440 ; Acc: 34.056
2018-09-19 15:06:34,535:INFO: [TRAIN] Step: 536 ; Loss: 27.342 ; Acc: 34.078
2018-09-19 15:06:34,616:INFO: [TRAIN] Step: 537 ; Loss: 29.210 ; Acc: 34.108
2018-09-19 15:06:34,689:INFO: [TRAIN] Step: 538 ; Loss: 26.697 ; Acc: 34.130
2018-09-19 15:06:34,767:INFO: [TRAIN] Step: 539 ; Loss: 30.468 ; Acc: 34.113
2018-09-19 15:06:34,839:INFO: [TRAIN] Step: 540 ; Loss: 30.515 ; Acc: 34.111
2018-09-19 15:06:34,917:INFO: [TRAIN] Step: 541 ; Loss: 25.908 ; Acc: 34.133
2018-09-19 15:06:34,991:INFO: [TRAIN] Step: 542 ; Loss: 33.376 ; Acc: 34.124
2018-09-19 15:06:35,069:INFO: [TRAIN] Step: 543 ; Loss: 29.583 ; Acc: 34.122
2018-09-19 15:06:35,142:INFO: [TRAIN] Step: 544 ; Loss: 31.260 ; Acc: 34.144
2018-09-19 15:06:35,220:INFO: [TRAIN] Step: 545 ; Loss: 28.780 ; Acc: 34.119
2018-09-19 15:06:35,295:INFO: [TRAIN] Step: 546 ; Loss: 27.851 ; Acc: 34.141
2018-09-19 15:06:35,375:INFO: [TRAIN] Step: 547 ; Loss: 29.564 ; Acc: 34.155
2018-09-19 15:06:35,448:INFO: [TRAIN] Step: 548 ; Loss: 27.334 ; Acc: 34.168
2018-09-19 15:06:35,529:INFO: [TRAIN] Step: 549 ; Loss: 28.039 ; Acc: 34.189
2018-09-19 15:06:35,600:INFO: [TRAIN] Step: 550 ; Loss: 26.511 ; Acc: 34.203
2018-09-19 15:06:35,679:INFO: [TRAIN] Step: 551 ; Loss: 29.212 ; Acc: 34.216
2018-09-19 15:06:35,753:INFO: [TRAIN] Step: 552 ; Loss: 30.307 ; Acc: 34.200
2018-09-19 15:06:35,830:INFO: [TRAIN] Step: 553 ; Loss: 29.614 ; Acc: 34.198
2018-09-19 15:06:35,902:INFO: [TRAIN] Step: 554 ; Loss: 33.838 ; Acc: 34.159
2018-09-19 15:06:35,984:INFO: [TRAIN] Step: 555 ; Loss: 29.123 ; Acc: 34.158
2018-09-19 15:06:36,057:INFO: [TRAIN] Step: 556 ; Loss: 27.788 ; Acc: 34.186
2018-09-19 15:06:36,137:INFO: [TRAIN] Step: 557 ; Loss: 26.993 ; Acc: 34.192
2018-09-19 15:06:36,209:INFO: [TRAIN] Step: 558 ; Loss: 27.311 ; Acc: 34.191
2018-09-19 15:06:36,289:INFO: [TRAIN] Step: 559 ; Loss: 24.818 ; Acc: 34.211
2018-09-19 15:06:36,359:INFO: [TRAIN] Step: 560 ; Loss: 28.451 ; Acc: 34.225
2018-09-19 15:06:36,440:INFO: [TRAIN] Step: 561 ; Loss: 26.696 ; Acc: 34.245
2018-09-19 15:06:36,511:INFO: [TRAIN] Step: 562 ; Loss: 28.896 ; Acc: 34.258
2018-09-19 15:06:36,591:INFO: [TRAIN] Step: 563 ; Loss: 31.573 ; Acc: 34.242
2018-09-19 15:06:36,663:INFO: [TRAIN] Step: 564 ; Loss: 27.830 ; Acc: 34.248
2018-09-19 15:06:36,742:INFO: [TRAIN] Step: 565 ; Loss: 29.099 ; Acc: 34.239
2018-09-19 15:06:36,814:INFO: [TRAIN] Step: 566 ; Loss: 27.282 ; Acc: 34.245
2018-09-19 15:06:36,896:INFO: [TRAIN] Step: 567 ; Loss: 28.390 ; Acc: 34.250
2018-09-19 15:06:36,975:INFO: [TRAIN] Step: 568 ; Loss: 31.336 ; Acc: 34.219
2018-09-19 15:06:37,065:INFO: [TRAIN] Step: 569 ; Loss: 29.408 ; Acc: 34.211
2018-09-19 15:06:37,136:INFO: [TRAIN] Step: 570 ; Loss: 30.738 ; Acc: 34.209
2018-09-19 15:06:37,214:INFO: [TRAIN] Step: 571 ; Loss: 24.958 ; Acc: 34.237
2018-09-19 15:06:37,286:INFO: [TRAIN] Step: 572 ; Loss: 26.643 ; Acc: 34.264
2018-09-19 15:06:37,364:INFO: [TRAIN] Step: 573 ; Loss: 28.173 ; Acc: 34.277
2018-09-19 15:06:37,436:INFO: [TRAIN] Step: 574 ; Loss: 25.313 ; Acc: 34.268
2018-09-19 15:06:37,516:INFO: [TRAIN] Step: 575 ; Loss: 30.174 ; Acc: 34.266
2018-09-19 15:06:37,590:INFO: [TRAIN] Step: 576 ; Loss: 28.509 ; Acc: 34.258
2018-09-19 15:06:37,670:INFO: [TRAIN] Step: 577 ; Loss: 25.981 ; Acc: 34.249
2018-09-19 15:06:37,743:INFO: [TRAIN] Step: 578 ; Loss: 31.084 ; Acc: 34.247
2018-09-19 15:06:37,823:INFO: [TRAIN] Step: 579 ; Loss: 25.154 ; Acc: 34.282
2018-09-19 15:06:37,896:INFO: [TRAIN] Step: 580 ; Loss: 29.170 ; Acc: 34.287
2018-09-19 15:06:37,977:INFO: [TRAIN] Step: 581 ; Loss: 24.970 ; Acc: 34.286
2018-09-19 15:06:38,050:INFO: [TRAIN] Step: 582 ; Loss: 29.731 ; Acc: 34.277
2018-09-19 15:06:38,130:INFO: [TRAIN] Step: 583 ; Loss: 28.400 ; Acc: 34.261
2018-09-19 15:06:38,203:INFO: [TRAIN] Step: 584 ; Loss: 30.581 ; Acc: 34.238
2018-09-19 15:06:38,283:INFO: [TRAIN] Step: 585 ; Loss: 28.450 ; Acc: 34.243
2018-09-19 15:06:38,354:INFO: [TRAIN] Step: 586 ; Loss: 28.621 ; Acc: 34.235
2018-09-19 15:06:38,435:INFO: [TRAIN] Step: 587 ; Loss: 27.672 ; Acc: 34.233
2018-09-19 15:06:38,507:INFO: [TRAIN] Step: 588 ; Loss: 29.791 ; Acc: 34.225
2018-09-19 15:06:38,585:INFO: [TRAIN] Step: 589 ; Loss: 27.854 ; Acc: 34.223
2018-09-19 15:06:38,658:INFO: [TRAIN] Step: 590 ; Loss: 28.068 ; Acc: 34.222
2018-09-19 15:06:38,738:INFO: [TRAIN] Step: 591 ; Loss: 29.404 ; Acc: 34.248
2018-09-19 15:06:38,809:INFO: [TRAIN] Step: 592 ; Loss: 26.482 ; Acc: 34.268
2018-09-19 15:06:38,889:INFO: [TRAIN] Step: 593 ; Loss: 32.258 ; Acc: 34.266
2018-09-19 15:06:38,962:INFO: [TRAIN] Step: 594 ; Loss: 29.535 ; Acc: 34.279
2018-09-19 15:06:39,042:INFO: [TRAIN] Step: 595 ; Loss: 27.854 ; Acc: 34.305
2018-09-19 15:06:39,114:INFO: [TRAIN] Step: 596 ; Loss: 29.274 ; Acc: 34.310
2018-09-19 15:06:39,193:INFO: [TRAIN] Step: 597 ; Loss: 26.805 ; Acc: 34.302
2018-09-19 15:06:39,268:INFO: [TRAIN] Step: 598 ; Loss: 29.146 ; Acc: 34.314
2018-09-19 15:06:39,349:INFO: [TRAIN] Step: 599 ; Loss: 27.255 ; Acc: 34.299
2018-09-19 15:06:39,421:INFO: [TRAIN] Step: 600 ; Loss: 28.681 ; Acc: 34.269
2018-09-19 15:06:39,501:INFO: [TRAIN] Step: 601 ; Loss: 28.248 ; Acc: 34.282
2018-09-19 15:06:39,572:INFO: [TRAIN] Step: 602 ; Loss: 27.337 ; Acc: 34.287
2018-09-19 15:06:39,652:INFO: [TRAIN] Step: 603 ; Loss: 28.541 ; Acc: 34.320
2018-09-19 15:06:39,725:INFO: [TRAIN] Step: 604 ; Loss: 29.146 ; Acc: 34.311
2018-09-19 15:06:39,805:INFO: [TRAIN] Step: 605 ; Loss: 32.075 ; Acc: 34.289
2018-09-19 15:06:39,878:INFO: [TRAIN] Step: 606 ; Loss: 28.527 ; Acc: 34.301
2018-09-19 15:06:39,958:INFO: [TRAIN] Step: 607 ; Loss: 23.510 ; Acc: 34.341
2018-09-19 15:06:40,032:INFO: [TRAIN] Step: 608 ; Loss: 28.880 ; Acc: 34.360
2018-09-19 15:06:40,109:INFO: [TRAIN] Step: 609 ; Loss: 28.825 ; Acc: 34.365
2018-09-19 15:06:40,183:INFO: [TRAIN] Step: 610 ; Loss: 29.305 ; Acc: 34.356
2018-09-19 15:06:40,262:INFO: [TRAIN] Step: 611 ; Loss: 25.074 ; Acc: 34.368
2018-09-19 15:06:40,337:INFO: [TRAIN] Step: 612 ; Loss: 28.669 ; Acc: 34.373
2018-09-19 15:06:40,417:INFO: [TRAIN] Step: 613 ; Loss: 27.759 ; Acc: 34.385
2018-09-19 15:06:40,488:INFO: [TRAIN] Step: 614 ; Loss: 29.509 ; Acc: 34.390
2018-09-19 15:06:40,569:INFO: [TRAIN] Step: 615 ; Loss: 27.125 ; Acc: 34.402
2018-09-19 15:06:40,655:INFO: [TRAIN] Step: 616 ; Loss: 28.059 ; Acc: 34.407
2018-09-19 15:06:40,735:INFO: [TRAIN] Step: 617 ; Loss: 26.651 ; Acc: 34.405
2018-09-19 15:06:40,815:INFO: [TRAIN] Step: 618 ; Loss: 26.838 ; Acc: 34.431
2018-09-19 15:06:40,896:INFO: [TRAIN] Step: 619 ; Loss: 30.024 ; Acc: 34.422
2018-09-19 15:06:40,971:INFO: [TRAIN] Step: 620 ; Loss: 27.278 ; Acc: 34.420
2018-09-19 15:06:41,052:INFO: [TRAIN] Step: 621 ; Loss: 31.660 ; Acc: 34.412
2018-09-19 15:06:41,131:INFO: [TRAIN] Step: 622 ; Loss: 30.971 ; Acc: 34.403
2018-09-19 15:06:41,212:INFO: [TRAIN] Step: 623 ; Loss: 25.421 ; Acc: 34.415
2018-09-19 15:06:41,283:INFO: [TRAIN] Step: 624 ; Loss: 26.865 ; Acc: 34.433
2018-09-19 15:06:41,371:INFO: [TRAIN] Step: 625 ; Loss: 30.758 ; Acc: 34.418
2018-09-19 15:06:41,445:INFO: [TRAIN] Step: 626 ; Loss: 30.293 ; Acc: 34.417
2018-09-19 15:06:41,528:INFO: [TRAIN] Step: 627 ; Loss: 30.376 ; Acc: 34.428
2018-09-19 15:06:41,601:INFO: [TRAIN] Step: 628 ; Loss: 34.554 ; Acc: 34.420
2018-09-19 15:06:41,681:INFO: [TRAIN] Step: 629 ; Loss: 32.598 ; Acc: 34.398
2018-09-19 15:06:41,755:INFO: [TRAIN] Step: 630 ; Loss: 30.890 ; Acc: 34.396
2018-09-19 15:06:41,834:INFO: [TRAIN] Step: 631 ; Loss: 31.323 ; Acc: 34.382
2018-09-19 15:06:41,924:INFO: [TRAIN] Step: 632 ; Loss: 29.821 ; Acc: 34.387
2018-09-19 15:06:42,002:INFO: [TRAIN] Step: 633 ; Loss: 25.725 ; Acc: 34.398
2018-09-19 15:06:42,083:INFO: [TRAIN] Step: 634 ; Loss: 31.236 ; Acc: 34.390
2018-09-19 15:06:42,164:INFO: [TRAIN] Step: 635 ; Loss: 30.896 ; Acc: 34.388
2018-09-19 15:06:42,235:INFO: [TRAIN] Step: 636 ; Loss: 30.756 ; Acc: 34.367
2018-09-19 15:06:42,315:INFO: [TRAIN] Step: 637 ; Loss: 23.536 ; Acc: 34.378
2018-09-19 15:06:42,393:INFO: [TRAIN] Step: 638 ; Loss: 27.441 ; Acc: 34.370
2018-09-19 15:06:42,482:INFO: [TRAIN] Step: 639 ; Loss: 29.896 ; Acc: 34.355
2018-09-19 15:06:42,557:INFO: [TRAIN] Step: 640 ; Loss: 30.186 ; Acc: 34.360
2018-09-19 15:06:42,653:INFO: [TRAIN] Step: 641 ; Loss: 27.216 ; Acc: 34.391
2018-09-19 15:06:42,730:INFO: [TRAIN] Step: 642 ; Loss: 28.030 ; Acc: 34.403
2018-09-19 15:06:42,810:INFO: [TRAIN] Step: 643 ; Loss: 26.873 ; Acc: 34.388
2018-09-19 15:06:42,884:INFO: [TRAIN] Step: 644 ; Loss: 25.945 ; Acc: 34.386
2018-09-19 15:06:42,965:INFO: [TRAIN] Step: 645 ; Loss: 28.636 ; Acc: 34.404
2018-09-19 15:06:43,041:INFO: [TRAIN] Step: 646 ; Loss: 29.504 ; Acc: 34.396
2018-09-19 15:06:43,130:INFO: [TRAIN] Step: 647 ; Loss: 24.405 ; Acc: 34.375
2018-09-19 15:06:43,214:INFO: [TRAIN] Step: 648 ; Loss: 33.940 ; Acc: 34.354
2018-09-19 15:06:43,298:INFO: [TRAIN] Step: 649 ; Loss: 27.550 ; Acc: 34.378
2018-09-19 15:06:43,374:INFO: [TRAIN] Step: 650 ; Loss: 32.414 ; Acc: 34.377
2018-09-19 15:06:43,456:INFO: [TRAIN] Step: 651 ; Loss: 27.590 ; Acc: 34.362
2018-09-19 15:06:43,529:INFO: [TRAIN] Step: 652 ; Loss: 29.147 ; Acc: 34.348
2018-09-19 15:06:43,610:INFO: [TRAIN] Step: 653 ; Loss: 24.071 ; Acc: 34.359
2018-09-19 15:06:43,693:INFO: [TRAIN] Step: 654 ; Loss: 26.951 ; Acc: 34.358
2018-09-19 15:06:43,785:INFO: [TRAIN] Step: 655 ; Loss: 26.547 ; Acc: 34.369
2018-09-19 15:06:43,869:INFO: [TRAIN] Step: 656 ; Loss: 34.883 ; Acc: 34.348
2018-09-19 15:06:43,961:INFO: [TRAIN] Step: 657 ; Loss: 25.263 ; Acc: 34.378
2018-09-19 15:06:44,045:INFO: [TRAIN] Step: 658 ; Loss: 28.658 ; Acc: 34.364
2018-09-19 15:06:44,132:INFO: [TRAIN] Step: 659 ; Loss: 29.533 ; Acc: 34.343
2018-09-19 15:06:44,207:INFO: [TRAIN] Step: 660 ; Loss: 29.009 ; Acc: 34.317
2018-09-19 15:06:44,289:INFO: [TRAIN] Step: 661 ; Loss: 30.529 ; Acc: 34.296
2018-09-19 15:06:44,364:INFO: [TRAIN] Step: 662 ; Loss: 22.575 ; Acc: 34.314
2018-09-19 15:06:44,445:INFO: [TRAIN] Step: 663 ; Loss: 28.721 ; Acc: 34.306
2018-09-19 15:06:44,521:INFO: [TRAIN] Step: 664 ; Loss: 27.386 ; Acc: 34.305
2018-09-19 15:06:44,604:INFO: [TRAIN] Step: 665 ; Loss: 26.969 ; Acc: 34.316
2018-09-19 15:06:44,680:INFO: [TRAIN] Step: 666 ; Loss: 28.116 ; Acc: 34.339
2018-09-19 15:06:44,762:INFO: [TRAIN] Step: 667 ; Loss: 27.864 ; Acc: 34.363
2018-09-19 15:06:44,840:INFO: [TRAIN] Step: 668 ; Loss: 28.575 ; Acc: 34.367
2018-09-19 15:06:44,924:INFO: [TRAIN] Step: 669 ; Loss: 26.795 ; Acc: 34.359
2018-09-19 15:06:45,000:INFO: [TRAIN] Step: 670 ; Loss: 28.199 ; Acc: 34.364
2018-09-19 15:06:45,083:INFO: [TRAIN] Step: 671 ; Loss: 26.944 ; Acc: 34.344
2018-09-19 15:06:45,160:INFO: [TRAIN] Step: 672 ; Loss: 31.220 ; Acc: 34.336
2018-09-19 15:06:45,247:INFO: [TRAIN] Step: 673 ; Loss: 30.265 ; Acc: 34.335
2018-09-19 15:06:45,326:INFO: [TRAIN] Step: 674 ; Loss: 30.306 ; Acc: 34.321
2018-09-19 15:06:45,411:INFO: [TRAIN] Step: 675 ; Loss: 32.915 ; Acc: 34.313
2018-09-19 15:06:45,492:INFO: [TRAIN] Step: 676 ; Loss: 26.808 ; Acc: 34.324
2018-09-19 15:06:45,582:INFO: [TRAIN] Step: 677 ; Loss: 27.438 ; Acc: 34.304
2018-09-19 15:06:45,661:INFO: [TRAIN] Step: 678 ; Loss: 31.841 ; Acc: 34.284
2018-09-19 15:06:45,747:INFO: [TRAIN] Step: 679 ; Loss: 27.906 ; Acc: 34.277
2018-09-19 15:06:45,836:INFO: [TRAIN] Step: 680 ; Loss: 26.343 ; Acc: 34.300
2018-09-19 15:06:45,926:INFO: [TRAIN] Step: 681 ; Loss: 25.800 ; Acc: 34.311
2018-09-19 15:06:46,011:INFO: [TRAIN] Step: 682 ; Loss: 27.494 ; Acc: 34.316
2018-09-19 15:06:46,103:INFO: [TRAIN] Step: 683 ; Loss: 29.300 ; Acc: 34.296
2018-09-19 15:06:46,189:INFO: [TRAIN] Step: 684 ; Loss: 26.498 ; Acc: 34.307
2018-09-19 15:06:46,281:INFO: [TRAIN] Step: 685 ; Loss: 28.630 ; Acc: 34.317
2018-09-19 15:06:46,364:INFO: [TRAIN] Step: 686 ; Loss: 28.055 ; Acc: 34.316
2018-09-19 15:06:46,455:INFO: [TRAIN] Step: 687 ; Loss: 25.400 ; Acc: 34.320
2018-09-19 15:06:46,541:INFO: [TRAIN] Step: 688 ; Loss: 29.896 ; Acc: 34.319
2018-09-19 15:06:46,636:INFO: [TRAIN] Step: 689 ; Loss: 28.572 ; Acc: 34.318
2018-09-19 15:06:46,723:INFO: [TRAIN] Step: 690 ; Loss: 28.335 ; Acc: 34.322
2018-09-19 15:06:46,819:INFO: [TRAIN] Step: 691 ; Loss: 31.871 ; Acc: 34.303
2018-09-19 15:06:46,911:INFO: [TRAIN] Step: 692 ; Loss: 25.214 ; Acc: 34.307
2018-09-19 15:06:47,010:INFO: [TRAIN] Step: 693 ; Loss: 25.910 ; Acc: 34.354
2018-09-19 15:06:47,105:INFO: [TRAIN] Step: 694 ; Loss: 28.297 ; Acc: 34.388
2018-09-19 15:06:47,208:INFO: [TRAIN] Step: 695 ; Loss: 30.624 ; Acc: 34.393
2018-09-19 15:06:47,304:INFO: [TRAIN] Step: 696 ; Loss: 33.918 ; Acc: 34.374
2018-09-19 15:06:47,407:INFO: [TRAIN] Step: 697 ; Loss: 29.885 ; Acc: 34.384
2018-09-19 15:06:47,504:INFO: [TRAIN] Step: 698 ; Loss: 33.284 ; Acc: 34.376
2018-09-19 15:06:47,620:INFO: [TRAIN] Step: 699 ; Loss: 31.197 ; Acc: 34.369
2018-09-19 15:06:47,721:INFO: [TRAIN] Step: 700 ; Loss: 29.584 ; Acc: 34.362
2018-09-19 15:06:47,832:INFO: [TRAIN] Step: 701 ; Loss: 30.473 ; Acc: 34.384
2018-09-19 15:06:47,935:INFO: [TRAIN] Step: 702 ; Loss: 33.389 ; Acc: 34.371
2018-09-19 15:06:48,048:INFO: [TRAIN] Step: 703 ; Loss: 28.545 ; Acc: 34.369
2018-09-19 15:06:48,157:INFO: [TRAIN] Step: 704 ; Loss: 29.534 ; Acc: 34.374
2018-09-19 15:06:48,270:INFO: [TRAIN] Step: 705 ; Loss: 32.610 ; Acc: 34.372
2018-09-19 15:06:48,387:INFO: [TRAIN] Step: 706 ; Loss: 28.485 ; Acc: 34.376
2018-09-19 15:06:48,503:INFO: [TRAIN] Step: 707 ; Loss: 28.520 ; Acc: 34.404
2018-09-19 15:06:48,620:INFO: [TRAIN] Step: 708 ; Loss: 25.371 ; Acc: 34.415
2018-09-19 15:06:48,738:INFO: [TRAIN] Step: 709 ; Loss: 26.978 ; Acc: 34.448
2018-09-19 15:06:48,857:INFO: [TRAIN] Step: 710 ; Loss: 30.969 ; Acc: 34.447
2018-09-19 15:06:48,973:INFO: [TRAIN] Step: 711 ; Loss: 32.287 ; Acc: 34.428
2018-09-19 15:06:49,090:INFO: [TRAIN] Step: 712 ; Loss: 26.414 ; Acc: 34.450
2018-09-19 15:06:49,210:INFO: [TRAIN] Step: 713 ; Loss: 32.793 ; Acc: 34.436
2018-09-19 15:06:49,332:INFO: [TRAIN] Step: 714 ; Loss: 29.812 ; Acc: 34.435
2018-09-19 15:06:49,459:INFO: [TRAIN] Step: 715 ; Loss: 32.233 ; Acc: 34.427
2018-09-19 15:06:49,580:INFO: [TRAIN] Step: 716 ; Loss: 32.495 ; Acc: 34.403
2018-09-19 15:06:49,706:INFO: [TRAIN] Step: 717 ; Loss: 27.326 ; Acc: 34.424
2018-09-19 15:06:49,835:INFO: [TRAIN] Step: 718 ; Loss: 27.431 ; Acc: 34.423
2018-09-19 15:06:49,965:INFO: [TRAIN] Step: 719 ; Loss: 28.230 ; Acc: 34.404
2018-09-19 15:06:50,092:INFO: [TRAIN] Step: 720 ; Loss: 36.235 ; Acc: 34.408
2018-09-19 15:06:50,228:INFO: [TRAIN] Step: 721 ; Loss: 28.966 ; Acc: 34.407
2018-09-19 15:06:50,356:INFO: [TRAIN] Step: 722 ; Loss: 28.604 ; Acc: 34.405
2018-09-19 15:06:50,484:INFO: [TRAIN] Step: 723 ; Loss: 30.989 ; Acc: 34.404
2018-09-19 15:06:50,618:INFO: [TRAIN] Step: 724 ; Loss: 27.106 ; Acc: 34.408
2018-09-19 15:06:50,752:INFO: [TRAIN] Step: 725 ; Loss: 28.606 ; Acc: 34.412
2018-09-19 15:06:50,888:INFO: [TRAIN] Step: 726 ; Loss: 29.043 ; Acc: 34.399
2018-09-19 15:06:51,021:INFO: [TRAIN] Step: 727 ; Loss: 29.014 ; Acc: 34.415
2018-09-19 15:06:51,158:INFO: [TRAIN] Step: 728 ; Loss: 30.769 ; Acc: 34.419
2018-09-19 15:06:51,295:INFO: [TRAIN] Step: 729 ; Loss: 29.063 ; Acc: 34.395
2018-09-19 15:06:51,435:INFO: [TRAIN] Step: 730 ; Loss: 32.347 ; Acc: 34.411
2018-09-19 15:06:51,572:INFO: [TRAIN] Step: 731 ; Loss: 31.081 ; Acc: 34.409
2018-09-19 15:06:51,710:INFO: [TRAIN] Step: 732 ; Loss: 29.381 ; Acc: 34.413
2018-09-19 15:06:51,848:INFO: [TRAIN] Step: 733 ; Loss: 29.899 ; Acc: 34.423
2018-09-19 15:06:51,990:INFO: [TRAIN] Step: 734 ; Loss: 29.570 ; Acc: 34.439
2018-09-19 15:06:52,125:INFO: [TRAIN] Step: 735 ; Loss: 28.960 ; Acc: 34.437
2018-09-19 15:06:52,262:INFO: [TRAIN] Step: 736 ; Loss: 27.268 ; Acc: 34.441
2018-09-19 15:06:52,403:INFO: [TRAIN] Step: 737 ; Loss: 28.853 ; Acc: 34.417
2018-09-19 15:06:52,541:INFO: [TRAIN] Step: 738 ; Loss: 27.362 ; Acc: 34.422
2018-09-19 15:06:52,682:INFO: [TRAIN] Step: 739 ; Loss: 28.011 ; Acc: 34.414
2018-09-19 15:06:52,820:INFO: [TRAIN] Step: 740 ; Loss: 26.428 ; Acc: 34.424
2018-09-19 15:06:52,966:INFO: [TRAIN] Step: 741 ; Loss: 29.524 ; Acc: 34.428
2018-09-19 15:06:53,111:INFO: [TRAIN] Step: 742 ; Loss: 27.988 ; Acc: 34.444
2018-09-19 15:06:53,253:INFO: [TRAIN] Step: 743 ; Loss: 27.524 ; Acc: 34.459
2018-09-19 15:06:53,399:INFO: [TRAIN] Step: 744 ; Loss: 26.534 ; Acc: 34.469
2018-09-19 15:06:53,540:INFO: [TRAIN] Step: 745 ; Loss: 27.780 ; Acc: 34.473
2018-09-19 15:06:53,690:INFO: [TRAIN] Step: 746 ; Loss: 28.103 ; Acc: 34.477
2018-09-19 15:06:53,834:INFO: [TRAIN] Step: 747 ; Loss: 31.692 ; Acc: 34.481
2018-09-19 15:06:53,979:INFO: [TRAIN] Step: 748 ; Loss: 28.838 ; Acc: 34.474
2018-09-19 15:06:54,123:INFO: [TRAIN] Step: 749 ; Loss: 28.570 ; Acc: 34.472
2018-09-19 15:06:54,271:INFO: [TRAIN] Step: 750 ; Loss: 26.630 ; Acc: 34.476
2018-09-19 15:06:54,425:INFO: [TRAIN] Step: 751 ; Loss: 30.535 ; Acc: 34.480
2018-09-19 15:06:54,568:INFO: [TRAIN] Step: 752 ; Loss: 27.290 ; Acc: 34.495
2018-09-19 15:06:54,725:INFO: [TRAIN] Step: 753 ; Loss: 26.477 ; Acc: 34.499
2018-09-19 15:06:54,873:INFO: [TRAIN] Step: 754 ; Loss: 26.935 ; Acc: 34.509
2018-09-19 15:06:55,026:INFO: [TRAIN] Step: 755 ; Loss: 25.829 ; Acc: 34.513
2018-09-19 15:06:55,174:INFO: [TRAIN] Step: 756 ; Loss: 30.587 ; Acc: 34.506
2018-09-19 15:06:55,326:INFO: [TRAIN] Step: 757 ; Loss: 29.465 ; Acc: 34.499
2018-09-19 15:06:55,475:INFO: [TRAIN] Step: 758 ; Loss: 29.360 ; Acc: 34.497
2018-09-19 15:06:55,621:INFO: [TRAIN] Step: 759 ; Loss: 29.717 ; Acc: 34.490
2018-09-19 15:06:55,771:INFO: [TRAIN] Step: 760 ; Loss: 36.648 ; Acc: 34.472
2018-09-19 15:06:55,919:INFO: [TRAIN] Step: 761 ; Loss: 28.233 ; Acc: 34.471
2018-09-19 15:06:56,068:INFO: [TRAIN] Step: 762 ; Loss: 31.275 ; Acc: 34.458
2018-09-19 15:06:56,217:INFO: [TRAIN] Step: 763 ; Loss: 31.915 ; Acc: 34.462
2018-09-19 15:06:56,369:INFO: [TRAIN] Step: 764 ; Loss: 26.659 ; Acc: 34.466
2018-09-19 15:06:56,525:INFO: [TRAIN] Step: 765 ; Loss: 27.274 ; Acc: 34.470
2018-09-19 15:06:56,672:INFO: [TRAIN] Step: 766 ; Loss: 30.722 ; Acc: 34.469
2018-09-19 15:06:56,825:INFO: [TRAIN] Step: 767 ; Loss: 24.795 ; Acc: 34.500
2018-09-19 15:06:56,975:INFO: [TRAIN] Step: 768 ; Loss: 30.999 ; Acc: 34.471
2018-09-19 15:06:57,128:INFO: [TRAIN] Step: 769 ; Loss: 28.231 ; Acc: 34.475
2018-09-19 15:06:57,275:INFO: [TRAIN] Step: 770 ; Loss: 25.284 ; Acc: 34.479
2018-09-19 15:06:57,426:INFO: [TRAIN] Step: 771 ; Loss: 27.332 ; Acc: 34.478
2018-09-19 15:06:57,576:INFO: [TRAIN] Step: 772 ; Loss: 27.445 ; Acc: 34.460
2018-09-19 15:06:57,727:INFO: [TRAIN] Step: 773 ; Loss: 26.874 ; Acc: 34.458
2018-09-19 15:06:57,877:INFO: [TRAIN] Step: 774 ; Loss: 29.672 ; Acc: 34.452
2018-09-19 15:06:58,026:INFO: [TRAIN] Step: 775 ; Loss: 26.742 ; Acc: 34.461
2018-09-19 15:06:58,179:INFO: [TRAIN] Step: 776 ; Loss: 23.308 ; Acc: 34.470
2018-09-19 15:06:58,328:INFO: [TRAIN] Step: 777 ; Loss: 26.816 ; Acc: 34.485
2018-09-19 15:06:58,478:INFO: [TRAIN] Step: 778 ; Loss: 30.278 ; Acc: 34.478
2018-09-19 15:06:58,628:INFO: [TRAIN] Step: 779 ; Loss: 24.612 ; Acc: 34.498
2018-09-19 15:06:58,775:INFO: [TRAIN] Step: 780 ; Loss: 31.866 ; Acc: 34.491
2018-09-19 15:06:58,929:INFO: [TRAIN] Step: 781 ; Loss: 24.408 ; Acc: 34.506
2018-09-19 15:06:59,087:INFO: [TRAIN] Step: 782 ; Loss: 26.688 ; Acc: 34.515
2018-09-19 15:06:59,238:INFO: [TRAIN] Step: 783 ; Loss: 28.754 ; Acc: 34.508
2018-09-19 15:06:59,388:INFO: [TRAIN] Step: 784 ; Loss: 26.835 ; Acc: 34.538
2018-09-19 15:06:59,542:INFO: [TRAIN] Step: 785 ; Loss: 29.342 ; Acc: 34.526
2018-09-19 15:06:59,693:INFO: [TRAIN] Step: 786 ; Loss: 30.298 ; Acc: 34.530
2018-09-19 15:06:59,840:INFO: [TRAIN] Step: 787 ; Loss: 27.481 ; Acc: 34.555
2018-09-19 15:06:59,990:INFO: [TRAIN] Step: 788 ; Loss: 24.922 ; Acc: 34.564
2018-09-19 15:07:00,140:INFO: [TRAIN] Step: 789 ; Loss: 27.245 ; Acc: 34.573
2018-09-19 15:07:00,291:INFO: [TRAIN] Step: 790 ; Loss: 27.036 ; Acc: 34.566
2018-09-19 15:07:00,440:INFO: [TRAIN] Step: 791 ; Loss: 33.901 ; Acc: 34.543
2018-09-19 15:07:00,586:INFO: [TRAIN] Step: 792 ; Loss: 27.083 ; Acc: 34.552
2018-09-19 15:07:00,740:INFO: [TRAIN] Step: 793 ; Loss: 28.776 ; Acc: 34.561
2018-09-19 15:07:00,886:INFO: [TRAIN] Step: 794 ; Loss: 30.978 ; Acc: 34.560
2018-09-19 15:07:01,037:INFO: [TRAIN] Step: 795 ; Loss: 28.313 ; Acc: 34.569
2018-09-19 15:07:01,186:INFO: [TRAIN] Step: 796 ; Loss: 30.660 ; Acc: 34.578
2018-09-19 15:07:01,343:INFO: [TRAIN] Step: 797 ; Loss: 25.663 ; Acc: 34.613
2018-09-19 15:07:01,496:INFO: [TRAIN] Step: 798 ; Loss: 29.054 ; Acc: 34.611
2018-09-19 15:07:01,642:INFO: [TRAIN] Step: 799 ; Loss: 24.539 ; Acc: 34.620
2018-09-19 15:07:01,792:INFO: [TRAIN] Step: 800 ; Loss: 27.764 ; Acc: 34.613
2018-09-19 15:07:01,945:INFO: [TRAIN] Step: 801 ; Loss: 28.713 ; Acc: 34.617
2018-09-19 15:07:02,093:INFO: [TRAIN] Step: 802 ; Loss: 27.835 ; Acc: 34.631
2018-09-19 15:07:02,239:INFO: [TRAIN] Step: 803 ; Loss: 29.345 ; Acc: 34.624
2018-09-19 15:07:02,393:INFO: [TRAIN] Step: 804 ; Loss: 26.197 ; Acc: 34.633
2018-09-19 15:07:02,545:INFO: [TRAIN] Step: 805 ; Loss: 27.805 ; Acc: 34.615
2018-09-19 15:07:02,699:INFO: [TRAIN] Step: 806 ; Loss: 25.735 ; Acc: 34.614
2018-09-19 15:07:02,849:INFO: [TRAIN] Step: 807 ; Loss: 28.723 ; Acc: 34.597
2018-09-19 15:07:03,002:INFO: [TRAIN] Step: 808 ; Loss: 32.252 ; Acc: 34.585
2018-09-19 15:07:03,150:INFO: [TRAIN] Step: 809 ; Loss: 31.990 ; Acc: 34.578
2018-09-19 15:07:03,298:INFO: [TRAIN] Step: 810 ; Loss: 29.836 ; Acc: 34.582
2018-09-19 15:07:03,447:INFO: [TRAIN] Step: 811 ; Loss: 29.769 ; Acc: 34.585
2018-09-19 15:07:03,597:INFO: [TRAIN] Step: 812 ; Loss: 30.316 ; Acc: 34.584
2018-09-19 15:07:03,746:INFO: [TRAIN] Step: 813 ; Loss: 25.441 ; Acc: 34.603
2018-09-19 15:07:03,896:INFO: [TRAIN] Step: 814 ; Loss: 30.678 ; Acc: 34.586
2018-09-19 15:07:04,049:INFO: [TRAIN] Step: 815 ; Loss: 28.525 ; Acc: 34.589
2018-09-19 15:07:04,197:INFO: [TRAIN] Step: 816 ; Loss: 30.111 ; Acc: 34.578
2018-09-19 15:07:04,353:INFO: [TRAIN] Step: 817 ; Loss: 28.235 ; Acc: 34.581
2018-09-19 15:07:04,507:INFO: [TRAIN] Step: 818 ; Loss: 26.998 ; Acc: 34.595
2018-09-19 15:07:04,670:INFO: [TRAIN] Step: 819 ; Loss: 27.579 ; Acc: 34.614
2018-09-19 15:07:04,834:INFO: [TRAIN] Step: 820 ; Loss: 27.302 ; Acc: 34.612
2018-09-19 15:07:04,986:INFO: [TRAIN] Step: 821 ; Loss: 28.319 ; Acc: 34.606
2018-09-19 15:07:05,135:INFO: [TRAIN] Step: 822 ; Loss: 25.803 ; Acc: 34.614
2018-09-19 15:07:05,287:INFO: [TRAIN] Step: 823 ; Loss: 30.408 ; Acc: 34.623
2018-09-19 15:07:05,441:INFO: [TRAIN] Step: 824 ; Loss: 28.363 ; Acc: 34.626
2018-09-19 15:07:05,591:INFO: [TRAIN] Step: 825 ; Loss: 31.004 ; Acc: 34.610
2018-09-19 15:07:05,748:INFO: [TRAIN] Step: 826 ; Loss: 28.495 ; Acc: 34.598
2018-09-19 15:07:05,898:INFO: [TRAIN] Step: 827 ; Loss: 33.233 ; Acc: 34.586
2018-09-19 15:07:06,052:INFO: [TRAIN] Step: 828 ; Loss: 27.196 ; Acc: 34.605
2018-09-19 15:07:06,211:INFO: [TRAIN] Step: 829 ; Loss: 29.186 ; Acc: 34.608
2018-09-19 15:07:06,358:INFO: [TRAIN] Step: 830 ; Loss: 25.324 ; Acc: 34.622
2018-09-19 15:07:06,508:INFO: [TRAIN] Step: 831 ; Loss: 24.160 ; Acc: 34.640
2018-09-19 15:07:06,657:INFO: [TRAIN] Step: 832 ; Loss: 26.539 ; Acc: 34.654
2018-09-19 15:07:06,808:INFO: [TRAIN] Step: 833 ; Loss: 27.461 ; Acc: 34.657
2018-09-19 15:07:06,957:INFO: [TRAIN] Step: 834 ; Loss: 29.380 ; Acc: 34.656
2018-09-19 15:07:07,109:INFO: [TRAIN] Step: 835 ; Loss: 31.541 ; Acc: 34.659
2018-09-19 15:07:07,265:INFO: [TRAIN] Step: 836 ; Loss: 29.151 ; Acc: 34.648
2018-09-19 15:07:07,411:INFO: [TRAIN] Step: 837 ; Loss: 30.716 ; Acc: 34.651
2018-09-19 15:07:07,561:INFO: [TRAIN] Step: 838 ; Loss: 31.024 ; Acc: 34.654
2018-09-19 15:07:07,710:INFO: [TRAIN] Step: 839 ; Loss: 25.072 ; Acc: 34.673
2018-09-19 15:07:07,858:INFO: [TRAIN] Step: 840 ; Loss: 35.196 ; Acc: 34.661
2018-09-19 15:07:08,004:INFO: [TRAIN] Step: 841 ; Loss: 29.086 ; Acc: 34.669
2018-09-19 15:07:08,150:INFO: [TRAIN] Step: 842 ; Loss: 30.934 ; Acc: 34.653
2018-09-19 15:07:08,300:INFO: [TRAIN] Step: 843 ; Loss: 25.170 ; Acc: 34.661
2018-09-19 15:07:08,445:INFO: [TRAIN] Step: 844 ; Loss: 27.255 ; Acc: 34.660
2018-09-19 15:07:08,587:INFO: [TRAIN] Step: 845 ; Loss: 32.215 ; Acc: 34.658
2018-09-19 15:07:08,730:INFO: [TRAIN] Step: 846 ; Loss: 28.532 ; Acc: 34.662
2018-09-19 15:07:08,887:INFO: [TRAIN] Step: 847 ; Loss: 30.877 ; Acc: 34.640
2018-09-19 15:07:09,036:INFO: [TRAIN] Step: 848 ; Loss: 29.160 ; Acc: 34.649
2018-09-19 15:07:09,182:INFO: [TRAIN] Step: 849 ; Loss: 28.467 ; Acc: 34.637
2018-09-19 15:07:09,327:INFO: [TRAIN] Step: 850 ; Loss: 29.706 ; Acc: 34.636
2018-09-19 15:07:09,473:INFO: [TRAIN] Step: 851 ; Loss: 33.445 ; Acc: 34.624
2018-09-19 15:07:09,616:INFO: [TRAIN] Step: 852 ; Loss: 26.665 ; Acc: 34.628
2018-09-19 15:07:09,763:INFO: [TRAIN] Step: 853 ; Loss: 26.778 ; Acc: 34.617
2018-09-19 15:07:09,904:INFO: [TRAIN] Step: 854 ; Loss: 27.511 ; Acc: 34.620
2018-09-19 15:07:10,047:INFO: [TRAIN] Step: 855 ; Loss: 28.767 ; Acc: 34.623
2018-09-19 15:07:10,184:INFO: [TRAIN] Step: 856 ; Loss: 24.485 ; Acc: 34.627
2018-09-19 15:07:10,320:INFO: [TRAIN] Step: 857 ; Loss: 27.989 ; Acc: 34.625
2018-09-19 15:07:10,454:INFO: [TRAIN] Step: 858 ; Loss: 27.184 ; Acc: 34.628
2018-09-19 15:07:10,596:INFO: [TRAIN] Step: 859 ; Loss: 25.117 ; Acc: 34.651
2018-09-19 15:07:10,733:INFO: [TRAIN] Step: 860 ; Loss: 24.278 ; Acc: 34.679
2018-09-19 15:07:10,870:INFO: [TRAIN] Step: 861 ; Loss: 31.633 ; Acc: 34.663
2018-09-19 15:07:11,001:INFO: [TRAIN] Step: 862 ; Loss: 26.875 ; Acc: 34.656
2018-09-19 15:07:11,138:INFO: [TRAIN] Step: 863 ; Loss: 27.904 ; Acc: 34.660
2018-09-19 15:07:11,274:INFO: [TRAIN] Step: 864 ; Loss: 26.764 ; Acc: 34.672
2018-09-19 15:07:11,406:INFO: [TRAIN] Step: 865 ; Loss: 35.774 ; Acc: 34.642
2018-09-19 15:07:11,540:INFO: [TRAIN] Step: 866 ; Loss: 27.343 ; Acc: 34.645
2018-09-19 15:07:11,675:INFO: [TRAIN] Step: 867 ; Loss: 30.939 ; Acc: 34.629
2018-09-19 15:07:11,810:INFO: [TRAIN] Step: 868 ; Loss: 26.548 ; Acc: 34.633
2018-09-19 15:07:11,946:INFO: [TRAIN] Step: 869 ; Loss: 29.940 ; Acc: 34.626
2018-09-19 15:07:12,081:INFO: [TRAIN] Step: 870 ; Loss: 26.505 ; Acc: 34.620
2018-09-19 15:07:12,208:INFO: [TRAIN] Step: 871 ; Loss: 29.678 ; Acc: 34.619
2018-09-19 15:07:12,341:INFO: [TRAIN] Step: 872 ; Loss: 26.919 ; Acc: 34.612
2018-09-19 15:07:12,469:INFO: [TRAIN] Step: 873 ; Loss: 28.929 ; Acc: 34.611
2018-09-19 15:07:12,600:INFO: [TRAIN] Step: 874 ; Loss: 25.462 ; Acc: 34.610
2018-09-19 15:07:12,728:INFO: [TRAIN] Step: 875 ; Loss: 25.028 ; Acc: 34.622
2018-09-19 15:07:12,853:INFO: [TRAIN] Step: 876 ; Loss: 31.048 ; Acc: 34.626
2018-09-19 15:07:12,982:INFO: [TRAIN] Step: 877 ; Loss: 31.243 ; Acc: 34.624
2018-09-19 15:07:13,110:INFO: [TRAIN] Step: 878 ; Loss: 29.355 ; Acc: 34.608
2018-09-19 15:07:13,237:INFO: [TRAIN] Step: 879 ; Loss: 33.290 ; Acc: 34.588
2018-09-19 15:07:13,368:INFO: [TRAIN] Step: 880 ; Loss: 30.319 ; Acc: 34.587
2018-09-19 15:07:13,495:INFO: [TRAIN] Step: 881 ; Loss: 27.220 ; Acc: 34.590
2018-09-19 15:07:13,623:INFO: [TRAIN] Step: 882 ; Loss: 28.648 ; Acc: 34.603
2018-09-19 15:07:13,749:INFO: [TRAIN] Step: 883 ; Loss: 33.921 ; Acc: 34.597
2018-09-19 15:07:13,879:INFO: [TRAIN] Step: 884 ; Loss: 26.650 ; Acc: 34.586
2018-09-19 15:07:14,003:INFO: [TRAIN] Step: 885 ; Loss: 27.844 ; Acc: 34.561
2018-09-19 15:07:14,127:INFO: [TRAIN] Step: 886 ; Loss: 28.198 ; Acc: 34.545
2018-09-19 15:07:14,248:INFO: [TRAIN] Step: 887 ; Loss: 28.671 ; Acc: 34.553
2018-09-19 15:07:14,374:INFO: [TRAIN] Step: 888 ; Loss: 26.587 ; Acc: 34.566
2018-09-19 15:07:14,498:INFO: [TRAIN] Step: 889 ; Loss: 26.219 ; Acc: 34.574
2018-09-19 15:07:14,619:INFO: [TRAIN] Step: 890 ; Loss: 29.120 ; Acc: 34.563
2018-09-19 15:07:14,744:INFO: [TRAIN] Step: 891 ; Loss: 34.295 ; Acc: 34.548
2018-09-19 15:07:14,864:INFO: [TRAIN] Step: 892 ; Loss: 28.297 ; Acc: 34.560
2018-09-19 15:07:14,983:INFO: [TRAIN] Step: 893 ; Loss: 26.257 ; Acc: 34.573
2018-09-19 15:07:15,107:INFO: [TRAIN] Step: 894 ; Loss: 27.448 ; Acc: 34.586
2018-09-19 15:07:15,228:INFO: [TRAIN] Step: 895 ; Loss: 27.396 ; Acc: 34.603
2018-09-19 15:07:15,350:INFO: [TRAIN] Step: 896 ; Loss: 24.798 ; Acc: 34.620
2018-09-19 15:07:15,473:INFO: [TRAIN] Step: 897 ; Loss: 28.232 ; Acc: 34.623
2018-09-19 15:07:15,591:INFO: [TRAIN] Step: 898 ; Loss: 26.892 ; Acc: 34.631
2018-09-19 15:07:15,714:INFO: [TRAIN] Step: 899 ; Loss: 28.197 ; Acc: 34.625
2018-09-19 15:07:15,834:INFO: [TRAIN] Step: 900 ; Loss: 29.644 ; Acc: 34.624
2018-09-19 15:07:15,953:INFO: [TRAIN] Step: 901 ; Loss: 29.435 ; Acc: 34.608
2018-09-19 15:07:16,072:INFO: [TRAIN] Step: 902 ; Loss: 27.808 ; Acc: 34.607
2018-09-19 15:07:16,198:INFO: [TRAIN] Step: 903 ; Loss: 28.422 ; Acc: 34.601
2018-09-19 15:07:16,315:INFO: [TRAIN] Step: 904 ; Loss: 28.487 ; Acc: 34.609
2018-09-19 15:07:16,438:INFO: [TRAIN] Step: 905 ; Loss: 27.996 ; Acc: 34.607
2018-09-19 15:07:16,553:INFO: [TRAIN] Step: 906 ; Loss: 29.166 ; Acc: 34.629
2018-09-19 15:07:16,669:INFO: [TRAIN] Step: 907 ; Loss: 25.857 ; Acc: 34.655
2018-09-19 15:07:16,787:INFO: [TRAIN] Step: 908 ; Loss: 25.779 ; Acc: 34.663
2018-09-19 15:07:16,902:INFO: [TRAIN] Step: 909 ; Loss: 31.700 ; Acc: 34.661
2018-09-19 15:07:17,017:INFO: [TRAIN] Step: 910 ; Loss: 31.243 ; Acc: 34.664
2018-09-19 15:07:17,135:INFO: [TRAIN] Step: 911 ; Loss: 31.960 ; Acc: 34.649
2018-09-19 15:07:17,249:INFO: [TRAIN] Step: 912 ; Loss: 35.430 ; Acc: 34.639
2018-09-19 15:07:17,369:INFO: [TRAIN] Step: 913 ; Loss: 29.318 ; Acc: 34.637
2018-09-19 15:07:17,488:INFO: [TRAIN] Step: 914 ; Loss: 29.919 ; Acc: 34.622
2018-09-19 15:07:17,613:INFO: [TRAIN] Step: 915 ; Loss: 28.700 ; Acc: 34.634
2018-09-19 15:07:17,730:INFO: [TRAIN] Step: 916 ; Loss: 28.228 ; Acc: 34.642
2018-09-19 15:07:17,850:INFO: [TRAIN] Step: 917 ; Loss: 28.518 ; Acc: 34.641
2018-09-19 15:07:17,967:INFO: [TRAIN] Step: 918 ; Loss: 30.375 ; Acc: 34.635
2018-09-19 15:07:18,083:INFO: [TRAIN] Step: 919 ; Loss: 27.411 ; Acc: 34.638
2018-09-19 15:07:18,199:INFO: [TRAIN] Step: 920 ; Loss: 28.887 ; Acc: 34.645
2018-09-19 15:07:18,317:INFO: [TRAIN] Step: 921 ; Loss: 26.053 ; Acc: 34.648
2018-09-19 15:07:18,435:INFO: [TRAIN] Step: 922 ; Loss: 28.929 ; Acc: 34.629
2018-09-19 15:07:18,548:INFO: [TRAIN] Step: 923 ; Loss: 27.844 ; Acc: 34.650
2018-09-19 15:07:18,665:INFO: [TRAIN] Step: 924 ; Loss: 28.191 ; Acc: 34.649
2018-09-19 15:07:18,782:INFO: [TRAIN] Step: 925 ; Loss: 28.740 ; Acc: 34.652
2018-09-19 15:07:18,901:INFO: [TRAIN] Step: 926 ; Loss: 29.962 ; Acc: 34.641
2018-09-19 15:07:19,018:INFO: [TRAIN] Step: 927 ; Loss: 32.717 ; Acc: 34.635
2018-09-19 15:07:19,136:INFO: [TRAIN] Step: 928 ; Loss: 26.730 ; Acc: 34.634
2018-09-19 15:07:19,256:INFO: [TRAIN] Step: 929 ; Loss: 24.629 ; Acc: 34.659
2018-09-19 15:07:19,374:INFO: [TRAIN] Step: 930 ; Loss: 28.928 ; Acc: 34.649
2018-09-19 15:07:19,493:INFO: [TRAIN] Step: 931 ; Loss: 30.471 ; Acc: 34.657
2018-09-19 15:07:19,614:INFO: [TRAIN] Step: 932 ; Loss: 24.418 ; Acc: 34.660
2018-09-19 15:07:19,730:INFO: [TRAIN] Step: 933 ; Loss: 27.208 ; Acc: 34.681
2018-09-19 15:07:19,850:INFO: [TRAIN] Step: 934 ; Loss: 28.977 ; Acc: 34.675
2018-09-19 15:07:19,964:INFO: [TRAIN] Step: 935 ; Loss: 28.807 ; Acc: 34.660
2018-09-19 15:07:20,080:INFO: [TRAIN] Step: 936 ; Loss: 25.925 ; Acc: 34.676
2018-09-19 15:07:20,194:INFO: [TRAIN] Step: 937 ; Loss: 27.480 ; Acc: 34.670
2018-09-19 15:07:20,307:INFO: [TRAIN] Step: 938 ; Loss: 30.437 ; Acc: 34.669
2018-09-19 15:07:20,423:INFO: [TRAIN] Step: 939 ; Loss: 27.805 ; Acc: 34.663
2018-09-19 15:07:20,537:INFO: [TRAIN] Step: 940 ; Loss: 27.751 ; Acc: 34.662
2018-09-19 15:07:20,652:INFO: [TRAIN] Step: 941 ; Loss: 25.517 ; Acc: 34.669
2018-09-19 15:07:20,767:INFO: [TRAIN] Step: 942 ; Loss: 28.686 ; Acc: 34.672
2018-09-19 15:07:20,883:INFO: [TRAIN] Step: 943 ; Loss: 27.651 ; Acc: 34.662
2018-09-19 15:07:20,999:INFO: [TRAIN] Step: 944 ; Loss: 29.144 ; Acc: 34.669
2018-09-19 15:07:21,114:INFO: [TRAIN] Step: 945 ; Loss: 33.097 ; Acc: 34.655
2018-09-19 15:07:21,229:INFO: [TRAIN] Step: 946 ; Loss: 31.390 ; Acc: 34.653
2018-09-19 15:07:21,347:INFO: [TRAIN] Step: 947 ; Loss: 29.061 ; Acc: 34.656
2018-09-19 15:07:21,463:INFO: [TRAIN] Step: 948 ; Loss: 24.710 ; Acc: 34.677
2018-09-19 15:07:21,577:INFO: [TRAIN] Step: 949 ; Loss: 27.235 ; Acc: 34.693
2018-09-19 15:07:21,697:INFO: [TRAIN] Step: 950 ; Loss: 24.042 ; Acc: 34.718
2018-09-19 15:07:21,811:INFO: [TRAIN] Step: 951 ; Loss: 29.162 ; Acc: 34.712
2018-09-19 15:07:21,926:INFO: [TRAIN] Step: 952 ; Loss: 25.896 ; Acc: 34.719
2018-09-19 15:07:22,043:INFO: [TRAIN] Step: 953 ; Loss: 27.661 ; Acc: 34.727
2018-09-19 15:07:22,158:INFO: [TRAIN] Step: 954 ; Loss: 28.651 ; Acc: 34.721
2018-09-19 15:07:22,280:INFO: [TRAIN] Step: 955 ; Loss: 27.917 ; Acc: 34.728
2018-09-19 15:07:22,396:INFO: [TRAIN] Step: 956 ; Loss: 29.209 ; Acc: 34.722
2018-09-19 15:07:22,515:INFO: [TRAIN] Step: 957 ; Loss: 25.961 ; Acc: 34.725
2018-09-19 15:07:22,632:INFO: [TRAIN] Step: 958 ; Loss: 28.057 ; Acc: 34.745
2018-09-19 15:07:22,752:INFO: [TRAIN] Step: 959 ; Loss: 26.794 ; Acc: 34.748
2018-09-19 15:07:22,867:INFO: [TRAIN] Step: 960 ; Loss: 28.303 ; Acc: 34.751
2018-09-19 15:07:22,990:INFO: [TRAIN] Step: 961 ; Loss: 29.668 ; Acc: 34.745
2018-09-19 15:07:23,108:INFO: [TRAIN] Step: 962 ; Loss: 30.735 ; Acc: 34.731
2018-09-19 15:07:23,224:INFO: [TRAIN] Step: 963 ; Loss: 28.092 ; Acc: 34.738
2018-09-19 15:07:23,339:INFO: [TRAIN] Step: 964 ; Loss: 31.577 ; Acc: 34.728
2018-09-19 15:07:23,453:INFO: [TRAIN] Step: 965 ; Loss: 30.443 ; Acc: 34.727
2018-09-19 15:07:23,568:INFO: [TRAIN] Step: 966 ; Loss: 28.329 ; Acc: 34.738
2018-09-19 15:07:23,690:INFO: [TRAIN] Step: 967 ; Loss: 26.938 ; Acc: 34.754
2018-09-19 15:07:23,807:INFO: [TRAIN] Step: 968 ; Loss: 28.382 ; Acc: 34.757
2018-09-19 15:07:23,924:INFO: [TRAIN] Step: 969 ; Loss: 31.406 ; Acc: 34.755
2018-09-19 15:07:24,040:INFO: [TRAIN] Step: 970 ; Loss: 30.202 ; Acc: 34.745
2018-09-19 15:07:24,154:INFO: [TRAIN] Step: 971 ; Loss: 29.239 ; Acc: 34.757
2018-09-19 15:07:24,272:INFO: [TRAIN] Step: 972 ; Loss: 26.494 ; Acc: 34.764
2018-09-19 15:07:24,390:INFO: [TRAIN] Step: 973 ; Loss: 31.254 ; Acc: 34.754
2018-09-19 15:07:24,504:INFO: [TRAIN] Step: 974 ; Loss: 25.035 ; Acc: 34.778
2018-09-19 15:07:24,620:INFO: [TRAIN] Step: 975 ; Loss: 29.550 ; Acc: 34.772
2018-09-19 15:07:24,737:INFO: [TRAIN] Step: 976 ; Loss: 28.382 ; Acc: 34.788
2018-09-19 15:07:24,853:INFO: [TRAIN] Step: 977 ; Loss: 28.308 ; Acc: 34.782
2018-09-19 15:07:24,971:INFO: [TRAIN] Step: 978 ; Loss: 28.380 ; Acc: 34.785
2018-09-19 15:07:25,092:INFO: [TRAIN] Step: 979 ; Loss: 26.176 ; Acc: 34.800
2018-09-19 15:07:25,211:INFO: [TRAIN] Step: 980 ; Loss: 31.883 ; Acc: 34.799
2018-09-19 15:07:25,332:INFO: [TRAIN] Step: 981 ; Loss: 29.479 ; Acc: 34.797
2018-09-19 15:07:25,448:INFO: [TRAIN] Step: 982 ; Loss: 32.318 ; Acc: 34.783
2018-09-19 15:07:25,565:INFO: [TRAIN] Step: 983 ; Loss: 29.633 ; Acc: 34.777
2018-09-19 15:07:25,684:INFO: [TRAIN] Step: 984 ; Loss: 26.379 ; Acc: 34.784
2018-09-19 15:07:25,799:INFO: [TRAIN] Step: 985 ; Loss: 27.333 ; Acc: 34.787
2018-09-19 15:07:25,918:INFO: [TRAIN] Step: 986 ; Loss: 30.554 ; Acc: 34.807
2018-09-19 15:07:26,036:INFO: [TRAIN] Step: 987 ; Loss: 28.855 ; Acc: 34.797
2018-09-19 15:07:26,151:INFO: [TRAIN] Step: 988 ; Loss: 24.260 ; Acc: 34.808
2018-09-19 15:07:26,266:INFO: [TRAIN] Step: 989 ; Loss: 29.987 ; Acc: 34.798
2018-09-19 15:07:26,381:INFO: [TRAIN] Step: 990 ; Loss: 32.727 ; Acc: 34.788
2018-09-19 15:07:26,496:INFO: [TRAIN] Step: 991 ; Loss: 26.038 ; Acc: 34.808
2018-09-19 15:07:26,608:INFO: [TRAIN] Step: 992 ; Loss: 30.806 ; Acc: 34.794
2018-09-19 15:07:26,731:INFO: [TRAIN] Step: 993 ; Loss: 34.778 ; Acc: 34.784
2018-09-19 15:07:26,843:INFO: [TRAIN] Step: 994 ; Loss: 28.087 ; Acc: 34.770
2018-09-19 15:07:26,962:INFO: [TRAIN] Step: 995 ; Loss: 26.213 ; Acc: 34.768
2018-09-19 15:07:27,082:INFO: [TRAIN] Step: 996 ; Loss: 27.836 ; Acc: 34.779
2018-09-19 15:07:27,197:INFO: [TRAIN] Step: 997 ; Loss: 33.243 ; Acc: 34.757
2018-09-19 15:07:27,312:INFO: [TRAIN] Step: 998 ; Loss: 24.996 ; Acc: 34.776
2018-09-19 15:07:27,426:INFO: [TRAIN] Step: 999 ; Loss: 27.939 ; Acc: 34.779
2018-09-19 15:07:27,543:INFO: [TRAIN] Step: 1000 ; Loss: 27.916 ; Acc: 34.786
2018-09-19 15:07:27,658:INFO: [TRAIN] Step: 1001 ; Loss: 28.816 ; Acc: 34.801
2018-09-19 15:07:27,773:INFO: [TRAIN] Step: 1002 ; Loss: 31.623 ; Acc: 34.779
2018-09-19 15:07:27,893:INFO: [TRAIN] Step: 1003 ; Loss: 29.510 ; Acc: 34.790
2018-09-19 15:07:28,006:INFO: [TRAIN] Step: 1004 ; Loss: 30.759 ; Acc: 34.801
2018-09-19 15:07:28,122:INFO: [TRAIN] Step: 1005 ; Loss: 29.951 ; Acc: 34.812
2018-09-19 15:07:28,238:INFO: [TRAIN] Step: 1006 ; Loss: 26.850 ; Acc: 34.827
2018-09-19 15:07:28,354:INFO: [TRAIN] Step: 1007 ; Loss: 33.604 ; Acc: 34.809
2018-09-19 15:07:28,474:INFO: [TRAIN] Step: 1008 ; Loss: 27.633 ; Acc: 34.824
2018-09-19 15:07:28,586:INFO: [TRAIN] Step: 1009 ; Loss: 25.639 ; Acc: 34.831
2018-09-19 15:07:28,704:INFO: [TRAIN] Step: 1010 ; Loss: 30.210 ; Acc: 34.833
2018-09-19 15:07:28,819:INFO: [TRAIN] Step: 1011 ; Loss: 31.976 ; Acc: 34.828
2018-09-19 15:07:28,938:INFO: [TRAIN] Step: 1012 ; Loss: 29.952 ; Acc: 34.822
2018-09-19 15:07:29,051:INFO: [TRAIN] Step: 1013 ; Loss: 28.161 ; Acc: 34.837
2018-09-19 15:07:29,167:INFO: [TRAIN] Step: 1014 ; Loss: 29.516 ; Acc: 34.828
2018-09-19 15:07:29,285:INFO: [TRAIN] Step: 1015 ; Loss: 30.987 ; Acc: 34.822
2018-09-19 15:07:29,401:INFO: [TRAIN] Step: 1016 ; Loss: 25.026 ; Acc: 34.812
2018-09-19 15:07:29,519:INFO: [TRAIN] Step: 1017 ; Loss: 34.433 ; Acc: 34.790
2018-09-19 15:07:29,635:INFO: [TRAIN] Step: 1018 ; Loss: 34.308 ; Acc: 34.773
2018-09-19 15:07:29,752:INFO: [TRAIN] Step: 1019 ; Loss: 28.850 ; Acc: 34.775
2018-09-19 15:07:29,869:INFO: [TRAIN] Step: 1020 ; Loss: 27.207 ; Acc: 34.774
2018-09-19 15:07:29,987:INFO: [TRAIN] Step: 1021 ; Loss: 26.630 ; Acc: 34.781
2018-09-19 15:07:30,100:INFO: [TRAIN] Step: 1022 ; Loss: 24.587 ; Acc: 34.796
2018-09-19 15:07:30,217:INFO: [TRAIN] Step: 1023 ; Loss: 29.103 ; Acc: 34.806
2018-09-19 15:07:30,333:INFO: [TRAIN] Step: 1024 ; Loss: 28.476 ; Acc: 34.801
2018-09-19 15:07:30,452:INFO: [TRAIN] Step: 1025 ; Loss: 29.068 ; Acc: 34.816
2018-09-19 15:07:30,569:INFO: [TRAIN] Step: 1026 ; Loss: 26.174 ; Acc: 34.834
2018-09-19 15:07:30,686:INFO: [TRAIN] Step: 1027 ; Loss: 25.919 ; Acc: 34.825
2018-09-19 15:07:30,806:INFO: [TRAIN] Step: 1028 ; Loss: 26.931 ; Acc: 34.828
2018-09-19 15:07:30,920:INFO: [TRAIN] Step: 1029 ; Loss: 25.605 ; Acc: 34.842
2018-09-19 15:07:31,036:INFO: [TRAIN] Step: 1030 ; Loss: 25.758 ; Acc: 34.841
2018-09-19 15:07:31,150:INFO: [TRAIN] Step: 1031 ; Loss: 26.842 ; Acc: 34.843
2018-09-19 15:07:31,268:INFO: [TRAIN] Step: 1032 ; Loss: 31.921 ; Acc: 34.834
2018-09-19 15:07:31,384:INFO: [TRAIN] Step: 1033 ; Loss: 28.207 ; Acc: 34.820
2018-09-19 15:07:31,498:INFO: [TRAIN] Step: 1034 ; Loss: 28.165 ; Acc: 34.827
2018-09-19 15:07:31,612:INFO: [TRAIN] Step: 1035 ; Loss: 32.802 ; Acc: 34.809
2018-09-19 15:07:31,736:INFO: [TRAIN] Step: 1036 ; Loss: 26.291 ; Acc: 34.816
2018-09-19 15:07:31,852:INFO: [TRAIN] Step: 1037 ; Loss: 27.834 ; Acc: 34.819
2018-09-19 15:07:31,970:INFO: [TRAIN] Step: 1038 ; Loss: 29.190 ; Acc: 34.821
2018-09-19 15:07:32,085:INFO: [TRAIN] Step: 1039 ; Loss: 26.995 ; Acc: 34.820
2018-09-19 15:07:32,199:INFO: [TRAIN] Step: 1040 ; Loss: 27.339 ; Acc: 34.826
2018-09-19 15:07:32,318:INFO: [TRAIN] Step: 1041 ; Loss: 28.483 ; Acc: 34.829
2018-09-19 15:07:32,443:INFO: [TRAIN] Step: 1042 ; Loss: 29.613 ; Acc: 34.827
2018-09-19 15:07:32,560:INFO: [TRAIN] Step: 1043 ; Loss: 29.785 ; Acc: 34.826
2018-09-19 15:07:32,677:INFO: [TRAIN] Step: 1044 ; Loss: 24.953 ; Acc: 34.841
2018-09-19 15:07:32,794:INFO: [TRAIN] Step: 1045 ; Loss: 29.813 ; Acc: 34.859
2018-09-19 15:07:32,910:INFO: [TRAIN] Step: 1046 ; Loss: 28.712 ; Acc: 34.854
2018-09-19 15:07:33,029:INFO: [TRAIN] Step: 1047 ; Loss: 24.920 ; Acc: 34.872
2018-09-19 15:07:33,142:INFO: [TRAIN] Step: 1048 ; Loss: 29.437 ; Acc: 34.871
2018-09-19 15:07:33,265:INFO: [TRAIN] Step: 1049 ; Loss: 25.729 ; Acc: 34.869
2018-09-19 15:07:33,383:INFO: [TRAIN] Step: 1050 ; Loss: 30.895 ; Acc: 34.864
2018-09-19 15:07:33,498:INFO: [TRAIN] Step: 1051 ; Loss: 32.121 ; Acc: 34.870
2018-09-19 15:07:33,614:INFO: [TRAIN] Step: 1052 ; Loss: 29.008 ; Acc: 34.865
2018-09-19 15:07:33,731:INFO: [TRAIN] Step: 1053 ; Loss: 31.242 ; Acc: 34.859
2018-09-19 15:07:33,845:INFO: [TRAIN] Step: 1054 ; Loss: 26.314 ; Acc: 34.874
2018-09-19 15:07:33,965:INFO: [TRAIN] Step: 1055 ; Loss: 27.043 ; Acc: 34.872
2018-09-19 15:07:34,083:INFO: [TRAIN] Step: 1056 ; Loss: 31.111 ; Acc: 34.863
2018-09-19 15:07:34,204:INFO: [TRAIN] Step: 1057 ; Loss: 31.393 ; Acc: 34.853
2018-09-19 15:07:34,323:INFO: [TRAIN] Step: 1058 ; Loss: 32.085 ; Acc: 34.852
2018-09-19 15:07:34,439:INFO: [TRAIN] Step: 1059 ; Loss: 32.358 ; Acc: 34.847
2018-09-19 15:07:34,557:INFO: [TRAIN] Step: 1060 ; Loss: 27.300 ; Acc: 34.841
2018-09-19 15:07:34,676:INFO: [TRAIN] Step: 1061 ; Loss: 28.271 ; Acc: 34.844
2018-09-19 15:07:34,792:INFO: [TRAIN] Step: 1062 ; Loss: 26.729 ; Acc: 34.842
2018-09-19 15:07:34,909:INFO: [TRAIN] Step: 1063 ; Loss: 26.411 ; Acc: 34.849
2018-09-19 15:07:35,024:INFO: [TRAIN] Step: 1064 ; Loss: 27.802 ; Acc: 34.851
2018-09-19 15:07:35,142:INFO: [TRAIN] Step: 1065 ; Loss: 28.447 ; Acc: 34.858
2018-09-19 15:07:35,254:INFO: [TRAIN] Step: 1066 ; Loss: 25.891 ; Acc: 34.876
2018-09-19 15:07:35,371:INFO: [TRAIN] Step: 1067 ; Loss: 34.085 ; Acc: 34.859
2018-09-19 15:07:35,485:INFO: [TRAIN] Step: 1068 ; Loss: 25.694 ; Acc: 34.881
2018-09-19 15:07:35,605:INFO: [TRAIN] Step: 1069 ; Loss: 28.433 ; Acc: 34.875
2018-09-19 15:07:35,722:INFO: [TRAIN] Step: 1070 ; Loss: 27.963 ; Acc: 34.886
2018-09-19 15:07:35,839:INFO: [TRAIN] Step: 1071 ; Loss: 29.126 ; Acc: 34.904
2018-09-19 15:07:35,955:INFO: [TRAIN] Step: 1072 ; Loss: 27.079 ; Acc: 34.902
2018-09-19 15:07:36,074:INFO: [TRAIN] Step: 1073 ; Loss: 30.050 ; Acc: 34.897
2018-09-19 15:07:36,190:INFO: [TRAIN] Step: 1074 ; Loss: 26.639 ; Acc: 34.895
2018-09-19 15:07:36,302:INFO: [TRAIN] Step: 1075 ; Loss: 28.233 ; Acc: 34.902
2018-09-19 15:07:36,420:INFO: [TRAIN] Step: 1076 ; Loss: 31.687 ; Acc: 34.900
2018-09-19 15:07:36,536:INFO: [TRAIN] Step: 1077 ; Loss: 29.269 ; Acc: 34.899
2018-09-19 15:07:36,654:INFO: [TRAIN] Step: 1078 ; Loss: 24.719 ; Acc: 34.913
2018-09-19 15:07:36,769:INFO: [TRAIN] Step: 1079 ; Loss: 31.636 ; Acc: 34.907
2018-09-19 15:07:36,888:INFO: [TRAIN] Step: 1080 ; Loss: 27.628 ; Acc: 34.921
2018-09-19 15:07:37,002:INFO: [TRAIN] Step: 1081 ; Loss: 29.186 ; Acc: 34.928
2018-09-19 15:07:37,116:INFO: [TRAIN] Step: 1082 ; Loss: 29.246 ; Acc: 34.926
2018-09-19 15:07:37,231:INFO: [TRAIN] Step: 1083 ; Loss: 23.124 ; Acc: 34.952
2018-09-19 15:07:37,350:INFO: [TRAIN] Step: 1084 ; Loss: 30.714 ; Acc: 34.950
2018-09-19 15:07:37,471:INFO: [TRAIN] Step: 1085 ; Loss: 27.587 ; Acc: 34.956
2018-09-19 15:07:37,587:INFO: [TRAIN] Step: 1086 ; Loss: 28.062 ; Acc: 34.970
2018-09-19 15:07:37,705:INFO: [TRAIN] Step: 1087 ; Loss: 30.484 ; Acc: 34.961
2018-09-19 15:07:37,818:INFO: [TRAIN] Step: 1088 ; Loss: 26.074 ; Acc: 34.982
2018-09-19 15:07:37,934:INFO: [TRAIN] Step: 1089 ; Loss: 31.638 ; Acc: 34.973
2018-09-19 15:07:38,053:INFO: [TRAIN] Step: 1090 ; Loss: 30.919 ; Acc: 34.960
2018-09-19 15:07:38,167:INFO: [TRAIN] Step: 1091 ; Loss: 29.899 ; Acc: 34.955
2018-09-19 15:07:38,284:INFO: [TRAIN] Step: 1092 ; Loss: 27.114 ; Acc: 34.965
2018-09-19 15:07:38,399:INFO: [TRAIN] Step: 1093 ; Loss: 24.669 ; Acc: 34.963
2018-09-19 15:07:38,518:INFO: [TRAIN] Step: 1094 ; Loss: 30.650 ; Acc: 34.966
2018-09-19 15:07:38,631:INFO: [TRAIN] Step: 1095 ; Loss: 27.521 ; Acc: 34.972
2018-09-19 15:07:38,748:INFO: [TRAIN] Step: 1096 ; Loss: 29.287 ; Acc: 34.986
2018-09-19 15:07:38,862:INFO: [TRAIN] Step: 1097 ; Loss: 26.521 ; Acc: 34.980
2018-09-19 15:07:38,976:INFO: [TRAIN] Step: 1098 ; Loss: 27.621 ; Acc: 34.975
2018-09-19 15:07:39,093:INFO: [TRAIN] Step: 1099 ; Loss: 28.076 ; Acc: 34.981
2018-09-19 15:07:39,208:INFO: [TRAIN] Step: 1100 ; Loss: 30.404 ; Acc: 34.976
2018-09-19 15:07:39,325:INFO: [TRAIN] Step: 1101 ; Loss: 27.054 ; Acc: 34.971
2018-09-19 15:07:39,441:INFO: [TRAIN] Step: 1102 ; Loss: 30.405 ; Acc: 34.961
2018-09-19 15:07:39,558:INFO: [TRAIN] Step: 1103 ; Loss: 29.665 ; Acc: 34.968
2018-09-19 15:07:39,673:INFO: [TRAIN] Step: 1104 ; Loss: 30.889 ; Acc: 34.962
2018-09-19 15:07:39,794:INFO: [TRAIN] Step: 1105 ; Loss: 26.037 ; Acc: 34.968
2018-09-19 15:07:39,913:INFO: [TRAIN] Step: 1106 ; Loss: 26.763 ; Acc: 34.986
2018-09-19 15:07:40,024:INFO: [TRAIN] Step: 1107 ; Loss: 28.151 ; Acc: 34.988
2018-09-19 15:07:40,138:INFO: [TRAIN] Step: 1108 ; Loss: 26.719 ; Acc: 34.998
2018-09-19 15:07:40,258:INFO: [TRAIN] Step: 1109 ; Loss: 30.839 ; Acc: 34.992
2018-09-19 15:07:40,378:INFO: [TRAIN] Step: 1110 ; Loss: 27.394 ; Acc: 34.995
2018-09-19 15:07:40,496:INFO: [TRAIN] Step: 1111 ; Loss: 28.762 ; Acc: 34.997
2018-09-19 15:07:40,610:INFO: [TRAIN] Step: 1112 ; Loss: 29.659 ; Acc: 34.996
2018-09-19 15:07:40,725:INFO: [TRAIN] Step: 1113 ; Loss: 28.673 ; Acc: 34.994
2018-09-19 15:07:40,840:INFO: [TRAIN] Step: 1114 ; Loss: 27.875 ; Acc: 34.978
2018-09-19 15:07:40,956:INFO: [TRAIN] Step: 1115 ; Loss: 31.652 ; Acc: 34.976
2018-09-19 15:07:41,073:INFO: [TRAIN] Step: 1116 ; Loss: 27.366 ; Acc: 34.990
2018-09-19 15:07:41,190:INFO: [TRAIN] Step: 1117 ; Loss: 31.147 ; Acc: 34.977
2018-09-19 15:07:41,308:INFO: [TRAIN] Step: 1118 ; Loss: 27.363 ; Acc: 34.975
2018-09-19 15:07:41,425:INFO: [TRAIN] Step: 1119 ; Loss: 26.146 ; Acc: 34.993
2018-09-19 15:07:41,539:INFO: [TRAIN] Step: 1120 ; Loss: 27.702 ; Acc: 34.995
2018-09-19 15:07:41,660:INFO: [TRAIN] Step: 1121 ; Loss: 31.758 ; Acc: 34.990
2018-09-19 15:07:41,776:INFO: [TRAIN] Step: 1122 ; Loss: 25.967 ; Acc: 35.003
2018-09-19 15:07:41,897:INFO: [TRAIN] Step: 1123 ; Loss: 30.119 ; Acc: 35.005
2018-09-19 15:07:42,010:INFO: [TRAIN] Step: 1124 ; Loss: 27.701 ; Acc: 35.015
2018-09-19 15:07:42,124:INFO: [TRAIN] Step: 1125 ; Loss: 26.666 ; Acc: 35.021
2018-09-19 15:07:42,239:INFO: [TRAIN] Step: 1126 ; Loss: 29.546 ; Acc: 35.016
2018-09-19 15:07:42,358:INFO: [TRAIN] Step: 1127 ; Loss: 27.704 ; Acc: 35.007
2018-09-19 15:07:42,477:INFO: [TRAIN] Step: 1128 ; Loss: 26.224 ; Acc: 35.013
2018-09-19 15:07:42,591:INFO: [TRAIN] Step: 1129 ; Loss: 31.638 ; Acc: 35.018
2018-09-19 15:07:42,706:INFO: [TRAIN] Step: 1130 ; Loss: 26.464 ; Acc: 35.010
2018-09-19 15:07:42,824:INFO: [TRAIN] Step: 1131 ; Loss: 27.976 ; Acc: 35.015
2018-09-19 15:07:42,937:INFO: [TRAIN] Step: 1132 ; Loss: 34.764 ; Acc: 35.007
2018-09-19 15:07:43,058:INFO: [TRAIN] Step: 1133 ; Loss: 26.999 ; Acc: 35.005
2018-09-19 15:07:43,176:INFO: [TRAIN] Step: 1134 ; Loss: 28.967 ; Acc: 35.007
2018-09-19 15:07:43,291:INFO: [TRAIN] Step: 1135 ; Loss: 29.654 ; Acc: 34.999
2018-09-19 15:07:43,406:INFO: [TRAIN] Step: 1136 ; Loss: 28.807 ; Acc: 35.019
2018-09-19 15:07:43,521:INFO: [TRAIN] Step: 1137 ; Loss: 29.603 ; Acc: 35.007
2018-09-19 15:07:43,633:INFO: [TRAIN] Step: 1138 ; Loss: 31.512 ; Acc: 35.005
2018-09-19 15:07:43,751:INFO: [TRAIN] Step: 1139 ; Loss: 27.074 ; Acc: 35.007
2018-09-19 15:07:43,867:INFO: [TRAIN] Step: 1140 ; Loss: 27.840 ; Acc: 35.002
2018-09-19 15:07:43,983:INFO: [TRAIN] Step: 1141 ; Loss: 31.439 ; Acc: 35.004
2018-09-19 15:07:44,100:INFO: [TRAIN] Step: 1142 ; Loss: 27.333 ; Acc: 35.010
2018-09-19 15:07:44,217:INFO: [TRAIN] Step: 1143 ; Loss: 30.387 ; Acc: 35.012
2018-09-19 15:07:44,334:INFO: [TRAIN] Step: 1144 ; Loss: 30.950 ; Acc: 35.015
2018-09-19 15:07:44,452:INFO: [TRAIN] Step: 1145 ; Loss: 27.657 ; Acc: 35.013
2018-09-19 15:07:44,566:INFO: [TRAIN] Step: 1146 ; Loss: 30.229 ; Acc: 35.004
2018-09-19 15:07:44,683:INFO: [TRAIN] Step: 1147 ; Loss: 27.918 ; Acc: 35.010
2018-09-19 15:07:44,803:INFO: [TRAIN] Step: 1148 ; Loss: 27.202 ; Acc: 35.001
2018-09-19 15:07:44,914:INFO: [TRAIN] Step: 1149 ; Loss: 30.967 ; Acc: 34.996
2018-09-19 15:07:45,031:INFO: [TRAIN] Step: 1150 ; Loss: 27.327 ; Acc: 35.009
2018-09-19 15:07:45,150:INFO: [TRAIN] Step: 1151 ; Loss: 30.254 ; Acc: 35.012
2018-09-19 15:07:45,268:INFO: [TRAIN] Step: 1152 ; Loss: 25.377 ; Acc: 35.010
2018-09-19 15:07:45,382:INFO: [TRAIN] Step: 1153 ; Loss: 26.621 ; Acc: 35.016
2018-09-19 15:07:45,500:INFO: [TRAIN] Step: 1154 ; Loss: 30.271 ; Acc: 35.014
2018-09-19 15:07:45,611:INFO: [TRAIN] Step: 1155 ; Loss: 31.140 ; Acc: 35.006
2018-09-19 15:07:45,728:INFO: [TRAIN] Step: 1156 ; Loss: 29.612 ; Acc: 35.012
2018-09-19 15:07:45,844:INFO: [TRAIN] Step: 1157 ; Loss: 29.124 ; Acc: 35.014
2018-09-19 15:07:45,961:INFO: [TRAIN] Step: 1158 ; Loss: 33.263 ; Acc: 34.994
2018-09-19 15:07:46,079:INFO: [TRAIN] Step: 1159 ; Loss: 29.646 ; Acc: 34.993
2018-09-19 15:07:46,198:INFO: [TRAIN] Step: 1160 ; Loss: 28.036 ; Acc: 34.988
2018-09-19 15:07:46,316:INFO: [TRAIN] Step: 1161 ; Loss: 30.342 ; Acc: 34.994
2018-09-19 15:07:46,429:INFO: [TRAIN] Step: 1162 ; Loss: 27.188 ; Acc: 34.999
2018-09-19 15:07:46,547:INFO: [TRAIN] Step: 1163 ; Loss: 29.490 ; Acc: 34.998
2018-09-19 15:07:46,663:INFO: [TRAIN] Step: 1164 ; Loss: 25.976 ; Acc: 35.011
2018-09-19 15:07:46,784:INFO: [TRAIN] Step: 1165 ; Loss: 32.009 ; Acc: 35.009
2018-09-19 15:07:46,900:INFO: [TRAIN] Step: 1166 ; Loss: 28.254 ; Acc: 35.001
2018-09-19 15:07:47,014:INFO: [TRAIN] Step: 1167 ; Loss: 27.929 ; Acc: 35.010
2018-09-19 15:07:47,132:INFO: [TRAIN] Step: 1168 ; Loss: 30.066 ; Acc: 35.001
2018-09-19 15:07:47,246:INFO: [TRAIN] Step: 1169 ; Loss: 28.135 ; Acc: 35.014
2018-09-19 15:07:47,358:INFO: [TRAIN] Step: 1170 ; Loss: 29.069 ; Acc: 35.009
2018-09-19 15:07:47,479:INFO: [TRAIN] Step: 1171 ; Loss: 27.036 ; Acc: 35.001
2018-09-19 15:07:47,597:INFO: [TRAIN] Step: 1172 ; Loss: 30.177 ; Acc: 35.003
2018-09-19 15:07:47,721:INFO: [TRAIN] Step: 1173 ; Loss: 28.284 ; Acc: 35.005
2018-09-19 15:07:47,834:INFO: [TRAIN] Step: 1174 ; Loss: 27.986 ; Acc: 35.007
2018-09-19 15:07:47,951:INFO: [TRAIN] Step: 1175 ; Loss: 31.445 ; Acc: 35.002
2018-09-19 15:07:48,064:INFO: [TRAIN] Step: 1176 ; Loss: 27.190 ; Acc: 35.001
2018-09-19 15:07:48,178:INFO: [TRAIN] Step: 1177 ; Loss: 28.856 ; Acc: 34.999
2018-09-19 15:07:48,294:INFO: [TRAIN] Step: 1178 ; Loss: 27.161 ; Acc: 35.023
2018-09-19 15:07:48,408:INFO: [TRAIN] Step: 1179 ; Loss: 26.800 ; Acc: 35.028
2018-09-19 15:07:48,529:INFO: [TRAIN] Step: 1180 ; Loss: 28.013 ; Acc: 35.030
2018-09-19 15:07:48,649:INFO: [TRAIN] Step: 1181 ; Loss: 26.401 ; Acc: 35.047
2018-09-19 15:07:48,765:INFO: [TRAIN] Step: 1182 ; Loss: 31.842 ; Acc: 35.035
2018-09-19 15:07:48,880:INFO: [TRAIN] Step: 1183 ; Loss: 26.880 ; Acc: 35.037
2018-09-19 15:07:48,993:INFO: [TRAIN] Step: 1184 ; Loss: 28.996 ; Acc: 35.035
2018-09-19 15:07:49,112:INFO: [TRAIN] Step: 1185 ; Loss: 30.318 ; Acc: 35.030
2018-09-19 15:07:49,226:INFO: [TRAIN] Step: 1186 ; Loss: 31.965 ; Acc: 35.018
2018-09-19 15:07:49,342:INFO: [TRAIN] Step: 1187 ; Loss: 27.465 ; Acc: 35.010
2018-09-19 15:07:49,459:INFO: [TRAIN] Step: 1188 ; Loss: 28.465 ; Acc: 35.019
2018-09-19 15:07:49,573:INFO: [TRAIN] Step: 1189 ; Loss: 27.479 ; Acc: 35.032
2018-09-19 15:07:54,782:INFO: [EVAL] Step: 1190 ; Loss: 0.299 ; Acc: 0.373
