2018-09-19 14:50:33,431:INFO: ### Model ###
LeNet5(
  (convnet): Sequential(
    (0): Conv2d(1, 6, kernel_size=(5, 5), stride=(1, 1))
    (1): ReLU()
    (2): MaxPool2d(kernel_size=(2, 2), stride=2, padding=0, dilation=1, ceil_mode=False)
    (3): Conv2d(6, 16, kernel_size=(5, 5), stride=(1, 1))
    (4): ReLU()
    (5): MaxPool2d(kernel_size=(2, 2), stride=2, padding=0, dilation=1, ceil_mode=False)
    (6): Conv2d(16, 120, kernel_size=(5, 5), stride=(1, 1))
    (7): ReLU()
    (8): Conv2d(120, 240, kernel_size=(5, 5), stride=(1, 1))
    (9): ReLU()
  )
  (fc): Sequential(
    (0): Linear(in_features=240, out_features=84, bias=True)
    (1): ReLU()
    (2): Linear(in_features=84, out_features=10, bias=True)
  )
)
2018-09-19 14:50:33,431:INFO: ### Optimizer ###
Adam (
Parameter Group 0
    amsgrad: False
    betas: (0.9, 0.999)
    eps: 1e-08
    lr: 0.005
    weight_decay: 0
)
2018-09-19 14:50:33,432:INFO: ### HParams ###
n_epochs: 1 ; data: ferplus ; label: ferplus_votes ; batch_size: 24 ; lr: 0.005 ; wd: 0 ; eval_steps: 1190
2018-09-19 14:50:33,597:INFO: [TRAIN] Step: 0 ; Loss: 38.567 ; Acc: 20.833
2018-09-19 14:50:33,683:INFO: [TRAIN] Step: 1 ; Loss: 37.019 ; Acc: 20.833
2018-09-19 14:50:33,768:INFO: [TRAIN] Step: 2 ; Loss: 52.213 ; Acc: 18.056
2018-09-19 14:50:33,853:INFO: [TRAIN] Step: 3 ; Loss: 30.423 ; Acc: 23.958
2018-09-19 14:50:33,929:INFO: [TRAIN] Step: 4 ; Loss: 33.445 ; Acc: 22.500
2018-09-19 14:50:34,010:INFO: [TRAIN] Step: 5 ; Loss: 34.786 ; Acc: 24.306
2018-09-19 14:50:34,085:INFO: [TRAIN] Step: 6 ; Loss: 37.140 ; Acc: 26.190
2018-09-19 14:50:34,167:INFO: [TRAIN] Step: 7 ; Loss: 33.862 ; Acc: 25.521
2018-09-19 14:50:34,242:INFO: [TRAIN] Step: 8 ; Loss: 29.570 ; Acc: 24.074
2018-09-19 14:50:34,323:INFO: [TRAIN] Step: 9 ; Loss: 31.151 ; Acc: 24.583
2018-09-19 14:50:34,398:INFO: [TRAIN] Step: 10 ; Loss: 37.675 ; Acc: 25.000
2018-09-19 14:50:34,484:INFO: [TRAIN] Step: 11 ; Loss: 31.197 ; Acc: 26.389
2018-09-19 14:50:34,563:INFO: [TRAIN] Step: 12 ; Loss: 29.374 ; Acc: 26.923
2018-09-19 14:50:34,675:INFO: [TRAIN] Step: 13 ; Loss: 27.480 ; Acc: 27.976
2018-09-19 14:50:34,769:INFO: [TRAIN] Step: 14 ; Loss: 29.572 ; Acc: 28.611
2018-09-19 14:50:34,858:INFO: [TRAIN] Step: 15 ; Loss: 31.263 ; Acc: 28.906
2018-09-19 14:50:34,934:INFO: [TRAIN] Step: 16 ; Loss: 31.388 ; Acc: 29.167
2018-09-19 14:50:35,022:INFO: [TRAIN] Step: 17 ; Loss: 25.963 ; Acc: 30.093
2018-09-19 14:50:35,101:INFO: [TRAIN] Step: 18 ; Loss: 27.879 ; Acc: 30.263
2018-09-19 14:50:35,187:INFO: [TRAIN] Step: 19 ; Loss: 26.380 ; Acc: 31.042
2018-09-19 14:50:35,267:INFO: [TRAIN] Step: 20 ; Loss: 30.764 ; Acc: 31.349
2018-09-19 14:50:35,352:INFO: [TRAIN] Step: 21 ; Loss: 29.340 ; Acc: 31.818
2018-09-19 14:50:35,435:INFO: [TRAIN] Step: 22 ; Loss: 24.787 ; Acc: 32.428
2018-09-19 14:50:35,523:INFO: [TRAIN] Step: 23 ; Loss: 31.362 ; Acc: 32.465
2018-09-19 14:50:35,606:INFO: [TRAIN] Step: 24 ; Loss: 32.702 ; Acc: 32.500
2018-09-19 14:50:35,696:INFO: [TRAIN] Step: 25 ; Loss: 28.953 ; Acc: 32.212
2018-09-19 14:50:35,779:INFO: [TRAIN] Step: 26 ; Loss: 28.036 ; Acc: 32.562
2018-09-19 14:50:35,862:INFO: [TRAIN] Step: 27 ; Loss: 26.848 ; Acc: 33.185
2018-09-19 14:50:35,933:INFO: [TRAIN] Step: 28 ; Loss: 30.517 ; Acc: 33.477
2018-09-19 14:50:36,016:INFO: [TRAIN] Step: 29 ; Loss: 26.741 ; Acc: 33.750
2018-09-19 14:50:36,088:INFO: [TRAIN] Step: 30 ; Loss: 27.044 ; Acc: 34.274
2018-09-19 14:50:36,170:INFO: [TRAIN] Step: 31 ; Loss: 27.494 ; Acc: 34.635
2018-09-19 14:50:36,245:INFO: [TRAIN] Step: 32 ; Loss: 27.406 ; Acc: 34.975
2018-09-19 14:50:36,345:INFO: [TRAIN] Step: 33 ; Loss: 30.205 ; Acc: 35.172
2018-09-19 14:50:36,430:INFO: [TRAIN] Step: 34 ; Loss: 30.459 ; Acc: 35.357
2018-09-19 14:50:36,514:INFO: [TRAIN] Step: 35 ; Loss: 29.403 ; Acc: 35.301
2018-09-19 14:50:36,592:INFO: [TRAIN] Step: 36 ; Loss: 36.470 ; Acc: 34.685
2018-09-19 14:50:36,693:INFO: [TRAIN] Step: 37 ; Loss: 27.029 ; Acc: 34.759
2018-09-19 14:50:36,848:INFO: [TRAIN] Step: 38 ; Loss: 29.094 ; Acc: 34.722
2018-09-19 14:50:36,959:INFO: [TRAIN] Step: 39 ; Loss: 31.700 ; Acc: 34.583
2018-09-19 14:50:37,066:INFO: [TRAIN] Step: 40 ; Loss: 27.973 ; Acc: 34.959
2018-09-19 14:50:37,177:INFO: [TRAIN] Step: 41 ; Loss: 32.763 ; Acc: 34.623
2018-09-19 14:50:37,281:INFO: [TRAIN] Step: 42 ; Loss: 29.403 ; Acc: 34.593
2018-09-19 14:50:37,389:INFO: [TRAIN] Step: 43 ; Loss: 27.577 ; Acc: 34.091
2018-09-19 14:50:37,493:INFO: [TRAIN] Step: 44 ; Loss: 27.178 ; Acc: 33.889
2018-09-19 14:50:37,582:INFO: [TRAIN] Step: 45 ; Loss: 27.134 ; Acc: 33.967
2018-09-19 14:50:37,695:INFO: [TRAIN] Step: 46 ; Loss: 24.569 ; Acc: 33.865
2018-09-19 14:50:37,806:INFO: [TRAIN] Step: 47 ; Loss: 26.287 ; Acc: 34.028
2018-09-19 14:50:37,913:INFO: [TRAIN] Step: 48 ; Loss: 26.781 ; Acc: 34.099
2018-09-19 14:50:38,020:INFO: [TRAIN] Step: 49 ; Loss: 27.023 ; Acc: 34.333
2018-09-19 14:50:38,125:INFO: [TRAIN] Step: 50 ; Loss: 29.865 ; Acc: 34.314
2018-09-19 14:50:38,231:INFO: [TRAIN] Step: 51 ; Loss: 26.605 ; Acc: 34.455
2018-09-19 14:50:38,335:INFO: [TRAIN] Step: 52 ; Loss: 30.402 ; Acc: 34.277
2018-09-19 14:50:38,440:INFO: [TRAIN] Step: 53 ; Loss: 28.809 ; Acc: 34.182
2018-09-19 14:50:38,532:INFO: [TRAIN] Step: 54 ; Loss: 30.103 ; Acc: 34.091
2018-09-19 14:50:38,609:INFO: [TRAIN] Step: 55 ; Loss: 27.306 ; Acc: 34.226
2018-09-19 14:50:38,691:INFO: [TRAIN] Step: 56 ; Loss: 28.752 ; Acc: 34.430
2018-09-19 14:50:38,794:INFO: [TRAIN] Step: 57 ; Loss: 28.589 ; Acc: 34.555
2018-09-19 14:50:38,909:INFO: [TRAIN] Step: 58 ; Loss: 27.372 ; Acc: 34.534
2018-09-19 14:50:39,016:INFO: [TRAIN] Step: 59 ; Loss: 26.456 ; Acc: 34.722
2018-09-19 14:50:39,104:INFO: [TRAIN] Step: 60 ; Loss: 28.841 ; Acc: 34.836
2018-09-19 14:50:39,175:INFO: [TRAIN] Step: 61 ; Loss: 32.049 ; Acc: 34.409
2018-09-19 14:50:39,252:INFO: [TRAIN] Step: 62 ; Loss: 29.184 ; Acc: 34.458
2018-09-19 14:50:39,323:INFO: [TRAIN] Step: 63 ; Loss: 32.273 ; Acc: 34.310
2018-09-19 14:50:39,402:INFO: [TRAIN] Step: 64 ; Loss: 24.176 ; Acc: 34.295
2018-09-19 14:50:39,471:INFO: [TRAIN] Step: 65 ; Loss: 33.659 ; Acc: 33.965
2018-09-19 14:50:39,551:INFO: [TRAIN] Step: 66 ; Loss: 34.980 ; Acc: 33.769
2018-09-19 14:50:39,638:INFO: [TRAIN] Step: 67 ; Loss: 27.332 ; Acc: 33.824
2018-09-19 14:50:39,731:INFO: [TRAIN] Step: 68 ; Loss: 28.995 ; Acc: 33.756
2018-09-19 14:50:39,816:INFO: [TRAIN] Step: 69 ; Loss: 30.382 ; Acc: 33.452
2018-09-19 14:50:39,892:INFO: [TRAIN] Step: 70 ; Loss: 28.614 ; Acc: 33.509
2018-09-19 14:50:39,965:INFO: [TRAIN] Step: 71 ; Loss: 27.000 ; Acc: 33.565
2018-09-19 14:50:40,043:INFO: [TRAIN] Step: 72 ; Loss: 30.718 ; Acc: 33.333
2018-09-19 14:50:40,114:INFO: [TRAIN] Step: 73 ; Loss: 27.260 ; Acc: 33.221
2018-09-19 14:50:40,201:INFO: [TRAIN] Step: 74 ; Loss: 25.030 ; Acc: 33.444
2018-09-19 14:50:40,321:INFO: [TRAIN] Step: 75 ; Loss: 29.342 ; Acc: 33.443
2018-09-19 14:50:40,434:INFO: [TRAIN] Step: 76 ; Loss: 29.756 ; Acc: 33.550
2018-09-19 14:50:40,514:INFO: [TRAIN] Step: 77 ; Loss: 26.561 ; Acc: 33.707
2018-09-19 14:50:40,591:INFO: [TRAIN] Step: 78 ; Loss: 30.911 ; Acc: 33.492
2018-09-19 14:50:40,668:INFO: [TRAIN] Step: 79 ; Loss: 28.300 ; Acc: 33.750
2018-09-19 14:50:40,746:INFO: [TRAIN] Step: 80 ; Loss: 29.635 ; Acc: 33.848
2018-09-19 14:50:40,820:INFO: [TRAIN] Step: 81 ; Loss: 31.563 ; Acc: 33.892
2018-09-19 14:50:40,912:INFO: [TRAIN] Step: 82 ; Loss: 27.246 ; Acc: 34.086
2018-09-19 14:50:41,018:INFO: [TRAIN] Step: 83 ; Loss: 27.910 ; Acc: 34.226
2018-09-19 14:50:41,114:INFO: [TRAIN] Step: 84 ; Loss: 28.190 ; Acc: 34.216
2018-09-19 14:50:41,202:INFO: [TRAIN] Step: 85 ; Loss: 30.763 ; Acc: 34.109
2018-09-19 14:50:41,280:INFO: [TRAIN] Step: 86 ; Loss: 29.376 ; Acc: 34.148
2018-09-19 14:50:41,352:INFO: [TRAIN] Step: 87 ; Loss: 31.043 ; Acc: 34.138
2018-09-19 14:50:41,428:INFO: [TRAIN] Step: 88 ; Loss: 27.106 ; Acc: 34.316
2018-09-19 14:50:41,499:INFO: [TRAIN] Step: 89 ; Loss: 26.154 ; Acc: 34.352
2018-09-19 14:50:41,575:INFO: [TRAIN] Step: 90 ; Loss: 28.161 ; Acc: 34.524
2018-09-19 14:50:41,646:INFO: [TRAIN] Step: 91 ; Loss: 31.268 ; Acc: 34.420
2018-09-19 14:50:41,735:INFO: [TRAIN] Step: 92 ; Loss: 24.513 ; Acc: 34.543
2018-09-19 14:50:41,819:INFO: [TRAIN] Step: 93 ; Loss: 33.228 ; Acc: 34.397
2018-09-19 14:50:41,917:INFO: [TRAIN] Step: 94 ; Loss: 29.502 ; Acc: 34.605
2018-09-19 14:50:41,997:INFO: [TRAIN] Step: 95 ; Loss: 25.978 ; Acc: 34.766
2018-09-19 14:50:42,078:INFO: [TRAIN] Step: 96 ; Loss: 29.494 ; Acc: 34.708
2018-09-19 14:50:42,157:INFO: [TRAIN] Step: 97 ; Loss: 30.389 ; Acc: 34.566
2018-09-19 14:50:42,242:INFO: [TRAIN] Step: 98 ; Loss: 29.893 ; Acc: 34.301
2018-09-19 14:50:42,317:INFO: [TRAIN] Step: 99 ; Loss: 31.595 ; Acc: 34.250
2018-09-19 14:50:42,395:INFO: [TRAIN] Step: 100 ; Loss: 31.806 ; Acc: 34.076
2018-09-19 14:50:42,471:INFO: [TRAIN] Step: 101 ; Loss: 27.984 ; Acc: 34.069
2018-09-19 14:50:42,556:INFO: [TRAIN] Step: 102 ; Loss: 28.852 ; Acc: 34.061
2018-09-19 14:50:42,647:INFO: [TRAIN] Step: 103 ; Loss: 27.835 ; Acc: 34.014
2018-09-19 14:50:42,748:INFO: [TRAIN] Step: 104 ; Loss: 30.842 ; Acc: 33.770
2018-09-19 14:50:42,823:INFO: [TRAIN] Step: 105 ; Loss: 30.656 ; Acc: 33.805
2018-09-19 14:50:42,911:INFO: [TRAIN] Step: 106 ; Loss: 25.446 ; Acc: 33.879
2018-09-19 14:50:42,983:INFO: [TRAIN] Step: 107 ; Loss: 27.710 ; Acc: 34.028
2018-09-19 14:50:43,060:INFO: [TRAIN] Step: 108 ; Loss: 30.684 ; Acc: 33.983
2018-09-19 14:50:43,130:INFO: [TRAIN] Step: 109 ; Loss: 22.817 ; Acc: 34.129
2018-09-19 14:50:43,207:INFO: [TRAIN] Step: 110 ; Loss: 29.424 ; Acc: 34.197
2018-09-19 14:50:43,277:INFO: [TRAIN] Step: 111 ; Loss: 26.427 ; Acc: 34.189
2018-09-19 14:50:43,354:INFO: [TRAIN] Step: 112 ; Loss: 29.206 ; Acc: 34.218
2018-09-19 14:50:43,426:INFO: [TRAIN] Step: 113 ; Loss: 30.356 ; Acc: 34.211
2018-09-19 14:50:43,607:INFO: [TRAIN] Step: 114 ; Loss: 28.610 ; Acc: 34.130
2018-09-19 14:50:43,765:INFO: [TRAIN] Step: 115 ; Loss: 30.389 ; Acc: 34.195
2018-09-19 14:50:43,879:INFO: [TRAIN] Step: 116 ; Loss: 28.480 ; Acc: 34.152
2018-09-19 14:50:43,961:INFO: [TRAIN] Step: 117 ; Loss: 30.726 ; Acc: 34.181
2018-09-19 14:50:44,051:INFO: [TRAIN] Step: 118 ; Loss: 26.716 ; Acc: 34.244
2018-09-19 14:50:44,138:INFO: [TRAIN] Step: 119 ; Loss: 29.484 ; Acc: 34.306
2018-09-19 14:50:44,222:INFO: [TRAIN] Step: 120 ; Loss: 27.539 ; Acc: 34.401
2018-09-19 14:50:44,307:INFO: [TRAIN] Step: 121 ; Loss: 29.144 ; Acc: 34.460
2018-09-19 14:50:44,419:INFO: [TRAIN] Step: 122 ; Loss: 23.946 ; Acc: 34.519
2018-09-19 14:50:44,537:INFO: [TRAIN] Step: 123 ; Loss: 26.031 ; Acc: 34.476
2018-09-19 14:50:44,633:INFO: [TRAIN] Step: 124 ; Loss: 34.290 ; Acc: 34.467
2018-09-19 14:50:44,716:INFO: [TRAIN] Step: 125 ; Loss: 24.907 ; Acc: 34.392
2018-09-19 14:50:44,804:INFO: [TRAIN] Step: 126 ; Loss: 28.980 ; Acc: 34.318
2018-09-19 14:50:44,886:INFO: [TRAIN] Step: 127 ; Loss: 26.085 ; Acc: 34.277
2018-09-19 14:50:44,969:INFO: [TRAIN] Step: 128 ; Loss: 30.068 ; Acc: 34.173
2018-09-19 14:50:45,052:INFO: [TRAIN] Step: 129 ; Loss: 21.494 ; Acc: 34.135
2018-09-19 14:50:45,132:INFO: [TRAIN] Step: 130 ; Loss: 28.250 ; Acc: 34.128
2018-09-19 14:50:45,209:INFO: [TRAIN] Step: 131 ; Loss: 25.859 ; Acc: 34.091
2018-09-19 14:50:45,287:INFO: [TRAIN] Step: 132 ; Loss: 26.195 ; Acc: 34.085
2018-09-19 14:50:45,366:INFO: [TRAIN] Step: 133 ; Loss: 24.917 ; Acc: 34.297
2018-09-19 14:50:45,445:INFO: [TRAIN] Step: 134 ; Loss: 27.204 ; Acc: 34.321
2018-09-19 14:50:45,520:INFO: [TRAIN] Step: 135 ; Loss: 30.387 ; Acc: 34.375
2018-09-19 14:50:45,601:INFO: [TRAIN] Step: 136 ; Loss: 27.115 ; Acc: 34.307
2018-09-19 14:50:45,675:INFO: [TRAIN] Step: 137 ; Loss: 28.558 ; Acc: 34.360
2018-09-19 14:50:45,754:INFO: [TRAIN] Step: 138 ; Loss: 27.761 ; Acc: 34.412
2018-09-19 14:50:45,831:INFO: [TRAIN] Step: 139 ; Loss: 31.344 ; Acc: 34.405
2018-09-19 14:50:45,910:INFO: [TRAIN] Step: 140 ; Loss: 31.208 ; Acc: 34.397
2018-09-19 14:50:45,983:INFO: [TRAIN] Step: 141 ; Loss: 25.207 ; Acc: 34.478
2018-09-19 14:50:46,062:INFO: [TRAIN] Step: 142 ; Loss: 29.246 ; Acc: 34.499
2018-09-19 14:50:46,139:INFO: [TRAIN] Step: 143 ; Loss: 25.712 ; Acc: 34.549
2018-09-19 14:50:46,215:INFO: [TRAIN] Step: 144 ; Loss: 31.286 ; Acc: 34.684
2018-09-19 14:50:46,286:INFO: [TRAIN] Step: 145 ; Loss: 29.333 ; Acc: 34.732
2018-09-19 14:50:46,360:INFO: [TRAIN] Step: 146 ; Loss: 27.970 ; Acc: 34.751
2018-09-19 14:50:46,431:INFO: [TRAIN] Step: 147 ; Loss: 30.865 ; Acc: 34.769
2018-09-19 14:50:46,503:INFO: [TRAIN] Step: 148 ; Loss: 26.801 ; Acc: 34.787
2018-09-19 14:50:46,576:INFO: [TRAIN] Step: 149 ; Loss: 30.641 ; Acc: 34.889
2018-09-19 14:50:46,652:INFO: [TRAIN] Step: 150 ; Loss: 30.062 ; Acc: 34.796
2018-09-19 14:50:46,721:INFO: [TRAIN] Step: 151 ; Loss: 29.391 ; Acc: 34.731
2018-09-19 14:50:46,793:INFO: [TRAIN] Step: 152 ; Loss: 32.686 ; Acc: 34.613
2018-09-19 14:50:46,863:INFO: [TRAIN] Step: 153 ; Loss: 29.229 ; Acc: 34.686
2018-09-19 14:50:46,949:INFO: [TRAIN] Step: 154 ; Loss: 28.759 ; Acc: 34.785
2018-09-19 14:50:47,020:INFO: [TRAIN] Step: 155 ; Loss: 28.343 ; Acc: 34.856
2018-09-19 14:50:47,093:INFO: [TRAIN] Step: 156 ; Loss: 30.814 ; Acc: 34.793
2018-09-19 14:50:47,163:INFO: [TRAIN] Step: 157 ; Loss: 28.637 ; Acc: 34.863
2018-09-19 14:50:47,236:INFO: [TRAIN] Step: 158 ; Loss: 24.883 ; Acc: 34.932
2018-09-19 14:50:47,304:INFO: [TRAIN] Step: 159 ; Loss: 29.977 ; Acc: 34.974
2018-09-19 14:50:47,379:INFO: [TRAIN] Step: 160 ; Loss: 28.151 ; Acc: 35.016
2018-09-19 14:50:47,448:INFO: [TRAIN] Step: 161 ; Loss: 29.869 ; Acc: 34.979
2018-09-19 14:50:47,525:INFO: [TRAIN] Step: 162 ; Loss: 29.350 ; Acc: 35.072
2018-09-19 14:50:47,601:INFO: [TRAIN] Step: 163 ; Loss: 30.279 ; Acc: 35.086
2018-09-19 14:50:47,679:INFO: [TRAIN] Step: 164 ; Loss: 27.744 ; Acc: 35.126
2018-09-19 14:50:47,758:INFO: [TRAIN] Step: 165 ; Loss: 29.412 ; Acc: 35.040
2018-09-19 14:50:47,836:INFO: [TRAIN] Step: 166 ; Loss: 25.649 ; Acc: 35.130
2018-09-19 14:50:47,910:INFO: [TRAIN] Step: 167 ; Loss: 28.673 ; Acc: 35.169
2018-09-19 14:50:47,984:INFO: [TRAIN] Step: 168 ; Loss: 29.327 ; Acc: 35.182
2018-09-19 14:50:48,053:INFO: [TRAIN] Step: 169 ; Loss: 28.223 ; Acc: 35.147
2018-09-19 14:50:48,127:INFO: [TRAIN] Step: 170 ; Loss: 27.873 ; Acc: 35.185
2018-09-19 14:50:48,197:INFO: [TRAIN] Step: 171 ; Loss: 24.592 ; Acc: 35.247
2018-09-19 14:50:48,270:INFO: [TRAIN] Step: 172 ; Loss: 30.873 ; Acc: 35.308
2018-09-19 14:50:48,338:INFO: [TRAIN] Step: 173 ; Loss: 24.715 ; Acc: 35.369
2018-09-19 14:50:48,414:INFO: [TRAIN] Step: 174 ; Loss: 29.295 ; Acc: 35.333
2018-09-19 14:50:48,485:INFO: [TRAIN] Step: 175 ; Loss: 24.679 ; Acc: 35.346
2018-09-19 14:50:48,559:INFO: [TRAIN] Step: 176 ; Loss: 28.230 ; Acc: 35.311
2018-09-19 14:50:48,630:INFO: [TRAIN] Step: 177 ; Loss: 32.394 ; Acc: 35.276
2018-09-19 14:50:48,703:INFO: [TRAIN] Step: 178 ; Loss: 31.904 ; Acc: 35.242
2018-09-19 14:50:48,772:INFO: [TRAIN] Step: 179 ; Loss: 27.681 ; Acc: 35.208
2018-09-19 14:50:48,848:INFO: [TRAIN] Step: 180 ; Loss: 26.743 ; Acc: 35.175
2018-09-19 14:50:48,919:INFO: [TRAIN] Step: 181 ; Loss: 22.452 ; Acc: 35.256
2018-09-19 14:50:48,994:INFO: [TRAIN] Step: 182 ; Loss: 26.215 ; Acc: 35.223
2018-09-19 14:50:49,065:INFO: [TRAIN] Step: 183 ; Loss: 23.552 ; Acc: 35.236
2018-09-19 14:50:49,138:INFO: [TRAIN] Step: 184 ; Loss: 28.891 ; Acc: 35.180
2018-09-19 14:50:49,207:INFO: [TRAIN] Step: 185 ; Loss: 24.063 ; Acc: 35.237
2018-09-19 14:50:49,281:INFO: [TRAIN] Step: 186 ; Loss: 28.896 ; Acc: 35.205
2018-09-19 14:50:49,350:INFO: [TRAIN] Step: 187 ; Loss: 28.631 ; Acc: 35.239
2018-09-19 14:50:49,425:INFO: [TRAIN] Step: 188 ; Loss: 27.889 ; Acc: 35.295
2018-09-19 14:50:49,497:INFO: [TRAIN] Step: 189 ; Loss: 28.175 ; Acc: 35.285
2018-09-19 14:50:49,573:INFO: [TRAIN] Step: 190 ; Loss: 29.580 ; Acc: 35.253
2018-09-19 14:50:49,643:INFO: [TRAIN] Step: 191 ; Loss: 25.270 ; Acc: 35.352
2018-09-19 14:50:49,718:INFO: [TRAIN] Step: 192 ; Loss: 25.599 ; Acc: 35.406
2018-09-19 14:50:49,787:INFO: [TRAIN] Step: 193 ; Loss: 25.857 ; Acc: 35.374
2018-09-19 14:50:49,862:INFO: [TRAIN] Step: 194 ; Loss: 26.744 ; Acc: 35.385
2018-09-19 14:50:49,934:INFO: [TRAIN] Step: 195 ; Loss: 27.746 ; Acc: 35.374
2018-09-19 14:50:50,008:INFO: [TRAIN] Step: 196 ; Loss: 25.489 ; Acc: 35.470
2018-09-19 14:50:50,079:INFO: [TRAIN] Step: 197 ; Loss: 28.524 ; Acc: 35.438
2018-09-19 14:50:50,152:INFO: [TRAIN] Step: 198 ; Loss: 25.363 ; Acc: 35.448
2018-09-19 14:50:50,220:INFO: [TRAIN] Step: 199 ; Loss: 25.705 ; Acc: 35.417
2018-09-19 14:50:50,292:INFO: [TRAIN] Step: 200 ; Loss: 26.659 ; Acc: 35.448
2018-09-19 14:50:50,360:INFO: [TRAIN] Step: 201 ; Loss: 24.092 ; Acc: 35.561
2018-09-19 14:50:50,436:INFO: [TRAIN] Step: 202 ; Loss: 23.692 ; Acc: 35.714
2018-09-19 14:50:50,503:INFO: [TRAIN] Step: 203 ; Loss: 26.496 ; Acc: 35.723
2018-09-19 14:50:50,579:INFO: [TRAIN] Step: 204 ; Loss: 24.505 ; Acc: 35.732
2018-09-19 14:50:50,647:INFO: [TRAIN] Step: 205 ; Loss: 30.238 ; Acc: 35.639
2018-09-19 14:50:50,720:INFO: [TRAIN] Step: 206 ; Loss: 27.619 ; Acc: 35.668
2018-09-19 14:50:50,791:INFO: [TRAIN] Step: 207 ; Loss: 28.358 ; Acc: 35.697
2018-09-19 14:50:50,866:INFO: [TRAIN] Step: 208 ; Loss: 26.165 ; Acc: 35.706
2018-09-19 14:50:50,938:INFO: [TRAIN] Step: 209 ; Loss: 29.049 ; Acc: 35.754
2018-09-19 14:50:51,025:INFO: [TRAIN] Step: 210 ; Loss: 28.377 ; Acc: 35.742
2018-09-19 14:50:51,099:INFO: [TRAIN] Step: 211 ; Loss: 27.530 ; Acc: 35.731
2018-09-19 14:50:51,181:INFO: [TRAIN] Step: 212 ; Loss: 25.652 ; Acc: 35.739
2018-09-19 14:50:51,249:INFO: [TRAIN] Step: 213 ; Loss: 22.772 ; Acc: 35.826
2018-09-19 14:50:51,323:INFO: [TRAIN] Step: 214 ; Loss: 25.906 ; Acc: 35.911
2018-09-19 14:50:51,390:INFO: [TRAIN] Step: 215 ; Loss: 26.505 ; Acc: 35.938
2018-09-19 14:50:51,464:INFO: [TRAIN] Step: 216 ; Loss: 26.853 ; Acc: 36.022
2018-09-19 14:50:51,536:INFO: [TRAIN] Step: 217 ; Loss: 23.620 ; Acc: 36.105
2018-09-19 14:50:51,608:INFO: [TRAIN] Step: 218 ; Loss: 28.481 ; Acc: 36.149
2018-09-19 14:50:51,676:INFO: [TRAIN] Step: 219 ; Loss: 27.337 ; Acc: 36.117
2018-09-19 14:50:51,749:INFO: [TRAIN] Step: 220 ; Loss: 28.895 ; Acc: 36.143
2018-09-19 14:50:51,818:INFO: [TRAIN] Step: 221 ; Loss: 29.516 ; Acc: 36.111
2018-09-19 14:50:51,890:INFO: [TRAIN] Step: 222 ; Loss: 26.704 ; Acc: 36.080
2018-09-19 14:50:51,963:INFO: [TRAIN] Step: 223 ; Loss: 26.531 ; Acc: 36.142
2018-09-19 14:50:52,055:INFO: [TRAIN] Step: 224 ; Loss: 25.804 ; Acc: 36.130
2018-09-19 14:50:52,123:INFO: [TRAIN] Step: 225 ; Loss: 32.771 ; Acc: 36.191
2018-09-19 14:50:52,199:INFO: [TRAIN] Step: 226 ; Loss: 29.506 ; Acc: 36.178
2018-09-19 14:50:52,267:INFO: [TRAIN] Step: 227 ; Loss: 31.984 ; Acc: 36.202
2018-09-19 14:50:52,341:INFO: [TRAIN] Step: 228 ; Loss: 26.234 ; Acc: 36.245
2018-09-19 14:50:52,410:INFO: [TRAIN] Step: 229 ; Loss: 28.178 ; Acc: 36.214
2018-09-19 14:50:52,483:INFO: [TRAIN] Step: 230 ; Loss: 30.645 ; Acc: 36.237
2018-09-19 14:50:52,553:INFO: [TRAIN] Step: 231 ; Loss: 27.722 ; Acc: 36.333
2018-09-19 14:50:52,625:INFO: [TRAIN] Step: 232 ; Loss: 28.176 ; Acc: 36.373
2018-09-19 14:50:52,695:INFO: [TRAIN] Step: 233 ; Loss: 26.660 ; Acc: 36.378
2018-09-19 14:50:52,771:INFO: [TRAIN] Step: 234 ; Loss: 30.007 ; Acc: 36.418
2018-09-19 14:50:52,841:INFO: [TRAIN] Step: 235 ; Loss: 26.384 ; Acc: 36.423
2018-09-19 14:50:52,920:INFO: [TRAIN] Step: 236 ; Loss: 26.308 ; Acc: 36.463
2018-09-19 14:50:52,992:INFO: [TRAIN] Step: 237 ; Loss: 26.169 ; Acc: 36.537
2018-09-19 14:50:53,067:INFO: [TRAIN] Step: 238 ; Loss: 25.147 ; Acc: 36.593
2018-09-19 14:50:53,137:INFO: [TRAIN] Step: 239 ; Loss: 29.779 ; Acc: 36.562
2018-09-19 14:50:53,208:INFO: [TRAIN] Step: 240 ; Loss: 27.370 ; Acc: 36.601
2018-09-19 14:50:53,278:INFO: [TRAIN] Step: 241 ; Loss: 27.939 ; Acc: 36.708
2018-09-19 14:50:53,350:INFO: [TRAIN] Step: 242 ; Loss: 29.996 ; Acc: 36.746
2018-09-19 14:50:53,419:INFO: [TRAIN] Step: 243 ; Loss: 22.927 ; Acc: 36.868
2018-09-19 14:50:53,493:INFO: [TRAIN] Step: 244 ; Loss: 27.240 ; Acc: 36.973
2018-09-19 14:50:53,562:INFO: [TRAIN] Step: 245 ; Loss: 23.794 ; Acc: 37.009
2018-09-19 14:50:53,637:INFO: [TRAIN] Step: 246 ; Loss: 26.935 ; Acc: 37.028
2018-09-19 14:50:53,707:INFO: [TRAIN] Step: 247 ; Loss: 25.913 ; Acc: 37.063
2018-09-19 14:50:53,779:INFO: [TRAIN] Step: 248 ; Loss: 28.092 ; Acc: 37.031
2018-09-19 14:50:53,849:INFO: [TRAIN] Step: 249 ; Loss: 30.138 ; Acc: 37.017
2018-09-19 14:50:53,923:INFO: [TRAIN] Step: 250 ; Loss: 22.186 ; Acc: 37.068
2018-09-19 14:50:53,990:INFO: [TRAIN] Step: 251 ; Loss: 23.214 ; Acc: 37.136
2018-09-19 14:50:54,065:INFO: [TRAIN] Step: 252 ; Loss: 27.470 ; Acc: 37.204
2018-09-19 14:50:54,136:INFO: [TRAIN] Step: 253 ; Loss: 26.931 ; Acc: 37.221
2018-09-19 14:50:54,215:INFO: [TRAIN] Step: 254 ; Loss: 31.979 ; Acc: 37.222
2018-09-19 14:50:54,283:INFO: [TRAIN] Step: 255 ; Loss: 28.039 ; Acc: 37.288
2018-09-19 14:50:54,355:INFO: [TRAIN] Step: 256 ; Loss: 26.368 ; Acc: 37.273
2018-09-19 14:50:54,426:INFO: [TRAIN] Step: 257 ; Loss: 30.164 ; Acc: 37.306
2018-09-19 14:50:54,502:INFO: [TRAIN] Step: 258 ; Loss: 26.624 ; Acc: 37.403
2018-09-19 14:50:54,573:INFO: [TRAIN] Step: 259 ; Loss: 26.479 ; Acc: 37.468
2018-09-19 14:50:54,651:INFO: [TRAIN] Step: 260 ; Loss: 29.132 ; Acc: 37.484
2018-09-19 14:50:54,724:INFO: [TRAIN] Step: 261 ; Loss: 25.738 ; Acc: 37.516
2018-09-19 14:50:54,797:INFO: [TRAIN] Step: 262 ; Loss: 26.721 ; Acc: 37.548
2018-09-19 14:50:54,864:INFO: [TRAIN] Step: 263 ; Loss: 23.261 ; Acc: 37.595
2018-09-19 14:50:54,937:INFO: [TRAIN] Step: 264 ; Loss: 27.199 ; Acc: 37.594
2018-09-19 14:50:55,009:INFO: [TRAIN] Step: 265 ; Loss: 24.143 ; Acc: 37.672
2018-09-19 14:50:55,087:INFO: [TRAIN] Step: 266 ; Loss: 27.456 ; Acc: 37.718
2018-09-19 14:50:55,156:INFO: [TRAIN] Step: 267 ; Loss: 26.452 ; Acc: 37.702
2018-09-19 14:50:55,231:INFO: [TRAIN] Step: 268 ; Loss: 26.681 ; Acc: 37.717
2018-09-19 14:50:55,303:INFO: [TRAIN] Step: 269 ; Loss: 25.048 ; Acc: 37.747
2018-09-19 14:50:55,377:INFO: [TRAIN] Step: 270 ; Loss: 28.005 ; Acc: 37.746
2018-09-19 14:50:55,446:INFO: [TRAIN] Step: 271 ; Loss: 21.488 ; Acc: 37.852
2018-09-19 14:50:55,520:INFO: [TRAIN] Step: 272 ; Loss: 22.445 ; Acc: 37.927
2018-09-19 14:50:55,590:INFO: [TRAIN] Step: 273 ; Loss: 24.736 ; Acc: 37.926
2018-09-19 14:50:55,665:INFO: [TRAIN] Step: 274 ; Loss: 24.350 ; Acc: 38.015
2018-09-19 14:50:55,739:INFO: [TRAIN] Step: 275 ; Loss: 25.388 ; Acc: 38.059
2018-09-19 14:50:55,817:INFO: [TRAIN] Step: 276 ; Loss: 21.811 ; Acc: 38.132
2018-09-19 14:50:55,887:INFO: [TRAIN] Step: 277 ; Loss: 23.154 ; Acc: 38.144
2018-09-19 14:50:55,962:INFO: [TRAIN] Step: 278 ; Loss: 26.766 ; Acc: 38.172
2018-09-19 14:50:56,036:INFO: [TRAIN] Step: 279 ; Loss: 26.463 ; Acc: 38.155
2018-09-19 14:50:56,113:INFO: [TRAIN] Step: 280 ; Loss: 27.837 ; Acc: 38.167
2018-09-19 14:50:56,183:INFO: [TRAIN] Step: 281 ; Loss: 22.388 ; Acc: 38.239
2018-09-19 14:50:56,260:INFO: [TRAIN] Step: 282 ; Loss: 28.247 ; Acc: 38.236
2018-09-19 14:50:56,332:INFO: [TRAIN] Step: 283 ; Loss: 25.940 ; Acc: 38.307
2018-09-19 14:50:56,407:INFO: [TRAIN] Step: 284 ; Loss: 24.152 ; Acc: 38.348
2018-09-19 14:50:56,476:INFO: [TRAIN] Step: 285 ; Loss: 26.718 ; Acc: 38.360
2018-09-19 14:50:56,551:INFO: [TRAIN] Step: 286 ; Loss: 25.099 ; Acc: 38.357
2018-09-19 14:50:56,621:INFO: [TRAIN] Step: 287 ; Loss: 24.095 ; Acc: 38.397
2018-09-19 14:50:56,696:INFO: [TRAIN] Step: 288 ; Loss: 30.484 ; Acc: 38.423
2018-09-19 14:50:56,767:INFO: [TRAIN] Step: 289 ; Loss: 29.002 ; Acc: 38.420
2018-09-19 14:50:56,839:INFO: [TRAIN] Step: 290 ; Loss: 29.464 ; Acc: 38.416
2018-09-19 14:50:56,909:INFO: [TRAIN] Step: 291 ; Loss: 24.560 ; Acc: 38.413
2018-09-19 14:50:56,981:INFO: [TRAIN] Step: 292 ; Loss: 28.340 ; Acc: 38.439
2018-09-19 14:50:57,053:INFO: [TRAIN] Step: 293 ; Loss: 28.031 ; Acc: 38.492
2018-09-19 14:50:57,126:INFO: [TRAIN] Step: 294 ; Loss: 28.118 ; Acc: 38.503
2018-09-19 14:50:57,193:INFO: [TRAIN] Step: 295 ; Loss: 28.026 ; Acc: 38.514
2018-09-19 14:50:57,266:INFO: [TRAIN] Step: 296 ; Loss: 26.275 ; Acc: 38.524
2018-09-19 14:50:57,334:INFO: [TRAIN] Step: 297 ; Loss: 27.396 ; Acc: 38.535
2018-09-19 14:50:57,406:INFO: [TRAIN] Step: 298 ; Loss: 27.962 ; Acc: 38.517
2018-09-19 14:50:57,474:INFO: [TRAIN] Step: 299 ; Loss: 26.769 ; Acc: 38.528
2018-09-19 14:50:57,548:INFO: [TRAIN] Step: 300 ; Loss: 21.719 ; Acc: 38.580
2018-09-19 14:50:57,620:INFO: [TRAIN] Step: 301 ; Loss: 21.555 ; Acc: 38.618
2018-09-19 14:50:57,695:INFO: [TRAIN] Step: 302 ; Loss: 24.602 ; Acc: 38.655
2018-09-19 14:50:57,763:INFO: [TRAIN] Step: 303 ; Loss: 27.450 ; Acc: 38.651
2018-09-19 14:50:57,837:INFO: [TRAIN] Step: 304 ; Loss: 24.836 ; Acc: 38.702
2018-09-19 14:50:57,907:INFO: [TRAIN] Step: 305 ; Loss: 29.312 ; Acc: 38.712
2018-09-19 14:50:57,980:INFO: [TRAIN] Step: 306 ; Loss: 27.316 ; Acc: 38.667
2018-09-19 14:50:58,051:INFO: [TRAIN] Step: 307 ; Loss: 30.308 ; Acc: 38.677
2018-09-19 14:50:58,129:INFO: [TRAIN] Step: 308 ; Loss: 30.547 ; Acc: 38.700
2018-09-19 14:50:58,197:INFO: [TRAIN] Step: 309 ; Loss: 21.491 ; Acc: 38.777
2018-09-19 14:50:58,271:INFO: [TRAIN] Step: 310 ; Loss: 25.550 ; Acc: 38.867
2018-09-19 14:50:58,342:INFO: [TRAIN] Step: 311 ; Loss: 26.549 ; Acc: 38.889
2018-09-19 14:50:58,416:INFO: [TRAIN] Step: 312 ; Loss: 23.549 ; Acc: 38.924
2018-09-19 14:50:58,485:INFO: [TRAIN] Step: 313 ; Loss: 23.050 ; Acc: 38.960
2018-09-19 14:50:58,558:INFO: [TRAIN] Step: 314 ; Loss: 26.488 ; Acc: 38.968
2018-09-19 14:50:58,628:INFO: [TRAIN] Step: 315 ; Loss: 21.822 ; Acc: 39.043
2018-09-19 14:50:58,702:INFO: [TRAIN] Step: 316 ; Loss: 31.887 ; Acc: 39.025
2018-09-19 14:50:58,772:INFO: [TRAIN] Step: 317 ; Loss: 23.268 ; Acc: 39.099
2018-09-19 14:50:58,847:INFO: [TRAIN] Step: 318 ; Loss: 22.680 ; Acc: 39.172
2018-09-19 14:50:58,915:INFO: [TRAIN] Step: 319 ; Loss: 21.870 ; Acc: 39.258
2018-09-19 14:50:58,991:INFO: [TRAIN] Step: 320 ; Loss: 27.955 ; Acc: 39.265
2018-09-19 14:50:59,080:INFO: [TRAIN] Step: 321 ; Loss: 23.591 ; Acc: 39.312
2018-09-19 14:50:59,153:INFO: [TRAIN] Step: 322 ; Loss: 23.850 ; Acc: 39.358
2018-09-19 14:50:59,220:INFO: [TRAIN] Step: 323 ; Loss: 27.388 ; Acc: 39.352
2018-09-19 14:50:59,294:INFO: [TRAIN] Step: 324 ; Loss: 24.225 ; Acc: 39.397
2018-09-19 14:50:59,363:INFO: [TRAIN] Step: 325 ; Loss: 26.124 ; Acc: 39.404
2018-09-19 14:50:59,438:INFO: [TRAIN] Step: 326 ; Loss: 26.307 ; Acc: 39.437
2018-09-19 14:50:59,510:INFO: [TRAIN] Step: 327 ; Loss: 26.121 ; Acc: 39.456
2018-09-19 14:50:59,588:INFO: [TRAIN] Step: 328 ; Loss: 22.639 ; Acc: 39.488
2018-09-19 14:50:59,659:INFO: [TRAIN] Step: 329 ; Loss: 21.213 ; Acc: 39.508
2018-09-19 14:50:59,734:INFO: [TRAIN] Step: 330 ; Loss: 22.152 ; Acc: 39.577
2018-09-19 14:50:59,803:INFO: [TRAIN] Step: 331 ; Loss: 25.708 ; Acc: 39.634
2018-09-19 14:50:59,880:INFO: [TRAIN] Step: 332 ; Loss: 20.787 ; Acc: 39.690
2018-09-19 14:50:59,949:INFO: [TRAIN] Step: 333 ; Loss: 24.462 ; Acc: 39.746
2018-09-19 14:51:00,027:INFO: [TRAIN] Step: 334 ; Loss: 27.935 ; Acc: 39.739
2018-09-19 14:51:00,099:INFO: [TRAIN] Step: 335 ; Loss: 33.170 ; Acc: 39.707
2018-09-19 14:51:00,172:INFO: [TRAIN] Step: 336 ; Loss: 26.760 ; Acc: 39.701
2018-09-19 14:51:00,242:INFO: [TRAIN] Step: 337 ; Loss: 20.548 ; Acc: 39.781
2018-09-19 14:51:00,316:INFO: [TRAIN] Step: 338 ; Loss: 24.814 ; Acc: 39.786
2018-09-19 14:51:00,385:INFO: [TRAIN] Step: 339 ; Loss: 28.982 ; Acc: 39.792
2018-09-19 14:51:00,458:INFO: [TRAIN] Step: 340 ; Loss: 25.747 ; Acc: 39.834
2018-09-19 14:51:00,530:INFO: [TRAIN] Step: 341 ; Loss: 25.034 ; Acc: 39.876
2018-09-19 14:51:00,603:INFO: [TRAIN] Step: 342 ; Loss: 26.164 ; Acc: 39.881
2018-09-19 14:51:00,672:INFO: [TRAIN] Step: 343 ; Loss: 24.673 ; Acc: 39.922
2018-09-19 14:51:00,744:INFO: [TRAIN] Step: 344 ; Loss: 26.012 ; Acc: 40.000
2018-09-19 14:51:00,816:INFO: [TRAIN] Step: 345 ; Loss: 21.118 ; Acc: 40.065
2018-09-19 14:51:00,889:INFO: [TRAIN] Step: 346 ; Loss: 24.688 ; Acc: 40.070
2018-09-19 14:51:00,957:INFO: [TRAIN] Step: 347 ; Loss: 22.024 ; Acc: 40.122
2018-09-19 14:51:01,034:INFO: [TRAIN] Step: 348 ; Loss: 21.319 ; Acc: 40.150
2018-09-19 14:51:01,103:INFO: [TRAIN] Step: 349 ; Loss: 20.774 ; Acc: 40.214
2018-09-19 14:51:01,174:INFO: [TRAIN] Step: 350 ; Loss: 27.536 ; Acc: 40.230
2018-09-19 14:51:01,244:INFO: [TRAIN] Step: 351 ; Loss: 30.024 ; Acc: 40.211
2018-09-19 14:51:01,317:INFO: [TRAIN] Step: 352 ; Loss: 31.007 ; Acc: 40.215
2018-09-19 14:51:01,386:INFO: [TRAIN] Step: 353 ; Loss: 23.787 ; Acc: 40.266
2018-09-19 14:51:01,459:INFO: [TRAIN] Step: 354 ; Loss: 28.235 ; Acc: 40.305
2018-09-19 14:51:01,529:INFO: [TRAIN] Step: 355 ; Loss: 24.693 ; Acc: 40.344
2018-09-19 14:51:01,603:INFO: [TRAIN] Step: 356 ; Loss: 25.014 ; Acc: 40.348
2018-09-19 14:51:01,674:INFO: [TRAIN] Step: 357 ; Loss: 24.417 ; Acc: 40.363
2018-09-19 14:51:01,745:INFO: [TRAIN] Step: 358 ; Loss: 24.988 ; Acc: 40.425
2018-09-19 14:51:01,815:INFO: [TRAIN] Step: 359 ; Loss: 28.130 ; Acc: 40.451
2018-09-19 14:51:01,889:INFO: [TRAIN] Step: 360 ; Loss: 20.586 ; Acc: 40.524
2018-09-19 14:51:01,957:INFO: [TRAIN] Step: 361 ; Loss: 23.910 ; Acc: 40.550
2018-09-19 14:51:02,032:INFO: [TRAIN] Step: 362 ; Loss: 21.859 ; Acc: 40.611
2018-09-19 14:51:02,102:INFO: [TRAIN] Step: 363 ; Loss: 24.513 ; Acc: 40.659
2018-09-19 14:51:02,176:INFO: [TRAIN] Step: 364 ; Loss: 21.476 ; Acc: 40.742
2018-09-19 14:51:02,246:INFO: [TRAIN] Step: 365 ; Loss: 24.129 ; Acc: 40.756
2018-09-19 14:51:02,321:INFO: [TRAIN] Step: 366 ; Loss: 27.196 ; Acc: 40.747
2018-09-19 14:51:02,388:INFO: [TRAIN] Step: 367 ; Loss: 19.730 ; Acc: 40.784
2018-09-19 14:51:02,462:INFO: [TRAIN] Step: 368 ; Loss: 27.518 ; Acc: 40.786
2018-09-19 14:51:02,534:INFO: [TRAIN] Step: 369 ; Loss: 26.178 ; Acc: 40.788
2018-09-19 14:51:02,608:INFO: [TRAIN] Step: 370 ; Loss: 27.883 ; Acc: 40.813
2018-09-19 14:51:02,677:INFO: [TRAIN] Step: 371 ; Loss: 19.057 ; Acc: 40.894
2018-09-19 14:51:02,751:INFO: [TRAIN] Step: 372 ; Loss: 24.141 ; Acc: 40.885
2018-09-19 14:51:02,820:INFO: [TRAIN] Step: 373 ; Loss: 26.566 ; Acc: 40.865
2018-09-19 14:51:02,894:INFO: [TRAIN] Step: 374 ; Loss: 26.645 ; Acc: 40.944
2018-09-19 14:51:02,969:INFO: [TRAIN] Step: 375 ; Loss: 18.692 ; Acc: 41.013
2018-09-19 14:51:03,044:INFO: [TRAIN] Step: 376 ; Loss: 28.780 ; Acc: 40.992
2018-09-19 14:51:03,112:INFO: [TRAIN] Step: 377 ; Loss: 22.416 ; Acc: 41.027
2018-09-19 14:51:03,184:INFO: [TRAIN] Step: 378 ; Loss: 20.787 ; Acc: 41.095
2018-09-19 14:51:03,254:INFO: [TRAIN] Step: 379 ; Loss: 30.102 ; Acc: 41.064
2018-09-19 14:51:03,327:INFO: [TRAIN] Step: 380 ; Loss: 22.956 ; Acc: 41.087
2018-09-19 14:51:03,396:INFO: [TRAIN] Step: 381 ; Loss: 32.534 ; Acc: 41.067
2018-09-19 14:51:03,471:INFO: [TRAIN] Step: 382 ; Loss: 21.043 ; Acc: 41.134
2018-09-19 14:51:03,543:INFO: [TRAIN] Step: 383 ; Loss: 25.986 ; Acc: 41.168
2018-09-19 14:51:03,618:INFO: [TRAIN] Step: 384 ; Loss: 28.860 ; Acc: 41.190
2018-09-19 14:51:03,688:INFO: [TRAIN] Step: 385 ; Loss: 26.712 ; Acc: 41.203
2018-09-19 14:51:03,760:INFO: [TRAIN] Step: 386 ; Loss: 19.842 ; Acc: 41.279
2018-09-19 14:51:03,830:INFO: [TRAIN] Step: 387 ; Loss: 28.505 ; Acc: 41.280
2018-09-19 14:51:03,902:INFO: [TRAIN] Step: 388 ; Loss: 22.352 ; Acc: 41.324
2018-09-19 14:51:03,971:INFO: [TRAIN] Step: 389 ; Loss: 24.251 ; Acc: 41.357
2018-09-19 14:51:04,047:INFO: [TRAIN] Step: 390 ; Loss: 22.794 ; Acc: 41.379
2018-09-19 14:51:04,119:INFO: [TRAIN] Step: 391 ; Loss: 18.654 ; Acc: 41.454
2018-09-19 14:51:04,192:INFO: [TRAIN] Step: 392 ; Loss: 23.050 ; Acc: 41.476
2018-09-19 14:51:04,260:INFO: [TRAIN] Step: 393 ; Loss: 27.023 ; Acc: 41.508
2018-09-19 14:51:04,333:INFO: [TRAIN] Step: 394 ; Loss: 22.623 ; Acc: 41.530
2018-09-19 14:51:04,401:INFO: [TRAIN] Step: 395 ; Loss: 22.891 ; Acc: 41.561
2018-09-19 14:51:04,474:INFO: [TRAIN] Step: 396 ; Loss: 18.103 ; Acc: 41.635
2018-09-19 14:51:04,544:INFO: [TRAIN] Step: 397 ; Loss: 26.222 ; Acc: 41.635
2018-09-19 14:51:04,616:INFO: [TRAIN] Step: 398 ; Loss: 24.385 ; Acc: 41.656
2018-09-19 14:51:04,686:INFO: [TRAIN] Step: 399 ; Loss: 28.257 ; Acc: 41.625
2018-09-19 14:51:04,760:INFO: [TRAIN] Step: 400 ; Loss: 27.022 ; Acc: 41.687
2018-09-19 14:51:04,830:INFO: [TRAIN] Step: 401 ; Loss: 24.843 ; Acc: 41.708
2018-09-19 14:51:04,902:INFO: [TRAIN] Step: 402 ; Loss: 21.973 ; Acc: 41.749
2018-09-19 14:51:04,970:INFO: [TRAIN] Step: 403 ; Loss: 22.387 ; Acc: 41.811
2018-09-19 14:51:05,045:INFO: [TRAIN] Step: 404 ; Loss: 22.088 ; Acc: 41.872
2018-09-19 14:51:05,112:INFO: [TRAIN] Step: 405 ; Loss: 22.787 ; Acc: 41.903
2018-09-19 14:51:05,185:INFO: [TRAIN] Step: 406 ; Loss: 28.320 ; Acc: 41.902
2018-09-19 14:51:05,255:INFO: [TRAIN] Step: 407 ; Loss: 23.666 ; Acc: 41.912
2018-09-19 14:51:05,329:INFO: [TRAIN] Step: 408 ; Loss: 24.750 ; Acc: 41.911
2018-09-19 14:51:05,402:INFO: [TRAIN] Step: 409 ; Loss: 23.041 ; Acc: 41.931
2018-09-19 14:51:05,477:INFO: [TRAIN] Step: 410 ; Loss: 32.933 ; Acc: 41.890
2018-09-19 14:51:05,548:INFO: [TRAIN] Step: 411 ; Loss: 28.467 ; Acc: 41.909
2018-09-19 14:51:05,622:INFO: [TRAIN] Step: 412 ; Loss: 23.923 ; Acc: 41.909
2018-09-19 14:51:05,693:INFO: [TRAIN] Step: 413 ; Loss: 24.994 ; Acc: 41.898
2018-09-19 14:51:05,765:INFO: [TRAIN] Step: 414 ; Loss: 21.611 ; Acc: 41.928
2018-09-19 14:51:05,833:INFO: [TRAIN] Step: 415 ; Loss: 23.422 ; Acc: 41.937
2018-09-19 14:51:05,905:INFO: [TRAIN] Step: 416 ; Loss: 26.103 ; Acc: 41.916
2018-09-19 14:51:05,973:INFO: [TRAIN] Step: 417 ; Loss: 26.018 ; Acc: 41.906
2018-09-19 14:51:06,049:INFO: [TRAIN] Step: 418 ; Loss: 21.837 ; Acc: 41.945
2018-09-19 14:51:06,118:INFO: [TRAIN] Step: 419 ; Loss: 26.764 ; Acc: 41.935
2018-09-19 14:51:06,191:INFO: [TRAIN] Step: 420 ; Loss: 26.121 ; Acc: 41.924
2018-09-19 14:51:06,260:INFO: [TRAIN] Step: 421 ; Loss: 27.829 ; Acc: 41.943
2018-09-19 14:51:06,335:INFO: [TRAIN] Step: 422 ; Loss: 27.255 ; Acc: 41.933
2018-09-19 14:51:06,403:INFO: [TRAIN] Step: 423 ; Loss: 22.370 ; Acc: 41.952
2018-09-19 14:51:06,477:INFO: [TRAIN] Step: 424 ; Loss: 27.126 ; Acc: 41.990
2018-09-19 14:51:06,547:INFO: [TRAIN] Step: 425 ; Loss: 27.492 ; Acc: 42.009
2018-09-19 14:51:06,621:INFO: [TRAIN] Step: 426 ; Loss: 25.549 ; Acc: 41.989
2018-09-19 14:51:06,689:INFO: [TRAIN] Step: 427 ; Loss: 29.539 ; Acc: 41.968
2018-09-19 14:51:06,763:INFO: [TRAIN] Step: 428 ; Loss: 26.792 ; Acc: 41.977
2018-09-19 14:51:06,830:INFO: [TRAIN] Step: 429 ; Loss: 29.154 ; Acc: 41.977
2018-09-19 14:51:06,906:INFO: [TRAIN] Step: 430 ; Loss: 20.168 ; Acc: 42.024
2018-09-19 14:51:06,975:INFO: [TRAIN] Step: 431 ; Loss: 25.643 ; Acc: 42.024
2018-09-19 14:51:07,049:INFO: [TRAIN] Step: 432 ; Loss: 23.529 ; Acc: 42.042
2018-09-19 14:51:07,116:INFO: [TRAIN] Step: 433 ; Loss: 28.206 ; Acc: 42.051
2018-09-19 14:51:07,190:INFO: [TRAIN] Step: 434 ; Loss: 26.959 ; Acc: 42.031
2018-09-19 14:51:07,259:INFO: [TRAIN] Step: 435 ; Loss: 25.589 ; Acc: 42.049
2018-09-19 14:51:07,333:INFO: [TRAIN] Step: 436 ; Loss: 25.703 ; Acc: 42.058
2018-09-19 14:51:07,400:INFO: [TRAIN] Step: 437 ; Loss: 25.707 ; Acc: 42.047
2018-09-19 14:51:07,473:INFO: [TRAIN] Step: 438 ; Loss: 27.777 ; Acc: 42.027
2018-09-19 14:51:07,544:INFO: [TRAIN] Step: 439 ; Loss: 25.030 ; Acc: 42.083
2018-09-19 14:51:07,620:INFO: [TRAIN] Step: 440 ; Loss: 25.085 ; Acc: 42.082
2018-09-19 14:51:07,691:INFO: [TRAIN] Step: 441 ; Loss: 28.894 ; Acc: 42.072
2018-09-19 14:51:07,766:INFO: [TRAIN] Step: 442 ; Loss: 20.040 ; Acc: 42.128
2018-09-19 14:51:07,834:INFO: [TRAIN] Step: 443 ; Loss: 24.762 ; Acc: 42.127
2018-09-19 14:51:07,908:INFO: [TRAIN] Step: 444 ; Loss: 25.300 ; Acc: 42.144
2018-09-19 14:51:07,979:INFO: [TRAIN] Step: 445 ; Loss: 28.043 ; Acc: 42.134
2018-09-19 14:51:08,054:INFO: [TRAIN] Step: 446 ; Loss: 25.423 ; Acc: 42.133
2018-09-19 14:51:08,124:INFO: [TRAIN] Step: 447 ; Loss: 24.605 ; Acc: 42.132
2018-09-19 14:51:08,199:INFO: [TRAIN] Step: 448 ; Loss: 22.935 ; Acc: 42.177
2018-09-19 14:51:08,274:INFO: [TRAIN] Step: 449 ; Loss: 23.365 ; Acc: 42.222
2018-09-19 14:51:08,348:INFO: [TRAIN] Step: 450 ; Loss: 23.151 ; Acc: 42.230
2018-09-19 14:51:08,417:INFO: [TRAIN] Step: 451 ; Loss: 23.461 ; Acc: 42.257
2018-09-19 14:51:08,489:INFO: [TRAIN] Step: 452 ; Loss: 25.765 ; Acc: 42.283
2018-09-19 14:51:08,562:INFO: [TRAIN] Step: 453 ; Loss: 26.414 ; Acc: 42.300
2018-09-19 14:51:08,636:INFO: [TRAIN] Step: 454 ; Loss: 32.735 ; Acc: 42.308
2018-09-19 14:51:08,706:INFO: [TRAIN] Step: 455 ; Loss: 21.387 ; Acc: 42.361
2018-09-19 14:51:08,780:INFO: [TRAIN] Step: 456 ; Loss: 24.769 ; Acc: 42.360
2018-09-19 14:51:08,848:INFO: [TRAIN] Step: 457 ; Loss: 36.315 ; Acc: 42.331
2018-09-19 14:51:08,925:INFO: [TRAIN] Step: 458 ; Loss: 24.661 ; Acc: 42.357
2018-09-19 14:51:09,001:INFO: [TRAIN] Step: 459 ; Loss: 23.538 ; Acc: 42.355
2018-09-19 14:51:09,076:INFO: [TRAIN] Step: 460 ; Loss: 21.679 ; Acc: 42.372
2018-09-19 14:51:09,145:INFO: [TRAIN] Step: 461 ; Loss: 28.555 ; Acc: 42.352
2018-09-19 14:51:09,219:INFO: [TRAIN] Step: 462 ; Loss: 29.447 ; Acc: 42.342
2018-09-19 14:51:09,287:INFO: [TRAIN] Step: 463 ; Loss: 26.046 ; Acc: 42.340
2018-09-19 14:51:09,361:INFO: [TRAIN] Step: 464 ; Loss: 20.268 ; Acc: 42.392
2018-09-19 14:51:09,430:INFO: [TRAIN] Step: 465 ; Loss: 24.163 ; Acc: 42.391
2018-09-19 14:51:09,505:INFO: [TRAIN] Step: 466 ; Loss: 33.397 ; Acc: 42.389
2018-09-19 14:51:09,577:INFO: [TRAIN] Step: 467 ; Loss: 24.877 ; Acc: 42.388
2018-09-19 14:51:09,649:INFO: [TRAIN] Step: 468 ; Loss: 22.438 ; Acc: 42.431
2018-09-19 14:51:09,718:INFO: [TRAIN] Step: 469 ; Loss: 26.587 ; Acc: 42.447
2018-09-19 14:51:09,793:INFO: [TRAIN] Step: 470 ; Loss: 24.179 ; Acc: 42.436
2018-09-19 14:51:09,860:INFO: [TRAIN] Step: 471 ; Loss: 23.782 ; Acc: 42.461
2018-09-19 14:51:09,935:INFO: [TRAIN] Step: 472 ; Loss: 28.014 ; Acc: 42.451
2018-09-19 14:51:10,004:INFO: [TRAIN] Step: 473 ; Loss: 23.431 ; Acc: 42.467
2018-09-19 14:51:10,080:INFO: [TRAIN] Step: 474 ; Loss: 24.840 ; Acc: 42.518
2018-09-19 14:51:10,151:INFO: [TRAIN] Step: 475 ; Loss: 25.898 ; Acc: 42.507
2018-09-19 14:51:10,224:INFO: [TRAIN] Step: 476 ; Loss: 24.395 ; Acc: 42.549
2018-09-19 14:51:10,294:INFO: [TRAIN] Step: 477 ; Loss: 19.865 ; Acc: 42.608
2018-09-19 14:51:10,369:INFO: [TRAIN] Step: 478 ; Loss: 27.134 ; Acc: 42.624
2018-09-19 14:51:10,437:INFO: [TRAIN] Step: 479 ; Loss: 22.880 ; Acc: 42.639
2018-09-19 14:51:10,510:INFO: [TRAIN] Step: 480 ; Loss: 24.940 ; Acc: 42.637
2018-09-19 14:51:10,578:INFO: [TRAIN] Step: 481 ; Loss: 28.236 ; Acc: 42.626
2018-09-19 14:51:10,651:INFO: [TRAIN] Step: 482 ; Loss: 27.078 ; Acc: 42.607
2018-09-19 14:51:10,722:INFO: [TRAIN] Step: 483 ; Loss: 28.663 ; Acc: 42.605
2018-09-19 14:51:10,797:INFO: [TRAIN] Step: 484 ; Loss: 23.993 ; Acc: 42.629
2018-09-19 14:51:10,865:INFO: [TRAIN] Step: 485 ; Loss: 25.213 ; Acc: 42.627
2018-09-19 14:51:10,937:INFO: [TRAIN] Step: 486 ; Loss: 26.129 ; Acc: 42.625
2018-09-19 14:51:11,008:INFO: [TRAIN] Step: 487 ; Loss: 22.943 ; Acc: 42.640
2018-09-19 14:51:11,083:INFO: [TRAIN] Step: 488 ; Loss: 27.338 ; Acc: 42.621
2018-09-19 14:51:11,155:INFO: [TRAIN] Step: 489 ; Loss: 21.778 ; Acc: 42.653
2018-09-19 14:51:11,229:INFO: [TRAIN] Step: 490 ; Loss: 21.118 ; Acc: 42.677
2018-09-19 14:51:11,298:INFO: [TRAIN] Step: 491 ; Loss: 26.794 ; Acc: 42.666
2018-09-19 14:51:11,371:INFO: [TRAIN] Step: 492 ; Loss: 22.263 ; Acc: 42.689
2018-09-19 14:51:11,439:INFO: [TRAIN] Step: 493 ; Loss: 25.328 ; Acc: 42.662
2018-09-19 14:51:11,513:INFO: [TRAIN] Step: 494 ; Loss: 24.540 ; Acc: 42.702
2018-09-19 14:51:11,583:INFO: [TRAIN] Step: 495 ; Loss: 19.696 ; Acc: 42.725
2018-09-19 14:51:11,656:INFO: [TRAIN] Step: 496 ; Loss: 23.856 ; Acc: 42.706
2018-09-19 14:51:11,728:INFO: [TRAIN] Step: 497 ; Loss: 22.997 ; Acc: 42.729
2018-09-19 14:51:11,803:INFO: [TRAIN] Step: 498 ; Loss: 25.078 ; Acc: 42.727
2018-09-19 14:51:11,870:INFO: [TRAIN] Step: 499 ; Loss: 20.725 ; Acc: 42.758
2018-09-19 14:51:11,944:INFO: [TRAIN] Step: 500 ; Loss: 25.888 ; Acc: 42.764
2018-09-19 14:51:12,014:INFO: [TRAIN] Step: 501 ; Loss: 34.654 ; Acc: 42.729
2018-09-19 14:51:12,093:INFO: [TRAIN] Step: 502 ; Loss: 19.906 ; Acc: 42.768
2018-09-19 14:51:12,164:INFO: [TRAIN] Step: 503 ; Loss: 25.883 ; Acc: 42.766
2018-09-19 14:51:12,235:INFO: [TRAIN] Step: 504 ; Loss: 26.122 ; Acc: 42.739
2018-09-19 14:51:12,307:INFO: [TRAIN] Step: 505 ; Loss: 24.196 ; Acc: 42.762
2018-09-19 14:51:12,381:INFO: [TRAIN] Step: 506 ; Loss: 24.903 ; Acc: 42.784
2018-09-19 14:51:12,450:INFO: [TRAIN] Step: 507 ; Loss: 28.311 ; Acc: 42.807
2018-09-19 14:51:12,523:INFO: [TRAIN] Step: 508 ; Loss: 26.585 ; Acc: 42.796
2018-09-19 14:51:12,593:INFO: [TRAIN] Step: 509 ; Loss: 24.053 ; Acc: 42.819
2018-09-19 14:51:12,665:INFO: [TRAIN] Step: 510 ; Loss: 24.241 ; Acc: 42.825
2018-09-19 14:51:12,735:INFO: [TRAIN] Step: 511 ; Loss: 29.560 ; Acc: 42.822
2018-09-19 14:51:12,810:INFO: [TRAIN] Step: 512 ; Loss: 27.210 ; Acc: 42.828
2018-09-19 14:51:12,878:INFO: [TRAIN] Step: 513 ; Loss: 28.499 ; Acc: 42.826
2018-09-19 14:51:12,950:INFO: [TRAIN] Step: 514 ; Loss: 21.132 ; Acc: 42.864
2018-09-19 14:51:13,026:INFO: [TRAIN] Step: 515 ; Loss: 21.763 ; Acc: 42.894
2018-09-19 14:51:13,102:INFO: [TRAIN] Step: 516 ; Loss: 28.922 ; Acc: 42.892
2018-09-19 14:51:13,173:INFO: [TRAIN] Step: 517 ; Loss: 20.614 ; Acc: 42.921
2018-09-19 14:51:13,248:INFO: [TRAIN] Step: 518 ; Loss: 22.403 ; Acc: 42.927
2018-09-19 14:51:13,316:INFO: [TRAIN] Step: 519 ; Loss: 22.283 ; Acc: 42.949
2018-09-19 14:51:13,390:INFO: [TRAIN] Step: 520 ; Loss: 20.477 ; Acc: 43.002
2018-09-19 14:51:13,460:INFO: [TRAIN] Step: 521 ; Loss: 22.673 ; Acc: 43.048
2018-09-19 14:51:13,535:INFO: [TRAIN] Step: 522 ; Loss: 25.666 ; Acc: 43.045
2018-09-19 14:51:13,606:INFO: [TRAIN] Step: 523 ; Loss: 20.894 ; Acc: 43.066
2018-09-19 14:51:13,681:INFO: [TRAIN] Step: 524 ; Loss: 22.699 ; Acc: 43.087
2018-09-19 14:51:13,761:INFO: [TRAIN] Step: 525 ; Loss: 26.190 ; Acc: 43.069
2018-09-19 14:51:13,843:INFO: [TRAIN] Step: 526 ; Loss: 28.329 ; Acc: 43.058
2018-09-19 14:51:13,911:INFO: [TRAIN] Step: 527 ; Loss: 23.467 ; Acc: 43.079
2018-09-19 14:51:13,992:INFO: [TRAIN] Step: 528 ; Loss: 25.584 ; Acc: 43.092
2018-09-19 14:51:14,071:INFO: [TRAIN] Step: 529 ; Loss: 22.696 ; Acc: 43.113
2018-09-19 14:51:14,145:INFO: [TRAIN] Step: 530 ; Loss: 23.835 ; Acc: 43.134
2018-09-19 14:51:14,213:INFO: [TRAIN] Step: 531 ; Loss: 24.228 ; Acc: 43.131
2018-09-19 14:51:14,287:INFO: [TRAIN] Step: 532 ; Loss: 25.486 ; Acc: 43.152
2018-09-19 14:51:14,359:INFO: [TRAIN] Step: 533 ; Loss: 25.383 ; Acc: 43.165
2018-09-19 14:51:14,432:INFO: [TRAIN] Step: 534 ; Loss: 22.763 ; Acc: 43.185
2018-09-19 14:51:14,506:INFO: [TRAIN] Step: 535 ; Loss: 20.074 ; Acc: 43.214
2018-09-19 14:51:14,585:INFO: [TRAIN] Step: 536 ; Loss: 24.638 ; Acc: 43.218
2018-09-19 14:51:14,653:INFO: [TRAIN] Step: 537 ; Loss: 26.331 ; Acc: 43.216
2018-09-19 14:51:14,725:INFO: [TRAIN] Step: 538 ; Loss: 23.950 ; Acc: 43.228
2018-09-19 14:51:14,792:INFO: [TRAIN] Step: 539 ; Loss: 20.352 ; Acc: 43.248
2018-09-19 14:51:14,869:INFO: [TRAIN] Step: 540 ; Loss: 21.862 ; Acc: 43.246
2018-09-19 14:51:14,937:INFO: [TRAIN] Step: 541 ; Loss: 24.339 ; Acc: 43.273
2018-09-19 14:51:15,009:INFO: [TRAIN] Step: 542 ; Loss: 28.951 ; Acc: 43.255
2018-09-19 14:51:15,083:INFO: [TRAIN] Step: 543 ; Loss: 21.731 ; Acc: 43.260
2018-09-19 14:51:15,158:INFO: [TRAIN] Step: 544 ; Loss: 24.140 ; Acc: 43.272
2018-09-19 14:51:15,227:INFO: [TRAIN] Step: 545 ; Loss: 22.570 ; Acc: 43.292
2018-09-19 14:51:15,300:INFO: [TRAIN] Step: 546 ; Loss: 21.569 ; Acc: 43.304
2018-09-19 14:51:15,372:INFO: [TRAIN] Step: 547 ; Loss: 23.697 ; Acc: 43.309
2018-09-19 14:51:15,445:INFO: [TRAIN] Step: 548 ; Loss: 24.513 ; Acc: 43.329
2018-09-19 14:51:15,518:INFO: [TRAIN] Step: 549 ; Loss: 23.964 ; Acc: 43.348
2018-09-19 14:51:15,592:INFO: [TRAIN] Step: 550 ; Loss: 25.834 ; Acc: 43.361
2018-09-19 14:51:15,663:INFO: [TRAIN] Step: 551 ; Loss: 26.164 ; Acc: 43.357
2018-09-19 14:51:15,743:INFO: [TRAIN] Step: 552 ; Loss: 21.574 ; Acc: 43.385
2018-09-19 14:51:15,812:INFO: [TRAIN] Step: 553 ; Loss: 22.695 ; Acc: 43.412
2018-09-19 14:51:15,885:INFO: [TRAIN] Step: 554 ; Loss: 23.357 ; Acc: 43.423
2018-09-19 14:51:15,954:INFO: [TRAIN] Step: 555 ; Loss: 26.360 ; Acc: 43.405
2018-09-19 14:51:16,026:INFO: [TRAIN] Step: 556 ; Loss: 26.945 ; Acc: 43.402
2018-09-19 14:51:16,101:INFO: [TRAIN] Step: 557 ; Loss: 25.904 ; Acc: 43.414
2018-09-19 14:51:16,176:INFO: [TRAIN] Step: 558 ; Loss: 29.052 ; Acc: 43.403
2018-09-19 14:51:16,244:INFO: [TRAIN] Step: 559 ; Loss: 25.079 ; Acc: 43.415
2018-09-19 14:51:16,334:INFO: [TRAIN] Step: 560 ; Loss: 20.842 ; Acc: 43.449
2018-09-19 14:51:16,409:INFO: [TRAIN] Step: 561 ; Loss: 25.781 ; Acc: 43.476
2018-09-19 14:51:16,488:INFO: [TRAIN] Step: 562 ; Loss: 25.878 ; Acc: 43.487
2018-09-19 14:51:16,560:INFO: [TRAIN] Step: 563 ; Loss: 23.389 ; Acc: 43.499
2018-09-19 14:51:16,633:INFO: [TRAIN] Step: 564 ; Loss: 25.891 ; Acc: 43.488
2018-09-19 14:51:16,705:INFO: [TRAIN] Step: 565 ; Loss: 26.360 ; Acc: 43.529
2018-09-19 14:51:16,780:INFO: [TRAIN] Step: 566 ; Loss: 27.946 ; Acc: 43.519
2018-09-19 14:51:16,855:INFO: [TRAIN] Step: 567 ; Loss: 26.561 ; Acc: 43.501
2018-09-19 14:51:16,934:INFO: [TRAIN] Step: 568 ; Loss: 20.526 ; Acc: 43.519
2018-09-19 14:51:17,008:INFO: [TRAIN] Step: 569 ; Loss: 27.321 ; Acc: 43.509
2018-09-19 14:51:17,085:INFO: [TRAIN] Step: 570 ; Loss: 25.168 ; Acc: 43.520
2018-09-19 14:51:17,153:INFO: [TRAIN] Step: 571 ; Loss: 21.972 ; Acc: 43.546
2018-09-19 14:51:17,230:INFO: [TRAIN] Step: 572 ; Loss: 21.727 ; Acc: 43.572
2018-09-19 14:51:17,301:INFO: [TRAIN] Step: 573 ; Loss: 22.754 ; Acc: 43.576
2018-09-19 14:51:17,380:INFO: [TRAIN] Step: 574 ; Loss: 23.980 ; Acc: 43.580
2018-09-19 14:51:17,450:INFO: [TRAIN] Step: 575 ; Loss: 23.362 ; Acc: 43.613
2018-09-19 14:51:17,530:INFO: [TRAIN] Step: 576 ; Loss: 26.393 ; Acc: 43.624
2018-09-19 14:51:17,608:INFO: [TRAIN] Step: 577 ; Loss: 25.415 ; Acc: 43.627
2018-09-19 14:51:17,683:INFO: [TRAIN] Step: 578 ; Loss: 27.848 ; Acc: 43.602
2018-09-19 14:51:17,754:INFO: [TRAIN] Step: 579 ; Loss: 23.017 ; Acc: 43.628
2018-09-19 14:51:17,828:INFO: [TRAIN] Step: 580 ; Loss: 24.453 ; Acc: 43.639
2018-09-19 14:51:17,899:INFO: [TRAIN] Step: 581 ; Loss: 25.274 ; Acc: 43.650
2018-09-19 14:51:17,976:INFO: [TRAIN] Step: 582 ; Loss: 21.629 ; Acc: 43.668
2018-09-19 14:51:18,046:INFO: [TRAIN] Step: 583 ; Loss: 25.954 ; Acc: 43.657
2018-09-19 14:51:18,125:INFO: [TRAIN] Step: 584 ; Loss: 22.140 ; Acc: 43.654
2018-09-19 14:51:18,193:INFO: [TRAIN] Step: 585 ; Loss: 23.635 ; Acc: 43.665
2018-09-19 14:51:18,265:INFO: [TRAIN] Step: 586 ; Loss: 19.771 ; Acc: 43.704
2018-09-19 14:51:18,335:INFO: [TRAIN] Step: 587 ; Loss: 22.531 ; Acc: 43.722
2018-09-19 14:51:18,408:INFO: [TRAIN] Step: 588 ; Loss: 18.496 ; Acc: 43.754
2018-09-19 14:51:18,478:INFO: [TRAIN] Step: 589 ; Loss: 28.425 ; Acc: 43.757
2018-09-19 14:51:18,553:INFO: [TRAIN] Step: 590 ; Loss: 23.452 ; Acc: 43.775
2018-09-19 14:51:18,625:INFO: [TRAIN] Step: 591 ; Loss: 23.093 ; Acc: 43.778
2018-09-19 14:51:18,700:INFO: [TRAIN] Step: 592 ; Loss: 24.287 ; Acc: 43.803
2018-09-19 14:51:18,770:INFO: [TRAIN] Step: 593 ; Loss: 23.046 ; Acc: 43.813
2018-09-19 14:51:18,842:INFO: [TRAIN] Step: 594 ; Loss: 23.866 ; Acc: 43.838
2018-09-19 14:51:18,910:INFO: [TRAIN] Step: 595 ; Loss: 19.927 ; Acc: 43.869
2018-09-19 14:51:18,985:INFO: [TRAIN] Step: 596 ; Loss: 26.503 ; Acc: 43.858
2018-09-19 14:51:19,055:INFO: [TRAIN] Step: 597 ; Loss: 25.302 ; Acc: 43.848
2018-09-19 14:51:19,129:INFO: [TRAIN] Step: 598 ; Loss: 24.806 ; Acc: 43.858
2018-09-19 14:51:19,199:INFO: [TRAIN] Step: 599 ; Loss: 23.218 ; Acc: 43.882
2018-09-19 14:51:19,274:INFO: [TRAIN] Step: 600 ; Loss: 17.826 ; Acc: 43.934
2018-09-19 14:51:19,349:INFO: [TRAIN] Step: 601 ; Loss: 23.496 ; Acc: 43.937
2018-09-19 14:51:19,424:INFO: [TRAIN] Step: 602 ; Loss: 28.084 ; Acc: 43.926
2018-09-19 14:51:19,493:INFO: [TRAIN] Step: 603 ; Loss: 22.466 ; Acc: 43.936
2018-09-19 14:51:19,572:INFO: [TRAIN] Step: 604 ; Loss: 26.748 ; Acc: 43.946
2018-09-19 14:51:19,644:INFO: [TRAIN] Step: 605 ; Loss: 21.392 ; Acc: 43.970
2018-09-19 14:51:19,722:INFO: [TRAIN] Step: 606 ; Loss: 20.332 ; Acc: 44.014
2018-09-19 14:51:19,792:INFO: [TRAIN] Step: 607 ; Loss: 25.834 ; Acc: 44.004
2018-09-19 14:51:19,872:INFO: [TRAIN] Step: 608 ; Loss: 20.741 ; Acc: 44.027
2018-09-19 14:51:19,946:INFO: [TRAIN] Step: 609 ; Loss: 24.923 ; Acc: 44.064
2018-09-19 14:51:20,021:INFO: [TRAIN] Step: 610 ; Loss: 33.643 ; Acc: 44.060
2018-09-19 14:51:20,099:INFO: [TRAIN] Step: 611 ; Loss: 21.121 ; Acc: 44.070
2018-09-19 14:51:20,172:INFO: [TRAIN] Step: 612 ; Loss: 23.675 ; Acc: 44.100
2018-09-19 14:51:20,242:INFO: [TRAIN] Step: 613 ; Loss: 22.845 ; Acc: 44.096
2018-09-19 14:51:20,315:INFO: [TRAIN] Step: 614 ; Loss: 20.208 ; Acc: 44.112
2018-09-19 14:51:20,387:INFO: [TRAIN] Step: 615 ; Loss: 22.591 ; Acc: 44.136
2018-09-19 14:51:20,462:INFO: [TRAIN] Step: 616 ; Loss: 25.361 ; Acc: 44.138
2018-09-19 14:51:20,533:INFO: [TRAIN] Step: 617 ; Loss: 28.110 ; Acc: 44.128
2018-09-19 14:51:20,611:INFO: [TRAIN] Step: 618 ; Loss: 21.778 ; Acc: 44.144
2018-09-19 14:51:20,682:INFO: [TRAIN] Step: 619 ; Loss: 25.111 ; Acc: 44.160
2018-09-19 14:51:20,758:INFO: [TRAIN] Step: 620 ; Loss: 22.984 ; Acc: 44.169
2018-09-19 14:51:20,827:INFO: [TRAIN] Step: 621 ; Loss: 27.653 ; Acc: 44.165
2018-09-19 14:51:20,906:INFO: [TRAIN] Step: 622 ; Loss: 24.530 ; Acc: 44.161
2018-09-19 14:51:20,978:INFO: [TRAIN] Step: 623 ; Loss: 23.902 ; Acc: 44.171
2018-09-19 14:51:21,058:INFO: [TRAIN] Step: 624 ; Loss: 21.042 ; Acc: 44.180
2018-09-19 14:51:21,131:INFO: [TRAIN] Step: 625 ; Loss: 25.383 ; Acc: 44.196
2018-09-19 14:51:21,204:INFO: [TRAIN] Step: 626 ; Loss: 26.198 ; Acc: 44.212
2018-09-19 14:51:21,279:INFO: [TRAIN] Step: 627 ; Loss: 24.841 ; Acc: 44.221
2018-09-19 14:51:21,352:INFO: [TRAIN] Step: 628 ; Loss: 24.818 ; Acc: 44.224
2018-09-19 14:51:21,423:INFO: [TRAIN] Step: 629 ; Loss: 27.626 ; Acc: 44.233
2018-09-19 14:51:21,497:INFO: [TRAIN] Step: 630 ; Loss: 20.825 ; Acc: 44.268
2018-09-19 14:51:21,568:INFO: [TRAIN] Step: 631 ; Loss: 26.962 ; Acc: 44.271
2018-09-19 14:51:21,643:INFO: [TRAIN] Step: 632 ; Loss: 27.020 ; Acc: 44.254
2018-09-19 14:51:21,711:INFO: [TRAIN] Step: 633 ; Loss: 27.309 ; Acc: 44.263
2018-09-19 14:51:21,786:INFO: [TRAIN] Step: 634 ; Loss: 23.599 ; Acc: 44.265
2018-09-19 14:51:21,858:INFO: [TRAIN] Step: 635 ; Loss: 23.777 ; Acc: 44.248
2018-09-19 14:51:21,933:INFO: [TRAIN] Step: 636 ; Loss: 25.376 ; Acc: 44.263
2018-09-19 14:51:22,003:INFO: [TRAIN] Step: 637 ; Loss: 24.930 ; Acc: 44.272
2018-09-19 14:51:22,076:INFO: [TRAIN] Step: 638 ; Loss: 23.153 ; Acc: 44.294
2018-09-19 14:51:22,144:INFO: [TRAIN] Step: 639 ; Loss: 25.652 ; Acc: 44.323
2018-09-19 14:51:22,219:INFO: [TRAIN] Step: 640 ; Loss: 26.054 ; Acc: 44.312
2018-09-19 14:51:22,290:INFO: [TRAIN] Step: 641 ; Loss: 19.780 ; Acc: 44.347
2018-09-19 14:51:22,365:INFO: [TRAIN] Step: 642 ; Loss: 23.402 ; Acc: 44.349
2018-09-19 14:51:22,436:INFO: [TRAIN] Step: 643 ; Loss: 21.246 ; Acc: 44.365
2018-09-19 14:51:22,508:INFO: [TRAIN] Step: 644 ; Loss: 22.299 ; Acc: 44.380
2018-09-19 14:51:22,580:INFO: [TRAIN] Step: 645 ; Loss: 20.714 ; Acc: 44.395
2018-09-19 14:51:22,653:INFO: [TRAIN] Step: 646 ; Loss: 19.262 ; Acc: 44.423
2018-09-19 14:51:22,724:INFO: [TRAIN] Step: 647 ; Loss: 24.463 ; Acc: 44.444
2018-09-19 14:51:22,800:INFO: [TRAIN] Step: 648 ; Loss: 25.750 ; Acc: 44.440
2018-09-19 14:51:22,872:INFO: [TRAIN] Step: 649 ; Loss: 27.108 ; Acc: 44.455
2018-09-19 14:51:22,947:INFO: [TRAIN] Step: 650 ; Loss: 20.415 ; Acc: 44.470
2018-09-19 14:51:23,026:INFO: [TRAIN] Step: 651 ; Loss: 20.463 ; Acc: 44.504
2018-09-19 14:51:23,100:INFO: [TRAIN] Step: 652 ; Loss: 21.880 ; Acc: 44.506
2018-09-19 14:51:23,172:INFO: [TRAIN] Step: 653 ; Loss: 23.898 ; Acc: 44.515
2018-09-19 14:51:23,247:INFO: [TRAIN] Step: 654 ; Loss: 26.323 ; Acc: 44.517
2018-09-19 14:51:23,320:INFO: [TRAIN] Step: 655 ; Loss: 21.656 ; Acc: 44.557
2018-09-19 14:51:23,395:INFO: [TRAIN] Step: 656 ; Loss: 26.620 ; Acc: 44.559
2018-09-19 14:51:23,468:INFO: [TRAIN] Step: 657 ; Loss: 23.844 ; Acc: 44.567
2018-09-19 14:51:23,543:INFO: [TRAIN] Step: 658 ; Loss: 22.290 ; Acc: 44.569
2018-09-19 14:51:23,613:INFO: [TRAIN] Step: 659 ; Loss: 24.002 ; Acc: 44.583
2018-09-19 14:51:23,690:INFO: [TRAIN] Step: 660 ; Loss: 21.792 ; Acc: 44.604
2018-09-19 14:51:23,766:INFO: [TRAIN] Step: 661 ; Loss: 21.358 ; Acc: 44.612
2018-09-19 14:51:23,842:INFO: [TRAIN] Step: 662 ; Loss: 23.782 ; Acc: 44.608
2018-09-19 14:51:23,912:INFO: [TRAIN] Step: 663 ; Loss: 22.613 ; Acc: 44.622
2018-09-19 14:51:23,988:INFO: [TRAIN] Step: 664 ; Loss: 26.041 ; Acc: 44.605
2018-09-19 14:51:24,061:INFO: [TRAIN] Step: 665 ; Loss: 24.587 ; Acc: 44.620
2018-09-19 14:51:24,136:INFO: [TRAIN] Step: 666 ; Loss: 20.000 ; Acc: 44.646
2018-09-19 14:51:24,211:INFO: [TRAIN] Step: 667 ; Loss: 24.269 ; Acc: 44.654
2018-09-19 14:51:24,291:INFO: [TRAIN] Step: 668 ; Loss: 23.755 ; Acc: 44.669
2018-09-19 14:51:24,367:INFO: [TRAIN] Step: 669 ; Loss: 24.816 ; Acc: 44.701
2018-09-19 14:51:24,445:INFO: [TRAIN] Step: 670 ; Loss: 20.462 ; Acc: 44.734
2018-09-19 14:51:24,522:INFO: [TRAIN] Step: 671 ; Loss: 17.056 ; Acc: 44.773
2018-09-19 14:51:24,601:INFO: [TRAIN] Step: 672 ; Loss: 21.502 ; Acc: 44.799
2018-09-19 14:51:24,677:INFO: [TRAIN] Step: 673 ; Loss: 20.814 ; Acc: 44.826
2018-09-19 14:51:24,761:INFO: [TRAIN] Step: 674 ; Loss: 24.176 ; Acc: 44.852
2018-09-19 14:51:24,838:INFO: [TRAIN] Step: 675 ; Loss: 24.107 ; Acc: 44.872
2018-09-19 14:51:24,919:INFO: [TRAIN] Step: 676 ; Loss: 25.607 ; Acc: 44.892
2018-09-19 14:51:24,995:INFO: [TRAIN] Step: 677 ; Loss: 21.705 ; Acc: 44.918
2018-09-19 14:51:25,076:INFO: [TRAIN] Step: 678 ; Loss: 24.675 ; Acc: 44.907
2018-09-19 14:51:25,155:INFO: [TRAIN] Step: 679 ; Loss: 22.246 ; Acc: 44.908
2018-09-19 14:51:25,241:INFO: [TRAIN] Step: 680 ; Loss: 23.653 ; Acc: 44.922
2018-09-19 14:51:25,323:INFO: [TRAIN] Step: 681 ; Loss: 26.628 ; Acc: 44.923
2018-09-19 14:51:25,410:INFO: [TRAIN] Step: 682 ; Loss: 25.664 ; Acc: 44.912
2018-09-19 14:51:25,490:INFO: [TRAIN] Step: 683 ; Loss: 20.650 ; Acc: 44.950
2018-09-19 14:51:25,576:INFO: [TRAIN] Step: 684 ; Loss: 17.516 ; Acc: 44.988
2018-09-19 14:51:25,660:INFO: [TRAIN] Step: 685 ; Loss: 26.310 ; Acc: 44.977
2018-09-19 14:51:25,749:INFO: [TRAIN] Step: 686 ; Loss: 25.463 ; Acc: 44.972
2018-09-19 14:51:25,836:INFO: [TRAIN] Step: 687 ; Loss: 22.175 ; Acc: 44.985
2018-09-19 14:51:25,926:INFO: [TRAIN] Step: 688 ; Loss: 24.862 ; Acc: 44.987
2018-09-19 14:51:26,041:INFO: [TRAIN] Step: 689 ; Loss: 21.205 ; Acc: 45.000
2018-09-19 14:51:26,241:INFO: [TRAIN] Step: 690 ; Loss: 24.426 ; Acc: 44.983
2018-09-19 14:51:26,373:INFO: [TRAIN] Step: 691 ; Loss: 23.734 ; Acc: 44.990
2018-09-19 14:51:26,508:INFO: [TRAIN] Step: 692 ; Loss: 23.647 ; Acc: 44.992
2018-09-19 14:51:26,647:INFO: [TRAIN] Step: 693 ; Loss: 21.440 ; Acc: 45.005
2018-09-19 14:51:26,792:INFO: [TRAIN] Step: 694 ; Loss: 18.990 ; Acc: 45.024
2018-09-19 14:51:26,988:INFO: [TRAIN] Step: 695 ; Loss: 22.803 ; Acc: 45.043
2018-09-19 14:51:27,112:INFO: [TRAIN] Step: 696 ; Loss: 24.207 ; Acc: 45.032
2018-09-19 14:51:27,286:INFO: [TRAIN] Step: 697 ; Loss: 27.768 ; Acc: 45.045
2018-09-19 14:51:27,502:INFO: [TRAIN] Step: 698 ; Loss: 21.272 ; Acc: 45.088
2018-09-19 14:51:27,636:INFO: [TRAIN] Step: 699 ; Loss: 21.935 ; Acc: 45.107
2018-09-19 14:51:27,783:INFO: [TRAIN] Step: 700 ; Loss: 18.098 ; Acc: 45.138
2018-09-19 14:51:27,889:INFO: [TRAIN] Step: 701 ; Loss: 23.887 ; Acc: 45.151
2018-09-19 14:51:27,994:INFO: [TRAIN] Step: 702 ; Loss: 20.022 ; Acc: 45.164
2018-09-19 14:51:28,099:INFO: [TRAIN] Step: 703 ; Loss: 24.300 ; Acc: 45.165
2018-09-19 14:51:28,210:INFO: [TRAIN] Step: 704 ; Loss: 22.530 ; Acc: 45.183
2018-09-19 14:51:28,324:INFO: [TRAIN] Step: 705 ; Loss: 23.438 ; Acc: 45.178
2018-09-19 14:51:28,435:INFO: [TRAIN] Step: 706 ; Loss: 23.731 ; Acc: 45.197
2018-09-19 14:51:28,549:INFO: [TRAIN] Step: 707 ; Loss: 29.007 ; Acc: 45.168
2018-09-19 14:51:28,659:INFO: [TRAIN] Step: 708 ; Loss: 25.769 ; Acc: 45.175
2018-09-19 14:51:28,772:INFO: [TRAIN] Step: 709 ; Loss: 22.565 ; Acc: 45.182
2018-09-19 14:51:28,886:INFO: [TRAIN] Step: 710 ; Loss: 20.373 ; Acc: 45.200
2018-09-19 14:51:29,005:INFO: [TRAIN] Step: 711 ; Loss: 20.057 ; Acc: 45.207
2018-09-19 14:51:29,125:INFO: [TRAIN] Step: 712 ; Loss: 21.679 ; Acc: 45.237
2018-09-19 14:51:29,242:INFO: [TRAIN] Step: 713 ; Loss: 18.273 ; Acc: 45.261
2018-09-19 14:51:29,359:INFO: [TRAIN] Step: 714 ; Loss: 17.808 ; Acc: 45.297
2018-09-19 14:51:29,485:INFO: [TRAIN] Step: 715 ; Loss: 19.573 ; Acc: 45.333
2018-09-19 14:51:29,601:INFO: [TRAIN] Step: 716 ; Loss: 21.823 ; Acc: 45.345
2018-09-19 14:51:29,718:INFO: [TRAIN] Step: 717 ; Loss: 23.800 ; Acc: 45.363
2018-09-19 14:51:29,837:INFO: [TRAIN] Step: 718 ; Loss: 17.227 ; Acc: 45.393
2018-09-19 14:51:29,953:INFO: [TRAIN] Step: 719 ; Loss: 23.064 ; Acc: 45.394
2018-09-19 14:51:30,070:INFO: [TRAIN] Step: 720 ; Loss: 22.349 ; Acc: 45.400
2018-09-19 14:51:30,191:INFO: [TRAIN] Step: 721 ; Loss: 24.362 ; Acc: 45.412
2018-09-19 14:51:30,313:INFO: [TRAIN] Step: 722 ; Loss: 22.328 ; Acc: 45.401
2018-09-19 14:51:30,433:INFO: [TRAIN] Step: 723 ; Loss: 22.776 ; Acc: 45.407
2018-09-19 14:51:30,555:INFO: [TRAIN] Step: 724 ; Loss: 23.676 ; Acc: 45.420
2018-09-19 14:51:30,674:INFO: [TRAIN] Step: 725 ; Loss: 25.287 ; Acc: 45.432
2018-09-19 14:51:30,802:INFO: [TRAIN] Step: 726 ; Loss: 19.160 ; Acc: 45.444
2018-09-19 14:51:30,924:INFO: [TRAIN] Step: 727 ; Loss: 22.848 ; Acc: 45.444
2018-09-19 14:51:31,047:INFO: [TRAIN] Step: 728 ; Loss: 18.274 ; Acc: 45.485
2018-09-19 14:51:31,172:INFO: [TRAIN] Step: 729 ; Loss: 23.795 ; Acc: 45.479
2018-09-19 14:51:31,299:INFO: [TRAIN] Step: 730 ; Loss: 24.782 ; Acc: 45.491
2018-09-19 14:51:31,428:INFO: [TRAIN] Step: 731 ; Loss: 24.058 ; Acc: 45.509
2018-09-19 14:51:31,551:INFO: [TRAIN] Step: 732 ; Loss: 20.545 ; Acc: 45.543
2018-09-19 14:51:31,674:INFO: [TRAIN] Step: 733 ; Loss: 21.109 ; Acc: 45.561
2018-09-19 14:51:31,807:INFO: [TRAIN] Step: 734 ; Loss: 21.366 ; Acc: 45.578
2018-09-19 14:51:31,967:INFO: [TRAIN] Step: 735 ; Loss: 22.153 ; Acc: 45.590
2018-09-19 14:51:32,124:INFO: [TRAIN] Step: 736 ; Loss: 22.786 ; Acc: 45.602
2018-09-19 14:51:32,312:INFO: [TRAIN] Step: 737 ; Loss: 20.640 ; Acc: 45.624
2018-09-19 14:51:32,458:INFO: [TRAIN] Step: 738 ; Loss: 28.023 ; Acc: 45.619
2018-09-19 14:51:32,614:INFO: [TRAIN] Step: 739 ; Loss: 22.590 ; Acc: 45.619
2018-09-19 14:51:32,793:INFO: [TRAIN] Step: 740 ; Loss: 28.761 ; Acc: 45.603
2018-09-19 14:51:32,965:INFO: [TRAIN] Step: 741 ; Loss: 17.880 ; Acc: 45.637
2018-09-19 14:51:33,113:INFO: [TRAIN] Step: 742 ; Loss: 16.078 ; Acc: 45.671
2018-09-19 14:51:33,252:INFO: [TRAIN] Step: 743 ; Loss: 25.555 ; Acc: 45.660
2018-09-19 14:51:33,389:INFO: [TRAIN] Step: 744 ; Loss: 24.897 ; Acc: 45.649
2018-09-19 14:51:33,524:INFO: [TRAIN] Step: 745 ; Loss: 24.365 ; Acc: 45.660
2018-09-19 14:51:33,667:INFO: [TRAIN] Step: 746 ; Loss: 22.972 ; Acc: 45.688
2018-09-19 14:51:33,804:INFO: [TRAIN] Step: 747 ; Loss: 26.180 ; Acc: 45.683
2018-09-19 14:51:33,937:INFO: [TRAIN] Step: 748 ; Loss: 27.192 ; Acc: 45.678
2018-09-19 14:51:34,064:INFO: [TRAIN] Step: 749 ; Loss: 20.619 ; Acc: 45.678
2018-09-19 14:51:34,192:INFO: [TRAIN] Step: 750 ; Loss: 25.482 ; Acc: 45.695
2018-09-19 14:51:34,337:INFO: [TRAIN] Step: 751 ; Loss: 23.302 ; Acc: 45.711
2018-09-19 14:51:34,495:INFO: [TRAIN] Step: 752 ; Loss: 22.220 ; Acc: 45.734
2018-09-19 14:51:34,632:INFO: [TRAIN] Step: 753 ; Loss: 24.859 ; Acc: 45.712
2018-09-19 14:51:34,778:INFO: [TRAIN] Step: 754 ; Loss: 25.583 ; Acc: 45.701
2018-09-19 14:51:34,922:INFO: [TRAIN] Step: 755 ; Loss: 26.272 ; Acc: 45.707
2018-09-19 14:51:35,064:INFO: [TRAIN] Step: 756 ; Loss: 19.080 ; Acc: 45.734
2018-09-19 14:51:35,208:INFO: [TRAIN] Step: 757 ; Loss: 23.654 ; Acc: 45.734
2018-09-19 14:51:35,349:INFO: [TRAIN] Step: 758 ; Loss: 35.172 ; Acc: 45.718
2018-09-19 14:51:35,564:INFO: [TRAIN] Step: 759 ; Loss: 20.697 ; Acc: 45.740
2018-09-19 14:51:35,722:INFO: [TRAIN] Step: 760 ; Loss: 27.243 ; Acc: 45.735
2018-09-19 14:51:35,892:INFO: [TRAIN] Step: 761 ; Loss: 19.245 ; Acc: 45.757
2018-09-19 14:51:36,074:INFO: [TRAIN] Step: 762 ; Loss: 33.114 ; Acc: 45.746
2018-09-19 14:51:36,274:INFO: [TRAIN] Step: 763 ; Loss: 21.924 ; Acc: 45.757
2018-09-19 14:51:36,409:INFO: [TRAIN] Step: 764 ; Loss: 22.301 ; Acc: 45.768
2018-09-19 14:51:36,546:INFO: [TRAIN] Step: 765 ; Loss: 23.673 ; Acc: 45.763
2018-09-19 14:51:36,684:INFO: [TRAIN] Step: 766 ; Loss: 21.668 ; Acc: 45.784
2018-09-19 14:51:36,822:INFO: [TRAIN] Step: 767 ; Loss: 22.017 ; Acc: 45.801
2018-09-19 14:51:36,958:INFO: [TRAIN] Step: 768 ; Loss: 25.154 ; Acc: 45.790
2018-09-19 14:51:37,089:INFO: [TRAIN] Step: 769 ; Loss: 24.466 ; Acc: 45.790
2018-09-19 14:51:37,223:INFO: [TRAIN] Step: 770 ; Loss: 20.071 ; Acc: 45.806
2018-09-19 14:51:37,359:INFO: [TRAIN] Step: 771 ; Loss: 18.515 ; Acc: 45.844
2018-09-19 14:51:37,497:INFO: [TRAIN] Step: 772 ; Loss: 16.216 ; Acc: 45.866
2018-09-19 14:51:37,634:INFO: [TRAIN] Step: 773 ; Loss: 19.821 ; Acc: 45.903
2018-09-19 14:51:37,774:INFO: [TRAIN] Step: 774 ; Loss: 23.820 ; Acc: 45.903
2018-09-19 14:51:37,918:INFO: [TRAIN] Step: 775 ; Loss: 18.973 ; Acc: 45.919
2018-09-19 14:51:38,049:INFO: [TRAIN] Step: 776 ; Loss: 21.347 ; Acc: 45.935
2018-09-19 14:51:38,182:INFO: [TRAIN] Step: 777 ; Loss: 18.450 ; Acc: 45.946
2018-09-19 14:51:38,339:INFO: [TRAIN] Step: 778 ; Loss: 24.985 ; Acc: 45.930
2018-09-19 14:51:38,473:INFO: [TRAIN] Step: 779 ; Loss: 31.323 ; Acc: 45.929
2018-09-19 14:51:38,605:INFO: [TRAIN] Step: 780 ; Loss: 16.167 ; Acc: 45.945
2018-09-19 14:51:38,730:INFO: [TRAIN] Step: 781 ; Loss: 28.417 ; Acc: 45.940
2018-09-19 14:51:38,856:INFO: [TRAIN] Step: 782 ; Loss: 23.938 ; Acc: 45.945
2018-09-19 14:51:38,986:INFO: [TRAIN] Step: 783 ; Loss: 27.657 ; Acc: 45.950
2018-09-19 14:51:39,114:INFO: [TRAIN] Step: 784 ; Loss: 24.110 ; Acc: 45.939
2018-09-19 14:51:39,239:INFO: [TRAIN] Step: 785 ; Loss: 23.890 ; Acc: 45.955
2018-09-19 14:51:39,367:INFO: [TRAIN] Step: 786 ; Loss: 29.453 ; Acc: 45.950
2018-09-19 14:51:39,501:INFO: [TRAIN] Step: 787 ; Loss: 28.615 ; Acc: 45.944
2018-09-19 14:51:39,628:INFO: [TRAIN] Step: 788 ; Loss: 22.179 ; Acc: 45.965
2018-09-19 14:51:39,755:INFO: [TRAIN] Step: 789 ; Loss: 22.896 ; Acc: 45.986
2018-09-19 14:51:39,884:INFO: [TRAIN] Step: 790 ; Loss: 21.097 ; Acc: 46.012
2018-09-19 14:51:40,015:INFO: [TRAIN] Step: 791 ; Loss: 23.556 ; Acc: 46.002
2018-09-19 14:51:40,141:INFO: [TRAIN] Step: 792 ; Loss: 18.875 ; Acc: 46.028
2018-09-19 14:51:40,274:INFO: [TRAIN] Step: 793 ; Loss: 24.100 ; Acc: 46.027
2018-09-19 14:51:40,409:INFO: [TRAIN] Step: 794 ; Loss: 21.148 ; Acc: 46.053
2018-09-19 14:51:40,545:INFO: [TRAIN] Step: 795 ; Loss: 19.093 ; Acc: 46.069
2018-09-19 14:51:40,679:INFO: [TRAIN] Step: 796 ; Loss: 24.059 ; Acc: 46.063
2018-09-19 14:51:40,817:INFO: [TRAIN] Step: 797 ; Loss: 25.351 ; Acc: 46.053
2018-09-19 14:51:40,950:INFO: [TRAIN] Step: 798 ; Loss: 22.908 ; Acc: 46.063
2018-09-19 14:51:41,085:INFO: [TRAIN] Step: 799 ; Loss: 19.952 ; Acc: 46.073
2018-09-19 14:51:41,223:INFO: [TRAIN] Step: 800 ; Loss: 26.643 ; Acc: 46.088
2018-09-19 14:51:41,355:INFO: [TRAIN] Step: 801 ; Loss: 27.979 ; Acc: 46.083
2018-09-19 14:51:41,485:INFO: [TRAIN] Step: 802 ; Loss: 24.338 ; Acc: 46.077
2018-09-19 14:51:41,615:INFO: [TRAIN] Step: 803 ; Loss: 25.349 ; Acc: 46.087
2018-09-19 14:51:41,749:INFO: [TRAIN] Step: 804 ; Loss: 19.327 ; Acc: 46.108
2018-09-19 14:51:41,886:INFO: [TRAIN] Step: 805 ; Loss: 27.041 ; Acc: 46.112
2018-09-19 14:51:42,018:INFO: [TRAIN] Step: 806 ; Loss: 20.397 ; Acc: 46.128
2018-09-19 14:51:42,153:INFO: [TRAIN] Step: 807 ; Loss: 26.164 ; Acc: 46.138
2018-09-19 14:51:42,289:INFO: [TRAIN] Step: 808 ; Loss: 24.813 ; Acc: 46.127
2018-09-19 14:51:42,420:INFO: [TRAIN] Step: 809 ; Loss: 28.765 ; Acc: 46.121
2018-09-19 14:51:42,555:INFO: [TRAIN] Step: 810 ; Loss: 24.174 ; Acc: 46.126
2018-09-19 14:51:42,689:INFO: [TRAIN] Step: 811 ; Loss: 28.745 ; Acc: 46.126
2018-09-19 14:51:42,821:INFO: [TRAIN] Step: 812 ; Loss: 21.252 ; Acc: 46.146
2018-09-19 14:51:42,951:INFO: [TRAIN] Step: 813 ; Loss: 21.187 ; Acc: 46.146
2018-09-19 14:51:43,085:INFO: [TRAIN] Step: 814 ; Loss: 24.598 ; Acc: 46.145
2018-09-19 14:51:43,218:INFO: [TRAIN] Step: 815 ; Loss: 21.040 ; Acc: 46.150
2018-09-19 14:51:43,354:INFO: [TRAIN] Step: 816 ; Loss: 23.903 ; Acc: 46.170
2018-09-19 14:51:43,490:INFO: [TRAIN] Step: 817 ; Loss: 20.836 ; Acc: 46.200
2018-09-19 14:51:43,619:INFO: [TRAIN] Step: 818 ; Loss: 24.354 ; Acc: 46.215
2018-09-19 14:51:43,747:INFO: [TRAIN] Step: 819 ; Loss: 22.590 ; Acc: 46.235
2018-09-19 14:51:43,879:INFO: [TRAIN] Step: 820 ; Loss: 19.797 ; Acc: 46.234
2018-09-19 14:51:44,011:INFO: [TRAIN] Step: 821 ; Loss: 17.540 ; Acc: 46.259
2018-09-19 14:51:44,144:INFO: [TRAIN] Step: 822 ; Loss: 20.527 ; Acc: 46.259
2018-09-19 14:51:44,274:INFO: [TRAIN] Step: 823 ; Loss: 23.967 ; Acc: 46.258
2018-09-19 14:51:44,404:INFO: [TRAIN] Step: 824 ; Loss: 16.678 ; Acc: 46.293
2018-09-19 14:51:44,534:INFO: [TRAIN] Step: 825 ; Loss: 24.241 ; Acc: 46.297
2018-09-19 14:51:44,659:INFO: [TRAIN] Step: 826 ; Loss: 22.310 ; Acc: 46.297
2018-09-19 14:51:44,787:INFO: [TRAIN] Step: 827 ; Loss: 25.064 ; Acc: 46.311
2018-09-19 14:51:44,912:INFO: [TRAIN] Step: 828 ; Loss: 23.825 ; Acc: 46.306
2018-09-19 14:51:45,043:INFO: [TRAIN] Step: 829 ; Loss: 24.169 ; Acc: 46.315
2018-09-19 14:51:45,170:INFO: [TRAIN] Step: 830 ; Loss: 22.738 ; Acc: 46.335
2018-09-19 14:51:45,303:INFO: [TRAIN] Step: 831 ; Loss: 19.856 ; Acc: 46.344
2018-09-19 14:51:45,440:INFO: [TRAIN] Step: 832 ; Loss: 26.435 ; Acc: 46.344
2018-09-19 14:51:45,566:INFO: [TRAIN] Step: 833 ; Loss: 23.984 ; Acc: 46.348
2018-09-19 14:51:45,694:INFO: [TRAIN] Step: 834 ; Loss: 20.495 ; Acc: 46.352
2018-09-19 14:51:45,822:INFO: [TRAIN] Step: 835 ; Loss: 23.988 ; Acc: 46.357
2018-09-19 14:51:45,946:INFO: [TRAIN] Step: 836 ; Loss: 20.473 ; Acc: 46.356
2018-09-19 14:51:46,074:INFO: [TRAIN] Step: 837 ; Loss: 23.100 ; Acc: 46.360
2018-09-19 14:51:46,206:INFO: [TRAIN] Step: 838 ; Loss: 21.129 ; Acc: 46.370
2018-09-19 14:51:46,331:INFO: [TRAIN] Step: 839 ; Loss: 20.793 ; Acc: 46.399
2018-09-19 14:51:46,459:INFO: [TRAIN] Step: 840 ; Loss: 25.730 ; Acc: 46.388
2018-09-19 14:51:46,586:INFO: [TRAIN] Step: 841 ; Loss: 21.680 ; Acc: 46.402
2018-09-19 14:51:46,708:INFO: [TRAIN] Step: 842 ; Loss: 19.384 ; Acc: 46.422
2018-09-19 14:51:46,836:INFO: [TRAIN] Step: 843 ; Loss: 27.399 ; Acc: 46.421
2018-09-19 14:51:46,960:INFO: [TRAIN] Step: 844 ; Loss: 28.850 ; Acc: 46.410
2018-09-19 14:51:47,083:INFO: [TRAIN] Step: 845 ; Loss: 19.458 ; Acc: 46.434
2018-09-19 14:51:47,208:INFO: [TRAIN] Step: 846 ; Loss: 23.944 ; Acc: 46.429
2018-09-19 14:51:47,332:INFO: [TRAIN] Step: 847 ; Loss: 28.774 ; Acc: 46.423
2018-09-19 14:51:47,451:INFO: [TRAIN] Step: 848 ; Loss: 23.192 ; Acc: 46.427
2018-09-19 14:51:47,576:INFO: [TRAIN] Step: 849 ; Loss: 21.107 ; Acc: 46.456
2018-09-19 14:51:47,704:INFO: [TRAIN] Step: 850 ; Loss: 17.905 ; Acc: 46.475
2018-09-19 14:51:47,828:INFO: [TRAIN] Step: 851 ; Loss: 19.352 ; Acc: 46.479
2018-09-19 14:51:47,944:INFO: [TRAIN] Step: 852 ; Loss: 24.641 ; Acc: 46.493
2018-09-19 14:51:48,060:INFO: [TRAIN] Step: 853 ; Loss: 20.294 ; Acc: 46.502
2018-09-19 14:51:48,178:INFO: [TRAIN] Step: 854 ; Loss: 20.030 ; Acc: 46.511
2018-09-19 14:51:48,335:INFO: [TRAIN] Step: 855 ; Loss: 20.553 ; Acc: 46.529
2018-09-19 14:51:48,456:INFO: [TRAIN] Step: 856 ; Loss: 18.201 ; Acc: 46.543
2018-09-19 14:51:48,579:INFO: [TRAIN] Step: 857 ; Loss: 23.395 ; Acc: 46.567
2018-09-19 14:51:48,692:INFO: [TRAIN] Step: 858 ; Loss: 24.451 ; Acc: 46.566
2018-09-19 14:51:48,806:INFO: [TRAIN] Step: 859 ; Loss: 24.492 ; Acc: 46.565
2018-09-19 14:51:48,918:INFO: [TRAIN] Step: 860 ; Loss: 20.658 ; Acc: 46.583
2018-09-19 14:51:49,032:INFO: [TRAIN] Step: 861 ; Loss: 20.488 ; Acc: 46.607
2018-09-19 14:51:49,147:INFO: [TRAIN] Step: 862 ; Loss: 23.740 ; Acc: 46.601
2018-09-19 14:51:49,264:INFO: [TRAIN] Step: 863 ; Loss: 21.992 ; Acc: 46.615
2018-09-19 14:51:49,379:INFO: [TRAIN] Step: 864 ; Loss: 23.460 ; Acc: 46.609
2018-09-19 14:51:49,488:INFO: [TRAIN] Step: 865 ; Loss: 25.044 ; Acc: 46.627
2018-09-19 14:51:49,601:INFO: [TRAIN] Step: 866 ; Loss: 22.640 ; Acc: 46.617
2018-09-19 14:51:49,713:INFO: [TRAIN] Step: 867 ; Loss: 20.349 ; Acc: 46.640
2018-09-19 14:51:49,826:INFO: [TRAIN] Step: 868 ; Loss: 24.396 ; Acc: 46.648
2018-09-19 14:51:49,936:INFO: [TRAIN] Step: 869 ; Loss: 21.460 ; Acc: 46.652
2018-09-19 14:51:50,048:INFO: [TRAIN] Step: 870 ; Loss: 21.948 ; Acc: 46.666
2018-09-19 14:51:50,158:INFO: [TRAIN] Step: 871 ; Loss: 18.959 ; Acc: 46.670
2018-09-19 14:51:50,265:INFO: [TRAIN] Step: 872 ; Loss: 22.899 ; Acc: 46.673
2018-09-19 14:51:50,373:INFO: [TRAIN] Step: 873 ; Loss: 20.391 ; Acc: 46.687
2018-09-19 14:51:50,481:INFO: [TRAIN] Step: 874 ; Loss: 27.854 ; Acc: 46.700
2018-09-19 14:51:50,593:INFO: [TRAIN] Step: 875 ; Loss: 20.392 ; Acc: 46.728
2018-09-19 14:51:50,709:INFO: [TRAIN] Step: 876 ; Loss: 22.358 ; Acc: 46.727
2018-09-19 14:51:50,830:INFO: [TRAIN] Step: 877 ; Loss: 17.498 ; Acc: 46.759
2018-09-19 14:51:50,945:INFO: [TRAIN] Step: 878 ; Loss: 24.833 ; Acc: 46.758
2018-09-19 14:51:51,062:INFO: [TRAIN] Step: 879 ; Loss: 20.962 ; Acc: 46.776
2018-09-19 14:51:51,176:INFO: [TRAIN] Step: 880 ; Loss: 18.891 ; Acc: 46.789
2018-09-19 14:51:51,293:INFO: [TRAIN] Step: 881 ; Loss: 27.413 ; Acc: 46.788
2018-09-19 14:51:51,409:INFO: [TRAIN] Step: 882 ; Loss: 24.347 ; Acc: 46.782
2018-09-19 14:51:51,522:INFO: [TRAIN] Step: 883 ; Loss: 31.601 ; Acc: 46.771
2018-09-19 14:51:51,638:INFO: [TRAIN] Step: 884 ; Loss: 23.588 ; Acc: 46.780
2018-09-19 14:51:51,753:INFO: [TRAIN] Step: 885 ; Loss: 21.079 ; Acc: 46.788
2018-09-19 14:51:51,870:INFO: [TRAIN] Step: 886 ; Loss: 16.647 ; Acc: 46.810
2018-09-19 14:51:51,983:INFO: [TRAIN] Step: 887 ; Loss: 21.672 ; Acc: 46.833
2018-09-19 14:51:52,099:INFO: [TRAIN] Step: 888 ; Loss: 20.229 ; Acc: 46.841
2018-09-19 14:51:52,213:INFO: [TRAIN] Step: 889 ; Loss: 23.065 ; Acc: 46.863
2018-09-19 14:51:52,327:INFO: [TRAIN] Step: 890 ; Loss: 20.856 ; Acc: 46.871
2018-09-19 14:51:52,442:INFO: [TRAIN] Step: 891 ; Loss: 30.781 ; Acc: 46.856
2018-09-19 14:51:52,566:INFO: [TRAIN] Step: 892 ; Loss: 19.576 ; Acc: 46.865
2018-09-19 14:51:52,676:INFO: [TRAIN] Step: 893 ; Loss: 23.251 ; Acc: 46.873
2018-09-19 14:51:52,786:INFO: [TRAIN] Step: 894 ; Loss: 21.080 ; Acc: 46.890
2018-09-19 14:51:52,892:INFO: [TRAIN] Step: 895 ; Loss: 20.065 ; Acc: 46.908
2018-09-19 14:51:52,999:INFO: [TRAIN] Step: 896 ; Loss: 21.420 ; Acc: 46.916
2018-09-19 14:51:53,110:INFO: [TRAIN] Step: 897 ; Loss: 17.263 ; Acc: 46.947
2018-09-19 14:51:53,217:INFO: [TRAIN] Step: 898 ; Loss: 22.226 ; Acc: 46.955
2018-09-19 14:51:53,321:INFO: [TRAIN] Step: 899 ; Loss: 24.499 ; Acc: 46.954
2018-09-19 14:51:53,428:INFO: [TRAIN] Step: 900 ; Loss: 27.920 ; Acc: 46.952
2018-09-19 14:51:53,536:INFO: [TRAIN] Step: 901 ; Loss: 20.862 ; Acc: 46.970
2018-09-19 14:51:53,653:INFO: [TRAIN] Step: 902 ; Loss: 20.148 ; Acc: 46.992
2018-09-19 14:51:53,775:INFO: [TRAIN] Step: 903 ; Loss: 22.300 ; Acc: 47.009
2018-09-19 14:51:53,882:INFO: [TRAIN] Step: 904 ; Loss: 25.851 ; Acc: 47.012
2018-09-19 14:51:53,997:INFO: [TRAIN] Step: 905 ; Loss: 28.661 ; Acc: 47.015
2018-09-19 14:51:54,112:INFO: [TRAIN] Step: 906 ; Loss: 27.410 ; Acc: 47.019
2018-09-19 14:51:54,226:INFO: [TRAIN] Step: 907 ; Loss: 20.626 ; Acc: 47.031
2018-09-19 14:51:54,336:INFO: [TRAIN] Step: 908 ; Loss: 19.685 ; Acc: 47.039
2018-09-19 14:51:54,445:INFO: [TRAIN] Step: 909 ; Loss: 20.620 ; Acc: 47.056
2018-09-19 14:51:54,557:INFO: [TRAIN] Step: 910 ; Loss: 20.122 ; Acc: 47.077
2018-09-19 14:51:54,664:INFO: [TRAIN] Step: 911 ; Loss: 21.009 ; Acc: 47.085
2018-09-19 14:51:54,770:INFO: [TRAIN] Step: 912 ; Loss: 21.816 ; Acc: 47.093
2018-09-19 14:51:54,882:INFO: [TRAIN] Step: 913 ; Loss: 19.986 ; Acc: 47.114
2018-09-19 14:51:54,996:INFO: [TRAIN] Step: 914 ; Loss: 24.988 ; Acc: 47.131
2018-09-19 14:51:55,109:INFO: [TRAIN] Step: 915 ; Loss: 20.222 ; Acc: 47.143
2018-09-19 14:51:55,216:INFO: [TRAIN] Step: 916 ; Loss: 21.135 ; Acc: 47.142
2018-09-19 14:51:55,324:INFO: [TRAIN] Step: 917 ; Loss: 18.573 ; Acc: 47.163
2018-09-19 14:51:55,428:INFO: [TRAIN] Step: 918 ; Loss: 23.371 ; Acc: 47.162
2018-09-19 14:51:55,537:INFO: [TRAIN] Step: 919 ; Loss: 20.637 ; Acc: 47.178
2018-09-19 14:51:55,649:INFO: [TRAIN] Step: 920 ; Loss: 21.996 ; Acc: 47.186
2018-09-19 14:51:55,775:INFO: [TRAIN] Step: 921 ; Loss: 26.607 ; Acc: 47.194
2018-09-19 14:51:55,893:INFO: [TRAIN] Step: 922 ; Loss: 20.158 ; Acc: 47.210
2018-09-19 14:51:56,006:INFO: [TRAIN] Step: 923 ; Loss: 19.556 ; Acc: 47.236
2018-09-19 14:51:56,113:INFO: [TRAIN] Step: 924 ; Loss: 28.267 ; Acc: 47.234
2018-09-19 14:51:56,226:INFO: [TRAIN] Step: 925 ; Loss: 21.100 ; Acc: 47.251
2018-09-19 14:51:56,343:INFO: [TRAIN] Step: 926 ; Loss: 21.425 ; Acc: 47.267
2018-09-19 14:51:56,456:INFO: [TRAIN] Step: 927 ; Loss: 21.531 ; Acc: 47.279
2018-09-19 14:51:56,569:INFO: [TRAIN] Step: 928 ; Loss: 24.517 ; Acc: 47.287
2018-09-19 14:51:56,684:INFO: [TRAIN] Step: 929 ; Loss: 27.615 ; Acc: 47.289
2018-09-19 14:51:56,800:INFO: [TRAIN] Step: 930 ; Loss: 22.516 ; Acc: 47.301
2018-09-19 14:51:56,903:INFO: [TRAIN] Step: 931 ; Loss: 27.179 ; Acc: 47.295
2018-09-19 14:51:57,014:INFO: [TRAIN] Step: 932 ; Loss: 20.250 ; Acc: 47.303
2018-09-19 14:51:57,131:INFO: [TRAIN] Step: 933 ; Loss: 18.351 ; Acc: 47.319
2018-09-19 14:51:57,247:INFO: [TRAIN] Step: 934 ; Loss: 20.553 ; Acc: 47.326
2018-09-19 14:51:57,360:INFO: [TRAIN] Step: 935 ; Loss: 22.445 ; Acc: 47.347
2018-09-19 14:51:57,479:INFO: [TRAIN] Step: 936 ; Loss: 24.538 ; Acc: 47.350
2018-09-19 14:51:57,592:INFO: [TRAIN] Step: 937 ; Loss: 25.647 ; Acc: 47.361
2018-09-19 14:51:57,713:INFO: [TRAIN] Step: 938 ; Loss: 27.044 ; Acc: 47.351
2018-09-19 14:51:57,827:INFO: [TRAIN] Step: 939 ; Loss: 24.446 ; Acc: 47.349
2018-09-19 14:51:57,942:INFO: [TRAIN] Step: 940 ; Loss: 25.773 ; Acc: 47.348
2018-09-19 14:51:58,048:INFO: [TRAIN] Step: 941 ; Loss: 23.665 ; Acc: 47.355
2018-09-19 14:51:58,151:INFO: [TRAIN] Step: 942 ; Loss: 21.343 ; Acc: 47.371
2018-09-19 14:51:58,260:INFO: [TRAIN] Step: 943 ; Loss: 22.976 ; Acc: 47.387
2018-09-19 14:51:58,366:INFO: [TRAIN] Step: 944 ; Loss: 23.276 ; Acc: 47.403
2018-09-19 14:51:58,474:INFO: [TRAIN] Step: 945 ; Loss: 25.601 ; Acc: 47.410
2018-09-19 14:51:58,578:INFO: [TRAIN] Step: 946 ; Loss: 26.925 ; Acc: 47.395
2018-09-19 14:51:58,681:INFO: [TRAIN] Step: 947 ; Loss: 24.401 ; Acc: 47.380
2018-09-19 14:51:58,786:INFO: [TRAIN] Step: 948 ; Loss: 22.273 ; Acc: 47.379
2018-09-19 14:51:58,893:INFO: [TRAIN] Step: 949 ; Loss: 20.715 ; Acc: 47.390
2018-09-19 14:51:59,011:INFO: [TRAIN] Step: 950 ; Loss: 20.809 ; Acc: 47.402
2018-09-19 14:51:59,125:INFO: [TRAIN] Step: 951 ; Loss: 24.371 ; Acc: 47.405
2018-09-19 14:51:59,231:INFO: [TRAIN] Step: 952 ; Loss: 24.927 ; Acc: 47.416
2018-09-19 14:51:59,339:INFO: [TRAIN] Step: 953 ; Loss: 24.251 ; Acc: 47.410
2018-09-19 14:51:59,456:INFO: [TRAIN] Step: 954 ; Loss: 22.760 ; Acc: 47.417
2018-09-19 14:51:59,571:INFO: [TRAIN] Step: 955 ; Loss: 25.927 ; Acc: 47.415
2018-09-19 14:51:59,685:INFO: [TRAIN] Step: 956 ; Loss: 19.785 ; Acc: 47.427
2018-09-19 14:51:59,793:INFO: [TRAIN] Step: 957 ; Loss: 18.671 ; Acc: 47.456
2018-09-19 14:51:59,906:INFO: [TRAIN] Step: 958 ; Loss: 23.539 ; Acc: 47.445
2018-09-19 14:52:00,037:INFO: [TRAIN] Step: 959 ; Loss: 26.688 ; Acc: 47.435
2018-09-19 14:52:00,162:INFO: [TRAIN] Step: 960 ; Loss: 24.251 ; Acc: 47.442
2018-09-19 14:52:00,289:INFO: [TRAIN] Step: 961 ; Loss: 22.624 ; Acc: 47.453
2018-09-19 14:52:00,416:INFO: [TRAIN] Step: 962 ; Loss: 18.437 ; Acc: 47.469
2018-09-19 14:52:00,549:INFO: [TRAIN] Step: 963 ; Loss: 17.877 ; Acc: 47.502
2018-09-19 14:52:00,660:INFO: [TRAIN] Step: 964 ; Loss: 19.678 ; Acc: 47.513
2018-09-19 14:52:00,771:INFO: [TRAIN] Step: 965 ; Loss: 23.424 ; Acc: 47.516
2018-09-19 14:52:00,890:INFO: [TRAIN] Step: 966 ; Loss: 23.877 ; Acc: 47.518
2018-09-19 14:52:01,013:INFO: [TRAIN] Step: 967 ; Loss: 16.076 ; Acc: 47.538
2018-09-19 14:52:01,130:INFO: [TRAIN] Step: 968 ; Loss: 25.746 ; Acc: 47.545
2018-09-19 14:52:01,248:INFO: [TRAIN] Step: 969 ; Loss: 23.293 ; Acc: 47.552
2018-09-19 14:52:01,373:INFO: [TRAIN] Step: 970 ; Loss: 21.391 ; Acc: 47.571
2018-09-19 14:52:01,486:INFO: [TRAIN] Step: 971 ; Loss: 22.592 ; Acc: 47.582
2018-09-19 14:52:01,607:INFO: [TRAIN] Step: 972 ; Loss: 25.520 ; Acc: 47.593
2018-09-19 14:52:01,726:INFO: [TRAIN] Step: 973 ; Loss: 22.823 ; Acc: 47.604
2018-09-19 14:52:01,844:INFO: [TRAIN] Step: 974 ; Loss: 24.823 ; Acc: 47.590
2018-09-19 14:52:01,962:INFO: [TRAIN] Step: 975 ; Loss: 18.582 ; Acc: 47.614
2018-09-19 14:52:02,079:INFO: [TRAIN] Step: 976 ; Loss: 27.888 ; Acc: 47.603
2018-09-19 14:52:02,198:INFO: [TRAIN] Step: 977 ; Loss: 18.435 ; Acc: 47.631
2018-09-19 14:52:02,310:INFO: [TRAIN] Step: 978 ; Loss: 15.829 ; Acc: 47.655
2018-09-19 14:52:02,418:INFO: [TRAIN] Step: 979 ; Loss: 25.259 ; Acc: 47.645
2018-09-19 14:52:02,534:INFO: [TRAIN] Step: 980 ; Loss: 20.268 ; Acc: 47.660
2018-09-19 14:52:02,647:INFO: [TRAIN] Step: 981 ; Loss: 23.742 ; Acc: 47.662
2018-09-19 14:52:02,756:INFO: [TRAIN] Step: 982 ; Loss: 25.436 ; Acc: 47.643
2018-09-19 14:52:02,908:INFO: [TRAIN] Step: 983 ; Loss: 24.729 ; Acc: 47.641
2018-09-19 14:52:03,072:INFO: [TRAIN] Step: 984 ; Loss: 19.438 ; Acc: 47.661
2018-09-19 14:52:03,212:INFO: [TRAIN] Step: 985 ; Loss: 23.677 ; Acc: 47.663
2018-09-19 14:52:03,344:INFO: [TRAIN] Step: 986 ; Loss: 18.543 ; Acc: 47.682
2018-09-19 14:52:03,519:INFO: [TRAIN] Step: 987 ; Loss: 25.332 ; Acc: 47.685
2018-09-19 14:52:03,681:INFO: [TRAIN] Step: 988 ; Loss: 20.951 ; Acc: 47.695
2018-09-19 14:52:03,847:INFO: [TRAIN] Step: 989 ; Loss: 21.443 ; Acc: 47.706
2018-09-19 14:52:04,125:INFO: [TRAIN] Step: 990 ; Loss: 16.067 ; Acc: 47.734
2018-09-19 14:52:04,274:INFO: [TRAIN] Step: 991 ; Loss: 24.464 ; Acc: 47.749
2018-09-19 14:52:04,432:INFO: [TRAIN] Step: 992 ; Loss: 27.892 ; Acc: 47.734
2018-09-19 14:52:04,547:INFO: [TRAIN] Step: 993 ; Loss: 30.620 ; Acc: 47.720
2018-09-19 14:52:04,681:INFO: [TRAIN] Step: 994 ; Loss: 19.599 ; Acc: 47.730
2018-09-19 14:52:04,808:INFO: [TRAIN] Step: 995 ; Loss: 27.204 ; Acc: 47.724
2018-09-19 14:52:04,921:INFO: [TRAIN] Step: 996 ; Loss: 27.400 ; Acc: 47.727
2018-09-19 14:52:05,030:INFO: [TRAIN] Step: 997 ; Loss: 20.566 ; Acc: 47.725
2018-09-19 14:52:05,141:INFO: [TRAIN] Step: 998 ; Loss: 24.646 ; Acc: 47.731
2018-09-19 14:52:05,253:INFO: [TRAIN] Step: 999 ; Loss: 19.145 ; Acc: 47.725
2018-09-19 14:52:05,499:INFO: [TRAIN] Step: 1000 ; Loss: 24.502 ; Acc: 47.727
2018-09-19 14:52:05,634:INFO: [TRAIN] Step: 1001 ; Loss: 23.709 ; Acc: 47.734
2018-09-19 14:52:05,799:INFO: [TRAIN] Step: 1002 ; Loss: 21.396 ; Acc: 47.744
2018-09-19 14:52:05,975:INFO: [TRAIN] Step: 1003 ; Loss: 20.236 ; Acc: 47.747
2018-09-19 14:52:06,137:INFO: [TRAIN] Step: 1004 ; Loss: 24.358 ; Acc: 47.745
2018-09-19 14:52:06,277:INFO: [TRAIN] Step: 1005 ; Loss: 25.097 ; Acc: 47.718
2018-09-19 14:52:06,395:INFO: [TRAIN] Step: 1006 ; Loss: 24.647 ; Acc: 47.724
2018-09-19 14:52:06,512:INFO: [TRAIN] Step: 1007 ; Loss: 24.810 ; Acc: 47.722
2018-09-19 14:52:06,620:INFO: [TRAIN] Step: 1008 ; Loss: 24.647 ; Acc: 47.733
2018-09-19 14:52:06,731:INFO: [TRAIN] Step: 1009 ; Loss: 25.102 ; Acc: 47.723
2018-09-19 14:52:06,850:INFO: [TRAIN] Step: 1010 ; Loss: 22.239 ; Acc: 47.742
2018-09-19 14:52:06,969:INFO: [TRAIN] Step: 1011 ; Loss: 22.817 ; Acc: 47.740
2018-09-19 14:52:07,079:INFO: [TRAIN] Step: 1012 ; Loss: 20.801 ; Acc: 47.762
2018-09-19 14:52:07,190:INFO: [TRAIN] Step: 1013 ; Loss: 22.534 ; Acc: 47.773
2018-09-19 14:52:07,313:INFO: [TRAIN] Step: 1014 ; Loss: 27.461 ; Acc: 47.779
2018-09-19 14:52:07,435:INFO: [TRAIN] Step: 1015 ; Loss: 20.006 ; Acc: 47.781
2018-09-19 14:52:07,552:INFO: [TRAIN] Step: 1016 ; Loss: 21.397 ; Acc: 47.779
2018-09-19 14:52:07,668:INFO: [TRAIN] Step: 1017 ; Loss: 26.025 ; Acc: 47.773
2018-09-19 14:52:07,784:INFO: [TRAIN] Step: 1018 ; Loss: 20.510 ; Acc: 47.780
2018-09-19 14:52:07,915:INFO: [TRAIN] Step: 1019 ; Loss: 17.678 ; Acc: 47.806
2018-09-19 14:52:08,026:INFO: [TRAIN] Step: 1020 ; Loss: 24.134 ; Acc: 47.804
2018-09-19 14:52:08,132:INFO: [TRAIN] Step: 1021 ; Loss: 21.387 ; Acc: 47.819
2018-09-19 14:52:08,242:INFO: [TRAIN] Step: 1022 ; Loss: 21.046 ; Acc: 47.817
2018-09-19 14:52:08,351:INFO: [TRAIN] Step: 1023 ; Loss: 22.376 ; Acc: 47.827
2018-09-19 14:52:08,463:INFO: [TRAIN] Step: 1024 ; Loss: 18.052 ; Acc: 47.846
2018-09-19 14:52:08,576:INFO: [TRAIN] Step: 1025 ; Loss: 23.331 ; Acc: 47.848
2018-09-19 14:52:08,691:INFO: [TRAIN] Step: 1026 ; Loss: 23.201 ; Acc: 47.842
2018-09-19 14:52:08,800:INFO: [TRAIN] Step: 1027 ; Loss: 22.280 ; Acc: 47.860
2018-09-19 14:52:08,907:INFO: [TRAIN] Step: 1028 ; Loss: 22.005 ; Acc: 47.870
2018-09-19 14:52:09,029:INFO: [TRAIN] Step: 1029 ; Loss: 23.796 ; Acc: 47.872
2018-09-19 14:52:09,142:INFO: [TRAIN] Step: 1030 ; Loss: 20.527 ; Acc: 47.878
2018-09-19 14:52:09,260:INFO: [TRAIN] Step: 1031 ; Loss: 23.892 ; Acc: 47.896
2018-09-19 14:52:09,369:INFO: [TRAIN] Step: 1032 ; Loss: 20.458 ; Acc: 47.907
2018-09-19 14:52:09,491:INFO: [TRAIN] Step: 1033 ; Loss: 22.399 ; Acc: 47.905
2018-09-19 14:52:09,596:INFO: [TRAIN] Step: 1034 ; Loss: 27.024 ; Acc: 47.907
2018-09-19 14:52:09,701:INFO: [TRAIN] Step: 1035 ; Loss: 18.362 ; Acc: 47.925
2018-09-19 14:52:09,812:INFO: [TRAIN] Step: 1036 ; Loss: 17.081 ; Acc: 47.943
2018-09-19 14:52:09,921:INFO: [TRAIN] Step: 1037 ; Loss: 18.367 ; Acc: 47.965
2018-09-19 14:52:10,028:INFO: [TRAIN] Step: 1038 ; Loss: 19.840 ; Acc: 47.983
2018-09-19 14:52:10,135:INFO: [TRAIN] Step: 1039 ; Loss: 17.773 ; Acc: 48.001
2018-09-19 14:52:10,250:INFO: [TRAIN] Step: 1040 ; Loss: 21.545 ; Acc: 48.019
2018-09-19 14:52:10,365:INFO: [TRAIN] Step: 1041 ; Loss: 23.922 ; Acc: 48.033
2018-09-19 14:52:10,480:INFO: [TRAIN] Step: 1042 ; Loss: 23.120 ; Acc: 48.039
2018-09-19 14:52:10,593:INFO: [TRAIN] Step: 1043 ; Loss: 22.602 ; Acc: 48.040
2018-09-19 14:52:10,699:INFO: [TRAIN] Step: 1044 ; Loss: 22.111 ; Acc: 48.046
2018-09-19 14:52:10,808:INFO: [TRAIN] Step: 1045 ; Loss: 21.752 ; Acc: 48.056
2018-09-19 14:52:10,915:INFO: [TRAIN] Step: 1046 ; Loss: 29.129 ; Acc: 48.034
2018-09-19 14:52:11,022:INFO: [TRAIN] Step: 1047 ; Loss: 26.303 ; Acc: 48.036
2018-09-19 14:52:11,126:INFO: [TRAIN] Step: 1048 ; Loss: 20.388 ; Acc: 48.050
2018-09-19 14:52:11,236:INFO: [TRAIN] Step: 1049 ; Loss: 24.559 ; Acc: 48.052
2018-09-19 14:52:11,349:INFO: [TRAIN] Step: 1050 ; Loss: 21.155 ; Acc: 48.057
2018-09-19 14:52:11,463:INFO: [TRAIN] Step: 1051 ; Loss: 22.071 ; Acc: 48.071
2018-09-19 14:52:11,567:INFO: [TRAIN] Step: 1052 ; Loss: 19.168 ; Acc: 48.089
2018-09-19 14:52:11,675:INFO: [TRAIN] Step: 1053 ; Loss: 21.378 ; Acc: 48.102
2018-09-19 14:52:11,781:INFO: [TRAIN] Step: 1054 ; Loss: 19.304 ; Acc: 48.112
2018-09-19 14:52:11,887:INFO: [TRAIN] Step: 1055 ; Loss: 24.827 ; Acc: 48.110
2018-09-19 14:52:11,994:INFO: [TRAIN] Step: 1056 ; Loss: 21.727 ; Acc: 48.112
2018-09-19 14:52:12,100:INFO: [TRAIN] Step: 1057 ; Loss: 23.249 ; Acc: 48.121
2018-09-19 14:52:12,207:INFO: [TRAIN] Step: 1058 ; Loss: 22.581 ; Acc: 48.139
2018-09-19 14:52:12,313:INFO: [TRAIN] Step: 1059 ; Loss: 20.864 ; Acc: 48.145
2018-09-19 14:52:12,419:INFO: [TRAIN] Step: 1060 ; Loss: 18.042 ; Acc: 48.170
2018-09-19 14:52:12,527:INFO: [TRAIN] Step: 1061 ; Loss: 25.483 ; Acc: 48.152
2018-09-19 14:52:12,633:INFO: [TRAIN] Step: 1062 ; Loss: 31.788 ; Acc: 48.146
2018-09-19 14:52:12,737:INFO: [TRAIN] Step: 1063 ; Loss: 22.192 ; Acc: 48.144
2018-09-19 14:52:12,851:INFO: [TRAIN] Step: 1064 ; Loss: 22.460 ; Acc: 48.149
2018-09-19 14:52:12,962:INFO: [TRAIN] Step: 1065 ; Loss: 19.314 ; Acc: 48.155
2018-09-19 14:52:13,067:INFO: [TRAIN] Step: 1066 ; Loss: 23.961 ; Acc: 48.165
2018-09-19 14:52:13,175:INFO: [TRAIN] Step: 1067 ; Loss: 22.482 ; Acc: 48.178
2018-09-19 14:52:13,280:INFO: [TRAIN] Step: 1068 ; Loss: 18.762 ; Acc: 48.184
2018-09-19 14:52:13,386:INFO: [TRAIN] Step: 1069 ; Loss: 25.614 ; Acc: 48.174
2018-09-19 14:52:13,491:INFO: [TRAIN] Step: 1070 ; Loss: 25.321 ; Acc: 48.171
2018-09-19 14:52:13,599:INFO: [TRAIN] Step: 1071 ; Loss: 21.151 ; Acc: 48.173
2018-09-19 14:52:13,706:INFO: [TRAIN] Step: 1072 ; Loss: 20.211 ; Acc: 48.187
2018-09-19 14:52:13,813:INFO: [TRAIN] Step: 1073 ; Loss: 21.015 ; Acc: 48.184
2018-09-19 14:52:13,924:INFO: [TRAIN] Step: 1074 ; Loss: 21.008 ; Acc: 48.194
2018-09-19 14:52:14,034:INFO: [TRAIN] Step: 1075 ; Loss: 25.464 ; Acc: 48.188
2018-09-19 14:52:14,143:INFO: [TRAIN] Step: 1076 ; Loss: 19.508 ; Acc: 48.201
2018-09-19 14:52:14,252:INFO: [TRAIN] Step: 1077 ; Loss: 22.742 ; Acc: 48.191
2018-09-19 14:52:14,361:INFO: [TRAIN] Step: 1078 ; Loss: 23.686 ; Acc: 48.200
2018-09-19 14:52:14,472:INFO: [TRAIN] Step: 1079 ; Loss: 18.438 ; Acc: 48.206
2018-09-19 14:52:14,579:INFO: [TRAIN] Step: 1080 ; Loss: 24.183 ; Acc: 48.208
2018-09-19 14:52:14,685:INFO: [TRAIN] Step: 1081 ; Loss: 21.803 ; Acc: 48.198
2018-09-19 14:52:14,796:INFO: [TRAIN] Step: 1082 ; Loss: 20.507 ; Acc: 48.215
2018-09-19 14:52:14,904:INFO: [TRAIN] Step: 1083 ; Loss: 22.671 ; Acc: 48.220
2018-09-19 14:52:15,010:INFO: [TRAIN] Step: 1084 ; Loss: 27.795 ; Acc: 48.203
2018-09-19 14:52:15,115:INFO: [TRAIN] Step: 1085 ; Loss: 23.905 ; Acc: 48.197
2018-09-19 14:52:15,219:INFO: [TRAIN] Step: 1086 ; Loss: 27.493 ; Acc: 48.198
2018-09-19 14:52:15,324:INFO: [TRAIN] Step: 1087 ; Loss: 22.882 ; Acc: 48.208
2018-09-19 14:52:15,430:INFO: [TRAIN] Step: 1088 ; Loss: 22.237 ; Acc: 48.206
2018-09-19 14:52:15,537:INFO: [TRAIN] Step: 1089 ; Loss: 24.850 ; Acc: 48.192
2018-09-19 14:52:15,643:INFO: [TRAIN] Step: 1090 ; Loss: 29.986 ; Acc: 48.186
2018-09-19 14:52:15,746:INFO: [TRAIN] Step: 1091 ; Loss: 20.309 ; Acc: 48.191
2018-09-19 14:52:15,851:INFO: [TRAIN] Step: 1092 ; Loss: 24.509 ; Acc: 48.197
2018-09-19 14:52:15,957:INFO: [TRAIN] Step: 1093 ; Loss: 21.107 ; Acc: 48.206
2018-09-19 14:52:16,063:INFO: [TRAIN] Step: 1094 ; Loss: 18.823 ; Acc: 48.227
2018-09-19 14:52:16,168:INFO: [TRAIN] Step: 1095 ; Loss: 20.483 ; Acc: 48.228
2018-09-19 14:52:16,274:INFO: [TRAIN] Step: 1096 ; Loss: 24.705 ; Acc: 48.234
2018-09-19 14:52:16,379:INFO: [TRAIN] Step: 1097 ; Loss: 25.874 ; Acc: 48.235
2018-09-19 14:52:16,487:INFO: [TRAIN] Step: 1098 ; Loss: 21.955 ; Acc: 48.252
2018-09-19 14:52:16,595:INFO: [TRAIN] Step: 1099 ; Loss: 19.942 ; Acc: 48.254
2018-09-19 14:52:16,703:INFO: [TRAIN] Step: 1100 ; Loss: 22.061 ; Acc: 48.271
2018-09-19 14:52:16,810:INFO: [TRAIN] Step: 1101 ; Loss: 28.075 ; Acc: 48.265
2018-09-19 14:52:16,914:INFO: [TRAIN] Step: 1102 ; Loss: 20.762 ; Acc: 48.285
2018-09-19 14:52:17,024:INFO: [TRAIN] Step: 1103 ; Loss: 22.732 ; Acc: 48.287
2018-09-19 14:52:17,130:INFO: [TRAIN] Step: 1104 ; Loss: 22.875 ; Acc: 48.277
2018-09-19 14:52:17,238:INFO: [TRAIN] Step: 1105 ; Loss: 22.162 ; Acc: 48.271
2018-09-19 14:52:17,343:INFO: [TRAIN] Step: 1106 ; Loss: 24.088 ; Acc: 48.272
2018-09-19 14:52:17,449:INFO: [TRAIN] Step: 1107 ; Loss: 25.432 ; Acc: 48.274
2018-09-19 14:52:17,558:INFO: [TRAIN] Step: 1108 ; Loss: 23.574 ; Acc: 48.275
2018-09-19 14:52:17,672:INFO: [TRAIN] Step: 1109 ; Loss: 27.102 ; Acc: 48.266
2018-09-19 14:52:17,783:INFO: [TRAIN] Step: 1110 ; Loss: 20.222 ; Acc: 48.279
2018-09-19 14:52:17,887:INFO: [TRAIN] Step: 1111 ; Loss: 24.177 ; Acc: 48.280
2018-09-19 14:52:17,995:INFO: [TRAIN] Step: 1112 ; Loss: 23.255 ; Acc: 48.282
2018-09-19 14:52:18,102:INFO: [TRAIN] Step: 1113 ; Loss: 27.724 ; Acc: 48.261
2018-09-19 14:52:18,208:INFO: [TRAIN] Step: 1114 ; Loss: 23.704 ; Acc: 48.255
2018-09-19 14:52:18,317:INFO: [TRAIN] Step: 1115 ; Loss: 21.121 ; Acc: 48.260
2018-09-19 14:52:18,425:INFO: [TRAIN] Step: 1116 ; Loss: 22.493 ; Acc: 48.265
2018-09-19 14:52:18,537:INFO: [TRAIN] Step: 1117 ; Loss: 18.992 ; Acc: 48.289
2018-09-19 14:52:18,646:INFO: [TRAIN] Step: 1118 ; Loss: 19.132 ; Acc: 48.298
2018-09-19 14:52:18,759:INFO: [TRAIN] Step: 1119 ; Loss: 19.090 ; Acc: 48.307
2018-09-19 14:52:18,867:INFO: [TRAIN] Step: 1120 ; Loss: 22.167 ; Acc: 48.313
2018-09-19 14:52:18,976:INFO: [TRAIN] Step: 1121 ; Loss: 24.423 ; Acc: 48.314
2018-09-19 14:52:19,084:INFO: [TRAIN] Step: 1122 ; Loss: 22.406 ; Acc: 48.316
2018-09-19 14:52:19,196:INFO: [TRAIN] Step: 1123 ; Loss: 24.159 ; Acc: 48.313
2018-09-19 14:52:19,301:INFO: [TRAIN] Step: 1124 ; Loss: 22.198 ; Acc: 48.326
2018-09-19 14:52:19,408:INFO: [TRAIN] Step: 1125 ; Loss: 27.954 ; Acc: 48.313
2018-09-19 14:52:19,514:INFO: [TRAIN] Step: 1126 ; Loss: 24.924 ; Acc: 48.310
2018-09-19 14:52:19,623:INFO: [TRAIN] Step: 1127 ; Loss: 28.077 ; Acc: 48.305
2018-09-19 14:52:19,732:INFO: [TRAIN] Step: 1128 ; Loss: 25.925 ; Acc: 48.295
2018-09-19 14:52:19,836:INFO: [TRAIN] Step: 1129 ; Loss: 21.428 ; Acc: 48.300
2018-09-19 14:52:19,947:INFO: [TRAIN] Step: 1130 ; Loss: 24.600 ; Acc: 48.309
2018-09-19 14:52:20,059:INFO: [TRAIN] Step: 1131 ; Loss: 28.580 ; Acc: 48.311
2018-09-19 14:52:20,166:INFO: [TRAIN] Step: 1132 ; Loss: 23.435 ; Acc: 48.312
2018-09-19 14:52:20,269:INFO: [TRAIN] Step: 1133 ; Loss: 20.916 ; Acc: 48.310
2018-09-19 14:52:20,374:INFO: [TRAIN] Step: 1134 ; Loss: 23.788 ; Acc: 48.319
2018-09-19 14:52:20,480:INFO: [TRAIN] Step: 1135 ; Loss: 23.362 ; Acc: 48.327
2018-09-19 14:52:20,588:INFO: [TRAIN] Step: 1136 ; Loss: 22.870 ; Acc: 48.333
2018-09-19 14:52:20,693:INFO: [TRAIN] Step: 1137 ; Loss: 23.122 ; Acc: 48.345
2018-09-19 14:52:20,799:INFO: [TRAIN] Step: 1138 ; Loss: 22.191 ; Acc: 48.354
2018-09-19 14:52:20,902:INFO: [TRAIN] Step: 1139 ; Loss: 24.629 ; Acc: 48.337
2018-09-19 14:52:21,012:INFO: [TRAIN] Step: 1140 ; Loss: 26.577 ; Acc: 48.335
2018-09-19 14:52:21,118:INFO: [TRAIN] Step: 1141 ; Loss: 27.548 ; Acc: 48.336
2018-09-19 14:52:21,229:INFO: [TRAIN] Step: 1142 ; Loss: 23.251 ; Acc: 48.319
2018-09-19 14:52:21,338:INFO: [TRAIN] Step: 1143 ; Loss: 23.211 ; Acc: 48.314
2018-09-19 14:52:21,447:INFO: [TRAIN] Step: 1144 ; Loss: 25.148 ; Acc: 48.308
2018-09-19 14:52:21,556:INFO: [TRAIN] Step: 1145 ; Loss: 21.385 ; Acc: 48.324
2018-09-19 14:52:21,669:INFO: [TRAIN] Step: 1146 ; Loss: 25.864 ; Acc: 48.322
2018-09-19 14:52:21,774:INFO: [TRAIN] Step: 1147 ; Loss: 25.844 ; Acc: 48.320
2018-09-19 14:52:21,887:INFO: [TRAIN] Step: 1148 ; Loss: 25.951 ; Acc: 48.325
2018-09-19 14:52:22,000:INFO: [TRAIN] Step: 1149 ; Loss: 19.875 ; Acc: 48.337
2018-09-19 14:52:22,106:INFO: [TRAIN] Step: 1150 ; Loss: 23.600 ; Acc: 48.342
2018-09-19 14:52:22,216:INFO: [TRAIN] Step: 1151 ; Loss: 21.289 ; Acc: 48.340
2018-09-19 14:52:22,322:INFO: [TRAIN] Step: 1152 ; Loss: 24.645 ; Acc: 48.338
2018-09-19 14:52:22,429:INFO: [TRAIN] Step: 1153 ; Loss: 20.322 ; Acc: 48.346
2018-09-19 14:52:22,537:INFO: [TRAIN] Step: 1154 ; Loss: 21.128 ; Acc: 48.348
2018-09-19 14:52:22,645:INFO: [TRAIN] Step: 1155 ; Loss: 17.842 ; Acc: 48.367
2018-09-19 14:52:22,760:INFO: [TRAIN] Step: 1156 ; Loss: 23.060 ; Acc: 48.361
2018-09-19 14:52:22,889:INFO: [TRAIN] Step: 1157 ; Loss: 19.767 ; Acc: 48.366
2018-09-19 14:52:23,003:INFO: [TRAIN] Step: 1158 ; Loss: 24.736 ; Acc: 48.353
2018-09-19 14:52:23,123:INFO: [TRAIN] Step: 1159 ; Loss: 23.482 ; Acc: 48.355
2018-09-19 14:52:23,265:INFO: [TRAIN] Step: 1160 ; Loss: 25.716 ; Acc: 48.360
2018-09-19 14:52:23,395:INFO: [TRAIN] Step: 1161 ; Loss: 23.045 ; Acc: 48.361
2018-09-19 14:52:23,499:INFO: [TRAIN] Step: 1162 ; Loss: 24.765 ; Acc: 48.359
2018-09-19 14:52:23,606:INFO: [TRAIN] Step: 1163 ; Loss: 21.708 ; Acc: 48.368
2018-09-19 14:52:23,717:INFO: [TRAIN] Step: 1164 ; Loss: 24.756 ; Acc: 48.366
2018-09-19 14:52:23,827:INFO: [TRAIN] Step: 1165 ; Loss: 27.612 ; Acc: 48.363
2018-09-19 14:52:23,936:INFO: [TRAIN] Step: 1166 ; Loss: 23.802 ; Acc: 48.361
2018-09-19 14:52:24,048:INFO: [TRAIN] Step: 1167 ; Loss: 23.486 ; Acc: 48.359
2018-09-19 14:52:24,158:INFO: [TRAIN] Step: 1168 ; Loss: 16.048 ; Acc: 48.378
2018-09-19 14:52:24,266:INFO: [TRAIN] Step: 1169 ; Loss: 21.189 ; Acc: 48.380
2018-09-19 14:52:24,372:INFO: [TRAIN] Step: 1170 ; Loss: 22.368 ; Acc: 48.381
2018-09-19 14:52:24,477:INFO: [TRAIN] Step: 1171 ; Loss: 24.212 ; Acc: 48.390
2018-09-19 14:52:24,585:INFO: [TRAIN] Step: 1172 ; Loss: 20.087 ; Acc: 48.391
2018-09-19 14:52:24,691:INFO: [TRAIN] Step: 1173 ; Loss: 19.856 ; Acc: 48.392
2018-09-19 14:52:24,799:INFO: [TRAIN] Step: 1174 ; Loss: 23.102 ; Acc: 48.397
2018-09-19 14:52:24,905:INFO: [TRAIN] Step: 1175 ; Loss: 19.803 ; Acc: 48.406
2018-09-19 14:52:25,009:INFO: [TRAIN] Step: 1176 ; Loss: 21.166 ; Acc: 48.421
2018-09-19 14:52:25,117:INFO: [TRAIN] Step: 1177 ; Loss: 21.363 ; Acc: 48.430
2018-09-19 14:52:25,222:INFO: [TRAIN] Step: 1178 ; Loss: 25.253 ; Acc: 48.420
2018-09-19 14:52:25,327:INFO: [TRAIN] Step: 1179 ; Loss: 25.292 ; Acc: 48.418
2018-09-19 14:52:25,433:INFO: [TRAIN] Step: 1180 ; Loss: 21.509 ; Acc: 48.426
2018-09-19 14:52:25,539:INFO: [TRAIN] Step: 1181 ; Loss: 18.895 ; Acc: 48.438
2018-09-19 14:52:25,646:INFO: [TRAIN] Step: 1182 ; Loss: 21.085 ; Acc: 48.450
2018-09-19 14:52:25,753:INFO: [TRAIN] Step: 1183 ; Loss: 24.306 ; Acc: 48.452
2018-09-19 14:52:25,857:INFO: [TRAIN] Step: 1184 ; Loss: 21.546 ; Acc: 48.470
2018-09-19 14:52:25,960:INFO: [TRAIN] Step: 1185 ; Loss: 20.144 ; Acc: 48.489
2018-09-19 14:52:26,063:INFO: [TRAIN] Step: 1186 ; Loss: 23.182 ; Acc: 48.484
2018-09-19 14:52:26,166:INFO: [TRAIN] Step: 1187 ; Loss: 20.464 ; Acc: 48.495
2018-09-19 14:52:26,273:INFO: [TRAIN] Step: 1188 ; Loss: 17.073 ; Acc: 48.507
2018-09-19 14:52:26,381:INFO: [TRAIN] Step: 1189 ; Loss: 21.582 ; Acc: 48.512
2018-09-19 14:52:31,602:INFO: [EVAL] Step: 1190 ; Loss: 0.226 ; Acc: 0.565
