2018-09-19 15:29:09,379:INFO: ### Model ###
LeNet5(
  (convnet): Sequential(
    (0): Conv2d(1, 6, kernel_size=(5, 5), stride=(1, 1))
    (1): ReLU()
    (2): MaxPool2d(kernel_size=(2, 2), stride=2, padding=0, dilation=1, ceil_mode=False)
    (3): Conv2d(6, 16, kernel_size=(5, 5), stride=(1, 1))
    (4): ReLU()
    (5): MaxPool2d(kernel_size=(2, 2), stride=2, padding=0, dilation=1, ceil_mode=False)
    (6): Conv2d(16, 120, kernel_size=(5, 5), stride=(1, 1))
    (7): ReLU()
    (8): Conv2d(120, 240, kernel_size=(5, 5), stride=(1, 1))
    (9): ReLU()
  )
  (fc): Sequential(
    (0): Linear(in_features=240, out_features=84, bias=True)
    (1): ReLU()
    (2): Linear(in_features=84, out_features=10, bias=True)
  )
)
2018-09-19 15:29:09,380:INFO: ### Optimizer ###
Adam (
Parameter Group 0
    amsgrad: False
    betas: (0.9, 0.999)
    eps: 1e-08
    lr: 0.0001
    weight_decay: 0
)
2018-09-19 15:29:09,380:INFO: ### HParams ###
n_epochs: 1 ; data: ferplus ; label: ferplus_votes ; batch_size: 24 ; lr: 0.0001 ; wd: 0 ; init: kaiming_he ; eval_steps: 1190
2018-09-19 15:29:09,579:INFO: [TRAIN] Step: 0 ; Loss: 62.055 ; Acc: 0.000
2018-09-19 15:29:09,656:INFO: [TRAIN] Step: 1 ; Loss: 56.336 ; Acc: 0.000
2018-09-19 15:29:09,738:INFO: [TRAIN] Step: 2 ; Loss: 44.100 ; Acc: 4.167
2018-09-19 15:29:09,834:INFO: [TRAIN] Step: 3 ; Loss: 41.555 ; Acc: 9.375
2018-09-19 15:29:09,914:INFO: [TRAIN] Step: 4 ; Loss: 40.825 ; Acc: 14.167
2018-09-19 15:29:10,008:INFO: [TRAIN] Step: 5 ; Loss: 40.078 ; Acc: 16.667
2018-09-19 15:29:10,086:INFO: [TRAIN] Step: 6 ; Loss: 34.958 ; Acc: 17.857
2018-09-19 15:29:10,171:INFO: [TRAIN] Step: 7 ; Loss: 33.422 ; Acc: 19.271
2018-09-19 15:29:10,244:INFO: [TRAIN] Step: 8 ; Loss: 33.633 ; Acc: 21.296
2018-09-19 15:29:10,334:INFO: [TRAIN] Step: 9 ; Loss: 31.448 ; Acc: 24.167
2018-09-19 15:29:10,418:INFO: [TRAIN] Step: 10 ; Loss: 30.218 ; Acc: 26.515
2018-09-19 15:29:10,498:INFO: [TRAIN] Step: 11 ; Loss: 29.780 ; Acc: 27.431
2018-09-19 15:29:10,573:INFO: [TRAIN] Step: 12 ; Loss: 33.444 ; Acc: 27.885
2018-09-19 15:29:10,675:INFO: [TRAIN] Step: 13 ; Loss: 38.916 ; Acc: 27.083
2018-09-19 15:29:10,754:INFO: [TRAIN] Step: 14 ; Loss: 27.925 ; Acc: 28.333
2018-09-19 15:29:10,836:INFO: [TRAIN] Step: 15 ; Loss: 30.043 ; Acc: 29.427
2018-09-19 15:29:10,916:INFO: [TRAIN] Step: 16 ; Loss: 30.324 ; Acc: 30.637
2018-09-19 15:29:10,997:INFO: [TRAIN] Step: 17 ; Loss: 31.785 ; Acc: 30.556
2018-09-19 15:29:11,071:INFO: [TRAIN] Step: 18 ; Loss: 30.705 ; Acc: 30.044
2018-09-19 15:29:11,152:INFO: [TRAIN] Step: 19 ; Loss: 28.544 ; Acc: 30.208
2018-09-19 15:29:11,237:INFO: [TRAIN] Step: 20 ; Loss: 27.702 ; Acc: 30.159
2018-09-19 15:29:11,317:INFO: [TRAIN] Step: 21 ; Loss: 30.446 ; Acc: 30.682
2018-09-19 15:29:11,399:INFO: [TRAIN] Step: 22 ; Loss: 33.406 ; Acc: 30.072
2018-09-19 15:29:11,494:INFO: [TRAIN] Step: 23 ; Loss: 26.734 ; Acc: 30.382
2018-09-19 15:29:11,570:INFO: [TRAIN] Step: 24 ; Loss: 31.634 ; Acc: 30.667
2018-09-19 15:29:11,652:INFO: [TRAIN] Step: 25 ; Loss: 32.458 ; Acc: 30.449
2018-09-19 15:29:11,725:INFO: [TRAIN] Step: 26 ; Loss: 25.746 ; Acc: 30.864
2018-09-19 15:29:11,804:INFO: [TRAIN] Step: 27 ; Loss: 28.132 ; Acc: 31.399
2018-09-19 15:29:11,882:INFO: [TRAIN] Step: 28 ; Loss: 29.865 ; Acc: 31.466
2018-09-19 15:29:11,975:INFO: [TRAIN] Step: 29 ; Loss: 29.074 ; Acc: 31.667
2018-09-19 15:29:12,055:INFO: [TRAIN] Step: 30 ; Loss: 26.163 ; Acc: 32.258
2018-09-19 15:29:12,136:INFO: [TRAIN] Step: 31 ; Loss: 30.698 ; Acc: 31.641
2018-09-19 15:29:12,212:INFO: [TRAIN] Step: 32 ; Loss: 29.764 ; Acc: 31.692
2018-09-19 15:29:12,294:INFO: [TRAIN] Step: 33 ; Loss: 32.057 ; Acc: 31.985
2018-09-19 15:29:12,370:INFO: [TRAIN] Step: 34 ; Loss: 29.317 ; Acc: 32.500
2018-09-19 15:29:12,452:INFO: [TRAIN] Step: 35 ; Loss: 32.906 ; Acc: 32.176
2018-09-19 15:29:12,533:INFO: [TRAIN] Step: 36 ; Loss: 30.484 ; Acc: 32.432
2018-09-19 15:29:12,623:INFO: [TRAIN] Step: 37 ; Loss: 26.847 ; Acc: 32.785
2018-09-19 15:29:12,706:INFO: [TRAIN] Step: 38 ; Loss: 28.977 ; Acc: 33.120
2018-09-19 15:29:12,797:INFO: [TRAIN] Step: 39 ; Loss: 32.652 ; Acc: 33.438
2018-09-19 15:29:12,883:INFO: [TRAIN] Step: 40 ; Loss: 29.768 ; Acc: 33.537
2018-09-19 15:29:12,966:INFO: [TRAIN] Step: 41 ; Loss: 29.598 ; Acc: 33.532
2018-09-19 15:29:13,061:INFO: [TRAIN] Step: 42 ; Loss: 26.558 ; Acc: 33.624
2018-09-19 15:29:13,148:INFO: [TRAIN] Step: 43 ; Loss: 31.389 ; Acc: 33.617
2018-09-19 15:29:13,225:INFO: [TRAIN] Step: 44 ; Loss: 27.220 ; Acc: 33.796
2018-09-19 15:29:13,306:INFO: [TRAIN] Step: 45 ; Loss: 29.804 ; Acc: 33.605
2018-09-19 15:29:13,388:INFO: [TRAIN] Step: 46 ; Loss: 27.918 ; Acc: 34.043
2018-09-19 15:29:13,468:INFO: [TRAIN] Step: 47 ; Loss: 27.046 ; Acc: 34.375
2018-09-19 15:29:13,545:INFO: [TRAIN] Step: 48 ; Loss: 28.280 ; Acc: 34.269
2018-09-19 15:29:13,627:INFO: [TRAIN] Step: 49 ; Loss: 29.537 ; Acc: 34.250
2018-09-19 15:29:13,705:INFO: [TRAIN] Step: 50 ; Loss: 31.047 ; Acc: 33.987
2018-09-19 15:29:13,785:INFO: [TRAIN] Step: 51 ; Loss: 31.472 ; Acc: 33.814
2018-09-19 15:29:13,856:INFO: [TRAIN] Step: 52 ; Loss: 26.561 ; Acc: 34.041
2018-09-19 15:29:13,939:INFO: [TRAIN] Step: 53 ; Loss: 30.621 ; Acc: 33.951
2018-09-19 15:29:14,014:INFO: [TRAIN] Step: 54 ; Loss: 24.595 ; Acc: 34.091
2018-09-19 15:29:14,094:INFO: [TRAIN] Step: 55 ; Loss: 27.333 ; Acc: 34.375
2018-09-19 15:29:14,170:INFO: [TRAIN] Step: 56 ; Loss: 29.615 ; Acc: 34.576
2018-09-19 15:29:14,251:INFO: [TRAIN] Step: 57 ; Loss: 32.213 ; Acc: 34.626
2018-09-19 15:29:14,327:INFO: [TRAIN] Step: 58 ; Loss: 25.972 ; Acc: 35.099
2018-09-19 15:29:14,410:INFO: [TRAIN] Step: 59 ; Loss: 26.230 ; Acc: 35.208
2018-09-19 15:29:14,483:INFO: [TRAIN] Step: 60 ; Loss: 29.988 ; Acc: 35.246
2018-09-19 15:29:14,565:INFO: [TRAIN] Step: 61 ; Loss: 31.173 ; Acc: 35.349
2018-09-19 15:29:14,638:INFO: [TRAIN] Step: 62 ; Loss: 26.916 ; Acc: 35.317
2018-09-19 15:29:14,720:INFO: [TRAIN] Step: 63 ; Loss: 25.228 ; Acc: 35.417
2018-09-19 15:29:14,794:INFO: [TRAIN] Step: 64 ; Loss: 28.959 ; Acc: 35.449
2018-09-19 15:29:14,875:INFO: [TRAIN] Step: 65 ; Loss: 29.203 ; Acc: 35.606
2018-09-19 15:29:14,949:INFO: [TRAIN] Step: 66 ; Loss: 27.278 ; Acc: 35.634
2018-09-19 15:29:15,030:INFO: [TRAIN] Step: 67 ; Loss: 25.049 ; Acc: 35.846
2018-09-19 15:29:15,103:INFO: [TRAIN] Step: 68 ; Loss: 29.447 ; Acc: 35.990
2018-09-19 15:29:15,182:INFO: [TRAIN] Step: 69 ; Loss: 28.704 ; Acc: 36.012
2018-09-19 15:29:15,256:INFO: [TRAIN] Step: 70 ; Loss: 27.507 ; Acc: 36.092
2018-09-19 15:29:15,339:INFO: [TRAIN] Step: 71 ; Loss: 30.650 ; Acc: 35.995
2018-09-19 15:29:15,414:INFO: [TRAIN] Step: 72 ; Loss: 27.734 ; Acc: 35.959
2018-09-19 15:29:15,497:INFO: [TRAIN] Step: 73 ; Loss: 26.133 ; Acc: 36.092
2018-09-19 15:29:15,573:INFO: [TRAIN] Step: 74 ; Loss: 26.809 ; Acc: 36.111
2018-09-19 15:29:15,655:INFO: [TRAIN] Step: 75 ; Loss: 25.947 ; Acc: 36.239
2018-09-19 15:29:15,730:INFO: [TRAIN] Step: 76 ; Loss: 21.986 ; Acc: 36.418
2018-09-19 15:29:15,814:INFO: [TRAIN] Step: 77 ; Loss: 28.130 ; Acc: 36.378
2018-09-19 15:29:15,890:INFO: [TRAIN] Step: 78 ; Loss: 29.348 ; Acc: 36.445
2018-09-19 15:29:15,973:INFO: [TRAIN] Step: 79 ; Loss: 32.427 ; Acc: 36.458
2018-09-19 15:29:16,047:INFO: [TRAIN] Step: 80 ; Loss: 32.402 ; Acc: 36.368
2018-09-19 15:29:16,128:INFO: [TRAIN] Step: 81 ; Loss: 26.619 ; Acc: 36.687
2018-09-19 15:29:16,205:INFO: [TRAIN] Step: 82 ; Loss: 23.551 ; Acc: 36.847
2018-09-19 15:29:16,288:INFO: [TRAIN] Step: 83 ; Loss: 25.255 ; Acc: 37.103
2018-09-19 15:29:16,375:INFO: [TRAIN] Step: 84 ; Loss: 29.354 ; Acc: 37.157
2018-09-19 15:29:16,457:INFO: [TRAIN] Step: 85 ; Loss: 28.035 ; Acc: 37.258
2018-09-19 15:29:16,530:INFO: [TRAIN] Step: 86 ; Loss: 30.089 ; Acc: 37.261
2018-09-19 15:29:16,609:INFO: [TRAIN] Step: 87 ; Loss: 24.438 ; Acc: 37.547
2018-09-19 15:29:16,683:INFO: [TRAIN] Step: 88 ; Loss: 21.729 ; Acc: 37.828
2018-09-19 15:29:16,765:INFO: [TRAIN] Step: 89 ; Loss: 34.921 ; Acc: 37.870
2018-09-19 15:29:16,837:INFO: [TRAIN] Step: 90 ; Loss: 24.328 ; Acc: 38.049
2018-09-19 15:29:16,916:INFO: [TRAIN] Step: 91 ; Loss: 25.666 ; Acc: 38.361
2018-09-19 15:29:16,994:INFO: [TRAIN] Step: 92 ; Loss: 27.976 ; Acc: 38.351
2018-09-19 15:29:17,076:INFO: [TRAIN] Step: 93 ; Loss: 28.740 ; Acc: 38.475
2018-09-19 15:29:17,151:INFO: [TRAIN] Step: 94 ; Loss: 27.982 ; Acc: 38.421
2018-09-19 15:29:17,231:INFO: [TRAIN] Step: 95 ; Loss: 27.383 ; Acc: 38.368
2018-09-19 15:29:17,304:INFO: [TRAIN] Step: 96 ; Loss: 24.585 ; Acc: 38.488
2018-09-19 15:29:17,383:INFO: [TRAIN] Step: 97 ; Loss: 23.228 ; Acc: 38.435
2018-09-19 15:29:17,456:INFO: [TRAIN] Step: 98 ; Loss: 31.005 ; Acc: 38.468
2018-09-19 15:29:17,542:INFO: [TRAIN] Step: 99 ; Loss: 29.506 ; Acc: 38.292
2018-09-19 15:29:17,621:INFO: [TRAIN] Step: 100 ; Loss: 24.497 ; Acc: 38.490
2018-09-19 15:29:17,702:INFO: [TRAIN] Step: 101 ; Loss: 26.524 ; Acc: 38.440
2018-09-19 15:29:17,779:INFO: [TRAIN] Step: 102 ; Loss: 25.202 ; Acc: 38.471
2018-09-19 15:29:17,859:INFO: [TRAIN] Step: 103 ; Loss: 23.672 ; Acc: 38.582
2018-09-19 15:29:17,935:INFO: [TRAIN] Step: 104 ; Loss: 29.393 ; Acc: 38.532
2018-09-19 15:29:18,017:INFO: [TRAIN] Step: 105 ; Loss: 25.921 ; Acc: 38.679
2018-09-19 15:29:18,094:INFO: [TRAIN] Step: 106 ; Loss: 30.920 ; Acc: 38.629
2018-09-19 15:29:18,174:INFO: [TRAIN] Step: 107 ; Loss: 23.122 ; Acc: 38.735
2018-09-19 15:29:18,254:INFO: [TRAIN] Step: 108 ; Loss: 24.853 ; Acc: 38.800
2018-09-19 15:29:18,337:INFO: [TRAIN] Step: 109 ; Loss: 28.267 ; Acc: 38.788
2018-09-19 15:29:18,409:INFO: [TRAIN] Step: 110 ; Loss: 23.313 ; Acc: 38.964
2018-09-19 15:29:18,491:INFO: [TRAIN] Step: 111 ; Loss: 25.798 ; Acc: 39.100
2018-09-19 15:29:18,566:INFO: [TRAIN] Step: 112 ; Loss: 29.161 ; Acc: 39.086
2018-09-19 15:29:18,649:INFO: [TRAIN] Step: 113 ; Loss: 32.261 ; Acc: 38.925
2018-09-19 15:29:18,725:INFO: [TRAIN] Step: 114 ; Loss: 30.287 ; Acc: 38.913
2018-09-19 15:29:18,805:INFO: [TRAIN] Step: 115 ; Loss: 25.977 ; Acc: 39.009
2018-09-19 15:29:18,880:INFO: [TRAIN] Step: 116 ; Loss: 28.934 ; Acc: 39.031
2018-09-19 15:29:18,962:INFO: [TRAIN] Step: 117 ; Loss: 24.553 ; Acc: 39.124
2018-09-19 15:29:19,035:INFO: [TRAIN] Step: 118 ; Loss: 30.320 ; Acc: 39.076
2018-09-19 15:29:19,115:INFO: [TRAIN] Step: 119 ; Loss: 25.139 ; Acc: 39.201
2018-09-19 15:29:19,191:INFO: [TRAIN] Step: 120 ; Loss: 23.654 ; Acc: 39.291
2018-09-19 15:29:19,271:INFO: [TRAIN] Step: 121 ; Loss: 26.787 ; Acc: 39.242
2018-09-19 15:29:19,346:INFO: [TRAIN] Step: 122 ; Loss: 29.623 ; Acc: 39.397
2018-09-19 15:29:19,427:INFO: [TRAIN] Step: 123 ; Loss: 25.369 ; Acc: 39.516
2018-09-19 15:29:19,501:INFO: [TRAIN] Step: 124 ; Loss: 23.112 ; Acc: 39.567
2018-09-19 15:29:19,581:INFO: [TRAIN] Step: 125 ; Loss: 30.728 ; Acc: 39.583
2018-09-19 15:29:19,656:INFO: [TRAIN] Step: 126 ; Loss: 28.179 ; Acc: 39.698
2018-09-19 15:29:19,767:INFO: [TRAIN] Step: 127 ; Loss: 29.491 ; Acc: 39.616
2018-09-19 15:29:19,845:INFO: [TRAIN] Step: 128 ; Loss: 28.049 ; Acc: 39.632
2018-09-19 15:29:19,928:INFO: [TRAIN] Step: 129 ; Loss: 26.984 ; Acc: 39.647
2018-09-19 15:29:20,003:INFO: [TRAIN] Step: 130 ; Loss: 23.383 ; Acc: 39.695
2018-09-19 15:29:20,082:INFO: [TRAIN] Step: 131 ; Loss: 23.052 ; Acc: 39.741
2018-09-19 15:29:20,158:INFO: [TRAIN] Step: 132 ; Loss: 25.407 ; Acc: 39.756
2018-09-19 15:29:20,243:INFO: [TRAIN] Step: 133 ; Loss: 25.750 ; Acc: 39.646
2018-09-19 15:29:20,327:INFO: [TRAIN] Step: 134 ; Loss: 25.419 ; Acc: 39.815
2018-09-19 15:29:20,416:INFO: [TRAIN] Step: 135 ; Loss: 29.201 ; Acc: 39.798
2018-09-19 15:29:20,489:INFO: [TRAIN] Step: 136 ; Loss: 29.335 ; Acc: 39.751
2018-09-19 15:29:20,569:INFO: [TRAIN] Step: 137 ; Loss: 23.208 ; Acc: 39.855
2018-09-19 15:29:20,642:INFO: [TRAIN] Step: 138 ; Loss: 24.988 ; Acc: 39.958
2018-09-19 15:29:20,726:INFO: [TRAIN] Step: 139 ; Loss: 27.741 ; Acc: 39.970
2018-09-19 15:29:20,801:INFO: [TRAIN] Step: 140 ; Loss: 28.249 ; Acc: 39.894
2018-09-19 15:29:20,879:INFO: [TRAIN] Step: 141 ; Loss: 30.446 ; Acc: 39.847
2018-09-19 15:29:20,955:INFO: [TRAIN] Step: 142 ; Loss: 27.861 ; Acc: 40.006
2018-09-19 15:29:21,037:INFO: [TRAIN] Step: 143 ; Loss: 26.515 ; Acc: 39.959
2018-09-19 15:29:21,110:INFO: [TRAIN] Step: 144 ; Loss: 31.148 ; Acc: 39.943
2018-09-19 15:29:21,193:INFO: [TRAIN] Step: 145 ; Loss: 27.645 ; Acc: 39.954
2018-09-19 15:29:21,269:INFO: [TRAIN] Step: 146 ; Loss: 23.571 ; Acc: 40.051
2018-09-19 15:29:21,352:INFO: [TRAIN] Step: 147 ; Loss: 26.557 ; Acc: 40.034
2018-09-19 15:29:21,426:INFO: [TRAIN] Step: 148 ; Loss: 24.489 ; Acc: 40.185
2018-09-19 15:29:21,507:INFO: [TRAIN] Step: 149 ; Loss: 23.488 ; Acc: 40.306
2018-09-19 15:29:21,581:INFO: [TRAIN] Step: 150 ; Loss: 28.046 ; Acc: 40.315
2018-09-19 15:29:21,660:INFO: [TRAIN] Step: 151 ; Loss: 26.242 ; Acc: 40.406
2018-09-19 15:29:21,734:INFO: [TRAIN] Step: 152 ; Loss: 20.512 ; Acc: 40.605
2018-09-19 15:29:21,815:INFO: [TRAIN] Step: 153 ; Loss: 23.473 ; Acc: 40.666
2018-09-19 15:29:21,891:INFO: [TRAIN] Step: 154 ; Loss: 29.214 ; Acc: 40.672
2018-09-19 15:29:21,972:INFO: [TRAIN] Step: 155 ; Loss: 26.596 ; Acc: 40.678
2018-09-19 15:29:22,045:INFO: [TRAIN] Step: 156 ; Loss: 28.740 ; Acc: 40.685
2018-09-19 15:29:22,125:INFO: [TRAIN] Step: 157 ; Loss: 26.981 ; Acc: 40.744
2018-09-19 15:29:22,199:INFO: [TRAIN] Step: 158 ; Loss: 31.657 ; Acc: 40.697
2018-09-19 15:29:22,278:INFO: [TRAIN] Step: 159 ; Loss: 25.911 ; Acc: 40.755
2018-09-19 15:29:22,350:INFO: [TRAIN] Step: 160 ; Loss: 24.376 ; Acc: 40.761
2018-09-19 15:29:22,430:INFO: [TRAIN] Step: 161 ; Loss: 27.809 ; Acc: 40.792
2018-09-19 15:29:22,506:INFO: [TRAIN] Step: 162 ; Loss: 33.716 ; Acc: 40.823
2018-09-19 15:29:22,587:INFO: [TRAIN] Step: 163 ; Loss: 25.283 ; Acc: 40.803
2018-09-19 15:29:22,659:INFO: [TRAIN] Step: 164 ; Loss: 28.900 ; Acc: 40.833
2018-09-19 15:29:22,739:INFO: [TRAIN] Step: 165 ; Loss: 29.287 ; Acc: 40.738
2018-09-19 15:29:22,814:INFO: [TRAIN] Step: 166 ; Loss: 26.228 ; Acc: 40.793
2018-09-19 15:29:22,896:INFO: [TRAIN] Step: 167 ; Loss: 25.903 ; Acc: 40.774
2018-09-19 15:29:22,972:INFO: [TRAIN] Step: 168 ; Loss: 28.493 ; Acc: 40.804
2018-09-19 15:29:23,055:INFO: [TRAIN] Step: 169 ; Loss: 25.917 ; Acc: 40.858
2018-09-19 15:29:23,131:INFO: [TRAIN] Step: 170 ; Loss: 22.788 ; Acc: 40.911
2018-09-19 15:29:23,213:INFO: [TRAIN] Step: 171 ; Loss: 26.777 ; Acc: 40.891
2018-09-19 15:29:23,286:INFO: [TRAIN] Step: 172 ; Loss: 24.345 ; Acc: 40.968
2018-09-19 15:29:23,381:INFO: [TRAIN] Step: 173 ; Loss: 24.904 ; Acc: 41.020
2018-09-19 15:29:23,454:INFO: [TRAIN] Step: 174 ; Loss: 24.056 ; Acc: 41.071
2018-09-19 15:29:23,535:INFO: [TRAIN] Step: 175 ; Loss: 28.445 ; Acc: 41.098
2018-09-19 15:29:23,609:INFO: [TRAIN] Step: 176 ; Loss: 24.850 ; Acc: 41.149
2018-09-19 15:29:23,688:INFO: [TRAIN] Step: 177 ; Loss: 26.953 ; Acc: 41.152
2018-09-19 15:29:23,762:INFO: [TRAIN] Step: 178 ; Loss: 29.485 ; Acc: 41.155
2018-09-19 15:29:23,843:INFO: [TRAIN] Step: 179 ; Loss: 20.928 ; Acc: 41.273
2018-09-19 15:29:23,919:INFO: [TRAIN] Step: 180 ; Loss: 27.738 ; Acc: 41.298
2018-09-19 15:29:24,000:INFO: [TRAIN] Step: 181 ; Loss: 25.576 ; Acc: 41.323
2018-09-19 15:29:24,072:INFO: [TRAIN] Step: 182 ; Loss: 24.540 ; Acc: 41.325
2018-09-19 15:29:24,153:INFO: [TRAIN] Step: 183 ; Loss: 28.828 ; Acc: 41.372
2018-09-19 15:29:24,227:INFO: [TRAIN] Step: 184 ; Loss: 29.365 ; Acc: 41.351
2018-09-19 15:29:24,316:INFO: [TRAIN] Step: 185 ; Loss: 21.791 ; Acc: 41.398
2018-09-19 15:29:24,396:INFO: [TRAIN] Step: 186 ; Loss: 25.183 ; Acc: 41.466
2018-09-19 15:29:24,476:INFO: [TRAIN] Step: 187 ; Loss: 23.951 ; Acc: 41.534
2018-09-19 15:29:24,549:INFO: [TRAIN] Step: 188 ; Loss: 30.095 ; Acc: 41.534
2018-09-19 15:29:24,632:INFO: [TRAIN] Step: 189 ; Loss: 28.452 ; Acc: 41.513
2018-09-19 15:29:24,705:INFO: [TRAIN] Step: 190 ; Loss: 25.676 ; Acc: 41.514
2018-09-19 15:29:24,786:INFO: [TRAIN] Step: 191 ; Loss: 24.488 ; Acc: 41.667
2018-09-19 15:29:24,862:INFO: [TRAIN] Step: 192 ; Loss: 21.334 ; Acc: 41.731
2018-09-19 15:29:24,941:INFO: [TRAIN] Step: 193 ; Loss: 26.537 ; Acc: 41.753
2018-09-19 15:29:25,015:INFO: [TRAIN] Step: 194 ; Loss: 27.170 ; Acc: 41.859
2018-09-19 15:29:25,096:INFO: [TRAIN] Step: 195 ; Loss: 26.348 ; Acc: 41.943
2018-09-19 15:29:25,170:INFO: [TRAIN] Step: 196 ; Loss: 27.452 ; Acc: 41.963
2018-09-19 15:29:25,251:INFO: [TRAIN] Step: 197 ; Loss: 20.656 ; Acc: 42.066
2018-09-19 15:29:25,328:INFO: [TRAIN] Step: 198 ; Loss: 24.747 ; Acc: 42.085
2018-09-19 15:29:25,408:INFO: [TRAIN] Step: 199 ; Loss: 24.307 ; Acc: 42.167
2018-09-19 15:29:25,483:INFO: [TRAIN] Step: 200 ; Loss: 25.601 ; Acc: 42.164
2018-09-19 15:29:25,565:INFO: [TRAIN] Step: 201 ; Loss: 22.119 ; Acc: 42.162
2018-09-19 15:29:25,640:INFO: [TRAIN] Step: 202 ; Loss: 29.023 ; Acc: 42.241
2018-09-19 15:29:25,719:INFO: [TRAIN] Step: 203 ; Loss: 23.292 ; Acc: 42.300
2018-09-19 15:29:25,795:INFO: [TRAIN] Step: 204 ; Loss: 24.883 ; Acc: 42.378
2018-09-19 15:29:25,876:INFO: [TRAIN] Step: 205 ; Loss: 24.799 ; Acc: 42.375
2018-09-19 15:29:25,949:INFO: [TRAIN] Step: 206 ; Loss: 26.878 ; Acc: 42.452
2018-09-19 15:29:26,030:INFO: [TRAIN] Step: 207 ; Loss: 25.650 ; Acc: 42.508
2018-09-19 15:29:26,104:INFO: [TRAIN] Step: 208 ; Loss: 25.600 ; Acc: 42.444
2018-09-19 15:29:26,183:INFO: [TRAIN] Step: 209 ; Loss: 21.816 ; Acc: 42.520
2018-09-19 15:29:26,256:INFO: [TRAIN] Step: 210 ; Loss: 23.578 ; Acc: 42.654
2018-09-19 15:29:26,338:INFO: [TRAIN] Step: 211 ; Loss: 25.424 ; Acc: 42.630
2018-09-19 15:29:26,412:INFO: [TRAIN] Step: 212 ; Loss: 24.887 ; Acc: 42.606
2018-09-19 15:29:26,496:INFO: [TRAIN] Step: 213 ; Loss: 34.049 ; Acc: 42.523
2018-09-19 15:29:26,569:INFO: [TRAIN] Step: 214 ; Loss: 26.887 ; Acc: 42.558
2018-09-19 15:29:26,651:INFO: [TRAIN] Step: 215 ; Loss: 26.080 ; Acc: 42.554
2018-09-19 15:29:26,726:INFO: [TRAIN] Step: 216 ; Loss: 28.093 ; Acc: 42.627
2018-09-19 15:29:26,809:INFO: [TRAIN] Step: 217 ; Loss: 25.970 ; Acc: 42.641
2018-09-19 15:29:26,885:INFO: [TRAIN] Step: 218 ; Loss: 32.519 ; Acc: 42.637
2018-09-19 15:29:26,964:INFO: [TRAIN] Step: 219 ; Loss: 23.130 ; Acc: 42.727
2018-09-19 15:29:27,040:INFO: [TRAIN] Step: 220 ; Loss: 28.068 ; Acc: 42.760
2018-09-19 15:29:27,118:INFO: [TRAIN] Step: 221 ; Loss: 25.292 ; Acc: 42.755
2018-09-19 15:29:27,192:INFO: [TRAIN] Step: 222 ; Loss: 22.849 ; Acc: 42.769
2018-09-19 15:29:27,273:INFO: [TRAIN] Step: 223 ; Loss: 28.605 ; Acc: 42.783
2018-09-19 15:29:27,346:INFO: [TRAIN] Step: 224 ; Loss: 25.097 ; Acc: 42.778
2018-09-19 15:29:27,428:INFO: [TRAIN] Step: 225 ; Loss: 31.018 ; Acc: 42.736
2018-09-19 15:29:27,504:INFO: [TRAIN] Step: 226 ; Loss: 26.455 ; Acc: 42.713
2018-09-19 15:29:27,591:INFO: [TRAIN] Step: 227 ; Loss: 23.334 ; Acc: 42.800
2018-09-19 15:29:27,674:INFO: [TRAIN] Step: 228 ; Loss: 26.132 ; Acc: 42.813
2018-09-19 15:29:27,754:INFO: [TRAIN] Step: 229 ; Loss: 31.241 ; Acc: 42.826
2018-09-19 15:29:27,828:INFO: [TRAIN] Step: 230 ; Loss: 32.031 ; Acc: 42.767
2018-09-19 15:29:27,910:INFO: [TRAIN] Step: 231 ; Loss: 21.976 ; Acc: 42.834
2018-09-19 15:29:27,981:INFO: [TRAIN] Step: 232 ; Loss: 23.009 ; Acc: 42.883
2018-09-19 15:29:28,064:INFO: [TRAIN] Step: 233 ; Loss: 23.833 ; Acc: 42.860
2018-09-19 15:29:28,140:INFO: [TRAIN] Step: 234 ; Loss: 29.959 ; Acc: 42.926
2018-09-19 15:29:28,225:INFO: [TRAIN] Step: 235 ; Loss: 27.641 ; Acc: 42.920
2018-09-19 15:29:28,300:INFO: [TRAIN] Step: 236 ; Loss: 24.064 ; Acc: 42.932
2018-09-19 15:29:28,379:INFO: [TRAIN] Step: 237 ; Loss: 28.228 ; Acc: 42.945
2018-09-19 15:29:28,454:INFO: [TRAIN] Step: 238 ; Loss: 23.721 ; Acc: 42.957
2018-09-19 15:29:28,538:INFO: [TRAIN] Step: 239 ; Loss: 24.897 ; Acc: 42.951
2018-09-19 15:29:28,616:INFO: [TRAIN] Step: 240 ; Loss: 25.654 ; Acc: 42.998
2018-09-19 15:29:28,695:INFO: [TRAIN] Step: 241 ; Loss: 25.270 ; Acc: 42.958
2018-09-19 15:29:28,768:INFO: [TRAIN] Step: 242 ; Loss: 24.231 ; Acc: 42.953
2018-09-19 15:29:28,848:INFO: [TRAIN] Step: 243 ; Loss: 28.069 ; Acc: 42.930
2018-09-19 15:29:28,924:INFO: [TRAIN] Step: 244 ; Loss: 21.478 ; Acc: 42.993
2018-09-19 15:29:29,007:INFO: [TRAIN] Step: 245 ; Loss: 22.425 ; Acc: 43.022
2018-09-19 15:29:29,083:INFO: [TRAIN] Step: 246 ; Loss: 24.928 ; Acc: 42.982
2018-09-19 15:29:29,164:INFO: [TRAIN] Step: 247 ; Loss: 27.859 ; Acc: 42.960
2018-09-19 15:29:29,239:INFO: [TRAIN] Step: 248 ; Loss: 23.976 ; Acc: 43.005
2018-09-19 15:29:29,321:INFO: [TRAIN] Step: 249 ; Loss: 21.851 ; Acc: 43.100
2018-09-19 15:29:29,395:INFO: [TRAIN] Step: 250 ; Loss: 23.637 ; Acc: 43.127
2018-09-19 15:29:29,474:INFO: [TRAIN] Step: 251 ; Loss: 25.240 ; Acc: 43.171
2018-09-19 15:29:29,550:INFO: [TRAIN] Step: 252 ; Loss: 25.947 ; Acc: 43.149
2018-09-19 15:29:29,632:INFO: [TRAIN] Step: 253 ; Loss: 23.118 ; Acc: 43.176
2018-09-19 15:29:29,704:INFO: [TRAIN] Step: 254 ; Loss: 24.929 ; Acc: 43.219
2018-09-19 15:29:29,789:INFO: [TRAIN] Step: 255 ; Loss: 24.569 ; Acc: 43.213
2018-09-19 15:29:29,865:INFO: [TRAIN] Step: 256 ; Loss: 23.166 ; Acc: 43.207
2018-09-19 15:29:29,945:INFO: [TRAIN] Step: 257 ; Loss: 21.581 ; Acc: 43.266
2018-09-19 15:29:30,018:INFO: [TRAIN] Step: 258 ; Loss: 28.768 ; Acc: 43.227
2018-09-19 15:29:30,097:INFO: [TRAIN] Step: 259 ; Loss: 21.104 ; Acc: 43.349
2018-09-19 15:29:30,173:INFO: [TRAIN] Step: 260 ; Loss: 26.990 ; Acc: 43.359
2018-09-19 15:29:30,256:INFO: [TRAIN] Step: 261 ; Loss: 25.988 ; Acc: 43.432
2018-09-19 15:29:30,332:INFO: [TRAIN] Step: 262 ; Loss: 27.436 ; Acc: 43.457
2018-09-19 15:29:30,420:INFO: [TRAIN] Step: 263 ; Loss: 23.738 ; Acc: 43.529
2018-09-19 15:29:30,496:INFO: [TRAIN] Step: 264 ; Loss: 20.142 ; Acc: 43.601
2018-09-19 15:29:30,575:INFO: [TRAIN] Step: 265 ; Loss: 22.228 ; Acc: 43.640
2018-09-19 15:29:30,650:INFO: [TRAIN] Step: 266 ; Loss: 25.997 ; Acc: 43.664
2018-09-19 15:29:30,732:INFO: [TRAIN] Step: 267 ; Loss: 23.421 ; Acc: 43.703
2018-09-19 15:29:30,808:INFO: [TRAIN] Step: 268 ; Loss: 24.038 ; Acc: 43.711
2018-09-19 15:29:30,891:INFO: [TRAIN] Step: 269 ; Loss: 25.730 ; Acc: 43.688
2018-09-19 15:29:30,963:INFO: [TRAIN] Step: 270 ; Loss: 22.933 ; Acc: 43.727
2018-09-19 15:29:31,042:INFO: [TRAIN] Step: 271 ; Loss: 22.040 ; Acc: 43.796
2018-09-19 15:29:31,118:INFO: [TRAIN] Step: 272 ; Loss: 24.204 ; Acc: 43.788
2018-09-19 15:29:31,200:INFO: [TRAIN] Step: 273 ; Loss: 23.837 ; Acc: 43.826
2018-09-19 15:29:31,273:INFO: [TRAIN] Step: 274 ; Loss: 21.102 ; Acc: 43.879
2018-09-19 15:29:31,352:INFO: [TRAIN] Step: 275 ; Loss: 22.568 ; Acc: 43.901
2018-09-19 15:29:31,424:INFO: [TRAIN] Step: 276 ; Loss: 27.662 ; Acc: 43.923
2018-09-19 15:29:31,507:INFO: [TRAIN] Step: 277 ; Loss: 31.109 ; Acc: 43.900
2018-09-19 15:29:31,582:INFO: [TRAIN] Step: 278 ; Loss: 34.068 ; Acc: 43.892
2018-09-19 15:29:31,663:INFO: [TRAIN] Step: 279 ; Loss: 23.081 ; Acc: 43.869
2018-09-19 15:29:31,740:INFO: [TRAIN] Step: 280 ; Loss: 26.619 ; Acc: 43.891
2018-09-19 15:29:31,821:INFO: [TRAIN] Step: 281 ; Loss: 25.895 ; Acc: 43.883
2018-09-19 15:29:31,894:INFO: [TRAIN] Step: 282 ; Loss: 27.121 ; Acc: 43.890
2018-09-19 15:29:31,976:INFO: [TRAIN] Step: 283 ; Loss: 24.474 ; Acc: 43.867
2018-09-19 15:29:32,049:INFO: [TRAIN] Step: 284 ; Loss: 23.995 ; Acc: 43.860
2018-09-19 15:29:32,129:INFO: [TRAIN] Step: 285 ; Loss: 25.575 ; Acc: 43.896
2018-09-19 15:29:32,202:INFO: [TRAIN] Step: 286 ; Loss: 25.824 ; Acc: 43.902
2018-09-19 15:29:32,282:INFO: [TRAIN] Step: 287 ; Loss: 25.395 ; Acc: 43.967
2018-09-19 15:29:32,356:INFO: [TRAIN] Step: 288 ; Loss: 25.425 ; Acc: 43.959
2018-09-19 15:29:32,437:INFO: [TRAIN] Step: 289 ; Loss: 24.765 ; Acc: 43.980
2018-09-19 15:29:32,512:INFO: [TRAIN] Step: 290 ; Loss: 22.084 ; Acc: 43.958
2018-09-19 15:29:32,596:INFO: [TRAIN] Step: 291 ; Loss: 24.384 ; Acc: 43.936
2018-09-19 15:29:32,670:INFO: [TRAIN] Step: 292 ; Loss: 24.062 ; Acc: 43.942
2018-09-19 15:29:32,754:INFO: [TRAIN] Step: 293 ; Loss: 24.301 ; Acc: 43.977
2018-09-19 15:29:32,829:INFO: [TRAIN] Step: 294 ; Loss: 25.233 ; Acc: 43.997
2018-09-19 15:29:32,910:INFO: [TRAIN] Step: 295 ; Loss: 21.154 ; Acc: 44.046
2018-09-19 15:29:32,984:INFO: [TRAIN] Step: 296 ; Loss: 21.837 ; Acc: 44.066
2018-09-19 15:29:33,062:INFO: [TRAIN] Step: 297 ; Loss: 31.887 ; Acc: 44.016
2018-09-19 15:29:33,135:INFO: [TRAIN] Step: 298 ; Loss: 20.744 ; Acc: 44.105
2018-09-19 15:29:33,216:INFO: [TRAIN] Step: 299 ; Loss: 25.031 ; Acc: 44.111
2018-09-19 15:29:33,291:INFO: [TRAIN] Step: 300 ; Loss: 31.488 ; Acc: 44.075
2018-09-19 15:29:33,371:INFO: [TRAIN] Step: 301 ; Loss: 20.510 ; Acc: 44.081
2018-09-19 15:29:33,447:INFO: [TRAIN] Step: 302 ; Loss: 24.242 ; Acc: 44.114
2018-09-19 15:29:33,531:INFO: [TRAIN] Step: 303 ; Loss: 26.936 ; Acc: 44.065
2018-09-19 15:29:33,612:INFO: [TRAIN] Step: 304 ; Loss: 25.783 ; Acc: 44.085
2018-09-19 15:29:33,693:INFO: [TRAIN] Step: 305 ; Loss: 25.544 ; Acc: 44.104
2018-09-19 15:29:33,768:INFO: [TRAIN] Step: 306 ; Loss: 26.425 ; Acc: 44.137
2018-09-19 15:29:33,848:INFO: [TRAIN] Step: 307 ; Loss: 30.762 ; Acc: 44.075
2018-09-19 15:29:33,925:INFO: [TRAIN] Step: 308 ; Loss: 25.090 ; Acc: 44.134
2018-09-19 15:29:34,008:INFO: [TRAIN] Step: 309 ; Loss: 20.231 ; Acc: 44.194
2018-09-19 15:29:34,081:INFO: [TRAIN] Step: 310 ; Loss: 23.507 ; Acc: 44.239
2018-09-19 15:29:34,161:INFO: [TRAIN] Step: 311 ; Loss: 26.760 ; Acc: 44.231
2018-09-19 15:29:34,235:INFO: [TRAIN] Step: 312 ; Loss: 20.835 ; Acc: 44.263
2018-09-19 15:29:34,315:INFO: [TRAIN] Step: 313 ; Loss: 30.183 ; Acc: 44.201
2018-09-19 15:29:34,391:INFO: [TRAIN] Step: 314 ; Loss: 25.086 ; Acc: 44.220
2018-09-19 15:29:34,472:INFO: [TRAIN] Step: 315 ; Loss: 26.949 ; Acc: 44.225
2018-09-19 15:29:34,545:INFO: [TRAIN] Step: 316 ; Loss: 21.186 ; Acc: 44.282
2018-09-19 15:29:34,626:INFO: [TRAIN] Step: 317 ; Loss: 23.177 ; Acc: 44.313
2018-09-19 15:29:34,700:INFO: [TRAIN] Step: 318 ; Loss: 27.437 ; Acc: 44.318
2018-09-19 15:29:34,779:INFO: [TRAIN] Step: 319 ; Loss: 29.948 ; Acc: 44.310
2018-09-19 15:29:34,854:INFO: [TRAIN] Step: 320 ; Loss: 24.367 ; Acc: 44.367
2018-09-19 15:29:34,933:INFO: [TRAIN] Step: 321 ; Loss: 20.996 ; Acc: 44.449
2018-09-19 15:29:35,006:INFO: [TRAIN] Step: 322 ; Loss: 25.221 ; Acc: 44.440
2018-09-19 15:29:35,088:INFO: [TRAIN] Step: 323 ; Loss: 24.837 ; Acc: 44.457
2018-09-19 15:29:35,162:INFO: [TRAIN] Step: 324 ; Loss: 28.325 ; Acc: 44.449
2018-09-19 15:29:35,243:INFO: [TRAIN] Step: 325 ; Loss: 28.402 ; Acc: 44.389
2018-09-19 15:29:35,318:INFO: [TRAIN] Step: 326 ; Loss: 28.390 ; Acc: 44.368
2018-09-19 15:29:35,399:INFO: [TRAIN] Step: 327 ; Loss: 23.534 ; Acc: 44.411
2018-09-19 15:29:35,472:INFO: [TRAIN] Step: 328 ; Loss: 29.149 ; Acc: 44.402
2018-09-19 15:29:35,556:INFO: [TRAIN] Step: 329 ; Loss: 30.179 ; Acc: 44.407
2018-09-19 15:29:35,632:INFO: [TRAIN] Step: 330 ; Loss: 22.442 ; Acc: 44.411
2018-09-19 15:29:35,740:INFO: [TRAIN] Step: 331 ; Loss: 24.137 ; Acc: 44.440
2018-09-19 15:29:35,816:INFO: [TRAIN] Step: 332 ; Loss: 24.537 ; Acc: 44.457
2018-09-19 15:29:35,897:INFO: [TRAIN] Step: 333 ; Loss: 23.325 ; Acc: 44.474
2018-09-19 15:29:35,969:INFO: [TRAIN] Step: 334 ; Loss: 21.147 ; Acc: 44.490
2018-09-19 15:29:36,050:INFO: [TRAIN] Step: 335 ; Loss: 25.539 ; Acc: 44.482
2018-09-19 15:29:36,123:INFO: [TRAIN] Step: 336 ; Loss: 27.515 ; Acc: 44.461
2018-09-19 15:29:36,204:INFO: [TRAIN] Step: 337 ; Loss: 28.704 ; Acc: 44.440
2018-09-19 15:29:36,277:INFO: [TRAIN] Step: 338 ; Loss: 19.895 ; Acc: 44.481
2018-09-19 15:29:36,358:INFO: [TRAIN] Step: 339 ; Loss: 27.064 ; Acc: 44.473
2018-09-19 15:29:36,434:INFO: [TRAIN] Step: 340 ; Loss: 26.225 ; Acc: 44.501
2018-09-19 15:29:36,515:INFO: [TRAIN] Step: 341 ; Loss: 21.378 ; Acc: 44.591
2018-09-19 15:29:36,588:INFO: [TRAIN] Step: 342 ; Loss: 25.917 ; Acc: 44.594
2018-09-19 15:29:36,675:INFO: [TRAIN] Step: 343 ; Loss: 21.722 ; Acc: 44.658
2018-09-19 15:29:36,750:INFO: [TRAIN] Step: 344 ; Loss: 24.717 ; Acc: 44.674
2018-09-19 15:29:36,834:INFO: [TRAIN] Step: 345 ; Loss: 23.067 ; Acc: 44.701
2018-09-19 15:29:36,909:INFO: [TRAIN] Step: 346 ; Loss: 25.222 ; Acc: 44.693
2018-09-19 15:29:36,988:INFO: [TRAIN] Step: 347 ; Loss: 22.248 ; Acc: 44.732
2018-09-19 15:29:37,065:INFO: [TRAIN] Step: 348 ; Loss: 25.400 ; Acc: 44.759
2018-09-19 15:29:37,145:INFO: [TRAIN] Step: 349 ; Loss: 21.233 ; Acc: 44.798
2018-09-19 15:29:37,218:INFO: [TRAIN] Step: 350 ; Loss: 30.973 ; Acc: 44.765
2018-09-19 15:29:37,299:INFO: [TRAIN] Step: 351 ; Loss: 22.669 ; Acc: 44.827
2018-09-19 15:29:37,373:INFO: [TRAIN] Step: 352 ; Loss: 24.235 ; Acc: 44.830
2018-09-19 15:29:37,454:INFO: [TRAIN] Step: 353 ; Loss: 21.595 ; Acc: 44.845
2018-09-19 15:29:37,528:INFO: [TRAIN] Step: 354 ; Loss: 24.669 ; Acc: 44.824
2018-09-19 15:29:37,606:INFO: [TRAIN] Step: 355 ; Loss: 21.744 ; Acc: 44.838
2018-09-19 15:29:37,683:INFO: [TRAIN] Step: 356 ; Loss: 25.583 ; Acc: 44.818
2018-09-19 15:29:37,764:INFO: [TRAIN] Step: 357 ; Loss: 28.407 ; Acc: 44.832
2018-09-19 15:29:37,839:INFO: [TRAIN] Step: 358 ; Loss: 27.453 ; Acc: 44.847
2018-09-19 15:29:37,923:INFO: [TRAIN] Step: 359 ; Loss: 28.200 ; Acc: 44.815
2018-09-19 15:29:37,997:INFO: [TRAIN] Step: 360 ; Loss: 24.242 ; Acc: 44.806
2018-09-19 15:29:38,079:INFO: [TRAIN] Step: 361 ; Loss: 22.220 ; Acc: 44.809
2018-09-19 15:29:38,152:INFO: [TRAIN] Step: 362 ; Loss: 22.223 ; Acc: 44.812
2018-09-19 15:29:38,234:INFO: [TRAIN] Step: 363 ; Loss: 24.631 ; Acc: 44.837
2018-09-19 15:29:38,308:INFO: [TRAIN] Step: 364 ; Loss: 23.576 ; Acc: 44.874
2018-09-19 15:29:38,389:INFO: [TRAIN] Step: 365 ; Loss: 30.678 ; Acc: 44.854
2018-09-19 15:29:38,462:INFO: [TRAIN] Step: 366 ; Loss: 20.455 ; Acc: 44.880
2018-09-19 15:29:38,541:INFO: [TRAIN] Step: 367 ; Loss: 23.282 ; Acc: 44.984
2018-09-19 15:29:38,613:INFO: [TRAIN] Step: 368 ; Loss: 22.072 ; Acc: 45.020
2018-09-19 15:29:38,692:INFO: [TRAIN] Step: 369 ; Loss: 28.276 ; Acc: 45.023
2018-09-19 15:29:38,765:INFO: [TRAIN] Step: 370 ; Loss: 22.916 ; Acc: 45.036
2018-09-19 15:29:38,846:INFO: [TRAIN] Step: 371 ; Loss: 24.015 ; Acc: 45.094
2018-09-19 15:29:38,921:INFO: [TRAIN] Step: 372 ; Loss: 23.430 ; Acc: 45.107
2018-09-19 15:29:39,001:INFO: [TRAIN] Step: 373 ; Loss: 23.916 ; Acc: 45.131
2018-09-19 15:29:39,077:INFO: [TRAIN] Step: 374 ; Loss: 19.809 ; Acc: 45.167
2018-09-19 15:29:39,156:INFO: [TRAIN] Step: 375 ; Loss: 22.733 ; Acc: 45.202
2018-09-19 15:29:39,228:INFO: [TRAIN] Step: 376 ; Loss: 22.491 ; Acc: 45.203
2018-09-19 15:29:39,307:INFO: [TRAIN] Step: 377 ; Loss: 18.203 ; Acc: 45.304
2018-09-19 15:29:39,379:INFO: [TRAIN] Step: 378 ; Loss: 19.386 ; Acc: 45.317
2018-09-19 15:29:39,460:INFO: [TRAIN] Step: 379 ; Loss: 24.068 ; Acc: 45.274
2018-09-19 15:29:39,533:INFO: [TRAIN] Step: 380 ; Loss: 23.924 ; Acc: 45.297
2018-09-19 15:29:39,611:INFO: [TRAIN] Step: 381 ; Loss: 25.616 ; Acc: 45.321
2018-09-19 15:29:39,684:INFO: [TRAIN] Step: 382 ; Loss: 22.207 ; Acc: 45.344
2018-09-19 15:29:39,764:INFO: [TRAIN] Step: 383 ; Loss: 22.665 ; Acc: 45.356
2018-09-19 15:29:39,839:INFO: [TRAIN] Step: 384 ; Loss: 19.622 ; Acc: 45.400
2018-09-19 15:29:39,921:INFO: [TRAIN] Step: 385 ; Loss: 20.669 ; Acc: 45.423
2018-09-19 15:29:39,993:INFO: [TRAIN] Step: 386 ; Loss: 20.603 ; Acc: 45.457
2018-09-19 15:29:40,078:INFO: [TRAIN] Step: 387 ; Loss: 24.464 ; Acc: 45.468
2018-09-19 15:29:40,151:INFO: [TRAIN] Step: 388 ; Loss: 25.209 ; Acc: 45.491
2018-09-19 15:29:40,232:INFO: [TRAIN] Step: 389 ; Loss: 26.186 ; Acc: 45.491
2018-09-19 15:29:40,308:INFO: [TRAIN] Step: 390 ; Loss: 22.690 ; Acc: 45.514
2018-09-19 15:29:40,392:INFO: [TRAIN] Step: 391 ; Loss: 24.525 ; Acc: 45.525
2018-09-19 15:29:40,470:INFO: [TRAIN] Step: 392 ; Loss: 23.501 ; Acc: 45.536
2018-09-19 15:29:40,550:INFO: [TRAIN] Step: 393 ; Loss: 23.482 ; Acc: 45.548
2018-09-19 15:29:40,624:INFO: [TRAIN] Step: 394 ; Loss: 24.349 ; Acc: 45.549
2018-09-19 15:29:40,704:INFO: [TRAIN] Step: 395 ; Loss: 18.971 ; Acc: 45.623
2018-09-19 15:29:40,780:INFO: [TRAIN] Step: 396 ; Loss: 18.118 ; Acc: 45.676
2018-09-19 15:29:40,859:INFO: [TRAIN] Step: 397 ; Loss: 29.125 ; Acc: 45.666
2018-09-19 15:29:40,934:INFO: [TRAIN] Step: 398 ; Loss: 29.485 ; Acc: 45.666
2018-09-19 15:29:41,015:INFO: [TRAIN] Step: 399 ; Loss: 27.096 ; Acc: 45.677
2018-09-19 15:29:41,090:INFO: [TRAIN] Step: 400 ; Loss: 23.909 ; Acc: 45.698
2018-09-19 15:29:41,171:INFO: [TRAIN] Step: 401 ; Loss: 22.134 ; Acc: 45.730
2018-09-19 15:29:41,243:INFO: [TRAIN] Step: 402 ; Loss: 25.746 ; Acc: 45.751
2018-09-19 15:29:41,325:INFO: [TRAIN] Step: 403 ; Loss: 26.531 ; Acc: 45.751
2018-09-19 15:29:41,398:INFO: [TRAIN] Step: 404 ; Loss: 25.797 ; Acc: 45.700
2018-09-19 15:29:41,477:INFO: [TRAIN] Step: 405 ; Loss: 24.977 ; Acc: 45.690
2018-09-19 15:29:41,550:INFO: [TRAIN] Step: 406 ; Loss: 25.865 ; Acc: 45.731
2018-09-19 15:29:41,630:INFO: [TRAIN] Step: 407 ; Loss: 22.995 ; Acc: 45.762
2018-09-19 15:29:41,704:INFO: [TRAIN] Step: 408 ; Loss: 24.210 ; Acc: 45.803
2018-09-19 15:29:41,785:INFO: [TRAIN] Step: 409 ; Loss: 25.620 ; Acc: 45.823
2018-09-19 15:29:41,859:INFO: [TRAIN] Step: 410 ; Loss: 23.489 ; Acc: 45.833
2018-09-19 15:29:41,940:INFO: [TRAIN] Step: 411 ; Loss: 24.443 ; Acc: 45.793
2018-09-19 15:29:42,014:INFO: [TRAIN] Step: 412 ; Loss: 20.788 ; Acc: 45.823
2018-09-19 15:29:42,095:INFO: [TRAIN] Step: 413 ; Loss: 25.489 ; Acc: 45.853
2018-09-19 15:29:42,169:INFO: [TRAIN] Step: 414 ; Loss: 23.460 ; Acc: 45.873
2018-09-19 15:29:42,248:INFO: [TRAIN] Step: 415 ; Loss: 24.692 ; Acc: 45.913
2018-09-19 15:29:42,320:INFO: [TRAIN] Step: 416 ; Loss: 22.311 ; Acc: 45.913
2018-09-19 15:29:42,400:INFO: [TRAIN] Step: 417 ; Loss: 21.888 ; Acc: 45.933
2018-09-19 15:29:42,474:INFO: [TRAIN] Step: 418 ; Loss: 19.509 ; Acc: 45.953
2018-09-19 15:29:42,554:INFO: [TRAIN] Step: 419 ; Loss: 18.060 ; Acc: 46.002
2018-09-19 15:29:42,629:INFO: [TRAIN] Step: 420 ; Loss: 23.461 ; Acc: 46.031
2018-09-19 15:29:42,711:INFO: [TRAIN] Step: 421 ; Loss: 21.337 ; Acc: 46.051
2018-09-19 15:29:42,786:INFO: [TRAIN] Step: 422 ; Loss: 21.757 ; Acc: 46.070
2018-09-19 15:29:42,867:INFO: [TRAIN] Step: 423 ; Loss: 25.424 ; Acc: 46.108
2018-09-19 15:29:42,940:INFO: [TRAIN] Step: 424 ; Loss: 22.517 ; Acc: 46.108
2018-09-19 15:29:43,022:INFO: [TRAIN] Step: 425 ; Loss: 26.539 ; Acc: 46.107
2018-09-19 15:29:43,097:INFO: [TRAIN] Step: 426 ; Loss: 26.308 ; Acc: 46.107
2018-09-19 15:29:43,177:INFO: [TRAIN] Step: 427 ; Loss: 24.092 ; Acc: 46.135
2018-09-19 15:29:43,252:INFO: [TRAIN] Step: 428 ; Loss: 28.179 ; Acc: 46.125
2018-09-19 15:29:43,334:INFO: [TRAIN] Step: 429 ; Loss: 22.942 ; Acc: 46.124
2018-09-19 15:29:43,409:INFO: [TRAIN] Step: 430 ; Loss: 23.046 ; Acc: 46.172
2018-09-19 15:29:43,489:INFO: [TRAIN] Step: 431 ; Loss: 24.700 ; Acc: 46.171
2018-09-19 15:29:43,563:INFO: [TRAIN] Step: 432 ; Loss: 23.884 ; Acc: 46.180
2018-09-19 15:29:43,643:INFO: [TRAIN] Step: 433 ; Loss: 20.493 ; Acc: 46.208
2018-09-19 15:29:43,716:INFO: [TRAIN] Step: 434 ; Loss: 24.549 ; Acc: 46.207
2018-09-19 15:29:43,796:INFO: [TRAIN] Step: 435 ; Loss: 22.537 ; Acc: 46.216
2018-09-19 15:29:43,869:INFO: [TRAIN] Step: 436 ; Loss: 24.606 ; Acc: 46.215
2018-09-19 15:29:43,949:INFO: [TRAIN] Step: 437 ; Loss: 29.140 ; Acc: 46.195
2018-09-19 15:29:44,024:INFO: [TRAIN] Step: 438 ; Loss: 25.536 ; Acc: 46.194
2018-09-19 15:29:44,104:INFO: [TRAIN] Step: 439 ; Loss: 24.221 ; Acc: 46.203
2018-09-19 15:29:44,178:INFO: [TRAIN] Step: 440 ; Loss: 25.715 ; Acc: 46.192
2018-09-19 15:29:44,258:INFO: [TRAIN] Step: 441 ; Loss: 25.838 ; Acc: 46.173
2018-09-19 15:29:44,331:INFO: [TRAIN] Step: 442 ; Loss: 22.521 ; Acc: 46.191
2018-09-19 15:29:44,411:INFO: [TRAIN] Step: 443 ; Loss: 27.551 ; Acc: 46.162
2018-09-19 15:29:44,485:INFO: [TRAIN] Step: 444 ; Loss: 27.305 ; Acc: 46.180
2018-09-19 15:29:44,567:INFO: [TRAIN] Step: 445 ; Loss: 23.045 ; Acc: 46.188
2018-09-19 15:29:44,641:INFO: [TRAIN] Step: 446 ; Loss: 24.886 ; Acc: 46.188
2018-09-19 15:29:44,721:INFO: [TRAIN] Step: 447 ; Loss: 24.997 ; Acc: 46.196
2018-09-19 15:29:44,797:INFO: [TRAIN] Step: 448 ; Loss: 25.088 ; Acc: 46.167
2018-09-19 15:29:44,880:INFO: [TRAIN] Step: 449 ; Loss: 26.244 ; Acc: 46.148
2018-09-19 15:29:44,954:INFO: [TRAIN] Step: 450 ; Loss: 27.397 ; Acc: 46.166
2018-09-19 15:29:45,035:INFO: [TRAIN] Step: 451 ; Loss: 27.837 ; Acc: 46.138
2018-09-19 15:29:45,110:INFO: [TRAIN] Step: 452 ; Loss: 25.407 ; Acc: 46.137
2018-09-19 15:29:45,189:INFO: [TRAIN] Step: 453 ; Loss: 23.404 ; Acc: 46.164
2018-09-19 15:29:45,262:INFO: [TRAIN] Step: 454 ; Loss: 26.334 ; Acc: 46.190
2018-09-19 15:29:45,341:INFO: [TRAIN] Step: 455 ; Loss: 19.929 ; Acc: 46.254
2018-09-19 15:29:45,414:INFO: [TRAIN] Step: 456 ; Loss: 21.112 ; Acc: 46.326
2018-09-19 15:29:45,495:INFO: [TRAIN] Step: 457 ; Loss: 26.213 ; Acc: 46.325
2018-09-19 15:29:45,569:INFO: [TRAIN] Step: 458 ; Loss: 21.874 ; Acc: 46.351
2018-09-19 15:29:45,648:INFO: [TRAIN] Step: 459 ; Loss: 28.095 ; Acc: 46.341
2018-09-19 15:29:45,726:INFO: [TRAIN] Step: 460 ; Loss: 24.321 ; Acc: 46.358
2018-09-19 15:29:45,806:INFO: [TRAIN] Step: 461 ; Loss: 26.215 ; Acc: 46.338
2018-09-19 15:29:45,879:INFO: [TRAIN] Step: 462 ; Loss: 25.777 ; Acc: 46.355
2018-09-19 15:29:45,964:INFO: [TRAIN] Step: 463 ; Loss: 24.128 ; Acc: 46.381
2018-09-19 15:29:46,037:INFO: [TRAIN] Step: 464 ; Loss: 23.838 ; Acc: 46.380
2018-09-19 15:29:46,118:INFO: [TRAIN] Step: 465 ; Loss: 24.027 ; Acc: 46.388
2018-09-19 15:29:46,189:INFO: [TRAIN] Step: 466 ; Loss: 21.032 ; Acc: 46.458
2018-09-19 15:29:46,270:INFO: [TRAIN] Step: 467 ; Loss: 26.047 ; Acc: 46.483
2018-09-19 15:29:46,344:INFO: [TRAIN] Step: 468 ; Loss: 22.504 ; Acc: 46.500
2018-09-19 15:29:46,424:INFO: [TRAIN] Step: 469 ; Loss: 25.397 ; Acc: 46.498
2018-09-19 15:29:46,500:INFO: [TRAIN] Step: 470 ; Loss: 22.622 ; Acc: 46.479
2018-09-19 15:29:46,580:INFO: [TRAIN] Step: 471 ; Loss: 24.674 ; Acc: 46.487
2018-09-19 15:29:46,654:INFO: [TRAIN] Step: 472 ; Loss: 25.380 ; Acc: 46.485
2018-09-19 15:29:46,733:INFO: [TRAIN] Step: 473 ; Loss: 29.312 ; Acc: 46.440
2018-09-19 15:29:46,812:INFO: [TRAIN] Step: 474 ; Loss: 20.278 ; Acc: 46.456
2018-09-19 15:29:46,894:INFO: [TRAIN] Step: 475 ; Loss: 24.622 ; Acc: 46.455
2018-09-19 15:29:46,966:INFO: [TRAIN] Step: 476 ; Loss: 19.024 ; Acc: 46.471
2018-09-19 15:29:47,046:INFO: [TRAIN] Step: 477 ; Loss: 16.439 ; Acc: 46.522
2018-09-19 15:29:47,120:INFO: [TRAIN] Step: 478 ; Loss: 25.279 ; Acc: 46.538
2018-09-19 15:29:47,200:INFO: [TRAIN] Step: 479 ; Loss: 21.677 ; Acc: 46.580
2018-09-19 15:29:47,277:INFO: [TRAIN] Step: 480 ; Loss: 28.513 ; Acc: 46.570
2018-09-19 15:29:47,359:INFO: [TRAIN] Step: 481 ; Loss: 25.228 ; Acc: 46.542
2018-09-19 15:29:47,432:INFO: [TRAIN] Step: 482 ; Loss: 24.221 ; Acc: 46.549
2018-09-19 15:29:47,512:INFO: [TRAIN] Step: 483 ; Loss: 20.037 ; Acc: 46.582
2018-09-19 15:29:47,598:INFO: [TRAIN] Step: 484 ; Loss: 23.277 ; Acc: 46.598
2018-09-19 15:29:47,694:INFO: [TRAIN] Step: 485 ; Loss: 27.902 ; Acc: 46.596
2018-09-19 15:29:47,768:INFO: [TRAIN] Step: 486 ; Loss: 20.751 ; Acc: 46.638
2018-09-19 15:29:47,850:INFO: [TRAIN] Step: 487 ; Loss: 26.483 ; Acc: 46.644
2018-09-19 15:29:47,922:INFO: [TRAIN] Step: 488 ; Loss: 24.577 ; Acc: 46.626
2018-09-19 15:29:48,002:INFO: [TRAIN] Step: 489 ; Loss: 26.988 ; Acc: 46.641
2018-09-19 15:29:48,077:INFO: [TRAIN] Step: 490 ; Loss: 23.685 ; Acc: 46.640
2018-09-19 15:29:48,163:INFO: [TRAIN] Step: 491 ; Loss: 29.337 ; Acc: 46.604
2018-09-19 15:29:48,236:INFO: [TRAIN] Step: 492 ; Loss: 23.686 ; Acc: 46.645
2018-09-19 15:29:48,315:INFO: [TRAIN] Step: 493 ; Loss: 19.102 ; Acc: 46.685
2018-09-19 15:29:48,390:INFO: [TRAIN] Step: 494 ; Loss: 26.744 ; Acc: 46.641
2018-09-19 15:29:48,470:INFO: [TRAIN] Step: 495 ; Loss: 20.820 ; Acc: 46.673
2018-09-19 15:29:48,545:INFO: [TRAIN] Step: 496 ; Loss: 25.566 ; Acc: 46.663
2018-09-19 15:29:48,625:INFO: [TRAIN] Step: 497 ; Loss: 26.377 ; Acc: 46.653
2018-09-19 15:29:48,699:INFO: [TRAIN] Step: 498 ; Loss: 24.183 ; Acc: 46.668
2018-09-19 15:29:48,781:INFO: [TRAIN] Step: 499 ; Loss: 27.624 ; Acc: 46.650
2018-09-19 15:29:48,854:INFO: [TRAIN] Step: 500 ; Loss: 20.353 ; Acc: 46.673
2018-09-19 15:29:48,935:INFO: [TRAIN] Step: 501 ; Loss: 26.044 ; Acc: 46.688
2018-09-19 15:29:49,008:INFO: [TRAIN] Step: 502 ; Loss: 21.998 ; Acc: 46.687
2018-09-19 15:29:49,090:INFO: [TRAIN] Step: 503 ; Loss: 20.692 ; Acc: 46.710
2018-09-19 15:29:49,164:INFO: [TRAIN] Step: 504 ; Loss: 19.994 ; Acc: 46.757
2018-09-19 15:29:49,243:INFO: [TRAIN] Step: 505 ; Loss: 24.726 ; Acc: 46.756
2018-09-19 15:29:49,319:INFO: [TRAIN] Step: 506 ; Loss: 22.798 ; Acc: 46.754
2018-09-19 15:29:49,401:INFO: [TRAIN] Step: 507 ; Loss: 19.340 ; Acc: 46.801
2018-09-19 15:29:49,474:INFO: [TRAIN] Step: 508 ; Loss: 24.124 ; Acc: 46.816
2018-09-19 15:29:49,559:INFO: [TRAIN] Step: 509 ; Loss: 20.033 ; Acc: 46.863
2018-09-19 15:29:49,630:INFO: [TRAIN] Step: 510 ; Loss: 26.594 ; Acc: 46.861
2018-09-19 15:29:49,709:INFO: [TRAIN] Step: 511 ; Loss: 26.281 ; Acc: 46.851
2018-09-19 15:29:49,785:INFO: [TRAIN] Step: 512 ; Loss: 26.606 ; Acc: 46.832
2018-09-19 15:29:49,866:INFO: [TRAIN] Step: 513 ; Loss: 23.934 ; Acc: 46.822
2018-09-19 15:29:49,939:INFO: [TRAIN] Step: 514 ; Loss: 25.276 ; Acc: 46.796
2018-09-19 15:29:50,019:INFO: [TRAIN] Step: 515 ; Loss: 23.093 ; Acc: 46.802
2018-09-19 15:29:50,093:INFO: [TRAIN] Step: 516 ; Loss: 28.802 ; Acc: 46.792
2018-09-19 15:29:50,176:INFO: [TRAIN] Step: 517 ; Loss: 21.181 ; Acc: 46.782
2018-09-19 15:29:50,251:INFO: [TRAIN] Step: 518 ; Loss: 21.532 ; Acc: 46.797
2018-09-19 15:29:50,333:INFO: [TRAIN] Step: 519 ; Loss: 19.841 ; Acc: 46.811
2018-09-19 15:29:50,408:INFO: [TRAIN] Step: 520 ; Loss: 24.647 ; Acc: 46.801
2018-09-19 15:29:50,495:INFO: [TRAIN] Step: 521 ; Loss: 23.884 ; Acc: 46.823
2018-09-19 15:29:50,568:INFO: [TRAIN] Step: 522 ; Loss: 22.532 ; Acc: 46.837
2018-09-19 15:29:50,648:INFO: [TRAIN] Step: 523 ; Loss: 21.459 ; Acc: 46.851
2018-09-19 15:29:50,724:INFO: [TRAIN] Step: 524 ; Loss: 21.900 ; Acc: 46.873
2018-09-19 15:29:50,803:INFO: [TRAIN] Step: 525 ; Loss: 24.580 ; Acc: 46.871
2018-09-19 15:29:50,876:INFO: [TRAIN] Step: 526 ; Loss: 20.258 ; Acc: 46.885
2018-09-19 15:29:50,956:INFO: [TRAIN] Step: 527 ; Loss: 23.161 ; Acc: 46.891
2018-09-19 15:29:51,028:INFO: [TRAIN] Step: 528 ; Loss: 29.224 ; Acc: 46.881
2018-09-19 15:29:51,109:INFO: [TRAIN] Step: 529 ; Loss: 22.784 ; Acc: 46.895
2018-09-19 15:29:51,181:INFO: [TRAIN] Step: 530 ; Loss: 21.075 ; Acc: 46.916
2018-09-19 15:29:51,260:INFO: [TRAIN] Step: 531 ; Loss: 23.433 ; Acc: 46.930
2018-09-19 15:29:51,333:INFO: [TRAIN] Step: 532 ; Loss: 23.348 ; Acc: 46.951
2018-09-19 15:29:51,415:INFO: [TRAIN] Step: 533 ; Loss: 25.095 ; Acc: 46.941
2018-09-19 15:29:51,489:INFO: [TRAIN] Step: 534 ; Loss: 25.530 ; Acc: 46.931
2018-09-19 15:29:51,570:INFO: [TRAIN] Step: 535 ; Loss: 23.111 ; Acc: 46.961
2018-09-19 15:29:51,646:INFO: [TRAIN] Step: 536 ; Loss: 23.104 ; Acc: 46.966
2018-09-19 15:29:51,727:INFO: [TRAIN] Step: 537 ; Loss: 21.810 ; Acc: 47.011
2018-09-19 15:29:51,801:INFO: [TRAIN] Step: 538 ; Loss: 25.074 ; Acc: 47.024
2018-09-19 15:29:51,884:INFO: [TRAIN] Step: 539 ; Loss: 21.767 ; Acc: 47.052
2018-09-19 15:29:51,956:INFO: [TRAIN] Step: 540 ; Loss: 20.935 ; Acc: 47.073
2018-09-19 15:29:52,036:INFO: [TRAIN] Step: 541 ; Loss: 21.355 ; Acc: 47.086
2018-09-19 15:29:52,115:INFO: [TRAIN] Step: 542 ; Loss: 22.634 ; Acc: 47.099
2018-09-19 15:29:52,196:INFO: [TRAIN] Step: 543 ; Loss: 24.737 ; Acc: 47.120
2018-09-19 15:29:52,269:INFO: [TRAIN] Step: 544 ; Loss: 23.842 ; Acc: 47.133
2018-09-19 15:29:52,349:INFO: [TRAIN] Step: 545 ; Loss: 23.490 ; Acc: 47.138
2018-09-19 15:29:52,422:INFO: [TRAIN] Step: 546 ; Loss: 21.779 ; Acc: 47.151
2018-09-19 15:29:52,503:INFO: [TRAIN] Step: 547 ; Loss: 27.513 ; Acc: 47.118
2018-09-19 15:29:52,577:INFO: [TRAIN] Step: 548 ; Loss: 23.226 ; Acc: 47.108
2018-09-19 15:29:52,656:INFO: [TRAIN] Step: 549 ; Loss: 20.165 ; Acc: 47.159
2018-09-19 15:29:52,728:INFO: [TRAIN] Step: 550 ; Loss: 20.460 ; Acc: 47.179
2018-09-19 15:29:52,818:INFO: [TRAIN] Step: 551 ; Loss: 29.650 ; Acc: 47.169
2018-09-19 15:29:52,913:INFO: [TRAIN] Step: 552 ; Loss: 26.827 ; Acc: 47.167
2018-09-19 15:29:52,999:INFO: [TRAIN] Step: 553 ; Loss: 25.962 ; Acc: 47.142
2018-09-19 15:29:53,077:INFO: [TRAIN] Step: 554 ; Loss: 19.615 ; Acc: 47.155
2018-09-19 15:29:53,159:INFO: [TRAIN] Step: 555 ; Loss: 18.721 ; Acc: 47.197
2018-09-19 15:29:53,232:INFO: [TRAIN] Step: 556 ; Loss: 24.726 ; Acc: 47.180
2018-09-19 15:29:53,314:INFO: [TRAIN] Step: 557 ; Loss: 25.397 ; Acc: 47.162
2018-09-19 15:29:53,387:INFO: [TRAIN] Step: 558 ; Loss: 24.308 ; Acc: 47.168
2018-09-19 15:29:53,467:INFO: [TRAIN] Step: 559 ; Loss: 23.168 ; Acc: 47.173
2018-09-19 15:29:53,541:INFO: [TRAIN] Step: 560 ; Loss: 22.250 ; Acc: 47.200
2018-09-19 15:29:53,620:INFO: [TRAIN] Step: 561 ; Loss: 23.137 ; Acc: 47.212
2018-09-19 15:29:53,693:INFO: [TRAIN] Step: 562 ; Loss: 26.981 ; Acc: 47.173
2018-09-19 15:29:53,774:INFO: [TRAIN] Step: 563 ; Loss: 24.097 ; Acc: 47.171
2018-09-19 15:29:53,851:INFO: [TRAIN] Step: 564 ; Loss: 22.422 ; Acc: 47.183
2018-09-19 15:29:53,931:INFO: [TRAIN] Step: 565 ; Loss: 23.051 ; Acc: 47.195
2018-09-19 15:29:54,004:INFO: [TRAIN] Step: 566 ; Loss: 21.591 ; Acc: 47.185
2018-09-19 15:29:54,085:INFO: [TRAIN] Step: 567 ; Loss: 18.723 ; Acc: 47.198
2018-09-19 15:29:54,159:INFO: [TRAIN] Step: 568 ; Loss: 19.162 ; Acc: 47.232
2018-09-19 15:29:54,241:INFO: [TRAIN] Step: 569 ; Loss: 19.138 ; Acc: 47.295
2018-09-19 15:29:54,315:INFO: [TRAIN] Step: 570 ; Loss: 19.041 ; Acc: 47.337
2018-09-19 15:29:54,397:INFO: [TRAIN] Step: 571 ; Loss: 21.878 ; Acc: 47.348
2018-09-19 15:29:54,470:INFO: [TRAIN] Step: 572 ; Loss: 29.263 ; Acc: 47.324
2018-09-19 15:29:54,550:INFO: [TRAIN] Step: 573 ; Loss: 25.118 ; Acc: 47.350
2018-09-19 15:29:54,623:INFO: [TRAIN] Step: 574 ; Loss: 22.880 ; Acc: 47.384
2018-09-19 15:29:54,703:INFO: [TRAIN] Step: 575 ; Loss: 16.308 ; Acc: 47.439
2018-09-19 15:29:54,777:INFO: [TRAIN] Step: 576 ; Loss: 23.384 ; Acc: 47.429
2018-09-19 15:29:54,860:INFO: [TRAIN] Step: 577 ; Loss: 25.060 ; Acc: 47.419
2018-09-19 15:29:54,933:INFO: [TRAIN] Step: 578 ; Loss: 19.876 ; Acc: 47.453
2018-09-19 15:29:55,011:INFO: [TRAIN] Step: 579 ; Loss: 15.587 ; Acc: 47.486
2018-09-19 15:29:55,087:INFO: [TRAIN] Step: 580 ; Loss: 19.658 ; Acc: 47.511
2018-09-19 15:29:55,167:INFO: [TRAIN] Step: 581 ; Loss: 25.349 ; Acc: 47.523
2018-09-19 15:29:55,242:INFO: [TRAIN] Step: 582 ; Loss: 24.042 ; Acc: 47.520
2018-09-19 15:29:55,327:INFO: [TRAIN] Step: 583 ; Loss: 28.539 ; Acc: 47.524
2018-09-19 15:29:55,402:INFO: [TRAIN] Step: 584 ; Loss: 22.018 ; Acc: 47.536
2018-09-19 15:29:55,482:INFO: [TRAIN] Step: 585 ; Loss: 18.055 ; Acc: 47.575
2018-09-19 15:29:55,555:INFO: [TRAIN] Step: 586 ; Loss: 27.717 ; Acc: 47.544
2018-09-19 15:29:55,639:INFO: [TRAIN] Step: 587 ; Loss: 26.579 ; Acc: 47.534
2018-09-19 15:29:55,712:INFO: [TRAIN] Step: 588 ; Loss: 23.615 ; Acc: 47.559
2018-09-19 15:29:55,793:INFO: [TRAIN] Step: 589 ; Loss: 22.552 ; Acc: 47.578
2018-09-19 15:29:55,867:INFO: [TRAIN] Step: 590 ; Loss: 26.697 ; Acc: 47.589
2018-09-19 15:29:55,947:INFO: [TRAIN] Step: 591 ; Loss: 22.179 ; Acc: 47.607
2018-09-19 15:29:56,020:INFO: [TRAIN] Step: 592 ; Loss: 22.582 ; Acc: 47.604
2018-09-19 15:29:56,103:INFO: [TRAIN] Step: 593 ; Loss: 20.326 ; Acc: 47.622
2018-09-19 15:29:56,179:INFO: [TRAIN] Step: 594 ; Loss: 20.360 ; Acc: 47.626
2018-09-19 15:29:56,260:INFO: [TRAIN] Step: 595 ; Loss: 23.629 ; Acc: 47.644
2018-09-19 15:29:56,335:INFO: [TRAIN] Step: 596 ; Loss: 27.776 ; Acc: 47.627
2018-09-19 15:29:56,415:INFO: [TRAIN] Step: 597 ; Loss: 26.137 ; Acc: 47.645
2018-09-19 15:29:56,491:INFO: [TRAIN] Step: 598 ; Loss: 24.058 ; Acc: 47.656
2018-09-19 15:29:56,571:INFO: [TRAIN] Step: 599 ; Loss: 21.072 ; Acc: 47.681
2018-09-19 15:29:56,643:INFO: [TRAIN] Step: 600 ; Loss: 22.916 ; Acc: 47.677
2018-09-19 15:29:56,721:INFO: [TRAIN] Step: 601 ; Loss: 29.027 ; Acc: 47.674
2018-09-19 15:29:56,794:INFO: [TRAIN] Step: 602 ; Loss: 21.648 ; Acc: 47.671
2018-09-19 15:29:56,874:INFO: [TRAIN] Step: 603 ; Loss: 24.291 ; Acc: 47.675
2018-09-19 15:29:56,949:INFO: [TRAIN] Step: 604 ; Loss: 21.718 ; Acc: 47.679
2018-09-19 15:29:57,028:INFO: [TRAIN] Step: 605 ; Loss: 27.364 ; Acc: 47.669
2018-09-19 15:29:57,104:INFO: [TRAIN] Step: 606 ; Loss: 21.698 ; Acc: 47.666
2018-09-19 15:29:57,187:INFO: [TRAIN] Step: 607 ; Loss: 24.832 ; Acc: 47.677
2018-09-19 15:29:57,261:INFO: [TRAIN] Step: 608 ; Loss: 22.264 ; Acc: 47.722
2018-09-19 15:29:57,342:INFO: [TRAIN] Step: 609 ; Loss: 20.460 ; Acc: 47.746
2018-09-19 15:29:57,417:INFO: [TRAIN] Step: 610 ; Loss: 21.305 ; Acc: 47.763
2018-09-19 15:29:57,498:INFO: [TRAIN] Step: 611 ; Loss: 30.268 ; Acc: 47.774
2018-09-19 15:29:57,571:INFO: [TRAIN] Step: 612 ; Loss: 25.312 ; Acc: 47.777
2018-09-19 15:29:57,652:INFO: [TRAIN] Step: 613 ; Loss: 21.918 ; Acc: 47.788
2018-09-19 15:29:57,727:INFO: [TRAIN] Step: 614 ; Loss: 23.235 ; Acc: 47.791
2018-09-19 15:29:57,809:INFO: [TRAIN] Step: 615 ; Loss: 25.963 ; Acc: 47.795
2018-09-19 15:29:57,882:INFO: [TRAIN] Step: 616 ; Loss: 24.999 ; Acc: 47.812
2018-09-19 15:29:57,962:INFO: [TRAIN] Step: 617 ; Loss: 22.480 ; Acc: 47.822
2018-09-19 15:29:58,035:INFO: [TRAIN] Step: 618 ; Loss: 24.248 ; Acc: 47.833
2018-09-19 15:29:58,117:INFO: [TRAIN] Step: 619 ; Loss: 18.155 ; Acc: 47.876
2018-09-19 15:29:58,191:INFO: [TRAIN] Step: 620 ; Loss: 16.965 ; Acc: 47.933
2018-09-19 15:29:58,271:INFO: [TRAIN] Step: 621 ; Loss: 26.144 ; Acc: 47.923
2018-09-19 15:29:58,344:INFO: [TRAIN] Step: 622 ; Loss: 22.070 ; Acc: 47.940
2018-09-19 15:29:58,424:INFO: [TRAIN] Step: 623 ; Loss: 21.423 ; Acc: 47.970
2018-09-19 15:29:58,500:INFO: [TRAIN] Step: 624 ; Loss: 22.845 ; Acc: 47.967
2018-09-19 15:29:58,581:INFO: [TRAIN] Step: 625 ; Loss: 26.342 ; Acc: 47.963
2018-09-19 15:29:58,654:INFO: [TRAIN] Step: 626 ; Loss: 24.457 ; Acc: 47.960
2018-09-19 15:29:58,732:INFO: [TRAIN] Step: 627 ; Loss: 24.384 ; Acc: 47.963
2018-09-19 15:29:58,805:INFO: [TRAIN] Step: 628 ; Loss: 20.297 ; Acc: 47.960
2018-09-19 15:29:58,888:INFO: [TRAIN] Step: 629 ; Loss: 20.159 ; Acc: 47.963
2018-09-19 15:29:58,962:INFO: [TRAIN] Step: 630 ; Loss: 24.804 ; Acc: 47.979
2018-09-19 15:29:59,043:INFO: [TRAIN] Step: 631 ; Loss: 25.740 ; Acc: 48.002
2018-09-19 15:29:59,118:INFO: [TRAIN] Step: 632 ; Loss: 22.988 ; Acc: 47.992
2018-09-19 15:29:59,199:INFO: [TRAIN] Step: 633 ; Loss: 18.299 ; Acc: 48.022
2018-09-19 15:29:59,273:INFO: [TRAIN] Step: 634 ; Loss: 20.309 ; Acc: 48.038
2018-09-19 15:29:59,354:INFO: [TRAIN] Step: 635 ; Loss: 22.918 ; Acc: 48.041
2018-09-19 15:29:59,431:INFO: [TRAIN] Step: 636 ; Loss: 26.100 ; Acc: 48.044
2018-09-19 15:29:59,511:INFO: [TRAIN] Step: 637 ; Loss: 24.024 ; Acc: 48.047
2018-09-19 15:29:59,583:INFO: [TRAIN] Step: 638 ; Loss: 22.956 ; Acc: 48.050
2018-09-19 15:29:59,665:INFO: [TRAIN] Step: 639 ; Loss: 21.923 ; Acc: 48.079
2018-09-19 15:29:59,737:INFO: [TRAIN] Step: 640 ; Loss: 23.987 ; Acc: 48.089
2018-09-19 15:29:59,818:INFO: [TRAIN] Step: 641 ; Loss: 23.056 ; Acc: 48.092
2018-09-19 15:29:59,893:INFO: [TRAIN] Step: 642 ; Loss: 22.125 ; Acc: 48.114
2018-09-19 15:29:59,972:INFO: [TRAIN] Step: 643 ; Loss: 20.576 ; Acc: 48.137
2018-09-19 15:30:00,047:INFO: [TRAIN] Step: 644 ; Loss: 25.075 ; Acc: 48.127
2018-09-19 15:30:00,128:INFO: [TRAIN] Step: 645 ; Loss: 21.419 ; Acc: 48.149
2018-09-19 15:30:00,202:INFO: [TRAIN] Step: 646 ; Loss: 17.452 ; Acc: 48.177
2018-09-19 15:30:00,281:INFO: [TRAIN] Step: 647 ; Loss: 22.325 ; Acc: 48.180
2018-09-19 15:30:00,358:INFO: [TRAIN] Step: 648 ; Loss: 23.900 ; Acc: 48.196
2018-09-19 15:30:00,438:INFO: [TRAIN] Step: 649 ; Loss: 18.917 ; Acc: 48.218
2018-09-19 15:30:00,514:INFO: [TRAIN] Step: 650 ; Loss: 28.465 ; Acc: 48.189
2018-09-19 15:30:00,597:INFO: [TRAIN] Step: 651 ; Loss: 24.557 ; Acc: 48.179
2018-09-19 15:30:00,672:INFO: [TRAIN] Step: 652 ; Loss: 23.023 ; Acc: 48.175
2018-09-19 15:30:00,752:INFO: [TRAIN] Step: 653 ; Loss: 19.492 ; Acc: 48.203
2018-09-19 15:30:00,825:INFO: [TRAIN] Step: 654 ; Loss: 18.482 ; Acc: 48.238
2018-09-19 15:30:00,907:INFO: [TRAIN] Step: 655 ; Loss: 25.106 ; Acc: 48.247
2018-09-19 15:30:00,982:INFO: [TRAIN] Step: 656 ; Loss: 20.884 ; Acc: 48.269
2018-09-19 15:30:01,065:INFO: [TRAIN] Step: 657 ; Loss: 25.287 ; Acc: 48.284
2018-09-19 15:30:01,141:INFO: [TRAIN] Step: 658 ; Loss: 26.032 ; Acc: 48.280
2018-09-19 15:30:01,222:INFO: [TRAIN] Step: 659 ; Loss: 30.143 ; Acc: 48.277
2018-09-19 15:30:01,296:INFO: [TRAIN] Step: 660 ; Loss: 18.850 ; Acc: 48.298
2018-09-19 15:30:01,377:INFO: [TRAIN] Step: 661 ; Loss: 21.416 ; Acc: 48.301
2018-09-19 15:30:01,451:INFO: [TRAIN] Step: 662 ; Loss: 25.811 ; Acc: 48.303
2018-09-19 15:30:01,530:INFO: [TRAIN] Step: 663 ; Loss: 22.450 ; Acc: 48.299
2018-09-19 15:30:01,607:INFO: [TRAIN] Step: 664 ; Loss: 19.838 ; Acc: 48.327
2018-09-19 15:30:01,687:INFO: [TRAIN] Step: 665 ; Loss: 24.396 ; Acc: 48.330
2018-09-19 15:30:01,760:INFO: [TRAIN] Step: 666 ; Loss: 24.436 ; Acc: 48.338
2018-09-19 15:30:01,841:INFO: [TRAIN] Step: 667 ; Loss: 22.437 ; Acc: 48.360
2018-09-19 15:30:01,914:INFO: [TRAIN] Step: 668 ; Loss: 23.614 ; Acc: 48.337
2018-09-19 15:30:01,993:INFO: [TRAIN] Step: 669 ; Loss: 18.157 ; Acc: 48.364
2018-09-19 15:30:02,067:INFO: [TRAIN] Step: 670 ; Loss: 25.088 ; Acc: 48.379
2018-09-19 15:30:02,148:INFO: [TRAIN] Step: 671 ; Loss: 19.288 ; Acc: 48.419
2018-09-19 15:30:02,224:INFO: [TRAIN] Step: 672 ; Loss: 22.914 ; Acc: 48.434
2018-09-19 15:30:02,305:INFO: [TRAIN] Step: 673 ; Loss: 24.214 ; Acc: 48.424
2018-09-19 15:30:02,379:INFO: [TRAIN] Step: 674 ; Loss: 22.711 ; Acc: 48.432
2018-09-19 15:30:02,463:INFO: [TRAIN] Step: 675 ; Loss: 21.704 ; Acc: 48.441
2018-09-19 15:30:02,538:INFO: [TRAIN] Step: 676 ; Loss: 27.750 ; Acc: 48.437
2018-09-19 15:30:02,619:INFO: [TRAIN] Step: 677 ; Loss: 23.040 ; Acc: 48.433
2018-09-19 15:30:02,693:INFO: [TRAIN] Step: 678 ; Loss: 22.569 ; Acc: 48.429
2018-09-19 15:30:02,774:INFO: [TRAIN] Step: 679 ; Loss: 19.374 ; Acc: 48.468
2018-09-19 15:30:02,850:INFO: [TRAIN] Step: 680 ; Loss: 21.682 ; Acc: 48.464
2018-09-19 15:30:02,932:INFO: [TRAIN] Step: 681 ; Loss: 21.521 ; Acc: 48.503
2018-09-19 15:30:03,008:INFO: [TRAIN] Step: 682 ; Loss: 20.902 ; Acc: 48.524
2018-09-19 15:30:03,089:INFO: [TRAIN] Step: 683 ; Loss: 19.022 ; Acc: 48.526
2018-09-19 15:30:03,164:INFO: [TRAIN] Step: 684 ; Loss: 20.163 ; Acc: 48.558
2018-09-19 15:30:03,253:INFO: [TRAIN] Step: 685 ; Loss: 20.037 ; Acc: 48.560
2018-09-19 15:30:03,330:INFO: [TRAIN] Step: 686 ; Loss: 21.781 ; Acc: 48.557
2018-09-19 15:30:03,414:INFO: [TRAIN] Step: 687 ; Loss: 22.163 ; Acc: 48.577
2018-09-19 15:30:03,492:INFO: [TRAIN] Step: 688 ; Loss: 19.111 ; Acc: 48.591
2018-09-19 15:30:03,575:INFO: [TRAIN] Step: 689 ; Loss: 18.426 ; Acc: 48.605
2018-09-19 15:30:03,655:INFO: [TRAIN] Step: 690 ; Loss: 20.759 ; Acc: 48.595
2018-09-19 15:30:03,738:INFO: [TRAIN] Step: 691 ; Loss: 18.210 ; Acc: 48.615
2018-09-19 15:30:03,815:INFO: [TRAIN] Step: 692 ; Loss: 19.977 ; Acc: 48.629
2018-09-19 15:30:03,899:INFO: [TRAIN] Step: 693 ; Loss: 17.637 ; Acc: 48.655
2018-09-19 15:30:03,974:INFO: [TRAIN] Step: 694 ; Loss: 20.502 ; Acc: 48.663
2018-09-19 15:30:04,058:INFO: [TRAIN] Step: 695 ; Loss: 24.742 ; Acc: 48.629
2018-09-19 15:30:04,138:INFO: [TRAIN] Step: 696 ; Loss: 18.449 ; Acc: 48.655
2018-09-19 15:30:04,224:INFO: [TRAIN] Step: 697 ; Loss: 20.846 ; Acc: 48.675
2018-09-19 15:30:04,300:INFO: [TRAIN] Step: 698 ; Loss: 26.030 ; Acc: 48.689
2018-09-19 15:30:04,383:INFO: [TRAIN] Step: 699 ; Loss: 23.570 ; Acc: 48.690
2018-09-19 15:30:04,460:INFO: [TRAIN] Step: 700 ; Loss: 21.415 ; Acc: 48.716
2018-09-19 15:30:04,545:INFO: [TRAIN] Step: 701 ; Loss: 24.901 ; Acc: 48.712
2018-09-19 15:30:04,624:INFO: [TRAIN] Step: 702 ; Loss: 21.133 ; Acc: 48.738
2018-09-19 15:30:04,707:INFO: [TRAIN] Step: 703 ; Loss: 27.771 ; Acc: 48.739
2018-09-19 15:30:04,785:INFO: [TRAIN] Step: 704 ; Loss: 21.571 ; Acc: 48.753
2018-09-19 15:30:04,872:INFO: [TRAIN] Step: 705 ; Loss: 21.229 ; Acc: 48.761
2018-09-19 15:30:04,953:INFO: [TRAIN] Step: 706 ; Loss: 25.315 ; Acc: 48.745
2018-09-19 15:30:05,039:INFO: [TRAIN] Step: 707 ; Loss: 23.927 ; Acc: 48.752
2018-09-19 15:30:05,134:INFO: [TRAIN] Step: 708 ; Loss: 22.920 ; Acc: 48.754
2018-09-19 15:30:05,233:INFO: [TRAIN] Step: 709 ; Loss: 27.499 ; Acc: 48.762
2018-09-19 15:30:05,312:INFO: [TRAIN] Step: 710 ; Loss: 26.545 ; Acc: 48.769
2018-09-19 15:30:05,399:INFO: [TRAIN] Step: 711 ; Loss: 23.302 ; Acc: 48.771
2018-09-19 15:30:05,477:INFO: [TRAIN] Step: 712 ; Loss: 21.413 ; Acc: 48.784
2018-09-19 15:30:05,563:INFO: [TRAIN] Step: 713 ; Loss: 19.350 ; Acc: 48.810
2018-09-19 15:30:05,645:INFO: [TRAIN] Step: 714 ; Loss: 20.863 ; Acc: 48.817
2018-09-19 15:30:05,732:INFO: [TRAIN] Step: 715 ; Loss: 25.922 ; Acc: 48.807
2018-09-19 15:30:05,812:INFO: [TRAIN] Step: 716 ; Loss: 22.347 ; Acc: 48.820
2018-09-19 15:30:05,898:INFO: [TRAIN] Step: 717 ; Loss: 23.202 ; Acc: 48.810
2018-09-19 15:30:05,979:INFO: [TRAIN] Step: 718 ; Loss: 20.337 ; Acc: 48.818
2018-09-19 15:30:06,065:INFO: [TRAIN] Step: 719 ; Loss: 21.038 ; Acc: 48.831
2018-09-19 15:30:06,163:INFO: [TRAIN] Step: 720 ; Loss: 20.918 ; Acc: 48.838
2018-09-19 15:30:06,269:INFO: [TRAIN] Step: 721 ; Loss: 18.911 ; Acc: 48.840
2018-09-19 15:30:06,352:INFO: [TRAIN] Step: 722 ; Loss: 25.896 ; Acc: 48.842
2018-09-19 15:30:06,456:INFO: [TRAIN] Step: 723 ; Loss: 26.054 ; Acc: 48.843
2018-09-19 15:30:06,549:INFO: [TRAIN] Step: 724 ; Loss: 21.865 ; Acc: 48.845
2018-09-19 15:30:06,643:INFO: [TRAIN] Step: 725 ; Loss: 19.364 ; Acc: 48.864
2018-09-19 15:30:06,727:INFO: [TRAIN] Step: 726 ; Loss: 21.441 ; Acc: 48.882
2018-09-19 15:30:06,820:INFO: [TRAIN] Step: 727 ; Loss: 21.044 ; Acc: 48.890
2018-09-19 15:30:06,903:INFO: [TRAIN] Step: 728 ; Loss: 24.384 ; Acc: 48.891
2018-09-19 15:30:06,991:INFO: [TRAIN] Step: 729 ; Loss: 22.490 ; Acc: 48.870
2018-09-19 15:30:07,074:INFO: [TRAIN] Step: 730 ; Loss: 22.800 ; Acc: 48.871
2018-09-19 15:30:07,170:INFO: [TRAIN] Step: 731 ; Loss: 20.742 ; Acc: 48.879
2018-09-19 15:30:07,256:INFO: [TRAIN] Step: 732 ; Loss: 20.610 ; Acc: 48.886
2018-09-19 15:30:07,341:INFO: [TRAIN] Step: 733 ; Loss: 29.420 ; Acc: 48.865
2018-09-19 15:30:07,435:INFO: [TRAIN] Step: 734 ; Loss: 20.464 ; Acc: 48.889
2018-09-19 15:30:07,526:INFO: [TRAIN] Step: 735 ; Loss: 20.181 ; Acc: 48.896
2018-09-19 15:30:07,610:INFO: [TRAIN] Step: 736 ; Loss: 18.800 ; Acc: 48.926
2018-09-19 15:30:07,717:INFO: [TRAIN] Step: 737 ; Loss: 25.186 ; Acc: 48.927
2018-09-19 15:30:07,797:INFO: [TRAIN] Step: 738 ; Loss: 25.756 ; Acc: 48.912
2018-09-19 15:30:07,896:INFO: [TRAIN] Step: 739 ; Loss: 24.163 ; Acc: 48.925
2018-09-19 15:30:07,977:INFO: [TRAIN] Step: 740 ; Loss: 24.302 ; Acc: 48.932
2018-09-19 15:30:08,065:INFO: [TRAIN] Step: 741 ; Loss: 22.090 ; Acc: 48.933
2018-09-19 15:30:08,152:INFO: [TRAIN] Step: 742 ; Loss: 20.264 ; Acc: 48.951
2018-09-19 15:30:08,239:INFO: [TRAIN] Step: 743 ; Loss: 24.770 ; Acc: 48.964
2018-09-19 15:30:08,321:INFO: [TRAIN] Step: 744 ; Loss: 24.027 ; Acc: 48.971
2018-09-19 15:30:08,410:INFO: [TRAIN] Step: 745 ; Loss: 22.701 ; Acc: 48.967
2018-09-19 15:30:08,492:INFO: [TRAIN] Step: 746 ; Loss: 20.973 ; Acc: 48.990
2018-09-19 15:30:08,582:INFO: [TRAIN] Step: 747 ; Loss: 21.556 ; Acc: 48.997
2018-09-19 15:30:08,667:INFO: [TRAIN] Step: 748 ; Loss: 22.983 ; Acc: 49.004
2018-09-19 15:30:08,756:INFO: [TRAIN] Step: 749 ; Loss: 21.642 ; Acc: 49.017
2018-09-19 15:30:08,842:INFO: [TRAIN] Step: 750 ; Loss: 21.232 ; Acc: 49.018
2018-09-19 15:30:08,929:INFO: [TRAIN] Step: 751 ; Loss: 25.403 ; Acc: 49.019
2018-09-19 15:30:09,009:INFO: [TRAIN] Step: 752 ; Loss: 22.388 ; Acc: 49.004
2018-09-19 15:30:09,099:INFO: [TRAIN] Step: 753 ; Loss: 25.561 ; Acc: 49.011
2018-09-19 15:30:09,184:INFO: [TRAIN] Step: 754 ; Loss: 23.263 ; Acc: 49.012
2018-09-19 15:30:09,273:INFO: [TRAIN] Step: 755 ; Loss: 24.669 ; Acc: 49.030
2018-09-19 15:30:09,355:INFO: [TRAIN] Step: 756 ; Loss: 17.650 ; Acc: 49.042
2018-09-19 15:30:09,444:INFO: [TRAIN] Step: 757 ; Loss: 20.096 ; Acc: 49.055
2018-09-19 15:30:09,526:INFO: [TRAIN] Step: 758 ; Loss: 26.214 ; Acc: 49.050
2018-09-19 15:30:09,614:INFO: [TRAIN] Step: 759 ; Loss: 24.673 ; Acc: 49.046
2018-09-19 15:30:09,695:INFO: [TRAIN] Step: 760 ; Loss: 18.231 ; Acc: 49.069
2018-09-19 15:30:09,780:INFO: [TRAIN] Step: 761 ; Loss: 20.289 ; Acc: 49.087
2018-09-19 15:30:09,861:INFO: [TRAIN] Step: 762 ; Loss: 20.064 ; Acc: 49.104
2018-09-19 15:30:09,948:INFO: [TRAIN] Step: 763 ; Loss: 20.292 ; Acc: 49.106
2018-09-19 15:30:10,029:INFO: [TRAIN] Step: 764 ; Loss: 20.712 ; Acc: 49.123
2018-09-19 15:30:10,116:INFO: [TRAIN] Step: 765 ; Loss: 21.859 ; Acc: 49.113
2018-09-19 15:30:10,198:INFO: [TRAIN] Step: 766 ; Loss: 33.153 ; Acc: 49.104
2018-09-19 15:30:10,288:INFO: [TRAIN] Step: 767 ; Loss: 22.416 ; Acc: 49.099
2018-09-19 15:30:10,369:INFO: [TRAIN] Step: 768 ; Loss: 29.518 ; Acc: 49.084
2018-09-19 15:30:10,455:INFO: [TRAIN] Step: 769 ; Loss: 27.223 ; Acc: 49.075
2018-09-19 15:30:10,537:INFO: [TRAIN] Step: 770 ; Loss: 27.286 ; Acc: 49.087
2018-09-19 15:30:10,626:INFO: [TRAIN] Step: 771 ; Loss: 22.486 ; Acc: 49.115
2018-09-19 15:30:10,709:INFO: [TRAIN] Step: 772 ; Loss: 21.753 ; Acc: 49.121
2018-09-19 15:30:10,801:INFO: [TRAIN] Step: 773 ; Loss: 19.778 ; Acc: 49.133
2018-09-19 15:30:10,881:INFO: [TRAIN] Step: 774 ; Loss: 22.972 ; Acc: 49.156
2018-09-19 15:30:10,968:INFO: [TRAIN] Step: 775 ; Loss: 25.747 ; Acc: 49.152
2018-09-19 15:30:11,049:INFO: [TRAIN] Step: 776 ; Loss: 24.239 ; Acc: 49.158
2018-09-19 15:30:11,137:INFO: [TRAIN] Step: 777 ; Loss: 25.498 ; Acc: 49.154
2018-09-19 15:30:11,222:INFO: [TRAIN] Step: 778 ; Loss: 20.433 ; Acc: 49.160
2018-09-19 15:30:11,309:INFO: [TRAIN] Step: 779 ; Loss: 26.884 ; Acc: 49.156
2018-09-19 15:30:11,392:INFO: [TRAIN] Step: 780 ; Loss: 22.118 ; Acc: 49.178
2018-09-19 15:30:11,480:INFO: [TRAIN] Step: 781 ; Loss: 23.085 ; Acc: 49.195
2018-09-19 15:30:11,560:INFO: [TRAIN] Step: 782 ; Loss: 20.510 ; Acc: 49.218
2018-09-19 15:30:11,651:INFO: [TRAIN] Step: 783 ; Loss: 21.615 ; Acc: 49.229
2018-09-19 15:30:11,733:INFO: [TRAIN] Step: 784 ; Loss: 25.537 ; Acc: 49.230
2018-09-19 15:30:11,820:INFO: [TRAIN] Step: 785 ; Loss: 24.821 ; Acc: 49.231
2018-09-19 15:30:11,900:INFO: [TRAIN] Step: 786 ; Loss: 26.382 ; Acc: 49.227
2018-09-19 15:30:11,987:INFO: [TRAIN] Step: 787 ; Loss: 21.042 ; Acc: 49.239
2018-09-19 15:30:12,067:INFO: [TRAIN] Step: 788 ; Loss: 22.430 ; Acc: 49.261
2018-09-19 15:30:12,155:INFO: [TRAIN] Step: 789 ; Loss: 22.070 ; Acc: 49.277
2018-09-19 15:30:12,234:INFO: [TRAIN] Step: 790 ; Loss: 21.709 ; Acc: 49.268
2018-09-19 15:30:12,327:INFO: [TRAIN] Step: 791 ; Loss: 20.569 ; Acc: 49.285
2018-09-19 15:30:12,408:INFO: [TRAIN] Step: 792 ; Loss: 21.980 ; Acc: 49.275
2018-09-19 15:30:12,495:INFO: [TRAIN] Step: 793 ; Loss: 24.883 ; Acc: 49.281
2018-09-19 15:30:12,576:INFO: [TRAIN] Step: 794 ; Loss: 22.380 ; Acc: 49.287
2018-09-19 15:30:12,662:INFO: [TRAIN] Step: 795 ; Loss: 22.552 ; Acc: 49.288
2018-09-19 15:30:12,744:INFO: [TRAIN] Step: 796 ; Loss: 21.902 ; Acc: 49.294
2018-09-19 15:30:12,832:INFO: [TRAIN] Step: 797 ; Loss: 22.521 ; Acc: 49.311
2018-09-19 15:30:12,916:INFO: [TRAIN] Step: 798 ; Loss: 21.018 ; Acc: 49.317
2018-09-19 15:30:13,003:INFO: [TRAIN] Step: 799 ; Loss: 22.885 ; Acc: 49.307
2018-09-19 15:30:13,085:INFO: [TRAIN] Step: 800 ; Loss: 26.870 ; Acc: 49.308
2018-09-19 15:30:13,175:INFO: [TRAIN] Step: 801 ; Loss: 25.258 ; Acc: 49.314
2018-09-19 15:30:13,254:INFO: [TRAIN] Step: 802 ; Loss: 22.281 ; Acc: 49.320
2018-09-19 15:30:13,342:INFO: [TRAIN] Step: 803 ; Loss: 22.583 ; Acc: 49.300
2018-09-19 15:30:13,422:INFO: [TRAIN] Step: 804 ; Loss: 21.300 ; Acc: 49.317
2018-09-19 15:30:13,510:INFO: [TRAIN] Step: 805 ; Loss: 17.484 ; Acc: 49.338
2018-09-19 15:30:13,593:INFO: [TRAIN] Step: 806 ; Loss: 22.715 ; Acc: 49.349
2018-09-19 15:30:13,680:INFO: [TRAIN] Step: 807 ; Loss: 21.601 ; Acc: 49.355
2018-09-19 15:30:13,762:INFO: [TRAIN] Step: 808 ; Loss: 21.816 ; Acc: 49.361
2018-09-19 15:30:13,853:INFO: [TRAIN] Step: 809 ; Loss: 19.427 ; Acc: 49.372
2018-09-19 15:30:13,932:INFO: [TRAIN] Step: 810 ; Loss: 25.808 ; Acc: 49.368
2018-09-19 15:30:14,020:INFO: [TRAIN] Step: 811 ; Loss: 22.169 ; Acc: 49.379
2018-09-19 15:30:14,102:INFO: [TRAIN] Step: 812 ; Loss: 20.202 ; Acc: 49.364
2018-09-19 15:30:14,188:INFO: [TRAIN] Step: 813 ; Loss: 19.310 ; Acc: 49.381
2018-09-19 15:30:14,269:INFO: [TRAIN] Step: 814 ; Loss: 23.542 ; Acc: 49.356
2018-09-19 15:30:14,358:INFO: [TRAIN] Step: 815 ; Loss: 18.855 ; Acc: 49.367
2018-09-19 15:30:14,440:INFO: [TRAIN] Step: 816 ; Loss: 18.594 ; Acc: 49.373
2018-09-19 15:30:14,526:INFO: [TRAIN] Step: 817 ; Loss: 20.214 ; Acc: 49.389
2018-09-19 15:30:14,609:INFO: [TRAIN] Step: 818 ; Loss: 23.016 ; Acc: 49.384
2018-09-19 15:30:14,697:INFO: [TRAIN] Step: 819 ; Loss: 21.972 ; Acc: 49.380
2018-09-19 15:30:14,782:INFO: [TRAIN] Step: 820 ; Loss: 22.499 ; Acc: 49.391
2018-09-19 15:30:14,868:INFO: [TRAIN] Step: 821 ; Loss: 25.156 ; Acc: 49.382
2018-09-19 15:30:14,948:INFO: [TRAIN] Step: 822 ; Loss: 21.226 ; Acc: 49.387
2018-09-19 15:30:15,036:INFO: [TRAIN] Step: 823 ; Loss: 22.704 ; Acc: 49.383
2018-09-19 15:30:15,120:INFO: [TRAIN] Step: 824 ; Loss: 24.699 ; Acc: 49.374
2018-09-19 15:30:15,208:INFO: [TRAIN] Step: 825 ; Loss: 22.985 ; Acc: 49.374
2018-09-19 15:30:15,289:INFO: [TRAIN] Step: 826 ; Loss: 23.723 ; Acc: 49.360
2018-09-19 15:30:15,377:INFO: [TRAIN] Step: 827 ; Loss: 24.939 ; Acc: 49.366
2018-09-19 15:30:15,458:INFO: [TRAIN] Step: 828 ; Loss: 17.950 ; Acc: 49.382
2018-09-19 15:30:15,549:INFO: [TRAIN] Step: 829 ; Loss: 20.753 ; Acc: 49.393
2018-09-19 15:30:15,633:INFO: [TRAIN] Step: 830 ; Loss: 19.544 ; Acc: 49.413
2018-09-19 15:30:15,719:INFO: [TRAIN] Step: 831 ; Loss: 19.890 ; Acc: 49.434
2018-09-19 15:30:15,804:INFO: [TRAIN] Step: 832 ; Loss: 20.166 ; Acc: 49.445
2018-09-19 15:30:15,893:INFO: [TRAIN] Step: 833 ; Loss: 20.152 ; Acc: 49.440
2018-09-19 15:30:15,975:INFO: [TRAIN] Step: 834 ; Loss: 24.804 ; Acc: 49.421
2018-09-19 15:30:16,065:INFO: [TRAIN] Step: 835 ; Loss: 24.773 ; Acc: 49.407
2018-09-19 15:30:16,145:INFO: [TRAIN] Step: 836 ; Loss: 23.869 ; Acc: 49.428
2018-09-19 15:30:16,233:INFO: [TRAIN] Step: 837 ; Loss: 23.797 ; Acc: 49.433
2018-09-19 15:30:16,316:INFO: [TRAIN] Step: 838 ; Loss: 18.234 ; Acc: 49.449
2018-09-19 15:30:16,406:INFO: [TRAIN] Step: 839 ; Loss: 23.493 ; Acc: 49.454
2018-09-19 15:30:16,487:INFO: [TRAIN] Step: 840 ; Loss: 18.581 ; Acc: 49.465
2018-09-19 15:30:16,575:INFO: [TRAIN] Step: 841 ; Loss: 25.621 ; Acc: 49.446
2018-09-19 15:30:16,658:INFO: [TRAIN] Step: 842 ; Loss: 22.867 ; Acc: 49.437
2018-09-19 15:30:16,749:INFO: [TRAIN] Step: 843 ; Loss: 18.390 ; Acc: 49.457
2018-09-19 15:30:16,829:INFO: [TRAIN] Step: 844 ; Loss: 20.191 ; Acc: 49.467
2018-09-19 15:30:16,915:INFO: [TRAIN] Step: 845 ; Loss: 20.564 ; Acc: 49.478
2018-09-19 15:30:16,997:INFO: [TRAIN] Step: 846 ; Loss: 20.411 ; Acc: 49.488
2018-09-19 15:30:17,087:INFO: [TRAIN] Step: 847 ; Loss: 28.630 ; Acc: 49.479
2018-09-19 15:30:17,168:INFO: [TRAIN] Step: 848 ; Loss: 19.205 ; Acc: 49.480
2018-09-19 15:30:17,254:INFO: [TRAIN] Step: 849 ; Loss: 22.665 ; Acc: 49.485
2018-09-19 15:30:17,333:INFO: [TRAIN] Step: 850 ; Loss: 26.106 ; Acc: 49.486
2018-09-19 15:30:17,422:INFO: [TRAIN] Step: 851 ; Loss: 17.372 ; Acc: 49.496
2018-09-19 15:30:17,506:INFO: [TRAIN] Step: 852 ; Loss: 18.726 ; Acc: 49.502
2018-09-19 15:30:17,609:INFO: [TRAIN] Step: 853 ; Loss: 25.194 ; Acc: 49.507
2018-09-19 15:30:17,693:INFO: [TRAIN] Step: 854 ; Loss: 19.777 ; Acc: 49.518
2018-09-19 15:30:17,782:INFO: [TRAIN] Step: 855 ; Loss: 19.055 ; Acc: 49.533
2018-09-19 15:30:17,862:INFO: [TRAIN] Step: 856 ; Loss: 18.124 ; Acc: 49.543
2018-09-19 15:30:17,949:INFO: [TRAIN] Step: 857 ; Loss: 20.988 ; Acc: 49.544
2018-09-19 15:30:18,031:INFO: [TRAIN] Step: 858 ; Loss: 23.760 ; Acc: 49.539
2018-09-19 15:30:18,120:INFO: [TRAIN] Step: 859 ; Loss: 26.888 ; Acc: 49.520
2018-09-19 15:30:18,204:INFO: [TRAIN] Step: 860 ; Loss: 19.424 ; Acc: 49.531
2018-09-19 15:30:18,298:INFO: [TRAIN] Step: 861 ; Loss: 22.329 ; Acc: 49.550
2018-09-19 15:30:18,379:INFO: [TRAIN] Step: 862 ; Loss: 20.977 ; Acc: 49.556
2018-09-19 15:30:18,468:INFO: [TRAIN] Step: 863 ; Loss: 26.231 ; Acc: 49.547
2018-09-19 15:30:18,547:INFO: [TRAIN] Step: 864 ; Loss: 25.228 ; Acc: 49.552
2018-09-19 15:30:18,633:INFO: [TRAIN] Step: 865 ; Loss: 19.036 ; Acc: 49.553
2018-09-19 15:30:18,713:INFO: [TRAIN] Step: 866 ; Loss: 26.749 ; Acc: 49.534
2018-09-19 15:30:18,800:INFO: [TRAIN] Step: 867 ; Loss: 24.390 ; Acc: 49.530
2018-09-19 15:30:18,879:INFO: [TRAIN] Step: 868 ; Loss: 20.760 ; Acc: 49.549
2018-09-19 15:30:18,965:INFO: [TRAIN] Step: 869 ; Loss: 22.781 ; Acc: 49.559
2018-09-19 15:30:19,046:INFO: [TRAIN] Step: 870 ; Loss: 22.307 ; Acc: 49.555
2018-09-19 15:30:19,131:INFO: [TRAIN] Step: 871 ; Loss: 25.149 ; Acc: 49.551
2018-09-19 15:30:19,211:INFO: [TRAIN] Step: 872 ; Loss: 21.309 ; Acc: 49.570
2018-09-19 15:30:19,299:INFO: [TRAIN] Step: 873 ; Loss: 19.605 ; Acc: 49.590
2018-09-19 15:30:19,378:INFO: [TRAIN] Step: 874 ; Loss: 20.858 ; Acc: 49.600
2018-09-19 15:30:19,466:INFO: [TRAIN] Step: 875 ; Loss: 22.485 ; Acc: 49.600
2018-09-19 15:30:19,545:INFO: [TRAIN] Step: 876 ; Loss: 22.256 ; Acc: 49.596
2018-09-19 15:30:19,631:INFO: [TRAIN] Step: 877 ; Loss: 22.674 ; Acc: 49.601
2018-09-19 15:30:19,712:INFO: [TRAIN] Step: 878 ; Loss: 17.361 ; Acc: 49.626
2018-09-19 15:30:19,797:INFO: [TRAIN] Step: 879 ; Loss: 27.351 ; Acc: 49.616
2018-09-19 15:30:19,875:INFO: [TRAIN] Step: 880 ; Loss: 20.825 ; Acc: 49.626
2018-09-19 15:30:19,961:INFO: [TRAIN] Step: 881 ; Loss: 21.526 ; Acc: 49.632
2018-09-19 15:30:20,039:INFO: [TRAIN] Step: 882 ; Loss: 23.677 ; Acc: 49.646
2018-09-19 15:30:20,127:INFO: [TRAIN] Step: 883 ; Loss: 24.830 ; Acc: 49.632
2018-09-19 15:30:20,207:INFO: [TRAIN] Step: 884 ; Loss: 20.776 ; Acc: 49.633
2018-09-19 15:30:20,295:INFO: [TRAIN] Step: 885 ; Loss: 23.486 ; Acc: 49.614
2018-09-19 15:30:20,374:INFO: [TRAIN] Step: 886 ; Loss: 22.790 ; Acc: 49.615
2018-09-19 15:30:20,459:INFO: [TRAIN] Step: 887 ; Loss: 18.767 ; Acc: 49.643
2018-09-19 15:30:20,539:INFO: [TRAIN] Step: 888 ; Loss: 24.435 ; Acc: 49.630
2018-09-19 15:30:20,635:INFO: [TRAIN] Step: 889 ; Loss: 22.967 ; Acc: 49.635
2018-09-19 15:30:20,717:INFO: [TRAIN] Step: 890 ; Loss: 28.753 ; Acc: 49.621
2018-09-19 15:30:20,801:INFO: [TRAIN] Step: 891 ; Loss: 22.485 ; Acc: 49.626
2018-09-19 15:30:20,883:INFO: [TRAIN] Step: 892 ; Loss: 20.422 ; Acc: 49.641
2018-09-19 15:30:20,967:INFO: [TRAIN] Step: 893 ; Loss: 20.088 ; Acc: 49.669
2018-09-19 15:30:21,047:INFO: [TRAIN] Step: 894 ; Loss: 24.369 ; Acc: 49.651
2018-09-19 15:30:21,134:INFO: [TRAIN] Step: 895 ; Loss: 18.156 ; Acc: 49.674
2018-09-19 15:30:21,211:INFO: [TRAIN] Step: 896 ; Loss: 20.649 ; Acc: 49.684
2018-09-19 15:30:21,296:INFO: [TRAIN] Step: 897 ; Loss: 25.746 ; Acc: 49.666
2018-09-19 15:30:21,377:INFO: [TRAIN] Step: 898 ; Loss: 18.522 ; Acc: 49.685
2018-09-19 15:30:21,463:INFO: [TRAIN] Step: 899 ; Loss: 20.922 ; Acc: 49.704
2018-09-19 15:30:21,546:INFO: [TRAIN] Step: 900 ; Loss: 26.553 ; Acc: 49.681
2018-09-19 15:30:21,633:INFO: [TRAIN] Step: 901 ; Loss: 25.177 ; Acc: 49.691
2018-09-19 15:30:21,712:INFO: [TRAIN] Step: 902 ; Loss: 19.080 ; Acc: 49.714
2018-09-19 15:30:21,800:INFO: [TRAIN] Step: 903 ; Loss: 26.985 ; Acc: 49.705
2018-09-19 15:30:21,879:INFO: [TRAIN] Step: 904 ; Loss: 23.712 ; Acc: 49.710
2018-09-19 15:30:21,967:INFO: [TRAIN] Step: 905 ; Loss: 23.487 ; Acc: 49.719
2018-09-19 15:30:22,046:INFO: [TRAIN] Step: 906 ; Loss: 20.073 ; Acc: 49.738
2018-09-19 15:30:22,133:INFO: [TRAIN] Step: 907 ; Loss: 20.508 ; Acc: 49.734
2018-09-19 15:30:22,214:INFO: [TRAIN] Step: 908 ; Loss: 26.226 ; Acc: 49.720
2018-09-19 15:30:22,300:INFO: [TRAIN] Step: 909 ; Loss: 19.455 ; Acc: 49.712
2018-09-19 15:30:22,383:INFO: [TRAIN] Step: 910 ; Loss: 26.369 ; Acc: 49.707
2018-09-19 15:30:22,468:INFO: [TRAIN] Step: 911 ; Loss: 22.472 ; Acc: 49.721
2018-09-19 15:30:22,546:INFO: [TRAIN] Step: 912 ; Loss: 21.836 ; Acc: 49.712
2018-09-19 15:30:22,632:INFO: [TRAIN] Step: 913 ; Loss: 19.232 ; Acc: 49.736
2018-09-19 15:30:22,710:INFO: [TRAIN] Step: 914 ; Loss: 24.366 ; Acc: 49.740
2018-09-19 15:30:22,795:INFO: [TRAIN] Step: 915 ; Loss: 22.982 ; Acc: 49.741
2018-09-19 15:30:22,877:INFO: [TRAIN] Step: 916 ; Loss: 23.527 ; Acc: 49.746
2018-09-19 15:30:22,963:INFO: [TRAIN] Step: 917 ; Loss: 22.897 ; Acc: 49.755
2018-09-19 15:30:23,045:INFO: [TRAIN] Step: 918 ; Loss: 21.766 ; Acc: 49.755
2018-09-19 15:30:23,131:INFO: [TRAIN] Step: 919 ; Loss: 21.952 ; Acc: 49.751
2018-09-19 15:30:23,208:INFO: [TRAIN] Step: 920 ; Loss: 25.098 ; Acc: 49.765
2018-09-19 15:30:23,295:INFO: [TRAIN] Step: 921 ; Loss: 21.634 ; Acc: 49.770
2018-09-19 15:30:23,374:INFO: [TRAIN] Step: 922 ; Loss: 21.540 ; Acc: 49.770
2018-09-19 15:30:23,459:INFO: [TRAIN] Step: 923 ; Loss: 24.512 ; Acc: 49.766
2018-09-19 15:30:23,538:INFO: [TRAIN] Step: 924 ; Loss: 27.781 ; Acc: 49.757
2018-09-19 15:30:23,624:INFO: [TRAIN] Step: 925 ; Loss: 22.080 ; Acc: 49.775
2018-09-19 15:30:23,704:INFO: [TRAIN] Step: 926 ; Loss: 23.712 ; Acc: 49.775
2018-09-19 15:30:23,793:INFO: [TRAIN] Step: 927 ; Loss: 26.695 ; Acc: 49.771
2018-09-19 15:30:23,871:INFO: [TRAIN] Step: 928 ; Loss: 23.529 ; Acc: 49.767
2018-09-19 15:30:23,957:INFO: [TRAIN] Step: 929 ; Loss: 17.909 ; Acc: 49.776
2018-09-19 15:30:24,037:INFO: [TRAIN] Step: 930 ; Loss: 20.069 ; Acc: 49.781
2018-09-19 15:30:24,124:INFO: [TRAIN] Step: 931 ; Loss: 24.657 ; Acc: 49.776
2018-09-19 15:30:24,206:INFO: [TRAIN] Step: 932 ; Loss: 19.253 ; Acc: 49.786
2018-09-19 15:30:24,292:INFO: [TRAIN] Step: 933 ; Loss: 19.753 ; Acc: 49.795
2018-09-19 15:30:24,374:INFO: [TRAIN] Step: 934 ; Loss: 23.972 ; Acc: 49.795
2018-09-19 15:30:24,459:INFO: [TRAIN] Step: 935 ; Loss: 19.050 ; Acc: 49.804
2018-09-19 15:30:24,539:INFO: [TRAIN] Step: 936 ; Loss: 22.498 ; Acc: 49.795
2018-09-19 15:30:24,624:INFO: [TRAIN] Step: 937 ; Loss: 27.474 ; Acc: 49.782
2018-09-19 15:30:24,702:INFO: [TRAIN] Step: 938 ; Loss: 25.662 ; Acc: 49.787
2018-09-19 15:30:24,800:INFO: [TRAIN] Step: 939 ; Loss: 21.708 ; Acc: 49.805
2018-09-19 15:30:24,877:INFO: [TRAIN] Step: 940 ; Loss: 22.759 ; Acc: 49.796
2018-09-19 15:30:24,966:INFO: [TRAIN] Step: 941 ; Loss: 23.747 ; Acc: 49.792
2018-09-19 15:30:25,047:INFO: [TRAIN] Step: 942 ; Loss: 20.604 ; Acc: 49.797
2018-09-19 15:30:25,135:INFO: [TRAIN] Step: 943 ; Loss: 21.003 ; Acc: 49.793
2018-09-19 15:30:25,215:INFO: [TRAIN] Step: 944 ; Loss: 27.815 ; Acc: 49.788
2018-09-19 15:30:25,300:INFO: [TRAIN] Step: 945 ; Loss: 21.564 ; Acc: 49.802
2018-09-19 15:30:25,379:INFO: [TRAIN] Step: 946 ; Loss: 25.743 ; Acc: 49.806
2018-09-19 15:30:25,465:INFO: [TRAIN] Step: 947 ; Loss: 23.466 ; Acc: 49.811
2018-09-19 15:30:25,546:INFO: [TRAIN] Step: 948 ; Loss: 22.578 ; Acc: 49.820
2018-09-19 15:30:25,632:INFO: [TRAIN] Step: 949 ; Loss: 21.673 ; Acc: 49.846
2018-09-19 15:30:25,712:INFO: [TRAIN] Step: 950 ; Loss: 25.861 ; Acc: 49.842
2018-09-19 15:30:25,806:INFO: [TRAIN] Step: 951 ; Loss: 18.801 ; Acc: 49.860
2018-09-19 15:30:25,886:INFO: [TRAIN] Step: 952 ; Loss: 19.374 ; Acc: 49.860
2018-09-19 15:30:25,973:INFO: [TRAIN] Step: 953 ; Loss: 18.168 ; Acc: 49.878
2018-09-19 15:30:26,053:INFO: [TRAIN] Step: 954 ; Loss: 23.500 ; Acc: 49.878
2018-09-19 15:30:26,139:INFO: [TRAIN] Step: 955 ; Loss: 17.414 ; Acc: 49.887
2018-09-19 15:30:26,224:INFO: [TRAIN] Step: 956 ; Loss: 22.798 ; Acc: 49.891
2018-09-19 15:30:26,310:INFO: [TRAIN] Step: 957 ; Loss: 24.349 ; Acc: 49.887
2018-09-19 15:30:26,388:INFO: [TRAIN] Step: 958 ; Loss: 23.190 ; Acc: 49.887
2018-09-19 15:30:26,477:INFO: [TRAIN] Step: 959 ; Loss: 31.828 ; Acc: 49.857
2018-09-19 15:30:26,557:INFO: [TRAIN] Step: 960 ; Loss: 23.029 ; Acc: 49.861
2018-09-19 15:30:26,645:INFO: [TRAIN] Step: 961 ; Loss: 28.055 ; Acc: 49.861
2018-09-19 15:30:26,725:INFO: [TRAIN] Step: 962 ; Loss: 18.857 ; Acc: 49.870
2018-09-19 15:30:26,811:INFO: [TRAIN] Step: 963 ; Loss: 21.707 ; Acc: 49.879
2018-09-19 15:30:26,891:INFO: [TRAIN] Step: 964 ; Loss: 18.021 ; Acc: 49.888
2018-09-19 15:30:26,976:INFO: [TRAIN] Step: 965 ; Loss: 25.438 ; Acc: 49.888
2018-09-19 15:30:27,057:INFO: [TRAIN] Step: 966 ; Loss: 15.878 ; Acc: 49.905
2018-09-19 15:30:27,145:INFO: [TRAIN] Step: 967 ; Loss: 19.717 ; Acc: 49.901
2018-09-19 15:30:27,223:INFO: [TRAIN] Step: 968 ; Loss: 24.160 ; Acc: 49.888
2018-09-19 15:30:27,312:INFO: [TRAIN] Step: 969 ; Loss: 26.134 ; Acc: 49.875
2018-09-19 15:30:27,393:INFO: [TRAIN] Step: 970 ; Loss: 21.596 ; Acc: 49.876
2018-09-19 15:30:27,478:INFO: [TRAIN] Step: 971 ; Loss: 16.938 ; Acc: 49.893
2018-09-19 15:30:27,557:INFO: [TRAIN] Step: 972 ; Loss: 17.338 ; Acc: 49.906
2018-09-19 15:30:27,643:INFO: [TRAIN] Step: 973 ; Loss: 25.616 ; Acc: 49.897
2018-09-19 15:30:27,724:INFO: [TRAIN] Step: 974 ; Loss: 20.543 ; Acc: 49.906
2018-09-19 15:30:27,811:INFO: [TRAIN] Step: 975 ; Loss: 20.707 ; Acc: 49.915
2018-09-19 15:30:27,893:INFO: [TRAIN] Step: 976 ; Loss: 20.296 ; Acc: 49.932
2018-09-19 15:30:27,978:INFO: [TRAIN] Step: 977 ; Loss: 23.588 ; Acc: 49.911
2018-09-19 15:30:28,058:INFO: [TRAIN] Step: 978 ; Loss: 22.264 ; Acc: 49.919
2018-09-19 15:30:28,144:INFO: [TRAIN] Step: 979 ; Loss: 22.150 ; Acc: 49.919
2018-09-19 15:30:28,224:INFO: [TRAIN] Step: 980 ; Loss: 22.862 ; Acc: 49.902
2018-09-19 15:30:28,309:INFO: [TRAIN] Step: 981 ; Loss: 20.783 ; Acc: 49.911
2018-09-19 15:30:28,387:INFO: [TRAIN] Step: 982 ; Loss: 25.706 ; Acc: 49.890
2018-09-19 15:30:28,473:INFO: [TRAIN] Step: 983 ; Loss: 22.111 ; Acc: 49.903
2018-09-19 15:30:28,551:INFO: [TRAIN] Step: 984 ; Loss: 23.065 ; Acc: 49.898
2018-09-19 15:30:28,636:INFO: [TRAIN] Step: 985 ; Loss: 18.066 ; Acc: 49.920
2018-09-19 15:30:28,715:INFO: [TRAIN] Step: 986 ; Loss: 20.562 ; Acc: 49.932
2018-09-19 15:30:28,799:INFO: [TRAIN] Step: 987 ; Loss: 23.317 ; Acc: 49.941
2018-09-19 15:30:28,877:INFO: [TRAIN] Step: 988 ; Loss: 25.323 ; Acc: 49.945
2018-09-19 15:30:28,965:INFO: [TRAIN] Step: 989 ; Loss: 22.243 ; Acc: 49.949
2018-09-19 15:30:29,048:INFO: [TRAIN] Step: 990 ; Loss: 20.832 ; Acc: 49.954
2018-09-19 15:30:29,132:INFO: [TRAIN] Step: 991 ; Loss: 19.352 ; Acc: 49.979
2018-09-19 15:30:29,215:INFO: [TRAIN] Step: 992 ; Loss: 28.494 ; Acc: 49.971
2018-09-19 15:30:29,302:INFO: [TRAIN] Step: 993 ; Loss: 20.052 ; Acc: 49.979
2018-09-19 15:30:29,380:INFO: [TRAIN] Step: 994 ; Loss: 20.059 ; Acc: 49.987
2018-09-19 15:30:29,466:INFO: [TRAIN] Step: 995 ; Loss: 24.605 ; Acc: 49.979
2018-09-19 15:30:29,546:INFO: [TRAIN] Step: 996 ; Loss: 19.568 ; Acc: 49.983
2018-09-19 15:30:29,630:INFO: [TRAIN] Step: 997 ; Loss: 20.746 ; Acc: 49.987
2018-09-19 15:30:29,712:INFO: [TRAIN] Step: 998 ; Loss: 23.295 ; Acc: 49.996
2018-09-19 15:30:29,798:INFO: [TRAIN] Step: 999 ; Loss: 23.768 ; Acc: 49.988
2018-09-19 15:30:29,877:INFO: [TRAIN] Step: 1000 ; Loss: 21.041 ; Acc: 50.008
2018-09-19 15:30:29,966:INFO: [TRAIN] Step: 1001 ; Loss: 25.065 ; Acc: 50.021
2018-09-19 15:30:30,046:INFO: [TRAIN] Step: 1002 ; Loss: 18.730 ; Acc: 50.029
2018-09-19 15:30:30,132:INFO: [TRAIN] Step: 1003 ; Loss: 24.066 ; Acc: 50.033
2018-09-19 15:30:30,212:INFO: [TRAIN] Step: 1004 ; Loss: 24.317 ; Acc: 50.017
2018-09-19 15:30:30,297:INFO: [TRAIN] Step: 1005 ; Loss: 22.516 ; Acc: 50.025
2018-09-19 15:30:30,375:INFO: [TRAIN] Step: 1006 ; Loss: 22.659 ; Acc: 50.017
2018-09-19 15:30:30,463:INFO: [TRAIN] Step: 1007 ; Loss: 20.780 ; Acc: 50.029
2018-09-19 15:30:30,545:INFO: [TRAIN] Step: 1008 ; Loss: 20.818 ; Acc: 50.033
2018-09-19 15:30:30,634:INFO: [TRAIN] Step: 1009 ; Loss: 19.985 ; Acc: 50.025
2018-09-19 15:30:30,712:INFO: [TRAIN] Step: 1010 ; Loss: 17.451 ; Acc: 50.041
2018-09-19 15:30:30,802:INFO: [TRAIN] Step: 1011 ; Loss: 21.540 ; Acc: 50.041
2018-09-19 15:30:30,881:INFO: [TRAIN] Step: 1012 ; Loss: 23.710 ; Acc: 50.037
2018-09-19 15:30:30,967:INFO: [TRAIN] Step: 1013 ; Loss: 23.405 ; Acc: 50.037
2018-09-19 15:30:31,043:INFO: [TRAIN] Step: 1014 ; Loss: 16.893 ; Acc: 50.053
2018-09-19 15:30:31,129:INFO: [TRAIN] Step: 1015 ; Loss: 16.660 ; Acc: 50.090
2018-09-19 15:30:31,209:INFO: [TRAIN] Step: 1016 ; Loss: 19.862 ; Acc: 50.098
2018-09-19 15:30:31,294:INFO: [TRAIN] Step: 1017 ; Loss: 20.514 ; Acc: 50.111
2018-09-19 15:30:31,376:INFO: [TRAIN] Step: 1018 ; Loss: 20.370 ; Acc: 50.127
2018-09-19 15:30:31,463:INFO: [TRAIN] Step: 1019 ; Loss: 22.494 ; Acc: 50.139
2018-09-19 15:30:31,542:INFO: [TRAIN] Step: 1020 ; Loss: 24.994 ; Acc: 50.127
2018-09-19 15:30:31,626:INFO: [TRAIN] Step: 1021 ; Loss: 22.392 ; Acc: 50.139
2018-09-19 15:30:31,706:INFO: [TRAIN] Step: 1022 ; Loss: 20.083 ; Acc: 50.147
2018-09-19 15:30:31,793:INFO: [TRAIN] Step: 1023 ; Loss: 21.058 ; Acc: 50.151
2018-09-19 15:30:31,871:INFO: [TRAIN] Step: 1024 ; Loss: 18.903 ; Acc: 50.159
2018-09-19 15:30:31,958:INFO: [TRAIN] Step: 1025 ; Loss: 26.384 ; Acc: 50.150
2018-09-19 15:30:32,040:INFO: [TRAIN] Step: 1026 ; Loss: 24.978 ; Acc: 50.158
2018-09-19 15:30:32,125:INFO: [TRAIN] Step: 1027 ; Loss: 25.008 ; Acc: 50.166
2018-09-19 15:30:32,201:INFO: [TRAIN] Step: 1028 ; Loss: 21.106 ; Acc: 50.170
2018-09-19 15:30:32,288:INFO: [TRAIN] Step: 1029 ; Loss: 19.071 ; Acc: 50.170
2018-09-19 15:30:32,367:INFO: [TRAIN] Step: 1030 ; Loss: 24.678 ; Acc: 50.166
2018-09-19 15:30:32,456:INFO: [TRAIN] Step: 1031 ; Loss: 25.047 ; Acc: 50.161
2018-09-19 15:30:32,539:INFO: [TRAIN] Step: 1032 ; Loss: 21.276 ; Acc: 50.169
2018-09-19 15:30:32,625:INFO: [TRAIN] Step: 1033 ; Loss: 25.144 ; Acc: 50.157
2018-09-19 15:30:32,705:INFO: [TRAIN] Step: 1034 ; Loss: 23.219 ; Acc: 50.149
2018-09-19 15:30:32,790:INFO: [TRAIN] Step: 1035 ; Loss: 22.563 ; Acc: 50.161
2018-09-19 15:30:32,870:INFO: [TRAIN] Step: 1036 ; Loss: 18.091 ; Acc: 50.173
2018-09-19 15:30:32,955:INFO: [TRAIN] Step: 1037 ; Loss: 23.795 ; Acc: 50.181
2018-09-19 15:30:33,032:INFO: [TRAIN] Step: 1038 ; Loss: 27.843 ; Acc: 50.172
2018-09-19 15:30:33,118:INFO: [TRAIN] Step: 1039 ; Loss: 20.991 ; Acc: 50.176
2018-09-19 15:30:33,198:INFO: [TRAIN] Step: 1040 ; Loss: 22.411 ; Acc: 50.180
2018-09-19 15:30:33,286:INFO: [TRAIN] Step: 1041 ; Loss: 22.996 ; Acc: 50.188
2018-09-19 15:30:33,363:INFO: [TRAIN] Step: 1042 ; Loss: 25.017 ; Acc: 50.176
2018-09-19 15:30:33,449:INFO: [TRAIN] Step: 1043 ; Loss: 29.442 ; Acc: 50.180
2018-09-19 15:30:33,529:INFO: [TRAIN] Step: 1044 ; Loss: 21.817 ; Acc: 50.175
2018-09-19 15:30:33,614:INFO: [TRAIN] Step: 1045 ; Loss: 16.625 ; Acc: 50.187
2018-09-19 15:30:33,693:INFO: [TRAIN] Step: 1046 ; Loss: 19.970 ; Acc: 50.187
2018-09-19 15:30:33,780:INFO: [TRAIN] Step: 1047 ; Loss: 19.513 ; Acc: 50.199
2018-09-19 15:30:33,860:INFO: [TRAIN] Step: 1048 ; Loss: 25.723 ; Acc: 50.187
2018-09-19 15:30:33,947:INFO: [TRAIN] Step: 1049 ; Loss: 20.052 ; Acc: 50.190
2018-09-19 15:30:34,025:INFO: [TRAIN] Step: 1050 ; Loss: 20.545 ; Acc: 50.202
2018-09-19 15:30:34,113:INFO: [TRAIN] Step: 1051 ; Loss: 18.638 ; Acc: 50.218
2018-09-19 15:30:34,191:INFO: [TRAIN] Step: 1052 ; Loss: 24.800 ; Acc: 50.226
2018-09-19 15:30:34,279:INFO: [TRAIN] Step: 1053 ; Loss: 19.400 ; Acc: 50.233
2018-09-19 15:30:34,358:INFO: [TRAIN] Step: 1054 ; Loss: 18.415 ; Acc: 50.245
2018-09-19 15:30:34,446:INFO: [TRAIN] Step: 1055 ; Loss: 26.139 ; Acc: 50.221
2018-09-19 15:30:34,525:INFO: [TRAIN] Step: 1056 ; Loss: 20.007 ; Acc: 50.229
2018-09-19 15:30:34,611:INFO: [TRAIN] Step: 1057 ; Loss: 17.479 ; Acc: 50.240
2018-09-19 15:30:34,689:INFO: [TRAIN] Step: 1058 ; Loss: 18.678 ; Acc: 50.256
2018-09-19 15:30:34,774:INFO: [TRAIN] Step: 1059 ; Loss: 19.810 ; Acc: 50.267
2018-09-19 15:30:34,852:INFO: [TRAIN] Step: 1060 ; Loss: 20.657 ; Acc: 50.267
2018-09-19 15:30:34,937:INFO: [TRAIN] Step: 1061 ; Loss: 21.829 ; Acc: 50.275
2018-09-19 15:30:35,018:INFO: [TRAIN] Step: 1062 ; Loss: 21.563 ; Acc: 50.286
2018-09-19 15:30:35,105:INFO: [TRAIN] Step: 1063 ; Loss: 23.750 ; Acc: 50.290
2018-09-19 15:30:35,184:INFO: [TRAIN] Step: 1064 ; Loss: 25.619 ; Acc: 50.290
2018-09-19 15:30:35,271:INFO: [TRAIN] Step: 1065 ; Loss: 25.481 ; Acc: 50.285
2018-09-19 15:30:35,352:INFO: [TRAIN] Step: 1066 ; Loss: 22.445 ; Acc: 50.301
2018-09-19 15:30:35,439:INFO: [TRAIN] Step: 1067 ; Loss: 18.001 ; Acc: 50.316
2018-09-19 15:30:35,519:INFO: [TRAIN] Step: 1068 ; Loss: 21.398 ; Acc: 50.324
2018-09-19 15:30:35,607:INFO: [TRAIN] Step: 1069 ; Loss: 20.365 ; Acc: 50.327
2018-09-19 15:30:35,686:INFO: [TRAIN] Step: 1070 ; Loss: 18.027 ; Acc: 50.346
2018-09-19 15:30:35,772:INFO: [TRAIN] Step: 1071 ; Loss: 18.385 ; Acc: 50.358
2018-09-19 15:30:35,850:INFO: [TRAIN] Step: 1072 ; Loss: 18.240 ; Acc: 50.361
2018-09-19 15:30:35,936:INFO: [TRAIN] Step: 1073 ; Loss: 27.818 ; Acc: 50.357
2018-09-19 15:30:36,015:INFO: [TRAIN] Step: 1074 ; Loss: 23.886 ; Acc: 50.364
2018-09-19 15:30:36,103:INFO: [TRAIN] Step: 1075 ; Loss: 20.091 ; Acc: 50.368
2018-09-19 15:30:36,182:INFO: [TRAIN] Step: 1076 ; Loss: 23.428 ; Acc: 50.364
2018-09-19 15:30:36,269:INFO: [TRAIN] Step: 1077 ; Loss: 20.401 ; Acc: 50.375
2018-09-19 15:30:36,347:INFO: [TRAIN] Step: 1078 ; Loss: 22.686 ; Acc: 50.386
2018-09-19 15:30:36,433:INFO: [TRAIN] Step: 1079 ; Loss: 23.644 ; Acc: 50.374
2018-09-19 15:30:36,512:INFO: [TRAIN] Step: 1080 ; Loss: 19.876 ; Acc: 50.389
2018-09-19 15:30:36,595:INFO: [TRAIN] Step: 1081 ; Loss: 21.231 ; Acc: 50.385
2018-09-19 15:30:36,676:INFO: [TRAIN] Step: 1082 ; Loss: 20.458 ; Acc: 50.396
2018-09-19 15:30:36,762:INFO: [TRAIN] Step: 1083 ; Loss: 22.539 ; Acc: 50.404
2018-09-19 15:30:36,842:INFO: [TRAIN] Step: 1084 ; Loss: 19.437 ; Acc: 50.415
2018-09-19 15:30:36,929:INFO: [TRAIN] Step: 1085 ; Loss: 23.044 ; Acc: 50.407
2018-09-19 15:30:37,012:INFO: [TRAIN] Step: 1086 ; Loss: 17.266 ; Acc: 50.422
2018-09-19 15:30:37,098:INFO: [TRAIN] Step: 1087 ; Loss: 23.054 ; Acc: 50.433
2018-09-19 15:30:37,179:INFO: [TRAIN] Step: 1088 ; Loss: 18.481 ; Acc: 50.440
2018-09-19 15:30:37,266:INFO: [TRAIN] Step: 1089 ; Loss: 19.962 ; Acc: 50.428
2018-09-19 15:30:37,343:INFO: [TRAIN] Step: 1090 ; Loss: 19.190 ; Acc: 50.435
2018-09-19 15:30:37,430:INFO: [TRAIN] Step: 1091 ; Loss: 23.270 ; Acc: 50.450
2018-09-19 15:30:37,512:INFO: [TRAIN] Step: 1092 ; Loss: 19.986 ; Acc: 50.457
2018-09-19 15:30:37,608:INFO: [TRAIN] Step: 1093 ; Loss: 14.383 ; Acc: 50.488
2018-09-19 15:30:37,703:INFO: [TRAIN] Step: 1094 ; Loss: 22.496 ; Acc: 50.472
2018-09-19 15:30:37,802:INFO: [TRAIN] Step: 1095 ; Loss: 22.466 ; Acc: 50.468
2018-09-19 15:30:37,880:INFO: [TRAIN] Step: 1096 ; Loss: 22.545 ; Acc: 50.460
2018-09-19 15:30:37,968:INFO: [TRAIN] Step: 1097 ; Loss: 22.221 ; Acc: 50.455
2018-09-19 15:30:38,047:INFO: [TRAIN] Step: 1098 ; Loss: 23.047 ; Acc: 50.459
2018-09-19 15:30:38,136:INFO: [TRAIN] Step: 1099 ; Loss: 24.061 ; Acc: 50.462
2018-09-19 15:30:38,215:INFO: [TRAIN] Step: 1100 ; Loss: 24.608 ; Acc: 50.458
2018-09-19 15:30:38,301:INFO: [TRAIN] Step: 1101 ; Loss: 18.509 ; Acc: 50.458
2018-09-19 15:30:38,382:INFO: [TRAIN] Step: 1102 ; Loss: 17.586 ; Acc: 50.468
2018-09-19 15:30:38,469:INFO: [TRAIN] Step: 1103 ; Loss: 19.101 ; Acc: 50.483
2018-09-19 15:30:38,547:INFO: [TRAIN] Step: 1104 ; Loss: 19.508 ; Acc: 50.494
2018-09-19 15:30:38,634:INFO: [TRAIN] Step: 1105 ; Loss: 18.875 ; Acc: 50.501
2018-09-19 15:30:38,713:INFO: [TRAIN] Step: 1106 ; Loss: 17.977 ; Acc: 50.516
2018-09-19 15:30:38,800:INFO: [TRAIN] Step: 1107 ; Loss: 21.806 ; Acc: 50.523
2018-09-19 15:30:38,879:INFO: [TRAIN] Step: 1108 ; Loss: 25.348 ; Acc: 50.503
2018-09-19 15:30:38,966:INFO: [TRAIN] Step: 1109 ; Loss: 18.415 ; Acc: 50.526
2018-09-19 15:30:39,047:INFO: [TRAIN] Step: 1110 ; Loss: 21.717 ; Acc: 50.533
2018-09-19 15:30:39,134:INFO: [TRAIN] Step: 1111 ; Loss: 18.677 ; Acc: 50.543
2018-09-19 15:30:39,212:INFO: [TRAIN] Step: 1112 ; Loss: 21.673 ; Acc: 50.547
2018-09-19 15:30:39,300:INFO: [TRAIN] Step: 1113 ; Loss: 24.185 ; Acc: 50.542
2018-09-19 15:30:39,378:INFO: [TRAIN] Step: 1114 ; Loss: 19.931 ; Acc: 50.542
2018-09-19 15:30:39,465:INFO: [TRAIN] Step: 1115 ; Loss: 19.358 ; Acc: 50.541
2018-09-19 15:30:39,545:INFO: [TRAIN] Step: 1116 ; Loss: 24.074 ; Acc: 50.548
2018-09-19 15:30:39,632:INFO: [TRAIN] Step: 1117 ; Loss: 17.960 ; Acc: 50.563
2018-09-19 15:30:39,711:INFO: [TRAIN] Step: 1118 ; Loss: 22.785 ; Acc: 50.573
2018-09-19 15:30:39,799:INFO: [TRAIN] Step: 1119 ; Loss: 26.870 ; Acc: 50.554
2018-09-19 15:30:39,878:INFO: [TRAIN] Step: 1120 ; Loss: 18.802 ; Acc: 50.569
2018-09-19 15:30:39,964:INFO: [TRAIN] Step: 1121 ; Loss: 16.535 ; Acc: 50.583
2018-09-19 15:30:40,044:INFO: [TRAIN] Step: 1122 ; Loss: 20.572 ; Acc: 50.594
2018-09-19 15:30:40,130:INFO: [TRAIN] Step: 1123 ; Loss: 21.600 ; Acc: 50.593
2018-09-19 15:30:40,209:INFO: [TRAIN] Step: 1124 ; Loss: 20.981 ; Acc: 50.596
2018-09-19 15:30:40,296:INFO: [TRAIN] Step: 1125 ; Loss: 17.119 ; Acc: 50.618
2018-09-19 15:30:40,376:INFO: [TRAIN] Step: 1126 ; Loss: 27.842 ; Acc: 50.603
2018-09-19 15:30:40,462:INFO: [TRAIN] Step: 1127 ; Loss: 21.044 ; Acc: 50.606
2018-09-19 15:30:40,543:INFO: [TRAIN] Step: 1128 ; Loss: 18.436 ; Acc: 50.620
2018-09-19 15:30:40,629:INFO: [TRAIN] Step: 1129 ; Loss: 17.730 ; Acc: 50.627
2018-09-19 15:30:40,712:INFO: [TRAIN] Step: 1130 ; Loss: 20.389 ; Acc: 50.630
2018-09-19 15:30:40,798:INFO: [TRAIN] Step: 1131 ; Loss: 19.884 ; Acc: 50.633
2018-09-19 15:30:40,875:INFO: [TRAIN] Step: 1132 ; Loss: 22.242 ; Acc: 50.647
2018-09-19 15:30:40,960:INFO: [TRAIN] Step: 1133 ; Loss: 15.690 ; Acc: 50.665
2018-09-19 15:30:41,039:INFO: [TRAIN] Step: 1134 ; Loss: 18.451 ; Acc: 50.675
2018-09-19 15:30:41,125:INFO: [TRAIN] Step: 1135 ; Loss: 23.505 ; Acc: 50.675
2018-09-19 15:30:41,203:INFO: [TRAIN] Step: 1136 ; Loss: 18.252 ; Acc: 50.685
2018-09-19 15:30:41,287:INFO: [TRAIN] Step: 1137 ; Loss: 21.198 ; Acc: 50.688
2018-09-19 15:30:41,367:INFO: [TRAIN] Step: 1138 ; Loss: 19.089 ; Acc: 50.691
2018-09-19 15:30:41,452:INFO: [TRAIN] Step: 1139 ; Loss: 23.046 ; Acc: 50.698
2018-09-19 15:30:41,529:INFO: [TRAIN] Step: 1140 ; Loss: 21.660 ; Acc: 50.708
2018-09-19 15:30:41,616:INFO: [TRAIN] Step: 1141 ; Loss: 21.318 ; Acc: 50.715
2018-09-19 15:30:41,695:INFO: [TRAIN] Step: 1142 ; Loss: 20.149 ; Acc: 50.725
2018-09-19 15:30:41,779:INFO: [TRAIN] Step: 1143 ; Loss: 19.751 ; Acc: 50.739
2018-09-19 15:30:41,860:INFO: [TRAIN] Step: 1144 ; Loss: 21.502 ; Acc: 50.746
2018-09-19 15:30:41,946:INFO: [TRAIN] Step: 1145 ; Loss: 19.633 ; Acc: 50.749
2018-09-19 15:30:42,028:INFO: [TRAIN] Step: 1146 ; Loss: 20.664 ; Acc: 50.766
2018-09-19 15:30:42,111:INFO: [TRAIN] Step: 1147 ; Loss: 19.092 ; Acc: 50.766
2018-09-19 15:30:42,189:INFO: [TRAIN] Step: 1148 ; Loss: 26.377 ; Acc: 50.762
2018-09-19 15:30:42,276:INFO: [TRAIN] Step: 1149 ; Loss: 19.979 ; Acc: 50.764
2018-09-19 15:30:42,356:INFO: [TRAIN] Step: 1150 ; Loss: 17.919 ; Acc: 50.778
2018-09-19 15:30:42,448:INFO: [TRAIN] Step: 1151 ; Loss: 17.868 ; Acc: 50.767
2018-09-19 15:30:42,527:INFO: [TRAIN] Step: 1152 ; Loss: 22.763 ; Acc: 50.770
2018-09-19 15:30:42,618:INFO: [TRAIN] Step: 1153 ; Loss: 20.774 ; Acc: 50.780
2018-09-19 15:30:42,698:INFO: [TRAIN] Step: 1154 ; Loss: 16.302 ; Acc: 50.790
2018-09-19 15:30:42,783:INFO: [TRAIN] Step: 1155 ; Loss: 20.886 ; Acc: 50.800
2018-09-19 15:30:42,864:INFO: [TRAIN] Step: 1156 ; Loss: 24.127 ; Acc: 50.796
2018-09-19 15:30:42,950:INFO: [TRAIN] Step: 1157 ; Loss: 16.232 ; Acc: 50.806
2018-09-19 15:30:43,030:INFO: [TRAIN] Step: 1158 ; Loss: 16.248 ; Acc: 50.827
2018-09-19 15:30:43,114:INFO: [TRAIN] Step: 1159 ; Loss: 19.975 ; Acc: 50.837
2018-09-19 15:30:43,195:INFO: [TRAIN] Step: 1160 ; Loss: 16.388 ; Acc: 50.847
2018-09-19 15:30:43,280:INFO: [TRAIN] Step: 1161 ; Loss: 20.639 ; Acc: 50.850
2018-09-19 15:30:43,357:INFO: [TRAIN] Step: 1162 ; Loss: 18.391 ; Acc: 50.863
2018-09-19 15:30:43,444:INFO: [TRAIN] Step: 1163 ; Loss: 24.812 ; Acc: 50.852
2018-09-19 15:30:43,525:INFO: [TRAIN] Step: 1164 ; Loss: 24.729 ; Acc: 50.851
2018-09-19 15:30:43,609:INFO: [TRAIN] Step: 1165 ; Loss: 16.378 ; Acc: 50.868
2018-09-19 15:30:43,686:INFO: [TRAIN] Step: 1166 ; Loss: 20.955 ; Acc: 50.871
2018-09-19 15:30:43,771:INFO: [TRAIN] Step: 1167 ; Loss: 20.871 ; Acc: 50.878
2018-09-19 15:30:43,853:INFO: [TRAIN] Step: 1168 ; Loss: 20.429 ; Acc: 50.880
2018-09-19 15:30:43,939:INFO: [TRAIN] Step: 1169 ; Loss: 24.703 ; Acc: 50.876
2018-09-19 15:30:44,016:INFO: [TRAIN] Step: 1170 ; Loss: 18.994 ; Acc: 50.890
2018-09-19 15:30:44,105:INFO: [TRAIN] Step: 1171 ; Loss: 18.043 ; Acc: 50.896
2018-09-19 15:30:44,183:INFO: [TRAIN] Step: 1172 ; Loss: 22.895 ; Acc: 50.906
2018-09-19 15:30:44,270:INFO: [TRAIN] Step: 1173 ; Loss: 20.188 ; Acc: 50.909
2018-09-19 15:30:44,350:INFO: [TRAIN] Step: 1174 ; Loss: 18.278 ; Acc: 50.929
2018-09-19 15:30:44,436:INFO: [TRAIN] Step: 1175 ; Loss: 16.514 ; Acc: 50.942
2018-09-19 15:30:44,517:INFO: [TRAIN] Step: 1176 ; Loss: 21.062 ; Acc: 50.945
2018-09-19 15:30:44,602:INFO: [TRAIN] Step: 1177 ; Loss: 21.765 ; Acc: 50.951
2018-09-19 15:30:44,680:INFO: [TRAIN] Step: 1178 ; Loss: 16.919 ; Acc: 50.961
2018-09-19 15:30:44,765:INFO: [TRAIN] Step: 1179 ; Loss: 16.859 ; Acc: 50.978
2018-09-19 15:30:44,847:INFO: [TRAIN] Step: 1180 ; Loss: 18.442 ; Acc: 50.991
2018-09-19 15:30:44,933:INFO: [TRAIN] Step: 1181 ; Loss: 22.207 ; Acc: 50.991
2018-09-19 15:30:45,012:INFO: [TRAIN] Step: 1182 ; Loss: 17.733 ; Acc: 50.997
2018-09-19 15:30:45,098:INFO: [TRAIN] Step: 1183 ; Loss: 19.287 ; Acc: 50.999
2018-09-19 15:30:45,175:INFO: [TRAIN] Step: 1184 ; Loss: 26.747 ; Acc: 50.999
2018-09-19 15:30:45,262:INFO: [TRAIN] Step: 1185 ; Loss: 16.126 ; Acc: 51.008
2018-09-19 15:30:45,342:INFO: [TRAIN] Step: 1186 ; Loss: 22.420 ; Acc: 51.014
2018-09-19 15:30:45,428:INFO: [TRAIN] Step: 1187 ; Loss: 14.862 ; Acc: 51.035
2018-09-19 15:30:45,508:INFO: [TRAIN] Step: 1188 ; Loss: 23.128 ; Acc: 51.034
2018-09-19 15:30:45,593:INFO: [TRAIN] Step: 1189 ; Loss: 22.479 ; Acc: 51.029
2018-09-19 15:30:50,773:INFO: [EVAL] Step: 1190 ; Loss: 0.222 ; Acc: 0.564
