2018-09-19 14:01:55,599:INFO: ### Model ###
LeNet5(
  (convnet): Sequential(
    (0): Conv2d(1, 6, kernel_size=(5, 5), stride=(1, 1))
    (1): ReLU()
    (2): MaxPool2d(kernel_size=(2, 2), stride=2, padding=0, dilation=1, ceil_mode=False)
    (3): Conv2d(6, 16, kernel_size=(5, 5), stride=(1, 1))
    (4): ReLU()
    (5): MaxPool2d(kernel_size=(2, 2), stride=2, padding=0, dilation=1, ceil_mode=False)
    (6): Conv2d(16, 120, kernel_size=(5, 5), stride=(1, 1))
    (7): ReLU()
    (8): Conv2d(120, 240, kernel_size=(5, 5), stride=(1, 1))
    (9): ReLU()
  )
  (fc): Sequential(
    (0): Linear(in_features=240, out_features=84, bias=True)
    (1): ReLU()
    (2): Linear(in_features=84, out_features=10, bias=True)
  )
)
2018-09-19 14:01:55,600:INFO: ### Optimizer ###
Adam (
Parameter Group 0
    amsgrad: False
    betas: (0.9, 0.999)
    eps: 1e-08
    lr: 1e-05
    weight_decay: 0
)
2018-09-19 14:01:55,600:INFO: ### HParams ###
n_epochs: 1 ; data: ferplus ; label: ferplus_votes ; batch_size: 24 ; lr: 1e-05 ; wd: 0 ; eval_steps: 1190
2018-09-19 14:01:55,786:INFO: [TRAIN] Step: 0 ; Loss: 43.694 ; Acc: 0.000
2018-09-19 14:01:55,868:INFO: [TRAIN] Step: 1 ; Loss: 41.219 ; Acc: 2.083
2018-09-19 14:01:55,982:INFO: [TRAIN] Step: 2 ; Loss: 42.579 ; Acc: 2.778
2018-09-19 14:01:56,066:INFO: [TRAIN] Step: 3 ; Loss: 37.336 ; Acc: 4.167
2018-09-19 14:01:56,141:INFO: [TRAIN] Step: 4 ; Loss: 40.553 ; Acc: 4.167
2018-09-19 14:01:56,224:INFO: [TRAIN] Step: 5 ; Loss: 39.541 ; Acc: 8.333
2018-09-19 14:01:56,300:INFO: [TRAIN] Step: 6 ; Loss: 41.645 ; Acc: 8.333
2018-09-19 14:01:56,385:INFO: [TRAIN] Step: 7 ; Loss: 37.569 ; Acc: 9.375
2018-09-19 14:01:56,466:INFO: [TRAIN] Step: 8 ; Loss: 38.673 ; Acc: 11.574
2018-09-19 14:01:56,548:INFO: [TRAIN] Step: 9 ; Loss: 41.022 ; Acc: 13.750
2018-09-19 14:01:56,622:INFO: [TRAIN] Step: 10 ; Loss: 37.854 ; Acc: 15.909
2018-09-19 14:01:56,706:INFO: [TRAIN] Step: 11 ; Loss: 39.094 ; Acc: 16.667
2018-09-19 14:01:56,781:INFO: [TRAIN] Step: 12 ; Loss: 35.923 ; Acc: 18.590
2018-09-19 14:01:56,866:INFO: [TRAIN] Step: 13 ; Loss: 44.026 ; Acc: 20.833
2018-09-19 14:01:56,950:INFO: [TRAIN] Step: 14 ; Loss: 40.137 ; Acc: 21.944
2018-09-19 14:01:57,036:INFO: [TRAIN] Step: 15 ; Loss: 38.547 ; Acc: 23.438
2018-09-19 14:01:57,109:INFO: [TRAIN] Step: 16 ; Loss: 41.724 ; Acc: 23.775
2018-09-19 14:01:57,193:INFO: [TRAIN] Step: 17 ; Loss: 37.219 ; Acc: 24.537
2018-09-19 14:01:57,267:INFO: [TRAIN] Step: 18 ; Loss: 39.204 ; Acc: 25.658
2018-09-19 14:01:57,348:INFO: [TRAIN] Step: 19 ; Loss: 41.487 ; Acc: 26.042
2018-09-19 14:01:57,424:INFO: [TRAIN] Step: 20 ; Loss: 40.810 ; Acc: 26.190
2018-09-19 14:01:57,504:INFO: [TRAIN] Step: 21 ; Loss: 34.856 ; Acc: 27.083
2018-09-19 14:01:57,577:INFO: [TRAIN] Step: 22 ; Loss: 42.816 ; Acc: 26.812
2018-09-19 14:01:57,659:INFO: [TRAIN] Step: 23 ; Loss: 38.104 ; Acc: 27.431
2018-09-19 14:01:57,733:INFO: [TRAIN] Step: 24 ; Loss: 35.133 ; Acc: 27.667
2018-09-19 14:01:57,813:INFO: [TRAIN] Step: 25 ; Loss: 38.167 ; Acc: 27.724
2018-09-19 14:01:57,885:INFO: [TRAIN] Step: 26 ; Loss: 39.005 ; Acc: 28.395
2018-09-19 14:01:57,965:INFO: [TRAIN] Step: 27 ; Loss: 38.930 ; Acc: 29.167
2018-09-19 14:01:58,040:INFO: [TRAIN] Step: 28 ; Loss: 39.413 ; Acc: 29.454
2018-09-19 14:01:58,121:INFO: [TRAIN] Step: 29 ; Loss: 42.020 ; Acc: 29.444
2018-09-19 14:01:58,195:INFO: [TRAIN] Step: 30 ; Loss: 42.740 ; Acc: 29.435
2018-09-19 14:01:58,275:INFO: [TRAIN] Step: 31 ; Loss: 43.110 ; Acc: 29.948
2018-09-19 14:01:58,349:INFO: [TRAIN] Step: 32 ; Loss: 40.419 ; Acc: 30.934
2018-09-19 14:01:58,430:INFO: [TRAIN] Step: 33 ; Loss: 38.179 ; Acc: 31.005
2018-09-19 14:01:58,505:INFO: [TRAIN] Step: 34 ; Loss: 39.756 ; Acc: 31.190
2018-09-19 14:01:58,585:INFO: [TRAIN] Step: 35 ; Loss: 37.880 ; Acc: 30.903
2018-09-19 14:01:58,660:INFO: [TRAIN] Step: 36 ; Loss: 37.543 ; Acc: 31.081
2018-09-19 14:01:58,745:INFO: [TRAIN] Step: 37 ; Loss: 38.369 ; Acc: 31.250
2018-09-19 14:01:58,819:INFO: [TRAIN] Step: 38 ; Loss: 35.441 ; Acc: 31.410
2018-09-19 14:01:58,901:INFO: [TRAIN] Step: 39 ; Loss: 37.516 ; Acc: 31.875
2018-09-19 14:01:58,973:INFO: [TRAIN] Step: 40 ; Loss: 33.788 ; Acc: 32.114
2018-09-19 14:01:59,054:INFO: [TRAIN] Step: 41 ; Loss: 38.096 ; Acc: 31.944
2018-09-19 14:01:59,131:INFO: [TRAIN] Step: 42 ; Loss: 41.824 ; Acc: 31.977
2018-09-19 14:01:59,212:INFO: [TRAIN] Step: 43 ; Loss: 40.605 ; Acc: 31.818
2018-09-19 14:01:59,290:INFO: [TRAIN] Step: 44 ; Loss: 38.639 ; Acc: 32.315
2018-09-19 14:01:59,373:INFO: [TRAIN] Step: 45 ; Loss: 41.416 ; Acc: 32.428
2018-09-19 14:01:59,448:INFO: [TRAIN] Step: 46 ; Loss: 36.717 ; Acc: 32.535
2018-09-19 14:01:59,528:INFO: [TRAIN] Step: 47 ; Loss: 36.401 ; Acc: 32.378
2018-09-19 14:01:59,604:INFO: [TRAIN] Step: 48 ; Loss: 35.749 ; Acc: 32.823
2018-09-19 14:01:59,684:INFO: [TRAIN] Step: 49 ; Loss: 40.525 ; Acc: 33.083
2018-09-19 14:01:59,759:INFO: [TRAIN] Step: 50 ; Loss: 37.203 ; Acc: 33.415
2018-09-19 14:01:59,842:INFO: [TRAIN] Step: 51 ; Loss: 40.796 ; Acc: 33.654
2018-09-19 14:01:59,919:INFO: [TRAIN] Step: 52 ; Loss: 38.979 ; Acc: 33.491
2018-09-19 14:01:59,999:INFO: [TRAIN] Step: 53 ; Loss: 36.392 ; Acc: 33.719
2018-09-19 14:02:00,074:INFO: [TRAIN] Step: 54 ; Loss: 34.476 ; Acc: 33.788
2018-09-19 14:02:00,158:INFO: [TRAIN] Step: 55 ; Loss: 40.225 ; Acc: 33.631
2018-09-19 14:02:00,232:INFO: [TRAIN] Step: 56 ; Loss: 41.780 ; Acc: 33.626
2018-09-19 14:02:00,314:INFO: [TRAIN] Step: 57 ; Loss: 38.180 ; Acc: 33.764
2018-09-19 14:02:00,387:INFO: [TRAIN] Step: 58 ; Loss: 40.655 ; Acc: 33.828
2018-09-19 14:02:00,469:INFO: [TRAIN] Step: 59 ; Loss: 39.703 ; Acc: 33.958
2018-09-19 14:02:00,565:INFO: [TRAIN] Step: 60 ; Loss: 38.201 ; Acc: 34.016
2018-09-19 14:02:00,644:INFO: [TRAIN] Step: 61 ; Loss: 40.242 ; Acc: 33.938
2018-09-19 14:02:00,722:INFO: [TRAIN] Step: 62 ; Loss: 38.694 ; Acc: 33.862
2018-09-19 14:02:00,802:INFO: [TRAIN] Step: 63 ; Loss: 38.344 ; Acc: 33.854
2018-09-19 14:02:00,877:INFO: [TRAIN] Step: 64 ; Loss: 39.627 ; Acc: 33.974
2018-09-19 14:02:00,957:INFO: [TRAIN] Step: 65 ; Loss: 35.250 ; Acc: 33.965
2018-09-19 14:02:01,032:INFO: [TRAIN] Step: 66 ; Loss: 37.128 ; Acc: 33.831
2018-09-19 14:02:01,112:INFO: [TRAIN] Step: 67 ; Loss: 36.983 ; Acc: 33.762
2018-09-19 14:02:01,184:INFO: [TRAIN] Step: 68 ; Loss: 41.450 ; Acc: 33.454
2018-09-19 14:02:01,268:INFO: [TRAIN] Step: 69 ; Loss: 37.473 ; Acc: 33.631
2018-09-19 14:02:01,342:INFO: [TRAIN] Step: 70 ; Loss: 36.718 ; Acc: 33.744
2018-09-19 14:02:01,423:INFO: [TRAIN] Step: 71 ; Loss: 36.495 ; Acc: 33.796
2018-09-19 14:02:01,498:INFO: [TRAIN] Step: 72 ; Loss: 34.912 ; Acc: 33.790
2018-09-19 14:02:01,578:INFO: [TRAIN] Step: 73 ; Loss: 36.701 ; Acc: 33.784
2018-09-19 14:02:01,654:INFO: [TRAIN] Step: 74 ; Loss: 35.696 ; Acc: 33.944
2018-09-19 14:02:01,736:INFO: [TRAIN] Step: 75 ; Loss: 36.740 ; Acc: 33.827
2018-09-19 14:02:01,808:INFO: [TRAIN] Step: 76 ; Loss: 37.780 ; Acc: 33.929
2018-09-19 14:02:01,888:INFO: [TRAIN] Step: 77 ; Loss: 38.503 ; Acc: 33.921
2018-09-19 14:02:01,962:INFO: [TRAIN] Step: 78 ; Loss: 37.906 ; Acc: 34.019
2018-09-19 14:02:02,041:INFO: [TRAIN] Step: 79 ; Loss: 41.115 ; Acc: 34.167
2018-09-19 14:02:02,115:INFO: [TRAIN] Step: 80 ; Loss: 37.061 ; Acc: 34.208
2018-09-19 14:02:02,194:INFO: [TRAIN] Step: 81 ; Loss: 37.428 ; Acc: 34.400
2018-09-19 14:02:02,267:INFO: [TRAIN] Step: 82 ; Loss: 37.332 ; Acc: 34.287
2018-09-19 14:02:02,347:INFO: [TRAIN] Step: 83 ; Loss: 35.686 ; Acc: 34.524
2018-09-19 14:02:02,421:INFO: [TRAIN] Step: 84 ; Loss: 36.642 ; Acc: 34.657
2018-09-19 14:02:02,500:INFO: [TRAIN] Step: 85 ; Loss: 42.609 ; Acc: 34.641
2018-09-19 14:02:02,574:INFO: [TRAIN] Step: 86 ; Loss: 35.829 ; Acc: 34.818
2018-09-19 14:02:02,652:INFO: [TRAIN] Step: 87 ; Loss: 39.052 ; Acc: 34.896
2018-09-19 14:02:02,731:INFO: [TRAIN] Step: 88 ; Loss: 38.226 ; Acc: 35.019
2018-09-19 14:02:02,813:INFO: [TRAIN] Step: 89 ; Loss: 38.241 ; Acc: 35.046
2018-09-19 14:02:02,888:INFO: [TRAIN] Step: 90 ; Loss: 39.647 ; Acc: 34.982
2018-09-19 14:02:02,969:INFO: [TRAIN] Step: 91 ; Loss: 35.986 ; Acc: 35.190
2018-09-19 14:02:03,045:INFO: [TRAIN] Step: 92 ; Loss: 37.386 ; Acc: 35.260
2018-09-19 14:02:03,126:INFO: [TRAIN] Step: 93 ; Loss: 38.465 ; Acc: 35.106
2018-09-19 14:02:03,201:INFO: [TRAIN] Step: 94 ; Loss: 36.647 ; Acc: 35.219
2018-09-19 14:02:03,280:INFO: [TRAIN] Step: 95 ; Loss: 36.139 ; Acc: 35.156
2018-09-19 14:02:03,352:INFO: [TRAIN] Step: 96 ; Loss: 41.191 ; Acc: 35.137
2018-09-19 14:02:03,439:INFO: [TRAIN] Step: 97 ; Loss: 39.387 ; Acc: 35.034
2018-09-19 14:02:03,512:INFO: [TRAIN] Step: 98 ; Loss: 34.100 ; Acc: 35.101
2018-09-19 14:02:03,591:INFO: [TRAIN] Step: 99 ; Loss: 37.415 ; Acc: 35.042
2018-09-19 14:02:03,666:INFO: [TRAIN] Step: 100 ; Loss: 41.323 ; Acc: 34.860
2018-09-19 14:02:03,760:INFO: [TRAIN] Step: 101 ; Loss: 38.210 ; Acc: 34.845
2018-09-19 14:02:03,843:INFO: [TRAIN] Step: 102 ; Loss: 35.887 ; Acc: 34.749
2018-09-19 14:02:03,929:INFO: [TRAIN] Step: 103 ; Loss: 37.856 ; Acc: 34.776
2018-09-19 14:02:04,006:INFO: [TRAIN] Step: 104 ; Loss: 36.574 ; Acc: 34.841
2018-09-19 14:02:04,088:INFO: [TRAIN] Step: 105 ; Loss: 38.486 ; Acc: 34.748
2018-09-19 14:02:04,160:INFO: [TRAIN] Step: 106 ; Loss: 36.960 ; Acc: 34.657
2018-09-19 14:02:04,238:INFO: [TRAIN] Step: 107 ; Loss: 39.455 ; Acc: 34.529
2018-09-19 14:02:04,310:INFO: [TRAIN] Step: 108 ; Loss: 36.578 ; Acc: 34.595
2018-09-19 14:02:04,390:INFO: [TRAIN] Step: 109 ; Loss: 32.272 ; Acc: 34.697
2018-09-19 14:02:04,465:INFO: [TRAIN] Step: 110 ; Loss: 32.844 ; Acc: 34.722
2018-09-19 14:02:04,547:INFO: [TRAIN] Step: 111 ; Loss: 31.556 ; Acc: 34.710
2018-09-19 14:02:04,621:INFO: [TRAIN] Step: 112 ; Loss: 32.999 ; Acc: 34.550
2018-09-19 14:02:04,699:INFO: [TRAIN] Step: 113 ; Loss: 37.398 ; Acc: 34.503
2018-09-19 14:02:04,773:INFO: [TRAIN] Step: 114 ; Loss: 34.916 ; Acc: 34.529
2018-09-19 14:02:04,854:INFO: [TRAIN] Step: 115 ; Loss: 34.458 ; Acc: 34.734
2018-09-19 14:02:04,926:INFO: [TRAIN] Step: 116 ; Loss: 32.946 ; Acc: 34.758
2018-09-19 14:02:05,008:INFO: [TRAIN] Step: 117 ; Loss: 33.735 ; Acc: 34.922
2018-09-19 14:02:05,080:INFO: [TRAIN] Step: 118 ; Loss: 35.768 ; Acc: 34.769
2018-09-19 14:02:05,181:INFO: [TRAIN] Step: 119 ; Loss: 34.975 ; Acc: 34.653
2018-09-19 14:02:05,290:INFO: [TRAIN] Step: 120 ; Loss: 34.311 ; Acc: 34.711
2018-09-19 14:02:05,374:INFO: [TRAIN] Step: 121 ; Loss: 38.504 ; Acc: 34.802
2018-09-19 14:02:05,446:INFO: [TRAIN] Step: 122 ; Loss: 29.120 ; Acc: 34.892
2018-09-19 14:02:05,528:INFO: [TRAIN] Step: 123 ; Loss: 32.381 ; Acc: 34.879
2018-09-19 14:02:05,603:INFO: [TRAIN] Step: 124 ; Loss: 32.650 ; Acc: 34.900
2018-09-19 14:02:05,682:INFO: [TRAIN] Step: 125 ; Loss: 34.321 ; Acc: 34.954
2018-09-19 14:02:05,763:INFO: [TRAIN] Step: 126 ; Loss: 35.265 ; Acc: 34.974
2018-09-19 14:02:05,845:INFO: [TRAIN] Step: 127 ; Loss: 34.536 ; Acc: 35.091
2018-09-19 14:02:05,925:INFO: [TRAIN] Step: 128 ; Loss: 34.257 ; Acc: 35.142
2018-09-19 14:02:06,007:INFO: [TRAIN] Step: 129 ; Loss: 31.598 ; Acc: 35.256
2018-09-19 14:02:06,082:INFO: [TRAIN] Step: 130 ; Loss: 35.334 ; Acc: 35.242
2018-09-19 14:02:06,161:INFO: [TRAIN] Step: 131 ; Loss: 36.511 ; Acc: 35.259
2018-09-19 14:02:06,246:INFO: [TRAIN] Step: 132 ; Loss: 34.515 ; Acc: 35.338
2018-09-19 14:02:06,345:INFO: [TRAIN] Step: 133 ; Loss: 34.460 ; Acc: 35.323
2018-09-19 14:02:06,421:INFO: [TRAIN] Step: 134 ; Loss: 32.374 ; Acc: 35.370
2018-09-19 14:02:06,513:INFO: [TRAIN] Step: 135 ; Loss: 34.416 ; Acc: 35.233
2018-09-19 14:02:06,594:INFO: [TRAIN] Step: 136 ; Loss: 34.092 ; Acc: 35.249
2018-09-19 14:02:06,692:INFO: [TRAIN] Step: 137 ; Loss: 32.997 ; Acc: 35.296
2018-09-19 14:02:06,780:INFO: [TRAIN] Step: 138 ; Loss: 36.061 ; Acc: 35.252
2018-09-19 14:02:06,869:INFO: [TRAIN] Step: 139 ; Loss: 30.374 ; Acc: 35.208
2018-09-19 14:02:06,942:INFO: [TRAIN] Step: 140 ; Loss: 31.247 ; Acc: 35.313
2018-09-19 14:02:07,029:INFO: [TRAIN] Step: 141 ; Loss: 32.133 ; Acc: 35.417
2018-09-19 14:02:07,107:INFO: [TRAIN] Step: 142 ; Loss: 37.091 ; Acc: 35.373
2018-09-19 14:02:07,187:INFO: [TRAIN] Step: 143 ; Loss: 30.707 ; Acc: 35.388
2018-09-19 14:02:07,266:INFO: [TRAIN] Step: 144 ; Loss: 33.471 ; Acc: 35.287
2018-09-19 14:02:07,353:INFO: [TRAIN] Step: 145 ; Loss: 30.561 ; Acc: 35.303
2018-09-19 14:02:07,428:INFO: [TRAIN] Step: 146 ; Loss: 32.687 ; Acc: 35.204
2018-09-19 14:02:07,525:INFO: [TRAIN] Step: 147 ; Loss: 31.791 ; Acc: 35.304
2018-09-19 14:02:07,601:INFO: [TRAIN] Step: 148 ; Loss: 32.429 ; Acc: 35.431
2018-09-19 14:02:07,681:INFO: [TRAIN] Step: 149 ; Loss: 29.194 ; Acc: 35.639
2018-09-19 14:02:07,757:INFO: [TRAIN] Step: 150 ; Loss: 33.714 ; Acc: 35.706
2018-09-19 14:02:07,848:INFO: [TRAIN] Step: 151 ; Loss: 31.026 ; Acc: 35.691
2018-09-19 14:02:07,923:INFO: [TRAIN] Step: 152 ; Loss: 32.976 ; Acc: 35.675
2018-09-19 14:02:08,022:INFO: [TRAIN] Step: 153 ; Loss: 34.197 ; Acc: 35.606
2018-09-19 14:02:08,097:INFO: [TRAIN] Step: 154 ; Loss: 28.723 ; Acc: 35.618
2018-09-19 14:02:08,176:INFO: [TRAIN] Step: 155 ; Loss: 30.334 ; Acc: 35.684
2018-09-19 14:02:08,251:INFO: [TRAIN] Step: 156 ; Loss: 29.093 ; Acc: 35.775
2018-09-19 14:02:08,333:INFO: [TRAIN] Step: 157 ; Loss: 30.116 ; Acc: 35.812
2018-09-19 14:02:08,406:INFO: [TRAIN] Step: 158 ; Loss: 26.412 ; Acc: 35.875
2018-09-19 14:02:08,486:INFO: [TRAIN] Step: 159 ; Loss: 31.184 ; Acc: 35.911
2018-09-19 14:02:08,559:INFO: [TRAIN] Step: 160 ; Loss: 34.522 ; Acc: 35.921
2018-09-19 14:02:08,638:INFO: [TRAIN] Step: 161 ; Loss: 37.552 ; Acc: 35.828
2018-09-19 14:02:08,714:INFO: [TRAIN] Step: 162 ; Loss: 32.694 ; Acc: 35.762
2018-09-19 14:02:08,794:INFO: [TRAIN] Step: 163 ; Loss: 34.553 ; Acc: 35.798
2018-09-19 14:02:08,868:INFO: [TRAIN] Step: 164 ; Loss: 34.507 ; Acc: 35.682
2018-09-19 14:02:08,949:INFO: [TRAIN] Step: 165 ; Loss: 30.316 ; Acc: 35.693
2018-09-19 14:02:09,023:INFO: [TRAIN] Step: 166 ; Loss: 31.831 ; Acc: 35.654
2018-09-19 14:02:09,107:INFO: [TRAIN] Step: 167 ; Loss: 30.174 ; Acc: 35.665
2018-09-19 14:02:09,180:INFO: [TRAIN] Step: 168 ; Loss: 27.701 ; Acc: 35.750
2018-09-19 14:02:09,261:INFO: [TRAIN] Step: 169 ; Loss: 32.923 ; Acc: 35.735
2018-09-19 14:02:09,336:INFO: [TRAIN] Step: 170 ; Loss: 29.492 ; Acc: 35.746
2018-09-19 14:02:09,416:INFO: [TRAIN] Step: 171 ; Loss: 30.111 ; Acc: 35.732
2018-09-19 14:02:09,491:INFO: [TRAIN] Step: 172 ; Loss: 32.873 ; Acc: 35.742
2018-09-19 14:02:09,569:INFO: [TRAIN] Step: 173 ; Loss: 28.534 ; Acc: 35.848
2018-09-19 14:02:09,642:INFO: [TRAIN] Step: 174 ; Loss: 32.308 ; Acc: 35.762
2018-09-19 14:02:09,723:INFO: [TRAIN] Step: 175 ; Loss: 30.067 ; Acc: 35.677
2018-09-19 14:02:09,797:INFO: [TRAIN] Step: 176 ; Loss: 35.206 ; Acc: 35.593
2018-09-19 14:02:09,878:INFO: [TRAIN] Step: 177 ; Loss: 29.991 ; Acc: 35.581
2018-09-19 14:02:09,951:INFO: [TRAIN] Step: 178 ; Loss: 32.445 ; Acc: 35.568
2018-09-19 14:02:10,031:INFO: [TRAIN] Step: 179 ; Loss: 34.733 ; Acc: 35.556
2018-09-19 14:02:10,118:INFO: [TRAIN] Step: 180 ; Loss: 29.455 ; Acc: 35.589
2018-09-19 14:02:10,202:INFO: [TRAIN] Step: 181 ; Loss: 29.073 ; Acc: 35.577
2018-09-19 14:02:10,275:INFO: [TRAIN] Step: 182 ; Loss: 33.736 ; Acc: 35.496
2018-09-19 14:02:10,356:INFO: [TRAIN] Step: 183 ; Loss: 30.692 ; Acc: 35.462
2018-09-19 14:02:10,430:INFO: [TRAIN] Step: 184 ; Loss: 34.784 ; Acc: 35.495
2018-09-19 14:02:10,511:INFO: [TRAIN] Step: 185 ; Loss: 33.376 ; Acc: 35.484
2018-09-19 14:02:10,583:INFO: [TRAIN] Step: 186 ; Loss: 33.895 ; Acc: 35.361
2018-09-19 14:02:10,663:INFO: [TRAIN] Step: 187 ; Loss: 31.540 ; Acc: 35.372
2018-09-19 14:02:10,737:INFO: [TRAIN] Step: 188 ; Loss: 35.977 ; Acc: 35.317
2018-09-19 14:02:10,816:INFO: [TRAIN] Step: 189 ; Loss: 30.057 ; Acc: 35.263
2018-09-19 14:02:10,894:INFO: [TRAIN] Step: 190 ; Loss: 29.871 ; Acc: 35.340
2018-09-19 14:02:10,976:INFO: [TRAIN] Step: 191 ; Loss: 33.013 ; Acc: 35.286
2018-09-19 14:02:11,055:INFO: [TRAIN] Step: 192 ; Loss: 33.668 ; Acc: 35.320
2018-09-19 14:02:11,137:INFO: [TRAIN] Step: 193 ; Loss: 30.572 ; Acc: 35.288
2018-09-19 14:02:11,214:INFO: [TRAIN] Step: 194 ; Loss: 33.378 ; Acc: 35.299
2018-09-19 14:02:11,293:INFO: [TRAIN] Step: 195 ; Loss: 34.323 ; Acc: 35.247
2018-09-19 14:02:11,367:INFO: [TRAIN] Step: 196 ; Loss: 33.372 ; Acc: 35.216
2018-09-19 14:02:11,448:INFO: [TRAIN] Step: 197 ; Loss: 29.125 ; Acc: 35.269
2018-09-19 14:02:11,523:INFO: [TRAIN] Step: 198 ; Loss: 29.207 ; Acc: 35.281
2018-09-19 14:02:11,602:INFO: [TRAIN] Step: 199 ; Loss: 32.526 ; Acc: 35.333
2018-09-19 14:02:11,677:INFO: [TRAIN] Step: 200 ; Loss: 29.581 ; Acc: 35.386
2018-09-19 14:02:11,758:INFO: [TRAIN] Step: 201 ; Loss: 34.622 ; Acc: 35.293
2018-09-19 14:02:11,832:INFO: [TRAIN] Step: 202 ; Loss: 29.929 ; Acc: 35.263
2018-09-19 14:02:11,914:INFO: [TRAIN] Step: 203 ; Loss: 28.678 ; Acc: 35.253
2018-09-19 14:02:11,991:INFO: [TRAIN] Step: 204 ; Loss: 31.071 ; Acc: 35.325
2018-09-19 14:02:12,070:INFO: [TRAIN] Step: 205 ; Loss: 29.622 ; Acc: 35.275
2018-09-19 14:02:12,145:INFO: [TRAIN] Step: 206 ; Loss: 31.570 ; Acc: 35.306
2018-09-19 14:02:12,225:INFO: [TRAIN] Step: 207 ; Loss: 30.375 ; Acc: 35.357
2018-09-19 14:02:12,300:INFO: [TRAIN] Step: 208 ; Loss: 30.954 ; Acc: 35.307
2018-09-19 14:02:12,378:INFO: [TRAIN] Step: 209 ; Loss: 33.724 ; Acc: 35.238
2018-09-19 14:02:12,451:INFO: [TRAIN] Step: 210 ; Loss: 31.113 ; Acc: 35.288
2018-09-19 14:02:12,532:INFO: [TRAIN] Step: 211 ; Loss: 34.896 ; Acc: 35.279
2018-09-19 14:02:12,606:INFO: [TRAIN] Step: 212 ; Loss: 29.934 ; Acc: 35.309
2018-09-19 14:02:12,689:INFO: [TRAIN] Step: 213 ; Loss: 32.308 ; Acc: 35.241
2018-09-19 14:02:12,762:INFO: [TRAIN] Step: 214 ; Loss: 32.120 ; Acc: 35.174
2018-09-19 14:02:12,844:INFO: [TRAIN] Step: 215 ; Loss: 31.850 ; Acc: 35.166
2018-09-19 14:02:12,918:INFO: [TRAIN] Step: 216 ; Loss: 28.770 ; Acc: 35.177
2018-09-19 14:02:12,998:INFO: [TRAIN] Step: 217 ; Loss: 28.271 ; Acc: 35.206
2018-09-19 14:02:13,073:INFO: [TRAIN] Step: 218 ; Loss: 29.772 ; Acc: 35.217
2018-09-19 14:02:13,152:INFO: [TRAIN] Step: 219 ; Loss: 30.622 ; Acc: 35.208
2018-09-19 14:02:13,226:INFO: [TRAIN] Step: 220 ; Loss: 31.430 ; Acc: 35.162
2018-09-19 14:02:13,308:INFO: [TRAIN] Step: 221 ; Loss: 28.597 ; Acc: 35.173
2018-09-19 14:02:13,380:INFO: [TRAIN] Step: 222 ; Loss: 32.748 ; Acc: 35.164
2018-09-19 14:02:13,464:INFO: [TRAIN] Step: 223 ; Loss: 32.790 ; Acc: 35.156
2018-09-19 14:02:13,538:INFO: [TRAIN] Step: 224 ; Loss: 28.731 ; Acc: 35.204
2018-09-19 14:02:13,619:INFO: [TRAIN] Step: 225 ; Loss: 27.264 ; Acc: 35.251
2018-09-19 14:02:13,693:INFO: [TRAIN] Step: 226 ; Loss: 32.372 ; Acc: 35.224
2018-09-19 14:02:13,772:INFO: [TRAIN] Step: 227 ; Loss: 34.260 ; Acc: 35.270
2018-09-19 14:02:13,845:INFO: [TRAIN] Step: 228 ; Loss: 30.507 ; Acc: 35.226
2018-09-19 14:02:13,925:INFO: [TRAIN] Step: 229 ; Loss: 29.314 ; Acc: 35.236
2018-09-19 14:02:13,998:INFO: [TRAIN] Step: 230 ; Loss: 31.032 ; Acc: 35.281
2018-09-19 14:02:14,079:INFO: [TRAIN] Step: 231 ; Loss: 29.289 ; Acc: 35.237
2018-09-19 14:02:14,156:INFO: [TRAIN] Step: 232 ; Loss: 29.264 ; Acc: 35.247
2018-09-19 14:02:14,236:INFO: [TRAIN] Step: 233 ; Loss: 29.796 ; Acc: 35.221
2018-09-19 14:02:14,316:INFO: [TRAIN] Step: 234 ; Loss: 28.752 ; Acc: 35.230
2018-09-19 14:02:14,396:INFO: [TRAIN] Step: 235 ; Loss: 28.704 ; Acc: 35.258
2018-09-19 14:02:14,469:INFO: [TRAIN] Step: 236 ; Loss: 28.798 ; Acc: 35.285
2018-09-19 14:02:14,549:INFO: [TRAIN] Step: 237 ; Loss: 28.372 ; Acc: 35.294
2018-09-19 14:02:14,623:INFO: [TRAIN] Step: 238 ; Loss: 31.076 ; Acc: 35.286
2018-09-19 14:02:14,705:INFO: [TRAIN] Step: 239 ; Loss: 29.692 ; Acc: 35.295
2018-09-19 14:02:14,781:INFO: [TRAIN] Step: 240 ; Loss: 29.264 ; Acc: 35.252
2018-09-19 14:02:14,863:INFO: [TRAIN] Step: 241 ; Loss: 29.906 ; Acc: 35.279
2018-09-19 14:02:14,937:INFO: [TRAIN] Step: 242 ; Loss: 31.187 ; Acc: 35.288
2018-09-19 14:02:15,019:INFO: [TRAIN] Step: 243 ; Loss: 33.331 ; Acc: 35.314
2018-09-19 14:02:15,092:INFO: [TRAIN] Step: 244 ; Loss: 31.956 ; Acc: 35.272
2018-09-19 14:02:15,173:INFO: [TRAIN] Step: 245 ; Loss: 27.098 ; Acc: 35.315
2018-09-19 14:02:15,249:INFO: [TRAIN] Step: 246 ; Loss: 31.280 ; Acc: 35.307
2018-09-19 14:02:15,331:INFO: [TRAIN] Step: 247 ; Loss: 30.041 ; Acc: 35.316
2018-09-19 14:02:15,405:INFO: [TRAIN] Step: 248 ; Loss: 29.093 ; Acc: 35.341
2018-09-19 14:02:15,487:INFO: [TRAIN] Step: 249 ; Loss: 28.451 ; Acc: 35.333
2018-09-19 14:02:15,562:INFO: [TRAIN] Step: 250 ; Loss: 28.499 ; Acc: 35.342
2018-09-19 14:02:15,642:INFO: [TRAIN] Step: 251 ; Loss: 34.167 ; Acc: 35.317
2018-09-19 14:02:15,715:INFO: [TRAIN] Step: 252 ; Loss: 29.961 ; Acc: 35.310
2018-09-19 14:02:15,795:INFO: [TRAIN] Step: 253 ; Loss: 31.029 ; Acc: 35.269
2018-09-19 14:02:15,872:INFO: [TRAIN] Step: 254 ; Loss: 29.503 ; Acc: 35.278
2018-09-19 14:02:15,951:INFO: [TRAIN] Step: 255 ; Loss: 30.773 ; Acc: 35.384
2018-09-19 14:02:16,025:INFO: [TRAIN] Step: 256 ; Loss: 30.282 ; Acc: 35.409
2018-09-19 14:02:16,105:INFO: [TRAIN] Step: 257 ; Loss: 30.172 ; Acc: 35.417
2018-09-19 14:02:16,177:INFO: [TRAIN] Step: 258 ; Loss: 26.983 ; Acc: 35.425
2018-09-19 14:02:16,259:INFO: [TRAIN] Step: 259 ; Loss: 31.189 ; Acc: 35.449
2018-09-19 14:02:16,331:INFO: [TRAIN] Step: 260 ; Loss: 27.616 ; Acc: 35.504
2018-09-19 14:02:16,410:INFO: [TRAIN] Step: 261 ; Loss: 30.559 ; Acc: 35.528
2018-09-19 14:02:16,482:INFO: [TRAIN] Step: 262 ; Loss: 31.178 ; Acc: 35.504
2018-09-19 14:02:16,563:INFO: [TRAIN] Step: 263 ; Loss: 30.127 ; Acc: 35.527
2018-09-19 14:02:16,634:INFO: [TRAIN] Step: 264 ; Loss: 30.175 ; Acc: 35.487
2018-09-19 14:02:16,717:INFO: [TRAIN] Step: 265 ; Loss: 29.248 ; Acc: 35.464
2018-09-19 14:02:16,791:INFO: [TRAIN] Step: 266 ; Loss: 33.122 ; Acc: 35.456
2018-09-19 14:02:16,874:INFO: [TRAIN] Step: 267 ; Loss: 31.320 ; Acc: 35.463
2018-09-19 14:02:16,950:INFO: [TRAIN] Step: 268 ; Loss: 27.506 ; Acc: 35.471
2018-09-19 14:02:17,031:INFO: [TRAIN] Step: 269 ; Loss: 29.886 ; Acc: 35.494
2018-09-19 14:02:17,105:INFO: [TRAIN] Step: 270 ; Loss: 33.035 ; Acc: 35.440
2018-09-19 14:02:17,184:INFO: [TRAIN] Step: 271 ; Loss: 30.808 ; Acc: 35.447
2018-09-19 14:02:17,258:INFO: [TRAIN] Step: 272 ; Loss: 28.239 ; Acc: 35.409
2018-09-19 14:02:17,340:INFO: [TRAIN] Step: 273 ; Loss: 29.507 ; Acc: 35.417
2018-09-19 14:02:17,416:INFO: [TRAIN] Step: 274 ; Loss: 26.532 ; Acc: 35.424
2018-09-19 14:02:17,497:INFO: [TRAIN] Step: 275 ; Loss: 25.436 ; Acc: 35.492
2018-09-19 14:02:17,571:INFO: [TRAIN] Step: 276 ; Loss: 28.540 ; Acc: 35.514
2018-09-19 14:02:17,666:INFO: [TRAIN] Step: 277 ; Loss: 26.477 ; Acc: 35.552
2018-09-19 14:02:17,740:INFO: [TRAIN] Step: 278 ; Loss: 29.546 ; Acc: 35.559
2018-09-19 14:02:17,820:INFO: [TRAIN] Step: 279 ; Loss: 29.494 ; Acc: 35.551
2018-09-19 14:02:17,896:INFO: [TRAIN] Step: 280 ; Loss: 25.944 ; Acc: 35.572
2018-09-19 14:02:17,976:INFO: [TRAIN] Step: 281 ; Loss: 27.511 ; Acc: 35.579
2018-09-19 14:02:18,048:INFO: [TRAIN] Step: 282 ; Loss: 28.950 ; Acc: 35.601
2018-09-19 14:02:18,131:INFO: [TRAIN] Step: 283 ; Loss: 25.773 ; Acc: 35.622
2018-09-19 14:02:18,206:INFO: [TRAIN] Step: 284 ; Loss: 34.440 ; Acc: 35.541
2018-09-19 14:02:18,286:INFO: [TRAIN] Step: 285 ; Loss: 26.482 ; Acc: 35.606
2018-09-19 14:02:18,360:INFO: [TRAIN] Step: 286 ; Loss: 28.310 ; Acc: 35.642
2018-09-19 14:02:18,441:INFO: [TRAIN] Step: 287 ; Loss: 27.826 ; Acc: 35.634
2018-09-19 14:02:18,516:INFO: [TRAIN] Step: 288 ; Loss: 30.546 ; Acc: 35.597
2018-09-19 14:02:18,598:INFO: [TRAIN] Step: 289 ; Loss: 28.135 ; Acc: 35.589
2018-09-19 14:02:18,677:INFO: [TRAIN] Step: 290 ; Loss: 25.117 ; Acc: 35.567
2018-09-19 14:02:18,759:INFO: [TRAIN] Step: 291 ; Loss: 30.457 ; Acc: 35.645
2018-09-19 14:02:18,833:INFO: [TRAIN] Step: 292 ; Loss: 33.823 ; Acc: 35.552
2018-09-19 14:02:18,921:INFO: [TRAIN] Step: 293 ; Loss: 31.092 ; Acc: 35.530
2018-09-19 14:02:18,995:INFO: [TRAIN] Step: 294 ; Loss: 28.270 ; Acc: 35.565
2018-09-19 14:02:19,080:INFO: [TRAIN] Step: 295 ; Loss: 28.818 ; Acc: 35.529
2018-09-19 14:02:19,161:INFO: [TRAIN] Step: 296 ; Loss: 28.057 ; Acc: 35.494
2018-09-19 14:02:19,241:INFO: [TRAIN] Step: 297 ; Loss: 25.420 ; Acc: 35.515
2018-09-19 14:02:19,316:INFO: [TRAIN] Step: 298 ; Loss: 31.595 ; Acc: 35.521
2018-09-19 14:02:19,395:INFO: [TRAIN] Step: 299 ; Loss: 32.402 ; Acc: 35.500
2018-09-19 14:02:19,468:INFO: [TRAIN] Step: 300 ; Loss: 26.940 ; Acc: 35.507
2018-09-19 14:02:19,547:INFO: [TRAIN] Step: 301 ; Loss: 29.997 ; Acc: 35.541
2018-09-19 14:02:19,622:INFO: [TRAIN] Step: 302 ; Loss: 31.213 ; Acc: 35.575
2018-09-19 14:02:19,701:INFO: [TRAIN] Step: 303 ; Loss: 29.455 ; Acc: 35.581
2018-09-19 14:02:19,774:INFO: [TRAIN] Step: 304 ; Loss: 29.436 ; Acc: 35.587
2018-09-19 14:02:19,854:INFO: [TRAIN] Step: 305 ; Loss: 31.148 ; Acc: 35.621
2018-09-19 14:02:19,927:INFO: [TRAIN] Step: 306 ; Loss: 31.895 ; Acc: 35.586
2018-09-19 14:02:20,007:INFO: [TRAIN] Step: 307 ; Loss: 32.017 ; Acc: 35.593
2018-09-19 14:02:20,081:INFO: [TRAIN] Step: 308 ; Loss: 27.225 ; Acc: 35.653
2018-09-19 14:02:20,160:INFO: [TRAIN] Step: 309 ; Loss: 32.377 ; Acc: 35.618
2018-09-19 14:02:20,236:INFO: [TRAIN] Step: 310 ; Loss: 28.827 ; Acc: 35.624
2018-09-19 14:02:20,318:INFO: [TRAIN] Step: 311 ; Loss: 25.608 ; Acc: 35.670
2018-09-19 14:02:20,394:INFO: [TRAIN] Step: 312 ; Loss: 32.835 ; Acc: 35.623
2018-09-19 14:02:20,476:INFO: [TRAIN] Step: 313 ; Loss: 30.503 ; Acc: 35.602
2018-09-19 14:02:20,550:INFO: [TRAIN] Step: 314 ; Loss: 31.005 ; Acc: 35.595
2018-09-19 14:02:20,630:INFO: [TRAIN] Step: 315 ; Loss: 30.206 ; Acc: 35.588
2018-09-19 14:02:20,706:INFO: [TRAIN] Step: 316 ; Loss: 33.263 ; Acc: 35.581
2018-09-19 14:02:20,785:INFO: [TRAIN] Step: 317 ; Loss: 28.806 ; Acc: 35.508
2018-09-19 14:02:20,858:INFO: [TRAIN] Step: 318 ; Loss: 29.740 ; Acc: 35.502
2018-09-19 14:02:20,940:INFO: [TRAIN] Step: 319 ; Loss: 25.619 ; Acc: 35.586
2018-09-19 14:02:21,014:INFO: [TRAIN] Step: 320 ; Loss: 28.588 ; Acc: 35.579
2018-09-19 14:02:21,095:INFO: [TRAIN] Step: 321 ; Loss: 28.128 ; Acc: 35.611
2018-09-19 14:02:21,168:INFO: [TRAIN] Step: 322 ; Loss: 30.421 ; Acc: 35.578
2018-09-19 14:02:21,250:INFO: [TRAIN] Step: 323 ; Loss: 25.852 ; Acc: 35.584
2018-09-19 14:02:21,324:INFO: [TRAIN] Step: 324 ; Loss: 31.299 ; Acc: 35.603
2018-09-19 14:02:21,407:INFO: [TRAIN] Step: 325 ; Loss: 26.146 ; Acc: 35.660
2018-09-19 14:02:21,484:INFO: [TRAIN] Step: 326 ; Loss: 32.715 ; Acc: 35.614
2018-09-19 14:02:21,564:INFO: [TRAIN] Step: 327 ; Loss: 31.030 ; Acc: 35.569
2018-09-19 14:02:21,639:INFO: [TRAIN] Step: 328 ; Loss: 29.838 ; Acc: 35.575
2018-09-19 14:02:21,718:INFO: [TRAIN] Step: 329 ; Loss: 27.730 ; Acc: 35.606
2018-09-19 14:02:21,792:INFO: [TRAIN] Step: 330 ; Loss: 32.955 ; Acc: 35.561
2018-09-19 14:02:21,872:INFO: [TRAIN] Step: 331 ; Loss: 32.530 ; Acc: 35.567
2018-09-19 14:02:21,944:INFO: [TRAIN] Step: 332 ; Loss: 28.698 ; Acc: 35.611
2018-09-19 14:02:22,023:INFO: [TRAIN] Step: 333 ; Loss: 30.747 ; Acc: 35.579
2018-09-19 14:02:22,098:INFO: [TRAIN] Step: 334 ; Loss: 31.382 ; Acc: 35.572
2018-09-19 14:02:22,178:INFO: [TRAIN] Step: 335 ; Loss: 25.158 ; Acc: 35.603
2018-09-19 14:02:22,253:INFO: [TRAIN] Step: 336 ; Loss: 28.313 ; Acc: 35.584
2018-09-19 14:02:22,339:INFO: [TRAIN] Step: 337 ; Loss: 26.301 ; Acc: 35.651
2018-09-19 14:02:22,423:INFO: [TRAIN] Step: 338 ; Loss: 26.912 ; Acc: 35.681
2018-09-19 14:02:22,504:INFO: [TRAIN] Step: 339 ; Loss: 27.909 ; Acc: 35.699
2018-09-19 14:02:22,578:INFO: [TRAIN] Step: 340 ; Loss: 31.184 ; Acc: 35.704
2018-09-19 14:02:22,659:INFO: [TRAIN] Step: 341 ; Loss: 31.150 ; Acc: 35.697
2018-09-19 14:02:22,735:INFO: [TRAIN] Step: 342 ; Loss: 30.715 ; Acc: 35.678
2018-09-19 14:02:22,814:INFO: [TRAIN] Step: 343 ; Loss: 28.173 ; Acc: 35.683
2018-09-19 14:02:22,887:INFO: [TRAIN] Step: 344 ; Loss: 33.015 ; Acc: 35.676
2018-09-19 14:02:22,974:INFO: [TRAIN] Step: 345 ; Loss: 29.325 ; Acc: 35.621
2018-09-19 14:02:23,047:INFO: [TRAIN] Step: 346 ; Loss: 27.851 ; Acc: 35.651
2018-09-19 14:02:23,125:INFO: [TRAIN] Step: 347 ; Loss: 28.882 ; Acc: 35.608
2018-09-19 14:02:23,200:INFO: [TRAIN] Step: 348 ; Loss: 28.530 ; Acc: 35.614
2018-09-19 14:02:23,280:INFO: [TRAIN] Step: 349 ; Loss: 30.148 ; Acc: 35.607
2018-09-19 14:02:23,358:INFO: [TRAIN] Step: 350 ; Loss: 26.125 ; Acc: 35.636
2018-09-19 14:02:23,437:INFO: [TRAIN] Step: 351 ; Loss: 31.724 ; Acc: 35.642
2018-09-19 14:02:23,516:INFO: [TRAIN] Step: 352 ; Loss: 28.485 ; Acc: 35.635
2018-09-19 14:02:23,596:INFO: [TRAIN] Step: 353 ; Loss: 27.864 ; Acc: 35.652
2018-09-19 14:02:23,671:INFO: [TRAIN] Step: 354 ; Loss: 24.755 ; Acc: 35.728
2018-09-19 14:02:23,752:INFO: [TRAIN] Step: 355 ; Loss: 31.470 ; Acc: 35.721
2018-09-19 14:02:23,826:INFO: [TRAIN] Step: 356 ; Loss: 28.834 ; Acc: 35.726
2018-09-19 14:02:23,907:INFO: [TRAIN] Step: 357 ; Loss: 30.897 ; Acc: 35.731
2018-09-19 14:02:23,983:INFO: [TRAIN] Step: 358 ; Loss: 26.618 ; Acc: 35.771
2018-09-19 14:02:24,066:INFO: [TRAIN] Step: 359 ; Loss: 29.399 ; Acc: 35.764
2018-09-19 14:02:24,139:INFO: [TRAIN] Step: 360 ; Loss: 28.530 ; Acc: 35.757
2018-09-19 14:02:24,219:INFO: [TRAIN] Step: 361 ; Loss: 27.293 ; Acc: 35.739
2018-09-19 14:02:24,293:INFO: [TRAIN] Step: 362 ; Loss: 24.791 ; Acc: 35.778
2018-09-19 14:02:24,373:INFO: [TRAIN] Step: 363 ; Loss: 26.224 ; Acc: 35.817
2018-09-19 14:02:24,449:INFO: [TRAIN] Step: 364 ; Loss: 28.625 ; Acc: 35.811
2018-09-19 14:02:24,532:INFO: [TRAIN] Step: 365 ; Loss: 28.746 ; Acc: 35.838
2018-09-19 14:02:24,606:INFO: [TRAIN] Step: 366 ; Loss: 27.629 ; Acc: 35.854
2018-09-19 14:02:24,686:INFO: [TRAIN] Step: 367 ; Loss: 29.185 ; Acc: 35.858
2018-09-19 14:02:24,759:INFO: [TRAIN] Step: 368 ; Loss: 26.231 ; Acc: 35.885
2018-09-19 14:02:24,839:INFO: [TRAIN] Step: 369 ; Loss: 29.331 ; Acc: 35.912
2018-09-19 14:02:24,914:INFO: [TRAIN] Step: 370 ; Loss: 26.192 ; Acc: 35.905
2018-09-19 14:02:24,998:INFO: [TRAIN] Step: 371 ; Loss: 27.639 ; Acc: 35.921
2018-09-19 14:02:25,073:INFO: [TRAIN] Step: 372 ; Loss: 28.433 ; Acc: 35.925
2018-09-19 14:02:25,152:INFO: [TRAIN] Step: 373 ; Loss: 28.075 ; Acc: 35.896
2018-09-19 14:02:25,226:INFO: [TRAIN] Step: 374 ; Loss: 25.206 ; Acc: 35.911
2018-09-19 14:02:25,306:INFO: [TRAIN] Step: 375 ; Loss: 30.713 ; Acc: 35.882
2018-09-19 14:02:25,380:INFO: [TRAIN] Step: 376 ; Loss: 31.711 ; Acc: 35.875
2018-09-19 14:02:25,461:INFO: [TRAIN] Step: 377 ; Loss: 31.296 ; Acc: 35.869
2018-09-19 14:02:25,535:INFO: [TRAIN] Step: 378 ; Loss: 28.125 ; Acc: 35.873
2018-09-19 14:02:25,613:INFO: [TRAIN] Step: 379 ; Loss: 27.051 ; Acc: 35.888
2018-09-19 14:02:25,686:INFO: [TRAIN] Step: 380 ; Loss: 32.671 ; Acc: 35.838
2018-09-19 14:02:25,767:INFO: [TRAIN] Step: 381 ; Loss: 29.908 ; Acc: 35.831
2018-09-19 14:02:25,844:INFO: [TRAIN] Step: 382 ; Loss: 25.807 ; Acc: 35.868
2018-09-19 14:02:25,927:INFO: [TRAIN] Step: 383 ; Loss: 28.635 ; Acc: 35.872
2018-09-19 14:02:26,001:INFO: [TRAIN] Step: 384 ; Loss: 29.059 ; Acc: 35.866
2018-09-19 14:02:26,085:INFO: [TRAIN] Step: 385 ; Loss: 29.971 ; Acc: 35.859
2018-09-19 14:02:26,159:INFO: [TRAIN] Step: 386 ; Loss: 32.044 ; Acc: 35.810
2018-09-19 14:02:26,244:INFO: [TRAIN] Step: 387 ; Loss: 28.930 ; Acc: 35.814
2018-09-19 14:02:26,318:INFO: [TRAIN] Step: 388 ; Loss: 25.974 ; Acc: 35.850
2018-09-19 14:02:26,398:INFO: [TRAIN] Step: 389 ; Loss: 26.699 ; Acc: 35.908
2018-09-19 14:02:26,473:INFO: [TRAIN] Step: 390 ; Loss: 28.266 ; Acc: 35.965
2018-09-19 14:02:26,554:INFO: [TRAIN] Step: 391 ; Loss: 28.425 ; Acc: 35.969
2018-09-19 14:02:26,628:INFO: [TRAIN] Step: 392 ; Loss: 29.657 ; Acc: 35.963
2018-09-19 14:02:26,711:INFO: [TRAIN] Step: 393 ; Loss: 31.205 ; Acc: 35.956
2018-09-19 14:02:26,785:INFO: [TRAIN] Step: 394 ; Loss: 28.253 ; Acc: 35.981
2018-09-19 14:02:26,866:INFO: [TRAIN] Step: 395 ; Loss: 29.953 ; Acc: 35.995
2018-09-19 14:02:26,939:INFO: [TRAIN] Step: 396 ; Loss: 28.756 ; Acc: 35.999
2018-09-19 14:02:27,019:INFO: [TRAIN] Step: 397 ; Loss: 29.777 ; Acc: 36.034
2018-09-19 14:02:27,093:INFO: [TRAIN] Step: 398 ; Loss: 30.786 ; Acc: 36.038
2018-09-19 14:02:27,178:INFO: [TRAIN] Step: 399 ; Loss: 31.650 ; Acc: 36.031
2018-09-19 14:02:27,252:INFO: [TRAIN] Step: 400 ; Loss: 29.510 ; Acc: 36.045
2018-09-19 14:02:27,334:INFO: [TRAIN] Step: 401 ; Loss: 27.605 ; Acc: 36.039
2018-09-19 14:02:27,410:INFO: [TRAIN] Step: 402 ; Loss: 31.048 ; Acc: 36.032
2018-09-19 14:02:27,491:INFO: [TRAIN] Step: 403 ; Loss: 30.479 ; Acc: 36.035
2018-09-19 14:02:27,565:INFO: [TRAIN] Step: 404 ; Loss: 30.510 ; Acc: 36.019
2018-09-19 14:02:27,646:INFO: [TRAIN] Step: 405 ; Loss: 27.908 ; Acc: 36.022
2018-09-19 14:02:27,723:INFO: [TRAIN] Step: 406 ; Loss: 27.268 ; Acc: 36.036
2018-09-19 14:02:27,807:INFO: [TRAIN] Step: 407 ; Loss: 26.163 ; Acc: 36.050
2018-09-19 14:02:27,885:INFO: [TRAIN] Step: 408 ; Loss: 28.754 ; Acc: 36.084
2018-09-19 14:02:27,968:INFO: [TRAIN] Step: 409 ; Loss: 30.184 ; Acc: 36.077
2018-09-19 14:02:28,042:INFO: [TRAIN] Step: 410 ; Loss: 26.547 ; Acc: 36.091
2018-09-19 14:02:28,124:INFO: [TRAIN] Step: 411 ; Loss: 30.607 ; Acc: 36.064
2018-09-19 14:02:28,199:INFO: [TRAIN] Step: 412 ; Loss: 31.664 ; Acc: 36.057
2018-09-19 14:02:28,280:INFO: [TRAIN] Step: 413 ; Loss: 24.426 ; Acc: 36.091
2018-09-19 14:02:28,356:INFO: [TRAIN] Step: 414 ; Loss: 30.479 ; Acc: 36.084
2018-09-19 14:02:28,439:INFO: [TRAIN] Step: 415 ; Loss: 28.194 ; Acc: 36.118
2018-09-19 14:02:28,515:INFO: [TRAIN] Step: 416 ; Loss: 29.694 ; Acc: 36.121
2018-09-19 14:02:28,595:INFO: [TRAIN] Step: 417 ; Loss: 28.891 ; Acc: 36.134
2018-09-19 14:02:28,671:INFO: [TRAIN] Step: 418 ; Loss: 27.544 ; Acc: 36.128
2018-09-19 14:02:28,755:INFO: [TRAIN] Step: 419 ; Loss: 30.308 ; Acc: 36.121
2018-09-19 14:02:28,830:INFO: [TRAIN] Step: 420 ; Loss: 30.982 ; Acc: 36.065
2018-09-19 14:02:28,909:INFO: [TRAIN] Step: 421 ; Loss: 30.610 ; Acc: 36.039
2018-09-19 14:02:28,983:INFO: [TRAIN] Step: 422 ; Loss: 27.842 ; Acc: 36.052
2018-09-19 14:02:29,063:INFO: [TRAIN] Step: 423 ; Loss: 31.043 ; Acc: 36.046
2018-09-19 14:02:29,137:INFO: [TRAIN] Step: 424 ; Loss: 29.807 ; Acc: 36.039
2018-09-19 14:02:29,220:INFO: [TRAIN] Step: 425 ; Loss: 29.762 ; Acc: 36.023
2018-09-19 14:02:29,292:INFO: [TRAIN] Step: 426 ; Loss: 35.194 ; Acc: 36.007
2018-09-19 14:02:29,372:INFO: [TRAIN] Step: 427 ; Loss: 29.388 ; Acc: 36.040
2018-09-19 14:02:29,447:INFO: [TRAIN] Step: 428 ; Loss: 29.929 ; Acc: 36.033
2018-09-19 14:02:29,525:INFO: [TRAIN] Step: 429 ; Loss: 29.418 ; Acc: 36.027
2018-09-19 14:02:29,600:INFO: [TRAIN] Step: 430 ; Loss: 27.306 ; Acc: 36.021
2018-09-19 14:02:29,682:INFO: [TRAIN] Step: 431 ; Loss: 33.211 ; Acc: 36.024
2018-09-19 14:02:29,754:INFO: [TRAIN] Step: 432 ; Loss: 29.705 ; Acc: 36.008
2018-09-19 14:02:29,836:INFO: [TRAIN] Step: 433 ; Loss: 28.660 ; Acc: 36.041
2018-09-19 14:02:29,909:INFO: [TRAIN] Step: 434 ; Loss: 29.992 ; Acc: 36.025
2018-09-19 14:02:29,991:INFO: [TRAIN] Step: 435 ; Loss: 27.493 ; Acc: 36.019
2018-09-19 14:02:30,065:INFO: [TRAIN] Step: 436 ; Loss: 26.081 ; Acc: 36.051
2018-09-19 14:02:30,144:INFO: [TRAIN] Step: 437 ; Loss: 27.186 ; Acc: 36.102
2018-09-19 14:02:30,219:INFO: [TRAIN] Step: 438 ; Loss: 32.403 ; Acc: 36.095
2018-09-19 14:02:30,299:INFO: [TRAIN] Step: 439 ; Loss: 33.168 ; Acc: 36.117
2018-09-19 14:02:30,371:INFO: [TRAIN] Step: 440 ; Loss: 28.332 ; Acc: 36.102
2018-09-19 14:02:30,452:INFO: [TRAIN] Step: 441 ; Loss: 29.639 ; Acc: 36.095
2018-09-19 14:02:30,527:INFO: [TRAIN] Step: 442 ; Loss: 26.584 ; Acc: 36.099
2018-09-19 14:02:30,606:INFO: [TRAIN] Step: 443 ; Loss: 32.147 ; Acc: 36.083
2018-09-19 14:02:30,680:INFO: [TRAIN] Step: 444 ; Loss: 27.141 ; Acc: 36.105
2018-09-19 14:02:30,763:INFO: [TRAIN] Step: 445 ; Loss: 28.180 ; Acc: 36.117
2018-09-19 14:02:30,837:INFO: [TRAIN] Step: 446 ; Loss: 28.484 ; Acc: 36.120
2018-09-19 14:02:30,919:INFO: [TRAIN] Step: 447 ; Loss: 25.517 ; Acc: 36.105
2018-09-19 14:02:30,995:INFO: [TRAIN] Step: 448 ; Loss: 25.708 ; Acc: 36.117
2018-09-19 14:02:31,074:INFO: [TRAIN] Step: 449 ; Loss: 31.536 ; Acc: 36.111
2018-09-19 14:02:31,146:INFO: [TRAIN] Step: 450 ; Loss: 29.660 ; Acc: 36.123
2018-09-19 14:02:31,226:INFO: [TRAIN] Step: 451 ; Loss: 30.050 ; Acc: 36.154
2018-09-19 14:02:31,300:INFO: [TRAIN] Step: 452 ; Loss: 29.663 ; Acc: 36.139
2018-09-19 14:02:31,381:INFO: [TRAIN] Step: 453 ; Loss: 26.957 ; Acc: 36.169
2018-09-19 14:02:31,455:INFO: [TRAIN] Step: 454 ; Loss: 29.468 ; Acc: 36.181
2018-09-19 14:02:31,536:INFO: [TRAIN] Step: 455 ; Loss: 28.570 ; Acc: 36.175
2018-09-19 14:02:31,612:INFO: [TRAIN] Step: 456 ; Loss: 28.844 ; Acc: 36.169
2018-09-19 14:02:31,692:INFO: [TRAIN] Step: 457 ; Loss: 28.294 ; Acc: 36.172
2018-09-19 14:02:31,768:INFO: [TRAIN] Step: 458 ; Loss: 25.581 ; Acc: 36.175
2018-09-19 14:02:31,850:INFO: [TRAIN] Step: 459 ; Loss: 29.603 ; Acc: 36.168
2018-09-19 14:02:31,926:INFO: [TRAIN] Step: 460 ; Loss: 26.260 ; Acc: 36.198
2018-09-19 14:02:32,010:INFO: [TRAIN] Step: 461 ; Loss: 27.657 ; Acc: 36.210
2018-09-19 14:02:32,085:INFO: [TRAIN] Step: 462 ; Loss: 27.682 ; Acc: 36.195
2018-09-19 14:02:32,165:INFO: [TRAIN] Step: 463 ; Loss: 30.032 ; Acc: 36.180
2018-09-19 14:02:32,237:INFO: [TRAIN] Step: 464 ; Loss: 29.540 ; Acc: 36.174
2018-09-19 14:02:32,318:INFO: [TRAIN] Step: 465 ; Loss: 24.716 ; Acc: 36.195
2018-09-19 14:02:32,391:INFO: [TRAIN] Step: 466 ; Loss: 27.405 ; Acc: 36.233
2018-09-19 14:02:32,471:INFO: [TRAIN] Step: 467 ; Loss: 26.451 ; Acc: 36.227
2018-09-19 14:02:32,545:INFO: [TRAIN] Step: 468 ; Loss: 27.148 ; Acc: 36.221
2018-09-19 14:02:32,629:INFO: [TRAIN] Step: 469 ; Loss: 29.917 ; Acc: 36.215
2018-09-19 14:02:32,702:INFO: [TRAIN] Step: 470 ; Loss: 25.860 ; Acc: 36.208
2018-09-19 14:02:32,782:INFO: [TRAIN] Step: 471 ; Loss: 31.092 ; Acc: 36.211
2018-09-19 14:02:32,859:INFO: [TRAIN] Step: 472 ; Loss: 29.401 ; Acc: 36.214
2018-09-19 14:02:32,938:INFO: [TRAIN] Step: 473 ; Loss: 29.943 ; Acc: 36.208
2018-09-19 14:02:33,011:INFO: [TRAIN] Step: 474 ; Loss: 31.643 ; Acc: 36.202
2018-09-19 14:02:33,090:INFO: [TRAIN] Step: 475 ; Loss: 24.034 ; Acc: 36.266
2018-09-19 14:02:33,164:INFO: [TRAIN] Step: 476 ; Loss: 28.573 ; Acc: 36.277
2018-09-19 14:02:33,243:INFO: [TRAIN] Step: 477 ; Loss: 27.488 ; Acc: 36.262
2018-09-19 14:02:33,319:INFO: [TRAIN] Step: 478 ; Loss: 28.384 ; Acc: 36.265
2018-09-19 14:02:33,399:INFO: [TRAIN] Step: 479 ; Loss: 25.036 ; Acc: 36.267
2018-09-19 14:02:33,473:INFO: [TRAIN] Step: 480 ; Loss: 28.190 ; Acc: 36.244
2018-09-19 14:02:33,559:INFO: [TRAIN] Step: 481 ; Loss: 29.673 ; Acc: 36.238
2018-09-19 14:02:33,633:INFO: [TRAIN] Step: 482 ; Loss: 25.730 ; Acc: 36.232
2018-09-19 14:02:33,713:INFO: [TRAIN] Step: 483 ; Loss: 28.078 ; Acc: 36.209
2018-09-19 14:02:33,785:INFO: [TRAIN] Step: 484 ; Loss: 28.293 ; Acc: 36.177
2018-09-19 14:02:33,865:INFO: [TRAIN] Step: 485 ; Loss: 32.143 ; Acc: 36.180
2018-09-19 14:02:33,937:INFO: [TRAIN] Step: 486 ; Loss: 24.524 ; Acc: 36.174
2018-09-19 14:02:34,017:INFO: [TRAIN] Step: 487 ; Loss: 31.885 ; Acc: 36.151
2018-09-19 14:02:34,091:INFO: [TRAIN] Step: 488 ; Loss: 28.878 ; Acc: 36.154
2018-09-19 14:02:34,174:INFO: [TRAIN] Step: 489 ; Loss: 26.661 ; Acc: 36.139
2018-09-19 14:02:34,250:INFO: [TRAIN] Step: 490 ; Loss: 29.978 ; Acc: 36.100
2018-09-19 14:02:34,330:INFO: [TRAIN] Step: 491 ; Loss: 28.881 ; Acc: 36.103
2018-09-19 14:02:34,404:INFO: [TRAIN] Step: 492 ; Loss: 30.792 ; Acc: 36.097
2018-09-19 14:02:34,483:INFO: [TRAIN] Step: 493 ; Loss: 27.712 ; Acc: 36.134
2018-09-19 14:02:34,556:INFO: [TRAIN] Step: 494 ; Loss: 32.844 ; Acc: 36.128
2018-09-19 14:02:34,639:INFO: [TRAIN] Step: 495 ; Loss: 27.897 ; Acc: 36.106
2018-09-19 14:02:34,712:INFO: [TRAIN] Step: 496 ; Loss: 31.275 ; Acc: 36.100
2018-09-19 14:02:34,791:INFO: [TRAIN] Step: 497 ; Loss: 28.188 ; Acc: 36.086
2018-09-19 14:02:34,866:INFO: [TRAIN] Step: 498 ; Loss: 26.672 ; Acc: 36.114
2018-09-19 14:02:34,945:INFO: [TRAIN] Step: 499 ; Loss: 28.478 ; Acc: 36.108
2018-09-19 14:02:35,019:INFO: [TRAIN] Step: 500 ; Loss: 30.248 ; Acc: 36.086
2018-09-19 14:02:35,098:INFO: [TRAIN] Step: 501 ; Loss: 29.474 ; Acc: 36.089
2018-09-19 14:02:35,175:INFO: [TRAIN] Step: 502 ; Loss: 26.205 ; Acc: 36.108
2018-09-19 14:02:35,257:INFO: [TRAIN] Step: 503 ; Loss: 27.040 ; Acc: 36.128
2018-09-19 14:02:35,332:INFO: [TRAIN] Step: 504 ; Loss: 32.684 ; Acc: 36.122
2018-09-19 14:02:35,411:INFO: [TRAIN] Step: 505 ; Loss: 27.663 ; Acc: 36.150
2018-09-19 14:02:35,484:INFO: [TRAIN] Step: 506 ; Loss: 29.677 ; Acc: 36.160
2018-09-19 14:02:35,563:INFO: [TRAIN] Step: 507 ; Loss: 30.316 ; Acc: 36.171
2018-09-19 14:02:35,639:INFO: [TRAIN] Step: 508 ; Loss: 26.466 ; Acc: 36.182
2018-09-19 14:02:35,721:INFO: [TRAIN] Step: 509 ; Loss: 29.700 ; Acc: 36.185
2018-09-19 14:02:35,794:INFO: [TRAIN] Step: 510 ; Loss: 29.688 ; Acc: 36.179
2018-09-19 14:02:35,873:INFO: [TRAIN] Step: 511 ; Loss: 29.889 ; Acc: 36.190
2018-09-19 14:02:35,947:INFO: [TRAIN] Step: 512 ; Loss: 31.699 ; Acc: 36.192
2018-09-19 14:02:36,031:INFO: [TRAIN] Step: 513 ; Loss: 25.055 ; Acc: 36.203
2018-09-19 14:02:36,108:INFO: [TRAIN] Step: 514 ; Loss: 28.783 ; Acc: 36.222
2018-09-19 14:02:36,187:INFO: [TRAIN] Step: 515 ; Loss: 31.764 ; Acc: 36.208
2018-09-19 14:02:36,262:INFO: [TRAIN] Step: 516 ; Loss: 29.551 ; Acc: 36.186
2018-09-19 14:02:36,341:INFO: [TRAIN] Step: 517 ; Loss: 30.592 ; Acc: 36.173
2018-09-19 14:02:36,416:INFO: [TRAIN] Step: 518 ; Loss: 27.902 ; Acc: 36.199
2018-09-19 14:02:36,497:INFO: [TRAIN] Step: 519 ; Loss: 31.537 ; Acc: 36.186
2018-09-19 14:02:36,571:INFO: [TRAIN] Step: 520 ; Loss: 27.165 ; Acc: 36.196
2018-09-19 14:02:36,649:INFO: [TRAIN] Step: 521 ; Loss: 30.277 ; Acc: 36.183
2018-09-19 14:02:36,722:INFO: [TRAIN] Step: 522 ; Loss: 32.823 ; Acc: 36.178
2018-09-19 14:02:36,803:INFO: [TRAIN] Step: 523 ; Loss: 28.455 ; Acc: 36.172
2018-09-19 14:02:36,877:INFO: [TRAIN] Step: 524 ; Loss: 28.771 ; Acc: 36.159
2018-09-19 14:02:36,957:INFO: [TRAIN] Step: 525 ; Loss: 26.383 ; Acc: 36.177
2018-09-19 14:02:37,034:INFO: [TRAIN] Step: 526 ; Loss: 28.878 ; Acc: 36.195
2018-09-19 14:02:37,118:INFO: [TRAIN] Step: 527 ; Loss: 33.015 ; Acc: 36.182
2018-09-19 14:02:37,190:INFO: [TRAIN] Step: 528 ; Loss: 26.914 ; Acc: 36.208
2018-09-19 14:02:37,272:INFO: [TRAIN] Step: 529 ; Loss: 30.093 ; Acc: 36.242
2018-09-19 14:02:37,349:INFO: [TRAIN] Step: 530 ; Loss: 27.511 ; Acc: 36.268
2018-09-19 14:02:37,430:INFO: [TRAIN] Step: 531 ; Loss: 29.949 ; Acc: 36.263
2018-09-19 14:02:37,504:INFO: [TRAIN] Step: 532 ; Loss: 32.020 ; Acc: 36.249
2018-09-19 14:02:37,583:INFO: [TRAIN] Step: 533 ; Loss: 21.541 ; Acc: 36.314
2018-09-19 14:02:37,656:INFO: [TRAIN] Step: 534 ; Loss: 32.083 ; Acc: 36.285
2018-09-19 14:02:37,737:INFO: [TRAIN] Step: 535 ; Loss: 30.153 ; Acc: 36.280
2018-09-19 14:02:37,813:INFO: [TRAIN] Step: 536 ; Loss: 30.589 ; Acc: 36.274
2018-09-19 14:02:37,894:INFO: [TRAIN] Step: 537 ; Loss: 27.635 ; Acc: 36.300
2018-09-19 14:02:37,967:INFO: [TRAIN] Step: 538 ; Loss: 22.645 ; Acc: 36.325
2018-09-19 14:02:38,050:INFO: [TRAIN] Step: 539 ; Loss: 25.624 ; Acc: 36.343
2018-09-19 14:02:38,125:INFO: [TRAIN] Step: 540 ; Loss: 32.581 ; Acc: 36.352
2018-09-19 14:02:38,205:INFO: [TRAIN] Step: 541 ; Loss: 28.330 ; Acc: 36.370
2018-09-19 14:02:38,278:INFO: [TRAIN] Step: 542 ; Loss: 27.098 ; Acc: 36.341
2018-09-19 14:02:38,365:INFO: [TRAIN] Step: 543 ; Loss: 28.542 ; Acc: 36.336
2018-09-19 14:02:38,443:INFO: [TRAIN] Step: 544 ; Loss: 29.106 ; Acc: 36.353
2018-09-19 14:02:38,524:INFO: [TRAIN] Step: 545 ; Loss: 28.308 ; Acc: 36.348
2018-09-19 14:02:38,600:INFO: [TRAIN] Step: 546 ; Loss: 31.317 ; Acc: 36.327
2018-09-19 14:02:38,681:INFO: [TRAIN] Step: 547 ; Loss: 32.710 ; Acc: 36.291
2018-09-19 14:02:38,754:INFO: [TRAIN] Step: 548 ; Loss: 25.897 ; Acc: 36.308
2018-09-19 14:02:38,835:INFO: [TRAIN] Step: 549 ; Loss: 29.316 ; Acc: 36.288
2018-09-19 14:02:38,911:INFO: [TRAIN] Step: 550 ; Loss: 28.319 ; Acc: 36.298
2018-09-19 14:02:38,991:INFO: [TRAIN] Step: 551 ; Loss: 32.534 ; Acc: 36.277
2018-09-19 14:02:39,066:INFO: [TRAIN] Step: 552 ; Loss: 25.854 ; Acc: 36.302
2018-09-19 14:02:39,148:INFO: [TRAIN] Step: 553 ; Loss: 26.161 ; Acc: 36.319
2018-09-19 14:02:39,223:INFO: [TRAIN] Step: 554 ; Loss: 27.520 ; Acc: 36.329
2018-09-19 14:02:39,303:INFO: [TRAIN] Step: 555 ; Loss: 29.035 ; Acc: 36.331
2018-09-19 14:02:39,382:INFO: [TRAIN] Step: 556 ; Loss: 27.967 ; Acc: 36.341
2018-09-19 14:02:39,462:INFO: [TRAIN] Step: 557 ; Loss: 32.107 ; Acc: 36.313
2018-09-19 14:02:39,536:INFO: [TRAIN] Step: 558 ; Loss: 26.581 ; Acc: 36.330
2018-09-19 14:02:39,616:INFO: [TRAIN] Step: 559 ; Loss: 29.092 ; Acc: 36.324
2018-09-19 14:02:39,693:INFO: [TRAIN] Step: 560 ; Loss: 30.369 ; Acc: 36.334
2018-09-19 14:02:39,774:INFO: [TRAIN] Step: 561 ; Loss: 26.990 ; Acc: 36.351
2018-09-19 14:02:39,848:INFO: [TRAIN] Step: 562 ; Loss: 30.773 ; Acc: 36.360
2018-09-19 14:02:39,929:INFO: [TRAIN] Step: 563 ; Loss: 29.800 ; Acc: 36.370
2018-09-19 14:02:40,003:INFO: [TRAIN] Step: 564 ; Loss: 28.240 ; Acc: 36.401
2018-09-19 14:02:40,083:INFO: [TRAIN] Step: 565 ; Loss: 24.343 ; Acc: 36.440
2018-09-19 14:02:40,160:INFO: [TRAIN] Step: 566 ; Loss: 27.271 ; Acc: 36.456
2018-09-19 14:02:40,243:INFO: [TRAIN] Step: 567 ; Loss: 27.481 ; Acc: 36.495
2018-09-19 14:02:40,318:INFO: [TRAIN] Step: 568 ; Loss: 32.866 ; Acc: 36.460
2018-09-19 14:02:40,398:INFO: [TRAIN] Step: 569 ; Loss: 29.891 ; Acc: 36.440
2018-09-19 14:02:40,472:INFO: [TRAIN] Step: 570 ; Loss: 28.085 ; Acc: 36.442
2018-09-19 14:02:40,552:INFO: [TRAIN] Step: 571 ; Loss: 29.770 ; Acc: 36.436
2018-09-19 14:02:40,624:INFO: [TRAIN] Step: 572 ; Loss: 31.734 ; Acc: 36.431
2018-09-19 14:02:40,706:INFO: [TRAIN] Step: 573 ; Loss: 32.739 ; Acc: 36.440
2018-09-19 14:02:40,780:INFO: [TRAIN] Step: 574 ; Loss: 30.225 ; Acc: 36.442
2018-09-19 14:02:40,862:INFO: [TRAIN] Step: 575 ; Loss: 27.372 ; Acc: 36.451
2018-09-19 14:02:40,937:INFO: [TRAIN] Step: 576 ; Loss: 25.937 ; Acc: 36.467
2018-09-19 14:02:41,018:INFO: [TRAIN] Step: 577 ; Loss: 27.954 ; Acc: 36.469
2018-09-19 14:02:41,093:INFO: [TRAIN] Step: 578 ; Loss: 30.401 ; Acc: 36.449
2018-09-19 14:02:41,174:INFO: [TRAIN] Step: 579 ; Loss: 29.084 ; Acc: 36.458
2018-09-19 14:02:41,248:INFO: [TRAIN] Step: 580 ; Loss: 28.618 ; Acc: 36.453
2018-09-19 14:02:41,329:INFO: [TRAIN] Step: 581 ; Loss: 28.443 ; Acc: 36.462
2018-09-19 14:02:41,405:INFO: [TRAIN] Step: 582 ; Loss: 29.154 ; Acc: 36.471
2018-09-19 14:02:41,485:INFO: [TRAIN] Step: 583 ; Loss: 32.696 ; Acc: 36.473
2018-09-19 14:02:41,561:INFO: [TRAIN] Step: 584 ; Loss: 29.892 ; Acc: 36.489
2018-09-19 14:02:41,643:INFO: [TRAIN] Step: 585 ; Loss: 29.572 ; Acc: 36.490
2018-09-19 14:02:41,716:INFO: [TRAIN] Step: 586 ; Loss: 26.261 ; Acc: 36.478
2018-09-19 14:02:41,798:INFO: [TRAIN] Step: 587 ; Loss: 28.038 ; Acc: 36.501
2018-09-19 14:02:41,872:INFO: [TRAIN] Step: 588 ; Loss: 28.047 ; Acc: 36.474
2018-09-19 14:02:41,952:INFO: [TRAIN] Step: 589 ; Loss: 26.850 ; Acc: 36.504
2018-09-19 14:02:42,027:INFO: [TRAIN] Step: 590 ; Loss: 29.816 ; Acc: 36.499
2018-09-19 14:02:42,108:INFO: [TRAIN] Step: 591 ; Loss: 25.773 ; Acc: 36.522
2018-09-19 14:02:42,184:INFO: [TRAIN] Step: 592 ; Loss: 34.510 ; Acc: 36.488
2018-09-19 14:02:42,265:INFO: [TRAIN] Step: 593 ; Loss: 31.392 ; Acc: 36.483
2018-09-19 14:02:42,340:INFO: [TRAIN] Step: 594 ; Loss: 27.700 ; Acc: 36.492
2018-09-19 14:02:42,422:INFO: [TRAIN] Step: 595 ; Loss: 28.545 ; Acc: 36.493
2018-09-19 14:02:42,495:INFO: [TRAIN] Step: 596 ; Loss: 27.535 ; Acc: 36.509
2018-09-19 14:02:42,575:INFO: [TRAIN] Step: 597 ; Loss: 33.866 ; Acc: 36.490
2018-09-19 14:02:42,649:INFO: [TRAIN] Step: 598 ; Loss: 27.528 ; Acc: 36.491
2018-09-19 14:02:42,729:INFO: [TRAIN] Step: 599 ; Loss: 26.440 ; Acc: 36.521
2018-09-19 14:02:42,805:INFO: [TRAIN] Step: 600 ; Loss: 29.717 ; Acc: 36.502
2018-09-19 14:02:42,887:INFO: [TRAIN] Step: 601 ; Loss: 27.459 ; Acc: 36.496
2018-09-19 14:02:42,961:INFO: [TRAIN] Step: 602 ; Loss: 29.166 ; Acc: 36.498
2018-09-19 14:02:43,042:INFO: [TRAIN] Step: 603 ; Loss: 26.077 ; Acc: 36.527
2018-09-19 14:02:43,115:INFO: [TRAIN] Step: 604 ; Loss: 28.856 ; Acc: 36.501
2018-09-19 14:02:43,194:INFO: [TRAIN] Step: 605 ; Loss: 28.198 ; Acc: 36.510
2018-09-19 14:02:43,270:INFO: [TRAIN] Step: 606 ; Loss: 27.400 ; Acc: 36.532
2018-09-19 14:02:43,354:INFO: [TRAIN] Step: 607 ; Loss: 28.939 ; Acc: 36.527
2018-09-19 14:02:43,427:INFO: [TRAIN] Step: 608 ; Loss: 28.136 ; Acc: 36.535
2018-09-19 14:02:43,507:INFO: [TRAIN] Step: 609 ; Loss: 25.103 ; Acc: 36.523
2018-09-19 14:02:43,585:INFO: [TRAIN] Step: 610 ; Loss: 32.817 ; Acc: 36.491
2018-09-19 14:02:43,666:INFO: [TRAIN] Step: 611 ; Loss: 33.515 ; Acc: 36.486
2018-09-19 14:02:43,740:INFO: [TRAIN] Step: 612 ; Loss: 30.477 ; Acc: 36.501
2018-09-19 14:02:43,818:INFO: [TRAIN] Step: 613 ; Loss: 32.958 ; Acc: 36.475
2018-09-19 14:02:43,891:INFO: [TRAIN] Step: 614 ; Loss: 27.188 ; Acc: 36.470
2018-09-19 14:02:43,973:INFO: [TRAIN] Step: 615 ; Loss: 30.106 ; Acc: 36.465
2018-09-19 14:02:44,048:INFO: [TRAIN] Step: 616 ; Loss: 30.763 ; Acc: 36.447
2018-09-19 14:02:44,129:INFO: [TRAIN] Step: 617 ; Loss: 24.535 ; Acc: 36.455
2018-09-19 14:02:44,205:INFO: [TRAIN] Step: 618 ; Loss: 30.754 ; Acc: 36.463
2018-09-19 14:02:44,287:INFO: [TRAIN] Step: 619 ; Loss: 29.439 ; Acc: 36.445
2018-09-19 14:02:44,360:INFO: [TRAIN] Step: 620 ; Loss: 29.108 ; Acc: 36.420
2018-09-19 14:02:44,442:INFO: [TRAIN] Step: 621 ; Loss: 25.167 ; Acc: 36.448
2018-09-19 14:02:44,516:INFO: [TRAIN] Step: 622 ; Loss: 30.564 ; Acc: 36.450
2018-09-19 14:02:44,600:INFO: [TRAIN] Step: 623 ; Loss: 28.528 ; Acc: 36.458
2018-09-19 14:02:44,673:INFO: [TRAIN] Step: 624 ; Loss: 28.639 ; Acc: 36.447
2018-09-19 14:02:44,753:INFO: [TRAIN] Step: 625 ; Loss: 29.717 ; Acc: 36.448
2018-09-19 14:02:44,829:INFO: [TRAIN] Step: 626 ; Loss: 27.937 ; Acc: 36.443
2018-09-19 14:02:44,910:INFO: [TRAIN] Step: 627 ; Loss: 27.311 ; Acc: 36.458
2018-09-19 14:02:44,983:INFO: [TRAIN] Step: 628 ; Loss: 28.892 ; Acc: 36.453
2018-09-19 14:02:45,065:INFO: [TRAIN] Step: 629 ; Loss: 27.973 ; Acc: 36.462
2018-09-19 14:02:45,140:INFO: [TRAIN] Step: 630 ; Loss: 28.880 ; Acc: 36.450
2018-09-19 14:02:45,222:INFO: [TRAIN] Step: 631 ; Loss: 27.620 ; Acc: 36.465
2018-09-19 14:02:45,298:INFO: [TRAIN] Step: 632 ; Loss: 33.282 ; Acc: 36.460
2018-09-19 14:02:45,379:INFO: [TRAIN] Step: 633 ; Loss: 27.540 ; Acc: 36.462
2018-09-19 14:02:45,455:INFO: [TRAIN] Step: 634 ; Loss: 27.878 ; Acc: 36.463
2018-09-19 14:02:45,539:INFO: [TRAIN] Step: 635 ; Loss: 28.591 ; Acc: 36.458
2018-09-19 14:02:45,613:INFO: [TRAIN] Step: 636 ; Loss: 28.267 ; Acc: 36.460
2018-09-19 14:02:45,698:INFO: [TRAIN] Step: 637 ; Loss: 27.623 ; Acc: 36.475
2018-09-19 14:02:45,773:INFO: [TRAIN] Step: 638 ; Loss: 30.626 ; Acc: 36.470
2018-09-19 14:02:45,858:INFO: [TRAIN] Step: 639 ; Loss: 27.636 ; Acc: 36.484
2018-09-19 14:02:45,936:INFO: [TRAIN] Step: 640 ; Loss: 30.108 ; Acc: 36.479
2018-09-19 14:02:46,017:INFO: [TRAIN] Step: 641 ; Loss: 28.086 ; Acc: 36.501
2018-09-19 14:02:46,094:INFO: [TRAIN] Step: 642 ; Loss: 29.809 ; Acc: 36.483
2018-09-19 14:02:46,176:INFO: [TRAIN] Step: 643 ; Loss: 25.129 ; Acc: 36.504
2018-09-19 14:02:46,252:INFO: [TRAIN] Step: 644 ; Loss: 24.789 ; Acc: 36.518
2018-09-19 14:02:46,333:INFO: [TRAIN] Step: 645 ; Loss: 27.579 ; Acc: 36.520
2018-09-19 14:02:46,411:INFO: [TRAIN] Step: 646 ; Loss: 26.525 ; Acc: 36.521
2018-09-19 14:02:46,493:INFO: [TRAIN] Step: 647 ; Loss: 31.132 ; Acc: 36.510
2018-09-19 14:02:46,569:INFO: [TRAIN] Step: 648 ; Loss: 28.144 ; Acc: 36.505
2018-09-19 14:02:46,651:INFO: [TRAIN] Step: 649 ; Loss: 22.682 ; Acc: 36.538
2018-09-19 14:02:46,726:INFO: [TRAIN] Step: 650 ; Loss: 30.848 ; Acc: 36.559
2018-09-19 14:02:46,809:INFO: [TRAIN] Step: 651 ; Loss: 24.081 ; Acc: 36.586
2018-09-19 14:02:46,885:INFO: [TRAIN] Step: 652 ; Loss: 24.552 ; Acc: 36.613
2018-09-19 14:02:46,968:INFO: [TRAIN] Step: 653 ; Loss: 24.341 ; Acc: 36.653
2018-09-19 14:02:47,047:INFO: [TRAIN] Step: 654 ; Loss: 30.730 ; Acc: 36.654
2018-09-19 14:02:47,134:INFO: [TRAIN] Step: 655 ; Loss: 26.010 ; Acc: 36.681
2018-09-19 14:02:47,212:INFO: [TRAIN] Step: 656 ; Loss: 31.107 ; Acc: 36.650
2018-09-19 14:02:47,296:INFO: [TRAIN] Step: 657 ; Loss: 26.946 ; Acc: 36.664
2018-09-19 14:02:47,373:INFO: [TRAIN] Step: 658 ; Loss: 29.664 ; Acc: 36.684
2018-09-19 14:02:47,458:INFO: [TRAIN] Step: 659 ; Loss: 32.058 ; Acc: 36.686
2018-09-19 14:02:47,535:INFO: [TRAIN] Step: 660 ; Loss: 28.884 ; Acc: 36.674
2018-09-19 14:02:47,624:INFO: [TRAIN] Step: 661 ; Loss: 28.417 ; Acc: 36.675
2018-09-19 14:02:47,705:INFO: [TRAIN] Step: 662 ; Loss: 27.449 ; Acc: 36.708
2018-09-19 14:02:47,789:INFO: [TRAIN] Step: 663 ; Loss: 30.867 ; Acc: 36.709
2018-09-19 14:02:47,867:INFO: [TRAIN] Step: 664 ; Loss: 27.229 ; Acc: 36.711
2018-09-19 14:02:47,952:INFO: [TRAIN] Step: 665 ; Loss: 29.127 ; Acc: 36.730
2018-09-19 14:02:48,028:INFO: [TRAIN] Step: 666 ; Loss: 25.382 ; Acc: 36.744
2018-09-19 14:02:48,111:INFO: [TRAIN] Step: 667 ; Loss: 30.203 ; Acc: 36.764
2018-09-19 14:02:48,195:INFO: [TRAIN] Step: 668 ; Loss: 29.154 ; Acc: 36.778
2018-09-19 14:02:48,283:INFO: [TRAIN] Step: 669 ; Loss: 25.415 ; Acc: 36.791
2018-09-19 14:02:48,359:INFO: [TRAIN] Step: 670 ; Loss: 25.223 ; Acc: 36.798
2018-09-19 14:02:48,445:INFO: [TRAIN] Step: 671 ; Loss: 27.617 ; Acc: 36.799
2018-09-19 14:02:48,525:INFO: [TRAIN] Step: 672 ; Loss: 30.980 ; Acc: 36.788
2018-09-19 14:02:48,610:INFO: [TRAIN] Step: 673 ; Loss: 30.646 ; Acc: 36.801
2018-09-19 14:02:48,688:INFO: [TRAIN] Step: 674 ; Loss: 26.295 ; Acc: 36.821
2018-09-19 14:02:48,773:INFO: [TRAIN] Step: 675 ; Loss: 29.845 ; Acc: 36.822
2018-09-19 14:02:48,852:INFO: [TRAIN] Step: 676 ; Loss: 31.036 ; Acc: 36.805
2018-09-19 14:02:48,937:INFO: [TRAIN] Step: 677 ; Loss: 28.007 ; Acc: 36.806
2018-09-19 14:02:49,019:INFO: [TRAIN] Step: 678 ; Loss: 31.024 ; Acc: 36.794
2018-09-19 14:02:49,106:INFO: [TRAIN] Step: 679 ; Loss: 27.827 ; Acc: 36.777
2018-09-19 14:02:49,189:INFO: [TRAIN] Step: 680 ; Loss: 32.692 ; Acc: 36.754
2018-09-19 14:02:49,274:INFO: [TRAIN] Step: 681 ; Loss: 29.878 ; Acc: 36.749
2018-09-19 14:02:49,351:INFO: [TRAIN] Step: 682 ; Loss: 30.301 ; Acc: 36.737
2018-09-19 14:02:49,439:INFO: [TRAIN] Step: 683 ; Loss: 29.171 ; Acc: 36.745
2018-09-19 14:02:49,522:INFO: [TRAIN] Step: 684 ; Loss: 29.601 ; Acc: 36.758
2018-09-19 14:02:49,609:INFO: [TRAIN] Step: 685 ; Loss: 25.042 ; Acc: 36.765
2018-09-19 14:02:49,693:INFO: [TRAIN] Step: 686 ; Loss: 26.947 ; Acc: 36.748
2018-09-19 14:02:49,780:INFO: [TRAIN] Step: 687 ; Loss: 29.618 ; Acc: 36.749
2018-09-19 14:02:49,860:INFO: [TRAIN] Step: 688 ; Loss: 24.502 ; Acc: 36.762
2018-09-19 14:02:49,947:INFO: [TRAIN] Step: 689 ; Loss: 28.361 ; Acc: 36.763
2018-09-19 14:02:50,028:INFO: [TRAIN] Step: 690 ; Loss: 27.226 ; Acc: 36.782
2018-09-19 14:02:50,115:INFO: [TRAIN] Step: 691 ; Loss: 27.460 ; Acc: 36.802
2018-09-19 14:02:50,198:INFO: [TRAIN] Step: 692 ; Loss: 27.355 ; Acc: 36.815
2018-09-19 14:02:50,285:INFO: [TRAIN] Step: 693 ; Loss: 25.282 ; Acc: 36.834
2018-09-19 14:02:50,367:INFO: [TRAIN] Step: 694 ; Loss: 27.609 ; Acc: 36.835
2018-09-19 14:02:50,456:INFO: [TRAIN] Step: 695 ; Loss: 29.245 ; Acc: 36.830
2018-09-19 14:02:50,538:INFO: [TRAIN] Step: 696 ; Loss: 31.215 ; Acc: 36.848
2018-09-19 14:02:50,625:INFO: [TRAIN] Step: 697 ; Loss: 27.599 ; Acc: 36.849
2018-09-19 14:02:50,708:INFO: [TRAIN] Step: 698 ; Loss: 28.768 ; Acc: 36.856
2018-09-19 14:02:50,796:INFO: [TRAIN] Step: 699 ; Loss: 31.904 ; Acc: 36.845
2018-09-19 14:02:50,880:INFO: [TRAIN] Step: 700 ; Loss: 24.153 ; Acc: 36.870
2018-09-19 14:02:50,969:INFO: [TRAIN] Step: 701 ; Loss: 26.061 ; Acc: 36.883
2018-09-19 14:02:51,050:INFO: [TRAIN] Step: 702 ; Loss: 24.596 ; Acc: 36.878
2018-09-19 14:02:51,142:INFO: [TRAIN] Step: 703 ; Loss: 25.785 ; Acc: 36.867
2018-09-19 14:02:51,225:INFO: [TRAIN] Step: 704 ; Loss: 32.360 ; Acc: 36.874
2018-09-19 14:02:51,318:INFO: [TRAIN] Step: 705 ; Loss: 29.745 ; Acc: 36.869
2018-09-19 14:02:51,404:INFO: [TRAIN] Step: 706 ; Loss: 28.916 ; Acc: 36.881
2018-09-19 14:02:51,494:INFO: [TRAIN] Step: 707 ; Loss: 28.388 ; Acc: 36.888
2018-09-19 14:02:51,577:INFO: [TRAIN] Step: 708 ; Loss: 29.205 ; Acc: 36.889
2018-09-19 14:02:51,670:INFO: [TRAIN] Step: 709 ; Loss: 30.989 ; Acc: 36.878
2018-09-19 14:02:51,759:INFO: [TRAIN] Step: 710 ; Loss: 27.866 ; Acc: 36.891
2018-09-19 14:02:51,851:INFO: [TRAIN] Step: 711 ; Loss: 30.291 ; Acc: 36.874
2018-09-19 14:02:51,936:INFO: [TRAIN] Step: 712 ; Loss: 32.014 ; Acc: 36.875
2018-09-19 14:02:52,028:INFO: [TRAIN] Step: 713 ; Loss: 28.423 ; Acc: 36.864
2018-09-19 14:02:52,111:INFO: [TRAIN] Step: 714 ; Loss: 28.103 ; Acc: 36.871
2018-09-19 14:02:52,201:INFO: [TRAIN] Step: 715 ; Loss: 29.243 ; Acc: 36.872
2018-09-19 14:02:52,285:INFO: [TRAIN] Step: 716 ; Loss: 24.631 ; Acc: 36.867
2018-09-19 14:02:52,376:INFO: [TRAIN] Step: 717 ; Loss: 25.760 ; Acc: 36.879
2018-09-19 14:02:52,459:INFO: [TRAIN] Step: 718 ; Loss: 30.582 ; Acc: 36.880
2018-09-19 14:02:52,550:INFO: [TRAIN] Step: 719 ; Loss: 29.810 ; Acc: 36.881
2018-09-19 14:02:52,636:INFO: [TRAIN] Step: 720 ; Loss: 29.437 ; Acc: 36.882
2018-09-19 14:02:52,728:INFO: [TRAIN] Step: 721 ; Loss: 31.560 ; Acc: 36.883
2018-09-19 14:02:52,814:INFO: [TRAIN] Step: 722 ; Loss: 27.863 ; Acc: 36.895
2018-09-19 14:02:52,905:INFO: [TRAIN] Step: 723 ; Loss: 29.747 ; Acc: 36.907
2018-09-19 14:02:52,991:INFO: [TRAIN] Step: 724 ; Loss: 29.297 ; Acc: 36.897
2018-09-19 14:02:53,085:INFO: [TRAIN] Step: 725 ; Loss: 27.114 ; Acc: 36.897
2018-09-19 14:02:53,171:INFO: [TRAIN] Step: 726 ; Loss: 25.994 ; Acc: 36.904
2018-09-19 14:02:53,264:INFO: [TRAIN] Step: 727 ; Loss: 28.290 ; Acc: 36.916
2018-09-19 14:02:53,352:INFO: [TRAIN] Step: 728 ; Loss: 30.236 ; Acc: 36.923
2018-09-19 14:02:53,449:INFO: [TRAIN] Step: 729 ; Loss: 29.791 ; Acc: 36.918
2018-09-19 14:02:53,535:INFO: [TRAIN] Step: 730 ; Loss: 29.949 ; Acc: 36.913
2018-09-19 14:02:53,635:INFO: [TRAIN] Step: 731 ; Loss: 28.776 ; Acc: 36.914
2018-09-19 14:02:53,724:INFO: [TRAIN] Step: 732 ; Loss: 25.813 ; Acc: 36.932
2018-09-19 14:02:53,821:INFO: [TRAIN] Step: 733 ; Loss: 32.708 ; Acc: 36.915
2018-09-19 14:02:53,909:INFO: [TRAIN] Step: 734 ; Loss: 30.563 ; Acc: 36.927
2018-09-19 14:02:54,002:INFO: [TRAIN] Step: 735 ; Loss: 25.578 ; Acc: 36.934
2018-09-19 14:02:54,094:INFO: [TRAIN] Step: 736 ; Loss: 23.682 ; Acc: 36.957
2018-09-19 14:02:54,189:INFO: [TRAIN] Step: 737 ; Loss: 29.191 ; Acc: 36.947
2018-09-19 14:02:54,280:INFO: [TRAIN] Step: 738 ; Loss: 30.537 ; Acc: 36.936
2018-09-19 14:02:54,376:INFO: [TRAIN] Step: 739 ; Loss: 31.027 ; Acc: 36.926
2018-09-19 14:02:54,465:INFO: [TRAIN] Step: 740 ; Loss: 27.612 ; Acc: 36.938
2018-09-19 14:02:54,562:INFO: [TRAIN] Step: 741 ; Loss: 32.085 ; Acc: 36.910
2018-09-19 14:02:54,649:INFO: [TRAIN] Step: 742 ; Loss: 25.495 ; Acc: 36.922
2018-09-19 14:02:54,744:INFO: [TRAIN] Step: 743 ; Loss: 26.889 ; Acc: 36.929
2018-09-19 14:02:54,832:INFO: [TRAIN] Step: 744 ; Loss: 29.068 ; Acc: 36.913
2018-09-19 14:02:54,926:INFO: [TRAIN] Step: 745 ; Loss: 26.629 ; Acc: 36.919
2018-09-19 14:02:55,017:INFO: [TRAIN] Step: 746 ; Loss: 30.875 ; Acc: 36.925
2018-09-19 14:02:55,113:INFO: [TRAIN] Step: 747 ; Loss: 29.434 ; Acc: 36.926
2018-09-19 14:02:55,206:INFO: [TRAIN] Step: 748 ; Loss: 28.181 ; Acc: 36.927
2018-09-19 14:02:55,302:INFO: [TRAIN] Step: 749 ; Loss: 25.734 ; Acc: 36.928
2018-09-19 14:02:55,395:INFO: [TRAIN] Step: 750 ; Loss: 26.809 ; Acc: 36.923
2018-09-19 14:02:55,492:INFO: [TRAIN] Step: 751 ; Loss: 28.261 ; Acc: 36.924
2018-09-19 14:02:55,587:INFO: [TRAIN] Step: 752 ; Loss: 31.053 ; Acc: 36.925
2018-09-19 14:02:55,684:INFO: [TRAIN] Step: 753 ; Loss: 29.472 ; Acc: 36.920
2018-09-19 14:02:55,779:INFO: [TRAIN] Step: 754 ; Loss: 23.732 ; Acc: 36.954
2018-09-19 14:02:55,878:INFO: [TRAIN] Step: 755 ; Loss: 32.595 ; Acc: 36.943
2018-09-19 14:02:55,968:INFO: [TRAIN] Step: 756 ; Loss: 29.015 ; Acc: 36.950
2018-09-19 14:02:56,067:INFO: [TRAIN] Step: 757 ; Loss: 27.408 ; Acc: 36.923
2018-09-19 14:02:56,156:INFO: [TRAIN] Step: 758 ; Loss: 30.097 ; Acc: 36.918
2018-09-19 14:02:56,256:INFO: [TRAIN] Step: 759 ; Loss: 28.082 ; Acc: 36.924
2018-09-19 14:02:56,350:INFO: [TRAIN] Step: 760 ; Loss: 28.663 ; Acc: 36.903
2018-09-19 14:02:56,462:INFO: [TRAIN] Step: 761 ; Loss: 28.787 ; Acc: 36.893
2018-09-19 14:02:56,551:INFO: [TRAIN] Step: 762 ; Loss: 27.249 ; Acc: 36.883
2018-09-19 14:02:56,652:INFO: [TRAIN] Step: 763 ; Loss: 28.637 ; Acc: 36.895
2018-09-19 14:02:56,745:INFO: [TRAIN] Step: 764 ; Loss: 32.062 ; Acc: 36.890
2018-09-19 14:02:56,843:INFO: [TRAIN] Step: 765 ; Loss: 29.183 ; Acc: 36.896
2018-09-19 14:02:56,938:INFO: [TRAIN] Step: 766 ; Loss: 26.992 ; Acc: 36.919
2018-09-19 14:02:57,038:INFO: [TRAIN] Step: 767 ; Loss: 27.249 ; Acc: 36.919
2018-09-19 14:02:57,133:INFO: [TRAIN] Step: 768 ; Loss: 28.058 ; Acc: 36.926
2018-09-19 14:02:57,233:INFO: [TRAIN] Step: 769 ; Loss: 27.562 ; Acc: 36.948
2018-09-19 14:02:57,325:INFO: [TRAIN] Step: 770 ; Loss: 27.158 ; Acc: 36.965
2018-09-19 14:02:57,424:INFO: [TRAIN] Step: 771 ; Loss: 26.216 ; Acc: 36.971
2018-09-19 14:02:57,519:INFO: [TRAIN] Step: 772 ; Loss: 27.642 ; Acc: 36.988
2018-09-19 14:02:57,619:INFO: [TRAIN] Step: 773 ; Loss: 31.092 ; Acc: 36.994
2018-09-19 14:02:57,713:INFO: [TRAIN] Step: 774 ; Loss: 30.488 ; Acc: 36.984
2018-09-19 14:02:57,817:INFO: [TRAIN] Step: 775 ; Loss: 29.499 ; Acc: 36.974
2018-09-19 14:02:57,911:INFO: [TRAIN] Step: 776 ; Loss: 27.422 ; Acc: 36.969
2018-09-19 14:02:58,013:INFO: [TRAIN] Step: 777 ; Loss: 32.141 ; Acc: 36.948
2018-09-19 14:02:58,107:INFO: [TRAIN] Step: 778 ; Loss: 27.128 ; Acc: 36.960
2018-09-19 14:02:58,210:INFO: [TRAIN] Step: 779 ; Loss: 29.998 ; Acc: 36.950
2018-09-19 14:02:58,302:INFO: [TRAIN] Step: 780 ; Loss: 31.630 ; Acc: 36.972
2018-09-19 14:02:58,406:INFO: [TRAIN] Step: 781 ; Loss: 31.602 ; Acc: 36.973
2018-09-19 14:02:58,503:INFO: [TRAIN] Step: 782 ; Loss: 34.450 ; Acc: 36.941
2018-09-19 14:02:58,605:INFO: [TRAIN] Step: 783 ; Loss: 29.092 ; Acc: 36.926
2018-09-19 14:02:58,705:INFO: [TRAIN] Step: 784 ; Loss: 29.821 ; Acc: 36.937
2018-09-19 14:02:58,809:INFO: [TRAIN] Step: 785 ; Loss: 28.834 ; Acc: 36.927
2018-09-19 14:02:58,903:INFO: [TRAIN] Step: 786 ; Loss: 26.731 ; Acc: 36.928
2018-09-19 14:02:59,006:INFO: [TRAIN] Step: 787 ; Loss: 28.060 ; Acc: 36.929
2018-09-19 14:02:59,103:INFO: [TRAIN] Step: 788 ; Loss: 31.612 ; Acc: 36.924
2018-09-19 14:02:59,210:INFO: [TRAIN] Step: 789 ; Loss: 28.733 ; Acc: 36.936
2018-09-19 14:02:59,309:INFO: [TRAIN] Step: 790 ; Loss: 27.430 ; Acc: 36.942
2018-09-19 14:02:59,412:INFO: [TRAIN] Step: 791 ; Loss: 31.310 ; Acc: 36.948
2018-09-19 14:02:59,516:INFO: [TRAIN] Step: 792 ; Loss: 28.214 ; Acc: 36.954
2018-09-19 14:02:59,619:INFO: [TRAIN] Step: 793 ; Loss: 28.040 ; Acc: 36.959
2018-09-19 14:02:59,720:INFO: [TRAIN] Step: 794 ; Loss: 26.543 ; Acc: 36.976
2018-09-19 14:02:59,821:INFO: [TRAIN] Step: 795 ; Loss: 28.840 ; Acc: 36.977
2018-09-19 14:02:59,922:INFO: [TRAIN] Step: 796 ; Loss: 25.620 ; Acc: 36.982
2018-09-19 14:03:00,025:INFO: [TRAIN] Step: 797 ; Loss: 22.543 ; Acc: 37.014
2018-09-19 14:03:00,129:INFO: [TRAIN] Step: 798 ; Loss: 26.734 ; Acc: 36.999
2018-09-19 14:03:00,230:INFO: [TRAIN] Step: 799 ; Loss: 27.962 ; Acc: 37.005
2018-09-19 14:03:00,334:INFO: [TRAIN] Step: 800 ; Loss: 27.712 ; Acc: 37.011
2018-09-19 14:03:00,439:INFO: [TRAIN] Step: 801 ; Loss: 27.111 ; Acc: 37.017
2018-09-19 14:03:00,544:INFO: [TRAIN] Step: 802 ; Loss: 27.149 ; Acc: 37.017
2018-09-19 14:03:00,645:INFO: [TRAIN] Step: 803 ; Loss: 27.317 ; Acc: 37.028
2018-09-19 14:03:00,748:INFO: [TRAIN] Step: 804 ; Loss: 24.389 ; Acc: 37.034
2018-09-19 14:03:00,852:INFO: [TRAIN] Step: 805 ; Loss: 30.971 ; Acc: 37.024
2018-09-19 14:03:00,958:INFO: [TRAIN] Step: 806 ; Loss: 29.166 ; Acc: 37.020
2018-09-19 14:03:01,063:INFO: [TRAIN] Step: 807 ; Loss: 26.769 ; Acc: 37.020
2018-09-19 14:03:01,165:INFO: [TRAIN] Step: 808 ; Loss: 29.107 ; Acc: 37.016
2018-09-19 14:03:01,266:INFO: [TRAIN] Step: 809 ; Loss: 26.678 ; Acc: 37.006
2018-09-19 14:03:01,368:INFO: [TRAIN] Step: 810 ; Loss: 26.614 ; Acc: 37.012
2018-09-19 14:03:01,469:INFO: [TRAIN] Step: 811 ; Loss: 25.470 ; Acc: 37.033
2018-09-19 14:03:01,571:INFO: [TRAIN] Step: 812 ; Loss: 29.440 ; Acc: 37.013
2018-09-19 14:03:01,675:INFO: [TRAIN] Step: 813 ; Loss: 25.270 ; Acc: 37.039
2018-09-19 14:03:01,779:INFO: [TRAIN] Step: 814 ; Loss: 30.652 ; Acc: 37.040
2018-09-19 14:03:01,880:INFO: [TRAIN] Step: 815 ; Loss: 31.341 ; Acc: 37.035
2018-09-19 14:03:01,983:INFO: [TRAIN] Step: 816 ; Loss: 28.431 ; Acc: 37.046
2018-09-19 14:03:02,088:INFO: [TRAIN] Step: 817 ; Loss: 29.889 ; Acc: 37.042
2018-09-19 14:03:02,192:INFO: [TRAIN] Step: 818 ; Loss: 26.863 ; Acc: 37.057
2018-09-19 14:03:02,296:INFO: [TRAIN] Step: 819 ; Loss: 25.594 ; Acc: 37.048
2018-09-19 14:03:02,400:INFO: [TRAIN] Step: 820 ; Loss: 30.625 ; Acc: 37.033
2018-09-19 14:03:02,507:INFO: [TRAIN] Step: 821 ; Loss: 27.415 ; Acc: 37.024
2018-09-19 14:03:02,611:INFO: [TRAIN] Step: 822 ; Loss: 27.038 ; Acc: 37.049
2018-09-19 14:03:02,717:INFO: [TRAIN] Step: 823 ; Loss: 24.774 ; Acc: 37.075
2018-09-19 14:03:02,822:INFO: [TRAIN] Step: 824 ; Loss: 26.702 ; Acc: 37.091
2018-09-19 14:03:02,925:INFO: [TRAIN] Step: 825 ; Loss: 27.495 ; Acc: 37.101
2018-09-19 14:03:03,028:INFO: [TRAIN] Step: 826 ; Loss: 27.376 ; Acc: 37.092
2018-09-19 14:03:03,128:INFO: [TRAIN] Step: 827 ; Loss: 28.895 ; Acc: 37.092
2018-09-19 14:03:03,229:INFO: [TRAIN] Step: 828 ; Loss: 28.321 ; Acc: 37.078
2018-09-19 14:03:03,333:INFO: [TRAIN] Step: 829 ; Loss: 27.464 ; Acc: 37.073
2018-09-19 14:03:03,439:INFO: [TRAIN] Step: 830 ; Loss: 31.673 ; Acc: 37.074
2018-09-19 14:03:03,541:INFO: [TRAIN] Step: 831 ; Loss: 30.516 ; Acc: 37.074
2018-09-19 14:03:03,647:INFO: [TRAIN] Step: 832 ; Loss: 30.144 ; Acc: 37.075
2018-09-19 14:03:03,751:INFO: [TRAIN] Step: 833 ; Loss: 30.189 ; Acc: 37.070
2018-09-19 14:03:03,851:INFO: [TRAIN] Step: 834 ; Loss: 27.502 ; Acc: 37.076
2018-09-19 14:03:03,950:INFO: [TRAIN] Step: 835 ; Loss: 27.803 ; Acc: 37.051
2018-09-19 14:03:04,051:INFO: [TRAIN] Step: 836 ; Loss: 25.477 ; Acc: 37.042
2018-09-19 14:03:04,151:INFO: [TRAIN] Step: 837 ; Loss: 31.177 ; Acc: 37.048
2018-09-19 14:03:04,255:INFO: [TRAIN] Step: 838 ; Loss: 28.066 ; Acc: 37.043
2018-09-19 14:03:04,357:INFO: [TRAIN] Step: 839 ; Loss: 32.407 ; Acc: 37.039
2018-09-19 14:03:04,459:INFO: [TRAIN] Step: 840 ; Loss: 29.995 ; Acc: 37.034
2018-09-19 14:03:04,558:INFO: [TRAIN] Step: 841 ; Loss: 26.523 ; Acc: 37.050
2018-09-19 14:03:04,654:INFO: [TRAIN] Step: 842 ; Loss: 27.236 ; Acc: 37.055
2018-09-19 14:03:04,755:INFO: [TRAIN] Step: 843 ; Loss: 29.205 ; Acc: 37.066
2018-09-19 14:03:04,854:INFO: [TRAIN] Step: 844 ; Loss: 32.091 ; Acc: 37.061
2018-09-19 14:03:04,950:INFO: [TRAIN] Step: 845 ; Loss: 28.851 ; Acc: 37.081
2018-09-19 14:03:05,054:INFO: [TRAIN] Step: 846 ; Loss: 30.782 ; Acc: 37.087
2018-09-19 14:03:05,151:INFO: [TRAIN] Step: 847 ; Loss: 29.059 ; Acc: 37.077
2018-09-19 14:03:05,254:INFO: [TRAIN] Step: 848 ; Loss: 28.501 ; Acc: 37.093
2018-09-19 14:03:05,354:INFO: [TRAIN] Step: 849 ; Loss: 25.880 ; Acc: 37.098
2018-09-19 14:03:05,455:INFO: [TRAIN] Step: 850 ; Loss: 27.950 ; Acc: 37.113
2018-09-19 14:03:05,554:INFO: [TRAIN] Step: 851 ; Loss: 29.379 ; Acc: 37.123
2018-09-19 14:03:05,648:INFO: [TRAIN] Step: 852 ; Loss: 25.405 ; Acc: 37.119
2018-09-19 14:03:05,752:INFO: [TRAIN] Step: 853 ; Loss: 30.934 ; Acc: 37.124
2018-09-19 14:03:05,850:INFO: [TRAIN] Step: 854 ; Loss: 28.881 ; Acc: 37.135
2018-09-19 14:03:05,954:INFO: [TRAIN] Step: 855 ; Loss: 29.539 ; Acc: 37.164
2018-09-19 14:03:06,051:INFO: [TRAIN] Step: 856 ; Loss: 29.264 ; Acc: 37.165
2018-09-19 14:03:06,153:INFO: [TRAIN] Step: 857 ; Loss: 27.697 ; Acc: 37.155
2018-09-19 14:03:06,252:INFO: [TRAIN] Step: 858 ; Loss: 27.943 ; Acc: 37.141
2018-09-19 14:03:06,349:INFO: [TRAIN] Step: 859 ; Loss: 37.099 ; Acc: 37.141
2018-09-19 14:03:06,454:INFO: [TRAIN] Step: 860 ; Loss: 33.778 ; Acc: 37.123
2018-09-19 14:03:06,551:INFO: [TRAIN] Step: 861 ; Loss: 28.639 ; Acc: 37.137
2018-09-19 14:03:06,654:INFO: [TRAIN] Step: 862 ; Loss: 28.923 ; Acc: 37.152
2018-09-19 14:03:06,753:INFO: [TRAIN] Step: 863 ; Loss: 29.570 ; Acc: 37.162
2018-09-19 14:03:06,849:INFO: [TRAIN] Step: 864 ; Loss: 27.827 ; Acc: 37.163
2018-09-19 14:03:06,955:INFO: [TRAIN] Step: 865 ; Loss: 31.065 ; Acc: 37.163
2018-09-19 14:03:07,049:INFO: [TRAIN] Step: 866 ; Loss: 30.793 ; Acc: 37.149
2018-09-19 14:03:07,158:INFO: [TRAIN] Step: 867 ; Loss: 33.922 ; Acc: 37.135
2018-09-19 14:03:07,255:INFO: [TRAIN] Step: 868 ; Loss: 27.053 ; Acc: 37.136
2018-09-19 14:03:07,358:INFO: [TRAIN] Step: 869 ; Loss: 30.519 ; Acc: 37.146
2018-09-19 14:03:07,459:INFO: [TRAIN] Step: 870 ; Loss: 25.536 ; Acc: 37.165
2018-09-19 14:03:07,561:INFO: [TRAIN] Step: 871 ; Loss: 34.151 ; Acc: 37.156
2018-09-19 14:03:07,663:INFO: [TRAIN] Step: 872 ; Loss: 28.892 ; Acc: 37.137
2018-09-19 14:03:07,763:INFO: [TRAIN] Step: 873 ; Loss: 28.631 ; Acc: 37.142
2018-09-19 14:03:07,862:INFO: [TRAIN] Step: 874 ; Loss: 28.605 ; Acc: 37.143
2018-09-19 14:03:07,957:INFO: [TRAIN] Step: 875 ; Loss: 30.197 ; Acc: 37.143
2018-09-19 14:03:08,057:INFO: [TRAIN] Step: 876 ; Loss: 29.487 ; Acc: 37.144
2018-09-19 14:03:08,155:INFO: [TRAIN] Step: 877 ; Loss: 29.590 ; Acc: 37.139
2018-09-19 14:03:08,258:INFO: [TRAIN] Step: 878 ; Loss: 26.575 ; Acc: 37.130
2018-09-19 14:03:08,353:INFO: [TRAIN] Step: 879 ; Loss: 26.641 ; Acc: 37.140
2018-09-19 14:03:08,455:INFO: [TRAIN] Step: 880 ; Loss: 29.121 ; Acc: 37.131
2018-09-19 14:03:08,551:INFO: [TRAIN] Step: 881 ; Loss: 29.257 ; Acc: 37.150
2018-09-19 14:03:08,653:INFO: [TRAIN] Step: 882 ; Loss: 27.554 ; Acc: 37.165
2018-09-19 14:03:08,749:INFO: [TRAIN] Step: 883 ; Loss: 31.693 ; Acc: 37.170
2018-09-19 14:03:08,848:INFO: [TRAIN] Step: 884 ; Loss: 27.656 ; Acc: 37.161
2018-09-19 14:03:08,944:INFO: [TRAIN] Step: 885 ; Loss: 30.313 ; Acc: 37.152
2018-09-19 14:03:09,046:INFO: [TRAIN] Step: 886 ; Loss: 23.613 ; Acc: 37.166
2018-09-19 14:03:09,143:INFO: [TRAIN] Step: 887 ; Loss: 27.617 ; Acc: 37.176
2018-09-19 14:03:09,242:INFO: [TRAIN] Step: 888 ; Loss: 29.156 ; Acc: 37.172
2018-09-19 14:03:09,335:INFO: [TRAIN] Step: 889 ; Loss: 31.546 ; Acc: 37.172
2018-09-19 14:03:09,436:INFO: [TRAIN] Step: 890 ; Loss: 28.368 ; Acc: 37.173
2018-09-19 14:03:09,529:INFO: [TRAIN] Step: 891 ; Loss: 30.882 ; Acc: 37.173
2018-09-19 14:03:09,630:INFO: [TRAIN] Step: 892 ; Loss: 25.412 ; Acc: 37.192
2018-09-19 14:03:09,726:INFO: [TRAIN] Step: 893 ; Loss: 29.966 ; Acc: 37.216
2018-09-19 14:03:09,830:INFO: [TRAIN] Step: 894 ; Loss: 30.490 ; Acc: 37.216
2018-09-19 14:03:09,924:INFO: [TRAIN] Step: 895 ; Loss: 26.043 ; Acc: 37.230
2018-09-19 14:03:10,025:INFO: [TRAIN] Step: 896 ; Loss: 29.188 ; Acc: 37.245
2018-09-19 14:03:10,117:INFO: [TRAIN] Step: 897 ; Loss: 29.708 ; Acc: 37.236
2018-09-19 14:03:10,216:INFO: [TRAIN] Step: 898 ; Loss: 26.930 ; Acc: 37.236
2018-09-19 14:03:10,308:INFO: [TRAIN] Step: 899 ; Loss: 28.553 ; Acc: 37.236
2018-09-19 14:03:10,411:INFO: [TRAIN] Step: 900 ; Loss: 28.639 ; Acc: 37.218
2018-09-19 14:03:10,527:INFO: [TRAIN] Step: 901 ; Loss: 31.266 ; Acc: 37.209
2018-09-19 14:03:10,630:INFO: [TRAIN] Step: 902 ; Loss: 26.571 ; Acc: 37.205
2018-09-19 14:03:10,730:INFO: [TRAIN] Step: 903 ; Loss: 30.153 ; Acc: 37.214
2018-09-19 14:03:10,824:INFO: [TRAIN] Step: 904 ; Loss: 30.662 ; Acc: 37.219
2018-09-19 14:03:10,926:INFO: [TRAIN] Step: 905 ; Loss: 27.045 ; Acc: 37.238
2018-09-19 14:03:11,019:INFO: [TRAIN] Step: 906 ; Loss: 28.602 ; Acc: 37.252
2018-09-19 14:03:11,119:INFO: [TRAIN] Step: 907 ; Loss: 31.428 ; Acc: 37.257
2018-09-19 14:03:11,214:INFO: [TRAIN] Step: 908 ; Loss: 25.889 ; Acc: 37.266
2018-09-19 14:03:11,314:INFO: [TRAIN] Step: 909 ; Loss: 28.673 ; Acc: 37.280
2018-09-19 14:03:11,410:INFO: [TRAIN] Step: 910 ; Loss: 27.992 ; Acc: 37.276
2018-09-19 14:03:11,510:INFO: [TRAIN] Step: 911 ; Loss: 27.506 ; Acc: 37.276
2018-09-19 14:03:11,601:INFO: [TRAIN] Step: 912 ; Loss: 31.696 ; Acc: 37.276
2018-09-19 14:03:11,699:INFO: [TRAIN] Step: 913 ; Loss: 31.502 ; Acc: 37.268
2018-09-19 14:03:11,792:INFO: [TRAIN] Step: 914 ; Loss: 28.994 ; Acc: 37.286
2018-09-19 14:03:11,891:INFO: [TRAIN] Step: 915 ; Loss: 27.807 ; Acc: 37.295
2018-09-19 14:03:11,983:INFO: [TRAIN] Step: 916 ; Loss: 28.667 ; Acc: 37.300
2018-09-19 14:03:12,082:INFO: [TRAIN] Step: 917 ; Loss: 29.540 ; Acc: 37.318
2018-09-19 14:03:12,174:INFO: [TRAIN] Step: 918 ; Loss: 25.702 ; Acc: 37.328
2018-09-19 14:03:12,276:INFO: [TRAIN] Step: 919 ; Loss: 29.462 ; Acc: 37.323
2018-09-19 14:03:12,367:INFO: [TRAIN] Step: 920 ; Loss: 27.100 ; Acc: 37.315
2018-09-19 14:03:12,464:INFO: [TRAIN] Step: 921 ; Loss: 24.588 ; Acc: 37.337
2018-09-19 14:03:12,555:INFO: [TRAIN] Step: 922 ; Loss: 29.577 ; Acc: 37.347
2018-09-19 14:03:12,654:INFO: [TRAIN] Step: 923 ; Loss: 27.463 ; Acc: 37.356
2018-09-19 14:03:12,749:INFO: [TRAIN] Step: 924 ; Loss: 29.854 ; Acc: 37.356
2018-09-19 14:03:12,847:INFO: [TRAIN] Step: 925 ; Loss: 30.241 ; Acc: 37.347
2018-09-19 14:03:12,936:INFO: [TRAIN] Step: 926 ; Loss: 25.208 ; Acc: 37.343
2018-09-19 14:03:13,034:INFO: [TRAIN] Step: 927 ; Loss: 26.422 ; Acc: 37.361
2018-09-19 14:03:13,126:INFO: [TRAIN] Step: 928 ; Loss: 26.366 ; Acc: 37.379
2018-09-19 14:03:13,222:INFO: [TRAIN] Step: 929 ; Loss: 30.618 ; Acc: 37.370
2018-09-19 14:03:13,316:INFO: [TRAIN] Step: 930 ; Loss: 24.942 ; Acc: 37.375
2018-09-19 14:03:13,414:INFO: [TRAIN] Step: 931 ; Loss: 27.038 ; Acc: 37.388
2018-09-19 14:03:13,506:INFO: [TRAIN] Step: 932 ; Loss: 29.877 ; Acc: 37.375
2018-09-19 14:03:13,605:INFO: [TRAIN] Step: 933 ; Loss: 32.939 ; Acc: 37.366
2018-09-19 14:03:13,701:INFO: [TRAIN] Step: 934 ; Loss: 27.667 ; Acc: 37.366
2018-09-19 14:03:13,796:INFO: [TRAIN] Step: 935 ; Loss: 28.613 ; Acc: 37.366
2018-09-19 14:03:13,887:INFO: [TRAIN] Step: 936 ; Loss: 26.536 ; Acc: 37.371
2018-09-19 14:03:13,985:INFO: [TRAIN] Step: 937 ; Loss: 25.479 ; Acc: 37.380
2018-09-19 14:03:14,076:INFO: [TRAIN] Step: 938 ; Loss: 31.272 ; Acc: 37.376
2018-09-19 14:03:14,171:INFO: [TRAIN] Step: 939 ; Loss: 29.396 ; Acc: 37.389
2018-09-19 14:03:14,261:INFO: [TRAIN] Step: 940 ; Loss: 32.051 ; Acc: 37.376
2018-09-19 14:03:14,357:INFO: [TRAIN] Step: 941 ; Loss: 28.801 ; Acc: 37.376
2018-09-19 14:03:14,447:INFO: [TRAIN] Step: 942 ; Loss: 28.715 ; Acc: 37.372
2018-09-19 14:03:14,546:INFO: [TRAIN] Step: 943 ; Loss: 28.456 ; Acc: 37.376
2018-09-19 14:03:14,636:INFO: [TRAIN] Step: 944 ; Loss: 31.097 ; Acc: 37.363
2018-09-19 14:03:14,734:INFO: [TRAIN] Step: 945 ; Loss: 29.181 ; Acc: 37.377
2018-09-19 14:03:14,822:INFO: [TRAIN] Step: 946 ; Loss: 28.763 ; Acc: 37.377
2018-09-19 14:03:14,917:INFO: [TRAIN] Step: 947 ; Loss: 28.864 ; Acc: 37.377
2018-09-19 14:03:15,004:INFO: [TRAIN] Step: 948 ; Loss: 26.102 ; Acc: 37.381
2018-09-19 14:03:15,102:INFO: [TRAIN] Step: 949 ; Loss: 27.981 ; Acc: 37.382
2018-09-19 14:03:15,190:INFO: [TRAIN] Step: 950 ; Loss: 30.802 ; Acc: 37.377
2018-09-19 14:03:15,287:INFO: [TRAIN] Step: 951 ; Loss: 29.752 ; Acc: 37.386
2018-09-19 14:03:15,376:INFO: [TRAIN] Step: 952 ; Loss: 30.705 ; Acc: 37.373
2018-09-19 14:03:15,473:INFO: [TRAIN] Step: 953 ; Loss: 28.751 ; Acc: 37.360
2018-09-19 14:03:15,563:INFO: [TRAIN] Step: 954 ; Loss: 29.965 ; Acc: 37.360
2018-09-19 14:03:15,661:INFO: [TRAIN] Step: 955 ; Loss: 26.484 ; Acc: 37.365
2018-09-19 14:03:15,752:INFO: [TRAIN] Step: 956 ; Loss: 29.139 ; Acc: 37.369
2018-09-19 14:03:15,849:INFO: [TRAIN] Step: 957 ; Loss: 29.370 ; Acc: 37.378
2018-09-19 14:03:15,939:INFO: [TRAIN] Step: 958 ; Loss: 28.237 ; Acc: 37.370
2018-09-19 14:03:16,032:INFO: [TRAIN] Step: 959 ; Loss: 30.796 ; Acc: 37.370
2018-09-19 14:03:16,120:INFO: [TRAIN] Step: 960 ; Loss: 29.696 ; Acc: 37.374
2018-09-19 14:03:16,216:INFO: [TRAIN] Step: 961 ; Loss: 34.038 ; Acc: 37.374
2018-09-19 14:03:16,304:INFO: [TRAIN] Step: 962 ; Loss: 28.242 ; Acc: 37.375
2018-09-19 14:03:16,401:INFO: [TRAIN] Step: 963 ; Loss: 29.262 ; Acc: 37.370
2018-09-19 14:03:16,492:INFO: [TRAIN] Step: 964 ; Loss: 24.820 ; Acc: 37.383
2018-09-19 14:03:16,587:INFO: [TRAIN] Step: 965 ; Loss: 28.053 ; Acc: 37.392
2018-09-19 14:03:16,678:INFO: [TRAIN] Step: 966 ; Loss: 26.480 ; Acc: 37.405
2018-09-19 14:03:16,776:INFO: [TRAIN] Step: 967 ; Loss: 29.611 ; Acc: 37.405
2018-09-19 14:03:16,865:INFO: [TRAIN] Step: 968 ; Loss: 34.457 ; Acc: 37.410
2018-09-19 14:03:16,958:INFO: [TRAIN] Step: 969 ; Loss: 27.035 ; Acc: 37.418
2018-09-19 14:03:17,044:INFO: [TRAIN] Step: 970 ; Loss: 28.088 ; Acc: 37.418
2018-09-19 14:03:17,138:INFO: [TRAIN] Step: 971 ; Loss: 26.998 ; Acc: 37.431
2018-09-19 14:03:17,226:INFO: [TRAIN] Step: 972 ; Loss: 28.197 ; Acc: 37.449
2018-09-19 14:03:17,323:INFO: [TRAIN] Step: 973 ; Loss: 26.279 ; Acc: 37.453
2018-09-19 14:03:17,409:INFO: [TRAIN] Step: 974 ; Loss: 27.342 ; Acc: 37.444
2018-09-19 14:03:17,502:INFO: [TRAIN] Step: 975 ; Loss: 27.798 ; Acc: 37.445
2018-09-19 14:03:17,595:INFO: [TRAIN] Step: 976 ; Loss: 28.261 ; Acc: 37.436
2018-09-19 14:03:17,696:INFO: [TRAIN] Step: 977 ; Loss: 29.265 ; Acc: 37.440
2018-09-19 14:03:17,784:INFO: [TRAIN] Step: 978 ; Loss: 31.220 ; Acc: 37.440
2018-09-19 14:03:17,878:INFO: [TRAIN] Step: 979 ; Loss: 26.984 ; Acc: 37.432
2018-09-19 14:03:17,966:INFO: [TRAIN] Step: 980 ; Loss: 24.414 ; Acc: 37.432
2018-09-19 14:03:18,060:INFO: [TRAIN] Step: 981 ; Loss: 26.439 ; Acc: 37.436
2018-09-19 14:03:18,147:INFO: [TRAIN] Step: 982 ; Loss: 31.002 ; Acc: 37.449
2018-09-19 14:03:18,242:INFO: [TRAIN] Step: 983 ; Loss: 30.455 ; Acc: 37.466
2018-09-19 14:03:18,330:INFO: [TRAIN] Step: 984 ; Loss: 30.883 ; Acc: 37.462
2018-09-19 14:03:18,425:INFO: [TRAIN] Step: 985 ; Loss: 28.485 ; Acc: 37.466
2018-09-19 14:03:18,514:INFO: [TRAIN] Step: 986 ; Loss: 28.843 ; Acc: 37.479
2018-09-19 14:03:18,611:INFO: [TRAIN] Step: 987 ; Loss: 24.729 ; Acc: 37.475
2018-09-19 14:03:18,699:INFO: [TRAIN] Step: 988 ; Loss: 27.053 ; Acc: 37.479
2018-09-19 14:03:18,796:INFO: [TRAIN] Step: 989 ; Loss: 30.022 ; Acc: 37.475
2018-09-19 14:03:18,883:INFO: [TRAIN] Step: 990 ; Loss: 28.767 ; Acc: 37.492
2018-09-19 14:03:18,980:INFO: [TRAIN] Step: 991 ; Loss: 28.906 ; Acc: 37.500
2018-09-19 14:03:19,069:INFO: [TRAIN] Step: 992 ; Loss: 22.553 ; Acc: 37.521
2018-09-19 14:03:19,169:INFO: [TRAIN] Step: 993 ; Loss: 31.067 ; Acc: 37.529
2018-09-19 14:03:19,255:INFO: [TRAIN] Step: 994 ; Loss: 29.741 ; Acc: 37.534
2018-09-19 14:03:19,353:INFO: [TRAIN] Step: 995 ; Loss: 28.213 ; Acc: 37.546
2018-09-19 14:03:19,441:INFO: [TRAIN] Step: 996 ; Loss: 27.552 ; Acc: 37.550
2018-09-19 14:03:19,538:INFO: [TRAIN] Step: 997 ; Loss: 28.716 ; Acc: 37.546
2018-09-19 14:03:19,629:INFO: [TRAIN] Step: 998 ; Loss: 28.950 ; Acc: 37.546
2018-09-19 14:03:19,723:INFO: [TRAIN] Step: 999 ; Loss: 30.126 ; Acc: 37.533
2018-09-19 14:03:19,810:INFO: [TRAIN] Step: 1000 ; Loss: 25.899 ; Acc: 37.537
2018-09-19 14:03:19,906:INFO: [TRAIN] Step: 1001 ; Loss: 26.073 ; Acc: 37.529
2018-09-19 14:03:19,996:INFO: [TRAIN] Step: 1002 ; Loss: 25.939 ; Acc: 37.525
2018-09-19 14:03:20,092:INFO: [TRAIN] Step: 1003 ; Loss: 26.669 ; Acc: 37.529
2018-09-19 14:03:20,182:INFO: [TRAIN] Step: 1004 ; Loss: 27.955 ; Acc: 37.525
2018-09-19 14:03:20,277:INFO: [TRAIN] Step: 1005 ; Loss: 31.705 ; Acc: 37.512
2018-09-19 14:03:20,364:INFO: [TRAIN] Step: 1006 ; Loss: 28.294 ; Acc: 37.517
2018-09-19 14:03:20,459:INFO: [TRAIN] Step: 1007 ; Loss: 30.000 ; Acc: 37.517
2018-09-19 14:03:20,550:INFO: [TRAIN] Step: 1008 ; Loss: 27.230 ; Acc: 37.529
2018-09-19 14:03:20,647:INFO: [TRAIN] Step: 1009 ; Loss: 26.170 ; Acc: 37.541
2018-09-19 14:03:20,738:INFO: [TRAIN] Step: 1010 ; Loss: 27.114 ; Acc: 37.537
2018-09-19 14:03:20,835:INFO: [TRAIN] Step: 1011 ; Loss: 27.036 ; Acc: 37.549
2018-09-19 14:03:20,926:INFO: [TRAIN] Step: 1012 ; Loss: 31.863 ; Acc: 37.549
2018-09-19 14:03:21,019:INFO: [TRAIN] Step: 1013 ; Loss: 28.277 ; Acc: 37.553
2018-09-19 14:03:21,108:INFO: [TRAIN] Step: 1014 ; Loss: 30.326 ; Acc: 37.553
2018-09-19 14:03:21,205:INFO: [TRAIN] Step: 1015 ; Loss: 30.152 ; Acc: 37.553
2018-09-19 14:03:21,293:INFO: [TRAIN] Step: 1016 ; Loss: 25.190 ; Acc: 37.574
2018-09-19 14:03:21,387:INFO: [TRAIN] Step: 1017 ; Loss: 28.354 ; Acc: 37.570
2018-09-19 14:03:21,481:INFO: [TRAIN] Step: 1018 ; Loss: 27.356 ; Acc: 37.586
2018-09-19 14:03:21,576:INFO: [TRAIN] Step: 1019 ; Loss: 31.311 ; Acc: 37.578
2018-09-19 14:03:21,665:INFO: [TRAIN] Step: 1020 ; Loss: 23.742 ; Acc: 37.598
2018-09-19 14:03:21,760:INFO: [TRAIN] Step: 1021 ; Loss: 28.276 ; Acc: 37.606
2018-09-19 14:03:21,851:INFO: [TRAIN] Step: 1022 ; Loss: 28.018 ; Acc: 37.606
2018-09-19 14:03:21,950:INFO: [TRAIN] Step: 1023 ; Loss: 27.801 ; Acc: 37.590
2018-09-19 14:03:22,038:INFO: [TRAIN] Step: 1024 ; Loss: 25.348 ; Acc: 37.589
2018-09-19 14:03:22,132:INFO: [TRAIN] Step: 1025 ; Loss: 27.610 ; Acc: 37.589
2018-09-19 14:03:22,222:INFO: [TRAIN] Step: 1026 ; Loss: 25.349 ; Acc: 37.605
2018-09-19 14:03:22,319:INFO: [TRAIN] Step: 1027 ; Loss: 28.106 ; Acc: 37.622
2018-09-19 14:03:22,408:INFO: [TRAIN] Step: 1028 ; Loss: 29.654 ; Acc: 37.621
2018-09-19 14:03:22,503:INFO: [TRAIN] Step: 1029 ; Loss: 27.591 ; Acc: 37.609
2018-09-19 14:03:22,594:INFO: [TRAIN] Step: 1030 ; Loss: 27.536 ; Acc: 37.621
2018-09-19 14:03:22,694:INFO: [TRAIN] Step: 1031 ; Loss: 26.098 ; Acc: 37.633
2018-09-19 14:03:22,785:INFO: [TRAIN] Step: 1032 ; Loss: 31.812 ; Acc: 37.621
2018-09-19 14:03:22,883:INFO: [TRAIN] Step: 1033 ; Loss: 25.481 ; Acc: 37.641
2018-09-19 14:03:22,972:INFO: [TRAIN] Step: 1034 ; Loss: 32.883 ; Acc: 37.641
2018-09-19 14:03:23,067:INFO: [TRAIN] Step: 1035 ; Loss: 26.807 ; Acc: 37.657
2018-09-19 14:03:23,159:INFO: [TRAIN] Step: 1036 ; Loss: 30.368 ; Acc: 37.661
2018-09-19 14:03:23,255:INFO: [TRAIN] Step: 1037 ; Loss: 36.713 ; Acc: 37.649
2018-09-19 14:03:23,349:INFO: [TRAIN] Step: 1038 ; Loss: 28.127 ; Acc: 37.644
2018-09-19 14:03:23,445:INFO: [TRAIN] Step: 1039 ; Loss: 29.093 ; Acc: 37.648
2018-09-19 14:03:23,533:INFO: [TRAIN] Step: 1040 ; Loss: 27.364 ; Acc: 37.652
2018-09-19 14:03:23,627:INFO: [TRAIN] Step: 1041 ; Loss: 24.552 ; Acc: 37.664
2018-09-19 14:03:23,720:INFO: [TRAIN] Step: 1042 ; Loss: 26.232 ; Acc: 37.668
2018-09-19 14:03:23,819:INFO: [TRAIN] Step: 1043 ; Loss: 25.974 ; Acc: 37.672
2018-09-19 14:03:23,906:INFO: [TRAIN] Step: 1044 ; Loss: 30.830 ; Acc: 37.659
2018-09-19 14:03:24,005:INFO: [TRAIN] Step: 1045 ; Loss: 30.188 ; Acc: 37.675
2018-09-19 14:03:24,095:INFO: [TRAIN] Step: 1046 ; Loss: 27.259 ; Acc: 37.691
2018-09-19 14:03:24,192:INFO: [TRAIN] Step: 1047 ; Loss: 29.507 ; Acc: 37.699
2018-09-19 14:03:24,280:INFO: [TRAIN] Step: 1048 ; Loss: 25.342 ; Acc: 37.711
2018-09-19 14:03:24,375:INFO: [TRAIN] Step: 1049 ; Loss: 27.348 ; Acc: 37.710
2018-09-19 14:03:24,467:INFO: [TRAIN] Step: 1050 ; Loss: 25.902 ; Acc: 37.710
2018-09-19 14:03:24,564:INFO: [TRAIN] Step: 1051 ; Loss: 35.074 ; Acc: 37.710
2018-09-19 14:03:24,653:INFO: [TRAIN] Step: 1052 ; Loss: 27.383 ; Acc: 37.710
2018-09-19 14:03:24,752:INFO: [TRAIN] Step: 1053 ; Loss: 26.634 ; Acc: 37.721
2018-09-19 14:03:24,842:INFO: [TRAIN] Step: 1054 ; Loss: 27.360 ; Acc: 37.721
2018-09-19 14:03:24,939:INFO: [TRAIN] Step: 1055 ; Loss: 29.341 ; Acc: 37.721
2018-09-19 14:03:25,026:INFO: [TRAIN] Step: 1056 ; Loss: 32.033 ; Acc: 37.725
2018-09-19 14:03:25,122:INFO: [TRAIN] Step: 1057 ; Loss: 26.284 ; Acc: 37.732
2018-09-19 14:03:25,209:INFO: [TRAIN] Step: 1058 ; Loss: 30.232 ; Acc: 37.736
2018-09-19 14:03:25,304:INFO: [TRAIN] Step: 1059 ; Loss: 25.859 ; Acc: 37.748
2018-09-19 14:03:25,391:INFO: [TRAIN] Step: 1060 ; Loss: 27.758 ; Acc: 37.763
2018-09-19 14:03:25,484:INFO: [TRAIN] Step: 1061 ; Loss: 30.115 ; Acc: 37.747
2018-09-19 14:03:25,572:INFO: [TRAIN] Step: 1062 ; Loss: 26.750 ; Acc: 37.747
2018-09-19 14:03:25,667:INFO: [TRAIN] Step: 1063 ; Loss: 30.121 ; Acc: 37.751
2018-09-19 14:03:25,754:INFO: [TRAIN] Step: 1064 ; Loss: 29.275 ; Acc: 37.739
2018-09-19 14:03:25,857:INFO: [TRAIN] Step: 1065 ; Loss: 28.659 ; Acc: 37.738
2018-09-19 14:03:25,950:INFO: [TRAIN] Step: 1066 ; Loss: 24.735 ; Acc: 37.754
2018-09-19 14:03:26,045:INFO: [TRAIN] Step: 1067 ; Loss: 28.459 ; Acc: 37.765
2018-09-19 14:03:26,138:INFO: [TRAIN] Step: 1068 ; Loss: 29.759 ; Acc: 37.761
2018-09-19 14:03:26,238:INFO: [TRAIN] Step: 1069 ; Loss: 29.432 ; Acc: 37.769
2018-09-19 14:03:26,341:INFO: [TRAIN] Step: 1070 ; Loss: 31.672 ; Acc: 37.776
2018-09-19 14:03:26,445:INFO: [TRAIN] Step: 1071 ; Loss: 30.716 ; Acc: 37.764
2018-09-19 14:03:26,534:INFO: [TRAIN] Step: 1072 ; Loss: 30.675 ; Acc: 37.756
2018-09-19 14:03:26,630:INFO: [TRAIN] Step: 1073 ; Loss: 28.788 ; Acc: 37.756
2018-09-19 14:03:26,720:INFO: [TRAIN] Step: 1074 ; Loss: 25.449 ; Acc: 37.771
2018-09-19 14:03:26,813:INFO: [TRAIN] Step: 1075 ; Loss: 30.798 ; Acc: 37.763
2018-09-19 14:03:26,907:INFO: [TRAIN] Step: 1076 ; Loss: 28.374 ; Acc: 37.771
2018-09-19 14:03:27,003:INFO: [TRAIN] Step: 1077 ; Loss: 28.888 ; Acc: 37.774
2018-09-19 14:03:27,098:INFO: [TRAIN] Step: 1078 ; Loss: 26.313 ; Acc: 37.782
2018-09-19 14:03:27,199:INFO: [TRAIN] Step: 1079 ; Loss: 34.786 ; Acc: 37.758
2018-09-19 14:03:27,302:INFO: [TRAIN] Step: 1080 ; Loss: 29.788 ; Acc: 37.762
2018-09-19 14:03:27,400:INFO: [TRAIN] Step: 1081 ; Loss: 29.130 ; Acc: 37.762
2018-09-19 14:03:27,487:INFO: [TRAIN] Step: 1082 ; Loss: 28.253 ; Acc: 37.750
2018-09-19 14:03:27,591:INFO: [TRAIN] Step: 1083 ; Loss: 29.784 ; Acc: 37.746
2018-09-19 14:03:27,680:INFO: [TRAIN] Step: 1084 ; Loss: 28.939 ; Acc: 37.753
2018-09-19 14:03:27,775:INFO: [TRAIN] Step: 1085 ; Loss: 27.042 ; Acc: 37.757
2018-09-19 14:03:27,869:INFO: [TRAIN] Step: 1086 ; Loss: 30.765 ; Acc: 37.753
2018-09-19 14:03:27,968:INFO: [TRAIN] Step: 1087 ; Loss: 29.148 ; Acc: 37.768
2018-09-19 14:03:28,061:INFO: [TRAIN] Step: 1088 ; Loss: 25.714 ; Acc: 37.768
2018-09-19 14:03:28,168:INFO: [TRAIN] Step: 1089 ; Loss: 31.424 ; Acc: 37.775
2018-09-19 14:03:28,257:INFO: [TRAIN] Step: 1090 ; Loss: 31.113 ; Acc: 37.767
2018-09-19 14:03:28,355:INFO: [TRAIN] Step: 1091 ; Loss: 25.527 ; Acc: 37.767
2018-09-19 14:03:28,455:INFO: [TRAIN] Step: 1092 ; Loss: 27.652 ; Acc: 37.774
2018-09-19 14:03:28,549:INFO: [TRAIN] Step: 1093 ; Loss: 23.564 ; Acc: 37.801
2018-09-19 14:03:28,640:INFO: [TRAIN] Step: 1094 ; Loss: 29.073 ; Acc: 37.808
2018-09-19 14:03:28,735:INFO: [TRAIN] Step: 1095 ; Loss: 29.696 ; Acc: 37.808
2018-09-19 14:03:28,823:INFO: [TRAIN] Step: 1096 ; Loss: 25.163 ; Acc: 37.819
2018-09-19 14:03:28,917:INFO: [TRAIN] Step: 1097 ; Loss: 27.722 ; Acc: 37.834
2018-09-19 14:03:29,012:INFO: [TRAIN] Step: 1098 ; Loss: 27.691 ; Acc: 37.837
2018-09-19 14:03:29,109:INFO: [TRAIN] Step: 1099 ; Loss: 28.082 ; Acc: 37.837
2018-09-19 14:03:29,212:INFO: [TRAIN] Step: 1100 ; Loss: 28.126 ; Acc: 37.844
2018-09-19 14:03:29,318:INFO: [TRAIN] Step: 1101 ; Loss: 24.749 ; Acc: 37.871
2018-09-19 14:03:29,415:INFO: [TRAIN] Step: 1102 ; Loss: 29.635 ; Acc: 37.859
2018-09-19 14:03:29,524:INFO: [TRAIN] Step: 1103 ; Loss: 29.764 ; Acc: 37.870
2018-09-19 14:03:29,613:INFO: [TRAIN] Step: 1104 ; Loss: 28.808 ; Acc: 37.885
2018-09-19 14:03:29,708:INFO: [TRAIN] Step: 1105 ; Loss: 28.080 ; Acc: 37.888
2018-09-19 14:03:29,795:INFO: [TRAIN] Step: 1106 ; Loss: 27.335 ; Acc: 37.876
2018-09-19 14:03:29,895:INFO: [TRAIN] Step: 1107 ; Loss: 26.443 ; Acc: 37.887
2018-09-19 14:03:29,985:INFO: [TRAIN] Step: 1108 ; Loss: 27.653 ; Acc: 37.891
2018-09-19 14:03:30,079:INFO: [TRAIN] Step: 1109 ; Loss: 28.489 ; Acc: 37.887
2018-09-19 14:03:30,168:INFO: [TRAIN] Step: 1110 ; Loss: 29.158 ; Acc: 37.868
2018-09-19 14:03:30,264:INFO: [TRAIN] Step: 1111 ; Loss: 24.501 ; Acc: 37.875
2018-09-19 14:03:30,354:INFO: [TRAIN] Step: 1112 ; Loss: 31.886 ; Acc: 37.871
2018-09-19 14:03:30,451:INFO: [TRAIN] Step: 1113 ; Loss: 27.021 ; Acc: 37.882
2018-09-19 14:03:30,538:INFO: [TRAIN] Step: 1114 ; Loss: 30.612 ; Acc: 37.877
2018-09-19 14:03:30,632:INFO: [TRAIN] Step: 1115 ; Loss: 29.238 ; Acc: 37.873
2018-09-19 14:03:30,719:INFO: [TRAIN] Step: 1116 ; Loss: 30.637 ; Acc: 37.880
2018-09-19 14:03:30,814:INFO: [TRAIN] Step: 1117 ; Loss: 29.094 ; Acc: 37.880
2018-09-19 14:03:30,908:INFO: [TRAIN] Step: 1118 ; Loss: 28.207 ; Acc: 37.872
2018-09-19 14:03:31,005:INFO: [TRAIN] Step: 1119 ; Loss: 28.328 ; Acc: 37.872
2018-09-19 14:03:31,092:INFO: [TRAIN] Step: 1120 ; Loss: 32.384 ; Acc: 37.868
2018-09-19 14:03:31,190:INFO: [TRAIN] Step: 1121 ; Loss: 26.288 ; Acc: 37.886
2018-09-19 14:03:31,278:INFO: [TRAIN] Step: 1122 ; Loss: 24.803 ; Acc: 37.901
2018-09-19 14:03:31,374:INFO: [TRAIN] Step: 1123 ; Loss: 30.342 ; Acc: 37.915
2018-09-19 14:03:31,462:INFO: [TRAIN] Step: 1124 ; Loss: 30.724 ; Acc: 37.919
2018-09-19 14:03:31,559:INFO: [TRAIN] Step: 1125 ; Loss: 25.257 ; Acc: 37.933
2018-09-19 14:03:31,648:INFO: [TRAIN] Step: 1126 ; Loss: 31.105 ; Acc: 37.933
2018-09-19 14:03:31,742:INFO: [TRAIN] Step: 1127 ; Loss: 29.601 ; Acc: 37.928
2018-09-19 14:03:31,831:INFO: [TRAIN] Step: 1128 ; Loss: 29.578 ; Acc: 37.928
2018-09-19 14:03:31,925:INFO: [TRAIN] Step: 1129 ; Loss: 26.767 ; Acc: 37.939
2018-09-19 14:03:32,016:INFO: [TRAIN] Step: 1130 ; Loss: 27.880 ; Acc: 37.946
2018-09-19 14:03:32,109:INFO: [TRAIN] Step: 1131 ; Loss: 30.242 ; Acc: 37.942
2018-09-19 14:03:32,199:INFO: [TRAIN] Step: 1132 ; Loss: 24.643 ; Acc: 37.956
2018-09-19 14:03:32,294:INFO: [TRAIN] Step: 1133 ; Loss: 26.668 ; Acc: 37.959
2018-09-19 14:03:32,384:INFO: [TRAIN] Step: 1134 ; Loss: 32.256 ; Acc: 37.966
2018-09-19 14:03:32,479:INFO: [TRAIN] Step: 1135 ; Loss: 27.830 ; Acc: 37.966
2018-09-19 14:03:32,566:INFO: [TRAIN] Step: 1136 ; Loss: 27.815 ; Acc: 37.965
2018-09-19 14:03:32,662:INFO: [TRAIN] Step: 1137 ; Loss: 26.184 ; Acc: 37.958
2018-09-19 14:03:32,751:INFO: [TRAIN] Step: 1138 ; Loss: 29.283 ; Acc: 37.957
2018-09-19 14:03:32,846:INFO: [TRAIN] Step: 1139 ; Loss: 24.692 ; Acc: 37.968
2018-09-19 14:03:32,938:INFO: [TRAIN] Step: 1140 ; Loss: 28.004 ; Acc: 37.978
2018-09-19 14:03:33,033:INFO: [TRAIN] Step: 1141 ; Loss: 28.411 ; Acc: 37.971
2018-09-19 14:03:33,124:INFO: [TRAIN] Step: 1142 ; Loss: 30.314 ; Acc: 37.959
2018-09-19 14:03:33,221:INFO: [TRAIN] Step: 1143 ; Loss: 26.610 ; Acc: 37.963
2018-09-19 14:03:33,309:INFO: [TRAIN] Step: 1144 ; Loss: 32.462 ; Acc: 37.955
2018-09-19 14:03:33,403:INFO: [TRAIN] Step: 1145 ; Loss: 25.230 ; Acc: 37.965
2018-09-19 14:03:33,490:INFO: [TRAIN] Step: 1146 ; Loss: 28.995 ; Acc: 37.961
2018-09-19 14:03:33,586:INFO: [TRAIN] Step: 1147 ; Loss: 29.942 ; Acc: 37.957
2018-09-19 14:03:33,677:INFO: [TRAIN] Step: 1148 ; Loss: 26.915 ; Acc: 37.968
2018-09-19 14:03:33,777:INFO: [TRAIN] Step: 1149 ; Loss: 29.140 ; Acc: 37.967
2018-09-19 14:03:33,865:INFO: [TRAIN] Step: 1150 ; Loss: 24.403 ; Acc: 37.971
2018-09-19 14:03:33,961:INFO: [TRAIN] Step: 1151 ; Loss: 31.527 ; Acc: 37.974
2018-09-19 14:03:34,050:INFO: [TRAIN] Step: 1152 ; Loss: 28.640 ; Acc: 37.966
2018-09-19 14:03:34,145:INFO: [TRAIN] Step: 1153 ; Loss: 30.218 ; Acc: 37.962
2018-09-19 14:03:34,236:INFO: [TRAIN] Step: 1154 ; Loss: 25.814 ; Acc: 37.969
2018-09-19 14:03:34,331:INFO: [TRAIN] Step: 1155 ; Loss: 27.006 ; Acc: 37.972
2018-09-19 14:03:34,420:INFO: [TRAIN] Step: 1156 ; Loss: 25.252 ; Acc: 37.983
2018-09-19 14:03:34,519:INFO: [TRAIN] Step: 1157 ; Loss: 30.084 ; Acc: 37.986
2018-09-19 14:03:34,607:INFO: [TRAIN] Step: 1158 ; Loss: 32.336 ; Acc: 37.982
2018-09-19 14:03:34,705:INFO: [TRAIN] Step: 1159 ; Loss: 28.092 ; Acc: 37.978
2018-09-19 14:03:34,798:INFO: [TRAIN] Step: 1160 ; Loss: 27.810 ; Acc: 37.967
2018-09-19 14:03:34,896:INFO: [TRAIN] Step: 1161 ; Loss: 28.506 ; Acc: 37.955
2018-09-19 14:03:34,983:INFO: [TRAIN] Step: 1162 ; Loss: 28.027 ; Acc: 37.959
2018-09-19 14:03:35,078:INFO: [TRAIN] Step: 1163 ; Loss: 25.635 ; Acc: 37.980
2018-09-19 14:03:35,164:INFO: [TRAIN] Step: 1164 ; Loss: 26.190 ; Acc: 37.997
2018-09-19 14:03:35,261:INFO: [TRAIN] Step: 1165 ; Loss: 27.690 ; Acc: 38.000
2018-09-19 14:03:35,352:INFO: [TRAIN] Step: 1166 ; Loss: 29.819 ; Acc: 38.003
2018-09-19 14:03:35,450:INFO: [TRAIN] Step: 1167 ; Loss: 26.175 ; Acc: 38.017
2018-09-19 14:03:35,541:INFO: [TRAIN] Step: 1168 ; Loss: 30.610 ; Acc: 38.013
2018-09-19 14:03:35,634:INFO: [TRAIN] Step: 1169 ; Loss: 29.835 ; Acc: 38.013
2018-09-19 14:03:35,729:INFO: [TRAIN] Step: 1170 ; Loss: 25.265 ; Acc: 38.012
2018-09-19 14:03:35,825:INFO: [TRAIN] Step: 1171 ; Loss: 29.422 ; Acc: 38.016
2018-09-19 14:03:35,913:INFO: [TRAIN] Step: 1172 ; Loss: 27.958 ; Acc: 38.008
2018-09-19 14:03:36,012:INFO: [TRAIN] Step: 1173 ; Loss: 31.145 ; Acc: 38.011
2018-09-19 14:03:36,099:INFO: [TRAIN] Step: 1174 ; Loss: 26.232 ; Acc: 38.014
2018-09-19 14:03:36,197:INFO: [TRAIN] Step: 1175 ; Loss: 28.966 ; Acc: 38.014
2018-09-19 14:03:36,288:INFO: [TRAIN] Step: 1176 ; Loss: 28.363 ; Acc: 38.006
2018-09-19 14:03:36,381:INFO: [TRAIN] Step: 1177 ; Loss: 26.364 ; Acc: 38.009
2018-09-19 14:03:36,469:INFO: [TRAIN] Step: 1178 ; Loss: 26.607 ; Acc: 38.016
2018-09-19 14:03:36,562:INFO: [TRAIN] Step: 1179 ; Loss: 27.494 ; Acc: 38.019
2018-09-19 14:03:36,654:INFO: [TRAIN] Step: 1180 ; Loss: 24.705 ; Acc: 38.029
2018-09-19 14:03:36,748:INFO: [TRAIN] Step: 1181 ; Loss: 25.429 ; Acc: 38.043
2018-09-19 14:03:36,838:INFO: [TRAIN] Step: 1182 ; Loss: 30.733 ; Acc: 38.042
2018-09-19 14:03:36,931:INFO: [TRAIN] Step: 1183 ; Loss: 30.097 ; Acc: 38.042
2018-09-19 14:03:37,020:INFO: [TRAIN] Step: 1184 ; Loss: 31.181 ; Acc: 38.041
2018-09-19 14:03:37,114:INFO: [TRAIN] Step: 1185 ; Loss: 29.558 ; Acc: 38.030
2018-09-19 14:03:37,206:INFO: [TRAIN] Step: 1186 ; Loss: 29.325 ; Acc: 38.041
2018-09-19 14:03:37,300:INFO: [TRAIN] Step: 1187 ; Loss: 23.551 ; Acc: 38.051
2018-09-19 14:03:37,388:INFO: [TRAIN] Step: 1188 ; Loss: 27.509 ; Acc: 38.050
2018-09-19 14:03:37,481:INFO: [TRAIN] Step: 1189 ; Loss: 26.912 ; Acc: 38.057
2018-09-19 14:03:42,658:INFO: [EVAL] Step: 1190 ; Loss: 0.295 ; Acc: 0.417
