2018-09-19 14:04:13,946:INFO: ### Model ###
LeNet5(
  (convnet): Sequential(
    (0): Conv2d(1, 6, kernel_size=(5, 5), stride=(1, 1))
    (1): ReLU()
    (2): MaxPool2d(kernel_size=(2, 2), stride=2, padding=0, dilation=1, ceil_mode=False)
    (3): Conv2d(6, 16, kernel_size=(5, 5), stride=(1, 1))
    (4): ReLU()
    (5): MaxPool2d(kernel_size=(2, 2), stride=2, padding=0, dilation=1, ceil_mode=False)
    (6): Conv2d(16, 120, kernel_size=(5, 5), stride=(1, 1))
    (7): ReLU()
    (8): Conv2d(120, 240, kernel_size=(5, 5), stride=(1, 1))
    (9): ReLU()
  )
  (fc): Sequential(
    (0): Linear(in_features=240, out_features=84, bias=True)
    (1): ReLU()
    (2): Linear(in_features=84, out_features=10, bias=True)
  )
)
2018-09-19 14:04:13,946:INFO: ### Optimizer ###
Adam (
Parameter Group 0
    amsgrad: False
    betas: (0.9, 0.999)
    eps: 1e-08
    lr: 1e-05
    weight_decay: 0
)
2018-09-19 14:04:13,947:INFO: ### HParams ###
n_epochs: 1 ; data: ferplus ; label: ferplus_votes ; batch_size: 24 ; lr: 1e-05 ; wd: 0 ; eval_steps: 1190
2018-09-19 14:04:14,125:INFO: [TRAIN] Step: 0 ; Loss: 41.318 ; Acc: 12.500
2018-09-19 14:04:14,203:INFO: [TRAIN] Step: 1 ; Loss: 39.290 ; Acc: 10.417
2018-09-19 14:04:14,278:INFO: [TRAIN] Step: 2 ; Loss: 43.527 ; Acc: 11.111
2018-09-19 14:04:14,359:INFO: [TRAIN] Step: 3 ; Loss: 39.894 ; Acc: 12.500
2018-09-19 14:04:14,455:INFO: [TRAIN] Step: 4 ; Loss: 39.916 ; Acc: 13.333
2018-09-19 14:04:14,540:INFO: [TRAIN] Step: 5 ; Loss: 45.366 ; Acc: 12.500
2018-09-19 14:04:14,627:INFO: [TRAIN] Step: 6 ; Loss: 40.994 ; Acc: 13.095
2018-09-19 14:04:14,719:INFO: [TRAIN] Step: 7 ; Loss: 37.971 ; Acc: 15.104
2018-09-19 14:04:14,803:INFO: [TRAIN] Step: 8 ; Loss: 40.595 ; Acc: 13.426
2018-09-19 14:04:14,892:INFO: [TRAIN] Step: 9 ; Loss: 38.889 ; Acc: 13.750
2018-09-19 14:04:14,978:INFO: [TRAIN] Step: 10 ; Loss: 36.564 ; Acc: 13.636
2018-09-19 14:04:15,066:INFO: [TRAIN] Step: 11 ; Loss: 42.362 ; Acc: 13.889
2018-09-19 14:04:15,140:INFO: [TRAIN] Step: 12 ; Loss: 38.991 ; Acc: 13.462
2018-09-19 14:04:15,227:INFO: [TRAIN] Step: 13 ; Loss: 40.913 ; Acc: 14.286
2018-09-19 14:04:15,302:INFO: [TRAIN] Step: 14 ; Loss: 38.907 ; Acc: 14.167
2018-09-19 14:04:15,384:INFO: [TRAIN] Step: 15 ; Loss: 37.320 ; Acc: 14.323
2018-09-19 14:04:15,459:INFO: [TRAIN] Step: 16 ; Loss: 34.688 ; Acc: 13.971
2018-09-19 14:04:15,538:INFO: [TRAIN] Step: 17 ; Loss: 37.736 ; Acc: 13.889
2018-09-19 14:04:15,614:INFO: [TRAIN] Step: 18 ; Loss: 37.935 ; Acc: 14.254
2018-09-19 14:04:15,694:INFO: [TRAIN] Step: 19 ; Loss: 37.679 ; Acc: 14.375
2018-09-19 14:04:15,768:INFO: [TRAIN] Step: 20 ; Loss: 42.041 ; Acc: 14.286
2018-09-19 14:04:15,851:INFO: [TRAIN] Step: 21 ; Loss: 35.831 ; Acc: 14.205
2018-09-19 14:04:15,929:INFO: [TRAIN] Step: 22 ; Loss: 38.450 ; Acc: 13.949
2018-09-19 14:04:16,012:INFO: [TRAIN] Step: 23 ; Loss: 41.325 ; Acc: 13.542
2018-09-19 14:04:16,088:INFO: [TRAIN] Step: 24 ; Loss: 36.998 ; Acc: 13.833
2018-09-19 14:04:16,168:INFO: [TRAIN] Step: 25 ; Loss: 40.860 ; Acc: 13.301
2018-09-19 14:04:16,243:INFO: [TRAIN] Step: 26 ; Loss: 38.429 ; Acc: 13.735
2018-09-19 14:04:16,323:INFO: [TRAIN] Step: 27 ; Loss: 39.348 ; Acc: 13.542
2018-09-19 14:04:16,398:INFO: [TRAIN] Step: 28 ; Loss: 37.723 ; Acc: 14.224
2018-09-19 14:04:16,480:INFO: [TRAIN] Step: 29 ; Loss: 39.598 ; Acc: 13.889
2018-09-19 14:04:16,556:INFO: [TRAIN] Step: 30 ; Loss: 40.550 ; Acc: 13.441
2018-09-19 14:04:16,640:INFO: [TRAIN] Step: 31 ; Loss: 39.934 ; Acc: 13.542
2018-09-19 14:04:16,714:INFO: [TRAIN] Step: 32 ; Loss: 36.995 ; Acc: 13.384
2018-09-19 14:04:16,794:INFO: [TRAIN] Step: 33 ; Loss: 37.544 ; Acc: 13.603
2018-09-19 14:04:16,868:INFO: [TRAIN] Step: 34 ; Loss: 37.590 ; Acc: 13.690
2018-09-19 14:04:16,950:INFO: [TRAIN] Step: 35 ; Loss: 38.381 ; Acc: 14.005
2018-09-19 14:04:17,025:INFO: [TRAIN] Step: 36 ; Loss: 39.393 ; Acc: 14.189
2018-09-19 14:04:17,105:INFO: [TRAIN] Step: 37 ; Loss: 42.553 ; Acc: 13.925
2018-09-19 14:04:17,179:INFO: [TRAIN] Step: 38 ; Loss: 39.834 ; Acc: 13.782
2018-09-19 14:04:17,262:INFO: [TRAIN] Step: 39 ; Loss: 36.613 ; Acc: 13.750
2018-09-19 14:04:17,336:INFO: [TRAIN] Step: 40 ; Loss: 40.412 ; Acc: 13.618
2018-09-19 14:04:17,421:INFO: [TRAIN] Step: 41 ; Loss: 39.410 ; Acc: 13.591
2018-09-19 14:04:17,498:INFO: [TRAIN] Step: 42 ; Loss: 36.765 ; Acc: 13.663
2018-09-19 14:04:17,580:INFO: [TRAIN] Step: 43 ; Loss: 39.406 ; Acc: 13.731
2018-09-19 14:04:17,680:INFO: [TRAIN] Step: 44 ; Loss: 40.089 ; Acc: 13.704
2018-09-19 14:04:17,767:INFO: [TRAIN] Step: 45 ; Loss: 40.470 ; Acc: 13.496
2018-09-19 14:04:17,841:INFO: [TRAIN] Step: 46 ; Loss: 42.402 ; Acc: 13.387
2018-09-19 14:04:17,927:INFO: [TRAIN] Step: 47 ; Loss: 41.618 ; Acc: 13.368
2018-09-19 14:04:18,002:INFO: [TRAIN] Step: 48 ; Loss: 38.973 ; Acc: 13.520
2018-09-19 14:04:18,084:INFO: [TRAIN] Step: 49 ; Loss: 39.614 ; Acc: 13.667
2018-09-19 14:04:18,159:INFO: [TRAIN] Step: 50 ; Loss: 38.136 ; Acc: 13.644
2018-09-19 14:04:18,240:INFO: [TRAIN] Step: 51 ; Loss: 39.176 ; Acc: 13.542
2018-09-19 14:04:18,315:INFO: [TRAIN] Step: 52 ; Loss: 38.900 ; Acc: 13.365
2018-09-19 14:04:18,401:INFO: [TRAIN] Step: 53 ; Loss: 41.518 ; Acc: 13.426
2018-09-19 14:04:18,477:INFO: [TRAIN] Step: 54 ; Loss: 37.001 ; Acc: 13.409
2018-09-19 14:04:18,557:INFO: [TRAIN] Step: 55 ; Loss: 39.130 ; Acc: 13.318
2018-09-19 14:04:18,632:INFO: [TRAIN] Step: 56 ; Loss: 37.696 ; Acc: 13.304
2018-09-19 14:04:18,714:INFO: [TRAIN] Step: 57 ; Loss: 39.958 ; Acc: 13.147
2018-09-19 14:04:18,789:INFO: [TRAIN] Step: 58 ; Loss: 39.689 ; Acc: 13.065
2018-09-19 14:04:18,870:INFO: [TRAIN] Step: 59 ; Loss: 37.217 ; Acc: 13.056
2018-09-19 14:04:18,947:INFO: [TRAIN] Step: 60 ; Loss: 36.694 ; Acc: 13.046
2018-09-19 14:04:19,031:INFO: [TRAIN] Step: 61 ; Loss: 34.723 ; Acc: 12.903
2018-09-19 14:04:19,108:INFO: [TRAIN] Step: 62 ; Loss: 38.188 ; Acc: 12.831
2018-09-19 14:04:19,189:INFO: [TRAIN] Step: 63 ; Loss: 38.249 ; Acc: 12.760
2018-09-19 14:04:19,264:INFO: [TRAIN] Step: 64 ; Loss: 45.545 ; Acc: 12.692
2018-09-19 14:04:19,346:INFO: [TRAIN] Step: 65 ; Loss: 40.606 ; Acc: 12.689
2018-09-19 14:04:19,422:INFO: [TRAIN] Step: 66 ; Loss: 37.040 ; Acc: 12.687
2018-09-19 14:04:19,503:INFO: [TRAIN] Step: 67 ; Loss: 43.015 ; Acc: 12.868
2018-09-19 14:04:19,578:INFO: [TRAIN] Step: 68 ; Loss: 38.433 ; Acc: 12.862
2018-09-19 14:04:19,663:INFO: [TRAIN] Step: 69 ; Loss: 41.892 ; Acc: 12.798
2018-09-19 14:04:19,737:INFO: [TRAIN] Step: 70 ; Loss: 39.623 ; Acc: 12.735
2018-09-19 14:04:19,819:INFO: [TRAIN] Step: 71 ; Loss: 39.682 ; Acc: 12.847
2018-09-19 14:04:19,893:INFO: [TRAIN] Step: 72 ; Loss: 40.916 ; Acc: 12.728
2018-09-19 14:04:19,975:INFO: [TRAIN] Step: 73 ; Loss: 40.913 ; Acc: 12.782
2018-09-19 14:04:20,050:INFO: [TRAIN] Step: 74 ; Loss: 37.391 ; Acc: 12.667
2018-09-19 14:04:20,131:INFO: [TRAIN] Step: 75 ; Loss: 43.207 ; Acc: 12.719
2018-09-19 14:04:20,206:INFO: [TRAIN] Step: 76 ; Loss: 43.028 ; Acc: 12.554
2018-09-19 14:04:20,290:INFO: [TRAIN] Step: 77 ; Loss: 40.169 ; Acc: 12.553
2018-09-19 14:04:20,367:INFO: [TRAIN] Step: 78 ; Loss: 39.413 ; Acc: 12.553
2018-09-19 14:04:20,449:INFO: [TRAIN] Step: 79 ; Loss: 40.644 ; Acc: 12.865
2018-09-19 14:04:20,524:INFO: [TRAIN] Step: 80 ; Loss: 40.136 ; Acc: 12.809
2018-09-19 14:04:20,606:INFO: [TRAIN] Step: 81 ; Loss: 38.977 ; Acc: 12.805
2018-09-19 14:04:20,679:INFO: [TRAIN] Step: 82 ; Loss: 37.525 ; Acc: 12.751
2018-09-19 14:04:20,762:INFO: [TRAIN] Step: 83 ; Loss: 37.025 ; Acc: 12.748
2018-09-19 14:04:20,837:INFO: [TRAIN] Step: 84 ; Loss: 38.656 ; Acc: 12.843
2018-09-19 14:04:20,922:INFO: [TRAIN] Step: 85 ; Loss: 37.200 ; Acc: 12.839
2018-09-19 14:04:20,998:INFO: [TRAIN] Step: 86 ; Loss: 39.726 ; Acc: 12.931
2018-09-19 14:04:21,080:INFO: [TRAIN] Step: 87 ; Loss: 40.374 ; Acc: 13.021
2018-09-19 14:04:21,155:INFO: [TRAIN] Step: 88 ; Loss: 41.286 ; Acc: 12.921
2018-09-19 14:04:21,266:INFO: [TRAIN] Step: 89 ; Loss: 39.939 ; Acc: 12.917
2018-09-19 14:04:21,340:INFO: [TRAIN] Step: 90 ; Loss: 34.192 ; Acc: 12.912
2018-09-19 14:04:21,427:INFO: [TRAIN] Step: 91 ; Loss: 40.472 ; Acc: 13.043
2018-09-19 14:04:21,503:INFO: [TRAIN] Step: 92 ; Loss: 42.538 ; Acc: 13.038
2018-09-19 14:04:21,588:INFO: [TRAIN] Step: 93 ; Loss: 39.355 ; Acc: 13.209
2018-09-19 14:04:21,664:INFO: [TRAIN] Step: 94 ; Loss: 38.307 ; Acc: 13.289
2018-09-19 14:04:21,747:INFO: [TRAIN] Step: 95 ; Loss: 37.220 ; Acc: 13.325
2018-09-19 14:04:21,822:INFO: [TRAIN] Step: 96 ; Loss: 37.518 ; Acc: 13.402
2018-09-19 14:04:21,908:INFO: [TRAIN] Step: 97 ; Loss: 36.099 ; Acc: 13.605
2018-09-19 14:04:21,984:INFO: [TRAIN] Step: 98 ; Loss: 40.148 ; Acc: 13.721
2018-09-19 14:04:22,065:INFO: [TRAIN] Step: 99 ; Loss: 36.172 ; Acc: 14.042
2018-09-19 14:04:22,140:INFO: [TRAIN] Step: 100 ; Loss: 39.183 ; Acc: 14.068
2018-09-19 14:04:22,222:INFO: [TRAIN] Step: 101 ; Loss: 36.695 ; Acc: 14.134
2018-09-19 14:04:22,298:INFO: [TRAIN] Step: 102 ; Loss: 38.595 ; Acc: 14.159
2018-09-19 14:04:22,379:INFO: [TRAIN] Step: 103 ; Loss: 37.003 ; Acc: 14.263
2018-09-19 14:04:22,457:INFO: [TRAIN] Step: 104 ; Loss: 38.276 ; Acc: 14.365
2018-09-19 14:04:22,542:INFO: [TRAIN] Step: 105 ; Loss: 39.068 ; Acc: 14.505
2018-09-19 14:04:22,618:INFO: [TRAIN] Step: 106 ; Loss: 40.258 ; Acc: 14.798
2018-09-19 14:04:22,699:INFO: [TRAIN] Step: 107 ; Loss: 39.093 ; Acc: 14.931
2018-09-19 14:04:22,776:INFO: [TRAIN] Step: 108 ; Loss: 35.935 ; Acc: 15.023
2018-09-19 14:04:22,858:INFO: [TRAIN] Step: 109 ; Loss: 38.477 ; Acc: 15.227
2018-09-19 14:04:22,933:INFO: [TRAIN] Step: 110 ; Loss: 35.870 ; Acc: 15.353
2018-09-19 14:04:23,013:INFO: [TRAIN] Step: 111 ; Loss: 38.148 ; Acc: 15.625
2018-09-19 14:04:23,089:INFO: [TRAIN] Step: 112 ; Loss: 33.759 ; Acc: 15.855
2018-09-19 14:04:23,172:INFO: [TRAIN] Step: 113 ; Loss: 37.057 ; Acc: 15.826
2018-09-19 14:04:23,248:INFO: [TRAIN] Step: 114 ; Loss: 38.534 ; Acc: 15.978
2018-09-19 14:04:23,333:INFO: [TRAIN] Step: 115 ; Loss: 34.314 ; Acc: 16.307
2018-09-19 14:04:23,411:INFO: [TRAIN] Step: 116 ; Loss: 33.240 ; Acc: 16.453
2018-09-19 14:04:23,497:INFO: [TRAIN] Step: 117 ; Loss: 38.624 ; Acc: 16.525
2018-09-19 14:04:23,572:INFO: [TRAIN] Step: 118 ; Loss: 33.332 ; Acc: 16.597
2018-09-19 14:04:23,654:INFO: [TRAIN] Step: 119 ; Loss: 35.072 ; Acc: 16.771
2018-09-19 14:04:23,731:INFO: [TRAIN] Step: 120 ; Loss: 38.057 ; Acc: 16.873
2018-09-19 14:04:23,813:INFO: [TRAIN] Step: 121 ; Loss: 35.619 ; Acc: 16.872
2018-09-19 14:04:23,892:INFO: [TRAIN] Step: 122 ; Loss: 40.884 ; Acc: 17.005
2018-09-19 14:04:23,973:INFO: [TRAIN] Step: 123 ; Loss: 36.372 ; Acc: 17.137
2018-09-19 14:04:24,049:INFO: [TRAIN] Step: 124 ; Loss: 36.317 ; Acc: 17.300
2018-09-19 14:04:24,132:INFO: [TRAIN] Step: 125 ; Loss: 37.378 ; Acc: 17.493
2018-09-19 14:04:24,208:INFO: [TRAIN] Step: 126 ; Loss: 35.263 ; Acc: 17.651
2018-09-19 14:04:24,291:INFO: [TRAIN] Step: 127 ; Loss: 41.154 ; Acc: 17.741
2018-09-19 14:04:24,371:INFO: [TRAIN] Step: 128 ; Loss: 36.605 ; Acc: 18.056
2018-09-19 14:04:24,470:INFO: [TRAIN] Step: 129 ; Loss: 35.902 ; Acc: 18.109
2018-09-19 14:04:24,548:INFO: [TRAIN] Step: 130 ; Loss: 36.033 ; Acc: 18.289
2018-09-19 14:04:24,631:INFO: [TRAIN] Step: 131 ; Loss: 37.977 ; Acc: 18.497
2018-09-19 14:04:24,707:INFO: [TRAIN] Step: 132 ; Loss: 34.429 ; Acc: 18.640
2018-09-19 14:04:24,790:INFO: [TRAIN] Step: 133 ; Loss: 33.714 ; Acc: 18.781
2018-09-19 14:04:24,864:INFO: [TRAIN] Step: 134 ; Loss: 33.005 ; Acc: 19.012
2018-09-19 14:04:24,945:INFO: [TRAIN] Step: 135 ; Loss: 34.554 ; Acc: 19.240
2018-09-19 14:04:25,020:INFO: [TRAIN] Step: 136 ; Loss: 38.343 ; Acc: 19.373
2018-09-19 14:04:25,101:INFO: [TRAIN] Step: 137 ; Loss: 38.634 ; Acc: 19.505
2018-09-19 14:04:25,178:INFO: [TRAIN] Step: 138 ; Loss: 38.055 ; Acc: 19.634
2018-09-19 14:04:25,262:INFO: [TRAIN] Step: 139 ; Loss: 35.469 ; Acc: 19.613
2018-09-19 14:04:25,337:INFO: [TRAIN] Step: 140 ; Loss: 38.097 ; Acc: 19.651
2018-09-19 14:04:25,422:INFO: [TRAIN] Step: 141 ; Loss: 33.861 ; Acc: 19.865
2018-09-19 14:04:25,496:INFO: [TRAIN] Step: 142 ; Loss: 35.674 ; Acc: 19.901
2018-09-19 14:04:25,577:INFO: [TRAIN] Step: 143 ; Loss: 39.544 ; Acc: 19.965
2018-09-19 14:04:25,653:INFO: [TRAIN] Step: 144 ; Loss: 35.471 ; Acc: 19.971
2018-09-19 14:04:25,733:INFO: [TRAIN] Step: 145 ; Loss: 35.415 ; Acc: 20.091
2018-09-19 14:04:25,810:INFO: [TRAIN] Step: 146 ; Loss: 36.768 ; Acc: 20.210
2018-09-19 14:04:25,896:INFO: [TRAIN] Step: 147 ; Loss: 32.645 ; Acc: 20.383
2018-09-19 14:04:25,973:INFO: [TRAIN] Step: 148 ; Loss: 40.335 ; Acc: 20.414
2018-09-19 14:04:26,058:INFO: [TRAIN] Step: 149 ; Loss: 36.536 ; Acc: 20.528
2018-09-19 14:04:26,134:INFO: [TRAIN] Step: 150 ; Loss: 36.038 ; Acc: 20.585
2018-09-19 14:04:26,215:INFO: [TRAIN] Step: 151 ; Loss: 34.420 ; Acc: 20.641
2018-09-19 14:04:26,288:INFO: [TRAIN] Step: 152 ; Loss: 33.857 ; Acc: 20.697
2018-09-19 14:04:26,370:INFO: [TRAIN] Step: 153 ; Loss: 34.679 ; Acc: 20.887
2018-09-19 14:04:26,443:INFO: [TRAIN] Step: 154 ; Loss: 35.328 ; Acc: 20.941
2018-09-19 14:04:26,526:INFO: [TRAIN] Step: 155 ; Loss: 33.742 ; Acc: 20.994
2018-09-19 14:04:26,602:INFO: [TRAIN] Step: 156 ; Loss: 32.639 ; Acc: 21.072
2018-09-19 14:04:26,681:INFO: [TRAIN] Step: 157 ; Loss: 35.533 ; Acc: 21.176
2018-09-19 14:04:26,757:INFO: [TRAIN] Step: 158 ; Loss: 33.935 ; Acc: 21.331
2018-09-19 14:04:26,838:INFO: [TRAIN] Step: 159 ; Loss: 37.257 ; Acc: 21.354
2018-09-19 14:04:26,914:INFO: [TRAIN] Step: 160 ; Loss: 34.388 ; Acc: 21.429
2018-09-19 14:04:26,997:INFO: [TRAIN] Step: 161 ; Loss: 30.083 ; Acc: 21.631
2018-09-19 14:04:27,070:INFO: [TRAIN] Step: 162 ; Loss: 33.344 ; Acc: 21.677
2018-09-19 14:04:27,152:INFO: [TRAIN] Step: 163 ; Loss: 34.879 ; Acc: 21.773
2018-09-19 14:04:27,228:INFO: [TRAIN] Step: 164 ; Loss: 33.531 ; Acc: 21.843
2018-09-19 14:04:27,313:INFO: [TRAIN] Step: 165 ; Loss: 33.279 ; Acc: 21.913
2018-09-19 14:04:27,388:INFO: [TRAIN] Step: 166 ; Loss: 36.006 ; Acc: 21.931
2018-09-19 14:04:27,471:INFO: [TRAIN] Step: 167 ; Loss: 35.096 ; Acc: 22.098
2018-09-19 14:04:27,565:INFO: [TRAIN] Step: 168 ; Loss: 34.879 ; Acc: 22.165
2018-09-19 14:04:27,645:INFO: [TRAIN] Step: 169 ; Loss: 29.111 ; Acc: 22.328
2018-09-19 14:04:27,724:INFO: [TRAIN] Step: 170 ; Loss: 38.732 ; Acc: 22.320
2018-09-19 14:04:27,808:INFO: [TRAIN] Step: 171 ; Loss: 33.271 ; Acc: 22.432
2018-09-19 14:04:27,885:INFO: [TRAIN] Step: 172 ; Loss: 34.500 ; Acc: 22.519
2018-09-19 14:04:27,967:INFO: [TRAIN] Step: 173 ; Loss: 35.455 ; Acc: 22.605
2018-09-19 14:04:28,041:INFO: [TRAIN] Step: 174 ; Loss: 32.543 ; Acc: 22.643
2018-09-19 14:04:28,122:INFO: [TRAIN] Step: 175 ; Loss: 34.842 ; Acc: 22.609
2018-09-19 14:04:28,196:INFO: [TRAIN] Step: 176 ; Loss: 37.301 ; Acc: 22.646
2018-09-19 14:04:28,281:INFO: [TRAIN] Step: 177 ; Loss: 34.591 ; Acc: 22.683
2018-09-19 14:04:28,355:INFO: [TRAIN] Step: 178 ; Loss: 31.596 ; Acc: 22.719
2018-09-19 14:04:28,443:INFO: [TRAIN] Step: 179 ; Loss: 35.746 ; Acc: 22.708
2018-09-19 14:04:28,524:INFO: [TRAIN] Step: 180 ; Loss: 34.106 ; Acc: 22.698
2018-09-19 14:04:28,605:INFO: [TRAIN] Step: 181 ; Loss: 36.469 ; Acc: 22.756
2018-09-19 14:04:28,682:INFO: [TRAIN] Step: 182 ; Loss: 31.970 ; Acc: 22.928
2018-09-19 14:04:28,763:INFO: [TRAIN] Step: 183 ; Loss: 38.145 ; Acc: 22.962
2018-09-19 14:04:28,837:INFO: [TRAIN] Step: 184 ; Loss: 31.121 ; Acc: 23.063
2018-09-19 14:04:28,918:INFO: [TRAIN] Step: 185 ; Loss: 33.337 ; Acc: 23.185
2018-09-19 14:04:28,994:INFO: [TRAIN] Step: 186 ; Loss: 32.492 ; Acc: 23.195
2018-09-19 14:04:29,074:INFO: [TRAIN] Step: 187 ; Loss: 37.095 ; Acc: 23.205
2018-09-19 14:04:29,150:INFO: [TRAIN] Step: 188 ; Loss: 30.882 ; Acc: 23.280
2018-09-19 14:04:29,230:INFO: [TRAIN] Step: 189 ; Loss: 32.454 ; Acc: 23.333
2018-09-19 14:04:29,307:INFO: [TRAIN] Step: 190 ; Loss: 29.453 ; Acc: 23.429
2018-09-19 14:04:29,389:INFO: [TRAIN] Step: 191 ; Loss: 31.752 ; Acc: 23.568
2018-09-19 14:04:29,464:INFO: [TRAIN] Step: 192 ; Loss: 31.797 ; Acc: 23.683
2018-09-19 14:04:29,547:INFO: [TRAIN] Step: 193 ; Loss: 35.065 ; Acc: 23.819
2018-09-19 14:04:29,621:INFO: [TRAIN] Step: 194 ; Loss: 32.726 ; Acc: 23.868
2018-09-19 14:04:29,704:INFO: [TRAIN] Step: 195 ; Loss: 30.282 ; Acc: 23.958
2018-09-19 14:04:29,779:INFO: [TRAIN] Step: 196 ; Loss: 29.407 ; Acc: 24.091
2018-09-19 14:04:29,860:INFO: [TRAIN] Step: 197 ; Loss: 32.245 ; Acc: 24.095
2018-09-19 14:04:29,935:INFO: [TRAIN] Step: 198 ; Loss: 28.560 ; Acc: 24.330
2018-09-19 14:04:30,016:INFO: [TRAIN] Step: 199 ; Loss: 31.300 ; Acc: 24.375
2018-09-19 14:04:30,091:INFO: [TRAIN] Step: 200 ; Loss: 31.896 ; Acc: 24.461
2018-09-19 14:04:30,173:INFO: [TRAIN] Step: 201 ; Loss: 29.865 ; Acc: 24.505
2018-09-19 14:04:30,247:INFO: [TRAIN] Step: 202 ; Loss: 30.793 ; Acc: 24.589
2018-09-19 14:04:30,328:INFO: [TRAIN] Step: 203 ; Loss: 30.764 ; Acc: 24.673
2018-09-19 14:04:30,401:INFO: [TRAIN] Step: 204 ; Loss: 33.563 ; Acc: 24.675
2018-09-19 14:04:30,485:INFO: [TRAIN] Step: 205 ; Loss: 32.114 ; Acc: 24.757
2018-09-19 14:04:30,561:INFO: [TRAIN] Step: 206 ; Loss: 30.221 ; Acc: 24.779
2018-09-19 14:04:30,642:INFO: [TRAIN] Step: 207 ; Loss: 32.275 ; Acc: 24.860
2018-09-19 14:04:30,723:INFO: [TRAIN] Step: 208 ; Loss: 31.974 ; Acc: 24.960
2018-09-19 14:04:30,804:INFO: [TRAIN] Step: 209 ; Loss: 27.755 ; Acc: 25.060
2018-09-19 14:04:30,882:INFO: [TRAIN] Step: 210 ; Loss: 31.241 ; Acc: 25.178
2018-09-19 14:04:30,966:INFO: [TRAIN] Step: 211 ; Loss: 29.184 ; Acc: 25.334
2018-09-19 14:04:31,042:INFO: [TRAIN] Step: 212 ; Loss: 32.703 ; Acc: 25.411
2018-09-19 14:04:31,120:INFO: [TRAIN] Step: 213 ; Loss: 28.772 ; Acc: 25.448
2018-09-19 14:04:31,197:INFO: [TRAIN] Step: 214 ; Loss: 32.806 ; Acc: 25.504
2018-09-19 14:04:31,280:INFO: [TRAIN] Step: 215 ; Loss: 33.818 ; Acc: 25.540
2018-09-19 14:04:31,355:INFO: [TRAIN] Step: 216 ; Loss: 34.845 ; Acc: 25.557
2018-09-19 14:04:31,435:INFO: [TRAIN] Step: 217 ; Loss: 34.522 ; Acc: 25.535
2018-09-19 14:04:31,511:INFO: [TRAIN] Step: 218 ; Loss: 31.198 ; Acc: 25.628
2018-09-19 14:04:31,592:INFO: [TRAIN] Step: 219 ; Loss: 29.531 ; Acc: 25.720
2018-09-19 14:04:31,668:INFO: [TRAIN] Step: 220 ; Loss: 33.614 ; Acc: 25.792
2018-09-19 14:04:31,752:INFO: [TRAIN] Step: 221 ; Loss: 36.401 ; Acc: 25.732
2018-09-19 14:04:31,839:INFO: [TRAIN] Step: 222 ; Loss: 27.026 ; Acc: 25.785
2018-09-19 14:04:31,918:INFO: [TRAIN] Step: 223 ; Loss: 27.923 ; Acc: 25.874
2018-09-19 14:04:31,993:INFO: [TRAIN] Step: 224 ; Loss: 36.530 ; Acc: 25.815
2018-09-19 14:04:32,074:INFO: [TRAIN] Step: 225 ; Loss: 30.372 ; Acc: 25.867
2018-09-19 14:04:32,147:INFO: [TRAIN] Step: 226 ; Loss: 33.331 ; Acc: 25.918
2018-09-19 14:04:32,229:INFO: [TRAIN] Step: 227 ; Loss: 35.901 ; Acc: 25.914
2018-09-19 14:04:32,304:INFO: [TRAIN] Step: 228 ; Loss: 35.272 ; Acc: 25.928
2018-09-19 14:04:32,385:INFO: [TRAIN] Step: 229 ; Loss: 30.570 ; Acc: 26.014
2018-09-19 14:04:32,459:INFO: [TRAIN] Step: 230 ; Loss: 33.545 ; Acc: 26.028
2018-09-19 14:04:32,540:INFO: [TRAIN] Step: 231 ; Loss: 29.893 ; Acc: 26.042
2018-09-19 14:04:32,614:INFO: [TRAIN] Step: 232 ; Loss: 29.964 ; Acc: 26.144
2018-09-19 14:04:32,696:INFO: [TRAIN] Step: 233 ; Loss: 31.379 ; Acc: 26.193
2018-09-19 14:04:32,775:INFO: [TRAIN] Step: 234 ; Loss: 31.701 ; Acc: 26.294
2018-09-19 14:04:32,856:INFO: [TRAIN] Step: 235 ; Loss: 30.128 ; Acc: 26.342
2018-09-19 14:04:32,929:INFO: [TRAIN] Step: 236 ; Loss: 34.880 ; Acc: 26.319
2018-09-19 14:04:33,016:INFO: [TRAIN] Step: 237 ; Loss: 28.126 ; Acc: 26.418
2018-09-19 14:04:33,092:INFO: [TRAIN] Step: 238 ; Loss: 34.111 ; Acc: 26.430
2018-09-19 14:04:33,172:INFO: [TRAIN] Step: 239 ; Loss: 26.757 ; Acc: 26.510
2018-09-19 14:04:33,246:INFO: [TRAIN] Step: 240 ; Loss: 31.947 ; Acc: 26.539
2018-09-19 14:04:33,325:INFO: [TRAIN] Step: 241 ; Loss: 25.123 ; Acc: 26.653
2018-09-19 14:04:33,401:INFO: [TRAIN] Step: 242 ; Loss: 31.130 ; Acc: 26.629
2018-09-19 14:04:33,481:INFO: [TRAIN] Step: 243 ; Loss: 33.840 ; Acc: 26.622
2018-09-19 14:04:33,555:INFO: [TRAIN] Step: 244 ; Loss: 28.861 ; Acc: 26.650
2018-09-19 14:04:33,636:INFO: [TRAIN] Step: 245 ; Loss: 29.531 ; Acc: 26.677
2018-09-19 14:04:33,714:INFO: [TRAIN] Step: 246 ; Loss: 34.098 ; Acc: 26.670
2018-09-19 14:04:33,796:INFO: [TRAIN] Step: 247 ; Loss: 35.268 ; Acc: 26.647
2018-09-19 14:04:33,870:INFO: [TRAIN] Step: 248 ; Loss: 27.908 ; Acc: 26.757
2018-09-19 14:04:33,958:INFO: [TRAIN] Step: 249 ; Loss: 30.587 ; Acc: 26.817
2018-09-19 14:04:34,033:INFO: [TRAIN] Step: 250 ; Loss: 31.414 ; Acc: 26.876
2018-09-19 14:04:34,114:INFO: [TRAIN] Step: 251 ; Loss: 30.070 ; Acc: 26.935
2018-09-19 14:04:34,191:INFO: [TRAIN] Step: 252 ; Loss: 30.413 ; Acc: 26.960
2018-09-19 14:04:34,271:INFO: [TRAIN] Step: 253 ; Loss: 35.913 ; Acc: 26.969
2018-09-19 14:04:34,347:INFO: [TRAIN] Step: 254 ; Loss: 31.147 ; Acc: 26.993
2018-09-19 14:04:34,429:INFO: [TRAIN] Step: 255 ; Loss: 31.199 ; Acc: 27.002
2018-09-19 14:04:34,503:INFO: [TRAIN] Step: 256 ; Loss: 26.817 ; Acc: 27.108
2018-09-19 14:04:34,584:INFO: [TRAIN] Step: 257 ; Loss: 36.226 ; Acc: 27.132
2018-09-19 14:04:34,657:INFO: [TRAIN] Step: 258 ; Loss: 28.296 ; Acc: 27.204
2018-09-19 14:04:34,738:INFO: [TRAIN] Step: 259 ; Loss: 30.375 ; Acc: 27.260
2018-09-19 14:04:34,812:INFO: [TRAIN] Step: 260 ; Loss: 32.976 ; Acc: 27.299
2018-09-19 14:04:34,894:INFO: [TRAIN] Step: 261 ; Loss: 28.166 ; Acc: 27.306
2018-09-19 14:04:34,970:INFO: [TRAIN] Step: 262 ; Loss: 30.417 ; Acc: 27.329
2018-09-19 14:04:35,050:INFO: [TRAIN] Step: 263 ; Loss: 32.963 ; Acc: 27.352
2018-09-19 14:04:35,125:INFO: [TRAIN] Step: 264 ; Loss: 25.246 ; Acc: 27.469
2018-09-19 14:04:35,207:INFO: [TRAIN] Step: 265 ; Loss: 23.613 ; Acc: 27.538
2018-09-19 14:04:35,285:INFO: [TRAIN] Step: 266 ; Loss: 28.856 ; Acc: 27.591
2018-09-19 14:04:35,368:INFO: [TRAIN] Step: 267 ; Loss: 34.610 ; Acc: 27.627
2018-09-19 14:04:35,442:INFO: [TRAIN] Step: 268 ; Loss: 32.204 ; Acc: 27.602
2018-09-19 14:04:35,524:INFO: [TRAIN] Step: 269 ; Loss: 30.400 ; Acc: 27.623
2018-09-19 14:04:35,598:INFO: [TRAIN] Step: 270 ; Loss: 24.783 ; Acc: 27.706
2018-09-19 14:04:35,678:INFO: [TRAIN] Step: 271 ; Loss: 37.590 ; Acc: 27.727
2018-09-19 14:04:35,753:INFO: [TRAIN] Step: 272 ; Loss: 26.163 ; Acc: 27.869
2018-09-19 14:04:35,835:INFO: [TRAIN] Step: 273 ; Loss: 25.893 ; Acc: 27.920
2018-09-19 14:04:35,914:INFO: [TRAIN] Step: 274 ; Loss: 32.234 ; Acc: 27.939
2018-09-19 14:04:35,995:INFO: [TRAIN] Step: 275 ; Loss: 30.533 ; Acc: 27.989
2018-09-19 14:04:36,072:INFO: [TRAIN] Step: 276 ; Loss: 32.715 ; Acc: 28.039
2018-09-19 14:04:36,157:INFO: [TRAIN] Step: 277 ; Loss: 29.480 ; Acc: 28.088
2018-09-19 14:04:36,232:INFO: [TRAIN] Step: 278 ; Loss: 30.244 ; Acc: 28.166
2018-09-19 14:04:36,312:INFO: [TRAIN] Step: 279 ; Loss: 28.512 ; Acc: 28.274
2018-09-19 14:04:36,388:INFO: [TRAIN] Step: 280 ; Loss: 33.003 ; Acc: 28.277
2018-09-19 14:04:36,470:INFO: [TRAIN] Step: 281 ; Loss: 33.605 ; Acc: 28.265
2018-09-19 14:04:36,546:INFO: [TRAIN] Step: 282 ; Loss: 28.273 ; Acc: 28.298
2018-09-19 14:04:36,625:INFO: [TRAIN] Step: 283 ; Loss: 29.803 ; Acc: 28.360
2018-09-19 14:04:36,700:INFO: [TRAIN] Step: 284 ; Loss: 33.584 ; Acc: 28.377
2018-09-19 14:04:36,780:INFO: [TRAIN] Step: 285 ; Loss: 29.786 ; Acc: 28.380
2018-09-19 14:04:36,856:INFO: [TRAIN] Step: 286 ; Loss: 30.515 ; Acc: 28.455
2018-09-19 14:04:36,939:INFO: [TRAIN] Step: 287 ; Loss: 29.326 ; Acc: 28.487
2018-09-19 14:04:37,015:INFO: [TRAIN] Step: 288 ; Loss: 32.126 ; Acc: 28.518
2018-09-19 14:04:37,095:INFO: [TRAIN] Step: 289 ; Loss: 31.383 ; Acc: 28.549
2018-09-19 14:04:37,171:INFO: [TRAIN] Step: 290 ; Loss: 31.519 ; Acc: 28.608
2018-09-19 14:04:37,261:INFO: [TRAIN] Step: 291 ; Loss: 31.169 ; Acc: 28.596
2018-09-19 14:04:37,339:INFO: [TRAIN] Step: 292 ; Loss: 28.224 ; Acc: 28.641
2018-09-19 14:04:37,421:INFO: [TRAIN] Step: 293 ; Loss: 31.127 ; Acc: 28.685
2018-09-19 14:04:37,497:INFO: [TRAIN] Step: 294 ; Loss: 32.020 ; Acc: 28.686
2018-09-19 14:04:37,582:INFO: [TRAIN] Step: 295 ; Loss: 30.517 ; Acc: 28.688
2018-09-19 14:04:37,657:INFO: [TRAIN] Step: 296 ; Loss: 24.502 ; Acc: 28.746
2018-09-19 14:04:37,738:INFO: [TRAIN] Step: 297 ; Loss: 28.545 ; Acc: 28.817
2018-09-19 14:04:37,813:INFO: [TRAIN] Step: 298 ; Loss: 31.127 ; Acc: 28.818
2018-09-19 14:04:37,892:INFO: [TRAIN] Step: 299 ; Loss: 31.999 ; Acc: 28.806
2018-09-19 14:04:37,968:INFO: [TRAIN] Step: 300 ; Loss: 31.671 ; Acc: 28.834
2018-09-19 14:04:38,049:INFO: [TRAIN] Step: 301 ; Loss: 32.408 ; Acc: 28.808
2018-09-19 14:04:38,123:INFO: [TRAIN] Step: 302 ; Loss: 30.071 ; Acc: 28.850
2018-09-19 14:04:38,203:INFO: [TRAIN] Step: 303 ; Loss: 29.605 ; Acc: 28.893
2018-09-19 14:04:38,276:INFO: [TRAIN] Step: 304 ; Loss: 34.652 ; Acc: 28.921
2018-09-19 14:04:38,358:INFO: [TRAIN] Step: 305 ; Loss: 35.436 ; Acc: 28.935
2018-09-19 14:04:38,433:INFO: [TRAIN] Step: 306 ; Loss: 33.941 ; Acc: 28.950
2018-09-19 14:04:38,515:INFO: [TRAIN] Step: 307 ; Loss: 32.129 ; Acc: 28.964
2018-09-19 14:04:38,590:INFO: [TRAIN] Step: 308 ; Loss: 28.856 ; Acc: 28.964
2018-09-19 14:04:38,670:INFO: [TRAIN] Step: 309 ; Loss: 36.204 ; Acc: 28.978
2018-09-19 14:04:38,746:INFO: [TRAIN] Step: 310 ; Loss: 31.524 ; Acc: 29.046
2018-09-19 14:04:38,828:INFO: [TRAIN] Step: 311 ; Loss: 26.540 ; Acc: 29.060
2018-09-19 14:04:38,902:INFO: [TRAIN] Step: 312 ; Loss: 32.146 ; Acc: 29.113
2018-09-19 14:04:38,987:INFO: [TRAIN] Step: 313 ; Loss: 34.132 ; Acc: 29.127
2018-09-19 14:04:39,063:INFO: [TRAIN] Step: 314 ; Loss: 32.895 ; Acc: 29.140
2018-09-19 14:04:39,150:INFO: [TRAIN] Step: 315 ; Loss: 29.285 ; Acc: 29.153
2018-09-19 14:04:39,225:INFO: [TRAIN] Step: 316 ; Loss: 29.299 ; Acc: 29.193
2018-09-19 14:04:39,308:INFO: [TRAIN] Step: 317 ; Loss: 28.927 ; Acc: 29.232
2018-09-19 14:04:39,383:INFO: [TRAIN] Step: 318 ; Loss: 28.005 ; Acc: 29.310
2018-09-19 14:04:39,465:INFO: [TRAIN] Step: 319 ; Loss: 28.250 ; Acc: 29.401
2018-09-19 14:04:39,540:INFO: [TRAIN] Step: 320 ; Loss: 25.973 ; Acc: 29.478
2018-09-19 14:04:39,622:INFO: [TRAIN] Step: 321 ; Loss: 31.150 ; Acc: 29.503
2018-09-19 14:04:39,698:INFO: [TRAIN] Step: 322 ; Loss: 26.835 ; Acc: 29.515
2018-09-19 14:04:39,781:INFO: [TRAIN] Step: 323 ; Loss: 32.620 ; Acc: 29.514
2018-09-19 14:04:39,871:INFO: [TRAIN] Step: 324 ; Loss: 34.109 ; Acc: 29.526
2018-09-19 14:04:39,954:INFO: [TRAIN] Step: 325 ; Loss: 31.918 ; Acc: 29.588
2018-09-19 14:04:40,029:INFO: [TRAIN] Step: 326 ; Loss: 31.638 ; Acc: 29.613
2018-09-19 14:04:40,113:INFO: [TRAIN] Step: 327 ; Loss: 27.287 ; Acc: 29.688
2018-09-19 14:04:40,188:INFO: [TRAIN] Step: 328 ; Loss: 32.950 ; Acc: 29.686
2018-09-19 14:04:40,270:INFO: [TRAIN] Step: 329 ; Loss: 29.980 ; Acc: 29.722
2018-09-19 14:04:40,344:INFO: [TRAIN] Step: 330 ; Loss: 31.405 ; Acc: 29.695
2018-09-19 14:04:40,429:INFO: [TRAIN] Step: 331 ; Loss: 29.084 ; Acc: 29.731
2018-09-19 14:04:40,506:INFO: [TRAIN] Step: 332 ; Loss: 30.131 ; Acc: 29.767
2018-09-19 14:04:40,591:INFO: [TRAIN] Step: 333 ; Loss: 31.556 ; Acc: 29.753
2018-09-19 14:04:40,665:INFO: [TRAIN] Step: 334 ; Loss: 30.290 ; Acc: 29.776
2018-09-19 14:04:40,752:INFO: [TRAIN] Step: 335 ; Loss: 33.087 ; Acc: 29.787
2018-09-19 14:04:40,827:INFO: [TRAIN] Step: 336 ; Loss: 30.010 ; Acc: 29.773
2018-09-19 14:04:40,913:INFO: [TRAIN] Step: 337 ; Loss: 30.205 ; Acc: 29.795
2018-09-19 14:04:40,987:INFO: [TRAIN] Step: 338 ; Loss: 30.638 ; Acc: 29.781
2018-09-19 14:04:41,069:INFO: [TRAIN] Step: 339 ; Loss: 28.610 ; Acc: 29.816
2018-09-19 14:04:41,144:INFO: [TRAIN] Step: 340 ; Loss: 33.420 ; Acc: 29.814
2018-09-19 14:04:41,226:INFO: [TRAIN] Step: 341 ; Loss: 29.153 ; Acc: 29.849
2018-09-19 14:04:41,300:INFO: [TRAIN] Step: 342 ; Loss: 26.459 ; Acc: 29.883
2018-09-19 14:04:41,380:INFO: [TRAIN] Step: 343 ; Loss: 30.995 ; Acc: 29.833
2018-09-19 14:04:41,457:INFO: [TRAIN] Step: 344 ; Loss: 29.371 ; Acc: 29.867
2018-09-19 14:04:41,539:INFO: [TRAIN] Step: 345 ; Loss: 30.790 ; Acc: 29.877
2018-09-19 14:04:41,613:INFO: [TRAIN] Step: 346 ; Loss: 28.725 ; Acc: 29.911
2018-09-19 14:04:41,696:INFO: [TRAIN] Step: 347 ; Loss: 35.039 ; Acc: 29.885
2018-09-19 14:04:41,772:INFO: [TRAIN] Step: 348 ; Loss: 32.021 ; Acc: 29.859
2018-09-19 14:04:41,855:INFO: [TRAIN] Step: 349 ; Loss: 30.185 ; Acc: 29.869
2018-09-19 14:04:41,930:INFO: [TRAIN] Step: 350 ; Loss: 28.674 ; Acc: 29.891
2018-09-19 14:04:42,010:INFO: [TRAIN] Step: 351 ; Loss: 29.515 ; Acc: 29.877
2018-09-19 14:04:42,086:INFO: [TRAIN] Step: 352 ; Loss: 29.980 ; Acc: 29.898
2018-09-19 14:04:42,167:INFO: [TRAIN] Step: 353 ; Loss: 25.346 ; Acc: 29.967
2018-09-19 14:04:42,242:INFO: [TRAIN] Step: 354 ; Loss: 27.823 ; Acc: 29.988
2018-09-19 14:04:42,322:INFO: [TRAIN] Step: 355 ; Loss: 29.554 ; Acc: 30.021
2018-09-19 14:04:42,400:INFO: [TRAIN] Step: 356 ; Loss: 28.724 ; Acc: 30.054
2018-09-19 14:04:42,483:INFO: [TRAIN] Step: 357 ; Loss: 27.754 ; Acc: 30.074
2018-09-19 14:04:42,557:INFO: [TRAIN] Step: 358 ; Loss: 32.542 ; Acc: 30.084
2018-09-19 14:04:42,641:INFO: [TRAIN] Step: 359 ; Loss: 28.099 ; Acc: 30.127
2018-09-19 14:04:42,718:INFO: [TRAIN] Step: 360 ; Loss: 31.141 ; Acc: 30.102
2018-09-19 14:04:42,799:INFO: [TRAIN] Step: 361 ; Loss: 29.296 ; Acc: 30.087
2018-09-19 14:04:42,873:INFO: [TRAIN] Step: 362 ; Loss: 29.887 ; Acc: 30.096
2018-09-19 14:04:42,958:INFO: [TRAIN] Step: 363 ; Loss: 33.172 ; Acc: 30.082
2018-09-19 14:04:43,035:INFO: [TRAIN] Step: 364 ; Loss: 26.480 ; Acc: 30.137
2018-09-19 14:04:43,117:INFO: [TRAIN] Step: 365 ; Loss: 31.171 ; Acc: 30.146
2018-09-19 14:04:43,192:INFO: [TRAIN] Step: 366 ; Loss: 32.155 ; Acc: 30.154
2018-09-19 14:04:43,273:INFO: [TRAIN] Step: 367 ; Loss: 29.205 ; Acc: 30.174
2018-09-19 14:04:43,348:INFO: [TRAIN] Step: 368 ; Loss: 26.990 ; Acc: 30.239
2018-09-19 14:04:43,430:INFO: [TRAIN] Step: 369 ; Loss: 34.544 ; Acc: 30.225
2018-09-19 14:04:43,507:INFO: [TRAIN] Step: 370 ; Loss: 32.051 ; Acc: 30.245
2018-09-19 14:04:43,589:INFO: [TRAIN] Step: 371 ; Loss: 29.854 ; Acc: 30.287
2018-09-19 14:04:43,663:INFO: [TRAIN] Step: 372 ; Loss: 36.740 ; Acc: 30.273
2018-09-19 14:04:43,745:INFO: [TRAIN] Step: 373 ; Loss: 30.875 ; Acc: 30.292
2018-09-19 14:04:43,821:INFO: [TRAIN] Step: 374 ; Loss: 32.026 ; Acc: 30.278
2018-09-19 14:04:43,902:INFO: [TRAIN] Step: 375 ; Loss: 31.736 ; Acc: 30.308
2018-09-19 14:04:43,979:INFO: [TRAIN] Step: 376 ; Loss: 28.907 ; Acc: 30.349
2018-09-19 14:04:44,061:INFO: [TRAIN] Step: 377 ; Loss: 30.299 ; Acc: 30.379
2018-09-19 14:04:44,136:INFO: [TRAIN] Step: 378 ; Loss: 31.519 ; Acc: 30.376
2018-09-19 14:04:44,218:INFO: [TRAIN] Step: 379 ; Loss: 31.972 ; Acc: 30.329
2018-09-19 14:04:44,292:INFO: [TRAIN] Step: 380 ; Loss: 31.490 ; Acc: 30.348
2018-09-19 14:04:44,372:INFO: [TRAIN] Step: 381 ; Loss: 30.654 ; Acc: 30.377
2018-09-19 14:04:44,445:INFO: [TRAIN] Step: 382 ; Loss: 31.876 ; Acc: 30.374
2018-09-19 14:04:44,528:INFO: [TRAIN] Step: 383 ; Loss: 30.667 ; Acc: 30.404
2018-09-19 14:04:44,605:INFO: [TRAIN] Step: 384 ; Loss: 27.724 ; Acc: 30.455
2018-09-19 14:04:44,686:INFO: [TRAIN] Step: 385 ; Loss: 29.708 ; Acc: 30.440
2018-09-19 14:04:44,762:INFO: [TRAIN] Step: 386 ; Loss: 30.965 ; Acc: 30.480
2018-09-19 14:04:44,845:INFO: [TRAIN] Step: 387 ; Loss: 32.507 ; Acc: 30.466
2018-09-19 14:04:44,918:INFO: [TRAIN] Step: 388 ; Loss: 29.826 ; Acc: 30.495
2018-09-19 14:04:45,000:INFO: [TRAIN] Step: 389 ; Loss: 25.979 ; Acc: 30.545
2018-09-19 14:04:45,076:INFO: [TRAIN] Step: 390 ; Loss: 33.221 ; Acc: 30.584
2018-09-19 14:04:45,160:INFO: [TRAIN] Step: 391 ; Loss: 32.201 ; Acc: 30.559
2018-09-19 14:04:45,236:INFO: [TRAIN] Step: 392 ; Loss: 31.826 ; Acc: 30.556
2018-09-19 14:04:45,316:INFO: [TRAIN] Step: 393 ; Loss: 29.837 ; Acc: 30.563
2018-09-19 14:04:45,391:INFO: [TRAIN] Step: 394 ; Loss: 29.315 ; Acc: 30.559
2018-09-19 14:04:45,471:INFO: [TRAIN] Step: 395 ; Loss: 34.003 ; Acc: 30.556
2018-09-19 14:04:45,547:INFO: [TRAIN] Step: 396 ; Loss: 30.006 ; Acc: 30.531
2018-09-19 14:04:45,629:INFO: [TRAIN] Step: 397 ; Loss: 27.314 ; Acc: 30.611
2018-09-19 14:04:45,705:INFO: [TRAIN] Step: 398 ; Loss: 30.821 ; Acc: 30.650
2018-09-19 14:04:45,791:INFO: [TRAIN] Step: 399 ; Loss: 28.926 ; Acc: 30.698
2018-09-19 14:04:45,869:INFO: [TRAIN] Step: 400 ; Loss: 25.845 ; Acc: 30.715
2018-09-19 14:04:45,950:INFO: [TRAIN] Step: 401 ; Loss: 28.273 ; Acc: 30.701
2018-09-19 14:04:46,024:INFO: [TRAIN] Step: 402 ; Loss: 27.344 ; Acc: 30.759
2018-09-19 14:04:46,106:INFO: [TRAIN] Step: 403 ; Loss: 30.404 ; Acc: 30.786
2018-09-19 14:04:46,181:INFO: [TRAIN] Step: 404 ; Loss: 29.283 ; Acc: 30.802
2018-09-19 14:04:46,264:INFO: [TRAIN] Step: 405 ; Loss: 29.065 ; Acc: 30.829
2018-09-19 14:04:46,339:INFO: [TRAIN] Step: 406 ; Loss: 24.816 ; Acc: 30.846
2018-09-19 14:04:46,418:INFO: [TRAIN] Step: 407 ; Loss: 30.371 ; Acc: 30.862
2018-09-19 14:04:46,493:INFO: [TRAIN] Step: 408 ; Loss: 32.054 ; Acc: 30.848
2018-09-19 14:04:46,572:INFO: [TRAIN] Step: 409 ; Loss: 28.532 ; Acc: 30.874
2018-09-19 14:04:46,646:INFO: [TRAIN] Step: 410 ; Loss: 30.546 ; Acc: 30.910
2018-09-19 14:04:46,727:INFO: [TRAIN] Step: 411 ; Loss: 34.448 ; Acc: 30.886
2018-09-19 14:04:46,802:INFO: [TRAIN] Step: 412 ; Loss: 26.174 ; Acc: 30.952
2018-09-19 14:04:46,883:INFO: [TRAIN] Step: 413 ; Loss: 30.138 ; Acc: 30.948
2018-09-19 14:04:46,959:INFO: [TRAIN] Step: 414 ; Loss: 29.967 ; Acc: 30.934
2018-09-19 14:04:47,039:INFO: [TRAIN] Step: 415 ; Loss: 28.799 ; Acc: 30.950
2018-09-19 14:04:47,112:INFO: [TRAIN] Step: 416 ; Loss: 29.463 ; Acc: 30.955
2018-09-19 14:04:47,195:INFO: [TRAIN] Step: 417 ; Loss: 31.884 ; Acc: 30.951
2018-09-19 14:04:47,271:INFO: [TRAIN] Step: 418 ; Loss: 31.776 ; Acc: 30.957
2018-09-19 14:04:47,351:INFO: [TRAIN] Step: 419 ; Loss: 29.375 ; Acc: 30.972
2018-09-19 14:04:47,427:INFO: [TRAIN] Step: 420 ; Loss: 30.895 ; Acc: 30.958
2018-09-19 14:04:47,509:INFO: [TRAIN] Step: 421 ; Loss: 28.184 ; Acc: 30.993
2018-09-19 14:04:47,586:INFO: [TRAIN] Step: 422 ; Loss: 31.005 ; Acc: 31.009
2018-09-19 14:04:47,679:INFO: [TRAIN] Step: 423 ; Loss: 35.824 ; Acc: 31.014
2018-09-19 14:04:47,754:INFO: [TRAIN] Step: 424 ; Loss: 27.581 ; Acc: 31.049
2018-09-19 14:04:47,834:INFO: [TRAIN] Step: 425 ; Loss: 33.198 ; Acc: 31.035
2018-09-19 14:04:47,908:INFO: [TRAIN] Step: 426 ; Loss: 30.416 ; Acc: 31.060
2018-09-19 14:04:47,991:INFO: [TRAIN] Step: 427 ; Loss: 29.968 ; Acc: 31.085
2018-09-19 14:04:48,065:INFO: [TRAIN] Step: 428 ; Loss: 27.700 ; Acc: 31.119
2018-09-19 14:04:48,145:INFO: [TRAIN] Step: 429 ; Loss: 31.539 ; Acc: 31.114
2018-09-19 14:04:48,219:INFO: [TRAIN] Step: 430 ; Loss: 27.446 ; Acc: 31.139
2018-09-19 14:04:48,304:INFO: [TRAIN] Step: 431 ; Loss: 32.674 ; Acc: 31.115
2018-09-19 14:04:48,378:INFO: [TRAIN] Step: 432 ; Loss: 32.979 ; Acc: 31.101
2018-09-19 14:04:48,458:INFO: [TRAIN] Step: 433 ; Loss: 26.830 ; Acc: 31.116
2018-09-19 14:04:48,533:INFO: [TRAIN] Step: 434 ; Loss: 29.014 ; Acc: 31.140
2018-09-19 14:04:48,614:INFO: [TRAIN] Step: 435 ; Loss: 29.990 ; Acc: 31.154
2018-09-19 14:04:48,689:INFO: [TRAIN] Step: 436 ; Loss: 29.645 ; Acc: 31.178
2018-09-19 14:04:48,769:INFO: [TRAIN] Step: 437 ; Loss: 27.986 ; Acc: 31.183
2018-09-19 14:04:48,844:INFO: [TRAIN] Step: 438 ; Loss: 31.100 ; Acc: 31.198
2018-09-19 14:04:48,927:INFO: [TRAIN] Step: 439 ; Loss: 28.708 ; Acc: 31.203
2018-09-19 14:04:49,000:INFO: [TRAIN] Step: 440 ; Loss: 29.585 ; Acc: 31.236
2018-09-19 14:04:49,081:INFO: [TRAIN] Step: 441 ; Loss: 29.325 ; Acc: 31.212
2018-09-19 14:04:49,155:INFO: [TRAIN] Step: 442 ; Loss: 35.947 ; Acc: 31.208
2018-09-19 14:04:49,236:INFO: [TRAIN] Step: 443 ; Loss: 29.203 ; Acc: 31.231
2018-09-19 14:04:49,311:INFO: [TRAIN] Step: 444 ; Loss: 26.688 ; Acc: 31.255
2018-09-19 14:04:49,391:INFO: [TRAIN] Step: 445 ; Loss: 30.521 ; Acc: 31.278
2018-09-19 14:04:49,467:INFO: [TRAIN] Step: 446 ; Loss: 33.283 ; Acc: 31.301
2018-09-19 14:04:49,547:INFO: [TRAIN] Step: 447 ; Loss: 36.023 ; Acc: 31.287
2018-09-19 14:04:49,624:INFO: [TRAIN] Step: 448 ; Loss: 30.946 ; Acc: 31.301
2018-09-19 14:04:49,707:INFO: [TRAIN] Step: 449 ; Loss: 27.453 ; Acc: 31.296
2018-09-19 14:04:49,784:INFO: [TRAIN] Step: 450 ; Loss: 29.900 ; Acc: 31.319
2018-09-19 14:04:49,868:INFO: [TRAIN] Step: 451 ; Loss: 35.930 ; Acc: 31.324
2018-09-19 14:04:49,941:INFO: [TRAIN] Step: 452 ; Loss: 28.888 ; Acc: 31.347
2018-09-19 14:04:50,022:INFO: [TRAIN] Step: 453 ; Loss: 28.200 ; Acc: 31.397
2018-09-19 14:04:50,096:INFO: [TRAIN] Step: 454 ; Loss: 30.966 ; Acc: 31.383
2018-09-19 14:04:50,177:INFO: [TRAIN] Step: 455 ; Loss: 28.233 ; Acc: 31.378
2018-09-19 14:04:50,251:INFO: [TRAIN] Step: 456 ; Loss: 26.670 ; Acc: 31.419
2018-09-19 14:04:50,330:INFO: [TRAIN] Step: 457 ; Loss: 27.951 ; Acc: 31.468
2018-09-19 14:04:50,404:INFO: [TRAIN] Step: 458 ; Loss: 28.265 ; Acc: 31.463
2018-09-19 14:04:50,486:INFO: [TRAIN] Step: 459 ; Loss: 29.425 ; Acc: 31.486
2018-09-19 14:04:50,561:INFO: [TRAIN] Step: 460 ; Loss: 32.642 ; Acc: 31.471
2018-09-19 14:04:50,643:INFO: [TRAIN] Step: 461 ; Loss: 30.481 ; Acc: 31.503
2018-09-19 14:04:50,716:INFO: [TRAIN] Step: 462 ; Loss: 24.917 ; Acc: 31.542
2018-09-19 14:04:50,796:INFO: [TRAIN] Step: 463 ; Loss: 30.525 ; Acc: 31.564
2018-09-19 14:04:50,870:INFO: [TRAIN] Step: 464 ; Loss: 25.167 ; Acc: 31.595
2018-09-19 14:04:50,951:INFO: [TRAIN] Step: 465 ; Loss: 26.778 ; Acc: 31.617
2018-09-19 14:04:51,027:INFO: [TRAIN] Step: 466 ; Loss: 32.720 ; Acc: 31.602
2018-09-19 14:04:51,108:INFO: [TRAIN] Step: 467 ; Loss: 27.082 ; Acc: 31.651
2018-09-19 14:04:51,180:INFO: [TRAIN] Step: 468 ; Loss: 30.546 ; Acc: 31.645
2018-09-19 14:04:51,262:INFO: [TRAIN] Step: 469 ; Loss: 27.297 ; Acc: 31.667
2018-09-19 14:04:51,336:INFO: [TRAIN] Step: 470 ; Loss: 34.343 ; Acc: 31.670
2018-09-19 14:04:51,420:INFO: [TRAIN] Step: 471 ; Loss: 30.624 ; Acc: 31.683
2018-09-19 14:04:51,496:INFO: [TRAIN] Step: 472 ; Loss: 29.538 ; Acc: 31.686
2018-09-19 14:04:51,578:INFO: [TRAIN] Step: 473 ; Loss: 28.700 ; Acc: 31.716
2018-09-19 14:04:51,653:INFO: [TRAIN] Step: 474 ; Loss: 32.739 ; Acc: 31.702
2018-09-19 14:04:51,735:INFO: [TRAIN] Step: 475 ; Loss: 29.399 ; Acc: 31.723
2018-09-19 14:04:51,812:INFO: [TRAIN] Step: 476 ; Loss: 29.030 ; Acc: 31.726
2018-09-19 14:04:51,892:INFO: [TRAIN] Step: 477 ; Loss: 30.597 ; Acc: 31.721
2018-09-19 14:04:51,969:INFO: [TRAIN] Step: 478 ; Loss: 28.847 ; Acc: 31.750
2018-09-19 14:04:52,051:INFO: [TRAIN] Step: 479 ; Loss: 28.945 ; Acc: 31.771
2018-09-19 14:04:52,126:INFO: [TRAIN] Step: 480 ; Loss: 29.471 ; Acc: 31.783
2018-09-19 14:04:52,206:INFO: [TRAIN] Step: 481 ; Loss: 34.255 ; Acc: 31.769
2018-09-19 14:04:52,282:INFO: [TRAIN] Step: 482 ; Loss: 30.964 ; Acc: 31.781
2018-09-19 14:04:52,365:INFO: [TRAIN] Step: 483 ; Loss: 25.524 ; Acc: 31.844
2018-09-19 14:04:52,439:INFO: [TRAIN] Step: 484 ; Loss: 29.583 ; Acc: 31.873
2018-09-19 14:04:52,519:INFO: [TRAIN] Step: 485 ; Loss: 30.454 ; Acc: 31.867
2018-09-19 14:04:52,597:INFO: [TRAIN] Step: 486 ; Loss: 33.281 ; Acc: 31.862
2018-09-19 14:04:52,682:INFO: [TRAIN] Step: 487 ; Loss: 27.840 ; Acc: 31.882
2018-09-19 14:04:52,756:INFO: [TRAIN] Step: 488 ; Loss: 29.727 ; Acc: 31.910
2018-09-19 14:04:52,838:INFO: [TRAIN] Step: 489 ; Loss: 28.529 ; Acc: 31.939
2018-09-19 14:04:52,912:INFO: [TRAIN] Step: 490 ; Loss: 28.119 ; Acc: 31.967
2018-09-19 14:04:52,992:INFO: [TRAIN] Step: 491 ; Loss: 34.271 ; Acc: 31.961
2018-09-19 14:04:53,066:INFO: [TRAIN] Step: 492 ; Loss: 28.898 ; Acc: 31.990
2018-09-19 14:04:53,148:INFO: [TRAIN] Step: 493 ; Loss: 35.363 ; Acc: 31.967
2018-09-19 14:04:53,222:INFO: [TRAIN] Step: 494 ; Loss: 27.402 ; Acc: 31.978
2018-09-19 14:04:53,305:INFO: [TRAIN] Step: 495 ; Loss: 29.042 ; Acc: 31.998
2018-09-19 14:04:53,382:INFO: [TRAIN] Step: 496 ; Loss: 30.545 ; Acc: 32.000
2018-09-19 14:04:53,466:INFO: [TRAIN] Step: 497 ; Loss: 27.094 ; Acc: 32.011
2018-09-19 14:04:53,542:INFO: [TRAIN] Step: 498 ; Loss: 29.857 ; Acc: 32.006
2018-09-19 14:04:53,626:INFO: [TRAIN] Step: 499 ; Loss: 31.192 ; Acc: 32.008
2018-09-19 14:04:53,701:INFO: [TRAIN] Step: 500 ; Loss: 26.821 ; Acc: 32.036
2018-09-19 14:04:53,786:INFO: [TRAIN] Step: 501 ; Loss: 33.154 ; Acc: 32.005
2018-09-19 14:04:53,860:INFO: [TRAIN] Step: 502 ; Loss: 29.283 ; Acc: 32.033
2018-09-19 14:04:53,944:INFO: [TRAIN] Step: 503 ; Loss: 30.720 ; Acc: 32.044
2018-09-19 14:04:54,024:INFO: [TRAIN] Step: 504 ; Loss: 27.189 ; Acc: 32.071
2018-09-19 14:04:54,105:INFO: [TRAIN] Step: 505 ; Loss: 28.662 ; Acc: 32.098
2018-09-19 14:04:54,184:INFO: [TRAIN] Step: 506 ; Loss: 24.717 ; Acc: 32.117
2018-09-19 14:04:54,265:INFO: [TRAIN] Step: 507 ; Loss: 30.265 ; Acc: 32.144
2018-09-19 14:04:54,339:INFO: [TRAIN] Step: 508 ; Loss: 33.619 ; Acc: 32.146
2018-09-19 14:04:54,421:INFO: [TRAIN] Step: 509 ; Loss: 26.224 ; Acc: 32.222
2018-09-19 14:04:54,498:INFO: [TRAIN] Step: 510 ; Loss: 28.605 ; Acc: 32.233
2018-09-19 14:04:54,579:INFO: [TRAIN] Step: 511 ; Loss: 31.654 ; Acc: 32.251
2018-09-19 14:04:54,655:INFO: [TRAIN] Step: 512 ; Loss: 24.880 ; Acc: 32.277
2018-09-19 14:04:54,735:INFO: [TRAIN] Step: 513 ; Loss: 30.226 ; Acc: 32.288
2018-09-19 14:04:54,810:INFO: [TRAIN] Step: 514 ; Loss: 28.998 ; Acc: 32.265
2018-09-19 14:04:54,892:INFO: [TRAIN] Step: 515 ; Loss: 25.482 ; Acc: 32.276
2018-09-19 14:04:54,967:INFO: [TRAIN] Step: 516 ; Loss: 29.760 ; Acc: 32.278
2018-09-19 14:04:55,047:INFO: [TRAIN] Step: 517 ; Loss: 29.169 ; Acc: 32.288
2018-09-19 14:04:55,123:INFO: [TRAIN] Step: 518 ; Loss: 32.486 ; Acc: 32.250
2018-09-19 14:04:55,205:INFO: [TRAIN] Step: 519 ; Loss: 33.126 ; Acc: 32.252
2018-09-19 14:04:55,281:INFO: [TRAIN] Step: 520 ; Loss: 29.124 ; Acc: 32.262
2018-09-19 14:04:55,362:INFO: [TRAIN] Step: 521 ; Loss: 32.300 ; Acc: 32.248
2018-09-19 14:04:55,438:INFO: [TRAIN] Step: 522 ; Loss: 28.901 ; Acc: 32.242
2018-09-19 14:04:55,520:INFO: [TRAIN] Step: 523 ; Loss: 30.785 ; Acc: 32.252
2018-09-19 14:04:55,592:INFO: [TRAIN] Step: 524 ; Loss: 28.743 ; Acc: 32.246
2018-09-19 14:04:55,675:INFO: [TRAIN] Step: 525 ; Loss: 27.237 ; Acc: 32.280
2018-09-19 14:04:55,753:INFO: [TRAIN] Step: 526 ; Loss: 30.037 ; Acc: 32.258
2018-09-19 14:04:55,834:INFO: [TRAIN] Step: 527 ; Loss: 29.351 ; Acc: 32.276
2018-09-19 14:04:55,909:INFO: [TRAIN] Step: 528 ; Loss: 30.212 ; Acc: 32.294
2018-09-19 14:04:55,994:INFO: [TRAIN] Step: 529 ; Loss: 26.155 ; Acc: 32.288
2018-09-19 14:04:56,069:INFO: [TRAIN] Step: 530 ; Loss: 28.564 ; Acc: 32.305
2018-09-19 14:04:56,151:INFO: [TRAIN] Step: 531 ; Loss: 27.524 ; Acc: 32.292
2018-09-19 14:04:56,225:INFO: [TRAIN] Step: 532 ; Loss: 31.811 ; Acc: 32.270
2018-09-19 14:04:56,306:INFO: [TRAIN] Step: 533 ; Loss: 29.832 ; Acc: 32.272
2018-09-19 14:04:56,383:INFO: [TRAIN] Step: 534 ; Loss: 27.522 ; Acc: 32.305
2018-09-19 14:04:56,463:INFO: [TRAIN] Step: 535 ; Loss: 24.484 ; Acc: 32.331
2018-09-19 14:04:56,540:INFO: [TRAIN] Step: 536 ; Loss: 24.525 ; Acc: 32.356
2018-09-19 14:04:56,624:INFO: [TRAIN] Step: 537 ; Loss: 28.240 ; Acc: 32.388
2018-09-19 14:04:56,699:INFO: [TRAIN] Step: 538 ; Loss: 29.054 ; Acc: 32.413
2018-09-19 14:04:56,779:INFO: [TRAIN] Step: 539 ; Loss: 32.262 ; Acc: 32.407
2018-09-19 14:04:56,855:INFO: [TRAIN] Step: 540 ; Loss: 29.034 ; Acc: 32.417
2018-09-19 14:04:56,938:INFO: [TRAIN] Step: 541 ; Loss: 28.316 ; Acc: 32.434
2018-09-19 14:04:57,014:INFO: [TRAIN] Step: 542 ; Loss: 26.168 ; Acc: 32.459
2018-09-19 14:04:57,111:INFO: [TRAIN] Step: 543 ; Loss: 29.657 ; Acc: 32.483
2018-09-19 14:04:57,190:INFO: [TRAIN] Step: 544 ; Loss: 31.116 ; Acc: 32.492
2018-09-19 14:04:57,271:INFO: [TRAIN] Step: 545 ; Loss: 27.381 ; Acc: 32.509
2018-09-19 14:04:57,343:INFO: [TRAIN] Step: 546 ; Loss: 29.943 ; Acc: 32.511
2018-09-19 14:04:57,424:INFO: [TRAIN] Step: 547 ; Loss: 30.343 ; Acc: 32.497
2018-09-19 14:04:57,498:INFO: [TRAIN] Step: 548 ; Loss: 27.940 ; Acc: 32.498
2018-09-19 14:04:57,579:INFO: [TRAIN] Step: 549 ; Loss: 27.677 ; Acc: 32.485
2018-09-19 14:04:57,652:INFO: [TRAIN] Step: 550 ; Loss: 28.750 ; Acc: 32.509
2018-09-19 14:04:57,736:INFO: [TRAIN] Step: 551 ; Loss: 23.392 ; Acc: 32.541
2018-09-19 14:04:57,812:INFO: [TRAIN] Step: 552 ; Loss: 27.119 ; Acc: 32.557
2018-09-19 14:04:57,893:INFO: [TRAIN] Step: 553 ; Loss: 24.861 ; Acc: 32.596
2018-09-19 14:04:57,967:INFO: [TRAIN] Step: 554 ; Loss: 31.114 ; Acc: 32.583
2018-09-19 14:04:58,053:INFO: [TRAIN] Step: 555 ; Loss: 30.976 ; Acc: 32.606
2018-09-19 14:04:58,139:INFO: [TRAIN] Step: 556 ; Loss: 27.442 ; Acc: 32.600
2018-09-19 14:04:58,221:INFO: [TRAIN] Step: 557 ; Loss: 28.702 ; Acc: 32.609
2018-09-19 14:04:58,297:INFO: [TRAIN] Step: 558 ; Loss: 29.580 ; Acc: 32.640
2018-09-19 14:04:58,376:INFO: [TRAIN] Step: 559 ; Loss: 29.419 ; Acc: 32.641
2018-09-19 14:04:58,452:INFO: [TRAIN] Step: 560 ; Loss: 28.403 ; Acc: 32.657
2018-09-19 14:04:58,533:INFO: [TRAIN] Step: 561 ; Loss: 33.982 ; Acc: 32.659
2018-09-19 14:04:58,606:INFO: [TRAIN] Step: 562 ; Loss: 22.871 ; Acc: 32.689
2018-09-19 14:04:58,687:INFO: [TRAIN] Step: 563 ; Loss: 29.850 ; Acc: 32.668
2018-09-19 14:04:58,762:INFO: [TRAIN] Step: 564 ; Loss: 31.109 ; Acc: 32.699
2018-09-19 14:04:58,842:INFO: [TRAIN] Step: 565 ; Loss: 27.657 ; Acc: 32.693
2018-09-19 14:04:58,917:INFO: [TRAIN] Step: 566 ; Loss: 30.081 ; Acc: 32.694
2018-09-19 14:04:58,998:INFO: [TRAIN] Step: 567 ; Loss: 29.004 ; Acc: 32.717
2018-09-19 14:04:59,071:INFO: [TRAIN] Step: 568 ; Loss: 33.721 ; Acc: 32.696
2018-09-19 14:04:59,152:INFO: [TRAIN] Step: 569 ; Loss: 33.306 ; Acc: 32.719
2018-09-19 14:04:59,228:INFO: [TRAIN] Step: 570 ; Loss: 29.769 ; Acc: 32.750
2018-09-19 14:04:59,308:INFO: [TRAIN] Step: 571 ; Loss: 28.332 ; Acc: 32.772
2018-09-19 14:04:59,382:INFO: [TRAIN] Step: 572 ; Loss: 27.396 ; Acc: 32.773
2018-09-19 14:04:59,465:INFO: [TRAIN] Step: 573 ; Loss: 28.848 ; Acc: 32.782
2018-09-19 14:04:59,542:INFO: [TRAIN] Step: 574 ; Loss: 34.462 ; Acc: 32.783
2018-09-19 14:04:59,623:INFO: [TRAIN] Step: 575 ; Loss: 25.881 ; Acc: 32.798
2018-09-19 14:04:59,698:INFO: [TRAIN] Step: 576 ; Loss: 32.157 ; Acc: 32.799
2018-09-19 14:04:59,781:INFO: [TRAIN] Step: 577 ; Loss: 33.422 ; Acc: 32.785
2018-09-19 14:04:59,859:INFO: [TRAIN] Step: 578 ; Loss: 25.687 ; Acc: 32.794
2018-09-19 14:04:59,939:INFO: [TRAIN] Step: 579 ; Loss: 30.698 ; Acc: 32.830
2018-09-19 14:05:00,016:INFO: [TRAIN] Step: 580 ; Loss: 30.024 ; Acc: 32.831
2018-09-19 14:05:00,097:INFO: [TRAIN] Step: 581 ; Loss: 30.117 ; Acc: 32.825
2018-09-19 14:05:00,174:INFO: [TRAIN] Step: 582 ; Loss: 33.666 ; Acc: 32.812
2018-09-19 14:05:00,254:INFO: [TRAIN] Step: 583 ; Loss: 32.816 ; Acc: 32.812
2018-09-19 14:05:00,328:INFO: [TRAIN] Step: 584 ; Loss: 29.903 ; Acc: 32.792
2018-09-19 14:05:00,412:INFO: [TRAIN] Step: 585 ; Loss: 27.595 ; Acc: 32.800
2018-09-19 14:05:00,488:INFO: [TRAIN] Step: 586 ; Loss: 28.990 ; Acc: 32.794
2018-09-19 14:05:00,568:INFO: [TRAIN] Step: 587 ; Loss: 26.950 ; Acc: 32.816
2018-09-19 14:05:00,644:INFO: [TRAIN] Step: 588 ; Loss: 29.912 ; Acc: 32.817
2018-09-19 14:05:00,726:INFO: [TRAIN] Step: 589 ; Loss: 31.227 ; Acc: 32.797
2018-09-19 14:05:00,802:INFO: [TRAIN] Step: 590 ; Loss: 28.794 ; Acc: 32.812
2018-09-19 14:05:00,887:INFO: [TRAIN] Step: 591 ; Loss: 26.718 ; Acc: 32.848
2018-09-19 14:05:00,959:INFO: [TRAIN] Step: 592 ; Loss: 28.755 ; Acc: 32.863
2018-09-19 14:05:01,043:INFO: [TRAIN] Step: 593 ; Loss: 28.890 ; Acc: 32.884
2018-09-19 14:05:01,122:INFO: [TRAIN] Step: 594 ; Loss: 27.980 ; Acc: 32.899
2018-09-19 14:05:01,203:INFO: [TRAIN] Step: 595 ; Loss: 30.598 ; Acc: 32.928
2018-09-19 14:05:01,279:INFO: [TRAIN] Step: 596 ; Loss: 26.036 ; Acc: 32.970
2018-09-19 14:05:01,362:INFO: [TRAIN] Step: 597 ; Loss: 27.876 ; Acc: 32.992
2018-09-19 14:05:01,436:INFO: [TRAIN] Step: 598 ; Loss: 27.774 ; Acc: 33.041
2018-09-19 14:05:01,516:INFO: [TRAIN] Step: 599 ; Loss: 28.454 ; Acc: 33.042
2018-09-19 14:05:01,593:INFO: [TRAIN] Step: 600 ; Loss: 27.352 ; Acc: 33.049
2018-09-19 14:05:01,675:INFO: [TRAIN] Step: 601 ; Loss: 28.106 ; Acc: 33.077
2018-09-19 14:05:01,751:INFO: [TRAIN] Step: 602 ; Loss: 31.383 ; Acc: 33.091
2018-09-19 14:05:01,831:INFO: [TRAIN] Step: 603 ; Loss: 26.568 ; Acc: 33.133
2018-09-19 14:05:01,905:INFO: [TRAIN] Step: 604 ; Loss: 33.414 ; Acc: 33.134
2018-09-19 14:05:01,985:INFO: [TRAIN] Step: 605 ; Loss: 30.980 ; Acc: 33.113
2018-09-19 14:05:02,061:INFO: [TRAIN] Step: 606 ; Loss: 27.296 ; Acc: 33.141
2018-09-19 14:05:02,144:INFO: [TRAIN] Step: 607 ; Loss: 32.525 ; Acc: 33.148
2018-09-19 14:05:02,219:INFO: [TRAIN] Step: 608 ; Loss: 32.058 ; Acc: 33.149
2018-09-19 14:05:02,301:INFO: [TRAIN] Step: 609 ; Loss: 31.249 ; Acc: 33.142
2018-09-19 14:05:02,375:INFO: [TRAIN] Step: 610 ; Loss: 24.291 ; Acc: 33.183
2018-09-19 14:05:02,456:INFO: [TRAIN] Step: 611 ; Loss: 21.319 ; Acc: 33.211
2018-09-19 14:05:02,533:INFO: [TRAIN] Step: 612 ; Loss: 33.340 ; Acc: 33.225
2018-09-19 14:05:02,613:INFO: [TRAIN] Step: 613 ; Loss: 31.055 ; Acc: 33.211
2018-09-19 14:05:02,690:INFO: [TRAIN] Step: 614 ; Loss: 30.315 ; Acc: 33.205
2018-09-19 14:05:02,771:INFO: [TRAIN] Step: 615 ; Loss: 23.722 ; Acc: 33.225
2018-09-19 14:05:02,846:INFO: [TRAIN] Step: 616 ; Loss: 31.643 ; Acc: 33.225
2018-09-19 14:05:02,926:INFO: [TRAIN] Step: 617 ; Loss: 29.800 ; Acc: 33.225
2018-09-19 14:05:03,003:INFO: [TRAIN] Step: 618 ; Loss: 27.202 ; Acc: 33.246
2018-09-19 14:05:03,085:INFO: [TRAIN] Step: 619 ; Loss: 31.448 ; Acc: 33.273
2018-09-19 14:05:03,161:INFO: [TRAIN] Step: 620 ; Loss: 30.392 ; Acc: 33.280
2018-09-19 14:05:03,243:INFO: [TRAIN] Step: 621 ; Loss: 28.803 ; Acc: 33.280
2018-09-19 14:05:03,319:INFO: [TRAIN] Step: 622 ; Loss: 28.895 ; Acc: 33.293
2018-09-19 14:05:03,399:INFO: [TRAIN] Step: 623 ; Loss: 29.399 ; Acc: 33.300
2018-09-19 14:05:03,475:INFO: [TRAIN] Step: 624 ; Loss: 28.812 ; Acc: 33.280
2018-09-19 14:05:03,557:INFO: [TRAIN] Step: 625 ; Loss: 30.352 ; Acc: 33.280
2018-09-19 14:05:03,636:INFO: [TRAIN] Step: 626 ; Loss: 30.257 ; Acc: 33.293
2018-09-19 14:05:03,721:INFO: [TRAIN] Step: 627 ; Loss: 25.776 ; Acc: 33.307
2018-09-19 14:05:03,796:INFO: [TRAIN] Step: 628 ; Loss: 33.415 ; Acc: 33.300
2018-09-19 14:05:03,877:INFO: [TRAIN] Step: 629 ; Loss: 27.359 ; Acc: 33.287
2018-09-19 14:05:03,954:INFO: [TRAIN] Step: 630 ; Loss: 33.555 ; Acc: 33.294
2018-09-19 14:05:04,040:INFO: [TRAIN] Step: 631 ; Loss: 25.903 ; Acc: 33.300
2018-09-19 14:05:04,115:INFO: [TRAIN] Step: 632 ; Loss: 28.019 ; Acc: 33.307
2018-09-19 14:05:04,196:INFO: [TRAIN] Step: 633 ; Loss: 28.209 ; Acc: 33.327
2018-09-19 14:05:04,271:INFO: [TRAIN] Step: 634 ; Loss: 28.548 ; Acc: 33.340
2018-09-19 14:05:04,355:INFO: [TRAIN] Step: 635 ; Loss: 30.435 ; Acc: 33.346
2018-09-19 14:05:04,431:INFO: [TRAIN] Step: 636 ; Loss: 29.603 ; Acc: 33.340
2018-09-19 14:05:04,513:INFO: [TRAIN] Step: 637 ; Loss: 31.009 ; Acc: 33.353
2018-09-19 14:05:04,591:INFO: [TRAIN] Step: 638 ; Loss: 26.772 ; Acc: 33.346
2018-09-19 14:05:04,674:INFO: [TRAIN] Step: 639 ; Loss: 34.301 ; Acc: 33.340
2018-09-19 14:05:04,750:INFO: [TRAIN] Step: 640 ; Loss: 29.643 ; Acc: 33.327
2018-09-19 14:05:04,836:INFO: [TRAIN] Step: 641 ; Loss: 28.794 ; Acc: 33.320
2018-09-19 14:05:04,916:INFO: [TRAIN] Step: 642 ; Loss: 30.710 ; Acc: 33.327
2018-09-19 14:05:04,998:INFO: [TRAIN] Step: 643 ; Loss: 24.785 ; Acc: 33.346
2018-09-19 14:05:05,074:INFO: [TRAIN] Step: 644 ; Loss: 26.721 ; Acc: 33.353
2018-09-19 14:05:05,157:INFO: [TRAIN] Step: 645 ; Loss: 24.778 ; Acc: 33.359
2018-09-19 14:05:05,234:INFO: [TRAIN] Step: 646 ; Loss: 28.348 ; Acc: 33.359
2018-09-19 14:05:05,322:INFO: [TRAIN] Step: 647 ; Loss: 28.921 ; Acc: 33.346
2018-09-19 14:05:05,398:INFO: [TRAIN] Step: 648 ; Loss: 28.734 ; Acc: 33.359
2018-09-19 14:05:05,482:INFO: [TRAIN] Step: 649 ; Loss: 29.367 ; Acc: 33.372
2018-09-19 14:05:05,560:INFO: [TRAIN] Step: 650 ; Loss: 31.839 ; Acc: 33.397
2018-09-19 14:05:05,643:INFO: [TRAIN] Step: 651 ; Loss: 32.319 ; Acc: 33.404
2018-09-19 14:05:05,719:INFO: [TRAIN] Step: 652 ; Loss: 30.392 ; Acc: 33.397
2018-09-19 14:05:05,804:INFO: [TRAIN] Step: 653 ; Loss: 29.678 ; Acc: 33.384
2018-09-19 14:05:05,883:INFO: [TRAIN] Step: 654 ; Loss: 29.882 ; Acc: 33.410
2018-09-19 14:05:05,969:INFO: [TRAIN] Step: 655 ; Loss: 27.212 ; Acc: 33.422
2018-09-19 14:05:06,048:INFO: [TRAIN] Step: 656 ; Loss: 30.354 ; Acc: 33.422
2018-09-19 14:05:06,135:INFO: [TRAIN] Step: 657 ; Loss: 29.952 ; Acc: 33.441
2018-09-19 14:05:06,216:INFO: [TRAIN] Step: 658 ; Loss: 31.546 ; Acc: 33.441
2018-09-19 14:05:06,301:INFO: [TRAIN] Step: 659 ; Loss: 30.855 ; Acc: 33.460
2018-09-19 14:05:06,378:INFO: [TRAIN] Step: 660 ; Loss: 30.228 ; Acc: 33.466
2018-09-19 14:05:06,464:INFO: [TRAIN] Step: 661 ; Loss: 27.707 ; Acc: 33.472
2018-09-19 14:05:06,544:INFO: [TRAIN] Step: 662 ; Loss: 27.879 ; Acc: 33.478
2018-09-19 14:05:06,627:INFO: [TRAIN] Step: 663 ; Loss: 28.188 ; Acc: 33.496
2018-09-19 14:05:06,705:INFO: [TRAIN] Step: 664 ; Loss: 29.855 ; Acc: 33.484
2018-09-19 14:05:06,789:INFO: [TRAIN] Step: 665 ; Loss: 24.684 ; Acc: 33.515
2018-09-19 14:05:06,870:INFO: [TRAIN] Step: 666 ; Loss: 29.810 ; Acc: 33.508
2018-09-19 14:05:06,954:INFO: [TRAIN] Step: 667 ; Loss: 29.789 ; Acc: 33.508
2018-09-19 14:05:07,031:INFO: [TRAIN] Step: 668 ; Loss: 29.849 ; Acc: 33.520
2018-09-19 14:05:07,118:INFO: [TRAIN] Step: 669 ; Loss: 24.907 ; Acc: 33.551
2018-09-19 14:05:07,198:INFO: [TRAIN] Step: 670 ; Loss: 29.628 ; Acc: 33.569
2018-09-19 14:05:07,286:INFO: [TRAIN] Step: 671 ; Loss: 29.112 ; Acc: 33.581
2018-09-19 14:05:07,364:INFO: [TRAIN] Step: 672 ; Loss: 28.536 ; Acc: 33.581
2018-09-19 14:05:07,452:INFO: [TRAIN] Step: 673 ; Loss: 29.942 ; Acc: 33.587
2018-09-19 14:05:07,530:INFO: [TRAIN] Step: 674 ; Loss: 28.321 ; Acc: 33.593
2018-09-19 14:05:07,613:INFO: [TRAIN] Step: 675 ; Loss: 29.884 ; Acc: 33.598
2018-09-19 14:05:07,694:INFO: [TRAIN] Step: 676 ; Loss: 30.198 ; Acc: 33.598
2018-09-19 14:05:07,781:INFO: [TRAIN] Step: 677 ; Loss: 26.808 ; Acc: 33.598
2018-09-19 14:05:07,865:INFO: [TRAIN] Step: 678 ; Loss: 28.137 ; Acc: 33.609
2018-09-19 14:05:07,954:INFO: [TRAIN] Step: 679 ; Loss: 27.180 ; Acc: 33.621
2018-09-19 14:05:08,034:INFO: [TRAIN] Step: 680 ; Loss: 26.825 ; Acc: 33.621
2018-09-19 14:05:08,118:INFO: [TRAIN] Step: 681 ; Loss: 27.647 ; Acc: 33.639
2018-09-19 14:05:08,196:INFO: [TRAIN] Step: 682 ; Loss: 27.003 ; Acc: 33.663
2018-09-19 14:05:08,282:INFO: [TRAIN] Step: 683 ; Loss: 24.987 ; Acc: 33.705
2018-09-19 14:05:08,368:INFO: [TRAIN] Step: 684 ; Loss: 31.437 ; Acc: 33.692
2018-09-19 14:05:08,454:INFO: [TRAIN] Step: 685 ; Loss: 29.527 ; Acc: 33.710
2018-09-19 14:05:08,534:INFO: [TRAIN] Step: 686 ; Loss: 29.540 ; Acc: 33.703
2018-09-19 14:05:08,621:INFO: [TRAIN] Step: 687 ; Loss: 27.355 ; Acc: 33.691
2018-09-19 14:05:08,700:INFO: [TRAIN] Step: 688 ; Loss: 30.286 ; Acc: 33.690
2018-09-19 14:05:08,786:INFO: [TRAIN] Step: 689 ; Loss: 25.603 ; Acc: 33.720
2018-09-19 14:05:08,866:INFO: [TRAIN] Step: 690 ; Loss: 27.090 ; Acc: 33.743
2018-09-19 14:05:08,952:INFO: [TRAIN] Step: 691 ; Loss: 26.613 ; Acc: 33.767
2018-09-19 14:05:09,033:INFO: [TRAIN] Step: 692 ; Loss: 25.906 ; Acc: 33.766
2018-09-19 14:05:09,121:INFO: [TRAIN] Step: 693 ; Loss: 23.441 ; Acc: 33.814
2018-09-19 14:05:09,203:INFO: [TRAIN] Step: 694 ; Loss: 28.116 ; Acc: 33.843
2018-09-19 14:05:09,292:INFO: [TRAIN] Step: 695 ; Loss: 30.187 ; Acc: 33.854
2018-09-19 14:05:09,376:INFO: [TRAIN] Step: 696 ; Loss: 27.861 ; Acc: 33.865
2018-09-19 14:05:09,465:INFO: [TRAIN] Step: 697 ; Loss: 28.270 ; Acc: 33.853
2018-09-19 14:05:09,544:INFO: [TRAIN] Step: 698 ; Loss: 31.516 ; Acc: 33.834
2018-09-19 14:05:09,631:INFO: [TRAIN] Step: 699 ; Loss: 30.569 ; Acc: 33.839
2018-09-19 14:05:09,714:INFO: [TRAIN] Step: 700 ; Loss: 28.869 ; Acc: 33.839
2018-09-19 14:05:09,802:INFO: [TRAIN] Step: 701 ; Loss: 29.820 ; Acc: 33.856
2018-09-19 14:05:09,886:INFO: [TRAIN] Step: 702 ; Loss: 32.911 ; Acc: 33.861
2018-09-19 14:05:09,974:INFO: [TRAIN] Step: 703 ; Loss: 27.870 ; Acc: 33.890
2018-09-19 14:05:10,060:INFO: [TRAIN] Step: 704 ; Loss: 29.273 ; Acc: 33.895
2018-09-19 14:05:10,151:INFO: [TRAIN] Step: 705 ; Loss: 28.438 ; Acc: 33.894
2018-09-19 14:05:10,235:INFO: [TRAIN] Step: 706 ; Loss: 25.757 ; Acc: 33.923
2018-09-19 14:05:10,325:INFO: [TRAIN] Step: 707 ; Loss: 35.148 ; Acc: 33.922
2018-09-19 14:05:10,409:INFO: [TRAIN] Step: 708 ; Loss: 29.405 ; Acc: 33.927
2018-09-19 14:05:10,498:INFO: [TRAIN] Step: 709 ; Loss: 25.384 ; Acc: 33.973
2018-09-19 14:05:10,581:INFO: [TRAIN] Step: 710 ; Loss: 26.398 ; Acc: 34.007
2018-09-19 14:05:10,670:INFO: [TRAIN] Step: 711 ; Loss: 28.803 ; Acc: 34.024
2018-09-19 14:05:10,754:INFO: [TRAIN] Step: 712 ; Loss: 27.507 ; Acc: 34.040
2018-09-19 14:05:10,843:INFO: [TRAIN] Step: 713 ; Loss: 25.724 ; Acc: 34.063
2018-09-19 14:05:10,931:INFO: [TRAIN] Step: 714 ; Loss: 25.777 ; Acc: 34.103
2018-09-19 14:05:11,022:INFO: [TRAIN] Step: 715 ; Loss: 31.896 ; Acc: 34.096
2018-09-19 14:05:11,108:INFO: [TRAIN] Step: 716 ; Loss: 28.496 ; Acc: 34.095
2018-09-19 14:05:11,196:INFO: [TRAIN] Step: 717 ; Loss: 27.959 ; Acc: 34.123
2018-09-19 14:05:11,281:INFO: [TRAIN] Step: 718 ; Loss: 28.814 ; Acc: 34.139
2018-09-19 14:05:11,371:INFO: [TRAIN] Step: 719 ; Loss: 29.245 ; Acc: 34.149
2018-09-19 14:05:11,460:INFO: [TRAIN] Step: 720 ; Loss: 25.245 ; Acc: 34.154
2018-09-19 14:05:11,550:INFO: [TRAIN] Step: 721 ; Loss: 28.997 ; Acc: 34.147
2018-09-19 14:05:11,634:INFO: [TRAIN] Step: 722 ; Loss: 25.508 ; Acc: 34.169
2018-09-19 14:05:11,728:INFO: [TRAIN] Step: 723 ; Loss: 28.439 ; Acc: 34.179
2018-09-19 14:05:11,811:INFO: [TRAIN] Step: 724 ; Loss: 28.924 ; Acc: 34.195
2018-09-19 14:05:11,902:INFO: [TRAIN] Step: 725 ; Loss: 28.642 ; Acc: 34.200
2018-09-19 14:05:11,990:INFO: [TRAIN] Step: 726 ; Loss: 27.505 ; Acc: 34.210
2018-09-19 14:05:12,081:INFO: [TRAIN] Step: 727 ; Loss: 25.988 ; Acc: 34.215
2018-09-19 14:05:12,175:INFO: [TRAIN] Step: 728 ; Loss: 27.052 ; Acc: 34.231
2018-09-19 14:05:12,269:INFO: [TRAIN] Step: 729 ; Loss: 29.273 ; Acc: 34.229
2018-09-19 14:05:12,358:INFO: [TRAIN] Step: 730 ; Loss: 32.337 ; Acc: 34.228
2018-09-19 14:05:12,451:INFO: [TRAIN] Step: 731 ; Loss: 29.180 ; Acc: 34.216
2018-09-19 14:05:12,538:INFO: [TRAIN] Step: 732 ; Loss: 30.333 ; Acc: 34.220
2018-09-19 14:05:12,630:INFO: [TRAIN] Step: 733 ; Loss: 30.370 ; Acc: 34.230
2018-09-19 14:05:12,720:INFO: [TRAIN] Step: 734 ; Loss: 25.307 ; Acc: 34.240
2018-09-19 14:05:12,812:INFO: [TRAIN] Step: 735 ; Loss: 27.752 ; Acc: 34.239
2018-09-19 14:05:12,898:INFO: [TRAIN] Step: 736 ; Loss: 26.933 ; Acc: 34.266
2018-09-19 14:05:12,990:INFO: [TRAIN] Step: 737 ; Loss: 28.627 ; Acc: 34.276
2018-09-19 14:05:13,077:INFO: [TRAIN] Step: 738 ; Loss: 28.459 ; Acc: 34.292
2018-09-19 14:05:13,168:INFO: [TRAIN] Step: 739 ; Loss: 27.602 ; Acc: 34.285
2018-09-19 14:05:13,257:INFO: [TRAIN] Step: 740 ; Loss: 28.902 ; Acc: 34.278
2018-09-19 14:05:13,353:INFO: [TRAIN] Step: 741 ; Loss: 27.336 ; Acc: 34.299
2018-09-19 14:05:13,441:INFO: [TRAIN] Step: 742 ; Loss: 27.883 ; Acc: 34.292
2018-09-19 14:05:13,533:INFO: [TRAIN] Step: 743 ; Loss: 30.859 ; Acc: 34.291
2018-09-19 14:05:13,625:INFO: [TRAIN] Step: 744 ; Loss: 28.560 ; Acc: 34.323
2018-09-19 14:05:13,723:INFO: [TRAIN] Step: 745 ; Loss: 31.409 ; Acc: 34.311
2018-09-19 14:05:13,813:INFO: [TRAIN] Step: 746 ; Loss: 26.922 ; Acc: 34.315
2018-09-19 14:05:13,912:INFO: [TRAIN] Step: 747 ; Loss: 30.270 ; Acc: 34.308
2018-09-19 14:05:13,998:INFO: [TRAIN] Step: 748 ; Loss: 28.683 ; Acc: 34.307
2018-09-19 14:05:14,100:INFO: [TRAIN] Step: 749 ; Loss: 26.753 ; Acc: 34.317
2018-09-19 14:05:14,191:INFO: [TRAIN] Step: 750 ; Loss: 26.141 ; Acc: 34.321
2018-09-19 14:05:14,287:INFO: [TRAIN] Step: 751 ; Loss: 28.837 ; Acc: 34.331
2018-09-19 14:05:14,376:INFO: [TRAIN] Step: 752 ; Loss: 29.303 ; Acc: 34.329
2018-09-19 14:05:14,473:INFO: [TRAIN] Step: 753 ; Loss: 28.147 ; Acc: 34.323
2018-09-19 14:05:14,561:INFO: [TRAIN] Step: 754 ; Loss: 29.629 ; Acc: 34.321
2018-09-19 14:05:14,660:INFO: [TRAIN] Step: 755 ; Loss: 26.633 ; Acc: 34.342
2018-09-19 14:05:14,753:INFO: [TRAIN] Step: 756 ; Loss: 27.266 ; Acc: 34.374
2018-09-19 14:05:14,849:INFO: [TRAIN] Step: 757 ; Loss: 32.047 ; Acc: 34.356
2018-09-19 14:05:14,940:INFO: [TRAIN] Step: 758 ; Loss: 27.442 ; Acc: 34.365
2018-09-19 14:05:15,040:INFO: [TRAIN] Step: 759 ; Loss: 29.852 ; Acc: 34.359
2018-09-19 14:05:15,132:INFO: [TRAIN] Step: 760 ; Loss: 27.902 ; Acc: 34.341
2018-09-19 14:05:15,232:INFO: [TRAIN] Step: 761 ; Loss: 24.310 ; Acc: 34.356
2018-09-19 14:05:15,324:INFO: [TRAIN] Step: 762 ; Loss: 24.171 ; Acc: 34.404
2018-09-19 14:05:15,420:INFO: [TRAIN] Step: 763 ; Loss: 22.295 ; Acc: 34.424
2018-09-19 14:05:15,512:INFO: [TRAIN] Step: 764 ; Loss: 27.289 ; Acc: 34.444
2018-09-19 14:05:15,607:INFO: [TRAIN] Step: 765 ; Loss: 28.898 ; Acc: 34.459
2018-09-19 14:05:15,702:INFO: [TRAIN] Step: 766 ; Loss: 31.850 ; Acc: 34.485
2018-09-19 14:05:15,798:INFO: [TRAIN] Step: 767 ; Loss: 31.201 ; Acc: 34.478
2018-09-19 14:05:15,888:INFO: [TRAIN] Step: 768 ; Loss: 30.030 ; Acc: 34.477
2018-09-19 14:05:15,986:INFO: [TRAIN] Step: 769 ; Loss: 25.695 ; Acc: 34.486
2018-09-19 14:05:16,075:INFO: [TRAIN] Step: 770 ; Loss: 32.752 ; Acc: 34.463
2018-09-19 14:05:16,176:INFO: [TRAIN] Step: 771 ; Loss: 28.471 ; Acc: 34.494
2018-09-19 14:05:16,271:INFO: [TRAIN] Step: 772 ; Loss: 30.731 ; Acc: 34.465
2018-09-19 14:05:16,372:INFO: [TRAIN] Step: 773 ; Loss: 30.244 ; Acc: 34.464
2018-09-19 14:05:16,468:INFO: [TRAIN] Step: 774 ; Loss: 30.458 ; Acc: 34.468
2018-09-19 14:05:16,567:INFO: [TRAIN] Step: 775 ; Loss: 31.062 ; Acc: 34.466
2018-09-19 14:05:16,657:INFO: [TRAIN] Step: 776 ; Loss: 28.743 ; Acc: 34.481
2018-09-19 14:05:16,757:INFO: [TRAIN] Step: 777 ; Loss: 32.485 ; Acc: 34.485
2018-09-19 14:05:16,858:INFO: [TRAIN] Step: 778 ; Loss: 28.255 ; Acc: 34.478
2018-09-19 14:05:16,955:INFO: [TRAIN] Step: 779 ; Loss: 28.976 ; Acc: 34.482
2018-09-19 14:05:17,049:INFO: [TRAIN] Step: 780 ; Loss: 30.619 ; Acc: 34.496
2018-09-19 14:05:17,151:INFO: [TRAIN] Step: 781 ; Loss: 31.446 ; Acc: 34.516
2018-09-19 14:05:17,241:INFO: [TRAIN] Step: 782 ; Loss: 29.614 ; Acc: 34.531
2018-09-19 14:05:17,342:INFO: [TRAIN] Step: 783 ; Loss: 30.771 ; Acc: 34.529
2018-09-19 14:05:17,438:INFO: [TRAIN] Step: 784 ; Loss: 29.557 ; Acc: 34.522
2018-09-19 14:05:17,541:INFO: [TRAIN] Step: 785 ; Loss: 26.726 ; Acc: 34.505
2018-09-19 14:05:17,642:INFO: [TRAIN] Step: 786 ; Loss: 28.749 ; Acc: 34.525
2018-09-19 14:05:17,747:INFO: [TRAIN] Step: 787 ; Loss: 30.875 ; Acc: 34.528
2018-09-19 14:05:17,838:INFO: [TRAIN] Step: 788 ; Loss: 29.425 ; Acc: 34.522
2018-09-19 14:05:17,938:INFO: [TRAIN] Step: 789 ; Loss: 30.392 ; Acc: 34.520
2018-09-19 14:05:18,034:INFO: [TRAIN] Step: 790 ; Loss: 26.248 ; Acc: 34.529
2018-09-19 14:05:18,137:INFO: [TRAIN] Step: 791 ; Loss: 30.504 ; Acc: 34.517
2018-09-19 14:05:18,234:INFO: [TRAIN] Step: 792 ; Loss: 26.527 ; Acc: 34.521
2018-09-19 14:05:18,340:INFO: [TRAIN] Step: 793 ; Loss: 25.573 ; Acc: 34.540
2018-09-19 14:05:18,431:INFO: [TRAIN] Step: 794 ; Loss: 30.577 ; Acc: 34.544
2018-09-19 14:05:18,532:INFO: [TRAIN] Step: 795 ; Loss: 29.315 ; Acc: 34.532
2018-09-19 14:05:18,627:INFO: [TRAIN] Step: 796 ; Loss: 27.530 ; Acc: 34.541
2018-09-19 14:05:18,724:INFO: [TRAIN] Step: 797 ; Loss: 33.165 ; Acc: 34.539
2018-09-19 14:05:18,818:INFO: [TRAIN] Step: 798 ; Loss: 29.418 ; Acc: 34.533
2018-09-19 14:05:18,919:INFO: [TRAIN] Step: 799 ; Loss: 27.011 ; Acc: 34.531
2018-09-19 14:05:19,015:INFO: [TRAIN] Step: 800 ; Loss: 27.758 ; Acc: 34.545
2018-09-19 14:05:19,115:INFO: [TRAIN] Step: 801 ; Loss: 29.991 ; Acc: 34.539
2018-09-19 14:05:19,209:INFO: [TRAIN] Step: 802 ; Loss: 25.778 ; Acc: 34.573
2018-09-19 14:05:19,309:INFO: [TRAIN] Step: 803 ; Loss: 28.904 ; Acc: 34.593
2018-09-19 14:05:19,403:INFO: [TRAIN] Step: 804 ; Loss: 27.801 ; Acc: 34.612
2018-09-19 14:05:19,499:INFO: [TRAIN] Step: 805 ; Loss: 33.953 ; Acc: 34.615
2018-09-19 14:05:19,594:INFO: [TRAIN] Step: 806 ; Loss: 33.134 ; Acc: 34.619
2018-09-19 14:05:19,693:INFO: [TRAIN] Step: 807 ; Loss: 26.898 ; Acc: 34.633
2018-09-19 14:05:19,785:INFO: [TRAIN] Step: 808 ; Loss: 25.995 ; Acc: 34.647
2018-09-19 14:05:19,884:INFO: [TRAIN] Step: 809 ; Loss: 28.940 ; Acc: 34.655
2018-09-19 14:05:19,978:INFO: [TRAIN] Step: 810 ; Loss: 28.174 ; Acc: 34.674
2018-09-19 14:05:20,079:INFO: [TRAIN] Step: 811 ; Loss: 28.552 ; Acc: 34.673
2018-09-19 14:05:20,174:INFO: [TRAIN] Step: 812 ; Loss: 28.387 ; Acc: 34.656
2018-09-19 14:05:20,272:INFO: [TRAIN] Step: 813 ; Loss: 29.435 ; Acc: 34.664
2018-09-19 14:05:20,363:INFO: [TRAIN] Step: 814 ; Loss: 28.208 ; Acc: 34.673
2018-09-19 14:05:20,461:INFO: [TRAIN] Step: 815 ; Loss: 30.980 ; Acc: 34.656
2018-09-19 14:05:20,553:INFO: [TRAIN] Step: 816 ; Loss: 31.189 ; Acc: 34.664
2018-09-19 14:05:20,649:INFO: [TRAIN] Step: 817 ; Loss: 28.178 ; Acc: 34.658
2018-09-19 14:05:20,743:INFO: [TRAIN] Step: 818 ; Loss: 25.955 ; Acc: 34.661
2018-09-19 14:05:20,843:INFO: [TRAIN] Step: 819 ; Loss: 29.258 ; Acc: 34.665
2018-09-19 14:05:20,937:INFO: [TRAIN] Step: 820 ; Loss: 30.347 ; Acc: 34.663
2018-09-19 14:05:21,032:INFO: [TRAIN] Step: 821 ; Loss: 30.380 ; Acc: 34.656
2018-09-19 14:05:21,127:INFO: [TRAIN] Step: 822 ; Loss: 30.373 ; Acc: 34.655
2018-09-19 14:05:21,228:INFO: [TRAIN] Step: 823 ; Loss: 29.271 ; Acc: 34.643
2018-09-19 14:05:21,323:INFO: [TRAIN] Step: 824 ; Loss: 27.950 ; Acc: 34.631
2018-09-19 14:05:21,422:INFO: [TRAIN] Step: 825 ; Loss: 30.774 ; Acc: 34.625
2018-09-19 14:05:21,513:INFO: [TRAIN] Step: 826 ; Loss: 27.233 ; Acc: 34.628
2018-09-19 14:05:21,614:INFO: [TRAIN] Step: 827 ; Loss: 31.031 ; Acc: 34.632
2018-09-19 14:05:21,712:INFO: [TRAIN] Step: 828 ; Loss: 33.749 ; Acc: 34.625
2018-09-19 14:05:21,812:INFO: [TRAIN] Step: 829 ; Loss: 27.536 ; Acc: 34.634
2018-09-19 14:05:21,906:INFO: [TRAIN] Step: 830 ; Loss: 27.099 ; Acc: 34.627
2018-09-19 14:05:22,006:INFO: [TRAIN] Step: 831 ; Loss: 27.422 ; Acc: 34.640
2018-09-19 14:05:22,096:INFO: [TRAIN] Step: 832 ; Loss: 29.770 ; Acc: 34.644
2018-09-19 14:05:22,195:INFO: [TRAIN] Step: 833 ; Loss: 28.462 ; Acc: 34.637
2018-09-19 14:05:22,291:INFO: [TRAIN] Step: 834 ; Loss: 32.485 ; Acc: 34.651
2018-09-19 14:05:22,393:INFO: [TRAIN] Step: 835 ; Loss: 26.585 ; Acc: 34.644
2018-09-19 14:05:22,492:INFO: [TRAIN] Step: 836 ; Loss: 28.968 ; Acc: 34.638
2018-09-19 14:05:22,590:INFO: [TRAIN] Step: 837 ; Loss: 30.369 ; Acc: 34.651
2018-09-19 14:05:22,685:INFO: [TRAIN] Step: 838 ; Loss: 30.301 ; Acc: 34.664
2018-09-19 14:05:22,785:INFO: [TRAIN] Step: 839 ; Loss: 28.241 ; Acc: 34.683
2018-09-19 14:05:22,879:INFO: [TRAIN] Step: 840 ; Loss: 29.628 ; Acc: 34.691
2018-09-19 14:05:22,976:INFO: [TRAIN] Step: 841 ; Loss: 29.427 ; Acc: 34.704
2018-09-19 14:05:23,071:INFO: [TRAIN] Step: 842 ; Loss: 28.318 ; Acc: 34.712
2018-09-19 14:05:23,168:INFO: [TRAIN] Step: 843 ; Loss: 29.075 ; Acc: 34.706
2018-09-19 14:05:23,263:INFO: [TRAIN] Step: 844 ; Loss: 31.947 ; Acc: 34.709
2018-09-19 14:05:23,359:INFO: [TRAIN] Step: 845 ; Loss: 26.555 ; Acc: 34.722
2018-09-19 14:05:23,452:INFO: [TRAIN] Step: 846 ; Loss: 26.732 ; Acc: 34.735
2018-09-19 14:05:23,552:INFO: [TRAIN] Step: 847 ; Loss: 30.923 ; Acc: 34.748
2018-09-19 14:05:23,648:INFO: [TRAIN] Step: 848 ; Loss: 31.698 ; Acc: 34.752
2018-09-19 14:05:23,746:INFO: [TRAIN] Step: 849 ; Loss: 23.251 ; Acc: 34.765
2018-09-19 14:05:23,840:INFO: [TRAIN] Step: 850 ; Loss: 28.723 ; Acc: 34.763
2018-09-19 14:05:23,941:INFO: [TRAIN] Step: 851 ; Loss: 38.047 ; Acc: 34.752
2018-09-19 14:05:24,036:INFO: [TRAIN] Step: 852 ; Loss: 29.191 ; Acc: 34.750
2018-09-19 14:05:24,140:INFO: [TRAIN] Step: 853 ; Loss: 27.141 ; Acc: 34.748
2018-09-19 14:05:24,234:INFO: [TRAIN] Step: 854 ; Loss: 25.342 ; Acc: 34.766
2018-09-19 14:05:24,334:INFO: [TRAIN] Step: 855 ; Loss: 27.818 ; Acc: 34.764
2018-09-19 14:05:24,429:INFO: [TRAIN] Step: 856 ; Loss: 29.654 ; Acc: 34.743
2018-09-19 14:05:24,525:INFO: [TRAIN] Step: 857 ; Loss: 27.974 ; Acc: 34.747
2018-09-19 14:05:24,618:INFO: [TRAIN] Step: 858 ; Loss: 28.475 ; Acc: 34.740
2018-09-19 14:05:24,718:INFO: [TRAIN] Step: 859 ; Loss: 24.635 ; Acc: 34.743
2018-09-19 14:05:24,811:INFO: [TRAIN] Step: 860 ; Loss: 32.706 ; Acc: 34.722
2018-09-19 14:05:24,910:INFO: [TRAIN] Step: 861 ; Loss: 33.032 ; Acc: 34.725
2018-09-19 14:05:25,000:INFO: [TRAIN] Step: 862 ; Loss: 28.523 ; Acc: 34.719
2018-09-19 14:05:25,100:INFO: [TRAIN] Step: 863 ; Loss: 27.420 ; Acc: 34.732
2018-09-19 14:05:25,193:INFO: [TRAIN] Step: 864 ; Loss: 29.225 ; Acc: 34.725
2018-09-19 14:05:25,293:INFO: [TRAIN] Step: 865 ; Loss: 25.492 ; Acc: 34.724
2018-09-19 14:05:25,385:INFO: [TRAIN] Step: 866 ; Loss: 29.237 ; Acc: 34.741
2018-09-19 14:05:25,485:INFO: [TRAIN] Step: 867 ; Loss: 26.102 ; Acc: 34.745
2018-09-19 14:05:25,578:INFO: [TRAIN] Step: 868 ; Loss: 26.682 ; Acc: 34.753
2018-09-19 14:05:25,677:INFO: [TRAIN] Step: 869 ; Loss: 29.749 ; Acc: 34.761
2018-09-19 14:05:25,769:INFO: [TRAIN] Step: 870 ; Loss: 29.854 ; Acc: 34.764
2018-09-19 14:05:25,870:INFO: [TRAIN] Step: 871 ; Loss: 29.386 ; Acc: 34.767
2018-09-19 14:05:25,963:INFO: [TRAIN] Step: 872 ; Loss: 33.239 ; Acc: 34.751
2018-09-19 14:05:26,062:INFO: [TRAIN] Step: 873 ; Loss: 27.134 ; Acc: 34.768
2018-09-19 14:05:26,151:INFO: [TRAIN] Step: 874 ; Loss: 30.857 ; Acc: 34.752
2018-09-19 14:05:26,247:INFO: [TRAIN] Step: 875 ; Loss: 27.863 ; Acc: 34.760
2018-09-19 14:05:26,340:INFO: [TRAIN] Step: 876 ; Loss: 28.739 ; Acc: 34.749
2018-09-19 14:05:26,437:INFO: [TRAIN] Step: 877 ; Loss: 30.256 ; Acc: 34.757
2018-09-19 14:05:26,532:INFO: [TRAIN] Step: 878 ; Loss: 32.161 ; Acc: 34.741
2018-09-19 14:05:26,628:INFO: [TRAIN] Step: 879 ; Loss: 26.001 ; Acc: 34.744
2018-09-19 14:05:26,721:INFO: [TRAIN] Step: 880 ; Loss: 30.755 ; Acc: 34.743
2018-09-19 14:05:26,815:INFO: [TRAIN] Step: 881 ; Loss: 31.735 ; Acc: 34.727
2018-09-19 14:05:26,909:INFO: [TRAIN] Step: 882 ; Loss: 26.082 ; Acc: 34.735
2018-09-19 14:05:27,007:INFO: [TRAIN] Step: 883 ; Loss: 25.330 ; Acc: 34.752
2018-09-19 14:05:27,097:INFO: [TRAIN] Step: 884 ; Loss: 26.856 ; Acc: 34.760
2018-09-19 14:05:27,192:INFO: [TRAIN] Step: 885 ; Loss: 24.877 ; Acc: 34.786
2018-09-19 14:05:27,285:INFO: [TRAIN] Step: 886 ; Loss: 27.350 ; Acc: 34.799
2018-09-19 14:05:27,380:INFO: [TRAIN] Step: 887 ; Loss: 28.426 ; Acc: 34.811
2018-09-19 14:05:27,474:INFO: [TRAIN] Step: 888 ; Loss: 29.001 ; Acc: 34.819
2018-09-19 14:05:27,573:INFO: [TRAIN] Step: 889 ; Loss: 29.673 ; Acc: 34.822
2018-09-19 14:05:27,663:INFO: [TRAIN] Step: 890 ; Loss: 27.005 ; Acc: 34.816
2018-09-19 14:05:27,765:INFO: [TRAIN] Step: 891 ; Loss: 27.157 ; Acc: 34.823
2018-09-19 14:05:27,855:INFO: [TRAIN] Step: 892 ; Loss: 29.333 ; Acc: 34.831
2018-09-19 14:05:27,953:INFO: [TRAIN] Step: 893 ; Loss: 29.079 ; Acc: 34.843
2018-09-19 14:05:28,046:INFO: [TRAIN] Step: 894 ; Loss: 32.217 ; Acc: 34.832
2018-09-19 14:05:28,143:INFO: [TRAIN] Step: 895 ; Loss: 28.259 ; Acc: 34.854
2018-09-19 14:05:28,234:INFO: [TRAIN] Step: 896 ; Loss: 29.978 ; Acc: 34.848
2018-09-19 14:05:28,329:INFO: [TRAIN] Step: 897 ; Loss: 32.497 ; Acc: 34.837
2018-09-19 14:05:28,420:INFO: [TRAIN] Step: 898 ; Loss: 28.833 ; Acc: 34.854
2018-09-19 14:05:28,519:INFO: [TRAIN] Step: 899 ; Loss: 26.491 ; Acc: 34.880
2018-09-19 14:05:28,609:INFO: [TRAIN] Step: 900 ; Loss: 24.626 ; Acc: 34.873
2018-09-19 14:05:28,713:INFO: [TRAIN] Step: 901 ; Loss: 27.456 ; Acc: 34.890
2018-09-19 14:05:28,802:INFO: [TRAIN] Step: 902 ; Loss: 27.984 ; Acc: 34.884
2018-09-19 14:05:28,898:INFO: [TRAIN] Step: 903 ; Loss: 29.213 ; Acc: 34.882
2018-09-19 14:05:28,986:INFO: [TRAIN] Step: 904 ; Loss: 27.965 ; Acc: 34.876
2018-09-19 14:05:29,083:INFO: [TRAIN] Step: 905 ; Loss: 28.828 ; Acc: 34.892
2018-09-19 14:05:29,174:INFO: [TRAIN] Step: 906 ; Loss: 28.599 ; Acc: 34.891
2018-09-19 14:05:29,274:INFO: [TRAIN] Step: 907 ; Loss: 35.033 ; Acc: 34.866
2018-09-19 14:05:29,365:INFO: [TRAIN] Step: 908 ; Loss: 34.551 ; Acc: 34.846
2018-09-19 14:05:29,459:INFO: [TRAIN] Step: 909 ; Loss: 28.914 ; Acc: 34.844
2018-09-19 14:05:29,552:INFO: [TRAIN] Step: 910 ; Loss: 29.090 ; Acc: 34.861
2018-09-19 14:05:29,650:INFO: [TRAIN] Step: 911 ; Loss: 28.144 ; Acc: 34.887
2018-09-19 14:05:29,741:INFO: [TRAIN] Step: 912 ; Loss: 28.514 ; Acc: 34.890
2018-09-19 14:05:29,836:INFO: [TRAIN] Step: 913 ; Loss: 26.297 ; Acc: 34.911
2018-09-19 14:05:29,923:INFO: [TRAIN] Step: 914 ; Loss: 24.989 ; Acc: 34.927
2018-09-19 14:05:30,019:INFO: [TRAIN] Step: 915 ; Loss: 26.082 ; Acc: 34.934
2018-09-19 14:05:30,111:INFO: [TRAIN] Step: 916 ; Loss: 27.447 ; Acc: 34.951
2018-09-19 14:05:30,210:INFO: [TRAIN] Step: 917 ; Loss: 32.288 ; Acc: 34.954
2018-09-19 14:05:30,298:INFO: [TRAIN] Step: 918 ; Loss: 29.097 ; Acc: 34.961
2018-09-19 14:05:30,393:INFO: [TRAIN] Step: 919 ; Loss: 29.500 ; Acc: 34.959
2018-09-19 14:05:30,483:INFO: [TRAIN] Step: 920 ; Loss: 26.510 ; Acc: 34.980
2018-09-19 14:05:30,579:INFO: [TRAIN] Step: 921 ; Loss: 26.352 ; Acc: 34.969
2018-09-19 14:05:30,667:INFO: [TRAIN] Step: 922 ; Loss: 31.902 ; Acc: 34.954
2018-09-19 14:05:30,764:INFO: [TRAIN] Step: 923 ; Loss: 31.211 ; Acc: 34.948
2018-09-19 14:05:30,852:INFO: [TRAIN] Step: 924 ; Loss: 29.776 ; Acc: 34.937
2018-09-19 14:05:30,947:INFO: [TRAIN] Step: 925 ; Loss: 25.456 ; Acc: 34.953
2018-09-19 14:05:31,033:INFO: [TRAIN] Step: 926 ; Loss: 20.688 ; Acc: 34.974
2018-09-19 14:05:31,129:INFO: [TRAIN] Step: 927 ; Loss: 26.562 ; Acc: 34.981
2018-09-19 14:05:31,217:INFO: [TRAIN] Step: 928 ; Loss: 24.448 ; Acc: 34.997
2018-09-19 14:05:31,314:INFO: [TRAIN] Step: 929 ; Loss: 28.630 ; Acc: 35.018
2018-09-19 14:05:31,400:INFO: [TRAIN] Step: 930 ; Loss: 27.504 ; Acc: 35.034
2018-09-19 14:05:31,494:INFO: [TRAIN] Step: 931 ; Loss: 28.635 ; Acc: 35.041
2018-09-19 14:05:31,581:INFO: [TRAIN] Step: 932 ; Loss: 24.921 ; Acc: 35.053
2018-09-19 14:05:31,673:INFO: [TRAIN] Step: 933 ; Loss: 27.178 ; Acc: 35.055
2018-09-19 14:05:31,760:INFO: [TRAIN] Step: 934 ; Loss: 33.776 ; Acc: 35.062
2018-09-19 14:05:31,868:INFO: [TRAIN] Step: 935 ; Loss: 31.738 ; Acc: 35.065
2018-09-19 14:05:31,975:INFO: [TRAIN] Step: 936 ; Loss: 28.976 ; Acc: 35.068
2018-09-19 14:05:32,068:INFO: [TRAIN] Step: 937 ; Loss: 30.905 ; Acc: 35.057
2018-09-19 14:05:32,154:INFO: [TRAIN] Step: 938 ; Loss: 27.469 ; Acc: 35.055
2018-09-19 14:05:32,246:INFO: [TRAIN] Step: 939 ; Loss: 25.837 ; Acc: 35.071
2018-09-19 14:05:32,335:INFO: [TRAIN] Step: 940 ; Loss: 25.218 ; Acc: 35.087
2018-09-19 14:05:32,436:INFO: [TRAIN] Step: 941 ; Loss: 32.444 ; Acc: 35.094
2018-09-19 14:05:32,523:INFO: [TRAIN] Step: 942 ; Loss: 25.863 ; Acc: 35.101
2018-09-19 14:05:32,614:INFO: [TRAIN] Step: 943 ; Loss: 26.182 ; Acc: 35.117
2018-09-19 14:05:32,700:INFO: [TRAIN] Step: 944 ; Loss: 29.163 ; Acc: 35.110
2018-09-19 14:05:32,798:INFO: [TRAIN] Step: 945 ; Loss: 27.308 ; Acc: 35.117
2018-09-19 14:05:32,885:INFO: [TRAIN] Step: 946 ; Loss: 24.822 ; Acc: 35.133
2018-09-19 14:05:32,981:INFO: [TRAIN] Step: 947 ; Loss: 26.632 ; Acc: 35.157
2018-09-19 14:05:33,070:INFO: [TRAIN] Step: 948 ; Loss: 27.673 ; Acc: 35.173
2018-09-19 14:05:33,164:INFO: [TRAIN] Step: 949 ; Loss: 28.914 ; Acc: 35.175
2018-09-19 14:05:33,252:INFO: [TRAIN] Step: 950 ; Loss: 25.294 ; Acc: 35.178
2018-09-19 14:05:33,349:INFO: [TRAIN] Step: 951 ; Loss: 31.115 ; Acc: 35.176
2018-09-19 14:05:33,440:INFO: [TRAIN] Step: 952 ; Loss: 24.500 ; Acc: 35.192
2018-09-19 14:05:33,532:INFO: [TRAIN] Step: 953 ; Loss: 24.466 ; Acc: 35.220
2018-09-19 14:05:33,618:INFO: [TRAIN] Step: 954 ; Loss: 30.254 ; Acc: 35.218
2018-09-19 14:05:33,710:INFO: [TRAIN] Step: 955 ; Loss: 30.255 ; Acc: 35.216
2018-09-19 14:05:33,796:INFO: [TRAIN] Step: 956 ; Loss: 30.493 ; Acc: 35.219
2018-09-19 14:05:33,888:INFO: [TRAIN] Step: 957 ; Loss: 31.617 ; Acc: 35.217
2018-09-19 14:05:33,978:INFO: [TRAIN] Step: 958 ; Loss: 32.124 ; Acc: 35.215
2018-09-19 14:05:34,072:INFO: [TRAIN] Step: 959 ; Loss: 27.625 ; Acc: 35.243
2018-09-19 14:05:34,160:INFO: [TRAIN] Step: 960 ; Loss: 33.825 ; Acc: 35.224
2018-09-19 14:05:34,253:INFO: [TRAIN] Step: 961 ; Loss: 27.855 ; Acc: 35.217
2018-09-19 14:05:34,342:INFO: [TRAIN] Step: 962 ; Loss: 23.811 ; Acc: 35.224
2018-09-19 14:05:34,433:INFO: [TRAIN] Step: 963 ; Loss: 30.063 ; Acc: 35.222
2018-09-19 14:05:34,524:INFO: [TRAIN] Step: 964 ; Loss: 29.003 ; Acc: 35.225
2018-09-19 14:05:34,617:INFO: [TRAIN] Step: 965 ; Loss: 24.208 ; Acc: 35.223
2018-09-19 14:05:34,705:INFO: [TRAIN] Step: 966 ; Loss: 26.578 ; Acc: 35.234
2018-09-19 14:05:34,797:INFO: [TRAIN] Step: 967 ; Loss: 27.594 ; Acc: 35.266
2018-09-19 14:05:34,882:INFO: [TRAIN] Step: 968 ; Loss: 28.748 ; Acc: 35.277
2018-09-19 14:05:34,975:INFO: [TRAIN] Step: 969 ; Loss: 31.019 ; Acc: 35.279
2018-09-19 14:05:35,063:INFO: [TRAIN] Step: 970 ; Loss: 27.724 ; Acc: 35.299
2018-09-19 14:05:35,159:INFO: [TRAIN] Step: 971 ; Loss: 27.786 ; Acc: 35.322
2018-09-19 14:05:35,243:INFO: [TRAIN] Step: 972 ; Loss: 28.991 ; Acc: 35.320
2018-09-19 14:05:35,335:INFO: [TRAIN] Step: 973 ; Loss: 30.367 ; Acc: 35.331
2018-09-19 14:05:35,424:INFO: [TRAIN] Step: 974 ; Loss: 29.830 ; Acc: 35.325
2018-09-19 14:05:35,519:INFO: [TRAIN] Step: 975 ; Loss: 25.448 ; Acc: 35.353
2018-09-19 14:05:35,606:INFO: [TRAIN] Step: 976 ; Loss: 29.769 ; Acc: 35.355
2018-09-19 14:05:35,697:INFO: [TRAIN] Step: 977 ; Loss: 26.089 ; Acc: 35.361
2018-09-19 14:05:35,784:INFO: [TRAIN] Step: 978 ; Loss: 25.169 ; Acc: 35.376
2018-09-19 14:05:35,878:INFO: [TRAIN] Step: 979 ; Loss: 27.855 ; Acc: 35.383
2018-09-19 14:05:35,967:INFO: [TRAIN] Step: 980 ; Loss: 30.375 ; Acc: 35.376
2018-09-19 14:05:36,061:INFO: [TRAIN] Step: 981 ; Loss: 24.841 ; Acc: 35.391
2018-09-19 14:05:36,149:INFO: [TRAIN] Step: 982 ; Loss: 26.867 ; Acc: 35.402
2018-09-19 14:05:36,242:INFO: [TRAIN] Step: 983 ; Loss: 27.374 ; Acc: 35.408
2018-09-19 14:05:36,327:INFO: [TRAIN] Step: 984 ; Loss: 29.509 ; Acc: 35.385
2018-09-19 14:05:36,420:INFO: [TRAIN] Step: 985 ; Loss: 30.465 ; Acc: 35.379
2018-09-19 14:05:36,506:INFO: [TRAIN] Step: 986 ; Loss: 23.381 ; Acc: 35.377
2018-09-19 14:05:36,598:INFO: [TRAIN] Step: 987 ; Loss: 27.615 ; Acc: 35.383
2018-09-19 14:05:36,684:INFO: [TRAIN] Step: 988 ; Loss: 28.047 ; Acc: 35.393
2018-09-19 14:05:36,775:INFO: [TRAIN] Step: 989 ; Loss: 27.702 ; Acc: 35.387
2018-09-19 14:05:36,864:INFO: [TRAIN] Step: 990 ; Loss: 28.812 ; Acc: 35.381
2018-09-19 14:05:36,955:INFO: [TRAIN] Step: 991 ; Loss: 24.988 ; Acc: 35.400
2018-09-19 14:05:37,041:INFO: [TRAIN] Step: 992 ; Loss: 30.226 ; Acc: 35.402
2018-09-19 14:05:37,132:INFO: [TRAIN] Step: 993 ; Loss: 28.075 ; Acc: 35.400
2018-09-19 14:05:37,216:INFO: [TRAIN] Step: 994 ; Loss: 28.496 ; Acc: 35.415
2018-09-19 14:05:37,308:INFO: [TRAIN] Step: 995 ; Loss: 26.465 ; Acc: 35.438
2018-09-19 14:05:37,392:INFO: [TRAIN] Step: 996 ; Loss: 25.491 ; Acc: 35.456
2018-09-19 14:05:37,485:INFO: [TRAIN] Step: 997 ; Loss: 28.379 ; Acc: 35.471
2018-09-19 14:05:37,572:INFO: [TRAIN] Step: 998 ; Loss: 32.016 ; Acc: 35.473
2018-09-19 14:05:37,679:INFO: [TRAIN] Step: 999 ; Loss: 27.989 ; Acc: 35.479
2018-09-19 14:05:37,765:INFO: [TRAIN] Step: 1000 ; Loss: 34.380 ; Acc: 35.477
2018-09-19 14:05:37,858:INFO: [TRAIN] Step: 1001 ; Loss: 26.440 ; Acc: 35.492
2018-09-19 14:05:37,946:INFO: [TRAIN] Step: 1002 ; Loss: 24.536 ; Acc: 35.510
2018-09-19 14:05:38,037:INFO: [TRAIN] Step: 1003 ; Loss: 28.480 ; Acc: 35.512
2018-09-19 14:05:38,124:INFO: [TRAIN] Step: 1004 ; Loss: 25.629 ; Acc: 35.527
2018-09-19 14:05:38,219:INFO: [TRAIN] Step: 1005 ; Loss: 25.826 ; Acc: 35.553
2018-09-19 14:05:38,307:INFO: [TRAIN] Step: 1006 ; Loss: 32.734 ; Acc: 35.559
2018-09-19 14:05:38,399:INFO: [TRAIN] Step: 1007 ; Loss: 30.652 ; Acc: 35.557
2018-09-19 14:05:38,487:INFO: [TRAIN] Step: 1008 ; Loss: 26.331 ; Acc: 35.547
2018-09-19 14:05:38,578:INFO: [TRAIN] Step: 1009 ; Loss: 27.069 ; Acc: 35.578
2018-09-19 14:05:38,665:INFO: [TRAIN] Step: 1010 ; Loss: 31.634 ; Acc: 35.584
2018-09-19 14:05:38,760:INFO: [TRAIN] Step: 1011 ; Loss: 28.242 ; Acc: 35.569
2018-09-19 14:05:38,846:INFO: [TRAIN] Step: 1012 ; Loss: 23.864 ; Acc: 35.575
2018-09-19 14:05:38,941:INFO: [TRAIN] Step: 1013 ; Loss: 27.817 ; Acc: 35.597
2018-09-19 14:05:39,030:INFO: [TRAIN] Step: 1014 ; Loss: 26.810 ; Acc: 35.620
2018-09-19 14:05:39,124:INFO: [TRAIN] Step: 1015 ; Loss: 29.747 ; Acc: 35.626
2018-09-19 14:05:39,209:INFO: [TRAIN] Step: 1016 ; Loss: 27.116 ; Acc: 35.640
2018-09-19 14:05:39,302:INFO: [TRAIN] Step: 1017 ; Loss: 31.278 ; Acc: 35.642
2018-09-19 14:05:39,388:INFO: [TRAIN] Step: 1018 ; Loss: 25.419 ; Acc: 35.644
2018-09-19 14:05:39,479:INFO: [TRAIN] Step: 1019 ; Loss: 30.840 ; Acc: 35.654
2018-09-19 14:05:39,564:INFO: [TRAIN] Step: 1020 ; Loss: 26.880 ; Acc: 35.664
2018-09-19 14:05:39,657:INFO: [TRAIN] Step: 1021 ; Loss: 29.789 ; Acc: 35.674
2018-09-19 14:05:39,743:INFO: [TRAIN] Step: 1022 ; Loss: 31.470 ; Acc: 35.675
2018-09-19 14:05:39,835:INFO: [TRAIN] Step: 1023 ; Loss: 28.004 ; Acc: 35.685
2018-09-19 14:05:39,923:INFO: [TRAIN] Step: 1024 ; Loss: 26.690 ; Acc: 35.691
2018-09-19 14:05:40,015:INFO: [TRAIN] Step: 1025 ; Loss: 30.482 ; Acc: 35.681
2018-09-19 14:05:40,104:INFO: [TRAIN] Step: 1026 ; Loss: 25.302 ; Acc: 35.695
2018-09-19 14:05:40,196:INFO: [TRAIN] Step: 1027 ; Loss: 30.932 ; Acc: 35.688
2018-09-19 14:05:40,284:INFO: [TRAIN] Step: 1028 ; Loss: 29.604 ; Acc: 35.694
2018-09-19 14:05:40,379:INFO: [TRAIN] Step: 1029 ; Loss: 33.663 ; Acc: 35.700
2018-09-19 14:05:40,465:INFO: [TRAIN] Step: 1030 ; Loss: 30.145 ; Acc: 35.702
2018-09-19 14:05:40,557:INFO: [TRAIN] Step: 1031 ; Loss: 24.184 ; Acc: 35.711
2018-09-19 14:05:40,643:INFO: [TRAIN] Step: 1032 ; Loss: 33.241 ; Acc: 35.717
2018-09-19 14:05:40,739:INFO: [TRAIN] Step: 1033 ; Loss: 30.920 ; Acc: 35.711
2018-09-19 14:05:40,826:INFO: [TRAIN] Step: 1034 ; Loss: 28.476 ; Acc: 35.721
2018-09-19 14:05:40,918:INFO: [TRAIN] Step: 1035 ; Loss: 32.767 ; Acc: 35.706
2018-09-19 14:05:41,005:INFO: [TRAIN] Step: 1036 ; Loss: 27.217 ; Acc: 35.708
2018-09-19 14:05:41,095:INFO: [TRAIN] Step: 1037 ; Loss: 25.289 ; Acc: 35.722
2018-09-19 14:05:41,184:INFO: [TRAIN] Step: 1038 ; Loss: 26.983 ; Acc: 35.719
2018-09-19 14:05:41,275:INFO: [TRAIN] Step: 1039 ; Loss: 26.300 ; Acc: 35.717
2018-09-19 14:05:41,361:INFO: [TRAIN] Step: 1040 ; Loss: 32.337 ; Acc: 35.727
2018-09-19 14:05:41,453:INFO: [TRAIN] Step: 1041 ; Loss: 28.968 ; Acc: 35.713
2018-09-19 14:05:41,542:INFO: [TRAIN] Step: 1042 ; Loss: 32.503 ; Acc: 35.718
2018-09-19 14:05:41,637:INFO: [TRAIN] Step: 1043 ; Loss: 25.389 ; Acc: 35.732
2018-09-19 14:05:41,728:INFO: [TRAIN] Step: 1044 ; Loss: 28.477 ; Acc: 35.738
2018-09-19 14:05:41,824:INFO: [TRAIN] Step: 1045 ; Loss: 27.632 ; Acc: 35.743
2018-09-19 14:05:41,911:INFO: [TRAIN] Step: 1046 ; Loss: 34.514 ; Acc: 35.725
2018-09-19 14:05:42,004:INFO: [TRAIN] Step: 1047 ; Loss: 27.210 ; Acc: 35.735
2018-09-19 14:05:42,093:INFO: [TRAIN] Step: 1048 ; Loss: 26.968 ; Acc: 35.744
2018-09-19 14:05:42,186:INFO: [TRAIN] Step: 1049 ; Loss: 27.735 ; Acc: 35.746
2018-09-19 14:05:42,274:INFO: [TRAIN] Step: 1050 ; Loss: 26.853 ; Acc: 35.740
2018-09-19 14:05:42,370:INFO: [TRAIN] Step: 1051 ; Loss: 27.972 ; Acc: 35.749
2018-09-19 14:05:42,459:INFO: [TRAIN] Step: 1052 ; Loss: 25.846 ; Acc: 35.763
2018-09-19 14:05:42,555:INFO: [TRAIN] Step: 1053 ; Loss: 26.369 ; Acc: 35.776
2018-09-19 14:05:42,642:INFO: [TRAIN] Step: 1054 ; Loss: 25.602 ; Acc: 35.786
2018-09-19 14:05:42,739:INFO: [TRAIN] Step: 1055 ; Loss: 25.489 ; Acc: 35.792
2018-09-19 14:05:42,828:INFO: [TRAIN] Step: 1056 ; Loss: 31.842 ; Acc: 35.785
2018-09-19 14:05:42,923:INFO: [TRAIN] Step: 1057 ; Loss: 28.125 ; Acc: 35.783
2018-09-19 14:05:43,008:INFO: [TRAIN] Step: 1058 ; Loss: 28.251 ; Acc: 35.785
2018-09-19 14:05:43,105:INFO: [TRAIN] Step: 1059 ; Loss: 30.483 ; Acc: 35.778
2018-09-19 14:05:43,191:INFO: [TRAIN] Step: 1060 ; Loss: 29.148 ; Acc: 35.768
2018-09-19 14:05:43,290:INFO: [TRAIN] Step: 1061 ; Loss: 28.361 ; Acc: 35.762
2018-09-19 14:05:43,378:INFO: [TRAIN] Step: 1062 ; Loss: 30.509 ; Acc: 35.771
2018-09-19 14:05:43,473:INFO: [TRAIN] Step: 1063 ; Loss: 28.983 ; Acc: 35.781
2018-09-19 14:05:43,558:INFO: [TRAIN] Step: 1064 ; Loss: 28.655 ; Acc: 35.771
2018-09-19 14:05:43,653:INFO: [TRAIN] Step: 1065 ; Loss: 27.174 ; Acc: 35.776
2018-09-19 14:05:43,738:INFO: [TRAIN] Step: 1066 ; Loss: 27.869 ; Acc: 35.762
2018-09-19 14:05:43,833:INFO: [TRAIN] Step: 1067 ; Loss: 26.348 ; Acc: 35.772
2018-09-19 14:05:43,919:INFO: [TRAIN] Step: 1068 ; Loss: 29.294 ; Acc: 35.785
2018-09-19 14:05:44,013:INFO: [TRAIN] Step: 1069 ; Loss: 27.663 ; Acc: 35.810
2018-09-19 14:05:44,099:INFO: [TRAIN] Step: 1070 ; Loss: 28.452 ; Acc: 35.819
2018-09-19 14:05:44,196:INFO: [TRAIN] Step: 1071 ; Loss: 25.338 ; Acc: 35.852
2018-09-19 14:05:44,285:INFO: [TRAIN] Step: 1072 ; Loss: 27.158 ; Acc: 35.854
2018-09-19 14:05:44,379:INFO: [TRAIN] Step: 1073 ; Loss: 32.522 ; Acc: 35.859
2018-09-19 14:05:44,469:INFO: [TRAIN] Step: 1074 ; Loss: 30.166 ; Acc: 35.857
2018-09-19 14:05:44,560:INFO: [TRAIN] Step: 1075 ; Loss: 29.260 ; Acc: 35.858
2018-09-19 14:05:44,647:INFO: [TRAIN] Step: 1076 ; Loss: 28.396 ; Acc: 35.875
2018-09-19 14:05:44,738:INFO: [TRAIN] Step: 1077 ; Loss: 29.677 ; Acc: 35.857
2018-09-19 14:05:44,827:INFO: [TRAIN] Step: 1078 ; Loss: 29.982 ; Acc: 35.874
2018-09-19 14:05:44,918:INFO: [TRAIN] Step: 1079 ; Loss: 24.918 ; Acc: 35.883
2018-09-19 14:05:45,005:INFO: [TRAIN] Step: 1080 ; Loss: 27.141 ; Acc: 35.893
2018-09-19 14:05:45,101:INFO: [TRAIN] Step: 1081 ; Loss: 28.782 ; Acc: 35.890
2018-09-19 14:05:45,186:INFO: [TRAIN] Step: 1082 ; Loss: 27.202 ; Acc: 35.900
2018-09-19 14:05:45,281:INFO: [TRAIN] Step: 1083 ; Loss: 25.311 ; Acc: 35.901
2018-09-19 14:05:45,366:INFO: [TRAIN] Step: 1084 ; Loss: 26.206 ; Acc: 35.918
2018-09-19 14:05:45,461:INFO: [TRAIN] Step: 1085 ; Loss: 30.026 ; Acc: 35.915
2018-09-19 14:05:45,549:INFO: [TRAIN] Step: 1086 ; Loss: 24.165 ; Acc: 35.921
2018-09-19 14:05:45,643:INFO: [TRAIN] Step: 1087 ; Loss: 29.231 ; Acc: 35.934
2018-09-19 14:05:45,733:INFO: [TRAIN] Step: 1088 ; Loss: 25.958 ; Acc: 35.939
2018-09-19 14:05:45,828:INFO: [TRAIN] Step: 1089 ; Loss: 30.185 ; Acc: 35.933
2018-09-19 14:05:45,914:INFO: [TRAIN] Step: 1090 ; Loss: 28.216 ; Acc: 35.930
2018-09-19 14:05:46,008:INFO: [TRAIN] Step: 1091 ; Loss: 26.962 ; Acc: 35.955
2018-09-19 14:05:46,095:INFO: [TRAIN] Step: 1092 ; Loss: 27.364 ; Acc: 35.964
2018-09-19 14:05:46,189:INFO: [TRAIN] Step: 1093 ; Loss: 31.419 ; Acc: 35.969
2018-09-19 14:05:46,277:INFO: [TRAIN] Step: 1094 ; Loss: 30.325 ; Acc: 35.974
2018-09-19 14:05:46,369:INFO: [TRAIN] Step: 1095 ; Loss: 24.798 ; Acc: 35.991
2018-09-19 14:05:46,459:INFO: [TRAIN] Step: 1096 ; Loss: 27.244 ; Acc: 35.988
2018-09-19 14:05:46,551:INFO: [TRAIN] Step: 1097 ; Loss: 26.574 ; Acc: 36.012
2018-09-19 14:05:46,637:INFO: [TRAIN] Step: 1098 ; Loss: 25.313 ; Acc: 36.010
2018-09-19 14:05:46,730:INFO: [TRAIN] Step: 1099 ; Loss: 29.377 ; Acc: 36.004
2018-09-19 14:05:46,815:INFO: [TRAIN] Step: 1100 ; Loss: 26.724 ; Acc: 36.017
2018-09-19 14:05:46,912:INFO: [TRAIN] Step: 1101 ; Loss: 30.160 ; Acc: 36.014
2018-09-19 14:05:46,998:INFO: [TRAIN] Step: 1102 ; Loss: 26.280 ; Acc: 36.019
2018-09-19 14:05:47,102:INFO: [TRAIN] Step: 1103 ; Loss: 24.124 ; Acc: 36.043
2018-09-19 14:05:47,188:INFO: [TRAIN] Step: 1104 ; Loss: 24.965 ; Acc: 36.044
2018-09-19 14:05:47,280:INFO: [TRAIN] Step: 1105 ; Loss: 27.375 ; Acc: 36.050
2018-09-19 14:05:47,368:INFO: [TRAIN] Step: 1106 ; Loss: 27.319 ; Acc: 36.055
2018-09-19 14:05:47,465:INFO: [TRAIN] Step: 1107 ; Loss: 25.778 ; Acc: 36.079
2018-09-19 14:05:47,553:INFO: [TRAIN] Step: 1108 ; Loss: 26.786 ; Acc: 36.084
2018-09-19 14:05:47,652:INFO: [TRAIN] Step: 1109 ; Loss: 26.084 ; Acc: 36.089
2018-09-19 14:05:47,743:INFO: [TRAIN] Step: 1110 ; Loss: 26.856 ; Acc: 36.094
2018-09-19 14:05:47,835:INFO: [TRAIN] Step: 1111 ; Loss: 29.508 ; Acc: 36.114
2018-09-19 14:05:47,925:INFO: [TRAIN] Step: 1112 ; Loss: 31.018 ; Acc: 36.122
2018-09-19 14:05:48,019:INFO: [TRAIN] Step: 1113 ; Loss: 29.201 ; Acc: 36.131
2018-09-19 14:05:48,105:INFO: [TRAIN] Step: 1114 ; Loss: 27.539 ; Acc: 36.143
2018-09-19 14:05:48,197:INFO: [TRAIN] Step: 1115 ; Loss: 30.742 ; Acc: 36.137
2018-09-19 14:05:48,284:INFO: [TRAIN] Step: 1116 ; Loss: 26.165 ; Acc: 36.127
2018-09-19 14:05:48,376:INFO: [TRAIN] Step: 1117 ; Loss: 31.088 ; Acc: 36.136
2018-09-19 14:05:48,462:INFO: [TRAIN] Step: 1118 ; Loss: 26.939 ; Acc: 36.145
2018-09-19 14:05:48,552:INFO: [TRAIN] Step: 1119 ; Loss: 26.438 ; Acc: 36.150
2018-09-19 14:05:48,639:INFO: [TRAIN] Step: 1120 ; Loss: 28.915 ; Acc: 36.147
2018-09-19 14:05:48,733:INFO: [TRAIN] Step: 1121 ; Loss: 25.526 ; Acc: 36.152
2018-09-19 14:05:48,817:INFO: [TRAIN] Step: 1122 ; Loss: 26.740 ; Acc: 36.175
2018-09-19 14:05:48,910:INFO: [TRAIN] Step: 1123 ; Loss: 26.410 ; Acc: 36.180
2018-09-19 14:05:48,995:INFO: [TRAIN] Step: 1124 ; Loss: 29.405 ; Acc: 36.189
2018-09-19 14:05:49,091:INFO: [TRAIN] Step: 1125 ; Loss: 25.475 ; Acc: 36.190
2018-09-19 14:05:49,177:INFO: [TRAIN] Step: 1126 ; Loss: 26.781 ; Acc: 36.206
2018-09-19 14:05:49,269:INFO: [TRAIN] Step: 1127 ; Loss: 28.111 ; Acc: 36.211
2018-09-19 14:05:49,355:INFO: [TRAIN] Step: 1128 ; Loss: 29.130 ; Acc: 36.223
2018-09-19 14:05:49,449:INFO: [TRAIN] Step: 1129 ; Loss: 26.384 ; Acc: 36.235
2018-09-19 14:05:49,535:INFO: [TRAIN] Step: 1130 ; Loss: 31.110 ; Acc: 36.236
2018-09-19 14:05:49,629:INFO: [TRAIN] Step: 1131 ; Loss: 28.747 ; Acc: 36.241
2018-09-19 14:05:49,715:INFO: [TRAIN] Step: 1132 ; Loss: 29.431 ; Acc: 36.250
2018-09-19 14:05:49,807:INFO: [TRAIN] Step: 1133 ; Loss: 25.209 ; Acc: 36.265
2018-09-19 14:05:49,893:INFO: [TRAIN] Step: 1134 ; Loss: 26.927 ; Acc: 36.267
2018-09-19 14:05:49,988:INFO: [TRAIN] Step: 1135 ; Loss: 27.031 ; Acc: 36.264
2018-09-19 14:05:50,073:INFO: [TRAIN] Step: 1136 ; Loss: 27.937 ; Acc: 36.265
2018-09-19 14:05:50,164:INFO: [TRAIN] Step: 1137 ; Loss: 28.663 ; Acc: 36.262
2018-09-19 14:05:50,251:INFO: [TRAIN] Step: 1138 ; Loss: 32.118 ; Acc: 36.264
2018-09-19 14:05:50,347:INFO: [TRAIN] Step: 1139 ; Loss: 27.768 ; Acc: 36.272
2018-09-19 14:05:50,431:INFO: [TRAIN] Step: 1140 ; Loss: 27.480 ; Acc: 36.266
2018-09-19 14:05:50,523:INFO: [TRAIN] Step: 1141 ; Loss: 29.141 ; Acc: 36.263
2018-09-19 14:05:50,607:INFO: [TRAIN] Step: 1142 ; Loss: 30.491 ; Acc: 36.264
2018-09-19 14:05:50,701:INFO: [TRAIN] Step: 1143 ; Loss: 27.400 ; Acc: 36.273
2018-09-19 14:05:50,789:INFO: [TRAIN] Step: 1144 ; Loss: 28.560 ; Acc: 36.270
2018-09-19 14:05:50,883:INFO: [TRAIN] Step: 1145 ; Loss: 33.856 ; Acc: 36.264
2018-09-19 14:05:50,968:INFO: [TRAIN] Step: 1146 ; Loss: 30.482 ; Acc: 36.269
2018-09-19 14:05:51,061:INFO: [TRAIN] Step: 1147 ; Loss: 25.395 ; Acc: 36.284
2018-09-19 14:05:51,148:INFO: [TRAIN] Step: 1148 ; Loss: 30.553 ; Acc: 36.282
2018-09-19 14:05:51,242:INFO: [TRAIN] Step: 1149 ; Loss: 28.316 ; Acc: 36.286
2018-09-19 14:05:51,330:INFO: [TRAIN] Step: 1150 ; Loss: 30.562 ; Acc: 36.284
2018-09-19 14:05:51,425:INFO: [TRAIN] Step: 1151 ; Loss: 27.322 ; Acc: 36.292
2018-09-19 14:05:51,510:INFO: [TRAIN] Step: 1152 ; Loss: 31.902 ; Acc: 36.297
2018-09-19 14:05:51,600:INFO: [TRAIN] Step: 1153 ; Loss: 27.538 ; Acc: 36.294
2018-09-19 14:05:51,685:INFO: [TRAIN] Step: 1154 ; Loss: 26.486 ; Acc: 36.277
2018-09-19 14:05:51,779:INFO: [TRAIN] Step: 1155 ; Loss: 24.080 ; Acc: 36.289
2018-09-19 14:05:51,866:INFO: [TRAIN] Step: 1156 ; Loss: 28.432 ; Acc: 36.290
2018-09-19 14:05:51,958:INFO: [TRAIN] Step: 1157 ; Loss: 29.192 ; Acc: 36.284
2018-09-19 14:05:52,043:INFO: [TRAIN] Step: 1158 ; Loss: 23.861 ; Acc: 36.306
2018-09-19 14:05:52,137:INFO: [TRAIN] Step: 1159 ; Loss: 30.708 ; Acc: 36.297
2018-09-19 14:05:52,225:INFO: [TRAIN] Step: 1160 ; Loss: 28.785 ; Acc: 36.291
2018-09-19 14:05:52,316:INFO: [TRAIN] Step: 1161 ; Loss: 28.924 ; Acc: 36.288
2018-09-19 14:05:52,405:INFO: [TRAIN] Step: 1162 ; Loss: 29.800 ; Acc: 36.282
2018-09-19 14:05:52,498:INFO: [TRAIN] Step: 1163 ; Loss: 25.351 ; Acc: 36.294
2018-09-19 14:05:52,584:INFO: [TRAIN] Step: 1164 ; Loss: 30.659 ; Acc: 36.288
2018-09-19 14:05:52,680:INFO: [TRAIN] Step: 1165 ; Loss: 26.560 ; Acc: 36.292
2018-09-19 14:05:52,769:INFO: [TRAIN] Step: 1166 ; Loss: 26.930 ; Acc: 36.293
2018-09-19 14:05:52,863:INFO: [TRAIN] Step: 1167 ; Loss: 31.025 ; Acc: 36.284
2018-09-19 14:05:52,949:INFO: [TRAIN] Step: 1168 ; Loss: 29.290 ; Acc: 36.274
2018-09-19 14:05:53,040:INFO: [TRAIN] Step: 1169 ; Loss: 29.731 ; Acc: 36.278
2018-09-19 14:05:53,127:INFO: [TRAIN] Step: 1170 ; Loss: 28.107 ; Acc: 36.290
2018-09-19 14:05:53,221:INFO: [TRAIN] Step: 1171 ; Loss: 30.200 ; Acc: 36.298
2018-09-19 14:05:53,307:INFO: [TRAIN] Step: 1172 ; Loss: 25.913 ; Acc: 36.306
2018-09-19 14:05:53,397:INFO: [TRAIN] Step: 1173 ; Loss: 28.758 ; Acc: 36.322
2018-09-19 14:05:53,482:INFO: [TRAIN] Step: 1174 ; Loss: 26.508 ; Acc: 36.323
2018-09-19 14:05:53,573:INFO: [TRAIN] Step: 1175 ; Loss: 29.694 ; Acc: 36.320
2018-09-19 14:05:53,663:INFO: [TRAIN] Step: 1176 ; Loss: 27.055 ; Acc: 36.321
2018-09-19 14:05:53,755:INFO: [TRAIN] Step: 1177 ; Loss: 27.494 ; Acc: 36.319
2018-09-19 14:05:53,841:INFO: [TRAIN] Step: 1178 ; Loss: 27.821 ; Acc: 36.327
2018-09-19 14:05:53,936:INFO: [TRAIN] Step: 1179 ; Loss: 23.232 ; Acc: 36.335
2018-09-19 14:05:54,023:INFO: [TRAIN] Step: 1180 ; Loss: 29.724 ; Acc: 36.332
2018-09-19 14:05:54,115:INFO: [TRAIN] Step: 1181 ; Loss: 29.290 ; Acc: 36.326
2018-09-19 14:05:54,202:INFO: [TRAIN] Step: 1182 ; Loss: 28.494 ; Acc: 36.334
2018-09-19 14:05:54,294:INFO: [TRAIN] Step: 1183 ; Loss: 27.178 ; Acc: 36.346
2018-09-19 14:05:54,384:INFO: [TRAIN] Step: 1184 ; Loss: 29.663 ; Acc: 36.354
2018-09-19 14:05:54,479:INFO: [TRAIN] Step: 1185 ; Loss: 28.087 ; Acc: 36.351
2018-09-19 14:05:54,567:INFO: [TRAIN] Step: 1186 ; Loss: 28.331 ; Acc: 36.356
2018-09-19 14:05:54,660:INFO: [TRAIN] Step: 1187 ; Loss: 30.578 ; Acc: 36.364
2018-09-19 14:05:54,748:INFO: [TRAIN] Step: 1188 ; Loss: 32.685 ; Acc: 36.375
2018-09-19 14:05:54,842:INFO: [TRAIN] Step: 1189 ; Loss: 28.333 ; Acc: 36.383
2018-09-19 14:05:59,981:INFO: [EVAL] Step: 1190 ; Loss: 0.295 ; Acc: 0.419
